<?xml version="1.0" encoding="UTF-8"?>
<testsuites name="New Registration" time="8150" tests="7" failures="6" errors="0">
   <testsuite name="New Registration" tests="7" failures="6" errors="0" time="8150" timestamp="2018-12-13 12:42:59" hostname="Admin - Win7Test02" id="Test Suites/Workflow/New Registration">
      <properties>
         <property name="deviceName" value=""/>
         <property name="devicePlatform" value=""/>
         <property name="logFolder" value="C:\\Users\\Admin\\Desktop\\PKS\\Perkeso Phase A\\Reports\\Workflow\\New Registration\\20181213_103053"/>
         <property name="logFiles" value="C:\\Users\\Admin\\Desktop\\PKS\\Perkeso Phase A\\Reports\\Workflow\\New Registration\\20181213_103053\\execution0.log, C:\\Users\\Admin\\Desktop\\PKS\\Perkeso Phase A\\Reports\\Workflow\\New Registration\\20181213_103053\\execution1.log, C:\\Users\\Admin\\Desktop\\PKS\\Perkeso Phase A\\Reports\\Workflow\\New Registration\\20181213_103053\\execution2.log"/>
         <property name="attachments" value="C:\\Users\\Admin\\Desktop\\PKS\\Perkeso Phase A\\Reports\\Workflow\\New Registration\\20181213_103053\\1544677016165.png, C:\\Users\\Admin\\Desktop\\PKS\\Perkeso Phase A\\Reports\\Workflow\\New Registration\\20181213_103053\\1544677056736.png, C:\\Users\\Admin\\Desktop\\PKS\\Perkeso Phase A\\Reports\\Workflow\\New Registration\\20181213_103053\\1544677107865.png, C:\\Users\\Admin\\Desktop\\PKS\\Perkeso Phase A\\Reports\\Workflow\\New Registration\\20181213_103053\\1544677141402.png, C:\\Users\\Admin\\Desktop\\PKS\\Perkeso Phase A\\Reports\\Workflow\\New Registration\\20181213_103053\\1544677174249.png, C:\\Users\\Admin\\Desktop\\PKS\\Perkeso Phase A\\Reports\\Workflow\\New Registration\\20181213_103053\\1544677207652.png, C:\\Users\\Admin\\Desktop\\PKS\\Perkeso Phase A\\Reports\\Workflow\\New Registration\\20181213_103053\\1544677240981.png, C:\\Users\\Admin\\Desktop\\PKS\\Perkeso Phase A\\Reports\\Workflow\\New Registration\\20181213_103053\\1544677274160.png, C:\\Users\\Admin\\Desktop\\PKS\\Perkeso Phase A\\Reports\\Workflow\\New Registration\\20181213_103053\\1544677305562.png, C:\\Users\\Admin\\Desktop\\PKS\\Perkeso Phase A\\Reports\\Workflow\\New Registration\\20181213_103053\\1544677337157.png, C:\\Users\\Admin\\Desktop\\PKS\\Perkeso Phase A\\Reports\\Workflow\\New Registration\\20181213_103053\\1544677371692.png, C:\\Users\\Admin\\Desktop\\PKS\\Perkeso Phase A\\Reports\\Workflow\\New Registration\\20181213_103053\\1544677404618.png, C:\\Users\\Admin\\Desktop\\PKS\\Perkeso Phase A\\Reports\\Workflow\\New Registration\\20181213_103053\\1544677544848.png, C:\\Users\\Admin\\Desktop\\PKS\\Perkeso Phase A\\Reports\\Workflow\\New Registration\\20181213_103053\\1544677579097.png, C:\\Users\\Admin\\Desktop\\PKS\\Perkeso Phase A\\Reports\\Workflow\\New Registration\\20181213_103053\\1544677639706.png, C:\\Users\\Admin\\Desktop\\PKS\\Perkeso Phase A\\Reports\\Workflow\\New Registration\\20181213_103053\\1544678506059.png, C:\\Users\\Admin\\Desktop\\PKS\\Perkeso Phase A\\Reports\\Workflow\\New Registration\\20181213_103053\\1544678546398.png, C:\\Users\\Admin\\Desktop\\PKS\\Perkeso Phase A\\Reports\\Workflow\\New Registration\\20181213_103053\\1544678597478.png, C:\\Users\\Admin\\Desktop\\PKS\\Perkeso Phase A\\Reports\\Workflow\\New Registration\\20181213_103053\\1544678630882.png, C:\\Users\\Admin\\Desktop\\PKS\\Perkeso Phase A\\Reports\\Workflow\\New Registration\\20181213_103053\\1544678663617.png, C:\\Users\\Admin\\Desktop\\PKS\\Perkeso Phase A\\Reports\\Workflow\\New Registration\\20181213_103053\\1544678697047.png, C:\\Users\\Admin\\Desktop\\PKS\\Perkeso Phase A\\Reports\\Workflow\\New Registration\\20181213_103053\\1544678730414.png, C:\\Users\\Admin\\Desktop\\PKS\\Perkeso Phase A\\Reports\\Workflow\\New Registration\\20181213_103053\\1544678765565.png, C:\\Users\\Admin\\Desktop\\PKS\\Perkeso Phase A\\Reports\\Workflow\\New Registration\\20181213_103053\\1544678796920.png, C:\\Users\\Admin\\Desktop\\PKS\\Perkeso Phase A\\Reports\\Workflow\\New Registration\\20181213_103053\\1544678830554.png, C:\\Users\\Admin\\Desktop\\PKS\\Perkeso Phase A\\Reports\\Workflow\\New Registration\\20181213_103053\\1544678865191.png, C:\\Users\\Admin\\Desktop\\PKS\\Perkeso Phase A\\Reports\\Workflow\\New Registration\\20181213_103053\\1544678898010.png, C:\\Users\\Admin\\Desktop\\PKS\\Perkeso Phase A\\Reports\\Workflow\\New Registration\\20181213_103053\\1544679034415.png, C:\\Users\\Admin\\Desktop\\PKS\\Perkeso Phase A\\Reports\\Workflow\\New Registration\\20181213_103053\\1544679068635.png, C:\\Users\\Admin\\Desktop\\PKS\\Perkeso Phase A\\Reports\\Workflow\\New Registration\\20181213_103053\\1544679449465.png, C:\\Users\\Admin\\Desktop\\PKS\\Perkeso Phase A\\Reports\\Workflow\\New Registration\\20181213_103053\\1544682560405.png, C:\\Users\\Admin\\Desktop\\PKS\\Perkeso Phase A\\Reports\\Workflow\\New Registration\\20181213_103053\\1544682618891.png, C:\\Users\\Admin\\Desktop\\PKS\\Perkeso Phase A\\Reports\\Workflow\\New Registration\\20181213_103053\\1544682652153.png, C:\\Users\\Admin\\Desktop\\PKS\\Perkeso Phase A\\Reports\\Workflow\\New Registration\\20181213_103053\\1544682684810.png, C:\\Users\\Admin\\Desktop\\PKS\\Perkeso Phase A\\Reports\\Workflow\\New Registration\\20181213_103053\\1544682718096.png, C:\\Users\\Admin\\Desktop\\PKS\\Perkeso Phase A\\Reports\\Workflow\\New Registration\\20181213_103053\\1544682751312.png, C:\\Users\\Admin\\Desktop\\PKS\\Perkeso Phase A\\Reports\\Workflow\\New Registration\\20181213_103053\\1544682784427.png, C:\\Users\\Admin\\Desktop\\PKS\\Perkeso Phase A\\Reports\\Workflow\\New Registration\\20181213_103053\\1544682817804.png, C:\\Users\\Admin\\Desktop\\PKS\\Perkeso Phase A\\Reports\\Workflow\\New Registration\\20181213_103053\\1544682851359.png, C:\\Users\\Admin\\Desktop\\PKS\\Perkeso Phase A\\Reports\\Workflow\\New Registration\\20181213_103053\\1544682887794.png, C:\\Users\\Admin\\Desktop\\PKS\\Perkeso Phase A\\Reports\\Workflow\\New Registration\\20181213_103053\\1544682922593.png, C:\\Users\\Admin\\Desktop\\PKS\\Perkeso Phase A\\Reports\\Workflow\\New Registration\\20181213_103053\\1544683056692.png, C:\\Users\\Admin\\Desktop\\PKS\\Perkeso Phase A\\Reports\\Workflow\\New Registration\\20181213_103053\\1544683090910.png, C:\\Users\\Admin\\Desktop\\PKS\\Perkeso Phase A\\Reports\\Workflow\\New Registration\\20181213_103053\\1544683620508.png"/>
         <property name="hostName" value="Admin - Win7Test02"/>
         <property name="os" value="Windows 7 64bit"/>
         <property name="katalonVersion" value="5.8.6.1"/>
         <property name="browser" value="Chrome 70.0.3538.110"/>
         <property name="hostAddress" value="10.20.3.72"/>
         <property name="sessionId" value="5a7931235033d8396a659e1c1a26ff71"/>
         <property name="seleniumVersion" value="3.7.1"/>
         <property name="proxyInformation" value="ProxyInformation{proxyOption=NO_PROXY, proxyServerType=HTTP, password=, proxyServerAddress=, proxyServerPort=0}"/>
         <property name="platform" value="Windows 7"/>
      </properties>
      <testcase name="Test Cases/Final Aug 2018 - PKS Automation/Registration Module/Workflow/New Registration - OTC to PKRBO (Incomplete)" classname="Test Cases/Final Aug 2018 - PKS Automation/Registration Module/Workflow/New Registration - OTC to PKRBO (Incomplete)" status="PASSED">
         <system-out><![CDATA[2018-12-13 12:42:59 - [TEST_CASE][PASSED] - Test Cases/Final Aug 2018 - PKS Automation/Registration Module/Workflow/New Registration - OTC to PKRBO (Incomplete): Test Cases/Final Aug 2018 - PKS Automation/Registration Module/Workflow/New Registration - OTC to PKRBO (Incomplete)

2018-12-13 12:43:00 - [TEST_STEP][PASSED] - callTestCase: Call Test Case 'Test Cases/Final Aug 2018 - PKS Automation/Registration Module/New Registration/Form 1/Form 1 - Corporation - BHD' successfully

2018-12-13 12:43:00 - [TEST_CASE][PASSED] - Test Cases/Final Aug 2018 - PKS Automation/Registration Module/New Registration/Form 1/Form 1 - Corporation - BHD: Test Cases/Final Aug 2018 - PKS Automation/Registration Module/New Registration/Form 1/Form 1 - Corporation - BHD

2018-12-13 12:43:01 - [TEST_STEP][PASSED] - openBrowser: Browser is opened with url: ''

2018-12-13 12:43:06 - [MESSAGE][PASSED] - Browser is opened with url: ''

2018-12-13 12:43:06 - [TEST_STEP][PASSED] - navigateToUrl: Navigate to 'https://assist2-uat.perkeso.gov.my/login' successfully

2018-12-13 12:43:07 - [MESSAGE][PASSED] - Navigate to 'https://assist2-uat.perkeso.gov.my/login' successfully

2018-12-13 12:43:07 - [TEST_STEP][PASSED] - setText: Text 'johorotc1@gmail.com' is set on object 'Object Repository/Final Object Repo/Login Page/Internal User/Email Address'

2018-12-13 12:43:07 - [MESSAGE][PASSED] - Text 'johorotc1@gmail.com' is set on object 'Object Repository/Final Object Repo/Login Page/Internal User/Email Address'

2018-12-13 12:43:07 - [TEST_STEP][PASSED] - click: Object: 'Object Repository/Final Object Repo/Login Page/Internal User/Next Button' is clicked on

2018-12-13 12:43:07 - [MESSAGE][PASSED] - Object: 'Object Repository/Final Object Repo/Login Page/Internal User/Next Button' is clicked on

2018-12-13 12:43:07 - [TEST_STEP][PASSED] - delay: Delayed 1 second(s)

2018-12-13 12:43:08 - [MESSAGE][PASSED] - Delayed 1 second(s)

2018-12-13 12:43:08 - [TEST_STEP][PASSED] - setEncryptedText: Text ****** has been set on object 'Object Repository/Final Object Repo/Login Page/Internal User/Password'

2018-12-13 12:43:09 - [MESSAGE][PASSED] - Text ****** has been set on object 'Object Repository/Final Object Repo/Login Page/Internal User/Password'

2018-12-13 12:43:09 - [TEST_STEP][PASSED] - click: Object: 'Object Repository/Final Object Repo/Login Page/Internal User/Login Button' is clicked on

2018-12-13 12:43:09 - [MESSAGE][PASSED] - Object: 'Object Repository/Final Object Repo/Login Page/Internal User/Login Button' is clicked on

2018-12-13 12:43:09 - [TEST_STEP][PASSED] - delay: Delayed 1 second(s)

2018-12-13 12:43:10 - [MESSAGE][PASSED] - Delayed 1 second(s)

2018-12-13 12:43:10 - [TEST_STEP][PASSED] - Statement - Try: Delayed 2 second(s)

2018-12-13 12:43:10 - [TEST_STEP][PASSED] - Statement - Checker = false: null

2018-12-13 12:43:10 - [TEST_STEP][PASSED] - Statement - Checker = com.kms.katalon.core.webui.keyword.WebUiBuiltInKeywords.verifyElementHasAttribute(com.kms.katalon.core.testobject.ObjectRepository.findTestObject(Final Object Repo/Landing Page/BM Detecting), "href", 20, OPTIONAL): Object 'Object Repository/Final Object Repo/Landing Page/BM Detecting' has attribute 'href'

2018-12-13 12:43:11 - [MESSAGE][PASSED] - Object 'Object Repository/Final Object Repo/Landing Page/BM Detecting' has attribute 'href'

2018-12-13 12:43:11 - [TEST_STEP][PASSED] - Statement - out.println(Checker): null

2018-12-13 12:43:11 - [TEST_STEP][PASSED] - Statement - If (Checker == false): null

2018-12-13 12:43:11 - [TEST_STEP][PASSED] - Statement - Else: null

2018-12-13 12:43:11 - [TEST_STEP][PASSED] - delay: Delayed 2 second(s)

2018-12-13 12:43:13 - [MESSAGE][PASSED] - Delayed 2 second(s)

2018-12-13 12:43:13 - [TEST_STEP][PASSED] - navigateToUrl: Navigate to 'https://assist2-uat.perkeso.gov.my/web/registration/registration' successfully

2018-12-13 12:43:15 - [MESSAGE][PASSED] - Navigate to 'https://assist2-uat.perkeso.gov.my/web/registration/registration' successfully

2018-12-13 12:43:15 - [TEST_STEP][PASSED] - click: Object: 'Object Repository/Final Object Repo/New Registration - Registration Module Pages/Form 1/AEC - No' is clicked on

2018-12-13 12:43:15 - [MESSAGE][PASSED] - Object: 'Object Repository/Final Object Repo/New Registration - Registration Module Pages/Form 1/AEC - No' is clicked on

2018-12-13 12:43:15 - [TEST_STEP][PASSED] - click: Object: 'Object Repository/Final Object Repo/New Registration - Registration Module Pages/Form 1/Business Entity' is clicked on

2018-12-13 12:43:15 - [MESSAGE][PASSED] - Object: 'Object Repository/Final Object Repo/New Registration - Registration Module Pages/Form 1/Business Entity' is clicked on

2018-12-13 12:43:15 - [TEST_STEP][PASSED] - click: Object: 'Object Repository/Final Object Repo/New Registration - Registration Module Pages/Form 1/Businees Entity - Corporation' is clicked on

2018-12-13 12:43:15 - [MESSAGE][PASSED] - Object: 'Object Repository/Final Object Repo/New Registration - Registration Module Pages/Form 1/Businees Entity - Corporation' is clicked on

2018-12-13 12:43:15 - [TEST_STEP][PASSED] - delay: Delayed 1 second(s)

2018-12-13 12:43:16 - [MESSAGE][PASSED] - Delayed 1 second(s)

2018-12-13 12:43:16 - [TEST_STEP][PASSED] - click: Object: 'Object Repository/Final Object Repo/New Registration - Registration Module Pages/Form 1/Sub Business Entity' is clicked on

2018-12-13 12:43:16 - [MESSAGE][PASSED] - Object: 'Object Repository/Final Object Repo/New Registration - Registration Module Pages/Form 1/Sub Business Entity' is clicked on

2018-12-13 12:43:16 - [TEST_STEP][PASSED] - click: Object: 'Object Repository/Final Object Repo/New Registration - Registration Module Pages/Form 1/Sub Business Entity - Berhad' is clicked on

2018-12-13 12:43:17 - [MESSAGE][PASSED] - Object: 'Object Repository/Final Object Repo/New Registration - Registration Module Pages/Form 1/Sub Business Entity - Berhad' is clicked on

2018-12-13 12:43:17 - [TEST_STEP][PASSED] - delay: Delayed 1 second(s)

2018-12-13 12:43:18 - [MESSAGE][PASSED] - Delayed 1 second(s)

2018-12-13 12:43:18 - [TEST_STEP][PASSED] - setText: Text '123' is set on object 'Object Repository/Final Object Repo/New Registration - Registration Module Pages/Form 1/Registration Number'

2018-12-13 12:43:18 - [MESSAGE][PASSED] - Text '123' is set on object 'Object Repository/Final Object Repo/New Registration - Registration Module Pages/Form 1/Registration Number'

2018-12-13 12:43:18 - [TEST_STEP][PASSED] - click: Object: 'Object Repository/Final Object Repo/New Registration - Registration Module Pages/Form 1/Registred with SSM - Before Feb' is clicked on

2018-12-13 12:43:18 - [MESSAGE][PASSED] - Object: 'Object Repository/Final Object Repo/New Registration - Registration Module Pages/Form 1/Registred with SSM - Before Feb' is clicked on

2018-12-13 12:43:18 - [TEST_STEP][PASSED] - click: Object: 'Object Repository/Final Object Repo/New Registration - Registration Module Pages/Form 1/Registered As a Branch - Yes' is clicked on

2018-12-13 12:43:18 - [MESSAGE][PASSED] - Object: 'Object Repository/Final Object Repo/New Registration - Registration Module Pages/Form 1/Registered As a Branch - Yes' is clicked on

2018-12-13 12:43:18 - [TEST_STEP][PASSED] - click: Object: 'Object Repository/Final Object Repo/New Registration - Registration Module Pages/Form 1/Acknowledgement' is clicked on

2018-12-13 12:43:18 - [MESSAGE][PASSED] - Object: 'Object Repository/Final Object Repo/New Registration - Registration Module Pages/Form 1/Acknowledgement' is clicked on

2018-12-13 12:43:18 - [TEST_STEP][PASSED] - setText: Text 'perkeso' is set on object 'Object Repository/Final Object Repo/New Registration - Registration Module Pages/Form 1/Industry name'

2018-12-13 12:43:19 - [MESSAGE][PASSED] - Text 'perkeso' is set on object 'Object Repository/Final Object Repo/New Registration - Registration Module Pages/Form 1/Industry name'

2018-12-13 12:43:19 - [TEST_STEP][PASSED] - setText: Text 'perkeso1' is set on object 'Object Repository/Final Object Repo/New Registration - Registration Module Pages/Form 1/Postal Address1'

2018-12-13 12:43:19 - [MESSAGE][PASSED] - Text 'perkeso1' is set on object 'Object Repository/Final Object Repo/New Registration - Registration Module Pages/Form 1/Postal Address1'

2018-12-13 12:43:19 - [TEST_STEP][PASSED] - setText: Text 'perkeso2' is set on object 'Object Repository/Final Object Repo/New Registration - Registration Module Pages/Form 1/Postal Address2'

2018-12-13 12:43:19 - [MESSAGE][PASSED] - Text 'perkeso2' is set on object 'Object Repository/Final Object Repo/New Registration - Registration Module Pages/Form 1/Postal Address2'

2018-12-13 12:43:19 - [TEST_STEP][PASSED] - setText: Text 'perkeso3' is set on object 'Object Repository/Final Object Repo/New Registration - Registration Module Pages/Form 1/Postal Address3'

2018-12-13 12:43:20 - [MESSAGE][PASSED] - Text 'perkeso3' is set on object 'Object Repository/Final Object Repo/New Registration - Registration Module Pages/Form 1/Postal Address3'

2018-12-13 12:43:20 - [TEST_STEP][PASSED] - click: Object: 'Object Repository/Final Object Repo/New Registration - Registration Module Pages/Form 1/State' is clicked on

2018-12-13 12:43:20 - [MESSAGE][PASSED] - Object: 'Object Repository/Final Object Repo/New Registration - Registration Module Pages/Form 1/State' is clicked on

2018-12-13 12:43:20 - [TEST_STEP][PASSED] - click: Object: 'Object Repository/Final Object Repo/New Registration - Registration Module Pages/Form 1/State - Johor' is clicked on

2018-12-13 12:43:20 - [MESSAGE][PASSED] - Object: 'Object Repository/Final Object Repo/New Registration - Registration Module Pages/Form 1/State - Johor' is clicked on

2018-12-13 12:43:20 - [TEST_STEP][PASSED] - delay: Delayed 1 second(s)

2018-12-13 12:43:21 - [MESSAGE][PASSED] - Delayed 1 second(s)

2018-12-13 12:43:21 - [TEST_STEP][PASSED] - click: Object: 'Object Repository/Final Object Repo/New Registration - Registration Module Pages/Form 1/City' is clicked on

2018-12-13 12:43:21 - [MESSAGE][PASSED] - Object: 'Object Repository/Final Object Repo/New Registration - Registration Module Pages/Form 1/City' is clicked on

2018-12-13 12:43:21 - [TEST_STEP][PASSED] - setText: Text 'joh' is set on object 'Object Repository/Final Object Repo/New Registration - Registration Module Pages/Form 1/Postcode - 810'

2018-12-13 12:43:22 - [MESSAGE][PASSED] - Text 'joh' is set on object 'Object Repository/Final Object Repo/New Registration - Registration Module Pages/Form 1/Postcode - 810'

2018-12-13 12:43:22 - [TEST_STEP][PASSED] - delay: Delayed 1 second(s)

2018-12-13 12:43:23 - [MESSAGE][PASSED] - Delayed 1 second(s)

2018-12-13 12:43:23 - [TEST_STEP][PASSED] - click: Object: 'Object Repository/Final Object Repo/New Registration - Registration Module Pages/Form 1/City - Johor Bharu' is clicked on

2018-12-13 12:43:23 - [MESSAGE][PASSED] - Object: 'Object Repository/Final Object Repo/New Registration - Registration Module Pages/Form 1/City - Johor Bharu' is clicked on

2018-12-13 12:43:23 - [TEST_STEP][PASSED] - delay: Delayed 1 second(s)

2018-12-13 12:43:24 - [MESSAGE][PASSED] - Delayed 1 second(s)

2018-12-13 12:43:24 - [TEST_STEP][PASSED] - click: Object: 'Object Repository/Final Object Repo/New Registration - Registration Module Pages/Form 1/Postcode' is clicked on

2018-12-13 12:43:24 - [MESSAGE][PASSED] - Object: 'Object Repository/Final Object Repo/New Registration - Registration Module Pages/Form 1/Postcode' is clicked on

2018-12-13 12:43:24 - [TEST_STEP][PASSED] - delay: Delayed 1 second(s)

2018-12-13 12:43:25 - [MESSAGE][PASSED] - Delayed 1 second(s)

2018-12-13 12:43:25 - [TEST_STEP][PASSED] - setText: Text '810' is set on object 'Object Repository/Final Object Repo/New Registration - Registration Module Pages/Form 1/Postcode - 810'

2018-12-13 12:43:25 - [MESSAGE][PASSED] - Text '810' is set on object 'Object Repository/Final Object Repo/New Registration - Registration Module Pages/Form 1/Postcode - 810'

2018-12-13 12:43:25 - [TEST_STEP][PASSED] - delay: Delayed 3 second(s)

2018-12-13 12:43:28 - [MESSAGE][PASSED] - Delayed 3 second(s)

2018-12-13 12:43:28 - [TEST_STEP][PASSED] - click: Object: 'Object Repository/Final Object Repo/New Registration - Registration Module Pages/Form 1/Postcode - 81000' is clicked on

2018-12-13 12:43:29 - [MESSAGE][PASSED] - Object: 'Object Repository/Final Object Repo/New Registration - Registration Module Pages/Form 1/Postcode - 81000' is clicked on

2018-12-13 12:43:29 - [TEST_STEP][PASSED] - delay: Delayed 1 second(s)

2018-12-13 12:43:30 - [MESSAGE][PASSED] - Delayed 1 second(s)

2018-12-13 12:43:30 - [TEST_STEP][PASSED] - setText: Text '100' is set on object 'Object Repository/Final Object Repo/New Registration - Registration Module Pages/Form 1/P.O.BOX'

2018-12-13 12:43:30 - [MESSAGE][PASSED] - Text '100' is set on object 'Object Repository/Final Object Repo/New Registration - Registration Module Pages/Form 1/P.O.BOX'

2018-12-13 12:43:30 - [TEST_STEP][PASSED] - setText: Text '100' is set on object 'Object Repository/Final Object Repo/New Registration - Registration Module Pages/Form 1/Locked Bag No'

2018-12-13 12:43:30 - [MESSAGE][PASSED] - Text '100' is set on object 'Object Repository/Final Object Repo/New Registration - Registration Module Pages/Form 1/Locked Bag No'

2018-12-13 12:43:30 - [TEST_STEP][PASSED] - click: Object: 'Object Repository/Final Object Repo/New Registration - Registration Module Pages/Form 1/SOCSO Office Location' is clicked on

2018-12-13 12:43:30 - [MESSAGE][PASSED] - Object: 'Object Repository/Final Object Repo/New Registration - Registration Module Pages/Form 1/SOCSO Office Location' is clicked on

2018-12-13 12:43:30 - [TEST_STEP][PASSED] - click: Object: 'Object Repository/Final Object Repo/New Registration - Registration Module Pages/Form 1/SOCSO Office Location - Pejabat PERKESO Negeri Johor' is clicked on

2018-12-13 12:43:30 - [MESSAGE][PASSED] - Object: 'Object Repository/Final Object Repo/New Registration - Registration Module Pages/Form 1/SOCSO Office Location - Pejabat PERKESO Negeri Johor' is clicked on

2018-12-13 12:43:31 - [TEST_STEP][PASSED] - delay: Delayed 1 second(s)

2018-12-13 12:43:32 - [MESSAGE][PASSED] - Delayed 1 second(s)

2018-12-13 12:43:32 - [TEST_STEP][PASSED] - check: Object 'Object Repository/Final Object Repo/New Registration - Registration Module Pages/Form 1/Indusrty Address Same As Postal Address' is checked

2018-12-13 12:43:32 - [MESSAGE][PASSED] - Object 'Object Repository/Final Object Repo/New Registration - Registration Module Pages/Form 1/Indusrty Address Same As Postal Address' is checked

2018-12-13 12:43:32 - [TEST_STEP][PASSED] - delay: Delayed 3 second(s)

2018-12-13 12:43:35 - [MESSAGE][PASSED] - Delayed 3 second(s)

2018-12-13 12:43:35 - [TEST_STEP][PASSED] - click: Object: 'Object Repository/Final Object Repo/New Registration - Registration Module Pages/Form 1/Indusry Address Same As Postal Address False' is clicked on

2018-12-13 12:43:35 - [MESSAGE][PASSED] - Object: 'Object Repository/Final Object Repo/New Registration - Registration Module Pages/Form 1/Indusry Address Same As Postal Address False' is clicked on

2018-12-13 12:43:35 - [TEST_STEP][PASSED] - delay: Delayed 1 second(s)

2018-12-13 12:43:36 - [MESSAGE][PASSED] - Delayed 1 second(s)

2018-12-13 12:43:36 - [TEST_STEP][PASSED] - setText: Text 'perkeso1' is set on object 'Object Repository/Final Object Repo/New Registration - Registration Module Pages/Form 1/Industry Address1'

2018-12-13 12:43:36 - [MESSAGE][PASSED] - Text 'perkeso1' is set on object 'Object Repository/Final Object Repo/New Registration - Registration Module Pages/Form 1/Industry Address1'

2018-12-13 12:43:36 - [TEST_STEP][PASSED] - setText: Text 'perkeso2' is set on object 'Object Repository/Final Object Repo/New Registration - Registration Module Pages/Form 1/Industry Address2'

2018-12-13 12:43:37 - [MESSAGE][PASSED] - Text 'perkeso2' is set on object 'Object Repository/Final Object Repo/New Registration - Registration Module Pages/Form 1/Industry Address2'

2018-12-13 12:43:37 - [TEST_STEP][PASSED] - setText: Text 'perkeso3' is set on object 'Object Repository/Final Object Repo/New Registration - Registration Module Pages/Form 1/Industry Address3'

2018-12-13 12:43:37 - [MESSAGE][PASSED] - Text 'perkeso3' is set on object 'Object Repository/Final Object Repo/New Registration - Registration Module Pages/Form 1/Industry Address3'

2018-12-13 12:43:37 - [TEST_STEP][PASSED] - click: Object: 'Object Repository/Final Object Repo/New Registration - Registration Module Pages/Form 1/Industry State' is clicked on

2018-12-13 12:43:37 - [MESSAGE][PASSED] - Object: 'Object Repository/Final Object Repo/New Registration - Registration Module Pages/Form 1/Industry State' is clicked on

2018-12-13 12:43:37 - [TEST_STEP][PASSED] - delay: Delayed 2 second(s)

2018-12-13 12:43:39 - [MESSAGE][PASSED] - Delayed 2 second(s)

2018-12-13 12:43:39 - [TEST_STEP][PASSED] - click: Object: 'Object Repository/Final Object Repo/New Registration - Registration Module Pages/Form 1/Industry State - Johor' is clicked on

2018-12-13 12:43:39 - [MESSAGE][PASSED] - Object: 'Object Repository/Final Object Repo/New Registration - Registration Module Pages/Form 1/Industry State - Johor' is clicked on

2018-12-13 12:43:39 - [TEST_STEP][PASSED] - delay: Delayed 2 second(s)

2018-12-13 12:43:41 - [MESSAGE][PASSED] - Delayed 2 second(s)

2018-12-13 12:43:41 - [TEST_STEP][PASSED] - click: Object: 'Object Repository/Final Object Repo/New Registration - Registration Module Pages/Form 1/Industry Ciry' is clicked on

2018-12-13 12:43:42 - [MESSAGE][PASSED] - Object: 'Object Repository/Final Object Repo/New Registration - Registration Module Pages/Form 1/Industry Ciry' is clicked on

2018-12-13 12:43:42 - [TEST_STEP][PASSED] - setText: Text 'joh' is set on object 'Object Repository/Final Object Repo/New Registration - Registration Module Pages/Form 1/Industry Ciry - joh'

2018-12-13 12:43:42 - [MESSAGE][PASSED] - Text 'joh' is set on object 'Object Repository/Final Object Repo/New Registration - Registration Module Pages/Form 1/Industry Ciry - joh'

2018-12-13 12:43:42 - [TEST_STEP][PASSED] - delay: Delayed 2 second(s)

2018-12-13 12:43:44 - [MESSAGE][PASSED] - Delayed 2 second(s)

2018-12-13 12:43:44 - [TEST_STEP][PASSED] - click: Object: 'Object Repository/Final Object Repo/New Registration - Registration Module Pages/Form 1/Industy State - Johor Bharu' is clicked on

2018-12-13 12:43:44 - [MESSAGE][PASSED] - Object: 'Object Repository/Final Object Repo/New Registration - Registration Module Pages/Form 1/Industy State - Johor Bharu' is clicked on

2018-12-13 12:43:44 - [TEST_STEP][PASSED] - delay: Delayed 1 second(s)

2018-12-13 12:43:45 - [MESSAGE][PASSED] - Delayed 1 second(s)

2018-12-13 12:43:45 - [TEST_STEP][PASSED] - click: Object: 'Object Repository/Final Object Repo/New Registration - Registration Module Pages/Form 1/Indusry PostCode' is clicked on

2018-12-13 12:43:45 - [MESSAGE][PASSED] - Object: 'Object Repository/Final Object Repo/New Registration - Registration Module Pages/Form 1/Indusry PostCode' is clicked on

2018-12-13 12:43:45 - [TEST_STEP][PASSED] - delay: Delayed 1 second(s)

2018-12-13 12:43:46 - [MESSAGE][PASSED] - Delayed 1 second(s)

2018-12-13 12:43:46 - [TEST_STEP][PASSED] - setText: Text '810' is set on object 'Object Repository/Final Object Repo/New Registration - Registration Module Pages/Form 1/Insutry Post Code - 810'

2018-12-13 12:43:46 - [MESSAGE][PASSED] - Text '810' is set on object 'Object Repository/Final Object Repo/New Registration - Registration Module Pages/Form 1/Insutry Post Code - 810'

2018-12-13 12:43:46 - [TEST_STEP][PASSED] - delay: Delayed 1 second(s)

2018-12-13 12:43:47 - [MESSAGE][PASSED] - Delayed 1 second(s)

2018-12-13 12:43:47 - [TEST_STEP][PASSED] - click: Object: 'Object Repository/Final Object Repo/New Registration - Registration Module Pages/Form 1/Insutry Post Code - 81000' is clicked on

2018-12-13 12:43:48 - [MESSAGE][PASSED] - Object: 'Object Repository/Final Object Repo/New Registration - Registration Module Pages/Form 1/Insutry Post Code - 81000' is clicked on

2018-12-13 12:43:48 - [TEST_STEP][PASSED] - delay: Delayed 1 second(s)

2018-12-13 12:43:49 - [MESSAGE][PASSED] - Delayed 1 second(s)

2018-12-13 12:43:49 - [TEST_STEP][PASSED] - setText: Text '100' is set on object 'Object Repository/Final Object Repo/New Registration - Registration Module Pages/Form 1/Industry P.O.BOX'

2018-12-13 12:43:49 - [MESSAGE][PASSED] - Text '100' is set on object 'Object Repository/Final Object Repo/New Registration - Registration Module Pages/Form 1/Industry P.O.BOX'

2018-12-13 12:43:49 - [TEST_STEP][PASSED] - setText: Text '100' is set on object 'Object Repository/Final Object Repo/New Registration - Registration Module Pages/Form 1/Industry Locked Bag No'

2018-12-13 12:43:49 - [MESSAGE][PASSED] - Text '100' is set on object 'Object Repository/Final Object Repo/New Registration - Registration Module Pages/Form 1/Industry Locked Bag No'

2018-12-13 12:43:49 - [TEST_STEP][PASSED] - setText: Text '123456789' is set on object 'Object Repository/Final Object Repo/New Registration - Registration Module Pages/Form 1/Telephone No'

2018-12-13 12:43:49 - [MESSAGE][PASSED] - Text '123456789' is set on object 'Object Repository/Final Object Repo/New Registration - Registration Module Pages/Form 1/Telephone No'

2018-12-13 12:43:49 - [TEST_STEP][PASSED] - setText: Text '123456789' is set on object 'Object Repository/Final Object Repo/New Registration - Registration Module Pages/Form 1/Mobile No'

2018-12-13 12:43:50 - [MESSAGE][PASSED] - Text '123456789' is set on object 'Object Repository/Final Object Repo/New Registration - Registration Module Pages/Form 1/Mobile No'

2018-12-13 12:43:50 - [TEST_STEP][PASSED] - setText: Text '123456789' is set on object 'Object Repository/Final Object Repo/New Registration - Registration Module Pages/Form 1/Fax No'

2018-12-13 12:43:50 - [MESSAGE][PASSED] - Text '123456789' is set on object 'Object Repository/Final Object Repo/New Registration - Registration Module Pages/Form 1/Fax No'

2018-12-13 12:43:50 - [TEST_STEP][PASSED] - click: Object: 'Object Repository/Final Object Repo/New Registration - Registration Module Pages/Form 1/Industry Code' is clicked on

2018-12-13 12:43:50 - [MESSAGE][PASSED] - Object: 'Object Repository/Final Object Repo/New Registration - Registration Module Pages/Form 1/Industry Code' is clicked on

2018-12-13 12:43:50 - [TEST_STEP][PASSED] - click: Object: 'Object Repository/Final Object Repo/New Registration - Registration Module Pages/Form 1/Indudustry Code - Crops and Animal' is clicked on

2018-12-13 12:43:51 - [MESSAGE][PASSED] - Object: 'Object Repository/Final Object Repo/New Registration - Registration Module Pages/Form 1/Indudustry Code - Crops and Animal' is clicked on

2018-12-13 12:43:51 - [TEST_STEP][PASSED] - delay: Delayed 1 second(s)

2018-12-13 12:43:52 - [MESSAGE][PASSED] - Delayed 1 second(s)

2018-12-13 12:43:52 - [TEST_STEP][PASSED] - click: Object: 'Object Repository/Final Object Repo/New Registration - Registration Module Pages/Form 1/Sub Industry Code List' is clicked on

2018-12-13 12:43:52 - [MESSAGE][PASSED] - Object: 'Object Repository/Final Object Repo/New Registration - Registration Module Pages/Form 1/Sub Industry Code List' is clicked on

2018-12-13 12:43:52 - [TEST_STEP][PASSED] - click: Object: 'Object Repository/Final Object Repo/New Registration - Registration Module Pages/Form 1/Sub Industry Code List - Growing of Maize' is clicked on

2018-12-13 12:43:52 - [MESSAGE][PASSED] - Object: 'Object Repository/Final Object Repo/New Registration - Registration Module Pages/Form 1/Sub Industry Code List - Growing of Maize' is clicked on

2018-12-13 12:43:52 - [TEST_STEP][PASSED] - setText: Text 'perkeso123@gmail.com' is set on object 'Object Repository/Final Object Repo/New Registration - Registration Module Pages/Form 1/Email'

2018-12-13 12:43:53 - [MESSAGE][PASSED] - Text 'perkeso123@gmail.com' is set on object 'Object Repository/Final Object Repo/New Registration - Registration Module Pages/Form 1/Email'

2018-12-13 12:43:53 - [TEST_STEP][PASSED] - click: Object: 'Object Repository/Final Object Repo/New Registration - Registration Module Pages/Form 1/Method of Contribution Payment' is clicked on

2018-12-13 12:43:53 - [MESSAGE][PASSED] - Object: 'Object Repository/Final Object Repo/New Registration - Registration Module Pages/Form 1/Method of Contribution Payment' is clicked on

2018-12-13 12:43:53 - [TEST_STEP][PASSED] - click: Object: 'Object Repository/Final Object Repo/New Registration - Registration Module Pages/Form 1/Method of Contribution Payment - Portal' is clicked on

2018-12-13 12:43:53 - [MESSAGE][PASSED] - Object: 'Object Repository/Final Object Repo/New Registration - Registration Module Pages/Form 1/Method of Contribution Payment - Portal' is clicked on

2018-12-13 12:43:53 - [TEST_STEP][PASSED] - click: Object: 'Object Repository/Final Object Repo/New Registration - Registration Module Pages/Form 1/Servide Type' is clicked on

2018-12-13 12:43:53 - [MESSAGE][PASSED] - Object: 'Object Repository/Final Object Repo/New Registration - Registration Module Pages/Form 1/Servide Type' is clicked on

2018-12-13 12:43:53 - [TEST_STEP][PASSED] - click: Object: 'Object Repository/Final Object Repo/New Registration - Registration Module Pages/Form 1/Servide Type - Professional Bodies' is clicked on

2018-12-13 12:43:54 - [MESSAGE][PASSED] - Object: 'Object Repository/Final Object Repo/New Registration - Registration Module Pages/Form 1/Servide Type - Professional Bodies' is clicked on

2018-12-13 12:43:54 - [TEST_STEP][PASSED] - click: Object: 'Object Repository/Final Object Repo/New Registration - Registration Module Pages/Form 1/Industry Venue' is clicked on

2018-12-13 12:43:54 - [MESSAGE][PASSED] - Object: 'Object Repository/Final Object Repo/New Registration - Registration Module Pages/Form 1/Industry Venue' is clicked on

2018-12-13 12:43:54 - [TEST_STEP][PASSED] - click: Object: 'Object Repository/Final Object Repo/New Registration - Registration Module Pages/Form 1/Industry Venue -  PPN JOHOR' is clicked on

2018-12-13 12:43:54 - [MESSAGE][PASSED] - Object: 'Object Repository/Final Object Repo/New Registration - Registration Module Pages/Form 1/Industry Venue -  PPN JOHOR' is clicked on

2018-12-13 12:43:54 - [TEST_STEP][PASSED] - click: Object: 'Object Repository/Final Object Repo/New Registration - Registration Module Pages/Form 1/Save  Continue' is clicked on

2018-12-13 12:43:54 - [MESSAGE][PASSED] - Object: 'Object Repository/Final Object Repo/New Registration - Registration Module Pages/Form 1/Save  Continue' is clicked on

2018-12-13 12:43:54 - [MESSAGE][PASSED] - Call Test Case 'Test Cases/Final Aug 2018 - PKS Automation/Registration Module/New Registration/Form 1/Form 1 - Corporation - BHD' successfully

2018-12-13 12:43:54 - [TEST_STEP][PASSED] - callTestCase: Call Test Case 'Test Cases/Final Aug 2018 - PKS Automation/Registration Module/New Registration/Form 2/Add 1 Eligible - Incomplete' successfully

2018-12-13 12:43:54 - [TEST_CASE][PASSED] - Test Cases/Final Aug 2018 - PKS Automation/Registration Module/New Registration/Form 2/Add 1 Eligible - Incomplete: Test Cases/Final Aug 2018 - PKS Automation/Registration Module/New Registration/Form 2/Add 1 Eligible - Incomplete

2018-12-13 12:43:55 - [TEST_STEP][PASSED] - delay: Delayed 2 second(s)

2018-12-13 12:43:57 - [MESSAGE][PASSED] - Delayed 2 second(s)

2018-12-13 12:43:57 - [TEST_STEP][PASSED] - callTestCase: Call Test Case 'Test Cases/Final Aug 2018 - PKS Automation/Registration Module/New Registration/Form 2/Date Updater' successfully

2018-12-13 12:43:57 - [TEST_CASE][PASSED] - Test Cases/Final Aug 2018 - PKS Automation/Registration Module/New Registration/Form 2/Date Updater: Test Cases/Final Aug 2018 - PKS Automation/Registration Module/New Registration/Form 2/Date Updater

2018-12-13 12:43:57 - [TEST_STEP][PASSED] - Statement - TodayDate = new java.util.Date(): null

2018-12-13 12:43:57 - [TEST_STEP][PASSED] - Statement - CurrentDateNoFilter = new java.text.SimpleDateFormat(): null

2018-12-13 12:43:57 - [TEST_STEP][PASSED] - Statement - CurrentDateNoFilter.applyPattern("MM"): null

2018-12-13 12:43:57 - [TEST_STEP][PASSED] - Statement - monthContainerMatcher = java.lang.Integer.parseInt(CurrentDateNoFilter.format(TodayDate)): null

2018-12-13 12:43:57 - [TEST_STEP][PASSED] - Statement - monthContainerMatcher = monthContainerMatcher - 1: null

2018-12-13 12:43:57 - [TEST_STEP][PASSED] - Statement - CurrentMonth = monthContainerMatcher.toString(): null

2018-12-13 12:43:57 - [TEST_STEP][PASSED] - Statement - CurrentMonth = CurrentMonth: null

2018-12-13 12:43:57 - [TEST_STEP][PASSED] - Statement - CurrentDateNoFilter.applyPattern("yyyy"): null

2018-12-13 12:43:57 - [TEST_STEP][PASSED] - Statement - CurrentYear = CurrentDateNoFilter.format(TodayDate): null

2018-12-13 12:43:57 - [TEST_STEP][PASSED] - Statement - CurrentYear = CurrentYear: null

2018-12-13 12:43:57 - [TEST_STEP][PASSED] - Statement - intCurrentYear = java.lang.Integer.parseInt(CurrentDateNoFilter.format(TodayDate)): null

2018-12-13 12:43:57 - [TEST_STEP][PASSED] - Statement - eighteenYrsAgo = intCurrentYear - 18: null

2018-12-13 12:43:57 - [TEST_STEP][PASSED] - Statement - eighteenYrsBeforeThisYr = eighteenYrsAgo.toString(): null

2018-12-13 12:43:57 - [TEST_STEP][PASSED] - Statement - EighteenYrsBefore = eighteenYrsBeforeThisYr: null

2018-12-13 12:43:57 - [TEST_STEP][PASSED] - Statement - fiftysevenYrsAgo = intCurrentYear - 57: null

2018-12-13 12:43:57 - [TEST_STEP][PASSED] - Statement - fiftysevenYrsBeforeThisYr = fiftysevenYrsAgo.toString(): null

2018-12-13 12:43:57 - [TEST_STEP][PASSED] - Statement - FiftysevenYrsBefore = fiftysevenYrsBeforeThisYr: null

2018-12-13 12:43:57 - [TEST_STEP][PASSED] - Statement - leapYear = false: null

2018-12-13 12:43:57 - [TEST_STEP][PASSED] - Statement - leapYear = intCurrentYear % 4 == 0: null

2018-12-13 12:43:57 - [TEST_STEP][PASSED] - Statement - CurrentDateNoFilter.applyPattern("dd"): null

2018-12-13 12:43:57 - [TEST_STEP][PASSED] - Statement - CurrentDate = CurrentDateNoFilter.format(TodayDate): null

2018-12-13 12:43:57 - [TEST_STEP][PASSED] - Statement - CurrentDate = java.lang.Integer.parseInt(CurrentDate): null

2018-12-13 12:43:57 - [TEST_STEP][PASSED] - Statement - CurrentDate = CurrentDate: null

2018-12-13 12:43:57 - [TEST_STEP][PASSED] - Statement - CurrentDay = java.lang.Integer.parseInt(CurrentDate): null

2018-12-13 12:43:57 - [TEST_STEP][PASSED] - Statement - ConfAdder = <not implemented yet for class: org.codehaus.groovy.ast.expr.EmptyExpression>: null

2018-12-13 12:43:57 - [TEST_STEP][PASSED] - Statement - out.println(CurrentMonth): null

2018-12-13 12:43:57 - [TEST_STEP][PASSED] - Statement - out.println(CurrentDate): null

2018-12-13 12:43:57 - [TEST_STEP][PASSED] - Statement - switch (CurrentDate): null

2018-12-13 12:43:57 - [TEST_STEP][PASSED] - Statement - Default: null

2018-12-13 12:43:57 - [TEST_STEP][PASSED] - Statement - ConfAdder = true: null

2018-12-13 12:43:57 - [TEST_STEP][PASSED] - Statement - Break: null

2018-12-13 12:43:57 - [TEST_STEP][PASSED] - Statement - aDayBefore = <not implemented yet for class: org.codehaus.groovy.ast.expr.EmptyExpression>: null

2018-12-13 12:43:57 - [TEST_STEP][PASSED] - Statement - out.println(ConfAdder): null

2018-12-13 12:43:57 - [TEST_STEP][PASSED] - Statement - If (ConfAdder == true): null

2018-12-13 12:43:57 - [TEST_STEP][PASSED] - Statement - aDayBefore = CurrentDay + 1: null

2018-12-13 12:43:57 - [TEST_STEP][PASSED] - Statement - out.println(aDayBefore): null

2018-12-13 12:43:57 - [TEST_STEP][PASSED] - Statement - If (aDayBefore == 1 && CurrentMonth == 11): null

2018-12-13 12:43:57 - [TEST_STEP][PASSED] - Statement - DayBefore = aDayBefore.toString(): null

2018-12-13 12:43:57 - [TEST_STEP][PASSED] - Statement - OneDayBefore = DayBefore: null

2018-12-13 12:43:57 - [MESSAGE][PASSED] - Call Test Case 'Test Cases/Final Aug 2018 - PKS Automation/Registration Module/New Registration/Form 2/Date Updater' successfully

2018-12-13 12:43:57 - [TEST_STEP][PASSED] - Statement - CaseReferenceNo = com.kms.katalon.core.webui.keyword.WebUiBuiltInKeywords.getText(com.kms.katalon.core.testobject.ObjectRepository.findTestObject(Final Object Repo/New Registration - Registration Module Pages/Form 2/RefNo Acquiring)): Text of object 'Object Repository/Final Object Repo/New Registration - Registration Module Pages/Form 2/RefNo Acquiring' is: 'CRN12201800123271'

2018-12-13 12:43:57 - [MESSAGE][PASSED] - Text of object 'Object Repository/Final Object Repo/New Registration - Registration Module Pages/Form 2/RefNo Acquiring' is: 'CRN12201800123271'

2018-12-13 12:43:57 - [TEST_STEP][PASSED] - delay: Delayed 4 second(s)

2018-12-13 12:44:01 - [MESSAGE][PASSED] - Delayed 4 second(s)

2018-12-13 12:44:01 - [TEST_STEP][PASSED] - click: Object: 'Object Repository/Final Object Repo/New Registration - Registration Module Pages/Form 2/Add Employee Button' is clicked on

2018-12-13 12:44:01 - [MESSAGE][PASSED] - Object: 'Object Repository/Final Object Repo/New Registration - Registration Module Pages/Form 2/Add Employee Button' is clicked on

2018-12-13 12:44:01 - [TEST_STEP][PASSED] - delay: Delayed 1 second(s)

2018-12-13 12:44:02 - [MESSAGE][PASSED] - Delayed 1 second(s)

2018-12-13 12:44:02 - [TEST_STEP][PASSED] - setText: Text '010903091984' is set on object 'Object Repository/Final Object Repo/New Registration - Registration Module Pages/Form 2/NRIC Input'

2018-12-13 12:44:03 - [MESSAGE][PASSED] - Text '010903091984' is set on object 'Object Repository/Final Object Repo/New Registration - Registration Module Pages/Form 2/NRIC Input'

2018-12-13 12:44:03 - [TEST_STEP][PASSED] - click: Object: 'Object Repository/Final Object Repo/New Registration - Registration Module Pages/Form 2/button for search for IC' is clicked on

2018-12-13 12:44:03 - [MESSAGE][PASSED] - Object: 'Object Repository/Final Object Repo/New Registration - Registration Module Pages/Form 2/button for search for IC' is clicked on

2018-12-13 12:44:03 - [TEST_STEP][PASSED] - delay: Delayed 2 second(s)

2018-12-13 12:44:05 - [MESSAGE][PASSED] - Delayed 2 second(s)

2018-12-13 12:44:05 - [TEST_STEP][PASSED] - setText: Text 'Automate001 eligible 1' is set on object 'Object Repository/Final Object Repo/New Registration - Registration Module Pages/Form 2/Employee Name Input'

2018-12-13 12:44:05 - [MESSAGE][PASSED] - Text 'Automate001 eligible 1' is set on object 'Object Repository/Final Object Repo/New Registration - Registration Module Pages/Form 2/Employee Name Input'

2018-12-13 12:44:05 - [TEST_STEP][PASSED] - delay: Delayed 2 second(s)

2018-12-13 12:44:07 - [MESSAGE][PASSED] - Delayed 2 second(s)

2018-12-13 12:44:07 - [TEST_STEP][PASSED] - click: Object: 'Object Repository/Final Object Repo/New Registration - Registration Module Pages/Form 2/DatePicker Pop Up' is clicked on

2018-12-13 12:44:08 - [MESSAGE][PASSED] - Object: 'Object Repository/Final Object Repo/New Registration - Registration Module Pages/Form 2/DatePicker Pop Up' is clicked on

2018-12-13 12:44:08 - [TEST_STEP][PASSED] - click: Object: 'Object Repository/Final Object Repo/New Registration - Registration Module Pages/Form 2/DOB Month' is clicked on

2018-12-13 12:44:08 - [MESSAGE][PASSED] - Object: 'Object Repository/Final Object Repo/New Registration - Registration Module Pages/Form 2/DOB Month' is clicked on

2018-12-13 12:44:08 - [TEST_STEP][PASSED] - Statement - CurrentMonth = CurrentMonth: null

2018-12-13 12:44:08 - [TEST_STEP][PASSED] - Statement - selectMonth = new com.kms.katalon.core.testobject.TestObject(): null

2018-12-13 12:44:08 - [TEST_STEP][PASSED] - Statement - selectMonth.addProperty("xpath", EQUALS, "//body/div/div/div/select/option[@value='" + CurrentMonth + "']", true): null

2018-12-13 12:44:08 - [TEST_STEP][PASSED] - click: Object: '' is clicked on

2018-12-13 12:44:08 - [MESSAGE][PASSED] - Object: '' is clicked on

2018-12-13 12:44:08 - [TEST_STEP][PASSED] - click: Object: 'Object Repository/Final Object Repo/New Registration - Registration Module Pages/Form 2/DOB Year' is clicked on

2018-12-13 12:44:08 - [MESSAGE][PASSED] - Object: 'Object Repository/Final Object Repo/New Registration - Registration Module Pages/Form 2/DOB Year' is clicked on

2018-12-13 12:44:08 - [TEST_STEP][PASSED] - Statement - Eyearsbf = EighteenYrsBefore: null

2018-12-13 12:44:08 - [TEST_STEP][PASSED] - Statement - selectYear = new com.kms.katalon.core.testobject.TestObject(): null

2018-12-13 12:44:08 - [TEST_STEP][PASSED] - Statement - selectYear.addProperty("xpath", EQUALS, "//div/div/div/select/option[@value='" + Eyearsbf + "']", true): null

2018-12-13 12:44:08 - [TEST_STEP][PASSED] - click: Object: '' is clicked on

2018-12-13 12:44:08 - [MESSAGE][PASSED] - Object: '' is clicked on

2018-12-13 12:44:08 - [TEST_STEP][PASSED] - Statement - UpdatedSelectDate = com.kms.katalon.core.webui.keyword.WebUiBuiltInKeywords.modifyObjectProperty(com.kms.katalon.core.testobject.ObjectRepository.findTestObject(Final Object Repo/New Registration - Registration Module Pages/Form 2/DOB Date), "xpath", "equals", "//body/div/table/tbody/tr/td/a[text()="" + CurrentDate + ""]", true): Modify property of object successfully

2018-12-13 12:44:08 - [MESSAGE][PASSED] - Modify property of object successfully

2018-12-13 12:44:08 - [TEST_STEP][PASSED] - delay: Delayed 3 second(s)

2018-12-13 12:44:11 - [MESSAGE][PASSED] - Delayed 3 second(s)

2018-12-13 12:44:11 - [TEST_STEP][PASSED] - click: Object: 'Object Repository/Final Object Repo/New Registration - Registration Module Pages/Form 2/DOB Date' is clicked on

2018-12-13 12:44:11 - [MESSAGE][PASSED] - Object: 'Object Repository/Final Object Repo/New Registration - Registration Module Pages/Form 2/DOB Date' is clicked on

2018-12-13 12:44:11 - [TEST_STEP][PASSED] - delay: Delayed 2 second(s)

2018-12-13 12:44:13 - [MESSAGE][PASSED] - Delayed 2 second(s)

2018-12-13 12:44:13 - [TEST_STEP][PASSED] - click: Object: 'Object Repository/Final Object Repo/New Registration - Registration Module Pages/Form 2/EmploymentStartDate Pop Up' is clicked on

2018-12-13 12:44:14 - [MESSAGE][PASSED] - Object: 'Object Repository/Final Object Repo/New Registration - Registration Module Pages/Form 2/EmploymentStartDate Pop Up' is clicked on

2018-12-13 12:44:14 - [TEST_STEP][PASSED] - delay: Delayed 2 second(s)

2018-12-13 12:44:16 - [MESSAGE][PASSED] - Delayed 2 second(s)

2018-12-13 12:44:16 - [TEST_STEP][PASSED] - click: Object: 'Object Repository/Final Object Repo/New Registration - Registration Module Pages/Form 2/Socso Employment StartDate Month' is clicked on

2018-12-13 12:44:16 - [MESSAGE][PASSED] - Object: 'Object Repository/Final Object Repo/New Registration - Registration Module Pages/Form 2/Socso Employment StartDate Month' is clicked on

2018-12-13 12:44:16 - [TEST_STEP][PASSED] - delay: Delayed 1 second(s)

2018-12-13 12:44:17 - [MESSAGE][PASSED] - Delayed 1 second(s)

2018-12-13 12:44:17 - [TEST_STEP][PASSED] - click: Object: 'Object Repository/Final Object Repo/New Registration - Registration Module Pages/Form 2/Select Socso Employement Startdate Month' is clicked on

2018-12-13 12:44:17 - [MESSAGE][PASSED] - Object: 'Object Repository/Final Object Repo/New Registration - Registration Module Pages/Form 2/Select Socso Employement Startdate Month' is clicked on

2018-12-13 12:44:17 - [TEST_STEP][PASSED] - delay: Delayed 2 second(s)

2018-12-13 12:44:19 - [MESSAGE][PASSED] - Delayed 2 second(s)

2018-12-13 12:44:19 - [TEST_STEP][PASSED] - click: Object: 'Object Repository/Final Object Repo/New Registration - Registration Module Pages/Form 2/Socso Employment StartDate Year' is clicked on

2018-12-13 12:44:19 - [MESSAGE][PASSED] - Object: 'Object Repository/Final Object Repo/New Registration - Registration Module Pages/Form 2/Socso Employment StartDate Year' is clicked on

2018-12-13 12:44:19 - [TEST_STEP][PASSED] - delay: Delayed 1 second(s)

2018-12-13 12:44:20 - [MESSAGE][PASSED] - Delayed 1 second(s)

2018-12-13 12:44:20 - [TEST_STEP][PASSED] - click: Object: 'Object Repository/Final Object Repo/New Registration - Registration Module Pages/Form 2/Select Socso Employment Startdate Year' is clicked on

2018-12-13 12:44:20 - [MESSAGE][PASSED] - Object: 'Object Repository/Final Object Repo/New Registration - Registration Module Pages/Form 2/Select Socso Employment Startdate Year' is clicked on

2018-12-13 12:44:20 - [TEST_STEP][PASSED] - delay: Delayed 2 second(s)

2018-12-13 12:44:22 - [MESSAGE][PASSED] - Delayed 2 second(s)

2018-12-13 12:44:22 - [TEST_STEP][PASSED] - click: Object: 'Object Repository/Final Object Repo/New Registration - Registration Module Pages/Form 2/Socso Employment Start Date Day' is clicked on

2018-12-13 12:44:22 - [MESSAGE][PASSED] - Object: 'Object Repository/Final Object Repo/New Registration - Registration Module Pages/Form 2/Socso Employment Start Date Day' is clicked on

2018-12-13 12:44:22 - [TEST_STEP][PASSED] - delay: Delayed 2 second(s)

2018-12-13 12:44:24 - [MESSAGE][PASSED] - Delayed 2 second(s)

2018-12-13 12:44:24 - [TEST_STEP][PASSED] - click: Object: 'Object Repository/Final Object Repo/New Registration - Registration Module Pages/Form 2/Save Button for Add Employee' is clicked on

2018-12-13 12:44:25 - [MESSAGE][PASSED] - Object: 'Object Repository/Final Object Repo/New Registration - Registration Module Pages/Form 2/Save Button for Add Employee' is clicked on

2018-12-13 12:44:25 - [TEST_STEP][PASSED] - delay: Delayed 6 second(s)

2018-12-13 12:44:31 - [MESSAGE][PASSED] - Delayed 6 second(s)

2018-12-13 12:44:31 - [TEST_STEP][PASSED] - click: Object: 'Object Repository/Final Object Repo/New Registration - Registration Module Pages/Form 2/Incomplete Checkbox' is clicked on

2018-12-13 12:44:31 - [MESSAGE][PASSED] - Object: 'Object Repository/Final Object Repo/New Registration - Registration Module Pages/Form 2/Incomplete Checkbox' is clicked on

2018-12-13 12:44:31 - [TEST_STEP][PASSED] - delay: Delayed 2 second(s)

2018-12-13 12:44:33 - [MESSAGE][PASSED] - Delayed 2 second(s)

2018-12-13 12:44:33 - [TEST_STEP][PASSED] - click: Object: 'Object Repository/Final Object Repo/New Registration - Registration Module Pages/Form 2/Save and Continue Form 2' is clicked on

2018-12-13 12:44:33 - [MESSAGE][PASSED] - Object: 'Object Repository/Final Object Repo/New Registration - Registration Module Pages/Form 2/Save and Continue Form 2' is clicked on

2018-12-13 12:44:33 - [MESSAGE][PASSED] - Call Test Case 'Test Cases/Final Aug 2018 - PKS Automation/Registration Module/New Registration/Form 2/Add 1 Eligible - Incomplete' successfully

2018-12-13 12:44:33 - [TEST_STEP][PASSED] - callTestCase: Call Test Case 'Test Cases/Final Aug 2018 - PKS Automation/Registration Module/New Registration/Flow of New Registration/Third Screen - Upload Supporting Doc - Preview' successfully

2018-12-13 12:44:33 - [TEST_CASE][PASSED] - Test Cases/Final Aug 2018 - PKS Automation/Registration Module/New Registration/Flow of New Registration/Third Screen - Upload Supporting Doc - Preview: Test Cases/Final Aug 2018 - PKS Automation/Registration Module/New Registration/Flow of New Registration/Third Screen - Upload Supporting Doc - Preview

2018-12-13 12:44:33 - [TEST_STEP][PASSED] - waitForPageLoad: Wait for page load successfully

2018-12-13 12:44:34 - [MESSAGE][PASSED] - Wait for page load successfully

2018-12-13 12:44:34 - [TEST_STEP][PASSED] - Statement - CaseReferenceNo = com.kms.katalon.core.webui.keyword.WebUiBuiltInKeywords.getText(com.kms.katalon.core.testobject.ObjectRepository.findTestObject(Final Object Repo/New Registration - Registration Module Pages/Third Screen - Upload Supporting Doc- Preview/RefNo Acquiring)): Text of object 'Object Repository/Final Object Repo/New Registration - Registration Module Pages/Third Screen - Upload Supporting Doc- Preview/RefNo Acquiring' is: 'CRN12201800123271'

2018-12-13 12:44:34 - [MESSAGE][PASSED] - Text of object 'Object Repository/Final Object Repo/New Registration - Registration Module Pages/Third Screen - Upload Supporting Doc- Preview/RefNo Acquiring' is: 'CRN12201800123271'

2018-12-13 12:44:34 - [TEST_STEP][PASSED] - delay: Delayed 2 second(s)

2018-12-13 12:44:36 - [MESSAGE][PASSED] - Delayed 2 second(s)

2018-12-13 12:44:36 - [TEST_STEP][PASSED] - callTestCase: Call Test Case 'Test Cases/Final Aug 2018 - PKS Automation/Common/Reference Number Setter' successfully

2018-12-13 12:44:36 - [TEST_CASE][PASSED] - Test Cases/Final Aug 2018 - PKS Automation/Common/Reference Number Setter: Test Cases/Final Aug 2018 - PKS Automation/Common/Reference Number Setter

2018-12-13 12:44:36 - [TEST_STEP][PASSED] - Statement - RefNoOldFile = new java.io.File(C://Users//Admin//Desktop//PKS//Automation Reference Point//KatalonReference.txt): null

2018-12-13 12:44:36 - [TEST_STEP][PASSED] - Statement - RefNoOldFile.delete(): null

2018-12-13 12:44:36 - [TEST_STEP][PASSED] - delay: Delayed 5 second(s)

2018-12-13 12:44:41 - [MESSAGE][PASSED] - Delayed 5 second(s)

2018-12-13 12:44:41 - [TEST_STEP][PASSED] - Statement - RefNo = new java.io.File(C://Users//Admin//Desktop//PKS//Automation Reference Point//KatalonReference.txt): null

2018-12-13 12:44:41 - [TEST_STEP][PASSED] - Statement - f2 = new java.io.FileWriter(RefNo, false): null

2018-12-13 12:44:41 - [TEST_STEP][PASSED] - Statement - f2.write(CaseReferenceNo): null

2018-12-13 12:44:41 - [TEST_STEP][PASSED] - Statement - f2.close(): null

2018-12-13 12:44:41 - [TEST_STEP][PASSED] - Statement - out.println("


" + CaseReferenceNo + "


"): null

2018-12-13 12:44:41 - [MESSAGE][PASSED] - Call Test Case 'Test Cases/Final Aug 2018 - PKS Automation/Common/Reference Number Setter' successfully

2018-12-13 12:44:41 - [TEST_STEP][PASSED] - waitForElementClickable: Object 'Object Repository/Final Object Repo/New Registration - Registration Module Pages/Third Screen - Upload Supporting Doc- Preview/Save n Continue in SIP Employee Listing Page' is clickable

2018-12-13 12:44:41 - [MESSAGE][PASSED] - Object 'Object Repository/Final Object Repo/New Registration - Registration Module Pages/Third Screen - Upload Supporting Doc- Preview/Save n Continue in SIP Employee Listing Page' is clickable

2018-12-13 12:44:41 - [TEST_STEP][PASSED] - click: Object: 'Object Repository/Final Object Repo/New Registration - Registration Module Pages/Third Screen - Upload Supporting Doc- Preview/Save n Continue in SIP Employee Listing Page' is clicked on

2018-12-13 12:44:47 - [MESSAGE][PASSED] - Object: 'Object Repository/Final Object Repo/New Registration - Registration Module Pages/Third Screen - Upload Supporting Doc- Preview/Save n Continue in SIP Employee Listing Page' is clicked on

2018-12-13 12:44:47 - [TEST_STEP][PASSED] - delay: Delayed 7 second(s)

2018-12-13 12:44:54 - [MESSAGE][PASSED] - Delayed 7 second(s)

2018-12-13 12:44:54 - [TEST_STEP][PASSED] - click: Object: 'Object Repository/Final Object Repo/New Registration - Registration Module Pages/Third Screen - Upload Supporting Doc- Preview/Add Document Button' is clicked on

2018-12-13 12:44:54 - [MESSAGE][PASSED] - Object: 'Object Repository/Final Object Repo/New Registration - Registration Module Pages/Third Screen - Upload Supporting Doc- Preview/Add Document Button' is clicked on

2018-12-13 12:44:54 - [TEST_STEP][PASSED] - delay: Delayed 30 second(s)

2018-12-13 12:45:24 - [MESSAGE][PASSED] - Delayed 30 second(s)

2018-12-13 12:45:24 - [TEST_STEP][PASSED] - click: Object: 'Object Repository/Final Object Repo/New Registration - Registration Module Pages/Third Screen - Upload Supporting Doc- Preview/Supporting Doc Please Select Drop Down' is clicked on

2018-12-13 12:45:24 - [MESSAGE][PASSED] - Object: 'Object Repository/Final Object Repo/New Registration - Registration Module Pages/Third Screen - Upload Supporting Doc- Preview/Supporting Doc Please Select Drop Down' is clicked on

2018-12-13 12:45:24 - [TEST_STEP][PASSED] - delay: Delayed 2 second(s)

2018-12-13 12:45:26 - [MESSAGE][PASSED] - Delayed 2 second(s)

2018-12-13 12:45:26 - [TEST_STEP][PASSED] - click: Object: 'Object Repository/Final Object Repo/New Registration - Registration Module Pages/Third Screen - Upload Supporting Doc- Preview/Select to Upload Form 1' is clicked on

2018-12-13 12:45:26 - [MESSAGE][PASSED] - Object: 'Object Repository/Final Object Repo/New Registration - Registration Module Pages/Third Screen - Upload Supporting Doc- Preview/Select to Upload Form 1' is clicked on

2018-12-13 12:45:26 - [TEST_STEP][PASSED] - delay: Delayed 2 second(s)

2018-12-13 12:45:28 - [MESSAGE][PASSED] - Delayed 2 second(s)

2018-12-13 12:45:28 - [TEST_STEP][PASSED] - uploadFile: File 'C:\Users\Public\Pictures\Sample Pictures\Koala.jpg' sent to object: 'Object Repository/Final Object Repo/New Registration - Registration Module Pages/Third Screen - Upload Supporting Doc- Preview/Upload File Adding'

2018-12-13 12:45:29 - [MESSAGE][PASSED] - File 'C:\Users\Public\Pictures\Sample Pictures\Koala.jpg' sent to object: 'Object Repository/Final Object Repo/New Registration - Registration Module Pages/Third Screen - Upload Supporting Doc- Preview/Upload File Adding'

2018-12-13 12:45:29 - [TEST_STEP][PASSED] - delay: Delayed 5 second(s)

2018-12-13 12:45:34 - [MESSAGE][PASSED] - Delayed 5 second(s)

2018-12-13 12:45:34 - [TEST_STEP][PASSED] - click: Object: 'Object Repository/Final Object Repo/New Registration - Registration Module Pages/Third Screen - Upload Supporting Doc- Preview/Inner Form Add Document Button' is clicked on

2018-12-13 12:45:34 - [MESSAGE][PASSED] - Object: 'Object Repository/Final Object Repo/New Registration - Registration Module Pages/Third Screen - Upload Supporting Doc- Preview/Inner Form Add Document Button' is clicked on

2018-12-13 12:45:34 - [TEST_STEP][PASSED] - delay: Delayed 3 second(s)

2018-12-13 12:45:37 - [MESSAGE][PASSED] - Delayed 3 second(s)

2018-12-13 12:45:37 - [TEST_STEP][PASSED] - click: Object: 'Object Repository/Final Object Repo/New Registration - Registration Module Pages/Third Screen - Upload Supporting Doc- Preview/Add Document Button' is clicked on

2018-12-13 12:45:38 - [MESSAGE][PASSED] - Object: 'Object Repository/Final Object Repo/New Registration - Registration Module Pages/Third Screen - Upload Supporting Doc- Preview/Add Document Button' is clicked on

2018-12-13 12:45:38 - [TEST_STEP][PASSED] - delay: Delayed 30 second(s)

2018-12-13 12:46:08 - [MESSAGE][PASSED] - Delayed 30 second(s)

2018-12-13 12:46:08 - [TEST_STEP][PASSED] - click: Object: 'Object Repository/Final Object Repo/New Registration - Registration Module Pages/Third Screen - Upload Supporting Doc- Preview/Supporting Doc Please Select Drop Down' is clicked on

2018-12-13 12:46:08 - [MESSAGE][PASSED] - Object: 'Object Repository/Final Object Repo/New Registration - Registration Module Pages/Third Screen - Upload Supporting Doc- Preview/Supporting Doc Please Select Drop Down' is clicked on

2018-12-13 12:46:08 - [TEST_STEP][PASSED] - delay: Delayed 4 second(s)

2018-12-13 12:46:12 - [MESSAGE][PASSED] - Delayed 4 second(s)

2018-12-13 12:46:12 - [TEST_STEP][PASSED] - click: Object: 'Object Repository/Final Object Repo/New Registration - Registration Module Pages/Third Screen - Upload Supporting Doc- Preview/Select to Upload Form 2' is clicked on

2018-12-13 12:46:12 - [MESSAGE][PASSED] - Object: 'Object Repository/Final Object Repo/New Registration - Registration Module Pages/Third Screen - Upload Supporting Doc- Preview/Select to Upload Form 2' is clicked on

2018-12-13 12:46:12 - [TEST_STEP][PASSED] - delay: Delayed 2 second(s)

2018-12-13 12:46:14 - [MESSAGE][PASSED] - Delayed 2 second(s)

2018-12-13 12:46:14 - [TEST_STEP][PASSED] - uploadFile: File 'C:\Users\Public\Pictures\Sample Pictures\Koala.jpg' sent to object: 'Object Repository/Final Object Repo/New Registration - Registration Module Pages/Third Screen - Upload Supporting Doc- Preview/Upload File Adding'

2018-12-13 12:46:14 - [MESSAGE][PASSED] - File 'C:\Users\Public\Pictures\Sample Pictures\Koala.jpg' sent to object: 'Object Repository/Final Object Repo/New Registration - Registration Module Pages/Third Screen - Upload Supporting Doc- Preview/Upload File Adding'

2018-12-13 12:46:14 - [TEST_STEP][PASSED] - click: Object: 'Object Repository/Final Object Repo/New Registration - Registration Module Pages/Third Screen - Upload Supporting Doc- Preview/Inner Form Add Document Button' is clicked on

2018-12-13 12:46:15 - [MESSAGE][PASSED] - Object: 'Object Repository/Final Object Repo/New Registration - Registration Module Pages/Third Screen - Upload Supporting Doc- Preview/Inner Form Add Document Button' is clicked on

2018-12-13 12:46:15 - [TEST_STEP][PASSED] - delay: Delayed 5 second(s)

2018-12-13 12:46:20 - [MESSAGE][PASSED] - Delayed 5 second(s)

2018-12-13 12:46:20 - [TEST_STEP][PASSED] - click: Object: 'Object Repository/Final Object Repo/New Registration - Registration Module Pages/Third Screen - Upload Supporting Doc- Preview/Add Document Button' is clicked on

2018-12-13 12:46:20 - [MESSAGE][PASSED] - Object: 'Object Repository/Final Object Repo/New Registration - Registration Module Pages/Third Screen - Upload Supporting Doc- Preview/Add Document Button' is clicked on

2018-12-13 12:46:20 - [TEST_STEP][PASSED] - delay: Delayed 30 second(s)

2018-12-13 12:46:50 - [MESSAGE][PASSED] - Delayed 30 second(s)

2018-12-13 12:46:50 - [TEST_STEP][PASSED] - click: Object: 'Object Repository/Final Object Repo/New Registration - Registration Module Pages/Third Screen - Upload Supporting Doc- Preview/Supporting Doc Please Select Drop Down' is clicked on

2018-12-13 12:46:50 - [MESSAGE][PASSED] - Object: 'Object Repository/Final Object Repo/New Registration - Registration Module Pages/Third Screen - Upload Supporting Doc- Preview/Supporting Doc Please Select Drop Down' is clicked on

2018-12-13 12:46:50 - [TEST_STEP][PASSED] - click: Object: 'Object Repository/Final Object Repo/New Registration - Registration Module Pages/Third Screen - Upload Supporting Doc- Preview/Select to Upload Borang SIP 1' is clicked on

2018-12-13 12:46:50 - [MESSAGE][PASSED] - Object: 'Object Repository/Final Object Repo/New Registration - Registration Module Pages/Third Screen - Upload Supporting Doc- Preview/Select to Upload Borang SIP 1' is clicked on

2018-12-13 12:46:50 - [TEST_STEP][PASSED] - delay: Delayed 2 second(s)

2018-12-13 12:46:52 - [MESSAGE][PASSED] - Delayed 2 second(s)

2018-12-13 12:46:52 - [TEST_STEP][PASSED] - uploadFile: File 'C:\Users\Public\Pictures\Sample Pictures\Koala.jpg' sent to object: 'Object Repository/Final Object Repo/New Registration - Registration Module Pages/Third Screen - Upload Supporting Doc- Preview/Upload File Adding'

2018-12-13 12:46:52 - [MESSAGE][PASSED] - File 'C:\Users\Public\Pictures\Sample Pictures\Koala.jpg' sent to object: 'Object Repository/Final Object Repo/New Registration - Registration Module Pages/Third Screen - Upload Supporting Doc- Preview/Upload File Adding'

2018-12-13 12:46:52 - [TEST_STEP][PASSED] - click: Object: 'Object Repository/Final Object Repo/New Registration - Registration Module Pages/Third Screen - Upload Supporting Doc- Preview/Inner Form Add Document Button' is clicked on

2018-12-13 12:46:52 - [MESSAGE][PASSED] - Object: 'Object Repository/Final Object Repo/New Registration - Registration Module Pages/Third Screen - Upload Supporting Doc- Preview/Inner Form Add Document Button' is clicked on

2018-12-13 12:46:52 - [TEST_STEP][PASSED] - delay: Delayed 5 second(s)

2018-12-13 12:46:57 - [MESSAGE][PASSED] - Delayed 5 second(s)

2018-12-13 12:46:57 - [TEST_STEP][PASSED] - click: Object: 'Object Repository/Final Object Repo/New Registration - Registration Module Pages/Third Screen - Upload Supporting Doc- Preview/Add Document Button' is clicked on

2018-12-13 12:46:58 - [MESSAGE][PASSED] - Object: 'Object Repository/Final Object Repo/New Registration - Registration Module Pages/Third Screen - Upload Supporting Doc- Preview/Add Document Button' is clicked on

2018-12-13 12:46:58 - [TEST_STEP][PASSED] - delay: Delayed 30 second(s)

2018-12-13 12:47:28 - [MESSAGE][PASSED] - Delayed 30 second(s)

2018-12-13 12:47:28 - [TEST_STEP][PASSED] - click: Object: 'Object Repository/Final Object Repo/New Registration - Registration Module Pages/Third Screen - Upload Supporting Doc- Preview/Supporting Doc Please Select Drop Down' is clicked on

2018-12-13 12:47:28 - [MESSAGE][PASSED] - Object: 'Object Repository/Final Object Repo/New Registration - Registration Module Pages/Third Screen - Upload Supporting Doc- Preview/Supporting Doc Please Select Drop Down' is clicked on

2018-12-13 12:47:28 - [TEST_STEP][PASSED] - delay: Delayed 3 second(s)

2018-12-13 12:47:31 - [MESSAGE][PASSED] - Delayed 3 second(s)

2018-12-13 12:47:31 - [TEST_STEP][PASSED] - click: Object: 'Object Repository/Final Object Repo/New Registration - Registration Module Pages/Third Screen - Upload Supporting Doc- Preview/Select to Upload Borang SIP 2' is clicked on

2018-12-13 12:47:31 - [MESSAGE][PASSED] - Object: 'Object Repository/Final Object Repo/New Registration - Registration Module Pages/Third Screen - Upload Supporting Doc- Preview/Select to Upload Borang SIP 2' is clicked on

2018-12-13 12:47:31 - [TEST_STEP][PASSED] - delay: Delayed 2 second(s)

2018-12-13 12:47:33 - [MESSAGE][PASSED] - Delayed 2 second(s)

2018-12-13 12:47:33 - [TEST_STEP][PASSED] - uploadFile: File 'C:\Users\Public\Pictures\Sample Pictures\Koala.jpg' sent to object: 'Object Repository/Final Object Repo/New Registration - Registration Module Pages/Third Screen - Upload Supporting Doc- Preview/Upload File Adding'

2018-12-13 12:47:33 - [MESSAGE][PASSED] - File 'C:\Users\Public\Pictures\Sample Pictures\Koala.jpg' sent to object: 'Object Repository/Final Object Repo/New Registration - Registration Module Pages/Third Screen - Upload Supporting Doc- Preview/Upload File Adding'

2018-12-13 12:47:33 - [TEST_STEP][PASSED] - delay: Delayed 5 second(s)

2018-12-13 12:47:38 - [MESSAGE][PASSED] - Delayed 5 second(s)

2018-12-13 12:47:38 - [TEST_STEP][PASSED] - click: Object: 'Object Repository/Final Object Repo/New Registration - Registration Module Pages/Third Screen - Upload Supporting Doc- Preview/Inner Form Add Document Button' is clicked on

2018-12-13 12:47:38 - [MESSAGE][PASSED] - Object: 'Object Repository/Final Object Repo/New Registration - Registration Module Pages/Third Screen - Upload Supporting Doc- Preview/Inner Form Add Document Button' is clicked on

2018-12-13 12:47:38 - [TEST_STEP][PASSED] - delay: Delayed 3 second(s)

2018-12-13 12:47:41 - [MESSAGE][PASSED] - Delayed 3 second(s)

2018-12-13 12:47:41 - [TEST_STEP][PASSED] - waitForElementClickable: Object 'Object Repository/Final Object Repo/New Registration - Registration Module Pages/Third Screen - Upload Supporting Doc- Preview/Save n Continue in Uploading Supporting Doc Page' is clickable

2018-12-13 12:47:42 - [MESSAGE][PASSED] - Object 'Object Repository/Final Object Repo/New Registration - Registration Module Pages/Third Screen - Upload Supporting Doc- Preview/Save n Continue in Uploading Supporting Doc Page' is clickable

2018-12-13 12:47:42 - [TEST_STEP][PASSED] - click: Object: 'Object Repository/Final Object Repo/New Registration - Registration Module Pages/Third Screen - Upload Supporting Doc- Preview/Save n Continue in Uploading Supporting Doc Page' is clicked on

2018-12-13 12:47:43 - [MESSAGE][PASSED] - Object: 'Object Repository/Final Object Repo/New Registration - Registration Module Pages/Third Screen - Upload Supporting Doc- Preview/Save n Continue in Uploading Supporting Doc Page' is clicked on

2018-12-13 12:47:43 - [MESSAGE][PASSED] - Call Test Case 'Test Cases/Final Aug 2018 - PKS Automation/Registration Module/New Registration/Flow of New Registration/Third Screen - Upload Supporting Doc - Preview' successfully

2018-12-13 12:47:43 - [TEST_STEP][PASSED] - callTestCase: Call Test Case 'Test Cases/Final Aug 2018 - PKS Automation/Registration Module/New Registration/Submit and Screenshot/Submit Registration and Screenshot' successfully

2018-12-13 12:47:43 - [TEST_CASE][PASSED] - Test Cases/Final Aug 2018 - PKS Automation/Registration Module/New Registration/Submit and Screenshot/Submit Registration and Screenshot: Test Cases/Final Aug 2018 - PKS Automation/Registration Module/New Registration/Submit and Screenshot/Submit Registration and Screenshot

2018-12-13 12:47:43 - [TEST_STEP][PASSED] - delay: Delayed 6 second(s)

2018-12-13 12:47:49 - [MESSAGE][PASSED] - Delayed 6 second(s)

2018-12-13 12:47:49 - [TEST_STEP][PASSED] - click: Object: 'Object Repository/Final Object Repo/New Registration - Registration Module Pages/Third Screen - Upload Supporting Doc- Preview/Preview Submit Button' is clicked on

2018-12-13 12:47:49 - [MESSAGE][PASSED] - Object: 'Object Repository/Final Object Repo/New Registration - Registration Module Pages/Third Screen - Upload Supporting Doc- Preview/Preview Submit Button' is clicked on

2018-12-13 12:47:49 - [TEST_STEP][PASSED] - delay: Delayed 2 second(s)

2018-12-13 12:47:51 - [MESSAGE][PASSED] - Delayed 2 second(s)

2018-12-13 12:47:51 - [TEST_STEP][PASSED] - click: Object: 'Object Repository/Final Object Repo/New Registration - Registration Module Pages/Third Screen - Upload Supporting Doc- Preview/Preview Submit - Confirm' is clicked on

2018-12-13 12:47:51 - [MESSAGE][PASSED] - Object: 'Object Repository/Final Object Repo/New Registration - Registration Module Pages/Third Screen - Upload Supporting Doc- Preview/Preview Submit - Confirm' is clicked on

2018-12-13 12:47:51 - [TEST_STEP][PASSED] - delay: Delayed 15 second(s)

2018-12-13 12:48:06 - [MESSAGE][PASSED] - Delayed 15 second(s)

2018-12-13 12:48:06 - [TEST_STEP][PASSED] - Statement - driver = com.kms.katalon.core.webui.driver.DriverFactory.getWebDriver(): null

2018-12-13 12:48:06 - [TEST_STEP][PASSED] - Statement - driver.manage().timeouts().implicitlyWait(10, SECONDS): null

2018-12-13 12:48:06 - [TEST_STEP][PASSED] - Statement - PresavePath = KatalonScreenshots: null

2018-12-13 12:48:06 - [TEST_STEP][PASSED] - Statement - pathPrefix = "C:\Users\Public\Pictures\Sample Pictures\Katalon Screenshots\Automate Ending Screen": null

2018-12-13 12:48:06 - [TEST_STEP][PASSED] - Statement - finalPath = <not implemented yet for class: org.codehaus.groovy.ast.expr.EmptyExpression>: null

2018-12-13 12:48:06 - [TEST_STEP][PASSED] - Statement - scrFile = driver.getScreenshotAs(FILE): null

2018-12-13 12:48:07 - [TEST_STEP][PASSED] - Statement - PreSaveFile = new java.io.File(PresavePath): null

2018-12-13 12:48:07 - [TEST_STEP][PASSED] - Statement - counter = 0: null

2018-12-13 12:48:07 - [TEST_STEP][PASSED] - Statement - If (PreSaveFile.exists()): null

2018-12-13 12:48:07 - [TEST_STEP][PASSED] - Statement - While (PreSaveFile.exists()): null

2018-12-13 12:48:07 - [TEST_STEP][PASSED] - Statement - counter = counter + 1: null

2018-12-13 12:48:07 - [TEST_STEP][PASSED] - Statement - PreSaveFile = new java.io.File(((pathPrefix + java.lang.Integer.toString(counter)) + .png)): null

2018-12-13 12:48:07 - [TEST_STEP][PASSED] - Statement - counter = counter + 1: null

2018-12-13 12:48:07 - [TEST_STEP][PASSED] - Statement - PreSaveFile = new java.io.File(((pathPrefix + java.lang.Integer.toString(counter)) + .png)): null

2018-12-13 12:48:07 - [TEST_STEP][PASSED] - Statement - counter = counter + 1: null

2018-12-13 12:48:07 - [TEST_STEP][PASSED] - Statement - PreSaveFile = new java.io.File(((pathPrefix + java.lang.Integer.toString(counter)) + .png)): null

2018-12-13 12:48:07 - [TEST_STEP][PASSED] - Statement - counter = counter + 1: null

2018-12-13 12:48:07 - [TEST_STEP][PASSED] - Statement - PreSaveFile = new java.io.File(((pathPrefix + java.lang.Integer.toString(counter)) + .png)): null

2018-12-13 12:48:07 - [TEST_STEP][PASSED] - Statement - counter = counter + 1: null

2018-12-13 12:48:07 - [TEST_STEP][PASSED] - Statement - PreSaveFile = new java.io.File(((pathPrefix + java.lang.Integer.toString(counter)) + .png)): null

2018-12-13 12:48:07 - [TEST_STEP][PASSED] - Statement - counter = counter + 1: null

2018-12-13 12:48:07 - [TEST_STEP][PASSED] - Statement - PreSaveFile = new java.io.File(((pathPrefix + java.lang.Integer.toString(counter)) + .png)): null

2018-12-13 12:48:07 - [TEST_STEP][PASSED] - Statement - counter = counter + 1: null

2018-12-13 12:48:07 - [TEST_STEP][PASSED] - Statement - PreSaveFile = new java.io.File(((pathPrefix + java.lang.Integer.toString(counter)) + .png)): null

2018-12-13 12:48:07 - [TEST_STEP][PASSED] - Statement - counter = counter + 1: null

2018-12-13 12:48:07 - [TEST_STEP][PASSED] - Statement - PreSaveFile = new java.io.File(((pathPrefix + java.lang.Integer.toString(counter)) + .png)): null

2018-12-13 12:48:07 - [TEST_STEP][PASSED] - Statement - counter = counter + 1: null

2018-12-13 12:48:07 - [TEST_STEP][PASSED] - Statement - PreSaveFile = new java.io.File(((pathPrefix + java.lang.Integer.toString(counter)) + .png)): null

2018-12-13 12:48:07 - [TEST_STEP][PASSED] - Statement - counter = counter + 1: null

2018-12-13 12:48:07 - [TEST_STEP][PASSED] - Statement - PreSaveFile = new java.io.File(((pathPrefix + java.lang.Integer.toString(counter)) + .png)): null

2018-12-13 12:48:07 - [TEST_STEP][PASSED] - Statement - counter = counter + 1: null

2018-12-13 12:48:07 - [TEST_STEP][PASSED] - Statement - PreSaveFile = new java.io.File(((pathPrefix + java.lang.Integer.toString(counter)) + .png)): null

2018-12-13 12:48:07 - [TEST_STEP][PASSED] - Statement - counter = counter + 1: null

2018-12-13 12:48:07 - [TEST_STEP][PASSED] - Statement - PreSaveFile = new java.io.File(((pathPrefix + java.lang.Integer.toString(counter)) + .png)): null

2018-12-13 12:48:07 - [TEST_STEP][PASSED] - Statement - counter = counter + 1: null

2018-12-13 12:48:07 - [TEST_STEP][PASSED] - Statement - PreSaveFile = new java.io.File(((pathPrefix + java.lang.Integer.toString(counter)) + .png)): null

2018-12-13 12:48:07 - [TEST_STEP][PASSED] - Statement - counter = counter + 1: null

2018-12-13 12:48:07 - [TEST_STEP][PASSED] - Statement - PreSaveFile = new java.io.File(((pathPrefix + java.lang.Integer.toString(counter)) + .png)): null

2018-12-13 12:48:07 - [TEST_STEP][PASSED] - Statement - counter = counter + 1: null

2018-12-13 12:48:07 - [TEST_STEP][PASSED] - Statement - PreSaveFile = new java.io.File(((pathPrefix + java.lang.Integer.toString(counter)) + .png)): null

2018-12-13 12:48:07 - [TEST_STEP][PASSED] - Statement - counter = counter + 1: null

2018-12-13 12:48:07 - [TEST_STEP][PASSED] - Statement - PreSaveFile = new java.io.File(((pathPrefix + java.lang.Integer.toString(counter)) + .png)): null

2018-12-13 12:48:07 - [TEST_STEP][PASSED] - Statement - counter = counter + 1: null

2018-12-13 12:48:07 - [TEST_STEP][PASSED] - Statement - PreSaveFile = new java.io.File(((pathPrefix + java.lang.Integer.toString(counter)) + .png)): null

2018-12-13 12:48:07 - [TEST_STEP][PASSED] - Statement - counter = counter + 1: null

2018-12-13 12:48:07 - [TEST_STEP][PASSED] - Statement - PreSaveFile = new java.io.File(((pathPrefix + java.lang.Integer.toString(counter)) + .png)): null

2018-12-13 12:48:07 - [TEST_STEP][PASSED] - Statement - counter = counter + 1: null

2018-12-13 12:48:07 - [TEST_STEP][PASSED] - Statement - PreSaveFile = new java.io.File(((pathPrefix + java.lang.Integer.toString(counter)) + .png)): null

2018-12-13 12:48:07 - [TEST_STEP][PASSED] - Statement - counter = counter + 1: null

2018-12-13 12:48:07 - [TEST_STEP][PASSED] - Statement - PreSaveFile = new java.io.File(((pathPrefix + java.lang.Integer.toString(counter)) + .png)): null

2018-12-13 12:48:07 - [TEST_STEP][PASSED] - Statement - counter = counter + 1: null

2018-12-13 12:48:07 - [TEST_STEP][PASSED] - Statement - PreSaveFile = new java.io.File(((pathPrefix + java.lang.Integer.toString(counter)) + .png)): null

2018-12-13 12:48:07 - [TEST_STEP][PASSED] - Statement - counter = counter + 1: null

2018-12-13 12:48:07 - [TEST_STEP][PASSED] - Statement - PreSaveFile = new java.io.File(((pathPrefix + java.lang.Integer.toString(counter)) + .png)): null

2018-12-13 12:48:07 - [TEST_STEP][PASSED] - Statement - counter = counter + 1: null

2018-12-13 12:48:07 - [TEST_STEP][PASSED] - Statement - PreSaveFile = new java.io.File(((pathPrefix + java.lang.Integer.toString(counter)) + .png)): null

2018-12-13 12:48:07 - [TEST_STEP][PASSED] - Statement - counter = counter + 1: null

2018-12-13 12:48:07 - [TEST_STEP][PASSED] - Statement - PreSaveFile = new java.io.File(((pathPrefix + java.lang.Integer.toString(counter)) + .png)): null

2018-12-13 12:48:07 - [TEST_STEP][PASSED] - Statement - counter = counter + 1: null

2018-12-13 12:48:07 - [TEST_STEP][PASSED] - Statement - PreSaveFile = new java.io.File(((pathPrefix + java.lang.Integer.toString(counter)) + .png)): null

2018-12-13 12:48:07 - [TEST_STEP][PASSED] - Statement - counter = counter + 1: null

2018-12-13 12:48:07 - [TEST_STEP][PASSED] - Statement - PreSaveFile = new java.io.File(((pathPrefix + java.lang.Integer.toString(counter)) + .png)): null

2018-12-13 12:48:07 - [TEST_STEP][PASSED] - Statement - counter = counter + 1: null

2018-12-13 12:48:07 - [TEST_STEP][PASSED] - Statement - PreSaveFile = new java.io.File(((pathPrefix + java.lang.Integer.toString(counter)) + .png)): null

2018-12-13 12:48:07 - [TEST_STEP][PASSED] - Statement - counter = counter + 1: null

2018-12-13 12:48:07 - [TEST_STEP][PASSED] - Statement - PreSaveFile = new java.io.File(((pathPrefix + java.lang.Integer.toString(counter)) + .png)): null

2018-12-13 12:48:07 - [TEST_STEP][PASSED] - Statement - counter = counter + 1: null

2018-12-13 12:48:07 - [TEST_STEP][PASSED] - Statement - PreSaveFile = new java.io.File(((pathPrefix + java.lang.Integer.toString(counter)) + .png)): null

2018-12-13 12:48:07 - [TEST_STEP][PASSED] - Statement - counter = counter + 1: null

2018-12-13 12:48:07 - [TEST_STEP][PASSED] - Statement - PreSaveFile = new java.io.File(((pathPrefix + java.lang.Integer.toString(counter)) + .png)): null

2018-12-13 12:48:07 - [TEST_STEP][PASSED] - Statement - counter = counter + 1: null

2018-12-13 12:48:07 - [TEST_STEP][PASSED] - Statement - PreSaveFile = new java.io.File(((pathPrefix + java.lang.Integer.toString(counter)) + .png)): null

2018-12-13 12:48:07 - [TEST_STEP][PASSED] - Statement - counter = counter + 1: null

2018-12-13 12:48:07 - [TEST_STEP][PASSED] - Statement - PreSaveFile = new java.io.File(((pathPrefix + java.lang.Integer.toString(counter)) + .png)): null

2018-12-13 12:48:07 - [TEST_STEP][PASSED] - Statement - counter = counter + 1: null

2018-12-13 12:48:07 - [TEST_STEP][PASSED] - Statement - PreSaveFile = new java.io.File(((pathPrefix + java.lang.Integer.toString(counter)) + .png)): null

2018-12-13 12:48:07 - [TEST_STEP][PASSED] - Statement - counter = counter + 1: null

2018-12-13 12:48:07 - [TEST_STEP][PASSED] - Statement - PreSaveFile = new java.io.File(((pathPrefix + java.lang.Integer.toString(counter)) + .png)): null

2018-12-13 12:48:07 - [TEST_STEP][PASSED] - Statement - counter = counter + 1: null

2018-12-13 12:48:07 - [TEST_STEP][PASSED] - Statement - PreSaveFile = new java.io.File(((pathPrefix + java.lang.Integer.toString(counter)) + .png)): null

2018-12-13 12:48:07 - [TEST_STEP][PASSED] - Statement - counter = counter + 1: null

2018-12-13 12:48:07 - [TEST_STEP][PASSED] - Statement - PreSaveFile = new java.io.File(((pathPrefix + java.lang.Integer.toString(counter)) + .png)): null

2018-12-13 12:48:07 - [TEST_STEP][PASSED] - Statement - counter = counter + 1: null

2018-12-13 12:48:07 - [TEST_STEP][PASSED] - Statement - PreSaveFile = new java.io.File(((pathPrefix + java.lang.Integer.toString(counter)) + .png)): null

2018-12-13 12:48:07 - [TEST_STEP][PASSED] - Statement - counter = counter + 1: null

2018-12-13 12:48:07 - [TEST_STEP][PASSED] - Statement - PreSaveFile = new java.io.File(((pathPrefix + java.lang.Integer.toString(counter)) + .png)): null

2018-12-13 12:48:07 - [TEST_STEP][PASSED] - Statement - counter = counter + 1: null

2018-12-13 12:48:07 - [TEST_STEP][PASSED] - Statement - PreSaveFile = new java.io.File(((pathPrefix + java.lang.Integer.toString(counter)) + .png)): null

2018-12-13 12:48:07 - [TEST_STEP][PASSED] - Statement - counter = counter + 1: null

2018-12-13 12:48:07 - [TEST_STEP][PASSED] - Statement - PreSaveFile = new java.io.File(((pathPrefix + java.lang.Integer.toString(counter)) + .png)): null

2018-12-13 12:48:07 - [TEST_STEP][PASSED] - Statement - counter = counter + 1: null

2018-12-13 12:48:07 - [TEST_STEP][PASSED] - Statement - PreSaveFile = new java.io.File(((pathPrefix + java.lang.Integer.toString(counter)) + .png)): null

2018-12-13 12:48:07 - [TEST_STEP][PASSED] - Statement - counter = counter + 1: null

2018-12-13 12:48:07 - [TEST_STEP][PASSED] - Statement - PreSaveFile = new java.io.File(((pathPrefix + java.lang.Integer.toString(counter)) + .png)): null

2018-12-13 12:48:07 - [TEST_STEP][PASSED] - Statement - counter = counter + 1: null

2018-12-13 12:48:07 - [TEST_STEP][PASSED] - Statement - PreSaveFile = new java.io.File(((pathPrefix + java.lang.Integer.toString(counter)) + .png)): null

2018-12-13 12:48:07 - [TEST_STEP][PASSED] - Statement - counter = counter + 1: null

2018-12-13 12:48:07 - [TEST_STEP][PASSED] - Statement - PreSaveFile = new java.io.File(((pathPrefix + java.lang.Integer.toString(counter)) + .png)): null

2018-12-13 12:48:07 - [TEST_STEP][PASSED] - Statement - counter = counter + 1: null

2018-12-13 12:48:07 - [TEST_STEP][PASSED] - Statement - PreSaveFile = new java.io.File(((pathPrefix + java.lang.Integer.toString(counter)) + .png)): null

2018-12-13 12:48:07 - [TEST_STEP][PASSED] - Statement - counter = counter + 1: null

2018-12-13 12:48:07 - [TEST_STEP][PASSED] - Statement - PreSaveFile = new java.io.File(((pathPrefix + java.lang.Integer.toString(counter)) + .png)): null

2018-12-13 12:48:07 - [TEST_STEP][PASSED] - Statement - counter = counter + 1: null

2018-12-13 12:48:07 - [TEST_STEP][PASSED] - Statement - PreSaveFile = new java.io.File(((pathPrefix + java.lang.Integer.toString(counter)) + .png)): null

2018-12-13 12:48:07 - [TEST_STEP][PASSED] - Statement - counter = counter + 1: null

2018-12-13 12:48:07 - [TEST_STEP][PASSED] - Statement - PreSaveFile = new java.io.File(((pathPrefix + java.lang.Integer.toString(counter)) + .png)): null

2018-12-13 12:48:07 - [TEST_STEP][PASSED] - Statement - counter = counter + 1: null

2018-12-13 12:48:07 - [TEST_STEP][PASSED] - Statement - PreSaveFile = new java.io.File(((pathPrefix + java.lang.Integer.toString(counter)) + .png)): null

2018-12-13 12:48:07 - [TEST_STEP][PASSED] - Statement - counter = counter + 1: null

2018-12-13 12:48:07 - [TEST_STEP][PASSED] - Statement - PreSaveFile = new java.io.File(((pathPrefix + java.lang.Integer.toString(counter)) + .png)): null

2018-12-13 12:48:07 - [TEST_STEP][PASSED] - Statement - counter = counter + 1: null

2018-12-13 12:48:07 - [TEST_STEP][PASSED] - Statement - PreSaveFile = new java.io.File(((pathPrefix + java.lang.Integer.toString(counter)) + .png)): null

2018-12-13 12:48:07 - [TEST_STEP][PASSED] - Statement - counter = counter + 1: null

2018-12-13 12:48:07 - [TEST_STEP][PASSED] - Statement - PreSaveFile = new java.io.File(((pathPrefix + java.lang.Integer.toString(counter)) + .png)): null

2018-12-13 12:48:07 - [TEST_STEP][PASSED] - Statement - counter = counter + 1: null

2018-12-13 12:48:07 - [TEST_STEP][PASSED] - Statement - PreSaveFile = new java.io.File(((pathPrefix + java.lang.Integer.toString(counter)) + .png)): null

2018-12-13 12:48:07 - [TEST_STEP][PASSED] - Statement - counter = counter + 1: null

2018-12-13 12:48:07 - [TEST_STEP][PASSED] - Statement - PreSaveFile = new java.io.File(((pathPrefix + java.lang.Integer.toString(counter)) + .png)): null

2018-12-13 12:48:07 - [TEST_STEP][PASSED] - Statement - counter = counter + 1: null

2018-12-13 12:48:07 - [TEST_STEP][PASSED] - Statement - PreSaveFile = new java.io.File(((pathPrefix + java.lang.Integer.toString(counter)) + .png)): null

2018-12-13 12:48:07 - [TEST_STEP][PASSED] - Statement - counter = counter + 1: null

2018-12-13 12:48:07 - [TEST_STEP][PASSED] - Statement - PreSaveFile = new java.io.File(((pathPrefix + java.lang.Integer.toString(counter)) + .png)): null

2018-12-13 12:48:07 - [TEST_STEP][PASSED] - Statement - counter = counter + 1: null

2018-12-13 12:48:07 - [TEST_STEP][PASSED] - Statement - PreSaveFile = new java.io.File(((pathPrefix + java.lang.Integer.toString(counter)) + .png)): null

2018-12-13 12:48:07 - [TEST_STEP][PASSED] - Statement - counter = counter + 1: null

2018-12-13 12:48:07 - [TEST_STEP][PASSED] - Statement - PreSaveFile = new java.io.File(((pathPrefix + java.lang.Integer.toString(counter)) + .png)): null

2018-12-13 12:48:07 - [TEST_STEP][PASSED] - Statement - counter = counter + 1: null

2018-12-13 12:48:07 - [TEST_STEP][PASSED] - Statement - PreSaveFile = new java.io.File(((pathPrefix + java.lang.Integer.toString(counter)) + .png)): null

2018-12-13 12:48:07 - [TEST_STEP][PASSED] - Statement - counter = counter + 1: null

2018-12-13 12:48:07 - [TEST_STEP][PASSED] - Statement - PreSaveFile = new java.io.File(((pathPrefix + java.lang.Integer.toString(counter)) + .png)): null

2018-12-13 12:48:07 - [TEST_STEP][PASSED] - Statement - counter = counter + 1: null

2018-12-13 12:48:07 - [TEST_STEP][PASSED] - Statement - PreSaveFile = new java.io.File(((pathPrefix + java.lang.Integer.toString(counter)) + .png)): null

2018-12-13 12:48:07 - [TEST_STEP][PASSED] - Statement - counter = counter + 1: null

2018-12-13 12:48:07 - [TEST_STEP][PASSED] - Statement - PreSaveFile = new java.io.File(((pathPrefix + java.lang.Integer.toString(counter)) + .png)): null

2018-12-13 12:48:07 - [TEST_STEP][PASSED] - Statement - counter = counter + 1: null

2018-12-13 12:48:07 - [TEST_STEP][PASSED] - Statement - PreSaveFile = new java.io.File(((pathPrefix + java.lang.Integer.toString(counter)) + .png)): null

2018-12-13 12:48:07 - [TEST_STEP][PASSED] - Statement - counter = counter + 1: null

2018-12-13 12:48:07 - [TEST_STEP][PASSED] - Statement - PreSaveFile = new java.io.File(((pathPrefix + java.lang.Integer.toString(counter)) + .png)): null

2018-12-13 12:48:07 - [TEST_STEP][PASSED] - Statement - counter = counter + 1: null

2018-12-13 12:48:07 - [TEST_STEP][PASSED] - Statement - PreSaveFile = new java.io.File(((pathPrefix + java.lang.Integer.toString(counter)) + .png)): null

2018-12-13 12:48:07 - [TEST_STEP][PASSED] - Statement - counter = counter + 1: null

2018-12-13 12:48:07 - [TEST_STEP][PASSED] - Statement - PreSaveFile = new java.io.File(((pathPrefix + java.lang.Integer.toString(counter)) + .png)): null

2018-12-13 12:48:07 - [TEST_STEP][PASSED] - Statement - counter = counter + 1: null

2018-12-13 12:48:07 - [TEST_STEP][PASSED] - Statement - PreSaveFile = new java.io.File(((pathPrefix + java.lang.Integer.toString(counter)) + .png)): null

2018-12-13 12:48:07 - [TEST_STEP][PASSED] - Statement - counter = counter + 1: null

2018-12-13 12:48:07 - [TEST_STEP][PASSED] - Statement - PreSaveFile = new java.io.File(((pathPrefix + java.lang.Integer.toString(counter)) + .png)): null

2018-12-13 12:48:07 - [TEST_STEP][PASSED] - Statement - counter = counter + 1: null

2018-12-13 12:48:07 - [TEST_STEP][PASSED] - Statement - PreSaveFile = new java.io.File(((pathPrefix + java.lang.Integer.toString(counter)) + .png)): null

2018-12-13 12:48:07 - [TEST_STEP][PASSED] - Statement - counter = counter + 1: null

2018-12-13 12:48:07 - [TEST_STEP][PASSED] - Statement - PreSaveFile = new java.io.File(((pathPrefix + java.lang.Integer.toString(counter)) + .png)): null

2018-12-13 12:48:07 - [TEST_STEP][PASSED] - Statement - counter = counter + 1: null

2018-12-13 12:48:07 - [TEST_STEP][PASSED] - Statement - PreSaveFile = new java.io.File(((pathPrefix + java.lang.Integer.toString(counter)) + .png)): null

2018-12-13 12:48:07 - [TEST_STEP][PASSED] - Statement - counter = counter + 1: null

2018-12-13 12:48:07 - [TEST_STEP][PASSED] - Statement - PreSaveFile = new java.io.File(((pathPrefix + java.lang.Integer.toString(counter)) + .png)): null

2018-12-13 12:48:07 - [TEST_STEP][PASSED] - Statement - counter = counter + 1: null

2018-12-13 12:48:07 - [TEST_STEP][PASSED] - Statement - PreSaveFile = new java.io.File(((pathPrefix + java.lang.Integer.toString(counter)) + .png)): null

2018-12-13 12:48:07 - [TEST_STEP][PASSED] - Statement - counter = counter + 1: null

2018-12-13 12:48:07 - [TEST_STEP][PASSED] - Statement - PreSaveFile = new java.io.File(((pathPrefix + java.lang.Integer.toString(counter)) + .png)): null

2018-12-13 12:48:07 - [TEST_STEP][PASSED] - Statement - counter = counter + 1: null

2018-12-13 12:48:07 - [TEST_STEP][PASSED] - Statement - PreSaveFile = new java.io.File(((pathPrefix + java.lang.Integer.toString(counter)) + .png)): null

2018-12-13 12:48:07 - [TEST_STEP][PASSED] - Statement - counter = counter + 1: null

2018-12-13 12:48:07 - [TEST_STEP][PASSED] - Statement - PreSaveFile = new java.io.File(((pathPrefix + java.lang.Integer.toString(counter)) + .png)): null

2018-12-13 12:48:07 - [TEST_STEP][PASSED] - Statement - counter = counter + 1: null

2018-12-13 12:48:07 - [TEST_STEP][PASSED] - Statement - PreSaveFile = new java.io.File(((pathPrefix + java.lang.Integer.toString(counter)) + .png)): null

2018-12-13 12:48:07 - [TEST_STEP][PASSED] - Statement - counter = counter + 1: null

2018-12-13 12:48:07 - [TEST_STEP][PASSED] - Statement - PreSaveFile = new java.io.File(((pathPrefix + java.lang.Integer.toString(counter)) + .png)): null

2018-12-13 12:48:07 - [TEST_STEP][PASSED] - Statement - counter = counter + 1: null

2018-12-13 12:48:07 - [TEST_STEP][PASSED] - Statement - PreSaveFile = new java.io.File(((pathPrefix + java.lang.Integer.toString(counter)) + .png)): null

2018-12-13 12:48:07 - [TEST_STEP][PASSED] - Statement - counter = counter + 1: null

2018-12-13 12:48:07 - [TEST_STEP][PASSED] - Statement - PreSaveFile = new java.io.File(((pathPrefix + java.lang.Integer.toString(counter)) + .png)): null

2018-12-13 12:48:07 - [TEST_STEP][PASSED] - Statement - counter = counter + 1: null

2018-12-13 12:48:07 - [TEST_STEP][PASSED] - Statement - PreSaveFile = new java.io.File(((pathPrefix + java.lang.Integer.toString(counter)) + .png)): null

2018-12-13 12:48:07 - [TEST_STEP][PASSED] - Statement - counter = counter + 1: null

2018-12-13 12:48:07 - [TEST_STEP][PASSED] - Statement - PreSaveFile = new java.io.File(((pathPrefix + java.lang.Integer.toString(counter)) + .png)): null

2018-12-13 12:48:07 - [TEST_STEP][PASSED] - Statement - counter = counter + 1: null

2018-12-13 12:48:07 - [TEST_STEP][PASSED] - Statement - PreSaveFile = new java.io.File(((pathPrefix + java.lang.Integer.toString(counter)) + .png)): null

2018-12-13 12:48:07 - [TEST_STEP][PASSED] - Statement - counter = counter + 1: null

2018-12-13 12:48:07 - [TEST_STEP][PASSED] - Statement - PreSaveFile = new java.io.File(((pathPrefix + java.lang.Integer.toString(counter)) + .png)): null

2018-12-13 12:48:07 - [TEST_STEP][PASSED] - Statement - counter = counter + 1: null

2018-12-13 12:48:07 - [TEST_STEP][PASSED] - Statement - PreSaveFile = new java.io.File(((pathPrefix + java.lang.Integer.toString(counter)) + .png)): null

2018-12-13 12:48:07 - [TEST_STEP][PASSED] - Statement - counter = counter + 1: null

2018-12-13 12:48:07 - [TEST_STEP][PASSED] - Statement - PreSaveFile = new java.io.File(((pathPrefix + java.lang.Integer.toString(counter)) + .png)): null

2018-12-13 12:48:07 - [TEST_STEP][PASSED] - Statement - counter = counter + 1: null

2018-12-13 12:48:07 - [TEST_STEP][PASSED] - Statement - PreSaveFile = new java.io.File(((pathPrefix + java.lang.Integer.toString(counter)) + .png)): null

2018-12-13 12:48:07 - [TEST_STEP][PASSED] - Statement - counter = counter + 1: null

2018-12-13 12:48:07 - [TEST_STEP][PASSED] - Statement - PreSaveFile = new java.io.File(((pathPrefix + java.lang.Integer.toString(counter)) + .png)): null

2018-12-13 12:48:07 - [TEST_STEP][PASSED] - Statement - counter = counter + 1: null

2018-12-13 12:48:07 - [TEST_STEP][PASSED] - Statement - PreSaveFile = new java.io.File(((pathPrefix + java.lang.Integer.toString(counter)) + .png)): null

2018-12-13 12:48:07 - [TEST_STEP][PASSED] - Statement - counter = counter + 1: null

2018-12-13 12:48:07 - [TEST_STEP][PASSED] - Statement - PreSaveFile = new java.io.File(((pathPrefix + java.lang.Integer.toString(counter)) + .png)): null

2018-12-13 12:48:07 - [TEST_STEP][PASSED] - Statement - counter = counter + 1: null

2018-12-13 12:48:07 - [TEST_STEP][PASSED] - Statement - PreSaveFile = new java.io.File(((pathPrefix + java.lang.Integer.toString(counter)) + .png)): null

2018-12-13 12:48:07 - [TEST_STEP][PASSED] - Statement - counter = counter + 1: null

2018-12-13 12:48:07 - [TEST_STEP][PASSED] - Statement - PreSaveFile = new java.io.File(((pathPrefix + java.lang.Integer.toString(counter)) + .png)): null

2018-12-13 12:48:07 - [TEST_STEP][PASSED] - Statement - counter = counter + 1: null

2018-12-13 12:48:07 - [TEST_STEP][PASSED] - Statement - PreSaveFile = new java.io.File(((pathPrefix + java.lang.Integer.toString(counter)) + .png)): null

2018-12-13 12:48:07 - [TEST_STEP][PASSED] - Statement - counter = counter + 1: null

2018-12-13 12:48:07 - [TEST_STEP][PASSED] - Statement - PreSaveFile = new java.io.File(((pathPrefix + java.lang.Integer.toString(counter)) + .png)): null

2018-12-13 12:48:07 - [TEST_STEP][PASSED] - Statement - counter = counter + 1: null

2018-12-13 12:48:07 - [TEST_STEP][PASSED] - Statement - PreSaveFile = new java.io.File(((pathPrefix + java.lang.Integer.toString(counter)) + .png)): null

2018-12-13 12:48:07 - [TEST_STEP][PASSED] - Statement - counter = counter + 1: null

2018-12-13 12:48:07 - [TEST_STEP][PASSED] - Statement - PreSaveFile = new java.io.File(((pathPrefix + java.lang.Integer.toString(counter)) + .png)): null

2018-12-13 12:48:07 - [TEST_STEP][PASSED] - Statement - counter = counter + 1: null

2018-12-13 12:48:07 - [TEST_STEP][PASSED] - Statement - PreSaveFile = new java.io.File(((pathPrefix + java.lang.Integer.toString(counter)) + .png)): null

2018-12-13 12:48:07 - [TEST_STEP][PASSED] - Statement - counter = counter + 1: null

2018-12-13 12:48:07 - [TEST_STEP][PASSED] - Statement - PreSaveFile = new java.io.File(((pathPrefix + java.lang.Integer.toString(counter)) + .png)): null

2018-12-13 12:48:07 - [TEST_STEP][PASSED] - Statement - counter = counter + 1: null

2018-12-13 12:48:07 - [TEST_STEP][PASSED] - Statement - PreSaveFile = new java.io.File(((pathPrefix + java.lang.Integer.toString(counter)) + .png)): null

2018-12-13 12:48:07 - [TEST_STEP][PASSED] - Statement - counter = counter + 1: null

2018-12-13 12:48:07 - [TEST_STEP][PASSED] - Statement - PreSaveFile = new java.io.File(((pathPrefix + java.lang.Integer.toString(counter)) + .png)): null

2018-12-13 12:48:07 - [TEST_STEP][PASSED] - Statement - counter = counter + 1: null

2018-12-13 12:48:07 - [TEST_STEP][PASSED] - Statement - PreSaveFile = new java.io.File(((pathPrefix + java.lang.Integer.toString(counter)) + .png)): null

2018-12-13 12:48:07 - [TEST_STEP][PASSED] - Statement - counter = counter + 1: null

2018-12-13 12:48:07 - [TEST_STEP][PASSED] - Statement - PreSaveFile = new java.io.File(((pathPrefix + java.lang.Integer.toString(counter)) + .png)): null

2018-12-13 12:48:07 - [TEST_STEP][PASSED] - Statement - counter = counter + 1: null

2018-12-13 12:48:07 - [TEST_STEP][PASSED] - Statement - PreSaveFile = new java.io.File(((pathPrefix + java.lang.Integer.toString(counter)) + .png)): null

2018-12-13 12:48:07 - [TEST_STEP][PASSED] - Statement - counter = counter + 1: null

2018-12-13 12:48:07 - [TEST_STEP][PASSED] - Statement - PreSaveFile = new java.io.File(((pathPrefix + java.lang.Integer.toString(counter)) + .png)): null

2018-12-13 12:48:07 - [TEST_STEP][PASSED] - Statement - counter = counter + 1: null

2018-12-13 12:48:07 - [TEST_STEP][PASSED] - Statement - PreSaveFile = new java.io.File(((pathPrefix + java.lang.Integer.toString(counter)) + .png)): null

2018-12-13 12:48:07 - [TEST_STEP][PASSED] - Statement - counter = counter + 1: null

2018-12-13 12:48:07 - [TEST_STEP][PASSED] - Statement - PreSaveFile = new java.io.File(((pathPrefix + java.lang.Integer.toString(counter)) + .png)): null

2018-12-13 12:48:07 - [TEST_STEP][PASSED] - Statement - counter = counter + 1: null

2018-12-13 12:48:07 - [TEST_STEP][PASSED] - Statement - PreSaveFile = new java.io.File(((pathPrefix + java.lang.Integer.toString(counter)) + .png)): null

2018-12-13 12:48:07 - [TEST_STEP][PASSED] - Statement - counter = counter + 1: null

2018-12-13 12:48:07 - [TEST_STEP][PASSED] - Statement - PreSaveFile = new java.io.File(((pathPrefix + java.lang.Integer.toString(counter)) + .png)): null

2018-12-13 12:48:07 - [TEST_STEP][PASSED] - Statement - counter = counter + 1: null

2018-12-13 12:48:07 - [TEST_STEP][PASSED] - Statement - PreSaveFile = new java.io.File(((pathPrefix + java.lang.Integer.toString(counter)) + .png)): null

2018-12-13 12:48:07 - [TEST_STEP][PASSED] - Statement - counter = counter + 1: null

2018-12-13 12:48:07 - [TEST_STEP][PASSED] - Statement - PreSaveFile = new java.io.File(((pathPrefix + java.lang.Integer.toString(counter)) + .png)): null

2018-12-13 12:48:07 - [TEST_STEP][PASSED] - Statement - counter = counter + 1: null

2018-12-13 12:48:07 - [TEST_STEP][PASSED] - Statement - PreSaveFile = new java.io.File(((pathPrefix + java.lang.Integer.toString(counter)) + .png)): null

2018-12-13 12:48:07 - [TEST_STEP][PASSED] - Statement - counter = counter + 1: null

2018-12-13 12:48:07 - [TEST_STEP][PASSED] - Statement - PreSaveFile = new java.io.File(((pathPrefix + java.lang.Integer.toString(counter)) + .png)): null

2018-12-13 12:48:07 - [TEST_STEP][PASSED] - Statement - counter = counter + 1: null

2018-12-13 12:48:07 - [TEST_STEP][PASSED] - Statement - PreSaveFile = new java.io.File(((pathPrefix + java.lang.Integer.toString(counter)) + .png)): null

2018-12-13 12:48:08 - [TEST_STEP][PASSED] - Statement - counter = counter + 1: null

2018-12-13 12:48:08 - [TEST_STEP][PASSED] - Statement - PreSaveFile = new java.io.File(((pathPrefix + java.lang.Integer.toString(counter)) + .png)): null

2018-12-13 12:48:08 - [TEST_STEP][PASSED] - Statement - counter = counter + 1: null

2018-12-13 12:48:08 - [TEST_STEP][PASSED] - Statement - PreSaveFile = new java.io.File(((pathPrefix + java.lang.Integer.toString(counter)) + .png)): null

2018-12-13 12:48:08 - [TEST_STEP][PASSED] - Statement - counter = counter + 1: null

2018-12-13 12:48:08 - [TEST_STEP][PASSED] - Statement - PreSaveFile = new java.io.File(((pathPrefix + java.lang.Integer.toString(counter)) + .png)): null

2018-12-13 12:48:08 - [TEST_STEP][PASSED] - Statement - counter = counter + 1: null

2018-12-13 12:48:08 - [TEST_STEP][PASSED] - Statement - PreSaveFile = new java.io.File(((pathPrefix + java.lang.Integer.toString(counter)) + .png)): null

2018-12-13 12:48:08 - [TEST_STEP][PASSED] - Statement - counter = counter + 1: null

2018-12-13 12:48:08 - [TEST_STEP][PASSED] - Statement - PreSaveFile = new java.io.File(((pathPrefix + java.lang.Integer.toString(counter)) + .png)): null

2018-12-13 12:48:08 - [TEST_STEP][PASSED] - Statement - counter = counter + 1: null

2018-12-13 12:48:08 - [TEST_STEP][PASSED] - Statement - PreSaveFile = new java.io.File(((pathPrefix + java.lang.Integer.toString(counter)) + .png)): null

2018-12-13 12:48:08 - [TEST_STEP][PASSED] - Statement - counter = counter + 1: null

2018-12-13 12:48:08 - [TEST_STEP][PASSED] - Statement - PreSaveFile = new java.io.File(((pathPrefix + java.lang.Integer.toString(counter)) + .png)): null

2018-12-13 12:48:08 - [TEST_STEP][PASSED] - Statement - counter = counter + 1: null

2018-12-13 12:48:08 - [TEST_STEP][PASSED] - Statement - PreSaveFile = new java.io.File(((pathPrefix + java.lang.Integer.toString(counter)) + .png)): null

2018-12-13 12:48:08 - [TEST_STEP][PASSED] - Statement - counter = counter + 1: null

2018-12-13 12:48:08 - [TEST_STEP][PASSED] - Statement - PreSaveFile = new java.io.File(((pathPrefix + java.lang.Integer.toString(counter)) + .png)): null

2018-12-13 12:48:08 - [TEST_STEP][PASSED] - Statement - counter = counter + 1: null

2018-12-13 12:48:08 - [TEST_STEP][PASSED] - Statement - PreSaveFile = new java.io.File(((pathPrefix + java.lang.Integer.toString(counter)) + .png)): null

2018-12-13 12:48:08 - [TEST_STEP][PASSED] - Statement - counter = counter + 1: null

2018-12-13 12:48:08 - [TEST_STEP][PASSED] - Statement - PreSaveFile = new java.io.File(((pathPrefix + java.lang.Integer.toString(counter)) + .png)): null

2018-12-13 12:48:08 - [TEST_STEP][PASSED] - Statement - counter = counter + 1: null

2018-12-13 12:48:08 - [TEST_STEP][PASSED] - Statement - PreSaveFile = new java.io.File(((pathPrefix + java.lang.Integer.toString(counter)) + .png)): null

2018-12-13 12:48:08 - [TEST_STEP][PASSED] - Statement - counter = counter + 1: null

2018-12-13 12:48:08 - [TEST_STEP][PASSED] - Statement - PreSaveFile = new java.io.File(((pathPrefix + java.lang.Integer.toString(counter)) + .png)): null

2018-12-13 12:48:08 - [TEST_STEP][PASSED] - Statement - counter = counter + 1: null

2018-12-13 12:48:08 - [TEST_STEP][PASSED] - Statement - PreSaveFile = new java.io.File(((pathPrefix + java.lang.Integer.toString(counter)) + .png)): null

2018-12-13 12:48:08 - [TEST_STEP][PASSED] - Statement - counter = counter + 1: null

2018-12-13 12:48:08 - [TEST_STEP][PASSED] - Statement - PreSaveFile = new java.io.File(((pathPrefix + java.lang.Integer.toString(counter)) + .png)): null

2018-12-13 12:48:08 - [TEST_STEP][PASSED] - Statement - counter = counter + 1: null

2018-12-13 12:48:08 - [TEST_STEP][PASSED] - Statement - PreSaveFile = new java.io.File(((pathPrefix + java.lang.Integer.toString(counter)) + .png)): null

2018-12-13 12:48:08 - [TEST_STEP][PASSED] - Statement - counter = counter + 1: null

2018-12-13 12:48:08 - [TEST_STEP][PASSED] - Statement - PreSaveFile = new java.io.File(((pathPrefix + java.lang.Integer.toString(counter)) + .png)): null

2018-12-13 12:48:08 - [TEST_STEP][PASSED] - Statement - counter = counter + 1: null

2018-12-13 12:48:08 - [TEST_STEP][PASSED] - Statement - PreSaveFile = new java.io.File(((pathPrefix + java.lang.Integer.toString(counter)) + .png)): null

2018-12-13 12:48:08 - [TEST_STEP][PASSED] - Statement - counter = counter + 1: null

2018-12-13 12:48:08 - [TEST_STEP][PASSED] - Statement - PreSaveFile = new java.io.File(((pathPrefix + java.lang.Integer.toString(counter)) + .png)): null

2018-12-13 12:48:08 - [TEST_STEP][PASSED] - Statement - counter = counter + 1: null

2018-12-13 12:48:08 - [TEST_STEP][PASSED] - Statement - PreSaveFile = new java.io.File(((pathPrefix + java.lang.Integer.toString(counter)) + .png)): null

2018-12-13 12:48:08 - [TEST_STEP][PASSED] - Statement - counter = counter + 1: null

2018-12-13 12:48:08 - [TEST_STEP][PASSED] - Statement - PreSaveFile = new java.io.File(((pathPrefix + java.lang.Integer.toString(counter)) + .png)): null

2018-12-13 12:48:08 - [TEST_STEP][PASSED] - Statement - counter = counter + 1: null

2018-12-13 12:48:08 - [TEST_STEP][PASSED] - Statement - PreSaveFile = new java.io.File(((pathPrefix + java.lang.Integer.toString(counter)) + .png)): null

2018-12-13 12:48:08 - [TEST_STEP][PASSED] - Statement - counter = counter + 1: null

2018-12-13 12:48:08 - [TEST_STEP][PASSED] - Statement - PreSaveFile = new java.io.File(((pathPrefix + java.lang.Integer.toString(counter)) + .png)): null

2018-12-13 12:48:08 - [TEST_STEP][PASSED] - Statement - counter = counter + 1: null

2018-12-13 12:48:08 - [TEST_STEP][PASSED] - Statement - PreSaveFile = new java.io.File(((pathPrefix + java.lang.Integer.toString(counter)) + .png)): null

2018-12-13 12:48:08 - [TEST_STEP][PASSED] - Statement - counter = counter + 1: null

2018-12-13 12:48:08 - [TEST_STEP][PASSED] - Statement - PreSaveFile = new java.io.File(((pathPrefix + java.lang.Integer.toString(counter)) + .png)): null

2018-12-13 12:48:08 - [TEST_STEP][PASSED] - Statement - counter = counter + 1: null

2018-12-13 12:48:08 - [TEST_STEP][PASSED] - Statement - PreSaveFile = new java.io.File(((pathPrefix + java.lang.Integer.toString(counter)) + .png)): null

2018-12-13 12:48:08 - [TEST_STEP][PASSED] - Statement - counter = counter + 1: null

2018-12-13 12:48:08 - [TEST_STEP][PASSED] - Statement - PreSaveFile = new java.io.File(((pathPrefix + java.lang.Integer.toString(counter)) + .png)): null

2018-12-13 12:48:08 - [TEST_STEP][PASSED] - Statement - counter = counter + 1: null

2018-12-13 12:48:08 - [TEST_STEP][PASSED] - Statement - PreSaveFile = new java.io.File(((pathPrefix + java.lang.Integer.toString(counter)) + .png)): null

2018-12-13 12:48:08 - [TEST_STEP][PASSED] - Statement - counter = counter + 1: null

2018-12-13 12:48:08 - [TEST_STEP][PASSED] - Statement - PreSaveFile = new java.io.File(((pathPrefix + java.lang.Integer.toString(counter)) + .png)): null

2018-12-13 12:48:08 - [TEST_STEP][PASSED] - Statement - counter = counter + 1: null

2018-12-13 12:48:08 - [TEST_STEP][PASSED] - Statement - PreSaveFile = new java.io.File(((pathPrefix + java.lang.Integer.toString(counter)) + .png)): null

2018-12-13 12:48:08 - [TEST_STEP][PASSED] - Statement - counter = counter + 1: null

2018-12-13 12:48:08 - [TEST_STEP][PASSED] - Statement - PreSaveFile = new java.io.File(((pathPrefix + java.lang.Integer.toString(counter)) + .png)): null

2018-12-13 12:48:08 - [TEST_STEP][PASSED] - Statement - counter = counter + 1: null

2018-12-13 12:48:08 - [TEST_STEP][PASSED] - Statement - PreSaveFile = new java.io.File(((pathPrefix + java.lang.Integer.toString(counter)) + .png)): null

2018-12-13 12:48:08 - [TEST_STEP][PASSED] - Statement - counter = counter + 1: null

2018-12-13 12:48:08 - [TEST_STEP][PASSED] - Statement - PreSaveFile = new java.io.File(((pathPrefix + java.lang.Integer.toString(counter)) + .png)): null

2018-12-13 12:48:08 - [TEST_STEP][PASSED] - Statement - counter = counter + 1: null

2018-12-13 12:48:08 - [TEST_STEP][PASSED] - Statement - PreSaveFile = new java.io.File(((pathPrefix + java.lang.Integer.toString(counter)) + .png)): null

2018-12-13 12:48:08 - [TEST_STEP][PASSED] - Statement - counter = counter + 1: null

2018-12-13 12:48:08 - [TEST_STEP][PASSED] - Statement - PreSaveFile = new java.io.File(((pathPrefix + java.lang.Integer.toString(counter)) + .png)): null

2018-12-13 12:48:08 - [TEST_STEP][PASSED] - Statement - counter = counter + 1: null

2018-12-13 12:48:08 - [TEST_STEP][PASSED] - Statement - PreSaveFile = new java.io.File(((pathPrefix + java.lang.Integer.toString(counter)) + .png)): null

2018-12-13 12:48:08 - [TEST_STEP][PASSED] - Statement - counter = counter + 1: null

2018-12-13 12:48:08 - [TEST_STEP][PASSED] - Statement - PreSaveFile = new java.io.File(((pathPrefix + java.lang.Integer.toString(counter)) + .png)): null

2018-12-13 12:48:08 - [TEST_STEP][PASSED] - Statement - counter = counter + 1: null

2018-12-13 12:48:08 - [TEST_STEP][PASSED] - Statement - PreSaveFile = new java.io.File(((pathPrefix + java.lang.Integer.toString(counter)) + .png)): null

2018-12-13 12:48:08 - [TEST_STEP][PASSED] - Statement - counter = counter + 1: null

2018-12-13 12:48:08 - [TEST_STEP][PASSED] - Statement - PreSaveFile = new java.io.File(((pathPrefix + java.lang.Integer.toString(counter)) + .png)): null

2018-12-13 12:48:08 - [TEST_STEP][PASSED] - Statement - counter = counter + 1: null

2018-12-13 12:48:08 - [TEST_STEP][PASSED] - Statement - PreSaveFile = new java.io.File(((pathPrefix + java.lang.Integer.toString(counter)) + .png)): null

2018-12-13 12:48:08 - [TEST_STEP][PASSED] - Statement - counter = counter + 1: null

2018-12-13 12:48:08 - [TEST_STEP][PASSED] - Statement - PreSaveFile = new java.io.File(((pathPrefix + java.lang.Integer.toString(counter)) + .png)): null

2018-12-13 12:48:08 - [TEST_STEP][PASSED] - Statement - counter = counter + 1: null

2018-12-13 12:48:08 - [TEST_STEP][PASSED] - Statement - PreSaveFile = new java.io.File(((pathPrefix + java.lang.Integer.toString(counter)) + .png)): null

2018-12-13 12:48:08 - [TEST_STEP][PASSED] - Statement - counter = counter + 1: null

2018-12-13 12:48:08 - [TEST_STEP][PASSED] - Statement - PreSaveFile = new java.io.File(((pathPrefix + java.lang.Integer.toString(counter)) + .png)): null

2018-12-13 12:48:08 - [TEST_STEP][PASSED] - Statement - counter = counter + 1: null

2018-12-13 12:48:08 - [TEST_STEP][PASSED] - Statement - PreSaveFile = new java.io.File(((pathPrefix + java.lang.Integer.toString(counter)) + .png)): null

2018-12-13 12:48:08 - [TEST_STEP][PASSED] - Statement - counter = counter + 1: null

2018-12-13 12:48:08 - [TEST_STEP][PASSED] - Statement - PreSaveFile = new java.io.File(((pathPrefix + java.lang.Integer.toString(counter)) + .png)): null

2018-12-13 12:48:08 - [TEST_STEP][PASSED] - Statement - counter = counter + 1: null

2018-12-13 12:48:08 - [TEST_STEP][PASSED] - Statement - PreSaveFile = new java.io.File(((pathPrefix + java.lang.Integer.toString(counter)) + .png)): null

2018-12-13 12:48:08 - [TEST_STEP][PASSED] - Statement - counter = counter + 1: null

2018-12-13 12:48:08 - [TEST_STEP][PASSED] - Statement - PreSaveFile = new java.io.File(((pathPrefix + java.lang.Integer.toString(counter)) + .png)): null

2018-12-13 12:48:08 - [TEST_STEP][PASSED] - Statement - counter = counter + 1: null

2018-12-13 12:48:08 - [TEST_STEP][PASSED] - Statement - PreSaveFile = new java.io.File(((pathPrefix + java.lang.Integer.toString(counter)) + .png)): null

2018-12-13 12:48:08 - [TEST_STEP][PASSED] - Statement - counter = counter + 1: null

2018-12-13 12:48:08 - [TEST_STEP][PASSED] - Statement - PreSaveFile = new java.io.File(((pathPrefix + java.lang.Integer.toString(counter)) + .png)): null

2018-12-13 12:48:08 - [TEST_STEP][PASSED] - Statement - counter = counter + 1: null

2018-12-13 12:48:08 - [TEST_STEP][PASSED] - Statement - PreSaveFile = new java.io.File(((pathPrefix + java.lang.Integer.toString(counter)) + .png)): null

2018-12-13 12:48:08 - [TEST_STEP][PASSED] - Statement - counter = counter + 1: null

2018-12-13 12:48:08 - [TEST_STEP][PASSED] - Statement - PreSaveFile = new java.io.File(((pathPrefix + java.lang.Integer.toString(counter)) + .png)): null

2018-12-13 12:48:08 - [TEST_STEP][PASSED] - Statement - counter = counter + 1: null

2018-12-13 12:48:08 - [TEST_STEP][PASSED] - Statement - PreSaveFile = new java.io.File(((pathPrefix + java.lang.Integer.toString(counter)) + .png)): null

2018-12-13 12:48:08 - [TEST_STEP][PASSED] - Statement - counter = counter + 1: null

2018-12-13 12:48:08 - [TEST_STEP][PASSED] - Statement - PreSaveFile = new java.io.File(((pathPrefix + java.lang.Integer.toString(counter)) + .png)): null

2018-12-13 12:48:08 - [TEST_STEP][PASSED] - Statement - counter = counter + 1: null

2018-12-13 12:48:08 - [TEST_STEP][PASSED] - Statement - PreSaveFile = new java.io.File(((pathPrefix + java.lang.Integer.toString(counter)) + .png)): null

2018-12-13 12:48:08 - [TEST_STEP][PASSED] - Statement - counter = counter + 1: null

2018-12-13 12:48:08 - [TEST_STEP][PASSED] - Statement - PreSaveFile = new java.io.File(((pathPrefix + java.lang.Integer.toString(counter)) + .png)): null

2018-12-13 12:48:08 - [TEST_STEP][PASSED] - Statement - counter = counter + 1: null

2018-12-13 12:48:08 - [TEST_STEP][PASSED] - Statement - PreSaveFile = new java.io.File(((pathPrefix + java.lang.Integer.toString(counter)) + .png)): null

2018-12-13 12:48:08 - [TEST_STEP][PASSED] - Statement - counter = counter + 1: null

2018-12-13 12:48:08 - [TEST_STEP][PASSED] - Statement - PreSaveFile = new java.io.File(((pathPrefix + java.lang.Integer.toString(counter)) + .png)): null

2018-12-13 12:48:08 - [TEST_STEP][PASSED] - Statement - counter = counter + 1: null

2018-12-13 12:48:08 - [TEST_STEP][PASSED] - Statement - PreSaveFile = new java.io.File(((pathPrefix + java.lang.Integer.toString(counter)) + .png)): null

2018-12-13 12:48:08 - [TEST_STEP][PASSED] - Statement - counter = counter + 1: null

2018-12-13 12:48:08 - [TEST_STEP][PASSED] - Statement - PreSaveFile = new java.io.File(((pathPrefix + java.lang.Integer.toString(counter)) + .png)): null

2018-12-13 12:48:08 - [TEST_STEP][PASSED] - Statement - counter = counter + 1: null

2018-12-13 12:48:08 - [TEST_STEP][PASSED] - Statement - PreSaveFile = new java.io.File(((pathPrefix + java.lang.Integer.toString(counter)) + .png)): null

2018-12-13 12:48:08 - [TEST_STEP][PASSED] - Statement - counter = counter + 1: null

2018-12-13 12:48:08 - [TEST_STEP][PASSED] - Statement - PreSaveFile = new java.io.File(((pathPrefix + java.lang.Integer.toString(counter)) + .png)): null

2018-12-13 12:48:08 - [TEST_STEP][PASSED] - Statement - counter = counter + 1: null

2018-12-13 12:48:08 - [TEST_STEP][PASSED] - Statement - PreSaveFile = new java.io.File(((pathPrefix + java.lang.Integer.toString(counter)) + .png)): null

2018-12-13 12:48:08 - [TEST_STEP][PASSED] - Statement - counter = counter + 1: null

2018-12-13 12:48:08 - [TEST_STEP][PASSED] - Statement - PreSaveFile = new java.io.File(((pathPrefix + java.lang.Integer.toString(counter)) + .png)): null

2018-12-13 12:48:08 - [TEST_STEP][PASSED] - Statement - counter = counter + 1: null

2018-12-13 12:48:08 - [TEST_STEP][PASSED] - Statement - PreSaveFile = new java.io.File(((pathPrefix + java.lang.Integer.toString(counter)) + .png)): null

2018-12-13 12:48:08 - [TEST_STEP][PASSED] - Statement - counter = counter + 1: null

2018-12-13 12:48:08 - [TEST_STEP][PASSED] - Statement - PreSaveFile = new java.io.File(((pathPrefix + java.lang.Integer.toString(counter)) + .png)): null

2018-12-13 12:48:08 - [TEST_STEP][PASSED] - Statement - counter = counter + 1: null

2018-12-13 12:48:08 - [TEST_STEP][PASSED] - Statement - PreSaveFile = new java.io.File(((pathPrefix + java.lang.Integer.toString(counter)) + .png)): null

2018-12-13 12:48:08 - [TEST_STEP][PASSED] - Statement - counter = counter + 1: null

2018-12-13 12:48:08 - [TEST_STEP][PASSED] - Statement - PreSaveFile = new java.io.File(((pathPrefix + java.lang.Integer.toString(counter)) + .png)): null

2018-12-13 12:48:08 - [TEST_STEP][PASSED] - Statement - counter = counter + 1: null

2018-12-13 12:48:08 - [TEST_STEP][PASSED] - Statement - PreSaveFile = new java.io.File(((pathPrefix + java.lang.Integer.toString(counter)) + .png)): null

2018-12-13 12:48:08 - [TEST_STEP][PASSED] - Statement - counter = counter + 1: null

2018-12-13 12:48:08 - [TEST_STEP][PASSED] - Statement - PreSaveFile = new java.io.File(((pathPrefix + java.lang.Integer.toString(counter)) + .png)): null

2018-12-13 12:48:08 - [TEST_STEP][PASSED] - Statement - counter = counter + 1: null

2018-12-13 12:48:08 - [TEST_STEP][PASSED] - Statement - PreSaveFile = new java.io.File(((pathPrefix + java.lang.Integer.toString(counter)) + .png)): null

2018-12-13 12:48:08 - [TEST_STEP][PASSED] - Statement - counter = counter + 1: null

2018-12-13 12:48:08 - [TEST_STEP][PASSED] - Statement - PreSaveFile = new java.io.File(((pathPrefix + java.lang.Integer.toString(counter)) + .png)): null

2018-12-13 12:48:08 - [TEST_STEP][PASSED] - Statement - counter = counter + 1: null

2018-12-13 12:48:08 - [TEST_STEP][PASSED] - Statement - PreSaveFile = new java.io.File(((pathPrefix + java.lang.Integer.toString(counter)) + .png)): null

2018-12-13 12:48:08 - [TEST_STEP][PASSED] - Statement - counter = counter + 1: null

2018-12-13 12:48:08 - [TEST_STEP][PASSED] - Statement - PreSaveFile = new java.io.File(((pathPrefix + java.lang.Integer.toString(counter)) + .png)): null

2018-12-13 12:48:08 - [TEST_STEP][PASSED] - Statement - counter = counter + 1: null

2018-12-13 12:48:08 - [TEST_STEP][PASSED] - Statement - PreSaveFile = new java.io.File(((pathPrefix + java.lang.Integer.toString(counter)) + .png)): null

2018-12-13 12:48:08 - [TEST_STEP][PASSED] - Statement - counter = counter + 1: null

2018-12-13 12:48:08 - [TEST_STEP][PASSED] - Statement - PreSaveFile = new java.io.File(((pathPrefix + java.lang.Integer.toString(counter)) + .png)): null

2018-12-13 12:48:08 - [TEST_STEP][PASSED] - Statement - counter = counter + 1: null

2018-12-13 12:48:08 - [TEST_STEP][PASSED] - Statement - PreSaveFile = new java.io.File(((pathPrefix + java.lang.Integer.toString(counter)) + .png)): null

2018-12-13 12:48:08 - [TEST_STEP][PASSED] - Statement - counter = counter + 1: null

2018-12-13 12:48:08 - [TEST_STEP][PASSED] - Statement - PreSaveFile = new java.io.File(((pathPrefix + java.lang.Integer.toString(counter)) + .png)): null

2018-12-13 12:48:08 - [TEST_STEP][PASSED] - Statement - counter = counter + 1: null

2018-12-13 12:48:08 - [TEST_STEP][PASSED] - Statement - PreSaveFile = new java.io.File(((pathPrefix + java.lang.Integer.toString(counter)) + .png)): null

2018-12-13 12:48:08 - [TEST_STEP][PASSED] - Statement - counter = counter + 1: null

2018-12-13 12:48:08 - [TEST_STEP][PASSED] - Statement - PreSaveFile = new java.io.File(((pathPrefix + java.lang.Integer.toString(counter)) + .png)): null

2018-12-13 12:48:08 - [TEST_STEP][PASSED] - Statement - counter = counter + 1: null

2018-12-13 12:48:08 - [TEST_STEP][PASSED] - Statement - PreSaveFile = new java.io.File(((pathPrefix + java.lang.Integer.toString(counter)) + .png)): null

2018-12-13 12:48:08 - [TEST_STEP][PASSED] - Statement - counter = counter + 1: null

2018-12-13 12:48:08 - [TEST_STEP][PASSED] - Statement - PreSaveFile = new java.io.File(((pathPrefix + java.lang.Integer.toString(counter)) + .png)): null

2018-12-13 12:48:08 - [TEST_STEP][PASSED] - Statement - counter = counter + 1: null

2018-12-13 12:48:08 - [TEST_STEP][PASSED] - Statement - PreSaveFile = new java.io.File(((pathPrefix + java.lang.Integer.toString(counter)) + .png)): null

2018-12-13 12:48:08 - [TEST_STEP][PASSED] - Statement - counter = counter + 1: null

2018-12-13 12:48:08 - [TEST_STEP][PASSED] - Statement - PreSaveFile = new java.io.File(((pathPrefix + java.lang.Integer.toString(counter)) + .png)): null

2018-12-13 12:48:08 - [TEST_STEP][PASSED] - Statement - counter = counter + 1: null

2018-12-13 12:48:08 - [TEST_STEP][PASSED] - Statement - PreSaveFile = new java.io.File(((pathPrefix + java.lang.Integer.toString(counter)) + .png)): null

2018-12-13 12:48:08 - [TEST_STEP][PASSED] - Statement - counter = counter + 1: null

2018-12-13 12:48:08 - [TEST_STEP][PASSED] - Statement - PreSaveFile = new java.io.File(((pathPrefix + java.lang.Integer.toString(counter)) + .png)): null

2018-12-13 12:48:08 - [TEST_STEP][PASSED] - Statement - counter = counter + 1: null

2018-12-13 12:48:08 - [TEST_STEP][PASSED] - Statement - PreSaveFile = new java.io.File(((pathPrefix + java.lang.Integer.toString(counter)) + .png)): null

2018-12-13 12:48:08 - [TEST_STEP][PASSED] - Statement - counter = counter + 1: null

2018-12-13 12:48:08 - [TEST_STEP][PASSED] - Statement - PreSaveFile = new java.io.File(((pathPrefix + java.lang.Integer.toString(counter)) + .png)): null

2018-12-13 12:48:08 - [TEST_STEP][PASSED] - Statement - counter = counter + 1: null

2018-12-13 12:48:08 - [TEST_STEP][PASSED] - Statement - PreSaveFile = new java.io.File(((pathPrefix + java.lang.Integer.toString(counter)) + .png)): null

2018-12-13 12:48:08 - [TEST_STEP][PASSED] - Statement - counter = counter + 1: null

2018-12-13 12:48:08 - [TEST_STEP][PASSED] - Statement - PreSaveFile = new java.io.File(((pathPrefix + java.lang.Integer.toString(counter)) + .png)): null

2018-12-13 12:48:08 - [TEST_STEP][PASSED] - Statement - counter = counter + 1: null

2018-12-13 12:48:08 - [TEST_STEP][PASSED] - Statement - PreSaveFile = new java.io.File(((pathPrefix + java.lang.Integer.toString(counter)) + .png)): null

2018-12-13 12:48:08 - [TEST_STEP][PASSED] - Statement - counter = counter + 1: null

2018-12-13 12:48:08 - [TEST_STEP][PASSED] - Statement - PreSaveFile = new java.io.File(((pathPrefix + java.lang.Integer.toString(counter)) + .png)): null

2018-12-13 12:48:08 - [TEST_STEP][PASSED] - Statement - counter = counter + 1: null

2018-12-13 12:48:08 - [TEST_STEP][PASSED] - Statement - PreSaveFile = new java.io.File(((pathPrefix + java.lang.Integer.toString(counter)) + .png)): null

2018-12-13 12:48:08 - [TEST_STEP][PASSED] - Statement - counter = counter + 1: null

2018-12-13 12:48:08 - [TEST_STEP][PASSED] - Statement - PreSaveFile = new java.io.File(((pathPrefix + java.lang.Integer.toString(counter)) + .png)): null

2018-12-13 12:48:08 - [TEST_STEP][PASSED] - Statement - counter = counter + 1: null

2018-12-13 12:48:08 - [TEST_STEP][PASSED] - Statement - PreSaveFile = new java.io.File(((pathPrefix + java.lang.Integer.toString(counter)) + .png)): null

2018-12-13 12:48:08 - [TEST_STEP][PASSED] - Statement - counter = counter + 1: null

2018-12-13 12:48:08 - [TEST_STEP][PASSED] - Statement - PreSaveFile = new java.io.File(((pathPrefix + java.lang.Integer.toString(counter)) + .png)): null

2018-12-13 12:48:08 - [TEST_STEP][PASSED] - Statement - counter = counter + 1: null

2018-12-13 12:48:08 - [TEST_STEP][PASSED] - Statement - PreSaveFile = new java.io.File(((pathPrefix + java.lang.Integer.toString(counter)) + .png)): null

2018-12-13 12:48:08 - [TEST_STEP][PASSED] - Statement - counter = counter + 1: null

2018-12-13 12:48:08 - [TEST_STEP][PASSED] - Statement - PreSaveFile = new java.io.File(((pathPrefix + java.lang.Integer.toString(counter)) + .png)): null

2018-12-13 12:48:08 - [TEST_STEP][PASSED] - Statement - counter = counter + 1: null

2018-12-13 12:48:08 - [TEST_STEP][PASSED] - Statement - PreSaveFile = new java.io.File(((pathPrefix + java.lang.Integer.toString(counter)) + .png)): null

2018-12-13 12:48:08 - [TEST_STEP][PASSED] - Statement - counter = counter + 1: null

2018-12-13 12:48:08 - [TEST_STEP][PASSED] - Statement - PreSaveFile = new java.io.File(((pathPrefix + java.lang.Integer.toString(counter)) + .png)): null

2018-12-13 12:48:08 - [TEST_STEP][PASSED] - Statement - counter = counter + 1: null

2018-12-13 12:48:08 - [TEST_STEP][PASSED] - Statement - PreSaveFile = new java.io.File(((pathPrefix + java.lang.Integer.toString(counter)) + .png)): null

2018-12-13 12:48:08 - [TEST_STEP][PASSED] - Statement - counter = counter + 1: null

2018-12-13 12:48:08 - [TEST_STEP][PASSED] - Statement - PreSaveFile = new java.io.File(((pathPrefix + java.lang.Integer.toString(counter)) + .png)): null

2018-12-13 12:48:08 - [TEST_STEP][PASSED] - Statement - counter = counter + 1: null

2018-12-13 12:48:08 - [TEST_STEP][PASSED] - Statement - PreSaveFile = new java.io.File(((pathPrefix + java.lang.Integer.toString(counter)) + .png)): null

2018-12-13 12:48:08 - [TEST_STEP][PASSED] - Statement - counter = counter + 1: null

2018-12-13 12:48:08 - [TEST_STEP][PASSED] - Statement - PreSaveFile = new java.io.File(((pathPrefix + java.lang.Integer.toString(counter)) + .png)): null

2018-12-13 12:48:08 - [TEST_STEP][PASSED] - Statement - counter = counter + 1: null

2018-12-13 12:48:08 - [TEST_STEP][PASSED] - Statement - PreSaveFile = new java.io.File(((pathPrefix + java.lang.Integer.toString(counter)) + .png)): null

2018-12-13 12:48:08 - [TEST_STEP][PASSED] - Statement - counter = counter + 1: null

2018-12-13 12:48:08 - [TEST_STEP][PASSED] - Statement - PreSaveFile = new java.io.File(((pathPrefix + java.lang.Integer.toString(counter)) + .png)): null

2018-12-13 12:48:08 - [TEST_STEP][PASSED] - Statement - counter = counter + 1: null

2018-12-13 12:48:08 - [TEST_STEP][PASSED] - Statement - PreSaveFile = new java.io.File(((pathPrefix + java.lang.Integer.toString(counter)) + .png)): null

2018-12-13 12:48:08 - [TEST_STEP][PASSED] - Statement - counter = counter + 1: null

2018-12-13 12:48:08 - [TEST_STEP][PASSED] - Statement - PreSaveFile = new java.io.File(((pathPrefix + java.lang.Integer.toString(counter)) + .png)): null

2018-12-13 12:48:08 - [TEST_STEP][PASSED] - Statement - counter = counter + 1: null

2018-12-13 12:48:08 - [TEST_STEP][PASSED] - Statement - PreSaveFile = new java.io.File(((pathPrefix + java.lang.Integer.toString(counter)) + .png)): null

2018-12-13 12:48:08 - [TEST_STEP][PASSED] - Statement - counter = counter + 1: null

2018-12-13 12:48:08 - [TEST_STEP][PASSED] - Statement - PreSaveFile = new java.io.File(((pathPrefix + java.lang.Integer.toString(counter)) + .png)): null

2018-12-13 12:48:08 - [TEST_STEP][PASSED] - Statement - counter = counter + 1: null

2018-12-13 12:48:08 - [TEST_STEP][PASSED] - Statement - PreSaveFile = new java.io.File(((pathPrefix + java.lang.Integer.toString(counter)) + .png)): null

2018-12-13 12:48:08 - [TEST_STEP][PASSED] - Statement - counter = counter + 1: null

2018-12-13 12:48:08 - [TEST_STEP][PASSED] - Statement - PreSaveFile = new java.io.File(((pathPrefix + java.lang.Integer.toString(counter)) + .png)): null

2018-12-13 12:48:08 - [TEST_STEP][PASSED] - Statement - counter = counter + 1: null

2018-12-13 12:48:08 - [TEST_STEP][PASSED] - Statement - PreSaveFile = new java.io.File(((pathPrefix + java.lang.Integer.toString(counter)) + .png)): null

2018-12-13 12:48:08 - [TEST_STEP][PASSED] - Statement - counter = counter + 1: null

2018-12-13 12:48:08 - [TEST_STEP][PASSED] - Statement - PreSaveFile = new java.io.File(((pathPrefix + java.lang.Integer.toString(counter)) + .png)): null

2018-12-13 12:48:08 - [TEST_STEP][PASSED] - Statement - counter = counter + 1: null

2018-12-13 12:48:08 - [TEST_STEP][PASSED] - Statement - PreSaveFile = new java.io.File(((pathPrefix + java.lang.Integer.toString(counter)) + .png)): null

2018-12-13 12:48:08 - [TEST_STEP][PASSED] - Statement - counter = counter + 1: null

2018-12-13 12:48:08 - [TEST_STEP][PASSED] - Statement - PreSaveFile = new java.io.File(((pathPrefix + java.lang.Integer.toString(counter)) + .png)): null

2018-12-13 12:48:08 - [TEST_STEP][PASSED] - Statement - counter = counter + 1: null

2018-12-13 12:48:08 - [TEST_STEP][PASSED] - Statement - PreSaveFile = new java.io.File(((pathPrefix + java.lang.Integer.toString(counter)) + .png)): null

2018-12-13 12:48:08 - [TEST_STEP][PASSED] - Statement - counter = counter + 1: null

2018-12-13 12:48:08 - [TEST_STEP][PASSED] - Statement - PreSaveFile = new java.io.File(((pathPrefix + java.lang.Integer.toString(counter)) + .png)): null

2018-12-13 12:48:08 - [TEST_STEP][PASSED] - Statement - counter = counter + 1: null

2018-12-13 12:48:08 - [TEST_STEP][PASSED] - Statement - PreSaveFile = new java.io.File(((pathPrefix + java.lang.Integer.toString(counter)) + .png)): null

2018-12-13 12:48:08 - [TEST_STEP][PASSED] - Statement - counter = counter + 1: null

2018-12-13 12:48:08 - [TEST_STEP][PASSED] - Statement - PreSaveFile = new java.io.File(((pathPrefix + java.lang.Integer.toString(counter)) + .png)): null

2018-12-13 12:48:08 - [TEST_STEP][PASSED] - Statement - counter = counter + 1: null

2018-12-13 12:48:08 - [TEST_STEP][PASSED] - Statement - PreSaveFile = new java.io.File(((pathPrefix + java.lang.Integer.toString(counter)) + .png)): null

2018-12-13 12:48:08 - [TEST_STEP][PASSED] - Statement - counter = counter + 1: null

2018-12-13 12:48:08 - [TEST_STEP][PASSED] - Statement - PreSaveFile = new java.io.File(((pathPrefix + java.lang.Integer.toString(counter)) + .png)): null

2018-12-13 12:48:08 - [TEST_STEP][PASSED] - Statement - counter = counter + 1: null

2018-12-13 12:48:08 - [TEST_STEP][PASSED] - Statement - PreSaveFile = new java.io.File(((pathPrefix + java.lang.Integer.toString(counter)) + .png)): null

2018-12-13 12:48:08 - [TEST_STEP][PASSED] - Statement - counter = counter + 1: null

2018-12-13 12:48:08 - [TEST_STEP][PASSED] - Statement - PreSaveFile = new java.io.File(((pathPrefix + java.lang.Integer.toString(counter)) + .png)): null

2018-12-13 12:48:08 - [TEST_STEP][PASSED] - Statement - counter = counter + 1: null

2018-12-13 12:48:08 - [TEST_STEP][PASSED] - Statement - PreSaveFile = new java.io.File(((pathPrefix + java.lang.Integer.toString(counter)) + .png)): null

2018-12-13 12:48:08 - [TEST_STEP][PASSED] - Statement - counter = counter + 1: null

2018-12-13 12:48:08 - [TEST_STEP][PASSED] - Statement - PreSaveFile = new java.io.File(((pathPrefix + java.lang.Integer.toString(counter)) + .png)): null

2018-12-13 12:48:08 - [TEST_STEP][PASSED] - Statement - counter = counter + 1: null

2018-12-13 12:48:08 - [TEST_STEP][PASSED] - Statement - PreSaveFile = new java.io.File(((pathPrefix + java.lang.Integer.toString(counter)) + .png)): null

2018-12-13 12:48:08 - [TEST_STEP][PASSED] - Statement - counter = counter + 1: null

2018-12-13 12:48:08 - [TEST_STEP][PASSED] - Statement - PreSaveFile = new java.io.File(((pathPrefix + java.lang.Integer.toString(counter)) + .png)): null

2018-12-13 12:48:08 - [TEST_STEP][PASSED] - Statement - counter = counter + 1: null

2018-12-13 12:48:08 - [TEST_STEP][PASSED] - Statement - PreSaveFile = new java.io.File(((pathPrefix + java.lang.Integer.toString(counter)) + .png)): null

2018-12-13 12:48:08 - [TEST_STEP][PASSED] - Statement - counter = counter + 1: null

2018-12-13 12:48:08 - [TEST_STEP][PASSED] - Statement - PreSaveFile = new java.io.File(((pathPrefix + java.lang.Integer.toString(counter)) + .png)): null

2018-12-13 12:48:08 - [TEST_STEP][PASSED] - Statement - counter = counter + 1: null

2018-12-13 12:48:08 - [TEST_STEP][PASSED] - Statement - PreSaveFile = new java.io.File(((pathPrefix + java.lang.Integer.toString(counter)) + .png)): null

2018-12-13 12:48:08 - [TEST_STEP][PASSED] - Statement - counter = counter + 1: null

2018-12-13 12:48:08 - [TEST_STEP][PASSED] - Statement - PreSaveFile = new java.io.File(((pathPrefix + java.lang.Integer.toString(counter)) + .png)): null

2018-12-13 12:48:08 - [TEST_STEP][PASSED] - Statement - counter = counter + 1: null

2018-12-13 12:48:08 - [TEST_STEP][PASSED] - Statement - PreSaveFile = new java.io.File(((pathPrefix + java.lang.Integer.toString(counter)) + .png)): null

2018-12-13 12:48:08 - [TEST_STEP][PASSED] - Statement - counter = counter + 1: null

2018-12-13 12:48:08 - [TEST_STEP][PASSED] - Statement - PreSaveFile = new java.io.File(((pathPrefix + java.lang.Integer.toString(counter)) + .png)): null

2018-12-13 12:48:08 - [TEST_STEP][PASSED] - Statement - counter = counter + 1: null

2018-12-13 12:48:08 - [TEST_STEP][PASSED] - Statement - PreSaveFile = new java.io.File(((pathPrefix + java.lang.Integer.toString(counter)) + .png)): null

2018-12-13 12:48:08 - [TEST_STEP][PASSED] - Statement - counter = counter + 1: null

2018-12-13 12:48:08 - [TEST_STEP][PASSED] - Statement - PreSaveFile = new java.io.File(((pathPrefix + java.lang.Integer.toString(counter)) + .png)): null

2018-12-13 12:48:08 - [TEST_STEP][PASSED] - Statement - counter = counter + 1: null

2018-12-13 12:48:08 - [TEST_STEP][PASSED] - Statement - PreSaveFile = new java.io.File(((pathPrefix + java.lang.Integer.toString(counter)) + .png)): null

2018-12-13 12:48:08 - [TEST_STEP][PASSED] - Statement - counter = counter + 1: null

2018-12-13 12:48:08 - [TEST_STEP][PASSED] - Statement - PreSaveFile = new java.io.File(((pathPrefix + java.lang.Integer.toString(counter)) + .png)): null

2018-12-13 12:48:08 - [TEST_STEP][PASSED] - Statement - counter = counter + 1: null

2018-12-13 12:48:08 - [TEST_STEP][PASSED] - Statement - PreSaveFile = new java.io.File(((pathPrefix + java.lang.Integer.toString(counter)) + .png)): null

2018-12-13 12:48:08 - [TEST_STEP][PASSED] - Statement - counter = counter + 1: null

2018-12-13 12:48:08 - [TEST_STEP][PASSED] - Statement - PreSaveFile = new java.io.File(((pathPrefix + java.lang.Integer.toString(counter)) + .png)): null

2018-12-13 12:48:08 - [TEST_STEP][PASSED] - Statement - counter = counter + 1: null

2018-12-13 12:48:08 - [TEST_STEP][PASSED] - Statement - PreSaveFile = new java.io.File(((pathPrefix + java.lang.Integer.toString(counter)) + .png)): null

2018-12-13 12:48:08 - [TEST_STEP][PASSED] - Statement - counter = counter + 1: null

2018-12-13 12:48:08 - [TEST_STEP][PASSED] - Statement - PreSaveFile = new java.io.File(((pathPrefix + java.lang.Integer.toString(counter)) + .png)): null

2018-12-13 12:48:08 - [TEST_STEP][PASSED] - Statement - counter = counter + 1: null

2018-12-13 12:48:08 - [TEST_STEP][PASSED] - Statement - PreSaveFile = new java.io.File(((pathPrefix + java.lang.Integer.toString(counter)) + .png)): null

2018-12-13 12:48:08 - [TEST_STEP][PASSED] - Statement - counter = counter + 1: null

2018-12-13 12:48:08 - [TEST_STEP][PASSED] - Statement - PreSaveFile = new java.io.File(((pathPrefix + java.lang.Integer.toString(counter)) + .png)): null

2018-12-13 12:48:08 - [TEST_STEP][PASSED] - Statement - counter = counter + 1: null

2018-12-13 12:48:08 - [TEST_STEP][PASSED] - Statement - PreSaveFile = new java.io.File(((pathPrefix + java.lang.Integer.toString(counter)) + .png)): null

2018-12-13 12:48:08 - [TEST_STEP][PASSED] - Statement - counter = counter + 1: null

2018-12-13 12:48:08 - [TEST_STEP][PASSED] - Statement - PreSaveFile = new java.io.File(((pathPrefix + java.lang.Integer.toString(counter)) + .png)): null

2018-12-13 12:48:08 - [TEST_STEP][PASSED] - Statement - counter = counter + 1: null

2018-12-13 12:48:08 - [TEST_STEP][PASSED] - Statement - PreSaveFile = new java.io.File(((pathPrefix + java.lang.Integer.toString(counter)) + .png)): null

2018-12-13 12:48:08 - [TEST_STEP][PASSED] - Statement - counter = counter + 1: null

2018-12-13 12:48:08 - [TEST_STEP][PASSED] - Statement - PreSaveFile = new java.io.File(((pathPrefix + java.lang.Integer.toString(counter)) + .png)): null

2018-12-13 12:48:08 - [TEST_STEP][PASSED] - Statement - counter = counter + 1: null

2018-12-13 12:48:08 - [TEST_STEP][PASSED] - Statement - PreSaveFile = new java.io.File(((pathPrefix + java.lang.Integer.toString(counter)) + .png)): null

2018-12-13 12:48:08 - [TEST_STEP][PASSED] - Statement - counter = counter + 1: null

2018-12-13 12:48:08 - [TEST_STEP][PASSED] - Statement - PreSaveFile = new java.io.File(((pathPrefix + java.lang.Integer.toString(counter)) + .png)): null

2018-12-13 12:48:08 - [TEST_STEP][PASSED] - Statement - counter = counter + 1: null

2018-12-13 12:48:08 - [TEST_STEP][PASSED] - Statement - PreSaveFile = new java.io.File(((pathPrefix + java.lang.Integer.toString(counter)) + .png)): null

2018-12-13 12:48:08 - [TEST_STEP][PASSED] - Statement - counter = counter + 1: null

2018-12-13 12:48:08 - [TEST_STEP][PASSED] - Statement - PreSaveFile = new java.io.File(((pathPrefix + java.lang.Integer.toString(counter)) + .png)): null

2018-12-13 12:48:08 - [TEST_STEP][PASSED] - Statement - counter = counter + 1: null

2018-12-13 12:48:08 - [TEST_STEP][PASSED] - Statement - PreSaveFile = new java.io.File(((pathPrefix + java.lang.Integer.toString(counter)) + .png)): null

2018-12-13 12:48:08 - [TEST_STEP][PASSED] - Statement - counter = counter + 1: null

2018-12-13 12:48:08 - [TEST_STEP][PASSED] - Statement - PreSaveFile = new java.io.File(((pathPrefix + java.lang.Integer.toString(counter)) + .png)): null

2018-12-13 12:48:08 - [TEST_STEP][PASSED] - Statement - counter = counter + 1: null

2018-12-13 12:48:08 - [TEST_STEP][PASSED] - Statement - PreSaveFile = new java.io.File(((pathPrefix + java.lang.Integer.toString(counter)) + .png)): null

2018-12-13 12:48:08 - [TEST_STEP][PASSED] - Statement - counter = counter + 1: null

2018-12-13 12:48:08 - [TEST_STEP][PASSED] - Statement - PreSaveFile = new java.io.File(((pathPrefix + java.lang.Integer.toString(counter)) + .png)): null

2018-12-13 12:48:08 - [TEST_STEP][PASSED] - Statement - counter = counter + 1: null

2018-12-13 12:48:08 - [TEST_STEP][PASSED] - Statement - PreSaveFile = new java.io.File(((pathPrefix + java.lang.Integer.toString(counter)) + .png)): null

2018-12-13 12:48:08 - [TEST_STEP][PASSED] - Statement - counter = counter + 1: null

2018-12-13 12:48:08 - [TEST_STEP][PASSED] - Statement - PreSaveFile = new java.io.File(((pathPrefix + java.lang.Integer.toString(counter)) + .png)): null

2018-12-13 12:48:08 - [TEST_STEP][PASSED] - Statement - counter = counter + 1: null

2018-12-13 12:48:08 - [TEST_STEP][PASSED] - Statement - PreSaveFile = new java.io.File(((pathPrefix + java.lang.Integer.toString(counter)) + .png)): null

2018-12-13 12:48:08 - [TEST_STEP][PASSED] - Statement - counter = counter + 1: null

2018-12-13 12:48:08 - [TEST_STEP][PASSED] - Statement - PreSaveFile = new java.io.File(((pathPrefix + java.lang.Integer.toString(counter)) + .png)): null

2018-12-13 12:48:08 - [TEST_STEP][PASSED] - Statement - counter = counter + 1: null

2018-12-13 12:48:08 - [TEST_STEP][PASSED] - Statement - PreSaveFile = new java.io.File(((pathPrefix + java.lang.Integer.toString(counter)) + .png)): null

2018-12-13 12:48:08 - [TEST_STEP][PASSED] - Statement - counter = counter + 1: null

2018-12-13 12:48:08 - [TEST_STEP][PASSED] - Statement - PreSaveFile = new java.io.File(((pathPrefix + java.lang.Integer.toString(counter)) + .png)): null

2018-12-13 12:48:08 - [TEST_STEP][PASSED] - Statement - counter = counter + 1: null

2018-12-13 12:48:08 - [TEST_STEP][PASSED] - Statement - PreSaveFile = new java.io.File(((pathPrefix + java.lang.Integer.toString(counter)) + .png)): null

2018-12-13 12:48:08 - [TEST_STEP][PASSED] - Statement - counter = counter + 1: null

2018-12-13 12:48:08 - [TEST_STEP][PASSED] - Statement - PreSaveFile = new java.io.File(((pathPrefix + java.lang.Integer.toString(counter)) + .png)): null

2018-12-13 12:48:08 - [TEST_STEP][PASSED] - Statement - counter = counter + 1: null

2018-12-13 12:48:08 - [TEST_STEP][PASSED] - Statement - PreSaveFile = new java.io.File(((pathPrefix + java.lang.Integer.toString(counter)) + .png)): null

2018-12-13 12:48:08 - [TEST_STEP][PASSED] - Statement - counter = counter + 1: null

2018-12-13 12:48:08 - [TEST_STEP][PASSED] - Statement - PreSaveFile = new java.io.File(((pathPrefix + java.lang.Integer.toString(counter)) + .png)): null

2018-12-13 12:48:08 - [TEST_STEP][PASSED] - Statement - counter = counter + 1: null

2018-12-13 12:48:08 - [TEST_STEP][PASSED] - Statement - PreSaveFile = new java.io.File(((pathPrefix + java.lang.Integer.toString(counter)) + .png)): null

2018-12-13 12:48:08 - [TEST_STEP][PASSED] - Statement - counter = counter + 1: null

2018-12-13 12:48:08 - [TEST_STEP][PASSED] - Statement - PreSaveFile = new java.io.File(((pathPrefix + java.lang.Integer.toString(counter)) + .png)): null

2018-12-13 12:48:08 - [TEST_STEP][PASSED] - Statement - counter = counter + 1: null

2018-12-13 12:48:08 - [TEST_STEP][PASSED] - Statement - PreSaveFile = new java.io.File(((pathPrefix + java.lang.Integer.toString(counter)) + .png)): null

2018-12-13 12:48:08 - [TEST_STEP][PASSED] - Statement - counter = counter + 1: null

2018-12-13 12:48:08 - [TEST_STEP][PASSED] - Statement - PreSaveFile = new java.io.File(((pathPrefix + java.lang.Integer.toString(counter)) + .png)): null

2018-12-13 12:48:08 - [TEST_STEP][PASSED] - Statement - counter = counter + 1: null

2018-12-13 12:48:08 - [TEST_STEP][PASSED] - Statement - PreSaveFile = new java.io.File(((pathPrefix + java.lang.Integer.toString(counter)) + .png)): null

2018-12-13 12:48:08 - [TEST_STEP][PASSED] - Statement - counter = counter + 1: null

2018-12-13 12:48:08 - [TEST_STEP][PASSED] - Statement - PreSaveFile = new java.io.File(((pathPrefix + java.lang.Integer.toString(counter)) + .png)): null

2018-12-13 12:48:08 - [TEST_STEP][PASSED] - Statement - counter = counter + 1: null

2018-12-13 12:48:08 - [TEST_STEP][PASSED] - Statement - PreSaveFile = new java.io.File(((pathPrefix + java.lang.Integer.toString(counter)) + .png)): null

2018-12-13 12:48:08 - [TEST_STEP][PASSED] - Statement - counter = counter + 1: null

2018-12-13 12:48:08 - [TEST_STEP][PASSED] - Statement - PreSaveFile = new java.io.File(((pathPrefix + java.lang.Integer.toString(counter)) + .png)): null

2018-12-13 12:48:08 - [TEST_STEP][PASSED] - Statement - counter = counter + 1: null

2018-12-13 12:48:08 - [TEST_STEP][PASSED] - Statement - PreSaveFile = new java.io.File(((pathPrefix + java.lang.Integer.toString(counter)) + .png)): null

2018-12-13 12:48:08 - [TEST_STEP][PASSED] - Statement - counter = counter + 1: null

2018-12-13 12:48:08 - [TEST_STEP][PASSED] - Statement - PreSaveFile = new java.io.File(((pathPrefix + java.lang.Integer.toString(counter)) + .png)): null

2018-12-13 12:48:08 - [TEST_STEP][PASSED] - Statement - finalPath = pathPrefix + java.lang.Integer.toString(counter) + ".png": null

2018-12-13 12:48:08 - [TEST_STEP][PASSED] - Statement - SaveFile = new java.io.File(finalPath): null

2018-12-13 12:48:08 - [TEST_STEP][PASSED] - Statement - Try: null

2018-12-13 12:48:08 - [TEST_STEP][PASSED] - Statement - org.apache.commons.io.FileUtils.copyFile(scrFile, SaveFile): null

2018-12-13 12:48:08 - [TEST_STEP][PASSED] - Statement - out.println("file kept"): null

2018-12-13 12:48:08 - [TEST_STEP][PASSED] - delay: Delayed 10 second(s)

2018-12-13 12:48:18 - [MESSAGE][PASSED] - Delayed 10 second(s)

2018-12-13 12:48:18 - [MESSAGE][PASSED] - Call Test Case 'Test Cases/Final Aug 2018 - PKS Automation/Registration Module/New Registration/Submit and Screenshot/Submit Registration and Screenshot' successfully

2018-12-13 12:48:18 - [TEST_STEP][PASSED] - callTestCase: Call Test Case 'Test Cases/Final Aug 2018 - PKS Automation/Registration Module/Log Out/log out avoiding katalon tagging' successfully

2018-12-13 12:48:18 - [TEST_CASE][PASSED] - Test Cases/Final Aug 2018 - PKS Automation/Registration Module/Log Out/log out avoiding katalon tagging: Test Cases/Final Aug 2018 - PKS Automation/Registration Module/Log Out/log out avoiding katalon tagging

2018-12-13 12:48:19 - [TEST_STEP][PASSED] - navigateToUrl: Navigate to 'https://assist2-uat.perkeso.gov.my/c/portal/logout' successfully

2018-12-13 12:48:19 - [MESSAGE][PASSED] - Navigate to 'https://assist2-uat.perkeso.gov.my/c/portal/logout' successfully

2018-12-13 12:48:19 - [MESSAGE][PASSED] - Call Test Case 'Test Cases/Final Aug 2018 - PKS Automation/Registration Module/Log Out/log out avoiding katalon tagging' successfully

2018-12-13 12:48:19 - [TEST_STEP][PASSED] - callTestCase: Call Test Case 'Test Cases/Final Aug 2018 - PKS Automation/Common/Workflow Owner Finder' successfully

2018-12-13 12:48:20 - [TEST_CASE][PASSED] - Test Cases/Final Aug 2018 - PKS Automation/Common/Workflow Owner Finder: Test Cases/Final Aug 2018 - PKS Automation/Common/Workflow Owner Finder

2018-12-13 12:48:20 - [TEST_STEP][PASSED] - openBrowser: Browser is opened with url: ''

2018-12-13 12:48:20 - [MESSAGE][WARNING] - A browser is already opened. Closing browser and opening a new one

2018-12-13 12:48:24 - [MESSAGE][PASSED] - Browser is opened with url: ''

2018-12-13 12:48:24 - [TEST_STEP][PASSED] - navigateToUrl: Navigate to 'https://assist2-uat.perkeso.gov.my/login' successfully

2018-12-13 12:48:25 - [MESSAGE][PASSED] - Navigate to 'https://assist2-uat.perkeso.gov.my/login' successfully

2018-12-13 12:48:25 - [TEST_STEP][PASSED] - delay: Delayed 5 second(s)

2018-12-13 12:48:30 - [MESSAGE][PASSED] - Delayed 5 second(s)

2018-12-13 12:48:30 - [TEST_STEP][PASSED] - setText: Text 'test@liferay.com' is set on object 'Object Repository/Final Object Repo/Login Page/Internal User/Email Address'

2018-12-13 12:48:30 - [MESSAGE][PASSED] - Text 'test@liferay.com' is set on object 'Object Repository/Final Object Repo/Login Page/Internal User/Email Address'

2018-12-13 12:48:30 - [TEST_STEP][PASSED] - click: Object: 'Object Repository/Final Object Repo/Login Page/Internal User/Next Button' is clicked on

2018-12-13 12:48:30 - [MESSAGE][PASSED] - Object: 'Object Repository/Final Object Repo/Login Page/Internal User/Next Button' is clicked on

2018-12-13 12:48:30 - [TEST_STEP][PASSED] - delay: Delayed 2 second(s)

2018-12-13 12:48:32 - [MESSAGE][PASSED] - Delayed 2 second(s)

2018-12-13 12:48:32 - [TEST_STEP][PASSED] - setText: Text 'test' is set on object 'Object Repository/Final Object Repo/Login Page/Internal User/Password'

2018-12-13 12:48:33 - [MESSAGE][PASSED] - Text 'test' is set on object 'Object Repository/Final Object Repo/Login Page/Internal User/Password'

2018-12-13 12:48:33 - [TEST_STEP][PASSED] - delay: Delayed 2 second(s)

2018-12-13 12:48:35 - [MESSAGE][PASSED] - Delayed 2 second(s)

2018-12-13 12:48:35 - [TEST_STEP][PASSED] - click: Object: 'Object Repository/Final Object Repo/Login Page/Internal User/Login Button' is clicked on

2018-12-13 12:48:35 - [MESSAGE][PASSED] - Object: 'Object Repository/Final Object Repo/Login Page/Internal User/Login Button' is clicked on

2018-12-13 12:48:35 - [TEST_STEP][PASSED] - Statement - tester = com.kms.katalon.core.testobject.ObjectRepository.findTestObject(Final Object Repo/Landing Page/Select to English): Finding Test Object with id 'Object Repository/Final Object Repo/Landing Page/Select to English'

2018-12-13 12:48:35 - [TEST_STEP][PASSED] - Statement - Try: Delayed 2 second(s)

2018-12-13 12:48:35 - [TEST_STEP][PASSED] - Statement - Checker = com.kms.katalon.core.webui.keyword.WebUiBuiltInKeywords.verifyElementNotPresent(tester, 3): Web element with id: 'Object Repository/Final Object Repo/Landing Page/Select to English' located by 'By.xpath: //a[@class = 'taglib-language-list-text' and @lang = 'en-US' and (contains(text(), 'EN') or contains(., 'EN'))]' is not present after '3' second(s)

2018-12-13 12:48:37 - [MESSAGE][PASSED] - Web element with id: 'Object Repository/Final Object Repo/Landing Page/Select to English' located by 'By.xpath: //a[@class = 'taglib-language-list-text' and @lang = 'en-US' and (contains(text(), 'EN') or contains(., 'EN'))]' is not present after '3' second(s)

2018-12-13 12:48:37 - [TEST_STEP][PASSED] - Statement - If (Checker == false): null

2018-12-13 12:48:37 - [TEST_STEP][PASSED] - delay: Delayed 2 second(s)

2018-12-13 12:48:39 - [MESSAGE][PASSED] - Delayed 2 second(s)

2018-12-13 12:48:39 - [TEST_STEP][PASSED] - delay: Delayed 5 second(s)

2018-12-13 12:48:44 - [MESSAGE][PASSED] - Delayed 5 second(s)

2018-12-13 12:48:44 - [TEST_STEP][PASSED] - mouseOver: Object: 'Object Repository/Final Object Repo/Landing Page/WorkFlow Menu' is hovered

2018-12-13 12:48:44 - [MESSAGE][PASSED] - Object: 'Object Repository/Final Object Repo/Landing Page/WorkFlow Menu' is hovered

2018-12-13 12:48:44 - [TEST_STEP][PASSED] - delay: Delayed 2 second(s)

2018-12-13 12:48:46 - [MESSAGE][PASSED] - Delayed 2 second(s)

2018-12-13 12:48:46 - [TEST_STEP][PASSED] - click: Object: 'Object Repository/Final Object Repo/Landing Page/Select to Workflow Listing' is clicked on

2018-12-13 12:48:47 - [MESSAGE][PASSED] - Object: 'Object Repository/Final Object Repo/Landing Page/Select to Workflow Listing' is clicked on

2018-12-13 12:48:47 - [TEST_STEP][PASSED] - delay: Delayed 2 second(s)

2018-12-13 12:48:49 - [MESSAGE][PASSED] - Delayed 2 second(s)

2018-12-13 12:48:49 - [TEST_STEP][PASSED] - click: Object: 'Object Repository/Final Object Repo/WorkFlow Listing Page/Search Information - To Put Ref No' is clicked on

2018-12-13 12:48:49 - [MESSAGE][PASSED] - Object: 'Object Repository/Final Object Repo/WorkFlow Listing Page/Search Information - To Put Ref No' is clicked on

2018-12-13 12:48:49 - [TEST_STEP][PASSED] - delay: Delayed 2 second(s)

2018-12-13 12:48:51 - [MESSAGE][PASSED] - Delayed 2 second(s)

2018-12-13 12:48:51 - [TEST_STEP][PASSED] - callTestCase: Call Test Case 'Test Cases/Final Aug 2018 - PKS Automation/Common/Reference Number Getter' successfully

2018-12-13 12:48:51 - [TEST_CASE][PASSED] - Test Cases/Final Aug 2018 - PKS Automation/Common/Reference Number Getter: Test Cases/Final Aug 2018 - PKS Automation/Common/Reference Number Getter

2018-12-13 12:48:52 - [TEST_STEP][PASSED] - Statement - Try: null

2018-12-13 12:48:52 - [TEST_STEP][PASSED] - Statement - RefNo = new java.io.File(C://Users//Admin//Desktop//PKS//Automation Reference Point//KatalonReference.txt): null

2018-12-13 12:48:52 - [TEST_STEP][PASSED] - Statement - bufferread = new java.io.BufferedReader(new java.io.FileReader(RefNo)): null

2018-12-13 12:48:52 - [TEST_STEP][PASSED] - Statement - readedVal = bufferread.readLine(): null

2018-12-13 12:48:52 - [TEST_STEP][PASSED] - Statement - out.println(CaseReferenceNo): null

2018-12-13 12:48:52 - [TEST_STEP][PASSED] - Statement - out.println(readedVal): null

2018-12-13 12:48:52 - [TEST_STEP][PASSED] - Statement - CaseReferenceNo = "": null

2018-12-13 12:48:52 - [TEST_STEP][PASSED] - Statement - CaseReferenceNo = readedVal: null

2018-12-13 12:48:52 - [MESSAGE][PASSED] - Call Test Case 'Test Cases/Final Aug 2018 - PKS Automation/Common/Reference Number Getter' successfully

2018-12-13 12:48:52 - [TEST_STEP][PASSED] - setText: Text 'CRN12201800123271' is set on object 'Object Repository/Final Object Repo/WorkFlow Listing Page/Ref No Set Text'

2018-12-13 12:48:52 - [MESSAGE][PASSED] - Text 'CRN12201800123271' is set on object 'Object Repository/Final Object Repo/WorkFlow Listing Page/Ref No Set Text'

2018-12-13 12:48:52 - [TEST_STEP][PASSED] - delay: Delayed 2 second(s)

2018-12-13 12:48:54 - [MESSAGE][PASSED] - Delayed 2 second(s)

2018-12-13 12:48:54 - [TEST_STEP][PASSED] - click: Object: 'Object Repository/Final Object Repo/WorkFlow Listing Page/Search Ref No Search Button' is clicked on

2018-12-13 12:48:54 - [MESSAGE][PASSED] - Object: 'Object Repository/Final Object Repo/WorkFlow Listing Page/Search Ref No Search Button' is clicked on

2018-12-13 12:48:54 - [TEST_STEP][PASSED] - delay: Delayed 6 second(s)

2018-12-13 12:49:00 - [MESSAGE][PASSED] - Delayed 6 second(s)

2018-12-13 12:49:00 - [TEST_STEP][PASSED] - click: Object: 'Object Repository/Final Object Repo/WorkFlow Listing Page/Click Continue Tooltip' is clicked on

2018-12-13 12:49:01 - [MESSAGE][PASSED] - Object: 'Object Repository/Final Object Repo/WorkFlow Listing Page/Click Continue Tooltip' is clicked on

2018-12-13 12:49:01 - [TEST_STEP][PASSED] - delay: Delayed 5 second(s)

2018-12-13 12:49:06 - [MESSAGE][PASSED] - Delayed 5 second(s)

2018-12-13 12:49:06 - [TEST_STEP][PASSED] - doubleClick: Object: 'Object Repository/Final Object Repo/WorkFlow Listing Page/Workflow Found - Listing 1' is double clicked on

2018-12-13 12:49:06 - [MESSAGE][PASSED] - Object: 'Object Repository/Final Object Repo/WorkFlow Listing Page/Workflow Found - Listing 1' is double clicked on

2018-12-13 12:49:06 - [TEST_STEP][PASSED] - Statement - println(OwnerID): null

2018-12-13 12:49:06 - [TEST_STEP][PASSED] - Statement - OwnerID = com.kms.katalon.core.webui.keyword.WebUiBuiltInKeywords.getText(com.kms.katalon.core.testobject.ObjectRepository.findTestObject(Final Object Repo/WorkFlow Listing Page/Workflow Found - Listing 1), STOP_ON_FAILURE): Text of object 'Object Repository/Final Object Repo/WorkFlow Listing Page/Workflow Found - Listing 1' is: 'JOHORpkrbo1'

2018-12-13 12:49:06 - [MESSAGE][PASSED] - Text of object 'Object Repository/Final Object Repo/WorkFlow Listing Page/Workflow Found - Listing 1' is: 'JOHORpkrbo1'

2018-12-13 12:49:06 - [TEST_STEP][PASSED] - Statement - OwnerID = OwnerID.toLowerCase() + "@gmail.com": null

2018-12-13 12:49:06 - [TEST_STEP][PASSED] - Statement - println(OwnerID): null

2018-12-13 12:49:06 - [TEST_STEP][PASSED] - delay: Delayed 2 second(s)

2018-12-13 12:49:08 - [MESSAGE][PASSED] - Delayed 2 second(s)

2018-12-13 12:49:08 - [MESSAGE][PASSED] - Call Test Case 'Test Cases/Final Aug 2018 - PKS Automation/Common/Workflow Owner Finder' successfully

2018-12-13 12:49:08 - [TEST_STEP][PASSED] - callTestCase: Call Test Case 'Test Cases/Final Aug 2018 - PKS Automation/Registration Module/Log Out/log out avoiding katalon tagging' successfully

2018-12-13 12:49:08 - [TEST_CASE][PASSED] - Test Cases/Final Aug 2018 - PKS Automation/Registration Module/Log Out/log out avoiding katalon tagging: Test Cases/Final Aug 2018 - PKS Automation/Registration Module/Log Out/log out avoiding katalon tagging

2018-12-13 12:49:08 - [TEST_STEP][PASSED] - navigateToUrl: Navigate to 'https://assist2-uat.perkeso.gov.my/c/portal/logout' successfully

2018-12-13 12:49:09 - [MESSAGE][PASSED] - Navigate to 'https://assist2-uat.perkeso.gov.my/c/portal/logout' successfully

2018-12-13 12:49:09 - [MESSAGE][PASSED] - Call Test Case 'Test Cases/Final Aug 2018 - PKS Automation/Registration Module/Log Out/log out avoiding katalon tagging' successfully

2018-12-13 12:49:09 - [TEST_STEP][PASSED] - delay: Delayed 2 second(s)

2018-12-13 12:49:11 - [MESSAGE][PASSED] - Delayed 2 second(s)

2018-12-13 12:49:11 - [TEST_STEP][PASSED] - setText: Text 'johorpkrbo1@gmail.com' is set on object 'Object Repository/Final Object Repo/New Registration - Registration Module Pages/Incomplete - PKRBO/Email TextBox'

2018-12-13 12:49:12 - [MESSAGE][PASSED] - Text 'johorpkrbo1@gmail.com' is set on object 'Object Repository/Final Object Repo/New Registration - Registration Module Pages/Incomplete - PKRBO/Email TextBox'

2018-12-13 12:49:12 - [TEST_STEP][PASSED] - click: Object: 'Object Repository/Final Object Repo/New Registration - Registration Module Pages/Incomplete - PKRBO/Next Button' is clicked on

2018-12-13 12:49:12 - [MESSAGE][PASSED] - Object: 'Object Repository/Final Object Repo/New Registration - Registration Module Pages/Incomplete - PKRBO/Next Button' is clicked on

2018-12-13 12:49:12 - [TEST_STEP][PASSED] - delay: Delayed 2 second(s)

2018-12-13 12:49:14 - [MESSAGE][PASSED] - Delayed 2 second(s)

2018-12-13 12:49:14 - [TEST_STEP][PASSED] - setText: Text 'Test1@3456789' is set on object 'Object Repository/Final Object Repo/New Registration - Registration Module Pages/Incomplete - PKRBO/Password TextBox'

2018-12-13 12:49:14 - [MESSAGE][PASSED] - Text 'Test1@3456789' is set on object 'Object Repository/Final Object Repo/New Registration - Registration Module Pages/Incomplete - PKRBO/Password TextBox'

2018-12-13 12:49:14 - [TEST_STEP][PASSED] - delay: Delayed 2 second(s)

2018-12-13 12:49:16 - [MESSAGE][PASSED] - Delayed 2 second(s)

2018-12-13 12:49:16 - [TEST_STEP][PASSED] - click: Object: 'Object Repository/Final Object Repo/New Registration - Registration Module Pages/Incomplete - PKRBO/Login Button' is clicked on

2018-12-13 12:49:16 - [MESSAGE][PASSED] - Object: 'Object Repository/Final Object Repo/New Registration - Registration Module Pages/Incomplete - PKRBO/Login Button' is clicked on

2018-12-13 12:49:16 - [TEST_STEP][PASSED] - Statement - Try: null

2018-12-13 12:49:16 - [TEST_STEP][PASSED] - Statement - Checker = com.kms.katalon.core.webui.keyword.WebUiBuiltInKeywords.verifyElementNotPresent("Final Object Repo/Landing Page/Select to English", 3): null

2018-12-13 12:49:16 - [TEST_STEP][PASSED] - Statement - Catch (Exception e): null

2018-12-13 12:49:16 - [TEST_STEP][PASSED] - Statement - e.printStackTrace(): null

2018-12-13 12:49:16 - [TEST_STEP][PASSED] - delay: Delayed 5 second(s)

2018-12-13 12:49:21 - [MESSAGE][PASSED] - Delayed 5 second(s)

2018-12-13 12:49:21 - [TEST_STEP][PASSED] - click: Object: 'Object Repository/Final Object Repo/New Registration - Registration Module Pages/New Reg - OTC to RO/Special Case - All Related Objects/Expand to Search' is clicked on

2018-12-13 12:49:21 - [MESSAGE][PASSED] - Object: 'Object Repository/Final Object Repo/New Registration - Registration Module Pages/New Reg - OTC to RO/Special Case - All Related Objects/Expand to Search' is clicked on

2018-12-13 12:49:21 - [TEST_STEP][PASSED] - delay: Delayed 1 second(s)

2018-12-13 12:49:22 - [MESSAGE][PASSED] - Delayed 1 second(s)

2018-12-13 12:49:22 - [TEST_STEP][PASSED] - setText: Text 'CRN12201800123271' is set on object 'Object Repository/Final Object Repo/New Registration - Registration Module Pages/New Reg - OTC to RO/Special Case - All Related Objects/TextBox RefNo in Workbasket'

2018-12-13 12:49:23 - [MESSAGE][PASSED] - Text 'CRN12201800123271' is set on object 'Object Repository/Final Object Repo/New Registration - Registration Module Pages/New Reg - OTC to RO/Special Case - All Related Objects/TextBox RefNo in Workbasket'

2018-12-13 12:49:23 - [TEST_STEP][PASSED] - delay: Delayed 2 second(s)

2018-12-13 12:49:25 - [MESSAGE][PASSED] - Delayed 2 second(s)

2018-12-13 12:49:25 - [TEST_STEP][PASSED] - click: Object: 'Object Repository/Final Object Repo/New Registration - Registration Module Pages/New Reg - OTC to RO/Special Case - All Related Objects/Click Search' is clicked on

2018-12-13 12:49:25 - [MESSAGE][PASSED] - Object: 'Object Repository/Final Object Repo/New Registration - Registration Module Pages/New Reg - OTC to RO/Special Case - All Related Objects/Click Search' is clicked on

2018-12-13 12:49:25 - [TEST_STEP][PASSED] - delay: Delayed 2 second(s)

2018-12-13 12:49:27 - [MESSAGE][PASSED] - Delayed 2 second(s)

2018-12-13 12:49:27 - [TEST_STEP][PASSED] - click: Object: 'Object Repository/Final Object Repo/New Registration - Registration Module Pages/New Reg - OTC to RO/Special Case - All Related Objects/Click to Continue Workflow' is clicked on

2018-12-13 12:49:29 - [MESSAGE][PASSED] - Object: 'Object Repository/Final Object Repo/New Registration - Registration Module Pages/New Reg - OTC to RO/Special Case - All Related Objects/Click to Continue Workflow' is clicked on

2018-12-13 12:49:29 - [TEST_STEP][PASSED] - delay: Delayed 5 second(s)

2018-12-13 12:49:34 - [MESSAGE][PASSED] - Delayed 5 second(s)

2018-12-13 12:49:34 - [TEST_STEP][PASSED] - click: Object: 'Object Repository/Final Object Repo/New Registration - Registration Module Pages/Incomplete - PKRBO/Save  Continue Button' is clicked on

2018-12-13 12:49:34 - [MESSAGE][PASSED] - Object: 'Object Repository/Final Object Repo/New Registration - Registration Module Pages/Incomplete - PKRBO/Save  Continue Button' is clicked on

2018-12-13 12:49:34 - [TEST_STEP][PASSED] - delay: Delayed 5 second(s)

2018-12-13 12:49:39 - [MESSAGE][PASSED] - Delayed 5 second(s)

2018-12-13 12:49:39 - [TEST_STEP][PASSED] - click: Object: 'Object Repository/Final Object Repo/New Registration - Registration Module Pages/Form 2/Save and Continue Form 2' is clicked on

2018-12-13 12:49:39 - [MESSAGE][PASSED] - Object: 'Object Repository/Final Object Repo/New Registration - Registration Module Pages/Form 2/Save and Continue Form 2' is clicked on

2018-12-13 12:49:39 - [TEST_STEP][PASSED] - delay: Delayed 4 second(s)

2018-12-13 12:49:43 - [MESSAGE][PASSED] - Delayed 4 second(s)

2018-12-13 12:49:43 - [TEST_STEP][PASSED] - click: Object: 'Object Repository/Final Object Repo/New Registration - Registration Module Pages/Incomplete - PKRBO/Save  Continue Third Screen' is clicked on

2018-12-13 12:49:49 - [MESSAGE][PASSED] - Object: 'Object Repository/Final Object Repo/New Registration - Registration Module Pages/Incomplete - PKRBO/Save  Continue Third Screen' is clicked on

2018-12-13 12:49:49 - [TEST_STEP][PASSED] - delay: Delayed 4 second(s)

2018-12-13 12:49:53 - [MESSAGE][PASSED] - Delayed 4 second(s)

2018-12-13 12:49:53 - [TEST_STEP][PASSED] - click: Object: 'Object Repository/Final Object Repo/New Registration - Registration Module Pages/Incomplete - PKRBO/Save   Continue Supporting Doc Page' is clicked on

2018-12-13 12:49:53 - [MESSAGE][PASSED] - Object: 'Object Repository/Final Object Repo/New Registration - Registration Module Pages/Incomplete - PKRBO/Save   Continue Supporting Doc Page' is clicked on

2018-12-13 12:49:53 - [TEST_STEP][PASSED] - delay: Delayed 4 second(s)

2018-12-13 12:49:57 - [MESSAGE][PASSED] - Delayed 4 second(s)

2018-12-13 12:49:57 - [TEST_STEP][PASSED] - click: Object: 'Object Repository/Final Object Repo/New Registration - Registration Module Pages/Incomplete - PKRBO/Submit Button' is clicked on

2018-12-13 12:49:57 - [MESSAGE][PASSED] - Object: 'Object Repository/Final Object Repo/New Registration - Registration Module Pages/Incomplete - PKRBO/Submit Button' is clicked on

2018-12-13 12:49:57 - [TEST_STEP][PASSED] - delay: Delayed 4 second(s)

2018-12-13 12:50:01 - [MESSAGE][PASSED] - Delayed 4 second(s)

2018-12-13 12:50:01 - [TEST_STEP][PASSED] - click: Object: 'Object Repository/Final Object Repo/New Registration - Registration Module Pages/Incomplete - PKRBO/Confirm Submit Button' is clicked on

2018-12-13 12:50:01 - [MESSAGE][PASSED] - Object: 'Object Repository/Final Object Repo/New Registration - Registration Module Pages/Incomplete - PKRBO/Confirm Submit Button' is clicked on

2018-12-13 12:50:01 - [TEST_STEP][PASSED] - delay: Delayed 30 second(s)

2018-12-13 12:50:31 - [MESSAGE][PASSED] - Delayed 30 second(s)

2018-12-13 12:50:31 - [TEST_STEP][PASSED] - callTestCase: Call Test Case 'Test Cases/Final Aug 2018 - PKS Automation/Common/Screenshoting tool' successfully

2018-12-13 12:50:32 - [TEST_CASE][PASSED] - Test Cases/Final Aug 2018 - PKS Automation/Common/Screenshoting tool: Test Cases/Final Aug 2018 - PKS Automation/Common/Screenshoting tool

2018-12-13 12:50:32 - [TEST_STEP][PASSED] - delay: Delayed 15 second(s)

2018-12-13 12:50:47 - [MESSAGE][PASSED] - Delayed 15 second(s)

2018-12-13 12:50:47 - [TEST_STEP][PASSED] - Statement - driver = com.kms.katalon.core.webui.driver.DriverFactory.getWebDriver(): null

2018-12-13 12:50:47 - [TEST_STEP][PASSED] - Statement - driver.manage().timeouts().implicitlyWait(10, SECONDS): null

2018-12-13 12:50:47 - [TEST_STEP][PASSED] - Statement - PresavePath = KatalonScreenshots: null

2018-12-13 12:50:47 - [TEST_STEP][PASSED] - Statement - pathPrefix = "C:\Users\Public\Pictures\Sample Pictures\Katalon Screenshots\Automate Ending Screen": null

2018-12-13 12:50:47 - [TEST_STEP][PASSED] - Statement - finalPath = <not implemented yet for class: org.codehaus.groovy.ast.expr.EmptyExpression>: null

2018-12-13 12:50:47 - [TEST_STEP][PASSED] - Statement - scrFile = driver.getScreenshotAs(FILE): null

2018-12-13 12:50:47 - [TEST_STEP][PASSED] - Statement - PreSaveFile = new java.io.File(PresavePath): null

2018-12-13 12:50:47 - [TEST_STEP][PASSED] - Statement - counter = 0: null

2018-12-13 12:50:47 - [TEST_STEP][PASSED] - Statement - If (PreSaveFile.exists()): null

2018-12-13 12:50:47 - [TEST_STEP][PASSED] - Statement - While (PreSaveFile.exists()): null

2018-12-13 12:50:47 - [TEST_STEP][PASSED] - Statement - counter = counter + 1: null

2018-12-13 12:50:47 - [TEST_STEP][PASSED] - Statement - PreSaveFile = new java.io.File(((pathPrefix + java.lang.Integer.toString(counter)) + .png)): null

2018-12-13 12:50:47 - [TEST_STEP][PASSED] - Statement - counter = counter + 1: null

2018-12-13 12:50:47 - [TEST_STEP][PASSED] - Statement - PreSaveFile = new java.io.File(((pathPrefix + java.lang.Integer.toString(counter)) + .png)): null

2018-12-13 12:50:47 - [TEST_STEP][PASSED] - Statement - counter = counter + 1: null

2018-12-13 12:50:47 - [TEST_STEP][PASSED] - Statement - PreSaveFile = new java.io.File(((pathPrefix + java.lang.Integer.toString(counter)) + .png)): null

2018-12-13 12:50:47 - [TEST_STEP][PASSED] - Statement - counter = counter + 1: null

2018-12-13 12:50:47 - [TEST_STEP][PASSED] - Statement - PreSaveFile = new java.io.File(((pathPrefix + java.lang.Integer.toString(counter)) + .png)): null

2018-12-13 12:50:47 - [TEST_STEP][PASSED] - Statement - counter = counter + 1: null

2018-12-13 12:50:47 - [TEST_STEP][PASSED] - Statement - PreSaveFile = new java.io.File(((pathPrefix + java.lang.Integer.toString(counter)) + .png)): null

2018-12-13 12:50:47 - [TEST_STEP][PASSED] - Statement - counter = counter + 1: null

2018-12-13 12:50:47 - [TEST_STEP][PASSED] - Statement - PreSaveFile = new java.io.File(((pathPrefix + java.lang.Integer.toString(counter)) + .png)): null

2018-12-13 12:50:47 - [TEST_STEP][PASSED] - Statement - counter = counter + 1: null

2018-12-13 12:50:47 - [TEST_STEP][PASSED] - Statement - PreSaveFile = new java.io.File(((pathPrefix + java.lang.Integer.toString(counter)) + .png)): null

2018-12-13 12:50:47 - [TEST_STEP][PASSED] - Statement - counter = counter + 1: null

2018-12-13 12:50:47 - [TEST_STEP][PASSED] - Statement - PreSaveFile = new java.io.File(((pathPrefix + java.lang.Integer.toString(counter)) + .png)): null

2018-12-13 12:50:47 - [TEST_STEP][PASSED] - Statement - counter = counter + 1: null

2018-12-13 12:50:47 - [TEST_STEP][PASSED] - Statement - PreSaveFile = new java.io.File(((pathPrefix + java.lang.Integer.toString(counter)) + .png)): null

2018-12-13 12:50:47 - [TEST_STEP][PASSED] - Statement - counter = counter + 1: null

2018-12-13 12:50:47 - [TEST_STEP][PASSED] - Statement - PreSaveFile = new java.io.File(((pathPrefix + java.lang.Integer.toString(counter)) + .png)): null

2018-12-13 12:50:47 - [TEST_STEP][PASSED] - Statement - counter = counter + 1: null

2018-12-13 12:50:47 - [TEST_STEP][PASSED] - Statement - PreSaveFile = new java.io.File(((pathPrefix + java.lang.Integer.toString(counter)) + .png)): null

2018-12-13 12:50:47 - [TEST_STEP][PASSED] - Statement - counter = counter + 1: null

2018-12-13 12:50:47 - [TEST_STEP][PASSED] - Statement - PreSaveFile = new java.io.File(((pathPrefix + java.lang.Integer.toString(counter)) + .png)): null

2018-12-13 12:50:47 - [TEST_STEP][PASSED] - Statement - counter = counter + 1: null

2018-12-13 12:50:47 - [TEST_STEP][PASSED] - Statement - PreSaveFile = new java.io.File(((pathPrefix + java.lang.Integer.toString(counter)) + .png)): null

2018-12-13 12:50:47 - [TEST_STEP][PASSED] - Statement - counter = counter + 1: null

2018-12-13 12:50:47 - [TEST_STEP][PASSED] - Statement - PreSaveFile = new java.io.File(((pathPrefix + java.lang.Integer.toString(counter)) + .png)): null

2018-12-13 12:50:47 - [TEST_STEP][PASSED] - Statement - counter = counter + 1: null

2018-12-13 12:50:47 - [TEST_STEP][PASSED] - Statement - PreSaveFile = new java.io.File(((pathPrefix + java.lang.Integer.toString(counter)) + .png)): null

2018-12-13 12:50:47 - [TEST_STEP][PASSED] - Statement - counter = counter + 1: null

2018-12-13 12:50:47 - [TEST_STEP][PASSED] - Statement - PreSaveFile = new java.io.File(((pathPrefix + java.lang.Integer.toString(counter)) + .png)): null

2018-12-13 12:50:47 - [TEST_STEP][PASSED] - Statement - counter = counter + 1: null

2018-12-13 12:50:47 - [TEST_STEP][PASSED] - Statement - PreSaveFile = new java.io.File(((pathPrefix + java.lang.Integer.toString(counter)) + .png)): null

2018-12-13 12:50:47 - [TEST_STEP][PASSED] - Statement - counter = counter + 1: null

2018-12-13 12:50:47 - [TEST_STEP][PASSED] - Statement - PreSaveFile = new java.io.File(((pathPrefix + java.lang.Integer.toString(counter)) + .png)): null

2018-12-13 12:50:47 - [TEST_STEP][PASSED] - Statement - counter = counter + 1: null

2018-12-13 12:50:47 - [TEST_STEP][PASSED] - Statement - PreSaveFile = new java.io.File(((pathPrefix + java.lang.Integer.toString(counter)) + .png)): null

2018-12-13 12:50:47 - [TEST_STEP][PASSED] - Statement - counter = counter + 1: null

2018-12-13 12:50:47 - [TEST_STEP][PASSED] - Statement - PreSaveFile = new java.io.File(((pathPrefix + java.lang.Integer.toString(counter)) + .png)): null

2018-12-13 12:50:47 - [TEST_STEP][PASSED] - Statement - counter = counter + 1: null

2018-12-13 12:50:47 - [TEST_STEP][PASSED] - Statement - PreSaveFile = new java.io.File(((pathPrefix + java.lang.Integer.toString(counter)) + .png)): null

2018-12-13 12:50:47 - [TEST_STEP][PASSED] - Statement - counter = counter + 1: null

2018-12-13 12:50:47 - [TEST_STEP][PASSED] - Statement - PreSaveFile = new java.io.File(((pathPrefix + java.lang.Integer.toString(counter)) + .png)): null

2018-12-13 12:50:47 - [TEST_STEP][PASSED] - Statement - counter = counter + 1: null

2018-12-13 12:50:47 - [TEST_STEP][PASSED] - Statement - PreSaveFile = new java.io.File(((pathPrefix + java.lang.Integer.toString(counter)) + .png)): null

2018-12-13 12:50:47 - [TEST_STEP][PASSED] - Statement - counter = counter + 1: null

2018-12-13 12:50:47 - [TEST_STEP][PASSED] - Statement - PreSaveFile = new java.io.File(((pathPrefix + java.lang.Integer.toString(counter)) + .png)): null

2018-12-13 12:50:47 - [TEST_STEP][PASSED] - Statement - counter = counter + 1: null

2018-12-13 12:50:47 - [TEST_STEP][PASSED] - Statement - PreSaveFile = new java.io.File(((pathPrefix + java.lang.Integer.toString(counter)) + .png)): null

2018-12-13 12:50:47 - [TEST_STEP][PASSED] - Statement - counter = counter + 1: null

2018-12-13 12:50:47 - [TEST_STEP][PASSED] - Statement - PreSaveFile = new java.io.File(((pathPrefix + java.lang.Integer.toString(counter)) + .png)): null

2018-12-13 12:50:47 - [TEST_STEP][PASSED] - Statement - counter = counter + 1: null

2018-12-13 12:50:47 - [TEST_STEP][PASSED] - Statement - PreSaveFile = new java.io.File(((pathPrefix + java.lang.Integer.toString(counter)) + .png)): null

2018-12-13 12:50:47 - [TEST_STEP][PASSED] - Statement - counter = counter + 1: null

2018-12-13 12:50:47 - [TEST_STEP][PASSED] - Statement - PreSaveFile = new java.io.File(((pathPrefix + java.lang.Integer.toString(counter)) + .png)): null

2018-12-13 12:50:47 - [TEST_STEP][PASSED] - Statement - counter = counter + 1: null

2018-12-13 12:50:47 - [TEST_STEP][PASSED] - Statement - PreSaveFile = new java.io.File(((pathPrefix + java.lang.Integer.toString(counter)) + .png)): null

2018-12-13 12:50:47 - [TEST_STEP][PASSED] - Statement - counter = counter + 1: null

2018-12-13 12:50:47 - [TEST_STEP][PASSED] - Statement - PreSaveFile = new java.io.File(((pathPrefix + java.lang.Integer.toString(counter)) + .png)): null

2018-12-13 12:50:47 - [TEST_STEP][PASSED] - Statement - counter = counter + 1: null

2018-12-13 12:50:47 - [TEST_STEP][PASSED] - Statement - PreSaveFile = new java.io.File(((pathPrefix + java.lang.Integer.toString(counter)) + .png)): null

2018-12-13 12:50:47 - [TEST_STEP][PASSED] - Statement - counter = counter + 1: null

2018-12-13 12:50:47 - [TEST_STEP][PASSED] - Statement - PreSaveFile = new java.io.File(((pathPrefix + java.lang.Integer.toString(counter)) + .png)): null

2018-12-13 12:50:47 - [TEST_STEP][PASSED] - Statement - counter = counter + 1: null

2018-12-13 12:50:47 - [TEST_STEP][PASSED] - Statement - PreSaveFile = new java.io.File(((pathPrefix + java.lang.Integer.toString(counter)) + .png)): null

2018-12-13 12:50:47 - [TEST_STEP][PASSED] - Statement - counter = counter + 1: null

2018-12-13 12:50:47 - [TEST_STEP][PASSED] - Statement - PreSaveFile = new java.io.File(((pathPrefix + java.lang.Integer.toString(counter)) + .png)): null

2018-12-13 12:50:47 - [TEST_STEP][PASSED] - Statement - counter = counter + 1: null

2018-12-13 12:50:47 - [TEST_STEP][PASSED] - Statement - PreSaveFile = new java.io.File(((pathPrefix + java.lang.Integer.toString(counter)) + .png)): null

2018-12-13 12:50:47 - [TEST_STEP][PASSED] - Statement - counter = counter + 1: null

2018-12-13 12:50:47 - [TEST_STEP][PASSED] - Statement - PreSaveFile = new java.io.File(((pathPrefix + java.lang.Integer.toString(counter)) + .png)): null

2018-12-13 12:50:47 - [TEST_STEP][PASSED] - Statement - counter = counter + 1: null

2018-12-13 12:50:47 - [TEST_STEP][PASSED] - Statement - PreSaveFile = new java.io.File(((pathPrefix + java.lang.Integer.toString(counter)) + .png)): null

2018-12-13 12:50:47 - [TEST_STEP][PASSED] - Statement - counter = counter + 1: null

2018-12-13 12:50:47 - [TEST_STEP][PASSED] - Statement - PreSaveFile = new java.io.File(((pathPrefix + java.lang.Integer.toString(counter)) + .png)): null

2018-12-13 12:50:47 - [TEST_STEP][PASSED] - Statement - counter = counter + 1: null

2018-12-13 12:50:47 - [TEST_STEP][PASSED] - Statement - PreSaveFile = new java.io.File(((pathPrefix + java.lang.Integer.toString(counter)) + .png)): null

2018-12-13 12:50:47 - [TEST_STEP][PASSED] - Statement - counter = counter + 1: null

2018-12-13 12:50:47 - [TEST_STEP][PASSED] - Statement - PreSaveFile = new java.io.File(((pathPrefix + java.lang.Integer.toString(counter)) + .png)): null

2018-12-13 12:50:47 - [TEST_STEP][PASSED] - Statement - counter = counter + 1: null

2018-12-13 12:50:47 - [TEST_STEP][PASSED] - Statement - PreSaveFile = new java.io.File(((pathPrefix + java.lang.Integer.toString(counter)) + .png)): null

2018-12-13 12:50:47 - [TEST_STEP][PASSED] - Statement - counter = counter + 1: null

2018-12-13 12:50:47 - [TEST_STEP][PASSED] - Statement - PreSaveFile = new java.io.File(((pathPrefix + java.lang.Integer.toString(counter)) + .png)): null

2018-12-13 12:50:47 - [TEST_STEP][PASSED] - Statement - counter = counter + 1: null

2018-12-13 12:50:47 - [TEST_STEP][PASSED] - Statement - PreSaveFile = new java.io.File(((pathPrefix + java.lang.Integer.toString(counter)) + .png)): null

2018-12-13 12:50:47 - [TEST_STEP][PASSED] - Statement - counter = counter + 1: null

2018-12-13 12:50:47 - [TEST_STEP][PASSED] - Statement - PreSaveFile = new java.io.File(((pathPrefix + java.lang.Integer.toString(counter)) + .png)): null

2018-12-13 12:50:47 - [TEST_STEP][PASSED] - Statement - counter = counter + 1: null

2018-12-13 12:50:47 - [TEST_STEP][PASSED] - Statement - PreSaveFile = new java.io.File(((pathPrefix + java.lang.Integer.toString(counter)) + .png)): null

2018-12-13 12:50:47 - [TEST_STEP][PASSED] - Statement - counter = counter + 1: null

2018-12-13 12:50:47 - [TEST_STEP][PASSED] - Statement - PreSaveFile = new java.io.File(((pathPrefix + java.lang.Integer.toString(counter)) + .png)): null

2018-12-13 12:50:47 - [TEST_STEP][PASSED] - Statement - counter = counter + 1: null

2018-12-13 12:50:47 - [TEST_STEP][PASSED] - Statement - PreSaveFile = new java.io.File(((pathPrefix + java.lang.Integer.toString(counter)) + .png)): null

2018-12-13 12:50:47 - [TEST_STEP][PASSED] - Statement - counter = counter + 1: null

2018-12-13 12:50:47 - [TEST_STEP][PASSED] - Statement - PreSaveFile = new java.io.File(((pathPrefix + java.lang.Integer.toString(counter)) + .png)): null

2018-12-13 12:50:47 - [TEST_STEP][PASSED] - Statement - counter = counter + 1: null

2018-12-13 12:50:47 - [TEST_STEP][PASSED] - Statement - PreSaveFile = new java.io.File(((pathPrefix + java.lang.Integer.toString(counter)) + .png)): null

2018-12-13 12:50:47 - [TEST_STEP][PASSED] - Statement - counter = counter + 1: null

2018-12-13 12:50:47 - [TEST_STEP][PASSED] - Statement - PreSaveFile = new java.io.File(((pathPrefix + java.lang.Integer.toString(counter)) + .png)): null

2018-12-13 12:50:47 - [TEST_STEP][PASSED] - Statement - counter = counter + 1: null

2018-12-13 12:50:47 - [TEST_STEP][PASSED] - Statement - PreSaveFile = new java.io.File(((pathPrefix + java.lang.Integer.toString(counter)) + .png)): null

2018-12-13 12:50:47 - [TEST_STEP][PASSED] - Statement - counter = counter + 1: null

2018-12-13 12:50:47 - [TEST_STEP][PASSED] - Statement - PreSaveFile = new java.io.File(((pathPrefix + java.lang.Integer.toString(counter)) + .png)): null

2018-12-13 12:50:47 - [TEST_STEP][PASSED] - Statement - counter = counter + 1: null

2018-12-13 12:50:47 - [TEST_STEP][PASSED] - Statement - PreSaveFile = new java.io.File(((pathPrefix + java.lang.Integer.toString(counter)) + .png)): null

2018-12-13 12:50:47 - [TEST_STEP][PASSED] - Statement - counter = counter + 1: null

2018-12-13 12:50:47 - [TEST_STEP][PASSED] - Statement - PreSaveFile = new java.io.File(((pathPrefix + java.lang.Integer.toString(counter)) + .png)): null

2018-12-13 12:50:47 - [TEST_STEP][PASSED] - Statement - counter = counter + 1: null

2018-12-13 12:50:47 - [TEST_STEP][PASSED] - Statement - PreSaveFile = new java.io.File(((pathPrefix + java.lang.Integer.toString(counter)) + .png)): null

2018-12-13 12:50:47 - [TEST_STEP][PASSED] - Statement - counter = counter + 1: null

2018-12-13 12:50:47 - [TEST_STEP][PASSED] - Statement - PreSaveFile = new java.io.File(((pathPrefix + java.lang.Integer.toString(counter)) + .png)): null

2018-12-13 12:50:47 - [TEST_STEP][PASSED] - Statement - counter = counter + 1: null

2018-12-13 12:50:47 - [TEST_STEP][PASSED] - Statement - PreSaveFile = new java.io.File(((pathPrefix + java.lang.Integer.toString(counter)) + .png)): null

2018-12-13 12:50:47 - [TEST_STEP][PASSED] - Statement - counter = counter + 1: null

2018-12-13 12:50:47 - [TEST_STEP][PASSED] - Statement - PreSaveFile = new java.io.File(((pathPrefix + java.lang.Integer.toString(counter)) + .png)): null

2018-12-13 12:50:47 - [TEST_STEP][PASSED] - Statement - counter = counter + 1: null

2018-12-13 12:50:47 - [TEST_STEP][PASSED] - Statement - PreSaveFile = new java.io.File(((pathPrefix + java.lang.Integer.toString(counter)) + .png)): null

2018-12-13 12:50:47 - [TEST_STEP][PASSED] - Statement - counter = counter + 1: null

2018-12-13 12:50:47 - [TEST_STEP][PASSED] - Statement - PreSaveFile = new java.io.File(((pathPrefix + java.lang.Integer.toString(counter)) + .png)): null

2018-12-13 12:50:47 - [TEST_STEP][PASSED] - Statement - counter = counter + 1: null

2018-12-13 12:50:47 - [TEST_STEP][PASSED] - Statement - PreSaveFile = new java.io.File(((pathPrefix + java.lang.Integer.toString(counter)) + .png)): null

2018-12-13 12:50:47 - [TEST_STEP][PASSED] - Statement - counter = counter + 1: null

2018-12-13 12:50:47 - [TEST_STEP][PASSED] - Statement - PreSaveFile = new java.io.File(((pathPrefix + java.lang.Integer.toString(counter)) + .png)): null

2018-12-13 12:50:47 - [TEST_STEP][PASSED] - Statement - counter = counter + 1: null

2018-12-13 12:50:47 - [TEST_STEP][PASSED] - Statement - PreSaveFile = new java.io.File(((pathPrefix + java.lang.Integer.toString(counter)) + .png)): null

2018-12-13 12:50:47 - [TEST_STEP][PASSED] - Statement - counter = counter + 1: null

2018-12-13 12:50:47 - [TEST_STEP][PASSED] - Statement - PreSaveFile = new java.io.File(((pathPrefix + java.lang.Integer.toString(counter)) + .png)): null

2018-12-13 12:50:47 - [TEST_STEP][PASSED] - Statement - counter = counter + 1: null

2018-12-13 12:50:47 - [TEST_STEP][PASSED] - Statement - PreSaveFile = new java.io.File(((pathPrefix + java.lang.Integer.toString(counter)) + .png)): null

2018-12-13 12:50:47 - [TEST_STEP][PASSED] - Statement - counter = counter + 1: null

2018-12-13 12:50:47 - [TEST_STEP][PASSED] - Statement - PreSaveFile = new java.io.File(((pathPrefix + java.lang.Integer.toString(counter)) + .png)): null

2018-12-13 12:50:47 - [TEST_STEP][PASSED] - Statement - counter = counter + 1: null

2018-12-13 12:50:47 - [TEST_STEP][PASSED] - Statement - PreSaveFile = new java.io.File(((pathPrefix + java.lang.Integer.toString(counter)) + .png)): null

2018-12-13 12:50:47 - [TEST_STEP][PASSED] - Statement - counter = counter + 1: null

2018-12-13 12:50:47 - [TEST_STEP][PASSED] - Statement - PreSaveFile = new java.io.File(((pathPrefix + java.lang.Integer.toString(counter)) + .png)): null

2018-12-13 12:50:47 - [TEST_STEP][PASSED] - Statement - counter = counter + 1: null

2018-12-13 12:50:48 - [TEST_STEP][PASSED] - Statement - PreSaveFile = new java.io.File(((pathPrefix + java.lang.Integer.toString(counter)) + .png)): null

2018-12-13 12:50:48 - [TEST_STEP][PASSED] - Statement - counter = counter + 1: null

2018-12-13 12:50:48 - [TEST_STEP][PASSED] - Statement - PreSaveFile = new java.io.File(((pathPrefix + java.lang.Integer.toString(counter)) + .png)): null

2018-12-13 12:50:48 - [TEST_STEP][PASSED] - Statement - counter = counter + 1: null

2018-12-13 12:50:48 - [TEST_STEP][PASSED] - Statement - PreSaveFile = new java.io.File(((pathPrefix + java.lang.Integer.toString(counter)) + .png)): null

2018-12-13 12:50:48 - [TEST_STEP][PASSED] - Statement - counter = counter + 1: null

2018-12-13 12:50:48 - [TEST_STEP][PASSED] - Statement - PreSaveFile = new java.io.File(((pathPrefix + java.lang.Integer.toString(counter)) + .png)): null

2018-12-13 12:50:48 - [TEST_STEP][PASSED] - Statement - counter = counter + 1: null

2018-12-13 12:50:48 - [TEST_STEP][PASSED] - Statement - PreSaveFile = new java.io.File(((pathPrefix + java.lang.Integer.toString(counter)) + .png)): null

2018-12-13 12:50:48 - [TEST_STEP][PASSED] - Statement - counter = counter + 1: null

2018-12-13 12:50:48 - [TEST_STEP][PASSED] - Statement - PreSaveFile = new java.io.File(((pathPrefix + java.lang.Integer.toString(counter)) + .png)): null

2018-12-13 12:50:48 - [TEST_STEP][PASSED] - Statement - counter = counter + 1: null

2018-12-13 12:50:48 - [TEST_STEP][PASSED] - Statement - PreSaveFile = new java.io.File(((pathPrefix + java.lang.Integer.toString(counter)) + .png)): null

2018-12-13 12:50:48 - [TEST_STEP][PASSED] - Statement - counter = counter + 1: null

2018-12-13 12:50:48 - [TEST_STEP][PASSED] - Statement - PreSaveFile = new java.io.File(((pathPrefix + java.lang.Integer.toString(counter)) + .png)): null

2018-12-13 12:50:48 - [TEST_STEP][PASSED] - Statement - counter = counter + 1: null

2018-12-13 12:50:48 - [TEST_STEP][PASSED] - Statement - PreSaveFile = new java.io.File(((pathPrefix + java.lang.Integer.toString(counter)) + .png)): null

2018-12-13 12:50:48 - [TEST_STEP][PASSED] - Statement - counter = counter + 1: null

2018-12-13 12:50:48 - [TEST_STEP][PASSED] - Statement - PreSaveFile = new java.io.File(((pathPrefix + java.lang.Integer.toString(counter)) + .png)): null

2018-12-13 12:50:48 - [TEST_STEP][PASSED] - Statement - counter = counter + 1: null

2018-12-13 12:50:48 - [TEST_STEP][PASSED] - Statement - PreSaveFile = new java.io.File(((pathPrefix + java.lang.Integer.toString(counter)) + .png)): null

2018-12-13 12:50:48 - [TEST_STEP][PASSED] - Statement - counter = counter + 1: null

2018-12-13 12:50:48 - [TEST_STEP][PASSED] - Statement - PreSaveFile = new java.io.File(((pathPrefix + java.lang.Integer.toString(counter)) + .png)): null

2018-12-13 12:50:48 - [TEST_STEP][PASSED] - Statement - counter = counter + 1: null

2018-12-13 12:50:48 - [TEST_STEP][PASSED] - Statement - PreSaveFile = new java.io.File(((pathPrefix + java.lang.Integer.toString(counter)) + .png)): null

2018-12-13 12:50:48 - [TEST_STEP][PASSED] - Statement - counter = counter + 1: null

2018-12-13 12:50:48 - [TEST_STEP][PASSED] - Statement - PreSaveFile = new java.io.File(((pathPrefix + java.lang.Integer.toString(counter)) + .png)): null

2018-12-13 12:50:48 - [TEST_STEP][PASSED] - Statement - counter = counter + 1: null

2018-12-13 12:50:48 - [TEST_STEP][PASSED] - Statement - PreSaveFile = new java.io.File(((pathPrefix + java.lang.Integer.toString(counter)) + .png)): null

2018-12-13 12:50:48 - [TEST_STEP][PASSED] - Statement - counter = counter + 1: null

2018-12-13 12:50:48 - [TEST_STEP][PASSED] - Statement - PreSaveFile = new java.io.File(((pathPrefix + java.lang.Integer.toString(counter)) + .png)): null

2018-12-13 12:50:48 - [TEST_STEP][PASSED] - Statement - counter = counter + 1: null

2018-12-13 12:50:48 - [TEST_STEP][PASSED] - Statement - PreSaveFile = new java.io.File(((pathPrefix + java.lang.Integer.toString(counter)) + .png)): null

2018-12-13 12:50:48 - [TEST_STEP][PASSED] - Statement - counter = counter + 1: null

2018-12-13 12:50:48 - [TEST_STEP][PASSED] - Statement - PreSaveFile = new java.io.File(((pathPrefix + java.lang.Integer.toString(counter)) + .png)): null

2018-12-13 12:50:48 - [TEST_STEP][PASSED] - Statement - counter = counter + 1: null

2018-12-13 12:50:48 - [TEST_STEP][PASSED] - Statement - PreSaveFile = new java.io.File(((pathPrefix + java.lang.Integer.toString(counter)) + .png)): null

2018-12-13 12:50:48 - [TEST_STEP][PASSED] - Statement - counter = counter + 1: null

2018-12-13 12:50:48 - [TEST_STEP][PASSED] - Statement - PreSaveFile = new java.io.File(((pathPrefix + java.lang.Integer.toString(counter)) + .png)): null

2018-12-13 12:50:48 - [TEST_STEP][PASSED] - Statement - counter = counter + 1: null

2018-12-13 12:50:48 - [TEST_STEP][PASSED] - Statement - PreSaveFile = new java.io.File(((pathPrefix + java.lang.Integer.toString(counter)) + .png)): null

2018-12-13 12:50:48 - [TEST_STEP][PASSED] - Statement - counter = counter + 1: null

2018-12-13 12:50:48 - [TEST_STEP][PASSED] - Statement - PreSaveFile = new java.io.File(((pathPrefix + java.lang.Integer.toString(counter)) + .png)): null

2018-12-13 12:50:48 - [TEST_STEP][PASSED] - Statement - counter = counter + 1: null

2018-12-13 12:50:48 - [TEST_STEP][PASSED] - Statement - PreSaveFile = new java.io.File(((pathPrefix + java.lang.Integer.toString(counter)) + .png)): null

2018-12-13 12:50:48 - [TEST_STEP][PASSED] - Statement - counter = counter + 1: null

2018-12-13 12:50:48 - [TEST_STEP][PASSED] - Statement - PreSaveFile = new java.io.File(((pathPrefix + java.lang.Integer.toString(counter)) + .png)): null

2018-12-13 12:50:48 - [TEST_STEP][PASSED] - Statement - counter = counter + 1: null

2018-12-13 12:50:48 - [TEST_STEP][PASSED] - Statement - PreSaveFile = new java.io.File(((pathPrefix + java.lang.Integer.toString(counter)) + .png)): null

2018-12-13 12:50:48 - [TEST_STEP][PASSED] - Statement - counter = counter + 1: null

2018-12-13 12:50:48 - [TEST_STEP][PASSED] - Statement - PreSaveFile = new java.io.File(((pathPrefix + java.lang.Integer.toString(counter)) + .png)): null

2018-12-13 12:50:48 - [TEST_STEP][PASSED] - Statement - counter = counter + 1: null

2018-12-13 12:50:48 - [TEST_STEP][PASSED] - Statement - PreSaveFile = new java.io.File(((pathPrefix + java.lang.Integer.toString(counter)) + .png)): null

2018-12-13 12:50:48 - [TEST_STEP][PASSED] - Statement - counter = counter + 1: null

2018-12-13 12:50:48 - [TEST_STEP][PASSED] - Statement - PreSaveFile = new java.io.File(((pathPrefix + java.lang.Integer.toString(counter)) + .png)): null

2018-12-13 12:50:48 - [TEST_STEP][PASSED] - Statement - counter = counter + 1: null

2018-12-13 12:50:48 - [TEST_STEP][PASSED] - Statement - PreSaveFile = new java.io.File(((pathPrefix + java.lang.Integer.toString(counter)) + .png)): null

2018-12-13 12:50:48 - [TEST_STEP][PASSED] - Statement - counter = counter + 1: null

2018-12-13 12:50:48 - [TEST_STEP][PASSED] - Statement - PreSaveFile = new java.io.File(((pathPrefix + java.lang.Integer.toString(counter)) + .png)): null

2018-12-13 12:50:48 - [TEST_STEP][PASSED] - Statement - counter = counter + 1: null

2018-12-13 12:50:48 - [TEST_STEP][PASSED] - Statement - PreSaveFile = new java.io.File(((pathPrefix + java.lang.Integer.toString(counter)) + .png)): null

2018-12-13 12:50:48 - [TEST_STEP][PASSED] - Statement - counter = counter + 1: null

2018-12-13 12:50:48 - [TEST_STEP][PASSED] - Statement - PreSaveFile = new java.io.File(((pathPrefix + java.lang.Integer.toString(counter)) + .png)): null

2018-12-13 12:50:48 - [TEST_STEP][PASSED] - Statement - counter = counter + 1: null

2018-12-13 12:50:48 - [TEST_STEP][PASSED] - Statement - PreSaveFile = new java.io.File(((pathPrefix + java.lang.Integer.toString(counter)) + .png)): null

2018-12-13 12:50:48 - [TEST_STEP][PASSED] - Statement - counter = counter + 1: null

2018-12-13 12:50:48 - [TEST_STEP][PASSED] - Statement - PreSaveFile = new java.io.File(((pathPrefix + java.lang.Integer.toString(counter)) + .png)): null

2018-12-13 12:50:48 - [TEST_STEP][PASSED] - Statement - counter = counter + 1: null

2018-12-13 12:50:48 - [TEST_STEP][PASSED] - Statement - PreSaveFile = new java.io.File(((pathPrefix + java.lang.Integer.toString(counter)) + .png)): null

2018-12-13 12:50:48 - [TEST_STEP][PASSED] - Statement - counter = counter + 1: null

2018-12-13 12:50:48 - [TEST_STEP][PASSED] - Statement - PreSaveFile = new java.io.File(((pathPrefix + java.lang.Integer.toString(counter)) + .png)): null

2018-12-13 12:50:48 - [TEST_STEP][PASSED] - Statement - counter = counter + 1: null

2018-12-13 12:50:48 - [TEST_STEP][PASSED] - Statement - PreSaveFile = new java.io.File(((pathPrefix + java.lang.Integer.toString(counter)) + .png)): null

2018-12-13 12:50:48 - [TEST_STEP][PASSED] - Statement - counter = counter + 1: null

2018-12-13 12:50:48 - [TEST_STEP][PASSED] - Statement - PreSaveFile = new java.io.File(((pathPrefix + java.lang.Integer.toString(counter)) + .png)): null

2018-12-13 12:50:48 - [TEST_STEP][PASSED] - Statement - counter = counter + 1: null

2018-12-13 12:50:48 - [TEST_STEP][PASSED] - Statement - PreSaveFile = new java.io.File(((pathPrefix + java.lang.Integer.toString(counter)) + .png)): null

2018-12-13 12:50:48 - [TEST_STEP][PASSED] - Statement - counter = counter + 1: null

2018-12-13 12:50:48 - [TEST_STEP][PASSED] - Statement - PreSaveFile = new java.io.File(((pathPrefix + java.lang.Integer.toString(counter)) + .png)): null

2018-12-13 12:50:48 - [TEST_STEP][PASSED] - Statement - counter = counter + 1: null

2018-12-13 12:50:48 - [TEST_STEP][PASSED] - Statement - PreSaveFile = new java.io.File(((pathPrefix + java.lang.Integer.toString(counter)) + .png)): null

2018-12-13 12:50:48 - [TEST_STEP][PASSED] - Statement - counter = counter + 1: null

2018-12-13 12:50:48 - [TEST_STEP][PASSED] - Statement - PreSaveFile = new java.io.File(((pathPrefix + java.lang.Integer.toString(counter)) + .png)): null

2018-12-13 12:50:48 - [TEST_STEP][PASSED] - Statement - counter = counter + 1: null

2018-12-13 12:50:48 - [TEST_STEP][PASSED] - Statement - PreSaveFile = new java.io.File(((pathPrefix + java.lang.Integer.toString(counter)) + .png)): null

2018-12-13 12:50:48 - [TEST_STEP][PASSED] - Statement - counter = counter + 1: null

2018-12-13 12:50:48 - [TEST_STEP][PASSED] - Statement - PreSaveFile = new java.io.File(((pathPrefix + java.lang.Integer.toString(counter)) + .png)): null

2018-12-13 12:50:48 - [TEST_STEP][PASSED] - Statement - counter = counter + 1: null

2018-12-13 12:50:48 - [TEST_STEP][PASSED] - Statement - PreSaveFile = new java.io.File(((pathPrefix + java.lang.Integer.toString(counter)) + .png)): null

2018-12-13 12:50:48 - [TEST_STEP][PASSED] - Statement - counter = counter + 1: null

2018-12-13 12:50:48 - [TEST_STEP][PASSED] - Statement - PreSaveFile = new java.io.File(((pathPrefix + java.lang.Integer.toString(counter)) + .png)): null

2018-12-13 12:50:48 - [TEST_STEP][PASSED] - Statement - counter = counter + 1: null

2018-12-13 12:50:48 - [TEST_STEP][PASSED] - Statement - PreSaveFile = new java.io.File(((pathPrefix + java.lang.Integer.toString(counter)) + .png)): null

2018-12-13 12:50:48 - [TEST_STEP][PASSED] - Statement - counter = counter + 1: null

2018-12-13 12:50:48 - [TEST_STEP][PASSED] - Statement - PreSaveFile = new java.io.File(((pathPrefix + java.lang.Integer.toString(counter)) + .png)): null

2018-12-13 12:50:48 - [TEST_STEP][PASSED] - Statement - counter = counter + 1: null

2018-12-13 12:50:48 - [TEST_STEP][PASSED] - Statement - PreSaveFile = new java.io.File(((pathPrefix + java.lang.Integer.toString(counter)) + .png)): null

2018-12-13 12:50:48 - [TEST_STEP][PASSED] - Statement - counter = counter + 1: null

2018-12-13 12:50:48 - [TEST_STEP][PASSED] - Statement - PreSaveFile = new java.io.File(((pathPrefix + java.lang.Integer.toString(counter)) + .png)): null

2018-12-13 12:50:48 - [TEST_STEP][PASSED] - Statement - counter = counter + 1: null

2018-12-13 12:50:48 - [TEST_STEP][PASSED] - Statement - PreSaveFile = new java.io.File(((pathPrefix + java.lang.Integer.toString(counter)) + .png)): null

2018-12-13 12:50:48 - [TEST_STEP][PASSED] - Statement - counter = counter + 1: null

2018-12-13 12:50:48 - [TEST_STEP][PASSED] - Statement - PreSaveFile = new java.io.File(((pathPrefix + java.lang.Integer.toString(counter)) + .png)): null

2018-12-13 12:50:48 - [TEST_STEP][PASSED] - Statement - counter = counter + 1: null

2018-12-13 12:50:48 - [TEST_STEP][PASSED] - Statement - PreSaveFile = new java.io.File(((pathPrefix + java.lang.Integer.toString(counter)) + .png)): null

2018-12-13 12:50:48 - [TEST_STEP][PASSED] - Statement - counter = counter + 1: null

2018-12-13 12:50:48 - [TEST_STEP][PASSED] - Statement - PreSaveFile = new java.io.File(((pathPrefix + java.lang.Integer.toString(counter)) + .png)): null

2018-12-13 12:50:48 - [TEST_STEP][PASSED] - Statement - counter = counter + 1: null

2018-12-13 12:50:48 - [TEST_STEP][PASSED] - Statement - PreSaveFile = new java.io.File(((pathPrefix + java.lang.Integer.toString(counter)) + .png)): null

2018-12-13 12:50:48 - [TEST_STEP][PASSED] - Statement - counter = counter + 1: null

2018-12-13 12:50:48 - [TEST_STEP][PASSED] - Statement - PreSaveFile = new java.io.File(((pathPrefix + java.lang.Integer.toString(counter)) + .png)): null

2018-12-13 12:50:48 - [TEST_STEP][PASSED] - Statement - counter = counter + 1: null

2018-12-13 12:50:48 - [TEST_STEP][PASSED] - Statement - PreSaveFile = new java.io.File(((pathPrefix + java.lang.Integer.toString(counter)) + .png)): null

2018-12-13 12:50:48 - [TEST_STEP][PASSED] - Statement - counter = counter + 1: null

2018-12-13 12:50:48 - [TEST_STEP][PASSED] - Statement - PreSaveFile = new java.io.File(((pathPrefix + java.lang.Integer.toString(counter)) + .png)): null

2018-12-13 12:50:48 - [TEST_STEP][PASSED] - Statement - counter = counter + 1: null

2018-12-13 12:50:48 - [TEST_STEP][PASSED] - Statement - PreSaveFile = new java.io.File(((pathPrefix + java.lang.Integer.toString(counter)) + .png)): null

2018-12-13 12:50:48 - [TEST_STEP][PASSED] - Statement - counter = counter + 1: null

2018-12-13 12:50:48 - [TEST_STEP][PASSED] - Statement - PreSaveFile = new java.io.File(((pathPrefix + java.lang.Integer.toString(counter)) + .png)): null

2018-12-13 12:50:48 - [TEST_STEP][PASSED] - Statement - counter = counter + 1: null

2018-12-13 12:50:48 - [TEST_STEP][PASSED] - Statement - PreSaveFile = new java.io.File(((pathPrefix + java.lang.Integer.toString(counter)) + .png)): null

2018-12-13 12:50:48 - [TEST_STEP][PASSED] - Statement - counter = counter + 1: null

2018-12-13 12:50:48 - [TEST_STEP][PASSED] - Statement - PreSaveFile = new java.io.File(((pathPrefix + java.lang.Integer.toString(counter)) + .png)): null

2018-12-13 12:50:48 - [TEST_STEP][PASSED] - Statement - counter = counter + 1: null

2018-12-13 12:50:48 - [TEST_STEP][PASSED] - Statement - PreSaveFile = new java.io.File(((pathPrefix + java.lang.Integer.toString(counter)) + .png)): null

2018-12-13 12:50:48 - [TEST_STEP][PASSED] - Statement - counter = counter + 1: null

2018-12-13 12:50:48 - [TEST_STEP][PASSED] - Statement - PreSaveFile = new java.io.File(((pathPrefix + java.lang.Integer.toString(counter)) + .png)): null

2018-12-13 12:50:48 - [TEST_STEP][PASSED] - Statement - counter = counter + 1: null

2018-12-13 12:50:48 - [TEST_STEP][PASSED] - Statement - PreSaveFile = new java.io.File(((pathPrefix + java.lang.Integer.toString(counter)) + .png)): null

2018-12-13 12:50:48 - [TEST_STEP][PASSED] - Statement - counter = counter + 1: null

2018-12-13 12:50:48 - [TEST_STEP][PASSED] - Statement - PreSaveFile = new java.io.File(((pathPrefix + java.lang.Integer.toString(counter)) + .png)): null

2018-12-13 12:50:48 - [TEST_STEP][PASSED] - Statement - counter = counter + 1: null

2018-12-13 12:50:48 - [TEST_STEP][PASSED] - Statement - PreSaveFile = new java.io.File(((pathPrefix + java.lang.Integer.toString(counter)) + .png)): null

2018-12-13 12:50:48 - [TEST_STEP][PASSED] - Statement - counter = counter + 1: null

2018-12-13 12:50:48 - [TEST_STEP][PASSED] - Statement - PreSaveFile = new java.io.File(((pathPrefix + java.lang.Integer.toString(counter)) + .png)): null

2018-12-13 12:50:48 - [TEST_STEP][PASSED] - Statement - counter = counter + 1: null

2018-12-13 12:50:48 - [TEST_STEP][PASSED] - Statement - PreSaveFile = new java.io.File(((pathPrefix + java.lang.Integer.toString(counter)) + .png)): null

2018-12-13 12:50:48 - [TEST_STEP][PASSED] - Statement - counter = counter + 1: null

2018-12-13 12:50:48 - [TEST_STEP][PASSED] - Statement - PreSaveFile = new java.io.File(((pathPrefix + java.lang.Integer.toString(counter)) + .png)): null

2018-12-13 12:50:48 - [TEST_STEP][PASSED] - Statement - counter = counter + 1: null

2018-12-13 12:50:48 - [TEST_STEP][PASSED] - Statement - PreSaveFile = new java.io.File(((pathPrefix + java.lang.Integer.toString(counter)) + .png)): null

2018-12-13 12:50:48 - [TEST_STEP][PASSED] - Statement - counter = counter + 1: null

2018-12-13 12:50:48 - [TEST_STEP][PASSED] - Statement - PreSaveFile = new java.io.File(((pathPrefix + java.lang.Integer.toString(counter)) + .png)): null

2018-12-13 12:50:48 - [TEST_STEP][PASSED] - Statement - counter = counter + 1: null

2018-12-13 12:50:48 - [TEST_STEP][PASSED] - Statement - PreSaveFile = new java.io.File(((pathPrefix + java.lang.Integer.toString(counter)) + .png)): null

2018-12-13 12:50:48 - [TEST_STEP][PASSED] - Statement - counter = counter + 1: null

2018-12-13 12:50:48 - [TEST_STEP][PASSED] - Statement - PreSaveFile = new java.io.File(((pathPrefix + java.lang.Integer.toString(counter)) + .png)): null

2018-12-13 12:50:48 - [TEST_STEP][PASSED] - Statement - counter = counter + 1: null

2018-12-13 12:50:48 - [TEST_STEP][PASSED] - Statement - PreSaveFile = new java.io.File(((pathPrefix + java.lang.Integer.toString(counter)) + .png)): null

2018-12-13 12:50:48 - [TEST_STEP][PASSED] - Statement - counter = counter + 1: null

2018-12-13 12:50:48 - [TEST_STEP][PASSED] - Statement - PreSaveFile = new java.io.File(((pathPrefix + java.lang.Integer.toString(counter)) + .png)): null

2018-12-13 12:50:48 - [TEST_STEP][PASSED] - Statement - counter = counter + 1: null

2018-12-13 12:50:48 - [TEST_STEP][PASSED] - Statement - PreSaveFile = new java.io.File(((pathPrefix + java.lang.Integer.toString(counter)) + .png)): null

2018-12-13 12:50:48 - [TEST_STEP][PASSED] - Statement - counter = counter + 1: null

2018-12-13 12:50:48 - [TEST_STEP][PASSED] - Statement - PreSaveFile = new java.io.File(((pathPrefix + java.lang.Integer.toString(counter)) + .png)): null

2018-12-13 12:50:48 - [TEST_STEP][PASSED] - Statement - counter = counter + 1: null

2018-12-13 12:50:48 - [TEST_STEP][PASSED] - Statement - PreSaveFile = new java.io.File(((pathPrefix + java.lang.Integer.toString(counter)) + .png)): null

2018-12-13 12:50:48 - [TEST_STEP][PASSED] - Statement - counter = counter + 1: null

2018-12-13 12:50:48 - [TEST_STEP][PASSED] - Statement - PreSaveFile = new java.io.File(((pathPrefix + java.lang.Integer.toString(counter)) + .png)): null

2018-12-13 12:50:48 - [TEST_STEP][PASSED] - Statement - counter = counter + 1: null

2018-12-13 12:50:48 - [TEST_STEP][PASSED] - Statement - PreSaveFile = new java.io.File(((pathPrefix + java.lang.Integer.toString(counter)) + .png)): null

2018-12-13 12:50:48 - [TEST_STEP][PASSED] - Statement - counter = counter + 1: null

2018-12-13 12:50:48 - [TEST_STEP][PASSED] - Statement - PreSaveFile = new java.io.File(((pathPrefix + java.lang.Integer.toString(counter)) + .png)): null

2018-12-13 12:50:48 - [TEST_STEP][PASSED] - Statement - counter = counter + 1: null

2018-12-13 12:50:48 - [TEST_STEP][PASSED] - Statement - PreSaveFile = new java.io.File(((pathPrefix + java.lang.Integer.toString(counter)) + .png)): null

2018-12-13 12:50:48 - [TEST_STEP][PASSED] - Statement - counter = counter + 1: null

2018-12-13 12:50:48 - [TEST_STEP][PASSED] - Statement - PreSaveFile = new java.io.File(((pathPrefix + java.lang.Integer.toString(counter)) + .png)): null

2018-12-13 12:50:48 - [TEST_STEP][PASSED] - Statement - counter = counter + 1: null

2018-12-13 12:50:48 - [TEST_STEP][PASSED] - Statement - PreSaveFile = new java.io.File(((pathPrefix + java.lang.Integer.toString(counter)) + .png)): null

2018-12-13 12:50:48 - [TEST_STEP][PASSED] - Statement - counter = counter + 1: null

2018-12-13 12:50:48 - [TEST_STEP][PASSED] - Statement - PreSaveFile = new java.io.File(((pathPrefix + java.lang.Integer.toString(counter)) + .png)): null

2018-12-13 12:50:48 - [TEST_STEP][PASSED] - Statement - counter = counter + 1: null

2018-12-13 12:50:48 - [TEST_STEP][PASSED] - Statement - PreSaveFile = new java.io.File(((pathPrefix + java.lang.Integer.toString(counter)) + .png)): null

2018-12-13 12:50:48 - [TEST_STEP][PASSED] - Statement - counter = counter + 1: null

2018-12-13 12:50:48 - [TEST_STEP][PASSED] - Statement - PreSaveFile = new java.io.File(((pathPrefix + java.lang.Integer.toString(counter)) + .png)): null

2018-12-13 12:50:48 - [TEST_STEP][PASSED] - Statement - counter = counter + 1: null

2018-12-13 12:50:48 - [TEST_STEP][PASSED] - Statement - PreSaveFile = new java.io.File(((pathPrefix + java.lang.Integer.toString(counter)) + .png)): null

2018-12-13 12:50:48 - [TEST_STEP][PASSED] - Statement - counter = counter + 1: null

2018-12-13 12:50:48 - [TEST_STEP][PASSED] - Statement - PreSaveFile = new java.io.File(((pathPrefix + java.lang.Integer.toString(counter)) + .png)): null

2018-12-13 12:50:48 - [TEST_STEP][PASSED] - Statement - counter = counter + 1: null

2018-12-13 12:50:48 - [TEST_STEP][PASSED] - Statement - PreSaveFile = new java.io.File(((pathPrefix + java.lang.Integer.toString(counter)) + .png)): null

2018-12-13 12:50:48 - [TEST_STEP][PASSED] - Statement - counter = counter + 1: null

2018-12-13 12:50:48 - [TEST_STEP][PASSED] - Statement - PreSaveFile = new java.io.File(((pathPrefix + java.lang.Integer.toString(counter)) + .png)): null

2018-12-13 12:50:48 - [TEST_STEP][PASSED] - Statement - counter = counter + 1: null

2018-12-13 12:50:48 - [TEST_STEP][PASSED] - Statement - PreSaveFile = new java.io.File(((pathPrefix + java.lang.Integer.toString(counter)) + .png)): null

2018-12-13 12:50:48 - [TEST_STEP][PASSED] - Statement - counter = counter + 1: null

2018-12-13 12:50:48 - [TEST_STEP][PASSED] - Statement - PreSaveFile = new java.io.File(((pathPrefix + java.lang.Integer.toString(counter)) + .png)): null

2018-12-13 12:50:48 - [TEST_STEP][PASSED] - Statement - counter = counter + 1: null

2018-12-13 12:50:48 - [TEST_STEP][PASSED] - Statement - PreSaveFile = new java.io.File(((pathPrefix + java.lang.Integer.toString(counter)) + .png)): null

2018-12-13 12:50:48 - [TEST_STEP][PASSED] - Statement - counter = counter + 1: null

2018-12-13 12:50:48 - [TEST_STEP][PASSED] - Statement - PreSaveFile = new java.io.File(((pathPrefix + java.lang.Integer.toString(counter)) + .png)): null

2018-12-13 12:50:48 - [TEST_STEP][PASSED] - Statement - counter = counter + 1: null

2018-12-13 12:50:48 - [TEST_STEP][PASSED] - Statement - PreSaveFile = new java.io.File(((pathPrefix + java.lang.Integer.toString(counter)) + .png)): null

2018-12-13 12:50:48 - [TEST_STEP][PASSED] - Statement - counter = counter + 1: null

2018-12-13 12:50:48 - [TEST_STEP][PASSED] - Statement - PreSaveFile = new java.io.File(((pathPrefix + java.lang.Integer.toString(counter)) + .png)): null

2018-12-13 12:50:48 - [TEST_STEP][PASSED] - Statement - counter = counter + 1: null

2018-12-13 12:50:48 - [TEST_STEP][PASSED] - Statement - PreSaveFile = new java.io.File(((pathPrefix + java.lang.Integer.toString(counter)) + .png)): null

2018-12-13 12:50:48 - [TEST_STEP][PASSED] - Statement - counter = counter + 1: null

2018-12-13 12:50:48 - [TEST_STEP][PASSED] - Statement - PreSaveFile = new java.io.File(((pathPrefix + java.lang.Integer.toString(counter)) + .png)): null

2018-12-13 12:50:48 - [TEST_STEP][PASSED] - Statement - counter = counter + 1: null

2018-12-13 12:50:48 - [TEST_STEP][PASSED] - Statement - PreSaveFile = new java.io.File(((pathPrefix + java.lang.Integer.toString(counter)) + .png)): null

2018-12-13 12:50:48 - [TEST_STEP][PASSED] - Statement - counter = counter + 1: null

2018-12-13 12:50:48 - [TEST_STEP][PASSED] - Statement - PreSaveFile = new java.io.File(((pathPrefix + java.lang.Integer.toString(counter)) + .png)): null

2018-12-13 12:50:48 - [TEST_STEP][PASSED] - Statement - counter = counter + 1: null

2018-12-13 12:50:48 - [TEST_STEP][PASSED] - Statement - PreSaveFile = new java.io.File(((pathPrefix + java.lang.Integer.toString(counter)) + .png)): null

2018-12-13 12:50:48 - [TEST_STEP][PASSED] - Statement - counter = counter + 1: null

2018-12-13 12:50:48 - [TEST_STEP][PASSED] - Statement - PreSaveFile = new java.io.File(((pathPrefix + java.lang.Integer.toString(counter)) + .png)): null

2018-12-13 12:50:48 - [TEST_STEP][PASSED] - Statement - counter = counter + 1: null

2018-12-13 12:50:48 - [TEST_STEP][PASSED] - Statement - PreSaveFile = new java.io.File(((pathPrefix + java.lang.Integer.toString(counter)) + .png)): null

2018-12-13 12:50:48 - [TEST_STEP][PASSED] - Statement - counter = counter + 1: null

2018-12-13 12:50:48 - [TEST_STEP][PASSED] - Statement - PreSaveFile = new java.io.File(((pathPrefix + java.lang.Integer.toString(counter)) + .png)): null

2018-12-13 12:50:48 - [TEST_STEP][PASSED] - Statement - counter = counter + 1: null

2018-12-13 12:50:48 - [TEST_STEP][PASSED] - Statement - PreSaveFile = new java.io.File(((pathPrefix + java.lang.Integer.toString(counter)) + .png)): null

2018-12-13 12:50:48 - [TEST_STEP][PASSED] - Statement - counter = counter + 1: null

2018-12-13 12:50:48 - [TEST_STEP][PASSED] - Statement - PreSaveFile = new java.io.File(((pathPrefix + java.lang.Integer.toString(counter)) + .png)): null

2018-12-13 12:50:48 - [TEST_STEP][PASSED] - Statement - counter = counter + 1: null

2018-12-13 12:50:48 - [TEST_STEP][PASSED] - Statement - PreSaveFile = new java.io.File(((pathPrefix + java.lang.Integer.toString(counter)) + .png)): null

2018-12-13 12:50:48 - [TEST_STEP][PASSED] - Statement - counter = counter + 1: null

2018-12-13 12:50:48 - [TEST_STEP][PASSED] - Statement - PreSaveFile = new java.io.File(((pathPrefix + java.lang.Integer.toString(counter)) + .png)): null

2018-12-13 12:50:48 - [TEST_STEP][PASSED] - Statement - counter = counter + 1: null

2018-12-13 12:50:48 - [TEST_STEP][PASSED] - Statement - PreSaveFile = new java.io.File(((pathPrefix + java.lang.Integer.toString(counter)) + .png)): null

2018-12-13 12:50:48 - [TEST_STEP][PASSED] - Statement - counter = counter + 1: null

2018-12-13 12:50:48 - [TEST_STEP][PASSED] - Statement - PreSaveFile = new java.io.File(((pathPrefix + java.lang.Integer.toString(counter)) + .png)): null

2018-12-13 12:50:48 - [TEST_STEP][PASSED] - Statement - counter = counter + 1: null

2018-12-13 12:50:48 - [TEST_STEP][PASSED] - Statement - PreSaveFile = new java.io.File(((pathPrefix + java.lang.Integer.toString(counter)) + .png)): null

2018-12-13 12:50:48 - [TEST_STEP][PASSED] - Statement - counter = counter + 1: null

2018-12-13 12:50:48 - [TEST_STEP][PASSED] - Statement - PreSaveFile = new java.io.File(((pathPrefix + java.lang.Integer.toString(counter)) + .png)): null

2018-12-13 12:50:48 - [TEST_STEP][PASSED] - Statement - counter = counter + 1: null

2018-12-13 12:50:48 - [TEST_STEP][PASSED] - Statement - PreSaveFile = new java.io.File(((pathPrefix + java.lang.Integer.toString(counter)) + .png)): null

2018-12-13 12:50:48 - [TEST_STEP][PASSED] - Statement - counter = counter + 1: null

2018-12-13 12:50:48 - [TEST_STEP][PASSED] - Statement - PreSaveFile = new java.io.File(((pathPrefix + java.lang.Integer.toString(counter)) + .png)): null

2018-12-13 12:50:48 - [TEST_STEP][PASSED] - Statement - counter = counter + 1: null

2018-12-13 12:50:48 - [TEST_STEP][PASSED] - Statement - PreSaveFile = new java.io.File(((pathPrefix + java.lang.Integer.toString(counter)) + .png)): null

2018-12-13 12:50:48 - [TEST_STEP][PASSED] - Statement - counter = counter + 1: null

2018-12-13 12:50:48 - [TEST_STEP][PASSED] - Statement - PreSaveFile = new java.io.File(((pathPrefix + java.lang.Integer.toString(counter)) + .png)): null

2018-12-13 12:50:48 - [TEST_STEP][PASSED] - Statement - counter = counter + 1: null

2018-12-13 12:50:48 - [TEST_STEP][PASSED] - Statement - PreSaveFile = new java.io.File(((pathPrefix + java.lang.Integer.toString(counter)) + .png)): null

2018-12-13 12:50:48 - [TEST_STEP][PASSED] - Statement - counter = counter + 1: null

2018-12-13 12:50:48 - [TEST_STEP][PASSED] - Statement - PreSaveFile = new java.io.File(((pathPrefix + java.lang.Integer.toString(counter)) + .png)): null

2018-12-13 12:50:48 - [TEST_STEP][PASSED] - Statement - counter = counter + 1: null

2018-12-13 12:50:48 - [TEST_STEP][PASSED] - Statement - PreSaveFile = new java.io.File(((pathPrefix + java.lang.Integer.toString(counter)) + .png)): null

2018-12-13 12:50:48 - [TEST_STEP][PASSED] - Statement - counter = counter + 1: null

2018-12-13 12:50:48 - [TEST_STEP][PASSED] - Statement - PreSaveFile = new java.io.File(((pathPrefix + java.lang.Integer.toString(counter)) + .png)): null

2018-12-13 12:50:48 - [TEST_STEP][PASSED] - Statement - counter = counter + 1: null

2018-12-13 12:50:48 - [TEST_STEP][PASSED] - Statement - PreSaveFile = new java.io.File(((pathPrefix + java.lang.Integer.toString(counter)) + .png)): null

2018-12-13 12:50:48 - [TEST_STEP][PASSED] - Statement - counter = counter + 1: null

2018-12-13 12:50:48 - [TEST_STEP][PASSED] - Statement - PreSaveFile = new java.io.File(((pathPrefix + java.lang.Integer.toString(counter)) + .png)): null

2018-12-13 12:50:48 - [TEST_STEP][PASSED] - Statement - counter = counter + 1: null

2018-12-13 12:50:48 - [TEST_STEP][PASSED] - Statement - PreSaveFile = new java.io.File(((pathPrefix + java.lang.Integer.toString(counter)) + .png)): null

2018-12-13 12:50:48 - [TEST_STEP][PASSED] - Statement - counter = counter + 1: null

2018-12-13 12:50:48 - [TEST_STEP][PASSED] - Statement - PreSaveFile = new java.io.File(((pathPrefix + java.lang.Integer.toString(counter)) + .png)): null

2018-12-13 12:50:48 - [TEST_STEP][PASSED] - Statement - counter = counter + 1: null

2018-12-13 12:50:48 - [TEST_STEP][PASSED] - Statement - PreSaveFile = new java.io.File(((pathPrefix + java.lang.Integer.toString(counter)) + .png)): null

2018-12-13 12:50:48 - [TEST_STEP][PASSED] - Statement - counter = counter + 1: null

2018-12-13 12:50:48 - [TEST_STEP][PASSED] - Statement - PreSaveFile = new java.io.File(((pathPrefix + java.lang.Integer.toString(counter)) + .png)): null

2018-12-13 12:50:48 - [TEST_STEP][PASSED] - Statement - counter = counter + 1: null

2018-12-13 12:50:48 - [TEST_STEP][PASSED] - Statement - PreSaveFile = new java.io.File(((pathPrefix + java.lang.Integer.toString(counter)) + .png)): null

2018-12-13 12:50:48 - [TEST_STEP][PASSED] - Statement - counter = counter + 1: null

2018-12-13 12:50:48 - [TEST_STEP][PASSED] - Statement - PreSaveFile = new java.io.File(((pathPrefix + java.lang.Integer.toString(counter)) + .png)): null

2018-12-13 12:50:48 - [TEST_STEP][PASSED] - Statement - counter = counter + 1: null

2018-12-13 12:50:48 - [TEST_STEP][PASSED] - Statement - PreSaveFile = new java.io.File(((pathPrefix + java.lang.Integer.toString(counter)) + .png)): null

2018-12-13 12:50:48 - [TEST_STEP][PASSED] - Statement - counter = counter + 1: null

2018-12-13 12:50:48 - [TEST_STEP][PASSED] - Statement - PreSaveFile = new java.io.File(((pathPrefix + java.lang.Integer.toString(counter)) + .png)): null

2018-12-13 12:50:48 - [TEST_STEP][PASSED] - Statement - counter = counter + 1: null

2018-12-13 12:50:48 - [TEST_STEP][PASSED] - Statement - PreSaveFile = new java.io.File(((pathPrefix + java.lang.Integer.toString(counter)) + .png)): null

2018-12-13 12:50:48 - [TEST_STEP][PASSED] - Statement - counter = counter + 1: null

2018-12-13 12:50:48 - [TEST_STEP][PASSED] - Statement - PreSaveFile = new java.io.File(((pathPrefix + java.lang.Integer.toString(counter)) + .png)): null

2018-12-13 12:50:48 - [TEST_STEP][PASSED] - Statement - counter = counter + 1: null

2018-12-13 12:50:48 - [TEST_STEP][PASSED] - Statement - PreSaveFile = new java.io.File(((pathPrefix + java.lang.Integer.toString(counter)) + .png)): null

2018-12-13 12:50:48 - [TEST_STEP][PASSED] - Statement - counter = counter + 1: null

2018-12-13 12:50:48 - [TEST_STEP][PASSED] - Statement - PreSaveFile = new java.io.File(((pathPrefix + java.lang.Integer.toString(counter)) + .png)): null

2018-12-13 12:50:48 - [TEST_STEP][PASSED] - Statement - counter = counter + 1: null

2018-12-13 12:50:48 - [TEST_STEP][PASSED] - Statement - PreSaveFile = new java.io.File(((pathPrefix + java.lang.Integer.toString(counter)) + .png)): null

2018-12-13 12:50:48 - [TEST_STEP][PASSED] - Statement - counter = counter + 1: null

2018-12-13 12:50:48 - [TEST_STEP][PASSED] - Statement - PreSaveFile = new java.io.File(((pathPrefix + java.lang.Integer.toString(counter)) + .png)): null

2018-12-13 12:50:48 - [TEST_STEP][PASSED] - Statement - counter = counter + 1: null

2018-12-13 12:50:48 - [TEST_STEP][PASSED] - Statement - PreSaveFile = new java.io.File(((pathPrefix + java.lang.Integer.toString(counter)) + .png)): null

2018-12-13 12:50:48 - [TEST_STEP][PASSED] - Statement - counter = counter + 1: null

2018-12-13 12:50:48 - [TEST_STEP][PASSED] - Statement - PreSaveFile = new java.io.File(((pathPrefix + java.lang.Integer.toString(counter)) + .png)): null

2018-12-13 12:50:48 - [TEST_STEP][PASSED] - Statement - counter = counter + 1: null

2018-12-13 12:50:48 - [TEST_STEP][PASSED] - Statement - PreSaveFile = new java.io.File(((pathPrefix + java.lang.Integer.toString(counter)) + .png)): null

2018-12-13 12:50:48 - [TEST_STEP][PASSED] - Statement - counter = counter + 1: null

2018-12-13 12:50:48 - [TEST_STEP][PASSED] - Statement - PreSaveFile = new java.io.File(((pathPrefix + java.lang.Integer.toString(counter)) + .png)): null

2018-12-13 12:50:48 - [TEST_STEP][PASSED] - Statement - counter = counter + 1: null

2018-12-13 12:50:48 - [TEST_STEP][PASSED] - Statement - PreSaveFile = new java.io.File(((pathPrefix + java.lang.Integer.toString(counter)) + .png)): null

2018-12-13 12:50:48 - [TEST_STEP][PASSED] - Statement - counter = counter + 1: null

2018-12-13 12:50:48 - [TEST_STEP][PASSED] - Statement - PreSaveFile = new java.io.File(((pathPrefix + java.lang.Integer.toString(counter)) + .png)): null

2018-12-13 12:50:48 - [TEST_STEP][PASSED] - Statement - counter = counter + 1: null

2018-12-13 12:50:48 - [TEST_STEP][PASSED] - Statement - PreSaveFile = new java.io.File(((pathPrefix + java.lang.Integer.toString(counter)) + .png)): null

2018-12-13 12:50:48 - [TEST_STEP][PASSED] - Statement - counter = counter + 1: null

2018-12-13 12:50:48 - [TEST_STEP][PASSED] - Statement - PreSaveFile = new java.io.File(((pathPrefix + java.lang.Integer.toString(counter)) + .png)): null

2018-12-13 12:50:48 - [TEST_STEP][PASSED] - Statement - counter = counter + 1: null

2018-12-13 12:50:48 - [TEST_STEP][PASSED] - Statement - PreSaveFile = new java.io.File(((pathPrefix + java.lang.Integer.toString(counter)) + .png)): null

2018-12-13 12:50:48 - [TEST_STEP][PASSED] - Statement - counter = counter + 1: null

2018-12-13 12:50:48 - [TEST_STEP][PASSED] - Statement - PreSaveFile = new java.io.File(((pathPrefix + java.lang.Integer.toString(counter)) + .png)): null

2018-12-13 12:50:48 - [TEST_STEP][PASSED] - Statement - counter = counter + 1: null

2018-12-13 12:50:48 - [TEST_STEP][PASSED] - Statement - PreSaveFile = new java.io.File(((pathPrefix + java.lang.Integer.toString(counter)) + .png)): null

2018-12-13 12:50:48 - [TEST_STEP][PASSED] - Statement - counter = counter + 1: null

2018-12-13 12:50:48 - [TEST_STEP][PASSED] - Statement - PreSaveFile = new java.io.File(((pathPrefix + java.lang.Integer.toString(counter)) + .png)): null

2018-12-13 12:50:48 - [TEST_STEP][PASSED] - Statement - counter = counter + 1: null

2018-12-13 12:50:48 - [TEST_STEP][PASSED] - Statement - PreSaveFile = new java.io.File(((pathPrefix + java.lang.Integer.toString(counter)) + .png)): null

2018-12-13 12:50:48 - [TEST_STEP][PASSED] - Statement - counter = counter + 1: null

2018-12-13 12:50:48 - [TEST_STEP][PASSED] - Statement - PreSaveFile = new java.io.File(((pathPrefix + java.lang.Integer.toString(counter)) + .png)): null

2018-12-13 12:50:48 - [TEST_STEP][PASSED] - Statement - counter = counter + 1: null

2018-12-13 12:50:48 - [TEST_STEP][PASSED] - Statement - PreSaveFile = new java.io.File(((pathPrefix + java.lang.Integer.toString(counter)) + .png)): null

2018-12-13 12:50:48 - [TEST_STEP][PASSED] - Statement - counter = counter + 1: null

2018-12-13 12:50:48 - [TEST_STEP][PASSED] - Statement - PreSaveFile = new java.io.File(((pathPrefix + java.lang.Integer.toString(counter)) + .png)): null

2018-12-13 12:50:48 - [TEST_STEP][PASSED] - Statement - counter = counter + 1: null

2018-12-13 12:50:48 - [TEST_STEP][PASSED] - Statement - PreSaveFile = new java.io.File(((pathPrefix + java.lang.Integer.toString(counter)) + .png)): null

2018-12-13 12:50:48 - [TEST_STEP][PASSED] - Statement - counter = counter + 1: null

2018-12-13 12:50:48 - [TEST_STEP][PASSED] - Statement - PreSaveFile = new java.io.File(((pathPrefix + java.lang.Integer.toString(counter)) + .png)): null

2018-12-13 12:50:48 - [TEST_STEP][PASSED] - Statement - counter = counter + 1: null

2018-12-13 12:50:48 - [TEST_STEP][PASSED] - Statement - PreSaveFile = new java.io.File(((pathPrefix + java.lang.Integer.toString(counter)) + .png)): null

2018-12-13 12:50:48 - [TEST_STEP][PASSED] - Statement - counter = counter + 1: null

2018-12-13 12:50:48 - [TEST_STEP][PASSED] - Statement - PreSaveFile = new java.io.File(((pathPrefix + java.lang.Integer.toString(counter)) + .png)): null

2018-12-13 12:50:48 - [TEST_STEP][PASSED] - Statement - counter = counter + 1: null

2018-12-13 12:50:48 - [TEST_STEP][PASSED] - Statement - PreSaveFile = new java.io.File(((pathPrefix + java.lang.Integer.toString(counter)) + .png)): null

2018-12-13 12:50:48 - [TEST_STEP][PASSED] - Statement - counter = counter + 1: null

2018-12-13 12:50:48 - [TEST_STEP][PASSED] - Statement - PreSaveFile = new java.io.File(((pathPrefix + java.lang.Integer.toString(counter)) + .png)): null

2018-12-13 12:50:48 - [TEST_STEP][PASSED] - Statement - counter = counter + 1: null

2018-12-13 12:50:48 - [TEST_STEP][PASSED] - Statement - PreSaveFile = new java.io.File(((pathPrefix + java.lang.Integer.toString(counter)) + .png)): null

2018-12-13 12:50:48 - [TEST_STEP][PASSED] - Statement - counter = counter + 1: null

2018-12-13 12:50:48 - [TEST_STEP][PASSED] - Statement - PreSaveFile = new java.io.File(((pathPrefix + java.lang.Integer.toString(counter)) + .png)): null

2018-12-13 12:50:48 - [TEST_STEP][PASSED] - Statement - counter = counter + 1: null

2018-12-13 12:50:48 - [TEST_STEP][PASSED] - Statement - PreSaveFile = new java.io.File(((pathPrefix + java.lang.Integer.toString(counter)) + .png)): null

2018-12-13 12:50:48 - [TEST_STEP][PASSED] - Statement - counter = counter + 1: null

2018-12-13 12:50:48 - [TEST_STEP][PASSED] - Statement - PreSaveFile = new java.io.File(((pathPrefix + java.lang.Integer.toString(counter)) + .png)): null

2018-12-13 12:50:48 - [TEST_STEP][PASSED] - Statement - counter = counter + 1: null

2018-12-13 12:50:48 - [TEST_STEP][PASSED] - Statement - PreSaveFile = new java.io.File(((pathPrefix + java.lang.Integer.toString(counter)) + .png)): null

2018-12-13 12:50:48 - [TEST_STEP][PASSED] - Statement - counter = counter + 1: null

2018-12-13 12:50:48 - [TEST_STEP][PASSED] - Statement - PreSaveFile = new java.io.File(((pathPrefix + java.lang.Integer.toString(counter)) + .png)): null

2018-12-13 12:50:48 - [TEST_STEP][PASSED] - Statement - counter = counter + 1: null

2018-12-13 12:50:48 - [TEST_STEP][PASSED] - Statement - PreSaveFile = new java.io.File(((pathPrefix + java.lang.Integer.toString(counter)) + .png)): null

2018-12-13 12:50:48 - [TEST_STEP][PASSED] - Statement - counter = counter + 1: null

2018-12-13 12:50:48 - [TEST_STEP][PASSED] - Statement - PreSaveFile = new java.io.File(((pathPrefix + java.lang.Integer.toString(counter)) + .png)): null

2018-12-13 12:50:48 - [TEST_STEP][PASSED] - Statement - counter = counter + 1: null

2018-12-13 12:50:48 - [TEST_STEP][PASSED] - Statement - PreSaveFile = new java.io.File(((pathPrefix + java.lang.Integer.toString(counter)) + .png)): null

2018-12-13 12:50:48 - [TEST_STEP][PASSED] - Statement - counter = counter + 1: null

2018-12-13 12:50:48 - [TEST_STEP][PASSED] - Statement - PreSaveFile = new java.io.File(((pathPrefix + java.lang.Integer.toString(counter)) + .png)): null

2018-12-13 12:50:48 - [TEST_STEP][PASSED] - Statement - counter = counter + 1: null

2018-12-13 12:50:48 - [TEST_STEP][PASSED] - Statement - PreSaveFile = new java.io.File(((pathPrefix + java.lang.Integer.toString(counter)) + .png)): null

2018-12-13 12:50:48 - [TEST_STEP][PASSED] - Statement - counter = counter + 1: null

2018-12-13 12:50:48 - [TEST_STEP][PASSED] - Statement - PreSaveFile = new java.io.File(((pathPrefix + java.lang.Integer.toString(counter)) + .png)): null

2018-12-13 12:50:48 - [TEST_STEP][PASSED] - Statement - counter = counter + 1: null

2018-12-13 12:50:48 - [TEST_STEP][PASSED] - Statement - PreSaveFile = new java.io.File(((pathPrefix + java.lang.Integer.toString(counter)) + .png)): null

2018-12-13 12:50:48 - [TEST_STEP][PASSED] - Statement - counter = counter + 1: null

2018-12-13 12:50:48 - [TEST_STEP][PASSED] - Statement - PreSaveFile = new java.io.File(((pathPrefix + java.lang.Integer.toString(counter)) + .png)): null

2018-12-13 12:50:48 - [TEST_STEP][PASSED] - Statement - counter = counter + 1: null

2018-12-13 12:50:48 - [TEST_STEP][PASSED] - Statement - PreSaveFile = new java.io.File(((pathPrefix + java.lang.Integer.toString(counter)) + .png)): null

2018-12-13 12:50:48 - [TEST_STEP][PASSED] - Statement - counter = counter + 1: null

2018-12-13 12:50:48 - [TEST_STEP][PASSED] - Statement - PreSaveFile = new java.io.File(((pathPrefix + java.lang.Integer.toString(counter)) + .png)): null

2018-12-13 12:50:48 - [TEST_STEP][PASSED] - Statement - counter = counter + 1: null

2018-12-13 12:50:48 - [TEST_STEP][PASSED] - Statement - PreSaveFile = new java.io.File(((pathPrefix + java.lang.Integer.toString(counter)) + .png)): null

2018-12-13 12:50:48 - [TEST_STEP][PASSED] - Statement - counter = counter + 1: null

2018-12-13 12:50:48 - [TEST_STEP][PASSED] - Statement - PreSaveFile = new java.io.File(((pathPrefix + java.lang.Integer.toString(counter)) + .png)): null

2018-12-13 12:50:48 - [TEST_STEP][PASSED] - Statement - counter = counter + 1: null

2018-12-13 12:50:48 - [TEST_STEP][PASSED] - Statement - PreSaveFile = new java.io.File(((pathPrefix + java.lang.Integer.toString(counter)) + .png)): null

2018-12-13 12:50:48 - [TEST_STEP][PASSED] - Statement - counter = counter + 1: null

2018-12-13 12:50:48 - [TEST_STEP][PASSED] - Statement - PreSaveFile = new java.io.File(((pathPrefix + java.lang.Integer.toString(counter)) + .png)): null

2018-12-13 12:50:48 - [TEST_STEP][PASSED] - Statement - counter = counter + 1: null

2018-12-13 12:50:48 - [TEST_STEP][PASSED] - Statement - PreSaveFile = new java.io.File(((pathPrefix + java.lang.Integer.toString(counter)) + .png)): null

2018-12-13 12:50:48 - [TEST_STEP][PASSED] - Statement - counter = counter + 1: null

2018-12-13 12:50:48 - [TEST_STEP][PASSED] - Statement - PreSaveFile = new java.io.File(((pathPrefix + java.lang.Integer.toString(counter)) + .png)): null

2018-12-13 12:50:48 - [TEST_STEP][PASSED] - Statement - counter = counter + 1: null

2018-12-13 12:50:48 - [TEST_STEP][PASSED] - Statement - PreSaveFile = new java.io.File(((pathPrefix + java.lang.Integer.toString(counter)) + .png)): null

2018-12-13 12:50:48 - [TEST_STEP][PASSED] - Statement - counter = counter + 1: null

2018-12-13 12:50:48 - [TEST_STEP][PASSED] - Statement - PreSaveFile = new java.io.File(((pathPrefix + java.lang.Integer.toString(counter)) + .png)): null

2018-12-13 12:50:48 - [TEST_STEP][PASSED] - Statement - counter = counter + 1: null

2018-12-13 12:50:48 - [TEST_STEP][PASSED] - Statement - PreSaveFile = new java.io.File(((pathPrefix + java.lang.Integer.toString(counter)) + .png)): null

2018-12-13 12:50:48 - [TEST_STEP][PASSED] - Statement - counter = counter + 1: null

2018-12-13 12:50:48 - [TEST_STEP][PASSED] - Statement - PreSaveFile = new java.io.File(((pathPrefix + java.lang.Integer.toString(counter)) + .png)): null

2018-12-13 12:50:48 - [TEST_STEP][PASSED] - Statement - counter = counter + 1: null

2018-12-13 12:50:48 - [TEST_STEP][PASSED] - Statement - PreSaveFile = new java.io.File(((pathPrefix + java.lang.Integer.toString(counter)) + .png)): null

2018-12-13 12:50:48 - [TEST_STEP][PASSED] - Statement - counter = counter + 1: null

2018-12-13 12:50:48 - [TEST_STEP][PASSED] - Statement - PreSaveFile = new java.io.File(((pathPrefix + java.lang.Integer.toString(counter)) + .png)): null

2018-12-13 12:50:48 - [TEST_STEP][PASSED] - Statement - counter = counter + 1: null

2018-12-13 12:50:48 - [TEST_STEP][PASSED] - Statement - PreSaveFile = new java.io.File(((pathPrefix + java.lang.Integer.toString(counter)) + .png)): null

2018-12-13 12:50:48 - [TEST_STEP][PASSED] - Statement - counter = counter + 1: null

2018-12-13 12:50:48 - [TEST_STEP][PASSED] - Statement - PreSaveFile = new java.io.File(((pathPrefix + java.lang.Integer.toString(counter)) + .png)): null

2018-12-13 12:50:48 - [TEST_STEP][PASSED] - Statement - counter = counter + 1: null

2018-12-13 12:50:48 - [TEST_STEP][PASSED] - Statement - PreSaveFile = new java.io.File(((pathPrefix + java.lang.Integer.toString(counter)) + .png)): null

2018-12-13 12:50:48 - [TEST_STEP][PASSED] - Statement - counter = counter + 1: null

2018-12-13 12:50:48 - [TEST_STEP][PASSED] - Statement - PreSaveFile = new java.io.File(((pathPrefix + java.lang.Integer.toString(counter)) + .png)): null

2018-12-13 12:50:48 - [TEST_STEP][PASSED] - Statement - counter = counter + 1: null

2018-12-13 12:50:48 - [TEST_STEP][PASSED] - Statement - PreSaveFile = new java.io.File(((pathPrefix + java.lang.Integer.toString(counter)) + .png)): null

2018-12-13 12:50:48 - [TEST_STEP][PASSED] - Statement - counter = counter + 1: null

2018-12-13 12:50:48 - [TEST_STEP][PASSED] - Statement - PreSaveFile = new java.io.File(((pathPrefix + java.lang.Integer.toString(counter)) + .png)): null

2018-12-13 12:50:48 - [TEST_STEP][PASSED] - Statement - counter = counter + 1: null

2018-12-13 12:50:48 - [TEST_STEP][PASSED] - Statement - PreSaveFile = new java.io.File(((pathPrefix + java.lang.Integer.toString(counter)) + .png)): null

2018-12-13 12:50:48 - [TEST_STEP][PASSED] - Statement - counter = counter + 1: null

2018-12-13 12:50:48 - [TEST_STEP][PASSED] - Statement - PreSaveFile = new java.io.File(((pathPrefix + java.lang.Integer.toString(counter)) + .png)): null

2018-12-13 12:50:48 - [TEST_STEP][PASSED] - Statement - counter = counter + 1: null

2018-12-13 12:50:48 - [TEST_STEP][PASSED] - Statement - PreSaveFile = new java.io.File(((pathPrefix + java.lang.Integer.toString(counter)) + .png)): null

2018-12-13 12:50:48 - [TEST_STEP][PASSED] - Statement - counter = counter + 1: null

2018-12-13 12:50:48 - [TEST_STEP][PASSED] - Statement - PreSaveFile = new java.io.File(((pathPrefix + java.lang.Integer.toString(counter)) + .png)): null

2018-12-13 12:50:48 - [TEST_STEP][PASSED] - Statement - counter = counter + 1: null

2018-12-13 12:50:48 - [TEST_STEP][PASSED] - Statement - PreSaveFile = new java.io.File(((pathPrefix + java.lang.Integer.toString(counter)) + .png)): null

2018-12-13 12:50:48 - [TEST_STEP][PASSED] - Statement - counter = counter + 1: null

2018-12-13 12:50:48 - [TEST_STEP][PASSED] - Statement - PreSaveFile = new java.io.File(((pathPrefix + java.lang.Integer.toString(counter)) + .png)): null

2018-12-13 12:50:48 - [TEST_STEP][PASSED] - Statement - counter = counter + 1: null

2018-12-13 12:50:48 - [TEST_STEP][PASSED] - Statement - PreSaveFile = new java.io.File(((pathPrefix + java.lang.Integer.toString(counter)) + .png)): null

2018-12-13 12:50:48 - [TEST_STEP][PASSED] - Statement - counter = counter + 1: null

2018-12-13 12:50:48 - [TEST_STEP][PASSED] - Statement - PreSaveFile = new java.io.File(((pathPrefix + java.lang.Integer.toString(counter)) + .png)): null

2018-12-13 12:50:48 - [TEST_STEP][PASSED] - Statement - counter = counter + 1: null

2018-12-13 12:50:48 - [TEST_STEP][PASSED] - Statement - PreSaveFile = new java.io.File(((pathPrefix + java.lang.Integer.toString(counter)) + .png)): null

2018-12-13 12:50:48 - [TEST_STEP][PASSED] - Statement - counter = counter + 1: null

2018-12-13 12:50:48 - [TEST_STEP][PASSED] - Statement - PreSaveFile = new java.io.File(((pathPrefix + java.lang.Integer.toString(counter)) + .png)): null

2018-12-13 12:50:48 - [TEST_STEP][PASSED] - Statement - counter = counter + 1: null

2018-12-13 12:50:48 - [TEST_STEP][PASSED] - Statement - PreSaveFile = new java.io.File(((pathPrefix + java.lang.Integer.toString(counter)) + .png)): null

2018-12-13 12:50:48 - [TEST_STEP][PASSED] - Statement - counter = counter + 1: null

2018-12-13 12:50:48 - [TEST_STEP][PASSED] - Statement - PreSaveFile = new java.io.File(((pathPrefix + java.lang.Integer.toString(counter)) + .png)): null

2018-12-13 12:50:48 - [TEST_STEP][PASSED] - Statement - counter = counter + 1: null

2018-12-13 12:50:48 - [TEST_STEP][PASSED] - Statement - PreSaveFile = new java.io.File(((pathPrefix + java.lang.Integer.toString(counter)) + .png)): null

2018-12-13 12:50:48 - [TEST_STEP][PASSED] - Statement - counter = counter + 1: null

2018-12-13 12:50:48 - [TEST_STEP][PASSED] - Statement - PreSaveFile = new java.io.File(((pathPrefix + java.lang.Integer.toString(counter)) + .png)): null

2018-12-13 12:50:48 - [TEST_STEP][PASSED] - Statement - counter = counter + 1: null

2018-12-13 12:50:48 - [TEST_STEP][PASSED] - Statement - PreSaveFile = new java.io.File(((pathPrefix + java.lang.Integer.toString(counter)) + .png)): null

2018-12-13 12:50:48 - [TEST_STEP][PASSED] - Statement - counter = counter + 1: null

2018-12-13 12:50:48 - [TEST_STEP][PASSED] - Statement - PreSaveFile = new java.io.File(((pathPrefix + java.lang.Integer.toString(counter)) + .png)): null

2018-12-13 12:50:48 - [TEST_STEP][PASSED] - Statement - counter = counter + 1: null

2018-12-13 12:50:48 - [TEST_STEP][PASSED] - Statement - PreSaveFile = new java.io.File(((pathPrefix + java.lang.Integer.toString(counter)) + .png)): null

2018-12-13 12:50:48 - [TEST_STEP][PASSED] - Statement - counter = counter + 1: null

2018-12-13 12:50:48 - [TEST_STEP][PASSED] - Statement - PreSaveFile = new java.io.File(((pathPrefix + java.lang.Integer.toString(counter)) + .png)): null

2018-12-13 12:50:48 - [TEST_STEP][PASSED] - Statement - counter = counter + 1: null

2018-12-13 12:50:48 - [TEST_STEP][PASSED] - Statement - PreSaveFile = new java.io.File(((pathPrefix + java.lang.Integer.toString(counter)) + .png)): null

2018-12-13 12:50:48 - [TEST_STEP][PASSED] - Statement - counter = counter + 1: null

2018-12-13 12:50:48 - [TEST_STEP][PASSED] - Statement - PreSaveFile = new java.io.File(((pathPrefix + java.lang.Integer.toString(counter)) + .png)): null

2018-12-13 12:50:48 - [TEST_STEP][PASSED] - Statement - counter = counter + 1: null

2018-12-13 12:50:48 - [TEST_STEP][PASSED] - Statement - PreSaveFile = new java.io.File(((pathPrefix + java.lang.Integer.toString(counter)) + .png)): null

2018-12-13 12:50:48 - [TEST_STEP][PASSED] - Statement - counter = counter + 1: null

2018-12-13 12:50:48 - [TEST_STEP][PASSED] - Statement - PreSaveFile = new java.io.File(((pathPrefix + java.lang.Integer.toString(counter)) + .png)): null

2018-12-13 12:50:48 - [TEST_STEP][PASSED] - Statement - counter = counter + 1: null

2018-12-13 12:50:48 - [TEST_STEP][PASSED] - Statement - PreSaveFile = new java.io.File(((pathPrefix + java.lang.Integer.toString(counter)) + .png)): null

2018-12-13 12:50:48 - [TEST_STEP][PASSED] - Statement - counter = counter + 1: null

2018-12-13 12:50:48 - [TEST_STEP][PASSED] - Statement - PreSaveFile = new java.io.File(((pathPrefix + java.lang.Integer.toString(counter)) + .png)): null

2018-12-13 12:50:48 - [TEST_STEP][PASSED] - Statement - counter = counter + 1: null

2018-12-13 12:50:48 - [TEST_STEP][PASSED] - Statement - PreSaveFile = new java.io.File(((pathPrefix + java.lang.Integer.toString(counter)) + .png)): null

2018-12-13 12:50:48 - [TEST_STEP][PASSED] - Statement - counter = counter + 1: null

2018-12-13 12:50:48 - [TEST_STEP][PASSED] - Statement - PreSaveFile = new java.io.File(((pathPrefix + java.lang.Integer.toString(counter)) + .png)): null

2018-12-13 12:50:48 - [TEST_STEP][PASSED] - Statement - counter = counter + 1: null

2018-12-13 12:50:48 - [TEST_STEP][PASSED] - Statement - PreSaveFile = new java.io.File(((pathPrefix + java.lang.Integer.toString(counter)) + .png)): null

2018-12-13 12:50:48 - [TEST_STEP][PASSED] - Statement - finalPath = pathPrefix + java.lang.Integer.toString(counter) + ".png": null

2018-12-13 12:50:48 - [TEST_STEP][PASSED] - Statement - SaveFile = new java.io.File(finalPath): null

2018-12-13 12:50:48 - [TEST_STEP][PASSED] - Statement - Try: null

2018-12-13 12:50:48 - [TEST_STEP][PASSED] - Statement - org.apache.commons.io.FileUtils.copyFile(scrFile, SaveFile): null

2018-12-13 12:50:48 - [TEST_STEP][PASSED] - Statement - out.println("file kept"): null

2018-12-13 12:50:48 - [TEST_STEP][PASSED] - delay: Delayed 10 second(s)

2018-12-13 12:50:58 - [MESSAGE][PASSED] - Delayed 10 second(s)

2018-12-13 12:50:58 - [MESSAGE][PASSED] - Call Test Case 'Test Cases/Final Aug 2018 - PKS Automation/Common/Screenshoting tool' successfully

2018-12-13 12:50:58 - [TEST_STEP][PASSED] - callTestCase: Call Test Case 'Test Cases/Final Aug 2018 - PKS Automation/Registration Module/Log Out/log out avoiding katalon tagging' successfully

2018-12-13 12:50:58 - [TEST_CASE][PASSED] - Test Cases/Final Aug 2018 - PKS Automation/Registration Module/Log Out/log out avoiding katalon tagging: Test Cases/Final Aug 2018 - PKS Automation/Registration Module/Log Out/log out avoiding katalon tagging

2018-12-13 12:50:58 - [TEST_STEP][PASSED] - navigateToUrl: Navigate to 'https://assist2-uat.perkeso.gov.my/c/portal/logout' successfully

2018-12-13 12:50:59 - [MESSAGE][PASSED] - Navigate to 'https://assist2-uat.perkeso.gov.my/c/portal/logout' successfully

2018-12-13 12:50:59 - [MESSAGE][PASSED] - Call Test Case 'Test Cases/Final Aug 2018 - PKS Automation/Registration Module/Log Out/log out avoiding katalon tagging' successfully]]></system-out>
         <system-err><![CDATA[]]></system-err>
      </testcase>
      <testcase name="Test Cases/Final Aug 2018 - PKS Automation/Registration Module/Workflow/New Registration/Case OTC to RO - Query - Submit" classname="Test Cases/Final Aug 2018 - PKS Automation/Registration Module/Workflow/New Registration/Case OTC to RO - Query - Submit" status="FAILED">
         <failure type="FAILED" message="(Stack trace: com.kms.katalon.core.exception.StepFailedException: Unable to set text 'CRN12201800123272' of object 'Object Repository/Final Object Repo/New Registration - Registration Module Pages/New Reg - OTC to RO/Special Case - All Related Objects/TextBox RefNo in Workbasket' (Root cause: org.openqa.selenium.ElementNotVisibleException: element not interactable
  (Session info: chrome=70.0.3538.110)
  (Driver info: chromedriver=2.43.600210 (68dcf5eebde37173d4027fa8635e332711d2874a),platform=Windows NT 6.1.7601 SP1 x86_64) (WARNING: The server did not provide any stacktrace information)
Command duration or timeout: 0 milliseconds
Build info: version: '3.7.1', revision: '8a0099a', time: '2017-11-06T21:07:36.161Z'
System info: host: 'WIN7TEST02', ip: '10.20.3.72', os.name: 'Windows 7', os.arch: 'amd64', os.version: '6.1', java.version: '1.8.0_181'
Driver info: com.kms.katalon.selenium.driver.CChromeDriver
Capabilities {acceptInsecureCerts: false, acceptSslCerts: false, applicationCacheEnabled: false, browserConnectionEnabled: false, browserName: chrome, chrome: {chromedriverVersion: 2.43.600210 (68dcf5eebde371..., userDataDir: C:\Users\Admin\AppData\Loca...}, cssSelectorsEnabled: true, databaseEnabled: false, goog:chromeOptions: {debuggerAddress: localhost:52424}, handlesAlerts: true, hasTouchScreen: false, javascriptEnabled: true, locationContextEnabled: true, mobileEmulationEnabled: false, nativeEvents: true, networkConnectionEnabled: false, pageLoadStrategy: normal, platform: XP, platformName: XP, rotatable: false, setWindowRect: true, takesHeapSnapshot: true, takesScreenshot: true, unexpectedAlertBehaviour: , unhandledPromptBehavior: , version: 70.0.3538.110, webStorageEnabled: true}
Session ID: d5b7e3854c0bc4b21009aef668cb2dc6)
	at com.kms.katalon.core.keyword.internal.KeywordMain.stepFailed(KeywordMain.groovy:32)
	at com.kms.katalon.core.webui.keyword.internal.WebUIKeywordMain.stepFailed(WebUIKeywordMain.groovy:65)
	at com.kms.katalon.core.webui.keyword.internal.WebUIKeywordMain.runKeyword(WebUIKeywordMain.groovy:27)
	at com.kms.katalon.core.webui.keyword.builtin.SetTextKeyword.setText(SetTextKeyword.groovy:65)
	at com.kms.katalon.core.webui.keyword.builtin.SetTextKeyword.execute(SetTextKeyword.groovy:37)
	at com.kms.katalon.core.keyword.internal.KeywordExecutor.executeKeywordForPlatform(KeywordExecutor.groovy:53)
	at com.kms.katalon.core.webui.keyword.WebUiBuiltInKeywords.setText(WebUiBuiltInKeywords.groovy:950)
	at com.kms.katalon.core.webui.keyword.WebUiBuiltInKeywords$setText$1.call(Unknown Source)
	at org.codehaus.groovy.runtime.callsite.CallSiteArray.defaultCall(CallSiteArray.java:48)
	at org.codehaus.groovy.runtime.callsite.AbstractCallSite.call(AbstractCallSite.java:113)
	at org.codehaus.groovy.runtime.callsite.AbstractCallSite.call(AbstractCallSite.java:133)
	at Script1535599386194.run(Script1535599386194.groovy:73)
	at com.kms.katalon.core.main.ScriptEngine.run(ScriptEngine.java:183)
	at com.kms.katalon.core.main.ScriptEngine.runScriptAsRawText(ScriptEngine.java:108)
	at com.kms.katalon.core.main.TestCaseExecutor.runScript(TestCaseExecutor.java:294)
	at com.kms.katalon.core.main.TestCaseExecutor.doExecute(TestCaseExecutor.java:285)
	at com.kms.katalon.core.main.TestCaseExecutor.processExecutionPhase(TestCaseExecutor.java:264)
	at com.kms.katalon.core.main.TestCaseExecutor.accessMainPhase(TestCaseExecutor.java:256)
	at com.kms.katalon.core.main.TestCaseExecutor.execute(TestCaseExecutor.java:200)
	at com.kms.katalon.core.main.TestSuiteExecutor.accessTestCaseMainPhase(TestSuiteExecutor.java:129)
	at com.kms.katalon.core.main.TestSuiteExecutor.accessTestSuiteMainPhase(TestSuiteExecutor.java:112)
	at com.kms.katalon.core.main.TestSuiteExecutor.execute(TestSuiteExecutor.java:81)
	at com.kms.katalon.core.main.TestCaseMain.startTestSuite(TestCaseMain.java:142)
	at com.kms.katalon.core.main.TestCaseMain$startTestSuite$0.call(Unknown Source)
	at org.codehaus.groovy.runtime.callsite.CallSiteArray.defaultCall(CallSiteArray.java:48)
	at org.codehaus.groovy.runtime.callsite.AbstractCallSite.call(AbstractCallSite.java:113)
	at org.codehaus.groovy.runtime.callsite.AbstractCallSite.call(AbstractCallSite.java:141)
	at TempTestSuite1544668253915.run(TempTestSuite1544668253915.groovy:36)
	at groovy.lang.GroovyShell.runScriptOrMainOrTestOrRunnable(GroovyShell.java:263)
	at groovy.lang.GroovyShell.run(GroovyShell.java:518)
	at groovy.lang.GroovyShell.run(GroovyShell.java:507)
	at groovy.ui.GroovyMain.processOnce(GroovyMain.java:653)
	at groovy.ui.GroovyMain.run(GroovyMain.java:384)
	at groovy.ui.GroovyMain.process(GroovyMain.java:370)
	at groovy.ui.GroovyMain.processArgs(GroovyMain.java:129)
	at groovy.ui.GroovyMain.main(GroovyMain.java:109)
	at sun.reflect.NativeMethodAccessorImpl.invoke0(Native Method)
	at sun.reflect.NativeMethodAccessorImpl.invoke(NativeMethodAccessorImpl.java:62)
	at sun.reflect.DelegatingMethodAccessorImpl.invoke(DelegatingMethodAccessorImpl.java:43)
	at java.lang.reflect.Method.invoke(Method.java:498)
	at org.codehaus.groovy.tools.GroovyStarter.rootLoader(GroovyStarter.java:109)
	at org.codehaus.groovy.tools.GroovyStarter.main(GroovyStarter.java:131)
)"/>
         <system-out><![CDATA[2018-12-13 12:50:59 - [TEST_CASE][FAILED] - Test Cases/Final Aug 2018 - PKS Automation/Registration Module/Workflow/New Registration/Case OTC to RO - Query - Submit: Test Cases/Final Aug 2018 - PKS Automation/Registration Module/Workflow/New Registration/Case OTC to RO - Query - Submit FAILED because (of) (Stack trace: com.kms.katalon.core.exception.StepFailedException: Unable to set text 'CRN12201800123272' of object 'Object Repository/Final Object Repo/New Registration - Registration Module Pages/New Reg - OTC to RO/Special Case - All Related Objects/TextBox RefNo in Workbasket' (Root cause: org.openqa.selenium.ElementNotVisibleException: element not interactable
  (Session info: chrome=70.0.3538.110)
  (Driver info: chromedriver=2.43.600210 (68dcf5eebde37173d4027fa8635e332711d2874a),platform=Windows NT 6.1.7601 SP1 x86_64) (WARNING: The server did not provide any stacktrace information)
Command duration or timeout: 0 milliseconds
Build info: version: '3.7.1', revision: '8a0099a', time: '2017-11-06T21:07:36.161Z'
System info: host: 'WIN7TEST02', ip: '10.20.3.72', os.name: 'Windows 7', os.arch: 'amd64', os.version: '6.1', java.version: '1.8.0_181'
Driver info: com.kms.katalon.selenium.driver.CChromeDriver
Capabilities {acceptInsecureCerts: false, acceptSslCerts: false, applicationCacheEnabled: false, browserConnectionEnabled: false, browserName: chrome, chrome: {chromedriverVersion: 2.43.600210 (68dcf5eebde371..., userDataDir: C:\Users\Admin\AppData\Loca...}, cssSelectorsEnabled: true, databaseEnabled: false, goog:chromeOptions: {debuggerAddress: localhost:52424}, handlesAlerts: true, hasTouchScreen: false, javascriptEnabled: true, locationContextEnabled: true, mobileEmulationEnabled: false, nativeEvents: true, networkConnectionEnabled: false, pageLoadStrategy: normal, platform: XP, platformName: XP, rotatable: false, setWindowRect: true, takesHeapSnapshot: true, takesScreenshot: true, unexpectedAlertBehaviour: , unhandledPromptBehavior: , version: 70.0.3538.110, webStorageEnabled: true}
Session ID: d5b7e3854c0bc4b21009aef668cb2dc6)
	at com.kms.katalon.core.keyword.internal.KeywordMain.stepFailed(KeywordMain.groovy:32)
	at com.kms.katalon.core.webui.keyword.internal.WebUIKeywordMain.stepFailed(WebUIKeywordMain.groovy:65)
	at com.kms.katalon.core.webui.keyword.internal.WebUIKeywordMain.runKeyword(WebUIKeywordMain.groovy:27)
	at com.kms.katalon.core.webui.keyword.builtin.SetTextKeyword.setText(SetTextKeyword.groovy:65)
	at com.kms.katalon.core.webui.keyword.builtin.SetTextKeyword.execute(SetTextKeyword.groovy:37)
	at com.kms.katalon.core.keyword.internal.KeywordExecutor.executeKeywordForPlatform(KeywordExecutor.groovy:53)
	at com.kms.katalon.core.webui.keyword.WebUiBuiltInKeywords.setText(WebUiBuiltInKeywords.groovy:950)
	at com.kms.katalon.core.webui.keyword.WebUiBuiltInKeywords$setText$1.call(Unknown Source)
	at org.codehaus.groovy.runtime.callsite.CallSiteArray.defaultCall(CallSiteArray.java:48)
	at org.codehaus.groovy.runtime.callsite.AbstractCallSite.call(AbstractCallSite.java:113)
	at org.codehaus.groovy.runtime.callsite.AbstractCallSite.call(AbstractCallSite.java:133)
	at Script1535599386194.run(Script1535599386194.groovy:73)
	at com.kms.katalon.core.main.ScriptEngine.run(ScriptEngine.java:183)
	at com.kms.katalon.core.main.ScriptEngine.runScriptAsRawText(ScriptEngine.java:108)
	at com.kms.katalon.core.main.TestCaseExecutor.runScript(TestCaseExecutor.java:294)
	at com.kms.katalon.core.main.TestCaseExecutor.doExecute(TestCaseExecutor.java:285)
	at com.kms.katalon.core.main.TestCaseExecutor.processExecutionPhase(TestCaseExecutor.java:264)
	at com.kms.katalon.core.main.TestCaseExecutor.accessMainPhase(TestCaseExecutor.java:256)
	at com.kms.katalon.core.main.TestCaseExecutor.execute(TestCaseExecutor.java:200)
	at com.kms.katalon.core.main.TestSuiteExecutor.accessTestCaseMainPhase(TestSuiteExecutor.java:129)
	at com.kms.katalon.core.main.TestSuiteExecutor.accessTestSuiteMainPhase(TestSuiteExecutor.java:112)
	at com.kms.katalon.core.main.TestSuiteExecutor.execute(TestSuiteExecutor.java:81)
	at com.kms.katalon.core.main.TestCaseMain.startTestSuite(TestCaseMain.java:142)
	at com.kms.katalon.core.main.TestCaseMain$startTestSuite$0.call(Unknown Source)
	at org.codehaus.groovy.runtime.callsite.CallSiteArray.defaultCall(CallSiteArray.java:48)
	at org.codehaus.groovy.runtime.callsite.AbstractCallSite.call(AbstractCallSite.java:113)
	at org.codehaus.groovy.runtime.callsite.AbstractCallSite.call(AbstractCallSite.java:141)
	at TempTestSuite1544668253915.run(TempTestSuite1544668253915.groovy:36)
	at groovy.lang.GroovyShell.runScriptOrMainOrTestOrRunnable(GroovyShell.java:263)
	at groovy.lang.GroovyShell.run(GroovyShell.java:518)
	at groovy.lang.GroovyShell.run(GroovyShell.java:507)
	at groovy.ui.GroovyMain.processOnce(GroovyMain.java:653)
	at groovy.ui.GroovyMain.run(GroovyMain.java:384)
	at groovy.ui.GroovyMain.process(GroovyMain.java:370)
	at groovy.ui.GroovyMain.processArgs(GroovyMain.java:129)
	at groovy.ui.GroovyMain.main(GroovyMain.java:109)
	at sun.reflect.NativeMethodAccessorImpl.invoke0(Native Method)
	at sun.reflect.NativeMethodAccessorImpl.invoke(NativeMethodAccessorImpl.java:62)
	at sun.reflect.DelegatingMethodAccessorImpl.invoke(DelegatingMethodAccessorImpl.java:43)
	at java.lang.reflect.Method.invoke(Method.java:498)
	at org.codehaus.groovy.tools.GroovyStarter.rootLoader(GroovyStarter.java:109)
	at org.codehaus.groovy.tools.GroovyStarter.main(GroovyStarter.java:131)
)

2018-12-13 12:51:00 - [TEST_STEP][PASSED] - callTestCase: Call Test Case 'Test Cases/Final Aug 2018 - PKS Automation/Registration Module/Workflow/New Registration/Template/Special Case - OTC - Form 1' successfully

2018-12-13 12:51:00 - [TEST_CASE][PASSED] - Test Cases/Final Aug 2018 - PKS Automation/Registration Module/Workflow/New Registration/Template/Special Case - OTC - Form 1: Test Cases/Final Aug 2018 - PKS Automation/Registration Module/Workflow/New Registration/Template/Special Case - OTC - Form 1

2018-12-13 12:51:00 - [TEST_STEP][PASSED] - openBrowser: Browser is opened with url: ''

2018-12-13 12:51:00 - [MESSAGE][WARNING] - A browser is already opened. Closing browser and opening a new one

2018-12-13 12:51:04 - [MESSAGE][PASSED] - Browser is opened with url: ''

2018-12-13 12:51:04 - [TEST_STEP][PASSED] - navigateToUrl: Navigate to 'https://assist2-uat.perkeso.gov.my/login' successfully

2018-12-13 12:51:05 - [MESSAGE][PASSED] - Navigate to 'https://assist2-uat.perkeso.gov.my/login' successfully

2018-12-13 12:51:05 - [TEST_STEP][PASSED] - delay: Delayed 2 second(s)

2018-12-13 12:51:07 - [MESSAGE][PASSED] - Delayed 2 second(s)

2018-12-13 12:51:07 - [TEST_STEP][PASSED] - setText: Text 'klotc2@gmail.com' is set on object 'Object Repository/Final Object Repo/Login Page/Internal User/Email Address'

2018-12-13 12:51:07 - [MESSAGE][PASSED] - Text 'klotc2@gmail.com' is set on object 'Object Repository/Final Object Repo/Login Page/Internal User/Email Address'

2018-12-13 12:51:07 - [TEST_STEP][PASSED] - click: Object: 'Object Repository/Final Object Repo/Login Page/Internal User/Next Button' is clicked on

2018-12-13 12:51:08 - [MESSAGE][PASSED] - Object: 'Object Repository/Final Object Repo/Login Page/Internal User/Next Button' is clicked on

2018-12-13 12:51:08 - [TEST_STEP][PASSED] - delay: Delayed 2 second(s)

2018-12-13 12:51:10 - [MESSAGE][PASSED] - Delayed 2 second(s)

2018-12-13 12:51:10 - [TEST_STEP][PASSED] - setText: Text 'Test1@3456789' is set on object 'Object Repository/Final Object Repo/Login Page/Internal User/Password'

2018-12-13 12:51:10 - [MESSAGE][PASSED] - Text 'Test1@3456789' is set on object 'Object Repository/Final Object Repo/Login Page/Internal User/Password'

2018-12-13 12:51:10 - [TEST_STEP][PASSED] - delay: Delayed 2 second(s)

2018-12-13 12:51:12 - [MESSAGE][PASSED] - Delayed 2 second(s)

2018-12-13 12:51:12 - [TEST_STEP][PASSED] - click: Object: 'Object Repository/Final Object Repo/Login Page/Internal User/Login Button' is clicked on

2018-12-13 12:51:12 - [MESSAGE][PASSED] - Object: 'Object Repository/Final Object Repo/Login Page/Internal User/Login Button' is clicked on

2018-12-13 12:51:12 - [TEST_STEP][PASSED] - Statement - Try: null

2018-12-13 12:51:12 - [TEST_STEP][PASSED] - Statement - Checker = com.kms.katalon.core.webui.keyword.WebUiBuiltInKeywords.verifyElementNotPresent("Final Object Repo/Landing Page/Select to English", 3): null

2018-12-13 12:51:12 - [TEST_STEP][PASSED] - Statement - Catch (Exception e): null

2018-12-13 12:51:12 - [TEST_STEP][PASSED] - Statement - e.printStackTrace(): null

2018-12-13 12:51:12 - [TEST_STEP][PASSED] - delay: Delayed 5 second(s)

2018-12-13 12:51:17 - [MESSAGE][PASSED] - Delayed 5 second(s)

2018-12-13 12:51:17 - [TEST_STEP][PASSED] - click: Object: 'Object Repository/Final Object Repo/Landing Page/My Sites Drop Down' is clicked on

2018-12-13 12:51:17 - [MESSAGE][PASSED] - Object: 'Object Repository/Final Object Repo/Landing Page/My Sites Drop Down' is clicked on

2018-12-13 12:51:17 - [TEST_STEP][PASSED] - click: Object: 'Object Repository/Final Object Repo/Landing Page/Select to Registration Module' is clicked on

2018-12-13 12:51:18 - [MESSAGE][PASSED] - Object: 'Object Repository/Final Object Repo/Landing Page/Select to Registration Module' is clicked on

2018-12-13 12:51:18 - [TEST_STEP][PASSED] - click: Object: 'Object Repository/Final Object Repo/Landing Page/Registration Button' is clicked on

2018-12-13 12:51:20 - [MESSAGE][PASSED] - Object: 'Object Repository/Final Object Repo/Landing Page/Registration Button' is clicked on

2018-12-13 12:51:20 - [TEST_STEP][PASSED] - delay: Delayed 2 second(s)

2018-12-13 12:51:22 - [MESSAGE][PASSED] - Delayed 2 second(s)

2018-12-13 12:51:22 - [TEST_STEP][PASSED] - click: Object: 'Object Repository/Final Object Repo/New Registration - Registration Module Pages/New Reg - OTC to RO/Special Case - OTC - Form 1/AEC NO' is clicked on

2018-12-13 12:51:22 - [MESSAGE][PASSED] - Object: 'Object Repository/Final Object Repo/New Registration - Registration Module Pages/New Reg - OTC to RO/Special Case - OTC - Form 1/AEC NO' is clicked on

2018-12-13 12:51:22 - [TEST_STEP][PASSED] - click: Object: 'Object Repository/Final Object Repo/New Registration - Registration Module Pages/New Reg - OTC to RO/Special Case - OTC - Form 1/Business Entity - Please Select' is clicked on

2018-12-13 12:51:22 - [MESSAGE][PASSED] - Object: 'Object Repository/Final Object Repo/New Registration - Registration Module Pages/New Reg - OTC to RO/Special Case - OTC - Form 1/Business Entity - Please Select' is clicked on

2018-12-13 12:51:22 - [TEST_STEP][PASSED] - click: Object: 'Object Repository/Final Object Repo/New Registration - Registration Module Pages/New Reg - OTC to RO/Special Case - OTC - Form 1/Selected - Corporation' is clicked on

2018-12-13 12:51:22 - [MESSAGE][PASSED] - Object: 'Object Repository/Final Object Repo/New Registration - Registration Module Pages/New Reg - OTC to RO/Special Case - OTC - Form 1/Selected - Corporation' is clicked on

2018-12-13 12:51:22 - [TEST_STEP][PASSED] - delay: Delayed 2 second(s)

2018-12-13 12:51:24 - [MESSAGE][PASSED] - Delayed 2 second(s)

2018-12-13 12:51:24 - [TEST_STEP][PASSED] - click: Object: 'Object Repository/Final Object Repo/New Registration - Registration Module Pages/New Reg - OTC to RO/Special Case - OTC - Form 1/Sub Business Entity - Please Select' is clicked on

2018-12-13 12:51:24 - [MESSAGE][PASSED] - Object: 'Object Repository/Final Object Repo/New Registration - Registration Module Pages/New Reg - OTC to RO/Special Case - OTC - Form 1/Sub Business Entity - Please Select' is clicked on

2018-12-13 12:51:24 - [TEST_STEP][PASSED] - delay: Delayed 2 second(s)

2018-12-13 12:51:26 - [MESSAGE][PASSED] - Delayed 2 second(s)

2018-12-13 12:51:26 - [TEST_STEP][PASSED] - click: Object: 'Object Repository/Final Object Repo/New Registration - Registration Module Pages/New Reg - OTC to RO/Special Case - OTC - Form 1/Selected - Sendirian Berhad' is clicked on

2018-12-13 12:51:27 - [MESSAGE][PASSED] - Object: 'Object Repository/Final Object Repo/New Registration - Registration Module Pages/New Reg - OTC to RO/Special Case - OTC - Form 1/Selected - Sendirian Berhad' is clicked on

2018-12-13 12:51:27 - [TEST_STEP][PASSED] - setText: Text 'AUTOMATE001' is set on object 'Object Repository/Final Object Repo/New Registration - Registration Module Pages/New Reg - OTC to RO/Special Case - OTC - Form 1/Input BRN Number'

2018-12-13 12:51:27 - [MESSAGE][PASSED] - Text 'AUTOMATE001' is set on object 'Object Repository/Final Object Repo/New Registration - Registration Module Pages/New Reg - OTC to RO/Special Case - OTC - Form 1/Input BRN Number'

2018-12-13 12:51:27 - [TEST_STEP][PASSED] - delay: Delayed 2 second(s)

2018-12-13 12:51:29 - [MESSAGE][PASSED] - Delayed 2 second(s)

2018-12-13 12:51:29 - [TEST_STEP][PASSED] - click: Object: 'Object Repository/Final Object Repo/New Registration - Registration Module Pages/New Reg - OTC to RO/Special Case - OTC - Form 1/BRN Search' is clicked on

2018-12-13 12:51:29 - [MESSAGE][PASSED] - Object: 'Object Repository/Final Object Repo/New Registration - Registration Module Pages/New Reg - OTC to RO/Special Case - OTC - Form 1/BRN Search' is clicked on

2018-12-13 12:51:29 - [TEST_STEP][PASSED] - delay: Delayed 4 second(s)

2018-12-13 12:51:33 - [MESSAGE][PASSED] - Delayed 4 second(s)

2018-12-13 12:51:33 - [TEST_STEP][PASSED] - click: Object: 'Object Repository/Final Object Repo/New Registration - Registration Module Pages/New Reg - OTC to RO/Special Case - OTC - Form 1/Registered with SSM - After Feb 2017' is clicked on

2018-12-13 12:51:33 - [MESSAGE][PASSED] - Object: 'Object Repository/Final Object Repo/New Registration - Registration Module Pages/New Reg - OTC to RO/Special Case - OTC - Form 1/Registered with SSM - After Feb 2017' is clicked on

2018-12-13 12:51:33 - [TEST_STEP][PASSED] - delay: Delayed 2 second(s)

2018-12-13 12:51:35 - [MESSAGE][PASSED] - Delayed 2 second(s)

2018-12-13 12:51:35 - [TEST_STEP][PASSED] - click: Object: 'Object Repository/Final Object Repo/New Registration - Registration Module Pages/New Reg - OTC to RO/Special Case - OTC - Form 1/Registering As A Branch - No' is clicked on

2018-12-13 12:51:36 - [MESSAGE][PASSED] - Object: 'Object Repository/Final Object Repo/New Registration - Registration Module Pages/New Reg - OTC to RO/Special Case - OTC - Form 1/Registering As A Branch - No' is clicked on

2018-12-13 12:51:36 - [TEST_STEP][PASSED] - click: Object: 'Object Repository/Final Object Repo/New Registration - Registration Module Pages/New Reg - OTC to RO/Special Case - OTC - Form 1/Acknowledgement Ticked' is clicked on

2018-12-13 12:51:36 - [MESSAGE][PASSED] - Object: 'Object Repository/Final Object Repo/New Registration - Registration Module Pages/New Reg - OTC to RO/Special Case - OTC - Form 1/Acknowledgement Ticked' is clicked on

2018-12-13 12:51:36 - [TEST_STEP][PASSED] - click: Object: 'Object Repository/Final Object Repo/New Registration - Registration Module Pages/New Reg - OTC to RO/Special Case - OTC - Form 1/Submit Button' is clicked on

2018-12-13 12:51:36 - [MESSAGE][PASSED] - Object: 'Object Repository/Final Object Repo/New Registration - Registration Module Pages/New Reg - OTC to RO/Special Case - OTC - Form 1/Submit Button' is clicked on

2018-12-13 12:51:36 - [TEST_STEP][PASSED] - delay: Delayed 2 second(s)

2018-12-13 12:51:38 - [MESSAGE][PASSED] - Delayed 2 second(s)

2018-12-13 12:51:38 - [TEST_STEP][PASSED] - click: Object: 'Object Repository/Final Object Repo/New Registration - Registration Module Pages/New Reg - OTC to RO/Special Case - OTC - Form 1/Confirm No Flagging as Branch' is clicked on

2018-12-13 12:51:38 - [MESSAGE][PASSED] - Object: 'Object Repository/Final Object Repo/New Registration - Registration Module Pages/New Reg - OTC to RO/Special Case - OTC - Form 1/Confirm No Flagging as Branch' is clicked on

2018-12-13 12:51:38 - [MESSAGE][PASSED] - Call Test Case 'Test Cases/Final Aug 2018 - PKS Automation/Registration Module/Workflow/New Registration/Template/Special Case - OTC - Form 1' successfully

2018-12-13 12:51:38 - [TEST_STEP][PASSED] - callTestCase: Call Test Case 'Test Cases/Final Aug 2018 - PKS Automation/Registration Module/New Registration/Form 2/Add 1 Eligible' successfully

2018-12-13 12:51:38 - [TEST_CASE][PASSED] - Test Cases/Final Aug 2018 - PKS Automation/Registration Module/New Registration/Form 2/Add 1 Eligible: Test Cases/Final Aug 2018 - PKS Automation/Registration Module/New Registration/Form 2/Add 1 Eligible

2018-12-13 12:51:39 - [TEST_STEP][PASSED] - delay: Delayed 2 second(s)

2018-12-13 12:51:41 - [MESSAGE][PASSED] - Delayed 2 second(s)

2018-12-13 12:51:41 - [TEST_STEP][PASSED] - callTestCase: Call Test Case 'Test Cases/Final Aug 2018 - PKS Automation/Registration Module/New Registration/Form 2/Date Updater' successfully

2018-12-13 12:51:41 - [TEST_CASE][PASSED] - Test Cases/Final Aug 2018 - PKS Automation/Registration Module/New Registration/Form 2/Date Updater: Test Cases/Final Aug 2018 - PKS Automation/Registration Module/New Registration/Form 2/Date Updater

2018-12-13 12:51:41 - [TEST_STEP][PASSED] - Statement - TodayDate = new java.util.Date(): null

2018-12-13 12:51:41 - [TEST_STEP][PASSED] - Statement - CurrentDateNoFilter = new java.text.SimpleDateFormat(): null

2018-12-13 12:51:41 - [TEST_STEP][PASSED] - Statement - CurrentDateNoFilter.applyPattern("MM"): null

2018-12-13 12:51:41 - [TEST_STEP][PASSED] - Statement - monthContainerMatcher = java.lang.Integer.parseInt(CurrentDateNoFilter.format(TodayDate)): null

2018-12-13 12:51:41 - [TEST_STEP][PASSED] - Statement - monthContainerMatcher = monthContainerMatcher - 1: null

2018-12-13 12:51:41 - [TEST_STEP][PASSED] - Statement - CurrentMonth = monthContainerMatcher.toString(): null

2018-12-13 12:51:41 - [TEST_STEP][PASSED] - Statement - CurrentMonth = CurrentMonth: null

2018-12-13 12:51:41 - [TEST_STEP][PASSED] - Statement - CurrentDateNoFilter.applyPattern("yyyy"): null

2018-12-13 12:51:41 - [TEST_STEP][PASSED] - Statement - CurrentYear = CurrentDateNoFilter.format(TodayDate): null

2018-12-13 12:51:41 - [TEST_STEP][PASSED] - Statement - CurrentYear = CurrentYear: null

2018-12-13 12:51:41 - [TEST_STEP][PASSED] - Statement - intCurrentYear = java.lang.Integer.parseInt(CurrentDateNoFilter.format(TodayDate)): null

2018-12-13 12:51:41 - [TEST_STEP][PASSED] - Statement - eighteenYrsAgo = intCurrentYear - 18: null

2018-12-13 12:51:41 - [TEST_STEP][PASSED] - Statement - eighteenYrsBeforeThisYr = eighteenYrsAgo.toString(): null

2018-12-13 12:51:41 - [TEST_STEP][PASSED] - Statement - EighteenYrsBefore = eighteenYrsBeforeThisYr: null

2018-12-13 12:51:41 - [TEST_STEP][PASSED] - Statement - fiftysevenYrsAgo = intCurrentYear - 57: null

2018-12-13 12:51:41 - [TEST_STEP][PASSED] - Statement - fiftysevenYrsBeforeThisYr = fiftysevenYrsAgo.toString(): null

2018-12-13 12:51:41 - [TEST_STEP][PASSED] - Statement - FiftysevenYrsBefore = fiftysevenYrsBeforeThisYr: null

2018-12-13 12:51:41 - [TEST_STEP][PASSED] - Statement - leapYear = false: null

2018-12-13 12:51:41 - [TEST_STEP][PASSED] - Statement - leapYear = intCurrentYear % 4 == 0: null

2018-12-13 12:51:41 - [TEST_STEP][PASSED] - Statement - CurrentDateNoFilter.applyPattern("dd"): null

2018-12-13 12:51:41 - [TEST_STEP][PASSED] - Statement - CurrentDate = CurrentDateNoFilter.format(TodayDate): null

2018-12-13 12:51:41 - [TEST_STEP][PASSED] - Statement - CurrentDate = java.lang.Integer.parseInt(CurrentDate): null

2018-12-13 12:51:41 - [TEST_STEP][PASSED] - Statement - CurrentDate = CurrentDate: null

2018-12-13 12:51:41 - [TEST_STEP][PASSED] - Statement - CurrentDay = java.lang.Integer.parseInt(CurrentDate): null

2018-12-13 12:51:41 - [TEST_STEP][PASSED] - Statement - ConfAdder = <not implemented yet for class: org.codehaus.groovy.ast.expr.EmptyExpression>: null

2018-12-13 12:51:41 - [TEST_STEP][PASSED] - Statement - out.println(CurrentMonth): null

2018-12-13 12:51:41 - [TEST_STEP][PASSED] - Statement - out.println(CurrentDate): null

2018-12-13 12:51:41 - [TEST_STEP][PASSED] - Statement - switch (CurrentDate): null

2018-12-13 12:51:41 - [TEST_STEP][PASSED] - Statement - Default: null

2018-12-13 12:51:41 - [TEST_STEP][PASSED] - Statement - ConfAdder = true: null

2018-12-13 12:51:41 - [TEST_STEP][PASSED] - Statement - Break: null

2018-12-13 12:51:41 - [TEST_STEP][PASSED] - Statement - aDayBefore = <not implemented yet for class: org.codehaus.groovy.ast.expr.EmptyExpression>: null

2018-12-13 12:51:41 - [TEST_STEP][PASSED] - Statement - out.println(ConfAdder): null

2018-12-13 12:51:41 - [TEST_STEP][PASSED] - Statement - If (ConfAdder == true): null

2018-12-13 12:51:41 - [TEST_STEP][PASSED] - Statement - aDayBefore = CurrentDay + 1: null

2018-12-13 12:51:41 - [TEST_STEP][PASSED] - Statement - out.println(aDayBefore): null

2018-12-13 12:51:41 - [TEST_STEP][PASSED] - Statement - If (aDayBefore == 1 && CurrentMonth == 11): null

2018-12-13 12:51:41 - [TEST_STEP][PASSED] - Statement - DayBefore = aDayBefore.toString(): null

2018-12-13 12:51:41 - [TEST_STEP][PASSED] - Statement - OneDayBefore = DayBefore: null

2018-12-13 12:51:41 - [MESSAGE][PASSED] - Call Test Case 'Test Cases/Final Aug 2018 - PKS Automation/Registration Module/New Registration/Form 2/Date Updater' successfully

2018-12-13 12:51:41 - [TEST_STEP][PASSED] - delay: Delayed 1 second(s)

2018-12-13 12:51:42 - [MESSAGE][PASSED] - Delayed 1 second(s)

2018-12-13 12:51:42 - [TEST_STEP][PASSED] - Statement - CaseReferenceNo = com.kms.katalon.core.webui.keyword.WebUiBuiltInKeywords.getText(com.kms.katalon.core.testobject.ObjectRepository.findTestObject(Final Object Repo/New Registration - Registration Module Pages/Form 2/RefNo Acquiring)): Text of object 'Object Repository/Final Object Repo/New Registration - Registration Module Pages/Form 2/RefNo Acquiring' is: 'CRN12201800123272'

2018-12-13 12:51:42 - [MESSAGE][PASSED] - Text of object 'Object Repository/Final Object Repo/New Registration - Registration Module Pages/Form 2/RefNo Acquiring' is: 'CRN12201800123272'

2018-12-13 12:51:42 - [TEST_STEP][PASSED] - delay: Delayed 1 second(s)

2018-12-13 12:51:43 - [MESSAGE][PASSED] - Delayed 1 second(s)

2018-12-13 12:51:43 - [TEST_STEP][PASSED] - click: Object: 'Object Repository/Final Object Repo/New Registration - Registration Module Pages/Form 2/Add Employee Button' is clicked on

2018-12-13 12:51:43 - [MESSAGE][PASSED] - Object: 'Object Repository/Final Object Repo/New Registration - Registration Module Pages/Form 2/Add Employee Button' is clicked on

2018-12-13 12:51:43 - [TEST_STEP][PASSED] - delay: Delayed 1 second(s)

2018-12-13 12:51:44 - [MESSAGE][PASSED] - Delayed 1 second(s)

2018-12-13 12:51:44 - [TEST_STEP][PASSED] - setText: Text '010903091963' is set on object 'Object Repository/Final Object Repo/New Registration - Registration Module Pages/Form 2/NRIC Input'

2018-12-13 12:51:44 - [MESSAGE][PASSED] - Text '010903091963' is set on object 'Object Repository/Final Object Repo/New Registration - Registration Module Pages/Form 2/NRIC Input'

2018-12-13 12:51:44 - [TEST_STEP][PASSED] - click: Object: 'Object Repository/Final Object Repo/New Registration - Registration Module Pages/Form 2/button for search for IC' is clicked on

2018-12-13 12:51:44 - [MESSAGE][PASSED] - Object: 'Object Repository/Final Object Repo/New Registration - Registration Module Pages/Form 2/button for search for IC' is clicked on

2018-12-13 12:51:44 - [TEST_STEP][PASSED] - delay: Delayed 2 second(s)

2018-12-13 12:51:46 - [MESSAGE][PASSED] - Delayed 2 second(s)

2018-12-13 12:51:46 - [TEST_STEP][PASSED] - setText: Text 'Automate001 eligible 1' is set on object 'Object Repository/Final Object Repo/New Registration - Registration Module Pages/Form 2/Employee Name Input'

2018-12-13 12:51:47 - [MESSAGE][PASSED] - Text 'Automate001 eligible 1' is set on object 'Object Repository/Final Object Repo/New Registration - Registration Module Pages/Form 2/Employee Name Input'

2018-12-13 12:51:47 - [TEST_STEP][PASSED] - delay: Delayed 2 second(s)

2018-12-13 12:51:49 - [MESSAGE][PASSED] - Delayed 2 second(s)

2018-12-13 12:51:49 - [TEST_STEP][PASSED] - click: Object: 'Object Repository/Final Object Repo/New Registration - Registration Module Pages/Form 2/DatePicker Pop Up' is clicked on

2018-12-13 12:51:49 - [MESSAGE][PASSED] - Object: 'Object Repository/Final Object Repo/New Registration - Registration Module Pages/Form 2/DatePicker Pop Up' is clicked on

2018-12-13 12:51:49 - [TEST_STEP][PASSED] - click: Object: 'Object Repository/Final Object Repo/New Registration - Registration Module Pages/Form 2/DOB Month' is clicked on

2018-12-13 12:51:49 - [MESSAGE][PASSED] - Object: 'Object Repository/Final Object Repo/New Registration - Registration Module Pages/Form 2/DOB Month' is clicked on

2018-12-13 12:51:49 - [TEST_STEP][PASSED] - Statement - CurrentMonth = CurrentMonth: null

2018-12-13 12:51:49 - [TEST_STEP][PASSED] - Statement - selectMonth = new com.kms.katalon.core.testobject.TestObject(): null

2018-12-13 12:51:49 - [TEST_STEP][PASSED] - Statement - selectMonth.addProperty("xpath", EQUALS, "//body/div/div/div/select/option[@value='" + CurrentMonth + "']", true): null

2018-12-13 12:51:49 - [TEST_STEP][PASSED] - click: Object: '' is clicked on

2018-12-13 12:51:49 - [MESSAGE][PASSED] - Object: '' is clicked on

2018-12-13 12:51:49 - [TEST_STEP][PASSED] - click: Object: 'Object Repository/Final Object Repo/New Registration - Registration Module Pages/Form 2/DOB Year' is clicked on

2018-12-13 12:51:50 - [MESSAGE][PASSED] - Object: 'Object Repository/Final Object Repo/New Registration - Registration Module Pages/Form 2/DOB Year' is clicked on

2018-12-13 12:51:50 - [TEST_STEP][PASSED] - Statement - Eyearsbf = EighteenYrsBefore: null

2018-12-13 12:51:50 - [TEST_STEP][PASSED] - Statement - selectYear = new com.kms.katalon.core.testobject.TestObject(): null

2018-12-13 12:51:50 - [TEST_STEP][PASSED] - Statement - selectYear.addProperty("xpath", EQUALS, "//div/div/div/select/option[@value='" + Eyearsbf + "']", true): null

2018-12-13 12:51:50 - [TEST_STEP][PASSED] - click: Object: '' is clicked on

2018-12-13 12:51:50 - [MESSAGE][PASSED] - Object: '' is clicked on

2018-12-13 12:51:50 - [TEST_STEP][PASSED] - Statement - UpdatedSelectDate = com.kms.katalon.core.webui.keyword.WebUiBuiltInKeywords.modifyObjectProperty(com.kms.katalon.core.testobject.ObjectRepository.findTestObject(Final Object Repo/New Registration - Registration Module Pages/Form 2/DOB Date), "xpath", "equals", "//body/div/table/tbody/tr/td/a[text()="" + CurrentDate + ""]", true): Modify property of object successfully

2018-12-13 12:51:50 - [MESSAGE][PASSED] - Modify property of object successfully

2018-12-13 12:51:50 - [TEST_STEP][PASSED] - delay: Delayed 3 second(s)

2018-12-13 12:51:53 - [MESSAGE][PASSED] - Delayed 3 second(s)

2018-12-13 12:51:53 - [TEST_STEP][PASSED] - click: Object: 'Object Repository/Final Object Repo/New Registration - Registration Module Pages/Form 2/DOB Date' is clicked on

2018-12-13 12:51:53 - [MESSAGE][PASSED] - Object: 'Object Repository/Final Object Repo/New Registration - Registration Module Pages/Form 2/DOB Date' is clicked on

2018-12-13 12:51:53 - [TEST_STEP][PASSED] - delay: Delayed 2 second(s)

2018-12-13 12:51:55 - [MESSAGE][PASSED] - Delayed 2 second(s)

2018-12-13 12:51:55 - [TEST_STEP][PASSED] - click: Object: 'Object Repository/Final Object Repo/New Registration - Registration Module Pages/Form 2/EmploymentStartDate Pop Up' is clicked on

2018-12-13 12:51:55 - [MESSAGE][PASSED] - Object: 'Object Repository/Final Object Repo/New Registration - Registration Module Pages/Form 2/EmploymentStartDate Pop Up' is clicked on

2018-12-13 12:51:55 - [TEST_STEP][PASSED] - delay: Delayed 2 second(s)

2018-12-13 12:51:57 - [MESSAGE][PASSED] - Delayed 2 second(s)

2018-12-13 12:51:57 - [TEST_STEP][PASSED] - click: Object: 'Object Repository/Final Object Repo/New Registration - Registration Module Pages/Form 2/Socso Employment StartDate Month' is clicked on

2018-12-13 12:51:57 - [MESSAGE][PASSED] - Object: 'Object Repository/Final Object Repo/New Registration - Registration Module Pages/Form 2/Socso Employment StartDate Month' is clicked on

2018-12-13 12:51:57 - [TEST_STEP][PASSED] - delay: Delayed 1 second(s)

2018-12-13 12:51:58 - [MESSAGE][PASSED] - Delayed 1 second(s)

2018-12-13 12:51:58 - [TEST_STEP][PASSED] - click: Object: 'Object Repository/Final Object Repo/New Registration - Registration Module Pages/Form 2/Select Socso Employement Startdate Month' is clicked on

2018-12-13 12:51:58 - [MESSAGE][PASSED] - Object: 'Object Repository/Final Object Repo/New Registration - Registration Module Pages/Form 2/Select Socso Employement Startdate Month' is clicked on

2018-12-13 12:51:58 - [TEST_STEP][PASSED] - delay: Delayed 2 second(s)

2018-12-13 12:52:00 - [MESSAGE][PASSED] - Delayed 2 second(s)

2018-12-13 12:52:00 - [TEST_STEP][PASSED] - click: Object: 'Object Repository/Final Object Repo/New Registration - Registration Module Pages/Form 2/Socso Employment StartDate Year' is clicked on

2018-12-13 12:52:01 - [MESSAGE][PASSED] - Object: 'Object Repository/Final Object Repo/New Registration - Registration Module Pages/Form 2/Socso Employment StartDate Year' is clicked on

2018-12-13 12:52:01 - [TEST_STEP][PASSED] - delay: Delayed 1 second(s)

2018-12-13 12:52:02 - [MESSAGE][PASSED] - Delayed 1 second(s)

2018-12-13 12:52:02 - [TEST_STEP][PASSED] - click: Object: 'Object Repository/Final Object Repo/New Registration - Registration Module Pages/Form 2/Select Socso Employment Startdate Year' is clicked on

2018-12-13 12:52:02 - [MESSAGE][PASSED] - Object: 'Object Repository/Final Object Repo/New Registration - Registration Module Pages/Form 2/Select Socso Employment Startdate Year' is clicked on

2018-12-13 12:52:02 - [TEST_STEP][PASSED] - delay: Delayed 2 second(s)

2018-12-13 12:52:04 - [MESSAGE][PASSED] - Delayed 2 second(s)

2018-12-13 12:52:04 - [TEST_STEP][PASSED] - click: Object: 'Object Repository/Final Object Repo/New Registration - Registration Module Pages/Form 2/Socso Employment Start Date Day' is clicked on

2018-12-13 12:52:04 - [MESSAGE][PASSED] - Object: 'Object Repository/Final Object Repo/New Registration - Registration Module Pages/Form 2/Socso Employment Start Date Day' is clicked on

2018-12-13 12:52:04 - [TEST_STEP][PASSED] - delay: Delayed 2 second(s)

2018-12-13 12:52:06 - [MESSAGE][PASSED] - Delayed 2 second(s)

2018-12-13 12:52:06 - [TEST_STEP][PASSED] - click: Object: 'Object Repository/Final Object Repo/New Registration - Registration Module Pages/Form 2/Save Button for Add Employee' is clicked on

2018-12-13 12:52:06 - [MESSAGE][PASSED] - Object: 'Object Repository/Final Object Repo/New Registration - Registration Module Pages/Form 2/Save Button for Add Employee' is clicked on

2018-12-13 12:52:06 - [TEST_STEP][PASSED] - delay: Delayed 6 second(s)

2018-12-13 12:52:12 - [MESSAGE][PASSED] - Delayed 6 second(s)

2018-12-13 12:52:12 - [TEST_STEP][PASSED] - click: Object: 'Object Repository/Final Object Repo/New Registration - Registration Module Pages/Form 2/Save and Continue Form 2' is clicked on

2018-12-13 12:52:12 - [MESSAGE][PASSED] - Object: 'Object Repository/Final Object Repo/New Registration - Registration Module Pages/Form 2/Save and Continue Form 2' is clicked on

2018-12-13 12:52:12 - [MESSAGE][PASSED] - Call Test Case 'Test Cases/Final Aug 2018 - PKS Automation/Registration Module/New Registration/Form 2/Add 1 Eligible' successfully

2018-12-13 12:52:12 - [TEST_STEP][PASSED] - callTestCase: Call Test Case 'Test Cases/Final Aug 2018 - PKS Automation/Registration Module/New Registration/Flow of New Registration/Third Screen - Upload Supporting Doc - Preview' successfully

2018-12-13 12:52:12 - [TEST_CASE][PASSED] - Test Cases/Final Aug 2018 - PKS Automation/Registration Module/New Registration/Flow of New Registration/Third Screen - Upload Supporting Doc - Preview: Test Cases/Final Aug 2018 - PKS Automation/Registration Module/New Registration/Flow of New Registration/Third Screen - Upload Supporting Doc - Preview

2018-12-13 12:52:12 - [TEST_STEP][PASSED] - waitForPageLoad: Wait for page load successfully

2018-12-13 12:52:13 - [MESSAGE][PASSED] - Wait for page load successfully

2018-12-13 12:52:13 - [TEST_STEP][PASSED] - Statement - CaseReferenceNo = com.kms.katalon.core.webui.keyword.WebUiBuiltInKeywords.getText(com.kms.katalon.core.testobject.ObjectRepository.findTestObject(Final Object Repo/New Registration - Registration Module Pages/Third Screen - Upload Supporting Doc- Preview/RefNo Acquiring)): Text of object 'Object Repository/Final Object Repo/New Registration - Registration Module Pages/Third Screen - Upload Supporting Doc- Preview/RefNo Acquiring' is: 'CRN12201800123272'

2018-12-13 12:52:13 - [MESSAGE][PASSED] - Text of object 'Object Repository/Final Object Repo/New Registration - Registration Module Pages/Third Screen - Upload Supporting Doc- Preview/RefNo Acquiring' is: 'CRN12201800123272'

2018-12-13 12:52:13 - [TEST_STEP][PASSED] - delay: Delayed 2 second(s)

2018-12-13 12:52:15 - [MESSAGE][PASSED] - Delayed 2 second(s)

2018-12-13 12:52:15 - [TEST_STEP][PASSED] - callTestCase: Call Test Case 'Test Cases/Final Aug 2018 - PKS Automation/Common/Reference Number Setter' successfully

2018-12-13 12:52:15 - [TEST_CASE][PASSED] - Test Cases/Final Aug 2018 - PKS Automation/Common/Reference Number Setter: Test Cases/Final Aug 2018 - PKS Automation/Common/Reference Number Setter

2018-12-13 12:52:15 - [TEST_STEP][PASSED] - Statement - RefNoOldFile = new java.io.File(C://Users//Admin//Desktop//PKS//Automation Reference Point//KatalonReference.txt): null

2018-12-13 12:52:15 - [TEST_STEP][PASSED] - Statement - RefNoOldFile.delete(): null

2018-12-13 12:52:15 - [TEST_STEP][PASSED] - delay: Delayed 5 second(s)

2018-12-13 12:52:20 - [MESSAGE][PASSED] - Delayed 5 second(s)

2018-12-13 12:52:20 - [TEST_STEP][PASSED] - Statement - RefNo = new java.io.File(C://Users//Admin//Desktop//PKS//Automation Reference Point//KatalonReference.txt): null

2018-12-13 12:52:20 - [TEST_STEP][PASSED] - Statement - f2 = new java.io.FileWriter(RefNo, false): null

2018-12-13 12:52:20 - [TEST_STEP][PASSED] - Statement - f2.write(CaseReferenceNo): null

2018-12-13 12:52:20 - [TEST_STEP][PASSED] - Statement - f2.close(): null

2018-12-13 12:52:20 - [TEST_STEP][PASSED] - Statement - out.println("


" + CaseReferenceNo + "


"): null

2018-12-13 12:52:20 - [MESSAGE][PASSED] - Call Test Case 'Test Cases/Final Aug 2018 - PKS Automation/Common/Reference Number Setter' successfully

2018-12-13 12:52:20 - [TEST_STEP][PASSED] - waitForElementClickable: Object 'Object Repository/Final Object Repo/New Registration - Registration Module Pages/Third Screen - Upload Supporting Doc- Preview/Save n Continue in SIP Employee Listing Page' is clickable

2018-12-13 12:52:20 - [MESSAGE][PASSED] - Object 'Object Repository/Final Object Repo/New Registration - Registration Module Pages/Third Screen - Upload Supporting Doc- Preview/Save n Continue in SIP Employee Listing Page' is clickable

2018-12-13 12:52:20 - [TEST_STEP][PASSED] - click: Object: 'Object Repository/Final Object Repo/New Registration - Registration Module Pages/Third Screen - Upload Supporting Doc- Preview/Save n Continue in SIP Employee Listing Page' is clicked on

2018-12-13 12:52:26 - [MESSAGE][PASSED] - Object: 'Object Repository/Final Object Repo/New Registration - Registration Module Pages/Third Screen - Upload Supporting Doc- Preview/Save n Continue in SIP Employee Listing Page' is clicked on

2018-12-13 12:52:26 - [TEST_STEP][PASSED] - delay: Delayed 7 second(s)

2018-12-13 12:52:33 - [MESSAGE][PASSED] - Delayed 7 second(s)

2018-12-13 12:52:33 - [TEST_STEP][PASSED] - click: Object: 'Object Repository/Final Object Repo/New Registration - Registration Module Pages/Third Screen - Upload Supporting Doc- Preview/Add Document Button' is clicked on

2018-12-13 12:52:33 - [MESSAGE][PASSED] - Object: 'Object Repository/Final Object Repo/New Registration - Registration Module Pages/Third Screen - Upload Supporting Doc- Preview/Add Document Button' is clicked on

2018-12-13 12:52:33 - [TEST_STEP][PASSED] - delay: Delayed 30 second(s)

2018-12-13 12:53:03 - [MESSAGE][PASSED] - Delayed 30 second(s)

2018-12-13 12:53:03 - [TEST_STEP][PASSED] - click: Object: 'Object Repository/Final Object Repo/New Registration - Registration Module Pages/Third Screen - Upload Supporting Doc- Preview/Supporting Doc Please Select Drop Down' is clicked on

2018-12-13 12:53:03 - [MESSAGE][PASSED] - Object: 'Object Repository/Final Object Repo/New Registration - Registration Module Pages/Third Screen - Upload Supporting Doc- Preview/Supporting Doc Please Select Drop Down' is clicked on

2018-12-13 12:53:03 - [TEST_STEP][PASSED] - delay: Delayed 2 second(s)

2018-12-13 12:53:05 - [MESSAGE][PASSED] - Delayed 2 second(s)

2018-12-13 12:53:05 - [TEST_STEP][PASSED] - click: Object: 'Object Repository/Final Object Repo/New Registration - Registration Module Pages/Third Screen - Upload Supporting Doc- Preview/Select to Upload Form 1' is clicked on

2018-12-13 12:53:06 - [MESSAGE][PASSED] - Object: 'Object Repository/Final Object Repo/New Registration - Registration Module Pages/Third Screen - Upload Supporting Doc- Preview/Select to Upload Form 1' is clicked on

2018-12-13 12:53:06 - [TEST_STEP][PASSED] - delay: Delayed 2 second(s)

2018-12-13 12:53:08 - [MESSAGE][PASSED] - Delayed 2 second(s)

2018-12-13 12:53:08 - [TEST_STEP][PASSED] - uploadFile: File 'C:\Users\Public\Pictures\Sample Pictures\Koala.jpg' sent to object: 'Object Repository/Final Object Repo/New Registration - Registration Module Pages/Third Screen - Upload Supporting Doc- Preview/Upload File Adding'

2018-12-13 12:53:08 - [MESSAGE][PASSED] - File 'C:\Users\Public\Pictures\Sample Pictures\Koala.jpg' sent to object: 'Object Repository/Final Object Repo/New Registration - Registration Module Pages/Third Screen - Upload Supporting Doc- Preview/Upload File Adding'

2018-12-13 12:53:08 - [TEST_STEP][PASSED] - delay: Delayed 5 second(s)

2018-12-13 12:53:13 - [MESSAGE][PASSED] - Delayed 5 second(s)

2018-12-13 12:53:13 - [TEST_STEP][PASSED] - click: Object: 'Object Repository/Final Object Repo/New Registration - Registration Module Pages/Third Screen - Upload Supporting Doc- Preview/Inner Form Add Document Button' is clicked on

2018-12-13 12:53:13 - [MESSAGE][PASSED] - Object: 'Object Repository/Final Object Repo/New Registration - Registration Module Pages/Third Screen - Upload Supporting Doc- Preview/Inner Form Add Document Button' is clicked on

2018-12-13 12:53:13 - [TEST_STEP][PASSED] - delay: Delayed 3 second(s)

2018-12-13 12:53:16 - [MESSAGE][PASSED] - Delayed 3 second(s)

2018-12-13 12:53:16 - [TEST_STEP][PASSED] - click: Object: 'Object Repository/Final Object Repo/New Registration - Registration Module Pages/Third Screen - Upload Supporting Doc- Preview/Add Document Button' is clicked on

2018-12-13 12:53:17 - [MESSAGE][PASSED] - Object: 'Object Repository/Final Object Repo/New Registration - Registration Module Pages/Third Screen - Upload Supporting Doc- Preview/Add Document Button' is clicked on

2018-12-13 12:53:17 - [TEST_STEP][PASSED] - delay: Delayed 30 second(s)

2018-12-13 12:53:47 - [MESSAGE][PASSED] - Delayed 30 second(s)

2018-12-13 12:53:47 - [TEST_STEP][PASSED] - click: Object: 'Object Repository/Final Object Repo/New Registration - Registration Module Pages/Third Screen - Upload Supporting Doc- Preview/Supporting Doc Please Select Drop Down' is clicked on

2018-12-13 12:53:47 - [MESSAGE][PASSED] - Object: 'Object Repository/Final Object Repo/New Registration - Registration Module Pages/Third Screen - Upload Supporting Doc- Preview/Supporting Doc Please Select Drop Down' is clicked on

2018-12-13 12:53:47 - [TEST_STEP][PASSED] - delay: Delayed 4 second(s)

2018-12-13 12:53:51 - [MESSAGE][PASSED] - Delayed 4 second(s)

2018-12-13 12:53:51 - [TEST_STEP][PASSED] - click: Object: 'Object Repository/Final Object Repo/New Registration - Registration Module Pages/Third Screen - Upload Supporting Doc- Preview/Select to Upload Form 2' is clicked on

2018-12-13 12:53:52 - [MESSAGE][PASSED] - Object: 'Object Repository/Final Object Repo/New Registration - Registration Module Pages/Third Screen - Upload Supporting Doc- Preview/Select to Upload Form 2' is clicked on

2018-12-13 12:53:52 - [TEST_STEP][PASSED] - delay: Delayed 2 second(s)

2018-12-13 12:53:54 - [MESSAGE][PASSED] - Delayed 2 second(s)

2018-12-13 12:53:54 - [TEST_STEP][PASSED] - uploadFile: File 'C:\Users\Public\Pictures\Sample Pictures\Koala.jpg' sent to object: 'Object Repository/Final Object Repo/New Registration - Registration Module Pages/Third Screen - Upload Supporting Doc- Preview/Upload File Adding'

2018-12-13 12:53:54 - [MESSAGE][PASSED] - File 'C:\Users\Public\Pictures\Sample Pictures\Koala.jpg' sent to object: 'Object Repository/Final Object Repo/New Registration - Registration Module Pages/Third Screen - Upload Supporting Doc- Preview/Upload File Adding'

2018-12-13 12:53:54 - [TEST_STEP][PASSED] - click: Object: 'Object Repository/Final Object Repo/New Registration - Registration Module Pages/Third Screen - Upload Supporting Doc- Preview/Inner Form Add Document Button' is clicked on

2018-12-13 12:53:54 - [MESSAGE][PASSED] - Object: 'Object Repository/Final Object Repo/New Registration - Registration Module Pages/Third Screen - Upload Supporting Doc- Preview/Inner Form Add Document Button' is clicked on

2018-12-13 12:53:54 - [TEST_STEP][PASSED] - delay: Delayed 5 second(s)

2018-12-13 12:53:59 - [MESSAGE][PASSED] - Delayed 5 second(s)

2018-12-13 12:53:59 - [TEST_STEP][PASSED] - click: Object: 'Object Repository/Final Object Repo/New Registration - Registration Module Pages/Third Screen - Upload Supporting Doc- Preview/Add Document Button' is clicked on

2018-12-13 12:53:59 - [MESSAGE][PASSED] - Object: 'Object Repository/Final Object Repo/New Registration - Registration Module Pages/Third Screen - Upload Supporting Doc- Preview/Add Document Button' is clicked on

2018-12-13 12:53:59 - [TEST_STEP][PASSED] - delay: Delayed 30 second(s)

2018-12-13 12:54:29 - [MESSAGE][PASSED] - Delayed 30 second(s)

2018-12-13 12:54:29 - [TEST_STEP][PASSED] - click: Object: 'Object Repository/Final Object Repo/New Registration - Registration Module Pages/Third Screen - Upload Supporting Doc- Preview/Supporting Doc Please Select Drop Down' is clicked on

2018-12-13 12:54:29 - [MESSAGE][PASSED] - Object: 'Object Repository/Final Object Repo/New Registration - Registration Module Pages/Third Screen - Upload Supporting Doc- Preview/Supporting Doc Please Select Drop Down' is clicked on

2018-12-13 12:54:29 - [TEST_STEP][PASSED] - click: Object: 'Object Repository/Final Object Repo/New Registration - Registration Module Pages/Third Screen - Upload Supporting Doc- Preview/Select to Upload Borang SIP 1' is clicked on

2018-12-13 12:54:29 - [MESSAGE][PASSED] - Object: 'Object Repository/Final Object Repo/New Registration - Registration Module Pages/Third Screen - Upload Supporting Doc- Preview/Select to Upload Borang SIP 1' is clicked on

2018-12-13 12:54:29 - [TEST_STEP][PASSED] - delay: Delayed 2 second(s)

2018-12-13 12:54:31 - [MESSAGE][PASSED] - Delayed 2 second(s)

2018-12-13 12:54:31 - [TEST_STEP][PASSED] - uploadFile: File 'C:\Users\Public\Pictures\Sample Pictures\Koala.jpg' sent to object: 'Object Repository/Final Object Repo/New Registration - Registration Module Pages/Third Screen - Upload Supporting Doc- Preview/Upload File Adding'

2018-12-13 12:54:31 - [MESSAGE][PASSED] - File 'C:\Users\Public\Pictures\Sample Pictures\Koala.jpg' sent to object: 'Object Repository/Final Object Repo/New Registration - Registration Module Pages/Third Screen - Upload Supporting Doc- Preview/Upload File Adding'

2018-12-13 12:54:32 - [TEST_STEP][PASSED] - click: Object: 'Object Repository/Final Object Repo/New Registration - Registration Module Pages/Third Screen - Upload Supporting Doc- Preview/Inner Form Add Document Button' is clicked on

2018-12-13 12:54:32 - [MESSAGE][PASSED] - Object: 'Object Repository/Final Object Repo/New Registration - Registration Module Pages/Third Screen - Upload Supporting Doc- Preview/Inner Form Add Document Button' is clicked on

2018-12-13 12:54:32 - [TEST_STEP][PASSED] - delay: Delayed 5 second(s)

2018-12-13 12:54:37 - [MESSAGE][PASSED] - Delayed 5 second(s)

2018-12-13 12:54:37 - [TEST_STEP][PASSED] - click: Object: 'Object Repository/Final Object Repo/New Registration - Registration Module Pages/Third Screen - Upload Supporting Doc- Preview/Add Document Button' is clicked on

2018-12-13 12:54:37 - [MESSAGE][PASSED] - Object: 'Object Repository/Final Object Repo/New Registration - Registration Module Pages/Third Screen - Upload Supporting Doc- Preview/Add Document Button' is clicked on

2018-12-13 12:54:37 - [TEST_STEP][PASSED] - delay: Delayed 30 second(s)

2018-12-13 12:55:07 - [MESSAGE][PASSED] - Delayed 30 second(s)

2018-12-13 12:55:07 - [TEST_STEP][PASSED] - click: Object: 'Object Repository/Final Object Repo/New Registration - Registration Module Pages/Third Screen - Upload Supporting Doc- Preview/Supporting Doc Please Select Drop Down' is clicked on

2018-12-13 12:55:07 - [MESSAGE][PASSED] - Object: 'Object Repository/Final Object Repo/New Registration - Registration Module Pages/Third Screen - Upload Supporting Doc- Preview/Supporting Doc Please Select Drop Down' is clicked on

2018-12-13 12:55:07 - [TEST_STEP][PASSED] - delay: Delayed 3 second(s)

2018-12-13 12:55:10 - [MESSAGE][PASSED] - Delayed 3 second(s)

2018-12-13 12:55:10 - [TEST_STEP][PASSED] - click: Object: 'Object Repository/Final Object Repo/New Registration - Registration Module Pages/Third Screen - Upload Supporting Doc- Preview/Select to Upload Borang SIP 2' is clicked on

2018-12-13 12:55:10 - [MESSAGE][PASSED] - Object: 'Object Repository/Final Object Repo/New Registration - Registration Module Pages/Third Screen - Upload Supporting Doc- Preview/Select to Upload Borang SIP 2' is clicked on

2018-12-13 12:55:10 - [TEST_STEP][PASSED] - delay: Delayed 2 second(s)

2018-12-13 12:55:12 - [MESSAGE][PASSED] - Delayed 2 second(s)

2018-12-13 12:55:12 - [TEST_STEP][PASSED] - uploadFile: File 'C:\Users\Public\Pictures\Sample Pictures\Koala.jpg' sent to object: 'Object Repository/Final Object Repo/New Registration - Registration Module Pages/Third Screen - Upload Supporting Doc- Preview/Upload File Adding'

2018-12-13 12:55:12 - [MESSAGE][PASSED] - File 'C:\Users\Public\Pictures\Sample Pictures\Koala.jpg' sent to object: 'Object Repository/Final Object Repo/New Registration - Registration Module Pages/Third Screen - Upload Supporting Doc- Preview/Upload File Adding'

2018-12-13 12:55:12 - [TEST_STEP][PASSED] - delay: Delayed 5 second(s)

2018-12-13 12:55:17 - [MESSAGE][PASSED] - Delayed 5 second(s)

2018-12-13 12:55:17 - [TEST_STEP][PASSED] - click: Object: 'Object Repository/Final Object Repo/New Registration - Registration Module Pages/Third Screen - Upload Supporting Doc- Preview/Inner Form Add Document Button' is clicked on

2018-12-13 12:55:17 - [MESSAGE][PASSED] - Object: 'Object Repository/Final Object Repo/New Registration - Registration Module Pages/Third Screen - Upload Supporting Doc- Preview/Inner Form Add Document Button' is clicked on

2018-12-13 12:55:17 - [TEST_STEP][PASSED] - delay: Delayed 3 second(s)

2018-12-13 12:55:20 - [MESSAGE][PASSED] - Delayed 3 second(s)

2018-12-13 12:55:20 - [TEST_STEP][PASSED] - waitForElementClickable: Object 'Object Repository/Final Object Repo/New Registration - Registration Module Pages/Third Screen - Upload Supporting Doc- Preview/Save n Continue in Uploading Supporting Doc Page' is clickable

2018-12-13 12:55:22 - [MESSAGE][PASSED] - Object 'Object Repository/Final Object Repo/New Registration - Registration Module Pages/Third Screen - Upload Supporting Doc- Preview/Save n Continue in Uploading Supporting Doc Page' is clickable

2018-12-13 12:55:22 - [TEST_STEP][PASSED] - click: Object: 'Object Repository/Final Object Repo/New Registration - Registration Module Pages/Third Screen - Upload Supporting Doc- Preview/Save n Continue in Uploading Supporting Doc Page' is clicked on

2018-12-13 12:55:22 - [MESSAGE][PASSED] - Object: 'Object Repository/Final Object Repo/New Registration - Registration Module Pages/Third Screen - Upload Supporting Doc- Preview/Save n Continue in Uploading Supporting Doc Page' is clicked on

2018-12-13 12:55:22 - [MESSAGE][PASSED] - Call Test Case 'Test Cases/Final Aug 2018 - PKS Automation/Registration Module/New Registration/Flow of New Registration/Third Screen - Upload Supporting Doc - Preview' successfully

2018-12-13 12:55:22 - [TEST_STEP][PASSED] - callTestCase: Call Test Case 'Test Cases/Final Aug 2018 - PKS Automation/Registration Module/New Registration/Submit and Screenshot/Submit Registration and Screenshot' successfully

2018-12-13 12:55:22 - [TEST_CASE][PASSED] - Test Cases/Final Aug 2018 - PKS Automation/Registration Module/New Registration/Submit and Screenshot/Submit Registration and Screenshot: Test Cases/Final Aug 2018 - PKS Automation/Registration Module/New Registration/Submit and Screenshot/Submit Registration and Screenshot

2018-12-13 12:55:22 - [TEST_STEP][PASSED] - delay: Delayed 6 second(s)

2018-12-13 12:55:28 - [MESSAGE][PASSED] - Delayed 6 second(s)

2018-12-13 12:55:28 - [TEST_STEP][PASSED] - click: Object: 'Object Repository/Final Object Repo/New Registration - Registration Module Pages/Third Screen - Upload Supporting Doc- Preview/Preview Submit Button' is clicked on

2018-12-13 12:55:28 - [MESSAGE][PASSED] - Object: 'Object Repository/Final Object Repo/New Registration - Registration Module Pages/Third Screen - Upload Supporting Doc- Preview/Preview Submit Button' is clicked on

2018-12-13 12:55:28 - [TEST_STEP][PASSED] - delay: Delayed 2 second(s)

2018-12-13 12:55:30 - [MESSAGE][PASSED] - Delayed 2 second(s)

2018-12-13 12:55:30 - [TEST_STEP][PASSED] - click: Object: 'Object Repository/Final Object Repo/New Registration - Registration Module Pages/Third Screen - Upload Supporting Doc- Preview/Preview Submit - Confirm' is clicked on

2018-12-13 12:55:30 - [MESSAGE][PASSED] - Object: 'Object Repository/Final Object Repo/New Registration - Registration Module Pages/Third Screen - Upload Supporting Doc- Preview/Preview Submit - Confirm' is clicked on

2018-12-13 12:55:30 - [TEST_STEP][PASSED] - delay: Delayed 15 second(s)

2018-12-13 12:55:45 - [MESSAGE][PASSED] - Delayed 15 second(s)

2018-12-13 12:55:45 - [TEST_STEP][PASSED] - Statement - driver = com.kms.katalon.core.webui.driver.DriverFactory.getWebDriver(): null

2018-12-13 12:55:45 - [TEST_STEP][PASSED] - Statement - driver.manage().timeouts().implicitlyWait(10, SECONDS): null

2018-12-13 12:55:45 - [TEST_STEP][PASSED] - Statement - PresavePath = KatalonScreenshots: null

2018-12-13 12:55:45 - [TEST_STEP][PASSED] - Statement - pathPrefix = "C:\Users\Public\Pictures\Sample Pictures\Katalon Screenshots\Automate Ending Screen": null

2018-12-13 12:55:45 - [TEST_STEP][PASSED] - Statement - finalPath = <not implemented yet for class: org.codehaus.groovy.ast.expr.EmptyExpression>: null

2018-12-13 12:55:45 - [TEST_STEP][PASSED] - Statement - scrFile = driver.getScreenshotAs(FILE): null

2018-12-13 12:55:46 - [TEST_STEP][PASSED] - Statement - PreSaveFile = new java.io.File(PresavePath): null

2018-12-13 12:55:46 - [TEST_STEP][PASSED] - Statement - counter = 0: null

2018-12-13 12:55:46 - [TEST_STEP][PASSED] - Statement - If (PreSaveFile.exists()): null

2018-12-13 12:55:46 - [TEST_STEP][PASSED] - Statement - While (PreSaveFile.exists()): null

2018-12-13 12:55:46 - [TEST_STEP][PASSED] - Statement - counter = counter + 1: null

2018-12-13 12:55:46 - [TEST_STEP][PASSED] - Statement - PreSaveFile = new java.io.File(((pathPrefix + java.lang.Integer.toString(counter)) + .png)): null

2018-12-13 12:55:46 - [TEST_STEP][PASSED] - Statement - counter = counter + 1: null

2018-12-13 12:55:46 - [TEST_STEP][PASSED] - Statement - PreSaveFile = new java.io.File(((pathPrefix + java.lang.Integer.toString(counter)) + .png)): null

2018-12-13 12:55:46 - [TEST_STEP][PASSED] - Statement - counter = counter + 1: null

2018-12-13 12:55:46 - [TEST_STEP][PASSED] - Statement - PreSaveFile = new java.io.File(((pathPrefix + java.lang.Integer.toString(counter)) + .png)): null

2018-12-13 12:55:46 - [TEST_STEP][PASSED] - Statement - counter = counter + 1: null

2018-12-13 12:55:46 - [TEST_STEP][PASSED] - Statement - PreSaveFile = new java.io.File(((pathPrefix + java.lang.Integer.toString(counter)) + .png)): null

2018-12-13 12:55:46 - [TEST_STEP][PASSED] - Statement - counter = counter + 1: null

2018-12-13 12:55:46 - [TEST_STEP][PASSED] - Statement - PreSaveFile = new java.io.File(((pathPrefix + java.lang.Integer.toString(counter)) + .png)): null

2018-12-13 12:55:46 - [TEST_STEP][PASSED] - Statement - counter = counter + 1: null

2018-12-13 12:55:46 - [TEST_STEP][PASSED] - Statement - PreSaveFile = new java.io.File(((pathPrefix + java.lang.Integer.toString(counter)) + .png)): null

2018-12-13 12:55:46 - [TEST_STEP][PASSED] - Statement - counter = counter + 1: null

2018-12-13 12:55:46 - [TEST_STEP][PASSED] - Statement - PreSaveFile = new java.io.File(((pathPrefix + java.lang.Integer.toString(counter)) + .png)): null

2018-12-13 12:55:46 - [TEST_STEP][PASSED] - Statement - counter = counter + 1: null

2018-12-13 12:55:46 - [TEST_STEP][PASSED] - Statement - PreSaveFile = new java.io.File(((pathPrefix + java.lang.Integer.toString(counter)) + .png)): null

2018-12-13 12:55:46 - [TEST_STEP][PASSED] - Statement - counter = counter + 1: null

2018-12-13 12:55:46 - [TEST_STEP][PASSED] - Statement - PreSaveFile = new java.io.File(((pathPrefix + java.lang.Integer.toString(counter)) + .png)): null

2018-12-13 12:55:46 - [TEST_STEP][PASSED] - Statement - counter = counter + 1: null

2018-12-13 12:55:46 - [TEST_STEP][PASSED] - Statement - PreSaveFile = new java.io.File(((pathPrefix + java.lang.Integer.toString(counter)) + .png)): null

2018-12-13 12:55:46 - [TEST_STEP][PASSED] - Statement - counter = counter + 1: null

2018-12-13 12:55:46 - [TEST_STEP][PASSED] - Statement - PreSaveFile = new java.io.File(((pathPrefix + java.lang.Integer.toString(counter)) + .png)): null

2018-12-13 12:55:46 - [TEST_STEP][PASSED] - Statement - counter = counter + 1: null

2018-12-13 12:55:46 - [TEST_STEP][PASSED] - Statement - PreSaveFile = new java.io.File(((pathPrefix + java.lang.Integer.toString(counter)) + .png)): null

2018-12-13 12:55:46 - [TEST_STEP][PASSED] - Statement - counter = counter + 1: null

2018-12-13 12:55:46 - [TEST_STEP][PASSED] - Statement - PreSaveFile = new java.io.File(((pathPrefix + java.lang.Integer.toString(counter)) + .png)): null

2018-12-13 12:55:46 - [TEST_STEP][PASSED] - Statement - counter = counter + 1: null

2018-12-13 12:55:46 - [TEST_STEP][PASSED] - Statement - PreSaveFile = new java.io.File(((pathPrefix + java.lang.Integer.toString(counter)) + .png)): null

2018-12-13 12:55:46 - [TEST_STEP][PASSED] - Statement - counter = counter + 1: null

2018-12-13 12:55:46 - [TEST_STEP][PASSED] - Statement - PreSaveFile = new java.io.File(((pathPrefix + java.lang.Integer.toString(counter)) + .png)): null

2018-12-13 12:55:46 - [TEST_STEP][PASSED] - Statement - counter = counter + 1: null

2018-12-13 12:55:46 - [TEST_STEP][PASSED] - Statement - PreSaveFile = new java.io.File(((pathPrefix + java.lang.Integer.toString(counter)) + .png)): null

2018-12-13 12:55:46 - [TEST_STEP][PASSED] - Statement - counter = counter + 1: null

2018-12-13 12:55:46 - [TEST_STEP][PASSED] - Statement - PreSaveFile = new java.io.File(((pathPrefix + java.lang.Integer.toString(counter)) + .png)): null

2018-12-13 12:55:46 - [TEST_STEP][PASSED] - Statement - counter = counter + 1: null

2018-12-13 12:55:46 - [TEST_STEP][PASSED] - Statement - PreSaveFile = new java.io.File(((pathPrefix + java.lang.Integer.toString(counter)) + .png)): null

2018-12-13 12:55:46 - [TEST_STEP][PASSED] - Statement - counter = counter + 1: null

2018-12-13 12:55:46 - [TEST_STEP][PASSED] - Statement - PreSaveFile = new java.io.File(((pathPrefix + java.lang.Integer.toString(counter)) + .png)): null

2018-12-13 12:55:46 - [TEST_STEP][PASSED] - Statement - counter = counter + 1: null

2018-12-13 12:55:46 - [TEST_STEP][PASSED] - Statement - PreSaveFile = new java.io.File(((pathPrefix + java.lang.Integer.toString(counter)) + .png)): null

2018-12-13 12:55:46 - [TEST_STEP][PASSED] - Statement - counter = counter + 1: null

2018-12-13 12:55:46 - [TEST_STEP][PASSED] - Statement - PreSaveFile = new java.io.File(((pathPrefix + java.lang.Integer.toString(counter)) + .png)): null

2018-12-13 12:55:46 - [TEST_STEP][PASSED] - Statement - counter = counter + 1: null

2018-12-13 12:55:46 - [TEST_STEP][PASSED] - Statement - PreSaveFile = new java.io.File(((pathPrefix + java.lang.Integer.toString(counter)) + .png)): null

2018-12-13 12:55:46 - [TEST_STEP][PASSED] - Statement - counter = counter + 1: null

2018-12-13 12:55:46 - [TEST_STEP][PASSED] - Statement - PreSaveFile = new java.io.File(((pathPrefix + java.lang.Integer.toString(counter)) + .png)): null

2018-12-13 12:55:46 - [TEST_STEP][PASSED] - Statement - counter = counter + 1: null

2018-12-13 12:55:46 - [TEST_STEP][PASSED] - Statement - PreSaveFile = new java.io.File(((pathPrefix + java.lang.Integer.toString(counter)) + .png)): null

2018-12-13 12:55:46 - [TEST_STEP][PASSED] - Statement - counter = counter + 1: null

2018-12-13 12:55:46 - [TEST_STEP][PASSED] - Statement - PreSaveFile = new java.io.File(((pathPrefix + java.lang.Integer.toString(counter)) + .png)): null

2018-12-13 12:55:46 - [TEST_STEP][PASSED] - Statement - counter = counter + 1: null

2018-12-13 12:55:46 - [TEST_STEP][PASSED] - Statement - PreSaveFile = new java.io.File(((pathPrefix + java.lang.Integer.toString(counter)) + .png)): null

2018-12-13 12:55:46 - [TEST_STEP][PASSED] - Statement - counter = counter + 1: null

2018-12-13 12:55:46 - [TEST_STEP][PASSED] - Statement - PreSaveFile = new java.io.File(((pathPrefix + java.lang.Integer.toString(counter)) + .png)): null

2018-12-13 12:55:46 - [TEST_STEP][PASSED] - Statement - counter = counter + 1: null

2018-12-13 12:55:46 - [TEST_STEP][PASSED] - Statement - PreSaveFile = new java.io.File(((pathPrefix + java.lang.Integer.toString(counter)) + .png)): null

2018-12-13 12:55:46 - [TEST_STEP][PASSED] - Statement - counter = counter + 1: null

2018-12-13 12:55:46 - [TEST_STEP][PASSED] - Statement - PreSaveFile = new java.io.File(((pathPrefix + java.lang.Integer.toString(counter)) + .png)): null

2018-12-13 12:55:46 - [TEST_STEP][PASSED] - Statement - counter = counter + 1: null

2018-12-13 12:55:46 - [TEST_STEP][PASSED] - Statement - PreSaveFile = new java.io.File(((pathPrefix + java.lang.Integer.toString(counter)) + .png)): null

2018-12-13 12:55:46 - [TEST_STEP][PASSED] - Statement - counter = counter + 1: null

2018-12-13 12:55:46 - [TEST_STEP][PASSED] - Statement - PreSaveFile = new java.io.File(((pathPrefix + java.lang.Integer.toString(counter)) + .png)): null

2018-12-13 12:55:46 - [TEST_STEP][PASSED] - Statement - counter = counter + 1: null

2018-12-13 12:55:46 - [TEST_STEP][PASSED] - Statement - PreSaveFile = new java.io.File(((pathPrefix + java.lang.Integer.toString(counter)) + .png)): null

2018-12-13 12:55:46 - [TEST_STEP][PASSED] - Statement - counter = counter + 1: null

2018-12-13 12:55:46 - [TEST_STEP][PASSED] - Statement - PreSaveFile = new java.io.File(((pathPrefix + java.lang.Integer.toString(counter)) + .png)): null

2018-12-13 12:55:46 - [TEST_STEP][PASSED] - Statement - counter = counter + 1: null

2018-12-13 12:55:46 - [TEST_STEP][PASSED] - Statement - PreSaveFile = new java.io.File(((pathPrefix + java.lang.Integer.toString(counter)) + .png)): null

2018-12-13 12:55:46 - [TEST_STEP][PASSED] - Statement - counter = counter + 1: null

2018-12-13 12:55:46 - [TEST_STEP][PASSED] - Statement - PreSaveFile = new java.io.File(((pathPrefix + java.lang.Integer.toString(counter)) + .png)): null

2018-12-13 12:55:46 - [TEST_STEP][PASSED] - Statement - counter = counter + 1: null

2018-12-13 12:55:46 - [TEST_STEP][PASSED] - Statement - PreSaveFile = new java.io.File(((pathPrefix + java.lang.Integer.toString(counter)) + .png)): null

2018-12-13 12:55:46 - [TEST_STEP][PASSED] - Statement - counter = counter + 1: null

2018-12-13 12:55:46 - [TEST_STEP][PASSED] - Statement - PreSaveFile = new java.io.File(((pathPrefix + java.lang.Integer.toString(counter)) + .png)): null

2018-12-13 12:55:46 - [TEST_STEP][PASSED] - Statement - counter = counter + 1: null

2018-12-13 12:55:46 - [TEST_STEP][PASSED] - Statement - PreSaveFile = new java.io.File(((pathPrefix + java.lang.Integer.toString(counter)) + .png)): null

2018-12-13 12:55:46 - [TEST_STEP][PASSED] - Statement - counter = counter + 1: null

2018-12-13 12:55:46 - [TEST_STEP][PASSED] - Statement - PreSaveFile = new java.io.File(((pathPrefix + java.lang.Integer.toString(counter)) + .png)): null

2018-12-13 12:55:46 - [TEST_STEP][PASSED] - Statement - counter = counter + 1: null

2018-12-13 12:55:46 - [TEST_STEP][PASSED] - Statement - PreSaveFile = new java.io.File(((pathPrefix + java.lang.Integer.toString(counter)) + .png)): null

2018-12-13 12:55:46 - [TEST_STEP][PASSED] - Statement - counter = counter + 1: null

2018-12-13 12:55:46 - [TEST_STEP][PASSED] - Statement - PreSaveFile = new java.io.File(((pathPrefix + java.lang.Integer.toString(counter)) + .png)): null

2018-12-13 12:55:46 - [TEST_STEP][PASSED] - Statement - counter = counter + 1: null

2018-12-13 12:55:46 - [TEST_STEP][PASSED] - Statement - PreSaveFile = new java.io.File(((pathPrefix + java.lang.Integer.toString(counter)) + .png)): null

2018-12-13 12:55:46 - [TEST_STEP][PASSED] - Statement - counter = counter + 1: null

2018-12-13 12:55:46 - [TEST_STEP][PASSED] - Statement - PreSaveFile = new java.io.File(((pathPrefix + java.lang.Integer.toString(counter)) + .png)): null

2018-12-13 12:55:46 - [TEST_STEP][PASSED] - Statement - counter = counter + 1: null

2018-12-13 12:55:46 - [TEST_STEP][PASSED] - Statement - PreSaveFile = new java.io.File(((pathPrefix + java.lang.Integer.toString(counter)) + .png)): null

2018-12-13 12:55:46 - [TEST_STEP][PASSED] - Statement - counter = counter + 1: null

2018-12-13 12:55:46 - [TEST_STEP][PASSED] - Statement - PreSaveFile = new java.io.File(((pathPrefix + java.lang.Integer.toString(counter)) + .png)): null

2018-12-13 12:55:46 - [TEST_STEP][PASSED] - Statement - counter = counter + 1: null

2018-12-13 12:55:46 - [TEST_STEP][PASSED] - Statement - PreSaveFile = new java.io.File(((pathPrefix + java.lang.Integer.toString(counter)) + .png)): null

2018-12-13 12:55:46 - [TEST_STEP][PASSED] - Statement - counter = counter + 1: null

2018-12-13 12:55:46 - [TEST_STEP][PASSED] - Statement - PreSaveFile = new java.io.File(((pathPrefix + java.lang.Integer.toString(counter)) + .png)): null

2018-12-13 12:55:46 - [TEST_STEP][PASSED] - Statement - counter = counter + 1: null

2018-12-13 12:55:46 - [TEST_STEP][PASSED] - Statement - PreSaveFile = new java.io.File(((pathPrefix + java.lang.Integer.toString(counter)) + .png)): null

2018-12-13 12:55:46 - [TEST_STEP][PASSED] - Statement - counter = counter + 1: null

2018-12-13 12:55:46 - [TEST_STEP][PASSED] - Statement - PreSaveFile = new java.io.File(((pathPrefix + java.lang.Integer.toString(counter)) + .png)): null

2018-12-13 12:55:46 - [TEST_STEP][PASSED] - Statement - counter = counter + 1: null

2018-12-13 12:55:46 - [TEST_STEP][PASSED] - Statement - PreSaveFile = new java.io.File(((pathPrefix + java.lang.Integer.toString(counter)) + .png)): null

2018-12-13 12:55:46 - [TEST_STEP][PASSED] - Statement - counter = counter + 1: null

2018-12-13 12:55:46 - [TEST_STEP][PASSED] - Statement - PreSaveFile = new java.io.File(((pathPrefix + java.lang.Integer.toString(counter)) + .png)): null

2018-12-13 12:55:46 - [TEST_STEP][PASSED] - Statement - counter = counter + 1: null

2018-12-13 12:55:46 - [TEST_STEP][PASSED] - Statement - PreSaveFile = new java.io.File(((pathPrefix + java.lang.Integer.toString(counter)) + .png)): null

2018-12-13 12:55:46 - [TEST_STEP][PASSED] - Statement - counter = counter + 1: null

2018-12-13 12:55:46 - [TEST_STEP][PASSED] - Statement - PreSaveFile = new java.io.File(((pathPrefix + java.lang.Integer.toString(counter)) + .png)): null

2018-12-13 12:55:46 - [TEST_STEP][PASSED] - Statement - counter = counter + 1: null

2018-12-13 12:55:46 - [TEST_STEP][PASSED] - Statement - PreSaveFile = new java.io.File(((pathPrefix + java.lang.Integer.toString(counter)) + .png)): null

2018-12-13 12:55:46 - [TEST_STEP][PASSED] - Statement - counter = counter + 1: null

2018-12-13 12:55:46 - [TEST_STEP][PASSED] - Statement - PreSaveFile = new java.io.File(((pathPrefix + java.lang.Integer.toString(counter)) + .png)): null

2018-12-13 12:55:46 - [TEST_STEP][PASSED] - Statement - counter = counter + 1: null

2018-12-13 12:55:46 - [TEST_STEP][PASSED] - Statement - PreSaveFile = new java.io.File(((pathPrefix + java.lang.Integer.toString(counter)) + .png)): null

2018-12-13 12:55:46 - [TEST_STEP][PASSED] - Statement - counter = counter + 1: null

2018-12-13 12:55:46 - [TEST_STEP][PASSED] - Statement - PreSaveFile = new java.io.File(((pathPrefix + java.lang.Integer.toString(counter)) + .png)): null

2018-12-13 12:55:46 - [TEST_STEP][PASSED] - Statement - counter = counter + 1: null

2018-12-13 12:55:46 - [TEST_STEP][PASSED] - Statement - PreSaveFile = new java.io.File(((pathPrefix + java.lang.Integer.toString(counter)) + .png)): null

2018-12-13 12:55:46 - [TEST_STEP][PASSED] - Statement - counter = counter + 1: null

2018-12-13 12:55:46 - [TEST_STEP][PASSED] - Statement - PreSaveFile = new java.io.File(((pathPrefix + java.lang.Integer.toString(counter)) + .png)): null

2018-12-13 12:55:46 - [TEST_STEP][PASSED] - Statement - counter = counter + 1: null

2018-12-13 12:55:46 - [TEST_STEP][PASSED] - Statement - PreSaveFile = new java.io.File(((pathPrefix + java.lang.Integer.toString(counter)) + .png)): null

2018-12-13 12:55:46 - [TEST_STEP][PASSED] - Statement - counter = counter + 1: null

2018-12-13 12:55:46 - [TEST_STEP][PASSED] - Statement - PreSaveFile = new java.io.File(((pathPrefix + java.lang.Integer.toString(counter)) + .png)): null

2018-12-13 12:55:46 - [TEST_STEP][PASSED] - Statement - counter = counter + 1: null

2018-12-13 12:55:46 - [TEST_STEP][PASSED] - Statement - PreSaveFile = new java.io.File(((pathPrefix + java.lang.Integer.toString(counter)) + .png)): null

2018-12-13 12:55:46 - [TEST_STEP][PASSED] - Statement - counter = counter + 1: null

2018-12-13 12:55:46 - [TEST_STEP][PASSED] - Statement - PreSaveFile = new java.io.File(((pathPrefix + java.lang.Integer.toString(counter)) + .png)): null

2018-12-13 12:55:46 - [TEST_STEP][PASSED] - Statement - counter = counter + 1: null

2018-12-13 12:55:46 - [TEST_STEP][PASSED] - Statement - PreSaveFile = new java.io.File(((pathPrefix + java.lang.Integer.toString(counter)) + .png)): null

2018-12-13 12:55:46 - [TEST_STEP][PASSED] - Statement - counter = counter + 1: null

2018-12-13 12:55:46 - [TEST_STEP][PASSED] - Statement - PreSaveFile = new java.io.File(((pathPrefix + java.lang.Integer.toString(counter)) + .png)): null

2018-12-13 12:55:46 - [TEST_STEP][PASSED] - Statement - counter = counter + 1: null

2018-12-13 12:55:46 - [TEST_STEP][PASSED] - Statement - PreSaveFile = new java.io.File(((pathPrefix + java.lang.Integer.toString(counter)) + .png)): null

2018-12-13 12:55:46 - [TEST_STEP][PASSED] - Statement - counter = counter + 1: null

2018-12-13 12:55:46 - [TEST_STEP][PASSED] - Statement - PreSaveFile = new java.io.File(((pathPrefix + java.lang.Integer.toString(counter)) + .png)): null

2018-12-13 12:55:46 - [TEST_STEP][PASSED] - Statement - counter = counter + 1: null

2018-12-13 12:55:46 - [TEST_STEP][PASSED] - Statement - PreSaveFile = new java.io.File(((pathPrefix + java.lang.Integer.toString(counter)) + .png)): null

2018-12-13 12:55:46 - [TEST_STEP][PASSED] - Statement - counter = counter + 1: null

2018-12-13 12:55:46 - [TEST_STEP][PASSED] - Statement - PreSaveFile = new java.io.File(((pathPrefix + java.lang.Integer.toString(counter)) + .png)): null

2018-12-13 12:55:46 - [TEST_STEP][PASSED] - Statement - counter = counter + 1: null

2018-12-13 12:55:46 - [TEST_STEP][PASSED] - Statement - PreSaveFile = new java.io.File(((pathPrefix + java.lang.Integer.toString(counter)) + .png)): null

2018-12-13 12:55:46 - [TEST_STEP][PASSED] - Statement - counter = counter + 1: null

2018-12-13 12:55:46 - [TEST_STEP][PASSED] - Statement - PreSaveFile = new java.io.File(((pathPrefix + java.lang.Integer.toString(counter)) + .png)): null

2018-12-13 12:55:46 - [TEST_STEP][PASSED] - Statement - counter = counter + 1: null

2018-12-13 12:55:46 - [TEST_STEP][PASSED] - Statement - PreSaveFile = new java.io.File(((pathPrefix + java.lang.Integer.toString(counter)) + .png)): null

2018-12-13 12:55:46 - [TEST_STEP][PASSED] - Statement - counter = counter + 1: null

2018-12-13 12:55:46 - [TEST_STEP][PASSED] - Statement - PreSaveFile = new java.io.File(((pathPrefix + java.lang.Integer.toString(counter)) + .png)): null

2018-12-13 12:55:46 - [TEST_STEP][PASSED] - Statement - counter = counter + 1: null

2018-12-13 12:55:46 - [TEST_STEP][PASSED] - Statement - PreSaveFile = new java.io.File(((pathPrefix + java.lang.Integer.toString(counter)) + .png)): null

2018-12-13 12:55:46 - [TEST_STEP][PASSED] - Statement - counter = counter + 1: null

2018-12-13 12:55:46 - [TEST_STEP][PASSED] - Statement - PreSaveFile = new java.io.File(((pathPrefix + java.lang.Integer.toString(counter)) + .png)): null

2018-12-13 12:55:46 - [TEST_STEP][PASSED] - Statement - counter = counter + 1: null

2018-12-13 12:55:46 - [TEST_STEP][PASSED] - Statement - PreSaveFile = new java.io.File(((pathPrefix + java.lang.Integer.toString(counter)) + .png)): null

2018-12-13 12:55:46 - [TEST_STEP][PASSED] - Statement - counter = counter + 1: null

2018-12-13 12:55:46 - [TEST_STEP][PASSED] - Statement - PreSaveFile = new java.io.File(((pathPrefix + java.lang.Integer.toString(counter)) + .png)): null

2018-12-13 12:55:46 - [TEST_STEP][PASSED] - Statement - counter = counter + 1: null

2018-12-13 12:55:46 - [TEST_STEP][PASSED] - Statement - PreSaveFile = new java.io.File(((pathPrefix + java.lang.Integer.toString(counter)) + .png)): null

2018-12-13 12:55:46 - [TEST_STEP][PASSED] - Statement - counter = counter + 1: null

2018-12-13 12:55:46 - [TEST_STEP][PASSED] - Statement - PreSaveFile = new java.io.File(((pathPrefix + java.lang.Integer.toString(counter)) + .png)): null

2018-12-13 12:55:46 - [TEST_STEP][PASSED] - Statement - counter = counter + 1: null

2018-12-13 12:55:46 - [TEST_STEP][PASSED] - Statement - PreSaveFile = new java.io.File(((pathPrefix + java.lang.Integer.toString(counter)) + .png)): null

2018-12-13 12:55:46 - [TEST_STEP][PASSED] - Statement - counter = counter + 1: null

2018-12-13 12:55:46 - [TEST_STEP][PASSED] - Statement - PreSaveFile = new java.io.File(((pathPrefix + java.lang.Integer.toString(counter)) + .png)): null

2018-12-13 12:55:46 - [TEST_STEP][PASSED] - Statement - counter = counter + 1: null

2018-12-13 12:55:46 - [TEST_STEP][PASSED] - Statement - PreSaveFile = new java.io.File(((pathPrefix + java.lang.Integer.toString(counter)) + .png)): null

2018-12-13 12:55:46 - [TEST_STEP][PASSED] - Statement - counter = counter + 1: null

2018-12-13 12:55:46 - [TEST_STEP][PASSED] - Statement - PreSaveFile = new java.io.File(((pathPrefix + java.lang.Integer.toString(counter)) + .png)): null

2018-12-13 12:55:46 - [TEST_STEP][PASSED] - Statement - counter = counter + 1: null

2018-12-13 12:55:46 - [TEST_STEP][PASSED] - Statement - PreSaveFile = new java.io.File(((pathPrefix + java.lang.Integer.toString(counter)) + .png)): null

2018-12-13 12:55:46 - [TEST_STEP][PASSED] - Statement - counter = counter + 1: null

2018-12-13 12:55:46 - [TEST_STEP][PASSED] - Statement - PreSaveFile = new java.io.File(((pathPrefix + java.lang.Integer.toString(counter)) + .png)): null

2018-12-13 12:55:46 - [TEST_STEP][PASSED] - Statement - counter = counter + 1: null

2018-12-13 12:55:46 - [TEST_STEP][PASSED] - Statement - PreSaveFile = new java.io.File(((pathPrefix + java.lang.Integer.toString(counter)) + .png)): null

2018-12-13 12:55:46 - [TEST_STEP][PASSED] - Statement - counter = counter + 1: null

2018-12-13 12:55:46 - [TEST_STEP][PASSED] - Statement - PreSaveFile = new java.io.File(((pathPrefix + java.lang.Integer.toString(counter)) + .png)): null

2018-12-13 12:55:46 - [TEST_STEP][PASSED] - Statement - counter = counter + 1: null

2018-12-13 12:55:46 - [TEST_STEP][PASSED] - Statement - PreSaveFile = new java.io.File(((pathPrefix + java.lang.Integer.toString(counter)) + .png)): null

2018-12-13 12:55:46 - [TEST_STEP][PASSED] - Statement - counter = counter + 1: null

2018-12-13 12:55:46 - [TEST_STEP][PASSED] - Statement - PreSaveFile = new java.io.File(((pathPrefix + java.lang.Integer.toString(counter)) + .png)): null

2018-12-13 12:55:46 - [TEST_STEP][PASSED] - Statement - counter = counter + 1: null

2018-12-13 12:55:46 - [TEST_STEP][PASSED] - Statement - PreSaveFile = new java.io.File(((pathPrefix + java.lang.Integer.toString(counter)) + .png)): null

2018-12-13 12:55:46 - [TEST_STEP][PASSED] - Statement - counter = counter + 1: null

2018-12-13 12:55:46 - [TEST_STEP][PASSED] - Statement - PreSaveFile = new java.io.File(((pathPrefix + java.lang.Integer.toString(counter)) + .png)): null

2018-12-13 12:55:46 - [TEST_STEP][PASSED] - Statement - counter = counter + 1: null

2018-12-13 12:55:46 - [TEST_STEP][PASSED] - Statement - PreSaveFile = new java.io.File(((pathPrefix + java.lang.Integer.toString(counter)) + .png)): null

2018-12-13 12:55:46 - [TEST_STEP][PASSED] - Statement - counter = counter + 1: null

2018-12-13 12:55:46 - [TEST_STEP][PASSED] - Statement - PreSaveFile = new java.io.File(((pathPrefix + java.lang.Integer.toString(counter)) + .png)): null

2018-12-13 12:55:46 - [TEST_STEP][PASSED] - Statement - counter = counter + 1: null

2018-12-13 12:55:46 - [TEST_STEP][PASSED] - Statement - PreSaveFile = new java.io.File(((pathPrefix + java.lang.Integer.toString(counter)) + .png)): null

2018-12-13 12:55:46 - [TEST_STEP][PASSED] - Statement - counter = counter + 1: null

2018-12-13 12:55:46 - [TEST_STEP][PASSED] - Statement - PreSaveFile = new java.io.File(((pathPrefix + java.lang.Integer.toString(counter)) + .png)): null

2018-12-13 12:55:46 - [TEST_STEP][PASSED] - Statement - counter = counter + 1: null

2018-12-13 12:55:46 - [TEST_STEP][PASSED] - Statement - PreSaveFile = new java.io.File(((pathPrefix + java.lang.Integer.toString(counter)) + .png)): null

2018-12-13 12:55:46 - [TEST_STEP][PASSED] - Statement - counter = counter + 1: null

2018-12-13 12:55:46 - [TEST_STEP][PASSED] - Statement - PreSaveFile = new java.io.File(((pathPrefix + java.lang.Integer.toString(counter)) + .png)): null

2018-12-13 12:55:46 - [TEST_STEP][PASSED] - Statement - counter = counter + 1: null

2018-12-13 12:55:46 - [TEST_STEP][PASSED] - Statement - PreSaveFile = new java.io.File(((pathPrefix + java.lang.Integer.toString(counter)) + .png)): null

2018-12-13 12:55:46 - [TEST_STEP][PASSED] - Statement - counter = counter + 1: null

2018-12-13 12:55:46 - [TEST_STEP][PASSED] - Statement - PreSaveFile = new java.io.File(((pathPrefix + java.lang.Integer.toString(counter)) + .png)): null

2018-12-13 12:55:46 - [TEST_STEP][PASSED] - Statement - counter = counter + 1: null

2018-12-13 12:55:46 - [TEST_STEP][PASSED] - Statement - PreSaveFile = new java.io.File(((pathPrefix + java.lang.Integer.toString(counter)) + .png)): null

2018-12-13 12:55:46 - [TEST_STEP][PASSED] - Statement - counter = counter + 1: null

2018-12-13 12:55:46 - [TEST_STEP][PASSED] - Statement - PreSaveFile = new java.io.File(((pathPrefix + java.lang.Integer.toString(counter)) + .png)): null

2018-12-13 12:55:46 - [TEST_STEP][PASSED] - Statement - counter = counter + 1: null

2018-12-13 12:55:46 - [TEST_STEP][PASSED] - Statement - PreSaveFile = new java.io.File(((pathPrefix + java.lang.Integer.toString(counter)) + .png)): null

2018-12-13 12:55:46 - [TEST_STEP][PASSED] - Statement - counter = counter + 1: null

2018-12-13 12:55:46 - [TEST_STEP][PASSED] - Statement - PreSaveFile = new java.io.File(((pathPrefix + java.lang.Integer.toString(counter)) + .png)): null

2018-12-13 12:55:46 - [TEST_STEP][PASSED] - Statement - counter = counter + 1: null

2018-12-13 12:55:46 - [TEST_STEP][PASSED] - Statement - PreSaveFile = new java.io.File(((pathPrefix + java.lang.Integer.toString(counter)) + .png)): null

2018-12-13 12:55:46 - [TEST_STEP][PASSED] - Statement - counter = counter + 1: null

2018-12-13 12:55:46 - [TEST_STEP][PASSED] - Statement - PreSaveFile = new java.io.File(((pathPrefix + java.lang.Integer.toString(counter)) + .png)): null

2018-12-13 12:55:46 - [TEST_STEP][PASSED] - Statement - counter = counter + 1: null

2018-12-13 12:55:46 - [TEST_STEP][PASSED] - Statement - PreSaveFile = new java.io.File(((pathPrefix + java.lang.Integer.toString(counter)) + .png)): null

2018-12-13 12:55:46 - [TEST_STEP][PASSED] - Statement - counter = counter + 1: null

2018-12-13 12:55:46 - [TEST_STEP][PASSED] - Statement - PreSaveFile = new java.io.File(((pathPrefix + java.lang.Integer.toString(counter)) + .png)): null

2018-12-13 12:55:46 - [TEST_STEP][PASSED] - Statement - counter = counter + 1: null

2018-12-13 12:55:46 - [TEST_STEP][PASSED] - Statement - PreSaveFile = new java.io.File(((pathPrefix + java.lang.Integer.toString(counter)) + .png)): null

2018-12-13 12:55:46 - [TEST_STEP][PASSED] - Statement - counter = counter + 1: null

2018-12-13 12:55:46 - [TEST_STEP][PASSED] - Statement - PreSaveFile = new java.io.File(((pathPrefix + java.lang.Integer.toString(counter)) + .png)): null

2018-12-13 12:55:46 - [TEST_STEP][PASSED] - Statement - counter = counter + 1: null

2018-12-13 12:55:46 - [TEST_STEP][PASSED] - Statement - PreSaveFile = new java.io.File(((pathPrefix + java.lang.Integer.toString(counter)) + .png)): null

2018-12-13 12:55:46 - [TEST_STEP][PASSED] - Statement - counter = counter + 1: null

2018-12-13 12:55:46 - [TEST_STEP][PASSED] - Statement - PreSaveFile = new java.io.File(((pathPrefix + java.lang.Integer.toString(counter)) + .png)): null

2018-12-13 12:55:46 - [TEST_STEP][PASSED] - Statement - counter = counter + 1: null

2018-12-13 12:55:46 - [TEST_STEP][PASSED] - Statement - PreSaveFile = new java.io.File(((pathPrefix + java.lang.Integer.toString(counter)) + .png)): null

2018-12-13 12:55:46 - [TEST_STEP][PASSED] - Statement - counter = counter + 1: null

2018-12-13 12:55:46 - [TEST_STEP][PASSED] - Statement - PreSaveFile = new java.io.File(((pathPrefix + java.lang.Integer.toString(counter)) + .png)): null

2018-12-13 12:55:46 - [TEST_STEP][PASSED] - Statement - counter = counter + 1: null

2018-12-13 12:55:46 - [TEST_STEP][PASSED] - Statement - PreSaveFile = new java.io.File(((pathPrefix + java.lang.Integer.toString(counter)) + .png)): null

2018-12-13 12:55:46 - [TEST_STEP][PASSED] - Statement - counter = counter + 1: null

2018-12-13 12:55:46 - [TEST_STEP][PASSED] - Statement - PreSaveFile = new java.io.File(((pathPrefix + java.lang.Integer.toString(counter)) + .png)): null

2018-12-13 12:55:46 - [TEST_STEP][PASSED] - Statement - counter = counter + 1: null

2018-12-13 12:55:46 - [TEST_STEP][PASSED] - Statement - PreSaveFile = new java.io.File(((pathPrefix + java.lang.Integer.toString(counter)) + .png)): null

2018-12-13 12:55:46 - [TEST_STEP][PASSED] - Statement - counter = counter + 1: null

2018-12-13 12:55:46 - [TEST_STEP][PASSED] - Statement - PreSaveFile = new java.io.File(((pathPrefix + java.lang.Integer.toString(counter)) + .png)): null

2018-12-13 12:55:46 - [TEST_STEP][PASSED] - Statement - counter = counter + 1: null

2018-12-13 12:55:46 - [TEST_STEP][PASSED] - Statement - PreSaveFile = new java.io.File(((pathPrefix + java.lang.Integer.toString(counter)) + .png)): null

2018-12-13 12:55:46 - [TEST_STEP][PASSED] - Statement - counter = counter + 1: null

2018-12-13 12:55:46 - [TEST_STEP][PASSED] - Statement - PreSaveFile = new java.io.File(((pathPrefix + java.lang.Integer.toString(counter)) + .png)): null

2018-12-13 12:55:46 - [TEST_STEP][PASSED] - Statement - counter = counter + 1: null

2018-12-13 12:55:46 - [TEST_STEP][PASSED] - Statement - PreSaveFile = new java.io.File(((pathPrefix + java.lang.Integer.toString(counter)) + .png)): null

2018-12-13 12:55:46 - [TEST_STEP][PASSED] - Statement - counter = counter + 1: null

2018-12-13 12:55:46 - [TEST_STEP][PASSED] - Statement - PreSaveFile = new java.io.File(((pathPrefix + java.lang.Integer.toString(counter)) + .png)): null

2018-12-13 12:55:46 - [TEST_STEP][PASSED] - Statement - counter = counter + 1: null

2018-12-13 12:55:46 - [TEST_STEP][PASSED] - Statement - PreSaveFile = new java.io.File(((pathPrefix + java.lang.Integer.toString(counter)) + .png)): null

2018-12-13 12:55:46 - [TEST_STEP][PASSED] - Statement - counter = counter + 1: null

2018-12-13 12:55:46 - [TEST_STEP][PASSED] - Statement - PreSaveFile = new java.io.File(((pathPrefix + java.lang.Integer.toString(counter)) + .png)): null

2018-12-13 12:55:46 - [TEST_STEP][PASSED] - Statement - counter = counter + 1: null

2018-12-13 12:55:46 - [TEST_STEP][PASSED] - Statement - PreSaveFile = new java.io.File(((pathPrefix + java.lang.Integer.toString(counter)) + .png)): null

2018-12-13 12:55:46 - [TEST_STEP][PASSED] - Statement - counter = counter + 1: null

2018-12-13 12:55:46 - [TEST_STEP][PASSED] - Statement - PreSaveFile = new java.io.File(((pathPrefix + java.lang.Integer.toString(counter)) + .png)): null

2018-12-13 12:55:46 - [TEST_STEP][PASSED] - Statement - counter = counter + 1: null

2018-12-13 12:55:46 - [TEST_STEP][PASSED] - Statement - PreSaveFile = new java.io.File(((pathPrefix + java.lang.Integer.toString(counter)) + .png)): null

2018-12-13 12:55:46 - [TEST_STEP][PASSED] - Statement - counter = counter + 1: null

2018-12-13 12:55:46 - [TEST_STEP][PASSED] - Statement - PreSaveFile = new java.io.File(((pathPrefix + java.lang.Integer.toString(counter)) + .png)): null

2018-12-13 12:55:46 - [TEST_STEP][PASSED] - Statement - counter = counter + 1: null

2018-12-13 12:55:46 - [TEST_STEP][PASSED] - Statement - PreSaveFile = new java.io.File(((pathPrefix + java.lang.Integer.toString(counter)) + .png)): null

2018-12-13 12:55:46 - [TEST_STEP][PASSED] - Statement - counter = counter + 1: null

2018-12-13 12:55:46 - [TEST_STEP][PASSED] - Statement - PreSaveFile = new java.io.File(((pathPrefix + java.lang.Integer.toString(counter)) + .png)): null

2018-12-13 12:55:46 - [TEST_STEP][PASSED] - Statement - counter = counter + 1: null

2018-12-13 12:55:46 - [TEST_STEP][PASSED] - Statement - PreSaveFile = new java.io.File(((pathPrefix + java.lang.Integer.toString(counter)) + .png)): null

2018-12-13 12:55:46 - [TEST_STEP][PASSED] - Statement - counter = counter + 1: null

2018-12-13 12:55:46 - [TEST_STEP][PASSED] - Statement - PreSaveFile = new java.io.File(((pathPrefix + java.lang.Integer.toString(counter)) + .png)): null

2018-12-13 12:55:46 - [TEST_STEP][PASSED] - Statement - counter = counter + 1: null

2018-12-13 12:55:46 - [TEST_STEP][PASSED] - Statement - PreSaveFile = new java.io.File(((pathPrefix + java.lang.Integer.toString(counter)) + .png)): null

2018-12-13 12:55:46 - [TEST_STEP][PASSED] - Statement - counter = counter + 1: null

2018-12-13 12:55:46 - [TEST_STEP][PASSED] - Statement - PreSaveFile = new java.io.File(((pathPrefix + java.lang.Integer.toString(counter)) + .png)): null

2018-12-13 12:55:46 - [TEST_STEP][PASSED] - Statement - counter = counter + 1: null

2018-12-13 12:55:46 - [TEST_STEP][PASSED] - Statement - PreSaveFile = new java.io.File(((pathPrefix + java.lang.Integer.toString(counter)) + .png)): null

2018-12-13 12:55:46 - [TEST_STEP][PASSED] - Statement - counter = counter + 1: null

2018-12-13 12:55:46 - [TEST_STEP][PASSED] - Statement - PreSaveFile = new java.io.File(((pathPrefix + java.lang.Integer.toString(counter)) + .png)): null

2018-12-13 12:55:46 - [TEST_STEP][PASSED] - Statement - counter = counter + 1: null

2018-12-13 12:55:46 - [TEST_STEP][PASSED] - Statement - PreSaveFile = new java.io.File(((pathPrefix + java.lang.Integer.toString(counter)) + .png)): null

2018-12-13 12:55:46 - [TEST_STEP][PASSED] - Statement - counter = counter + 1: null

2018-12-13 12:55:46 - [TEST_STEP][PASSED] - Statement - PreSaveFile = new java.io.File(((pathPrefix + java.lang.Integer.toString(counter)) + .png)): null

2018-12-13 12:55:46 - [TEST_STEP][PASSED] - Statement - counter = counter + 1: null

2018-12-13 12:55:46 - [TEST_STEP][PASSED] - Statement - PreSaveFile = new java.io.File(((pathPrefix + java.lang.Integer.toString(counter)) + .png)): null

2018-12-13 12:55:46 - [TEST_STEP][PASSED] - Statement - counter = counter + 1: null

2018-12-13 12:55:46 - [TEST_STEP][PASSED] - Statement - PreSaveFile = new java.io.File(((pathPrefix + java.lang.Integer.toString(counter)) + .png)): null

2018-12-13 12:55:46 - [TEST_STEP][PASSED] - Statement - counter = counter + 1: null

2018-12-13 12:55:46 - [TEST_STEP][PASSED] - Statement - PreSaveFile = new java.io.File(((pathPrefix + java.lang.Integer.toString(counter)) + .png)): null

2018-12-13 12:55:46 - [TEST_STEP][PASSED] - Statement - counter = counter + 1: null

2018-12-13 12:55:46 - [TEST_STEP][PASSED] - Statement - PreSaveFile = new java.io.File(((pathPrefix + java.lang.Integer.toString(counter)) + .png)): null

2018-12-13 12:55:46 - [TEST_STEP][PASSED] - Statement - counter = counter + 1: null

2018-12-13 12:55:46 - [TEST_STEP][PASSED] - Statement - PreSaveFile = new java.io.File(((pathPrefix + java.lang.Integer.toString(counter)) + .png)): null

2018-12-13 12:55:46 - [TEST_STEP][PASSED] - Statement - counter = counter + 1: null

2018-12-13 12:55:46 - [TEST_STEP][PASSED] - Statement - PreSaveFile = new java.io.File(((pathPrefix + java.lang.Integer.toString(counter)) + .png)): null

2018-12-13 12:55:46 - [TEST_STEP][PASSED] - Statement - counter = counter + 1: null

2018-12-13 12:55:46 - [TEST_STEP][PASSED] - Statement - PreSaveFile = new java.io.File(((pathPrefix + java.lang.Integer.toString(counter)) + .png)): null

2018-12-13 12:55:46 - [TEST_STEP][PASSED] - Statement - counter = counter + 1: null

2018-12-13 12:55:46 - [TEST_STEP][PASSED] - Statement - PreSaveFile = new java.io.File(((pathPrefix + java.lang.Integer.toString(counter)) + .png)): null

2018-12-13 12:55:46 - [TEST_STEP][PASSED] - Statement - counter = counter + 1: null

2018-12-13 12:55:46 - [TEST_STEP][PASSED] - Statement - PreSaveFile = new java.io.File(((pathPrefix + java.lang.Integer.toString(counter)) + .png)): null

2018-12-13 12:55:46 - [TEST_STEP][PASSED] - Statement - counter = counter + 1: null

2018-12-13 12:55:46 - [TEST_STEP][PASSED] - Statement - PreSaveFile = new java.io.File(((pathPrefix + java.lang.Integer.toString(counter)) + .png)): null

2018-12-13 12:55:46 - [TEST_STEP][PASSED] - Statement - counter = counter + 1: null

2018-12-13 12:55:46 - [TEST_STEP][PASSED] - Statement - PreSaveFile = new java.io.File(((pathPrefix + java.lang.Integer.toString(counter)) + .png)): null

2018-12-13 12:55:46 - [TEST_STEP][PASSED] - Statement - counter = counter + 1: null

2018-12-13 12:55:46 - [TEST_STEP][PASSED] - Statement - PreSaveFile = new java.io.File(((pathPrefix + java.lang.Integer.toString(counter)) + .png)): null

2018-12-13 12:55:46 - [TEST_STEP][PASSED] - Statement - counter = counter + 1: null

2018-12-13 12:55:46 - [TEST_STEP][PASSED] - Statement - PreSaveFile = new java.io.File(((pathPrefix + java.lang.Integer.toString(counter)) + .png)): null

2018-12-13 12:55:46 - [TEST_STEP][PASSED] - Statement - counter = counter + 1: null

2018-12-13 12:55:46 - [TEST_STEP][PASSED] - Statement - PreSaveFile = new java.io.File(((pathPrefix + java.lang.Integer.toString(counter)) + .png)): null

2018-12-13 12:55:46 - [TEST_STEP][PASSED] - Statement - counter = counter + 1: null

2018-12-13 12:55:46 - [TEST_STEP][PASSED] - Statement - PreSaveFile = new java.io.File(((pathPrefix + java.lang.Integer.toString(counter)) + .png)): null

2018-12-13 12:55:46 - [TEST_STEP][PASSED] - Statement - counter = counter + 1: null

2018-12-13 12:55:46 - [TEST_STEP][PASSED] - Statement - PreSaveFile = new java.io.File(((pathPrefix + java.lang.Integer.toString(counter)) + .png)): null

2018-12-13 12:55:46 - [TEST_STEP][PASSED] - Statement - counter = counter + 1: null

2018-12-13 12:55:46 - [TEST_STEP][PASSED] - Statement - PreSaveFile = new java.io.File(((pathPrefix + java.lang.Integer.toString(counter)) + .png)): null

2018-12-13 12:55:46 - [TEST_STEP][PASSED] - Statement - counter = counter + 1: null

2018-12-13 12:55:46 - [TEST_STEP][PASSED] - Statement - PreSaveFile = new java.io.File(((pathPrefix + java.lang.Integer.toString(counter)) + .png)): null

2018-12-13 12:55:46 - [TEST_STEP][PASSED] - Statement - counter = counter + 1: null

2018-12-13 12:55:46 - [TEST_STEP][PASSED] - Statement - PreSaveFile = new java.io.File(((pathPrefix + java.lang.Integer.toString(counter)) + .png)): null

2018-12-13 12:55:46 - [TEST_STEP][PASSED] - Statement - counter = counter + 1: null

2018-12-13 12:55:46 - [TEST_STEP][PASSED] - Statement - PreSaveFile = new java.io.File(((pathPrefix + java.lang.Integer.toString(counter)) + .png)): null

2018-12-13 12:55:46 - [TEST_STEP][PASSED] - Statement - counter = counter + 1: null

2018-12-13 12:55:46 - [TEST_STEP][PASSED] - Statement - PreSaveFile = new java.io.File(((pathPrefix + java.lang.Integer.toString(counter)) + .png)): null

2018-12-13 12:55:46 - [TEST_STEP][PASSED] - Statement - counter = counter + 1: null

2018-12-13 12:55:46 - [TEST_STEP][PASSED] - Statement - PreSaveFile = new java.io.File(((pathPrefix + java.lang.Integer.toString(counter)) + .png)): null

2018-12-13 12:55:46 - [TEST_STEP][PASSED] - Statement - counter = counter + 1: null

2018-12-13 12:55:46 - [TEST_STEP][PASSED] - Statement - PreSaveFile = new java.io.File(((pathPrefix + java.lang.Integer.toString(counter)) + .png)): null

2018-12-13 12:55:46 - [TEST_STEP][PASSED] - Statement - counter = counter + 1: null

2018-12-13 12:55:46 - [TEST_STEP][PASSED] - Statement - PreSaveFile = new java.io.File(((pathPrefix + java.lang.Integer.toString(counter)) + .png)): null

2018-12-13 12:55:46 - [TEST_STEP][PASSED] - Statement - counter = counter + 1: null

2018-12-13 12:55:46 - [TEST_STEP][PASSED] - Statement - PreSaveFile = new java.io.File(((pathPrefix + java.lang.Integer.toString(counter)) + .png)): null

2018-12-13 12:55:46 - [TEST_STEP][PASSED] - Statement - counter = counter + 1: null

2018-12-13 12:55:46 - [TEST_STEP][PASSED] - Statement - PreSaveFile = new java.io.File(((pathPrefix + java.lang.Integer.toString(counter)) + .png)): null

2018-12-13 12:55:46 - [TEST_STEP][PASSED] - Statement - counter = counter + 1: null

2018-12-13 12:55:46 - [TEST_STEP][PASSED] - Statement - PreSaveFile = new java.io.File(((pathPrefix + java.lang.Integer.toString(counter)) + .png)): null

2018-12-13 12:55:46 - [TEST_STEP][PASSED] - Statement - counter = counter + 1: null

2018-12-13 12:55:46 - [TEST_STEP][PASSED] - Statement - PreSaveFile = new java.io.File(((pathPrefix + java.lang.Integer.toString(counter)) + .png)): null

2018-12-13 12:55:46 - [TEST_STEP][PASSED] - Statement - counter = counter + 1: null

2018-12-13 12:55:46 - [TEST_STEP][PASSED] - Statement - PreSaveFile = new java.io.File(((pathPrefix + java.lang.Integer.toString(counter)) + .png)): null

2018-12-13 12:55:46 - [TEST_STEP][PASSED] - Statement - counter = counter + 1: null

2018-12-13 12:55:46 - [TEST_STEP][PASSED] - Statement - PreSaveFile = new java.io.File(((pathPrefix + java.lang.Integer.toString(counter)) + .png)): null

2018-12-13 12:55:46 - [TEST_STEP][PASSED] - Statement - counter = counter + 1: null

2018-12-13 12:55:46 - [TEST_STEP][PASSED] - Statement - PreSaveFile = new java.io.File(((pathPrefix + java.lang.Integer.toString(counter)) + .png)): null

2018-12-13 12:55:46 - [TEST_STEP][PASSED] - Statement - counter = counter + 1: null

2018-12-13 12:55:46 - [TEST_STEP][PASSED] - Statement - PreSaveFile = new java.io.File(((pathPrefix + java.lang.Integer.toString(counter)) + .png)): null

2018-12-13 12:55:46 - [TEST_STEP][PASSED] - Statement - counter = counter + 1: null

2018-12-13 12:55:46 - [TEST_STEP][PASSED] - Statement - PreSaveFile = new java.io.File(((pathPrefix + java.lang.Integer.toString(counter)) + .png)): null

2018-12-13 12:55:46 - [TEST_STEP][PASSED] - Statement - counter = counter + 1: null

2018-12-13 12:55:46 - [TEST_STEP][PASSED] - Statement - PreSaveFile = new java.io.File(((pathPrefix + java.lang.Integer.toString(counter)) + .png)): null

2018-12-13 12:55:46 - [TEST_STEP][PASSED] - Statement - counter = counter + 1: null

2018-12-13 12:55:46 - [TEST_STEP][PASSED] - Statement - PreSaveFile = new java.io.File(((pathPrefix + java.lang.Integer.toString(counter)) + .png)): null

2018-12-13 12:55:46 - [TEST_STEP][PASSED] - Statement - counter = counter + 1: null

2018-12-13 12:55:46 - [TEST_STEP][PASSED] - Statement - PreSaveFile = new java.io.File(((pathPrefix + java.lang.Integer.toString(counter)) + .png)): null

2018-12-13 12:55:46 - [TEST_STEP][PASSED] - Statement - counter = counter + 1: null

2018-12-13 12:55:46 - [TEST_STEP][PASSED] - Statement - PreSaveFile = new java.io.File(((pathPrefix + java.lang.Integer.toString(counter)) + .png)): null

2018-12-13 12:55:46 - [TEST_STEP][PASSED] - Statement - counter = counter + 1: null

2018-12-13 12:55:46 - [TEST_STEP][PASSED] - Statement - PreSaveFile = new java.io.File(((pathPrefix + java.lang.Integer.toString(counter)) + .png)): null

2018-12-13 12:55:46 - [TEST_STEP][PASSED] - Statement - counter = counter + 1: null

2018-12-13 12:55:46 - [TEST_STEP][PASSED] - Statement - PreSaveFile = new java.io.File(((pathPrefix + java.lang.Integer.toString(counter)) + .png)): null

2018-12-13 12:55:46 - [TEST_STEP][PASSED] - Statement - counter = counter + 1: null

2018-12-13 12:55:46 - [TEST_STEP][PASSED] - Statement - PreSaveFile = new java.io.File(((pathPrefix + java.lang.Integer.toString(counter)) + .png)): null

2018-12-13 12:55:46 - [TEST_STEP][PASSED] - Statement - counter = counter + 1: null

2018-12-13 12:55:46 - [TEST_STEP][PASSED] - Statement - PreSaveFile = new java.io.File(((pathPrefix + java.lang.Integer.toString(counter)) + .png)): null

2018-12-13 12:55:46 - [TEST_STEP][PASSED] - Statement - counter = counter + 1: null

2018-12-13 12:55:46 - [TEST_STEP][PASSED] - Statement - PreSaveFile = new java.io.File(((pathPrefix + java.lang.Integer.toString(counter)) + .png)): null

2018-12-13 12:55:46 - [TEST_STEP][PASSED] - Statement - counter = counter + 1: null

2018-12-13 12:55:46 - [TEST_STEP][PASSED] - Statement - PreSaveFile = new java.io.File(((pathPrefix + java.lang.Integer.toString(counter)) + .png)): null

2018-12-13 12:55:46 - [TEST_STEP][PASSED] - Statement - counter = counter + 1: null

2018-12-13 12:55:46 - [TEST_STEP][PASSED] - Statement - PreSaveFile = new java.io.File(((pathPrefix + java.lang.Integer.toString(counter)) + .png)): null

2018-12-13 12:55:46 - [TEST_STEP][PASSED] - Statement - counter = counter + 1: null

2018-12-13 12:55:46 - [TEST_STEP][PASSED] - Statement - PreSaveFile = new java.io.File(((pathPrefix + java.lang.Integer.toString(counter)) + .png)): null

2018-12-13 12:55:46 - [TEST_STEP][PASSED] - Statement - counter = counter + 1: null

2018-12-13 12:55:46 - [TEST_STEP][PASSED] - Statement - PreSaveFile = new java.io.File(((pathPrefix + java.lang.Integer.toString(counter)) + .png)): null

2018-12-13 12:55:46 - [TEST_STEP][PASSED] - Statement - counter = counter + 1: null

2018-12-13 12:55:46 - [TEST_STEP][PASSED] - Statement - PreSaveFile = new java.io.File(((pathPrefix + java.lang.Integer.toString(counter)) + .png)): null

2018-12-13 12:55:46 - [TEST_STEP][PASSED] - Statement - counter = counter + 1: null

2018-12-13 12:55:46 - [TEST_STEP][PASSED] - Statement - PreSaveFile = new java.io.File(((pathPrefix + java.lang.Integer.toString(counter)) + .png)): null

2018-12-13 12:55:46 - [TEST_STEP][PASSED] - Statement - counter = counter + 1: null

2018-12-13 12:55:46 - [TEST_STEP][PASSED] - Statement - PreSaveFile = new java.io.File(((pathPrefix + java.lang.Integer.toString(counter)) + .png)): null

2018-12-13 12:55:46 - [TEST_STEP][PASSED] - Statement - counter = counter + 1: null

2018-12-13 12:55:46 - [TEST_STEP][PASSED] - Statement - PreSaveFile = new java.io.File(((pathPrefix + java.lang.Integer.toString(counter)) + .png)): null

2018-12-13 12:55:46 - [TEST_STEP][PASSED] - Statement - counter = counter + 1: null

2018-12-13 12:55:46 - [TEST_STEP][PASSED] - Statement - PreSaveFile = new java.io.File(((pathPrefix + java.lang.Integer.toString(counter)) + .png)): null

2018-12-13 12:55:46 - [TEST_STEP][PASSED] - Statement - counter = counter + 1: null

2018-12-13 12:55:46 - [TEST_STEP][PASSED] - Statement - PreSaveFile = new java.io.File(((pathPrefix + java.lang.Integer.toString(counter)) + .png)): null

2018-12-13 12:55:46 - [TEST_STEP][PASSED] - Statement - counter = counter + 1: null

2018-12-13 12:55:46 - [TEST_STEP][PASSED] - Statement - PreSaveFile = new java.io.File(((pathPrefix + java.lang.Integer.toString(counter)) + .png)): null

2018-12-13 12:55:46 - [TEST_STEP][PASSED] - Statement - counter = counter + 1: null

2018-12-13 12:55:46 - [TEST_STEP][PASSED] - Statement - PreSaveFile = new java.io.File(((pathPrefix + java.lang.Integer.toString(counter)) + .png)): null

2018-12-13 12:55:46 - [TEST_STEP][PASSED] - Statement - counter = counter + 1: null

2018-12-13 12:55:46 - [TEST_STEP][PASSED] - Statement - PreSaveFile = new java.io.File(((pathPrefix + java.lang.Integer.toString(counter)) + .png)): null

2018-12-13 12:55:46 - [TEST_STEP][PASSED] - Statement - counter = counter + 1: null

2018-12-13 12:55:46 - [TEST_STEP][PASSED] - Statement - PreSaveFile = new java.io.File(((pathPrefix + java.lang.Integer.toString(counter)) + .png)): null

2018-12-13 12:55:46 - [TEST_STEP][PASSED] - Statement - counter = counter + 1: null

2018-12-13 12:55:46 - [TEST_STEP][PASSED] - Statement - PreSaveFile = new java.io.File(((pathPrefix + java.lang.Integer.toString(counter)) + .png)): null

2018-12-13 12:55:46 - [TEST_STEP][PASSED] - Statement - counter = counter + 1: null

2018-12-13 12:55:46 - [TEST_STEP][PASSED] - Statement - PreSaveFile = new java.io.File(((pathPrefix + java.lang.Integer.toString(counter)) + .png)): null

2018-12-13 12:55:46 - [TEST_STEP][PASSED] - Statement - counter = counter + 1: null

2018-12-13 12:55:46 - [TEST_STEP][PASSED] - Statement - PreSaveFile = new java.io.File(((pathPrefix + java.lang.Integer.toString(counter)) + .png)): null

2018-12-13 12:55:46 - [TEST_STEP][PASSED] - Statement - counter = counter + 1: null

2018-12-13 12:55:46 - [TEST_STEP][PASSED] - Statement - PreSaveFile = new java.io.File(((pathPrefix + java.lang.Integer.toString(counter)) + .png)): null

2018-12-13 12:55:46 - [TEST_STEP][PASSED] - Statement - counter = counter + 1: null

2018-12-13 12:55:46 - [TEST_STEP][PASSED] - Statement - PreSaveFile = new java.io.File(((pathPrefix + java.lang.Integer.toString(counter)) + .png)): null

2018-12-13 12:55:46 - [TEST_STEP][PASSED] - Statement - counter = counter + 1: null

2018-12-13 12:55:46 - [TEST_STEP][PASSED] - Statement - PreSaveFile = new java.io.File(((pathPrefix + java.lang.Integer.toString(counter)) + .png)): null

2018-12-13 12:55:46 - [TEST_STEP][PASSED] - Statement - counter = counter + 1: null

2018-12-13 12:55:46 - [TEST_STEP][PASSED] - Statement - PreSaveFile = new java.io.File(((pathPrefix + java.lang.Integer.toString(counter)) + .png)): null

2018-12-13 12:55:46 - [TEST_STEP][PASSED] - Statement - counter = counter + 1: null

2018-12-13 12:55:46 - [TEST_STEP][PASSED] - Statement - PreSaveFile = new java.io.File(((pathPrefix + java.lang.Integer.toString(counter)) + .png)): null

2018-12-13 12:55:46 - [TEST_STEP][PASSED] - Statement - counter = counter + 1: null

2018-12-13 12:55:46 - [TEST_STEP][PASSED] - Statement - PreSaveFile = new java.io.File(((pathPrefix + java.lang.Integer.toString(counter)) + .png)): null

2018-12-13 12:55:46 - [TEST_STEP][PASSED] - Statement - counter = counter + 1: null

2018-12-13 12:55:46 - [TEST_STEP][PASSED] - Statement - PreSaveFile = new java.io.File(((pathPrefix + java.lang.Integer.toString(counter)) + .png)): null

2018-12-13 12:55:46 - [TEST_STEP][PASSED] - Statement - counter = counter + 1: null

2018-12-13 12:55:46 - [TEST_STEP][PASSED] - Statement - PreSaveFile = new java.io.File(((pathPrefix + java.lang.Integer.toString(counter)) + .png)): null

2018-12-13 12:55:46 - [TEST_STEP][PASSED] - Statement - counter = counter + 1: null

2018-12-13 12:55:46 - [TEST_STEP][PASSED] - Statement - PreSaveFile = new java.io.File(((pathPrefix + java.lang.Integer.toString(counter)) + .png)): null

2018-12-13 12:55:46 - [TEST_STEP][PASSED] - Statement - counter = counter + 1: null

2018-12-13 12:55:46 - [TEST_STEP][PASSED] - Statement - PreSaveFile = new java.io.File(((pathPrefix + java.lang.Integer.toString(counter)) + .png)): null

2018-12-13 12:55:46 - [TEST_STEP][PASSED] - Statement - counter = counter + 1: null

2018-12-13 12:55:46 - [TEST_STEP][PASSED] - Statement - PreSaveFile = new java.io.File(((pathPrefix + java.lang.Integer.toString(counter)) + .png)): null

2018-12-13 12:55:46 - [TEST_STEP][PASSED] - Statement - counter = counter + 1: null

2018-12-13 12:55:46 - [TEST_STEP][PASSED] - Statement - PreSaveFile = new java.io.File(((pathPrefix + java.lang.Integer.toString(counter)) + .png)): null

2018-12-13 12:55:46 - [TEST_STEP][PASSED] - Statement - counter = counter + 1: null

2018-12-13 12:55:46 - [TEST_STEP][PASSED] - Statement - PreSaveFile = new java.io.File(((pathPrefix + java.lang.Integer.toString(counter)) + .png)): null

2018-12-13 12:55:46 - [TEST_STEP][PASSED] - Statement - counter = counter + 1: null

2018-12-13 12:55:46 - [TEST_STEP][PASSED] - Statement - PreSaveFile = new java.io.File(((pathPrefix + java.lang.Integer.toString(counter)) + .png)): null

2018-12-13 12:55:46 - [TEST_STEP][PASSED] - Statement - counter = counter + 1: null

2018-12-13 12:55:46 - [TEST_STEP][PASSED] - Statement - PreSaveFile = new java.io.File(((pathPrefix + java.lang.Integer.toString(counter)) + .png)): null

2018-12-13 12:55:46 - [TEST_STEP][PASSED] - Statement - counter = counter + 1: null

2018-12-13 12:55:46 - [TEST_STEP][PASSED] - Statement - PreSaveFile = new java.io.File(((pathPrefix + java.lang.Integer.toString(counter)) + .png)): null

2018-12-13 12:55:46 - [TEST_STEP][PASSED] - Statement - counter = counter + 1: null

2018-12-13 12:55:46 - [TEST_STEP][PASSED] - Statement - PreSaveFile = new java.io.File(((pathPrefix + java.lang.Integer.toString(counter)) + .png)): null

2018-12-13 12:55:46 - [TEST_STEP][PASSED] - Statement - counter = counter + 1: null

2018-12-13 12:55:46 - [TEST_STEP][PASSED] - Statement - PreSaveFile = new java.io.File(((pathPrefix + java.lang.Integer.toString(counter)) + .png)): null

2018-12-13 12:55:46 - [TEST_STEP][PASSED] - Statement - counter = counter + 1: null

2018-12-13 12:55:46 - [TEST_STEP][PASSED] - Statement - PreSaveFile = new java.io.File(((pathPrefix + java.lang.Integer.toString(counter)) + .png)): null

2018-12-13 12:55:46 - [TEST_STEP][PASSED] - Statement - counter = counter + 1: null

2018-12-13 12:55:46 - [TEST_STEP][PASSED] - Statement - PreSaveFile = new java.io.File(((pathPrefix + java.lang.Integer.toString(counter)) + .png)): null

2018-12-13 12:55:46 - [TEST_STEP][PASSED] - Statement - counter = counter + 1: null

2018-12-13 12:55:46 - [TEST_STEP][PASSED] - Statement - PreSaveFile = new java.io.File(((pathPrefix + java.lang.Integer.toString(counter)) + .png)): null

2018-12-13 12:55:46 - [TEST_STEP][PASSED] - Statement - counter = counter + 1: null

2018-12-13 12:55:46 - [TEST_STEP][PASSED] - Statement - PreSaveFile = new java.io.File(((pathPrefix + java.lang.Integer.toString(counter)) + .png)): null

2018-12-13 12:55:46 - [TEST_STEP][PASSED] - Statement - counter = counter + 1: null

2018-12-13 12:55:46 - [TEST_STEP][PASSED] - Statement - PreSaveFile = new java.io.File(((pathPrefix + java.lang.Integer.toString(counter)) + .png)): null

2018-12-13 12:55:47 - [TEST_STEP][PASSED] - Statement - counter = counter + 1: null

2018-12-13 12:55:47 - [TEST_STEP][PASSED] - Statement - PreSaveFile = new java.io.File(((pathPrefix + java.lang.Integer.toString(counter)) + .png)): null

2018-12-13 12:55:47 - [TEST_STEP][PASSED] - Statement - counter = counter + 1: null

2018-12-13 12:55:47 - [TEST_STEP][PASSED] - Statement - PreSaveFile = new java.io.File(((pathPrefix + java.lang.Integer.toString(counter)) + .png)): null

2018-12-13 12:55:47 - [TEST_STEP][PASSED] - Statement - counter = counter + 1: null

2018-12-13 12:55:47 - [TEST_STEP][PASSED] - Statement - PreSaveFile = new java.io.File(((pathPrefix + java.lang.Integer.toString(counter)) + .png)): null

2018-12-13 12:55:47 - [TEST_STEP][PASSED] - Statement - counter = counter + 1: null

2018-12-13 12:55:47 - [TEST_STEP][PASSED] - Statement - PreSaveFile = new java.io.File(((pathPrefix + java.lang.Integer.toString(counter)) + .png)): null

2018-12-13 12:55:47 - [TEST_STEP][PASSED] - Statement - counter = counter + 1: null

2018-12-13 12:55:47 - [TEST_STEP][PASSED] - Statement - PreSaveFile = new java.io.File(((pathPrefix + java.lang.Integer.toString(counter)) + .png)): null

2018-12-13 12:55:47 - [TEST_STEP][PASSED] - Statement - counter = counter + 1: null

2018-12-13 12:55:47 - [TEST_STEP][PASSED] - Statement - PreSaveFile = new java.io.File(((pathPrefix + java.lang.Integer.toString(counter)) + .png)): null

2018-12-13 12:55:47 - [TEST_STEP][PASSED] - Statement - counter = counter + 1: null

2018-12-13 12:55:47 - [TEST_STEP][PASSED] - Statement - PreSaveFile = new java.io.File(((pathPrefix + java.lang.Integer.toString(counter)) + .png)): null

2018-12-13 12:55:47 - [TEST_STEP][PASSED] - Statement - counter = counter + 1: null

2018-12-13 12:55:47 - [TEST_STEP][PASSED] - Statement - PreSaveFile = new java.io.File(((pathPrefix + java.lang.Integer.toString(counter)) + .png)): null

2018-12-13 12:55:47 - [TEST_STEP][PASSED] - Statement - counter = counter + 1: null

2018-12-13 12:55:47 - [TEST_STEP][PASSED] - Statement - PreSaveFile = new java.io.File(((pathPrefix + java.lang.Integer.toString(counter)) + .png)): null

2018-12-13 12:55:47 - [TEST_STEP][PASSED] - Statement - counter = counter + 1: null

2018-12-13 12:55:47 - [TEST_STEP][PASSED] - Statement - PreSaveFile = new java.io.File(((pathPrefix + java.lang.Integer.toString(counter)) + .png)): null

2018-12-13 12:55:47 - [TEST_STEP][PASSED] - Statement - counter = counter + 1: null

2018-12-13 12:55:47 - [TEST_STEP][PASSED] - Statement - PreSaveFile = new java.io.File(((pathPrefix + java.lang.Integer.toString(counter)) + .png)): null

2018-12-13 12:55:47 - [TEST_STEP][PASSED] - Statement - counter = counter + 1: null

2018-12-13 12:55:47 - [TEST_STEP][PASSED] - Statement - PreSaveFile = new java.io.File(((pathPrefix + java.lang.Integer.toString(counter)) + .png)): null

2018-12-13 12:55:47 - [TEST_STEP][PASSED] - Statement - counter = counter + 1: null

2018-12-13 12:55:47 - [TEST_STEP][PASSED] - Statement - PreSaveFile = new java.io.File(((pathPrefix + java.lang.Integer.toString(counter)) + .png)): null

2018-12-13 12:55:47 - [TEST_STEP][PASSED] - Statement - counter = counter + 1: null

2018-12-13 12:55:47 - [TEST_STEP][PASSED] - Statement - PreSaveFile = new java.io.File(((pathPrefix + java.lang.Integer.toString(counter)) + .png)): null

2018-12-13 12:55:47 - [TEST_STEP][PASSED] - Statement - counter = counter + 1: null

2018-12-13 12:55:47 - [TEST_STEP][PASSED] - Statement - PreSaveFile = new java.io.File(((pathPrefix + java.lang.Integer.toString(counter)) + .png)): null

2018-12-13 12:55:47 - [TEST_STEP][PASSED] - Statement - counter = counter + 1: null

2018-12-13 12:55:47 - [TEST_STEP][PASSED] - Statement - PreSaveFile = new java.io.File(((pathPrefix + java.lang.Integer.toString(counter)) + .png)): null

2018-12-13 12:55:47 - [TEST_STEP][PASSED] - Statement - counter = counter + 1: null

2018-12-13 12:55:47 - [TEST_STEP][PASSED] - Statement - PreSaveFile = new java.io.File(((pathPrefix + java.lang.Integer.toString(counter)) + .png)): null

2018-12-13 12:55:47 - [TEST_STEP][PASSED] - Statement - counter = counter + 1: null

2018-12-13 12:55:47 - [TEST_STEP][PASSED] - Statement - PreSaveFile = new java.io.File(((pathPrefix + java.lang.Integer.toString(counter)) + .png)): null

2018-12-13 12:55:47 - [TEST_STEP][PASSED] - Statement - counter = counter + 1: null

2018-12-13 12:55:47 - [TEST_STEP][PASSED] - Statement - PreSaveFile = new java.io.File(((pathPrefix + java.lang.Integer.toString(counter)) + .png)): null

2018-12-13 12:55:47 - [TEST_STEP][PASSED] - Statement - counter = counter + 1: null

2018-12-13 12:55:47 - [TEST_STEP][PASSED] - Statement - PreSaveFile = new java.io.File(((pathPrefix + java.lang.Integer.toString(counter)) + .png)): null

2018-12-13 12:55:47 - [TEST_STEP][PASSED] - Statement - counter = counter + 1: null

2018-12-13 12:55:47 - [TEST_STEP][PASSED] - Statement - PreSaveFile = new java.io.File(((pathPrefix + java.lang.Integer.toString(counter)) + .png)): null

2018-12-13 12:55:47 - [TEST_STEP][PASSED] - Statement - counter = counter + 1: null

2018-12-13 12:55:47 - [TEST_STEP][PASSED] - Statement - PreSaveFile = new java.io.File(((pathPrefix + java.lang.Integer.toString(counter)) + .png)): null

2018-12-13 12:55:47 - [TEST_STEP][PASSED] - Statement - counter = counter + 1: null

2018-12-13 12:55:47 - [TEST_STEP][PASSED] - Statement - PreSaveFile = new java.io.File(((pathPrefix + java.lang.Integer.toString(counter)) + .png)): null

2018-12-13 12:55:47 - [TEST_STEP][PASSED] - Statement - counter = counter + 1: null

2018-12-13 12:55:47 - [TEST_STEP][PASSED] - Statement - PreSaveFile = new java.io.File(((pathPrefix + java.lang.Integer.toString(counter)) + .png)): null

2018-12-13 12:55:47 - [TEST_STEP][PASSED] - Statement - counter = counter + 1: null

2018-12-13 12:55:47 - [TEST_STEP][PASSED] - Statement - PreSaveFile = new java.io.File(((pathPrefix + java.lang.Integer.toString(counter)) + .png)): null

2018-12-13 12:55:47 - [TEST_STEP][PASSED] - Statement - counter = counter + 1: null

2018-12-13 12:55:47 - [TEST_STEP][PASSED] - Statement - PreSaveFile = new java.io.File(((pathPrefix + java.lang.Integer.toString(counter)) + .png)): null

2018-12-13 12:55:47 - [TEST_STEP][PASSED] - Statement - counter = counter + 1: null

2018-12-13 12:55:47 - [TEST_STEP][PASSED] - Statement - PreSaveFile = new java.io.File(((pathPrefix + java.lang.Integer.toString(counter)) + .png)): null

2018-12-13 12:55:47 - [TEST_STEP][PASSED] - Statement - counter = counter + 1: null

2018-12-13 12:55:47 - [TEST_STEP][PASSED] - Statement - PreSaveFile = new java.io.File(((pathPrefix + java.lang.Integer.toString(counter)) + .png)): null

2018-12-13 12:55:47 - [TEST_STEP][PASSED] - Statement - counter = counter + 1: null

2018-12-13 12:55:47 - [TEST_STEP][PASSED] - Statement - PreSaveFile = new java.io.File(((pathPrefix + java.lang.Integer.toString(counter)) + .png)): null

2018-12-13 12:55:47 - [TEST_STEP][PASSED] - Statement - counter = counter + 1: null

2018-12-13 12:55:47 - [TEST_STEP][PASSED] - Statement - PreSaveFile = new java.io.File(((pathPrefix + java.lang.Integer.toString(counter)) + .png)): null

2018-12-13 12:55:47 - [TEST_STEP][PASSED] - Statement - counter = counter + 1: null

2018-12-13 12:55:47 - [TEST_STEP][PASSED] - Statement - PreSaveFile = new java.io.File(((pathPrefix + java.lang.Integer.toString(counter)) + .png)): null

2018-12-13 12:55:47 - [TEST_STEP][PASSED] - Statement - counter = counter + 1: null

2018-12-13 12:55:47 - [TEST_STEP][PASSED] - Statement - PreSaveFile = new java.io.File(((pathPrefix + java.lang.Integer.toString(counter)) + .png)): null

2018-12-13 12:55:47 - [TEST_STEP][PASSED] - Statement - counter = counter + 1: null

2018-12-13 12:55:47 - [TEST_STEP][PASSED] - Statement - PreSaveFile = new java.io.File(((pathPrefix + java.lang.Integer.toString(counter)) + .png)): null

2018-12-13 12:55:47 - [TEST_STEP][PASSED] - Statement - counter = counter + 1: null

2018-12-13 12:55:47 - [TEST_STEP][PASSED] - Statement - PreSaveFile = new java.io.File(((pathPrefix + java.lang.Integer.toString(counter)) + .png)): null

2018-12-13 12:55:47 - [TEST_STEP][PASSED] - Statement - counter = counter + 1: null

2018-12-13 12:55:47 - [TEST_STEP][PASSED] - Statement - PreSaveFile = new java.io.File(((pathPrefix + java.lang.Integer.toString(counter)) + .png)): null

2018-12-13 12:55:47 - [TEST_STEP][PASSED] - Statement - counter = counter + 1: null

2018-12-13 12:55:47 - [TEST_STEP][PASSED] - Statement - PreSaveFile = new java.io.File(((pathPrefix + java.lang.Integer.toString(counter)) + .png)): null

2018-12-13 12:55:47 - [TEST_STEP][PASSED] - Statement - counter = counter + 1: null

2018-12-13 12:55:47 - [TEST_STEP][PASSED] - Statement - PreSaveFile = new java.io.File(((pathPrefix + java.lang.Integer.toString(counter)) + .png)): null

2018-12-13 12:55:47 - [TEST_STEP][PASSED] - Statement - counter = counter + 1: null

2018-12-13 12:55:47 - [TEST_STEP][PASSED] - Statement - PreSaveFile = new java.io.File(((pathPrefix + java.lang.Integer.toString(counter)) + .png)): null

2018-12-13 12:55:47 - [TEST_STEP][PASSED] - Statement - counter = counter + 1: null

2018-12-13 12:55:47 - [TEST_STEP][PASSED] - Statement - PreSaveFile = new java.io.File(((pathPrefix + java.lang.Integer.toString(counter)) + .png)): null

2018-12-13 12:55:47 - [TEST_STEP][PASSED] - Statement - counter = counter + 1: null

2018-12-13 12:55:47 - [TEST_STEP][PASSED] - Statement - PreSaveFile = new java.io.File(((pathPrefix + java.lang.Integer.toString(counter)) + .png)): null

2018-12-13 12:55:47 - [TEST_STEP][PASSED] - Statement - counter = counter + 1: null

2018-12-13 12:55:47 - [TEST_STEP][PASSED] - Statement - PreSaveFile = new java.io.File(((pathPrefix + java.lang.Integer.toString(counter)) + .png)): null

2018-12-13 12:55:47 - [TEST_STEP][PASSED] - Statement - counter = counter + 1: null

2018-12-13 12:55:47 - [TEST_STEP][PASSED] - Statement - PreSaveFile = new java.io.File(((pathPrefix + java.lang.Integer.toString(counter)) + .png)): null

2018-12-13 12:55:47 - [TEST_STEP][PASSED] - Statement - counter = counter + 1: null

2018-12-13 12:55:47 - [TEST_STEP][PASSED] - Statement - PreSaveFile = new java.io.File(((pathPrefix + java.lang.Integer.toString(counter)) + .png)): null

2018-12-13 12:55:47 - [TEST_STEP][PASSED] - Statement - counter = counter + 1: null

2018-12-13 12:55:47 - [TEST_STEP][PASSED] - Statement - PreSaveFile = new java.io.File(((pathPrefix + java.lang.Integer.toString(counter)) + .png)): null

2018-12-13 12:55:47 - [TEST_STEP][PASSED] - Statement - counter = counter + 1: null

2018-12-13 12:55:47 - [TEST_STEP][PASSED] - Statement - PreSaveFile = new java.io.File(((pathPrefix + java.lang.Integer.toString(counter)) + .png)): null

2018-12-13 12:55:47 - [TEST_STEP][PASSED] - Statement - counter = counter + 1: null

2018-12-13 12:55:47 - [TEST_STEP][PASSED] - Statement - PreSaveFile = new java.io.File(((pathPrefix + java.lang.Integer.toString(counter)) + .png)): null

2018-12-13 12:55:47 - [TEST_STEP][PASSED] - Statement - counter = counter + 1: null

2018-12-13 12:55:47 - [TEST_STEP][PASSED] - Statement - PreSaveFile = new java.io.File(((pathPrefix + java.lang.Integer.toString(counter)) + .png)): null

2018-12-13 12:55:47 - [TEST_STEP][PASSED] - Statement - counter = counter + 1: null

2018-12-13 12:55:47 - [TEST_STEP][PASSED] - Statement - PreSaveFile = new java.io.File(((pathPrefix + java.lang.Integer.toString(counter)) + .png)): null

2018-12-13 12:55:47 - [TEST_STEP][PASSED] - Statement - counter = counter + 1: null

2018-12-13 12:55:47 - [TEST_STEP][PASSED] - Statement - PreSaveFile = new java.io.File(((pathPrefix + java.lang.Integer.toString(counter)) + .png)): null

2018-12-13 12:55:47 - [TEST_STEP][PASSED] - Statement - counter = counter + 1: null

2018-12-13 12:55:47 - [TEST_STEP][PASSED] - Statement - PreSaveFile = new java.io.File(((pathPrefix + java.lang.Integer.toString(counter)) + .png)): null

2018-12-13 12:55:47 - [TEST_STEP][PASSED] - Statement - counter = counter + 1: null

2018-12-13 12:55:47 - [TEST_STEP][PASSED] - Statement - PreSaveFile = new java.io.File(((pathPrefix + java.lang.Integer.toString(counter)) + .png)): null

2018-12-13 12:55:47 - [TEST_STEP][PASSED] - Statement - counter = counter + 1: null

2018-12-13 12:55:47 - [TEST_STEP][PASSED] - Statement - PreSaveFile = new java.io.File(((pathPrefix + java.lang.Integer.toString(counter)) + .png)): null

2018-12-13 12:55:47 - [TEST_STEP][PASSED] - Statement - counter = counter + 1: null

2018-12-13 12:55:47 - [TEST_STEP][PASSED] - Statement - PreSaveFile = new java.io.File(((pathPrefix + java.lang.Integer.toString(counter)) + .png)): null

2018-12-13 12:55:47 - [TEST_STEP][PASSED] - Statement - counter = counter + 1: null

2018-12-13 12:55:47 - [TEST_STEP][PASSED] - Statement - PreSaveFile = new java.io.File(((pathPrefix + java.lang.Integer.toString(counter)) + .png)): null

2018-12-13 12:55:47 - [TEST_STEP][PASSED] - Statement - counter = counter + 1: null

2018-12-13 12:55:47 - [TEST_STEP][PASSED] - Statement - PreSaveFile = new java.io.File(((pathPrefix + java.lang.Integer.toString(counter)) + .png)): null

2018-12-13 12:55:47 - [TEST_STEP][PASSED] - Statement - counter = counter + 1: null

2018-12-13 12:55:47 - [TEST_STEP][PASSED] - Statement - PreSaveFile = new java.io.File(((pathPrefix + java.lang.Integer.toString(counter)) + .png)): null

2018-12-13 12:55:47 - [TEST_STEP][PASSED] - Statement - counter = counter + 1: null

2018-12-13 12:55:47 - [TEST_STEP][PASSED] - Statement - PreSaveFile = new java.io.File(((pathPrefix + java.lang.Integer.toString(counter)) + .png)): null

2018-12-13 12:55:47 - [TEST_STEP][PASSED] - Statement - counter = counter + 1: null

2018-12-13 12:55:47 - [TEST_STEP][PASSED] - Statement - PreSaveFile = new java.io.File(((pathPrefix + java.lang.Integer.toString(counter)) + .png)): null

2018-12-13 12:55:47 - [TEST_STEP][PASSED] - Statement - counter = counter + 1: null

2018-12-13 12:55:47 - [TEST_STEP][PASSED] - Statement - PreSaveFile = new java.io.File(((pathPrefix + java.lang.Integer.toString(counter)) + .png)): null

2018-12-13 12:55:47 - [TEST_STEP][PASSED] - Statement - counter = counter + 1: null

2018-12-13 12:55:47 - [TEST_STEP][PASSED] - Statement - PreSaveFile = new java.io.File(((pathPrefix + java.lang.Integer.toString(counter)) + .png)): null

2018-12-13 12:55:47 - [TEST_STEP][PASSED] - Statement - counter = counter + 1: null

2018-12-13 12:55:47 - [TEST_STEP][PASSED] - Statement - PreSaveFile = new java.io.File(((pathPrefix + java.lang.Integer.toString(counter)) + .png)): null

2018-12-13 12:55:47 - [TEST_STEP][PASSED] - Statement - counter = counter + 1: null

2018-12-13 12:55:47 - [TEST_STEP][PASSED] - Statement - PreSaveFile = new java.io.File(((pathPrefix + java.lang.Integer.toString(counter)) + .png)): null

2018-12-13 12:55:47 - [TEST_STEP][PASSED] - Statement - counter = counter + 1: null

2018-12-13 12:55:47 - [TEST_STEP][PASSED] - Statement - PreSaveFile = new java.io.File(((pathPrefix + java.lang.Integer.toString(counter)) + .png)): null

2018-12-13 12:55:47 - [TEST_STEP][PASSED] - Statement - counter = counter + 1: null

2018-12-13 12:55:47 - [TEST_STEP][PASSED] - Statement - PreSaveFile = new java.io.File(((pathPrefix + java.lang.Integer.toString(counter)) + .png)): null

2018-12-13 12:55:47 - [TEST_STEP][PASSED] - Statement - counter = counter + 1: null

2018-12-13 12:55:47 - [TEST_STEP][PASSED] - Statement - PreSaveFile = new java.io.File(((pathPrefix + java.lang.Integer.toString(counter)) + .png)): null

2018-12-13 12:55:47 - [TEST_STEP][PASSED] - Statement - counter = counter + 1: null

2018-12-13 12:55:47 - [TEST_STEP][PASSED] - Statement - PreSaveFile = new java.io.File(((pathPrefix + java.lang.Integer.toString(counter)) + .png)): null

2018-12-13 12:55:47 - [TEST_STEP][PASSED] - Statement - counter = counter + 1: null

2018-12-13 12:55:47 - [TEST_STEP][PASSED] - Statement - PreSaveFile = new java.io.File(((pathPrefix + java.lang.Integer.toString(counter)) + .png)): null

2018-12-13 12:55:47 - [TEST_STEP][PASSED] - Statement - counter = counter + 1: null

2018-12-13 12:55:47 - [TEST_STEP][PASSED] - Statement - PreSaveFile = new java.io.File(((pathPrefix + java.lang.Integer.toString(counter)) + .png)): null

2018-12-13 12:55:47 - [TEST_STEP][PASSED] - Statement - counter = counter + 1: null

2018-12-13 12:55:47 - [TEST_STEP][PASSED] - Statement - PreSaveFile = new java.io.File(((pathPrefix + java.lang.Integer.toString(counter)) + .png)): null

2018-12-13 12:55:47 - [TEST_STEP][PASSED] - Statement - counter = counter + 1: null

2018-12-13 12:55:47 - [TEST_STEP][PASSED] - Statement - PreSaveFile = new java.io.File(((pathPrefix + java.lang.Integer.toString(counter)) + .png)): null

2018-12-13 12:55:47 - [TEST_STEP][PASSED] - Statement - counter = counter + 1: null

2018-12-13 12:55:47 - [TEST_STEP][PASSED] - Statement - PreSaveFile = new java.io.File(((pathPrefix + java.lang.Integer.toString(counter)) + .png)): null

2018-12-13 12:55:47 - [TEST_STEP][PASSED] - Statement - finalPath = pathPrefix + java.lang.Integer.toString(counter) + ".png": null

2018-12-13 12:55:47 - [TEST_STEP][PASSED] - Statement - SaveFile = new java.io.File(finalPath): null

2018-12-13 12:55:47 - [TEST_STEP][PASSED] - Statement - Try: null

2018-12-13 12:55:47 - [TEST_STEP][PASSED] - Statement - org.apache.commons.io.FileUtils.copyFile(scrFile, SaveFile): null

2018-12-13 12:55:47 - [TEST_STEP][PASSED] - Statement - out.println("file kept"): null

2018-12-13 12:55:47 - [TEST_STEP][PASSED] - delay: Delayed 10 second(s)

2018-12-13 12:55:57 - [MESSAGE][PASSED] - Delayed 10 second(s)

2018-12-13 12:55:57 - [MESSAGE][PASSED] - Call Test Case 'Test Cases/Final Aug 2018 - PKS Automation/Registration Module/New Registration/Submit and Screenshot/Submit Registration and Screenshot' successfully

2018-12-13 12:55:57 - [TEST_STEP][PASSED] - callTestCase: Call Test Case 'Test Cases/Final Aug 2018 - PKS Automation/Registration Module/Log Out/log out avoiding katalon tagging' successfully

2018-12-13 12:55:57 - [TEST_CASE][PASSED] - Test Cases/Final Aug 2018 - PKS Automation/Registration Module/Log Out/log out avoiding katalon tagging: Test Cases/Final Aug 2018 - PKS Automation/Registration Module/Log Out/log out avoiding katalon tagging

2018-12-13 12:55:57 - [TEST_STEP][PASSED] - navigateToUrl: Navigate to 'https://assist2-uat.perkeso.gov.my/c/portal/logout' successfully

2018-12-13 12:55:58 - [MESSAGE][PASSED] - Navigate to 'https://assist2-uat.perkeso.gov.my/c/portal/logout' successfully

2018-12-13 12:55:58 - [MESSAGE][PASSED] - Call Test Case 'Test Cases/Final Aug 2018 - PKS Automation/Registration Module/Log Out/log out avoiding katalon tagging' successfully

2018-12-13 12:55:58 - [TEST_STEP][PASSED] - callTestCase: Call Test Case 'Test Cases/Final Aug 2018 - PKS Automation/Common/Workflow Owner Finder' successfully

2018-12-13 12:55:58 - [TEST_CASE][PASSED] - Test Cases/Final Aug 2018 - PKS Automation/Common/Workflow Owner Finder: Test Cases/Final Aug 2018 - PKS Automation/Common/Workflow Owner Finder

2018-12-13 12:55:58 - [TEST_STEP][PASSED] - openBrowser: Browser is opened with url: ''

2018-12-13 12:55:58 - [MESSAGE][WARNING] - A browser is already opened. Closing browser and opening a new one

2018-12-13 12:56:02 - [MESSAGE][PASSED] - Browser is opened with url: ''

2018-12-13 12:56:02 - [TEST_STEP][PASSED] - navigateToUrl: Navigate to 'https://assist2-uat.perkeso.gov.my/login' successfully

2018-12-13 12:56:03 - [MESSAGE][PASSED] - Navigate to 'https://assist2-uat.perkeso.gov.my/login' successfully

2018-12-13 12:56:03 - [TEST_STEP][PASSED] - delay: Delayed 5 second(s)

2018-12-13 12:56:08 - [MESSAGE][PASSED] - Delayed 5 second(s)

2018-12-13 12:56:08 - [TEST_STEP][PASSED] - setText: Text 'test@liferay.com' is set on object 'Object Repository/Final Object Repo/Login Page/Internal User/Email Address'

2018-12-13 12:56:08 - [MESSAGE][PASSED] - Text 'test@liferay.com' is set on object 'Object Repository/Final Object Repo/Login Page/Internal User/Email Address'

2018-12-13 12:56:08 - [TEST_STEP][PASSED] - click: Object: 'Object Repository/Final Object Repo/Login Page/Internal User/Next Button' is clicked on

2018-12-13 12:56:08 - [MESSAGE][PASSED] - Object: 'Object Repository/Final Object Repo/Login Page/Internal User/Next Button' is clicked on

2018-12-13 12:56:08 - [TEST_STEP][PASSED] - delay: Delayed 2 second(s)

2018-12-13 12:56:10 - [MESSAGE][PASSED] - Delayed 2 second(s)

2018-12-13 12:56:10 - [TEST_STEP][PASSED] - setText: Text 'test' is set on object 'Object Repository/Final Object Repo/Login Page/Internal User/Password'

2018-12-13 12:56:11 - [MESSAGE][PASSED] - Text 'test' is set on object 'Object Repository/Final Object Repo/Login Page/Internal User/Password'

2018-12-13 12:56:11 - [TEST_STEP][PASSED] - delay: Delayed 2 second(s)

2018-12-13 12:56:13 - [MESSAGE][PASSED] - Delayed 2 second(s)

2018-12-13 12:56:13 - [TEST_STEP][PASSED] - click: Object: 'Object Repository/Final Object Repo/Login Page/Internal User/Login Button' is clicked on

2018-12-13 12:56:13 - [MESSAGE][PASSED] - Object: 'Object Repository/Final Object Repo/Login Page/Internal User/Login Button' is clicked on

2018-12-13 12:56:13 - [TEST_STEP][PASSED] - Statement - tester = com.kms.katalon.core.testobject.ObjectRepository.findTestObject(Final Object Repo/Landing Page/Select to English): Finding Test Object with id 'Object Repository/Final Object Repo/Landing Page/Select to English'

2018-12-13 12:56:13 - [TEST_STEP][PASSED] - Statement - Try: Delayed 2 second(s)

2018-12-13 12:56:13 - [TEST_STEP][PASSED] - Statement - Checker = com.kms.katalon.core.webui.keyword.WebUiBuiltInKeywords.verifyElementNotPresent(tester, 3): Web element with id: 'Object Repository/Final Object Repo/Landing Page/Select to English' located by 'By.xpath: //a[@class = 'taglib-language-list-text' and @lang = 'en-US' and (contains(text(), 'EN') or contains(., 'EN'))]' is not present after '3' second(s)

2018-12-13 12:56:15 - [MESSAGE][PASSED] - Web element with id: 'Object Repository/Final Object Repo/Landing Page/Select to English' located by 'By.xpath: //a[@class = 'taglib-language-list-text' and @lang = 'en-US' and (contains(text(), 'EN') or contains(., 'EN'))]' is not present after '3' second(s)

2018-12-13 12:56:15 - [TEST_STEP][PASSED] - Statement - If (Checker == false): null

2018-12-13 12:56:15 - [TEST_STEP][PASSED] - delay: Delayed 2 second(s)

2018-12-13 12:56:17 - [MESSAGE][PASSED] - Delayed 2 second(s)

2018-12-13 12:56:17 - [TEST_STEP][PASSED] - delay: Delayed 5 second(s)

2018-12-13 12:56:22 - [MESSAGE][PASSED] - Delayed 5 second(s)

2018-12-13 12:56:22 - [TEST_STEP][PASSED] - mouseOver: Object: 'Object Repository/Final Object Repo/Landing Page/WorkFlow Menu' is hovered

2018-12-13 12:56:22 - [MESSAGE][PASSED] - Object: 'Object Repository/Final Object Repo/Landing Page/WorkFlow Menu' is hovered

2018-12-13 12:56:22 - [TEST_STEP][PASSED] - delay: Delayed 2 second(s)

2018-12-13 12:56:24 - [MESSAGE][PASSED] - Delayed 2 second(s)

2018-12-13 12:56:24 - [TEST_STEP][PASSED] - click: Object: 'Object Repository/Final Object Repo/Landing Page/Select to Workflow Listing' is clicked on

2018-12-13 12:56:25 - [MESSAGE][PASSED] - Object: 'Object Repository/Final Object Repo/Landing Page/Select to Workflow Listing' is clicked on

2018-12-13 12:56:25 - [TEST_STEP][PASSED] - delay: Delayed 2 second(s)

2018-12-13 12:56:27 - [MESSAGE][PASSED] - Delayed 2 second(s)

2018-12-13 12:56:27 - [TEST_STEP][PASSED] - click: Object: 'Object Repository/Final Object Repo/WorkFlow Listing Page/Search Information - To Put Ref No' is clicked on

2018-12-13 12:56:27 - [MESSAGE][PASSED] - Object: 'Object Repository/Final Object Repo/WorkFlow Listing Page/Search Information - To Put Ref No' is clicked on

2018-12-13 12:56:27 - [TEST_STEP][PASSED] - delay: Delayed 2 second(s)

2018-12-13 12:56:29 - [MESSAGE][PASSED] - Delayed 2 second(s)

2018-12-13 12:56:29 - [TEST_STEP][PASSED] - callTestCase: Call Test Case 'Test Cases/Final Aug 2018 - PKS Automation/Common/Reference Number Getter' successfully

2018-12-13 12:56:29 - [TEST_CASE][PASSED] - Test Cases/Final Aug 2018 - PKS Automation/Common/Reference Number Getter: Test Cases/Final Aug 2018 - PKS Automation/Common/Reference Number Getter

2018-12-13 12:56:29 - [TEST_STEP][PASSED] - Statement - Try: null

2018-12-13 12:56:29 - [TEST_STEP][PASSED] - Statement - RefNo = new java.io.File(C://Users//Admin//Desktop//PKS//Automation Reference Point//KatalonReference.txt): null

2018-12-13 12:56:29 - [TEST_STEP][PASSED] - Statement - bufferread = new java.io.BufferedReader(new java.io.FileReader(RefNo)): null

2018-12-13 12:56:29 - [TEST_STEP][PASSED] - Statement - readedVal = bufferread.readLine(): null

2018-12-13 12:56:29 - [TEST_STEP][PASSED] - Statement - out.println(CaseReferenceNo): null

2018-12-13 12:56:29 - [TEST_STEP][PASSED] - Statement - out.println(readedVal): null

2018-12-13 12:56:29 - [TEST_STEP][PASSED] - Statement - CaseReferenceNo = "": null

2018-12-13 12:56:29 - [TEST_STEP][PASSED] - Statement - CaseReferenceNo = readedVal: null

2018-12-13 12:56:29 - [MESSAGE][PASSED] - Call Test Case 'Test Cases/Final Aug 2018 - PKS Automation/Common/Reference Number Getter' successfully

2018-12-13 12:56:29 - [TEST_STEP][PASSED] - setText: Text 'CRN12201800123272' is set on object 'Object Repository/Final Object Repo/WorkFlow Listing Page/Ref No Set Text'

2018-12-13 12:56:29 - [MESSAGE][PASSED] - Text 'CRN12201800123272' is set on object 'Object Repository/Final Object Repo/WorkFlow Listing Page/Ref No Set Text'

2018-12-13 12:56:29 - [TEST_STEP][PASSED] - delay: Delayed 2 second(s)

2018-12-13 12:56:31 - [MESSAGE][PASSED] - Delayed 2 second(s)

2018-12-13 12:56:31 - [TEST_STEP][PASSED] - click: Object: 'Object Repository/Final Object Repo/WorkFlow Listing Page/Search Ref No Search Button' is clicked on

2018-12-13 12:56:31 - [MESSAGE][PASSED] - Object: 'Object Repository/Final Object Repo/WorkFlow Listing Page/Search Ref No Search Button' is clicked on

2018-12-13 12:56:31 - [TEST_STEP][PASSED] - delay: Delayed 6 second(s)

2018-12-13 12:56:37 - [MESSAGE][PASSED] - Delayed 6 second(s)

2018-12-13 12:56:37 - [TEST_STEP][PASSED] - click: Object: 'Object Repository/Final Object Repo/WorkFlow Listing Page/Click Continue Tooltip' is clicked on

2018-12-13 12:56:38 - [MESSAGE][PASSED] - Object: 'Object Repository/Final Object Repo/WorkFlow Listing Page/Click Continue Tooltip' is clicked on

2018-12-13 12:56:38 - [TEST_STEP][PASSED] - delay: Delayed 5 second(s)

2018-12-13 12:56:43 - [MESSAGE][PASSED] - Delayed 5 second(s)

2018-12-13 12:56:43 - [TEST_STEP][PASSED] - doubleClick: Object: 'Object Repository/Final Object Repo/WorkFlow Listing Page/Workflow Found - Listing 1' is double clicked on

2018-12-13 12:56:44 - [MESSAGE][PASSED] - Object: 'Object Repository/Final Object Repo/WorkFlow Listing Page/Workflow Found - Listing 1' is double clicked on

2018-12-13 12:56:44 - [TEST_STEP][PASSED] - Statement - println(OwnerID): null

2018-12-13 12:56:44 - [TEST_STEP][PASSED] - Statement - OwnerID = com.kms.katalon.core.webui.keyword.WebUiBuiltInKeywords.getText(com.kms.katalon.core.testobject.ObjectRepository.findTestObject(Final Object Repo/WorkFlow Listing Page/Workflow Found - Listing 1), STOP_ON_FAILURE): Text of object 'Object Repository/Final Object Repo/WorkFlow Listing Page/Workflow Found - Listing 1' is: 'JOHORro2'

2018-12-13 12:56:44 - [MESSAGE][PASSED] - Text of object 'Object Repository/Final Object Repo/WorkFlow Listing Page/Workflow Found - Listing 1' is: 'JOHORro2'

2018-12-13 12:56:44 - [TEST_STEP][PASSED] - Statement - OwnerID = OwnerID.toLowerCase() + "@gmail.com": null

2018-12-13 12:56:44 - [TEST_STEP][PASSED] - Statement - println(OwnerID): null

2018-12-13 12:56:44 - [TEST_STEP][PASSED] - delay: Delayed 2 second(s)

2018-12-13 12:56:46 - [MESSAGE][PASSED] - Delayed 2 second(s)

2018-12-13 12:56:46 - [MESSAGE][PASSED] - Call Test Case 'Test Cases/Final Aug 2018 - PKS Automation/Common/Workflow Owner Finder' successfully

2018-12-13 12:56:46 - [TEST_STEP][PASSED] - callTestCase: Call Test Case 'Test Cases/Final Aug 2018 - PKS Automation/Registration Module/Log Out/log out avoiding katalon tagging' successfully

2018-12-13 12:56:46 - [TEST_CASE][PASSED] - Test Cases/Final Aug 2018 - PKS Automation/Registration Module/Log Out/log out avoiding katalon tagging: Test Cases/Final Aug 2018 - PKS Automation/Registration Module/Log Out/log out avoiding katalon tagging

2018-12-13 12:56:46 - [TEST_STEP][PASSED] - navigateToUrl: Navigate to 'https://assist2-uat.perkeso.gov.my/c/portal/logout' successfully

2018-12-13 12:56:46 - [MESSAGE][PASSED] - Navigate to 'https://assist2-uat.perkeso.gov.my/c/portal/logout' successfully

2018-12-13 12:56:46 - [MESSAGE][PASSED] - Call Test Case 'Test Cases/Final Aug 2018 - PKS Automation/Registration Module/Log Out/log out avoiding katalon tagging' successfully

2018-12-13 12:56:46 - [TEST_STEP][PASSED] - delay: Delayed 2 second(s)

2018-12-13 12:56:48 - [MESSAGE][PASSED] - Delayed 2 second(s)

2018-12-13 12:56:48 - [TEST_STEP][PASSED] - setText: Text 'johorro2@gmail.com' is set on object 'Object Repository/Final Object Repo/New Registration - Registration Module Pages/New Reg - OTC to RO/Special Case - All Related Objects/Email TextBox'

2018-12-13 12:56:49 - [MESSAGE][PASSED] - Text 'johorro2@gmail.com' is set on object 'Object Repository/Final Object Repo/New Registration - Registration Module Pages/New Reg - OTC to RO/Special Case - All Related Objects/Email TextBox'

2018-12-13 12:56:49 - [TEST_STEP][PASSED] - click: Object: 'Object Repository/Final Object Repo/New Registration - Registration Module Pages/New Reg - OTC to RO/Special Case - All Related Objects/Next Button' is clicked on

2018-12-13 12:56:49 - [MESSAGE][PASSED] - Object: 'Object Repository/Final Object Repo/New Registration - Registration Module Pages/New Reg - OTC to RO/Special Case - All Related Objects/Next Button' is clicked on

2018-12-13 12:56:49 - [TEST_STEP][PASSED] - delay: Delayed 2 second(s)

2018-12-13 12:56:51 - [MESSAGE][PASSED] - Delayed 2 second(s)

2018-12-13 12:56:51 - [TEST_STEP][PASSED] - setText: Text 'Test1@3456789' is set on object 'Object Repository/Final Object Repo/New Registration - Registration Module Pages/New Reg - OTC to RO/Special Case - All Related Objects/Password TextBox'

2018-12-13 12:56:51 - [MESSAGE][PASSED] - Text 'Test1@3456789' is set on object 'Object Repository/Final Object Repo/New Registration - Registration Module Pages/New Reg - OTC to RO/Special Case - All Related Objects/Password TextBox'

2018-12-13 12:56:51 - [TEST_STEP][PASSED] - delay: Delayed 2 second(s)

2018-12-13 12:56:53 - [MESSAGE][PASSED] - Delayed 2 second(s)

2018-12-13 12:56:53 - [TEST_STEP][PASSED] - click: Object: 'Object Repository/Final Object Repo/New Registration - Registration Module Pages/New Reg - OTC to RO/Special Case - All Related Objects/Login Button' is clicked on

2018-12-13 12:56:53 - [MESSAGE][PASSED] - Object: 'Object Repository/Final Object Repo/New Registration - Registration Module Pages/New Reg - OTC to RO/Special Case - All Related Objects/Login Button' is clicked on

2018-12-13 12:56:53 - [TEST_STEP][PASSED] - delay: Delayed 2 second(s)

2018-12-13 12:56:55 - [MESSAGE][PASSED] - Delayed 2 second(s)

2018-12-13 12:56:55 - [TEST_STEP][PASSED] - Statement - Try: null

2018-12-13 12:56:55 - [TEST_STEP][PASSED] - Statement - Checker = com.kms.katalon.core.webui.keyword.WebUiBuiltInKeywords.verifyElementNotPresent("Final Object Repo/Landing Page/Select to English", 3): null

2018-12-13 12:56:55 - [TEST_STEP][PASSED] - Statement - Catch (Exception e): null

2018-12-13 12:56:55 - [TEST_STEP][PASSED] - Statement - e.printStackTrace(): null

2018-12-13 12:56:55 - [TEST_STEP][PASSED] - click: Object: 'Object Repository/Final Object Repo/New Registration - Registration Module Pages/New Reg - OTC to RO/Special Case - All Related Objects/Expand to Search' is clicked on

2018-12-13 12:56:56 - [MESSAGE][PASSED] - Object: 'Object Repository/Final Object Repo/New Registration - Registration Module Pages/New Reg - OTC to RO/Special Case - All Related Objects/Expand to Search' is clicked on

2018-12-13 12:56:56 - [TEST_STEP][FAILED] - setText: Unable to set text 'CRN12201800123272' of object 'Object Repository/Final Object Repo/New Registration - Registration Module Pages/New Reg - OTC to RO/Special Case - All Related Objects/TextBox RefNo in Workbasket' (Root cause: org.openqa.selenium.ElementNotVisibleException: element not interactable
  (Session info: chrome=70.0.3538.110)
  (Driver info: chromedriver=2.43.600210 (68dcf5eebde37173d4027fa8635e332711d2874a),platform=Windows NT 6.1.7601 SP1 x86_64) (WARNING: The server did not provide any stacktrace information)
Command duration or timeout: 0 milliseconds
Build info: version: '3.7.1', revision: '8a0099a', time: '2017-11-06T21:07:36.161Z'
System info: host: 'WIN7TEST02', ip: '10.20.3.72', os.name: 'Windows 7', os.arch: 'amd64', os.version: '6.1', java.version: '1.8.0_181'
Driver info: com.kms.katalon.selenium.driver.CChromeDriver
Capabilities {acceptInsecureCerts: false, acceptSslCerts: false, applicationCacheEnabled: false, browserConnectionEnabled: false, browserName: chrome, chrome: {chromedriverVersion: 2.43.600210 (68dcf5eebde371..., userDataDir: C:\Users\Admin\AppData\Loca...}, cssSelectorsEnabled: true, databaseEnabled: false, goog:chromeOptions: {debuggerAddress: localhost:52424}, handlesAlerts: true, hasTouchScreen: false, javascriptEnabled: true, locationContextEnabled: true, mobileEmulationEnabled: false, nativeEvents: true, networkConnectionEnabled: false, pageLoadStrategy: normal, platform: XP, platformName: XP, rotatable: false, setWindowRect: true, takesHeapSnapshot: true, takesScreenshot: true, unexpectedAlertBehaviour: , unhandledPromptBehavior: , version: 70.0.3538.110, webStorageEnabled: true}
Session ID: d5b7e3854c0bc4b21009aef668cb2dc6)

2018-12-13 12:56:56 - [MESSAGE][FAILED] - Unable to set text 'CRN12201800123272' of object 'Object Repository/Final Object Repo/New Registration - Registration Module Pages/New Reg - OTC to RO/Special Case - All Related Objects/TextBox RefNo in Workbasket' (Root cause: org.openqa.selenium.ElementNotVisibleException: element not interactable
  (Session info: chrome=70.0.3538.110)
  (Driver info: chromedriver=2.43.600210 (68dcf5eebde37173d4027fa8635e332711d2874a),platform=Windows NT 6.1.7601 SP1 x86_64) (WARNING: The server did not provide any stacktrace information)
Command duration or timeout: 0 milliseconds
Build info: version: '3.7.1', revision: '8a0099a', time: '2017-11-06T21:07:36.161Z'
System info: host: 'WIN7TEST02', ip: '10.20.3.72', os.name: 'Windows 7', os.arch: 'amd64', os.version: '6.1', java.version: '1.8.0_181'
Driver info: com.kms.katalon.selenium.driver.CChromeDriver
Capabilities {acceptInsecureCerts: false, acceptSslCerts: false, applicationCacheEnabled: false, browserConnectionEnabled: false, browserName: chrome, chrome: {chromedriverVersion: 2.43.600210 (68dcf5eebde371..., userDataDir: C:\Users\Admin\AppData\Loca...}, cssSelectorsEnabled: true, databaseEnabled: false, goog:chromeOptions: {debuggerAddress: localhost:52424}, handlesAlerts: true, hasTouchScreen: false, javascriptEnabled: true, locationContextEnabled: true, mobileEmulationEnabled: false, nativeEvents: true, networkConnectionEnabled: false, pageLoadStrategy: normal, platform: XP, platformName: XP, rotatable: false, setWindowRect: true, takesHeapSnapshot: true, takesScreenshot: true, unexpectedAlertBehaviour: , unhandledPromptBehavior: , version: 70.0.3538.110, webStorageEnabled: true}
Session ID: d5b7e3854c0bc4b21009aef668cb2dc6)
[[ATTACHMENT|C:\\Users\\Admin\\Desktop\\PKS\\Perkeso Phase A\\Reports\\Workflow\\New Registration\\20181213_103053\\1544677016165.png]]

2018-12-13 12:56:56 - [TEST_STEP][PASSED] - delay: Delayed 2 second(s)

2018-12-13 12:56:58 - [MESSAGE][PASSED] - Delayed 2 second(s)

2018-12-13 12:56:58 - [TEST_STEP][PASSED] - click: Object: 'Object Repository/Final Object Repo/New Registration - Registration Module Pages/New Reg - OTC to RO/Special Case - All Related Objects/Click Search' is clicked on

2018-12-13 12:56:58 - [MESSAGE][PASSED] - Object: 'Object Repository/Final Object Repo/New Registration - Registration Module Pages/New Reg - OTC to RO/Special Case - All Related Objects/Click Search' is clicked on

2018-12-13 12:56:58 - [TEST_STEP][PASSED] - delay: Delayed 2 second(s)

2018-12-13 12:57:00 - [MESSAGE][PASSED] - Delayed 2 second(s)

2018-12-13 12:57:00 - [TEST_STEP][PASSED] - click: Object: 'Object Repository/Final Object Repo/New Registration - Registration Module Pages/New Reg - OTC to RO/Special Case - All Related Objects/Click to Continue Workflow' is clicked on

2018-12-13 12:57:04 - [MESSAGE][PASSED] - Object: 'Object Repository/Final Object Repo/New Registration - Registration Module Pages/New Reg - OTC to RO/Special Case - All Related Objects/Click to Continue Workflow' is clicked on

2018-12-13 12:57:04 - [TEST_STEP][PASSED] - delay: Delayed 2 second(s)

2018-12-13 12:57:06 - [MESSAGE][PASSED] - Delayed 2 second(s)

2018-12-13 12:57:06 - [TEST_STEP][PASSED] - click: Object: 'Object Repository/Final Object Repo/New Registration - Registration Module Pages/New Reg - OTC to RO/Special Case - All Related Objects/Continue Button in verifying case' is clicked on

2018-12-13 12:57:08 - [MESSAGE][PASSED] - Object: 'Object Repository/Final Object Repo/New Registration - Registration Module Pages/New Reg - OTC to RO/Special Case - All Related Objects/Continue Button in verifying case' is clicked on

2018-12-13 12:57:08 - [TEST_STEP][PASSED] - delay: Delayed 2 second(s)

2018-12-13 12:57:10 - [MESSAGE][PASSED] - Delayed 2 second(s)

2018-12-13 12:57:10 - [TEST_STEP][PASSED] - click: Object: 'Object Repository/Final Object Repo/New Registration - Registration Module Pages/Form 1/Registered As a Branch - Yes' is clicked on

2018-12-13 12:57:10 - [MESSAGE][PASSED] - Object: 'Object Repository/Final Object Repo/New Registration - Registration Module Pages/Form 1/Registered As a Branch - Yes' is clicked on

2018-12-13 12:57:10 - [TEST_STEP][PASSED] - delay: Delayed 2 second(s)

2018-12-13 12:57:12 - [MESSAGE][PASSED] - Delayed 2 second(s)

2018-12-13 12:57:12 - [TEST_STEP][PASSED] - click: Object: 'Object Repository/Final Object Repo/New Registration - Registration Module Pages/New Reg - OTC to RO/Special Case - All Related Objects/Form 1 Save n Continue' is clicked on

2018-12-13 12:57:12 - [MESSAGE][PASSED] - Object: 'Object Repository/Final Object Repo/New Registration - Registration Module Pages/New Reg - OTC to RO/Special Case - All Related Objects/Form 1 Save n Continue' is clicked on

2018-12-13 12:57:12 - [TEST_STEP][PASSED] - delay: Delayed 2 second(s)

2018-12-13 12:57:14 - [MESSAGE][PASSED] - Delayed 2 second(s)

2018-12-13 12:57:14 - [TEST_STEP][PASSED] - click: Object: 'Object Repository/Final Object Repo/New Registration - Registration Module Pages/New Reg - OTC to RO/Special Case - All Related Objects/Form 2 Save n Continue' is clicked on

2018-12-13 12:57:14 - [MESSAGE][PASSED] - Object: 'Object Repository/Final Object Repo/New Registration - Registration Module Pages/New Reg - OTC to RO/Special Case - All Related Objects/Form 2 Save n Continue' is clicked on

2018-12-13 12:57:14 - [TEST_STEP][PASSED] - delay: Delayed 2 second(s)

2018-12-13 12:57:16 - [MESSAGE][PASSED] - Delayed 2 second(s)

2018-12-13 12:57:16 - [TEST_STEP][PASSED] - click: Object: 'Object Repository/Final Object Repo/New Registration - Registration Module Pages/New Reg - OTC to RO/Special Case - All Related Objects/Third Screen Save n Continue' is clicked on

2018-12-13 12:57:21 - [MESSAGE][PASSED] - Object: 'Object Repository/Final Object Repo/New Registration - Registration Module Pages/New Reg - OTC to RO/Special Case - All Related Objects/Third Screen Save n Continue' is clicked on

2018-12-13 12:57:21 - [TEST_STEP][PASSED] - delay: Delayed 5 second(s)

2018-12-13 12:57:26 - [MESSAGE][PASSED] - Delayed 5 second(s)

2018-12-13 12:57:26 - [TEST_STEP][PASSED] - setText: Text 'Query case' is set on object 'Object Repository/Final Object Repo/New Registration - Registration Module Pages/New Reg - OTC to RO/Special Case - All Related Objects/Query Text Input'

2018-12-13 12:57:27 - [MESSAGE][PASSED] - Text 'Query case' is set on object 'Object Repository/Final Object Repo/New Registration - Registration Module Pages/New Reg - OTC to RO/Special Case - All Related Objects/Query Text Input'

2018-12-13 12:57:27 - [TEST_STEP][PASSED] - delay: Delayed 5 second(s)

2018-12-13 12:57:32 - [MESSAGE][PASSED] - Delayed 5 second(s)

2018-12-13 12:57:32 - [TEST_STEP][PASSED] - click: Object: 'Object Repository/Final Object Repo/New Registration - Registration Module Pages/New Reg - OTC to RO/Special Case - All Related Objects/Upload Doc Page Save n Continue' is clicked on

2018-12-13 12:57:32 - [MESSAGE][PASSED] - Object: 'Object Repository/Final Object Repo/New Registration - Registration Module Pages/New Reg - OTC to RO/Special Case - All Related Objects/Upload Doc Page Save n Continue' is clicked on

2018-12-13 12:57:32 - [TEST_STEP][PASSED] - click: Object: 'Object Repository/Final Object Repo/New Registration - Registration Module Pages/New Reg - OTC to RO/Special Case - All Related Objects/Query Button' is clicked on

2018-12-13 12:57:36 - [MESSAGE][PASSED] - Object: 'Object Repository/Final Object Repo/New Registration - Registration Module Pages/New Reg - OTC to RO/Special Case - All Related Objects/Query Button' is clicked on

2018-12-13 12:57:36 - [TEST_STEP][FAILED] - click: Unable to click on object 'Object Repository/Final Object Repo/New Registration - Registration Module Pages/New Reg - OTC to RO/Special Case - All Related Objects/Confirm to Query' (Root cause: org.openqa.selenium.ElementNotVisibleException: element not interactable
  (Session info: chrome=70.0.3538.110)
  (Driver info: chromedriver=2.43.600210 (68dcf5eebde37173d4027fa8635e332711d2874a),platform=Windows NT 6.1.7601 SP1 x86_64) (WARNING: The server did not provide any stacktrace information)
Command duration or timeout: 0 milliseconds
Build info: version: '3.7.1', revision: '8a0099a', time: '2017-11-06T21:07:36.161Z'
System info: host: 'WIN7TEST02', ip: '10.20.3.72', os.name: 'Windows 7', os.arch: 'amd64', os.version: '6.1', java.version: '1.8.0_181'
Driver info: com.kms.katalon.selenium.driver.CChromeDriver
Capabilities {acceptInsecureCerts: false, acceptSslCerts: false, applicationCacheEnabled: false, browserConnectionEnabled: false, browserName: chrome, chrome: {chromedriverVersion: 2.43.600210 (68dcf5eebde371..., userDataDir: C:\Users\Admin\AppData\Loca...}, cssSelectorsEnabled: true, databaseEnabled: false, goog:chromeOptions: {debuggerAddress: localhost:52424}, handlesAlerts: true, hasTouchScreen: false, javascriptEnabled: true, locationContextEnabled: true, mobileEmulationEnabled: false, nativeEvents: true, networkConnectionEnabled: false, pageLoadStrategy: normal, platform: XP, platformName: XP, rotatable: false, setWindowRect: true, takesHeapSnapshot: true, takesScreenshot: true, unexpectedAlertBehaviour: , unhandledPromptBehavior: , version: 70.0.3538.110, webStorageEnabled: true}
Session ID: d5b7e3854c0bc4b21009aef668cb2dc6)

2018-12-13 12:57:37 - [MESSAGE][FAILED] - Unable to click on object 'Object Repository/Final Object Repo/New Registration - Registration Module Pages/New Reg - OTC to RO/Special Case - All Related Objects/Confirm to Query' (Root cause: org.openqa.selenium.ElementNotVisibleException: element not interactable
  (Session info: chrome=70.0.3538.110)
  (Driver info: chromedriver=2.43.600210 (68dcf5eebde37173d4027fa8635e332711d2874a),platform=Windows NT 6.1.7601 SP1 x86_64) (WARNING: The server did not provide any stacktrace information)
Command duration or timeout: 0 milliseconds
Build info: version: '3.7.1', revision: '8a0099a', time: '2017-11-06T21:07:36.161Z'
System info: host: 'WIN7TEST02', ip: '10.20.3.72', os.name: 'Windows 7', os.arch: 'amd64', os.version: '6.1', java.version: '1.8.0_181'
Driver info: com.kms.katalon.selenium.driver.CChromeDriver
Capabilities {acceptInsecureCerts: false, acceptSslCerts: false, applicationCacheEnabled: false, browserConnectionEnabled: false, browserName: chrome, chrome: {chromedriverVersion: 2.43.600210 (68dcf5eebde371..., userDataDir: C:\Users\Admin\AppData\Loca...}, cssSelectorsEnabled: true, databaseEnabled: false, goog:chromeOptions: {debuggerAddress: localhost:52424}, handlesAlerts: true, hasTouchScreen: false, javascriptEnabled: true, locationContextEnabled: true, mobileEmulationEnabled: false, nativeEvents: true, networkConnectionEnabled: false, pageLoadStrategy: normal, platform: XP, platformName: XP, rotatable: false, setWindowRect: true, takesHeapSnapshot: true, takesScreenshot: true, unexpectedAlertBehaviour: , unhandledPromptBehavior: , version: 70.0.3538.110, webStorageEnabled: true}
Session ID: d5b7e3854c0bc4b21009aef668cb2dc6)
[[ATTACHMENT|C:\\Users\\Admin\\Desktop\\PKS\\Perkeso Phase A\\Reports\\Workflow\\New Registration\\20181213_103053\\1544677056736.png]]

2018-12-13 12:57:37 - [TEST_STEP][PASSED] - callTestCase: Call Test Case 'Test Cases/Final Aug 2018 - PKS Automation/Registration Module/Log Out/log out avoiding katalon tagging' successfully

2018-12-13 12:57:37 - [TEST_CASE][PASSED] - Test Cases/Final Aug 2018 - PKS Automation/Registration Module/Log Out/log out avoiding katalon tagging: Test Cases/Final Aug 2018 - PKS Automation/Registration Module/Log Out/log out avoiding katalon tagging

2018-12-13 12:57:37 - [TEST_STEP][PASSED] - navigateToUrl: Navigate to 'https://assist2-uat.perkeso.gov.my/c/portal/logout' successfully

2018-12-13 12:57:37 - [MESSAGE][PASSED] - Navigate to 'https://assist2-uat.perkeso.gov.my/c/portal/logout' successfully

2018-12-13 12:57:37 - [MESSAGE][PASSED] - Call Test Case 'Test Cases/Final Aug 2018 - PKS Automation/Registration Module/Log Out/log out avoiding katalon tagging' successfully

2018-12-13 12:57:37 - [TEST_STEP][PASSED] - delay: Delayed 2 second(s)

2018-12-13 12:57:39 - [MESSAGE][PASSED] - Delayed 2 second(s)

2018-12-13 12:57:39 - [TEST_STEP][PASSED] - setText: Text 'klotc2@gmail.com' is set on object 'Object Repository/Final Object Repo/Login Page/Internal User/Email Address'

2018-12-13 12:57:40 - [MESSAGE][PASSED] - Text 'klotc2@gmail.com' is set on object 'Object Repository/Final Object Repo/Login Page/Internal User/Email Address'

2018-12-13 12:57:40 - [TEST_STEP][PASSED] - click: Object: 'Object Repository/Final Object Repo/Login Page/Internal User/Next Button' is clicked on

2018-12-13 12:57:40 - [MESSAGE][PASSED] - Object: 'Object Repository/Final Object Repo/Login Page/Internal User/Next Button' is clicked on

2018-12-13 12:57:40 - [TEST_STEP][PASSED] - delay: Delayed 2 second(s)

2018-12-13 12:57:42 - [MESSAGE][PASSED] - Delayed 2 second(s)

2018-12-13 12:57:42 - [TEST_STEP][PASSED] - setText: Text 'Test1@3456789' is set on object 'Object Repository/Final Object Repo/Login Page/Internal User/Password'

2018-12-13 12:57:42 - [MESSAGE][PASSED] - Text 'Test1@3456789' is set on object 'Object Repository/Final Object Repo/Login Page/Internal User/Password'

2018-12-13 12:57:42 - [TEST_STEP][PASSED] - delay: Delayed 2 second(s)

2018-12-13 12:57:44 - [MESSAGE][PASSED] - Delayed 2 second(s)

2018-12-13 12:57:44 - [TEST_STEP][PASSED] - click: Object: 'Object Repository/Final Object Repo/Login Page/Internal User/Login Button' is clicked on

2018-12-13 12:57:44 - [MESSAGE][PASSED] - Object: 'Object Repository/Final Object Repo/Login Page/Internal User/Login Button' is clicked on

2018-12-13 12:57:44 - [TEST_STEP][PASSED] - delay: Delayed 2 second(s)

2018-12-13 12:57:46 - [MESSAGE][PASSED] - Delayed 2 second(s)

2018-12-13 12:57:46 - [TEST_STEP][PASSED] - Statement - Try: null

2018-12-13 12:57:46 - [TEST_STEP][PASSED] - Statement - Checker = com.kms.katalon.core.webui.keyword.WebUiBuiltInKeywords.verifyElementNotPresent("PKS_SIP_Updated_RegModule/Attempt/Page_MyASSIST - ASSIST/Select to English", 3): null

2018-12-13 12:57:46 - [TEST_STEP][PASSED] - Statement - Catch (Exception e): null

2018-12-13 12:57:46 - [TEST_STEP][PASSED] - Statement - e.printStackTrace(): null

2018-12-13 12:57:46 - [TEST_STEP][PASSED] - delay: Delayed 4 second(s)

2018-12-13 12:57:50 - [MESSAGE][PASSED] - Delayed 4 second(s)

2018-12-13 12:57:50 - [TEST_STEP][PASSED] - click: Object: 'Object Repository/Final Object Repo/Landing Page/My Sites Drop Down' is clicked on

2018-12-13 12:57:50 - [MESSAGE][PASSED] - Object: 'Object Repository/Final Object Repo/Landing Page/My Sites Drop Down' is clicked on

2018-12-13 12:57:50 - [TEST_STEP][PASSED] - click: Object: 'Object Repository/Final Object Repo/Landing Page/Select to Registration Module' is clicked on

2018-12-13 12:57:51 - [MESSAGE][PASSED] - Object: 'Object Repository/Final Object Repo/Landing Page/Select to Registration Module' is clicked on

2018-12-13 12:57:51 - [TEST_STEP][PASSED] - delay: Delayed 2 second(s)

2018-12-13 12:57:53 - [MESSAGE][PASSED] - Delayed 2 second(s)

2018-12-13 12:57:53 - [TEST_STEP][PASSED] - mouseOver: Object: 'Object Repository/Final Object Repo/New Registration - Registration Module Pages/New Reg - OTC to RO/Special Case - All Related Objects/Hover Over Search Drop Down' is hovered

2018-12-13 12:57:53 - [MESSAGE][PASSED] - Object: 'Object Repository/Final Object Repo/New Registration - Registration Module Pages/New Reg - OTC to RO/Special Case - All Related Objects/Hover Over Search Drop Down' is hovered

2018-12-13 12:57:53 - [TEST_STEP][PASSED] - click: Object: 'Object Repository/Final Object Repo/New Registration - Registration Module Pages/New Reg - OTC to RO/Special Case - All Related Objects/Select Search Pending Case' is clicked on

2018-12-13 12:57:54 - [MESSAGE][PASSED] - Object: 'Object Repository/Final Object Repo/New Registration - Registration Module Pages/New Reg - OTC to RO/Special Case - All Related Objects/Select Search Pending Case' is clicked on

2018-12-13 12:57:54 - [TEST_STEP][PASSED] - click: Object: 'Object Repository/Final Object Repo/New Registration - Registration Module Pages/New Reg - OTC to RO/Special Case - All Related Objects/Select Searching Method (Employer Code)' is clicked on

2018-12-13 12:57:54 - [MESSAGE][PASSED] - Object: 'Object Repository/Final Object Repo/New Registration - Registration Module Pages/New Reg - OTC to RO/Special Case - All Related Objects/Select Searching Method (Employer Code)' is clicked on

2018-12-13 12:57:54 - [TEST_STEP][PASSED] - click: Object: 'Object Repository/Final Object Repo/New Registration - Registration Module Pages/New Reg - OTC to RO/Special Case - All Related Objects/Select Searching Method to Reference ID' is clicked on

2018-12-13 12:57:54 - [MESSAGE][PASSED] - Object: 'Object Repository/Final Object Repo/New Registration - Registration Module Pages/New Reg - OTC to RO/Special Case - All Related Objects/Select Searching Method to Reference ID' is clicked on

2018-12-13 12:57:54 - [TEST_STEP][PASSED] - setText: Text 'CRN12201800123272' is set on object 'Object Repository/Final Object Repo/New Registration - Registration Module Pages/New Reg - OTC to RO/Special Case - All Related Objects/Pending Case Ref NO'

2018-12-13 12:57:55 - [MESSAGE][PASSED] - Text 'CRN12201800123272' is set on object 'Object Repository/Final Object Repo/New Registration - Registration Module Pages/New Reg - OTC to RO/Special Case - All Related Objects/Pending Case Ref NO'

2018-12-13 12:57:55 - [TEST_STEP][PASSED] - click: Object: 'Object Repository/Final Object Repo/New Registration - Registration Module Pages/New Reg - OTC to RO/Special Case - All Related Objects/Search Pending Case Based on Ref No' is clicked on

2018-12-13 12:57:55 - [MESSAGE][PASSED] - Object: 'Object Repository/Final Object Repo/New Registration - Registration Module Pages/New Reg - OTC to RO/Special Case - All Related Objects/Search Pending Case Based on Ref No' is clicked on

2018-12-13 12:57:55 - [TEST_STEP][FAILED] - click: Unable to click on object 'Object Repository/Final Object Repo/New Registration - Registration Module Pages/New Reg - OTC to RO/Special Case - All Related Objects/Action Button after found case' (Root cause: org.openqa.selenium.InvalidSelectorException: invalid selector: Unable to locate an element with the xpath expression  because of the following error:
SyntaxError: Failed to execute 'evaluate' on 'Document': The string '' is not a valid XPath expression.
  (Session info: chrome=70.0.3538.110)
  (Driver info: chromedriver=2.43.600210 (68dcf5eebde37173d4027fa8635e332711d2874a),platform=Windows NT 6.1.7601 SP1 x86_64) (WARNING: The server did not provide any stacktrace information)
Command duration or timeout: 0 milliseconds
For documentation on this error, please visit: http://seleniumhq.org/exceptions/invalid_selector_exception.html
Build info: version: '3.7.1', revision: '8a0099a', time: '2017-11-06T21:07:36.161Z'
System info: host: 'WIN7TEST02', ip: '10.20.3.72', os.name: 'Windows 7', os.arch: 'amd64', os.version: '6.1', java.version: '1.8.0_181'
Driver info: com.kms.katalon.selenium.driver.CChromeDriver
Capabilities {acceptInsecureCerts: false, acceptSslCerts: false, applicationCacheEnabled: false, browserConnectionEnabled: false, browserName: chrome, chrome: {chromedriverVersion: 2.43.600210 (68dcf5eebde371..., userDataDir: C:\Users\Admin\AppData\Loca...}, cssSelectorsEnabled: true, databaseEnabled: false, goog:chromeOptions: {debuggerAddress: localhost:52424}, handlesAlerts: true, hasTouchScreen: false, javascriptEnabled: true, locationContextEnabled: true, mobileEmulationEnabled: false, nativeEvents: true, networkConnectionEnabled: false, pageLoadStrategy: normal, platform: XP, platformName: XP, rotatable: false, setWindowRect: true, takesHeapSnapshot: true, takesScreenshot: true, unexpectedAlertBehaviour: , unhandledPromptBehavior: , version: 70.0.3538.110, webStorageEnabled: true}
Session ID: d5b7e3854c0bc4b21009aef668cb2dc6
*** Element info: {Using=xpath, value=})

2018-12-13 12:58:28 - [MESSAGE][FAILED] - Unable to click on object 'Object Repository/Final Object Repo/New Registration - Registration Module Pages/New Reg - OTC to RO/Special Case - All Related Objects/Action Button after found case' (Root cause: org.openqa.selenium.InvalidSelectorException: invalid selector: Unable to locate an element with the xpath expression  because of the following error:
SyntaxError: Failed to execute 'evaluate' on 'Document': The string '' is not a valid XPath expression.
  (Session info: chrome=70.0.3538.110)
  (Driver info: chromedriver=2.43.600210 (68dcf5eebde37173d4027fa8635e332711d2874a),platform=Windows NT 6.1.7601 SP1 x86_64) (WARNING: The server did not provide any stacktrace information)
Command duration or timeout: 0 milliseconds
For documentation on this error, please visit: http://seleniumhq.org/exceptions/invalid_selector_exception.html
Build info: version: '3.7.1', revision: '8a0099a', time: '2017-11-06T21:07:36.161Z'
System info: host: 'WIN7TEST02', ip: '10.20.3.72', os.name: 'Windows 7', os.arch: 'amd64', os.version: '6.1', java.version: '1.8.0_181'
Driver info: com.kms.katalon.selenium.driver.CChromeDriver
Capabilities {acceptInsecureCerts: false, acceptSslCerts: false, applicationCacheEnabled: false, browserConnectionEnabled: false, browserName: chrome, chrome: {chromedriverVersion: 2.43.600210 (68dcf5eebde371..., userDataDir: C:\Users\Admin\AppData\Loca...}, cssSelectorsEnabled: true, databaseEnabled: false, goog:chromeOptions: {debuggerAddress: localhost:52424}, handlesAlerts: true, hasTouchScreen: false, javascriptEnabled: true, locationContextEnabled: true, mobileEmulationEnabled: false, nativeEvents: true, networkConnectionEnabled: false, pageLoadStrategy: normal, platform: XP, platformName: XP, rotatable: false, setWindowRect: true, takesHeapSnapshot: true, takesScreenshot: true, unexpectedAlertBehaviour: , unhandledPromptBehavior: , version: 70.0.3538.110, webStorageEnabled: true}
Session ID: d5b7e3854c0bc4b21009aef668cb2dc6
*** Element info: {Using=xpath, value=})
[[ATTACHMENT|C:\\Users\\Admin\\Desktop\\PKS\\Perkeso Phase A\\Reports\\Workflow\\New Registration\\20181213_103053\\1544677107865.png]]

2018-12-13 12:58:28 - [TEST_STEP][FAILED] - click: Unable to click on object 'Object Repository/Final Object Repo/New Registration - Registration Module Pages/New Reg - OTC to RO/Special Case - All Related Objects/Next Button in Pending Case Form 1' (Root cause: com.kms.katalon.core.webui.exception.WebElementNotFoundException: Web element with id: 'Object Repository/Final Object Repo/New Registration - Registration Module Pages/New Reg - OTC to RO/Special Case - All Related Objects/Next Button in Pending Case Form 1' located by 'By.xpath: //a[@class = 'btn btn-lg blueBtn col-md-2 pull-right browserIdBtn' and (text() = ' NEXT
						' or . = ' NEXT
						')]' not found)

2018-12-13 12:59:01 - [MESSAGE][FAILED] - Unable to click on object 'Object Repository/Final Object Repo/New Registration - Registration Module Pages/New Reg - OTC to RO/Special Case - All Related Objects/Next Button in Pending Case Form 1' (Root cause: com.kms.katalon.core.webui.exception.WebElementNotFoundException: Web element with id: 'Object Repository/Final Object Repo/New Registration - Registration Module Pages/New Reg - OTC to RO/Special Case - All Related Objects/Next Button in Pending Case Form 1' located by 'By.xpath: //a[@class = 'btn btn-lg blueBtn col-md-2 pull-right browserIdBtn' and (text() = ' NEXT
						' or . = ' NEXT
						')]' not found)
[[ATTACHMENT|C:\\Users\\Admin\\Desktop\\PKS\\Perkeso Phase A\\Reports\\Workflow\\New Registration\\20181213_103053\\1544677141402.png]]

2018-12-13 12:59:01 - [TEST_STEP][FAILED] - click: Unable to click on object 'Object Repository/Final Object Repo/New Registration - Registration Module Pages/New Reg - OTC to RO/Special Case - All Related Objects/Next Button in Pending Case Form 2' (Root cause: com.kms.katalon.core.webui.exception.WebElementNotFoundException: Web element with id: 'Object Repository/Final Object Repo/New Registration - Registration Module Pages/New Reg - OTC to RO/Special Case - All Related Objects/Next Button in Pending Case Form 2' located by 'By.xpath: //a[@class = 'btn btn-lg blueBtn col-md-2 pull-right browserIdBtn' and (text() = ' NEXT
				' or . = ' NEXT
				')]' not found)

2018-12-13 12:59:34 - [MESSAGE][FAILED] - Unable to click on object 'Object Repository/Final Object Repo/New Registration - Registration Module Pages/New Reg - OTC to RO/Special Case - All Related Objects/Next Button in Pending Case Form 2' (Root cause: com.kms.katalon.core.webui.exception.WebElementNotFoundException: Web element with id: 'Object Repository/Final Object Repo/New Registration - Registration Module Pages/New Reg - OTC to RO/Special Case - All Related Objects/Next Button in Pending Case Form 2' located by 'By.xpath: //a[@class = 'btn btn-lg blueBtn col-md-2 pull-right browserIdBtn' and (text() = ' NEXT
				' or . = ' NEXT
				')]' not found)
[[ATTACHMENT|C:\\Users\\Admin\\Desktop\\PKS\\Perkeso Phase A\\Reports\\Workflow\\New Registration\\20181213_103053\\1544677174249.png]]

2018-12-13 12:59:34 - [TEST_STEP][FAILED] - click: Unable to click on object 'Object Repository/Final Object Repo/New Registration - Registration Module Pages/New Reg - OTC to RO/Special Case - All Related Objects/Next Button in Third Screen' (Root cause: com.kms.katalon.core.webui.exception.WebElementNotFoundException: Web element with id: 'Object Repository/Final Object Repo/New Registration - Registration Module Pages/New Reg - OTC to RO/Special Case - All Related Objects/Next Button in Third Screen' located by 'By.xpath: //a[@class = 'btn btn-lg blueBtn col-md-2 pull-right browserIdBtn' and (text() = ' NEXT
				' or . = ' NEXT
				')]' not found)

2018-12-13 13:00:08 - [MESSAGE][FAILED] - Unable to click on object 'Object Repository/Final Object Repo/New Registration - Registration Module Pages/New Reg - OTC to RO/Special Case - All Related Objects/Next Button in Third Screen' (Root cause: com.kms.katalon.core.webui.exception.WebElementNotFoundException: Web element with id: 'Object Repository/Final Object Repo/New Registration - Registration Module Pages/New Reg - OTC to RO/Special Case - All Related Objects/Next Button in Third Screen' located by 'By.xpath: //a[@class = 'btn btn-lg blueBtn col-md-2 pull-right browserIdBtn' and (text() = ' NEXT
				' or . = ' NEXT
				')]' not found)
[[ATTACHMENT|C:\\Users\\Admin\\Desktop\\PKS\\Perkeso Phase A\\Reports\\Workflow\\New Registration\\20181213_103053\\1544677207652.png]]

2018-12-13 13:00:08 - [TEST_STEP][FAILED] - click: Unable to click on object 'Object Repository/Final Object Repo/New Registration - Registration Module Pages/New Reg - OTC to RO/Special Case - All Related Objects/Add Document for Pending Case' (Root cause: com.kms.katalon.core.webui.exception.WebElementNotFoundException: Web element with id: 'Object Repository/Final Object Repo/New Registration - Registration Module Pages/New Reg - OTC to RO/Special Case - All Related Objects/Add Document for Pending Case' located by 'By.xpath: //a[@id = '_newreg_WAR_registrationportlet_dialogBtn' and (text() = '
					ADD DOCUMENT
	             ' or . = '
					ADD DOCUMENT
	             ')]' not found)

2018-12-13 13:00:41 - [MESSAGE][FAILED] - Unable to click on object 'Object Repository/Final Object Repo/New Registration - Registration Module Pages/New Reg - OTC to RO/Special Case - All Related Objects/Add Document for Pending Case' (Root cause: com.kms.katalon.core.webui.exception.WebElementNotFoundException: Web element with id: 'Object Repository/Final Object Repo/New Registration - Registration Module Pages/New Reg - OTC to RO/Special Case - All Related Objects/Add Document for Pending Case' located by 'By.xpath: //a[@id = '_newreg_WAR_registrationportlet_dialogBtn' and (text() = '
					ADD DOCUMENT
	             ' or . = '
					ADD DOCUMENT
	             ')]' not found)
[[ATTACHMENT|C:\\Users\\Admin\\Desktop\\PKS\\Perkeso Phase A\\Reports\\Workflow\\New Registration\\20181213_103053\\1544677240981.png]]

2018-12-13 13:00:41 - [TEST_STEP][FAILED] - click: Unable to click on object 'Object Repository/Final Object Repo/New Registration - Registration Module Pages/New Reg - OTC to RO/Special Case - All Related Objects/Upload Pending Doc - Please Select' (Root cause: com.kms.katalon.core.webui.exception.WebElementNotFoundException: Web element with id: 'Object Repository/Final Object Repo/New Registration - Registration Module Pages/New Reg - OTC to RO/Special Case - All Related Objects/Upload Pending Doc - Please Select' located by 'By.xpath: //span[@class = 'select2-selection__rendered' and @id = 'select2-_newreg_WAR_registrationportlet_objdocTypeId-container']' not found)

2018-12-13 13:01:14 - [MESSAGE][FAILED] - Unable to click on object 'Object Repository/Final Object Repo/New Registration - Registration Module Pages/New Reg - OTC to RO/Special Case - All Related Objects/Upload Pending Doc - Please Select' (Root cause: com.kms.katalon.core.webui.exception.WebElementNotFoundException: Web element with id: 'Object Repository/Final Object Repo/New Registration - Registration Module Pages/New Reg - OTC to RO/Special Case - All Related Objects/Upload Pending Doc - Please Select' located by 'By.xpath: //span[@class = 'select2-selection__rendered' and @id = 'select2-_newreg_WAR_registrationportlet_objdocTypeId-container']' not found)
[[ATTACHMENT|C:\\Users\\Admin\\Desktop\\PKS\\Perkeso Phase A\\Reports\\Workflow\\New Registration\\20181213_103053\\1544677274160.png]]

2018-12-13 13:01:14 - [TEST_STEP][FAILED] - click: Unable to click on object 'Object Repository/Final Object Repo/New Registration - Registration Module Pages/New Reg - OTC to RO/Special Case - All Related Objects/Select to Others to Upload' (Root cause: com.kms.katalon.core.webui.exception.WebElementNotFoundException: Web element with id: 'Object Repository/Final Object Repo/New Registration - Registration Module Pages/New Reg - OTC to RO/Special Case - All Related Objects/Select to Others to Upload' located by 'By.xpath: //span/ul/li/span[contains(text(),"Others")]' not found)

2018-12-13 13:01:45 - [MESSAGE][FAILED] - Unable to click on object 'Object Repository/Final Object Repo/New Registration - Registration Module Pages/New Reg - OTC to RO/Special Case - All Related Objects/Select to Others to Upload' (Root cause: com.kms.katalon.core.webui.exception.WebElementNotFoundException: Web element with id: 'Object Repository/Final Object Repo/New Registration - Registration Module Pages/New Reg - OTC to RO/Special Case - All Related Objects/Select to Others to Upload' located by 'By.xpath: //span/ul/li/span[contains(text(),"Others")]' not found)
[[ATTACHMENT|C:\\Users\\Admin\\Desktop\\PKS\\Perkeso Phase A\\Reports\\Workflow\\New Registration\\20181213_103053\\1544677305562.png]]

2018-12-13 13:01:45 - [TEST_STEP][FAILED] - uploadFile: Unable to upload file 'C:\Users\Public\Pictures\Sample Pictures\Koala.jpg' to object 'Object Repository/Final Object Repo/New Registration - Registration Module Pages/New Reg - OTC to RO/Special Case - All Related Objects/Uploading Pending Case Action' (Root cause: com.kms.katalon.core.webui.exception.WebElementNotFoundException: Web element with id: 'Object Repository/Final Object Repo/New Registration - Registration Module Pages/New Reg - OTC to RO/Special Case - All Related Objects/Uploading Pending Case Action' located by 'By.xpath: //input[@id = '_newreg_WAR_registrationportlet_uploadFile' and @name = '_newreg_WAR_registrationportlet_uploadFile' and @type = 'file']' not found)

2018-12-13 13:02:17 - [MESSAGE][FAILED] - Unable to upload file 'C:\Users\Public\Pictures\Sample Pictures\Koala.jpg' to object 'Object Repository/Final Object Repo/New Registration - Registration Module Pages/New Reg - OTC to RO/Special Case - All Related Objects/Uploading Pending Case Action' (Root cause: com.kms.katalon.core.webui.exception.WebElementNotFoundException: Web element with id: 'Object Repository/Final Object Repo/New Registration - Registration Module Pages/New Reg - OTC to RO/Special Case - All Related Objects/Uploading Pending Case Action' located by 'By.xpath: //input[@id = '_newreg_WAR_registrationportlet_uploadFile' and @name = '_newreg_WAR_registrationportlet_uploadFile' and @type = 'file']' not found)
[[ATTACHMENT|C:\\Users\\Admin\\Desktop\\PKS\\Perkeso Phase A\\Reports\\Workflow\\New Registration\\20181213_103053\\1544677337157.png]]

2018-12-13 13:02:17 - [TEST_STEP][FAILED] - click: Unable to click on object 'Object Repository/Final Object Repo/New Registration - Registration Module Pages/New Reg - OTC to RO/Special Case - All Related Objects/Inner form Add Document Button Pending Case' (Root cause: com.kms.katalon.core.webui.exception.WebElementNotFoundException: Web element with id: 'Object Repository/Final Object Repo/New Registration - Registration Module Pages/New Reg - OTC to RO/Special Case - All Related Objects/Inner form Add Document Button Pending Case' located by 'By.xpath: //a[@class = 'btn btn-lg blueBtn col-md-2 pull-right' and @targets = 'baseMsgDivId' and (text() = '
										ADD DOCUMENT
								     ' or . = '
										ADD DOCUMENT
								     ')]' not found)

2018-12-13 13:02:52 - [MESSAGE][FAILED] - Unable to click on object 'Object Repository/Final Object Repo/New Registration - Registration Module Pages/New Reg - OTC to RO/Special Case - All Related Objects/Inner form Add Document Button Pending Case' (Root cause: com.kms.katalon.core.webui.exception.WebElementNotFoundException: Web element with id: 'Object Repository/Final Object Repo/New Registration - Registration Module Pages/New Reg - OTC to RO/Special Case - All Related Objects/Inner form Add Document Button Pending Case' located by 'By.xpath: //a[@class = 'btn btn-lg blueBtn col-md-2 pull-right' and @targets = 'baseMsgDivId' and (text() = '
										ADD DOCUMENT
								     ' or . = '
										ADD DOCUMENT
								     ')]' not found)
[[ATTACHMENT|C:\\Users\\Admin\\Desktop\\PKS\\Perkeso Phase A\\Reports\\Workflow\\New Registration\\20181213_103053\\1544677371692.png]]

2018-12-13 13:02:52 - [TEST_STEP][FAILED] - click: Unable to click on object 'Object Repository/Final Object Repo/New Registration - Registration Module Pages/New Reg - OTC to RO/Special Case - All Related Objects/Pending Case Exit' (Root cause: com.kms.katalon.core.webui.exception.WebElementNotFoundException: Web element with id: 'Object Repository/Final Object Repo/New Registration - Registration Module Pages/New Reg - OTC to RO/Special Case - All Related Objects/Pending Case Exit' located by 'By.xpath: //a[@id = '_newreg_WAR_registrationportlet_exitBtnId' and @class = 'btn btn-lg blueBtn col-md-2 pull-right' and (text() = '
									EXIT
				                ' or . = '
									EXIT
				                ')]' not found)

2018-12-13 13:03:24 - [MESSAGE][FAILED] - Unable to click on object 'Object Repository/Final Object Repo/New Registration - Registration Module Pages/New Reg - OTC to RO/Special Case - All Related Objects/Pending Case Exit' (Root cause: com.kms.katalon.core.webui.exception.WebElementNotFoundException: Web element with id: 'Object Repository/Final Object Repo/New Registration - Registration Module Pages/New Reg - OTC to RO/Special Case - All Related Objects/Pending Case Exit' located by 'By.xpath: //a[@id = '_newreg_WAR_registrationportlet_exitBtnId' and @class = 'btn btn-lg blueBtn col-md-2 pull-right' and (text() = '
									EXIT
				                ' or . = '
									EXIT
				                ')]' not found)
[[ATTACHMENT|C:\\Users\\Admin\\Desktop\\PKS\\Perkeso Phase A\\Reports\\Workflow\\New Registration\\20181213_103053\\1544677404618.png]]

2018-12-13 13:03:24 - [TEST_STEP][PASSED] - callTestCase: Call Test Case 'Test Cases/Final Aug 2018 - PKS Automation/Registration Module/Log Out/log out avoiding katalon tagging' successfully

2018-12-13 13:03:25 - [TEST_CASE][PASSED] - Test Cases/Final Aug 2018 - PKS Automation/Registration Module/Log Out/log out avoiding katalon tagging: Test Cases/Final Aug 2018 - PKS Automation/Registration Module/Log Out/log out avoiding katalon tagging

2018-12-13 13:03:25 - [TEST_STEP][PASSED] - navigateToUrl: Navigate to 'https://assist2-uat.perkeso.gov.my/c/portal/logout' successfully

2018-12-13 13:03:25 - [MESSAGE][PASSED] - Navigate to 'https://assist2-uat.perkeso.gov.my/c/portal/logout' successfully

2018-12-13 13:03:25 - [MESSAGE][PASSED] - Call Test Case 'Test Cases/Final Aug 2018 - PKS Automation/Registration Module/Log Out/log out avoiding katalon tagging' successfully

2018-12-13 13:03:25 - [TEST_STEP][PASSED] - callTestCase: Call Test Case 'Test Cases/Final Aug 2018 - PKS Automation/Common/Workflow Owner Finder' successfully

2018-12-13 13:03:25 - [TEST_CASE][PASSED] - Test Cases/Final Aug 2018 - PKS Automation/Common/Workflow Owner Finder: Test Cases/Final Aug 2018 - PKS Automation/Common/Workflow Owner Finder

2018-12-13 13:03:25 - [TEST_STEP][PASSED] - openBrowser: Browser is opened with url: ''

2018-12-13 13:03:25 - [MESSAGE][WARNING] - A browser is already opened. Closing browser and opening a new one

2018-12-13 13:03:29 - [MESSAGE][PASSED] - Browser is opened with url: ''

2018-12-13 13:03:29 - [TEST_STEP][PASSED] - navigateToUrl: Navigate to 'https://assist2-uat.perkeso.gov.my/login' successfully

2018-12-13 13:03:31 - [MESSAGE][PASSED] - Navigate to 'https://assist2-uat.perkeso.gov.my/login' successfully

2018-12-13 13:03:31 - [TEST_STEP][PASSED] - delay: Delayed 5 second(s)

2018-12-13 13:03:36 - [MESSAGE][PASSED] - Delayed 5 second(s)

2018-12-13 13:03:36 - [TEST_STEP][PASSED] - setText: Text 'test@liferay.com' is set on object 'Object Repository/Final Object Repo/Login Page/Internal User/Email Address'

2018-12-13 13:03:36 - [MESSAGE][PASSED] - Text 'test@liferay.com' is set on object 'Object Repository/Final Object Repo/Login Page/Internal User/Email Address'

2018-12-13 13:03:36 - [TEST_STEP][PASSED] - click: Object: 'Object Repository/Final Object Repo/Login Page/Internal User/Next Button' is clicked on

2018-12-13 13:03:36 - [MESSAGE][PASSED] - Object: 'Object Repository/Final Object Repo/Login Page/Internal User/Next Button' is clicked on

2018-12-13 13:03:36 - [TEST_STEP][PASSED] - delay: Delayed 2 second(s)

2018-12-13 13:03:38 - [MESSAGE][PASSED] - Delayed 2 second(s)

2018-12-13 13:03:38 - [TEST_STEP][PASSED] - setText: Text 'test' is set on object 'Object Repository/Final Object Repo/Login Page/Internal User/Password'

2018-12-13 13:03:39 - [MESSAGE][PASSED] - Text 'test' is set on object 'Object Repository/Final Object Repo/Login Page/Internal User/Password'

2018-12-13 13:03:39 - [TEST_STEP][PASSED] - delay: Delayed 2 second(s)

2018-12-13 13:03:41 - [MESSAGE][PASSED] - Delayed 2 second(s)

2018-12-13 13:03:41 - [TEST_STEP][PASSED] - click: Object: 'Object Repository/Final Object Repo/Login Page/Internal User/Login Button' is clicked on

2018-12-13 13:03:41 - [MESSAGE][PASSED] - Object: 'Object Repository/Final Object Repo/Login Page/Internal User/Login Button' is clicked on

2018-12-13 13:03:41 - [TEST_STEP][PASSED] - Statement - tester = com.kms.katalon.core.testobject.ObjectRepository.findTestObject(Final Object Repo/Landing Page/Select to English): Finding Test Object with id 'Object Repository/Final Object Repo/Landing Page/Select to English'

2018-12-13 13:03:41 - [TEST_STEP][PASSED] - Statement - Try: Delayed 2 second(s)

2018-12-13 13:03:41 - [TEST_STEP][PASSED] - Statement - Checker = com.kms.katalon.core.webui.keyword.WebUiBuiltInKeywords.verifyElementNotPresent(tester, 3): Web element with id: 'Object Repository/Final Object Repo/Landing Page/Select to English' located by 'By.xpath: //a[@class = 'taglib-language-list-text' and @lang = 'en-US' and (contains(text(), 'EN') or contains(., 'EN'))]' is not present after '3' second(s)

2018-12-13 13:03:43 - [MESSAGE][PASSED] - Web element with id: 'Object Repository/Final Object Repo/Landing Page/Select to English' located by 'By.xpath: //a[@class = 'taglib-language-list-text' and @lang = 'en-US' and (contains(text(), 'EN') or contains(., 'EN'))]' is not present after '3' second(s)

2018-12-13 13:03:43 - [TEST_STEP][PASSED] - Statement - If (Checker == false): null

2018-12-13 13:03:43 - [TEST_STEP][PASSED] - delay: Delayed 2 second(s)

2018-12-13 13:03:45 - [MESSAGE][PASSED] - Delayed 2 second(s)

2018-12-13 13:03:45 - [TEST_STEP][PASSED] - delay: Delayed 5 second(s)

2018-12-13 13:03:50 - [MESSAGE][PASSED] - Delayed 5 second(s)

2018-12-13 13:03:50 - [TEST_STEP][PASSED] - mouseOver: Object: 'Object Repository/Final Object Repo/Landing Page/WorkFlow Menu' is hovered

2018-12-13 13:03:50 - [MESSAGE][PASSED] - Object: 'Object Repository/Final Object Repo/Landing Page/WorkFlow Menu' is hovered

2018-12-13 13:03:50 - [TEST_STEP][PASSED] - delay: Delayed 2 second(s)

2018-12-13 13:03:52 - [MESSAGE][PASSED] - Delayed 2 second(s)

2018-12-13 13:03:52 - [TEST_STEP][PASSED] - click: Object: 'Object Repository/Final Object Repo/Landing Page/Select to Workflow Listing' is clicked on

2018-12-13 13:03:53 - [MESSAGE][PASSED] - Object: 'Object Repository/Final Object Repo/Landing Page/Select to Workflow Listing' is clicked on

2018-12-13 13:03:53 - [TEST_STEP][PASSED] - delay: Delayed 2 second(s)

2018-12-13 13:03:55 - [MESSAGE][PASSED] - Delayed 2 second(s)

2018-12-13 13:03:55 - [TEST_STEP][PASSED] - click: Object: 'Object Repository/Final Object Repo/WorkFlow Listing Page/Search Information - To Put Ref No' is clicked on

2018-12-13 13:03:55 - [MESSAGE][PASSED] - Object: 'Object Repository/Final Object Repo/WorkFlow Listing Page/Search Information - To Put Ref No' is clicked on

2018-12-13 13:03:55 - [TEST_STEP][PASSED] - delay: Delayed 2 second(s)

2018-12-13 13:03:57 - [MESSAGE][PASSED] - Delayed 2 second(s)

2018-12-13 13:03:57 - [TEST_STEP][PASSED] - callTestCase: Call Test Case 'Test Cases/Final Aug 2018 - PKS Automation/Common/Reference Number Getter' successfully

2018-12-13 13:03:57 - [TEST_CASE][PASSED] - Test Cases/Final Aug 2018 - PKS Automation/Common/Reference Number Getter: Test Cases/Final Aug 2018 - PKS Automation/Common/Reference Number Getter

2018-12-13 13:03:57 - [TEST_STEP][PASSED] - Statement - Try: null

2018-12-13 13:03:57 - [TEST_STEP][PASSED] - Statement - RefNo = new java.io.File(C://Users//Admin//Desktop//PKS//Automation Reference Point//KatalonReference.txt): null

2018-12-13 13:03:57 - [TEST_STEP][PASSED] - Statement - bufferread = new java.io.BufferedReader(new java.io.FileReader(RefNo)): null

2018-12-13 13:03:57 - [TEST_STEP][PASSED] - Statement - readedVal = bufferread.readLine(): null

2018-12-13 13:03:57 - [TEST_STEP][PASSED] - Statement - out.println(CaseReferenceNo): null

2018-12-13 13:03:57 - [TEST_STEP][PASSED] - Statement - out.println(readedVal): null

2018-12-13 13:03:57 - [TEST_STEP][PASSED] - Statement - CaseReferenceNo = "": null

2018-12-13 13:03:57 - [TEST_STEP][PASSED] - Statement - CaseReferenceNo = readedVal: null

2018-12-13 13:03:57 - [MESSAGE][PASSED] - Call Test Case 'Test Cases/Final Aug 2018 - PKS Automation/Common/Reference Number Getter' successfully

2018-12-13 13:03:57 - [TEST_STEP][PASSED] - setText: Text 'CRN12201800123272' is set on object 'Object Repository/Final Object Repo/WorkFlow Listing Page/Ref No Set Text'

2018-12-13 13:03:58 - [MESSAGE][PASSED] - Text 'CRN12201800123272' is set on object 'Object Repository/Final Object Repo/WorkFlow Listing Page/Ref No Set Text'

2018-12-13 13:03:58 - [TEST_STEP][PASSED] - delay: Delayed 2 second(s)

2018-12-13 13:04:00 - [MESSAGE][PASSED] - Delayed 2 second(s)

2018-12-13 13:04:00 - [TEST_STEP][PASSED] - click: Object: 'Object Repository/Final Object Repo/WorkFlow Listing Page/Search Ref No Search Button' is clicked on

2018-12-13 13:04:00 - [MESSAGE][PASSED] - Object: 'Object Repository/Final Object Repo/WorkFlow Listing Page/Search Ref No Search Button' is clicked on

2018-12-13 13:04:00 - [TEST_STEP][PASSED] - delay: Delayed 6 second(s)

2018-12-13 13:04:06 - [MESSAGE][PASSED] - Delayed 6 second(s)

2018-12-13 13:04:06 - [TEST_STEP][PASSED] - click: Object: 'Object Repository/Final Object Repo/WorkFlow Listing Page/Click Continue Tooltip' is clicked on

2018-12-13 13:04:07 - [MESSAGE][PASSED] - Object: 'Object Repository/Final Object Repo/WorkFlow Listing Page/Click Continue Tooltip' is clicked on

2018-12-13 13:04:07 - [TEST_STEP][PASSED] - delay: Delayed 5 second(s)

2018-12-13 13:04:12 - [MESSAGE][PASSED] - Delayed 5 second(s)

2018-12-13 13:04:12 - [TEST_STEP][PASSED] - doubleClick: Object: 'Object Repository/Final Object Repo/WorkFlow Listing Page/Workflow Found - Listing 1' is double clicked on

2018-12-13 13:04:12 - [MESSAGE][PASSED] - Object: 'Object Repository/Final Object Repo/WorkFlow Listing Page/Workflow Found - Listing 1' is double clicked on

2018-12-13 13:04:12 - [TEST_STEP][PASSED] - Statement - println(OwnerID): null

2018-12-13 13:04:12 - [TEST_STEP][PASSED] - Statement - OwnerID = com.kms.katalon.core.webui.keyword.WebUiBuiltInKeywords.getText(com.kms.katalon.core.testobject.ObjectRepository.findTestObject(Final Object Repo/WorkFlow Listing Page/Workflow Found - Listing 1), STOP_ON_FAILURE): Text of object 'Object Repository/Final Object Repo/WorkFlow Listing Page/Workflow Found - Listing 1' is: 'JOHORro2'

2018-12-13 13:04:12 - [MESSAGE][PASSED] - Text of object 'Object Repository/Final Object Repo/WorkFlow Listing Page/Workflow Found - Listing 1' is: 'JOHORro2'

2018-12-13 13:04:12 - [TEST_STEP][PASSED] - Statement - OwnerID = OwnerID.toLowerCase() + "@gmail.com": null

2018-12-13 13:04:12 - [TEST_STEP][PASSED] - Statement - println(OwnerID): null

2018-12-13 13:04:12 - [TEST_STEP][PASSED] - delay: Delayed 2 second(s)

2018-12-13 13:04:14 - [MESSAGE][PASSED] - Delayed 2 second(s)

2018-12-13 13:04:14 - [MESSAGE][PASSED] - Call Test Case 'Test Cases/Final Aug 2018 - PKS Automation/Common/Workflow Owner Finder' successfully

2018-12-13 13:04:14 - [TEST_STEP][PASSED] - callTestCase: Call Test Case 'Test Cases/Final Aug 2018 - PKS Automation/Registration Module/Log Out/log out avoiding katalon tagging' successfully

2018-12-13 13:04:14 - [TEST_CASE][PASSED] - Test Cases/Final Aug 2018 - PKS Automation/Registration Module/Log Out/log out avoiding katalon tagging: Test Cases/Final Aug 2018 - PKS Automation/Registration Module/Log Out/log out avoiding katalon tagging

2018-12-13 13:04:14 - [TEST_STEP][PASSED] - navigateToUrl: Navigate to 'https://assist2-uat.perkeso.gov.my/c/portal/logout' successfully

2018-12-13 13:04:15 - [MESSAGE][PASSED] - Navigate to 'https://assist2-uat.perkeso.gov.my/c/portal/logout' successfully

2018-12-13 13:04:15 - [MESSAGE][PASSED] - Call Test Case 'Test Cases/Final Aug 2018 - PKS Automation/Registration Module/Log Out/log out avoiding katalon tagging' successfully

2018-12-13 13:04:15 - [TEST_STEP][PASSED] - delay: Delayed 2 second(s)

2018-12-13 13:04:17 - [MESSAGE][PASSED] - Delayed 2 second(s)

2018-12-13 13:04:17 - [TEST_STEP][PASSED] - setText: Text 'johorro2@gmail.com' is set on object 'Object Repository/Final Object Repo/Login Page/Internal User/Email Address'

2018-12-13 13:04:17 - [MESSAGE][PASSED] - Text 'johorro2@gmail.com' is set on object 'Object Repository/Final Object Repo/Login Page/Internal User/Email Address'

2018-12-13 13:04:17 - [TEST_STEP][PASSED] - click: Object: 'Object Repository/Final Object Repo/Login Page/Internal User/Next Button' is clicked on

2018-12-13 13:04:18 - [MESSAGE][PASSED] - Object: 'Object Repository/Final Object Repo/Login Page/Internal User/Next Button' is clicked on

2018-12-13 13:04:18 - [TEST_STEP][PASSED] - delay: Delayed 2 second(s)

2018-12-13 13:04:20 - [MESSAGE][PASSED] - Delayed 2 second(s)

2018-12-13 13:04:20 - [TEST_STEP][PASSED] - setText: Text 'Test1@3456789' is set on object 'Object Repository/Final Object Repo/Login Page/Internal User/Password'

2018-12-13 13:04:20 - [MESSAGE][PASSED] - Text 'Test1@3456789' is set on object 'Object Repository/Final Object Repo/Login Page/Internal User/Password'

2018-12-13 13:04:20 - [TEST_STEP][PASSED] - delay: Delayed 2 second(s)

2018-12-13 13:04:22 - [MESSAGE][PASSED] - Delayed 2 second(s)

2018-12-13 13:04:22 - [TEST_STEP][PASSED] - click: Object: 'Object Repository/Final Object Repo/Login Page/Internal User/Login Button' is clicked on

2018-12-13 13:04:22 - [MESSAGE][PASSED] - Object: 'Object Repository/Final Object Repo/Login Page/Internal User/Login Button' is clicked on

2018-12-13 13:04:22 - [TEST_STEP][PASSED] - delay: Delayed 2 second(s)

2018-12-13 13:04:24 - [MESSAGE][PASSED] - Delayed 2 second(s)

2018-12-13 13:04:24 - [TEST_STEP][PASSED] - Statement - Try: null

2018-12-13 13:04:24 - [TEST_STEP][PASSED] - Statement - Checker = com.kms.katalon.core.webui.keyword.WebUiBuiltInKeywords.verifyElementNotPresent("Final Object Repo/Landing Page/Select to English", 3): null

2018-12-13 13:04:24 - [TEST_STEP][PASSED] - Statement - Catch (Exception e): null

2018-12-13 13:04:24 - [TEST_STEP][PASSED] - Statement - e.printStackTrace(): null

2018-12-13 13:04:24 - [TEST_STEP][PASSED] - click: Object: 'Object Repository/Final Object Repo/New Registration - Registration Module Pages/New Reg - OTC to RO/Special Case - All Related Objects/Expand to Search' is clicked on

2018-12-13 13:04:24 - [MESSAGE][PASSED] - Object: 'Object Repository/Final Object Repo/New Registration - Registration Module Pages/New Reg - OTC to RO/Special Case - All Related Objects/Expand to Search' is clicked on

2018-12-13 13:04:24 - [TEST_STEP][PASSED] - callTestCase: Call Test Case 'Test Cases/Final Aug 2018 - PKS Automation/Common/Reference Number Getter' successfully

2018-12-13 13:04:24 - [TEST_CASE][PASSED] - Test Cases/Final Aug 2018 - PKS Automation/Common/Reference Number Getter: Test Cases/Final Aug 2018 - PKS Automation/Common/Reference Number Getter

2018-12-13 13:04:24 - [TEST_STEP][PASSED] - Statement - Try: null

2018-12-13 13:04:24 - [TEST_STEP][PASSED] - Statement - RefNo = new java.io.File(C://Users//Admin//Desktop//PKS//Automation Reference Point//KatalonReference.txt): null

2018-12-13 13:04:24 - [TEST_STEP][PASSED] - Statement - bufferread = new java.io.BufferedReader(new java.io.FileReader(RefNo)): null

2018-12-13 13:04:24 - [TEST_STEP][PASSED] - Statement - readedVal = bufferread.readLine(): null

2018-12-13 13:04:24 - [TEST_STEP][PASSED] - Statement - out.println(CaseReferenceNo): null

2018-12-13 13:04:24 - [TEST_STEP][PASSED] - Statement - out.println(readedVal): null

2018-12-13 13:04:24 - [TEST_STEP][PASSED] - Statement - CaseReferenceNo = "": null

2018-12-13 13:04:24 - [TEST_STEP][PASSED] - Statement - CaseReferenceNo = readedVal: null

2018-12-13 13:04:24 - [MESSAGE][PASSED] - Call Test Case 'Test Cases/Final Aug 2018 - PKS Automation/Common/Reference Number Getter' successfully

2018-12-13 13:04:24 - [TEST_STEP][PASSED] - setText: Text 'CRN12201800123272' is set on object 'Object Repository/Final Object Repo/New Registration - Registration Module Pages/New Reg - OTC to RO/Special Case - All Related Objects/TextBox RefNo in Workbasket'

2018-12-13 13:04:25 - [MESSAGE][PASSED] - Text 'CRN12201800123272' is set on object 'Object Repository/Final Object Repo/New Registration - Registration Module Pages/New Reg - OTC to RO/Special Case - All Related Objects/TextBox RefNo in Workbasket'

2018-12-13 13:04:25 - [TEST_STEP][PASSED] - delay: Delayed 2 second(s)

2018-12-13 13:04:27 - [MESSAGE][PASSED] - Delayed 2 second(s)

2018-12-13 13:04:27 - [TEST_STEP][PASSED] - click: Object: 'Object Repository/Final Object Repo/New Registration - Registration Module Pages/New Reg - OTC to RO/Special Case - All Related Objects/Click Search' is clicked on

2018-12-13 13:04:27 - [MESSAGE][PASSED] - Object: 'Object Repository/Final Object Repo/New Registration - Registration Module Pages/New Reg - OTC to RO/Special Case - All Related Objects/Click Search' is clicked on

2018-12-13 13:04:27 - [TEST_STEP][PASSED] - delay: Delayed 2 second(s)

2018-12-13 13:04:29 - [MESSAGE][PASSED] - Delayed 2 second(s)

2018-12-13 13:04:29 - [TEST_STEP][PASSED] - click: Object: 'Object Repository/Final Object Repo/New Registration - Registration Module Pages/New Reg - OTC to RO/Special Case - All Related Objects/Click to Continue Workflow' is clicked on

2018-12-13 13:04:34 - [MESSAGE][PASSED] - Object: 'Object Repository/Final Object Repo/New Registration - Registration Module Pages/New Reg - OTC to RO/Special Case - All Related Objects/Click to Continue Workflow' is clicked on

2018-12-13 13:04:34 - [TEST_STEP][PASSED] - delay: Delayed 2 second(s)

2018-12-13 13:04:36 - [MESSAGE][PASSED] - Delayed 2 second(s)

2018-12-13 13:04:36 - [TEST_STEP][PASSED] - click: Object: 'Object Repository/Final Object Repo/New Registration - Registration Module Pages/New Reg - OTC to RO/Special Case - All Related Objects/Continue Button in verifying case' is clicked on

2018-12-13 13:04:39 - [MESSAGE][PASSED] - Object: 'Object Repository/Final Object Repo/New Registration - Registration Module Pages/New Reg - OTC to RO/Special Case - All Related Objects/Continue Button in verifying case' is clicked on

2018-12-13 13:04:39 - [TEST_STEP][PASSED] - delay: Delayed 2 second(s)

2018-12-13 13:04:41 - [MESSAGE][PASSED] - Delayed 2 second(s)

2018-12-13 13:04:41 - [TEST_STEP][PASSED] - click: Object: 'Object Repository/Final Object Repo/New Registration - Registration Module Pages/New Reg - OTC to RO/Special Case - All Related Objects/Form 1 Save n Continue' is clicked on

2018-12-13 13:04:41 - [MESSAGE][PASSED] - Object: 'Object Repository/Final Object Repo/New Registration - Registration Module Pages/New Reg - OTC to RO/Special Case - All Related Objects/Form 1 Save n Continue' is clicked on

2018-12-13 13:04:41 - [TEST_STEP][PASSED] - delay: Delayed 2 second(s)

2018-12-13 13:04:43 - [MESSAGE][PASSED] - Delayed 2 second(s)

2018-12-13 13:04:43 - [TEST_STEP][PASSED] - click: Object: 'Object Repository/Final Object Repo/New Registration - Registration Module Pages/New Reg - OTC to RO/Special Case - All Related Objects/Form 2 Save n Continue' is clicked on

2018-12-13 13:04:44 - [MESSAGE][PASSED] - Object: 'Object Repository/Final Object Repo/New Registration - Registration Module Pages/New Reg - OTC to RO/Special Case - All Related Objects/Form 2 Save n Continue' is clicked on

2018-12-13 13:04:44 - [TEST_STEP][PASSED] - delay: Delayed 2 second(s)

2018-12-13 13:04:46 - [MESSAGE][PASSED] - Delayed 2 second(s)

2018-12-13 13:04:46 - [TEST_STEP][PASSED] - click: Object: 'Object Repository/Final Object Repo/New Registration - Registration Module Pages/New Reg - OTC to RO/Special Case - All Related Objects/Third Screen Save n Continue' is clicked on

2018-12-13 13:04:52 - [MESSAGE][PASSED] - Object: 'Object Repository/Final Object Repo/New Registration - Registration Module Pages/New Reg - OTC to RO/Special Case - All Related Objects/Third Screen Save n Continue' is clicked on

2018-12-13 13:04:52 - [TEST_STEP][PASSED] - delay: Delayed 5 second(s)

2018-12-13 13:04:57 - [MESSAGE][PASSED] - Delayed 5 second(s)

2018-12-13 13:04:57 - [TEST_STEP][PASSED] - click: Object: 'Object Repository/Final Object Repo/New Registration - Registration Module Pages/New Reg - OTC to RO/Special Case - All Related Objects/Upload Doc Page Save n Continue' is clicked on

2018-12-13 13:04:58 - [MESSAGE][PASSED] - Object: 'Object Repository/Final Object Repo/New Registration - Registration Module Pages/New Reg - OTC to RO/Special Case - All Related Objects/Upload Doc Page Save n Continue' is clicked on

2018-12-13 13:04:58 - [TEST_STEP][PASSED] - delay: Delayed 5 second(s)

2018-12-13 13:05:03 - [MESSAGE][PASSED] - Delayed 5 second(s)

2018-12-13 13:05:03 - [TEST_STEP][FAILED] - callTestCase: Unable to call Test Case with id 'Test Cases/Final Aug 2018 - PKS Automation/Registration Module/New Registration/Submit and Screenshot/Submit Registration and Screenshot' (Root cause: Call Test Case 'Test Cases/Final Aug 2018 - PKS Automation/Registration Module/New Registration/Submit and Screenshot/Submit Registration and Screenshot' failed)

2018-12-13 13:05:03 - [TEST_CASE][FAILED] - Test Cases/Final Aug 2018 - PKS Automation/Registration Module/New Registration/Submit and Screenshot/Submit Registration and Screenshot: Test Cases/Final Aug 2018 - PKS Automation/Registration Module/New Registration/Submit and Screenshot/Submit Registration and Screenshot FAILED because (of) (Stack trace: com.kms.katalon.core.exception.StepFailedException: Unable to click on object 'Object Repository/Final Object Repo/New Registration - Registration Module Pages/Third Screen - Upload Supporting Doc- Preview/Preview Submit Button' (Root cause: com.kms.katalon.core.webui.exception.WebElementNotFoundException: Web element with id: 'Object Repository/Final Object Repo/New Registration - Registration Module Pages/Third Screen - Upload Supporting Doc- Preview/Preview Submit Button' located by 'By.xpath: //a[@popupvalidatesubmit = 'true' and @class = 'btn btn-lg blueBtn col-md-2 pull-right browserIdBtn' and (text() = ' SUBMIT
					' or . = ' SUBMIT
					')]' not found)
	at com.kms.katalon.core.keyword.internal.KeywordMain.stepFailed(KeywordMain.groovy:32)
	at com.kms.katalon.core.webui.keyword.internal.WebUIKeywordMain.stepFailed(WebUIKeywordMain.groovy:65)
	at com.kms.katalon.core.webui.keyword.internal.WebUIKeywordMain.runKeyword(WebUIKeywordMain.groovy:27)
	at com.kms.katalon.core.webui.keyword.builtin.ClickKeyword.click(ClickKeyword.groovy:86)
	at com.kms.katalon.core.webui.keyword.builtin.ClickKeyword.execute(ClickKeyword.groovy:67)
	at com.kms.katalon.core.keyword.internal.KeywordExecutor.executeKeywordForPlatform(KeywordExecutor.groovy:53)
	at com.kms.katalon.core.webui.keyword.WebUiBuiltInKeywords.click(WebUiBuiltInKeywords.groovy:616)
	at com.kms.katalon.core.webui.keyword.WebUiBuiltInKeywords$click$2.call(Unknown Source)
	at Script1534476274484.run(Script1534476274484.groovy:32)
	at com.kms.katalon.core.main.ScriptEngine.run(ScriptEngine.java:183)
	at com.kms.katalon.core.main.ScriptEngine.runScriptAsRawText(ScriptEngine.java:108)
	at com.kms.katalon.core.main.TestCaseExecutor.runScript(TestCaseExecutor.java:294)
	at com.kms.katalon.core.main.TestCaseExecutor.doExecute(TestCaseExecutor.java:285)
	at com.kms.katalon.core.main.TestCaseExecutor.processExecutionPhase(TestCaseExecutor.java:264)
	at com.kms.katalon.core.main.TestCaseExecutor.accessMainPhase(TestCaseExecutor.java:256)
	at com.kms.katalon.core.main.TestCaseExecutor.execute(TestCaseExecutor.java:200)
	at com.kms.katalon.core.main.TestCaseMain.runTestCase(TestCaseMain.java:99)
	at com.kms.katalon.core.keyword.builtin.CallTestCaseKeyword$_callTestCase_closure1.doCall(CallTestCaseKeyword.groovy:60)
	at com.kms.katalon.core.keyword.builtin.CallTestCaseKeyword$_callTestCase_closure1.call(CallTestCaseKeyword.groovy)
	at com.kms.katalon.core.keyword.internal.KeywordMain.runKeyword(KeywordMain.groovy:54)
	at com.kms.katalon.core.keyword.builtin.CallTestCaseKeyword.callTestCase(CallTestCaseKeyword.groovy:81)
	at com.kms.katalon.core.keyword.builtin.CallTestCaseKeyword.execute(CallTestCaseKeyword.groovy:45)
	at com.kms.katalon.core.keyword.internal.KeywordExecutor.executeKeywordForPlatform(KeywordExecutor.groovy:53)
	at com.kms.katalon.core.keyword.BuiltinKeywords.callTestCase(BuiltinKeywords.groovy:334)
	at sun.reflect.GeneratedMethodAccessor13.invoke(Unknown Source)
	at sun.reflect.DelegatingMethodAccessorImpl.invoke(DelegatingMethodAccessorImpl.java:43)
	at java.lang.reflect.Method.invoke(Method.java:498)
	at org.codehaus.groovy.reflection.CachedMethod.invoke(CachedMethod.java:93)
	at groovy.lang.MetaMethod.doMethodInvoke(MetaMethod.java:325)
	at groovy.lang.MetaClassImpl.invokeStaticMethod(MetaClassImpl.java:1469)
	at org.codehaus.groovy.runtime.callsite.StaticMetaClassSite.call(StaticMetaClassSite.java:53)
	at org.codehaus.groovy.runtime.callsite.CallSiteArray.defaultCall(CallSiteArray.java:48)
	at org.codehaus.groovy.runtime.callsite.AbstractCallSite.call(AbstractCallSite.java:113)
	at org.codehaus.groovy.runtime.callsite.AbstractCallSite.call(AbstractCallSite.java:141)
	at Script1535599386194.run(Script1535599386194.groovy:262)
	at com.kms.katalon.core.main.ScriptEngine.run(ScriptEngine.java:183)
	at com.kms.katalon.core.main.ScriptEngine.runScriptAsRawText(ScriptEngine.java:108)
	at com.kms.katalon.core.main.TestCaseExecutor.runScript(TestCaseExecutor.java:294)
	at com.kms.katalon.core.main.TestCaseExecutor.doExecute(TestCaseExecutor.java:285)
	at com.kms.katalon.core.main.TestCaseExecutor.processExecutionPhase(TestCaseExecutor.java:264)
	at com.kms.katalon.core.main.TestCaseExecutor.accessMainPhase(TestCaseExecutor.java:256)
	at com.kms.katalon.core.main.TestCaseExecutor.execute(TestCaseExecutor.java:200)
	at com.kms.katalon.core.main.TestSuiteExecutor.accessTestCaseMainPhase(TestSuiteExecutor.java:129)
	at com.kms.katalon.core.main.TestSuiteExecutor.accessTestSuiteMainPhase(TestSuiteExecutor.java:112)
	at com.kms.katalon.core.main.TestSuiteExecutor.execute(TestSuiteExecutor.java:81)
	at com.kms.katalon.core.main.TestCaseMain.startTestSuite(TestCaseMain.java:142)
	at com.kms.katalon.core.main.TestCaseMain$startTestSuite$0.call(Unknown Source)
	at org.codehaus.groovy.runtime.callsite.CallSiteArray.defaultCall(CallSiteArray.java:48)
	at org.codehaus.groovy.runtime.callsite.AbstractCallSite.call(AbstractCallSite.java:113)
	at org.codehaus.groovy.runtime.callsite.AbstractCallSite.call(AbstractCallSite.java:141)
	at TempTestSuite1544668253915.run(TempTestSuite1544668253915.groovy:36)
	at groovy.lang.GroovyShell.runScriptOrMainOrTestOrRunnable(GroovyShell.java:263)
	at groovy.lang.GroovyShell.run(GroovyShell.java:518)
	at groovy.lang.GroovyShell.run(GroovyShell.java:507)
	at groovy.ui.GroovyMain.processOnce(GroovyMain.java:653)
	at groovy.ui.GroovyMain.run(GroovyMain.java:384)
	at groovy.ui.GroovyMain.process(GroovyMain.java:370)
	at groovy.ui.GroovyMain.processArgs(GroovyMain.java:129)
	at groovy.ui.GroovyMain.main(GroovyMain.java:109)
	at sun.reflect.NativeMethodAccessorImpl.invoke0(Native Method)
	at sun.reflect.NativeMethodAccessorImpl.invoke(NativeMethodAccessorImpl.java:62)
	at sun.reflect.DelegatingMethodAccessorImpl.invoke(DelegatingMethodAccessorImpl.java:43)
	at java.lang.reflect.Method.invoke(Method.java:498)
	at org.codehaus.groovy.tools.GroovyStarter.rootLoader(GroovyStarter.java:109)
	at org.codehaus.groovy.tools.GroovyStarter.main(GroovyStarter.java:131)
)

2018-12-13 13:05:03 - [TEST_STEP][PASSED] - delay: Delayed 6 second(s)

2018-12-13 13:05:09 - [MESSAGE][PASSED] - Delayed 6 second(s)

2018-12-13 13:05:09 - [TEST_STEP][FAILED] - click: Unable to click on object 'Object Repository/Final Object Repo/New Registration - Registration Module Pages/Third Screen - Upload Supporting Doc- Preview/Preview Submit Button' (Root cause: com.kms.katalon.core.webui.exception.WebElementNotFoundException: Web element with id: 'Object Repository/Final Object Repo/New Registration - Registration Module Pages/Third Screen - Upload Supporting Doc- Preview/Preview Submit Button' located by 'By.xpath: //a[@popupvalidatesubmit = 'true' and @class = 'btn btn-lg blueBtn col-md-2 pull-right browserIdBtn' and (text() = ' SUBMIT
					' or . = ' SUBMIT
					')]' not found)

2018-12-13 13:05:45 - [MESSAGE][FAILED] - Unable to click on object 'Object Repository/Final Object Repo/New Registration - Registration Module Pages/Third Screen - Upload Supporting Doc- Preview/Preview Submit Button' (Root cause: com.kms.katalon.core.webui.exception.WebElementNotFoundException: Web element with id: 'Object Repository/Final Object Repo/New Registration - Registration Module Pages/Third Screen - Upload Supporting Doc- Preview/Preview Submit Button' located by 'By.xpath: //a[@popupvalidatesubmit = 'true' and @class = 'btn btn-lg blueBtn col-md-2 pull-right browserIdBtn' and (text() = ' SUBMIT
					' or . = ' SUBMIT
					')]' not found)
[[ATTACHMENT|C:\\Users\\Admin\\Desktop\\PKS\\Perkeso Phase A\\Reports\\Workflow\\New Registration\\20181213_103053\\1544677544848.png]]

2018-12-13 13:05:45 - [TEST_STEP][PASSED] - delay: Delayed 2 second(s)

2018-12-13 13:05:47 - [MESSAGE][PASSED] - Delayed 2 second(s)

2018-12-13 13:05:47 - [TEST_STEP][FAILED] - click: Unable to click on object 'Object Repository/Final Object Repo/New Registration - Registration Module Pages/Third Screen - Upload Supporting Doc- Preview/Preview Submit - Confirm' (Root cause: com.kms.katalon.core.webui.exception.WebElementNotFoundException: Web element with id: 'Object Repository/Final Object Repo/New Registration - Registration Module Pages/Third Screen - Upload Supporting Doc- Preview/Preview Submit - Confirm' located by 'By.xpath: //span[@id = 'confirmword' and (text() = 'CONFIRM' or . = 'CONFIRM')]' not found)

2018-12-13 13:06:19 - [MESSAGE][FAILED] - Unable to click on object 'Object Repository/Final Object Repo/New Registration - Registration Module Pages/Third Screen - Upload Supporting Doc- Preview/Preview Submit - Confirm' (Root cause: com.kms.katalon.core.webui.exception.WebElementNotFoundException: Web element with id: 'Object Repository/Final Object Repo/New Registration - Registration Module Pages/Third Screen - Upload Supporting Doc- Preview/Preview Submit - Confirm' located by 'By.xpath: //span[@id = 'confirmword' and (text() = 'CONFIRM' or . = 'CONFIRM')]' not found)
[[ATTACHMENT|C:\\Users\\Admin\\Desktop\\PKS\\Perkeso Phase A\\Reports\\Workflow\\New Registration\\20181213_103053\\1544677579097.png]]

2018-12-13 13:06:19 - [TEST_STEP][PASSED] - delay: Delayed 15 second(s)

2018-12-13 13:06:34 - [MESSAGE][PASSED] - Delayed 15 second(s)

2018-12-13 13:06:34 - [TEST_STEP][PASSED] - Statement - driver = com.kms.katalon.core.webui.driver.DriverFactory.getWebDriver(): null

2018-12-13 13:06:34 - [TEST_STEP][PASSED] - Statement - driver.manage().timeouts().implicitlyWait(10, SECONDS): null

2018-12-13 13:06:34 - [TEST_STEP][PASSED] - Statement - PresavePath = KatalonScreenshots: null

2018-12-13 13:06:34 - [TEST_STEP][PASSED] - Statement - pathPrefix = "C:\Users\Public\Pictures\Sample Pictures\Katalon Screenshots\Automate Ending Screen": null

2018-12-13 13:06:34 - [TEST_STEP][PASSED] - Statement - finalPath = <not implemented yet for class: org.codehaus.groovy.ast.expr.EmptyExpression>: null

2018-12-13 13:06:34 - [TEST_STEP][PASSED] - Statement - scrFile = driver.getScreenshotAs(FILE): null

2018-12-13 13:06:34 - [TEST_STEP][PASSED] - Statement - PreSaveFile = new java.io.File(PresavePath): null

2018-12-13 13:06:34 - [TEST_STEP][PASSED] - Statement - counter = 0: null

2018-12-13 13:06:34 - [TEST_STEP][PASSED] - Statement - If (PreSaveFile.exists()): null

2018-12-13 13:06:34 - [TEST_STEP][PASSED] - Statement - While (PreSaveFile.exists()): null

2018-12-13 13:06:34 - [TEST_STEP][PASSED] - Statement - counter = counter + 1: null

2018-12-13 13:06:34 - [TEST_STEP][PASSED] - Statement - PreSaveFile = new java.io.File(((pathPrefix + java.lang.Integer.toString(counter)) + .png)): null

2018-12-13 13:06:34 - [TEST_STEP][PASSED] - Statement - counter = counter + 1: null

2018-12-13 13:06:34 - [TEST_STEP][PASSED] - Statement - PreSaveFile = new java.io.File(((pathPrefix + java.lang.Integer.toString(counter)) + .png)): null

2018-12-13 13:06:34 - [TEST_STEP][PASSED] - Statement - counter = counter + 1: null

2018-12-13 13:06:34 - [TEST_STEP][PASSED] - Statement - PreSaveFile = new java.io.File(((pathPrefix + java.lang.Integer.toString(counter)) + .png)): null

2018-12-13 13:06:34 - [TEST_STEP][PASSED] - Statement - counter = counter + 1: null

2018-12-13 13:06:34 - [TEST_STEP][PASSED] - Statement - PreSaveFile = new java.io.File(((pathPrefix + java.lang.Integer.toString(counter)) + .png)): null

2018-12-13 13:06:34 - [TEST_STEP][PASSED] - Statement - counter = counter + 1: null

2018-12-13 13:06:34 - [TEST_STEP][PASSED] - Statement - PreSaveFile = new java.io.File(((pathPrefix + java.lang.Integer.toString(counter)) + .png)): null

2018-12-13 13:06:34 - [TEST_STEP][PASSED] - Statement - counter = counter + 1: null

2018-12-13 13:06:34 - [TEST_STEP][PASSED] - Statement - PreSaveFile = new java.io.File(((pathPrefix + java.lang.Integer.toString(counter)) + .png)): null

2018-12-13 13:06:34 - [TEST_STEP][PASSED] - Statement - counter = counter + 1: null

2018-12-13 13:06:34 - [TEST_STEP][PASSED] - Statement - PreSaveFile = new java.io.File(((pathPrefix + java.lang.Integer.toString(counter)) + .png)): null

2018-12-13 13:06:34 - [TEST_STEP][PASSED] - Statement - counter = counter + 1: null

2018-12-13 13:06:34 - [TEST_STEP][PASSED] - Statement - PreSaveFile = new java.io.File(((pathPrefix + java.lang.Integer.toString(counter)) + .png)): null

2018-12-13 13:06:34 - [TEST_STEP][PASSED] - Statement - counter = counter + 1: null

2018-12-13 13:06:34 - [TEST_STEP][PASSED] - Statement - PreSaveFile = new java.io.File(((pathPrefix + java.lang.Integer.toString(counter)) + .png)): null

2018-12-13 13:06:34 - [TEST_STEP][PASSED] - Statement - counter = counter + 1: null

2018-12-13 13:06:34 - [TEST_STEP][PASSED] - Statement - PreSaveFile = new java.io.File(((pathPrefix + java.lang.Integer.toString(counter)) + .png)): null

2018-12-13 13:06:34 - [TEST_STEP][PASSED] - Statement - counter = counter + 1: null

2018-12-13 13:06:34 - [TEST_STEP][PASSED] - Statement - PreSaveFile = new java.io.File(((pathPrefix + java.lang.Integer.toString(counter)) + .png)): null

2018-12-13 13:06:34 - [TEST_STEP][PASSED] - Statement - counter = counter + 1: null

2018-12-13 13:06:34 - [TEST_STEP][PASSED] - Statement - PreSaveFile = new java.io.File(((pathPrefix + java.lang.Integer.toString(counter)) + .png)): null

2018-12-13 13:06:34 - [TEST_STEP][PASSED] - Statement - counter = counter + 1: null

2018-12-13 13:06:34 - [TEST_STEP][PASSED] - Statement - PreSaveFile = new java.io.File(((pathPrefix + java.lang.Integer.toString(counter)) + .png)): null

2018-12-13 13:06:34 - [TEST_STEP][PASSED] - Statement - counter = counter + 1: null

2018-12-13 13:06:34 - [TEST_STEP][PASSED] - Statement - PreSaveFile = new java.io.File(((pathPrefix + java.lang.Integer.toString(counter)) + .png)): null

2018-12-13 13:06:34 - [TEST_STEP][PASSED] - Statement - counter = counter + 1: null

2018-12-13 13:06:34 - [TEST_STEP][PASSED] - Statement - PreSaveFile = new java.io.File(((pathPrefix + java.lang.Integer.toString(counter)) + .png)): null

2018-12-13 13:06:34 - [TEST_STEP][PASSED] - Statement - counter = counter + 1: null

2018-12-13 13:06:34 - [TEST_STEP][PASSED] - Statement - PreSaveFile = new java.io.File(((pathPrefix + java.lang.Integer.toString(counter)) + .png)): null

2018-12-13 13:06:34 - [TEST_STEP][PASSED] - Statement - counter = counter + 1: null

2018-12-13 13:06:34 - [TEST_STEP][PASSED] - Statement - PreSaveFile = new java.io.File(((pathPrefix + java.lang.Integer.toString(counter)) + .png)): null

2018-12-13 13:06:34 - [TEST_STEP][PASSED] - Statement - counter = counter + 1: null

2018-12-13 13:06:34 - [TEST_STEP][PASSED] - Statement - PreSaveFile = new java.io.File(((pathPrefix + java.lang.Integer.toString(counter)) + .png)): null

2018-12-13 13:06:34 - [TEST_STEP][PASSED] - Statement - counter = counter + 1: null

2018-12-13 13:06:34 - [TEST_STEP][PASSED] - Statement - PreSaveFile = new java.io.File(((pathPrefix + java.lang.Integer.toString(counter)) + .png)): null

2018-12-13 13:06:34 - [TEST_STEP][PASSED] - Statement - counter = counter + 1: null

2018-12-13 13:06:34 - [TEST_STEP][PASSED] - Statement - PreSaveFile = new java.io.File(((pathPrefix + java.lang.Integer.toString(counter)) + .png)): null

2018-12-13 13:06:34 - [TEST_STEP][PASSED] - Statement - counter = counter + 1: null

2018-12-13 13:06:34 - [TEST_STEP][PASSED] - Statement - PreSaveFile = new java.io.File(((pathPrefix + java.lang.Integer.toString(counter)) + .png)): null

2018-12-13 13:06:34 - [TEST_STEP][PASSED] - Statement - counter = counter + 1: null

2018-12-13 13:06:34 - [TEST_STEP][PASSED] - Statement - PreSaveFile = new java.io.File(((pathPrefix + java.lang.Integer.toString(counter)) + .png)): null

2018-12-13 13:06:34 - [TEST_STEP][PASSED] - Statement - counter = counter + 1: null

2018-12-13 13:06:34 - [TEST_STEP][PASSED] - Statement - PreSaveFile = new java.io.File(((pathPrefix + java.lang.Integer.toString(counter)) + .png)): null

2018-12-13 13:06:34 - [TEST_STEP][PASSED] - Statement - counter = counter + 1: null

2018-12-13 13:06:34 - [TEST_STEP][PASSED] - Statement - PreSaveFile = new java.io.File(((pathPrefix + java.lang.Integer.toString(counter)) + .png)): null

2018-12-13 13:06:34 - [TEST_STEP][PASSED] - Statement - counter = counter + 1: null

2018-12-13 13:06:34 - [TEST_STEP][PASSED] - Statement - PreSaveFile = new java.io.File(((pathPrefix + java.lang.Integer.toString(counter)) + .png)): null

2018-12-13 13:06:34 - [TEST_STEP][PASSED] - Statement - counter = counter + 1: null

2018-12-13 13:06:34 - [TEST_STEP][PASSED] - Statement - PreSaveFile = new java.io.File(((pathPrefix + java.lang.Integer.toString(counter)) + .png)): null

2018-12-13 13:06:34 - [TEST_STEP][PASSED] - Statement - counter = counter + 1: null

2018-12-13 13:06:34 - [TEST_STEP][PASSED] - Statement - PreSaveFile = new java.io.File(((pathPrefix + java.lang.Integer.toString(counter)) + .png)): null

2018-12-13 13:06:34 - [TEST_STEP][PASSED] - Statement - counter = counter + 1: null

2018-12-13 13:06:34 - [TEST_STEP][PASSED] - Statement - PreSaveFile = new java.io.File(((pathPrefix + java.lang.Integer.toString(counter)) + .png)): null

2018-12-13 13:06:34 - [TEST_STEP][PASSED] - Statement - counter = counter + 1: null

2018-12-13 13:06:34 - [TEST_STEP][PASSED] - Statement - PreSaveFile = new java.io.File(((pathPrefix + java.lang.Integer.toString(counter)) + .png)): null

2018-12-13 13:06:34 - [TEST_STEP][PASSED] - Statement - counter = counter + 1: null

2018-12-13 13:06:34 - [TEST_STEP][PASSED] - Statement - PreSaveFile = new java.io.File(((pathPrefix + java.lang.Integer.toString(counter)) + .png)): null

2018-12-13 13:06:34 - [TEST_STEP][PASSED] - Statement - counter = counter + 1: null

2018-12-13 13:06:34 - [TEST_STEP][PASSED] - Statement - PreSaveFile = new java.io.File(((pathPrefix + java.lang.Integer.toString(counter)) + .png)): null

2018-12-13 13:06:34 - [TEST_STEP][PASSED] - Statement - counter = counter + 1: null

2018-12-13 13:06:34 - [TEST_STEP][PASSED] - Statement - PreSaveFile = new java.io.File(((pathPrefix + java.lang.Integer.toString(counter)) + .png)): null

2018-12-13 13:06:34 - [TEST_STEP][PASSED] - Statement - counter = counter + 1: null

2018-12-13 13:06:34 - [TEST_STEP][PASSED] - Statement - PreSaveFile = new java.io.File(((pathPrefix + java.lang.Integer.toString(counter)) + .png)): null

2018-12-13 13:06:34 - [TEST_STEP][PASSED] - Statement - counter = counter + 1: null

2018-12-13 13:06:34 - [TEST_STEP][PASSED] - Statement - PreSaveFile = new java.io.File(((pathPrefix + java.lang.Integer.toString(counter)) + .png)): null

2018-12-13 13:06:34 - [TEST_STEP][PASSED] - Statement - counter = counter + 1: null

2018-12-13 13:06:34 - [TEST_STEP][PASSED] - Statement - PreSaveFile = new java.io.File(((pathPrefix + java.lang.Integer.toString(counter)) + .png)): null

2018-12-13 13:06:34 - [TEST_STEP][PASSED] - Statement - counter = counter + 1: null

2018-12-13 13:06:34 - [TEST_STEP][PASSED] - Statement - PreSaveFile = new java.io.File(((pathPrefix + java.lang.Integer.toString(counter)) + .png)): null

2018-12-13 13:06:34 - [TEST_STEP][PASSED] - Statement - counter = counter + 1: null

2018-12-13 13:06:34 - [TEST_STEP][PASSED] - Statement - PreSaveFile = new java.io.File(((pathPrefix + java.lang.Integer.toString(counter)) + .png)): null

2018-12-13 13:06:34 - [TEST_STEP][PASSED] - Statement - counter = counter + 1: null

2018-12-13 13:06:34 - [TEST_STEP][PASSED] - Statement - PreSaveFile = new java.io.File(((pathPrefix + java.lang.Integer.toString(counter)) + .png)): null

2018-12-13 13:06:34 - [TEST_STEP][PASSED] - Statement - counter = counter + 1: null

2018-12-13 13:06:34 - [TEST_STEP][PASSED] - Statement - PreSaveFile = new java.io.File(((pathPrefix + java.lang.Integer.toString(counter)) + .png)): null

2018-12-13 13:06:34 - [TEST_STEP][PASSED] - Statement - counter = counter + 1: null

2018-12-13 13:06:34 - [TEST_STEP][PASSED] - Statement - PreSaveFile = new java.io.File(((pathPrefix + java.lang.Integer.toString(counter)) + .png)): null

2018-12-13 13:06:34 - [TEST_STEP][PASSED] - Statement - counter = counter + 1: null

2018-12-13 13:06:34 - [TEST_STEP][PASSED] - Statement - PreSaveFile = new java.io.File(((pathPrefix + java.lang.Integer.toString(counter)) + .png)): null

2018-12-13 13:06:34 - [TEST_STEP][PASSED] - Statement - counter = counter + 1: null

2018-12-13 13:06:34 - [TEST_STEP][PASSED] - Statement - PreSaveFile = new java.io.File(((pathPrefix + java.lang.Integer.toString(counter)) + .png)): null

2018-12-13 13:06:34 - [TEST_STEP][PASSED] - Statement - counter = counter + 1: null

2018-12-13 13:06:34 - [TEST_STEP][PASSED] - Statement - PreSaveFile = new java.io.File(((pathPrefix + java.lang.Integer.toString(counter)) + .png)): null

2018-12-13 13:06:34 - [TEST_STEP][PASSED] - Statement - counter = counter + 1: null

2018-12-13 13:06:34 - [TEST_STEP][PASSED] - Statement - PreSaveFile = new java.io.File(((pathPrefix + java.lang.Integer.toString(counter)) + .png)): null

2018-12-13 13:06:34 - [TEST_STEP][PASSED] - Statement - counter = counter + 1: null

2018-12-13 13:06:34 - [TEST_STEP][PASSED] - Statement - PreSaveFile = new java.io.File(((pathPrefix + java.lang.Integer.toString(counter)) + .png)): null

2018-12-13 13:06:34 - [TEST_STEP][PASSED] - Statement - counter = counter + 1: null

2018-12-13 13:06:34 - [TEST_STEP][PASSED] - Statement - PreSaveFile = new java.io.File(((pathPrefix + java.lang.Integer.toString(counter)) + .png)): null

2018-12-13 13:06:34 - [TEST_STEP][PASSED] - Statement - counter = counter + 1: null

2018-12-13 13:06:34 - [TEST_STEP][PASSED] - Statement - PreSaveFile = new java.io.File(((pathPrefix + java.lang.Integer.toString(counter)) + .png)): null

2018-12-13 13:06:34 - [TEST_STEP][PASSED] - Statement - counter = counter + 1: null

2018-12-13 13:06:34 - [TEST_STEP][PASSED] - Statement - PreSaveFile = new java.io.File(((pathPrefix + java.lang.Integer.toString(counter)) + .png)): null

2018-12-13 13:06:34 - [TEST_STEP][PASSED] - Statement - counter = counter + 1: null

2018-12-13 13:06:34 - [TEST_STEP][PASSED] - Statement - PreSaveFile = new java.io.File(((pathPrefix + java.lang.Integer.toString(counter)) + .png)): null

2018-12-13 13:06:34 - [TEST_STEP][PASSED] - Statement - counter = counter + 1: null

2018-12-13 13:06:34 - [TEST_STEP][PASSED] - Statement - PreSaveFile = new java.io.File(((pathPrefix + java.lang.Integer.toString(counter)) + .png)): null

2018-12-13 13:06:34 - [TEST_STEP][PASSED] - Statement - counter = counter + 1: null

2018-12-13 13:06:34 - [TEST_STEP][PASSED] - Statement - PreSaveFile = new java.io.File(((pathPrefix + java.lang.Integer.toString(counter)) + .png)): null

2018-12-13 13:06:34 - [TEST_STEP][PASSED] - Statement - counter = counter + 1: null

2018-12-13 13:06:34 - [TEST_STEP][PASSED] - Statement - PreSaveFile = new java.io.File(((pathPrefix + java.lang.Integer.toString(counter)) + .png)): null

2018-12-13 13:06:34 - [TEST_STEP][PASSED] - Statement - counter = counter + 1: null

2018-12-13 13:06:34 - [TEST_STEP][PASSED] - Statement - PreSaveFile = new java.io.File(((pathPrefix + java.lang.Integer.toString(counter)) + .png)): null

2018-12-13 13:06:34 - [TEST_STEP][PASSED] - Statement - counter = counter + 1: null

2018-12-13 13:06:34 - [TEST_STEP][PASSED] - Statement - PreSaveFile = new java.io.File(((pathPrefix + java.lang.Integer.toString(counter)) + .png)): null

2018-12-13 13:06:34 - [TEST_STEP][PASSED] - Statement - counter = counter + 1: null

2018-12-13 13:06:34 - [TEST_STEP][PASSED] - Statement - PreSaveFile = new java.io.File(((pathPrefix + java.lang.Integer.toString(counter)) + .png)): null

2018-12-13 13:06:34 - [TEST_STEP][PASSED] - Statement - counter = counter + 1: null

2018-12-13 13:06:34 - [TEST_STEP][PASSED] - Statement - PreSaveFile = new java.io.File(((pathPrefix + java.lang.Integer.toString(counter)) + .png)): null

2018-12-13 13:06:34 - [TEST_STEP][PASSED] - Statement - counter = counter + 1: null

2018-12-13 13:06:34 - [TEST_STEP][PASSED] - Statement - PreSaveFile = new java.io.File(((pathPrefix + java.lang.Integer.toString(counter)) + .png)): null

2018-12-13 13:06:34 - [TEST_STEP][PASSED] - Statement - counter = counter + 1: null

2018-12-13 13:06:34 - [TEST_STEP][PASSED] - Statement - PreSaveFile = new java.io.File(((pathPrefix + java.lang.Integer.toString(counter)) + .png)): null

2018-12-13 13:06:34 - [TEST_STEP][PASSED] - Statement - counter = counter + 1: null

2018-12-13 13:06:34 - [TEST_STEP][PASSED] - Statement - PreSaveFile = new java.io.File(((pathPrefix + java.lang.Integer.toString(counter)) + .png)): null

2018-12-13 13:06:34 - [TEST_STEP][PASSED] - Statement - counter = counter + 1: null

2018-12-13 13:06:34 - [TEST_STEP][PASSED] - Statement - PreSaveFile = new java.io.File(((pathPrefix + java.lang.Integer.toString(counter)) + .png)): null

2018-12-13 13:06:34 - [TEST_STEP][PASSED] - Statement - counter = counter + 1: null

2018-12-13 13:06:34 - [TEST_STEP][PASSED] - Statement - PreSaveFile = new java.io.File(((pathPrefix + java.lang.Integer.toString(counter)) + .png)): null

2018-12-13 13:06:34 - [TEST_STEP][PASSED] - Statement - counter = counter + 1: null

2018-12-13 13:06:34 - [TEST_STEP][PASSED] - Statement - PreSaveFile = new java.io.File(((pathPrefix + java.lang.Integer.toString(counter)) + .png)): null

2018-12-13 13:06:34 - [TEST_STEP][PASSED] - Statement - counter = counter + 1: null

2018-12-13 13:06:34 - [TEST_STEP][PASSED] - Statement - PreSaveFile = new java.io.File(((pathPrefix + java.lang.Integer.toString(counter)) + .png)): null

2018-12-13 13:06:34 - [TEST_STEP][PASSED] - Statement - counter = counter + 1: null

2018-12-13 13:06:34 - [TEST_STEP][PASSED] - Statement - PreSaveFile = new java.io.File(((pathPrefix + java.lang.Integer.toString(counter)) + .png)): null

2018-12-13 13:06:34 - [TEST_STEP][PASSED] - Statement - counter = counter + 1: null

2018-12-13 13:06:34 - [TEST_STEP][PASSED] - Statement - PreSaveFile = new java.io.File(((pathPrefix + java.lang.Integer.toString(counter)) + .png)): null

2018-12-13 13:06:34 - [TEST_STEP][PASSED] - Statement - counter = counter + 1: null

2018-12-13 13:06:34 - [TEST_STEP][PASSED] - Statement - PreSaveFile = new java.io.File(((pathPrefix + java.lang.Integer.toString(counter)) + .png)): null

2018-12-13 13:06:34 - [TEST_STEP][PASSED] - Statement - counter = counter + 1: null

2018-12-13 13:06:34 - [TEST_STEP][PASSED] - Statement - PreSaveFile = new java.io.File(((pathPrefix + java.lang.Integer.toString(counter)) + .png)): null

2018-12-13 13:06:34 - [TEST_STEP][PASSED] - Statement - counter = counter + 1: null

2018-12-13 13:06:34 - [TEST_STEP][PASSED] - Statement - PreSaveFile = new java.io.File(((pathPrefix + java.lang.Integer.toString(counter)) + .png)): null

2018-12-13 13:06:34 - [TEST_STEP][PASSED] - Statement - counter = counter + 1: null

2018-12-13 13:06:34 - [TEST_STEP][PASSED] - Statement - PreSaveFile = new java.io.File(((pathPrefix + java.lang.Integer.toString(counter)) + .png)): null

2018-12-13 13:06:34 - [TEST_STEP][PASSED] - Statement - counter = counter + 1: null

2018-12-13 13:06:34 - [TEST_STEP][PASSED] - Statement - PreSaveFile = new java.io.File(((pathPrefix + java.lang.Integer.toString(counter)) + .png)): null

2018-12-13 13:06:34 - [TEST_STEP][PASSED] - Statement - counter = counter + 1: null

2018-12-13 13:06:34 - [TEST_STEP][PASSED] - Statement - PreSaveFile = new java.io.File(((pathPrefix + java.lang.Integer.toString(counter)) + .png)): null

2018-12-13 13:06:34 - [TEST_STEP][PASSED] - Statement - counter = counter + 1: null

2018-12-13 13:06:35 - [TEST_STEP][PASSED] - Statement - PreSaveFile = new java.io.File(((pathPrefix + java.lang.Integer.toString(counter)) + .png)): null

2018-12-13 13:06:35 - [TEST_STEP][PASSED] - Statement - counter = counter + 1: null

2018-12-13 13:06:35 - [TEST_STEP][PASSED] - Statement - PreSaveFile = new java.io.File(((pathPrefix + java.lang.Integer.toString(counter)) + .png)): null

2018-12-13 13:06:35 - [TEST_STEP][PASSED] - Statement - counter = counter + 1: null

2018-12-13 13:06:35 - [TEST_STEP][PASSED] - Statement - PreSaveFile = new java.io.File(((pathPrefix + java.lang.Integer.toString(counter)) + .png)): null

2018-12-13 13:06:35 - [TEST_STEP][PASSED] - Statement - counter = counter + 1: null

2018-12-13 13:06:35 - [TEST_STEP][PASSED] - Statement - PreSaveFile = new java.io.File(((pathPrefix + java.lang.Integer.toString(counter)) + .png)): null

2018-12-13 13:06:35 - [TEST_STEP][PASSED] - Statement - counter = counter + 1: null

2018-12-13 13:06:35 - [TEST_STEP][PASSED] - Statement - PreSaveFile = new java.io.File(((pathPrefix + java.lang.Integer.toString(counter)) + .png)): null

2018-12-13 13:06:35 - [TEST_STEP][PASSED] - Statement - counter = counter + 1: null

2018-12-13 13:06:35 - [TEST_STEP][PASSED] - Statement - PreSaveFile = new java.io.File(((pathPrefix + java.lang.Integer.toString(counter)) + .png)): null

2018-12-13 13:06:35 - [TEST_STEP][PASSED] - Statement - counter = counter + 1: null

2018-12-13 13:06:35 - [TEST_STEP][PASSED] - Statement - PreSaveFile = new java.io.File(((pathPrefix + java.lang.Integer.toString(counter)) + .png)): null

2018-12-13 13:06:35 - [TEST_STEP][PASSED] - Statement - counter = counter + 1: null

2018-12-13 13:06:35 - [TEST_STEP][PASSED] - Statement - PreSaveFile = new java.io.File(((pathPrefix + java.lang.Integer.toString(counter)) + .png)): null

2018-12-13 13:06:35 - [TEST_STEP][PASSED] - Statement - counter = counter + 1: null

2018-12-13 13:06:35 - [TEST_STEP][PASSED] - Statement - PreSaveFile = new java.io.File(((pathPrefix + java.lang.Integer.toString(counter)) + .png)): null

2018-12-13 13:06:35 - [TEST_STEP][PASSED] - Statement - counter = counter + 1: null

2018-12-13 13:06:35 - [TEST_STEP][PASSED] - Statement - PreSaveFile = new java.io.File(((pathPrefix + java.lang.Integer.toString(counter)) + .png)): null

2018-12-13 13:06:35 - [TEST_STEP][PASSED] - Statement - counter = counter + 1: null

2018-12-13 13:06:35 - [TEST_STEP][PASSED] - Statement - PreSaveFile = new java.io.File(((pathPrefix + java.lang.Integer.toString(counter)) + .png)): null

2018-12-13 13:06:35 - [TEST_STEP][PASSED] - Statement - counter = counter + 1: null

2018-12-13 13:06:35 - [TEST_STEP][PASSED] - Statement - PreSaveFile = new java.io.File(((pathPrefix + java.lang.Integer.toString(counter)) + .png)): null

2018-12-13 13:06:35 - [TEST_STEP][PASSED] - Statement - counter = counter + 1: null

2018-12-13 13:06:35 - [TEST_STEP][PASSED] - Statement - PreSaveFile = new java.io.File(((pathPrefix + java.lang.Integer.toString(counter)) + .png)): null

2018-12-13 13:06:35 - [TEST_STEP][PASSED] - Statement - counter = counter + 1: null

2018-12-13 13:06:35 - [TEST_STEP][PASSED] - Statement - PreSaveFile = new java.io.File(((pathPrefix + java.lang.Integer.toString(counter)) + .png)): null

2018-12-13 13:06:35 - [TEST_STEP][PASSED] - Statement - counter = counter + 1: null

2018-12-13 13:06:35 - [TEST_STEP][PASSED] - Statement - PreSaveFile = new java.io.File(((pathPrefix + java.lang.Integer.toString(counter)) + .png)): null

2018-12-13 13:06:35 - [TEST_STEP][PASSED] - Statement - counter = counter + 1: null

2018-12-13 13:06:35 - [TEST_STEP][PASSED] - Statement - PreSaveFile = new java.io.File(((pathPrefix + java.lang.Integer.toString(counter)) + .png)): null

2018-12-13 13:06:35 - [TEST_STEP][PASSED] - Statement - counter = counter + 1: null

2018-12-13 13:06:35 - [TEST_STEP][PASSED] - Statement - PreSaveFile = new java.io.File(((pathPrefix + java.lang.Integer.toString(counter)) + .png)): null

2018-12-13 13:06:35 - [TEST_STEP][PASSED] - Statement - counter = counter + 1: null

2018-12-13 13:06:35 - [TEST_STEP][PASSED] - Statement - PreSaveFile = new java.io.File(((pathPrefix + java.lang.Integer.toString(counter)) + .png)): null

2018-12-13 13:06:35 - [TEST_STEP][PASSED] - Statement - counter = counter + 1: null

2018-12-13 13:06:35 - [TEST_STEP][PASSED] - Statement - PreSaveFile = new java.io.File(((pathPrefix + java.lang.Integer.toString(counter)) + .png)): null

2018-12-13 13:06:35 - [TEST_STEP][PASSED] - Statement - counter = counter + 1: null

2018-12-13 13:06:35 - [TEST_STEP][PASSED] - Statement - PreSaveFile = new java.io.File(((pathPrefix + java.lang.Integer.toString(counter)) + .png)): null

2018-12-13 13:06:35 - [TEST_STEP][PASSED] - Statement - counter = counter + 1: null

2018-12-13 13:06:35 - [TEST_STEP][PASSED] - Statement - PreSaveFile = new java.io.File(((pathPrefix + java.lang.Integer.toString(counter)) + .png)): null

2018-12-13 13:06:35 - [TEST_STEP][PASSED] - Statement - counter = counter + 1: null

2018-12-13 13:06:35 - [TEST_STEP][PASSED] - Statement - PreSaveFile = new java.io.File(((pathPrefix + java.lang.Integer.toString(counter)) + .png)): null

2018-12-13 13:06:35 - [TEST_STEP][PASSED] - Statement - counter = counter + 1: null

2018-12-13 13:06:35 - [TEST_STEP][PASSED] - Statement - PreSaveFile = new java.io.File(((pathPrefix + java.lang.Integer.toString(counter)) + .png)): null

2018-12-13 13:06:35 - [TEST_STEP][PASSED] - Statement - counter = counter + 1: null

2018-12-13 13:06:35 - [TEST_STEP][PASSED] - Statement - PreSaveFile = new java.io.File(((pathPrefix + java.lang.Integer.toString(counter)) + .png)): null

2018-12-13 13:06:35 - [TEST_STEP][PASSED] - Statement - counter = counter + 1: null

2018-12-13 13:06:35 - [TEST_STEP][PASSED] - Statement - PreSaveFile = new java.io.File(((pathPrefix + java.lang.Integer.toString(counter)) + .png)): null

2018-12-13 13:06:35 - [TEST_STEP][PASSED] - Statement - counter = counter + 1: null

2018-12-13 13:06:35 - [TEST_STEP][PASSED] - Statement - PreSaveFile = new java.io.File(((pathPrefix + java.lang.Integer.toString(counter)) + .png)): null

2018-12-13 13:06:35 - [TEST_STEP][PASSED] - Statement - counter = counter + 1: null

2018-12-13 13:06:35 - [TEST_STEP][PASSED] - Statement - PreSaveFile = new java.io.File(((pathPrefix + java.lang.Integer.toString(counter)) + .png)): null

2018-12-13 13:06:35 - [TEST_STEP][PASSED] - Statement - counter = counter + 1: null

2018-12-13 13:06:35 - [TEST_STEP][PASSED] - Statement - PreSaveFile = new java.io.File(((pathPrefix + java.lang.Integer.toString(counter)) + .png)): null

2018-12-13 13:06:35 - [TEST_STEP][PASSED] - Statement - counter = counter + 1: null

2018-12-13 13:06:35 - [TEST_STEP][PASSED] - Statement - PreSaveFile = new java.io.File(((pathPrefix + java.lang.Integer.toString(counter)) + .png)): null

2018-12-13 13:06:35 - [TEST_STEP][PASSED] - Statement - counter = counter + 1: null

2018-12-13 13:06:35 - [TEST_STEP][PASSED] - Statement - PreSaveFile = new java.io.File(((pathPrefix + java.lang.Integer.toString(counter)) + .png)): null

2018-12-13 13:06:35 - [TEST_STEP][PASSED] - Statement - counter = counter + 1: null

2018-12-13 13:06:35 - [TEST_STEP][PASSED] - Statement - PreSaveFile = new java.io.File(((pathPrefix + java.lang.Integer.toString(counter)) + .png)): null

2018-12-13 13:06:35 - [TEST_STEP][PASSED] - Statement - counter = counter + 1: null

2018-12-13 13:06:35 - [TEST_STEP][PASSED] - Statement - PreSaveFile = new java.io.File(((pathPrefix + java.lang.Integer.toString(counter)) + .png)): null

2018-12-13 13:06:35 - [TEST_STEP][PASSED] - Statement - counter = counter + 1: null

2018-12-13 13:06:35 - [TEST_STEP][PASSED] - Statement - PreSaveFile = new java.io.File(((pathPrefix + java.lang.Integer.toString(counter)) + .png)): null

2018-12-13 13:06:35 - [TEST_STEP][PASSED] - Statement - counter = counter + 1: null

2018-12-13 13:06:35 - [TEST_STEP][PASSED] - Statement - PreSaveFile = new java.io.File(((pathPrefix + java.lang.Integer.toString(counter)) + .png)): null

2018-12-13 13:06:35 - [TEST_STEP][PASSED] - Statement - counter = counter + 1: null

2018-12-13 13:06:35 - [TEST_STEP][PASSED] - Statement - PreSaveFile = new java.io.File(((pathPrefix + java.lang.Integer.toString(counter)) + .png)): null

2018-12-13 13:06:35 - [TEST_STEP][PASSED] - Statement - counter = counter + 1: null

2018-12-13 13:06:35 - [TEST_STEP][PASSED] - Statement - PreSaveFile = new java.io.File(((pathPrefix + java.lang.Integer.toString(counter)) + .png)): null

2018-12-13 13:06:35 - [TEST_STEP][PASSED] - Statement - counter = counter + 1: null

2018-12-13 13:06:35 - [TEST_STEP][PASSED] - Statement - PreSaveFile = new java.io.File(((pathPrefix + java.lang.Integer.toString(counter)) + .png)): null

2018-12-13 13:06:35 - [TEST_STEP][PASSED] - Statement - counter = counter + 1: null

2018-12-13 13:06:35 - [TEST_STEP][PASSED] - Statement - PreSaveFile = new java.io.File(((pathPrefix + java.lang.Integer.toString(counter)) + .png)): null

2018-12-13 13:06:35 - [TEST_STEP][PASSED] - Statement - counter = counter + 1: null

2018-12-13 13:06:35 - [TEST_STEP][PASSED] - Statement - PreSaveFile = new java.io.File(((pathPrefix + java.lang.Integer.toString(counter)) + .png)): null

2018-12-13 13:06:35 - [TEST_STEP][PASSED] - Statement - counter = counter + 1: null

2018-12-13 13:06:35 - [TEST_STEP][PASSED] - Statement - PreSaveFile = new java.io.File(((pathPrefix + java.lang.Integer.toString(counter)) + .png)): null

2018-12-13 13:06:35 - [TEST_STEP][PASSED] - Statement - counter = counter + 1: null

2018-12-13 13:06:35 - [TEST_STEP][PASSED] - Statement - PreSaveFile = new java.io.File(((pathPrefix + java.lang.Integer.toString(counter)) + .png)): null

2018-12-13 13:06:35 - [TEST_STEP][PASSED] - Statement - counter = counter + 1: null

2018-12-13 13:06:35 - [TEST_STEP][PASSED] - Statement - PreSaveFile = new java.io.File(((pathPrefix + java.lang.Integer.toString(counter)) + .png)): null

2018-12-13 13:06:35 - [TEST_STEP][PASSED] - Statement - counter = counter + 1: null

2018-12-13 13:06:35 - [TEST_STEP][PASSED] - Statement - PreSaveFile = new java.io.File(((pathPrefix + java.lang.Integer.toString(counter)) + .png)): null

2018-12-13 13:06:35 - [TEST_STEP][PASSED] - Statement - counter = counter + 1: null

2018-12-13 13:06:35 - [TEST_STEP][PASSED] - Statement - PreSaveFile = new java.io.File(((pathPrefix + java.lang.Integer.toString(counter)) + .png)): null

2018-12-13 13:06:35 - [TEST_STEP][PASSED] - Statement - counter = counter + 1: null

2018-12-13 13:06:35 - [TEST_STEP][PASSED] - Statement - PreSaveFile = new java.io.File(((pathPrefix + java.lang.Integer.toString(counter)) + .png)): null

2018-12-13 13:06:35 - [TEST_STEP][PASSED] - Statement - counter = counter + 1: null

2018-12-13 13:06:35 - [TEST_STEP][PASSED] - Statement - PreSaveFile = new java.io.File(((pathPrefix + java.lang.Integer.toString(counter)) + .png)): null

2018-12-13 13:06:35 - [TEST_STEP][PASSED] - Statement - counter = counter + 1: null

2018-12-13 13:06:35 - [TEST_STEP][PASSED] - Statement - PreSaveFile = new java.io.File(((pathPrefix + java.lang.Integer.toString(counter)) + .png)): null

2018-12-13 13:06:35 - [TEST_STEP][PASSED] - Statement - counter = counter + 1: null

2018-12-13 13:06:35 - [TEST_STEP][PASSED] - Statement - PreSaveFile = new java.io.File(((pathPrefix + java.lang.Integer.toString(counter)) + .png)): null

2018-12-13 13:06:35 - [TEST_STEP][PASSED] - Statement - counter = counter + 1: null

2018-12-13 13:06:35 - [TEST_STEP][PASSED] - Statement - PreSaveFile = new java.io.File(((pathPrefix + java.lang.Integer.toString(counter)) + .png)): null

2018-12-13 13:06:35 - [TEST_STEP][PASSED] - Statement - counter = counter + 1: null

2018-12-13 13:06:35 - [TEST_STEP][PASSED] - Statement - PreSaveFile = new java.io.File(((pathPrefix + java.lang.Integer.toString(counter)) + .png)): null

2018-12-13 13:06:35 - [TEST_STEP][PASSED] - Statement - counter = counter + 1: null

2018-12-13 13:06:35 - [TEST_STEP][PASSED] - Statement - PreSaveFile = new java.io.File(((pathPrefix + java.lang.Integer.toString(counter)) + .png)): null

2018-12-13 13:06:35 - [TEST_STEP][PASSED] - Statement - counter = counter + 1: null

2018-12-13 13:06:35 - [TEST_STEP][PASSED] - Statement - PreSaveFile = new java.io.File(((pathPrefix + java.lang.Integer.toString(counter)) + .png)): null

2018-12-13 13:06:35 - [TEST_STEP][PASSED] - Statement - counter = counter + 1: null

2018-12-13 13:06:35 - [TEST_STEP][PASSED] - Statement - PreSaveFile = new java.io.File(((pathPrefix + java.lang.Integer.toString(counter)) + .png)): null

2018-12-13 13:06:35 - [TEST_STEP][PASSED] - Statement - counter = counter + 1: null

2018-12-13 13:06:35 - [TEST_STEP][PASSED] - Statement - PreSaveFile = new java.io.File(((pathPrefix + java.lang.Integer.toString(counter)) + .png)): null

2018-12-13 13:06:35 - [TEST_STEP][PASSED] - Statement - counter = counter + 1: null

2018-12-13 13:06:35 - [TEST_STEP][PASSED] - Statement - PreSaveFile = new java.io.File(((pathPrefix + java.lang.Integer.toString(counter)) + .png)): null

2018-12-13 13:06:35 - [TEST_STEP][PASSED] - Statement - counter = counter + 1: null

2018-12-13 13:06:35 - [TEST_STEP][PASSED] - Statement - PreSaveFile = new java.io.File(((pathPrefix + java.lang.Integer.toString(counter)) + .png)): null

2018-12-13 13:06:35 - [TEST_STEP][PASSED] - Statement - counter = counter + 1: null

2018-12-13 13:06:35 - [TEST_STEP][PASSED] - Statement - PreSaveFile = new java.io.File(((pathPrefix + java.lang.Integer.toString(counter)) + .png)): null

2018-12-13 13:06:35 - [TEST_STEP][PASSED] - Statement - counter = counter + 1: null

2018-12-13 13:06:35 - [TEST_STEP][PASSED] - Statement - PreSaveFile = new java.io.File(((pathPrefix + java.lang.Integer.toString(counter)) + .png)): null

2018-12-13 13:06:35 - [TEST_STEP][PASSED] - Statement - counter = counter + 1: null

2018-12-13 13:06:35 - [TEST_STEP][PASSED] - Statement - PreSaveFile = new java.io.File(((pathPrefix + java.lang.Integer.toString(counter)) + .png)): null

2018-12-13 13:06:35 - [TEST_STEP][PASSED] - Statement - counter = counter + 1: null

2018-12-13 13:06:35 - [TEST_STEP][PASSED] - Statement - PreSaveFile = new java.io.File(((pathPrefix + java.lang.Integer.toString(counter)) + .png)): null

2018-12-13 13:06:35 - [TEST_STEP][PASSED] - Statement - counter = counter + 1: null

2018-12-13 13:06:35 - [TEST_STEP][PASSED] - Statement - PreSaveFile = new java.io.File(((pathPrefix + java.lang.Integer.toString(counter)) + .png)): null

2018-12-13 13:06:35 - [TEST_STEP][PASSED] - Statement - counter = counter + 1: null

2018-12-13 13:06:35 - [TEST_STEP][PASSED] - Statement - PreSaveFile = new java.io.File(((pathPrefix + java.lang.Integer.toString(counter)) + .png)): null

2018-12-13 13:06:35 - [TEST_STEP][PASSED] - Statement - counter = counter + 1: null

2018-12-13 13:06:35 - [TEST_STEP][PASSED] - Statement - PreSaveFile = new java.io.File(((pathPrefix + java.lang.Integer.toString(counter)) + .png)): null

2018-12-13 13:06:35 - [TEST_STEP][PASSED] - Statement - counter = counter + 1: null

2018-12-13 13:06:35 - [TEST_STEP][PASSED] - Statement - PreSaveFile = new java.io.File(((pathPrefix + java.lang.Integer.toString(counter)) + .png)): null

2018-12-13 13:06:35 - [TEST_STEP][PASSED] - Statement - counter = counter + 1: null

2018-12-13 13:06:35 - [TEST_STEP][PASSED] - Statement - PreSaveFile = new java.io.File(((pathPrefix + java.lang.Integer.toString(counter)) + .png)): null

2018-12-13 13:06:35 - [TEST_STEP][PASSED] - Statement - counter = counter + 1: null

2018-12-13 13:06:35 - [TEST_STEP][PASSED] - Statement - PreSaveFile = new java.io.File(((pathPrefix + java.lang.Integer.toString(counter)) + .png)): null

2018-12-13 13:06:35 - [TEST_STEP][PASSED] - Statement - counter = counter + 1: null

2018-12-13 13:06:35 - [TEST_STEP][PASSED] - Statement - PreSaveFile = new java.io.File(((pathPrefix + java.lang.Integer.toString(counter)) + .png)): null

2018-12-13 13:06:35 - [TEST_STEP][PASSED] - Statement - counter = counter + 1: null

2018-12-13 13:06:35 - [TEST_STEP][PASSED] - Statement - PreSaveFile = new java.io.File(((pathPrefix + java.lang.Integer.toString(counter)) + .png)): null

2018-12-13 13:06:35 - [TEST_STEP][PASSED] - Statement - counter = counter + 1: null

2018-12-13 13:06:35 - [TEST_STEP][PASSED] - Statement - PreSaveFile = new java.io.File(((pathPrefix + java.lang.Integer.toString(counter)) + .png)): null

2018-12-13 13:06:35 - [TEST_STEP][PASSED] - Statement - counter = counter + 1: null

2018-12-13 13:06:35 - [TEST_STEP][PASSED] - Statement - PreSaveFile = new java.io.File(((pathPrefix + java.lang.Integer.toString(counter)) + .png)): null

2018-12-13 13:06:35 - [TEST_STEP][PASSED] - Statement - counter = counter + 1: null

2018-12-13 13:06:35 - [TEST_STEP][PASSED] - Statement - PreSaveFile = new java.io.File(((pathPrefix + java.lang.Integer.toString(counter)) + .png)): null

2018-12-13 13:06:35 - [TEST_STEP][PASSED] - Statement - counter = counter + 1: null

2018-12-13 13:06:35 - [TEST_STEP][PASSED] - Statement - PreSaveFile = new java.io.File(((pathPrefix + java.lang.Integer.toString(counter)) + .png)): null

2018-12-13 13:06:35 - [TEST_STEP][PASSED] - Statement - counter = counter + 1: null

2018-12-13 13:06:35 - [TEST_STEP][PASSED] - Statement - PreSaveFile = new java.io.File(((pathPrefix + java.lang.Integer.toString(counter)) + .png)): null

2018-12-13 13:06:35 - [TEST_STEP][PASSED] - Statement - counter = counter + 1: null

2018-12-13 13:06:35 - [TEST_STEP][PASSED] - Statement - PreSaveFile = new java.io.File(((pathPrefix + java.lang.Integer.toString(counter)) + .png)): null

2018-12-13 13:06:35 - [TEST_STEP][PASSED] - Statement - counter = counter + 1: null

2018-12-13 13:06:35 - [TEST_STEP][PASSED] - Statement - PreSaveFile = new java.io.File(((pathPrefix + java.lang.Integer.toString(counter)) + .png)): null

2018-12-13 13:06:35 - [TEST_STEP][PASSED] - Statement - counter = counter + 1: null

2018-12-13 13:06:35 - [TEST_STEP][PASSED] - Statement - PreSaveFile = new java.io.File(((pathPrefix + java.lang.Integer.toString(counter)) + .png)): null

2018-12-13 13:06:35 - [TEST_STEP][PASSED] - Statement - counter = counter + 1: null

2018-12-13 13:06:35 - [TEST_STEP][PASSED] - Statement - PreSaveFile = new java.io.File(((pathPrefix + java.lang.Integer.toString(counter)) + .png)): null

2018-12-13 13:06:35 - [TEST_STEP][PASSED] - Statement - counter = counter + 1: null

2018-12-13 13:06:35 - [TEST_STEP][PASSED] - Statement - PreSaveFile = new java.io.File(((pathPrefix + java.lang.Integer.toString(counter)) + .png)): null

2018-12-13 13:06:35 - [TEST_STEP][PASSED] - Statement - counter = counter + 1: null

2018-12-13 13:06:35 - [TEST_STEP][PASSED] - Statement - PreSaveFile = new java.io.File(((pathPrefix + java.lang.Integer.toString(counter)) + .png)): null

2018-12-13 13:06:35 - [TEST_STEP][PASSED] - Statement - counter = counter + 1: null

2018-12-13 13:06:35 - [TEST_STEP][PASSED] - Statement - PreSaveFile = new java.io.File(((pathPrefix + java.lang.Integer.toString(counter)) + .png)): null

2018-12-13 13:06:35 - [TEST_STEP][PASSED] - Statement - counter = counter + 1: null

2018-12-13 13:06:35 - [TEST_STEP][PASSED] - Statement - PreSaveFile = new java.io.File(((pathPrefix + java.lang.Integer.toString(counter)) + .png)): null

2018-12-13 13:06:35 - [TEST_STEP][PASSED] - Statement - counter = counter + 1: null

2018-12-13 13:06:35 - [TEST_STEP][PASSED] - Statement - PreSaveFile = new java.io.File(((pathPrefix + java.lang.Integer.toString(counter)) + .png)): null

2018-12-13 13:06:35 - [TEST_STEP][PASSED] - Statement - counter = counter + 1: null

2018-12-13 13:06:35 - [TEST_STEP][PASSED] - Statement - PreSaveFile = new java.io.File(((pathPrefix + java.lang.Integer.toString(counter)) + .png)): null

2018-12-13 13:06:35 - [TEST_STEP][PASSED] - Statement - counter = counter + 1: null

2018-12-13 13:06:35 - [TEST_STEP][PASSED] - Statement - PreSaveFile = new java.io.File(((pathPrefix + java.lang.Integer.toString(counter)) + .png)): null

2018-12-13 13:06:35 - [TEST_STEP][PASSED] - Statement - counter = counter + 1: null

2018-12-13 13:06:35 - [TEST_STEP][PASSED] - Statement - PreSaveFile = new java.io.File(((pathPrefix + java.lang.Integer.toString(counter)) + .png)): null

2018-12-13 13:06:35 - [TEST_STEP][PASSED] - Statement - counter = counter + 1: null

2018-12-13 13:06:35 - [TEST_STEP][PASSED] - Statement - PreSaveFile = new java.io.File(((pathPrefix + java.lang.Integer.toString(counter)) + .png)): null

2018-12-13 13:06:35 - [TEST_STEP][PASSED] - Statement - counter = counter + 1: null

2018-12-13 13:06:35 - [TEST_STEP][PASSED] - Statement - PreSaveFile = new java.io.File(((pathPrefix + java.lang.Integer.toString(counter)) + .png)): null

2018-12-13 13:06:35 - [TEST_STEP][PASSED] - Statement - counter = counter + 1: null

2018-12-13 13:06:35 - [TEST_STEP][PASSED] - Statement - PreSaveFile = new java.io.File(((pathPrefix + java.lang.Integer.toString(counter)) + .png)): null

2018-12-13 13:06:35 - [TEST_STEP][PASSED] - Statement - counter = counter + 1: null

2018-12-13 13:06:35 - [TEST_STEP][PASSED] - Statement - PreSaveFile = new java.io.File(((pathPrefix + java.lang.Integer.toString(counter)) + .png)): null

2018-12-13 13:06:35 - [TEST_STEP][PASSED] - Statement - counter = counter + 1: null

2018-12-13 13:06:35 - [TEST_STEP][PASSED] - Statement - PreSaveFile = new java.io.File(((pathPrefix + java.lang.Integer.toString(counter)) + .png)): null

2018-12-13 13:06:35 - [TEST_STEP][PASSED] - Statement - counter = counter + 1: null

2018-12-13 13:06:35 - [TEST_STEP][PASSED] - Statement - PreSaveFile = new java.io.File(((pathPrefix + java.lang.Integer.toString(counter)) + .png)): null

2018-12-13 13:06:35 - [TEST_STEP][PASSED] - Statement - counter = counter + 1: null

2018-12-13 13:06:35 - [TEST_STEP][PASSED] - Statement - PreSaveFile = new java.io.File(((pathPrefix + java.lang.Integer.toString(counter)) + .png)): null

2018-12-13 13:06:35 - [TEST_STEP][PASSED] - Statement - counter = counter + 1: null

2018-12-13 13:06:35 - [TEST_STEP][PASSED] - Statement - PreSaveFile = new java.io.File(((pathPrefix + java.lang.Integer.toString(counter)) + .png)): null

2018-12-13 13:06:35 - [TEST_STEP][PASSED] - Statement - counter = counter + 1: null

2018-12-13 13:06:35 - [TEST_STEP][PASSED] - Statement - PreSaveFile = new java.io.File(((pathPrefix + java.lang.Integer.toString(counter)) + .png)): null

2018-12-13 13:06:35 - [TEST_STEP][PASSED] - Statement - counter = counter + 1: null

2018-12-13 13:06:35 - [TEST_STEP][PASSED] - Statement - PreSaveFile = new java.io.File(((pathPrefix + java.lang.Integer.toString(counter)) + .png)): null

2018-12-13 13:06:35 - [TEST_STEP][PASSED] - Statement - counter = counter + 1: null

2018-12-13 13:06:35 - [TEST_STEP][PASSED] - Statement - PreSaveFile = new java.io.File(((pathPrefix + java.lang.Integer.toString(counter)) + .png)): null

2018-12-13 13:06:35 - [TEST_STEP][PASSED] - Statement - counter = counter + 1: null

2018-12-13 13:06:35 - [TEST_STEP][PASSED] - Statement - PreSaveFile = new java.io.File(((pathPrefix + java.lang.Integer.toString(counter)) + .png)): null

2018-12-13 13:06:35 - [TEST_STEP][PASSED] - Statement - counter = counter + 1: null

2018-12-13 13:06:35 - [TEST_STEP][PASSED] - Statement - PreSaveFile = new java.io.File(((pathPrefix + java.lang.Integer.toString(counter)) + .png)): null

2018-12-13 13:06:35 - [TEST_STEP][PASSED] - Statement - counter = counter + 1: null

2018-12-13 13:06:35 - [TEST_STEP][PASSED] - Statement - PreSaveFile = new java.io.File(((pathPrefix + java.lang.Integer.toString(counter)) + .png)): null

2018-12-13 13:06:35 - [TEST_STEP][PASSED] - Statement - counter = counter + 1: null

2018-12-13 13:06:35 - [TEST_STEP][PASSED] - Statement - PreSaveFile = new java.io.File(((pathPrefix + java.lang.Integer.toString(counter)) + .png)): null

2018-12-13 13:06:35 - [TEST_STEP][PASSED] - Statement - counter = counter + 1: null

2018-12-13 13:06:35 - [TEST_STEP][PASSED] - Statement - PreSaveFile = new java.io.File(((pathPrefix + java.lang.Integer.toString(counter)) + .png)): null

2018-12-13 13:06:35 - [TEST_STEP][PASSED] - Statement - counter = counter + 1: null

2018-12-13 13:06:35 - [TEST_STEP][PASSED] - Statement - PreSaveFile = new java.io.File(((pathPrefix + java.lang.Integer.toString(counter)) + .png)): null

2018-12-13 13:06:35 - [TEST_STEP][PASSED] - Statement - counter = counter + 1: null

2018-12-13 13:06:35 - [TEST_STEP][PASSED] - Statement - PreSaveFile = new java.io.File(((pathPrefix + java.lang.Integer.toString(counter)) + .png)): null

2018-12-13 13:06:35 - [TEST_STEP][PASSED] - Statement - counter = counter + 1: null

2018-12-13 13:06:35 - [TEST_STEP][PASSED] - Statement - PreSaveFile = new java.io.File(((pathPrefix + java.lang.Integer.toString(counter)) + .png)): null

2018-12-13 13:06:35 - [TEST_STEP][PASSED] - Statement - counter = counter + 1: null

2018-12-13 13:06:35 - [TEST_STEP][PASSED] - Statement - PreSaveFile = new java.io.File(((pathPrefix + java.lang.Integer.toString(counter)) + .png)): null

2018-12-13 13:06:35 - [TEST_STEP][PASSED] - Statement - counter = counter + 1: null

2018-12-13 13:06:35 - [TEST_STEP][PASSED] - Statement - PreSaveFile = new java.io.File(((pathPrefix + java.lang.Integer.toString(counter)) + .png)): null

2018-12-13 13:06:35 - [TEST_STEP][PASSED] - Statement - counter = counter + 1: null

2018-12-13 13:06:35 - [TEST_STEP][PASSED] - Statement - PreSaveFile = new java.io.File(((pathPrefix + java.lang.Integer.toString(counter)) + .png)): null

2018-12-13 13:06:35 - [TEST_STEP][PASSED] - Statement - counter = counter + 1: null

2018-12-13 13:06:35 - [TEST_STEP][PASSED] - Statement - PreSaveFile = new java.io.File(((pathPrefix + java.lang.Integer.toString(counter)) + .png)): null

2018-12-13 13:06:35 - [TEST_STEP][PASSED] - Statement - counter = counter + 1: null

2018-12-13 13:06:35 - [TEST_STEP][PASSED] - Statement - PreSaveFile = new java.io.File(((pathPrefix + java.lang.Integer.toString(counter)) + .png)): null

2018-12-13 13:06:35 - [TEST_STEP][PASSED] - Statement - counter = counter + 1: null

2018-12-13 13:06:35 - [TEST_STEP][PASSED] - Statement - PreSaveFile = new java.io.File(((pathPrefix + java.lang.Integer.toString(counter)) + .png)): null

2018-12-13 13:06:35 - [TEST_STEP][PASSED] - Statement - counter = counter + 1: null

2018-12-13 13:06:35 - [TEST_STEP][PASSED] - Statement - PreSaveFile = new java.io.File(((pathPrefix + java.lang.Integer.toString(counter)) + .png)): null

2018-12-13 13:06:35 - [TEST_STEP][PASSED] - Statement - counter = counter + 1: null

2018-12-13 13:06:35 - [TEST_STEP][PASSED] - Statement - PreSaveFile = new java.io.File(((pathPrefix + java.lang.Integer.toString(counter)) + .png)): null

2018-12-13 13:06:35 - [TEST_STEP][PASSED] - Statement - counter = counter + 1: null

2018-12-13 13:06:35 - [TEST_STEP][PASSED] - Statement - PreSaveFile = new java.io.File(((pathPrefix + java.lang.Integer.toString(counter)) + .png)): null

2018-12-13 13:06:35 - [TEST_STEP][PASSED] - Statement - counter = counter + 1: null

2018-12-13 13:06:35 - [TEST_STEP][PASSED] - Statement - PreSaveFile = new java.io.File(((pathPrefix + java.lang.Integer.toString(counter)) + .png)): null

2018-12-13 13:06:35 - [TEST_STEP][PASSED] - Statement - counter = counter + 1: null

2018-12-13 13:06:35 - [TEST_STEP][PASSED] - Statement - PreSaveFile = new java.io.File(((pathPrefix + java.lang.Integer.toString(counter)) + .png)): null

2018-12-13 13:06:35 - [TEST_STEP][PASSED] - Statement - counter = counter + 1: null

2018-12-13 13:06:35 - [TEST_STEP][PASSED] - Statement - PreSaveFile = new java.io.File(((pathPrefix + java.lang.Integer.toString(counter)) + .png)): null

2018-12-13 13:06:35 - [TEST_STEP][PASSED] - Statement - counter = counter + 1: null

2018-12-13 13:06:35 - [TEST_STEP][PASSED] - Statement - PreSaveFile = new java.io.File(((pathPrefix + java.lang.Integer.toString(counter)) + .png)): null

2018-12-13 13:06:35 - [TEST_STEP][PASSED] - Statement - counter = counter + 1: null

2018-12-13 13:06:35 - [TEST_STEP][PASSED] - Statement - PreSaveFile = new java.io.File(((pathPrefix + java.lang.Integer.toString(counter)) + .png)): null

2018-12-13 13:06:35 - [TEST_STEP][PASSED] - Statement - counter = counter + 1: null

2018-12-13 13:06:35 - [TEST_STEP][PASSED] - Statement - PreSaveFile = new java.io.File(((pathPrefix + java.lang.Integer.toString(counter)) + .png)): null

2018-12-13 13:06:35 - [TEST_STEP][PASSED] - Statement - counter = counter + 1: null

2018-12-13 13:06:35 - [TEST_STEP][PASSED] - Statement - PreSaveFile = new java.io.File(((pathPrefix + java.lang.Integer.toString(counter)) + .png)): null

2018-12-13 13:06:35 - [TEST_STEP][PASSED] - Statement - counter = counter + 1: null

2018-12-13 13:06:35 - [TEST_STEP][PASSED] - Statement - PreSaveFile = new java.io.File(((pathPrefix + java.lang.Integer.toString(counter)) + .png)): null

2018-12-13 13:06:35 - [TEST_STEP][PASSED] - Statement - counter = counter + 1: null

2018-12-13 13:06:35 - [TEST_STEP][PASSED] - Statement - PreSaveFile = new java.io.File(((pathPrefix + java.lang.Integer.toString(counter)) + .png)): null

2018-12-13 13:06:35 - [TEST_STEP][PASSED] - Statement - counter = counter + 1: null

2018-12-13 13:06:35 - [TEST_STEP][PASSED] - Statement - PreSaveFile = new java.io.File(((pathPrefix + java.lang.Integer.toString(counter)) + .png)): null

2018-12-13 13:06:35 - [TEST_STEP][PASSED] - Statement - counter = counter + 1: null

2018-12-13 13:06:35 - [TEST_STEP][PASSED] - Statement - PreSaveFile = new java.io.File(((pathPrefix + java.lang.Integer.toString(counter)) + .png)): null

2018-12-13 13:06:35 - [TEST_STEP][PASSED] - Statement - counter = counter + 1: null

2018-12-13 13:06:35 - [TEST_STEP][PASSED] - Statement - PreSaveFile = new java.io.File(((pathPrefix + java.lang.Integer.toString(counter)) + .png)): null

2018-12-13 13:06:35 - [TEST_STEP][PASSED] - Statement - counter = counter + 1: null

2018-12-13 13:06:35 - [TEST_STEP][PASSED] - Statement - PreSaveFile = new java.io.File(((pathPrefix + java.lang.Integer.toString(counter)) + .png)): null

2018-12-13 13:06:35 - [TEST_STEP][PASSED] - Statement - counter = counter + 1: null

2018-12-13 13:06:35 - [TEST_STEP][PASSED] - Statement - PreSaveFile = new java.io.File(((pathPrefix + java.lang.Integer.toString(counter)) + .png)): null

2018-12-13 13:06:35 - [TEST_STEP][PASSED] - Statement - counter = counter + 1: null

2018-12-13 13:06:35 - [TEST_STEP][PASSED] - Statement - PreSaveFile = new java.io.File(((pathPrefix + java.lang.Integer.toString(counter)) + .png)): null

2018-12-13 13:06:35 - [TEST_STEP][PASSED] - Statement - counter = counter + 1: null

2018-12-13 13:06:35 - [TEST_STEP][PASSED] - Statement - PreSaveFile = new java.io.File(((pathPrefix + java.lang.Integer.toString(counter)) + .png)): null

2018-12-13 13:06:35 - [TEST_STEP][PASSED] - Statement - counter = counter + 1: null

2018-12-13 13:06:35 - [TEST_STEP][PASSED] - Statement - PreSaveFile = new java.io.File(((pathPrefix + java.lang.Integer.toString(counter)) + .png)): null

2018-12-13 13:06:35 - [TEST_STEP][PASSED] - Statement - counter = counter + 1: null

2018-12-13 13:06:35 - [TEST_STEP][PASSED] - Statement - PreSaveFile = new java.io.File(((pathPrefix + java.lang.Integer.toString(counter)) + .png)): null

2018-12-13 13:06:35 - [TEST_STEP][PASSED] - Statement - counter = counter + 1: null

2018-12-13 13:06:35 - [TEST_STEP][PASSED] - Statement - PreSaveFile = new java.io.File(((pathPrefix + java.lang.Integer.toString(counter)) + .png)): null

2018-12-13 13:06:35 - [TEST_STEP][PASSED] - Statement - counter = counter + 1: null

2018-12-13 13:06:35 - [TEST_STEP][PASSED] - Statement - PreSaveFile = new java.io.File(((pathPrefix + java.lang.Integer.toString(counter)) + .png)): null

2018-12-13 13:06:35 - [TEST_STEP][PASSED] - Statement - counter = counter + 1: null

2018-12-13 13:06:35 - [TEST_STEP][PASSED] - Statement - PreSaveFile = new java.io.File(((pathPrefix + java.lang.Integer.toString(counter)) + .png)): null

2018-12-13 13:06:35 - [TEST_STEP][PASSED] - Statement - counter = counter + 1: null

2018-12-13 13:06:35 - [TEST_STEP][PASSED] - Statement - PreSaveFile = new java.io.File(((pathPrefix + java.lang.Integer.toString(counter)) + .png)): null

2018-12-13 13:06:35 - [TEST_STEP][PASSED] - Statement - counter = counter + 1: null

2018-12-13 13:06:35 - [TEST_STEP][PASSED] - Statement - PreSaveFile = new java.io.File(((pathPrefix + java.lang.Integer.toString(counter)) + .png)): null

2018-12-13 13:06:35 - [TEST_STEP][PASSED] - Statement - counter = counter + 1: null

2018-12-13 13:06:35 - [TEST_STEP][PASSED] - Statement - PreSaveFile = new java.io.File(((pathPrefix + java.lang.Integer.toString(counter)) + .png)): null

2018-12-13 13:06:35 - [TEST_STEP][PASSED] - Statement - counter = counter + 1: null

2018-12-13 13:06:35 - [TEST_STEP][PASSED] - Statement - PreSaveFile = new java.io.File(((pathPrefix + java.lang.Integer.toString(counter)) + .png)): null

2018-12-13 13:06:35 - [TEST_STEP][PASSED] - Statement - counter = counter + 1: null

2018-12-13 13:06:35 - [TEST_STEP][PASSED] - Statement - PreSaveFile = new java.io.File(((pathPrefix + java.lang.Integer.toString(counter)) + .png)): null

2018-12-13 13:06:35 - [TEST_STEP][PASSED] - Statement - counter = counter + 1: null

2018-12-13 13:06:35 - [TEST_STEP][PASSED] - Statement - PreSaveFile = new java.io.File(((pathPrefix + java.lang.Integer.toString(counter)) + .png)): null

2018-12-13 13:06:35 - [TEST_STEP][PASSED] - Statement - counter = counter + 1: null

2018-12-13 13:06:35 - [TEST_STEP][PASSED] - Statement - PreSaveFile = new java.io.File(((pathPrefix + java.lang.Integer.toString(counter)) + .png)): null

2018-12-13 13:06:35 - [TEST_STEP][PASSED] - Statement - counter = counter + 1: null

2018-12-13 13:06:35 - [TEST_STEP][PASSED] - Statement - PreSaveFile = new java.io.File(((pathPrefix + java.lang.Integer.toString(counter)) + .png)): null

2018-12-13 13:06:35 - [TEST_STEP][PASSED] - Statement - counter = counter + 1: null

2018-12-13 13:06:35 - [TEST_STEP][PASSED] - Statement - PreSaveFile = new java.io.File(((pathPrefix + java.lang.Integer.toString(counter)) + .png)): null

2018-12-13 13:06:35 - [TEST_STEP][PASSED] - Statement - counter = counter + 1: null

2018-12-13 13:06:35 - [TEST_STEP][PASSED] - Statement - PreSaveFile = new java.io.File(((pathPrefix + java.lang.Integer.toString(counter)) + .png)): null

2018-12-13 13:06:35 - [TEST_STEP][PASSED] - Statement - counter = counter + 1: null

2018-12-13 13:06:35 - [TEST_STEP][PASSED] - Statement - PreSaveFile = new java.io.File(((pathPrefix + java.lang.Integer.toString(counter)) + .png)): null

2018-12-13 13:06:35 - [TEST_STEP][PASSED] - Statement - counter = counter + 1: null

2018-12-13 13:06:35 - [TEST_STEP][PASSED] - Statement - PreSaveFile = new java.io.File(((pathPrefix + java.lang.Integer.toString(counter)) + .png)): null

2018-12-13 13:06:35 - [TEST_STEP][PASSED] - Statement - counter = counter + 1: null

2018-12-13 13:06:35 - [TEST_STEP][PASSED] - Statement - PreSaveFile = new java.io.File(((pathPrefix + java.lang.Integer.toString(counter)) + .png)): null

2018-12-13 13:06:35 - [TEST_STEP][PASSED] - Statement - counter = counter + 1: null

2018-12-13 13:06:35 - [TEST_STEP][PASSED] - Statement - PreSaveFile = new java.io.File(((pathPrefix + java.lang.Integer.toString(counter)) + .png)): null

2018-12-13 13:06:35 - [TEST_STEP][PASSED] - Statement - counter = counter + 1: null

2018-12-13 13:06:35 - [TEST_STEP][PASSED] - Statement - PreSaveFile = new java.io.File(((pathPrefix + java.lang.Integer.toString(counter)) + .png)): null

2018-12-13 13:06:35 - [TEST_STEP][PASSED] - Statement - counter = counter + 1: null

2018-12-13 13:06:35 - [TEST_STEP][PASSED] - Statement - PreSaveFile = new java.io.File(((pathPrefix + java.lang.Integer.toString(counter)) + .png)): null

2018-12-13 13:06:35 - [TEST_STEP][PASSED] - Statement - counter = counter + 1: null

2018-12-13 13:06:35 - [TEST_STEP][PASSED] - Statement - PreSaveFile = new java.io.File(((pathPrefix + java.lang.Integer.toString(counter)) + .png)): null

2018-12-13 13:06:35 - [TEST_STEP][PASSED] - Statement - counter = counter + 1: null

2018-12-13 13:06:35 - [TEST_STEP][PASSED] - Statement - PreSaveFile = new java.io.File(((pathPrefix + java.lang.Integer.toString(counter)) + .png)): null

2018-12-13 13:06:35 - [TEST_STEP][PASSED] - Statement - counter = counter + 1: null

2018-12-13 13:06:35 - [TEST_STEP][PASSED] - Statement - PreSaveFile = new java.io.File(((pathPrefix + java.lang.Integer.toString(counter)) + .png)): null

2018-12-13 13:06:35 - [TEST_STEP][PASSED] - Statement - counter = counter + 1: null

2018-12-13 13:06:35 - [TEST_STEP][PASSED] - Statement - PreSaveFile = new java.io.File(((pathPrefix + java.lang.Integer.toString(counter)) + .png)): null

2018-12-13 13:06:35 - [TEST_STEP][PASSED] - Statement - counter = counter + 1: null

2018-12-13 13:06:35 - [TEST_STEP][PASSED] - Statement - PreSaveFile = new java.io.File(((pathPrefix + java.lang.Integer.toString(counter)) + .png)): null

2018-12-13 13:06:35 - [TEST_STEP][PASSED] - Statement - counter = counter + 1: null

2018-12-13 13:06:35 - [TEST_STEP][PASSED] - Statement - PreSaveFile = new java.io.File(((pathPrefix + java.lang.Integer.toString(counter)) + .png)): null

2018-12-13 13:06:35 - [TEST_STEP][PASSED] - Statement - counter = counter + 1: null

2018-12-13 13:06:35 - [TEST_STEP][PASSED] - Statement - PreSaveFile = new java.io.File(((pathPrefix + java.lang.Integer.toString(counter)) + .png)): null

2018-12-13 13:06:35 - [TEST_STEP][PASSED] - Statement - counter = counter + 1: null

2018-12-13 13:06:35 - [TEST_STEP][PASSED] - Statement - PreSaveFile = new java.io.File(((pathPrefix + java.lang.Integer.toString(counter)) + .png)): null

2018-12-13 13:06:35 - [TEST_STEP][PASSED] - Statement - counter = counter + 1: null

2018-12-13 13:06:35 - [TEST_STEP][PASSED] - Statement - PreSaveFile = new java.io.File(((pathPrefix + java.lang.Integer.toString(counter)) + .png)): null

2018-12-13 13:06:35 - [TEST_STEP][PASSED] - Statement - counter = counter + 1: null

2018-12-13 13:06:35 - [TEST_STEP][PASSED] - Statement - PreSaveFile = new java.io.File(((pathPrefix + java.lang.Integer.toString(counter)) + .png)): null

2018-12-13 13:06:35 - [TEST_STEP][PASSED] - Statement - counter = counter + 1: null

2018-12-13 13:06:35 - [TEST_STEP][PASSED] - Statement - PreSaveFile = new java.io.File(((pathPrefix + java.lang.Integer.toString(counter)) + .png)): null

2018-12-13 13:06:35 - [TEST_STEP][PASSED] - Statement - counter = counter + 1: null

2018-12-13 13:06:35 - [TEST_STEP][PASSED] - Statement - PreSaveFile = new java.io.File(((pathPrefix + java.lang.Integer.toString(counter)) + .png)): null

2018-12-13 13:06:35 - [TEST_STEP][PASSED] - Statement - counter = counter + 1: null

2018-12-13 13:06:35 - [TEST_STEP][PASSED] - Statement - PreSaveFile = new java.io.File(((pathPrefix + java.lang.Integer.toString(counter)) + .png)): null

2018-12-13 13:06:35 - [TEST_STEP][PASSED] - Statement - counter = counter + 1: null

2018-12-13 13:06:35 - [TEST_STEP][PASSED] - Statement - PreSaveFile = new java.io.File(((pathPrefix + java.lang.Integer.toString(counter)) + .png)): null

2018-12-13 13:06:35 - [TEST_STEP][PASSED] - Statement - counter = counter + 1: null

2018-12-13 13:06:35 - [TEST_STEP][PASSED] - Statement - PreSaveFile = new java.io.File(((pathPrefix + java.lang.Integer.toString(counter)) + .png)): null

2018-12-13 13:06:35 - [TEST_STEP][PASSED] - Statement - counter = counter + 1: null

2018-12-13 13:06:35 - [TEST_STEP][PASSED] - Statement - PreSaveFile = new java.io.File(((pathPrefix + java.lang.Integer.toString(counter)) + .png)): null

2018-12-13 13:06:35 - [TEST_STEP][PASSED] - Statement - counter = counter + 1: null

2018-12-13 13:06:35 - [TEST_STEP][PASSED] - Statement - PreSaveFile = new java.io.File(((pathPrefix + java.lang.Integer.toString(counter)) + .png)): null

2018-12-13 13:06:35 - [TEST_STEP][PASSED] - Statement - counter = counter + 1: null

2018-12-13 13:06:35 - [TEST_STEP][PASSED] - Statement - PreSaveFile = new java.io.File(((pathPrefix + java.lang.Integer.toString(counter)) + .png)): null

2018-12-13 13:06:35 - [TEST_STEP][PASSED] - Statement - counter = counter + 1: null

2018-12-13 13:06:35 - [TEST_STEP][PASSED] - Statement - PreSaveFile = new java.io.File(((pathPrefix + java.lang.Integer.toString(counter)) + .png)): null

2018-12-13 13:06:35 - [TEST_STEP][PASSED] - Statement - counter = counter + 1: null

2018-12-13 13:06:35 - [TEST_STEP][PASSED] - Statement - PreSaveFile = new java.io.File(((pathPrefix + java.lang.Integer.toString(counter)) + .png)): null

2018-12-13 13:06:35 - [TEST_STEP][PASSED] - Statement - counter = counter + 1: null

2018-12-13 13:06:35 - [TEST_STEP][PASSED] - Statement - PreSaveFile = new java.io.File(((pathPrefix + java.lang.Integer.toString(counter)) + .png)): null

2018-12-13 13:06:35 - [TEST_STEP][PASSED] - Statement - counter = counter + 1: null

2018-12-13 13:06:35 - [TEST_STEP][PASSED] - Statement - PreSaveFile = new java.io.File(((pathPrefix + java.lang.Integer.toString(counter)) + .png)): null

2018-12-13 13:06:35 - [TEST_STEP][PASSED] - Statement - counter = counter + 1: null

2018-12-13 13:06:35 - [TEST_STEP][PASSED] - Statement - PreSaveFile = new java.io.File(((pathPrefix + java.lang.Integer.toString(counter)) + .png)): null

2018-12-13 13:06:35 - [TEST_STEP][PASSED] - Statement - counter = counter + 1: null

2018-12-13 13:06:35 - [TEST_STEP][PASSED] - Statement - PreSaveFile = new java.io.File(((pathPrefix + java.lang.Integer.toString(counter)) + .png)): null

2018-12-13 13:06:35 - [TEST_STEP][PASSED] - Statement - counter = counter + 1: null

2018-12-13 13:06:35 - [TEST_STEP][PASSED] - Statement - PreSaveFile = new java.io.File(((pathPrefix + java.lang.Integer.toString(counter)) + .png)): null

2018-12-13 13:06:35 - [TEST_STEP][PASSED] - Statement - counter = counter + 1: null

2018-12-13 13:06:35 - [TEST_STEP][PASSED] - Statement - PreSaveFile = new java.io.File(((pathPrefix + java.lang.Integer.toString(counter)) + .png)): null

2018-12-13 13:06:35 - [TEST_STEP][PASSED] - Statement - counter = counter + 1: null

2018-12-13 13:06:35 - [TEST_STEP][PASSED] - Statement - PreSaveFile = new java.io.File(((pathPrefix + java.lang.Integer.toString(counter)) + .png)): null

2018-12-13 13:06:35 - [TEST_STEP][PASSED] - Statement - counter = counter + 1: null

2018-12-13 13:06:35 - [TEST_STEP][PASSED] - Statement - PreSaveFile = new java.io.File(((pathPrefix + java.lang.Integer.toString(counter)) + .png)): null

2018-12-13 13:06:35 - [TEST_STEP][PASSED] - Statement - counter = counter + 1: null

2018-12-13 13:06:35 - [TEST_STEP][PASSED] - Statement - PreSaveFile = new java.io.File(((pathPrefix + java.lang.Integer.toString(counter)) + .png)): null

2018-12-13 13:06:35 - [TEST_STEP][PASSED] - Statement - counter = counter + 1: null

2018-12-13 13:06:35 - [TEST_STEP][PASSED] - Statement - PreSaveFile = new java.io.File(((pathPrefix + java.lang.Integer.toString(counter)) + .png)): null

2018-12-13 13:06:35 - [TEST_STEP][PASSED] - Statement - counter = counter + 1: null

2018-12-13 13:06:35 - [TEST_STEP][PASSED] - Statement - PreSaveFile = new java.io.File(((pathPrefix + java.lang.Integer.toString(counter)) + .png)): null

2018-12-13 13:06:35 - [TEST_STEP][PASSED] - Statement - counter = counter + 1: null

2018-12-13 13:06:35 - [TEST_STEP][PASSED] - Statement - PreSaveFile = new java.io.File(((pathPrefix + java.lang.Integer.toString(counter)) + .png)): null

2018-12-13 13:06:35 - [TEST_STEP][PASSED] - Statement - counter = counter + 1: null

2018-12-13 13:06:35 - [TEST_STEP][PASSED] - Statement - PreSaveFile = new java.io.File(((pathPrefix + java.lang.Integer.toString(counter)) + .png)): null

2018-12-13 13:06:35 - [TEST_STEP][PASSED] - Statement - counter = counter + 1: null

2018-12-13 13:06:35 - [TEST_STEP][PASSED] - Statement - PreSaveFile = new java.io.File(((pathPrefix + java.lang.Integer.toString(counter)) + .png)): null

2018-12-13 13:06:35 - [TEST_STEP][PASSED] - Statement - counter = counter + 1: null

2018-12-13 13:06:35 - [TEST_STEP][PASSED] - Statement - PreSaveFile = new java.io.File(((pathPrefix + java.lang.Integer.toString(counter)) + .png)): null

2018-12-13 13:06:35 - [TEST_STEP][PASSED] - Statement - counter = counter + 1: null

2018-12-13 13:06:35 - [TEST_STEP][PASSED] - Statement - PreSaveFile = new java.io.File(((pathPrefix + java.lang.Integer.toString(counter)) + .png)): null

2018-12-13 13:06:35 - [TEST_STEP][PASSED] - Statement - counter = counter + 1: null

2018-12-13 13:06:35 - [TEST_STEP][PASSED] - Statement - PreSaveFile = new java.io.File(((pathPrefix + java.lang.Integer.toString(counter)) + .png)): null

2018-12-13 13:06:35 - [TEST_STEP][PASSED] - Statement - counter = counter + 1: null

2018-12-13 13:06:35 - [TEST_STEP][PASSED] - Statement - PreSaveFile = new java.io.File(((pathPrefix + java.lang.Integer.toString(counter)) + .png)): null

2018-12-13 13:06:35 - [TEST_STEP][PASSED] - Statement - counter = counter + 1: null

2018-12-13 13:06:35 - [TEST_STEP][PASSED] - Statement - PreSaveFile = new java.io.File(((pathPrefix + java.lang.Integer.toString(counter)) + .png)): null

2018-12-13 13:06:35 - [TEST_STEP][PASSED] - Statement - counter = counter + 1: null

2018-12-13 13:06:35 - [TEST_STEP][PASSED] - Statement - PreSaveFile = new java.io.File(((pathPrefix + java.lang.Integer.toString(counter)) + .png)): null

2018-12-13 13:06:35 - [TEST_STEP][PASSED] - Statement - counter = counter + 1: null

2018-12-13 13:06:35 - [TEST_STEP][PASSED] - Statement - PreSaveFile = new java.io.File(((pathPrefix + java.lang.Integer.toString(counter)) + .png)): null

2018-12-13 13:06:35 - [TEST_STEP][PASSED] - Statement - counter = counter + 1: null

2018-12-13 13:06:35 - [TEST_STEP][PASSED] - Statement - PreSaveFile = new java.io.File(((pathPrefix + java.lang.Integer.toString(counter)) + .png)): null

2018-12-13 13:06:35 - [TEST_STEP][PASSED] - Statement - counter = counter + 1: null

2018-12-13 13:06:35 - [TEST_STEP][PASSED] - Statement - PreSaveFile = new java.io.File(((pathPrefix + java.lang.Integer.toString(counter)) + .png)): null

2018-12-13 13:06:35 - [TEST_STEP][PASSED] - Statement - counter = counter + 1: null

2018-12-13 13:06:35 - [TEST_STEP][PASSED] - Statement - PreSaveFile = new java.io.File(((pathPrefix + java.lang.Integer.toString(counter)) + .png)): null

2018-12-13 13:06:35 - [TEST_STEP][PASSED] - Statement - counter = counter + 1: null

2018-12-13 13:06:35 - [TEST_STEP][PASSED] - Statement - PreSaveFile = new java.io.File(((pathPrefix + java.lang.Integer.toString(counter)) + .png)): null

2018-12-13 13:06:35 - [TEST_STEP][PASSED] - Statement - counter = counter + 1: null

2018-12-13 13:06:35 - [TEST_STEP][PASSED] - Statement - PreSaveFile = new java.io.File(((pathPrefix + java.lang.Integer.toString(counter)) + .png)): null

2018-12-13 13:06:35 - [TEST_STEP][PASSED] - Statement - counter = counter + 1: null

2018-12-13 13:06:35 - [TEST_STEP][PASSED] - Statement - PreSaveFile = new java.io.File(((pathPrefix + java.lang.Integer.toString(counter)) + .png)): null

2018-12-13 13:06:35 - [TEST_STEP][PASSED] - Statement - counter = counter + 1: null

2018-12-13 13:06:35 - [TEST_STEP][PASSED] - Statement - PreSaveFile = new java.io.File(((pathPrefix + java.lang.Integer.toString(counter)) + .png)): null

2018-12-13 13:06:35 - [TEST_STEP][PASSED] - Statement - counter = counter + 1: null

2018-12-13 13:06:35 - [TEST_STEP][PASSED] - Statement - PreSaveFile = new java.io.File(((pathPrefix + java.lang.Integer.toString(counter)) + .png)): null

2018-12-13 13:06:35 - [TEST_STEP][PASSED] - Statement - counter = counter + 1: null

2018-12-13 13:06:35 - [TEST_STEP][PASSED] - Statement - PreSaveFile = new java.io.File(((pathPrefix + java.lang.Integer.toString(counter)) + .png)): null

2018-12-13 13:06:35 - [TEST_STEP][PASSED] - Statement - counter = counter + 1: null

2018-12-13 13:06:35 - [TEST_STEP][PASSED] - Statement - PreSaveFile = new java.io.File(((pathPrefix + java.lang.Integer.toString(counter)) + .png)): null

2018-12-13 13:06:35 - [TEST_STEP][PASSED] - Statement - counter = counter + 1: null

2018-12-13 13:06:35 - [TEST_STEP][PASSED] - Statement - PreSaveFile = new java.io.File(((pathPrefix + java.lang.Integer.toString(counter)) + .png)): null

2018-12-13 13:06:35 - [TEST_STEP][PASSED] - Statement - counter = counter + 1: null

2018-12-13 13:06:35 - [TEST_STEP][PASSED] - Statement - PreSaveFile = new java.io.File(((pathPrefix + java.lang.Integer.toString(counter)) + .png)): null

2018-12-13 13:06:35 - [TEST_STEP][PASSED] - Statement - counter = counter + 1: null

2018-12-13 13:06:35 - [TEST_STEP][PASSED] - Statement - PreSaveFile = new java.io.File(((pathPrefix + java.lang.Integer.toString(counter)) + .png)): null

2018-12-13 13:06:35 - [TEST_STEP][PASSED] - Statement - counter = counter + 1: null

2018-12-13 13:06:35 - [TEST_STEP][PASSED] - Statement - PreSaveFile = new java.io.File(((pathPrefix + java.lang.Integer.toString(counter)) + .png)): null

2018-12-13 13:06:35 - [TEST_STEP][PASSED] - Statement - counter = counter + 1: null

2018-12-13 13:06:35 - [TEST_STEP][PASSED] - Statement - PreSaveFile = new java.io.File(((pathPrefix + java.lang.Integer.toString(counter)) + .png)): null

2018-12-13 13:06:35 - [TEST_STEP][PASSED] - Statement - counter = counter + 1: null

2018-12-13 13:06:35 - [TEST_STEP][PASSED] - Statement - PreSaveFile = new java.io.File(((pathPrefix + java.lang.Integer.toString(counter)) + .png)): null

2018-12-13 13:06:35 - [TEST_STEP][PASSED] - Statement - counter = counter + 1: null

2018-12-13 13:06:35 - [TEST_STEP][PASSED] - Statement - PreSaveFile = new java.io.File(((pathPrefix + java.lang.Integer.toString(counter)) + .png)): null

2018-12-13 13:06:35 - [TEST_STEP][PASSED] - Statement - counter = counter + 1: null

2018-12-13 13:06:35 - [TEST_STEP][PASSED] - Statement - PreSaveFile = new java.io.File(((pathPrefix + java.lang.Integer.toString(counter)) + .png)): null

2018-12-13 13:06:35 - [TEST_STEP][PASSED] - Statement - counter = counter + 1: null

2018-12-13 13:06:35 - [TEST_STEP][PASSED] - Statement - PreSaveFile = new java.io.File(((pathPrefix + java.lang.Integer.toString(counter)) + .png)): null

2018-12-13 13:06:35 - [TEST_STEP][PASSED] - Statement - counter = counter + 1: null

2018-12-13 13:06:35 - [TEST_STEP][PASSED] - Statement - PreSaveFile = new java.io.File(((pathPrefix + java.lang.Integer.toString(counter)) + .png)): null

2018-12-13 13:06:35 - [TEST_STEP][PASSED] - Statement - counter = counter + 1: null

2018-12-13 13:06:35 - [TEST_STEP][PASSED] - Statement - PreSaveFile = new java.io.File(((pathPrefix + java.lang.Integer.toString(counter)) + .png)): null

2018-12-13 13:06:35 - [TEST_STEP][PASSED] - Statement - counter = counter + 1: null

2018-12-13 13:06:35 - [TEST_STEP][PASSED] - Statement - PreSaveFile = new java.io.File(((pathPrefix + java.lang.Integer.toString(counter)) + .png)): null

2018-12-13 13:06:35 - [TEST_STEP][PASSED] - Statement - counter = counter + 1: null

2018-12-13 13:06:35 - [TEST_STEP][PASSED] - Statement - PreSaveFile = new java.io.File(((pathPrefix + java.lang.Integer.toString(counter)) + .png)): null

2018-12-13 13:06:35 - [TEST_STEP][PASSED] - Statement - counter = counter + 1: null

2018-12-13 13:06:35 - [TEST_STEP][PASSED] - Statement - PreSaveFile = new java.io.File(((pathPrefix + java.lang.Integer.toString(counter)) + .png)): null

2018-12-13 13:06:35 - [TEST_STEP][PASSED] - Statement - counter = counter + 1: null

2018-12-13 13:06:35 - [TEST_STEP][PASSED] - Statement - PreSaveFile = new java.io.File(((pathPrefix + java.lang.Integer.toString(counter)) + .png)): null

2018-12-13 13:06:35 - [TEST_STEP][PASSED] - Statement - counter = counter + 1: null

2018-12-13 13:06:35 - [TEST_STEP][PASSED] - Statement - PreSaveFile = new java.io.File(((pathPrefix + java.lang.Integer.toString(counter)) + .png)): null

2018-12-13 13:06:35 - [TEST_STEP][PASSED] - Statement - counter = counter + 1: null

2018-12-13 13:06:35 - [TEST_STEP][PASSED] - Statement - PreSaveFile = new java.io.File(((pathPrefix + java.lang.Integer.toString(counter)) + .png)): null

2018-12-13 13:06:35 - [TEST_STEP][PASSED] - Statement - counter = counter + 1: null

2018-12-13 13:06:35 - [TEST_STEP][PASSED] - Statement - PreSaveFile = new java.io.File(((pathPrefix + java.lang.Integer.toString(counter)) + .png)): null

2018-12-13 13:06:35 - [TEST_STEP][PASSED] - Statement - counter = counter + 1: null

2018-12-13 13:06:35 - [TEST_STEP][PASSED] - Statement - PreSaveFile = new java.io.File(((pathPrefix + java.lang.Integer.toString(counter)) + .png)): null

2018-12-13 13:06:35 - [TEST_STEP][PASSED] - Statement - finalPath = pathPrefix + java.lang.Integer.toString(counter) + ".png": null

2018-12-13 13:06:35 - [TEST_STEP][PASSED] - Statement - SaveFile = new java.io.File(finalPath): null

2018-12-13 13:06:35 - [TEST_STEP][PASSED] - Statement - Try: null

2018-12-13 13:06:35 - [TEST_STEP][PASSED] - Statement - org.apache.commons.io.FileUtils.copyFile(scrFile, SaveFile): null

2018-12-13 13:06:35 - [TEST_STEP][PASSED] - Statement - out.println("file kept"): null

2018-12-13 13:06:35 - [TEST_STEP][PASSED] - delay: Delayed 10 second(s)

2018-12-13 13:06:45 - [MESSAGE][PASSED] - Delayed 10 second(s)

2018-12-13 13:06:45 - [MESSAGE][FAILED] - Unable to call Test Case with id 'Test Cases/Final Aug 2018 - PKS Automation/Registration Module/New Registration/Submit and Screenshot/Submit Registration and Screenshot' (Root cause: Call Test Case 'Test Cases/Final Aug 2018 - PKS Automation/Registration Module/New Registration/Submit and Screenshot/Submit Registration and Screenshot' failed)]]></system-out>
         <system-err><![CDATA[2018-12-13 12:50:59 - [TEST_CASE][FAILED] - Test Cases/Final Aug 2018 - PKS Automation/Registration Module/Workflow/New Registration/Case OTC to RO - Query - Submit: Test Cases/Final Aug 2018 - PKS Automation/Registration Module/Workflow/New Registration/Case OTC to RO - Query - Submit FAILED because (of) (Stack trace: com.kms.katalon.core.exception.StepFailedException: Unable to set text 'CRN12201800123272' of object 'Object Repository/Final Object Repo/New Registration - Registration Module Pages/New Reg - OTC to RO/Special Case - All Related Objects/TextBox RefNo in Workbasket' (Root cause: org.openqa.selenium.ElementNotVisibleException: element not interactable
  (Session info: chrome=70.0.3538.110)
  (Driver info: chromedriver=2.43.600210 (68dcf5eebde37173d4027fa8635e332711d2874a),platform=Windows NT 6.1.7601 SP1 x86_64) (WARNING: The server did not provide any stacktrace information)
Command duration or timeout: 0 milliseconds
Build info: version: '3.7.1', revision: '8a0099a', time: '2017-11-06T21:07:36.161Z'
System info: host: 'WIN7TEST02', ip: '10.20.3.72', os.name: 'Windows 7', os.arch: 'amd64', os.version: '6.1', java.version: '1.8.0_181'
Driver info: com.kms.katalon.selenium.driver.CChromeDriver
Capabilities {acceptInsecureCerts: false, acceptSslCerts: false, applicationCacheEnabled: false, browserConnectionEnabled: false, browserName: chrome, chrome: {chromedriverVersion: 2.43.600210 (68dcf5eebde371..., userDataDir: C:\Users\Admin\AppData\Loca...}, cssSelectorsEnabled: true, databaseEnabled: false, goog:chromeOptions: {debuggerAddress: localhost:52424}, handlesAlerts: true, hasTouchScreen: false, javascriptEnabled: true, locationContextEnabled: true, mobileEmulationEnabled: false, nativeEvents: true, networkConnectionEnabled: false, pageLoadStrategy: normal, platform: XP, platformName: XP, rotatable: false, setWindowRect: true, takesHeapSnapshot: true, takesScreenshot: true, unexpectedAlertBehaviour: , unhandledPromptBehavior: , version: 70.0.3538.110, webStorageEnabled: true}
Session ID: d5b7e3854c0bc4b21009aef668cb2dc6)
	at com.kms.katalon.core.keyword.internal.KeywordMain.stepFailed(KeywordMain.groovy:32)
	at com.kms.katalon.core.webui.keyword.internal.WebUIKeywordMain.stepFailed(WebUIKeywordMain.groovy:65)
	at com.kms.katalon.core.webui.keyword.internal.WebUIKeywordMain.runKeyword(WebUIKeywordMain.groovy:27)
	at com.kms.katalon.core.webui.keyword.builtin.SetTextKeyword.setText(SetTextKeyword.groovy:65)
	at com.kms.katalon.core.webui.keyword.builtin.SetTextKeyword.execute(SetTextKeyword.groovy:37)
	at com.kms.katalon.core.keyword.internal.KeywordExecutor.executeKeywordForPlatform(KeywordExecutor.groovy:53)
	at com.kms.katalon.core.webui.keyword.WebUiBuiltInKeywords.setText(WebUiBuiltInKeywords.groovy:950)
	at com.kms.katalon.core.webui.keyword.WebUiBuiltInKeywords$setText$1.call(Unknown Source)
	at org.codehaus.groovy.runtime.callsite.CallSiteArray.defaultCall(CallSiteArray.java:48)
	at org.codehaus.groovy.runtime.callsite.AbstractCallSite.call(AbstractCallSite.java:113)
	at org.codehaus.groovy.runtime.callsite.AbstractCallSite.call(AbstractCallSite.java:133)
	at Script1535599386194.run(Script1535599386194.groovy:73)
	at com.kms.katalon.core.main.ScriptEngine.run(ScriptEngine.java:183)
	at com.kms.katalon.core.main.ScriptEngine.runScriptAsRawText(ScriptEngine.java:108)
	at com.kms.katalon.core.main.TestCaseExecutor.runScript(TestCaseExecutor.java:294)
	at com.kms.katalon.core.main.TestCaseExecutor.doExecute(TestCaseExecutor.java:285)
	at com.kms.katalon.core.main.TestCaseExecutor.processExecutionPhase(TestCaseExecutor.java:264)
	at com.kms.katalon.core.main.TestCaseExecutor.accessMainPhase(TestCaseExecutor.java:256)
	at com.kms.katalon.core.main.TestCaseExecutor.execute(TestCaseExecutor.java:200)
	at com.kms.katalon.core.main.TestSuiteExecutor.accessTestCaseMainPhase(TestSuiteExecutor.java:129)
	at com.kms.katalon.core.main.TestSuiteExecutor.accessTestSuiteMainPhase(TestSuiteExecutor.java:112)
	at com.kms.katalon.core.main.TestSuiteExecutor.execute(TestSuiteExecutor.java:81)
	at com.kms.katalon.core.main.TestCaseMain.startTestSuite(TestCaseMain.java:142)
	at com.kms.katalon.core.main.TestCaseMain$startTestSuite$0.call(Unknown Source)
	at org.codehaus.groovy.runtime.callsite.CallSiteArray.defaultCall(CallSiteArray.java:48)
	at org.codehaus.groovy.runtime.callsite.AbstractCallSite.call(AbstractCallSite.java:113)
	at org.codehaus.groovy.runtime.callsite.AbstractCallSite.call(AbstractCallSite.java:141)
	at TempTestSuite1544668253915.run(TempTestSuite1544668253915.groovy:36)
	at groovy.lang.GroovyShell.runScriptOrMainOrTestOrRunnable(GroovyShell.java:263)
	at groovy.lang.GroovyShell.run(GroovyShell.java:518)
	at groovy.lang.GroovyShell.run(GroovyShell.java:507)
	at groovy.ui.GroovyMain.processOnce(GroovyMain.java:653)
	at groovy.ui.GroovyMain.run(GroovyMain.java:384)
	at groovy.ui.GroovyMain.process(GroovyMain.java:370)
	at groovy.ui.GroovyMain.processArgs(GroovyMain.java:129)
	at groovy.ui.GroovyMain.main(GroovyMain.java:109)
	at sun.reflect.NativeMethodAccessorImpl.invoke0(Native Method)
	at sun.reflect.NativeMethodAccessorImpl.invoke(NativeMethodAccessorImpl.java:62)
	at sun.reflect.DelegatingMethodAccessorImpl.invoke(DelegatingMethodAccessorImpl.java:43)
	at java.lang.reflect.Method.invoke(Method.java:498)
	at org.codehaus.groovy.tools.GroovyStarter.rootLoader(GroovyStarter.java:109)
	at org.codehaus.groovy.tools.GroovyStarter.main(GroovyStarter.java:131)
)]]></system-err>
      </testcase>
      <testcase name="Test Cases/Final Aug 2018 - PKS Automation/Registration Module/Workflow/New Registration/Case OTC to RO - RO Submit" classname="Test Cases/Final Aug 2018 - PKS Automation/Registration Module/Workflow/New Registration/Case OTC to RO - RO Submit" status="FAILED">
         <failure type="FAILED" message="(Stack trace: com.kms.katalon.core.exception.StepFailedException: Unable to click on object 'Object Repository/Final Object Repo/New Registration - Registration Module Pages/New Reg - OTC to RO/Special Case - OTC - Form 1/Registered with SSM - After Feb 2017' (Root cause: org.openqa.selenium.WebDriverException: unknown error: Element &lt;label class=&quot;radio&quot; for=&quot;_newreg_WAR_registrationportlet_grpi&quot;>...&lt;/label> is not clickable at point (432, 382). Other element would receive the click: &lt;div class=&quot;blockUI blockOverlay&quot; style=&quot;z-index: 2000; border: none; margin: 0px; padding: 0px; width: 100%; height: 100%; top: 0px; left: 0px; background-color: rgb(0, 0, 0); opacity: 0.6; cursor: wait; position: fixed;&quot;>&lt;/div>
  (Session info: chrome=70.0.3538.110)
  (Driver info: chromedriver=2.43.600210 (68dcf5eebde37173d4027fa8635e332711d2874a),platform=Windows NT 6.1.7601 SP1 x86_64) (WARNING: The server did not provide any stacktrace information)
Command duration or timeout: 0 milliseconds
Build info: version: '3.7.1', revision: '8a0099a', time: '2017-11-06T21:07:36.161Z'
System info: host: 'WIN7TEST02', ip: '10.20.3.72', os.name: 'Windows 7', os.arch: 'amd64', os.version: '6.1', java.version: '1.8.0_181'
Driver info: com.kms.katalon.selenium.driver.CChromeDriver
Capabilities {acceptInsecureCerts: false, acceptSslCerts: false, applicationCacheEnabled: false, browserConnectionEnabled: false, browserName: chrome, chrome: {chromedriverVersion: 2.43.600210 (68dcf5eebde371..., userDataDir: C:\Users\Admin\AppData\Loca...}, cssSelectorsEnabled: true, databaseEnabled: false, goog:chromeOptions: {debuggerAddress: localhost:52521}, handlesAlerts: true, hasTouchScreen: false, javascriptEnabled: true, locationContextEnabled: true, mobileEmulationEnabled: false, nativeEvents: true, networkConnectionEnabled: false, pageLoadStrategy: normal, platform: XP, platformName: XP, rotatable: false, setWindowRect: true, takesHeapSnapshot: true, takesScreenshot: true, unexpectedAlertBehaviour: , unhandledPromptBehavior: , version: 70.0.3538.110, webStorageEnabled: true}
Session ID: c2346bb83bf9fdba99bd1d42e3ccb262)
	at com.kms.katalon.core.keyword.internal.KeywordMain.stepFailed(KeywordMain.groovy:32)
	at com.kms.katalon.core.webui.keyword.internal.WebUIKeywordMain.stepFailed(WebUIKeywordMain.groovy:65)
	at com.kms.katalon.core.webui.keyword.internal.WebUIKeywordMain.runKeyword(WebUIKeywordMain.groovy:27)
	at com.kms.katalon.core.webui.keyword.builtin.ClickKeyword.click(ClickKeyword.groovy:86)
	at com.kms.katalon.core.webui.keyword.builtin.ClickKeyword.execute(ClickKeyword.groovy:67)
	at com.kms.katalon.core.keyword.internal.KeywordExecutor.executeKeywordForPlatform(KeywordExecutor.groovy:53)
	at com.kms.katalon.core.webui.keyword.WebUiBuiltInKeywords.click(WebUiBuiltInKeywords.groovy:616)
	at com.kms.katalon.core.webui.keyword.WebUiBuiltInKeywords$click$2.call(Unknown Source)
	at Script1534473512992.run(Script1534473512992.groovy:87)
	at com.kms.katalon.core.main.ScriptEngine.run(ScriptEngine.java:183)
	at com.kms.katalon.core.main.ScriptEngine.runScriptAsRawText(ScriptEngine.java:108)
	at com.kms.katalon.core.main.TestCaseExecutor.runScript(TestCaseExecutor.java:294)
	at com.kms.katalon.core.main.TestCaseExecutor.doExecute(TestCaseExecutor.java:285)
	at com.kms.katalon.core.main.TestCaseExecutor.processExecutionPhase(TestCaseExecutor.java:264)
	at com.kms.katalon.core.main.TestCaseExecutor.accessMainPhase(TestCaseExecutor.java:256)
	at com.kms.katalon.core.main.TestCaseExecutor.execute(TestCaseExecutor.java:200)
	at com.kms.katalon.core.main.TestCaseMain.runTestCase(TestCaseMain.java:99)
	at com.kms.katalon.core.keyword.builtin.CallTestCaseKeyword$_callTestCase_closure1.doCall(CallTestCaseKeyword.groovy:60)
	at com.kms.katalon.core.keyword.builtin.CallTestCaseKeyword$_callTestCase_closure1.call(CallTestCaseKeyword.groovy)
	at com.kms.katalon.core.keyword.internal.KeywordMain.runKeyword(KeywordMain.groovy:54)
	at com.kms.katalon.core.keyword.builtin.CallTestCaseKeyword.callTestCase(CallTestCaseKeyword.groovy:81)
	at com.kms.katalon.core.keyword.builtin.CallTestCaseKeyword.execute(CallTestCaseKeyword.groovy:45)
	at com.kms.katalon.core.keyword.internal.KeywordExecutor.executeKeywordForPlatform(KeywordExecutor.groovy:53)
	at com.kms.katalon.core.keyword.BuiltinKeywords.callTestCase(BuiltinKeywords.groovy:334)
	at sun.reflect.GeneratedMethodAccessor13.invoke(Unknown Source)
	at sun.reflect.DelegatingMethodAccessorImpl.invoke(DelegatingMethodAccessorImpl.java:43)
	at java.lang.reflect.Method.invoke(Method.java:498)
	at org.codehaus.groovy.reflection.CachedMethod.invoke(CachedMethod.java:93)
	at groovy.lang.MetaMethod.doMethodInvoke(MetaMethod.java:325)
	at groovy.lang.MetaClassImpl.invokeStaticMethod(MetaClassImpl.java:1469)
	at org.codehaus.groovy.runtime.callsite.StaticMetaClassSite.call(StaticMetaClassSite.java:53)
	at org.codehaus.groovy.runtime.callsite.CallSiteArray.defaultCall(CallSiteArray.java:48)
	at org.codehaus.groovy.runtime.callsite.AbstractCallSite.call(AbstractCallSite.java:113)
	at org.codehaus.groovy.runtime.callsite.AbstractCallSite.call(AbstractCallSite.java:141)
	at Script1535599379320.run(Script1535599379320.groovy:22)
	at com.kms.katalon.core.main.ScriptEngine.run(ScriptEngine.java:183)
	at com.kms.katalon.core.main.ScriptEngine.runScriptAsRawText(ScriptEngine.java:108)
	at com.kms.katalon.core.main.TestCaseExecutor.runScript(TestCaseExecutor.java:294)
	at com.kms.katalon.core.main.TestCaseExecutor.doExecute(TestCaseExecutor.java:285)
	at com.kms.katalon.core.main.TestCaseExecutor.processExecutionPhase(TestCaseExecutor.java:264)
	at com.kms.katalon.core.main.TestCaseExecutor.accessMainPhase(TestCaseExecutor.java:256)
	at com.kms.katalon.core.main.TestCaseExecutor.execute(TestCaseExecutor.java:200)
	at com.kms.katalon.core.main.TestSuiteExecutor.accessTestCaseMainPhase(TestSuiteExecutor.java:129)
	at com.kms.katalon.core.main.TestSuiteExecutor.accessTestSuiteMainPhase(TestSuiteExecutor.java:112)
	at com.kms.katalon.core.main.TestSuiteExecutor.execute(TestSuiteExecutor.java:81)
	at com.kms.katalon.core.main.TestCaseMain.startTestSuite(TestCaseMain.java:142)
	at com.kms.katalon.core.main.TestCaseMain$startTestSuite$0.call(Unknown Source)
	at org.codehaus.groovy.runtime.callsite.CallSiteArray.defaultCall(CallSiteArray.java:48)
	at org.codehaus.groovy.runtime.callsite.AbstractCallSite.call(AbstractCallSite.java:113)
	at org.codehaus.groovy.runtime.callsite.AbstractCallSite.call(AbstractCallSite.java:141)
	at TempTestSuite1544668253915.run(TempTestSuite1544668253915.groovy:36)
	at groovy.lang.GroovyShell.runScriptOrMainOrTestOrRunnable(GroovyShell.java:263)
	at groovy.lang.GroovyShell.run(GroovyShell.java:518)
	at groovy.lang.GroovyShell.run(GroovyShell.java:507)
	at groovy.ui.GroovyMain.processOnce(GroovyMain.java:653)
	at groovy.ui.GroovyMain.run(GroovyMain.java:384)
	at groovy.ui.GroovyMain.process(GroovyMain.java:370)
	at groovy.ui.GroovyMain.processArgs(GroovyMain.java:129)
	at groovy.ui.GroovyMain.main(GroovyMain.java:109)
	at sun.reflect.NativeMethodAccessorImpl.invoke0(Native Method)
	at sun.reflect.NativeMethodAccessorImpl.invoke(NativeMethodAccessorImpl.java:62)
	at sun.reflect.DelegatingMethodAccessorImpl.invoke(DelegatingMethodAccessorImpl.java:43)
	at java.lang.reflect.Method.invoke(Method.java:498)
	at org.codehaus.groovy.tools.GroovyStarter.rootLoader(GroovyStarter.java:109)
	at org.codehaus.groovy.tools.GroovyStarter.main(GroovyStarter.java:131)
)"/>
         <system-out><![CDATA[2018-12-13 13:06:45 - [TEST_CASE][FAILED] - Test Cases/Final Aug 2018 - PKS Automation/Registration Module/Workflow/New Registration/Case OTC to RO - RO Submit: Test Cases/Final Aug 2018 - PKS Automation/Registration Module/Workflow/New Registration/Case OTC to RO - RO Submit FAILED because (of) (Stack trace: com.kms.katalon.core.exception.StepFailedException: Unable to click on object 'Object Repository/Final Object Repo/New Registration - Registration Module Pages/New Reg - OTC to RO/Special Case - OTC - Form 1/Registered with SSM - After Feb 2017' (Root cause: org.openqa.selenium.WebDriverException: unknown error: Element <label class="radio" for="_newreg_WAR_registrationportlet_grpi">...</label> is not clickable at point (432, 382). Other element would receive the click: <div class="blockUI blockOverlay" style="z-index: 2000; border: none; margin: 0px; padding: 0px; width: 100%; height: 100%; top: 0px; left: 0px; background-color: rgb(0, 0, 0); opacity: 0.6; cursor: wait; position: fixed;"></div>
  (Session info: chrome=70.0.3538.110)
  (Driver info: chromedriver=2.43.600210 (68dcf5eebde37173d4027fa8635e332711d2874a),platform=Windows NT 6.1.7601 SP1 x86_64) (WARNING: The server did not provide any stacktrace information)
Command duration or timeout: 0 milliseconds
Build info: version: '3.7.1', revision: '8a0099a', time: '2017-11-06T21:07:36.161Z'
System info: host: 'WIN7TEST02', ip: '10.20.3.72', os.name: 'Windows 7', os.arch: 'amd64', os.version: '6.1', java.version: '1.8.0_181'
Driver info: com.kms.katalon.selenium.driver.CChromeDriver
Capabilities {acceptInsecureCerts: false, acceptSslCerts: false, applicationCacheEnabled: false, browserConnectionEnabled: false, browserName: chrome, chrome: {chromedriverVersion: 2.43.600210 (68dcf5eebde371..., userDataDir: C:\Users\Admin\AppData\Loca...}, cssSelectorsEnabled: true, databaseEnabled: false, goog:chromeOptions: {debuggerAddress: localhost:52521}, handlesAlerts: true, hasTouchScreen: false, javascriptEnabled: true, locationContextEnabled: true, mobileEmulationEnabled: false, nativeEvents: true, networkConnectionEnabled: false, pageLoadStrategy: normal, platform: XP, platformName: XP, rotatable: false, setWindowRect: true, takesHeapSnapshot: true, takesScreenshot: true, unexpectedAlertBehaviour: , unhandledPromptBehavior: , version: 70.0.3538.110, webStorageEnabled: true}
Session ID: c2346bb83bf9fdba99bd1d42e3ccb262)
	at com.kms.katalon.core.keyword.internal.KeywordMain.stepFailed(KeywordMain.groovy:32)
	at com.kms.katalon.core.webui.keyword.internal.WebUIKeywordMain.stepFailed(WebUIKeywordMain.groovy:65)
	at com.kms.katalon.core.webui.keyword.internal.WebUIKeywordMain.runKeyword(WebUIKeywordMain.groovy:27)
	at com.kms.katalon.core.webui.keyword.builtin.ClickKeyword.click(ClickKeyword.groovy:86)
	at com.kms.katalon.core.webui.keyword.builtin.ClickKeyword.execute(ClickKeyword.groovy:67)
	at com.kms.katalon.core.keyword.internal.KeywordExecutor.executeKeywordForPlatform(KeywordExecutor.groovy:53)
	at com.kms.katalon.core.webui.keyword.WebUiBuiltInKeywords.click(WebUiBuiltInKeywords.groovy:616)
	at com.kms.katalon.core.webui.keyword.WebUiBuiltInKeywords$click$2.call(Unknown Source)
	at Script1534473512992.run(Script1534473512992.groovy:87)
	at com.kms.katalon.core.main.ScriptEngine.run(ScriptEngine.java:183)
	at com.kms.katalon.core.main.ScriptEngine.runScriptAsRawText(ScriptEngine.java:108)
	at com.kms.katalon.core.main.TestCaseExecutor.runScript(TestCaseExecutor.java:294)
	at com.kms.katalon.core.main.TestCaseExecutor.doExecute(TestCaseExecutor.java:285)
	at com.kms.katalon.core.main.TestCaseExecutor.processExecutionPhase(TestCaseExecutor.java:264)
	at com.kms.katalon.core.main.TestCaseExecutor.accessMainPhase(TestCaseExecutor.java:256)
	at com.kms.katalon.core.main.TestCaseExecutor.execute(TestCaseExecutor.java:200)
	at com.kms.katalon.core.main.TestCaseMain.runTestCase(TestCaseMain.java:99)
	at com.kms.katalon.core.keyword.builtin.CallTestCaseKeyword$_callTestCase_closure1.doCall(CallTestCaseKeyword.groovy:60)
	at com.kms.katalon.core.keyword.builtin.CallTestCaseKeyword$_callTestCase_closure1.call(CallTestCaseKeyword.groovy)
	at com.kms.katalon.core.keyword.internal.KeywordMain.runKeyword(KeywordMain.groovy:54)
	at com.kms.katalon.core.keyword.builtin.CallTestCaseKeyword.callTestCase(CallTestCaseKeyword.groovy:81)
	at com.kms.katalon.core.keyword.builtin.CallTestCaseKeyword.execute(CallTestCaseKeyword.groovy:45)
	at com.kms.katalon.core.keyword.internal.KeywordExecutor.executeKeywordForPlatform(KeywordExecutor.groovy:53)
	at com.kms.katalon.core.keyword.BuiltinKeywords.callTestCase(BuiltinKeywords.groovy:334)
	at sun.reflect.GeneratedMethodAccessor13.invoke(Unknown Source)
	at sun.reflect.DelegatingMethodAccessorImpl.invoke(DelegatingMethodAccessorImpl.java:43)
	at java.lang.reflect.Method.invoke(Method.java:498)
	at org.codehaus.groovy.reflection.CachedMethod.invoke(CachedMethod.java:93)
	at groovy.lang.MetaMethod.doMethodInvoke(MetaMethod.java:325)
	at groovy.lang.MetaClassImpl.invokeStaticMethod(MetaClassImpl.java:1469)
	at org.codehaus.groovy.runtime.callsite.StaticMetaClassSite.call(StaticMetaClassSite.java:53)
	at org.codehaus.groovy.runtime.callsite.CallSiteArray.defaultCall(CallSiteArray.java:48)
	at org.codehaus.groovy.runtime.callsite.AbstractCallSite.call(AbstractCallSite.java:113)
	at org.codehaus.groovy.runtime.callsite.AbstractCallSite.call(AbstractCallSite.java:141)
	at Script1535599379320.run(Script1535599379320.groovy:22)
	at com.kms.katalon.core.main.ScriptEngine.run(ScriptEngine.java:183)
	at com.kms.katalon.core.main.ScriptEngine.runScriptAsRawText(ScriptEngine.java:108)
	at com.kms.katalon.core.main.TestCaseExecutor.runScript(TestCaseExecutor.java:294)
	at com.kms.katalon.core.main.TestCaseExecutor.doExecute(TestCaseExecutor.java:285)
	at com.kms.katalon.core.main.TestCaseExecutor.processExecutionPhase(TestCaseExecutor.java:264)
	at com.kms.katalon.core.main.TestCaseExecutor.accessMainPhase(TestCaseExecutor.java:256)
	at com.kms.katalon.core.main.TestCaseExecutor.execute(TestCaseExecutor.java:200)
	at com.kms.katalon.core.main.TestSuiteExecutor.accessTestCaseMainPhase(TestSuiteExecutor.java:129)
	at com.kms.katalon.core.main.TestSuiteExecutor.accessTestSuiteMainPhase(TestSuiteExecutor.java:112)
	at com.kms.katalon.core.main.TestSuiteExecutor.execute(TestSuiteExecutor.java:81)
	at com.kms.katalon.core.main.TestCaseMain.startTestSuite(TestCaseMain.java:142)
	at com.kms.katalon.core.main.TestCaseMain$startTestSuite$0.call(Unknown Source)
	at org.codehaus.groovy.runtime.callsite.CallSiteArray.defaultCall(CallSiteArray.java:48)
	at org.codehaus.groovy.runtime.callsite.AbstractCallSite.call(AbstractCallSite.java:113)
	at org.codehaus.groovy.runtime.callsite.AbstractCallSite.call(AbstractCallSite.java:141)
	at TempTestSuite1544668253915.run(TempTestSuite1544668253915.groovy:36)
	at groovy.lang.GroovyShell.runScriptOrMainOrTestOrRunnable(GroovyShell.java:263)
	at groovy.lang.GroovyShell.run(GroovyShell.java:518)
	at groovy.lang.GroovyShell.run(GroovyShell.java:507)
	at groovy.ui.GroovyMain.processOnce(GroovyMain.java:653)
	at groovy.ui.GroovyMain.run(GroovyMain.java:384)
	at groovy.ui.GroovyMain.process(GroovyMain.java:370)
	at groovy.ui.GroovyMain.processArgs(GroovyMain.java:129)
	at groovy.ui.GroovyMain.main(GroovyMain.java:109)
	at sun.reflect.NativeMethodAccessorImpl.invoke0(Native Method)
	at sun.reflect.NativeMethodAccessorImpl.invoke(NativeMethodAccessorImpl.java:62)
	at sun.reflect.DelegatingMethodAccessorImpl.invoke(DelegatingMethodAccessorImpl.java:43)
	at java.lang.reflect.Method.invoke(Method.java:498)
	at org.codehaus.groovy.tools.GroovyStarter.rootLoader(GroovyStarter.java:109)
	at org.codehaus.groovy.tools.GroovyStarter.main(GroovyStarter.java:131)
)

2018-12-13 13:06:46 - [TEST_STEP][FAILED] - callTestCase: Unable to call Test Case with id 'Test Cases/Final Aug 2018 - PKS Automation/Registration Module/Workflow/New Registration/Template/Special Case - OTC - Form 1' (Root cause: Call Test Case 'Test Cases/Final Aug 2018 - PKS Automation/Registration Module/Workflow/New Registration/Template/Special Case - OTC - Form 1' failed)

2018-12-13 13:06:46 - [TEST_CASE][FAILED] - Test Cases/Final Aug 2018 - PKS Automation/Registration Module/Workflow/New Registration/Template/Special Case - OTC - Form 1: Test Cases/Final Aug 2018 - PKS Automation/Registration Module/Workflow/New Registration/Template/Special Case - OTC - Form 1 FAILED because (of) (Stack trace: com.kms.katalon.core.exception.StepFailedException: Unable to click on object 'Object Repository/Final Object Repo/New Registration - Registration Module Pages/New Reg - OTC to RO/Special Case - OTC - Form 1/Registered with SSM - After Feb 2017' (Root cause: org.openqa.selenium.WebDriverException: unknown error: Element <label class="radio" for="_newreg_WAR_registrationportlet_grpi">...</label> is not clickable at point (432, 382). Other element would receive the click: <div class="blockUI blockOverlay" style="z-index: 2000; border: none; margin: 0px; padding: 0px; width: 100%; height: 100%; top: 0px; left: 0px; background-color: rgb(0, 0, 0); opacity: 0.6; cursor: wait; position: fixed;"></div>
  (Session info: chrome=70.0.3538.110)
  (Driver info: chromedriver=2.43.600210 (68dcf5eebde37173d4027fa8635e332711d2874a),platform=Windows NT 6.1.7601 SP1 x86_64) (WARNING: The server did not provide any stacktrace information)
Command duration or timeout: 0 milliseconds
Build info: version: '3.7.1', revision: '8a0099a', time: '2017-11-06T21:07:36.161Z'
System info: host: 'WIN7TEST02', ip: '10.20.3.72', os.name: 'Windows 7', os.arch: 'amd64', os.version: '6.1', java.version: '1.8.0_181'
Driver info: com.kms.katalon.selenium.driver.CChromeDriver
Capabilities {acceptInsecureCerts: false, acceptSslCerts: false, applicationCacheEnabled: false, browserConnectionEnabled: false, browserName: chrome, chrome: {chromedriverVersion: 2.43.600210 (68dcf5eebde371..., userDataDir: C:\Users\Admin\AppData\Loca...}, cssSelectorsEnabled: true, databaseEnabled: false, goog:chromeOptions: {debuggerAddress: localhost:52521}, handlesAlerts: true, hasTouchScreen: false, javascriptEnabled: true, locationContextEnabled: true, mobileEmulationEnabled: false, nativeEvents: true, networkConnectionEnabled: false, pageLoadStrategy: normal, platform: XP, platformName: XP, rotatable: false, setWindowRect: true, takesHeapSnapshot: true, takesScreenshot: true, unexpectedAlertBehaviour: , unhandledPromptBehavior: , version: 70.0.3538.110, webStorageEnabled: true}
Session ID: c2346bb83bf9fdba99bd1d42e3ccb262)
	at com.kms.katalon.core.keyword.internal.KeywordMain.stepFailed(KeywordMain.groovy:32)
	at com.kms.katalon.core.webui.keyword.internal.WebUIKeywordMain.stepFailed(WebUIKeywordMain.groovy:65)
	at com.kms.katalon.core.webui.keyword.internal.WebUIKeywordMain.runKeyword(WebUIKeywordMain.groovy:27)
	at com.kms.katalon.core.webui.keyword.builtin.ClickKeyword.click(ClickKeyword.groovy:86)
	at com.kms.katalon.core.webui.keyword.builtin.ClickKeyword.execute(ClickKeyword.groovy:67)
	at com.kms.katalon.core.keyword.internal.KeywordExecutor.executeKeywordForPlatform(KeywordExecutor.groovy:53)
	at com.kms.katalon.core.webui.keyword.WebUiBuiltInKeywords.click(WebUiBuiltInKeywords.groovy:616)
	at com.kms.katalon.core.webui.keyword.WebUiBuiltInKeywords$click$2.call(Unknown Source)
	at Script1534473512992.run(Script1534473512992.groovy:87)
	at com.kms.katalon.core.main.ScriptEngine.run(ScriptEngine.java:183)
	at com.kms.katalon.core.main.ScriptEngine.runScriptAsRawText(ScriptEngine.java:108)
	at com.kms.katalon.core.main.TestCaseExecutor.runScript(TestCaseExecutor.java:294)
	at com.kms.katalon.core.main.TestCaseExecutor.doExecute(TestCaseExecutor.java:285)
	at com.kms.katalon.core.main.TestCaseExecutor.processExecutionPhase(TestCaseExecutor.java:264)
	at com.kms.katalon.core.main.TestCaseExecutor.accessMainPhase(TestCaseExecutor.java:256)
	at com.kms.katalon.core.main.TestCaseExecutor.execute(TestCaseExecutor.java:200)
	at com.kms.katalon.core.main.TestCaseMain.runTestCase(TestCaseMain.java:99)
	at com.kms.katalon.core.keyword.builtin.CallTestCaseKeyword$_callTestCase_closure1.doCall(CallTestCaseKeyword.groovy:60)
	at com.kms.katalon.core.keyword.builtin.CallTestCaseKeyword$_callTestCase_closure1.call(CallTestCaseKeyword.groovy)
	at com.kms.katalon.core.keyword.internal.KeywordMain.runKeyword(KeywordMain.groovy:54)
	at com.kms.katalon.core.keyword.builtin.CallTestCaseKeyword.callTestCase(CallTestCaseKeyword.groovy:81)
	at com.kms.katalon.core.keyword.builtin.CallTestCaseKeyword.execute(CallTestCaseKeyword.groovy:45)
	at com.kms.katalon.core.keyword.internal.KeywordExecutor.executeKeywordForPlatform(KeywordExecutor.groovy:53)
	at com.kms.katalon.core.keyword.BuiltinKeywords.callTestCase(BuiltinKeywords.groovy:334)
	at sun.reflect.GeneratedMethodAccessor13.invoke(Unknown Source)
	at sun.reflect.DelegatingMethodAccessorImpl.invoke(DelegatingMethodAccessorImpl.java:43)
	at java.lang.reflect.Method.invoke(Method.java:498)
	at org.codehaus.groovy.reflection.CachedMethod.invoke(CachedMethod.java:93)
	at groovy.lang.MetaMethod.doMethodInvoke(MetaMethod.java:325)
	at groovy.lang.MetaClassImpl.invokeStaticMethod(MetaClassImpl.java:1469)
	at org.codehaus.groovy.runtime.callsite.StaticMetaClassSite.call(StaticMetaClassSite.java:53)
	at org.codehaus.groovy.runtime.callsite.CallSiteArray.defaultCall(CallSiteArray.java:48)
	at org.codehaus.groovy.runtime.callsite.AbstractCallSite.call(AbstractCallSite.java:113)
	at org.codehaus.groovy.runtime.callsite.AbstractCallSite.call(AbstractCallSite.java:141)
	at Script1535599379320.run(Script1535599379320.groovy:22)
	at com.kms.katalon.core.main.ScriptEngine.run(ScriptEngine.java:183)
	at com.kms.katalon.core.main.ScriptEngine.runScriptAsRawText(ScriptEngine.java:108)
	at com.kms.katalon.core.main.TestCaseExecutor.runScript(TestCaseExecutor.java:294)
	at com.kms.katalon.core.main.TestCaseExecutor.doExecute(TestCaseExecutor.java:285)
	at com.kms.katalon.core.main.TestCaseExecutor.processExecutionPhase(TestCaseExecutor.java:264)
	at com.kms.katalon.core.main.TestCaseExecutor.accessMainPhase(TestCaseExecutor.java:256)
	at com.kms.katalon.core.main.TestCaseExecutor.execute(TestCaseExecutor.java:200)
	at com.kms.katalon.core.main.TestSuiteExecutor.accessTestCaseMainPhase(TestSuiteExecutor.java:129)
	at com.kms.katalon.core.main.TestSuiteExecutor.accessTestSuiteMainPhase(TestSuiteExecutor.java:112)
	at com.kms.katalon.core.main.TestSuiteExecutor.execute(TestSuiteExecutor.java:81)
	at com.kms.katalon.core.main.TestCaseMain.startTestSuite(TestCaseMain.java:142)
	at com.kms.katalon.core.main.TestCaseMain$startTestSuite$0.call(Unknown Source)
	at org.codehaus.groovy.runtime.callsite.CallSiteArray.defaultCall(CallSiteArray.java:48)
	at org.codehaus.groovy.runtime.callsite.AbstractCallSite.call(AbstractCallSite.java:113)
	at org.codehaus.groovy.runtime.callsite.AbstractCallSite.call(AbstractCallSite.java:141)
	at TempTestSuite1544668253915.run(TempTestSuite1544668253915.groovy:36)
	at groovy.lang.GroovyShell.runScriptOrMainOrTestOrRunnable(GroovyShell.java:263)
	at groovy.lang.GroovyShell.run(GroovyShell.java:518)
	at groovy.lang.GroovyShell.run(GroovyShell.java:507)
	at groovy.ui.GroovyMain.processOnce(GroovyMain.java:653)
	at groovy.ui.GroovyMain.run(GroovyMain.java:384)
	at groovy.ui.GroovyMain.process(GroovyMain.java:370)
	at groovy.ui.GroovyMain.processArgs(GroovyMain.java:129)
	at groovy.ui.GroovyMain.main(GroovyMain.java:109)
	at sun.reflect.NativeMethodAccessorImpl.invoke0(Native Method)
	at sun.reflect.NativeMethodAccessorImpl.invoke(NativeMethodAccessorImpl.java:62)
	at sun.reflect.DelegatingMethodAccessorImpl.invoke(DelegatingMethodAccessorImpl.java:43)
	at java.lang.reflect.Method.invoke(Method.java:498)
	at org.codehaus.groovy.tools.GroovyStarter.rootLoader(GroovyStarter.java:109)
	at org.codehaus.groovy.tools.GroovyStarter.main(GroovyStarter.java:131)
)

2018-12-13 13:06:46 - [TEST_STEP][PASSED] - openBrowser: Browser is opened with url: ''

2018-12-13 13:06:46 - [MESSAGE][WARNING] - A browser is already opened. Closing browser and opening a new one

2018-12-13 13:06:50 - [MESSAGE][PASSED] - Browser is opened with url: ''

2018-12-13 13:06:50 - [TEST_STEP][PASSED] - navigateToUrl: Navigate to 'https://assist2-uat.perkeso.gov.my/login' successfully

2018-12-13 13:06:51 - [MESSAGE][PASSED] - Navigate to 'https://assist2-uat.perkeso.gov.my/login' successfully

2018-12-13 13:06:51 - [TEST_STEP][PASSED] - delay: Delayed 2 second(s)

2018-12-13 13:06:53 - [MESSAGE][PASSED] - Delayed 2 second(s)

2018-12-13 13:06:53 - [TEST_STEP][PASSED] - setText: Text 'klotc2@gmail.com' is set on object 'Object Repository/Final Object Repo/Login Page/Internal User/Email Address'

2018-12-13 13:06:53 - [MESSAGE][PASSED] - Text 'klotc2@gmail.com' is set on object 'Object Repository/Final Object Repo/Login Page/Internal User/Email Address'

2018-12-13 13:06:53 - [TEST_STEP][PASSED] - click: Object: 'Object Repository/Final Object Repo/Login Page/Internal User/Next Button' is clicked on

2018-12-13 13:06:53 - [MESSAGE][PASSED] - Object: 'Object Repository/Final Object Repo/Login Page/Internal User/Next Button' is clicked on

2018-12-13 13:06:53 - [TEST_STEP][PASSED] - delay: Delayed 2 second(s)

2018-12-13 13:06:55 - [MESSAGE][PASSED] - Delayed 2 second(s)

2018-12-13 13:06:55 - [TEST_STEP][PASSED] - setText: Text 'Test1@3456789' is set on object 'Object Repository/Final Object Repo/Login Page/Internal User/Password'

2018-12-13 13:06:56 - [MESSAGE][PASSED] - Text 'Test1@3456789' is set on object 'Object Repository/Final Object Repo/Login Page/Internal User/Password'

2018-12-13 13:06:56 - [TEST_STEP][PASSED] - delay: Delayed 2 second(s)

2018-12-13 13:06:58 - [MESSAGE][PASSED] - Delayed 2 second(s)

2018-12-13 13:06:58 - [TEST_STEP][PASSED] - click: Object: 'Object Repository/Final Object Repo/Login Page/Internal User/Login Button' is clicked on

2018-12-13 13:06:58 - [MESSAGE][PASSED] - Object: 'Object Repository/Final Object Repo/Login Page/Internal User/Login Button' is clicked on

2018-12-13 13:06:58 - [TEST_STEP][PASSED] - Statement - Try: null

2018-12-13 13:06:58 - [TEST_STEP][PASSED] - Statement - Checker = com.kms.katalon.core.webui.keyword.WebUiBuiltInKeywords.verifyElementNotPresent("Final Object Repo/Landing Page/Select to English", 3): null

2018-12-13 13:06:58 - [TEST_STEP][PASSED] - Statement - Catch (Exception e): null

2018-12-13 13:06:58 - [TEST_STEP][PASSED] - Statement - e.printStackTrace(): null

2018-12-13 13:06:58 - [TEST_STEP][PASSED] - delay: Delayed 5 second(s)

2018-12-13 13:07:03 - [MESSAGE][PASSED] - Delayed 5 second(s)

2018-12-13 13:07:03 - [TEST_STEP][PASSED] - click: Object: 'Object Repository/Final Object Repo/Landing Page/My Sites Drop Down' is clicked on

2018-12-13 13:07:03 - [MESSAGE][PASSED] - Object: 'Object Repository/Final Object Repo/Landing Page/My Sites Drop Down' is clicked on

2018-12-13 13:07:03 - [TEST_STEP][PASSED] - click: Object: 'Object Repository/Final Object Repo/Landing Page/Select to Registration Module' is clicked on

2018-12-13 13:07:04 - [MESSAGE][PASSED] - Object: 'Object Repository/Final Object Repo/Landing Page/Select to Registration Module' is clicked on

2018-12-13 13:07:04 - [TEST_STEP][PASSED] - click: Object: 'Object Repository/Final Object Repo/Landing Page/Registration Button' is clicked on

2018-12-13 13:07:05 - [MESSAGE][PASSED] - Object: 'Object Repository/Final Object Repo/Landing Page/Registration Button' is clicked on

2018-12-13 13:07:05 - [TEST_STEP][PASSED] - delay: Delayed 2 second(s)

2018-12-13 13:07:07 - [MESSAGE][PASSED] - Delayed 2 second(s)

2018-12-13 13:07:07 - [TEST_STEP][PASSED] - click: Object: 'Object Repository/Final Object Repo/New Registration - Registration Module Pages/New Reg - OTC to RO/Special Case - OTC - Form 1/AEC NO' is clicked on

2018-12-13 13:07:08 - [MESSAGE][PASSED] - Object: 'Object Repository/Final Object Repo/New Registration - Registration Module Pages/New Reg - OTC to RO/Special Case - OTC - Form 1/AEC NO' is clicked on

2018-12-13 13:07:08 - [TEST_STEP][PASSED] - click: Object: 'Object Repository/Final Object Repo/New Registration - Registration Module Pages/New Reg - OTC to RO/Special Case - OTC - Form 1/Business Entity - Please Select' is clicked on

2018-12-13 13:07:08 - [MESSAGE][PASSED] - Object: 'Object Repository/Final Object Repo/New Registration - Registration Module Pages/New Reg - OTC to RO/Special Case - OTC - Form 1/Business Entity - Please Select' is clicked on

2018-12-13 13:07:08 - [TEST_STEP][PASSED] - click: Object: 'Object Repository/Final Object Repo/New Registration - Registration Module Pages/New Reg - OTC to RO/Special Case - OTC - Form 1/Selected - Corporation' is clicked on

2018-12-13 13:07:08 - [MESSAGE][PASSED] - Object: 'Object Repository/Final Object Repo/New Registration - Registration Module Pages/New Reg - OTC to RO/Special Case - OTC - Form 1/Selected - Corporation' is clicked on

2018-12-13 13:07:08 - [TEST_STEP][PASSED] - delay: Delayed 2 second(s)

2018-12-13 13:07:10 - [MESSAGE][PASSED] - Delayed 2 second(s)

2018-12-13 13:07:10 - [TEST_STEP][PASSED] - click: Object: 'Object Repository/Final Object Repo/New Registration - Registration Module Pages/New Reg - OTC to RO/Special Case - OTC - Form 1/Sub Business Entity - Please Select' is clicked on

2018-12-13 13:07:10 - [MESSAGE][PASSED] - Object: 'Object Repository/Final Object Repo/New Registration - Registration Module Pages/New Reg - OTC to RO/Special Case - OTC - Form 1/Sub Business Entity - Please Select' is clicked on

2018-12-13 13:07:10 - [TEST_STEP][PASSED] - delay: Delayed 2 second(s)

2018-12-13 13:07:12 - [MESSAGE][PASSED] - Delayed 2 second(s)

2018-12-13 13:07:12 - [TEST_STEP][PASSED] - click: Object: 'Object Repository/Final Object Repo/New Registration - Registration Module Pages/New Reg - OTC to RO/Special Case - OTC - Form 1/Selected - Sendirian Berhad' is clicked on

2018-12-13 13:07:12 - [MESSAGE][PASSED] - Object: 'Object Repository/Final Object Repo/New Registration - Registration Module Pages/New Reg - OTC to RO/Special Case - OTC - Form 1/Selected - Sendirian Berhad' is clicked on

2018-12-13 13:07:12 - [TEST_STEP][PASSED] - setText: Text 'AUTOMATE001' is set on object 'Object Repository/Final Object Repo/New Registration - Registration Module Pages/New Reg - OTC to RO/Special Case - OTC - Form 1/Input BRN Number'

2018-12-13 13:07:13 - [MESSAGE][PASSED] - Text 'AUTOMATE001' is set on object 'Object Repository/Final Object Repo/New Registration - Registration Module Pages/New Reg - OTC to RO/Special Case - OTC - Form 1/Input BRN Number'

2018-12-13 13:07:13 - [TEST_STEP][PASSED] - delay: Delayed 2 second(s)

2018-12-13 13:07:15 - [MESSAGE][PASSED] - Delayed 2 second(s)

2018-12-13 13:07:15 - [TEST_STEP][PASSED] - click: Object: 'Object Repository/Final Object Repo/New Registration - Registration Module Pages/New Reg - OTC to RO/Special Case - OTC - Form 1/BRN Search' is clicked on

2018-12-13 13:07:15 - [MESSAGE][PASSED] - Object: 'Object Repository/Final Object Repo/New Registration - Registration Module Pages/New Reg - OTC to RO/Special Case - OTC - Form 1/BRN Search' is clicked on

2018-12-13 13:07:15 - [TEST_STEP][PASSED] - delay: Delayed 4 second(s)

2018-12-13 13:07:19 - [MESSAGE][PASSED] - Delayed 4 second(s)

2018-12-13 13:07:19 - [TEST_STEP][FAILED] - click: Unable to click on object 'Object Repository/Final Object Repo/New Registration - Registration Module Pages/New Reg - OTC to RO/Special Case - OTC - Form 1/Registered with SSM - After Feb 2017' (Root cause: org.openqa.selenium.WebDriverException: unknown error: Element <label class="radio" for="_newreg_WAR_registrationportlet_grpi">...</label> is not clickable at point (432, 382). Other element would receive the click: <div class="blockUI blockOverlay" style="z-index: 2000; border: none; margin: 0px; padding: 0px; width: 100%; height: 100%; top: 0px; left: 0px; background-color: rgb(0, 0, 0); opacity: 0.6; cursor: wait; position: fixed;"></div>
  (Session info: chrome=70.0.3538.110)
  (Driver info: chromedriver=2.43.600210 (68dcf5eebde37173d4027fa8635e332711d2874a),platform=Windows NT 6.1.7601 SP1 x86_64) (WARNING: The server did not provide any stacktrace information)
Command duration or timeout: 0 milliseconds
Build info: version: '3.7.1', revision: '8a0099a', time: '2017-11-06T21:07:36.161Z'
System info: host: 'WIN7TEST02', ip: '10.20.3.72', os.name: 'Windows 7', os.arch: 'amd64', os.version: '6.1', java.version: '1.8.0_181'
Driver info: com.kms.katalon.selenium.driver.CChromeDriver
Capabilities {acceptInsecureCerts: false, acceptSslCerts: false, applicationCacheEnabled: false, browserConnectionEnabled: false, browserName: chrome, chrome: {chromedriverVersion: 2.43.600210 (68dcf5eebde371..., userDataDir: C:\Users\Admin\AppData\Loca...}, cssSelectorsEnabled: true, databaseEnabled: false, goog:chromeOptions: {debuggerAddress: localhost:52521}, handlesAlerts: true, hasTouchScreen: false, javascriptEnabled: true, locationContextEnabled: true, mobileEmulationEnabled: false, nativeEvents: true, networkConnectionEnabled: false, pageLoadStrategy: normal, platform: XP, platformName: XP, rotatable: false, setWindowRect: true, takesHeapSnapshot: true, takesScreenshot: true, unexpectedAlertBehaviour: , unhandledPromptBehavior: , version: 70.0.3538.110, webStorageEnabled: true}
Session ID: c2346bb83bf9fdba99bd1d42e3ccb262)

2018-12-13 13:07:20 - [MESSAGE][FAILED] - Unable to click on object 'Object Repository/Final Object Repo/New Registration - Registration Module Pages/New Reg - OTC to RO/Special Case - OTC - Form 1/Registered with SSM - After Feb 2017' (Root cause: org.openqa.selenium.WebDriverException: unknown error: Element <label class="radio" for="_newreg_WAR_registrationportlet_grpi">...</label> is not clickable at point (432, 382). Other element would receive the click: <div class="blockUI blockOverlay" style="z-index: 2000; border: none; margin: 0px; padding: 0px; width: 100%; height: 100%; top: 0px; left: 0px; background-color: rgb(0, 0, 0); opacity: 0.6; cursor: wait; position: fixed;"></div>
  (Session info: chrome=70.0.3538.110)
  (Driver info: chromedriver=2.43.600210 (68dcf5eebde37173d4027fa8635e332711d2874a),platform=Windows NT 6.1.7601 SP1 x86_64) (WARNING: The server did not provide any stacktrace information)
Command duration or timeout: 0 milliseconds
Build info: version: '3.7.1', revision: '8a0099a', time: '2017-11-06T21:07:36.161Z'
System info: host: 'WIN7TEST02', ip: '10.20.3.72', os.name: 'Windows 7', os.arch: 'amd64', os.version: '6.1', java.version: '1.8.0_181'
Driver info: com.kms.katalon.selenium.driver.CChromeDriver
Capabilities {acceptInsecureCerts: false, acceptSslCerts: false, applicationCacheEnabled: false, browserConnectionEnabled: false, browserName: chrome, chrome: {chromedriverVersion: 2.43.600210 (68dcf5eebde371..., userDataDir: C:\Users\Admin\AppData\Loca...}, cssSelectorsEnabled: true, databaseEnabled: false, goog:chromeOptions: {debuggerAddress: localhost:52521}, handlesAlerts: true, hasTouchScreen: false, javascriptEnabled: true, locationContextEnabled: true, mobileEmulationEnabled: false, nativeEvents: true, networkConnectionEnabled: false, pageLoadStrategy: normal, platform: XP, platformName: XP, rotatable: false, setWindowRect: true, takesHeapSnapshot: true, takesScreenshot: true, unexpectedAlertBehaviour: , unhandledPromptBehavior: , version: 70.0.3538.110, webStorageEnabled: true}
Session ID: c2346bb83bf9fdba99bd1d42e3ccb262)
[[ATTACHMENT|C:\\Users\\Admin\\Desktop\\PKS\\Perkeso Phase A\\Reports\\Workflow\\New Registration\\20181213_103053\\1544677639706.png]]

2018-12-13 13:07:20 - [TEST_STEP][PASSED] - delay: Delayed 2 second(s)

2018-12-13 13:07:22 - [MESSAGE][PASSED] - Delayed 2 second(s)

2018-12-13 13:07:22 - [TEST_STEP][PASSED] - click: Object: 'Object Repository/Final Object Repo/New Registration - Registration Module Pages/New Reg - OTC to RO/Special Case - OTC - Form 1/Registering As A Branch - No' is clicked on

2018-12-13 13:07:22 - [MESSAGE][PASSED] - Object: 'Object Repository/Final Object Repo/New Registration - Registration Module Pages/New Reg - OTC to RO/Special Case - OTC - Form 1/Registering As A Branch - No' is clicked on

2018-12-13 13:07:22 - [TEST_STEP][PASSED] - click: Object: 'Object Repository/Final Object Repo/New Registration - Registration Module Pages/New Reg - OTC to RO/Special Case - OTC - Form 1/Acknowledgement Ticked' is clicked on

2018-12-13 13:07:22 - [MESSAGE][PASSED] - Object: 'Object Repository/Final Object Repo/New Registration - Registration Module Pages/New Reg - OTC to RO/Special Case - OTC - Form 1/Acknowledgement Ticked' is clicked on

2018-12-13 13:07:22 - [TEST_STEP][PASSED] - click: Object: 'Object Repository/Final Object Repo/New Registration - Registration Module Pages/New Reg - OTC to RO/Special Case - OTC - Form 1/Submit Button' is clicked on

2018-12-13 13:07:22 - [MESSAGE][PASSED] - Object: 'Object Repository/Final Object Repo/New Registration - Registration Module Pages/New Reg - OTC to RO/Special Case - OTC - Form 1/Submit Button' is clicked on

2018-12-13 13:07:22 - [TEST_STEP][PASSED] - delay: Delayed 2 second(s)

2018-12-13 13:07:24 - [MESSAGE][PASSED] - Delayed 2 second(s)

2018-12-13 13:07:24 - [TEST_STEP][PASSED] - click: Object: 'Object Repository/Final Object Repo/New Registration - Registration Module Pages/New Reg - OTC to RO/Special Case - OTC - Form 1/Confirm No Flagging as Branch' is clicked on

2018-12-13 13:07:24 - [MESSAGE][PASSED] - Object: 'Object Repository/Final Object Repo/New Registration - Registration Module Pages/New Reg - OTC to RO/Special Case - OTC - Form 1/Confirm No Flagging as Branch' is clicked on

2018-12-13 13:07:24 - [MESSAGE][FAILED] - Unable to call Test Case with id 'Test Cases/Final Aug 2018 - PKS Automation/Registration Module/Workflow/New Registration/Template/Special Case - OTC - Form 1' (Root cause: Call Test Case 'Test Cases/Final Aug 2018 - PKS Automation/Registration Module/Workflow/New Registration/Template/Special Case - OTC - Form 1' failed)]]></system-out>
         <system-err><![CDATA[2018-12-13 13:06:45 - [TEST_CASE][FAILED] - Test Cases/Final Aug 2018 - PKS Automation/Registration Module/Workflow/New Registration/Case OTC to RO - RO Submit: Test Cases/Final Aug 2018 - PKS Automation/Registration Module/Workflow/New Registration/Case OTC to RO - RO Submit FAILED because (of) (Stack trace: com.kms.katalon.core.exception.StepFailedException: Unable to click on object 'Object Repository/Final Object Repo/New Registration - Registration Module Pages/New Reg - OTC to RO/Special Case - OTC - Form 1/Registered with SSM - After Feb 2017' (Root cause: org.openqa.selenium.WebDriverException: unknown error: Element <label class="radio" for="_newreg_WAR_registrationportlet_grpi">...</label> is not clickable at point (432, 382). Other element would receive the click: <div class="blockUI blockOverlay" style="z-index: 2000; border: none; margin: 0px; padding: 0px; width: 100%; height: 100%; top: 0px; left: 0px; background-color: rgb(0, 0, 0); opacity: 0.6; cursor: wait; position: fixed;"></div>
  (Session info: chrome=70.0.3538.110)
  (Driver info: chromedriver=2.43.600210 (68dcf5eebde37173d4027fa8635e332711d2874a),platform=Windows NT 6.1.7601 SP1 x86_64) (WARNING: The server did not provide any stacktrace information)
Command duration or timeout: 0 milliseconds
Build info: version: '3.7.1', revision: '8a0099a', time: '2017-11-06T21:07:36.161Z'
System info: host: 'WIN7TEST02', ip: '10.20.3.72', os.name: 'Windows 7', os.arch: 'amd64', os.version: '6.1', java.version: '1.8.0_181'
Driver info: com.kms.katalon.selenium.driver.CChromeDriver
Capabilities {acceptInsecureCerts: false, acceptSslCerts: false, applicationCacheEnabled: false, browserConnectionEnabled: false, browserName: chrome, chrome: {chromedriverVersion: 2.43.600210 (68dcf5eebde371..., userDataDir: C:\Users\Admin\AppData\Loca...}, cssSelectorsEnabled: true, databaseEnabled: false, goog:chromeOptions: {debuggerAddress: localhost:52521}, handlesAlerts: true, hasTouchScreen: false, javascriptEnabled: true, locationContextEnabled: true, mobileEmulationEnabled: false, nativeEvents: true, networkConnectionEnabled: false, pageLoadStrategy: normal, platform: XP, platformName: XP, rotatable: false, setWindowRect: true, takesHeapSnapshot: true, takesScreenshot: true, unexpectedAlertBehaviour: , unhandledPromptBehavior: , version: 70.0.3538.110, webStorageEnabled: true}
Session ID: c2346bb83bf9fdba99bd1d42e3ccb262)
	at com.kms.katalon.core.keyword.internal.KeywordMain.stepFailed(KeywordMain.groovy:32)
	at com.kms.katalon.core.webui.keyword.internal.WebUIKeywordMain.stepFailed(WebUIKeywordMain.groovy:65)
	at com.kms.katalon.core.webui.keyword.internal.WebUIKeywordMain.runKeyword(WebUIKeywordMain.groovy:27)
	at com.kms.katalon.core.webui.keyword.builtin.ClickKeyword.click(ClickKeyword.groovy:86)
	at com.kms.katalon.core.webui.keyword.builtin.ClickKeyword.execute(ClickKeyword.groovy:67)
	at com.kms.katalon.core.keyword.internal.KeywordExecutor.executeKeywordForPlatform(KeywordExecutor.groovy:53)
	at com.kms.katalon.core.webui.keyword.WebUiBuiltInKeywords.click(WebUiBuiltInKeywords.groovy:616)
	at com.kms.katalon.core.webui.keyword.WebUiBuiltInKeywords$click$2.call(Unknown Source)
	at Script1534473512992.run(Script1534473512992.groovy:87)
	at com.kms.katalon.core.main.ScriptEngine.run(ScriptEngine.java:183)
	at com.kms.katalon.core.main.ScriptEngine.runScriptAsRawText(ScriptEngine.java:108)
	at com.kms.katalon.core.main.TestCaseExecutor.runScript(TestCaseExecutor.java:294)
	at com.kms.katalon.core.main.TestCaseExecutor.doExecute(TestCaseExecutor.java:285)
	at com.kms.katalon.core.main.TestCaseExecutor.processExecutionPhase(TestCaseExecutor.java:264)
	at com.kms.katalon.core.main.TestCaseExecutor.accessMainPhase(TestCaseExecutor.java:256)
	at com.kms.katalon.core.main.TestCaseExecutor.execute(TestCaseExecutor.java:200)
	at com.kms.katalon.core.main.TestCaseMain.runTestCase(TestCaseMain.java:99)
	at com.kms.katalon.core.keyword.builtin.CallTestCaseKeyword$_callTestCase_closure1.doCall(CallTestCaseKeyword.groovy:60)
	at com.kms.katalon.core.keyword.builtin.CallTestCaseKeyword$_callTestCase_closure1.call(CallTestCaseKeyword.groovy)
	at com.kms.katalon.core.keyword.internal.KeywordMain.runKeyword(KeywordMain.groovy:54)
	at com.kms.katalon.core.keyword.builtin.CallTestCaseKeyword.callTestCase(CallTestCaseKeyword.groovy:81)
	at com.kms.katalon.core.keyword.builtin.CallTestCaseKeyword.execute(CallTestCaseKeyword.groovy:45)
	at com.kms.katalon.core.keyword.internal.KeywordExecutor.executeKeywordForPlatform(KeywordExecutor.groovy:53)
	at com.kms.katalon.core.keyword.BuiltinKeywords.callTestCase(BuiltinKeywords.groovy:334)
	at sun.reflect.GeneratedMethodAccessor13.invoke(Unknown Source)
	at sun.reflect.DelegatingMethodAccessorImpl.invoke(DelegatingMethodAccessorImpl.java:43)
	at java.lang.reflect.Method.invoke(Method.java:498)
	at org.codehaus.groovy.reflection.CachedMethod.invoke(CachedMethod.java:93)
	at groovy.lang.MetaMethod.doMethodInvoke(MetaMethod.java:325)
	at groovy.lang.MetaClassImpl.invokeStaticMethod(MetaClassImpl.java:1469)
	at org.codehaus.groovy.runtime.callsite.StaticMetaClassSite.call(StaticMetaClassSite.java:53)
	at org.codehaus.groovy.runtime.callsite.CallSiteArray.defaultCall(CallSiteArray.java:48)
	at org.codehaus.groovy.runtime.callsite.AbstractCallSite.call(AbstractCallSite.java:113)
	at org.codehaus.groovy.runtime.callsite.AbstractCallSite.call(AbstractCallSite.java:141)
	at Script1535599379320.run(Script1535599379320.groovy:22)
	at com.kms.katalon.core.main.ScriptEngine.run(ScriptEngine.java:183)
	at com.kms.katalon.core.main.ScriptEngine.runScriptAsRawText(ScriptEngine.java:108)
	at com.kms.katalon.core.main.TestCaseExecutor.runScript(TestCaseExecutor.java:294)
	at com.kms.katalon.core.main.TestCaseExecutor.doExecute(TestCaseExecutor.java:285)
	at com.kms.katalon.core.main.TestCaseExecutor.processExecutionPhase(TestCaseExecutor.java:264)
	at com.kms.katalon.core.main.TestCaseExecutor.accessMainPhase(TestCaseExecutor.java:256)
	at com.kms.katalon.core.main.TestCaseExecutor.execute(TestCaseExecutor.java:200)
	at com.kms.katalon.core.main.TestSuiteExecutor.accessTestCaseMainPhase(TestSuiteExecutor.java:129)
	at com.kms.katalon.core.main.TestSuiteExecutor.accessTestSuiteMainPhase(TestSuiteExecutor.java:112)
	at com.kms.katalon.core.main.TestSuiteExecutor.execute(TestSuiteExecutor.java:81)
	at com.kms.katalon.core.main.TestCaseMain.startTestSuite(TestCaseMain.java:142)
	at com.kms.katalon.core.main.TestCaseMain$startTestSuite$0.call(Unknown Source)
	at org.codehaus.groovy.runtime.callsite.CallSiteArray.defaultCall(CallSiteArray.java:48)
	at org.codehaus.groovy.runtime.callsite.AbstractCallSite.call(AbstractCallSite.java:113)
	at org.codehaus.groovy.runtime.callsite.AbstractCallSite.call(AbstractCallSite.java:141)
	at TempTestSuite1544668253915.run(TempTestSuite1544668253915.groovy:36)
	at groovy.lang.GroovyShell.runScriptOrMainOrTestOrRunnable(GroovyShell.java:263)
	at groovy.lang.GroovyShell.run(GroovyShell.java:518)
	at groovy.lang.GroovyShell.run(GroovyShell.java:507)
	at groovy.ui.GroovyMain.processOnce(GroovyMain.java:653)
	at groovy.ui.GroovyMain.run(GroovyMain.java:384)
	at groovy.ui.GroovyMain.process(GroovyMain.java:370)
	at groovy.ui.GroovyMain.processArgs(GroovyMain.java:129)
	at groovy.ui.GroovyMain.main(GroovyMain.java:109)
	at sun.reflect.NativeMethodAccessorImpl.invoke0(Native Method)
	at sun.reflect.NativeMethodAccessorImpl.invoke(NativeMethodAccessorImpl.java:62)
	at sun.reflect.DelegatingMethodAccessorImpl.invoke(DelegatingMethodAccessorImpl.java:43)
	at java.lang.reflect.Method.invoke(Method.java:498)
	at org.codehaus.groovy.tools.GroovyStarter.rootLoader(GroovyStarter.java:109)
	at org.codehaus.groovy.tools.GroovyStarter.main(GroovyStarter.java:131)
)]]></system-err>
      </testcase>
      <testcase name="Test Cases/Final Aug 2018 - PKS Automation/Registration Module/Workflow/New Registration/Case OTC to RO - RO Under Enforcement" classname="Test Cases/Final Aug 2018 - PKS Automation/Registration Module/Workflow/New Registration/Case OTC to RO - RO Under Enforcement" status="PASSED">
         <system-out><![CDATA[2018-12-13 13:07:24 - [TEST_CASE][PASSED] - Test Cases/Final Aug 2018 - PKS Automation/Registration Module/Workflow/New Registration/Case OTC to RO - RO Under Enforcement: Test Cases/Final Aug 2018 - PKS Automation/Registration Module/Workflow/New Registration/Case OTC to RO - RO Under Enforcement

2018-12-13 13:07:24 - [TEST_STEP][PASSED] - callTestCase: Call Test Case 'Test Cases/Final Aug 2018 - PKS Automation/Registration Module/Workflow/New Registration/Template/Special Case - OTC - Form 1' successfully

2018-12-13 13:07:25 - [TEST_CASE][PASSED] - Test Cases/Final Aug 2018 - PKS Automation/Registration Module/Workflow/New Registration/Template/Special Case - OTC - Form 1: Test Cases/Final Aug 2018 - PKS Automation/Registration Module/Workflow/New Registration/Template/Special Case - OTC - Form 1

2018-12-13 13:07:25 - [TEST_STEP][PASSED] - openBrowser: Browser is opened with url: ''

2018-12-13 13:07:25 - [MESSAGE][WARNING] - A browser is already opened. Closing browser and opening a new one

2018-12-13 13:07:28 - [MESSAGE][PASSED] - Browser is opened with url: ''

2018-12-13 13:07:28 - [TEST_STEP][PASSED] - navigateToUrl: Navigate to 'https://assist2-uat.perkeso.gov.my/login' successfully

2018-12-13 13:07:29 - [MESSAGE][PASSED] - Navigate to 'https://assist2-uat.perkeso.gov.my/login' successfully

2018-12-13 13:07:29 - [TEST_STEP][PASSED] - delay: Delayed 2 second(s)

2018-12-13 13:07:31 - [MESSAGE][PASSED] - Delayed 2 second(s)

2018-12-13 13:07:31 - [TEST_STEP][PASSED] - setText: Text 'klotc2@gmail.com' is set on object 'Object Repository/Final Object Repo/Login Page/Internal User/Email Address'

2018-12-13 13:07:32 - [MESSAGE][PASSED] - Text 'klotc2@gmail.com' is set on object 'Object Repository/Final Object Repo/Login Page/Internal User/Email Address'

2018-12-13 13:07:32 - [TEST_STEP][PASSED] - click: Object: 'Object Repository/Final Object Repo/Login Page/Internal User/Next Button' is clicked on

2018-12-13 13:07:32 - [MESSAGE][PASSED] - Object: 'Object Repository/Final Object Repo/Login Page/Internal User/Next Button' is clicked on

2018-12-13 13:07:32 - [TEST_STEP][PASSED] - delay: Delayed 2 second(s)

2018-12-13 13:07:34 - [MESSAGE][PASSED] - Delayed 2 second(s)

2018-12-13 13:07:34 - [TEST_STEP][PASSED] - setText: Text 'Test1@3456789' is set on object 'Object Repository/Final Object Repo/Login Page/Internal User/Password'

2018-12-13 13:07:34 - [MESSAGE][PASSED] - Text 'Test1@3456789' is set on object 'Object Repository/Final Object Repo/Login Page/Internal User/Password'

2018-12-13 13:07:34 - [TEST_STEP][PASSED] - delay: Delayed 2 second(s)

2018-12-13 13:07:36 - [MESSAGE][PASSED] - Delayed 2 second(s)

2018-12-13 13:07:36 - [TEST_STEP][PASSED] - click: Object: 'Object Repository/Final Object Repo/Login Page/Internal User/Login Button' is clicked on

2018-12-13 13:07:36 - [MESSAGE][PASSED] - Object: 'Object Repository/Final Object Repo/Login Page/Internal User/Login Button' is clicked on

2018-12-13 13:07:36 - [TEST_STEP][PASSED] - Statement - Try: null

2018-12-13 13:07:36 - [TEST_STEP][PASSED] - Statement - Checker = com.kms.katalon.core.webui.keyword.WebUiBuiltInKeywords.verifyElementNotPresent("Final Object Repo/Landing Page/Select to English", 3): null

2018-12-13 13:07:36 - [TEST_STEP][PASSED] - Statement - Catch (Exception e): null

2018-12-13 13:07:36 - [TEST_STEP][PASSED] - Statement - e.printStackTrace(): null

2018-12-13 13:07:36 - [TEST_STEP][PASSED] - delay: Delayed 5 second(s)

2018-12-13 13:07:41 - [MESSAGE][PASSED] - Delayed 5 second(s)

2018-12-13 13:07:41 - [TEST_STEP][PASSED] - click: Object: 'Object Repository/Final Object Repo/Landing Page/My Sites Drop Down' is clicked on

2018-12-13 13:07:42 - [MESSAGE][PASSED] - Object: 'Object Repository/Final Object Repo/Landing Page/My Sites Drop Down' is clicked on

2018-12-13 13:07:42 - [TEST_STEP][PASSED] - click: Object: 'Object Repository/Final Object Repo/Landing Page/Select to Registration Module' is clicked on

2018-12-13 13:07:42 - [MESSAGE][PASSED] - Object: 'Object Repository/Final Object Repo/Landing Page/Select to Registration Module' is clicked on

2018-12-13 13:07:42 - [TEST_STEP][PASSED] - click: Object: 'Object Repository/Final Object Repo/Landing Page/Registration Button' is clicked on

2018-12-13 13:07:44 - [MESSAGE][PASSED] - Object: 'Object Repository/Final Object Repo/Landing Page/Registration Button' is clicked on

2018-12-13 13:07:44 - [TEST_STEP][PASSED] - delay: Delayed 2 second(s)

2018-12-13 13:07:46 - [MESSAGE][PASSED] - Delayed 2 second(s)

2018-12-13 13:07:46 - [TEST_STEP][PASSED] - click: Object: 'Object Repository/Final Object Repo/New Registration - Registration Module Pages/New Reg - OTC to RO/Special Case - OTC - Form 1/AEC NO' is clicked on

2018-12-13 13:07:46 - [MESSAGE][PASSED] - Object: 'Object Repository/Final Object Repo/New Registration - Registration Module Pages/New Reg - OTC to RO/Special Case - OTC - Form 1/AEC NO' is clicked on

2018-12-13 13:07:46 - [TEST_STEP][PASSED] - click: Object: 'Object Repository/Final Object Repo/New Registration - Registration Module Pages/New Reg - OTC to RO/Special Case - OTC - Form 1/Business Entity - Please Select' is clicked on

2018-12-13 13:07:46 - [MESSAGE][PASSED] - Object: 'Object Repository/Final Object Repo/New Registration - Registration Module Pages/New Reg - OTC to RO/Special Case - OTC - Form 1/Business Entity - Please Select' is clicked on

2018-12-13 13:07:46 - [TEST_STEP][PASSED] - click: Object: 'Object Repository/Final Object Repo/New Registration - Registration Module Pages/New Reg - OTC to RO/Special Case - OTC - Form 1/Selected - Corporation' is clicked on

2018-12-13 13:07:47 - [MESSAGE][PASSED] - Object: 'Object Repository/Final Object Repo/New Registration - Registration Module Pages/New Reg - OTC to RO/Special Case - OTC - Form 1/Selected - Corporation' is clicked on

2018-12-13 13:07:47 - [TEST_STEP][PASSED] - delay: Delayed 2 second(s)

2018-12-13 13:07:49 - [MESSAGE][PASSED] - Delayed 2 second(s)

2018-12-13 13:07:49 - [TEST_STEP][PASSED] - click: Object: 'Object Repository/Final Object Repo/New Registration - Registration Module Pages/New Reg - OTC to RO/Special Case - OTC - Form 1/Sub Business Entity - Please Select' is clicked on

2018-12-13 13:07:49 - [MESSAGE][PASSED] - Object: 'Object Repository/Final Object Repo/New Registration - Registration Module Pages/New Reg - OTC to RO/Special Case - OTC - Form 1/Sub Business Entity - Please Select' is clicked on

2018-12-13 13:07:49 - [TEST_STEP][PASSED] - delay: Delayed 2 second(s)

2018-12-13 13:07:51 - [MESSAGE][PASSED] - Delayed 2 second(s)

2018-12-13 13:07:51 - [TEST_STEP][PASSED] - click: Object: 'Object Repository/Final Object Repo/New Registration - Registration Module Pages/New Reg - OTC to RO/Special Case - OTC - Form 1/Selected - Sendirian Berhad' is clicked on

2018-12-13 13:07:51 - [MESSAGE][PASSED] - Object: 'Object Repository/Final Object Repo/New Registration - Registration Module Pages/New Reg - OTC to RO/Special Case - OTC - Form 1/Selected - Sendirian Berhad' is clicked on

2018-12-13 13:07:51 - [TEST_STEP][PASSED] - setText: Text 'AUTOMATE001' is set on object 'Object Repository/Final Object Repo/New Registration - Registration Module Pages/New Reg - OTC to RO/Special Case - OTC - Form 1/Input BRN Number'

2018-12-13 13:07:51 - [MESSAGE][PASSED] - Text 'AUTOMATE001' is set on object 'Object Repository/Final Object Repo/New Registration - Registration Module Pages/New Reg - OTC to RO/Special Case - OTC - Form 1/Input BRN Number'

2018-12-13 13:07:51 - [TEST_STEP][PASSED] - delay: Delayed 2 second(s)

2018-12-13 13:07:53 - [MESSAGE][PASSED] - Delayed 2 second(s)

2018-12-13 13:07:53 - [TEST_STEP][PASSED] - click: Object: 'Object Repository/Final Object Repo/New Registration - Registration Module Pages/New Reg - OTC to RO/Special Case - OTC - Form 1/BRN Search' is clicked on

2018-12-13 13:07:54 - [MESSAGE][PASSED] - Object: 'Object Repository/Final Object Repo/New Registration - Registration Module Pages/New Reg - OTC to RO/Special Case - OTC - Form 1/BRN Search' is clicked on

2018-12-13 13:07:54 - [TEST_STEP][PASSED] - delay: Delayed 4 second(s)

2018-12-13 13:07:58 - [MESSAGE][PASSED] - Delayed 4 second(s)

2018-12-13 13:07:58 - [TEST_STEP][PASSED] - click: Object: 'Object Repository/Final Object Repo/New Registration - Registration Module Pages/New Reg - OTC to RO/Special Case - OTC - Form 1/Registered with SSM - After Feb 2017' is clicked on

2018-12-13 13:07:58 - [MESSAGE][PASSED] - Object: 'Object Repository/Final Object Repo/New Registration - Registration Module Pages/New Reg - OTC to RO/Special Case - OTC - Form 1/Registered with SSM - After Feb 2017' is clicked on

2018-12-13 13:07:58 - [TEST_STEP][PASSED] - delay: Delayed 2 second(s)

2018-12-13 13:08:00 - [MESSAGE][PASSED] - Delayed 2 second(s)

2018-12-13 13:08:00 - [TEST_STEP][PASSED] - click: Object: 'Object Repository/Final Object Repo/New Registration - Registration Module Pages/New Reg - OTC to RO/Special Case - OTC - Form 1/Registering As A Branch - No' is clicked on

2018-12-13 13:08:00 - [MESSAGE][PASSED] - Object: 'Object Repository/Final Object Repo/New Registration - Registration Module Pages/New Reg - OTC to RO/Special Case - OTC - Form 1/Registering As A Branch - No' is clicked on

2018-12-13 13:08:00 - [TEST_STEP][PASSED] - click: Object: 'Object Repository/Final Object Repo/New Registration - Registration Module Pages/New Reg - OTC to RO/Special Case - OTC - Form 1/Acknowledgement Ticked' is clicked on

2018-12-13 13:08:00 - [MESSAGE][PASSED] - Object: 'Object Repository/Final Object Repo/New Registration - Registration Module Pages/New Reg - OTC to RO/Special Case - OTC - Form 1/Acknowledgement Ticked' is clicked on

2018-12-13 13:08:00 - [TEST_STEP][PASSED] - click: Object: 'Object Repository/Final Object Repo/New Registration - Registration Module Pages/New Reg - OTC to RO/Special Case - OTC - Form 1/Submit Button' is clicked on

2018-12-13 13:08:00 - [MESSAGE][PASSED] - Object: 'Object Repository/Final Object Repo/New Registration - Registration Module Pages/New Reg - OTC to RO/Special Case - OTC - Form 1/Submit Button' is clicked on

2018-12-13 13:08:00 - [TEST_STEP][PASSED] - delay: Delayed 2 second(s)

2018-12-13 13:08:02 - [MESSAGE][PASSED] - Delayed 2 second(s)

2018-12-13 13:08:02 - [TEST_STEP][PASSED] - click: Object: 'Object Repository/Final Object Repo/New Registration - Registration Module Pages/New Reg - OTC to RO/Special Case - OTC - Form 1/Confirm No Flagging as Branch' is clicked on

2018-12-13 13:08:02 - [MESSAGE][PASSED] - Object: 'Object Repository/Final Object Repo/New Registration - Registration Module Pages/New Reg - OTC to RO/Special Case - OTC - Form 1/Confirm No Flagging as Branch' is clicked on

2018-12-13 13:08:02 - [MESSAGE][PASSED] - Call Test Case 'Test Cases/Final Aug 2018 - PKS Automation/Registration Module/Workflow/New Registration/Template/Special Case - OTC - Form 1' successfully

2018-12-13 13:08:02 - [TEST_STEP][PASSED] - callTestCase: Call Test Case 'Test Cases/Final Aug 2018 - PKS Automation/Registration Module/New Registration/Form 2/Add 1 Eligible' successfully

2018-12-13 13:08:02 - [TEST_CASE][PASSED] - Test Cases/Final Aug 2018 - PKS Automation/Registration Module/New Registration/Form 2/Add 1 Eligible: Test Cases/Final Aug 2018 - PKS Automation/Registration Module/New Registration/Form 2/Add 1 Eligible

2018-12-13 13:08:02 - [TEST_STEP][PASSED] - delay: Delayed 2 second(s)

2018-12-13 13:08:04 - [MESSAGE][PASSED] - Delayed 2 second(s)

2018-12-13 13:08:04 - [TEST_STEP][PASSED] - callTestCase: Call Test Case 'Test Cases/Final Aug 2018 - PKS Automation/Registration Module/New Registration/Form 2/Date Updater' successfully

2018-12-13 13:08:05 - [TEST_CASE][PASSED] - Test Cases/Final Aug 2018 - PKS Automation/Registration Module/New Registration/Form 2/Date Updater: Test Cases/Final Aug 2018 - PKS Automation/Registration Module/New Registration/Form 2/Date Updater

2018-12-13 13:08:05 - [TEST_STEP][PASSED] - Statement - TodayDate = new java.util.Date(): null

2018-12-13 13:08:05 - [TEST_STEP][PASSED] - Statement - CurrentDateNoFilter = new java.text.SimpleDateFormat(): null

2018-12-13 13:08:05 - [TEST_STEP][PASSED] - Statement - CurrentDateNoFilter.applyPattern("MM"): null

2018-12-13 13:08:05 - [TEST_STEP][PASSED] - Statement - monthContainerMatcher = java.lang.Integer.parseInt(CurrentDateNoFilter.format(TodayDate)): null

2018-12-13 13:08:05 - [TEST_STEP][PASSED] - Statement - monthContainerMatcher = monthContainerMatcher - 1: null

2018-12-13 13:08:05 - [TEST_STEP][PASSED] - Statement - CurrentMonth = monthContainerMatcher.toString(): null

2018-12-13 13:08:05 - [TEST_STEP][PASSED] - Statement - CurrentMonth = CurrentMonth: null

2018-12-13 13:08:05 - [TEST_STEP][PASSED] - Statement - CurrentDateNoFilter.applyPattern("yyyy"): null

2018-12-13 13:08:05 - [TEST_STEP][PASSED] - Statement - CurrentYear = CurrentDateNoFilter.format(TodayDate): null

2018-12-13 13:08:05 - [TEST_STEP][PASSED] - Statement - CurrentYear = CurrentYear: null

2018-12-13 13:08:05 - [TEST_STEP][PASSED] - Statement - intCurrentYear = java.lang.Integer.parseInt(CurrentDateNoFilter.format(TodayDate)): null

2018-12-13 13:08:05 - [TEST_STEP][PASSED] - Statement - eighteenYrsAgo = intCurrentYear - 18: null

2018-12-13 13:08:05 - [TEST_STEP][PASSED] - Statement - eighteenYrsBeforeThisYr = eighteenYrsAgo.toString(): null

2018-12-13 13:08:05 - [TEST_STEP][PASSED] - Statement - EighteenYrsBefore = eighteenYrsBeforeThisYr: null

2018-12-13 13:08:05 - [TEST_STEP][PASSED] - Statement - fiftysevenYrsAgo = intCurrentYear - 57: null

2018-12-13 13:08:05 - [TEST_STEP][PASSED] - Statement - fiftysevenYrsBeforeThisYr = fiftysevenYrsAgo.toString(): null

2018-12-13 13:08:05 - [TEST_STEP][PASSED] - Statement - FiftysevenYrsBefore = fiftysevenYrsBeforeThisYr: null

2018-12-13 13:08:05 - [TEST_STEP][PASSED] - Statement - leapYear = false: null

2018-12-13 13:08:05 - [TEST_STEP][PASSED] - Statement - leapYear = intCurrentYear % 4 == 0: null

2018-12-13 13:08:05 - [TEST_STEP][PASSED] - Statement - CurrentDateNoFilter.applyPattern("dd"): null

2018-12-13 13:08:05 - [TEST_STEP][PASSED] - Statement - CurrentDate = CurrentDateNoFilter.format(TodayDate): null

2018-12-13 13:08:05 - [TEST_STEP][PASSED] - Statement - CurrentDate = java.lang.Integer.parseInt(CurrentDate): null

2018-12-13 13:08:05 - [TEST_STEP][PASSED] - Statement - CurrentDate = CurrentDate: null

2018-12-13 13:08:05 - [TEST_STEP][PASSED] - Statement - CurrentDay = java.lang.Integer.parseInt(CurrentDate): null

2018-12-13 13:08:05 - [TEST_STEP][PASSED] - Statement - ConfAdder = <not implemented yet for class: org.codehaus.groovy.ast.expr.EmptyExpression>: null

2018-12-13 13:08:05 - [TEST_STEP][PASSED] - Statement - out.println(CurrentMonth): null

2018-12-13 13:08:05 - [TEST_STEP][PASSED] - Statement - out.println(CurrentDate): null

2018-12-13 13:08:05 - [TEST_STEP][PASSED] - Statement - switch (CurrentDate): null

2018-12-13 13:08:05 - [TEST_STEP][PASSED] - Statement - Default: null

2018-12-13 13:08:05 - [TEST_STEP][PASSED] - Statement - ConfAdder = true: null

2018-12-13 13:08:05 - [TEST_STEP][PASSED] - Statement - Break: null

2018-12-13 13:08:05 - [TEST_STEP][PASSED] - Statement - aDayBefore = <not implemented yet for class: org.codehaus.groovy.ast.expr.EmptyExpression>: null

2018-12-13 13:08:05 - [TEST_STEP][PASSED] - Statement - out.println(ConfAdder): null

2018-12-13 13:08:05 - [TEST_STEP][PASSED] - Statement - If (ConfAdder == true): null

2018-12-13 13:08:05 - [TEST_STEP][PASSED] - Statement - aDayBefore = CurrentDay + 1: null

2018-12-13 13:08:05 - [TEST_STEP][PASSED] - Statement - out.println(aDayBefore): null

2018-12-13 13:08:05 - [TEST_STEP][PASSED] - Statement - If (aDayBefore == 1 && CurrentMonth == 11): null

2018-12-13 13:08:05 - [TEST_STEP][PASSED] - Statement - DayBefore = aDayBefore.toString(): null

2018-12-13 13:08:05 - [TEST_STEP][PASSED] - Statement - OneDayBefore = DayBefore: null

2018-12-13 13:08:05 - [MESSAGE][PASSED] - Call Test Case 'Test Cases/Final Aug 2018 - PKS Automation/Registration Module/New Registration/Form 2/Date Updater' successfully

2018-12-13 13:08:05 - [TEST_STEP][PASSED] - delay: Delayed 1 second(s)

2018-12-13 13:08:06 - [MESSAGE][PASSED] - Delayed 1 second(s)

2018-12-13 13:08:06 - [TEST_STEP][PASSED] - Statement - CaseReferenceNo = com.kms.katalon.core.webui.keyword.WebUiBuiltInKeywords.getText(com.kms.katalon.core.testobject.ObjectRepository.findTestObject(Final Object Repo/New Registration - Registration Module Pages/Form 2/RefNo Acquiring)): Text of object 'Object Repository/Final Object Repo/New Registration - Registration Module Pages/Form 2/RefNo Acquiring' is: 'CRN12201800123274'

2018-12-13 13:08:06 - [MESSAGE][PASSED] - Text of object 'Object Repository/Final Object Repo/New Registration - Registration Module Pages/Form 2/RefNo Acquiring' is: 'CRN12201800123274'

2018-12-13 13:08:06 - [TEST_STEP][PASSED] - delay: Delayed 1 second(s)

2018-12-13 13:08:07 - [MESSAGE][PASSED] - Delayed 1 second(s)

2018-12-13 13:08:07 - [TEST_STEP][PASSED] - click: Object: 'Object Repository/Final Object Repo/New Registration - Registration Module Pages/Form 2/Add Employee Button' is clicked on

2018-12-13 13:08:07 - [MESSAGE][PASSED] - Object: 'Object Repository/Final Object Repo/New Registration - Registration Module Pages/Form 2/Add Employee Button' is clicked on

2018-12-13 13:08:07 - [TEST_STEP][PASSED] - delay: Delayed 1 second(s)

2018-12-13 13:08:08 - [MESSAGE][PASSED] - Delayed 1 second(s)

2018-12-13 13:08:08 - [TEST_STEP][PASSED] - setText: Text '010903091963' is set on object 'Object Repository/Final Object Repo/New Registration - Registration Module Pages/Form 2/NRIC Input'

2018-12-13 13:08:08 - [MESSAGE][PASSED] - Text '010903091963' is set on object 'Object Repository/Final Object Repo/New Registration - Registration Module Pages/Form 2/NRIC Input'

2018-12-13 13:08:08 - [TEST_STEP][PASSED] - click: Object: 'Object Repository/Final Object Repo/New Registration - Registration Module Pages/Form 2/button for search for IC' is clicked on

2018-12-13 13:08:08 - [MESSAGE][PASSED] - Object: 'Object Repository/Final Object Repo/New Registration - Registration Module Pages/Form 2/button for search for IC' is clicked on

2018-12-13 13:08:08 - [TEST_STEP][PASSED] - delay: Delayed 2 second(s)

2018-12-13 13:08:10 - [MESSAGE][PASSED] - Delayed 2 second(s)

2018-12-13 13:08:10 - [TEST_STEP][PASSED] - setText: Text 'Automate001 eligible 1' is set on object 'Object Repository/Final Object Repo/New Registration - Registration Module Pages/Form 2/Employee Name Input'

2018-12-13 13:08:11 - [MESSAGE][PASSED] - Text 'Automate001 eligible 1' is set on object 'Object Repository/Final Object Repo/New Registration - Registration Module Pages/Form 2/Employee Name Input'

2018-12-13 13:08:11 - [TEST_STEP][PASSED] - delay: Delayed 2 second(s)

2018-12-13 13:08:13 - [MESSAGE][PASSED] - Delayed 2 second(s)

2018-12-13 13:08:13 - [TEST_STEP][PASSED] - click: Object: 'Object Repository/Final Object Repo/New Registration - Registration Module Pages/Form 2/DatePicker Pop Up' is clicked on

2018-12-13 13:08:13 - [MESSAGE][PASSED] - Object: 'Object Repository/Final Object Repo/New Registration - Registration Module Pages/Form 2/DatePicker Pop Up' is clicked on

2018-12-13 13:08:13 - [TEST_STEP][PASSED] - click: Object: 'Object Repository/Final Object Repo/New Registration - Registration Module Pages/Form 2/DOB Month' is clicked on

2018-12-13 13:08:13 - [MESSAGE][PASSED] - Object: 'Object Repository/Final Object Repo/New Registration - Registration Module Pages/Form 2/DOB Month' is clicked on

2018-12-13 13:08:13 - [TEST_STEP][PASSED] - Statement - CurrentMonth = CurrentMonth: null

2018-12-13 13:08:13 - [TEST_STEP][PASSED] - Statement - selectMonth = new com.kms.katalon.core.testobject.TestObject(): null

2018-12-13 13:08:13 - [TEST_STEP][PASSED] - Statement - selectMonth.addProperty("xpath", EQUALS, "//body/div/div/div/select/option[@value='" + CurrentMonth + "']", true): null

2018-12-13 13:08:13 - [TEST_STEP][PASSED] - click: Object: '' is clicked on

2018-12-13 13:08:13 - [MESSAGE][PASSED] - Object: '' is clicked on

2018-12-13 13:08:13 - [TEST_STEP][PASSED] - click: Object: 'Object Repository/Final Object Repo/New Registration - Registration Module Pages/Form 2/DOB Year' is clicked on

2018-12-13 13:08:14 - [MESSAGE][PASSED] - Object: 'Object Repository/Final Object Repo/New Registration - Registration Module Pages/Form 2/DOB Year' is clicked on

2018-12-13 13:08:14 - [TEST_STEP][PASSED] - Statement - Eyearsbf = EighteenYrsBefore: null

2018-12-13 13:08:14 - [TEST_STEP][PASSED] - Statement - selectYear = new com.kms.katalon.core.testobject.TestObject(): null

2018-12-13 13:08:14 - [TEST_STEP][PASSED] - Statement - selectYear.addProperty("xpath", EQUALS, "//div/div/div/select/option[@value='" + Eyearsbf + "']", true): null

2018-12-13 13:08:14 - [TEST_STEP][PASSED] - click: Object: '' is clicked on

2018-12-13 13:08:14 - [MESSAGE][PASSED] - Object: '' is clicked on

2018-12-13 13:08:14 - [TEST_STEP][PASSED] - Statement - UpdatedSelectDate = com.kms.katalon.core.webui.keyword.WebUiBuiltInKeywords.modifyObjectProperty(com.kms.katalon.core.testobject.ObjectRepository.findTestObject(Final Object Repo/New Registration - Registration Module Pages/Form 2/DOB Date), "xpath", "equals", "//body/div/table/tbody/tr/td/a[text()="" + CurrentDate + ""]", true): Modify property of object successfully

2018-12-13 13:08:14 - [MESSAGE][PASSED] - Modify property of object successfully

2018-12-13 13:08:14 - [TEST_STEP][PASSED] - delay: Delayed 3 second(s)

2018-12-13 13:08:17 - [MESSAGE][PASSED] - Delayed 3 second(s)

2018-12-13 13:08:17 - [TEST_STEP][PASSED] - click: Object: 'Object Repository/Final Object Repo/New Registration - Registration Module Pages/Form 2/DOB Date' is clicked on

2018-12-13 13:08:17 - [MESSAGE][PASSED] - Object: 'Object Repository/Final Object Repo/New Registration - Registration Module Pages/Form 2/DOB Date' is clicked on

2018-12-13 13:08:17 - [TEST_STEP][PASSED] - delay: Delayed 2 second(s)

2018-12-13 13:08:19 - [MESSAGE][PASSED] - Delayed 2 second(s)

2018-12-13 13:08:19 - [TEST_STEP][PASSED] - click: Object: 'Object Repository/Final Object Repo/New Registration - Registration Module Pages/Form 2/EmploymentStartDate Pop Up' is clicked on

2018-12-13 13:08:19 - [MESSAGE][PASSED] - Object: 'Object Repository/Final Object Repo/New Registration - Registration Module Pages/Form 2/EmploymentStartDate Pop Up' is clicked on

2018-12-13 13:08:19 - [TEST_STEP][PASSED] - delay: Delayed 2 second(s)

2018-12-13 13:08:21 - [MESSAGE][PASSED] - Delayed 2 second(s)

2018-12-13 13:08:21 - [TEST_STEP][PASSED] - click: Object: 'Object Repository/Final Object Repo/New Registration - Registration Module Pages/Form 2/Socso Employment StartDate Month' is clicked on

2018-12-13 13:08:21 - [MESSAGE][PASSED] - Object: 'Object Repository/Final Object Repo/New Registration - Registration Module Pages/Form 2/Socso Employment StartDate Month' is clicked on

2018-12-13 13:08:21 - [TEST_STEP][PASSED] - delay: Delayed 1 second(s)

2018-12-13 13:08:22 - [MESSAGE][PASSED] - Delayed 1 second(s)

2018-12-13 13:08:22 - [TEST_STEP][PASSED] - click: Object: 'Object Repository/Final Object Repo/New Registration - Registration Module Pages/Form 2/Select Socso Employement Startdate Month' is clicked on

2018-12-13 13:08:22 - [MESSAGE][PASSED] - Object: 'Object Repository/Final Object Repo/New Registration - Registration Module Pages/Form 2/Select Socso Employement Startdate Month' is clicked on

2018-12-13 13:08:22 - [TEST_STEP][PASSED] - delay: Delayed 2 second(s)

2018-12-13 13:08:24 - [MESSAGE][PASSED] - Delayed 2 second(s)

2018-12-13 13:08:24 - [TEST_STEP][PASSED] - click: Object: 'Object Repository/Final Object Repo/New Registration - Registration Module Pages/Form 2/Socso Employment StartDate Year' is clicked on

2018-12-13 13:08:25 - [MESSAGE][PASSED] - Object: 'Object Repository/Final Object Repo/New Registration - Registration Module Pages/Form 2/Socso Employment StartDate Year' is clicked on

2018-12-13 13:08:25 - [TEST_STEP][PASSED] - delay: Delayed 1 second(s)

2018-12-13 13:08:26 - [MESSAGE][PASSED] - Delayed 1 second(s)

2018-12-13 13:08:26 - [TEST_STEP][PASSED] - click: Object: 'Object Repository/Final Object Repo/New Registration - Registration Module Pages/Form 2/Select Socso Employment Startdate Year' is clicked on

2018-12-13 13:08:26 - [MESSAGE][PASSED] - Object: 'Object Repository/Final Object Repo/New Registration - Registration Module Pages/Form 2/Select Socso Employment Startdate Year' is clicked on

2018-12-13 13:08:26 - [TEST_STEP][PASSED] - delay: Delayed 2 second(s)

2018-12-13 13:08:28 - [MESSAGE][PASSED] - Delayed 2 second(s)

2018-12-13 13:08:28 - [TEST_STEP][PASSED] - click: Object: 'Object Repository/Final Object Repo/New Registration - Registration Module Pages/Form 2/Socso Employment Start Date Day' is clicked on

2018-12-13 13:08:28 - [MESSAGE][PASSED] - Object: 'Object Repository/Final Object Repo/New Registration - Registration Module Pages/Form 2/Socso Employment Start Date Day' is clicked on

2018-12-13 13:08:28 - [TEST_STEP][PASSED] - delay: Delayed 2 second(s)

2018-12-13 13:08:30 - [MESSAGE][PASSED] - Delayed 2 second(s)

2018-12-13 13:08:30 - [TEST_STEP][PASSED] - click: Object: 'Object Repository/Final Object Repo/New Registration - Registration Module Pages/Form 2/Save Button for Add Employee' is clicked on

2018-12-13 13:08:30 - [MESSAGE][PASSED] - Object: 'Object Repository/Final Object Repo/New Registration - Registration Module Pages/Form 2/Save Button for Add Employee' is clicked on

2018-12-13 13:08:30 - [TEST_STEP][PASSED] - delay: Delayed 6 second(s)

2018-12-13 13:08:36 - [MESSAGE][PASSED] - Delayed 6 second(s)

2018-12-13 13:08:36 - [TEST_STEP][PASSED] - click: Object: 'Object Repository/Final Object Repo/New Registration - Registration Module Pages/Form 2/Save and Continue Form 2' is clicked on

2018-12-13 13:08:36 - [MESSAGE][PASSED] - Object: 'Object Repository/Final Object Repo/New Registration - Registration Module Pages/Form 2/Save and Continue Form 2' is clicked on

2018-12-13 13:08:36 - [MESSAGE][PASSED] - Call Test Case 'Test Cases/Final Aug 2018 - PKS Automation/Registration Module/New Registration/Form 2/Add 1 Eligible' successfully

2018-12-13 13:08:36 - [TEST_STEP][PASSED] - callTestCase: Call Test Case 'Test Cases/Final Aug 2018 - PKS Automation/Registration Module/New Registration/Flow of New Registration/Third Screen - Upload Supporting Doc - Preview' successfully

2018-12-13 13:08:36 - [TEST_CASE][PASSED] - Test Cases/Final Aug 2018 - PKS Automation/Registration Module/New Registration/Flow of New Registration/Third Screen - Upload Supporting Doc - Preview: Test Cases/Final Aug 2018 - PKS Automation/Registration Module/New Registration/Flow of New Registration/Third Screen - Upload Supporting Doc - Preview

2018-12-13 13:08:36 - [TEST_STEP][PASSED] - waitForPageLoad: Wait for page load successfully

2018-12-13 13:08:37 - [MESSAGE][PASSED] - Wait for page load successfully

2018-12-13 13:08:37 - [TEST_STEP][PASSED] - Statement - CaseReferenceNo = com.kms.katalon.core.webui.keyword.WebUiBuiltInKeywords.getText(com.kms.katalon.core.testobject.ObjectRepository.findTestObject(Final Object Repo/New Registration - Registration Module Pages/Third Screen - Upload Supporting Doc- Preview/RefNo Acquiring)): Text of object 'Object Repository/Final Object Repo/New Registration - Registration Module Pages/Third Screen - Upload Supporting Doc- Preview/RefNo Acquiring' is: 'CRN12201800123274'

2018-12-13 13:08:37 - [MESSAGE][PASSED] - Text of object 'Object Repository/Final Object Repo/New Registration - Registration Module Pages/Third Screen - Upload Supporting Doc- Preview/RefNo Acquiring' is: 'CRN12201800123274'

2018-12-13 13:08:37 - [TEST_STEP][PASSED] - delay: Delayed 2 second(s)

2018-12-13 13:08:39 - [MESSAGE][PASSED] - Delayed 2 second(s)

2018-12-13 13:08:39 - [TEST_STEP][PASSED] - callTestCase: Call Test Case 'Test Cases/Final Aug 2018 - PKS Automation/Common/Reference Number Setter' successfully

2018-12-13 13:08:39 - [TEST_CASE][PASSED] - Test Cases/Final Aug 2018 - PKS Automation/Common/Reference Number Setter: Test Cases/Final Aug 2018 - PKS Automation/Common/Reference Number Setter

2018-12-13 13:08:39 - [TEST_STEP][PASSED] - Statement - RefNoOldFile = new java.io.File(C://Users//Admin//Desktop//PKS//Automation Reference Point//KatalonReference.txt): null

2018-12-13 13:08:39 - [TEST_STEP][PASSED] - Statement - RefNoOldFile.delete(): null

2018-12-13 13:08:39 - [TEST_STEP][PASSED] - delay: Delayed 5 second(s)

2018-12-13 13:08:44 - [MESSAGE][PASSED] - Delayed 5 second(s)

2018-12-13 13:08:44 - [TEST_STEP][PASSED] - Statement - RefNo = new java.io.File(C://Users//Admin//Desktop//PKS//Automation Reference Point//KatalonReference.txt): null

2018-12-13 13:08:44 - [TEST_STEP][PASSED] - Statement - f2 = new java.io.FileWriter(RefNo, false): null

2018-12-13 13:08:44 - [TEST_STEP][PASSED] - Statement - f2.write(CaseReferenceNo): null

2018-12-13 13:08:44 - [TEST_STEP][PASSED] - Statement - f2.close(): null

2018-12-13 13:08:44 - [TEST_STEP][PASSED] - Statement - out.println("


" + CaseReferenceNo + "


"): null

2018-12-13 13:08:44 - [MESSAGE][PASSED] - Call Test Case 'Test Cases/Final Aug 2018 - PKS Automation/Common/Reference Number Setter' successfully

2018-12-13 13:08:44 - [TEST_STEP][PASSED] - waitForElementClickable: Object 'Object Repository/Final Object Repo/New Registration - Registration Module Pages/Third Screen - Upload Supporting Doc- Preview/Save n Continue in SIP Employee Listing Page' is clickable

2018-12-13 13:08:44 - [MESSAGE][PASSED] - Object 'Object Repository/Final Object Repo/New Registration - Registration Module Pages/Third Screen - Upload Supporting Doc- Preview/Save n Continue in SIP Employee Listing Page' is clickable

2018-12-13 13:08:44 - [TEST_STEP][PASSED] - click: Object: 'Object Repository/Final Object Repo/New Registration - Registration Module Pages/Third Screen - Upload Supporting Doc- Preview/Save n Continue in SIP Employee Listing Page' is clicked on

2018-12-13 13:08:50 - [MESSAGE][PASSED] - Object: 'Object Repository/Final Object Repo/New Registration - Registration Module Pages/Third Screen - Upload Supporting Doc- Preview/Save n Continue in SIP Employee Listing Page' is clicked on

2018-12-13 13:08:50 - [TEST_STEP][PASSED] - delay: Delayed 7 second(s)

2018-12-13 13:08:57 - [MESSAGE][PASSED] - Delayed 7 second(s)

2018-12-13 13:08:57 - [TEST_STEP][PASSED] - click: Object: 'Object Repository/Final Object Repo/New Registration - Registration Module Pages/Third Screen - Upload Supporting Doc- Preview/Add Document Button' is clicked on

2018-12-13 13:08:57 - [MESSAGE][PASSED] - Object: 'Object Repository/Final Object Repo/New Registration - Registration Module Pages/Third Screen - Upload Supporting Doc- Preview/Add Document Button' is clicked on

2018-12-13 13:08:57 - [TEST_STEP][PASSED] - delay: Delayed 30 second(s)

2018-12-13 13:09:27 - [MESSAGE][PASSED] - Delayed 30 second(s)

2018-12-13 13:09:27 - [TEST_STEP][PASSED] - click: Object: 'Object Repository/Final Object Repo/New Registration - Registration Module Pages/Third Screen - Upload Supporting Doc- Preview/Supporting Doc Please Select Drop Down' is clicked on

2018-12-13 13:09:27 - [MESSAGE][PASSED] - Object: 'Object Repository/Final Object Repo/New Registration - Registration Module Pages/Third Screen - Upload Supporting Doc- Preview/Supporting Doc Please Select Drop Down' is clicked on

2018-12-13 13:09:27 - [TEST_STEP][PASSED] - delay: Delayed 2 second(s)

2018-12-13 13:09:29 - [MESSAGE][PASSED] - Delayed 2 second(s)

2018-12-13 13:09:29 - [TEST_STEP][PASSED] - click: Object: 'Object Repository/Final Object Repo/New Registration - Registration Module Pages/Third Screen - Upload Supporting Doc- Preview/Select to Upload Form 1' is clicked on

2018-12-13 13:09:29 - [MESSAGE][PASSED] - Object: 'Object Repository/Final Object Repo/New Registration - Registration Module Pages/Third Screen - Upload Supporting Doc- Preview/Select to Upload Form 1' is clicked on

2018-12-13 13:09:29 - [TEST_STEP][PASSED] - delay: Delayed 2 second(s)

2018-12-13 13:09:31 - [MESSAGE][PASSED] - Delayed 2 second(s)

2018-12-13 13:09:31 - [TEST_STEP][PASSED] - uploadFile: File 'C:\Users\Public\Pictures\Sample Pictures\Koala.jpg' sent to object: 'Object Repository/Final Object Repo/New Registration - Registration Module Pages/Third Screen - Upload Supporting Doc- Preview/Upload File Adding'

2018-12-13 13:09:31 - [MESSAGE][PASSED] - File 'C:\Users\Public\Pictures\Sample Pictures\Koala.jpg' sent to object: 'Object Repository/Final Object Repo/New Registration - Registration Module Pages/Third Screen - Upload Supporting Doc- Preview/Upload File Adding'

2018-12-13 13:09:31 - [TEST_STEP][PASSED] - delay: Delayed 5 second(s)

2018-12-13 13:09:36 - [MESSAGE][PASSED] - Delayed 5 second(s)

2018-12-13 13:09:36 - [TEST_STEP][PASSED] - click: Object: 'Object Repository/Final Object Repo/New Registration - Registration Module Pages/Third Screen - Upload Supporting Doc- Preview/Inner Form Add Document Button' is clicked on

2018-12-13 13:09:36 - [MESSAGE][PASSED] - Object: 'Object Repository/Final Object Repo/New Registration - Registration Module Pages/Third Screen - Upload Supporting Doc- Preview/Inner Form Add Document Button' is clicked on

2018-12-13 13:09:36 - [TEST_STEP][PASSED] - delay: Delayed 3 second(s)

2018-12-13 13:09:39 - [MESSAGE][PASSED] - Delayed 3 second(s)

2018-12-13 13:09:39 - [TEST_STEP][PASSED] - click: Object: 'Object Repository/Final Object Repo/New Registration - Registration Module Pages/Third Screen - Upload Supporting Doc- Preview/Add Document Button' is clicked on

2018-12-13 13:09:41 - [MESSAGE][PASSED] - Object: 'Object Repository/Final Object Repo/New Registration - Registration Module Pages/Third Screen - Upload Supporting Doc- Preview/Add Document Button' is clicked on

2018-12-13 13:09:41 - [TEST_STEP][PASSED] - delay: Delayed 30 second(s)

2018-12-13 13:10:11 - [MESSAGE][PASSED] - Delayed 30 second(s)

2018-12-13 13:10:11 - [TEST_STEP][PASSED] - click: Object: 'Object Repository/Final Object Repo/New Registration - Registration Module Pages/Third Screen - Upload Supporting Doc- Preview/Supporting Doc Please Select Drop Down' is clicked on

2018-12-13 13:10:11 - [MESSAGE][PASSED] - Object: 'Object Repository/Final Object Repo/New Registration - Registration Module Pages/Third Screen - Upload Supporting Doc- Preview/Supporting Doc Please Select Drop Down' is clicked on

2018-12-13 13:10:11 - [TEST_STEP][PASSED] - delay: Delayed 4 second(s)

2018-12-13 13:10:15 - [MESSAGE][PASSED] - Delayed 4 second(s)

2018-12-13 13:10:15 - [TEST_STEP][PASSED] - click: Object: 'Object Repository/Final Object Repo/New Registration - Registration Module Pages/Third Screen - Upload Supporting Doc- Preview/Select to Upload Form 2' is clicked on

2018-12-13 13:10:15 - [MESSAGE][PASSED] - Object: 'Object Repository/Final Object Repo/New Registration - Registration Module Pages/Third Screen - Upload Supporting Doc- Preview/Select to Upload Form 2' is clicked on

2018-12-13 13:10:15 - [TEST_STEP][PASSED] - delay: Delayed 2 second(s)

2018-12-13 13:10:17 - [MESSAGE][PASSED] - Delayed 2 second(s)

2018-12-13 13:10:17 - [TEST_STEP][PASSED] - uploadFile: File 'C:\Users\Public\Pictures\Sample Pictures\Koala.jpg' sent to object: 'Object Repository/Final Object Repo/New Registration - Registration Module Pages/Third Screen - Upload Supporting Doc- Preview/Upload File Adding'

2018-12-13 13:10:17 - [MESSAGE][PASSED] - File 'C:\Users\Public\Pictures\Sample Pictures\Koala.jpg' sent to object: 'Object Repository/Final Object Repo/New Registration - Registration Module Pages/Third Screen - Upload Supporting Doc- Preview/Upload File Adding'

2018-12-13 13:10:17 - [TEST_STEP][PASSED] - click: Object: 'Object Repository/Final Object Repo/New Registration - Registration Module Pages/Third Screen - Upload Supporting Doc- Preview/Inner Form Add Document Button' is clicked on

2018-12-13 13:10:17 - [MESSAGE][PASSED] - Object: 'Object Repository/Final Object Repo/New Registration - Registration Module Pages/Third Screen - Upload Supporting Doc- Preview/Inner Form Add Document Button' is clicked on

2018-12-13 13:10:17 - [TEST_STEP][PASSED] - delay: Delayed 5 second(s)

2018-12-13 13:10:22 - [MESSAGE][PASSED] - Delayed 5 second(s)

2018-12-13 13:10:22 - [TEST_STEP][PASSED] - click: Object: 'Object Repository/Final Object Repo/New Registration - Registration Module Pages/Third Screen - Upload Supporting Doc- Preview/Add Document Button' is clicked on

2018-12-13 13:10:22 - [MESSAGE][PASSED] - Object: 'Object Repository/Final Object Repo/New Registration - Registration Module Pages/Third Screen - Upload Supporting Doc- Preview/Add Document Button' is clicked on

2018-12-13 13:10:22 - [TEST_STEP][PASSED] - delay: Delayed 30 second(s)

2018-12-13 13:10:52 - [MESSAGE][PASSED] - Delayed 30 second(s)

2018-12-13 13:10:52 - [TEST_STEP][PASSED] - click: Object: 'Object Repository/Final Object Repo/New Registration - Registration Module Pages/Third Screen - Upload Supporting Doc- Preview/Supporting Doc Please Select Drop Down' is clicked on

2018-12-13 13:10:53 - [MESSAGE][PASSED] - Object: 'Object Repository/Final Object Repo/New Registration - Registration Module Pages/Third Screen - Upload Supporting Doc- Preview/Supporting Doc Please Select Drop Down' is clicked on

2018-12-13 13:10:53 - [TEST_STEP][PASSED] - click: Object: 'Object Repository/Final Object Repo/New Registration - Registration Module Pages/Third Screen - Upload Supporting Doc- Preview/Select to Upload Borang SIP 1' is clicked on

2018-12-13 13:10:53 - [MESSAGE][PASSED] - Object: 'Object Repository/Final Object Repo/New Registration - Registration Module Pages/Third Screen - Upload Supporting Doc- Preview/Select to Upload Borang SIP 1' is clicked on

2018-12-13 13:10:53 - [TEST_STEP][PASSED] - delay: Delayed 2 second(s)

2018-12-13 13:10:55 - [MESSAGE][PASSED] - Delayed 2 second(s)

2018-12-13 13:10:55 - [TEST_STEP][PASSED] - uploadFile: File 'C:\Users\Public\Pictures\Sample Pictures\Koala.jpg' sent to object: 'Object Repository/Final Object Repo/New Registration - Registration Module Pages/Third Screen - Upload Supporting Doc- Preview/Upload File Adding'

2018-12-13 13:10:55 - [MESSAGE][PASSED] - File 'C:\Users\Public\Pictures\Sample Pictures\Koala.jpg' sent to object: 'Object Repository/Final Object Repo/New Registration - Registration Module Pages/Third Screen - Upload Supporting Doc- Preview/Upload File Adding'

2018-12-13 13:10:55 - [TEST_STEP][PASSED] - click: Object: 'Object Repository/Final Object Repo/New Registration - Registration Module Pages/Third Screen - Upload Supporting Doc- Preview/Inner Form Add Document Button' is clicked on

2018-12-13 13:10:55 - [MESSAGE][PASSED] - Object: 'Object Repository/Final Object Repo/New Registration - Registration Module Pages/Third Screen - Upload Supporting Doc- Preview/Inner Form Add Document Button' is clicked on

2018-12-13 13:10:55 - [TEST_STEP][PASSED] - delay: Delayed 5 second(s)

2018-12-13 13:11:00 - [MESSAGE][PASSED] - Delayed 5 second(s)

2018-12-13 13:11:00 - [TEST_STEP][PASSED] - click: Object: 'Object Repository/Final Object Repo/New Registration - Registration Module Pages/Third Screen - Upload Supporting Doc- Preview/Add Document Button' is clicked on

2018-12-13 13:11:00 - [MESSAGE][PASSED] - Object: 'Object Repository/Final Object Repo/New Registration - Registration Module Pages/Third Screen - Upload Supporting Doc- Preview/Add Document Button' is clicked on

2018-12-13 13:11:00 - [TEST_STEP][PASSED] - delay: Delayed 30 second(s)

2018-12-13 13:11:30 - [MESSAGE][PASSED] - Delayed 30 second(s)

2018-12-13 13:11:30 - [TEST_STEP][PASSED] - click: Object: 'Object Repository/Final Object Repo/New Registration - Registration Module Pages/Third Screen - Upload Supporting Doc- Preview/Supporting Doc Please Select Drop Down' is clicked on

2018-12-13 13:11:30 - [MESSAGE][PASSED] - Object: 'Object Repository/Final Object Repo/New Registration - Registration Module Pages/Third Screen - Upload Supporting Doc- Preview/Supporting Doc Please Select Drop Down' is clicked on

2018-12-13 13:11:30 - [TEST_STEP][PASSED] - delay: Delayed 3 second(s)

2018-12-13 13:11:33 - [MESSAGE][PASSED] - Delayed 3 second(s)

2018-12-13 13:11:33 - [TEST_STEP][PASSED] - click: Object: 'Object Repository/Final Object Repo/New Registration - Registration Module Pages/Third Screen - Upload Supporting Doc- Preview/Select to Upload Borang SIP 2' is clicked on

2018-12-13 13:11:34 - [MESSAGE][PASSED] - Object: 'Object Repository/Final Object Repo/New Registration - Registration Module Pages/Third Screen - Upload Supporting Doc- Preview/Select to Upload Borang SIP 2' is clicked on

2018-12-13 13:11:34 - [TEST_STEP][PASSED] - delay: Delayed 2 second(s)

2018-12-13 13:11:36 - [MESSAGE][PASSED] - Delayed 2 second(s)

2018-12-13 13:11:36 - [TEST_STEP][PASSED] - uploadFile: File 'C:\Users\Public\Pictures\Sample Pictures\Koala.jpg' sent to object: 'Object Repository/Final Object Repo/New Registration - Registration Module Pages/Third Screen - Upload Supporting Doc- Preview/Upload File Adding'

2018-12-13 13:11:36 - [MESSAGE][PASSED] - File 'C:\Users\Public\Pictures\Sample Pictures\Koala.jpg' sent to object: 'Object Repository/Final Object Repo/New Registration - Registration Module Pages/Third Screen - Upload Supporting Doc- Preview/Upload File Adding'

2018-12-13 13:11:36 - [TEST_STEP][PASSED] - delay: Delayed 5 second(s)

2018-12-13 13:11:41 - [MESSAGE][PASSED] - Delayed 5 second(s)

2018-12-13 13:11:41 - [TEST_STEP][PASSED] - click: Object: 'Object Repository/Final Object Repo/New Registration - Registration Module Pages/Third Screen - Upload Supporting Doc- Preview/Inner Form Add Document Button' is clicked on

2018-12-13 13:11:41 - [MESSAGE][PASSED] - Object: 'Object Repository/Final Object Repo/New Registration - Registration Module Pages/Third Screen - Upload Supporting Doc- Preview/Inner Form Add Document Button' is clicked on

2018-12-13 13:11:41 - [TEST_STEP][PASSED] - delay: Delayed 3 second(s)

2018-12-13 13:11:44 - [MESSAGE][PASSED] - Delayed 3 second(s)

2018-12-13 13:11:44 - [TEST_STEP][PASSED] - waitForElementClickable: Object 'Object Repository/Final Object Repo/New Registration - Registration Module Pages/Third Screen - Upload Supporting Doc- Preview/Save n Continue in Uploading Supporting Doc Page' is clickable

2018-12-13 13:11:45 - [MESSAGE][PASSED] - Object 'Object Repository/Final Object Repo/New Registration - Registration Module Pages/Third Screen - Upload Supporting Doc- Preview/Save n Continue in Uploading Supporting Doc Page' is clickable

2018-12-13 13:11:45 - [TEST_STEP][PASSED] - click: Object: 'Object Repository/Final Object Repo/New Registration - Registration Module Pages/Third Screen - Upload Supporting Doc- Preview/Save n Continue in Uploading Supporting Doc Page' is clicked on

2018-12-13 13:11:45 - [MESSAGE][PASSED] - Object: 'Object Repository/Final Object Repo/New Registration - Registration Module Pages/Third Screen - Upload Supporting Doc- Preview/Save n Continue in Uploading Supporting Doc Page' is clicked on

2018-12-13 13:11:45 - [MESSAGE][PASSED] - Call Test Case 'Test Cases/Final Aug 2018 - PKS Automation/Registration Module/New Registration/Flow of New Registration/Third Screen - Upload Supporting Doc - Preview' successfully

2018-12-13 13:11:45 - [TEST_STEP][PASSED] - callTestCase: Call Test Case 'Test Cases/Final Aug 2018 - PKS Automation/Registration Module/New Registration/Submit and Screenshot/Submit Registration and Screenshot' successfully

2018-12-13 13:11:46 - [TEST_CASE][PASSED] - Test Cases/Final Aug 2018 - PKS Automation/Registration Module/New Registration/Submit and Screenshot/Submit Registration and Screenshot: Test Cases/Final Aug 2018 - PKS Automation/Registration Module/New Registration/Submit and Screenshot/Submit Registration and Screenshot

2018-12-13 13:11:46 - [TEST_STEP][PASSED] - delay: Delayed 6 second(s)

2018-12-13 13:11:52 - [MESSAGE][PASSED] - Delayed 6 second(s)

2018-12-13 13:11:52 - [TEST_STEP][PASSED] - click: Object: 'Object Repository/Final Object Repo/New Registration - Registration Module Pages/Third Screen - Upload Supporting Doc- Preview/Preview Submit Button' is clicked on

2018-12-13 13:11:52 - [MESSAGE][PASSED] - Object: 'Object Repository/Final Object Repo/New Registration - Registration Module Pages/Third Screen - Upload Supporting Doc- Preview/Preview Submit Button' is clicked on

2018-12-13 13:11:52 - [TEST_STEP][PASSED] - delay: Delayed 2 second(s)

2018-12-13 13:11:54 - [MESSAGE][PASSED] - Delayed 2 second(s)

2018-12-13 13:11:54 - [TEST_STEP][PASSED] - click: Object: 'Object Repository/Final Object Repo/New Registration - Registration Module Pages/Third Screen - Upload Supporting Doc- Preview/Preview Submit - Confirm' is clicked on

2018-12-13 13:11:54 - [MESSAGE][PASSED] - Object: 'Object Repository/Final Object Repo/New Registration - Registration Module Pages/Third Screen - Upload Supporting Doc- Preview/Preview Submit - Confirm' is clicked on

2018-12-13 13:11:54 - [TEST_STEP][PASSED] - delay: Delayed 15 second(s)

2018-12-13 13:12:09 - [MESSAGE][PASSED] - Delayed 15 second(s)

2018-12-13 13:12:09 - [TEST_STEP][PASSED] - Statement - driver = com.kms.katalon.core.webui.driver.DriverFactory.getWebDriver(): null

2018-12-13 13:12:09 - [TEST_STEP][PASSED] - Statement - driver.manage().timeouts().implicitlyWait(10, SECONDS): null

2018-12-13 13:12:09 - [TEST_STEP][PASSED] - Statement - PresavePath = KatalonScreenshots: null

2018-12-13 13:12:09 - [TEST_STEP][PASSED] - Statement - pathPrefix = "C:\Users\Public\Pictures\Sample Pictures\Katalon Screenshots\Automate Ending Screen": null

2018-12-13 13:12:09 - [TEST_STEP][PASSED] - Statement - finalPath = <not implemented yet for class: org.codehaus.groovy.ast.expr.EmptyExpression>: null

2018-12-13 13:12:09 - [TEST_STEP][PASSED] - Statement - scrFile = driver.getScreenshotAs(FILE): null

2018-12-13 13:12:09 - [TEST_STEP][PASSED] - Statement - PreSaveFile = new java.io.File(PresavePath): null

2018-12-13 13:12:09 - [TEST_STEP][PASSED] - Statement - counter = 0: null

2018-12-13 13:12:09 - [TEST_STEP][PASSED] - Statement - If (PreSaveFile.exists()): null

2018-12-13 13:12:09 - [TEST_STEP][PASSED] - Statement - While (PreSaveFile.exists()): null

2018-12-13 13:12:09 - [TEST_STEP][PASSED] - Statement - counter = counter + 1: null

2018-12-13 13:12:09 - [TEST_STEP][PASSED] - Statement - PreSaveFile = new java.io.File(((pathPrefix + java.lang.Integer.toString(counter)) + .png)): null

2018-12-13 13:12:09 - [TEST_STEP][PASSED] - Statement - counter = counter + 1: null

2018-12-13 13:12:09 - [TEST_STEP][PASSED] - Statement - PreSaveFile = new java.io.File(((pathPrefix + java.lang.Integer.toString(counter)) + .png)): null

2018-12-13 13:12:09 - [TEST_STEP][PASSED] - Statement - counter = counter + 1: null

2018-12-13 13:12:09 - [TEST_STEP][PASSED] - Statement - PreSaveFile = new java.io.File(((pathPrefix + java.lang.Integer.toString(counter)) + .png)): null

2018-12-13 13:12:09 - [TEST_STEP][PASSED] - Statement - counter = counter + 1: null

2018-12-13 13:12:09 - [TEST_STEP][PASSED] - Statement - PreSaveFile = new java.io.File(((pathPrefix + java.lang.Integer.toString(counter)) + .png)): null

2018-12-13 13:12:09 - [TEST_STEP][PASSED] - Statement - counter = counter + 1: null

2018-12-13 13:12:09 - [TEST_STEP][PASSED] - Statement - PreSaveFile = new java.io.File(((pathPrefix + java.lang.Integer.toString(counter)) + .png)): null

2018-12-13 13:12:09 - [TEST_STEP][PASSED] - Statement - counter = counter + 1: null

2018-12-13 13:12:09 - [TEST_STEP][PASSED] - Statement - PreSaveFile = new java.io.File(((pathPrefix + java.lang.Integer.toString(counter)) + .png)): null

2018-12-13 13:12:09 - [TEST_STEP][PASSED] - Statement - counter = counter + 1: null

2018-12-13 13:12:09 - [TEST_STEP][PASSED] - Statement - PreSaveFile = new java.io.File(((pathPrefix + java.lang.Integer.toString(counter)) + .png)): null

2018-12-13 13:12:09 - [TEST_STEP][PASSED] - Statement - counter = counter + 1: null

2018-12-13 13:12:09 - [TEST_STEP][PASSED] - Statement - PreSaveFile = new java.io.File(((pathPrefix + java.lang.Integer.toString(counter)) + .png)): null

2018-12-13 13:12:09 - [TEST_STEP][PASSED] - Statement - counter = counter + 1: null

2018-12-13 13:12:09 - [TEST_STEP][PASSED] - Statement - PreSaveFile = new java.io.File(((pathPrefix + java.lang.Integer.toString(counter)) + .png)): null

2018-12-13 13:12:09 - [TEST_STEP][PASSED] - Statement - counter = counter + 1: null

2018-12-13 13:12:09 - [TEST_STEP][PASSED] - Statement - PreSaveFile = new java.io.File(((pathPrefix + java.lang.Integer.toString(counter)) + .png)): null

2018-12-13 13:12:09 - [TEST_STEP][PASSED] - Statement - counter = counter + 1: null

2018-12-13 13:12:09 - [TEST_STEP][PASSED] - Statement - PreSaveFile = new java.io.File(((pathPrefix + java.lang.Integer.toString(counter)) + .png)): null

2018-12-13 13:12:09 - [TEST_STEP][PASSED] - Statement - counter = counter + 1: null

2018-12-13 13:12:09 - [TEST_STEP][PASSED] - Statement - PreSaveFile = new java.io.File(((pathPrefix + java.lang.Integer.toString(counter)) + .png)): null

2018-12-13 13:12:09 - [TEST_STEP][PASSED] - Statement - counter = counter + 1: null

2018-12-13 13:12:09 - [TEST_STEP][PASSED] - Statement - PreSaveFile = new java.io.File(((pathPrefix + java.lang.Integer.toString(counter)) + .png)): null

2018-12-13 13:12:09 - [TEST_STEP][PASSED] - Statement - counter = counter + 1: null

2018-12-13 13:12:09 - [TEST_STEP][PASSED] - Statement - PreSaveFile = new java.io.File(((pathPrefix + java.lang.Integer.toString(counter)) + .png)): null

2018-12-13 13:12:09 - [TEST_STEP][PASSED] - Statement - counter = counter + 1: null

2018-12-13 13:12:09 - [TEST_STEP][PASSED] - Statement - PreSaveFile = new java.io.File(((pathPrefix + java.lang.Integer.toString(counter)) + .png)): null

2018-12-13 13:12:09 - [TEST_STEP][PASSED] - Statement - counter = counter + 1: null

2018-12-13 13:12:09 - [TEST_STEP][PASSED] - Statement - PreSaveFile = new java.io.File(((pathPrefix + java.lang.Integer.toString(counter)) + .png)): null

2018-12-13 13:12:09 - [TEST_STEP][PASSED] - Statement - counter = counter + 1: null

2018-12-13 13:12:09 - [TEST_STEP][PASSED] - Statement - PreSaveFile = new java.io.File(((pathPrefix + java.lang.Integer.toString(counter)) + .png)): null

2018-12-13 13:12:09 - [TEST_STEP][PASSED] - Statement - counter = counter + 1: null

2018-12-13 13:12:09 - [TEST_STEP][PASSED] - Statement - PreSaveFile = new java.io.File(((pathPrefix + java.lang.Integer.toString(counter)) + .png)): null

2018-12-13 13:12:09 - [TEST_STEP][PASSED] - Statement - counter = counter + 1: null

2018-12-13 13:12:09 - [TEST_STEP][PASSED] - Statement - PreSaveFile = new java.io.File(((pathPrefix + java.lang.Integer.toString(counter)) + .png)): null

2018-12-13 13:12:09 - [TEST_STEP][PASSED] - Statement - counter = counter + 1: null

2018-12-13 13:12:09 - [TEST_STEP][PASSED] - Statement - PreSaveFile = new java.io.File(((pathPrefix + java.lang.Integer.toString(counter)) + .png)): null

2018-12-13 13:12:09 - [TEST_STEP][PASSED] - Statement - counter = counter + 1: null

2018-12-13 13:12:09 - [TEST_STEP][PASSED] - Statement - PreSaveFile = new java.io.File(((pathPrefix + java.lang.Integer.toString(counter)) + .png)): null

2018-12-13 13:12:09 - [TEST_STEP][PASSED] - Statement - counter = counter + 1: null

2018-12-13 13:12:09 - [TEST_STEP][PASSED] - Statement - PreSaveFile = new java.io.File(((pathPrefix + java.lang.Integer.toString(counter)) + .png)): null

2018-12-13 13:12:09 - [TEST_STEP][PASSED] - Statement - counter = counter + 1: null

2018-12-13 13:12:09 - [TEST_STEP][PASSED] - Statement - PreSaveFile = new java.io.File(((pathPrefix + java.lang.Integer.toString(counter)) + .png)): null

2018-12-13 13:12:09 - [TEST_STEP][PASSED] - Statement - counter = counter + 1: null

2018-12-13 13:12:09 - [TEST_STEP][PASSED] - Statement - PreSaveFile = new java.io.File(((pathPrefix + java.lang.Integer.toString(counter)) + .png)): null

2018-12-13 13:12:09 - [TEST_STEP][PASSED] - Statement - counter = counter + 1: null

2018-12-13 13:12:09 - [TEST_STEP][PASSED] - Statement - PreSaveFile = new java.io.File(((pathPrefix + java.lang.Integer.toString(counter)) + .png)): null

2018-12-13 13:12:09 - [TEST_STEP][PASSED] - Statement - counter = counter + 1: null

2018-12-13 13:12:09 - [TEST_STEP][PASSED] - Statement - PreSaveFile = new java.io.File(((pathPrefix + java.lang.Integer.toString(counter)) + .png)): null

2018-12-13 13:12:09 - [TEST_STEP][PASSED] - Statement - counter = counter + 1: null

2018-12-13 13:12:09 - [TEST_STEP][PASSED] - Statement - PreSaveFile = new java.io.File(((pathPrefix + java.lang.Integer.toString(counter)) + .png)): null

2018-12-13 13:12:09 - [TEST_STEP][PASSED] - Statement - counter = counter + 1: null

2018-12-13 13:12:09 - [TEST_STEP][PASSED] - Statement - PreSaveFile = new java.io.File(((pathPrefix + java.lang.Integer.toString(counter)) + .png)): null

2018-12-13 13:12:09 - [TEST_STEP][PASSED] - Statement - counter = counter + 1: null

2018-12-13 13:12:09 - [TEST_STEP][PASSED] - Statement - PreSaveFile = new java.io.File(((pathPrefix + java.lang.Integer.toString(counter)) + .png)): null

2018-12-13 13:12:09 - [TEST_STEP][PASSED] - Statement - counter = counter + 1: null

2018-12-13 13:12:09 - [TEST_STEP][PASSED] - Statement - PreSaveFile = new java.io.File(((pathPrefix + java.lang.Integer.toString(counter)) + .png)): null

2018-12-13 13:12:09 - [TEST_STEP][PASSED] - Statement - counter = counter + 1: null

2018-12-13 13:12:09 - [TEST_STEP][PASSED] - Statement - PreSaveFile = new java.io.File(((pathPrefix + java.lang.Integer.toString(counter)) + .png)): null

2018-12-13 13:12:09 - [TEST_STEP][PASSED] - Statement - counter = counter + 1: null

2018-12-13 13:12:09 - [TEST_STEP][PASSED] - Statement - PreSaveFile = new java.io.File(((pathPrefix + java.lang.Integer.toString(counter)) + .png)): null

2018-12-13 13:12:09 - [TEST_STEP][PASSED] - Statement - counter = counter + 1: null

2018-12-13 13:12:09 - [TEST_STEP][PASSED] - Statement - PreSaveFile = new java.io.File(((pathPrefix + java.lang.Integer.toString(counter)) + .png)): null

2018-12-13 13:12:09 - [TEST_STEP][PASSED] - Statement - counter = counter + 1: null

2018-12-13 13:12:09 - [TEST_STEP][PASSED] - Statement - PreSaveFile = new java.io.File(((pathPrefix + java.lang.Integer.toString(counter)) + .png)): null

2018-12-13 13:12:09 - [TEST_STEP][PASSED] - Statement - counter = counter + 1: null

2018-12-13 13:12:09 - [TEST_STEP][PASSED] - Statement - PreSaveFile = new java.io.File(((pathPrefix + java.lang.Integer.toString(counter)) + .png)): null

2018-12-13 13:12:09 - [TEST_STEP][PASSED] - Statement - counter = counter + 1: null

2018-12-13 13:12:09 - [TEST_STEP][PASSED] - Statement - PreSaveFile = new java.io.File(((pathPrefix + java.lang.Integer.toString(counter)) + .png)): null

2018-12-13 13:12:09 - [TEST_STEP][PASSED] - Statement - counter = counter + 1: null

2018-12-13 13:12:09 - [TEST_STEP][PASSED] - Statement - PreSaveFile = new java.io.File(((pathPrefix + java.lang.Integer.toString(counter)) + .png)): null

2018-12-13 13:12:09 - [TEST_STEP][PASSED] - Statement - counter = counter + 1: null

2018-12-13 13:12:09 - [TEST_STEP][PASSED] - Statement - PreSaveFile = new java.io.File(((pathPrefix + java.lang.Integer.toString(counter)) + .png)): null

2018-12-13 13:12:09 - [TEST_STEP][PASSED] - Statement - counter = counter + 1: null

2018-12-13 13:12:09 - [TEST_STEP][PASSED] - Statement - PreSaveFile = new java.io.File(((pathPrefix + java.lang.Integer.toString(counter)) + .png)): null

2018-12-13 13:12:09 - [TEST_STEP][PASSED] - Statement - counter = counter + 1: null

2018-12-13 13:12:09 - [TEST_STEP][PASSED] - Statement - PreSaveFile = new java.io.File(((pathPrefix + java.lang.Integer.toString(counter)) + .png)): null

2018-12-13 13:12:09 - [TEST_STEP][PASSED] - Statement - counter = counter + 1: null

2018-12-13 13:12:09 - [TEST_STEP][PASSED] - Statement - PreSaveFile = new java.io.File(((pathPrefix + java.lang.Integer.toString(counter)) + .png)): null

2018-12-13 13:12:09 - [TEST_STEP][PASSED] - Statement - counter = counter + 1: null

2018-12-13 13:12:09 - [TEST_STEP][PASSED] - Statement - PreSaveFile = new java.io.File(((pathPrefix + java.lang.Integer.toString(counter)) + .png)): null

2018-12-13 13:12:09 - [TEST_STEP][PASSED] - Statement - counter = counter + 1: null

2018-12-13 13:12:09 - [TEST_STEP][PASSED] - Statement - PreSaveFile = new java.io.File(((pathPrefix + java.lang.Integer.toString(counter)) + .png)): null

2018-12-13 13:12:09 - [TEST_STEP][PASSED] - Statement - counter = counter + 1: null

2018-12-13 13:12:09 - [TEST_STEP][PASSED] - Statement - PreSaveFile = new java.io.File(((pathPrefix + java.lang.Integer.toString(counter)) + .png)): null

2018-12-13 13:12:09 - [TEST_STEP][PASSED] - Statement - counter = counter + 1: null

2018-12-13 13:12:09 - [TEST_STEP][PASSED] - Statement - PreSaveFile = new java.io.File(((pathPrefix + java.lang.Integer.toString(counter)) + .png)): null

2018-12-13 13:12:09 - [TEST_STEP][PASSED] - Statement - counter = counter + 1: null

2018-12-13 13:12:09 - [TEST_STEP][PASSED] - Statement - PreSaveFile = new java.io.File(((pathPrefix + java.lang.Integer.toString(counter)) + .png)): null

2018-12-13 13:12:09 - [TEST_STEP][PASSED] - Statement - counter = counter + 1: null

2018-12-13 13:12:09 - [TEST_STEP][PASSED] - Statement - PreSaveFile = new java.io.File(((pathPrefix + java.lang.Integer.toString(counter)) + .png)): null

2018-12-13 13:12:09 - [TEST_STEP][PASSED] - Statement - counter = counter + 1: null

2018-12-13 13:12:09 - [TEST_STEP][PASSED] - Statement - PreSaveFile = new java.io.File(((pathPrefix + java.lang.Integer.toString(counter)) + .png)): null

2018-12-13 13:12:09 - [TEST_STEP][PASSED] - Statement - counter = counter + 1: null

2018-12-13 13:12:09 - [TEST_STEP][PASSED] - Statement - PreSaveFile = new java.io.File(((pathPrefix + java.lang.Integer.toString(counter)) + .png)): null

2018-12-13 13:12:09 - [TEST_STEP][PASSED] - Statement - counter = counter + 1: null

2018-12-13 13:12:09 - [TEST_STEP][PASSED] - Statement - PreSaveFile = new java.io.File(((pathPrefix + java.lang.Integer.toString(counter)) + .png)): null

2018-12-13 13:12:09 - [TEST_STEP][PASSED] - Statement - counter = counter + 1: null

2018-12-13 13:12:09 - [TEST_STEP][PASSED] - Statement - PreSaveFile = new java.io.File(((pathPrefix + java.lang.Integer.toString(counter)) + .png)): null

2018-12-13 13:12:09 - [TEST_STEP][PASSED] - Statement - counter = counter + 1: null

2018-12-13 13:12:09 - [TEST_STEP][PASSED] - Statement - PreSaveFile = new java.io.File(((pathPrefix + java.lang.Integer.toString(counter)) + .png)): null

2018-12-13 13:12:09 - [TEST_STEP][PASSED] - Statement - counter = counter + 1: null

2018-12-13 13:12:09 - [TEST_STEP][PASSED] - Statement - PreSaveFile = new java.io.File(((pathPrefix + java.lang.Integer.toString(counter)) + .png)): null

2018-12-13 13:12:09 - [TEST_STEP][PASSED] - Statement - counter = counter + 1: null

2018-12-13 13:12:09 - [TEST_STEP][PASSED] - Statement - PreSaveFile = new java.io.File(((pathPrefix + java.lang.Integer.toString(counter)) + .png)): null

2018-12-13 13:12:09 - [TEST_STEP][PASSED] - Statement - counter = counter + 1: null

2018-12-13 13:12:09 - [TEST_STEP][PASSED] - Statement - PreSaveFile = new java.io.File(((pathPrefix + java.lang.Integer.toString(counter)) + .png)): null

2018-12-13 13:12:09 - [TEST_STEP][PASSED] - Statement - counter = counter + 1: null

2018-12-13 13:12:09 - [TEST_STEP][PASSED] - Statement - PreSaveFile = new java.io.File(((pathPrefix + java.lang.Integer.toString(counter)) + .png)): null

2018-12-13 13:12:09 - [TEST_STEP][PASSED] - Statement - counter = counter + 1: null

2018-12-13 13:12:09 - [TEST_STEP][PASSED] - Statement - PreSaveFile = new java.io.File(((pathPrefix + java.lang.Integer.toString(counter)) + .png)): null

2018-12-13 13:12:09 - [TEST_STEP][PASSED] - Statement - counter = counter + 1: null

2018-12-13 13:12:09 - [TEST_STEP][PASSED] - Statement - PreSaveFile = new java.io.File(((pathPrefix + java.lang.Integer.toString(counter)) + .png)): null

2018-12-13 13:12:09 - [TEST_STEP][PASSED] - Statement - counter = counter + 1: null

2018-12-13 13:12:09 - [TEST_STEP][PASSED] - Statement - PreSaveFile = new java.io.File(((pathPrefix + java.lang.Integer.toString(counter)) + .png)): null

2018-12-13 13:12:09 - [TEST_STEP][PASSED] - Statement - counter = counter + 1: null

2018-12-13 13:12:09 - [TEST_STEP][PASSED] - Statement - PreSaveFile = new java.io.File(((pathPrefix + java.lang.Integer.toString(counter)) + .png)): null

2018-12-13 13:12:09 - [TEST_STEP][PASSED] - Statement - counter = counter + 1: null

2018-12-13 13:12:09 - [TEST_STEP][PASSED] - Statement - PreSaveFile = new java.io.File(((pathPrefix + java.lang.Integer.toString(counter)) + .png)): null

2018-12-13 13:12:09 - [TEST_STEP][PASSED] - Statement - counter = counter + 1: null

2018-12-13 13:12:09 - [TEST_STEP][PASSED] - Statement - PreSaveFile = new java.io.File(((pathPrefix + java.lang.Integer.toString(counter)) + .png)): null

2018-12-13 13:12:09 - [TEST_STEP][PASSED] - Statement - counter = counter + 1: null

2018-12-13 13:12:09 - [TEST_STEP][PASSED] - Statement - PreSaveFile = new java.io.File(((pathPrefix + java.lang.Integer.toString(counter)) + .png)): null

2018-12-13 13:12:09 - [TEST_STEP][PASSED] - Statement - counter = counter + 1: null

2018-12-13 13:12:09 - [TEST_STEP][PASSED] - Statement - PreSaveFile = new java.io.File(((pathPrefix + java.lang.Integer.toString(counter)) + .png)): null

2018-12-13 13:12:09 - [TEST_STEP][PASSED] - Statement - counter = counter + 1: null

2018-12-13 13:12:09 - [TEST_STEP][PASSED] - Statement - PreSaveFile = new java.io.File(((pathPrefix + java.lang.Integer.toString(counter)) + .png)): null

2018-12-13 13:12:09 - [TEST_STEP][PASSED] - Statement - counter = counter + 1: null

2018-12-13 13:12:09 - [TEST_STEP][PASSED] - Statement - PreSaveFile = new java.io.File(((pathPrefix + java.lang.Integer.toString(counter)) + .png)): null

2018-12-13 13:12:09 - [TEST_STEP][PASSED] - Statement - counter = counter + 1: null

2018-12-13 13:12:09 - [TEST_STEP][PASSED] - Statement - PreSaveFile = new java.io.File(((pathPrefix + java.lang.Integer.toString(counter)) + .png)): null

2018-12-13 13:12:09 - [TEST_STEP][PASSED] - Statement - counter = counter + 1: null

2018-12-13 13:12:09 - [TEST_STEP][PASSED] - Statement - PreSaveFile = new java.io.File(((pathPrefix + java.lang.Integer.toString(counter)) + .png)): null

2018-12-13 13:12:09 - [TEST_STEP][PASSED] - Statement - counter = counter + 1: null

2018-12-13 13:12:09 - [TEST_STEP][PASSED] - Statement - PreSaveFile = new java.io.File(((pathPrefix + java.lang.Integer.toString(counter)) + .png)): null

2018-12-13 13:12:09 - [TEST_STEP][PASSED] - Statement - counter = counter + 1: null

2018-12-13 13:12:09 - [TEST_STEP][PASSED] - Statement - PreSaveFile = new java.io.File(((pathPrefix + java.lang.Integer.toString(counter)) + .png)): null

2018-12-13 13:12:09 - [TEST_STEP][PASSED] - Statement - counter = counter + 1: null

2018-12-13 13:12:09 - [TEST_STEP][PASSED] - Statement - PreSaveFile = new java.io.File(((pathPrefix + java.lang.Integer.toString(counter)) + .png)): null

2018-12-13 13:12:09 - [TEST_STEP][PASSED] - Statement - counter = counter + 1: null

2018-12-13 13:12:09 - [TEST_STEP][PASSED] - Statement - PreSaveFile = new java.io.File(((pathPrefix + java.lang.Integer.toString(counter)) + .png)): null

2018-12-13 13:12:09 - [TEST_STEP][PASSED] - Statement - counter = counter + 1: null

2018-12-13 13:12:09 - [TEST_STEP][PASSED] - Statement - PreSaveFile = new java.io.File(((pathPrefix + java.lang.Integer.toString(counter)) + .png)): null

2018-12-13 13:12:09 - [TEST_STEP][PASSED] - Statement - counter = counter + 1: null

2018-12-13 13:12:09 - [TEST_STEP][PASSED] - Statement - PreSaveFile = new java.io.File(((pathPrefix + java.lang.Integer.toString(counter)) + .png)): null

2018-12-13 13:12:09 - [TEST_STEP][PASSED] - Statement - counter = counter + 1: null

2018-12-13 13:12:09 - [TEST_STEP][PASSED] - Statement - PreSaveFile = new java.io.File(((pathPrefix + java.lang.Integer.toString(counter)) + .png)): null

2018-12-13 13:12:09 - [TEST_STEP][PASSED] - Statement - counter = counter + 1: null

2018-12-13 13:12:09 - [TEST_STEP][PASSED] - Statement - PreSaveFile = new java.io.File(((pathPrefix + java.lang.Integer.toString(counter)) + .png)): null

2018-12-13 13:12:09 - [TEST_STEP][PASSED] - Statement - counter = counter + 1: null

2018-12-13 13:12:09 - [TEST_STEP][PASSED] - Statement - PreSaveFile = new java.io.File(((pathPrefix + java.lang.Integer.toString(counter)) + .png)): null

2018-12-13 13:12:09 - [TEST_STEP][PASSED] - Statement - counter = counter + 1: null

2018-12-13 13:12:09 - [TEST_STEP][PASSED] - Statement - PreSaveFile = new java.io.File(((pathPrefix + java.lang.Integer.toString(counter)) + .png)): null

2018-12-13 13:12:09 - [TEST_STEP][PASSED] - Statement - counter = counter + 1: null

2018-12-13 13:12:09 - [TEST_STEP][PASSED] - Statement - PreSaveFile = new java.io.File(((pathPrefix + java.lang.Integer.toString(counter)) + .png)): null

2018-12-13 13:12:09 - [TEST_STEP][PASSED] - Statement - counter = counter + 1: null

2018-12-13 13:12:09 - [TEST_STEP][PASSED] - Statement - PreSaveFile = new java.io.File(((pathPrefix + java.lang.Integer.toString(counter)) + .png)): null

2018-12-13 13:12:09 - [TEST_STEP][PASSED] - Statement - counter = counter + 1: null

2018-12-13 13:12:09 - [TEST_STEP][PASSED] - Statement - PreSaveFile = new java.io.File(((pathPrefix + java.lang.Integer.toString(counter)) + .png)): null

2018-12-13 13:12:09 - [TEST_STEP][PASSED] - Statement - counter = counter + 1: null

2018-12-13 13:12:09 - [TEST_STEP][PASSED] - Statement - PreSaveFile = new java.io.File(((pathPrefix + java.lang.Integer.toString(counter)) + .png)): null

2018-12-13 13:12:09 - [TEST_STEP][PASSED] - Statement - counter = counter + 1: null

2018-12-13 13:12:09 - [TEST_STEP][PASSED] - Statement - PreSaveFile = new java.io.File(((pathPrefix + java.lang.Integer.toString(counter)) + .png)): null

2018-12-13 13:12:09 - [TEST_STEP][PASSED] - Statement - counter = counter + 1: null

2018-12-13 13:12:09 - [TEST_STEP][PASSED] - Statement - PreSaveFile = new java.io.File(((pathPrefix + java.lang.Integer.toString(counter)) + .png)): null

2018-12-13 13:12:09 - [TEST_STEP][PASSED] - Statement - counter = counter + 1: null

2018-12-13 13:12:09 - [TEST_STEP][PASSED] - Statement - PreSaveFile = new java.io.File(((pathPrefix + java.lang.Integer.toString(counter)) + .png)): null

2018-12-13 13:12:09 - [TEST_STEP][PASSED] - Statement - counter = counter + 1: null

2018-12-13 13:12:10 - [TEST_STEP][PASSED] - Statement - PreSaveFile = new java.io.File(((pathPrefix + java.lang.Integer.toString(counter)) + .png)): null

2018-12-13 13:12:10 - [TEST_STEP][PASSED] - Statement - counter = counter + 1: null

2018-12-13 13:12:10 - [TEST_STEP][PASSED] - Statement - PreSaveFile = new java.io.File(((pathPrefix + java.lang.Integer.toString(counter)) + .png)): null

2018-12-13 13:12:10 - [TEST_STEP][PASSED] - Statement - counter = counter + 1: null

2018-12-13 13:12:10 - [TEST_STEP][PASSED] - Statement - PreSaveFile = new java.io.File(((pathPrefix + java.lang.Integer.toString(counter)) + .png)): null

2018-12-13 13:12:10 - [TEST_STEP][PASSED] - Statement - counter = counter + 1: null

2018-12-13 13:12:10 - [TEST_STEP][PASSED] - Statement - PreSaveFile = new java.io.File(((pathPrefix + java.lang.Integer.toString(counter)) + .png)): null

2018-12-13 13:12:10 - [TEST_STEP][PASSED] - Statement - counter = counter + 1: null

2018-12-13 13:12:10 - [TEST_STEP][PASSED] - Statement - PreSaveFile = new java.io.File(((pathPrefix + java.lang.Integer.toString(counter)) + .png)): null

2018-12-13 13:12:10 - [TEST_STEP][PASSED] - Statement - counter = counter + 1: null

2018-12-13 13:12:10 - [TEST_STEP][PASSED] - Statement - PreSaveFile = new java.io.File(((pathPrefix + java.lang.Integer.toString(counter)) + .png)): null

2018-12-13 13:12:10 - [TEST_STEP][PASSED] - Statement - counter = counter + 1: null

2018-12-13 13:12:10 - [TEST_STEP][PASSED] - Statement - PreSaveFile = new java.io.File(((pathPrefix + java.lang.Integer.toString(counter)) + .png)): null

2018-12-13 13:12:10 - [TEST_STEP][PASSED] - Statement - counter = counter + 1: null

2018-12-13 13:12:10 - [TEST_STEP][PASSED] - Statement - PreSaveFile = new java.io.File(((pathPrefix + java.lang.Integer.toString(counter)) + .png)): null

2018-12-13 13:12:10 - [TEST_STEP][PASSED] - Statement - counter = counter + 1: null

2018-12-13 13:12:10 - [TEST_STEP][PASSED] - Statement - PreSaveFile = new java.io.File(((pathPrefix + java.lang.Integer.toString(counter)) + .png)): null

2018-12-13 13:12:10 - [TEST_STEP][PASSED] - Statement - counter = counter + 1: null

2018-12-13 13:12:10 - [TEST_STEP][PASSED] - Statement - PreSaveFile = new java.io.File(((pathPrefix + java.lang.Integer.toString(counter)) + .png)): null

2018-12-13 13:12:10 - [TEST_STEP][PASSED] - Statement - counter = counter + 1: null

2018-12-13 13:12:10 - [TEST_STEP][PASSED] - Statement - PreSaveFile = new java.io.File(((pathPrefix + java.lang.Integer.toString(counter)) + .png)): null

2018-12-13 13:12:10 - [TEST_STEP][PASSED] - Statement - counter = counter + 1: null

2018-12-13 13:12:10 - [TEST_STEP][PASSED] - Statement - PreSaveFile = new java.io.File(((pathPrefix + java.lang.Integer.toString(counter)) + .png)): null

2018-12-13 13:12:10 - [TEST_STEP][PASSED] - Statement - counter = counter + 1: null

2018-12-13 13:12:10 - [TEST_STEP][PASSED] - Statement - PreSaveFile = new java.io.File(((pathPrefix + java.lang.Integer.toString(counter)) + .png)): null

2018-12-13 13:12:10 - [TEST_STEP][PASSED] - Statement - counter = counter + 1: null

2018-12-13 13:12:10 - [TEST_STEP][PASSED] - Statement - PreSaveFile = new java.io.File(((pathPrefix + java.lang.Integer.toString(counter)) + .png)): null

2018-12-13 13:12:10 - [TEST_STEP][PASSED] - Statement - counter = counter + 1: null

2018-12-13 13:12:10 - [TEST_STEP][PASSED] - Statement - PreSaveFile = new java.io.File(((pathPrefix + java.lang.Integer.toString(counter)) + .png)): null

2018-12-13 13:12:10 - [TEST_STEP][PASSED] - Statement - counter = counter + 1: null

2018-12-13 13:12:10 - [TEST_STEP][PASSED] - Statement - PreSaveFile = new java.io.File(((pathPrefix + java.lang.Integer.toString(counter)) + .png)): null

2018-12-13 13:12:10 - [TEST_STEP][PASSED] - Statement - counter = counter + 1: null

2018-12-13 13:12:10 - [TEST_STEP][PASSED] - Statement - PreSaveFile = new java.io.File(((pathPrefix + java.lang.Integer.toString(counter)) + .png)): null

2018-12-13 13:12:10 - [TEST_STEP][PASSED] - Statement - counter = counter + 1: null

2018-12-13 13:12:10 - [TEST_STEP][PASSED] - Statement - PreSaveFile = new java.io.File(((pathPrefix + java.lang.Integer.toString(counter)) + .png)): null

2018-12-13 13:12:10 - [TEST_STEP][PASSED] - Statement - counter = counter + 1: null

2018-12-13 13:12:10 - [TEST_STEP][PASSED] - Statement - PreSaveFile = new java.io.File(((pathPrefix + java.lang.Integer.toString(counter)) + .png)): null

2018-12-13 13:12:10 - [TEST_STEP][PASSED] - Statement - counter = counter + 1: null

2018-12-13 13:12:10 - [TEST_STEP][PASSED] - Statement - PreSaveFile = new java.io.File(((pathPrefix + java.lang.Integer.toString(counter)) + .png)): null

2018-12-13 13:12:10 - [TEST_STEP][PASSED] - Statement - counter = counter + 1: null

2018-12-13 13:12:10 - [TEST_STEP][PASSED] - Statement - PreSaveFile = new java.io.File(((pathPrefix + java.lang.Integer.toString(counter)) + .png)): null

2018-12-13 13:12:10 - [TEST_STEP][PASSED] - Statement - counter = counter + 1: null

2018-12-13 13:12:10 - [TEST_STEP][PASSED] - Statement - PreSaveFile = new java.io.File(((pathPrefix + java.lang.Integer.toString(counter)) + .png)): null

2018-12-13 13:12:10 - [TEST_STEP][PASSED] - Statement - counter = counter + 1: null

2018-12-13 13:12:10 - [TEST_STEP][PASSED] - Statement - PreSaveFile = new java.io.File(((pathPrefix + java.lang.Integer.toString(counter)) + .png)): null

2018-12-13 13:12:10 - [TEST_STEP][PASSED] - Statement - counter = counter + 1: null

2018-12-13 13:12:10 - [TEST_STEP][PASSED] - Statement - PreSaveFile = new java.io.File(((pathPrefix + java.lang.Integer.toString(counter)) + .png)): null

2018-12-13 13:12:10 - [TEST_STEP][PASSED] - Statement - counter = counter + 1: null

2018-12-13 13:12:10 - [TEST_STEP][PASSED] - Statement - PreSaveFile = new java.io.File(((pathPrefix + java.lang.Integer.toString(counter)) + .png)): null

2018-12-13 13:12:10 - [TEST_STEP][PASSED] - Statement - counter = counter + 1: null

2018-12-13 13:12:10 - [TEST_STEP][PASSED] - Statement - PreSaveFile = new java.io.File(((pathPrefix + java.lang.Integer.toString(counter)) + .png)): null

2018-12-13 13:12:10 - [TEST_STEP][PASSED] - Statement - counter = counter + 1: null

2018-12-13 13:12:10 - [TEST_STEP][PASSED] - Statement - PreSaveFile = new java.io.File(((pathPrefix + java.lang.Integer.toString(counter)) + .png)): null

2018-12-13 13:12:10 - [TEST_STEP][PASSED] - Statement - counter = counter + 1: null

2018-12-13 13:12:10 - [TEST_STEP][PASSED] - Statement - PreSaveFile = new java.io.File(((pathPrefix + java.lang.Integer.toString(counter)) + .png)): null

2018-12-13 13:12:10 - [TEST_STEP][PASSED] - Statement - counter = counter + 1: null

2018-12-13 13:12:10 - [TEST_STEP][PASSED] - Statement - PreSaveFile = new java.io.File(((pathPrefix + java.lang.Integer.toString(counter)) + .png)): null

2018-12-13 13:12:10 - [TEST_STEP][PASSED] - Statement - counter = counter + 1: null

2018-12-13 13:12:10 - [TEST_STEP][PASSED] - Statement - PreSaveFile = new java.io.File(((pathPrefix + java.lang.Integer.toString(counter)) + .png)): null

2018-12-13 13:12:10 - [TEST_STEP][PASSED] - Statement - counter = counter + 1: null

2018-12-13 13:12:10 - [TEST_STEP][PASSED] - Statement - PreSaveFile = new java.io.File(((pathPrefix + java.lang.Integer.toString(counter)) + .png)): null

2018-12-13 13:12:10 - [TEST_STEP][PASSED] - Statement - counter = counter + 1: null

2018-12-13 13:12:10 - [TEST_STEP][PASSED] - Statement - PreSaveFile = new java.io.File(((pathPrefix + java.lang.Integer.toString(counter)) + .png)): null

2018-12-13 13:12:10 - [TEST_STEP][PASSED] - Statement - counter = counter + 1: null

2018-12-13 13:12:10 - [TEST_STEP][PASSED] - Statement - PreSaveFile = new java.io.File(((pathPrefix + java.lang.Integer.toString(counter)) + .png)): null

2018-12-13 13:12:10 - [TEST_STEP][PASSED] - Statement - counter = counter + 1: null

2018-12-13 13:12:10 - [TEST_STEP][PASSED] - Statement - PreSaveFile = new java.io.File(((pathPrefix + java.lang.Integer.toString(counter)) + .png)): null

2018-12-13 13:12:10 - [TEST_STEP][PASSED] - Statement - counter = counter + 1: null

2018-12-13 13:12:10 - [TEST_STEP][PASSED] - Statement - PreSaveFile = new java.io.File(((pathPrefix + java.lang.Integer.toString(counter)) + .png)): null

2018-12-13 13:12:10 - [TEST_STEP][PASSED] - Statement - counter = counter + 1: null

2018-12-13 13:12:10 - [TEST_STEP][PASSED] - Statement - PreSaveFile = new java.io.File(((pathPrefix + java.lang.Integer.toString(counter)) + .png)): null

2018-12-13 13:12:10 - [TEST_STEP][PASSED] - Statement - counter = counter + 1: null

2018-12-13 13:12:10 - [TEST_STEP][PASSED] - Statement - PreSaveFile = new java.io.File(((pathPrefix + java.lang.Integer.toString(counter)) + .png)): null

2018-12-13 13:12:10 - [TEST_STEP][PASSED] - Statement - counter = counter + 1: null

2018-12-13 13:12:10 - [TEST_STEP][PASSED] - Statement - PreSaveFile = new java.io.File(((pathPrefix + java.lang.Integer.toString(counter)) + .png)): null

2018-12-13 13:12:10 - [TEST_STEP][PASSED] - Statement - counter = counter + 1: null

2018-12-13 13:12:10 - [TEST_STEP][PASSED] - Statement - PreSaveFile = new java.io.File(((pathPrefix + java.lang.Integer.toString(counter)) + .png)): null

2018-12-13 13:12:10 - [TEST_STEP][PASSED] - Statement - counter = counter + 1: null

2018-12-13 13:12:10 - [TEST_STEP][PASSED] - Statement - PreSaveFile = new java.io.File(((pathPrefix + java.lang.Integer.toString(counter)) + .png)): null

2018-12-13 13:12:10 - [TEST_STEP][PASSED] - Statement - counter = counter + 1: null

2018-12-13 13:12:10 - [TEST_STEP][PASSED] - Statement - PreSaveFile = new java.io.File(((pathPrefix + java.lang.Integer.toString(counter)) + .png)): null

2018-12-13 13:12:10 - [TEST_STEP][PASSED] - Statement - counter = counter + 1: null

2018-12-13 13:12:10 - [TEST_STEP][PASSED] - Statement - PreSaveFile = new java.io.File(((pathPrefix + java.lang.Integer.toString(counter)) + .png)): null

2018-12-13 13:12:10 - [TEST_STEP][PASSED] - Statement - counter = counter + 1: null

2018-12-13 13:12:10 - [TEST_STEP][PASSED] - Statement - PreSaveFile = new java.io.File(((pathPrefix + java.lang.Integer.toString(counter)) + .png)): null

2018-12-13 13:12:10 - [TEST_STEP][PASSED] - Statement - counter = counter + 1: null

2018-12-13 13:12:10 - [TEST_STEP][PASSED] - Statement - PreSaveFile = new java.io.File(((pathPrefix + java.lang.Integer.toString(counter)) + .png)): null

2018-12-13 13:12:10 - [TEST_STEP][PASSED] - Statement - counter = counter + 1: null

2018-12-13 13:12:10 - [TEST_STEP][PASSED] - Statement - PreSaveFile = new java.io.File(((pathPrefix + java.lang.Integer.toString(counter)) + .png)): null

2018-12-13 13:12:10 - [TEST_STEP][PASSED] - Statement - counter = counter + 1: null

2018-12-13 13:12:10 - [TEST_STEP][PASSED] - Statement - PreSaveFile = new java.io.File(((pathPrefix + java.lang.Integer.toString(counter)) + .png)): null

2018-12-13 13:12:10 - [TEST_STEP][PASSED] - Statement - counter = counter + 1: null

2018-12-13 13:12:10 - [TEST_STEP][PASSED] - Statement - PreSaveFile = new java.io.File(((pathPrefix + java.lang.Integer.toString(counter)) + .png)): null

2018-12-13 13:12:10 - [TEST_STEP][PASSED] - Statement - counter = counter + 1: null

2018-12-13 13:12:10 - [TEST_STEP][PASSED] - Statement - PreSaveFile = new java.io.File(((pathPrefix + java.lang.Integer.toString(counter)) + .png)): null

2018-12-13 13:12:10 - [TEST_STEP][PASSED] - Statement - counter = counter + 1: null

2018-12-13 13:12:10 - [TEST_STEP][PASSED] - Statement - PreSaveFile = new java.io.File(((pathPrefix + java.lang.Integer.toString(counter)) + .png)): null

2018-12-13 13:12:10 - [TEST_STEP][PASSED] - Statement - counter = counter + 1: null

2018-12-13 13:12:10 - [TEST_STEP][PASSED] - Statement - PreSaveFile = new java.io.File(((pathPrefix + java.lang.Integer.toString(counter)) + .png)): null

2018-12-13 13:12:10 - [TEST_STEP][PASSED] - Statement - counter = counter + 1: null

2018-12-13 13:12:10 - [TEST_STEP][PASSED] - Statement - PreSaveFile = new java.io.File(((pathPrefix + java.lang.Integer.toString(counter)) + .png)): null

2018-12-13 13:12:10 - [TEST_STEP][PASSED] - Statement - counter = counter + 1: null

2018-12-13 13:12:10 - [TEST_STEP][PASSED] - Statement - PreSaveFile = new java.io.File(((pathPrefix + java.lang.Integer.toString(counter)) + .png)): null

2018-12-13 13:12:10 - [TEST_STEP][PASSED] - Statement - counter = counter + 1: null

2018-12-13 13:12:10 - [TEST_STEP][PASSED] - Statement - PreSaveFile = new java.io.File(((pathPrefix + java.lang.Integer.toString(counter)) + .png)): null

2018-12-13 13:12:10 - [TEST_STEP][PASSED] - Statement - counter = counter + 1: null

2018-12-13 13:12:10 - [TEST_STEP][PASSED] - Statement - PreSaveFile = new java.io.File(((pathPrefix + java.lang.Integer.toString(counter)) + .png)): null

2018-12-13 13:12:10 - [TEST_STEP][PASSED] - Statement - counter = counter + 1: null

2018-12-13 13:12:10 - [TEST_STEP][PASSED] - Statement - PreSaveFile = new java.io.File(((pathPrefix + java.lang.Integer.toString(counter)) + .png)): null

2018-12-13 13:12:10 - [TEST_STEP][PASSED] - Statement - counter = counter + 1: null

2018-12-13 13:12:10 - [TEST_STEP][PASSED] - Statement - PreSaveFile = new java.io.File(((pathPrefix + java.lang.Integer.toString(counter)) + .png)): null

2018-12-13 13:12:10 - [TEST_STEP][PASSED] - Statement - counter = counter + 1: null

2018-12-13 13:12:10 - [TEST_STEP][PASSED] - Statement - PreSaveFile = new java.io.File(((pathPrefix + java.lang.Integer.toString(counter)) + .png)): null

2018-12-13 13:12:10 - [TEST_STEP][PASSED] - Statement - counter = counter + 1: null

2018-12-13 13:12:10 - [TEST_STEP][PASSED] - Statement - PreSaveFile = new java.io.File(((pathPrefix + java.lang.Integer.toString(counter)) + .png)): null

2018-12-13 13:12:10 - [TEST_STEP][PASSED] - Statement - counter = counter + 1: null

2018-12-13 13:12:10 - [TEST_STEP][PASSED] - Statement - PreSaveFile = new java.io.File(((pathPrefix + java.lang.Integer.toString(counter)) + .png)): null

2018-12-13 13:12:10 - [TEST_STEP][PASSED] - Statement - counter = counter + 1: null

2018-12-13 13:12:10 - [TEST_STEP][PASSED] - Statement - PreSaveFile = new java.io.File(((pathPrefix + java.lang.Integer.toString(counter)) + .png)): null

2018-12-13 13:12:10 - [TEST_STEP][PASSED] - Statement - counter = counter + 1: null

2018-12-13 13:12:10 - [TEST_STEP][PASSED] - Statement - PreSaveFile = new java.io.File(((pathPrefix + java.lang.Integer.toString(counter)) + .png)): null

2018-12-13 13:12:10 - [TEST_STEP][PASSED] - Statement - counter = counter + 1: null

2018-12-13 13:12:10 - [TEST_STEP][PASSED] - Statement - PreSaveFile = new java.io.File(((pathPrefix + java.lang.Integer.toString(counter)) + .png)): null

2018-12-13 13:12:10 - [TEST_STEP][PASSED] - Statement - counter = counter + 1: null

2018-12-13 13:12:10 - [TEST_STEP][PASSED] - Statement - PreSaveFile = new java.io.File(((pathPrefix + java.lang.Integer.toString(counter)) + .png)): null

2018-12-13 13:12:10 - [TEST_STEP][PASSED] - Statement - counter = counter + 1: null

2018-12-13 13:12:10 - [TEST_STEP][PASSED] - Statement - PreSaveFile = new java.io.File(((pathPrefix + java.lang.Integer.toString(counter)) + .png)): null

2018-12-13 13:12:10 - [TEST_STEP][PASSED] - Statement - counter = counter + 1: null

2018-12-13 13:12:10 - [TEST_STEP][PASSED] - Statement - PreSaveFile = new java.io.File(((pathPrefix + java.lang.Integer.toString(counter)) + .png)): null

2018-12-13 13:12:10 - [TEST_STEP][PASSED] - Statement - counter = counter + 1: null

2018-12-13 13:12:10 - [TEST_STEP][PASSED] - Statement - PreSaveFile = new java.io.File(((pathPrefix + java.lang.Integer.toString(counter)) + .png)): null

2018-12-13 13:12:10 - [TEST_STEP][PASSED] - Statement - counter = counter + 1: null

2018-12-13 13:12:10 - [TEST_STEP][PASSED] - Statement - PreSaveFile = new java.io.File(((pathPrefix + java.lang.Integer.toString(counter)) + .png)): null

2018-12-13 13:12:10 - [TEST_STEP][PASSED] - Statement - counter = counter + 1: null

2018-12-13 13:12:10 - [TEST_STEP][PASSED] - Statement - PreSaveFile = new java.io.File(((pathPrefix + java.lang.Integer.toString(counter)) + .png)): null

2018-12-13 13:12:10 - [TEST_STEP][PASSED] - Statement - counter = counter + 1: null

2018-12-13 13:12:10 - [TEST_STEP][PASSED] - Statement - PreSaveFile = new java.io.File(((pathPrefix + java.lang.Integer.toString(counter)) + .png)): null

2018-12-13 13:12:10 - [TEST_STEP][PASSED] - Statement - counter = counter + 1: null

2018-12-13 13:12:10 - [TEST_STEP][PASSED] - Statement - PreSaveFile = new java.io.File(((pathPrefix + java.lang.Integer.toString(counter)) + .png)): null

2018-12-13 13:12:10 - [TEST_STEP][PASSED] - Statement - counter = counter + 1: null

2018-12-13 13:12:10 - [TEST_STEP][PASSED] - Statement - PreSaveFile = new java.io.File(((pathPrefix + java.lang.Integer.toString(counter)) + .png)): null

2018-12-13 13:12:10 - [TEST_STEP][PASSED] - Statement - counter = counter + 1: null

2018-12-13 13:12:10 - [TEST_STEP][PASSED] - Statement - PreSaveFile = new java.io.File(((pathPrefix + java.lang.Integer.toString(counter)) + .png)): null

2018-12-13 13:12:10 - [TEST_STEP][PASSED] - Statement - counter = counter + 1: null

2018-12-13 13:12:10 - [TEST_STEP][PASSED] - Statement - PreSaveFile = new java.io.File(((pathPrefix + java.lang.Integer.toString(counter)) + .png)): null

2018-12-13 13:12:10 - [TEST_STEP][PASSED] - Statement - counter = counter + 1: null

2018-12-13 13:12:10 - [TEST_STEP][PASSED] - Statement - PreSaveFile = new java.io.File(((pathPrefix + java.lang.Integer.toString(counter)) + .png)): null

2018-12-13 13:12:10 - [TEST_STEP][PASSED] - Statement - counter = counter + 1: null

2018-12-13 13:12:10 - [TEST_STEP][PASSED] - Statement - PreSaveFile = new java.io.File(((pathPrefix + java.lang.Integer.toString(counter)) + .png)): null

2018-12-13 13:12:10 - [TEST_STEP][PASSED] - Statement - counter = counter + 1: null

2018-12-13 13:12:10 - [TEST_STEP][PASSED] - Statement - PreSaveFile = new java.io.File(((pathPrefix + java.lang.Integer.toString(counter)) + .png)): null

2018-12-13 13:12:10 - [TEST_STEP][PASSED] - Statement - counter = counter + 1: null

2018-12-13 13:12:10 - [TEST_STEP][PASSED] - Statement - PreSaveFile = new java.io.File(((pathPrefix + java.lang.Integer.toString(counter)) + .png)): null

2018-12-13 13:12:10 - [TEST_STEP][PASSED] - Statement - counter = counter + 1: null

2018-12-13 13:12:10 - [TEST_STEP][PASSED] - Statement - PreSaveFile = new java.io.File(((pathPrefix + java.lang.Integer.toString(counter)) + .png)): null

2018-12-13 13:12:10 - [TEST_STEP][PASSED] - Statement - counter = counter + 1: null

2018-12-13 13:12:10 - [TEST_STEP][PASSED] - Statement - PreSaveFile = new java.io.File(((pathPrefix + java.lang.Integer.toString(counter)) + .png)): null

2018-12-13 13:12:10 - [TEST_STEP][PASSED] - Statement - counter = counter + 1: null

2018-12-13 13:12:10 - [TEST_STEP][PASSED] - Statement - PreSaveFile = new java.io.File(((pathPrefix + java.lang.Integer.toString(counter)) + .png)): null

2018-12-13 13:12:10 - [TEST_STEP][PASSED] - Statement - counter = counter + 1: null

2018-12-13 13:12:10 - [TEST_STEP][PASSED] - Statement - PreSaveFile = new java.io.File(((pathPrefix + java.lang.Integer.toString(counter)) + .png)): null

2018-12-13 13:12:10 - [TEST_STEP][PASSED] - Statement - counter = counter + 1: null

2018-12-13 13:12:10 - [TEST_STEP][PASSED] - Statement - PreSaveFile = new java.io.File(((pathPrefix + java.lang.Integer.toString(counter)) + .png)): null

2018-12-13 13:12:10 - [TEST_STEP][PASSED] - Statement - counter = counter + 1: null

2018-12-13 13:12:10 - [TEST_STEP][PASSED] - Statement - PreSaveFile = new java.io.File(((pathPrefix + java.lang.Integer.toString(counter)) + .png)): null

2018-12-13 13:12:10 - [TEST_STEP][PASSED] - Statement - counter = counter + 1: null

2018-12-13 13:12:10 - [TEST_STEP][PASSED] - Statement - PreSaveFile = new java.io.File(((pathPrefix + java.lang.Integer.toString(counter)) + .png)): null

2018-12-13 13:12:10 - [TEST_STEP][PASSED] - Statement - counter = counter + 1: null

2018-12-13 13:12:10 - [TEST_STEP][PASSED] - Statement - PreSaveFile = new java.io.File(((pathPrefix + java.lang.Integer.toString(counter)) + .png)): null

2018-12-13 13:12:10 - [TEST_STEP][PASSED] - Statement - counter = counter + 1: null

2018-12-13 13:12:10 - [TEST_STEP][PASSED] - Statement - PreSaveFile = new java.io.File(((pathPrefix + java.lang.Integer.toString(counter)) + .png)): null

2018-12-13 13:12:10 - [TEST_STEP][PASSED] - Statement - counter = counter + 1: null

2018-12-13 13:12:10 - [TEST_STEP][PASSED] - Statement - PreSaveFile = new java.io.File(((pathPrefix + java.lang.Integer.toString(counter)) + .png)): null

2018-12-13 13:12:10 - [TEST_STEP][PASSED] - Statement - counter = counter + 1: null

2018-12-13 13:12:10 - [TEST_STEP][PASSED] - Statement - PreSaveFile = new java.io.File(((pathPrefix + java.lang.Integer.toString(counter)) + .png)): null

2018-12-13 13:12:10 - [TEST_STEP][PASSED] - Statement - counter = counter + 1: null

2018-12-13 13:12:10 - [TEST_STEP][PASSED] - Statement - PreSaveFile = new java.io.File(((pathPrefix + java.lang.Integer.toString(counter)) + .png)): null

2018-12-13 13:12:10 - [TEST_STEP][PASSED] - Statement - counter = counter + 1: null

2018-12-13 13:12:10 - [TEST_STEP][PASSED] - Statement - PreSaveFile = new java.io.File(((pathPrefix + java.lang.Integer.toString(counter)) + .png)): null

2018-12-13 13:12:10 - [TEST_STEP][PASSED] - Statement - counter = counter + 1: null

2018-12-13 13:12:10 - [TEST_STEP][PASSED] - Statement - PreSaveFile = new java.io.File(((pathPrefix + java.lang.Integer.toString(counter)) + .png)): null

2018-12-13 13:12:10 - [TEST_STEP][PASSED] - Statement - counter = counter + 1: null

2018-12-13 13:12:10 - [TEST_STEP][PASSED] - Statement - PreSaveFile = new java.io.File(((pathPrefix + java.lang.Integer.toString(counter)) + .png)): null

2018-12-13 13:12:10 - [TEST_STEP][PASSED] - Statement - counter = counter + 1: null

2018-12-13 13:12:10 - [TEST_STEP][PASSED] - Statement - PreSaveFile = new java.io.File(((pathPrefix + java.lang.Integer.toString(counter)) + .png)): null

2018-12-13 13:12:10 - [TEST_STEP][PASSED] - Statement - counter = counter + 1: null

2018-12-13 13:12:10 - [TEST_STEP][PASSED] - Statement - PreSaveFile = new java.io.File(((pathPrefix + java.lang.Integer.toString(counter)) + .png)): null

2018-12-13 13:12:10 - [TEST_STEP][PASSED] - Statement - counter = counter + 1: null

2018-12-13 13:12:10 - [TEST_STEP][PASSED] - Statement - PreSaveFile = new java.io.File(((pathPrefix + java.lang.Integer.toString(counter)) + .png)): null

2018-12-13 13:12:10 - [TEST_STEP][PASSED] - Statement - counter = counter + 1: null

2018-12-13 13:12:10 - [TEST_STEP][PASSED] - Statement - PreSaveFile = new java.io.File(((pathPrefix + java.lang.Integer.toString(counter)) + .png)): null

2018-12-13 13:12:10 - [TEST_STEP][PASSED] - Statement - counter = counter + 1: null

2018-12-13 13:12:10 - [TEST_STEP][PASSED] - Statement - PreSaveFile = new java.io.File(((pathPrefix + java.lang.Integer.toString(counter)) + .png)): null

2018-12-13 13:12:10 - [TEST_STEP][PASSED] - Statement - counter = counter + 1: null

2018-12-13 13:12:10 - [TEST_STEP][PASSED] - Statement - PreSaveFile = new java.io.File(((pathPrefix + java.lang.Integer.toString(counter)) + .png)): null

2018-12-13 13:12:10 - [TEST_STEP][PASSED] - Statement - counter = counter + 1: null

2018-12-13 13:12:10 - [TEST_STEP][PASSED] - Statement - PreSaveFile = new java.io.File(((pathPrefix + java.lang.Integer.toString(counter)) + .png)): null

2018-12-13 13:12:10 - [TEST_STEP][PASSED] - Statement - counter = counter + 1: null

2018-12-13 13:12:10 - [TEST_STEP][PASSED] - Statement - PreSaveFile = new java.io.File(((pathPrefix + java.lang.Integer.toString(counter)) + .png)): null

2018-12-13 13:12:10 - [TEST_STEP][PASSED] - Statement - counter = counter + 1: null

2018-12-13 13:12:10 - [TEST_STEP][PASSED] - Statement - PreSaveFile = new java.io.File(((pathPrefix + java.lang.Integer.toString(counter)) + .png)): null

2018-12-13 13:12:10 - [TEST_STEP][PASSED] - Statement - counter = counter + 1: null

2018-12-13 13:12:10 - [TEST_STEP][PASSED] - Statement - PreSaveFile = new java.io.File(((pathPrefix + java.lang.Integer.toString(counter)) + .png)): null

2018-12-13 13:12:10 - [TEST_STEP][PASSED] - Statement - counter = counter + 1: null

2018-12-13 13:12:10 - [TEST_STEP][PASSED] - Statement - PreSaveFile = new java.io.File(((pathPrefix + java.lang.Integer.toString(counter)) + .png)): null

2018-12-13 13:12:10 - [TEST_STEP][PASSED] - Statement - counter = counter + 1: null

2018-12-13 13:12:10 - [TEST_STEP][PASSED] - Statement - PreSaveFile = new java.io.File(((pathPrefix + java.lang.Integer.toString(counter)) + .png)): null

2018-12-13 13:12:10 - [TEST_STEP][PASSED] - Statement - counter = counter + 1: null

2018-12-13 13:12:10 - [TEST_STEP][PASSED] - Statement - PreSaveFile = new java.io.File(((pathPrefix + java.lang.Integer.toString(counter)) + .png)): null

2018-12-13 13:12:10 - [TEST_STEP][PASSED] - Statement - counter = counter + 1: null

2018-12-13 13:12:10 - [TEST_STEP][PASSED] - Statement - PreSaveFile = new java.io.File(((pathPrefix + java.lang.Integer.toString(counter)) + .png)): null

2018-12-13 13:12:10 - [TEST_STEP][PASSED] - Statement - counter = counter + 1: null

2018-12-13 13:12:10 - [TEST_STEP][PASSED] - Statement - PreSaveFile = new java.io.File(((pathPrefix + java.lang.Integer.toString(counter)) + .png)): null

2018-12-13 13:12:10 - [TEST_STEP][PASSED] - Statement - counter = counter + 1: null

2018-12-13 13:12:10 - [TEST_STEP][PASSED] - Statement - PreSaveFile = new java.io.File(((pathPrefix + java.lang.Integer.toString(counter)) + .png)): null

2018-12-13 13:12:10 - [TEST_STEP][PASSED] - Statement - counter = counter + 1: null

2018-12-13 13:12:10 - [TEST_STEP][PASSED] - Statement - PreSaveFile = new java.io.File(((pathPrefix + java.lang.Integer.toString(counter)) + .png)): null

2018-12-13 13:12:10 - [TEST_STEP][PASSED] - Statement - counter = counter + 1: null

2018-12-13 13:12:10 - [TEST_STEP][PASSED] - Statement - PreSaveFile = new java.io.File(((pathPrefix + java.lang.Integer.toString(counter)) + .png)): null

2018-12-13 13:12:10 - [TEST_STEP][PASSED] - Statement - counter = counter + 1: null

2018-12-13 13:12:10 - [TEST_STEP][PASSED] - Statement - PreSaveFile = new java.io.File(((pathPrefix + java.lang.Integer.toString(counter)) + .png)): null

2018-12-13 13:12:10 - [TEST_STEP][PASSED] - Statement - counter = counter + 1: null

2018-12-13 13:12:10 - [TEST_STEP][PASSED] - Statement - PreSaveFile = new java.io.File(((pathPrefix + java.lang.Integer.toString(counter)) + .png)): null

2018-12-13 13:12:10 - [TEST_STEP][PASSED] - Statement - counter = counter + 1: null

2018-12-13 13:12:10 - [TEST_STEP][PASSED] - Statement - PreSaveFile = new java.io.File(((pathPrefix + java.lang.Integer.toString(counter)) + .png)): null

2018-12-13 13:12:10 - [TEST_STEP][PASSED] - Statement - counter = counter + 1: null

2018-12-13 13:12:10 - [TEST_STEP][PASSED] - Statement - PreSaveFile = new java.io.File(((pathPrefix + java.lang.Integer.toString(counter)) + .png)): null

2018-12-13 13:12:10 - [TEST_STEP][PASSED] - Statement - counter = counter + 1: null

2018-12-13 13:12:10 - [TEST_STEP][PASSED] - Statement - PreSaveFile = new java.io.File(((pathPrefix + java.lang.Integer.toString(counter)) + .png)): null

2018-12-13 13:12:10 - [TEST_STEP][PASSED] - Statement - counter = counter + 1: null

2018-12-13 13:12:10 - [TEST_STEP][PASSED] - Statement - PreSaveFile = new java.io.File(((pathPrefix + java.lang.Integer.toString(counter)) + .png)): null

2018-12-13 13:12:10 - [TEST_STEP][PASSED] - Statement - counter = counter + 1: null

2018-12-13 13:12:10 - [TEST_STEP][PASSED] - Statement - PreSaveFile = new java.io.File(((pathPrefix + java.lang.Integer.toString(counter)) + .png)): null

2018-12-13 13:12:10 - [TEST_STEP][PASSED] - Statement - counter = counter + 1: null

2018-12-13 13:12:10 - [TEST_STEP][PASSED] - Statement - PreSaveFile = new java.io.File(((pathPrefix + java.lang.Integer.toString(counter)) + .png)): null

2018-12-13 13:12:10 - [TEST_STEP][PASSED] - Statement - counter = counter + 1: null

2018-12-13 13:12:10 - [TEST_STEP][PASSED] - Statement - PreSaveFile = new java.io.File(((pathPrefix + java.lang.Integer.toString(counter)) + .png)): null

2018-12-13 13:12:10 - [TEST_STEP][PASSED] - Statement - counter = counter + 1: null

2018-12-13 13:12:10 - [TEST_STEP][PASSED] - Statement - PreSaveFile = new java.io.File(((pathPrefix + java.lang.Integer.toString(counter)) + .png)): null

2018-12-13 13:12:10 - [TEST_STEP][PASSED] - Statement - counter = counter + 1: null

2018-12-13 13:12:10 - [TEST_STEP][PASSED] - Statement - PreSaveFile = new java.io.File(((pathPrefix + java.lang.Integer.toString(counter)) + .png)): null

2018-12-13 13:12:10 - [TEST_STEP][PASSED] - Statement - counter = counter + 1: null

2018-12-13 13:12:10 - [TEST_STEP][PASSED] - Statement - PreSaveFile = new java.io.File(((pathPrefix + java.lang.Integer.toString(counter)) + .png)): null

2018-12-13 13:12:10 - [TEST_STEP][PASSED] - Statement - counter = counter + 1: null

2018-12-13 13:12:10 - [TEST_STEP][PASSED] - Statement - PreSaveFile = new java.io.File(((pathPrefix + java.lang.Integer.toString(counter)) + .png)): null

2018-12-13 13:12:10 - [TEST_STEP][PASSED] - Statement - counter = counter + 1: null

2018-12-13 13:12:10 - [TEST_STEP][PASSED] - Statement - PreSaveFile = new java.io.File(((pathPrefix + java.lang.Integer.toString(counter)) + .png)): null

2018-12-13 13:12:10 - [TEST_STEP][PASSED] - Statement - counter = counter + 1: null

2018-12-13 13:12:10 - [TEST_STEP][PASSED] - Statement - PreSaveFile = new java.io.File(((pathPrefix + java.lang.Integer.toString(counter)) + .png)): null

2018-12-13 13:12:10 - [TEST_STEP][PASSED] - Statement - counter = counter + 1: null

2018-12-13 13:12:10 - [TEST_STEP][PASSED] - Statement - PreSaveFile = new java.io.File(((pathPrefix + java.lang.Integer.toString(counter)) + .png)): null

2018-12-13 13:12:10 - [TEST_STEP][PASSED] - Statement - counter = counter + 1: null

2018-12-13 13:12:10 - [TEST_STEP][PASSED] - Statement - PreSaveFile = new java.io.File(((pathPrefix + java.lang.Integer.toString(counter)) + .png)): null

2018-12-13 13:12:10 - [TEST_STEP][PASSED] - Statement - counter = counter + 1: null

2018-12-13 13:12:10 - [TEST_STEP][PASSED] - Statement - PreSaveFile = new java.io.File(((pathPrefix + java.lang.Integer.toString(counter)) + .png)): null

2018-12-13 13:12:10 - [TEST_STEP][PASSED] - Statement - counter = counter + 1: null

2018-12-13 13:12:10 - [TEST_STEP][PASSED] - Statement - PreSaveFile = new java.io.File(((pathPrefix + java.lang.Integer.toString(counter)) + .png)): null

2018-12-13 13:12:10 - [TEST_STEP][PASSED] - Statement - counter = counter + 1: null

2018-12-13 13:12:10 - [TEST_STEP][PASSED] - Statement - PreSaveFile = new java.io.File(((pathPrefix + java.lang.Integer.toString(counter)) + .png)): null

2018-12-13 13:12:10 - [TEST_STEP][PASSED] - Statement - counter = counter + 1: null

2018-12-13 13:12:10 - [TEST_STEP][PASSED] - Statement - PreSaveFile = new java.io.File(((pathPrefix + java.lang.Integer.toString(counter)) + .png)): null

2018-12-13 13:12:10 - [TEST_STEP][PASSED] - Statement - counter = counter + 1: null

2018-12-13 13:12:10 - [TEST_STEP][PASSED] - Statement - PreSaveFile = new java.io.File(((pathPrefix + java.lang.Integer.toString(counter)) + .png)): null

2018-12-13 13:12:10 - [TEST_STEP][PASSED] - Statement - counter = counter + 1: null

2018-12-13 13:12:10 - [TEST_STEP][PASSED] - Statement - PreSaveFile = new java.io.File(((pathPrefix + java.lang.Integer.toString(counter)) + .png)): null

2018-12-13 13:12:10 - [TEST_STEP][PASSED] - Statement - counter = counter + 1: null

2018-12-13 13:12:10 - [TEST_STEP][PASSED] - Statement - PreSaveFile = new java.io.File(((pathPrefix + java.lang.Integer.toString(counter)) + .png)): null

2018-12-13 13:12:10 - [TEST_STEP][PASSED] - Statement - counter = counter + 1: null

2018-12-13 13:12:10 - [TEST_STEP][PASSED] - Statement - PreSaveFile = new java.io.File(((pathPrefix + java.lang.Integer.toString(counter)) + .png)): null

2018-12-13 13:12:10 - [TEST_STEP][PASSED] - Statement - counter = counter + 1: null

2018-12-13 13:12:10 - [TEST_STEP][PASSED] - Statement - PreSaveFile = new java.io.File(((pathPrefix + java.lang.Integer.toString(counter)) + .png)): null

2018-12-13 13:12:10 - [TEST_STEP][PASSED] - Statement - counter = counter + 1: null

2018-12-13 13:12:10 - [TEST_STEP][PASSED] - Statement - PreSaveFile = new java.io.File(((pathPrefix + java.lang.Integer.toString(counter)) + .png)): null

2018-12-13 13:12:10 - [TEST_STEP][PASSED] - Statement - counter = counter + 1: null

2018-12-13 13:12:10 - [TEST_STEP][PASSED] - Statement - PreSaveFile = new java.io.File(((pathPrefix + java.lang.Integer.toString(counter)) + .png)): null

2018-12-13 13:12:10 - [TEST_STEP][PASSED] - Statement - counter = counter + 1: null

2018-12-13 13:12:10 - [TEST_STEP][PASSED] - Statement - PreSaveFile = new java.io.File(((pathPrefix + java.lang.Integer.toString(counter)) + .png)): null

2018-12-13 13:12:10 - [TEST_STEP][PASSED] - Statement - counter = counter + 1: null

2018-12-13 13:12:10 - [TEST_STEP][PASSED] - Statement - PreSaveFile = new java.io.File(((pathPrefix + java.lang.Integer.toString(counter)) + .png)): null

2018-12-13 13:12:10 - [TEST_STEP][PASSED] - Statement - counter = counter + 1: null

2018-12-13 13:12:10 - [TEST_STEP][PASSED] - Statement - PreSaveFile = new java.io.File(((pathPrefix + java.lang.Integer.toString(counter)) + .png)): null

2018-12-13 13:12:10 - [TEST_STEP][PASSED] - Statement - counter = counter + 1: null

2018-12-13 13:12:10 - [TEST_STEP][PASSED] - Statement - PreSaveFile = new java.io.File(((pathPrefix + java.lang.Integer.toString(counter)) + .png)): null

2018-12-13 13:12:10 - [TEST_STEP][PASSED] - Statement - counter = counter + 1: null

2018-12-13 13:12:10 - [TEST_STEP][PASSED] - Statement - PreSaveFile = new java.io.File(((pathPrefix + java.lang.Integer.toString(counter)) + .png)): null

2018-12-13 13:12:10 - [TEST_STEP][PASSED] - Statement - counter = counter + 1: null

2018-12-13 13:12:10 - [TEST_STEP][PASSED] - Statement - PreSaveFile = new java.io.File(((pathPrefix + java.lang.Integer.toString(counter)) + .png)): null

2018-12-13 13:12:10 - [TEST_STEP][PASSED] - Statement - counter = counter + 1: null

2018-12-13 13:12:10 - [TEST_STEP][PASSED] - Statement - PreSaveFile = new java.io.File(((pathPrefix + java.lang.Integer.toString(counter)) + .png)): null

2018-12-13 13:12:10 - [TEST_STEP][PASSED] - Statement - counter = counter + 1: null

2018-12-13 13:12:10 - [TEST_STEP][PASSED] - Statement - PreSaveFile = new java.io.File(((pathPrefix + java.lang.Integer.toString(counter)) + .png)): null

2018-12-13 13:12:10 - [TEST_STEP][PASSED] - Statement - counter = counter + 1: null

2018-12-13 13:12:10 - [TEST_STEP][PASSED] - Statement - PreSaveFile = new java.io.File(((pathPrefix + java.lang.Integer.toString(counter)) + .png)): null

2018-12-13 13:12:10 - [TEST_STEP][PASSED] - Statement - counter = counter + 1: null

2018-12-13 13:12:10 - [TEST_STEP][PASSED] - Statement - PreSaveFile = new java.io.File(((pathPrefix + java.lang.Integer.toString(counter)) + .png)): null

2018-12-13 13:12:10 - [TEST_STEP][PASSED] - Statement - counter = counter + 1: null

2018-12-13 13:12:10 - [TEST_STEP][PASSED] - Statement - PreSaveFile = new java.io.File(((pathPrefix + java.lang.Integer.toString(counter)) + .png)): null

2018-12-13 13:12:10 - [TEST_STEP][PASSED] - Statement - counter = counter + 1: null

2018-12-13 13:12:10 - [TEST_STEP][PASSED] - Statement - PreSaveFile = new java.io.File(((pathPrefix + java.lang.Integer.toString(counter)) + .png)): null

2018-12-13 13:12:10 - [TEST_STEP][PASSED] - Statement - counter = counter + 1: null

2018-12-13 13:12:10 - [TEST_STEP][PASSED] - Statement - PreSaveFile = new java.io.File(((pathPrefix + java.lang.Integer.toString(counter)) + .png)): null

2018-12-13 13:12:10 - [TEST_STEP][PASSED] - Statement - counter = counter + 1: null

2018-12-13 13:12:10 - [TEST_STEP][PASSED] - Statement - PreSaveFile = new java.io.File(((pathPrefix + java.lang.Integer.toString(counter)) + .png)): null

2018-12-13 13:12:10 - [TEST_STEP][PASSED] - Statement - counter = counter + 1: null

2018-12-13 13:12:10 - [TEST_STEP][PASSED] - Statement - PreSaveFile = new java.io.File(((pathPrefix + java.lang.Integer.toString(counter)) + .png)): null

2018-12-13 13:12:10 - [TEST_STEP][PASSED] - Statement - counter = counter + 1: null

2018-12-13 13:12:10 - [TEST_STEP][PASSED] - Statement - PreSaveFile = new java.io.File(((pathPrefix + java.lang.Integer.toString(counter)) + .png)): null

2018-12-13 13:12:10 - [TEST_STEP][PASSED] - Statement - counter = counter + 1: null

2018-12-13 13:12:10 - [TEST_STEP][PASSED] - Statement - PreSaveFile = new java.io.File(((pathPrefix + java.lang.Integer.toString(counter)) + .png)): null

2018-12-13 13:12:10 - [TEST_STEP][PASSED] - Statement - counter = counter + 1: null

2018-12-13 13:12:10 - [TEST_STEP][PASSED] - Statement - PreSaveFile = new java.io.File(((pathPrefix + java.lang.Integer.toString(counter)) + .png)): null

2018-12-13 13:12:10 - [TEST_STEP][PASSED] - Statement - counter = counter + 1: null

2018-12-13 13:12:10 - [TEST_STEP][PASSED] - Statement - PreSaveFile = new java.io.File(((pathPrefix + java.lang.Integer.toString(counter)) + .png)): null

2018-12-13 13:12:10 - [TEST_STEP][PASSED] - Statement - counter = counter + 1: null

2018-12-13 13:12:10 - [TEST_STEP][PASSED] - Statement - PreSaveFile = new java.io.File(((pathPrefix + java.lang.Integer.toString(counter)) + .png)): null

2018-12-13 13:12:10 - [TEST_STEP][PASSED] - Statement - counter = counter + 1: null

2018-12-13 13:12:10 - [TEST_STEP][PASSED] - Statement - PreSaveFile = new java.io.File(((pathPrefix + java.lang.Integer.toString(counter)) + .png)): null

2018-12-13 13:12:10 - [TEST_STEP][PASSED] - Statement - counter = counter + 1: null

2018-12-13 13:12:10 - [TEST_STEP][PASSED] - Statement - PreSaveFile = new java.io.File(((pathPrefix + java.lang.Integer.toString(counter)) + .png)): null

2018-12-13 13:12:10 - [TEST_STEP][PASSED] - Statement - counter = counter + 1: null

2018-12-13 13:12:10 - [TEST_STEP][PASSED] - Statement - PreSaveFile = new java.io.File(((pathPrefix + java.lang.Integer.toString(counter)) + .png)): null

2018-12-13 13:12:10 - [TEST_STEP][PASSED] - Statement - counter = counter + 1: null

2018-12-13 13:12:10 - [TEST_STEP][PASSED] - Statement - PreSaveFile = new java.io.File(((pathPrefix + java.lang.Integer.toString(counter)) + .png)): null

2018-12-13 13:12:10 - [TEST_STEP][PASSED] - Statement - counter = counter + 1: null

2018-12-13 13:12:10 - [TEST_STEP][PASSED] - Statement - PreSaveFile = new java.io.File(((pathPrefix + java.lang.Integer.toString(counter)) + .png)): null

2018-12-13 13:12:10 - [TEST_STEP][PASSED] - Statement - counter = counter + 1: null

2018-12-13 13:12:10 - [TEST_STEP][PASSED] - Statement - PreSaveFile = new java.io.File(((pathPrefix + java.lang.Integer.toString(counter)) + .png)): null

2018-12-13 13:12:10 - [TEST_STEP][PASSED] - Statement - counter = counter + 1: null

2018-12-13 13:12:10 - [TEST_STEP][PASSED] - Statement - PreSaveFile = new java.io.File(((pathPrefix + java.lang.Integer.toString(counter)) + .png)): null

2018-12-13 13:12:10 - [TEST_STEP][PASSED] - Statement - counter = counter + 1: null

2018-12-13 13:12:10 - [TEST_STEP][PASSED] - Statement - PreSaveFile = new java.io.File(((pathPrefix + java.lang.Integer.toString(counter)) + .png)): null

2018-12-13 13:12:10 - [TEST_STEP][PASSED] - Statement - counter = counter + 1: null

2018-12-13 13:12:10 - [TEST_STEP][PASSED] - Statement - PreSaveFile = new java.io.File(((pathPrefix + java.lang.Integer.toString(counter)) + .png)): null

2018-12-13 13:12:10 - [TEST_STEP][PASSED] - Statement - counter = counter + 1: null

2018-12-13 13:12:10 - [TEST_STEP][PASSED] - Statement - PreSaveFile = new java.io.File(((pathPrefix + java.lang.Integer.toString(counter)) + .png)): null

2018-12-13 13:12:10 - [TEST_STEP][PASSED] - Statement - counter = counter + 1: null

2018-12-13 13:12:10 - [TEST_STEP][PASSED] - Statement - PreSaveFile = new java.io.File(((pathPrefix + java.lang.Integer.toString(counter)) + .png)): null

2018-12-13 13:12:10 - [TEST_STEP][PASSED] - Statement - counter = counter + 1: null

2018-12-13 13:12:10 - [TEST_STEP][PASSED] - Statement - PreSaveFile = new java.io.File(((pathPrefix + java.lang.Integer.toString(counter)) + .png)): null

2018-12-13 13:12:10 - [TEST_STEP][PASSED] - Statement - counter = counter + 1: null

2018-12-13 13:12:10 - [TEST_STEP][PASSED] - Statement - PreSaveFile = new java.io.File(((pathPrefix + java.lang.Integer.toString(counter)) + .png)): null

2018-12-13 13:12:10 - [TEST_STEP][PASSED] - Statement - counter = counter + 1: null

2018-12-13 13:12:10 - [TEST_STEP][PASSED] - Statement - PreSaveFile = new java.io.File(((pathPrefix + java.lang.Integer.toString(counter)) + .png)): null

2018-12-13 13:12:10 - [TEST_STEP][PASSED] - Statement - counter = counter + 1: null

2018-12-13 13:12:10 - [TEST_STEP][PASSED] - Statement - PreSaveFile = new java.io.File(((pathPrefix + java.lang.Integer.toString(counter)) + .png)): null

2018-12-13 13:12:10 - [TEST_STEP][PASSED] - Statement - counter = counter + 1: null

2018-12-13 13:12:10 - [TEST_STEP][PASSED] - Statement - PreSaveFile = new java.io.File(((pathPrefix + java.lang.Integer.toString(counter)) + .png)): null

2018-12-13 13:12:10 - [TEST_STEP][PASSED] - Statement - counter = counter + 1: null

2018-12-13 13:12:10 - [TEST_STEP][PASSED] - Statement - PreSaveFile = new java.io.File(((pathPrefix + java.lang.Integer.toString(counter)) + .png)): null

2018-12-13 13:12:10 - [TEST_STEP][PASSED] - Statement - counter = counter + 1: null

2018-12-13 13:12:10 - [TEST_STEP][PASSED] - Statement - PreSaveFile = new java.io.File(((pathPrefix + java.lang.Integer.toString(counter)) + .png)): null

2018-12-13 13:12:10 - [TEST_STEP][PASSED] - Statement - counter = counter + 1: null

2018-12-13 13:12:10 - [TEST_STEP][PASSED] - Statement - PreSaveFile = new java.io.File(((pathPrefix + java.lang.Integer.toString(counter)) + .png)): null

2018-12-13 13:12:10 - [TEST_STEP][PASSED] - Statement - counter = counter + 1: null

2018-12-13 13:12:10 - [TEST_STEP][PASSED] - Statement - PreSaveFile = new java.io.File(((pathPrefix + java.lang.Integer.toString(counter)) + .png)): null

2018-12-13 13:12:10 - [TEST_STEP][PASSED] - Statement - counter = counter + 1: null

2018-12-13 13:12:10 - [TEST_STEP][PASSED] - Statement - PreSaveFile = new java.io.File(((pathPrefix + java.lang.Integer.toString(counter)) + .png)): null

2018-12-13 13:12:10 - [TEST_STEP][PASSED] - Statement - counter = counter + 1: null

2018-12-13 13:12:10 - [TEST_STEP][PASSED] - Statement - PreSaveFile = new java.io.File(((pathPrefix + java.lang.Integer.toString(counter)) + .png)): null

2018-12-13 13:12:10 - [TEST_STEP][PASSED] - Statement - counter = counter + 1: null

2018-12-13 13:12:10 - [TEST_STEP][PASSED] - Statement - PreSaveFile = new java.io.File(((pathPrefix + java.lang.Integer.toString(counter)) + .png)): null

2018-12-13 13:12:10 - [TEST_STEP][PASSED] - Statement - counter = counter + 1: null

2018-12-13 13:12:10 - [TEST_STEP][PASSED] - Statement - PreSaveFile = new java.io.File(((pathPrefix + java.lang.Integer.toString(counter)) + .png)): null

2018-12-13 13:12:10 - [TEST_STEP][PASSED] - Statement - counter = counter + 1: null

2018-12-13 13:12:10 - [TEST_STEP][PASSED] - Statement - PreSaveFile = new java.io.File(((pathPrefix + java.lang.Integer.toString(counter)) + .png)): null

2018-12-13 13:12:10 - [TEST_STEP][PASSED] - Statement - counter = counter + 1: null

2018-12-13 13:12:10 - [TEST_STEP][PASSED] - Statement - PreSaveFile = new java.io.File(((pathPrefix + java.lang.Integer.toString(counter)) + .png)): null

2018-12-13 13:12:10 - [TEST_STEP][PASSED] - Statement - counter = counter + 1: null

2018-12-13 13:12:10 - [TEST_STEP][PASSED] - Statement - PreSaveFile = new java.io.File(((pathPrefix + java.lang.Integer.toString(counter)) + .png)): null

2018-12-13 13:12:10 - [TEST_STEP][PASSED] - Statement - counter = counter + 1: null

2018-12-13 13:12:10 - [TEST_STEP][PASSED] - Statement - PreSaveFile = new java.io.File(((pathPrefix + java.lang.Integer.toString(counter)) + .png)): null

2018-12-13 13:12:10 - [TEST_STEP][PASSED] - Statement - counter = counter + 1: null

2018-12-13 13:12:10 - [TEST_STEP][PASSED] - Statement - PreSaveFile = new java.io.File(((pathPrefix + java.lang.Integer.toString(counter)) + .png)): null

2018-12-13 13:12:10 - [TEST_STEP][PASSED] - Statement - counter = counter + 1: null

2018-12-13 13:12:10 - [TEST_STEP][PASSED] - Statement - PreSaveFile = new java.io.File(((pathPrefix + java.lang.Integer.toString(counter)) + .png)): null

2018-12-13 13:12:10 - [TEST_STEP][PASSED] - Statement - counter = counter + 1: null

2018-12-13 13:12:10 - [TEST_STEP][PASSED] - Statement - PreSaveFile = new java.io.File(((pathPrefix + java.lang.Integer.toString(counter)) + .png)): null

2018-12-13 13:12:10 - [TEST_STEP][PASSED] - Statement - counter = counter + 1: null

2018-12-13 13:12:10 - [TEST_STEP][PASSED] - Statement - PreSaveFile = new java.io.File(((pathPrefix + java.lang.Integer.toString(counter)) + .png)): null

2018-12-13 13:12:10 - [TEST_STEP][PASSED] - Statement - counter = counter + 1: null

2018-12-13 13:12:10 - [TEST_STEP][PASSED] - Statement - PreSaveFile = new java.io.File(((pathPrefix + java.lang.Integer.toString(counter)) + .png)): null

2018-12-13 13:12:10 - [TEST_STEP][PASSED] - Statement - counter = counter + 1: null

2018-12-13 13:12:10 - [TEST_STEP][PASSED] - Statement - PreSaveFile = new java.io.File(((pathPrefix + java.lang.Integer.toString(counter)) + .png)): null

2018-12-13 13:12:10 - [TEST_STEP][PASSED] - Statement - counter = counter + 1: null

2018-12-13 13:12:10 - [TEST_STEP][PASSED] - Statement - PreSaveFile = new java.io.File(((pathPrefix + java.lang.Integer.toString(counter)) + .png)): null

2018-12-13 13:12:10 - [TEST_STEP][PASSED] - Statement - counter = counter + 1: null

2018-12-13 13:12:10 - [TEST_STEP][PASSED] - Statement - PreSaveFile = new java.io.File(((pathPrefix + java.lang.Integer.toString(counter)) + .png)): null

2018-12-13 13:12:10 - [TEST_STEP][PASSED] - Statement - counter = counter + 1: null

2018-12-13 13:12:10 - [TEST_STEP][PASSED] - Statement - PreSaveFile = new java.io.File(((pathPrefix + java.lang.Integer.toString(counter)) + .png)): null

2018-12-13 13:12:10 - [TEST_STEP][PASSED] - Statement - counter = counter + 1: null

2018-12-13 13:12:10 - [TEST_STEP][PASSED] - Statement - PreSaveFile = new java.io.File(((pathPrefix + java.lang.Integer.toString(counter)) + .png)): null

2018-12-13 13:12:10 - [TEST_STEP][PASSED] - Statement - counter = counter + 1: null

2018-12-13 13:12:10 - [TEST_STEP][PASSED] - Statement - PreSaveFile = new java.io.File(((pathPrefix + java.lang.Integer.toString(counter)) + .png)): null

2018-12-13 13:12:10 - [TEST_STEP][PASSED] - Statement - counter = counter + 1: null

2018-12-13 13:12:10 - [TEST_STEP][PASSED] - Statement - PreSaveFile = new java.io.File(((pathPrefix + java.lang.Integer.toString(counter)) + .png)): null

2018-12-13 13:12:10 - [TEST_STEP][PASSED] - Statement - counter = counter + 1: null

2018-12-13 13:12:10 - [TEST_STEP][PASSED] - Statement - PreSaveFile = new java.io.File(((pathPrefix + java.lang.Integer.toString(counter)) + .png)): null

2018-12-13 13:12:10 - [TEST_STEP][PASSED] - Statement - counter = counter + 1: null

2018-12-13 13:12:10 - [TEST_STEP][PASSED] - Statement - PreSaveFile = new java.io.File(((pathPrefix + java.lang.Integer.toString(counter)) + .png)): null

2018-12-13 13:12:10 - [TEST_STEP][PASSED] - Statement - counter = counter + 1: null

2018-12-13 13:12:10 - [TEST_STEP][PASSED] - Statement - PreSaveFile = new java.io.File(((pathPrefix + java.lang.Integer.toString(counter)) + .png)): null

2018-12-13 13:12:10 - [TEST_STEP][PASSED] - Statement - counter = counter + 1: null

2018-12-13 13:12:10 - [TEST_STEP][PASSED] - Statement - PreSaveFile = new java.io.File(((pathPrefix + java.lang.Integer.toString(counter)) + .png)): null

2018-12-13 13:12:10 - [TEST_STEP][PASSED] - Statement - counter = counter + 1: null

2018-12-13 13:12:10 - [TEST_STEP][PASSED] - Statement - PreSaveFile = new java.io.File(((pathPrefix + java.lang.Integer.toString(counter)) + .png)): null

2018-12-13 13:12:10 - [TEST_STEP][PASSED] - Statement - counter = counter + 1: null

2018-12-13 13:12:10 - [TEST_STEP][PASSED] - Statement - PreSaveFile = new java.io.File(((pathPrefix + java.lang.Integer.toString(counter)) + .png)): null

2018-12-13 13:12:10 - [TEST_STEP][PASSED] - Statement - counter = counter + 1: null

2018-12-13 13:12:10 - [TEST_STEP][PASSED] - Statement - PreSaveFile = new java.io.File(((pathPrefix + java.lang.Integer.toString(counter)) + .png)): null

2018-12-13 13:12:10 - [TEST_STEP][PASSED] - Statement - counter = counter + 1: null

2018-12-13 13:12:10 - [TEST_STEP][PASSED] - Statement - PreSaveFile = new java.io.File(((pathPrefix + java.lang.Integer.toString(counter)) + .png)): null

2018-12-13 13:12:10 - [TEST_STEP][PASSED] - Statement - counter = counter + 1: null

2018-12-13 13:12:10 - [TEST_STEP][PASSED] - Statement - PreSaveFile = new java.io.File(((pathPrefix + java.lang.Integer.toString(counter)) + .png)): null

2018-12-13 13:12:10 - [TEST_STEP][PASSED] - Statement - finalPath = pathPrefix + java.lang.Integer.toString(counter) + ".png": null

2018-12-13 13:12:10 - [TEST_STEP][PASSED] - Statement - SaveFile = new java.io.File(finalPath): null

2018-12-13 13:12:10 - [TEST_STEP][PASSED] - Statement - Try: null

2018-12-13 13:12:10 - [TEST_STEP][PASSED] - Statement - org.apache.commons.io.FileUtils.copyFile(scrFile, SaveFile): null

2018-12-13 13:12:10 - [TEST_STEP][PASSED] - Statement - out.println("file kept"): null

2018-12-13 13:12:10 - [TEST_STEP][PASSED] - delay: Delayed 10 second(s)

2018-12-13 13:12:20 - [MESSAGE][PASSED] - Delayed 10 second(s)

2018-12-13 13:12:20 - [MESSAGE][PASSED] - Call Test Case 'Test Cases/Final Aug 2018 - PKS Automation/Registration Module/New Registration/Submit and Screenshot/Submit Registration and Screenshot' successfully

2018-12-13 13:12:20 - [TEST_STEP][PASSED] - callTestCase: Call Test Case 'Test Cases/Final Aug 2018 - PKS Automation/Registration Module/Log Out/log out avoiding katalon tagging' successfully

2018-12-13 13:12:20 - [TEST_CASE][PASSED] - Test Cases/Final Aug 2018 - PKS Automation/Registration Module/Log Out/log out avoiding katalon tagging: Test Cases/Final Aug 2018 - PKS Automation/Registration Module/Log Out/log out avoiding katalon tagging

2018-12-13 13:12:20 - [TEST_STEP][PASSED] - navigateToUrl: Navigate to 'https://assist2-uat.perkeso.gov.my/c/portal/logout' successfully

2018-12-13 13:12:21 - [MESSAGE][PASSED] - Navigate to 'https://assist2-uat.perkeso.gov.my/c/portal/logout' successfully

2018-12-13 13:12:21 - [MESSAGE][PASSED] - Call Test Case 'Test Cases/Final Aug 2018 - PKS Automation/Registration Module/Log Out/log out avoiding katalon tagging' successfully

2018-12-13 13:12:21 - [TEST_STEP][PASSED] - callTestCase: Call Test Case 'Test Cases/Final Aug 2018 - PKS Automation/Common/Workflow Owner Finder' successfully

2018-12-13 13:12:21 - [TEST_CASE][PASSED] - Test Cases/Final Aug 2018 - PKS Automation/Common/Workflow Owner Finder: Test Cases/Final Aug 2018 - PKS Automation/Common/Workflow Owner Finder

2018-12-13 13:12:21 - [TEST_STEP][PASSED] - openBrowser: Browser is opened with url: ''

2018-12-13 13:12:21 - [MESSAGE][WARNING] - A browser is already opened. Closing browser and opening a new one

2018-12-13 13:12:25 - [MESSAGE][PASSED] - Browser is opened with url: ''

2018-12-13 13:12:25 - [TEST_STEP][PASSED] - navigateToUrl: Navigate to 'https://assist2-uat.perkeso.gov.my/login' successfully

2018-12-13 13:12:26 - [MESSAGE][PASSED] - Navigate to 'https://assist2-uat.perkeso.gov.my/login' successfully

2018-12-13 13:12:26 - [TEST_STEP][PASSED] - delay: Delayed 5 second(s)

2018-12-13 13:12:31 - [MESSAGE][PASSED] - Delayed 5 second(s)

2018-12-13 13:12:31 - [TEST_STEP][PASSED] - setText: Text 'test@liferay.com' is set on object 'Object Repository/Final Object Repo/Login Page/Internal User/Email Address'

2018-12-13 13:12:32 - [MESSAGE][PASSED] - Text 'test@liferay.com' is set on object 'Object Repository/Final Object Repo/Login Page/Internal User/Email Address'

2018-12-13 13:12:32 - [TEST_STEP][PASSED] - click: Object: 'Object Repository/Final Object Repo/Login Page/Internal User/Next Button' is clicked on

2018-12-13 13:12:32 - [MESSAGE][PASSED] - Object: 'Object Repository/Final Object Repo/Login Page/Internal User/Next Button' is clicked on

2018-12-13 13:12:32 - [TEST_STEP][PASSED] - delay: Delayed 2 second(s)

2018-12-13 13:12:34 - [MESSAGE][PASSED] - Delayed 2 second(s)

2018-12-13 13:12:34 - [TEST_STEP][PASSED] - setText: Text 'test' is set on object 'Object Repository/Final Object Repo/Login Page/Internal User/Password'

2018-12-13 13:12:34 - [MESSAGE][PASSED] - Text 'test' is set on object 'Object Repository/Final Object Repo/Login Page/Internal User/Password'

2018-12-13 13:12:34 - [TEST_STEP][PASSED] - delay: Delayed 2 second(s)

2018-12-13 13:12:36 - [MESSAGE][PASSED] - Delayed 2 second(s)

2018-12-13 13:12:36 - [TEST_STEP][PASSED] - click: Object: 'Object Repository/Final Object Repo/Login Page/Internal User/Login Button' is clicked on

2018-12-13 13:12:36 - [MESSAGE][PASSED] - Object: 'Object Repository/Final Object Repo/Login Page/Internal User/Login Button' is clicked on

2018-12-13 13:12:36 - [TEST_STEP][PASSED] - Statement - tester = com.kms.katalon.core.testobject.ObjectRepository.findTestObject(Final Object Repo/Landing Page/Select to English): Finding Test Object with id 'Object Repository/Final Object Repo/Landing Page/Select to English'

2018-12-13 13:12:36 - [TEST_STEP][PASSED] - Statement - Try: Delayed 2 second(s)

2018-12-13 13:12:36 - [TEST_STEP][PASSED] - Statement - Checker = com.kms.katalon.core.webui.keyword.WebUiBuiltInKeywords.verifyElementNotPresent(tester, 3): Web element with id: 'Object Repository/Final Object Repo/Landing Page/Select to English' located by 'By.xpath: //a[@class = 'taglib-language-list-text' and @lang = 'en-US' and (contains(text(), 'EN') or contains(., 'EN'))]' is not present after '3' second(s)

2018-12-13 13:12:38 - [MESSAGE][PASSED] - Web element with id: 'Object Repository/Final Object Repo/Landing Page/Select to English' located by 'By.xpath: //a[@class = 'taglib-language-list-text' and @lang = 'en-US' and (contains(text(), 'EN') or contains(., 'EN'))]' is not present after '3' second(s)

2018-12-13 13:12:38 - [TEST_STEP][PASSED] - Statement - If (Checker == false): null

2018-12-13 13:12:38 - [TEST_STEP][PASSED] - delay: Delayed 2 second(s)

2018-12-13 13:12:40 - [MESSAGE][PASSED] - Delayed 2 second(s)

2018-12-13 13:12:40 - [TEST_STEP][PASSED] - delay: Delayed 5 second(s)

2018-12-13 13:12:45 - [MESSAGE][PASSED] - Delayed 5 second(s)

2018-12-13 13:12:45 - [TEST_STEP][PASSED] - mouseOver: Object: 'Object Repository/Final Object Repo/Landing Page/WorkFlow Menu' is hovered

2018-12-13 13:12:45 - [MESSAGE][PASSED] - Object: 'Object Repository/Final Object Repo/Landing Page/WorkFlow Menu' is hovered

2018-12-13 13:12:45 - [TEST_STEP][PASSED] - delay: Delayed 2 second(s)

2018-12-13 13:12:47 - [MESSAGE][PASSED] - Delayed 2 second(s)

2018-12-13 13:12:47 - [TEST_STEP][PASSED] - click: Object: 'Object Repository/Final Object Repo/Landing Page/Select to Workflow Listing' is clicked on

2018-12-13 13:12:49 - [MESSAGE][PASSED] - Object: 'Object Repository/Final Object Repo/Landing Page/Select to Workflow Listing' is clicked on

2018-12-13 13:12:49 - [TEST_STEP][PASSED] - delay: Delayed 2 second(s)

2018-12-13 13:12:51 - [MESSAGE][PASSED] - Delayed 2 second(s)

2018-12-13 13:12:51 - [TEST_STEP][PASSED] - click: Object: 'Object Repository/Final Object Repo/WorkFlow Listing Page/Search Information - To Put Ref No' is clicked on

2018-12-13 13:12:51 - [MESSAGE][PASSED] - Object: 'Object Repository/Final Object Repo/WorkFlow Listing Page/Search Information - To Put Ref No' is clicked on

2018-12-13 13:12:51 - [TEST_STEP][PASSED] - delay: Delayed 2 second(s)

2018-12-13 13:12:53 - [MESSAGE][PASSED] - Delayed 2 second(s)

2018-12-13 13:12:53 - [TEST_STEP][PASSED] - callTestCase: Call Test Case 'Test Cases/Final Aug 2018 - PKS Automation/Common/Reference Number Getter' successfully

2018-12-13 13:12:53 - [TEST_CASE][PASSED] - Test Cases/Final Aug 2018 - PKS Automation/Common/Reference Number Getter: Test Cases/Final Aug 2018 - PKS Automation/Common/Reference Number Getter

2018-12-13 13:12:53 - [TEST_STEP][PASSED] - Statement - Try: null

2018-12-13 13:12:53 - [TEST_STEP][PASSED] - Statement - RefNo = new java.io.File(C://Users//Admin//Desktop//PKS//Automation Reference Point//KatalonReference.txt): null

2018-12-13 13:12:53 - [TEST_STEP][PASSED] - Statement - bufferread = new java.io.BufferedReader(new java.io.FileReader(RefNo)): null

2018-12-13 13:12:53 - [TEST_STEP][PASSED] - Statement - readedVal = bufferread.readLine(): null

2018-12-13 13:12:53 - [TEST_STEP][PASSED] - Statement - out.println(CaseReferenceNo): null

2018-12-13 13:12:53 - [TEST_STEP][PASSED] - Statement - out.println(readedVal): null

2018-12-13 13:12:53 - [TEST_STEP][PASSED] - Statement - CaseReferenceNo = "": null

2018-12-13 13:12:53 - [TEST_STEP][PASSED] - Statement - CaseReferenceNo = readedVal: null

2018-12-13 13:12:53 - [MESSAGE][PASSED] - Call Test Case 'Test Cases/Final Aug 2018 - PKS Automation/Common/Reference Number Getter' successfully

2018-12-13 13:12:53 - [TEST_STEP][PASSED] - setText: Text 'CRN12201800123274' is set on object 'Object Repository/Final Object Repo/WorkFlow Listing Page/Ref No Set Text'

2018-12-13 13:12:53 - [MESSAGE][PASSED] - Text 'CRN12201800123274' is set on object 'Object Repository/Final Object Repo/WorkFlow Listing Page/Ref No Set Text'

2018-12-13 13:12:53 - [TEST_STEP][PASSED] - delay: Delayed 2 second(s)

2018-12-13 13:12:55 - [MESSAGE][PASSED] - Delayed 2 second(s)

2018-12-13 13:12:55 - [TEST_STEP][PASSED] - click: Object: 'Object Repository/Final Object Repo/WorkFlow Listing Page/Search Ref No Search Button' is clicked on

2018-12-13 13:12:55 - [MESSAGE][PASSED] - Object: 'Object Repository/Final Object Repo/WorkFlow Listing Page/Search Ref No Search Button' is clicked on

2018-12-13 13:12:55 - [TEST_STEP][PASSED] - delay: Delayed 6 second(s)

2018-12-13 13:13:01 - [MESSAGE][PASSED] - Delayed 6 second(s)

2018-12-13 13:13:01 - [TEST_STEP][PASSED] - click: Object: 'Object Repository/Final Object Repo/WorkFlow Listing Page/Click Continue Tooltip' is clicked on

2018-12-13 13:13:02 - [MESSAGE][PASSED] - Object: 'Object Repository/Final Object Repo/WorkFlow Listing Page/Click Continue Tooltip' is clicked on

2018-12-13 13:13:02 - [TEST_STEP][PASSED] - delay: Delayed 5 second(s)

2018-12-13 13:13:07 - [MESSAGE][PASSED] - Delayed 5 second(s)

2018-12-13 13:13:07 - [TEST_STEP][PASSED] - doubleClick: Object: 'Object Repository/Final Object Repo/WorkFlow Listing Page/Workflow Found - Listing 1' is double clicked on

2018-12-13 13:13:07 - [MESSAGE][PASSED] - Object: 'Object Repository/Final Object Repo/WorkFlow Listing Page/Workflow Found - Listing 1' is double clicked on

2018-12-13 13:13:07 - [TEST_STEP][PASSED] - Statement - println(OwnerID): null

2018-12-13 13:13:07 - [TEST_STEP][PASSED] - Statement - OwnerID = com.kms.katalon.core.webui.keyword.WebUiBuiltInKeywords.getText(com.kms.katalon.core.testobject.ObjectRepository.findTestObject(Final Object Repo/WorkFlow Listing Page/Workflow Found - Listing 1), STOP_ON_FAILURE): Text of object 'Object Repository/Final Object Repo/WorkFlow Listing Page/Workflow Found - Listing 1' is: 'JOHORro3'

2018-12-13 13:13:08 - [MESSAGE][PASSED] - Text of object 'Object Repository/Final Object Repo/WorkFlow Listing Page/Workflow Found - Listing 1' is: 'JOHORro3'

2018-12-13 13:13:08 - [TEST_STEP][PASSED] - Statement - OwnerID = OwnerID.toLowerCase() + "@gmail.com": null

2018-12-13 13:13:08 - [TEST_STEP][PASSED] - Statement - println(OwnerID): null

2018-12-13 13:13:08 - [TEST_STEP][PASSED] - delay: Delayed 2 second(s)

2018-12-13 13:13:10 - [MESSAGE][PASSED] - Delayed 2 second(s)

2018-12-13 13:13:10 - [MESSAGE][PASSED] - Call Test Case 'Test Cases/Final Aug 2018 - PKS Automation/Common/Workflow Owner Finder' successfully

2018-12-13 13:13:10 - [TEST_STEP][PASSED] - callTestCase: Call Test Case 'Test Cases/Final Aug 2018 - PKS Automation/Registration Module/Log Out/log out avoiding katalon tagging' successfully

2018-12-13 13:13:10 - [TEST_CASE][PASSED] - Test Cases/Final Aug 2018 - PKS Automation/Registration Module/Log Out/log out avoiding katalon tagging: Test Cases/Final Aug 2018 - PKS Automation/Registration Module/Log Out/log out avoiding katalon tagging

2018-12-13 13:13:10 - [TEST_STEP][PASSED] - navigateToUrl: Navigate to 'https://assist2-uat.perkeso.gov.my/c/portal/logout' successfully

2018-12-13 13:13:10 - [MESSAGE][PASSED] - Navigate to 'https://assist2-uat.perkeso.gov.my/c/portal/logout' successfully

2018-12-13 13:13:10 - [MESSAGE][PASSED] - Call Test Case 'Test Cases/Final Aug 2018 - PKS Automation/Registration Module/Log Out/log out avoiding katalon tagging' successfully

2018-12-13 13:13:10 - [TEST_STEP][PASSED] - delay: Delayed 2 second(s)

2018-12-13 13:13:12 - [MESSAGE][PASSED] - Delayed 2 second(s)

2018-12-13 13:13:12 - [TEST_STEP][PASSED] - setText: Text 'johorro3@gmail.com' is set on object 'Object Repository/Final Object Repo/New Registration - Registration Module Pages/New Reg - OTC to RO/Special Case - All Related Objects/Email TextBox'

2018-12-13 13:13:13 - [MESSAGE][PASSED] - Text 'johorro3@gmail.com' is set on object 'Object Repository/Final Object Repo/New Registration - Registration Module Pages/New Reg - OTC to RO/Special Case - All Related Objects/Email TextBox'

2018-12-13 13:13:13 - [TEST_STEP][PASSED] - click: Object: 'Object Repository/Final Object Repo/New Registration - Registration Module Pages/New Reg - OTC to RO/Special Case - All Related Objects/Next Button' is clicked on

2018-12-13 13:13:13 - [MESSAGE][PASSED] - Object: 'Object Repository/Final Object Repo/New Registration - Registration Module Pages/New Reg - OTC to RO/Special Case - All Related Objects/Next Button' is clicked on

2018-12-13 13:13:13 - [TEST_STEP][PASSED] - delay: Delayed 2 second(s)

2018-12-13 13:13:15 - [MESSAGE][PASSED] - Delayed 2 second(s)

2018-12-13 13:13:15 - [TEST_STEP][PASSED] - setText: Text 'Test1@3456789' is set on object 'Object Repository/Final Object Repo/New Registration - Registration Module Pages/New Reg - OTC to RO/Special Case - All Related Objects/Password TextBox'

2018-12-13 13:13:15 - [MESSAGE][PASSED] - Text 'Test1@3456789' is set on object 'Object Repository/Final Object Repo/New Registration - Registration Module Pages/New Reg - OTC to RO/Special Case - All Related Objects/Password TextBox'

2018-12-13 13:13:15 - [TEST_STEP][PASSED] - delay: Delayed 2 second(s)

2018-12-13 13:13:17 - [MESSAGE][PASSED] - Delayed 2 second(s)

2018-12-13 13:13:17 - [TEST_STEP][PASSED] - click: Object: 'Object Repository/Final Object Repo/New Registration - Registration Module Pages/New Reg - OTC to RO/Special Case - All Related Objects/Login Button' is clicked on

2018-12-13 13:13:17 - [MESSAGE][PASSED] - Object: 'Object Repository/Final Object Repo/New Registration - Registration Module Pages/New Reg - OTC to RO/Special Case - All Related Objects/Login Button' is clicked on

2018-12-13 13:13:17 - [TEST_STEP][PASSED] - delay: Delayed 2 second(s)

2018-12-13 13:13:19 - [MESSAGE][PASSED] - Delayed 2 second(s)

2018-12-13 13:13:19 - [TEST_STEP][PASSED] - Statement - Try: null

2018-12-13 13:13:19 - [TEST_STEP][PASSED] - Statement - Checker = com.kms.katalon.core.webui.keyword.WebUiBuiltInKeywords.verifyElementNotPresent("Final Object Repo/Landing Page/Select to English", 3): null

2018-12-13 13:13:19 - [TEST_STEP][PASSED] - Statement - Catch (Exception e): null

2018-12-13 13:13:19 - [TEST_STEP][PASSED] - Statement - e.printStackTrace(): null

2018-12-13 13:13:19 - [TEST_STEP][PASSED] - click: Object: 'Object Repository/Final Object Repo/New Registration - Registration Module Pages/New Reg - OTC to RO/Special Case - All Related Objects/Expand to Search' is clicked on

2018-12-13 13:13:19 - [MESSAGE][PASSED] - Object: 'Object Repository/Final Object Repo/New Registration - Registration Module Pages/New Reg - OTC to RO/Special Case - All Related Objects/Expand to Search' is clicked on

2018-12-13 13:13:19 - [TEST_STEP][PASSED] - delay: Delayed 2 second(s)

2018-12-13 13:13:21 - [MESSAGE][PASSED] - Delayed 2 second(s)

2018-12-13 13:13:21 - [TEST_STEP][PASSED] - setText: Text 'CRN12201800123274' is set on object 'Object Repository/Final Object Repo/New Registration - Registration Module Pages/New Reg - OTC to RO/Special Case - All Related Objects/TextBox RefNo in Workbasket'

2018-12-13 13:13:22 - [MESSAGE][PASSED] - Text 'CRN12201800123274' is set on object 'Object Repository/Final Object Repo/New Registration - Registration Module Pages/New Reg - OTC to RO/Special Case - All Related Objects/TextBox RefNo in Workbasket'

2018-12-13 13:13:22 - [TEST_STEP][PASSED] - delay: Delayed 2 second(s)

2018-12-13 13:13:24 - [MESSAGE][PASSED] - Delayed 2 second(s)

2018-12-13 13:13:24 - [TEST_STEP][PASSED] - click: Object: 'Object Repository/Final Object Repo/New Registration - Registration Module Pages/New Reg - OTC to RO/Special Case - All Related Objects/Click Search' is clicked on

2018-12-13 13:13:24 - [MESSAGE][PASSED] - Object: 'Object Repository/Final Object Repo/New Registration - Registration Module Pages/New Reg - OTC to RO/Special Case - All Related Objects/Click Search' is clicked on

2018-12-13 13:13:24 - [TEST_STEP][PASSED] - delay: Delayed 2 second(s)

2018-12-13 13:13:26 - [MESSAGE][PASSED] - Delayed 2 second(s)

2018-12-13 13:13:26 - [TEST_STEP][PASSED] - click: Object: 'Object Repository/Final Object Repo/New Registration - Registration Module Pages/New Reg - OTC to RO/Special Case - All Related Objects/Click to Continue Workflow' is clicked on

2018-12-13 13:13:29 - [MESSAGE][PASSED] - Object: 'Object Repository/Final Object Repo/New Registration - Registration Module Pages/New Reg - OTC to RO/Special Case - All Related Objects/Click to Continue Workflow' is clicked on

2018-12-13 13:13:29 - [TEST_STEP][PASSED] - delay: Delayed 2 second(s)

2018-12-13 13:13:31 - [MESSAGE][PASSED] - Delayed 2 second(s)

2018-12-13 13:13:31 - [TEST_STEP][PASSED] - click: Object: 'Object Repository/Final Object Repo/New Registration - Registration Module Pages/New Reg - OTC to RO/Special Case - All Related Objects/Continue Button in verifying case' is clicked on

2018-12-13 13:13:33 - [MESSAGE][PASSED] - Object: 'Object Repository/Final Object Repo/New Registration - Registration Module Pages/New Reg - OTC to RO/Special Case - All Related Objects/Continue Button in verifying case' is clicked on

2018-12-13 13:13:33 - [TEST_STEP][PASSED] - delay: Delayed 2 second(s)

2018-12-13 13:13:35 - [MESSAGE][PASSED] - Delayed 2 second(s)

2018-12-13 13:13:35 - [TEST_STEP][PASSED] - click: Object: 'Object Repository/Final Object Repo/New Registration - Registration Module Pages/Form 1/Registered As a Branch - Yes' is clicked on

2018-12-13 13:13:35 - [MESSAGE][PASSED] - Object: 'Object Repository/Final Object Repo/New Registration - Registration Module Pages/Form 1/Registered As a Branch - Yes' is clicked on

2018-12-13 13:13:35 - [TEST_STEP][PASSED] - delay: Delayed 2 second(s)

2018-12-13 13:13:37 - [MESSAGE][PASSED] - Delayed 2 second(s)

2018-12-13 13:13:37 - [TEST_STEP][PASSED] - click: Object: 'Object Repository/Final Object Repo/New Registration - Registration Module Pages/New Reg - OTC to RO/Special Case - All Related Objects/Form 1 Save n Continue' is clicked on

2018-12-13 13:13:37 - [MESSAGE][PASSED] - Object: 'Object Repository/Final Object Repo/New Registration - Registration Module Pages/New Reg - OTC to RO/Special Case - All Related Objects/Form 1 Save n Continue' is clicked on

2018-12-13 13:13:37 - [TEST_STEP][PASSED] - delay: Delayed 2 second(s)

2018-12-13 13:13:39 - [MESSAGE][PASSED] - Delayed 2 second(s)

2018-12-13 13:13:39 - [TEST_STEP][PASSED] - click: Object: 'Object Repository/Final Object Repo/New Registration - Registration Module Pages/New Reg - OTC to RO/Special Case - All Related Objects/Form 2 Save n Continue' is clicked on

2018-12-13 13:13:40 - [MESSAGE][PASSED] - Object: 'Object Repository/Final Object Repo/New Registration - Registration Module Pages/New Reg - OTC to RO/Special Case - All Related Objects/Form 2 Save n Continue' is clicked on

2018-12-13 13:13:40 - [TEST_STEP][PASSED] - delay: Delayed 2 second(s)

2018-12-13 13:13:42 - [MESSAGE][PASSED] - Delayed 2 second(s)

2018-12-13 13:13:42 - [TEST_STEP][PASSED] - click: Object: 'Object Repository/Final Object Repo/New Registration - Registration Module Pages/New Reg - OTC to RO/Special Case - All Related Objects/Third Screen Save n Continue' is clicked on

2018-12-13 13:13:47 - [MESSAGE][PASSED] - Object: 'Object Repository/Final Object Repo/New Registration - Registration Module Pages/New Reg - OTC to RO/Special Case - All Related Objects/Third Screen Save n Continue' is clicked on

2018-12-13 13:13:47 - [TEST_STEP][PASSED] - delay: Delayed 5 second(s)

2018-12-13 13:13:52 - [MESSAGE][PASSED] - Delayed 5 second(s)

2018-12-13 13:13:52 - [TEST_STEP][PASSED] - click: Object: 'Object Repository/Final Object Repo/New Registration - Registration Module Pages/New Reg - OTC to RO/Special Case - All Related Objects/Upload Doc Page Save n Continue' is clicked on

2018-12-13 13:13:52 - [MESSAGE][PASSED] - Object: 'Object Repository/Final Object Repo/New Registration - Registration Module Pages/New Reg - OTC to RO/Special Case - All Related Objects/Upload Doc Page Save n Continue' is clicked on

2018-12-13 13:13:52 - [TEST_STEP][PASSED] - delay: Delayed 5 second(s)

2018-12-13 13:13:57 - [MESSAGE][PASSED] - Delayed 5 second(s)

2018-12-13 13:13:57 - [TEST_STEP][PASSED] - click: Object: 'Object Repository/Final Object Repo/New Registration - Registration Module Pages/New Reg - OTC to RO/Special Case - All Related Objects/Under Enforcement Button at Preview Screen of RO' is clicked on

2018-12-13 13:13:57 - [MESSAGE][PASSED] - Object: 'Object Repository/Final Object Repo/New Registration - Registration Module Pages/New Reg - OTC to RO/Special Case - All Related Objects/Under Enforcement Button at Preview Screen of RO' is clicked on

2018-12-13 13:13:57 - [TEST_STEP][PASSED] - delay: Delayed 5 second(s)

2018-12-13 13:14:02 - [MESSAGE][PASSED] - Delayed 5 second(s)

2018-12-13 13:14:02 - [TEST_STEP][PASSED] - click: Object: 'Object Repository/Final Object Repo/New Registration - Registration Module Pages/New Reg - OTC to RO/Special Case - All Related Objects/Under Enforcement - inner form' is clicked on

2018-12-13 13:14:02 - [MESSAGE][PASSED] - Object: 'Object Repository/Final Object Repo/New Registration - Registration Module Pages/New Reg - OTC to RO/Special Case - All Related Objects/Under Enforcement - inner form' is clicked on

2018-12-13 13:14:02 - [TEST_STEP][PASSED] - callTestCase: Call Test Case 'Test Cases/Final Aug 2018 - PKS Automation/Common/Screenshoting tool' successfully

2018-12-13 13:14:02 - [TEST_CASE][PASSED] - Test Cases/Final Aug 2018 - PKS Automation/Common/Screenshoting tool: Test Cases/Final Aug 2018 - PKS Automation/Common/Screenshoting tool

2018-12-13 13:14:02 - [TEST_STEP][PASSED] - delay: Delayed 15 second(s)

2018-12-13 13:14:17 - [MESSAGE][PASSED] - Delayed 15 second(s)

2018-12-13 13:14:17 - [TEST_STEP][PASSED] - Statement - driver = com.kms.katalon.core.webui.driver.DriverFactory.getWebDriver(): null

2018-12-13 13:14:17 - [TEST_STEP][PASSED] - Statement - driver.manage().timeouts().implicitlyWait(10, SECONDS): null

2018-12-13 13:14:17 - [TEST_STEP][PASSED] - Statement - PresavePath = KatalonScreenshots: null

2018-12-13 13:14:17 - [TEST_STEP][PASSED] - Statement - pathPrefix = "C:\Users\Public\Pictures\Sample Pictures\Katalon Screenshots\Automate Ending Screen": null

2018-12-13 13:14:17 - [TEST_STEP][PASSED] - Statement - finalPath = <not implemented yet for class: org.codehaus.groovy.ast.expr.EmptyExpression>: null

2018-12-13 13:14:17 - [TEST_STEP][PASSED] - Statement - scrFile = driver.getScreenshotAs(FILE): null

2018-12-13 13:14:18 - [TEST_STEP][PASSED] - Statement - PreSaveFile = new java.io.File(PresavePath): null

2018-12-13 13:14:18 - [TEST_STEP][PASSED] - Statement - counter = 0: null

2018-12-13 13:14:18 - [TEST_STEP][PASSED] - Statement - If (PreSaveFile.exists()): null

2018-12-13 13:14:18 - [TEST_STEP][PASSED] - Statement - While (PreSaveFile.exists()): null

2018-12-13 13:14:18 - [TEST_STEP][PASSED] - Statement - counter = counter + 1: null

2018-12-13 13:14:18 - [TEST_STEP][PASSED] - Statement - PreSaveFile = new java.io.File(((pathPrefix + java.lang.Integer.toString(counter)) + .png)): null

2018-12-13 13:14:18 - [TEST_STEP][PASSED] - Statement - counter = counter + 1: null

2018-12-13 13:14:18 - [TEST_STEP][PASSED] - Statement - PreSaveFile = new java.io.File(((pathPrefix + java.lang.Integer.toString(counter)) + .png)): null

2018-12-13 13:14:18 - [TEST_STEP][PASSED] - Statement - counter = counter + 1: null

2018-12-13 13:14:18 - [TEST_STEP][PASSED] - Statement - PreSaveFile = new java.io.File(((pathPrefix + java.lang.Integer.toString(counter)) + .png)): null

2018-12-13 13:14:18 - [TEST_STEP][PASSED] - Statement - counter = counter + 1: null

2018-12-13 13:14:18 - [TEST_STEP][PASSED] - Statement - PreSaveFile = new java.io.File(((pathPrefix + java.lang.Integer.toString(counter)) + .png)): null

2018-12-13 13:14:18 - [TEST_STEP][PASSED] - Statement - counter = counter + 1: null

2018-12-13 13:14:18 - [TEST_STEP][PASSED] - Statement - PreSaveFile = new java.io.File(((pathPrefix + java.lang.Integer.toString(counter)) + .png)): null

2018-12-13 13:14:18 - [TEST_STEP][PASSED] - Statement - counter = counter + 1: null

2018-12-13 13:14:18 - [TEST_STEP][PASSED] - Statement - PreSaveFile = new java.io.File(((pathPrefix + java.lang.Integer.toString(counter)) + .png)): null

2018-12-13 13:14:18 - [TEST_STEP][PASSED] - Statement - counter = counter + 1: null

2018-12-13 13:14:18 - [TEST_STEP][PASSED] - Statement - PreSaveFile = new java.io.File(((pathPrefix + java.lang.Integer.toString(counter)) + .png)): null

2018-12-13 13:14:18 - [TEST_STEP][PASSED] - Statement - counter = counter + 1: null

2018-12-13 13:14:18 - [TEST_STEP][PASSED] - Statement - PreSaveFile = new java.io.File(((pathPrefix + java.lang.Integer.toString(counter)) + .png)): null

2018-12-13 13:14:18 - [TEST_STEP][PASSED] - Statement - counter = counter + 1: null

2018-12-13 13:14:18 - [TEST_STEP][PASSED] - Statement - PreSaveFile = new java.io.File(((pathPrefix + java.lang.Integer.toString(counter)) + .png)): null

2018-12-13 13:14:18 - [TEST_STEP][PASSED] - Statement - counter = counter + 1: null

2018-12-13 13:14:18 - [TEST_STEP][PASSED] - Statement - PreSaveFile = new java.io.File(((pathPrefix + java.lang.Integer.toString(counter)) + .png)): null

2018-12-13 13:14:18 - [TEST_STEP][PASSED] - Statement - counter = counter + 1: null

2018-12-13 13:14:18 - [TEST_STEP][PASSED] - Statement - PreSaveFile = new java.io.File(((pathPrefix + java.lang.Integer.toString(counter)) + .png)): null

2018-12-13 13:14:18 - [TEST_STEP][PASSED] - Statement - counter = counter + 1: null

2018-12-13 13:14:18 - [TEST_STEP][PASSED] - Statement - PreSaveFile = new java.io.File(((pathPrefix + java.lang.Integer.toString(counter)) + .png)): null

2018-12-13 13:14:18 - [TEST_STEP][PASSED] - Statement - counter = counter + 1: null

2018-12-13 13:14:18 - [TEST_STEP][PASSED] - Statement - PreSaveFile = new java.io.File(((pathPrefix + java.lang.Integer.toString(counter)) + .png)): null

2018-12-13 13:14:18 - [TEST_STEP][PASSED] - Statement - counter = counter + 1: null

2018-12-13 13:14:18 - [TEST_STEP][PASSED] - Statement - PreSaveFile = new java.io.File(((pathPrefix + java.lang.Integer.toString(counter)) + .png)): null

2018-12-13 13:14:18 - [TEST_STEP][PASSED] - Statement - counter = counter + 1: null

2018-12-13 13:14:18 - [TEST_STEP][PASSED] - Statement - PreSaveFile = new java.io.File(((pathPrefix + java.lang.Integer.toString(counter)) + .png)): null

2018-12-13 13:14:18 - [TEST_STEP][PASSED] - Statement - counter = counter + 1: null

2018-12-13 13:14:18 - [TEST_STEP][PASSED] - Statement - PreSaveFile = new java.io.File(((pathPrefix + java.lang.Integer.toString(counter)) + .png)): null

2018-12-13 13:14:18 - [TEST_STEP][PASSED] - Statement - counter = counter + 1: null

2018-12-13 13:14:18 - [TEST_STEP][PASSED] - Statement - PreSaveFile = new java.io.File(((pathPrefix + java.lang.Integer.toString(counter)) + .png)): null

2018-12-13 13:14:18 - [TEST_STEP][PASSED] - Statement - counter = counter + 1: null

2018-12-13 13:14:18 - [TEST_STEP][PASSED] - Statement - PreSaveFile = new java.io.File(((pathPrefix + java.lang.Integer.toString(counter)) + .png)): null

2018-12-13 13:14:18 - [TEST_STEP][PASSED] - Statement - counter = counter + 1: null

2018-12-13 13:14:18 - [TEST_STEP][PASSED] - Statement - PreSaveFile = new java.io.File(((pathPrefix + java.lang.Integer.toString(counter)) + .png)): null

2018-12-13 13:14:18 - [TEST_STEP][PASSED] - Statement - counter = counter + 1: null

2018-12-13 13:14:18 - [TEST_STEP][PASSED] - Statement - PreSaveFile = new java.io.File(((pathPrefix + java.lang.Integer.toString(counter)) + .png)): null

2018-12-13 13:14:18 - [TEST_STEP][PASSED] - Statement - counter = counter + 1: null

2018-12-13 13:14:18 - [TEST_STEP][PASSED] - Statement - PreSaveFile = new java.io.File(((pathPrefix + java.lang.Integer.toString(counter)) + .png)): null

2018-12-13 13:14:18 - [TEST_STEP][PASSED] - Statement - counter = counter + 1: null

2018-12-13 13:14:18 - [TEST_STEP][PASSED] - Statement - PreSaveFile = new java.io.File(((pathPrefix + java.lang.Integer.toString(counter)) + .png)): null

2018-12-13 13:14:18 - [TEST_STEP][PASSED] - Statement - counter = counter + 1: null

2018-12-13 13:14:18 - [TEST_STEP][PASSED] - Statement - PreSaveFile = new java.io.File(((pathPrefix + java.lang.Integer.toString(counter)) + .png)): null

2018-12-13 13:14:18 - [TEST_STEP][PASSED] - Statement - counter = counter + 1: null

2018-12-13 13:14:18 - [TEST_STEP][PASSED] - Statement - PreSaveFile = new java.io.File(((pathPrefix + java.lang.Integer.toString(counter)) + .png)): null

2018-12-13 13:14:18 - [TEST_STEP][PASSED] - Statement - counter = counter + 1: null

2018-12-13 13:14:18 - [TEST_STEP][PASSED] - Statement - PreSaveFile = new java.io.File(((pathPrefix + java.lang.Integer.toString(counter)) + .png)): null

2018-12-13 13:14:18 - [TEST_STEP][PASSED] - Statement - counter = counter + 1: null

2018-12-13 13:14:18 - [TEST_STEP][PASSED] - Statement - PreSaveFile = new java.io.File(((pathPrefix + java.lang.Integer.toString(counter)) + .png)): null

2018-12-13 13:14:18 - [TEST_STEP][PASSED] - Statement - counter = counter + 1: null

2018-12-13 13:14:18 - [TEST_STEP][PASSED] - Statement - PreSaveFile = new java.io.File(((pathPrefix + java.lang.Integer.toString(counter)) + .png)): null

2018-12-13 13:14:18 - [TEST_STEP][PASSED] - Statement - counter = counter + 1: null

2018-12-13 13:14:18 - [TEST_STEP][PASSED] - Statement - PreSaveFile = new java.io.File(((pathPrefix + java.lang.Integer.toString(counter)) + .png)): null

2018-12-13 13:14:18 - [TEST_STEP][PASSED] - Statement - counter = counter + 1: null

2018-12-13 13:14:18 - [TEST_STEP][PASSED] - Statement - PreSaveFile = new java.io.File(((pathPrefix + java.lang.Integer.toString(counter)) + .png)): null

2018-12-13 13:14:18 - [TEST_STEP][PASSED] - Statement - counter = counter + 1: null

2018-12-13 13:14:18 - [TEST_STEP][PASSED] - Statement - PreSaveFile = new java.io.File(((pathPrefix + java.lang.Integer.toString(counter)) + .png)): null

2018-12-13 13:14:18 - [TEST_STEP][PASSED] - Statement - counter = counter + 1: null

2018-12-13 13:14:18 - [TEST_STEP][PASSED] - Statement - PreSaveFile = new java.io.File(((pathPrefix + java.lang.Integer.toString(counter)) + .png)): null

2018-12-13 13:14:18 - [TEST_STEP][PASSED] - Statement - counter = counter + 1: null

2018-12-13 13:14:18 - [TEST_STEP][PASSED] - Statement - PreSaveFile = new java.io.File(((pathPrefix + java.lang.Integer.toString(counter)) + .png)): null

2018-12-13 13:14:18 - [TEST_STEP][PASSED] - Statement - counter = counter + 1: null

2018-12-13 13:14:18 - [TEST_STEP][PASSED] - Statement - PreSaveFile = new java.io.File(((pathPrefix + java.lang.Integer.toString(counter)) + .png)): null

2018-12-13 13:14:18 - [TEST_STEP][PASSED] - Statement - counter = counter + 1: null

2018-12-13 13:14:18 - [TEST_STEP][PASSED] - Statement - PreSaveFile = new java.io.File(((pathPrefix + java.lang.Integer.toString(counter)) + .png)): null

2018-12-13 13:14:18 - [TEST_STEP][PASSED] - Statement - counter = counter + 1: null

2018-12-13 13:14:18 - [TEST_STEP][PASSED] - Statement - PreSaveFile = new java.io.File(((pathPrefix + java.lang.Integer.toString(counter)) + .png)): null

2018-12-13 13:14:18 - [TEST_STEP][PASSED] - Statement - counter = counter + 1: null

2018-12-13 13:14:18 - [TEST_STEP][PASSED] - Statement - PreSaveFile = new java.io.File(((pathPrefix + java.lang.Integer.toString(counter)) + .png)): null

2018-12-13 13:14:18 - [TEST_STEP][PASSED] - Statement - counter = counter + 1: null

2018-12-13 13:14:18 - [TEST_STEP][PASSED] - Statement - PreSaveFile = new java.io.File(((pathPrefix + java.lang.Integer.toString(counter)) + .png)): null

2018-12-13 13:14:18 - [TEST_STEP][PASSED] - Statement - counter = counter + 1: null

2018-12-13 13:14:18 - [TEST_STEP][PASSED] - Statement - PreSaveFile = new java.io.File(((pathPrefix + java.lang.Integer.toString(counter)) + .png)): null

2018-12-13 13:14:18 - [TEST_STEP][PASSED] - Statement - counter = counter + 1: null

2018-12-13 13:14:18 - [TEST_STEP][PASSED] - Statement - PreSaveFile = new java.io.File(((pathPrefix + java.lang.Integer.toString(counter)) + .png)): null

2018-12-13 13:14:18 - [TEST_STEP][PASSED] - Statement - counter = counter + 1: null

2018-12-13 13:14:18 - [TEST_STEP][PASSED] - Statement - PreSaveFile = new java.io.File(((pathPrefix + java.lang.Integer.toString(counter)) + .png)): null

2018-12-13 13:14:18 - [TEST_STEP][PASSED] - Statement - counter = counter + 1: null

2018-12-13 13:14:18 - [TEST_STEP][PASSED] - Statement - PreSaveFile = new java.io.File(((pathPrefix + java.lang.Integer.toString(counter)) + .png)): null

2018-12-13 13:14:18 - [TEST_STEP][PASSED] - Statement - counter = counter + 1: null

2018-12-13 13:14:18 - [TEST_STEP][PASSED] - Statement - PreSaveFile = new java.io.File(((pathPrefix + java.lang.Integer.toString(counter)) + .png)): null

2018-12-13 13:14:18 - [TEST_STEP][PASSED] - Statement - counter = counter + 1: null

2018-12-13 13:14:18 - [TEST_STEP][PASSED] - Statement - PreSaveFile = new java.io.File(((pathPrefix + java.lang.Integer.toString(counter)) + .png)): null

2018-12-13 13:14:18 - [TEST_STEP][PASSED] - Statement - counter = counter + 1: null

2018-12-13 13:14:18 - [TEST_STEP][PASSED] - Statement - PreSaveFile = new java.io.File(((pathPrefix + java.lang.Integer.toString(counter)) + .png)): null

2018-12-13 13:14:18 - [TEST_STEP][PASSED] - Statement - counter = counter + 1: null

2018-12-13 13:14:18 - [TEST_STEP][PASSED] - Statement - PreSaveFile = new java.io.File(((pathPrefix + java.lang.Integer.toString(counter)) + .png)): null

2018-12-13 13:14:18 - [TEST_STEP][PASSED] - Statement - counter = counter + 1: null

2018-12-13 13:14:18 - [TEST_STEP][PASSED] - Statement - PreSaveFile = new java.io.File(((pathPrefix + java.lang.Integer.toString(counter)) + .png)): null

2018-12-13 13:14:18 - [TEST_STEP][PASSED] - Statement - counter = counter + 1: null

2018-12-13 13:14:18 - [TEST_STEP][PASSED] - Statement - PreSaveFile = new java.io.File(((pathPrefix + java.lang.Integer.toString(counter)) + .png)): null

2018-12-13 13:14:18 - [TEST_STEP][PASSED] - Statement - counter = counter + 1: null

2018-12-13 13:14:18 - [TEST_STEP][PASSED] - Statement - PreSaveFile = new java.io.File(((pathPrefix + java.lang.Integer.toString(counter)) + .png)): null

2018-12-13 13:14:18 - [TEST_STEP][PASSED] - Statement - counter = counter + 1: null

2018-12-13 13:14:18 - [TEST_STEP][PASSED] - Statement - PreSaveFile = new java.io.File(((pathPrefix + java.lang.Integer.toString(counter)) + .png)): null

2018-12-13 13:14:18 - [TEST_STEP][PASSED] - Statement - counter = counter + 1: null

2018-12-13 13:14:18 - [TEST_STEP][PASSED] - Statement - PreSaveFile = new java.io.File(((pathPrefix + java.lang.Integer.toString(counter)) + .png)): null

2018-12-13 13:14:18 - [TEST_STEP][PASSED] - Statement - counter = counter + 1: null

2018-12-13 13:14:18 - [TEST_STEP][PASSED] - Statement - PreSaveFile = new java.io.File(((pathPrefix + java.lang.Integer.toString(counter)) + .png)): null

2018-12-13 13:14:18 - [TEST_STEP][PASSED] - Statement - counter = counter + 1: null

2018-12-13 13:14:18 - [TEST_STEP][PASSED] - Statement - PreSaveFile = new java.io.File(((pathPrefix + java.lang.Integer.toString(counter)) + .png)): null

2018-12-13 13:14:18 - [TEST_STEP][PASSED] - Statement - counter = counter + 1: null

2018-12-13 13:14:18 - [TEST_STEP][PASSED] - Statement - PreSaveFile = new java.io.File(((pathPrefix + java.lang.Integer.toString(counter)) + .png)): null

2018-12-13 13:14:18 - [TEST_STEP][PASSED] - Statement - counter = counter + 1: null

2018-12-13 13:14:18 - [TEST_STEP][PASSED] - Statement - PreSaveFile = new java.io.File(((pathPrefix + java.lang.Integer.toString(counter)) + .png)): null

2018-12-13 13:14:18 - [TEST_STEP][PASSED] - Statement - counter = counter + 1: null

2018-12-13 13:14:18 - [TEST_STEP][PASSED] - Statement - PreSaveFile = new java.io.File(((pathPrefix + java.lang.Integer.toString(counter)) + .png)): null

2018-12-13 13:14:18 - [TEST_STEP][PASSED] - Statement - counter = counter + 1: null

2018-12-13 13:14:18 - [TEST_STEP][PASSED] - Statement - PreSaveFile = new java.io.File(((pathPrefix + java.lang.Integer.toString(counter)) + .png)): null

2018-12-13 13:14:18 - [TEST_STEP][PASSED] - Statement - counter = counter + 1: null

2018-12-13 13:14:18 - [TEST_STEP][PASSED] - Statement - PreSaveFile = new java.io.File(((pathPrefix + java.lang.Integer.toString(counter)) + .png)): null

2018-12-13 13:14:18 - [TEST_STEP][PASSED] - Statement - counter = counter + 1: null

2018-12-13 13:14:18 - [TEST_STEP][PASSED] - Statement - PreSaveFile = new java.io.File(((pathPrefix + java.lang.Integer.toString(counter)) + .png)): null

2018-12-13 13:14:18 - [TEST_STEP][PASSED] - Statement - counter = counter + 1: null

2018-12-13 13:14:18 - [TEST_STEP][PASSED] - Statement - PreSaveFile = new java.io.File(((pathPrefix + java.lang.Integer.toString(counter)) + .png)): null

2018-12-13 13:14:18 - [TEST_STEP][PASSED] - Statement - counter = counter + 1: null

2018-12-13 13:14:18 - [TEST_STEP][PASSED] - Statement - PreSaveFile = new java.io.File(((pathPrefix + java.lang.Integer.toString(counter)) + .png)): null

2018-12-13 13:14:18 - [TEST_STEP][PASSED] - Statement - counter = counter + 1: null

2018-12-13 13:14:18 - [TEST_STEP][PASSED] - Statement - PreSaveFile = new java.io.File(((pathPrefix + java.lang.Integer.toString(counter)) + .png)): null

2018-12-13 13:14:18 - [TEST_STEP][PASSED] - Statement - counter = counter + 1: null

2018-12-13 13:14:18 - [TEST_STEP][PASSED] - Statement - PreSaveFile = new java.io.File(((pathPrefix + java.lang.Integer.toString(counter)) + .png)): null

2018-12-13 13:14:18 - [TEST_STEP][PASSED] - Statement - counter = counter + 1: null

2018-12-13 13:14:18 - [TEST_STEP][PASSED] - Statement - PreSaveFile = new java.io.File(((pathPrefix + java.lang.Integer.toString(counter)) + .png)): null

2018-12-13 13:14:18 - [TEST_STEP][PASSED] - Statement - counter = counter + 1: null

2018-12-13 13:14:18 - [TEST_STEP][PASSED] - Statement - PreSaveFile = new java.io.File(((pathPrefix + java.lang.Integer.toString(counter)) + .png)): null

2018-12-13 13:14:18 - [TEST_STEP][PASSED] - Statement - counter = counter + 1: null

2018-12-13 13:14:18 - [TEST_STEP][PASSED] - Statement - PreSaveFile = new java.io.File(((pathPrefix + java.lang.Integer.toString(counter)) + .png)): null

2018-12-13 13:14:18 - [TEST_STEP][PASSED] - Statement - counter = counter + 1: null

2018-12-13 13:14:18 - [TEST_STEP][PASSED] - Statement - PreSaveFile = new java.io.File(((pathPrefix + java.lang.Integer.toString(counter)) + .png)): null

2018-12-13 13:14:18 - [TEST_STEP][PASSED] - Statement - counter = counter + 1: null

2018-12-13 13:14:18 - [TEST_STEP][PASSED] - Statement - PreSaveFile = new java.io.File(((pathPrefix + java.lang.Integer.toString(counter)) + .png)): null

2018-12-13 13:14:18 - [TEST_STEP][PASSED] - Statement - counter = counter + 1: null

2018-12-13 13:14:18 - [TEST_STEP][PASSED] - Statement - PreSaveFile = new java.io.File(((pathPrefix + java.lang.Integer.toString(counter)) + .png)): null

2018-12-13 13:14:18 - [TEST_STEP][PASSED] - Statement - counter = counter + 1: null

2018-12-13 13:14:18 - [TEST_STEP][PASSED] - Statement - PreSaveFile = new java.io.File(((pathPrefix + java.lang.Integer.toString(counter)) + .png)): null

2018-12-13 13:14:18 - [TEST_STEP][PASSED] - Statement - counter = counter + 1: null

2018-12-13 13:14:18 - [TEST_STEP][PASSED] - Statement - PreSaveFile = new java.io.File(((pathPrefix + java.lang.Integer.toString(counter)) + .png)): null

2018-12-13 13:14:18 - [TEST_STEP][PASSED] - Statement - counter = counter + 1: null

2018-12-13 13:14:18 - [TEST_STEP][PASSED] - Statement - PreSaveFile = new java.io.File(((pathPrefix + java.lang.Integer.toString(counter)) + .png)): null

2018-12-13 13:14:18 - [TEST_STEP][PASSED] - Statement - counter = counter + 1: null

2018-12-13 13:14:18 - [TEST_STEP][PASSED] - Statement - PreSaveFile = new java.io.File(((pathPrefix + java.lang.Integer.toString(counter)) + .png)): null

2018-12-13 13:14:18 - [TEST_STEP][PASSED] - Statement - counter = counter + 1: null

2018-12-13 13:14:18 - [TEST_STEP][PASSED] - Statement - PreSaveFile = new java.io.File(((pathPrefix + java.lang.Integer.toString(counter)) + .png)): null

2018-12-13 13:14:18 - [TEST_STEP][PASSED] - Statement - counter = counter + 1: null

2018-12-13 13:14:18 - [TEST_STEP][PASSED] - Statement - PreSaveFile = new java.io.File(((pathPrefix + java.lang.Integer.toString(counter)) + .png)): null

2018-12-13 13:14:18 - [TEST_STEP][PASSED] - Statement - counter = counter + 1: null

2018-12-13 13:14:18 - [TEST_STEP][PASSED] - Statement - PreSaveFile = new java.io.File(((pathPrefix + java.lang.Integer.toString(counter)) + .png)): null

2018-12-13 13:14:18 - [TEST_STEP][PASSED] - Statement - counter = counter + 1: null

2018-12-13 13:14:18 - [TEST_STEP][PASSED] - Statement - PreSaveFile = new java.io.File(((pathPrefix + java.lang.Integer.toString(counter)) + .png)): null

2018-12-13 13:14:18 - [TEST_STEP][PASSED] - Statement - counter = counter + 1: null

2018-12-13 13:14:18 - [TEST_STEP][PASSED] - Statement - PreSaveFile = new java.io.File(((pathPrefix + java.lang.Integer.toString(counter)) + .png)): null

2018-12-13 13:14:18 - [TEST_STEP][PASSED] - Statement - counter = counter + 1: null

2018-12-13 13:14:18 - [TEST_STEP][PASSED] - Statement - PreSaveFile = new java.io.File(((pathPrefix + java.lang.Integer.toString(counter)) + .png)): null

2018-12-13 13:14:18 - [TEST_STEP][PASSED] - Statement - counter = counter + 1: null

2018-12-13 13:14:18 - [TEST_STEP][PASSED] - Statement - PreSaveFile = new java.io.File(((pathPrefix + java.lang.Integer.toString(counter)) + .png)): null

2018-12-13 13:14:18 - [TEST_STEP][PASSED] - Statement - counter = counter + 1: null

2018-12-13 13:14:18 - [TEST_STEP][PASSED] - Statement - PreSaveFile = new java.io.File(((pathPrefix + java.lang.Integer.toString(counter)) + .png)): null

2018-12-13 13:14:18 - [TEST_STEP][PASSED] - Statement - counter = counter + 1: null

2018-12-13 13:14:18 - [TEST_STEP][PASSED] - Statement - PreSaveFile = new java.io.File(((pathPrefix + java.lang.Integer.toString(counter)) + .png)): null

2018-12-13 13:14:18 - [TEST_STEP][PASSED] - Statement - counter = counter + 1: null

2018-12-13 13:14:18 - [TEST_STEP][PASSED] - Statement - PreSaveFile = new java.io.File(((pathPrefix + java.lang.Integer.toString(counter)) + .png)): null

2018-12-13 13:14:18 - [TEST_STEP][PASSED] - Statement - counter = counter + 1: null

2018-12-13 13:14:18 - [TEST_STEP][PASSED] - Statement - PreSaveFile = new java.io.File(((pathPrefix + java.lang.Integer.toString(counter)) + .png)): null

2018-12-13 13:14:18 - [TEST_STEP][PASSED] - Statement - counter = counter + 1: null

2018-12-13 13:14:18 - [TEST_STEP][PASSED] - Statement - PreSaveFile = new java.io.File(((pathPrefix + java.lang.Integer.toString(counter)) + .png)): null

2018-12-13 13:14:18 - [TEST_STEP][PASSED] - Statement - counter = counter + 1: null

2018-12-13 13:14:18 - [TEST_STEP][PASSED] - Statement - PreSaveFile = new java.io.File(((pathPrefix + java.lang.Integer.toString(counter)) + .png)): null

2018-12-13 13:14:18 - [TEST_STEP][PASSED] - Statement - counter = counter + 1: null

2018-12-13 13:14:18 - [TEST_STEP][PASSED] - Statement - PreSaveFile = new java.io.File(((pathPrefix + java.lang.Integer.toString(counter)) + .png)): null

2018-12-13 13:14:18 - [TEST_STEP][PASSED] - Statement - counter = counter + 1: null

2018-12-13 13:14:18 - [TEST_STEP][PASSED] - Statement - PreSaveFile = new java.io.File(((pathPrefix + java.lang.Integer.toString(counter)) + .png)): null

2018-12-13 13:14:18 - [TEST_STEP][PASSED] - Statement - counter = counter + 1: null

2018-12-13 13:14:18 - [TEST_STEP][PASSED] - Statement - PreSaveFile = new java.io.File(((pathPrefix + java.lang.Integer.toString(counter)) + .png)): null

2018-12-13 13:14:18 - [TEST_STEP][PASSED] - Statement - counter = counter + 1: null

2018-12-13 13:14:18 - [TEST_STEP][PASSED] - Statement - PreSaveFile = new java.io.File(((pathPrefix + java.lang.Integer.toString(counter)) + .png)): null

2018-12-13 13:14:18 - [TEST_STEP][PASSED] - Statement - counter = counter + 1: null

2018-12-13 13:14:18 - [TEST_STEP][PASSED] - Statement - PreSaveFile = new java.io.File(((pathPrefix + java.lang.Integer.toString(counter)) + .png)): null

2018-12-13 13:14:18 - [TEST_STEP][PASSED] - Statement - counter = counter + 1: null

2018-12-13 13:14:18 - [TEST_STEP][PASSED] - Statement - PreSaveFile = new java.io.File(((pathPrefix + java.lang.Integer.toString(counter)) + .png)): null

2018-12-13 13:14:18 - [TEST_STEP][PASSED] - Statement - counter = counter + 1: null

2018-12-13 13:14:18 - [TEST_STEP][PASSED] - Statement - PreSaveFile = new java.io.File(((pathPrefix + java.lang.Integer.toString(counter)) + .png)): null

2018-12-13 13:14:18 - [TEST_STEP][PASSED] - Statement - counter = counter + 1: null

2018-12-13 13:14:18 - [TEST_STEP][PASSED] - Statement - PreSaveFile = new java.io.File(((pathPrefix + java.lang.Integer.toString(counter)) + .png)): null

2018-12-13 13:14:18 - [TEST_STEP][PASSED] - Statement - counter = counter + 1: null

2018-12-13 13:14:18 - [TEST_STEP][PASSED] - Statement - PreSaveFile = new java.io.File(((pathPrefix + java.lang.Integer.toString(counter)) + .png)): null

2018-12-13 13:14:18 - [TEST_STEP][PASSED] - Statement - counter = counter + 1: null

2018-12-13 13:14:18 - [TEST_STEP][PASSED] - Statement - PreSaveFile = new java.io.File(((pathPrefix + java.lang.Integer.toString(counter)) + .png)): null

2018-12-13 13:14:18 - [TEST_STEP][PASSED] - Statement - counter = counter + 1: null

2018-12-13 13:14:18 - [TEST_STEP][PASSED] - Statement - PreSaveFile = new java.io.File(((pathPrefix + java.lang.Integer.toString(counter)) + .png)): null

2018-12-13 13:14:18 - [TEST_STEP][PASSED] - Statement - counter = counter + 1: null

2018-12-13 13:14:18 - [TEST_STEP][PASSED] - Statement - PreSaveFile = new java.io.File(((pathPrefix + java.lang.Integer.toString(counter)) + .png)): null

2018-12-13 13:14:18 - [TEST_STEP][PASSED] - Statement - counter = counter + 1: null

2018-12-13 13:14:18 - [TEST_STEP][PASSED] - Statement - PreSaveFile = new java.io.File(((pathPrefix + java.lang.Integer.toString(counter)) + .png)): null

2018-12-13 13:14:18 - [TEST_STEP][PASSED] - Statement - counter = counter + 1: null

2018-12-13 13:14:18 - [TEST_STEP][PASSED] - Statement - PreSaveFile = new java.io.File(((pathPrefix + java.lang.Integer.toString(counter)) + .png)): null

2018-12-13 13:14:18 - [TEST_STEP][PASSED] - Statement - counter = counter + 1: null

2018-12-13 13:14:18 - [TEST_STEP][PASSED] - Statement - PreSaveFile = new java.io.File(((pathPrefix + java.lang.Integer.toString(counter)) + .png)): null

2018-12-13 13:14:18 - [TEST_STEP][PASSED] - Statement - counter = counter + 1: null

2018-12-13 13:14:18 - [TEST_STEP][PASSED] - Statement - PreSaveFile = new java.io.File(((pathPrefix + java.lang.Integer.toString(counter)) + .png)): null

2018-12-13 13:14:18 - [TEST_STEP][PASSED] - Statement - counter = counter + 1: null

2018-12-13 13:14:18 - [TEST_STEP][PASSED] - Statement - PreSaveFile = new java.io.File(((pathPrefix + java.lang.Integer.toString(counter)) + .png)): null

2018-12-13 13:14:18 - [TEST_STEP][PASSED] - Statement - counter = counter + 1: null

2018-12-13 13:14:18 - [TEST_STEP][PASSED] - Statement - PreSaveFile = new java.io.File(((pathPrefix + java.lang.Integer.toString(counter)) + .png)): null

2018-12-13 13:14:18 - [TEST_STEP][PASSED] - Statement - counter = counter + 1: null

2018-12-13 13:14:18 - [TEST_STEP][PASSED] - Statement - PreSaveFile = new java.io.File(((pathPrefix + java.lang.Integer.toString(counter)) + .png)): null

2018-12-13 13:14:18 - [TEST_STEP][PASSED] - Statement - counter = counter + 1: null

2018-12-13 13:14:18 - [TEST_STEP][PASSED] - Statement - PreSaveFile = new java.io.File(((pathPrefix + java.lang.Integer.toString(counter)) + .png)): null

2018-12-13 13:14:18 - [TEST_STEP][PASSED] - Statement - counter = counter + 1: null

2018-12-13 13:14:18 - [TEST_STEP][PASSED] - Statement - PreSaveFile = new java.io.File(((pathPrefix + java.lang.Integer.toString(counter)) + .png)): null

2018-12-13 13:14:18 - [TEST_STEP][PASSED] - Statement - counter = counter + 1: null

2018-12-13 13:14:18 - [TEST_STEP][PASSED] - Statement - PreSaveFile = new java.io.File(((pathPrefix + java.lang.Integer.toString(counter)) + .png)): null

2018-12-13 13:14:18 - [TEST_STEP][PASSED] - Statement - counter = counter + 1: null

2018-12-13 13:14:18 - [TEST_STEP][PASSED] - Statement - PreSaveFile = new java.io.File(((pathPrefix + java.lang.Integer.toString(counter)) + .png)): null

2018-12-13 13:14:18 - [TEST_STEP][PASSED] - Statement - counter = counter + 1: null

2018-12-13 13:14:18 - [TEST_STEP][PASSED] - Statement - PreSaveFile = new java.io.File(((pathPrefix + java.lang.Integer.toString(counter)) + .png)): null

2018-12-13 13:14:18 - [TEST_STEP][PASSED] - Statement - counter = counter + 1: null

2018-12-13 13:14:18 - [TEST_STEP][PASSED] - Statement - PreSaveFile = new java.io.File(((pathPrefix + java.lang.Integer.toString(counter)) + .png)): null

2018-12-13 13:14:18 - [TEST_STEP][PASSED] - Statement - counter = counter + 1: null

2018-12-13 13:14:18 - [TEST_STEP][PASSED] - Statement - PreSaveFile = new java.io.File(((pathPrefix + java.lang.Integer.toString(counter)) + .png)): null

2018-12-13 13:14:18 - [TEST_STEP][PASSED] - Statement - counter = counter + 1: null

2018-12-13 13:14:18 - [TEST_STEP][PASSED] - Statement - PreSaveFile = new java.io.File(((pathPrefix + java.lang.Integer.toString(counter)) + .png)): null

2018-12-13 13:14:18 - [TEST_STEP][PASSED] - Statement - counter = counter + 1: null

2018-12-13 13:14:18 - [TEST_STEP][PASSED] - Statement - PreSaveFile = new java.io.File(((pathPrefix + java.lang.Integer.toString(counter)) + .png)): null

2018-12-13 13:14:18 - [TEST_STEP][PASSED] - Statement - counter = counter + 1: null

2018-12-13 13:14:18 - [TEST_STEP][PASSED] - Statement - PreSaveFile = new java.io.File(((pathPrefix + java.lang.Integer.toString(counter)) + .png)): null

2018-12-13 13:14:18 - [TEST_STEP][PASSED] - Statement - counter = counter + 1: null

2018-12-13 13:14:18 - [TEST_STEP][PASSED] - Statement - PreSaveFile = new java.io.File(((pathPrefix + java.lang.Integer.toString(counter)) + .png)): null

2018-12-13 13:14:18 - [TEST_STEP][PASSED] - Statement - counter = counter + 1: null

2018-12-13 13:14:18 - [TEST_STEP][PASSED] - Statement - PreSaveFile = new java.io.File(((pathPrefix + java.lang.Integer.toString(counter)) + .png)): null

2018-12-13 13:14:18 - [TEST_STEP][PASSED] - Statement - counter = counter + 1: null

2018-12-13 13:14:18 - [TEST_STEP][PASSED] - Statement - PreSaveFile = new java.io.File(((pathPrefix + java.lang.Integer.toString(counter)) + .png)): null

2018-12-13 13:14:18 - [TEST_STEP][PASSED] - Statement - counter = counter + 1: null

2018-12-13 13:14:18 - [TEST_STEP][PASSED] - Statement - PreSaveFile = new java.io.File(((pathPrefix + java.lang.Integer.toString(counter)) + .png)): null

2018-12-13 13:14:18 - [TEST_STEP][PASSED] - Statement - counter = counter + 1: null

2018-12-13 13:14:18 - [TEST_STEP][PASSED] - Statement - PreSaveFile = new java.io.File(((pathPrefix + java.lang.Integer.toString(counter)) + .png)): null

2018-12-13 13:14:18 - [TEST_STEP][PASSED] - Statement - counter = counter + 1: null

2018-12-13 13:14:18 - [TEST_STEP][PASSED] - Statement - PreSaveFile = new java.io.File(((pathPrefix + java.lang.Integer.toString(counter)) + .png)): null

2018-12-13 13:14:18 - [TEST_STEP][PASSED] - Statement - counter = counter + 1: null

2018-12-13 13:14:18 - [TEST_STEP][PASSED] - Statement - PreSaveFile = new java.io.File(((pathPrefix + java.lang.Integer.toString(counter)) + .png)): null

2018-12-13 13:14:18 - [TEST_STEP][PASSED] - Statement - counter = counter + 1: null

2018-12-13 13:14:18 - [TEST_STEP][PASSED] - Statement - PreSaveFile = new java.io.File(((pathPrefix + java.lang.Integer.toString(counter)) + .png)): null

2018-12-13 13:14:18 - [TEST_STEP][PASSED] - Statement - counter = counter + 1: null

2018-12-13 13:14:18 - [TEST_STEP][PASSED] - Statement - PreSaveFile = new java.io.File(((pathPrefix + java.lang.Integer.toString(counter)) + .png)): null

2018-12-13 13:14:18 - [TEST_STEP][PASSED] - Statement - counter = counter + 1: null

2018-12-13 13:14:18 - [TEST_STEP][PASSED] - Statement - PreSaveFile = new java.io.File(((pathPrefix + java.lang.Integer.toString(counter)) + .png)): null

2018-12-13 13:14:18 - [TEST_STEP][PASSED] - Statement - counter = counter + 1: null

2018-12-13 13:14:18 - [TEST_STEP][PASSED] - Statement - PreSaveFile = new java.io.File(((pathPrefix + java.lang.Integer.toString(counter)) + .png)): null

2018-12-13 13:14:18 - [TEST_STEP][PASSED] - Statement - counter = counter + 1: null

2018-12-13 13:14:18 - [TEST_STEP][PASSED] - Statement - PreSaveFile = new java.io.File(((pathPrefix + java.lang.Integer.toString(counter)) + .png)): null

2018-12-13 13:14:18 - [TEST_STEP][PASSED] - Statement - counter = counter + 1: null

2018-12-13 13:14:18 - [TEST_STEP][PASSED] - Statement - PreSaveFile = new java.io.File(((pathPrefix + java.lang.Integer.toString(counter)) + .png)): null

2018-12-13 13:14:18 - [TEST_STEP][PASSED] - Statement - counter = counter + 1: null

2018-12-13 13:14:18 - [TEST_STEP][PASSED] - Statement - PreSaveFile = new java.io.File(((pathPrefix + java.lang.Integer.toString(counter)) + .png)): null

2018-12-13 13:14:18 - [TEST_STEP][PASSED] - Statement - counter = counter + 1: null

2018-12-13 13:14:18 - [TEST_STEP][PASSED] - Statement - PreSaveFile = new java.io.File(((pathPrefix + java.lang.Integer.toString(counter)) + .png)): null

2018-12-13 13:14:18 - [TEST_STEP][PASSED] - Statement - counter = counter + 1: null

2018-12-13 13:14:18 - [TEST_STEP][PASSED] - Statement - PreSaveFile = new java.io.File(((pathPrefix + java.lang.Integer.toString(counter)) + .png)): null

2018-12-13 13:14:18 - [TEST_STEP][PASSED] - Statement - counter = counter + 1: null

2018-12-13 13:14:18 - [TEST_STEP][PASSED] - Statement - PreSaveFile = new java.io.File(((pathPrefix + java.lang.Integer.toString(counter)) + .png)): null

2018-12-13 13:14:18 - [TEST_STEP][PASSED] - Statement - counter = counter + 1: null

2018-12-13 13:14:18 - [TEST_STEP][PASSED] - Statement - PreSaveFile = new java.io.File(((pathPrefix + java.lang.Integer.toString(counter)) + .png)): null

2018-12-13 13:14:18 - [TEST_STEP][PASSED] - Statement - counter = counter + 1: null

2018-12-13 13:14:18 - [TEST_STEP][PASSED] - Statement - PreSaveFile = new java.io.File(((pathPrefix + java.lang.Integer.toString(counter)) + .png)): null

2018-12-13 13:14:18 - [TEST_STEP][PASSED] - Statement - counter = counter + 1: null

2018-12-13 13:14:18 - [TEST_STEP][PASSED] - Statement - PreSaveFile = new java.io.File(((pathPrefix + java.lang.Integer.toString(counter)) + .png)): null

2018-12-13 13:14:18 - [TEST_STEP][PASSED] - Statement - counter = counter + 1: null

2018-12-13 13:14:18 - [TEST_STEP][PASSED] - Statement - PreSaveFile = new java.io.File(((pathPrefix + java.lang.Integer.toString(counter)) + .png)): null

2018-12-13 13:14:18 - [TEST_STEP][PASSED] - Statement - counter = counter + 1: null

2018-12-13 13:14:18 - [TEST_STEP][PASSED] - Statement - PreSaveFile = new java.io.File(((pathPrefix + java.lang.Integer.toString(counter)) + .png)): null

2018-12-13 13:14:18 - [TEST_STEP][PASSED] - Statement - counter = counter + 1: null

2018-12-13 13:14:18 - [TEST_STEP][PASSED] - Statement - PreSaveFile = new java.io.File(((pathPrefix + java.lang.Integer.toString(counter)) + .png)): null

2018-12-13 13:14:18 - [TEST_STEP][PASSED] - Statement - counter = counter + 1: null

2018-12-13 13:14:18 - [TEST_STEP][PASSED] - Statement - PreSaveFile = new java.io.File(((pathPrefix + java.lang.Integer.toString(counter)) + .png)): null

2018-12-13 13:14:18 - [TEST_STEP][PASSED] - Statement - counter = counter + 1: null

2018-12-13 13:14:18 - [TEST_STEP][PASSED] - Statement - PreSaveFile = new java.io.File(((pathPrefix + java.lang.Integer.toString(counter)) + .png)): null

2018-12-13 13:14:18 - [TEST_STEP][PASSED] - Statement - counter = counter + 1: null

2018-12-13 13:14:18 - [TEST_STEP][PASSED] - Statement - PreSaveFile = new java.io.File(((pathPrefix + java.lang.Integer.toString(counter)) + .png)): null

2018-12-13 13:14:18 - [TEST_STEP][PASSED] - Statement - counter = counter + 1: null

2018-12-13 13:14:18 - [TEST_STEP][PASSED] - Statement - PreSaveFile = new java.io.File(((pathPrefix + java.lang.Integer.toString(counter)) + .png)): null

2018-12-13 13:14:18 - [TEST_STEP][PASSED] - Statement - counter = counter + 1: null

2018-12-13 13:14:18 - [TEST_STEP][PASSED] - Statement - PreSaveFile = new java.io.File(((pathPrefix + java.lang.Integer.toString(counter)) + .png)): null

2018-12-13 13:14:18 - [TEST_STEP][PASSED] - Statement - counter = counter + 1: null

2018-12-13 13:14:18 - [TEST_STEP][PASSED] - Statement - PreSaveFile = new java.io.File(((pathPrefix + java.lang.Integer.toString(counter)) + .png)): null

2018-12-13 13:14:18 - [TEST_STEP][PASSED] - Statement - counter = counter + 1: null

2018-12-13 13:14:18 - [TEST_STEP][PASSED] - Statement - PreSaveFile = new java.io.File(((pathPrefix + java.lang.Integer.toString(counter)) + .png)): null

2018-12-13 13:14:18 - [TEST_STEP][PASSED] - Statement - counter = counter + 1: null

2018-12-13 13:14:18 - [TEST_STEP][PASSED] - Statement - PreSaveFile = new java.io.File(((pathPrefix + java.lang.Integer.toString(counter)) + .png)): null

2018-12-13 13:14:18 - [TEST_STEP][PASSED] - Statement - counter = counter + 1: null

2018-12-13 13:14:18 - [TEST_STEP][PASSED] - Statement - PreSaveFile = new java.io.File(((pathPrefix + java.lang.Integer.toString(counter)) + .png)): null

2018-12-13 13:14:18 - [TEST_STEP][PASSED] - Statement - counter = counter + 1: null

2018-12-13 13:14:18 - [TEST_STEP][PASSED] - Statement - PreSaveFile = new java.io.File(((pathPrefix + java.lang.Integer.toString(counter)) + .png)): null

2018-12-13 13:14:18 - [TEST_STEP][PASSED] - Statement - counter = counter + 1: null

2018-12-13 13:14:18 - [TEST_STEP][PASSED] - Statement - PreSaveFile = new java.io.File(((pathPrefix + java.lang.Integer.toString(counter)) + .png)): null

2018-12-13 13:14:18 - [TEST_STEP][PASSED] - Statement - counter = counter + 1: null

2018-12-13 13:14:18 - [TEST_STEP][PASSED] - Statement - PreSaveFile = new java.io.File(((pathPrefix + java.lang.Integer.toString(counter)) + .png)): null

2018-12-13 13:14:18 - [TEST_STEP][PASSED] - Statement - counter = counter + 1: null

2018-12-13 13:14:18 - [TEST_STEP][PASSED] - Statement - PreSaveFile = new java.io.File(((pathPrefix + java.lang.Integer.toString(counter)) + .png)): null

2018-12-13 13:14:18 - [TEST_STEP][PASSED] - Statement - counter = counter + 1: null

2018-12-13 13:14:18 - [TEST_STEP][PASSED] - Statement - PreSaveFile = new java.io.File(((pathPrefix + java.lang.Integer.toString(counter)) + .png)): null

2018-12-13 13:14:18 - [TEST_STEP][PASSED] - Statement - counter = counter + 1: null

2018-12-13 13:14:18 - [TEST_STEP][PASSED] - Statement - PreSaveFile = new java.io.File(((pathPrefix + java.lang.Integer.toString(counter)) + .png)): null

2018-12-13 13:14:18 - [TEST_STEP][PASSED] - Statement - counter = counter + 1: null

2018-12-13 13:14:18 - [TEST_STEP][PASSED] - Statement - PreSaveFile = new java.io.File(((pathPrefix + java.lang.Integer.toString(counter)) + .png)): null

2018-12-13 13:14:18 - [TEST_STEP][PASSED] - Statement - counter = counter + 1: null

2018-12-13 13:14:18 - [TEST_STEP][PASSED] - Statement - PreSaveFile = new java.io.File(((pathPrefix + java.lang.Integer.toString(counter)) + .png)): null

2018-12-13 13:14:18 - [TEST_STEP][PASSED] - Statement - counter = counter + 1: null

2018-12-13 13:14:18 - [TEST_STEP][PASSED] - Statement - PreSaveFile = new java.io.File(((pathPrefix + java.lang.Integer.toString(counter)) + .png)): null

2018-12-13 13:14:18 - [TEST_STEP][PASSED] - Statement - counter = counter + 1: null

2018-12-13 13:14:18 - [TEST_STEP][PASSED] - Statement - PreSaveFile = new java.io.File(((pathPrefix + java.lang.Integer.toString(counter)) + .png)): null

2018-12-13 13:14:18 - [TEST_STEP][PASSED] - Statement - counter = counter + 1: null

2018-12-13 13:14:18 - [TEST_STEP][PASSED] - Statement - PreSaveFile = new java.io.File(((pathPrefix + java.lang.Integer.toString(counter)) + .png)): null

2018-12-13 13:14:18 - [TEST_STEP][PASSED] - Statement - counter = counter + 1: null

2018-12-13 13:14:18 - [TEST_STEP][PASSED] - Statement - PreSaveFile = new java.io.File(((pathPrefix + java.lang.Integer.toString(counter)) + .png)): null

2018-12-13 13:14:18 - [TEST_STEP][PASSED] - Statement - counter = counter + 1: null

2018-12-13 13:14:18 - [TEST_STEP][PASSED] - Statement - PreSaveFile = new java.io.File(((pathPrefix + java.lang.Integer.toString(counter)) + .png)): null

2018-12-13 13:14:18 - [TEST_STEP][PASSED] - Statement - counter = counter + 1: null

2018-12-13 13:14:18 - [TEST_STEP][PASSED] - Statement - PreSaveFile = new java.io.File(((pathPrefix + java.lang.Integer.toString(counter)) + .png)): null

2018-12-13 13:14:18 - [TEST_STEP][PASSED] - Statement - counter = counter + 1: null

2018-12-13 13:14:18 - [TEST_STEP][PASSED] - Statement - PreSaveFile = new java.io.File(((pathPrefix + java.lang.Integer.toString(counter)) + .png)): null

2018-12-13 13:14:18 - [TEST_STEP][PASSED] - Statement - counter = counter + 1: null

2018-12-13 13:14:18 - [TEST_STEP][PASSED] - Statement - PreSaveFile = new java.io.File(((pathPrefix + java.lang.Integer.toString(counter)) + .png)): null

2018-12-13 13:14:18 - [TEST_STEP][PASSED] - Statement - counter = counter + 1: null

2018-12-13 13:14:18 - [TEST_STEP][PASSED] - Statement - PreSaveFile = new java.io.File(((pathPrefix + java.lang.Integer.toString(counter)) + .png)): null

2018-12-13 13:14:18 - [TEST_STEP][PASSED] - Statement - counter = counter + 1: null

2018-12-13 13:14:18 - [TEST_STEP][PASSED] - Statement - PreSaveFile = new java.io.File(((pathPrefix + java.lang.Integer.toString(counter)) + .png)): null

2018-12-13 13:14:18 - [TEST_STEP][PASSED] - Statement - counter = counter + 1: null

2018-12-13 13:14:18 - [TEST_STEP][PASSED] - Statement - PreSaveFile = new java.io.File(((pathPrefix + java.lang.Integer.toString(counter)) + .png)): null

2018-12-13 13:14:18 - [TEST_STEP][PASSED] - Statement - counter = counter + 1: null

2018-12-13 13:14:18 - [TEST_STEP][PASSED] - Statement - PreSaveFile = new java.io.File(((pathPrefix + java.lang.Integer.toString(counter)) + .png)): null

2018-12-13 13:14:18 - [TEST_STEP][PASSED] - Statement - counter = counter + 1: null

2018-12-13 13:14:18 - [TEST_STEP][PASSED] - Statement - PreSaveFile = new java.io.File(((pathPrefix + java.lang.Integer.toString(counter)) + .png)): null

2018-12-13 13:14:18 - [TEST_STEP][PASSED] - Statement - counter = counter + 1: null

2018-12-13 13:14:18 - [TEST_STEP][PASSED] - Statement - PreSaveFile = new java.io.File(((pathPrefix + java.lang.Integer.toString(counter)) + .png)): null

2018-12-13 13:14:18 - [TEST_STEP][PASSED] - Statement - counter = counter + 1: null

2018-12-13 13:14:18 - [TEST_STEP][PASSED] - Statement - PreSaveFile = new java.io.File(((pathPrefix + java.lang.Integer.toString(counter)) + .png)): null

2018-12-13 13:14:18 - [TEST_STEP][PASSED] - Statement - counter = counter + 1: null

2018-12-13 13:14:18 - [TEST_STEP][PASSED] - Statement - PreSaveFile = new java.io.File(((pathPrefix + java.lang.Integer.toString(counter)) + .png)): null

2018-12-13 13:14:18 - [TEST_STEP][PASSED] - Statement - counter = counter + 1: null

2018-12-13 13:14:18 - [TEST_STEP][PASSED] - Statement - PreSaveFile = new java.io.File(((pathPrefix + java.lang.Integer.toString(counter)) + .png)): null

2018-12-13 13:14:18 - [TEST_STEP][PASSED] - Statement - counter = counter + 1: null

2018-12-13 13:14:18 - [TEST_STEP][PASSED] - Statement - PreSaveFile = new java.io.File(((pathPrefix + java.lang.Integer.toString(counter)) + .png)): null

2018-12-13 13:14:18 - [TEST_STEP][PASSED] - Statement - counter = counter + 1: null

2018-12-13 13:14:18 - [TEST_STEP][PASSED] - Statement - PreSaveFile = new java.io.File(((pathPrefix + java.lang.Integer.toString(counter)) + .png)): null

2018-12-13 13:14:18 - [TEST_STEP][PASSED] - Statement - counter = counter + 1: null

2018-12-13 13:14:18 - [TEST_STEP][PASSED] - Statement - PreSaveFile = new java.io.File(((pathPrefix + java.lang.Integer.toString(counter)) + .png)): null

2018-12-13 13:14:18 - [TEST_STEP][PASSED] - Statement - counter = counter + 1: null

2018-12-13 13:14:18 - [TEST_STEP][PASSED] - Statement - PreSaveFile = new java.io.File(((pathPrefix + java.lang.Integer.toString(counter)) + .png)): null

2018-12-13 13:14:18 - [TEST_STEP][PASSED] - Statement - counter = counter + 1: null

2018-12-13 13:14:18 - [TEST_STEP][PASSED] - Statement - PreSaveFile = new java.io.File(((pathPrefix + java.lang.Integer.toString(counter)) + .png)): null

2018-12-13 13:14:18 - [TEST_STEP][PASSED] - Statement - counter = counter + 1: null

2018-12-13 13:14:18 - [TEST_STEP][PASSED] - Statement - PreSaveFile = new java.io.File(((pathPrefix + java.lang.Integer.toString(counter)) + .png)): null

2018-12-13 13:14:18 - [TEST_STEP][PASSED] - Statement - counter = counter + 1: null

2018-12-13 13:14:18 - [TEST_STEP][PASSED] - Statement - PreSaveFile = new java.io.File(((pathPrefix + java.lang.Integer.toString(counter)) + .png)): null

2018-12-13 13:14:18 - [TEST_STEP][PASSED] - Statement - counter = counter + 1: null

2018-12-13 13:14:18 - [TEST_STEP][PASSED] - Statement - PreSaveFile = new java.io.File(((pathPrefix + java.lang.Integer.toString(counter)) + .png)): null

2018-12-13 13:14:18 - [TEST_STEP][PASSED] - Statement - counter = counter + 1: null

2018-12-13 13:14:18 - [TEST_STEP][PASSED] - Statement - PreSaveFile = new java.io.File(((pathPrefix + java.lang.Integer.toString(counter)) + .png)): null

2018-12-13 13:14:18 - [TEST_STEP][PASSED] - Statement - counter = counter + 1: null

2018-12-13 13:14:18 - [TEST_STEP][PASSED] - Statement - PreSaveFile = new java.io.File(((pathPrefix + java.lang.Integer.toString(counter)) + .png)): null

2018-12-13 13:14:18 - [TEST_STEP][PASSED] - Statement - counter = counter + 1: null

2018-12-13 13:14:18 - [TEST_STEP][PASSED] - Statement - PreSaveFile = new java.io.File(((pathPrefix + java.lang.Integer.toString(counter)) + .png)): null

2018-12-13 13:14:18 - [TEST_STEP][PASSED] - Statement - counter = counter + 1: null

2018-12-13 13:14:18 - [TEST_STEP][PASSED] - Statement - PreSaveFile = new java.io.File(((pathPrefix + java.lang.Integer.toString(counter)) + .png)): null

2018-12-13 13:14:18 - [TEST_STEP][PASSED] - Statement - counter = counter + 1: null

2018-12-13 13:14:18 - [TEST_STEP][PASSED] - Statement - PreSaveFile = new java.io.File(((pathPrefix + java.lang.Integer.toString(counter)) + .png)): null

2018-12-13 13:14:18 - [TEST_STEP][PASSED] - Statement - counter = counter + 1: null

2018-12-13 13:14:18 - [TEST_STEP][PASSED] - Statement - PreSaveFile = new java.io.File(((pathPrefix + java.lang.Integer.toString(counter)) + .png)): null

2018-12-13 13:14:18 - [TEST_STEP][PASSED] - Statement - counter = counter + 1: null

2018-12-13 13:14:18 - [TEST_STEP][PASSED] - Statement - PreSaveFile = new java.io.File(((pathPrefix + java.lang.Integer.toString(counter)) + .png)): null

2018-12-13 13:14:18 - [TEST_STEP][PASSED] - Statement - counter = counter + 1: null

2018-12-13 13:14:18 - [TEST_STEP][PASSED] - Statement - PreSaveFile = new java.io.File(((pathPrefix + java.lang.Integer.toString(counter)) + .png)): null

2018-12-13 13:14:18 - [TEST_STEP][PASSED] - Statement - counter = counter + 1: null

2018-12-13 13:14:18 - [TEST_STEP][PASSED] - Statement - PreSaveFile = new java.io.File(((pathPrefix + java.lang.Integer.toString(counter)) + .png)): null

2018-12-13 13:14:18 - [TEST_STEP][PASSED] - Statement - counter = counter + 1: null

2018-12-13 13:14:18 - [TEST_STEP][PASSED] - Statement - PreSaveFile = new java.io.File(((pathPrefix + java.lang.Integer.toString(counter)) + .png)): null

2018-12-13 13:14:18 - [TEST_STEP][PASSED] - Statement - counter = counter + 1: null

2018-12-13 13:14:18 - [TEST_STEP][PASSED] - Statement - PreSaveFile = new java.io.File(((pathPrefix + java.lang.Integer.toString(counter)) + .png)): null

2018-12-13 13:14:18 - [TEST_STEP][PASSED] - Statement - counter = counter + 1: null

2018-12-13 13:14:18 - [TEST_STEP][PASSED] - Statement - PreSaveFile = new java.io.File(((pathPrefix + java.lang.Integer.toString(counter)) + .png)): null

2018-12-13 13:14:18 - [TEST_STEP][PASSED] - Statement - counter = counter + 1: null

2018-12-13 13:14:19 - [TEST_STEP][PASSED] - Statement - PreSaveFile = new java.io.File(((pathPrefix + java.lang.Integer.toString(counter)) + .png)): null

2018-12-13 13:14:19 - [TEST_STEP][PASSED] - Statement - counter = counter + 1: null

2018-12-13 13:14:19 - [TEST_STEP][PASSED] - Statement - PreSaveFile = new java.io.File(((pathPrefix + java.lang.Integer.toString(counter)) + .png)): null

2018-12-13 13:14:19 - [TEST_STEP][PASSED] - Statement - counter = counter + 1: null

2018-12-13 13:14:19 - [TEST_STEP][PASSED] - Statement - PreSaveFile = new java.io.File(((pathPrefix + java.lang.Integer.toString(counter)) + .png)): null

2018-12-13 13:14:19 - [TEST_STEP][PASSED] - Statement - counter = counter + 1: null

2018-12-13 13:14:19 - [TEST_STEP][PASSED] - Statement - PreSaveFile = new java.io.File(((pathPrefix + java.lang.Integer.toString(counter)) + .png)): null

2018-12-13 13:14:19 - [TEST_STEP][PASSED] - Statement - counter = counter + 1: null

2018-12-13 13:14:19 - [TEST_STEP][PASSED] - Statement - PreSaveFile = new java.io.File(((pathPrefix + java.lang.Integer.toString(counter)) + .png)): null

2018-12-13 13:14:19 - [TEST_STEP][PASSED] - Statement - counter = counter + 1: null

2018-12-13 13:14:19 - [TEST_STEP][PASSED] - Statement - PreSaveFile = new java.io.File(((pathPrefix + java.lang.Integer.toString(counter)) + .png)): null

2018-12-13 13:14:19 - [TEST_STEP][PASSED] - Statement - counter = counter + 1: null

2018-12-13 13:14:19 - [TEST_STEP][PASSED] - Statement - PreSaveFile = new java.io.File(((pathPrefix + java.lang.Integer.toString(counter)) + .png)): null

2018-12-13 13:14:19 - [TEST_STEP][PASSED] - Statement - counter = counter + 1: null

2018-12-13 13:14:19 - [TEST_STEP][PASSED] - Statement - PreSaveFile = new java.io.File(((pathPrefix + java.lang.Integer.toString(counter)) + .png)): null

2018-12-13 13:14:19 - [TEST_STEP][PASSED] - Statement - counter = counter + 1: null

2018-12-13 13:14:19 - [TEST_STEP][PASSED] - Statement - PreSaveFile = new java.io.File(((pathPrefix + java.lang.Integer.toString(counter)) + .png)): null

2018-12-13 13:14:19 - [TEST_STEP][PASSED] - Statement - counter = counter + 1: null

2018-12-13 13:14:19 - [TEST_STEP][PASSED] - Statement - PreSaveFile = new java.io.File(((pathPrefix + java.lang.Integer.toString(counter)) + .png)): null

2018-12-13 13:14:19 - [TEST_STEP][PASSED] - Statement - counter = counter + 1: null

2018-12-13 13:14:19 - [TEST_STEP][PASSED] - Statement - PreSaveFile = new java.io.File(((pathPrefix + java.lang.Integer.toString(counter)) + .png)): null

2018-12-13 13:14:19 - [TEST_STEP][PASSED] - Statement - counter = counter + 1: null

2018-12-13 13:14:19 - [TEST_STEP][PASSED] - Statement - PreSaveFile = new java.io.File(((pathPrefix + java.lang.Integer.toString(counter)) + .png)): null

2018-12-13 13:14:19 - [TEST_STEP][PASSED] - Statement - counter = counter + 1: null

2018-12-13 13:14:19 - [TEST_STEP][PASSED] - Statement - PreSaveFile = new java.io.File(((pathPrefix + java.lang.Integer.toString(counter)) + .png)): null

2018-12-13 13:14:19 - [TEST_STEP][PASSED] - Statement - counter = counter + 1: null

2018-12-13 13:14:19 - [TEST_STEP][PASSED] - Statement - PreSaveFile = new java.io.File(((pathPrefix + java.lang.Integer.toString(counter)) + .png)): null

2018-12-13 13:14:19 - [TEST_STEP][PASSED] - Statement - counter = counter + 1: null

2018-12-13 13:14:19 - [TEST_STEP][PASSED] - Statement - PreSaveFile = new java.io.File(((pathPrefix + java.lang.Integer.toString(counter)) + .png)): null

2018-12-13 13:14:19 - [TEST_STEP][PASSED] - Statement - counter = counter + 1: null

2018-12-13 13:14:19 - [TEST_STEP][PASSED] - Statement - PreSaveFile = new java.io.File(((pathPrefix + java.lang.Integer.toString(counter)) + .png)): null

2018-12-13 13:14:19 - [TEST_STEP][PASSED] - Statement - counter = counter + 1: null

2018-12-13 13:14:19 - [TEST_STEP][PASSED] - Statement - PreSaveFile = new java.io.File(((pathPrefix + java.lang.Integer.toString(counter)) + .png)): null

2018-12-13 13:14:19 - [TEST_STEP][PASSED] - Statement - counter = counter + 1: null

2018-12-13 13:14:19 - [TEST_STEP][PASSED] - Statement - PreSaveFile = new java.io.File(((pathPrefix + java.lang.Integer.toString(counter)) + .png)): null

2018-12-13 13:14:19 - [TEST_STEP][PASSED] - Statement - counter = counter + 1: null

2018-12-13 13:14:19 - [TEST_STEP][PASSED] - Statement - PreSaveFile = new java.io.File(((pathPrefix + java.lang.Integer.toString(counter)) + .png)): null

2018-12-13 13:14:19 - [TEST_STEP][PASSED] - Statement - counter = counter + 1: null

2018-12-13 13:14:19 - [TEST_STEP][PASSED] - Statement - PreSaveFile = new java.io.File(((pathPrefix + java.lang.Integer.toString(counter)) + .png)): null

2018-12-13 13:14:19 - [TEST_STEP][PASSED] - Statement - counter = counter + 1: null

2018-12-13 13:14:19 - [TEST_STEP][PASSED] - Statement - PreSaveFile = new java.io.File(((pathPrefix + java.lang.Integer.toString(counter)) + .png)): null

2018-12-13 13:14:19 - [TEST_STEP][PASSED] - Statement - counter = counter + 1: null

2018-12-13 13:14:19 - [TEST_STEP][PASSED] - Statement - PreSaveFile = new java.io.File(((pathPrefix + java.lang.Integer.toString(counter)) + .png)): null

2018-12-13 13:14:19 - [TEST_STEP][PASSED] - Statement - counter = counter + 1: null

2018-12-13 13:14:19 - [TEST_STEP][PASSED] - Statement - PreSaveFile = new java.io.File(((pathPrefix + java.lang.Integer.toString(counter)) + .png)): null

2018-12-13 13:14:19 - [TEST_STEP][PASSED] - Statement - counter = counter + 1: null

2018-12-13 13:14:19 - [TEST_STEP][PASSED] - Statement - PreSaveFile = new java.io.File(((pathPrefix + java.lang.Integer.toString(counter)) + .png)): null

2018-12-13 13:14:19 - [TEST_STEP][PASSED] - Statement - counter = counter + 1: null

2018-12-13 13:14:19 - [TEST_STEP][PASSED] - Statement - PreSaveFile = new java.io.File(((pathPrefix + java.lang.Integer.toString(counter)) + .png)): null

2018-12-13 13:14:19 - [TEST_STEP][PASSED] - Statement - counter = counter + 1: null

2018-12-13 13:14:19 - [TEST_STEP][PASSED] - Statement - PreSaveFile = new java.io.File(((pathPrefix + java.lang.Integer.toString(counter)) + .png)): null

2018-12-13 13:14:19 - [TEST_STEP][PASSED] - Statement - counter = counter + 1: null

2018-12-13 13:14:19 - [TEST_STEP][PASSED] - Statement - PreSaveFile = new java.io.File(((pathPrefix + java.lang.Integer.toString(counter)) + .png)): null

2018-12-13 13:14:19 - [TEST_STEP][PASSED] - Statement - counter = counter + 1: null

2018-12-13 13:14:19 - [TEST_STEP][PASSED] - Statement - PreSaveFile = new java.io.File(((pathPrefix + java.lang.Integer.toString(counter)) + .png)): null

2018-12-13 13:14:19 - [TEST_STEP][PASSED] - Statement - counter = counter + 1: null

2018-12-13 13:14:19 - [TEST_STEP][PASSED] - Statement - PreSaveFile = new java.io.File(((pathPrefix + java.lang.Integer.toString(counter)) + .png)): null

2018-12-13 13:14:19 - [TEST_STEP][PASSED] - Statement - counter = counter + 1: null

2018-12-13 13:14:19 - [TEST_STEP][PASSED] - Statement - PreSaveFile = new java.io.File(((pathPrefix + java.lang.Integer.toString(counter)) + .png)): null

2018-12-13 13:14:19 - [TEST_STEP][PASSED] - Statement - counter = counter + 1: null

2018-12-13 13:14:19 - [TEST_STEP][PASSED] - Statement - PreSaveFile = new java.io.File(((pathPrefix + java.lang.Integer.toString(counter)) + .png)): null

2018-12-13 13:14:19 - [TEST_STEP][PASSED] - Statement - counter = counter + 1: null

2018-12-13 13:14:19 - [TEST_STEP][PASSED] - Statement - PreSaveFile = new java.io.File(((pathPrefix + java.lang.Integer.toString(counter)) + .png)): null

2018-12-13 13:14:19 - [TEST_STEP][PASSED] - Statement - counter = counter + 1: null

2018-12-13 13:14:19 - [TEST_STEP][PASSED] - Statement - PreSaveFile = new java.io.File(((pathPrefix + java.lang.Integer.toString(counter)) + .png)): null

2018-12-13 13:14:19 - [TEST_STEP][PASSED] - Statement - counter = counter + 1: null

2018-12-13 13:14:19 - [TEST_STEP][PASSED] - Statement - PreSaveFile = new java.io.File(((pathPrefix + java.lang.Integer.toString(counter)) + .png)): null

2018-12-13 13:14:19 - [TEST_STEP][PASSED] - Statement - counter = counter + 1: null

2018-12-13 13:14:19 - [TEST_STEP][PASSED] - Statement - PreSaveFile = new java.io.File(((pathPrefix + java.lang.Integer.toString(counter)) + .png)): null

2018-12-13 13:14:19 - [TEST_STEP][PASSED] - Statement - counter = counter + 1: null

2018-12-13 13:14:19 - [TEST_STEP][PASSED] - Statement - PreSaveFile = new java.io.File(((pathPrefix + java.lang.Integer.toString(counter)) + .png)): null

2018-12-13 13:14:19 - [TEST_STEP][PASSED] - Statement - counter = counter + 1: null

2018-12-13 13:14:19 - [TEST_STEP][PASSED] - Statement - PreSaveFile = new java.io.File(((pathPrefix + java.lang.Integer.toString(counter)) + .png)): null

2018-12-13 13:14:19 - [TEST_STEP][PASSED] - Statement - counter = counter + 1: null

2018-12-13 13:14:19 - [TEST_STEP][PASSED] - Statement - PreSaveFile = new java.io.File(((pathPrefix + java.lang.Integer.toString(counter)) + .png)): null

2018-12-13 13:14:19 - [TEST_STEP][PASSED] - Statement - counter = counter + 1: null

2018-12-13 13:14:19 - [TEST_STEP][PASSED] - Statement - PreSaveFile = new java.io.File(((pathPrefix + java.lang.Integer.toString(counter)) + .png)): null

2018-12-13 13:14:19 - [TEST_STEP][PASSED] - Statement - counter = counter + 1: null

2018-12-13 13:14:19 - [TEST_STEP][PASSED] - Statement - PreSaveFile = new java.io.File(((pathPrefix + java.lang.Integer.toString(counter)) + .png)): null

2018-12-13 13:14:19 - [TEST_STEP][PASSED] - Statement - counter = counter + 1: null

2018-12-13 13:14:19 - [TEST_STEP][PASSED] - Statement - PreSaveFile = new java.io.File(((pathPrefix + java.lang.Integer.toString(counter)) + .png)): null

2018-12-13 13:14:19 - [TEST_STEP][PASSED] - Statement - counter = counter + 1: null

2018-12-13 13:14:19 - [TEST_STEP][PASSED] - Statement - PreSaveFile = new java.io.File(((pathPrefix + java.lang.Integer.toString(counter)) + .png)): null

2018-12-13 13:14:19 - [TEST_STEP][PASSED] - Statement - counter = counter + 1: null

2018-12-13 13:14:19 - [TEST_STEP][PASSED] - Statement - PreSaveFile = new java.io.File(((pathPrefix + java.lang.Integer.toString(counter)) + .png)): null

2018-12-13 13:14:19 - [TEST_STEP][PASSED] - Statement - counter = counter + 1: null

2018-12-13 13:14:19 - [TEST_STEP][PASSED] - Statement - PreSaveFile = new java.io.File(((pathPrefix + java.lang.Integer.toString(counter)) + .png)): null

2018-12-13 13:14:19 - [TEST_STEP][PASSED] - Statement - counter = counter + 1: null

2018-12-13 13:14:19 - [TEST_STEP][PASSED] - Statement - PreSaveFile = new java.io.File(((pathPrefix + java.lang.Integer.toString(counter)) + .png)): null

2018-12-13 13:14:19 - [TEST_STEP][PASSED] - Statement - counter = counter + 1: null

2018-12-13 13:14:19 - [TEST_STEP][PASSED] - Statement - PreSaveFile = new java.io.File(((pathPrefix + java.lang.Integer.toString(counter)) + .png)): null

2018-12-13 13:14:19 - [TEST_STEP][PASSED] - Statement - counter = counter + 1: null

2018-12-13 13:14:19 - [TEST_STEP][PASSED] - Statement - PreSaveFile = new java.io.File(((pathPrefix + java.lang.Integer.toString(counter)) + .png)): null

2018-12-13 13:14:19 - [TEST_STEP][PASSED] - Statement - counter = counter + 1: null

2018-12-13 13:14:19 - [TEST_STEP][PASSED] - Statement - PreSaveFile = new java.io.File(((pathPrefix + java.lang.Integer.toString(counter)) + .png)): null

2018-12-13 13:14:19 - [TEST_STEP][PASSED] - Statement - counter = counter + 1: null

2018-12-13 13:14:19 - [TEST_STEP][PASSED] - Statement - PreSaveFile = new java.io.File(((pathPrefix + java.lang.Integer.toString(counter)) + .png)): null

2018-12-13 13:14:19 - [TEST_STEP][PASSED] - Statement - counter = counter + 1: null

2018-12-13 13:14:19 - [TEST_STEP][PASSED] - Statement - PreSaveFile = new java.io.File(((pathPrefix + java.lang.Integer.toString(counter)) + .png)): null

2018-12-13 13:14:19 - [TEST_STEP][PASSED] - Statement - counter = counter + 1: null

2018-12-13 13:14:19 - [TEST_STEP][PASSED] - Statement - PreSaveFile = new java.io.File(((pathPrefix + java.lang.Integer.toString(counter)) + .png)): null

2018-12-13 13:14:19 - [TEST_STEP][PASSED] - Statement - counter = counter + 1: null

2018-12-13 13:14:19 - [TEST_STEP][PASSED] - Statement - PreSaveFile = new java.io.File(((pathPrefix + java.lang.Integer.toString(counter)) + .png)): null

2018-12-13 13:14:19 - [TEST_STEP][PASSED] - Statement - counter = counter + 1: null

2018-12-13 13:14:19 - [TEST_STEP][PASSED] - Statement - PreSaveFile = new java.io.File(((pathPrefix + java.lang.Integer.toString(counter)) + .png)): null

2018-12-13 13:14:19 - [TEST_STEP][PASSED] - Statement - counter = counter + 1: null

2018-12-13 13:14:19 - [TEST_STEP][PASSED] - Statement - PreSaveFile = new java.io.File(((pathPrefix + java.lang.Integer.toString(counter)) + .png)): null

2018-12-13 13:14:19 - [TEST_STEP][PASSED] - Statement - counter = counter + 1: null

2018-12-13 13:14:19 - [TEST_STEP][PASSED] - Statement - PreSaveFile = new java.io.File(((pathPrefix + java.lang.Integer.toString(counter)) + .png)): null

2018-12-13 13:14:19 - [TEST_STEP][PASSED] - Statement - counter = counter + 1: null

2018-12-13 13:14:19 - [TEST_STEP][PASSED] - Statement - PreSaveFile = new java.io.File(((pathPrefix + java.lang.Integer.toString(counter)) + .png)): null

2018-12-13 13:14:19 - [TEST_STEP][PASSED] - Statement - counter = counter + 1: null

2018-12-13 13:14:19 - [TEST_STEP][PASSED] - Statement - PreSaveFile = new java.io.File(((pathPrefix + java.lang.Integer.toString(counter)) + .png)): null

2018-12-13 13:14:19 - [TEST_STEP][PASSED] - Statement - counter = counter + 1: null

2018-12-13 13:14:19 - [TEST_STEP][PASSED] - Statement - PreSaveFile = new java.io.File(((pathPrefix + java.lang.Integer.toString(counter)) + .png)): null

2018-12-13 13:14:19 - [TEST_STEP][PASSED] - Statement - counter = counter + 1: null

2018-12-13 13:14:19 - [TEST_STEP][PASSED] - Statement - PreSaveFile = new java.io.File(((pathPrefix + java.lang.Integer.toString(counter)) + .png)): null

2018-12-13 13:14:19 - [TEST_STEP][PASSED] - Statement - counter = counter + 1: null

2018-12-13 13:14:19 - [TEST_STEP][PASSED] - Statement - PreSaveFile = new java.io.File(((pathPrefix + java.lang.Integer.toString(counter)) + .png)): null

2018-12-13 13:14:19 - [TEST_STEP][PASSED] - Statement - counter = counter + 1: null

2018-12-13 13:14:19 - [TEST_STEP][PASSED] - Statement - PreSaveFile = new java.io.File(((pathPrefix + java.lang.Integer.toString(counter)) + .png)): null

2018-12-13 13:14:19 - [TEST_STEP][PASSED] - Statement - counter = counter + 1: null

2018-12-13 13:14:19 - [TEST_STEP][PASSED] - Statement - PreSaveFile = new java.io.File(((pathPrefix + java.lang.Integer.toString(counter)) + .png)): null

2018-12-13 13:14:19 - [TEST_STEP][PASSED] - Statement - counter = counter + 1: null

2018-12-13 13:14:19 - [TEST_STEP][PASSED] - Statement - PreSaveFile = new java.io.File(((pathPrefix + java.lang.Integer.toString(counter)) + .png)): null

2018-12-13 13:14:19 - [TEST_STEP][PASSED] - Statement - counter = counter + 1: null

2018-12-13 13:14:19 - [TEST_STEP][PASSED] - Statement - PreSaveFile = new java.io.File(((pathPrefix + java.lang.Integer.toString(counter)) + .png)): null

2018-12-13 13:14:19 - [TEST_STEP][PASSED] - Statement - counter = counter + 1: null

2018-12-13 13:14:19 - [TEST_STEP][PASSED] - Statement - PreSaveFile = new java.io.File(((pathPrefix + java.lang.Integer.toString(counter)) + .png)): null

2018-12-13 13:14:19 - [TEST_STEP][PASSED] - Statement - counter = counter + 1: null

2018-12-13 13:14:19 - [TEST_STEP][PASSED] - Statement - PreSaveFile = new java.io.File(((pathPrefix + java.lang.Integer.toString(counter)) + .png)): null

2018-12-13 13:14:19 - [TEST_STEP][PASSED] - Statement - counter = counter + 1: null

2018-12-13 13:14:19 - [TEST_STEP][PASSED] - Statement - PreSaveFile = new java.io.File(((pathPrefix + java.lang.Integer.toString(counter)) + .png)): null

2018-12-13 13:14:19 - [TEST_STEP][PASSED] - Statement - counter = counter + 1: null

2018-12-13 13:14:19 - [TEST_STEP][PASSED] - Statement - PreSaveFile = new java.io.File(((pathPrefix + java.lang.Integer.toString(counter)) + .png)): null

2018-12-13 13:14:19 - [TEST_STEP][PASSED] - Statement - counter = counter + 1: null

2018-12-13 13:14:19 - [TEST_STEP][PASSED] - Statement - PreSaveFile = new java.io.File(((pathPrefix + java.lang.Integer.toString(counter)) + .png)): null

2018-12-13 13:14:19 - [TEST_STEP][PASSED] - Statement - counter = counter + 1: null

2018-12-13 13:14:19 - [TEST_STEP][PASSED] - Statement - PreSaveFile = new java.io.File(((pathPrefix + java.lang.Integer.toString(counter)) + .png)): null

2018-12-13 13:14:19 - [TEST_STEP][PASSED] - Statement - counter = counter + 1: null

2018-12-13 13:14:19 - [TEST_STEP][PASSED] - Statement - PreSaveFile = new java.io.File(((pathPrefix + java.lang.Integer.toString(counter)) + .png)): null

2018-12-13 13:14:19 - [TEST_STEP][PASSED] - Statement - counter = counter + 1: null

2018-12-13 13:14:19 - [TEST_STEP][PASSED] - Statement - PreSaveFile = new java.io.File(((pathPrefix + java.lang.Integer.toString(counter)) + .png)): null

2018-12-13 13:14:19 - [TEST_STEP][PASSED] - Statement - counter = counter + 1: null

2018-12-13 13:14:19 - [TEST_STEP][PASSED] - Statement - PreSaveFile = new java.io.File(((pathPrefix + java.lang.Integer.toString(counter)) + .png)): null

2018-12-13 13:14:19 - [TEST_STEP][PASSED] - Statement - counter = counter + 1: null

2018-12-13 13:14:19 - [TEST_STEP][PASSED] - Statement - PreSaveFile = new java.io.File(((pathPrefix + java.lang.Integer.toString(counter)) + .png)): null

2018-12-13 13:14:19 - [TEST_STEP][PASSED] - Statement - counter = counter + 1: null

2018-12-13 13:14:19 - [TEST_STEP][PASSED] - Statement - PreSaveFile = new java.io.File(((pathPrefix + java.lang.Integer.toString(counter)) + .png)): null

2018-12-13 13:14:19 - [TEST_STEP][PASSED] - Statement - counter = counter + 1: null

2018-12-13 13:14:19 - [TEST_STEP][PASSED] - Statement - PreSaveFile = new java.io.File(((pathPrefix + java.lang.Integer.toString(counter)) + .png)): null

2018-12-13 13:14:19 - [TEST_STEP][PASSED] - Statement - counter = counter + 1: null

2018-12-13 13:14:19 - [TEST_STEP][PASSED] - Statement - PreSaveFile = new java.io.File(((pathPrefix + java.lang.Integer.toString(counter)) + .png)): null

2018-12-13 13:14:19 - [TEST_STEP][PASSED] - Statement - counter = counter + 1: null

2018-12-13 13:14:19 - [TEST_STEP][PASSED] - Statement - PreSaveFile = new java.io.File(((pathPrefix + java.lang.Integer.toString(counter)) + .png)): null

2018-12-13 13:14:19 - [TEST_STEP][PASSED] - Statement - counter = counter + 1: null

2018-12-13 13:14:19 - [TEST_STEP][PASSED] - Statement - PreSaveFile = new java.io.File(((pathPrefix + java.lang.Integer.toString(counter)) + .png)): null

2018-12-13 13:14:19 - [TEST_STEP][PASSED] - Statement - counter = counter + 1: null

2018-12-13 13:14:19 - [TEST_STEP][PASSED] - Statement - PreSaveFile = new java.io.File(((pathPrefix + java.lang.Integer.toString(counter)) + .png)): null

2018-12-13 13:14:19 - [TEST_STEP][PASSED] - Statement - counter = counter + 1: null

2018-12-13 13:14:19 - [TEST_STEP][PASSED] - Statement - PreSaveFile = new java.io.File(((pathPrefix + java.lang.Integer.toString(counter)) + .png)): null

2018-12-13 13:14:19 - [TEST_STEP][PASSED] - Statement - counter = counter + 1: null

2018-12-13 13:14:19 - [TEST_STEP][PASSED] - Statement - PreSaveFile = new java.io.File(((pathPrefix + java.lang.Integer.toString(counter)) + .png)): null

2018-12-13 13:14:19 - [TEST_STEP][PASSED] - Statement - counter = counter + 1: null

2018-12-13 13:14:19 - [TEST_STEP][PASSED] - Statement - PreSaveFile = new java.io.File(((pathPrefix + java.lang.Integer.toString(counter)) + .png)): null

2018-12-13 13:14:19 - [TEST_STEP][PASSED] - Statement - counter = counter + 1: null

2018-12-13 13:14:19 - [TEST_STEP][PASSED] - Statement - PreSaveFile = new java.io.File(((pathPrefix + java.lang.Integer.toString(counter)) + .png)): null

2018-12-13 13:14:19 - [TEST_STEP][PASSED] - Statement - counter = counter + 1: null

2018-12-13 13:14:19 - [TEST_STEP][PASSED] - Statement - PreSaveFile = new java.io.File(((pathPrefix + java.lang.Integer.toString(counter)) + .png)): null

2018-12-13 13:14:19 - [TEST_STEP][PASSED] - Statement - counter = counter + 1: null

2018-12-13 13:14:19 - [TEST_STEP][PASSED] - Statement - PreSaveFile = new java.io.File(((pathPrefix + java.lang.Integer.toString(counter)) + .png)): null

2018-12-13 13:14:19 - [TEST_STEP][PASSED] - Statement - counter = counter + 1: null

2018-12-13 13:14:19 - [TEST_STEP][PASSED] - Statement - PreSaveFile = new java.io.File(((pathPrefix + java.lang.Integer.toString(counter)) + .png)): null

2018-12-13 13:14:19 - [TEST_STEP][PASSED] - Statement - counter = counter + 1: null

2018-12-13 13:14:19 - [TEST_STEP][PASSED] - Statement - PreSaveFile = new java.io.File(((pathPrefix + java.lang.Integer.toString(counter)) + .png)): null

2018-12-13 13:14:19 - [TEST_STEP][PASSED] - Statement - counter = counter + 1: null

2018-12-13 13:14:19 - [TEST_STEP][PASSED] - Statement - PreSaveFile = new java.io.File(((pathPrefix + java.lang.Integer.toString(counter)) + .png)): null

2018-12-13 13:14:19 - [TEST_STEP][PASSED] - Statement - counter = counter + 1: null

2018-12-13 13:14:19 - [TEST_STEP][PASSED] - Statement - PreSaveFile = new java.io.File(((pathPrefix + java.lang.Integer.toString(counter)) + .png)): null

2018-12-13 13:14:19 - [TEST_STEP][PASSED] - Statement - counter = counter + 1: null

2018-12-13 13:14:19 - [TEST_STEP][PASSED] - Statement - PreSaveFile = new java.io.File(((pathPrefix + java.lang.Integer.toString(counter)) + .png)): null

2018-12-13 13:14:19 - [TEST_STEP][PASSED] - Statement - counter = counter + 1: null

2018-12-13 13:14:19 - [TEST_STEP][PASSED] - Statement - PreSaveFile = new java.io.File(((pathPrefix + java.lang.Integer.toString(counter)) + .png)): null

2018-12-13 13:14:19 - [TEST_STEP][PASSED] - Statement - counter = counter + 1: null

2018-12-13 13:14:19 - [TEST_STEP][PASSED] - Statement - PreSaveFile = new java.io.File(((pathPrefix + java.lang.Integer.toString(counter)) + .png)): null

2018-12-13 13:14:19 - [TEST_STEP][PASSED] - Statement - counter = counter + 1: null

2018-12-13 13:14:19 - [TEST_STEP][PASSED] - Statement - PreSaveFile = new java.io.File(((pathPrefix + java.lang.Integer.toString(counter)) + .png)): null

2018-12-13 13:14:19 - [TEST_STEP][PASSED] - Statement - counter = counter + 1: null

2018-12-13 13:14:19 - [TEST_STEP][PASSED] - Statement - PreSaveFile = new java.io.File(((pathPrefix + java.lang.Integer.toString(counter)) + .png)): null

2018-12-13 13:14:19 - [TEST_STEP][PASSED] - Statement - counter = counter + 1: null

2018-12-13 13:14:19 - [TEST_STEP][PASSED] - Statement - PreSaveFile = new java.io.File(((pathPrefix + java.lang.Integer.toString(counter)) + .png)): null

2018-12-13 13:14:19 - [TEST_STEP][PASSED] - Statement - counter = counter + 1: null

2018-12-13 13:14:19 - [TEST_STEP][PASSED] - Statement - PreSaveFile = new java.io.File(((pathPrefix + java.lang.Integer.toString(counter)) + .png)): null

2018-12-13 13:14:19 - [TEST_STEP][PASSED] - Statement - counter = counter + 1: null

2018-12-13 13:14:19 - [TEST_STEP][PASSED] - Statement - PreSaveFile = new java.io.File(((pathPrefix + java.lang.Integer.toString(counter)) + .png)): null

2018-12-13 13:14:19 - [TEST_STEP][PASSED] - Statement - counter = counter + 1: null

2018-12-13 13:14:19 - [TEST_STEP][PASSED] - Statement - PreSaveFile = new java.io.File(((pathPrefix + java.lang.Integer.toString(counter)) + .png)): null

2018-12-13 13:14:19 - [TEST_STEP][PASSED] - Statement - counter = counter + 1: null

2018-12-13 13:14:19 - [TEST_STEP][PASSED] - Statement - PreSaveFile = new java.io.File(((pathPrefix + java.lang.Integer.toString(counter)) + .png)): null

2018-12-13 13:14:19 - [TEST_STEP][PASSED] - Statement - counter = counter + 1: null

2018-12-13 13:14:19 - [TEST_STEP][PASSED] - Statement - PreSaveFile = new java.io.File(((pathPrefix + java.lang.Integer.toString(counter)) + .png)): null

2018-12-13 13:14:19 - [TEST_STEP][PASSED] - Statement - counter = counter + 1: null

2018-12-13 13:14:19 - [TEST_STEP][PASSED] - Statement - PreSaveFile = new java.io.File(((pathPrefix + java.lang.Integer.toString(counter)) + .png)): null

2018-12-13 13:14:19 - [TEST_STEP][PASSED] - Statement - finalPath = pathPrefix + java.lang.Integer.toString(counter) + ".png": null

2018-12-13 13:14:19 - [TEST_STEP][PASSED] - Statement - SaveFile = new java.io.File(finalPath): null

2018-12-13 13:14:19 - [TEST_STEP][PASSED] - Statement - Try: null

2018-12-13 13:14:19 - [TEST_STEP][PASSED] - Statement - org.apache.commons.io.FileUtils.copyFile(scrFile, SaveFile): null

2018-12-13 13:14:19 - [TEST_STEP][PASSED] - Statement - out.println("file kept"): null

2018-12-13 13:14:19 - [TEST_STEP][PASSED] - delay: Delayed 10 second(s)

2018-12-13 13:14:29 - [MESSAGE][PASSED] - Delayed 10 second(s)

2018-12-13 13:14:29 - [MESSAGE][PASSED] - Call Test Case 'Test Cases/Final Aug 2018 - PKS Automation/Common/Screenshoting tool' successfully

2018-12-13 13:14:29 - [TEST_STEP][PASSED] - callTestCase: Call Test Case 'Test Cases/Final Aug 2018 - PKS Automation/Registration Module/Log Out/log out avoiding katalon tagging' successfully

2018-12-13 13:14:29 - [TEST_CASE][PASSED] - Test Cases/Final Aug 2018 - PKS Automation/Registration Module/Log Out/log out avoiding katalon tagging: Test Cases/Final Aug 2018 - PKS Automation/Registration Module/Log Out/log out avoiding katalon tagging

2018-12-13 13:14:29 - [TEST_STEP][PASSED] - navigateToUrl: Navigate to 'https://assist2-uat.perkeso.gov.my/c/portal/logout' successfully

2018-12-13 13:14:30 - [MESSAGE][PASSED] - Navigate to 'https://assist2-uat.perkeso.gov.my/c/portal/logout' successfully

2018-12-13 13:14:30 - [MESSAGE][PASSED] - Call Test Case 'Test Cases/Final Aug 2018 - PKS Automation/Registration Module/Log Out/log out avoiding katalon tagging' successfully

2018-12-13 13:14:30 - [TEST_STEP][PASSED] - delay: Delayed 2 second(s)

2018-12-13 13:14:32 - [MESSAGE][PASSED] - Delayed 2 second(s)

2018-12-13 13:14:32 - [TEST_STEP][PASSED] - setText: Text 'johorro3@gmail.com' is set on object 'Object Repository/Final Object Repo/New Registration - Registration Module Pages/New Reg - OTC to RO/Special Case - All Related Objects/Email TextBox'

2018-12-13 13:14:32 - [MESSAGE][PASSED] - Text 'johorro3@gmail.com' is set on object 'Object Repository/Final Object Repo/New Registration - Registration Module Pages/New Reg - OTC to RO/Special Case - All Related Objects/Email TextBox'

2018-12-13 13:14:32 - [TEST_STEP][PASSED] - click: Object: 'Object Repository/Final Object Repo/New Registration - Registration Module Pages/New Reg - OTC to RO/Special Case - All Related Objects/Next Button' is clicked on

2018-12-13 13:14:32 - [MESSAGE][PASSED] - Object: 'Object Repository/Final Object Repo/New Registration - Registration Module Pages/New Reg - OTC to RO/Special Case - All Related Objects/Next Button' is clicked on

2018-12-13 13:14:32 - [TEST_STEP][PASSED] - delay: Delayed 2 second(s)

2018-12-13 13:14:34 - [MESSAGE][PASSED] - Delayed 2 second(s)

2018-12-13 13:14:34 - [TEST_STEP][PASSED] - setText: Text 'Test1@3456789' is set on object 'Object Repository/Final Object Repo/New Registration - Registration Module Pages/New Reg - OTC to RO/Special Case - All Related Objects/Password TextBox'

2018-12-13 13:14:34 - [MESSAGE][PASSED] - Text 'Test1@3456789' is set on object 'Object Repository/Final Object Repo/New Registration - Registration Module Pages/New Reg - OTC to RO/Special Case - All Related Objects/Password TextBox'

2018-12-13 13:14:34 - [TEST_STEP][PASSED] - delay: Delayed 2 second(s)

2018-12-13 13:14:36 - [MESSAGE][PASSED] - Delayed 2 second(s)

2018-12-13 13:14:36 - [TEST_STEP][PASSED] - click: Object: 'Object Repository/Final Object Repo/New Registration - Registration Module Pages/New Reg - OTC to RO/Special Case - All Related Objects/Login Button' is clicked on

2018-12-13 13:14:37 - [MESSAGE][PASSED] - Object: 'Object Repository/Final Object Repo/New Registration - Registration Module Pages/New Reg - OTC to RO/Special Case - All Related Objects/Login Button' is clicked on

2018-12-13 13:14:37 - [TEST_STEP][PASSED] - delay: Delayed 2 second(s)

2018-12-13 13:14:39 - [MESSAGE][PASSED] - Delayed 2 second(s)

2018-12-13 13:14:39 - [TEST_STEP][PASSED] - Statement - Try: null

2018-12-13 13:14:39 - [TEST_STEP][PASSED] - Statement - Checker = com.kms.katalon.core.webui.keyword.WebUiBuiltInKeywords.verifyElementNotPresent("Final Object Repo/Landing Page/Select to English", 3): null

2018-12-13 13:14:39 - [TEST_STEP][PASSED] - Statement - Catch (Exception e): null

2018-12-13 13:14:39 - [TEST_STEP][PASSED] - Statement - e.printStackTrace(): null

2018-12-13 13:14:39 - [TEST_STEP][PASSED] - click: Object: 'Object Repository/Final Object Repo/New Registration - Registration Module Pages/New Reg - OTC to RO/Special Case - All Related Objects/Expand to Search' is clicked on

2018-12-13 13:14:39 - [MESSAGE][PASSED] - Object: 'Object Repository/Final Object Repo/New Registration - Registration Module Pages/New Reg - OTC to RO/Special Case - All Related Objects/Expand to Search' is clicked on

2018-12-13 13:14:39 - [TEST_STEP][PASSED] - delay: Delayed 2 second(s)

2018-12-13 13:14:41 - [MESSAGE][PASSED] - Delayed 2 second(s)

2018-12-13 13:14:41 - [TEST_STEP][PASSED] - setText: Text 'CRN12201800123274' is set on object 'Object Repository/Final Object Repo/New Registration - Registration Module Pages/New Reg - OTC to RO/Special Case - All Related Objects/TextBox RefNo in Workbasket'

2018-12-13 13:14:41 - [MESSAGE][PASSED] - Text 'CRN12201800123274' is set on object 'Object Repository/Final Object Repo/New Registration - Registration Module Pages/New Reg - OTC to RO/Special Case - All Related Objects/TextBox RefNo in Workbasket'

2018-12-13 13:14:41 - [TEST_STEP][PASSED] - delay: Delayed 2 second(s)

2018-12-13 13:14:43 - [MESSAGE][PASSED] - Delayed 2 second(s)

2018-12-13 13:14:43 - [TEST_STEP][PASSED] - click: Object: 'Object Repository/Final Object Repo/New Registration - Registration Module Pages/New Reg - OTC to RO/Special Case - All Related Objects/Click Search' is clicked on

2018-12-13 13:14:43 - [MESSAGE][PASSED] - Object: 'Object Repository/Final Object Repo/New Registration - Registration Module Pages/New Reg - OTC to RO/Special Case - All Related Objects/Click Search' is clicked on

2018-12-13 13:14:43 - [TEST_STEP][PASSED] - delay: Delayed 1 second(s)

2018-12-13 13:14:44 - [MESSAGE][PASSED] - Delayed 1 second(s)

2018-12-13 13:14:44 - [TEST_STEP][PASSED] - click: Object: 'Object Repository/Final Object Repo/New Registration - Registration Module Pages/New Reg - OTC to RO/Special Case - All Related Objects/Click to Continue Workflow' is clicked on

2018-12-13 13:14:47 - [MESSAGE][PASSED] - Object: 'Object Repository/Final Object Repo/New Registration - Registration Module Pages/New Reg - OTC to RO/Special Case - All Related Objects/Click to Continue Workflow' is clicked on

2018-12-13 13:14:47 - [TEST_STEP][PASSED] - delay: Delayed 2 second(s)

2018-12-13 13:14:49 - [MESSAGE][PASSED] - Delayed 2 second(s)

2018-12-13 13:14:49 - [TEST_STEP][PASSED] - click: Object: 'Object Repository/Final Object Repo/New Registration - Registration Module Pages/New Reg - OTC to RO/Special Case - All Related Objects/Continue Button in verifying case' is clicked on

2018-12-13 13:14:51 - [MESSAGE][PASSED] - Object: 'Object Repository/Final Object Repo/New Registration - Registration Module Pages/New Reg - OTC to RO/Special Case - All Related Objects/Continue Button in verifying case' is clicked on

2018-12-13 13:14:51 - [TEST_STEP][PASSED] - delay: Delayed 2 second(s)

2018-12-13 13:14:53 - [MESSAGE][PASSED] - Delayed 2 second(s)

2018-12-13 13:14:53 - [TEST_STEP][PASSED] - click: Object: 'Object Repository/Final Object Repo/New Registration - Registration Module Pages/Form 1/Registered As a Branch - Yes' is clicked on

2018-12-13 13:14:53 - [MESSAGE][PASSED] - Object: 'Object Repository/Final Object Repo/New Registration - Registration Module Pages/Form 1/Registered As a Branch - Yes' is clicked on

2018-12-13 13:14:53 - [TEST_STEP][PASSED] - delay: Delayed 2 second(s)

2018-12-13 13:14:55 - [MESSAGE][PASSED] - Delayed 2 second(s)

2018-12-13 13:14:55 - [TEST_STEP][PASSED] - click: Object: 'Object Repository/Final Object Repo/New Registration - Registration Module Pages/New Reg - OTC to RO/Special Case - All Related Objects/Form 1 Save n Continue' is clicked on

2018-12-13 13:14:55 - [MESSAGE][PASSED] - Object: 'Object Repository/Final Object Repo/New Registration - Registration Module Pages/New Reg - OTC to RO/Special Case - All Related Objects/Form 1 Save n Continue' is clicked on

2018-12-13 13:14:55 - [TEST_STEP][PASSED] - delay: Delayed 2 second(s)

2018-12-13 13:14:57 - [MESSAGE][PASSED] - Delayed 2 second(s)

2018-12-13 13:14:57 - [TEST_STEP][PASSED] - click: Object: 'Object Repository/Final Object Repo/New Registration - Registration Module Pages/New Reg - OTC to RO/Special Case - All Related Objects/Form 2 Save n Continue' is clicked on

2018-12-13 13:14:58 - [MESSAGE][PASSED] - Object: 'Object Repository/Final Object Repo/New Registration - Registration Module Pages/New Reg - OTC to RO/Special Case - All Related Objects/Form 2 Save n Continue' is clicked on

2018-12-13 13:14:58 - [TEST_STEP][PASSED] - delay: Delayed 2 second(s)

2018-12-13 13:15:00 - [MESSAGE][PASSED] - Delayed 2 second(s)

2018-12-13 13:15:00 - [TEST_STEP][PASSED] - click: Object: 'Object Repository/Final Object Repo/New Registration - Registration Module Pages/New Reg - OTC to RO/Special Case - All Related Objects/Third Screen Save n Continue' is clicked on

2018-12-13 13:15:05 - [MESSAGE][PASSED] - Object: 'Object Repository/Final Object Repo/New Registration - Registration Module Pages/New Reg - OTC to RO/Special Case - All Related Objects/Third Screen Save n Continue' is clicked on

2018-12-13 13:15:05 - [TEST_STEP][PASSED] - delay: Delayed 5 second(s)

2018-12-13 13:15:10 - [MESSAGE][PASSED] - Delayed 5 second(s)

2018-12-13 13:15:10 - [TEST_STEP][PASSED] - click: Object: 'Object Repository/Final Object Repo/New Registration - Registration Module Pages/New Reg - OTC to RO/Special Case - All Related Objects/Upload Doc Page Save n Continue' is clicked on

2018-12-13 13:15:10 - [MESSAGE][PASSED] - Object: 'Object Repository/Final Object Repo/New Registration - Registration Module Pages/New Reg - OTC to RO/Special Case - All Related Objects/Upload Doc Page Save n Continue' is clicked on

2018-12-13 13:15:10 - [TEST_STEP][PASSED] - delay: Delayed 5 second(s)

2018-12-13 13:15:15 - [MESSAGE][PASSED] - Delayed 5 second(s)

2018-12-13 13:15:15 - [TEST_STEP][PASSED] - callTestCase: Call Test Case 'Test Cases/Final Aug 2018 - PKS Automation/Registration Module/New Registration/Submit and Screenshot/Submit Registration and Screenshot' successfully

2018-12-13 13:15:15 - [TEST_CASE][PASSED] - Test Cases/Final Aug 2018 - PKS Automation/Registration Module/New Registration/Submit and Screenshot/Submit Registration and Screenshot: Test Cases/Final Aug 2018 - PKS Automation/Registration Module/New Registration/Submit and Screenshot/Submit Registration and Screenshot

2018-12-13 13:15:15 - [TEST_STEP][PASSED] - delay: Delayed 6 second(s)

2018-12-13 13:15:21 - [MESSAGE][PASSED] - Delayed 6 second(s)

2018-12-13 13:15:21 - [TEST_STEP][PASSED] - click: Object: 'Object Repository/Final Object Repo/New Registration - Registration Module Pages/Third Screen - Upload Supporting Doc- Preview/Preview Submit Button' is clicked on

2018-12-13 13:15:21 - [MESSAGE][PASSED] - Object: 'Object Repository/Final Object Repo/New Registration - Registration Module Pages/Third Screen - Upload Supporting Doc- Preview/Preview Submit Button' is clicked on

2018-12-13 13:15:21 - [TEST_STEP][PASSED] - delay: Delayed 2 second(s)

2018-12-13 13:15:23 - [MESSAGE][PASSED] - Delayed 2 second(s)

2018-12-13 13:15:23 - [TEST_STEP][PASSED] - click: Object: 'Object Repository/Final Object Repo/New Registration - Registration Module Pages/Third Screen - Upload Supporting Doc- Preview/Preview Submit - Confirm' is clicked on

2018-12-13 13:15:23 - [MESSAGE][PASSED] - Object: 'Object Repository/Final Object Repo/New Registration - Registration Module Pages/Third Screen - Upload Supporting Doc- Preview/Preview Submit - Confirm' is clicked on

2018-12-13 13:15:23 - [TEST_STEP][PASSED] - delay: Delayed 15 second(s)

2018-12-13 13:15:38 - [MESSAGE][PASSED] - Delayed 15 second(s)

2018-12-13 13:15:38 - [TEST_STEP][PASSED] - Statement - driver = com.kms.katalon.core.webui.driver.DriverFactory.getWebDriver(): null

2018-12-13 13:15:38 - [TEST_STEP][PASSED] - Statement - driver.manage().timeouts().implicitlyWait(10, SECONDS): null

2018-12-13 13:15:38 - [TEST_STEP][PASSED] - Statement - PresavePath = KatalonScreenshots: null

2018-12-13 13:15:38 - [TEST_STEP][PASSED] - Statement - pathPrefix = "C:\Users\Public\Pictures\Sample Pictures\Katalon Screenshots\Automate Ending Screen": null

2018-12-13 13:15:38 - [TEST_STEP][PASSED] - Statement - finalPath = <not implemented yet for class: org.codehaus.groovy.ast.expr.EmptyExpression>: null

2018-12-13 13:15:38 - [TEST_STEP][PASSED] - Statement - scrFile = driver.getScreenshotAs(FILE): null

2018-12-13 13:15:39 - [TEST_STEP][PASSED] - Statement - PreSaveFile = new java.io.File(PresavePath): null

2018-12-13 13:15:39 - [TEST_STEP][PASSED] - Statement - counter = 0: null

2018-12-13 13:15:39 - [TEST_STEP][PASSED] - Statement - If (PreSaveFile.exists()): null

2018-12-13 13:15:39 - [TEST_STEP][PASSED] - Statement - While (PreSaveFile.exists()): null

2018-12-13 13:15:39 - [TEST_STEP][PASSED] - Statement - counter = counter + 1: null

2018-12-13 13:15:39 - [TEST_STEP][PASSED] - Statement - PreSaveFile = new java.io.File(((pathPrefix + java.lang.Integer.toString(counter)) + .png)): null

2018-12-13 13:15:39 - [TEST_STEP][PASSED] - Statement - counter = counter + 1: null

2018-12-13 13:15:39 - [TEST_STEP][PASSED] - Statement - PreSaveFile = new java.io.File(((pathPrefix + java.lang.Integer.toString(counter)) + .png)): null

2018-12-13 13:15:39 - [TEST_STEP][PASSED] - Statement - counter = counter + 1: null

2018-12-13 13:15:39 - [TEST_STEP][PASSED] - Statement - PreSaveFile = new java.io.File(((pathPrefix + java.lang.Integer.toString(counter)) + .png)): null

2018-12-13 13:15:39 - [TEST_STEP][PASSED] - Statement - counter = counter + 1: null

2018-12-13 13:15:39 - [TEST_STEP][PASSED] - Statement - PreSaveFile = new java.io.File(((pathPrefix + java.lang.Integer.toString(counter)) + .png)): null

2018-12-13 13:15:39 - [TEST_STEP][PASSED] - Statement - counter = counter + 1: null

2018-12-13 13:15:39 - [TEST_STEP][PASSED] - Statement - PreSaveFile = new java.io.File(((pathPrefix + java.lang.Integer.toString(counter)) + .png)): null

2018-12-13 13:15:39 - [TEST_STEP][PASSED] - Statement - counter = counter + 1: null

2018-12-13 13:15:39 - [TEST_STEP][PASSED] - Statement - PreSaveFile = new java.io.File(((pathPrefix + java.lang.Integer.toString(counter)) + .png)): null

2018-12-13 13:15:39 - [TEST_STEP][PASSED] - Statement - counter = counter + 1: null

2018-12-13 13:15:39 - [TEST_STEP][PASSED] - Statement - PreSaveFile = new java.io.File(((pathPrefix + java.lang.Integer.toString(counter)) + .png)): null

2018-12-13 13:15:39 - [TEST_STEP][PASSED] - Statement - counter = counter + 1: null

2018-12-13 13:15:39 - [TEST_STEP][PASSED] - Statement - PreSaveFile = new java.io.File(((pathPrefix + java.lang.Integer.toString(counter)) + .png)): null

2018-12-13 13:15:39 - [TEST_STEP][PASSED] - Statement - counter = counter + 1: null

2018-12-13 13:15:39 - [TEST_STEP][PASSED] - Statement - PreSaveFile = new java.io.File(((pathPrefix + java.lang.Integer.toString(counter)) + .png)): null

2018-12-13 13:15:39 - [TEST_STEP][PASSED] - Statement - counter = counter + 1: null

2018-12-13 13:15:39 - [TEST_STEP][PASSED] - Statement - PreSaveFile = new java.io.File(((pathPrefix + java.lang.Integer.toString(counter)) + .png)): null

2018-12-13 13:15:39 - [TEST_STEP][PASSED] - Statement - counter = counter + 1: null

2018-12-13 13:15:39 - [TEST_STEP][PASSED] - Statement - PreSaveFile = new java.io.File(((pathPrefix + java.lang.Integer.toString(counter)) + .png)): null

2018-12-13 13:15:39 - [TEST_STEP][PASSED] - Statement - counter = counter + 1: null

2018-12-13 13:15:39 - [TEST_STEP][PASSED] - Statement - PreSaveFile = new java.io.File(((pathPrefix + java.lang.Integer.toString(counter)) + .png)): null

2018-12-13 13:15:39 - [TEST_STEP][PASSED] - Statement - counter = counter + 1: null

2018-12-13 13:15:39 - [TEST_STEP][PASSED] - Statement - PreSaveFile = new java.io.File(((pathPrefix + java.lang.Integer.toString(counter)) + .png)): null

2018-12-13 13:15:39 - [TEST_STEP][PASSED] - Statement - counter = counter + 1: null

2018-12-13 13:15:39 - [TEST_STEP][PASSED] - Statement - PreSaveFile = new java.io.File(((pathPrefix + java.lang.Integer.toString(counter)) + .png)): null

2018-12-13 13:15:39 - [TEST_STEP][PASSED] - Statement - counter = counter + 1: null

2018-12-13 13:15:39 - [TEST_STEP][PASSED] - Statement - PreSaveFile = new java.io.File(((pathPrefix + java.lang.Integer.toString(counter)) + .png)): null

2018-12-13 13:15:39 - [TEST_STEP][PASSED] - Statement - counter = counter + 1: null

2018-12-13 13:15:39 - [TEST_STEP][PASSED] - Statement - PreSaveFile = new java.io.File(((pathPrefix + java.lang.Integer.toString(counter)) + .png)): null

2018-12-13 13:15:39 - [TEST_STEP][PASSED] - Statement - counter = counter + 1: null

2018-12-13 13:15:39 - [TEST_STEP][PASSED] - Statement - PreSaveFile = new java.io.File(((pathPrefix + java.lang.Integer.toString(counter)) + .png)): null

2018-12-13 13:15:39 - [TEST_STEP][PASSED] - Statement - counter = counter + 1: null

2018-12-13 13:15:39 - [TEST_STEP][PASSED] - Statement - PreSaveFile = new java.io.File(((pathPrefix + java.lang.Integer.toString(counter)) + .png)): null

2018-12-13 13:15:39 - [TEST_STEP][PASSED] - Statement - counter = counter + 1: null

2018-12-13 13:15:39 - [TEST_STEP][PASSED] - Statement - PreSaveFile = new java.io.File(((pathPrefix + java.lang.Integer.toString(counter)) + .png)): null

2018-12-13 13:15:39 - [TEST_STEP][PASSED] - Statement - counter = counter + 1: null

2018-12-13 13:15:39 - [TEST_STEP][PASSED] - Statement - PreSaveFile = new java.io.File(((pathPrefix + java.lang.Integer.toString(counter)) + .png)): null

2018-12-13 13:15:39 - [TEST_STEP][PASSED] - Statement - counter = counter + 1: null

2018-12-13 13:15:39 - [TEST_STEP][PASSED] - Statement - PreSaveFile = new java.io.File(((pathPrefix + java.lang.Integer.toString(counter)) + .png)): null

2018-12-13 13:15:39 - [TEST_STEP][PASSED] - Statement - counter = counter + 1: null

2018-12-13 13:15:39 - [TEST_STEP][PASSED] - Statement - PreSaveFile = new java.io.File(((pathPrefix + java.lang.Integer.toString(counter)) + .png)): null

2018-12-13 13:15:39 - [TEST_STEP][PASSED] - Statement - counter = counter + 1: null

2018-12-13 13:15:39 - [TEST_STEP][PASSED] - Statement - PreSaveFile = new java.io.File(((pathPrefix + java.lang.Integer.toString(counter)) + .png)): null

2018-12-13 13:15:39 - [TEST_STEP][PASSED] - Statement - counter = counter + 1: null

2018-12-13 13:15:39 - [TEST_STEP][PASSED] - Statement - PreSaveFile = new java.io.File(((pathPrefix + java.lang.Integer.toString(counter)) + .png)): null

2018-12-13 13:15:39 - [TEST_STEP][PASSED] - Statement - counter = counter + 1: null

2018-12-13 13:15:39 - [TEST_STEP][PASSED] - Statement - PreSaveFile = new java.io.File(((pathPrefix + java.lang.Integer.toString(counter)) + .png)): null

2018-12-13 13:15:39 - [TEST_STEP][PASSED] - Statement - counter = counter + 1: null

2018-12-13 13:15:39 - [TEST_STEP][PASSED] - Statement - PreSaveFile = new java.io.File(((pathPrefix + java.lang.Integer.toString(counter)) + .png)): null

2018-12-13 13:15:39 - [TEST_STEP][PASSED] - Statement - counter = counter + 1: null

2018-12-13 13:15:39 - [TEST_STEP][PASSED] - Statement - PreSaveFile = new java.io.File(((pathPrefix + java.lang.Integer.toString(counter)) + .png)): null

2018-12-13 13:15:39 - [TEST_STEP][PASSED] - Statement - counter = counter + 1: null

2018-12-13 13:15:39 - [TEST_STEP][PASSED] - Statement - PreSaveFile = new java.io.File(((pathPrefix + java.lang.Integer.toString(counter)) + .png)): null

2018-12-13 13:15:39 - [TEST_STEP][PASSED] - Statement - counter = counter + 1: null

2018-12-13 13:15:39 - [TEST_STEP][PASSED] - Statement - PreSaveFile = new java.io.File(((pathPrefix + java.lang.Integer.toString(counter)) + .png)): null

2018-12-13 13:15:39 - [TEST_STEP][PASSED] - Statement - counter = counter + 1: null

2018-12-13 13:15:39 - [TEST_STEP][PASSED] - Statement - PreSaveFile = new java.io.File(((pathPrefix + java.lang.Integer.toString(counter)) + .png)): null

2018-12-13 13:15:39 - [TEST_STEP][PASSED] - Statement - counter = counter + 1: null

2018-12-13 13:15:39 - [TEST_STEP][PASSED] - Statement - PreSaveFile = new java.io.File(((pathPrefix + java.lang.Integer.toString(counter)) + .png)): null

2018-12-13 13:15:39 - [TEST_STEP][PASSED] - Statement - counter = counter + 1: null

2018-12-13 13:15:39 - [TEST_STEP][PASSED] - Statement - PreSaveFile = new java.io.File(((pathPrefix + java.lang.Integer.toString(counter)) + .png)): null

2018-12-13 13:15:39 - [TEST_STEP][PASSED] - Statement - counter = counter + 1: null

2018-12-13 13:15:39 - [TEST_STEP][PASSED] - Statement - PreSaveFile = new java.io.File(((pathPrefix + java.lang.Integer.toString(counter)) + .png)): null

2018-12-13 13:15:39 - [TEST_STEP][PASSED] - Statement - counter = counter + 1: null

2018-12-13 13:15:39 - [TEST_STEP][PASSED] - Statement - PreSaveFile = new java.io.File(((pathPrefix + java.lang.Integer.toString(counter)) + .png)): null

2018-12-13 13:15:39 - [TEST_STEP][PASSED] - Statement - counter = counter + 1: null

2018-12-13 13:15:39 - [TEST_STEP][PASSED] - Statement - PreSaveFile = new java.io.File(((pathPrefix + java.lang.Integer.toString(counter)) + .png)): null

2018-12-13 13:15:39 - [TEST_STEP][PASSED] - Statement - counter = counter + 1: null

2018-12-13 13:15:39 - [TEST_STEP][PASSED] - Statement - PreSaveFile = new java.io.File(((pathPrefix + java.lang.Integer.toString(counter)) + .png)): null

2018-12-13 13:15:39 - [TEST_STEP][PASSED] - Statement - counter = counter + 1: null

2018-12-13 13:15:39 - [TEST_STEP][PASSED] - Statement - PreSaveFile = new java.io.File(((pathPrefix + java.lang.Integer.toString(counter)) + .png)): null

2018-12-13 13:15:39 - [TEST_STEP][PASSED] - Statement - counter = counter + 1: null

2018-12-13 13:15:39 - [TEST_STEP][PASSED] - Statement - PreSaveFile = new java.io.File(((pathPrefix + java.lang.Integer.toString(counter)) + .png)): null

2018-12-13 13:15:39 - [TEST_STEP][PASSED] - Statement - counter = counter + 1: null

2018-12-13 13:15:39 - [TEST_STEP][PASSED] - Statement - PreSaveFile = new java.io.File(((pathPrefix + java.lang.Integer.toString(counter)) + .png)): null

2018-12-13 13:15:39 - [TEST_STEP][PASSED] - Statement - counter = counter + 1: null

2018-12-13 13:15:39 - [TEST_STEP][PASSED] - Statement - PreSaveFile = new java.io.File(((pathPrefix + java.lang.Integer.toString(counter)) + .png)): null

2018-12-13 13:15:39 - [TEST_STEP][PASSED] - Statement - counter = counter + 1: null

2018-12-13 13:15:39 - [TEST_STEP][PASSED] - Statement - PreSaveFile = new java.io.File(((pathPrefix + java.lang.Integer.toString(counter)) + .png)): null

2018-12-13 13:15:39 - [TEST_STEP][PASSED] - Statement - counter = counter + 1: null

2018-12-13 13:15:39 - [TEST_STEP][PASSED] - Statement - PreSaveFile = new java.io.File(((pathPrefix + java.lang.Integer.toString(counter)) + .png)): null

2018-12-13 13:15:39 - [TEST_STEP][PASSED] - Statement - counter = counter + 1: null

2018-12-13 13:15:39 - [TEST_STEP][PASSED] - Statement - PreSaveFile = new java.io.File(((pathPrefix + java.lang.Integer.toString(counter)) + .png)): null

2018-12-13 13:15:39 - [TEST_STEP][PASSED] - Statement - counter = counter + 1: null

2018-12-13 13:15:39 - [TEST_STEP][PASSED] - Statement - PreSaveFile = new java.io.File(((pathPrefix + java.lang.Integer.toString(counter)) + .png)): null

2018-12-13 13:15:39 - [TEST_STEP][PASSED] - Statement - counter = counter + 1: null

2018-12-13 13:15:39 - [TEST_STEP][PASSED] - Statement - PreSaveFile = new java.io.File(((pathPrefix + java.lang.Integer.toString(counter)) + .png)): null

2018-12-13 13:15:39 - [TEST_STEP][PASSED] - Statement - counter = counter + 1: null

2018-12-13 13:15:39 - [TEST_STEP][PASSED] - Statement - PreSaveFile = new java.io.File(((pathPrefix + java.lang.Integer.toString(counter)) + .png)): null

2018-12-13 13:15:39 - [TEST_STEP][PASSED] - Statement - counter = counter + 1: null

2018-12-13 13:15:39 - [TEST_STEP][PASSED] - Statement - PreSaveFile = new java.io.File(((pathPrefix + java.lang.Integer.toString(counter)) + .png)): null

2018-12-13 13:15:39 - [TEST_STEP][PASSED] - Statement - counter = counter + 1: null

2018-12-13 13:15:39 - [TEST_STEP][PASSED] - Statement - PreSaveFile = new java.io.File(((pathPrefix + java.lang.Integer.toString(counter)) + .png)): null

2018-12-13 13:15:39 - [TEST_STEP][PASSED] - Statement - counter = counter + 1: null

2018-12-13 13:15:39 - [TEST_STEP][PASSED] - Statement - PreSaveFile = new java.io.File(((pathPrefix + java.lang.Integer.toString(counter)) + .png)): null

2018-12-13 13:15:39 - [TEST_STEP][PASSED] - Statement - counter = counter + 1: null

2018-12-13 13:15:39 - [TEST_STEP][PASSED] - Statement - PreSaveFile = new java.io.File(((pathPrefix + java.lang.Integer.toString(counter)) + .png)): null

2018-12-13 13:15:39 - [TEST_STEP][PASSED] - Statement - counter = counter + 1: null

2018-12-13 13:15:39 - [TEST_STEP][PASSED] - Statement - PreSaveFile = new java.io.File(((pathPrefix + java.lang.Integer.toString(counter)) + .png)): null

2018-12-13 13:15:39 - [TEST_STEP][PASSED] - Statement - counter = counter + 1: null

2018-12-13 13:15:39 - [TEST_STEP][PASSED] - Statement - PreSaveFile = new java.io.File(((pathPrefix + java.lang.Integer.toString(counter)) + .png)): null

2018-12-13 13:15:39 - [TEST_STEP][PASSED] - Statement - counter = counter + 1: null

2018-12-13 13:15:39 - [TEST_STEP][PASSED] - Statement - PreSaveFile = new java.io.File(((pathPrefix + java.lang.Integer.toString(counter)) + .png)): null

2018-12-13 13:15:39 - [TEST_STEP][PASSED] - Statement - counter = counter + 1: null

2018-12-13 13:15:39 - [TEST_STEP][PASSED] - Statement - PreSaveFile = new java.io.File(((pathPrefix + java.lang.Integer.toString(counter)) + .png)): null

2018-12-13 13:15:39 - [TEST_STEP][PASSED] - Statement - counter = counter + 1: null

2018-12-13 13:15:39 - [TEST_STEP][PASSED] - Statement - PreSaveFile = new java.io.File(((pathPrefix + java.lang.Integer.toString(counter)) + .png)): null

2018-12-13 13:15:39 - [TEST_STEP][PASSED] - Statement - counter = counter + 1: null

2018-12-13 13:15:39 - [TEST_STEP][PASSED] - Statement - PreSaveFile = new java.io.File(((pathPrefix + java.lang.Integer.toString(counter)) + .png)): null

2018-12-13 13:15:39 - [TEST_STEP][PASSED] - Statement - counter = counter + 1: null

2018-12-13 13:15:39 - [TEST_STEP][PASSED] - Statement - PreSaveFile = new java.io.File(((pathPrefix + java.lang.Integer.toString(counter)) + .png)): null

2018-12-13 13:15:39 - [TEST_STEP][PASSED] - Statement - counter = counter + 1: null

2018-12-13 13:15:39 - [TEST_STEP][PASSED] - Statement - PreSaveFile = new java.io.File(((pathPrefix + java.lang.Integer.toString(counter)) + .png)): null

2018-12-13 13:15:39 - [TEST_STEP][PASSED] - Statement - counter = counter + 1: null

2018-12-13 13:15:39 - [TEST_STEP][PASSED] - Statement - PreSaveFile = new java.io.File(((pathPrefix + java.lang.Integer.toString(counter)) + .png)): null

2018-12-13 13:15:39 - [TEST_STEP][PASSED] - Statement - counter = counter + 1: null

2018-12-13 13:15:39 - [TEST_STEP][PASSED] - Statement - PreSaveFile = new java.io.File(((pathPrefix + java.lang.Integer.toString(counter)) + .png)): null

2018-12-13 13:15:39 - [TEST_STEP][PASSED] - Statement - counter = counter + 1: null

2018-12-13 13:15:39 - [TEST_STEP][PASSED] - Statement - PreSaveFile = new java.io.File(((pathPrefix + java.lang.Integer.toString(counter)) + .png)): null

2018-12-13 13:15:39 - [TEST_STEP][PASSED] - Statement - counter = counter + 1: null

2018-12-13 13:15:39 - [TEST_STEP][PASSED] - Statement - PreSaveFile = new java.io.File(((pathPrefix + java.lang.Integer.toString(counter)) + .png)): null

2018-12-13 13:15:39 - [TEST_STEP][PASSED] - Statement - counter = counter + 1: null

2018-12-13 13:15:39 - [TEST_STEP][PASSED] - Statement - PreSaveFile = new java.io.File(((pathPrefix + java.lang.Integer.toString(counter)) + .png)): null

2018-12-13 13:15:39 - [TEST_STEP][PASSED] - Statement - counter = counter + 1: null

2018-12-13 13:15:39 - [TEST_STEP][PASSED] - Statement - PreSaveFile = new java.io.File(((pathPrefix + java.lang.Integer.toString(counter)) + .png)): null

2018-12-13 13:15:39 - [TEST_STEP][PASSED] - Statement - counter = counter + 1: null

2018-12-13 13:15:39 - [TEST_STEP][PASSED] - Statement - PreSaveFile = new java.io.File(((pathPrefix + java.lang.Integer.toString(counter)) + .png)): null

2018-12-13 13:15:39 - [TEST_STEP][PASSED] - Statement - counter = counter + 1: null

2018-12-13 13:15:39 - [TEST_STEP][PASSED] - Statement - PreSaveFile = new java.io.File(((pathPrefix + java.lang.Integer.toString(counter)) + .png)): null

2018-12-13 13:15:39 - [TEST_STEP][PASSED] - Statement - counter = counter + 1: null

2018-12-13 13:15:39 - [TEST_STEP][PASSED] - Statement - PreSaveFile = new java.io.File(((pathPrefix + java.lang.Integer.toString(counter)) + .png)): null

2018-12-13 13:15:39 - [TEST_STEP][PASSED] - Statement - counter = counter + 1: null

2018-12-13 13:15:39 - [TEST_STEP][PASSED] - Statement - PreSaveFile = new java.io.File(((pathPrefix + java.lang.Integer.toString(counter)) + .png)): null

2018-12-13 13:15:39 - [TEST_STEP][PASSED] - Statement - counter = counter + 1: null

2018-12-13 13:15:39 - [TEST_STEP][PASSED] - Statement - PreSaveFile = new java.io.File(((pathPrefix + java.lang.Integer.toString(counter)) + .png)): null

2018-12-13 13:15:39 - [TEST_STEP][PASSED] - Statement - counter = counter + 1: null

2018-12-13 13:15:39 - [TEST_STEP][PASSED] - Statement - PreSaveFile = new java.io.File(((pathPrefix + java.lang.Integer.toString(counter)) + .png)): null

2018-12-13 13:15:39 - [TEST_STEP][PASSED] - Statement - counter = counter + 1: null

2018-12-13 13:15:39 - [TEST_STEP][PASSED] - Statement - PreSaveFile = new java.io.File(((pathPrefix + java.lang.Integer.toString(counter)) + .png)): null

2018-12-13 13:15:39 - [TEST_STEP][PASSED] - Statement - counter = counter + 1: null

2018-12-13 13:15:39 - [TEST_STEP][PASSED] - Statement - PreSaveFile = new java.io.File(((pathPrefix + java.lang.Integer.toString(counter)) + .png)): null

2018-12-13 13:15:39 - [TEST_STEP][PASSED] - Statement - counter = counter + 1: null

2018-12-13 13:15:39 - [TEST_STEP][PASSED] - Statement - PreSaveFile = new java.io.File(((pathPrefix + java.lang.Integer.toString(counter)) + .png)): null

2018-12-13 13:15:39 - [TEST_STEP][PASSED] - Statement - counter = counter + 1: null

2018-12-13 13:15:39 - [TEST_STEP][PASSED] - Statement - PreSaveFile = new java.io.File(((pathPrefix + java.lang.Integer.toString(counter)) + .png)): null

2018-12-13 13:15:39 - [TEST_STEP][PASSED] - Statement - counter = counter + 1: null

2018-12-13 13:15:39 - [TEST_STEP][PASSED] - Statement - PreSaveFile = new java.io.File(((pathPrefix + java.lang.Integer.toString(counter)) + .png)): null

2018-12-13 13:15:39 - [TEST_STEP][PASSED] - Statement - counter = counter + 1: null

2018-12-13 13:15:39 - [TEST_STEP][PASSED] - Statement - PreSaveFile = new java.io.File(((pathPrefix + java.lang.Integer.toString(counter)) + .png)): null

2018-12-13 13:15:39 - [TEST_STEP][PASSED] - Statement - counter = counter + 1: null

2018-12-13 13:15:39 - [TEST_STEP][PASSED] - Statement - PreSaveFile = new java.io.File(((pathPrefix + java.lang.Integer.toString(counter)) + .png)): null

2018-12-13 13:15:39 - [TEST_STEP][PASSED] - Statement - counter = counter + 1: null

2018-12-13 13:15:39 - [TEST_STEP][PASSED] - Statement - PreSaveFile = new java.io.File(((pathPrefix + java.lang.Integer.toString(counter)) + .png)): null

2018-12-13 13:15:39 - [TEST_STEP][PASSED] - Statement - counter = counter + 1: null

2018-12-13 13:15:39 - [TEST_STEP][PASSED] - Statement - PreSaveFile = new java.io.File(((pathPrefix + java.lang.Integer.toString(counter)) + .png)): null

2018-12-13 13:15:39 - [TEST_STEP][PASSED] - Statement - counter = counter + 1: null

2018-12-13 13:15:39 - [TEST_STEP][PASSED] - Statement - PreSaveFile = new java.io.File(((pathPrefix + java.lang.Integer.toString(counter)) + .png)): null

2018-12-13 13:15:39 - [TEST_STEP][PASSED] - Statement - counter = counter + 1: null

2018-12-13 13:15:39 - [TEST_STEP][PASSED] - Statement - PreSaveFile = new java.io.File(((pathPrefix + java.lang.Integer.toString(counter)) + .png)): null

2018-12-13 13:15:39 - [TEST_STEP][PASSED] - Statement - counter = counter + 1: null

2018-12-13 13:15:39 - [TEST_STEP][PASSED] - Statement - PreSaveFile = new java.io.File(((pathPrefix + java.lang.Integer.toString(counter)) + .png)): null

2018-12-13 13:15:39 - [TEST_STEP][PASSED] - Statement - counter = counter + 1: null

2018-12-13 13:15:39 - [TEST_STEP][PASSED] - Statement - PreSaveFile = new java.io.File(((pathPrefix + java.lang.Integer.toString(counter)) + .png)): null

2018-12-13 13:15:39 - [TEST_STEP][PASSED] - Statement - counter = counter + 1: null

2018-12-13 13:15:39 - [TEST_STEP][PASSED] - Statement - PreSaveFile = new java.io.File(((pathPrefix + java.lang.Integer.toString(counter)) + .png)): null

2018-12-13 13:15:39 - [TEST_STEP][PASSED] - Statement - counter = counter + 1: null

2018-12-13 13:15:39 - [TEST_STEP][PASSED] - Statement - PreSaveFile = new java.io.File(((pathPrefix + java.lang.Integer.toString(counter)) + .png)): null

2018-12-13 13:15:39 - [TEST_STEP][PASSED] - Statement - counter = counter + 1: null

2018-12-13 13:15:39 - [TEST_STEP][PASSED] - Statement - PreSaveFile = new java.io.File(((pathPrefix + java.lang.Integer.toString(counter)) + .png)): null

2018-12-13 13:15:39 - [TEST_STEP][PASSED] - Statement - counter = counter + 1: null

2018-12-13 13:15:39 - [TEST_STEP][PASSED] - Statement - PreSaveFile = new java.io.File(((pathPrefix + java.lang.Integer.toString(counter)) + .png)): null

2018-12-13 13:15:39 - [TEST_STEP][PASSED] - Statement - counter = counter + 1: null

2018-12-13 13:15:39 - [TEST_STEP][PASSED] - Statement - PreSaveFile = new java.io.File(((pathPrefix + java.lang.Integer.toString(counter)) + .png)): null

2018-12-13 13:15:39 - [TEST_STEP][PASSED] - Statement - counter = counter + 1: null

2018-12-13 13:15:39 - [TEST_STEP][PASSED] - Statement - PreSaveFile = new java.io.File(((pathPrefix + java.lang.Integer.toString(counter)) + .png)): null

2018-12-13 13:15:39 - [TEST_STEP][PASSED] - Statement - counter = counter + 1: null

2018-12-13 13:15:39 - [TEST_STEP][PASSED] - Statement - PreSaveFile = new java.io.File(((pathPrefix + java.lang.Integer.toString(counter)) + .png)): null

2018-12-13 13:15:39 - [TEST_STEP][PASSED] - Statement - counter = counter + 1: null

2018-12-13 13:15:39 - [TEST_STEP][PASSED] - Statement - PreSaveFile = new java.io.File(((pathPrefix + java.lang.Integer.toString(counter)) + .png)): null

2018-12-13 13:15:39 - [TEST_STEP][PASSED] - Statement - counter = counter + 1: null

2018-12-13 13:15:39 - [TEST_STEP][PASSED] - Statement - PreSaveFile = new java.io.File(((pathPrefix + java.lang.Integer.toString(counter)) + .png)): null

2018-12-13 13:15:39 - [TEST_STEP][PASSED] - Statement - counter = counter + 1: null

2018-12-13 13:15:39 - [TEST_STEP][PASSED] - Statement - PreSaveFile = new java.io.File(((pathPrefix + java.lang.Integer.toString(counter)) + .png)): null

2018-12-13 13:15:39 - [TEST_STEP][PASSED] - Statement - counter = counter + 1: null

2018-12-13 13:15:39 - [TEST_STEP][PASSED] - Statement - PreSaveFile = new java.io.File(((pathPrefix + java.lang.Integer.toString(counter)) + .png)): null

2018-12-13 13:15:39 - [TEST_STEP][PASSED] - Statement - counter = counter + 1: null

2018-12-13 13:15:39 - [TEST_STEP][PASSED] - Statement - PreSaveFile = new java.io.File(((pathPrefix + java.lang.Integer.toString(counter)) + .png)): null

2018-12-13 13:15:39 - [TEST_STEP][PASSED] - Statement - counter = counter + 1: null

2018-12-13 13:15:39 - [TEST_STEP][PASSED] - Statement - PreSaveFile = new java.io.File(((pathPrefix + java.lang.Integer.toString(counter)) + .png)): null

2018-12-13 13:15:39 - [TEST_STEP][PASSED] - Statement - counter = counter + 1: null

2018-12-13 13:15:39 - [TEST_STEP][PASSED] - Statement - PreSaveFile = new java.io.File(((pathPrefix + java.lang.Integer.toString(counter)) + .png)): null

2018-12-13 13:15:39 - [TEST_STEP][PASSED] - Statement - counter = counter + 1: null

2018-12-13 13:15:39 - [TEST_STEP][PASSED] - Statement - PreSaveFile = new java.io.File(((pathPrefix + java.lang.Integer.toString(counter)) + .png)): null

2018-12-13 13:15:39 - [TEST_STEP][PASSED] - Statement - counter = counter + 1: null

2018-12-13 13:15:39 - [TEST_STEP][PASSED] - Statement - PreSaveFile = new java.io.File(((pathPrefix + java.lang.Integer.toString(counter)) + .png)): null

2018-12-13 13:15:39 - [TEST_STEP][PASSED] - Statement - counter = counter + 1: null

2018-12-13 13:15:39 - [TEST_STEP][PASSED] - Statement - PreSaveFile = new java.io.File(((pathPrefix + java.lang.Integer.toString(counter)) + .png)): null

2018-12-13 13:15:39 - [TEST_STEP][PASSED] - Statement - counter = counter + 1: null

2018-12-13 13:15:39 - [TEST_STEP][PASSED] - Statement - PreSaveFile = new java.io.File(((pathPrefix + java.lang.Integer.toString(counter)) + .png)): null

2018-12-13 13:15:39 - [TEST_STEP][PASSED] - Statement - counter = counter + 1: null

2018-12-13 13:15:39 - [TEST_STEP][PASSED] - Statement - PreSaveFile = new java.io.File(((pathPrefix + java.lang.Integer.toString(counter)) + .png)): null

2018-12-13 13:15:39 - [TEST_STEP][PASSED] - Statement - counter = counter + 1: null

2018-12-13 13:15:39 - [TEST_STEP][PASSED] - Statement - PreSaveFile = new java.io.File(((pathPrefix + java.lang.Integer.toString(counter)) + .png)): null

2018-12-13 13:15:39 - [TEST_STEP][PASSED] - Statement - counter = counter + 1: null

2018-12-13 13:15:39 - [TEST_STEP][PASSED] - Statement - PreSaveFile = new java.io.File(((pathPrefix + java.lang.Integer.toString(counter)) + .png)): null

2018-12-13 13:15:39 - [TEST_STEP][PASSED] - Statement - counter = counter + 1: null

2018-12-13 13:15:39 - [TEST_STEP][PASSED] - Statement - PreSaveFile = new java.io.File(((pathPrefix + java.lang.Integer.toString(counter)) + .png)): null

2018-12-13 13:15:39 - [TEST_STEP][PASSED] - Statement - counter = counter + 1: null

2018-12-13 13:15:39 - [TEST_STEP][PASSED] - Statement - PreSaveFile = new java.io.File(((pathPrefix + java.lang.Integer.toString(counter)) + .png)): null

2018-12-13 13:15:39 - [TEST_STEP][PASSED] - Statement - counter = counter + 1: null

2018-12-13 13:15:39 - [TEST_STEP][PASSED] - Statement - PreSaveFile = new java.io.File(((pathPrefix + java.lang.Integer.toString(counter)) + .png)): null

2018-12-13 13:15:39 - [TEST_STEP][PASSED] - Statement - counter = counter + 1: null

2018-12-13 13:15:39 - [TEST_STEP][PASSED] - Statement - PreSaveFile = new java.io.File(((pathPrefix + java.lang.Integer.toString(counter)) + .png)): null

2018-12-13 13:15:39 - [TEST_STEP][PASSED] - Statement - counter = counter + 1: null

2018-12-13 13:15:39 - [TEST_STEP][PASSED] - Statement - PreSaveFile = new java.io.File(((pathPrefix + java.lang.Integer.toString(counter)) + .png)): null

2018-12-13 13:15:39 - [TEST_STEP][PASSED] - Statement - counter = counter + 1: null

2018-12-13 13:15:39 - [TEST_STEP][PASSED] - Statement - PreSaveFile = new java.io.File(((pathPrefix + java.lang.Integer.toString(counter)) + .png)): null

2018-12-13 13:15:39 - [TEST_STEP][PASSED] - Statement - counter = counter + 1: null

2018-12-13 13:15:39 - [TEST_STEP][PASSED] - Statement - PreSaveFile = new java.io.File(((pathPrefix + java.lang.Integer.toString(counter)) + .png)): null

2018-12-13 13:15:39 - [TEST_STEP][PASSED] - Statement - counter = counter + 1: null

2018-12-13 13:15:39 - [TEST_STEP][PASSED] - Statement - PreSaveFile = new java.io.File(((pathPrefix + java.lang.Integer.toString(counter)) + .png)): null

2018-12-13 13:15:39 - [TEST_STEP][PASSED] - Statement - counter = counter + 1: null

2018-12-13 13:15:39 - [TEST_STEP][PASSED] - Statement - PreSaveFile = new java.io.File(((pathPrefix + java.lang.Integer.toString(counter)) + .png)): null

2018-12-13 13:15:39 - [TEST_STEP][PASSED] - Statement - counter = counter + 1: null

2018-12-13 13:15:39 - [TEST_STEP][PASSED] - Statement - PreSaveFile = new java.io.File(((pathPrefix + java.lang.Integer.toString(counter)) + .png)): null

2018-12-13 13:15:39 - [TEST_STEP][PASSED] - Statement - counter = counter + 1: null

2018-12-13 13:15:39 - [TEST_STEP][PASSED] - Statement - PreSaveFile = new java.io.File(((pathPrefix + java.lang.Integer.toString(counter)) + .png)): null

2018-12-13 13:15:39 - [TEST_STEP][PASSED] - Statement - counter = counter + 1: null

2018-12-13 13:15:39 - [TEST_STEP][PASSED] - Statement - PreSaveFile = new java.io.File(((pathPrefix + java.lang.Integer.toString(counter)) + .png)): null

2018-12-13 13:15:39 - [TEST_STEP][PASSED] - Statement - counter = counter + 1: null

2018-12-13 13:15:39 - [TEST_STEP][PASSED] - Statement - PreSaveFile = new java.io.File(((pathPrefix + java.lang.Integer.toString(counter)) + .png)): null

2018-12-13 13:15:39 - [TEST_STEP][PASSED] - Statement - counter = counter + 1: null

2018-12-13 13:15:39 - [TEST_STEP][PASSED] - Statement - PreSaveFile = new java.io.File(((pathPrefix + java.lang.Integer.toString(counter)) + .png)): null

2018-12-13 13:15:39 - [TEST_STEP][PASSED] - Statement - counter = counter + 1: null

2018-12-13 13:15:39 - [TEST_STEP][PASSED] - Statement - PreSaveFile = new java.io.File(((pathPrefix + java.lang.Integer.toString(counter)) + .png)): null

2018-12-13 13:15:39 - [TEST_STEP][PASSED] - Statement - counter = counter + 1: null

2018-12-13 13:15:39 - [TEST_STEP][PASSED] - Statement - PreSaveFile = new java.io.File(((pathPrefix + java.lang.Integer.toString(counter)) + .png)): null

2018-12-13 13:15:39 - [TEST_STEP][PASSED] - Statement - counter = counter + 1: null

2018-12-13 13:15:39 - [TEST_STEP][PASSED] - Statement - PreSaveFile = new java.io.File(((pathPrefix + java.lang.Integer.toString(counter)) + .png)): null

2018-12-13 13:15:39 - [TEST_STEP][PASSED] - Statement - counter = counter + 1: null

2018-12-13 13:15:39 - [TEST_STEP][PASSED] - Statement - PreSaveFile = new java.io.File(((pathPrefix + java.lang.Integer.toString(counter)) + .png)): null

2018-12-13 13:15:39 - [TEST_STEP][PASSED] - Statement - counter = counter + 1: null

2018-12-13 13:15:39 - [TEST_STEP][PASSED] - Statement - PreSaveFile = new java.io.File(((pathPrefix + java.lang.Integer.toString(counter)) + .png)): null

2018-12-13 13:15:39 - [TEST_STEP][PASSED] - Statement - counter = counter + 1: null

2018-12-13 13:15:39 - [TEST_STEP][PASSED] - Statement - PreSaveFile = new java.io.File(((pathPrefix + java.lang.Integer.toString(counter)) + .png)): null

2018-12-13 13:15:39 - [TEST_STEP][PASSED] - Statement - counter = counter + 1: null

2018-12-13 13:15:39 - [TEST_STEP][PASSED] - Statement - PreSaveFile = new java.io.File(((pathPrefix + java.lang.Integer.toString(counter)) + .png)): null

2018-12-13 13:15:39 - [TEST_STEP][PASSED] - Statement - counter = counter + 1: null

2018-12-13 13:15:39 - [TEST_STEP][PASSED] - Statement - PreSaveFile = new java.io.File(((pathPrefix + java.lang.Integer.toString(counter)) + .png)): null

2018-12-13 13:15:39 - [TEST_STEP][PASSED] - Statement - counter = counter + 1: null

2018-12-13 13:15:39 - [TEST_STEP][PASSED] - Statement - PreSaveFile = new java.io.File(((pathPrefix + java.lang.Integer.toString(counter)) + .png)): null

2018-12-13 13:15:39 - [TEST_STEP][PASSED] - Statement - counter = counter + 1: null

2018-12-13 13:15:39 - [TEST_STEP][PASSED] - Statement - PreSaveFile = new java.io.File(((pathPrefix + java.lang.Integer.toString(counter)) + .png)): null

2018-12-13 13:15:39 - [TEST_STEP][PASSED] - Statement - counter = counter + 1: null

2018-12-13 13:15:39 - [TEST_STEP][PASSED] - Statement - PreSaveFile = new java.io.File(((pathPrefix + java.lang.Integer.toString(counter)) + .png)): null

2018-12-13 13:15:39 - [TEST_STEP][PASSED] - Statement - counter = counter + 1: null

2018-12-13 13:15:39 - [TEST_STEP][PASSED] - Statement - PreSaveFile = new java.io.File(((pathPrefix + java.lang.Integer.toString(counter)) + .png)): null

2018-12-13 13:15:39 - [TEST_STEP][PASSED] - Statement - counter = counter + 1: null

2018-12-13 13:15:39 - [TEST_STEP][PASSED] - Statement - PreSaveFile = new java.io.File(((pathPrefix + java.lang.Integer.toString(counter)) + .png)): null

2018-12-13 13:15:39 - [TEST_STEP][PASSED] - Statement - counter = counter + 1: null

2018-12-13 13:15:39 - [TEST_STEP][PASSED] - Statement - PreSaveFile = new java.io.File(((pathPrefix + java.lang.Integer.toString(counter)) + .png)): null

2018-12-13 13:15:39 - [TEST_STEP][PASSED] - Statement - counter = counter + 1: null

2018-12-13 13:15:39 - [TEST_STEP][PASSED] - Statement - PreSaveFile = new java.io.File(((pathPrefix + java.lang.Integer.toString(counter)) + .png)): null

2018-12-13 13:15:39 - [TEST_STEP][PASSED] - Statement - counter = counter + 1: null

2018-12-13 13:15:39 - [TEST_STEP][PASSED] - Statement - PreSaveFile = new java.io.File(((pathPrefix + java.lang.Integer.toString(counter)) + .png)): null

2018-12-13 13:15:39 - [TEST_STEP][PASSED] - Statement - counter = counter + 1: null

2018-12-13 13:15:39 - [TEST_STEP][PASSED] - Statement - PreSaveFile = new java.io.File(((pathPrefix + java.lang.Integer.toString(counter)) + .png)): null

2018-12-13 13:15:39 - [TEST_STEP][PASSED] - Statement - counter = counter + 1: null

2018-12-13 13:15:39 - [TEST_STEP][PASSED] - Statement - PreSaveFile = new java.io.File(((pathPrefix + java.lang.Integer.toString(counter)) + .png)): null

2018-12-13 13:15:39 - [TEST_STEP][PASSED] - Statement - counter = counter + 1: null

2018-12-13 13:15:39 - [TEST_STEP][PASSED] - Statement - PreSaveFile = new java.io.File(((pathPrefix + java.lang.Integer.toString(counter)) + .png)): null

2018-12-13 13:15:39 - [TEST_STEP][PASSED] - Statement - counter = counter + 1: null

2018-12-13 13:15:39 - [TEST_STEP][PASSED] - Statement - PreSaveFile = new java.io.File(((pathPrefix + java.lang.Integer.toString(counter)) + .png)): null

2018-12-13 13:15:39 - [TEST_STEP][PASSED] - Statement - counter = counter + 1: null

2018-12-13 13:15:39 - [TEST_STEP][PASSED] - Statement - PreSaveFile = new java.io.File(((pathPrefix + java.lang.Integer.toString(counter)) + .png)): null

2018-12-13 13:15:39 - [TEST_STEP][PASSED] - Statement - counter = counter + 1: null

2018-12-13 13:15:39 - [TEST_STEP][PASSED] - Statement - PreSaveFile = new java.io.File(((pathPrefix + java.lang.Integer.toString(counter)) + .png)): null

2018-12-13 13:15:39 - [TEST_STEP][PASSED] - Statement - counter = counter + 1: null

2018-12-13 13:15:39 - [TEST_STEP][PASSED] - Statement - PreSaveFile = new java.io.File(((pathPrefix + java.lang.Integer.toString(counter)) + .png)): null

2018-12-13 13:15:39 - [TEST_STEP][PASSED] - Statement - counter = counter + 1: null

2018-12-13 13:15:39 - [TEST_STEP][PASSED] - Statement - PreSaveFile = new java.io.File(((pathPrefix + java.lang.Integer.toString(counter)) + .png)): null

2018-12-13 13:15:39 - [TEST_STEP][PASSED] - Statement - counter = counter + 1: null

2018-12-13 13:15:39 - [TEST_STEP][PASSED] - Statement - PreSaveFile = new java.io.File(((pathPrefix + java.lang.Integer.toString(counter)) + .png)): null

2018-12-13 13:15:39 - [TEST_STEP][PASSED] - Statement - counter = counter + 1: null

2018-12-13 13:15:39 - [TEST_STEP][PASSED] - Statement - PreSaveFile = new java.io.File(((pathPrefix + java.lang.Integer.toString(counter)) + .png)): null

2018-12-13 13:15:39 - [TEST_STEP][PASSED] - Statement - counter = counter + 1: null

2018-12-13 13:15:39 - [TEST_STEP][PASSED] - Statement - PreSaveFile = new java.io.File(((pathPrefix + java.lang.Integer.toString(counter)) + .png)): null

2018-12-13 13:15:39 - [TEST_STEP][PASSED] - Statement - counter = counter + 1: null

2018-12-13 13:15:39 - [TEST_STEP][PASSED] - Statement - PreSaveFile = new java.io.File(((pathPrefix + java.lang.Integer.toString(counter)) + .png)): null

2018-12-13 13:15:39 - [TEST_STEP][PASSED] - Statement - counter = counter + 1: null

2018-12-13 13:15:39 - [TEST_STEP][PASSED] - Statement - PreSaveFile = new java.io.File(((pathPrefix + java.lang.Integer.toString(counter)) + .png)): null

2018-12-13 13:15:39 - [TEST_STEP][PASSED] - Statement - counter = counter + 1: null

2018-12-13 13:15:39 - [TEST_STEP][PASSED] - Statement - PreSaveFile = new java.io.File(((pathPrefix + java.lang.Integer.toString(counter)) + .png)): null

2018-12-13 13:15:39 - [TEST_STEP][PASSED] - Statement - counter = counter + 1: null

2018-12-13 13:15:39 - [TEST_STEP][PASSED] - Statement - PreSaveFile = new java.io.File(((pathPrefix + java.lang.Integer.toString(counter)) + .png)): null

2018-12-13 13:15:39 - [TEST_STEP][PASSED] - Statement - counter = counter + 1: null

2018-12-13 13:15:39 - [TEST_STEP][PASSED] - Statement - PreSaveFile = new java.io.File(((pathPrefix + java.lang.Integer.toString(counter)) + .png)): null

2018-12-13 13:15:39 - [TEST_STEP][PASSED] - Statement - counter = counter + 1: null

2018-12-13 13:15:39 - [TEST_STEP][PASSED] - Statement - PreSaveFile = new java.io.File(((pathPrefix + java.lang.Integer.toString(counter)) + .png)): null

2018-12-13 13:15:39 - [TEST_STEP][PASSED] - Statement - counter = counter + 1: null

2018-12-13 13:15:39 - [TEST_STEP][PASSED] - Statement - PreSaveFile = new java.io.File(((pathPrefix + java.lang.Integer.toString(counter)) + .png)): null

2018-12-13 13:15:39 - [TEST_STEP][PASSED] - Statement - counter = counter + 1: null

2018-12-13 13:15:39 - [TEST_STEP][PASSED] - Statement - PreSaveFile = new java.io.File(((pathPrefix + java.lang.Integer.toString(counter)) + .png)): null

2018-12-13 13:15:39 - [TEST_STEP][PASSED] - Statement - counter = counter + 1: null

2018-12-13 13:15:39 - [TEST_STEP][PASSED] - Statement - PreSaveFile = new java.io.File(((pathPrefix + java.lang.Integer.toString(counter)) + .png)): null

2018-12-13 13:15:39 - [TEST_STEP][PASSED] - Statement - counter = counter + 1: null

2018-12-13 13:15:39 - [TEST_STEP][PASSED] - Statement - PreSaveFile = new java.io.File(((pathPrefix + java.lang.Integer.toString(counter)) + .png)): null

2018-12-13 13:15:39 - [TEST_STEP][PASSED] - Statement - counter = counter + 1: null

2018-12-13 13:15:39 - [TEST_STEP][PASSED] - Statement - PreSaveFile = new java.io.File(((pathPrefix + java.lang.Integer.toString(counter)) + .png)): null

2018-12-13 13:15:39 - [TEST_STEP][PASSED] - Statement - counter = counter + 1: null

2018-12-13 13:15:39 - [TEST_STEP][PASSED] - Statement - PreSaveFile = new java.io.File(((pathPrefix + java.lang.Integer.toString(counter)) + .png)): null

2018-12-13 13:15:39 - [TEST_STEP][PASSED] - Statement - counter = counter + 1: null

2018-12-13 13:15:39 - [TEST_STEP][PASSED] - Statement - PreSaveFile = new java.io.File(((pathPrefix + java.lang.Integer.toString(counter)) + .png)): null

2018-12-13 13:15:39 - [TEST_STEP][PASSED] - Statement - counter = counter + 1: null

2018-12-13 13:15:39 - [TEST_STEP][PASSED] - Statement - PreSaveFile = new java.io.File(((pathPrefix + java.lang.Integer.toString(counter)) + .png)): null

2018-12-13 13:15:39 - [TEST_STEP][PASSED] - Statement - counter = counter + 1: null

2018-12-13 13:15:39 - [TEST_STEP][PASSED] - Statement - PreSaveFile = new java.io.File(((pathPrefix + java.lang.Integer.toString(counter)) + .png)): null

2018-12-13 13:15:39 - [TEST_STEP][PASSED] - Statement - counter = counter + 1: null

2018-12-13 13:15:39 - [TEST_STEP][PASSED] - Statement - PreSaveFile = new java.io.File(((pathPrefix + java.lang.Integer.toString(counter)) + .png)): null

2018-12-13 13:15:39 - [TEST_STEP][PASSED] - Statement - counter = counter + 1: null

2018-12-13 13:15:39 - [TEST_STEP][PASSED] - Statement - PreSaveFile = new java.io.File(((pathPrefix + java.lang.Integer.toString(counter)) + .png)): null

2018-12-13 13:15:39 - [TEST_STEP][PASSED] - Statement - counter = counter + 1: null

2018-12-13 13:15:39 - [TEST_STEP][PASSED] - Statement - PreSaveFile = new java.io.File(((pathPrefix + java.lang.Integer.toString(counter)) + .png)): null

2018-12-13 13:15:39 - [TEST_STEP][PASSED] - Statement - counter = counter + 1: null

2018-12-13 13:15:39 - [TEST_STEP][PASSED] - Statement - PreSaveFile = new java.io.File(((pathPrefix + java.lang.Integer.toString(counter)) + .png)): null

2018-12-13 13:15:39 - [TEST_STEP][PASSED] - Statement - counter = counter + 1: null

2018-12-13 13:15:39 - [TEST_STEP][PASSED] - Statement - PreSaveFile = new java.io.File(((pathPrefix + java.lang.Integer.toString(counter)) + .png)): null

2018-12-13 13:15:39 - [TEST_STEP][PASSED] - Statement - counter = counter + 1: null

2018-12-13 13:15:39 - [TEST_STEP][PASSED] - Statement - PreSaveFile = new java.io.File(((pathPrefix + java.lang.Integer.toString(counter)) + .png)): null

2018-12-13 13:15:39 - [TEST_STEP][PASSED] - Statement - counter = counter + 1: null

2018-12-13 13:15:39 - [TEST_STEP][PASSED] - Statement - PreSaveFile = new java.io.File(((pathPrefix + java.lang.Integer.toString(counter)) + .png)): null

2018-12-13 13:15:39 - [TEST_STEP][PASSED] - Statement - counter = counter + 1: null

2018-12-13 13:15:39 - [TEST_STEP][PASSED] - Statement - PreSaveFile = new java.io.File(((pathPrefix + java.lang.Integer.toString(counter)) + .png)): null

2018-12-13 13:15:39 - [TEST_STEP][PASSED] - Statement - counter = counter + 1: null

2018-12-13 13:15:39 - [TEST_STEP][PASSED] - Statement - PreSaveFile = new java.io.File(((pathPrefix + java.lang.Integer.toString(counter)) + .png)): null

2018-12-13 13:15:39 - [TEST_STEP][PASSED] - Statement - counter = counter + 1: null

2018-12-13 13:15:39 - [TEST_STEP][PASSED] - Statement - PreSaveFile = new java.io.File(((pathPrefix + java.lang.Integer.toString(counter)) + .png)): null

2018-12-13 13:15:39 - [TEST_STEP][PASSED] - Statement - counter = counter + 1: null

2018-12-13 13:15:39 - [TEST_STEP][PASSED] - Statement - PreSaveFile = new java.io.File(((pathPrefix + java.lang.Integer.toString(counter)) + .png)): null

2018-12-13 13:15:39 - [TEST_STEP][PASSED] - Statement - counter = counter + 1: null

2018-12-13 13:15:39 - [TEST_STEP][PASSED] - Statement - PreSaveFile = new java.io.File(((pathPrefix + java.lang.Integer.toString(counter)) + .png)): null

2018-12-13 13:15:39 - [TEST_STEP][PASSED] - Statement - counter = counter + 1: null

2018-12-13 13:15:39 - [TEST_STEP][PASSED] - Statement - PreSaveFile = new java.io.File(((pathPrefix + java.lang.Integer.toString(counter)) + .png)): null

2018-12-13 13:15:39 - [TEST_STEP][PASSED] - Statement - counter = counter + 1: null

2018-12-13 13:15:39 - [TEST_STEP][PASSED] - Statement - PreSaveFile = new java.io.File(((pathPrefix + java.lang.Integer.toString(counter)) + .png)): null

2018-12-13 13:15:39 - [TEST_STEP][PASSED] - Statement - counter = counter + 1: null

2018-12-13 13:15:39 - [TEST_STEP][PASSED] - Statement - PreSaveFile = new java.io.File(((pathPrefix + java.lang.Integer.toString(counter)) + .png)): null

2018-12-13 13:15:39 - [TEST_STEP][PASSED] - Statement - counter = counter + 1: null

2018-12-13 13:15:39 - [TEST_STEP][PASSED] - Statement - PreSaveFile = new java.io.File(((pathPrefix + java.lang.Integer.toString(counter)) + .png)): null

2018-12-13 13:15:39 - [TEST_STEP][PASSED] - Statement - counter = counter + 1: null

2018-12-13 13:15:39 - [TEST_STEP][PASSED] - Statement - PreSaveFile = new java.io.File(((pathPrefix + java.lang.Integer.toString(counter)) + .png)): null

2018-12-13 13:15:39 - [TEST_STEP][PASSED] - Statement - counter = counter + 1: null

2018-12-13 13:15:39 - [TEST_STEP][PASSED] - Statement - PreSaveFile = new java.io.File(((pathPrefix + java.lang.Integer.toString(counter)) + .png)): null

2018-12-13 13:15:39 - [TEST_STEP][PASSED] - Statement - counter = counter + 1: null

2018-12-13 13:15:39 - [TEST_STEP][PASSED] - Statement - PreSaveFile = new java.io.File(((pathPrefix + java.lang.Integer.toString(counter)) + .png)): null

2018-12-13 13:15:39 - [TEST_STEP][PASSED] - Statement - counter = counter + 1: null

2018-12-13 13:15:39 - [TEST_STEP][PASSED] - Statement - PreSaveFile = new java.io.File(((pathPrefix + java.lang.Integer.toString(counter)) + .png)): null

2018-12-13 13:15:39 - [TEST_STEP][PASSED] - Statement - counter = counter + 1: null

2018-12-13 13:15:39 - [TEST_STEP][PASSED] - Statement - PreSaveFile = new java.io.File(((pathPrefix + java.lang.Integer.toString(counter)) + .png)): null

2018-12-13 13:15:39 - [TEST_STEP][PASSED] - Statement - counter = counter + 1: null

2018-12-13 13:15:39 - [TEST_STEP][PASSED] - Statement - PreSaveFile = new java.io.File(((pathPrefix + java.lang.Integer.toString(counter)) + .png)): null

2018-12-13 13:15:39 - [TEST_STEP][PASSED] - Statement - counter = counter + 1: null

2018-12-13 13:15:39 - [TEST_STEP][PASSED] - Statement - PreSaveFile = new java.io.File(((pathPrefix + java.lang.Integer.toString(counter)) + .png)): null

2018-12-13 13:15:39 - [TEST_STEP][PASSED] - Statement - counter = counter + 1: null

2018-12-13 13:15:39 - [TEST_STEP][PASSED] - Statement - PreSaveFile = new java.io.File(((pathPrefix + java.lang.Integer.toString(counter)) + .png)): null

2018-12-13 13:15:39 - [TEST_STEP][PASSED] - Statement - counter = counter + 1: null

2018-12-13 13:15:39 - [TEST_STEP][PASSED] - Statement - PreSaveFile = new java.io.File(((pathPrefix + java.lang.Integer.toString(counter)) + .png)): null

2018-12-13 13:15:39 - [TEST_STEP][PASSED] - Statement - counter = counter + 1: null

2018-12-13 13:15:39 - [TEST_STEP][PASSED] - Statement - PreSaveFile = new java.io.File(((pathPrefix + java.lang.Integer.toString(counter)) + .png)): null

2018-12-13 13:15:39 - [TEST_STEP][PASSED] - Statement - counter = counter + 1: null

2018-12-13 13:15:39 - [TEST_STEP][PASSED] - Statement - PreSaveFile = new java.io.File(((pathPrefix + java.lang.Integer.toString(counter)) + .png)): null

2018-12-13 13:15:39 - [TEST_STEP][PASSED] - Statement - counter = counter + 1: null

2018-12-13 13:15:39 - [TEST_STEP][PASSED] - Statement - PreSaveFile = new java.io.File(((pathPrefix + java.lang.Integer.toString(counter)) + .png)): null

2018-12-13 13:15:39 - [TEST_STEP][PASSED] - Statement - counter = counter + 1: null

2018-12-13 13:15:39 - [TEST_STEP][PASSED] - Statement - PreSaveFile = new java.io.File(((pathPrefix + java.lang.Integer.toString(counter)) + .png)): null

2018-12-13 13:15:39 - [TEST_STEP][PASSED] - Statement - counter = counter + 1: null

2018-12-13 13:15:39 - [TEST_STEP][PASSED] - Statement - PreSaveFile = new java.io.File(((pathPrefix + java.lang.Integer.toString(counter)) + .png)): null

2018-12-13 13:15:39 - [TEST_STEP][PASSED] - Statement - counter = counter + 1: null

2018-12-13 13:15:39 - [TEST_STEP][PASSED] - Statement - PreSaveFile = new java.io.File(((pathPrefix + java.lang.Integer.toString(counter)) + .png)): null

2018-12-13 13:15:39 - [TEST_STEP][PASSED] - Statement - counter = counter + 1: null

2018-12-13 13:15:39 - [TEST_STEP][PASSED] - Statement - PreSaveFile = new java.io.File(((pathPrefix + java.lang.Integer.toString(counter)) + .png)): null

2018-12-13 13:15:39 - [TEST_STEP][PASSED] - Statement - counter = counter + 1: null

2018-12-13 13:15:39 - [TEST_STEP][PASSED] - Statement - PreSaveFile = new java.io.File(((pathPrefix + java.lang.Integer.toString(counter)) + .png)): null

2018-12-13 13:15:39 - [TEST_STEP][PASSED] - Statement - counter = counter + 1: null

2018-12-13 13:15:39 - [TEST_STEP][PASSED] - Statement - PreSaveFile = new java.io.File(((pathPrefix + java.lang.Integer.toString(counter)) + .png)): null

2018-12-13 13:15:39 - [TEST_STEP][PASSED] - Statement - counter = counter + 1: null

2018-12-13 13:15:39 - [TEST_STEP][PASSED] - Statement - PreSaveFile = new java.io.File(((pathPrefix + java.lang.Integer.toString(counter)) + .png)): null

2018-12-13 13:15:39 - [TEST_STEP][PASSED] - Statement - counter = counter + 1: null

2018-12-13 13:15:39 - [TEST_STEP][PASSED] - Statement - PreSaveFile = new java.io.File(((pathPrefix + java.lang.Integer.toString(counter)) + .png)): null

2018-12-13 13:15:39 - [TEST_STEP][PASSED] - Statement - counter = counter + 1: null

2018-12-13 13:15:39 - [TEST_STEP][PASSED] - Statement - PreSaveFile = new java.io.File(((pathPrefix + java.lang.Integer.toString(counter)) + .png)): null

2018-12-13 13:15:39 - [TEST_STEP][PASSED] - Statement - counter = counter + 1: null

2018-12-13 13:15:39 - [TEST_STEP][PASSED] - Statement - PreSaveFile = new java.io.File(((pathPrefix + java.lang.Integer.toString(counter)) + .png)): null

2018-12-13 13:15:39 - [TEST_STEP][PASSED] - Statement - counter = counter + 1: null

2018-12-13 13:15:39 - [TEST_STEP][PASSED] - Statement - PreSaveFile = new java.io.File(((pathPrefix + java.lang.Integer.toString(counter)) + .png)): null

2018-12-13 13:15:39 - [TEST_STEP][PASSED] - Statement - counter = counter + 1: null

2018-12-13 13:15:39 - [TEST_STEP][PASSED] - Statement - PreSaveFile = new java.io.File(((pathPrefix + java.lang.Integer.toString(counter)) + .png)): null

2018-12-13 13:15:39 - [TEST_STEP][PASSED] - Statement - counter = counter + 1: null

2018-12-13 13:15:39 - [TEST_STEP][PASSED] - Statement - PreSaveFile = new java.io.File(((pathPrefix + java.lang.Integer.toString(counter)) + .png)): null

2018-12-13 13:15:39 - [TEST_STEP][PASSED] - Statement - counter = counter + 1: null

2018-12-13 13:15:39 - [TEST_STEP][PASSED] - Statement - PreSaveFile = new java.io.File(((pathPrefix + java.lang.Integer.toString(counter)) + .png)): null

2018-12-13 13:15:39 - [TEST_STEP][PASSED] - Statement - counter = counter + 1: null

2018-12-13 13:15:39 - [TEST_STEP][PASSED] - Statement - PreSaveFile = new java.io.File(((pathPrefix + java.lang.Integer.toString(counter)) + .png)): null

2018-12-13 13:15:39 - [TEST_STEP][PASSED] - Statement - counter = counter + 1: null

2018-12-13 13:15:39 - [TEST_STEP][PASSED] - Statement - PreSaveFile = new java.io.File(((pathPrefix + java.lang.Integer.toString(counter)) + .png)): null

2018-12-13 13:15:39 - [TEST_STEP][PASSED] - Statement - counter = counter + 1: null

2018-12-13 13:15:39 - [TEST_STEP][PASSED] - Statement - PreSaveFile = new java.io.File(((pathPrefix + java.lang.Integer.toString(counter)) + .png)): null

2018-12-13 13:15:39 - [TEST_STEP][PASSED] - Statement - counter = counter + 1: null

2018-12-13 13:15:39 - [TEST_STEP][PASSED] - Statement - PreSaveFile = new java.io.File(((pathPrefix + java.lang.Integer.toString(counter)) + .png)): null

2018-12-13 13:15:39 - [TEST_STEP][PASSED] - Statement - counter = counter + 1: null

2018-12-13 13:15:39 - [TEST_STEP][PASSED] - Statement - PreSaveFile = new java.io.File(((pathPrefix + java.lang.Integer.toString(counter)) + .png)): null

2018-12-13 13:15:39 - [TEST_STEP][PASSED] - Statement - counter = counter + 1: null

2018-12-13 13:15:39 - [TEST_STEP][PASSED] - Statement - PreSaveFile = new java.io.File(((pathPrefix + java.lang.Integer.toString(counter)) + .png)): null

2018-12-13 13:15:39 - [TEST_STEP][PASSED] - Statement - counter = counter + 1: null

2018-12-13 13:15:39 - [TEST_STEP][PASSED] - Statement - PreSaveFile = new java.io.File(((pathPrefix + java.lang.Integer.toString(counter)) + .png)): null

2018-12-13 13:15:39 - [TEST_STEP][PASSED] - Statement - counter = counter + 1: null

2018-12-13 13:15:39 - [TEST_STEP][PASSED] - Statement - PreSaveFile = new java.io.File(((pathPrefix + java.lang.Integer.toString(counter)) + .png)): null

2018-12-13 13:15:39 - [TEST_STEP][PASSED] - Statement - counter = counter + 1: null

2018-12-13 13:15:39 - [TEST_STEP][PASSED] - Statement - PreSaveFile = new java.io.File(((pathPrefix + java.lang.Integer.toString(counter)) + .png)): null

2018-12-13 13:15:39 - [TEST_STEP][PASSED] - Statement - counter = counter + 1: null

2018-12-13 13:15:39 - [TEST_STEP][PASSED] - Statement - PreSaveFile = new java.io.File(((pathPrefix + java.lang.Integer.toString(counter)) + .png)): null

2018-12-13 13:15:39 - [TEST_STEP][PASSED] - Statement - counter = counter + 1: null

2018-12-13 13:15:39 - [TEST_STEP][PASSED] - Statement - PreSaveFile = new java.io.File(((pathPrefix + java.lang.Integer.toString(counter)) + .png)): null

2018-12-13 13:15:39 - [TEST_STEP][PASSED] - Statement - counter = counter + 1: null

2018-12-13 13:15:39 - [TEST_STEP][PASSED] - Statement - PreSaveFile = new java.io.File(((pathPrefix + java.lang.Integer.toString(counter)) + .png)): null

2018-12-13 13:15:39 - [TEST_STEP][PASSED] - Statement - counter = counter + 1: null

2018-12-13 13:15:39 - [TEST_STEP][PASSED] - Statement - PreSaveFile = new java.io.File(((pathPrefix + java.lang.Integer.toString(counter)) + .png)): null

2018-12-13 13:15:39 - [TEST_STEP][PASSED] - Statement - counter = counter + 1: null

2018-12-13 13:15:39 - [TEST_STEP][PASSED] - Statement - PreSaveFile = new java.io.File(((pathPrefix + java.lang.Integer.toString(counter)) + .png)): null

2018-12-13 13:15:39 - [TEST_STEP][PASSED] - Statement - counter = counter + 1: null

2018-12-13 13:15:39 - [TEST_STEP][PASSED] - Statement - PreSaveFile = new java.io.File(((pathPrefix + java.lang.Integer.toString(counter)) + .png)): null

2018-12-13 13:15:39 - [TEST_STEP][PASSED] - Statement - counter = counter + 1: null

2018-12-13 13:15:39 - [TEST_STEP][PASSED] - Statement - PreSaveFile = new java.io.File(((pathPrefix + java.lang.Integer.toString(counter)) + .png)): null

2018-12-13 13:15:39 - [TEST_STEP][PASSED] - Statement - counter = counter + 1: null

2018-12-13 13:15:39 - [TEST_STEP][PASSED] - Statement - PreSaveFile = new java.io.File(((pathPrefix + java.lang.Integer.toString(counter)) + .png)): null

2018-12-13 13:15:39 - [TEST_STEP][PASSED] - Statement - counter = counter + 1: null

2018-12-13 13:15:39 - [TEST_STEP][PASSED] - Statement - PreSaveFile = new java.io.File(((pathPrefix + java.lang.Integer.toString(counter)) + .png)): null

2018-12-13 13:15:39 - [TEST_STEP][PASSED] - Statement - counter = counter + 1: null

2018-12-13 13:15:39 - [TEST_STEP][PASSED] - Statement - PreSaveFile = new java.io.File(((pathPrefix + java.lang.Integer.toString(counter)) + .png)): null

2018-12-13 13:15:39 - [TEST_STEP][PASSED] - Statement - counter = counter + 1: null

2018-12-13 13:15:39 - [TEST_STEP][PASSED] - Statement - PreSaveFile = new java.io.File(((pathPrefix + java.lang.Integer.toString(counter)) + .png)): null

2018-12-13 13:15:39 - [TEST_STEP][PASSED] - Statement - counter = counter + 1: null

2018-12-13 13:15:39 - [TEST_STEP][PASSED] - Statement - PreSaveFile = new java.io.File(((pathPrefix + java.lang.Integer.toString(counter)) + .png)): null

2018-12-13 13:15:39 - [TEST_STEP][PASSED] - Statement - counter = counter + 1: null

2018-12-13 13:15:39 - [TEST_STEP][PASSED] - Statement - PreSaveFile = new java.io.File(((pathPrefix + java.lang.Integer.toString(counter)) + .png)): null

2018-12-13 13:15:39 - [TEST_STEP][PASSED] - Statement - counter = counter + 1: null

2018-12-13 13:15:39 - [TEST_STEP][PASSED] - Statement - PreSaveFile = new java.io.File(((pathPrefix + java.lang.Integer.toString(counter)) + .png)): null

2018-12-13 13:15:39 - [TEST_STEP][PASSED] - Statement - counter = counter + 1: null

2018-12-13 13:15:39 - [TEST_STEP][PASSED] - Statement - PreSaveFile = new java.io.File(((pathPrefix + java.lang.Integer.toString(counter)) + .png)): null

2018-12-13 13:15:39 - [TEST_STEP][PASSED] - Statement - counter = counter + 1: null

2018-12-13 13:15:39 - [TEST_STEP][PASSED] - Statement - PreSaveFile = new java.io.File(((pathPrefix + java.lang.Integer.toString(counter)) + .png)): null

2018-12-13 13:15:39 - [TEST_STEP][PASSED] - Statement - counter = counter + 1: null

2018-12-13 13:15:39 - [TEST_STEP][PASSED] - Statement - PreSaveFile = new java.io.File(((pathPrefix + java.lang.Integer.toString(counter)) + .png)): null

2018-12-13 13:15:39 - [TEST_STEP][PASSED] - Statement - counter = counter + 1: null

2018-12-13 13:15:39 - [TEST_STEP][PASSED] - Statement - PreSaveFile = new java.io.File(((pathPrefix + java.lang.Integer.toString(counter)) + .png)): null

2018-12-13 13:15:39 - [TEST_STEP][PASSED] - Statement - counter = counter + 1: null

2018-12-13 13:15:39 - [TEST_STEP][PASSED] - Statement - PreSaveFile = new java.io.File(((pathPrefix + java.lang.Integer.toString(counter)) + .png)): null

2018-12-13 13:15:39 - [TEST_STEP][PASSED] - Statement - counter = counter + 1: null

2018-12-13 13:15:39 - [TEST_STEP][PASSED] - Statement - PreSaveFile = new java.io.File(((pathPrefix + java.lang.Integer.toString(counter)) + .png)): null

2018-12-13 13:15:39 - [TEST_STEP][PASSED] - Statement - counter = counter + 1: null

2018-12-13 13:15:39 - [TEST_STEP][PASSED] - Statement - PreSaveFile = new java.io.File(((pathPrefix + java.lang.Integer.toString(counter)) + .png)): null

2018-12-13 13:15:39 - [TEST_STEP][PASSED] - Statement - counter = counter + 1: null

2018-12-13 13:15:39 - [TEST_STEP][PASSED] - Statement - PreSaveFile = new java.io.File(((pathPrefix + java.lang.Integer.toString(counter)) + .png)): null

2018-12-13 13:15:39 - [TEST_STEP][PASSED] - Statement - counter = counter + 1: null

2018-12-13 13:15:39 - [TEST_STEP][PASSED] - Statement - PreSaveFile = new java.io.File(((pathPrefix + java.lang.Integer.toString(counter)) + .png)): null

2018-12-13 13:15:39 - [TEST_STEP][PASSED] - Statement - counter = counter + 1: null

2018-12-13 13:15:39 - [TEST_STEP][PASSED] - Statement - PreSaveFile = new java.io.File(((pathPrefix + java.lang.Integer.toString(counter)) + .png)): null

2018-12-13 13:15:39 - [TEST_STEP][PASSED] - Statement - counter = counter + 1: null

2018-12-13 13:15:39 - [TEST_STEP][PASSED] - Statement - PreSaveFile = new java.io.File(((pathPrefix + java.lang.Integer.toString(counter)) + .png)): null

2018-12-13 13:15:39 - [TEST_STEP][PASSED] - Statement - counter = counter + 1: null

2018-12-13 13:15:39 - [TEST_STEP][PASSED] - Statement - PreSaveFile = new java.io.File(((pathPrefix + java.lang.Integer.toString(counter)) + .png)): null

2018-12-13 13:15:39 - [TEST_STEP][PASSED] - Statement - counter = counter + 1: null

2018-12-13 13:15:39 - [TEST_STEP][PASSED] - Statement - PreSaveFile = new java.io.File(((pathPrefix + java.lang.Integer.toString(counter)) + .png)): null

2018-12-13 13:15:39 - [TEST_STEP][PASSED] - Statement - counter = counter + 1: null

2018-12-13 13:15:39 - [TEST_STEP][PASSED] - Statement - PreSaveFile = new java.io.File(((pathPrefix + java.lang.Integer.toString(counter)) + .png)): null

2018-12-13 13:15:39 - [TEST_STEP][PASSED] - Statement - counter = counter + 1: null

2018-12-13 13:15:39 - [TEST_STEP][PASSED] - Statement - PreSaveFile = new java.io.File(((pathPrefix + java.lang.Integer.toString(counter)) + .png)): null

2018-12-13 13:15:39 - [TEST_STEP][PASSED] - Statement - counter = counter + 1: null

2018-12-13 13:15:39 - [TEST_STEP][PASSED] - Statement - PreSaveFile = new java.io.File(((pathPrefix + java.lang.Integer.toString(counter)) + .png)): null

2018-12-13 13:15:39 - [TEST_STEP][PASSED] - Statement - counter = counter + 1: null

2018-12-13 13:15:39 - [TEST_STEP][PASSED] - Statement - PreSaveFile = new java.io.File(((pathPrefix + java.lang.Integer.toString(counter)) + .png)): null

2018-12-13 13:15:39 - [TEST_STEP][PASSED] - Statement - counter = counter + 1: null

2018-12-13 13:15:39 - [TEST_STEP][PASSED] - Statement - PreSaveFile = new java.io.File(((pathPrefix + java.lang.Integer.toString(counter)) + .png)): null

2018-12-13 13:15:39 - [TEST_STEP][PASSED] - Statement - counter = counter + 1: null

2018-12-13 13:15:39 - [TEST_STEP][PASSED] - Statement - PreSaveFile = new java.io.File(((pathPrefix + java.lang.Integer.toString(counter)) + .png)): null

2018-12-13 13:15:39 - [TEST_STEP][PASSED] - Statement - counter = counter + 1: null

2018-12-13 13:15:39 - [TEST_STEP][PASSED] - Statement - PreSaveFile = new java.io.File(((pathPrefix + java.lang.Integer.toString(counter)) + .png)): null

2018-12-13 13:15:39 - [TEST_STEP][PASSED] - Statement - counter = counter + 1: null

2018-12-13 13:15:39 - [TEST_STEP][PASSED] - Statement - PreSaveFile = new java.io.File(((pathPrefix + java.lang.Integer.toString(counter)) + .png)): null

2018-12-13 13:15:39 - [TEST_STEP][PASSED] - Statement - counter = counter + 1: null

2018-12-13 13:15:39 - [TEST_STEP][PASSED] - Statement - PreSaveFile = new java.io.File(((pathPrefix + java.lang.Integer.toString(counter)) + .png)): null

2018-12-13 13:15:39 - [TEST_STEP][PASSED] - Statement - counter = counter + 1: null

2018-12-13 13:15:39 - [TEST_STEP][PASSED] - Statement - PreSaveFile = new java.io.File(((pathPrefix + java.lang.Integer.toString(counter)) + .png)): null

2018-12-13 13:15:39 - [TEST_STEP][PASSED] - Statement - counter = counter + 1: null

2018-12-13 13:15:39 - [TEST_STEP][PASSED] - Statement - PreSaveFile = new java.io.File(((pathPrefix + java.lang.Integer.toString(counter)) + .png)): null

2018-12-13 13:15:39 - [TEST_STEP][PASSED] - Statement - counter = counter + 1: null

2018-12-13 13:15:39 - [TEST_STEP][PASSED] - Statement - PreSaveFile = new java.io.File(((pathPrefix + java.lang.Integer.toString(counter)) + .png)): null

2018-12-13 13:15:39 - [TEST_STEP][PASSED] - Statement - counter = counter + 1: null

2018-12-13 13:15:39 - [TEST_STEP][PASSED] - Statement - PreSaveFile = new java.io.File(((pathPrefix + java.lang.Integer.toString(counter)) + .png)): null

2018-12-13 13:15:40 - [TEST_STEP][PASSED] - Statement - counter = counter + 1: null

2018-12-13 13:15:40 - [TEST_STEP][PASSED] - Statement - PreSaveFile = new java.io.File(((pathPrefix + java.lang.Integer.toString(counter)) + .png)): null

2018-12-13 13:15:40 - [TEST_STEP][PASSED] - Statement - counter = counter + 1: null

2018-12-13 13:15:40 - [TEST_STEP][PASSED] - Statement - PreSaveFile = new java.io.File(((pathPrefix + java.lang.Integer.toString(counter)) + .png)): null

2018-12-13 13:15:40 - [TEST_STEP][PASSED] - Statement - counter = counter + 1: null

2018-12-13 13:15:40 - [TEST_STEP][PASSED] - Statement - PreSaveFile = new java.io.File(((pathPrefix + java.lang.Integer.toString(counter)) + .png)): null

2018-12-13 13:15:40 - [TEST_STEP][PASSED] - Statement - counter = counter + 1: null

2018-12-13 13:15:40 - [TEST_STEP][PASSED] - Statement - PreSaveFile = new java.io.File(((pathPrefix + java.lang.Integer.toString(counter)) + .png)): null

2018-12-13 13:15:40 - [TEST_STEP][PASSED] - Statement - counter = counter + 1: null

2018-12-13 13:15:40 - [TEST_STEP][PASSED] - Statement - PreSaveFile = new java.io.File(((pathPrefix + java.lang.Integer.toString(counter)) + .png)): null

2018-12-13 13:15:40 - [TEST_STEP][PASSED] - Statement - counter = counter + 1: null

2018-12-13 13:15:40 - [TEST_STEP][PASSED] - Statement - PreSaveFile = new java.io.File(((pathPrefix + java.lang.Integer.toString(counter)) + .png)): null

2018-12-13 13:15:40 - [TEST_STEP][PASSED] - Statement - counter = counter + 1: null

2018-12-13 13:15:40 - [TEST_STEP][PASSED] - Statement - PreSaveFile = new java.io.File(((pathPrefix + java.lang.Integer.toString(counter)) + .png)): null

2018-12-13 13:15:40 - [TEST_STEP][PASSED] - Statement - counter = counter + 1: null

2018-12-13 13:15:40 - [TEST_STEP][PASSED] - Statement - PreSaveFile = new java.io.File(((pathPrefix + java.lang.Integer.toString(counter)) + .png)): null

2018-12-13 13:15:40 - [TEST_STEP][PASSED] - Statement - counter = counter + 1: null

2018-12-13 13:15:40 - [TEST_STEP][PASSED] - Statement - PreSaveFile = new java.io.File(((pathPrefix + java.lang.Integer.toString(counter)) + .png)): null

2018-12-13 13:15:40 - [TEST_STEP][PASSED] - Statement - counter = counter + 1: null

2018-12-13 13:15:40 - [TEST_STEP][PASSED] - Statement - PreSaveFile = new java.io.File(((pathPrefix + java.lang.Integer.toString(counter)) + .png)): null

2018-12-13 13:15:40 - [TEST_STEP][PASSED] - Statement - counter = counter + 1: null

2018-12-13 13:15:40 - [TEST_STEP][PASSED] - Statement - PreSaveFile = new java.io.File(((pathPrefix + java.lang.Integer.toString(counter)) + .png)): null

2018-12-13 13:15:40 - [TEST_STEP][PASSED] - Statement - counter = counter + 1: null

2018-12-13 13:15:40 - [TEST_STEP][PASSED] - Statement - PreSaveFile = new java.io.File(((pathPrefix + java.lang.Integer.toString(counter)) + .png)): null

2018-12-13 13:15:40 - [TEST_STEP][PASSED] - Statement - counter = counter + 1: null

2018-12-13 13:15:40 - [TEST_STEP][PASSED] - Statement - PreSaveFile = new java.io.File(((pathPrefix + java.lang.Integer.toString(counter)) + .png)): null

2018-12-13 13:15:40 - [TEST_STEP][PASSED] - Statement - counter = counter + 1: null

2018-12-13 13:15:40 - [TEST_STEP][PASSED] - Statement - PreSaveFile = new java.io.File(((pathPrefix + java.lang.Integer.toString(counter)) + .png)): null

2018-12-13 13:15:40 - [TEST_STEP][PASSED] - Statement - counter = counter + 1: null

2018-12-13 13:15:40 - [TEST_STEP][PASSED] - Statement - PreSaveFile = new java.io.File(((pathPrefix + java.lang.Integer.toString(counter)) + .png)): null

2018-12-13 13:15:40 - [TEST_STEP][PASSED] - Statement - counter = counter + 1: null

2018-12-13 13:15:40 - [TEST_STEP][PASSED] - Statement - PreSaveFile = new java.io.File(((pathPrefix + java.lang.Integer.toString(counter)) + .png)): null

2018-12-13 13:15:40 - [TEST_STEP][PASSED] - Statement - counter = counter + 1: null

2018-12-13 13:15:40 - [TEST_STEP][PASSED] - Statement - PreSaveFile = new java.io.File(((pathPrefix + java.lang.Integer.toString(counter)) + .png)): null

2018-12-13 13:15:40 - [TEST_STEP][PASSED] - Statement - counter = counter + 1: null

2018-12-13 13:15:40 - [TEST_STEP][PASSED] - Statement - PreSaveFile = new java.io.File(((pathPrefix + java.lang.Integer.toString(counter)) + .png)): null

2018-12-13 13:15:40 - [TEST_STEP][PASSED] - Statement - counter = counter + 1: null

2018-12-13 13:15:40 - [TEST_STEP][PASSED] - Statement - PreSaveFile = new java.io.File(((pathPrefix + java.lang.Integer.toString(counter)) + .png)): null

2018-12-13 13:15:40 - [TEST_STEP][PASSED] - Statement - counter = counter + 1: null

2018-12-13 13:15:40 - [TEST_STEP][PASSED] - Statement - PreSaveFile = new java.io.File(((pathPrefix + java.lang.Integer.toString(counter)) + .png)): null

2018-12-13 13:15:40 - [TEST_STEP][PASSED] - Statement - counter = counter + 1: null

2018-12-13 13:15:40 - [TEST_STEP][PASSED] - Statement - PreSaveFile = new java.io.File(((pathPrefix + java.lang.Integer.toString(counter)) + .png)): null

2018-12-13 13:15:40 - [TEST_STEP][PASSED] - Statement - counter = counter + 1: null

2018-12-13 13:15:40 - [TEST_STEP][PASSED] - Statement - PreSaveFile = new java.io.File(((pathPrefix + java.lang.Integer.toString(counter)) + .png)): null

2018-12-13 13:15:40 - [TEST_STEP][PASSED] - Statement - counter = counter + 1: null

2018-12-13 13:15:40 - [TEST_STEP][PASSED] - Statement - PreSaveFile = new java.io.File(((pathPrefix + java.lang.Integer.toString(counter)) + .png)): null

2018-12-13 13:15:40 - [TEST_STEP][PASSED] - Statement - counter = counter + 1: null

2018-12-13 13:15:40 - [TEST_STEP][PASSED] - Statement - PreSaveFile = new java.io.File(((pathPrefix + java.lang.Integer.toString(counter)) + .png)): null

2018-12-13 13:15:40 - [TEST_STEP][PASSED] - Statement - counter = counter + 1: null

2018-12-13 13:15:40 - [TEST_STEP][PASSED] - Statement - PreSaveFile = new java.io.File(((pathPrefix + java.lang.Integer.toString(counter)) + .png)): null

2018-12-13 13:15:40 - [TEST_STEP][PASSED] - Statement - counter = counter + 1: null

2018-12-13 13:15:40 - [TEST_STEP][PASSED] - Statement - PreSaveFile = new java.io.File(((pathPrefix + java.lang.Integer.toString(counter)) + .png)): null

2018-12-13 13:15:40 - [TEST_STEP][PASSED] - Statement - counter = counter + 1: null

2018-12-13 13:15:40 - [TEST_STEP][PASSED] - Statement - PreSaveFile = new java.io.File(((pathPrefix + java.lang.Integer.toString(counter)) + .png)): null

2018-12-13 13:15:40 - [TEST_STEP][PASSED] - Statement - counter = counter + 1: null

2018-12-13 13:15:40 - [TEST_STEP][PASSED] - Statement - PreSaveFile = new java.io.File(((pathPrefix + java.lang.Integer.toString(counter)) + .png)): null

2018-12-13 13:15:40 - [TEST_STEP][PASSED] - Statement - counter = counter + 1: null

2018-12-13 13:15:40 - [TEST_STEP][PASSED] - Statement - PreSaveFile = new java.io.File(((pathPrefix + java.lang.Integer.toString(counter)) + .png)): null

2018-12-13 13:15:40 - [TEST_STEP][PASSED] - Statement - counter = counter + 1: null

2018-12-13 13:15:40 - [TEST_STEP][PASSED] - Statement - PreSaveFile = new java.io.File(((pathPrefix + java.lang.Integer.toString(counter)) + .png)): null

2018-12-13 13:15:40 - [TEST_STEP][PASSED] - Statement - counter = counter + 1: null

2018-12-13 13:15:40 - [TEST_STEP][PASSED] - Statement - PreSaveFile = new java.io.File(((pathPrefix + java.lang.Integer.toString(counter)) + .png)): null

2018-12-13 13:15:40 - [TEST_STEP][PASSED] - Statement - counter = counter + 1: null

2018-12-13 13:15:40 - [TEST_STEP][PASSED] - Statement - PreSaveFile = new java.io.File(((pathPrefix + java.lang.Integer.toString(counter)) + .png)): null

2018-12-13 13:15:40 - [TEST_STEP][PASSED] - Statement - counter = counter + 1: null

2018-12-13 13:15:40 - [TEST_STEP][PASSED] - Statement - PreSaveFile = new java.io.File(((pathPrefix + java.lang.Integer.toString(counter)) + .png)): null

2018-12-13 13:15:40 - [TEST_STEP][PASSED] - Statement - counter = counter + 1: null

2018-12-13 13:15:40 - [TEST_STEP][PASSED] - Statement - PreSaveFile = new java.io.File(((pathPrefix + java.lang.Integer.toString(counter)) + .png)): null

2018-12-13 13:15:40 - [TEST_STEP][PASSED] - Statement - counter = counter + 1: null

2018-12-13 13:15:40 - [TEST_STEP][PASSED] - Statement - PreSaveFile = new java.io.File(((pathPrefix + java.lang.Integer.toString(counter)) + .png)): null

2018-12-13 13:15:40 - [TEST_STEP][PASSED] - Statement - counter = counter + 1: null

2018-12-13 13:15:40 - [TEST_STEP][PASSED] - Statement - PreSaveFile = new java.io.File(((pathPrefix + java.lang.Integer.toString(counter)) + .png)): null

2018-12-13 13:15:40 - [TEST_STEP][PASSED] - Statement - counter = counter + 1: null

2018-12-13 13:15:40 - [TEST_STEP][PASSED] - Statement - PreSaveFile = new java.io.File(((pathPrefix + java.lang.Integer.toString(counter)) + .png)): null

2018-12-13 13:15:40 - [TEST_STEP][PASSED] - Statement - counter = counter + 1: null

2018-12-13 13:15:40 - [TEST_STEP][PASSED] - Statement - PreSaveFile = new java.io.File(((pathPrefix + java.lang.Integer.toString(counter)) + .png)): null

2018-12-13 13:15:40 - [TEST_STEP][PASSED] - Statement - counter = counter + 1: null

2018-12-13 13:15:40 - [TEST_STEP][PASSED] - Statement - PreSaveFile = new java.io.File(((pathPrefix + java.lang.Integer.toString(counter)) + .png)): null

2018-12-13 13:15:40 - [TEST_STEP][PASSED] - Statement - counter = counter + 1: null

2018-12-13 13:15:40 - [TEST_STEP][PASSED] - Statement - PreSaveFile = new java.io.File(((pathPrefix + java.lang.Integer.toString(counter)) + .png)): null

2018-12-13 13:15:40 - [TEST_STEP][PASSED] - Statement - counter = counter + 1: null

2018-12-13 13:15:40 - [TEST_STEP][PASSED] - Statement - PreSaveFile = new java.io.File(((pathPrefix + java.lang.Integer.toString(counter)) + .png)): null

2018-12-13 13:15:40 - [TEST_STEP][PASSED] - Statement - counter = counter + 1: null

2018-12-13 13:15:40 - [TEST_STEP][PASSED] - Statement - PreSaveFile = new java.io.File(((pathPrefix + java.lang.Integer.toString(counter)) + .png)): null

2018-12-13 13:15:40 - [TEST_STEP][PASSED] - Statement - counter = counter + 1: null

2018-12-13 13:15:40 - [TEST_STEP][PASSED] - Statement - PreSaveFile = new java.io.File(((pathPrefix + java.lang.Integer.toString(counter)) + .png)): null

2018-12-13 13:15:40 - [TEST_STEP][PASSED] - Statement - finalPath = pathPrefix + java.lang.Integer.toString(counter) + ".png": null

2018-12-13 13:15:40 - [TEST_STEP][PASSED] - Statement - SaveFile = new java.io.File(finalPath): null

2018-12-13 13:15:40 - [TEST_STEP][PASSED] - Statement - Try: null

2018-12-13 13:15:40 - [TEST_STEP][PASSED] - Statement - org.apache.commons.io.FileUtils.copyFile(scrFile, SaveFile): null

2018-12-13 13:15:40 - [TEST_STEP][PASSED] - Statement - out.println("file kept"): null

2018-12-13 13:15:40 - [TEST_STEP][PASSED] - delay: Delayed 10 second(s)

2018-12-13 13:15:50 - [MESSAGE][PASSED] - Delayed 10 second(s)

2018-12-13 13:15:50 - [MESSAGE][PASSED] - Call Test Case 'Test Cases/Final Aug 2018 - PKS Automation/Registration Module/New Registration/Submit and Screenshot/Submit Registration and Screenshot' successfully

2018-12-13 13:15:50 - [TEST_STEP][PASSED] - callTestCase: Call Test Case 'Test Cases/Final Aug 2018 - PKS Automation/Registration Module/Log Out/log out avoiding katalon tagging' successfully

2018-12-13 13:15:50 - [TEST_CASE][PASSED] - Test Cases/Final Aug 2018 - PKS Automation/Registration Module/Log Out/log out avoiding katalon tagging: Test Cases/Final Aug 2018 - PKS Automation/Registration Module/Log Out/log out avoiding katalon tagging

2018-12-13 13:15:50 - [TEST_STEP][PASSED] - navigateToUrl: Navigate to 'https://assist2-uat.perkeso.gov.my/c/portal/logout' successfully

2018-12-13 13:15:50 - [MESSAGE][PASSED] - Navigate to 'https://assist2-uat.perkeso.gov.my/c/portal/logout' successfully

2018-12-13 13:15:50 - [MESSAGE][PASSED] - Call Test Case 'Test Cases/Final Aug 2018 - PKS Automation/Registration Module/Log Out/log out avoiding katalon tagging' successfully]]></system-out>
         <system-err><![CDATA[]]></system-err>
      </testcase>
      <testcase name="Test Cases/Final Aug 2018 - PKS Automation/Registration Module/Workflow/New Registration/Case PKR BO to RO - Query - Submit" classname="Test Cases/Final Aug 2018 - PKS Automation/Registration Module/Workflow/New Registration/Case PKR BO to RO - Query - Submit" status="FAILED">
         <failure type="FAILED" message="(Stack trace: com.kms.katalon.core.exception.StepFailedException: Unable to set text 'CRN12201800123275' of object 'Object Repository/Final Object Repo/New Registration - Registration Module Pages/New Reg - OTC to RO/Special Case - All Related Objects/TextBox RefNo in Workbasket' (Root cause: org.openqa.selenium.ElementNotVisibleException: element not interactable
  (Session info: chrome=70.0.3538.110)
  (Driver info: chromedriver=2.43.600210 (68dcf5eebde37173d4027fa8635e332711d2874a),platform=Windows NT 6.1.7601 SP1 x86_64) (WARNING: The server did not provide any stacktrace information)
Command duration or timeout: 0 milliseconds
Build info: version: '3.7.1', revision: '8a0099a', time: '2017-11-06T21:07:36.161Z'
System info: host: 'WIN7TEST02', ip: '10.20.3.72', os.name: 'Windows 7', os.arch: 'amd64', os.version: '6.1', java.version: '1.8.0_181'
Driver info: com.kms.katalon.selenium.driver.CChromeDriver
Capabilities {acceptInsecureCerts: false, acceptSslCerts: false, applicationCacheEnabled: false, browserConnectionEnabled: false, browserName: chrome, chrome: {chromedriverVersion: 2.43.600210 (68dcf5eebde371..., userDataDir: C:\Users\Admin\AppData\Loca...}, cssSelectorsEnabled: true, databaseEnabled: false, goog:chromeOptions: {debuggerAddress: localhost:52715}, handlesAlerts: true, hasTouchScreen: false, javascriptEnabled: true, locationContextEnabled: true, mobileEmulationEnabled: false, nativeEvents: true, networkConnectionEnabled: false, pageLoadStrategy: normal, platform: XP, platformName: XP, rotatable: false, setWindowRect: true, takesHeapSnapshot: true, takesScreenshot: true, unexpectedAlertBehaviour: , unhandledPromptBehavior: , version: 70.0.3538.110, webStorageEnabled: true}
Session ID: 7f7ba10f29967662064b2c09d36530b6)
	at com.kms.katalon.core.keyword.internal.KeywordMain.stepFailed(KeywordMain.groovy:32)
	at com.kms.katalon.core.webui.keyword.internal.WebUIKeywordMain.stepFailed(WebUIKeywordMain.groovy:65)
	at com.kms.katalon.core.webui.keyword.internal.WebUIKeywordMain.runKeyword(WebUIKeywordMain.groovy:27)
	at com.kms.katalon.core.webui.keyword.builtin.SetTextKeyword.setText(SetTextKeyword.groovy:65)
	at com.kms.katalon.core.webui.keyword.builtin.SetTextKeyword.execute(SetTextKeyword.groovy:37)
	at com.kms.katalon.core.keyword.internal.KeywordExecutor.executeKeywordForPlatform(KeywordExecutor.groovy:53)
	at com.kms.katalon.core.webui.keyword.WebUiBuiltInKeywords.setText(WebUiBuiltInKeywords.groovy:950)
	at com.kms.katalon.core.webui.keyword.WebUiBuiltInKeywords$setText$1.call(Unknown Source)
	at org.codehaus.groovy.runtime.callsite.CallSiteArray.defaultCall(CallSiteArray.java:48)
	at org.codehaus.groovy.runtime.callsite.AbstractCallSite.call(AbstractCallSite.java:113)
	at org.codehaus.groovy.runtime.callsite.AbstractCallSite.call(AbstractCallSite.java:133)
	at Script1535619019036.run(Script1535619019036.groovy:73)
	at com.kms.katalon.core.main.ScriptEngine.run(ScriptEngine.java:183)
	at com.kms.katalon.core.main.ScriptEngine.runScriptAsRawText(ScriptEngine.java:108)
	at com.kms.katalon.core.main.TestCaseExecutor.runScript(TestCaseExecutor.java:294)
	at com.kms.katalon.core.main.TestCaseExecutor.doExecute(TestCaseExecutor.java:285)
	at com.kms.katalon.core.main.TestCaseExecutor.processExecutionPhase(TestCaseExecutor.java:264)
	at com.kms.katalon.core.main.TestCaseExecutor.accessMainPhase(TestCaseExecutor.java:256)
	at com.kms.katalon.core.main.TestCaseExecutor.execute(TestCaseExecutor.java:200)
	at com.kms.katalon.core.main.TestSuiteExecutor.accessTestCaseMainPhase(TestSuiteExecutor.java:129)
	at com.kms.katalon.core.main.TestSuiteExecutor.accessTestSuiteMainPhase(TestSuiteExecutor.java:112)
	at com.kms.katalon.core.main.TestSuiteExecutor.execute(TestSuiteExecutor.java:81)
	at com.kms.katalon.core.main.TestCaseMain.startTestSuite(TestCaseMain.java:142)
	at com.kms.katalon.core.main.TestCaseMain$startTestSuite$0.call(Unknown Source)
	at org.codehaus.groovy.runtime.callsite.CallSiteArray.defaultCall(CallSiteArray.java:48)
	at org.codehaus.groovy.runtime.callsite.AbstractCallSite.call(AbstractCallSite.java:113)
	at org.codehaus.groovy.runtime.callsite.AbstractCallSite.call(AbstractCallSite.java:141)
	at TempTestSuite1544668253915.run(TempTestSuite1544668253915.groovy:36)
	at groovy.lang.GroovyShell.runScriptOrMainOrTestOrRunnable(GroovyShell.java:263)
	at groovy.lang.GroovyShell.run(GroovyShell.java:518)
	at groovy.lang.GroovyShell.run(GroovyShell.java:507)
	at groovy.ui.GroovyMain.processOnce(GroovyMain.java:653)
	at groovy.ui.GroovyMain.run(GroovyMain.java:384)
	at groovy.ui.GroovyMain.process(GroovyMain.java:370)
	at groovy.ui.GroovyMain.processArgs(GroovyMain.java:129)
	at groovy.ui.GroovyMain.main(GroovyMain.java:109)
	at sun.reflect.NativeMethodAccessorImpl.invoke0(Native Method)
	at sun.reflect.NativeMethodAccessorImpl.invoke(NativeMethodAccessorImpl.java:62)
	at sun.reflect.DelegatingMethodAccessorImpl.invoke(DelegatingMethodAccessorImpl.java:43)
	at java.lang.reflect.Method.invoke(Method.java:498)
	at org.codehaus.groovy.tools.GroovyStarter.rootLoader(GroovyStarter.java:109)
	at org.codehaus.groovy.tools.GroovyStarter.main(GroovyStarter.java:131)
)"/>
         <system-out><![CDATA[2018-12-13 13:15:50 - [TEST_CASE][FAILED] - Test Cases/Final Aug 2018 - PKS Automation/Registration Module/Workflow/New Registration/Case PKR BO to RO - Query - Submit: Test Cases/Final Aug 2018 - PKS Automation/Registration Module/Workflow/New Registration/Case PKR BO to RO - Query - Submit FAILED because (of) (Stack trace: com.kms.katalon.core.exception.StepFailedException: Unable to set text 'CRN12201800123275' of object 'Object Repository/Final Object Repo/New Registration - Registration Module Pages/New Reg - OTC to RO/Special Case - All Related Objects/TextBox RefNo in Workbasket' (Root cause: org.openqa.selenium.ElementNotVisibleException: element not interactable
  (Session info: chrome=70.0.3538.110)
  (Driver info: chromedriver=2.43.600210 (68dcf5eebde37173d4027fa8635e332711d2874a),platform=Windows NT 6.1.7601 SP1 x86_64) (WARNING: The server did not provide any stacktrace information)
Command duration or timeout: 0 milliseconds
Build info: version: '3.7.1', revision: '8a0099a', time: '2017-11-06T21:07:36.161Z'
System info: host: 'WIN7TEST02', ip: '10.20.3.72', os.name: 'Windows 7', os.arch: 'amd64', os.version: '6.1', java.version: '1.8.0_181'
Driver info: com.kms.katalon.selenium.driver.CChromeDriver
Capabilities {acceptInsecureCerts: false, acceptSslCerts: false, applicationCacheEnabled: false, browserConnectionEnabled: false, browserName: chrome, chrome: {chromedriverVersion: 2.43.600210 (68dcf5eebde371..., userDataDir: C:\Users\Admin\AppData\Loca...}, cssSelectorsEnabled: true, databaseEnabled: false, goog:chromeOptions: {debuggerAddress: localhost:52715}, handlesAlerts: true, hasTouchScreen: false, javascriptEnabled: true, locationContextEnabled: true, mobileEmulationEnabled: false, nativeEvents: true, networkConnectionEnabled: false, pageLoadStrategy: normal, platform: XP, platformName: XP, rotatable: false, setWindowRect: true, takesHeapSnapshot: true, takesScreenshot: true, unexpectedAlertBehaviour: , unhandledPromptBehavior: , version: 70.0.3538.110, webStorageEnabled: true}
Session ID: 7f7ba10f29967662064b2c09d36530b6)
	at com.kms.katalon.core.keyword.internal.KeywordMain.stepFailed(KeywordMain.groovy:32)
	at com.kms.katalon.core.webui.keyword.internal.WebUIKeywordMain.stepFailed(WebUIKeywordMain.groovy:65)
	at com.kms.katalon.core.webui.keyword.internal.WebUIKeywordMain.runKeyword(WebUIKeywordMain.groovy:27)
	at com.kms.katalon.core.webui.keyword.builtin.SetTextKeyword.setText(SetTextKeyword.groovy:65)
	at com.kms.katalon.core.webui.keyword.builtin.SetTextKeyword.execute(SetTextKeyword.groovy:37)
	at com.kms.katalon.core.keyword.internal.KeywordExecutor.executeKeywordForPlatform(KeywordExecutor.groovy:53)
	at com.kms.katalon.core.webui.keyword.WebUiBuiltInKeywords.setText(WebUiBuiltInKeywords.groovy:950)
	at com.kms.katalon.core.webui.keyword.WebUiBuiltInKeywords$setText$1.call(Unknown Source)
	at org.codehaus.groovy.runtime.callsite.CallSiteArray.defaultCall(CallSiteArray.java:48)
	at org.codehaus.groovy.runtime.callsite.AbstractCallSite.call(AbstractCallSite.java:113)
	at org.codehaus.groovy.runtime.callsite.AbstractCallSite.call(AbstractCallSite.java:133)
	at Script1535619019036.run(Script1535619019036.groovy:73)
	at com.kms.katalon.core.main.ScriptEngine.run(ScriptEngine.java:183)
	at com.kms.katalon.core.main.ScriptEngine.runScriptAsRawText(ScriptEngine.java:108)
	at com.kms.katalon.core.main.TestCaseExecutor.runScript(TestCaseExecutor.java:294)
	at com.kms.katalon.core.main.TestCaseExecutor.doExecute(TestCaseExecutor.java:285)
	at com.kms.katalon.core.main.TestCaseExecutor.processExecutionPhase(TestCaseExecutor.java:264)
	at com.kms.katalon.core.main.TestCaseExecutor.accessMainPhase(TestCaseExecutor.java:256)
	at com.kms.katalon.core.main.TestCaseExecutor.execute(TestCaseExecutor.java:200)
	at com.kms.katalon.core.main.TestSuiteExecutor.accessTestCaseMainPhase(TestSuiteExecutor.java:129)
	at com.kms.katalon.core.main.TestSuiteExecutor.accessTestSuiteMainPhase(TestSuiteExecutor.java:112)
	at com.kms.katalon.core.main.TestSuiteExecutor.execute(TestSuiteExecutor.java:81)
	at com.kms.katalon.core.main.TestCaseMain.startTestSuite(TestCaseMain.java:142)
	at com.kms.katalon.core.main.TestCaseMain$startTestSuite$0.call(Unknown Source)
	at org.codehaus.groovy.runtime.callsite.CallSiteArray.defaultCall(CallSiteArray.java:48)
	at org.codehaus.groovy.runtime.callsite.AbstractCallSite.call(AbstractCallSite.java:113)
	at org.codehaus.groovy.runtime.callsite.AbstractCallSite.call(AbstractCallSite.java:141)
	at TempTestSuite1544668253915.run(TempTestSuite1544668253915.groovy:36)
	at groovy.lang.GroovyShell.runScriptOrMainOrTestOrRunnable(GroovyShell.java:263)
	at groovy.lang.GroovyShell.run(GroovyShell.java:518)
	at groovy.lang.GroovyShell.run(GroovyShell.java:507)
	at groovy.ui.GroovyMain.processOnce(GroovyMain.java:653)
	at groovy.ui.GroovyMain.run(GroovyMain.java:384)
	at groovy.ui.GroovyMain.process(GroovyMain.java:370)
	at groovy.ui.GroovyMain.processArgs(GroovyMain.java:129)
	at groovy.ui.GroovyMain.main(GroovyMain.java:109)
	at sun.reflect.NativeMethodAccessorImpl.invoke0(Native Method)
	at sun.reflect.NativeMethodAccessorImpl.invoke(NativeMethodAccessorImpl.java:62)
	at sun.reflect.DelegatingMethodAccessorImpl.invoke(DelegatingMethodAccessorImpl.java:43)
	at java.lang.reflect.Method.invoke(Method.java:498)
	at org.codehaus.groovy.tools.GroovyStarter.rootLoader(GroovyStarter.java:109)
	at org.codehaus.groovy.tools.GroovyStarter.main(GroovyStarter.java:131)
)

2018-12-13 13:15:51 - [TEST_STEP][PASSED] - callTestCase: Call Test Case 'Test Cases/Final Aug 2018 - PKS Automation/Registration Module/Workflow/New Registration/Template/Special Case - PKR BO - Form 1' successfully

2018-12-13 13:15:51 - [TEST_CASE][PASSED] - Test Cases/Final Aug 2018 - PKS Automation/Registration Module/Workflow/New Registration/Template/Special Case - PKR BO - Form 1: Test Cases/Final Aug 2018 - PKS Automation/Registration Module/Workflow/New Registration/Template/Special Case - PKR BO - Form 1

2018-12-13 13:15:51 - [TEST_STEP][PASSED] - openBrowser: Browser is opened with url: ''

2018-12-13 13:15:51 - [MESSAGE][WARNING] - A browser is already opened. Closing browser and opening a new one

2018-12-13 13:15:55 - [MESSAGE][PASSED] - Browser is opened with url: ''

2018-12-13 13:15:55 - [TEST_STEP][PASSED] - navigateToUrl: Navigate to 'https://assist2-uat.perkeso.gov.my/login' successfully

2018-12-13 13:15:56 - [MESSAGE][PASSED] - Navigate to 'https://assist2-uat.perkeso.gov.my/login' successfully

2018-12-13 13:15:56 - [TEST_STEP][PASSED] - delay: Delayed 2 second(s)

2018-12-13 13:15:58 - [MESSAGE][PASSED] - Delayed 2 second(s)

2018-12-13 13:15:58 - [TEST_STEP][PASSED] - setText: Text 'klpkrbo2@gmail.com' is set on object 'Object Repository/Final Object Repo/Login Page/Internal User/Email Address'

2018-12-13 13:15:58 - [MESSAGE][PASSED] - Text 'klpkrbo2@gmail.com' is set on object 'Object Repository/Final Object Repo/Login Page/Internal User/Email Address'

2018-12-13 13:15:58 - [TEST_STEP][PASSED] - click: Object: 'Object Repository/Final Object Repo/Login Page/Internal User/Next Button' is clicked on

2018-12-13 13:15:59 - [MESSAGE][PASSED] - Object: 'Object Repository/Final Object Repo/Login Page/Internal User/Next Button' is clicked on

2018-12-13 13:15:59 - [TEST_STEP][PASSED] - delay: Delayed 2 second(s)

2018-12-13 13:16:01 - [MESSAGE][PASSED] - Delayed 2 second(s)

2018-12-13 13:16:01 - [TEST_STEP][PASSED] - setText: Text 'Test1@3456789' is set on object 'Object Repository/Final Object Repo/Login Page/Internal User/Password'

2018-12-13 13:16:01 - [MESSAGE][PASSED] - Text 'Test1@3456789' is set on object 'Object Repository/Final Object Repo/Login Page/Internal User/Password'

2018-12-13 13:16:01 - [TEST_STEP][PASSED] - delay: Delayed 2 second(s)

2018-12-13 13:16:03 - [MESSAGE][PASSED] - Delayed 2 second(s)

2018-12-13 13:16:03 - [TEST_STEP][PASSED] - click: Object: 'Object Repository/Final Object Repo/Login Page/Internal User/Login Button' is clicked on

2018-12-13 13:16:03 - [MESSAGE][PASSED] - Object: 'Object Repository/Final Object Repo/Login Page/Internal User/Login Button' is clicked on

2018-12-13 13:16:03 - [TEST_STEP][PASSED] - Statement - Try: null

2018-12-13 13:16:03 - [TEST_STEP][PASSED] - Statement - Checker = com.kms.katalon.core.webui.keyword.WebUiBuiltInKeywords.verifyElementNotPresent("Final Object Repo/Landing Page/Select to English", 3): null

2018-12-13 13:16:03 - [TEST_STEP][PASSED] - Statement - Catch (Exception e): null

2018-12-13 13:16:03 - [TEST_STEP][PASSED] - Statement - e.printStackTrace(): null

2018-12-13 13:16:03 - [TEST_STEP][PASSED] - delay: Delayed 5 second(s)

2018-12-13 13:16:08 - [MESSAGE][PASSED] - Delayed 5 second(s)

2018-12-13 13:16:08 - [TEST_STEP][PASSED] - click: Object: 'Object Repository/Final Object Repo/Landing Page/My Sites Drop Down' is clicked on

2018-12-13 13:16:08 - [MESSAGE][PASSED] - Object: 'Object Repository/Final Object Repo/Landing Page/My Sites Drop Down' is clicked on

2018-12-13 13:16:08 - [TEST_STEP][PASSED] - click: Object: 'Object Repository/Final Object Repo/Landing Page/Select to Registration Module' is clicked on

2018-12-13 13:16:09 - [MESSAGE][PASSED] - Object: 'Object Repository/Final Object Repo/Landing Page/Select to Registration Module' is clicked on

2018-12-13 13:16:09 - [TEST_STEP][PASSED] - click: Object: 'Object Repository/Final Object Repo/Landing Page/Registration Button' is clicked on

2018-12-13 13:16:11 - [MESSAGE][PASSED] - Object: 'Object Repository/Final Object Repo/Landing Page/Registration Button' is clicked on

2018-12-13 13:16:11 - [TEST_STEP][PASSED] - delay: Delayed 2 second(s)

2018-12-13 13:16:13 - [MESSAGE][PASSED] - Delayed 2 second(s)

2018-12-13 13:16:13 - [TEST_STEP][PASSED] - click: Object: 'Object Repository/Final Object Repo/New Registration - Registration Module Pages/New Reg - OTC to RO/Special Case - OTC - Form 1/AEC NO' is clicked on

2018-12-13 13:16:13 - [MESSAGE][PASSED] - Object: 'Object Repository/Final Object Repo/New Registration - Registration Module Pages/New Reg - OTC to RO/Special Case - OTC - Form 1/AEC NO' is clicked on

2018-12-13 13:16:13 - [TEST_STEP][PASSED] - click: Object: 'Object Repository/Final Object Repo/New Registration - Registration Module Pages/New Reg - OTC to RO/Special Case - OTC - Form 1/Business Entity - Please Select' is clicked on

2018-12-13 13:16:13 - [MESSAGE][PASSED] - Object: 'Object Repository/Final Object Repo/New Registration - Registration Module Pages/New Reg - OTC to RO/Special Case - OTC - Form 1/Business Entity - Please Select' is clicked on

2018-12-13 13:16:13 - [TEST_STEP][PASSED] - click: Object: 'Object Repository/Final Object Repo/New Registration - Registration Module Pages/New Reg - OTC to RO/Special Case - OTC - Form 1/Selected - Corporation' is clicked on

2018-12-13 13:16:14 - [MESSAGE][PASSED] - Object: 'Object Repository/Final Object Repo/New Registration - Registration Module Pages/New Reg - OTC to RO/Special Case - OTC - Form 1/Selected - Corporation' is clicked on

2018-12-13 13:16:14 - [TEST_STEP][PASSED] - delay: Delayed 2 second(s)

2018-12-13 13:16:16 - [MESSAGE][PASSED] - Delayed 2 second(s)

2018-12-13 13:16:16 - [TEST_STEP][PASSED] - click: Object: 'Object Repository/Final Object Repo/New Registration - Registration Module Pages/New Reg - OTC to RO/Special Case - OTC - Form 1/Sub Business Entity - Please Select' is clicked on

2018-12-13 13:16:16 - [MESSAGE][PASSED] - Object: 'Object Repository/Final Object Repo/New Registration - Registration Module Pages/New Reg - OTC to RO/Special Case - OTC - Form 1/Sub Business Entity - Please Select' is clicked on

2018-12-13 13:16:16 - [TEST_STEP][PASSED] - delay: Delayed 2 second(s)

2018-12-13 13:16:18 - [MESSAGE][PASSED] - Delayed 2 second(s)

2018-12-13 13:16:18 - [TEST_STEP][PASSED] - click: Object: 'Object Repository/Final Object Repo/New Registration - Registration Module Pages/New Reg - OTC to RO/Special Case - OTC - Form 1/Selected - Sendirian Berhad' is clicked on

2018-12-13 13:16:18 - [MESSAGE][PASSED] - Object: 'Object Repository/Final Object Repo/New Registration - Registration Module Pages/New Reg - OTC to RO/Special Case - OTC - Form 1/Selected - Sendirian Berhad' is clicked on

2018-12-13 13:16:18 - [TEST_STEP][PASSED] - setText: Text 'AUTOMATE001' is set on object 'Object Repository/Final Object Repo/New Registration - Registration Module Pages/New Reg - OTC to RO/Special Case - OTC - Form 1/Input BRN Number'

2018-12-13 13:16:18 - [MESSAGE][PASSED] - Text 'AUTOMATE001' is set on object 'Object Repository/Final Object Repo/New Registration - Registration Module Pages/New Reg - OTC to RO/Special Case - OTC - Form 1/Input BRN Number'

2018-12-13 13:16:18 - [TEST_STEP][PASSED] - delay: Delayed 2 second(s)

2018-12-13 13:16:20 - [MESSAGE][PASSED] - Delayed 2 second(s)

2018-12-13 13:16:20 - [TEST_STEP][PASSED] - click: Object: 'Object Repository/Final Object Repo/New Registration - Registration Module Pages/New Reg - OTC to RO/Special Case - OTC - Form 1/BRN Search' is clicked on

2018-12-13 13:16:21 - [MESSAGE][PASSED] - Object: 'Object Repository/Final Object Repo/New Registration - Registration Module Pages/New Reg - OTC to RO/Special Case - OTC - Form 1/BRN Search' is clicked on

2018-12-13 13:16:21 - [TEST_STEP][PASSED] - delay: Delayed 4 second(s)

2018-12-13 13:16:25 - [MESSAGE][PASSED] - Delayed 4 second(s)

2018-12-13 13:16:25 - [TEST_STEP][PASSED] - click: Object: 'Object Repository/Final Object Repo/New Registration - Registration Module Pages/New Reg - OTC to RO/Special Case - OTC - Form 1/Registered with SSM - After Feb 2017' is clicked on

2018-12-13 13:16:25 - [MESSAGE][PASSED] - Object: 'Object Repository/Final Object Repo/New Registration - Registration Module Pages/New Reg - OTC to RO/Special Case - OTC - Form 1/Registered with SSM - After Feb 2017' is clicked on

2018-12-13 13:16:25 - [TEST_STEP][PASSED] - delay: Delayed 2 second(s)

2018-12-13 13:16:27 - [MESSAGE][PASSED] - Delayed 2 second(s)

2018-12-13 13:16:27 - [TEST_STEP][PASSED] - click: Object: 'Object Repository/Final Object Repo/New Registration - Registration Module Pages/New Reg - OTC to RO/Special Case - OTC - Form 1/Registering As A Branch - No' is clicked on

2018-12-13 13:16:27 - [MESSAGE][PASSED] - Object: 'Object Repository/Final Object Repo/New Registration - Registration Module Pages/New Reg - OTC to RO/Special Case - OTC - Form 1/Registering As A Branch - No' is clicked on

2018-12-13 13:16:27 - [TEST_STEP][PASSED] - click: Object: 'Object Repository/Final Object Repo/New Registration - Registration Module Pages/New Reg - OTC to RO/Special Case - OTC - Form 1/Acknowledgement Ticked' is clicked on

2018-12-13 13:16:27 - [MESSAGE][PASSED] - Object: 'Object Repository/Final Object Repo/New Registration - Registration Module Pages/New Reg - OTC to RO/Special Case - OTC - Form 1/Acknowledgement Ticked' is clicked on

2018-12-13 13:16:27 - [TEST_STEP][PASSED] - click: Object: 'Object Repository/Final Object Repo/New Registration - Registration Module Pages/New Reg - OTC to RO/Special Case - OTC - Form 1/Submit Button' is clicked on

2018-12-13 13:16:27 - [MESSAGE][PASSED] - Object: 'Object Repository/Final Object Repo/New Registration - Registration Module Pages/New Reg - OTC to RO/Special Case - OTC - Form 1/Submit Button' is clicked on

2018-12-13 13:16:27 - [TEST_STEP][PASSED] - delay: Delayed 2 second(s)

2018-12-13 13:16:29 - [MESSAGE][PASSED] - Delayed 2 second(s)

2018-12-13 13:16:29 - [TEST_STEP][PASSED] - click: Object: 'Object Repository/Final Object Repo/New Registration - Registration Module Pages/New Reg - OTC to RO/Special Case - OTC - Form 1/Confirm No Flagging as Branch' is clicked on

2018-12-13 13:16:29 - [MESSAGE][PASSED] - Object: 'Object Repository/Final Object Repo/New Registration - Registration Module Pages/New Reg - OTC to RO/Special Case - OTC - Form 1/Confirm No Flagging as Branch' is clicked on

2018-12-13 13:16:29 - [MESSAGE][PASSED] - Call Test Case 'Test Cases/Final Aug 2018 - PKS Automation/Registration Module/Workflow/New Registration/Template/Special Case - PKR BO - Form 1' successfully

2018-12-13 13:16:29 - [TEST_STEP][PASSED] - callTestCase: Call Test Case 'Test Cases/Final Aug 2018 - PKS Automation/Registration Module/New Registration/Form 2/Add 1 Eligible' successfully

2018-12-13 13:16:30 - [TEST_CASE][PASSED] - Test Cases/Final Aug 2018 - PKS Automation/Registration Module/New Registration/Form 2/Add 1 Eligible: Test Cases/Final Aug 2018 - PKS Automation/Registration Module/New Registration/Form 2/Add 1 Eligible

2018-12-13 13:16:30 - [TEST_STEP][PASSED] - delay: Delayed 2 second(s)

2018-12-13 13:16:32 - [MESSAGE][PASSED] - Delayed 2 second(s)

2018-12-13 13:16:32 - [TEST_STEP][PASSED] - callTestCase: Call Test Case 'Test Cases/Final Aug 2018 - PKS Automation/Registration Module/New Registration/Form 2/Date Updater' successfully

2018-12-13 13:16:32 - [TEST_CASE][PASSED] - Test Cases/Final Aug 2018 - PKS Automation/Registration Module/New Registration/Form 2/Date Updater: Test Cases/Final Aug 2018 - PKS Automation/Registration Module/New Registration/Form 2/Date Updater

2018-12-13 13:16:32 - [TEST_STEP][PASSED] - Statement - TodayDate = new java.util.Date(): null

2018-12-13 13:16:32 - [TEST_STEP][PASSED] - Statement - CurrentDateNoFilter = new java.text.SimpleDateFormat(): null

2018-12-13 13:16:32 - [TEST_STEP][PASSED] - Statement - CurrentDateNoFilter.applyPattern("MM"): null

2018-12-13 13:16:32 - [TEST_STEP][PASSED] - Statement - monthContainerMatcher = java.lang.Integer.parseInt(CurrentDateNoFilter.format(TodayDate)): null

2018-12-13 13:16:32 - [TEST_STEP][PASSED] - Statement - monthContainerMatcher = monthContainerMatcher - 1: null

2018-12-13 13:16:32 - [TEST_STEP][PASSED] - Statement - CurrentMonth = monthContainerMatcher.toString(): null

2018-12-13 13:16:32 - [TEST_STEP][PASSED] - Statement - CurrentMonth = CurrentMonth: null

2018-12-13 13:16:32 - [TEST_STEP][PASSED] - Statement - CurrentDateNoFilter.applyPattern("yyyy"): null

2018-12-13 13:16:32 - [TEST_STEP][PASSED] - Statement - CurrentYear = CurrentDateNoFilter.format(TodayDate): null

2018-12-13 13:16:32 - [TEST_STEP][PASSED] - Statement - CurrentYear = CurrentYear: null

2018-12-13 13:16:32 - [TEST_STEP][PASSED] - Statement - intCurrentYear = java.lang.Integer.parseInt(CurrentDateNoFilter.format(TodayDate)): null

2018-12-13 13:16:32 - [TEST_STEP][PASSED] - Statement - eighteenYrsAgo = intCurrentYear - 18: null

2018-12-13 13:16:32 - [TEST_STEP][PASSED] - Statement - eighteenYrsBeforeThisYr = eighteenYrsAgo.toString(): null

2018-12-13 13:16:32 - [TEST_STEP][PASSED] - Statement - EighteenYrsBefore = eighteenYrsBeforeThisYr: null

2018-12-13 13:16:32 - [TEST_STEP][PASSED] - Statement - fiftysevenYrsAgo = intCurrentYear - 57: null

2018-12-13 13:16:32 - [TEST_STEP][PASSED] - Statement - fiftysevenYrsBeforeThisYr = fiftysevenYrsAgo.toString(): null

2018-12-13 13:16:32 - [TEST_STEP][PASSED] - Statement - FiftysevenYrsBefore = fiftysevenYrsBeforeThisYr: null

2018-12-13 13:16:32 - [TEST_STEP][PASSED] - Statement - leapYear = false: null

2018-12-13 13:16:32 - [TEST_STEP][PASSED] - Statement - leapYear = intCurrentYear % 4 == 0: null

2018-12-13 13:16:32 - [TEST_STEP][PASSED] - Statement - CurrentDateNoFilter.applyPattern("dd"): null

2018-12-13 13:16:32 - [TEST_STEP][PASSED] - Statement - CurrentDate = CurrentDateNoFilter.format(TodayDate): null

2018-12-13 13:16:32 - [TEST_STEP][PASSED] - Statement - CurrentDate = java.lang.Integer.parseInt(CurrentDate): null

2018-12-13 13:16:32 - [TEST_STEP][PASSED] - Statement - CurrentDate = CurrentDate: null

2018-12-13 13:16:32 - [TEST_STEP][PASSED] - Statement - CurrentDay = java.lang.Integer.parseInt(CurrentDate): null

2018-12-13 13:16:32 - [TEST_STEP][PASSED] - Statement - ConfAdder = <not implemented yet for class: org.codehaus.groovy.ast.expr.EmptyExpression>: null

2018-12-13 13:16:32 - [TEST_STEP][PASSED] - Statement - out.println(CurrentMonth): null

2018-12-13 13:16:32 - [TEST_STEP][PASSED] - Statement - out.println(CurrentDate): null

2018-12-13 13:16:32 - [TEST_STEP][PASSED] - Statement - switch (CurrentDate): null

2018-12-13 13:16:32 - [TEST_STEP][PASSED] - Statement - Default: null

2018-12-13 13:16:32 - [TEST_STEP][PASSED] - Statement - ConfAdder = true: null

2018-12-13 13:16:32 - [TEST_STEP][PASSED] - Statement - Break: null

2018-12-13 13:16:32 - [TEST_STEP][PASSED] - Statement - aDayBefore = <not implemented yet for class: org.codehaus.groovy.ast.expr.EmptyExpression>: null

2018-12-13 13:16:32 - [TEST_STEP][PASSED] - Statement - out.println(ConfAdder): null

2018-12-13 13:16:32 - [TEST_STEP][PASSED] - Statement - If (ConfAdder == true): null

2018-12-13 13:16:32 - [TEST_STEP][PASSED] - Statement - aDayBefore = CurrentDay + 1: null

2018-12-13 13:16:32 - [TEST_STEP][PASSED] - Statement - out.println(aDayBefore): null

2018-12-13 13:16:32 - [TEST_STEP][PASSED] - Statement - If (aDayBefore == 1 && CurrentMonth == 11): null

2018-12-13 13:16:32 - [TEST_STEP][PASSED] - Statement - DayBefore = aDayBefore.toString(): null

2018-12-13 13:16:32 - [TEST_STEP][PASSED] - Statement - OneDayBefore = DayBefore: null

2018-12-13 13:16:32 - [MESSAGE][PASSED] - Call Test Case 'Test Cases/Final Aug 2018 - PKS Automation/Registration Module/New Registration/Form 2/Date Updater' successfully

2018-12-13 13:16:32 - [TEST_STEP][PASSED] - delay: Delayed 1 second(s)

2018-12-13 13:16:33 - [MESSAGE][PASSED] - Delayed 1 second(s)

2018-12-13 13:16:33 - [TEST_STEP][PASSED] - Statement - CaseReferenceNo = com.kms.katalon.core.webui.keyword.WebUiBuiltInKeywords.getText(com.kms.katalon.core.testobject.ObjectRepository.findTestObject(Final Object Repo/New Registration - Registration Module Pages/Form 2/RefNo Acquiring)): Text of object 'Object Repository/Final Object Repo/New Registration - Registration Module Pages/Form 2/RefNo Acquiring' is: 'CRN12201800123275'

2018-12-13 13:16:33 - [MESSAGE][PASSED] - Text of object 'Object Repository/Final Object Repo/New Registration - Registration Module Pages/Form 2/RefNo Acquiring' is: 'CRN12201800123275'

2018-12-13 13:16:33 - [TEST_STEP][PASSED] - delay: Delayed 1 second(s)

2018-12-13 13:16:34 - [MESSAGE][PASSED] - Delayed 1 second(s)

2018-12-13 13:16:34 - [TEST_STEP][PASSED] - click: Object: 'Object Repository/Final Object Repo/New Registration - Registration Module Pages/Form 2/Add Employee Button' is clicked on

2018-12-13 13:16:34 - [MESSAGE][PASSED] - Object: 'Object Repository/Final Object Repo/New Registration - Registration Module Pages/Form 2/Add Employee Button' is clicked on

2018-12-13 13:16:34 - [TEST_STEP][PASSED] - delay: Delayed 1 second(s)

2018-12-13 13:16:35 - [MESSAGE][PASSED] - Delayed 1 second(s)

2018-12-13 13:16:35 - [TEST_STEP][PASSED] - setText: Text '010903091963' is set on object 'Object Repository/Final Object Repo/New Registration - Registration Module Pages/Form 2/NRIC Input'

2018-12-13 13:16:35 - [MESSAGE][PASSED] - Text '010903091963' is set on object 'Object Repository/Final Object Repo/New Registration - Registration Module Pages/Form 2/NRIC Input'

2018-12-13 13:16:35 - [TEST_STEP][PASSED] - click: Object: 'Object Repository/Final Object Repo/New Registration - Registration Module Pages/Form 2/button for search for IC' is clicked on

2018-12-13 13:16:35 - [MESSAGE][PASSED] - Object: 'Object Repository/Final Object Repo/New Registration - Registration Module Pages/Form 2/button for search for IC' is clicked on

2018-12-13 13:16:35 - [TEST_STEP][PASSED] - delay: Delayed 2 second(s)

2018-12-13 13:16:37 - [MESSAGE][PASSED] - Delayed 2 second(s)

2018-12-13 13:16:37 - [TEST_STEP][PASSED] - setText: Text 'Automate001 eligible 1' is set on object 'Object Repository/Final Object Repo/New Registration - Registration Module Pages/Form 2/Employee Name Input'

2018-12-13 13:16:38 - [MESSAGE][PASSED] - Text 'Automate001 eligible 1' is set on object 'Object Repository/Final Object Repo/New Registration - Registration Module Pages/Form 2/Employee Name Input'

2018-12-13 13:16:38 - [TEST_STEP][PASSED] - delay: Delayed 2 second(s)

2018-12-13 13:16:40 - [MESSAGE][PASSED] - Delayed 2 second(s)

2018-12-13 13:16:40 - [TEST_STEP][PASSED] - click: Object: 'Object Repository/Final Object Repo/New Registration - Registration Module Pages/Form 2/DatePicker Pop Up' is clicked on

2018-12-13 13:16:40 - [MESSAGE][PASSED] - Object: 'Object Repository/Final Object Repo/New Registration - Registration Module Pages/Form 2/DatePicker Pop Up' is clicked on

2018-12-13 13:16:40 - [TEST_STEP][PASSED] - click: Object: 'Object Repository/Final Object Repo/New Registration - Registration Module Pages/Form 2/DOB Month' is clicked on

2018-12-13 13:16:40 - [MESSAGE][PASSED] - Object: 'Object Repository/Final Object Repo/New Registration - Registration Module Pages/Form 2/DOB Month' is clicked on

2018-12-13 13:16:40 - [TEST_STEP][PASSED] - Statement - CurrentMonth = CurrentMonth: null

2018-12-13 13:16:40 - [TEST_STEP][PASSED] - Statement - selectMonth = new com.kms.katalon.core.testobject.TestObject(): null

2018-12-13 13:16:40 - [TEST_STEP][PASSED] - Statement - selectMonth.addProperty("xpath", EQUALS, "//body/div/div/div/select/option[@value='" + CurrentMonth + "']", true): null

2018-12-13 13:16:40 - [TEST_STEP][PASSED] - click: Object: '' is clicked on

2018-12-13 13:16:40 - [MESSAGE][PASSED] - Object: '' is clicked on

2018-12-13 13:16:40 - [TEST_STEP][PASSED] - click: Object: 'Object Repository/Final Object Repo/New Registration - Registration Module Pages/Form 2/DOB Year' is clicked on

2018-12-13 13:16:41 - [MESSAGE][PASSED] - Object: 'Object Repository/Final Object Repo/New Registration - Registration Module Pages/Form 2/DOB Year' is clicked on

2018-12-13 13:16:41 - [TEST_STEP][PASSED] - Statement - Eyearsbf = EighteenYrsBefore: null

2018-12-13 13:16:41 - [TEST_STEP][PASSED] - Statement - selectYear = new com.kms.katalon.core.testobject.TestObject(): null

2018-12-13 13:16:41 - [TEST_STEP][PASSED] - Statement - selectYear.addProperty("xpath", EQUALS, "//div/div/div/select/option[@value='" + Eyearsbf + "']", true): null

2018-12-13 13:16:41 - [TEST_STEP][PASSED] - click: Object: '' is clicked on

2018-12-13 13:16:41 - [MESSAGE][PASSED] - Object: '' is clicked on

2018-12-13 13:16:41 - [TEST_STEP][PASSED] - Statement - UpdatedSelectDate = com.kms.katalon.core.webui.keyword.WebUiBuiltInKeywords.modifyObjectProperty(com.kms.katalon.core.testobject.ObjectRepository.findTestObject(Final Object Repo/New Registration - Registration Module Pages/Form 2/DOB Date), "xpath", "equals", "//body/div/table/tbody/tr/td/a[text()="" + CurrentDate + ""]", true): Modify property of object successfully

2018-12-13 13:16:41 - [MESSAGE][PASSED] - Modify property of object successfully

2018-12-13 13:16:41 - [TEST_STEP][PASSED] - delay: Delayed 3 second(s)

2018-12-13 13:16:44 - [MESSAGE][PASSED] - Delayed 3 second(s)

2018-12-13 13:16:44 - [TEST_STEP][PASSED] - click: Object: 'Object Repository/Final Object Repo/New Registration - Registration Module Pages/Form 2/DOB Date' is clicked on

2018-12-13 13:16:44 - [MESSAGE][PASSED] - Object: 'Object Repository/Final Object Repo/New Registration - Registration Module Pages/Form 2/DOB Date' is clicked on

2018-12-13 13:16:44 - [TEST_STEP][PASSED] - delay: Delayed 2 second(s)

2018-12-13 13:16:46 - [MESSAGE][PASSED] - Delayed 2 second(s)

2018-12-13 13:16:46 - [TEST_STEP][PASSED] - click: Object: 'Object Repository/Final Object Repo/New Registration - Registration Module Pages/Form 2/EmploymentStartDate Pop Up' is clicked on

2018-12-13 13:16:46 - [MESSAGE][PASSED] - Object: 'Object Repository/Final Object Repo/New Registration - Registration Module Pages/Form 2/EmploymentStartDate Pop Up' is clicked on

2018-12-13 13:16:46 - [TEST_STEP][PASSED] - delay: Delayed 2 second(s)

2018-12-13 13:16:48 - [MESSAGE][PASSED] - Delayed 2 second(s)

2018-12-13 13:16:48 - [TEST_STEP][PASSED] - click: Object: 'Object Repository/Final Object Repo/New Registration - Registration Module Pages/Form 2/Socso Employment StartDate Month' is clicked on

2018-12-13 13:16:48 - [MESSAGE][PASSED] - Object: 'Object Repository/Final Object Repo/New Registration - Registration Module Pages/Form 2/Socso Employment StartDate Month' is clicked on

2018-12-13 13:16:48 - [TEST_STEP][PASSED] - delay: Delayed 1 second(s)

2018-12-13 13:16:49 - [MESSAGE][PASSED] - Delayed 1 second(s)

2018-12-13 13:16:49 - [TEST_STEP][PASSED] - click: Object: 'Object Repository/Final Object Repo/New Registration - Registration Module Pages/Form 2/Select Socso Employement Startdate Month' is clicked on

2018-12-13 13:16:49 - [MESSAGE][PASSED] - Object: 'Object Repository/Final Object Repo/New Registration - Registration Module Pages/Form 2/Select Socso Employement Startdate Month' is clicked on

2018-12-13 13:16:49 - [TEST_STEP][PASSED] - delay: Delayed 2 second(s)

2018-12-13 13:16:51 - [MESSAGE][PASSED] - Delayed 2 second(s)

2018-12-13 13:16:51 - [TEST_STEP][PASSED] - click: Object: 'Object Repository/Final Object Repo/New Registration - Registration Module Pages/Form 2/Socso Employment StartDate Year' is clicked on

2018-12-13 13:16:52 - [MESSAGE][PASSED] - Object: 'Object Repository/Final Object Repo/New Registration - Registration Module Pages/Form 2/Socso Employment StartDate Year' is clicked on

2018-12-13 13:16:52 - [TEST_STEP][PASSED] - delay: Delayed 1 second(s)

2018-12-13 13:16:53 - [MESSAGE][PASSED] - Delayed 1 second(s)

2018-12-13 13:16:53 - [TEST_STEP][PASSED] - click: Object: 'Object Repository/Final Object Repo/New Registration - Registration Module Pages/Form 2/Select Socso Employment Startdate Year' is clicked on

2018-12-13 13:16:53 - [MESSAGE][PASSED] - Object: 'Object Repository/Final Object Repo/New Registration - Registration Module Pages/Form 2/Select Socso Employment Startdate Year' is clicked on

2018-12-13 13:16:53 - [TEST_STEP][PASSED] - delay: Delayed 2 second(s)

2018-12-13 13:16:55 - [MESSAGE][PASSED] - Delayed 2 second(s)

2018-12-13 13:16:55 - [TEST_STEP][PASSED] - click: Object: 'Object Repository/Final Object Repo/New Registration - Registration Module Pages/Form 2/Socso Employment Start Date Day' is clicked on

2018-12-13 13:16:55 - [MESSAGE][PASSED] - Object: 'Object Repository/Final Object Repo/New Registration - Registration Module Pages/Form 2/Socso Employment Start Date Day' is clicked on

2018-12-13 13:16:55 - [TEST_STEP][PASSED] - delay: Delayed 2 second(s)

2018-12-13 13:16:57 - [MESSAGE][PASSED] - Delayed 2 second(s)

2018-12-13 13:16:57 - [TEST_STEP][PASSED] - click: Object: 'Object Repository/Final Object Repo/New Registration - Registration Module Pages/Form 2/Save Button for Add Employee' is clicked on

2018-12-13 13:16:57 - [MESSAGE][PASSED] - Object: 'Object Repository/Final Object Repo/New Registration - Registration Module Pages/Form 2/Save Button for Add Employee' is clicked on

2018-12-13 13:16:57 - [TEST_STEP][PASSED] - delay: Delayed 6 second(s)

2018-12-13 13:17:03 - [MESSAGE][PASSED] - Delayed 6 second(s)

2018-12-13 13:17:03 - [TEST_STEP][PASSED] - click: Object: 'Object Repository/Final Object Repo/New Registration - Registration Module Pages/Form 2/Save and Continue Form 2' is clicked on

2018-12-13 13:17:03 - [MESSAGE][PASSED] - Object: 'Object Repository/Final Object Repo/New Registration - Registration Module Pages/Form 2/Save and Continue Form 2' is clicked on

2018-12-13 13:17:03 - [MESSAGE][PASSED] - Call Test Case 'Test Cases/Final Aug 2018 - PKS Automation/Registration Module/New Registration/Form 2/Add 1 Eligible' successfully

2018-12-13 13:17:03 - [TEST_STEP][PASSED] - callTestCase: Call Test Case 'Test Cases/Final Aug 2018 - PKS Automation/Registration Module/New Registration/Flow of New Registration/Third Screen - Upload Supporting Doc - Preview' successfully

2018-12-13 13:17:03 - [TEST_CASE][PASSED] - Test Cases/Final Aug 2018 - PKS Automation/Registration Module/New Registration/Flow of New Registration/Third Screen - Upload Supporting Doc - Preview: Test Cases/Final Aug 2018 - PKS Automation/Registration Module/New Registration/Flow of New Registration/Third Screen - Upload Supporting Doc - Preview

2018-12-13 13:17:03 - [TEST_STEP][PASSED] - waitForPageLoad: Wait for page load successfully

2018-12-13 13:17:04 - [MESSAGE][PASSED] - Wait for page load successfully

2018-12-13 13:17:04 - [TEST_STEP][PASSED] - Statement - CaseReferenceNo = com.kms.katalon.core.webui.keyword.WebUiBuiltInKeywords.getText(com.kms.katalon.core.testobject.ObjectRepository.findTestObject(Final Object Repo/New Registration - Registration Module Pages/Third Screen - Upload Supporting Doc- Preview/RefNo Acquiring)): Text of object 'Object Repository/Final Object Repo/New Registration - Registration Module Pages/Third Screen - Upload Supporting Doc- Preview/RefNo Acquiring' is: 'CRN12201800123275'

2018-12-13 13:17:04 - [MESSAGE][PASSED] - Text of object 'Object Repository/Final Object Repo/New Registration - Registration Module Pages/Third Screen - Upload Supporting Doc- Preview/RefNo Acquiring' is: 'CRN12201800123275'

2018-12-13 13:17:04 - [TEST_STEP][PASSED] - delay: Delayed 2 second(s)

2018-12-13 13:17:06 - [MESSAGE][PASSED] - Delayed 2 second(s)

2018-12-13 13:17:06 - [TEST_STEP][PASSED] - callTestCase: Call Test Case 'Test Cases/Final Aug 2018 - PKS Automation/Common/Reference Number Setter' successfully

2018-12-13 13:17:06 - [TEST_CASE][PASSED] - Test Cases/Final Aug 2018 - PKS Automation/Common/Reference Number Setter: Test Cases/Final Aug 2018 - PKS Automation/Common/Reference Number Setter

2018-12-13 13:17:06 - [TEST_STEP][PASSED] - Statement - RefNoOldFile = new java.io.File(C://Users//Admin//Desktop//PKS//Automation Reference Point//KatalonReference.txt): null

2018-12-13 13:17:06 - [TEST_STEP][PASSED] - Statement - RefNoOldFile.delete(): null

2018-12-13 13:17:06 - [TEST_STEP][PASSED] - delay: Delayed 5 second(s)

2018-12-13 13:17:11 - [MESSAGE][PASSED] - Delayed 5 second(s)

2018-12-13 13:17:11 - [TEST_STEP][PASSED] - Statement - RefNo = new java.io.File(C://Users//Admin//Desktop//PKS//Automation Reference Point//KatalonReference.txt): null

2018-12-13 13:17:11 - [TEST_STEP][PASSED] - Statement - f2 = new java.io.FileWriter(RefNo, false): null

2018-12-13 13:17:11 - [TEST_STEP][PASSED] - Statement - f2.write(CaseReferenceNo): null

2018-12-13 13:17:11 - [TEST_STEP][PASSED] - Statement - f2.close(): null

2018-12-13 13:17:11 - [TEST_STEP][PASSED] - Statement - out.println("


" + CaseReferenceNo + "


"): null

2018-12-13 13:17:11 - [MESSAGE][PASSED] - Call Test Case 'Test Cases/Final Aug 2018 - PKS Automation/Common/Reference Number Setter' successfully

2018-12-13 13:17:11 - [TEST_STEP][PASSED] - waitForElementClickable: Object 'Object Repository/Final Object Repo/New Registration - Registration Module Pages/Third Screen - Upload Supporting Doc- Preview/Save n Continue in SIP Employee Listing Page' is clickable

2018-12-13 13:17:11 - [MESSAGE][PASSED] - Object 'Object Repository/Final Object Repo/New Registration - Registration Module Pages/Third Screen - Upload Supporting Doc- Preview/Save n Continue in SIP Employee Listing Page' is clickable

2018-12-13 13:17:11 - [TEST_STEP][PASSED] - click: Object: 'Object Repository/Final Object Repo/New Registration - Registration Module Pages/Third Screen - Upload Supporting Doc- Preview/Save n Continue in SIP Employee Listing Page' is clicked on

2018-12-13 13:17:16 - [MESSAGE][PASSED] - Object: 'Object Repository/Final Object Repo/New Registration - Registration Module Pages/Third Screen - Upload Supporting Doc- Preview/Save n Continue in SIP Employee Listing Page' is clicked on

2018-12-13 13:17:16 - [TEST_STEP][PASSED] - delay: Delayed 7 second(s)

2018-12-13 13:17:23 - [MESSAGE][PASSED] - Delayed 7 second(s)

2018-12-13 13:17:23 - [TEST_STEP][PASSED] - click: Object: 'Object Repository/Final Object Repo/New Registration - Registration Module Pages/Third Screen - Upload Supporting Doc- Preview/Add Document Button' is clicked on

2018-12-13 13:17:24 - [MESSAGE][PASSED] - Object: 'Object Repository/Final Object Repo/New Registration - Registration Module Pages/Third Screen - Upload Supporting Doc- Preview/Add Document Button' is clicked on

2018-12-13 13:17:24 - [TEST_STEP][PASSED] - delay: Delayed 30 second(s)

2018-12-13 13:17:54 - [MESSAGE][PASSED] - Delayed 30 second(s)

2018-12-13 13:17:54 - [TEST_STEP][PASSED] - click: Object: 'Object Repository/Final Object Repo/New Registration - Registration Module Pages/Third Screen - Upload Supporting Doc- Preview/Supporting Doc Please Select Drop Down' is clicked on

2018-12-13 13:17:54 - [MESSAGE][PASSED] - Object: 'Object Repository/Final Object Repo/New Registration - Registration Module Pages/Third Screen - Upload Supporting Doc- Preview/Supporting Doc Please Select Drop Down' is clicked on

2018-12-13 13:17:54 - [TEST_STEP][PASSED] - delay: Delayed 2 second(s)

2018-12-13 13:17:56 - [MESSAGE][PASSED] - Delayed 2 second(s)

2018-12-13 13:17:56 - [TEST_STEP][PASSED] - click: Object: 'Object Repository/Final Object Repo/New Registration - Registration Module Pages/Third Screen - Upload Supporting Doc- Preview/Select to Upload Form 1' is clicked on

2018-12-13 13:17:56 - [MESSAGE][PASSED] - Object: 'Object Repository/Final Object Repo/New Registration - Registration Module Pages/Third Screen - Upload Supporting Doc- Preview/Select to Upload Form 1' is clicked on

2018-12-13 13:17:56 - [TEST_STEP][PASSED] - delay: Delayed 2 second(s)

2018-12-13 13:17:58 - [MESSAGE][PASSED] - Delayed 2 second(s)

2018-12-13 13:17:58 - [TEST_STEP][PASSED] - uploadFile: File 'C:\Users\Public\Pictures\Sample Pictures\Koala.jpg' sent to object: 'Object Repository/Final Object Repo/New Registration - Registration Module Pages/Third Screen - Upload Supporting Doc- Preview/Upload File Adding'

2018-12-13 13:17:58 - [MESSAGE][PASSED] - File 'C:\Users\Public\Pictures\Sample Pictures\Koala.jpg' sent to object: 'Object Repository/Final Object Repo/New Registration - Registration Module Pages/Third Screen - Upload Supporting Doc- Preview/Upload File Adding'

2018-12-13 13:17:58 - [TEST_STEP][PASSED] - delay: Delayed 5 second(s)

2018-12-13 13:18:03 - [MESSAGE][PASSED] - Delayed 5 second(s)

2018-12-13 13:18:03 - [TEST_STEP][PASSED] - click: Object: 'Object Repository/Final Object Repo/New Registration - Registration Module Pages/Third Screen - Upload Supporting Doc- Preview/Inner Form Add Document Button' is clicked on

2018-12-13 13:18:03 - [MESSAGE][PASSED] - Object: 'Object Repository/Final Object Repo/New Registration - Registration Module Pages/Third Screen - Upload Supporting Doc- Preview/Inner Form Add Document Button' is clicked on

2018-12-13 13:18:03 - [TEST_STEP][PASSED] - delay: Delayed 3 second(s)

2018-12-13 13:18:06 - [MESSAGE][PASSED] - Delayed 3 second(s)

2018-12-13 13:18:06 - [TEST_STEP][PASSED] - click: Object: 'Object Repository/Final Object Repo/New Registration - Registration Module Pages/Third Screen - Upload Supporting Doc- Preview/Add Document Button' is clicked on

2018-12-13 13:18:07 - [MESSAGE][PASSED] - Object: 'Object Repository/Final Object Repo/New Registration - Registration Module Pages/Third Screen - Upload Supporting Doc- Preview/Add Document Button' is clicked on

2018-12-13 13:18:07 - [TEST_STEP][PASSED] - delay: Delayed 30 second(s)

2018-12-13 13:18:37 - [MESSAGE][PASSED] - Delayed 30 second(s)

2018-12-13 13:18:37 - [TEST_STEP][PASSED] - click: Object: 'Object Repository/Final Object Repo/New Registration - Registration Module Pages/Third Screen - Upload Supporting Doc- Preview/Supporting Doc Please Select Drop Down' is clicked on

2018-12-13 13:18:38 - [MESSAGE][PASSED] - Object: 'Object Repository/Final Object Repo/New Registration - Registration Module Pages/Third Screen - Upload Supporting Doc- Preview/Supporting Doc Please Select Drop Down' is clicked on

2018-12-13 13:18:38 - [TEST_STEP][PASSED] - delay: Delayed 4 second(s)

2018-12-13 13:18:42 - [MESSAGE][PASSED] - Delayed 4 second(s)

2018-12-13 13:18:42 - [TEST_STEP][PASSED] - click: Object: 'Object Repository/Final Object Repo/New Registration - Registration Module Pages/Third Screen - Upload Supporting Doc- Preview/Select to Upload Form 2' is clicked on

2018-12-13 13:18:42 - [MESSAGE][PASSED] - Object: 'Object Repository/Final Object Repo/New Registration - Registration Module Pages/Third Screen - Upload Supporting Doc- Preview/Select to Upload Form 2' is clicked on

2018-12-13 13:18:42 - [TEST_STEP][PASSED] - delay: Delayed 2 second(s)

2018-12-13 13:18:44 - [MESSAGE][PASSED] - Delayed 2 second(s)

2018-12-13 13:18:44 - [TEST_STEP][PASSED] - uploadFile: File 'C:\Users\Public\Pictures\Sample Pictures\Koala.jpg' sent to object: 'Object Repository/Final Object Repo/New Registration - Registration Module Pages/Third Screen - Upload Supporting Doc- Preview/Upload File Adding'

2018-12-13 13:18:44 - [MESSAGE][PASSED] - File 'C:\Users\Public\Pictures\Sample Pictures\Koala.jpg' sent to object: 'Object Repository/Final Object Repo/New Registration - Registration Module Pages/Third Screen - Upload Supporting Doc- Preview/Upload File Adding'

2018-12-13 13:18:44 - [TEST_STEP][PASSED] - click: Object: 'Object Repository/Final Object Repo/New Registration - Registration Module Pages/Third Screen - Upload Supporting Doc- Preview/Inner Form Add Document Button' is clicked on

2018-12-13 13:18:44 - [MESSAGE][PASSED] - Object: 'Object Repository/Final Object Repo/New Registration - Registration Module Pages/Third Screen - Upload Supporting Doc- Preview/Inner Form Add Document Button' is clicked on

2018-12-13 13:18:44 - [TEST_STEP][PASSED] - delay: Delayed 5 second(s)

2018-12-13 13:18:49 - [MESSAGE][PASSED] - Delayed 5 second(s)

2018-12-13 13:18:49 - [TEST_STEP][PASSED] - click: Object: 'Object Repository/Final Object Repo/New Registration - Registration Module Pages/Third Screen - Upload Supporting Doc- Preview/Add Document Button' is clicked on

2018-12-13 13:18:49 - [MESSAGE][PASSED] - Object: 'Object Repository/Final Object Repo/New Registration - Registration Module Pages/Third Screen - Upload Supporting Doc- Preview/Add Document Button' is clicked on

2018-12-13 13:18:49 - [TEST_STEP][PASSED] - delay: Delayed 30 second(s)

2018-12-13 13:19:19 - [MESSAGE][PASSED] - Delayed 30 second(s)

2018-12-13 13:19:19 - [TEST_STEP][PASSED] - click: Object: 'Object Repository/Final Object Repo/New Registration - Registration Module Pages/Third Screen - Upload Supporting Doc- Preview/Supporting Doc Please Select Drop Down' is clicked on

2018-12-13 13:19:19 - [MESSAGE][PASSED] - Object: 'Object Repository/Final Object Repo/New Registration - Registration Module Pages/Third Screen - Upload Supporting Doc- Preview/Supporting Doc Please Select Drop Down' is clicked on

2018-12-13 13:19:19 - [TEST_STEP][PASSED] - click: Object: 'Object Repository/Final Object Repo/New Registration - Registration Module Pages/Third Screen - Upload Supporting Doc- Preview/Select to Upload Borang SIP 1' is clicked on

2018-12-13 13:19:20 - [MESSAGE][PASSED] - Object: 'Object Repository/Final Object Repo/New Registration - Registration Module Pages/Third Screen - Upload Supporting Doc- Preview/Select to Upload Borang SIP 1' is clicked on

2018-12-13 13:19:20 - [TEST_STEP][PASSED] - delay: Delayed 2 second(s)

2018-12-13 13:19:22 - [MESSAGE][PASSED] - Delayed 2 second(s)

2018-12-13 13:19:22 - [TEST_STEP][PASSED] - uploadFile: File 'C:\Users\Public\Pictures\Sample Pictures\Koala.jpg' sent to object: 'Object Repository/Final Object Repo/New Registration - Registration Module Pages/Third Screen - Upload Supporting Doc- Preview/Upload File Adding'

2018-12-13 13:19:22 - [MESSAGE][PASSED] - File 'C:\Users\Public\Pictures\Sample Pictures\Koala.jpg' sent to object: 'Object Repository/Final Object Repo/New Registration - Registration Module Pages/Third Screen - Upload Supporting Doc- Preview/Upload File Adding'

2018-12-13 13:19:22 - [TEST_STEP][PASSED] - click: Object: 'Object Repository/Final Object Repo/New Registration - Registration Module Pages/Third Screen - Upload Supporting Doc- Preview/Inner Form Add Document Button' is clicked on

2018-12-13 13:19:22 - [MESSAGE][PASSED] - Object: 'Object Repository/Final Object Repo/New Registration - Registration Module Pages/Third Screen - Upload Supporting Doc- Preview/Inner Form Add Document Button' is clicked on

2018-12-13 13:19:22 - [TEST_STEP][PASSED] - delay: Delayed 5 second(s)

2018-12-13 13:19:27 - [MESSAGE][PASSED] - Delayed 5 second(s)

2018-12-13 13:19:27 - [TEST_STEP][PASSED] - click: Object: 'Object Repository/Final Object Repo/New Registration - Registration Module Pages/Third Screen - Upload Supporting Doc- Preview/Add Document Button' is clicked on

2018-12-13 13:19:27 - [MESSAGE][PASSED] - Object: 'Object Repository/Final Object Repo/New Registration - Registration Module Pages/Third Screen - Upload Supporting Doc- Preview/Add Document Button' is clicked on

2018-12-13 13:19:27 - [TEST_STEP][PASSED] - delay: Delayed 30 second(s)

2018-12-13 13:19:57 - [MESSAGE][PASSED] - Delayed 30 second(s)

2018-12-13 13:19:57 - [TEST_STEP][PASSED] - click: Object: 'Object Repository/Final Object Repo/New Registration - Registration Module Pages/Third Screen - Upload Supporting Doc- Preview/Supporting Doc Please Select Drop Down' is clicked on

2018-12-13 13:19:57 - [MESSAGE][PASSED] - Object: 'Object Repository/Final Object Repo/New Registration - Registration Module Pages/Third Screen - Upload Supporting Doc- Preview/Supporting Doc Please Select Drop Down' is clicked on

2018-12-13 13:19:57 - [TEST_STEP][PASSED] - delay: Delayed 3 second(s)

2018-12-13 13:20:00 - [MESSAGE][PASSED] - Delayed 3 second(s)

2018-12-13 13:20:00 - [TEST_STEP][PASSED] - click: Object: 'Object Repository/Final Object Repo/New Registration - Registration Module Pages/Third Screen - Upload Supporting Doc- Preview/Select to Upload Borang SIP 2' is clicked on

2018-12-13 13:20:00 - [MESSAGE][PASSED] - Object: 'Object Repository/Final Object Repo/New Registration - Registration Module Pages/Third Screen - Upload Supporting Doc- Preview/Select to Upload Borang SIP 2' is clicked on

2018-12-13 13:20:00 - [TEST_STEP][PASSED] - delay: Delayed 2 second(s)

2018-12-13 13:20:02 - [MESSAGE][PASSED] - Delayed 2 second(s)

2018-12-13 13:20:02 - [TEST_STEP][PASSED] - uploadFile: File 'C:\Users\Public\Pictures\Sample Pictures\Koala.jpg' sent to object: 'Object Repository/Final Object Repo/New Registration - Registration Module Pages/Third Screen - Upload Supporting Doc- Preview/Upload File Adding'

2018-12-13 13:20:03 - [MESSAGE][PASSED] - File 'C:\Users\Public\Pictures\Sample Pictures\Koala.jpg' sent to object: 'Object Repository/Final Object Repo/New Registration - Registration Module Pages/Third Screen - Upload Supporting Doc- Preview/Upload File Adding'

2018-12-13 13:20:03 - [TEST_STEP][PASSED] - delay: Delayed 5 second(s)

2018-12-13 13:20:08 - [MESSAGE][PASSED] - Delayed 5 second(s)

2018-12-13 13:20:08 - [TEST_STEP][PASSED] - click: Object: 'Object Repository/Final Object Repo/New Registration - Registration Module Pages/Third Screen - Upload Supporting Doc- Preview/Inner Form Add Document Button' is clicked on

2018-12-13 13:20:08 - [MESSAGE][PASSED] - Object: 'Object Repository/Final Object Repo/New Registration - Registration Module Pages/Third Screen - Upload Supporting Doc- Preview/Inner Form Add Document Button' is clicked on

2018-12-13 13:20:08 - [TEST_STEP][PASSED] - delay: Delayed 3 second(s)

2018-12-13 13:20:11 - [MESSAGE][PASSED] - Delayed 3 second(s)

2018-12-13 13:20:11 - [TEST_STEP][PASSED] - waitForElementClickable: Object 'Object Repository/Final Object Repo/New Registration - Registration Module Pages/Third Screen - Upload Supporting Doc- Preview/Save n Continue in Uploading Supporting Doc Page' is clickable

2018-12-13 13:20:12 - [MESSAGE][PASSED] - Object 'Object Repository/Final Object Repo/New Registration - Registration Module Pages/Third Screen - Upload Supporting Doc- Preview/Save n Continue in Uploading Supporting Doc Page' is clickable

2018-12-13 13:20:12 - [TEST_STEP][PASSED] - click: Object: 'Object Repository/Final Object Repo/New Registration - Registration Module Pages/Third Screen - Upload Supporting Doc- Preview/Save n Continue in Uploading Supporting Doc Page' is clicked on

2018-12-13 13:20:12 - [MESSAGE][PASSED] - Object: 'Object Repository/Final Object Repo/New Registration - Registration Module Pages/Third Screen - Upload Supporting Doc- Preview/Save n Continue in Uploading Supporting Doc Page' is clicked on

2018-12-13 13:20:12 - [MESSAGE][PASSED] - Call Test Case 'Test Cases/Final Aug 2018 - PKS Automation/Registration Module/New Registration/Flow of New Registration/Third Screen - Upload Supporting Doc - Preview' successfully

2018-12-13 13:20:12 - [TEST_STEP][PASSED] - callTestCase: Call Test Case 'Test Cases/Final Aug 2018 - PKS Automation/Registration Module/New Registration/Submit and Screenshot/Submit Registration and Screenshot' successfully

2018-12-13 13:20:12 - [TEST_CASE][PASSED] - Test Cases/Final Aug 2018 - PKS Automation/Registration Module/New Registration/Submit and Screenshot/Submit Registration and Screenshot: Test Cases/Final Aug 2018 - PKS Automation/Registration Module/New Registration/Submit and Screenshot/Submit Registration and Screenshot

2018-12-13 13:20:12 - [TEST_STEP][PASSED] - delay: Delayed 6 second(s)

2018-12-13 13:20:18 - [MESSAGE][PASSED] - Delayed 6 second(s)

2018-12-13 13:20:18 - [TEST_STEP][PASSED] - click: Object: 'Object Repository/Final Object Repo/New Registration - Registration Module Pages/Third Screen - Upload Supporting Doc- Preview/Preview Submit Button' is clicked on

2018-12-13 13:20:18 - [MESSAGE][PASSED] - Object: 'Object Repository/Final Object Repo/New Registration - Registration Module Pages/Third Screen - Upload Supporting Doc- Preview/Preview Submit Button' is clicked on

2018-12-13 13:20:18 - [TEST_STEP][PASSED] - delay: Delayed 2 second(s)

2018-12-13 13:20:20 - [MESSAGE][PASSED] - Delayed 2 second(s)

2018-12-13 13:20:20 - [TEST_STEP][PASSED] - click: Object: 'Object Repository/Final Object Repo/New Registration - Registration Module Pages/Third Screen - Upload Supporting Doc- Preview/Preview Submit - Confirm' is clicked on

2018-12-13 13:20:20 - [MESSAGE][PASSED] - Object: 'Object Repository/Final Object Repo/New Registration - Registration Module Pages/Third Screen - Upload Supporting Doc- Preview/Preview Submit - Confirm' is clicked on

2018-12-13 13:20:20 - [TEST_STEP][PASSED] - delay: Delayed 15 second(s)

2018-12-13 13:20:35 - [MESSAGE][PASSED] - Delayed 15 second(s)

2018-12-13 13:20:35 - [TEST_STEP][PASSED] - Statement - driver = com.kms.katalon.core.webui.driver.DriverFactory.getWebDriver(): null

2018-12-13 13:20:35 - [TEST_STEP][PASSED] - Statement - driver.manage().timeouts().implicitlyWait(10, SECONDS): null

2018-12-13 13:20:35 - [TEST_STEP][PASSED] - Statement - PresavePath = KatalonScreenshots: null

2018-12-13 13:20:35 - [TEST_STEP][PASSED] - Statement - pathPrefix = "C:\Users\Public\Pictures\Sample Pictures\Katalon Screenshots\Automate Ending Screen": null

2018-12-13 13:20:35 - [TEST_STEP][PASSED] - Statement - finalPath = <not implemented yet for class: org.codehaus.groovy.ast.expr.EmptyExpression>: null

2018-12-13 13:20:35 - [TEST_STEP][PASSED] - Statement - scrFile = driver.getScreenshotAs(FILE): null

2018-12-13 13:20:36 - [TEST_STEP][PASSED] - Statement - PreSaveFile = new java.io.File(PresavePath): null

2018-12-13 13:20:36 - [TEST_STEP][PASSED] - Statement - counter = 0: null

2018-12-13 13:20:36 - [TEST_STEP][PASSED] - Statement - If (PreSaveFile.exists()): null

2018-12-13 13:20:36 - [TEST_STEP][PASSED] - Statement - While (PreSaveFile.exists()): null

2018-12-13 13:20:36 - [TEST_STEP][PASSED] - Statement - counter = counter + 1: null

2018-12-13 13:20:36 - [TEST_STEP][PASSED] - Statement - PreSaveFile = new java.io.File(((pathPrefix + java.lang.Integer.toString(counter)) + .png)): null

2018-12-13 13:20:36 - [TEST_STEP][PASSED] - Statement - counter = counter + 1: null

2018-12-13 13:20:36 - [TEST_STEP][PASSED] - Statement - PreSaveFile = new java.io.File(((pathPrefix + java.lang.Integer.toString(counter)) + .png)): null

2018-12-13 13:20:36 - [TEST_STEP][PASSED] - Statement - counter = counter + 1: null

2018-12-13 13:20:36 - [TEST_STEP][PASSED] - Statement - PreSaveFile = new java.io.File(((pathPrefix + java.lang.Integer.toString(counter)) + .png)): null

2018-12-13 13:20:36 - [TEST_STEP][PASSED] - Statement - counter = counter + 1: null

2018-12-13 13:20:36 - [TEST_STEP][PASSED] - Statement - PreSaveFile = new java.io.File(((pathPrefix + java.lang.Integer.toString(counter)) + .png)): null

2018-12-13 13:20:36 - [TEST_STEP][PASSED] - Statement - counter = counter + 1: null

2018-12-13 13:20:36 - [TEST_STEP][PASSED] - Statement - PreSaveFile = new java.io.File(((pathPrefix + java.lang.Integer.toString(counter)) + .png)): null

2018-12-13 13:20:36 - [TEST_STEP][PASSED] - Statement - counter = counter + 1: null

2018-12-13 13:20:36 - [TEST_STEP][PASSED] - Statement - PreSaveFile = new java.io.File(((pathPrefix + java.lang.Integer.toString(counter)) + .png)): null

2018-12-13 13:20:36 - [TEST_STEP][PASSED] - Statement - counter = counter + 1: null

2018-12-13 13:20:36 - [TEST_STEP][PASSED] - Statement - PreSaveFile = new java.io.File(((pathPrefix + java.lang.Integer.toString(counter)) + .png)): null

2018-12-13 13:20:36 - [TEST_STEP][PASSED] - Statement - counter = counter + 1: null

2018-12-13 13:20:36 - [TEST_STEP][PASSED] - Statement - PreSaveFile = new java.io.File(((pathPrefix + java.lang.Integer.toString(counter)) + .png)): null

2018-12-13 13:20:36 - [TEST_STEP][PASSED] - Statement - counter = counter + 1: null

2018-12-13 13:20:36 - [TEST_STEP][PASSED] - Statement - PreSaveFile = new java.io.File(((pathPrefix + java.lang.Integer.toString(counter)) + .png)): null

2018-12-13 13:20:36 - [TEST_STEP][PASSED] - Statement - counter = counter + 1: null

2018-12-13 13:20:36 - [TEST_STEP][PASSED] - Statement - PreSaveFile = new java.io.File(((pathPrefix + java.lang.Integer.toString(counter)) + .png)): null

2018-12-13 13:20:36 - [TEST_STEP][PASSED] - Statement - counter = counter + 1: null

2018-12-13 13:20:36 - [TEST_STEP][PASSED] - Statement - PreSaveFile = new java.io.File(((pathPrefix + java.lang.Integer.toString(counter)) + .png)): null

2018-12-13 13:20:36 - [TEST_STEP][PASSED] - Statement - counter = counter + 1: null

2018-12-13 13:20:36 - [TEST_STEP][PASSED] - Statement - PreSaveFile = new java.io.File(((pathPrefix + java.lang.Integer.toString(counter)) + .png)): null

2018-12-13 13:20:36 - [TEST_STEP][PASSED] - Statement - counter = counter + 1: null

2018-12-13 13:20:36 - [TEST_STEP][PASSED] - Statement - PreSaveFile = new java.io.File(((pathPrefix + java.lang.Integer.toString(counter)) + .png)): null

2018-12-13 13:20:36 - [TEST_STEP][PASSED] - Statement - counter = counter + 1: null

2018-12-13 13:20:36 - [TEST_STEP][PASSED] - Statement - PreSaveFile = new java.io.File(((pathPrefix + java.lang.Integer.toString(counter)) + .png)): null

2018-12-13 13:20:36 - [TEST_STEP][PASSED] - Statement - counter = counter + 1: null

2018-12-13 13:20:36 - [TEST_STEP][PASSED] - Statement - PreSaveFile = new java.io.File(((pathPrefix + java.lang.Integer.toString(counter)) + .png)): null

2018-12-13 13:20:36 - [TEST_STEP][PASSED] - Statement - counter = counter + 1: null

2018-12-13 13:20:36 - [TEST_STEP][PASSED] - Statement - PreSaveFile = new java.io.File(((pathPrefix + java.lang.Integer.toString(counter)) + .png)): null

2018-12-13 13:20:36 - [TEST_STEP][PASSED] - Statement - counter = counter + 1: null

2018-12-13 13:20:36 - [TEST_STEP][PASSED] - Statement - PreSaveFile = new java.io.File(((pathPrefix + java.lang.Integer.toString(counter)) + .png)): null

2018-12-13 13:20:36 - [TEST_STEP][PASSED] - Statement - counter = counter + 1: null

2018-12-13 13:20:36 - [TEST_STEP][PASSED] - Statement - PreSaveFile = new java.io.File(((pathPrefix + java.lang.Integer.toString(counter)) + .png)): null

2018-12-13 13:20:36 - [TEST_STEP][PASSED] - Statement - counter = counter + 1: null

2018-12-13 13:20:36 - [TEST_STEP][PASSED] - Statement - PreSaveFile = new java.io.File(((pathPrefix + java.lang.Integer.toString(counter)) + .png)): null

2018-12-13 13:20:36 - [TEST_STEP][PASSED] - Statement - counter = counter + 1: null

2018-12-13 13:20:36 - [TEST_STEP][PASSED] - Statement - PreSaveFile = new java.io.File(((pathPrefix + java.lang.Integer.toString(counter)) + .png)): null

2018-12-13 13:20:36 - [TEST_STEP][PASSED] - Statement - counter = counter + 1: null

2018-12-13 13:20:36 - [TEST_STEP][PASSED] - Statement - PreSaveFile = new java.io.File(((pathPrefix + java.lang.Integer.toString(counter)) + .png)): null

2018-12-13 13:20:36 - [TEST_STEP][PASSED] - Statement - counter = counter + 1: null

2018-12-13 13:20:36 - [TEST_STEP][PASSED] - Statement - PreSaveFile = new java.io.File(((pathPrefix + java.lang.Integer.toString(counter)) + .png)): null

2018-12-13 13:20:36 - [TEST_STEP][PASSED] - Statement - counter = counter + 1: null

2018-12-13 13:20:36 - [TEST_STEP][PASSED] - Statement - PreSaveFile = new java.io.File(((pathPrefix + java.lang.Integer.toString(counter)) + .png)): null

2018-12-13 13:20:36 - [TEST_STEP][PASSED] - Statement - counter = counter + 1: null

2018-12-13 13:20:36 - [TEST_STEP][PASSED] - Statement - PreSaveFile = new java.io.File(((pathPrefix + java.lang.Integer.toString(counter)) + .png)): null

2018-12-13 13:20:36 - [TEST_STEP][PASSED] - Statement - counter = counter + 1: null

2018-12-13 13:20:36 - [TEST_STEP][PASSED] - Statement - PreSaveFile = new java.io.File(((pathPrefix + java.lang.Integer.toString(counter)) + .png)): null

2018-12-13 13:20:36 - [TEST_STEP][PASSED] - Statement - counter = counter + 1: null

2018-12-13 13:20:36 - [TEST_STEP][PASSED] - Statement - PreSaveFile = new java.io.File(((pathPrefix + java.lang.Integer.toString(counter)) + .png)): null

2018-12-13 13:20:36 - [TEST_STEP][PASSED] - Statement - counter = counter + 1: null

2018-12-13 13:20:36 - [TEST_STEP][PASSED] - Statement - PreSaveFile = new java.io.File(((pathPrefix + java.lang.Integer.toString(counter)) + .png)): null

2018-12-13 13:20:36 - [TEST_STEP][PASSED] - Statement - counter = counter + 1: null

2018-12-13 13:20:36 - [TEST_STEP][PASSED] - Statement - PreSaveFile = new java.io.File(((pathPrefix + java.lang.Integer.toString(counter)) + .png)): null

2018-12-13 13:20:36 - [TEST_STEP][PASSED] - Statement - counter = counter + 1: null

2018-12-13 13:20:36 - [TEST_STEP][PASSED] - Statement - PreSaveFile = new java.io.File(((pathPrefix + java.lang.Integer.toString(counter)) + .png)): null

2018-12-13 13:20:36 - [TEST_STEP][PASSED] - Statement - counter = counter + 1: null

2018-12-13 13:20:36 - [TEST_STEP][PASSED] - Statement - PreSaveFile = new java.io.File(((pathPrefix + java.lang.Integer.toString(counter)) + .png)): null

2018-12-13 13:20:36 - [TEST_STEP][PASSED] - Statement - counter = counter + 1: null

2018-12-13 13:20:36 - [TEST_STEP][PASSED] - Statement - PreSaveFile = new java.io.File(((pathPrefix + java.lang.Integer.toString(counter)) + .png)): null

2018-12-13 13:20:36 - [TEST_STEP][PASSED] - Statement - counter = counter + 1: null

2018-12-13 13:20:36 - [TEST_STEP][PASSED] - Statement - PreSaveFile = new java.io.File(((pathPrefix + java.lang.Integer.toString(counter)) + .png)): null

2018-12-13 13:20:36 - [TEST_STEP][PASSED] - Statement - counter = counter + 1: null

2018-12-13 13:20:36 - [TEST_STEP][PASSED] - Statement - PreSaveFile = new java.io.File(((pathPrefix + java.lang.Integer.toString(counter)) + .png)): null

2018-12-13 13:20:36 - [TEST_STEP][PASSED] - Statement - counter = counter + 1: null

2018-12-13 13:20:36 - [TEST_STEP][PASSED] - Statement - PreSaveFile = new java.io.File(((pathPrefix + java.lang.Integer.toString(counter)) + .png)): null

2018-12-13 13:20:36 - [TEST_STEP][PASSED] - Statement - counter = counter + 1: null

2018-12-13 13:20:36 - [TEST_STEP][PASSED] - Statement - PreSaveFile = new java.io.File(((pathPrefix + java.lang.Integer.toString(counter)) + .png)): null

2018-12-13 13:20:36 - [TEST_STEP][PASSED] - Statement - counter = counter + 1: null

2018-12-13 13:20:36 - [TEST_STEP][PASSED] - Statement - PreSaveFile = new java.io.File(((pathPrefix + java.lang.Integer.toString(counter)) + .png)): null

2018-12-13 13:20:36 - [TEST_STEP][PASSED] - Statement - counter = counter + 1: null

2018-12-13 13:20:36 - [TEST_STEP][PASSED] - Statement - PreSaveFile = new java.io.File(((pathPrefix + java.lang.Integer.toString(counter)) + .png)): null

2018-12-13 13:20:36 - [TEST_STEP][PASSED] - Statement - counter = counter + 1: null

2018-12-13 13:20:36 - [TEST_STEP][PASSED] - Statement - PreSaveFile = new java.io.File(((pathPrefix + java.lang.Integer.toString(counter)) + .png)): null

2018-12-13 13:20:36 - [TEST_STEP][PASSED] - Statement - counter = counter + 1: null

2018-12-13 13:20:36 - [TEST_STEP][PASSED] - Statement - PreSaveFile = new java.io.File(((pathPrefix + java.lang.Integer.toString(counter)) + .png)): null

2018-12-13 13:20:36 - [TEST_STEP][PASSED] - Statement - counter = counter + 1: null

2018-12-13 13:20:36 - [TEST_STEP][PASSED] - Statement - PreSaveFile = new java.io.File(((pathPrefix + java.lang.Integer.toString(counter)) + .png)): null

2018-12-13 13:20:36 - [TEST_STEP][PASSED] - Statement - counter = counter + 1: null

2018-12-13 13:20:36 - [TEST_STEP][PASSED] - Statement - PreSaveFile = new java.io.File(((pathPrefix + java.lang.Integer.toString(counter)) + .png)): null

2018-12-13 13:20:36 - [TEST_STEP][PASSED] - Statement - counter = counter + 1: null

2018-12-13 13:20:36 - [TEST_STEP][PASSED] - Statement - PreSaveFile = new java.io.File(((pathPrefix + java.lang.Integer.toString(counter)) + .png)): null

2018-12-13 13:20:36 - [TEST_STEP][PASSED] - Statement - counter = counter + 1: null

2018-12-13 13:20:36 - [TEST_STEP][PASSED] - Statement - PreSaveFile = new java.io.File(((pathPrefix + java.lang.Integer.toString(counter)) + .png)): null

2018-12-13 13:20:36 - [TEST_STEP][PASSED] - Statement - counter = counter + 1: null

2018-12-13 13:20:36 - [TEST_STEP][PASSED] - Statement - PreSaveFile = new java.io.File(((pathPrefix + java.lang.Integer.toString(counter)) + .png)): null

2018-12-13 13:20:36 - [TEST_STEP][PASSED] - Statement - counter = counter + 1: null

2018-12-13 13:20:36 - [TEST_STEP][PASSED] - Statement - PreSaveFile = new java.io.File(((pathPrefix + java.lang.Integer.toString(counter)) + .png)): null

2018-12-13 13:20:36 - [TEST_STEP][PASSED] - Statement - counter = counter + 1: null

2018-12-13 13:20:36 - [TEST_STEP][PASSED] - Statement - PreSaveFile = new java.io.File(((pathPrefix + java.lang.Integer.toString(counter)) + .png)): null

2018-12-13 13:20:36 - [TEST_STEP][PASSED] - Statement - counter = counter + 1: null

2018-12-13 13:20:36 - [TEST_STEP][PASSED] - Statement - PreSaveFile = new java.io.File(((pathPrefix + java.lang.Integer.toString(counter)) + .png)): null

2018-12-13 13:20:36 - [TEST_STEP][PASSED] - Statement - counter = counter + 1: null

2018-12-13 13:20:36 - [TEST_STEP][PASSED] - Statement - PreSaveFile = new java.io.File(((pathPrefix + java.lang.Integer.toString(counter)) + .png)): null

2018-12-13 13:20:36 - [TEST_STEP][PASSED] - Statement - counter = counter + 1: null

2018-12-13 13:20:36 - [TEST_STEP][PASSED] - Statement - PreSaveFile = new java.io.File(((pathPrefix + java.lang.Integer.toString(counter)) + .png)): null

2018-12-13 13:20:36 - [TEST_STEP][PASSED] - Statement - counter = counter + 1: null

2018-12-13 13:20:36 - [TEST_STEP][PASSED] - Statement - PreSaveFile = new java.io.File(((pathPrefix + java.lang.Integer.toString(counter)) + .png)): null

2018-12-13 13:20:36 - [TEST_STEP][PASSED] - Statement - counter = counter + 1: null

2018-12-13 13:20:36 - [TEST_STEP][PASSED] - Statement - PreSaveFile = new java.io.File(((pathPrefix + java.lang.Integer.toString(counter)) + .png)): null

2018-12-13 13:20:36 - [TEST_STEP][PASSED] - Statement - counter = counter + 1: null

2018-12-13 13:20:36 - [TEST_STEP][PASSED] - Statement - PreSaveFile = new java.io.File(((pathPrefix + java.lang.Integer.toString(counter)) + .png)): null

2018-12-13 13:20:36 - [TEST_STEP][PASSED] - Statement - counter = counter + 1: null

2018-12-13 13:20:36 - [TEST_STEP][PASSED] - Statement - PreSaveFile = new java.io.File(((pathPrefix + java.lang.Integer.toString(counter)) + .png)): null

2018-12-13 13:20:36 - [TEST_STEP][PASSED] - Statement - counter = counter + 1: null

2018-12-13 13:20:36 - [TEST_STEP][PASSED] - Statement - PreSaveFile = new java.io.File(((pathPrefix + java.lang.Integer.toString(counter)) + .png)): null

2018-12-13 13:20:36 - [TEST_STEP][PASSED] - Statement - counter = counter + 1: null

2018-12-13 13:20:36 - [TEST_STEP][PASSED] - Statement - PreSaveFile = new java.io.File(((pathPrefix + java.lang.Integer.toString(counter)) + .png)): null

2018-12-13 13:20:36 - [TEST_STEP][PASSED] - Statement - counter = counter + 1: null

2018-12-13 13:20:36 - [TEST_STEP][PASSED] - Statement - PreSaveFile = new java.io.File(((pathPrefix + java.lang.Integer.toString(counter)) + .png)): null

2018-12-13 13:20:36 - [TEST_STEP][PASSED] - Statement - counter = counter + 1: null

2018-12-13 13:20:36 - [TEST_STEP][PASSED] - Statement - PreSaveFile = new java.io.File(((pathPrefix + java.lang.Integer.toString(counter)) + .png)): null

2018-12-13 13:20:36 - [TEST_STEP][PASSED] - Statement - counter = counter + 1: null

2018-12-13 13:20:36 - [TEST_STEP][PASSED] - Statement - PreSaveFile = new java.io.File(((pathPrefix + java.lang.Integer.toString(counter)) + .png)): null

2018-12-13 13:20:36 - [TEST_STEP][PASSED] - Statement - counter = counter + 1: null

2018-12-13 13:20:36 - [TEST_STEP][PASSED] - Statement - PreSaveFile = new java.io.File(((pathPrefix + java.lang.Integer.toString(counter)) + .png)): null

2018-12-13 13:20:36 - [TEST_STEP][PASSED] - Statement - counter = counter + 1: null

2018-12-13 13:20:36 - [TEST_STEP][PASSED] - Statement - PreSaveFile = new java.io.File(((pathPrefix + java.lang.Integer.toString(counter)) + .png)): null

2018-12-13 13:20:36 - [TEST_STEP][PASSED] - Statement - counter = counter + 1: null

2018-12-13 13:20:36 - [TEST_STEP][PASSED] - Statement - PreSaveFile = new java.io.File(((pathPrefix + java.lang.Integer.toString(counter)) + .png)): null

2018-12-13 13:20:36 - [TEST_STEP][PASSED] - Statement - counter = counter + 1: null

2018-12-13 13:20:36 - [TEST_STEP][PASSED] - Statement - PreSaveFile = new java.io.File(((pathPrefix + java.lang.Integer.toString(counter)) + .png)): null

2018-12-13 13:20:36 - [TEST_STEP][PASSED] - Statement - counter = counter + 1: null

2018-12-13 13:20:36 - [TEST_STEP][PASSED] - Statement - PreSaveFile = new java.io.File(((pathPrefix + java.lang.Integer.toString(counter)) + .png)): null

2018-12-13 13:20:36 - [TEST_STEP][PASSED] - Statement - counter = counter + 1: null

2018-12-13 13:20:36 - [TEST_STEP][PASSED] - Statement - PreSaveFile = new java.io.File(((pathPrefix + java.lang.Integer.toString(counter)) + .png)): null

2018-12-13 13:20:36 - [TEST_STEP][PASSED] - Statement - counter = counter + 1: null

2018-12-13 13:20:36 - [TEST_STEP][PASSED] - Statement - PreSaveFile = new java.io.File(((pathPrefix + java.lang.Integer.toString(counter)) + .png)): null

2018-12-13 13:20:36 - [TEST_STEP][PASSED] - Statement - counter = counter + 1: null

2018-12-13 13:20:36 - [TEST_STEP][PASSED] - Statement - PreSaveFile = new java.io.File(((pathPrefix + java.lang.Integer.toString(counter)) + .png)): null

2018-12-13 13:20:36 - [TEST_STEP][PASSED] - Statement - counter = counter + 1: null

2018-12-13 13:20:36 - [TEST_STEP][PASSED] - Statement - PreSaveFile = new java.io.File(((pathPrefix + java.lang.Integer.toString(counter)) + .png)): null

2018-12-13 13:20:36 - [TEST_STEP][PASSED] - Statement - counter = counter + 1: null

2018-12-13 13:20:36 - [TEST_STEP][PASSED] - Statement - PreSaveFile = new java.io.File(((pathPrefix + java.lang.Integer.toString(counter)) + .png)): null

2018-12-13 13:20:36 - [TEST_STEP][PASSED] - Statement - counter = counter + 1: null

2018-12-13 13:20:36 - [TEST_STEP][PASSED] - Statement - PreSaveFile = new java.io.File(((pathPrefix + java.lang.Integer.toString(counter)) + .png)): null

2018-12-13 13:20:36 - [TEST_STEP][PASSED] - Statement - counter = counter + 1: null

2018-12-13 13:20:36 - [TEST_STEP][PASSED] - Statement - PreSaveFile = new java.io.File(((pathPrefix + java.lang.Integer.toString(counter)) + .png)): null

2018-12-13 13:20:36 - [TEST_STEP][PASSED] - Statement - counter = counter + 1: null

2018-12-13 13:20:36 - [TEST_STEP][PASSED] - Statement - PreSaveFile = new java.io.File(((pathPrefix + java.lang.Integer.toString(counter)) + .png)): null

2018-12-13 13:20:36 - [TEST_STEP][PASSED] - Statement - counter = counter + 1: null

2018-12-13 13:20:36 - [TEST_STEP][PASSED] - Statement - PreSaveFile = new java.io.File(((pathPrefix + java.lang.Integer.toString(counter)) + .png)): null

2018-12-13 13:20:36 - [TEST_STEP][PASSED] - Statement - counter = counter + 1: null

2018-12-13 13:20:36 - [TEST_STEP][PASSED] - Statement - PreSaveFile = new java.io.File(((pathPrefix + java.lang.Integer.toString(counter)) + .png)): null

2018-12-13 13:20:36 - [TEST_STEP][PASSED] - Statement - counter = counter + 1: null

2018-12-13 13:20:36 - [TEST_STEP][PASSED] - Statement - PreSaveFile = new java.io.File(((pathPrefix + java.lang.Integer.toString(counter)) + .png)): null

2018-12-13 13:20:36 - [TEST_STEP][PASSED] - Statement - counter = counter + 1: null

2018-12-13 13:20:36 - [TEST_STEP][PASSED] - Statement - PreSaveFile = new java.io.File(((pathPrefix + java.lang.Integer.toString(counter)) + .png)): null

2018-12-13 13:20:36 - [TEST_STEP][PASSED] - Statement - counter = counter + 1: null

2018-12-13 13:20:36 - [TEST_STEP][PASSED] - Statement - PreSaveFile = new java.io.File(((pathPrefix + java.lang.Integer.toString(counter)) + .png)): null

2018-12-13 13:20:36 - [TEST_STEP][PASSED] - Statement - counter = counter + 1: null

2018-12-13 13:20:36 - [TEST_STEP][PASSED] - Statement - PreSaveFile = new java.io.File(((pathPrefix + java.lang.Integer.toString(counter)) + .png)): null

2018-12-13 13:20:36 - [TEST_STEP][PASSED] - Statement - counter = counter + 1: null

2018-12-13 13:20:36 - [TEST_STEP][PASSED] - Statement - PreSaveFile = new java.io.File(((pathPrefix + java.lang.Integer.toString(counter)) + .png)): null

2018-12-13 13:20:36 - [TEST_STEP][PASSED] - Statement - counter = counter + 1: null

2018-12-13 13:20:36 - [TEST_STEP][PASSED] - Statement - PreSaveFile = new java.io.File(((pathPrefix + java.lang.Integer.toString(counter)) + .png)): null

2018-12-13 13:20:36 - [TEST_STEP][PASSED] - Statement - counter = counter + 1: null

2018-12-13 13:20:36 - [TEST_STEP][PASSED] - Statement - PreSaveFile = new java.io.File(((pathPrefix + java.lang.Integer.toString(counter)) + .png)): null

2018-12-13 13:20:36 - [TEST_STEP][PASSED] - Statement - counter = counter + 1: null

2018-12-13 13:20:36 - [TEST_STEP][PASSED] - Statement - PreSaveFile = new java.io.File(((pathPrefix + java.lang.Integer.toString(counter)) + .png)): null

2018-12-13 13:20:36 - [TEST_STEP][PASSED] - Statement - counter = counter + 1: null

2018-12-13 13:20:36 - [TEST_STEP][PASSED] - Statement - PreSaveFile = new java.io.File(((pathPrefix + java.lang.Integer.toString(counter)) + .png)): null

2018-12-13 13:20:36 - [TEST_STEP][PASSED] - Statement - counter = counter + 1: null

2018-12-13 13:20:36 - [TEST_STEP][PASSED] - Statement - PreSaveFile = new java.io.File(((pathPrefix + java.lang.Integer.toString(counter)) + .png)): null

2018-12-13 13:20:36 - [TEST_STEP][PASSED] - Statement - counter = counter + 1: null

2018-12-13 13:20:36 - [TEST_STEP][PASSED] - Statement - PreSaveFile = new java.io.File(((pathPrefix + java.lang.Integer.toString(counter)) + .png)): null

2018-12-13 13:20:36 - [TEST_STEP][PASSED] - Statement - counter = counter + 1: null

2018-12-13 13:20:36 - [TEST_STEP][PASSED] - Statement - PreSaveFile = new java.io.File(((pathPrefix + java.lang.Integer.toString(counter)) + .png)): null

2018-12-13 13:20:36 - [TEST_STEP][PASSED] - Statement - counter = counter + 1: null

2018-12-13 13:20:36 - [TEST_STEP][PASSED] - Statement - PreSaveFile = new java.io.File(((pathPrefix + java.lang.Integer.toString(counter)) + .png)): null

2018-12-13 13:20:36 - [TEST_STEP][PASSED] - Statement - counter = counter + 1: null

2018-12-13 13:20:36 - [TEST_STEP][PASSED] - Statement - PreSaveFile = new java.io.File(((pathPrefix + java.lang.Integer.toString(counter)) + .png)): null

2018-12-13 13:20:36 - [TEST_STEP][PASSED] - Statement - counter = counter + 1: null

2018-12-13 13:20:36 - [TEST_STEP][PASSED] - Statement - PreSaveFile = new java.io.File(((pathPrefix + java.lang.Integer.toString(counter)) + .png)): null

2018-12-13 13:20:36 - [TEST_STEP][PASSED] - Statement - counter = counter + 1: null

2018-12-13 13:20:36 - [TEST_STEP][PASSED] - Statement - PreSaveFile = new java.io.File(((pathPrefix + java.lang.Integer.toString(counter)) + .png)): null

2018-12-13 13:20:36 - [TEST_STEP][PASSED] - Statement - counter = counter + 1: null

2018-12-13 13:20:36 - [TEST_STEP][PASSED] - Statement - PreSaveFile = new java.io.File(((pathPrefix + java.lang.Integer.toString(counter)) + .png)): null

2018-12-13 13:20:36 - [TEST_STEP][PASSED] - Statement - counter = counter + 1: null

2018-12-13 13:20:36 - [TEST_STEP][PASSED] - Statement - PreSaveFile = new java.io.File(((pathPrefix + java.lang.Integer.toString(counter)) + .png)): null

2018-12-13 13:20:36 - [TEST_STEP][PASSED] - Statement - counter = counter + 1: null

2018-12-13 13:20:36 - [TEST_STEP][PASSED] - Statement - PreSaveFile = new java.io.File(((pathPrefix + java.lang.Integer.toString(counter)) + .png)): null

2018-12-13 13:20:36 - [TEST_STEP][PASSED] - Statement - counter = counter + 1: null

2018-12-13 13:20:36 - [TEST_STEP][PASSED] - Statement - PreSaveFile = new java.io.File(((pathPrefix + java.lang.Integer.toString(counter)) + .png)): null

2018-12-13 13:20:36 - [TEST_STEP][PASSED] - Statement - counter = counter + 1: null

2018-12-13 13:20:36 - [TEST_STEP][PASSED] - Statement - PreSaveFile = new java.io.File(((pathPrefix + java.lang.Integer.toString(counter)) + .png)): null

2018-12-13 13:20:36 - [TEST_STEP][PASSED] - Statement - counter = counter + 1: null

2018-12-13 13:20:36 - [TEST_STEP][PASSED] - Statement - PreSaveFile = new java.io.File(((pathPrefix + java.lang.Integer.toString(counter)) + .png)): null

2018-12-13 13:20:36 - [TEST_STEP][PASSED] - Statement - counter = counter + 1: null

2018-12-13 13:20:36 - [TEST_STEP][PASSED] - Statement - PreSaveFile = new java.io.File(((pathPrefix + java.lang.Integer.toString(counter)) + .png)): null

2018-12-13 13:20:36 - [TEST_STEP][PASSED] - Statement - counter = counter + 1: null

2018-12-13 13:20:36 - [TEST_STEP][PASSED] - Statement - PreSaveFile = new java.io.File(((pathPrefix + java.lang.Integer.toString(counter)) + .png)): null

2018-12-13 13:20:36 - [TEST_STEP][PASSED] - Statement - counter = counter + 1: null

2018-12-13 13:20:36 - [TEST_STEP][PASSED] - Statement - PreSaveFile = new java.io.File(((pathPrefix + java.lang.Integer.toString(counter)) + .png)): null

2018-12-13 13:20:36 - [TEST_STEP][PASSED] - Statement - counter = counter + 1: null

2018-12-13 13:20:36 - [TEST_STEP][PASSED] - Statement - PreSaveFile = new java.io.File(((pathPrefix + java.lang.Integer.toString(counter)) + .png)): null

2018-12-13 13:20:36 - [TEST_STEP][PASSED] - Statement - counter = counter + 1: null

2018-12-13 13:20:36 - [TEST_STEP][PASSED] - Statement - PreSaveFile = new java.io.File(((pathPrefix + java.lang.Integer.toString(counter)) + .png)): null

2018-12-13 13:20:36 - [TEST_STEP][PASSED] - Statement - counter = counter + 1: null

2018-12-13 13:20:36 - [TEST_STEP][PASSED] - Statement - PreSaveFile = new java.io.File(((pathPrefix + java.lang.Integer.toString(counter)) + .png)): null

2018-12-13 13:20:36 - [TEST_STEP][PASSED] - Statement - counter = counter + 1: null

2018-12-13 13:20:36 - [TEST_STEP][PASSED] - Statement - PreSaveFile = new java.io.File(((pathPrefix + java.lang.Integer.toString(counter)) + .png)): null

2018-12-13 13:20:36 - [TEST_STEP][PASSED] - Statement - counter = counter + 1: null

2018-12-13 13:20:36 - [TEST_STEP][PASSED] - Statement - PreSaveFile = new java.io.File(((pathPrefix + java.lang.Integer.toString(counter)) + .png)): null

2018-12-13 13:20:36 - [TEST_STEP][PASSED] - Statement - counter = counter + 1: null

2018-12-13 13:20:36 - [TEST_STEP][PASSED] - Statement - PreSaveFile = new java.io.File(((pathPrefix + java.lang.Integer.toString(counter)) + .png)): null

2018-12-13 13:20:36 - [TEST_STEP][PASSED] - Statement - counter = counter + 1: null

2018-12-13 13:20:36 - [TEST_STEP][PASSED] - Statement - PreSaveFile = new java.io.File(((pathPrefix + java.lang.Integer.toString(counter)) + .png)): null

2018-12-13 13:20:36 - [TEST_STEP][PASSED] - Statement - counter = counter + 1: null

2018-12-13 13:20:36 - [TEST_STEP][PASSED] - Statement - PreSaveFile = new java.io.File(((pathPrefix + java.lang.Integer.toString(counter)) + .png)): null

2018-12-13 13:20:36 - [TEST_STEP][PASSED] - Statement - counter = counter + 1: null

2018-12-13 13:20:36 - [TEST_STEP][PASSED] - Statement - PreSaveFile = new java.io.File(((pathPrefix + java.lang.Integer.toString(counter)) + .png)): null

2018-12-13 13:20:36 - [TEST_STEP][PASSED] - Statement - counter = counter + 1: null

2018-12-13 13:20:36 - [TEST_STEP][PASSED] - Statement - PreSaveFile = new java.io.File(((pathPrefix + java.lang.Integer.toString(counter)) + .png)): null

2018-12-13 13:20:36 - [TEST_STEP][PASSED] - Statement - counter = counter + 1: null

2018-12-13 13:20:36 - [TEST_STEP][PASSED] - Statement - PreSaveFile = new java.io.File(((pathPrefix + java.lang.Integer.toString(counter)) + .png)): null

2018-12-13 13:20:36 - [TEST_STEP][PASSED] - Statement - counter = counter + 1: null

2018-12-13 13:20:36 - [TEST_STEP][PASSED] - Statement - PreSaveFile = new java.io.File(((pathPrefix + java.lang.Integer.toString(counter)) + .png)): null

2018-12-13 13:20:36 - [TEST_STEP][PASSED] - Statement - counter = counter + 1: null

2018-12-13 13:20:36 - [TEST_STEP][PASSED] - Statement - PreSaveFile = new java.io.File(((pathPrefix + java.lang.Integer.toString(counter)) + .png)): null

2018-12-13 13:20:36 - [TEST_STEP][PASSED] - Statement - counter = counter + 1: null

2018-12-13 13:20:36 - [TEST_STEP][PASSED] - Statement - PreSaveFile = new java.io.File(((pathPrefix + java.lang.Integer.toString(counter)) + .png)): null

2018-12-13 13:20:36 - [TEST_STEP][PASSED] - Statement - counter = counter + 1: null

2018-12-13 13:20:36 - [TEST_STEP][PASSED] - Statement - PreSaveFile = new java.io.File(((pathPrefix + java.lang.Integer.toString(counter)) + .png)): null

2018-12-13 13:20:36 - [TEST_STEP][PASSED] - Statement - counter = counter + 1: null

2018-12-13 13:20:36 - [TEST_STEP][PASSED] - Statement - PreSaveFile = new java.io.File(((pathPrefix + java.lang.Integer.toString(counter)) + .png)): null

2018-12-13 13:20:36 - [TEST_STEP][PASSED] - Statement - counter = counter + 1: null

2018-12-13 13:20:36 - [TEST_STEP][PASSED] - Statement - PreSaveFile = new java.io.File(((pathPrefix + java.lang.Integer.toString(counter)) + .png)): null

2018-12-13 13:20:36 - [TEST_STEP][PASSED] - Statement - counter = counter + 1: null

2018-12-13 13:20:36 - [TEST_STEP][PASSED] - Statement - PreSaveFile = new java.io.File(((pathPrefix + java.lang.Integer.toString(counter)) + .png)): null

2018-12-13 13:20:36 - [TEST_STEP][PASSED] - Statement - counter = counter + 1: null

2018-12-13 13:20:36 - [TEST_STEP][PASSED] - Statement - PreSaveFile = new java.io.File(((pathPrefix + java.lang.Integer.toString(counter)) + .png)): null

2018-12-13 13:20:36 - [TEST_STEP][PASSED] - Statement - counter = counter + 1: null

2018-12-13 13:20:36 - [TEST_STEP][PASSED] - Statement - PreSaveFile = new java.io.File(((pathPrefix + java.lang.Integer.toString(counter)) + .png)): null

2018-12-13 13:20:36 - [TEST_STEP][PASSED] - Statement - counter = counter + 1: null

2018-12-13 13:20:36 - [TEST_STEP][PASSED] - Statement - PreSaveFile = new java.io.File(((pathPrefix + java.lang.Integer.toString(counter)) + .png)): null

2018-12-13 13:20:36 - [TEST_STEP][PASSED] - Statement - counter = counter + 1: null

2018-12-13 13:20:36 - [TEST_STEP][PASSED] - Statement - PreSaveFile = new java.io.File(((pathPrefix + java.lang.Integer.toString(counter)) + .png)): null

2018-12-13 13:20:36 - [TEST_STEP][PASSED] - Statement - counter = counter + 1: null

2018-12-13 13:20:36 - [TEST_STEP][PASSED] - Statement - PreSaveFile = new java.io.File(((pathPrefix + java.lang.Integer.toString(counter)) + .png)): null

2018-12-13 13:20:36 - [TEST_STEP][PASSED] - Statement - counter = counter + 1: null

2018-12-13 13:20:36 - [TEST_STEP][PASSED] - Statement - PreSaveFile = new java.io.File(((pathPrefix + java.lang.Integer.toString(counter)) + .png)): null

2018-12-13 13:20:36 - [TEST_STEP][PASSED] - Statement - counter = counter + 1: null

2018-12-13 13:20:36 - [TEST_STEP][PASSED] - Statement - PreSaveFile = new java.io.File(((pathPrefix + java.lang.Integer.toString(counter)) + .png)): null

2018-12-13 13:20:36 - [TEST_STEP][PASSED] - Statement - counter = counter + 1: null

2018-12-13 13:20:36 - [TEST_STEP][PASSED] - Statement - PreSaveFile = new java.io.File(((pathPrefix + java.lang.Integer.toString(counter)) + .png)): null

2018-12-13 13:20:36 - [TEST_STEP][PASSED] - Statement - counter = counter + 1: null

2018-12-13 13:20:36 - [TEST_STEP][PASSED] - Statement - PreSaveFile = new java.io.File(((pathPrefix + java.lang.Integer.toString(counter)) + .png)): null

2018-12-13 13:20:36 - [TEST_STEP][PASSED] - Statement - counter = counter + 1: null

2018-12-13 13:20:36 - [TEST_STEP][PASSED] - Statement - PreSaveFile = new java.io.File(((pathPrefix + java.lang.Integer.toString(counter)) + .png)): null

2018-12-13 13:20:36 - [TEST_STEP][PASSED] - Statement - counter = counter + 1: null

2018-12-13 13:20:36 - [TEST_STEP][PASSED] - Statement - PreSaveFile = new java.io.File(((pathPrefix + java.lang.Integer.toString(counter)) + .png)): null

2018-12-13 13:20:36 - [TEST_STEP][PASSED] - Statement - counter = counter + 1: null

2018-12-13 13:20:36 - [TEST_STEP][PASSED] - Statement - PreSaveFile = new java.io.File(((pathPrefix + java.lang.Integer.toString(counter)) + .png)): null

2018-12-13 13:20:36 - [TEST_STEP][PASSED] - Statement - counter = counter + 1: null

2018-12-13 13:20:36 - [TEST_STEP][PASSED] - Statement - PreSaveFile = new java.io.File(((pathPrefix + java.lang.Integer.toString(counter)) + .png)): null

2018-12-13 13:20:36 - [TEST_STEP][PASSED] - Statement - counter = counter + 1: null

2018-12-13 13:20:36 - [TEST_STEP][PASSED] - Statement - PreSaveFile = new java.io.File(((pathPrefix + java.lang.Integer.toString(counter)) + .png)): null

2018-12-13 13:20:36 - [TEST_STEP][PASSED] - Statement - counter = counter + 1: null

2018-12-13 13:20:36 - [TEST_STEP][PASSED] - Statement - PreSaveFile = new java.io.File(((pathPrefix + java.lang.Integer.toString(counter)) + .png)): null

2018-12-13 13:20:36 - [TEST_STEP][PASSED] - Statement - counter = counter + 1: null

2018-12-13 13:20:36 - [TEST_STEP][PASSED] - Statement - PreSaveFile = new java.io.File(((pathPrefix + java.lang.Integer.toString(counter)) + .png)): null

2018-12-13 13:20:36 - [TEST_STEP][PASSED] - Statement - counter = counter + 1: null

2018-12-13 13:20:36 - [TEST_STEP][PASSED] - Statement - PreSaveFile = new java.io.File(((pathPrefix + java.lang.Integer.toString(counter)) + .png)): null

2018-12-13 13:20:36 - [TEST_STEP][PASSED] - Statement - counter = counter + 1: null

2018-12-13 13:20:36 - [TEST_STEP][PASSED] - Statement - PreSaveFile = new java.io.File(((pathPrefix + java.lang.Integer.toString(counter)) + .png)): null

2018-12-13 13:20:36 - [TEST_STEP][PASSED] - Statement - counter = counter + 1: null

2018-12-13 13:20:36 - [TEST_STEP][PASSED] - Statement - PreSaveFile = new java.io.File(((pathPrefix + java.lang.Integer.toString(counter)) + .png)): null

2018-12-13 13:20:36 - [TEST_STEP][PASSED] - Statement - counter = counter + 1: null

2018-12-13 13:20:36 - [TEST_STEP][PASSED] - Statement - PreSaveFile = new java.io.File(((pathPrefix + java.lang.Integer.toString(counter)) + .png)): null

2018-12-13 13:20:36 - [TEST_STEP][PASSED] - Statement - counter = counter + 1: null

2018-12-13 13:20:36 - [TEST_STEP][PASSED] - Statement - PreSaveFile = new java.io.File(((pathPrefix + java.lang.Integer.toString(counter)) + .png)): null

2018-12-13 13:20:36 - [TEST_STEP][PASSED] - Statement - counter = counter + 1: null

2018-12-13 13:20:36 - [TEST_STEP][PASSED] - Statement - PreSaveFile = new java.io.File(((pathPrefix + java.lang.Integer.toString(counter)) + .png)): null

2018-12-13 13:20:36 - [TEST_STEP][PASSED] - Statement - counter = counter + 1: null

2018-12-13 13:20:36 - [TEST_STEP][PASSED] - Statement - PreSaveFile = new java.io.File(((pathPrefix + java.lang.Integer.toString(counter)) + .png)): null

2018-12-13 13:20:36 - [TEST_STEP][PASSED] - Statement - counter = counter + 1: null

2018-12-13 13:20:36 - [TEST_STEP][PASSED] - Statement - PreSaveFile = new java.io.File(((pathPrefix + java.lang.Integer.toString(counter)) + .png)): null

2018-12-13 13:20:36 - [TEST_STEP][PASSED] - Statement - counter = counter + 1: null

2018-12-13 13:20:36 - [TEST_STEP][PASSED] - Statement - PreSaveFile = new java.io.File(((pathPrefix + java.lang.Integer.toString(counter)) + .png)): null

2018-12-13 13:20:36 - [TEST_STEP][PASSED] - Statement - counter = counter + 1: null

2018-12-13 13:20:36 - [TEST_STEP][PASSED] - Statement - PreSaveFile = new java.io.File(((pathPrefix + java.lang.Integer.toString(counter)) + .png)): null

2018-12-13 13:20:36 - [TEST_STEP][PASSED] - Statement - counter = counter + 1: null

2018-12-13 13:20:36 - [TEST_STEP][PASSED] - Statement - PreSaveFile = new java.io.File(((pathPrefix + java.lang.Integer.toString(counter)) + .png)): null

2018-12-13 13:20:36 - [TEST_STEP][PASSED] - Statement - counter = counter + 1: null

2018-12-13 13:20:36 - [TEST_STEP][PASSED] - Statement - PreSaveFile = new java.io.File(((pathPrefix + java.lang.Integer.toString(counter)) + .png)): null

2018-12-13 13:20:36 - [TEST_STEP][PASSED] - Statement - counter = counter + 1: null

2018-12-13 13:20:36 - [TEST_STEP][PASSED] - Statement - PreSaveFile = new java.io.File(((pathPrefix + java.lang.Integer.toString(counter)) + .png)): null

2018-12-13 13:20:36 - [TEST_STEP][PASSED] - Statement - counter = counter + 1: null

2018-12-13 13:20:36 - [TEST_STEP][PASSED] - Statement - PreSaveFile = new java.io.File(((pathPrefix + java.lang.Integer.toString(counter)) + .png)): null

2018-12-13 13:20:36 - [TEST_STEP][PASSED] - Statement - counter = counter + 1: null

2018-12-13 13:20:36 - [TEST_STEP][PASSED] - Statement - PreSaveFile = new java.io.File(((pathPrefix + java.lang.Integer.toString(counter)) + .png)): null

2018-12-13 13:20:36 - [TEST_STEP][PASSED] - Statement - counter = counter + 1: null

2018-12-13 13:20:36 - [TEST_STEP][PASSED] - Statement - PreSaveFile = new java.io.File(((pathPrefix + java.lang.Integer.toString(counter)) + .png)): null

2018-12-13 13:20:36 - [TEST_STEP][PASSED] - Statement - counter = counter + 1: null

2018-12-13 13:20:36 - [TEST_STEP][PASSED] - Statement - PreSaveFile = new java.io.File(((pathPrefix + java.lang.Integer.toString(counter)) + .png)): null

2018-12-13 13:20:36 - [TEST_STEP][PASSED] - Statement - counter = counter + 1: null

2018-12-13 13:20:36 - [TEST_STEP][PASSED] - Statement - PreSaveFile = new java.io.File(((pathPrefix + java.lang.Integer.toString(counter)) + .png)): null

2018-12-13 13:20:36 - [TEST_STEP][PASSED] - Statement - counter = counter + 1: null

2018-12-13 13:20:36 - [TEST_STEP][PASSED] - Statement - PreSaveFile = new java.io.File(((pathPrefix + java.lang.Integer.toString(counter)) + .png)): null

2018-12-13 13:20:36 - [TEST_STEP][PASSED] - Statement - counter = counter + 1: null

2018-12-13 13:20:36 - [TEST_STEP][PASSED] - Statement - PreSaveFile = new java.io.File(((pathPrefix + java.lang.Integer.toString(counter)) + .png)): null

2018-12-13 13:20:36 - [TEST_STEP][PASSED] - Statement - counter = counter + 1: null

2018-12-13 13:20:36 - [TEST_STEP][PASSED] - Statement - PreSaveFile = new java.io.File(((pathPrefix + java.lang.Integer.toString(counter)) + .png)): null

2018-12-13 13:20:36 - [TEST_STEP][PASSED] - Statement - counter = counter + 1: null

2018-12-13 13:20:36 - [TEST_STEP][PASSED] - Statement - PreSaveFile = new java.io.File(((pathPrefix + java.lang.Integer.toString(counter)) + .png)): null

2018-12-13 13:20:36 - [TEST_STEP][PASSED] - Statement - counter = counter + 1: null

2018-12-13 13:20:36 - [TEST_STEP][PASSED] - Statement - PreSaveFile = new java.io.File(((pathPrefix + java.lang.Integer.toString(counter)) + .png)): null

2018-12-13 13:20:36 - [TEST_STEP][PASSED] - Statement - counter = counter + 1: null

2018-12-13 13:20:36 - [TEST_STEP][PASSED] - Statement - PreSaveFile = new java.io.File(((pathPrefix + java.lang.Integer.toString(counter)) + .png)): null

2018-12-13 13:20:36 - [TEST_STEP][PASSED] - Statement - counter = counter + 1: null

2018-12-13 13:20:36 - [TEST_STEP][PASSED] - Statement - PreSaveFile = new java.io.File(((pathPrefix + java.lang.Integer.toString(counter)) + .png)): null

2018-12-13 13:20:36 - [TEST_STEP][PASSED] - Statement - counter = counter + 1: null

2018-12-13 13:20:36 - [TEST_STEP][PASSED] - Statement - PreSaveFile = new java.io.File(((pathPrefix + java.lang.Integer.toString(counter)) + .png)): null

2018-12-13 13:20:36 - [TEST_STEP][PASSED] - Statement - counter = counter + 1: null

2018-12-13 13:20:36 - [TEST_STEP][PASSED] - Statement - PreSaveFile = new java.io.File(((pathPrefix + java.lang.Integer.toString(counter)) + .png)): null

2018-12-13 13:20:36 - [TEST_STEP][PASSED] - Statement - counter = counter + 1: null

2018-12-13 13:20:36 - [TEST_STEP][PASSED] - Statement - PreSaveFile = new java.io.File(((pathPrefix + java.lang.Integer.toString(counter)) + .png)): null

2018-12-13 13:20:36 - [TEST_STEP][PASSED] - Statement - counter = counter + 1: null

2018-12-13 13:20:36 - [TEST_STEP][PASSED] - Statement - PreSaveFile = new java.io.File(((pathPrefix + java.lang.Integer.toString(counter)) + .png)): null

2018-12-13 13:20:36 - [TEST_STEP][PASSED] - Statement - counter = counter + 1: null

2018-12-13 13:20:36 - [TEST_STEP][PASSED] - Statement - PreSaveFile = new java.io.File(((pathPrefix + java.lang.Integer.toString(counter)) + .png)): null

2018-12-13 13:20:36 - [TEST_STEP][PASSED] - Statement - counter = counter + 1: null

2018-12-13 13:20:36 - [TEST_STEP][PASSED] - Statement - PreSaveFile = new java.io.File(((pathPrefix + java.lang.Integer.toString(counter)) + .png)): null

2018-12-13 13:20:36 - [TEST_STEP][PASSED] - Statement - counter = counter + 1: null

2018-12-13 13:20:36 - [TEST_STEP][PASSED] - Statement - PreSaveFile = new java.io.File(((pathPrefix + java.lang.Integer.toString(counter)) + .png)): null

2018-12-13 13:20:36 - [TEST_STEP][PASSED] - Statement - counter = counter + 1: null

2018-12-13 13:20:36 - [TEST_STEP][PASSED] - Statement - PreSaveFile = new java.io.File(((pathPrefix + java.lang.Integer.toString(counter)) + .png)): null

2018-12-13 13:20:36 - [TEST_STEP][PASSED] - Statement - counter = counter + 1: null

2018-12-13 13:20:36 - [TEST_STEP][PASSED] - Statement - PreSaveFile = new java.io.File(((pathPrefix + java.lang.Integer.toString(counter)) + .png)): null

2018-12-13 13:20:36 - [TEST_STEP][PASSED] - Statement - counter = counter + 1: null

2018-12-13 13:20:36 - [TEST_STEP][PASSED] - Statement - PreSaveFile = new java.io.File(((pathPrefix + java.lang.Integer.toString(counter)) + .png)): null

2018-12-13 13:20:36 - [TEST_STEP][PASSED] - Statement - counter = counter + 1: null

2018-12-13 13:20:36 - [TEST_STEP][PASSED] - Statement - PreSaveFile = new java.io.File(((pathPrefix + java.lang.Integer.toString(counter)) + .png)): null

2018-12-13 13:20:36 - [TEST_STEP][PASSED] - Statement - counter = counter + 1: null

2018-12-13 13:20:36 - [TEST_STEP][PASSED] - Statement - PreSaveFile = new java.io.File(((pathPrefix + java.lang.Integer.toString(counter)) + .png)): null

2018-12-13 13:20:36 - [TEST_STEP][PASSED] - Statement - counter = counter + 1: null

2018-12-13 13:20:36 - [TEST_STEP][PASSED] - Statement - PreSaveFile = new java.io.File(((pathPrefix + java.lang.Integer.toString(counter)) + .png)): null

2018-12-13 13:20:36 - [TEST_STEP][PASSED] - Statement - counter = counter + 1: null

2018-12-13 13:20:36 - [TEST_STEP][PASSED] - Statement - PreSaveFile = new java.io.File(((pathPrefix + java.lang.Integer.toString(counter)) + .png)): null

2018-12-13 13:20:36 - [TEST_STEP][PASSED] - Statement - counter = counter + 1: null

2018-12-13 13:20:36 - [TEST_STEP][PASSED] - Statement - PreSaveFile = new java.io.File(((pathPrefix + java.lang.Integer.toString(counter)) + .png)): null

2018-12-13 13:20:36 - [TEST_STEP][PASSED] - Statement - counter = counter + 1: null

2018-12-13 13:20:36 - [TEST_STEP][PASSED] - Statement - PreSaveFile = new java.io.File(((pathPrefix + java.lang.Integer.toString(counter)) + .png)): null

2018-12-13 13:20:36 - [TEST_STEP][PASSED] - Statement - counter = counter + 1: null

2018-12-13 13:20:36 - [TEST_STEP][PASSED] - Statement - PreSaveFile = new java.io.File(((pathPrefix + java.lang.Integer.toString(counter)) + .png)): null

2018-12-13 13:20:36 - [TEST_STEP][PASSED] - Statement - counter = counter + 1: null

2018-12-13 13:20:36 - [TEST_STEP][PASSED] - Statement - PreSaveFile = new java.io.File(((pathPrefix + java.lang.Integer.toString(counter)) + .png)): null

2018-12-13 13:20:36 - [TEST_STEP][PASSED] - Statement - counter = counter + 1: null

2018-12-13 13:20:36 - [TEST_STEP][PASSED] - Statement - PreSaveFile = new java.io.File(((pathPrefix + java.lang.Integer.toString(counter)) + .png)): null

2018-12-13 13:20:36 - [TEST_STEP][PASSED] - Statement - counter = counter + 1: null

2018-12-13 13:20:36 - [TEST_STEP][PASSED] - Statement - PreSaveFile = new java.io.File(((pathPrefix + java.lang.Integer.toString(counter)) + .png)): null

2018-12-13 13:20:36 - [TEST_STEP][PASSED] - Statement - counter = counter + 1: null

2018-12-13 13:20:36 - [TEST_STEP][PASSED] - Statement - PreSaveFile = new java.io.File(((pathPrefix + java.lang.Integer.toString(counter)) + .png)): null

2018-12-13 13:20:36 - [TEST_STEP][PASSED] - Statement - counter = counter + 1: null

2018-12-13 13:20:36 - [TEST_STEP][PASSED] - Statement - PreSaveFile = new java.io.File(((pathPrefix + java.lang.Integer.toString(counter)) + .png)): null

2018-12-13 13:20:36 - [TEST_STEP][PASSED] - Statement - counter = counter + 1: null

2018-12-13 13:20:36 - [TEST_STEP][PASSED] - Statement - PreSaveFile = new java.io.File(((pathPrefix + java.lang.Integer.toString(counter)) + .png)): null

2018-12-13 13:20:36 - [TEST_STEP][PASSED] - Statement - counter = counter + 1: null

2018-12-13 13:20:36 - [TEST_STEP][PASSED] - Statement - PreSaveFile = new java.io.File(((pathPrefix + java.lang.Integer.toString(counter)) + .png)): null

2018-12-13 13:20:36 - [TEST_STEP][PASSED] - Statement - counter = counter + 1: null

2018-12-13 13:20:36 - [TEST_STEP][PASSED] - Statement - PreSaveFile = new java.io.File(((pathPrefix + java.lang.Integer.toString(counter)) + .png)): null

2018-12-13 13:20:36 - [TEST_STEP][PASSED] - Statement - counter = counter + 1: null

2018-12-13 13:20:36 - [TEST_STEP][PASSED] - Statement - PreSaveFile = new java.io.File(((pathPrefix + java.lang.Integer.toString(counter)) + .png)): null

2018-12-13 13:20:36 - [TEST_STEP][PASSED] - Statement - counter = counter + 1: null

2018-12-13 13:20:36 - [TEST_STEP][PASSED] - Statement - PreSaveFile = new java.io.File(((pathPrefix + java.lang.Integer.toString(counter)) + .png)): null

2018-12-13 13:20:36 - [TEST_STEP][PASSED] - Statement - counter = counter + 1: null

2018-12-13 13:20:36 - [TEST_STEP][PASSED] - Statement - PreSaveFile = new java.io.File(((pathPrefix + java.lang.Integer.toString(counter)) + .png)): null

2018-12-13 13:20:36 - [TEST_STEP][PASSED] - Statement - counter = counter + 1: null

2018-12-13 13:20:36 - [TEST_STEP][PASSED] - Statement - PreSaveFile = new java.io.File(((pathPrefix + java.lang.Integer.toString(counter)) + .png)): null

2018-12-13 13:20:36 - [TEST_STEP][PASSED] - Statement - counter = counter + 1: null

2018-12-13 13:20:36 - [TEST_STEP][PASSED] - Statement - PreSaveFile = new java.io.File(((pathPrefix + java.lang.Integer.toString(counter)) + .png)): null

2018-12-13 13:20:36 - [TEST_STEP][PASSED] - Statement - counter = counter + 1: null

2018-12-13 13:20:36 - [TEST_STEP][PASSED] - Statement - PreSaveFile = new java.io.File(((pathPrefix + java.lang.Integer.toString(counter)) + .png)): null

2018-12-13 13:20:36 - [TEST_STEP][PASSED] - Statement - counter = counter + 1: null

2018-12-13 13:20:36 - [TEST_STEP][PASSED] - Statement - PreSaveFile = new java.io.File(((pathPrefix + java.lang.Integer.toString(counter)) + .png)): null

2018-12-13 13:20:36 - [TEST_STEP][PASSED] - Statement - counter = counter + 1: null

2018-12-13 13:20:37 - [TEST_STEP][PASSED] - Statement - PreSaveFile = new java.io.File(((pathPrefix + java.lang.Integer.toString(counter)) + .png)): null

2018-12-13 13:20:37 - [TEST_STEP][PASSED] - Statement - counter = counter + 1: null

2018-12-13 13:20:37 - [TEST_STEP][PASSED] - Statement - PreSaveFile = new java.io.File(((pathPrefix + java.lang.Integer.toString(counter)) + .png)): null

2018-12-13 13:20:37 - [TEST_STEP][PASSED] - Statement - counter = counter + 1: null

2018-12-13 13:20:37 - [TEST_STEP][PASSED] - Statement - PreSaveFile = new java.io.File(((pathPrefix + java.lang.Integer.toString(counter)) + .png)): null

2018-12-13 13:20:37 - [TEST_STEP][PASSED] - Statement - counter = counter + 1: null

2018-12-13 13:20:37 - [TEST_STEP][PASSED] - Statement - PreSaveFile = new java.io.File(((pathPrefix + java.lang.Integer.toString(counter)) + .png)): null

2018-12-13 13:20:37 - [TEST_STEP][PASSED] - Statement - counter = counter + 1: null

2018-12-13 13:20:37 - [TEST_STEP][PASSED] - Statement - PreSaveFile = new java.io.File(((pathPrefix + java.lang.Integer.toString(counter)) + .png)): null

2018-12-13 13:20:37 - [TEST_STEP][PASSED] - Statement - counter = counter + 1: null

2018-12-13 13:20:37 - [TEST_STEP][PASSED] - Statement - PreSaveFile = new java.io.File(((pathPrefix + java.lang.Integer.toString(counter)) + .png)): null

2018-12-13 13:20:37 - [TEST_STEP][PASSED] - Statement - counter = counter + 1: null

2018-12-13 13:20:37 - [TEST_STEP][PASSED] - Statement - PreSaveFile = new java.io.File(((pathPrefix + java.lang.Integer.toString(counter)) + .png)): null

2018-12-13 13:20:37 - [TEST_STEP][PASSED] - Statement - counter = counter + 1: null

2018-12-13 13:20:37 - [TEST_STEP][PASSED] - Statement - PreSaveFile = new java.io.File(((pathPrefix + java.lang.Integer.toString(counter)) + .png)): null

2018-12-13 13:20:37 - [TEST_STEP][PASSED] - Statement - counter = counter + 1: null

2018-12-13 13:20:37 - [TEST_STEP][PASSED] - Statement - PreSaveFile = new java.io.File(((pathPrefix + java.lang.Integer.toString(counter)) + .png)): null

2018-12-13 13:20:37 - [TEST_STEP][PASSED] - Statement - counter = counter + 1: null

2018-12-13 13:20:37 - [TEST_STEP][PASSED] - Statement - PreSaveFile = new java.io.File(((pathPrefix + java.lang.Integer.toString(counter)) + .png)): null

2018-12-13 13:20:37 - [TEST_STEP][PASSED] - Statement - counter = counter + 1: null

2018-12-13 13:20:37 - [TEST_STEP][PASSED] - Statement - PreSaveFile = new java.io.File(((pathPrefix + java.lang.Integer.toString(counter)) + .png)): null

2018-12-13 13:20:37 - [TEST_STEP][PASSED] - Statement - counter = counter + 1: null

2018-12-13 13:20:37 - [TEST_STEP][PASSED] - Statement - PreSaveFile = new java.io.File(((pathPrefix + java.lang.Integer.toString(counter)) + .png)): null

2018-12-13 13:20:37 - [TEST_STEP][PASSED] - Statement - counter = counter + 1: null

2018-12-13 13:20:37 - [TEST_STEP][PASSED] - Statement - PreSaveFile = new java.io.File(((pathPrefix + java.lang.Integer.toString(counter)) + .png)): null

2018-12-13 13:20:37 - [TEST_STEP][PASSED] - Statement - counter = counter + 1: null

2018-12-13 13:20:37 - [TEST_STEP][PASSED] - Statement - PreSaveFile = new java.io.File(((pathPrefix + java.lang.Integer.toString(counter)) + .png)): null

2018-12-13 13:20:37 - [TEST_STEP][PASSED] - Statement - counter = counter + 1: null

2018-12-13 13:20:37 - [TEST_STEP][PASSED] - Statement - PreSaveFile = new java.io.File(((pathPrefix + java.lang.Integer.toString(counter)) + .png)): null

2018-12-13 13:20:37 - [TEST_STEP][PASSED] - Statement - counter = counter + 1: null

2018-12-13 13:20:37 - [TEST_STEP][PASSED] - Statement - PreSaveFile = new java.io.File(((pathPrefix + java.lang.Integer.toString(counter)) + .png)): null

2018-12-13 13:20:37 - [TEST_STEP][PASSED] - Statement - counter = counter + 1: null

2018-12-13 13:20:37 - [TEST_STEP][PASSED] - Statement - PreSaveFile = new java.io.File(((pathPrefix + java.lang.Integer.toString(counter)) + .png)): null

2018-12-13 13:20:37 - [TEST_STEP][PASSED] - Statement - counter = counter + 1: null

2018-12-13 13:20:37 - [TEST_STEP][PASSED] - Statement - PreSaveFile = new java.io.File(((pathPrefix + java.lang.Integer.toString(counter)) + .png)): null

2018-12-13 13:20:37 - [TEST_STEP][PASSED] - Statement - counter = counter + 1: null

2018-12-13 13:20:37 - [TEST_STEP][PASSED] - Statement - PreSaveFile = new java.io.File(((pathPrefix + java.lang.Integer.toString(counter)) + .png)): null

2018-12-13 13:20:37 - [TEST_STEP][PASSED] - Statement - counter = counter + 1: null

2018-12-13 13:20:37 - [TEST_STEP][PASSED] - Statement - PreSaveFile = new java.io.File(((pathPrefix + java.lang.Integer.toString(counter)) + .png)): null

2018-12-13 13:20:37 - [TEST_STEP][PASSED] - Statement - counter = counter + 1: null

2018-12-13 13:20:37 - [TEST_STEP][PASSED] - Statement - PreSaveFile = new java.io.File(((pathPrefix + java.lang.Integer.toString(counter)) + .png)): null

2018-12-13 13:20:37 - [TEST_STEP][PASSED] - Statement - counter = counter + 1: null

2018-12-13 13:20:37 - [TEST_STEP][PASSED] - Statement - PreSaveFile = new java.io.File(((pathPrefix + java.lang.Integer.toString(counter)) + .png)): null

2018-12-13 13:20:37 - [TEST_STEP][PASSED] - Statement - counter = counter + 1: null

2018-12-13 13:20:37 - [TEST_STEP][PASSED] - Statement - PreSaveFile = new java.io.File(((pathPrefix + java.lang.Integer.toString(counter)) + .png)): null

2018-12-13 13:20:37 - [TEST_STEP][PASSED] - Statement - counter = counter + 1: null

2018-12-13 13:20:37 - [TEST_STEP][PASSED] - Statement - PreSaveFile = new java.io.File(((pathPrefix + java.lang.Integer.toString(counter)) + .png)): null

2018-12-13 13:20:37 - [TEST_STEP][PASSED] - Statement - counter = counter + 1: null

2018-12-13 13:20:37 - [TEST_STEP][PASSED] - Statement - PreSaveFile = new java.io.File(((pathPrefix + java.lang.Integer.toString(counter)) + .png)): null

2018-12-13 13:20:37 - [TEST_STEP][PASSED] - Statement - counter = counter + 1: null

2018-12-13 13:20:37 - [TEST_STEP][PASSED] - Statement - PreSaveFile = new java.io.File(((pathPrefix + java.lang.Integer.toString(counter)) + .png)): null

2018-12-13 13:20:37 - [TEST_STEP][PASSED] - Statement - counter = counter + 1: null

2018-12-13 13:20:37 - [TEST_STEP][PASSED] - Statement - PreSaveFile = new java.io.File(((pathPrefix + java.lang.Integer.toString(counter)) + .png)): null

2018-12-13 13:20:37 - [TEST_STEP][PASSED] - Statement - counter = counter + 1: null

2018-12-13 13:20:37 - [TEST_STEP][PASSED] - Statement - PreSaveFile = new java.io.File(((pathPrefix + java.lang.Integer.toString(counter)) + .png)): null

2018-12-13 13:20:37 - [TEST_STEP][PASSED] - Statement - counter = counter + 1: null

2018-12-13 13:20:37 - [TEST_STEP][PASSED] - Statement - PreSaveFile = new java.io.File(((pathPrefix + java.lang.Integer.toString(counter)) + .png)): null

2018-12-13 13:20:37 - [TEST_STEP][PASSED] - Statement - counter = counter + 1: null

2018-12-13 13:20:37 - [TEST_STEP][PASSED] - Statement - PreSaveFile = new java.io.File(((pathPrefix + java.lang.Integer.toString(counter)) + .png)): null

2018-12-13 13:20:37 - [TEST_STEP][PASSED] - Statement - counter = counter + 1: null

2018-12-13 13:20:37 - [TEST_STEP][PASSED] - Statement - PreSaveFile = new java.io.File(((pathPrefix + java.lang.Integer.toString(counter)) + .png)): null

2018-12-13 13:20:37 - [TEST_STEP][PASSED] - Statement - counter = counter + 1: null

2018-12-13 13:20:37 - [TEST_STEP][PASSED] - Statement - PreSaveFile = new java.io.File(((pathPrefix + java.lang.Integer.toString(counter)) + .png)): null

2018-12-13 13:20:37 - [TEST_STEP][PASSED] - Statement - counter = counter + 1: null

2018-12-13 13:20:37 - [TEST_STEP][PASSED] - Statement - PreSaveFile = new java.io.File(((pathPrefix + java.lang.Integer.toString(counter)) + .png)): null

2018-12-13 13:20:37 - [TEST_STEP][PASSED] - Statement - counter = counter + 1: null

2018-12-13 13:20:37 - [TEST_STEP][PASSED] - Statement - PreSaveFile = new java.io.File(((pathPrefix + java.lang.Integer.toString(counter)) + .png)): null

2018-12-13 13:20:37 - [TEST_STEP][PASSED] - Statement - counter = counter + 1: null

2018-12-13 13:20:37 - [TEST_STEP][PASSED] - Statement - PreSaveFile = new java.io.File(((pathPrefix + java.lang.Integer.toString(counter)) + .png)): null

2018-12-13 13:20:37 - [TEST_STEP][PASSED] - Statement - counter = counter + 1: null

2018-12-13 13:20:37 - [TEST_STEP][PASSED] - Statement - PreSaveFile = new java.io.File(((pathPrefix + java.lang.Integer.toString(counter)) + .png)): null

2018-12-13 13:20:37 - [TEST_STEP][PASSED] - Statement - counter = counter + 1: null

2018-12-13 13:20:37 - [TEST_STEP][PASSED] - Statement - PreSaveFile = new java.io.File(((pathPrefix + java.lang.Integer.toString(counter)) + .png)): null

2018-12-13 13:20:37 - [TEST_STEP][PASSED] - Statement - counter = counter + 1: null

2018-12-13 13:20:37 - [TEST_STEP][PASSED] - Statement - PreSaveFile = new java.io.File(((pathPrefix + java.lang.Integer.toString(counter)) + .png)): null

2018-12-13 13:20:37 - [TEST_STEP][PASSED] - Statement - counter = counter + 1: null

2018-12-13 13:20:37 - [TEST_STEP][PASSED] - Statement - PreSaveFile = new java.io.File(((pathPrefix + java.lang.Integer.toString(counter)) + .png)): null

2018-12-13 13:20:37 - [TEST_STEP][PASSED] - Statement - counter = counter + 1: null

2018-12-13 13:20:37 - [TEST_STEP][PASSED] - Statement - PreSaveFile = new java.io.File(((pathPrefix + java.lang.Integer.toString(counter)) + .png)): null

2018-12-13 13:20:37 - [TEST_STEP][PASSED] - Statement - counter = counter + 1: null

2018-12-13 13:20:37 - [TEST_STEP][PASSED] - Statement - PreSaveFile = new java.io.File(((pathPrefix + java.lang.Integer.toString(counter)) + .png)): null

2018-12-13 13:20:37 - [TEST_STEP][PASSED] - Statement - counter = counter + 1: null

2018-12-13 13:20:37 - [TEST_STEP][PASSED] - Statement - PreSaveFile = new java.io.File(((pathPrefix + java.lang.Integer.toString(counter)) + .png)): null

2018-12-13 13:20:37 - [TEST_STEP][PASSED] - Statement - counter = counter + 1: null

2018-12-13 13:20:37 - [TEST_STEP][PASSED] - Statement - PreSaveFile = new java.io.File(((pathPrefix + java.lang.Integer.toString(counter)) + .png)): null

2018-12-13 13:20:37 - [TEST_STEP][PASSED] - Statement - counter = counter + 1: null

2018-12-13 13:20:37 - [TEST_STEP][PASSED] - Statement - PreSaveFile = new java.io.File(((pathPrefix + java.lang.Integer.toString(counter)) + .png)): null

2018-12-13 13:20:37 - [TEST_STEP][PASSED] - Statement - counter = counter + 1: null

2018-12-13 13:20:37 - [TEST_STEP][PASSED] - Statement - PreSaveFile = new java.io.File(((pathPrefix + java.lang.Integer.toString(counter)) + .png)): null

2018-12-13 13:20:37 - [TEST_STEP][PASSED] - Statement - counter = counter + 1: null

2018-12-13 13:20:37 - [TEST_STEP][PASSED] - Statement - PreSaveFile = new java.io.File(((pathPrefix + java.lang.Integer.toString(counter)) + .png)): null

2018-12-13 13:20:37 - [TEST_STEP][PASSED] - Statement - counter = counter + 1: null

2018-12-13 13:20:37 - [TEST_STEP][PASSED] - Statement - PreSaveFile = new java.io.File(((pathPrefix + java.lang.Integer.toString(counter)) + .png)): null

2018-12-13 13:20:37 - [TEST_STEP][PASSED] - Statement - counter = counter + 1: null

2018-12-13 13:20:37 - [TEST_STEP][PASSED] - Statement - PreSaveFile = new java.io.File(((pathPrefix + java.lang.Integer.toString(counter)) + .png)): null

2018-12-13 13:20:37 - [TEST_STEP][PASSED] - Statement - counter = counter + 1: null

2018-12-13 13:20:37 - [TEST_STEP][PASSED] - Statement - PreSaveFile = new java.io.File(((pathPrefix + java.lang.Integer.toString(counter)) + .png)): null

2018-12-13 13:20:37 - [TEST_STEP][PASSED] - Statement - counter = counter + 1: null

2018-12-13 13:20:37 - [TEST_STEP][PASSED] - Statement - PreSaveFile = new java.io.File(((pathPrefix + java.lang.Integer.toString(counter)) + .png)): null

2018-12-13 13:20:37 - [TEST_STEP][PASSED] - Statement - counter = counter + 1: null

2018-12-13 13:20:37 - [TEST_STEP][PASSED] - Statement - PreSaveFile = new java.io.File(((pathPrefix + java.lang.Integer.toString(counter)) + .png)): null

2018-12-13 13:20:37 - [TEST_STEP][PASSED] - Statement - counter = counter + 1: null

2018-12-13 13:20:37 - [TEST_STEP][PASSED] - Statement - PreSaveFile = new java.io.File(((pathPrefix + java.lang.Integer.toString(counter)) + .png)): null

2018-12-13 13:20:37 - [TEST_STEP][PASSED] - Statement - counter = counter + 1: null

2018-12-13 13:20:37 - [TEST_STEP][PASSED] - Statement - PreSaveFile = new java.io.File(((pathPrefix + java.lang.Integer.toString(counter)) + .png)): null

2018-12-13 13:20:37 - [TEST_STEP][PASSED] - Statement - counter = counter + 1: null

2018-12-13 13:20:37 - [TEST_STEP][PASSED] - Statement - PreSaveFile = new java.io.File(((pathPrefix + java.lang.Integer.toString(counter)) + .png)): null

2018-12-13 13:20:37 - [TEST_STEP][PASSED] - Statement - counter = counter + 1: null

2018-12-13 13:20:37 - [TEST_STEP][PASSED] - Statement - PreSaveFile = new java.io.File(((pathPrefix + java.lang.Integer.toString(counter)) + .png)): null

2018-12-13 13:20:37 - [TEST_STEP][PASSED] - Statement - counter = counter + 1: null

2018-12-13 13:20:37 - [TEST_STEP][PASSED] - Statement - PreSaveFile = new java.io.File(((pathPrefix + java.lang.Integer.toString(counter)) + .png)): null

2018-12-13 13:20:37 - [TEST_STEP][PASSED] - Statement - counter = counter + 1: null

2018-12-13 13:20:37 - [TEST_STEP][PASSED] - Statement - PreSaveFile = new java.io.File(((pathPrefix + java.lang.Integer.toString(counter)) + .png)): null

2018-12-13 13:20:37 - [TEST_STEP][PASSED] - Statement - counter = counter + 1: null

2018-12-13 13:20:37 - [TEST_STEP][PASSED] - Statement - PreSaveFile = new java.io.File(((pathPrefix + java.lang.Integer.toString(counter)) + .png)): null

2018-12-13 13:20:37 - [TEST_STEP][PASSED] - Statement - counter = counter + 1: null

2018-12-13 13:20:37 - [TEST_STEP][PASSED] - Statement - PreSaveFile = new java.io.File(((pathPrefix + java.lang.Integer.toString(counter)) + .png)): null

2018-12-13 13:20:37 - [TEST_STEP][PASSED] - Statement - counter = counter + 1: null

2018-12-13 13:20:37 - [TEST_STEP][PASSED] - Statement - PreSaveFile = new java.io.File(((pathPrefix + java.lang.Integer.toString(counter)) + .png)): null

2018-12-13 13:20:37 - [TEST_STEP][PASSED] - Statement - counter = counter + 1: null

2018-12-13 13:20:37 - [TEST_STEP][PASSED] - Statement - PreSaveFile = new java.io.File(((pathPrefix + java.lang.Integer.toString(counter)) + .png)): null

2018-12-13 13:20:37 - [TEST_STEP][PASSED] - Statement - counter = counter + 1: null

2018-12-13 13:20:37 - [TEST_STEP][PASSED] - Statement - PreSaveFile = new java.io.File(((pathPrefix + java.lang.Integer.toString(counter)) + .png)): null

2018-12-13 13:20:37 - [TEST_STEP][PASSED] - Statement - counter = counter + 1: null

2018-12-13 13:20:37 - [TEST_STEP][PASSED] - Statement - PreSaveFile = new java.io.File(((pathPrefix + java.lang.Integer.toString(counter)) + .png)): null

2018-12-13 13:20:37 - [TEST_STEP][PASSED] - Statement - counter = counter + 1: null

2018-12-13 13:20:37 - [TEST_STEP][PASSED] - Statement - PreSaveFile = new java.io.File(((pathPrefix + java.lang.Integer.toString(counter)) + .png)): null

2018-12-13 13:20:37 - [TEST_STEP][PASSED] - Statement - counter = counter + 1: null

2018-12-13 13:20:37 - [TEST_STEP][PASSED] - Statement - PreSaveFile = new java.io.File(((pathPrefix + java.lang.Integer.toString(counter)) + .png)): null

2018-12-13 13:20:37 - [TEST_STEP][PASSED] - Statement - counter = counter + 1: null

2018-12-13 13:20:37 - [TEST_STEP][PASSED] - Statement - PreSaveFile = new java.io.File(((pathPrefix + java.lang.Integer.toString(counter)) + .png)): null

2018-12-13 13:20:37 - [TEST_STEP][PASSED] - Statement - counter = counter + 1: null

2018-12-13 13:20:37 - [TEST_STEP][PASSED] - Statement - PreSaveFile = new java.io.File(((pathPrefix + java.lang.Integer.toString(counter)) + .png)): null

2018-12-13 13:20:37 - [TEST_STEP][PASSED] - Statement - counter = counter + 1: null

2018-12-13 13:20:37 - [TEST_STEP][PASSED] - Statement - PreSaveFile = new java.io.File(((pathPrefix + java.lang.Integer.toString(counter)) + .png)): null

2018-12-13 13:20:37 - [TEST_STEP][PASSED] - Statement - counter = counter + 1: null

2018-12-13 13:20:37 - [TEST_STEP][PASSED] - Statement - PreSaveFile = new java.io.File(((pathPrefix + java.lang.Integer.toString(counter)) + .png)): null

2018-12-13 13:20:37 - [TEST_STEP][PASSED] - Statement - counter = counter + 1: null

2018-12-13 13:20:37 - [TEST_STEP][PASSED] - Statement - PreSaveFile = new java.io.File(((pathPrefix + java.lang.Integer.toString(counter)) + .png)): null

2018-12-13 13:20:37 - [TEST_STEP][PASSED] - Statement - counter = counter + 1: null

2018-12-13 13:20:37 - [TEST_STEP][PASSED] - Statement - PreSaveFile = new java.io.File(((pathPrefix + java.lang.Integer.toString(counter)) + .png)): null

2018-12-13 13:20:37 - [TEST_STEP][PASSED] - Statement - counter = counter + 1: null

2018-12-13 13:20:37 - [TEST_STEP][PASSED] - Statement - PreSaveFile = new java.io.File(((pathPrefix + java.lang.Integer.toString(counter)) + .png)): null

2018-12-13 13:20:37 - [TEST_STEP][PASSED] - Statement - counter = counter + 1: null

2018-12-13 13:20:37 - [TEST_STEP][PASSED] - Statement - PreSaveFile = new java.io.File(((pathPrefix + java.lang.Integer.toString(counter)) + .png)): null

2018-12-13 13:20:37 - [TEST_STEP][PASSED] - Statement - counter = counter + 1: null

2018-12-13 13:20:37 - [TEST_STEP][PASSED] - Statement - PreSaveFile = new java.io.File(((pathPrefix + java.lang.Integer.toString(counter)) + .png)): null

2018-12-13 13:20:37 - [TEST_STEP][PASSED] - Statement - counter = counter + 1: null

2018-12-13 13:20:37 - [TEST_STEP][PASSED] - Statement - PreSaveFile = new java.io.File(((pathPrefix + java.lang.Integer.toString(counter)) + .png)): null

2018-12-13 13:20:37 - [TEST_STEP][PASSED] - Statement - counter = counter + 1: null

2018-12-13 13:20:37 - [TEST_STEP][PASSED] - Statement - PreSaveFile = new java.io.File(((pathPrefix + java.lang.Integer.toString(counter)) + .png)): null

2018-12-13 13:20:37 - [TEST_STEP][PASSED] - Statement - counter = counter + 1: null

2018-12-13 13:20:37 - [TEST_STEP][PASSED] - Statement - PreSaveFile = new java.io.File(((pathPrefix + java.lang.Integer.toString(counter)) + .png)): null

2018-12-13 13:20:37 - [TEST_STEP][PASSED] - Statement - counter = counter + 1: null

2018-12-13 13:20:37 - [TEST_STEP][PASSED] - Statement - PreSaveFile = new java.io.File(((pathPrefix + java.lang.Integer.toString(counter)) + .png)): null

2018-12-13 13:20:37 - [TEST_STEP][PASSED] - Statement - counter = counter + 1: null

2018-12-13 13:20:37 - [TEST_STEP][PASSED] - Statement - PreSaveFile = new java.io.File(((pathPrefix + java.lang.Integer.toString(counter)) + .png)): null

2018-12-13 13:20:37 - [TEST_STEP][PASSED] - Statement - counter = counter + 1: null

2018-12-13 13:20:37 - [TEST_STEP][PASSED] - Statement - PreSaveFile = new java.io.File(((pathPrefix + java.lang.Integer.toString(counter)) + .png)): null

2018-12-13 13:20:37 - [TEST_STEP][PASSED] - Statement - counter = counter + 1: null

2018-12-13 13:20:37 - [TEST_STEP][PASSED] - Statement - PreSaveFile = new java.io.File(((pathPrefix + java.lang.Integer.toString(counter)) + .png)): null

2018-12-13 13:20:37 - [TEST_STEP][PASSED] - Statement - counter = counter + 1: null

2018-12-13 13:20:37 - [TEST_STEP][PASSED] - Statement - PreSaveFile = new java.io.File(((pathPrefix + java.lang.Integer.toString(counter)) + .png)): null

2018-12-13 13:20:37 - [TEST_STEP][PASSED] - Statement - counter = counter + 1: null

2018-12-13 13:20:37 - [TEST_STEP][PASSED] - Statement - PreSaveFile = new java.io.File(((pathPrefix + java.lang.Integer.toString(counter)) + .png)): null

2018-12-13 13:20:37 - [TEST_STEP][PASSED] - Statement - counter = counter + 1: null

2018-12-13 13:20:37 - [TEST_STEP][PASSED] - Statement - PreSaveFile = new java.io.File(((pathPrefix + java.lang.Integer.toString(counter)) + .png)): null

2018-12-13 13:20:37 - [TEST_STEP][PASSED] - Statement - counter = counter + 1: null

2018-12-13 13:20:37 - [TEST_STEP][PASSED] - Statement - PreSaveFile = new java.io.File(((pathPrefix + java.lang.Integer.toString(counter)) + .png)): null

2018-12-13 13:20:37 - [TEST_STEP][PASSED] - Statement - counter = counter + 1: null

2018-12-13 13:20:37 - [TEST_STEP][PASSED] - Statement - PreSaveFile = new java.io.File(((pathPrefix + java.lang.Integer.toString(counter)) + .png)): null

2018-12-13 13:20:37 - [TEST_STEP][PASSED] - Statement - counter = counter + 1: null

2018-12-13 13:20:37 - [TEST_STEP][PASSED] - Statement - PreSaveFile = new java.io.File(((pathPrefix + java.lang.Integer.toString(counter)) + .png)): null

2018-12-13 13:20:37 - [TEST_STEP][PASSED] - Statement - counter = counter + 1: null

2018-12-13 13:20:37 - [TEST_STEP][PASSED] - Statement - PreSaveFile = new java.io.File(((pathPrefix + java.lang.Integer.toString(counter)) + .png)): null

2018-12-13 13:20:37 - [TEST_STEP][PASSED] - Statement - counter = counter + 1: null

2018-12-13 13:20:37 - [TEST_STEP][PASSED] - Statement - PreSaveFile = new java.io.File(((pathPrefix + java.lang.Integer.toString(counter)) + .png)): null

2018-12-13 13:20:37 - [TEST_STEP][PASSED] - Statement - counter = counter + 1: null

2018-12-13 13:20:37 - [TEST_STEP][PASSED] - Statement - PreSaveFile = new java.io.File(((pathPrefix + java.lang.Integer.toString(counter)) + .png)): null

2018-12-13 13:20:37 - [TEST_STEP][PASSED] - Statement - counter = counter + 1: null

2018-12-13 13:20:37 - [TEST_STEP][PASSED] - Statement - PreSaveFile = new java.io.File(((pathPrefix + java.lang.Integer.toString(counter)) + .png)): null

2018-12-13 13:20:37 - [TEST_STEP][PASSED] - Statement - counter = counter + 1: null

2018-12-13 13:20:37 - [TEST_STEP][PASSED] - Statement - PreSaveFile = new java.io.File(((pathPrefix + java.lang.Integer.toString(counter)) + .png)): null

2018-12-13 13:20:37 - [TEST_STEP][PASSED] - Statement - counter = counter + 1: null

2018-12-13 13:20:37 - [TEST_STEP][PASSED] - Statement - PreSaveFile = new java.io.File(((pathPrefix + java.lang.Integer.toString(counter)) + .png)): null

2018-12-13 13:20:37 - [TEST_STEP][PASSED] - Statement - counter = counter + 1: null

2018-12-13 13:20:37 - [TEST_STEP][PASSED] - Statement - PreSaveFile = new java.io.File(((pathPrefix + java.lang.Integer.toString(counter)) + .png)): null

2018-12-13 13:20:37 - [TEST_STEP][PASSED] - Statement - counter = counter + 1: null

2018-12-13 13:20:37 - [TEST_STEP][PASSED] - Statement - PreSaveFile = new java.io.File(((pathPrefix + java.lang.Integer.toString(counter)) + .png)): null

2018-12-13 13:20:37 - [TEST_STEP][PASSED] - Statement - counter = counter + 1: null

2018-12-13 13:20:37 - [TEST_STEP][PASSED] - Statement - PreSaveFile = new java.io.File(((pathPrefix + java.lang.Integer.toString(counter)) + .png)): null

2018-12-13 13:20:37 - [TEST_STEP][PASSED] - Statement - counter = counter + 1: null

2018-12-13 13:20:37 - [TEST_STEP][PASSED] - Statement - PreSaveFile = new java.io.File(((pathPrefix + java.lang.Integer.toString(counter)) + .png)): null

2018-12-13 13:20:37 - [TEST_STEP][PASSED] - Statement - counter = counter + 1: null

2018-12-13 13:20:37 - [TEST_STEP][PASSED] - Statement - PreSaveFile = new java.io.File(((pathPrefix + java.lang.Integer.toString(counter)) + .png)): null

2018-12-13 13:20:37 - [TEST_STEP][PASSED] - Statement - counter = counter + 1: null

2018-12-13 13:20:37 - [TEST_STEP][PASSED] - Statement - PreSaveFile = new java.io.File(((pathPrefix + java.lang.Integer.toString(counter)) + .png)): null

2018-12-13 13:20:37 - [TEST_STEP][PASSED] - Statement - counter = counter + 1: null

2018-12-13 13:20:37 - [TEST_STEP][PASSED] - Statement - PreSaveFile = new java.io.File(((pathPrefix + java.lang.Integer.toString(counter)) + .png)): null

2018-12-13 13:20:37 - [TEST_STEP][PASSED] - Statement - counter = counter + 1: null

2018-12-13 13:20:37 - [TEST_STEP][PASSED] - Statement - PreSaveFile = new java.io.File(((pathPrefix + java.lang.Integer.toString(counter)) + .png)): null

2018-12-13 13:20:37 - [TEST_STEP][PASSED] - Statement - counter = counter + 1: null

2018-12-13 13:20:37 - [TEST_STEP][PASSED] - Statement - PreSaveFile = new java.io.File(((pathPrefix + java.lang.Integer.toString(counter)) + .png)): null

2018-12-13 13:20:37 - [TEST_STEP][PASSED] - Statement - counter = counter + 1: null

2018-12-13 13:20:37 - [TEST_STEP][PASSED] - Statement - PreSaveFile = new java.io.File(((pathPrefix + java.lang.Integer.toString(counter)) + .png)): null

2018-12-13 13:20:37 - [TEST_STEP][PASSED] - Statement - counter = counter + 1: null

2018-12-13 13:20:37 - [TEST_STEP][PASSED] - Statement - PreSaveFile = new java.io.File(((pathPrefix + java.lang.Integer.toString(counter)) + .png)): null

2018-12-13 13:20:37 - [TEST_STEP][PASSED] - Statement - counter = counter + 1: null

2018-12-13 13:20:37 - [TEST_STEP][PASSED] - Statement - PreSaveFile = new java.io.File(((pathPrefix + java.lang.Integer.toString(counter)) + .png)): null

2018-12-13 13:20:37 - [TEST_STEP][PASSED] - Statement - counter = counter + 1: null

2018-12-13 13:20:37 - [TEST_STEP][PASSED] - Statement - PreSaveFile = new java.io.File(((pathPrefix + java.lang.Integer.toString(counter)) + .png)): null

2018-12-13 13:20:37 - [TEST_STEP][PASSED] - Statement - finalPath = pathPrefix + java.lang.Integer.toString(counter) + ".png": null

2018-12-13 13:20:37 - [TEST_STEP][PASSED] - Statement - SaveFile = new java.io.File(finalPath): null

2018-12-13 13:20:37 - [TEST_STEP][PASSED] - Statement - Try: null

2018-12-13 13:20:37 - [TEST_STEP][PASSED] - Statement - org.apache.commons.io.FileUtils.copyFile(scrFile, SaveFile): null

2018-12-13 13:20:37 - [TEST_STEP][PASSED] - Statement - out.println("file kept"): null

2018-12-13 13:20:37 - [TEST_STEP][PASSED] - delay: Delayed 10 second(s)

2018-12-13 13:20:47 - [MESSAGE][PASSED] - Delayed 10 second(s)

2018-12-13 13:20:47 - [MESSAGE][PASSED] - Call Test Case 'Test Cases/Final Aug 2018 - PKS Automation/Registration Module/New Registration/Submit and Screenshot/Submit Registration and Screenshot' successfully

2018-12-13 13:20:47 - [TEST_STEP][PASSED] - callTestCase: Call Test Case 'Test Cases/Final Aug 2018 - PKS Automation/Registration Module/Log Out/log out avoiding katalon tagging' successfully

2018-12-13 13:20:47 - [TEST_CASE][PASSED] - Test Cases/Final Aug 2018 - PKS Automation/Registration Module/Log Out/log out avoiding katalon tagging: Test Cases/Final Aug 2018 - PKS Automation/Registration Module/Log Out/log out avoiding katalon tagging

2018-12-13 13:20:47 - [TEST_STEP][PASSED] - navigateToUrl: Navigate to 'https://assist2-uat.perkeso.gov.my/c/portal/logout' successfully

2018-12-13 13:20:48 - [MESSAGE][PASSED] - Navigate to 'https://assist2-uat.perkeso.gov.my/c/portal/logout' successfully

2018-12-13 13:20:48 - [MESSAGE][PASSED] - Call Test Case 'Test Cases/Final Aug 2018 - PKS Automation/Registration Module/Log Out/log out avoiding katalon tagging' successfully

2018-12-13 13:20:48 - [TEST_STEP][PASSED] - callTestCase: Call Test Case 'Test Cases/Final Aug 2018 - PKS Automation/Common/Workflow Owner Finder' successfully

2018-12-13 13:20:48 - [TEST_CASE][PASSED] - Test Cases/Final Aug 2018 - PKS Automation/Common/Workflow Owner Finder: Test Cases/Final Aug 2018 - PKS Automation/Common/Workflow Owner Finder

2018-12-13 13:20:48 - [TEST_STEP][PASSED] - openBrowser: Browser is opened with url: ''

2018-12-13 13:20:48 - [MESSAGE][WARNING] - A browser is already opened. Closing browser and opening a new one

2018-12-13 13:20:52 - [MESSAGE][PASSED] - Browser is opened with url: ''

2018-12-13 13:20:52 - [TEST_STEP][PASSED] - navigateToUrl: Navigate to 'https://assist2-uat.perkeso.gov.my/login' successfully

2018-12-13 13:20:53 - [MESSAGE][PASSED] - Navigate to 'https://assist2-uat.perkeso.gov.my/login' successfully

2018-12-13 13:20:53 - [TEST_STEP][PASSED] - delay: Delayed 5 second(s)

2018-12-13 13:20:58 - [MESSAGE][PASSED] - Delayed 5 second(s)

2018-12-13 13:20:58 - [TEST_STEP][PASSED] - setText: Text 'test@liferay.com' is set on object 'Object Repository/Final Object Repo/Login Page/Internal User/Email Address'

2018-12-13 13:20:58 - [MESSAGE][PASSED] - Text 'test@liferay.com' is set on object 'Object Repository/Final Object Repo/Login Page/Internal User/Email Address'

2018-12-13 13:20:58 - [TEST_STEP][PASSED] - click: Object: 'Object Repository/Final Object Repo/Login Page/Internal User/Next Button' is clicked on

2018-12-13 13:20:58 - [MESSAGE][PASSED] - Object: 'Object Repository/Final Object Repo/Login Page/Internal User/Next Button' is clicked on

2018-12-13 13:20:58 - [TEST_STEP][PASSED] - delay: Delayed 2 second(s)

2018-12-13 13:21:00 - [MESSAGE][PASSED] - Delayed 2 second(s)

2018-12-13 13:21:00 - [TEST_STEP][PASSED] - setText: Text 'test' is set on object 'Object Repository/Final Object Repo/Login Page/Internal User/Password'

2018-12-13 13:21:00 - [MESSAGE][PASSED] - Text 'test' is set on object 'Object Repository/Final Object Repo/Login Page/Internal User/Password'

2018-12-13 13:21:00 - [TEST_STEP][PASSED] - delay: Delayed 2 second(s)

2018-12-13 13:21:02 - [MESSAGE][PASSED] - Delayed 2 second(s)

2018-12-13 13:21:02 - [TEST_STEP][PASSED] - click: Object: 'Object Repository/Final Object Repo/Login Page/Internal User/Login Button' is clicked on

2018-12-13 13:21:03 - [MESSAGE][PASSED] - Object: 'Object Repository/Final Object Repo/Login Page/Internal User/Login Button' is clicked on

2018-12-13 13:21:03 - [TEST_STEP][PASSED] - Statement - tester = com.kms.katalon.core.testobject.ObjectRepository.findTestObject(Final Object Repo/Landing Page/Select to English): Finding Test Object with id 'Object Repository/Final Object Repo/Landing Page/Select to English'

2018-12-13 13:21:03 - [TEST_STEP][PASSED] - Statement - Try: Delayed 2 second(s)

2018-12-13 13:21:03 - [TEST_STEP][PASSED] - Statement - Checker = com.kms.katalon.core.webui.keyword.WebUiBuiltInKeywords.verifyElementNotPresent(tester, 3): Web element with id: 'Object Repository/Final Object Repo/Landing Page/Select to English' located by 'By.xpath: //a[@class = 'taglib-language-list-text' and @lang = 'en-US' and (contains(text(), 'EN') or contains(., 'EN'))]' is not present after '3' second(s)

2018-12-13 13:21:05 - [MESSAGE][PASSED] - Web element with id: 'Object Repository/Final Object Repo/Landing Page/Select to English' located by 'By.xpath: //a[@class = 'taglib-language-list-text' and @lang = 'en-US' and (contains(text(), 'EN') or contains(., 'EN'))]' is not present after '3' second(s)

2018-12-13 13:21:05 - [TEST_STEP][PASSED] - Statement - If (Checker == false): null

2018-12-13 13:21:05 - [TEST_STEP][PASSED] - delay: Delayed 2 second(s)

2018-12-13 13:21:07 - [MESSAGE][PASSED] - Delayed 2 second(s)

2018-12-13 13:21:07 - [TEST_STEP][PASSED] - delay: Delayed 5 second(s)

2018-12-13 13:21:12 - [MESSAGE][PASSED] - Delayed 5 second(s)

2018-12-13 13:21:12 - [TEST_STEP][PASSED] - mouseOver: Object: 'Object Repository/Final Object Repo/Landing Page/WorkFlow Menu' is hovered

2018-12-13 13:21:12 - [MESSAGE][PASSED] - Object: 'Object Repository/Final Object Repo/Landing Page/WorkFlow Menu' is hovered

2018-12-13 13:21:12 - [TEST_STEP][PASSED] - delay: Delayed 2 second(s)

2018-12-13 13:21:14 - [MESSAGE][PASSED] - Delayed 2 second(s)

2018-12-13 13:21:14 - [TEST_STEP][PASSED] - click: Object: 'Object Repository/Final Object Repo/Landing Page/Select to Workflow Listing' is clicked on

2018-12-13 13:21:15 - [MESSAGE][PASSED] - Object: 'Object Repository/Final Object Repo/Landing Page/Select to Workflow Listing' is clicked on

2018-12-13 13:21:15 - [TEST_STEP][PASSED] - delay: Delayed 2 second(s)

2018-12-13 13:21:17 - [MESSAGE][PASSED] - Delayed 2 second(s)

2018-12-13 13:21:17 - [TEST_STEP][PASSED] - click: Object: 'Object Repository/Final Object Repo/WorkFlow Listing Page/Search Information - To Put Ref No' is clicked on

2018-12-13 13:21:17 - [MESSAGE][PASSED] - Object: 'Object Repository/Final Object Repo/WorkFlow Listing Page/Search Information - To Put Ref No' is clicked on

2018-12-13 13:21:17 - [TEST_STEP][PASSED] - delay: Delayed 2 second(s)

2018-12-13 13:21:19 - [MESSAGE][PASSED] - Delayed 2 second(s)

2018-12-13 13:21:19 - [TEST_STEP][PASSED] - callTestCase: Call Test Case 'Test Cases/Final Aug 2018 - PKS Automation/Common/Reference Number Getter' successfully

2018-12-13 13:21:19 - [TEST_CASE][PASSED] - Test Cases/Final Aug 2018 - PKS Automation/Common/Reference Number Getter: Test Cases/Final Aug 2018 - PKS Automation/Common/Reference Number Getter

2018-12-13 13:21:19 - [TEST_STEP][PASSED] - Statement - Try: null

2018-12-13 13:21:19 - [TEST_STEP][PASSED] - Statement - RefNo = new java.io.File(C://Users//Admin//Desktop//PKS//Automation Reference Point//KatalonReference.txt): null

2018-12-13 13:21:19 - [TEST_STEP][PASSED] - Statement - bufferread = new java.io.BufferedReader(new java.io.FileReader(RefNo)): null

2018-12-13 13:21:19 - [TEST_STEP][PASSED] - Statement - readedVal = bufferread.readLine(): null

2018-12-13 13:21:19 - [TEST_STEP][PASSED] - Statement - out.println(CaseReferenceNo): null

2018-12-13 13:21:19 - [TEST_STEP][PASSED] - Statement - out.println(readedVal): null

2018-12-13 13:21:19 - [TEST_STEP][PASSED] - Statement - CaseReferenceNo = "": null

2018-12-13 13:21:19 - [TEST_STEP][PASSED] - Statement - CaseReferenceNo = readedVal: null

2018-12-13 13:21:19 - [MESSAGE][PASSED] - Call Test Case 'Test Cases/Final Aug 2018 - PKS Automation/Common/Reference Number Getter' successfully

2018-12-13 13:21:19 - [TEST_STEP][PASSED] - setText: Text 'CRN12201800123275' is set on object 'Object Repository/Final Object Repo/WorkFlow Listing Page/Ref No Set Text'

2018-12-13 13:21:19 - [MESSAGE][PASSED] - Text 'CRN12201800123275' is set on object 'Object Repository/Final Object Repo/WorkFlow Listing Page/Ref No Set Text'

2018-12-13 13:21:19 - [TEST_STEP][PASSED] - delay: Delayed 2 second(s)

2018-12-13 13:21:21 - [MESSAGE][PASSED] - Delayed 2 second(s)

2018-12-13 13:21:21 - [TEST_STEP][PASSED] - click: Object: 'Object Repository/Final Object Repo/WorkFlow Listing Page/Search Ref No Search Button' is clicked on

2018-12-13 13:21:21 - [MESSAGE][PASSED] - Object: 'Object Repository/Final Object Repo/WorkFlow Listing Page/Search Ref No Search Button' is clicked on

2018-12-13 13:21:21 - [TEST_STEP][PASSED] - delay: Delayed 6 second(s)

2018-12-13 13:21:27 - [MESSAGE][PASSED] - Delayed 6 second(s)

2018-12-13 13:21:27 - [TEST_STEP][PASSED] - click: Object: 'Object Repository/Final Object Repo/WorkFlow Listing Page/Click Continue Tooltip' is clicked on

2018-12-13 13:21:28 - [MESSAGE][PASSED] - Object: 'Object Repository/Final Object Repo/WorkFlow Listing Page/Click Continue Tooltip' is clicked on

2018-12-13 13:21:28 - [TEST_STEP][PASSED] - delay: Delayed 5 second(s)

2018-12-13 13:21:33 - [MESSAGE][PASSED] - Delayed 5 second(s)

2018-12-13 13:21:33 - [TEST_STEP][PASSED] - doubleClick: Object: 'Object Repository/Final Object Repo/WorkFlow Listing Page/Workflow Found - Listing 1' is double clicked on

2018-12-13 13:21:33 - [MESSAGE][PASSED] - Object: 'Object Repository/Final Object Repo/WorkFlow Listing Page/Workflow Found - Listing 1' is double clicked on

2018-12-13 13:21:33 - [TEST_STEP][PASSED] - Statement - println(OwnerID): null

2018-12-13 13:21:33 - [TEST_STEP][PASSED] - Statement - OwnerID = com.kms.katalon.core.webui.keyword.WebUiBuiltInKeywords.getText(com.kms.katalon.core.testobject.ObjectRepository.findTestObject(Final Object Repo/WorkFlow Listing Page/Workflow Found - Listing 1), STOP_ON_FAILURE): Text of object 'Object Repository/Final Object Repo/WorkFlow Listing Page/Workflow Found - Listing 1' is: 'JOHORro1'

2018-12-13 13:21:33 - [MESSAGE][PASSED] - Text of object 'Object Repository/Final Object Repo/WorkFlow Listing Page/Workflow Found - Listing 1' is: 'JOHORro1'

2018-12-13 13:21:33 - [TEST_STEP][PASSED] - Statement - OwnerID = OwnerID.toLowerCase() + "@gmail.com": null

2018-12-13 13:21:33 - [TEST_STEP][PASSED] - Statement - println(OwnerID): null

2018-12-13 13:21:33 - [TEST_STEP][PASSED] - delay: Delayed 2 second(s)

2018-12-13 13:21:35 - [MESSAGE][PASSED] - Delayed 2 second(s)

2018-12-13 13:21:35 - [MESSAGE][PASSED] - Call Test Case 'Test Cases/Final Aug 2018 - PKS Automation/Common/Workflow Owner Finder' successfully

2018-12-13 13:21:35 - [TEST_STEP][PASSED] - callTestCase: Call Test Case 'Test Cases/Final Aug 2018 - PKS Automation/Registration Module/Log Out/log out avoiding katalon tagging' successfully

2018-12-13 13:21:36 - [TEST_CASE][PASSED] - Test Cases/Final Aug 2018 - PKS Automation/Registration Module/Log Out/log out avoiding katalon tagging: Test Cases/Final Aug 2018 - PKS Automation/Registration Module/Log Out/log out avoiding katalon tagging

2018-12-13 13:21:36 - [TEST_STEP][PASSED] - navigateToUrl: Navigate to 'https://assist2-uat.perkeso.gov.my/c/portal/logout' successfully

2018-12-13 13:21:36 - [MESSAGE][PASSED] - Navigate to 'https://assist2-uat.perkeso.gov.my/c/portal/logout' successfully

2018-12-13 13:21:36 - [MESSAGE][PASSED] - Call Test Case 'Test Cases/Final Aug 2018 - PKS Automation/Registration Module/Log Out/log out avoiding katalon tagging' successfully

2018-12-13 13:21:36 - [TEST_STEP][PASSED] - delay: Delayed 2 second(s)

2018-12-13 13:21:38 - [MESSAGE][PASSED] - Delayed 2 second(s)

2018-12-13 13:21:38 - [TEST_STEP][PASSED] - setText: Text 'johorro1@gmail.com' is set on object 'Object Repository/Final Object Repo/New Registration - Registration Module Pages/New Reg - OTC to RO/Special Case - All Related Objects/Email TextBox'

2018-12-13 13:21:39 - [MESSAGE][PASSED] - Text 'johorro1@gmail.com' is set on object 'Object Repository/Final Object Repo/New Registration - Registration Module Pages/New Reg - OTC to RO/Special Case - All Related Objects/Email TextBox'

2018-12-13 13:21:39 - [TEST_STEP][PASSED] - click: Object: 'Object Repository/Final Object Repo/New Registration - Registration Module Pages/New Reg - OTC to RO/Special Case - All Related Objects/Next Button' is clicked on

2018-12-13 13:21:39 - [MESSAGE][PASSED] - Object: 'Object Repository/Final Object Repo/New Registration - Registration Module Pages/New Reg - OTC to RO/Special Case - All Related Objects/Next Button' is clicked on

2018-12-13 13:21:39 - [TEST_STEP][PASSED] - delay: Delayed 2 second(s)

2018-12-13 13:21:41 - [MESSAGE][PASSED] - Delayed 2 second(s)

2018-12-13 13:21:41 - [TEST_STEP][PASSED] - setText: Text 'Test1@3456789' is set on object 'Object Repository/Final Object Repo/New Registration - Registration Module Pages/New Reg - OTC to RO/Special Case - All Related Objects/Password TextBox'

2018-12-13 13:21:41 - [MESSAGE][PASSED] - Text 'Test1@3456789' is set on object 'Object Repository/Final Object Repo/New Registration - Registration Module Pages/New Reg - OTC to RO/Special Case - All Related Objects/Password TextBox'

2018-12-13 13:21:41 - [TEST_STEP][PASSED] - delay: Delayed 2 second(s)

2018-12-13 13:21:43 - [MESSAGE][PASSED] - Delayed 2 second(s)

2018-12-13 13:21:43 - [TEST_STEP][PASSED] - click: Object: 'Object Repository/Final Object Repo/New Registration - Registration Module Pages/New Reg - OTC to RO/Special Case - All Related Objects/Login Button' is clicked on

2018-12-13 13:21:43 - [MESSAGE][PASSED] - Object: 'Object Repository/Final Object Repo/New Registration - Registration Module Pages/New Reg - OTC to RO/Special Case - All Related Objects/Login Button' is clicked on

2018-12-13 13:21:43 - [TEST_STEP][PASSED] - delay: Delayed 2 second(s)

2018-12-13 13:21:45 - [MESSAGE][PASSED] - Delayed 2 second(s)

2018-12-13 13:21:45 - [TEST_STEP][PASSED] - Statement - Try: null

2018-12-13 13:21:45 - [TEST_STEP][PASSED] - Statement - Checker = com.kms.katalon.core.webui.keyword.WebUiBuiltInKeywords.verifyElementNotPresent("Final Object Repo/Landing Page/Select to English", 3): null

2018-12-13 13:21:45 - [TEST_STEP][PASSED] - Statement - Catch (Exception e): null

2018-12-13 13:21:45 - [TEST_STEP][PASSED] - Statement - e.printStackTrace(): null

2018-12-13 13:21:45 - [TEST_STEP][PASSED] - click: Object: 'Object Repository/Final Object Repo/New Registration - Registration Module Pages/New Reg - OTC to RO/Special Case - All Related Objects/Expand to Search' is clicked on

2018-12-13 13:21:45 - [MESSAGE][PASSED] - Object: 'Object Repository/Final Object Repo/New Registration - Registration Module Pages/New Reg - OTC to RO/Special Case - All Related Objects/Expand to Search' is clicked on

2018-12-13 13:21:45 - [TEST_STEP][FAILED] - setText: Unable to set text 'CRN12201800123275' of object 'Object Repository/Final Object Repo/New Registration - Registration Module Pages/New Reg - OTC to RO/Special Case - All Related Objects/TextBox RefNo in Workbasket' (Root cause: org.openqa.selenium.ElementNotVisibleException: element not interactable
  (Session info: chrome=70.0.3538.110)
  (Driver info: chromedriver=2.43.600210 (68dcf5eebde37173d4027fa8635e332711d2874a),platform=Windows NT 6.1.7601 SP1 x86_64) (WARNING: The server did not provide any stacktrace information)
Command duration or timeout: 0 milliseconds
Build info: version: '3.7.1', revision: '8a0099a', time: '2017-11-06T21:07:36.161Z'
System info: host: 'WIN7TEST02', ip: '10.20.3.72', os.name: 'Windows 7', os.arch: 'amd64', os.version: '6.1', java.version: '1.8.0_181'
Driver info: com.kms.katalon.selenium.driver.CChromeDriver
Capabilities {acceptInsecureCerts: false, acceptSslCerts: false, applicationCacheEnabled: false, browserConnectionEnabled: false, browserName: chrome, chrome: {chromedriverVersion: 2.43.600210 (68dcf5eebde371..., userDataDir: C:\Users\Admin\AppData\Loca...}, cssSelectorsEnabled: true, databaseEnabled: false, goog:chromeOptions: {debuggerAddress: localhost:52715}, handlesAlerts: true, hasTouchScreen: false, javascriptEnabled: true, locationContextEnabled: true, mobileEmulationEnabled: false, nativeEvents: true, networkConnectionEnabled: false, pageLoadStrategy: normal, platform: XP, platformName: XP, rotatable: false, setWindowRect: true, takesHeapSnapshot: true, takesScreenshot: true, unexpectedAlertBehaviour: , unhandledPromptBehavior: , version: 70.0.3538.110, webStorageEnabled: true}
Session ID: 7f7ba10f29967662064b2c09d36530b6)

2018-12-13 13:21:46 - [MESSAGE][FAILED] - Unable to set text 'CRN12201800123275' of object 'Object Repository/Final Object Repo/New Registration - Registration Module Pages/New Reg - OTC to RO/Special Case - All Related Objects/TextBox RefNo in Workbasket' (Root cause: org.openqa.selenium.ElementNotVisibleException: element not interactable
  (Session info: chrome=70.0.3538.110)
  (Driver info: chromedriver=2.43.600210 (68dcf5eebde37173d4027fa8635e332711d2874a),platform=Windows NT 6.1.7601 SP1 x86_64) (WARNING: The server did not provide any stacktrace information)
Command duration or timeout: 0 milliseconds
Build info: version: '3.7.1', revision: '8a0099a', time: '2017-11-06T21:07:36.161Z'
System info: host: 'WIN7TEST02', ip: '10.20.3.72', os.name: 'Windows 7', os.arch: 'amd64', os.version: '6.1', java.version: '1.8.0_181'
Driver info: com.kms.katalon.selenium.driver.CChromeDriver
Capabilities {acceptInsecureCerts: false, acceptSslCerts: false, applicationCacheEnabled: false, browserConnectionEnabled: false, browserName: chrome, chrome: {chromedriverVersion: 2.43.600210 (68dcf5eebde371..., userDataDir: C:\Users\Admin\AppData\Loca...}, cssSelectorsEnabled: true, databaseEnabled: false, goog:chromeOptions: {debuggerAddress: localhost:52715}, handlesAlerts: true, hasTouchScreen: false, javascriptEnabled: true, locationContextEnabled: true, mobileEmulationEnabled: false, nativeEvents: true, networkConnectionEnabled: false, pageLoadStrategy: normal, platform: XP, platformName: XP, rotatable: false, setWindowRect: true, takesHeapSnapshot: true, takesScreenshot: true, unexpectedAlertBehaviour: , unhandledPromptBehavior: , version: 70.0.3538.110, webStorageEnabled: true}
Session ID: 7f7ba10f29967662064b2c09d36530b6)
[[ATTACHMENT|C:\\Users\\Admin\\Desktop\\PKS\\Perkeso Phase A\\Reports\\Workflow\\New Registration\\20181213_103053\\1544678506059.png]]

2018-12-13 13:21:46 - [TEST_STEP][PASSED] - delay: Delayed 2 second(s)

2018-12-13 13:21:48 - [MESSAGE][PASSED] - Delayed 2 second(s)

2018-12-13 13:21:48 - [TEST_STEP][PASSED] - click: Object: 'Object Repository/Final Object Repo/New Registration - Registration Module Pages/New Reg - OTC to RO/Special Case - All Related Objects/Click Search' is clicked on

2018-12-13 13:21:48 - [MESSAGE][PASSED] - Object: 'Object Repository/Final Object Repo/New Registration - Registration Module Pages/New Reg - OTC to RO/Special Case - All Related Objects/Click Search' is clicked on

2018-12-13 13:21:48 - [TEST_STEP][PASSED] - delay: Delayed 2 second(s)

2018-12-13 13:21:50 - [MESSAGE][PASSED] - Delayed 2 second(s)

2018-12-13 13:21:50 - [TEST_STEP][PASSED] - click: Object: 'Object Repository/Final Object Repo/New Registration - Registration Module Pages/New Reg - OTC to RO/Special Case - All Related Objects/Click to Continue Workflow' is clicked on

2018-12-13 13:21:54 - [MESSAGE][PASSED] - Object: 'Object Repository/Final Object Repo/New Registration - Registration Module Pages/New Reg - OTC to RO/Special Case - All Related Objects/Click to Continue Workflow' is clicked on

2018-12-13 13:21:54 - [TEST_STEP][PASSED] - delay: Delayed 2 second(s)

2018-12-13 13:21:56 - [MESSAGE][PASSED] - Delayed 2 second(s)

2018-12-13 13:21:56 - [TEST_STEP][PASSED] - click: Object: 'Object Repository/Final Object Repo/New Registration - Registration Module Pages/New Reg - OTC to RO/Special Case - All Related Objects/Continue Button in verifying case' is clicked on

2018-12-13 13:21:58 - [MESSAGE][PASSED] - Object: 'Object Repository/Final Object Repo/New Registration - Registration Module Pages/New Reg - OTC to RO/Special Case - All Related Objects/Continue Button in verifying case' is clicked on

2018-12-13 13:21:58 - [TEST_STEP][PASSED] - delay: Delayed 2 second(s)

2018-12-13 13:22:00 - [MESSAGE][PASSED] - Delayed 2 second(s)

2018-12-13 13:22:00 - [TEST_STEP][PASSED] - click: Object: 'Object Repository/Final Object Repo/New Registration - Registration Module Pages/Form 1/Registered As a Branch - Yes' is clicked on

2018-12-13 13:22:00 - [MESSAGE][PASSED] - Object: 'Object Repository/Final Object Repo/New Registration - Registration Module Pages/Form 1/Registered As a Branch - Yes' is clicked on

2018-12-13 13:22:00 - [TEST_STEP][PASSED] - delay: Delayed 2 second(s)

2018-12-13 13:22:02 - [MESSAGE][PASSED] - Delayed 2 second(s)

2018-12-13 13:22:02 - [TEST_STEP][PASSED] - click: Object: 'Object Repository/Final Object Repo/New Registration - Registration Module Pages/New Reg - OTC to RO/Special Case - All Related Objects/Form 1 Save n Continue' is clicked on

2018-12-13 13:22:02 - [MESSAGE][PASSED] - Object: 'Object Repository/Final Object Repo/New Registration - Registration Module Pages/New Reg - OTC to RO/Special Case - All Related Objects/Form 1 Save n Continue' is clicked on

2018-12-13 13:22:02 - [TEST_STEP][PASSED] - delay: Delayed 2 second(s)

2018-12-13 13:22:04 - [MESSAGE][PASSED] - Delayed 2 second(s)

2018-12-13 13:22:04 - [TEST_STEP][PASSED] - click: Object: 'Object Repository/Final Object Repo/New Registration - Registration Module Pages/New Reg - OTC to RO/Special Case - All Related Objects/Form 2 Save n Continue' is clicked on

2018-12-13 13:22:04 - [MESSAGE][PASSED] - Object: 'Object Repository/Final Object Repo/New Registration - Registration Module Pages/New Reg - OTC to RO/Special Case - All Related Objects/Form 2 Save n Continue' is clicked on

2018-12-13 13:22:04 - [TEST_STEP][PASSED] - delay: Delayed 2 second(s)

2018-12-13 13:22:06 - [MESSAGE][PASSED] - Delayed 2 second(s)

2018-12-13 13:22:06 - [TEST_STEP][PASSED] - click: Object: 'Object Repository/Final Object Repo/New Registration - Registration Module Pages/New Reg - OTC to RO/Special Case - All Related Objects/Third Screen Save n Continue' is clicked on

2018-12-13 13:22:11 - [MESSAGE][PASSED] - Object: 'Object Repository/Final Object Repo/New Registration - Registration Module Pages/New Reg - OTC to RO/Special Case - All Related Objects/Third Screen Save n Continue' is clicked on

2018-12-13 13:22:11 - [TEST_STEP][PASSED] - delay: Delayed 5 second(s)

2018-12-13 13:22:16 - [MESSAGE][PASSED] - Delayed 5 second(s)

2018-12-13 13:22:16 - [TEST_STEP][PASSED] - setText: Text 'Query case' is set on object 'Object Repository/Final Object Repo/New Registration - Registration Module Pages/New Reg - OTC to RO/Special Case - All Related Objects/Query Text Input'

2018-12-13 13:22:16 - [MESSAGE][PASSED] - Text 'Query case' is set on object 'Object Repository/Final Object Repo/New Registration - Registration Module Pages/New Reg - OTC to RO/Special Case - All Related Objects/Query Text Input'

2018-12-13 13:22:16 - [TEST_STEP][PASSED] - delay: Delayed 5 second(s)

2018-12-13 13:22:21 - [MESSAGE][PASSED] - Delayed 5 second(s)

2018-12-13 13:22:21 - [TEST_STEP][PASSED] - click: Object: 'Object Repository/Final Object Repo/New Registration - Registration Module Pages/New Reg - OTC to RO/Special Case - All Related Objects/Upload Doc Page Save n Continue' is clicked on

2018-12-13 13:22:22 - [MESSAGE][PASSED] - Object: 'Object Repository/Final Object Repo/New Registration - Registration Module Pages/New Reg - OTC to RO/Special Case - All Related Objects/Upload Doc Page Save n Continue' is clicked on

2018-12-13 13:22:22 - [TEST_STEP][PASSED] - click: Object: 'Object Repository/Final Object Repo/New Registration - Registration Module Pages/New Reg - OTC to RO/Special Case - All Related Objects/Query Button' is clicked on

2018-12-13 13:22:26 - [MESSAGE][PASSED] - Object: 'Object Repository/Final Object Repo/New Registration - Registration Module Pages/New Reg - OTC to RO/Special Case - All Related Objects/Query Button' is clicked on

2018-12-13 13:22:26 - [TEST_STEP][FAILED] - click: Unable to click on object 'Object Repository/Final Object Repo/New Registration - Registration Module Pages/New Reg - OTC to RO/Special Case - All Related Objects/Confirm to Query' (Root cause: org.openqa.selenium.ElementNotVisibleException: element not interactable
  (Session info: chrome=70.0.3538.110)
  (Driver info: chromedriver=2.43.600210 (68dcf5eebde37173d4027fa8635e332711d2874a),platform=Windows NT 6.1.7601 SP1 x86_64) (WARNING: The server did not provide any stacktrace information)
Command duration or timeout: 0 milliseconds
Build info: version: '3.7.1', revision: '8a0099a', time: '2017-11-06T21:07:36.161Z'
System info: host: 'WIN7TEST02', ip: '10.20.3.72', os.name: 'Windows 7', os.arch: 'amd64', os.version: '6.1', java.version: '1.8.0_181'
Driver info: com.kms.katalon.selenium.driver.CChromeDriver
Capabilities {acceptInsecureCerts: false, acceptSslCerts: false, applicationCacheEnabled: false, browserConnectionEnabled: false, browserName: chrome, chrome: {chromedriverVersion: 2.43.600210 (68dcf5eebde371..., userDataDir: C:\Users\Admin\AppData\Loca...}, cssSelectorsEnabled: true, databaseEnabled: false, goog:chromeOptions: {debuggerAddress: localhost:52715}, handlesAlerts: true, hasTouchScreen: false, javascriptEnabled: true, locationContextEnabled: true, mobileEmulationEnabled: false, nativeEvents: true, networkConnectionEnabled: false, pageLoadStrategy: normal, platform: XP, platformName: XP, rotatable: false, setWindowRect: true, takesHeapSnapshot: true, takesScreenshot: true, unexpectedAlertBehaviour: , unhandledPromptBehavior: , version: 70.0.3538.110, webStorageEnabled: true}
Session ID: 7f7ba10f29967662064b2c09d36530b6)

2018-12-13 13:22:26 - [MESSAGE][FAILED] - Unable to click on object 'Object Repository/Final Object Repo/New Registration - Registration Module Pages/New Reg - OTC to RO/Special Case - All Related Objects/Confirm to Query' (Root cause: org.openqa.selenium.ElementNotVisibleException: element not interactable
  (Session info: chrome=70.0.3538.110)
  (Driver info: chromedriver=2.43.600210 (68dcf5eebde37173d4027fa8635e332711d2874a),platform=Windows NT 6.1.7601 SP1 x86_64) (WARNING: The server did not provide any stacktrace information)
Command duration or timeout: 0 milliseconds
Build info: version: '3.7.1', revision: '8a0099a', time: '2017-11-06T21:07:36.161Z'
System info: host: 'WIN7TEST02', ip: '10.20.3.72', os.name: 'Windows 7', os.arch: 'amd64', os.version: '6.1', java.version: '1.8.0_181'
Driver info: com.kms.katalon.selenium.driver.CChromeDriver
Capabilities {acceptInsecureCerts: false, acceptSslCerts: false, applicationCacheEnabled: false, browserConnectionEnabled: false, browserName: chrome, chrome: {chromedriverVersion: 2.43.600210 (68dcf5eebde371..., userDataDir: C:\Users\Admin\AppData\Loca...}, cssSelectorsEnabled: true, databaseEnabled: false, goog:chromeOptions: {debuggerAddress: localhost:52715}, handlesAlerts: true, hasTouchScreen: false, javascriptEnabled: true, locationContextEnabled: true, mobileEmulationEnabled: false, nativeEvents: true, networkConnectionEnabled: false, pageLoadStrategy: normal, platform: XP, platformName: XP, rotatable: false, setWindowRect: true, takesHeapSnapshot: true, takesScreenshot: true, unexpectedAlertBehaviour: , unhandledPromptBehavior: , version: 70.0.3538.110, webStorageEnabled: true}
Session ID: 7f7ba10f29967662064b2c09d36530b6)
[[ATTACHMENT|C:\\Users\\Admin\\Desktop\\PKS\\Perkeso Phase A\\Reports\\Workflow\\New Registration\\20181213_103053\\1544678546398.png]]

2018-12-13 13:22:26 - [TEST_STEP][PASSED] - callTestCase: Call Test Case 'Test Cases/Final Aug 2018 - PKS Automation/Registration Module/Log Out/log out avoiding katalon tagging' successfully

2018-12-13 13:22:26 - [TEST_CASE][PASSED] - Test Cases/Final Aug 2018 - PKS Automation/Registration Module/Log Out/log out avoiding katalon tagging: Test Cases/Final Aug 2018 - PKS Automation/Registration Module/Log Out/log out avoiding katalon tagging

2018-12-13 13:22:26 - [TEST_STEP][PASSED] - navigateToUrl: Navigate to 'https://assist2-uat.perkeso.gov.my/c/portal/logout' successfully

2018-12-13 13:22:27 - [MESSAGE][PASSED] - Navigate to 'https://assist2-uat.perkeso.gov.my/c/portal/logout' successfully

2018-12-13 13:22:27 - [MESSAGE][PASSED] - Call Test Case 'Test Cases/Final Aug 2018 - PKS Automation/Registration Module/Log Out/log out avoiding katalon tagging' successfully

2018-12-13 13:22:27 - [TEST_STEP][PASSED] - delay: Delayed 2 second(s)

2018-12-13 13:22:29 - [MESSAGE][PASSED] - Delayed 2 second(s)

2018-12-13 13:22:29 - [TEST_STEP][PASSED] - setText: Text 'klotc2@gmail.com' is set on object 'Object Repository/Final Object Repo/Login Page/Internal User/Email Address'

2018-12-13 13:22:29 - [MESSAGE][PASSED] - Text 'klotc2@gmail.com' is set on object 'Object Repository/Final Object Repo/Login Page/Internal User/Email Address'

2018-12-13 13:22:29 - [TEST_STEP][PASSED] - click: Object: 'Object Repository/Final Object Repo/Login Page/Internal User/Next Button' is clicked on

2018-12-13 13:22:30 - [MESSAGE][PASSED] - Object: 'Object Repository/Final Object Repo/Login Page/Internal User/Next Button' is clicked on

2018-12-13 13:22:30 - [TEST_STEP][PASSED] - delay: Delayed 2 second(s)

2018-12-13 13:22:32 - [MESSAGE][PASSED] - Delayed 2 second(s)

2018-12-13 13:22:32 - [TEST_STEP][PASSED] - setText: Text 'Test1@3456789' is set on object 'Object Repository/Final Object Repo/Login Page/Internal User/Password'

2018-12-13 13:22:32 - [MESSAGE][PASSED] - Text 'Test1@3456789' is set on object 'Object Repository/Final Object Repo/Login Page/Internal User/Password'

2018-12-13 13:22:32 - [TEST_STEP][PASSED] - delay: Delayed 2 second(s)

2018-12-13 13:22:34 - [MESSAGE][PASSED] - Delayed 2 second(s)

2018-12-13 13:22:34 - [TEST_STEP][PASSED] - click: Object: 'Object Repository/Final Object Repo/Login Page/Internal User/Login Button' is clicked on

2018-12-13 13:22:34 - [MESSAGE][PASSED] - Object: 'Object Repository/Final Object Repo/Login Page/Internal User/Login Button' is clicked on

2018-12-13 13:22:34 - [TEST_STEP][PASSED] - delay: Delayed 2 second(s)

2018-12-13 13:22:36 - [MESSAGE][PASSED] - Delayed 2 second(s)

2018-12-13 13:22:36 - [TEST_STEP][PASSED] - Statement - Try: null

2018-12-13 13:22:36 - [TEST_STEP][PASSED] - Statement - Checker = com.kms.katalon.core.webui.keyword.WebUiBuiltInKeywords.verifyElementNotPresent("PKS_SIP_Updated_RegModule/Attempt/Page_MyASSIST - ASSIST/Select to English", 3): null

2018-12-13 13:22:36 - [TEST_STEP][PASSED] - Statement - Catch (Exception e): null

2018-12-13 13:22:36 - [TEST_STEP][PASSED] - Statement - e.printStackTrace(): null

2018-12-13 13:22:36 - [TEST_STEP][PASSED] - delay: Delayed 4 second(s)

2018-12-13 13:22:40 - [MESSAGE][PASSED] - Delayed 4 second(s)

2018-12-13 13:22:40 - [TEST_STEP][PASSED] - click: Object: 'Object Repository/Final Object Repo/Landing Page/My Sites Drop Down' is clicked on

2018-12-13 13:22:40 - [MESSAGE][PASSED] - Object: 'Object Repository/Final Object Repo/Landing Page/My Sites Drop Down' is clicked on

2018-12-13 13:22:40 - [TEST_STEP][PASSED] - click: Object: 'Object Repository/Final Object Repo/Landing Page/Select to Registration Module' is clicked on

2018-12-13 13:22:41 - [MESSAGE][PASSED] - Object: 'Object Repository/Final Object Repo/Landing Page/Select to Registration Module' is clicked on

2018-12-13 13:22:41 - [TEST_STEP][PASSED] - delay: Delayed 2 second(s)

2018-12-13 13:22:43 - [MESSAGE][PASSED] - Delayed 2 second(s)

2018-12-13 13:22:43 - [TEST_STEP][PASSED] - mouseOver: Object: 'Object Repository/Final Object Repo/New Registration - Registration Module Pages/New Reg - OTC to RO/Special Case - All Related Objects/Hover Over Search Drop Down' is hovered

2018-12-13 13:22:43 - [MESSAGE][PASSED] - Object: 'Object Repository/Final Object Repo/New Registration - Registration Module Pages/New Reg - OTC to RO/Special Case - All Related Objects/Hover Over Search Drop Down' is hovered

2018-12-13 13:22:43 - [TEST_STEP][PASSED] - click: Object: 'Object Repository/Final Object Repo/New Registration - Registration Module Pages/New Reg - OTC to RO/Special Case - All Related Objects/Select Search Pending Case' is clicked on

2018-12-13 13:22:44 - [MESSAGE][PASSED] - Object: 'Object Repository/Final Object Repo/New Registration - Registration Module Pages/New Reg - OTC to RO/Special Case - All Related Objects/Select Search Pending Case' is clicked on

2018-12-13 13:22:44 - [TEST_STEP][PASSED] - click: Object: 'Object Repository/Final Object Repo/New Registration - Registration Module Pages/New Reg - OTC to RO/Special Case - All Related Objects/Select Searching Method (Employer Code)' is clicked on

2018-12-13 13:22:44 - [MESSAGE][PASSED] - Object: 'Object Repository/Final Object Repo/New Registration - Registration Module Pages/New Reg - OTC to RO/Special Case - All Related Objects/Select Searching Method (Employer Code)' is clicked on

2018-12-13 13:22:44 - [TEST_STEP][PASSED] - click: Object: 'Object Repository/Final Object Repo/New Registration - Registration Module Pages/New Reg - OTC to RO/Special Case - All Related Objects/Select Searching Method to Reference ID' is clicked on

2018-12-13 13:22:44 - [MESSAGE][PASSED] - Object: 'Object Repository/Final Object Repo/New Registration - Registration Module Pages/New Reg - OTC to RO/Special Case - All Related Objects/Select Searching Method to Reference ID' is clicked on

2018-12-13 13:22:44 - [TEST_STEP][PASSED] - setText: Text 'CRN12201800123275' is set on object 'Object Repository/Final Object Repo/New Registration - Registration Module Pages/New Reg - OTC to RO/Special Case - All Related Objects/Pending Case Ref NO'

2018-12-13 13:22:44 - [MESSAGE][PASSED] - Text 'CRN12201800123275' is set on object 'Object Repository/Final Object Repo/New Registration - Registration Module Pages/New Reg - OTC to RO/Special Case - All Related Objects/Pending Case Ref NO'

2018-12-13 13:22:44 - [TEST_STEP][PASSED] - click: Object: 'Object Repository/Final Object Repo/New Registration - Registration Module Pages/New Reg - OTC to RO/Special Case - All Related Objects/Search Pending Case Based on Ref No' is clicked on

2018-12-13 13:22:44 - [MESSAGE][PASSED] - Object: 'Object Repository/Final Object Repo/New Registration - Registration Module Pages/New Reg - OTC to RO/Special Case - All Related Objects/Search Pending Case Based on Ref No' is clicked on

2018-12-13 13:22:44 - [TEST_STEP][FAILED] - click: Unable to click on object 'Object Repository/Final Object Repo/New Registration - Registration Module Pages/New Reg - OTC to RO/Special Case - All Related Objects/Action Button after found case' (Root cause: org.openqa.selenium.InvalidSelectorException: invalid selector: Unable to locate an element with the xpath expression  because of the following error:
SyntaxError: Failed to execute 'evaluate' on 'Document': The string '' is not a valid XPath expression.
  (Session info: chrome=70.0.3538.110)
  (Driver info: chromedriver=2.43.600210 (68dcf5eebde37173d4027fa8635e332711d2874a),platform=Windows NT 6.1.7601 SP1 x86_64) (WARNING: The server did not provide any stacktrace information)
Command duration or timeout: 0 milliseconds
For documentation on this error, please visit: http://seleniumhq.org/exceptions/invalid_selector_exception.html
Build info: version: '3.7.1', revision: '8a0099a', time: '2017-11-06T21:07:36.161Z'
System info: host: 'WIN7TEST02', ip: '10.20.3.72', os.name: 'Windows 7', os.arch: 'amd64', os.version: '6.1', java.version: '1.8.0_181'
Driver info: com.kms.katalon.selenium.driver.CChromeDriver
Capabilities {acceptInsecureCerts: false, acceptSslCerts: false, applicationCacheEnabled: false, browserConnectionEnabled: false, browserName: chrome, chrome: {chromedriverVersion: 2.43.600210 (68dcf5eebde371..., userDataDir: C:\Users\Admin\AppData\Loca...}, cssSelectorsEnabled: true, databaseEnabled: false, goog:chromeOptions: {debuggerAddress: localhost:52715}, handlesAlerts: true, hasTouchScreen: false, javascriptEnabled: true, locationContextEnabled: true, mobileEmulationEnabled: false, nativeEvents: true, networkConnectionEnabled: false, pageLoadStrategy: normal, platform: XP, platformName: XP, rotatable: false, setWindowRect: true, takesHeapSnapshot: true, takesScreenshot: true, unexpectedAlertBehaviour: , unhandledPromptBehavior: , version: 70.0.3538.110, webStorageEnabled: true}
Session ID: 7f7ba10f29967662064b2c09d36530b6
*** Element info: {Using=xpath, value=})

2018-12-13 13:23:17 - [MESSAGE][FAILED] - Unable to click on object 'Object Repository/Final Object Repo/New Registration - Registration Module Pages/New Reg - OTC to RO/Special Case - All Related Objects/Action Button after found case' (Root cause: org.openqa.selenium.InvalidSelectorException: invalid selector: Unable to locate an element with the xpath expression  because of the following error:
SyntaxError: Failed to execute 'evaluate' on 'Document': The string '' is not a valid XPath expression.
  (Session info: chrome=70.0.3538.110)
  (Driver info: chromedriver=2.43.600210 (68dcf5eebde37173d4027fa8635e332711d2874a),platform=Windows NT 6.1.7601 SP1 x86_64) (WARNING: The server did not provide any stacktrace information)
Command duration or timeout: 0 milliseconds
For documentation on this error, please visit: http://seleniumhq.org/exceptions/invalid_selector_exception.html
Build info: version: '3.7.1', revision: '8a0099a', time: '2017-11-06T21:07:36.161Z'
System info: host: 'WIN7TEST02', ip: '10.20.3.72', os.name: 'Windows 7', os.arch: 'amd64', os.version: '6.1', java.version: '1.8.0_181'
Driver info: com.kms.katalon.selenium.driver.CChromeDriver
Capabilities {acceptInsecureCerts: false, acceptSslCerts: false, applicationCacheEnabled: false, browserConnectionEnabled: false, browserName: chrome, chrome: {chromedriverVersion: 2.43.600210 (68dcf5eebde371..., userDataDir: C:\Users\Admin\AppData\Loca...}, cssSelectorsEnabled: true, databaseEnabled: false, goog:chromeOptions: {debuggerAddress: localhost:52715}, handlesAlerts: true, hasTouchScreen: false, javascriptEnabled: true, locationContextEnabled: true, mobileEmulationEnabled: false, nativeEvents: true, networkConnectionEnabled: false, pageLoadStrategy: normal, platform: XP, platformName: XP, rotatable: false, setWindowRect: true, takesHeapSnapshot: true, takesScreenshot: true, unexpectedAlertBehaviour: , unhandledPromptBehavior: , version: 70.0.3538.110, webStorageEnabled: true}
Session ID: 7f7ba10f29967662064b2c09d36530b6
*** Element info: {Using=xpath, value=})
[[ATTACHMENT|C:\\Users\\Admin\\Desktop\\PKS\\Perkeso Phase A\\Reports\\Workflow\\New Registration\\20181213_103053\\1544678597478.png]]

2018-12-13 13:23:17 - [TEST_STEP][FAILED] - click: Unable to click on object 'Object Repository/Final Object Repo/New Registration - Registration Module Pages/New Reg - OTC to RO/Special Case - All Related Objects/Next Button in Pending Case Form 1' (Root cause: com.kms.katalon.core.webui.exception.WebElementNotFoundException: Web element with id: 'Object Repository/Final Object Repo/New Registration - Registration Module Pages/New Reg - OTC to RO/Special Case - All Related Objects/Next Button in Pending Case Form 1' located by 'By.xpath: //a[@class = 'btn btn-lg blueBtn col-md-2 pull-right browserIdBtn' and (text() = ' NEXT
						' or . = ' NEXT
						')]' not found)

2018-12-13 13:23:51 - [MESSAGE][FAILED] - Unable to click on object 'Object Repository/Final Object Repo/New Registration - Registration Module Pages/New Reg - OTC to RO/Special Case - All Related Objects/Next Button in Pending Case Form 1' (Root cause: com.kms.katalon.core.webui.exception.WebElementNotFoundException: Web element with id: 'Object Repository/Final Object Repo/New Registration - Registration Module Pages/New Reg - OTC to RO/Special Case - All Related Objects/Next Button in Pending Case Form 1' located by 'By.xpath: //a[@class = 'btn btn-lg blueBtn col-md-2 pull-right browserIdBtn' and (text() = ' NEXT
						' or . = ' NEXT
						')]' not found)
[[ATTACHMENT|C:\\Users\\Admin\\Desktop\\PKS\\Perkeso Phase A\\Reports\\Workflow\\New Registration\\20181213_103053\\1544678630882.png]]

2018-12-13 13:23:51 - [TEST_STEP][FAILED] - click: Unable to click on object 'Object Repository/Final Object Repo/New Registration - Registration Module Pages/New Reg - OTC to RO/Special Case - All Related Objects/Next Button in Pending Case Form 2' (Root cause: com.kms.katalon.core.webui.exception.WebElementNotFoundException: Web element with id: 'Object Repository/Final Object Repo/New Registration - Registration Module Pages/New Reg - OTC to RO/Special Case - All Related Objects/Next Button in Pending Case Form 2' located by 'By.xpath: //a[@class = 'btn btn-lg blueBtn col-md-2 pull-right browserIdBtn' and (text() = ' NEXT
				' or . = ' NEXT
				')]' not found)

2018-12-13 13:24:23 - [MESSAGE][FAILED] - Unable to click on object 'Object Repository/Final Object Repo/New Registration - Registration Module Pages/New Reg - OTC to RO/Special Case - All Related Objects/Next Button in Pending Case Form 2' (Root cause: com.kms.katalon.core.webui.exception.WebElementNotFoundException: Web element with id: 'Object Repository/Final Object Repo/New Registration - Registration Module Pages/New Reg - OTC to RO/Special Case - All Related Objects/Next Button in Pending Case Form 2' located by 'By.xpath: //a[@class = 'btn btn-lg blueBtn col-md-2 pull-right browserIdBtn' and (text() = ' NEXT
				' or . = ' NEXT
				')]' not found)
[[ATTACHMENT|C:\\Users\\Admin\\Desktop\\PKS\\Perkeso Phase A\\Reports\\Workflow\\New Registration\\20181213_103053\\1544678663617.png]]

2018-12-13 13:24:23 - [TEST_STEP][FAILED] - click: Unable to click on object 'Object Repository/Final Object Repo/New Registration - Registration Module Pages/New Reg - OTC to RO/Special Case - All Related Objects/Next Button in Third Screen' (Root cause: com.kms.katalon.core.webui.exception.WebElementNotFoundException: Web element with id: 'Object Repository/Final Object Repo/New Registration - Registration Module Pages/New Reg - OTC to RO/Special Case - All Related Objects/Next Button in Third Screen' located by 'By.xpath: //a[@class = 'btn btn-lg blueBtn col-md-2 pull-right browserIdBtn' and (text() = ' NEXT
				' or . = ' NEXT
				')]' not found)

2018-12-13 13:24:57 - [MESSAGE][FAILED] - Unable to click on object 'Object Repository/Final Object Repo/New Registration - Registration Module Pages/New Reg - OTC to RO/Special Case - All Related Objects/Next Button in Third Screen' (Root cause: com.kms.katalon.core.webui.exception.WebElementNotFoundException: Web element with id: 'Object Repository/Final Object Repo/New Registration - Registration Module Pages/New Reg - OTC to RO/Special Case - All Related Objects/Next Button in Third Screen' located by 'By.xpath: //a[@class = 'btn btn-lg blueBtn col-md-2 pull-right browserIdBtn' and (text() = ' NEXT
				' or . = ' NEXT
				')]' not found)
[[ATTACHMENT|C:\\Users\\Admin\\Desktop\\PKS\\Perkeso Phase A\\Reports\\Workflow\\New Registration\\20181213_103053\\1544678697047.png]]

2018-12-13 13:24:57 - [TEST_STEP][FAILED] - click: Unable to click on object 'Object Repository/Final Object Repo/New Registration - Registration Module Pages/New Reg - OTC to RO/Special Case - All Related Objects/Add Document for Pending Case' (Root cause: com.kms.katalon.core.webui.exception.WebElementNotFoundException: Web element with id: 'Object Repository/Final Object Repo/New Registration - Registration Module Pages/New Reg - OTC to RO/Special Case - All Related Objects/Add Document for Pending Case' located by 'By.xpath: //a[@id = '_newreg_WAR_registrationportlet_dialogBtn' and (text() = '
					ADD DOCUMENT
	             ' or . = '
					ADD DOCUMENT
	             ')]' not found)

2018-12-13 13:25:30 - [MESSAGE][FAILED] - Unable to click on object 'Object Repository/Final Object Repo/New Registration - Registration Module Pages/New Reg - OTC to RO/Special Case - All Related Objects/Add Document for Pending Case' (Root cause: com.kms.katalon.core.webui.exception.WebElementNotFoundException: Web element with id: 'Object Repository/Final Object Repo/New Registration - Registration Module Pages/New Reg - OTC to RO/Special Case - All Related Objects/Add Document for Pending Case' located by 'By.xpath: //a[@id = '_newreg_WAR_registrationportlet_dialogBtn' and (text() = '
					ADD DOCUMENT
	             ' or . = '
					ADD DOCUMENT
	             ')]' not found)
[[ATTACHMENT|C:\\Users\\Admin\\Desktop\\PKS\\Perkeso Phase A\\Reports\\Workflow\\New Registration\\20181213_103053\\1544678730414.png]]

2018-12-13 13:25:30 - [TEST_STEP][PASSED] - delay: Delayed 2 second(s)

2018-12-13 13:25:32 - [MESSAGE][PASSED] - Delayed 2 second(s)

2018-12-13 13:25:32 - [TEST_STEP][FAILED] - click: Unable to click on object 'Object Repository/Final Object Repo/New Registration - Registration Module Pages/New Reg - OTC to RO/Special Case - All Related Objects/Upload Pending Doc - Please Select' (Root cause: com.kms.katalon.core.webui.exception.WebElementNotFoundException: Web element with id: 'Object Repository/Final Object Repo/New Registration - Registration Module Pages/New Reg - OTC to RO/Special Case - All Related Objects/Upload Pending Doc - Please Select' located by 'By.xpath: //span[@class = 'select2-selection__rendered' and @id = 'select2-_newreg_WAR_registrationportlet_objdocTypeId-container']' not found)

2018-12-13 13:26:05 - [MESSAGE][FAILED] - Unable to click on object 'Object Repository/Final Object Repo/New Registration - Registration Module Pages/New Reg - OTC to RO/Special Case - All Related Objects/Upload Pending Doc - Please Select' (Root cause: com.kms.katalon.core.webui.exception.WebElementNotFoundException: Web element with id: 'Object Repository/Final Object Repo/New Registration - Registration Module Pages/New Reg - OTC to RO/Special Case - All Related Objects/Upload Pending Doc - Please Select' located by 'By.xpath: //span[@class = 'select2-selection__rendered' and @id = 'select2-_newreg_WAR_registrationportlet_objdocTypeId-container']' not found)
[[ATTACHMENT|C:\\Users\\Admin\\Desktop\\PKS\\Perkeso Phase A\\Reports\\Workflow\\New Registration\\20181213_103053\\1544678765565.png]]

2018-12-13 13:26:05 - [TEST_STEP][FAILED] - click: Unable to click on object 'Object Repository/Final Object Repo/New Registration - Registration Module Pages/New Reg - OTC to RO/Special Case - All Related Objects/Select to Others to Upload' (Root cause: com.kms.katalon.core.webui.exception.WebElementNotFoundException: Web element with id: 'Object Repository/Final Object Repo/New Registration - Registration Module Pages/New Reg - OTC to RO/Special Case - All Related Objects/Select to Others to Upload' located by 'By.xpath: //span/ul/li/span[contains(text(),"Others")]' not found)

2018-12-13 13:26:37 - [MESSAGE][FAILED] - Unable to click on object 'Object Repository/Final Object Repo/New Registration - Registration Module Pages/New Reg - OTC to RO/Special Case - All Related Objects/Select to Others to Upload' (Root cause: com.kms.katalon.core.webui.exception.WebElementNotFoundException: Web element with id: 'Object Repository/Final Object Repo/New Registration - Registration Module Pages/New Reg - OTC to RO/Special Case - All Related Objects/Select to Others to Upload' located by 'By.xpath: //span/ul/li/span[contains(text(),"Others")]' not found)
[[ATTACHMENT|C:\\Users\\Admin\\Desktop\\PKS\\Perkeso Phase A\\Reports\\Workflow\\New Registration\\20181213_103053\\1544678796920.png]]

2018-12-13 13:26:37 - [TEST_STEP][PASSED] - delay: Delayed 2 second(s)

2018-12-13 13:26:39 - [MESSAGE][PASSED] - Delayed 2 second(s)

2018-12-13 13:26:39 - [TEST_STEP][FAILED] - uploadFile: Unable to upload file 'C:\Users\Public\Pictures\Sample Pictures\Koala.jpg' to object 'Object Repository/Final Object Repo/New Registration - Registration Module Pages/New Reg - OTC to RO/Special Case - All Related Objects/Uploading Pending Case Action' (Root cause: com.kms.katalon.core.webui.exception.WebElementNotFoundException: Web element with id: 'Object Repository/Final Object Repo/New Registration - Registration Module Pages/New Reg - OTC to RO/Special Case - All Related Objects/Uploading Pending Case Action' located by 'By.xpath: //input[@id = '_newreg_WAR_registrationportlet_uploadFile' and @name = '_newreg_WAR_registrationportlet_uploadFile' and @type = 'file']' not found)

2018-12-13 13:27:10 - [MESSAGE][FAILED] - Unable to upload file 'C:\Users\Public\Pictures\Sample Pictures\Koala.jpg' to object 'Object Repository/Final Object Repo/New Registration - Registration Module Pages/New Reg - OTC to RO/Special Case - All Related Objects/Uploading Pending Case Action' (Root cause: com.kms.katalon.core.webui.exception.WebElementNotFoundException: Web element with id: 'Object Repository/Final Object Repo/New Registration - Registration Module Pages/New Reg - OTC to RO/Special Case - All Related Objects/Uploading Pending Case Action' located by 'By.xpath: //input[@id = '_newreg_WAR_registrationportlet_uploadFile' and @name = '_newreg_WAR_registrationportlet_uploadFile' and @type = 'file']' not found)
[[ATTACHMENT|C:\\Users\\Admin\\Desktop\\PKS\\Perkeso Phase A\\Reports\\Workflow\\New Registration\\20181213_103053\\1544678830554.png]]

2018-12-13 13:27:10 - [TEST_STEP][FAILED] - click: Unable to click on object 'Object Repository/Final Object Repo/New Registration - Registration Module Pages/New Reg - OTC to RO/Special Case - All Related Objects/Inner form Add Document Button Pending Case' (Root cause: com.kms.katalon.core.webui.exception.WebElementNotFoundException: Web element with id: 'Object Repository/Final Object Repo/New Registration - Registration Module Pages/New Reg - OTC to RO/Special Case - All Related Objects/Inner form Add Document Button Pending Case' located by 'By.xpath: //a[@class = 'btn btn-lg blueBtn col-md-2 pull-right' and @targets = 'baseMsgDivId' and (text() = '
										ADD DOCUMENT
								     ' or . = '
										ADD DOCUMENT
								     ')]' not found)

2018-12-13 13:27:45 - [MESSAGE][FAILED] - Unable to click on object 'Object Repository/Final Object Repo/New Registration - Registration Module Pages/New Reg - OTC to RO/Special Case - All Related Objects/Inner form Add Document Button Pending Case' (Root cause: com.kms.katalon.core.webui.exception.WebElementNotFoundException: Web element with id: 'Object Repository/Final Object Repo/New Registration - Registration Module Pages/New Reg - OTC to RO/Special Case - All Related Objects/Inner form Add Document Button Pending Case' located by 'By.xpath: //a[@class = 'btn btn-lg blueBtn col-md-2 pull-right' and @targets = 'baseMsgDivId' and (text() = '
										ADD DOCUMENT
								     ' or . = '
										ADD DOCUMENT
								     ')]' not found)
[[ATTACHMENT|C:\\Users\\Admin\\Desktop\\PKS\\Perkeso Phase A\\Reports\\Workflow\\New Registration\\20181213_103053\\1544678865191.png]]

2018-12-13 13:27:45 - [TEST_STEP][FAILED] - click: Unable to click on object 'Object Repository/Final Object Repo/New Registration - Registration Module Pages/New Reg - OTC to RO/Special Case - All Related Objects/Pending Case Exit' (Root cause: com.kms.katalon.core.webui.exception.WebElementNotFoundException: Web element with id: 'Object Repository/Final Object Repo/New Registration - Registration Module Pages/New Reg - OTC to RO/Special Case - All Related Objects/Pending Case Exit' located by 'By.xpath: //a[@id = '_newreg_WAR_registrationportlet_exitBtnId' and @class = 'btn btn-lg blueBtn col-md-2 pull-right' and (text() = '
									EXIT
				                ' or . = '
									EXIT
				                ')]' not found)

2018-12-13 13:28:18 - [MESSAGE][FAILED] - Unable to click on object 'Object Repository/Final Object Repo/New Registration - Registration Module Pages/New Reg - OTC to RO/Special Case - All Related Objects/Pending Case Exit' (Root cause: com.kms.katalon.core.webui.exception.WebElementNotFoundException: Web element with id: 'Object Repository/Final Object Repo/New Registration - Registration Module Pages/New Reg - OTC to RO/Special Case - All Related Objects/Pending Case Exit' located by 'By.xpath: //a[@id = '_newreg_WAR_registrationportlet_exitBtnId' and @class = 'btn btn-lg blueBtn col-md-2 pull-right' and (text() = '
									EXIT
				                ' or . = '
									EXIT
				                ')]' not found)
[[ATTACHMENT|C:\\Users\\Admin\\Desktop\\PKS\\Perkeso Phase A\\Reports\\Workflow\\New Registration\\20181213_103053\\1544678898010.png]]

2018-12-13 13:28:18 - [TEST_STEP][PASSED] - callTestCase: Call Test Case 'Test Cases/Final Aug 2018 - PKS Automation/Registration Module/Log Out/log out avoiding katalon tagging' successfully

2018-12-13 13:28:18 - [TEST_CASE][PASSED] - Test Cases/Final Aug 2018 - PKS Automation/Registration Module/Log Out/log out avoiding katalon tagging: Test Cases/Final Aug 2018 - PKS Automation/Registration Module/Log Out/log out avoiding katalon tagging

2018-12-13 13:28:18 - [TEST_STEP][PASSED] - navigateToUrl: Navigate to 'https://assist2-uat.perkeso.gov.my/c/portal/logout' successfully

2018-12-13 13:28:19 - [MESSAGE][PASSED] - Navigate to 'https://assist2-uat.perkeso.gov.my/c/portal/logout' successfully

2018-12-13 13:28:19 - [MESSAGE][PASSED] - Call Test Case 'Test Cases/Final Aug 2018 - PKS Automation/Registration Module/Log Out/log out avoiding katalon tagging' successfully

2018-12-13 13:28:19 - [TEST_STEP][PASSED] - delay: Delayed 2 second(s)

2018-12-13 13:28:21 - [MESSAGE][PASSED] - Delayed 2 second(s)

2018-12-13 13:28:21 - [TEST_STEP][PASSED] - callTestCase: Call Test Case 'Test Cases/Final Aug 2018 - PKS Automation/Common/Workflow Owner Finder' successfully

2018-12-13 13:28:21 - [TEST_CASE][PASSED] - Test Cases/Final Aug 2018 - PKS Automation/Common/Workflow Owner Finder: Test Cases/Final Aug 2018 - PKS Automation/Common/Workflow Owner Finder

2018-12-13 13:28:21 - [TEST_STEP][PASSED] - openBrowser: Browser is opened with url: ''

2018-12-13 13:28:21 - [MESSAGE][WARNING] - A browser is already opened. Closing browser and opening a new one

2018-12-13 13:28:25 - [MESSAGE][PASSED] - Browser is opened with url: ''

2018-12-13 13:28:25 - [TEST_STEP][PASSED] - navigateToUrl: Navigate to 'https://assist2-uat.perkeso.gov.my/login' successfully

2018-12-13 13:28:26 - [MESSAGE][PASSED] - Navigate to 'https://assist2-uat.perkeso.gov.my/login' successfully

2018-12-13 13:28:26 - [TEST_STEP][PASSED] - delay: Delayed 5 second(s)

2018-12-13 13:28:31 - [MESSAGE][PASSED] - Delayed 5 second(s)

2018-12-13 13:28:31 - [TEST_STEP][PASSED] - setText: Text 'test@liferay.com' is set on object 'Object Repository/Final Object Repo/Login Page/Internal User/Email Address'

2018-12-13 13:28:31 - [MESSAGE][PASSED] - Text 'test@liferay.com' is set on object 'Object Repository/Final Object Repo/Login Page/Internal User/Email Address'

2018-12-13 13:28:31 - [TEST_STEP][PASSED] - click: Object: 'Object Repository/Final Object Repo/Login Page/Internal User/Next Button' is clicked on

2018-12-13 13:28:31 - [MESSAGE][PASSED] - Object: 'Object Repository/Final Object Repo/Login Page/Internal User/Next Button' is clicked on

2018-12-13 13:28:31 - [TEST_STEP][PASSED] - delay: Delayed 2 second(s)

2018-12-13 13:28:33 - [MESSAGE][PASSED] - Delayed 2 second(s)

2018-12-13 13:28:33 - [TEST_STEP][PASSED] - setText: Text 'test' is set on object 'Object Repository/Final Object Repo/Login Page/Internal User/Password'

2018-12-13 13:28:34 - [MESSAGE][PASSED] - Text 'test' is set on object 'Object Repository/Final Object Repo/Login Page/Internal User/Password'

2018-12-13 13:28:34 - [TEST_STEP][PASSED] - delay: Delayed 2 second(s)

2018-12-13 13:28:36 - [MESSAGE][PASSED] - Delayed 2 second(s)

2018-12-13 13:28:36 - [TEST_STEP][PASSED] - click: Object: 'Object Repository/Final Object Repo/Login Page/Internal User/Login Button' is clicked on

2018-12-13 13:28:36 - [MESSAGE][PASSED] - Object: 'Object Repository/Final Object Repo/Login Page/Internal User/Login Button' is clicked on

2018-12-13 13:28:36 - [TEST_STEP][PASSED] - Statement - tester = com.kms.katalon.core.testobject.ObjectRepository.findTestObject(Final Object Repo/Landing Page/Select to English): Finding Test Object with id 'Object Repository/Final Object Repo/Landing Page/Select to English'

2018-12-13 13:28:36 - [TEST_STEP][PASSED] - Statement - Try: Delayed 2 second(s)

2018-12-13 13:28:36 - [TEST_STEP][PASSED] - Statement - Checker = com.kms.katalon.core.webui.keyword.WebUiBuiltInKeywords.verifyElementNotPresent(tester, 3): Web element with id: 'Object Repository/Final Object Repo/Landing Page/Select to English' located by 'By.xpath: //a[@class = 'taglib-language-list-text' and @lang = 'en-US' and (contains(text(), 'EN') or contains(., 'EN'))]' is not present after '3' second(s)

2018-12-13 13:28:38 - [MESSAGE][PASSED] - Web element with id: 'Object Repository/Final Object Repo/Landing Page/Select to English' located by 'By.xpath: //a[@class = 'taglib-language-list-text' and @lang = 'en-US' and (contains(text(), 'EN') or contains(., 'EN'))]' is not present after '3' second(s)

2018-12-13 13:28:38 - [TEST_STEP][PASSED] - Statement - If (Checker == false): null

2018-12-13 13:28:38 - [TEST_STEP][PASSED] - delay: Delayed 2 second(s)

2018-12-13 13:28:40 - [MESSAGE][PASSED] - Delayed 2 second(s)

2018-12-13 13:28:40 - [TEST_STEP][PASSED] - delay: Delayed 5 second(s)

2018-12-13 13:28:45 - [MESSAGE][PASSED] - Delayed 5 second(s)

2018-12-13 13:28:45 - [TEST_STEP][PASSED] - mouseOver: Object: 'Object Repository/Final Object Repo/Landing Page/WorkFlow Menu' is hovered

2018-12-13 13:28:45 - [MESSAGE][PASSED] - Object: 'Object Repository/Final Object Repo/Landing Page/WorkFlow Menu' is hovered

2018-12-13 13:28:45 - [TEST_STEP][PASSED] - delay: Delayed 2 second(s)

2018-12-13 13:28:47 - [MESSAGE][PASSED] - Delayed 2 second(s)

2018-12-13 13:28:47 - [TEST_STEP][PASSED] - click: Object: 'Object Repository/Final Object Repo/Landing Page/Select to Workflow Listing' is clicked on

2018-12-13 13:28:48 - [MESSAGE][PASSED] - Object: 'Object Repository/Final Object Repo/Landing Page/Select to Workflow Listing' is clicked on

2018-12-13 13:28:48 - [TEST_STEP][PASSED] - delay: Delayed 2 second(s)

2018-12-13 13:28:50 - [MESSAGE][PASSED] - Delayed 2 second(s)

2018-12-13 13:28:50 - [TEST_STEP][PASSED] - click: Object: 'Object Repository/Final Object Repo/WorkFlow Listing Page/Search Information - To Put Ref No' is clicked on

2018-12-13 13:28:50 - [MESSAGE][PASSED] - Object: 'Object Repository/Final Object Repo/WorkFlow Listing Page/Search Information - To Put Ref No' is clicked on

2018-12-13 13:28:50 - [TEST_STEP][PASSED] - delay: Delayed 2 second(s)

2018-12-13 13:28:52 - [MESSAGE][PASSED] - Delayed 2 second(s)

2018-12-13 13:28:52 - [TEST_STEP][PASSED] - callTestCase: Call Test Case 'Test Cases/Final Aug 2018 - PKS Automation/Common/Reference Number Getter' successfully

2018-12-13 13:28:52 - [TEST_CASE][PASSED] - Test Cases/Final Aug 2018 - PKS Automation/Common/Reference Number Getter: Test Cases/Final Aug 2018 - PKS Automation/Common/Reference Number Getter

2018-12-13 13:28:52 - [TEST_STEP][PASSED] - Statement - Try: null

2018-12-13 13:28:52 - [TEST_STEP][PASSED] - Statement - RefNo = new java.io.File(C://Users//Admin//Desktop//PKS//Automation Reference Point//KatalonReference.txt): null

2018-12-13 13:28:52 - [TEST_STEP][PASSED] - Statement - bufferread = new java.io.BufferedReader(new java.io.FileReader(RefNo)): null

2018-12-13 13:28:52 - [TEST_STEP][PASSED] - Statement - readedVal = bufferread.readLine(): null

2018-12-13 13:28:52 - [TEST_STEP][PASSED] - Statement - out.println(CaseReferenceNo): null

2018-12-13 13:28:52 - [TEST_STEP][PASSED] - Statement - out.println(readedVal): null

2018-12-13 13:28:52 - [TEST_STEP][PASSED] - Statement - CaseReferenceNo = "": null

2018-12-13 13:28:52 - [TEST_STEP][PASSED] - Statement - CaseReferenceNo = readedVal: null

2018-12-13 13:28:52 - [MESSAGE][PASSED] - Call Test Case 'Test Cases/Final Aug 2018 - PKS Automation/Common/Reference Number Getter' successfully

2018-12-13 13:28:52 - [TEST_STEP][PASSED] - setText: Text 'CRN12201800123275' is set on object 'Object Repository/Final Object Repo/WorkFlow Listing Page/Ref No Set Text'

2018-12-13 13:28:52 - [MESSAGE][PASSED] - Text 'CRN12201800123275' is set on object 'Object Repository/Final Object Repo/WorkFlow Listing Page/Ref No Set Text'

2018-12-13 13:28:52 - [TEST_STEP][PASSED] - delay: Delayed 2 second(s)

2018-12-13 13:28:54 - [MESSAGE][PASSED] - Delayed 2 second(s)

2018-12-13 13:28:54 - [TEST_STEP][PASSED] - click: Object: 'Object Repository/Final Object Repo/WorkFlow Listing Page/Search Ref No Search Button' is clicked on

2018-12-13 13:28:55 - [MESSAGE][PASSED] - Object: 'Object Repository/Final Object Repo/WorkFlow Listing Page/Search Ref No Search Button' is clicked on

2018-12-13 13:28:55 - [TEST_STEP][PASSED] - delay: Delayed 6 second(s)

2018-12-13 13:29:01 - [MESSAGE][PASSED] - Delayed 6 second(s)

2018-12-13 13:29:01 - [TEST_STEP][PASSED] - click: Object: 'Object Repository/Final Object Repo/WorkFlow Listing Page/Click Continue Tooltip' is clicked on

2018-12-13 13:29:01 - [MESSAGE][PASSED] - Object: 'Object Repository/Final Object Repo/WorkFlow Listing Page/Click Continue Tooltip' is clicked on

2018-12-13 13:29:01 - [TEST_STEP][PASSED] - delay: Delayed 5 second(s)

2018-12-13 13:29:06 - [MESSAGE][PASSED] - Delayed 5 second(s)

2018-12-13 13:29:06 - [TEST_STEP][PASSED] - doubleClick: Object: 'Object Repository/Final Object Repo/WorkFlow Listing Page/Workflow Found - Listing 1' is double clicked on

2018-12-13 13:29:07 - [MESSAGE][PASSED] - Object: 'Object Repository/Final Object Repo/WorkFlow Listing Page/Workflow Found - Listing 1' is double clicked on

2018-12-13 13:29:07 - [TEST_STEP][PASSED] - Statement - println(OwnerID): null

2018-12-13 13:29:07 - [TEST_STEP][PASSED] - Statement - OwnerID = com.kms.katalon.core.webui.keyword.WebUiBuiltInKeywords.getText(com.kms.katalon.core.testobject.ObjectRepository.findTestObject(Final Object Repo/WorkFlow Listing Page/Workflow Found - Listing 1), STOP_ON_FAILURE): Text of object 'Object Repository/Final Object Repo/WorkFlow Listing Page/Workflow Found - Listing 1' is: 'JOHORro1'

2018-12-13 13:29:07 - [MESSAGE][PASSED] - Text of object 'Object Repository/Final Object Repo/WorkFlow Listing Page/Workflow Found - Listing 1' is: 'JOHORro1'

2018-12-13 13:29:07 - [TEST_STEP][PASSED] - Statement - OwnerID = OwnerID.toLowerCase() + "@gmail.com": null

2018-12-13 13:29:07 - [TEST_STEP][PASSED] - Statement - println(OwnerID): null

2018-12-13 13:29:07 - [TEST_STEP][PASSED] - delay: Delayed 2 second(s)

2018-12-13 13:29:09 - [MESSAGE][PASSED] - Delayed 2 second(s)

2018-12-13 13:29:09 - [MESSAGE][PASSED] - Call Test Case 'Test Cases/Final Aug 2018 - PKS Automation/Common/Workflow Owner Finder' successfully

2018-12-13 13:29:09 - [TEST_STEP][PASSED] - callTestCase: Call Test Case 'Test Cases/Final Aug 2018 - PKS Automation/Registration Module/Log Out/log out avoiding katalon tagging' successfully

2018-12-13 13:29:09 - [TEST_CASE][PASSED] - Test Cases/Final Aug 2018 - PKS Automation/Registration Module/Log Out/log out avoiding katalon tagging: Test Cases/Final Aug 2018 - PKS Automation/Registration Module/Log Out/log out avoiding katalon tagging

2018-12-13 13:29:09 - [TEST_STEP][PASSED] - navigateToUrl: Navigate to 'https://assist2-uat.perkeso.gov.my/c/portal/logout' successfully

2018-12-13 13:29:10 - [MESSAGE][PASSED] - Navigate to 'https://assist2-uat.perkeso.gov.my/c/portal/logout' successfully

2018-12-13 13:29:10 - [MESSAGE][PASSED] - Call Test Case 'Test Cases/Final Aug 2018 - PKS Automation/Registration Module/Log Out/log out avoiding katalon tagging' successfully

2018-12-13 13:29:10 - [TEST_STEP][PASSED] - delay: Delayed 2 second(s)

2018-12-13 13:29:12 - [MESSAGE][PASSED] - Delayed 2 second(s)

2018-12-13 13:29:12 - [TEST_STEP][PASSED] - setText: Text 'johorro1@gmail.com' is set on object 'Object Repository/Final Object Repo/Login Page/Internal User/Email Address'

2018-12-13 13:29:12 - [MESSAGE][PASSED] - Text 'johorro1@gmail.com' is set on object 'Object Repository/Final Object Repo/Login Page/Internal User/Email Address'

2018-12-13 13:29:12 - [TEST_STEP][PASSED] - click: Object: 'Object Repository/Final Object Repo/Login Page/Internal User/Next Button' is clicked on

2018-12-13 13:29:12 - [MESSAGE][PASSED] - Object: 'Object Repository/Final Object Repo/Login Page/Internal User/Next Button' is clicked on

2018-12-13 13:29:12 - [TEST_STEP][PASSED] - delay: Delayed 2 second(s)

2018-12-13 13:29:14 - [MESSAGE][PASSED] - Delayed 2 second(s)

2018-12-13 13:29:14 - [TEST_STEP][PASSED] - setText: Text 'Test1@3456789' is set on object 'Object Repository/Final Object Repo/Login Page/Internal User/Password'

2018-12-13 13:29:14 - [MESSAGE][PASSED] - Text 'Test1@3456789' is set on object 'Object Repository/Final Object Repo/Login Page/Internal User/Password'

2018-12-13 13:29:14 - [TEST_STEP][PASSED] - delay: Delayed 2 second(s)

2018-12-13 13:29:16 - [MESSAGE][PASSED] - Delayed 2 second(s)

2018-12-13 13:29:16 - [TEST_STEP][PASSED] - click: Object: 'Object Repository/Final Object Repo/Login Page/Internal User/Login Button' is clicked on

2018-12-13 13:29:16 - [MESSAGE][PASSED] - Object: 'Object Repository/Final Object Repo/Login Page/Internal User/Login Button' is clicked on

2018-12-13 13:29:16 - [TEST_STEP][PASSED] - delay: Delayed 2 second(s)

2018-12-13 13:29:18 - [MESSAGE][PASSED] - Delayed 2 second(s)

2018-12-13 13:29:18 - [TEST_STEP][PASSED] - Statement - Try: null

2018-12-13 13:29:18 - [TEST_STEP][PASSED] - Statement - Checker = com.kms.katalon.core.webui.keyword.WebUiBuiltInKeywords.verifyElementNotPresent("Final Object Repo/Landing Page/Select to English", 3): null

2018-12-13 13:29:18 - [TEST_STEP][PASSED] - Statement - Catch (Exception e): null

2018-12-13 13:29:18 - [TEST_STEP][PASSED] - Statement - e.printStackTrace(): null

2018-12-13 13:29:18 - [TEST_STEP][PASSED] - click: Object: 'Object Repository/Final Object Repo/New Registration - Registration Module Pages/New Reg - OTC to RO/Special Case - All Related Objects/Expand to Search' is clicked on

2018-12-13 13:29:19 - [MESSAGE][PASSED] - Object: 'Object Repository/Final Object Repo/New Registration - Registration Module Pages/New Reg - OTC to RO/Special Case - All Related Objects/Expand to Search' is clicked on

2018-12-13 13:29:19 - [TEST_STEP][PASSED] - callTestCase: Call Test Case 'Test Cases/Final Aug 2018 - PKS Automation/Common/Reference Number Getter' successfully

2018-12-13 13:29:19 - [TEST_CASE][PASSED] - Test Cases/Final Aug 2018 - PKS Automation/Common/Reference Number Getter: Test Cases/Final Aug 2018 - PKS Automation/Common/Reference Number Getter

2018-12-13 13:29:19 - [TEST_STEP][PASSED] - Statement - Try: null

2018-12-13 13:29:19 - [TEST_STEP][PASSED] - Statement - RefNo = new java.io.File(C://Users//Admin//Desktop//PKS//Automation Reference Point//KatalonReference.txt): null

2018-12-13 13:29:19 - [TEST_STEP][PASSED] - Statement - bufferread = new java.io.BufferedReader(new java.io.FileReader(RefNo)): null

2018-12-13 13:29:19 - [TEST_STEP][PASSED] - Statement - readedVal = bufferread.readLine(): null

2018-12-13 13:29:19 - [TEST_STEP][PASSED] - Statement - out.println(CaseReferenceNo): null

2018-12-13 13:29:19 - [TEST_STEP][PASSED] - Statement - out.println(readedVal): null

2018-12-13 13:29:19 - [TEST_STEP][PASSED] - Statement - CaseReferenceNo = "": null

2018-12-13 13:29:19 - [TEST_STEP][PASSED] - Statement - CaseReferenceNo = readedVal: null

2018-12-13 13:29:19 - [MESSAGE][PASSED] - Call Test Case 'Test Cases/Final Aug 2018 - PKS Automation/Common/Reference Number Getter' successfully

2018-12-13 13:29:19 - [TEST_STEP][PASSED] - setText: Text 'CRN12201800123275' is set on object 'Object Repository/Final Object Repo/New Registration - Registration Module Pages/New Reg - OTC to RO/Special Case - All Related Objects/TextBox RefNo in Workbasket'

2018-12-13 13:29:19 - [MESSAGE][PASSED] - Text 'CRN12201800123275' is set on object 'Object Repository/Final Object Repo/New Registration - Registration Module Pages/New Reg - OTC to RO/Special Case - All Related Objects/TextBox RefNo in Workbasket'

2018-12-13 13:29:19 - [TEST_STEP][PASSED] - delay: Delayed 2 second(s)

2018-12-13 13:29:21 - [MESSAGE][PASSED] - Delayed 2 second(s)

2018-12-13 13:29:21 - [TEST_STEP][PASSED] - click: Object: 'Object Repository/Final Object Repo/New Registration - Registration Module Pages/New Reg - OTC to RO/Special Case - All Related Objects/Click Search' is clicked on

2018-12-13 13:29:21 - [MESSAGE][PASSED] - Object: 'Object Repository/Final Object Repo/New Registration - Registration Module Pages/New Reg - OTC to RO/Special Case - All Related Objects/Click Search' is clicked on

2018-12-13 13:29:21 - [TEST_STEP][PASSED] - delay: Delayed 2 second(s)

2018-12-13 13:29:23 - [MESSAGE][PASSED] - Delayed 2 second(s)

2018-12-13 13:29:23 - [TEST_STEP][PASSED] - click: Object: 'Object Repository/Final Object Repo/New Registration - Registration Module Pages/New Reg - OTC to RO/Special Case - All Related Objects/Click to Continue Workflow' is clicked on

2018-12-13 13:29:27 - [MESSAGE][PASSED] - Object: 'Object Repository/Final Object Repo/New Registration - Registration Module Pages/New Reg - OTC to RO/Special Case - All Related Objects/Click to Continue Workflow' is clicked on

2018-12-13 13:29:27 - [TEST_STEP][PASSED] - delay: Delayed 2 second(s)

2018-12-13 13:29:29 - [MESSAGE][PASSED] - Delayed 2 second(s)

2018-12-13 13:29:29 - [TEST_STEP][PASSED] - click: Object: 'Object Repository/Final Object Repo/New Registration - Registration Module Pages/New Reg - OTC to RO/Special Case - All Related Objects/Continue Button in verifying case' is clicked on

2018-12-13 13:29:31 - [MESSAGE][PASSED] - Object: 'Object Repository/Final Object Repo/New Registration - Registration Module Pages/New Reg - OTC to RO/Special Case - All Related Objects/Continue Button in verifying case' is clicked on

2018-12-13 13:29:31 - [TEST_STEP][PASSED] - delay: Delayed 2 second(s)

2018-12-13 13:29:33 - [MESSAGE][PASSED] - Delayed 2 second(s)

2018-12-13 13:29:33 - [TEST_STEP][PASSED] - click: Object: 'Object Repository/Final Object Repo/New Registration - Registration Module Pages/New Reg - OTC to RO/Special Case - All Related Objects/Form 1 Save n Continue' is clicked on

2018-12-13 13:29:33 - [MESSAGE][PASSED] - Object: 'Object Repository/Final Object Repo/New Registration - Registration Module Pages/New Reg - OTC to RO/Special Case - All Related Objects/Form 1 Save n Continue' is clicked on

2018-12-13 13:29:33 - [TEST_STEP][PASSED] - delay: Delayed 2 second(s)

2018-12-13 13:29:35 - [MESSAGE][PASSED] - Delayed 2 second(s)

2018-12-13 13:29:35 - [TEST_STEP][PASSED] - click: Object: 'Object Repository/Final Object Repo/New Registration - Registration Module Pages/New Reg - OTC to RO/Special Case - All Related Objects/Form 2 Save n Continue' is clicked on

2018-12-13 13:29:35 - [MESSAGE][PASSED] - Object: 'Object Repository/Final Object Repo/New Registration - Registration Module Pages/New Reg - OTC to RO/Special Case - All Related Objects/Form 2 Save n Continue' is clicked on

2018-12-13 13:29:35 - [TEST_STEP][PASSED] - delay: Delayed 2 second(s)

2018-12-13 13:29:37 - [MESSAGE][PASSED] - Delayed 2 second(s)

2018-12-13 13:29:37 - [TEST_STEP][PASSED] - click: Object: 'Object Repository/Final Object Repo/New Registration - Registration Module Pages/New Reg - OTC to RO/Special Case - All Related Objects/Third Screen Save n Continue' is clicked on

2018-12-13 13:29:42 - [MESSAGE][PASSED] - Object: 'Object Repository/Final Object Repo/New Registration - Registration Module Pages/New Reg - OTC to RO/Special Case - All Related Objects/Third Screen Save n Continue' is clicked on

2018-12-13 13:29:42 - [TEST_STEP][PASSED] - delay: Delayed 5 second(s)

2018-12-13 13:29:47 - [MESSAGE][PASSED] - Delayed 5 second(s)

2018-12-13 13:29:47 - [TEST_STEP][PASSED] - click: Object: 'Object Repository/Final Object Repo/New Registration - Registration Module Pages/New Reg - OTC to RO/Special Case - All Related Objects/Upload Doc Page Save n Continue' is clicked on

2018-12-13 13:29:47 - [MESSAGE][PASSED] - Object: 'Object Repository/Final Object Repo/New Registration - Registration Module Pages/New Reg - OTC to RO/Special Case - All Related Objects/Upload Doc Page Save n Continue' is clicked on

2018-12-13 13:29:47 - [TEST_STEP][PASSED] - delay: Delayed 5 second(s)

2018-12-13 13:29:52 - [MESSAGE][PASSED] - Delayed 5 second(s)

2018-12-13 13:29:52 - [TEST_STEP][FAILED] - callTestCase: Unable to call Test Case with id 'Test Cases/Final Aug 2018 - PKS Automation/Registration Module/New Registration/Submit and Screenshot/Submit Registration and Screenshot' (Root cause: Call Test Case 'Test Cases/Final Aug 2018 - PKS Automation/Registration Module/New Registration/Submit and Screenshot/Submit Registration and Screenshot' failed)

2018-12-13 13:29:52 - [TEST_CASE][FAILED] - Test Cases/Final Aug 2018 - PKS Automation/Registration Module/New Registration/Submit and Screenshot/Submit Registration and Screenshot: Test Cases/Final Aug 2018 - PKS Automation/Registration Module/New Registration/Submit and Screenshot/Submit Registration and Screenshot FAILED because (of) (Stack trace: com.kms.katalon.core.exception.StepFailedException: Unable to click on object 'Object Repository/Final Object Repo/New Registration - Registration Module Pages/Third Screen - Upload Supporting Doc- Preview/Preview Submit Button' (Root cause: com.kms.katalon.core.webui.exception.WebElementNotFoundException: Web element with id: 'Object Repository/Final Object Repo/New Registration - Registration Module Pages/Third Screen - Upload Supporting Doc- Preview/Preview Submit Button' located by 'By.xpath: //a[@popupvalidatesubmit = 'true' and @class = 'btn btn-lg blueBtn col-md-2 pull-right browserIdBtn' and (text() = ' SUBMIT
					' or . = ' SUBMIT
					')]' not found)
	at com.kms.katalon.core.keyword.internal.KeywordMain.stepFailed(KeywordMain.groovy:32)
	at com.kms.katalon.core.webui.keyword.internal.WebUIKeywordMain.stepFailed(WebUIKeywordMain.groovy:65)
	at com.kms.katalon.core.webui.keyword.internal.WebUIKeywordMain.runKeyword(WebUIKeywordMain.groovy:27)
	at com.kms.katalon.core.webui.keyword.builtin.ClickKeyword.click(ClickKeyword.groovy:86)
	at com.kms.katalon.core.webui.keyword.builtin.ClickKeyword.execute(ClickKeyword.groovy:67)
	at com.kms.katalon.core.keyword.internal.KeywordExecutor.executeKeywordForPlatform(KeywordExecutor.groovy:53)
	at com.kms.katalon.core.webui.keyword.WebUiBuiltInKeywords.click(WebUiBuiltInKeywords.groovy:616)
	at com.kms.katalon.core.webui.keyword.WebUiBuiltInKeywords$click$2.call(Unknown Source)
	at Script1534476274484.run(Script1534476274484.groovy:32)
	at com.kms.katalon.core.main.ScriptEngine.run(ScriptEngine.java:183)
	at com.kms.katalon.core.main.ScriptEngine.runScriptAsRawText(ScriptEngine.java:108)
	at com.kms.katalon.core.main.TestCaseExecutor.runScript(TestCaseExecutor.java:294)
	at com.kms.katalon.core.main.TestCaseExecutor.doExecute(TestCaseExecutor.java:285)
	at com.kms.katalon.core.main.TestCaseExecutor.processExecutionPhase(TestCaseExecutor.java:264)
	at com.kms.katalon.core.main.TestCaseExecutor.accessMainPhase(TestCaseExecutor.java:256)
	at com.kms.katalon.core.main.TestCaseExecutor.execute(TestCaseExecutor.java:200)
	at com.kms.katalon.core.main.TestCaseMain.runTestCase(TestCaseMain.java:99)
	at com.kms.katalon.core.keyword.builtin.CallTestCaseKeyword$_callTestCase_closure1.doCall(CallTestCaseKeyword.groovy:60)
	at com.kms.katalon.core.keyword.builtin.CallTestCaseKeyword$_callTestCase_closure1.call(CallTestCaseKeyword.groovy)
	at com.kms.katalon.core.keyword.internal.KeywordMain.runKeyword(KeywordMain.groovy:54)
	at com.kms.katalon.core.keyword.builtin.CallTestCaseKeyword.callTestCase(CallTestCaseKeyword.groovy:81)
	at com.kms.katalon.core.keyword.builtin.CallTestCaseKeyword.execute(CallTestCaseKeyword.groovy:45)
	at com.kms.katalon.core.keyword.internal.KeywordExecutor.executeKeywordForPlatform(KeywordExecutor.groovy:53)
	at com.kms.katalon.core.keyword.BuiltinKeywords.callTestCase(BuiltinKeywords.groovy:334)
	at sun.reflect.GeneratedMethodAccessor13.invoke(Unknown Source)
	at sun.reflect.DelegatingMethodAccessorImpl.invoke(DelegatingMethodAccessorImpl.java:43)
	at java.lang.reflect.Method.invoke(Method.java:498)
	at org.codehaus.groovy.reflection.CachedMethod.invoke(CachedMethod.java:93)
	at groovy.lang.MetaMethod.doMethodInvoke(MetaMethod.java:325)
	at groovy.lang.MetaClassImpl.invokeStaticMethod(MetaClassImpl.java:1469)
	at org.codehaus.groovy.runtime.callsite.StaticMetaClassSite.call(StaticMetaClassSite.java:53)
	at org.codehaus.groovy.runtime.callsite.CallSiteArray.defaultCall(CallSiteArray.java:48)
	at org.codehaus.groovy.runtime.callsite.AbstractCallSite.call(AbstractCallSite.java:113)
	at org.codehaus.groovy.runtime.callsite.AbstractCallSite.call(AbstractCallSite.java:141)
	at Script1535619019036.run(Script1535619019036.groovy:268)
	at com.kms.katalon.core.main.ScriptEngine.run(ScriptEngine.java:183)
	at com.kms.katalon.core.main.ScriptEngine.runScriptAsRawText(ScriptEngine.java:108)
	at com.kms.katalon.core.main.TestCaseExecutor.runScript(TestCaseExecutor.java:294)
	at com.kms.katalon.core.main.TestCaseExecutor.doExecute(TestCaseExecutor.java:285)
	at com.kms.katalon.core.main.TestCaseExecutor.processExecutionPhase(TestCaseExecutor.java:264)
	at com.kms.katalon.core.main.TestCaseExecutor.accessMainPhase(TestCaseExecutor.java:256)
	at com.kms.katalon.core.main.TestCaseExecutor.execute(TestCaseExecutor.java:200)
	at com.kms.katalon.core.main.TestSuiteExecutor.accessTestCaseMainPhase(TestSuiteExecutor.java:129)
	at com.kms.katalon.core.main.TestSuiteExecutor.accessTestSuiteMainPhase(TestSuiteExecutor.java:112)
	at com.kms.katalon.core.main.TestSuiteExecutor.execute(TestSuiteExecutor.java:81)
	at com.kms.katalon.core.main.TestCaseMain.startTestSuite(TestCaseMain.java:142)
	at com.kms.katalon.core.main.TestCaseMain$startTestSuite$0.call(Unknown Source)
	at org.codehaus.groovy.runtime.callsite.CallSiteArray.defaultCall(CallSiteArray.java:48)
	at org.codehaus.groovy.runtime.callsite.AbstractCallSite.call(AbstractCallSite.java:113)
	at org.codehaus.groovy.runtime.callsite.AbstractCallSite.call(AbstractCallSite.java:141)
	at TempTestSuite1544668253915.run(TempTestSuite1544668253915.groovy:36)
	at groovy.lang.GroovyShell.runScriptOrMainOrTestOrRunnable(GroovyShell.java:263)
	at groovy.lang.GroovyShell.run(GroovyShell.java:518)
	at groovy.lang.GroovyShell.run(GroovyShell.java:507)
	at groovy.ui.GroovyMain.processOnce(GroovyMain.java:653)
	at groovy.ui.GroovyMain.run(GroovyMain.java:384)
	at groovy.ui.GroovyMain.process(GroovyMain.java:370)
	at groovy.ui.GroovyMain.processArgs(GroovyMain.java:129)
	at groovy.ui.GroovyMain.main(GroovyMain.java:109)
	at sun.reflect.NativeMethodAccessorImpl.invoke0(Native Method)
	at sun.reflect.NativeMethodAccessorImpl.invoke(NativeMethodAccessorImpl.java:62)
	at sun.reflect.DelegatingMethodAccessorImpl.invoke(DelegatingMethodAccessorImpl.java:43)
	at java.lang.reflect.Method.invoke(Method.java:498)
	at org.codehaus.groovy.tools.GroovyStarter.rootLoader(GroovyStarter.java:109)
	at org.codehaus.groovy.tools.GroovyStarter.main(GroovyStarter.java:131)
)

2018-12-13 13:29:52 - [TEST_STEP][PASSED] - delay: Delayed 6 second(s)

2018-12-13 13:29:58 - [MESSAGE][PASSED] - Delayed 6 second(s)

2018-12-13 13:29:58 - [TEST_STEP][FAILED] - click: Unable to click on object 'Object Repository/Final Object Repo/New Registration - Registration Module Pages/Third Screen - Upload Supporting Doc- Preview/Preview Submit Button' (Root cause: com.kms.katalon.core.webui.exception.WebElementNotFoundException: Web element with id: 'Object Repository/Final Object Repo/New Registration - Registration Module Pages/Third Screen - Upload Supporting Doc- Preview/Preview Submit Button' located by 'By.xpath: //a[@popupvalidatesubmit = 'true' and @class = 'btn btn-lg blueBtn col-md-2 pull-right browserIdBtn' and (text() = ' SUBMIT
					' or . = ' SUBMIT
					')]' not found)

2018-12-13 13:30:34 - [MESSAGE][FAILED] - Unable to click on object 'Object Repository/Final Object Repo/New Registration - Registration Module Pages/Third Screen - Upload Supporting Doc- Preview/Preview Submit Button' (Root cause: com.kms.katalon.core.webui.exception.WebElementNotFoundException: Web element with id: 'Object Repository/Final Object Repo/New Registration - Registration Module Pages/Third Screen - Upload Supporting Doc- Preview/Preview Submit Button' located by 'By.xpath: //a[@popupvalidatesubmit = 'true' and @class = 'btn btn-lg blueBtn col-md-2 pull-right browserIdBtn' and (text() = ' SUBMIT
					' or . = ' SUBMIT
					')]' not found)
[[ATTACHMENT|C:\\Users\\Admin\\Desktop\\PKS\\Perkeso Phase A\\Reports\\Workflow\\New Registration\\20181213_103053\\1544679034415.png]]

2018-12-13 13:30:34 - [TEST_STEP][PASSED] - delay: Delayed 2 second(s)

2018-12-13 13:30:36 - [MESSAGE][PASSED] - Delayed 2 second(s)

2018-12-13 13:30:36 - [TEST_STEP][FAILED] - click: Unable to click on object 'Object Repository/Final Object Repo/New Registration - Registration Module Pages/Third Screen - Upload Supporting Doc- Preview/Preview Submit - Confirm' (Root cause: com.kms.katalon.core.webui.exception.WebElementNotFoundException: Web element with id: 'Object Repository/Final Object Repo/New Registration - Registration Module Pages/Third Screen - Upload Supporting Doc- Preview/Preview Submit - Confirm' located by 'By.xpath: //span[@id = 'confirmword' and (text() = 'CONFIRM' or . = 'CONFIRM')]' not found)

2018-12-13 13:31:08 - [MESSAGE][FAILED] - Unable to click on object 'Object Repository/Final Object Repo/New Registration - Registration Module Pages/Third Screen - Upload Supporting Doc- Preview/Preview Submit - Confirm' (Root cause: com.kms.katalon.core.webui.exception.WebElementNotFoundException: Web element with id: 'Object Repository/Final Object Repo/New Registration - Registration Module Pages/Third Screen - Upload Supporting Doc- Preview/Preview Submit - Confirm' located by 'By.xpath: //span[@id = 'confirmword' and (text() = 'CONFIRM' or . = 'CONFIRM')]' not found)
[[ATTACHMENT|C:\\Users\\Admin\\Desktop\\PKS\\Perkeso Phase A\\Reports\\Workflow\\New Registration\\20181213_103053\\1544679068635.png]]

2018-12-13 13:31:08 - [TEST_STEP][PASSED] - delay: Delayed 15 second(s)

2018-12-13 13:31:23 - [MESSAGE][PASSED] - Delayed 15 second(s)

2018-12-13 13:31:23 - [TEST_STEP][PASSED] - Statement - driver = com.kms.katalon.core.webui.driver.DriverFactory.getWebDriver(): null

2018-12-13 13:31:23 - [TEST_STEP][PASSED] - Statement - driver.manage().timeouts().implicitlyWait(10, SECONDS): null

2018-12-13 13:31:23 - [TEST_STEP][PASSED] - Statement - PresavePath = KatalonScreenshots: null

2018-12-13 13:31:23 - [TEST_STEP][PASSED] - Statement - pathPrefix = "C:\Users\Public\Pictures\Sample Pictures\Katalon Screenshots\Automate Ending Screen": null

2018-12-13 13:31:23 - [TEST_STEP][PASSED] - Statement - finalPath = <not implemented yet for class: org.codehaus.groovy.ast.expr.EmptyExpression>: null

2018-12-13 13:31:23 - [TEST_STEP][PASSED] - Statement - scrFile = driver.getScreenshotAs(FILE): null

2018-12-13 13:31:24 - [TEST_STEP][PASSED] - Statement - PreSaveFile = new java.io.File(PresavePath): null

2018-12-13 13:31:24 - [TEST_STEP][PASSED] - Statement - counter = 0: null

2018-12-13 13:31:24 - [TEST_STEP][PASSED] - Statement - If (PreSaveFile.exists()): null

2018-12-13 13:31:24 - [TEST_STEP][PASSED] - Statement - While (PreSaveFile.exists()): null

2018-12-13 13:31:24 - [TEST_STEP][PASSED] - Statement - counter = counter + 1: null

2018-12-13 13:31:24 - [TEST_STEP][PASSED] - Statement - PreSaveFile = new java.io.File(((pathPrefix + java.lang.Integer.toString(counter)) + .png)): null

2018-12-13 13:31:24 - [TEST_STEP][PASSED] - Statement - counter = counter + 1: null

2018-12-13 13:31:24 - [TEST_STEP][PASSED] - Statement - PreSaveFile = new java.io.File(((pathPrefix + java.lang.Integer.toString(counter)) + .png)): null

2018-12-13 13:31:24 - [TEST_STEP][PASSED] - Statement - counter = counter + 1: null

2018-12-13 13:31:24 - [TEST_STEP][PASSED] - Statement - PreSaveFile = new java.io.File(((pathPrefix + java.lang.Integer.toString(counter)) + .png)): null

2018-12-13 13:31:24 - [TEST_STEP][PASSED] - Statement - counter = counter + 1: null

2018-12-13 13:31:24 - [TEST_STEP][PASSED] - Statement - PreSaveFile = new java.io.File(((pathPrefix + java.lang.Integer.toString(counter)) + .png)): null

2018-12-13 13:31:24 - [TEST_STEP][PASSED] - Statement - counter = counter + 1: null

2018-12-13 13:31:24 - [TEST_STEP][PASSED] - Statement - PreSaveFile = new java.io.File(((pathPrefix + java.lang.Integer.toString(counter)) + .png)): null

2018-12-13 13:31:24 - [TEST_STEP][PASSED] - Statement - counter = counter + 1: null

2018-12-13 13:31:24 - [TEST_STEP][PASSED] - Statement - PreSaveFile = new java.io.File(((pathPrefix + java.lang.Integer.toString(counter)) + .png)): null

2018-12-13 13:31:24 - [TEST_STEP][PASSED] - Statement - counter = counter + 1: null

2018-12-13 13:31:24 - [TEST_STEP][PASSED] - Statement - PreSaveFile = new java.io.File(((pathPrefix + java.lang.Integer.toString(counter)) + .png)): null

2018-12-13 13:31:24 - [TEST_STEP][PASSED] - Statement - counter = counter + 1: null

2018-12-13 13:31:24 - [TEST_STEP][PASSED] - Statement - PreSaveFile = new java.io.File(((pathPrefix + java.lang.Integer.toString(counter)) + .png)): null

2018-12-13 13:31:24 - [TEST_STEP][PASSED] - Statement - counter = counter + 1: null

2018-12-13 13:31:24 - [TEST_STEP][PASSED] - Statement - PreSaveFile = new java.io.File(((pathPrefix + java.lang.Integer.toString(counter)) + .png)): null

2018-12-13 13:31:24 - [TEST_STEP][PASSED] - Statement - counter = counter + 1: null

2018-12-13 13:31:24 - [TEST_STEP][PASSED] - Statement - PreSaveFile = new java.io.File(((pathPrefix + java.lang.Integer.toString(counter)) + .png)): null

2018-12-13 13:31:24 - [TEST_STEP][PASSED] - Statement - counter = counter + 1: null

2018-12-13 13:31:24 - [TEST_STEP][PASSED] - Statement - PreSaveFile = new java.io.File(((pathPrefix + java.lang.Integer.toString(counter)) + .png)): null

2018-12-13 13:31:24 - [TEST_STEP][PASSED] - Statement - counter = counter + 1: null

2018-12-13 13:31:24 - [TEST_STEP][PASSED] - Statement - PreSaveFile = new java.io.File(((pathPrefix + java.lang.Integer.toString(counter)) + .png)): null

2018-12-13 13:31:24 - [TEST_STEP][PASSED] - Statement - counter = counter + 1: null

2018-12-13 13:31:24 - [TEST_STEP][PASSED] - Statement - PreSaveFile = new java.io.File(((pathPrefix + java.lang.Integer.toString(counter)) + .png)): null

2018-12-13 13:31:24 - [TEST_STEP][PASSED] - Statement - counter = counter + 1: null

2018-12-13 13:31:24 - [TEST_STEP][PASSED] - Statement - PreSaveFile = new java.io.File(((pathPrefix + java.lang.Integer.toString(counter)) + .png)): null

2018-12-13 13:31:24 - [TEST_STEP][PASSED] - Statement - counter = counter + 1: null

2018-12-13 13:31:24 - [TEST_STEP][PASSED] - Statement - PreSaveFile = new java.io.File(((pathPrefix + java.lang.Integer.toString(counter)) + .png)): null

2018-12-13 13:31:24 - [TEST_STEP][PASSED] - Statement - counter = counter + 1: null

2018-12-13 13:31:24 - [TEST_STEP][PASSED] - Statement - PreSaveFile = new java.io.File(((pathPrefix + java.lang.Integer.toString(counter)) + .png)): null

2018-12-13 13:31:24 - [TEST_STEP][PASSED] - Statement - counter = counter + 1: null

2018-12-13 13:31:24 - [TEST_STEP][PASSED] - Statement - PreSaveFile = new java.io.File(((pathPrefix + java.lang.Integer.toString(counter)) + .png)): null

2018-12-13 13:31:24 - [TEST_STEP][PASSED] - Statement - counter = counter + 1: null

2018-12-13 13:31:24 - [TEST_STEP][PASSED] - Statement - PreSaveFile = new java.io.File(((pathPrefix + java.lang.Integer.toString(counter)) + .png)): null

2018-12-13 13:31:24 - [TEST_STEP][PASSED] - Statement - counter = counter + 1: null

2018-12-13 13:31:24 - [TEST_STEP][PASSED] - Statement - PreSaveFile = new java.io.File(((pathPrefix + java.lang.Integer.toString(counter)) + .png)): null

2018-12-13 13:31:24 - [TEST_STEP][PASSED] - Statement - counter = counter + 1: null

2018-12-13 13:31:24 - [TEST_STEP][PASSED] - Statement - PreSaveFile = new java.io.File(((pathPrefix + java.lang.Integer.toString(counter)) + .png)): null

2018-12-13 13:31:24 - [TEST_STEP][PASSED] - Statement - counter = counter + 1: null

2018-12-13 13:31:24 - [TEST_STEP][PASSED] - Statement - PreSaveFile = new java.io.File(((pathPrefix + java.lang.Integer.toString(counter)) + .png)): null

2018-12-13 13:31:24 - [TEST_STEP][PASSED] - Statement - counter = counter + 1: null

2018-12-13 13:31:24 - [TEST_STEP][PASSED] - Statement - PreSaveFile = new java.io.File(((pathPrefix + java.lang.Integer.toString(counter)) + .png)): null

2018-12-13 13:31:24 - [TEST_STEP][PASSED] - Statement - counter = counter + 1: null

2018-12-13 13:31:24 - [TEST_STEP][PASSED] - Statement - PreSaveFile = new java.io.File(((pathPrefix + java.lang.Integer.toString(counter)) + .png)): null

2018-12-13 13:31:24 - [TEST_STEP][PASSED] - Statement - counter = counter + 1: null

2018-12-13 13:31:24 - [TEST_STEP][PASSED] - Statement - PreSaveFile = new java.io.File(((pathPrefix + java.lang.Integer.toString(counter)) + .png)): null

2018-12-13 13:31:24 - [TEST_STEP][PASSED] - Statement - counter = counter + 1: null

2018-12-13 13:31:24 - [TEST_STEP][PASSED] - Statement - PreSaveFile = new java.io.File(((pathPrefix + java.lang.Integer.toString(counter)) + .png)): null

2018-12-13 13:31:24 - [TEST_STEP][PASSED] - Statement - counter = counter + 1: null

2018-12-13 13:31:24 - [TEST_STEP][PASSED] - Statement - PreSaveFile = new java.io.File(((pathPrefix + java.lang.Integer.toString(counter)) + .png)): null

2018-12-13 13:31:24 - [TEST_STEP][PASSED] - Statement - counter = counter + 1: null

2018-12-13 13:31:24 - [TEST_STEP][PASSED] - Statement - PreSaveFile = new java.io.File(((pathPrefix + java.lang.Integer.toString(counter)) + .png)): null

2018-12-13 13:31:24 - [TEST_STEP][PASSED] - Statement - counter = counter + 1: null

2018-12-13 13:31:24 - [TEST_STEP][PASSED] - Statement - PreSaveFile = new java.io.File(((pathPrefix + java.lang.Integer.toString(counter)) + .png)): null

2018-12-13 13:31:24 - [TEST_STEP][PASSED] - Statement - counter = counter + 1: null

2018-12-13 13:31:24 - [TEST_STEP][PASSED] - Statement - PreSaveFile = new java.io.File(((pathPrefix + java.lang.Integer.toString(counter)) + .png)): null

2018-12-13 13:31:24 - [TEST_STEP][PASSED] - Statement - counter = counter + 1: null

2018-12-13 13:31:24 - [TEST_STEP][PASSED] - Statement - PreSaveFile = new java.io.File(((pathPrefix + java.lang.Integer.toString(counter)) + .png)): null

2018-12-13 13:31:24 - [TEST_STEP][PASSED] - Statement - counter = counter + 1: null

2018-12-13 13:31:24 - [TEST_STEP][PASSED] - Statement - PreSaveFile = new java.io.File(((pathPrefix + java.lang.Integer.toString(counter)) + .png)): null

2018-12-13 13:31:24 - [TEST_STEP][PASSED] - Statement - counter = counter + 1: null

2018-12-13 13:31:24 - [TEST_STEP][PASSED] - Statement - PreSaveFile = new java.io.File(((pathPrefix + java.lang.Integer.toString(counter)) + .png)): null

2018-12-13 13:31:24 - [TEST_STEP][PASSED] - Statement - counter = counter + 1: null

2018-12-13 13:31:24 - [TEST_STEP][PASSED] - Statement - PreSaveFile = new java.io.File(((pathPrefix + java.lang.Integer.toString(counter)) + .png)): null

2018-12-13 13:31:24 - [TEST_STEP][PASSED] - Statement - counter = counter + 1: null

2018-12-13 13:31:24 - [TEST_STEP][PASSED] - Statement - PreSaveFile = new java.io.File(((pathPrefix + java.lang.Integer.toString(counter)) + .png)): null

2018-12-13 13:31:24 - [TEST_STEP][PASSED] - Statement - counter = counter + 1: null

2018-12-13 13:31:24 - [TEST_STEP][PASSED] - Statement - PreSaveFile = new java.io.File(((pathPrefix + java.lang.Integer.toString(counter)) + .png)): null

2018-12-13 13:31:24 - [TEST_STEP][PASSED] - Statement - counter = counter + 1: null

2018-12-13 13:31:24 - [TEST_STEP][PASSED] - Statement - PreSaveFile = new java.io.File(((pathPrefix + java.lang.Integer.toString(counter)) + .png)): null

2018-12-13 13:31:24 - [TEST_STEP][PASSED] - Statement - counter = counter + 1: null

2018-12-13 13:31:24 - [TEST_STEP][PASSED] - Statement - PreSaveFile = new java.io.File(((pathPrefix + java.lang.Integer.toString(counter)) + .png)): null

2018-12-13 13:31:24 - [TEST_STEP][PASSED] - Statement - counter = counter + 1: null

2018-12-13 13:31:24 - [TEST_STEP][PASSED] - Statement - PreSaveFile = new java.io.File(((pathPrefix + java.lang.Integer.toString(counter)) + .png)): null

2018-12-13 13:31:24 - [TEST_STEP][PASSED] - Statement - counter = counter + 1: null

2018-12-13 13:31:24 - [TEST_STEP][PASSED] - Statement - PreSaveFile = new java.io.File(((pathPrefix + java.lang.Integer.toString(counter)) + .png)): null

2018-12-13 13:31:24 - [TEST_STEP][PASSED] - Statement - counter = counter + 1: null

2018-12-13 13:31:24 - [TEST_STEP][PASSED] - Statement - PreSaveFile = new java.io.File(((pathPrefix + java.lang.Integer.toString(counter)) + .png)): null

2018-12-13 13:31:24 - [TEST_STEP][PASSED] - Statement - counter = counter + 1: null

2018-12-13 13:31:24 - [TEST_STEP][PASSED] - Statement - PreSaveFile = new java.io.File(((pathPrefix + java.lang.Integer.toString(counter)) + .png)): null

2018-12-13 13:31:24 - [TEST_STEP][PASSED] - Statement - counter = counter + 1: null

2018-12-13 13:31:24 - [TEST_STEP][PASSED] - Statement - PreSaveFile = new java.io.File(((pathPrefix + java.lang.Integer.toString(counter)) + .png)): null

2018-12-13 13:31:24 - [TEST_STEP][PASSED] - Statement - counter = counter + 1: null

2018-12-13 13:31:24 - [TEST_STEP][PASSED] - Statement - PreSaveFile = new java.io.File(((pathPrefix + java.lang.Integer.toString(counter)) + .png)): null

2018-12-13 13:31:24 - [TEST_STEP][PASSED] - Statement - counter = counter + 1: null

2018-12-13 13:31:24 - [TEST_STEP][PASSED] - Statement - PreSaveFile = new java.io.File(((pathPrefix + java.lang.Integer.toString(counter)) + .png)): null

2018-12-13 13:31:24 - [TEST_STEP][PASSED] - Statement - counter = counter + 1: null

2018-12-13 13:31:24 - [TEST_STEP][PASSED] - Statement - PreSaveFile = new java.io.File(((pathPrefix + java.lang.Integer.toString(counter)) + .png)): null

2018-12-13 13:31:24 - [TEST_STEP][PASSED] - Statement - counter = counter + 1: null

2018-12-13 13:31:24 - [TEST_STEP][PASSED] - Statement - PreSaveFile = new java.io.File(((pathPrefix + java.lang.Integer.toString(counter)) + .png)): null

2018-12-13 13:31:24 - [TEST_STEP][PASSED] - Statement - counter = counter + 1: null

2018-12-13 13:31:24 - [TEST_STEP][PASSED] - Statement - PreSaveFile = new java.io.File(((pathPrefix + java.lang.Integer.toString(counter)) + .png)): null

2018-12-13 13:31:24 - [TEST_STEP][PASSED] - Statement - counter = counter + 1: null

2018-12-13 13:31:24 - [TEST_STEP][PASSED] - Statement - PreSaveFile = new java.io.File(((pathPrefix + java.lang.Integer.toString(counter)) + .png)): null

2018-12-13 13:31:24 - [TEST_STEP][PASSED] - Statement - counter = counter + 1: null

2018-12-13 13:31:24 - [TEST_STEP][PASSED] - Statement - PreSaveFile = new java.io.File(((pathPrefix + java.lang.Integer.toString(counter)) + .png)): null

2018-12-13 13:31:24 - [TEST_STEP][PASSED] - Statement - counter = counter + 1: null

2018-12-13 13:31:24 - [TEST_STEP][PASSED] - Statement - PreSaveFile = new java.io.File(((pathPrefix + java.lang.Integer.toString(counter)) + .png)): null

2018-12-13 13:31:24 - [TEST_STEP][PASSED] - Statement - counter = counter + 1: null

2018-12-13 13:31:24 - [TEST_STEP][PASSED] - Statement - PreSaveFile = new java.io.File(((pathPrefix + java.lang.Integer.toString(counter)) + .png)): null

2018-12-13 13:31:24 - [TEST_STEP][PASSED] - Statement - counter = counter + 1: null

2018-12-13 13:31:24 - [TEST_STEP][PASSED] - Statement - PreSaveFile = new java.io.File(((pathPrefix + java.lang.Integer.toString(counter)) + .png)): null

2018-12-13 13:31:24 - [TEST_STEP][PASSED] - Statement - counter = counter + 1: null

2018-12-13 13:31:24 - [TEST_STEP][PASSED] - Statement - PreSaveFile = new java.io.File(((pathPrefix + java.lang.Integer.toString(counter)) + .png)): null

2018-12-13 13:31:24 - [TEST_STEP][PASSED] - Statement - counter = counter + 1: null

2018-12-13 13:31:24 - [TEST_STEP][PASSED] - Statement - PreSaveFile = new java.io.File(((pathPrefix + java.lang.Integer.toString(counter)) + .png)): null

2018-12-13 13:31:24 - [TEST_STEP][PASSED] - Statement - counter = counter + 1: null

2018-12-13 13:31:24 - [TEST_STEP][PASSED] - Statement - PreSaveFile = new java.io.File(((pathPrefix + java.lang.Integer.toString(counter)) + .png)): null

2018-12-13 13:31:24 - [TEST_STEP][PASSED] - Statement - counter = counter + 1: null

2018-12-13 13:31:24 - [TEST_STEP][PASSED] - Statement - PreSaveFile = new java.io.File(((pathPrefix + java.lang.Integer.toString(counter)) + .png)): null

2018-12-13 13:31:24 - [TEST_STEP][PASSED] - Statement - counter = counter + 1: null

2018-12-13 13:31:24 - [TEST_STEP][PASSED] - Statement - PreSaveFile = new java.io.File(((pathPrefix + java.lang.Integer.toString(counter)) + .png)): null

2018-12-13 13:31:24 - [TEST_STEP][PASSED] - Statement - counter = counter + 1: null

2018-12-13 13:31:24 - [TEST_STEP][PASSED] - Statement - PreSaveFile = new java.io.File(((pathPrefix + java.lang.Integer.toString(counter)) + .png)): null

2018-12-13 13:31:24 - [TEST_STEP][PASSED] - Statement - counter = counter + 1: null

2018-12-13 13:31:24 - [TEST_STEP][PASSED] - Statement - PreSaveFile = new java.io.File(((pathPrefix + java.lang.Integer.toString(counter)) + .png)): null

2018-12-13 13:31:24 - [TEST_STEP][PASSED] - Statement - counter = counter + 1: null

2018-12-13 13:31:24 - [TEST_STEP][PASSED] - Statement - PreSaveFile = new java.io.File(((pathPrefix + java.lang.Integer.toString(counter)) + .png)): null

2018-12-13 13:31:24 - [TEST_STEP][PASSED] - Statement - counter = counter + 1: null

2018-12-13 13:31:24 - [TEST_STEP][PASSED] - Statement - PreSaveFile = new java.io.File(((pathPrefix + java.lang.Integer.toString(counter)) + .png)): null

2018-12-13 13:31:24 - [TEST_STEP][PASSED] - Statement - counter = counter + 1: null

2018-12-13 13:31:24 - [TEST_STEP][PASSED] - Statement - PreSaveFile = new java.io.File(((pathPrefix + java.lang.Integer.toString(counter)) + .png)): null

2018-12-13 13:31:24 - [TEST_STEP][PASSED] - Statement - counter = counter + 1: null

2018-12-13 13:31:24 - [TEST_STEP][PASSED] - Statement - PreSaveFile = new java.io.File(((pathPrefix + java.lang.Integer.toString(counter)) + .png)): null

2018-12-13 13:31:24 - [TEST_STEP][PASSED] - Statement - counter = counter + 1: null

2018-12-13 13:31:24 - [TEST_STEP][PASSED] - Statement - PreSaveFile = new java.io.File(((pathPrefix + java.lang.Integer.toString(counter)) + .png)): null

2018-12-13 13:31:24 - [TEST_STEP][PASSED] - Statement - counter = counter + 1: null

2018-12-13 13:31:24 - [TEST_STEP][PASSED] - Statement - PreSaveFile = new java.io.File(((pathPrefix + java.lang.Integer.toString(counter)) + .png)): null

2018-12-13 13:31:24 - [TEST_STEP][PASSED] - Statement - counter = counter + 1: null

2018-12-13 13:31:24 - [TEST_STEP][PASSED] - Statement - PreSaveFile = new java.io.File(((pathPrefix + java.lang.Integer.toString(counter)) + .png)): null

2018-12-13 13:31:24 - [TEST_STEP][PASSED] - Statement - counter = counter + 1: null

2018-12-13 13:31:24 - [TEST_STEP][PASSED] - Statement - PreSaveFile = new java.io.File(((pathPrefix + java.lang.Integer.toString(counter)) + .png)): null

2018-12-13 13:31:24 - [TEST_STEP][PASSED] - Statement - counter = counter + 1: null

2018-12-13 13:31:24 - [TEST_STEP][PASSED] - Statement - PreSaveFile = new java.io.File(((pathPrefix + java.lang.Integer.toString(counter)) + .png)): null

2018-12-13 13:31:24 - [TEST_STEP][PASSED] - Statement - counter = counter + 1: null

2018-12-13 13:31:24 - [TEST_STEP][PASSED] - Statement - PreSaveFile = new java.io.File(((pathPrefix + java.lang.Integer.toString(counter)) + .png)): null

2018-12-13 13:31:24 - [TEST_STEP][PASSED] - Statement - counter = counter + 1: null

2018-12-13 13:31:24 - [TEST_STEP][PASSED] - Statement - PreSaveFile = new java.io.File(((pathPrefix + java.lang.Integer.toString(counter)) + .png)): null

2018-12-13 13:31:24 - [TEST_STEP][PASSED] - Statement - counter = counter + 1: null

2018-12-13 13:31:24 - [TEST_STEP][PASSED] - Statement - PreSaveFile = new java.io.File(((pathPrefix + java.lang.Integer.toString(counter)) + .png)): null

2018-12-13 13:31:24 - [TEST_STEP][PASSED] - Statement - counter = counter + 1: null

2018-12-13 13:31:24 - [TEST_STEP][PASSED] - Statement - PreSaveFile = new java.io.File(((pathPrefix + java.lang.Integer.toString(counter)) + .png)): null

2018-12-13 13:31:24 - [TEST_STEP][PASSED] - Statement - counter = counter + 1: null

2018-12-13 13:31:24 - [TEST_STEP][PASSED] - Statement - PreSaveFile = new java.io.File(((pathPrefix + java.lang.Integer.toString(counter)) + .png)): null

2018-12-13 13:31:24 - [TEST_STEP][PASSED] - Statement - counter = counter + 1: null

2018-12-13 13:31:24 - [TEST_STEP][PASSED] - Statement - PreSaveFile = new java.io.File(((pathPrefix + java.lang.Integer.toString(counter)) + .png)): null

2018-12-13 13:31:24 - [TEST_STEP][PASSED] - Statement - counter = counter + 1: null

2018-12-13 13:31:24 - [TEST_STEP][PASSED] - Statement - PreSaveFile = new java.io.File(((pathPrefix + java.lang.Integer.toString(counter)) + .png)): null

2018-12-13 13:31:24 - [TEST_STEP][PASSED] - Statement - counter = counter + 1: null

2018-12-13 13:31:24 - [TEST_STEP][PASSED] - Statement - PreSaveFile = new java.io.File(((pathPrefix + java.lang.Integer.toString(counter)) + .png)): null

2018-12-13 13:31:24 - [TEST_STEP][PASSED] - Statement - counter = counter + 1: null

2018-12-13 13:31:24 - [TEST_STEP][PASSED] - Statement - PreSaveFile = new java.io.File(((pathPrefix + java.lang.Integer.toString(counter)) + .png)): null

2018-12-13 13:31:24 - [TEST_STEP][PASSED] - Statement - counter = counter + 1: null

2018-12-13 13:31:24 - [TEST_STEP][PASSED] - Statement - PreSaveFile = new java.io.File(((pathPrefix + java.lang.Integer.toString(counter)) + .png)): null

2018-12-13 13:31:24 - [TEST_STEP][PASSED] - Statement - counter = counter + 1: null

2018-12-13 13:31:24 - [TEST_STEP][PASSED] - Statement - PreSaveFile = new java.io.File(((pathPrefix + java.lang.Integer.toString(counter)) + .png)): null

2018-12-13 13:31:24 - [TEST_STEP][PASSED] - Statement - counter = counter + 1: null

2018-12-13 13:31:24 - [TEST_STEP][PASSED] - Statement - PreSaveFile = new java.io.File(((pathPrefix + java.lang.Integer.toString(counter)) + .png)): null

2018-12-13 13:31:24 - [TEST_STEP][PASSED] - Statement - counter = counter + 1: null

2018-12-13 13:31:24 - [TEST_STEP][PASSED] - Statement - PreSaveFile = new java.io.File(((pathPrefix + java.lang.Integer.toString(counter)) + .png)): null

2018-12-13 13:31:24 - [TEST_STEP][PASSED] - Statement - counter = counter + 1: null

2018-12-13 13:31:24 - [TEST_STEP][PASSED] - Statement - PreSaveFile = new java.io.File(((pathPrefix + java.lang.Integer.toString(counter)) + .png)): null

2018-12-13 13:31:24 - [TEST_STEP][PASSED] - Statement - counter = counter + 1: null

2018-12-13 13:31:24 - [TEST_STEP][PASSED] - Statement - PreSaveFile = new java.io.File(((pathPrefix + java.lang.Integer.toString(counter)) + .png)): null

2018-12-13 13:31:24 - [TEST_STEP][PASSED] - Statement - counter = counter + 1: null

2018-12-13 13:31:24 - [TEST_STEP][PASSED] - Statement - PreSaveFile = new java.io.File(((pathPrefix + java.lang.Integer.toString(counter)) + .png)): null

2018-12-13 13:31:24 - [TEST_STEP][PASSED] - Statement - counter = counter + 1: null

2018-12-13 13:31:24 - [TEST_STEP][PASSED] - Statement - PreSaveFile = new java.io.File(((pathPrefix + java.lang.Integer.toString(counter)) + .png)): null

2018-12-13 13:31:24 - [TEST_STEP][PASSED] - Statement - counter = counter + 1: null

2018-12-13 13:31:24 - [TEST_STEP][PASSED] - Statement - PreSaveFile = new java.io.File(((pathPrefix + java.lang.Integer.toString(counter)) + .png)): null

2018-12-13 13:31:24 - [TEST_STEP][PASSED] - Statement - counter = counter + 1: null

2018-12-13 13:31:24 - [TEST_STEP][PASSED] - Statement - PreSaveFile = new java.io.File(((pathPrefix + java.lang.Integer.toString(counter)) + .png)): null

2018-12-13 13:31:24 - [TEST_STEP][PASSED] - Statement - counter = counter + 1: null

2018-12-13 13:31:24 - [TEST_STEP][PASSED] - Statement - PreSaveFile = new java.io.File(((pathPrefix + java.lang.Integer.toString(counter)) + .png)): null

2018-12-13 13:31:24 - [TEST_STEP][PASSED] - Statement - counter = counter + 1: null

2018-12-13 13:31:24 - [TEST_STEP][PASSED] - Statement - PreSaveFile = new java.io.File(((pathPrefix + java.lang.Integer.toString(counter)) + .png)): null

2018-12-13 13:31:24 - [TEST_STEP][PASSED] - Statement - counter = counter + 1: null

2018-12-13 13:31:24 - [TEST_STEP][PASSED] - Statement - PreSaveFile = new java.io.File(((pathPrefix + java.lang.Integer.toString(counter)) + .png)): null

2018-12-13 13:31:24 - [TEST_STEP][PASSED] - Statement - counter = counter + 1: null

2018-12-13 13:31:24 - [TEST_STEP][PASSED] - Statement - PreSaveFile = new java.io.File(((pathPrefix + java.lang.Integer.toString(counter)) + .png)): null

2018-12-13 13:31:24 - [TEST_STEP][PASSED] - Statement - counter = counter + 1: null

2018-12-13 13:31:24 - [TEST_STEP][PASSED] - Statement - PreSaveFile = new java.io.File(((pathPrefix + java.lang.Integer.toString(counter)) + .png)): null

2018-12-13 13:31:24 - [TEST_STEP][PASSED] - Statement - counter = counter + 1: null

2018-12-13 13:31:24 - [TEST_STEP][PASSED] - Statement - PreSaveFile = new java.io.File(((pathPrefix + java.lang.Integer.toString(counter)) + .png)): null

2018-12-13 13:31:24 - [TEST_STEP][PASSED] - Statement - counter = counter + 1: null

2018-12-13 13:31:24 - [TEST_STEP][PASSED] - Statement - PreSaveFile = new java.io.File(((pathPrefix + java.lang.Integer.toString(counter)) + .png)): null

2018-12-13 13:31:24 - [TEST_STEP][PASSED] - Statement - counter = counter + 1: null

2018-12-13 13:31:24 - [TEST_STEP][PASSED] - Statement - PreSaveFile = new java.io.File(((pathPrefix + java.lang.Integer.toString(counter)) + .png)): null

2018-12-13 13:31:24 - [TEST_STEP][PASSED] - Statement - counter = counter + 1: null

2018-12-13 13:31:24 - [TEST_STEP][PASSED] - Statement - PreSaveFile = new java.io.File(((pathPrefix + java.lang.Integer.toString(counter)) + .png)): null

2018-12-13 13:31:24 - [TEST_STEP][PASSED] - Statement - counter = counter + 1: null

2018-12-13 13:31:24 - [TEST_STEP][PASSED] - Statement - PreSaveFile = new java.io.File(((pathPrefix + java.lang.Integer.toString(counter)) + .png)): null

2018-12-13 13:31:24 - [TEST_STEP][PASSED] - Statement - counter = counter + 1: null

2018-12-13 13:31:24 - [TEST_STEP][PASSED] - Statement - PreSaveFile = new java.io.File(((pathPrefix + java.lang.Integer.toString(counter)) + .png)): null

2018-12-13 13:31:24 - [TEST_STEP][PASSED] - Statement - counter = counter + 1: null

2018-12-13 13:31:24 - [TEST_STEP][PASSED] - Statement - PreSaveFile = new java.io.File(((pathPrefix + java.lang.Integer.toString(counter)) + .png)): null

2018-12-13 13:31:24 - [TEST_STEP][PASSED] - Statement - counter = counter + 1: null

2018-12-13 13:31:24 - [TEST_STEP][PASSED] - Statement - PreSaveFile = new java.io.File(((pathPrefix + java.lang.Integer.toString(counter)) + .png)): null

2018-12-13 13:31:24 - [TEST_STEP][PASSED] - Statement - counter = counter + 1: null

2018-12-13 13:31:24 - [TEST_STEP][PASSED] - Statement - PreSaveFile = new java.io.File(((pathPrefix + java.lang.Integer.toString(counter)) + .png)): null

2018-12-13 13:31:24 - [TEST_STEP][PASSED] - Statement - counter = counter + 1: null

2018-12-13 13:31:24 - [TEST_STEP][PASSED] - Statement - PreSaveFile = new java.io.File(((pathPrefix + java.lang.Integer.toString(counter)) + .png)): null

2018-12-13 13:31:24 - [TEST_STEP][PASSED] - Statement - counter = counter + 1: null

2018-12-13 13:31:24 - [TEST_STEP][PASSED] - Statement - PreSaveFile = new java.io.File(((pathPrefix + java.lang.Integer.toString(counter)) + .png)): null

2018-12-13 13:31:24 - [TEST_STEP][PASSED] - Statement - counter = counter + 1: null

2018-12-13 13:31:24 - [TEST_STEP][PASSED] - Statement - PreSaveFile = new java.io.File(((pathPrefix + java.lang.Integer.toString(counter)) + .png)): null

2018-12-13 13:31:24 - [TEST_STEP][PASSED] - Statement - counter = counter + 1: null

2018-12-13 13:31:24 - [TEST_STEP][PASSED] - Statement - PreSaveFile = new java.io.File(((pathPrefix + java.lang.Integer.toString(counter)) + .png)): null

2018-12-13 13:31:24 - [TEST_STEP][PASSED] - Statement - counter = counter + 1: null

2018-12-13 13:31:24 - [TEST_STEP][PASSED] - Statement - PreSaveFile = new java.io.File(((pathPrefix + java.lang.Integer.toString(counter)) + .png)): null

2018-12-13 13:31:24 - [TEST_STEP][PASSED] - Statement - counter = counter + 1: null

2018-12-13 13:31:24 - [TEST_STEP][PASSED] - Statement - PreSaveFile = new java.io.File(((pathPrefix + java.lang.Integer.toString(counter)) + .png)): null

2018-12-13 13:31:24 - [TEST_STEP][PASSED] - Statement - counter = counter + 1: null

2018-12-13 13:31:24 - [TEST_STEP][PASSED] - Statement - PreSaveFile = new java.io.File(((pathPrefix + java.lang.Integer.toString(counter)) + .png)): null

2018-12-13 13:31:24 - [TEST_STEP][PASSED] - Statement - counter = counter + 1: null

2018-12-13 13:31:24 - [TEST_STEP][PASSED] - Statement - PreSaveFile = new java.io.File(((pathPrefix + java.lang.Integer.toString(counter)) + .png)): null

2018-12-13 13:31:24 - [TEST_STEP][PASSED] - Statement - counter = counter + 1: null

2018-12-13 13:31:24 - [TEST_STEP][PASSED] - Statement - PreSaveFile = new java.io.File(((pathPrefix + java.lang.Integer.toString(counter)) + .png)): null

2018-12-13 13:31:24 - [TEST_STEP][PASSED] - Statement - counter = counter + 1: null

2018-12-13 13:31:24 - [TEST_STEP][PASSED] - Statement - PreSaveFile = new java.io.File(((pathPrefix + java.lang.Integer.toString(counter)) + .png)): null

2018-12-13 13:31:24 - [TEST_STEP][PASSED] - Statement - counter = counter + 1: null

2018-12-13 13:31:24 - [TEST_STEP][PASSED] - Statement - PreSaveFile = new java.io.File(((pathPrefix + java.lang.Integer.toString(counter)) + .png)): null

2018-12-13 13:31:24 - [TEST_STEP][PASSED] - Statement - counter = counter + 1: null

2018-12-13 13:31:24 - [TEST_STEP][PASSED] - Statement - PreSaveFile = new java.io.File(((pathPrefix + java.lang.Integer.toString(counter)) + .png)): null

2018-12-13 13:31:24 - [TEST_STEP][PASSED] - Statement - counter = counter + 1: null

2018-12-13 13:31:24 - [TEST_STEP][PASSED] - Statement - PreSaveFile = new java.io.File(((pathPrefix + java.lang.Integer.toString(counter)) + .png)): null

2018-12-13 13:31:24 - [TEST_STEP][PASSED] - Statement - counter = counter + 1: null

2018-12-13 13:31:24 - [TEST_STEP][PASSED] - Statement - PreSaveFile = new java.io.File(((pathPrefix + java.lang.Integer.toString(counter)) + .png)): null

2018-12-13 13:31:24 - [TEST_STEP][PASSED] - Statement - counter = counter + 1: null

2018-12-13 13:31:24 - [TEST_STEP][PASSED] - Statement - PreSaveFile = new java.io.File(((pathPrefix + java.lang.Integer.toString(counter)) + .png)): null

2018-12-13 13:31:24 - [TEST_STEP][PASSED] - Statement - counter = counter + 1: null

2018-12-13 13:31:24 - [TEST_STEP][PASSED] - Statement - PreSaveFile = new java.io.File(((pathPrefix + java.lang.Integer.toString(counter)) + .png)): null

2018-12-13 13:31:24 - [TEST_STEP][PASSED] - Statement - counter = counter + 1: null

2018-12-13 13:31:24 - [TEST_STEP][PASSED] - Statement - PreSaveFile = new java.io.File(((pathPrefix + java.lang.Integer.toString(counter)) + .png)): null

2018-12-13 13:31:24 - [TEST_STEP][PASSED] - Statement - counter = counter + 1: null

2018-12-13 13:31:24 - [TEST_STEP][PASSED] - Statement - PreSaveFile = new java.io.File(((pathPrefix + java.lang.Integer.toString(counter)) + .png)): null

2018-12-13 13:31:24 - [TEST_STEP][PASSED] - Statement - counter = counter + 1: null

2018-12-13 13:31:24 - [TEST_STEP][PASSED] - Statement - PreSaveFile = new java.io.File(((pathPrefix + java.lang.Integer.toString(counter)) + .png)): null

2018-12-13 13:31:24 - [TEST_STEP][PASSED] - Statement - counter = counter + 1: null

2018-12-13 13:31:24 - [TEST_STEP][PASSED] - Statement - PreSaveFile = new java.io.File(((pathPrefix + java.lang.Integer.toString(counter)) + .png)): null

2018-12-13 13:31:24 - [TEST_STEP][PASSED] - Statement - counter = counter + 1: null

2018-12-13 13:31:24 - [TEST_STEP][PASSED] - Statement - PreSaveFile = new java.io.File(((pathPrefix + java.lang.Integer.toString(counter)) + .png)): null

2018-12-13 13:31:24 - [TEST_STEP][PASSED] - Statement - counter = counter + 1: null

2018-12-13 13:31:24 - [TEST_STEP][PASSED] - Statement - PreSaveFile = new java.io.File(((pathPrefix + java.lang.Integer.toString(counter)) + .png)): null

2018-12-13 13:31:24 - [TEST_STEP][PASSED] - Statement - counter = counter + 1: null

2018-12-13 13:31:24 - [TEST_STEP][PASSED] - Statement - PreSaveFile = new java.io.File(((pathPrefix + java.lang.Integer.toString(counter)) + .png)): null

2018-12-13 13:31:24 - [TEST_STEP][PASSED] - Statement - counter = counter + 1: null

2018-12-13 13:31:24 - [TEST_STEP][PASSED] - Statement - PreSaveFile = new java.io.File(((pathPrefix + java.lang.Integer.toString(counter)) + .png)): null

2018-12-13 13:31:24 - [TEST_STEP][PASSED] - Statement - counter = counter + 1: null

2018-12-13 13:31:24 - [TEST_STEP][PASSED] - Statement - PreSaveFile = new java.io.File(((pathPrefix + java.lang.Integer.toString(counter)) + .png)): null

2018-12-13 13:31:24 - [TEST_STEP][PASSED] - Statement - counter = counter + 1: null

2018-12-13 13:31:24 - [TEST_STEP][PASSED] - Statement - PreSaveFile = new java.io.File(((pathPrefix + java.lang.Integer.toString(counter)) + .png)): null

2018-12-13 13:31:24 - [TEST_STEP][PASSED] - Statement - counter = counter + 1: null

2018-12-13 13:31:24 - [TEST_STEP][PASSED] - Statement - PreSaveFile = new java.io.File(((pathPrefix + java.lang.Integer.toString(counter)) + .png)): null

2018-12-13 13:31:24 - [TEST_STEP][PASSED] - Statement - counter = counter + 1: null

2018-12-13 13:31:24 - [TEST_STEP][PASSED] - Statement - PreSaveFile = new java.io.File(((pathPrefix + java.lang.Integer.toString(counter)) + .png)): null

2018-12-13 13:31:24 - [TEST_STEP][PASSED] - Statement - counter = counter + 1: null

2018-12-13 13:31:24 - [TEST_STEP][PASSED] - Statement - PreSaveFile = new java.io.File(((pathPrefix + java.lang.Integer.toString(counter)) + .png)): null

2018-12-13 13:31:24 - [TEST_STEP][PASSED] - Statement - counter = counter + 1: null

2018-12-13 13:31:24 - [TEST_STEP][PASSED] - Statement - PreSaveFile = new java.io.File(((pathPrefix + java.lang.Integer.toString(counter)) + .png)): null

2018-12-13 13:31:24 - [TEST_STEP][PASSED] - Statement - counter = counter + 1: null

2018-12-13 13:31:24 - [TEST_STEP][PASSED] - Statement - PreSaveFile = new java.io.File(((pathPrefix + java.lang.Integer.toString(counter)) + .png)): null

2018-12-13 13:31:24 - [TEST_STEP][PASSED] - Statement - counter = counter + 1: null

2018-12-13 13:31:24 - [TEST_STEP][PASSED] - Statement - PreSaveFile = new java.io.File(((pathPrefix + java.lang.Integer.toString(counter)) + .png)): null

2018-12-13 13:31:24 - [TEST_STEP][PASSED] - Statement - counter = counter + 1: null

2018-12-13 13:31:24 - [TEST_STEP][PASSED] - Statement - PreSaveFile = new java.io.File(((pathPrefix + java.lang.Integer.toString(counter)) + .png)): null

2018-12-13 13:31:24 - [TEST_STEP][PASSED] - Statement - counter = counter + 1: null

2018-12-13 13:31:24 - [TEST_STEP][PASSED] - Statement - PreSaveFile = new java.io.File(((pathPrefix + java.lang.Integer.toString(counter)) + .png)): null

2018-12-13 13:31:24 - [TEST_STEP][PASSED] - Statement - counter = counter + 1: null

2018-12-13 13:31:24 - [TEST_STEP][PASSED] - Statement - PreSaveFile = new java.io.File(((pathPrefix + java.lang.Integer.toString(counter)) + .png)): null

2018-12-13 13:31:24 - [TEST_STEP][PASSED] - Statement - counter = counter + 1: null

2018-12-13 13:31:24 - [TEST_STEP][PASSED] - Statement - PreSaveFile = new java.io.File(((pathPrefix + java.lang.Integer.toString(counter)) + .png)): null

2018-12-13 13:31:24 - [TEST_STEP][PASSED] - Statement - counter = counter + 1: null

2018-12-13 13:31:24 - [TEST_STEP][PASSED] - Statement - PreSaveFile = new java.io.File(((pathPrefix + java.lang.Integer.toString(counter)) + .png)): null

2018-12-13 13:31:24 - [TEST_STEP][PASSED] - Statement - counter = counter + 1: null

2018-12-13 13:31:24 - [TEST_STEP][PASSED] - Statement - PreSaveFile = new java.io.File(((pathPrefix + java.lang.Integer.toString(counter)) + .png)): null

2018-12-13 13:31:24 - [TEST_STEP][PASSED] - Statement - counter = counter + 1: null

2018-12-13 13:31:24 - [TEST_STEP][PASSED] - Statement - PreSaveFile = new java.io.File(((pathPrefix + java.lang.Integer.toString(counter)) + .png)): null

2018-12-13 13:31:24 - [TEST_STEP][PASSED] - Statement - counter = counter + 1: null

2018-12-13 13:31:24 - [TEST_STEP][PASSED] - Statement - PreSaveFile = new java.io.File(((pathPrefix + java.lang.Integer.toString(counter)) + .png)): null

2018-12-13 13:31:24 - [TEST_STEP][PASSED] - Statement - counter = counter + 1: null

2018-12-13 13:31:24 - [TEST_STEP][PASSED] - Statement - PreSaveFile = new java.io.File(((pathPrefix + java.lang.Integer.toString(counter)) + .png)): null

2018-12-13 13:31:24 - [TEST_STEP][PASSED] - Statement - counter = counter + 1: null

2018-12-13 13:31:24 - [TEST_STEP][PASSED] - Statement - PreSaveFile = new java.io.File(((pathPrefix + java.lang.Integer.toString(counter)) + .png)): null

2018-12-13 13:31:24 - [TEST_STEP][PASSED] - Statement - counter = counter + 1: null

2018-12-13 13:31:24 - [TEST_STEP][PASSED] - Statement - PreSaveFile = new java.io.File(((pathPrefix + java.lang.Integer.toString(counter)) + .png)): null

2018-12-13 13:31:24 - [TEST_STEP][PASSED] - Statement - counter = counter + 1: null

2018-12-13 13:31:24 - [TEST_STEP][PASSED] - Statement - PreSaveFile = new java.io.File(((pathPrefix + java.lang.Integer.toString(counter)) + .png)): null

2018-12-13 13:31:24 - [TEST_STEP][PASSED] - Statement - counter = counter + 1: null

2018-12-13 13:31:24 - [TEST_STEP][PASSED] - Statement - PreSaveFile = new java.io.File(((pathPrefix + java.lang.Integer.toString(counter)) + .png)): null

2018-12-13 13:31:24 - [TEST_STEP][PASSED] - Statement - counter = counter + 1: null

2018-12-13 13:31:24 - [TEST_STEP][PASSED] - Statement - PreSaveFile = new java.io.File(((pathPrefix + java.lang.Integer.toString(counter)) + .png)): null

2018-12-13 13:31:24 - [TEST_STEP][PASSED] - Statement - counter = counter + 1: null

2018-12-13 13:31:24 - [TEST_STEP][PASSED] - Statement - PreSaveFile = new java.io.File(((pathPrefix + java.lang.Integer.toString(counter)) + .png)): null

2018-12-13 13:31:24 - [TEST_STEP][PASSED] - Statement - counter = counter + 1: null

2018-12-13 13:31:24 - [TEST_STEP][PASSED] - Statement - PreSaveFile = new java.io.File(((pathPrefix + java.lang.Integer.toString(counter)) + .png)): null

2018-12-13 13:31:24 - [TEST_STEP][PASSED] - Statement - counter = counter + 1: null

2018-12-13 13:31:24 - [TEST_STEP][PASSED] - Statement - PreSaveFile = new java.io.File(((pathPrefix + java.lang.Integer.toString(counter)) + .png)): null

2018-12-13 13:31:24 - [TEST_STEP][PASSED] - Statement - counter = counter + 1: null

2018-12-13 13:31:24 - [TEST_STEP][PASSED] - Statement - PreSaveFile = new java.io.File(((pathPrefix + java.lang.Integer.toString(counter)) + .png)): null

2018-12-13 13:31:24 - [TEST_STEP][PASSED] - Statement - counter = counter + 1: null

2018-12-13 13:31:24 - [TEST_STEP][PASSED] - Statement - PreSaveFile = new java.io.File(((pathPrefix + java.lang.Integer.toString(counter)) + .png)): null

2018-12-13 13:31:24 - [TEST_STEP][PASSED] - Statement - counter = counter + 1: null

2018-12-13 13:31:24 - [TEST_STEP][PASSED] - Statement - PreSaveFile = new java.io.File(((pathPrefix + java.lang.Integer.toString(counter)) + .png)): null

2018-12-13 13:31:24 - [TEST_STEP][PASSED] - Statement - counter = counter + 1: null

2018-12-13 13:31:24 - [TEST_STEP][PASSED] - Statement - PreSaveFile = new java.io.File(((pathPrefix + java.lang.Integer.toString(counter)) + .png)): null

2018-12-13 13:31:24 - [TEST_STEP][PASSED] - Statement - counter = counter + 1: null

2018-12-13 13:31:24 - [TEST_STEP][PASSED] - Statement - PreSaveFile = new java.io.File(((pathPrefix + java.lang.Integer.toString(counter)) + .png)): null

2018-12-13 13:31:24 - [TEST_STEP][PASSED] - Statement - counter = counter + 1: null

2018-12-13 13:31:24 - [TEST_STEP][PASSED] - Statement - PreSaveFile = new java.io.File(((pathPrefix + java.lang.Integer.toString(counter)) + .png)): null

2018-12-13 13:31:24 - [TEST_STEP][PASSED] - Statement - counter = counter + 1: null

2018-12-13 13:31:24 - [TEST_STEP][PASSED] - Statement - PreSaveFile = new java.io.File(((pathPrefix + java.lang.Integer.toString(counter)) + .png)): null

2018-12-13 13:31:24 - [TEST_STEP][PASSED] - Statement - counter = counter + 1: null

2018-12-13 13:31:24 - [TEST_STEP][PASSED] - Statement - PreSaveFile = new java.io.File(((pathPrefix + java.lang.Integer.toString(counter)) + .png)): null

2018-12-13 13:31:24 - [TEST_STEP][PASSED] - Statement - counter = counter + 1: null

2018-12-13 13:31:24 - [TEST_STEP][PASSED] - Statement - PreSaveFile = new java.io.File(((pathPrefix + java.lang.Integer.toString(counter)) + .png)): null

2018-12-13 13:31:24 - [TEST_STEP][PASSED] - Statement - counter = counter + 1: null

2018-12-13 13:31:24 - [TEST_STEP][PASSED] - Statement - PreSaveFile = new java.io.File(((pathPrefix + java.lang.Integer.toString(counter)) + .png)): null

2018-12-13 13:31:24 - [TEST_STEP][PASSED] - Statement - counter = counter + 1: null

2018-12-13 13:31:24 - [TEST_STEP][PASSED] - Statement - PreSaveFile = new java.io.File(((pathPrefix + java.lang.Integer.toString(counter)) + .png)): null

2018-12-13 13:31:24 - [TEST_STEP][PASSED] - Statement - counter = counter + 1: null

2018-12-13 13:31:24 - [TEST_STEP][PASSED] - Statement - PreSaveFile = new java.io.File(((pathPrefix + java.lang.Integer.toString(counter)) + .png)): null

2018-12-13 13:31:24 - [TEST_STEP][PASSED] - Statement - counter = counter + 1: null

2018-12-13 13:31:24 - [TEST_STEP][PASSED] - Statement - PreSaveFile = new java.io.File(((pathPrefix + java.lang.Integer.toString(counter)) + .png)): null

2018-12-13 13:31:24 - [TEST_STEP][PASSED] - Statement - counter = counter + 1: null

2018-12-13 13:31:24 - [TEST_STEP][PASSED] - Statement - PreSaveFile = new java.io.File(((pathPrefix + java.lang.Integer.toString(counter)) + .png)): null

2018-12-13 13:31:24 - [TEST_STEP][PASSED] - Statement - counter = counter + 1: null

2018-12-13 13:31:24 - [TEST_STEP][PASSED] - Statement - PreSaveFile = new java.io.File(((pathPrefix + java.lang.Integer.toString(counter)) + .png)): null

2018-12-13 13:31:24 - [TEST_STEP][PASSED] - Statement - counter = counter + 1: null

2018-12-13 13:31:24 - [TEST_STEP][PASSED] - Statement - PreSaveFile = new java.io.File(((pathPrefix + java.lang.Integer.toString(counter)) + .png)): null

2018-12-13 13:31:24 - [TEST_STEP][PASSED] - Statement - counter = counter + 1: null

2018-12-13 13:31:24 - [TEST_STEP][PASSED] - Statement - PreSaveFile = new java.io.File(((pathPrefix + java.lang.Integer.toString(counter)) + .png)): null

2018-12-13 13:31:24 - [TEST_STEP][PASSED] - Statement - counter = counter + 1: null

2018-12-13 13:31:24 - [TEST_STEP][PASSED] - Statement - PreSaveFile = new java.io.File(((pathPrefix + java.lang.Integer.toString(counter)) + .png)): null

2018-12-13 13:31:24 - [TEST_STEP][PASSED] - Statement - counter = counter + 1: null

2018-12-13 13:31:24 - [TEST_STEP][PASSED] - Statement - PreSaveFile = new java.io.File(((pathPrefix + java.lang.Integer.toString(counter)) + .png)): null

2018-12-13 13:31:24 - [TEST_STEP][PASSED] - Statement - counter = counter + 1: null

2018-12-13 13:31:24 - [TEST_STEP][PASSED] - Statement - PreSaveFile = new java.io.File(((pathPrefix + java.lang.Integer.toString(counter)) + .png)): null

2018-12-13 13:31:24 - [TEST_STEP][PASSED] - Statement - counter = counter + 1: null

2018-12-13 13:31:24 - [TEST_STEP][PASSED] - Statement - PreSaveFile = new java.io.File(((pathPrefix + java.lang.Integer.toString(counter)) + .png)): null

2018-12-13 13:31:24 - [TEST_STEP][PASSED] - Statement - counter = counter + 1: null

2018-12-13 13:31:24 - [TEST_STEP][PASSED] - Statement - PreSaveFile = new java.io.File(((pathPrefix + java.lang.Integer.toString(counter)) + .png)): null

2018-12-13 13:31:24 - [TEST_STEP][PASSED] - Statement - counter = counter + 1: null

2018-12-13 13:31:24 - [TEST_STEP][PASSED] - Statement - PreSaveFile = new java.io.File(((pathPrefix + java.lang.Integer.toString(counter)) + .png)): null

2018-12-13 13:31:24 - [TEST_STEP][PASSED] - Statement - counter = counter + 1: null

2018-12-13 13:31:24 - [TEST_STEP][PASSED] - Statement - PreSaveFile = new java.io.File(((pathPrefix + java.lang.Integer.toString(counter)) + .png)): null

2018-12-13 13:31:24 - [TEST_STEP][PASSED] - Statement - counter = counter + 1: null

2018-12-13 13:31:24 - [TEST_STEP][PASSED] - Statement - PreSaveFile = new java.io.File(((pathPrefix + java.lang.Integer.toString(counter)) + .png)): null

2018-12-13 13:31:24 - [TEST_STEP][PASSED] - Statement - counter = counter + 1: null

2018-12-13 13:31:24 - [TEST_STEP][PASSED] - Statement - PreSaveFile = new java.io.File(((pathPrefix + java.lang.Integer.toString(counter)) + .png)): null

2018-12-13 13:31:24 - [TEST_STEP][PASSED] - Statement - counter = counter + 1: null

2018-12-13 13:31:24 - [TEST_STEP][PASSED] - Statement - PreSaveFile = new java.io.File(((pathPrefix + java.lang.Integer.toString(counter)) + .png)): null

2018-12-13 13:31:24 - [TEST_STEP][PASSED] - Statement - counter = counter + 1: null

2018-12-13 13:31:24 - [TEST_STEP][PASSED] - Statement - PreSaveFile = new java.io.File(((pathPrefix + java.lang.Integer.toString(counter)) + .png)): null

2018-12-13 13:31:24 - [TEST_STEP][PASSED] - Statement - counter = counter + 1: null

2018-12-13 13:31:24 - [TEST_STEP][PASSED] - Statement - PreSaveFile = new java.io.File(((pathPrefix + java.lang.Integer.toString(counter)) + .png)): null

2018-12-13 13:31:24 - [TEST_STEP][PASSED] - Statement - counter = counter + 1: null

2018-12-13 13:31:24 - [TEST_STEP][PASSED] - Statement - PreSaveFile = new java.io.File(((pathPrefix + java.lang.Integer.toString(counter)) + .png)): null

2018-12-13 13:31:24 - [TEST_STEP][PASSED] - Statement - counter = counter + 1: null

2018-12-13 13:31:24 - [TEST_STEP][PASSED] - Statement - PreSaveFile = new java.io.File(((pathPrefix + java.lang.Integer.toString(counter)) + .png)): null

2018-12-13 13:31:24 - [TEST_STEP][PASSED] - Statement - counter = counter + 1: null

2018-12-13 13:31:24 - [TEST_STEP][PASSED] - Statement - PreSaveFile = new java.io.File(((pathPrefix + java.lang.Integer.toString(counter)) + .png)): null

2018-12-13 13:31:24 - [TEST_STEP][PASSED] - Statement - counter = counter + 1: null

2018-12-13 13:31:24 - [TEST_STEP][PASSED] - Statement - PreSaveFile = new java.io.File(((pathPrefix + java.lang.Integer.toString(counter)) + .png)): null

2018-12-13 13:31:24 - [TEST_STEP][PASSED] - Statement - counter = counter + 1: null

2018-12-13 13:31:24 - [TEST_STEP][PASSED] - Statement - PreSaveFile = new java.io.File(((pathPrefix + java.lang.Integer.toString(counter)) + .png)): null

2018-12-13 13:31:24 - [TEST_STEP][PASSED] - Statement - counter = counter + 1: null

2018-12-13 13:31:24 - [TEST_STEP][PASSED] - Statement - PreSaveFile = new java.io.File(((pathPrefix + java.lang.Integer.toString(counter)) + .png)): null

2018-12-13 13:31:24 - [TEST_STEP][PASSED] - Statement - counter = counter + 1: null

2018-12-13 13:31:24 - [TEST_STEP][PASSED] - Statement - PreSaveFile = new java.io.File(((pathPrefix + java.lang.Integer.toString(counter)) + .png)): null

2018-12-13 13:31:24 - [TEST_STEP][PASSED] - Statement - counter = counter + 1: null

2018-12-13 13:31:25 - [TEST_STEP][PASSED] - Statement - PreSaveFile = new java.io.File(((pathPrefix + java.lang.Integer.toString(counter)) + .png)): null

2018-12-13 13:31:25 - [TEST_STEP][PASSED] - Statement - counter = counter + 1: null

2018-12-13 13:31:25 - [TEST_STEP][PASSED] - Statement - PreSaveFile = new java.io.File(((pathPrefix + java.lang.Integer.toString(counter)) + .png)): null

2018-12-13 13:31:25 - [TEST_STEP][PASSED] - Statement - counter = counter + 1: null

2018-12-13 13:31:25 - [TEST_STEP][PASSED] - Statement - PreSaveFile = new java.io.File(((pathPrefix + java.lang.Integer.toString(counter)) + .png)): null

2018-12-13 13:31:25 - [TEST_STEP][PASSED] - Statement - counter = counter + 1: null

2018-12-13 13:31:25 - [TEST_STEP][PASSED] - Statement - PreSaveFile = new java.io.File(((pathPrefix + java.lang.Integer.toString(counter)) + .png)): null

2018-12-13 13:31:25 - [TEST_STEP][PASSED] - Statement - counter = counter + 1: null

2018-12-13 13:31:25 - [TEST_STEP][PASSED] - Statement - PreSaveFile = new java.io.File(((pathPrefix + java.lang.Integer.toString(counter)) + .png)): null

2018-12-13 13:31:25 - [TEST_STEP][PASSED] - Statement - counter = counter + 1: null

2018-12-13 13:31:25 - [TEST_STEP][PASSED] - Statement - PreSaveFile = new java.io.File(((pathPrefix + java.lang.Integer.toString(counter)) + .png)): null

2018-12-13 13:31:25 - [TEST_STEP][PASSED] - Statement - counter = counter + 1: null

2018-12-13 13:31:25 - [TEST_STEP][PASSED] - Statement - PreSaveFile = new java.io.File(((pathPrefix + java.lang.Integer.toString(counter)) + .png)): null

2018-12-13 13:31:25 - [TEST_STEP][PASSED] - Statement - counter = counter + 1: null

2018-12-13 13:31:25 - [TEST_STEP][PASSED] - Statement - PreSaveFile = new java.io.File(((pathPrefix + java.lang.Integer.toString(counter)) + .png)): null

2018-12-13 13:31:25 - [TEST_STEP][PASSED] - Statement - counter = counter + 1: null

2018-12-13 13:31:25 - [TEST_STEP][PASSED] - Statement - PreSaveFile = new java.io.File(((pathPrefix + java.lang.Integer.toString(counter)) + .png)): null

2018-12-13 13:31:25 - [TEST_STEP][PASSED] - Statement - counter = counter + 1: null

2018-12-13 13:31:25 - [TEST_STEP][PASSED] - Statement - PreSaveFile = new java.io.File(((pathPrefix + java.lang.Integer.toString(counter)) + .png)): null

2018-12-13 13:31:25 - [TEST_STEP][PASSED] - Statement - counter = counter + 1: null

2018-12-13 13:31:25 - [TEST_STEP][PASSED] - Statement - PreSaveFile = new java.io.File(((pathPrefix + java.lang.Integer.toString(counter)) + .png)): null

2018-12-13 13:31:25 - [TEST_STEP][PASSED] - Statement - counter = counter + 1: null

2018-12-13 13:31:25 - [TEST_STEP][PASSED] - Statement - PreSaveFile = new java.io.File(((pathPrefix + java.lang.Integer.toString(counter)) + .png)): null

2018-12-13 13:31:25 - [TEST_STEP][PASSED] - Statement - counter = counter + 1: null

2018-12-13 13:31:25 - [TEST_STEP][PASSED] - Statement - PreSaveFile = new java.io.File(((pathPrefix + java.lang.Integer.toString(counter)) + .png)): null

2018-12-13 13:31:25 - [TEST_STEP][PASSED] - Statement - counter = counter + 1: null

2018-12-13 13:31:25 - [TEST_STEP][PASSED] - Statement - PreSaveFile = new java.io.File(((pathPrefix + java.lang.Integer.toString(counter)) + .png)): null

2018-12-13 13:31:25 - [TEST_STEP][PASSED] - Statement - counter = counter + 1: null

2018-12-13 13:31:25 - [TEST_STEP][PASSED] - Statement - PreSaveFile = new java.io.File(((pathPrefix + java.lang.Integer.toString(counter)) + .png)): null

2018-12-13 13:31:25 - [TEST_STEP][PASSED] - Statement - counter = counter + 1: null

2018-12-13 13:31:25 - [TEST_STEP][PASSED] - Statement - PreSaveFile = new java.io.File(((pathPrefix + java.lang.Integer.toString(counter)) + .png)): null

2018-12-13 13:31:25 - [TEST_STEP][PASSED] - Statement - counter = counter + 1: null

2018-12-13 13:31:25 - [TEST_STEP][PASSED] - Statement - PreSaveFile = new java.io.File(((pathPrefix + java.lang.Integer.toString(counter)) + .png)): null

2018-12-13 13:31:25 - [TEST_STEP][PASSED] - Statement - counter = counter + 1: null

2018-12-13 13:31:25 - [TEST_STEP][PASSED] - Statement - PreSaveFile = new java.io.File(((pathPrefix + java.lang.Integer.toString(counter)) + .png)): null

2018-12-13 13:31:25 - [TEST_STEP][PASSED] - Statement - counter = counter + 1: null

2018-12-13 13:31:25 - [TEST_STEP][PASSED] - Statement - PreSaveFile = new java.io.File(((pathPrefix + java.lang.Integer.toString(counter)) + .png)): null

2018-12-13 13:31:25 - [TEST_STEP][PASSED] - Statement - counter = counter + 1: null

2018-12-13 13:31:25 - [TEST_STEP][PASSED] - Statement - PreSaveFile = new java.io.File(((pathPrefix + java.lang.Integer.toString(counter)) + .png)): null

2018-12-13 13:31:25 - [TEST_STEP][PASSED] - Statement - counter = counter + 1: null

2018-12-13 13:31:25 - [TEST_STEP][PASSED] - Statement - PreSaveFile = new java.io.File(((pathPrefix + java.lang.Integer.toString(counter)) + .png)): null

2018-12-13 13:31:25 - [TEST_STEP][PASSED] - Statement - counter = counter + 1: null

2018-12-13 13:31:25 - [TEST_STEP][PASSED] - Statement - PreSaveFile = new java.io.File(((pathPrefix + java.lang.Integer.toString(counter)) + .png)): null

2018-12-13 13:31:25 - [TEST_STEP][PASSED] - Statement - counter = counter + 1: null

2018-12-13 13:31:25 - [TEST_STEP][PASSED] - Statement - PreSaveFile = new java.io.File(((pathPrefix + java.lang.Integer.toString(counter)) + .png)): null

2018-12-13 13:31:25 - [TEST_STEP][PASSED] - Statement - counter = counter + 1: null

2018-12-13 13:31:25 - [TEST_STEP][PASSED] - Statement - PreSaveFile = new java.io.File(((pathPrefix + java.lang.Integer.toString(counter)) + .png)): null

2018-12-13 13:31:25 - [TEST_STEP][PASSED] - Statement - counter = counter + 1: null

2018-12-13 13:31:25 - [TEST_STEP][PASSED] - Statement - PreSaveFile = new java.io.File(((pathPrefix + java.lang.Integer.toString(counter)) + .png)): null

2018-12-13 13:31:25 - [TEST_STEP][PASSED] - Statement - counter = counter + 1: null

2018-12-13 13:31:25 - [TEST_STEP][PASSED] - Statement - PreSaveFile = new java.io.File(((pathPrefix + java.lang.Integer.toString(counter)) + .png)): null

2018-12-13 13:31:25 - [TEST_STEP][PASSED] - Statement - counter = counter + 1: null

2018-12-13 13:31:25 - [TEST_STEP][PASSED] - Statement - PreSaveFile = new java.io.File(((pathPrefix + java.lang.Integer.toString(counter)) + .png)): null

2018-12-13 13:31:25 - [TEST_STEP][PASSED] - Statement - counter = counter + 1: null

2018-12-13 13:31:25 - [TEST_STEP][PASSED] - Statement - PreSaveFile = new java.io.File(((pathPrefix + java.lang.Integer.toString(counter)) + .png)): null

2018-12-13 13:31:25 - [TEST_STEP][PASSED] - Statement - counter = counter + 1: null

2018-12-13 13:31:25 - [TEST_STEP][PASSED] - Statement - PreSaveFile = new java.io.File(((pathPrefix + java.lang.Integer.toString(counter)) + .png)): null

2018-12-13 13:31:25 - [TEST_STEP][PASSED] - Statement - counter = counter + 1: null

2018-12-13 13:31:25 - [TEST_STEP][PASSED] - Statement - PreSaveFile = new java.io.File(((pathPrefix + java.lang.Integer.toString(counter)) + .png)): null

2018-12-13 13:31:25 - [TEST_STEP][PASSED] - Statement - counter = counter + 1: null

2018-12-13 13:31:25 - [TEST_STEP][PASSED] - Statement - PreSaveFile = new java.io.File(((pathPrefix + java.lang.Integer.toString(counter)) + .png)): null

2018-12-13 13:31:25 - [TEST_STEP][PASSED] - Statement - counter = counter + 1: null

2018-12-13 13:31:25 - [TEST_STEP][PASSED] - Statement - PreSaveFile = new java.io.File(((pathPrefix + java.lang.Integer.toString(counter)) + .png)): null

2018-12-13 13:31:25 - [TEST_STEP][PASSED] - Statement - counter = counter + 1: null

2018-12-13 13:31:25 - [TEST_STEP][PASSED] - Statement - PreSaveFile = new java.io.File(((pathPrefix + java.lang.Integer.toString(counter)) + .png)): null

2018-12-13 13:31:25 - [TEST_STEP][PASSED] - Statement - counter = counter + 1: null

2018-12-13 13:31:25 - [TEST_STEP][PASSED] - Statement - PreSaveFile = new java.io.File(((pathPrefix + java.lang.Integer.toString(counter)) + .png)): null

2018-12-13 13:31:25 - [TEST_STEP][PASSED] - Statement - counter = counter + 1: null

2018-12-13 13:31:25 - [TEST_STEP][PASSED] - Statement - PreSaveFile = new java.io.File(((pathPrefix + java.lang.Integer.toString(counter)) + .png)): null

2018-12-13 13:31:25 - [TEST_STEP][PASSED] - Statement - counter = counter + 1: null

2018-12-13 13:31:25 - [TEST_STEP][PASSED] - Statement - PreSaveFile = new java.io.File(((pathPrefix + java.lang.Integer.toString(counter)) + .png)): null

2018-12-13 13:31:25 - [TEST_STEP][PASSED] - Statement - counter = counter + 1: null

2018-12-13 13:31:25 - [TEST_STEP][PASSED] - Statement - PreSaveFile = new java.io.File(((pathPrefix + java.lang.Integer.toString(counter)) + .png)): null

2018-12-13 13:31:25 - [TEST_STEP][PASSED] - Statement - counter = counter + 1: null

2018-12-13 13:31:25 - [TEST_STEP][PASSED] - Statement - PreSaveFile = new java.io.File(((pathPrefix + java.lang.Integer.toString(counter)) + .png)): null

2018-12-13 13:31:25 - [TEST_STEP][PASSED] - Statement - counter = counter + 1: null

2018-12-13 13:31:25 - [TEST_STEP][PASSED] - Statement - PreSaveFile = new java.io.File(((pathPrefix + java.lang.Integer.toString(counter)) + .png)): null

2018-12-13 13:31:25 - [TEST_STEP][PASSED] - Statement - counter = counter + 1: null

2018-12-13 13:31:25 - [TEST_STEP][PASSED] - Statement - PreSaveFile = new java.io.File(((pathPrefix + java.lang.Integer.toString(counter)) + .png)): null

2018-12-13 13:31:25 - [TEST_STEP][PASSED] - Statement - counter = counter + 1: null

2018-12-13 13:31:25 - [TEST_STEP][PASSED] - Statement - PreSaveFile = new java.io.File(((pathPrefix + java.lang.Integer.toString(counter)) + .png)): null

2018-12-13 13:31:25 - [TEST_STEP][PASSED] - Statement - counter = counter + 1: null

2018-12-13 13:31:25 - [TEST_STEP][PASSED] - Statement - PreSaveFile = new java.io.File(((pathPrefix + java.lang.Integer.toString(counter)) + .png)): null

2018-12-13 13:31:25 - [TEST_STEP][PASSED] - Statement - counter = counter + 1: null

2018-12-13 13:31:25 - [TEST_STEP][PASSED] - Statement - PreSaveFile = new java.io.File(((pathPrefix + java.lang.Integer.toString(counter)) + .png)): null

2018-12-13 13:31:25 - [TEST_STEP][PASSED] - Statement - counter = counter + 1: null

2018-12-13 13:31:25 - [TEST_STEP][PASSED] - Statement - PreSaveFile = new java.io.File(((pathPrefix + java.lang.Integer.toString(counter)) + .png)): null

2018-12-13 13:31:25 - [TEST_STEP][PASSED] - Statement - counter = counter + 1: null

2018-12-13 13:31:25 - [TEST_STEP][PASSED] - Statement - PreSaveFile = new java.io.File(((pathPrefix + java.lang.Integer.toString(counter)) + .png)): null

2018-12-13 13:31:25 - [TEST_STEP][PASSED] - Statement - counter = counter + 1: null

2018-12-13 13:31:25 - [TEST_STEP][PASSED] - Statement - PreSaveFile = new java.io.File(((pathPrefix + java.lang.Integer.toString(counter)) + .png)): null

2018-12-13 13:31:25 - [TEST_STEP][PASSED] - Statement - counter = counter + 1: null

2018-12-13 13:31:25 - [TEST_STEP][PASSED] - Statement - PreSaveFile = new java.io.File(((pathPrefix + java.lang.Integer.toString(counter)) + .png)): null

2018-12-13 13:31:25 - [TEST_STEP][PASSED] - Statement - counter = counter + 1: null

2018-12-13 13:31:25 - [TEST_STEP][PASSED] - Statement - PreSaveFile = new java.io.File(((pathPrefix + java.lang.Integer.toString(counter)) + .png)): null

2018-12-13 13:31:25 - [TEST_STEP][PASSED] - Statement - counter = counter + 1: null

2018-12-13 13:31:25 - [TEST_STEP][PASSED] - Statement - PreSaveFile = new java.io.File(((pathPrefix + java.lang.Integer.toString(counter)) + .png)): null

2018-12-13 13:31:25 - [TEST_STEP][PASSED] - Statement - counter = counter + 1: null

2018-12-13 13:31:25 - [TEST_STEP][PASSED] - Statement - PreSaveFile = new java.io.File(((pathPrefix + java.lang.Integer.toString(counter)) + .png)): null

2018-12-13 13:31:25 - [TEST_STEP][PASSED] - Statement - counter = counter + 1: null

2018-12-13 13:31:25 - [TEST_STEP][PASSED] - Statement - PreSaveFile = new java.io.File(((pathPrefix + java.lang.Integer.toString(counter)) + .png)): null

2018-12-13 13:31:25 - [TEST_STEP][PASSED] - Statement - counter = counter + 1: null

2018-12-13 13:31:25 - [TEST_STEP][PASSED] - Statement - PreSaveFile = new java.io.File(((pathPrefix + java.lang.Integer.toString(counter)) + .png)): null

2018-12-13 13:31:25 - [TEST_STEP][PASSED] - Statement - counter = counter + 1: null

2018-12-13 13:31:25 - [TEST_STEP][PASSED] - Statement - PreSaveFile = new java.io.File(((pathPrefix + java.lang.Integer.toString(counter)) + .png)): null

2018-12-13 13:31:25 - [TEST_STEP][PASSED] - Statement - counter = counter + 1: null

2018-12-13 13:31:25 - [TEST_STEP][PASSED] - Statement - PreSaveFile = new java.io.File(((pathPrefix + java.lang.Integer.toString(counter)) + .png)): null

2018-12-13 13:31:25 - [TEST_STEP][PASSED] - Statement - counter = counter + 1: null

2018-12-13 13:31:25 - [TEST_STEP][PASSED] - Statement - PreSaveFile = new java.io.File(((pathPrefix + java.lang.Integer.toString(counter)) + .png)): null

2018-12-13 13:31:25 - [TEST_STEP][PASSED] - Statement - counter = counter + 1: null

2018-12-13 13:31:25 - [TEST_STEP][PASSED] - Statement - PreSaveFile = new java.io.File(((pathPrefix + java.lang.Integer.toString(counter)) + .png)): null

2018-12-13 13:31:25 - [TEST_STEP][PASSED] - Statement - counter = counter + 1: null

2018-12-13 13:31:25 - [TEST_STEP][PASSED] - Statement - PreSaveFile = new java.io.File(((pathPrefix + java.lang.Integer.toString(counter)) + .png)): null

2018-12-13 13:31:25 - [TEST_STEP][PASSED] - Statement - counter = counter + 1: null

2018-12-13 13:31:25 - [TEST_STEP][PASSED] - Statement - PreSaveFile = new java.io.File(((pathPrefix + java.lang.Integer.toString(counter)) + .png)): null

2018-12-13 13:31:25 - [TEST_STEP][PASSED] - Statement - counter = counter + 1: null

2018-12-13 13:31:25 - [TEST_STEP][PASSED] - Statement - PreSaveFile = new java.io.File(((pathPrefix + java.lang.Integer.toString(counter)) + .png)): null

2018-12-13 13:31:25 - [TEST_STEP][PASSED] - Statement - counter = counter + 1: null

2018-12-13 13:31:25 - [TEST_STEP][PASSED] - Statement - PreSaveFile = new java.io.File(((pathPrefix + java.lang.Integer.toString(counter)) + .png)): null

2018-12-13 13:31:25 - [TEST_STEP][PASSED] - Statement - counter = counter + 1: null

2018-12-13 13:31:25 - [TEST_STEP][PASSED] - Statement - PreSaveFile = new java.io.File(((pathPrefix + java.lang.Integer.toString(counter)) + .png)): null

2018-12-13 13:31:25 - [TEST_STEP][PASSED] - Statement - counter = counter + 1: null

2018-12-13 13:31:25 - [TEST_STEP][PASSED] - Statement - PreSaveFile = new java.io.File(((pathPrefix + java.lang.Integer.toString(counter)) + .png)): null

2018-12-13 13:31:25 - [TEST_STEP][PASSED] - Statement - counter = counter + 1: null

2018-12-13 13:31:25 - [TEST_STEP][PASSED] - Statement - PreSaveFile = new java.io.File(((pathPrefix + java.lang.Integer.toString(counter)) + .png)): null

2018-12-13 13:31:25 - [TEST_STEP][PASSED] - Statement - counter = counter + 1: null

2018-12-13 13:31:25 - [TEST_STEP][PASSED] - Statement - PreSaveFile = new java.io.File(((pathPrefix + java.lang.Integer.toString(counter)) + .png)): null

2018-12-13 13:31:25 - [TEST_STEP][PASSED] - Statement - counter = counter + 1: null

2018-12-13 13:31:25 - [TEST_STEP][PASSED] - Statement - PreSaveFile = new java.io.File(((pathPrefix + java.lang.Integer.toString(counter)) + .png)): null

2018-12-13 13:31:25 - [TEST_STEP][PASSED] - Statement - counter = counter + 1: null

2018-12-13 13:31:25 - [TEST_STEP][PASSED] - Statement - PreSaveFile = new java.io.File(((pathPrefix + java.lang.Integer.toString(counter)) + .png)): null

2018-12-13 13:31:25 - [TEST_STEP][PASSED] - Statement - counter = counter + 1: null

2018-12-13 13:31:25 - [TEST_STEP][PASSED] - Statement - PreSaveFile = new java.io.File(((pathPrefix + java.lang.Integer.toString(counter)) + .png)): null

2018-12-13 13:31:25 - [TEST_STEP][PASSED] - Statement - counter = counter + 1: null

2018-12-13 13:31:25 - [TEST_STEP][PASSED] - Statement - PreSaveFile = new java.io.File(((pathPrefix + java.lang.Integer.toString(counter)) + .png)): null

2018-12-13 13:31:25 - [TEST_STEP][PASSED] - Statement - counter = counter + 1: null

2018-12-13 13:31:25 - [TEST_STEP][PASSED] - Statement - PreSaveFile = new java.io.File(((pathPrefix + java.lang.Integer.toString(counter)) + .png)): null

2018-12-13 13:31:25 - [TEST_STEP][PASSED] - Statement - counter = counter + 1: null

2018-12-13 13:31:25 - [TEST_STEP][PASSED] - Statement - PreSaveFile = new java.io.File(((pathPrefix + java.lang.Integer.toString(counter)) + .png)): null

2018-12-13 13:31:25 - [TEST_STEP][PASSED] - Statement - counter = counter + 1: null

2018-12-13 13:31:25 - [TEST_STEP][PASSED] - Statement - PreSaveFile = new java.io.File(((pathPrefix + java.lang.Integer.toString(counter)) + .png)): null

2018-12-13 13:31:25 - [TEST_STEP][PASSED] - Statement - counter = counter + 1: null

2018-12-13 13:31:25 - [TEST_STEP][PASSED] - Statement - PreSaveFile = new java.io.File(((pathPrefix + java.lang.Integer.toString(counter)) + .png)): null

2018-12-13 13:31:25 - [TEST_STEP][PASSED] - Statement - counter = counter + 1: null

2018-12-13 13:31:25 - [TEST_STEP][PASSED] - Statement - PreSaveFile = new java.io.File(((pathPrefix + java.lang.Integer.toString(counter)) + .png)): null

2018-12-13 13:31:25 - [TEST_STEP][PASSED] - Statement - counter = counter + 1: null

2018-12-13 13:31:25 - [TEST_STEP][PASSED] - Statement - PreSaveFile = new java.io.File(((pathPrefix + java.lang.Integer.toString(counter)) + .png)): null

2018-12-13 13:31:25 - [TEST_STEP][PASSED] - Statement - counter = counter + 1: null

2018-12-13 13:31:25 - [TEST_STEP][PASSED] - Statement - PreSaveFile = new java.io.File(((pathPrefix + java.lang.Integer.toString(counter)) + .png)): null

2018-12-13 13:31:25 - [TEST_STEP][PASSED] - Statement - counter = counter + 1: null

2018-12-13 13:31:25 - [TEST_STEP][PASSED] - Statement - PreSaveFile = new java.io.File(((pathPrefix + java.lang.Integer.toString(counter)) + .png)): null

2018-12-13 13:31:25 - [TEST_STEP][PASSED] - Statement - counter = counter + 1: null

2018-12-13 13:31:25 - [TEST_STEP][PASSED] - Statement - PreSaveFile = new java.io.File(((pathPrefix + java.lang.Integer.toString(counter)) + .png)): null

2018-12-13 13:31:25 - [TEST_STEP][PASSED] - Statement - counter = counter + 1: null

2018-12-13 13:31:25 - [TEST_STEP][PASSED] - Statement - PreSaveFile = new java.io.File(((pathPrefix + java.lang.Integer.toString(counter)) + .png)): null

2018-12-13 13:31:25 - [TEST_STEP][PASSED] - Statement - counter = counter + 1: null

2018-12-13 13:31:25 - [TEST_STEP][PASSED] - Statement - PreSaveFile = new java.io.File(((pathPrefix + java.lang.Integer.toString(counter)) + .png)): null

2018-12-13 13:31:25 - [TEST_STEP][PASSED] - Statement - counter = counter + 1: null

2018-12-13 13:31:25 - [TEST_STEP][PASSED] - Statement - PreSaveFile = new java.io.File(((pathPrefix + java.lang.Integer.toString(counter)) + .png)): null

2018-12-13 13:31:25 - [TEST_STEP][PASSED] - Statement - counter = counter + 1: null

2018-12-13 13:31:25 - [TEST_STEP][PASSED] - Statement - PreSaveFile = new java.io.File(((pathPrefix + java.lang.Integer.toString(counter)) + .png)): null

2018-12-13 13:31:25 - [TEST_STEP][PASSED] - Statement - counter = counter + 1: null

2018-12-13 13:31:25 - [TEST_STEP][PASSED] - Statement - PreSaveFile = new java.io.File(((pathPrefix + java.lang.Integer.toString(counter)) + .png)): null

2018-12-13 13:31:25 - [TEST_STEP][PASSED] - Statement - counter = counter + 1: null

2018-12-13 13:31:25 - [TEST_STEP][PASSED] - Statement - PreSaveFile = new java.io.File(((pathPrefix + java.lang.Integer.toString(counter)) + .png)): null

2018-12-13 13:31:25 - [TEST_STEP][PASSED] - Statement - counter = counter + 1: null

2018-12-13 13:31:25 - [TEST_STEP][PASSED] - Statement - PreSaveFile = new java.io.File(((pathPrefix + java.lang.Integer.toString(counter)) + .png)): null

2018-12-13 13:31:25 - [TEST_STEP][PASSED] - Statement - counter = counter + 1: null

2018-12-13 13:31:25 - [TEST_STEP][PASSED] - Statement - PreSaveFile = new java.io.File(((pathPrefix + java.lang.Integer.toString(counter)) + .png)): null

2018-12-13 13:31:25 - [TEST_STEP][PASSED] - Statement - counter = counter + 1: null

2018-12-13 13:31:25 - [TEST_STEP][PASSED] - Statement - PreSaveFile = new java.io.File(((pathPrefix + java.lang.Integer.toString(counter)) + .png)): null

2018-12-13 13:31:25 - [TEST_STEP][PASSED] - Statement - counter = counter + 1: null

2018-12-13 13:31:25 - [TEST_STEP][PASSED] - Statement - PreSaveFile = new java.io.File(((pathPrefix + java.lang.Integer.toString(counter)) + .png)): null

2018-12-13 13:31:25 - [TEST_STEP][PASSED] - Statement - counter = counter + 1: null

2018-12-13 13:31:25 - [TEST_STEP][PASSED] - Statement - PreSaveFile = new java.io.File(((pathPrefix + java.lang.Integer.toString(counter)) + .png)): null

2018-12-13 13:31:25 - [TEST_STEP][PASSED] - Statement - counter = counter + 1: null

2018-12-13 13:31:25 - [TEST_STEP][PASSED] - Statement - PreSaveFile = new java.io.File(((pathPrefix + java.lang.Integer.toString(counter)) + .png)): null

2018-12-13 13:31:25 - [TEST_STEP][PASSED] - Statement - counter = counter + 1: null

2018-12-13 13:31:25 - [TEST_STEP][PASSED] - Statement - PreSaveFile = new java.io.File(((pathPrefix + java.lang.Integer.toString(counter)) + .png)): null

2018-12-13 13:31:25 - [TEST_STEP][PASSED] - Statement - counter = counter + 1: null

2018-12-13 13:31:25 - [TEST_STEP][PASSED] - Statement - PreSaveFile = new java.io.File(((pathPrefix + java.lang.Integer.toString(counter)) + .png)): null

2018-12-13 13:31:25 - [TEST_STEP][PASSED] - Statement - counter = counter + 1: null

2018-12-13 13:31:25 - [TEST_STEP][PASSED] - Statement - PreSaveFile = new java.io.File(((pathPrefix + java.lang.Integer.toString(counter)) + .png)): null

2018-12-13 13:31:25 - [TEST_STEP][PASSED] - Statement - counter = counter + 1: null

2018-12-13 13:31:25 - [TEST_STEP][PASSED] - Statement - PreSaveFile = new java.io.File(((pathPrefix + java.lang.Integer.toString(counter)) + .png)): null

2018-12-13 13:31:25 - [TEST_STEP][PASSED] - Statement - counter = counter + 1: null

2018-12-13 13:31:25 - [TEST_STEP][PASSED] - Statement - PreSaveFile = new java.io.File(((pathPrefix + java.lang.Integer.toString(counter)) + .png)): null

2018-12-13 13:31:25 - [TEST_STEP][PASSED] - Statement - counter = counter + 1: null

2018-12-13 13:31:25 - [TEST_STEP][PASSED] - Statement - PreSaveFile = new java.io.File(((pathPrefix + java.lang.Integer.toString(counter)) + .png)): null

2018-12-13 13:31:25 - [TEST_STEP][PASSED] - Statement - counter = counter + 1: null

2018-12-13 13:31:25 - [TEST_STEP][PASSED] - Statement - PreSaveFile = new java.io.File(((pathPrefix + java.lang.Integer.toString(counter)) + .png)): null

2018-12-13 13:31:25 - [TEST_STEP][PASSED] - Statement - counter = counter + 1: null

2018-12-13 13:31:25 - [TEST_STEP][PASSED] - Statement - PreSaveFile = new java.io.File(((pathPrefix + java.lang.Integer.toString(counter)) + .png)): null

2018-12-13 13:31:25 - [TEST_STEP][PASSED] - Statement - counter = counter + 1: null

2018-12-13 13:31:25 - [TEST_STEP][PASSED] - Statement - PreSaveFile = new java.io.File(((pathPrefix + java.lang.Integer.toString(counter)) + .png)): null

2018-12-13 13:31:25 - [TEST_STEP][PASSED] - Statement - counter = counter + 1: null

2018-12-13 13:31:25 - [TEST_STEP][PASSED] - Statement - PreSaveFile = new java.io.File(((pathPrefix + java.lang.Integer.toString(counter)) + .png)): null

2018-12-13 13:31:25 - [TEST_STEP][PASSED] - Statement - counter = counter + 1: null

2018-12-13 13:31:25 - [TEST_STEP][PASSED] - Statement - PreSaveFile = new java.io.File(((pathPrefix + java.lang.Integer.toString(counter)) + .png)): null

2018-12-13 13:31:25 - [TEST_STEP][PASSED] - Statement - counter = counter + 1: null

2018-12-13 13:31:25 - [TEST_STEP][PASSED] - Statement - PreSaveFile = new java.io.File(((pathPrefix + java.lang.Integer.toString(counter)) + .png)): null

2018-12-13 13:31:25 - [TEST_STEP][PASSED] - Statement - counter = counter + 1: null

2018-12-13 13:31:25 - [TEST_STEP][PASSED] - Statement - PreSaveFile = new java.io.File(((pathPrefix + java.lang.Integer.toString(counter)) + .png)): null

2018-12-13 13:31:25 - [TEST_STEP][PASSED] - Statement - counter = counter + 1: null

2018-12-13 13:31:25 - [TEST_STEP][PASSED] - Statement - PreSaveFile = new java.io.File(((pathPrefix + java.lang.Integer.toString(counter)) + .png)): null

2018-12-13 13:31:25 - [TEST_STEP][PASSED] - Statement - counter = counter + 1: null

2018-12-13 13:31:25 - [TEST_STEP][PASSED] - Statement - PreSaveFile = new java.io.File(((pathPrefix + java.lang.Integer.toString(counter)) + .png)): null

2018-12-13 13:31:25 - [TEST_STEP][PASSED] - Statement - counter = counter + 1: null

2018-12-13 13:31:25 - [TEST_STEP][PASSED] - Statement - PreSaveFile = new java.io.File(((pathPrefix + java.lang.Integer.toString(counter)) + .png)): null

2018-12-13 13:31:25 - [TEST_STEP][PASSED] - Statement - counter = counter + 1: null

2018-12-13 13:31:25 - [TEST_STEP][PASSED] - Statement - PreSaveFile = new java.io.File(((pathPrefix + java.lang.Integer.toString(counter)) + .png)): null

2018-12-13 13:31:25 - [TEST_STEP][PASSED] - Statement - counter = counter + 1: null

2018-12-13 13:31:25 - [TEST_STEP][PASSED] - Statement - PreSaveFile = new java.io.File(((pathPrefix + java.lang.Integer.toString(counter)) + .png)): null

2018-12-13 13:31:25 - [TEST_STEP][PASSED] - Statement - counter = counter + 1: null

2018-12-13 13:31:25 - [TEST_STEP][PASSED] - Statement - PreSaveFile = new java.io.File(((pathPrefix + java.lang.Integer.toString(counter)) + .png)): null

2018-12-13 13:31:25 - [TEST_STEP][PASSED] - Statement - counter = counter + 1: null

2018-12-13 13:31:25 - [TEST_STEP][PASSED] - Statement - PreSaveFile = new java.io.File(((pathPrefix + java.lang.Integer.toString(counter)) + .png)): null

2018-12-13 13:31:25 - [TEST_STEP][PASSED] - Statement - counter = counter + 1: null

2018-12-13 13:31:25 - [TEST_STEP][PASSED] - Statement - PreSaveFile = new java.io.File(((pathPrefix + java.lang.Integer.toString(counter)) + .png)): null

2018-12-13 13:31:25 - [TEST_STEP][PASSED] - Statement - finalPath = pathPrefix + java.lang.Integer.toString(counter) + ".png": null

2018-12-13 13:31:25 - [TEST_STEP][PASSED] - Statement - SaveFile = new java.io.File(finalPath): null

2018-12-13 13:31:25 - [TEST_STEP][PASSED] - Statement - Try: null

2018-12-13 13:31:25 - [TEST_STEP][PASSED] - Statement - org.apache.commons.io.FileUtils.copyFile(scrFile, SaveFile): null

2018-12-13 13:31:25 - [TEST_STEP][PASSED] - Statement - out.println("file kept"): null

2018-12-13 13:31:25 - [TEST_STEP][PASSED] - delay: Delayed 10 second(s)

2018-12-13 13:31:35 - [MESSAGE][PASSED] - Delayed 10 second(s)

2018-12-13 13:31:35 - [MESSAGE][FAILED] - Unable to call Test Case with id 'Test Cases/Final Aug 2018 - PKS Automation/Registration Module/New Registration/Submit and Screenshot/Submit Registration and Screenshot' (Root cause: Call Test Case 'Test Cases/Final Aug 2018 - PKS Automation/Registration Module/New Registration/Submit and Screenshot/Submit Registration and Screenshot' failed)]]></system-out>
         <system-err><![CDATA[2018-12-13 13:15:50 - [TEST_CASE][FAILED] - Test Cases/Final Aug 2018 - PKS Automation/Registration Module/Workflow/New Registration/Case PKR BO to RO - Query - Submit: Test Cases/Final Aug 2018 - PKS Automation/Registration Module/Workflow/New Registration/Case PKR BO to RO - Query - Submit FAILED because (of) (Stack trace: com.kms.katalon.core.exception.StepFailedException: Unable to set text 'CRN12201800123275' of object 'Object Repository/Final Object Repo/New Registration - Registration Module Pages/New Reg - OTC to RO/Special Case - All Related Objects/TextBox RefNo in Workbasket' (Root cause: org.openqa.selenium.ElementNotVisibleException: element not interactable
  (Session info: chrome=70.0.3538.110)
  (Driver info: chromedriver=2.43.600210 (68dcf5eebde37173d4027fa8635e332711d2874a),platform=Windows NT 6.1.7601 SP1 x86_64) (WARNING: The server did not provide any stacktrace information)
Command duration or timeout: 0 milliseconds
Build info: version: '3.7.1', revision: '8a0099a', time: '2017-11-06T21:07:36.161Z'
System info: host: 'WIN7TEST02', ip: '10.20.3.72', os.name: 'Windows 7', os.arch: 'amd64', os.version: '6.1', java.version: '1.8.0_181'
Driver info: com.kms.katalon.selenium.driver.CChromeDriver
Capabilities {acceptInsecureCerts: false, acceptSslCerts: false, applicationCacheEnabled: false, browserConnectionEnabled: false, browserName: chrome, chrome: {chromedriverVersion: 2.43.600210 (68dcf5eebde371..., userDataDir: C:\Users\Admin\AppData\Loca...}, cssSelectorsEnabled: true, databaseEnabled: false, goog:chromeOptions: {debuggerAddress: localhost:52715}, handlesAlerts: true, hasTouchScreen: false, javascriptEnabled: true, locationContextEnabled: true, mobileEmulationEnabled: false, nativeEvents: true, networkConnectionEnabled: false, pageLoadStrategy: normal, platform: XP, platformName: XP, rotatable: false, setWindowRect: true, takesHeapSnapshot: true, takesScreenshot: true, unexpectedAlertBehaviour: , unhandledPromptBehavior: , version: 70.0.3538.110, webStorageEnabled: true}
Session ID: 7f7ba10f29967662064b2c09d36530b6)
	at com.kms.katalon.core.keyword.internal.KeywordMain.stepFailed(KeywordMain.groovy:32)
	at com.kms.katalon.core.webui.keyword.internal.WebUIKeywordMain.stepFailed(WebUIKeywordMain.groovy:65)
	at com.kms.katalon.core.webui.keyword.internal.WebUIKeywordMain.runKeyword(WebUIKeywordMain.groovy:27)
	at com.kms.katalon.core.webui.keyword.builtin.SetTextKeyword.setText(SetTextKeyword.groovy:65)
	at com.kms.katalon.core.webui.keyword.builtin.SetTextKeyword.execute(SetTextKeyword.groovy:37)
	at com.kms.katalon.core.keyword.internal.KeywordExecutor.executeKeywordForPlatform(KeywordExecutor.groovy:53)
	at com.kms.katalon.core.webui.keyword.WebUiBuiltInKeywords.setText(WebUiBuiltInKeywords.groovy:950)
	at com.kms.katalon.core.webui.keyword.WebUiBuiltInKeywords$setText$1.call(Unknown Source)
	at org.codehaus.groovy.runtime.callsite.CallSiteArray.defaultCall(CallSiteArray.java:48)
	at org.codehaus.groovy.runtime.callsite.AbstractCallSite.call(AbstractCallSite.java:113)
	at org.codehaus.groovy.runtime.callsite.AbstractCallSite.call(AbstractCallSite.java:133)
	at Script1535619019036.run(Script1535619019036.groovy:73)
	at com.kms.katalon.core.main.ScriptEngine.run(ScriptEngine.java:183)
	at com.kms.katalon.core.main.ScriptEngine.runScriptAsRawText(ScriptEngine.java:108)
	at com.kms.katalon.core.main.TestCaseExecutor.runScript(TestCaseExecutor.java:294)
	at com.kms.katalon.core.main.TestCaseExecutor.doExecute(TestCaseExecutor.java:285)
	at com.kms.katalon.core.main.TestCaseExecutor.processExecutionPhase(TestCaseExecutor.java:264)
	at com.kms.katalon.core.main.TestCaseExecutor.accessMainPhase(TestCaseExecutor.java:256)
	at com.kms.katalon.core.main.TestCaseExecutor.execute(TestCaseExecutor.java:200)
	at com.kms.katalon.core.main.TestSuiteExecutor.accessTestCaseMainPhase(TestSuiteExecutor.java:129)
	at com.kms.katalon.core.main.TestSuiteExecutor.accessTestSuiteMainPhase(TestSuiteExecutor.java:112)
	at com.kms.katalon.core.main.TestSuiteExecutor.execute(TestSuiteExecutor.java:81)
	at com.kms.katalon.core.main.TestCaseMain.startTestSuite(TestCaseMain.java:142)
	at com.kms.katalon.core.main.TestCaseMain$startTestSuite$0.call(Unknown Source)
	at org.codehaus.groovy.runtime.callsite.CallSiteArray.defaultCall(CallSiteArray.java:48)
	at org.codehaus.groovy.runtime.callsite.AbstractCallSite.call(AbstractCallSite.java:113)
	at org.codehaus.groovy.runtime.callsite.AbstractCallSite.call(AbstractCallSite.java:141)
	at TempTestSuite1544668253915.run(TempTestSuite1544668253915.groovy:36)
	at groovy.lang.GroovyShell.runScriptOrMainOrTestOrRunnable(GroovyShell.java:263)
	at groovy.lang.GroovyShell.run(GroovyShell.java:518)
	at groovy.lang.GroovyShell.run(GroovyShell.java:507)
	at groovy.ui.GroovyMain.processOnce(GroovyMain.java:653)
	at groovy.ui.GroovyMain.run(GroovyMain.java:384)
	at groovy.ui.GroovyMain.process(GroovyMain.java:370)
	at groovy.ui.GroovyMain.processArgs(GroovyMain.java:129)
	at groovy.ui.GroovyMain.main(GroovyMain.java:109)
	at sun.reflect.NativeMethodAccessorImpl.invoke0(Native Method)
	at sun.reflect.NativeMethodAccessorImpl.invoke(NativeMethodAccessorImpl.java:62)
	at sun.reflect.DelegatingMethodAccessorImpl.invoke(DelegatingMethodAccessorImpl.java:43)
	at java.lang.reflect.Method.invoke(Method.java:498)
	at org.codehaus.groovy.tools.GroovyStarter.rootLoader(GroovyStarter.java:109)
	at org.codehaus.groovy.tools.GroovyStarter.main(GroovyStarter.java:131)
)]]></system-err>
      </testcase>
      <testcase name="Test Cases/Final Aug 2018 - PKS Automation/Registration Module/Workflow/New Registration/Case PKR BO to RO - RO Submit" classname="Test Cases/Final Aug 2018 - PKS Automation/Registration Module/Workflow/New Registration/Case PKR BO to RO - RO Submit" status="FAILED">
         <failure type="FAILED" message="(Stack trace: com.kms.katalon.core.exception.StepFailedException: Unable to set text 'CRN12201800123276' of object 'Object Repository/Final Object Repo/New Registration - Registration Module Pages/New Reg - OTC to RO/Special Case - All Related Objects/TextBox RefNo in Workbasket' (Root cause: org.openqa.selenium.ElementNotVisibleException: element not interactable
  (Session info: chrome=70.0.3538.110)
  (Driver info: chromedriver=2.43.600210 (68dcf5eebde37173d4027fa8635e332711d2874a),platform=Windows NT 6.1.7601 SP1 x86_64) (WARNING: The server did not provide any stacktrace information)
Command duration or timeout: 0 milliseconds
Build info: version: '3.7.1', revision: '8a0099a', time: '2017-11-06T21:07:36.161Z'
System info: host: 'WIN7TEST02', ip: '10.20.3.72', os.name: 'Windows 7', os.arch: 'amd64', os.version: '6.1', java.version: '1.8.0_181'
Driver info: com.kms.katalon.selenium.driver.CChromeDriver
Capabilities {acceptInsecureCerts: false, acceptSslCerts: false, applicationCacheEnabled: false, browserConnectionEnabled: false, browserName: chrome, chrome: {chromedriverVersion: 2.43.600210 (68dcf5eebde371..., userDataDir: C:\Users\Admin\AppData\Loca...}, cssSelectorsEnabled: true, databaseEnabled: false, goog:chromeOptions: {debuggerAddress: localhost:52864}, handlesAlerts: true, hasTouchScreen: false, javascriptEnabled: true, locationContextEnabled: true, mobileEmulationEnabled: false, nativeEvents: true, networkConnectionEnabled: false, pageLoadStrategy: normal, platform: XP, platformName: XP, rotatable: false, setWindowRect: true, takesHeapSnapshot: true, takesScreenshot: true, unexpectedAlertBehaviour: , unhandledPromptBehavior: , version: 70.0.3538.110, webStorageEnabled: true}
Session ID: 29294b4c74e560e929240cd498766551)
	at com.kms.katalon.core.keyword.internal.KeywordMain.stepFailed(KeywordMain.groovy:32)
	at com.kms.katalon.core.webui.keyword.internal.WebUIKeywordMain.stepFailed(WebUIKeywordMain.groovy:65)
	at com.kms.katalon.core.webui.keyword.internal.WebUIKeywordMain.runKeyword(WebUIKeywordMain.groovy:27)
	at com.kms.katalon.core.webui.keyword.builtin.SetTextKeyword.setText(SetTextKeyword.groovy:65)
	at com.kms.katalon.core.webui.keyword.builtin.SetTextKeyword.execute(SetTextKeyword.groovy:37)
	at com.kms.katalon.core.keyword.internal.KeywordExecutor.executeKeywordForPlatform(KeywordExecutor.groovy:53)
	at com.kms.katalon.core.webui.keyword.WebUiBuiltInKeywords.setText(WebUiBuiltInKeywords.groovy:950)
	at com.kms.katalon.core.webui.keyword.WebUiBuiltInKeywords$setText$1.call(Unknown Source)
	at org.codehaus.groovy.runtime.callsite.CallSiteArray.defaultCall(CallSiteArray.java:48)
	at org.codehaus.groovy.runtime.callsite.AbstractCallSite.call(AbstractCallSite.java:113)
	at org.codehaus.groovy.runtime.callsite.AbstractCallSite.call(AbstractCallSite.java:133)
	at Script1535945708168.run(Script1535945708168.groovy:73)
	at com.kms.katalon.core.main.ScriptEngine.run(ScriptEngine.java:183)
	at com.kms.katalon.core.main.ScriptEngine.runScriptAsRawText(ScriptEngine.java:108)
	at com.kms.katalon.core.main.TestCaseExecutor.runScript(TestCaseExecutor.java:294)
	at com.kms.katalon.core.main.TestCaseExecutor.doExecute(TestCaseExecutor.java:285)
	at com.kms.katalon.core.main.TestCaseExecutor.processExecutionPhase(TestCaseExecutor.java:264)
	at com.kms.katalon.core.main.TestCaseExecutor.accessMainPhase(TestCaseExecutor.java:256)
	at com.kms.katalon.core.main.TestCaseExecutor.execute(TestCaseExecutor.java:200)
	at com.kms.katalon.core.main.TestSuiteExecutor.accessTestCaseMainPhase(TestSuiteExecutor.java:129)
	at com.kms.katalon.core.main.TestSuiteExecutor.accessTestSuiteMainPhase(TestSuiteExecutor.java:112)
	at com.kms.katalon.core.main.TestSuiteExecutor.execute(TestSuiteExecutor.java:81)
	at com.kms.katalon.core.main.TestCaseMain.startTestSuite(TestCaseMain.java:142)
	at com.kms.katalon.core.main.TestCaseMain$startTestSuite$0.call(Unknown Source)
	at org.codehaus.groovy.runtime.callsite.CallSiteArray.defaultCall(CallSiteArray.java:48)
	at org.codehaus.groovy.runtime.callsite.AbstractCallSite.call(AbstractCallSite.java:113)
	at org.codehaus.groovy.runtime.callsite.AbstractCallSite.call(AbstractCallSite.java:141)
	at TempTestSuite1544668253915.run(TempTestSuite1544668253915.groovy:36)
	at groovy.lang.GroovyShell.runScriptOrMainOrTestOrRunnable(GroovyShell.java:263)
	at groovy.lang.GroovyShell.run(GroovyShell.java:518)
	at groovy.lang.GroovyShell.run(GroovyShell.java:507)
	at groovy.ui.GroovyMain.processOnce(GroovyMain.java:653)
	at groovy.ui.GroovyMain.run(GroovyMain.java:384)
	at groovy.ui.GroovyMain.process(GroovyMain.java:370)
	at groovy.ui.GroovyMain.processArgs(GroovyMain.java:129)
	at groovy.ui.GroovyMain.main(GroovyMain.java:109)
	at sun.reflect.NativeMethodAccessorImpl.invoke0(Native Method)
	at sun.reflect.NativeMethodAccessorImpl.invoke(NativeMethodAccessorImpl.java:62)
	at sun.reflect.DelegatingMethodAccessorImpl.invoke(DelegatingMethodAccessorImpl.java:43)
	at java.lang.reflect.Method.invoke(Method.java:498)
	at org.codehaus.groovy.tools.GroovyStarter.rootLoader(GroovyStarter.java:109)
	at org.codehaus.groovy.tools.GroovyStarter.main(GroovyStarter.java:131)
)"/>
         <system-out><![CDATA[2018-12-13 13:31:35 - [TEST_CASE][FAILED] - Test Cases/Final Aug 2018 - PKS Automation/Registration Module/Workflow/New Registration/Case PKR BO to RO - RO Submit: Test Cases/Final Aug 2018 - PKS Automation/Registration Module/Workflow/New Registration/Case PKR BO to RO - RO Submit FAILED because (of) (Stack trace: com.kms.katalon.core.exception.StepFailedException: Unable to set text 'CRN12201800123276' of object 'Object Repository/Final Object Repo/New Registration - Registration Module Pages/New Reg - OTC to RO/Special Case - All Related Objects/TextBox RefNo in Workbasket' (Root cause: org.openqa.selenium.ElementNotVisibleException: element not interactable
  (Session info: chrome=70.0.3538.110)
  (Driver info: chromedriver=2.43.600210 (68dcf5eebde37173d4027fa8635e332711d2874a),platform=Windows NT 6.1.7601 SP1 x86_64) (WARNING: The server did not provide any stacktrace information)
Command duration or timeout: 0 milliseconds
Build info: version: '3.7.1', revision: '8a0099a', time: '2017-11-06T21:07:36.161Z'
System info: host: 'WIN7TEST02', ip: '10.20.3.72', os.name: 'Windows 7', os.arch: 'amd64', os.version: '6.1', java.version: '1.8.0_181'
Driver info: com.kms.katalon.selenium.driver.CChromeDriver
Capabilities {acceptInsecureCerts: false, acceptSslCerts: false, applicationCacheEnabled: false, browserConnectionEnabled: false, browserName: chrome, chrome: {chromedriverVersion: 2.43.600210 (68dcf5eebde371..., userDataDir: C:\Users\Admin\AppData\Loca...}, cssSelectorsEnabled: true, databaseEnabled: false, goog:chromeOptions: {debuggerAddress: localhost:52864}, handlesAlerts: true, hasTouchScreen: false, javascriptEnabled: true, locationContextEnabled: true, mobileEmulationEnabled: false, nativeEvents: true, networkConnectionEnabled: false, pageLoadStrategy: normal, platform: XP, platformName: XP, rotatable: false, setWindowRect: true, takesHeapSnapshot: true, takesScreenshot: true, unexpectedAlertBehaviour: , unhandledPromptBehavior: , version: 70.0.3538.110, webStorageEnabled: true}
Session ID: 29294b4c74e560e929240cd498766551)
	at com.kms.katalon.core.keyword.internal.KeywordMain.stepFailed(KeywordMain.groovy:32)
	at com.kms.katalon.core.webui.keyword.internal.WebUIKeywordMain.stepFailed(WebUIKeywordMain.groovy:65)
	at com.kms.katalon.core.webui.keyword.internal.WebUIKeywordMain.runKeyword(WebUIKeywordMain.groovy:27)
	at com.kms.katalon.core.webui.keyword.builtin.SetTextKeyword.setText(SetTextKeyword.groovy:65)
	at com.kms.katalon.core.webui.keyword.builtin.SetTextKeyword.execute(SetTextKeyword.groovy:37)
	at com.kms.katalon.core.keyword.internal.KeywordExecutor.executeKeywordForPlatform(KeywordExecutor.groovy:53)
	at com.kms.katalon.core.webui.keyword.WebUiBuiltInKeywords.setText(WebUiBuiltInKeywords.groovy:950)
	at com.kms.katalon.core.webui.keyword.WebUiBuiltInKeywords$setText$1.call(Unknown Source)
	at org.codehaus.groovy.runtime.callsite.CallSiteArray.defaultCall(CallSiteArray.java:48)
	at org.codehaus.groovy.runtime.callsite.AbstractCallSite.call(AbstractCallSite.java:113)
	at org.codehaus.groovy.runtime.callsite.AbstractCallSite.call(AbstractCallSite.java:133)
	at Script1535945708168.run(Script1535945708168.groovy:73)
	at com.kms.katalon.core.main.ScriptEngine.run(ScriptEngine.java:183)
	at com.kms.katalon.core.main.ScriptEngine.runScriptAsRawText(ScriptEngine.java:108)
	at com.kms.katalon.core.main.TestCaseExecutor.runScript(TestCaseExecutor.java:294)
	at com.kms.katalon.core.main.TestCaseExecutor.doExecute(TestCaseExecutor.java:285)
	at com.kms.katalon.core.main.TestCaseExecutor.processExecutionPhase(TestCaseExecutor.java:264)
	at com.kms.katalon.core.main.TestCaseExecutor.accessMainPhase(TestCaseExecutor.java:256)
	at com.kms.katalon.core.main.TestCaseExecutor.execute(TestCaseExecutor.java:200)
	at com.kms.katalon.core.main.TestSuiteExecutor.accessTestCaseMainPhase(TestSuiteExecutor.java:129)
	at com.kms.katalon.core.main.TestSuiteExecutor.accessTestSuiteMainPhase(TestSuiteExecutor.java:112)
	at com.kms.katalon.core.main.TestSuiteExecutor.execute(TestSuiteExecutor.java:81)
	at com.kms.katalon.core.main.TestCaseMain.startTestSuite(TestCaseMain.java:142)
	at com.kms.katalon.core.main.TestCaseMain$startTestSuite$0.call(Unknown Source)
	at org.codehaus.groovy.runtime.callsite.CallSiteArray.defaultCall(CallSiteArray.java:48)
	at org.codehaus.groovy.runtime.callsite.AbstractCallSite.call(AbstractCallSite.java:113)
	at org.codehaus.groovy.runtime.callsite.AbstractCallSite.call(AbstractCallSite.java:141)
	at TempTestSuite1544668253915.run(TempTestSuite1544668253915.groovy:36)
	at groovy.lang.GroovyShell.runScriptOrMainOrTestOrRunnable(GroovyShell.java:263)
	at groovy.lang.GroovyShell.run(GroovyShell.java:518)
	at groovy.lang.GroovyShell.run(GroovyShell.java:507)
	at groovy.ui.GroovyMain.processOnce(GroovyMain.java:653)
	at groovy.ui.GroovyMain.run(GroovyMain.java:384)
	at groovy.ui.GroovyMain.process(GroovyMain.java:370)
	at groovy.ui.GroovyMain.processArgs(GroovyMain.java:129)
	at groovy.ui.GroovyMain.main(GroovyMain.java:109)
	at sun.reflect.NativeMethodAccessorImpl.invoke0(Native Method)
	at sun.reflect.NativeMethodAccessorImpl.invoke(NativeMethodAccessorImpl.java:62)
	at sun.reflect.DelegatingMethodAccessorImpl.invoke(DelegatingMethodAccessorImpl.java:43)
	at java.lang.reflect.Method.invoke(Method.java:498)
	at org.codehaus.groovy.tools.GroovyStarter.rootLoader(GroovyStarter.java:109)
	at org.codehaus.groovy.tools.GroovyStarter.main(GroovyStarter.java:131)
)

2018-12-13 13:31:35 - [TEST_STEP][PASSED] - callTestCase: Call Test Case 'Test Cases/Final Aug 2018 - PKS Automation/Registration Module/Workflow/New Registration/Template/Special Case - PKR BO - Form 1' successfully

2018-12-13 13:31:35 - [TEST_CASE][PASSED] - Test Cases/Final Aug 2018 - PKS Automation/Registration Module/Workflow/New Registration/Template/Special Case - PKR BO - Form 1: Test Cases/Final Aug 2018 - PKS Automation/Registration Module/Workflow/New Registration/Template/Special Case - PKR BO - Form 1

2018-12-13 13:31:35 - [TEST_STEP][PASSED] - openBrowser: Browser is opened with url: ''

2018-12-13 13:31:35 - [MESSAGE][WARNING] - A browser is already opened. Closing browser and opening a new one

2018-12-13 13:31:39 - [MESSAGE][PASSED] - Browser is opened with url: ''

2018-12-13 13:31:39 - [TEST_STEP][PASSED] - navigateToUrl: Navigate to 'https://assist2-uat.perkeso.gov.my/login' successfully

2018-12-13 13:31:40 - [MESSAGE][PASSED] - Navigate to 'https://assist2-uat.perkeso.gov.my/login' successfully

2018-12-13 13:31:40 - [TEST_STEP][PASSED] - delay: Delayed 2 second(s)

2018-12-13 13:31:42 - [MESSAGE][PASSED] - Delayed 2 second(s)

2018-12-13 13:31:42 - [TEST_STEP][PASSED] - setText: Text 'klpkrbo2@gmail.com' is set on object 'Object Repository/Final Object Repo/Login Page/Internal User/Email Address'

2018-12-13 13:31:43 - [MESSAGE][PASSED] - Text 'klpkrbo2@gmail.com' is set on object 'Object Repository/Final Object Repo/Login Page/Internal User/Email Address'

2018-12-13 13:31:43 - [TEST_STEP][PASSED] - click: Object: 'Object Repository/Final Object Repo/Login Page/Internal User/Next Button' is clicked on

2018-12-13 13:31:43 - [MESSAGE][PASSED] - Object: 'Object Repository/Final Object Repo/Login Page/Internal User/Next Button' is clicked on

2018-12-13 13:31:43 - [TEST_STEP][PASSED] - delay: Delayed 2 second(s)

2018-12-13 13:31:45 - [MESSAGE][PASSED] - Delayed 2 second(s)

2018-12-13 13:31:45 - [TEST_STEP][PASSED] - setText: Text 'Test1@3456789' is set on object 'Object Repository/Final Object Repo/Login Page/Internal User/Password'

2018-12-13 13:31:45 - [MESSAGE][PASSED] - Text 'Test1@3456789' is set on object 'Object Repository/Final Object Repo/Login Page/Internal User/Password'

2018-12-13 13:31:45 - [TEST_STEP][PASSED] - delay: Delayed 2 second(s)

2018-12-13 13:31:47 - [MESSAGE][PASSED] - Delayed 2 second(s)

2018-12-13 13:31:47 - [TEST_STEP][PASSED] - click: Object: 'Object Repository/Final Object Repo/Login Page/Internal User/Login Button' is clicked on

2018-12-13 13:31:47 - [MESSAGE][PASSED] - Object: 'Object Repository/Final Object Repo/Login Page/Internal User/Login Button' is clicked on

2018-12-13 13:31:47 - [TEST_STEP][PASSED] - Statement - Try: null

2018-12-13 13:31:47 - [TEST_STEP][PASSED] - Statement - Checker = com.kms.katalon.core.webui.keyword.WebUiBuiltInKeywords.verifyElementNotPresent("Final Object Repo/Landing Page/Select to English", 3): null

2018-12-13 13:31:47 - [TEST_STEP][PASSED] - Statement - Catch (Exception e): null

2018-12-13 13:31:47 - [TEST_STEP][PASSED] - Statement - e.printStackTrace(): null

2018-12-13 13:31:47 - [TEST_STEP][PASSED] - delay: Delayed 5 second(s)

2018-12-13 13:31:52 - [MESSAGE][PASSED] - Delayed 5 second(s)

2018-12-13 13:31:52 - [TEST_STEP][PASSED] - click: Object: 'Object Repository/Final Object Repo/Landing Page/My Sites Drop Down' is clicked on

2018-12-13 13:31:52 - [MESSAGE][PASSED] - Object: 'Object Repository/Final Object Repo/Landing Page/My Sites Drop Down' is clicked on

2018-12-13 13:31:52 - [TEST_STEP][PASSED] - click: Object: 'Object Repository/Final Object Repo/Landing Page/Select to Registration Module' is clicked on

2018-12-13 13:31:53 - [MESSAGE][PASSED] - Object: 'Object Repository/Final Object Repo/Landing Page/Select to Registration Module' is clicked on

2018-12-13 13:31:53 - [TEST_STEP][PASSED] - click: Object: 'Object Repository/Final Object Repo/Landing Page/Registration Button' is clicked on

2018-12-13 13:31:55 - [MESSAGE][PASSED] - Object: 'Object Repository/Final Object Repo/Landing Page/Registration Button' is clicked on

2018-12-13 13:31:55 - [TEST_STEP][PASSED] - delay: Delayed 2 second(s)

2018-12-13 13:31:57 - [MESSAGE][PASSED] - Delayed 2 second(s)

2018-12-13 13:31:57 - [TEST_STEP][PASSED] - click: Object: 'Object Repository/Final Object Repo/New Registration - Registration Module Pages/New Reg - OTC to RO/Special Case - OTC - Form 1/AEC NO' is clicked on

2018-12-13 13:31:57 - [MESSAGE][PASSED] - Object: 'Object Repository/Final Object Repo/New Registration - Registration Module Pages/New Reg - OTC to RO/Special Case - OTC - Form 1/AEC NO' is clicked on

2018-12-13 13:31:57 - [TEST_STEP][PASSED] - click: Object: 'Object Repository/Final Object Repo/New Registration - Registration Module Pages/New Reg - OTC to RO/Special Case - OTC - Form 1/Business Entity - Please Select' is clicked on

2018-12-13 13:31:57 - [MESSAGE][PASSED] - Object: 'Object Repository/Final Object Repo/New Registration - Registration Module Pages/New Reg - OTC to RO/Special Case - OTC - Form 1/Business Entity - Please Select' is clicked on

2018-12-13 13:31:57 - [TEST_STEP][PASSED] - click: Object: 'Object Repository/Final Object Repo/New Registration - Registration Module Pages/New Reg - OTC to RO/Special Case - OTC - Form 1/Selected - Corporation' is clicked on

2018-12-13 13:31:57 - [MESSAGE][PASSED] - Object: 'Object Repository/Final Object Repo/New Registration - Registration Module Pages/New Reg - OTC to RO/Special Case - OTC - Form 1/Selected - Corporation' is clicked on

2018-12-13 13:31:57 - [TEST_STEP][PASSED] - delay: Delayed 2 second(s)

2018-12-13 13:31:59 - [MESSAGE][PASSED] - Delayed 2 second(s)

2018-12-13 13:31:59 - [TEST_STEP][PASSED] - click: Object: 'Object Repository/Final Object Repo/New Registration - Registration Module Pages/New Reg - OTC to RO/Special Case - OTC - Form 1/Sub Business Entity - Please Select' is clicked on

2018-12-13 13:31:59 - [MESSAGE][PASSED] - Object: 'Object Repository/Final Object Repo/New Registration - Registration Module Pages/New Reg - OTC to RO/Special Case - OTC - Form 1/Sub Business Entity - Please Select' is clicked on

2018-12-13 13:31:59 - [TEST_STEP][PASSED] - delay: Delayed 2 second(s)

2018-12-13 13:32:01 - [MESSAGE][PASSED] - Delayed 2 second(s)

2018-12-13 13:32:01 - [TEST_STEP][PASSED] - click: Object: 'Object Repository/Final Object Repo/New Registration - Registration Module Pages/New Reg - OTC to RO/Special Case - OTC - Form 1/Selected - Sendirian Berhad' is clicked on

2018-12-13 13:32:02 - [MESSAGE][PASSED] - Object: 'Object Repository/Final Object Repo/New Registration - Registration Module Pages/New Reg - OTC to RO/Special Case - OTC - Form 1/Selected - Sendirian Berhad' is clicked on

2018-12-13 13:32:02 - [TEST_STEP][PASSED] - setText: Text 'AUTOMATE001' is set on object 'Object Repository/Final Object Repo/New Registration - Registration Module Pages/New Reg - OTC to RO/Special Case - OTC - Form 1/Input BRN Number'

2018-12-13 13:32:02 - [MESSAGE][PASSED] - Text 'AUTOMATE001' is set on object 'Object Repository/Final Object Repo/New Registration - Registration Module Pages/New Reg - OTC to RO/Special Case - OTC - Form 1/Input BRN Number'

2018-12-13 13:32:02 - [TEST_STEP][PASSED] - delay: Delayed 2 second(s)

2018-12-13 13:32:04 - [MESSAGE][PASSED] - Delayed 2 second(s)

2018-12-13 13:32:04 - [TEST_STEP][PASSED] - click: Object: 'Object Repository/Final Object Repo/New Registration - Registration Module Pages/New Reg - OTC to RO/Special Case - OTC - Form 1/BRN Search' is clicked on

2018-12-13 13:32:04 - [MESSAGE][PASSED] - Object: 'Object Repository/Final Object Repo/New Registration - Registration Module Pages/New Reg - OTC to RO/Special Case - OTC - Form 1/BRN Search' is clicked on

2018-12-13 13:32:04 - [TEST_STEP][PASSED] - delay: Delayed 4 second(s)

2018-12-13 13:32:08 - [MESSAGE][PASSED] - Delayed 4 second(s)

2018-12-13 13:32:08 - [TEST_STEP][PASSED] - click: Object: 'Object Repository/Final Object Repo/New Registration - Registration Module Pages/New Reg - OTC to RO/Special Case - OTC - Form 1/Registered with SSM - After Feb 2017' is clicked on

2018-12-13 13:32:08 - [MESSAGE][PASSED] - Object: 'Object Repository/Final Object Repo/New Registration - Registration Module Pages/New Reg - OTC to RO/Special Case - OTC - Form 1/Registered with SSM - After Feb 2017' is clicked on

2018-12-13 13:32:08 - [TEST_STEP][PASSED] - delay: Delayed 2 second(s)

2018-12-13 13:32:10 - [MESSAGE][PASSED] - Delayed 2 second(s)

2018-12-13 13:32:10 - [TEST_STEP][PASSED] - click: Object: 'Object Repository/Final Object Repo/New Registration - Registration Module Pages/New Reg - OTC to RO/Special Case - OTC - Form 1/Registering As A Branch - No' is clicked on

2018-12-13 13:32:11 - [MESSAGE][PASSED] - Object: 'Object Repository/Final Object Repo/New Registration - Registration Module Pages/New Reg - OTC to RO/Special Case - OTC - Form 1/Registering As A Branch - No' is clicked on

2018-12-13 13:32:11 - [TEST_STEP][PASSED] - click: Object: 'Object Repository/Final Object Repo/New Registration - Registration Module Pages/New Reg - OTC to RO/Special Case - OTC - Form 1/Acknowledgement Ticked' is clicked on

2018-12-13 13:32:11 - [MESSAGE][PASSED] - Object: 'Object Repository/Final Object Repo/New Registration - Registration Module Pages/New Reg - OTC to RO/Special Case - OTC - Form 1/Acknowledgement Ticked' is clicked on

2018-12-13 13:32:11 - [TEST_STEP][PASSED] - click: Object: 'Object Repository/Final Object Repo/New Registration - Registration Module Pages/New Reg - OTC to RO/Special Case - OTC - Form 1/Submit Button' is clicked on

2018-12-13 13:32:11 - [MESSAGE][PASSED] - Object: 'Object Repository/Final Object Repo/New Registration - Registration Module Pages/New Reg - OTC to RO/Special Case - OTC - Form 1/Submit Button' is clicked on

2018-12-13 13:32:11 - [TEST_STEP][PASSED] - delay: Delayed 2 second(s)

2018-12-13 13:32:13 - [MESSAGE][PASSED] - Delayed 2 second(s)

2018-12-13 13:32:13 - [TEST_STEP][PASSED] - click: Object: 'Object Repository/Final Object Repo/New Registration - Registration Module Pages/New Reg - OTC to RO/Special Case - OTC - Form 1/Confirm No Flagging as Branch' is clicked on

2018-12-13 13:32:13 - [MESSAGE][PASSED] - Object: 'Object Repository/Final Object Repo/New Registration - Registration Module Pages/New Reg - OTC to RO/Special Case - OTC - Form 1/Confirm No Flagging as Branch' is clicked on

2018-12-13 13:32:13 - [MESSAGE][PASSED] - Call Test Case 'Test Cases/Final Aug 2018 - PKS Automation/Registration Module/Workflow/New Registration/Template/Special Case - PKR BO - Form 1' successfully

2018-12-13 13:32:13 - [TEST_STEP][PASSED] - callTestCase: Call Test Case 'Test Cases/Final Aug 2018 - PKS Automation/Registration Module/New Registration/Form 2/Add 1 Eligible' successfully

2018-12-13 13:32:13 - [TEST_CASE][PASSED] - Test Cases/Final Aug 2018 - PKS Automation/Registration Module/New Registration/Form 2/Add 1 Eligible: Test Cases/Final Aug 2018 - PKS Automation/Registration Module/New Registration/Form 2/Add 1 Eligible

2018-12-13 13:32:13 - [TEST_STEP][PASSED] - delay: Delayed 2 second(s)

2018-12-13 13:32:15 - [MESSAGE][PASSED] - Delayed 2 second(s)

2018-12-13 13:32:15 - [TEST_STEP][PASSED] - callTestCase: Call Test Case 'Test Cases/Final Aug 2018 - PKS Automation/Registration Module/New Registration/Form 2/Date Updater' successfully

2018-12-13 13:32:15 - [TEST_CASE][PASSED] - Test Cases/Final Aug 2018 - PKS Automation/Registration Module/New Registration/Form 2/Date Updater: Test Cases/Final Aug 2018 - PKS Automation/Registration Module/New Registration/Form 2/Date Updater

2018-12-13 13:32:15 - [TEST_STEP][PASSED] - Statement - TodayDate = new java.util.Date(): null

2018-12-13 13:32:15 - [TEST_STEP][PASSED] - Statement - CurrentDateNoFilter = new java.text.SimpleDateFormat(): null

2018-12-13 13:32:15 - [TEST_STEP][PASSED] - Statement - CurrentDateNoFilter.applyPattern("MM"): null

2018-12-13 13:32:15 - [TEST_STEP][PASSED] - Statement - monthContainerMatcher = java.lang.Integer.parseInt(CurrentDateNoFilter.format(TodayDate)): null

2018-12-13 13:32:15 - [TEST_STEP][PASSED] - Statement - monthContainerMatcher = monthContainerMatcher - 1: null

2018-12-13 13:32:15 - [TEST_STEP][PASSED] - Statement - CurrentMonth = monthContainerMatcher.toString(): null

2018-12-13 13:32:15 - [TEST_STEP][PASSED] - Statement - CurrentMonth = CurrentMonth: null

2018-12-13 13:32:15 - [TEST_STEP][PASSED] - Statement - CurrentDateNoFilter.applyPattern("yyyy"): null

2018-12-13 13:32:15 - [TEST_STEP][PASSED] - Statement - CurrentYear = CurrentDateNoFilter.format(TodayDate): null

2018-12-13 13:32:15 - [TEST_STEP][PASSED] - Statement - CurrentYear = CurrentYear: null

2018-12-13 13:32:15 - [TEST_STEP][PASSED] - Statement - intCurrentYear = java.lang.Integer.parseInt(CurrentDateNoFilter.format(TodayDate)): null

2018-12-13 13:32:15 - [TEST_STEP][PASSED] - Statement - eighteenYrsAgo = intCurrentYear - 18: null

2018-12-13 13:32:15 - [TEST_STEP][PASSED] - Statement - eighteenYrsBeforeThisYr = eighteenYrsAgo.toString(): null

2018-12-13 13:32:15 - [TEST_STEP][PASSED] - Statement - EighteenYrsBefore = eighteenYrsBeforeThisYr: null

2018-12-13 13:32:15 - [TEST_STEP][PASSED] - Statement - fiftysevenYrsAgo = intCurrentYear - 57: null

2018-12-13 13:32:15 - [TEST_STEP][PASSED] - Statement - fiftysevenYrsBeforeThisYr = fiftysevenYrsAgo.toString(): null

2018-12-13 13:32:15 - [TEST_STEP][PASSED] - Statement - FiftysevenYrsBefore = fiftysevenYrsBeforeThisYr: null

2018-12-13 13:32:15 - [TEST_STEP][PASSED] - Statement - leapYear = false: null

2018-12-13 13:32:15 - [TEST_STEP][PASSED] - Statement - leapYear = intCurrentYear % 4 == 0: null

2018-12-13 13:32:15 - [TEST_STEP][PASSED] - Statement - CurrentDateNoFilter.applyPattern("dd"): null

2018-12-13 13:32:15 - [TEST_STEP][PASSED] - Statement - CurrentDate = CurrentDateNoFilter.format(TodayDate): null

2018-12-13 13:32:15 - [TEST_STEP][PASSED] - Statement - CurrentDate = java.lang.Integer.parseInt(CurrentDate): null

2018-12-13 13:32:15 - [TEST_STEP][PASSED] - Statement - CurrentDate = CurrentDate: null

2018-12-13 13:32:15 - [TEST_STEP][PASSED] - Statement - CurrentDay = java.lang.Integer.parseInt(CurrentDate): null

2018-12-13 13:32:15 - [TEST_STEP][PASSED] - Statement - ConfAdder = <not implemented yet for class: org.codehaus.groovy.ast.expr.EmptyExpression>: null

2018-12-13 13:32:15 - [TEST_STEP][PASSED] - Statement - out.println(CurrentMonth): null

2018-12-13 13:32:15 - [TEST_STEP][PASSED] - Statement - out.println(CurrentDate): null

2018-12-13 13:32:15 - [TEST_STEP][PASSED] - Statement - switch (CurrentDate): null

2018-12-13 13:32:15 - [TEST_STEP][PASSED] - Statement - Default: null

2018-12-13 13:32:15 - [TEST_STEP][PASSED] - Statement - ConfAdder = true: null

2018-12-13 13:32:15 - [TEST_STEP][PASSED] - Statement - Break: null

2018-12-13 13:32:15 - [TEST_STEP][PASSED] - Statement - aDayBefore = <not implemented yet for class: org.codehaus.groovy.ast.expr.EmptyExpression>: null

2018-12-13 13:32:15 - [TEST_STEP][PASSED] - Statement - out.println(ConfAdder): null

2018-12-13 13:32:15 - [TEST_STEP][PASSED] - Statement - If (ConfAdder == true): null

2018-12-13 13:32:15 - [TEST_STEP][PASSED] - Statement - aDayBefore = CurrentDay + 1: null

2018-12-13 13:32:15 - [TEST_STEP][PASSED] - Statement - out.println(aDayBefore): null

2018-12-13 13:32:15 - [TEST_STEP][PASSED] - Statement - If (aDayBefore == 1 && CurrentMonth == 11): null

2018-12-13 13:32:15 - [TEST_STEP][PASSED] - Statement - DayBefore = aDayBefore.toString(): null

2018-12-13 13:32:15 - [TEST_STEP][PASSED] - Statement - OneDayBefore = DayBefore: null

2018-12-13 13:32:15 - [MESSAGE][PASSED] - Call Test Case 'Test Cases/Final Aug 2018 - PKS Automation/Registration Module/New Registration/Form 2/Date Updater' successfully

2018-12-13 13:32:15 - [TEST_STEP][PASSED] - delay: Delayed 1 second(s)

2018-12-13 13:32:16 - [MESSAGE][PASSED] - Delayed 1 second(s)

2018-12-13 13:32:16 - [TEST_STEP][PASSED] - Statement - CaseReferenceNo = com.kms.katalon.core.webui.keyword.WebUiBuiltInKeywords.getText(com.kms.katalon.core.testobject.ObjectRepository.findTestObject(Final Object Repo/New Registration - Registration Module Pages/Form 2/RefNo Acquiring)): Text of object 'Object Repository/Final Object Repo/New Registration - Registration Module Pages/Form 2/RefNo Acquiring' is: 'CRN12201800123276'

2018-12-13 13:32:16 - [MESSAGE][PASSED] - Text of object 'Object Repository/Final Object Repo/New Registration - Registration Module Pages/Form 2/RefNo Acquiring' is: 'CRN12201800123276'

2018-12-13 13:32:16 - [TEST_STEP][PASSED] - delay: Delayed 1 second(s)

2018-12-13 13:32:17 - [MESSAGE][PASSED] - Delayed 1 second(s)

2018-12-13 13:32:17 - [TEST_STEP][PASSED] - click: Object: 'Object Repository/Final Object Repo/New Registration - Registration Module Pages/Form 2/Add Employee Button' is clicked on

2018-12-13 13:32:17 - [MESSAGE][PASSED] - Object: 'Object Repository/Final Object Repo/New Registration - Registration Module Pages/Form 2/Add Employee Button' is clicked on

2018-12-13 13:32:17 - [TEST_STEP][PASSED] - delay: Delayed 1 second(s)

2018-12-13 13:32:18 - [MESSAGE][PASSED] - Delayed 1 second(s)

2018-12-13 13:32:18 - [TEST_STEP][PASSED] - setText: Text '010903091963' is set on object 'Object Repository/Final Object Repo/New Registration - Registration Module Pages/Form 2/NRIC Input'

2018-12-13 13:32:19 - [MESSAGE][PASSED] - Text '010903091963' is set on object 'Object Repository/Final Object Repo/New Registration - Registration Module Pages/Form 2/NRIC Input'

2018-12-13 13:32:19 - [TEST_STEP][PASSED] - click: Object: 'Object Repository/Final Object Repo/New Registration - Registration Module Pages/Form 2/button for search for IC' is clicked on

2018-12-13 13:32:19 - [MESSAGE][PASSED] - Object: 'Object Repository/Final Object Repo/New Registration - Registration Module Pages/Form 2/button for search for IC' is clicked on

2018-12-13 13:32:19 - [TEST_STEP][PASSED] - delay: Delayed 2 second(s)

2018-12-13 13:32:21 - [MESSAGE][PASSED] - Delayed 2 second(s)

2018-12-13 13:32:21 - [TEST_STEP][PASSED] - setText: Text 'Automate001 eligible 1' is set on object 'Object Repository/Final Object Repo/New Registration - Registration Module Pages/Form 2/Employee Name Input'

2018-12-13 13:32:21 - [MESSAGE][PASSED] - Text 'Automate001 eligible 1' is set on object 'Object Repository/Final Object Repo/New Registration - Registration Module Pages/Form 2/Employee Name Input'

2018-12-13 13:32:21 - [TEST_STEP][PASSED] - delay: Delayed 2 second(s)

2018-12-13 13:32:23 - [MESSAGE][PASSED] - Delayed 2 second(s)

2018-12-13 13:32:23 - [TEST_STEP][PASSED] - click: Object: 'Object Repository/Final Object Repo/New Registration - Registration Module Pages/Form 2/DatePicker Pop Up' is clicked on

2018-12-13 13:32:24 - [MESSAGE][PASSED] - Object: 'Object Repository/Final Object Repo/New Registration - Registration Module Pages/Form 2/DatePicker Pop Up' is clicked on

2018-12-13 13:32:24 - [TEST_STEP][PASSED] - click: Object: 'Object Repository/Final Object Repo/New Registration - Registration Module Pages/Form 2/DOB Month' is clicked on

2018-12-13 13:32:24 - [MESSAGE][PASSED] - Object: 'Object Repository/Final Object Repo/New Registration - Registration Module Pages/Form 2/DOB Month' is clicked on

2018-12-13 13:32:24 - [TEST_STEP][PASSED] - Statement - CurrentMonth = CurrentMonth: null

2018-12-13 13:32:24 - [TEST_STEP][PASSED] - Statement - selectMonth = new com.kms.katalon.core.testobject.TestObject(): null

2018-12-13 13:32:24 - [TEST_STEP][PASSED] - Statement - selectMonth.addProperty("xpath", EQUALS, "//body/div/div/div/select/option[@value='" + CurrentMonth + "']", true): null

2018-12-13 13:32:24 - [TEST_STEP][PASSED] - click: Object: '' is clicked on

2018-12-13 13:32:24 - [MESSAGE][PASSED] - Object: '' is clicked on

2018-12-13 13:32:24 - [TEST_STEP][PASSED] - click: Object: 'Object Repository/Final Object Repo/New Registration - Registration Module Pages/Form 2/DOB Year' is clicked on

2018-12-13 13:32:24 - [MESSAGE][PASSED] - Object: 'Object Repository/Final Object Repo/New Registration - Registration Module Pages/Form 2/DOB Year' is clicked on

2018-12-13 13:32:24 - [TEST_STEP][PASSED] - Statement - Eyearsbf = EighteenYrsBefore: null

2018-12-13 13:32:24 - [TEST_STEP][PASSED] - Statement - selectYear = new com.kms.katalon.core.testobject.TestObject(): null

2018-12-13 13:32:24 - [TEST_STEP][PASSED] - Statement - selectYear.addProperty("xpath", EQUALS, "//div/div/div/select/option[@value='" + Eyearsbf + "']", true): null

2018-12-13 13:32:24 - [TEST_STEP][PASSED] - click: Object: '' is clicked on

2018-12-13 13:32:24 - [MESSAGE][PASSED] - Object: '' is clicked on

2018-12-13 13:32:24 - [TEST_STEP][PASSED] - Statement - UpdatedSelectDate = com.kms.katalon.core.webui.keyword.WebUiBuiltInKeywords.modifyObjectProperty(com.kms.katalon.core.testobject.ObjectRepository.findTestObject(Final Object Repo/New Registration - Registration Module Pages/Form 2/DOB Date), "xpath", "equals", "//body/div/table/tbody/tr/td/a[text()="" + CurrentDate + ""]", true): Modify property of object successfully

2018-12-13 13:32:24 - [MESSAGE][PASSED] - Modify property of object successfully

2018-12-13 13:32:24 - [TEST_STEP][PASSED] - delay: Delayed 3 second(s)

2018-12-13 13:32:27 - [MESSAGE][PASSED] - Delayed 3 second(s)

2018-12-13 13:32:27 - [TEST_STEP][PASSED] - click: Object: 'Object Repository/Final Object Repo/New Registration - Registration Module Pages/Form 2/DOB Date' is clicked on

2018-12-13 13:32:27 - [MESSAGE][PASSED] - Object: 'Object Repository/Final Object Repo/New Registration - Registration Module Pages/Form 2/DOB Date' is clicked on

2018-12-13 13:32:27 - [TEST_STEP][PASSED] - delay: Delayed 2 second(s)

2018-12-13 13:32:29 - [MESSAGE][PASSED] - Delayed 2 second(s)

2018-12-13 13:32:29 - [TEST_STEP][PASSED] - click: Object: 'Object Repository/Final Object Repo/New Registration - Registration Module Pages/Form 2/EmploymentStartDate Pop Up' is clicked on

2018-12-13 13:32:30 - [MESSAGE][PASSED] - Object: 'Object Repository/Final Object Repo/New Registration - Registration Module Pages/Form 2/EmploymentStartDate Pop Up' is clicked on

2018-12-13 13:32:30 - [TEST_STEP][PASSED] - delay: Delayed 2 second(s)

2018-12-13 13:32:32 - [MESSAGE][PASSED] - Delayed 2 second(s)

2018-12-13 13:32:32 - [TEST_STEP][PASSED] - click: Object: 'Object Repository/Final Object Repo/New Registration - Registration Module Pages/Form 2/Socso Employment StartDate Month' is clicked on

2018-12-13 13:32:32 - [MESSAGE][PASSED] - Object: 'Object Repository/Final Object Repo/New Registration - Registration Module Pages/Form 2/Socso Employment StartDate Month' is clicked on

2018-12-13 13:32:32 - [TEST_STEP][PASSED] - delay: Delayed 1 second(s)

2018-12-13 13:32:33 - [MESSAGE][PASSED] - Delayed 1 second(s)

2018-12-13 13:32:33 - [TEST_STEP][PASSED] - click: Object: 'Object Repository/Final Object Repo/New Registration - Registration Module Pages/Form 2/Select Socso Employement Startdate Month' is clicked on

2018-12-13 13:32:33 - [MESSAGE][PASSED] - Object: 'Object Repository/Final Object Repo/New Registration - Registration Module Pages/Form 2/Select Socso Employement Startdate Month' is clicked on

2018-12-13 13:32:33 - [TEST_STEP][PASSED] - delay: Delayed 2 second(s)

2018-12-13 13:32:35 - [MESSAGE][PASSED] - Delayed 2 second(s)

2018-12-13 13:32:35 - [TEST_STEP][PASSED] - click: Object: 'Object Repository/Final Object Repo/New Registration - Registration Module Pages/Form 2/Socso Employment StartDate Year' is clicked on

2018-12-13 13:32:35 - [MESSAGE][PASSED] - Object: 'Object Repository/Final Object Repo/New Registration - Registration Module Pages/Form 2/Socso Employment StartDate Year' is clicked on

2018-12-13 13:32:35 - [TEST_STEP][PASSED] - delay: Delayed 1 second(s)

2018-12-13 13:32:36 - [MESSAGE][PASSED] - Delayed 1 second(s)

2018-12-13 13:32:36 - [TEST_STEP][PASSED] - click: Object: 'Object Repository/Final Object Repo/New Registration - Registration Module Pages/Form 2/Select Socso Employment Startdate Year' is clicked on

2018-12-13 13:32:36 - [MESSAGE][PASSED] - Object: 'Object Repository/Final Object Repo/New Registration - Registration Module Pages/Form 2/Select Socso Employment Startdate Year' is clicked on

2018-12-13 13:32:36 - [TEST_STEP][PASSED] - delay: Delayed 2 second(s)

2018-12-13 13:32:38 - [MESSAGE][PASSED] - Delayed 2 second(s)

2018-12-13 13:32:38 - [TEST_STEP][PASSED] - click: Object: 'Object Repository/Final Object Repo/New Registration - Registration Module Pages/Form 2/Socso Employment Start Date Day' is clicked on

2018-12-13 13:32:38 - [MESSAGE][PASSED] - Object: 'Object Repository/Final Object Repo/New Registration - Registration Module Pages/Form 2/Socso Employment Start Date Day' is clicked on

2018-12-13 13:32:38 - [TEST_STEP][PASSED] - delay: Delayed 2 second(s)

2018-12-13 13:32:40 - [MESSAGE][PASSED] - Delayed 2 second(s)

2018-12-13 13:32:40 - [TEST_STEP][PASSED] - click: Object: 'Object Repository/Final Object Repo/New Registration - Registration Module Pages/Form 2/Save Button for Add Employee' is clicked on

2018-12-13 13:32:41 - [MESSAGE][PASSED] - Object: 'Object Repository/Final Object Repo/New Registration - Registration Module Pages/Form 2/Save Button for Add Employee' is clicked on

2018-12-13 13:32:41 - [TEST_STEP][PASSED] - delay: Delayed 6 second(s)

2018-12-13 13:32:47 - [MESSAGE][PASSED] - Delayed 6 second(s)

2018-12-13 13:32:47 - [TEST_STEP][PASSED] - click: Object: 'Object Repository/Final Object Repo/New Registration - Registration Module Pages/Form 2/Save and Continue Form 2' is clicked on

2018-12-13 13:32:47 - [MESSAGE][PASSED] - Object: 'Object Repository/Final Object Repo/New Registration - Registration Module Pages/Form 2/Save and Continue Form 2' is clicked on

2018-12-13 13:32:47 - [MESSAGE][PASSED] - Call Test Case 'Test Cases/Final Aug 2018 - PKS Automation/Registration Module/New Registration/Form 2/Add 1 Eligible' successfully

2018-12-13 13:32:47 - [TEST_STEP][PASSED] - callTestCase: Call Test Case 'Test Cases/Final Aug 2018 - PKS Automation/Registration Module/New Registration/Flow of New Registration/Third Screen - Upload Supporting Doc - Preview' successfully

2018-12-13 13:32:47 - [TEST_CASE][PASSED] - Test Cases/Final Aug 2018 - PKS Automation/Registration Module/New Registration/Flow of New Registration/Third Screen - Upload Supporting Doc - Preview: Test Cases/Final Aug 2018 - PKS Automation/Registration Module/New Registration/Flow of New Registration/Third Screen - Upload Supporting Doc - Preview

2018-12-13 13:32:47 - [TEST_STEP][PASSED] - waitForPageLoad: Wait for page load successfully

2018-12-13 13:32:47 - [MESSAGE][PASSED] - Wait for page load successfully

2018-12-13 13:32:47 - [TEST_STEP][PASSED] - Statement - CaseReferenceNo = com.kms.katalon.core.webui.keyword.WebUiBuiltInKeywords.getText(com.kms.katalon.core.testobject.ObjectRepository.findTestObject(Final Object Repo/New Registration - Registration Module Pages/Third Screen - Upload Supporting Doc- Preview/RefNo Acquiring)): Text of object 'Object Repository/Final Object Repo/New Registration - Registration Module Pages/Third Screen - Upload Supporting Doc- Preview/RefNo Acquiring' is: 'CRN12201800123276'

2018-12-13 13:32:47 - [MESSAGE][PASSED] - Text of object 'Object Repository/Final Object Repo/New Registration - Registration Module Pages/Third Screen - Upload Supporting Doc- Preview/RefNo Acquiring' is: 'CRN12201800123276'

2018-12-13 13:32:47 - [TEST_STEP][PASSED] - delay: Delayed 2 second(s)

2018-12-13 13:32:49 - [MESSAGE][PASSED] - Delayed 2 second(s)

2018-12-13 13:32:49 - [TEST_STEP][PASSED] - callTestCase: Call Test Case 'Test Cases/Final Aug 2018 - PKS Automation/Common/Reference Number Setter' successfully

2018-12-13 13:32:50 - [TEST_CASE][PASSED] - Test Cases/Final Aug 2018 - PKS Automation/Common/Reference Number Setter: Test Cases/Final Aug 2018 - PKS Automation/Common/Reference Number Setter

2018-12-13 13:32:50 - [TEST_STEP][PASSED] - Statement - RefNoOldFile = new java.io.File(C://Users//Admin//Desktop//PKS//Automation Reference Point//KatalonReference.txt): null

2018-12-13 13:32:50 - [TEST_STEP][PASSED] - Statement - RefNoOldFile.delete(): null

2018-12-13 13:32:50 - [TEST_STEP][PASSED] - delay: Delayed 5 second(s)

2018-12-13 13:32:55 - [MESSAGE][PASSED] - Delayed 5 second(s)

2018-12-13 13:32:55 - [TEST_STEP][PASSED] - Statement - RefNo = new java.io.File(C://Users//Admin//Desktop//PKS//Automation Reference Point//KatalonReference.txt): null

2018-12-13 13:32:55 - [TEST_STEP][PASSED] - Statement - f2 = new java.io.FileWriter(RefNo, false): null

2018-12-13 13:32:55 - [TEST_STEP][PASSED] - Statement - f2.write(CaseReferenceNo): null

2018-12-13 13:32:55 - [TEST_STEP][PASSED] - Statement - f2.close(): null

2018-12-13 13:32:55 - [TEST_STEP][PASSED] - Statement - out.println("


" + CaseReferenceNo + "


"): null

2018-12-13 13:32:55 - [MESSAGE][PASSED] - Call Test Case 'Test Cases/Final Aug 2018 - PKS Automation/Common/Reference Number Setter' successfully

2018-12-13 13:32:55 - [TEST_STEP][PASSED] - waitForElementClickable: Object 'Object Repository/Final Object Repo/New Registration - Registration Module Pages/Third Screen - Upload Supporting Doc- Preview/Save n Continue in SIP Employee Listing Page' is clickable

2018-12-13 13:32:55 - [MESSAGE][PASSED] - Object 'Object Repository/Final Object Repo/New Registration - Registration Module Pages/Third Screen - Upload Supporting Doc- Preview/Save n Continue in SIP Employee Listing Page' is clickable

2018-12-13 13:32:55 - [TEST_STEP][PASSED] - click: Object: 'Object Repository/Final Object Repo/New Registration - Registration Module Pages/Third Screen - Upload Supporting Doc- Preview/Save n Continue in SIP Employee Listing Page' is clicked on

2018-12-13 13:33:00 - [MESSAGE][PASSED] - Object: 'Object Repository/Final Object Repo/New Registration - Registration Module Pages/Third Screen - Upload Supporting Doc- Preview/Save n Continue in SIP Employee Listing Page' is clicked on

2018-12-13 13:33:00 - [TEST_STEP][PASSED] - delay: Delayed 7 second(s)

2018-12-13 13:33:07 - [MESSAGE][PASSED] - Delayed 7 second(s)

2018-12-13 13:33:07 - [TEST_STEP][PASSED] - click: Object: 'Object Repository/Final Object Repo/New Registration - Registration Module Pages/Third Screen - Upload Supporting Doc- Preview/Add Document Button' is clicked on

2018-12-13 13:33:07 - [MESSAGE][PASSED] - Object: 'Object Repository/Final Object Repo/New Registration - Registration Module Pages/Third Screen - Upload Supporting Doc- Preview/Add Document Button' is clicked on

2018-12-13 13:33:07 - [TEST_STEP][PASSED] - delay: Delayed 30 second(s)

2018-12-13 13:33:37 - [MESSAGE][PASSED] - Delayed 30 second(s)

2018-12-13 13:33:37 - [TEST_STEP][PASSED] - click: Object: 'Object Repository/Final Object Repo/New Registration - Registration Module Pages/Third Screen - Upload Supporting Doc- Preview/Supporting Doc Please Select Drop Down' is clicked on

2018-12-13 13:33:38 - [MESSAGE][PASSED] - Object: 'Object Repository/Final Object Repo/New Registration - Registration Module Pages/Third Screen - Upload Supporting Doc- Preview/Supporting Doc Please Select Drop Down' is clicked on

2018-12-13 13:33:38 - [TEST_STEP][PASSED] - delay: Delayed 2 second(s)

2018-12-13 13:33:40 - [MESSAGE][PASSED] - Delayed 2 second(s)

2018-12-13 13:33:40 - [TEST_STEP][PASSED] - click: Object: 'Object Repository/Final Object Repo/New Registration - Registration Module Pages/Third Screen - Upload Supporting Doc- Preview/Select to Upload Form 1' is clicked on

2018-12-13 13:33:40 - [MESSAGE][PASSED] - Object: 'Object Repository/Final Object Repo/New Registration - Registration Module Pages/Third Screen - Upload Supporting Doc- Preview/Select to Upload Form 1' is clicked on

2018-12-13 13:33:40 - [TEST_STEP][PASSED] - delay: Delayed 2 second(s)

2018-12-13 13:33:42 - [MESSAGE][PASSED] - Delayed 2 second(s)

2018-12-13 13:33:42 - [TEST_STEP][PASSED] - uploadFile: File 'C:\Users\Public\Pictures\Sample Pictures\Koala.jpg' sent to object: 'Object Repository/Final Object Repo/New Registration - Registration Module Pages/Third Screen - Upload Supporting Doc- Preview/Upload File Adding'

2018-12-13 13:33:42 - [MESSAGE][PASSED] - File 'C:\Users\Public\Pictures\Sample Pictures\Koala.jpg' sent to object: 'Object Repository/Final Object Repo/New Registration - Registration Module Pages/Third Screen - Upload Supporting Doc- Preview/Upload File Adding'

2018-12-13 13:33:42 - [TEST_STEP][PASSED] - delay: Delayed 5 second(s)

2018-12-13 13:33:47 - [MESSAGE][PASSED] - Delayed 5 second(s)

2018-12-13 13:33:47 - [TEST_STEP][PASSED] - click: Object: 'Object Repository/Final Object Repo/New Registration - Registration Module Pages/Third Screen - Upload Supporting Doc- Preview/Inner Form Add Document Button' is clicked on

2018-12-13 13:33:47 - [MESSAGE][PASSED] - Object: 'Object Repository/Final Object Repo/New Registration - Registration Module Pages/Third Screen - Upload Supporting Doc- Preview/Inner Form Add Document Button' is clicked on

2018-12-13 13:33:47 - [TEST_STEP][PASSED] - delay: Delayed 3 second(s)

2018-12-13 13:33:50 - [MESSAGE][PASSED] - Delayed 3 second(s)

2018-12-13 13:33:50 - [TEST_STEP][PASSED] - click: Object: 'Object Repository/Final Object Repo/New Registration - Registration Module Pages/Third Screen - Upload Supporting Doc- Preview/Add Document Button' is clicked on

2018-12-13 13:33:51 - [MESSAGE][PASSED] - Object: 'Object Repository/Final Object Repo/New Registration - Registration Module Pages/Third Screen - Upload Supporting Doc- Preview/Add Document Button' is clicked on

2018-12-13 13:33:51 - [TEST_STEP][PASSED] - delay: Delayed 30 second(s)

2018-12-13 13:34:21 - [MESSAGE][PASSED] - Delayed 30 second(s)

2018-12-13 13:34:21 - [TEST_STEP][PASSED] - click: Object: 'Object Repository/Final Object Repo/New Registration - Registration Module Pages/Third Screen - Upload Supporting Doc- Preview/Supporting Doc Please Select Drop Down' is clicked on

2018-12-13 13:34:21 - [MESSAGE][PASSED] - Object: 'Object Repository/Final Object Repo/New Registration - Registration Module Pages/Third Screen - Upload Supporting Doc- Preview/Supporting Doc Please Select Drop Down' is clicked on

2018-12-13 13:34:21 - [TEST_STEP][PASSED] - delay: Delayed 4 second(s)

2018-12-13 13:34:25 - [MESSAGE][PASSED] - Delayed 4 second(s)

2018-12-13 13:34:25 - [TEST_STEP][PASSED] - click: Object: 'Object Repository/Final Object Repo/New Registration - Registration Module Pages/Third Screen - Upload Supporting Doc- Preview/Select to Upload Form 2' is clicked on

2018-12-13 13:34:26 - [MESSAGE][PASSED] - Object: 'Object Repository/Final Object Repo/New Registration - Registration Module Pages/Third Screen - Upload Supporting Doc- Preview/Select to Upload Form 2' is clicked on

2018-12-13 13:34:26 - [TEST_STEP][PASSED] - delay: Delayed 2 second(s)

2018-12-13 13:34:28 - [MESSAGE][PASSED] - Delayed 2 second(s)

2018-12-13 13:34:28 - [TEST_STEP][PASSED] - uploadFile: File 'C:\Users\Public\Pictures\Sample Pictures\Koala.jpg' sent to object: 'Object Repository/Final Object Repo/New Registration - Registration Module Pages/Third Screen - Upload Supporting Doc- Preview/Upload File Adding'

2018-12-13 13:34:28 - [MESSAGE][PASSED] - File 'C:\Users\Public\Pictures\Sample Pictures\Koala.jpg' sent to object: 'Object Repository/Final Object Repo/New Registration - Registration Module Pages/Third Screen - Upload Supporting Doc- Preview/Upload File Adding'

2018-12-13 13:34:28 - [TEST_STEP][PASSED] - click: Object: 'Object Repository/Final Object Repo/New Registration - Registration Module Pages/Third Screen - Upload Supporting Doc- Preview/Inner Form Add Document Button' is clicked on

2018-12-13 13:34:28 - [MESSAGE][PASSED] - Object: 'Object Repository/Final Object Repo/New Registration - Registration Module Pages/Third Screen - Upload Supporting Doc- Preview/Inner Form Add Document Button' is clicked on

2018-12-13 13:34:28 - [TEST_STEP][PASSED] - delay: Delayed 5 second(s)

2018-12-13 13:34:33 - [MESSAGE][PASSED] - Delayed 5 second(s)

2018-12-13 13:34:33 - [TEST_STEP][PASSED] - click: Object: 'Object Repository/Final Object Repo/New Registration - Registration Module Pages/Third Screen - Upload Supporting Doc- Preview/Add Document Button' is clicked on

2018-12-13 13:34:33 - [MESSAGE][PASSED] - Object: 'Object Repository/Final Object Repo/New Registration - Registration Module Pages/Third Screen - Upload Supporting Doc- Preview/Add Document Button' is clicked on

2018-12-13 13:34:33 - [TEST_STEP][PASSED] - delay: Delayed 30 second(s)

2018-12-13 13:35:03 - [MESSAGE][PASSED] - Delayed 30 second(s)

2018-12-13 13:35:03 - [TEST_STEP][PASSED] - click: Object: 'Object Repository/Final Object Repo/New Registration - Registration Module Pages/Third Screen - Upload Supporting Doc- Preview/Supporting Doc Please Select Drop Down' is clicked on

2018-12-13 13:35:03 - [MESSAGE][PASSED] - Object: 'Object Repository/Final Object Repo/New Registration - Registration Module Pages/Third Screen - Upload Supporting Doc- Preview/Supporting Doc Please Select Drop Down' is clicked on

2018-12-13 13:35:03 - [TEST_STEP][PASSED] - click: Object: 'Object Repository/Final Object Repo/New Registration - Registration Module Pages/Third Screen - Upload Supporting Doc- Preview/Select to Upload Borang SIP 1' is clicked on

2018-12-13 13:35:03 - [MESSAGE][PASSED] - Object: 'Object Repository/Final Object Repo/New Registration - Registration Module Pages/Third Screen - Upload Supporting Doc- Preview/Select to Upload Borang SIP 1' is clicked on

2018-12-13 13:35:03 - [TEST_STEP][PASSED] - delay: Delayed 2 second(s)

2018-12-13 13:35:05 - [MESSAGE][PASSED] - Delayed 2 second(s)

2018-12-13 13:35:05 - [TEST_STEP][PASSED] - uploadFile: File 'C:\Users\Public\Pictures\Sample Pictures\Koala.jpg' sent to object: 'Object Repository/Final Object Repo/New Registration - Registration Module Pages/Third Screen - Upload Supporting Doc- Preview/Upload File Adding'

2018-12-13 13:35:05 - [MESSAGE][PASSED] - File 'C:\Users\Public\Pictures\Sample Pictures\Koala.jpg' sent to object: 'Object Repository/Final Object Repo/New Registration - Registration Module Pages/Third Screen - Upload Supporting Doc- Preview/Upload File Adding'

2018-12-13 13:35:05 - [TEST_STEP][PASSED] - click: Object: 'Object Repository/Final Object Repo/New Registration - Registration Module Pages/Third Screen - Upload Supporting Doc- Preview/Inner Form Add Document Button' is clicked on

2018-12-13 13:35:06 - [MESSAGE][PASSED] - Object: 'Object Repository/Final Object Repo/New Registration - Registration Module Pages/Third Screen - Upload Supporting Doc- Preview/Inner Form Add Document Button' is clicked on

2018-12-13 13:35:06 - [TEST_STEP][PASSED] - delay: Delayed 5 second(s)

2018-12-13 13:35:11 - [MESSAGE][PASSED] - Delayed 5 second(s)

2018-12-13 13:35:11 - [TEST_STEP][PASSED] - click: Object: 'Object Repository/Final Object Repo/New Registration - Registration Module Pages/Third Screen - Upload Supporting Doc- Preview/Add Document Button' is clicked on

2018-12-13 13:35:11 - [MESSAGE][PASSED] - Object: 'Object Repository/Final Object Repo/New Registration - Registration Module Pages/Third Screen - Upload Supporting Doc- Preview/Add Document Button' is clicked on

2018-12-13 13:35:11 - [TEST_STEP][PASSED] - delay: Delayed 30 second(s)

2018-12-13 13:35:41 - [MESSAGE][PASSED] - Delayed 30 second(s)

2018-12-13 13:35:41 - [TEST_STEP][PASSED] - click: Object: 'Object Repository/Final Object Repo/New Registration - Registration Module Pages/Third Screen - Upload Supporting Doc- Preview/Supporting Doc Please Select Drop Down' is clicked on

2018-12-13 13:35:41 - [MESSAGE][PASSED] - Object: 'Object Repository/Final Object Repo/New Registration - Registration Module Pages/Third Screen - Upload Supporting Doc- Preview/Supporting Doc Please Select Drop Down' is clicked on

2018-12-13 13:35:41 - [TEST_STEP][PASSED] - delay: Delayed 3 second(s)

2018-12-13 13:35:44 - [MESSAGE][PASSED] - Delayed 3 second(s)

2018-12-13 13:35:44 - [TEST_STEP][PASSED] - click: Object: 'Object Repository/Final Object Repo/New Registration - Registration Module Pages/Third Screen - Upload Supporting Doc- Preview/Select to Upload Borang SIP 2' is clicked on

2018-12-13 13:35:44 - [MESSAGE][PASSED] - Object: 'Object Repository/Final Object Repo/New Registration - Registration Module Pages/Third Screen - Upload Supporting Doc- Preview/Select to Upload Borang SIP 2' is clicked on

2018-12-13 13:35:44 - [TEST_STEP][PASSED] - delay: Delayed 2 second(s)

2018-12-13 13:35:46 - [MESSAGE][PASSED] - Delayed 2 second(s)

2018-12-13 13:35:46 - [TEST_STEP][PASSED] - uploadFile: File 'C:\Users\Public\Pictures\Sample Pictures\Koala.jpg' sent to object: 'Object Repository/Final Object Repo/New Registration - Registration Module Pages/Third Screen - Upload Supporting Doc- Preview/Upload File Adding'

2018-12-13 13:35:46 - [MESSAGE][PASSED] - File 'C:\Users\Public\Pictures\Sample Pictures\Koala.jpg' sent to object: 'Object Repository/Final Object Repo/New Registration - Registration Module Pages/Third Screen - Upload Supporting Doc- Preview/Upload File Adding'

2018-12-13 13:35:46 - [TEST_STEP][PASSED] - delay: Delayed 5 second(s)

2018-12-13 13:35:51 - [MESSAGE][PASSED] - Delayed 5 second(s)

2018-12-13 13:35:51 - [TEST_STEP][PASSED] - click: Object: 'Object Repository/Final Object Repo/New Registration - Registration Module Pages/Third Screen - Upload Supporting Doc- Preview/Inner Form Add Document Button' is clicked on

2018-12-13 13:35:51 - [MESSAGE][PASSED] - Object: 'Object Repository/Final Object Repo/New Registration - Registration Module Pages/Third Screen - Upload Supporting Doc- Preview/Inner Form Add Document Button' is clicked on

2018-12-13 13:35:51 - [TEST_STEP][PASSED] - delay: Delayed 3 second(s)

2018-12-13 13:35:54 - [MESSAGE][PASSED] - Delayed 3 second(s)

2018-12-13 13:35:54 - [TEST_STEP][PASSED] - waitForElementClickable: Object 'Object Repository/Final Object Repo/New Registration - Registration Module Pages/Third Screen - Upload Supporting Doc- Preview/Save n Continue in Uploading Supporting Doc Page' is clickable

2018-12-13 13:35:55 - [MESSAGE][PASSED] - Object 'Object Repository/Final Object Repo/New Registration - Registration Module Pages/Third Screen - Upload Supporting Doc- Preview/Save n Continue in Uploading Supporting Doc Page' is clickable

2018-12-13 13:35:55 - [TEST_STEP][PASSED] - click: Object: 'Object Repository/Final Object Repo/New Registration - Registration Module Pages/Third Screen - Upload Supporting Doc- Preview/Save n Continue in Uploading Supporting Doc Page' is clicked on

2018-12-13 13:35:55 - [MESSAGE][PASSED] - Object: 'Object Repository/Final Object Repo/New Registration - Registration Module Pages/Third Screen - Upload Supporting Doc- Preview/Save n Continue in Uploading Supporting Doc Page' is clicked on

2018-12-13 13:35:55 - [MESSAGE][PASSED] - Call Test Case 'Test Cases/Final Aug 2018 - PKS Automation/Registration Module/New Registration/Flow of New Registration/Third Screen - Upload Supporting Doc - Preview' successfully

2018-12-13 13:35:55 - [TEST_STEP][PASSED] - callTestCase: Call Test Case 'Test Cases/Final Aug 2018 - PKS Automation/Registration Module/New Registration/Submit and Screenshot/Submit Registration and Screenshot' successfully

2018-12-13 13:35:55 - [TEST_CASE][PASSED] - Test Cases/Final Aug 2018 - PKS Automation/Registration Module/New Registration/Submit and Screenshot/Submit Registration and Screenshot: Test Cases/Final Aug 2018 - PKS Automation/Registration Module/New Registration/Submit and Screenshot/Submit Registration and Screenshot

2018-12-13 13:35:56 - [TEST_STEP][PASSED] - delay: Delayed 6 second(s)

2018-12-13 13:36:02 - [MESSAGE][PASSED] - Delayed 6 second(s)

2018-12-13 13:36:02 - [TEST_STEP][PASSED] - click: Object: 'Object Repository/Final Object Repo/New Registration - Registration Module Pages/Third Screen - Upload Supporting Doc- Preview/Preview Submit Button' is clicked on

2018-12-13 13:36:02 - [MESSAGE][PASSED] - Object: 'Object Repository/Final Object Repo/New Registration - Registration Module Pages/Third Screen - Upload Supporting Doc- Preview/Preview Submit Button' is clicked on

2018-12-13 13:36:02 - [TEST_STEP][PASSED] - delay: Delayed 2 second(s)

2018-12-13 13:36:04 - [MESSAGE][PASSED] - Delayed 2 second(s)

2018-12-13 13:36:04 - [TEST_STEP][PASSED] - click: Object: 'Object Repository/Final Object Repo/New Registration - Registration Module Pages/Third Screen - Upload Supporting Doc- Preview/Preview Submit - Confirm' is clicked on

2018-12-13 13:36:04 - [MESSAGE][PASSED] - Object: 'Object Repository/Final Object Repo/New Registration - Registration Module Pages/Third Screen - Upload Supporting Doc- Preview/Preview Submit - Confirm' is clicked on

2018-12-13 13:36:04 - [TEST_STEP][PASSED] - delay: Delayed 15 second(s)

2018-12-13 13:36:19 - [MESSAGE][PASSED] - Delayed 15 second(s)

2018-12-13 13:36:19 - [TEST_STEP][PASSED] - Statement - driver = com.kms.katalon.core.webui.driver.DriverFactory.getWebDriver(): null

2018-12-13 13:36:19 - [TEST_STEP][PASSED] - Statement - driver.manage().timeouts().implicitlyWait(10, SECONDS): null

2018-12-13 13:36:19 - [TEST_STEP][PASSED] - Statement - PresavePath = KatalonScreenshots: null

2018-12-13 13:36:19 - [TEST_STEP][PASSED] - Statement - pathPrefix = "C:\Users\Public\Pictures\Sample Pictures\Katalon Screenshots\Automate Ending Screen": null

2018-12-13 13:36:19 - [TEST_STEP][PASSED] - Statement - finalPath = <not implemented yet for class: org.codehaus.groovy.ast.expr.EmptyExpression>: null

2018-12-13 13:36:19 - [TEST_STEP][PASSED] - Statement - scrFile = driver.getScreenshotAs(FILE): null

2018-12-13 13:36:19 - [TEST_STEP][PASSED] - Statement - PreSaveFile = new java.io.File(PresavePath): null

2018-12-13 13:36:19 - [TEST_STEP][PASSED] - Statement - counter = 0: null

2018-12-13 13:36:19 - [TEST_STEP][PASSED] - Statement - If (PreSaveFile.exists()): null

2018-12-13 13:36:19 - [TEST_STEP][PASSED] - Statement - While (PreSaveFile.exists()): null

2018-12-13 13:36:19 - [TEST_STEP][PASSED] - Statement - counter = counter + 1: null

2018-12-13 13:36:19 - [TEST_STEP][PASSED] - Statement - PreSaveFile = new java.io.File(((pathPrefix + java.lang.Integer.toString(counter)) + .png)): null

2018-12-13 13:36:19 - [TEST_STEP][PASSED] - Statement - counter = counter + 1: null

2018-12-13 13:36:19 - [TEST_STEP][PASSED] - Statement - PreSaveFile = new java.io.File(((pathPrefix + java.lang.Integer.toString(counter)) + .png)): null

2018-12-13 13:36:19 - [TEST_STEP][PASSED] - Statement - counter = counter + 1: null

2018-12-13 13:36:19 - [TEST_STEP][PASSED] - Statement - PreSaveFile = new java.io.File(((pathPrefix + java.lang.Integer.toString(counter)) + .png)): null

2018-12-13 13:36:19 - [TEST_STEP][PASSED] - Statement - counter = counter + 1: null

2018-12-13 13:36:19 - [TEST_STEP][PASSED] - Statement - PreSaveFile = new java.io.File(((pathPrefix + java.lang.Integer.toString(counter)) + .png)): null

2018-12-13 13:36:19 - [TEST_STEP][PASSED] - Statement - counter = counter + 1: null

2018-12-13 13:36:19 - [TEST_STEP][PASSED] - Statement - PreSaveFile = new java.io.File(((pathPrefix + java.lang.Integer.toString(counter)) + .png)): null

2018-12-13 13:36:19 - [TEST_STEP][PASSED] - Statement - counter = counter + 1: null

2018-12-13 13:36:19 - [TEST_STEP][PASSED] - Statement - PreSaveFile = new java.io.File(((pathPrefix + java.lang.Integer.toString(counter)) + .png)): null

2018-12-13 13:36:19 - [TEST_STEP][PASSED] - Statement - counter = counter + 1: null

2018-12-13 13:36:19 - [TEST_STEP][PASSED] - Statement - PreSaveFile = new java.io.File(((pathPrefix + java.lang.Integer.toString(counter)) + .png)): null

2018-12-13 13:36:19 - [TEST_STEP][PASSED] - Statement - counter = counter + 1: null

2018-12-13 13:36:19 - [TEST_STEP][PASSED] - Statement - PreSaveFile = new java.io.File(((pathPrefix + java.lang.Integer.toString(counter)) + .png)): null

2018-12-13 13:36:19 - [TEST_STEP][PASSED] - Statement - counter = counter + 1: null

2018-12-13 13:36:19 - [TEST_STEP][PASSED] - Statement - PreSaveFile = new java.io.File(((pathPrefix + java.lang.Integer.toString(counter)) + .png)): null

2018-12-13 13:36:19 - [TEST_STEP][PASSED] - Statement - counter = counter + 1: null

2018-12-13 13:36:19 - [TEST_STEP][PASSED] - Statement - PreSaveFile = new java.io.File(((pathPrefix + java.lang.Integer.toString(counter)) + .png)): null

2018-12-13 13:36:19 - [TEST_STEP][PASSED] - Statement - counter = counter + 1: null

2018-12-13 13:36:19 - [TEST_STEP][PASSED] - Statement - PreSaveFile = new java.io.File(((pathPrefix + java.lang.Integer.toString(counter)) + .png)): null

2018-12-13 13:36:19 - [TEST_STEP][PASSED] - Statement - counter = counter + 1: null

2018-12-13 13:36:19 - [TEST_STEP][PASSED] - Statement - PreSaveFile = new java.io.File(((pathPrefix + java.lang.Integer.toString(counter)) + .png)): null

2018-12-13 13:36:19 - [TEST_STEP][PASSED] - Statement - counter = counter + 1: null

2018-12-13 13:36:19 - [TEST_STEP][PASSED] - Statement - PreSaveFile = new java.io.File(((pathPrefix + java.lang.Integer.toString(counter)) + .png)): null

2018-12-13 13:36:19 - [TEST_STEP][PASSED] - Statement - counter = counter + 1: null

2018-12-13 13:36:19 - [TEST_STEP][PASSED] - Statement - PreSaveFile = new java.io.File(((pathPrefix + java.lang.Integer.toString(counter)) + .png)): null

2018-12-13 13:36:19 - [TEST_STEP][PASSED] - Statement - counter = counter + 1: null

2018-12-13 13:36:19 - [TEST_STEP][PASSED] - Statement - PreSaveFile = new java.io.File(((pathPrefix + java.lang.Integer.toString(counter)) + .png)): null

2018-12-13 13:36:19 - [TEST_STEP][PASSED] - Statement - counter = counter + 1: null

2018-12-13 13:36:19 - [TEST_STEP][PASSED] - Statement - PreSaveFile = new java.io.File(((pathPrefix + java.lang.Integer.toString(counter)) + .png)): null

2018-12-13 13:36:19 - [TEST_STEP][PASSED] - Statement - counter = counter + 1: null

2018-12-13 13:36:19 - [TEST_STEP][PASSED] - Statement - PreSaveFile = new java.io.File(((pathPrefix + java.lang.Integer.toString(counter)) + .png)): null

2018-12-13 13:36:19 - [TEST_STEP][PASSED] - Statement - counter = counter + 1: null

2018-12-13 13:36:19 - [TEST_STEP][PASSED] - Statement - PreSaveFile = new java.io.File(((pathPrefix + java.lang.Integer.toString(counter)) + .png)): null

2018-12-13 13:36:19 - [TEST_STEP][PASSED] - Statement - counter = counter + 1: null

2018-12-13 13:36:19 - [TEST_STEP][PASSED] - Statement - PreSaveFile = new java.io.File(((pathPrefix + java.lang.Integer.toString(counter)) + .png)): null

2018-12-13 13:36:19 - [TEST_STEP][PASSED] - Statement - counter = counter + 1: null

2018-12-13 13:36:19 - [TEST_STEP][PASSED] - Statement - PreSaveFile = new java.io.File(((pathPrefix + java.lang.Integer.toString(counter)) + .png)): null

2018-12-13 13:36:19 - [TEST_STEP][PASSED] - Statement - counter = counter + 1: null

2018-12-13 13:36:19 - [TEST_STEP][PASSED] - Statement - PreSaveFile = new java.io.File(((pathPrefix + java.lang.Integer.toString(counter)) + .png)): null

2018-12-13 13:36:19 - [TEST_STEP][PASSED] - Statement - counter = counter + 1: null

2018-12-13 13:36:19 - [TEST_STEP][PASSED] - Statement - PreSaveFile = new java.io.File(((pathPrefix + java.lang.Integer.toString(counter)) + .png)): null

2018-12-13 13:36:19 - [TEST_STEP][PASSED] - Statement - counter = counter + 1: null

2018-12-13 13:36:19 - [TEST_STEP][PASSED] - Statement - PreSaveFile = new java.io.File(((pathPrefix + java.lang.Integer.toString(counter)) + .png)): null

2018-12-13 13:36:19 - [TEST_STEP][PASSED] - Statement - counter = counter + 1: null

2018-12-13 13:36:19 - [TEST_STEP][PASSED] - Statement - PreSaveFile = new java.io.File(((pathPrefix + java.lang.Integer.toString(counter)) + .png)): null

2018-12-13 13:36:19 - [TEST_STEP][PASSED] - Statement - counter = counter + 1: null

2018-12-13 13:36:19 - [TEST_STEP][PASSED] - Statement - PreSaveFile = new java.io.File(((pathPrefix + java.lang.Integer.toString(counter)) + .png)): null

2018-12-13 13:36:19 - [TEST_STEP][PASSED] - Statement - counter = counter + 1: null

2018-12-13 13:36:19 - [TEST_STEP][PASSED] - Statement - PreSaveFile = new java.io.File(((pathPrefix + java.lang.Integer.toString(counter)) + .png)): null

2018-12-13 13:36:19 - [TEST_STEP][PASSED] - Statement - counter = counter + 1: null

2018-12-13 13:36:19 - [TEST_STEP][PASSED] - Statement - PreSaveFile = new java.io.File(((pathPrefix + java.lang.Integer.toString(counter)) + .png)): null

2018-12-13 13:36:19 - [TEST_STEP][PASSED] - Statement - counter = counter + 1: null

2018-12-13 13:36:19 - [TEST_STEP][PASSED] - Statement - PreSaveFile = new java.io.File(((pathPrefix + java.lang.Integer.toString(counter)) + .png)): null

2018-12-13 13:36:19 - [TEST_STEP][PASSED] - Statement - counter = counter + 1: null

2018-12-13 13:36:19 - [TEST_STEP][PASSED] - Statement - PreSaveFile = new java.io.File(((pathPrefix + java.lang.Integer.toString(counter)) + .png)): null

2018-12-13 13:36:19 - [TEST_STEP][PASSED] - Statement - counter = counter + 1: null

2018-12-13 13:36:19 - [TEST_STEP][PASSED] - Statement - PreSaveFile = new java.io.File(((pathPrefix + java.lang.Integer.toString(counter)) + .png)): null

2018-12-13 13:36:19 - [TEST_STEP][PASSED] - Statement - counter = counter + 1: null

2018-12-13 13:36:19 - [TEST_STEP][PASSED] - Statement - PreSaveFile = new java.io.File(((pathPrefix + java.lang.Integer.toString(counter)) + .png)): null

2018-12-13 13:36:19 - [TEST_STEP][PASSED] - Statement - counter = counter + 1: null

2018-12-13 13:36:19 - [TEST_STEP][PASSED] - Statement - PreSaveFile = new java.io.File(((pathPrefix + java.lang.Integer.toString(counter)) + .png)): null

2018-12-13 13:36:19 - [TEST_STEP][PASSED] - Statement - counter = counter + 1: null

2018-12-13 13:36:19 - [TEST_STEP][PASSED] - Statement - PreSaveFile = new java.io.File(((pathPrefix + java.lang.Integer.toString(counter)) + .png)): null

2018-12-13 13:36:19 - [TEST_STEP][PASSED] - Statement - counter = counter + 1: null

2018-12-13 13:36:19 - [TEST_STEP][PASSED] - Statement - PreSaveFile = new java.io.File(((pathPrefix + java.lang.Integer.toString(counter)) + .png)): null

2018-12-13 13:36:19 - [TEST_STEP][PASSED] - Statement - counter = counter + 1: null

2018-12-13 13:36:19 - [TEST_STEP][PASSED] - Statement - PreSaveFile = new java.io.File(((pathPrefix + java.lang.Integer.toString(counter)) + .png)): null

2018-12-13 13:36:19 - [TEST_STEP][PASSED] - Statement - counter = counter + 1: null

2018-12-13 13:36:19 - [TEST_STEP][PASSED] - Statement - PreSaveFile = new java.io.File(((pathPrefix + java.lang.Integer.toString(counter)) + .png)): null

2018-12-13 13:36:19 - [TEST_STEP][PASSED] - Statement - counter = counter + 1: null

2018-12-13 13:36:19 - [TEST_STEP][PASSED] - Statement - PreSaveFile = new java.io.File(((pathPrefix + java.lang.Integer.toString(counter)) + .png)): null

2018-12-13 13:36:19 - [TEST_STEP][PASSED] - Statement - counter = counter + 1: null

2018-12-13 13:36:19 - [TEST_STEP][PASSED] - Statement - PreSaveFile = new java.io.File(((pathPrefix + java.lang.Integer.toString(counter)) + .png)): null

2018-12-13 13:36:19 - [TEST_STEP][PASSED] - Statement - counter = counter + 1: null

2018-12-13 13:36:19 - [TEST_STEP][PASSED] - Statement - PreSaveFile = new java.io.File(((pathPrefix + java.lang.Integer.toString(counter)) + .png)): null

2018-12-13 13:36:19 - [TEST_STEP][PASSED] - Statement - counter = counter + 1: null

2018-12-13 13:36:19 - [TEST_STEP][PASSED] - Statement - PreSaveFile = new java.io.File(((pathPrefix + java.lang.Integer.toString(counter)) + .png)): null

2018-12-13 13:36:19 - [TEST_STEP][PASSED] - Statement - counter = counter + 1: null

2018-12-13 13:36:19 - [TEST_STEP][PASSED] - Statement - PreSaveFile = new java.io.File(((pathPrefix + java.lang.Integer.toString(counter)) + .png)): null

2018-12-13 13:36:19 - [TEST_STEP][PASSED] - Statement - counter = counter + 1: null

2018-12-13 13:36:19 - [TEST_STEP][PASSED] - Statement - PreSaveFile = new java.io.File(((pathPrefix + java.lang.Integer.toString(counter)) + .png)): null

2018-12-13 13:36:19 - [TEST_STEP][PASSED] - Statement - counter = counter + 1: null

2018-12-13 13:36:19 - [TEST_STEP][PASSED] - Statement - PreSaveFile = new java.io.File(((pathPrefix + java.lang.Integer.toString(counter)) + .png)): null

2018-12-13 13:36:19 - [TEST_STEP][PASSED] - Statement - counter = counter + 1: null

2018-12-13 13:36:19 - [TEST_STEP][PASSED] - Statement - PreSaveFile = new java.io.File(((pathPrefix + java.lang.Integer.toString(counter)) + .png)): null

2018-12-13 13:36:19 - [TEST_STEP][PASSED] - Statement - counter = counter + 1: null

2018-12-13 13:36:19 - [TEST_STEP][PASSED] - Statement - PreSaveFile = new java.io.File(((pathPrefix + java.lang.Integer.toString(counter)) + .png)): null

2018-12-13 13:36:19 - [TEST_STEP][PASSED] - Statement - counter = counter + 1: null

2018-12-13 13:36:19 - [TEST_STEP][PASSED] - Statement - PreSaveFile = new java.io.File(((pathPrefix + java.lang.Integer.toString(counter)) + .png)): null

2018-12-13 13:36:19 - [TEST_STEP][PASSED] - Statement - counter = counter + 1: null

2018-12-13 13:36:19 - [TEST_STEP][PASSED] - Statement - PreSaveFile = new java.io.File(((pathPrefix + java.lang.Integer.toString(counter)) + .png)): null

2018-12-13 13:36:19 - [TEST_STEP][PASSED] - Statement - counter = counter + 1: null

2018-12-13 13:36:19 - [TEST_STEP][PASSED] - Statement - PreSaveFile = new java.io.File(((pathPrefix + java.lang.Integer.toString(counter)) + .png)): null

2018-12-13 13:36:19 - [TEST_STEP][PASSED] - Statement - counter = counter + 1: null

2018-12-13 13:36:19 - [TEST_STEP][PASSED] - Statement - PreSaveFile = new java.io.File(((pathPrefix + java.lang.Integer.toString(counter)) + .png)): null

2018-12-13 13:36:19 - [TEST_STEP][PASSED] - Statement - counter = counter + 1: null

2018-12-13 13:36:19 - [TEST_STEP][PASSED] - Statement - PreSaveFile = new java.io.File(((pathPrefix + java.lang.Integer.toString(counter)) + .png)): null

2018-12-13 13:36:19 - [TEST_STEP][PASSED] - Statement - counter = counter + 1: null

2018-12-13 13:36:19 - [TEST_STEP][PASSED] - Statement - PreSaveFile = new java.io.File(((pathPrefix + java.lang.Integer.toString(counter)) + .png)): null

2018-12-13 13:36:19 - [TEST_STEP][PASSED] - Statement - counter = counter + 1: null

2018-12-13 13:36:19 - [TEST_STEP][PASSED] - Statement - PreSaveFile = new java.io.File(((pathPrefix + java.lang.Integer.toString(counter)) + .png)): null

2018-12-13 13:36:19 - [TEST_STEP][PASSED] - Statement - counter = counter + 1: null

2018-12-13 13:36:19 - [TEST_STEP][PASSED] - Statement - PreSaveFile = new java.io.File(((pathPrefix + java.lang.Integer.toString(counter)) + .png)): null

2018-12-13 13:36:19 - [TEST_STEP][PASSED] - Statement - counter = counter + 1: null

2018-12-13 13:36:19 - [TEST_STEP][PASSED] - Statement - PreSaveFile = new java.io.File(((pathPrefix + java.lang.Integer.toString(counter)) + .png)): null

2018-12-13 13:36:19 - [TEST_STEP][PASSED] - Statement - counter = counter + 1: null

2018-12-13 13:36:19 - [TEST_STEP][PASSED] - Statement - PreSaveFile = new java.io.File(((pathPrefix + java.lang.Integer.toString(counter)) + .png)): null

2018-12-13 13:36:19 - [TEST_STEP][PASSED] - Statement - counter = counter + 1: null

2018-12-13 13:36:19 - [TEST_STEP][PASSED] - Statement - PreSaveFile = new java.io.File(((pathPrefix + java.lang.Integer.toString(counter)) + .png)): null

2018-12-13 13:36:19 - [TEST_STEP][PASSED] - Statement - counter = counter + 1: null

2018-12-13 13:36:19 - [TEST_STEP][PASSED] - Statement - PreSaveFile = new java.io.File(((pathPrefix + java.lang.Integer.toString(counter)) + .png)): null

2018-12-13 13:36:19 - [TEST_STEP][PASSED] - Statement - counter = counter + 1: null

2018-12-13 13:36:19 - [TEST_STEP][PASSED] - Statement - PreSaveFile = new java.io.File(((pathPrefix + java.lang.Integer.toString(counter)) + .png)): null

2018-12-13 13:36:19 - [TEST_STEP][PASSED] - Statement - counter = counter + 1: null

2018-12-13 13:36:19 - [TEST_STEP][PASSED] - Statement - PreSaveFile = new java.io.File(((pathPrefix + java.lang.Integer.toString(counter)) + .png)): null

2018-12-13 13:36:19 - [TEST_STEP][PASSED] - Statement - counter = counter + 1: null

2018-12-13 13:36:19 - [TEST_STEP][PASSED] - Statement - PreSaveFile = new java.io.File(((pathPrefix + java.lang.Integer.toString(counter)) + .png)): null

2018-12-13 13:36:19 - [TEST_STEP][PASSED] - Statement - counter = counter + 1: null

2018-12-13 13:36:19 - [TEST_STEP][PASSED] - Statement - PreSaveFile = new java.io.File(((pathPrefix + java.lang.Integer.toString(counter)) + .png)): null

2018-12-13 13:36:19 - [TEST_STEP][PASSED] - Statement - counter = counter + 1: null

2018-12-13 13:36:19 - [TEST_STEP][PASSED] - Statement - PreSaveFile = new java.io.File(((pathPrefix + java.lang.Integer.toString(counter)) + .png)): null

2018-12-13 13:36:19 - [TEST_STEP][PASSED] - Statement - counter = counter + 1: null

2018-12-13 13:36:19 - [TEST_STEP][PASSED] - Statement - PreSaveFile = new java.io.File(((pathPrefix + java.lang.Integer.toString(counter)) + .png)): null

2018-12-13 13:36:19 - [TEST_STEP][PASSED] - Statement - counter = counter + 1: null

2018-12-13 13:36:19 - [TEST_STEP][PASSED] - Statement - PreSaveFile = new java.io.File(((pathPrefix + java.lang.Integer.toString(counter)) + .png)): null

2018-12-13 13:36:19 - [TEST_STEP][PASSED] - Statement - counter = counter + 1: null

2018-12-13 13:36:19 - [TEST_STEP][PASSED] - Statement - PreSaveFile = new java.io.File(((pathPrefix + java.lang.Integer.toString(counter)) + .png)): null

2018-12-13 13:36:19 - [TEST_STEP][PASSED] - Statement - counter = counter + 1: null

2018-12-13 13:36:19 - [TEST_STEP][PASSED] - Statement - PreSaveFile = new java.io.File(((pathPrefix + java.lang.Integer.toString(counter)) + .png)): null

2018-12-13 13:36:19 - [TEST_STEP][PASSED] - Statement - counter = counter + 1: null

2018-12-13 13:36:19 - [TEST_STEP][PASSED] - Statement - PreSaveFile = new java.io.File(((pathPrefix + java.lang.Integer.toString(counter)) + .png)): null

2018-12-13 13:36:19 - [TEST_STEP][PASSED] - Statement - counter = counter + 1: null

2018-12-13 13:36:19 - [TEST_STEP][PASSED] - Statement - PreSaveFile = new java.io.File(((pathPrefix + java.lang.Integer.toString(counter)) + .png)): null

2018-12-13 13:36:19 - [TEST_STEP][PASSED] - Statement - counter = counter + 1: null

2018-12-13 13:36:19 - [TEST_STEP][PASSED] - Statement - PreSaveFile = new java.io.File(((pathPrefix + java.lang.Integer.toString(counter)) + .png)): null

2018-12-13 13:36:19 - [TEST_STEP][PASSED] - Statement - counter = counter + 1: null

2018-12-13 13:36:19 - [TEST_STEP][PASSED] - Statement - PreSaveFile = new java.io.File(((pathPrefix + java.lang.Integer.toString(counter)) + .png)): null

2018-12-13 13:36:19 - [TEST_STEP][PASSED] - Statement - counter = counter + 1: null

2018-12-13 13:36:19 - [TEST_STEP][PASSED] - Statement - PreSaveFile = new java.io.File(((pathPrefix + java.lang.Integer.toString(counter)) + .png)): null

2018-12-13 13:36:19 - [TEST_STEP][PASSED] - Statement - counter = counter + 1: null

2018-12-13 13:36:19 - [TEST_STEP][PASSED] - Statement - PreSaveFile = new java.io.File(((pathPrefix + java.lang.Integer.toString(counter)) + .png)): null

2018-12-13 13:36:19 - [TEST_STEP][PASSED] - Statement - counter = counter + 1: null

2018-12-13 13:36:19 - [TEST_STEP][PASSED] - Statement - PreSaveFile = new java.io.File(((pathPrefix + java.lang.Integer.toString(counter)) + .png)): null

2018-12-13 13:36:19 - [TEST_STEP][PASSED] - Statement - counter = counter + 1: null

2018-12-13 13:36:19 - [TEST_STEP][PASSED] - Statement - PreSaveFile = new java.io.File(((pathPrefix + java.lang.Integer.toString(counter)) + .png)): null

2018-12-13 13:36:19 - [TEST_STEP][PASSED] - Statement - counter = counter + 1: null

2018-12-13 13:36:19 - [TEST_STEP][PASSED] - Statement - PreSaveFile = new java.io.File(((pathPrefix + java.lang.Integer.toString(counter)) + .png)): null

2018-12-13 13:36:19 - [TEST_STEP][PASSED] - Statement - counter = counter + 1: null

2018-12-13 13:36:19 - [TEST_STEP][PASSED] - Statement - PreSaveFile = new java.io.File(((pathPrefix + java.lang.Integer.toString(counter)) + .png)): null

2018-12-13 13:36:19 - [TEST_STEP][PASSED] - Statement - counter = counter + 1: null

2018-12-13 13:36:19 - [TEST_STEP][PASSED] - Statement - PreSaveFile = new java.io.File(((pathPrefix + java.lang.Integer.toString(counter)) + .png)): null

2018-12-13 13:36:19 - [TEST_STEP][PASSED] - Statement - counter = counter + 1: null

2018-12-13 13:36:19 - [TEST_STEP][PASSED] - Statement - PreSaveFile = new java.io.File(((pathPrefix + java.lang.Integer.toString(counter)) + .png)): null

2018-12-13 13:36:19 - [TEST_STEP][PASSED] - Statement - counter = counter + 1: null

2018-12-13 13:36:19 - [TEST_STEP][PASSED] - Statement - PreSaveFile = new java.io.File(((pathPrefix + java.lang.Integer.toString(counter)) + .png)): null

2018-12-13 13:36:19 - [TEST_STEP][PASSED] - Statement - counter = counter + 1: null

2018-12-13 13:36:19 - [TEST_STEP][PASSED] - Statement - PreSaveFile = new java.io.File(((pathPrefix + java.lang.Integer.toString(counter)) + .png)): null

2018-12-13 13:36:19 - [TEST_STEP][PASSED] - Statement - counter = counter + 1: null

2018-12-13 13:36:19 - [TEST_STEP][PASSED] - Statement - PreSaveFile = new java.io.File(((pathPrefix + java.lang.Integer.toString(counter)) + .png)): null

2018-12-13 13:36:19 - [TEST_STEP][PASSED] - Statement - counter = counter + 1: null

2018-12-13 13:36:19 - [TEST_STEP][PASSED] - Statement - PreSaveFile = new java.io.File(((pathPrefix + java.lang.Integer.toString(counter)) + .png)): null

2018-12-13 13:36:19 - [TEST_STEP][PASSED] - Statement - counter = counter + 1: null

2018-12-13 13:36:19 - [TEST_STEP][PASSED] - Statement - PreSaveFile = new java.io.File(((pathPrefix + java.lang.Integer.toString(counter)) + .png)): null

2018-12-13 13:36:19 - [TEST_STEP][PASSED] - Statement - counter = counter + 1: null

2018-12-13 13:36:19 - [TEST_STEP][PASSED] - Statement - PreSaveFile = new java.io.File(((pathPrefix + java.lang.Integer.toString(counter)) + .png)): null

2018-12-13 13:36:19 - [TEST_STEP][PASSED] - Statement - counter = counter + 1: null

2018-12-13 13:36:19 - [TEST_STEP][PASSED] - Statement - PreSaveFile = new java.io.File(((pathPrefix + java.lang.Integer.toString(counter)) + .png)): null

2018-12-13 13:36:19 - [TEST_STEP][PASSED] - Statement - counter = counter + 1: null

2018-12-13 13:36:19 - [TEST_STEP][PASSED] - Statement - PreSaveFile = new java.io.File(((pathPrefix + java.lang.Integer.toString(counter)) + .png)): null

2018-12-13 13:36:19 - [TEST_STEP][PASSED] - Statement - counter = counter + 1: null

2018-12-13 13:36:19 - [TEST_STEP][PASSED] - Statement - PreSaveFile = new java.io.File(((pathPrefix + java.lang.Integer.toString(counter)) + .png)): null

2018-12-13 13:36:19 - [TEST_STEP][PASSED] - Statement - counter = counter + 1: null

2018-12-13 13:36:19 - [TEST_STEP][PASSED] - Statement - PreSaveFile = new java.io.File(((pathPrefix + java.lang.Integer.toString(counter)) + .png)): null

2018-12-13 13:36:19 - [TEST_STEP][PASSED] - Statement - counter = counter + 1: null

2018-12-13 13:36:19 - [TEST_STEP][PASSED] - Statement - PreSaveFile = new java.io.File(((pathPrefix + java.lang.Integer.toString(counter)) + .png)): null

2018-12-13 13:36:19 - [TEST_STEP][PASSED] - Statement - counter = counter + 1: null

2018-12-13 13:36:19 - [TEST_STEP][PASSED] - Statement - PreSaveFile = new java.io.File(((pathPrefix + java.lang.Integer.toString(counter)) + .png)): null

2018-12-13 13:36:19 - [TEST_STEP][PASSED] - Statement - counter = counter + 1: null

2018-12-13 13:36:19 - [TEST_STEP][PASSED] - Statement - PreSaveFile = new java.io.File(((pathPrefix + java.lang.Integer.toString(counter)) + .png)): null

2018-12-13 13:36:19 - [TEST_STEP][PASSED] - Statement - counter = counter + 1: null

2018-12-13 13:36:19 - [TEST_STEP][PASSED] - Statement - PreSaveFile = new java.io.File(((pathPrefix + java.lang.Integer.toString(counter)) + .png)): null

2018-12-13 13:36:19 - [TEST_STEP][PASSED] - Statement - counter = counter + 1: null

2018-12-13 13:36:19 - [TEST_STEP][PASSED] - Statement - PreSaveFile = new java.io.File(((pathPrefix + java.lang.Integer.toString(counter)) + .png)): null

2018-12-13 13:36:19 - [TEST_STEP][PASSED] - Statement - counter = counter + 1: null

2018-12-13 13:36:19 - [TEST_STEP][PASSED] - Statement - PreSaveFile = new java.io.File(((pathPrefix + java.lang.Integer.toString(counter)) + .png)): null

2018-12-13 13:36:19 - [TEST_STEP][PASSED] - Statement - counter = counter + 1: null

2018-12-13 13:36:19 - [TEST_STEP][PASSED] - Statement - PreSaveFile = new java.io.File(((pathPrefix + java.lang.Integer.toString(counter)) + .png)): null

2018-12-13 13:36:19 - [TEST_STEP][PASSED] - Statement - counter = counter + 1: null

2018-12-13 13:36:19 - [TEST_STEP][PASSED] - Statement - PreSaveFile = new java.io.File(((pathPrefix + java.lang.Integer.toString(counter)) + .png)): null

2018-12-13 13:36:19 - [TEST_STEP][PASSED] - Statement - counter = counter + 1: null

2018-12-13 13:36:19 - [TEST_STEP][PASSED] - Statement - PreSaveFile = new java.io.File(((pathPrefix + java.lang.Integer.toString(counter)) + .png)): null

2018-12-13 13:36:19 - [TEST_STEP][PASSED] - Statement - counter = counter + 1: null

2018-12-13 13:36:20 - [TEST_STEP][PASSED] - Statement - PreSaveFile = new java.io.File(((pathPrefix + java.lang.Integer.toString(counter)) + .png)): null

2018-12-13 13:36:20 - [TEST_STEP][PASSED] - Statement - counter = counter + 1: null

2018-12-13 13:36:20 - [TEST_STEP][PASSED] - Statement - PreSaveFile = new java.io.File(((pathPrefix + java.lang.Integer.toString(counter)) + .png)): null

2018-12-13 13:36:20 - [TEST_STEP][PASSED] - Statement - counter = counter + 1: null

2018-12-13 13:36:20 - [TEST_STEP][PASSED] - Statement - PreSaveFile = new java.io.File(((pathPrefix + java.lang.Integer.toString(counter)) + .png)): null

2018-12-13 13:36:20 - [TEST_STEP][PASSED] - Statement - counter = counter + 1: null

2018-12-13 13:36:20 - [TEST_STEP][PASSED] - Statement - PreSaveFile = new java.io.File(((pathPrefix + java.lang.Integer.toString(counter)) + .png)): null

2018-12-13 13:36:20 - [TEST_STEP][PASSED] - Statement - counter = counter + 1: null

2018-12-13 13:36:20 - [TEST_STEP][PASSED] - Statement - PreSaveFile = new java.io.File(((pathPrefix + java.lang.Integer.toString(counter)) + .png)): null

2018-12-13 13:36:20 - [TEST_STEP][PASSED] - Statement - counter = counter + 1: null

2018-12-13 13:36:20 - [TEST_STEP][PASSED] - Statement - PreSaveFile = new java.io.File(((pathPrefix + java.lang.Integer.toString(counter)) + .png)): null

2018-12-13 13:36:20 - [TEST_STEP][PASSED] - Statement - counter = counter + 1: null

2018-12-13 13:36:20 - [TEST_STEP][PASSED] - Statement - PreSaveFile = new java.io.File(((pathPrefix + java.lang.Integer.toString(counter)) + .png)): null

2018-12-13 13:36:20 - [TEST_STEP][PASSED] - Statement - counter = counter + 1: null

2018-12-13 13:36:20 - [TEST_STEP][PASSED] - Statement - PreSaveFile = new java.io.File(((pathPrefix + java.lang.Integer.toString(counter)) + .png)): null

2018-12-13 13:36:20 - [TEST_STEP][PASSED] - Statement - counter = counter + 1: null

2018-12-13 13:36:20 - [TEST_STEP][PASSED] - Statement - PreSaveFile = new java.io.File(((pathPrefix + java.lang.Integer.toString(counter)) + .png)): null

2018-12-13 13:36:20 - [TEST_STEP][PASSED] - Statement - counter = counter + 1: null

2018-12-13 13:36:20 - [TEST_STEP][PASSED] - Statement - PreSaveFile = new java.io.File(((pathPrefix + java.lang.Integer.toString(counter)) + .png)): null

2018-12-13 13:36:20 - [TEST_STEP][PASSED] - Statement - counter = counter + 1: null

2018-12-13 13:36:20 - [TEST_STEP][PASSED] - Statement - PreSaveFile = new java.io.File(((pathPrefix + java.lang.Integer.toString(counter)) + .png)): null

2018-12-13 13:36:20 - [TEST_STEP][PASSED] - Statement - counter = counter + 1: null

2018-12-13 13:36:20 - [TEST_STEP][PASSED] - Statement - PreSaveFile = new java.io.File(((pathPrefix + java.lang.Integer.toString(counter)) + .png)): null

2018-12-13 13:36:20 - [TEST_STEP][PASSED] - Statement - counter = counter + 1: null

2018-12-13 13:36:20 - [TEST_STEP][PASSED] - Statement - PreSaveFile = new java.io.File(((pathPrefix + java.lang.Integer.toString(counter)) + .png)): null

2018-12-13 13:36:20 - [TEST_STEP][PASSED] - Statement - counter = counter + 1: null

2018-12-13 13:36:20 - [TEST_STEP][PASSED] - Statement - PreSaveFile = new java.io.File(((pathPrefix + java.lang.Integer.toString(counter)) + .png)): null

2018-12-13 13:36:20 - [TEST_STEP][PASSED] - Statement - counter = counter + 1: null

2018-12-13 13:36:20 - [TEST_STEP][PASSED] - Statement - PreSaveFile = new java.io.File(((pathPrefix + java.lang.Integer.toString(counter)) + .png)): null

2018-12-13 13:36:20 - [TEST_STEP][PASSED] - Statement - counter = counter + 1: null

2018-12-13 13:36:20 - [TEST_STEP][PASSED] - Statement - PreSaveFile = new java.io.File(((pathPrefix + java.lang.Integer.toString(counter)) + .png)): null

2018-12-13 13:36:20 - [TEST_STEP][PASSED] - Statement - counter = counter + 1: null

2018-12-13 13:36:20 - [TEST_STEP][PASSED] - Statement - PreSaveFile = new java.io.File(((pathPrefix + java.lang.Integer.toString(counter)) + .png)): null

2018-12-13 13:36:20 - [TEST_STEP][PASSED] - Statement - counter = counter + 1: null

2018-12-13 13:36:20 - [TEST_STEP][PASSED] - Statement - PreSaveFile = new java.io.File(((pathPrefix + java.lang.Integer.toString(counter)) + .png)): null

2018-12-13 13:36:20 - [TEST_STEP][PASSED] - Statement - counter = counter + 1: null

2018-12-13 13:36:20 - [TEST_STEP][PASSED] - Statement - PreSaveFile = new java.io.File(((pathPrefix + java.lang.Integer.toString(counter)) + .png)): null

2018-12-13 13:36:20 - [TEST_STEP][PASSED] - Statement - counter = counter + 1: null

2018-12-13 13:36:20 - [TEST_STEP][PASSED] - Statement - PreSaveFile = new java.io.File(((pathPrefix + java.lang.Integer.toString(counter)) + .png)): null

2018-12-13 13:36:20 - [TEST_STEP][PASSED] - Statement - counter = counter + 1: null

2018-12-13 13:36:20 - [TEST_STEP][PASSED] - Statement - PreSaveFile = new java.io.File(((pathPrefix + java.lang.Integer.toString(counter)) + .png)): null

2018-12-13 13:36:20 - [TEST_STEP][PASSED] - Statement - counter = counter + 1: null

2018-12-13 13:36:20 - [TEST_STEP][PASSED] - Statement - PreSaveFile = new java.io.File(((pathPrefix + java.lang.Integer.toString(counter)) + .png)): null

2018-12-13 13:36:20 - [TEST_STEP][PASSED] - Statement - counter = counter + 1: null

2018-12-13 13:36:20 - [TEST_STEP][PASSED] - Statement - PreSaveFile = new java.io.File(((pathPrefix + java.lang.Integer.toString(counter)) + .png)): null

2018-12-13 13:36:20 - [TEST_STEP][PASSED] - Statement - counter = counter + 1: null

2018-12-13 13:36:20 - [TEST_STEP][PASSED] - Statement - PreSaveFile = new java.io.File(((pathPrefix + java.lang.Integer.toString(counter)) + .png)): null

2018-12-13 13:36:20 - [TEST_STEP][PASSED] - Statement - counter = counter + 1: null

2018-12-13 13:36:20 - [TEST_STEP][PASSED] - Statement - PreSaveFile = new java.io.File(((pathPrefix + java.lang.Integer.toString(counter)) + .png)): null

2018-12-13 13:36:20 - [TEST_STEP][PASSED] - Statement - counter = counter + 1: null

2018-12-13 13:36:20 - [TEST_STEP][PASSED] - Statement - PreSaveFile = new java.io.File(((pathPrefix + java.lang.Integer.toString(counter)) + .png)): null

2018-12-13 13:36:20 - [TEST_STEP][PASSED] - Statement - counter = counter + 1: null

2018-12-13 13:36:20 - [TEST_STEP][PASSED] - Statement - PreSaveFile = new java.io.File(((pathPrefix + java.lang.Integer.toString(counter)) + .png)): null

2018-12-13 13:36:20 - [TEST_STEP][PASSED] - Statement - counter = counter + 1: null

2018-12-13 13:36:20 - [TEST_STEP][PASSED] - Statement - PreSaveFile = new java.io.File(((pathPrefix + java.lang.Integer.toString(counter)) + .png)): null

2018-12-13 13:36:20 - [TEST_STEP][PASSED] - Statement - counter = counter + 1: null

2018-12-13 13:36:20 - [TEST_STEP][PASSED] - Statement - PreSaveFile = new java.io.File(((pathPrefix + java.lang.Integer.toString(counter)) + .png)): null

2018-12-13 13:36:20 - [TEST_STEP][PASSED] - Statement - counter = counter + 1: null

2018-12-13 13:36:20 - [TEST_STEP][PASSED] - Statement - PreSaveFile = new java.io.File(((pathPrefix + java.lang.Integer.toString(counter)) + .png)): null

2018-12-13 13:36:20 - [TEST_STEP][PASSED] - Statement - counter = counter + 1: null

2018-12-13 13:36:20 - [TEST_STEP][PASSED] - Statement - PreSaveFile = new java.io.File(((pathPrefix + java.lang.Integer.toString(counter)) + .png)): null

2018-12-13 13:36:20 - [TEST_STEP][PASSED] - Statement - counter = counter + 1: null

2018-12-13 13:36:20 - [TEST_STEP][PASSED] - Statement - PreSaveFile = new java.io.File(((pathPrefix + java.lang.Integer.toString(counter)) + .png)): null

2018-12-13 13:36:20 - [TEST_STEP][PASSED] - Statement - counter = counter + 1: null

2018-12-13 13:36:20 - [TEST_STEP][PASSED] - Statement - PreSaveFile = new java.io.File(((pathPrefix + java.lang.Integer.toString(counter)) + .png)): null

2018-12-13 13:36:20 - [TEST_STEP][PASSED] - Statement - counter = counter + 1: null

2018-12-13 13:36:20 - [TEST_STEP][PASSED] - Statement - PreSaveFile = new java.io.File(((pathPrefix + java.lang.Integer.toString(counter)) + .png)): null

2018-12-13 13:36:20 - [TEST_STEP][PASSED] - Statement - counter = counter + 1: null

2018-12-13 13:36:20 - [TEST_STEP][PASSED] - Statement - PreSaveFile = new java.io.File(((pathPrefix + java.lang.Integer.toString(counter)) + .png)): null

2018-12-13 13:36:20 - [TEST_STEP][PASSED] - Statement - counter = counter + 1: null

2018-12-13 13:36:20 - [TEST_STEP][PASSED] - Statement - PreSaveFile = new java.io.File(((pathPrefix + java.lang.Integer.toString(counter)) + .png)): null

2018-12-13 13:36:20 - [TEST_STEP][PASSED] - Statement - counter = counter + 1: null

2018-12-13 13:36:20 - [TEST_STEP][PASSED] - Statement - PreSaveFile = new java.io.File(((pathPrefix + java.lang.Integer.toString(counter)) + .png)): null

2018-12-13 13:36:20 - [TEST_STEP][PASSED] - Statement - counter = counter + 1: null

2018-12-13 13:36:20 - [TEST_STEP][PASSED] - Statement - PreSaveFile = new java.io.File(((pathPrefix + java.lang.Integer.toString(counter)) + .png)): null

2018-12-13 13:36:20 - [TEST_STEP][PASSED] - Statement - counter = counter + 1: null

2018-12-13 13:36:20 - [TEST_STEP][PASSED] - Statement - PreSaveFile = new java.io.File(((pathPrefix + java.lang.Integer.toString(counter)) + .png)): null

2018-12-13 13:36:20 - [TEST_STEP][PASSED] - Statement - counter = counter + 1: null

2018-12-13 13:36:20 - [TEST_STEP][PASSED] - Statement - PreSaveFile = new java.io.File(((pathPrefix + java.lang.Integer.toString(counter)) + .png)): null

2018-12-13 13:36:20 - [TEST_STEP][PASSED] - Statement - counter = counter + 1: null

2018-12-13 13:36:20 - [TEST_STEP][PASSED] - Statement - PreSaveFile = new java.io.File(((pathPrefix + java.lang.Integer.toString(counter)) + .png)): null

2018-12-13 13:36:20 - [TEST_STEP][PASSED] - Statement - counter = counter + 1: null

2018-12-13 13:36:20 - [TEST_STEP][PASSED] - Statement - PreSaveFile = new java.io.File(((pathPrefix + java.lang.Integer.toString(counter)) + .png)): null

2018-12-13 13:36:20 - [TEST_STEP][PASSED] - Statement - counter = counter + 1: null

2018-12-13 13:36:20 - [TEST_STEP][PASSED] - Statement - PreSaveFile = new java.io.File(((pathPrefix + java.lang.Integer.toString(counter)) + .png)): null

2018-12-13 13:36:20 - [TEST_STEP][PASSED] - Statement - counter = counter + 1: null

2018-12-13 13:36:20 - [TEST_STEP][PASSED] - Statement - PreSaveFile = new java.io.File(((pathPrefix + java.lang.Integer.toString(counter)) + .png)): null

2018-12-13 13:36:20 - [TEST_STEP][PASSED] - Statement - counter = counter + 1: null

2018-12-13 13:36:20 - [TEST_STEP][PASSED] - Statement - PreSaveFile = new java.io.File(((pathPrefix + java.lang.Integer.toString(counter)) + .png)): null

2018-12-13 13:36:20 - [TEST_STEP][PASSED] - Statement - counter = counter + 1: null

2018-12-13 13:36:20 - [TEST_STEP][PASSED] - Statement - PreSaveFile = new java.io.File(((pathPrefix + java.lang.Integer.toString(counter)) + .png)): null

2018-12-13 13:36:20 - [TEST_STEP][PASSED] - Statement - counter = counter + 1: null

2018-12-13 13:36:20 - [TEST_STEP][PASSED] - Statement - PreSaveFile = new java.io.File(((pathPrefix + java.lang.Integer.toString(counter)) + .png)): null

2018-12-13 13:36:20 - [TEST_STEP][PASSED] - Statement - counter = counter + 1: null

2018-12-13 13:36:20 - [TEST_STEP][PASSED] - Statement - PreSaveFile = new java.io.File(((pathPrefix + java.lang.Integer.toString(counter)) + .png)): null

2018-12-13 13:36:20 - [TEST_STEP][PASSED] - Statement - counter = counter + 1: null

2018-12-13 13:36:20 - [TEST_STEP][PASSED] - Statement - PreSaveFile = new java.io.File(((pathPrefix + java.lang.Integer.toString(counter)) + .png)): null

2018-12-13 13:36:20 - [TEST_STEP][PASSED] - Statement - counter = counter + 1: null

2018-12-13 13:36:20 - [TEST_STEP][PASSED] - Statement - PreSaveFile = new java.io.File(((pathPrefix + java.lang.Integer.toString(counter)) + .png)): null

2018-12-13 13:36:20 - [TEST_STEP][PASSED] - Statement - counter = counter + 1: null

2018-12-13 13:36:20 - [TEST_STEP][PASSED] - Statement - PreSaveFile = new java.io.File(((pathPrefix + java.lang.Integer.toString(counter)) + .png)): null

2018-12-13 13:36:20 - [TEST_STEP][PASSED] - Statement - counter = counter + 1: null

2018-12-13 13:36:20 - [TEST_STEP][PASSED] - Statement - PreSaveFile = new java.io.File(((pathPrefix + java.lang.Integer.toString(counter)) + .png)): null

2018-12-13 13:36:20 - [TEST_STEP][PASSED] - Statement - counter = counter + 1: null

2018-12-13 13:36:20 - [TEST_STEP][PASSED] - Statement - PreSaveFile = new java.io.File(((pathPrefix + java.lang.Integer.toString(counter)) + .png)): null

2018-12-13 13:36:20 - [TEST_STEP][PASSED] - Statement - counter = counter + 1: null

2018-12-13 13:36:20 - [TEST_STEP][PASSED] - Statement - PreSaveFile = new java.io.File(((pathPrefix + java.lang.Integer.toString(counter)) + .png)): null

2018-12-13 13:36:20 - [TEST_STEP][PASSED] - Statement - counter = counter + 1: null

2018-12-13 13:36:20 - [TEST_STEP][PASSED] - Statement - PreSaveFile = new java.io.File(((pathPrefix + java.lang.Integer.toString(counter)) + .png)): null

2018-12-13 13:36:20 - [TEST_STEP][PASSED] - Statement - counter = counter + 1: null

2018-12-13 13:36:20 - [TEST_STEP][PASSED] - Statement - PreSaveFile = new java.io.File(((pathPrefix + java.lang.Integer.toString(counter)) + .png)): null

2018-12-13 13:36:20 - [TEST_STEP][PASSED] - Statement - counter = counter + 1: null

2018-12-13 13:36:20 - [TEST_STEP][PASSED] - Statement - PreSaveFile = new java.io.File(((pathPrefix + java.lang.Integer.toString(counter)) + .png)): null

2018-12-13 13:36:20 - [TEST_STEP][PASSED] - Statement - counter = counter + 1: null

2018-12-13 13:36:20 - [TEST_STEP][PASSED] - Statement - PreSaveFile = new java.io.File(((pathPrefix + java.lang.Integer.toString(counter)) + .png)): null

2018-12-13 13:36:20 - [TEST_STEP][PASSED] - Statement - counter = counter + 1: null

2018-12-13 13:36:20 - [TEST_STEP][PASSED] - Statement - PreSaveFile = new java.io.File(((pathPrefix + java.lang.Integer.toString(counter)) + .png)): null

2018-12-13 13:36:20 - [TEST_STEP][PASSED] - Statement - counter = counter + 1: null

2018-12-13 13:36:20 - [TEST_STEP][PASSED] - Statement - PreSaveFile = new java.io.File(((pathPrefix + java.lang.Integer.toString(counter)) + .png)): null

2018-12-13 13:36:20 - [TEST_STEP][PASSED] - Statement - counter = counter + 1: null

2018-12-13 13:36:20 - [TEST_STEP][PASSED] - Statement - PreSaveFile = new java.io.File(((pathPrefix + java.lang.Integer.toString(counter)) + .png)): null

2018-12-13 13:36:20 - [TEST_STEP][PASSED] - Statement - counter = counter + 1: null

2018-12-13 13:36:20 - [TEST_STEP][PASSED] - Statement - PreSaveFile = new java.io.File(((pathPrefix + java.lang.Integer.toString(counter)) + .png)): null

2018-12-13 13:36:20 - [TEST_STEP][PASSED] - Statement - counter = counter + 1: null

2018-12-13 13:36:20 - [TEST_STEP][PASSED] - Statement - PreSaveFile = new java.io.File(((pathPrefix + java.lang.Integer.toString(counter)) + .png)): null

2018-12-13 13:36:20 - [TEST_STEP][PASSED] - Statement - counter = counter + 1: null

2018-12-13 13:36:20 - [TEST_STEP][PASSED] - Statement - PreSaveFile = new java.io.File(((pathPrefix + java.lang.Integer.toString(counter)) + .png)): null

2018-12-13 13:36:20 - [TEST_STEP][PASSED] - Statement - counter = counter + 1: null

2018-12-13 13:36:20 - [TEST_STEP][PASSED] - Statement - PreSaveFile = new java.io.File(((pathPrefix + java.lang.Integer.toString(counter)) + .png)): null

2018-12-13 13:36:20 - [TEST_STEP][PASSED] - Statement - counter = counter + 1: null

2018-12-13 13:36:20 - [TEST_STEP][PASSED] - Statement - PreSaveFile = new java.io.File(((pathPrefix + java.lang.Integer.toString(counter)) + .png)): null

2018-12-13 13:36:20 - [TEST_STEP][PASSED] - Statement - counter = counter + 1: null

2018-12-13 13:36:20 - [TEST_STEP][PASSED] - Statement - PreSaveFile = new java.io.File(((pathPrefix + java.lang.Integer.toString(counter)) + .png)): null

2018-12-13 13:36:20 - [TEST_STEP][PASSED] - Statement - counter = counter + 1: null

2018-12-13 13:36:20 - [TEST_STEP][PASSED] - Statement - PreSaveFile = new java.io.File(((pathPrefix + java.lang.Integer.toString(counter)) + .png)): null

2018-12-13 13:36:20 - [TEST_STEP][PASSED] - Statement - counter = counter + 1: null

2018-12-13 13:36:20 - [TEST_STEP][PASSED] - Statement - PreSaveFile = new java.io.File(((pathPrefix + java.lang.Integer.toString(counter)) + .png)): null

2018-12-13 13:36:20 - [TEST_STEP][PASSED] - Statement - counter = counter + 1: null

2018-12-13 13:36:20 - [TEST_STEP][PASSED] - Statement - PreSaveFile = new java.io.File(((pathPrefix + java.lang.Integer.toString(counter)) + .png)): null

2018-12-13 13:36:20 - [TEST_STEP][PASSED] - Statement - counter = counter + 1: null

2018-12-13 13:36:20 - [TEST_STEP][PASSED] - Statement - PreSaveFile = new java.io.File(((pathPrefix + java.lang.Integer.toString(counter)) + .png)): null

2018-12-13 13:36:20 - [TEST_STEP][PASSED] - Statement - counter = counter + 1: null

2018-12-13 13:36:20 - [TEST_STEP][PASSED] - Statement - PreSaveFile = new java.io.File(((pathPrefix + java.lang.Integer.toString(counter)) + .png)): null

2018-12-13 13:36:20 - [TEST_STEP][PASSED] - Statement - counter = counter + 1: null

2018-12-13 13:36:20 - [TEST_STEP][PASSED] - Statement - PreSaveFile = new java.io.File(((pathPrefix + java.lang.Integer.toString(counter)) + .png)): null

2018-12-13 13:36:20 - [TEST_STEP][PASSED] - Statement - counter = counter + 1: null

2018-12-13 13:36:20 - [TEST_STEP][PASSED] - Statement - PreSaveFile = new java.io.File(((pathPrefix + java.lang.Integer.toString(counter)) + .png)): null

2018-12-13 13:36:20 - [TEST_STEP][PASSED] - Statement - counter = counter + 1: null

2018-12-13 13:36:20 - [TEST_STEP][PASSED] - Statement - PreSaveFile = new java.io.File(((pathPrefix + java.lang.Integer.toString(counter)) + .png)): null

2018-12-13 13:36:20 - [TEST_STEP][PASSED] - Statement - counter = counter + 1: null

2018-12-13 13:36:20 - [TEST_STEP][PASSED] - Statement - PreSaveFile = new java.io.File(((pathPrefix + java.lang.Integer.toString(counter)) + .png)): null

2018-12-13 13:36:20 - [TEST_STEP][PASSED] - Statement - counter = counter + 1: null

2018-12-13 13:36:20 - [TEST_STEP][PASSED] - Statement - PreSaveFile = new java.io.File(((pathPrefix + java.lang.Integer.toString(counter)) + .png)): null

2018-12-13 13:36:20 - [TEST_STEP][PASSED] - Statement - counter = counter + 1: null

2018-12-13 13:36:20 - [TEST_STEP][PASSED] - Statement - PreSaveFile = new java.io.File(((pathPrefix + java.lang.Integer.toString(counter)) + .png)): null

2018-12-13 13:36:20 - [TEST_STEP][PASSED] - Statement - counter = counter + 1: null

2018-12-13 13:36:20 - [TEST_STEP][PASSED] - Statement - PreSaveFile = new java.io.File(((pathPrefix + java.lang.Integer.toString(counter)) + .png)): null

2018-12-13 13:36:20 - [TEST_STEP][PASSED] - Statement - counter = counter + 1: null

2018-12-13 13:36:20 - [TEST_STEP][PASSED] - Statement - PreSaveFile = new java.io.File(((pathPrefix + java.lang.Integer.toString(counter)) + .png)): null

2018-12-13 13:36:20 - [TEST_STEP][PASSED] - Statement - counter = counter + 1: null

2018-12-13 13:36:20 - [TEST_STEP][PASSED] - Statement - PreSaveFile = new java.io.File(((pathPrefix + java.lang.Integer.toString(counter)) + .png)): null

2018-12-13 13:36:20 - [TEST_STEP][PASSED] - Statement - counter = counter + 1: null

2018-12-13 13:36:20 - [TEST_STEP][PASSED] - Statement - PreSaveFile = new java.io.File(((pathPrefix + java.lang.Integer.toString(counter)) + .png)): null

2018-12-13 13:36:20 - [TEST_STEP][PASSED] - Statement - counter = counter + 1: null

2018-12-13 13:36:20 - [TEST_STEP][PASSED] - Statement - PreSaveFile = new java.io.File(((pathPrefix + java.lang.Integer.toString(counter)) + .png)): null

2018-12-13 13:36:20 - [TEST_STEP][PASSED] - Statement - counter = counter + 1: null

2018-12-13 13:36:20 - [TEST_STEP][PASSED] - Statement - PreSaveFile = new java.io.File(((pathPrefix + java.lang.Integer.toString(counter)) + .png)): null

2018-12-13 13:36:20 - [TEST_STEP][PASSED] - Statement - counter = counter + 1: null

2018-12-13 13:36:20 - [TEST_STEP][PASSED] - Statement - PreSaveFile = new java.io.File(((pathPrefix + java.lang.Integer.toString(counter)) + .png)): null

2018-12-13 13:36:20 - [TEST_STEP][PASSED] - Statement - counter = counter + 1: null

2018-12-13 13:36:20 - [TEST_STEP][PASSED] - Statement - PreSaveFile = new java.io.File(((pathPrefix + java.lang.Integer.toString(counter)) + .png)): null

2018-12-13 13:36:20 - [TEST_STEP][PASSED] - Statement - counter = counter + 1: null

2018-12-13 13:36:20 - [TEST_STEP][PASSED] - Statement - PreSaveFile = new java.io.File(((pathPrefix + java.lang.Integer.toString(counter)) + .png)): null

2018-12-13 13:36:20 - [TEST_STEP][PASSED] - Statement - counter = counter + 1: null

2018-12-13 13:36:20 - [TEST_STEP][PASSED] - Statement - PreSaveFile = new java.io.File(((pathPrefix + java.lang.Integer.toString(counter)) + .png)): null

2018-12-13 13:36:20 - [TEST_STEP][PASSED] - Statement - counter = counter + 1: null

2018-12-13 13:36:20 - [TEST_STEP][PASSED] - Statement - PreSaveFile = new java.io.File(((pathPrefix + java.lang.Integer.toString(counter)) + .png)): null

2018-12-13 13:36:20 - [TEST_STEP][PASSED] - Statement - counter = counter + 1: null

2018-12-13 13:36:20 - [TEST_STEP][PASSED] - Statement - PreSaveFile = new java.io.File(((pathPrefix + java.lang.Integer.toString(counter)) + .png)): null

2018-12-13 13:36:20 - [TEST_STEP][PASSED] - Statement - counter = counter + 1: null

2018-12-13 13:36:20 - [TEST_STEP][PASSED] - Statement - PreSaveFile = new java.io.File(((pathPrefix + java.lang.Integer.toString(counter)) + .png)): null

2018-12-13 13:36:20 - [TEST_STEP][PASSED] - Statement - counter = counter + 1: null

2018-12-13 13:36:20 - [TEST_STEP][PASSED] - Statement - PreSaveFile = new java.io.File(((pathPrefix + java.lang.Integer.toString(counter)) + .png)): null

2018-12-13 13:36:20 - [TEST_STEP][PASSED] - Statement - counter = counter + 1: null

2018-12-13 13:36:20 - [TEST_STEP][PASSED] - Statement - PreSaveFile = new java.io.File(((pathPrefix + java.lang.Integer.toString(counter)) + .png)): null

2018-12-13 13:36:20 - [TEST_STEP][PASSED] - Statement - counter = counter + 1: null

2018-12-13 13:36:20 - [TEST_STEP][PASSED] - Statement - PreSaveFile = new java.io.File(((pathPrefix + java.lang.Integer.toString(counter)) + .png)): null

2018-12-13 13:36:20 - [TEST_STEP][PASSED] - Statement - counter = counter + 1: null

2018-12-13 13:36:20 - [TEST_STEP][PASSED] - Statement - PreSaveFile = new java.io.File(((pathPrefix + java.lang.Integer.toString(counter)) + .png)): null

2018-12-13 13:36:20 - [TEST_STEP][PASSED] - Statement - counter = counter + 1: null

2018-12-13 13:36:20 - [TEST_STEP][PASSED] - Statement - PreSaveFile = new java.io.File(((pathPrefix + java.lang.Integer.toString(counter)) + .png)): null

2018-12-13 13:36:20 - [TEST_STEP][PASSED] - Statement - counter = counter + 1: null

2018-12-13 13:36:20 - [TEST_STEP][PASSED] - Statement - PreSaveFile = new java.io.File(((pathPrefix + java.lang.Integer.toString(counter)) + .png)): null

2018-12-13 13:36:20 - [TEST_STEP][PASSED] - Statement - counter = counter + 1: null

2018-12-13 13:36:20 - [TEST_STEP][PASSED] - Statement - PreSaveFile = new java.io.File(((pathPrefix + java.lang.Integer.toString(counter)) + .png)): null

2018-12-13 13:36:20 - [TEST_STEP][PASSED] - Statement - counter = counter + 1: null

2018-12-13 13:36:20 - [TEST_STEP][PASSED] - Statement - PreSaveFile = new java.io.File(((pathPrefix + java.lang.Integer.toString(counter)) + .png)): null

2018-12-13 13:36:20 - [TEST_STEP][PASSED] - Statement - counter = counter + 1: null

2018-12-13 13:36:20 - [TEST_STEP][PASSED] - Statement - PreSaveFile = new java.io.File(((pathPrefix + java.lang.Integer.toString(counter)) + .png)): null

2018-12-13 13:36:20 - [TEST_STEP][PASSED] - Statement - counter = counter + 1: null

2018-12-13 13:36:20 - [TEST_STEP][PASSED] - Statement - PreSaveFile = new java.io.File(((pathPrefix + java.lang.Integer.toString(counter)) + .png)): null

2018-12-13 13:36:20 - [TEST_STEP][PASSED] - Statement - counter = counter + 1: null

2018-12-13 13:36:20 - [TEST_STEP][PASSED] - Statement - PreSaveFile = new java.io.File(((pathPrefix + java.lang.Integer.toString(counter)) + .png)): null

2018-12-13 13:36:20 - [TEST_STEP][PASSED] - Statement - counter = counter + 1: null

2018-12-13 13:36:20 - [TEST_STEP][PASSED] - Statement - PreSaveFile = new java.io.File(((pathPrefix + java.lang.Integer.toString(counter)) + .png)): null

2018-12-13 13:36:20 - [TEST_STEP][PASSED] - Statement - counter = counter + 1: null

2018-12-13 13:36:20 - [TEST_STEP][PASSED] - Statement - PreSaveFile = new java.io.File(((pathPrefix + java.lang.Integer.toString(counter)) + .png)): null

2018-12-13 13:36:20 - [TEST_STEP][PASSED] - Statement - counter = counter + 1: null

2018-12-13 13:36:20 - [TEST_STEP][PASSED] - Statement - PreSaveFile = new java.io.File(((pathPrefix + java.lang.Integer.toString(counter)) + .png)): null

2018-12-13 13:36:20 - [TEST_STEP][PASSED] - Statement - counter = counter + 1: null

2018-12-13 13:36:20 - [TEST_STEP][PASSED] - Statement - PreSaveFile = new java.io.File(((pathPrefix + java.lang.Integer.toString(counter)) + .png)): null

2018-12-13 13:36:20 - [TEST_STEP][PASSED] - Statement - counter = counter + 1: null

2018-12-13 13:36:20 - [TEST_STEP][PASSED] - Statement - PreSaveFile = new java.io.File(((pathPrefix + java.lang.Integer.toString(counter)) + .png)): null

2018-12-13 13:36:20 - [TEST_STEP][PASSED] - Statement - counter = counter + 1: null

2018-12-13 13:36:20 - [TEST_STEP][PASSED] - Statement - PreSaveFile = new java.io.File(((pathPrefix + java.lang.Integer.toString(counter)) + .png)): null

2018-12-13 13:36:20 - [TEST_STEP][PASSED] - Statement - counter = counter + 1: null

2018-12-13 13:36:20 - [TEST_STEP][PASSED] - Statement - PreSaveFile = new java.io.File(((pathPrefix + java.lang.Integer.toString(counter)) + .png)): null

2018-12-13 13:36:20 - [TEST_STEP][PASSED] - Statement - counter = counter + 1: null

2018-12-13 13:36:20 - [TEST_STEP][PASSED] - Statement - PreSaveFile = new java.io.File(((pathPrefix + java.lang.Integer.toString(counter)) + .png)): null

2018-12-13 13:36:20 - [TEST_STEP][PASSED] - Statement - counter = counter + 1: null

2018-12-13 13:36:20 - [TEST_STEP][PASSED] - Statement - PreSaveFile = new java.io.File(((pathPrefix + java.lang.Integer.toString(counter)) + .png)): null

2018-12-13 13:36:20 - [TEST_STEP][PASSED] - Statement - counter = counter + 1: null

2018-12-13 13:36:20 - [TEST_STEP][PASSED] - Statement - PreSaveFile = new java.io.File(((pathPrefix + java.lang.Integer.toString(counter)) + .png)): null

2018-12-13 13:36:20 - [TEST_STEP][PASSED] - Statement - counter = counter + 1: null

2018-12-13 13:36:20 - [TEST_STEP][PASSED] - Statement - PreSaveFile = new java.io.File(((pathPrefix + java.lang.Integer.toString(counter)) + .png)): null

2018-12-13 13:36:20 - [TEST_STEP][PASSED] - Statement - counter = counter + 1: null

2018-12-13 13:36:20 - [TEST_STEP][PASSED] - Statement - PreSaveFile = new java.io.File(((pathPrefix + java.lang.Integer.toString(counter)) + .png)): null

2018-12-13 13:36:20 - [TEST_STEP][PASSED] - Statement - counter = counter + 1: null

2018-12-13 13:36:20 - [TEST_STEP][PASSED] - Statement - PreSaveFile = new java.io.File(((pathPrefix + java.lang.Integer.toString(counter)) + .png)): null

2018-12-13 13:36:20 - [TEST_STEP][PASSED] - Statement - counter = counter + 1: null

2018-12-13 13:36:20 - [TEST_STEP][PASSED] - Statement - PreSaveFile = new java.io.File(((pathPrefix + java.lang.Integer.toString(counter)) + .png)): null

2018-12-13 13:36:20 - [TEST_STEP][PASSED] - Statement - counter = counter + 1: null

2018-12-13 13:36:20 - [TEST_STEP][PASSED] - Statement - PreSaveFile = new java.io.File(((pathPrefix + java.lang.Integer.toString(counter)) + .png)): null

2018-12-13 13:36:20 - [TEST_STEP][PASSED] - Statement - counter = counter + 1: null

2018-12-13 13:36:20 - [TEST_STEP][PASSED] - Statement - PreSaveFile = new java.io.File(((pathPrefix + java.lang.Integer.toString(counter)) + .png)): null

2018-12-13 13:36:20 - [TEST_STEP][PASSED] - Statement - counter = counter + 1: null

2018-12-13 13:36:20 - [TEST_STEP][PASSED] - Statement - PreSaveFile = new java.io.File(((pathPrefix + java.lang.Integer.toString(counter)) + .png)): null

2018-12-13 13:36:20 - [TEST_STEP][PASSED] - Statement - counter = counter + 1: null

2018-12-13 13:36:20 - [TEST_STEP][PASSED] - Statement - PreSaveFile = new java.io.File(((pathPrefix + java.lang.Integer.toString(counter)) + .png)): null

2018-12-13 13:36:20 - [TEST_STEP][PASSED] - Statement - counter = counter + 1: null

2018-12-13 13:36:20 - [TEST_STEP][PASSED] - Statement - PreSaveFile = new java.io.File(((pathPrefix + java.lang.Integer.toString(counter)) + .png)): null

2018-12-13 13:36:20 - [TEST_STEP][PASSED] - Statement - counter = counter + 1: null

2018-12-13 13:36:20 - [TEST_STEP][PASSED] - Statement - PreSaveFile = new java.io.File(((pathPrefix + java.lang.Integer.toString(counter)) + .png)): null

2018-12-13 13:36:20 - [TEST_STEP][PASSED] - Statement - counter = counter + 1: null

2018-12-13 13:36:20 - [TEST_STEP][PASSED] - Statement - PreSaveFile = new java.io.File(((pathPrefix + java.lang.Integer.toString(counter)) + .png)): null

2018-12-13 13:36:20 - [TEST_STEP][PASSED] - Statement - counter = counter + 1: null

2018-12-13 13:36:20 - [TEST_STEP][PASSED] - Statement - PreSaveFile = new java.io.File(((pathPrefix + java.lang.Integer.toString(counter)) + .png)): null

2018-12-13 13:36:20 - [TEST_STEP][PASSED] - Statement - counter = counter + 1: null

2018-12-13 13:36:20 - [TEST_STEP][PASSED] - Statement - PreSaveFile = new java.io.File(((pathPrefix + java.lang.Integer.toString(counter)) + .png)): null

2018-12-13 13:36:20 - [TEST_STEP][PASSED] - Statement - counter = counter + 1: null

2018-12-13 13:36:20 - [TEST_STEP][PASSED] - Statement - PreSaveFile = new java.io.File(((pathPrefix + java.lang.Integer.toString(counter)) + .png)): null

2018-12-13 13:36:20 - [TEST_STEP][PASSED] - Statement - counter = counter + 1: null

2018-12-13 13:36:20 - [TEST_STEP][PASSED] - Statement - PreSaveFile = new java.io.File(((pathPrefix + java.lang.Integer.toString(counter)) + .png)): null

2018-12-13 13:36:20 - [TEST_STEP][PASSED] - Statement - counter = counter + 1: null

2018-12-13 13:36:20 - [TEST_STEP][PASSED] - Statement - PreSaveFile = new java.io.File(((pathPrefix + java.lang.Integer.toString(counter)) + .png)): null

2018-12-13 13:36:20 - [TEST_STEP][PASSED] - Statement - counter = counter + 1: null

2018-12-13 13:36:20 - [TEST_STEP][PASSED] - Statement - PreSaveFile = new java.io.File(((pathPrefix + java.lang.Integer.toString(counter)) + .png)): null

2018-12-13 13:36:20 - [TEST_STEP][PASSED] - Statement - counter = counter + 1: null

2018-12-13 13:36:20 - [TEST_STEP][PASSED] - Statement - PreSaveFile = new java.io.File(((pathPrefix + java.lang.Integer.toString(counter)) + .png)): null

2018-12-13 13:36:20 - [TEST_STEP][PASSED] - Statement - counter = counter + 1: null

2018-12-13 13:36:20 - [TEST_STEP][PASSED] - Statement - PreSaveFile = new java.io.File(((pathPrefix + java.lang.Integer.toString(counter)) + .png)): null

2018-12-13 13:36:20 - [TEST_STEP][PASSED] - Statement - counter = counter + 1: null

2018-12-13 13:36:20 - [TEST_STEP][PASSED] - Statement - PreSaveFile = new java.io.File(((pathPrefix + java.lang.Integer.toString(counter)) + .png)): null

2018-12-13 13:36:20 - [TEST_STEP][PASSED] - Statement - counter = counter + 1: null

2018-12-13 13:36:20 - [TEST_STEP][PASSED] - Statement - PreSaveFile = new java.io.File(((pathPrefix + java.lang.Integer.toString(counter)) + .png)): null

2018-12-13 13:36:20 - [TEST_STEP][PASSED] - Statement - counter = counter + 1: null

2018-12-13 13:36:20 - [TEST_STEP][PASSED] - Statement - PreSaveFile = new java.io.File(((pathPrefix + java.lang.Integer.toString(counter)) + .png)): null

2018-12-13 13:36:20 - [TEST_STEP][PASSED] - Statement - counter = counter + 1: null

2018-12-13 13:36:20 - [TEST_STEP][PASSED] - Statement - PreSaveFile = new java.io.File(((pathPrefix + java.lang.Integer.toString(counter)) + .png)): null

2018-12-13 13:36:20 - [TEST_STEP][PASSED] - Statement - counter = counter + 1: null

2018-12-13 13:36:20 - [TEST_STEP][PASSED] - Statement - PreSaveFile = new java.io.File(((pathPrefix + java.lang.Integer.toString(counter)) + .png)): null

2018-12-13 13:36:20 - [TEST_STEP][PASSED] - Statement - counter = counter + 1: null

2018-12-13 13:36:20 - [TEST_STEP][PASSED] - Statement - PreSaveFile = new java.io.File(((pathPrefix + java.lang.Integer.toString(counter)) + .png)): null

2018-12-13 13:36:20 - [TEST_STEP][PASSED] - Statement - counter = counter + 1: null

2018-12-13 13:36:20 - [TEST_STEP][PASSED] - Statement - PreSaveFile = new java.io.File(((pathPrefix + java.lang.Integer.toString(counter)) + .png)): null

2018-12-13 13:36:20 - [TEST_STEP][PASSED] - Statement - counter = counter + 1: null

2018-12-13 13:36:20 - [TEST_STEP][PASSED] - Statement - PreSaveFile = new java.io.File(((pathPrefix + java.lang.Integer.toString(counter)) + .png)): null

2018-12-13 13:36:20 - [TEST_STEP][PASSED] - Statement - counter = counter + 1: null

2018-12-13 13:36:20 - [TEST_STEP][PASSED] - Statement - PreSaveFile = new java.io.File(((pathPrefix + java.lang.Integer.toString(counter)) + .png)): null

2018-12-13 13:36:20 - [TEST_STEP][PASSED] - Statement - counter = counter + 1: null

2018-12-13 13:36:20 - [TEST_STEP][PASSED] - Statement - PreSaveFile = new java.io.File(((pathPrefix + java.lang.Integer.toString(counter)) + .png)): null

2018-12-13 13:36:20 - [TEST_STEP][PASSED] - Statement - counter = counter + 1: null

2018-12-13 13:36:20 - [TEST_STEP][PASSED] - Statement - PreSaveFile = new java.io.File(((pathPrefix + java.lang.Integer.toString(counter)) + .png)): null

2018-12-13 13:36:20 - [TEST_STEP][PASSED] - Statement - counter = counter + 1: null

2018-12-13 13:36:20 - [TEST_STEP][PASSED] - Statement - PreSaveFile = new java.io.File(((pathPrefix + java.lang.Integer.toString(counter)) + .png)): null

2018-12-13 13:36:20 - [TEST_STEP][PASSED] - Statement - counter = counter + 1: null

2018-12-13 13:36:20 - [TEST_STEP][PASSED] - Statement - PreSaveFile = new java.io.File(((pathPrefix + java.lang.Integer.toString(counter)) + .png)): null

2018-12-13 13:36:20 - [TEST_STEP][PASSED] - Statement - counter = counter + 1: null

2018-12-13 13:36:20 - [TEST_STEP][PASSED] - Statement - PreSaveFile = new java.io.File(((pathPrefix + java.lang.Integer.toString(counter)) + .png)): null

2018-12-13 13:36:20 - [TEST_STEP][PASSED] - Statement - counter = counter + 1: null

2018-12-13 13:36:20 - [TEST_STEP][PASSED] - Statement - PreSaveFile = new java.io.File(((pathPrefix + java.lang.Integer.toString(counter)) + .png)): null

2018-12-13 13:36:20 - [TEST_STEP][PASSED] - Statement - counter = counter + 1: null

2018-12-13 13:36:20 - [TEST_STEP][PASSED] - Statement - PreSaveFile = new java.io.File(((pathPrefix + java.lang.Integer.toString(counter)) + .png)): null

2018-12-13 13:36:20 - [TEST_STEP][PASSED] - Statement - counter = counter + 1: null

2018-12-13 13:36:20 - [TEST_STEP][PASSED] - Statement - PreSaveFile = new java.io.File(((pathPrefix + java.lang.Integer.toString(counter)) + .png)): null

2018-12-13 13:36:20 - [TEST_STEP][PASSED] - Statement - counter = counter + 1: null

2018-12-13 13:36:20 - [TEST_STEP][PASSED] - Statement - PreSaveFile = new java.io.File(((pathPrefix + java.lang.Integer.toString(counter)) + .png)): null

2018-12-13 13:36:20 - [TEST_STEP][PASSED] - Statement - counter = counter + 1: null

2018-12-13 13:36:20 - [TEST_STEP][PASSED] - Statement - PreSaveFile = new java.io.File(((pathPrefix + java.lang.Integer.toString(counter)) + .png)): null

2018-12-13 13:36:20 - [TEST_STEP][PASSED] - Statement - counter = counter + 1: null

2018-12-13 13:36:20 - [TEST_STEP][PASSED] - Statement - PreSaveFile = new java.io.File(((pathPrefix + java.lang.Integer.toString(counter)) + .png)): null

2018-12-13 13:36:20 - [TEST_STEP][PASSED] - Statement - counter = counter + 1: null

2018-12-13 13:36:20 - [TEST_STEP][PASSED] - Statement - PreSaveFile = new java.io.File(((pathPrefix + java.lang.Integer.toString(counter)) + .png)): null

2018-12-13 13:36:20 - [TEST_STEP][PASSED] - Statement - counter = counter + 1: null

2018-12-13 13:36:20 - [TEST_STEP][PASSED] - Statement - PreSaveFile = new java.io.File(((pathPrefix + java.lang.Integer.toString(counter)) + .png)): null

2018-12-13 13:36:20 - [TEST_STEP][PASSED] - Statement - counter = counter + 1: null

2018-12-13 13:36:20 - [TEST_STEP][PASSED] - Statement - PreSaveFile = new java.io.File(((pathPrefix + java.lang.Integer.toString(counter)) + .png)): null

2018-12-13 13:36:20 - [TEST_STEP][PASSED] - Statement - counter = counter + 1: null

2018-12-13 13:36:20 - [TEST_STEP][PASSED] - Statement - PreSaveFile = new java.io.File(((pathPrefix + java.lang.Integer.toString(counter)) + .png)): null

2018-12-13 13:36:20 - [TEST_STEP][PASSED] - Statement - counter = counter + 1: null

2018-12-13 13:36:20 - [TEST_STEP][PASSED] - Statement - PreSaveFile = new java.io.File(((pathPrefix + java.lang.Integer.toString(counter)) + .png)): null

2018-12-13 13:36:20 - [TEST_STEP][PASSED] - Statement - counter = counter + 1: null

2018-12-13 13:36:20 - [TEST_STEP][PASSED] - Statement - PreSaveFile = new java.io.File(((pathPrefix + java.lang.Integer.toString(counter)) + .png)): null

2018-12-13 13:36:20 - [TEST_STEP][PASSED] - Statement - counter = counter + 1: null

2018-12-13 13:36:20 - [TEST_STEP][PASSED] - Statement - PreSaveFile = new java.io.File(((pathPrefix + java.lang.Integer.toString(counter)) + .png)): null

2018-12-13 13:36:20 - [TEST_STEP][PASSED] - Statement - counter = counter + 1: null

2018-12-13 13:36:20 - [TEST_STEP][PASSED] - Statement - PreSaveFile = new java.io.File(((pathPrefix + java.lang.Integer.toString(counter)) + .png)): null

2018-12-13 13:36:20 - [TEST_STEP][PASSED] - Statement - counter = counter + 1: null

2018-12-13 13:36:20 - [TEST_STEP][PASSED] - Statement - PreSaveFile = new java.io.File(((pathPrefix + java.lang.Integer.toString(counter)) + .png)): null

2018-12-13 13:36:20 - [TEST_STEP][PASSED] - Statement - counter = counter + 1: null

2018-12-13 13:36:20 - [TEST_STEP][PASSED] - Statement - PreSaveFile = new java.io.File(((pathPrefix + java.lang.Integer.toString(counter)) + .png)): null

2018-12-13 13:36:20 - [TEST_STEP][PASSED] - Statement - counter = counter + 1: null

2018-12-13 13:36:20 - [TEST_STEP][PASSED] - Statement - PreSaveFile = new java.io.File(((pathPrefix + java.lang.Integer.toString(counter)) + .png)): null

2018-12-13 13:36:20 - [TEST_STEP][PASSED] - Statement - counter = counter + 1: null

2018-12-13 13:36:20 - [TEST_STEP][PASSED] - Statement - PreSaveFile = new java.io.File(((pathPrefix + java.lang.Integer.toString(counter)) + .png)): null

2018-12-13 13:36:20 - [TEST_STEP][PASSED] - Statement - counter = counter + 1: null

2018-12-13 13:36:20 - [TEST_STEP][PASSED] - Statement - PreSaveFile = new java.io.File(((pathPrefix + java.lang.Integer.toString(counter)) + .png)): null

2018-12-13 13:36:20 - [TEST_STEP][PASSED] - Statement - counter = counter + 1: null

2018-12-13 13:36:20 - [TEST_STEP][PASSED] - Statement - PreSaveFile = new java.io.File(((pathPrefix + java.lang.Integer.toString(counter)) + .png)): null

2018-12-13 13:36:20 - [TEST_STEP][PASSED] - Statement - counter = counter + 1: null

2018-12-13 13:36:20 - [TEST_STEP][PASSED] - Statement - PreSaveFile = new java.io.File(((pathPrefix + java.lang.Integer.toString(counter)) + .png)): null

2018-12-13 13:36:20 - [TEST_STEP][PASSED] - Statement - counter = counter + 1: null

2018-12-13 13:36:20 - [TEST_STEP][PASSED] - Statement - PreSaveFile = new java.io.File(((pathPrefix + java.lang.Integer.toString(counter)) + .png)): null

2018-12-13 13:36:20 - [TEST_STEP][PASSED] - Statement - counter = counter + 1: null

2018-12-13 13:36:20 - [TEST_STEP][PASSED] - Statement - PreSaveFile = new java.io.File(((pathPrefix + java.lang.Integer.toString(counter)) + .png)): null

2018-12-13 13:36:20 - [TEST_STEP][PASSED] - Statement - counter = counter + 1: null

2018-12-13 13:36:20 - [TEST_STEP][PASSED] - Statement - PreSaveFile = new java.io.File(((pathPrefix + java.lang.Integer.toString(counter)) + .png)): null

2018-12-13 13:36:20 - [TEST_STEP][PASSED] - Statement - counter = counter + 1: null

2018-12-13 13:36:20 - [TEST_STEP][PASSED] - Statement - PreSaveFile = new java.io.File(((pathPrefix + java.lang.Integer.toString(counter)) + .png)): null

2018-12-13 13:36:20 - [TEST_STEP][PASSED] - Statement - counter = counter + 1: null

2018-12-13 13:36:20 - [TEST_STEP][PASSED] - Statement - PreSaveFile = new java.io.File(((pathPrefix + java.lang.Integer.toString(counter)) + .png)): null

2018-12-13 13:36:20 - [TEST_STEP][PASSED] - Statement - counter = counter + 1: null

2018-12-13 13:36:20 - [TEST_STEP][PASSED] - Statement - PreSaveFile = new java.io.File(((pathPrefix + java.lang.Integer.toString(counter)) + .png)): null

2018-12-13 13:36:20 - [TEST_STEP][PASSED] - Statement - counter = counter + 1: null

2018-12-13 13:36:20 - [TEST_STEP][PASSED] - Statement - PreSaveFile = new java.io.File(((pathPrefix + java.lang.Integer.toString(counter)) + .png)): null

2018-12-13 13:36:20 - [TEST_STEP][PASSED] - Statement - counter = counter + 1: null

2018-12-13 13:36:20 - [TEST_STEP][PASSED] - Statement - PreSaveFile = new java.io.File(((pathPrefix + java.lang.Integer.toString(counter)) + .png)): null

2018-12-13 13:36:20 - [TEST_STEP][PASSED] - Statement - counter = counter + 1: null

2018-12-13 13:36:20 - [TEST_STEP][PASSED] - Statement - PreSaveFile = new java.io.File(((pathPrefix + java.lang.Integer.toString(counter)) + .png)): null

2018-12-13 13:36:20 - [TEST_STEP][PASSED] - Statement - counter = counter + 1: null

2018-12-13 13:36:20 - [TEST_STEP][PASSED] - Statement - PreSaveFile = new java.io.File(((pathPrefix + java.lang.Integer.toString(counter)) + .png)): null

2018-12-13 13:36:20 - [TEST_STEP][PASSED] - Statement - counter = counter + 1: null

2018-12-13 13:36:20 - [TEST_STEP][PASSED] - Statement - PreSaveFile = new java.io.File(((pathPrefix + java.lang.Integer.toString(counter)) + .png)): null

2018-12-13 13:36:20 - [TEST_STEP][PASSED] - Statement - counter = counter + 1: null

2018-12-13 13:36:20 - [TEST_STEP][PASSED] - Statement - PreSaveFile = new java.io.File(((pathPrefix + java.lang.Integer.toString(counter)) + .png)): null

2018-12-13 13:36:20 - [TEST_STEP][PASSED] - Statement - counter = counter + 1: null

2018-12-13 13:36:20 - [TEST_STEP][PASSED] - Statement - PreSaveFile = new java.io.File(((pathPrefix + java.lang.Integer.toString(counter)) + .png)): null

2018-12-13 13:36:20 - [TEST_STEP][PASSED] - Statement - counter = counter + 1: null

2018-12-13 13:36:20 - [TEST_STEP][PASSED] - Statement - PreSaveFile = new java.io.File(((pathPrefix + java.lang.Integer.toString(counter)) + .png)): null

2018-12-13 13:36:20 - [TEST_STEP][PASSED] - Statement - counter = counter + 1: null

2018-12-13 13:36:20 - [TEST_STEP][PASSED] - Statement - PreSaveFile = new java.io.File(((pathPrefix + java.lang.Integer.toString(counter)) + .png)): null

2018-12-13 13:36:20 - [TEST_STEP][PASSED] - Statement - counter = counter + 1: null

2018-12-13 13:36:20 - [TEST_STEP][PASSED] - Statement - PreSaveFile = new java.io.File(((pathPrefix + java.lang.Integer.toString(counter)) + .png)): null

2018-12-13 13:36:20 - [TEST_STEP][PASSED] - Statement - counter = counter + 1: null

2018-12-13 13:36:20 - [TEST_STEP][PASSED] - Statement - PreSaveFile = new java.io.File(((pathPrefix + java.lang.Integer.toString(counter)) + .png)): null

2018-12-13 13:36:20 - [TEST_STEP][PASSED] - Statement - counter = counter + 1: null

2018-12-13 13:36:20 - [TEST_STEP][PASSED] - Statement - PreSaveFile = new java.io.File(((pathPrefix + java.lang.Integer.toString(counter)) + .png)): null

2018-12-13 13:36:20 - [TEST_STEP][PASSED] - Statement - counter = counter + 1: null

2018-12-13 13:36:20 - [TEST_STEP][PASSED] - Statement - PreSaveFile = new java.io.File(((pathPrefix + java.lang.Integer.toString(counter)) + .png)): null

2018-12-13 13:36:20 - [TEST_STEP][PASSED] - Statement - counter = counter + 1: null

2018-12-13 13:36:20 - [TEST_STEP][PASSED] - Statement - PreSaveFile = new java.io.File(((pathPrefix + java.lang.Integer.toString(counter)) + .png)): null

2018-12-13 13:36:20 - [TEST_STEP][PASSED] - Statement - counter = counter + 1: null

2018-12-13 13:36:20 - [TEST_STEP][PASSED] - Statement - PreSaveFile = new java.io.File(((pathPrefix + java.lang.Integer.toString(counter)) + .png)): null

2018-12-13 13:36:20 - [TEST_STEP][PASSED] - Statement - counter = counter + 1: null

2018-12-13 13:36:20 - [TEST_STEP][PASSED] - Statement - PreSaveFile = new java.io.File(((pathPrefix + java.lang.Integer.toString(counter)) + .png)): null

2018-12-13 13:36:20 - [TEST_STEP][PASSED] - Statement - counter = counter + 1: null

2018-12-13 13:36:20 - [TEST_STEP][PASSED] - Statement - PreSaveFile = new java.io.File(((pathPrefix + java.lang.Integer.toString(counter)) + .png)): null

2018-12-13 13:36:20 - [TEST_STEP][PASSED] - Statement - counter = counter + 1: null

2018-12-13 13:36:20 - [TEST_STEP][PASSED] - Statement - PreSaveFile = new java.io.File(((pathPrefix + java.lang.Integer.toString(counter)) + .png)): null

2018-12-13 13:36:20 - [TEST_STEP][PASSED] - Statement - counter = counter + 1: null

2018-12-13 13:36:20 - [TEST_STEP][PASSED] - Statement - PreSaveFile = new java.io.File(((pathPrefix + java.lang.Integer.toString(counter)) + .png)): null

2018-12-13 13:36:20 - [TEST_STEP][PASSED] - Statement - counter = counter + 1: null

2018-12-13 13:36:20 - [TEST_STEP][PASSED] - Statement - PreSaveFile = new java.io.File(((pathPrefix + java.lang.Integer.toString(counter)) + .png)): null

2018-12-13 13:36:20 - [TEST_STEP][PASSED] - Statement - counter = counter + 1: null

2018-12-13 13:36:20 - [TEST_STEP][PASSED] - Statement - PreSaveFile = new java.io.File(((pathPrefix + java.lang.Integer.toString(counter)) + .png)): null

2018-12-13 13:36:20 - [TEST_STEP][PASSED] - Statement - counter = counter + 1: null

2018-12-13 13:36:20 - [TEST_STEP][PASSED] - Statement - PreSaveFile = new java.io.File(((pathPrefix + java.lang.Integer.toString(counter)) + .png)): null

2018-12-13 13:36:20 - [TEST_STEP][PASSED] - Statement - counter = counter + 1: null

2018-12-13 13:36:20 - [TEST_STEP][PASSED] - Statement - PreSaveFile = new java.io.File(((pathPrefix + java.lang.Integer.toString(counter)) + .png)): null

2018-12-13 13:36:20 - [TEST_STEP][PASSED] - Statement - counter = counter + 1: null

2018-12-13 13:36:20 - [TEST_STEP][PASSED] - Statement - PreSaveFile = new java.io.File(((pathPrefix + java.lang.Integer.toString(counter)) + .png)): null

2018-12-13 13:36:20 - [TEST_STEP][PASSED] - Statement - counter = counter + 1: null

2018-12-13 13:36:20 - [TEST_STEP][PASSED] - Statement - PreSaveFile = new java.io.File(((pathPrefix + java.lang.Integer.toString(counter)) + .png)): null

2018-12-13 13:36:20 - [TEST_STEP][PASSED] - Statement - counter = counter + 1: null

2018-12-13 13:36:20 - [TEST_STEP][PASSED] - Statement - PreSaveFile = new java.io.File(((pathPrefix + java.lang.Integer.toString(counter)) + .png)): null

2018-12-13 13:36:20 - [TEST_STEP][PASSED] - Statement - counter = counter + 1: null

2018-12-13 13:36:20 - [TEST_STEP][PASSED] - Statement - PreSaveFile = new java.io.File(((pathPrefix + java.lang.Integer.toString(counter)) + .png)): null

2018-12-13 13:36:20 - [TEST_STEP][PASSED] - Statement - counter = counter + 1: null

2018-12-13 13:36:20 - [TEST_STEP][PASSED] - Statement - PreSaveFile = new java.io.File(((pathPrefix + java.lang.Integer.toString(counter)) + .png)): null

2018-12-13 13:36:20 - [TEST_STEP][PASSED] - Statement - finalPath = pathPrefix + java.lang.Integer.toString(counter) + ".png": null

2018-12-13 13:36:20 - [TEST_STEP][PASSED] - Statement - SaveFile = new java.io.File(finalPath): null

2018-12-13 13:36:20 - [TEST_STEP][PASSED] - Statement - Try: null

2018-12-13 13:36:20 - [TEST_STEP][PASSED] - Statement - org.apache.commons.io.FileUtils.copyFile(scrFile, SaveFile): null

2018-12-13 13:36:20 - [TEST_STEP][PASSED] - Statement - out.println("file kept"): null

2018-12-13 13:36:20 - [TEST_STEP][PASSED] - delay: Delayed 10 second(s)

2018-12-13 13:36:30 - [MESSAGE][PASSED] - Delayed 10 second(s)

2018-12-13 13:36:30 - [MESSAGE][PASSED] - Call Test Case 'Test Cases/Final Aug 2018 - PKS Automation/Registration Module/New Registration/Submit and Screenshot/Submit Registration and Screenshot' successfully

2018-12-13 13:36:30 - [TEST_STEP][PASSED] - callTestCase: Call Test Case 'Test Cases/Final Aug 2018 - PKS Automation/Registration Module/Log Out/log out avoiding katalon tagging' successfully

2018-12-13 13:36:30 - [TEST_CASE][PASSED] - Test Cases/Final Aug 2018 - PKS Automation/Registration Module/Log Out/log out avoiding katalon tagging: Test Cases/Final Aug 2018 - PKS Automation/Registration Module/Log Out/log out avoiding katalon tagging

2018-12-13 13:36:30 - [TEST_STEP][PASSED] - navigateToUrl: Navigate to 'https://assist2-uat.perkeso.gov.my/c/portal/logout' successfully

2018-12-13 13:36:31 - [MESSAGE][PASSED] - Navigate to 'https://assist2-uat.perkeso.gov.my/c/portal/logout' successfully

2018-12-13 13:36:31 - [MESSAGE][PASSED] - Call Test Case 'Test Cases/Final Aug 2018 - PKS Automation/Registration Module/Log Out/log out avoiding katalon tagging' successfully

2018-12-13 13:36:31 - [TEST_STEP][PASSED] - callTestCase: Call Test Case 'Test Cases/Final Aug 2018 - PKS Automation/Common/Workflow Owner Finder' successfully

2018-12-13 13:36:31 - [TEST_CASE][PASSED] - Test Cases/Final Aug 2018 - PKS Automation/Common/Workflow Owner Finder: Test Cases/Final Aug 2018 - PKS Automation/Common/Workflow Owner Finder

2018-12-13 13:36:31 - [TEST_STEP][PASSED] - openBrowser: Browser is opened with url: ''

2018-12-13 13:36:31 - [MESSAGE][WARNING] - A browser is already opened. Closing browser and opening a new one

2018-12-13 13:36:35 - [MESSAGE][PASSED] - Browser is opened with url: ''

2018-12-13 13:36:35 - [TEST_STEP][PASSED] - navigateToUrl: Navigate to 'https://assist2-uat.perkeso.gov.my/login' successfully

2018-12-13 13:36:36 - [MESSAGE][PASSED] - Navigate to 'https://assist2-uat.perkeso.gov.my/login' successfully

2018-12-13 13:36:36 - [TEST_STEP][PASSED] - delay: Delayed 5 second(s)

2018-12-13 13:36:41 - [MESSAGE][PASSED] - Delayed 5 second(s)

2018-12-13 13:36:41 - [TEST_STEP][PASSED] - setText: Text 'test@liferay.com' is set on object 'Object Repository/Final Object Repo/Login Page/Internal User/Email Address'

2018-12-13 13:36:41 - [MESSAGE][PASSED] - Text 'test@liferay.com' is set on object 'Object Repository/Final Object Repo/Login Page/Internal User/Email Address'

2018-12-13 13:36:41 - [TEST_STEP][PASSED] - click: Object: 'Object Repository/Final Object Repo/Login Page/Internal User/Next Button' is clicked on

2018-12-13 13:36:42 - [MESSAGE][PASSED] - Object: 'Object Repository/Final Object Repo/Login Page/Internal User/Next Button' is clicked on

2018-12-13 13:36:42 - [TEST_STEP][PASSED] - delay: Delayed 2 second(s)

2018-12-13 13:36:44 - [MESSAGE][PASSED] - Delayed 2 second(s)

2018-12-13 13:36:44 - [TEST_STEP][PASSED] - setText: Text 'test' is set on object 'Object Repository/Final Object Repo/Login Page/Internal User/Password'

2018-12-13 13:36:44 - [MESSAGE][PASSED] - Text 'test' is set on object 'Object Repository/Final Object Repo/Login Page/Internal User/Password'

2018-12-13 13:36:44 - [TEST_STEP][PASSED] - delay: Delayed 2 second(s)

2018-12-13 13:36:46 - [MESSAGE][PASSED] - Delayed 2 second(s)

2018-12-13 13:36:46 - [TEST_STEP][PASSED] - click: Object: 'Object Repository/Final Object Repo/Login Page/Internal User/Login Button' is clicked on

2018-12-13 13:36:46 - [MESSAGE][PASSED] - Object: 'Object Repository/Final Object Repo/Login Page/Internal User/Login Button' is clicked on

2018-12-13 13:36:46 - [TEST_STEP][PASSED] - Statement - tester = com.kms.katalon.core.testobject.ObjectRepository.findTestObject(Final Object Repo/Landing Page/Select to English): Finding Test Object with id 'Object Repository/Final Object Repo/Landing Page/Select to English'

2018-12-13 13:36:46 - [TEST_STEP][PASSED] - Statement - Try: Delayed 2 second(s)

2018-12-13 13:36:46 - [TEST_STEP][PASSED] - Statement - Checker = com.kms.katalon.core.webui.keyword.WebUiBuiltInKeywords.verifyElementNotPresent(tester, 3): Web element with id: 'Object Repository/Final Object Repo/Landing Page/Select to English' located by 'By.xpath: //a[@class = 'taglib-language-list-text' and @lang = 'en-US' and (contains(text(), 'EN') or contains(., 'EN'))]' is not present after '3' second(s)

2018-12-13 13:36:48 - [MESSAGE][PASSED] - Web element with id: 'Object Repository/Final Object Repo/Landing Page/Select to English' located by 'By.xpath: //a[@class = 'taglib-language-list-text' and @lang = 'en-US' and (contains(text(), 'EN') or contains(., 'EN'))]' is not present after '3' second(s)

2018-12-13 13:36:48 - [TEST_STEP][PASSED] - Statement - If (Checker == false): null

2018-12-13 13:36:48 - [TEST_STEP][PASSED] - delay: Delayed 2 second(s)

2018-12-13 13:36:50 - [MESSAGE][PASSED] - Delayed 2 second(s)

2018-12-13 13:36:50 - [TEST_STEP][PASSED] - delay: Delayed 5 second(s)

2018-12-13 13:36:55 - [MESSAGE][PASSED] - Delayed 5 second(s)

2018-12-13 13:36:55 - [TEST_STEP][PASSED] - mouseOver: Object: 'Object Repository/Final Object Repo/Landing Page/WorkFlow Menu' is hovered

2018-12-13 13:36:55 - [MESSAGE][PASSED] - Object: 'Object Repository/Final Object Repo/Landing Page/WorkFlow Menu' is hovered

2018-12-13 13:36:55 - [TEST_STEP][PASSED] - delay: Delayed 2 second(s)

2018-12-13 13:36:57 - [MESSAGE][PASSED] - Delayed 2 second(s)

2018-12-13 13:36:57 - [TEST_STEP][PASSED] - click: Object: 'Object Repository/Final Object Repo/Landing Page/Select to Workflow Listing' is clicked on

2018-12-13 13:36:58 - [MESSAGE][PASSED] - Object: 'Object Repository/Final Object Repo/Landing Page/Select to Workflow Listing' is clicked on

2018-12-13 13:36:58 - [TEST_STEP][PASSED] - delay: Delayed 2 second(s)

2018-12-13 13:37:00 - [MESSAGE][PASSED] - Delayed 2 second(s)

2018-12-13 13:37:00 - [TEST_STEP][PASSED] - click: Object: 'Object Repository/Final Object Repo/WorkFlow Listing Page/Search Information - To Put Ref No' is clicked on

2018-12-13 13:37:00 - [MESSAGE][PASSED] - Object: 'Object Repository/Final Object Repo/WorkFlow Listing Page/Search Information - To Put Ref No' is clicked on

2018-12-13 13:37:00 - [TEST_STEP][PASSED] - delay: Delayed 2 second(s)

2018-12-13 13:37:02 - [MESSAGE][PASSED] - Delayed 2 second(s)

2018-12-13 13:37:02 - [TEST_STEP][PASSED] - callTestCase: Call Test Case 'Test Cases/Final Aug 2018 - PKS Automation/Common/Reference Number Getter' successfully

2018-12-13 13:37:02 - [TEST_CASE][PASSED] - Test Cases/Final Aug 2018 - PKS Automation/Common/Reference Number Getter: Test Cases/Final Aug 2018 - PKS Automation/Common/Reference Number Getter

2018-12-13 13:37:02 - [TEST_STEP][PASSED] - Statement - Try: null

2018-12-13 13:37:02 - [TEST_STEP][PASSED] - Statement - RefNo = new java.io.File(C://Users//Admin//Desktop//PKS//Automation Reference Point//KatalonReference.txt): null

2018-12-13 13:37:02 - [TEST_STEP][PASSED] - Statement - bufferread = new java.io.BufferedReader(new java.io.FileReader(RefNo)): null

2018-12-13 13:37:02 - [TEST_STEP][PASSED] - Statement - readedVal = bufferread.readLine(): null

2018-12-13 13:37:02 - [TEST_STEP][PASSED] - Statement - out.println(CaseReferenceNo): null

2018-12-13 13:37:02 - [TEST_STEP][PASSED] - Statement - out.println(readedVal): null

2018-12-13 13:37:02 - [TEST_STEP][PASSED] - Statement - CaseReferenceNo = "": null

2018-12-13 13:37:02 - [TEST_STEP][PASSED] - Statement - CaseReferenceNo = readedVal: null

2018-12-13 13:37:02 - [MESSAGE][PASSED] - Call Test Case 'Test Cases/Final Aug 2018 - PKS Automation/Common/Reference Number Getter' successfully

2018-12-13 13:37:02 - [TEST_STEP][PASSED] - setText: Text 'CRN12201800123276' is set on object 'Object Repository/Final Object Repo/WorkFlow Listing Page/Ref No Set Text'

2018-12-13 13:37:03 - [MESSAGE][PASSED] - Text 'CRN12201800123276' is set on object 'Object Repository/Final Object Repo/WorkFlow Listing Page/Ref No Set Text'

2018-12-13 13:37:03 - [TEST_STEP][PASSED] - delay: Delayed 2 second(s)

2018-12-13 13:37:05 - [MESSAGE][PASSED] - Delayed 2 second(s)

2018-12-13 13:37:05 - [TEST_STEP][PASSED] - click: Object: 'Object Repository/Final Object Repo/WorkFlow Listing Page/Search Ref No Search Button' is clicked on

2018-12-13 13:37:05 - [MESSAGE][PASSED] - Object: 'Object Repository/Final Object Repo/WorkFlow Listing Page/Search Ref No Search Button' is clicked on

2018-12-13 13:37:05 - [TEST_STEP][PASSED] - delay: Delayed 6 second(s)

2018-12-13 13:37:11 - [MESSAGE][PASSED] - Delayed 6 second(s)

2018-12-13 13:37:11 - [TEST_STEP][PASSED] - click: Object: 'Object Repository/Final Object Repo/WorkFlow Listing Page/Click Continue Tooltip' is clicked on

2018-12-13 13:37:12 - [MESSAGE][PASSED] - Object: 'Object Repository/Final Object Repo/WorkFlow Listing Page/Click Continue Tooltip' is clicked on

2018-12-13 13:37:12 - [TEST_STEP][PASSED] - delay: Delayed 5 second(s)

2018-12-13 13:37:17 - [MESSAGE][PASSED] - Delayed 5 second(s)

2018-12-13 13:37:17 - [TEST_STEP][PASSED] - doubleClick: Object: 'Object Repository/Final Object Repo/WorkFlow Listing Page/Workflow Found - Listing 1' is double clicked on

2018-12-13 13:37:17 - [MESSAGE][PASSED] - Object: 'Object Repository/Final Object Repo/WorkFlow Listing Page/Workflow Found - Listing 1' is double clicked on

2018-12-13 13:37:17 - [TEST_STEP][PASSED] - Statement - println(OwnerID): null

2018-12-13 13:37:17 - [TEST_STEP][PASSED] - Statement - OwnerID = com.kms.katalon.core.webui.keyword.WebUiBuiltInKeywords.getText(com.kms.katalon.core.testobject.ObjectRepository.findTestObject(Final Object Repo/WorkFlow Listing Page/Workflow Found - Listing 1), STOP_ON_FAILURE): Text of object 'Object Repository/Final Object Repo/WorkFlow Listing Page/Workflow Found - Listing 1' is: 'JOHORro2'

2018-12-13 13:37:17 - [MESSAGE][PASSED] - Text of object 'Object Repository/Final Object Repo/WorkFlow Listing Page/Workflow Found - Listing 1' is: 'JOHORro2'

2018-12-13 13:37:17 - [TEST_STEP][PASSED] - Statement - OwnerID = OwnerID.toLowerCase() + "@gmail.com": null

2018-12-13 13:37:17 - [TEST_STEP][PASSED] - Statement - println(OwnerID): null

2018-12-13 13:37:17 - [TEST_STEP][PASSED] - delay: Delayed 2 second(s)

2018-12-13 13:37:19 - [MESSAGE][PASSED] - Delayed 2 second(s)

2018-12-13 13:37:19 - [MESSAGE][PASSED] - Call Test Case 'Test Cases/Final Aug 2018 - PKS Automation/Common/Workflow Owner Finder' successfully

2018-12-13 13:37:19 - [TEST_STEP][PASSED] - callTestCase: Call Test Case 'Test Cases/Final Aug 2018 - PKS Automation/Registration Module/Log Out/log out avoiding katalon tagging' successfully

2018-12-13 13:37:19 - [TEST_CASE][PASSED] - Test Cases/Final Aug 2018 - PKS Automation/Registration Module/Log Out/log out avoiding katalon tagging: Test Cases/Final Aug 2018 - PKS Automation/Registration Module/Log Out/log out avoiding katalon tagging

2018-12-13 13:37:19 - [TEST_STEP][PASSED] - navigateToUrl: Navigate to 'https://assist2-uat.perkeso.gov.my/c/portal/logout' successfully

2018-12-13 13:37:20 - [MESSAGE][PASSED] - Navigate to 'https://assist2-uat.perkeso.gov.my/c/portal/logout' successfully

2018-12-13 13:37:20 - [MESSAGE][PASSED] - Call Test Case 'Test Cases/Final Aug 2018 - PKS Automation/Registration Module/Log Out/log out avoiding katalon tagging' successfully

2018-12-13 13:37:20 - [TEST_STEP][PASSED] - delay: Delayed 2 second(s)

2018-12-13 13:37:22 - [MESSAGE][PASSED] - Delayed 2 second(s)

2018-12-13 13:37:22 - [TEST_STEP][PASSED] - setText: Text 'johorro2@gmail.com' is set on object 'Object Repository/Final Object Repo/New Registration - Registration Module Pages/New Reg - OTC to RO/Special Case - All Related Objects/Email TextBox'

2018-12-13 13:37:22 - [MESSAGE][PASSED] - Text 'johorro2@gmail.com' is set on object 'Object Repository/Final Object Repo/New Registration - Registration Module Pages/New Reg - OTC to RO/Special Case - All Related Objects/Email TextBox'

2018-12-13 13:37:22 - [TEST_STEP][PASSED] - click: Object: 'Object Repository/Final Object Repo/New Registration - Registration Module Pages/New Reg - OTC to RO/Special Case - All Related Objects/Next Button' is clicked on

2018-12-13 13:37:22 - [MESSAGE][PASSED] - Object: 'Object Repository/Final Object Repo/New Registration - Registration Module Pages/New Reg - OTC to RO/Special Case - All Related Objects/Next Button' is clicked on

2018-12-13 13:37:22 - [TEST_STEP][PASSED] - delay: Delayed 2 second(s)

2018-12-13 13:37:24 - [MESSAGE][PASSED] - Delayed 2 second(s)

2018-12-13 13:37:24 - [TEST_STEP][PASSED] - setText: Text 'Test1@3456789' is set on object 'Object Repository/Final Object Repo/New Registration - Registration Module Pages/New Reg - OTC to RO/Special Case - All Related Objects/Password TextBox'

2018-12-13 13:37:25 - [MESSAGE][PASSED] - Text 'Test1@3456789' is set on object 'Object Repository/Final Object Repo/New Registration - Registration Module Pages/New Reg - OTC to RO/Special Case - All Related Objects/Password TextBox'

2018-12-13 13:37:25 - [TEST_STEP][PASSED] - delay: Delayed 2 second(s)

2018-12-13 13:37:27 - [MESSAGE][PASSED] - Delayed 2 second(s)

2018-12-13 13:37:27 - [TEST_STEP][PASSED] - click: Object: 'Object Repository/Final Object Repo/New Registration - Registration Module Pages/New Reg - OTC to RO/Special Case - All Related Objects/Login Button' is clicked on

2018-12-13 13:37:27 - [MESSAGE][PASSED] - Object: 'Object Repository/Final Object Repo/New Registration - Registration Module Pages/New Reg - OTC to RO/Special Case - All Related Objects/Login Button' is clicked on

2018-12-13 13:37:27 - [TEST_STEP][PASSED] - delay: Delayed 2 second(s)

2018-12-13 13:37:29 - [MESSAGE][PASSED] - Delayed 2 second(s)

2018-12-13 13:37:29 - [TEST_STEP][PASSED] - Statement - Try: null

2018-12-13 13:37:29 - [TEST_STEP][PASSED] - Statement - Checker = com.kms.katalon.core.webui.keyword.WebUiBuiltInKeywords.verifyElementNotPresent("Final Object Repo/Landing Page/Select to English", 3): null

2018-12-13 13:37:29 - [TEST_STEP][PASSED] - Statement - Catch (Exception e): null

2018-12-13 13:37:29 - [TEST_STEP][PASSED] - Statement - e.printStackTrace(): null

2018-12-13 13:37:29 - [TEST_STEP][PASSED] - click: Object: 'Object Repository/Final Object Repo/New Registration - Registration Module Pages/New Reg - OTC to RO/Special Case - All Related Objects/Expand to Search' is clicked on

2018-12-13 13:37:29 - [MESSAGE][PASSED] - Object: 'Object Repository/Final Object Repo/New Registration - Registration Module Pages/New Reg - OTC to RO/Special Case - All Related Objects/Expand to Search' is clicked on

2018-12-13 13:37:29 - [TEST_STEP][FAILED] - setText: Unable to set text 'CRN12201800123276' of object 'Object Repository/Final Object Repo/New Registration - Registration Module Pages/New Reg - OTC to RO/Special Case - All Related Objects/TextBox RefNo in Workbasket' (Root cause: org.openqa.selenium.ElementNotVisibleException: element not interactable
  (Session info: chrome=70.0.3538.110)
  (Driver info: chromedriver=2.43.600210 (68dcf5eebde37173d4027fa8635e332711d2874a),platform=Windows NT 6.1.7601 SP1 x86_64) (WARNING: The server did not provide any stacktrace information)
Command duration or timeout: 0 milliseconds
Build info: version: '3.7.1', revision: '8a0099a', time: '2017-11-06T21:07:36.161Z'
System info: host: 'WIN7TEST02', ip: '10.20.3.72', os.name: 'Windows 7', os.arch: 'amd64', os.version: '6.1', java.version: '1.8.0_181'
Driver info: com.kms.katalon.selenium.driver.CChromeDriver
Capabilities {acceptInsecureCerts: false, acceptSslCerts: false, applicationCacheEnabled: false, browserConnectionEnabled: false, browserName: chrome, chrome: {chromedriverVersion: 2.43.600210 (68dcf5eebde371..., userDataDir: C:\Users\Admin\AppData\Loca...}, cssSelectorsEnabled: true, databaseEnabled: false, goog:chromeOptions: {debuggerAddress: localhost:52864}, handlesAlerts: true, hasTouchScreen: false, javascriptEnabled: true, locationContextEnabled: true, mobileEmulationEnabled: false, nativeEvents: true, networkConnectionEnabled: false, pageLoadStrategy: normal, platform: XP, platformName: XP, rotatable: false, setWindowRect: true, takesHeapSnapshot: true, takesScreenshot: true, unexpectedAlertBehaviour: , unhandledPromptBehavior: , version: 70.0.3538.110, webStorageEnabled: true}
Session ID: 29294b4c74e560e929240cd498766551)

2018-12-13 13:37:29 - [MESSAGE][FAILED] - Unable to set text 'CRN12201800123276' of object 'Object Repository/Final Object Repo/New Registration - Registration Module Pages/New Reg - OTC to RO/Special Case - All Related Objects/TextBox RefNo in Workbasket' (Root cause: org.openqa.selenium.ElementNotVisibleException: element not interactable
  (Session info: chrome=70.0.3538.110)
  (Driver info: chromedriver=2.43.600210 (68dcf5eebde37173d4027fa8635e332711d2874a),platform=Windows NT 6.1.7601 SP1 x86_64) (WARNING: The server did not provide any stacktrace information)
Command duration or timeout: 0 milliseconds
Build info: version: '3.7.1', revision: '8a0099a', time: '2017-11-06T21:07:36.161Z'
System info: host: 'WIN7TEST02', ip: '10.20.3.72', os.name: 'Windows 7', os.arch: 'amd64', os.version: '6.1', java.version: '1.8.0_181'
Driver info: com.kms.katalon.selenium.driver.CChromeDriver
Capabilities {acceptInsecureCerts: false, acceptSslCerts: false, applicationCacheEnabled: false, browserConnectionEnabled: false, browserName: chrome, chrome: {chromedriverVersion: 2.43.600210 (68dcf5eebde371..., userDataDir: C:\Users\Admin\AppData\Loca...}, cssSelectorsEnabled: true, databaseEnabled: false, goog:chromeOptions: {debuggerAddress: localhost:52864}, handlesAlerts: true, hasTouchScreen: false, javascriptEnabled: true, locationContextEnabled: true, mobileEmulationEnabled: false, nativeEvents: true, networkConnectionEnabled: false, pageLoadStrategy: normal, platform: XP, platformName: XP, rotatable: false, setWindowRect: true, takesHeapSnapshot: true, takesScreenshot: true, unexpectedAlertBehaviour: , unhandledPromptBehavior: , version: 70.0.3538.110, webStorageEnabled: true}
Session ID: 29294b4c74e560e929240cd498766551)
[[ATTACHMENT|C:\\Users\\Admin\\Desktop\\PKS\\Perkeso Phase A\\Reports\\Workflow\\New Registration\\20181213_103053\\1544679449465.png]]

2018-12-13 13:37:29 - [TEST_STEP][PASSED] - delay: Delayed 2 second(s)

2018-12-13 13:37:31 - [MESSAGE][PASSED] - Delayed 2 second(s)

2018-12-13 13:37:31 - [TEST_STEP][PASSED] - click: Object: 'Object Repository/Final Object Repo/New Registration - Registration Module Pages/New Reg - OTC to RO/Special Case - All Related Objects/Click Search' is clicked on

2018-12-13 13:37:32 - [MESSAGE][PASSED] - Object: 'Object Repository/Final Object Repo/New Registration - Registration Module Pages/New Reg - OTC to RO/Special Case - All Related Objects/Click Search' is clicked on

2018-12-13 13:37:32 - [TEST_STEP][PASSED] - delay: Delayed 2 second(s)

2018-12-13 13:37:34 - [MESSAGE][PASSED] - Delayed 2 second(s)

2018-12-13 13:37:34 - [TEST_STEP][PASSED] - click: Object: 'Object Repository/Final Object Repo/New Registration - Registration Module Pages/New Reg - OTC to RO/Special Case - All Related Objects/Click to Continue Workflow' is clicked on

2018-12-13 13:37:37 - [MESSAGE][PASSED] - Object: 'Object Repository/Final Object Repo/New Registration - Registration Module Pages/New Reg - OTC to RO/Special Case - All Related Objects/Click to Continue Workflow' is clicked on

2018-12-13 13:37:37 - [TEST_STEP][PASSED] - delay: Delayed 2 second(s)

2018-12-13 13:37:39 - [MESSAGE][PASSED] - Delayed 2 second(s)

2018-12-13 13:37:39 - [TEST_STEP][PASSED] - click: Object: 'Object Repository/Final Object Repo/New Registration - Registration Module Pages/New Reg - OTC to RO/Special Case - All Related Objects/Continue Button in verifying case' is clicked on

2018-12-13 13:37:41 - [MESSAGE][PASSED] - Object: 'Object Repository/Final Object Repo/New Registration - Registration Module Pages/New Reg - OTC to RO/Special Case - All Related Objects/Continue Button in verifying case' is clicked on

2018-12-13 13:37:41 - [TEST_STEP][PASSED] - delay: Delayed 2 second(s)

2018-12-13 13:37:43 - [MESSAGE][PASSED] - Delayed 2 second(s)

2018-12-13 13:37:43 - [TEST_STEP][PASSED] - click: Object: 'Object Repository/Final Object Repo/New Registration - Registration Module Pages/Form 1/Registered As a Branch - Yes' is clicked on

2018-12-13 13:37:43 - [MESSAGE][PASSED] - Object: 'Object Repository/Final Object Repo/New Registration - Registration Module Pages/Form 1/Registered As a Branch - Yes' is clicked on

2018-12-13 13:37:43 - [TEST_STEP][PASSED] - delay: Delayed 2 second(s)

2018-12-13 13:37:45 - [MESSAGE][PASSED] - Delayed 2 second(s)

2018-12-13 13:37:45 - [TEST_STEP][PASSED] - click: Object: 'Object Repository/Final Object Repo/New Registration - Registration Module Pages/New Reg - OTC to RO/Special Case - All Related Objects/Form 1 Save n Continue' is clicked on

2018-12-13 13:37:45 - [MESSAGE][PASSED] - Object: 'Object Repository/Final Object Repo/New Registration - Registration Module Pages/New Reg - OTC to RO/Special Case - All Related Objects/Form 1 Save n Continue' is clicked on

2018-12-13 13:37:45 - [TEST_STEP][PASSED] - delay: Delayed 2 second(s)

2018-12-13 13:37:47 - [MESSAGE][PASSED] - Delayed 2 second(s)

2018-12-13 13:37:47 - [TEST_STEP][PASSED] - click: Object: 'Object Repository/Final Object Repo/New Registration - Registration Module Pages/New Reg - OTC to RO/Special Case - All Related Objects/Form 2 Save n Continue' is clicked on

2018-12-13 13:37:47 - [MESSAGE][PASSED] - Object: 'Object Repository/Final Object Repo/New Registration - Registration Module Pages/New Reg - OTC to RO/Special Case - All Related Objects/Form 2 Save n Continue' is clicked on

2018-12-13 13:37:47 - [TEST_STEP][PASSED] - delay: Delayed 2 second(s)

2018-12-13 13:37:49 - [MESSAGE][PASSED] - Delayed 2 second(s)

2018-12-13 13:37:49 - [TEST_STEP][PASSED] - click: Object: 'Object Repository/Final Object Repo/New Registration - Registration Module Pages/New Reg - OTC to RO/Special Case - All Related Objects/Third Screen Save n Continue' is clicked on

2018-12-13 13:37:54 - [MESSAGE][PASSED] - Object: 'Object Repository/Final Object Repo/New Registration - Registration Module Pages/New Reg - OTC to RO/Special Case - All Related Objects/Third Screen Save n Continue' is clicked on

2018-12-13 13:37:54 - [TEST_STEP][PASSED] - delay: Delayed 5 second(s)

2018-12-13 13:37:59 - [MESSAGE][PASSED] - Delayed 5 second(s)

2018-12-13 13:37:59 - [TEST_STEP][PASSED] - click: Object: 'Object Repository/Final Object Repo/New Registration - Registration Module Pages/New Reg - OTC to RO/Special Case - All Related Objects/Upload Doc Page Save n Continue' is clicked on

2018-12-13 13:38:00 - [MESSAGE][PASSED] - Object: 'Object Repository/Final Object Repo/New Registration - Registration Module Pages/New Reg - OTC to RO/Special Case - All Related Objects/Upload Doc Page Save n Continue' is clicked on

2018-12-13 13:38:00 - [TEST_STEP][PASSED] - callTestCase: Call Test Case 'Test Cases/Final Aug 2018 - PKS Automation/Registration Module/New Registration/Submit and Screenshot/Submit Registration and Screenshot' successfully

2018-12-13 13:38:00 - [TEST_CASE][PASSED] - Test Cases/Final Aug 2018 - PKS Automation/Registration Module/New Registration/Submit and Screenshot/Submit Registration and Screenshot: Test Cases/Final Aug 2018 - PKS Automation/Registration Module/New Registration/Submit and Screenshot/Submit Registration and Screenshot

2018-12-13 13:38:00 - [TEST_STEP][PASSED] - delay: Delayed 6 second(s)

2018-12-13 13:38:06 - [MESSAGE][PASSED] - Delayed 6 second(s)

2018-12-13 13:38:06 - [TEST_STEP][PASSED] - click: Object: 'Object Repository/Final Object Repo/New Registration - Registration Module Pages/Third Screen - Upload Supporting Doc- Preview/Preview Submit Button' is clicked on

2018-12-13 13:38:06 - [MESSAGE][PASSED] - Object: 'Object Repository/Final Object Repo/New Registration - Registration Module Pages/Third Screen - Upload Supporting Doc- Preview/Preview Submit Button' is clicked on

2018-12-13 13:38:06 - [TEST_STEP][PASSED] - delay: Delayed 2 second(s)

2018-12-13 13:38:08 - [MESSAGE][PASSED] - Delayed 2 second(s)

2018-12-13 13:38:08 - [TEST_STEP][PASSED] - click: Object: 'Object Repository/Final Object Repo/New Registration - Registration Module Pages/Third Screen - Upload Supporting Doc- Preview/Preview Submit - Confirm' is clicked on

2018-12-13 13:38:08 - [MESSAGE][PASSED] - Object: 'Object Repository/Final Object Repo/New Registration - Registration Module Pages/Third Screen - Upload Supporting Doc- Preview/Preview Submit - Confirm' is clicked on

2018-12-13 13:38:08 - [TEST_STEP][PASSED] - delay: Delayed 15 second(s)

2018-12-13 13:38:23 - [MESSAGE][PASSED] - Delayed 15 second(s)

2018-12-13 13:38:23 - [TEST_STEP][PASSED] - Statement - driver = com.kms.katalon.core.webui.driver.DriverFactory.getWebDriver(): null

2018-12-13 13:38:23 - [TEST_STEP][PASSED] - Statement - driver.manage().timeouts().implicitlyWait(10, SECONDS): null

2018-12-13 13:38:23 - [TEST_STEP][PASSED] - Statement - PresavePath = KatalonScreenshots: null

2018-12-13 13:38:23 - [TEST_STEP][PASSED] - Statement - pathPrefix = "C:\Users\Public\Pictures\Sample Pictures\Katalon Screenshots\Automate Ending Screen": null

2018-12-13 13:38:23 - [TEST_STEP][PASSED] - Statement - finalPath = <not implemented yet for class: org.codehaus.groovy.ast.expr.EmptyExpression>: null

2018-12-13 13:38:23 - [TEST_STEP][PASSED] - Statement - scrFile = driver.getScreenshotAs(FILE): null

2018-12-13 13:38:23 - [TEST_STEP][PASSED] - Statement - PreSaveFile = new java.io.File(PresavePath): null

2018-12-13 13:38:23 - [TEST_STEP][PASSED] - Statement - counter = 0: null

2018-12-13 13:38:23 - [TEST_STEP][PASSED] - Statement - If (PreSaveFile.exists()): null

2018-12-13 13:38:23 - [TEST_STEP][PASSED] - Statement - While (PreSaveFile.exists()): null

2018-12-13 13:38:23 - [TEST_STEP][PASSED] - Statement - counter = counter + 1: null

2018-12-13 13:38:23 - [TEST_STEP][PASSED] - Statement - PreSaveFile = new java.io.File(((pathPrefix + java.lang.Integer.toString(counter)) + .png)): null

2018-12-13 13:38:23 - [TEST_STEP][PASSED] - Statement - counter = counter + 1: null

2018-12-13 13:38:23 - [TEST_STEP][PASSED] - Statement - PreSaveFile = new java.io.File(((pathPrefix + java.lang.Integer.toString(counter)) + .png)): null

2018-12-13 13:38:23 - [TEST_STEP][PASSED] - Statement - counter = counter + 1: null

2018-12-13 13:38:23 - [TEST_STEP][PASSED] - Statement - PreSaveFile = new java.io.File(((pathPrefix + java.lang.Integer.toString(counter)) + .png)): null

2018-12-13 13:38:23 - [TEST_STEP][PASSED] - Statement - counter = counter + 1: null

2018-12-13 13:38:23 - [TEST_STEP][PASSED] - Statement - PreSaveFile = new java.io.File(((pathPrefix + java.lang.Integer.toString(counter)) + .png)): null

2018-12-13 13:38:23 - [TEST_STEP][PASSED] - Statement - counter = counter + 1: null

2018-12-13 13:38:23 - [TEST_STEP][PASSED] - Statement - PreSaveFile = new java.io.File(((pathPrefix + java.lang.Integer.toString(counter)) + .png)): null

2018-12-13 13:38:23 - [TEST_STEP][PASSED] - Statement - counter = counter + 1: null

2018-12-13 13:38:23 - [TEST_STEP][PASSED] - Statement - PreSaveFile = new java.io.File(((pathPrefix + java.lang.Integer.toString(counter)) + .png)): null

2018-12-13 13:38:23 - [TEST_STEP][PASSED] - Statement - counter = counter + 1: null

2018-12-13 13:38:23 - [TEST_STEP][PASSED] - Statement - PreSaveFile = new java.io.File(((pathPrefix + java.lang.Integer.toString(counter)) + .png)): null

2018-12-13 13:38:23 - [TEST_STEP][PASSED] - Statement - counter = counter + 1: null

2018-12-13 13:38:23 - [TEST_STEP][PASSED] - Statement - PreSaveFile = new java.io.File(((pathPrefix + java.lang.Integer.toString(counter)) + .png)): null

2018-12-13 13:38:23 - [TEST_STEP][PASSED] - Statement - counter = counter + 1: null

2018-12-13 13:38:23 - [TEST_STEP][PASSED] - Statement - PreSaveFile = new java.io.File(((pathPrefix + java.lang.Integer.toString(counter)) + .png)): null

2018-12-13 13:38:23 - [TEST_STEP][PASSED] - Statement - counter = counter + 1: null

2018-12-13 13:38:23 - [TEST_STEP][PASSED] - Statement - PreSaveFile = new java.io.File(((pathPrefix + java.lang.Integer.toString(counter)) + .png)): null

2018-12-13 13:38:23 - [TEST_STEP][PASSED] - Statement - counter = counter + 1: null

2018-12-13 13:38:23 - [TEST_STEP][PASSED] - Statement - PreSaveFile = new java.io.File(((pathPrefix + java.lang.Integer.toString(counter)) + .png)): null

2018-12-13 13:38:23 - [TEST_STEP][PASSED] - Statement - counter = counter + 1: null

2018-12-13 13:38:23 - [TEST_STEP][PASSED] - Statement - PreSaveFile = new java.io.File(((pathPrefix + java.lang.Integer.toString(counter)) + .png)): null

2018-12-13 13:38:23 - [TEST_STEP][PASSED] - Statement - counter = counter + 1: null

2018-12-13 13:38:23 - [TEST_STEP][PASSED] - Statement - PreSaveFile = new java.io.File(((pathPrefix + java.lang.Integer.toString(counter)) + .png)): null

2018-12-13 13:38:23 - [TEST_STEP][PASSED] - Statement - counter = counter + 1: null

2018-12-13 13:38:23 - [TEST_STEP][PASSED] - Statement - PreSaveFile = new java.io.File(((pathPrefix + java.lang.Integer.toString(counter)) + .png)): null

2018-12-13 13:38:23 - [TEST_STEP][PASSED] - Statement - counter = counter + 1: null

2018-12-13 13:38:23 - [TEST_STEP][PASSED] - Statement - PreSaveFile = new java.io.File(((pathPrefix + java.lang.Integer.toString(counter)) + .png)): null

2018-12-13 13:38:23 - [TEST_STEP][PASSED] - Statement - counter = counter + 1: null

2018-12-13 13:38:23 - [TEST_STEP][PASSED] - Statement - PreSaveFile = new java.io.File(((pathPrefix + java.lang.Integer.toString(counter)) + .png)): null

2018-12-13 13:38:23 - [TEST_STEP][PASSED] - Statement - counter = counter + 1: null

2018-12-13 13:38:23 - [TEST_STEP][PASSED] - Statement - PreSaveFile = new java.io.File(((pathPrefix + java.lang.Integer.toString(counter)) + .png)): null

2018-12-13 13:38:23 - [TEST_STEP][PASSED] - Statement - counter = counter + 1: null

2018-12-13 13:38:23 - [TEST_STEP][PASSED] - Statement - PreSaveFile = new java.io.File(((pathPrefix + java.lang.Integer.toString(counter)) + .png)): null

2018-12-13 13:38:23 - [TEST_STEP][PASSED] - Statement - counter = counter + 1: null

2018-12-13 13:38:23 - [TEST_STEP][PASSED] - Statement - PreSaveFile = new java.io.File(((pathPrefix + java.lang.Integer.toString(counter)) + .png)): null

2018-12-13 13:38:23 - [TEST_STEP][PASSED] - Statement - counter = counter + 1: null

2018-12-13 13:38:23 - [TEST_STEP][PASSED] - Statement - PreSaveFile = new java.io.File(((pathPrefix + java.lang.Integer.toString(counter)) + .png)): null

2018-12-13 13:38:23 - [TEST_STEP][PASSED] - Statement - counter = counter + 1: null

2018-12-13 13:38:23 - [TEST_STEP][PASSED] - Statement - PreSaveFile = new java.io.File(((pathPrefix + java.lang.Integer.toString(counter)) + .png)): null

2018-12-13 13:38:23 - [TEST_STEP][PASSED] - Statement - counter = counter + 1: null

2018-12-13 13:38:23 - [TEST_STEP][PASSED] - Statement - PreSaveFile = new java.io.File(((pathPrefix + java.lang.Integer.toString(counter)) + .png)): null

2018-12-13 13:38:23 - [TEST_STEP][PASSED] - Statement - counter = counter + 1: null

2018-12-13 13:38:23 - [TEST_STEP][PASSED] - Statement - PreSaveFile = new java.io.File(((pathPrefix + java.lang.Integer.toString(counter)) + .png)): null

2018-12-13 13:38:23 - [TEST_STEP][PASSED] - Statement - counter = counter + 1: null

2018-12-13 13:38:23 - [TEST_STEP][PASSED] - Statement - PreSaveFile = new java.io.File(((pathPrefix + java.lang.Integer.toString(counter)) + .png)): null

2018-12-13 13:38:23 - [TEST_STEP][PASSED] - Statement - counter = counter + 1: null

2018-12-13 13:38:23 - [TEST_STEP][PASSED] - Statement - PreSaveFile = new java.io.File(((pathPrefix + java.lang.Integer.toString(counter)) + .png)): null

2018-12-13 13:38:23 - [TEST_STEP][PASSED] - Statement - counter = counter + 1: null

2018-12-13 13:38:23 - [TEST_STEP][PASSED] - Statement - PreSaveFile = new java.io.File(((pathPrefix + java.lang.Integer.toString(counter)) + .png)): null

2018-12-13 13:38:23 - [TEST_STEP][PASSED] - Statement - counter = counter + 1: null

2018-12-13 13:38:23 - [TEST_STEP][PASSED] - Statement - PreSaveFile = new java.io.File(((pathPrefix + java.lang.Integer.toString(counter)) + .png)): null

2018-12-13 13:38:23 - [TEST_STEP][PASSED] - Statement - counter = counter + 1: null

2018-12-13 13:38:23 - [TEST_STEP][PASSED] - Statement - PreSaveFile = new java.io.File(((pathPrefix + java.lang.Integer.toString(counter)) + .png)): null

2018-12-13 13:38:23 - [TEST_STEP][PASSED] - Statement - counter = counter + 1: null

2018-12-13 13:38:23 - [TEST_STEP][PASSED] - Statement - PreSaveFile = new java.io.File(((pathPrefix + java.lang.Integer.toString(counter)) + .png)): null

2018-12-13 13:38:23 - [TEST_STEP][PASSED] - Statement - counter = counter + 1: null

2018-12-13 13:38:23 - [TEST_STEP][PASSED] - Statement - PreSaveFile = new java.io.File(((pathPrefix + java.lang.Integer.toString(counter)) + .png)): null

2018-12-13 13:38:24 - [TEST_STEP][PASSED] - Statement - counter = counter + 1: null

2018-12-13 13:38:24 - [TEST_STEP][PASSED] - Statement - PreSaveFile = new java.io.File(((pathPrefix + java.lang.Integer.toString(counter)) + .png)): null

2018-12-13 13:38:24 - [TEST_STEP][PASSED] - Statement - counter = counter + 1: null

2018-12-13 13:38:24 - [TEST_STEP][PASSED] - Statement - PreSaveFile = new java.io.File(((pathPrefix + java.lang.Integer.toString(counter)) + .png)): null

2018-12-13 13:38:24 - [TEST_STEP][PASSED] - Statement - counter = counter + 1: null

2018-12-13 13:38:24 - [TEST_STEP][PASSED] - Statement - PreSaveFile = new java.io.File(((pathPrefix + java.lang.Integer.toString(counter)) + .png)): null

2018-12-13 13:38:24 - [TEST_STEP][PASSED] - Statement - counter = counter + 1: null

2018-12-13 13:38:24 - [TEST_STEP][PASSED] - Statement - PreSaveFile = new java.io.File(((pathPrefix + java.lang.Integer.toString(counter)) + .png)): null

2018-12-13 13:38:24 - [TEST_STEP][PASSED] - Statement - counter = counter + 1: null

2018-12-13 13:38:24 - [TEST_STEP][PASSED] - Statement - PreSaveFile = new java.io.File(((pathPrefix + java.lang.Integer.toString(counter)) + .png)): null

2018-12-13 13:38:24 - [TEST_STEP][PASSED] - Statement - counter = counter + 1: null

2018-12-13 13:38:24 - [TEST_STEP][PASSED] - Statement - PreSaveFile = new java.io.File(((pathPrefix + java.lang.Integer.toString(counter)) + .png)): null

2018-12-13 13:38:24 - [TEST_STEP][PASSED] - Statement - counter = counter + 1: null

2018-12-13 13:38:24 - [TEST_STEP][PASSED] - Statement - PreSaveFile = new java.io.File(((pathPrefix + java.lang.Integer.toString(counter)) + .png)): null

2018-12-13 13:38:24 - [TEST_STEP][PASSED] - Statement - counter = counter + 1: null

2018-12-13 13:38:24 - [TEST_STEP][PASSED] - Statement - PreSaveFile = new java.io.File(((pathPrefix + java.lang.Integer.toString(counter)) + .png)): null

2018-12-13 13:38:24 - [TEST_STEP][PASSED] - Statement - counter = counter + 1: null

2018-12-13 13:38:24 - [TEST_STEP][PASSED] - Statement - PreSaveFile = new java.io.File(((pathPrefix + java.lang.Integer.toString(counter)) + .png)): null

2018-12-13 13:38:24 - [TEST_STEP][PASSED] - Statement - counter = counter + 1: null

2018-12-13 13:38:24 - [TEST_STEP][PASSED] - Statement - PreSaveFile = new java.io.File(((pathPrefix + java.lang.Integer.toString(counter)) + .png)): null

2018-12-13 13:38:24 - [TEST_STEP][PASSED] - Statement - counter = counter + 1: null

2018-12-13 13:38:24 - [TEST_STEP][PASSED] - Statement - PreSaveFile = new java.io.File(((pathPrefix + java.lang.Integer.toString(counter)) + .png)): null

2018-12-13 13:38:24 - [TEST_STEP][PASSED] - Statement - counter = counter + 1: null

2018-12-13 13:38:24 - [TEST_STEP][PASSED] - Statement - PreSaveFile = new java.io.File(((pathPrefix + java.lang.Integer.toString(counter)) + .png)): null

2018-12-13 13:38:24 - [TEST_STEP][PASSED] - Statement - counter = counter + 1: null

2018-12-13 13:38:24 - [TEST_STEP][PASSED] - Statement - PreSaveFile = new java.io.File(((pathPrefix + java.lang.Integer.toString(counter)) + .png)): null

2018-12-13 13:38:24 - [TEST_STEP][PASSED] - Statement - counter = counter + 1: null

2018-12-13 13:38:24 - [TEST_STEP][PASSED] - Statement - PreSaveFile = new java.io.File(((pathPrefix + java.lang.Integer.toString(counter)) + .png)): null

2018-12-13 13:38:24 - [TEST_STEP][PASSED] - Statement - counter = counter + 1: null

2018-12-13 13:38:24 - [TEST_STEP][PASSED] - Statement - PreSaveFile = new java.io.File(((pathPrefix + java.lang.Integer.toString(counter)) + .png)): null

2018-12-13 13:38:24 - [TEST_STEP][PASSED] - Statement - counter = counter + 1: null

2018-12-13 13:38:24 - [TEST_STEP][PASSED] - Statement - PreSaveFile = new java.io.File(((pathPrefix + java.lang.Integer.toString(counter)) + .png)): null

2018-12-13 13:38:24 - [TEST_STEP][PASSED] - Statement - counter = counter + 1: null

2018-12-13 13:38:24 - [TEST_STEP][PASSED] - Statement - PreSaveFile = new java.io.File(((pathPrefix + java.lang.Integer.toString(counter)) + .png)): null

2018-12-13 13:38:24 - [TEST_STEP][PASSED] - Statement - counter = counter + 1: null

2018-12-13 13:38:24 - [TEST_STEP][PASSED] - Statement - PreSaveFile = new java.io.File(((pathPrefix + java.lang.Integer.toString(counter)) + .png)): null

2018-12-13 13:38:24 - [TEST_STEP][PASSED] - Statement - counter = counter + 1: null

2018-12-13 13:38:24 - [TEST_STEP][PASSED] - Statement - PreSaveFile = new java.io.File(((pathPrefix + java.lang.Integer.toString(counter)) + .png)): null

2018-12-13 13:38:24 - [TEST_STEP][PASSED] - Statement - counter = counter + 1: null

2018-12-13 13:38:24 - [TEST_STEP][PASSED] - Statement - PreSaveFile = new java.io.File(((pathPrefix + java.lang.Integer.toString(counter)) + .png)): null

2018-12-13 13:38:24 - [TEST_STEP][PASSED] - Statement - counter = counter + 1: null

2018-12-13 13:38:24 - [TEST_STEP][PASSED] - Statement - PreSaveFile = new java.io.File(((pathPrefix + java.lang.Integer.toString(counter)) + .png)): null

2018-12-13 13:38:24 - [TEST_STEP][PASSED] - Statement - counter = counter + 1: null

2018-12-13 13:38:24 - [TEST_STEP][PASSED] - Statement - PreSaveFile = new java.io.File(((pathPrefix + java.lang.Integer.toString(counter)) + .png)): null

2018-12-13 13:38:24 - [TEST_STEP][PASSED] - Statement - counter = counter + 1: null

2018-12-13 13:38:24 - [TEST_STEP][PASSED] - Statement - PreSaveFile = new java.io.File(((pathPrefix + java.lang.Integer.toString(counter)) + .png)): null

2018-12-13 13:38:24 - [TEST_STEP][PASSED] - Statement - counter = counter + 1: null

2018-12-13 13:38:24 - [TEST_STEP][PASSED] - Statement - PreSaveFile = new java.io.File(((pathPrefix + java.lang.Integer.toString(counter)) + .png)): null

2018-12-13 13:38:24 - [TEST_STEP][PASSED] - Statement - counter = counter + 1: null

2018-12-13 13:38:24 - [TEST_STEP][PASSED] - Statement - PreSaveFile = new java.io.File(((pathPrefix + java.lang.Integer.toString(counter)) + .png)): null

2018-12-13 13:38:24 - [TEST_STEP][PASSED] - Statement - counter = counter + 1: null

2018-12-13 13:38:24 - [TEST_STEP][PASSED] - Statement - PreSaveFile = new java.io.File(((pathPrefix + java.lang.Integer.toString(counter)) + .png)): null

2018-12-13 13:38:24 - [TEST_STEP][PASSED] - Statement - counter = counter + 1: null

2018-12-13 13:38:24 - [TEST_STEP][PASSED] - Statement - PreSaveFile = new java.io.File(((pathPrefix + java.lang.Integer.toString(counter)) + .png)): null

2018-12-13 13:38:24 - [TEST_STEP][PASSED] - Statement - counter = counter + 1: null

2018-12-13 13:38:24 - [TEST_STEP][PASSED] - Statement - PreSaveFile = new java.io.File(((pathPrefix + java.lang.Integer.toString(counter)) + .png)): null

2018-12-13 13:38:24 - [TEST_STEP][PASSED] - Statement - counter = counter + 1: null

2018-12-13 13:38:24 - [TEST_STEP][PASSED] - Statement - PreSaveFile = new java.io.File(((pathPrefix + java.lang.Integer.toString(counter)) + .png)): null

2018-12-13 13:38:24 - [TEST_STEP][PASSED] - Statement - counter = counter + 1: null

2018-12-13 13:38:24 - [TEST_STEP][PASSED] - Statement - PreSaveFile = new java.io.File(((pathPrefix + java.lang.Integer.toString(counter)) + .png)): null

2018-12-13 13:38:24 - [TEST_STEP][PASSED] - Statement - counter = counter + 1: null

2018-12-13 13:38:24 - [TEST_STEP][PASSED] - Statement - PreSaveFile = new java.io.File(((pathPrefix + java.lang.Integer.toString(counter)) + .png)): null

2018-12-13 13:38:24 - [TEST_STEP][PASSED] - Statement - counter = counter + 1: null

2018-12-13 13:38:24 - [TEST_STEP][PASSED] - Statement - PreSaveFile = new java.io.File(((pathPrefix + java.lang.Integer.toString(counter)) + .png)): null

2018-12-13 13:38:24 - [TEST_STEP][PASSED] - Statement - counter = counter + 1: null

2018-12-13 13:38:24 - [TEST_STEP][PASSED] - Statement - PreSaveFile = new java.io.File(((pathPrefix + java.lang.Integer.toString(counter)) + .png)): null

2018-12-13 13:38:24 - [TEST_STEP][PASSED] - Statement - counter = counter + 1: null

2018-12-13 13:38:24 - [TEST_STEP][PASSED] - Statement - PreSaveFile = new java.io.File(((pathPrefix + java.lang.Integer.toString(counter)) + .png)): null

2018-12-13 13:38:24 - [TEST_STEP][PASSED] - Statement - counter = counter + 1: null

2018-12-13 13:38:24 - [TEST_STEP][PASSED] - Statement - PreSaveFile = new java.io.File(((pathPrefix + java.lang.Integer.toString(counter)) + .png)): null

2018-12-13 13:38:24 - [TEST_STEP][PASSED] - Statement - counter = counter + 1: null

2018-12-13 13:38:24 - [TEST_STEP][PASSED] - Statement - PreSaveFile = new java.io.File(((pathPrefix + java.lang.Integer.toString(counter)) + .png)): null

2018-12-13 13:38:24 - [TEST_STEP][PASSED] - Statement - counter = counter + 1: null

2018-12-13 13:38:24 - [TEST_STEP][PASSED] - Statement - PreSaveFile = new java.io.File(((pathPrefix + java.lang.Integer.toString(counter)) + .png)): null

2018-12-13 13:38:24 - [TEST_STEP][PASSED] - Statement - counter = counter + 1: null

2018-12-13 13:38:24 - [TEST_STEP][PASSED] - Statement - PreSaveFile = new java.io.File(((pathPrefix + java.lang.Integer.toString(counter)) + .png)): null

2018-12-13 13:38:24 - [TEST_STEP][PASSED] - Statement - counter = counter + 1: null

2018-12-13 13:38:24 - [TEST_STEP][PASSED] - Statement - PreSaveFile = new java.io.File(((pathPrefix + java.lang.Integer.toString(counter)) + .png)): null

2018-12-13 13:38:24 - [TEST_STEP][PASSED] - Statement - counter = counter + 1: null

2018-12-13 13:38:24 - [TEST_STEP][PASSED] - Statement - PreSaveFile = new java.io.File(((pathPrefix + java.lang.Integer.toString(counter)) + .png)): null

2018-12-13 13:38:24 - [TEST_STEP][PASSED] - Statement - counter = counter + 1: null

2018-12-13 13:38:24 - [TEST_STEP][PASSED] - Statement - PreSaveFile = new java.io.File(((pathPrefix + java.lang.Integer.toString(counter)) + .png)): null

2018-12-13 13:38:24 - [TEST_STEP][PASSED] - Statement - counter = counter + 1: null

2018-12-13 13:38:24 - [TEST_STEP][PASSED] - Statement - PreSaveFile = new java.io.File(((pathPrefix + java.lang.Integer.toString(counter)) + .png)): null

2018-12-13 13:38:24 - [TEST_STEP][PASSED] - Statement - counter = counter + 1: null

2018-12-13 13:38:24 - [TEST_STEP][PASSED] - Statement - PreSaveFile = new java.io.File(((pathPrefix + java.lang.Integer.toString(counter)) + .png)): null

2018-12-13 13:38:24 - [TEST_STEP][PASSED] - Statement - counter = counter + 1: null

2018-12-13 13:38:24 - [TEST_STEP][PASSED] - Statement - PreSaveFile = new java.io.File(((pathPrefix + java.lang.Integer.toString(counter)) + .png)): null

2018-12-13 13:38:24 - [TEST_STEP][PASSED] - Statement - counter = counter + 1: null

2018-12-13 13:38:24 - [TEST_STEP][PASSED] - Statement - PreSaveFile = new java.io.File(((pathPrefix + java.lang.Integer.toString(counter)) + .png)): null

2018-12-13 13:38:24 - [TEST_STEP][PASSED] - Statement - counter = counter + 1: null

2018-12-13 13:38:24 - [TEST_STEP][PASSED] - Statement - PreSaveFile = new java.io.File(((pathPrefix + java.lang.Integer.toString(counter)) + .png)): null

2018-12-13 13:38:24 - [TEST_STEP][PASSED] - Statement - counter = counter + 1: null

2018-12-13 13:38:24 - [TEST_STEP][PASSED] - Statement - PreSaveFile = new java.io.File(((pathPrefix + java.lang.Integer.toString(counter)) + .png)): null

2018-12-13 13:38:24 - [TEST_STEP][PASSED] - Statement - counter = counter + 1: null

2018-12-13 13:38:24 - [TEST_STEP][PASSED] - Statement - PreSaveFile = new java.io.File(((pathPrefix + java.lang.Integer.toString(counter)) + .png)): null

2018-12-13 13:38:24 - [TEST_STEP][PASSED] - Statement - counter = counter + 1: null

2018-12-13 13:38:24 - [TEST_STEP][PASSED] - Statement - PreSaveFile = new java.io.File(((pathPrefix + java.lang.Integer.toString(counter)) + .png)): null

2018-12-13 13:38:24 - [TEST_STEP][PASSED] - Statement - counter = counter + 1: null

2018-12-13 13:38:24 - [TEST_STEP][PASSED] - Statement - PreSaveFile = new java.io.File(((pathPrefix + java.lang.Integer.toString(counter)) + .png)): null

2018-12-13 13:38:24 - [TEST_STEP][PASSED] - Statement - counter = counter + 1: null

2018-12-13 13:38:24 - [TEST_STEP][PASSED] - Statement - PreSaveFile = new java.io.File(((pathPrefix + java.lang.Integer.toString(counter)) + .png)): null

2018-12-13 13:38:24 - [TEST_STEP][PASSED] - Statement - counter = counter + 1: null

2018-12-13 13:38:24 - [TEST_STEP][PASSED] - Statement - PreSaveFile = new java.io.File(((pathPrefix + java.lang.Integer.toString(counter)) + .png)): null

2018-12-13 13:38:24 - [TEST_STEP][PASSED] - Statement - counter = counter + 1: null

2018-12-13 13:38:24 - [TEST_STEP][PASSED] - Statement - PreSaveFile = new java.io.File(((pathPrefix + java.lang.Integer.toString(counter)) + .png)): null

2018-12-13 13:38:24 - [TEST_STEP][PASSED] - Statement - counter = counter + 1: null

2018-12-13 13:38:24 - [TEST_STEP][PASSED] - Statement - PreSaveFile = new java.io.File(((pathPrefix + java.lang.Integer.toString(counter)) + .png)): null

2018-12-13 13:38:24 - [TEST_STEP][PASSED] - Statement - counter = counter + 1: null

2018-12-13 13:38:24 - [TEST_STEP][PASSED] - Statement - PreSaveFile = new java.io.File(((pathPrefix + java.lang.Integer.toString(counter)) + .png)): null

2018-12-13 13:38:24 - [TEST_STEP][PASSED] - Statement - counter = counter + 1: null

2018-12-13 13:38:24 - [TEST_STEP][PASSED] - Statement - PreSaveFile = new java.io.File(((pathPrefix + java.lang.Integer.toString(counter)) + .png)): null

2018-12-13 13:38:24 - [TEST_STEP][PASSED] - Statement - counter = counter + 1: null

2018-12-13 13:38:24 - [TEST_STEP][PASSED] - Statement - PreSaveFile = new java.io.File(((pathPrefix + java.lang.Integer.toString(counter)) + .png)): null

2018-12-13 13:38:24 - [TEST_STEP][PASSED] - Statement - counter = counter + 1: null

2018-12-13 13:38:24 - [TEST_STEP][PASSED] - Statement - PreSaveFile = new java.io.File(((pathPrefix + java.lang.Integer.toString(counter)) + .png)): null

2018-12-13 13:38:24 - [TEST_STEP][PASSED] - Statement - counter = counter + 1: null

2018-12-13 13:38:24 - [TEST_STEP][PASSED] - Statement - PreSaveFile = new java.io.File(((pathPrefix + java.lang.Integer.toString(counter)) + .png)): null

2018-12-13 13:38:24 - [TEST_STEP][PASSED] - Statement - counter = counter + 1: null

2018-12-13 13:38:24 - [TEST_STEP][PASSED] - Statement - PreSaveFile = new java.io.File(((pathPrefix + java.lang.Integer.toString(counter)) + .png)): null

2018-12-13 13:38:24 - [TEST_STEP][PASSED] - Statement - counter = counter + 1: null

2018-12-13 13:38:24 - [TEST_STEP][PASSED] - Statement - PreSaveFile = new java.io.File(((pathPrefix + java.lang.Integer.toString(counter)) + .png)): null

2018-12-13 13:38:24 - [TEST_STEP][PASSED] - Statement - counter = counter + 1: null

2018-12-13 13:38:24 - [TEST_STEP][PASSED] - Statement - PreSaveFile = new java.io.File(((pathPrefix + java.lang.Integer.toString(counter)) + .png)): null

2018-12-13 13:38:24 - [TEST_STEP][PASSED] - Statement - counter = counter + 1: null

2018-12-13 13:38:24 - [TEST_STEP][PASSED] - Statement - PreSaveFile = new java.io.File(((pathPrefix + java.lang.Integer.toString(counter)) + .png)): null

2018-12-13 13:38:24 - [TEST_STEP][PASSED] - Statement - counter = counter + 1: null

2018-12-13 13:38:24 - [TEST_STEP][PASSED] - Statement - PreSaveFile = new java.io.File(((pathPrefix + java.lang.Integer.toString(counter)) + .png)): null

2018-12-13 13:38:24 - [TEST_STEP][PASSED] - Statement - counter = counter + 1: null

2018-12-13 13:38:24 - [TEST_STEP][PASSED] - Statement - PreSaveFile = new java.io.File(((pathPrefix + java.lang.Integer.toString(counter)) + .png)): null

2018-12-13 13:38:24 - [TEST_STEP][PASSED] - Statement - counter = counter + 1: null

2018-12-13 13:38:24 - [TEST_STEP][PASSED] - Statement - PreSaveFile = new java.io.File(((pathPrefix + java.lang.Integer.toString(counter)) + .png)): null

2018-12-13 13:38:24 - [TEST_STEP][PASSED] - Statement - counter = counter + 1: null

2018-12-13 13:38:24 - [TEST_STEP][PASSED] - Statement - PreSaveFile = new java.io.File(((pathPrefix + java.lang.Integer.toString(counter)) + .png)): null

2018-12-13 13:38:24 - [TEST_STEP][PASSED] - Statement - counter = counter + 1: null

2018-12-13 13:38:24 - [TEST_STEP][PASSED] - Statement - PreSaveFile = new java.io.File(((pathPrefix + java.lang.Integer.toString(counter)) + .png)): null

2018-12-13 13:38:24 - [TEST_STEP][PASSED] - Statement - counter = counter + 1: null

2018-12-13 13:38:24 - [TEST_STEP][PASSED] - Statement - PreSaveFile = new java.io.File(((pathPrefix + java.lang.Integer.toString(counter)) + .png)): null

2018-12-13 13:38:24 - [TEST_STEP][PASSED] - Statement - counter = counter + 1: null

2018-12-13 13:38:24 - [TEST_STEP][PASSED] - Statement - PreSaveFile = new java.io.File(((pathPrefix + java.lang.Integer.toString(counter)) + .png)): null

2018-12-13 13:38:24 - [TEST_STEP][PASSED] - Statement - counter = counter + 1: null

2018-12-13 13:38:24 - [TEST_STEP][PASSED] - Statement - PreSaveFile = new java.io.File(((pathPrefix + java.lang.Integer.toString(counter)) + .png)): null

2018-12-13 13:38:24 - [TEST_STEP][PASSED] - Statement - counter = counter + 1: null

2018-12-13 13:38:24 - [TEST_STEP][PASSED] - Statement - PreSaveFile = new java.io.File(((pathPrefix + java.lang.Integer.toString(counter)) + .png)): null

2018-12-13 13:38:24 - [TEST_STEP][PASSED] - Statement - counter = counter + 1: null

2018-12-13 13:38:24 - [TEST_STEP][PASSED] - Statement - PreSaveFile = new java.io.File(((pathPrefix + java.lang.Integer.toString(counter)) + .png)): null

2018-12-13 13:38:24 - [TEST_STEP][PASSED] - Statement - counter = counter + 1: null

2018-12-13 13:38:24 - [TEST_STEP][PASSED] - Statement - PreSaveFile = new java.io.File(((pathPrefix + java.lang.Integer.toString(counter)) + .png)): null

2018-12-13 13:38:24 - [TEST_STEP][PASSED] - Statement - counter = counter + 1: null

2018-12-13 13:38:24 - [TEST_STEP][PASSED] - Statement - PreSaveFile = new java.io.File(((pathPrefix + java.lang.Integer.toString(counter)) + .png)): null

2018-12-13 13:38:24 - [TEST_STEP][PASSED] - Statement - counter = counter + 1: null

2018-12-13 13:38:24 - [TEST_STEP][PASSED] - Statement - PreSaveFile = new java.io.File(((pathPrefix + java.lang.Integer.toString(counter)) + .png)): null

2018-12-13 13:38:24 - [TEST_STEP][PASSED] - Statement - counter = counter + 1: null

2018-12-13 13:38:24 - [TEST_STEP][PASSED] - Statement - PreSaveFile = new java.io.File(((pathPrefix + java.lang.Integer.toString(counter)) + .png)): null

2018-12-13 13:38:24 - [TEST_STEP][PASSED] - Statement - counter = counter + 1: null

2018-12-13 13:38:24 - [TEST_STEP][PASSED] - Statement - PreSaveFile = new java.io.File(((pathPrefix + java.lang.Integer.toString(counter)) + .png)): null

2018-12-13 13:38:24 - [TEST_STEP][PASSED] - Statement - counter = counter + 1: null

2018-12-13 13:38:24 - [TEST_STEP][PASSED] - Statement - PreSaveFile = new java.io.File(((pathPrefix + java.lang.Integer.toString(counter)) + .png)): null

2018-12-13 13:38:24 - [TEST_STEP][PASSED] - Statement - counter = counter + 1: null

2018-12-13 13:38:24 - [TEST_STEP][PASSED] - Statement - PreSaveFile = new java.io.File(((pathPrefix + java.lang.Integer.toString(counter)) + .png)): null

2018-12-13 13:38:24 - [TEST_STEP][PASSED] - Statement - counter = counter + 1: null

2018-12-13 13:38:24 - [TEST_STEP][PASSED] - Statement - PreSaveFile = new java.io.File(((pathPrefix + java.lang.Integer.toString(counter)) + .png)): null

2018-12-13 13:38:24 - [TEST_STEP][PASSED] - Statement - counter = counter + 1: null

2018-12-13 13:38:24 - [TEST_STEP][PASSED] - Statement - PreSaveFile = new java.io.File(((pathPrefix + java.lang.Integer.toString(counter)) + .png)): null

2018-12-13 13:38:24 - [TEST_STEP][PASSED] - Statement - counter = counter + 1: null

2018-12-13 13:38:24 - [TEST_STEP][PASSED] - Statement - PreSaveFile = new java.io.File(((pathPrefix + java.lang.Integer.toString(counter)) + .png)): null

2018-12-13 13:38:24 - [TEST_STEP][PASSED] - Statement - counter = counter + 1: null

2018-12-13 13:38:24 - [TEST_STEP][PASSED] - Statement - PreSaveFile = new java.io.File(((pathPrefix + java.lang.Integer.toString(counter)) + .png)): null

2018-12-13 13:38:24 - [TEST_STEP][PASSED] - Statement - counter = counter + 1: null

2018-12-13 13:38:24 - [TEST_STEP][PASSED] - Statement - PreSaveFile = new java.io.File(((pathPrefix + java.lang.Integer.toString(counter)) + .png)): null

2018-12-13 13:38:24 - [TEST_STEP][PASSED] - Statement - counter = counter + 1: null

2018-12-13 13:38:24 - [TEST_STEP][PASSED] - Statement - PreSaveFile = new java.io.File(((pathPrefix + java.lang.Integer.toString(counter)) + .png)): null

2018-12-13 13:38:24 - [TEST_STEP][PASSED] - Statement - counter = counter + 1: null

2018-12-13 13:38:24 - [TEST_STEP][PASSED] - Statement - PreSaveFile = new java.io.File(((pathPrefix + java.lang.Integer.toString(counter)) + .png)): null

2018-12-13 13:38:24 - [TEST_STEP][PASSED] - Statement - counter = counter + 1: null

2018-12-13 13:38:24 - [TEST_STEP][PASSED] - Statement - PreSaveFile = new java.io.File(((pathPrefix + java.lang.Integer.toString(counter)) + .png)): null

2018-12-13 13:38:24 - [TEST_STEP][PASSED] - Statement - counter = counter + 1: null

2018-12-13 13:38:24 - [TEST_STEP][PASSED] - Statement - PreSaveFile = new java.io.File(((pathPrefix + java.lang.Integer.toString(counter)) + .png)): null

2018-12-13 13:38:24 - [TEST_STEP][PASSED] - Statement - counter = counter + 1: null

2018-12-13 13:38:24 - [TEST_STEP][PASSED] - Statement - PreSaveFile = new java.io.File(((pathPrefix + java.lang.Integer.toString(counter)) + .png)): null

2018-12-13 13:38:24 - [TEST_STEP][PASSED] - Statement - counter = counter + 1: null

2018-12-13 13:38:24 - [TEST_STEP][PASSED] - Statement - PreSaveFile = new java.io.File(((pathPrefix + java.lang.Integer.toString(counter)) + .png)): null

2018-12-13 13:38:24 - [TEST_STEP][PASSED] - Statement - counter = counter + 1: null

2018-12-13 13:38:24 - [TEST_STEP][PASSED] - Statement - PreSaveFile = new java.io.File(((pathPrefix + java.lang.Integer.toString(counter)) + .png)): null

2018-12-13 13:38:24 - [TEST_STEP][PASSED] - Statement - counter = counter + 1: null

2018-12-13 13:38:24 - [TEST_STEP][PASSED] - Statement - PreSaveFile = new java.io.File(((pathPrefix + java.lang.Integer.toString(counter)) + .png)): null

2018-12-13 13:38:24 - [TEST_STEP][PASSED] - Statement - counter = counter + 1: null

2018-12-13 13:38:24 - [TEST_STEP][PASSED] - Statement - PreSaveFile = new java.io.File(((pathPrefix + java.lang.Integer.toString(counter)) + .png)): null

2018-12-13 13:38:24 - [TEST_STEP][PASSED] - Statement - counter = counter + 1: null

2018-12-13 13:38:24 - [TEST_STEP][PASSED] - Statement - PreSaveFile = new java.io.File(((pathPrefix + java.lang.Integer.toString(counter)) + .png)): null

2018-12-13 13:38:24 - [TEST_STEP][PASSED] - Statement - counter = counter + 1: null

2018-12-13 13:38:24 - [TEST_STEP][PASSED] - Statement - PreSaveFile = new java.io.File(((pathPrefix + java.lang.Integer.toString(counter)) + .png)): null

2018-12-13 13:38:24 - [TEST_STEP][PASSED] - Statement - counter = counter + 1: null

2018-12-13 13:38:24 - [TEST_STEP][PASSED] - Statement - PreSaveFile = new java.io.File(((pathPrefix + java.lang.Integer.toString(counter)) + .png)): null

2018-12-13 13:38:24 - [TEST_STEP][PASSED] - Statement - counter = counter + 1: null

2018-12-13 13:38:24 - [TEST_STEP][PASSED] - Statement - PreSaveFile = new java.io.File(((pathPrefix + java.lang.Integer.toString(counter)) + .png)): null

2018-12-13 13:38:24 - [TEST_STEP][PASSED] - Statement - counter = counter + 1: null

2018-12-13 13:38:24 - [TEST_STEP][PASSED] - Statement - PreSaveFile = new java.io.File(((pathPrefix + java.lang.Integer.toString(counter)) + .png)): null

2018-12-13 13:38:24 - [TEST_STEP][PASSED] - Statement - counter = counter + 1: null

2018-12-13 13:38:24 - [TEST_STEP][PASSED] - Statement - PreSaveFile = new java.io.File(((pathPrefix + java.lang.Integer.toString(counter)) + .png)): null

2018-12-13 13:38:24 - [TEST_STEP][PASSED] - Statement - counter = counter + 1: null

2018-12-13 13:38:24 - [TEST_STEP][PASSED] - Statement - PreSaveFile = new java.io.File(((pathPrefix + java.lang.Integer.toString(counter)) + .png)): null

2018-12-13 13:38:24 - [TEST_STEP][PASSED] - Statement - counter = counter + 1: null

2018-12-13 13:38:24 - [TEST_STEP][PASSED] - Statement - PreSaveFile = new java.io.File(((pathPrefix + java.lang.Integer.toString(counter)) + .png)): null

2018-12-13 13:38:24 - [TEST_STEP][PASSED] - Statement - counter = counter + 1: null

2018-12-13 13:38:24 - [TEST_STEP][PASSED] - Statement - PreSaveFile = new java.io.File(((pathPrefix + java.lang.Integer.toString(counter)) + .png)): null

2018-12-13 13:38:24 - [TEST_STEP][PASSED] - Statement - counter = counter + 1: null

2018-12-13 13:38:24 - [TEST_STEP][PASSED] - Statement - PreSaveFile = new java.io.File(((pathPrefix + java.lang.Integer.toString(counter)) + .png)): null

2018-12-13 13:38:24 - [TEST_STEP][PASSED] - Statement - counter = counter + 1: null

2018-12-13 13:38:24 - [TEST_STEP][PASSED] - Statement - PreSaveFile = new java.io.File(((pathPrefix + java.lang.Integer.toString(counter)) + .png)): null

2018-12-13 13:38:24 - [TEST_STEP][PASSED] - Statement - counter = counter + 1: null

2018-12-13 13:38:24 - [TEST_STEP][PASSED] - Statement - PreSaveFile = new java.io.File(((pathPrefix + java.lang.Integer.toString(counter)) + .png)): null

2018-12-13 13:38:24 - [TEST_STEP][PASSED] - Statement - counter = counter + 1: null

2018-12-13 13:38:24 - [TEST_STEP][PASSED] - Statement - PreSaveFile = new java.io.File(((pathPrefix + java.lang.Integer.toString(counter)) + .png)): null

2018-12-13 13:38:24 - [TEST_STEP][PASSED] - Statement - counter = counter + 1: null

2018-12-13 13:38:24 - [TEST_STEP][PASSED] - Statement - PreSaveFile = new java.io.File(((pathPrefix + java.lang.Integer.toString(counter)) + .png)): null

2018-12-13 13:38:24 - [TEST_STEP][PASSED] - Statement - counter = counter + 1: null

2018-12-13 13:38:24 - [TEST_STEP][PASSED] - Statement - PreSaveFile = new java.io.File(((pathPrefix + java.lang.Integer.toString(counter)) + .png)): null

2018-12-13 13:38:24 - [TEST_STEP][PASSED] - Statement - counter = counter + 1: null

2018-12-13 13:38:24 - [TEST_STEP][PASSED] - Statement - PreSaveFile = new java.io.File(((pathPrefix + java.lang.Integer.toString(counter)) + .png)): null

2018-12-13 13:38:24 - [TEST_STEP][PASSED] - Statement - counter = counter + 1: null

2018-12-13 13:38:24 - [TEST_STEP][PASSED] - Statement - PreSaveFile = new java.io.File(((pathPrefix + java.lang.Integer.toString(counter)) + .png)): null

2018-12-13 13:38:24 - [TEST_STEP][PASSED] - Statement - counter = counter + 1: null

2018-12-13 13:38:24 - [TEST_STEP][PASSED] - Statement - PreSaveFile = new java.io.File(((pathPrefix + java.lang.Integer.toString(counter)) + .png)): null

2018-12-13 13:38:24 - [TEST_STEP][PASSED] - Statement - counter = counter + 1: null

2018-12-13 13:38:24 - [TEST_STEP][PASSED] - Statement - PreSaveFile = new java.io.File(((pathPrefix + java.lang.Integer.toString(counter)) + .png)): null

2018-12-13 13:38:24 - [TEST_STEP][PASSED] - Statement - counter = counter + 1: null

2018-12-13 13:38:24 - [TEST_STEP][PASSED] - Statement - PreSaveFile = new java.io.File(((pathPrefix + java.lang.Integer.toString(counter)) + .png)): null

2018-12-13 13:38:24 - [TEST_STEP][PASSED] - Statement - counter = counter + 1: null

2018-12-13 13:38:24 - [TEST_STEP][PASSED] - Statement - PreSaveFile = new java.io.File(((pathPrefix + java.lang.Integer.toString(counter)) + .png)): null

2018-12-13 13:38:24 - [TEST_STEP][PASSED] - Statement - counter = counter + 1: null

2018-12-13 13:38:24 - [TEST_STEP][PASSED] - Statement - PreSaveFile = new java.io.File(((pathPrefix + java.lang.Integer.toString(counter)) + .png)): null

2018-12-13 13:38:24 - [TEST_STEP][PASSED] - Statement - counter = counter + 1: null

2018-12-13 13:38:24 - [TEST_STEP][PASSED] - Statement - PreSaveFile = new java.io.File(((pathPrefix + java.lang.Integer.toString(counter)) + .png)): null

2018-12-13 13:38:24 - [TEST_STEP][PASSED] - Statement - counter = counter + 1: null

2018-12-13 13:38:24 - [TEST_STEP][PASSED] - Statement - PreSaveFile = new java.io.File(((pathPrefix + java.lang.Integer.toString(counter)) + .png)): null

2018-12-13 13:38:24 - [TEST_STEP][PASSED] - Statement - counter = counter + 1: null

2018-12-13 13:38:24 - [TEST_STEP][PASSED] - Statement - PreSaveFile = new java.io.File(((pathPrefix + java.lang.Integer.toString(counter)) + .png)): null

2018-12-13 13:38:24 - [TEST_STEP][PASSED] - Statement - counter = counter + 1: null

2018-12-13 13:38:24 - [TEST_STEP][PASSED] - Statement - PreSaveFile = new java.io.File(((pathPrefix + java.lang.Integer.toString(counter)) + .png)): null

2018-12-13 13:38:24 - [TEST_STEP][PASSED] - Statement - counter = counter + 1: null

2018-12-13 13:38:24 - [TEST_STEP][PASSED] - Statement - PreSaveFile = new java.io.File(((pathPrefix + java.lang.Integer.toString(counter)) + .png)): null

2018-12-13 13:38:24 - [TEST_STEP][PASSED] - Statement - counter = counter + 1: null

2018-12-13 13:38:24 - [TEST_STEP][PASSED] - Statement - PreSaveFile = new java.io.File(((pathPrefix + java.lang.Integer.toString(counter)) + .png)): null

2018-12-13 13:38:24 - [TEST_STEP][PASSED] - Statement - counter = counter + 1: null

2018-12-13 13:38:24 - [TEST_STEP][PASSED] - Statement - PreSaveFile = new java.io.File(((pathPrefix + java.lang.Integer.toString(counter)) + .png)): null

2018-12-13 13:38:24 - [TEST_STEP][PASSED] - Statement - counter = counter + 1: null

2018-12-13 13:38:24 - [TEST_STEP][PASSED] - Statement - PreSaveFile = new java.io.File(((pathPrefix + java.lang.Integer.toString(counter)) + .png)): null

2018-12-13 13:38:24 - [TEST_STEP][PASSED] - Statement - counter = counter + 1: null

2018-12-13 13:38:24 - [TEST_STEP][PASSED] - Statement - PreSaveFile = new java.io.File(((pathPrefix + java.lang.Integer.toString(counter)) + .png)): null

2018-12-13 13:38:24 - [TEST_STEP][PASSED] - Statement - counter = counter + 1: null

2018-12-13 13:38:24 - [TEST_STEP][PASSED] - Statement - PreSaveFile = new java.io.File(((pathPrefix + java.lang.Integer.toString(counter)) + .png)): null

2018-12-13 13:38:24 - [TEST_STEP][PASSED] - Statement - counter = counter + 1: null

2018-12-13 13:38:24 - [TEST_STEP][PASSED] - Statement - PreSaveFile = new java.io.File(((pathPrefix + java.lang.Integer.toString(counter)) + .png)): null

2018-12-13 13:38:24 - [TEST_STEP][PASSED] - Statement - counter = counter + 1: null

2018-12-13 13:38:24 - [TEST_STEP][PASSED] - Statement - PreSaveFile = new java.io.File(((pathPrefix + java.lang.Integer.toString(counter)) + .png)): null

2018-12-13 13:38:24 - [TEST_STEP][PASSED] - Statement - counter = counter + 1: null

2018-12-13 13:38:24 - [TEST_STEP][PASSED] - Statement - PreSaveFile = new java.io.File(((pathPrefix + java.lang.Integer.toString(counter)) + .png)): null

2018-12-13 13:38:24 - [TEST_STEP][PASSED] - Statement - counter = counter + 1: null

2018-12-13 13:38:24 - [TEST_STEP][PASSED] - Statement - PreSaveFile = new java.io.File(((pathPrefix + java.lang.Integer.toString(counter)) + .png)): null

2018-12-13 13:38:24 - [TEST_STEP][PASSED] - Statement - counter = counter + 1: null

2018-12-13 13:38:24 - [TEST_STEP][PASSED] - Statement - PreSaveFile = new java.io.File(((pathPrefix + java.lang.Integer.toString(counter)) + .png)): null

2018-12-13 13:38:24 - [TEST_STEP][PASSED] - Statement - counter = counter + 1: null

2018-12-13 13:38:24 - [TEST_STEP][PASSED] - Statement - PreSaveFile = new java.io.File(((pathPrefix + java.lang.Integer.toString(counter)) + .png)): null

2018-12-13 13:38:24 - [TEST_STEP][PASSED] - Statement - counter = counter + 1: null

2018-12-13 13:38:24 - [TEST_STEP][PASSED] - Statement - PreSaveFile = new java.io.File(((pathPrefix + java.lang.Integer.toString(counter)) + .png)): null

2018-12-13 13:38:24 - [TEST_STEP][PASSED] - Statement - counter = counter + 1: null

2018-12-13 13:38:24 - [TEST_STEP][PASSED] - Statement - PreSaveFile = new java.io.File(((pathPrefix + java.lang.Integer.toString(counter)) + .png)): null

2018-12-13 13:38:24 - [TEST_STEP][PASSED] - Statement - counter = counter + 1: null

2018-12-13 13:38:24 - [TEST_STEP][PASSED] - Statement - PreSaveFile = new java.io.File(((pathPrefix + java.lang.Integer.toString(counter)) + .png)): null

2018-12-13 13:38:24 - [TEST_STEP][PASSED] - Statement - counter = counter + 1: null

2018-12-13 13:38:24 - [TEST_STEP][PASSED] - Statement - PreSaveFile = new java.io.File(((pathPrefix + java.lang.Integer.toString(counter)) + .png)): null

2018-12-13 13:38:24 - [TEST_STEP][PASSED] - Statement - counter = counter + 1: null

2018-12-13 13:38:24 - [TEST_STEP][PASSED] - Statement - PreSaveFile = new java.io.File(((pathPrefix + java.lang.Integer.toString(counter)) + .png)): null

2018-12-13 13:38:24 - [TEST_STEP][PASSED] - Statement - counter = counter + 1: null

2018-12-13 13:38:24 - [TEST_STEP][PASSED] - Statement - PreSaveFile = new java.io.File(((pathPrefix + java.lang.Integer.toString(counter)) + .png)): null

2018-12-13 13:38:24 - [TEST_STEP][PASSED] - Statement - counter = counter + 1: null

2018-12-13 13:38:24 - [TEST_STEP][PASSED] - Statement - PreSaveFile = new java.io.File(((pathPrefix + java.lang.Integer.toString(counter)) + .png)): null

2018-12-13 13:38:24 - [TEST_STEP][PASSED] - Statement - counter = counter + 1: null

2018-12-13 13:38:24 - [TEST_STEP][PASSED] - Statement - PreSaveFile = new java.io.File(((pathPrefix + java.lang.Integer.toString(counter)) + .png)): null

2018-12-13 13:38:24 - [TEST_STEP][PASSED] - Statement - counter = counter + 1: null

2018-12-13 13:38:24 - [TEST_STEP][PASSED] - Statement - PreSaveFile = new java.io.File(((pathPrefix + java.lang.Integer.toString(counter)) + .png)): null

2018-12-13 13:38:24 - [TEST_STEP][PASSED] - Statement - counter = counter + 1: null

2018-12-13 13:38:24 - [TEST_STEP][PASSED] - Statement - PreSaveFile = new java.io.File(((pathPrefix + java.lang.Integer.toString(counter)) + .png)): null

2018-12-13 13:38:24 - [TEST_STEP][PASSED] - Statement - counter = counter + 1: null

2018-12-13 13:38:24 - [TEST_STEP][PASSED] - Statement - PreSaveFile = new java.io.File(((pathPrefix + java.lang.Integer.toString(counter)) + .png)): null

2018-12-13 13:38:24 - [TEST_STEP][PASSED] - Statement - counter = counter + 1: null

2018-12-13 13:38:24 - [TEST_STEP][PASSED] - Statement - PreSaveFile = new java.io.File(((pathPrefix + java.lang.Integer.toString(counter)) + .png)): null

2018-12-13 13:38:24 - [TEST_STEP][PASSED] - Statement - counter = counter + 1: null

2018-12-13 13:38:24 - [TEST_STEP][PASSED] - Statement - PreSaveFile = new java.io.File(((pathPrefix + java.lang.Integer.toString(counter)) + .png)): null

2018-12-13 13:38:24 - [TEST_STEP][PASSED] - Statement - counter = counter + 1: null

2018-12-13 13:38:24 - [TEST_STEP][PASSED] - Statement - PreSaveFile = new java.io.File(((pathPrefix + java.lang.Integer.toString(counter)) + .png)): null

2018-12-13 13:38:24 - [TEST_STEP][PASSED] - Statement - counter = counter + 1: null

2018-12-13 13:38:24 - [TEST_STEP][PASSED] - Statement - PreSaveFile = new java.io.File(((pathPrefix + java.lang.Integer.toString(counter)) + .png)): null

2018-12-13 13:38:24 - [TEST_STEP][PASSED] - Statement - counter = counter + 1: null

2018-12-13 13:38:24 - [TEST_STEP][PASSED] - Statement - PreSaveFile = new java.io.File(((pathPrefix + java.lang.Integer.toString(counter)) + .png)): null

2018-12-13 13:38:24 - [TEST_STEP][PASSED] - Statement - counter = counter + 1: null

2018-12-13 13:38:24 - [TEST_STEP][PASSED] - Statement - PreSaveFile = new java.io.File(((pathPrefix + java.lang.Integer.toString(counter)) + .png)): null

2018-12-13 13:38:24 - [TEST_STEP][PASSED] - Statement - counter = counter + 1: null

2018-12-13 13:38:24 - [TEST_STEP][PASSED] - Statement - PreSaveFile = new java.io.File(((pathPrefix + java.lang.Integer.toString(counter)) + .png)): null

2018-12-13 13:38:24 - [TEST_STEP][PASSED] - Statement - counter = counter + 1: null

2018-12-13 13:38:24 - [TEST_STEP][PASSED] - Statement - PreSaveFile = new java.io.File(((pathPrefix + java.lang.Integer.toString(counter)) + .png)): null

2018-12-13 13:38:24 - [TEST_STEP][PASSED] - Statement - counter = counter + 1: null

2018-12-13 13:38:24 - [TEST_STEP][PASSED] - Statement - PreSaveFile = new java.io.File(((pathPrefix + java.lang.Integer.toString(counter)) + .png)): null

2018-12-13 13:38:24 - [TEST_STEP][PASSED] - Statement - counter = counter + 1: null

2018-12-13 13:38:24 - [TEST_STEP][PASSED] - Statement - PreSaveFile = new java.io.File(((pathPrefix + java.lang.Integer.toString(counter)) + .png)): null

2018-12-13 13:38:24 - [TEST_STEP][PASSED] - Statement - counter = counter + 1: null

2018-12-13 13:38:24 - [TEST_STEP][PASSED] - Statement - PreSaveFile = new java.io.File(((pathPrefix + java.lang.Integer.toString(counter)) + .png)): null

2018-12-13 13:38:24 - [TEST_STEP][PASSED] - Statement - counter = counter + 1: null

2018-12-13 13:38:24 - [TEST_STEP][PASSED] - Statement - PreSaveFile = new java.io.File(((pathPrefix + java.lang.Integer.toString(counter)) + .png)): null

2018-12-13 13:38:24 - [TEST_STEP][PASSED] - Statement - counter = counter + 1: null

2018-12-13 13:38:24 - [TEST_STEP][PASSED] - Statement - PreSaveFile = new java.io.File(((pathPrefix + java.lang.Integer.toString(counter)) + .png)): null

2018-12-13 13:38:24 - [TEST_STEP][PASSED] - Statement - counter = counter + 1: null

2018-12-13 13:38:24 - [TEST_STEP][PASSED] - Statement - PreSaveFile = new java.io.File(((pathPrefix + java.lang.Integer.toString(counter)) + .png)): null

2018-12-13 13:38:24 - [TEST_STEP][PASSED] - Statement - counter = counter + 1: null

2018-12-13 13:38:24 - [TEST_STEP][PASSED] - Statement - PreSaveFile = new java.io.File(((pathPrefix + java.lang.Integer.toString(counter)) + .png)): null

2018-12-13 13:38:24 - [TEST_STEP][PASSED] - Statement - counter = counter + 1: null

2018-12-13 13:38:24 - [TEST_STEP][PASSED] - Statement - PreSaveFile = new java.io.File(((pathPrefix + java.lang.Integer.toString(counter)) + .png)): null

2018-12-13 13:38:24 - [TEST_STEP][PASSED] - Statement - counter = counter + 1: null

2018-12-13 13:38:24 - [TEST_STEP][PASSED] - Statement - PreSaveFile = new java.io.File(((pathPrefix + java.lang.Integer.toString(counter)) + .png)): null

2018-12-13 13:38:24 - [TEST_STEP][PASSED] - Statement - counter = counter + 1: null

2018-12-13 13:38:24 - [TEST_STEP][PASSED] - Statement - PreSaveFile = new java.io.File(((pathPrefix + java.lang.Integer.toString(counter)) + .png)): null

2018-12-13 13:38:24 - [TEST_STEP][PASSED] - Statement - counter = counter + 1: null

2018-12-13 13:38:24 - [TEST_STEP][PASSED] - Statement - PreSaveFile = new java.io.File(((pathPrefix + java.lang.Integer.toString(counter)) + .png)): null

2018-12-13 13:38:24 - [TEST_STEP][PASSED] - Statement - counter = counter + 1: null

2018-12-13 13:38:24 - [TEST_STEP][PASSED] - Statement - PreSaveFile = new java.io.File(((pathPrefix + java.lang.Integer.toString(counter)) + .png)): null

2018-12-13 13:38:24 - [TEST_STEP][PASSED] - Statement - counter = counter + 1: null

2018-12-13 13:38:24 - [TEST_STEP][PASSED] - Statement - PreSaveFile = new java.io.File(((pathPrefix + java.lang.Integer.toString(counter)) + .png)): null

2018-12-13 13:38:24 - [TEST_STEP][PASSED] - Statement - counter = counter + 1: null

2018-12-13 13:38:24 - [TEST_STEP][PASSED] - Statement - PreSaveFile = new java.io.File(((pathPrefix + java.lang.Integer.toString(counter)) + .png)): null

2018-12-13 13:38:24 - [TEST_STEP][PASSED] - Statement - counter = counter + 1: null

2018-12-13 13:38:24 - [TEST_STEP][PASSED] - Statement - PreSaveFile = new java.io.File(((pathPrefix + java.lang.Integer.toString(counter)) + .png)): null

2018-12-13 13:38:24 - [TEST_STEP][PASSED] - Statement - counter = counter + 1: null

2018-12-13 13:38:24 - [TEST_STEP][PASSED] - Statement - PreSaveFile = new java.io.File(((pathPrefix + java.lang.Integer.toString(counter)) + .png)): null

2018-12-13 13:38:24 - [TEST_STEP][PASSED] - Statement - counter = counter + 1: null

2018-12-13 13:38:24 - [TEST_STEP][PASSED] - Statement - PreSaveFile = new java.io.File(((pathPrefix + java.lang.Integer.toString(counter)) + .png)): null

2018-12-13 13:38:24 - [TEST_STEP][PASSED] - Statement - counter = counter + 1: null

2018-12-13 13:38:24 - [TEST_STEP][PASSED] - Statement - PreSaveFile = new java.io.File(((pathPrefix + java.lang.Integer.toString(counter)) + .png)): null

2018-12-13 13:38:24 - [TEST_STEP][PASSED] - Statement - counter = counter + 1: null

2018-12-13 13:38:24 - [TEST_STEP][PASSED] - Statement - PreSaveFile = new java.io.File(((pathPrefix + java.lang.Integer.toString(counter)) + .png)): null

2018-12-13 13:38:24 - [TEST_STEP][PASSED] - Statement - counter = counter + 1: null

2018-12-13 13:38:24 - [TEST_STEP][PASSED] - Statement - PreSaveFile = new java.io.File(((pathPrefix + java.lang.Integer.toString(counter)) + .png)): null

2018-12-13 13:38:24 - [TEST_STEP][PASSED] - Statement - counter = counter + 1: null

2018-12-13 13:38:24 - [TEST_STEP][PASSED] - Statement - PreSaveFile = new java.io.File(((pathPrefix + java.lang.Integer.toString(counter)) + .png)): null

2018-12-13 13:38:24 - [TEST_STEP][PASSED] - Statement - counter = counter + 1: null

2018-12-13 13:38:24 - [TEST_STEP][PASSED] - Statement - PreSaveFile = new java.io.File(((pathPrefix + java.lang.Integer.toString(counter)) + .png)): null

2018-12-13 13:38:24 - [TEST_STEP][PASSED] - Statement - counter = counter + 1: null

2018-12-13 13:38:24 - [TEST_STEP][PASSED] - Statement - PreSaveFile = new java.io.File(((pathPrefix + java.lang.Integer.toString(counter)) + .png)): null

2018-12-13 13:38:24 - [TEST_STEP][PASSED] - Statement - counter = counter + 1: null

2018-12-13 13:38:24 - [TEST_STEP][PASSED] - Statement - PreSaveFile = new java.io.File(((pathPrefix + java.lang.Integer.toString(counter)) + .png)): null

2018-12-13 13:38:24 - [TEST_STEP][PASSED] - Statement - counter = counter + 1: null

2018-12-13 13:38:24 - [TEST_STEP][PASSED] - Statement - PreSaveFile = new java.io.File(((pathPrefix + java.lang.Integer.toString(counter)) + .png)): null

2018-12-13 13:38:24 - [TEST_STEP][PASSED] - Statement - counter = counter + 1: null

2018-12-13 13:38:24 - [TEST_STEP][PASSED] - Statement - PreSaveFile = new java.io.File(((pathPrefix + java.lang.Integer.toString(counter)) + .png)): null

2018-12-13 13:38:24 - [TEST_STEP][PASSED] - Statement - counter = counter + 1: null

2018-12-13 13:38:24 - [TEST_STEP][PASSED] - Statement - PreSaveFile = new java.io.File(((pathPrefix + java.lang.Integer.toString(counter)) + .png)): null

2018-12-13 13:38:24 - [TEST_STEP][PASSED] - Statement - counter = counter + 1: null

2018-12-13 13:38:24 - [TEST_STEP][PASSED] - Statement - PreSaveFile = new java.io.File(((pathPrefix + java.lang.Integer.toString(counter)) + .png)): null

2018-12-13 13:38:24 - [TEST_STEP][PASSED] - Statement - counter = counter + 1: null

2018-12-13 13:38:24 - [TEST_STEP][PASSED] - Statement - PreSaveFile = new java.io.File(((pathPrefix + java.lang.Integer.toString(counter)) + .png)): null

2018-12-13 13:38:24 - [TEST_STEP][PASSED] - Statement - counter = counter + 1: null

2018-12-13 13:38:24 - [TEST_STEP][PASSED] - Statement - PreSaveFile = new java.io.File(((pathPrefix + java.lang.Integer.toString(counter)) + .png)): null

2018-12-13 13:38:24 - [TEST_STEP][PASSED] - Statement - counter = counter + 1: null

2018-12-13 13:38:24 - [TEST_STEP][PASSED] - Statement - PreSaveFile = new java.io.File(((pathPrefix + java.lang.Integer.toString(counter)) + .png)): null

2018-12-13 13:38:24 - [TEST_STEP][PASSED] - Statement - counter = counter + 1: null

2018-12-13 13:38:24 - [TEST_STEP][PASSED] - Statement - PreSaveFile = new java.io.File(((pathPrefix + java.lang.Integer.toString(counter)) + .png)): null

2018-12-13 13:38:24 - [TEST_STEP][PASSED] - Statement - counter = counter + 1: null

2018-12-13 13:38:24 - [TEST_STEP][PASSED] - Statement - PreSaveFile = new java.io.File(((pathPrefix + java.lang.Integer.toString(counter)) + .png)): null

2018-12-13 13:38:24 - [TEST_STEP][PASSED] - Statement - counter = counter + 1: null

2018-12-13 13:38:24 - [TEST_STEP][PASSED] - Statement - PreSaveFile = new java.io.File(((pathPrefix + java.lang.Integer.toString(counter)) + .png)): null

2018-12-13 13:38:24 - [TEST_STEP][PASSED] - Statement - counter = counter + 1: null

2018-12-13 13:38:24 - [TEST_STEP][PASSED] - Statement - PreSaveFile = new java.io.File(((pathPrefix + java.lang.Integer.toString(counter)) + .png)): null

2018-12-13 13:38:24 - [TEST_STEP][PASSED] - Statement - counter = counter + 1: null

2018-12-13 13:38:24 - [TEST_STEP][PASSED] - Statement - PreSaveFile = new java.io.File(((pathPrefix + java.lang.Integer.toString(counter)) + .png)): null

2018-12-13 13:38:24 - [TEST_STEP][PASSED] - Statement - counter = counter + 1: null

2018-12-13 13:38:24 - [TEST_STEP][PASSED] - Statement - PreSaveFile = new java.io.File(((pathPrefix + java.lang.Integer.toString(counter)) + .png)): null

2018-12-13 13:38:24 - [TEST_STEP][PASSED] - Statement - counter = counter + 1: null

2018-12-13 13:38:24 - [TEST_STEP][PASSED] - Statement - PreSaveFile = new java.io.File(((pathPrefix + java.lang.Integer.toString(counter)) + .png)): null

2018-12-13 13:38:24 - [TEST_STEP][PASSED] - Statement - counter = counter + 1: null

2018-12-13 13:38:24 - [TEST_STEP][PASSED] - Statement - PreSaveFile = new java.io.File(((pathPrefix + java.lang.Integer.toString(counter)) + .png)): null

2018-12-13 13:38:24 - [TEST_STEP][PASSED] - Statement - counter = counter + 1: null

2018-12-13 13:38:24 - [TEST_STEP][PASSED] - Statement - PreSaveFile = new java.io.File(((pathPrefix + java.lang.Integer.toString(counter)) + .png)): null

2018-12-13 13:38:24 - [TEST_STEP][PASSED] - Statement - counter = counter + 1: null

2018-12-13 13:38:24 - [TEST_STEP][PASSED] - Statement - PreSaveFile = new java.io.File(((pathPrefix + java.lang.Integer.toString(counter)) + .png)): null

2018-12-13 13:38:24 - [TEST_STEP][PASSED] - Statement - counter = counter + 1: null

2018-12-13 13:38:24 - [TEST_STEP][PASSED] - Statement - PreSaveFile = new java.io.File(((pathPrefix + java.lang.Integer.toString(counter)) + .png)): null

2018-12-13 13:38:24 - [TEST_STEP][PASSED] - Statement - counter = counter + 1: null

2018-12-13 13:38:24 - [TEST_STEP][PASSED] - Statement - PreSaveFile = new java.io.File(((pathPrefix + java.lang.Integer.toString(counter)) + .png)): null

2018-12-13 13:38:24 - [TEST_STEP][PASSED] - Statement - counter = counter + 1: null

2018-12-13 13:38:24 - [TEST_STEP][PASSED] - Statement - PreSaveFile = new java.io.File(((pathPrefix + java.lang.Integer.toString(counter)) + .png)): null

2018-12-13 13:38:24 - [TEST_STEP][PASSED] - Statement - counter = counter + 1: null

2018-12-13 13:38:24 - [TEST_STEP][PASSED] - Statement - PreSaveFile = new java.io.File(((pathPrefix + java.lang.Integer.toString(counter)) + .png)): null

2018-12-13 13:38:24 - [TEST_STEP][PASSED] - Statement - counter = counter + 1: null

2018-12-13 13:38:24 - [TEST_STEP][PASSED] - Statement - PreSaveFile = new java.io.File(((pathPrefix + java.lang.Integer.toString(counter)) + .png)): null

2018-12-13 13:38:24 - [TEST_STEP][PASSED] - Statement - counter = counter + 1: null

2018-12-13 13:38:24 - [TEST_STEP][PASSED] - Statement - PreSaveFile = new java.io.File(((pathPrefix + java.lang.Integer.toString(counter)) + .png)): null

2018-12-13 13:38:24 - [TEST_STEP][PASSED] - Statement - counter = counter + 1: null

2018-12-13 13:38:24 - [TEST_STEP][PASSED] - Statement - PreSaveFile = new java.io.File(((pathPrefix + java.lang.Integer.toString(counter)) + .png)): null

2018-12-13 13:38:24 - [TEST_STEP][PASSED] - Statement - counter = counter + 1: null

2018-12-13 13:38:24 - [TEST_STEP][PASSED] - Statement - PreSaveFile = new java.io.File(((pathPrefix + java.lang.Integer.toString(counter)) + .png)): null

2018-12-13 13:38:24 - [TEST_STEP][PASSED] - Statement - counter = counter + 1: null

2018-12-13 13:38:24 - [TEST_STEP][PASSED] - Statement - PreSaveFile = new java.io.File(((pathPrefix + java.lang.Integer.toString(counter)) + .png)): null

2018-12-13 13:38:24 - [TEST_STEP][PASSED] - Statement - counter = counter + 1: null

2018-12-13 13:38:24 - [TEST_STEP][PASSED] - Statement - PreSaveFile = new java.io.File(((pathPrefix + java.lang.Integer.toString(counter)) + .png)): null

2018-12-13 13:38:24 - [TEST_STEP][PASSED] - Statement - counter = counter + 1: null

2018-12-13 13:38:24 - [TEST_STEP][PASSED] - Statement - PreSaveFile = new java.io.File(((pathPrefix + java.lang.Integer.toString(counter)) + .png)): null

2018-12-13 13:38:24 - [TEST_STEP][PASSED] - Statement - counter = counter + 1: null

2018-12-13 13:38:24 - [TEST_STEP][PASSED] - Statement - PreSaveFile = new java.io.File(((pathPrefix + java.lang.Integer.toString(counter)) + .png)): null

2018-12-13 13:38:24 - [TEST_STEP][PASSED] - Statement - counter = counter + 1: null

2018-12-13 13:38:24 - [TEST_STEP][PASSED] - Statement - PreSaveFile = new java.io.File(((pathPrefix + java.lang.Integer.toString(counter)) + .png)): null

2018-12-13 13:38:24 - [TEST_STEP][PASSED] - Statement - counter = counter + 1: null

2018-12-13 13:38:24 - [TEST_STEP][PASSED] - Statement - PreSaveFile = new java.io.File(((pathPrefix + java.lang.Integer.toString(counter)) + .png)): null

2018-12-13 13:38:24 - [TEST_STEP][PASSED] - Statement - counter = counter + 1: null

2018-12-13 13:38:24 - [TEST_STEP][PASSED] - Statement - PreSaveFile = new java.io.File(((pathPrefix + java.lang.Integer.toString(counter)) + .png)): null

2018-12-13 13:38:24 - [TEST_STEP][PASSED] - Statement - counter = counter + 1: null

2018-12-13 13:38:24 - [TEST_STEP][PASSED] - Statement - PreSaveFile = new java.io.File(((pathPrefix + java.lang.Integer.toString(counter)) + .png)): null

2018-12-13 13:38:24 - [TEST_STEP][PASSED] - Statement - counter = counter + 1: null

2018-12-13 13:38:24 - [TEST_STEP][PASSED] - Statement - PreSaveFile = new java.io.File(((pathPrefix + java.lang.Integer.toString(counter)) + .png)): null

2018-12-13 13:38:24 - [TEST_STEP][PASSED] - Statement - counter = counter + 1: null

2018-12-13 13:38:24 - [TEST_STEP][PASSED] - Statement - PreSaveFile = new java.io.File(((pathPrefix + java.lang.Integer.toString(counter)) + .png)): null

2018-12-13 13:38:24 - [TEST_STEP][PASSED] - Statement - counter = counter + 1: null

2018-12-13 13:38:24 - [TEST_STEP][PASSED] - Statement - PreSaveFile = new java.io.File(((pathPrefix + java.lang.Integer.toString(counter)) + .png)): null

2018-12-13 13:38:24 - [TEST_STEP][PASSED] - Statement - counter = counter + 1: null

2018-12-13 13:38:24 - [TEST_STEP][PASSED] - Statement - PreSaveFile = new java.io.File(((pathPrefix + java.lang.Integer.toString(counter)) + .png)): null

2018-12-13 13:38:24 - [TEST_STEP][PASSED] - Statement - counter = counter + 1: null

2018-12-13 13:38:24 - [TEST_STEP][PASSED] - Statement - PreSaveFile = new java.io.File(((pathPrefix + java.lang.Integer.toString(counter)) + .png)): null

2018-12-13 13:38:24 - [TEST_STEP][PASSED] - Statement - counter = counter + 1: null

2018-12-13 13:38:24 - [TEST_STEP][PASSED] - Statement - PreSaveFile = new java.io.File(((pathPrefix + java.lang.Integer.toString(counter)) + .png)): null

2018-12-13 13:38:24 - [TEST_STEP][PASSED] - Statement - counter = counter + 1: null

2018-12-13 13:38:24 - [TEST_STEP][PASSED] - Statement - PreSaveFile = new java.io.File(((pathPrefix + java.lang.Integer.toString(counter)) + .png)): null

2018-12-13 13:38:24 - [TEST_STEP][PASSED] - Statement - counter = counter + 1: null

2018-12-13 13:38:24 - [TEST_STEP][PASSED] - Statement - PreSaveFile = new java.io.File(((pathPrefix + java.lang.Integer.toString(counter)) + .png)): null

2018-12-13 13:38:24 - [TEST_STEP][PASSED] - Statement - counter = counter + 1: null

2018-12-13 13:38:24 - [TEST_STEP][PASSED] - Statement - PreSaveFile = new java.io.File(((pathPrefix + java.lang.Integer.toString(counter)) + .png)): null

2018-12-13 13:38:24 - [TEST_STEP][PASSED] - Statement - counter = counter + 1: null

2018-12-13 13:38:24 - [TEST_STEP][PASSED] - Statement - PreSaveFile = new java.io.File(((pathPrefix + java.lang.Integer.toString(counter)) + .png)): null

2018-12-13 13:38:24 - [TEST_STEP][PASSED] - Statement - counter = counter + 1: null

2018-12-13 13:38:24 - [TEST_STEP][PASSED] - Statement - PreSaveFile = new java.io.File(((pathPrefix + java.lang.Integer.toString(counter)) + .png)): null

2018-12-13 13:38:24 - [TEST_STEP][PASSED] - Statement - counter = counter + 1: null

2018-12-13 13:38:24 - [TEST_STEP][PASSED] - Statement - PreSaveFile = new java.io.File(((pathPrefix + java.lang.Integer.toString(counter)) + .png)): null

2018-12-13 13:38:24 - [TEST_STEP][PASSED] - Statement - counter = counter + 1: null

2018-12-13 13:38:24 - [TEST_STEP][PASSED] - Statement - PreSaveFile = new java.io.File(((pathPrefix + java.lang.Integer.toString(counter)) + .png)): null

2018-12-13 13:38:24 - [TEST_STEP][PASSED] - Statement - counter = counter + 1: null

2018-12-13 13:38:24 - [TEST_STEP][PASSED] - Statement - PreSaveFile = new java.io.File(((pathPrefix + java.lang.Integer.toString(counter)) + .png)): null

2018-12-13 13:38:24 - [TEST_STEP][PASSED] - Statement - counter = counter + 1: null

2018-12-13 13:38:24 - [TEST_STEP][PASSED] - Statement - PreSaveFile = new java.io.File(((pathPrefix + java.lang.Integer.toString(counter)) + .png)): null

2018-12-13 13:38:24 - [TEST_STEP][PASSED] - Statement - counter = counter + 1: null

2018-12-13 13:38:24 - [TEST_STEP][PASSED] - Statement - PreSaveFile = new java.io.File(((pathPrefix + java.lang.Integer.toString(counter)) + .png)): null

2018-12-13 13:38:24 - [TEST_STEP][PASSED] - Statement - counter = counter + 1: null

2018-12-13 13:38:24 - [TEST_STEP][PASSED] - Statement - PreSaveFile = new java.io.File(((pathPrefix + java.lang.Integer.toString(counter)) + .png)): null

2018-12-13 13:38:24 - [TEST_STEP][PASSED] - Statement - counter = counter + 1: null

2018-12-13 13:38:24 - [TEST_STEP][PASSED] - Statement - PreSaveFile = new java.io.File(((pathPrefix + java.lang.Integer.toString(counter)) + .png)): null

2018-12-13 13:38:24 - [TEST_STEP][PASSED] - Statement - counter = counter + 1: null

2018-12-13 13:38:24 - [TEST_STEP][PASSED] - Statement - PreSaveFile = new java.io.File(((pathPrefix + java.lang.Integer.toString(counter)) + .png)): null

2018-12-13 13:38:24 - [TEST_STEP][PASSED] - Statement - counter = counter + 1: null

2018-12-13 13:38:24 - [TEST_STEP][PASSED] - Statement - PreSaveFile = new java.io.File(((pathPrefix + java.lang.Integer.toString(counter)) + .png)): null

2018-12-13 13:38:24 - [TEST_STEP][PASSED] - Statement - counter = counter + 1: null

2018-12-13 13:38:24 - [TEST_STEP][PASSED] - Statement - PreSaveFile = new java.io.File(((pathPrefix + java.lang.Integer.toString(counter)) + .png)): null

2018-12-13 13:38:24 - [TEST_STEP][PASSED] - Statement - counter = counter + 1: null

2018-12-13 13:38:24 - [TEST_STEP][PASSED] - Statement - PreSaveFile = new java.io.File(((pathPrefix + java.lang.Integer.toString(counter)) + .png)): null

2018-12-13 13:38:24 - [TEST_STEP][PASSED] - Statement - counter = counter + 1: null

2018-12-13 13:38:24 - [TEST_STEP][PASSED] - Statement - PreSaveFile = new java.io.File(((pathPrefix + java.lang.Integer.toString(counter)) + .png)): null

2018-12-13 13:38:24 - [TEST_STEP][PASSED] - Statement - counter = counter + 1: null

2018-12-13 13:38:24 - [TEST_STEP][PASSED] - Statement - PreSaveFile = new java.io.File(((pathPrefix + java.lang.Integer.toString(counter)) + .png)): null

2018-12-13 13:38:24 - [TEST_STEP][PASSED] - Statement - counter = counter + 1: null

2018-12-13 13:38:24 - [TEST_STEP][PASSED] - Statement - PreSaveFile = new java.io.File(((pathPrefix + java.lang.Integer.toString(counter)) + .png)): null

2018-12-13 13:38:24 - [TEST_STEP][PASSED] - Statement - counter = counter + 1: null

2018-12-13 13:38:24 - [TEST_STEP][PASSED] - Statement - PreSaveFile = new java.io.File(((pathPrefix + java.lang.Integer.toString(counter)) + .png)): null

2018-12-13 13:38:24 - [TEST_STEP][PASSED] - Statement - counter = counter + 1: null

2018-12-13 13:38:24 - [TEST_STEP][PASSED] - Statement - PreSaveFile = new java.io.File(((pathPrefix + java.lang.Integer.toString(counter)) + .png)): null

2018-12-13 13:38:24 - [TEST_STEP][PASSED] - Statement - counter = counter + 1: null

2018-12-13 13:38:24 - [TEST_STEP][PASSED] - Statement - PreSaveFile = new java.io.File(((pathPrefix + java.lang.Integer.toString(counter)) + .png)): null

2018-12-13 13:38:24 - [TEST_STEP][PASSED] - Statement - counter = counter + 1: null

2018-12-13 13:38:24 - [TEST_STEP][PASSED] - Statement - PreSaveFile = new java.io.File(((pathPrefix + java.lang.Integer.toString(counter)) + .png)): null

2018-12-13 13:38:24 - [TEST_STEP][PASSED] - Statement - counter = counter + 1: null

2018-12-13 13:38:24 - [TEST_STEP][PASSED] - Statement - PreSaveFile = new java.io.File(((pathPrefix + java.lang.Integer.toString(counter)) + .png)): null

2018-12-13 13:38:24 - [TEST_STEP][PASSED] - Statement - counter = counter + 1: null

2018-12-13 13:38:24 - [TEST_STEP][PASSED] - Statement - PreSaveFile = new java.io.File(((pathPrefix + java.lang.Integer.toString(counter)) + .png)): null

2018-12-13 13:38:24 - [TEST_STEP][PASSED] - Statement - counter = counter + 1: null

2018-12-13 13:38:24 - [TEST_STEP][PASSED] - Statement - PreSaveFile = new java.io.File(((pathPrefix + java.lang.Integer.toString(counter)) + .png)): null

2018-12-13 13:38:24 - [TEST_STEP][PASSED] - Statement - counter = counter + 1: null

2018-12-13 13:38:24 - [TEST_STEP][PASSED] - Statement - PreSaveFile = new java.io.File(((pathPrefix + java.lang.Integer.toString(counter)) + .png)): null

2018-12-13 13:38:24 - [TEST_STEP][PASSED] - Statement - counter = counter + 1: null

2018-12-13 13:38:24 - [TEST_STEP][PASSED] - Statement - PreSaveFile = new java.io.File(((pathPrefix + java.lang.Integer.toString(counter)) + .png)): null

2018-12-13 13:38:24 - [TEST_STEP][PASSED] - Statement - counter = counter + 1: null

2018-12-13 13:38:24 - [TEST_STEP][PASSED] - Statement - PreSaveFile = new java.io.File(((pathPrefix + java.lang.Integer.toString(counter)) + .png)): null

2018-12-13 13:38:24 - [TEST_STEP][PASSED] - Statement - counter = counter + 1: null

2018-12-13 13:38:24 - [TEST_STEP][PASSED] - Statement - PreSaveFile = new java.io.File(((pathPrefix + java.lang.Integer.toString(counter)) + .png)): null

2018-12-13 13:38:24 - [TEST_STEP][PASSED] - Statement - counter = counter + 1: null

2018-12-13 13:38:24 - [TEST_STEP][PASSED] - Statement - PreSaveFile = new java.io.File(((pathPrefix + java.lang.Integer.toString(counter)) + .png)): null

2018-12-13 13:38:24 - [TEST_STEP][PASSED] - Statement - counter = counter + 1: null

2018-12-13 13:38:24 - [TEST_STEP][PASSED] - Statement - PreSaveFile = new java.io.File(((pathPrefix + java.lang.Integer.toString(counter)) + .png)): null

2018-12-13 13:38:24 - [TEST_STEP][PASSED] - Statement - counter = counter + 1: null

2018-12-13 13:38:24 - [TEST_STEP][PASSED] - Statement - PreSaveFile = new java.io.File(((pathPrefix + java.lang.Integer.toString(counter)) + .png)): null

2018-12-13 13:38:24 - [TEST_STEP][PASSED] - Statement - counter = counter + 1: null

2018-12-13 13:38:24 - [TEST_STEP][PASSED] - Statement - PreSaveFile = new java.io.File(((pathPrefix + java.lang.Integer.toString(counter)) + .png)): null

2018-12-13 13:38:24 - [TEST_STEP][PASSED] - Statement - counter = counter + 1: null

2018-12-13 13:38:24 - [TEST_STEP][PASSED] - Statement - PreSaveFile = new java.io.File(((pathPrefix + java.lang.Integer.toString(counter)) + .png)): null

2018-12-13 13:38:24 - [TEST_STEP][PASSED] - Statement - counter = counter + 1: null

2018-12-13 13:38:24 - [TEST_STEP][PASSED] - Statement - PreSaveFile = new java.io.File(((pathPrefix + java.lang.Integer.toString(counter)) + .png)): null

2018-12-13 13:38:24 - [TEST_STEP][PASSED] - Statement - counter = counter + 1: null

2018-12-13 13:38:24 - [TEST_STEP][PASSED] - Statement - PreSaveFile = new java.io.File(((pathPrefix + java.lang.Integer.toString(counter)) + .png)): null

2018-12-13 13:38:25 - [TEST_STEP][PASSED] - Statement - counter = counter + 1: null

2018-12-13 13:38:25 - [TEST_STEP][PASSED] - Statement - PreSaveFile = new java.io.File(((pathPrefix + java.lang.Integer.toString(counter)) + .png)): null

2018-12-13 13:38:25 - [TEST_STEP][PASSED] - Statement - counter = counter + 1: null

2018-12-13 13:38:25 - [TEST_STEP][PASSED] - Statement - PreSaveFile = new java.io.File(((pathPrefix + java.lang.Integer.toString(counter)) + .png)): null

2018-12-13 13:38:25 - [TEST_STEP][PASSED] - Statement - counter = counter + 1: null

2018-12-13 13:38:25 - [TEST_STEP][PASSED] - Statement - PreSaveFile = new java.io.File(((pathPrefix + java.lang.Integer.toString(counter)) + .png)): null

2018-12-13 13:38:25 - [TEST_STEP][PASSED] - Statement - counter = counter + 1: null

2018-12-13 13:38:25 - [TEST_STEP][PASSED] - Statement - PreSaveFile = new java.io.File(((pathPrefix + java.lang.Integer.toString(counter)) + .png)): null

2018-12-13 13:38:25 - [TEST_STEP][PASSED] - Statement - counter = counter + 1: null

2018-12-13 13:38:25 - [TEST_STEP][PASSED] - Statement - PreSaveFile = new java.io.File(((pathPrefix + java.lang.Integer.toString(counter)) + .png)): null

2018-12-13 13:38:25 - [TEST_STEP][PASSED] - Statement - counter = counter + 1: null

2018-12-13 13:38:25 - [TEST_STEP][PASSED] - Statement - PreSaveFile = new java.io.File(((pathPrefix + java.lang.Integer.toString(counter)) + .png)): null

2018-12-13 13:38:25 - [TEST_STEP][PASSED] - Statement - counter = counter + 1: null

2018-12-13 13:38:25 - [TEST_STEP][PASSED] - Statement - PreSaveFile = new java.io.File(((pathPrefix + java.lang.Integer.toString(counter)) + .png)): null

2018-12-13 13:38:25 - [TEST_STEP][PASSED] - Statement - counter = counter + 1: null

2018-12-13 13:38:25 - [TEST_STEP][PASSED] - Statement - PreSaveFile = new java.io.File(((pathPrefix + java.lang.Integer.toString(counter)) + .png)): null

2018-12-13 13:38:25 - [TEST_STEP][PASSED] - Statement - counter = counter + 1: null

2018-12-13 13:38:25 - [TEST_STEP][PASSED] - Statement - PreSaveFile = new java.io.File(((pathPrefix + java.lang.Integer.toString(counter)) + .png)): null

2018-12-13 13:38:25 - [TEST_STEP][PASSED] - Statement - counter = counter + 1: null

2018-12-13 13:38:25 - [TEST_STEP][PASSED] - Statement - PreSaveFile = new java.io.File(((pathPrefix + java.lang.Integer.toString(counter)) + .png)): null

2018-12-13 13:38:25 - [TEST_STEP][PASSED] - Statement - counter = counter + 1: null

2018-12-13 13:38:25 - [TEST_STEP][PASSED] - Statement - PreSaveFile = new java.io.File(((pathPrefix + java.lang.Integer.toString(counter)) + .png)): null

2018-12-13 13:38:25 - [TEST_STEP][PASSED] - Statement - counter = counter + 1: null

2018-12-13 13:38:25 - [TEST_STEP][PASSED] - Statement - PreSaveFile = new java.io.File(((pathPrefix + java.lang.Integer.toString(counter)) + .png)): null

2018-12-13 13:38:25 - [TEST_STEP][PASSED] - Statement - counter = counter + 1: null

2018-12-13 13:38:25 - [TEST_STEP][PASSED] - Statement - PreSaveFile = new java.io.File(((pathPrefix + java.lang.Integer.toString(counter)) + .png)): null

2018-12-13 13:38:25 - [TEST_STEP][PASSED] - Statement - counter = counter + 1: null

2018-12-13 13:38:25 - [TEST_STEP][PASSED] - Statement - PreSaveFile = new java.io.File(((pathPrefix + java.lang.Integer.toString(counter)) + .png)): null

2018-12-13 13:38:25 - [TEST_STEP][PASSED] - Statement - counter = counter + 1: null

2018-12-13 13:38:25 - [TEST_STEP][PASSED] - Statement - PreSaveFile = new java.io.File(((pathPrefix + java.lang.Integer.toString(counter)) + .png)): null

2018-12-13 13:38:25 - [TEST_STEP][PASSED] - Statement - counter = counter + 1: null

2018-12-13 13:38:25 - [TEST_STEP][PASSED] - Statement - PreSaveFile = new java.io.File(((pathPrefix + java.lang.Integer.toString(counter)) + .png)): null

2018-12-13 13:38:25 - [TEST_STEP][PASSED] - Statement - counter = counter + 1: null

2018-12-13 13:38:25 - [TEST_STEP][PASSED] - Statement - PreSaveFile = new java.io.File(((pathPrefix + java.lang.Integer.toString(counter)) + .png)): null

2018-12-13 13:38:25 - [TEST_STEP][PASSED] - Statement - finalPath = pathPrefix + java.lang.Integer.toString(counter) + ".png": null

2018-12-13 13:38:25 - [TEST_STEP][PASSED] - Statement - SaveFile = new java.io.File(finalPath): null

2018-12-13 13:38:25 - [TEST_STEP][PASSED] - Statement - Try: null

2018-12-13 13:38:25 - [TEST_STEP][PASSED] - Statement - org.apache.commons.io.FileUtils.copyFile(scrFile, SaveFile): null

2018-12-13 13:38:25 - [TEST_STEP][PASSED] - Statement - out.println("file kept"): null

2018-12-13 13:38:25 - [TEST_STEP][PASSED] - delay: Delayed 10 second(s)

2018-12-13 13:38:35 - [MESSAGE][PASSED] - Delayed 10 second(s)

2018-12-13 13:38:35 - [MESSAGE][PASSED] - Call Test Case 'Test Cases/Final Aug 2018 - PKS Automation/Registration Module/New Registration/Submit and Screenshot/Submit Registration and Screenshot' successfully]]></system-out>
         <system-err><![CDATA[2018-12-13 13:31:35 - [TEST_CASE][FAILED] - Test Cases/Final Aug 2018 - PKS Automation/Registration Module/Workflow/New Registration/Case PKR BO to RO - RO Submit: Test Cases/Final Aug 2018 - PKS Automation/Registration Module/Workflow/New Registration/Case PKR BO to RO - RO Submit FAILED because (of) (Stack trace: com.kms.katalon.core.exception.StepFailedException: Unable to set text 'CRN12201800123276' of object 'Object Repository/Final Object Repo/New Registration - Registration Module Pages/New Reg - OTC to RO/Special Case - All Related Objects/TextBox RefNo in Workbasket' (Root cause: org.openqa.selenium.ElementNotVisibleException: element not interactable
  (Session info: chrome=70.0.3538.110)
  (Driver info: chromedriver=2.43.600210 (68dcf5eebde37173d4027fa8635e332711d2874a),platform=Windows NT 6.1.7601 SP1 x86_64) (WARNING: The server did not provide any stacktrace information)
Command duration or timeout: 0 milliseconds
Build info: version: '3.7.1', revision: '8a0099a', time: '2017-11-06T21:07:36.161Z'
System info: host: 'WIN7TEST02', ip: '10.20.3.72', os.name: 'Windows 7', os.arch: 'amd64', os.version: '6.1', java.version: '1.8.0_181'
Driver info: com.kms.katalon.selenium.driver.CChromeDriver
Capabilities {acceptInsecureCerts: false, acceptSslCerts: false, applicationCacheEnabled: false, browserConnectionEnabled: false, browserName: chrome, chrome: {chromedriverVersion: 2.43.600210 (68dcf5eebde371..., userDataDir: C:\Users\Admin\AppData\Loca...}, cssSelectorsEnabled: true, databaseEnabled: false, goog:chromeOptions: {debuggerAddress: localhost:52864}, handlesAlerts: true, hasTouchScreen: false, javascriptEnabled: true, locationContextEnabled: true, mobileEmulationEnabled: false, nativeEvents: true, networkConnectionEnabled: false, pageLoadStrategy: normal, platform: XP, platformName: XP, rotatable: false, setWindowRect: true, takesHeapSnapshot: true, takesScreenshot: true, unexpectedAlertBehaviour: , unhandledPromptBehavior: , version: 70.0.3538.110, webStorageEnabled: true}
Session ID: 29294b4c74e560e929240cd498766551)
	at com.kms.katalon.core.keyword.internal.KeywordMain.stepFailed(KeywordMain.groovy:32)
	at com.kms.katalon.core.webui.keyword.internal.WebUIKeywordMain.stepFailed(WebUIKeywordMain.groovy:65)
	at com.kms.katalon.core.webui.keyword.internal.WebUIKeywordMain.runKeyword(WebUIKeywordMain.groovy:27)
	at com.kms.katalon.core.webui.keyword.builtin.SetTextKeyword.setText(SetTextKeyword.groovy:65)
	at com.kms.katalon.core.webui.keyword.builtin.SetTextKeyword.execute(SetTextKeyword.groovy:37)
	at com.kms.katalon.core.keyword.internal.KeywordExecutor.executeKeywordForPlatform(KeywordExecutor.groovy:53)
	at com.kms.katalon.core.webui.keyword.WebUiBuiltInKeywords.setText(WebUiBuiltInKeywords.groovy:950)
	at com.kms.katalon.core.webui.keyword.WebUiBuiltInKeywords$setText$1.call(Unknown Source)
	at org.codehaus.groovy.runtime.callsite.CallSiteArray.defaultCall(CallSiteArray.java:48)
	at org.codehaus.groovy.runtime.callsite.AbstractCallSite.call(AbstractCallSite.java:113)
	at org.codehaus.groovy.runtime.callsite.AbstractCallSite.call(AbstractCallSite.java:133)
	at Script1535945708168.run(Script1535945708168.groovy:73)
	at com.kms.katalon.core.main.ScriptEngine.run(ScriptEngine.java:183)
	at com.kms.katalon.core.main.ScriptEngine.runScriptAsRawText(ScriptEngine.java:108)
	at com.kms.katalon.core.main.TestCaseExecutor.runScript(TestCaseExecutor.java:294)
	at com.kms.katalon.core.main.TestCaseExecutor.doExecute(TestCaseExecutor.java:285)
	at com.kms.katalon.core.main.TestCaseExecutor.processExecutionPhase(TestCaseExecutor.java:264)
	at com.kms.katalon.core.main.TestCaseExecutor.accessMainPhase(TestCaseExecutor.java:256)
	at com.kms.katalon.core.main.TestCaseExecutor.execute(TestCaseExecutor.java:200)
	at com.kms.katalon.core.main.TestSuiteExecutor.accessTestCaseMainPhase(TestSuiteExecutor.java:129)
	at com.kms.katalon.core.main.TestSuiteExecutor.accessTestSuiteMainPhase(TestSuiteExecutor.java:112)
	at com.kms.katalon.core.main.TestSuiteExecutor.execute(TestSuiteExecutor.java:81)
	at com.kms.katalon.core.main.TestCaseMain.startTestSuite(TestCaseMain.java:142)
	at com.kms.katalon.core.main.TestCaseMain$startTestSuite$0.call(Unknown Source)
	at org.codehaus.groovy.runtime.callsite.CallSiteArray.defaultCall(CallSiteArray.java:48)
	at org.codehaus.groovy.runtime.callsite.AbstractCallSite.call(AbstractCallSite.java:113)
	at org.codehaus.groovy.runtime.callsite.AbstractCallSite.call(AbstractCallSite.java:141)
	at TempTestSuite1544668253915.run(TempTestSuite1544668253915.groovy:36)
	at groovy.lang.GroovyShell.runScriptOrMainOrTestOrRunnable(GroovyShell.java:263)
	at groovy.lang.GroovyShell.run(GroovyShell.java:518)
	at groovy.lang.GroovyShell.run(GroovyShell.java:507)
	at groovy.ui.GroovyMain.processOnce(GroovyMain.java:653)
	at groovy.ui.GroovyMain.run(GroovyMain.java:384)
	at groovy.ui.GroovyMain.process(GroovyMain.java:370)
	at groovy.ui.GroovyMain.processArgs(GroovyMain.java:129)
	at groovy.ui.GroovyMain.main(GroovyMain.java:109)
	at sun.reflect.NativeMethodAccessorImpl.invoke0(Native Method)
	at sun.reflect.NativeMethodAccessorImpl.invoke(NativeMethodAccessorImpl.java:62)
	at sun.reflect.DelegatingMethodAccessorImpl.invoke(DelegatingMethodAccessorImpl.java:43)
	at java.lang.reflect.Method.invoke(Method.java:498)
	at org.codehaus.groovy.tools.GroovyStarter.rootLoader(GroovyStarter.java:109)
	at org.codehaus.groovy.tools.GroovyStarter.main(GroovyStarter.java:131)
)]]></system-err>
      </testcase>
      <testcase name="Test Cases/Final Aug 2018 - PKS Automation/Registration Module/Workflow/New Registration/Case PKR BO to RO - RO Under Enforcement" classname="Test Cases/Final Aug 2018 - PKS Automation/Registration Module/Workflow/New Registration/Case PKR BO to RO - RO Under Enforcement" status="PASSED">
         <system-out><![CDATA[2018-12-13 13:38:35 - [TEST_CASE][PASSED] - Test Cases/Final Aug 2018 - PKS Automation/Registration Module/Workflow/New Registration/Case PKR BO to RO - RO Under Enforcement: Test Cases/Final Aug 2018 - PKS Automation/Registration Module/Workflow/New Registration/Case PKR BO to RO - RO Under Enforcement

2018-12-13 13:38:35 - [TEST_STEP][PASSED] - callTestCase: Call Test Case 'Test Cases/Final Aug 2018 - PKS Automation/Registration Module/Workflow/New Registration/Template/Special Case - PKR BO - Form 1' successfully

2018-12-13 13:38:35 - [TEST_CASE][PASSED] - Test Cases/Final Aug 2018 - PKS Automation/Registration Module/Workflow/New Registration/Template/Special Case - PKR BO - Form 1: Test Cases/Final Aug 2018 - PKS Automation/Registration Module/Workflow/New Registration/Template/Special Case - PKR BO - Form 1

2018-12-13 13:38:35 - [TEST_STEP][PASSED] - openBrowser: Browser is opened with url: ''

2018-12-13 13:38:35 - [MESSAGE][WARNING] - A browser is already opened. Closing browser and opening a new one

2018-12-13 13:38:39 - [MESSAGE][PASSED] - Browser is opened with url: ''

2018-12-13 13:38:39 - [TEST_STEP][PASSED] - navigateToUrl: Navigate to 'https://assist2-uat.perkeso.gov.my/login' successfully

2018-12-13 13:38:40 - [MESSAGE][PASSED] - Navigate to 'https://assist2-uat.perkeso.gov.my/login' successfully

2018-12-13 13:38:40 - [TEST_STEP][PASSED] - delay: Delayed 2 second(s)

2018-12-13 13:38:42 - [MESSAGE][PASSED] - Delayed 2 second(s)

2018-12-13 13:38:42 - [TEST_STEP][PASSED] - setText: Text 'klpkrbo2@gmail.com' is set on object 'Object Repository/Final Object Repo/Login Page/Internal User/Email Address'

2018-12-13 13:38:42 - [MESSAGE][PASSED] - Text 'klpkrbo2@gmail.com' is set on object 'Object Repository/Final Object Repo/Login Page/Internal User/Email Address'

2018-12-13 13:38:42 - [TEST_STEP][PASSED] - click: Object: 'Object Repository/Final Object Repo/Login Page/Internal User/Next Button' is clicked on

2018-12-13 13:38:42 - [MESSAGE][PASSED] - Object: 'Object Repository/Final Object Repo/Login Page/Internal User/Next Button' is clicked on

2018-12-13 13:38:42 - [TEST_STEP][PASSED] - delay: Delayed 2 second(s)

2018-12-13 13:38:44 - [MESSAGE][PASSED] - Delayed 2 second(s)

2018-12-13 13:38:44 - [TEST_STEP][PASSED] - setText: Text 'Test1@3456789' is set on object 'Object Repository/Final Object Repo/Login Page/Internal User/Password'

2018-12-13 13:38:45 - [MESSAGE][PASSED] - Text 'Test1@3456789' is set on object 'Object Repository/Final Object Repo/Login Page/Internal User/Password'

2018-12-13 13:38:45 - [TEST_STEP][PASSED] - delay: Delayed 2 second(s)

2018-12-13 13:38:47 - [MESSAGE][PASSED] - Delayed 2 second(s)

2018-12-13 13:38:47 - [TEST_STEP][PASSED] - click: Object: 'Object Repository/Final Object Repo/Login Page/Internal User/Login Button' is clicked on

2018-12-13 13:38:47 - [MESSAGE][PASSED] - Object: 'Object Repository/Final Object Repo/Login Page/Internal User/Login Button' is clicked on

2018-12-13 13:38:47 - [TEST_STEP][PASSED] - Statement - Try: null

2018-12-13 13:38:47 - [TEST_STEP][PASSED] - Statement - Checker = com.kms.katalon.core.webui.keyword.WebUiBuiltInKeywords.verifyElementNotPresent("Final Object Repo/Landing Page/Select to English", 3): null

2018-12-13 13:38:47 - [TEST_STEP][PASSED] - Statement - Catch (Exception e): null

2018-12-13 13:38:47 - [TEST_STEP][PASSED] - Statement - e.printStackTrace(): null

2018-12-13 13:38:47 - [TEST_STEP][PASSED] - delay: Delayed 5 second(s)

2018-12-13 13:38:52 - [MESSAGE][PASSED] - Delayed 5 second(s)

2018-12-13 13:38:52 - [TEST_STEP][PASSED] - click: Object: 'Object Repository/Final Object Repo/Landing Page/My Sites Drop Down' is clicked on

2018-12-13 13:38:52 - [MESSAGE][PASSED] - Object: 'Object Repository/Final Object Repo/Landing Page/My Sites Drop Down' is clicked on

2018-12-13 13:38:52 - [TEST_STEP][PASSED] - click: Object: 'Object Repository/Final Object Repo/Landing Page/Select to Registration Module' is clicked on

2018-12-13 13:38:53 - [MESSAGE][PASSED] - Object: 'Object Repository/Final Object Repo/Landing Page/Select to Registration Module' is clicked on

2018-12-13 13:38:53 - [TEST_STEP][PASSED] - click: Object: 'Object Repository/Final Object Repo/Landing Page/Registration Button' is clicked on

2018-12-13 13:38:54 - [MESSAGE][PASSED] - Object: 'Object Repository/Final Object Repo/Landing Page/Registration Button' is clicked on

2018-12-13 13:38:54 - [TEST_STEP][PASSED] - delay: Delayed 2 second(s)

2018-12-13 13:38:56 - [MESSAGE][PASSED] - Delayed 2 second(s)

2018-12-13 13:38:56 - [TEST_STEP][PASSED] - click: Object: 'Object Repository/Final Object Repo/New Registration - Registration Module Pages/New Reg - OTC to RO/Special Case - OTC - Form 1/AEC NO' is clicked on

2018-12-13 13:38:57 - [MESSAGE][PASSED] - Object: 'Object Repository/Final Object Repo/New Registration - Registration Module Pages/New Reg - OTC to RO/Special Case - OTC - Form 1/AEC NO' is clicked on

2018-12-13 13:38:57 - [TEST_STEP][PASSED] - click: Object: 'Object Repository/Final Object Repo/New Registration - Registration Module Pages/New Reg - OTC to RO/Special Case - OTC - Form 1/Business Entity - Please Select' is clicked on

2018-12-13 13:38:57 - [MESSAGE][PASSED] - Object: 'Object Repository/Final Object Repo/New Registration - Registration Module Pages/New Reg - OTC to RO/Special Case - OTC - Form 1/Business Entity - Please Select' is clicked on

2018-12-13 13:38:57 - [TEST_STEP][PASSED] - click: Object: 'Object Repository/Final Object Repo/New Registration - Registration Module Pages/New Reg - OTC to RO/Special Case - OTC - Form 1/Selected - Corporation' is clicked on

2018-12-13 13:38:57 - [MESSAGE][PASSED] - Object: 'Object Repository/Final Object Repo/New Registration - Registration Module Pages/New Reg - OTC to RO/Special Case - OTC - Form 1/Selected - Corporation' is clicked on

2018-12-13 13:38:57 - [TEST_STEP][PASSED] - delay: Delayed 2 second(s)

2018-12-13 13:38:59 - [MESSAGE][PASSED] - Delayed 2 second(s)

2018-12-13 13:38:59 - [TEST_STEP][PASSED] - click: Object: 'Object Repository/Final Object Repo/New Registration - Registration Module Pages/New Reg - OTC to RO/Special Case - OTC - Form 1/Sub Business Entity - Please Select' is clicked on

2018-12-13 13:38:59 - [MESSAGE][PASSED] - Object: 'Object Repository/Final Object Repo/New Registration - Registration Module Pages/New Reg - OTC to RO/Special Case - OTC - Form 1/Sub Business Entity - Please Select' is clicked on

2018-12-13 13:38:59 - [TEST_STEP][PASSED] - delay: Delayed 2 second(s)

2018-12-13 13:39:01 - [MESSAGE][PASSED] - Delayed 2 second(s)

2018-12-13 13:39:01 - [TEST_STEP][PASSED] - click: Object: 'Object Repository/Final Object Repo/New Registration - Registration Module Pages/New Reg - OTC to RO/Special Case - OTC - Form 1/Selected - Sendirian Berhad' is clicked on

2018-12-13 13:39:01 - [MESSAGE][PASSED] - Object: 'Object Repository/Final Object Repo/New Registration - Registration Module Pages/New Reg - OTC to RO/Special Case - OTC - Form 1/Selected - Sendirian Berhad' is clicked on

2018-12-13 13:39:01 - [TEST_STEP][PASSED] - setText: Text 'AUTOMATE001' is set on object 'Object Repository/Final Object Repo/New Registration - Registration Module Pages/New Reg - OTC to RO/Special Case - OTC - Form 1/Input BRN Number'

2018-12-13 13:39:02 - [MESSAGE][PASSED] - Text 'AUTOMATE001' is set on object 'Object Repository/Final Object Repo/New Registration - Registration Module Pages/New Reg - OTC to RO/Special Case - OTC - Form 1/Input BRN Number'

2018-12-13 13:39:02 - [TEST_STEP][PASSED] - delay: Delayed 2 second(s)

2018-12-13 13:39:04 - [MESSAGE][PASSED] - Delayed 2 second(s)

2018-12-13 13:39:04 - [TEST_STEP][PASSED] - click: Object: 'Object Repository/Final Object Repo/New Registration - Registration Module Pages/New Reg - OTC to RO/Special Case - OTC - Form 1/BRN Search' is clicked on

2018-12-13 13:39:04 - [MESSAGE][PASSED] - Object: 'Object Repository/Final Object Repo/New Registration - Registration Module Pages/New Reg - OTC to RO/Special Case - OTC - Form 1/BRN Search' is clicked on

2018-12-13 13:39:04 - [TEST_STEP][PASSED] - delay: Delayed 4 second(s)

2018-12-13 13:39:08 - [MESSAGE][PASSED] - Delayed 4 second(s)

2018-12-13 13:39:08 - [TEST_STEP][PASSED] - click: Object: 'Object Repository/Final Object Repo/New Registration - Registration Module Pages/New Reg - OTC to RO/Special Case - OTC - Form 1/Registered with SSM - After Feb 2017' is clicked on

2018-12-13 13:39:08 - [MESSAGE][PASSED] - Object: 'Object Repository/Final Object Repo/New Registration - Registration Module Pages/New Reg - OTC to RO/Special Case - OTC - Form 1/Registered with SSM - After Feb 2017' is clicked on

2018-12-13 13:39:08 - [TEST_STEP][PASSED] - delay: Delayed 2 second(s)

2018-12-13 13:39:10 - [MESSAGE][PASSED] - Delayed 2 second(s)

2018-12-13 13:39:10 - [TEST_STEP][PASSED] - click: Object: 'Object Repository/Final Object Repo/New Registration - Registration Module Pages/New Reg - OTC to RO/Special Case - OTC - Form 1/Registering As A Branch - No' is clicked on

2018-12-13 13:39:10 - [MESSAGE][PASSED] - Object: 'Object Repository/Final Object Repo/New Registration - Registration Module Pages/New Reg - OTC to RO/Special Case - OTC - Form 1/Registering As A Branch - No' is clicked on

2018-12-13 13:39:10 - [TEST_STEP][PASSED] - click: Object: 'Object Repository/Final Object Repo/New Registration - Registration Module Pages/New Reg - OTC to RO/Special Case - OTC - Form 1/Acknowledgement Ticked' is clicked on

2018-12-13 13:39:10 - [MESSAGE][PASSED] - Object: 'Object Repository/Final Object Repo/New Registration - Registration Module Pages/New Reg - OTC to RO/Special Case - OTC - Form 1/Acknowledgement Ticked' is clicked on

2018-12-13 13:39:10 - [TEST_STEP][PASSED] - click: Object: 'Object Repository/Final Object Repo/New Registration - Registration Module Pages/New Reg - OTC to RO/Special Case - OTC - Form 1/Submit Button' is clicked on

2018-12-13 13:39:11 - [MESSAGE][PASSED] - Object: 'Object Repository/Final Object Repo/New Registration - Registration Module Pages/New Reg - OTC to RO/Special Case - OTC - Form 1/Submit Button' is clicked on

2018-12-13 13:39:11 - [TEST_STEP][PASSED] - delay: Delayed 2 second(s)

2018-12-13 13:39:13 - [MESSAGE][PASSED] - Delayed 2 second(s)

2018-12-13 13:39:13 - [TEST_STEP][PASSED] - click: Object: 'Object Repository/Final Object Repo/New Registration - Registration Module Pages/New Reg - OTC to RO/Special Case - OTC - Form 1/Confirm No Flagging as Branch' is clicked on

2018-12-13 13:39:13 - [MESSAGE][PASSED] - Object: 'Object Repository/Final Object Repo/New Registration - Registration Module Pages/New Reg - OTC to RO/Special Case - OTC - Form 1/Confirm No Flagging as Branch' is clicked on

2018-12-13 13:39:13 - [MESSAGE][PASSED] - Call Test Case 'Test Cases/Final Aug 2018 - PKS Automation/Registration Module/Workflow/New Registration/Template/Special Case - PKR BO - Form 1' successfully

2018-12-13 13:39:13 - [TEST_STEP][PASSED] - callTestCase: Call Test Case 'Test Cases/Final Aug 2018 - PKS Automation/Registration Module/New Registration/Form 2/Add 1 Eligible' successfully

2018-12-13 13:39:13 - [TEST_CASE][PASSED] - Test Cases/Final Aug 2018 - PKS Automation/Registration Module/New Registration/Form 2/Add 1 Eligible: Test Cases/Final Aug 2018 - PKS Automation/Registration Module/New Registration/Form 2/Add 1 Eligible

2018-12-13 13:39:13 - [TEST_STEP][PASSED] - delay: Delayed 2 second(s)

2018-12-13 13:39:15 - [MESSAGE][PASSED] - Delayed 2 second(s)

2018-12-13 13:39:15 - [TEST_STEP][PASSED] - callTestCase: Call Test Case 'Test Cases/Final Aug 2018 - PKS Automation/Registration Module/New Registration/Form 2/Date Updater' successfully

2018-12-13 13:39:15 - [TEST_CASE][PASSED] - Test Cases/Final Aug 2018 - PKS Automation/Registration Module/New Registration/Form 2/Date Updater: Test Cases/Final Aug 2018 - PKS Automation/Registration Module/New Registration/Form 2/Date Updater

2018-12-13 13:39:15 - [TEST_STEP][PASSED] - Statement - TodayDate = new java.util.Date(): null

2018-12-13 13:39:15 - [TEST_STEP][PASSED] - Statement - CurrentDateNoFilter = new java.text.SimpleDateFormat(): null

2018-12-13 13:39:15 - [TEST_STEP][PASSED] - Statement - CurrentDateNoFilter.applyPattern("MM"): null

2018-12-13 13:39:15 - [TEST_STEP][PASSED] - Statement - monthContainerMatcher = java.lang.Integer.parseInt(CurrentDateNoFilter.format(TodayDate)): null

2018-12-13 13:39:15 - [TEST_STEP][PASSED] - Statement - monthContainerMatcher = monthContainerMatcher - 1: null

2018-12-13 13:39:15 - [TEST_STEP][PASSED] - Statement - CurrentMonth = monthContainerMatcher.toString(): null

2018-12-13 13:39:15 - [TEST_STEP][PASSED] - Statement - CurrentMonth = CurrentMonth: null

2018-12-13 13:39:15 - [TEST_STEP][PASSED] - Statement - CurrentDateNoFilter.applyPattern("yyyy"): null

2018-12-13 13:39:15 - [TEST_STEP][PASSED] - Statement - CurrentYear = CurrentDateNoFilter.format(TodayDate): null

2018-12-13 13:39:15 - [TEST_STEP][PASSED] - Statement - CurrentYear = CurrentYear: null

2018-12-13 13:39:15 - [TEST_STEP][PASSED] - Statement - intCurrentYear = java.lang.Integer.parseInt(CurrentDateNoFilter.format(TodayDate)): null

2018-12-13 13:39:15 - [TEST_STEP][PASSED] - Statement - eighteenYrsAgo = intCurrentYear - 18: null

2018-12-13 13:39:15 - [TEST_STEP][PASSED] - Statement - eighteenYrsBeforeThisYr = eighteenYrsAgo.toString(): null

2018-12-13 13:39:15 - [TEST_STEP][PASSED] - Statement - EighteenYrsBefore = eighteenYrsBeforeThisYr: null

2018-12-13 13:39:15 - [TEST_STEP][PASSED] - Statement - fiftysevenYrsAgo = intCurrentYear - 57: null

2018-12-13 13:39:15 - [TEST_STEP][PASSED] - Statement - fiftysevenYrsBeforeThisYr = fiftysevenYrsAgo.toString(): null

2018-12-13 13:39:15 - [TEST_STEP][PASSED] - Statement - FiftysevenYrsBefore = fiftysevenYrsBeforeThisYr: null

2018-12-13 13:39:15 - [TEST_STEP][PASSED] - Statement - leapYear = false: null

2018-12-13 13:39:15 - [TEST_STEP][PASSED] - Statement - leapYear = intCurrentYear % 4 == 0: null

2018-12-13 13:39:15 - [TEST_STEP][PASSED] - Statement - CurrentDateNoFilter.applyPattern("dd"): null

2018-12-13 13:39:15 - [TEST_STEP][PASSED] - Statement - CurrentDate = CurrentDateNoFilter.format(TodayDate): null

2018-12-13 13:39:15 - [TEST_STEP][PASSED] - Statement - CurrentDate = java.lang.Integer.parseInt(CurrentDate): null

2018-12-13 13:39:15 - [TEST_STEP][PASSED] - Statement - CurrentDate = CurrentDate: null

2018-12-13 13:39:15 - [TEST_STEP][PASSED] - Statement - CurrentDay = java.lang.Integer.parseInt(CurrentDate): null

2018-12-13 13:39:15 - [TEST_STEP][PASSED] - Statement - ConfAdder = <not implemented yet for class: org.codehaus.groovy.ast.expr.EmptyExpression>: null

2018-12-13 13:39:15 - [TEST_STEP][PASSED] - Statement - out.println(CurrentMonth): null

2018-12-13 13:39:15 - [TEST_STEP][PASSED] - Statement - out.println(CurrentDate): null

2018-12-13 13:39:15 - [TEST_STEP][PASSED] - Statement - switch (CurrentDate): null

2018-12-13 13:39:15 - [TEST_STEP][PASSED] - Statement - Default: null

2018-12-13 13:39:15 - [TEST_STEP][PASSED] - Statement - ConfAdder = true: null

2018-12-13 13:39:15 - [TEST_STEP][PASSED] - Statement - Break: null

2018-12-13 13:39:15 - [TEST_STEP][PASSED] - Statement - aDayBefore = <not implemented yet for class: org.codehaus.groovy.ast.expr.EmptyExpression>: null

2018-12-13 13:39:15 - [TEST_STEP][PASSED] - Statement - out.println(ConfAdder): null

2018-12-13 13:39:15 - [TEST_STEP][PASSED] - Statement - If (ConfAdder == true): null

2018-12-13 13:39:15 - [TEST_STEP][PASSED] - Statement - aDayBefore = CurrentDay + 1: null

2018-12-13 13:39:15 - [TEST_STEP][PASSED] - Statement - out.println(aDayBefore): null

2018-12-13 13:39:15 - [TEST_STEP][PASSED] - Statement - If (aDayBefore == 1 && CurrentMonth == 11): null

2018-12-13 13:39:15 - [TEST_STEP][PASSED] - Statement - DayBefore = aDayBefore.toString(): null

2018-12-13 13:39:15 - [TEST_STEP][PASSED] - Statement - OneDayBefore = DayBefore: null

2018-12-13 13:39:15 - [MESSAGE][PASSED] - Call Test Case 'Test Cases/Final Aug 2018 - PKS Automation/Registration Module/New Registration/Form 2/Date Updater' successfully

2018-12-13 13:39:15 - [TEST_STEP][PASSED] - delay: Delayed 1 second(s)

2018-12-13 13:39:16 - [MESSAGE][PASSED] - Delayed 1 second(s)

2018-12-13 13:39:16 - [TEST_STEP][PASSED] - Statement - CaseReferenceNo = com.kms.katalon.core.webui.keyword.WebUiBuiltInKeywords.getText(com.kms.katalon.core.testobject.ObjectRepository.findTestObject(Final Object Repo/New Registration - Registration Module Pages/Form 2/RefNo Acquiring)): Text of object 'Object Repository/Final Object Repo/New Registration - Registration Module Pages/Form 2/RefNo Acquiring' is: 'CRN12201800123277'

2018-12-13 13:39:16 - [MESSAGE][PASSED] - Text of object 'Object Repository/Final Object Repo/New Registration - Registration Module Pages/Form 2/RefNo Acquiring' is: 'CRN12201800123277'

2018-12-13 13:39:16 - [TEST_STEP][PASSED] - delay: Delayed 1 second(s)

2018-12-13 13:39:17 - [MESSAGE][PASSED] - Delayed 1 second(s)

2018-12-13 13:39:17 - [TEST_STEP][PASSED] - click: Object: 'Object Repository/Final Object Repo/New Registration - Registration Module Pages/Form 2/Add Employee Button' is clicked on

2018-12-13 13:39:17 - [MESSAGE][PASSED] - Object: 'Object Repository/Final Object Repo/New Registration - Registration Module Pages/Form 2/Add Employee Button' is clicked on

2018-12-13 13:39:17 - [TEST_STEP][PASSED] - delay: Delayed 1 second(s)

2018-12-13 13:39:18 - [MESSAGE][PASSED] - Delayed 1 second(s)

2018-12-13 13:39:18 - [TEST_STEP][PASSED] - setText: Text '010903091963' is set on object 'Object Repository/Final Object Repo/New Registration - Registration Module Pages/Form 2/NRIC Input'

2018-12-13 13:39:19 - [MESSAGE][PASSED] - Text '010903091963' is set on object 'Object Repository/Final Object Repo/New Registration - Registration Module Pages/Form 2/NRIC Input'

2018-12-13 13:39:19 - [TEST_STEP][PASSED] - click: Object: 'Object Repository/Final Object Repo/New Registration - Registration Module Pages/Form 2/button for search for IC' is clicked on

2018-12-13 13:39:19 - [MESSAGE][PASSED] - Object: 'Object Repository/Final Object Repo/New Registration - Registration Module Pages/Form 2/button for search for IC' is clicked on

2018-12-13 13:39:19 - [TEST_STEP][PASSED] - delay: Delayed 2 second(s)

2018-12-13 13:39:21 - [MESSAGE][PASSED] - Delayed 2 second(s)

2018-12-13 13:39:21 - [TEST_STEP][PASSED] - setText: Text 'Automate001 eligible 1' is set on object 'Object Repository/Final Object Repo/New Registration - Registration Module Pages/Form 2/Employee Name Input'

2018-12-13 13:39:21 - [MESSAGE][PASSED] - Text 'Automate001 eligible 1' is set on object 'Object Repository/Final Object Repo/New Registration - Registration Module Pages/Form 2/Employee Name Input'

2018-12-13 13:39:21 - [TEST_STEP][PASSED] - delay: Delayed 2 second(s)

2018-12-13 13:39:23 - [MESSAGE][PASSED] - Delayed 2 second(s)

2018-12-13 13:39:23 - [TEST_STEP][PASSED] - click: Object: 'Object Repository/Final Object Repo/New Registration - Registration Module Pages/Form 2/DatePicker Pop Up' is clicked on

2018-12-13 13:39:23 - [MESSAGE][PASSED] - Object: 'Object Repository/Final Object Repo/New Registration - Registration Module Pages/Form 2/DatePicker Pop Up' is clicked on

2018-12-13 13:39:23 - [TEST_STEP][PASSED] - click: Object: 'Object Repository/Final Object Repo/New Registration - Registration Module Pages/Form 2/DOB Month' is clicked on

2018-12-13 13:39:24 - [MESSAGE][PASSED] - Object: 'Object Repository/Final Object Repo/New Registration - Registration Module Pages/Form 2/DOB Month' is clicked on

2018-12-13 13:39:24 - [TEST_STEP][PASSED] - Statement - CurrentMonth = CurrentMonth: null

2018-12-13 13:39:24 - [TEST_STEP][PASSED] - Statement - selectMonth = new com.kms.katalon.core.testobject.TestObject(): null

2018-12-13 13:39:24 - [TEST_STEP][PASSED] - Statement - selectMonth.addProperty("xpath", EQUALS, "//body/div/div/div/select/option[@value='" + CurrentMonth + "']", true): null

2018-12-13 13:39:24 - [TEST_STEP][PASSED] - click: Object: '' is clicked on

2018-12-13 13:39:24 - [MESSAGE][PASSED] - Object: '' is clicked on

2018-12-13 13:39:24 - [TEST_STEP][PASSED] - click: Object: 'Object Repository/Final Object Repo/New Registration - Registration Module Pages/Form 2/DOB Year' is clicked on

2018-12-13 13:39:24 - [MESSAGE][PASSED] - Object: 'Object Repository/Final Object Repo/New Registration - Registration Module Pages/Form 2/DOB Year' is clicked on

2018-12-13 13:39:24 - [TEST_STEP][PASSED] - Statement - Eyearsbf = EighteenYrsBefore: null

2018-12-13 13:39:24 - [TEST_STEP][PASSED] - Statement - selectYear = new com.kms.katalon.core.testobject.TestObject(): null

2018-12-13 13:39:24 - [TEST_STEP][PASSED] - Statement - selectYear.addProperty("xpath", EQUALS, "//div/div/div/select/option[@value='" + Eyearsbf + "']", true): null

2018-12-13 13:39:24 - [TEST_STEP][PASSED] - click: Object: '' is clicked on

2018-12-13 13:39:24 - [MESSAGE][PASSED] - Object: '' is clicked on

2018-12-13 13:39:24 - [TEST_STEP][PASSED] - Statement - UpdatedSelectDate = com.kms.katalon.core.webui.keyword.WebUiBuiltInKeywords.modifyObjectProperty(com.kms.katalon.core.testobject.ObjectRepository.findTestObject(Final Object Repo/New Registration - Registration Module Pages/Form 2/DOB Date), "xpath", "equals", "//body/div/table/tbody/tr/td/a[text()="" + CurrentDate + ""]", true): Modify property of object successfully

2018-12-13 13:39:24 - [MESSAGE][PASSED] - Modify property of object successfully

2018-12-13 13:39:24 - [TEST_STEP][PASSED] - delay: Delayed 3 second(s)

2018-12-13 13:39:27 - [MESSAGE][PASSED] - Delayed 3 second(s)

2018-12-13 13:39:27 - [TEST_STEP][PASSED] - click: Object: 'Object Repository/Final Object Repo/New Registration - Registration Module Pages/Form 2/DOB Date' is clicked on

2018-12-13 13:39:27 - [MESSAGE][PASSED] - Object: 'Object Repository/Final Object Repo/New Registration - Registration Module Pages/Form 2/DOB Date' is clicked on

2018-12-13 13:39:27 - [TEST_STEP][PASSED] - delay: Delayed 2 second(s)

2018-12-13 13:39:29 - [MESSAGE][PASSED] - Delayed 2 second(s)

2018-12-13 13:39:29 - [TEST_STEP][PASSED] - click: Object: 'Object Repository/Final Object Repo/New Registration - Registration Module Pages/Form 2/EmploymentStartDate Pop Up' is clicked on

2018-12-13 13:39:29 - [MESSAGE][PASSED] - Object: 'Object Repository/Final Object Repo/New Registration - Registration Module Pages/Form 2/EmploymentStartDate Pop Up' is clicked on

2018-12-13 13:39:29 - [TEST_STEP][PASSED] - delay: Delayed 2 second(s)

2018-12-13 13:39:31 - [MESSAGE][PASSED] - Delayed 2 second(s)

2018-12-13 13:39:31 - [TEST_STEP][PASSED] - click: Object: 'Object Repository/Final Object Repo/New Registration - Registration Module Pages/Form 2/Socso Employment StartDate Month' is clicked on

2018-12-13 13:39:32 - [MESSAGE][PASSED] - Object: 'Object Repository/Final Object Repo/New Registration - Registration Module Pages/Form 2/Socso Employment StartDate Month' is clicked on

2018-12-13 13:39:32 - [TEST_STEP][PASSED] - delay: Delayed 1 second(s)

2018-12-13 13:39:33 - [MESSAGE][PASSED] - Delayed 1 second(s)

2018-12-13 13:39:33 - [TEST_STEP][PASSED] - click: Object: 'Object Repository/Final Object Repo/New Registration - Registration Module Pages/Form 2/Select Socso Employement Startdate Month' is clicked on

2018-12-13 13:39:33 - [MESSAGE][PASSED] - Object: 'Object Repository/Final Object Repo/New Registration - Registration Module Pages/Form 2/Select Socso Employement Startdate Month' is clicked on

2018-12-13 13:39:33 - [TEST_STEP][PASSED] - delay: Delayed 2 second(s)

2018-12-13 13:39:35 - [MESSAGE][PASSED] - Delayed 2 second(s)

2018-12-13 13:39:35 - [TEST_STEP][PASSED] - click: Object: 'Object Repository/Final Object Repo/New Registration - Registration Module Pages/Form 2/Socso Employment StartDate Year' is clicked on

2018-12-13 13:39:35 - [MESSAGE][PASSED] - Object: 'Object Repository/Final Object Repo/New Registration - Registration Module Pages/Form 2/Socso Employment StartDate Year' is clicked on

2018-12-13 13:39:35 - [TEST_STEP][PASSED] - delay: Delayed 1 second(s)

2018-12-13 13:39:36 - [MESSAGE][PASSED] - Delayed 1 second(s)

2018-12-13 13:39:36 - [TEST_STEP][PASSED] - click: Object: 'Object Repository/Final Object Repo/New Registration - Registration Module Pages/Form 2/Select Socso Employment Startdate Year' is clicked on

2018-12-13 13:39:36 - [MESSAGE][PASSED] - Object: 'Object Repository/Final Object Repo/New Registration - Registration Module Pages/Form 2/Select Socso Employment Startdate Year' is clicked on

2018-12-13 13:39:36 - [TEST_STEP][PASSED] - delay: Delayed 2 second(s)

2018-12-13 13:39:38 - [MESSAGE][PASSED] - Delayed 2 second(s)

2018-12-13 13:39:38 - [TEST_STEP][PASSED] - click: Object: 'Object Repository/Final Object Repo/New Registration - Registration Module Pages/Form 2/Socso Employment Start Date Day' is clicked on

2018-12-13 13:39:38 - [MESSAGE][PASSED] - Object: 'Object Repository/Final Object Repo/New Registration - Registration Module Pages/Form 2/Socso Employment Start Date Day' is clicked on

2018-12-13 13:39:38 - [TEST_STEP][PASSED] - delay: Delayed 2 second(s)

2018-12-13 13:39:40 - [MESSAGE][PASSED] - Delayed 2 second(s)

2018-12-13 13:39:40 - [TEST_STEP][PASSED] - click: Object: 'Object Repository/Final Object Repo/New Registration - Registration Module Pages/Form 2/Save Button for Add Employee' is clicked on

2018-12-13 13:39:40 - [MESSAGE][PASSED] - Object: 'Object Repository/Final Object Repo/New Registration - Registration Module Pages/Form 2/Save Button for Add Employee' is clicked on

2018-12-13 13:39:40 - [TEST_STEP][PASSED] - delay: Delayed 6 second(s)

2018-12-13 13:39:46 - [MESSAGE][PASSED] - Delayed 6 second(s)

2018-12-13 13:39:46 - [TEST_STEP][PASSED] - click: Object: 'Object Repository/Final Object Repo/New Registration - Registration Module Pages/Form 2/Save and Continue Form 2' is clicked on

2018-12-13 13:39:47 - [MESSAGE][PASSED] - Object: 'Object Repository/Final Object Repo/New Registration - Registration Module Pages/Form 2/Save and Continue Form 2' is clicked on

2018-12-13 13:39:47 - [MESSAGE][PASSED] - Call Test Case 'Test Cases/Final Aug 2018 - PKS Automation/Registration Module/New Registration/Form 2/Add 1 Eligible' successfully

2018-12-13 13:39:47 - [TEST_STEP][PASSED] - callTestCase: Call Test Case 'Test Cases/Final Aug 2018 - PKS Automation/Registration Module/New Registration/Flow of New Registration/Third Screen - Upload Supporting Doc - Preview' successfully

2018-12-13 13:39:47 - [TEST_CASE][PASSED] - Test Cases/Final Aug 2018 - PKS Automation/Registration Module/New Registration/Flow of New Registration/Third Screen - Upload Supporting Doc - Preview: Test Cases/Final Aug 2018 - PKS Automation/Registration Module/New Registration/Flow of New Registration/Third Screen - Upload Supporting Doc - Preview

2018-12-13 13:39:47 - [TEST_STEP][PASSED] - waitForPageLoad: Wait for page load successfully

2018-12-13 13:39:48 - [MESSAGE][PASSED] - Wait for page load successfully

2018-12-13 13:39:48 - [TEST_STEP][PASSED] - Statement - CaseReferenceNo = com.kms.katalon.core.webui.keyword.WebUiBuiltInKeywords.getText(com.kms.katalon.core.testobject.ObjectRepository.findTestObject(Final Object Repo/New Registration - Registration Module Pages/Third Screen - Upload Supporting Doc- Preview/RefNo Acquiring)): Text of object 'Object Repository/Final Object Repo/New Registration - Registration Module Pages/Third Screen - Upload Supporting Doc- Preview/RefNo Acquiring' is: 'CRN12201800123277'

2018-12-13 13:39:48 - [MESSAGE][PASSED] - Text of object 'Object Repository/Final Object Repo/New Registration - Registration Module Pages/Third Screen - Upload Supporting Doc- Preview/RefNo Acquiring' is: 'CRN12201800123277'

2018-12-13 13:39:48 - [TEST_STEP][PASSED] - delay: Delayed 2 second(s)

2018-12-13 13:39:50 - [MESSAGE][PASSED] - Delayed 2 second(s)

2018-12-13 13:39:50 - [TEST_STEP][PASSED] - callTestCase: Call Test Case 'Test Cases/Final Aug 2018 - PKS Automation/Common/Reference Number Setter' successfully

2018-12-13 13:39:50 - [TEST_CASE][PASSED] - Test Cases/Final Aug 2018 - PKS Automation/Common/Reference Number Setter: Test Cases/Final Aug 2018 - PKS Automation/Common/Reference Number Setter

2018-12-13 13:39:50 - [TEST_STEP][PASSED] - Statement - RefNoOldFile = new java.io.File(C://Users//Admin//Desktop//PKS//Automation Reference Point//KatalonReference.txt): null

2018-12-13 13:39:50 - [TEST_STEP][PASSED] - Statement - RefNoOldFile.delete(): null

2018-12-13 13:39:50 - [TEST_STEP][PASSED] - delay: Delayed 5 second(s)

2018-12-13 13:39:55 - [MESSAGE][PASSED] - Delayed 5 second(s)

2018-12-13 13:39:55 - [TEST_STEP][PASSED] - Statement - RefNo = new java.io.File(C://Users//Admin//Desktop//PKS//Automation Reference Point//KatalonReference.txt): null

2018-12-13 13:39:55 - [TEST_STEP][PASSED] - Statement - f2 = new java.io.FileWriter(RefNo, false): null

2018-12-13 13:39:55 - [TEST_STEP][PASSED] - Statement - f2.write(CaseReferenceNo): null

2018-12-13 13:39:55 - [TEST_STEP][PASSED] - Statement - f2.close(): null

2018-12-13 13:39:55 - [TEST_STEP][PASSED] - Statement - out.println("


" + CaseReferenceNo + "


"): null

2018-12-13 13:39:55 - [MESSAGE][PASSED] - Call Test Case 'Test Cases/Final Aug 2018 - PKS Automation/Common/Reference Number Setter' successfully

2018-12-13 13:39:55 - [TEST_STEP][PASSED] - waitForElementClickable: Object 'Object Repository/Final Object Repo/New Registration - Registration Module Pages/Third Screen - Upload Supporting Doc- Preview/Save n Continue in SIP Employee Listing Page' is clickable

2018-12-13 13:39:55 - [MESSAGE][PASSED] - Object 'Object Repository/Final Object Repo/New Registration - Registration Module Pages/Third Screen - Upload Supporting Doc- Preview/Save n Continue in SIP Employee Listing Page' is clickable

2018-12-13 13:39:55 - [TEST_STEP][PASSED] - click: Object: 'Object Repository/Final Object Repo/New Registration - Registration Module Pages/Third Screen - Upload Supporting Doc- Preview/Save n Continue in SIP Employee Listing Page' is clicked on

2018-12-13 13:40:00 - [MESSAGE][PASSED] - Object: 'Object Repository/Final Object Repo/New Registration - Registration Module Pages/Third Screen - Upload Supporting Doc- Preview/Save n Continue in SIP Employee Listing Page' is clicked on

2018-12-13 13:40:00 - [TEST_STEP][PASSED] - delay: Delayed 7 second(s)

2018-12-13 13:40:07 - [MESSAGE][PASSED] - Delayed 7 second(s)

2018-12-13 13:40:07 - [TEST_STEP][PASSED] - click: Object: 'Object Repository/Final Object Repo/New Registration - Registration Module Pages/Third Screen - Upload Supporting Doc- Preview/Add Document Button' is clicked on

2018-12-13 13:40:07 - [MESSAGE][PASSED] - Object: 'Object Repository/Final Object Repo/New Registration - Registration Module Pages/Third Screen - Upload Supporting Doc- Preview/Add Document Button' is clicked on

2018-12-13 13:40:07 - [TEST_STEP][PASSED] - delay: Delayed 30 second(s)

2018-12-13 13:40:37 - [MESSAGE][PASSED] - Delayed 30 second(s)

2018-12-13 13:40:37 - [TEST_STEP][PASSED] - click: Object: 'Object Repository/Final Object Repo/New Registration - Registration Module Pages/Third Screen - Upload Supporting Doc- Preview/Supporting Doc Please Select Drop Down' is clicked on

2018-12-13 13:40:38 - [MESSAGE][PASSED] - Object: 'Object Repository/Final Object Repo/New Registration - Registration Module Pages/Third Screen - Upload Supporting Doc- Preview/Supporting Doc Please Select Drop Down' is clicked on

2018-12-13 13:40:38 - [TEST_STEP][PASSED] - delay: Delayed 2 second(s)

2018-12-13 13:40:40 - [MESSAGE][PASSED] - Delayed 2 second(s)

2018-12-13 13:40:40 - [TEST_STEP][PASSED] - click: Object: 'Object Repository/Final Object Repo/New Registration - Registration Module Pages/Third Screen - Upload Supporting Doc- Preview/Select to Upload Form 1' is clicked on

2018-12-13 13:40:40 - [MESSAGE][PASSED] - Object: 'Object Repository/Final Object Repo/New Registration - Registration Module Pages/Third Screen - Upload Supporting Doc- Preview/Select to Upload Form 1' is clicked on

2018-12-13 13:40:40 - [TEST_STEP][PASSED] - delay: Delayed 2 second(s)

2018-12-13 13:40:42 - [MESSAGE][PASSED] - Delayed 2 second(s)

2018-12-13 13:40:42 - [TEST_STEP][PASSED] - uploadFile: File 'C:\Users\Public\Pictures\Sample Pictures\Koala.jpg' sent to object: 'Object Repository/Final Object Repo/New Registration - Registration Module Pages/Third Screen - Upload Supporting Doc- Preview/Upload File Adding'

2018-12-13 13:40:42 - [MESSAGE][PASSED] - File 'C:\Users\Public\Pictures\Sample Pictures\Koala.jpg' sent to object: 'Object Repository/Final Object Repo/New Registration - Registration Module Pages/Third Screen - Upload Supporting Doc- Preview/Upload File Adding'

2018-12-13 13:40:42 - [TEST_STEP][PASSED] - delay: Delayed 5 second(s)

2018-12-13 13:40:47 - [MESSAGE][PASSED] - Delayed 5 second(s)

2018-12-13 13:40:47 - [TEST_STEP][PASSED] - click: Object: 'Object Repository/Final Object Repo/New Registration - Registration Module Pages/Third Screen - Upload Supporting Doc- Preview/Inner Form Add Document Button' is clicked on

2018-12-13 13:40:47 - [MESSAGE][PASSED] - Object: 'Object Repository/Final Object Repo/New Registration - Registration Module Pages/Third Screen - Upload Supporting Doc- Preview/Inner Form Add Document Button' is clicked on

2018-12-13 13:40:47 - [TEST_STEP][PASSED] - delay: Delayed 3 second(s)

2018-12-13 13:40:50 - [MESSAGE][PASSED] - Delayed 3 second(s)

2018-12-13 13:40:50 - [TEST_STEP][PASSED] - click: Object: 'Object Repository/Final Object Repo/New Registration - Registration Module Pages/Third Screen - Upload Supporting Doc- Preview/Add Document Button' is clicked on

2018-12-13 13:40:51 - [MESSAGE][PASSED] - Object: 'Object Repository/Final Object Repo/New Registration - Registration Module Pages/Third Screen - Upload Supporting Doc- Preview/Add Document Button' is clicked on

2018-12-13 13:40:51 - [TEST_STEP][PASSED] - delay: Delayed 30 second(s)

2018-12-13 13:41:21 - [MESSAGE][PASSED] - Delayed 30 second(s)

2018-12-13 13:41:21 - [TEST_STEP][PASSED] - click: Object: 'Object Repository/Final Object Repo/New Registration - Registration Module Pages/Third Screen - Upload Supporting Doc- Preview/Supporting Doc Please Select Drop Down' is clicked on

2018-12-13 13:41:22 - [MESSAGE][PASSED] - Object: 'Object Repository/Final Object Repo/New Registration - Registration Module Pages/Third Screen - Upload Supporting Doc- Preview/Supporting Doc Please Select Drop Down' is clicked on

2018-12-13 13:41:22 - [TEST_STEP][PASSED] - delay: Delayed 4 second(s)

2018-12-13 13:41:26 - [MESSAGE][PASSED] - Delayed 4 second(s)

2018-12-13 13:41:26 - [TEST_STEP][PASSED] - click: Object: 'Object Repository/Final Object Repo/New Registration - Registration Module Pages/Third Screen - Upload Supporting Doc- Preview/Select to Upload Form 2' is clicked on

2018-12-13 13:41:26 - [MESSAGE][PASSED] - Object: 'Object Repository/Final Object Repo/New Registration - Registration Module Pages/Third Screen - Upload Supporting Doc- Preview/Select to Upload Form 2' is clicked on

2018-12-13 13:41:26 - [TEST_STEP][PASSED] - delay: Delayed 2 second(s)

2018-12-13 13:41:28 - [MESSAGE][PASSED] - Delayed 2 second(s)

2018-12-13 13:41:28 - [TEST_STEP][PASSED] - uploadFile: File 'C:\Users\Public\Pictures\Sample Pictures\Koala.jpg' sent to object: 'Object Repository/Final Object Repo/New Registration - Registration Module Pages/Third Screen - Upload Supporting Doc- Preview/Upload File Adding'

2018-12-13 13:41:28 - [MESSAGE][PASSED] - File 'C:\Users\Public\Pictures\Sample Pictures\Koala.jpg' sent to object: 'Object Repository/Final Object Repo/New Registration - Registration Module Pages/Third Screen - Upload Supporting Doc- Preview/Upload File Adding'

2018-12-13 13:41:28 - [TEST_STEP][PASSED] - click: Object: 'Object Repository/Final Object Repo/New Registration - Registration Module Pages/Third Screen - Upload Supporting Doc- Preview/Inner Form Add Document Button' is clicked on

2018-12-13 13:41:28 - [MESSAGE][PASSED] - Object: 'Object Repository/Final Object Repo/New Registration - Registration Module Pages/Third Screen - Upload Supporting Doc- Preview/Inner Form Add Document Button' is clicked on

2018-12-13 13:41:28 - [TEST_STEP][PASSED] - delay: Delayed 5 second(s)

2018-12-13 13:41:33 - [MESSAGE][PASSED] - Delayed 5 second(s)

2018-12-13 13:41:33 - [TEST_STEP][PASSED] - click: Object: 'Object Repository/Final Object Repo/New Registration - Registration Module Pages/Third Screen - Upload Supporting Doc- Preview/Add Document Button' is clicked on

2018-12-13 13:41:33 - [MESSAGE][PASSED] - Object: 'Object Repository/Final Object Repo/New Registration - Registration Module Pages/Third Screen - Upload Supporting Doc- Preview/Add Document Button' is clicked on

2018-12-13 13:41:33 - [TEST_STEP][PASSED] - delay: Delayed 30 second(s)

2018-12-13 13:42:03 - [MESSAGE][PASSED] - Delayed 30 second(s)

2018-12-13 13:42:03 - [TEST_STEP][PASSED] - click: Object: 'Object Repository/Final Object Repo/New Registration - Registration Module Pages/Third Screen - Upload Supporting Doc- Preview/Supporting Doc Please Select Drop Down' is clicked on

2018-12-13 13:42:03 - [MESSAGE][PASSED] - Object: 'Object Repository/Final Object Repo/New Registration - Registration Module Pages/Third Screen - Upload Supporting Doc- Preview/Supporting Doc Please Select Drop Down' is clicked on

2018-12-13 13:42:03 - [TEST_STEP][PASSED] - click: Object: 'Object Repository/Final Object Repo/New Registration - Registration Module Pages/Third Screen - Upload Supporting Doc- Preview/Select to Upload Borang SIP 1' is clicked on

2018-12-13 13:42:04 - [MESSAGE][PASSED] - Object: 'Object Repository/Final Object Repo/New Registration - Registration Module Pages/Third Screen - Upload Supporting Doc- Preview/Select to Upload Borang SIP 1' is clicked on

2018-12-13 13:42:04 - [TEST_STEP][PASSED] - delay: Delayed 2 second(s)

2018-12-13 13:42:06 - [MESSAGE][PASSED] - Delayed 2 second(s)

2018-12-13 13:42:06 - [TEST_STEP][PASSED] - uploadFile: File 'C:\Users\Public\Pictures\Sample Pictures\Koala.jpg' sent to object: 'Object Repository/Final Object Repo/New Registration - Registration Module Pages/Third Screen - Upload Supporting Doc- Preview/Upload File Adding'

2018-12-13 13:42:06 - [MESSAGE][PASSED] - File 'C:\Users\Public\Pictures\Sample Pictures\Koala.jpg' sent to object: 'Object Repository/Final Object Repo/New Registration - Registration Module Pages/Third Screen - Upload Supporting Doc- Preview/Upload File Adding'

2018-12-13 13:42:06 - [TEST_STEP][PASSED] - click: Object: 'Object Repository/Final Object Repo/New Registration - Registration Module Pages/Third Screen - Upload Supporting Doc- Preview/Inner Form Add Document Button' is clicked on

2018-12-13 13:42:06 - [MESSAGE][PASSED] - Object: 'Object Repository/Final Object Repo/New Registration - Registration Module Pages/Third Screen - Upload Supporting Doc- Preview/Inner Form Add Document Button' is clicked on

2018-12-13 13:42:06 - [TEST_STEP][PASSED] - delay: Delayed 5 second(s)

2018-12-13 13:42:11 - [MESSAGE][PASSED] - Delayed 5 second(s)

2018-12-13 13:42:11 - [TEST_STEP][PASSED] - click: Object: 'Object Repository/Final Object Repo/New Registration - Registration Module Pages/Third Screen - Upload Supporting Doc- Preview/Add Document Button' is clicked on

2018-12-13 13:42:11 - [MESSAGE][PASSED] - Object: 'Object Repository/Final Object Repo/New Registration - Registration Module Pages/Third Screen - Upload Supporting Doc- Preview/Add Document Button' is clicked on

2018-12-13 13:42:11 - [TEST_STEP][PASSED] - delay: Delayed 30 second(s)

2018-12-13 13:42:41 - [MESSAGE][PASSED] - Delayed 30 second(s)

2018-12-13 13:42:41 - [TEST_STEP][PASSED] - click: Object: 'Object Repository/Final Object Repo/New Registration - Registration Module Pages/Third Screen - Upload Supporting Doc- Preview/Supporting Doc Please Select Drop Down' is clicked on

2018-12-13 13:42:41 - [MESSAGE][PASSED] - Object: 'Object Repository/Final Object Repo/New Registration - Registration Module Pages/Third Screen - Upload Supporting Doc- Preview/Supporting Doc Please Select Drop Down' is clicked on

2018-12-13 13:42:41 - [TEST_STEP][PASSED] - delay: Delayed 3 second(s)

2018-12-13 13:42:44 - [MESSAGE][PASSED] - Delayed 3 second(s)

2018-12-13 13:42:44 - [TEST_STEP][PASSED] - click: Object: 'Object Repository/Final Object Repo/New Registration - Registration Module Pages/Third Screen - Upload Supporting Doc- Preview/Select to Upload Borang SIP 2' is clicked on

2018-12-13 13:42:44 - [MESSAGE][PASSED] - Object: 'Object Repository/Final Object Repo/New Registration - Registration Module Pages/Third Screen - Upload Supporting Doc- Preview/Select to Upload Borang SIP 2' is clicked on

2018-12-13 13:42:44 - [TEST_STEP][PASSED] - delay: Delayed 2 second(s)

2018-12-13 13:42:46 - [MESSAGE][PASSED] - Delayed 2 second(s)

2018-12-13 13:42:46 - [TEST_STEP][PASSED] - uploadFile: File 'C:\Users\Public\Pictures\Sample Pictures\Koala.jpg' sent to object: 'Object Repository/Final Object Repo/New Registration - Registration Module Pages/Third Screen - Upload Supporting Doc- Preview/Upload File Adding'

2018-12-13 13:42:46 - [MESSAGE][PASSED] - File 'C:\Users\Public\Pictures\Sample Pictures\Koala.jpg' sent to object: 'Object Repository/Final Object Repo/New Registration - Registration Module Pages/Third Screen - Upload Supporting Doc- Preview/Upload File Adding'

2018-12-13 13:42:46 - [TEST_STEP][PASSED] - delay: Delayed 5 second(s)

2018-12-13 13:42:51 - [MESSAGE][PASSED] - Delayed 5 second(s)

2018-12-13 13:42:51 - [TEST_STEP][PASSED] - click: Object: 'Object Repository/Final Object Repo/New Registration - Registration Module Pages/Third Screen - Upload Supporting Doc- Preview/Inner Form Add Document Button' is clicked on

2018-12-13 13:42:52 - [MESSAGE][PASSED] - Object: 'Object Repository/Final Object Repo/New Registration - Registration Module Pages/Third Screen - Upload Supporting Doc- Preview/Inner Form Add Document Button' is clicked on

2018-12-13 13:42:52 - [TEST_STEP][PASSED] - delay: Delayed 3 second(s)

2018-12-13 13:42:55 - [MESSAGE][PASSED] - Delayed 3 second(s)

2018-12-13 13:42:55 - [TEST_STEP][PASSED] - waitForElementClickable: Object 'Object Repository/Final Object Repo/New Registration - Registration Module Pages/Third Screen - Upload Supporting Doc- Preview/Save n Continue in Uploading Supporting Doc Page' is clickable

2018-12-13 13:42:56 - [MESSAGE][PASSED] - Object 'Object Repository/Final Object Repo/New Registration - Registration Module Pages/Third Screen - Upload Supporting Doc- Preview/Save n Continue in Uploading Supporting Doc Page' is clickable

2018-12-13 13:42:56 - [TEST_STEP][PASSED] - click: Object: 'Object Repository/Final Object Repo/New Registration - Registration Module Pages/Third Screen - Upload Supporting Doc- Preview/Save n Continue in Uploading Supporting Doc Page' is clicked on

2018-12-13 13:42:56 - [MESSAGE][PASSED] - Object: 'Object Repository/Final Object Repo/New Registration - Registration Module Pages/Third Screen - Upload Supporting Doc- Preview/Save n Continue in Uploading Supporting Doc Page' is clicked on

2018-12-13 13:42:56 - [MESSAGE][PASSED] - Call Test Case 'Test Cases/Final Aug 2018 - PKS Automation/Registration Module/New Registration/Flow of New Registration/Third Screen - Upload Supporting Doc - Preview' successfully

2018-12-13 13:42:56 - [TEST_STEP][PASSED] - callTestCase: Call Test Case 'Test Cases/Final Aug 2018 - PKS Automation/Registration Module/New Registration/Submit and Screenshot/Submit Registration and Screenshot' successfully

2018-12-13 13:42:56 - [TEST_CASE][PASSED] - Test Cases/Final Aug 2018 - PKS Automation/Registration Module/New Registration/Submit and Screenshot/Submit Registration and Screenshot: Test Cases/Final Aug 2018 - PKS Automation/Registration Module/New Registration/Submit and Screenshot/Submit Registration and Screenshot

2018-12-13 13:42:56 - [TEST_STEP][PASSED] - delay: Delayed 6 second(s)

2018-12-13 13:43:02 - [MESSAGE][PASSED] - Delayed 6 second(s)

2018-12-13 13:43:02 - [TEST_STEP][PASSED] - click: Object: 'Object Repository/Final Object Repo/New Registration - Registration Module Pages/Third Screen - Upload Supporting Doc- Preview/Preview Submit Button' is clicked on

2018-12-13 13:43:02 - [MESSAGE][PASSED] - Object: 'Object Repository/Final Object Repo/New Registration - Registration Module Pages/Third Screen - Upload Supporting Doc- Preview/Preview Submit Button' is clicked on

2018-12-13 13:43:02 - [TEST_STEP][PASSED] - delay: Delayed 2 second(s)

2018-12-13 13:43:04 - [MESSAGE][PASSED] - Delayed 2 second(s)

2018-12-13 13:43:04 - [TEST_STEP][PASSED] - click: Object: 'Object Repository/Final Object Repo/New Registration - Registration Module Pages/Third Screen - Upload Supporting Doc- Preview/Preview Submit - Confirm' is clicked on

2018-12-13 13:43:04 - [MESSAGE][PASSED] - Object: 'Object Repository/Final Object Repo/New Registration - Registration Module Pages/Third Screen - Upload Supporting Doc- Preview/Preview Submit - Confirm' is clicked on

2018-12-13 13:43:04 - [TEST_STEP][PASSED] - delay: Delayed 15 second(s)

2018-12-13 13:43:19 - [MESSAGE][PASSED] - Delayed 15 second(s)

2018-12-13 13:43:19 - [TEST_STEP][PASSED] - Statement - driver = com.kms.katalon.core.webui.driver.DriverFactory.getWebDriver(): null

2018-12-13 13:43:19 - [TEST_STEP][PASSED] - Statement - driver.manage().timeouts().implicitlyWait(10, SECONDS): null

2018-12-13 13:43:19 - [TEST_STEP][PASSED] - Statement - PresavePath = KatalonScreenshots: null

2018-12-13 13:43:19 - [TEST_STEP][PASSED] - Statement - pathPrefix = "C:\Users\Public\Pictures\Sample Pictures\Katalon Screenshots\Automate Ending Screen": null

2018-12-13 13:43:19 - [TEST_STEP][PASSED] - Statement - finalPath = <not implemented yet for class: org.codehaus.groovy.ast.expr.EmptyExpression>: null

2018-12-13 13:43:19 - [TEST_STEP][PASSED] - Statement - scrFile = driver.getScreenshotAs(FILE): null

2018-12-13 13:43:20 - [TEST_STEP][PASSED] - Statement - PreSaveFile = new java.io.File(PresavePath): null

2018-12-13 13:43:20 - [TEST_STEP][PASSED] - Statement - counter = 0: null

2018-12-13 13:43:20 - [TEST_STEP][PASSED] - Statement - If (PreSaveFile.exists()): null

2018-12-13 13:43:20 - [TEST_STEP][PASSED] - Statement - While (PreSaveFile.exists()): null

2018-12-13 13:43:20 - [TEST_STEP][PASSED] - Statement - counter = counter + 1: null

2018-12-13 13:43:20 - [TEST_STEP][PASSED] - Statement - PreSaveFile = new java.io.File(((pathPrefix + java.lang.Integer.toString(counter)) + .png)): null

2018-12-13 13:43:20 - [TEST_STEP][PASSED] - Statement - counter = counter + 1: null

2018-12-13 13:43:20 - [TEST_STEP][PASSED] - Statement - PreSaveFile = new java.io.File(((pathPrefix + java.lang.Integer.toString(counter)) + .png)): null

2018-12-13 13:43:20 - [TEST_STEP][PASSED] - Statement - counter = counter + 1: null

2018-12-13 13:43:20 - [TEST_STEP][PASSED] - Statement - PreSaveFile = new java.io.File(((pathPrefix + java.lang.Integer.toString(counter)) + .png)): null

2018-12-13 13:43:20 - [TEST_STEP][PASSED] - Statement - counter = counter + 1: null

2018-12-13 13:43:20 - [TEST_STEP][PASSED] - Statement - PreSaveFile = new java.io.File(((pathPrefix + java.lang.Integer.toString(counter)) + .png)): null

2018-12-13 13:43:20 - [TEST_STEP][PASSED] - Statement - counter = counter + 1: null

2018-12-13 13:43:20 - [TEST_STEP][PASSED] - Statement - PreSaveFile = new java.io.File(((pathPrefix + java.lang.Integer.toString(counter)) + .png)): null

2018-12-13 13:43:20 - [TEST_STEP][PASSED] - Statement - counter = counter + 1: null

2018-12-13 13:43:20 - [TEST_STEP][PASSED] - Statement - PreSaveFile = new java.io.File(((pathPrefix + java.lang.Integer.toString(counter)) + .png)): null

2018-12-13 13:43:20 - [TEST_STEP][PASSED] - Statement - counter = counter + 1: null

2018-12-13 13:43:20 - [TEST_STEP][PASSED] - Statement - PreSaveFile = new java.io.File(((pathPrefix + java.lang.Integer.toString(counter)) + .png)): null

2018-12-13 13:43:20 - [TEST_STEP][PASSED] - Statement - counter = counter + 1: null

2018-12-13 13:43:20 - [TEST_STEP][PASSED] - Statement - PreSaveFile = new java.io.File(((pathPrefix + java.lang.Integer.toString(counter)) + .png)): null

2018-12-13 13:43:20 - [TEST_STEP][PASSED] - Statement - counter = counter + 1: null

2018-12-13 13:43:20 - [TEST_STEP][PASSED] - Statement - PreSaveFile = new java.io.File(((pathPrefix + java.lang.Integer.toString(counter)) + .png)): null

2018-12-13 13:43:20 - [TEST_STEP][PASSED] - Statement - counter = counter + 1: null

2018-12-13 13:43:20 - [TEST_STEP][PASSED] - Statement - PreSaveFile = new java.io.File(((pathPrefix + java.lang.Integer.toString(counter)) + .png)): null

2018-12-13 13:43:20 - [TEST_STEP][PASSED] - Statement - counter = counter + 1: null

2018-12-13 13:43:20 - [TEST_STEP][PASSED] - Statement - PreSaveFile = new java.io.File(((pathPrefix + java.lang.Integer.toString(counter)) + .png)): null

2018-12-13 13:43:20 - [TEST_STEP][PASSED] - Statement - counter = counter + 1: null

2018-12-13 13:43:20 - [TEST_STEP][PASSED] - Statement - PreSaveFile = new java.io.File(((pathPrefix + java.lang.Integer.toString(counter)) + .png)): null

2018-12-13 13:43:20 - [TEST_STEP][PASSED] - Statement - counter = counter + 1: null

2018-12-13 13:43:20 - [TEST_STEP][PASSED] - Statement - PreSaveFile = new java.io.File(((pathPrefix + java.lang.Integer.toString(counter)) + .png)): null

2018-12-13 13:43:20 - [TEST_STEP][PASSED] - Statement - counter = counter + 1: null

2018-12-13 13:43:20 - [TEST_STEP][PASSED] - Statement - PreSaveFile = new java.io.File(((pathPrefix + java.lang.Integer.toString(counter)) + .png)): null

2018-12-13 13:43:20 - [TEST_STEP][PASSED] - Statement - counter = counter + 1: null

2018-12-13 13:43:20 - [TEST_STEP][PASSED] - Statement - PreSaveFile = new java.io.File(((pathPrefix + java.lang.Integer.toString(counter)) + .png)): null

2018-12-13 13:43:20 - [TEST_STEP][PASSED] - Statement - counter = counter + 1: null

2018-12-13 13:43:20 - [TEST_STEP][PASSED] - Statement - PreSaveFile = new java.io.File(((pathPrefix + java.lang.Integer.toString(counter)) + .png)): null

2018-12-13 13:43:20 - [TEST_STEP][PASSED] - Statement - counter = counter + 1: null

2018-12-13 13:43:20 - [TEST_STEP][PASSED] - Statement - PreSaveFile = new java.io.File(((pathPrefix + java.lang.Integer.toString(counter)) + .png)): null

2018-12-13 13:43:20 - [TEST_STEP][PASSED] - Statement - counter = counter + 1: null

2018-12-13 13:43:20 - [TEST_STEP][PASSED] - Statement - PreSaveFile = new java.io.File(((pathPrefix + java.lang.Integer.toString(counter)) + .png)): null

2018-12-13 13:43:20 - [TEST_STEP][PASSED] - Statement - counter = counter + 1: null

2018-12-13 13:43:20 - [TEST_STEP][PASSED] - Statement - PreSaveFile = new java.io.File(((pathPrefix + java.lang.Integer.toString(counter)) + .png)): null

2018-12-13 13:43:20 - [TEST_STEP][PASSED] - Statement - counter = counter + 1: null

2018-12-13 13:43:20 - [TEST_STEP][PASSED] - Statement - PreSaveFile = new java.io.File(((pathPrefix + java.lang.Integer.toString(counter)) + .png)): null

2018-12-13 13:43:20 - [TEST_STEP][PASSED] - Statement - counter = counter + 1: null

2018-12-13 13:43:20 - [TEST_STEP][PASSED] - Statement - PreSaveFile = new java.io.File(((pathPrefix + java.lang.Integer.toString(counter)) + .png)): null

2018-12-13 13:43:20 - [TEST_STEP][PASSED] - Statement - counter = counter + 1: null

2018-12-13 13:43:20 - [TEST_STEP][PASSED] - Statement - PreSaveFile = new java.io.File(((pathPrefix + java.lang.Integer.toString(counter)) + .png)): null

2018-12-13 13:43:20 - [TEST_STEP][PASSED] - Statement - counter = counter + 1: null

2018-12-13 13:43:20 - [TEST_STEP][PASSED] - Statement - PreSaveFile = new java.io.File(((pathPrefix + java.lang.Integer.toString(counter)) + .png)): null

2018-12-13 13:43:20 - [TEST_STEP][PASSED] - Statement - counter = counter + 1: null

2018-12-13 13:43:20 - [TEST_STEP][PASSED] - Statement - PreSaveFile = new java.io.File(((pathPrefix + java.lang.Integer.toString(counter)) + .png)): null

2018-12-13 13:43:20 - [TEST_STEP][PASSED] - Statement - counter = counter + 1: null

2018-12-13 13:43:20 - [TEST_STEP][PASSED] - Statement - PreSaveFile = new java.io.File(((pathPrefix + java.lang.Integer.toString(counter)) + .png)): null

2018-12-13 13:43:20 - [TEST_STEP][PASSED] - Statement - counter = counter + 1: null

2018-12-13 13:43:20 - [TEST_STEP][PASSED] - Statement - PreSaveFile = new java.io.File(((pathPrefix + java.lang.Integer.toString(counter)) + .png)): null

2018-12-13 13:43:20 - [TEST_STEP][PASSED] - Statement - counter = counter + 1: null

2018-12-13 13:43:20 - [TEST_STEP][PASSED] - Statement - PreSaveFile = new java.io.File(((pathPrefix + java.lang.Integer.toString(counter)) + .png)): null

2018-12-13 13:43:20 - [TEST_STEP][PASSED] - Statement - counter = counter + 1: null

2018-12-13 13:43:20 - [TEST_STEP][PASSED] - Statement - PreSaveFile = new java.io.File(((pathPrefix + java.lang.Integer.toString(counter)) + .png)): null

2018-12-13 13:43:20 - [TEST_STEP][PASSED] - Statement - counter = counter + 1: null

2018-12-13 13:43:20 - [TEST_STEP][PASSED] - Statement - PreSaveFile = new java.io.File(((pathPrefix + java.lang.Integer.toString(counter)) + .png)): null

2018-12-13 13:43:20 - [TEST_STEP][PASSED] - Statement - counter = counter + 1: null

2018-12-13 13:43:20 - [TEST_STEP][PASSED] - Statement - PreSaveFile = new java.io.File(((pathPrefix + java.lang.Integer.toString(counter)) + .png)): null

2018-12-13 13:43:20 - [TEST_STEP][PASSED] - Statement - counter = counter + 1: null

2018-12-13 13:43:20 - [TEST_STEP][PASSED] - Statement - PreSaveFile = new java.io.File(((pathPrefix + java.lang.Integer.toString(counter)) + .png)): null

2018-12-13 13:43:20 - [TEST_STEP][PASSED] - Statement - counter = counter + 1: null

2018-12-13 13:43:20 - [TEST_STEP][PASSED] - Statement - PreSaveFile = new java.io.File(((pathPrefix + java.lang.Integer.toString(counter)) + .png)): null

2018-12-13 13:43:20 - [TEST_STEP][PASSED] - Statement - counter = counter + 1: null

2018-12-13 13:43:20 - [TEST_STEP][PASSED] - Statement - PreSaveFile = new java.io.File(((pathPrefix + java.lang.Integer.toString(counter)) + .png)): null

2018-12-13 13:43:20 - [TEST_STEP][PASSED] - Statement - counter = counter + 1: null

2018-12-13 13:43:20 - [TEST_STEP][PASSED] - Statement - PreSaveFile = new java.io.File(((pathPrefix + java.lang.Integer.toString(counter)) + .png)): null

2018-12-13 13:43:20 - [TEST_STEP][PASSED] - Statement - counter = counter + 1: null

2018-12-13 13:43:20 - [TEST_STEP][PASSED] - Statement - PreSaveFile = new java.io.File(((pathPrefix + java.lang.Integer.toString(counter)) + .png)): null

2018-12-13 13:43:20 - [TEST_STEP][PASSED] - Statement - counter = counter + 1: null

2018-12-13 13:43:20 - [TEST_STEP][PASSED] - Statement - PreSaveFile = new java.io.File(((pathPrefix + java.lang.Integer.toString(counter)) + .png)): null

2018-12-13 13:43:20 - [TEST_STEP][PASSED] - Statement - counter = counter + 1: null

2018-12-13 13:43:20 - [TEST_STEP][PASSED] - Statement - PreSaveFile = new java.io.File(((pathPrefix + java.lang.Integer.toString(counter)) + .png)): null

2018-12-13 13:43:20 - [TEST_STEP][PASSED] - Statement - counter = counter + 1: null

2018-12-13 13:43:20 - [TEST_STEP][PASSED] - Statement - PreSaveFile = new java.io.File(((pathPrefix + java.lang.Integer.toString(counter)) + .png)): null

2018-12-13 13:43:20 - [TEST_STEP][PASSED] - Statement - counter = counter + 1: null

2018-12-13 13:43:20 - [TEST_STEP][PASSED] - Statement - PreSaveFile = new java.io.File(((pathPrefix + java.lang.Integer.toString(counter)) + .png)): null

2018-12-13 13:43:20 - [TEST_STEP][PASSED] - Statement - counter = counter + 1: null

2018-12-13 13:43:20 - [TEST_STEP][PASSED] - Statement - PreSaveFile = new java.io.File(((pathPrefix + java.lang.Integer.toString(counter)) + .png)): null

2018-12-13 13:43:20 - [TEST_STEP][PASSED] - Statement - counter = counter + 1: null

2018-12-13 13:43:20 - [TEST_STEP][PASSED] - Statement - PreSaveFile = new java.io.File(((pathPrefix + java.lang.Integer.toString(counter)) + .png)): null

2018-12-13 13:43:20 - [TEST_STEP][PASSED] - Statement - counter = counter + 1: null

2018-12-13 13:43:20 - [TEST_STEP][PASSED] - Statement - PreSaveFile = new java.io.File(((pathPrefix + java.lang.Integer.toString(counter)) + .png)): null

2018-12-13 13:43:20 - [TEST_STEP][PASSED] - Statement - counter = counter + 1: null

2018-12-13 13:43:20 - [TEST_STEP][PASSED] - Statement - PreSaveFile = new java.io.File(((pathPrefix + java.lang.Integer.toString(counter)) + .png)): null

2018-12-13 13:43:20 - [TEST_STEP][PASSED] - Statement - counter = counter + 1: null

2018-12-13 13:43:20 - [TEST_STEP][PASSED] - Statement - PreSaveFile = new java.io.File(((pathPrefix + java.lang.Integer.toString(counter)) + .png)): null

2018-12-13 13:43:20 - [TEST_STEP][PASSED] - Statement - counter = counter + 1: null

2018-12-13 13:43:20 - [TEST_STEP][PASSED] - Statement - PreSaveFile = new java.io.File(((pathPrefix + java.lang.Integer.toString(counter)) + .png)): null

2018-12-13 13:43:20 - [TEST_STEP][PASSED] - Statement - counter = counter + 1: null

2018-12-13 13:43:20 - [TEST_STEP][PASSED] - Statement - PreSaveFile = new java.io.File(((pathPrefix + java.lang.Integer.toString(counter)) + .png)): null

2018-12-13 13:43:20 - [TEST_STEP][PASSED] - Statement - counter = counter + 1: null

2018-12-13 13:43:20 - [TEST_STEP][PASSED] - Statement - PreSaveFile = new java.io.File(((pathPrefix + java.lang.Integer.toString(counter)) + .png)): null

2018-12-13 13:43:20 - [TEST_STEP][PASSED] - Statement - counter = counter + 1: null

2018-12-13 13:43:20 - [TEST_STEP][PASSED] - Statement - PreSaveFile = new java.io.File(((pathPrefix + java.lang.Integer.toString(counter)) + .png)): null

2018-12-13 13:43:20 - [TEST_STEP][PASSED] - Statement - counter = counter + 1: null

2018-12-13 13:43:20 - [TEST_STEP][PASSED] - Statement - PreSaveFile = new java.io.File(((pathPrefix + java.lang.Integer.toString(counter)) + .png)): null

2018-12-13 13:43:20 - [TEST_STEP][PASSED] - Statement - counter = counter + 1: null

2018-12-13 13:43:20 - [TEST_STEP][PASSED] - Statement - PreSaveFile = new java.io.File(((pathPrefix + java.lang.Integer.toString(counter)) + .png)): null

2018-12-13 13:43:20 - [TEST_STEP][PASSED] - Statement - counter = counter + 1: null

2018-12-13 13:43:20 - [TEST_STEP][PASSED] - Statement - PreSaveFile = new java.io.File(((pathPrefix + java.lang.Integer.toString(counter)) + .png)): null

2018-12-13 13:43:20 - [TEST_STEP][PASSED] - Statement - counter = counter + 1: null

2018-12-13 13:43:20 - [TEST_STEP][PASSED] - Statement - PreSaveFile = new java.io.File(((pathPrefix + java.lang.Integer.toString(counter)) + .png)): null

2018-12-13 13:43:20 - [TEST_STEP][PASSED] - Statement - counter = counter + 1: null

2018-12-13 13:43:20 - [TEST_STEP][PASSED] - Statement - PreSaveFile = new java.io.File(((pathPrefix + java.lang.Integer.toString(counter)) + .png)): null

2018-12-13 13:43:20 - [TEST_STEP][PASSED] - Statement - counter = counter + 1: null

2018-12-13 13:43:20 - [TEST_STEP][PASSED] - Statement - PreSaveFile = new java.io.File(((pathPrefix + java.lang.Integer.toString(counter)) + .png)): null

2018-12-13 13:43:20 - [TEST_STEP][PASSED] - Statement - counter = counter + 1: null

2018-12-13 13:43:20 - [TEST_STEP][PASSED] - Statement - PreSaveFile = new java.io.File(((pathPrefix + java.lang.Integer.toString(counter)) + .png)): null

2018-12-13 13:43:20 - [TEST_STEP][PASSED] - Statement - counter = counter + 1: null

2018-12-13 13:43:20 - [TEST_STEP][PASSED] - Statement - PreSaveFile = new java.io.File(((pathPrefix + java.lang.Integer.toString(counter)) + .png)): null

2018-12-13 13:43:20 - [TEST_STEP][PASSED] - Statement - counter = counter + 1: null

2018-12-13 13:43:20 - [TEST_STEP][PASSED] - Statement - PreSaveFile = new java.io.File(((pathPrefix + java.lang.Integer.toString(counter)) + .png)): null

2018-12-13 13:43:20 - [TEST_STEP][PASSED] - Statement - counter = counter + 1: null

2018-12-13 13:43:20 - [TEST_STEP][PASSED] - Statement - PreSaveFile = new java.io.File(((pathPrefix + java.lang.Integer.toString(counter)) + .png)): null

2018-12-13 13:43:20 - [TEST_STEP][PASSED] - Statement - counter = counter + 1: null

2018-12-13 13:43:20 - [TEST_STEP][PASSED] - Statement - PreSaveFile = new java.io.File(((pathPrefix + java.lang.Integer.toString(counter)) + .png)): null

2018-12-13 13:43:20 - [TEST_STEP][PASSED] - Statement - counter = counter + 1: null

2018-12-13 13:43:20 - [TEST_STEP][PASSED] - Statement - PreSaveFile = new java.io.File(((pathPrefix + java.lang.Integer.toString(counter)) + .png)): null

2018-12-13 13:43:20 - [TEST_STEP][PASSED] - Statement - counter = counter + 1: null

2018-12-13 13:43:20 - [TEST_STEP][PASSED] - Statement - PreSaveFile = new java.io.File(((pathPrefix + java.lang.Integer.toString(counter)) + .png)): null

2018-12-13 13:43:20 - [TEST_STEP][PASSED] - Statement - counter = counter + 1: null

2018-12-13 13:43:20 - [TEST_STEP][PASSED] - Statement - PreSaveFile = new java.io.File(((pathPrefix + java.lang.Integer.toString(counter)) + .png)): null

2018-12-13 13:43:20 - [TEST_STEP][PASSED] - Statement - counter = counter + 1: null

2018-12-13 13:43:20 - [TEST_STEP][PASSED] - Statement - PreSaveFile = new java.io.File(((pathPrefix + java.lang.Integer.toString(counter)) + .png)): null

2018-12-13 13:43:20 - [TEST_STEP][PASSED] - Statement - counter = counter + 1: null

2018-12-13 13:43:20 - [TEST_STEP][PASSED] - Statement - PreSaveFile = new java.io.File(((pathPrefix + java.lang.Integer.toString(counter)) + .png)): null

2018-12-13 13:43:20 - [TEST_STEP][PASSED] - Statement - counter = counter + 1: null

2018-12-13 13:43:20 - [TEST_STEP][PASSED] - Statement - PreSaveFile = new java.io.File(((pathPrefix + java.lang.Integer.toString(counter)) + .png)): null

2018-12-13 13:43:20 - [TEST_STEP][PASSED] - Statement - counter = counter + 1: null

2018-12-13 13:43:20 - [TEST_STEP][PASSED] - Statement - PreSaveFile = new java.io.File(((pathPrefix + java.lang.Integer.toString(counter)) + .png)): null

2018-12-13 13:43:20 - [TEST_STEP][PASSED] - Statement - counter = counter + 1: null

2018-12-13 13:43:20 - [TEST_STEP][PASSED] - Statement - PreSaveFile = new java.io.File(((pathPrefix + java.lang.Integer.toString(counter)) + .png)): null

2018-12-13 13:43:20 - [TEST_STEP][PASSED] - Statement - counter = counter + 1: null

2018-12-13 13:43:20 - [TEST_STEP][PASSED] - Statement - PreSaveFile = new java.io.File(((pathPrefix + java.lang.Integer.toString(counter)) + .png)): null

2018-12-13 13:43:20 - [TEST_STEP][PASSED] - Statement - counter = counter + 1: null

2018-12-13 13:43:20 - [TEST_STEP][PASSED] - Statement - PreSaveFile = new java.io.File(((pathPrefix + java.lang.Integer.toString(counter)) + .png)): null

2018-12-13 13:43:20 - [TEST_STEP][PASSED] - Statement - counter = counter + 1: null

2018-12-13 13:43:20 - [TEST_STEP][PASSED] - Statement - PreSaveFile = new java.io.File(((pathPrefix + java.lang.Integer.toString(counter)) + .png)): null

2018-12-13 13:43:20 - [TEST_STEP][PASSED] - Statement - counter = counter + 1: null

2018-12-13 13:43:20 - [TEST_STEP][PASSED] - Statement - PreSaveFile = new java.io.File(((pathPrefix + java.lang.Integer.toString(counter)) + .png)): null

2018-12-13 13:43:20 - [TEST_STEP][PASSED] - Statement - counter = counter + 1: null

2018-12-13 13:43:20 - [TEST_STEP][PASSED] - Statement - PreSaveFile = new java.io.File(((pathPrefix + java.lang.Integer.toString(counter)) + .png)): null

2018-12-13 13:43:20 - [TEST_STEP][PASSED] - Statement - counter = counter + 1: null

2018-12-13 13:43:20 - [TEST_STEP][PASSED] - Statement - PreSaveFile = new java.io.File(((pathPrefix + java.lang.Integer.toString(counter)) + .png)): null

2018-12-13 13:43:20 - [TEST_STEP][PASSED] - Statement - counter = counter + 1: null

2018-12-13 13:43:20 - [TEST_STEP][PASSED] - Statement - PreSaveFile = new java.io.File(((pathPrefix + java.lang.Integer.toString(counter)) + .png)): null

2018-12-13 13:43:20 - [TEST_STEP][PASSED] - Statement - counter = counter + 1: null

2018-12-13 13:43:20 - [TEST_STEP][PASSED] - Statement - PreSaveFile = new java.io.File(((pathPrefix + java.lang.Integer.toString(counter)) + .png)): null

2018-12-13 13:43:20 - [TEST_STEP][PASSED] - Statement - counter = counter + 1: null

2018-12-13 13:43:20 - [TEST_STEP][PASSED] - Statement - PreSaveFile = new java.io.File(((pathPrefix + java.lang.Integer.toString(counter)) + .png)): null

2018-12-13 13:43:20 - [TEST_STEP][PASSED] - Statement - counter = counter + 1: null

2018-12-13 13:43:20 - [TEST_STEP][PASSED] - Statement - PreSaveFile = new java.io.File(((pathPrefix + java.lang.Integer.toString(counter)) + .png)): null

2018-12-13 13:43:20 - [TEST_STEP][PASSED] - Statement - counter = counter + 1: null

2018-12-13 13:43:20 - [TEST_STEP][PASSED] - Statement - PreSaveFile = new java.io.File(((pathPrefix + java.lang.Integer.toString(counter)) + .png)): null

2018-12-13 13:43:20 - [TEST_STEP][PASSED] - Statement - counter = counter + 1: null

2018-12-13 13:43:20 - [TEST_STEP][PASSED] - Statement - PreSaveFile = new java.io.File(((pathPrefix + java.lang.Integer.toString(counter)) + .png)): null

2018-12-13 13:43:20 - [TEST_STEP][PASSED] - Statement - counter = counter + 1: null

2018-12-13 13:43:20 - [TEST_STEP][PASSED] - Statement - PreSaveFile = new java.io.File(((pathPrefix + java.lang.Integer.toString(counter)) + .png)): null

2018-12-13 13:43:20 - [TEST_STEP][PASSED] - Statement - counter = counter + 1: null

2018-12-13 13:43:20 - [TEST_STEP][PASSED] - Statement - PreSaveFile = new java.io.File(((pathPrefix + java.lang.Integer.toString(counter)) + .png)): null

2018-12-13 13:43:20 - [TEST_STEP][PASSED] - Statement - counter = counter + 1: null

2018-12-13 13:43:20 - [TEST_STEP][PASSED] - Statement - PreSaveFile = new java.io.File(((pathPrefix + java.lang.Integer.toString(counter)) + .png)): null

2018-12-13 13:43:20 - [TEST_STEP][PASSED] - Statement - counter = counter + 1: null

2018-12-13 13:43:20 - [TEST_STEP][PASSED] - Statement - PreSaveFile = new java.io.File(((pathPrefix + java.lang.Integer.toString(counter)) + .png)): null

2018-12-13 13:43:20 - [TEST_STEP][PASSED] - Statement - counter = counter + 1: null

2018-12-13 13:43:20 - [TEST_STEP][PASSED] - Statement - PreSaveFile = new java.io.File(((pathPrefix + java.lang.Integer.toString(counter)) + .png)): null

2018-12-13 13:43:20 - [TEST_STEP][PASSED] - Statement - counter = counter + 1: null

2018-12-13 13:43:20 - [TEST_STEP][PASSED] - Statement - PreSaveFile = new java.io.File(((pathPrefix + java.lang.Integer.toString(counter)) + .png)): null

2018-12-13 13:43:20 - [TEST_STEP][PASSED] - Statement - counter = counter + 1: null

2018-12-13 13:43:20 - [TEST_STEP][PASSED] - Statement - PreSaveFile = new java.io.File(((pathPrefix + java.lang.Integer.toString(counter)) + .png)): null

2018-12-13 13:43:20 - [TEST_STEP][PASSED] - Statement - counter = counter + 1: null

2018-12-13 13:43:20 - [TEST_STEP][PASSED] - Statement - PreSaveFile = new java.io.File(((pathPrefix + java.lang.Integer.toString(counter)) + .png)): null

2018-12-13 13:43:20 - [TEST_STEP][PASSED] - Statement - counter = counter + 1: null

2018-12-13 13:43:20 - [TEST_STEP][PASSED] - Statement - PreSaveFile = new java.io.File(((pathPrefix + java.lang.Integer.toString(counter)) + .png)): null

2018-12-13 13:43:20 - [TEST_STEP][PASSED] - Statement - counter = counter + 1: null

2018-12-13 13:43:20 - [TEST_STEP][PASSED] - Statement - PreSaveFile = new java.io.File(((pathPrefix + java.lang.Integer.toString(counter)) + .png)): null

2018-12-13 13:43:20 - [TEST_STEP][PASSED] - Statement - counter = counter + 1: null

2018-12-13 13:43:20 - [TEST_STEP][PASSED] - Statement - PreSaveFile = new java.io.File(((pathPrefix + java.lang.Integer.toString(counter)) + .png)): null

2018-12-13 13:43:20 - [TEST_STEP][PASSED] - Statement - counter = counter + 1: null

2018-12-13 13:43:20 - [TEST_STEP][PASSED] - Statement - PreSaveFile = new java.io.File(((pathPrefix + java.lang.Integer.toString(counter)) + .png)): null

2018-12-13 13:43:20 - [TEST_STEP][PASSED] - Statement - counter = counter + 1: null

2018-12-13 13:43:20 - [TEST_STEP][PASSED] - Statement - PreSaveFile = new java.io.File(((pathPrefix + java.lang.Integer.toString(counter)) + .png)): null

2018-12-13 13:43:20 - [TEST_STEP][PASSED] - Statement - counter = counter + 1: null

2018-12-13 13:43:20 - [TEST_STEP][PASSED] - Statement - PreSaveFile = new java.io.File(((pathPrefix + java.lang.Integer.toString(counter)) + .png)): null

2018-12-13 13:43:20 - [TEST_STEP][PASSED] - Statement - counter = counter + 1: null

2018-12-13 13:43:20 - [TEST_STEP][PASSED] - Statement - PreSaveFile = new java.io.File(((pathPrefix + java.lang.Integer.toString(counter)) + .png)): null

2018-12-13 13:43:20 - [TEST_STEP][PASSED] - Statement - counter = counter + 1: null

2018-12-13 13:43:20 - [TEST_STEP][PASSED] - Statement - PreSaveFile = new java.io.File(((pathPrefix + java.lang.Integer.toString(counter)) + .png)): null

2018-12-13 13:43:20 - [TEST_STEP][PASSED] - Statement - counter = counter + 1: null

2018-12-13 13:43:20 - [TEST_STEP][PASSED] - Statement - PreSaveFile = new java.io.File(((pathPrefix + java.lang.Integer.toString(counter)) + .png)): null

2018-12-13 13:43:20 - [TEST_STEP][PASSED] - Statement - counter = counter + 1: null

2018-12-13 13:43:20 - [TEST_STEP][PASSED] - Statement - PreSaveFile = new java.io.File(((pathPrefix + java.lang.Integer.toString(counter)) + .png)): null

2018-12-13 13:43:20 - [TEST_STEP][PASSED] - Statement - counter = counter + 1: null

2018-12-13 13:43:20 - [TEST_STEP][PASSED] - Statement - PreSaveFile = new java.io.File(((pathPrefix + java.lang.Integer.toString(counter)) + .png)): null

2018-12-13 13:43:20 - [TEST_STEP][PASSED] - Statement - counter = counter + 1: null

2018-12-13 13:43:20 - [TEST_STEP][PASSED] - Statement - PreSaveFile = new java.io.File(((pathPrefix + java.lang.Integer.toString(counter)) + .png)): null

2018-12-13 13:43:20 - [TEST_STEP][PASSED] - Statement - counter = counter + 1: null

2018-12-13 13:43:20 - [TEST_STEP][PASSED] - Statement - PreSaveFile = new java.io.File(((pathPrefix + java.lang.Integer.toString(counter)) + .png)): null

2018-12-13 13:43:20 - [TEST_STEP][PASSED] - Statement - counter = counter + 1: null

2018-12-13 13:43:20 - [TEST_STEP][PASSED] - Statement - PreSaveFile = new java.io.File(((pathPrefix + java.lang.Integer.toString(counter)) + .png)): null

2018-12-13 13:43:20 - [TEST_STEP][PASSED] - Statement - counter = counter + 1: null

2018-12-13 13:43:20 - [TEST_STEP][PASSED] - Statement - PreSaveFile = new java.io.File(((pathPrefix + java.lang.Integer.toString(counter)) + .png)): null

2018-12-13 13:43:20 - [TEST_STEP][PASSED] - Statement - counter = counter + 1: null

2018-12-13 13:43:20 - [TEST_STEP][PASSED] - Statement - PreSaveFile = new java.io.File(((pathPrefix + java.lang.Integer.toString(counter)) + .png)): null

2018-12-13 13:43:20 - [TEST_STEP][PASSED] - Statement - counter = counter + 1: null

2018-12-13 13:43:20 - [TEST_STEP][PASSED] - Statement - PreSaveFile = new java.io.File(((pathPrefix + java.lang.Integer.toString(counter)) + .png)): null

2018-12-13 13:43:20 - [TEST_STEP][PASSED] - Statement - counter = counter + 1: null

2018-12-13 13:43:20 - [TEST_STEP][PASSED] - Statement - PreSaveFile = new java.io.File(((pathPrefix + java.lang.Integer.toString(counter)) + .png)): null

2018-12-13 13:43:20 - [TEST_STEP][PASSED] - Statement - counter = counter + 1: null

2018-12-13 13:43:20 - [TEST_STEP][PASSED] - Statement - PreSaveFile = new java.io.File(((pathPrefix + java.lang.Integer.toString(counter)) + .png)): null

2018-12-13 13:43:20 - [TEST_STEP][PASSED] - Statement - counter = counter + 1: null

2018-12-13 13:43:20 - [TEST_STEP][PASSED] - Statement - PreSaveFile = new java.io.File(((pathPrefix + java.lang.Integer.toString(counter)) + .png)): null

2018-12-13 13:43:20 - [TEST_STEP][PASSED] - Statement - counter = counter + 1: null

2018-12-13 13:43:20 - [TEST_STEP][PASSED] - Statement - PreSaveFile = new java.io.File(((pathPrefix + java.lang.Integer.toString(counter)) + .png)): null

2018-12-13 13:43:20 - [TEST_STEP][PASSED] - Statement - counter = counter + 1: null

2018-12-13 13:43:20 - [TEST_STEP][PASSED] - Statement - PreSaveFile = new java.io.File(((pathPrefix + java.lang.Integer.toString(counter)) + .png)): null

2018-12-13 13:43:20 - [TEST_STEP][PASSED] - Statement - counter = counter + 1: null

2018-12-13 13:43:20 - [TEST_STEP][PASSED] - Statement - PreSaveFile = new java.io.File(((pathPrefix + java.lang.Integer.toString(counter)) + .png)): null

2018-12-13 13:43:20 - [TEST_STEP][PASSED] - Statement - counter = counter + 1: null

2018-12-13 13:43:20 - [TEST_STEP][PASSED] - Statement - PreSaveFile = new java.io.File(((pathPrefix + java.lang.Integer.toString(counter)) + .png)): null

2018-12-13 13:43:20 - [TEST_STEP][PASSED] - Statement - counter = counter + 1: null

2018-12-13 13:43:20 - [TEST_STEP][PASSED] - Statement - PreSaveFile = new java.io.File(((pathPrefix + java.lang.Integer.toString(counter)) + .png)): null

2018-12-13 13:43:20 - [TEST_STEP][PASSED] - Statement - counter = counter + 1: null

2018-12-13 13:43:20 - [TEST_STEP][PASSED] - Statement - PreSaveFile = new java.io.File(((pathPrefix + java.lang.Integer.toString(counter)) + .png)): null

2018-12-13 13:43:20 - [TEST_STEP][PASSED] - Statement - counter = counter + 1: null

2018-12-13 13:43:20 - [TEST_STEP][PASSED] - Statement - PreSaveFile = new java.io.File(((pathPrefix + java.lang.Integer.toString(counter)) + .png)): null

2018-12-13 13:43:20 - [TEST_STEP][PASSED] - Statement - counter = counter + 1: null

2018-12-13 13:43:20 - [TEST_STEP][PASSED] - Statement - PreSaveFile = new java.io.File(((pathPrefix + java.lang.Integer.toString(counter)) + .png)): null

2018-12-13 13:43:20 - [TEST_STEP][PASSED] - Statement - counter = counter + 1: null

2018-12-13 13:43:20 - [TEST_STEP][PASSED] - Statement - PreSaveFile = new java.io.File(((pathPrefix + java.lang.Integer.toString(counter)) + .png)): null

2018-12-13 13:43:20 - [TEST_STEP][PASSED] - Statement - counter = counter + 1: null

2018-12-13 13:43:20 - [TEST_STEP][PASSED] - Statement - PreSaveFile = new java.io.File(((pathPrefix + java.lang.Integer.toString(counter)) + .png)): null

2018-12-13 13:43:20 - [TEST_STEP][PASSED] - Statement - counter = counter + 1: null

2018-12-13 13:43:20 - [TEST_STEP][PASSED] - Statement - PreSaveFile = new java.io.File(((pathPrefix + java.lang.Integer.toString(counter)) + .png)): null

2018-12-13 13:43:20 - [TEST_STEP][PASSED] - Statement - counter = counter + 1: null

2018-12-13 13:43:20 - [TEST_STEP][PASSED] - Statement - PreSaveFile = new java.io.File(((pathPrefix + java.lang.Integer.toString(counter)) + .png)): null

2018-12-13 13:43:20 - [TEST_STEP][PASSED] - Statement - counter = counter + 1: null

2018-12-13 13:43:20 - [TEST_STEP][PASSED] - Statement - PreSaveFile = new java.io.File(((pathPrefix + java.lang.Integer.toString(counter)) + .png)): null

2018-12-13 13:43:20 - [TEST_STEP][PASSED] - Statement - counter = counter + 1: null

2018-12-13 13:43:20 - [TEST_STEP][PASSED] - Statement - PreSaveFile = new java.io.File(((pathPrefix + java.lang.Integer.toString(counter)) + .png)): null

2018-12-13 13:43:20 - [TEST_STEP][PASSED] - Statement - counter = counter + 1: null

2018-12-13 13:43:20 - [TEST_STEP][PASSED] - Statement - PreSaveFile = new java.io.File(((pathPrefix + java.lang.Integer.toString(counter)) + .png)): null

2018-12-13 13:43:20 - [TEST_STEP][PASSED] - Statement - counter = counter + 1: null

2018-12-13 13:43:20 - [TEST_STEP][PASSED] - Statement - PreSaveFile = new java.io.File(((pathPrefix + java.lang.Integer.toString(counter)) + .png)): null

2018-12-13 13:43:20 - [TEST_STEP][PASSED] - Statement - counter = counter + 1: null

2018-12-13 13:43:20 - [TEST_STEP][PASSED] - Statement - PreSaveFile = new java.io.File(((pathPrefix + java.lang.Integer.toString(counter)) + .png)): null

2018-12-13 13:43:20 - [TEST_STEP][PASSED] - Statement - counter = counter + 1: null

2018-12-13 13:43:20 - [TEST_STEP][PASSED] - Statement - PreSaveFile = new java.io.File(((pathPrefix + java.lang.Integer.toString(counter)) + .png)): null

2018-12-13 13:43:20 - [TEST_STEP][PASSED] - Statement - counter = counter + 1: null

2018-12-13 13:43:20 - [TEST_STEP][PASSED] - Statement - PreSaveFile = new java.io.File(((pathPrefix + java.lang.Integer.toString(counter)) + .png)): null

2018-12-13 13:43:20 - [TEST_STEP][PASSED] - Statement - counter = counter + 1: null

2018-12-13 13:43:20 - [TEST_STEP][PASSED] - Statement - PreSaveFile = new java.io.File(((pathPrefix + java.lang.Integer.toString(counter)) + .png)): null

2018-12-13 13:43:20 - [TEST_STEP][PASSED] - Statement - counter = counter + 1: null

2018-12-13 13:43:20 - [TEST_STEP][PASSED] - Statement - PreSaveFile = new java.io.File(((pathPrefix + java.lang.Integer.toString(counter)) + .png)): null

2018-12-13 13:43:20 - [TEST_STEP][PASSED] - Statement - counter = counter + 1: null

2018-12-13 13:43:20 - [TEST_STEP][PASSED] - Statement - PreSaveFile = new java.io.File(((pathPrefix + java.lang.Integer.toString(counter)) + .png)): null

2018-12-13 13:43:20 - [TEST_STEP][PASSED] - Statement - counter = counter + 1: null

2018-12-13 13:43:20 - [TEST_STEP][PASSED] - Statement - PreSaveFile = new java.io.File(((pathPrefix + java.lang.Integer.toString(counter)) + .png)): null

2018-12-13 13:43:20 - [TEST_STEP][PASSED] - Statement - counter = counter + 1: null

2018-12-13 13:43:20 - [TEST_STEP][PASSED] - Statement - PreSaveFile = new java.io.File(((pathPrefix + java.lang.Integer.toString(counter)) + .png)): null

2018-12-13 13:43:20 - [TEST_STEP][PASSED] - Statement - counter = counter + 1: null

2018-12-13 13:43:20 - [TEST_STEP][PASSED] - Statement - PreSaveFile = new java.io.File(((pathPrefix + java.lang.Integer.toString(counter)) + .png)): null

2018-12-13 13:43:20 - [TEST_STEP][PASSED] - Statement - counter = counter + 1: null

2018-12-13 13:43:20 - [TEST_STEP][PASSED] - Statement - PreSaveFile = new java.io.File(((pathPrefix + java.lang.Integer.toString(counter)) + .png)): null

2018-12-13 13:43:20 - [TEST_STEP][PASSED] - Statement - counter = counter + 1: null

2018-12-13 13:43:20 - [TEST_STEP][PASSED] - Statement - PreSaveFile = new java.io.File(((pathPrefix + java.lang.Integer.toString(counter)) + .png)): null

2018-12-13 13:43:20 - [TEST_STEP][PASSED] - Statement - counter = counter + 1: null

2018-12-13 13:43:20 - [TEST_STEP][PASSED] - Statement - PreSaveFile = new java.io.File(((pathPrefix + java.lang.Integer.toString(counter)) + .png)): null

2018-12-13 13:43:20 - [TEST_STEP][PASSED] - Statement - counter = counter + 1: null

2018-12-13 13:43:20 - [TEST_STEP][PASSED] - Statement - PreSaveFile = new java.io.File(((pathPrefix + java.lang.Integer.toString(counter)) + .png)): null

2018-12-13 13:43:20 - [TEST_STEP][PASSED] - Statement - counter = counter + 1: null

2018-12-13 13:43:20 - [TEST_STEP][PASSED] - Statement - PreSaveFile = new java.io.File(((pathPrefix + java.lang.Integer.toString(counter)) + .png)): null

2018-12-13 13:43:20 - [TEST_STEP][PASSED] - Statement - counter = counter + 1: null

2018-12-13 13:43:20 - [TEST_STEP][PASSED] - Statement - PreSaveFile = new java.io.File(((pathPrefix + java.lang.Integer.toString(counter)) + .png)): null

2018-12-13 13:43:20 - [TEST_STEP][PASSED] - Statement - counter = counter + 1: null

2018-12-13 13:43:20 - [TEST_STEP][PASSED] - Statement - PreSaveFile = new java.io.File(((pathPrefix + java.lang.Integer.toString(counter)) + .png)): null

2018-12-13 13:43:20 - [TEST_STEP][PASSED] - Statement - counter = counter + 1: null

2018-12-13 13:43:20 - [TEST_STEP][PASSED] - Statement - PreSaveFile = new java.io.File(((pathPrefix + java.lang.Integer.toString(counter)) + .png)): null

2018-12-13 13:43:20 - [TEST_STEP][PASSED] - Statement - counter = counter + 1: null

2018-12-13 13:43:20 - [TEST_STEP][PASSED] - Statement - PreSaveFile = new java.io.File(((pathPrefix + java.lang.Integer.toString(counter)) + .png)): null

2018-12-13 13:43:20 - [TEST_STEP][PASSED] - Statement - counter = counter + 1: null

2018-12-13 13:43:20 - [TEST_STEP][PASSED] - Statement - PreSaveFile = new java.io.File(((pathPrefix + java.lang.Integer.toString(counter)) + .png)): null

2018-12-13 13:43:20 - [TEST_STEP][PASSED] - Statement - counter = counter + 1: null

2018-12-13 13:43:20 - [TEST_STEP][PASSED] - Statement - PreSaveFile = new java.io.File(((pathPrefix + java.lang.Integer.toString(counter)) + .png)): null

2018-12-13 13:43:20 - [TEST_STEP][PASSED] - Statement - counter = counter + 1: null

2018-12-13 13:43:20 - [TEST_STEP][PASSED] - Statement - PreSaveFile = new java.io.File(((pathPrefix + java.lang.Integer.toString(counter)) + .png)): null

2018-12-13 13:43:20 - [TEST_STEP][PASSED] - Statement - counter = counter + 1: null

2018-12-13 13:43:20 - [TEST_STEP][PASSED] - Statement - PreSaveFile = new java.io.File(((pathPrefix + java.lang.Integer.toString(counter)) + .png)): null

2018-12-13 13:43:20 - [TEST_STEP][PASSED] - Statement - counter = counter + 1: null

2018-12-13 13:43:20 - [TEST_STEP][PASSED] - Statement - PreSaveFile = new java.io.File(((pathPrefix + java.lang.Integer.toString(counter)) + .png)): null

2018-12-13 13:43:20 - [TEST_STEP][PASSED] - Statement - counter = counter + 1: null

2018-12-13 13:43:20 - [TEST_STEP][PASSED] - Statement - PreSaveFile = new java.io.File(((pathPrefix + java.lang.Integer.toString(counter)) + .png)): null

2018-12-13 13:43:20 - [TEST_STEP][PASSED] - Statement - counter = counter + 1: null

2018-12-13 13:43:20 - [TEST_STEP][PASSED] - Statement - PreSaveFile = new java.io.File(((pathPrefix + java.lang.Integer.toString(counter)) + .png)): null

2018-12-13 13:43:20 - [TEST_STEP][PASSED] - Statement - counter = counter + 1: null

2018-12-13 13:43:20 - [TEST_STEP][PASSED] - Statement - PreSaveFile = new java.io.File(((pathPrefix + java.lang.Integer.toString(counter)) + .png)): null

2018-12-13 13:43:20 - [TEST_STEP][PASSED] - Statement - counter = counter + 1: null

2018-12-13 13:43:20 - [TEST_STEP][PASSED] - Statement - PreSaveFile = new java.io.File(((pathPrefix + java.lang.Integer.toString(counter)) + .png)): null

2018-12-13 13:43:20 - [TEST_STEP][PASSED] - Statement - counter = counter + 1: null

2018-12-13 13:43:20 - [TEST_STEP][PASSED] - Statement - PreSaveFile = new java.io.File(((pathPrefix + java.lang.Integer.toString(counter)) + .png)): null

2018-12-13 13:43:20 - [TEST_STEP][PASSED] - Statement - counter = counter + 1: null

2018-12-13 13:43:20 - [TEST_STEP][PASSED] - Statement - PreSaveFile = new java.io.File(((pathPrefix + java.lang.Integer.toString(counter)) + .png)): null

2018-12-13 13:43:20 - [TEST_STEP][PASSED] - Statement - counter = counter + 1: null

2018-12-13 13:43:20 - [TEST_STEP][PASSED] - Statement - PreSaveFile = new java.io.File(((pathPrefix + java.lang.Integer.toString(counter)) + .png)): null

2018-12-13 13:43:20 - [TEST_STEP][PASSED] - Statement - counter = counter + 1: null

2018-12-13 13:43:20 - [TEST_STEP][PASSED] - Statement - PreSaveFile = new java.io.File(((pathPrefix + java.lang.Integer.toString(counter)) + .png)): null

2018-12-13 13:43:20 - [TEST_STEP][PASSED] - Statement - counter = counter + 1: null

2018-12-13 13:43:20 - [TEST_STEP][PASSED] - Statement - PreSaveFile = new java.io.File(((pathPrefix + java.lang.Integer.toString(counter)) + .png)): null

2018-12-13 13:43:20 - [TEST_STEP][PASSED] - Statement - counter = counter + 1: null

2018-12-13 13:43:20 - [TEST_STEP][PASSED] - Statement - PreSaveFile = new java.io.File(((pathPrefix + java.lang.Integer.toString(counter)) + .png)): null

2018-12-13 13:43:20 - [TEST_STEP][PASSED] - Statement - counter = counter + 1: null

2018-12-13 13:43:20 - [TEST_STEP][PASSED] - Statement - PreSaveFile = new java.io.File(((pathPrefix + java.lang.Integer.toString(counter)) + .png)): null

2018-12-13 13:43:20 - [TEST_STEP][PASSED] - Statement - counter = counter + 1: null

2018-12-13 13:43:20 - [TEST_STEP][PASSED] - Statement - PreSaveFile = new java.io.File(((pathPrefix + java.lang.Integer.toString(counter)) + .png)): null

2018-12-13 13:43:20 - [TEST_STEP][PASSED] - Statement - counter = counter + 1: null

2018-12-13 13:43:20 - [TEST_STEP][PASSED] - Statement - PreSaveFile = new java.io.File(((pathPrefix + java.lang.Integer.toString(counter)) + .png)): null

2018-12-13 13:43:20 - [TEST_STEP][PASSED] - Statement - counter = counter + 1: null

2018-12-13 13:43:20 - [TEST_STEP][PASSED] - Statement - PreSaveFile = new java.io.File(((pathPrefix + java.lang.Integer.toString(counter)) + .png)): null

2018-12-13 13:43:20 - [TEST_STEP][PASSED] - Statement - counter = counter + 1: null

2018-12-13 13:43:20 - [TEST_STEP][PASSED] - Statement - PreSaveFile = new java.io.File(((pathPrefix + java.lang.Integer.toString(counter)) + .png)): null

2018-12-13 13:43:20 - [TEST_STEP][PASSED] - Statement - counter = counter + 1: null

2018-12-13 13:43:20 - [TEST_STEP][PASSED] - Statement - PreSaveFile = new java.io.File(((pathPrefix + java.lang.Integer.toString(counter)) + .png)): null

2018-12-13 13:43:20 - [TEST_STEP][PASSED] - Statement - counter = counter + 1: null

2018-12-13 13:43:20 - [TEST_STEP][PASSED] - Statement - PreSaveFile = new java.io.File(((pathPrefix + java.lang.Integer.toString(counter)) + .png)): null

2018-12-13 13:43:20 - [TEST_STEP][PASSED] - Statement - counter = counter + 1: null

2018-12-13 13:43:20 - [TEST_STEP][PASSED] - Statement - PreSaveFile = new java.io.File(((pathPrefix + java.lang.Integer.toString(counter)) + .png)): null

2018-12-13 13:43:20 - [TEST_STEP][PASSED] - Statement - counter = counter + 1: null

2018-12-13 13:43:20 - [TEST_STEP][PASSED] - Statement - PreSaveFile = new java.io.File(((pathPrefix + java.lang.Integer.toString(counter)) + .png)): null

2018-12-13 13:43:20 - [TEST_STEP][PASSED] - Statement - counter = counter + 1: null

2018-12-13 13:43:20 - [TEST_STEP][PASSED] - Statement - PreSaveFile = new java.io.File(((pathPrefix + java.lang.Integer.toString(counter)) + .png)): null

2018-12-13 13:43:20 - [TEST_STEP][PASSED] - Statement - counter = counter + 1: null

2018-12-13 13:43:20 - [TEST_STEP][PASSED] - Statement - PreSaveFile = new java.io.File(((pathPrefix + java.lang.Integer.toString(counter)) + .png)): null

2018-12-13 13:43:20 - [TEST_STEP][PASSED] - Statement - counter = counter + 1: null

2018-12-13 13:43:20 - [TEST_STEP][PASSED] - Statement - PreSaveFile = new java.io.File(((pathPrefix + java.lang.Integer.toString(counter)) + .png)): null

2018-12-13 13:43:20 - [TEST_STEP][PASSED] - Statement - counter = counter + 1: null

2018-12-13 13:43:20 - [TEST_STEP][PASSED] - Statement - PreSaveFile = new java.io.File(((pathPrefix + java.lang.Integer.toString(counter)) + .png)): null

2018-12-13 13:43:20 - [TEST_STEP][PASSED] - Statement - counter = counter + 1: null

2018-12-13 13:43:20 - [TEST_STEP][PASSED] - Statement - PreSaveFile = new java.io.File(((pathPrefix + java.lang.Integer.toString(counter)) + .png)): null

2018-12-13 13:43:20 - [TEST_STEP][PASSED] - Statement - counter = counter + 1: null

2018-12-13 13:43:20 - [TEST_STEP][PASSED] - Statement - PreSaveFile = new java.io.File(((pathPrefix + java.lang.Integer.toString(counter)) + .png)): null

2018-12-13 13:43:20 - [TEST_STEP][PASSED] - Statement - counter = counter + 1: null

2018-12-13 13:43:20 - [TEST_STEP][PASSED] - Statement - PreSaveFile = new java.io.File(((pathPrefix + java.lang.Integer.toString(counter)) + .png)): null

2018-12-13 13:43:20 - [TEST_STEP][PASSED] - Statement - counter = counter + 1: null

2018-12-13 13:43:20 - [TEST_STEP][PASSED] - Statement - PreSaveFile = new java.io.File(((pathPrefix + java.lang.Integer.toString(counter)) + .png)): null

2018-12-13 13:43:20 - [TEST_STEP][PASSED] - Statement - counter = counter + 1: null

2018-12-13 13:43:20 - [TEST_STEP][PASSED] - Statement - PreSaveFile = new java.io.File(((pathPrefix + java.lang.Integer.toString(counter)) + .png)): null

2018-12-13 13:43:20 - [TEST_STEP][PASSED] - Statement - counter = counter + 1: null

2018-12-13 13:43:20 - [TEST_STEP][PASSED] - Statement - PreSaveFile = new java.io.File(((pathPrefix + java.lang.Integer.toString(counter)) + .png)): null

2018-12-13 13:43:20 - [TEST_STEP][PASSED] - Statement - counter = counter + 1: null

2018-12-13 13:43:20 - [TEST_STEP][PASSED] - Statement - PreSaveFile = new java.io.File(((pathPrefix + java.lang.Integer.toString(counter)) + .png)): null

2018-12-13 13:43:20 - [TEST_STEP][PASSED] - Statement - counter = counter + 1: null

2018-12-13 13:43:20 - [TEST_STEP][PASSED] - Statement - PreSaveFile = new java.io.File(((pathPrefix + java.lang.Integer.toString(counter)) + .png)): null

2018-12-13 13:43:20 - [TEST_STEP][PASSED] - Statement - counter = counter + 1: null

2018-12-13 13:43:20 - [TEST_STEP][PASSED] - Statement - PreSaveFile = new java.io.File(((pathPrefix + java.lang.Integer.toString(counter)) + .png)): null

2018-12-13 13:43:20 - [TEST_STEP][PASSED] - Statement - counter = counter + 1: null

2018-12-13 13:43:20 - [TEST_STEP][PASSED] - Statement - PreSaveFile = new java.io.File(((pathPrefix + java.lang.Integer.toString(counter)) + .png)): null

2018-12-13 13:43:20 - [TEST_STEP][PASSED] - Statement - counter = counter + 1: null

2018-12-13 13:43:20 - [TEST_STEP][PASSED] - Statement - PreSaveFile = new java.io.File(((pathPrefix + java.lang.Integer.toString(counter)) + .png)): null

2018-12-13 13:43:20 - [TEST_STEP][PASSED] - Statement - counter = counter + 1: null

2018-12-13 13:43:20 - [TEST_STEP][PASSED] - Statement - PreSaveFile = new java.io.File(((pathPrefix + java.lang.Integer.toString(counter)) + .png)): null

2018-12-13 13:43:20 - [TEST_STEP][PASSED] - Statement - counter = counter + 1: null

2018-12-13 13:43:20 - [TEST_STEP][PASSED] - Statement - PreSaveFile = new java.io.File(((pathPrefix + java.lang.Integer.toString(counter)) + .png)): null

2018-12-13 13:43:20 - [TEST_STEP][PASSED] - Statement - counter = counter + 1: null

2018-12-13 13:43:20 - [TEST_STEP][PASSED] - Statement - PreSaveFile = new java.io.File(((pathPrefix + java.lang.Integer.toString(counter)) + .png)): null

2018-12-13 13:43:20 - [TEST_STEP][PASSED] - Statement - counter = counter + 1: null

2018-12-13 13:43:20 - [TEST_STEP][PASSED] - Statement - PreSaveFile = new java.io.File(((pathPrefix + java.lang.Integer.toString(counter)) + .png)): null

2018-12-13 13:43:20 - [TEST_STEP][PASSED] - Statement - counter = counter + 1: null

2018-12-13 13:43:20 - [TEST_STEP][PASSED] - Statement - PreSaveFile = new java.io.File(((pathPrefix + java.lang.Integer.toString(counter)) + .png)): null

2018-12-13 13:43:20 - [TEST_STEP][PASSED] - Statement - counter = counter + 1: null

2018-12-13 13:43:20 - [TEST_STEP][PASSED] - Statement - PreSaveFile = new java.io.File(((pathPrefix + java.lang.Integer.toString(counter)) + .png)): null

2018-12-13 13:43:20 - [TEST_STEP][PASSED] - Statement - counter = counter + 1: null

2018-12-13 13:43:20 - [TEST_STEP][PASSED] - Statement - PreSaveFile = new java.io.File(((pathPrefix + java.lang.Integer.toString(counter)) + .png)): null

2018-12-13 13:43:20 - [TEST_STEP][PASSED] - Statement - counter = counter + 1: null

2018-12-13 13:43:20 - [TEST_STEP][PASSED] - Statement - PreSaveFile = new java.io.File(((pathPrefix + java.lang.Integer.toString(counter)) + .png)): null

2018-12-13 13:43:20 - [TEST_STEP][PASSED] - Statement - counter = counter + 1: null

2018-12-13 13:43:20 - [TEST_STEP][PASSED] - Statement - PreSaveFile = new java.io.File(((pathPrefix + java.lang.Integer.toString(counter)) + .png)): null

2018-12-13 13:43:20 - [TEST_STEP][PASSED] - Statement - counter = counter + 1: null

2018-12-13 13:43:20 - [TEST_STEP][PASSED] - Statement - PreSaveFile = new java.io.File(((pathPrefix + java.lang.Integer.toString(counter)) + .png)): null

2018-12-13 13:43:20 - [TEST_STEP][PASSED] - Statement - counter = counter + 1: null

2018-12-13 13:43:20 - [TEST_STEP][PASSED] - Statement - PreSaveFile = new java.io.File(((pathPrefix + java.lang.Integer.toString(counter)) + .png)): null

2018-12-13 13:43:20 - [TEST_STEP][PASSED] - Statement - counter = counter + 1: null

2018-12-13 13:43:20 - [TEST_STEP][PASSED] - Statement - PreSaveFile = new java.io.File(((pathPrefix + java.lang.Integer.toString(counter)) + .png)): null

2018-12-13 13:43:20 - [TEST_STEP][PASSED] - Statement - counter = counter + 1: null

2018-12-13 13:43:20 - [TEST_STEP][PASSED] - Statement - PreSaveFile = new java.io.File(((pathPrefix + java.lang.Integer.toString(counter)) + .png)): null

2018-12-13 13:43:20 - [TEST_STEP][PASSED] - Statement - counter = counter + 1: null

2018-12-13 13:43:20 - [TEST_STEP][PASSED] - Statement - PreSaveFile = new java.io.File(((pathPrefix + java.lang.Integer.toString(counter)) + .png)): null

2018-12-13 13:43:20 - [TEST_STEP][PASSED] - Statement - counter = counter + 1: null

2018-12-13 13:43:20 - [TEST_STEP][PASSED] - Statement - PreSaveFile = new java.io.File(((pathPrefix + java.lang.Integer.toString(counter)) + .png)): null

2018-12-13 13:43:20 - [TEST_STEP][PASSED] - Statement - counter = counter + 1: null

2018-12-13 13:43:20 - [TEST_STEP][PASSED] - Statement - PreSaveFile = new java.io.File(((pathPrefix + java.lang.Integer.toString(counter)) + .png)): null

2018-12-13 13:43:21 - [TEST_STEP][PASSED] - Statement - counter = counter + 1: null

2018-12-13 13:43:21 - [TEST_STEP][PASSED] - Statement - PreSaveFile = new java.io.File(((pathPrefix + java.lang.Integer.toString(counter)) + .png)): null

2018-12-13 13:43:21 - [TEST_STEP][PASSED] - Statement - counter = counter + 1: null

2018-12-13 13:43:21 - [TEST_STEP][PASSED] - Statement - PreSaveFile = new java.io.File(((pathPrefix + java.lang.Integer.toString(counter)) + .png)): null

2018-12-13 13:43:21 - [TEST_STEP][PASSED] - Statement - counter = counter + 1: null

2018-12-13 13:43:21 - [TEST_STEP][PASSED] - Statement - PreSaveFile = new java.io.File(((pathPrefix + java.lang.Integer.toString(counter)) + .png)): null

2018-12-13 13:43:21 - [TEST_STEP][PASSED] - Statement - counter = counter + 1: null

2018-12-13 13:43:21 - [TEST_STEP][PASSED] - Statement - PreSaveFile = new java.io.File(((pathPrefix + java.lang.Integer.toString(counter)) + .png)): null

2018-12-13 13:43:21 - [TEST_STEP][PASSED] - Statement - counter = counter + 1: null

2018-12-13 13:43:21 - [TEST_STEP][PASSED] - Statement - PreSaveFile = new java.io.File(((pathPrefix + java.lang.Integer.toString(counter)) + .png)): null

2018-12-13 13:43:21 - [TEST_STEP][PASSED] - Statement - counter = counter + 1: null

2018-12-13 13:43:21 - [TEST_STEP][PASSED] - Statement - PreSaveFile = new java.io.File(((pathPrefix + java.lang.Integer.toString(counter)) + .png)): null

2018-12-13 13:43:21 - [TEST_STEP][PASSED] - Statement - counter = counter + 1: null

2018-12-13 13:43:21 - [TEST_STEP][PASSED] - Statement - PreSaveFile = new java.io.File(((pathPrefix + java.lang.Integer.toString(counter)) + .png)): null

2018-12-13 13:43:21 - [TEST_STEP][PASSED] - Statement - counter = counter + 1: null

2018-12-13 13:43:21 - [TEST_STEP][PASSED] - Statement - PreSaveFile = new java.io.File(((pathPrefix + java.lang.Integer.toString(counter)) + .png)): null

2018-12-13 13:43:21 - [TEST_STEP][PASSED] - Statement - counter = counter + 1: null

2018-12-13 13:43:21 - [TEST_STEP][PASSED] - Statement - PreSaveFile = new java.io.File(((pathPrefix + java.lang.Integer.toString(counter)) + .png)): null

2018-12-13 13:43:21 - [TEST_STEP][PASSED] - Statement - counter = counter + 1: null

2018-12-13 13:43:21 - [TEST_STEP][PASSED] - Statement - PreSaveFile = new java.io.File(((pathPrefix + java.lang.Integer.toString(counter)) + .png)): null

2018-12-13 13:43:21 - [TEST_STEP][PASSED] - Statement - counter = counter + 1: null

2018-12-13 13:43:21 - [TEST_STEP][PASSED] - Statement - PreSaveFile = new java.io.File(((pathPrefix + java.lang.Integer.toString(counter)) + .png)): null

2018-12-13 13:43:21 - [TEST_STEP][PASSED] - Statement - counter = counter + 1: null

2018-12-13 13:43:21 - [TEST_STEP][PASSED] - Statement - PreSaveFile = new java.io.File(((pathPrefix + java.lang.Integer.toString(counter)) + .png)): null

2018-12-13 13:43:21 - [TEST_STEP][PASSED] - Statement - counter = counter + 1: null

2018-12-13 13:43:21 - [TEST_STEP][PASSED] - Statement - PreSaveFile = new java.io.File(((pathPrefix + java.lang.Integer.toString(counter)) + .png)): null

2018-12-13 13:43:21 - [TEST_STEP][PASSED] - Statement - counter = counter + 1: null

2018-12-13 13:43:21 - [TEST_STEP][PASSED] - Statement - PreSaveFile = new java.io.File(((pathPrefix + java.lang.Integer.toString(counter)) + .png)): null

2018-12-13 13:43:21 - [TEST_STEP][PASSED] - Statement - counter = counter + 1: null

2018-12-13 13:43:21 - [TEST_STEP][PASSED] - Statement - PreSaveFile = new java.io.File(((pathPrefix + java.lang.Integer.toString(counter)) + .png)): null

2018-12-13 13:43:21 - [TEST_STEP][PASSED] - Statement - counter = counter + 1: null

2018-12-13 13:43:21 - [TEST_STEP][PASSED] - Statement - PreSaveFile = new java.io.File(((pathPrefix + java.lang.Integer.toString(counter)) + .png)): null

2018-12-13 13:43:21 - [TEST_STEP][PASSED] - Statement - counter = counter + 1: null

2018-12-13 13:43:21 - [TEST_STEP][PASSED] - Statement - PreSaveFile = new java.io.File(((pathPrefix + java.lang.Integer.toString(counter)) + .png)): null

2018-12-13 13:43:21 - [TEST_STEP][PASSED] - Statement - counter = counter + 1: null

2018-12-13 13:43:21 - [TEST_STEP][PASSED] - Statement - PreSaveFile = new java.io.File(((pathPrefix + java.lang.Integer.toString(counter)) + .png)): null

2018-12-13 13:43:21 - [TEST_STEP][PASSED] - Statement - counter = counter + 1: null

2018-12-13 13:43:21 - [TEST_STEP][PASSED] - Statement - PreSaveFile = new java.io.File(((pathPrefix + java.lang.Integer.toString(counter)) + .png)): null

2018-12-13 13:43:21 - [TEST_STEP][PASSED] - Statement - counter = counter + 1: null

2018-12-13 13:43:21 - [TEST_STEP][PASSED] - Statement - PreSaveFile = new java.io.File(((pathPrefix + java.lang.Integer.toString(counter)) + .png)): null

2018-12-13 13:43:21 - [TEST_STEP][PASSED] - Statement - counter = counter + 1: null

2018-12-13 13:43:21 - [TEST_STEP][PASSED] - Statement - PreSaveFile = new java.io.File(((pathPrefix + java.lang.Integer.toString(counter)) + .png)): null

2018-12-13 13:43:21 - [TEST_STEP][PASSED] - Statement - counter = counter + 1: null

2018-12-13 13:43:21 - [TEST_STEP][PASSED] - Statement - PreSaveFile = new java.io.File(((pathPrefix + java.lang.Integer.toString(counter)) + .png)): null

2018-12-13 13:43:21 - [TEST_STEP][PASSED] - Statement - counter = counter + 1: null

2018-12-13 13:43:21 - [TEST_STEP][PASSED] - Statement - PreSaveFile = new java.io.File(((pathPrefix + java.lang.Integer.toString(counter)) + .png)): null

2018-12-13 13:43:21 - [TEST_STEP][PASSED] - Statement - counter = counter + 1: null

2018-12-13 13:43:21 - [TEST_STEP][PASSED] - Statement - PreSaveFile = new java.io.File(((pathPrefix + java.lang.Integer.toString(counter)) + .png)): null

2018-12-13 13:43:21 - [TEST_STEP][PASSED] - Statement - counter = counter + 1: null

2018-12-13 13:43:21 - [TEST_STEP][PASSED] - Statement - PreSaveFile = new java.io.File(((pathPrefix + java.lang.Integer.toString(counter)) + .png)): null

2018-12-13 13:43:21 - [TEST_STEP][PASSED] - Statement - counter = counter + 1: null

2018-12-13 13:43:21 - [TEST_STEP][PASSED] - Statement - PreSaveFile = new java.io.File(((pathPrefix + java.lang.Integer.toString(counter)) + .png)): null

2018-12-13 13:43:21 - [TEST_STEP][PASSED] - Statement - counter = counter + 1: null

2018-12-13 13:43:21 - [TEST_STEP][PASSED] - Statement - PreSaveFile = new java.io.File(((pathPrefix + java.lang.Integer.toString(counter)) + .png)): null

2018-12-13 13:43:21 - [TEST_STEP][PASSED] - Statement - counter = counter + 1: null

2018-12-13 13:43:21 - [TEST_STEP][PASSED] - Statement - PreSaveFile = new java.io.File(((pathPrefix + java.lang.Integer.toString(counter)) + .png)): null

2018-12-13 13:43:21 - [TEST_STEP][PASSED] - Statement - counter = counter + 1: null

2018-12-13 13:43:21 - [TEST_STEP][PASSED] - Statement - PreSaveFile = new java.io.File(((pathPrefix + java.lang.Integer.toString(counter)) + .png)): null

2018-12-13 13:43:21 - [TEST_STEP][PASSED] - Statement - counter = counter + 1: null

2018-12-13 13:43:21 - [TEST_STEP][PASSED] - Statement - PreSaveFile = new java.io.File(((pathPrefix + java.lang.Integer.toString(counter)) + .png)): null

2018-12-13 13:43:21 - [TEST_STEP][PASSED] - Statement - counter = counter + 1: null

2018-12-13 13:43:21 - [TEST_STEP][PASSED] - Statement - PreSaveFile = new java.io.File(((pathPrefix + java.lang.Integer.toString(counter)) + .png)): null

2018-12-13 13:43:21 - [TEST_STEP][PASSED] - Statement - counter = counter + 1: null

2018-12-13 13:43:21 - [TEST_STEP][PASSED] - Statement - PreSaveFile = new java.io.File(((pathPrefix + java.lang.Integer.toString(counter)) + .png)): null

2018-12-13 13:43:21 - [TEST_STEP][PASSED] - Statement - counter = counter + 1: null

2018-12-13 13:43:21 - [TEST_STEP][PASSED] - Statement - PreSaveFile = new java.io.File(((pathPrefix + java.lang.Integer.toString(counter)) + .png)): null

2018-12-13 13:43:21 - [TEST_STEP][PASSED] - Statement - counter = counter + 1: null

2018-12-13 13:43:21 - [TEST_STEP][PASSED] - Statement - PreSaveFile = new java.io.File(((pathPrefix + java.lang.Integer.toString(counter)) + .png)): null

2018-12-13 13:43:21 - [TEST_STEP][PASSED] - Statement - counter = counter + 1: null

2018-12-13 13:43:21 - [TEST_STEP][PASSED] - Statement - PreSaveFile = new java.io.File(((pathPrefix + java.lang.Integer.toString(counter)) + .png)): null

2018-12-13 13:43:21 - [TEST_STEP][PASSED] - Statement - counter = counter + 1: null

2018-12-13 13:43:21 - [TEST_STEP][PASSED] - Statement - PreSaveFile = new java.io.File(((pathPrefix + java.lang.Integer.toString(counter)) + .png)): null

2018-12-13 13:43:21 - [TEST_STEP][PASSED] - Statement - counter = counter + 1: null

2018-12-13 13:43:21 - [TEST_STEP][PASSED] - Statement - PreSaveFile = new java.io.File(((pathPrefix + java.lang.Integer.toString(counter)) + .png)): null

2018-12-13 13:43:21 - [TEST_STEP][PASSED] - Statement - counter = counter + 1: null

2018-12-13 13:43:21 - [TEST_STEP][PASSED] - Statement - PreSaveFile = new java.io.File(((pathPrefix + java.lang.Integer.toString(counter)) + .png)): null

2018-12-13 13:43:21 - [TEST_STEP][PASSED] - Statement - counter = counter + 1: null

2018-12-13 13:43:21 - [TEST_STEP][PASSED] - Statement - PreSaveFile = new java.io.File(((pathPrefix + java.lang.Integer.toString(counter)) + .png)): null

2018-12-13 13:43:21 - [TEST_STEP][PASSED] - Statement - counter = counter + 1: null

2018-12-13 13:43:21 - [TEST_STEP][PASSED] - Statement - PreSaveFile = new java.io.File(((pathPrefix + java.lang.Integer.toString(counter)) + .png)): null

2018-12-13 13:43:21 - [TEST_STEP][PASSED] - Statement - counter = counter + 1: null

2018-12-13 13:43:21 - [TEST_STEP][PASSED] - Statement - PreSaveFile = new java.io.File(((pathPrefix + java.lang.Integer.toString(counter)) + .png)): null

2018-12-13 13:43:21 - [TEST_STEP][PASSED] - Statement - counter = counter + 1: null

2018-12-13 13:43:21 - [TEST_STEP][PASSED] - Statement - PreSaveFile = new java.io.File(((pathPrefix + java.lang.Integer.toString(counter)) + .png)): null

2018-12-13 13:43:21 - [TEST_STEP][PASSED] - Statement - counter = counter + 1: null

2018-12-13 13:43:21 - [TEST_STEP][PASSED] - Statement - PreSaveFile = new java.io.File(((pathPrefix + java.lang.Integer.toString(counter)) + .png)): null

2018-12-13 13:43:21 - [TEST_STEP][PASSED] - Statement - counter = counter + 1: null

2018-12-13 13:43:21 - [TEST_STEP][PASSED] - Statement - PreSaveFile = new java.io.File(((pathPrefix + java.lang.Integer.toString(counter)) + .png)): null

2018-12-13 13:43:21 - [TEST_STEP][PASSED] - Statement - counter = counter + 1: null

2018-12-13 13:43:21 - [TEST_STEP][PASSED] - Statement - PreSaveFile = new java.io.File(((pathPrefix + java.lang.Integer.toString(counter)) + .png)): null

2018-12-13 13:43:21 - [TEST_STEP][PASSED] - Statement - counter = counter + 1: null

2018-12-13 13:43:21 - [TEST_STEP][PASSED] - Statement - PreSaveFile = new java.io.File(((pathPrefix + java.lang.Integer.toString(counter)) + .png)): null

2018-12-13 13:43:21 - [TEST_STEP][PASSED] - Statement - counter = counter + 1: null

2018-12-13 13:43:21 - [TEST_STEP][PASSED] - Statement - PreSaveFile = new java.io.File(((pathPrefix + java.lang.Integer.toString(counter)) + .png)): null

2018-12-13 13:43:21 - [TEST_STEP][PASSED] - Statement - counter = counter + 1: null

2018-12-13 13:43:21 - [TEST_STEP][PASSED] - Statement - PreSaveFile = new java.io.File(((pathPrefix + java.lang.Integer.toString(counter)) + .png)): null

2018-12-13 13:43:21 - [TEST_STEP][PASSED] - Statement - counter = counter + 1: null

2018-12-13 13:43:21 - [TEST_STEP][PASSED] - Statement - PreSaveFile = new java.io.File(((pathPrefix + java.lang.Integer.toString(counter)) + .png)): null

2018-12-13 13:43:21 - [TEST_STEP][PASSED] - Statement - counter = counter + 1: null

2018-12-13 13:43:21 - [TEST_STEP][PASSED] - Statement - PreSaveFile = new java.io.File(((pathPrefix + java.lang.Integer.toString(counter)) + .png)): null

2018-12-13 13:43:21 - [TEST_STEP][PASSED] - Statement - counter = counter + 1: null

2018-12-13 13:43:21 - [TEST_STEP][PASSED] - Statement - PreSaveFile = new java.io.File(((pathPrefix + java.lang.Integer.toString(counter)) + .png)): null

2018-12-13 13:43:21 - [TEST_STEP][PASSED] - Statement - counter = counter + 1: null

2018-12-13 13:43:21 - [TEST_STEP][PASSED] - Statement - PreSaveFile = new java.io.File(((pathPrefix + java.lang.Integer.toString(counter)) + .png)): null

2018-12-13 13:43:21 - [TEST_STEP][PASSED] - Statement - counter = counter + 1: null

2018-12-13 13:43:21 - [TEST_STEP][PASSED] - Statement - PreSaveFile = new java.io.File(((pathPrefix + java.lang.Integer.toString(counter)) + .png)): null

2018-12-13 13:43:21 - [TEST_STEP][PASSED] - Statement - counter = counter + 1: null

2018-12-13 13:43:21 - [TEST_STEP][PASSED] - Statement - PreSaveFile = new java.io.File(((pathPrefix + java.lang.Integer.toString(counter)) + .png)): null

2018-12-13 13:43:21 - [TEST_STEP][PASSED] - Statement - counter = counter + 1: null

2018-12-13 13:43:21 - [TEST_STEP][PASSED] - Statement - PreSaveFile = new java.io.File(((pathPrefix + java.lang.Integer.toString(counter)) + .png)): null

2018-12-13 13:43:21 - [TEST_STEP][PASSED] - Statement - counter = counter + 1: null

2018-12-13 13:43:21 - [TEST_STEP][PASSED] - Statement - PreSaveFile = new java.io.File(((pathPrefix + java.lang.Integer.toString(counter)) + .png)): null

2018-12-13 13:43:21 - [TEST_STEP][PASSED] - Statement - counter = counter + 1: null

2018-12-13 13:43:21 - [TEST_STEP][PASSED] - Statement - PreSaveFile = new java.io.File(((pathPrefix + java.lang.Integer.toString(counter)) + .png)): null

2018-12-13 13:43:21 - [TEST_STEP][PASSED] - Statement - counter = counter + 1: null

2018-12-13 13:43:21 - [TEST_STEP][PASSED] - Statement - PreSaveFile = new java.io.File(((pathPrefix + java.lang.Integer.toString(counter)) + .png)): null

2018-12-13 13:43:21 - [TEST_STEP][PASSED] - Statement - counter = counter + 1: null

2018-12-13 13:43:21 - [TEST_STEP][PASSED] - Statement - PreSaveFile = new java.io.File(((pathPrefix + java.lang.Integer.toString(counter)) + .png)): null

2018-12-13 13:43:21 - [TEST_STEP][PASSED] - Statement - counter = counter + 1: null

2018-12-13 13:43:21 - [TEST_STEP][PASSED] - Statement - PreSaveFile = new java.io.File(((pathPrefix + java.lang.Integer.toString(counter)) + .png)): null

2018-12-13 13:43:21 - [TEST_STEP][PASSED] - Statement - counter = counter + 1: null

2018-12-13 13:43:21 - [TEST_STEP][PASSED] - Statement - PreSaveFile = new java.io.File(((pathPrefix + java.lang.Integer.toString(counter)) + .png)): null

2018-12-13 13:43:21 - [TEST_STEP][PASSED] - Statement - counter = counter + 1: null

2018-12-13 13:43:21 - [TEST_STEP][PASSED] - Statement - PreSaveFile = new java.io.File(((pathPrefix + java.lang.Integer.toString(counter)) + .png)): null

2018-12-13 13:43:21 - [TEST_STEP][PASSED] - Statement - counter = counter + 1: null

2018-12-13 13:43:21 - [TEST_STEP][PASSED] - Statement - PreSaveFile = new java.io.File(((pathPrefix + java.lang.Integer.toString(counter)) + .png)): null

2018-12-13 13:43:21 - [TEST_STEP][PASSED] - Statement - counter = counter + 1: null

2018-12-13 13:43:21 - [TEST_STEP][PASSED] - Statement - PreSaveFile = new java.io.File(((pathPrefix + java.lang.Integer.toString(counter)) + .png)): null

2018-12-13 13:43:21 - [TEST_STEP][PASSED] - Statement - counter = counter + 1: null

2018-12-13 13:43:21 - [TEST_STEP][PASSED] - Statement - PreSaveFile = new java.io.File(((pathPrefix + java.lang.Integer.toString(counter)) + .png)): null

2018-12-13 13:43:21 - [TEST_STEP][PASSED] - Statement - counter = counter + 1: null

2018-12-13 13:43:21 - [TEST_STEP][PASSED] - Statement - PreSaveFile = new java.io.File(((pathPrefix + java.lang.Integer.toString(counter)) + .png)): null

2018-12-13 13:43:21 - [TEST_STEP][PASSED] - Statement - counter = counter + 1: null

2018-12-13 13:43:21 - [TEST_STEP][PASSED] - Statement - PreSaveFile = new java.io.File(((pathPrefix + java.lang.Integer.toString(counter)) + .png)): null

2018-12-13 13:43:21 - [TEST_STEP][PASSED] - Statement - counter = counter + 1: null

2018-12-13 13:43:21 - [TEST_STEP][PASSED] - Statement - PreSaveFile = new java.io.File(((pathPrefix + java.lang.Integer.toString(counter)) + .png)): null

2018-12-13 13:43:21 - [TEST_STEP][PASSED] - Statement - counter = counter + 1: null

2018-12-13 13:43:21 - [TEST_STEP][PASSED] - Statement - PreSaveFile = new java.io.File(((pathPrefix + java.lang.Integer.toString(counter)) + .png)): null

2018-12-13 13:43:21 - [TEST_STEP][PASSED] - Statement - counter = counter + 1: null

2018-12-13 13:43:21 - [TEST_STEP][PASSED] - Statement - PreSaveFile = new java.io.File(((pathPrefix + java.lang.Integer.toString(counter)) + .png)): null

2018-12-13 13:43:21 - [TEST_STEP][PASSED] - Statement - counter = counter + 1: null

2018-12-13 13:43:21 - [TEST_STEP][PASSED] - Statement - PreSaveFile = new java.io.File(((pathPrefix + java.lang.Integer.toString(counter)) + .png)): null

2018-12-13 13:43:21 - [TEST_STEP][PASSED] - Statement - counter = counter + 1: null

2018-12-13 13:43:21 - [TEST_STEP][PASSED] - Statement - PreSaveFile = new java.io.File(((pathPrefix + java.lang.Integer.toString(counter)) + .png)): null

2018-12-13 13:43:21 - [TEST_STEP][PASSED] - Statement - counter = counter + 1: null

2018-12-13 13:43:21 - [TEST_STEP][PASSED] - Statement - PreSaveFile = new java.io.File(((pathPrefix + java.lang.Integer.toString(counter)) + .png)): null

2018-12-13 13:43:21 - [TEST_STEP][PASSED] - Statement - counter = counter + 1: null

2018-12-13 13:43:21 - [TEST_STEP][PASSED] - Statement - PreSaveFile = new java.io.File(((pathPrefix + java.lang.Integer.toString(counter)) + .png)): null

2018-12-13 13:43:21 - [TEST_STEP][PASSED] - Statement - counter = counter + 1: null

2018-12-13 13:43:21 - [TEST_STEP][PASSED] - Statement - PreSaveFile = new java.io.File(((pathPrefix + java.lang.Integer.toString(counter)) + .png)): null

2018-12-13 13:43:21 - [TEST_STEP][PASSED] - Statement - counter = counter + 1: null

2018-12-13 13:43:21 - [TEST_STEP][PASSED] - Statement - PreSaveFile = new java.io.File(((pathPrefix + java.lang.Integer.toString(counter)) + .png)): null

2018-12-13 13:43:21 - [TEST_STEP][PASSED] - Statement - counter = counter + 1: null

2018-12-13 13:43:21 - [TEST_STEP][PASSED] - Statement - PreSaveFile = new java.io.File(((pathPrefix + java.lang.Integer.toString(counter)) + .png)): null

2018-12-13 13:43:21 - [TEST_STEP][PASSED] - Statement - counter = counter + 1: null

2018-12-13 13:43:21 - [TEST_STEP][PASSED] - Statement - PreSaveFile = new java.io.File(((pathPrefix + java.lang.Integer.toString(counter)) + .png)): null

2018-12-13 13:43:21 - [TEST_STEP][PASSED] - Statement - counter = counter + 1: null

2018-12-13 13:43:21 - [TEST_STEP][PASSED] - Statement - PreSaveFile = new java.io.File(((pathPrefix + java.lang.Integer.toString(counter)) + .png)): null

2018-12-13 13:43:21 - [TEST_STEP][PASSED] - Statement - counter = counter + 1: null

2018-12-13 13:43:21 - [TEST_STEP][PASSED] - Statement - PreSaveFile = new java.io.File(((pathPrefix + java.lang.Integer.toString(counter)) + .png)): null

2018-12-13 13:43:21 - [TEST_STEP][PASSED] - Statement - counter = counter + 1: null

2018-12-13 13:43:21 - [TEST_STEP][PASSED] - Statement - PreSaveFile = new java.io.File(((pathPrefix + java.lang.Integer.toString(counter)) + .png)): null

2018-12-13 13:43:21 - [TEST_STEP][PASSED] - Statement - counter = counter + 1: null

2018-12-13 13:43:21 - [TEST_STEP][PASSED] - Statement - PreSaveFile = new java.io.File(((pathPrefix + java.lang.Integer.toString(counter)) + .png)): null

2018-12-13 13:43:21 - [TEST_STEP][PASSED] - Statement - counter = counter + 1: null

2018-12-13 13:43:21 - [TEST_STEP][PASSED] - Statement - PreSaveFile = new java.io.File(((pathPrefix + java.lang.Integer.toString(counter)) + .png)): null

2018-12-13 13:43:21 - [TEST_STEP][PASSED] - Statement - counter = counter + 1: null

2018-12-13 13:43:21 - [TEST_STEP][PASSED] - Statement - PreSaveFile = new java.io.File(((pathPrefix + java.lang.Integer.toString(counter)) + .png)): null

2018-12-13 13:43:21 - [TEST_STEP][PASSED] - Statement - counter = counter + 1: null

2018-12-13 13:43:21 - [TEST_STEP][PASSED] - Statement - PreSaveFile = new java.io.File(((pathPrefix + java.lang.Integer.toString(counter)) + .png)): null

2018-12-13 13:43:21 - [TEST_STEP][PASSED] - Statement - counter = counter + 1: null

2018-12-13 13:43:21 - [TEST_STEP][PASSED] - Statement - PreSaveFile = new java.io.File(((pathPrefix + java.lang.Integer.toString(counter)) + .png)): null

2018-12-13 13:43:21 - [TEST_STEP][PASSED] - Statement - counter = counter + 1: null

2018-12-13 13:43:21 - [TEST_STEP][PASSED] - Statement - PreSaveFile = new java.io.File(((pathPrefix + java.lang.Integer.toString(counter)) + .png)): null

2018-12-13 13:43:21 - [TEST_STEP][PASSED] - Statement - counter = counter + 1: null

2018-12-13 13:43:21 - [TEST_STEP][PASSED] - Statement - PreSaveFile = new java.io.File(((pathPrefix + java.lang.Integer.toString(counter)) + .png)): null

2018-12-13 13:43:21 - [TEST_STEP][PASSED] - Statement - counter = counter + 1: null

2018-12-13 13:43:21 - [TEST_STEP][PASSED] - Statement - PreSaveFile = new java.io.File(((pathPrefix + java.lang.Integer.toString(counter)) + .png)): null

2018-12-13 13:43:21 - [TEST_STEP][PASSED] - Statement - counter = counter + 1: null

2018-12-13 13:43:21 - [TEST_STEP][PASSED] - Statement - PreSaveFile = new java.io.File(((pathPrefix + java.lang.Integer.toString(counter)) + .png)): null

2018-12-13 13:43:21 - [TEST_STEP][PASSED] - Statement - counter = counter + 1: null

2018-12-13 13:43:21 - [TEST_STEP][PASSED] - Statement - PreSaveFile = new java.io.File(((pathPrefix + java.lang.Integer.toString(counter)) + .png)): null

2018-12-13 13:43:21 - [TEST_STEP][PASSED] - Statement - counter = counter + 1: null

2018-12-13 13:43:21 - [TEST_STEP][PASSED] - Statement - PreSaveFile = new java.io.File(((pathPrefix + java.lang.Integer.toString(counter)) + .png)): null

2018-12-13 13:43:21 - [TEST_STEP][PASSED] - Statement - counter = counter + 1: null

2018-12-13 13:43:21 - [TEST_STEP][PASSED] - Statement - PreSaveFile = new java.io.File(((pathPrefix + java.lang.Integer.toString(counter)) + .png)): null

2018-12-13 13:43:21 - [TEST_STEP][PASSED] - Statement - counter = counter + 1: null

2018-12-13 13:43:21 - [TEST_STEP][PASSED] - Statement - PreSaveFile = new java.io.File(((pathPrefix + java.lang.Integer.toString(counter)) + .png)): null

2018-12-13 13:43:21 - [TEST_STEP][PASSED] - Statement - counter = counter + 1: null

2018-12-13 13:43:21 - [TEST_STEP][PASSED] - Statement - PreSaveFile = new java.io.File(((pathPrefix + java.lang.Integer.toString(counter)) + .png)): null

2018-12-13 13:43:21 - [TEST_STEP][PASSED] - Statement - counter = counter + 1: null

2018-12-13 13:43:21 - [TEST_STEP][PASSED] - Statement - PreSaveFile = new java.io.File(((pathPrefix + java.lang.Integer.toString(counter)) + .png)): null

2018-12-13 13:43:21 - [TEST_STEP][PASSED] - Statement - counter = counter + 1: null

2018-12-13 13:43:21 - [TEST_STEP][PASSED] - Statement - PreSaveFile = new java.io.File(((pathPrefix + java.lang.Integer.toString(counter)) + .png)): null

2018-12-13 13:43:21 - [TEST_STEP][PASSED] - Statement - counter = counter + 1: null

2018-12-13 13:43:21 - [TEST_STEP][PASSED] - Statement - PreSaveFile = new java.io.File(((pathPrefix + java.lang.Integer.toString(counter)) + .png)): null

2018-12-13 13:43:21 - [TEST_STEP][PASSED] - Statement - counter = counter + 1: null

2018-12-13 13:43:21 - [TEST_STEP][PASSED] - Statement - PreSaveFile = new java.io.File(((pathPrefix + java.lang.Integer.toString(counter)) + .png)): null

2018-12-13 13:43:21 - [TEST_STEP][PASSED] - Statement - counter = counter + 1: null

2018-12-13 13:43:21 - [TEST_STEP][PASSED] - Statement - PreSaveFile = new java.io.File(((pathPrefix + java.lang.Integer.toString(counter)) + .png)): null

2018-12-13 13:43:21 - [TEST_STEP][PASSED] - Statement - counter = counter + 1: null

2018-12-13 13:43:21 - [TEST_STEP][PASSED] - Statement - PreSaveFile = new java.io.File(((pathPrefix + java.lang.Integer.toString(counter)) + .png)): null

2018-12-13 13:43:21 - [TEST_STEP][PASSED] - Statement - counter = counter + 1: null

2018-12-13 13:43:21 - [TEST_STEP][PASSED] - Statement - PreSaveFile = new java.io.File(((pathPrefix + java.lang.Integer.toString(counter)) + .png)): null

2018-12-13 13:43:21 - [TEST_STEP][PASSED] - Statement - counter = counter + 1: null

2018-12-13 13:43:21 - [TEST_STEP][PASSED] - Statement - PreSaveFile = new java.io.File(((pathPrefix + java.lang.Integer.toString(counter)) + .png)): null

2018-12-13 13:43:21 - [TEST_STEP][PASSED] - Statement - finalPath = pathPrefix + java.lang.Integer.toString(counter) + ".png": null

2018-12-13 13:43:21 - [TEST_STEP][PASSED] - Statement - SaveFile = new java.io.File(finalPath): null

2018-12-13 13:43:21 - [TEST_STEP][PASSED] - Statement - Try: null

2018-12-13 13:43:21 - [TEST_STEP][PASSED] - Statement - org.apache.commons.io.FileUtils.copyFile(scrFile, SaveFile): null

2018-12-13 13:43:21 - [TEST_STEP][PASSED] - Statement - out.println("file kept"): null

2018-12-13 13:43:21 - [TEST_STEP][PASSED] - delay: Delayed 10 second(s)

2018-12-13 13:43:31 - [MESSAGE][PASSED] - Delayed 10 second(s)

2018-12-13 13:43:31 - [MESSAGE][PASSED] - Call Test Case 'Test Cases/Final Aug 2018 - PKS Automation/Registration Module/New Registration/Submit and Screenshot/Submit Registration and Screenshot' successfully

2018-12-13 13:43:31 - [TEST_STEP][PASSED] - callTestCase: Call Test Case 'Test Cases/Final Aug 2018 - PKS Automation/Registration Module/Log Out/log out avoiding katalon tagging' successfully

2018-12-13 13:43:31 - [TEST_CASE][PASSED] - Test Cases/Final Aug 2018 - PKS Automation/Registration Module/Log Out/log out avoiding katalon tagging: Test Cases/Final Aug 2018 - PKS Automation/Registration Module/Log Out/log out avoiding katalon tagging

2018-12-13 13:43:31 - [TEST_STEP][PASSED] - navigateToUrl: Navigate to 'https://assist2-uat.perkeso.gov.my/c/portal/logout' successfully

2018-12-13 13:43:32 - [MESSAGE][PASSED] - Navigate to 'https://assist2-uat.perkeso.gov.my/c/portal/logout' successfully

2018-12-13 13:43:32 - [MESSAGE][PASSED] - Call Test Case 'Test Cases/Final Aug 2018 - PKS Automation/Registration Module/Log Out/log out avoiding katalon tagging' successfully

2018-12-13 13:43:32 - [TEST_STEP][PASSED] - callTestCase: Call Test Case 'Test Cases/Final Aug 2018 - PKS Automation/Common/Workflow Owner Finder' successfully

2018-12-13 13:43:32 - [TEST_CASE][PASSED] - Test Cases/Final Aug 2018 - PKS Automation/Common/Workflow Owner Finder: Test Cases/Final Aug 2018 - PKS Automation/Common/Workflow Owner Finder

2018-12-13 13:43:32 - [TEST_STEP][PASSED] - openBrowser: Browser is opened with url: ''

2018-12-13 13:43:32 - [MESSAGE][WARNING] - A browser is already opened. Closing browser and opening a new one

2018-12-13 13:43:36 - [MESSAGE][PASSED] - Browser is opened with url: ''

2018-12-13 13:43:36 - [TEST_STEP][PASSED] - navigateToUrl: Navigate to 'https://assist2-uat.perkeso.gov.my/login' successfully

2018-12-13 13:43:37 - [MESSAGE][PASSED] - Navigate to 'https://assist2-uat.perkeso.gov.my/login' successfully

2018-12-13 13:43:37 - [TEST_STEP][PASSED] - delay: Delayed 5 second(s)

2018-12-13 13:43:42 - [MESSAGE][PASSED] - Delayed 5 second(s)

2018-12-13 13:43:42 - [TEST_STEP][PASSED] - setText: Text 'test@liferay.com' is set on object 'Object Repository/Final Object Repo/Login Page/Internal User/Email Address'

2018-12-13 13:43:42 - [MESSAGE][PASSED] - Text 'test@liferay.com' is set on object 'Object Repository/Final Object Repo/Login Page/Internal User/Email Address'

2018-12-13 13:43:42 - [TEST_STEP][PASSED] - click: Object: 'Object Repository/Final Object Repo/Login Page/Internal User/Next Button' is clicked on

2018-12-13 13:43:43 - [MESSAGE][PASSED] - Object: 'Object Repository/Final Object Repo/Login Page/Internal User/Next Button' is clicked on

2018-12-13 13:43:43 - [TEST_STEP][PASSED] - delay: Delayed 2 second(s)

2018-12-13 13:43:45 - [MESSAGE][PASSED] - Delayed 2 second(s)

2018-12-13 13:43:45 - [TEST_STEP][PASSED] - setText: Text 'test' is set on object 'Object Repository/Final Object Repo/Login Page/Internal User/Password'

2018-12-13 13:43:45 - [MESSAGE][PASSED] - Text 'test' is set on object 'Object Repository/Final Object Repo/Login Page/Internal User/Password'

2018-12-13 13:43:45 - [TEST_STEP][PASSED] - delay: Delayed 2 second(s)

2018-12-13 13:43:47 - [MESSAGE][PASSED] - Delayed 2 second(s)

2018-12-13 13:43:47 - [TEST_STEP][PASSED] - click: Object: 'Object Repository/Final Object Repo/Login Page/Internal User/Login Button' is clicked on

2018-12-13 13:43:47 - [MESSAGE][PASSED] - Object: 'Object Repository/Final Object Repo/Login Page/Internal User/Login Button' is clicked on

2018-12-13 13:43:47 - [TEST_STEP][PASSED] - Statement - tester = com.kms.katalon.core.testobject.ObjectRepository.findTestObject(Final Object Repo/Landing Page/Select to English): Finding Test Object with id 'Object Repository/Final Object Repo/Landing Page/Select to English'

2018-12-13 13:43:47 - [TEST_STEP][PASSED] - Statement - Try: Delayed 2 second(s)

2018-12-13 13:43:47 - [TEST_STEP][PASSED] - Statement - Checker = com.kms.katalon.core.webui.keyword.WebUiBuiltInKeywords.verifyElementNotPresent(tester, 3): Web element with id: 'Object Repository/Final Object Repo/Landing Page/Select to English' located by 'By.xpath: //a[@class = 'taglib-language-list-text' and @lang = 'en-US' and (contains(text(), 'EN') or contains(., 'EN'))]' is not present after '3' second(s)

2018-12-13 13:43:49 - [MESSAGE][PASSED] - Web element with id: 'Object Repository/Final Object Repo/Landing Page/Select to English' located by 'By.xpath: //a[@class = 'taglib-language-list-text' and @lang = 'en-US' and (contains(text(), 'EN') or contains(., 'EN'))]' is not present after '3' second(s)

2018-12-13 13:43:49 - [TEST_STEP][PASSED] - Statement - If (Checker == false): null

2018-12-13 13:43:49 - [TEST_STEP][PASSED] - delay: Delayed 2 second(s)

2018-12-13 13:43:51 - [MESSAGE][PASSED] - Delayed 2 second(s)

2018-12-13 13:43:51 - [TEST_STEP][PASSED] - delay: Delayed 5 second(s)

2018-12-13 13:43:56 - [MESSAGE][PASSED] - Delayed 5 second(s)

2018-12-13 13:43:56 - [TEST_STEP][PASSED] - mouseOver: Object: 'Object Repository/Final Object Repo/Landing Page/WorkFlow Menu' is hovered

2018-12-13 13:43:56 - [MESSAGE][PASSED] - Object: 'Object Repository/Final Object Repo/Landing Page/WorkFlow Menu' is hovered

2018-12-13 13:43:56 - [TEST_STEP][PASSED] - delay: Delayed 2 second(s)

2018-12-13 13:43:58 - [MESSAGE][PASSED] - Delayed 2 second(s)

2018-12-13 13:43:58 - [TEST_STEP][PASSED] - click: Object: 'Object Repository/Final Object Repo/Landing Page/Select to Workflow Listing' is clicked on

2018-12-13 13:43:59 - [MESSAGE][PASSED] - Object: 'Object Repository/Final Object Repo/Landing Page/Select to Workflow Listing' is clicked on

2018-12-13 13:43:59 - [TEST_STEP][PASSED] - delay: Delayed 2 second(s)

2018-12-13 13:44:01 - [MESSAGE][PASSED] - Delayed 2 second(s)

2018-12-13 13:44:01 - [TEST_STEP][PASSED] - click: Object: 'Object Repository/Final Object Repo/WorkFlow Listing Page/Search Information - To Put Ref No' is clicked on

2018-12-13 13:44:01 - [MESSAGE][PASSED] - Object: 'Object Repository/Final Object Repo/WorkFlow Listing Page/Search Information - To Put Ref No' is clicked on

2018-12-13 13:44:01 - [TEST_STEP][PASSED] - delay: Delayed 2 second(s)

2018-12-13 13:44:03 - [MESSAGE][PASSED] - Delayed 2 second(s)

2018-12-13 13:44:03 - [TEST_STEP][PASSED] - callTestCase: Call Test Case 'Test Cases/Final Aug 2018 - PKS Automation/Common/Reference Number Getter' successfully

2018-12-13 13:44:03 - [TEST_CASE][PASSED] - Test Cases/Final Aug 2018 - PKS Automation/Common/Reference Number Getter: Test Cases/Final Aug 2018 - PKS Automation/Common/Reference Number Getter

2018-12-13 13:44:03 - [TEST_STEP][PASSED] - Statement - Try: null

2018-12-13 13:44:03 - [TEST_STEP][PASSED] - Statement - RefNo = new java.io.File(C://Users//Admin//Desktop//PKS//Automation Reference Point//KatalonReference.txt): null

2018-12-13 13:44:03 - [TEST_STEP][PASSED] - Statement - bufferread = new java.io.BufferedReader(new java.io.FileReader(RefNo)): null

2018-12-13 13:44:03 - [TEST_STEP][PASSED] - Statement - readedVal = bufferread.readLine(): null

2018-12-13 13:44:03 - [TEST_STEP][PASSED] - Statement - out.println(CaseReferenceNo): null

2018-12-13 13:44:03 - [TEST_STEP][PASSED] - Statement - out.println(readedVal): null

2018-12-13 13:44:03 - [TEST_STEP][PASSED] - Statement - CaseReferenceNo = "": null

2018-12-13 13:44:03 - [TEST_STEP][PASSED] - Statement - CaseReferenceNo = readedVal: null

2018-12-13 13:44:03 - [MESSAGE][PASSED] - Call Test Case 'Test Cases/Final Aug 2018 - PKS Automation/Common/Reference Number Getter' successfully

2018-12-13 13:44:03 - [TEST_STEP][PASSED] - setText: Text 'CRN12201800123277' is set on object 'Object Repository/Final Object Repo/WorkFlow Listing Page/Ref No Set Text'

2018-12-13 13:44:03 - [MESSAGE][PASSED] - Text 'CRN12201800123277' is set on object 'Object Repository/Final Object Repo/WorkFlow Listing Page/Ref No Set Text'

2018-12-13 13:44:03 - [TEST_STEP][PASSED] - delay: Delayed 2 second(s)

2018-12-13 13:44:05 - [MESSAGE][PASSED] - Delayed 2 second(s)

2018-12-13 13:44:05 - [TEST_STEP][PASSED] - click: Object: 'Object Repository/Final Object Repo/WorkFlow Listing Page/Search Ref No Search Button' is clicked on

2018-12-13 13:44:06 - [MESSAGE][PASSED] - Object: 'Object Repository/Final Object Repo/WorkFlow Listing Page/Search Ref No Search Button' is clicked on

2018-12-13 13:44:06 - [TEST_STEP][PASSED] - delay: Delayed 6 second(s)

2018-12-13 13:44:12 - [MESSAGE][PASSED] - Delayed 6 second(s)

2018-12-13 13:44:12 - [TEST_STEP][PASSED] - click: Object: 'Object Repository/Final Object Repo/WorkFlow Listing Page/Click Continue Tooltip' is clicked on

2018-12-13 13:44:13 - [MESSAGE][PASSED] - Object: 'Object Repository/Final Object Repo/WorkFlow Listing Page/Click Continue Tooltip' is clicked on

2018-12-13 13:44:13 - [TEST_STEP][PASSED] - delay: Delayed 5 second(s)

2018-12-13 13:44:18 - [MESSAGE][PASSED] - Delayed 5 second(s)

2018-12-13 13:44:18 - [TEST_STEP][PASSED] - doubleClick: Object: 'Object Repository/Final Object Repo/WorkFlow Listing Page/Workflow Found - Listing 1' is double clicked on

2018-12-13 13:44:18 - [MESSAGE][PASSED] - Object: 'Object Repository/Final Object Repo/WorkFlow Listing Page/Workflow Found - Listing 1' is double clicked on

2018-12-13 13:44:18 - [TEST_STEP][PASSED] - Statement - println(OwnerID): null

2018-12-13 13:44:18 - [TEST_STEP][PASSED] - Statement - OwnerID = com.kms.katalon.core.webui.keyword.WebUiBuiltInKeywords.getText(com.kms.katalon.core.testobject.ObjectRepository.findTestObject(Final Object Repo/WorkFlow Listing Page/Workflow Found - Listing 1), STOP_ON_FAILURE): Text of object 'Object Repository/Final Object Repo/WorkFlow Listing Page/Workflow Found - Listing 1' is: 'JOHORro3'

2018-12-13 13:44:18 - [MESSAGE][PASSED] - Text of object 'Object Repository/Final Object Repo/WorkFlow Listing Page/Workflow Found - Listing 1' is: 'JOHORro3'

2018-12-13 13:44:18 - [TEST_STEP][PASSED] - Statement - OwnerID = OwnerID.toLowerCase() + "@gmail.com": null

2018-12-13 13:44:18 - [TEST_STEP][PASSED] - Statement - println(OwnerID): null

2018-12-13 13:44:18 - [TEST_STEP][PASSED] - delay: Delayed 2 second(s)

2018-12-13 13:44:20 - [MESSAGE][PASSED] - Delayed 2 second(s)

2018-12-13 13:44:20 - [MESSAGE][PASSED] - Call Test Case 'Test Cases/Final Aug 2018 - PKS Automation/Common/Workflow Owner Finder' successfully

2018-12-13 13:44:20 - [TEST_STEP][PASSED] - callTestCase: Call Test Case 'Test Cases/Final Aug 2018 - PKS Automation/Registration Module/Log Out/log out avoiding katalon tagging' successfully

2018-12-13 13:44:20 - [TEST_CASE][PASSED] - Test Cases/Final Aug 2018 - PKS Automation/Registration Module/Log Out/log out avoiding katalon tagging: Test Cases/Final Aug 2018 - PKS Automation/Registration Module/Log Out/log out avoiding katalon tagging

2018-12-13 13:44:20 - [TEST_STEP][PASSED] - navigateToUrl: Navigate to 'https://assist2-uat.perkeso.gov.my/c/portal/logout' successfully

2018-12-13 13:44:21 - [MESSAGE][PASSED] - Navigate to 'https://assist2-uat.perkeso.gov.my/c/portal/logout' successfully

2018-12-13 13:44:21 - [MESSAGE][PASSED] - Call Test Case 'Test Cases/Final Aug 2018 - PKS Automation/Registration Module/Log Out/log out avoiding katalon tagging' successfully

2018-12-13 13:44:21 - [TEST_STEP][PASSED] - delay: Delayed 2 second(s)

2018-12-13 13:44:23 - [MESSAGE][PASSED] - Delayed 2 second(s)

2018-12-13 13:44:23 - [TEST_STEP][PASSED] - setText: Text 'johorro3@gmail.com' is set on object 'Object Repository/Final Object Repo/New Registration - Registration Module Pages/New Reg - OTC to RO/Special Case - All Related Objects/Email TextBox'

2018-12-13 13:44:23 - [MESSAGE][PASSED] - Text 'johorro3@gmail.com' is set on object 'Object Repository/Final Object Repo/New Registration - Registration Module Pages/New Reg - OTC to RO/Special Case - All Related Objects/Email TextBox'

2018-12-13 13:44:23 - [TEST_STEP][PASSED] - click: Object: 'Object Repository/Final Object Repo/New Registration - Registration Module Pages/New Reg - OTC to RO/Special Case - All Related Objects/Next Button' is clicked on

2018-12-13 13:44:23 - [MESSAGE][PASSED] - Object: 'Object Repository/Final Object Repo/New Registration - Registration Module Pages/New Reg - OTC to RO/Special Case - All Related Objects/Next Button' is clicked on

2018-12-13 13:44:23 - [TEST_STEP][PASSED] - delay: Delayed 2 second(s)

2018-12-13 13:44:25 - [MESSAGE][PASSED] - Delayed 2 second(s)

2018-12-13 13:44:25 - [TEST_STEP][PASSED] - setText: Text 'Test1@3456789' is set on object 'Object Repository/Final Object Repo/New Registration - Registration Module Pages/New Reg - OTC to RO/Special Case - All Related Objects/Password TextBox'

2018-12-13 13:44:25 - [MESSAGE][PASSED] - Text 'Test1@3456789' is set on object 'Object Repository/Final Object Repo/New Registration - Registration Module Pages/New Reg - OTC to RO/Special Case - All Related Objects/Password TextBox'

2018-12-13 13:44:25 - [TEST_STEP][PASSED] - delay: Delayed 2 second(s)

2018-12-13 13:44:27 - [MESSAGE][PASSED] - Delayed 2 second(s)

2018-12-13 13:44:27 - [TEST_STEP][PASSED] - click: Object: 'Object Repository/Final Object Repo/New Registration - Registration Module Pages/New Reg - OTC to RO/Special Case - All Related Objects/Login Button' is clicked on

2018-12-13 13:44:28 - [MESSAGE][PASSED] - Object: 'Object Repository/Final Object Repo/New Registration - Registration Module Pages/New Reg - OTC to RO/Special Case - All Related Objects/Login Button' is clicked on

2018-12-13 13:44:28 - [TEST_STEP][PASSED] - delay: Delayed 2 second(s)

2018-12-13 13:44:30 - [MESSAGE][PASSED] - Delayed 2 second(s)

2018-12-13 13:44:30 - [TEST_STEP][PASSED] - Statement - Try: null

2018-12-13 13:44:30 - [TEST_STEP][PASSED] - Statement - Checker = com.kms.katalon.core.webui.keyword.WebUiBuiltInKeywords.verifyElementNotPresent("Final Object Repo/Landing Page/Select to English", 3): null

2018-12-13 13:44:30 - [TEST_STEP][PASSED] - Statement - Catch (Exception e): null

2018-12-13 13:44:30 - [TEST_STEP][PASSED] - Statement - e.printStackTrace(): null

2018-12-13 13:44:30 - [TEST_STEP][PASSED] - click: Object: 'Object Repository/Final Object Repo/New Registration - Registration Module Pages/New Reg - OTC to RO/Special Case - All Related Objects/Expand to Search' is clicked on

2018-12-13 13:44:30 - [MESSAGE][PASSED] - Object: 'Object Repository/Final Object Repo/New Registration - Registration Module Pages/New Reg - OTC to RO/Special Case - All Related Objects/Expand to Search' is clicked on

2018-12-13 13:44:30 - [TEST_STEP][PASSED] - delay: Delayed 2 second(s)

2018-12-13 13:44:32 - [MESSAGE][PASSED] - Delayed 2 second(s)

2018-12-13 13:44:32 - [TEST_STEP][PASSED] - setText: Text 'CRN12201800123277' is set on object 'Object Repository/Final Object Repo/New Registration - Registration Module Pages/New Reg - OTC to RO/Special Case - All Related Objects/TextBox RefNo in Workbasket'

2018-12-13 13:44:32 - [MESSAGE][PASSED] - Text 'CRN12201800123277' is set on object 'Object Repository/Final Object Repo/New Registration - Registration Module Pages/New Reg - OTC to RO/Special Case - All Related Objects/TextBox RefNo in Workbasket'

2018-12-13 13:44:32 - [TEST_STEP][PASSED] - delay: Delayed 2 second(s)

2018-12-13 13:44:34 - [MESSAGE][PASSED] - Delayed 2 second(s)

2018-12-13 13:44:34 - [TEST_STEP][PASSED] - click: Object: 'Object Repository/Final Object Repo/New Registration - Registration Module Pages/New Reg - OTC to RO/Special Case - All Related Objects/Click Search' is clicked on

2018-12-13 13:44:34 - [MESSAGE][PASSED] - Object: 'Object Repository/Final Object Repo/New Registration - Registration Module Pages/New Reg - OTC to RO/Special Case - All Related Objects/Click Search' is clicked on

2018-12-13 13:44:34 - [TEST_STEP][PASSED] - delay: Delayed 2 second(s)

2018-12-13 13:44:36 - [MESSAGE][PASSED] - Delayed 2 second(s)

2018-12-13 13:44:36 - [TEST_STEP][PASSED] - click: Object: 'Object Repository/Final Object Repo/New Registration - Registration Module Pages/New Reg - OTC to RO/Special Case - All Related Objects/Click to Continue Workflow' is clicked on

2018-12-13 13:44:40 - [MESSAGE][PASSED] - Object: 'Object Repository/Final Object Repo/New Registration - Registration Module Pages/New Reg - OTC to RO/Special Case - All Related Objects/Click to Continue Workflow' is clicked on

2018-12-13 13:44:40 - [TEST_STEP][PASSED] - delay: Delayed 2 second(s)

2018-12-13 13:44:42 - [MESSAGE][PASSED] - Delayed 2 second(s)

2018-12-13 13:44:42 - [TEST_STEP][PASSED] - click: Object: 'Object Repository/Final Object Repo/New Registration - Registration Module Pages/New Reg - OTC to RO/Special Case - All Related Objects/Continue Button in verifying case' is clicked on

2018-12-13 13:44:43 - [MESSAGE][PASSED] - Object: 'Object Repository/Final Object Repo/New Registration - Registration Module Pages/New Reg - OTC to RO/Special Case - All Related Objects/Continue Button in verifying case' is clicked on

2018-12-13 13:44:43 - [TEST_STEP][PASSED] - delay: Delayed 2 second(s)

2018-12-13 13:44:45 - [MESSAGE][PASSED] - Delayed 2 second(s)

2018-12-13 13:44:45 - [TEST_STEP][PASSED] - click: Object: 'Object Repository/Final Object Repo/New Registration - Registration Module Pages/Form 1/Registered As a Branch - Yes' is clicked on

2018-12-13 13:44:46 - [MESSAGE][PASSED] - Object: 'Object Repository/Final Object Repo/New Registration - Registration Module Pages/Form 1/Registered As a Branch - Yes' is clicked on

2018-12-13 13:44:46 - [TEST_STEP][PASSED] - delay: Delayed 2 second(s)

2018-12-13 13:44:48 - [MESSAGE][PASSED] - Delayed 2 second(s)

2018-12-13 13:44:48 - [TEST_STEP][PASSED] - click: Object: 'Object Repository/Final Object Repo/New Registration - Registration Module Pages/New Reg - OTC to RO/Special Case - All Related Objects/Form 1 Save n Continue' is clicked on

2018-12-13 13:44:48 - [MESSAGE][PASSED] - Object: 'Object Repository/Final Object Repo/New Registration - Registration Module Pages/New Reg - OTC to RO/Special Case - All Related Objects/Form 1 Save n Continue' is clicked on

2018-12-13 13:44:48 - [TEST_STEP][PASSED] - delay: Delayed 2 second(s)

2018-12-13 13:44:50 - [MESSAGE][PASSED] - Delayed 2 second(s)

2018-12-13 13:44:50 - [TEST_STEP][PASSED] - click: Object: 'Object Repository/Final Object Repo/New Registration - Registration Module Pages/New Reg - OTC to RO/Special Case - All Related Objects/Form 2 Save n Continue' is clicked on

2018-12-13 13:44:50 - [MESSAGE][PASSED] - Object: 'Object Repository/Final Object Repo/New Registration - Registration Module Pages/New Reg - OTC to RO/Special Case - All Related Objects/Form 2 Save n Continue' is clicked on

2018-12-13 13:44:50 - [TEST_STEP][PASSED] - delay: Delayed 2 second(s)

2018-12-13 13:44:52 - [MESSAGE][PASSED] - Delayed 2 second(s)

2018-12-13 13:44:52 - [TEST_STEP][PASSED] - click: Object: 'Object Repository/Final Object Repo/New Registration - Registration Module Pages/New Reg - OTC to RO/Special Case - All Related Objects/Third Screen Save n Continue' is clicked on

2018-12-13 13:44:57 - [MESSAGE][PASSED] - Object: 'Object Repository/Final Object Repo/New Registration - Registration Module Pages/New Reg - OTC to RO/Special Case - All Related Objects/Third Screen Save n Continue' is clicked on

2018-12-13 13:44:57 - [TEST_STEP][PASSED] - delay: Delayed 5 second(s)

2018-12-13 13:45:02 - [MESSAGE][PASSED] - Delayed 5 second(s)

2018-12-13 13:45:02 - [TEST_STEP][PASSED] - click: Object: 'Object Repository/Final Object Repo/New Registration - Registration Module Pages/New Reg - OTC to RO/Special Case - All Related Objects/Upload Doc Page Save n Continue' is clicked on

2018-12-13 13:45:02 - [MESSAGE][PASSED] - Object: 'Object Repository/Final Object Repo/New Registration - Registration Module Pages/New Reg - OTC to RO/Special Case - All Related Objects/Upload Doc Page Save n Continue' is clicked on

2018-12-13 13:45:02 - [TEST_STEP][PASSED] - delay: Delayed 5 second(s)

2018-12-13 13:45:07 - [MESSAGE][PASSED] - Delayed 5 second(s)

2018-12-13 13:45:07 - [TEST_STEP][PASSED] - click: Object: 'Object Repository/Final Object Repo/New Registration - Registration Module Pages/New Reg - OTC to RO/Special Case - All Related Objects/Under Enforcement Button at Preview Screen of RO' is clicked on

2018-12-13 13:45:08 - [MESSAGE][PASSED] - Object: 'Object Repository/Final Object Repo/New Registration - Registration Module Pages/New Reg - OTC to RO/Special Case - All Related Objects/Under Enforcement Button at Preview Screen of RO' is clicked on

2018-12-13 13:45:08 - [TEST_STEP][PASSED] - delay: Delayed 5 second(s)

2018-12-13 13:45:13 - [MESSAGE][PASSED] - Delayed 5 second(s)

2018-12-13 13:45:13 - [TEST_STEP][PASSED] - click: Object: 'Object Repository/Final Object Repo/New Registration - Registration Module Pages/New Reg - OTC to RO/Special Case - All Related Objects/Under Enforcement - inner form' is clicked on

2018-12-13 13:45:13 - [MESSAGE][PASSED] - Object: 'Object Repository/Final Object Repo/New Registration - Registration Module Pages/New Reg - OTC to RO/Special Case - All Related Objects/Under Enforcement - inner form' is clicked on

2018-12-13 13:45:13 - [TEST_STEP][PASSED] - callTestCase: Call Test Case 'Test Cases/Final Aug 2018 - PKS Automation/Common/Screenshoting tool' successfully

2018-12-13 13:45:13 - [TEST_CASE][PASSED] - Test Cases/Final Aug 2018 - PKS Automation/Common/Screenshoting tool: Test Cases/Final Aug 2018 - PKS Automation/Common/Screenshoting tool

2018-12-13 13:45:13 - [TEST_STEP][PASSED] - delay: Delayed 15 second(s)

2018-12-13 13:45:28 - [MESSAGE][PASSED] - Delayed 15 second(s)

2018-12-13 13:45:28 - [TEST_STEP][PASSED] - Statement - driver = com.kms.katalon.core.webui.driver.DriverFactory.getWebDriver(): null

2018-12-13 13:45:28 - [TEST_STEP][PASSED] - Statement - driver.manage().timeouts().implicitlyWait(10, SECONDS): null

2018-12-13 13:45:28 - [TEST_STEP][PASSED] - Statement - PresavePath = KatalonScreenshots: null

2018-12-13 13:45:28 - [TEST_STEP][PASSED] - Statement - pathPrefix = "C:\Users\Public\Pictures\Sample Pictures\Katalon Screenshots\Automate Ending Screen": null

2018-12-13 13:45:28 - [TEST_STEP][PASSED] - Statement - finalPath = <not implemented yet for class: org.codehaus.groovy.ast.expr.EmptyExpression>: null

2018-12-13 13:45:28 - [TEST_STEP][PASSED] - Statement - scrFile = driver.getScreenshotAs(FILE): null

2018-12-13 13:45:28 - [TEST_STEP][PASSED] - Statement - PreSaveFile = new java.io.File(PresavePath): null

2018-12-13 13:45:28 - [TEST_STEP][PASSED] - Statement - counter = 0: null

2018-12-13 13:45:28 - [TEST_STEP][PASSED] - Statement - If (PreSaveFile.exists()): null

2018-12-13 13:45:28 - [TEST_STEP][PASSED] - Statement - While (PreSaveFile.exists()): null

2018-12-13 13:45:28 - [TEST_STEP][PASSED] - Statement - counter = counter + 1: null

2018-12-13 13:45:28 - [TEST_STEP][PASSED] - Statement - PreSaveFile = new java.io.File(((pathPrefix + java.lang.Integer.toString(counter)) + .png)): null

2018-12-13 13:45:28 - [TEST_STEP][PASSED] - Statement - counter = counter + 1: null

2018-12-13 13:45:28 - [TEST_STEP][PASSED] - Statement - PreSaveFile = new java.io.File(((pathPrefix + java.lang.Integer.toString(counter)) + .png)): null

2018-12-13 13:45:28 - [TEST_STEP][PASSED] - Statement - counter = counter + 1: null

2018-12-13 13:45:28 - [TEST_STEP][PASSED] - Statement - PreSaveFile = new java.io.File(((pathPrefix + java.lang.Integer.toString(counter)) + .png)): null

2018-12-13 13:45:28 - [TEST_STEP][PASSED] - Statement - counter = counter + 1: null

2018-12-13 13:45:28 - [TEST_STEP][PASSED] - Statement - PreSaveFile = new java.io.File(((pathPrefix + java.lang.Integer.toString(counter)) + .png)): null

2018-12-13 13:45:28 - [TEST_STEP][PASSED] - Statement - counter = counter + 1: null

2018-12-13 13:45:28 - [TEST_STEP][PASSED] - Statement - PreSaveFile = new java.io.File(((pathPrefix + java.lang.Integer.toString(counter)) + .png)): null

2018-12-13 13:45:28 - [TEST_STEP][PASSED] - Statement - counter = counter + 1: null

2018-12-13 13:45:28 - [TEST_STEP][PASSED] - Statement - PreSaveFile = new java.io.File(((pathPrefix + java.lang.Integer.toString(counter)) + .png)): null

2018-12-13 13:45:28 - [TEST_STEP][PASSED] - Statement - counter = counter + 1: null

2018-12-13 13:45:28 - [TEST_STEP][PASSED] - Statement - PreSaveFile = new java.io.File(((pathPrefix + java.lang.Integer.toString(counter)) + .png)): null

2018-12-13 13:45:28 - [TEST_STEP][PASSED] - Statement - counter = counter + 1: null

2018-12-13 13:45:28 - [TEST_STEP][PASSED] - Statement - PreSaveFile = new java.io.File(((pathPrefix + java.lang.Integer.toString(counter)) + .png)): null

2018-12-13 13:45:28 - [TEST_STEP][PASSED] - Statement - counter = counter + 1: null

2018-12-13 13:45:28 - [TEST_STEP][PASSED] - Statement - PreSaveFile = new java.io.File(((pathPrefix + java.lang.Integer.toString(counter)) + .png)): null

2018-12-13 13:45:28 - [TEST_STEP][PASSED] - Statement - counter = counter + 1: null

2018-12-13 13:45:28 - [TEST_STEP][PASSED] - Statement - PreSaveFile = new java.io.File(((pathPrefix + java.lang.Integer.toString(counter)) + .png)): null

2018-12-13 13:45:28 - [TEST_STEP][PASSED] - Statement - counter = counter + 1: null

2018-12-13 13:45:28 - [TEST_STEP][PASSED] - Statement - PreSaveFile = new java.io.File(((pathPrefix + java.lang.Integer.toString(counter)) + .png)): null

2018-12-13 13:45:28 - [TEST_STEP][PASSED] - Statement - counter = counter + 1: null

2018-12-13 13:45:28 - [TEST_STEP][PASSED] - Statement - PreSaveFile = new java.io.File(((pathPrefix + java.lang.Integer.toString(counter)) + .png)): null

2018-12-13 13:45:28 - [TEST_STEP][PASSED] - Statement - counter = counter + 1: null

2018-12-13 13:45:28 - [TEST_STEP][PASSED] - Statement - PreSaveFile = new java.io.File(((pathPrefix + java.lang.Integer.toString(counter)) + .png)): null

2018-12-13 13:45:28 - [TEST_STEP][PASSED] - Statement - counter = counter + 1: null

2018-12-13 13:45:28 - [TEST_STEP][PASSED] - Statement - PreSaveFile = new java.io.File(((pathPrefix + java.lang.Integer.toString(counter)) + .png)): null

2018-12-13 13:45:28 - [TEST_STEP][PASSED] - Statement - counter = counter + 1: null

2018-12-13 13:45:28 - [TEST_STEP][PASSED] - Statement - PreSaveFile = new java.io.File(((pathPrefix + java.lang.Integer.toString(counter)) + .png)): null

2018-12-13 13:45:28 - [TEST_STEP][PASSED] - Statement - counter = counter + 1: null

2018-12-13 13:45:28 - [TEST_STEP][PASSED] - Statement - PreSaveFile = new java.io.File(((pathPrefix + java.lang.Integer.toString(counter)) + .png)): null

2018-12-13 13:45:28 - [TEST_STEP][PASSED] - Statement - counter = counter + 1: null

2018-12-13 13:45:28 - [TEST_STEP][PASSED] - Statement - PreSaveFile = new java.io.File(((pathPrefix + java.lang.Integer.toString(counter)) + .png)): null

2018-12-13 13:45:28 - [TEST_STEP][PASSED] - Statement - counter = counter + 1: null

2018-12-13 13:45:28 - [TEST_STEP][PASSED] - Statement - PreSaveFile = new java.io.File(((pathPrefix + java.lang.Integer.toString(counter)) + .png)): null

2018-12-13 13:45:28 - [TEST_STEP][PASSED] - Statement - counter = counter + 1: null

2018-12-13 13:45:28 - [TEST_STEP][PASSED] - Statement - PreSaveFile = new java.io.File(((pathPrefix + java.lang.Integer.toString(counter)) + .png)): null

2018-12-13 13:45:28 - [TEST_STEP][PASSED] - Statement - counter = counter + 1: null

2018-12-13 13:45:28 - [TEST_STEP][PASSED] - Statement - PreSaveFile = new java.io.File(((pathPrefix + java.lang.Integer.toString(counter)) + .png)): null

2018-12-13 13:45:28 - [TEST_STEP][PASSED] - Statement - counter = counter + 1: null

2018-12-13 13:45:28 - [TEST_STEP][PASSED] - Statement - PreSaveFile = new java.io.File(((pathPrefix + java.lang.Integer.toString(counter)) + .png)): null

2018-12-13 13:45:28 - [TEST_STEP][PASSED] - Statement - counter = counter + 1: null

2018-12-13 13:45:28 - [TEST_STEP][PASSED] - Statement - PreSaveFile = new java.io.File(((pathPrefix + java.lang.Integer.toString(counter)) + .png)): null

2018-12-13 13:45:28 - [TEST_STEP][PASSED] - Statement - counter = counter + 1: null

2018-12-13 13:45:28 - [TEST_STEP][PASSED] - Statement - PreSaveFile = new java.io.File(((pathPrefix + java.lang.Integer.toString(counter)) + .png)): null

2018-12-13 13:45:28 - [TEST_STEP][PASSED] - Statement - counter = counter + 1: null

2018-12-13 13:45:28 - [TEST_STEP][PASSED] - Statement - PreSaveFile = new java.io.File(((pathPrefix + java.lang.Integer.toString(counter)) + .png)): null

2018-12-13 13:45:28 - [TEST_STEP][PASSED] - Statement - counter = counter + 1: null

2018-12-13 13:45:28 - [TEST_STEP][PASSED] - Statement - PreSaveFile = new java.io.File(((pathPrefix + java.lang.Integer.toString(counter)) + .png)): null

2018-12-13 13:45:28 - [TEST_STEP][PASSED] - Statement - counter = counter + 1: null

2018-12-13 13:45:28 - [TEST_STEP][PASSED] - Statement - PreSaveFile = new java.io.File(((pathPrefix + java.lang.Integer.toString(counter)) + .png)): null

2018-12-13 13:45:28 - [TEST_STEP][PASSED] - Statement - counter = counter + 1: null

2018-12-13 13:45:28 - [TEST_STEP][PASSED] - Statement - PreSaveFile = new java.io.File(((pathPrefix + java.lang.Integer.toString(counter)) + .png)): null

2018-12-13 13:45:28 - [TEST_STEP][PASSED] - Statement - counter = counter + 1: null

2018-12-13 13:45:28 - [TEST_STEP][PASSED] - Statement - PreSaveFile = new java.io.File(((pathPrefix + java.lang.Integer.toString(counter)) + .png)): null

2018-12-13 13:45:28 - [TEST_STEP][PASSED] - Statement - counter = counter + 1: null

2018-12-13 13:45:28 - [TEST_STEP][PASSED] - Statement - PreSaveFile = new java.io.File(((pathPrefix + java.lang.Integer.toString(counter)) + .png)): null

2018-12-13 13:45:28 - [TEST_STEP][PASSED] - Statement - counter = counter + 1: null

2018-12-13 13:45:28 - [TEST_STEP][PASSED] - Statement - PreSaveFile = new java.io.File(((pathPrefix + java.lang.Integer.toString(counter)) + .png)): null

2018-12-13 13:45:28 - [TEST_STEP][PASSED] - Statement - counter = counter + 1: null

2018-12-13 13:45:28 - [TEST_STEP][PASSED] - Statement - PreSaveFile = new java.io.File(((pathPrefix + java.lang.Integer.toString(counter)) + .png)): null

2018-12-13 13:45:28 - [TEST_STEP][PASSED] - Statement - counter = counter + 1: null

2018-12-13 13:45:28 - [TEST_STEP][PASSED] - Statement - PreSaveFile = new java.io.File(((pathPrefix + java.lang.Integer.toString(counter)) + .png)): null

2018-12-13 13:45:28 - [TEST_STEP][PASSED] - Statement - counter = counter + 1: null

2018-12-13 13:45:28 - [TEST_STEP][PASSED] - Statement - PreSaveFile = new java.io.File(((pathPrefix + java.lang.Integer.toString(counter)) + .png)): null

2018-12-13 13:45:28 - [TEST_STEP][PASSED] - Statement - counter = counter + 1: null

2018-12-13 13:45:28 - [TEST_STEP][PASSED] - Statement - PreSaveFile = new java.io.File(((pathPrefix + java.lang.Integer.toString(counter)) + .png)): null

2018-12-13 13:45:28 - [TEST_STEP][PASSED] - Statement - counter = counter + 1: null

2018-12-13 13:45:28 - [TEST_STEP][PASSED] - Statement - PreSaveFile = new java.io.File(((pathPrefix + java.lang.Integer.toString(counter)) + .png)): null

2018-12-13 13:45:28 - [TEST_STEP][PASSED] - Statement - counter = counter + 1: null

2018-12-13 13:45:28 - [TEST_STEP][PASSED] - Statement - PreSaveFile = new java.io.File(((pathPrefix + java.lang.Integer.toString(counter)) + .png)): null

2018-12-13 13:45:28 - [TEST_STEP][PASSED] - Statement - counter = counter + 1: null

2018-12-13 13:45:28 - [TEST_STEP][PASSED] - Statement - PreSaveFile = new java.io.File(((pathPrefix + java.lang.Integer.toString(counter)) + .png)): null

2018-12-13 13:45:28 - [TEST_STEP][PASSED] - Statement - counter = counter + 1: null

2018-12-13 13:45:28 - [TEST_STEP][PASSED] - Statement - PreSaveFile = new java.io.File(((pathPrefix + java.lang.Integer.toString(counter)) + .png)): null

2018-12-13 13:45:28 - [TEST_STEP][PASSED] - Statement - counter = counter + 1: null

2018-12-13 13:45:28 - [TEST_STEP][PASSED] - Statement - PreSaveFile = new java.io.File(((pathPrefix + java.lang.Integer.toString(counter)) + .png)): null

2018-12-13 13:45:28 - [TEST_STEP][PASSED] - Statement - counter = counter + 1: null

2018-12-13 13:45:28 - [TEST_STEP][PASSED] - Statement - PreSaveFile = new java.io.File(((pathPrefix + java.lang.Integer.toString(counter)) + .png)): null

2018-12-13 13:45:28 - [TEST_STEP][PASSED] - Statement - counter = counter + 1: null

2018-12-13 13:45:28 - [TEST_STEP][PASSED] - Statement - PreSaveFile = new java.io.File(((pathPrefix + java.lang.Integer.toString(counter)) + .png)): null

2018-12-13 13:45:28 - [TEST_STEP][PASSED] - Statement - counter = counter + 1: null

2018-12-13 13:45:28 - [TEST_STEP][PASSED] - Statement - PreSaveFile = new java.io.File(((pathPrefix + java.lang.Integer.toString(counter)) + .png)): null

2018-12-13 13:45:28 - [TEST_STEP][PASSED] - Statement - counter = counter + 1: null

2018-12-13 13:45:28 - [TEST_STEP][PASSED] - Statement - PreSaveFile = new java.io.File(((pathPrefix + java.lang.Integer.toString(counter)) + .png)): null

2018-12-13 13:45:28 - [TEST_STEP][PASSED] - Statement - counter = counter + 1: null

2018-12-13 13:45:28 - [TEST_STEP][PASSED] - Statement - PreSaveFile = new java.io.File(((pathPrefix + java.lang.Integer.toString(counter)) + .png)): null

2018-12-13 13:45:28 - [TEST_STEP][PASSED] - Statement - counter = counter + 1: null

2018-12-13 13:45:28 - [TEST_STEP][PASSED] - Statement - PreSaveFile = new java.io.File(((pathPrefix + java.lang.Integer.toString(counter)) + .png)): null

2018-12-13 13:45:28 - [TEST_STEP][PASSED] - Statement - counter = counter + 1: null

2018-12-13 13:45:28 - [TEST_STEP][PASSED] - Statement - PreSaveFile = new java.io.File(((pathPrefix + java.lang.Integer.toString(counter)) + .png)): null

2018-12-13 13:45:28 - [TEST_STEP][PASSED] - Statement - counter = counter + 1: null

2018-12-13 13:45:28 - [TEST_STEP][PASSED] - Statement - PreSaveFile = new java.io.File(((pathPrefix + java.lang.Integer.toString(counter)) + .png)): null

2018-12-13 13:45:28 - [TEST_STEP][PASSED] - Statement - counter = counter + 1: null

2018-12-13 13:45:28 - [TEST_STEP][PASSED] - Statement - PreSaveFile = new java.io.File(((pathPrefix + java.lang.Integer.toString(counter)) + .png)): null

2018-12-13 13:45:28 - [TEST_STEP][PASSED] - Statement - counter = counter + 1: null

2018-12-13 13:45:28 - [TEST_STEP][PASSED] - Statement - PreSaveFile = new java.io.File(((pathPrefix + java.lang.Integer.toString(counter)) + .png)): null

2018-12-13 13:45:28 - [TEST_STEP][PASSED] - Statement - counter = counter + 1: null

2018-12-13 13:45:28 - [TEST_STEP][PASSED] - Statement - PreSaveFile = new java.io.File(((pathPrefix + java.lang.Integer.toString(counter)) + .png)): null

2018-12-13 13:45:28 - [TEST_STEP][PASSED] - Statement - counter = counter + 1: null

2018-12-13 13:45:28 - [TEST_STEP][PASSED] - Statement - PreSaveFile = new java.io.File(((pathPrefix + java.lang.Integer.toString(counter)) + .png)): null

2018-12-13 13:45:28 - [TEST_STEP][PASSED] - Statement - counter = counter + 1: null

2018-12-13 13:45:28 - [TEST_STEP][PASSED] - Statement - PreSaveFile = new java.io.File(((pathPrefix + java.lang.Integer.toString(counter)) + .png)): null

2018-12-13 13:45:28 - [TEST_STEP][PASSED] - Statement - counter = counter + 1: null

2018-12-13 13:45:28 - [TEST_STEP][PASSED] - Statement - PreSaveFile = new java.io.File(((pathPrefix + java.lang.Integer.toString(counter)) + .png)): null

2018-12-13 13:45:28 - [TEST_STEP][PASSED] - Statement - counter = counter + 1: null

2018-12-13 13:45:28 - [TEST_STEP][PASSED] - Statement - PreSaveFile = new java.io.File(((pathPrefix + java.lang.Integer.toString(counter)) + .png)): null

2018-12-13 13:45:28 - [TEST_STEP][PASSED] - Statement - counter = counter + 1: null

2018-12-13 13:45:28 - [TEST_STEP][PASSED] - Statement - PreSaveFile = new java.io.File(((pathPrefix + java.lang.Integer.toString(counter)) + .png)): null

2018-12-13 13:45:28 - [TEST_STEP][PASSED] - Statement - counter = counter + 1: null

2018-12-13 13:45:28 - [TEST_STEP][PASSED] - Statement - PreSaveFile = new java.io.File(((pathPrefix + java.lang.Integer.toString(counter)) + .png)): null

2018-12-13 13:45:28 - [TEST_STEP][PASSED] - Statement - counter = counter + 1: null

2018-12-13 13:45:28 - [TEST_STEP][PASSED] - Statement - PreSaveFile = new java.io.File(((pathPrefix + java.lang.Integer.toString(counter)) + .png)): null

2018-12-13 13:45:28 - [TEST_STEP][PASSED] - Statement - counter = counter + 1: null

2018-12-13 13:45:28 - [TEST_STEP][PASSED] - Statement - PreSaveFile = new java.io.File(((pathPrefix + java.lang.Integer.toString(counter)) + .png)): null

2018-12-13 13:45:28 - [TEST_STEP][PASSED] - Statement - counter = counter + 1: null

2018-12-13 13:45:28 - [TEST_STEP][PASSED] - Statement - PreSaveFile = new java.io.File(((pathPrefix + java.lang.Integer.toString(counter)) + .png)): null

2018-12-13 13:45:28 - [TEST_STEP][PASSED] - Statement - counter = counter + 1: null

2018-12-13 13:45:28 - [TEST_STEP][PASSED] - Statement - PreSaveFile = new java.io.File(((pathPrefix + java.lang.Integer.toString(counter)) + .png)): null

2018-12-13 13:45:28 - [TEST_STEP][PASSED] - Statement - counter = counter + 1: null

2018-12-13 13:45:28 - [TEST_STEP][PASSED] - Statement - PreSaveFile = new java.io.File(((pathPrefix + java.lang.Integer.toString(counter)) + .png)): null

2018-12-13 13:45:28 - [TEST_STEP][PASSED] - Statement - counter = counter + 1: null

2018-12-13 13:45:28 - [TEST_STEP][PASSED] - Statement - PreSaveFile = new java.io.File(((pathPrefix + java.lang.Integer.toString(counter)) + .png)): null

2018-12-13 13:45:28 - [TEST_STEP][PASSED] - Statement - counter = counter + 1: null

2018-12-13 13:45:28 - [TEST_STEP][PASSED] - Statement - PreSaveFile = new java.io.File(((pathPrefix + java.lang.Integer.toString(counter)) + .png)): null

2018-12-13 13:45:28 - [TEST_STEP][PASSED] - Statement - counter = counter + 1: null

2018-12-13 13:45:28 - [TEST_STEP][PASSED] - Statement - PreSaveFile = new java.io.File(((pathPrefix + java.lang.Integer.toString(counter)) + .png)): null

2018-12-13 13:45:28 - [TEST_STEP][PASSED] - Statement - counter = counter + 1: null

2018-12-13 13:45:28 - [TEST_STEP][PASSED] - Statement - PreSaveFile = new java.io.File(((pathPrefix + java.lang.Integer.toString(counter)) + .png)): null

2018-12-13 13:45:28 - [TEST_STEP][PASSED] - Statement - counter = counter + 1: null

2018-12-13 13:45:28 - [TEST_STEP][PASSED] - Statement - PreSaveFile = new java.io.File(((pathPrefix + java.lang.Integer.toString(counter)) + .png)): null

2018-12-13 13:45:28 - [TEST_STEP][PASSED] - Statement - counter = counter + 1: null

2018-12-13 13:45:28 - [TEST_STEP][PASSED] - Statement - PreSaveFile = new java.io.File(((pathPrefix + java.lang.Integer.toString(counter)) + .png)): null

2018-12-13 13:45:28 - [TEST_STEP][PASSED] - Statement - counter = counter + 1: null

2018-12-13 13:45:28 - [TEST_STEP][PASSED] - Statement - PreSaveFile = new java.io.File(((pathPrefix + java.lang.Integer.toString(counter)) + .png)): null

2018-12-13 13:45:28 - [TEST_STEP][PASSED] - Statement - counter = counter + 1: null

2018-12-13 13:45:28 - [TEST_STEP][PASSED] - Statement - PreSaveFile = new java.io.File(((pathPrefix + java.lang.Integer.toString(counter)) + .png)): null

2018-12-13 13:45:28 - [TEST_STEP][PASSED] - Statement - counter = counter + 1: null

2018-12-13 13:45:28 - [TEST_STEP][PASSED] - Statement - PreSaveFile = new java.io.File(((pathPrefix + java.lang.Integer.toString(counter)) + .png)): null

2018-12-13 13:45:28 - [TEST_STEP][PASSED] - Statement - counter = counter + 1: null

2018-12-13 13:45:28 - [TEST_STEP][PASSED] - Statement - PreSaveFile = new java.io.File(((pathPrefix + java.lang.Integer.toString(counter)) + .png)): null

2018-12-13 13:45:28 - [TEST_STEP][PASSED] - Statement - counter = counter + 1: null

2018-12-13 13:45:28 - [TEST_STEP][PASSED] - Statement - PreSaveFile = new java.io.File(((pathPrefix + java.lang.Integer.toString(counter)) + .png)): null

2018-12-13 13:45:28 - [TEST_STEP][PASSED] - Statement - counter = counter + 1: null

2018-12-13 13:45:28 - [TEST_STEP][PASSED] - Statement - PreSaveFile = new java.io.File(((pathPrefix + java.lang.Integer.toString(counter)) + .png)): null

2018-12-13 13:45:28 - [TEST_STEP][PASSED] - Statement - counter = counter + 1: null

2018-12-13 13:45:28 - [TEST_STEP][PASSED] - Statement - PreSaveFile = new java.io.File(((pathPrefix + java.lang.Integer.toString(counter)) + .png)): null

2018-12-13 13:45:28 - [TEST_STEP][PASSED] - Statement - counter = counter + 1: null

2018-12-13 13:45:28 - [TEST_STEP][PASSED] - Statement - PreSaveFile = new java.io.File(((pathPrefix + java.lang.Integer.toString(counter)) + .png)): null

2018-12-13 13:45:28 - [TEST_STEP][PASSED] - Statement - counter = counter + 1: null

2018-12-13 13:45:28 - [TEST_STEP][PASSED] - Statement - PreSaveFile = new java.io.File(((pathPrefix + java.lang.Integer.toString(counter)) + .png)): null

2018-12-13 13:45:28 - [TEST_STEP][PASSED] - Statement - counter = counter + 1: null

2018-12-13 13:45:28 - [TEST_STEP][PASSED] - Statement - PreSaveFile = new java.io.File(((pathPrefix + java.lang.Integer.toString(counter)) + .png)): null

2018-12-13 13:45:28 - [TEST_STEP][PASSED] - Statement - counter = counter + 1: null

2018-12-13 13:45:28 - [TEST_STEP][PASSED] - Statement - PreSaveFile = new java.io.File(((pathPrefix + java.lang.Integer.toString(counter)) + .png)): null

2018-12-13 13:45:28 - [TEST_STEP][PASSED] - Statement - counter = counter + 1: null

2018-12-13 13:45:28 - [TEST_STEP][PASSED] - Statement - PreSaveFile = new java.io.File(((pathPrefix + java.lang.Integer.toString(counter)) + .png)): null

2018-12-13 13:45:28 - [TEST_STEP][PASSED] - Statement - counter = counter + 1: null

2018-12-13 13:45:28 - [TEST_STEP][PASSED] - Statement - PreSaveFile = new java.io.File(((pathPrefix + java.lang.Integer.toString(counter)) + .png)): null

2018-12-13 13:45:28 - [TEST_STEP][PASSED] - Statement - counter = counter + 1: null

2018-12-13 13:45:28 - [TEST_STEP][PASSED] - Statement - PreSaveFile = new java.io.File(((pathPrefix + java.lang.Integer.toString(counter)) + .png)): null

2018-12-13 13:45:28 - [TEST_STEP][PASSED] - Statement - counter = counter + 1: null

2018-12-13 13:45:28 - [TEST_STEP][PASSED] - Statement - PreSaveFile = new java.io.File(((pathPrefix + java.lang.Integer.toString(counter)) + .png)): null

2018-12-13 13:45:28 - [TEST_STEP][PASSED] - Statement - counter = counter + 1: null

2018-12-13 13:45:28 - [TEST_STEP][PASSED] - Statement - PreSaveFile = new java.io.File(((pathPrefix + java.lang.Integer.toString(counter)) + .png)): null

2018-12-13 13:45:28 - [TEST_STEP][PASSED] - Statement - counter = counter + 1: null

2018-12-13 13:45:28 - [TEST_STEP][PASSED] - Statement - PreSaveFile = new java.io.File(((pathPrefix + java.lang.Integer.toString(counter)) + .png)): null

2018-12-13 13:45:28 - [TEST_STEP][PASSED] - Statement - counter = counter + 1: null

2018-12-13 13:45:28 - [TEST_STEP][PASSED] - Statement - PreSaveFile = new java.io.File(((pathPrefix + java.lang.Integer.toString(counter)) + .png)): null

2018-12-13 13:45:28 - [TEST_STEP][PASSED] - Statement - counter = counter + 1: null

2018-12-13 13:45:28 - [TEST_STEP][PASSED] - Statement - PreSaveFile = new java.io.File(((pathPrefix + java.lang.Integer.toString(counter)) + .png)): null

2018-12-13 13:45:28 - [TEST_STEP][PASSED] - Statement - counter = counter + 1: null

2018-12-13 13:45:28 - [TEST_STEP][PASSED] - Statement - PreSaveFile = new java.io.File(((pathPrefix + java.lang.Integer.toString(counter)) + .png)): null

2018-12-13 13:45:28 - [TEST_STEP][PASSED] - Statement - counter = counter + 1: null

2018-12-13 13:45:28 - [TEST_STEP][PASSED] - Statement - PreSaveFile = new java.io.File(((pathPrefix + java.lang.Integer.toString(counter)) + .png)): null

2018-12-13 13:45:28 - [TEST_STEP][PASSED] - Statement - counter = counter + 1: null

2018-12-13 13:45:28 - [TEST_STEP][PASSED] - Statement - PreSaveFile = new java.io.File(((pathPrefix + java.lang.Integer.toString(counter)) + .png)): null

2018-12-13 13:45:28 - [TEST_STEP][PASSED] - Statement - counter = counter + 1: null

2018-12-13 13:45:28 - [TEST_STEP][PASSED] - Statement - PreSaveFile = new java.io.File(((pathPrefix + java.lang.Integer.toString(counter)) + .png)): null

2018-12-13 13:45:28 - [TEST_STEP][PASSED] - Statement - counter = counter + 1: null

2018-12-13 13:45:28 - [TEST_STEP][PASSED] - Statement - PreSaveFile = new java.io.File(((pathPrefix + java.lang.Integer.toString(counter)) + .png)): null

2018-12-13 13:45:28 - [TEST_STEP][PASSED] - Statement - counter = counter + 1: null

2018-12-13 13:45:28 - [TEST_STEP][PASSED] - Statement - PreSaveFile = new java.io.File(((pathPrefix + java.lang.Integer.toString(counter)) + .png)): null

2018-12-13 13:45:28 - [TEST_STEP][PASSED] - Statement - counter = counter + 1: null

2018-12-13 13:45:28 - [TEST_STEP][PASSED] - Statement - PreSaveFile = new java.io.File(((pathPrefix + java.lang.Integer.toString(counter)) + .png)): null

2018-12-13 13:45:28 - [TEST_STEP][PASSED] - Statement - counter = counter + 1: null

2018-12-13 13:45:28 - [TEST_STEP][PASSED] - Statement - PreSaveFile = new java.io.File(((pathPrefix + java.lang.Integer.toString(counter)) + .png)): null

2018-12-13 13:45:28 - [TEST_STEP][PASSED] - Statement - counter = counter + 1: null

2018-12-13 13:45:28 - [TEST_STEP][PASSED] - Statement - PreSaveFile = new java.io.File(((pathPrefix + java.lang.Integer.toString(counter)) + .png)): null

2018-12-13 13:45:28 - [TEST_STEP][PASSED] - Statement - counter = counter + 1: null

2018-12-13 13:45:29 - [TEST_STEP][PASSED] - Statement - PreSaveFile = new java.io.File(((pathPrefix + java.lang.Integer.toString(counter)) + .png)): null

2018-12-13 13:45:29 - [TEST_STEP][PASSED] - Statement - counter = counter + 1: null

2018-12-13 13:45:29 - [TEST_STEP][PASSED] - Statement - PreSaveFile = new java.io.File(((pathPrefix + java.lang.Integer.toString(counter)) + .png)): null

2018-12-13 13:45:29 - [TEST_STEP][PASSED] - Statement - counter = counter + 1: null

2018-12-13 13:45:29 - [TEST_STEP][PASSED] - Statement - PreSaveFile = new java.io.File(((pathPrefix + java.lang.Integer.toString(counter)) + .png)): null

2018-12-13 13:45:29 - [TEST_STEP][PASSED] - Statement - counter = counter + 1: null

2018-12-13 13:45:29 - [TEST_STEP][PASSED] - Statement - PreSaveFile = new java.io.File(((pathPrefix + java.lang.Integer.toString(counter)) + .png)): null

2018-12-13 13:45:29 - [TEST_STEP][PASSED] - Statement - counter = counter + 1: null

2018-12-13 13:45:29 - [TEST_STEP][PASSED] - Statement - PreSaveFile = new java.io.File(((pathPrefix + java.lang.Integer.toString(counter)) + .png)): null

2018-12-13 13:45:29 - [TEST_STEP][PASSED] - Statement - counter = counter + 1: null

2018-12-13 13:45:29 - [TEST_STEP][PASSED] - Statement - PreSaveFile = new java.io.File(((pathPrefix + java.lang.Integer.toString(counter)) + .png)): null

2018-12-13 13:45:29 - [TEST_STEP][PASSED] - Statement - counter = counter + 1: null

2018-12-13 13:45:29 - [TEST_STEP][PASSED] - Statement - PreSaveFile = new java.io.File(((pathPrefix + java.lang.Integer.toString(counter)) + .png)): null

2018-12-13 13:45:29 - [TEST_STEP][PASSED] - Statement - counter = counter + 1: null

2018-12-13 13:45:29 - [TEST_STEP][PASSED] - Statement - PreSaveFile = new java.io.File(((pathPrefix + java.lang.Integer.toString(counter)) + .png)): null

2018-12-13 13:45:29 - [TEST_STEP][PASSED] - Statement - counter = counter + 1: null

2018-12-13 13:45:29 - [TEST_STEP][PASSED] - Statement - PreSaveFile = new java.io.File(((pathPrefix + java.lang.Integer.toString(counter)) + .png)): null

2018-12-13 13:45:29 - [TEST_STEP][PASSED] - Statement - counter = counter + 1: null

2018-12-13 13:45:29 - [TEST_STEP][PASSED] - Statement - PreSaveFile = new java.io.File(((pathPrefix + java.lang.Integer.toString(counter)) + .png)): null

2018-12-13 13:45:29 - [TEST_STEP][PASSED] - Statement - counter = counter + 1: null

2018-12-13 13:45:29 - [TEST_STEP][PASSED] - Statement - PreSaveFile = new java.io.File(((pathPrefix + java.lang.Integer.toString(counter)) + .png)): null

2018-12-13 13:45:29 - [TEST_STEP][PASSED] - Statement - counter = counter + 1: null

2018-12-13 13:45:29 - [TEST_STEP][PASSED] - Statement - PreSaveFile = new java.io.File(((pathPrefix + java.lang.Integer.toString(counter)) + .png)): null

2018-12-13 13:45:29 - [TEST_STEP][PASSED] - Statement - counter = counter + 1: null

2018-12-13 13:45:29 - [TEST_STEP][PASSED] - Statement - PreSaveFile = new java.io.File(((pathPrefix + java.lang.Integer.toString(counter)) + .png)): null

2018-12-13 13:45:29 - [TEST_STEP][PASSED] - Statement - counter = counter + 1: null

2018-12-13 13:45:29 - [TEST_STEP][PASSED] - Statement - PreSaveFile = new java.io.File(((pathPrefix + java.lang.Integer.toString(counter)) + .png)): null

2018-12-13 13:45:29 - [TEST_STEP][PASSED] - Statement - counter = counter + 1: null

2018-12-13 13:45:29 - [TEST_STEP][PASSED] - Statement - PreSaveFile = new java.io.File(((pathPrefix + java.lang.Integer.toString(counter)) + .png)): null

2018-12-13 13:45:29 - [TEST_STEP][PASSED] - Statement - counter = counter + 1: null

2018-12-13 13:45:29 - [TEST_STEP][PASSED] - Statement - PreSaveFile = new java.io.File(((pathPrefix + java.lang.Integer.toString(counter)) + .png)): null

2018-12-13 13:45:29 - [TEST_STEP][PASSED] - Statement - counter = counter + 1: null

2018-12-13 13:45:29 - [TEST_STEP][PASSED] - Statement - PreSaveFile = new java.io.File(((pathPrefix + java.lang.Integer.toString(counter)) + .png)): null

2018-12-13 13:45:29 - [TEST_STEP][PASSED] - Statement - counter = counter + 1: null

2018-12-13 13:45:29 - [TEST_STEP][PASSED] - Statement - PreSaveFile = new java.io.File(((pathPrefix + java.lang.Integer.toString(counter)) + .png)): null

2018-12-13 13:45:29 - [TEST_STEP][PASSED] - Statement - counter = counter + 1: null

2018-12-13 13:45:29 - [TEST_STEP][PASSED] - Statement - PreSaveFile = new java.io.File(((pathPrefix + java.lang.Integer.toString(counter)) + .png)): null

2018-12-13 13:45:29 - [TEST_STEP][PASSED] - Statement - counter = counter + 1: null

2018-12-13 13:45:29 - [TEST_STEP][PASSED] - Statement - PreSaveFile = new java.io.File(((pathPrefix + java.lang.Integer.toString(counter)) + .png)): null

2018-12-13 13:45:29 - [TEST_STEP][PASSED] - Statement - counter = counter + 1: null

2018-12-13 13:45:29 - [TEST_STEP][PASSED] - Statement - PreSaveFile = new java.io.File(((pathPrefix + java.lang.Integer.toString(counter)) + .png)): null

2018-12-13 13:45:29 - [TEST_STEP][PASSED] - Statement - counter = counter + 1: null

2018-12-13 13:45:29 - [TEST_STEP][PASSED] - Statement - PreSaveFile = new java.io.File(((pathPrefix + java.lang.Integer.toString(counter)) + .png)): null

2018-12-13 13:45:29 - [TEST_STEP][PASSED] - Statement - counter = counter + 1: null

2018-12-13 13:45:29 - [TEST_STEP][PASSED] - Statement - PreSaveFile = new java.io.File(((pathPrefix + java.lang.Integer.toString(counter)) + .png)): null

2018-12-13 13:45:29 - [TEST_STEP][PASSED] - Statement - counter = counter + 1: null

2018-12-13 13:45:29 - [TEST_STEP][PASSED] - Statement - PreSaveFile = new java.io.File(((pathPrefix + java.lang.Integer.toString(counter)) + .png)): null

2018-12-13 13:45:29 - [TEST_STEP][PASSED] - Statement - counter = counter + 1: null

2018-12-13 13:45:29 - [TEST_STEP][PASSED] - Statement - PreSaveFile = new java.io.File(((pathPrefix + java.lang.Integer.toString(counter)) + .png)): null

2018-12-13 13:45:29 - [TEST_STEP][PASSED] - Statement - counter = counter + 1: null

2018-12-13 13:45:29 - [TEST_STEP][PASSED] - Statement - PreSaveFile = new java.io.File(((pathPrefix + java.lang.Integer.toString(counter)) + .png)): null

2018-12-13 13:45:29 - [TEST_STEP][PASSED] - Statement - counter = counter + 1: null

2018-12-13 13:45:29 - [TEST_STEP][PASSED] - Statement - PreSaveFile = new java.io.File(((pathPrefix + java.lang.Integer.toString(counter)) + .png)): null

2018-12-13 13:45:29 - [TEST_STEP][PASSED] - Statement - counter = counter + 1: null

2018-12-13 13:45:29 - [TEST_STEP][PASSED] - Statement - PreSaveFile = new java.io.File(((pathPrefix + java.lang.Integer.toString(counter)) + .png)): null

2018-12-13 13:45:29 - [TEST_STEP][PASSED] - Statement - counter = counter + 1: null

2018-12-13 13:45:29 - [TEST_STEP][PASSED] - Statement - PreSaveFile = new java.io.File(((pathPrefix + java.lang.Integer.toString(counter)) + .png)): null

2018-12-13 13:45:29 - [TEST_STEP][PASSED] - Statement - counter = counter + 1: null

2018-12-13 13:45:29 - [TEST_STEP][PASSED] - Statement - PreSaveFile = new java.io.File(((pathPrefix + java.lang.Integer.toString(counter)) + .png)): null

2018-12-13 13:45:29 - [TEST_STEP][PASSED] - Statement - counter = counter + 1: null

2018-12-13 13:45:29 - [TEST_STEP][PASSED] - Statement - PreSaveFile = new java.io.File(((pathPrefix + java.lang.Integer.toString(counter)) + .png)): null

2018-12-13 13:45:29 - [TEST_STEP][PASSED] - Statement - counter = counter + 1: null

2018-12-13 13:45:29 - [TEST_STEP][PASSED] - Statement - PreSaveFile = new java.io.File(((pathPrefix + java.lang.Integer.toString(counter)) + .png)): null

2018-12-13 13:45:29 - [TEST_STEP][PASSED] - Statement - counter = counter + 1: null

2018-12-13 13:45:29 - [TEST_STEP][PASSED] - Statement - PreSaveFile = new java.io.File(((pathPrefix + java.lang.Integer.toString(counter)) + .png)): null

2018-12-13 13:45:29 - [TEST_STEP][PASSED] - Statement - counter = counter + 1: null

2018-12-13 13:45:29 - [TEST_STEP][PASSED] - Statement - PreSaveFile = new java.io.File(((pathPrefix + java.lang.Integer.toString(counter)) + .png)): null

2018-12-13 13:45:29 - [TEST_STEP][PASSED] - Statement - counter = counter + 1: null

2018-12-13 13:45:29 - [TEST_STEP][PASSED] - Statement - PreSaveFile = new java.io.File(((pathPrefix + java.lang.Integer.toString(counter)) + .png)): null

2018-12-13 13:45:29 - [TEST_STEP][PASSED] - Statement - counter = counter + 1: null

2018-12-13 13:45:29 - [TEST_STEP][PASSED] - Statement - PreSaveFile = new java.io.File(((pathPrefix + java.lang.Integer.toString(counter)) + .png)): null

2018-12-13 13:45:29 - [TEST_STEP][PASSED] - Statement - counter = counter + 1: null

2018-12-13 13:45:29 - [TEST_STEP][PASSED] - Statement - PreSaveFile = new java.io.File(((pathPrefix + java.lang.Integer.toString(counter)) + .png)): null

2018-12-13 13:45:29 - [TEST_STEP][PASSED] - Statement - counter = counter + 1: null

2018-12-13 13:45:29 - [TEST_STEP][PASSED] - Statement - PreSaveFile = new java.io.File(((pathPrefix + java.lang.Integer.toString(counter)) + .png)): null

2018-12-13 13:45:29 - [TEST_STEP][PASSED] - Statement - counter = counter + 1: null

2018-12-13 13:45:29 - [TEST_STEP][PASSED] - Statement - PreSaveFile = new java.io.File(((pathPrefix + java.lang.Integer.toString(counter)) + .png)): null

2018-12-13 13:45:29 - [TEST_STEP][PASSED] - Statement - counter = counter + 1: null

2018-12-13 13:45:29 - [TEST_STEP][PASSED] - Statement - PreSaveFile = new java.io.File(((pathPrefix + java.lang.Integer.toString(counter)) + .png)): null

2018-12-13 13:45:29 - [TEST_STEP][PASSED] - Statement - counter = counter + 1: null

2018-12-13 13:45:29 - [TEST_STEP][PASSED] - Statement - PreSaveFile = new java.io.File(((pathPrefix + java.lang.Integer.toString(counter)) + .png)): null

2018-12-13 13:45:29 - [TEST_STEP][PASSED] - Statement - counter = counter + 1: null

2018-12-13 13:45:29 - [TEST_STEP][PASSED] - Statement - PreSaveFile = new java.io.File(((pathPrefix + java.lang.Integer.toString(counter)) + .png)): null

2018-12-13 13:45:29 - [TEST_STEP][PASSED] - Statement - counter = counter + 1: null

2018-12-13 13:45:29 - [TEST_STEP][PASSED] - Statement - PreSaveFile = new java.io.File(((pathPrefix + java.lang.Integer.toString(counter)) + .png)): null

2018-12-13 13:45:29 - [TEST_STEP][PASSED] - Statement - counter = counter + 1: null

2018-12-13 13:45:29 - [TEST_STEP][PASSED] - Statement - PreSaveFile = new java.io.File(((pathPrefix + java.lang.Integer.toString(counter)) + .png)): null

2018-12-13 13:45:29 - [TEST_STEP][PASSED] - Statement - counter = counter + 1: null

2018-12-13 13:45:29 - [TEST_STEP][PASSED] - Statement - PreSaveFile = new java.io.File(((pathPrefix + java.lang.Integer.toString(counter)) + .png)): null

2018-12-13 13:45:29 - [TEST_STEP][PASSED] - Statement - counter = counter + 1: null

2018-12-13 13:45:29 - [TEST_STEP][PASSED] - Statement - PreSaveFile = new java.io.File(((pathPrefix + java.lang.Integer.toString(counter)) + .png)): null

2018-12-13 13:45:29 - [TEST_STEP][PASSED] - Statement - counter = counter + 1: null

2018-12-13 13:45:29 - [TEST_STEP][PASSED] - Statement - PreSaveFile = new java.io.File(((pathPrefix + java.lang.Integer.toString(counter)) + .png)): null

2018-12-13 13:45:29 - [TEST_STEP][PASSED] - Statement - counter = counter + 1: null

2018-12-13 13:45:29 - [TEST_STEP][PASSED] - Statement - PreSaveFile = new java.io.File(((pathPrefix + java.lang.Integer.toString(counter)) + .png)): null

2018-12-13 13:45:29 - [TEST_STEP][PASSED] - Statement - counter = counter + 1: null

2018-12-13 13:45:29 - [TEST_STEP][PASSED] - Statement - PreSaveFile = new java.io.File(((pathPrefix + java.lang.Integer.toString(counter)) + .png)): null

2018-12-13 13:45:29 - [TEST_STEP][PASSED] - Statement - counter = counter + 1: null

2018-12-13 13:45:29 - [TEST_STEP][PASSED] - Statement - PreSaveFile = new java.io.File(((pathPrefix + java.lang.Integer.toString(counter)) + .png)): null

2018-12-13 13:45:29 - [TEST_STEP][PASSED] - Statement - counter = counter + 1: null

2018-12-13 13:45:29 - [TEST_STEP][PASSED] - Statement - PreSaveFile = new java.io.File(((pathPrefix + java.lang.Integer.toString(counter)) + .png)): null

2018-12-13 13:45:29 - [TEST_STEP][PASSED] - Statement - counter = counter + 1: null

2018-12-13 13:45:29 - [TEST_STEP][PASSED] - Statement - PreSaveFile = new java.io.File(((pathPrefix + java.lang.Integer.toString(counter)) + .png)): null

2018-12-13 13:45:29 - [TEST_STEP][PASSED] - Statement - counter = counter + 1: null

2018-12-13 13:45:29 - [TEST_STEP][PASSED] - Statement - PreSaveFile = new java.io.File(((pathPrefix + java.lang.Integer.toString(counter)) + .png)): null

2018-12-13 13:45:29 - [TEST_STEP][PASSED] - Statement - counter = counter + 1: null

2018-12-13 13:45:29 - [TEST_STEP][PASSED] - Statement - PreSaveFile = new java.io.File(((pathPrefix + java.lang.Integer.toString(counter)) + .png)): null

2018-12-13 13:45:29 - [TEST_STEP][PASSED] - Statement - counter = counter + 1: null

2018-12-13 13:45:29 - [TEST_STEP][PASSED] - Statement - PreSaveFile = new java.io.File(((pathPrefix + java.lang.Integer.toString(counter)) + .png)): null

2018-12-13 13:45:29 - [TEST_STEP][PASSED] - Statement - counter = counter + 1: null

2018-12-13 13:45:29 - [TEST_STEP][PASSED] - Statement - PreSaveFile = new java.io.File(((pathPrefix + java.lang.Integer.toString(counter)) + .png)): null

2018-12-13 13:45:29 - [TEST_STEP][PASSED] - Statement - counter = counter + 1: null

2018-12-13 13:45:29 - [TEST_STEP][PASSED] - Statement - PreSaveFile = new java.io.File(((pathPrefix + java.lang.Integer.toString(counter)) + .png)): null

2018-12-13 13:45:29 - [TEST_STEP][PASSED] - Statement - counter = counter + 1: null

2018-12-13 13:45:29 - [TEST_STEP][PASSED] - Statement - PreSaveFile = new java.io.File(((pathPrefix + java.lang.Integer.toString(counter)) + .png)): null

2018-12-13 13:45:29 - [TEST_STEP][PASSED] - Statement - counter = counter + 1: null

2018-12-13 13:45:29 - [TEST_STEP][PASSED] - Statement - PreSaveFile = new java.io.File(((pathPrefix + java.lang.Integer.toString(counter)) + .png)): null

2018-12-13 13:45:29 - [TEST_STEP][PASSED] - Statement - counter = counter + 1: null

2018-12-13 13:45:29 - [TEST_STEP][PASSED] - Statement - PreSaveFile = new java.io.File(((pathPrefix + java.lang.Integer.toString(counter)) + .png)): null

2018-12-13 13:45:29 - [TEST_STEP][PASSED] - Statement - counter = counter + 1: null

2018-12-13 13:45:29 - [TEST_STEP][PASSED] - Statement - PreSaveFile = new java.io.File(((pathPrefix + java.lang.Integer.toString(counter)) + .png)): null

2018-12-13 13:45:29 - [TEST_STEP][PASSED] - Statement - counter = counter + 1: null

2018-12-13 13:45:29 - [TEST_STEP][PASSED] - Statement - PreSaveFile = new java.io.File(((pathPrefix + java.lang.Integer.toString(counter)) + .png)): null

2018-12-13 13:45:29 - [TEST_STEP][PASSED] - Statement - counter = counter + 1: null

2018-12-13 13:45:29 - [TEST_STEP][PASSED] - Statement - PreSaveFile = new java.io.File(((pathPrefix + java.lang.Integer.toString(counter)) + .png)): null

2018-12-13 13:45:29 - [TEST_STEP][PASSED] - Statement - counter = counter + 1: null

2018-12-13 13:45:29 - [TEST_STEP][PASSED] - Statement - PreSaveFile = new java.io.File(((pathPrefix + java.lang.Integer.toString(counter)) + .png)): null

2018-12-13 13:45:29 - [TEST_STEP][PASSED] - Statement - counter = counter + 1: null

2018-12-13 13:45:29 - [TEST_STEP][PASSED] - Statement - PreSaveFile = new java.io.File(((pathPrefix + java.lang.Integer.toString(counter)) + .png)): null

2018-12-13 13:45:29 - [TEST_STEP][PASSED] - Statement - counter = counter + 1: null

2018-12-13 13:45:29 - [TEST_STEP][PASSED] - Statement - PreSaveFile = new java.io.File(((pathPrefix + java.lang.Integer.toString(counter)) + .png)): null

2018-12-13 13:45:29 - [TEST_STEP][PASSED] - Statement - counter = counter + 1: null

2018-12-13 13:45:29 - [TEST_STEP][PASSED] - Statement - PreSaveFile = new java.io.File(((pathPrefix + java.lang.Integer.toString(counter)) + .png)): null

2018-12-13 13:45:29 - [TEST_STEP][PASSED] - Statement - counter = counter + 1: null

2018-12-13 13:45:29 - [TEST_STEP][PASSED] - Statement - PreSaveFile = new java.io.File(((pathPrefix + java.lang.Integer.toString(counter)) + .png)): null

2018-12-13 13:45:29 - [TEST_STEP][PASSED] - Statement - counter = counter + 1: null

2018-12-13 13:45:29 - [TEST_STEP][PASSED] - Statement - PreSaveFile = new java.io.File(((pathPrefix + java.lang.Integer.toString(counter)) + .png)): null

2018-12-13 13:45:29 - [TEST_STEP][PASSED] - Statement - counter = counter + 1: null

2018-12-13 13:45:29 - [TEST_STEP][PASSED] - Statement - PreSaveFile = new java.io.File(((pathPrefix + java.lang.Integer.toString(counter)) + .png)): null

2018-12-13 13:45:29 - [TEST_STEP][PASSED] - Statement - counter = counter + 1: null

2018-12-13 13:45:29 - [TEST_STEP][PASSED] - Statement - PreSaveFile = new java.io.File(((pathPrefix + java.lang.Integer.toString(counter)) + .png)): null

2018-12-13 13:45:29 - [TEST_STEP][PASSED] - Statement - counter = counter + 1: null

2018-12-13 13:45:29 - [TEST_STEP][PASSED] - Statement - PreSaveFile = new java.io.File(((pathPrefix + java.lang.Integer.toString(counter)) + .png)): null

2018-12-13 13:45:29 - [TEST_STEP][PASSED] - Statement - counter = counter + 1: null

2018-12-13 13:45:29 - [TEST_STEP][PASSED] - Statement - PreSaveFile = new java.io.File(((pathPrefix + java.lang.Integer.toString(counter)) + .png)): null

2018-12-13 13:45:29 - [TEST_STEP][PASSED] - Statement - counter = counter + 1: null

2018-12-13 13:45:29 - [TEST_STEP][PASSED] - Statement - PreSaveFile = new java.io.File(((pathPrefix + java.lang.Integer.toString(counter)) + .png)): null

2018-12-13 13:45:29 - [TEST_STEP][PASSED] - Statement - counter = counter + 1: null

2018-12-13 13:45:29 - [TEST_STEP][PASSED] - Statement - PreSaveFile = new java.io.File(((pathPrefix + java.lang.Integer.toString(counter)) + .png)): null

2018-12-13 13:45:29 - [TEST_STEP][PASSED] - Statement - counter = counter + 1: null

2018-12-13 13:45:29 - [TEST_STEP][PASSED] - Statement - PreSaveFile = new java.io.File(((pathPrefix + java.lang.Integer.toString(counter)) + .png)): null

2018-12-13 13:45:29 - [TEST_STEP][PASSED] - Statement - counter = counter + 1: null

2018-12-13 13:45:29 - [TEST_STEP][PASSED] - Statement - PreSaveFile = new java.io.File(((pathPrefix + java.lang.Integer.toString(counter)) + .png)): null

2018-12-13 13:45:29 - [TEST_STEP][PASSED] - Statement - counter = counter + 1: null

2018-12-13 13:45:29 - [TEST_STEP][PASSED] - Statement - PreSaveFile = new java.io.File(((pathPrefix + java.lang.Integer.toString(counter)) + .png)): null

2018-12-13 13:45:29 - [TEST_STEP][PASSED] - Statement - counter = counter + 1: null

2018-12-13 13:45:29 - [TEST_STEP][PASSED] - Statement - PreSaveFile = new java.io.File(((pathPrefix + java.lang.Integer.toString(counter)) + .png)): null

2018-12-13 13:45:29 - [TEST_STEP][PASSED] - Statement - counter = counter + 1: null

2018-12-13 13:45:29 - [TEST_STEP][PASSED] - Statement - PreSaveFile = new java.io.File(((pathPrefix + java.lang.Integer.toString(counter)) + .png)): null

2018-12-13 13:45:29 - [TEST_STEP][PASSED] - Statement - counter = counter + 1: null

2018-12-13 13:45:29 - [TEST_STEP][PASSED] - Statement - PreSaveFile = new java.io.File(((pathPrefix + java.lang.Integer.toString(counter)) + .png)): null

2018-12-13 13:45:29 - [TEST_STEP][PASSED] - Statement - counter = counter + 1: null

2018-12-13 13:45:29 - [TEST_STEP][PASSED] - Statement - PreSaveFile = new java.io.File(((pathPrefix + java.lang.Integer.toString(counter)) + .png)): null

2018-12-13 13:45:29 - [TEST_STEP][PASSED] - Statement - counter = counter + 1: null

2018-12-13 13:45:29 - [TEST_STEP][PASSED] - Statement - PreSaveFile = new java.io.File(((pathPrefix + java.lang.Integer.toString(counter)) + .png)): null

2018-12-13 13:45:29 - [TEST_STEP][PASSED] - Statement - counter = counter + 1: null

2018-12-13 13:45:29 - [TEST_STEP][PASSED] - Statement - PreSaveFile = new java.io.File(((pathPrefix + java.lang.Integer.toString(counter)) + .png)): null

2018-12-13 13:45:29 - [TEST_STEP][PASSED] - Statement - counter = counter + 1: null

2018-12-13 13:45:29 - [TEST_STEP][PASSED] - Statement - PreSaveFile = new java.io.File(((pathPrefix + java.lang.Integer.toString(counter)) + .png)): null

2018-12-13 13:45:29 - [TEST_STEP][PASSED] - Statement - counter = counter + 1: null

2018-12-13 13:45:29 - [TEST_STEP][PASSED] - Statement - PreSaveFile = new java.io.File(((pathPrefix + java.lang.Integer.toString(counter)) + .png)): null

2018-12-13 13:45:29 - [TEST_STEP][PASSED] - Statement - counter = counter + 1: null

2018-12-13 13:45:29 - [TEST_STEP][PASSED] - Statement - PreSaveFile = new java.io.File(((pathPrefix + java.lang.Integer.toString(counter)) + .png)): null

2018-12-13 13:45:29 - [TEST_STEP][PASSED] - Statement - counter = counter + 1: null

2018-12-13 13:45:29 - [TEST_STEP][PASSED] - Statement - PreSaveFile = new java.io.File(((pathPrefix + java.lang.Integer.toString(counter)) + .png)): null

2018-12-13 13:45:29 - [TEST_STEP][PASSED] - Statement - counter = counter + 1: null

2018-12-13 13:45:29 - [TEST_STEP][PASSED] - Statement - PreSaveFile = new java.io.File(((pathPrefix + java.lang.Integer.toString(counter)) + .png)): null

2018-12-13 13:45:29 - [TEST_STEP][PASSED] - Statement - counter = counter + 1: null

2018-12-13 13:45:29 - [TEST_STEP][PASSED] - Statement - PreSaveFile = new java.io.File(((pathPrefix + java.lang.Integer.toString(counter)) + .png)): null

2018-12-13 13:45:29 - [TEST_STEP][PASSED] - Statement - counter = counter + 1: null

2018-12-13 13:45:29 - [TEST_STEP][PASSED] - Statement - PreSaveFile = new java.io.File(((pathPrefix + java.lang.Integer.toString(counter)) + .png)): null

2018-12-13 13:45:29 - [TEST_STEP][PASSED] - Statement - counter = counter + 1: null

2018-12-13 13:45:29 - [TEST_STEP][PASSED] - Statement - PreSaveFile = new java.io.File(((pathPrefix + java.lang.Integer.toString(counter)) + .png)): null

2018-12-13 13:45:29 - [TEST_STEP][PASSED] - Statement - counter = counter + 1: null

2018-12-13 13:45:29 - [TEST_STEP][PASSED] - Statement - PreSaveFile = new java.io.File(((pathPrefix + java.lang.Integer.toString(counter)) + .png)): null

2018-12-13 13:45:29 - [TEST_STEP][PASSED] - Statement - counter = counter + 1: null

2018-12-13 13:45:29 - [TEST_STEP][PASSED] - Statement - PreSaveFile = new java.io.File(((pathPrefix + java.lang.Integer.toString(counter)) + .png)): null

2018-12-13 13:45:29 - [TEST_STEP][PASSED] - Statement - counter = counter + 1: null

2018-12-13 13:45:29 - [TEST_STEP][PASSED] - Statement - PreSaveFile = new java.io.File(((pathPrefix + java.lang.Integer.toString(counter)) + .png)): null

2018-12-13 13:45:29 - [TEST_STEP][PASSED] - Statement - counter = counter + 1: null

2018-12-13 13:45:29 - [TEST_STEP][PASSED] - Statement - PreSaveFile = new java.io.File(((pathPrefix + java.lang.Integer.toString(counter)) + .png)): null

2018-12-13 13:45:29 - [TEST_STEP][PASSED] - Statement - counter = counter + 1: null

2018-12-13 13:45:29 - [TEST_STEP][PASSED] - Statement - PreSaveFile = new java.io.File(((pathPrefix + java.lang.Integer.toString(counter)) + .png)): null

2018-12-13 13:45:29 - [TEST_STEP][PASSED] - Statement - counter = counter + 1: null

2018-12-13 13:45:29 - [TEST_STEP][PASSED] - Statement - PreSaveFile = new java.io.File(((pathPrefix + java.lang.Integer.toString(counter)) + .png)): null

2018-12-13 13:45:29 - [TEST_STEP][PASSED] - Statement - counter = counter + 1: null

2018-12-13 13:45:29 - [TEST_STEP][PASSED] - Statement - PreSaveFile = new java.io.File(((pathPrefix + java.lang.Integer.toString(counter)) + .png)): null

2018-12-13 13:45:29 - [TEST_STEP][PASSED] - Statement - counter = counter + 1: null

2018-12-13 13:45:29 - [TEST_STEP][PASSED] - Statement - PreSaveFile = new java.io.File(((pathPrefix + java.lang.Integer.toString(counter)) + .png)): null

2018-12-13 13:45:29 - [TEST_STEP][PASSED] - Statement - counter = counter + 1: null

2018-12-13 13:45:29 - [TEST_STEP][PASSED] - Statement - PreSaveFile = new java.io.File(((pathPrefix + java.lang.Integer.toString(counter)) + .png)): null

2018-12-13 13:45:29 - [TEST_STEP][PASSED] - Statement - counter = counter + 1: null

2018-12-13 13:45:29 - [TEST_STEP][PASSED] - Statement - PreSaveFile = new java.io.File(((pathPrefix + java.lang.Integer.toString(counter)) + .png)): null

2018-12-13 13:45:29 - [TEST_STEP][PASSED] - Statement - counter = counter + 1: null

2018-12-13 13:45:29 - [TEST_STEP][PASSED] - Statement - PreSaveFile = new java.io.File(((pathPrefix + java.lang.Integer.toString(counter)) + .png)): null

2018-12-13 13:45:29 - [TEST_STEP][PASSED] - Statement - counter = counter + 1: null

2018-12-13 13:45:29 - [TEST_STEP][PASSED] - Statement - PreSaveFile = new java.io.File(((pathPrefix + java.lang.Integer.toString(counter)) + .png)): null

2018-12-13 13:45:29 - [TEST_STEP][PASSED] - Statement - counter = counter + 1: null

2018-12-13 13:45:29 - [TEST_STEP][PASSED] - Statement - PreSaveFile = new java.io.File(((pathPrefix + java.lang.Integer.toString(counter)) + .png)): null

2018-12-13 13:45:29 - [TEST_STEP][PASSED] - Statement - counter = counter + 1: null

2018-12-13 13:45:29 - [TEST_STEP][PASSED] - Statement - PreSaveFile = new java.io.File(((pathPrefix + java.lang.Integer.toString(counter)) + .png)): null

2018-12-13 13:45:29 - [TEST_STEP][PASSED] - Statement - counter = counter + 1: null

2018-12-13 13:45:29 - [TEST_STEP][PASSED] - Statement - PreSaveFile = new java.io.File(((pathPrefix + java.lang.Integer.toString(counter)) + .png)): null

2018-12-13 13:45:29 - [TEST_STEP][PASSED] - Statement - counter = counter + 1: null

2018-12-13 13:45:29 - [TEST_STEP][PASSED] - Statement - PreSaveFile = new java.io.File(((pathPrefix + java.lang.Integer.toString(counter)) + .png)): null

2018-12-13 13:45:29 - [TEST_STEP][PASSED] - Statement - counter = counter + 1: null

2018-12-13 13:45:29 - [TEST_STEP][PASSED] - Statement - PreSaveFile = new java.io.File(((pathPrefix + java.lang.Integer.toString(counter)) + .png)): null

2018-12-13 13:45:29 - [TEST_STEP][PASSED] - Statement - counter = counter + 1: null

2018-12-13 13:45:29 - [TEST_STEP][PASSED] - Statement - PreSaveFile = new java.io.File(((pathPrefix + java.lang.Integer.toString(counter)) + .png)): null

2018-12-13 13:45:29 - [TEST_STEP][PASSED] - Statement - counter = counter + 1: null

2018-12-13 13:45:29 - [TEST_STEP][PASSED] - Statement - PreSaveFile = new java.io.File(((pathPrefix + java.lang.Integer.toString(counter)) + .png)): null

2018-12-13 13:45:29 - [TEST_STEP][PASSED] - Statement - counter = counter + 1: null

2018-12-13 13:45:29 - [TEST_STEP][PASSED] - Statement - PreSaveFile = new java.io.File(((pathPrefix + java.lang.Integer.toString(counter)) + .png)): null

2018-12-13 13:45:29 - [TEST_STEP][PASSED] - Statement - counter = counter + 1: null

2018-12-13 13:45:29 - [TEST_STEP][PASSED] - Statement - PreSaveFile = new java.io.File(((pathPrefix + java.lang.Integer.toString(counter)) + .png)): null

2018-12-13 13:45:29 - [TEST_STEP][PASSED] - Statement - counter = counter + 1: null

2018-12-13 13:45:29 - [TEST_STEP][PASSED] - Statement - PreSaveFile = new java.io.File(((pathPrefix + java.lang.Integer.toString(counter)) + .png)): null

2018-12-13 13:45:29 - [TEST_STEP][PASSED] - Statement - counter = counter + 1: null

2018-12-13 13:45:29 - [TEST_STEP][PASSED] - Statement - PreSaveFile = new java.io.File(((pathPrefix + java.lang.Integer.toString(counter)) + .png)): null

2018-12-13 13:45:29 - [TEST_STEP][PASSED] - Statement - counter = counter + 1: null

2018-12-13 13:45:29 - [TEST_STEP][PASSED] - Statement - PreSaveFile = new java.io.File(((pathPrefix + java.lang.Integer.toString(counter)) + .png)): null

2018-12-13 13:45:29 - [TEST_STEP][PASSED] - Statement - counter = counter + 1: null

2018-12-13 13:45:29 - [TEST_STEP][PASSED] - Statement - PreSaveFile = new java.io.File(((pathPrefix + java.lang.Integer.toString(counter)) + .png)): null

2018-12-13 13:45:29 - [TEST_STEP][PASSED] - Statement - counter = counter + 1: null

2018-12-13 13:45:29 - [TEST_STEP][PASSED] - Statement - PreSaveFile = new java.io.File(((pathPrefix + java.lang.Integer.toString(counter)) + .png)): null

2018-12-13 13:45:29 - [TEST_STEP][PASSED] - Statement - counter = counter + 1: null

2018-12-13 13:45:29 - [TEST_STEP][PASSED] - Statement - PreSaveFile = new java.io.File(((pathPrefix + java.lang.Integer.toString(counter)) + .png)): null

2018-12-13 13:45:29 - [TEST_STEP][PASSED] - Statement - counter = counter + 1: null

2018-12-13 13:45:29 - [TEST_STEP][PASSED] - Statement - PreSaveFile = new java.io.File(((pathPrefix + java.lang.Integer.toString(counter)) + .png)): null

2018-12-13 13:45:29 - [TEST_STEP][PASSED] - Statement - counter = counter + 1: null

2018-12-13 13:45:29 - [TEST_STEP][PASSED] - Statement - PreSaveFile = new java.io.File(((pathPrefix + java.lang.Integer.toString(counter)) + .png)): null

2018-12-13 13:45:29 - [TEST_STEP][PASSED] - Statement - counter = counter + 1: null

2018-12-13 13:45:29 - [TEST_STEP][PASSED] - Statement - PreSaveFile = new java.io.File(((pathPrefix + java.lang.Integer.toString(counter)) + .png)): null

2018-12-13 13:45:29 - [TEST_STEP][PASSED] - Statement - counter = counter + 1: null

2018-12-13 13:45:29 - [TEST_STEP][PASSED] - Statement - PreSaveFile = new java.io.File(((pathPrefix + java.lang.Integer.toString(counter)) + .png)): null

2018-12-13 13:45:29 - [TEST_STEP][PASSED] - Statement - counter = counter + 1: null

2018-12-13 13:45:29 - [TEST_STEP][PASSED] - Statement - PreSaveFile = new java.io.File(((pathPrefix + java.lang.Integer.toString(counter)) + .png)): null

2018-12-13 13:45:29 - [TEST_STEP][PASSED] - Statement - counter = counter + 1: null

2018-12-13 13:45:29 - [TEST_STEP][PASSED] - Statement - PreSaveFile = new java.io.File(((pathPrefix + java.lang.Integer.toString(counter)) + .png)): null

2018-12-13 13:45:29 - [TEST_STEP][PASSED] - Statement - counter = counter + 1: null

2018-12-13 13:45:29 - [TEST_STEP][PASSED] - Statement - PreSaveFile = new java.io.File(((pathPrefix + java.lang.Integer.toString(counter)) + .png)): null

2018-12-13 13:45:29 - [TEST_STEP][PASSED] - Statement - counter = counter + 1: null

2018-12-13 13:45:29 - [TEST_STEP][PASSED] - Statement - PreSaveFile = new java.io.File(((pathPrefix + java.lang.Integer.toString(counter)) + .png)): null

2018-12-13 13:45:29 - [TEST_STEP][PASSED] - Statement - counter = counter + 1: null

2018-12-13 13:45:29 - [TEST_STEP][PASSED] - Statement - PreSaveFile = new java.io.File(((pathPrefix + java.lang.Integer.toString(counter)) + .png)): null

2018-12-13 13:45:29 - [TEST_STEP][PASSED] - Statement - counter = counter + 1: null

2018-12-13 13:45:29 - [TEST_STEP][PASSED] - Statement - PreSaveFile = new java.io.File(((pathPrefix + java.lang.Integer.toString(counter)) + .png)): null

2018-12-13 13:45:29 - [TEST_STEP][PASSED] - Statement - counter = counter + 1: null

2018-12-13 13:45:29 - [TEST_STEP][PASSED] - Statement - PreSaveFile = new java.io.File(((pathPrefix + java.lang.Integer.toString(counter)) + .png)): null

2018-12-13 13:45:29 - [TEST_STEP][PASSED] - Statement - counter = counter + 1: null

2018-12-13 13:45:29 - [TEST_STEP][PASSED] - Statement - PreSaveFile = new java.io.File(((pathPrefix + java.lang.Integer.toString(counter)) + .png)): null

2018-12-13 13:45:29 - [TEST_STEP][PASSED] - Statement - counter = counter + 1: null

2018-12-13 13:45:29 - [TEST_STEP][PASSED] - Statement - PreSaveFile = new java.io.File(((pathPrefix + java.lang.Integer.toString(counter)) + .png)): null

2018-12-13 13:45:29 - [TEST_STEP][PASSED] - Statement - counter = counter + 1: null

2018-12-13 13:45:29 - [TEST_STEP][PASSED] - Statement - PreSaveFile = new java.io.File(((pathPrefix + java.lang.Integer.toString(counter)) + .png)): null

2018-12-13 13:45:29 - [TEST_STEP][PASSED] - Statement - counter = counter + 1: null

2018-12-13 13:45:29 - [TEST_STEP][PASSED] - Statement - PreSaveFile = new java.io.File(((pathPrefix + java.lang.Integer.toString(counter)) + .png)): null

2018-12-13 13:45:29 - [TEST_STEP][PASSED] - Statement - counter = counter + 1: null

2018-12-13 13:45:29 - [TEST_STEP][PASSED] - Statement - PreSaveFile = new java.io.File(((pathPrefix + java.lang.Integer.toString(counter)) + .png)): null

2018-12-13 13:45:29 - [TEST_STEP][PASSED] - Statement - counter = counter + 1: null

2018-12-13 13:45:29 - [TEST_STEP][PASSED] - Statement - PreSaveFile = new java.io.File(((pathPrefix + java.lang.Integer.toString(counter)) + .png)): null

2018-12-13 13:45:29 - [TEST_STEP][PASSED] - Statement - counter = counter + 1: null

2018-12-13 13:45:29 - [TEST_STEP][PASSED] - Statement - PreSaveFile = new java.io.File(((pathPrefix + java.lang.Integer.toString(counter)) + .png)): null

2018-12-13 13:45:29 - [TEST_STEP][PASSED] - Statement - counter = counter + 1: null

2018-12-13 13:45:29 - [TEST_STEP][PASSED] - Statement - PreSaveFile = new java.io.File(((pathPrefix + java.lang.Integer.toString(counter)) + .png)): null

2018-12-13 13:45:29 - [TEST_STEP][PASSED] - Statement - counter = counter + 1: null

2018-12-13 13:45:29 - [TEST_STEP][PASSED] - Statement - PreSaveFile = new java.io.File(((pathPrefix + java.lang.Integer.toString(counter)) + .png)): null

2018-12-13 13:45:29 - [TEST_STEP][PASSED] - Statement - counter = counter + 1: null

2018-12-13 13:45:29 - [TEST_STEP][PASSED] - Statement - PreSaveFile = new java.io.File(((pathPrefix + java.lang.Integer.toString(counter)) + .png)): null

2018-12-13 13:45:29 - [TEST_STEP][PASSED] - Statement - counter = counter + 1: null

2018-12-13 13:45:29 - [TEST_STEP][PASSED] - Statement - PreSaveFile = new java.io.File(((pathPrefix + java.lang.Integer.toString(counter)) + .png)): null

2018-12-13 13:45:29 - [TEST_STEP][PASSED] - Statement - counter = counter + 1: null

2018-12-13 13:45:29 - [TEST_STEP][PASSED] - Statement - PreSaveFile = new java.io.File(((pathPrefix + java.lang.Integer.toString(counter)) + .png)): null

2018-12-13 13:45:29 - [TEST_STEP][PASSED] - Statement - counter = counter + 1: null

2018-12-13 13:45:29 - [TEST_STEP][PASSED] - Statement - PreSaveFile = new java.io.File(((pathPrefix + java.lang.Integer.toString(counter)) + .png)): null

2018-12-13 13:45:29 - [TEST_STEP][PASSED] - Statement - counter = counter + 1: null

2018-12-13 13:45:29 - [TEST_STEP][PASSED] - Statement - PreSaveFile = new java.io.File(((pathPrefix + java.lang.Integer.toString(counter)) + .png)): null

2018-12-13 13:45:29 - [TEST_STEP][PASSED] - Statement - counter = counter + 1: null

2018-12-13 13:45:29 - [TEST_STEP][PASSED] - Statement - PreSaveFile = new java.io.File(((pathPrefix + java.lang.Integer.toString(counter)) + .png)): null

2018-12-13 13:45:29 - [TEST_STEP][PASSED] - Statement - counter = counter + 1: null

2018-12-13 13:45:29 - [TEST_STEP][PASSED] - Statement - PreSaveFile = new java.io.File(((pathPrefix + java.lang.Integer.toString(counter)) + .png)): null

2018-12-13 13:45:29 - [TEST_STEP][PASSED] - Statement - counter = counter + 1: null

2018-12-13 13:45:29 - [TEST_STEP][PASSED] - Statement - PreSaveFile = new java.io.File(((pathPrefix + java.lang.Integer.toString(counter)) + .png)): null

2018-12-13 13:45:29 - [TEST_STEP][PASSED] - Statement - counter = counter + 1: null

2018-12-13 13:45:29 - [TEST_STEP][PASSED] - Statement - PreSaveFile = new java.io.File(((pathPrefix + java.lang.Integer.toString(counter)) + .png)): null

2018-12-13 13:45:29 - [TEST_STEP][PASSED] - Statement - counter = counter + 1: null

2018-12-13 13:45:29 - [TEST_STEP][PASSED] - Statement - PreSaveFile = new java.io.File(((pathPrefix + java.lang.Integer.toString(counter)) + .png)): null

2018-12-13 13:45:29 - [TEST_STEP][PASSED] - Statement - counter = counter + 1: null

2018-12-13 13:45:29 - [TEST_STEP][PASSED] - Statement - PreSaveFile = new java.io.File(((pathPrefix + java.lang.Integer.toString(counter)) + .png)): null

2018-12-13 13:45:29 - [TEST_STEP][PASSED] - Statement - counter = counter + 1: null

2018-12-13 13:45:29 - [TEST_STEP][PASSED] - Statement - PreSaveFile = new java.io.File(((pathPrefix + java.lang.Integer.toString(counter)) + .png)): null

2018-12-13 13:45:29 - [TEST_STEP][PASSED] - Statement - counter = counter + 1: null

2018-12-13 13:45:29 - [TEST_STEP][PASSED] - Statement - PreSaveFile = new java.io.File(((pathPrefix + java.lang.Integer.toString(counter)) + .png)): null

2018-12-13 13:45:29 - [TEST_STEP][PASSED] - Statement - counter = counter + 1: null

2018-12-13 13:45:29 - [TEST_STEP][PASSED] - Statement - PreSaveFile = new java.io.File(((pathPrefix + java.lang.Integer.toString(counter)) + .png)): null

2018-12-13 13:45:29 - [TEST_STEP][PASSED] - Statement - counter = counter + 1: null

2018-12-13 13:45:29 - [TEST_STEP][PASSED] - Statement - PreSaveFile = new java.io.File(((pathPrefix + java.lang.Integer.toString(counter)) + .png)): null

2018-12-13 13:45:29 - [TEST_STEP][PASSED] - Statement - counter = counter + 1: null

2018-12-13 13:45:29 - [TEST_STEP][PASSED] - Statement - PreSaveFile = new java.io.File(((pathPrefix + java.lang.Integer.toString(counter)) + .png)): null

2018-12-13 13:45:29 - [TEST_STEP][PASSED] - Statement - counter = counter + 1: null

2018-12-13 13:45:29 - [TEST_STEP][PASSED] - Statement - PreSaveFile = new java.io.File(((pathPrefix + java.lang.Integer.toString(counter)) + .png)): null

2018-12-13 13:45:29 - [TEST_STEP][PASSED] - Statement - counter = counter + 1: null

2018-12-13 13:45:29 - [TEST_STEP][PASSED] - Statement - PreSaveFile = new java.io.File(((pathPrefix + java.lang.Integer.toString(counter)) + .png)): null

2018-12-13 13:45:29 - [TEST_STEP][PASSED] - Statement - counter = counter + 1: null

2018-12-13 13:45:29 - [TEST_STEP][PASSED] - Statement - PreSaveFile = new java.io.File(((pathPrefix + java.lang.Integer.toString(counter)) + .png)): null

2018-12-13 13:45:29 - [TEST_STEP][PASSED] - Statement - counter = counter + 1: null

2018-12-13 13:45:29 - [TEST_STEP][PASSED] - Statement - PreSaveFile = new java.io.File(((pathPrefix + java.lang.Integer.toString(counter)) + .png)): null

2018-12-13 13:45:29 - [TEST_STEP][PASSED] - Statement - counter = counter + 1: null

2018-12-13 13:45:29 - [TEST_STEP][PASSED] - Statement - PreSaveFile = new java.io.File(((pathPrefix + java.lang.Integer.toString(counter)) + .png)): null

2018-12-13 13:45:29 - [TEST_STEP][PASSED] - Statement - counter = counter + 1: null

2018-12-13 13:45:29 - [TEST_STEP][PASSED] - Statement - PreSaveFile = new java.io.File(((pathPrefix + java.lang.Integer.toString(counter)) + .png)): null

2018-12-13 13:45:29 - [TEST_STEP][PASSED] - Statement - counter = counter + 1: null

2018-12-13 13:45:29 - [TEST_STEP][PASSED] - Statement - PreSaveFile = new java.io.File(((pathPrefix + java.lang.Integer.toString(counter)) + .png)): null

2018-12-13 13:45:29 - [TEST_STEP][PASSED] - Statement - counter = counter + 1: null

2018-12-13 13:45:29 - [TEST_STEP][PASSED] - Statement - PreSaveFile = new java.io.File(((pathPrefix + java.lang.Integer.toString(counter)) + .png)): null

2018-12-13 13:45:29 - [TEST_STEP][PASSED] - Statement - counter = counter + 1: null

2018-12-13 13:45:29 - [TEST_STEP][PASSED] - Statement - PreSaveFile = new java.io.File(((pathPrefix + java.lang.Integer.toString(counter)) + .png)): null

2018-12-13 13:45:29 - [TEST_STEP][PASSED] - Statement - counter = counter + 1: null

2018-12-13 13:45:29 - [TEST_STEP][PASSED] - Statement - PreSaveFile = new java.io.File(((pathPrefix + java.lang.Integer.toString(counter)) + .png)): null

2018-12-13 13:45:29 - [TEST_STEP][PASSED] - Statement - counter = counter + 1: null

2018-12-13 13:45:29 - [TEST_STEP][PASSED] - Statement - PreSaveFile = new java.io.File(((pathPrefix + java.lang.Integer.toString(counter)) + .png)): null

2018-12-13 13:45:29 - [TEST_STEP][PASSED] - Statement - counter = counter + 1: null

2018-12-13 13:45:29 - [TEST_STEP][PASSED] - Statement - PreSaveFile = new java.io.File(((pathPrefix + java.lang.Integer.toString(counter)) + .png)): null

2018-12-13 13:45:29 - [TEST_STEP][PASSED] - Statement - counter = counter + 1: null

2018-12-13 13:45:29 - [TEST_STEP][PASSED] - Statement - PreSaveFile = new java.io.File(((pathPrefix + java.lang.Integer.toString(counter)) + .png)): null

2018-12-13 13:45:29 - [TEST_STEP][PASSED] - Statement - counter = counter + 1: null

2018-12-13 13:45:29 - [TEST_STEP][PASSED] - Statement - PreSaveFile = new java.io.File(((pathPrefix + java.lang.Integer.toString(counter)) + .png)): null

2018-12-13 13:45:29 - [TEST_STEP][PASSED] - Statement - counter = counter + 1: null

2018-12-13 13:45:29 - [TEST_STEP][PASSED] - Statement - PreSaveFile = new java.io.File(((pathPrefix + java.lang.Integer.toString(counter)) + .png)): null

2018-12-13 13:45:29 - [TEST_STEP][PASSED] - Statement - counter = counter + 1: null

2018-12-13 13:45:29 - [TEST_STEP][PASSED] - Statement - PreSaveFile = new java.io.File(((pathPrefix + java.lang.Integer.toString(counter)) + .png)): null

2018-12-13 13:45:29 - [TEST_STEP][PASSED] - Statement - counter = counter + 1: null

2018-12-13 13:45:29 - [TEST_STEP][PASSED] - Statement - PreSaveFile = new java.io.File(((pathPrefix + java.lang.Integer.toString(counter)) + .png)): null

2018-12-13 13:45:29 - [TEST_STEP][PASSED] - Statement - counter = counter + 1: null

2018-12-13 13:45:29 - [TEST_STEP][PASSED] - Statement - PreSaveFile = new java.io.File(((pathPrefix + java.lang.Integer.toString(counter)) + .png)): null

2018-12-13 13:45:29 - [TEST_STEP][PASSED] - Statement - counter = counter + 1: null

2018-12-13 13:45:29 - [TEST_STEP][PASSED] - Statement - PreSaveFile = new java.io.File(((pathPrefix + java.lang.Integer.toString(counter)) + .png)): null

2018-12-13 13:45:29 - [TEST_STEP][PASSED] - Statement - counter = counter + 1: null

2018-12-13 13:45:29 - [TEST_STEP][PASSED] - Statement - PreSaveFile = new java.io.File(((pathPrefix + java.lang.Integer.toString(counter)) + .png)): null

2018-12-13 13:45:29 - [TEST_STEP][PASSED] - Statement - counter = counter + 1: null

2018-12-13 13:45:29 - [TEST_STEP][PASSED] - Statement - PreSaveFile = new java.io.File(((pathPrefix + java.lang.Integer.toString(counter)) + .png)): null

2018-12-13 13:45:29 - [TEST_STEP][PASSED] - Statement - counter = counter + 1: null

2018-12-13 13:45:29 - [TEST_STEP][PASSED] - Statement - PreSaveFile = new java.io.File(((pathPrefix + java.lang.Integer.toString(counter)) + .png)): null

2018-12-13 13:45:29 - [TEST_STEP][PASSED] - Statement - counter = counter + 1: null

2018-12-13 13:45:29 - [TEST_STEP][PASSED] - Statement - PreSaveFile = new java.io.File(((pathPrefix + java.lang.Integer.toString(counter)) + .png)): null

2018-12-13 13:45:29 - [TEST_STEP][PASSED] - Statement - counter = counter + 1: null

2018-12-13 13:45:29 - [TEST_STEP][PASSED] - Statement - PreSaveFile = new java.io.File(((pathPrefix + java.lang.Integer.toString(counter)) + .png)): null

2018-12-13 13:45:29 - [TEST_STEP][PASSED] - Statement - counter = counter + 1: null

2018-12-13 13:45:29 - [TEST_STEP][PASSED] - Statement - PreSaveFile = new java.io.File(((pathPrefix + java.lang.Integer.toString(counter)) + .png)): null

2018-12-13 13:45:29 - [TEST_STEP][PASSED] - Statement - counter = counter + 1: null

2018-12-13 13:45:29 - [TEST_STEP][PASSED] - Statement - PreSaveFile = new java.io.File(((pathPrefix + java.lang.Integer.toString(counter)) + .png)): null

2018-12-13 13:45:29 - [TEST_STEP][PASSED] - Statement - counter = counter + 1: null

2018-12-13 13:45:29 - [TEST_STEP][PASSED] - Statement - PreSaveFile = new java.io.File(((pathPrefix + java.lang.Integer.toString(counter)) + .png)): null

2018-12-13 13:45:29 - [TEST_STEP][PASSED] - Statement - counter = counter + 1: null

2018-12-13 13:45:29 - [TEST_STEP][PASSED] - Statement - PreSaveFile = new java.io.File(((pathPrefix + java.lang.Integer.toString(counter)) + .png)): null

2018-12-13 13:45:29 - [TEST_STEP][PASSED] - Statement - counter = counter + 1: null

2018-12-13 13:45:29 - [TEST_STEP][PASSED] - Statement - PreSaveFile = new java.io.File(((pathPrefix + java.lang.Integer.toString(counter)) + .png)): null

2018-12-13 13:45:29 - [TEST_STEP][PASSED] - Statement - counter = counter + 1: null

2018-12-13 13:45:29 - [TEST_STEP][PASSED] - Statement - PreSaveFile = new java.io.File(((pathPrefix + java.lang.Integer.toString(counter)) + .png)): null

2018-12-13 13:45:29 - [TEST_STEP][PASSED] - Statement - counter = counter + 1: null

2018-12-13 13:45:29 - [TEST_STEP][PASSED] - Statement - PreSaveFile = new java.io.File(((pathPrefix + java.lang.Integer.toString(counter)) + .png)): null

2018-12-13 13:45:29 - [TEST_STEP][PASSED] - Statement - counter = counter + 1: null

2018-12-13 13:45:29 - [TEST_STEP][PASSED] - Statement - PreSaveFile = new java.io.File(((pathPrefix + java.lang.Integer.toString(counter)) + .png)): null

2018-12-13 13:45:29 - [TEST_STEP][PASSED] - Statement - counter = counter + 1: null

2018-12-13 13:45:29 - [TEST_STEP][PASSED] - Statement - PreSaveFile = new java.io.File(((pathPrefix + java.lang.Integer.toString(counter)) + .png)): null

2018-12-13 13:45:29 - [TEST_STEP][PASSED] - Statement - counter = counter + 1: null

2018-12-13 13:45:29 - [TEST_STEP][PASSED] - Statement - PreSaveFile = new java.io.File(((pathPrefix + java.lang.Integer.toString(counter)) + .png)): null

2018-12-13 13:45:29 - [TEST_STEP][PASSED] - Statement - counter = counter + 1: null

2018-12-13 13:45:29 - [TEST_STEP][PASSED] - Statement - PreSaveFile = new java.io.File(((pathPrefix + java.lang.Integer.toString(counter)) + .png)): null

2018-12-13 13:45:29 - [TEST_STEP][PASSED] - Statement - counter = counter + 1: null

2018-12-13 13:45:29 - [TEST_STEP][PASSED] - Statement - PreSaveFile = new java.io.File(((pathPrefix + java.lang.Integer.toString(counter)) + .png)): null

2018-12-13 13:45:29 - [TEST_STEP][PASSED] - Statement - counter = counter + 1: null

2018-12-13 13:45:29 - [TEST_STEP][PASSED] - Statement - PreSaveFile = new java.io.File(((pathPrefix + java.lang.Integer.toString(counter)) + .png)): null

2018-12-13 13:45:29 - [TEST_STEP][PASSED] - Statement - counter = counter + 1: null

2018-12-13 13:45:29 - [TEST_STEP][PASSED] - Statement - PreSaveFile = new java.io.File(((pathPrefix + java.lang.Integer.toString(counter)) + .png)): null

2018-12-13 13:45:29 - [TEST_STEP][PASSED] - Statement - counter = counter + 1: null

2018-12-13 13:45:29 - [TEST_STEP][PASSED] - Statement - PreSaveFile = new java.io.File(((pathPrefix + java.lang.Integer.toString(counter)) + .png)): null

2018-12-13 13:45:29 - [TEST_STEP][PASSED] - Statement - counter = counter + 1: null

2018-12-13 13:45:29 - [TEST_STEP][PASSED] - Statement - PreSaveFile = new java.io.File(((pathPrefix + java.lang.Integer.toString(counter)) + .png)): null

2018-12-13 13:45:29 - [TEST_STEP][PASSED] - Statement - counter = counter + 1: null

2018-12-13 13:45:29 - [TEST_STEP][PASSED] - Statement - PreSaveFile = new java.io.File(((pathPrefix + java.lang.Integer.toString(counter)) + .png)): null

2018-12-13 13:45:29 - [TEST_STEP][PASSED] - Statement - counter = counter + 1: null

2018-12-13 13:45:29 - [TEST_STEP][PASSED] - Statement - PreSaveFile = new java.io.File(((pathPrefix + java.lang.Integer.toString(counter)) + .png)): null

2018-12-13 13:45:29 - [TEST_STEP][PASSED] - Statement - counter = counter + 1: null

2018-12-13 13:45:29 - [TEST_STEP][PASSED] - Statement - PreSaveFile = new java.io.File(((pathPrefix + java.lang.Integer.toString(counter)) + .png)): null

2018-12-13 13:45:29 - [TEST_STEP][PASSED] - Statement - counter = counter + 1: null

2018-12-13 13:45:29 - [TEST_STEP][PASSED] - Statement - PreSaveFile = new java.io.File(((pathPrefix + java.lang.Integer.toString(counter)) + .png)): null

2018-12-13 13:45:29 - [TEST_STEP][PASSED] - Statement - counter = counter + 1: null

2018-12-13 13:45:29 - [TEST_STEP][PASSED] - Statement - PreSaveFile = new java.io.File(((pathPrefix + java.lang.Integer.toString(counter)) + .png)): null

2018-12-13 13:45:29 - [TEST_STEP][PASSED] - Statement - counter = counter + 1: null

2018-12-13 13:45:29 - [TEST_STEP][PASSED] - Statement - PreSaveFile = new java.io.File(((pathPrefix + java.lang.Integer.toString(counter)) + .png)): null

2018-12-13 13:45:29 - [TEST_STEP][PASSED] - Statement - counter = counter + 1: null

2018-12-13 13:45:29 - [TEST_STEP][PASSED] - Statement - PreSaveFile = new java.io.File(((pathPrefix + java.lang.Integer.toString(counter)) + .png)): null

2018-12-13 13:45:29 - [TEST_STEP][PASSED] - Statement - counter = counter + 1: null

2018-12-13 13:45:29 - [TEST_STEP][PASSED] - Statement - PreSaveFile = new java.io.File(((pathPrefix + java.lang.Integer.toString(counter)) + .png)): null

2018-12-13 13:45:29 - [TEST_STEP][PASSED] - Statement - counter = counter + 1: null

2018-12-13 13:45:29 - [TEST_STEP][PASSED] - Statement - PreSaveFile = new java.io.File(((pathPrefix + java.lang.Integer.toString(counter)) + .png)): null

2018-12-13 13:45:29 - [TEST_STEP][PASSED] - Statement - counter = counter + 1: null

2018-12-13 13:45:29 - [TEST_STEP][PASSED] - Statement - PreSaveFile = new java.io.File(((pathPrefix + java.lang.Integer.toString(counter)) + .png)): null

2018-12-13 13:45:29 - [TEST_STEP][PASSED] - Statement - finalPath = pathPrefix + java.lang.Integer.toString(counter) + ".png": null

2018-12-13 13:45:29 - [TEST_STEP][PASSED] - Statement - SaveFile = new java.io.File(finalPath): null

2018-12-13 13:45:29 - [TEST_STEP][PASSED] - Statement - Try: null

2018-12-13 13:45:29 - [TEST_STEP][PASSED] - Statement - org.apache.commons.io.FileUtils.copyFile(scrFile, SaveFile): null

2018-12-13 13:45:29 - [TEST_STEP][PASSED] - Statement - out.println("file kept"): null

2018-12-13 13:45:29 - [TEST_STEP][PASSED] - delay: Delayed 10 second(s)

2018-12-13 13:45:39 - [MESSAGE][PASSED] - Delayed 10 second(s)

2018-12-13 13:45:39 - [MESSAGE][PASSED] - Call Test Case 'Test Cases/Final Aug 2018 - PKS Automation/Common/Screenshoting tool' successfully

2018-12-13 13:45:39 - [TEST_STEP][PASSED] - callTestCase: Call Test Case 'Test Cases/Final Aug 2018 - PKS Automation/Registration Module/Log Out/log out avoiding katalon tagging' successfully

2018-12-13 13:45:39 - [TEST_CASE][PASSED] - Test Cases/Final Aug 2018 - PKS Automation/Registration Module/Log Out/log out avoiding katalon tagging: Test Cases/Final Aug 2018 - PKS Automation/Registration Module/Log Out/log out avoiding katalon tagging

2018-12-13 13:45:39 - [TEST_STEP][PASSED] - navigateToUrl: Navigate to 'https://assist2-uat.perkeso.gov.my/c/portal/logout' successfully

2018-12-13 13:45:40 - [MESSAGE][PASSED] - Navigate to 'https://assist2-uat.perkeso.gov.my/c/portal/logout' successfully

2018-12-13 13:45:40 - [MESSAGE][PASSED] - Call Test Case 'Test Cases/Final Aug 2018 - PKS Automation/Registration Module/Log Out/log out avoiding katalon tagging' successfully

2018-12-13 13:45:40 - [TEST_STEP][PASSED] - delay: Delayed 2 second(s)

2018-12-13 13:45:42 - [MESSAGE][PASSED] - Delayed 2 second(s)

2018-12-13 13:45:42 - [TEST_STEP][PASSED] - setText: Text 'johorro3@gmail.com' is set on object 'Object Repository/Final Object Repo/New Registration - Registration Module Pages/New Reg - OTC to RO/Special Case - All Related Objects/Email TextBox'

2018-12-13 13:45:43 - [MESSAGE][PASSED] - Text 'johorro3@gmail.com' is set on object 'Object Repository/Final Object Repo/New Registration - Registration Module Pages/New Reg - OTC to RO/Special Case - All Related Objects/Email TextBox'

2018-12-13 13:45:43 - [TEST_STEP][PASSED] - click: Object: 'Object Repository/Final Object Repo/New Registration - Registration Module Pages/New Reg - OTC to RO/Special Case - All Related Objects/Next Button' is clicked on

2018-12-13 13:45:43 - [MESSAGE][PASSED] - Object: 'Object Repository/Final Object Repo/New Registration - Registration Module Pages/New Reg - OTC to RO/Special Case - All Related Objects/Next Button' is clicked on

2018-12-13 13:45:43 - [TEST_STEP][PASSED] - delay: Delayed 2 second(s)

2018-12-13 13:45:45 - [MESSAGE][PASSED] - Delayed 2 second(s)

2018-12-13 13:45:45 - [TEST_STEP][PASSED] - setText: Text 'Test1@3456789' is set on object 'Object Repository/Final Object Repo/New Registration - Registration Module Pages/New Reg - OTC to RO/Special Case - All Related Objects/Password TextBox'

2018-12-13 13:45:45 - [MESSAGE][PASSED] - Text 'Test1@3456789' is set on object 'Object Repository/Final Object Repo/New Registration - Registration Module Pages/New Reg - OTC to RO/Special Case - All Related Objects/Password TextBox'

2018-12-13 13:45:45 - [TEST_STEP][PASSED] - delay: Delayed 2 second(s)

2018-12-13 13:45:47 - [MESSAGE][PASSED] - Delayed 2 second(s)

2018-12-13 13:45:47 - [TEST_STEP][PASSED] - click: Object: 'Object Repository/Final Object Repo/New Registration - Registration Module Pages/New Reg - OTC to RO/Special Case - All Related Objects/Login Button' is clicked on

2018-12-13 13:45:47 - [MESSAGE][PASSED] - Object: 'Object Repository/Final Object Repo/New Registration - Registration Module Pages/New Reg - OTC to RO/Special Case - All Related Objects/Login Button' is clicked on

2018-12-13 13:45:47 - [TEST_STEP][PASSED] - delay: Delayed 2 second(s)

2018-12-13 13:45:49 - [MESSAGE][PASSED] - Delayed 2 second(s)

2018-12-13 13:45:49 - [TEST_STEP][PASSED] - Statement - Try: null

2018-12-13 13:45:49 - [TEST_STEP][PASSED] - Statement - Checker = com.kms.katalon.core.webui.keyword.WebUiBuiltInKeywords.verifyElementNotPresent("Final Object Repo/Landing Page/Select to English", 3): null

2018-12-13 13:45:49 - [TEST_STEP][PASSED] - Statement - Catch (Exception e): null

2018-12-13 13:45:49 - [TEST_STEP][PASSED] - Statement - e.printStackTrace(): null

2018-12-13 13:45:49 - [TEST_STEP][PASSED] - click: Object: 'Object Repository/Final Object Repo/New Registration - Registration Module Pages/New Reg - OTC to RO/Special Case - All Related Objects/Expand to Search' is clicked on

2018-12-13 13:45:49 - [MESSAGE][PASSED] - Object: 'Object Repository/Final Object Repo/New Registration - Registration Module Pages/New Reg - OTC to RO/Special Case - All Related Objects/Expand to Search' is clicked on

2018-12-13 13:45:49 - [TEST_STEP][PASSED] - delay: Delayed 2 second(s)

2018-12-13 13:45:51 - [MESSAGE][PASSED] - Delayed 2 second(s)

2018-12-13 13:45:51 - [TEST_STEP][PASSED] - setText: Text 'CRN12201800123277' is set on object 'Object Repository/Final Object Repo/New Registration - Registration Module Pages/New Reg - OTC to RO/Special Case - All Related Objects/TextBox RefNo in Workbasket'

2018-12-13 13:45:52 - [MESSAGE][PASSED] - Text 'CRN12201800123277' is set on object 'Object Repository/Final Object Repo/New Registration - Registration Module Pages/New Reg - OTC to RO/Special Case - All Related Objects/TextBox RefNo in Workbasket'

2018-12-13 13:45:52 - [TEST_STEP][PASSED] - delay: Delayed 2 second(s)

2018-12-13 13:45:54 - [MESSAGE][PASSED] - Delayed 2 second(s)

2018-12-13 13:45:54 - [TEST_STEP][PASSED] - click: Object: 'Object Repository/Final Object Repo/New Registration - Registration Module Pages/New Reg - OTC to RO/Special Case - All Related Objects/Click Search' is clicked on

2018-12-13 13:45:54 - [MESSAGE][PASSED] - Object: 'Object Repository/Final Object Repo/New Registration - Registration Module Pages/New Reg - OTC to RO/Special Case - All Related Objects/Click Search' is clicked on

2018-12-13 13:45:54 - [TEST_STEP][PASSED] - delay: Delayed 2 second(s)

2018-12-13 13:45:56 - [MESSAGE][PASSED] - Delayed 2 second(s)

2018-12-13 13:45:56 - [TEST_STEP][PASSED] - click: Object: 'Object Repository/Final Object Repo/New Registration - Registration Module Pages/New Reg - OTC to RO/Special Case - All Related Objects/Click to Continue Workflow' is clicked on

2018-12-13 13:45:59 - [MESSAGE][PASSED] - Object: 'Object Repository/Final Object Repo/New Registration - Registration Module Pages/New Reg - OTC to RO/Special Case - All Related Objects/Click to Continue Workflow' is clicked on

2018-12-13 13:45:59 - [TEST_STEP][PASSED] - delay: Delayed 2 second(s)

2018-12-13 13:46:01 - [MESSAGE][PASSED] - Delayed 2 second(s)

2018-12-13 13:46:01 - [TEST_STEP][PASSED] - click: Object: 'Object Repository/Final Object Repo/New Registration - Registration Module Pages/New Reg - OTC to RO/Special Case - All Related Objects/Continue Button in verifying case' is clicked on

2018-12-13 13:46:03 - [MESSAGE][PASSED] - Object: 'Object Repository/Final Object Repo/New Registration - Registration Module Pages/New Reg - OTC to RO/Special Case - All Related Objects/Continue Button in verifying case' is clicked on

2018-12-13 13:46:03 - [TEST_STEP][PASSED] - delay: Delayed 2 second(s)

2018-12-13 13:46:05 - [MESSAGE][PASSED] - Delayed 2 second(s)

2018-12-13 13:46:05 - [TEST_STEP][PASSED] - click: Object: 'Object Repository/Final Object Repo/New Registration - Registration Module Pages/Form 1/Registered As a Branch - Yes' is clicked on

2018-12-13 13:46:05 - [MESSAGE][PASSED] - Object: 'Object Repository/Final Object Repo/New Registration - Registration Module Pages/Form 1/Registered As a Branch - Yes' is clicked on

2018-12-13 13:46:05 - [TEST_STEP][PASSED] - delay: Delayed 2 second(s)

2018-12-13 13:46:07 - [MESSAGE][PASSED] - Delayed 2 second(s)

2018-12-13 13:46:07 - [TEST_STEP][PASSED] - click: Object: 'Object Repository/Final Object Repo/New Registration - Registration Module Pages/New Reg - OTC to RO/Special Case - All Related Objects/Form 1 Save n Continue' is clicked on

2018-12-13 13:46:07 - [MESSAGE][PASSED] - Object: 'Object Repository/Final Object Repo/New Registration - Registration Module Pages/New Reg - OTC to RO/Special Case - All Related Objects/Form 1 Save n Continue' is clicked on

2018-12-13 13:46:07 - [TEST_STEP][PASSED] - delay: Delayed 2 second(s)

2018-12-13 13:46:09 - [MESSAGE][PASSED] - Delayed 2 second(s)

2018-12-13 13:46:09 - [TEST_STEP][PASSED] - click: Object: 'Object Repository/Final Object Repo/New Registration - Registration Module Pages/New Reg - OTC to RO/Special Case - All Related Objects/Form 2 Save n Continue' is clicked on

2018-12-13 13:46:09 - [MESSAGE][PASSED] - Object: 'Object Repository/Final Object Repo/New Registration - Registration Module Pages/New Reg - OTC to RO/Special Case - All Related Objects/Form 2 Save n Continue' is clicked on

2018-12-13 13:46:09 - [TEST_STEP][PASSED] - delay: Delayed 2 second(s)

2018-12-13 13:46:11 - [MESSAGE][PASSED] - Delayed 2 second(s)

2018-12-13 13:46:11 - [TEST_STEP][PASSED] - click: Object: 'Object Repository/Final Object Repo/New Registration - Registration Module Pages/New Reg - OTC to RO/Special Case - All Related Objects/Third Screen Save n Continue' is clicked on

2018-12-13 13:46:17 - [MESSAGE][PASSED] - Object: 'Object Repository/Final Object Repo/New Registration - Registration Module Pages/New Reg - OTC to RO/Special Case - All Related Objects/Third Screen Save n Continue' is clicked on

2018-12-13 13:46:17 - [TEST_STEP][PASSED] - delay: Delayed 5 second(s)

2018-12-13 13:46:22 - [MESSAGE][PASSED] - Delayed 5 second(s)

2018-12-13 13:46:22 - [TEST_STEP][PASSED] - click: Object: 'Object Repository/Final Object Repo/New Registration - Registration Module Pages/New Reg - OTC to RO/Special Case - All Related Objects/Upload Doc Page Save n Continue' is clicked on

2018-12-13 13:46:22 - [MESSAGE][PASSED] - Object: 'Object Repository/Final Object Repo/New Registration - Registration Module Pages/New Reg - OTC to RO/Special Case - All Related Objects/Upload Doc Page Save n Continue' is clicked on

2018-12-13 13:46:22 - [TEST_STEP][PASSED] - delay: Delayed 5 second(s)

2018-12-13 13:46:27 - [MESSAGE][PASSED] - Delayed 5 second(s)

2018-12-13 13:46:27 - [TEST_STEP][PASSED] - callTestCase: Call Test Case 'Test Cases/Final Aug 2018 - PKS Automation/Registration Module/New Registration/Submit and Screenshot/Submit Registration and Screenshot' successfully

2018-12-13 13:46:27 - [TEST_CASE][PASSED] - Test Cases/Final Aug 2018 - PKS Automation/Registration Module/New Registration/Submit and Screenshot/Submit Registration and Screenshot: Test Cases/Final Aug 2018 - PKS Automation/Registration Module/New Registration/Submit and Screenshot/Submit Registration and Screenshot

2018-12-13 13:46:27 - [TEST_STEP][PASSED] - delay: Delayed 6 second(s)

2018-12-13 13:46:33 - [MESSAGE][PASSED] - Delayed 6 second(s)

2018-12-13 13:46:33 - [TEST_STEP][PASSED] - click: Object: 'Object Repository/Final Object Repo/New Registration - Registration Module Pages/Third Screen - Upload Supporting Doc- Preview/Preview Submit Button' is clicked on

2018-12-13 13:46:33 - [MESSAGE][PASSED] - Object: 'Object Repository/Final Object Repo/New Registration - Registration Module Pages/Third Screen - Upload Supporting Doc- Preview/Preview Submit Button' is clicked on

2018-12-13 13:46:33 - [TEST_STEP][PASSED] - delay: Delayed 2 second(s)

2018-12-13 13:46:35 - [MESSAGE][PASSED] - Delayed 2 second(s)

2018-12-13 13:46:35 - [TEST_STEP][PASSED] - click: Object: 'Object Repository/Final Object Repo/New Registration - Registration Module Pages/Third Screen - Upload Supporting Doc- Preview/Preview Submit - Confirm' is clicked on

2018-12-13 13:46:35 - [MESSAGE][PASSED] - Object: 'Object Repository/Final Object Repo/New Registration - Registration Module Pages/Third Screen - Upload Supporting Doc- Preview/Preview Submit - Confirm' is clicked on

2018-12-13 13:46:35 - [TEST_STEP][PASSED] - delay: Delayed 15 second(s)

2018-12-13 13:46:50 - [MESSAGE][PASSED] - Delayed 15 second(s)

2018-12-13 13:46:50 - [TEST_STEP][PASSED] - Statement - driver = com.kms.katalon.core.webui.driver.DriverFactory.getWebDriver(): null

2018-12-13 13:46:50 - [TEST_STEP][PASSED] - Statement - driver.manage().timeouts().implicitlyWait(10, SECONDS): null

2018-12-13 13:46:50 - [TEST_STEP][PASSED] - Statement - PresavePath = KatalonScreenshots: null

2018-12-13 13:46:50 - [TEST_STEP][PASSED] - Statement - pathPrefix = "C:\Users\Public\Pictures\Sample Pictures\Katalon Screenshots\Automate Ending Screen": null

2018-12-13 13:46:50 - [TEST_STEP][PASSED] - Statement - finalPath = <not implemented yet for class: org.codehaus.groovy.ast.expr.EmptyExpression>: null

2018-12-13 13:46:50 - [TEST_STEP][PASSED] - Statement - scrFile = driver.getScreenshotAs(FILE): null

2018-12-13 13:46:51 - [TEST_STEP][PASSED] - Statement - PreSaveFile = new java.io.File(PresavePath): null

2018-12-13 13:46:51 - [TEST_STEP][PASSED] - Statement - counter = 0: null

2018-12-13 13:46:51 - [TEST_STEP][PASSED] - Statement - If (PreSaveFile.exists()): null

2018-12-13 13:46:51 - [TEST_STEP][PASSED] - Statement - While (PreSaveFile.exists()): null

2018-12-13 13:46:51 - [TEST_STEP][PASSED] - Statement - counter = counter + 1: null

2018-12-13 13:46:51 - [TEST_STEP][PASSED] - Statement - PreSaveFile = new java.io.File(((pathPrefix + java.lang.Integer.toString(counter)) + .png)): null

2018-12-13 13:46:51 - [TEST_STEP][PASSED] - Statement - counter = counter + 1: null

2018-12-13 13:46:51 - [TEST_STEP][PASSED] - Statement - PreSaveFile = new java.io.File(((pathPrefix + java.lang.Integer.toString(counter)) + .png)): null

2018-12-13 13:46:51 - [TEST_STEP][PASSED] - Statement - counter = counter + 1: null

2018-12-13 13:46:51 - [TEST_STEP][PASSED] - Statement - PreSaveFile = new java.io.File(((pathPrefix + java.lang.Integer.toString(counter)) + .png)): null

2018-12-13 13:46:51 - [TEST_STEP][PASSED] - Statement - counter = counter + 1: null

2018-12-13 13:46:51 - [TEST_STEP][PASSED] - Statement - PreSaveFile = new java.io.File(((pathPrefix + java.lang.Integer.toString(counter)) + .png)): null

2018-12-13 13:46:51 - [TEST_STEP][PASSED] - Statement - counter = counter + 1: null

2018-12-13 13:46:51 - [TEST_STEP][PASSED] - Statement - PreSaveFile = new java.io.File(((pathPrefix + java.lang.Integer.toString(counter)) + .png)): null

2018-12-13 13:46:51 - [TEST_STEP][PASSED] - Statement - counter = counter + 1: null

2018-12-13 13:46:51 - [TEST_STEP][PASSED] - Statement - PreSaveFile = new java.io.File(((pathPrefix + java.lang.Integer.toString(counter)) + .png)): null

2018-12-13 13:46:51 - [TEST_STEP][PASSED] - Statement - counter = counter + 1: null

2018-12-13 13:46:51 - [TEST_STEP][PASSED] - Statement - PreSaveFile = new java.io.File(((pathPrefix + java.lang.Integer.toString(counter)) + .png)): null

2018-12-13 13:46:51 - [TEST_STEP][PASSED] - Statement - counter = counter + 1: null

2018-12-13 13:46:51 - [TEST_STEP][PASSED] - Statement - PreSaveFile = new java.io.File(((pathPrefix + java.lang.Integer.toString(counter)) + .png)): null

2018-12-13 13:46:51 - [TEST_STEP][PASSED] - Statement - counter = counter + 1: null

2018-12-13 13:46:51 - [TEST_STEP][PASSED] - Statement - PreSaveFile = new java.io.File(((pathPrefix + java.lang.Integer.toString(counter)) + .png)): null

2018-12-13 13:46:51 - [TEST_STEP][PASSED] - Statement - counter = counter + 1: null

2018-12-13 13:46:51 - [TEST_STEP][PASSED] - Statement - PreSaveFile = new java.io.File(((pathPrefix + java.lang.Integer.toString(counter)) + .png)): null

2018-12-13 13:46:51 - [TEST_STEP][PASSED] - Statement - counter = counter + 1: null

2018-12-13 13:46:51 - [TEST_STEP][PASSED] - Statement - PreSaveFile = new java.io.File(((pathPrefix + java.lang.Integer.toString(counter)) + .png)): null

2018-12-13 13:46:51 - [TEST_STEP][PASSED] - Statement - counter = counter + 1: null

2018-12-13 13:46:51 - [TEST_STEP][PASSED] - Statement - PreSaveFile = new java.io.File(((pathPrefix + java.lang.Integer.toString(counter)) + .png)): null

2018-12-13 13:46:51 - [TEST_STEP][PASSED] - Statement - counter = counter + 1: null

2018-12-13 13:46:51 - [TEST_STEP][PASSED] - Statement - PreSaveFile = new java.io.File(((pathPrefix + java.lang.Integer.toString(counter)) + .png)): null

2018-12-13 13:46:51 - [TEST_STEP][PASSED] - Statement - counter = counter + 1: null

2018-12-13 13:46:51 - [TEST_STEP][PASSED] - Statement - PreSaveFile = new java.io.File(((pathPrefix + java.lang.Integer.toString(counter)) + .png)): null

2018-12-13 13:46:51 - [TEST_STEP][PASSED] - Statement - counter = counter + 1: null

2018-12-13 13:46:51 - [TEST_STEP][PASSED] - Statement - PreSaveFile = new java.io.File(((pathPrefix + java.lang.Integer.toString(counter)) + .png)): null

2018-12-13 13:46:51 - [TEST_STEP][PASSED] - Statement - counter = counter + 1: null

2018-12-13 13:46:51 - [TEST_STEP][PASSED] - Statement - PreSaveFile = new java.io.File(((pathPrefix + java.lang.Integer.toString(counter)) + .png)): null

2018-12-13 13:46:51 - [TEST_STEP][PASSED] - Statement - counter = counter + 1: null

2018-12-13 13:46:51 - [TEST_STEP][PASSED] - Statement - PreSaveFile = new java.io.File(((pathPrefix + java.lang.Integer.toString(counter)) + .png)): null

2018-12-13 13:46:51 - [TEST_STEP][PASSED] - Statement - counter = counter + 1: null

2018-12-13 13:46:51 - [TEST_STEP][PASSED] - Statement - PreSaveFile = new java.io.File(((pathPrefix + java.lang.Integer.toString(counter)) + .png)): null

2018-12-13 13:46:51 - [TEST_STEP][PASSED] - Statement - counter = counter + 1: null

2018-12-13 13:46:51 - [TEST_STEP][PASSED] - Statement - PreSaveFile = new java.io.File(((pathPrefix + java.lang.Integer.toString(counter)) + .png)): null

2018-12-13 13:46:51 - [TEST_STEP][PASSED] - Statement - counter = counter + 1: null

2018-12-13 13:46:51 - [TEST_STEP][PASSED] - Statement - PreSaveFile = new java.io.File(((pathPrefix + java.lang.Integer.toString(counter)) + .png)): null

2018-12-13 13:46:51 - [TEST_STEP][PASSED] - Statement - counter = counter + 1: null

2018-12-13 13:46:51 - [TEST_STEP][PASSED] - Statement - PreSaveFile = new java.io.File(((pathPrefix + java.lang.Integer.toString(counter)) + .png)): null

2018-12-13 13:46:51 - [TEST_STEP][PASSED] - Statement - counter = counter + 1: null

2018-12-13 13:46:51 - [TEST_STEP][PASSED] - Statement - PreSaveFile = new java.io.File(((pathPrefix + java.lang.Integer.toString(counter)) + .png)): null

2018-12-13 13:46:51 - [TEST_STEP][PASSED] - Statement - counter = counter + 1: null

2018-12-13 13:46:51 - [TEST_STEP][PASSED] - Statement - PreSaveFile = new java.io.File(((pathPrefix + java.lang.Integer.toString(counter)) + .png)): null

2018-12-13 13:46:51 - [TEST_STEP][PASSED] - Statement - counter = counter + 1: null

2018-12-13 13:46:51 - [TEST_STEP][PASSED] - Statement - PreSaveFile = new java.io.File(((pathPrefix + java.lang.Integer.toString(counter)) + .png)): null

2018-12-13 13:46:51 - [TEST_STEP][PASSED] - Statement - counter = counter + 1: null

2018-12-13 13:46:51 - [TEST_STEP][PASSED] - Statement - PreSaveFile = new java.io.File(((pathPrefix + java.lang.Integer.toString(counter)) + .png)): null

2018-12-13 13:46:51 - [TEST_STEP][PASSED] - Statement - counter = counter + 1: null

2018-12-13 13:46:51 - [TEST_STEP][PASSED] - Statement - PreSaveFile = new java.io.File(((pathPrefix + java.lang.Integer.toString(counter)) + .png)): null

2018-12-13 13:46:51 - [TEST_STEP][PASSED] - Statement - counter = counter + 1: null

2018-12-13 13:46:51 - [TEST_STEP][PASSED] - Statement - PreSaveFile = new java.io.File(((pathPrefix + java.lang.Integer.toString(counter)) + .png)): null

2018-12-13 13:46:51 - [TEST_STEP][PASSED] - Statement - counter = counter + 1: null

2018-12-13 13:46:51 - [TEST_STEP][PASSED] - Statement - PreSaveFile = new java.io.File(((pathPrefix + java.lang.Integer.toString(counter)) + .png)): null

2018-12-13 13:46:51 - [TEST_STEP][PASSED] - Statement - counter = counter + 1: null

2018-12-13 13:46:51 - [TEST_STEP][PASSED] - Statement - PreSaveFile = new java.io.File(((pathPrefix + java.lang.Integer.toString(counter)) + .png)): null

2018-12-13 13:46:51 - [TEST_STEP][PASSED] - Statement - counter = counter + 1: null

2018-12-13 13:46:51 - [TEST_STEP][PASSED] - Statement - PreSaveFile = new java.io.File(((pathPrefix + java.lang.Integer.toString(counter)) + .png)): null

2018-12-13 13:46:51 - [TEST_STEP][PASSED] - Statement - counter = counter + 1: null

2018-12-13 13:46:51 - [TEST_STEP][PASSED] - Statement - PreSaveFile = new java.io.File(((pathPrefix + java.lang.Integer.toString(counter)) + .png)): null

2018-12-13 13:46:51 - [TEST_STEP][PASSED] - Statement - counter = counter + 1: null

2018-12-13 13:46:51 - [TEST_STEP][PASSED] - Statement - PreSaveFile = new java.io.File(((pathPrefix + java.lang.Integer.toString(counter)) + .png)): null

2018-12-13 13:46:51 - [TEST_STEP][PASSED] - Statement - counter = counter + 1: null

2018-12-13 13:46:51 - [TEST_STEP][PASSED] - Statement - PreSaveFile = new java.io.File(((pathPrefix + java.lang.Integer.toString(counter)) + .png)): null

2018-12-13 13:46:51 - [TEST_STEP][PASSED] - Statement - counter = counter + 1: null

2018-12-13 13:46:51 - [TEST_STEP][PASSED] - Statement - PreSaveFile = new java.io.File(((pathPrefix + java.lang.Integer.toString(counter)) + .png)): null

2018-12-13 13:46:51 - [TEST_STEP][PASSED] - Statement - counter = counter + 1: null

2018-12-13 13:46:51 - [TEST_STEP][PASSED] - Statement - PreSaveFile = new java.io.File(((pathPrefix + java.lang.Integer.toString(counter)) + .png)): null

2018-12-13 13:46:51 - [TEST_STEP][PASSED] - Statement - counter = counter + 1: null

2018-12-13 13:46:51 - [TEST_STEP][PASSED] - Statement - PreSaveFile = new java.io.File(((pathPrefix + java.lang.Integer.toString(counter)) + .png)): null

2018-12-13 13:46:51 - [TEST_STEP][PASSED] - Statement - counter = counter + 1: null

2018-12-13 13:46:51 - [TEST_STEP][PASSED] - Statement - PreSaveFile = new java.io.File(((pathPrefix + java.lang.Integer.toString(counter)) + .png)): null

2018-12-13 13:46:51 - [TEST_STEP][PASSED] - Statement - counter = counter + 1: null

2018-12-13 13:46:51 - [TEST_STEP][PASSED] - Statement - PreSaveFile = new java.io.File(((pathPrefix + java.lang.Integer.toString(counter)) + .png)): null

2018-12-13 13:46:51 - [TEST_STEP][PASSED] - Statement - counter = counter + 1: null

2018-12-13 13:46:51 - [TEST_STEP][PASSED] - Statement - PreSaveFile = new java.io.File(((pathPrefix + java.lang.Integer.toString(counter)) + .png)): null

2018-12-13 13:46:51 - [TEST_STEP][PASSED] - Statement - counter = counter + 1: null

2018-12-13 13:46:51 - [TEST_STEP][PASSED] - Statement - PreSaveFile = new java.io.File(((pathPrefix + java.lang.Integer.toString(counter)) + .png)): null

2018-12-13 13:46:51 - [TEST_STEP][PASSED] - Statement - counter = counter + 1: null

2018-12-13 13:46:51 - [TEST_STEP][PASSED] - Statement - PreSaveFile = new java.io.File(((pathPrefix + java.lang.Integer.toString(counter)) + .png)): null

2018-12-13 13:46:51 - [TEST_STEP][PASSED] - Statement - counter = counter + 1: null

2018-12-13 13:46:51 - [TEST_STEP][PASSED] - Statement - PreSaveFile = new java.io.File(((pathPrefix + java.lang.Integer.toString(counter)) + .png)): null

2018-12-13 13:46:51 - [TEST_STEP][PASSED] - Statement - counter = counter + 1: null

2018-12-13 13:46:51 - [TEST_STEP][PASSED] - Statement - PreSaveFile = new java.io.File(((pathPrefix + java.lang.Integer.toString(counter)) + .png)): null

2018-12-13 13:46:51 - [TEST_STEP][PASSED] - Statement - counter = counter + 1: null

2018-12-13 13:46:51 - [TEST_STEP][PASSED] - Statement - PreSaveFile = new java.io.File(((pathPrefix + java.lang.Integer.toString(counter)) + .png)): null

2018-12-13 13:46:51 - [TEST_STEP][PASSED] - Statement - counter = counter + 1: null

2018-12-13 13:46:51 - [TEST_STEP][PASSED] - Statement - PreSaveFile = new java.io.File(((pathPrefix + java.lang.Integer.toString(counter)) + .png)): null

2018-12-13 13:46:51 - [TEST_STEP][PASSED] - Statement - counter = counter + 1: null

2018-12-13 13:46:51 - [TEST_STEP][PASSED] - Statement - PreSaveFile = new java.io.File(((pathPrefix + java.lang.Integer.toString(counter)) + .png)): null

2018-12-13 13:46:51 - [TEST_STEP][PASSED] - Statement - counter = counter + 1: null

2018-12-13 13:46:51 - [TEST_STEP][PASSED] - Statement - PreSaveFile = new java.io.File(((pathPrefix + java.lang.Integer.toString(counter)) + .png)): null

2018-12-13 13:46:51 - [TEST_STEP][PASSED] - Statement - counter = counter + 1: null

2018-12-13 13:46:51 - [TEST_STEP][PASSED] - Statement - PreSaveFile = new java.io.File(((pathPrefix + java.lang.Integer.toString(counter)) + .png)): null

2018-12-13 13:46:51 - [TEST_STEP][PASSED] - Statement - counter = counter + 1: null

2018-12-13 13:46:51 - [TEST_STEP][PASSED] - Statement - PreSaveFile = new java.io.File(((pathPrefix + java.lang.Integer.toString(counter)) + .png)): null

2018-12-13 13:46:51 - [TEST_STEP][PASSED] - Statement - counter = counter + 1: null

2018-12-13 13:46:51 - [TEST_STEP][PASSED] - Statement - PreSaveFile = new java.io.File(((pathPrefix + java.lang.Integer.toString(counter)) + .png)): null

2018-12-13 13:46:51 - [TEST_STEP][PASSED] - Statement - counter = counter + 1: null

2018-12-13 13:46:51 - [TEST_STEP][PASSED] - Statement - PreSaveFile = new java.io.File(((pathPrefix + java.lang.Integer.toString(counter)) + .png)): null

2018-12-13 13:46:51 - [TEST_STEP][PASSED] - Statement - counter = counter + 1: null

2018-12-13 13:46:51 - [TEST_STEP][PASSED] - Statement - PreSaveFile = new java.io.File(((pathPrefix + java.lang.Integer.toString(counter)) + .png)): null

2018-12-13 13:46:51 - [TEST_STEP][PASSED] - Statement - counter = counter + 1: null

2018-12-13 13:46:51 - [TEST_STEP][PASSED] - Statement - PreSaveFile = new java.io.File(((pathPrefix + java.lang.Integer.toString(counter)) + .png)): null

2018-12-13 13:46:51 - [TEST_STEP][PASSED] - Statement - counter = counter + 1: null

2018-12-13 13:46:51 - [TEST_STEP][PASSED] - Statement - PreSaveFile = new java.io.File(((pathPrefix + java.lang.Integer.toString(counter)) + .png)): null

2018-12-13 13:46:51 - [TEST_STEP][PASSED] - Statement - counter = counter + 1: null

2018-12-13 13:46:51 - [TEST_STEP][PASSED] - Statement - PreSaveFile = new java.io.File(((pathPrefix + java.lang.Integer.toString(counter)) + .png)): null

2018-12-13 13:46:51 - [TEST_STEP][PASSED] - Statement - counter = counter + 1: null

2018-12-13 13:46:51 - [TEST_STEP][PASSED] - Statement - PreSaveFile = new java.io.File(((pathPrefix + java.lang.Integer.toString(counter)) + .png)): null

2018-12-13 13:46:51 - [TEST_STEP][PASSED] - Statement - counter = counter + 1: null

2018-12-13 13:46:51 - [TEST_STEP][PASSED] - Statement - PreSaveFile = new java.io.File(((pathPrefix + java.lang.Integer.toString(counter)) + .png)): null

2018-12-13 13:46:51 - [TEST_STEP][PASSED] - Statement - counter = counter + 1: null

2018-12-13 13:46:51 - [TEST_STEP][PASSED] - Statement - PreSaveFile = new java.io.File(((pathPrefix + java.lang.Integer.toString(counter)) + .png)): null

2018-12-13 13:46:51 - [TEST_STEP][PASSED] - Statement - counter = counter + 1: null

2018-12-13 13:46:51 - [TEST_STEP][PASSED] - Statement - PreSaveFile = new java.io.File(((pathPrefix + java.lang.Integer.toString(counter)) + .png)): null

2018-12-13 13:46:51 - [TEST_STEP][PASSED] - Statement - counter = counter + 1: null

2018-12-13 13:46:51 - [TEST_STEP][PASSED] - Statement - PreSaveFile = new java.io.File(((pathPrefix + java.lang.Integer.toString(counter)) + .png)): null

2018-12-13 13:46:51 - [TEST_STEP][PASSED] - Statement - counter = counter + 1: null

2018-12-13 13:46:51 - [TEST_STEP][PASSED] - Statement - PreSaveFile = new java.io.File(((pathPrefix + java.lang.Integer.toString(counter)) + .png)): null

2018-12-13 13:46:51 - [TEST_STEP][PASSED] - Statement - counter = counter + 1: null

2018-12-13 13:46:51 - [TEST_STEP][PASSED] - Statement - PreSaveFile = new java.io.File(((pathPrefix + java.lang.Integer.toString(counter)) + .png)): null

2018-12-13 13:46:51 - [TEST_STEP][PASSED] - Statement - counter = counter + 1: null

2018-12-13 13:46:51 - [TEST_STEP][PASSED] - Statement - PreSaveFile = new java.io.File(((pathPrefix + java.lang.Integer.toString(counter)) + .png)): null

2018-12-13 13:46:51 - [TEST_STEP][PASSED] - Statement - counter = counter + 1: null

2018-12-13 13:46:51 - [TEST_STEP][PASSED] - Statement - PreSaveFile = new java.io.File(((pathPrefix + java.lang.Integer.toString(counter)) + .png)): null

2018-12-13 13:46:51 - [TEST_STEP][PASSED] - Statement - counter = counter + 1: null

2018-12-13 13:46:51 - [TEST_STEP][PASSED] - Statement - PreSaveFile = new java.io.File(((pathPrefix + java.lang.Integer.toString(counter)) + .png)): null

2018-12-13 13:46:51 - [TEST_STEP][PASSED] - Statement - counter = counter + 1: null

2018-12-13 13:46:51 - [TEST_STEP][PASSED] - Statement - PreSaveFile = new java.io.File(((pathPrefix + java.lang.Integer.toString(counter)) + .png)): null

2018-12-13 13:46:51 - [TEST_STEP][PASSED] - Statement - counter = counter + 1: null

2018-12-13 13:46:51 - [TEST_STEP][PASSED] - Statement - PreSaveFile = new java.io.File(((pathPrefix + java.lang.Integer.toString(counter)) + .png)): null

2018-12-13 13:46:51 - [TEST_STEP][PASSED] - Statement - counter = counter + 1: null

2018-12-13 13:46:51 - [TEST_STEP][PASSED] - Statement - PreSaveFile = new java.io.File(((pathPrefix + java.lang.Integer.toString(counter)) + .png)): null

2018-12-13 13:46:51 - [TEST_STEP][PASSED] - Statement - counter = counter + 1: null

2018-12-13 13:46:51 - [TEST_STEP][PASSED] - Statement - PreSaveFile = new java.io.File(((pathPrefix + java.lang.Integer.toString(counter)) + .png)): null

2018-12-13 13:46:51 - [TEST_STEP][PASSED] - Statement - counter = counter + 1: null

2018-12-13 13:46:51 - [TEST_STEP][PASSED] - Statement - PreSaveFile = new java.io.File(((pathPrefix + java.lang.Integer.toString(counter)) + .png)): null

2018-12-13 13:46:51 - [TEST_STEP][PASSED] - Statement - counter = counter + 1: null

2018-12-13 13:46:51 - [TEST_STEP][PASSED] - Statement - PreSaveFile = new java.io.File(((pathPrefix + java.lang.Integer.toString(counter)) + .png)): null

2018-12-13 13:46:51 - [TEST_STEP][PASSED] - Statement - counter = counter + 1: null

2018-12-13 13:46:51 - [TEST_STEP][PASSED] - Statement - PreSaveFile = new java.io.File(((pathPrefix + java.lang.Integer.toString(counter)) + .png)): null

2018-12-13 13:46:51 - [TEST_STEP][PASSED] - Statement - counter = counter + 1: null

2018-12-13 13:46:51 - [TEST_STEP][PASSED] - Statement - PreSaveFile = new java.io.File(((pathPrefix + java.lang.Integer.toString(counter)) + .png)): null

2018-12-13 13:46:51 - [TEST_STEP][PASSED] - Statement - counter = counter + 1: null

2018-12-13 13:46:51 - [TEST_STEP][PASSED] - Statement - PreSaveFile = new java.io.File(((pathPrefix + java.lang.Integer.toString(counter)) + .png)): null

2018-12-13 13:46:51 - [TEST_STEP][PASSED] - Statement - counter = counter + 1: null

2018-12-13 13:46:51 - [TEST_STEP][PASSED] - Statement - PreSaveFile = new java.io.File(((pathPrefix + java.lang.Integer.toString(counter)) + .png)): null

2018-12-13 13:46:51 - [TEST_STEP][PASSED] - Statement - counter = counter + 1: null

2018-12-13 13:46:51 - [TEST_STEP][PASSED] - Statement - PreSaveFile = new java.io.File(((pathPrefix + java.lang.Integer.toString(counter)) + .png)): null

2018-12-13 13:46:51 - [TEST_STEP][PASSED] - Statement - counter = counter + 1: null

2018-12-13 13:46:51 - [TEST_STEP][PASSED] - Statement - PreSaveFile = new java.io.File(((pathPrefix + java.lang.Integer.toString(counter)) + .png)): null

2018-12-13 13:46:51 - [TEST_STEP][PASSED] - Statement - counter = counter + 1: null

2018-12-13 13:46:51 - [TEST_STEP][PASSED] - Statement - PreSaveFile = new java.io.File(((pathPrefix + java.lang.Integer.toString(counter)) + .png)): null

2018-12-13 13:46:51 - [TEST_STEP][PASSED] - Statement - counter = counter + 1: null

2018-12-13 13:46:51 - [TEST_STEP][PASSED] - Statement - PreSaveFile = new java.io.File(((pathPrefix + java.lang.Integer.toString(counter)) + .png)): null

2018-12-13 13:46:51 - [TEST_STEP][PASSED] - Statement - counter = counter + 1: null

2018-12-13 13:46:51 - [TEST_STEP][PASSED] - Statement - PreSaveFile = new java.io.File(((pathPrefix + java.lang.Integer.toString(counter)) + .png)): null

2018-12-13 13:46:51 - [TEST_STEP][PASSED] - Statement - counter = counter + 1: null

2018-12-13 13:46:51 - [TEST_STEP][PASSED] - Statement - PreSaveFile = new java.io.File(((pathPrefix + java.lang.Integer.toString(counter)) + .png)): null

2018-12-13 13:46:51 - [TEST_STEP][PASSED] - Statement - counter = counter + 1: null

2018-12-13 13:46:51 - [TEST_STEP][PASSED] - Statement - PreSaveFile = new java.io.File(((pathPrefix + java.lang.Integer.toString(counter)) + .png)): null

2018-12-13 13:46:51 - [TEST_STEP][PASSED] - Statement - counter = counter + 1: null

2018-12-13 13:46:51 - [TEST_STEP][PASSED] - Statement - PreSaveFile = new java.io.File(((pathPrefix + java.lang.Integer.toString(counter)) + .png)): null

2018-12-13 13:46:51 - [TEST_STEP][PASSED] - Statement - counter = counter + 1: null

2018-12-13 13:46:51 - [TEST_STEP][PASSED] - Statement - PreSaveFile = new java.io.File(((pathPrefix + java.lang.Integer.toString(counter)) + .png)): null

2018-12-13 13:46:51 - [TEST_STEP][PASSED] - Statement - counter = counter + 1: null

2018-12-13 13:46:51 - [TEST_STEP][PASSED] - Statement - PreSaveFile = new java.io.File(((pathPrefix + java.lang.Integer.toString(counter)) + .png)): null

2018-12-13 13:46:51 - [TEST_STEP][PASSED] - Statement - counter = counter + 1: null

2018-12-13 13:46:51 - [TEST_STEP][PASSED] - Statement - PreSaveFile = new java.io.File(((pathPrefix + java.lang.Integer.toString(counter)) + .png)): null

2018-12-13 13:46:51 - [TEST_STEP][PASSED] - Statement - counter = counter + 1: null

2018-12-13 13:46:51 - [TEST_STEP][PASSED] - Statement - PreSaveFile = new java.io.File(((pathPrefix + java.lang.Integer.toString(counter)) + .png)): null

2018-12-13 13:46:51 - [TEST_STEP][PASSED] - Statement - counter = counter + 1: null

2018-12-13 13:46:51 - [TEST_STEP][PASSED] - Statement - PreSaveFile = new java.io.File(((pathPrefix + java.lang.Integer.toString(counter)) + .png)): null

2018-12-13 13:46:51 - [TEST_STEP][PASSED] - Statement - counter = counter + 1: null

2018-12-13 13:46:51 - [TEST_STEP][PASSED] - Statement - PreSaveFile = new java.io.File(((pathPrefix + java.lang.Integer.toString(counter)) + .png)): null

2018-12-13 13:46:51 - [TEST_STEP][PASSED] - Statement - counter = counter + 1: null

2018-12-13 13:46:51 - [TEST_STEP][PASSED] - Statement - PreSaveFile = new java.io.File(((pathPrefix + java.lang.Integer.toString(counter)) + .png)): null

2018-12-13 13:46:51 - [TEST_STEP][PASSED] - Statement - counter = counter + 1: null

2018-12-13 13:46:51 - [TEST_STEP][PASSED] - Statement - PreSaveFile = new java.io.File(((pathPrefix + java.lang.Integer.toString(counter)) + .png)): null

2018-12-13 13:46:51 - [TEST_STEP][PASSED] - Statement - counter = counter + 1: null

2018-12-13 13:46:51 - [TEST_STEP][PASSED] - Statement - PreSaveFile = new java.io.File(((pathPrefix + java.lang.Integer.toString(counter)) + .png)): null

2018-12-13 13:46:51 - [TEST_STEP][PASSED] - Statement - counter = counter + 1: null

2018-12-13 13:46:51 - [TEST_STEP][PASSED] - Statement - PreSaveFile = new java.io.File(((pathPrefix + java.lang.Integer.toString(counter)) + .png)): null

2018-12-13 13:46:51 - [TEST_STEP][PASSED] - Statement - counter = counter + 1: null

2018-12-13 13:46:51 - [TEST_STEP][PASSED] - Statement - PreSaveFile = new java.io.File(((pathPrefix + java.lang.Integer.toString(counter)) + .png)): null

2018-12-13 13:46:51 - [TEST_STEP][PASSED] - Statement - counter = counter + 1: null

2018-12-13 13:46:51 - [TEST_STEP][PASSED] - Statement - PreSaveFile = new java.io.File(((pathPrefix + java.lang.Integer.toString(counter)) + .png)): null

2018-12-13 13:46:51 - [TEST_STEP][PASSED] - Statement - counter = counter + 1: null

2018-12-13 13:46:51 - [TEST_STEP][PASSED] - Statement - PreSaveFile = new java.io.File(((pathPrefix + java.lang.Integer.toString(counter)) + .png)): null

2018-12-13 13:46:51 - [TEST_STEP][PASSED] - Statement - counter = counter + 1: null

2018-12-13 13:46:51 - [TEST_STEP][PASSED] - Statement - PreSaveFile = new java.io.File(((pathPrefix + java.lang.Integer.toString(counter)) + .png)): null

2018-12-13 13:46:51 - [TEST_STEP][PASSED] - Statement - counter = counter + 1: null

2018-12-13 13:46:51 - [TEST_STEP][PASSED] - Statement - PreSaveFile = new java.io.File(((pathPrefix + java.lang.Integer.toString(counter)) + .png)): null

2018-12-13 13:46:51 - [TEST_STEP][PASSED] - Statement - counter = counter + 1: null

2018-12-13 13:46:51 - [TEST_STEP][PASSED] - Statement - PreSaveFile = new java.io.File(((pathPrefix + java.lang.Integer.toString(counter)) + .png)): null

2018-12-13 13:46:51 - [TEST_STEP][PASSED] - Statement - counter = counter + 1: null

2018-12-13 13:46:51 - [TEST_STEP][PASSED] - Statement - PreSaveFile = new java.io.File(((pathPrefix + java.lang.Integer.toString(counter)) + .png)): null

2018-12-13 13:46:51 - [TEST_STEP][PASSED] - Statement - counter = counter + 1: null

2018-12-13 13:46:51 - [TEST_STEP][PASSED] - Statement - PreSaveFile = new java.io.File(((pathPrefix + java.lang.Integer.toString(counter)) + .png)): null

2018-12-13 13:46:51 - [TEST_STEP][PASSED] - Statement - counter = counter + 1: null

2018-12-13 13:46:51 - [TEST_STEP][PASSED] - Statement - PreSaveFile = new java.io.File(((pathPrefix + java.lang.Integer.toString(counter)) + .png)): null

2018-12-13 13:46:51 - [TEST_STEP][PASSED] - Statement - counter = counter + 1: null

2018-12-13 13:46:51 - [TEST_STEP][PASSED] - Statement - PreSaveFile = new java.io.File(((pathPrefix + java.lang.Integer.toString(counter)) + .png)): null

2018-12-13 13:46:51 - [TEST_STEP][PASSED] - Statement - counter = counter + 1: null

2018-12-13 13:46:51 - [TEST_STEP][PASSED] - Statement - PreSaveFile = new java.io.File(((pathPrefix + java.lang.Integer.toString(counter)) + .png)): null

2018-12-13 13:46:51 - [TEST_STEP][PASSED] - Statement - counter = counter + 1: null

2018-12-13 13:46:51 - [TEST_STEP][PASSED] - Statement - PreSaveFile = new java.io.File(((pathPrefix + java.lang.Integer.toString(counter)) + .png)): null

2018-12-13 13:46:51 - [TEST_STEP][PASSED] - Statement - counter = counter + 1: null

2018-12-13 13:46:51 - [TEST_STEP][PASSED] - Statement - PreSaveFile = new java.io.File(((pathPrefix + java.lang.Integer.toString(counter)) + .png)): null

2018-12-13 13:46:51 - [TEST_STEP][PASSED] - Statement - counter = counter + 1: null

2018-12-13 13:46:51 - [TEST_STEP][PASSED] - Statement - PreSaveFile = new java.io.File(((pathPrefix + java.lang.Integer.toString(counter)) + .png)): null

2018-12-13 13:46:51 - [TEST_STEP][PASSED] - Statement - counter = counter + 1: null

2018-12-13 13:46:51 - [TEST_STEP][PASSED] - Statement - PreSaveFile = new java.io.File(((pathPrefix + java.lang.Integer.toString(counter)) + .png)): null

2018-12-13 13:46:51 - [TEST_STEP][PASSED] - Statement - counter = counter + 1: null

2018-12-13 13:46:51 - [TEST_STEP][PASSED] - Statement - PreSaveFile = new java.io.File(((pathPrefix + java.lang.Integer.toString(counter)) + .png)): null

2018-12-13 13:46:51 - [TEST_STEP][PASSED] - Statement - counter = counter + 1: null

2018-12-13 13:46:51 - [TEST_STEP][PASSED] - Statement - PreSaveFile = new java.io.File(((pathPrefix + java.lang.Integer.toString(counter)) + .png)): null

2018-12-13 13:46:51 - [TEST_STEP][PASSED] - Statement - counter = counter + 1: null

2018-12-13 13:46:51 - [TEST_STEP][PASSED] - Statement - PreSaveFile = new java.io.File(((pathPrefix + java.lang.Integer.toString(counter)) + .png)): null

2018-12-13 13:46:51 - [TEST_STEP][PASSED] - Statement - counter = counter + 1: null

2018-12-13 13:46:51 - [TEST_STEP][PASSED] - Statement - PreSaveFile = new java.io.File(((pathPrefix + java.lang.Integer.toString(counter)) + .png)): null

2018-12-13 13:46:51 - [TEST_STEP][PASSED] - Statement - counter = counter + 1: null

2018-12-13 13:46:51 - [TEST_STEP][PASSED] - Statement - PreSaveFile = new java.io.File(((pathPrefix + java.lang.Integer.toString(counter)) + .png)): null

2018-12-13 13:46:51 - [TEST_STEP][PASSED] - Statement - counter = counter + 1: null

2018-12-13 13:46:51 - [TEST_STEP][PASSED] - Statement - PreSaveFile = new java.io.File(((pathPrefix + java.lang.Integer.toString(counter)) + .png)): null

2018-12-13 13:46:51 - [TEST_STEP][PASSED] - Statement - counter = counter + 1: null

2018-12-13 13:46:51 - [TEST_STEP][PASSED] - Statement - PreSaveFile = new java.io.File(((pathPrefix + java.lang.Integer.toString(counter)) + .png)): null

2018-12-13 13:46:51 - [TEST_STEP][PASSED] - Statement - counter = counter + 1: null

2018-12-13 13:46:51 - [TEST_STEP][PASSED] - Statement - PreSaveFile = new java.io.File(((pathPrefix + java.lang.Integer.toString(counter)) + .png)): null

2018-12-13 13:46:51 - [TEST_STEP][PASSED] - Statement - counter = counter + 1: null

2018-12-13 13:46:51 - [TEST_STEP][PASSED] - Statement - PreSaveFile = new java.io.File(((pathPrefix + java.lang.Integer.toString(counter)) + .png)): null

2018-12-13 13:46:51 - [TEST_STEP][PASSED] - Statement - counter = counter + 1: null

2018-12-13 13:46:51 - [TEST_STEP][PASSED] - Statement - PreSaveFile = new java.io.File(((pathPrefix + java.lang.Integer.toString(counter)) + .png)): null

2018-12-13 13:46:51 - [TEST_STEP][PASSED] - Statement - counter = counter + 1: null

2018-12-13 13:46:51 - [TEST_STEP][PASSED] - Statement - PreSaveFile = new java.io.File(((pathPrefix + java.lang.Integer.toString(counter)) + .png)): null

2018-12-13 13:46:51 - [TEST_STEP][PASSED] - Statement - counter = counter + 1: null

2018-12-13 13:46:51 - [TEST_STEP][PASSED] - Statement - PreSaveFile = new java.io.File(((pathPrefix + java.lang.Integer.toString(counter)) + .png)): null

2018-12-13 13:46:51 - [TEST_STEP][PASSED] - Statement - counter = counter + 1: null

2018-12-13 13:46:51 - [TEST_STEP][PASSED] - Statement - PreSaveFile = new java.io.File(((pathPrefix + java.lang.Integer.toString(counter)) + .png)): null

2018-12-13 13:46:51 - [TEST_STEP][PASSED] - Statement - counter = counter + 1: null

2018-12-13 13:46:51 - [TEST_STEP][PASSED] - Statement - PreSaveFile = new java.io.File(((pathPrefix + java.lang.Integer.toString(counter)) + .png)): null

2018-12-13 13:46:51 - [TEST_STEP][PASSED] - Statement - counter = counter + 1: null

2018-12-13 13:46:51 - [TEST_STEP][PASSED] - Statement - PreSaveFile = new java.io.File(((pathPrefix + java.lang.Integer.toString(counter)) + .png)): null

2018-12-13 13:46:51 - [TEST_STEP][PASSED] - Statement - counter = counter + 1: null

2018-12-13 13:46:51 - [TEST_STEP][PASSED] - Statement - PreSaveFile = new java.io.File(((pathPrefix + java.lang.Integer.toString(counter)) + .png)): null

2018-12-13 13:46:51 - [TEST_STEP][PASSED] - Statement - counter = counter + 1: null

2018-12-13 13:46:51 - [TEST_STEP][PASSED] - Statement - PreSaveFile = new java.io.File(((pathPrefix + java.lang.Integer.toString(counter)) + .png)): null

2018-12-13 13:46:51 - [TEST_STEP][PASSED] - Statement - counter = counter + 1: null

2018-12-13 13:46:51 - [TEST_STEP][PASSED] - Statement - PreSaveFile = new java.io.File(((pathPrefix + java.lang.Integer.toString(counter)) + .png)): null

2018-12-13 13:46:51 - [TEST_STEP][PASSED] - Statement - counter = counter + 1: null

2018-12-13 13:46:51 - [TEST_STEP][PASSED] - Statement - PreSaveFile = new java.io.File(((pathPrefix + java.lang.Integer.toString(counter)) + .png)): null

2018-12-13 13:46:51 - [TEST_STEP][PASSED] - Statement - counter = counter + 1: null

2018-12-13 13:46:51 - [TEST_STEP][PASSED] - Statement - PreSaveFile = new java.io.File(((pathPrefix + java.lang.Integer.toString(counter)) + .png)): null

2018-12-13 13:46:51 - [TEST_STEP][PASSED] - Statement - counter = counter + 1: null

2018-12-13 13:46:51 - [TEST_STEP][PASSED] - Statement - PreSaveFile = new java.io.File(((pathPrefix + java.lang.Integer.toString(counter)) + .png)): null

2018-12-13 13:46:51 - [TEST_STEP][PASSED] - Statement - counter = counter + 1: null

2018-12-13 13:46:51 - [TEST_STEP][PASSED] - Statement - PreSaveFile = new java.io.File(((pathPrefix + java.lang.Integer.toString(counter)) + .png)): null

2018-12-13 13:46:51 - [TEST_STEP][PASSED] - Statement - counter = counter + 1: null

2018-12-13 13:46:51 - [TEST_STEP][PASSED] - Statement - PreSaveFile = new java.io.File(((pathPrefix + java.lang.Integer.toString(counter)) + .png)): null

2018-12-13 13:46:51 - [TEST_STEP][PASSED] - Statement - counter = counter + 1: null

2018-12-13 13:46:51 - [TEST_STEP][PASSED] - Statement - PreSaveFile = new java.io.File(((pathPrefix + java.lang.Integer.toString(counter)) + .png)): null

2018-12-13 13:46:51 - [TEST_STEP][PASSED] - Statement - counter = counter + 1: null

2018-12-13 13:46:51 - [TEST_STEP][PASSED] - Statement - PreSaveFile = new java.io.File(((pathPrefix + java.lang.Integer.toString(counter)) + .png)): null

2018-12-13 13:46:51 - [TEST_STEP][PASSED] - Statement - counter = counter + 1: null

2018-12-13 13:46:51 - [TEST_STEP][PASSED] - Statement - PreSaveFile = new java.io.File(((pathPrefix + java.lang.Integer.toString(counter)) + .png)): null

2018-12-13 13:46:51 - [TEST_STEP][PASSED] - Statement - counter = counter + 1: null

2018-12-13 13:46:51 - [TEST_STEP][PASSED] - Statement - PreSaveFile = new java.io.File(((pathPrefix + java.lang.Integer.toString(counter)) + .png)): null

2018-12-13 13:46:51 - [TEST_STEP][PASSED] - Statement - counter = counter + 1: null

2018-12-13 13:46:51 - [TEST_STEP][PASSED] - Statement - PreSaveFile = new java.io.File(((pathPrefix + java.lang.Integer.toString(counter)) + .png)): null

2018-12-13 13:46:51 - [TEST_STEP][PASSED] - Statement - counter = counter + 1: null

2018-12-13 13:46:51 - [TEST_STEP][PASSED] - Statement - PreSaveFile = new java.io.File(((pathPrefix + java.lang.Integer.toString(counter)) + .png)): null

2018-12-13 13:46:51 - [TEST_STEP][PASSED] - Statement - counter = counter + 1: null

2018-12-13 13:46:51 - [TEST_STEP][PASSED] - Statement - PreSaveFile = new java.io.File(((pathPrefix + java.lang.Integer.toString(counter)) + .png)): null

2018-12-13 13:46:51 - [TEST_STEP][PASSED] - Statement - counter = counter + 1: null

2018-12-13 13:46:51 - [TEST_STEP][PASSED] - Statement - PreSaveFile = new java.io.File(((pathPrefix + java.lang.Integer.toString(counter)) + .png)): null

2018-12-13 13:46:51 - [TEST_STEP][PASSED] - Statement - counter = counter + 1: null

2018-12-13 13:46:51 - [TEST_STEP][PASSED] - Statement - PreSaveFile = new java.io.File(((pathPrefix + java.lang.Integer.toString(counter)) + .png)): null

2018-12-13 13:46:51 - [TEST_STEP][PASSED] - Statement - counter = counter + 1: null

2018-12-13 13:46:51 - [TEST_STEP][PASSED] - Statement - PreSaveFile = new java.io.File(((pathPrefix + java.lang.Integer.toString(counter)) + .png)): null

2018-12-13 13:46:51 - [TEST_STEP][PASSED] - Statement - counter = counter + 1: null

2018-12-13 13:46:51 - [TEST_STEP][PASSED] - Statement - PreSaveFile = new java.io.File(((pathPrefix + java.lang.Integer.toString(counter)) + .png)): null

2018-12-13 13:46:51 - [TEST_STEP][PASSED] - Statement - counter = counter + 1: null

2018-12-13 13:46:51 - [TEST_STEP][PASSED] - Statement - PreSaveFile = new java.io.File(((pathPrefix + java.lang.Integer.toString(counter)) + .png)): null

2018-12-13 13:46:51 - [TEST_STEP][PASSED] - Statement - counter = counter + 1: null

2018-12-13 13:46:51 - [TEST_STEP][PASSED] - Statement - PreSaveFile = new java.io.File(((pathPrefix + java.lang.Integer.toString(counter)) + .png)): null

2018-12-13 13:46:51 - [TEST_STEP][PASSED] - Statement - counter = counter + 1: null

2018-12-13 13:46:51 - [TEST_STEP][PASSED] - Statement - PreSaveFile = new java.io.File(((pathPrefix + java.lang.Integer.toString(counter)) + .png)): null

2018-12-13 13:46:51 - [TEST_STEP][PASSED] - Statement - counter = counter + 1: null

2018-12-13 13:46:51 - [TEST_STEP][PASSED] - Statement - PreSaveFile = new java.io.File(((pathPrefix + java.lang.Integer.toString(counter)) + .png)): null

2018-12-13 13:46:51 - [TEST_STEP][PASSED] - Statement - counter = counter + 1: null

2018-12-13 13:46:51 - [TEST_STEP][PASSED] - Statement - PreSaveFile = new java.io.File(((pathPrefix + java.lang.Integer.toString(counter)) + .png)): null

2018-12-13 13:46:51 - [TEST_STEP][PASSED] - Statement - counter = counter + 1: null

2018-12-13 13:46:51 - [TEST_STEP][PASSED] - Statement - PreSaveFile = new java.io.File(((pathPrefix + java.lang.Integer.toString(counter)) + .png)): null

2018-12-13 13:46:51 - [TEST_STEP][PASSED] - Statement - counter = counter + 1: null

2018-12-13 13:46:51 - [TEST_STEP][PASSED] - Statement - PreSaveFile = new java.io.File(((pathPrefix + java.lang.Integer.toString(counter)) + .png)): null

2018-12-13 13:46:51 - [TEST_STEP][PASSED] - Statement - counter = counter + 1: null

2018-12-13 13:46:51 - [TEST_STEP][PASSED] - Statement - PreSaveFile = new java.io.File(((pathPrefix + java.lang.Integer.toString(counter)) + .png)): null

2018-12-13 13:46:51 - [TEST_STEP][PASSED] - Statement - counter = counter + 1: null

2018-12-13 13:46:51 - [TEST_STEP][PASSED] - Statement - PreSaveFile = new java.io.File(((pathPrefix + java.lang.Integer.toString(counter)) + .png)): null

2018-12-13 13:46:51 - [TEST_STEP][PASSED] - Statement - counter = counter + 1: null

2018-12-13 13:46:51 - [TEST_STEP][PASSED] - Statement - PreSaveFile = new java.io.File(((pathPrefix + java.lang.Integer.toString(counter)) + .png)): null

2018-12-13 13:46:51 - [TEST_STEP][PASSED] - Statement - counter = counter + 1: null

2018-12-13 13:46:51 - [TEST_STEP][PASSED] - Statement - PreSaveFile = new java.io.File(((pathPrefix + java.lang.Integer.toString(counter)) + .png)): null

2018-12-13 13:46:51 - [TEST_STEP][PASSED] - Statement - counter = counter + 1: null

2018-12-13 13:46:51 - [TEST_STEP][PASSED] - Statement - PreSaveFile = new java.io.File(((pathPrefix + java.lang.Integer.toString(counter)) + .png)): null

2018-12-13 13:46:51 - [TEST_STEP][PASSED] - Statement - counter = counter + 1: null

2018-12-13 13:46:51 - [TEST_STEP][PASSED] - Statement - PreSaveFile = new java.io.File(((pathPrefix + java.lang.Integer.toString(counter)) + .png)): null

2018-12-13 13:46:51 - [TEST_STEP][PASSED] - Statement - counter = counter + 1: null

2018-12-13 13:46:51 - [TEST_STEP][PASSED] - Statement - PreSaveFile = new java.io.File(((pathPrefix + java.lang.Integer.toString(counter)) + .png)): null

2018-12-13 13:46:51 - [TEST_STEP][PASSED] - Statement - counter = counter + 1: null

2018-12-13 13:46:51 - [TEST_STEP][PASSED] - Statement - PreSaveFile = new java.io.File(((pathPrefix + java.lang.Integer.toString(counter)) + .png)): null

2018-12-13 13:46:51 - [TEST_STEP][PASSED] - Statement - counter = counter + 1: null

2018-12-13 13:46:51 - [TEST_STEP][PASSED] - Statement - PreSaveFile = new java.io.File(((pathPrefix + java.lang.Integer.toString(counter)) + .png)): null

2018-12-13 13:46:51 - [TEST_STEP][PASSED] - Statement - counter = counter + 1: null

2018-12-13 13:46:51 - [TEST_STEP][PASSED] - Statement - PreSaveFile = new java.io.File(((pathPrefix + java.lang.Integer.toString(counter)) + .png)): null

2018-12-13 13:46:51 - [TEST_STEP][PASSED] - Statement - counter = counter + 1: null

2018-12-13 13:46:51 - [TEST_STEP][PASSED] - Statement - PreSaveFile = new java.io.File(((pathPrefix + java.lang.Integer.toString(counter)) + .png)): null

2018-12-13 13:46:51 - [TEST_STEP][PASSED] - Statement - counter = counter + 1: null

2018-12-13 13:46:51 - [TEST_STEP][PASSED] - Statement - PreSaveFile = new java.io.File(((pathPrefix + java.lang.Integer.toString(counter)) + .png)): null

2018-12-13 13:46:51 - [TEST_STEP][PASSED] - Statement - counter = counter + 1: null

2018-12-13 13:46:51 - [TEST_STEP][PASSED] - Statement - PreSaveFile = new java.io.File(((pathPrefix + java.lang.Integer.toString(counter)) + .png)): null

2018-12-13 13:46:51 - [TEST_STEP][PASSED] - Statement - counter = counter + 1: null

2018-12-13 13:46:51 - [TEST_STEP][PASSED] - Statement - PreSaveFile = new java.io.File(((pathPrefix + java.lang.Integer.toString(counter)) + .png)): null

2018-12-13 13:46:51 - [TEST_STEP][PASSED] - Statement - counter = counter + 1: null

2018-12-13 13:46:51 - [TEST_STEP][PASSED] - Statement - PreSaveFile = new java.io.File(((pathPrefix + java.lang.Integer.toString(counter)) + .png)): null

2018-12-13 13:46:51 - [TEST_STEP][PASSED] - Statement - counter = counter + 1: null

2018-12-13 13:46:51 - [TEST_STEP][PASSED] - Statement - PreSaveFile = new java.io.File(((pathPrefix + java.lang.Integer.toString(counter)) + .png)): null

2018-12-13 13:46:51 - [TEST_STEP][PASSED] - Statement - counter = counter + 1: null

2018-12-13 13:46:51 - [TEST_STEP][PASSED] - Statement - PreSaveFile = new java.io.File(((pathPrefix + java.lang.Integer.toString(counter)) + .png)): null

2018-12-13 13:46:51 - [TEST_STEP][PASSED] - Statement - counter = counter + 1: null

2018-12-13 13:46:51 - [TEST_STEP][PASSED] - Statement - PreSaveFile = new java.io.File(((pathPrefix + java.lang.Integer.toString(counter)) + .png)): null

2018-12-13 13:46:51 - [TEST_STEP][PASSED] - Statement - counter = counter + 1: null

2018-12-13 13:46:51 - [TEST_STEP][PASSED] - Statement - PreSaveFile = new java.io.File(((pathPrefix + java.lang.Integer.toString(counter)) + .png)): null

2018-12-13 13:46:51 - [TEST_STEP][PASSED] - Statement - counter = counter + 1: null

2018-12-13 13:46:51 - [TEST_STEP][PASSED] - Statement - PreSaveFile = new java.io.File(((pathPrefix + java.lang.Integer.toString(counter)) + .png)): null

2018-12-13 13:46:51 - [TEST_STEP][PASSED] - Statement - counter = counter + 1: null

2018-12-13 13:46:51 - [TEST_STEP][PASSED] - Statement - PreSaveFile = new java.io.File(((pathPrefix + java.lang.Integer.toString(counter)) + .png)): null

2018-12-13 13:46:51 - [TEST_STEP][PASSED] - Statement - counter = counter + 1: null

2018-12-13 13:46:51 - [TEST_STEP][PASSED] - Statement - PreSaveFile = new java.io.File(((pathPrefix + java.lang.Integer.toString(counter)) + .png)): null

2018-12-13 13:46:51 - [TEST_STEP][PASSED] - Statement - counter = counter + 1: null

2018-12-13 13:46:51 - [TEST_STEP][PASSED] - Statement - PreSaveFile = new java.io.File(((pathPrefix + java.lang.Integer.toString(counter)) + .png)): null

2018-12-13 13:46:51 - [TEST_STEP][PASSED] - Statement - counter = counter + 1: null

2018-12-13 13:46:51 - [TEST_STEP][PASSED] - Statement - PreSaveFile = new java.io.File(((pathPrefix + java.lang.Integer.toString(counter)) + .png)): null

2018-12-13 13:46:51 - [TEST_STEP][PASSED] - Statement - counter = counter + 1: null

2018-12-13 13:46:51 - [TEST_STEP][PASSED] - Statement - PreSaveFile = new java.io.File(((pathPrefix + java.lang.Integer.toString(counter)) + .png)): null

2018-12-13 13:46:51 - [TEST_STEP][PASSED] - Statement - counter = counter + 1: null

2018-12-13 13:46:51 - [TEST_STEP][PASSED] - Statement - PreSaveFile = new java.io.File(((pathPrefix + java.lang.Integer.toString(counter)) + .png)): null

2018-12-13 13:46:51 - [TEST_STEP][PASSED] - Statement - counter = counter + 1: null

2018-12-13 13:46:51 - [TEST_STEP][PASSED] - Statement - PreSaveFile = new java.io.File(((pathPrefix + java.lang.Integer.toString(counter)) + .png)): null

2018-12-13 13:46:51 - [TEST_STEP][PASSED] - Statement - counter = counter + 1: null

2018-12-13 13:46:51 - [TEST_STEP][PASSED] - Statement - PreSaveFile = new java.io.File(((pathPrefix + java.lang.Integer.toString(counter)) + .png)): null

2018-12-13 13:46:51 - [TEST_STEP][PASSED] - Statement - counter = counter + 1: null

2018-12-13 13:46:51 - [TEST_STEP][PASSED] - Statement - PreSaveFile = new java.io.File(((pathPrefix + java.lang.Integer.toString(counter)) + .png)): null

2018-12-13 13:46:51 - [TEST_STEP][PASSED] - Statement - counter = counter + 1: null

2018-12-13 13:46:51 - [TEST_STEP][PASSED] - Statement - PreSaveFile = new java.io.File(((pathPrefix + java.lang.Integer.toString(counter)) + .png)): null

2018-12-13 13:46:51 - [TEST_STEP][PASSED] - Statement - counter = counter + 1: null

2018-12-13 13:46:51 - [TEST_STEP][PASSED] - Statement - PreSaveFile = new java.io.File(((pathPrefix + java.lang.Integer.toString(counter)) + .png)): null

2018-12-13 13:46:51 - [TEST_STEP][PASSED] - Statement - counter = counter + 1: null

2018-12-13 13:46:51 - [TEST_STEP][PASSED] - Statement - PreSaveFile = new java.io.File(((pathPrefix + java.lang.Integer.toString(counter)) + .png)): null

2018-12-13 13:46:51 - [TEST_STEP][PASSED] - Statement - counter = counter + 1: null

2018-12-13 13:46:51 - [TEST_STEP][PASSED] - Statement - PreSaveFile = new java.io.File(((pathPrefix + java.lang.Integer.toString(counter)) + .png)): null

2018-12-13 13:46:51 - [TEST_STEP][PASSED] - Statement - counter = counter + 1: null

2018-12-13 13:46:51 - [TEST_STEP][PASSED] - Statement - PreSaveFile = new java.io.File(((pathPrefix + java.lang.Integer.toString(counter)) + .png)): null

2018-12-13 13:46:51 - [TEST_STEP][PASSED] - Statement - counter = counter + 1: null

2018-12-13 13:46:51 - [TEST_STEP][PASSED] - Statement - PreSaveFile = new java.io.File(((pathPrefix + java.lang.Integer.toString(counter)) + .png)): null

2018-12-13 13:46:51 - [TEST_STEP][PASSED] - Statement - counter = counter + 1: null

2018-12-13 13:46:51 - [TEST_STEP][PASSED] - Statement - PreSaveFile = new java.io.File(((pathPrefix + java.lang.Integer.toString(counter)) + .png)): null

2018-12-13 13:46:51 - [TEST_STEP][PASSED] - Statement - counter = counter + 1: null

2018-12-13 13:46:51 - [TEST_STEP][PASSED] - Statement - PreSaveFile = new java.io.File(((pathPrefix + java.lang.Integer.toString(counter)) + .png)): null

2018-12-13 13:46:51 - [TEST_STEP][PASSED] - Statement - counter = counter + 1: null

2018-12-13 13:46:51 - [TEST_STEP][PASSED] - Statement - PreSaveFile = new java.io.File(((pathPrefix + java.lang.Integer.toString(counter)) + .png)): null

2018-12-13 13:46:51 - [TEST_STEP][PASSED] - Statement - counter = counter + 1: null

2018-12-13 13:46:51 - [TEST_STEP][PASSED] - Statement - PreSaveFile = new java.io.File(((pathPrefix + java.lang.Integer.toString(counter)) + .png)): null

2018-12-13 13:46:51 - [TEST_STEP][PASSED] - Statement - counter = counter + 1: null

2018-12-13 13:46:51 - [TEST_STEP][PASSED] - Statement - PreSaveFile = new java.io.File(((pathPrefix + java.lang.Integer.toString(counter)) + .png)): null

2018-12-13 13:46:51 - [TEST_STEP][PASSED] - Statement - counter = counter + 1: null

2018-12-13 13:46:51 - [TEST_STEP][PASSED] - Statement - PreSaveFile = new java.io.File(((pathPrefix + java.lang.Integer.toString(counter)) + .png)): null

2018-12-13 13:46:51 - [TEST_STEP][PASSED] - Statement - counter = counter + 1: null

2018-12-13 13:46:51 - [TEST_STEP][PASSED] - Statement - PreSaveFile = new java.io.File(((pathPrefix + java.lang.Integer.toString(counter)) + .png)): null

2018-12-13 13:46:51 - [TEST_STEP][PASSED] - Statement - counter = counter + 1: null

2018-12-13 13:46:51 - [TEST_STEP][PASSED] - Statement - PreSaveFile = new java.io.File(((pathPrefix + java.lang.Integer.toString(counter)) + .png)): null

2018-12-13 13:46:51 - [TEST_STEP][PASSED] - Statement - counter = counter + 1: null

2018-12-13 13:46:51 - [TEST_STEP][PASSED] - Statement - PreSaveFile = new java.io.File(((pathPrefix + java.lang.Integer.toString(counter)) + .png)): null

2018-12-13 13:46:51 - [TEST_STEP][PASSED] - Statement - counter = counter + 1: null

2018-12-13 13:46:51 - [TEST_STEP][PASSED] - Statement - PreSaveFile = new java.io.File(((pathPrefix + java.lang.Integer.toString(counter)) + .png)): null

2018-12-13 13:46:51 - [TEST_STEP][PASSED] - Statement - counter = counter + 1: null

2018-12-13 13:46:51 - [TEST_STEP][PASSED] - Statement - PreSaveFile = new java.io.File(((pathPrefix + java.lang.Integer.toString(counter)) + .png)): null

2018-12-13 13:46:51 - [TEST_STEP][PASSED] - Statement - counter = counter + 1: null

2018-12-13 13:46:51 - [TEST_STEP][PASSED] - Statement - PreSaveFile = new java.io.File(((pathPrefix + java.lang.Integer.toString(counter)) + .png)): null

2018-12-13 13:46:51 - [TEST_STEP][PASSED] - Statement - counter = counter + 1: null

2018-12-13 13:46:51 - [TEST_STEP][PASSED] - Statement - PreSaveFile = new java.io.File(((pathPrefix + java.lang.Integer.toString(counter)) + .png)): null

2018-12-13 13:46:51 - [TEST_STEP][PASSED] - Statement - counter = counter + 1: null

2018-12-13 13:46:51 - [TEST_STEP][PASSED] - Statement - PreSaveFile = new java.io.File(((pathPrefix + java.lang.Integer.toString(counter)) + .png)): null

2018-12-13 13:46:51 - [TEST_STEP][PASSED] - Statement - counter = counter + 1: null

2018-12-13 13:46:51 - [TEST_STEP][PASSED] - Statement - PreSaveFile = new java.io.File(((pathPrefix + java.lang.Integer.toString(counter)) + .png)): null

2018-12-13 13:46:51 - [TEST_STEP][PASSED] - Statement - counter = counter + 1: null

2018-12-13 13:46:51 - [TEST_STEP][PASSED] - Statement - PreSaveFile = new java.io.File(((pathPrefix + java.lang.Integer.toString(counter)) + .png)): null

2018-12-13 13:46:51 - [TEST_STEP][PASSED] - Statement - counter = counter + 1: null

2018-12-13 13:46:51 - [TEST_STEP][PASSED] - Statement - PreSaveFile = new java.io.File(((pathPrefix + java.lang.Integer.toString(counter)) + .png)): null

2018-12-13 13:46:51 - [TEST_STEP][PASSED] - Statement - counter = counter + 1: null

2018-12-13 13:46:51 - [TEST_STEP][PASSED] - Statement - PreSaveFile = new java.io.File(((pathPrefix + java.lang.Integer.toString(counter)) + .png)): null

2018-12-13 13:46:51 - [TEST_STEP][PASSED] - Statement - counter = counter + 1: null

2018-12-13 13:46:51 - [TEST_STEP][PASSED] - Statement - PreSaveFile = new java.io.File(((pathPrefix + java.lang.Integer.toString(counter)) + .png)): null

2018-12-13 13:46:51 - [TEST_STEP][PASSED] - Statement - counter = counter + 1: null

2018-12-13 13:46:51 - [TEST_STEP][PASSED] - Statement - PreSaveFile = new java.io.File(((pathPrefix + java.lang.Integer.toString(counter)) + .png)): null

2018-12-13 13:46:51 - [TEST_STEP][PASSED] - Statement - counter = counter + 1: null

2018-12-13 13:46:51 - [TEST_STEP][PASSED] - Statement - PreSaveFile = new java.io.File(((pathPrefix + java.lang.Integer.toString(counter)) + .png)): null

2018-12-13 13:46:51 - [TEST_STEP][PASSED] - Statement - counter = counter + 1: null

2018-12-13 13:46:51 - [TEST_STEP][PASSED] - Statement - PreSaveFile = new java.io.File(((pathPrefix + java.lang.Integer.toString(counter)) + .png)): null

2018-12-13 13:46:51 - [TEST_STEP][PASSED] - Statement - counter = counter + 1: null

2018-12-13 13:46:51 - [TEST_STEP][PASSED] - Statement - PreSaveFile = new java.io.File(((pathPrefix + java.lang.Integer.toString(counter)) + .png)): null

2018-12-13 13:46:51 - [TEST_STEP][PASSED] - Statement - counter = counter + 1: null

2018-12-13 13:46:51 - [TEST_STEP][PASSED] - Statement - PreSaveFile = new java.io.File(((pathPrefix + java.lang.Integer.toString(counter)) + .png)): null

2018-12-13 13:46:51 - [TEST_STEP][PASSED] - Statement - counter = counter + 1: null

2018-12-13 13:46:51 - [TEST_STEP][PASSED] - Statement - PreSaveFile = new java.io.File(((pathPrefix + java.lang.Integer.toString(counter)) + .png)): null

2018-12-13 13:46:51 - [TEST_STEP][PASSED] - Statement - counter = counter + 1: null

2018-12-13 13:46:51 - [TEST_STEP][PASSED] - Statement - PreSaveFile = new java.io.File(((pathPrefix + java.lang.Integer.toString(counter)) + .png)): null

2018-12-13 13:46:51 - [TEST_STEP][PASSED] - Statement - counter = counter + 1: null

2018-12-13 13:46:51 - [TEST_STEP][PASSED] - Statement - PreSaveFile = new java.io.File(((pathPrefix + java.lang.Integer.toString(counter)) + .png)): null

2018-12-13 13:46:51 - [TEST_STEP][PASSED] - Statement - counter = counter + 1: null

2018-12-13 13:46:51 - [TEST_STEP][PASSED] - Statement - PreSaveFile = new java.io.File(((pathPrefix + java.lang.Integer.toString(counter)) + .png)): null

2018-12-13 13:46:51 - [TEST_STEP][PASSED] - Statement - counter = counter + 1: null

2018-12-13 13:46:51 - [TEST_STEP][PASSED] - Statement - PreSaveFile = new java.io.File(((pathPrefix + java.lang.Integer.toString(counter)) + .png)): null

2018-12-13 13:46:51 - [TEST_STEP][PASSED] - Statement - counter = counter + 1: null

2018-12-13 13:46:51 - [TEST_STEP][PASSED] - Statement - PreSaveFile = new java.io.File(((pathPrefix + java.lang.Integer.toString(counter)) + .png)): null

2018-12-13 13:46:51 - [TEST_STEP][PASSED] - Statement - counter = counter + 1: null

2018-12-13 13:46:51 - [TEST_STEP][PASSED] - Statement - PreSaveFile = new java.io.File(((pathPrefix + java.lang.Integer.toString(counter)) + .png)): null

2018-12-13 13:46:51 - [TEST_STEP][PASSED] - Statement - counter = counter + 1: null

2018-12-13 13:46:51 - [TEST_STEP][PASSED] - Statement - PreSaveFile = new java.io.File(((pathPrefix + java.lang.Integer.toString(counter)) + .png)): null

2018-12-13 13:46:51 - [TEST_STEP][PASSED] - Statement - counter = counter + 1: null

2018-12-13 13:46:51 - [TEST_STEP][PASSED] - Statement - PreSaveFile = new java.io.File(((pathPrefix + java.lang.Integer.toString(counter)) + .png)): null

2018-12-13 13:46:51 - [TEST_STEP][PASSED] - Statement - counter = counter + 1: null

2018-12-13 13:46:51 - [TEST_STEP][PASSED] - Statement - PreSaveFile = new java.io.File(((pathPrefix + java.lang.Integer.toString(counter)) + .png)): null

2018-12-13 13:46:51 - [TEST_STEP][PASSED] - Statement - counter = counter + 1: null

2018-12-13 13:46:51 - [TEST_STEP][PASSED] - Statement - PreSaveFile = new java.io.File(((pathPrefix + java.lang.Integer.toString(counter)) + .png)): null

2018-12-13 13:46:51 - [TEST_STEP][PASSED] - Statement - counter = counter + 1: null

2018-12-13 13:46:51 - [TEST_STEP][PASSED] - Statement - PreSaveFile = new java.io.File(((pathPrefix + java.lang.Integer.toString(counter)) + .png)): null

2018-12-13 13:46:51 - [TEST_STEP][PASSED] - Statement - counter = counter + 1: null

2018-12-13 13:46:51 - [TEST_STEP][PASSED] - Statement - PreSaveFile = new java.io.File(((pathPrefix + java.lang.Integer.toString(counter)) + .png)): null

2018-12-13 13:46:51 - [TEST_STEP][PASSED] - Statement - counter = counter + 1: null

2018-12-13 13:46:51 - [TEST_STEP][PASSED] - Statement - PreSaveFile = new java.io.File(((pathPrefix + java.lang.Integer.toString(counter)) + .png)): null

2018-12-13 13:46:51 - [TEST_STEP][PASSED] - Statement - counter = counter + 1: null

2018-12-13 13:46:51 - [TEST_STEP][PASSED] - Statement - PreSaveFile = new java.io.File(((pathPrefix + java.lang.Integer.toString(counter)) + .png)): null

2018-12-13 13:46:51 - [TEST_STEP][PASSED] - Statement - counter = counter + 1: null

2018-12-13 13:46:51 - [TEST_STEP][PASSED] - Statement - PreSaveFile = new java.io.File(((pathPrefix + java.lang.Integer.toString(counter)) + .png)): null

2018-12-13 13:46:51 - [TEST_STEP][PASSED] - Statement - counter = counter + 1: null

2018-12-13 13:46:51 - [TEST_STEP][PASSED] - Statement - PreSaveFile = new java.io.File(((pathPrefix + java.lang.Integer.toString(counter)) + .png)): null

2018-12-13 13:46:51 - [TEST_STEP][PASSED] - Statement - counter = counter + 1: null

2018-12-13 13:46:51 - [TEST_STEP][PASSED] - Statement - PreSaveFile = new java.io.File(((pathPrefix + java.lang.Integer.toString(counter)) + .png)): null

2018-12-13 13:46:51 - [TEST_STEP][PASSED] - Statement - counter = counter + 1: null

2018-12-13 13:46:51 - [TEST_STEP][PASSED] - Statement - PreSaveFile = new java.io.File(((pathPrefix + java.lang.Integer.toString(counter)) + .png)): null

2018-12-13 13:46:51 - [TEST_STEP][PASSED] - Statement - counter = counter + 1: null

2018-12-13 13:46:51 - [TEST_STEP][PASSED] - Statement - PreSaveFile = new java.io.File(((pathPrefix + java.lang.Integer.toString(counter)) + .png)): null

2018-12-13 13:46:51 - [TEST_STEP][PASSED] - Statement - counter = counter + 1: null

2018-12-13 13:46:51 - [TEST_STEP][PASSED] - Statement - PreSaveFile = new java.io.File(((pathPrefix + java.lang.Integer.toString(counter)) + .png)): null

2018-12-13 13:46:51 - [TEST_STEP][PASSED] - Statement - counter = counter + 1: null

2018-12-13 13:46:51 - [TEST_STEP][PASSED] - Statement - PreSaveFile = new java.io.File(((pathPrefix + java.lang.Integer.toString(counter)) + .png)): null

2018-12-13 13:46:51 - [TEST_STEP][PASSED] - Statement - counter = counter + 1: null

2018-12-13 13:46:51 - [TEST_STEP][PASSED] - Statement - PreSaveFile = new java.io.File(((pathPrefix + java.lang.Integer.toString(counter)) + .png)): null

2018-12-13 13:46:51 - [TEST_STEP][PASSED] - Statement - counter = counter + 1: null

2018-12-13 13:46:51 - [TEST_STEP][PASSED] - Statement - PreSaveFile = new java.io.File(((pathPrefix + java.lang.Integer.toString(counter)) + .png)): null

2018-12-13 13:46:51 - [TEST_STEP][PASSED] - Statement - counter = counter + 1: null

2018-12-13 13:46:51 - [TEST_STEP][PASSED] - Statement - PreSaveFile = new java.io.File(((pathPrefix + java.lang.Integer.toString(counter)) + .png)): null

2018-12-13 13:46:51 - [TEST_STEP][PASSED] - Statement - counter = counter + 1: null

2018-12-13 13:46:51 - [TEST_STEP][PASSED] - Statement - PreSaveFile = new java.io.File(((pathPrefix + java.lang.Integer.toString(counter)) + .png)): null

2018-12-13 13:46:51 - [TEST_STEP][PASSED] - Statement - counter = counter + 1: null

2018-12-13 13:46:51 - [TEST_STEP][PASSED] - Statement - PreSaveFile = new java.io.File(((pathPrefix + java.lang.Integer.toString(counter)) + .png)): null

2018-12-13 13:46:51 - [TEST_STEP][PASSED] - Statement - counter = counter + 1: null

2018-12-13 13:46:51 - [TEST_STEP][PASSED] - Statement - PreSaveFile = new java.io.File(((pathPrefix + java.lang.Integer.toString(counter)) + .png)): null

2018-12-13 13:46:51 - [TEST_STEP][PASSED] - Statement - counter = counter + 1: null

2018-12-13 13:46:51 - [TEST_STEP][PASSED] - Statement - PreSaveFile = new java.io.File(((pathPrefix + java.lang.Integer.toString(counter)) + .png)): null

2018-12-13 13:46:51 - [TEST_STEP][PASSED] - Statement - counter = counter + 1: null

2018-12-13 13:46:51 - [TEST_STEP][PASSED] - Statement - PreSaveFile = new java.io.File(((pathPrefix + java.lang.Integer.toString(counter)) + .png)): null

2018-12-13 13:46:51 - [TEST_STEP][PASSED] - Statement - counter = counter + 1: null

2018-12-13 13:46:51 - [TEST_STEP][PASSED] - Statement - PreSaveFile = new java.io.File(((pathPrefix + java.lang.Integer.toString(counter)) + .png)): null

2018-12-13 13:46:51 - [TEST_STEP][PASSED] - Statement - counter = counter + 1: null

2018-12-13 13:46:51 - [TEST_STEP][PASSED] - Statement - PreSaveFile = new java.io.File(((pathPrefix + java.lang.Integer.toString(counter)) + .png)): null

2018-12-13 13:46:51 - [TEST_STEP][PASSED] - Statement - counter = counter + 1: null

2018-12-13 13:46:52 - [TEST_STEP][PASSED] - Statement - PreSaveFile = new java.io.File(((pathPrefix + java.lang.Integer.toString(counter)) + .png)): null

2018-12-13 13:46:52 - [TEST_STEP][PASSED] - Statement - counter = counter + 1: null

2018-12-13 13:46:52 - [TEST_STEP][PASSED] - Statement - PreSaveFile = new java.io.File(((pathPrefix + java.lang.Integer.toString(counter)) + .png)): null

2018-12-13 13:46:52 - [TEST_STEP][PASSED] - Statement - counter = counter + 1: null

2018-12-13 13:46:52 - [TEST_STEP][PASSED] - Statement - PreSaveFile = new java.io.File(((pathPrefix + java.lang.Integer.toString(counter)) + .png)): null

2018-12-13 13:46:52 - [TEST_STEP][PASSED] - Statement - counter = counter + 1: null

2018-12-13 13:46:52 - [TEST_STEP][PASSED] - Statement - PreSaveFile = new java.io.File(((pathPrefix + java.lang.Integer.toString(counter)) + .png)): null

2018-12-13 13:46:52 - [TEST_STEP][PASSED] - Statement - counter = counter + 1: null

2018-12-13 13:46:52 - [TEST_STEP][PASSED] - Statement - PreSaveFile = new java.io.File(((pathPrefix + java.lang.Integer.toString(counter)) + .png)): null

2018-12-13 13:46:52 - [TEST_STEP][PASSED] - Statement - counter = counter + 1: null

2018-12-13 13:46:52 - [TEST_STEP][PASSED] - Statement - PreSaveFile = new java.io.File(((pathPrefix + java.lang.Integer.toString(counter)) + .png)): null

2018-12-13 13:46:52 - [TEST_STEP][PASSED] - Statement - counter = counter + 1: null

2018-12-13 13:46:52 - [TEST_STEP][PASSED] - Statement - PreSaveFile = new java.io.File(((pathPrefix + java.lang.Integer.toString(counter)) + .png)): null

2018-12-13 13:46:52 - [TEST_STEP][PASSED] - Statement - counter = counter + 1: null

2018-12-13 13:46:52 - [TEST_STEP][PASSED] - Statement - PreSaveFile = new java.io.File(((pathPrefix + java.lang.Integer.toString(counter)) + .png)): null

2018-12-13 13:46:52 - [TEST_STEP][PASSED] - Statement - counter = counter + 1: null

2018-12-13 13:46:52 - [TEST_STEP][PASSED] - Statement - PreSaveFile = new java.io.File(((pathPrefix + java.lang.Integer.toString(counter)) + .png)): null

2018-12-13 13:46:52 - [TEST_STEP][PASSED] - Statement - counter = counter + 1: null

2018-12-13 13:46:52 - [TEST_STEP][PASSED] - Statement - PreSaveFile = new java.io.File(((pathPrefix + java.lang.Integer.toString(counter)) + .png)): null

2018-12-13 13:46:52 - [TEST_STEP][PASSED] - Statement - counter = counter + 1: null

2018-12-13 13:46:52 - [TEST_STEP][PASSED] - Statement - PreSaveFile = new java.io.File(((pathPrefix + java.lang.Integer.toString(counter)) + .png)): null

2018-12-13 13:46:52 - [TEST_STEP][PASSED] - Statement - counter = counter + 1: null

2018-12-13 13:46:52 - [TEST_STEP][PASSED] - Statement - PreSaveFile = new java.io.File(((pathPrefix + java.lang.Integer.toString(counter)) + .png)): null

2018-12-13 13:46:52 - [TEST_STEP][PASSED] - Statement - counter = counter + 1: null

2018-12-13 13:46:52 - [TEST_STEP][PASSED] - Statement - PreSaveFile = new java.io.File(((pathPrefix + java.lang.Integer.toString(counter)) + .png)): null

2018-12-13 13:46:52 - [TEST_STEP][PASSED] - Statement - counter = counter + 1: null

2018-12-13 13:46:52 - [TEST_STEP][PASSED] - Statement - PreSaveFile = new java.io.File(((pathPrefix + java.lang.Integer.toString(counter)) + .png)): null

2018-12-13 13:46:52 - [TEST_STEP][PASSED] - Statement - counter = counter + 1: null

2018-12-13 13:46:52 - [TEST_STEP][PASSED] - Statement - PreSaveFile = new java.io.File(((pathPrefix + java.lang.Integer.toString(counter)) + .png)): null

2018-12-13 13:46:52 - [TEST_STEP][PASSED] - Statement - counter = counter + 1: null

2018-12-13 13:46:52 - [TEST_STEP][PASSED] - Statement - PreSaveFile = new java.io.File(((pathPrefix + java.lang.Integer.toString(counter)) + .png)): null

2018-12-13 13:46:52 - [TEST_STEP][PASSED] - Statement - counter = counter + 1: null

2018-12-13 13:46:52 - [TEST_STEP][PASSED] - Statement - PreSaveFile = new java.io.File(((pathPrefix + java.lang.Integer.toString(counter)) + .png)): null

2018-12-13 13:46:52 - [TEST_STEP][PASSED] - Statement - counter = counter + 1: null

2018-12-13 13:46:52 - [TEST_STEP][PASSED] - Statement - PreSaveFile = new java.io.File(((pathPrefix + java.lang.Integer.toString(counter)) + .png)): null

2018-12-13 13:46:52 - [TEST_STEP][PASSED] - Statement - counter = counter + 1: null

2018-12-13 13:46:52 - [TEST_STEP][PASSED] - Statement - PreSaveFile = new java.io.File(((pathPrefix + java.lang.Integer.toString(counter)) + .png)): null

2018-12-13 13:46:52 - [TEST_STEP][PASSED] - Statement - counter = counter + 1: null

2018-12-13 13:46:52 - [TEST_STEP][PASSED] - Statement - PreSaveFile = new java.io.File(((pathPrefix + java.lang.Integer.toString(counter)) + .png)): null

2018-12-13 13:46:52 - [TEST_STEP][PASSED] - Statement - counter = counter + 1: null

2018-12-13 13:46:52 - [TEST_STEP][PASSED] - Statement - PreSaveFile = new java.io.File(((pathPrefix + java.lang.Integer.toString(counter)) + .png)): null

2018-12-13 13:46:52 - [TEST_STEP][PASSED] - Statement - counter = counter + 1: null

2018-12-13 13:46:52 - [TEST_STEP][PASSED] - Statement - PreSaveFile = new java.io.File(((pathPrefix + java.lang.Integer.toString(counter)) + .png)): null

2018-12-13 13:46:52 - [TEST_STEP][PASSED] - Statement - counter = counter + 1: null

2018-12-13 13:46:52 - [TEST_STEP][PASSED] - Statement - PreSaveFile = new java.io.File(((pathPrefix + java.lang.Integer.toString(counter)) + .png)): null

2018-12-13 13:46:52 - [TEST_STEP][PASSED] - Statement - counter = counter + 1: null

2018-12-13 13:46:52 - [TEST_STEP][PASSED] - Statement - PreSaveFile = new java.io.File(((pathPrefix + java.lang.Integer.toString(counter)) + .png)): null

2018-12-13 13:46:52 - [TEST_STEP][PASSED] - Statement - counter = counter + 1: null

2018-12-13 13:46:52 - [TEST_STEP][PASSED] - Statement - PreSaveFile = new java.io.File(((pathPrefix + java.lang.Integer.toString(counter)) + .png)): null

2018-12-13 13:46:52 - [TEST_STEP][PASSED] - Statement - counter = counter + 1: null

2018-12-13 13:46:52 - [TEST_STEP][PASSED] - Statement - PreSaveFile = new java.io.File(((pathPrefix + java.lang.Integer.toString(counter)) + .png)): null

2018-12-13 13:46:52 - [TEST_STEP][PASSED] - Statement - counter = counter + 1: null

2018-12-13 13:46:52 - [TEST_STEP][PASSED] - Statement - PreSaveFile = new java.io.File(((pathPrefix + java.lang.Integer.toString(counter)) + .png)): null

2018-12-13 13:46:52 - [TEST_STEP][PASSED] - Statement - counter = counter + 1: null

2018-12-13 13:46:52 - [TEST_STEP][PASSED] - Statement - PreSaveFile = new java.io.File(((pathPrefix + java.lang.Integer.toString(counter)) + .png)): null

2018-12-13 13:46:52 - [TEST_STEP][PASSED] - Statement - counter = counter + 1: null

2018-12-13 13:46:52 - [TEST_STEP][PASSED] - Statement - PreSaveFile = new java.io.File(((pathPrefix + java.lang.Integer.toString(counter)) + .png)): null

2018-12-13 13:46:52 - [TEST_STEP][PASSED] - Statement - counter = counter + 1: null

2018-12-13 13:46:52 - [TEST_STEP][PASSED] - Statement - PreSaveFile = new java.io.File(((pathPrefix + java.lang.Integer.toString(counter)) + .png)): null

2018-12-13 13:46:52 - [TEST_STEP][PASSED] - Statement - counter = counter + 1: null

2018-12-13 13:46:52 - [TEST_STEP][PASSED] - Statement - PreSaveFile = new java.io.File(((pathPrefix + java.lang.Integer.toString(counter)) + .png)): null

2018-12-13 13:46:52 - [TEST_STEP][PASSED] - Statement - counter = counter + 1: null

2018-12-13 13:46:52 - [TEST_STEP][PASSED] - Statement - PreSaveFile = new java.io.File(((pathPrefix + java.lang.Integer.toString(counter)) + .png)): null

2018-12-13 13:46:52 - [TEST_STEP][PASSED] - Statement - counter = counter + 1: null

2018-12-13 13:46:52 - [TEST_STEP][PASSED] - Statement - PreSaveFile = new java.io.File(((pathPrefix + java.lang.Integer.toString(counter)) + .png)): null

2018-12-13 13:46:52 - [TEST_STEP][PASSED] - Statement - counter = counter + 1: null

2018-12-13 13:46:52 - [TEST_STEP][PASSED] - Statement - PreSaveFile = new java.io.File(((pathPrefix + java.lang.Integer.toString(counter)) + .png)): null

2018-12-13 13:46:52 - [TEST_STEP][PASSED] - Statement - counter = counter + 1: null

2018-12-13 13:46:52 - [TEST_STEP][PASSED] - Statement - PreSaveFile = new java.io.File(((pathPrefix + java.lang.Integer.toString(counter)) + .png)): null

2018-12-13 13:46:52 - [TEST_STEP][PASSED] - Statement - counter = counter + 1: null

2018-12-13 13:46:52 - [TEST_STEP][PASSED] - Statement - PreSaveFile = new java.io.File(((pathPrefix + java.lang.Integer.toString(counter)) + .png)): null

2018-12-13 13:46:52 - [TEST_STEP][PASSED] - Statement - counter = counter + 1: null

2018-12-13 13:46:52 - [TEST_STEP][PASSED] - Statement - PreSaveFile = new java.io.File(((pathPrefix + java.lang.Integer.toString(counter)) + .png)): null

2018-12-13 13:46:52 - [TEST_STEP][PASSED] - Statement - counter = counter + 1: null

2018-12-13 13:46:52 - [TEST_STEP][PASSED] - Statement - PreSaveFile = new java.io.File(((pathPrefix + java.lang.Integer.toString(counter)) + .png)): null

2018-12-13 13:46:52 - [TEST_STEP][PASSED] - Statement - counter = counter + 1: null

2018-12-13 13:46:52 - [TEST_STEP][PASSED] - Statement - PreSaveFile = new java.io.File(((pathPrefix + java.lang.Integer.toString(counter)) + .png)): null

2018-12-13 13:46:52 - [TEST_STEP][PASSED] - Statement - counter = counter + 1: null

2018-12-13 13:46:52 - [TEST_STEP][PASSED] - Statement - PreSaveFile = new java.io.File(((pathPrefix + java.lang.Integer.toString(counter)) + .png)): null

2018-12-13 13:46:52 - [TEST_STEP][PASSED] - Statement - counter = counter + 1: null

2018-12-13 13:46:52 - [TEST_STEP][PASSED] - Statement - PreSaveFile = new java.io.File(((pathPrefix + java.lang.Integer.toString(counter)) + .png)): null

2018-12-13 13:46:52 - [TEST_STEP][PASSED] - Statement - counter = counter + 1: null

2018-12-13 13:46:52 - [TEST_STEP][PASSED] - Statement - PreSaveFile = new java.io.File(((pathPrefix + java.lang.Integer.toString(counter)) + .png)): null

2018-12-13 13:46:52 - [TEST_STEP][PASSED] - Statement - counter = counter + 1: null

2018-12-13 13:46:52 - [TEST_STEP][PASSED] - Statement - PreSaveFile = new java.io.File(((pathPrefix + java.lang.Integer.toString(counter)) + .png)): null

2018-12-13 13:46:52 - [TEST_STEP][PASSED] - Statement - counter = counter + 1: null

2018-12-13 13:46:52 - [TEST_STEP][PASSED] - Statement - PreSaveFile = new java.io.File(((pathPrefix + java.lang.Integer.toString(counter)) + .png)): null

2018-12-13 13:46:52 - [TEST_STEP][PASSED] - Statement - counter = counter + 1: null

2018-12-13 13:46:52 - [TEST_STEP][PASSED] - Statement - PreSaveFile = new java.io.File(((pathPrefix + java.lang.Integer.toString(counter)) + .png)): null

2018-12-13 13:46:52 - [TEST_STEP][PASSED] - Statement - counter = counter + 1: null

2018-12-13 13:46:52 - [TEST_STEP][PASSED] - Statement - PreSaveFile = new java.io.File(((pathPrefix + java.lang.Integer.toString(counter)) + .png)): null

2018-12-13 13:46:52 - [TEST_STEP][PASSED] - Statement - counter = counter + 1: null

2018-12-13 13:46:52 - [TEST_STEP][PASSED] - Statement - PreSaveFile = new java.io.File(((pathPrefix + java.lang.Integer.toString(counter)) + .png)): null

2018-12-13 13:46:52 - [TEST_STEP][PASSED] - Statement - counter = counter + 1: null

2018-12-13 13:46:52 - [TEST_STEP][PASSED] - Statement - PreSaveFile = new java.io.File(((pathPrefix + java.lang.Integer.toString(counter)) + .png)): null

2018-12-13 13:46:52 - [TEST_STEP][PASSED] - Statement - counter = counter + 1: null

2018-12-13 13:46:52 - [TEST_STEP][PASSED] - Statement - PreSaveFile = new java.io.File(((pathPrefix + java.lang.Integer.toString(counter)) + .png)): null

2018-12-13 13:46:52 - [TEST_STEP][PASSED] - Statement - counter = counter + 1: null

2018-12-13 13:46:52 - [TEST_STEP][PASSED] - Statement - PreSaveFile = new java.io.File(((pathPrefix + java.lang.Integer.toString(counter)) + .png)): null

2018-12-13 13:46:52 - [TEST_STEP][PASSED] - Statement - counter = counter + 1: null

2018-12-13 13:46:52 - [TEST_STEP][PASSED] - Statement - PreSaveFile = new java.io.File(((pathPrefix + java.lang.Integer.toString(counter)) + .png)): null

2018-12-13 13:46:52 - [TEST_STEP][PASSED] - Statement - counter = counter + 1: null

2018-12-13 13:46:52 - [TEST_STEP][PASSED] - Statement - PreSaveFile = new java.io.File(((pathPrefix + java.lang.Integer.toString(counter)) + .png)): null

2018-12-13 13:46:52 - [TEST_STEP][PASSED] - Statement - counter = counter + 1: null

2018-12-13 13:46:52 - [TEST_STEP][PASSED] - Statement - PreSaveFile = new java.io.File(((pathPrefix + java.lang.Integer.toString(counter)) + .png)): null

2018-12-13 13:46:52 - [TEST_STEP][PASSED] - Statement - counter = counter + 1: null

2018-12-13 13:46:52 - [TEST_STEP][PASSED] - Statement - PreSaveFile = new java.io.File(((pathPrefix + java.lang.Integer.toString(counter)) + .png)): null

2018-12-13 13:46:52 - [TEST_STEP][PASSED] - Statement - counter = counter + 1: null

2018-12-13 13:46:52 - [TEST_STEP][PASSED] - Statement - PreSaveFile = new java.io.File(((pathPrefix + java.lang.Integer.toString(counter)) + .png)): null

2018-12-13 13:46:52 - [TEST_STEP][PASSED] - Statement - counter = counter + 1: null

2018-12-13 13:46:52 - [TEST_STEP][PASSED] - Statement - PreSaveFile = new java.io.File(((pathPrefix + java.lang.Integer.toString(counter)) + .png)): null

2018-12-13 13:46:52 - [TEST_STEP][PASSED] - Statement - counter = counter + 1: null

2018-12-13 13:46:52 - [TEST_STEP][PASSED] - Statement - PreSaveFile = new java.io.File(((pathPrefix + java.lang.Integer.toString(counter)) + .png)): null

2018-12-13 13:46:52 - [TEST_STEP][PASSED] - Statement - counter = counter + 1: null

2018-12-13 13:46:52 - [TEST_STEP][PASSED] - Statement - PreSaveFile = new java.io.File(((pathPrefix + java.lang.Integer.toString(counter)) + .png)): null

2018-12-13 13:46:52 - [TEST_STEP][PASSED] - Statement - counter = counter + 1: null

2018-12-13 13:46:52 - [TEST_STEP][PASSED] - Statement - PreSaveFile = new java.io.File(((pathPrefix + java.lang.Integer.toString(counter)) + .png)): null

2018-12-13 13:46:52 - [TEST_STEP][PASSED] - Statement - counter = counter + 1: null

2018-12-13 13:46:52 - [TEST_STEP][PASSED] - Statement - PreSaveFile = new java.io.File(((pathPrefix + java.lang.Integer.toString(counter)) + .png)): null

2018-12-13 13:46:52 - [TEST_STEP][PASSED] - Statement - counter = counter + 1: null

2018-12-13 13:46:52 - [TEST_STEP][PASSED] - Statement - PreSaveFile = new java.io.File(((pathPrefix + java.lang.Integer.toString(counter)) + .png)): null

2018-12-13 13:46:52 - [TEST_STEP][PASSED] - Statement - finalPath = pathPrefix + java.lang.Integer.toString(counter) + ".png": null

2018-12-13 13:46:52 - [TEST_STEP][PASSED] - Statement - SaveFile = new java.io.File(finalPath): null

2018-12-13 13:46:52 - [TEST_STEP][PASSED] - Statement - Try: null

2018-12-13 13:46:52 - [TEST_STEP][PASSED] - Statement - org.apache.commons.io.FileUtils.copyFile(scrFile, SaveFile): null

2018-12-13 13:46:52 - [TEST_STEP][PASSED] - Statement - out.println("file kept"): null

2018-12-13 13:46:52 - [TEST_STEP][PASSED] - delay: Delayed 10 second(s)

2018-12-13 13:47:02 - [MESSAGE][PASSED] - Delayed 10 second(s)

2018-12-13 13:47:02 - [MESSAGE][PASSED] - Call Test Case 'Test Cases/Final Aug 2018 - PKS Automation/Registration Module/New Registration/Submit and Screenshot/Submit Registration and Screenshot' successfully

2018-12-13 13:47:02 - [TEST_STEP][PASSED] - callTestCase: Call Test Case 'Test Cases/Final Aug 2018 - PKS Automation/Registration Module/Log Out/log out avoiding katalon tagging' successfully

2018-12-13 13:47:02 - [TEST_CASE][PASSED] - Test Cases/Final Aug 2018 - PKS Automation/Registration Module/Log Out/log out avoiding katalon tagging: Test Cases/Final Aug 2018 - PKS Automation/Registration Module/Log Out/log out avoiding katalon tagging

2018-12-13 13:47:02 - [TEST_STEP][PASSED] - navigateToUrl: Navigate to 'https://assist2-uat.perkeso.gov.my/c/portal/logout' successfully

2018-12-13 13:47:03 - [MESSAGE][PASSED] - Navigate to 'https://assist2-uat.perkeso.gov.my/c/portal/logout' successfully

2018-12-13 13:47:03 - [MESSAGE][PASSED] - Call Test Case 'Test Cases/Final Aug 2018 - PKS Automation/Registration Module/Log Out/log out avoiding katalon tagging' successfully]]></system-out>
         <system-err><![CDATA[]]></system-err>
      </testcase>
      <testcase name="Test Cases/Final Aug 2018 - PKS Automation/Registration Module/Workflow/New Registration/Employer to RO - Query - Submit" classname="Test Cases/Final Aug 2018 - PKS Automation/Registration Module/Workflow/New Registration/Employer to RO - Query - Submit" status="PASSED">
         <system-out><![CDATA[2018-12-13 13:47:03 - [TEST_CASE][PASSED] - Test Cases/Final Aug 2018 - PKS Automation/Registration Module/Workflow/New Registration/Employer to RO - Query - Submit: Test Cases/Final Aug 2018 - PKS Automation/Registration Module/Workflow/New Registration/Employer to RO - Query - Submit

2018-12-13 13:47:03 - [TEST_STEP][PASSED] - callTestCase: Call Test Case 'Test Cases/Final Aug 2018 - PKS Automation/Registration Module/Workflow/New Registration/Template/Special Case - Employer - Form 1' successfully

2018-12-13 13:47:03 - [TEST_CASE][PASSED] - Test Cases/Final Aug 2018 - PKS Automation/Registration Module/Workflow/New Registration/Template/Special Case - Employer - Form 1: Test Cases/Final Aug 2018 - PKS Automation/Registration Module/Workflow/New Registration/Template/Special Case - Employer - Form 1

2018-12-13 13:47:03 - [TEST_STEP][PASSED] - callTestCase: Call Test Case 'Test Cases/Final Aug 2018 - PKS Automation/Create Employer Acc/Create Employer Account' successfully

2018-12-13 13:47:03 - [TEST_CASE][PASSED] - Test Cases/Final Aug 2018 - PKS Automation/Create Employer Acc/Create Employer Account: Test Cases/Final Aug 2018 - PKS Automation/Create Employer Acc/Create Employer Account

2018-12-13 13:47:04 - [TEST_STEP][PASSED] - callTestCase: Call Test Case 'Test Cases/Final Aug 2018 - PKS Automation/Create Employer Acc/Template/Register Employer' successfully

2018-12-13 13:47:04 - [TEST_CASE][PASSED] - Test Cases/Final Aug 2018 - PKS Automation/Create Employer Acc/Template/Register Employer: Test Cases/Final Aug 2018 - PKS Automation/Create Employer Acc/Template/Register Employer

2018-12-13 13:47:04 - [TEST_STEP][PASSED] - openBrowser: Browser is opened with url: ''

2018-12-13 13:47:04 - [MESSAGE][WARNING] - A browser is already opened. Closing browser and opening a new one

2018-12-13 13:47:08 - [MESSAGE][PASSED] - Browser is opened with url: ''

2018-12-13 13:47:08 - [TEST_STEP][PASSED] - navigateToUrl: Navigate to 'https://assist2-uat.perkeso.gov.my/login' successfully

2018-12-13 13:47:09 - [MESSAGE][PASSED] - Navigate to 'https://assist2-uat.perkeso.gov.my/login' successfully

2018-12-13 13:47:09 - [TEST_STEP][PASSED] - setText: Text 'johorotc1@gmail.com' is set on object 'Object Repository/Final Object Repo/Login Page/Internal User/Email Address'

2018-12-13 13:47:09 - [MESSAGE][PASSED] - Text 'johorotc1@gmail.com' is set on object 'Object Repository/Final Object Repo/Login Page/Internal User/Email Address'

2018-12-13 13:47:09 - [TEST_STEP][PASSED] - click: Object: 'Object Repository/Final Object Repo/Login Page/Internal User/Next Button' is clicked on

2018-12-13 13:47:09 - [MESSAGE][PASSED] - Object: 'Object Repository/Final Object Repo/Login Page/Internal User/Next Button' is clicked on

2018-12-13 13:47:09 - [TEST_STEP][PASSED] - delay: Delayed 1 second(s)

2018-12-13 13:47:10 - [MESSAGE][PASSED] - Delayed 1 second(s)

2018-12-13 13:47:10 - [TEST_STEP][PASSED] - setEncryptedText: Text ****** has been set on object 'Object Repository/Final Object Repo/Login Page/Internal User/Password'

2018-12-13 13:47:11 - [MESSAGE][PASSED] - Text ****** has been set on object 'Object Repository/Final Object Repo/Login Page/Internal User/Password'

2018-12-13 13:47:11 - [TEST_STEP][PASSED] - click: Object: 'Object Repository/Final Object Repo/Login Page/Internal User/Login Button' is clicked on

2018-12-13 13:47:11 - [MESSAGE][PASSED] - Object: 'Object Repository/Final Object Repo/Login Page/Internal User/Login Button' is clicked on

2018-12-13 13:47:11 - [TEST_STEP][PASSED] - delay: Delayed 1 second(s)

2018-12-13 13:47:12 - [MESSAGE][PASSED] - Delayed 1 second(s)

2018-12-13 13:47:12 - [TEST_STEP][PASSED] - navigateToUrl: Navigate to 'https://assist2-uat.perkeso.gov.my/web/base/portal-id/registration' successfully

2018-12-13 13:47:14 - [MESSAGE][PASSED] - Navigate to 'https://assist2-uat.perkeso.gov.my/web/base/portal-id/registration' successfully

2018-12-13 13:47:14 - [TEST_STEP][PASSED] - setText: Text 'AUTOMATION EMPLOYER' is set on object 'Object Repository/Final Object Repo/Creating Employer Account/Page_Registration - ASSIST (Base)/Employer Name'

2018-12-13 13:47:14 - [MESSAGE][PASSED] - Text 'AUTOMATION EMPLOYER' is set on object 'Object Repository/Final Object Repo/Creating Employer Account/Page_Registration - ASSIST (Base)/Employer Name'

2018-12-13 13:47:14 - [TEST_STEP][PASSED] - delay: Delayed 2 second(s)

2018-12-13 13:47:16 - [MESSAGE][PASSED] - Delayed 2 second(s)

2018-12-13 13:47:16 - [TEST_STEP][PASSED] - click: Object: 'Object Repository/Final Object Repo/Creating Employer Account/Page_Registration - ASSIST (Base)/Registration Type' is clicked on

2018-12-13 13:47:16 - [MESSAGE][PASSED] - Object: 'Object Repository/Final Object Repo/Creating Employer Account/Page_Registration - ASSIST (Base)/Registration Type' is clicked on

2018-12-13 13:47:16 - [TEST_STEP][PASSED] - delay: Delayed 2 second(s)

2018-12-13 13:47:18 - [MESSAGE][PASSED] - Delayed 2 second(s)

2018-12-13 13:47:18 - [TEST_STEP][PASSED] - click: Object: 'Object Repository/Final Object Repo/Creating Employer Account/Page_Registration - ASSIST (Base)/Registration Type - Registration No' is clicked on

2018-12-13 13:47:19 - [MESSAGE][PASSED] - Object: 'Object Repository/Final Object Repo/Creating Employer Account/Page_Registration - ASSIST (Base)/Registration Type - Registration No' is clicked on

2018-12-13 13:47:19 - [TEST_STEP][PASSED] - delay: Delayed 2 second(s)

2018-12-13 13:47:21 - [MESSAGE][PASSED] - Delayed 2 second(s)

2018-12-13 13:47:21 - [TEST_STEP][PASSED] - setText: Text 'AUTOMATE001' is set on object 'Object Repository/Final Object Repo/Creating Employer Account/Page_Registration - ASSIST (Base)/Registration Number'

2018-12-13 13:47:21 - [MESSAGE][PASSED] - Text 'AUTOMATE001' is set on object 'Object Repository/Final Object Repo/Creating Employer Account/Page_Registration - ASSIST (Base)/Registration Number'

2018-12-13 13:47:21 - [TEST_STEP][PASSED] - delay: Delayed 2 second(s)

2018-12-13 13:47:23 - [MESSAGE][PASSED] - Delayed 2 second(s)

2018-12-13 13:47:23 - [TEST_STEP][PASSED] - setText: Text 'ADDRESS 1' is set on object 'Object Repository/Final Object Repo/Creating Employer Account/Page_Registration - ASSIST (Base)/Postal Address 1'

2018-12-13 13:47:23 - [MESSAGE][PASSED] - Text 'ADDRESS 1' is set on object 'Object Repository/Final Object Repo/Creating Employer Account/Page_Registration - ASSIST (Base)/Postal Address 1'

2018-12-13 13:47:23 - [TEST_STEP][PASSED] - setText: Text 'ADDRESS 2' is set on object 'Object Repository/Final Object Repo/Creating Employer Account/Page_Registration - ASSIST (Base)/Postal Address 2'

2018-12-13 13:47:23 - [MESSAGE][PASSED] - Text 'ADDRESS 2' is set on object 'Object Repository/Final Object Repo/Creating Employer Account/Page_Registration - ASSIST (Base)/Postal Address 2'

2018-12-13 13:47:23 - [TEST_STEP][PASSED] - click: Object: 'Object Repository/Final Object Repo/Creating Employer Account/Page_Registration - ASSIST (Base)/State' is clicked on

2018-12-13 13:47:24 - [MESSAGE][PASSED] - Object: 'Object Repository/Final Object Repo/Creating Employer Account/Page_Registration - ASSIST (Base)/State' is clicked on

2018-12-13 13:47:24 - [TEST_STEP][PASSED] - delay: Delayed 2 second(s)

2018-12-13 13:47:26 - [MESSAGE][PASSED] - Delayed 2 second(s)

2018-12-13 13:47:26 - [TEST_STEP][PASSED] - click: Object: 'Object Repository/Final Object Repo/Creating Employer Account/Page_Registration - ASSIST (Base)/State - Johor' is clicked on

2018-12-13 13:47:26 - [MESSAGE][PASSED] - Object: 'Object Repository/Final Object Repo/Creating Employer Account/Page_Registration - ASSIST (Base)/State - Johor' is clicked on

2018-12-13 13:47:26 - [TEST_STEP][PASSED] - delay: Delayed 2 second(s)

2018-12-13 13:47:28 - [MESSAGE][PASSED] - Delayed 2 second(s)

2018-12-13 13:47:28 - [TEST_STEP][PASSED] - click: Object: 'Object Repository/Final Object Repo/Creating Employer Account/Page_Registration - ASSIST (Base)/City' is clicked on

2018-12-13 13:47:28 - [MESSAGE][PASSED] - Object: 'Object Repository/Final Object Repo/Creating Employer Account/Page_Registration - ASSIST (Base)/City' is clicked on

2018-12-13 13:47:28 - [TEST_STEP][PASSED] - delay: Delayed 2 second(s)

2018-12-13 13:47:30 - [MESSAGE][PASSED] - Delayed 2 second(s)

2018-12-13 13:47:30 - [TEST_STEP][PASSED] - setText: Text 'joh' is set on object 'Object Repository/Final Object Repo/Creating Employer Account/Page_Registration - ASSIST (Base)/City - joh'

2018-12-13 13:47:30 - [MESSAGE][PASSED] - Text 'joh' is set on object 'Object Repository/Final Object Repo/Creating Employer Account/Page_Registration - ASSIST (Base)/City - joh'

2018-12-13 13:47:30 - [TEST_STEP][PASSED] - delay: Delayed 2 second(s)

2018-12-13 13:47:32 - [MESSAGE][PASSED] - Delayed 2 second(s)

2018-12-13 13:47:32 - [TEST_STEP][PASSED] - click: Object: 'Object Repository/Final Object Repo/Creating Employer Account/Page_Registration - ASSIST (Base)/City - Johor Bharu' is clicked on

2018-12-13 13:47:32 - [MESSAGE][PASSED] - Object: 'Object Repository/Final Object Repo/Creating Employer Account/Page_Registration - ASSIST (Base)/City - Johor Bharu' is clicked on

2018-12-13 13:47:32 - [TEST_STEP][PASSED] - delay: Delayed 2 second(s)

2018-12-13 13:47:34 - [MESSAGE][PASSED] - Delayed 2 second(s)

2018-12-13 13:47:34 - [TEST_STEP][PASSED] - click: Object: 'Object Repository/Final Object Repo/Creating Employer Account/Page_Registration - ASSIST (Base)/Post Code' is clicked on

2018-12-13 13:47:35 - [MESSAGE][PASSED] - Object: 'Object Repository/Final Object Repo/Creating Employer Account/Page_Registration - ASSIST (Base)/Post Code' is clicked on

2018-12-13 13:47:35 - [TEST_STEP][PASSED] - delay: Delayed 2 second(s)

2018-12-13 13:47:37 - [MESSAGE][PASSED] - Delayed 2 second(s)

2018-12-13 13:47:37 - [TEST_STEP][PASSED] - setText: Text '810' is set on object 'Object Repository/Final Object Repo/Creating Employer Account/Page_Registration - ASSIST (Base)/Post Code - 810'

2018-12-13 13:47:37 - [MESSAGE][PASSED] - Text '810' is set on object 'Object Repository/Final Object Repo/Creating Employer Account/Page_Registration - ASSIST (Base)/Post Code - 810'

2018-12-13 13:47:37 - [TEST_STEP][PASSED] - delay: Delayed 2 second(s)

2018-12-13 13:47:39 - [MESSAGE][PASSED] - Delayed 2 second(s)

2018-12-13 13:47:39 - [TEST_STEP][PASSED] - click: Object: 'Object Repository/Final Object Repo/Creating Employer Account/Page_Registration - ASSIST (Base)/Post Code - 81000' is clicked on

2018-12-13 13:47:39 - [MESSAGE][PASSED] - Object: 'Object Repository/Final Object Repo/Creating Employer Account/Page_Registration - ASSIST (Base)/Post Code - 81000' is clicked on

2018-12-13 13:47:39 - [TEST_STEP][PASSED] - delay: Delayed 2 second(s)

2018-12-13 13:47:41 - [MESSAGE][PASSED] - Delayed 2 second(s)

2018-12-13 13:47:41 - [TEST_STEP][PASSED] - setText: Text 'PERKESO' is set on object 'Object Repository/Final Object Repo/Creating Employer Account/Page_Registration - ASSIST (Base)/Full Name'

2018-12-13 13:47:41 - [MESSAGE][PASSED] - Text 'PERKESO' is set on object 'Object Repository/Final Object Repo/Creating Employer Account/Page_Registration - ASSIST (Base)/Full Name'

2018-12-13 13:47:41 - [TEST_STEP][PASSED] - Statement - rnd = new java.util.Random(): null

2018-12-13 13:47:41 - [TEST_STEP][PASSED] - Statement - snum = rnd.nextInt(899999 + 1) + 100000: null

2018-12-13 13:47:41 - [TEST_STEP][PASSED] - Statement - tnum = rnd.nextInt(899999 + 1) + 100000: null

2018-12-13 13:47:41 - [TEST_STEP][PASSED] - Statement - IC = java.lang.Integer.toString(snum) + java.lang.Integer.toString(tnum): null

2018-12-13 13:47:41 - [TEST_STEP][PASSED] - Statement - out.println(IC): null

2018-12-13 13:47:41 - [TEST_STEP][PASSED] - setText: Text '340965603314' is set on object 'Object Repository/Final Object Repo/Creating Employer Account/Page_Registration - ASSIST (Base)/Identification Number'

2018-12-13 13:47:42 - [MESSAGE][PASSED] - Text '340965603314' is set on object 'Object Repository/Final Object Repo/Creating Employer Account/Page_Registration - ASSIST (Base)/Identification Number'

2018-12-13 13:47:42 - [TEST_STEP][PASSED] - delay: Delayed 2 second(s)

2018-12-13 13:47:44 - [MESSAGE][PASSED] - Delayed 2 second(s)

2018-12-13 13:47:44 - [TEST_STEP][PASSED] - setText: Text '123456789012' is set on object 'Object Repository/Final Object Repo/Creating Employer Account/Page_Registration - ASSIST (Base)/Contact Number'

2018-12-13 13:47:44 - [MESSAGE][PASSED] - Text '123456789012' is set on object 'Object Repository/Final Object Repo/Creating Employer Account/Page_Registration - ASSIST (Base)/Contact Number'

2018-12-13 13:47:44 - [TEST_STEP][PASSED] - Statement - Email = "perkeso" + IC + "@gmail.com": null

2018-12-13 13:47:44 - [TEST_STEP][PASSED] - delay: Delayed 2 second(s)

2018-12-13 13:47:46 - [MESSAGE][PASSED] - Delayed 2 second(s)

2018-12-13 13:47:46 - [TEST_STEP][PASSED] - callTestCase: Call Test Case 'Test Cases/Final Aug 2018 - PKS Automation/Create Employer Acc/Template/Employer Email Settler' successfully

2018-12-13 13:47:46 - [TEST_CASE][PASSED] - Test Cases/Final Aug 2018 - PKS Automation/Create Employer Acc/Template/Employer Email Settler: Test Cases/Final Aug 2018 - PKS Automation/Create Employer Acc/Template/Employer Email Settler

2018-12-13 13:47:46 - [TEST_STEP][PASSED] - Statement - EmpEmailOld = new java.io.File(C://Users//Admin//Desktop//PKS//Automation Reference Point//EmpEmail.txt): null

2018-12-13 13:47:46 - [TEST_STEP][PASSED] - Statement - EmpEmailOld.delete(): null

2018-12-13 13:47:46 - [TEST_STEP][PASSED] - delay: Delayed 5 second(s)

2018-12-13 13:47:51 - [MESSAGE][PASSED] - Delayed 5 second(s)

2018-12-13 13:47:51 - [TEST_STEP][PASSED] - Statement - EmpEmail = new java.io.File(C://Users//Admin//Desktop//PKS//Automation Reference Point//EmpEmail.txt): null

2018-12-13 13:47:51 - [TEST_STEP][PASSED] - Statement - f2 = new java.io.FileWriter(EmpEmail, false): null

2018-12-13 13:47:51 - [TEST_STEP][PASSED] - Statement - f2.write(Email): null

2018-12-13 13:47:51 - [TEST_STEP][PASSED] - Statement - f2.close(): null

2018-12-13 13:47:51 - [TEST_STEP][PASSED] - Statement - out.println(Email): null

2018-12-13 13:47:51 - [MESSAGE][PASSED] - Call Test Case 'Test Cases/Final Aug 2018 - PKS Automation/Create Employer Acc/Template/Employer Email Settler' successfully

2018-12-13 13:47:51 - [TEST_STEP][PASSED] - delay: Delayed 2 second(s)

2018-12-13 13:47:53 - [MESSAGE][PASSED] - Delayed 2 second(s)

2018-12-13 13:47:53 - [TEST_STEP][PASSED] - setText: Text 'perkeso340965603314@gmail.com' is set on object 'Object Repository/Final Object Repo/Creating Employer Account/Page_Registration - ASSIST (Base)/Email'

2018-12-13 13:47:54 - [MESSAGE][PASSED] - Text 'perkeso340965603314@gmail.com' is set on object 'Object Repository/Final Object Repo/Creating Employer Account/Page_Registration - ASSIST (Base)/Email'

2018-12-13 13:47:54 - [TEST_STEP][PASSED] - setText: Text '123' is set on object 'Object Repository/Final Object Repo/Creating Employer Account/Page_Registration - ASSIST (Base)/Security Phase'

2018-12-13 13:47:54 - [MESSAGE][PASSED] - Text '123' is set on object 'Object Repository/Final Object Repo/Creating Employer Account/Page_Registration - ASSIST (Base)/Security Phase'

2018-12-13 13:47:54 - [TEST_STEP][PASSED] - click: Object: 'Object Repository/Final Object Repo/Creating Employer Account/Page_Registration - ASSIST (Base)/Save  Continue' is clicked on

2018-12-13 13:47:54 - [MESSAGE][PASSED] - Object: 'Object Repository/Final Object Repo/Creating Employer Account/Page_Registration - ASSIST (Base)/Save  Continue' is clicked on

2018-12-13 13:47:54 - [TEST_STEP][PASSED] - delay: Delayed 2 second(s)

2018-12-13 13:47:56 - [MESSAGE][PASSED] - Delayed 2 second(s)

2018-12-13 13:47:56 - [TEST_STEP][PASSED] - click: Object: 'Object Repository/Final Object Repo/Creating Employer Account/Page_Registration - ASSIST (Base)/Add Document' is clicked on

2018-12-13 13:47:56 - [MESSAGE][PASSED] - Object: 'Object Repository/Final Object Repo/Creating Employer Account/Page_Registration - ASSIST (Base)/Add Document' is clicked on

2018-12-13 13:47:56 - [TEST_STEP][PASSED] - delay: Delayed 2 second(s)

2018-12-13 13:47:58 - [MESSAGE][PASSED] - Delayed 2 second(s)

2018-12-13 13:47:58 - [TEST_STEP][PASSED] - click: Object: 'Object Repository/Final Object Repo/Creating Employer Account/Page_Registration - ASSIST (Base)/Document Type' is clicked on

2018-12-13 13:47:58 - [MESSAGE][PASSED] - Object: 'Object Repository/Final Object Repo/Creating Employer Account/Page_Registration - ASSIST (Base)/Document Type' is clicked on

2018-12-13 13:47:58 - [TEST_STEP][PASSED] - delay: Delayed 2 second(s)

2018-12-13 13:48:00 - [MESSAGE][PASSED] - Delayed 2 second(s)

2018-12-13 13:48:00 - [TEST_STEP][PASSED] - click: Object: 'Object Repository/Final Object Repo/Creating Employer Account/Page_Registration - ASSIST (Base)/Document Type - Letter of Authorization' is clicked on

2018-12-13 13:48:01 - [MESSAGE][PASSED] - Object: 'Object Repository/Final Object Repo/Creating Employer Account/Page_Registration - ASSIST (Base)/Document Type - Letter of Authorization' is clicked on

2018-12-13 13:48:01 - [TEST_STEP][PASSED] - delay: Delayed 2 second(s)

2018-12-13 13:48:03 - [MESSAGE][PASSED] - Delayed 2 second(s)

2018-12-13 13:48:03 - [TEST_STEP][PASSED] - sendKeys: Keys 'C:\Users\Public\Pictures\Sample Pictures\Koala.jpg' sent to object: 'Object Repository/Final Object Repo/Creating Employer Account/Page_Registration - ASSIST (Base)/Uploading File'

2018-12-13 13:48:03 - [MESSAGE][PASSED] - Keys 'C:\Users\Public\Pictures\Sample Pictures\Koala.jpg' sent to object: 'Object Repository/Final Object Repo/Creating Employer Account/Page_Registration - ASSIST (Base)/Uploading File'

2018-12-13 13:48:03 - [TEST_STEP][PASSED] - delay: Delayed 2 second(s)

2018-12-13 13:48:05 - [MESSAGE][PASSED] - Delayed 2 second(s)

2018-12-13 13:48:05 - [TEST_STEP][PASSED] - click: Object: 'Object Repository/Final Object Repo/Creating Employer Account/Page_Registration - ASSIST (Base)/Add Document in Uploading File' is clicked on

2018-12-13 13:48:05 - [MESSAGE][PASSED] - Object: 'Object Repository/Final Object Repo/Creating Employer Account/Page_Registration - ASSIST (Base)/Add Document in Uploading File' is clicked on

2018-12-13 13:48:05 - [TEST_STEP][PASSED] - delay: Delayed 2 second(s)

2018-12-13 13:48:07 - [MESSAGE][PASSED] - Delayed 2 second(s)

2018-12-13 13:48:07 - [TEST_STEP][PASSED] - click: Object: 'Object Repository/Final Object Repo/Creating Employer Account/Page_Registration - ASSIST (Base)/Save' is clicked on

2018-12-13 13:48:07 - [MESSAGE][PASSED] - Object: 'Object Repository/Final Object Repo/Creating Employer Account/Page_Registration - ASSIST (Base)/Save' is clicked on

2018-12-13 13:48:07 - [TEST_STEP][PASSED] - delay: Delayed 2 second(s)

2018-12-13 13:48:09 - [MESSAGE][PASSED] - Delayed 2 second(s)

2018-12-13 13:48:09 - [TEST_STEP][PASSED] - click: Object: 'Object Repository/Final Object Repo/Creating Employer Account/Page_Registration - ASSIST (Base)/Submit' is clicked on

2018-12-13 13:48:09 - [MESSAGE][PASSED] - Object: 'Object Repository/Final Object Repo/Creating Employer Account/Page_Registration - ASSIST (Base)/Submit' is clicked on

2018-12-13 13:48:09 - [TEST_STEP][PASSED] - delay: Delayed 2 second(s)

2018-12-13 13:48:11 - [MESSAGE][PASSED] - Delayed 2 second(s)

2018-12-13 13:48:11 - [TEST_STEP][PASSED] - click: Object: 'Object Repository/Final Object Repo/Creating Employer Account/Page_Registration - ASSIST (Base)/Confirm' is clicked on

2018-12-13 13:48:11 - [MESSAGE][PASSED] - Object: 'Object Repository/Final Object Repo/Creating Employer Account/Page_Registration - ASSIST (Base)/Confirm' is clicked on

2018-12-13 13:48:11 - [MESSAGE][PASSED] - Call Test Case 'Test Cases/Final Aug 2018 - PKS Automation/Create Employer Acc/Template/Register Employer' successfully

2018-12-13 13:48:11 - [TEST_STEP][PASSED] - delay: Delayed 1 second(s)

2018-12-13 13:48:12 - [MESSAGE][PASSED] - Delayed 1 second(s)

2018-12-13 13:48:12 - [TEST_STEP][PASSED] - navigateToUrl: Navigate to 'https://assist2-uat.perkeso.gov.my/c/portal/logout' successfully

2018-12-13 13:48:14 - [MESSAGE][PASSED] - Navigate to 'https://assist2-uat.perkeso.gov.my/c/portal/logout' successfully

2018-12-13 13:48:14 - [TEST_STEP][PASSED] - delay: Delayed 1 second(s)

2018-12-13 13:48:15 - [MESSAGE][PASSED] - Delayed 1 second(s)

2018-12-13 13:48:15 - [TEST_STEP][PASSED] - callTestCase: Call Test Case 'Test Cases/Final Aug 2018 - PKS Automation/Create Employer Acc/Template/Change Password of Employer' successfully

2018-12-13 13:48:15 - [TEST_CASE][PASSED] - Test Cases/Final Aug 2018 - PKS Automation/Create Employer Acc/Template/Change Password of Employer: Test Cases/Final Aug 2018 - PKS Automation/Create Employer Acc/Template/Change Password of Employer

2018-12-13 13:48:15 - [TEST_STEP][PASSED] - openBrowser: Browser is opened with url: ''

2018-12-13 13:48:15 - [MESSAGE][WARNING] - A browser is already opened. Closing browser and opening a new one

2018-12-13 13:48:19 - [MESSAGE][PASSED] - Browser is opened with url: ''

2018-12-13 13:48:19 - [TEST_STEP][PASSED] - navigateToUrl: Navigate to 'https://assist2-uat.perkeso.gov.my/login' successfully

2018-12-13 13:48:20 - [MESSAGE][PASSED] - Navigate to 'https://assist2-uat.perkeso.gov.my/login' successfully

2018-12-13 13:48:20 - [TEST_STEP][PASSED] - delay: Delayed 5 second(s)

2018-12-13 13:48:25 - [MESSAGE][PASSED] - Delayed 5 second(s)

2018-12-13 13:48:25 - [TEST_STEP][PASSED] - setText: Text 'test@liferay.com' is set on object 'Object Repository/Final Object Repo/Login Page/Internal User/Email Address'

2018-12-13 13:48:26 - [MESSAGE][PASSED] - Text 'test@liferay.com' is set on object 'Object Repository/Final Object Repo/Login Page/Internal User/Email Address'

2018-12-13 13:48:26 - [TEST_STEP][PASSED] - click: Object: 'Object Repository/Final Object Repo/Login Page/Internal User/Next Button' is clicked on

2018-12-13 13:48:26 - [MESSAGE][PASSED] - Object: 'Object Repository/Final Object Repo/Login Page/Internal User/Next Button' is clicked on

2018-12-13 13:48:26 - [TEST_STEP][PASSED] - delay: Delayed 2 second(s)

2018-12-13 13:48:28 - [MESSAGE][PASSED] - Delayed 2 second(s)

2018-12-13 13:48:28 - [TEST_STEP][PASSED] - setText: Text 'test' is set on object 'Object Repository/Final Object Repo/Login Page/Internal User/Password'

2018-12-13 13:48:28 - [MESSAGE][PASSED] - Text 'test' is set on object 'Object Repository/Final Object Repo/Login Page/Internal User/Password'

2018-12-13 13:48:28 - [TEST_STEP][PASSED] - delay: Delayed 2 second(s)

2018-12-13 13:48:30 - [MESSAGE][PASSED] - Delayed 2 second(s)

2018-12-13 13:48:30 - [TEST_STEP][PASSED] - click: Object: 'Object Repository/Final Object Repo/Login Page/Internal User/Login Button' is clicked on

2018-12-13 13:48:30 - [MESSAGE][PASSED] - Object: 'Object Repository/Final Object Repo/Login Page/Internal User/Login Button' is clicked on

2018-12-13 13:48:30 - [TEST_STEP][PASSED] - delay: Delayed 3 second(s)

2018-12-13 13:48:33 - [MESSAGE][PASSED] - Delayed 3 second(s)

2018-12-13 13:48:33 - [TEST_STEP][PASSED] - navigateToUrl: Navigate to 'https://assist2-uat.perkeso.gov.my/group/control_panel/manage?p_p_id=125&p_p_lifecycle=0&p_p_state=maximized&p_p_mode=view&refererPlid=20455&_125_usersListView=flat-users&_125_toolbarItem=view-all-users&_125_saveUsersListView=true&_125_struts_action=%2Fusers_admin%2Fview' successfully

2018-12-13 13:48:35 - [MESSAGE][PASSED] - Navigate to 'https://assist2-uat.perkeso.gov.my/group/control_panel/manage?p_p_id=125&p_p_lifecycle=0&p_p_state=maximized&p_p_mode=view&refererPlid=20455&_125_usersListView=flat-users&_125_toolbarItem=view-all-users&_125_saveUsersListView=true&_125_struts_action=%2Fusers_admin%2Fview' successfully

2018-12-13 13:48:35 - [TEST_STEP][PASSED] - delay: Delayed 3 second(s)

2018-12-13 13:48:38 - [MESSAGE][PASSED] - Delayed 3 second(s)

2018-12-13 13:48:38 - [TEST_STEP][PASSED] - setText: Text 'perkeso340965603314@gmail.com' is set on object 'Object Repository/Final Object Repo/Creating Employer Account/Page_Users and Organizations - ASSIST/Employer name'

2018-12-13 13:48:38 - [MESSAGE][PASSED] - Text 'perkeso340965603314@gmail.com' is set on object 'Object Repository/Final Object Repo/Creating Employer Account/Page_Users and Organizations - ASSIST/Employer name'

2018-12-13 13:48:38 - [TEST_STEP][PASSED] - delay: Delayed 3 second(s)

2018-12-13 13:48:41 - [MESSAGE][PASSED] - Delayed 3 second(s)

2018-12-13 13:48:41 - [TEST_STEP][PASSED] - click: Object: 'Object Repository/Final Object Repo/Creating Employer Account/Page_Users and Organizations - ASSIST/Search' is clicked on

2018-12-13 13:48:42 - [MESSAGE][PASSED] - Object: 'Object Repository/Final Object Repo/Creating Employer Account/Page_Users and Organizations - ASSIST/Search' is clicked on

2018-12-13 13:48:42 - [TEST_STEP][PASSED] - delay: Delayed 3 second(s)

2018-12-13 13:48:45 - [MESSAGE][PASSED] - Delayed 3 second(s)

2018-12-13 13:48:45 - [TEST_STEP][PASSED] - click: Object: 'Object Repository/Final Object Repo/Creating Employer Account/Page_Users and Organizations - ASSIST/Action' is clicked on

2018-12-13 13:48:45 - [MESSAGE][PASSED] - Object: 'Object Repository/Final Object Repo/Creating Employer Account/Page_Users and Organizations - ASSIST/Action' is clicked on

2018-12-13 13:48:45 - [TEST_STEP][PASSED] - delay: Delayed 3 second(s)

2018-12-13 13:48:48 - [MESSAGE][PASSED] - Delayed 3 second(s)

2018-12-13 13:48:48 - [TEST_STEP][PASSED] - click: Object: 'Object Repository/Final Object Repo/Creating Employer Account/Page_Users and Organizations - ASSIST/Edit' is clicked on

2018-12-13 13:48:49 - [MESSAGE][PASSED] - Object: 'Object Repository/Final Object Repo/Creating Employer Account/Page_Users and Organizations - ASSIST/Edit' is clicked on

2018-12-13 13:48:49 - [TEST_STEP][PASSED] - delay: Delayed 3 second(s)

2018-12-13 13:48:52 - [MESSAGE][PASSED] - Delayed 3 second(s)

2018-12-13 13:48:52 - [TEST_STEP][PASSED] - click: Object: 'Object Repository/Final Object Repo/Creating Employer Account/Page_PERKESO - Users and Organizati/a_Password (Modified)' is clicked on

2018-12-13 13:48:52 - [MESSAGE][PASSED] - Object: 'Object Repository/Final Object Repo/Creating Employer Account/Page_PERKESO - Users and Organizati/a_Password (Modified)' is clicked on

2018-12-13 13:48:52 - [TEST_STEP][PASSED] - delay: Delayed 3 second(s)

2018-12-13 13:48:55 - [MESSAGE][PASSED] - Delayed 3 second(s)

2018-12-13 13:48:55 - [TEST_STEP][PASSED] - setEncryptedText: Text ****** has been set on object 'Object Repository/Final Object Repo/Creating Employer Account/Page_PERKESO - Users and Organizati/input__125_password1'

2018-12-13 13:48:56 - [MESSAGE][PASSED] - Text ****** has been set on object 'Object Repository/Final Object Repo/Creating Employer Account/Page_PERKESO - Users and Organizati/input__125_password1'

2018-12-13 13:48:56 - [TEST_STEP][PASSED] - delay: Delayed 3 second(s)

2018-12-13 13:48:59 - [MESSAGE][PASSED] - Delayed 3 second(s)

2018-12-13 13:48:59 - [TEST_STEP][PASSED] - setEncryptedText: Text ****** has been set on object 'Object Repository/Final Object Repo/Creating Employer Account/Page_PERKESO - Users and Organizati/input__125_password2'

2018-12-13 13:48:59 - [MESSAGE][PASSED] - Text ****** has been set on object 'Object Repository/Final Object Repo/Creating Employer Account/Page_PERKESO - Users and Organizati/input__125_password2'

2018-12-13 13:48:59 - [TEST_STEP][PASSED] - delay: Delayed 3 second(s)

2018-12-13 13:49:02 - [MESSAGE][PASSED] - Delayed 3 second(s)

2018-12-13 13:49:02 - [TEST_STEP][PASSED] - click: Object: 'Object Repository/Final Object Repo/Creating Employer Account/Page_PERKESO - Users and Organizati/Save' is clicked on

2018-12-13 13:49:04 - [MESSAGE][PASSED] - Object: 'Object Repository/Final Object Repo/Creating Employer Account/Page_PERKESO - Users and Organizati/Save' is clicked on

2018-12-13 13:49:04 - [MESSAGE][PASSED] - Call Test Case 'Test Cases/Final Aug 2018 - PKS Automation/Create Employer Acc/Template/Change Password of Employer' successfully

2018-12-13 13:49:04 - [TEST_STEP][PASSED] - delay: Delayed 1 second(s)

2018-12-13 13:49:05 - [MESSAGE][PASSED] - Delayed 1 second(s)

2018-12-13 13:49:05 - [TEST_STEP][PASSED] - navigateToUrl: Navigate to 'https://assist2-uat.perkeso.gov.my/c/portal/logout' successfully

2018-12-13 13:49:06 - [MESSAGE][PASSED] - Navigate to 'https://assist2-uat.perkeso.gov.my/c/portal/logout' successfully

2018-12-13 13:49:06 - [TEST_STEP][PASSED] - delay: Delayed 1 second(s)

2018-12-13 13:49:07 - [MESSAGE][PASSED] - Delayed 1 second(s)

2018-12-13 13:49:07 - [TEST_STEP][PASSED] - callTestCase: Call Test Case 'Test Cases/Final Aug 2018 - PKS Automation/Create Employer Acc/Template/Login to Employer Account (First Time)' successfully

2018-12-13 13:49:07 - [TEST_CASE][PASSED] - Test Cases/Final Aug 2018 - PKS Automation/Create Employer Acc/Template/Login to Employer Account (First Time): Test Cases/Final Aug 2018 - PKS Automation/Create Employer Acc/Template/Login to Employer Account (First Time)

2018-12-13 13:49:07 - [TEST_STEP][PASSED] - openBrowser: Browser is opened with url: ''

2018-12-13 13:49:07 - [MESSAGE][WARNING] - A browser is already opened. Closing browser and opening a new one

2018-12-13 13:49:11 - [MESSAGE][PASSED] - Browser is opened with url: ''

2018-12-13 13:49:11 - [TEST_STEP][PASSED] - navigateToUrl: Navigate to 'https://assist2-uat.perkeso.gov.my/employer/login' successfully

2018-12-13 13:49:12 - [MESSAGE][PASSED] - Navigate to 'https://assist2-uat.perkeso.gov.my/employer/login' successfully

2018-12-13 13:49:12 - [TEST_STEP][PASSED] - delay: Delayed 3 second(s)

2018-12-13 13:49:15 - [MESSAGE][PASSED] - Delayed 3 second(s)

2018-12-13 13:49:15 - [TEST_STEP][PASSED] - callTestCase: Call Test Case 'Test Cases/Final Aug 2018 - PKS Automation/Create Employer Acc/Template/Employer Email Getter' successfully

2018-12-13 13:49:15 - [TEST_CASE][PASSED] - Test Cases/Final Aug 2018 - PKS Automation/Create Employer Acc/Template/Employer Email Getter: Test Cases/Final Aug 2018 - PKS Automation/Create Employer Acc/Template/Employer Email Getter

2018-12-13 13:49:15 - [TEST_STEP][PASSED] - Statement - Try: null

2018-12-13 13:49:15 - [TEST_STEP][PASSED] - Statement - EmpEmail = new java.io.File(C://Users//Admin//Desktop//PKS//Automation Reference Point//EmpEmail.txt): null

2018-12-13 13:49:15 - [TEST_STEP][PASSED] - Statement - bufferread = new java.io.BufferedReader(new java.io.FileReader(EmpEmail)): null

2018-12-13 13:49:15 - [TEST_STEP][PASSED] - Statement - readedVal = bufferread.readLine(): null

2018-12-13 13:49:15 - [TEST_STEP][PASSED] - Statement - out.println(readedVal): null

2018-12-13 13:49:15 - [TEST_STEP][PASSED] - Statement - Email = readedVal: null

2018-12-13 13:49:15 - [MESSAGE][PASSED] - Call Test Case 'Test Cases/Final Aug 2018 - PKS Automation/Create Employer Acc/Template/Employer Email Getter' successfully

2018-12-13 13:49:15 - [TEST_STEP][PASSED] - setText: Text 'perkeso340965603314@gmail.com' is set on object 'Object Repository/Final Object Repo/Login Page/External Login Page/Email'

2018-12-13 13:49:16 - [MESSAGE][PASSED] - Text 'perkeso340965603314@gmail.com' is set on object 'Object Repository/Final Object Repo/Login Page/External Login Page/Email'

2018-12-13 13:49:16 - [TEST_STEP][PASSED] - click: Object: 'Object Repository/Final Object Repo/Login Page/External Login Page/Next' is clicked on

2018-12-13 13:49:16 - [MESSAGE][PASSED] - Object: 'Object Repository/Final Object Repo/Login Page/External Login Page/Next' is clicked on

2018-12-13 13:49:16 - [TEST_STEP][PASSED] - delay: Delayed 3 second(s)

2018-12-13 13:49:19 - [MESSAGE][PASSED] - Delayed 3 second(s)

2018-12-13 13:49:19 - [TEST_STEP][PASSED] - setEncryptedText: Text ****** has been set on object 'Object Repository/Final Object Repo/Login Page/External Login Page/Password'

2018-12-13 13:49:19 - [MESSAGE][PASSED] - Text ****** has been set on object 'Object Repository/Final Object Repo/Login Page/External Login Page/Password'

2018-12-13 13:49:19 - [TEST_STEP][PASSED] - click: Object: 'Object Repository/Final Object Repo/Login Page/External Login Page/Login' is clicked on

2018-12-13 13:49:19 - [MESSAGE][PASSED] - Object: 'Object Repository/Final Object Repo/Login Page/External Login Page/Login' is clicked on

2018-12-13 13:49:19 - [TEST_STEP][PASSED] - delay: Delayed 3 second(s)

2018-12-13 13:49:22 - [MESSAGE][PASSED] - Delayed 3 second(s)

2018-12-13 13:49:22 - [TEST_STEP][PASSED] - click: Object: 'Object Repository/Final Object Repo/Creating Employer Account/Page_Terms of Use - ASSIST/button_I Agree' is clicked on

2018-12-13 13:49:23 - [MESSAGE][PASSED] - Object: 'Object Repository/Final Object Repo/Creating Employer Account/Page_Terms of Use - ASSIST/button_I Agree' is clicked on

2018-12-13 13:49:23 - [TEST_STEP][PASSED] - delay: Delayed 2 second(s)

2018-12-13 13:49:25 - [MESSAGE][PASSED] - Delayed 2 second(s)

2018-12-13 13:49:25 - [TEST_STEP][PASSED] - setEncryptedText: Text ****** has been set on object 'Object Repository/Final Object Repo/Creating Employer Account/Page_New Password - ASSIST/input_password1'

2018-12-13 13:49:25 - [MESSAGE][PASSED] - Text ****** has been set on object 'Object Repository/Final Object Repo/Creating Employer Account/Page_New Password - ASSIST/input_password1'

2018-12-13 13:49:25 - [TEST_STEP][PASSED] - setEncryptedText: Text ****** has been set on object 'Object Repository/Final Object Repo/Creating Employer Account/Page_New Password - ASSIST/input_password2'

2018-12-13 13:49:25 - [MESSAGE][PASSED] - Text ****** has been set on object 'Object Repository/Final Object Repo/Creating Employer Account/Page_New Password - ASSIST/input_password2'

2018-12-13 13:49:25 - [TEST_STEP][PASSED] - delay: Delayed 2 second(s)

2018-12-13 13:49:27 - [MESSAGE][PASSED] - Delayed 2 second(s)

2018-12-13 13:49:27 - [TEST_STEP][PASSED] - click: Object: 'Object Repository/Final Object Repo/Creating Employer Account/Page_New Password - ASSIST/Save' is clicked on

2018-12-13 13:49:27 - [MESSAGE][PASSED] - Object: 'Object Repository/Final Object Repo/Creating Employer Account/Page_New Password - ASSIST/Save' is clicked on

2018-12-13 13:49:27 - [TEST_STEP][PASSED] - delay: Delayed 2 second(s)

2018-12-13 13:49:29 - [MESSAGE][PASSED] - Delayed 2 second(s)

2018-12-13 13:49:29 - [TEST_STEP][PASSED] - setText: Text 'test' is set on object 'Object Repository/Final Object Repo/Creating Employer Account/Page_Password Reminder - ASSIST/Reminder Query Answer'

2018-12-13 13:49:29 - [MESSAGE][PASSED] - Text 'test' is set on object 'Object Repository/Final Object Repo/Creating Employer Account/Page_Password Reminder - ASSIST/Reminder Query Answer'

2018-12-13 13:49:29 - [TEST_STEP][PASSED] - delay: Delayed 2 second(s)

2018-12-13 13:49:31 - [MESSAGE][PASSED] - Delayed 2 second(s)

2018-12-13 13:49:31 - [TEST_STEP][PASSED] - doubleClick: Object: 'Object Repository/Final Object Repo/Creating Employer Account/Page_Password Reminder - ASSIST/Save' is double clicked on

2018-12-13 13:49:32 - [MESSAGE][PASSED] - Object: 'Object Repository/Final Object Repo/Creating Employer Account/Page_Password Reminder - ASSIST/Save' is double clicked on

2018-12-13 13:49:32 - [MESSAGE][PASSED] - Call Test Case 'Test Cases/Final Aug 2018 - PKS Automation/Create Employer Acc/Template/Login to Employer Account (First Time)' successfully

2018-12-13 13:49:32 - [MESSAGE][PASSED] - Call Test Case 'Test Cases/Final Aug 2018 - PKS Automation/Create Employer Acc/Create Employer Account' successfully

2018-12-13 13:49:32 - [TEST_STEP][PASSED] - callTestCase: Call Test Case 'Test Cases/Final Aug 2018 - PKS Automation/Registration Module/Log Out/log out avoiding katalon tagging' successfully

2018-12-13 13:49:32 - [TEST_CASE][PASSED] - Test Cases/Final Aug 2018 - PKS Automation/Registration Module/Log Out/log out avoiding katalon tagging: Test Cases/Final Aug 2018 - PKS Automation/Registration Module/Log Out/log out avoiding katalon tagging

2018-12-13 13:49:32 - [TEST_STEP][PASSED] - navigateToUrl: Navigate to 'https://assist2-uat.perkeso.gov.my/c/portal/logout' successfully

2018-12-13 13:49:35 - [MESSAGE][PASSED] - Navigate to 'https://assist2-uat.perkeso.gov.my/c/portal/logout' successfully

2018-12-13 13:49:35 - [MESSAGE][PASSED] - Call Test Case 'Test Cases/Final Aug 2018 - PKS Automation/Registration Module/Log Out/log out avoiding katalon tagging' successfully

2018-12-13 13:49:35 - [TEST_STEP][PASSED] - callTestCase: Call Test Case 'Test Cases/Final Aug 2018 - PKS Automation/Create Employer Acc/Login to Employer Account (Second time)' successfully

2018-12-13 13:49:35 - [TEST_CASE][PASSED] - Test Cases/Final Aug 2018 - PKS Automation/Create Employer Acc/Login to Employer Account (Second time): Test Cases/Final Aug 2018 - PKS Automation/Create Employer Acc/Login to Employer Account (Second time)

2018-12-13 13:49:35 - [TEST_STEP][PASSED] - openBrowser: Browser is opened with url: ''

2018-12-13 13:49:35 - [MESSAGE][WARNING] - A browser is already opened. Closing browser and opening a new one

2018-12-13 13:49:39 - [MESSAGE][PASSED] - Browser is opened with url: ''

2018-12-13 13:49:39 - [TEST_STEP][PASSED] - navigateToUrl: Navigate to 'https://assist2-uat.perkeso.gov.my/employer/login' successfully

2018-12-13 13:49:40 - [MESSAGE][PASSED] - Navigate to 'https://assist2-uat.perkeso.gov.my/employer/login' successfully

2018-12-13 13:49:40 - [TEST_STEP][PASSED] - delay: Delayed 3 second(s)

2018-12-13 13:49:43 - [MESSAGE][PASSED] - Delayed 3 second(s)

2018-12-13 13:49:43 - [TEST_STEP][PASSED] - callTestCase: Call Test Case 'Test Cases/Final Aug 2018 - PKS Automation/Create Employer Acc/Template/Employer Email Getter' successfully

2018-12-13 13:49:43 - [TEST_CASE][PASSED] - Test Cases/Final Aug 2018 - PKS Automation/Create Employer Acc/Template/Employer Email Getter: Test Cases/Final Aug 2018 - PKS Automation/Create Employer Acc/Template/Employer Email Getter

2018-12-13 13:49:43 - [TEST_STEP][PASSED] - Statement - Try: null

2018-12-13 13:49:43 - [TEST_STEP][PASSED] - Statement - EmpEmail = new java.io.File(C://Users//Admin//Desktop//PKS//Automation Reference Point//EmpEmail.txt): null

2018-12-13 13:49:43 - [TEST_STEP][PASSED] - Statement - bufferread = new java.io.BufferedReader(new java.io.FileReader(EmpEmail)): null

2018-12-13 13:49:43 - [TEST_STEP][PASSED] - Statement - readedVal = bufferread.readLine(): null

2018-12-13 13:49:43 - [TEST_STEP][PASSED] - Statement - out.println(readedVal): null

2018-12-13 13:49:43 - [TEST_STEP][PASSED] - Statement - Email = readedVal: null

2018-12-13 13:49:43 - [MESSAGE][PASSED] - Call Test Case 'Test Cases/Final Aug 2018 - PKS Automation/Create Employer Acc/Template/Employer Email Getter' successfully

2018-12-13 13:49:43 - [TEST_STEP][PASSED] - setText: Text 'perkeso340965603314@gmail.com' is set on object 'Object Repository/Final Object Repo/Login Page/External Login Page/Email'

2018-12-13 13:49:44 - [MESSAGE][PASSED] - Text 'perkeso340965603314@gmail.com' is set on object 'Object Repository/Final Object Repo/Login Page/External Login Page/Email'

2018-12-13 13:49:44 - [TEST_STEP][PASSED] - click: Object: 'Object Repository/Final Object Repo/Login Page/External Login Page/Next' is clicked on

2018-12-13 13:49:44 - [MESSAGE][PASSED] - Object: 'Object Repository/Final Object Repo/Login Page/External Login Page/Next' is clicked on

2018-12-13 13:49:44 - [TEST_STEP][PASSED] - delay: Delayed 3 second(s)

2018-12-13 13:49:47 - [MESSAGE][PASSED] - Delayed 3 second(s)

2018-12-13 13:49:47 - [TEST_STEP][PASSED] - setEncryptedText: Text ****** has been set on object 'Object Repository/Final Object Repo/Login Page/External Login Page/Password'

2018-12-13 13:49:47 - [MESSAGE][PASSED] - Text ****** has been set on object 'Object Repository/Final Object Repo/Login Page/External Login Page/Password'

2018-12-13 13:49:47 - [TEST_STEP][PASSED] - click: Object: 'Object Repository/Final Object Repo/Login Page/External Login Page/Login' is clicked on

2018-12-13 13:49:47 - [MESSAGE][PASSED] - Object: 'Object Repository/Final Object Repo/Login Page/External Login Page/Login' is clicked on

2018-12-13 13:49:47 - [TEST_STEP][PASSED] - delay: Delayed 5 second(s)

2018-12-13 13:49:52 - [MESSAGE][PASSED] - Delayed 5 second(s)

2018-12-13 13:49:52 - [MESSAGE][PASSED] - Call Test Case 'Test Cases/Final Aug 2018 - PKS Automation/Create Employer Acc/Login to Employer Account (Second time)' successfully

2018-12-13 13:49:52 - [TEST_STEP][PASSED] - Statement - Try: null

2018-12-13 13:49:52 - [TEST_STEP][PASSED] - Statement - Checker = com.kms.katalon.core.webui.keyword.WebUiBuiltInKeywords.verifyElementNotPresent("Final Object Repo/Landing Page/Select to English", 3): null

2018-12-13 13:49:52 - [TEST_STEP][PASSED] - Statement - Catch (Exception e): null

2018-12-13 13:49:52 - [TEST_STEP][PASSED] - Statement - e.printStackTrace(): null

2018-12-13 13:49:52 - [TEST_STEP][PASSED] - delay: Delayed 5 second(s)

2018-12-13 13:49:57 - [MESSAGE][PASSED] - Delayed 5 second(s)

2018-12-13 13:49:57 - [TEST_STEP][PASSED] - click: Object: 'Object Repository/Final Object Repo/Landing Page/My Sites Drop Down' is clicked on

2018-12-13 13:49:57 - [MESSAGE][PASSED] - Object: 'Object Repository/Final Object Repo/Landing Page/My Sites Drop Down' is clicked on

2018-12-13 13:49:57 - [TEST_STEP][PASSED] - click: Object: 'Object Repository/Final Object Repo/Landing Page/Select to Registration Module' is clicked on

2018-12-13 13:50:00 - [MESSAGE][PASSED] - Object: 'Object Repository/Final Object Repo/Landing Page/Select to Registration Module' is clicked on

2018-12-13 13:50:00 - [TEST_STEP][PASSED] - click: Object: 'Object Repository/Final Object Repo/Landing Page/Registration Button' is clicked on

2018-12-13 13:50:02 - [MESSAGE][PASSED] - Object: 'Object Repository/Final Object Repo/Landing Page/Registration Button' is clicked on

2018-12-13 13:50:02 - [TEST_STEP][PASSED] - delay: Delayed 2 second(s)

2018-12-13 13:50:04 - [MESSAGE][PASSED] - Delayed 2 second(s)

2018-12-13 13:50:04 - [TEST_STEP][PASSED] - click: Object: 'Object Repository/Final Object Repo/New Registration - Registration Module Pages/New Reg - OTC to RO/Special Case - OTC - Form 1/AEC NO' is clicked on

2018-12-13 13:50:04 - [MESSAGE][PASSED] - Object: 'Object Repository/Final Object Repo/New Registration - Registration Module Pages/New Reg - OTC to RO/Special Case - OTC - Form 1/AEC NO' is clicked on

2018-12-13 13:50:04 - [TEST_STEP][PASSED] - click: Object: 'Object Repository/Final Object Repo/New Registration - Registration Module Pages/New Reg - OTC to RO/Special Case - OTC - Form 1/Business Entity - Please Select' is clicked on

2018-12-13 13:50:04 - [MESSAGE][PASSED] - Object: 'Object Repository/Final Object Repo/New Registration - Registration Module Pages/New Reg - OTC to RO/Special Case - OTC - Form 1/Business Entity - Please Select' is clicked on

2018-12-13 13:50:04 - [TEST_STEP][PASSED] - click: Object: 'Object Repository/Final Object Repo/New Registration - Registration Module Pages/New Reg - OTC to RO/Special Case - OTC - Form 1/Selected - Corporation' is clicked on

2018-12-13 13:50:04 - [MESSAGE][PASSED] - Object: 'Object Repository/Final Object Repo/New Registration - Registration Module Pages/New Reg - OTC to RO/Special Case - OTC - Form 1/Selected - Corporation' is clicked on

2018-12-13 13:50:04 - [TEST_STEP][PASSED] - delay: Delayed 2 second(s)

2018-12-13 13:50:06 - [MESSAGE][PASSED] - Delayed 2 second(s)

2018-12-13 13:50:06 - [TEST_STEP][PASSED] - click: Object: 'Object Repository/Final Object Repo/New Registration - Registration Module Pages/New Reg - OTC to RO/Special Case - OTC - Form 1/Sub Business Entity - Please Select' is clicked on

2018-12-13 13:50:07 - [MESSAGE][PASSED] - Object: 'Object Repository/Final Object Repo/New Registration - Registration Module Pages/New Reg - OTC to RO/Special Case - OTC - Form 1/Sub Business Entity - Please Select' is clicked on

2018-12-13 13:50:07 - [TEST_STEP][PASSED] - delay: Delayed 2 second(s)

2018-12-13 13:50:09 - [MESSAGE][PASSED] - Delayed 2 second(s)

2018-12-13 13:50:09 - [TEST_STEP][PASSED] - click: Object: 'Object Repository/Final Object Repo/New Registration - Registration Module Pages/New Reg - OTC to RO/Special Case - OTC - Form 1/Selected - Sendirian Berhad' is clicked on

2018-12-13 13:50:09 - [MESSAGE][PASSED] - Object: 'Object Repository/Final Object Repo/New Registration - Registration Module Pages/New Reg - OTC to RO/Special Case - OTC - Form 1/Selected - Sendirian Berhad' is clicked on

2018-12-13 13:50:09 - [TEST_STEP][PASSED] - setText: Text 'AUTOMATE001' is set on object 'Object Repository/Final Object Repo/New Registration - Registration Module Pages/New Reg - OTC to RO/Special Case - OTC - Form 1/Input BRN Number'

2018-12-13 13:50:09 - [MESSAGE][PASSED] - Text 'AUTOMATE001' is set on object 'Object Repository/Final Object Repo/New Registration - Registration Module Pages/New Reg - OTC to RO/Special Case - OTC - Form 1/Input BRN Number'

2018-12-13 13:50:09 - [TEST_STEP][PASSED] - delay: Delayed 2 second(s)

2018-12-13 13:50:11 - [MESSAGE][PASSED] - Delayed 2 second(s)

2018-12-13 13:50:11 - [TEST_STEP][PASSED] - click: Object: 'Object Repository/Final Object Repo/New Registration - Registration Module Pages/New Reg - OTC to RO/Special Case - OTC - Form 1/BRN Search' is clicked on

2018-12-13 13:50:11 - [MESSAGE][PASSED] - Object: 'Object Repository/Final Object Repo/New Registration - Registration Module Pages/New Reg - OTC to RO/Special Case - OTC - Form 1/BRN Search' is clicked on

2018-12-13 13:50:11 - [TEST_STEP][PASSED] - delay: Delayed 4 second(s)

2018-12-13 13:50:15 - [MESSAGE][PASSED] - Delayed 4 second(s)

2018-12-13 13:50:15 - [TEST_STEP][PASSED] - click: Object: 'Object Repository/Final Object Repo/New Registration - Registration Module Pages/New Reg - OTC to RO/Special Case - OTC - Form 1/Registered with SSM - After Feb 2017' is clicked on

2018-12-13 13:50:16 - [MESSAGE][PASSED] - Object: 'Object Repository/Final Object Repo/New Registration - Registration Module Pages/New Reg - OTC to RO/Special Case - OTC - Form 1/Registered with SSM - After Feb 2017' is clicked on

2018-12-13 13:50:16 - [TEST_STEP][PASSED] - delay: Delayed 2 second(s)

2018-12-13 13:50:18 - [MESSAGE][PASSED] - Delayed 2 second(s)

2018-12-13 13:50:18 - [TEST_STEP][PASSED] - click: Object: 'Object Repository/Final Object Repo/New Registration - Registration Module Pages/New Reg - OTC to RO/Special Case - OTC - Form 1/Registering As A Branch - No' is clicked on

2018-12-13 13:50:18 - [MESSAGE][PASSED] - Object: 'Object Repository/Final Object Repo/New Registration - Registration Module Pages/New Reg - OTC to RO/Special Case - OTC - Form 1/Registering As A Branch - No' is clicked on

2018-12-13 13:50:18 - [TEST_STEP][PASSED] - click: Object: 'Object Repository/Final Object Repo/New Registration - Registration Module Pages/New Reg - OTC to RO/Special Case - OTC - Form 1/Acknowledgement Ticked' is clicked on

2018-12-13 13:50:18 - [MESSAGE][PASSED] - Object: 'Object Repository/Final Object Repo/New Registration - Registration Module Pages/New Reg - OTC to RO/Special Case - OTC - Form 1/Acknowledgement Ticked' is clicked on

2018-12-13 13:50:18 - [TEST_STEP][PASSED] - delay: Delayed 2 second(s)

2018-12-13 13:50:20 - [MESSAGE][PASSED] - Delayed 2 second(s)

2018-12-13 13:50:20 - [TEST_STEP][PASSED] - callTestCase: Call Test Case 'Test Cases/Final Aug 2018 - PKS Automation/Create Employer Acc/Template/Employer Email Getter' successfully

2018-12-13 13:50:20 - [TEST_CASE][PASSED] - Test Cases/Final Aug 2018 - PKS Automation/Create Employer Acc/Template/Employer Email Getter: Test Cases/Final Aug 2018 - PKS Automation/Create Employer Acc/Template/Employer Email Getter

2018-12-13 13:50:20 - [TEST_STEP][PASSED] - Statement - Try: null

2018-12-13 13:50:20 - [TEST_STEP][PASSED] - Statement - EmpEmail = new java.io.File(C://Users//Admin//Desktop//PKS//Automation Reference Point//EmpEmail.txt): null

2018-12-13 13:50:20 - [TEST_STEP][PASSED] - Statement - bufferread = new java.io.BufferedReader(new java.io.FileReader(EmpEmail)): null

2018-12-13 13:50:20 - [TEST_STEP][PASSED] - Statement - readedVal = bufferread.readLine(): null

2018-12-13 13:50:20 - [TEST_STEP][PASSED] - Statement - out.println(readedVal): null

2018-12-13 13:50:20 - [TEST_STEP][PASSED] - Statement - Email = readedVal: null

2018-12-13 13:50:20 - [MESSAGE][PASSED] - Call Test Case 'Test Cases/Final Aug 2018 - PKS Automation/Create Employer Acc/Template/Employer Email Getter' successfully

2018-12-13 13:50:20 - [TEST_STEP][PASSED] - setText: Text 'perkeso340965603314@gmail.com' is set on object 'Object Repository/Final Object Repo/Creating Employer Account/Email'

2018-12-13 13:50:21 - [MESSAGE][PASSED] - Text 'perkeso340965603314@gmail.com' is set on object 'Object Repository/Final Object Repo/Creating Employer Account/Email'

2018-12-13 13:50:21 - [TEST_STEP][PASSED] - delay: Delayed 2 second(s)

2018-12-13 13:50:23 - [MESSAGE][PASSED] - Delayed 2 second(s)

2018-12-13 13:50:23 - [TEST_STEP][PASSED] - click: Object: 'Object Repository/Final Object Repo/New Registration - Registration Module Pages/New Reg - OTC to RO/Special Case - OTC - Form 1/Submit Button' is clicked on

2018-12-13 13:50:23 - [MESSAGE][PASSED] - Object: 'Object Repository/Final Object Repo/New Registration - Registration Module Pages/New Reg - OTC to RO/Special Case - OTC - Form 1/Submit Button' is clicked on

2018-12-13 13:50:23 - [TEST_STEP][PASSED] - delay: Delayed 2 second(s)

2018-12-13 13:50:25 - [MESSAGE][PASSED] - Delayed 2 second(s)

2018-12-13 13:50:25 - [TEST_STEP][PASSED] - click: Object: 'Object Repository/Final Object Repo/New Registration - Registration Module Pages/New Reg - OTC to RO/Special Case - OTC - Form 1/Confirm No Flagging as Branch' is clicked on

2018-12-13 13:50:25 - [MESSAGE][PASSED] - Object: 'Object Repository/Final Object Repo/New Registration - Registration Module Pages/New Reg - OTC to RO/Special Case - OTC - Form 1/Confirm No Flagging as Branch' is clicked on

2018-12-13 13:50:25 - [MESSAGE][PASSED] - Call Test Case 'Test Cases/Final Aug 2018 - PKS Automation/Registration Module/Workflow/New Registration/Template/Special Case - Employer - Form 1' successfully

2018-12-13 13:50:25 - [TEST_STEP][PASSED] - callTestCase: Call Test Case 'Test Cases/Final Aug 2018 - PKS Automation/Registration Module/New Registration/Form 2/Add 1 Eligible - Employer Account Use' successfully

2018-12-13 13:50:25 - [TEST_CASE][PASSED] - Test Cases/Final Aug 2018 - PKS Automation/Registration Module/New Registration/Form 2/Add 1 Eligible - Employer Account Use: Test Cases/Final Aug 2018 - PKS Automation/Registration Module/New Registration/Form 2/Add 1 Eligible - Employer Account Use

2018-12-13 13:50:26 - [TEST_STEP][PASSED] - delay: Delayed 2 second(s)

2018-12-13 13:50:28 - [MESSAGE][PASSED] - Delayed 2 second(s)

2018-12-13 13:50:28 - [TEST_STEP][PASSED] - callTestCase: Call Test Case 'Test Cases/Final Aug 2018 - PKS Automation/Registration Module/New Registration/Form 2/Date Updater' successfully

2018-12-13 13:50:28 - [TEST_CASE][PASSED] - Test Cases/Final Aug 2018 - PKS Automation/Registration Module/New Registration/Form 2/Date Updater: Test Cases/Final Aug 2018 - PKS Automation/Registration Module/New Registration/Form 2/Date Updater

2018-12-13 13:50:28 - [TEST_STEP][PASSED] - Statement - TodayDate = new java.util.Date(): null

2018-12-13 13:50:28 - [TEST_STEP][PASSED] - Statement - CurrentDateNoFilter = new java.text.SimpleDateFormat(): null

2018-12-13 13:50:28 - [TEST_STEP][PASSED] - Statement - CurrentDateNoFilter.applyPattern("MM"): null

2018-12-13 13:50:28 - [TEST_STEP][PASSED] - Statement - monthContainerMatcher = java.lang.Integer.parseInt(CurrentDateNoFilter.format(TodayDate)): null

2018-12-13 13:50:28 - [TEST_STEP][PASSED] - Statement - monthContainerMatcher = monthContainerMatcher - 1: null

2018-12-13 13:50:28 - [TEST_STEP][PASSED] - Statement - CurrentMonth = monthContainerMatcher.toString(): null

2018-12-13 13:50:28 - [TEST_STEP][PASSED] - Statement - CurrentMonth = CurrentMonth: null

2018-12-13 13:50:28 - [TEST_STEP][PASSED] - Statement - CurrentDateNoFilter.applyPattern("yyyy"): null

2018-12-13 13:50:28 - [TEST_STEP][PASSED] - Statement - CurrentYear = CurrentDateNoFilter.format(TodayDate): null

2018-12-13 13:50:28 - [TEST_STEP][PASSED] - Statement - CurrentYear = CurrentYear: null

2018-12-13 13:50:28 - [TEST_STEP][PASSED] - Statement - intCurrentYear = java.lang.Integer.parseInt(CurrentDateNoFilter.format(TodayDate)): null

2018-12-13 13:50:28 - [TEST_STEP][PASSED] - Statement - eighteenYrsAgo = intCurrentYear - 18: null

2018-12-13 13:50:28 - [TEST_STEP][PASSED] - Statement - eighteenYrsBeforeThisYr = eighteenYrsAgo.toString(): null

2018-12-13 13:50:28 - [TEST_STEP][PASSED] - Statement - EighteenYrsBefore = eighteenYrsBeforeThisYr: null

2018-12-13 13:50:28 - [TEST_STEP][PASSED] - Statement - fiftysevenYrsAgo = intCurrentYear - 57: null

2018-12-13 13:50:28 - [TEST_STEP][PASSED] - Statement - fiftysevenYrsBeforeThisYr = fiftysevenYrsAgo.toString(): null

2018-12-13 13:50:28 - [TEST_STEP][PASSED] - Statement - FiftysevenYrsBefore = fiftysevenYrsBeforeThisYr: null

2018-12-13 13:50:28 - [TEST_STEP][PASSED] - Statement - leapYear = false: null

2018-12-13 13:50:28 - [TEST_STEP][PASSED] - Statement - leapYear = intCurrentYear % 4 == 0: null

2018-12-13 13:50:28 - [TEST_STEP][PASSED] - Statement - CurrentDateNoFilter.applyPattern("dd"): null

2018-12-13 13:50:28 - [TEST_STEP][PASSED] - Statement - CurrentDate = CurrentDateNoFilter.format(TodayDate): null

2018-12-13 13:50:28 - [TEST_STEP][PASSED] - Statement - CurrentDate = java.lang.Integer.parseInt(CurrentDate): null

2018-12-13 13:50:28 - [TEST_STEP][PASSED] - Statement - CurrentDate = CurrentDate: null

2018-12-13 13:50:28 - [TEST_STEP][PASSED] - Statement - CurrentDay = java.lang.Integer.parseInt(CurrentDate): null

2018-12-13 13:50:28 - [TEST_STEP][PASSED] - Statement - ConfAdder = <not implemented yet for class: org.codehaus.groovy.ast.expr.EmptyExpression>: null

2018-12-13 13:50:28 - [TEST_STEP][PASSED] - Statement - out.println(CurrentMonth): null

2018-12-13 13:50:28 - [TEST_STEP][PASSED] - Statement - out.println(CurrentDate): null

2018-12-13 13:50:28 - [TEST_STEP][PASSED] - Statement - switch (CurrentDate): null

2018-12-13 13:50:28 - [TEST_STEP][PASSED] - Statement - Default: null

2018-12-13 13:50:28 - [TEST_STEP][PASSED] - Statement - ConfAdder = true: null

2018-12-13 13:50:28 - [TEST_STEP][PASSED] - Statement - Break: null

2018-12-13 13:50:28 - [TEST_STEP][PASSED] - Statement - aDayBefore = <not implemented yet for class: org.codehaus.groovy.ast.expr.EmptyExpression>: null

2018-12-13 13:50:28 - [TEST_STEP][PASSED] - Statement - out.println(ConfAdder): null

2018-12-13 13:50:28 - [TEST_STEP][PASSED] - Statement - If (ConfAdder == true): null

2018-12-13 13:50:28 - [TEST_STEP][PASSED] - Statement - aDayBefore = CurrentDay + 1: null

2018-12-13 13:50:28 - [TEST_STEP][PASSED] - Statement - out.println(aDayBefore): null

2018-12-13 13:50:28 - [TEST_STEP][PASSED] - Statement - If (aDayBefore == 1 && CurrentMonth == 11): null

2018-12-13 13:50:28 - [TEST_STEP][PASSED] - Statement - DayBefore = aDayBefore.toString(): null

2018-12-13 13:50:28 - [TEST_STEP][PASSED] - Statement - OneDayBefore = DayBefore: null

2018-12-13 13:50:28 - [MESSAGE][PASSED] - Call Test Case 'Test Cases/Final Aug 2018 - PKS Automation/Registration Module/New Registration/Form 2/Date Updater' successfully

2018-12-13 13:50:28 - [TEST_STEP][PASSED] - delay: Delayed 1 second(s)

2018-12-13 13:50:29 - [MESSAGE][PASSED] - Delayed 1 second(s)

2018-12-13 13:50:29 - [TEST_STEP][PASSED] - Statement - CaseReferenceNo = com.kms.katalon.core.webui.keyword.WebUiBuiltInKeywords.getText(com.kms.katalon.core.testobject.ObjectRepository.findTestObject(Final Object Repo/New Registration - Registration Module Pages/Form 2/RefNo Acquiring)): Text of object 'Object Repository/Final Object Repo/New Registration - Registration Module Pages/Form 2/RefNo Acquiring' is: 'CRN12201800123278'

2018-12-13 13:50:29 - [MESSAGE][PASSED] - Text of object 'Object Repository/Final Object Repo/New Registration - Registration Module Pages/Form 2/RefNo Acquiring' is: 'CRN12201800123278'

2018-12-13 13:50:29 - [TEST_STEP][PASSED] - delay: Delayed 1 second(s)

2018-12-13 13:50:30 - [MESSAGE][PASSED] - Delayed 1 second(s)

2018-12-13 13:50:30 - [TEST_STEP][PASSED] - click: Object: 'Object Repository/Final Object Repo/New Registration - Registration Module Pages/Form 2/Add Employee Button' is clicked on

2018-12-13 13:50:30 - [MESSAGE][PASSED] - Object: 'Object Repository/Final Object Repo/New Registration - Registration Module Pages/Form 2/Add Employee Button' is clicked on

2018-12-13 13:50:30 - [TEST_STEP][PASSED] - delay: Delayed 1 second(s)

2018-12-13 13:50:31 - [MESSAGE][PASSED] - Delayed 1 second(s)

2018-12-13 13:50:31 - [TEST_STEP][PASSED] - setText: Text '010903091948' is set on object 'Object Repository/Final Object Repo/New Registration - Registration Module Pages/Form 2/NRIC Input'

2018-12-13 13:50:31 - [MESSAGE][PASSED] - Text '010903091948' is set on object 'Object Repository/Final Object Repo/New Registration - Registration Module Pages/Form 2/NRIC Input'

2018-12-13 13:50:31 - [TEST_STEP][PASSED] - delay: Delayed 2 second(s)

2018-12-13 13:50:33 - [MESSAGE][PASSED] - Delayed 2 second(s)

2018-12-13 13:50:33 - [TEST_STEP][PASSED] - setText: Text 'Automate001 eligible 1' is set on object 'Object Repository/Final Object Repo/New Registration - Registration Module Pages/Form 2/Employee Name Input'

2018-12-13 13:50:34 - [MESSAGE][PASSED] - Text 'Automate001 eligible 1' is set on object 'Object Repository/Final Object Repo/New Registration - Registration Module Pages/Form 2/Employee Name Input'

2018-12-13 13:50:34 - [TEST_STEP][PASSED] - delay: Delayed 2 second(s)

2018-12-13 13:50:36 - [MESSAGE][PASSED] - Delayed 2 second(s)

2018-12-13 13:50:36 - [TEST_STEP][PASSED] - click: Object: 'Object Repository/Final Object Repo/New Registration - Registration Module Pages/Form 2/DatePicker Pop Up' is clicked on

2018-12-13 13:50:36 - [MESSAGE][PASSED] - Object: 'Object Repository/Final Object Repo/New Registration - Registration Module Pages/Form 2/DatePicker Pop Up' is clicked on

2018-12-13 13:50:36 - [TEST_STEP][PASSED] - click: Object: 'Object Repository/Final Object Repo/New Registration - Registration Module Pages/Form 2/DOB Month' is clicked on

2018-12-13 13:50:36 - [MESSAGE][PASSED] - Object: 'Object Repository/Final Object Repo/New Registration - Registration Module Pages/Form 2/DOB Month' is clicked on

2018-12-13 13:50:36 - [TEST_STEP][PASSED] - Statement - CurrentMonth = CurrentMonth: null

2018-12-13 13:50:36 - [TEST_STEP][PASSED] - Statement - selectMonth = new com.kms.katalon.core.testobject.TestObject(): null

2018-12-13 13:50:36 - [TEST_STEP][PASSED] - Statement - selectMonth.addProperty("xpath", EQUALS, "//body/div/div/div/select/option[@value='" + CurrentMonth + "']", true): null

2018-12-13 13:50:36 - [TEST_STEP][PASSED] - click: Object: '' is clicked on

2018-12-13 13:50:36 - [MESSAGE][PASSED] - Object: '' is clicked on

2018-12-13 13:50:36 - [TEST_STEP][PASSED] - click: Object: 'Object Repository/Final Object Repo/New Registration - Registration Module Pages/Form 2/DOB Year' is clicked on

2018-12-13 13:50:36 - [MESSAGE][PASSED] - Object: 'Object Repository/Final Object Repo/New Registration - Registration Module Pages/Form 2/DOB Year' is clicked on

2018-12-13 13:50:36 - [TEST_STEP][PASSED] - Statement - Eyearsbf = EighteenYrsBefore: null

2018-12-13 13:50:36 - [TEST_STEP][PASSED] - Statement - selectYear = new com.kms.katalon.core.testobject.TestObject(): null

2018-12-13 13:50:36 - [TEST_STEP][PASSED] - Statement - selectYear.addProperty("xpath", EQUALS, "//div/div/div/select/option[@value='" + Eyearsbf + "']", true): null

2018-12-13 13:50:36 - [TEST_STEP][PASSED] - click: Object: '' is clicked on

2018-12-13 13:50:37 - [MESSAGE][PASSED] - Object: '' is clicked on

2018-12-13 13:50:37 - [TEST_STEP][PASSED] - Statement - UpdatedSelectDate = com.kms.katalon.core.webui.keyword.WebUiBuiltInKeywords.modifyObjectProperty(com.kms.katalon.core.testobject.ObjectRepository.findTestObject(Final Object Repo/New Registration - Registration Module Pages/Form 2/DOB Date), "xpath", "equals", "//body/div/table/tbody/tr/td/a[text()="" + CurrentDate + ""]", true): Modify property of object successfully

2018-12-13 13:50:37 - [MESSAGE][PASSED] - Modify property of object successfully

2018-12-13 13:50:37 - [TEST_STEP][PASSED] - delay: Delayed 3 second(s)

2018-12-13 13:50:40 - [MESSAGE][PASSED] - Delayed 3 second(s)

2018-12-13 13:50:40 - [TEST_STEP][PASSED] - click: Object: 'Object Repository/Final Object Repo/New Registration - Registration Module Pages/Form 2/DOB Date' is clicked on

2018-12-13 13:50:40 - [MESSAGE][PASSED] - Object: 'Object Repository/Final Object Repo/New Registration - Registration Module Pages/Form 2/DOB Date' is clicked on

2018-12-13 13:50:40 - [TEST_STEP][PASSED] - delay: Delayed 2 second(s)

2018-12-13 13:50:42 - [MESSAGE][PASSED] - Delayed 2 second(s)

2018-12-13 13:50:42 - [TEST_STEP][PASSED] - click: Object: 'Object Repository/Final Object Repo/New Registration - Registration Module Pages/Form 2/EmploymentStartDate Pop Up' is clicked on

2018-12-13 13:50:42 - [MESSAGE][PASSED] - Object: 'Object Repository/Final Object Repo/New Registration - Registration Module Pages/Form 2/EmploymentStartDate Pop Up' is clicked on

2018-12-13 13:50:42 - [TEST_STEP][PASSED] - delay: Delayed 2 second(s)

2018-12-13 13:50:44 - [MESSAGE][PASSED] - Delayed 2 second(s)

2018-12-13 13:50:44 - [TEST_STEP][PASSED] - click: Object: 'Object Repository/Final Object Repo/New Registration - Registration Module Pages/Form 2/Socso Employment StartDate Month' is clicked on

2018-12-13 13:50:44 - [MESSAGE][PASSED] - Object: 'Object Repository/Final Object Repo/New Registration - Registration Module Pages/Form 2/Socso Employment StartDate Month' is clicked on

2018-12-13 13:50:44 - [TEST_STEP][PASSED] - delay: Delayed 1 second(s)

2018-12-13 13:50:45 - [MESSAGE][PASSED] - Delayed 1 second(s)

2018-12-13 13:50:45 - [TEST_STEP][PASSED] - click: Object: 'Object Repository/Final Object Repo/New Registration - Registration Module Pages/Form 2/Select Socso Employement Startdate Month' is clicked on

2018-12-13 13:50:45 - [MESSAGE][PASSED] - Object: 'Object Repository/Final Object Repo/New Registration - Registration Module Pages/Form 2/Select Socso Employement Startdate Month' is clicked on

2018-12-13 13:50:45 - [TEST_STEP][PASSED] - delay: Delayed 2 second(s)

2018-12-13 13:50:47 - [MESSAGE][PASSED] - Delayed 2 second(s)

2018-12-13 13:50:47 - [TEST_STEP][PASSED] - click: Object: 'Object Repository/Final Object Repo/New Registration - Registration Module Pages/Form 2/Socso Employment StartDate Year' is clicked on

2018-12-13 13:50:47 - [MESSAGE][PASSED] - Object: 'Object Repository/Final Object Repo/New Registration - Registration Module Pages/Form 2/Socso Employment StartDate Year' is clicked on

2018-12-13 13:50:47 - [TEST_STEP][PASSED] - delay: Delayed 1 second(s)

2018-12-13 13:50:48 - [MESSAGE][PASSED] - Delayed 1 second(s)

2018-12-13 13:50:48 - [TEST_STEP][PASSED] - click: Object: 'Object Repository/Final Object Repo/New Registration - Registration Module Pages/Form 2/Select Socso Employment Startdate Year' is clicked on

2018-12-13 13:50:49 - [MESSAGE][PASSED] - Object: 'Object Repository/Final Object Repo/New Registration - Registration Module Pages/Form 2/Select Socso Employment Startdate Year' is clicked on

2018-12-13 13:50:49 - [TEST_STEP][PASSED] - delay: Delayed 2 second(s)

2018-12-13 13:50:51 - [MESSAGE][PASSED] - Delayed 2 second(s)

2018-12-13 13:50:51 - [TEST_STEP][PASSED] - click: Object: 'Object Repository/Final Object Repo/New Registration - Registration Module Pages/Form 2/Socso Employment Start Date Day' is clicked on

2018-12-13 13:50:51 - [MESSAGE][PASSED] - Object: 'Object Repository/Final Object Repo/New Registration - Registration Module Pages/Form 2/Socso Employment Start Date Day' is clicked on

2018-12-13 13:50:51 - [TEST_STEP][PASSED] - delay: Delayed 2 second(s)

2018-12-13 13:50:53 - [MESSAGE][PASSED] - Delayed 2 second(s)

2018-12-13 13:50:53 - [TEST_STEP][PASSED] - click: Object: 'Object Repository/Final Object Repo/New Registration - Registration Module Pages/Form 2/Save Button for Add Employee' is clicked on

2018-12-13 13:50:53 - [MESSAGE][PASSED] - Object: 'Object Repository/Final Object Repo/New Registration - Registration Module Pages/Form 2/Save Button for Add Employee' is clicked on

2018-12-13 13:50:53 - [TEST_STEP][PASSED] - delay: Delayed 6 second(s)

2018-12-13 13:50:59 - [MESSAGE][PASSED] - Delayed 6 second(s)

2018-12-13 13:50:59 - [TEST_STEP][PASSED] - click: Object: 'Object Repository/Final Object Repo/New Registration - Registration Module Pages/Form 2/Save and Continue Form 2' is clicked on

2018-12-13 13:50:59 - [MESSAGE][PASSED] - Object: 'Object Repository/Final Object Repo/New Registration - Registration Module Pages/Form 2/Save and Continue Form 2' is clicked on

2018-12-13 13:50:59 - [MESSAGE][PASSED] - Call Test Case 'Test Cases/Final Aug 2018 - PKS Automation/Registration Module/New Registration/Form 2/Add 1 Eligible - Employer Account Use' successfully

2018-12-13 13:50:59 - [TEST_STEP][PASSED] - callTestCase: Call Test Case 'Test Cases/Final Aug 2018 - PKS Automation/Registration Module/New Registration/Flow of New Registration/Third Screen - Upload Supporting Doc - Preview' successfully

2018-12-13 13:50:59 - [TEST_CASE][PASSED] - Test Cases/Final Aug 2018 - PKS Automation/Registration Module/New Registration/Flow of New Registration/Third Screen - Upload Supporting Doc - Preview: Test Cases/Final Aug 2018 - PKS Automation/Registration Module/New Registration/Flow of New Registration/Third Screen - Upload Supporting Doc - Preview

2018-12-13 13:50:59 - [TEST_STEP][PASSED] - waitForPageLoad: Wait for page load successfully

2018-12-13 13:51:00 - [MESSAGE][PASSED] - Wait for page load successfully

2018-12-13 13:51:00 - [TEST_STEP][PASSED] - Statement - CaseReferenceNo = com.kms.katalon.core.webui.keyword.WebUiBuiltInKeywords.getText(com.kms.katalon.core.testobject.ObjectRepository.findTestObject(Final Object Repo/New Registration - Registration Module Pages/Third Screen - Upload Supporting Doc- Preview/RefNo Acquiring)): Text of object 'Object Repository/Final Object Repo/New Registration - Registration Module Pages/Third Screen - Upload Supporting Doc- Preview/RefNo Acquiring' is: 'CRN12201800123278'

2018-12-13 13:51:00 - [MESSAGE][PASSED] - Text of object 'Object Repository/Final Object Repo/New Registration - Registration Module Pages/Third Screen - Upload Supporting Doc- Preview/RefNo Acquiring' is: 'CRN12201800123278'

2018-12-13 13:51:00 - [TEST_STEP][PASSED] - delay: Delayed 2 second(s)

2018-12-13 13:51:02 - [MESSAGE][PASSED] - Delayed 2 second(s)

2018-12-13 13:51:02 - [TEST_STEP][PASSED] - callTestCase: Call Test Case 'Test Cases/Final Aug 2018 - PKS Automation/Common/Reference Number Setter' successfully

2018-12-13 13:51:02 - [TEST_CASE][PASSED] - Test Cases/Final Aug 2018 - PKS Automation/Common/Reference Number Setter: Test Cases/Final Aug 2018 - PKS Automation/Common/Reference Number Setter

2018-12-13 13:51:02 - [TEST_STEP][PASSED] - Statement - RefNoOldFile = new java.io.File(C://Users//Admin//Desktop//PKS//Automation Reference Point//KatalonReference.txt): null

2018-12-13 13:51:02 - [TEST_STEP][PASSED] - Statement - RefNoOldFile.delete(): null

2018-12-13 13:51:02 - [TEST_STEP][PASSED] - delay: Delayed 5 second(s)

2018-12-13 13:51:07 - [MESSAGE][PASSED] - Delayed 5 second(s)

2018-12-13 13:51:07 - [TEST_STEP][PASSED] - Statement - RefNo = new java.io.File(C://Users//Admin//Desktop//PKS//Automation Reference Point//KatalonReference.txt): null

2018-12-13 13:51:07 - [TEST_STEP][PASSED] - Statement - f2 = new java.io.FileWriter(RefNo, false): null

2018-12-13 13:51:07 - [TEST_STEP][PASSED] - Statement - f2.write(CaseReferenceNo): null

2018-12-13 13:51:07 - [TEST_STEP][PASSED] - Statement - f2.close(): null

2018-12-13 13:51:07 - [TEST_STEP][PASSED] - Statement - out.println("


" + CaseReferenceNo + "


"): null

2018-12-13 13:51:07 - [MESSAGE][PASSED] - Call Test Case 'Test Cases/Final Aug 2018 - PKS Automation/Common/Reference Number Setter' successfully

2018-12-13 13:51:07 - [TEST_STEP][PASSED] - waitForElementClickable: Object 'Object Repository/Final Object Repo/New Registration - Registration Module Pages/Third Screen - Upload Supporting Doc- Preview/Save n Continue in SIP Employee Listing Page' is clickable

2018-12-13 13:51:07 - [MESSAGE][PASSED] - Object 'Object Repository/Final Object Repo/New Registration - Registration Module Pages/Third Screen - Upload Supporting Doc- Preview/Save n Continue in SIP Employee Listing Page' is clickable

2018-12-13 13:51:07 - [TEST_STEP][PASSED] - click: Object: 'Object Repository/Final Object Repo/New Registration - Registration Module Pages/Third Screen - Upload Supporting Doc- Preview/Save n Continue in SIP Employee Listing Page' is clicked on

2018-12-13 13:51:13 - [MESSAGE][PASSED] - Object: 'Object Repository/Final Object Repo/New Registration - Registration Module Pages/Third Screen - Upload Supporting Doc- Preview/Save n Continue in SIP Employee Listing Page' is clicked on

2018-12-13 13:51:13 - [TEST_STEP][PASSED] - delay: Delayed 7 second(s)

2018-12-13 13:51:20 - [MESSAGE][PASSED] - Delayed 7 second(s)

2018-12-13 13:51:20 - [TEST_STEP][PASSED] - click: Object: 'Object Repository/Final Object Repo/New Registration - Registration Module Pages/Third Screen - Upload Supporting Doc- Preview/Add Document Button' is clicked on

2018-12-13 13:51:20 - [MESSAGE][PASSED] - Object: 'Object Repository/Final Object Repo/New Registration - Registration Module Pages/Third Screen - Upload Supporting Doc- Preview/Add Document Button' is clicked on

2018-12-13 13:51:20 - [TEST_STEP][PASSED] - delay: Delayed 30 second(s)

2018-12-13 13:51:50 - [MESSAGE][PASSED] - Delayed 30 second(s)

2018-12-13 13:51:50 - [TEST_STEP][PASSED] - click: Object: 'Object Repository/Final Object Repo/New Registration - Registration Module Pages/Third Screen - Upload Supporting Doc- Preview/Supporting Doc Please Select Drop Down' is clicked on

2018-12-13 13:51:50 - [MESSAGE][PASSED] - Object: 'Object Repository/Final Object Repo/New Registration - Registration Module Pages/Third Screen - Upload Supporting Doc- Preview/Supporting Doc Please Select Drop Down' is clicked on

2018-12-13 13:51:50 - [TEST_STEP][PASSED] - delay: Delayed 2 second(s)

2018-12-13 13:51:52 - [MESSAGE][PASSED] - Delayed 2 second(s)

2018-12-13 13:51:52 - [TEST_STEP][PASSED] - click: Object: 'Object Repository/Final Object Repo/New Registration - Registration Module Pages/Third Screen - Upload Supporting Doc- Preview/Select to Upload Form 1' is clicked on

2018-12-13 13:51:52 - [MESSAGE][PASSED] - Object: 'Object Repository/Final Object Repo/New Registration - Registration Module Pages/Third Screen - Upload Supporting Doc- Preview/Select to Upload Form 1' is clicked on

2018-12-13 13:51:52 - [TEST_STEP][PASSED] - delay: Delayed 2 second(s)

2018-12-13 13:51:54 - [MESSAGE][PASSED] - Delayed 2 second(s)

2018-12-13 13:51:54 - [TEST_STEP][PASSED] - uploadFile: File 'C:\Users\Public\Pictures\Sample Pictures\Koala.jpg' sent to object: 'Object Repository/Final Object Repo/New Registration - Registration Module Pages/Third Screen - Upload Supporting Doc- Preview/Upload File Adding'

2018-12-13 13:51:54 - [MESSAGE][PASSED] - File 'C:\Users\Public\Pictures\Sample Pictures\Koala.jpg' sent to object: 'Object Repository/Final Object Repo/New Registration - Registration Module Pages/Third Screen - Upload Supporting Doc- Preview/Upload File Adding'

2018-12-13 13:51:54 - [TEST_STEP][PASSED] - delay: Delayed 5 second(s)

2018-12-13 13:51:59 - [MESSAGE][PASSED] - Delayed 5 second(s)

2018-12-13 13:51:59 - [TEST_STEP][PASSED] - click: Object: 'Object Repository/Final Object Repo/New Registration - Registration Module Pages/Third Screen - Upload Supporting Doc- Preview/Inner Form Add Document Button' is clicked on

2018-12-13 13:52:00 - [MESSAGE][PASSED] - Object: 'Object Repository/Final Object Repo/New Registration - Registration Module Pages/Third Screen - Upload Supporting Doc- Preview/Inner Form Add Document Button' is clicked on

2018-12-13 13:52:00 - [TEST_STEP][PASSED] - delay: Delayed 3 second(s)

2018-12-13 13:52:03 - [MESSAGE][PASSED] - Delayed 3 second(s)

2018-12-13 13:52:03 - [TEST_STEP][PASSED] - click: Object: 'Object Repository/Final Object Repo/New Registration - Registration Module Pages/Third Screen - Upload Supporting Doc- Preview/Add Document Button' is clicked on

2018-12-13 13:52:04 - [MESSAGE][PASSED] - Object: 'Object Repository/Final Object Repo/New Registration - Registration Module Pages/Third Screen - Upload Supporting Doc- Preview/Add Document Button' is clicked on

2018-12-13 13:52:04 - [TEST_STEP][PASSED] - delay: Delayed 30 second(s)

2018-12-13 13:52:34 - [MESSAGE][PASSED] - Delayed 30 second(s)

2018-12-13 13:52:34 - [TEST_STEP][PASSED] - click: Object: 'Object Repository/Final Object Repo/New Registration - Registration Module Pages/Third Screen - Upload Supporting Doc- Preview/Supporting Doc Please Select Drop Down' is clicked on

2018-12-13 13:52:34 - [MESSAGE][PASSED] - Object: 'Object Repository/Final Object Repo/New Registration - Registration Module Pages/Third Screen - Upload Supporting Doc- Preview/Supporting Doc Please Select Drop Down' is clicked on

2018-12-13 13:52:34 - [TEST_STEP][PASSED] - delay: Delayed 4 second(s)

2018-12-13 13:52:38 - [MESSAGE][PASSED] - Delayed 4 second(s)

2018-12-13 13:52:38 - [TEST_STEP][PASSED] - click: Object: 'Object Repository/Final Object Repo/New Registration - Registration Module Pages/Third Screen - Upload Supporting Doc- Preview/Select to Upload Form 2' is clicked on

2018-12-13 13:52:38 - [MESSAGE][PASSED] - Object: 'Object Repository/Final Object Repo/New Registration - Registration Module Pages/Third Screen - Upload Supporting Doc- Preview/Select to Upload Form 2' is clicked on

2018-12-13 13:52:38 - [TEST_STEP][PASSED] - delay: Delayed 2 second(s)

2018-12-13 13:52:40 - [MESSAGE][PASSED] - Delayed 2 second(s)

2018-12-13 13:52:40 - [TEST_STEP][PASSED] - uploadFile: File 'C:\Users\Public\Pictures\Sample Pictures\Koala.jpg' sent to object: 'Object Repository/Final Object Repo/New Registration - Registration Module Pages/Third Screen - Upload Supporting Doc- Preview/Upload File Adding'

2018-12-13 13:52:40 - [MESSAGE][PASSED] - File 'C:\Users\Public\Pictures\Sample Pictures\Koala.jpg' sent to object: 'Object Repository/Final Object Repo/New Registration - Registration Module Pages/Third Screen - Upload Supporting Doc- Preview/Upload File Adding'

2018-12-13 13:52:40 - [TEST_STEP][PASSED] - click: Object: 'Object Repository/Final Object Repo/New Registration - Registration Module Pages/Third Screen - Upload Supporting Doc- Preview/Inner Form Add Document Button' is clicked on

2018-12-13 13:52:41 - [MESSAGE][PASSED] - Object: 'Object Repository/Final Object Repo/New Registration - Registration Module Pages/Third Screen - Upload Supporting Doc- Preview/Inner Form Add Document Button' is clicked on

2018-12-13 13:52:41 - [TEST_STEP][PASSED] - delay: Delayed 5 second(s)

2018-12-13 13:52:46 - [MESSAGE][PASSED] - Delayed 5 second(s)

2018-12-13 13:52:46 - [TEST_STEP][PASSED] - click: Object: 'Object Repository/Final Object Repo/New Registration - Registration Module Pages/Third Screen - Upload Supporting Doc- Preview/Add Document Button' is clicked on

2018-12-13 13:52:46 - [MESSAGE][PASSED] - Object: 'Object Repository/Final Object Repo/New Registration - Registration Module Pages/Third Screen - Upload Supporting Doc- Preview/Add Document Button' is clicked on

2018-12-13 13:52:46 - [TEST_STEP][PASSED] - delay: Delayed 30 second(s)

2018-12-13 13:53:16 - [MESSAGE][PASSED] - Delayed 30 second(s)

2018-12-13 13:53:16 - [TEST_STEP][PASSED] - click: Object: 'Object Repository/Final Object Repo/New Registration - Registration Module Pages/Third Screen - Upload Supporting Doc- Preview/Supporting Doc Please Select Drop Down' is clicked on

2018-12-13 13:53:16 - [MESSAGE][PASSED] - Object: 'Object Repository/Final Object Repo/New Registration - Registration Module Pages/Third Screen - Upload Supporting Doc- Preview/Supporting Doc Please Select Drop Down' is clicked on

2018-12-13 13:53:16 - [TEST_STEP][PASSED] - click: Object: 'Object Repository/Final Object Repo/New Registration - Registration Module Pages/Third Screen - Upload Supporting Doc- Preview/Select to Upload Borang SIP 1' is clicked on

2018-12-13 13:53:16 - [MESSAGE][PASSED] - Object: 'Object Repository/Final Object Repo/New Registration - Registration Module Pages/Third Screen - Upload Supporting Doc- Preview/Select to Upload Borang SIP 1' is clicked on

2018-12-13 13:53:16 - [TEST_STEP][PASSED] - delay: Delayed 2 second(s)

2018-12-13 13:53:18 - [MESSAGE][PASSED] - Delayed 2 second(s)

2018-12-13 13:53:18 - [TEST_STEP][PASSED] - uploadFile: File 'C:\Users\Public\Pictures\Sample Pictures\Koala.jpg' sent to object: 'Object Repository/Final Object Repo/New Registration - Registration Module Pages/Third Screen - Upload Supporting Doc- Preview/Upload File Adding'

2018-12-13 13:53:18 - [MESSAGE][PASSED] - File 'C:\Users\Public\Pictures\Sample Pictures\Koala.jpg' sent to object: 'Object Repository/Final Object Repo/New Registration - Registration Module Pages/Third Screen - Upload Supporting Doc- Preview/Upload File Adding'

2018-12-13 13:53:18 - [TEST_STEP][PASSED] - click: Object: 'Object Repository/Final Object Repo/New Registration - Registration Module Pages/Third Screen - Upload Supporting Doc- Preview/Inner Form Add Document Button' is clicked on

2018-12-13 13:53:19 - [MESSAGE][PASSED] - Object: 'Object Repository/Final Object Repo/New Registration - Registration Module Pages/Third Screen - Upload Supporting Doc- Preview/Inner Form Add Document Button' is clicked on

2018-12-13 13:53:19 - [TEST_STEP][PASSED] - delay: Delayed 5 second(s)

2018-12-13 13:53:24 - [MESSAGE][PASSED] - Delayed 5 second(s)

2018-12-13 13:53:24 - [TEST_STEP][PASSED] - click: Object: 'Object Repository/Final Object Repo/New Registration - Registration Module Pages/Third Screen - Upload Supporting Doc- Preview/Add Document Button' is clicked on

2018-12-13 13:53:24 - [MESSAGE][PASSED] - Object: 'Object Repository/Final Object Repo/New Registration - Registration Module Pages/Third Screen - Upload Supporting Doc- Preview/Add Document Button' is clicked on

2018-12-13 13:53:24 - [TEST_STEP][PASSED] - delay: Delayed 30 second(s)

2018-12-13 13:53:54 - [MESSAGE][PASSED] - Delayed 30 second(s)

2018-12-13 13:53:54 - [TEST_STEP][PASSED] - click: Object: 'Object Repository/Final Object Repo/New Registration - Registration Module Pages/Third Screen - Upload Supporting Doc- Preview/Supporting Doc Please Select Drop Down' is clicked on

2018-12-13 13:53:54 - [MESSAGE][PASSED] - Object: 'Object Repository/Final Object Repo/New Registration - Registration Module Pages/Third Screen - Upload Supporting Doc- Preview/Supporting Doc Please Select Drop Down' is clicked on

2018-12-13 13:53:54 - [TEST_STEP][PASSED] - delay: Delayed 3 second(s)

2018-12-13 13:53:57 - [MESSAGE][PASSED] - Delayed 3 second(s)

2018-12-13 13:53:57 - [TEST_STEP][PASSED] - click: Object: 'Object Repository/Final Object Repo/New Registration - Registration Module Pages/Third Screen - Upload Supporting Doc- Preview/Select to Upload Borang SIP 2' is clicked on

2018-12-13 13:53:57 - [MESSAGE][PASSED] - Object: 'Object Repository/Final Object Repo/New Registration - Registration Module Pages/Third Screen - Upload Supporting Doc- Preview/Select to Upload Borang SIP 2' is clicked on

2018-12-13 13:53:57 - [TEST_STEP][PASSED] - delay: Delayed 2 second(s)

2018-12-13 13:53:59 - [MESSAGE][PASSED] - Delayed 2 second(s)

2018-12-13 13:53:59 - [TEST_STEP][PASSED] - uploadFile: File 'C:\Users\Public\Pictures\Sample Pictures\Koala.jpg' sent to object: 'Object Repository/Final Object Repo/New Registration - Registration Module Pages/Third Screen - Upload Supporting Doc- Preview/Upload File Adding'

2018-12-13 13:53:59 - [MESSAGE][PASSED] - File 'C:\Users\Public\Pictures\Sample Pictures\Koala.jpg' sent to object: 'Object Repository/Final Object Repo/New Registration - Registration Module Pages/Third Screen - Upload Supporting Doc- Preview/Upload File Adding'

2018-12-13 13:53:59 - [TEST_STEP][PASSED] - delay: Delayed 5 second(s)

2018-12-13 13:54:04 - [MESSAGE][PASSED] - Delayed 5 second(s)

2018-12-13 13:54:04 - [TEST_STEP][PASSED] - click: Object: 'Object Repository/Final Object Repo/New Registration - Registration Module Pages/Third Screen - Upload Supporting Doc- Preview/Inner Form Add Document Button' is clicked on

2018-12-13 13:54:04 - [MESSAGE][PASSED] - Object: 'Object Repository/Final Object Repo/New Registration - Registration Module Pages/Third Screen - Upload Supporting Doc- Preview/Inner Form Add Document Button' is clicked on

2018-12-13 13:54:04 - [TEST_STEP][PASSED] - delay: Delayed 3 second(s)

2018-12-13 13:54:07 - [MESSAGE][PASSED] - Delayed 3 second(s)

2018-12-13 13:54:07 - [TEST_STEP][PASSED] - waitForElementClickable: Object 'Object Repository/Final Object Repo/New Registration - Registration Module Pages/Third Screen - Upload Supporting Doc- Preview/Save n Continue in Uploading Supporting Doc Page' is clickable

2018-12-13 13:54:09 - [MESSAGE][PASSED] - Object 'Object Repository/Final Object Repo/New Registration - Registration Module Pages/Third Screen - Upload Supporting Doc- Preview/Save n Continue in Uploading Supporting Doc Page' is clickable

2018-12-13 13:54:09 - [TEST_STEP][PASSED] - click: Object: 'Object Repository/Final Object Repo/New Registration - Registration Module Pages/Third Screen - Upload Supporting Doc- Preview/Save n Continue in Uploading Supporting Doc Page' is clicked on

2018-12-13 13:54:09 - [MESSAGE][PASSED] - Object: 'Object Repository/Final Object Repo/New Registration - Registration Module Pages/Third Screen - Upload Supporting Doc- Preview/Save n Continue in Uploading Supporting Doc Page' is clicked on

2018-12-13 13:54:09 - [MESSAGE][PASSED] - Call Test Case 'Test Cases/Final Aug 2018 - PKS Automation/Registration Module/New Registration/Flow of New Registration/Third Screen - Upload Supporting Doc - Preview' successfully

2018-12-13 13:54:09 - [TEST_STEP][PASSED] - setText: Text 'Tester' is set on object 'Object Repository/Final Object Repo/New Registration - Registration Module Pages/New Reg - OTC to RO/Special Case - All Related Objects/Employer Preview Name'

2018-12-13 13:54:14 - [MESSAGE][PASSED] - Text 'Tester' is set on object 'Object Repository/Final Object Repo/New Registration - Registration Module Pages/New Reg - OTC to RO/Special Case - All Related Objects/Employer Preview Name'

2018-12-13 13:54:14 - [TEST_STEP][PASSED] - click: Object: 'Object Repository/Final Object Repo/New Registration - Registration Module Pages/New Reg - OTC to RO/Special Case - All Related Objects/IC Type Drop Down' is clicked on

2018-12-13 13:54:14 - [MESSAGE][PASSED] - Object: 'Object Repository/Final Object Repo/New Registration - Registration Module Pages/New Reg - OTC to RO/Special Case - All Related Objects/IC Type Drop Down' is clicked on

2018-12-13 13:54:14 - [TEST_STEP][PASSED] - click: Object: 'Object Repository/Final Object Repo/New Registration - Registration Module Pages/New Reg - OTC to RO/Special Case - All Related Objects/Select to NRIC' is clicked on

2018-12-13 13:54:14 - [MESSAGE][PASSED] - Object: 'Object Repository/Final Object Repo/New Registration - Registration Module Pages/New Reg - OTC to RO/Special Case - All Related Objects/Select to NRIC' is clicked on

2018-12-13 13:54:14 - [TEST_STEP][PASSED] - setText: Text '133245561223' is set on object 'Object Repository/Final Object Repo/New Registration - Registration Module Pages/New Reg - OTC to RO/Special Case - All Related Objects/IC Value'

2018-12-13 13:54:14 - [MESSAGE][PASSED] - Text '133245561223' is set on object 'Object Repository/Final Object Repo/New Registration - Registration Module Pages/New Reg - OTC to RO/Special Case - All Related Objects/IC Value'

2018-12-13 13:54:14 - [TEST_STEP][PASSED] - setText: Text 'Auto' is set on object 'Object Repository/Final Object Repo/New Registration - Registration Module Pages/New Reg - OTC to RO/Special Case - All Related Objects/Designation'

2018-12-13 13:54:14 - [MESSAGE][PASSED] - Text 'Auto' is set on object 'Object Repository/Final Object Repo/New Registration - Registration Module Pages/New Reg - OTC to RO/Special Case - All Related Objects/Designation'

2018-12-13 13:54:14 - [TEST_STEP][PASSED] - callTestCase: Call Test Case 'Test Cases/Final Aug 2018 - PKS Automation/Registration Module/New Registration/Submit and Screenshot/Submit Registration and Screenshot' successfully

2018-12-13 13:54:14 - [TEST_CASE][PASSED] - Test Cases/Final Aug 2018 - PKS Automation/Registration Module/New Registration/Submit and Screenshot/Submit Registration and Screenshot: Test Cases/Final Aug 2018 - PKS Automation/Registration Module/New Registration/Submit and Screenshot/Submit Registration and Screenshot

2018-12-13 13:54:14 - [TEST_STEP][PASSED] - delay: Delayed 6 second(s)

2018-12-13 13:54:20 - [MESSAGE][PASSED] - Delayed 6 second(s)

2018-12-13 13:54:20 - [TEST_STEP][PASSED] - click: Object: 'Object Repository/Final Object Repo/New Registration - Registration Module Pages/Third Screen - Upload Supporting Doc- Preview/Preview Submit Button' is clicked on

2018-12-13 13:54:21 - [MESSAGE][PASSED] - Object: 'Object Repository/Final Object Repo/New Registration - Registration Module Pages/Third Screen - Upload Supporting Doc- Preview/Preview Submit Button' is clicked on

2018-12-13 13:54:21 - [TEST_STEP][PASSED] - delay: Delayed 2 second(s)

2018-12-13 13:54:23 - [MESSAGE][PASSED] - Delayed 2 second(s)

2018-12-13 13:54:23 - [TEST_STEP][PASSED] - click: Object: 'Object Repository/Final Object Repo/New Registration - Registration Module Pages/Third Screen - Upload Supporting Doc- Preview/Preview Submit - Confirm' is clicked on

2018-12-13 13:54:23 - [MESSAGE][PASSED] - Object: 'Object Repository/Final Object Repo/New Registration - Registration Module Pages/Third Screen - Upload Supporting Doc- Preview/Preview Submit - Confirm' is clicked on

2018-12-13 13:54:23 - [TEST_STEP][PASSED] - delay: Delayed 15 second(s)

2018-12-13 13:54:38 - [MESSAGE][PASSED] - Delayed 15 second(s)

2018-12-13 13:54:38 - [TEST_STEP][PASSED] - Statement - driver = com.kms.katalon.core.webui.driver.DriverFactory.getWebDriver(): null

2018-12-13 13:54:38 - [TEST_STEP][PASSED] - Statement - driver.manage().timeouts().implicitlyWait(10, SECONDS): null

2018-12-13 13:54:38 - [TEST_STEP][PASSED] - Statement - PresavePath = KatalonScreenshots: null

2018-12-13 13:54:38 - [TEST_STEP][PASSED] - Statement - pathPrefix = "C:\Users\Public\Pictures\Sample Pictures\Katalon Screenshots\Automate Ending Screen": null

2018-12-13 13:54:38 - [TEST_STEP][PASSED] - Statement - finalPath = <not implemented yet for class: org.codehaus.groovy.ast.expr.EmptyExpression>: null

2018-12-13 13:54:38 - [TEST_STEP][PASSED] - Statement - scrFile = driver.getScreenshotAs(FILE): null

2018-12-13 13:54:38 - [TEST_STEP][PASSED] - Statement - PreSaveFile = new java.io.File(PresavePath): null

2018-12-13 13:54:38 - [TEST_STEP][PASSED] - Statement - counter = 0: null

2018-12-13 13:54:38 - [TEST_STEP][PASSED] - Statement - If (PreSaveFile.exists()): null

2018-12-13 13:54:38 - [TEST_STEP][PASSED] - Statement - While (PreSaveFile.exists()): null

2018-12-13 13:54:38 - [TEST_STEP][PASSED] - Statement - counter = counter + 1: null

2018-12-13 13:54:38 - [TEST_STEP][PASSED] - Statement - PreSaveFile = new java.io.File(((pathPrefix + java.lang.Integer.toString(counter)) + .png)): null

2018-12-13 13:54:38 - [TEST_STEP][PASSED] - Statement - counter = counter + 1: null

2018-12-13 13:54:38 - [TEST_STEP][PASSED] - Statement - PreSaveFile = new java.io.File(((pathPrefix + java.lang.Integer.toString(counter)) + .png)): null

2018-12-13 13:54:38 - [TEST_STEP][PASSED] - Statement - counter = counter + 1: null

2018-12-13 13:54:38 - [TEST_STEP][PASSED] - Statement - PreSaveFile = new java.io.File(((pathPrefix + java.lang.Integer.toString(counter)) + .png)): null

2018-12-13 13:54:38 - [TEST_STEP][PASSED] - Statement - counter = counter + 1: null

2018-12-13 13:54:38 - [TEST_STEP][PASSED] - Statement - PreSaveFile = new java.io.File(((pathPrefix + java.lang.Integer.toString(counter)) + .png)): null

2018-12-13 13:54:38 - [TEST_STEP][PASSED] - Statement - counter = counter + 1: null

2018-12-13 13:54:38 - [TEST_STEP][PASSED] - Statement - PreSaveFile = new java.io.File(((pathPrefix + java.lang.Integer.toString(counter)) + .png)): null

2018-12-13 13:54:38 - [TEST_STEP][PASSED] - Statement - counter = counter + 1: null

2018-12-13 13:54:38 - [TEST_STEP][PASSED] - Statement - PreSaveFile = new java.io.File(((pathPrefix + java.lang.Integer.toString(counter)) + .png)): null

2018-12-13 13:54:38 - [TEST_STEP][PASSED] - Statement - counter = counter + 1: null

2018-12-13 13:54:38 - [TEST_STEP][PASSED] - Statement - PreSaveFile = new java.io.File(((pathPrefix + java.lang.Integer.toString(counter)) + .png)): null

2018-12-13 13:54:38 - [TEST_STEP][PASSED] - Statement - counter = counter + 1: null

2018-12-13 13:54:38 - [TEST_STEP][PASSED] - Statement - PreSaveFile = new java.io.File(((pathPrefix + java.lang.Integer.toString(counter)) + .png)): null

2018-12-13 13:54:38 - [TEST_STEP][PASSED] - Statement - counter = counter + 1: null

2018-12-13 13:54:38 - [TEST_STEP][PASSED] - Statement - PreSaveFile = new java.io.File(((pathPrefix + java.lang.Integer.toString(counter)) + .png)): null

2018-12-13 13:54:38 - [TEST_STEP][PASSED] - Statement - counter = counter + 1: null

2018-12-13 13:54:38 - [TEST_STEP][PASSED] - Statement - PreSaveFile = new java.io.File(((pathPrefix + java.lang.Integer.toString(counter)) + .png)): null

2018-12-13 13:54:38 - [TEST_STEP][PASSED] - Statement - counter = counter + 1: null

2018-12-13 13:54:38 - [TEST_STEP][PASSED] - Statement - PreSaveFile = new java.io.File(((pathPrefix + java.lang.Integer.toString(counter)) + .png)): null

2018-12-13 13:54:38 - [TEST_STEP][PASSED] - Statement - counter = counter + 1: null

2018-12-13 13:54:38 - [TEST_STEP][PASSED] - Statement - PreSaveFile = new java.io.File(((pathPrefix + java.lang.Integer.toString(counter)) + .png)): null

2018-12-13 13:54:38 - [TEST_STEP][PASSED] - Statement - counter = counter + 1: null

2018-12-13 13:54:38 - [TEST_STEP][PASSED] - Statement - PreSaveFile = new java.io.File(((pathPrefix + java.lang.Integer.toString(counter)) + .png)): null

2018-12-13 13:54:38 - [TEST_STEP][PASSED] - Statement - counter = counter + 1: null

2018-12-13 13:54:38 - [TEST_STEP][PASSED] - Statement - PreSaveFile = new java.io.File(((pathPrefix + java.lang.Integer.toString(counter)) + .png)): null

2018-12-13 13:54:38 - [TEST_STEP][PASSED] - Statement - counter = counter + 1: null

2018-12-13 13:54:38 - [TEST_STEP][PASSED] - Statement - PreSaveFile = new java.io.File(((pathPrefix + java.lang.Integer.toString(counter)) + .png)): null

2018-12-13 13:54:38 - [TEST_STEP][PASSED] - Statement - counter = counter + 1: null

2018-12-13 13:54:38 - [TEST_STEP][PASSED] - Statement - PreSaveFile = new java.io.File(((pathPrefix + java.lang.Integer.toString(counter)) + .png)): null

2018-12-13 13:54:38 - [TEST_STEP][PASSED] - Statement - counter = counter + 1: null

2018-12-13 13:54:38 - [TEST_STEP][PASSED] - Statement - PreSaveFile = new java.io.File(((pathPrefix + java.lang.Integer.toString(counter)) + .png)): null

2018-12-13 13:54:38 - [TEST_STEP][PASSED] - Statement - counter = counter + 1: null

2018-12-13 13:54:38 - [TEST_STEP][PASSED] - Statement - PreSaveFile = new java.io.File(((pathPrefix + java.lang.Integer.toString(counter)) + .png)): null

2018-12-13 13:54:38 - [TEST_STEP][PASSED] - Statement - counter = counter + 1: null

2018-12-13 13:54:38 - [TEST_STEP][PASSED] - Statement - PreSaveFile = new java.io.File(((pathPrefix + java.lang.Integer.toString(counter)) + .png)): null

2018-12-13 13:54:38 - [TEST_STEP][PASSED] - Statement - counter = counter + 1: null

2018-12-13 13:54:38 - [TEST_STEP][PASSED] - Statement - PreSaveFile = new java.io.File(((pathPrefix + java.lang.Integer.toString(counter)) + .png)): null

2018-12-13 13:54:38 - [TEST_STEP][PASSED] - Statement - counter = counter + 1: null

2018-12-13 13:54:38 - [TEST_STEP][PASSED] - Statement - PreSaveFile = new java.io.File(((pathPrefix + java.lang.Integer.toString(counter)) + .png)): null

2018-12-13 13:54:38 - [TEST_STEP][PASSED] - Statement - counter = counter + 1: null

2018-12-13 13:54:38 - [TEST_STEP][PASSED] - Statement - PreSaveFile = new java.io.File(((pathPrefix + java.lang.Integer.toString(counter)) + .png)): null

2018-12-13 13:54:38 - [TEST_STEP][PASSED] - Statement - counter = counter + 1: null

2018-12-13 13:54:38 - [TEST_STEP][PASSED] - Statement - PreSaveFile = new java.io.File(((pathPrefix + java.lang.Integer.toString(counter)) + .png)): null

2018-12-13 13:54:39 - [TEST_STEP][PASSED] - Statement - counter = counter + 1: null

2018-12-13 13:54:39 - [TEST_STEP][PASSED] - Statement - PreSaveFile = new java.io.File(((pathPrefix + java.lang.Integer.toString(counter)) + .png)): null

2018-12-13 13:54:39 - [TEST_STEP][PASSED] - Statement - counter = counter + 1: null

2018-12-13 13:54:39 - [TEST_STEP][PASSED] - Statement - PreSaveFile = new java.io.File(((pathPrefix + java.lang.Integer.toString(counter)) + .png)): null

2018-12-13 13:54:39 - [TEST_STEP][PASSED] - Statement - counter = counter + 1: null

2018-12-13 13:54:39 - [TEST_STEP][PASSED] - Statement - PreSaveFile = new java.io.File(((pathPrefix + java.lang.Integer.toString(counter)) + .png)): null

2018-12-13 13:54:39 - [TEST_STEP][PASSED] - Statement - counter = counter + 1: null

2018-12-13 13:54:39 - [TEST_STEP][PASSED] - Statement - PreSaveFile = new java.io.File(((pathPrefix + java.lang.Integer.toString(counter)) + .png)): null

2018-12-13 13:54:39 - [TEST_STEP][PASSED] - Statement - counter = counter + 1: null

2018-12-13 13:54:39 - [TEST_STEP][PASSED] - Statement - PreSaveFile = new java.io.File(((pathPrefix + java.lang.Integer.toString(counter)) + .png)): null

2018-12-13 13:54:39 - [TEST_STEP][PASSED] - Statement - counter = counter + 1: null

2018-12-13 13:54:39 - [TEST_STEP][PASSED] - Statement - PreSaveFile = new java.io.File(((pathPrefix + java.lang.Integer.toString(counter)) + .png)): null

2018-12-13 13:54:39 - [TEST_STEP][PASSED] - Statement - counter = counter + 1: null

2018-12-13 13:54:39 - [TEST_STEP][PASSED] - Statement - PreSaveFile = new java.io.File(((pathPrefix + java.lang.Integer.toString(counter)) + .png)): null

2018-12-13 13:54:39 - [TEST_STEP][PASSED] - Statement - counter = counter + 1: null

2018-12-13 13:54:39 - [TEST_STEP][PASSED] - Statement - PreSaveFile = new java.io.File(((pathPrefix + java.lang.Integer.toString(counter)) + .png)): null

2018-12-13 13:54:39 - [TEST_STEP][PASSED] - Statement - counter = counter + 1: null

2018-12-13 13:54:39 - [TEST_STEP][PASSED] - Statement - PreSaveFile = new java.io.File(((pathPrefix + java.lang.Integer.toString(counter)) + .png)): null

2018-12-13 13:54:39 - [TEST_STEP][PASSED] - Statement - counter = counter + 1: null

2018-12-13 13:54:39 - [TEST_STEP][PASSED] - Statement - PreSaveFile = new java.io.File(((pathPrefix + java.lang.Integer.toString(counter)) + .png)): null

2018-12-13 13:54:39 - [TEST_STEP][PASSED] - Statement - counter = counter + 1: null

2018-12-13 13:54:39 - [TEST_STEP][PASSED] - Statement - PreSaveFile = new java.io.File(((pathPrefix + java.lang.Integer.toString(counter)) + .png)): null

2018-12-13 13:54:39 - [TEST_STEP][PASSED] - Statement - counter = counter + 1: null

2018-12-13 13:54:39 - [TEST_STEP][PASSED] - Statement - PreSaveFile = new java.io.File(((pathPrefix + java.lang.Integer.toString(counter)) + .png)): null

2018-12-13 13:54:39 - [TEST_STEP][PASSED] - Statement - counter = counter + 1: null

2018-12-13 13:54:39 - [TEST_STEP][PASSED] - Statement - PreSaveFile = new java.io.File(((pathPrefix + java.lang.Integer.toString(counter)) + .png)): null

2018-12-13 13:54:39 - [TEST_STEP][PASSED] - Statement - counter = counter + 1: null

2018-12-13 13:54:39 - [TEST_STEP][PASSED] - Statement - PreSaveFile = new java.io.File(((pathPrefix + java.lang.Integer.toString(counter)) + .png)): null

2018-12-13 13:54:39 - [TEST_STEP][PASSED] - Statement - counter = counter + 1: null

2018-12-13 13:54:39 - [TEST_STEP][PASSED] - Statement - PreSaveFile = new java.io.File(((pathPrefix + java.lang.Integer.toString(counter)) + .png)): null

2018-12-13 13:54:39 - [TEST_STEP][PASSED] - Statement - counter = counter + 1: null

2018-12-13 13:54:39 - [TEST_STEP][PASSED] - Statement - PreSaveFile = new java.io.File(((pathPrefix + java.lang.Integer.toString(counter)) + .png)): null

2018-12-13 13:54:39 - [TEST_STEP][PASSED] - Statement - counter = counter + 1: null

2018-12-13 13:54:39 - [TEST_STEP][PASSED] - Statement - PreSaveFile = new java.io.File(((pathPrefix + java.lang.Integer.toString(counter)) + .png)): null

2018-12-13 13:54:39 - [TEST_STEP][PASSED] - Statement - counter = counter + 1: null

2018-12-13 13:54:39 - [TEST_STEP][PASSED] - Statement - PreSaveFile = new java.io.File(((pathPrefix + java.lang.Integer.toString(counter)) + .png)): null

2018-12-13 13:54:39 - [TEST_STEP][PASSED] - Statement - counter = counter + 1: null

2018-12-13 13:54:39 - [TEST_STEP][PASSED] - Statement - PreSaveFile = new java.io.File(((pathPrefix + java.lang.Integer.toString(counter)) + .png)): null

2018-12-13 13:54:39 - [TEST_STEP][PASSED] - Statement - counter = counter + 1: null

2018-12-13 13:54:39 - [TEST_STEP][PASSED] - Statement - PreSaveFile = new java.io.File(((pathPrefix + java.lang.Integer.toString(counter)) + .png)): null

2018-12-13 13:54:39 - [TEST_STEP][PASSED] - Statement - counter = counter + 1: null

2018-12-13 13:54:39 - [TEST_STEP][PASSED] - Statement - PreSaveFile = new java.io.File(((pathPrefix + java.lang.Integer.toString(counter)) + .png)): null

2018-12-13 13:54:39 - [TEST_STEP][PASSED] - Statement - counter = counter + 1: null

2018-12-13 13:54:39 - [TEST_STEP][PASSED] - Statement - PreSaveFile = new java.io.File(((pathPrefix + java.lang.Integer.toString(counter)) + .png)): null

2018-12-13 13:54:39 - [TEST_STEP][PASSED] - Statement - counter = counter + 1: null

2018-12-13 13:54:39 - [TEST_STEP][PASSED] - Statement - PreSaveFile = new java.io.File(((pathPrefix + java.lang.Integer.toString(counter)) + .png)): null

2018-12-13 13:54:39 - [TEST_STEP][PASSED] - Statement - counter = counter + 1: null

2018-12-13 13:54:39 - [TEST_STEP][PASSED] - Statement - PreSaveFile = new java.io.File(((pathPrefix + java.lang.Integer.toString(counter)) + .png)): null

2018-12-13 13:54:39 - [TEST_STEP][PASSED] - Statement - counter = counter + 1: null

2018-12-13 13:54:39 - [TEST_STEP][PASSED] - Statement - PreSaveFile = new java.io.File(((pathPrefix + java.lang.Integer.toString(counter)) + .png)): null

2018-12-13 13:54:39 - [TEST_STEP][PASSED] - Statement - counter = counter + 1: null

2018-12-13 13:54:39 - [TEST_STEP][PASSED] - Statement - PreSaveFile = new java.io.File(((pathPrefix + java.lang.Integer.toString(counter)) + .png)): null

2018-12-13 13:54:39 - [TEST_STEP][PASSED] - Statement - counter = counter + 1: null

2018-12-13 13:54:39 - [TEST_STEP][PASSED] - Statement - PreSaveFile = new java.io.File(((pathPrefix + java.lang.Integer.toString(counter)) + .png)): null

2018-12-13 13:54:39 - [TEST_STEP][PASSED] - Statement - counter = counter + 1: null

2018-12-13 13:54:39 - [TEST_STEP][PASSED] - Statement - PreSaveFile = new java.io.File(((pathPrefix + java.lang.Integer.toString(counter)) + .png)): null

2018-12-13 13:54:39 - [TEST_STEP][PASSED] - Statement - counter = counter + 1: null

2018-12-13 13:54:39 - [TEST_STEP][PASSED] - Statement - PreSaveFile = new java.io.File(((pathPrefix + java.lang.Integer.toString(counter)) + .png)): null

2018-12-13 13:54:39 - [TEST_STEP][PASSED] - Statement - counter = counter + 1: null

2018-12-13 13:54:39 - [TEST_STEP][PASSED] - Statement - PreSaveFile = new java.io.File(((pathPrefix + java.lang.Integer.toString(counter)) + .png)): null

2018-12-13 13:54:39 - [TEST_STEP][PASSED] - Statement - counter = counter + 1: null

2018-12-13 13:54:39 - [TEST_STEP][PASSED] - Statement - PreSaveFile = new java.io.File(((pathPrefix + java.lang.Integer.toString(counter)) + .png)): null

2018-12-13 13:54:39 - [TEST_STEP][PASSED] - Statement - counter = counter + 1: null

2018-12-13 13:54:39 - [TEST_STEP][PASSED] - Statement - PreSaveFile = new java.io.File(((pathPrefix + java.lang.Integer.toString(counter)) + .png)): null

2018-12-13 13:54:39 - [TEST_STEP][PASSED] - Statement - counter = counter + 1: null

2018-12-13 13:54:39 - [TEST_STEP][PASSED] - Statement - PreSaveFile = new java.io.File(((pathPrefix + java.lang.Integer.toString(counter)) + .png)): null

2018-12-13 13:54:39 - [TEST_STEP][PASSED] - Statement - counter = counter + 1: null

2018-12-13 13:54:39 - [TEST_STEP][PASSED] - Statement - PreSaveFile = new java.io.File(((pathPrefix + java.lang.Integer.toString(counter)) + .png)): null

2018-12-13 13:54:39 - [TEST_STEP][PASSED] - Statement - counter = counter + 1: null

2018-12-13 13:54:39 - [TEST_STEP][PASSED] - Statement - PreSaveFile = new java.io.File(((pathPrefix + java.lang.Integer.toString(counter)) + .png)): null

2018-12-13 13:54:39 - [TEST_STEP][PASSED] - Statement - counter = counter + 1: null

2018-12-13 13:54:39 - [TEST_STEP][PASSED] - Statement - PreSaveFile = new java.io.File(((pathPrefix + java.lang.Integer.toString(counter)) + .png)): null

2018-12-13 13:54:39 - [TEST_STEP][PASSED] - Statement - counter = counter + 1: null

2018-12-13 13:54:39 - [TEST_STEP][PASSED] - Statement - PreSaveFile = new java.io.File(((pathPrefix + java.lang.Integer.toString(counter)) + .png)): null

2018-12-13 13:54:39 - [TEST_STEP][PASSED] - Statement - counter = counter + 1: null

2018-12-13 13:54:39 - [TEST_STEP][PASSED] - Statement - PreSaveFile = new java.io.File(((pathPrefix + java.lang.Integer.toString(counter)) + .png)): null

2018-12-13 13:54:39 - [TEST_STEP][PASSED] - Statement - counter = counter + 1: null

2018-12-13 13:54:39 - [TEST_STEP][PASSED] - Statement - PreSaveFile = new java.io.File(((pathPrefix + java.lang.Integer.toString(counter)) + .png)): null

2018-12-13 13:54:39 - [TEST_STEP][PASSED] - Statement - counter = counter + 1: null

2018-12-13 13:54:39 - [TEST_STEP][PASSED] - Statement - PreSaveFile = new java.io.File(((pathPrefix + java.lang.Integer.toString(counter)) + .png)): null

2018-12-13 13:54:39 - [TEST_STEP][PASSED] - Statement - counter = counter + 1: null

2018-12-13 13:54:39 - [TEST_STEP][PASSED] - Statement - PreSaveFile = new java.io.File(((pathPrefix + java.lang.Integer.toString(counter)) + .png)): null

2018-12-13 13:54:39 - [TEST_STEP][PASSED] - Statement - counter = counter + 1: null

2018-12-13 13:54:39 - [TEST_STEP][PASSED] - Statement - PreSaveFile = new java.io.File(((pathPrefix + java.lang.Integer.toString(counter)) + .png)): null

2018-12-13 13:54:39 - [TEST_STEP][PASSED] - Statement - counter = counter + 1: null

2018-12-13 13:54:39 - [TEST_STEP][PASSED] - Statement - PreSaveFile = new java.io.File(((pathPrefix + java.lang.Integer.toString(counter)) + .png)): null

2018-12-13 13:54:39 - [TEST_STEP][PASSED] - Statement - counter = counter + 1: null

2018-12-13 13:54:39 - [TEST_STEP][PASSED] - Statement - PreSaveFile = new java.io.File(((pathPrefix + java.lang.Integer.toString(counter)) + .png)): null

2018-12-13 13:54:39 - [TEST_STEP][PASSED] - Statement - counter = counter + 1: null

2018-12-13 13:54:39 - [TEST_STEP][PASSED] - Statement - PreSaveFile = new java.io.File(((pathPrefix + java.lang.Integer.toString(counter)) + .png)): null

2018-12-13 13:54:39 - [TEST_STEP][PASSED] - Statement - counter = counter + 1: null

2018-12-13 13:54:39 - [TEST_STEP][PASSED] - Statement - PreSaveFile = new java.io.File(((pathPrefix + java.lang.Integer.toString(counter)) + .png)): null

2018-12-13 13:54:39 - [TEST_STEP][PASSED] - Statement - counter = counter + 1: null

2018-12-13 13:54:39 - [TEST_STEP][PASSED] - Statement - PreSaveFile = new java.io.File(((pathPrefix + java.lang.Integer.toString(counter)) + .png)): null

2018-12-13 13:54:39 - [TEST_STEP][PASSED] - Statement - counter = counter + 1: null

2018-12-13 13:54:39 - [TEST_STEP][PASSED] - Statement - PreSaveFile = new java.io.File(((pathPrefix + java.lang.Integer.toString(counter)) + .png)): null

2018-12-13 13:54:39 - [TEST_STEP][PASSED] - Statement - counter = counter + 1: null

2018-12-13 13:54:39 - [TEST_STEP][PASSED] - Statement - PreSaveFile = new java.io.File(((pathPrefix + java.lang.Integer.toString(counter)) + .png)): null

2018-12-13 13:54:39 - [TEST_STEP][PASSED] - Statement - counter = counter + 1: null

2018-12-13 13:54:39 - [TEST_STEP][PASSED] - Statement - PreSaveFile = new java.io.File(((pathPrefix + java.lang.Integer.toString(counter)) + .png)): null

2018-12-13 13:54:39 - [TEST_STEP][PASSED] - Statement - counter = counter + 1: null

2018-12-13 13:54:39 - [TEST_STEP][PASSED] - Statement - PreSaveFile = new java.io.File(((pathPrefix + java.lang.Integer.toString(counter)) + .png)): null

2018-12-13 13:54:39 - [TEST_STEP][PASSED] - Statement - counter = counter + 1: null

2018-12-13 13:54:39 - [TEST_STEP][PASSED] - Statement - PreSaveFile = new java.io.File(((pathPrefix + java.lang.Integer.toString(counter)) + .png)): null

2018-12-13 13:54:39 - [TEST_STEP][PASSED] - Statement - counter = counter + 1: null

2018-12-13 13:54:39 - [TEST_STEP][PASSED] - Statement - PreSaveFile = new java.io.File(((pathPrefix + java.lang.Integer.toString(counter)) + .png)): null

2018-12-13 13:54:39 - [TEST_STEP][PASSED] - Statement - counter = counter + 1: null

2018-12-13 13:54:39 - [TEST_STEP][PASSED] - Statement - PreSaveFile = new java.io.File(((pathPrefix + java.lang.Integer.toString(counter)) + .png)): null

2018-12-13 13:54:39 - [TEST_STEP][PASSED] - Statement - counter = counter + 1: null

2018-12-13 13:54:39 - [TEST_STEP][PASSED] - Statement - PreSaveFile = new java.io.File(((pathPrefix + java.lang.Integer.toString(counter)) + .png)): null

2018-12-13 13:54:39 - [TEST_STEP][PASSED] - Statement - counter = counter + 1: null

2018-12-13 13:54:39 - [TEST_STEP][PASSED] - Statement - PreSaveFile = new java.io.File(((pathPrefix + java.lang.Integer.toString(counter)) + .png)): null

2018-12-13 13:54:39 - [TEST_STEP][PASSED] - Statement - counter = counter + 1: null

2018-12-13 13:54:39 - [TEST_STEP][PASSED] - Statement - PreSaveFile = new java.io.File(((pathPrefix + java.lang.Integer.toString(counter)) + .png)): null

2018-12-13 13:54:39 - [TEST_STEP][PASSED] - Statement - counter = counter + 1: null

2018-12-13 13:54:39 - [TEST_STEP][PASSED] - Statement - PreSaveFile = new java.io.File(((pathPrefix + java.lang.Integer.toString(counter)) + .png)): null

2018-12-13 13:54:39 - [TEST_STEP][PASSED] - Statement - counter = counter + 1: null

2018-12-13 13:54:39 - [TEST_STEP][PASSED] - Statement - PreSaveFile = new java.io.File(((pathPrefix + java.lang.Integer.toString(counter)) + .png)): null

2018-12-13 13:54:39 - [TEST_STEP][PASSED] - Statement - counter = counter + 1: null

2018-12-13 13:54:39 - [TEST_STEP][PASSED] - Statement - PreSaveFile = new java.io.File(((pathPrefix + java.lang.Integer.toString(counter)) + .png)): null

2018-12-13 13:54:39 - [TEST_STEP][PASSED] - Statement - counter = counter + 1: null

2018-12-13 13:54:39 - [TEST_STEP][PASSED] - Statement - PreSaveFile = new java.io.File(((pathPrefix + java.lang.Integer.toString(counter)) + .png)): null

2018-12-13 13:54:39 - [TEST_STEP][PASSED] - Statement - counter = counter + 1: null

2018-12-13 13:54:39 - [TEST_STEP][PASSED] - Statement - PreSaveFile = new java.io.File(((pathPrefix + java.lang.Integer.toString(counter)) + .png)): null

2018-12-13 13:54:39 - [TEST_STEP][PASSED] - Statement - counter = counter + 1: null

2018-12-13 13:54:39 - [TEST_STEP][PASSED] - Statement - PreSaveFile = new java.io.File(((pathPrefix + java.lang.Integer.toString(counter)) + .png)): null

2018-12-13 13:54:39 - [TEST_STEP][PASSED] - Statement - counter = counter + 1: null

2018-12-13 13:54:39 - [TEST_STEP][PASSED] - Statement - PreSaveFile = new java.io.File(((pathPrefix + java.lang.Integer.toString(counter)) + .png)): null

2018-12-13 13:54:39 - [TEST_STEP][PASSED] - Statement - counter = counter + 1: null

2018-12-13 13:54:39 - [TEST_STEP][PASSED] - Statement - PreSaveFile = new java.io.File(((pathPrefix + java.lang.Integer.toString(counter)) + .png)): null

2018-12-13 13:54:39 - [TEST_STEP][PASSED] - Statement - counter = counter + 1: null

2018-12-13 13:54:39 - [TEST_STEP][PASSED] - Statement - PreSaveFile = new java.io.File(((pathPrefix + java.lang.Integer.toString(counter)) + .png)): null

2018-12-13 13:54:39 - [TEST_STEP][PASSED] - Statement - counter = counter + 1: null

2018-12-13 13:54:39 - [TEST_STEP][PASSED] - Statement - PreSaveFile = new java.io.File(((pathPrefix + java.lang.Integer.toString(counter)) + .png)): null

2018-12-13 13:54:39 - [TEST_STEP][PASSED] - Statement - counter = counter + 1: null

2018-12-13 13:54:39 - [TEST_STEP][PASSED] - Statement - PreSaveFile = new java.io.File(((pathPrefix + java.lang.Integer.toString(counter)) + .png)): null

2018-12-13 13:54:39 - [TEST_STEP][PASSED] - Statement - counter = counter + 1: null

2018-12-13 13:54:39 - [TEST_STEP][PASSED] - Statement - PreSaveFile = new java.io.File(((pathPrefix + java.lang.Integer.toString(counter)) + .png)): null

2018-12-13 13:54:39 - [TEST_STEP][PASSED] - Statement - counter = counter + 1: null

2018-12-13 13:54:39 - [TEST_STEP][PASSED] - Statement - PreSaveFile = new java.io.File(((pathPrefix + java.lang.Integer.toString(counter)) + .png)): null

2018-12-13 13:54:39 - [TEST_STEP][PASSED] - Statement - counter = counter + 1: null

2018-12-13 13:54:39 - [TEST_STEP][PASSED] - Statement - PreSaveFile = new java.io.File(((pathPrefix + java.lang.Integer.toString(counter)) + .png)): null

2018-12-13 13:54:39 - [TEST_STEP][PASSED] - Statement - counter = counter + 1: null

2018-12-13 13:54:39 - [TEST_STEP][PASSED] - Statement - PreSaveFile = new java.io.File(((pathPrefix + java.lang.Integer.toString(counter)) + .png)): null

2018-12-13 13:54:39 - [TEST_STEP][PASSED] - Statement - counter = counter + 1: null

2018-12-13 13:54:39 - [TEST_STEP][PASSED] - Statement - PreSaveFile = new java.io.File(((pathPrefix + java.lang.Integer.toString(counter)) + .png)): null

2018-12-13 13:54:39 - [TEST_STEP][PASSED] - Statement - counter = counter + 1: null

2018-12-13 13:54:39 - [TEST_STEP][PASSED] - Statement - PreSaveFile = new java.io.File(((pathPrefix + java.lang.Integer.toString(counter)) + .png)): null

2018-12-13 13:54:39 - [TEST_STEP][PASSED] - Statement - counter = counter + 1: null

2018-12-13 13:54:39 - [TEST_STEP][PASSED] - Statement - PreSaveFile = new java.io.File(((pathPrefix + java.lang.Integer.toString(counter)) + .png)): null

2018-12-13 13:54:39 - [TEST_STEP][PASSED] - Statement - counter = counter + 1: null

2018-12-13 13:54:39 - [TEST_STEP][PASSED] - Statement - PreSaveFile = new java.io.File(((pathPrefix + java.lang.Integer.toString(counter)) + .png)): null

2018-12-13 13:54:39 - [TEST_STEP][PASSED] - Statement - counter = counter + 1: null

2018-12-13 13:54:39 - [TEST_STEP][PASSED] - Statement - PreSaveFile = new java.io.File(((pathPrefix + java.lang.Integer.toString(counter)) + .png)): null

2018-12-13 13:54:39 - [TEST_STEP][PASSED] - Statement - counter = counter + 1: null

2018-12-13 13:54:39 - [TEST_STEP][PASSED] - Statement - PreSaveFile = new java.io.File(((pathPrefix + java.lang.Integer.toString(counter)) + .png)): null

2018-12-13 13:54:39 - [TEST_STEP][PASSED] - Statement - counter = counter + 1: null

2018-12-13 13:54:39 - [TEST_STEP][PASSED] - Statement - PreSaveFile = new java.io.File(((pathPrefix + java.lang.Integer.toString(counter)) + .png)): null

2018-12-13 13:54:39 - [TEST_STEP][PASSED] - Statement - counter = counter + 1: null

2018-12-13 13:54:39 - [TEST_STEP][PASSED] - Statement - PreSaveFile = new java.io.File(((pathPrefix + java.lang.Integer.toString(counter)) + .png)): null

2018-12-13 13:54:39 - [TEST_STEP][PASSED] - Statement - counter = counter + 1: null

2018-12-13 13:54:39 - [TEST_STEP][PASSED] - Statement - PreSaveFile = new java.io.File(((pathPrefix + java.lang.Integer.toString(counter)) + .png)): null

2018-12-13 13:54:39 - [TEST_STEP][PASSED] - Statement - counter = counter + 1: null

2018-12-13 13:54:39 - [TEST_STEP][PASSED] - Statement - PreSaveFile = new java.io.File(((pathPrefix + java.lang.Integer.toString(counter)) + .png)): null

2018-12-13 13:54:39 - [TEST_STEP][PASSED] - Statement - counter = counter + 1: null

2018-12-13 13:54:39 - [TEST_STEP][PASSED] - Statement - PreSaveFile = new java.io.File(((pathPrefix + java.lang.Integer.toString(counter)) + .png)): null

2018-12-13 13:54:39 - [TEST_STEP][PASSED] - Statement - counter = counter + 1: null

2018-12-13 13:54:39 - [TEST_STEP][PASSED] - Statement - PreSaveFile = new java.io.File(((pathPrefix + java.lang.Integer.toString(counter)) + .png)): null

2018-12-13 13:54:39 - [TEST_STEP][PASSED] - Statement - counter = counter + 1: null

2018-12-13 13:54:39 - [TEST_STEP][PASSED] - Statement - PreSaveFile = new java.io.File(((pathPrefix + java.lang.Integer.toString(counter)) + .png)): null

2018-12-13 13:54:39 - [TEST_STEP][PASSED] - Statement - counter = counter + 1: null

2018-12-13 13:54:39 - [TEST_STEP][PASSED] - Statement - PreSaveFile = new java.io.File(((pathPrefix + java.lang.Integer.toString(counter)) + .png)): null

2018-12-13 13:54:39 - [TEST_STEP][PASSED] - Statement - counter = counter + 1: null

2018-12-13 13:54:39 - [TEST_STEP][PASSED] - Statement - PreSaveFile = new java.io.File(((pathPrefix + java.lang.Integer.toString(counter)) + .png)): null

2018-12-13 13:54:39 - [TEST_STEP][PASSED] - Statement - counter = counter + 1: null

2018-12-13 13:54:39 - [TEST_STEP][PASSED] - Statement - PreSaveFile = new java.io.File(((pathPrefix + java.lang.Integer.toString(counter)) + .png)): null

2018-12-13 13:54:39 - [TEST_STEP][PASSED] - Statement - counter = counter + 1: null

2018-12-13 13:54:39 - [TEST_STEP][PASSED] - Statement - PreSaveFile = new java.io.File(((pathPrefix + java.lang.Integer.toString(counter)) + .png)): null

2018-12-13 13:54:39 - [TEST_STEP][PASSED] - Statement - counter = counter + 1: null

2018-12-13 13:54:39 - [TEST_STEP][PASSED] - Statement - PreSaveFile = new java.io.File(((pathPrefix + java.lang.Integer.toString(counter)) + .png)): null

2018-12-13 13:54:39 - [TEST_STEP][PASSED] - Statement - counter = counter + 1: null

2018-12-13 13:54:39 - [TEST_STEP][PASSED] - Statement - PreSaveFile = new java.io.File(((pathPrefix + java.lang.Integer.toString(counter)) + .png)): null

2018-12-13 13:54:39 - [TEST_STEP][PASSED] - Statement - counter = counter + 1: null

2018-12-13 13:54:39 - [TEST_STEP][PASSED] - Statement - PreSaveFile = new java.io.File(((pathPrefix + java.lang.Integer.toString(counter)) + .png)): null

2018-12-13 13:54:39 - [TEST_STEP][PASSED] - Statement - counter = counter + 1: null

2018-12-13 13:54:39 - [TEST_STEP][PASSED] - Statement - PreSaveFile = new java.io.File(((pathPrefix + java.lang.Integer.toString(counter)) + .png)): null

2018-12-13 13:54:39 - [TEST_STEP][PASSED] - Statement - counter = counter + 1: null

2018-12-13 13:54:39 - [TEST_STEP][PASSED] - Statement - PreSaveFile = new java.io.File(((pathPrefix + java.lang.Integer.toString(counter)) + .png)): null

2018-12-13 13:54:39 - [TEST_STEP][PASSED] - Statement - counter = counter + 1: null

2018-12-13 13:54:39 - [TEST_STEP][PASSED] - Statement - PreSaveFile = new java.io.File(((pathPrefix + java.lang.Integer.toString(counter)) + .png)): null

2018-12-13 13:54:39 - [TEST_STEP][PASSED] - Statement - counter = counter + 1: null

2018-12-13 13:54:39 - [TEST_STEP][PASSED] - Statement - PreSaveFile = new java.io.File(((pathPrefix + java.lang.Integer.toString(counter)) + .png)): null

2018-12-13 13:54:39 - [TEST_STEP][PASSED] - Statement - counter = counter + 1: null

2018-12-13 13:54:39 - [TEST_STEP][PASSED] - Statement - PreSaveFile = new java.io.File(((pathPrefix + java.lang.Integer.toString(counter)) + .png)): null

2018-12-13 13:54:39 - [TEST_STEP][PASSED] - Statement - counter = counter + 1: null

2018-12-13 13:54:39 - [TEST_STEP][PASSED] - Statement - PreSaveFile = new java.io.File(((pathPrefix + java.lang.Integer.toString(counter)) + .png)): null

2018-12-13 13:54:39 - [TEST_STEP][PASSED] - Statement - counter = counter + 1: null

2018-12-13 13:54:39 - [TEST_STEP][PASSED] - Statement - PreSaveFile = new java.io.File(((pathPrefix + java.lang.Integer.toString(counter)) + .png)): null

2018-12-13 13:54:39 - [TEST_STEP][PASSED] - Statement - counter = counter + 1: null

2018-12-13 13:54:39 - [TEST_STEP][PASSED] - Statement - PreSaveFile = new java.io.File(((pathPrefix + java.lang.Integer.toString(counter)) + .png)): null

2018-12-13 13:54:39 - [TEST_STEP][PASSED] - Statement - counter = counter + 1: null

2018-12-13 13:54:39 - [TEST_STEP][PASSED] - Statement - PreSaveFile = new java.io.File(((pathPrefix + java.lang.Integer.toString(counter)) + .png)): null

2018-12-13 13:54:39 - [TEST_STEP][PASSED] - Statement - counter = counter + 1: null

2018-12-13 13:54:39 - [TEST_STEP][PASSED] - Statement - PreSaveFile = new java.io.File(((pathPrefix + java.lang.Integer.toString(counter)) + .png)): null

2018-12-13 13:54:39 - [TEST_STEP][PASSED] - Statement - counter = counter + 1: null

2018-12-13 13:54:39 - [TEST_STEP][PASSED] - Statement - PreSaveFile = new java.io.File(((pathPrefix + java.lang.Integer.toString(counter)) + .png)): null

2018-12-13 13:54:39 - [TEST_STEP][PASSED] - Statement - counter = counter + 1: null

2018-12-13 13:54:39 - [TEST_STEP][PASSED] - Statement - PreSaveFile = new java.io.File(((pathPrefix + java.lang.Integer.toString(counter)) + .png)): null

2018-12-13 13:54:39 - [TEST_STEP][PASSED] - Statement - counter = counter + 1: null

2018-12-13 13:54:39 - [TEST_STEP][PASSED] - Statement - PreSaveFile = new java.io.File(((pathPrefix + java.lang.Integer.toString(counter)) + .png)): null

2018-12-13 13:54:39 - [TEST_STEP][PASSED] - Statement - counter = counter + 1: null

2018-12-13 13:54:39 - [TEST_STEP][PASSED] - Statement - PreSaveFile = new java.io.File(((pathPrefix + java.lang.Integer.toString(counter)) + .png)): null

2018-12-13 13:54:39 - [TEST_STEP][PASSED] - Statement - counter = counter + 1: null

2018-12-13 13:54:39 - [TEST_STEP][PASSED] - Statement - PreSaveFile = new java.io.File(((pathPrefix + java.lang.Integer.toString(counter)) + .png)): null

2018-12-13 13:54:39 - [TEST_STEP][PASSED] - Statement - counter = counter + 1: null

2018-12-13 13:54:39 - [TEST_STEP][PASSED] - Statement - PreSaveFile = new java.io.File(((pathPrefix + java.lang.Integer.toString(counter)) + .png)): null

2018-12-13 13:54:39 - [TEST_STEP][PASSED] - Statement - counter = counter + 1: null

2018-12-13 13:54:39 - [TEST_STEP][PASSED] - Statement - PreSaveFile = new java.io.File(((pathPrefix + java.lang.Integer.toString(counter)) + .png)): null

2018-12-13 13:54:39 - [TEST_STEP][PASSED] - Statement - counter = counter + 1: null

2018-12-13 13:54:39 - [TEST_STEP][PASSED] - Statement - PreSaveFile = new java.io.File(((pathPrefix + java.lang.Integer.toString(counter)) + .png)): null

2018-12-13 13:54:39 - [TEST_STEP][PASSED] - Statement - counter = counter + 1: null

2018-12-13 13:54:39 - [TEST_STEP][PASSED] - Statement - PreSaveFile = new java.io.File(((pathPrefix + java.lang.Integer.toString(counter)) + .png)): null

2018-12-13 13:54:39 - [TEST_STEP][PASSED] - Statement - counter = counter + 1: null

2018-12-13 13:54:39 - [TEST_STEP][PASSED] - Statement - PreSaveFile = new java.io.File(((pathPrefix + java.lang.Integer.toString(counter)) + .png)): null

2018-12-13 13:54:39 - [TEST_STEP][PASSED] - Statement - counter = counter + 1: null

2018-12-13 13:54:39 - [TEST_STEP][PASSED] - Statement - PreSaveFile = new java.io.File(((pathPrefix + java.lang.Integer.toString(counter)) + .png)): null

2018-12-13 13:54:39 - [TEST_STEP][PASSED] - Statement - counter = counter + 1: null

2018-12-13 13:54:39 - [TEST_STEP][PASSED] - Statement - PreSaveFile = new java.io.File(((pathPrefix + java.lang.Integer.toString(counter)) + .png)): null

2018-12-13 13:54:39 - [TEST_STEP][PASSED] - Statement - counter = counter + 1: null

2018-12-13 13:54:39 - [TEST_STEP][PASSED] - Statement - PreSaveFile = new java.io.File(((pathPrefix + java.lang.Integer.toString(counter)) + .png)): null

2018-12-13 13:54:39 - [TEST_STEP][PASSED] - Statement - counter = counter + 1: null

2018-12-13 13:54:39 - [TEST_STEP][PASSED] - Statement - PreSaveFile = new java.io.File(((pathPrefix + java.lang.Integer.toString(counter)) + .png)): null

2018-12-13 13:54:39 - [TEST_STEP][PASSED] - Statement - counter = counter + 1: null

2018-12-13 13:54:39 - [TEST_STEP][PASSED] - Statement - PreSaveFile = new java.io.File(((pathPrefix + java.lang.Integer.toString(counter)) + .png)): null

2018-12-13 13:54:39 - [TEST_STEP][PASSED] - Statement - counter = counter + 1: null

2018-12-13 13:54:39 - [TEST_STEP][PASSED] - Statement - PreSaveFile = new java.io.File(((pathPrefix + java.lang.Integer.toString(counter)) + .png)): null

2018-12-13 13:54:39 - [TEST_STEP][PASSED] - Statement - counter = counter + 1: null

2018-12-13 13:54:39 - [TEST_STEP][PASSED] - Statement - PreSaveFile = new java.io.File(((pathPrefix + java.lang.Integer.toString(counter)) + .png)): null

2018-12-13 13:54:39 - [TEST_STEP][PASSED] - Statement - counter = counter + 1: null

2018-12-13 13:54:39 - [TEST_STEP][PASSED] - Statement - PreSaveFile = new java.io.File(((pathPrefix + java.lang.Integer.toString(counter)) + .png)): null

2018-12-13 13:54:39 - [TEST_STEP][PASSED] - Statement - counter = counter + 1: null

2018-12-13 13:54:39 - [TEST_STEP][PASSED] - Statement - PreSaveFile = new java.io.File(((pathPrefix + java.lang.Integer.toString(counter)) + .png)): null

2018-12-13 13:54:39 - [TEST_STEP][PASSED] - Statement - counter = counter + 1: null

2018-12-13 13:54:39 - [TEST_STEP][PASSED] - Statement - PreSaveFile = new java.io.File(((pathPrefix + java.lang.Integer.toString(counter)) + .png)): null

2018-12-13 13:54:39 - [TEST_STEP][PASSED] - Statement - counter = counter + 1: null

2018-12-13 13:54:39 - [TEST_STEP][PASSED] - Statement - PreSaveFile = new java.io.File(((pathPrefix + java.lang.Integer.toString(counter)) + .png)): null

2018-12-13 13:54:39 - [TEST_STEP][PASSED] - Statement - counter = counter + 1: null

2018-12-13 13:54:39 - [TEST_STEP][PASSED] - Statement - PreSaveFile = new java.io.File(((pathPrefix + java.lang.Integer.toString(counter)) + .png)): null

2018-12-13 13:54:39 - [TEST_STEP][PASSED] - Statement - counter = counter + 1: null

2018-12-13 13:54:39 - [TEST_STEP][PASSED] - Statement - PreSaveFile = new java.io.File(((pathPrefix + java.lang.Integer.toString(counter)) + .png)): null

2018-12-13 13:54:39 - [TEST_STEP][PASSED] - Statement - counter = counter + 1: null

2018-12-13 13:54:39 - [TEST_STEP][PASSED] - Statement - PreSaveFile = new java.io.File(((pathPrefix + java.lang.Integer.toString(counter)) + .png)): null

2018-12-13 13:54:39 - [TEST_STEP][PASSED] - Statement - counter = counter + 1: null

2018-12-13 13:54:39 - [TEST_STEP][PASSED] - Statement - PreSaveFile = new java.io.File(((pathPrefix + java.lang.Integer.toString(counter)) + .png)): null

2018-12-13 13:54:39 - [TEST_STEP][PASSED] - Statement - counter = counter + 1: null

2018-12-13 13:54:39 - [TEST_STEP][PASSED] - Statement - PreSaveFile = new java.io.File(((pathPrefix + java.lang.Integer.toString(counter)) + .png)): null

2018-12-13 13:54:39 - [TEST_STEP][PASSED] - Statement - counter = counter + 1: null

2018-12-13 13:54:39 - [TEST_STEP][PASSED] - Statement - PreSaveFile = new java.io.File(((pathPrefix + java.lang.Integer.toString(counter)) + .png)): null

2018-12-13 13:54:39 - [TEST_STEP][PASSED] - Statement - counter = counter + 1: null

2018-12-13 13:54:39 - [TEST_STEP][PASSED] - Statement - PreSaveFile = new java.io.File(((pathPrefix + java.lang.Integer.toString(counter)) + .png)): null

2018-12-13 13:54:39 - [TEST_STEP][PASSED] - Statement - counter = counter + 1: null

2018-12-13 13:54:39 - [TEST_STEP][PASSED] - Statement - PreSaveFile = new java.io.File(((pathPrefix + java.lang.Integer.toString(counter)) + .png)): null

2018-12-13 13:54:39 - [TEST_STEP][PASSED] - Statement - counter = counter + 1: null

2018-12-13 13:54:39 - [TEST_STEP][PASSED] - Statement - PreSaveFile = new java.io.File(((pathPrefix + java.lang.Integer.toString(counter)) + .png)): null

2018-12-13 13:54:39 - [TEST_STEP][PASSED] - Statement - counter = counter + 1: null

2018-12-13 13:54:39 - [TEST_STEP][PASSED] - Statement - PreSaveFile = new java.io.File(((pathPrefix + java.lang.Integer.toString(counter)) + .png)): null

2018-12-13 13:54:39 - [TEST_STEP][PASSED] - Statement - counter = counter + 1: null

2018-12-13 13:54:39 - [TEST_STEP][PASSED] - Statement - PreSaveFile = new java.io.File(((pathPrefix + java.lang.Integer.toString(counter)) + .png)): null

2018-12-13 13:54:39 - [TEST_STEP][PASSED] - Statement - counter = counter + 1: null

2018-12-13 13:54:39 - [TEST_STEP][PASSED] - Statement - PreSaveFile = new java.io.File(((pathPrefix + java.lang.Integer.toString(counter)) + .png)): null

2018-12-13 13:54:39 - [TEST_STEP][PASSED] - Statement - counter = counter + 1: null

2018-12-13 13:54:39 - [TEST_STEP][PASSED] - Statement - PreSaveFile = new java.io.File(((pathPrefix + java.lang.Integer.toString(counter)) + .png)): null

2018-12-13 13:54:39 - [TEST_STEP][PASSED] - Statement - counter = counter + 1: null

2018-12-13 13:54:39 - [TEST_STEP][PASSED] - Statement - PreSaveFile = new java.io.File(((pathPrefix + java.lang.Integer.toString(counter)) + .png)): null

2018-12-13 13:54:39 - [TEST_STEP][PASSED] - Statement - counter = counter + 1: null

2018-12-13 13:54:39 - [TEST_STEP][PASSED] - Statement - PreSaveFile = new java.io.File(((pathPrefix + java.lang.Integer.toString(counter)) + .png)): null

2018-12-13 13:54:39 - [TEST_STEP][PASSED] - Statement - counter = counter + 1: null

2018-12-13 13:54:39 - [TEST_STEP][PASSED] - Statement - PreSaveFile = new java.io.File(((pathPrefix + java.lang.Integer.toString(counter)) + .png)): null

2018-12-13 13:54:39 - [TEST_STEP][PASSED] - Statement - counter = counter + 1: null

2018-12-13 13:54:39 - [TEST_STEP][PASSED] - Statement - PreSaveFile = new java.io.File(((pathPrefix + java.lang.Integer.toString(counter)) + .png)): null

2018-12-13 13:54:39 - [TEST_STEP][PASSED] - Statement - counter = counter + 1: null

2018-12-13 13:54:39 - [TEST_STEP][PASSED] - Statement - PreSaveFile = new java.io.File(((pathPrefix + java.lang.Integer.toString(counter)) + .png)): null

2018-12-13 13:54:39 - [TEST_STEP][PASSED] - Statement - counter = counter + 1: null

2018-12-13 13:54:39 - [TEST_STEP][PASSED] - Statement - PreSaveFile = new java.io.File(((pathPrefix + java.lang.Integer.toString(counter)) + .png)): null

2018-12-13 13:54:39 - [TEST_STEP][PASSED] - Statement - counter = counter + 1: null

2018-12-13 13:54:39 - [TEST_STEP][PASSED] - Statement - PreSaveFile = new java.io.File(((pathPrefix + java.lang.Integer.toString(counter)) + .png)): null

2018-12-13 13:54:39 - [TEST_STEP][PASSED] - Statement - counter = counter + 1: null

2018-12-13 13:54:39 - [TEST_STEP][PASSED] - Statement - PreSaveFile = new java.io.File(((pathPrefix + java.lang.Integer.toString(counter)) + .png)): null

2018-12-13 13:54:39 - [TEST_STEP][PASSED] - Statement - counter = counter + 1: null

2018-12-13 13:54:39 - [TEST_STEP][PASSED] - Statement - PreSaveFile = new java.io.File(((pathPrefix + java.lang.Integer.toString(counter)) + .png)): null

2018-12-13 13:54:39 - [TEST_STEP][PASSED] - Statement - counter = counter + 1: null

2018-12-13 13:54:39 - [TEST_STEP][PASSED] - Statement - PreSaveFile = new java.io.File(((pathPrefix + java.lang.Integer.toString(counter)) + .png)): null

2018-12-13 13:54:39 - [TEST_STEP][PASSED] - Statement - counter = counter + 1: null

2018-12-13 13:54:39 - [TEST_STEP][PASSED] - Statement - PreSaveFile = new java.io.File(((pathPrefix + java.lang.Integer.toString(counter)) + .png)): null

2018-12-13 13:54:39 - [TEST_STEP][PASSED] - Statement - counter = counter + 1: null

2018-12-13 13:54:39 - [TEST_STEP][PASSED] - Statement - PreSaveFile = new java.io.File(((pathPrefix + java.lang.Integer.toString(counter)) + .png)): null

2018-12-13 13:54:39 - [TEST_STEP][PASSED] - Statement - counter = counter + 1: null

2018-12-13 13:54:39 - [TEST_STEP][PASSED] - Statement - PreSaveFile = new java.io.File(((pathPrefix + java.lang.Integer.toString(counter)) + .png)): null

2018-12-13 13:54:39 - [TEST_STEP][PASSED] - Statement - counter = counter + 1: null

2018-12-13 13:54:39 - [TEST_STEP][PASSED] - Statement - PreSaveFile = new java.io.File(((pathPrefix + java.lang.Integer.toString(counter)) + .png)): null

2018-12-13 13:54:39 - [TEST_STEP][PASSED] - Statement - counter = counter + 1: null

2018-12-13 13:54:39 - [TEST_STEP][PASSED] - Statement - PreSaveFile = new java.io.File(((pathPrefix + java.lang.Integer.toString(counter)) + .png)): null

2018-12-13 13:54:39 - [TEST_STEP][PASSED] - Statement - counter = counter + 1: null

2018-12-13 13:54:39 - [TEST_STEP][PASSED] - Statement - PreSaveFile = new java.io.File(((pathPrefix + java.lang.Integer.toString(counter)) + .png)): null

2018-12-13 13:54:39 - [TEST_STEP][PASSED] - Statement - counter = counter + 1: null

2018-12-13 13:54:39 - [TEST_STEP][PASSED] - Statement - PreSaveFile = new java.io.File(((pathPrefix + java.lang.Integer.toString(counter)) + .png)): null

2018-12-13 13:54:39 - [TEST_STEP][PASSED] - Statement - counter = counter + 1: null

2018-12-13 13:54:39 - [TEST_STEP][PASSED] - Statement - PreSaveFile = new java.io.File(((pathPrefix + java.lang.Integer.toString(counter)) + .png)): null

2018-12-13 13:54:39 - [TEST_STEP][PASSED] - Statement - counter = counter + 1: null

2018-12-13 13:54:39 - [TEST_STEP][PASSED] - Statement - PreSaveFile = new java.io.File(((pathPrefix + java.lang.Integer.toString(counter)) + .png)): null

2018-12-13 13:54:39 - [TEST_STEP][PASSED] - Statement - counter = counter + 1: null

2018-12-13 13:54:39 - [TEST_STEP][PASSED] - Statement - PreSaveFile = new java.io.File(((pathPrefix + java.lang.Integer.toString(counter)) + .png)): null

2018-12-13 13:54:39 - [TEST_STEP][PASSED] - Statement - counter = counter + 1: null

2018-12-13 13:54:39 - [TEST_STEP][PASSED] - Statement - PreSaveFile = new java.io.File(((pathPrefix + java.lang.Integer.toString(counter)) + .png)): null

2018-12-13 13:54:39 - [TEST_STEP][PASSED] - Statement - counter = counter + 1: null

2018-12-13 13:54:39 - [TEST_STEP][PASSED] - Statement - PreSaveFile = new java.io.File(((pathPrefix + java.lang.Integer.toString(counter)) + .png)): null

2018-12-13 13:54:39 - [TEST_STEP][PASSED] - Statement - counter = counter + 1: null

2018-12-13 13:54:39 - [TEST_STEP][PASSED] - Statement - PreSaveFile = new java.io.File(((pathPrefix + java.lang.Integer.toString(counter)) + .png)): null

2018-12-13 13:54:39 - [TEST_STEP][PASSED] - Statement - counter = counter + 1: null

2018-12-13 13:54:39 - [TEST_STEP][PASSED] - Statement - PreSaveFile = new java.io.File(((pathPrefix + java.lang.Integer.toString(counter)) + .png)): null

2018-12-13 13:54:39 - [TEST_STEP][PASSED] - Statement - counter = counter + 1: null

2018-12-13 13:54:39 - [TEST_STEP][PASSED] - Statement - PreSaveFile = new java.io.File(((pathPrefix + java.lang.Integer.toString(counter)) + .png)): null

2018-12-13 13:54:39 - [TEST_STEP][PASSED] - Statement - counter = counter + 1: null

2018-12-13 13:54:39 - [TEST_STEP][PASSED] - Statement - PreSaveFile = new java.io.File(((pathPrefix + java.lang.Integer.toString(counter)) + .png)): null

2018-12-13 13:54:39 - [TEST_STEP][PASSED] - Statement - counter = counter + 1: null

2018-12-13 13:54:39 - [TEST_STEP][PASSED] - Statement - PreSaveFile = new java.io.File(((pathPrefix + java.lang.Integer.toString(counter)) + .png)): null

2018-12-13 13:54:39 - [TEST_STEP][PASSED] - Statement - counter = counter + 1: null

2018-12-13 13:54:39 - [TEST_STEP][PASSED] - Statement - PreSaveFile = new java.io.File(((pathPrefix + java.lang.Integer.toString(counter)) + .png)): null

2018-12-13 13:54:39 - [TEST_STEP][PASSED] - Statement - counter = counter + 1: null

2018-12-13 13:54:39 - [TEST_STEP][PASSED] - Statement - PreSaveFile = new java.io.File(((pathPrefix + java.lang.Integer.toString(counter)) + .png)): null

2018-12-13 13:54:39 - [TEST_STEP][PASSED] - Statement - counter = counter + 1: null

2018-12-13 13:54:39 - [TEST_STEP][PASSED] - Statement - PreSaveFile = new java.io.File(((pathPrefix + java.lang.Integer.toString(counter)) + .png)): null

2018-12-13 13:54:39 - [TEST_STEP][PASSED] - Statement - counter = counter + 1: null

2018-12-13 13:54:39 - [TEST_STEP][PASSED] - Statement - PreSaveFile = new java.io.File(((pathPrefix + java.lang.Integer.toString(counter)) + .png)): null

2018-12-13 13:54:39 - [TEST_STEP][PASSED] - Statement - counter = counter + 1: null

2018-12-13 13:54:39 - [TEST_STEP][PASSED] - Statement - PreSaveFile = new java.io.File(((pathPrefix + java.lang.Integer.toString(counter)) + .png)): null

2018-12-13 13:54:39 - [TEST_STEP][PASSED] - Statement - counter = counter + 1: null

2018-12-13 13:54:39 - [TEST_STEP][PASSED] - Statement - PreSaveFile = new java.io.File(((pathPrefix + java.lang.Integer.toString(counter)) + .png)): null

2018-12-13 13:54:39 - [TEST_STEP][PASSED] - Statement - counter = counter + 1: null

2018-12-13 13:54:39 - [TEST_STEP][PASSED] - Statement - PreSaveFile = new java.io.File(((pathPrefix + java.lang.Integer.toString(counter)) + .png)): null

2018-12-13 13:54:39 - [TEST_STEP][PASSED] - Statement - counter = counter + 1: null

2018-12-13 13:54:39 - [TEST_STEP][PASSED] - Statement - PreSaveFile = new java.io.File(((pathPrefix + java.lang.Integer.toString(counter)) + .png)): null

2018-12-13 13:54:39 - [TEST_STEP][PASSED] - Statement - counter = counter + 1: null

2018-12-13 13:54:39 - [TEST_STEP][PASSED] - Statement - PreSaveFile = new java.io.File(((pathPrefix + java.lang.Integer.toString(counter)) + .png)): null

2018-12-13 13:54:39 - [TEST_STEP][PASSED] - Statement - counter = counter + 1: null

2018-12-13 13:54:39 - [TEST_STEP][PASSED] - Statement - PreSaveFile = new java.io.File(((pathPrefix + java.lang.Integer.toString(counter)) + .png)): null

2018-12-13 13:54:39 - [TEST_STEP][PASSED] - Statement - counter = counter + 1: null

2018-12-13 13:54:39 - [TEST_STEP][PASSED] - Statement - PreSaveFile = new java.io.File(((pathPrefix + java.lang.Integer.toString(counter)) + .png)): null

2018-12-13 13:54:39 - [TEST_STEP][PASSED] - Statement - counter = counter + 1: null

2018-12-13 13:54:39 - [TEST_STEP][PASSED] - Statement - PreSaveFile = new java.io.File(((pathPrefix + java.lang.Integer.toString(counter)) + .png)): null

2018-12-13 13:54:39 - [TEST_STEP][PASSED] - Statement - counter = counter + 1: null

2018-12-13 13:54:39 - [TEST_STEP][PASSED] - Statement - PreSaveFile = new java.io.File(((pathPrefix + java.lang.Integer.toString(counter)) + .png)): null

2018-12-13 13:54:39 - [TEST_STEP][PASSED] - Statement - counter = counter + 1: null

2018-12-13 13:54:39 - [TEST_STEP][PASSED] - Statement - PreSaveFile = new java.io.File(((pathPrefix + java.lang.Integer.toString(counter)) + .png)): null

2018-12-13 13:54:39 - [TEST_STEP][PASSED] - Statement - counter = counter + 1: null

2018-12-13 13:54:39 - [TEST_STEP][PASSED] - Statement - PreSaveFile = new java.io.File(((pathPrefix + java.lang.Integer.toString(counter)) + .png)): null

2018-12-13 13:54:39 - [TEST_STEP][PASSED] - Statement - counter = counter + 1: null

2018-12-13 13:54:39 - [TEST_STEP][PASSED] - Statement - PreSaveFile = new java.io.File(((pathPrefix + java.lang.Integer.toString(counter)) + .png)): null

2018-12-13 13:54:39 - [TEST_STEP][PASSED] - Statement - counter = counter + 1: null

2018-12-13 13:54:39 - [TEST_STEP][PASSED] - Statement - PreSaveFile = new java.io.File(((pathPrefix + java.lang.Integer.toString(counter)) + .png)): null

2018-12-13 13:54:39 - [TEST_STEP][PASSED] - Statement - counter = counter + 1: null

2018-12-13 13:54:39 - [TEST_STEP][PASSED] - Statement - PreSaveFile = new java.io.File(((pathPrefix + java.lang.Integer.toString(counter)) + .png)): null

2018-12-13 13:54:39 - [TEST_STEP][PASSED] - Statement - counter = counter + 1: null

2018-12-13 13:54:39 - [TEST_STEP][PASSED] - Statement - PreSaveFile = new java.io.File(((pathPrefix + java.lang.Integer.toString(counter)) + .png)): null

2018-12-13 13:54:39 - [TEST_STEP][PASSED] - Statement - counter = counter + 1: null

2018-12-13 13:54:39 - [TEST_STEP][PASSED] - Statement - PreSaveFile = new java.io.File(((pathPrefix + java.lang.Integer.toString(counter)) + .png)): null

2018-12-13 13:54:39 - [TEST_STEP][PASSED] - Statement - counter = counter + 1: null

2018-12-13 13:54:39 - [TEST_STEP][PASSED] - Statement - PreSaveFile = new java.io.File(((pathPrefix + java.lang.Integer.toString(counter)) + .png)): null

2018-12-13 13:54:39 - [TEST_STEP][PASSED] - Statement - counter = counter + 1: null

2018-12-13 13:54:39 - [TEST_STEP][PASSED] - Statement - PreSaveFile = new java.io.File(((pathPrefix + java.lang.Integer.toString(counter)) + .png)): null

2018-12-13 13:54:39 - [TEST_STEP][PASSED] - Statement - counter = counter + 1: null

2018-12-13 13:54:39 - [TEST_STEP][PASSED] - Statement - PreSaveFile = new java.io.File(((pathPrefix + java.lang.Integer.toString(counter)) + .png)): null

2018-12-13 13:54:39 - [TEST_STEP][PASSED] - Statement - counter = counter + 1: null

2018-12-13 13:54:39 - [TEST_STEP][PASSED] - Statement - PreSaveFile = new java.io.File(((pathPrefix + java.lang.Integer.toString(counter)) + .png)): null

2018-12-13 13:54:39 - [TEST_STEP][PASSED] - Statement - counter = counter + 1: null

2018-12-13 13:54:39 - [TEST_STEP][PASSED] - Statement - PreSaveFile = new java.io.File(((pathPrefix + java.lang.Integer.toString(counter)) + .png)): null

2018-12-13 13:54:39 - [TEST_STEP][PASSED] - Statement - counter = counter + 1: null

2018-12-13 13:54:39 - [TEST_STEP][PASSED] - Statement - PreSaveFile = new java.io.File(((pathPrefix + java.lang.Integer.toString(counter)) + .png)): null

2018-12-13 13:54:39 - [TEST_STEP][PASSED] - Statement - counter = counter + 1: null

2018-12-13 13:54:39 - [TEST_STEP][PASSED] - Statement - PreSaveFile = new java.io.File(((pathPrefix + java.lang.Integer.toString(counter)) + .png)): null

2018-12-13 13:54:39 - [TEST_STEP][PASSED] - Statement - counter = counter + 1: null

2018-12-13 13:54:39 - [TEST_STEP][PASSED] - Statement - PreSaveFile = new java.io.File(((pathPrefix + java.lang.Integer.toString(counter)) + .png)): null

2018-12-13 13:54:39 - [TEST_STEP][PASSED] - Statement - counter = counter + 1: null

2018-12-13 13:54:39 - [TEST_STEP][PASSED] - Statement - PreSaveFile = new java.io.File(((pathPrefix + java.lang.Integer.toString(counter)) + .png)): null

2018-12-13 13:54:39 - [TEST_STEP][PASSED] - Statement - counter = counter + 1: null

2018-12-13 13:54:39 - [TEST_STEP][PASSED] - Statement - PreSaveFile = new java.io.File(((pathPrefix + java.lang.Integer.toString(counter)) + .png)): null

2018-12-13 13:54:39 - [TEST_STEP][PASSED] - Statement - counter = counter + 1: null

2018-12-13 13:54:39 - [TEST_STEP][PASSED] - Statement - PreSaveFile = new java.io.File(((pathPrefix + java.lang.Integer.toString(counter)) + .png)): null

2018-12-13 13:54:39 - [TEST_STEP][PASSED] - Statement - counter = counter + 1: null

2018-12-13 13:54:39 - [TEST_STEP][PASSED] - Statement - PreSaveFile = new java.io.File(((pathPrefix + java.lang.Integer.toString(counter)) + .png)): null

2018-12-13 13:54:39 - [TEST_STEP][PASSED] - Statement - counter = counter + 1: null

2018-12-13 13:54:39 - [TEST_STEP][PASSED] - Statement - PreSaveFile = new java.io.File(((pathPrefix + java.lang.Integer.toString(counter)) + .png)): null

2018-12-13 13:54:39 - [TEST_STEP][PASSED] - Statement - counter = counter + 1: null

2018-12-13 13:54:39 - [TEST_STEP][PASSED] - Statement - PreSaveFile = new java.io.File(((pathPrefix + java.lang.Integer.toString(counter)) + .png)): null

2018-12-13 13:54:39 - [TEST_STEP][PASSED] - Statement - counter = counter + 1: null

2018-12-13 13:54:39 - [TEST_STEP][PASSED] - Statement - PreSaveFile = new java.io.File(((pathPrefix + java.lang.Integer.toString(counter)) + .png)): null

2018-12-13 13:54:39 - [TEST_STEP][PASSED] - Statement - counter = counter + 1: null

2018-12-13 13:54:39 - [TEST_STEP][PASSED] - Statement - PreSaveFile = new java.io.File(((pathPrefix + java.lang.Integer.toString(counter)) + .png)): null

2018-12-13 13:54:39 - [TEST_STEP][PASSED] - Statement - counter = counter + 1: null

2018-12-13 13:54:39 - [TEST_STEP][PASSED] - Statement - PreSaveFile = new java.io.File(((pathPrefix + java.lang.Integer.toString(counter)) + .png)): null

2018-12-13 13:54:39 - [TEST_STEP][PASSED] - Statement - counter = counter + 1: null

2018-12-13 13:54:39 - [TEST_STEP][PASSED] - Statement - PreSaveFile = new java.io.File(((pathPrefix + java.lang.Integer.toString(counter)) + .png)): null

2018-12-13 13:54:39 - [TEST_STEP][PASSED] - Statement - counter = counter + 1: null

2018-12-13 13:54:39 - [TEST_STEP][PASSED] - Statement - PreSaveFile = new java.io.File(((pathPrefix + java.lang.Integer.toString(counter)) + .png)): null

2018-12-13 13:54:39 - [TEST_STEP][PASSED] - Statement - counter = counter + 1: null

2018-12-13 13:54:39 - [TEST_STEP][PASSED] - Statement - PreSaveFile = new java.io.File(((pathPrefix + java.lang.Integer.toString(counter)) + .png)): null

2018-12-13 13:54:39 - [TEST_STEP][PASSED] - Statement - counter = counter + 1: null

2018-12-13 13:54:39 - [TEST_STEP][PASSED] - Statement - PreSaveFile = new java.io.File(((pathPrefix + java.lang.Integer.toString(counter)) + .png)): null

2018-12-13 13:54:39 - [TEST_STEP][PASSED] - Statement - counter = counter + 1: null

2018-12-13 13:54:39 - [TEST_STEP][PASSED] - Statement - PreSaveFile = new java.io.File(((pathPrefix + java.lang.Integer.toString(counter)) + .png)): null

2018-12-13 13:54:39 - [TEST_STEP][PASSED] - Statement - counter = counter + 1: null

2018-12-13 13:54:39 - [TEST_STEP][PASSED] - Statement - PreSaveFile = new java.io.File(((pathPrefix + java.lang.Integer.toString(counter)) + .png)): null

2018-12-13 13:54:39 - [TEST_STEP][PASSED] - Statement - counter = counter + 1: null

2018-12-13 13:54:39 - [TEST_STEP][PASSED] - Statement - PreSaveFile = new java.io.File(((pathPrefix + java.lang.Integer.toString(counter)) + .png)): null

2018-12-13 13:54:39 - [TEST_STEP][PASSED] - Statement - counter = counter + 1: null

2018-12-13 13:54:39 - [TEST_STEP][PASSED] - Statement - PreSaveFile = new java.io.File(((pathPrefix + java.lang.Integer.toString(counter)) + .png)): null

2018-12-13 13:54:39 - [TEST_STEP][PASSED] - Statement - counter = counter + 1: null

2018-12-13 13:54:39 - [TEST_STEP][PASSED] - Statement - PreSaveFile = new java.io.File(((pathPrefix + java.lang.Integer.toString(counter)) + .png)): null

2018-12-13 13:54:39 - [TEST_STEP][PASSED] - Statement - counter = counter + 1: null

2018-12-13 13:54:39 - [TEST_STEP][PASSED] - Statement - PreSaveFile = new java.io.File(((pathPrefix + java.lang.Integer.toString(counter)) + .png)): null

2018-12-13 13:54:39 - [TEST_STEP][PASSED] - Statement - counter = counter + 1: null

2018-12-13 13:54:39 - [TEST_STEP][PASSED] - Statement - PreSaveFile = new java.io.File(((pathPrefix + java.lang.Integer.toString(counter)) + .png)): null

2018-12-13 13:54:39 - [TEST_STEP][PASSED] - Statement - counter = counter + 1: null

2018-12-13 13:54:39 - [TEST_STEP][PASSED] - Statement - PreSaveFile = new java.io.File(((pathPrefix + java.lang.Integer.toString(counter)) + .png)): null

2018-12-13 13:54:39 - [TEST_STEP][PASSED] - Statement - counter = counter + 1: null

2018-12-13 13:54:39 - [TEST_STEP][PASSED] - Statement - PreSaveFile = new java.io.File(((pathPrefix + java.lang.Integer.toString(counter)) + .png)): null

2018-12-13 13:54:39 - [TEST_STEP][PASSED] - Statement - counter = counter + 1: null

2018-12-13 13:54:39 - [TEST_STEP][PASSED] - Statement - PreSaveFile = new java.io.File(((pathPrefix + java.lang.Integer.toString(counter)) + .png)): null

2018-12-13 13:54:39 - [TEST_STEP][PASSED] - Statement - counter = counter + 1: null

2018-12-13 13:54:39 - [TEST_STEP][PASSED] - Statement - PreSaveFile = new java.io.File(((pathPrefix + java.lang.Integer.toString(counter)) + .png)): null

2018-12-13 13:54:39 - [TEST_STEP][PASSED] - Statement - counter = counter + 1: null

2018-12-13 13:54:39 - [TEST_STEP][PASSED] - Statement - PreSaveFile = new java.io.File(((pathPrefix + java.lang.Integer.toString(counter)) + .png)): null

2018-12-13 13:54:39 - [TEST_STEP][PASSED] - Statement - counter = counter + 1: null

2018-12-13 13:54:39 - [TEST_STEP][PASSED] - Statement - PreSaveFile = new java.io.File(((pathPrefix + java.lang.Integer.toString(counter)) + .png)): null

2018-12-13 13:54:39 - [TEST_STEP][PASSED] - Statement - counter = counter + 1: null

2018-12-13 13:54:39 - [TEST_STEP][PASSED] - Statement - PreSaveFile = new java.io.File(((pathPrefix + java.lang.Integer.toString(counter)) + .png)): null

2018-12-13 13:54:39 - [TEST_STEP][PASSED] - Statement - counter = counter + 1: null

2018-12-13 13:54:39 - [TEST_STEP][PASSED] - Statement - PreSaveFile = new java.io.File(((pathPrefix + java.lang.Integer.toString(counter)) + .png)): null

2018-12-13 13:54:39 - [TEST_STEP][PASSED] - Statement - counter = counter + 1: null

2018-12-13 13:54:39 - [TEST_STEP][PASSED] - Statement - PreSaveFile = new java.io.File(((pathPrefix + java.lang.Integer.toString(counter)) + .png)): null

2018-12-13 13:54:39 - [TEST_STEP][PASSED] - Statement - counter = counter + 1: null

2018-12-13 13:54:39 - [TEST_STEP][PASSED] - Statement - PreSaveFile = new java.io.File(((pathPrefix + java.lang.Integer.toString(counter)) + .png)): null

2018-12-13 13:54:39 - [TEST_STEP][PASSED] - Statement - counter = counter + 1: null

2018-12-13 13:54:39 - [TEST_STEP][PASSED] - Statement - PreSaveFile = new java.io.File(((pathPrefix + java.lang.Integer.toString(counter)) + .png)): null

2018-12-13 13:54:39 - [TEST_STEP][PASSED] - Statement - counter = counter + 1: null

2018-12-13 13:54:39 - [TEST_STEP][PASSED] - Statement - PreSaveFile = new java.io.File(((pathPrefix + java.lang.Integer.toString(counter)) + .png)): null

2018-12-13 13:54:39 - [TEST_STEP][PASSED] - Statement - counter = counter + 1: null

2018-12-13 13:54:39 - [TEST_STEP][PASSED] - Statement - PreSaveFile = new java.io.File(((pathPrefix + java.lang.Integer.toString(counter)) + .png)): null

2018-12-13 13:54:39 - [TEST_STEP][PASSED] - Statement - counter = counter + 1: null

2018-12-13 13:54:39 - [TEST_STEP][PASSED] - Statement - PreSaveFile = new java.io.File(((pathPrefix + java.lang.Integer.toString(counter)) + .png)): null

2018-12-13 13:54:39 - [TEST_STEP][PASSED] - Statement - counter = counter + 1: null

2018-12-13 13:54:39 - [TEST_STEP][PASSED] - Statement - PreSaveFile = new java.io.File(((pathPrefix + java.lang.Integer.toString(counter)) + .png)): null

2018-12-13 13:54:39 - [TEST_STEP][PASSED] - Statement - counter = counter + 1: null

2018-12-13 13:54:39 - [TEST_STEP][PASSED] - Statement - PreSaveFile = new java.io.File(((pathPrefix + java.lang.Integer.toString(counter)) + .png)): null

2018-12-13 13:54:39 - [TEST_STEP][PASSED] - Statement - counter = counter + 1: null

2018-12-13 13:54:39 - [TEST_STEP][PASSED] - Statement - PreSaveFile = new java.io.File(((pathPrefix + java.lang.Integer.toString(counter)) + .png)): null

2018-12-13 13:54:39 - [TEST_STEP][PASSED] - Statement - counter = counter + 1: null

2018-12-13 13:54:39 - [TEST_STEP][PASSED] - Statement - PreSaveFile = new java.io.File(((pathPrefix + java.lang.Integer.toString(counter)) + .png)): null

2018-12-13 13:54:39 - [TEST_STEP][PASSED] - Statement - counter = counter + 1: null

2018-12-13 13:54:39 - [TEST_STEP][PASSED] - Statement - PreSaveFile = new java.io.File(((pathPrefix + java.lang.Integer.toString(counter)) + .png)): null

2018-12-13 13:54:39 - [TEST_STEP][PASSED] - Statement - counter = counter + 1: null

2018-12-13 13:54:39 - [TEST_STEP][PASSED] - Statement - PreSaveFile = new java.io.File(((pathPrefix + java.lang.Integer.toString(counter)) + .png)): null

2018-12-13 13:54:39 - [TEST_STEP][PASSED] - Statement - counter = counter + 1: null

2018-12-13 13:54:39 - [TEST_STEP][PASSED] - Statement - PreSaveFile = new java.io.File(((pathPrefix + java.lang.Integer.toString(counter)) + .png)): null

2018-12-13 13:54:39 - [TEST_STEP][PASSED] - Statement - counter = counter + 1: null

2018-12-13 13:54:39 - [TEST_STEP][PASSED] - Statement - PreSaveFile = new java.io.File(((pathPrefix + java.lang.Integer.toString(counter)) + .png)): null

2018-12-13 13:54:39 - [TEST_STEP][PASSED] - Statement - counter = counter + 1: null

2018-12-13 13:54:39 - [TEST_STEP][PASSED] - Statement - PreSaveFile = new java.io.File(((pathPrefix + java.lang.Integer.toString(counter)) + .png)): null

2018-12-13 13:54:39 - [TEST_STEP][PASSED] - Statement - counter = counter + 1: null

2018-12-13 13:54:39 - [TEST_STEP][PASSED] - Statement - PreSaveFile = new java.io.File(((pathPrefix + java.lang.Integer.toString(counter)) + .png)): null

2018-12-13 13:54:39 - [TEST_STEP][PASSED] - Statement - counter = counter + 1: null

2018-12-13 13:54:39 - [TEST_STEP][PASSED] - Statement - PreSaveFile = new java.io.File(((pathPrefix + java.lang.Integer.toString(counter)) + .png)): null

2018-12-13 13:54:39 - [TEST_STEP][PASSED] - Statement - counter = counter + 1: null

2018-12-13 13:54:39 - [TEST_STEP][PASSED] - Statement - PreSaveFile = new java.io.File(((pathPrefix + java.lang.Integer.toString(counter)) + .png)): null

2018-12-13 13:54:39 - [TEST_STEP][PASSED] - Statement - counter = counter + 1: null

2018-12-13 13:54:39 - [TEST_STEP][PASSED] - Statement - PreSaveFile = new java.io.File(((pathPrefix + java.lang.Integer.toString(counter)) + .png)): null

2018-12-13 13:54:39 - [TEST_STEP][PASSED] - Statement - counter = counter + 1: null

2018-12-13 13:54:39 - [TEST_STEP][PASSED] - Statement - PreSaveFile = new java.io.File(((pathPrefix + java.lang.Integer.toString(counter)) + .png)): null

2018-12-13 13:54:39 - [TEST_STEP][PASSED] - Statement - counter = counter + 1: null

2018-12-13 13:54:39 - [TEST_STEP][PASSED] - Statement - PreSaveFile = new java.io.File(((pathPrefix + java.lang.Integer.toString(counter)) + .png)): null

2018-12-13 13:54:39 - [TEST_STEP][PASSED] - Statement - counter = counter + 1: null

2018-12-13 13:54:39 - [TEST_STEP][PASSED] - Statement - PreSaveFile = new java.io.File(((pathPrefix + java.lang.Integer.toString(counter)) + .png)): null

2018-12-13 13:54:39 - [TEST_STEP][PASSED] - Statement - counter = counter + 1: null

2018-12-13 13:54:39 - [TEST_STEP][PASSED] - Statement - PreSaveFile = new java.io.File(((pathPrefix + java.lang.Integer.toString(counter)) + .png)): null

2018-12-13 13:54:39 - [TEST_STEP][PASSED] - Statement - counter = counter + 1: null

2018-12-13 13:54:39 - [TEST_STEP][PASSED] - Statement - PreSaveFile = new java.io.File(((pathPrefix + java.lang.Integer.toString(counter)) + .png)): null

2018-12-13 13:54:39 - [TEST_STEP][PASSED] - Statement - counter = counter + 1: null

2018-12-13 13:54:39 - [TEST_STEP][PASSED] - Statement - PreSaveFile = new java.io.File(((pathPrefix + java.lang.Integer.toString(counter)) + .png)): null

2018-12-13 13:54:39 - [TEST_STEP][PASSED] - Statement - counter = counter + 1: null

2018-12-13 13:54:40 - [TEST_STEP][PASSED] - Statement - PreSaveFile = new java.io.File(((pathPrefix + java.lang.Integer.toString(counter)) + .png)): null

2018-12-13 13:54:40 - [TEST_STEP][PASSED] - Statement - counter = counter + 1: null

2018-12-13 13:54:40 - [TEST_STEP][PASSED] - Statement - PreSaveFile = new java.io.File(((pathPrefix + java.lang.Integer.toString(counter)) + .png)): null

2018-12-13 13:54:40 - [TEST_STEP][PASSED] - Statement - counter = counter + 1: null

2018-12-13 13:54:40 - [TEST_STEP][PASSED] - Statement - PreSaveFile = new java.io.File(((pathPrefix + java.lang.Integer.toString(counter)) + .png)): null

2018-12-13 13:54:40 - [TEST_STEP][PASSED] - Statement - counter = counter + 1: null

2018-12-13 13:54:40 - [TEST_STEP][PASSED] - Statement - PreSaveFile = new java.io.File(((pathPrefix + java.lang.Integer.toString(counter)) + .png)): null

2018-12-13 13:54:40 - [TEST_STEP][PASSED] - Statement - counter = counter + 1: null

2018-12-13 13:54:40 - [TEST_STEP][PASSED] - Statement - PreSaveFile = new java.io.File(((pathPrefix + java.lang.Integer.toString(counter)) + .png)): null

2018-12-13 13:54:40 - [TEST_STEP][PASSED] - Statement - counter = counter + 1: null

2018-12-13 13:54:40 - [TEST_STEP][PASSED] - Statement - PreSaveFile = new java.io.File(((pathPrefix + java.lang.Integer.toString(counter)) + .png)): null

2018-12-13 13:54:40 - [TEST_STEP][PASSED] - Statement - counter = counter + 1: null

2018-12-13 13:54:40 - [TEST_STEP][PASSED] - Statement - PreSaveFile = new java.io.File(((pathPrefix + java.lang.Integer.toString(counter)) + .png)): null

2018-12-13 13:54:40 - [TEST_STEP][PASSED] - Statement - counter = counter + 1: null

2018-12-13 13:54:40 - [TEST_STEP][PASSED] - Statement - PreSaveFile = new java.io.File(((pathPrefix + java.lang.Integer.toString(counter)) + .png)): null

2018-12-13 13:54:40 - [TEST_STEP][PASSED] - Statement - counter = counter + 1: null

2018-12-13 13:54:40 - [TEST_STEP][PASSED] - Statement - PreSaveFile = new java.io.File(((pathPrefix + java.lang.Integer.toString(counter)) + .png)): null

2018-12-13 13:54:40 - [TEST_STEP][PASSED] - Statement - counter = counter + 1: null

2018-12-13 13:54:40 - [TEST_STEP][PASSED] - Statement - PreSaveFile = new java.io.File(((pathPrefix + java.lang.Integer.toString(counter)) + .png)): null

2018-12-13 13:54:40 - [TEST_STEP][PASSED] - Statement - counter = counter + 1: null

2018-12-13 13:54:40 - [TEST_STEP][PASSED] - Statement - PreSaveFile = new java.io.File(((pathPrefix + java.lang.Integer.toString(counter)) + .png)): null

2018-12-13 13:54:40 - [TEST_STEP][PASSED] - Statement - counter = counter + 1: null

2018-12-13 13:54:40 - [TEST_STEP][PASSED] - Statement - PreSaveFile = new java.io.File(((pathPrefix + java.lang.Integer.toString(counter)) + .png)): null

2018-12-13 13:54:40 - [TEST_STEP][PASSED] - Statement - counter = counter + 1: null

2018-12-13 13:54:40 - [TEST_STEP][PASSED] - Statement - PreSaveFile = new java.io.File(((pathPrefix + java.lang.Integer.toString(counter)) + .png)): null

2018-12-13 13:54:40 - [TEST_STEP][PASSED] - Statement - counter = counter + 1: null

2018-12-13 13:54:40 - [TEST_STEP][PASSED] - Statement - PreSaveFile = new java.io.File(((pathPrefix + java.lang.Integer.toString(counter)) + .png)): null

2018-12-13 13:54:40 - [TEST_STEP][PASSED] - Statement - counter = counter + 1: null

2018-12-13 13:54:40 - [TEST_STEP][PASSED] - Statement - PreSaveFile = new java.io.File(((pathPrefix + java.lang.Integer.toString(counter)) + .png)): null

2018-12-13 13:54:40 - [TEST_STEP][PASSED] - Statement - counter = counter + 1: null

2018-12-13 13:54:40 - [TEST_STEP][PASSED] - Statement - PreSaveFile = new java.io.File(((pathPrefix + java.lang.Integer.toString(counter)) + .png)): null

2018-12-13 13:54:40 - [TEST_STEP][PASSED] - Statement - counter = counter + 1: null

2018-12-13 13:54:40 - [TEST_STEP][PASSED] - Statement - PreSaveFile = new java.io.File(((pathPrefix + java.lang.Integer.toString(counter)) + .png)): null

2018-12-13 13:54:40 - [TEST_STEP][PASSED] - Statement - counter = counter + 1: null

2018-12-13 13:54:40 - [TEST_STEP][PASSED] - Statement - PreSaveFile = new java.io.File(((pathPrefix + java.lang.Integer.toString(counter)) + .png)): null

2018-12-13 13:54:40 - [TEST_STEP][PASSED] - Statement - counter = counter + 1: null

2018-12-13 13:54:40 - [TEST_STEP][PASSED] - Statement - PreSaveFile = new java.io.File(((pathPrefix + java.lang.Integer.toString(counter)) + .png)): null

2018-12-13 13:54:40 - [TEST_STEP][PASSED] - Statement - counter = counter + 1: null

2018-12-13 13:54:40 - [TEST_STEP][PASSED] - Statement - PreSaveFile = new java.io.File(((pathPrefix + java.lang.Integer.toString(counter)) + .png)): null

2018-12-13 13:54:40 - [TEST_STEP][PASSED] - Statement - counter = counter + 1: null

2018-12-13 13:54:40 - [TEST_STEP][PASSED] - Statement - PreSaveFile = new java.io.File(((pathPrefix + java.lang.Integer.toString(counter)) + .png)): null

2018-12-13 13:54:40 - [TEST_STEP][PASSED] - Statement - counter = counter + 1: null

2018-12-13 13:54:40 - [TEST_STEP][PASSED] - Statement - PreSaveFile = new java.io.File(((pathPrefix + java.lang.Integer.toString(counter)) + .png)): null

2018-12-13 13:54:40 - [TEST_STEP][PASSED] - Statement - counter = counter + 1: null

2018-12-13 13:54:40 - [TEST_STEP][PASSED] - Statement - PreSaveFile = new java.io.File(((pathPrefix + java.lang.Integer.toString(counter)) + .png)): null

2018-12-13 13:54:40 - [TEST_STEP][PASSED] - Statement - counter = counter + 1: null

2018-12-13 13:54:40 - [TEST_STEP][PASSED] - Statement - PreSaveFile = new java.io.File(((pathPrefix + java.lang.Integer.toString(counter)) + .png)): null

2018-12-13 13:54:40 - [TEST_STEP][PASSED] - Statement - counter = counter + 1: null

2018-12-13 13:54:40 - [TEST_STEP][PASSED] - Statement - PreSaveFile = new java.io.File(((pathPrefix + java.lang.Integer.toString(counter)) + .png)): null

2018-12-13 13:54:40 - [TEST_STEP][PASSED] - Statement - counter = counter + 1: null

2018-12-13 13:54:40 - [TEST_STEP][PASSED] - Statement - PreSaveFile = new java.io.File(((pathPrefix + java.lang.Integer.toString(counter)) + .png)): null

2018-12-13 13:54:40 - [TEST_STEP][PASSED] - Statement - counter = counter + 1: null

2018-12-13 13:54:40 - [TEST_STEP][PASSED] - Statement - PreSaveFile = new java.io.File(((pathPrefix + java.lang.Integer.toString(counter)) + .png)): null

2018-12-13 13:54:40 - [TEST_STEP][PASSED] - Statement - counter = counter + 1: null

2018-12-13 13:54:40 - [TEST_STEP][PASSED] - Statement - PreSaveFile = new java.io.File(((pathPrefix + java.lang.Integer.toString(counter)) + .png)): null

2018-12-13 13:54:40 - [TEST_STEP][PASSED] - Statement - counter = counter + 1: null

2018-12-13 13:54:40 - [TEST_STEP][PASSED] - Statement - PreSaveFile = new java.io.File(((pathPrefix + java.lang.Integer.toString(counter)) + .png)): null

2018-12-13 13:54:40 - [TEST_STEP][PASSED] - Statement - counter = counter + 1: null

2018-12-13 13:54:40 - [TEST_STEP][PASSED] - Statement - PreSaveFile = new java.io.File(((pathPrefix + java.lang.Integer.toString(counter)) + .png)): null

2018-12-13 13:54:40 - [TEST_STEP][PASSED] - Statement - counter = counter + 1: null

2018-12-13 13:54:40 - [TEST_STEP][PASSED] - Statement - PreSaveFile = new java.io.File(((pathPrefix + java.lang.Integer.toString(counter)) + .png)): null

2018-12-13 13:54:40 - [TEST_STEP][PASSED] - Statement - counter = counter + 1: null

2018-12-13 13:54:40 - [TEST_STEP][PASSED] - Statement - PreSaveFile = new java.io.File(((pathPrefix + java.lang.Integer.toString(counter)) + .png)): null

2018-12-13 13:54:40 - [TEST_STEP][PASSED] - Statement - counter = counter + 1: null

2018-12-13 13:54:40 - [TEST_STEP][PASSED] - Statement - PreSaveFile = new java.io.File(((pathPrefix + java.lang.Integer.toString(counter)) + .png)): null

2018-12-13 13:54:40 - [TEST_STEP][PASSED] - Statement - counter = counter + 1: null

2018-12-13 13:54:40 - [TEST_STEP][PASSED] - Statement - PreSaveFile = new java.io.File(((pathPrefix + java.lang.Integer.toString(counter)) + .png)): null

2018-12-13 13:54:40 - [TEST_STEP][PASSED] - Statement - counter = counter + 1: null

2018-12-13 13:54:40 - [TEST_STEP][PASSED] - Statement - PreSaveFile = new java.io.File(((pathPrefix + java.lang.Integer.toString(counter)) + .png)): null

2018-12-13 13:54:40 - [TEST_STEP][PASSED] - Statement - finalPath = pathPrefix + java.lang.Integer.toString(counter) + ".png": null

2018-12-13 13:54:40 - [TEST_STEP][PASSED] - Statement - SaveFile = new java.io.File(finalPath): null

2018-12-13 13:54:40 - [TEST_STEP][PASSED] - Statement - Try: null

2018-12-13 13:54:40 - [TEST_STEP][PASSED] - Statement - org.apache.commons.io.FileUtils.copyFile(scrFile, SaveFile): null

2018-12-13 13:54:40 - [TEST_STEP][PASSED] - Statement - out.println("file kept"): null

2018-12-13 13:54:40 - [TEST_STEP][PASSED] - delay: Delayed 10 second(s)

2018-12-13 13:54:50 - [MESSAGE][PASSED] - Delayed 10 second(s)

2018-12-13 13:54:50 - [MESSAGE][PASSED] - Call Test Case 'Test Cases/Final Aug 2018 - PKS Automation/Registration Module/New Registration/Submit and Screenshot/Submit Registration and Screenshot' successfully

2018-12-13 13:54:50 - [TEST_STEP][PASSED] - callTestCase: Call Test Case 'Test Cases/Final Aug 2018 - PKS Automation/Registration Module/Log Out/log out avoiding katalon tagging' successfully

2018-12-13 13:54:50 - [TEST_CASE][PASSED] - Test Cases/Final Aug 2018 - PKS Automation/Registration Module/Log Out/log out avoiding katalon tagging: Test Cases/Final Aug 2018 - PKS Automation/Registration Module/Log Out/log out avoiding katalon tagging

2018-12-13 13:54:50 - [TEST_STEP][PASSED] - navigateToUrl: Navigate to 'https://assist2-uat.perkeso.gov.my/c/portal/logout' successfully

2018-12-13 13:54:51 - [MESSAGE][PASSED] - Navigate to 'https://assist2-uat.perkeso.gov.my/c/portal/logout' successfully

2018-12-13 13:54:51 - [MESSAGE][PASSED] - Call Test Case 'Test Cases/Final Aug 2018 - PKS Automation/Registration Module/Log Out/log out avoiding katalon tagging' successfully

2018-12-13 13:54:51 - [TEST_STEP][PASSED] - callTestCase: Call Test Case 'Test Cases/Final Aug 2018 - PKS Automation/Common/Workflow Owner Finder' successfully

2018-12-13 13:54:51 - [TEST_CASE][PASSED] - Test Cases/Final Aug 2018 - PKS Automation/Common/Workflow Owner Finder: Test Cases/Final Aug 2018 - PKS Automation/Common/Workflow Owner Finder

2018-12-13 13:54:51 - [TEST_STEP][PASSED] - openBrowser: Browser is opened with url: ''

2018-12-13 13:54:51 - [MESSAGE][WARNING] - A browser is already opened. Closing browser and opening a new one

2018-12-13 13:54:55 - [MESSAGE][PASSED] - Browser is opened with url: ''

2018-12-13 13:54:55 - [TEST_STEP][PASSED] - navigateToUrl: Navigate to 'https://assist2-uat.perkeso.gov.my/login' successfully

2018-12-13 13:54:56 - [MESSAGE][PASSED] - Navigate to 'https://assist2-uat.perkeso.gov.my/login' successfully

2018-12-13 13:54:56 - [TEST_STEP][PASSED] - delay: Delayed 5 second(s)

2018-12-13 13:55:01 - [MESSAGE][PASSED] - Delayed 5 second(s)

2018-12-13 13:55:01 - [TEST_STEP][PASSED] - setText: Text 'test@liferay.com' is set on object 'Object Repository/Final Object Repo/Login Page/Internal User/Email Address'

2018-12-13 13:55:01 - [MESSAGE][PASSED] - Text 'test@liferay.com' is set on object 'Object Repository/Final Object Repo/Login Page/Internal User/Email Address'

2018-12-13 13:55:01 - [TEST_STEP][PASSED] - click: Object: 'Object Repository/Final Object Repo/Login Page/Internal User/Next Button' is clicked on

2018-12-13 13:55:01 - [MESSAGE][PASSED] - Object: 'Object Repository/Final Object Repo/Login Page/Internal User/Next Button' is clicked on

2018-12-13 13:55:01 - [TEST_STEP][PASSED] - delay: Delayed 2 second(s)

2018-12-13 13:55:03 - [MESSAGE][PASSED] - Delayed 2 second(s)

2018-12-13 13:55:03 - [TEST_STEP][PASSED] - setText: Text 'test' is set on object 'Object Repository/Final Object Repo/Login Page/Internal User/Password'

2018-12-13 13:55:04 - [MESSAGE][PASSED] - Text 'test' is set on object 'Object Repository/Final Object Repo/Login Page/Internal User/Password'

2018-12-13 13:55:04 - [TEST_STEP][PASSED] - delay: Delayed 2 second(s)

2018-12-13 13:55:06 - [MESSAGE][PASSED] - Delayed 2 second(s)

2018-12-13 13:55:06 - [TEST_STEP][PASSED] - click: Object: 'Object Repository/Final Object Repo/Login Page/Internal User/Login Button' is clicked on

2018-12-13 13:55:06 - [MESSAGE][PASSED] - Object: 'Object Repository/Final Object Repo/Login Page/Internal User/Login Button' is clicked on

2018-12-13 13:55:06 - [TEST_STEP][PASSED] - Statement - tester = com.kms.katalon.core.testobject.ObjectRepository.findTestObject(Final Object Repo/Landing Page/Select to English): Finding Test Object with id 'Object Repository/Final Object Repo/Landing Page/Select to English'

2018-12-13 13:55:06 - [TEST_STEP][PASSED] - Statement - Try: Delayed 2 second(s)

2018-12-13 13:55:06 - [TEST_STEP][PASSED] - Statement - Checker = com.kms.katalon.core.webui.keyword.WebUiBuiltInKeywords.verifyElementNotPresent(tester, 3): Web element with id: 'Object Repository/Final Object Repo/Landing Page/Select to English' located by 'By.xpath: //a[@class = 'taglib-language-list-text' and @lang = 'en-US' and (contains(text(), 'EN') or contains(., 'EN'))]' is not present after '3' second(s)

2018-12-13 13:55:08 - [MESSAGE][PASSED] - Web element with id: 'Object Repository/Final Object Repo/Landing Page/Select to English' located by 'By.xpath: //a[@class = 'taglib-language-list-text' and @lang = 'en-US' and (contains(text(), 'EN') or contains(., 'EN'))]' is not present after '3' second(s)

2018-12-13 13:55:08 - [TEST_STEP][PASSED] - Statement - If (Checker == false): null

2018-12-13 13:55:08 - [TEST_STEP][PASSED] - delay: Delayed 2 second(s)

2018-12-13 13:55:10 - [MESSAGE][PASSED] - Delayed 2 second(s)

2018-12-13 13:55:10 - [TEST_STEP][PASSED] - delay: Delayed 5 second(s)

2018-12-13 13:55:15 - [MESSAGE][PASSED] - Delayed 5 second(s)

2018-12-13 13:55:15 - [TEST_STEP][PASSED] - mouseOver: Object: 'Object Repository/Final Object Repo/Landing Page/WorkFlow Menu' is hovered

2018-12-13 13:55:15 - [MESSAGE][PASSED] - Object: 'Object Repository/Final Object Repo/Landing Page/WorkFlow Menu' is hovered

2018-12-13 13:55:15 - [TEST_STEP][PASSED] - delay: Delayed 2 second(s)

2018-12-13 13:55:17 - [MESSAGE][PASSED] - Delayed 2 second(s)

2018-12-13 13:55:17 - [TEST_STEP][PASSED] - click: Object: 'Object Repository/Final Object Repo/Landing Page/Select to Workflow Listing' is clicked on

2018-12-13 13:55:18 - [MESSAGE][PASSED] - Object: 'Object Repository/Final Object Repo/Landing Page/Select to Workflow Listing' is clicked on

2018-12-13 13:55:18 - [TEST_STEP][PASSED] - delay: Delayed 2 second(s)

2018-12-13 13:55:20 - [MESSAGE][PASSED] - Delayed 2 second(s)

2018-12-13 13:55:20 - [TEST_STEP][PASSED] - click: Object: 'Object Repository/Final Object Repo/WorkFlow Listing Page/Search Information - To Put Ref No' is clicked on

2018-12-13 13:55:20 - [MESSAGE][PASSED] - Object: 'Object Repository/Final Object Repo/WorkFlow Listing Page/Search Information - To Put Ref No' is clicked on

2018-12-13 13:55:20 - [TEST_STEP][PASSED] - delay: Delayed 2 second(s)

2018-12-13 13:55:22 - [MESSAGE][PASSED] - Delayed 2 second(s)

2018-12-13 13:55:22 - [TEST_STEP][PASSED] - callTestCase: Call Test Case 'Test Cases/Final Aug 2018 - PKS Automation/Common/Reference Number Getter' successfully

2018-12-13 13:55:22 - [TEST_CASE][PASSED] - Test Cases/Final Aug 2018 - PKS Automation/Common/Reference Number Getter: Test Cases/Final Aug 2018 - PKS Automation/Common/Reference Number Getter

2018-12-13 13:55:22 - [TEST_STEP][PASSED] - Statement - Try: null

2018-12-13 13:55:22 - [TEST_STEP][PASSED] - Statement - RefNo = new java.io.File(C://Users//Admin//Desktop//PKS//Automation Reference Point//KatalonReference.txt): null

2018-12-13 13:55:22 - [TEST_STEP][PASSED] - Statement - bufferread = new java.io.BufferedReader(new java.io.FileReader(RefNo)): null

2018-12-13 13:55:22 - [TEST_STEP][PASSED] - Statement - readedVal = bufferread.readLine(): null

2018-12-13 13:55:22 - [TEST_STEP][PASSED] - Statement - out.println(CaseReferenceNo): null

2018-12-13 13:55:22 - [TEST_STEP][PASSED] - Statement - out.println(readedVal): null

2018-12-13 13:55:22 - [TEST_STEP][PASSED] - Statement - CaseReferenceNo = "": null

2018-12-13 13:55:22 - [TEST_STEP][PASSED] - Statement - CaseReferenceNo = readedVal: null

2018-12-13 13:55:22 - [MESSAGE][PASSED] - Call Test Case 'Test Cases/Final Aug 2018 - PKS Automation/Common/Reference Number Getter' successfully

2018-12-13 13:55:22 - [TEST_STEP][PASSED] - setText: Text 'CRN12201800123278' is set on object 'Object Repository/Final Object Repo/WorkFlow Listing Page/Ref No Set Text'

2018-12-13 13:55:22 - [MESSAGE][PASSED] - Text 'CRN12201800123278' is set on object 'Object Repository/Final Object Repo/WorkFlow Listing Page/Ref No Set Text'

2018-12-13 13:55:22 - [TEST_STEP][PASSED] - delay: Delayed 2 second(s)

2018-12-13 13:55:24 - [MESSAGE][PASSED] - Delayed 2 second(s)

2018-12-13 13:55:24 - [TEST_STEP][PASSED] - click: Object: 'Object Repository/Final Object Repo/WorkFlow Listing Page/Search Ref No Search Button' is clicked on

2018-12-13 13:55:25 - [MESSAGE][PASSED] - Object: 'Object Repository/Final Object Repo/WorkFlow Listing Page/Search Ref No Search Button' is clicked on

2018-12-13 13:55:25 - [TEST_STEP][PASSED] - delay: Delayed 6 second(s)

2018-12-13 13:55:31 - [MESSAGE][PASSED] - Delayed 6 second(s)

2018-12-13 13:55:31 - [TEST_STEP][PASSED] - click: Object: 'Object Repository/Final Object Repo/WorkFlow Listing Page/Click Continue Tooltip' is clicked on

2018-12-13 13:55:32 - [MESSAGE][PASSED] - Object: 'Object Repository/Final Object Repo/WorkFlow Listing Page/Click Continue Tooltip' is clicked on

2018-12-13 13:55:32 - [TEST_STEP][PASSED] - delay: Delayed 5 second(s)

2018-12-13 13:55:37 - [MESSAGE][PASSED] - Delayed 5 second(s)

2018-12-13 13:55:37 - [TEST_STEP][PASSED] - doubleClick: Object: 'Object Repository/Final Object Repo/WorkFlow Listing Page/Workflow Found - Listing 1' is double clicked on

2018-12-13 13:55:37 - [MESSAGE][PASSED] - Object: 'Object Repository/Final Object Repo/WorkFlow Listing Page/Workflow Found - Listing 1' is double clicked on

2018-12-13 13:55:37 - [TEST_STEP][PASSED] - Statement - println(OwnerID): null

2018-12-13 13:55:37 - [TEST_STEP][PASSED] - Statement - OwnerID = com.kms.katalon.core.webui.keyword.WebUiBuiltInKeywords.getText(com.kms.katalon.core.testobject.ObjectRepository.findTestObject(Final Object Repo/WorkFlow Listing Page/Workflow Found - Listing 1), STOP_ON_FAILURE): Text of object 'Object Repository/Final Object Repo/WorkFlow Listing Page/Workflow Found - Listing 1' is: 'JOHORro1'

2018-12-13 13:55:37 - [MESSAGE][PASSED] - Text of object 'Object Repository/Final Object Repo/WorkFlow Listing Page/Workflow Found - Listing 1' is: 'JOHORro1'

2018-12-13 13:55:37 - [TEST_STEP][PASSED] - Statement - OwnerID = OwnerID.toLowerCase() + "@gmail.com": null

2018-12-13 13:55:37 - [TEST_STEP][PASSED] - Statement - println(OwnerID): null

2018-12-13 13:55:37 - [TEST_STEP][PASSED] - delay: Delayed 2 second(s)

2018-12-13 13:55:39 - [MESSAGE][PASSED] - Delayed 2 second(s)

2018-12-13 13:55:39 - [MESSAGE][PASSED] - Call Test Case 'Test Cases/Final Aug 2018 - PKS Automation/Common/Workflow Owner Finder' successfully

2018-12-13 13:55:39 - [TEST_STEP][PASSED] - callTestCase: Call Test Case 'Test Cases/Final Aug 2018 - PKS Automation/Registration Module/Log Out/log out avoiding katalon tagging' successfully

2018-12-13 13:55:39 - [TEST_CASE][PASSED] - Test Cases/Final Aug 2018 - PKS Automation/Registration Module/Log Out/log out avoiding katalon tagging: Test Cases/Final Aug 2018 - PKS Automation/Registration Module/Log Out/log out avoiding katalon tagging

2018-12-13 13:55:39 - [TEST_STEP][PASSED] - navigateToUrl: Navigate to 'https://assist2-uat.perkeso.gov.my/c/portal/logout' successfully

2018-12-13 13:55:40 - [MESSAGE][PASSED] - Navigate to 'https://assist2-uat.perkeso.gov.my/c/portal/logout' successfully

2018-12-13 13:55:40 - [MESSAGE][PASSED] - Call Test Case 'Test Cases/Final Aug 2018 - PKS Automation/Registration Module/Log Out/log out avoiding katalon tagging' successfully

2018-12-13 13:55:40 - [TEST_STEP][PASSED] - delay: Delayed 2 second(s)

2018-12-13 13:55:42 - [MESSAGE][PASSED] - Delayed 2 second(s)

2018-12-13 13:55:42 - [TEST_STEP][PASSED] - setText: Text 'johorro1@gmail.com' is set on object 'Object Repository/Final Object Repo/New Registration - Registration Module Pages/New Reg - OTC to RO/Special Case - All Related Objects/Email TextBox'

2018-12-13 13:55:42 - [MESSAGE][PASSED] - Text 'johorro1@gmail.com' is set on object 'Object Repository/Final Object Repo/New Registration - Registration Module Pages/New Reg - OTC to RO/Special Case - All Related Objects/Email TextBox'

2018-12-13 13:55:42 - [TEST_STEP][PASSED] - click: Object: 'Object Repository/Final Object Repo/New Registration - Registration Module Pages/New Reg - OTC to RO/Special Case - All Related Objects/Next Button' is clicked on

2018-12-13 13:55:42 - [MESSAGE][PASSED] - Object: 'Object Repository/Final Object Repo/New Registration - Registration Module Pages/New Reg - OTC to RO/Special Case - All Related Objects/Next Button' is clicked on

2018-12-13 13:55:42 - [TEST_STEP][PASSED] - delay: Delayed 2 second(s)

2018-12-13 13:55:44 - [MESSAGE][PASSED] - Delayed 2 second(s)

2018-12-13 13:55:44 - [TEST_STEP][PASSED] - setText: Text 'Test1@3456789' is set on object 'Object Repository/Final Object Repo/New Registration - Registration Module Pages/New Reg - OTC to RO/Special Case - All Related Objects/Password TextBox'

2018-12-13 13:55:44 - [MESSAGE][PASSED] - Text 'Test1@3456789' is set on object 'Object Repository/Final Object Repo/New Registration - Registration Module Pages/New Reg - OTC to RO/Special Case - All Related Objects/Password TextBox'

2018-12-13 13:55:44 - [TEST_STEP][PASSED] - delay: Delayed 2 second(s)

2018-12-13 13:55:46 - [MESSAGE][PASSED] - Delayed 2 second(s)

2018-12-13 13:55:46 - [TEST_STEP][PASSED] - click: Object: 'Object Repository/Final Object Repo/New Registration - Registration Module Pages/New Reg - OTC to RO/Special Case - All Related Objects/Login Button' is clicked on

2018-12-13 13:55:47 - [MESSAGE][PASSED] - Object: 'Object Repository/Final Object Repo/New Registration - Registration Module Pages/New Reg - OTC to RO/Special Case - All Related Objects/Login Button' is clicked on

2018-12-13 13:55:47 - [TEST_STEP][PASSED] - delay: Delayed 2 second(s)

2018-12-13 13:55:49 - [MESSAGE][PASSED] - Delayed 2 second(s)

2018-12-13 13:55:49 - [TEST_STEP][PASSED] - Statement - Try: null

2018-12-13 13:55:49 - [TEST_STEP][PASSED] - Statement - Checker = com.kms.katalon.core.webui.keyword.WebUiBuiltInKeywords.verifyElementNotPresent("Final Object Repo/Landing Page/Select to English", 3): null

2018-12-13 13:55:49 - [TEST_STEP][PASSED] - Statement - Catch (Exception e): null

2018-12-13 13:55:49 - [TEST_STEP][PASSED] - Statement - e.printStackTrace(): null

2018-12-13 13:55:49 - [TEST_STEP][PASSED] - click: Object: 'Object Repository/Final Object Repo/New Registration - Registration Module Pages/New Reg - OTC to RO/Special Case - All Related Objects/Expand to Search' is clicked on

2018-12-13 13:55:49 - [MESSAGE][PASSED] - Object: 'Object Repository/Final Object Repo/New Registration - Registration Module Pages/New Reg - OTC to RO/Special Case - All Related Objects/Expand to Search' is clicked on

2018-12-13 13:55:49 - [TEST_STEP][PASSED] - setText: Text 'CRN12201800123278' is set on object 'Object Repository/Final Object Repo/New Registration - Registration Module Pages/New Reg - OTC to RO/Special Case - All Related Objects/TextBox RefNo in Workbasket'

2018-12-13 13:55:49 - [MESSAGE][PASSED] - Text 'CRN12201800123278' is set on object 'Object Repository/Final Object Repo/New Registration - Registration Module Pages/New Reg - OTC to RO/Special Case - All Related Objects/TextBox RefNo in Workbasket'

2018-12-13 13:55:49 - [TEST_STEP][PASSED] - delay: Delayed 2 second(s)

2018-12-13 13:55:51 - [MESSAGE][PASSED] - Delayed 2 second(s)

2018-12-13 13:55:51 - [TEST_STEP][PASSED] - click: Object: 'Object Repository/Final Object Repo/New Registration - Registration Module Pages/New Reg - OTC to RO/Special Case - All Related Objects/Click Search' is clicked on

2018-12-13 13:55:51 - [MESSAGE][PASSED] - Object: 'Object Repository/Final Object Repo/New Registration - Registration Module Pages/New Reg - OTC to RO/Special Case - All Related Objects/Click Search' is clicked on

2018-12-13 13:55:51 - [TEST_STEP][PASSED] - delay: Delayed 2 second(s)

2018-12-13 13:55:53 - [MESSAGE][PASSED] - Delayed 2 second(s)

2018-12-13 13:55:53 - [TEST_STEP][PASSED] - click: Object: 'Object Repository/Final Object Repo/New Registration - Registration Module Pages/New Reg - OTC to RO/Special Case - All Related Objects/Click to Continue Workflow' is clicked on

2018-12-13 13:55:56 - [MESSAGE][PASSED] - Object: 'Object Repository/Final Object Repo/New Registration - Registration Module Pages/New Reg - OTC to RO/Special Case - All Related Objects/Click to Continue Workflow' is clicked on

2018-12-13 13:55:56 - [TEST_STEP][PASSED] - delay: Delayed 2 second(s)

2018-12-13 13:55:58 - [MESSAGE][PASSED] - Delayed 2 second(s)

2018-12-13 13:55:58 - [TEST_STEP][PASSED] - click: Object: 'Object Repository/Final Object Repo/New Registration - Registration Module Pages/New Reg - OTC to RO/Special Case - All Related Objects/Continue Button in verifying case' is clicked on

2018-12-13 13:56:00 - [MESSAGE][PASSED] - Object: 'Object Repository/Final Object Repo/New Registration - Registration Module Pages/New Reg - OTC to RO/Special Case - All Related Objects/Continue Button in verifying case' is clicked on

2018-12-13 13:56:00 - [TEST_STEP][PASSED] - delay: Delayed 2 second(s)

2018-12-13 13:56:02 - [MESSAGE][PASSED] - Delayed 2 second(s)

2018-12-13 13:56:02 - [TEST_STEP][PASSED] - click: Object: 'Object Repository/Final Object Repo/New Registration - Registration Module Pages/Form 1/Registered As a Branch - Yes' is clicked on

2018-12-13 13:56:02 - [MESSAGE][PASSED] - Object: 'Object Repository/Final Object Repo/New Registration - Registration Module Pages/Form 1/Registered As a Branch - Yes' is clicked on

2018-12-13 13:56:02 - [TEST_STEP][PASSED] - delay: Delayed 2 second(s)

2018-12-13 13:56:04 - [MESSAGE][PASSED] - Delayed 2 second(s)

2018-12-13 13:56:04 - [TEST_STEP][PASSED] - click: Object: 'Object Repository/Final Object Repo/New Registration - Registration Module Pages/New Reg - OTC to RO/Special Case - All Related Objects/Form 1 Save n Continue' is clicked on

2018-12-13 13:56:05 - [MESSAGE][PASSED] - Object: 'Object Repository/Final Object Repo/New Registration - Registration Module Pages/New Reg - OTC to RO/Special Case - All Related Objects/Form 1 Save n Continue' is clicked on

2018-12-13 13:56:05 - [TEST_STEP][PASSED] - delay: Delayed 2 second(s)

2018-12-13 13:56:07 - [MESSAGE][PASSED] - Delayed 2 second(s)

2018-12-13 13:56:07 - [TEST_STEP][PASSED] - click: Object: 'Object Repository/Final Object Repo/New Registration - Registration Module Pages/New Reg - OTC to RO/Special Case - All Related Objects/Form 2 Save n Continue' is clicked on

2018-12-13 13:56:07 - [MESSAGE][PASSED] - Object: 'Object Repository/Final Object Repo/New Registration - Registration Module Pages/New Reg - OTC to RO/Special Case - All Related Objects/Form 2 Save n Continue' is clicked on

2018-12-13 13:56:07 - [TEST_STEP][PASSED] - delay: Delayed 2 second(s)

2018-12-13 13:56:09 - [MESSAGE][PASSED] - Delayed 2 second(s)

2018-12-13 13:56:09 - [TEST_STEP][PASSED] - click: Object: 'Object Repository/Final Object Repo/New Registration - Registration Module Pages/New Reg - OTC to RO/Special Case - All Related Objects/Third Screen Save n Continue' is clicked on

2018-12-13 13:56:14 - [MESSAGE][PASSED] - Object: 'Object Repository/Final Object Repo/New Registration - Registration Module Pages/New Reg - OTC to RO/Special Case - All Related Objects/Third Screen Save n Continue' is clicked on

2018-12-13 13:56:14 - [TEST_STEP][PASSED] - delay: Delayed 5 second(s)

2018-12-13 13:56:19 - [MESSAGE][PASSED] - Delayed 5 second(s)

2018-12-13 13:56:19 - [TEST_STEP][PASSED] - setText: Text 'Query case' is set on object 'Object Repository/Final Object Repo/New Registration - Registration Module Pages/New Reg - OTC to RO/Special Case - All Related Objects/Query Text Input'

2018-12-13 13:56:20 - [MESSAGE][PASSED] - Text 'Query case' is set on object 'Object Repository/Final Object Repo/New Registration - Registration Module Pages/New Reg - OTC to RO/Special Case - All Related Objects/Query Text Input'

2018-12-13 13:56:20 - [TEST_STEP][PASSED] - delay: Delayed 5 second(s)

2018-12-13 13:56:25 - [MESSAGE][PASSED] - Delayed 5 second(s)

2018-12-13 13:56:25 - [TEST_STEP][PASSED] - click: Object: 'Object Repository/Final Object Repo/New Registration - Registration Module Pages/New Reg - OTC to RO/Special Case - All Related Objects/Upload Doc Page Save n Continue' is clicked on

2018-12-13 13:56:25 - [MESSAGE][PASSED] - Object: 'Object Repository/Final Object Repo/New Registration - Registration Module Pages/New Reg - OTC to RO/Special Case - All Related Objects/Upload Doc Page Save n Continue' is clicked on

2018-12-13 13:56:25 - [TEST_STEP][PASSED] - click: Object: 'Object Repository/Final Object Repo/New Registration - Registration Module Pages/New Reg - OTC to RO/Special Case - All Related Objects/Query Button' is clicked on

2018-12-13 13:56:29 - [MESSAGE][PASSED] - Object: 'Object Repository/Final Object Repo/New Registration - Registration Module Pages/New Reg - OTC to RO/Special Case - All Related Objects/Query Button' is clicked on

2018-12-13 13:56:29 - [TEST_STEP][PASSED] - click: Object: 'Object Repository/Final Object Repo/New Registration - Registration Module Pages/New Reg - OTC to RO/Special Case - All Related Objects/Confirm to Query' is clicked on

2018-12-13 13:56:30 - [MESSAGE][PASSED] - Object: 'Object Repository/Final Object Repo/New Registration - Registration Module Pages/New Reg - OTC to RO/Special Case - All Related Objects/Confirm to Query' is clicked on

2018-12-13 13:56:30 - [TEST_STEP][PASSED] - callTestCase: Call Test Case 'Test Cases/Final Aug 2018 - PKS Automation/Registration Module/Log Out/log out avoiding katalon tagging' successfully

2018-12-13 13:56:30 - [TEST_CASE][PASSED] - Test Cases/Final Aug 2018 - PKS Automation/Registration Module/Log Out/log out avoiding katalon tagging: Test Cases/Final Aug 2018 - PKS Automation/Registration Module/Log Out/log out avoiding katalon tagging

2018-12-13 13:56:30 - [TEST_STEP][PASSED] - navigateToUrl: Navigate to 'https://assist2-uat.perkeso.gov.my/c/portal/logout' successfully

2018-12-13 13:56:38 - [MESSAGE][PASSED] - Navigate to 'https://assist2-uat.perkeso.gov.my/c/portal/logout' successfully

2018-12-13 13:56:38 - [MESSAGE][PASSED] - Call Test Case 'Test Cases/Final Aug 2018 - PKS Automation/Registration Module/Log Out/log out avoiding katalon tagging' successfully

2018-12-13 13:56:38 - [TEST_STEP][PASSED] - delay: Delayed 2 second(s)

2018-12-13 13:56:40 - [MESSAGE][PASSED] - Delayed 2 second(s)

2018-12-13 13:56:40 - [TEST_STEP][PASSED] - setText: Text 'klotc2@gmail.com' is set on object 'Object Repository/Final Object Repo/Login Page/Internal User/Email Address'

2018-12-13 13:56:40 - [MESSAGE][PASSED] - Text 'klotc2@gmail.com' is set on object 'Object Repository/Final Object Repo/Login Page/Internal User/Email Address'

2018-12-13 13:56:40 - [TEST_STEP][PASSED] - click: Object: 'Object Repository/Final Object Repo/Login Page/Internal User/Next Button' is clicked on

2018-12-13 13:56:40 - [MESSAGE][PASSED] - Object: 'Object Repository/Final Object Repo/Login Page/Internal User/Next Button' is clicked on

2018-12-13 13:56:40 - [TEST_STEP][PASSED] - delay: Delayed 2 second(s)

2018-12-13 13:56:42 - [MESSAGE][PASSED] - Delayed 2 second(s)

2018-12-13 13:56:42 - [TEST_STEP][PASSED] - setText: Text 'Test1@3456789' is set on object 'Object Repository/Final Object Repo/Login Page/Internal User/Password'

2018-12-13 13:56:43 - [MESSAGE][PASSED] - Text 'Test1@3456789' is set on object 'Object Repository/Final Object Repo/Login Page/Internal User/Password'

2018-12-13 13:56:43 - [TEST_STEP][PASSED] - delay: Delayed 2 second(s)

2018-12-13 13:56:45 - [MESSAGE][PASSED] - Delayed 2 second(s)

2018-12-13 13:56:45 - [TEST_STEP][PASSED] - click: Object: 'Object Repository/Final Object Repo/Login Page/Internal User/Login Button' is clicked on

2018-12-13 13:56:45 - [MESSAGE][PASSED] - Object: 'Object Repository/Final Object Repo/Login Page/Internal User/Login Button' is clicked on

2018-12-13 13:56:45 - [TEST_STEP][PASSED] - delay: Delayed 2 second(s)

2018-12-13 13:56:47 - [MESSAGE][PASSED] - Delayed 2 second(s)

2018-12-13 13:56:47 - [TEST_STEP][PASSED] - Statement - Try: null

2018-12-13 13:56:47 - [TEST_STEP][PASSED] - Statement - Checker = com.kms.katalon.core.webui.keyword.WebUiBuiltInKeywords.verifyElementNotPresent("PKS_SIP_Updated_RegModule/Attempt/Page_MyASSIST - ASSIST/Select to English", 3): null

2018-12-13 13:56:47 - [TEST_STEP][PASSED] - Statement - Catch (Exception e): null

2018-12-13 13:56:47 - [TEST_STEP][PASSED] - Statement - e.printStackTrace(): null

2018-12-13 13:56:47 - [TEST_STEP][PASSED] - delay: Delayed 4 second(s)

2018-12-13 13:56:51 - [MESSAGE][PASSED] - Delayed 4 second(s)

2018-12-13 13:56:51 - [TEST_STEP][PASSED] - click: Object: 'Object Repository/Final Object Repo/Landing Page/My Sites Drop Down' is clicked on

2018-12-13 13:56:51 - [MESSAGE][PASSED] - Object: 'Object Repository/Final Object Repo/Landing Page/My Sites Drop Down' is clicked on

2018-12-13 13:56:51 - [TEST_STEP][PASSED] - click: Object: 'Object Repository/Final Object Repo/Landing Page/Select to Registration Module' is clicked on

2018-12-13 13:56:52 - [MESSAGE][PASSED] - Object: 'Object Repository/Final Object Repo/Landing Page/Select to Registration Module' is clicked on

2018-12-13 13:56:52 - [TEST_STEP][PASSED] - delay: Delayed 2 second(s)

2018-12-13 13:56:54 - [MESSAGE][PASSED] - Delayed 2 second(s)

2018-12-13 13:56:54 - [TEST_STEP][PASSED] - mouseOver: Object: 'Object Repository/Final Object Repo/New Registration - Registration Module Pages/New Reg - OTC to RO/Special Case - All Related Objects/Hover Over Search Drop Down' is hovered

2018-12-13 13:56:54 - [MESSAGE][PASSED] - Object: 'Object Repository/Final Object Repo/New Registration - Registration Module Pages/New Reg - OTC to RO/Special Case - All Related Objects/Hover Over Search Drop Down' is hovered

2018-12-13 13:56:54 - [TEST_STEP][PASSED] - click: Object: 'Object Repository/Final Object Repo/New Registration - Registration Module Pages/New Reg - OTC to RO/Special Case - All Related Objects/Select Search Pending Case' is clicked on

2018-12-13 13:56:54 - [MESSAGE][PASSED] - Object: 'Object Repository/Final Object Repo/New Registration - Registration Module Pages/New Reg - OTC to RO/Special Case - All Related Objects/Select Search Pending Case' is clicked on

2018-12-13 13:56:54 - [TEST_STEP][PASSED] - click: Object: 'Object Repository/Final Object Repo/New Registration - Registration Module Pages/New Reg - OTC to RO/Special Case - All Related Objects/Select Searching Method (Employer Code)' is clicked on

2018-12-13 13:56:55 - [MESSAGE][PASSED] - Object: 'Object Repository/Final Object Repo/New Registration - Registration Module Pages/New Reg - OTC to RO/Special Case - All Related Objects/Select Searching Method (Employer Code)' is clicked on

2018-12-13 13:56:55 - [TEST_STEP][PASSED] - click: Object: 'Object Repository/Final Object Repo/New Registration - Registration Module Pages/New Reg - OTC to RO/Special Case - All Related Objects/Select Searching Method to Reference ID' is clicked on

2018-12-13 13:56:55 - [MESSAGE][PASSED] - Object: 'Object Repository/Final Object Repo/New Registration - Registration Module Pages/New Reg - OTC to RO/Special Case - All Related Objects/Select Searching Method to Reference ID' is clicked on

2018-12-13 13:56:55 - [TEST_STEP][PASSED] - setText: Text 'CRN12201800123278' is set on object 'Object Repository/Final Object Repo/New Registration - Registration Module Pages/New Reg - OTC to RO/Special Case - All Related Objects/Pending Case Ref NO'

2018-12-13 13:56:55 - [MESSAGE][PASSED] - Text 'CRN12201800123278' is set on object 'Object Repository/Final Object Repo/New Registration - Registration Module Pages/New Reg - OTC to RO/Special Case - All Related Objects/Pending Case Ref NO'

2018-12-13 13:56:55 - [TEST_STEP][PASSED] - click: Object: 'Object Repository/Final Object Repo/New Registration - Registration Module Pages/New Reg - OTC to RO/Special Case - All Related Objects/Search Pending Case Based on Ref No' is clicked on

2018-12-13 13:56:55 - [MESSAGE][PASSED] - Object: 'Object Repository/Final Object Repo/New Registration - Registration Module Pages/New Reg - OTC to RO/Special Case - All Related Objects/Search Pending Case Based on Ref No' is clicked on

2018-12-13 13:56:55 - [TEST_STEP][PASSED] - click: Object: 'Object Repository/Final Object Repo/New Registration - Registration Module Pages/New Reg - OTC to RO/Special Case - All Related Objects/Action Button after found case' is clicked on

2018-12-13 13:56:58 - [MESSAGE][PASSED] - Object: 'Object Repository/Final Object Repo/New Registration - Registration Module Pages/New Reg - OTC to RO/Special Case - All Related Objects/Action Button after found case' is clicked on

2018-12-13 13:56:58 - [TEST_STEP][PASSED] - click: Object: 'Object Repository/Final Object Repo/New Registration - Registration Module Pages/New Reg - OTC to RO/Special Case - All Related Objects/Next Button in Pending Case Form 1' is clicked on

2018-12-13 13:56:59 - [MESSAGE][PASSED] - Object: 'Object Repository/Final Object Repo/New Registration - Registration Module Pages/New Reg - OTC to RO/Special Case - All Related Objects/Next Button in Pending Case Form 1' is clicked on

2018-12-13 13:56:59 - [TEST_STEP][PASSED] - click: Object: 'Object Repository/Final Object Repo/New Registration - Registration Module Pages/New Reg - OTC to RO/Special Case - All Related Objects/Next Button in Pending Case Form 2' is clicked on

2018-12-13 13:57:00 - [MESSAGE][PASSED] - Object: 'Object Repository/Final Object Repo/New Registration - Registration Module Pages/New Reg - OTC to RO/Special Case - All Related Objects/Next Button in Pending Case Form 2' is clicked on

2018-12-13 13:57:00 - [TEST_STEP][PASSED] - click: Object: 'Object Repository/Final Object Repo/New Registration - Registration Module Pages/New Reg - OTC to RO/Special Case - All Related Objects/Next Button in Third Screen' is clicked on

2018-12-13 13:57:03 - [MESSAGE][PASSED] - Object: 'Object Repository/Final Object Repo/New Registration - Registration Module Pages/New Reg - OTC to RO/Special Case - All Related Objects/Next Button in Third Screen' is clicked on

2018-12-13 13:57:03 - [TEST_STEP][PASSED] - click: Object: 'Object Repository/Final Object Repo/New Registration - Registration Module Pages/New Reg - OTC to RO/Special Case - All Related Objects/Add Document for Pending Case' is clicked on

2018-12-13 13:57:03 - [MESSAGE][PASSED] - Object: 'Object Repository/Final Object Repo/New Registration - Registration Module Pages/New Reg - OTC to RO/Special Case - All Related Objects/Add Document for Pending Case' is clicked on

2018-12-13 13:57:03 - [TEST_STEP][PASSED] - click: Object: 'Object Repository/Final Object Repo/New Registration - Registration Module Pages/New Reg - OTC to RO/Special Case - All Related Objects/Upload Pending Doc - Please Select' is clicked on

2018-12-13 13:57:06 - [MESSAGE][PASSED] - Object: 'Object Repository/Final Object Repo/New Registration - Registration Module Pages/New Reg - OTC to RO/Special Case - All Related Objects/Upload Pending Doc - Please Select' is clicked on

2018-12-13 13:57:06 - [TEST_STEP][PASSED] - click: Object: 'Object Repository/Final Object Repo/New Registration - Registration Module Pages/New Reg - OTC to RO/Special Case - All Related Objects/Select to Others to Upload' is clicked on

2018-12-13 13:57:07 - [MESSAGE][PASSED] - Object: 'Object Repository/Final Object Repo/New Registration - Registration Module Pages/New Reg - OTC to RO/Special Case - All Related Objects/Select to Others to Upload' is clicked on

2018-12-13 13:57:07 - [TEST_STEP][PASSED] - uploadFile: File 'C:\Users\Public\Pictures\Sample Pictures\Koala.jpg' sent to object: 'Object Repository/Final Object Repo/New Registration - Registration Module Pages/New Reg - OTC to RO/Special Case - All Related Objects/Uploading Pending Case Action'

2018-12-13 13:57:07 - [MESSAGE][PASSED] - File 'C:\Users\Public\Pictures\Sample Pictures\Koala.jpg' sent to object: 'Object Repository/Final Object Repo/New Registration - Registration Module Pages/New Reg - OTC to RO/Special Case - All Related Objects/Uploading Pending Case Action'

2018-12-13 13:57:07 - [TEST_STEP][PASSED] - click: Object: 'Object Repository/Final Object Repo/New Registration - Registration Module Pages/New Reg - OTC to RO/Special Case - All Related Objects/Inner form Add Document Button Pending Case' is clicked on

2018-12-13 13:57:07 - [MESSAGE][PASSED] - Object: 'Object Repository/Final Object Repo/New Registration - Registration Module Pages/New Reg - OTC to RO/Special Case - All Related Objects/Inner form Add Document Button Pending Case' is clicked on

2018-12-13 13:57:07 - [TEST_STEP][PASSED] - click: Object: 'Object Repository/Final Object Repo/New Registration - Registration Module Pages/New Reg - OTC to RO/Special Case - All Related Objects/Pending Case Exit' is clicked on

2018-12-13 13:57:12 - [MESSAGE][PASSED] - Object: 'Object Repository/Final Object Repo/New Registration - Registration Module Pages/New Reg - OTC to RO/Special Case - All Related Objects/Pending Case Exit' is clicked on

2018-12-13 13:57:12 - [TEST_STEP][PASSED] - callTestCase: Call Test Case 'Test Cases/Final Aug 2018 - PKS Automation/Registration Module/Log Out/log out avoiding katalon tagging' successfully

2018-12-13 13:57:12 - [TEST_CASE][PASSED] - Test Cases/Final Aug 2018 - PKS Automation/Registration Module/Log Out/log out avoiding katalon tagging: Test Cases/Final Aug 2018 - PKS Automation/Registration Module/Log Out/log out avoiding katalon tagging

2018-12-13 13:57:12 - [TEST_STEP][PASSED] - navigateToUrl: Navigate to 'https://assist2-uat.perkeso.gov.my/c/portal/logout' successfully

2018-12-13 13:57:13 - [MESSAGE][PASSED] - Navigate to 'https://assist2-uat.perkeso.gov.my/c/portal/logout' successfully

2018-12-13 13:57:13 - [MESSAGE][PASSED] - Call Test Case 'Test Cases/Final Aug 2018 - PKS Automation/Registration Module/Log Out/log out avoiding katalon tagging' successfully

2018-12-13 13:57:13 - [TEST_STEP][PASSED] - callTestCase: Call Test Case 'Test Cases/Final Aug 2018 - PKS Automation/Common/Workflow Owner Finder' successfully

2018-12-13 13:57:13 - [TEST_CASE][PASSED] - Test Cases/Final Aug 2018 - PKS Automation/Common/Workflow Owner Finder: Test Cases/Final Aug 2018 - PKS Automation/Common/Workflow Owner Finder

2018-12-13 13:57:13 - [TEST_STEP][PASSED] - openBrowser: Browser is opened with url: ''

2018-12-13 13:57:13 - [MESSAGE][WARNING] - A browser is already opened. Closing browser and opening a new one

2018-12-13 13:57:17 - [MESSAGE][PASSED] - Browser is opened with url: ''

2018-12-13 13:57:17 - [TEST_STEP][PASSED] - navigateToUrl: Navigate to 'https://assist2-uat.perkeso.gov.my/login' successfully

2018-12-13 13:57:18 - [MESSAGE][PASSED] - Navigate to 'https://assist2-uat.perkeso.gov.my/login' successfully

2018-12-13 13:57:18 - [TEST_STEP][PASSED] - delay: Delayed 5 second(s)

2018-12-13 13:57:23 - [MESSAGE][PASSED] - Delayed 5 second(s)

2018-12-13 13:57:23 - [TEST_STEP][PASSED] - setText: Text 'test@liferay.com' is set on object 'Object Repository/Final Object Repo/Login Page/Internal User/Email Address'

2018-12-13 13:57:23 - [MESSAGE][PASSED] - Text 'test@liferay.com' is set on object 'Object Repository/Final Object Repo/Login Page/Internal User/Email Address'

2018-12-13 13:57:23 - [TEST_STEP][PASSED] - click: Object: 'Object Repository/Final Object Repo/Login Page/Internal User/Next Button' is clicked on

2018-12-13 13:57:24 - [MESSAGE][PASSED] - Object: 'Object Repository/Final Object Repo/Login Page/Internal User/Next Button' is clicked on

2018-12-13 13:57:24 - [TEST_STEP][PASSED] - delay: Delayed 2 second(s)

2018-12-13 13:57:26 - [MESSAGE][PASSED] - Delayed 2 second(s)

2018-12-13 13:57:26 - [TEST_STEP][PASSED] - setText: Text 'test' is set on object 'Object Repository/Final Object Repo/Login Page/Internal User/Password'

2018-12-13 13:57:26 - [MESSAGE][PASSED] - Text 'test' is set on object 'Object Repository/Final Object Repo/Login Page/Internal User/Password'

2018-12-13 13:57:26 - [TEST_STEP][PASSED] - delay: Delayed 2 second(s)

2018-12-13 13:57:28 - [MESSAGE][PASSED] - Delayed 2 second(s)

2018-12-13 13:57:28 - [TEST_STEP][PASSED] - click: Object: 'Object Repository/Final Object Repo/Login Page/Internal User/Login Button' is clicked on

2018-12-13 13:57:28 - [MESSAGE][PASSED] - Object: 'Object Repository/Final Object Repo/Login Page/Internal User/Login Button' is clicked on

2018-12-13 13:57:28 - [TEST_STEP][PASSED] - Statement - tester = com.kms.katalon.core.testobject.ObjectRepository.findTestObject(Final Object Repo/Landing Page/Select to English): Finding Test Object with id 'Object Repository/Final Object Repo/Landing Page/Select to English'

2018-12-13 13:57:28 - [TEST_STEP][PASSED] - Statement - Try: Delayed 2 second(s)

2018-12-13 13:57:28 - [TEST_STEP][PASSED] - Statement - Checker = com.kms.katalon.core.webui.keyword.WebUiBuiltInKeywords.verifyElementNotPresent(tester, 3): Web element with id: 'Object Repository/Final Object Repo/Landing Page/Select to English' located by 'By.xpath: //a[@class = 'taglib-language-list-text' and @lang = 'en-US' and (contains(text(), 'EN') or contains(., 'EN'))]' is not present after '3' second(s)

2018-12-13 13:57:30 - [MESSAGE][PASSED] - Web element with id: 'Object Repository/Final Object Repo/Landing Page/Select to English' located by 'By.xpath: //a[@class = 'taglib-language-list-text' and @lang = 'en-US' and (contains(text(), 'EN') or contains(., 'EN'))]' is not present after '3' second(s)

2018-12-13 13:57:30 - [TEST_STEP][PASSED] - Statement - If (Checker == false): null

2018-12-13 13:57:30 - [TEST_STEP][PASSED] - delay: Delayed 2 second(s)

2018-12-13 13:57:32 - [MESSAGE][PASSED] - Delayed 2 second(s)

2018-12-13 13:57:32 - [TEST_STEP][PASSED] - delay: Delayed 5 second(s)

2018-12-13 13:57:37 - [MESSAGE][PASSED] - Delayed 5 second(s)

2018-12-13 13:57:37 - [TEST_STEP][PASSED] - mouseOver: Object: 'Object Repository/Final Object Repo/Landing Page/WorkFlow Menu' is hovered

2018-12-13 13:57:37 - [MESSAGE][PASSED] - Object: 'Object Repository/Final Object Repo/Landing Page/WorkFlow Menu' is hovered

2018-12-13 13:57:37 - [TEST_STEP][PASSED] - delay: Delayed 2 second(s)

2018-12-13 13:57:39 - [MESSAGE][PASSED] - Delayed 2 second(s)

2018-12-13 13:57:39 - [TEST_STEP][PASSED] - click: Object: 'Object Repository/Final Object Repo/Landing Page/Select to Workflow Listing' is clicked on

2018-12-13 13:57:40 - [MESSAGE][PASSED] - Object: 'Object Repository/Final Object Repo/Landing Page/Select to Workflow Listing' is clicked on

2018-12-13 13:57:40 - [TEST_STEP][PASSED] - delay: Delayed 2 second(s)

2018-12-13 13:57:42 - [MESSAGE][PASSED] - Delayed 2 second(s)

2018-12-13 13:57:42 - [TEST_STEP][PASSED] - click: Object: 'Object Repository/Final Object Repo/WorkFlow Listing Page/Search Information - To Put Ref No' is clicked on

2018-12-13 13:57:42 - [MESSAGE][PASSED] - Object: 'Object Repository/Final Object Repo/WorkFlow Listing Page/Search Information - To Put Ref No' is clicked on

2018-12-13 13:57:42 - [TEST_STEP][PASSED] - delay: Delayed 2 second(s)

2018-12-13 13:57:44 - [MESSAGE][PASSED] - Delayed 2 second(s)

2018-12-13 13:57:44 - [TEST_STEP][PASSED] - callTestCase: Call Test Case 'Test Cases/Final Aug 2018 - PKS Automation/Common/Reference Number Getter' successfully

2018-12-13 13:57:44 - [TEST_CASE][PASSED] - Test Cases/Final Aug 2018 - PKS Automation/Common/Reference Number Getter: Test Cases/Final Aug 2018 - PKS Automation/Common/Reference Number Getter

2018-12-13 13:57:45 - [TEST_STEP][PASSED] - Statement - Try: null

2018-12-13 13:57:45 - [TEST_STEP][PASSED] - Statement - RefNo = new java.io.File(C://Users//Admin//Desktop//PKS//Automation Reference Point//KatalonReference.txt): null

2018-12-13 13:57:45 - [TEST_STEP][PASSED] - Statement - bufferread = new java.io.BufferedReader(new java.io.FileReader(RefNo)): null

2018-12-13 13:57:45 - [TEST_STEP][PASSED] - Statement - readedVal = bufferread.readLine(): null

2018-12-13 13:57:45 - [TEST_STEP][PASSED] - Statement - out.println(CaseReferenceNo): null

2018-12-13 13:57:45 - [TEST_STEP][PASSED] - Statement - out.println(readedVal): null

2018-12-13 13:57:45 - [TEST_STEP][PASSED] - Statement - CaseReferenceNo = "": null

2018-12-13 13:57:45 - [TEST_STEP][PASSED] - Statement - CaseReferenceNo = readedVal: null

2018-12-13 13:57:45 - [MESSAGE][PASSED] - Call Test Case 'Test Cases/Final Aug 2018 - PKS Automation/Common/Reference Number Getter' successfully

2018-12-13 13:57:45 - [TEST_STEP][PASSED] - setText: Text 'CRN12201800123278' is set on object 'Object Repository/Final Object Repo/WorkFlow Listing Page/Ref No Set Text'

2018-12-13 13:57:45 - [MESSAGE][PASSED] - Text 'CRN12201800123278' is set on object 'Object Repository/Final Object Repo/WorkFlow Listing Page/Ref No Set Text'

2018-12-13 13:57:45 - [TEST_STEP][PASSED] - delay: Delayed 2 second(s)

2018-12-13 13:57:47 - [MESSAGE][PASSED] - Delayed 2 second(s)

2018-12-13 13:57:47 - [TEST_STEP][PASSED] - click: Object: 'Object Repository/Final Object Repo/WorkFlow Listing Page/Search Ref No Search Button' is clicked on

2018-12-13 13:57:47 - [MESSAGE][PASSED] - Object: 'Object Repository/Final Object Repo/WorkFlow Listing Page/Search Ref No Search Button' is clicked on

2018-12-13 13:57:47 - [TEST_STEP][PASSED] - delay: Delayed 6 second(s)

2018-12-13 13:57:53 - [MESSAGE][PASSED] - Delayed 6 second(s)

2018-12-13 13:57:53 - [TEST_STEP][PASSED] - click: Object: 'Object Repository/Final Object Repo/WorkFlow Listing Page/Click Continue Tooltip' is clicked on

2018-12-13 13:57:54 - [MESSAGE][PASSED] - Object: 'Object Repository/Final Object Repo/WorkFlow Listing Page/Click Continue Tooltip' is clicked on

2018-12-13 13:57:54 - [TEST_STEP][PASSED] - delay: Delayed 5 second(s)

2018-12-13 13:57:59 - [MESSAGE][PASSED] - Delayed 5 second(s)

2018-12-13 13:57:59 - [TEST_STEP][PASSED] - doubleClick: Object: 'Object Repository/Final Object Repo/WorkFlow Listing Page/Workflow Found - Listing 1' is double clicked on

2018-12-13 13:57:59 - [MESSAGE][PASSED] - Object: 'Object Repository/Final Object Repo/WorkFlow Listing Page/Workflow Found - Listing 1' is double clicked on

2018-12-13 13:57:59 - [TEST_STEP][PASSED] - Statement - println(OwnerID): null

2018-12-13 13:57:59 - [TEST_STEP][PASSED] - Statement - OwnerID = com.kms.katalon.core.webui.keyword.WebUiBuiltInKeywords.getText(com.kms.katalon.core.testobject.ObjectRepository.findTestObject(Final Object Repo/WorkFlow Listing Page/Workflow Found - Listing 1), STOP_ON_FAILURE): Text of object 'Object Repository/Final Object Repo/WorkFlow Listing Page/Workflow Found - Listing 1' is: 'JOHORro1'

2018-12-13 13:57:59 - [MESSAGE][PASSED] - Text of object 'Object Repository/Final Object Repo/WorkFlow Listing Page/Workflow Found - Listing 1' is: 'JOHORro1'

2018-12-13 13:57:59 - [TEST_STEP][PASSED] - Statement - OwnerID = OwnerID.toLowerCase() + "@gmail.com": null

2018-12-13 13:57:59 - [TEST_STEP][PASSED] - Statement - println(OwnerID): null

2018-12-13 13:57:59 - [TEST_STEP][PASSED] - delay: Delayed 2 second(s)

2018-12-13 13:58:01 - [MESSAGE][PASSED] - Delayed 2 second(s)

2018-12-13 13:58:01 - [MESSAGE][PASSED] - Call Test Case 'Test Cases/Final Aug 2018 - PKS Automation/Common/Workflow Owner Finder' successfully

2018-12-13 13:58:01 - [TEST_STEP][PASSED] - callTestCase: Call Test Case 'Test Cases/Final Aug 2018 - PKS Automation/Registration Module/Log Out/log out avoiding katalon tagging' successfully

2018-12-13 13:58:01 - [TEST_CASE][PASSED] - Test Cases/Final Aug 2018 - PKS Automation/Registration Module/Log Out/log out avoiding katalon tagging: Test Cases/Final Aug 2018 - PKS Automation/Registration Module/Log Out/log out avoiding katalon tagging

2018-12-13 13:58:01 - [TEST_STEP][PASSED] - navigateToUrl: Navigate to 'https://assist2-uat.perkeso.gov.my/c/portal/logout' successfully

2018-12-13 13:58:02 - [MESSAGE][PASSED] - Navigate to 'https://assist2-uat.perkeso.gov.my/c/portal/logout' successfully

2018-12-13 13:58:02 - [MESSAGE][PASSED] - Call Test Case 'Test Cases/Final Aug 2018 - PKS Automation/Registration Module/Log Out/log out avoiding katalon tagging' successfully

2018-12-13 13:58:02 - [TEST_STEP][PASSED] - delay: Delayed 2 second(s)

2018-12-13 13:58:04 - [MESSAGE][PASSED] - Delayed 2 second(s)

2018-12-13 13:58:04 - [TEST_STEP][PASSED] - setText: Text 'johorro1@gmail.com' is set on object 'Object Repository/Final Object Repo/Login Page/Internal User/Email Address'

2018-12-13 13:58:04 - [MESSAGE][PASSED] - Text 'johorro1@gmail.com' is set on object 'Object Repository/Final Object Repo/Login Page/Internal User/Email Address'

2018-12-13 13:58:04 - [TEST_STEP][PASSED] - click: Object: 'Object Repository/Final Object Repo/Login Page/Internal User/Next Button' is clicked on

2018-12-13 13:58:05 - [MESSAGE][PASSED] - Object: 'Object Repository/Final Object Repo/Login Page/Internal User/Next Button' is clicked on

2018-12-13 13:58:05 - [TEST_STEP][PASSED] - delay: Delayed 2 second(s)

2018-12-13 13:58:07 - [MESSAGE][PASSED] - Delayed 2 second(s)

2018-12-13 13:58:07 - [TEST_STEP][PASSED] - setText: Text 'Test1@3456789' is set on object 'Object Repository/Final Object Repo/Login Page/Internal User/Password'

2018-12-13 13:58:07 - [MESSAGE][PASSED] - Text 'Test1@3456789' is set on object 'Object Repository/Final Object Repo/Login Page/Internal User/Password'

2018-12-13 13:58:07 - [TEST_STEP][PASSED] - delay: Delayed 2 second(s)

2018-12-13 13:58:09 - [MESSAGE][PASSED] - Delayed 2 second(s)

2018-12-13 13:58:09 - [TEST_STEP][PASSED] - click: Object: 'Object Repository/Final Object Repo/Login Page/Internal User/Login Button' is clicked on

2018-12-13 13:58:09 - [MESSAGE][PASSED] - Object: 'Object Repository/Final Object Repo/Login Page/Internal User/Login Button' is clicked on

2018-12-13 13:58:09 - [TEST_STEP][PASSED] - delay: Delayed 2 second(s)

2018-12-13 13:58:11 - [MESSAGE][PASSED] - Delayed 2 second(s)

2018-12-13 13:58:11 - [TEST_STEP][PASSED] - Statement - Try: null

2018-12-13 13:58:11 - [TEST_STEP][PASSED] - Statement - Checker = com.kms.katalon.core.webui.keyword.WebUiBuiltInKeywords.verifyElementNotPresent("Final Object Repo/Landing Page/Select to English", 3): null

2018-12-13 13:58:11 - [TEST_STEP][PASSED] - Statement - Catch (Exception e): null

2018-12-13 13:58:11 - [TEST_STEP][PASSED] - Statement - e.printStackTrace(): null

2018-12-13 13:58:11 - [TEST_STEP][PASSED] - click: Object: 'Object Repository/Final Object Repo/New Registration - Registration Module Pages/New Reg - OTC to RO/Special Case - All Related Objects/Expand to Search' is clicked on

2018-12-13 13:58:11 - [MESSAGE][PASSED] - Object: 'Object Repository/Final Object Repo/New Registration - Registration Module Pages/New Reg - OTC to RO/Special Case - All Related Objects/Expand to Search' is clicked on

2018-12-13 13:58:11 - [TEST_STEP][PASSED] - callTestCase: Call Test Case 'Test Cases/Final Aug 2018 - PKS Automation/Common/Reference Number Getter' successfully

2018-12-13 13:58:11 - [TEST_CASE][PASSED] - Test Cases/Final Aug 2018 - PKS Automation/Common/Reference Number Getter: Test Cases/Final Aug 2018 - PKS Automation/Common/Reference Number Getter

2018-12-13 13:58:11 - [TEST_STEP][PASSED] - Statement - Try: null

2018-12-13 13:58:11 - [TEST_STEP][PASSED] - Statement - RefNo = new java.io.File(C://Users//Admin//Desktop//PKS//Automation Reference Point//KatalonReference.txt): null

2018-12-13 13:58:11 - [TEST_STEP][PASSED] - Statement - bufferread = new java.io.BufferedReader(new java.io.FileReader(RefNo)): null

2018-12-13 13:58:11 - [TEST_STEP][PASSED] - Statement - readedVal = bufferread.readLine(): null

2018-12-13 13:58:11 - [TEST_STEP][PASSED] - Statement - out.println(CaseReferenceNo): null

2018-12-13 13:58:11 - [TEST_STEP][PASSED] - Statement - out.println(readedVal): null

2018-12-13 13:58:11 - [TEST_STEP][PASSED] - Statement - CaseReferenceNo = "": null

2018-12-13 13:58:11 - [TEST_STEP][PASSED] - Statement - CaseReferenceNo = readedVal: null

2018-12-13 13:58:11 - [MESSAGE][PASSED] - Call Test Case 'Test Cases/Final Aug 2018 - PKS Automation/Common/Reference Number Getter' successfully

2018-12-13 13:58:11 - [TEST_STEP][PASSED] - setText: Text 'CRN12201800123278' is set on object 'Object Repository/Final Object Repo/New Registration - Registration Module Pages/New Reg - OTC to RO/Special Case - All Related Objects/TextBox RefNo in Workbasket'

2018-12-13 13:58:12 - [MESSAGE][PASSED] - Text 'CRN12201800123278' is set on object 'Object Repository/Final Object Repo/New Registration - Registration Module Pages/New Reg - OTC to RO/Special Case - All Related Objects/TextBox RefNo in Workbasket'

2018-12-13 13:58:12 - [TEST_STEP][PASSED] - delay: Delayed 2 second(s)

2018-12-13 13:58:14 - [MESSAGE][PASSED] - Delayed 2 second(s)

2018-12-13 13:58:14 - [TEST_STEP][PASSED] - click: Object: 'Object Repository/Final Object Repo/New Registration - Registration Module Pages/New Reg - OTC to RO/Special Case - All Related Objects/Click Search' is clicked on

2018-12-13 13:58:14 - [MESSAGE][PASSED] - Object: 'Object Repository/Final Object Repo/New Registration - Registration Module Pages/New Reg - OTC to RO/Special Case - All Related Objects/Click Search' is clicked on

2018-12-13 13:58:14 - [TEST_STEP][PASSED] - delay: Delayed 2 second(s)

2018-12-13 13:58:16 - [MESSAGE][PASSED] - Delayed 2 second(s)

2018-12-13 13:58:16 - [TEST_STEP][PASSED] - click: Object: 'Object Repository/Final Object Repo/New Registration - Registration Module Pages/New Reg - OTC to RO/Special Case - All Related Objects/Click to Continue Workflow' is clicked on

2018-12-13 13:58:19 - [MESSAGE][PASSED] - Object: 'Object Repository/Final Object Repo/New Registration - Registration Module Pages/New Reg - OTC to RO/Special Case - All Related Objects/Click to Continue Workflow' is clicked on

2018-12-13 13:58:19 - [TEST_STEP][PASSED] - delay: Delayed 2 second(s)

2018-12-13 13:58:21 - [MESSAGE][PASSED] - Delayed 2 second(s)

2018-12-13 13:58:21 - [TEST_STEP][PASSED] - click: Object: 'Object Repository/Final Object Repo/New Registration - Registration Module Pages/New Reg - OTC to RO/Special Case - All Related Objects/Continue Button in verifying case' is clicked on

2018-12-13 13:58:23 - [MESSAGE][PASSED] - Object: 'Object Repository/Final Object Repo/New Registration - Registration Module Pages/New Reg - OTC to RO/Special Case - All Related Objects/Continue Button in verifying case' is clicked on

2018-12-13 13:58:23 - [TEST_STEP][PASSED] - delay: Delayed 2 second(s)

2018-12-13 13:58:25 - [MESSAGE][PASSED] - Delayed 2 second(s)

2018-12-13 13:58:25 - [TEST_STEP][PASSED] - click: Object: 'Object Repository/Final Object Repo/New Registration - Registration Module Pages/New Reg - OTC to RO/Special Case - All Related Objects/Form 1 Save n Continue' is clicked on

2018-12-13 13:58:25 - [MESSAGE][PASSED] - Object: 'Object Repository/Final Object Repo/New Registration - Registration Module Pages/New Reg - OTC to RO/Special Case - All Related Objects/Form 1 Save n Continue' is clicked on

2018-12-13 13:58:25 - [TEST_STEP][PASSED] - delay: Delayed 2 second(s)

2018-12-13 13:58:27 - [MESSAGE][PASSED] - Delayed 2 second(s)

2018-12-13 13:58:27 - [TEST_STEP][PASSED] - click: Object: 'Object Repository/Final Object Repo/New Registration - Registration Module Pages/New Reg - OTC to RO/Special Case - All Related Objects/Form 2 Save n Continue' is clicked on

2018-12-13 13:58:27 - [MESSAGE][PASSED] - Object: 'Object Repository/Final Object Repo/New Registration - Registration Module Pages/New Reg - OTC to RO/Special Case - All Related Objects/Form 2 Save n Continue' is clicked on

2018-12-13 13:58:27 - [TEST_STEP][PASSED] - delay: Delayed 2 second(s)

2018-12-13 13:58:29 - [MESSAGE][PASSED] - Delayed 2 second(s)

2018-12-13 13:58:29 - [TEST_STEP][PASSED] - click: Object: 'Object Repository/Final Object Repo/New Registration - Registration Module Pages/New Reg - OTC to RO/Special Case - All Related Objects/Third Screen Save n Continue' is clicked on

2018-12-13 13:58:35 - [MESSAGE][PASSED] - Object: 'Object Repository/Final Object Repo/New Registration - Registration Module Pages/New Reg - OTC to RO/Special Case - All Related Objects/Third Screen Save n Continue' is clicked on

2018-12-13 13:58:35 - [TEST_STEP][PASSED] - delay: Delayed 5 second(s)

2018-12-13 13:58:40 - [MESSAGE][PASSED] - Delayed 5 second(s)

2018-12-13 13:58:40 - [TEST_STEP][PASSED] - click: Object: 'Object Repository/Final Object Repo/New Registration - Registration Module Pages/New Reg - OTC to RO/Special Case - All Related Objects/Upload Doc Page Save n Continue' is clicked on

2018-12-13 13:58:40 - [MESSAGE][PASSED] - Object: 'Object Repository/Final Object Repo/New Registration - Registration Module Pages/New Reg - OTC to RO/Special Case - All Related Objects/Upload Doc Page Save n Continue' is clicked on

2018-12-13 13:58:40 - [TEST_STEP][PASSED] - delay: Delayed 5 second(s)

2018-12-13 13:58:45 - [MESSAGE][PASSED] - Delayed 5 second(s)

2018-12-13 13:58:45 - [TEST_STEP][PASSED] - callTestCase: Call Test Case 'Test Cases/Final Aug 2018 - PKS Automation/Registration Module/New Registration/Submit and Screenshot/Submit Registration and Screenshot' successfully

2018-12-13 13:58:45 - [TEST_CASE][PASSED] - Test Cases/Final Aug 2018 - PKS Automation/Registration Module/New Registration/Submit and Screenshot/Submit Registration and Screenshot: Test Cases/Final Aug 2018 - PKS Automation/Registration Module/New Registration/Submit and Screenshot/Submit Registration and Screenshot

2018-12-13 13:58:45 - [TEST_STEP][PASSED] - delay: Delayed 6 second(s)

2018-12-13 13:58:51 - [MESSAGE][PASSED] - Delayed 6 second(s)

2018-12-13 13:58:51 - [TEST_STEP][PASSED] - click: Object: 'Object Repository/Final Object Repo/New Registration - Registration Module Pages/Third Screen - Upload Supporting Doc- Preview/Preview Submit Button' is clicked on

2018-12-13 13:58:52 - [MESSAGE][PASSED] - Object: 'Object Repository/Final Object Repo/New Registration - Registration Module Pages/Third Screen - Upload Supporting Doc- Preview/Preview Submit Button' is clicked on

2018-12-13 13:58:52 - [TEST_STEP][PASSED] - delay: Delayed 2 second(s)

2018-12-13 13:58:54 - [MESSAGE][PASSED] - Delayed 2 second(s)

2018-12-13 13:58:54 - [TEST_STEP][PASSED] - click: Object: 'Object Repository/Final Object Repo/New Registration - Registration Module Pages/Third Screen - Upload Supporting Doc- Preview/Preview Submit - Confirm' is clicked on

2018-12-13 13:58:54 - [MESSAGE][PASSED] - Object: 'Object Repository/Final Object Repo/New Registration - Registration Module Pages/Third Screen - Upload Supporting Doc- Preview/Preview Submit - Confirm' is clicked on

2018-12-13 13:58:54 - [TEST_STEP][PASSED] - delay: Delayed 15 second(s)

2018-12-13 13:59:09 - [MESSAGE][PASSED] - Delayed 15 second(s)

2018-12-13 13:59:09 - [TEST_STEP][PASSED] - Statement - driver = com.kms.katalon.core.webui.driver.DriverFactory.getWebDriver(): null

2018-12-13 13:59:09 - [TEST_STEP][PASSED] - Statement - driver.manage().timeouts().implicitlyWait(10, SECONDS): null

2018-12-13 13:59:09 - [TEST_STEP][PASSED] - Statement - PresavePath = KatalonScreenshots: null

2018-12-13 13:59:09 - [TEST_STEP][PASSED] - Statement - pathPrefix = "C:\Users\Public\Pictures\Sample Pictures\Katalon Screenshots\Automate Ending Screen": null

2018-12-13 13:59:09 - [TEST_STEP][PASSED] - Statement - finalPath = <not implemented yet for class: org.codehaus.groovy.ast.expr.EmptyExpression>: null

2018-12-13 13:59:09 - [TEST_STEP][PASSED] - Statement - scrFile = driver.getScreenshotAs(FILE): null

2018-12-13 13:59:09 - [TEST_STEP][PASSED] - Statement - PreSaveFile = new java.io.File(PresavePath): null

2018-12-13 13:59:09 - [TEST_STEP][PASSED] - Statement - counter = 0: null

2018-12-13 13:59:09 - [TEST_STEP][PASSED] - Statement - If (PreSaveFile.exists()): null

2018-12-13 13:59:09 - [TEST_STEP][PASSED] - Statement - While (PreSaveFile.exists()): null

2018-12-13 13:59:09 - [TEST_STEP][PASSED] - Statement - counter = counter + 1: null

2018-12-13 13:59:09 - [TEST_STEP][PASSED] - Statement - PreSaveFile = new java.io.File(((pathPrefix + java.lang.Integer.toString(counter)) + .png)): null

2018-12-13 13:59:09 - [TEST_STEP][PASSED] - Statement - counter = counter + 1: null

2018-12-13 13:59:09 - [TEST_STEP][PASSED] - Statement - PreSaveFile = new java.io.File(((pathPrefix + java.lang.Integer.toString(counter)) + .png)): null

2018-12-13 13:59:09 - [TEST_STEP][PASSED] - Statement - counter = counter + 1: null

2018-12-13 13:59:09 - [TEST_STEP][PASSED] - Statement - PreSaveFile = new java.io.File(((pathPrefix + java.lang.Integer.toString(counter)) + .png)): null

2018-12-13 13:59:09 - [TEST_STEP][PASSED] - Statement - counter = counter + 1: null

2018-12-13 13:59:09 - [TEST_STEP][PASSED] - Statement - PreSaveFile = new java.io.File(((pathPrefix + java.lang.Integer.toString(counter)) + .png)): null

2018-12-13 13:59:09 - [TEST_STEP][PASSED] - Statement - counter = counter + 1: null

2018-12-13 13:59:09 - [TEST_STEP][PASSED] - Statement - PreSaveFile = new java.io.File(((pathPrefix + java.lang.Integer.toString(counter)) + .png)): null

2018-12-13 13:59:09 - [TEST_STEP][PASSED] - Statement - counter = counter + 1: null

2018-12-13 13:59:09 - [TEST_STEP][PASSED] - Statement - PreSaveFile = new java.io.File(((pathPrefix + java.lang.Integer.toString(counter)) + .png)): null

2018-12-13 13:59:09 - [TEST_STEP][PASSED] - Statement - counter = counter + 1: null

2018-12-13 13:59:09 - [TEST_STEP][PASSED] - Statement - PreSaveFile = new java.io.File(((pathPrefix + java.lang.Integer.toString(counter)) + .png)): null

2018-12-13 13:59:09 - [TEST_STEP][PASSED] - Statement - counter = counter + 1: null

2018-12-13 13:59:09 - [TEST_STEP][PASSED] - Statement - PreSaveFile = new java.io.File(((pathPrefix + java.lang.Integer.toString(counter)) + .png)): null

2018-12-13 13:59:09 - [TEST_STEP][PASSED] - Statement - counter = counter + 1: null

2018-12-13 13:59:09 - [TEST_STEP][PASSED] - Statement - PreSaveFile = new java.io.File(((pathPrefix + java.lang.Integer.toString(counter)) + .png)): null

2018-12-13 13:59:09 - [TEST_STEP][PASSED] - Statement - counter = counter + 1: null

2018-12-13 13:59:09 - [TEST_STEP][PASSED] - Statement - PreSaveFile = new java.io.File(((pathPrefix + java.lang.Integer.toString(counter)) + .png)): null

2018-12-13 13:59:09 - [TEST_STEP][PASSED] - Statement - counter = counter + 1: null

2018-12-13 13:59:09 - [TEST_STEP][PASSED] - Statement - PreSaveFile = new java.io.File(((pathPrefix + java.lang.Integer.toString(counter)) + .png)): null

2018-12-13 13:59:09 - [TEST_STEP][PASSED] - Statement - counter = counter + 1: null

2018-12-13 13:59:09 - [TEST_STEP][PASSED] - Statement - PreSaveFile = new java.io.File(((pathPrefix + java.lang.Integer.toString(counter)) + .png)): null

2018-12-13 13:59:09 - [TEST_STEP][PASSED] - Statement - counter = counter + 1: null

2018-12-13 13:59:09 - [TEST_STEP][PASSED] - Statement - PreSaveFile = new java.io.File(((pathPrefix + java.lang.Integer.toString(counter)) + .png)): null

2018-12-13 13:59:09 - [TEST_STEP][PASSED] - Statement - counter = counter + 1: null

2018-12-13 13:59:09 - [TEST_STEP][PASSED] - Statement - PreSaveFile = new java.io.File(((pathPrefix + java.lang.Integer.toString(counter)) + .png)): null

2018-12-13 13:59:09 - [TEST_STEP][PASSED] - Statement - counter = counter + 1: null

2018-12-13 13:59:09 - [TEST_STEP][PASSED] - Statement - PreSaveFile = new java.io.File(((pathPrefix + java.lang.Integer.toString(counter)) + .png)): null

2018-12-13 13:59:09 - [TEST_STEP][PASSED] - Statement - counter = counter + 1: null

2018-12-13 13:59:09 - [TEST_STEP][PASSED] - Statement - PreSaveFile = new java.io.File(((pathPrefix + java.lang.Integer.toString(counter)) + .png)): null

2018-12-13 13:59:09 - [TEST_STEP][PASSED] - Statement - counter = counter + 1: null

2018-12-13 13:59:09 - [TEST_STEP][PASSED] - Statement - PreSaveFile = new java.io.File(((pathPrefix + java.lang.Integer.toString(counter)) + .png)): null

2018-12-13 13:59:09 - [TEST_STEP][PASSED] - Statement - counter = counter + 1: null

2018-12-13 13:59:09 - [TEST_STEP][PASSED] - Statement - PreSaveFile = new java.io.File(((pathPrefix + java.lang.Integer.toString(counter)) + .png)): null

2018-12-13 13:59:09 - [TEST_STEP][PASSED] - Statement - counter = counter + 1: null

2018-12-13 13:59:09 - [TEST_STEP][PASSED] - Statement - PreSaveFile = new java.io.File(((pathPrefix + java.lang.Integer.toString(counter)) + .png)): null

2018-12-13 13:59:09 - [TEST_STEP][PASSED] - Statement - counter = counter + 1: null

2018-12-13 13:59:09 - [TEST_STEP][PASSED] - Statement - PreSaveFile = new java.io.File(((pathPrefix + java.lang.Integer.toString(counter)) + .png)): null

2018-12-13 13:59:09 - [TEST_STEP][PASSED] - Statement - counter = counter + 1: null

2018-12-13 13:59:09 - [TEST_STEP][PASSED] - Statement - PreSaveFile = new java.io.File(((pathPrefix + java.lang.Integer.toString(counter)) + .png)): null

2018-12-13 13:59:09 - [TEST_STEP][PASSED] - Statement - counter = counter + 1: null

2018-12-13 13:59:09 - [TEST_STEP][PASSED] - Statement - PreSaveFile = new java.io.File(((pathPrefix + java.lang.Integer.toString(counter)) + .png)): null

2018-12-13 13:59:09 - [TEST_STEP][PASSED] - Statement - counter = counter + 1: null

2018-12-13 13:59:09 - [TEST_STEP][PASSED] - Statement - PreSaveFile = new java.io.File(((pathPrefix + java.lang.Integer.toString(counter)) + .png)): null

2018-12-13 13:59:09 - [TEST_STEP][PASSED] - Statement - counter = counter + 1: null

2018-12-13 13:59:09 - [TEST_STEP][PASSED] - Statement - PreSaveFile = new java.io.File(((pathPrefix + java.lang.Integer.toString(counter)) + .png)): null

2018-12-13 13:59:09 - [TEST_STEP][PASSED] - Statement - counter = counter + 1: null

2018-12-13 13:59:09 - [TEST_STEP][PASSED] - Statement - PreSaveFile = new java.io.File(((pathPrefix + java.lang.Integer.toString(counter)) + .png)): null

2018-12-13 13:59:09 - [TEST_STEP][PASSED] - Statement - counter = counter + 1: null

2018-12-13 13:59:09 - [TEST_STEP][PASSED] - Statement - PreSaveFile = new java.io.File(((pathPrefix + java.lang.Integer.toString(counter)) + .png)): null

2018-12-13 13:59:09 - [TEST_STEP][PASSED] - Statement - counter = counter + 1: null

2018-12-13 13:59:09 - [TEST_STEP][PASSED] - Statement - PreSaveFile = new java.io.File(((pathPrefix + java.lang.Integer.toString(counter)) + .png)): null

2018-12-13 13:59:09 - [TEST_STEP][PASSED] - Statement - counter = counter + 1: null

2018-12-13 13:59:09 - [TEST_STEP][PASSED] - Statement - PreSaveFile = new java.io.File(((pathPrefix + java.lang.Integer.toString(counter)) + .png)): null

2018-12-13 13:59:09 - [TEST_STEP][PASSED] - Statement - counter = counter + 1: null

2018-12-13 13:59:09 - [TEST_STEP][PASSED] - Statement - PreSaveFile = new java.io.File(((pathPrefix + java.lang.Integer.toString(counter)) + .png)): null

2018-12-13 13:59:09 - [TEST_STEP][PASSED] - Statement - counter = counter + 1: null

2018-12-13 13:59:09 - [TEST_STEP][PASSED] - Statement - PreSaveFile = new java.io.File(((pathPrefix + java.lang.Integer.toString(counter)) + .png)): null

2018-12-13 13:59:09 - [TEST_STEP][PASSED] - Statement - counter = counter + 1: null

2018-12-13 13:59:09 - [TEST_STEP][PASSED] - Statement - PreSaveFile = new java.io.File(((pathPrefix + java.lang.Integer.toString(counter)) + .png)): null

2018-12-13 13:59:09 - [TEST_STEP][PASSED] - Statement - counter = counter + 1: null

2018-12-13 13:59:09 - [TEST_STEP][PASSED] - Statement - PreSaveFile = new java.io.File(((pathPrefix + java.lang.Integer.toString(counter)) + .png)): null

2018-12-13 13:59:09 - [TEST_STEP][PASSED] - Statement - counter = counter + 1: null

2018-12-13 13:59:09 - [TEST_STEP][PASSED] - Statement - PreSaveFile = new java.io.File(((pathPrefix + java.lang.Integer.toString(counter)) + .png)): null

2018-12-13 13:59:09 - [TEST_STEP][PASSED] - Statement - counter = counter + 1: null

2018-12-13 13:59:09 - [TEST_STEP][PASSED] - Statement - PreSaveFile = new java.io.File(((pathPrefix + java.lang.Integer.toString(counter)) + .png)): null

2018-12-13 13:59:09 - [TEST_STEP][PASSED] - Statement - counter = counter + 1: null

2018-12-13 13:59:09 - [TEST_STEP][PASSED] - Statement - PreSaveFile = new java.io.File(((pathPrefix + java.lang.Integer.toString(counter)) + .png)): null

2018-12-13 13:59:09 - [TEST_STEP][PASSED] - Statement - counter = counter + 1: null

2018-12-13 13:59:09 - [TEST_STEP][PASSED] - Statement - PreSaveFile = new java.io.File(((pathPrefix + java.lang.Integer.toString(counter)) + .png)): null

2018-12-13 13:59:09 - [TEST_STEP][PASSED] - Statement - counter = counter + 1: null

2018-12-13 13:59:09 - [TEST_STEP][PASSED] - Statement - PreSaveFile = new java.io.File(((pathPrefix + java.lang.Integer.toString(counter)) + .png)): null

2018-12-13 13:59:09 - [TEST_STEP][PASSED] - Statement - counter = counter + 1: null

2018-12-13 13:59:09 - [TEST_STEP][PASSED] - Statement - PreSaveFile = new java.io.File(((pathPrefix + java.lang.Integer.toString(counter)) + .png)): null

2018-12-13 13:59:09 - [TEST_STEP][PASSED] - Statement - counter = counter + 1: null

2018-12-13 13:59:09 - [TEST_STEP][PASSED] - Statement - PreSaveFile = new java.io.File(((pathPrefix + java.lang.Integer.toString(counter)) + .png)): null

2018-12-13 13:59:09 - [TEST_STEP][PASSED] - Statement - counter = counter + 1: null

2018-12-13 13:59:09 - [TEST_STEP][PASSED] - Statement - PreSaveFile = new java.io.File(((pathPrefix + java.lang.Integer.toString(counter)) + .png)): null

2018-12-13 13:59:09 - [TEST_STEP][PASSED] - Statement - counter = counter + 1: null

2018-12-13 13:59:09 - [TEST_STEP][PASSED] - Statement - PreSaveFile = new java.io.File(((pathPrefix + java.lang.Integer.toString(counter)) + .png)): null

2018-12-13 13:59:09 - [TEST_STEP][PASSED] - Statement - counter = counter + 1: null

2018-12-13 13:59:09 - [TEST_STEP][PASSED] - Statement - PreSaveFile = new java.io.File(((pathPrefix + java.lang.Integer.toString(counter)) + .png)): null

2018-12-13 13:59:09 - [TEST_STEP][PASSED] - Statement - counter = counter + 1: null

2018-12-13 13:59:09 - [TEST_STEP][PASSED] - Statement - PreSaveFile = new java.io.File(((pathPrefix + java.lang.Integer.toString(counter)) + .png)): null

2018-12-13 13:59:09 - [TEST_STEP][PASSED] - Statement - counter = counter + 1: null

2018-12-13 13:59:09 - [TEST_STEP][PASSED] - Statement - PreSaveFile = new java.io.File(((pathPrefix + java.lang.Integer.toString(counter)) + .png)): null

2018-12-13 13:59:09 - [TEST_STEP][PASSED] - Statement - counter = counter + 1: null

2018-12-13 13:59:09 - [TEST_STEP][PASSED] - Statement - PreSaveFile = new java.io.File(((pathPrefix + java.lang.Integer.toString(counter)) + .png)): null

2018-12-13 13:59:09 - [TEST_STEP][PASSED] - Statement - counter = counter + 1: null

2018-12-13 13:59:09 - [TEST_STEP][PASSED] - Statement - PreSaveFile = new java.io.File(((pathPrefix + java.lang.Integer.toString(counter)) + .png)): null

2018-12-13 13:59:09 - [TEST_STEP][PASSED] - Statement - counter = counter + 1: null

2018-12-13 13:59:09 - [TEST_STEP][PASSED] - Statement - PreSaveFile = new java.io.File(((pathPrefix + java.lang.Integer.toString(counter)) + .png)): null

2018-12-13 13:59:09 - [TEST_STEP][PASSED] - Statement - counter = counter + 1: null

2018-12-13 13:59:09 - [TEST_STEP][PASSED] - Statement - PreSaveFile = new java.io.File(((pathPrefix + java.lang.Integer.toString(counter)) + .png)): null

2018-12-13 13:59:09 - [TEST_STEP][PASSED] - Statement - counter = counter + 1: null

2018-12-13 13:59:09 - [TEST_STEP][PASSED] - Statement - PreSaveFile = new java.io.File(((pathPrefix + java.lang.Integer.toString(counter)) + .png)): null

2018-12-13 13:59:09 - [TEST_STEP][PASSED] - Statement - counter = counter + 1: null

2018-12-13 13:59:09 - [TEST_STEP][PASSED] - Statement - PreSaveFile = new java.io.File(((pathPrefix + java.lang.Integer.toString(counter)) + .png)): null

2018-12-13 13:59:09 - [TEST_STEP][PASSED] - Statement - counter = counter + 1: null

2018-12-13 13:59:09 - [TEST_STEP][PASSED] - Statement - PreSaveFile = new java.io.File(((pathPrefix + java.lang.Integer.toString(counter)) + .png)): null

2018-12-13 13:59:09 - [TEST_STEP][PASSED] - Statement - counter = counter + 1: null

2018-12-13 13:59:09 - [TEST_STEP][PASSED] - Statement - PreSaveFile = new java.io.File(((pathPrefix + java.lang.Integer.toString(counter)) + .png)): null

2018-12-13 13:59:09 - [TEST_STEP][PASSED] - Statement - counter = counter + 1: null

2018-12-13 13:59:09 - [TEST_STEP][PASSED] - Statement - PreSaveFile = new java.io.File(((pathPrefix + java.lang.Integer.toString(counter)) + .png)): null

2018-12-13 13:59:09 - [TEST_STEP][PASSED] - Statement - counter = counter + 1: null

2018-12-13 13:59:09 - [TEST_STEP][PASSED] - Statement - PreSaveFile = new java.io.File(((pathPrefix + java.lang.Integer.toString(counter)) + .png)): null

2018-12-13 13:59:09 - [TEST_STEP][PASSED] - Statement - counter = counter + 1: null

2018-12-13 13:59:09 - [TEST_STEP][PASSED] - Statement - PreSaveFile = new java.io.File(((pathPrefix + java.lang.Integer.toString(counter)) + .png)): null

2018-12-13 13:59:09 - [TEST_STEP][PASSED] - Statement - counter = counter + 1: null

2018-12-13 13:59:09 - [TEST_STEP][PASSED] - Statement - PreSaveFile = new java.io.File(((pathPrefix + java.lang.Integer.toString(counter)) + .png)): null

2018-12-13 13:59:09 - [TEST_STEP][PASSED] - Statement - counter = counter + 1: null

2018-12-13 13:59:09 - [TEST_STEP][PASSED] - Statement - PreSaveFile = new java.io.File(((pathPrefix + java.lang.Integer.toString(counter)) + .png)): null

2018-12-13 13:59:09 - [TEST_STEP][PASSED] - Statement - counter = counter + 1: null

2018-12-13 13:59:09 - [TEST_STEP][PASSED] - Statement - PreSaveFile = new java.io.File(((pathPrefix + java.lang.Integer.toString(counter)) + .png)): null

2018-12-13 13:59:09 - [TEST_STEP][PASSED] - Statement - counter = counter + 1: null

2018-12-13 13:59:09 - [TEST_STEP][PASSED] - Statement - PreSaveFile = new java.io.File(((pathPrefix + java.lang.Integer.toString(counter)) + .png)): null

2018-12-13 13:59:09 - [TEST_STEP][PASSED] - Statement - counter = counter + 1: null

2018-12-13 13:59:09 - [TEST_STEP][PASSED] - Statement - PreSaveFile = new java.io.File(((pathPrefix + java.lang.Integer.toString(counter)) + .png)): null

2018-12-13 13:59:09 - [TEST_STEP][PASSED] - Statement - counter = counter + 1: null

2018-12-13 13:59:09 - [TEST_STEP][PASSED] - Statement - PreSaveFile = new java.io.File(((pathPrefix + java.lang.Integer.toString(counter)) + .png)): null

2018-12-13 13:59:09 - [TEST_STEP][PASSED] - Statement - counter = counter + 1: null

2018-12-13 13:59:09 - [TEST_STEP][PASSED] - Statement - PreSaveFile = new java.io.File(((pathPrefix + java.lang.Integer.toString(counter)) + .png)): null

2018-12-13 13:59:09 - [TEST_STEP][PASSED] - Statement - counter = counter + 1: null

2018-12-13 13:59:09 - [TEST_STEP][PASSED] - Statement - PreSaveFile = new java.io.File(((pathPrefix + java.lang.Integer.toString(counter)) + .png)): null

2018-12-13 13:59:09 - [TEST_STEP][PASSED] - Statement - counter = counter + 1: null

2018-12-13 13:59:09 - [TEST_STEP][PASSED] - Statement - PreSaveFile = new java.io.File(((pathPrefix + java.lang.Integer.toString(counter)) + .png)): null

2018-12-13 13:59:09 - [TEST_STEP][PASSED] - Statement - counter = counter + 1: null

2018-12-13 13:59:09 - [TEST_STEP][PASSED] - Statement - PreSaveFile = new java.io.File(((pathPrefix + java.lang.Integer.toString(counter)) + .png)): null

2018-12-13 13:59:09 - [TEST_STEP][PASSED] - Statement - counter = counter + 1: null

2018-12-13 13:59:09 - [TEST_STEP][PASSED] - Statement - PreSaveFile = new java.io.File(((pathPrefix + java.lang.Integer.toString(counter)) + .png)): null

2018-12-13 13:59:09 - [TEST_STEP][PASSED] - Statement - counter = counter + 1: null

2018-12-13 13:59:09 - [TEST_STEP][PASSED] - Statement - PreSaveFile = new java.io.File(((pathPrefix + java.lang.Integer.toString(counter)) + .png)): null

2018-12-13 13:59:09 - [TEST_STEP][PASSED] - Statement - counter = counter + 1: null

2018-12-13 13:59:09 - [TEST_STEP][PASSED] - Statement - PreSaveFile = new java.io.File(((pathPrefix + java.lang.Integer.toString(counter)) + .png)): null

2018-12-13 13:59:09 - [TEST_STEP][PASSED] - Statement - counter = counter + 1: null

2018-12-13 13:59:09 - [TEST_STEP][PASSED] - Statement - PreSaveFile = new java.io.File(((pathPrefix + java.lang.Integer.toString(counter)) + .png)): null

2018-12-13 13:59:09 - [TEST_STEP][PASSED] - Statement - counter = counter + 1: null

2018-12-13 13:59:09 - [TEST_STEP][PASSED] - Statement - PreSaveFile = new java.io.File(((pathPrefix + java.lang.Integer.toString(counter)) + .png)): null

2018-12-13 13:59:09 - [TEST_STEP][PASSED] - Statement - counter = counter + 1: null

2018-12-13 13:59:09 - [TEST_STEP][PASSED] - Statement - PreSaveFile = new java.io.File(((pathPrefix + java.lang.Integer.toString(counter)) + .png)): null

2018-12-13 13:59:09 - [TEST_STEP][PASSED] - Statement - counter = counter + 1: null

2018-12-13 13:59:09 - [TEST_STEP][PASSED] - Statement - PreSaveFile = new java.io.File(((pathPrefix + java.lang.Integer.toString(counter)) + .png)): null

2018-12-13 13:59:09 - [TEST_STEP][PASSED] - Statement - counter = counter + 1: null

2018-12-13 13:59:09 - [TEST_STEP][PASSED] - Statement - PreSaveFile = new java.io.File(((pathPrefix + java.lang.Integer.toString(counter)) + .png)): null

2018-12-13 13:59:09 - [TEST_STEP][PASSED] - Statement - counter = counter + 1: null

2018-12-13 13:59:09 - [TEST_STEP][PASSED] - Statement - PreSaveFile = new java.io.File(((pathPrefix + java.lang.Integer.toString(counter)) + .png)): null

2018-12-13 13:59:09 - [TEST_STEP][PASSED] - Statement - counter = counter + 1: null

2018-12-13 13:59:09 - [TEST_STEP][PASSED] - Statement - PreSaveFile = new java.io.File(((pathPrefix + java.lang.Integer.toString(counter)) + .png)): null

2018-12-13 13:59:09 - [TEST_STEP][PASSED] - Statement - counter = counter + 1: null

2018-12-13 13:59:09 - [TEST_STEP][PASSED] - Statement - PreSaveFile = new java.io.File(((pathPrefix + java.lang.Integer.toString(counter)) + .png)): null

2018-12-13 13:59:09 - [TEST_STEP][PASSED] - Statement - counter = counter + 1: null

2018-12-13 13:59:09 - [TEST_STEP][PASSED] - Statement - PreSaveFile = new java.io.File(((pathPrefix + java.lang.Integer.toString(counter)) + .png)): null

2018-12-13 13:59:09 - [TEST_STEP][PASSED] - Statement - counter = counter + 1: null

2018-12-13 13:59:09 - [TEST_STEP][PASSED] - Statement - PreSaveFile = new java.io.File(((pathPrefix + java.lang.Integer.toString(counter)) + .png)): null

2018-12-13 13:59:09 - [TEST_STEP][PASSED] - Statement - counter = counter + 1: null

2018-12-13 13:59:09 - [TEST_STEP][PASSED] - Statement - PreSaveFile = new java.io.File(((pathPrefix + java.lang.Integer.toString(counter)) + .png)): null

2018-12-13 13:59:09 - [TEST_STEP][PASSED] - Statement - counter = counter + 1: null

2018-12-13 13:59:09 - [TEST_STEP][PASSED] - Statement - PreSaveFile = new java.io.File(((pathPrefix + java.lang.Integer.toString(counter)) + .png)): null

2018-12-13 13:59:09 - [TEST_STEP][PASSED] - Statement - counter = counter + 1: null

2018-12-13 13:59:09 - [TEST_STEP][PASSED] - Statement - PreSaveFile = new java.io.File(((pathPrefix + java.lang.Integer.toString(counter)) + .png)): null

2018-12-13 13:59:09 - [TEST_STEP][PASSED] - Statement - counter = counter + 1: null

2018-12-13 13:59:09 - [TEST_STEP][PASSED] - Statement - PreSaveFile = new java.io.File(((pathPrefix + java.lang.Integer.toString(counter)) + .png)): null

2018-12-13 13:59:09 - [TEST_STEP][PASSED] - Statement - counter = counter + 1: null

2018-12-13 13:59:09 - [TEST_STEP][PASSED] - Statement - PreSaveFile = new java.io.File(((pathPrefix + java.lang.Integer.toString(counter)) + .png)): null

2018-12-13 13:59:09 - [TEST_STEP][PASSED] - Statement - counter = counter + 1: null

2018-12-13 13:59:09 - [TEST_STEP][PASSED] - Statement - PreSaveFile = new java.io.File(((pathPrefix + java.lang.Integer.toString(counter)) + .png)): null

2018-12-13 13:59:09 - [TEST_STEP][PASSED] - Statement - counter = counter + 1: null

2018-12-13 13:59:09 - [TEST_STEP][PASSED] - Statement - PreSaveFile = new java.io.File(((pathPrefix + java.lang.Integer.toString(counter)) + .png)): null

2018-12-13 13:59:09 - [TEST_STEP][PASSED] - Statement - counter = counter + 1: null

2018-12-13 13:59:09 - [TEST_STEP][PASSED] - Statement - PreSaveFile = new java.io.File(((pathPrefix + java.lang.Integer.toString(counter)) + .png)): null

2018-12-13 13:59:09 - [TEST_STEP][PASSED] - Statement - counter = counter + 1: null

2018-12-13 13:59:09 - [TEST_STEP][PASSED] - Statement - PreSaveFile = new java.io.File(((pathPrefix + java.lang.Integer.toString(counter)) + .png)): null

2018-12-13 13:59:09 - [TEST_STEP][PASSED] - Statement - counter = counter + 1: null

2018-12-13 13:59:09 - [TEST_STEP][PASSED] - Statement - PreSaveFile = new java.io.File(((pathPrefix + java.lang.Integer.toString(counter)) + .png)): null

2018-12-13 13:59:09 - [TEST_STEP][PASSED] - Statement - counter = counter + 1: null

2018-12-13 13:59:09 - [TEST_STEP][PASSED] - Statement - PreSaveFile = new java.io.File(((pathPrefix + java.lang.Integer.toString(counter)) + .png)): null

2018-12-13 13:59:09 - [TEST_STEP][PASSED] - Statement - counter = counter + 1: null

2018-12-13 13:59:09 - [TEST_STEP][PASSED] - Statement - PreSaveFile = new java.io.File(((pathPrefix + java.lang.Integer.toString(counter)) + .png)): null

2018-12-13 13:59:09 - [TEST_STEP][PASSED] - Statement - counter = counter + 1: null

2018-12-13 13:59:09 - [TEST_STEP][PASSED] - Statement - PreSaveFile = new java.io.File(((pathPrefix + java.lang.Integer.toString(counter)) + .png)): null

2018-12-13 13:59:09 - [TEST_STEP][PASSED] - Statement - counter = counter + 1: null

2018-12-13 13:59:09 - [TEST_STEP][PASSED] - Statement - PreSaveFile = new java.io.File(((pathPrefix + java.lang.Integer.toString(counter)) + .png)): null

2018-12-13 13:59:09 - [TEST_STEP][PASSED] - Statement - counter = counter + 1: null

2018-12-13 13:59:09 - [TEST_STEP][PASSED] - Statement - PreSaveFile = new java.io.File(((pathPrefix + java.lang.Integer.toString(counter)) + .png)): null

2018-12-13 13:59:09 - [TEST_STEP][PASSED] - Statement - counter = counter + 1: null

2018-12-13 13:59:09 - [TEST_STEP][PASSED] - Statement - PreSaveFile = new java.io.File(((pathPrefix + java.lang.Integer.toString(counter)) + .png)): null

2018-12-13 13:59:09 - [TEST_STEP][PASSED] - Statement - counter = counter + 1: null

2018-12-13 13:59:09 - [TEST_STEP][PASSED] - Statement - PreSaveFile = new java.io.File(((pathPrefix + java.lang.Integer.toString(counter)) + .png)): null

2018-12-13 13:59:09 - [TEST_STEP][PASSED] - Statement - counter = counter + 1: null

2018-12-13 13:59:09 - [TEST_STEP][PASSED] - Statement - PreSaveFile = new java.io.File(((pathPrefix + java.lang.Integer.toString(counter)) + .png)): null

2018-12-13 13:59:09 - [TEST_STEP][PASSED] - Statement - counter = counter + 1: null

2018-12-13 13:59:09 - [TEST_STEP][PASSED] - Statement - PreSaveFile = new java.io.File(((pathPrefix + java.lang.Integer.toString(counter)) + .png)): null

2018-12-13 13:59:09 - [TEST_STEP][PASSED] - Statement - counter = counter + 1: null

2018-12-13 13:59:09 - [TEST_STEP][PASSED] - Statement - PreSaveFile = new java.io.File(((pathPrefix + java.lang.Integer.toString(counter)) + .png)): null

2018-12-13 13:59:09 - [TEST_STEP][PASSED] - Statement - counter = counter + 1: null

2018-12-13 13:59:09 - [TEST_STEP][PASSED] - Statement - PreSaveFile = new java.io.File(((pathPrefix + java.lang.Integer.toString(counter)) + .png)): null

2018-12-13 13:59:09 - [TEST_STEP][PASSED] - Statement - counter = counter + 1: null

2018-12-13 13:59:09 - [TEST_STEP][PASSED] - Statement - PreSaveFile = new java.io.File(((pathPrefix + java.lang.Integer.toString(counter)) + .png)): null

2018-12-13 13:59:09 - [TEST_STEP][PASSED] - Statement - counter = counter + 1: null

2018-12-13 13:59:09 - [TEST_STEP][PASSED] - Statement - PreSaveFile = new java.io.File(((pathPrefix + java.lang.Integer.toString(counter)) + .png)): null

2018-12-13 13:59:09 - [TEST_STEP][PASSED] - Statement - counter = counter + 1: null

2018-12-13 13:59:09 - [TEST_STEP][PASSED] - Statement - PreSaveFile = new java.io.File(((pathPrefix + java.lang.Integer.toString(counter)) + .png)): null

2018-12-13 13:59:09 - [TEST_STEP][PASSED] - Statement - counter = counter + 1: null

2018-12-13 13:59:09 - [TEST_STEP][PASSED] - Statement - PreSaveFile = new java.io.File(((pathPrefix + java.lang.Integer.toString(counter)) + .png)): null

2018-12-13 13:59:09 - [TEST_STEP][PASSED] - Statement - counter = counter + 1: null

2018-12-13 13:59:09 - [TEST_STEP][PASSED] - Statement - PreSaveFile = new java.io.File(((pathPrefix + java.lang.Integer.toString(counter)) + .png)): null

2018-12-13 13:59:09 - [TEST_STEP][PASSED] - Statement - counter = counter + 1: null

2018-12-13 13:59:09 - [TEST_STEP][PASSED] - Statement - PreSaveFile = new java.io.File(((pathPrefix + java.lang.Integer.toString(counter)) + .png)): null

2018-12-13 13:59:09 - [TEST_STEP][PASSED] - Statement - counter = counter + 1: null

2018-12-13 13:59:09 - [TEST_STEP][PASSED] - Statement - PreSaveFile = new java.io.File(((pathPrefix + java.lang.Integer.toString(counter)) + .png)): null

2018-12-13 13:59:09 - [TEST_STEP][PASSED] - Statement - counter = counter + 1: null

2018-12-13 13:59:09 - [TEST_STEP][PASSED] - Statement - PreSaveFile = new java.io.File(((pathPrefix + java.lang.Integer.toString(counter)) + .png)): null

2018-12-13 13:59:09 - [TEST_STEP][PASSED] - Statement - counter = counter + 1: null

2018-12-13 13:59:09 - [TEST_STEP][PASSED] - Statement - PreSaveFile = new java.io.File(((pathPrefix + java.lang.Integer.toString(counter)) + .png)): null

2018-12-13 13:59:09 - [TEST_STEP][PASSED] - Statement - counter = counter + 1: null

2018-12-13 13:59:09 - [TEST_STEP][PASSED] - Statement - PreSaveFile = new java.io.File(((pathPrefix + java.lang.Integer.toString(counter)) + .png)): null

2018-12-13 13:59:09 - [TEST_STEP][PASSED] - Statement - counter = counter + 1: null

2018-12-13 13:59:09 - [TEST_STEP][PASSED] - Statement - PreSaveFile = new java.io.File(((pathPrefix + java.lang.Integer.toString(counter)) + .png)): null

2018-12-13 13:59:09 - [TEST_STEP][PASSED] - Statement - counter = counter + 1: null

2018-12-13 13:59:09 - [TEST_STEP][PASSED] - Statement - PreSaveFile = new java.io.File(((pathPrefix + java.lang.Integer.toString(counter)) + .png)): null

2018-12-13 13:59:09 - [TEST_STEP][PASSED] - Statement - counter = counter + 1: null

2018-12-13 13:59:09 - [TEST_STEP][PASSED] - Statement - PreSaveFile = new java.io.File(((pathPrefix + java.lang.Integer.toString(counter)) + .png)): null

2018-12-13 13:59:09 - [TEST_STEP][PASSED] - Statement - counter = counter + 1: null

2018-12-13 13:59:09 - [TEST_STEP][PASSED] - Statement - PreSaveFile = new java.io.File(((pathPrefix + java.lang.Integer.toString(counter)) + .png)): null

2018-12-13 13:59:09 - [TEST_STEP][PASSED] - Statement - counter = counter + 1: null

2018-12-13 13:59:09 - [TEST_STEP][PASSED] - Statement - PreSaveFile = new java.io.File(((pathPrefix + java.lang.Integer.toString(counter)) + .png)): null

2018-12-13 13:59:09 - [TEST_STEP][PASSED] - Statement - counter = counter + 1: null

2018-12-13 13:59:09 - [TEST_STEP][PASSED] - Statement - PreSaveFile = new java.io.File(((pathPrefix + java.lang.Integer.toString(counter)) + .png)): null

2018-12-13 13:59:09 - [TEST_STEP][PASSED] - Statement - counter = counter + 1: null

2018-12-13 13:59:09 - [TEST_STEP][PASSED] - Statement - PreSaveFile = new java.io.File(((pathPrefix + java.lang.Integer.toString(counter)) + .png)): null

2018-12-13 13:59:09 - [TEST_STEP][PASSED] - Statement - counter = counter + 1: null

2018-12-13 13:59:10 - [TEST_STEP][PASSED] - Statement - PreSaveFile = new java.io.File(((pathPrefix + java.lang.Integer.toString(counter)) + .png)): null

2018-12-13 13:59:10 - [TEST_STEP][PASSED] - Statement - counter = counter + 1: null

2018-12-13 13:59:10 - [TEST_STEP][PASSED] - Statement - PreSaveFile = new java.io.File(((pathPrefix + java.lang.Integer.toString(counter)) + .png)): null

2018-12-13 13:59:10 - [TEST_STEP][PASSED] - Statement - counter = counter + 1: null

2018-12-13 13:59:10 - [TEST_STEP][PASSED] - Statement - PreSaveFile = new java.io.File(((pathPrefix + java.lang.Integer.toString(counter)) + .png)): null

2018-12-13 13:59:10 - [TEST_STEP][PASSED] - Statement - counter = counter + 1: null

2018-12-13 13:59:10 - [TEST_STEP][PASSED] - Statement - PreSaveFile = new java.io.File(((pathPrefix + java.lang.Integer.toString(counter)) + .png)): null

2018-12-13 13:59:10 - [TEST_STEP][PASSED] - Statement - counter = counter + 1: null

2018-12-13 13:59:10 - [TEST_STEP][PASSED] - Statement - PreSaveFile = new java.io.File(((pathPrefix + java.lang.Integer.toString(counter)) + .png)): null

2018-12-13 13:59:10 - [TEST_STEP][PASSED] - Statement - counter = counter + 1: null

2018-12-13 13:59:10 - [TEST_STEP][PASSED] - Statement - PreSaveFile = new java.io.File(((pathPrefix + java.lang.Integer.toString(counter)) + .png)): null

2018-12-13 13:59:10 - [TEST_STEP][PASSED] - Statement - counter = counter + 1: null

2018-12-13 13:59:10 - [TEST_STEP][PASSED] - Statement - PreSaveFile = new java.io.File(((pathPrefix + java.lang.Integer.toString(counter)) + .png)): null

2018-12-13 13:59:10 - [TEST_STEP][PASSED] - Statement - counter = counter + 1: null

2018-12-13 13:59:10 - [TEST_STEP][PASSED] - Statement - PreSaveFile = new java.io.File(((pathPrefix + java.lang.Integer.toString(counter)) + .png)): null

2018-12-13 13:59:10 - [TEST_STEP][PASSED] - Statement - counter = counter + 1: null

2018-12-13 13:59:10 - [TEST_STEP][PASSED] - Statement - PreSaveFile = new java.io.File(((pathPrefix + java.lang.Integer.toString(counter)) + .png)): null

2018-12-13 13:59:10 - [TEST_STEP][PASSED] - Statement - counter = counter + 1: null

2018-12-13 13:59:10 - [TEST_STEP][PASSED] - Statement - PreSaveFile = new java.io.File(((pathPrefix + java.lang.Integer.toString(counter)) + .png)): null

2018-12-13 13:59:10 - [TEST_STEP][PASSED] - Statement - counter = counter + 1: null

2018-12-13 13:59:10 - [TEST_STEP][PASSED] - Statement - PreSaveFile = new java.io.File(((pathPrefix + java.lang.Integer.toString(counter)) + .png)): null

2018-12-13 13:59:10 - [TEST_STEP][PASSED] - Statement - counter = counter + 1: null

2018-12-13 13:59:10 - [TEST_STEP][PASSED] - Statement - PreSaveFile = new java.io.File(((pathPrefix + java.lang.Integer.toString(counter)) + .png)): null

2018-12-13 13:59:10 - [TEST_STEP][PASSED] - Statement - counter = counter + 1: null

2018-12-13 13:59:10 - [TEST_STEP][PASSED] - Statement - PreSaveFile = new java.io.File(((pathPrefix + java.lang.Integer.toString(counter)) + .png)): null

2018-12-13 13:59:10 - [TEST_STEP][PASSED] - Statement - counter = counter + 1: null

2018-12-13 13:59:10 - [TEST_STEP][PASSED] - Statement - PreSaveFile = new java.io.File(((pathPrefix + java.lang.Integer.toString(counter)) + .png)): null

2018-12-13 13:59:10 - [TEST_STEP][PASSED] - Statement - counter = counter + 1: null

2018-12-13 13:59:10 - [TEST_STEP][PASSED] - Statement - PreSaveFile = new java.io.File(((pathPrefix + java.lang.Integer.toString(counter)) + .png)): null

2018-12-13 13:59:10 - [TEST_STEP][PASSED] - Statement - counter = counter + 1: null

2018-12-13 13:59:10 - [TEST_STEP][PASSED] - Statement - PreSaveFile = new java.io.File(((pathPrefix + java.lang.Integer.toString(counter)) + .png)): null

2018-12-13 13:59:10 - [TEST_STEP][PASSED] - Statement - counter = counter + 1: null

2018-12-13 13:59:10 - [TEST_STEP][PASSED] - Statement - PreSaveFile = new java.io.File(((pathPrefix + java.lang.Integer.toString(counter)) + .png)): null

2018-12-13 13:59:10 - [TEST_STEP][PASSED] - Statement - counter = counter + 1: null

2018-12-13 13:59:10 - [TEST_STEP][PASSED] - Statement - PreSaveFile = new java.io.File(((pathPrefix + java.lang.Integer.toString(counter)) + .png)): null

2018-12-13 13:59:10 - [TEST_STEP][PASSED] - Statement - counter = counter + 1: null

2018-12-13 13:59:10 - [TEST_STEP][PASSED] - Statement - PreSaveFile = new java.io.File(((pathPrefix + java.lang.Integer.toString(counter)) + .png)): null

2018-12-13 13:59:10 - [TEST_STEP][PASSED] - Statement - counter = counter + 1: null

2018-12-13 13:59:10 - [TEST_STEP][PASSED] - Statement - PreSaveFile = new java.io.File(((pathPrefix + java.lang.Integer.toString(counter)) + .png)): null

2018-12-13 13:59:10 - [TEST_STEP][PASSED] - Statement - counter = counter + 1: null

2018-12-13 13:59:10 - [TEST_STEP][PASSED] - Statement - PreSaveFile = new java.io.File(((pathPrefix + java.lang.Integer.toString(counter)) + .png)): null

2018-12-13 13:59:10 - [TEST_STEP][PASSED] - Statement - counter = counter + 1: null

2018-12-13 13:59:10 - [TEST_STEP][PASSED] - Statement - PreSaveFile = new java.io.File(((pathPrefix + java.lang.Integer.toString(counter)) + .png)): null

2018-12-13 13:59:10 - [TEST_STEP][PASSED] - Statement - counter = counter + 1: null

2018-12-13 13:59:10 - [TEST_STEP][PASSED] - Statement - PreSaveFile = new java.io.File(((pathPrefix + java.lang.Integer.toString(counter)) + .png)): null

2018-12-13 13:59:10 - [TEST_STEP][PASSED] - Statement - counter = counter + 1: null

2018-12-13 13:59:10 - [TEST_STEP][PASSED] - Statement - PreSaveFile = new java.io.File(((pathPrefix + java.lang.Integer.toString(counter)) + .png)): null

2018-12-13 13:59:10 - [TEST_STEP][PASSED] - Statement - counter = counter + 1: null

2018-12-13 13:59:10 - [TEST_STEP][PASSED] - Statement - PreSaveFile = new java.io.File(((pathPrefix + java.lang.Integer.toString(counter)) + .png)): null

2018-12-13 13:59:10 - [TEST_STEP][PASSED] - Statement - counter = counter + 1: null

2018-12-13 13:59:10 - [TEST_STEP][PASSED] - Statement - PreSaveFile = new java.io.File(((pathPrefix + java.lang.Integer.toString(counter)) + .png)): null

2018-12-13 13:59:10 - [TEST_STEP][PASSED] - Statement - counter = counter + 1: null

2018-12-13 13:59:10 - [TEST_STEP][PASSED] - Statement - PreSaveFile = new java.io.File(((pathPrefix + java.lang.Integer.toString(counter)) + .png)): null

2018-12-13 13:59:10 - [TEST_STEP][PASSED] - Statement - counter = counter + 1: null

2018-12-13 13:59:10 - [TEST_STEP][PASSED] - Statement - PreSaveFile = new java.io.File(((pathPrefix + java.lang.Integer.toString(counter)) + .png)): null

2018-12-13 13:59:10 - [TEST_STEP][PASSED] - Statement - counter = counter + 1: null

2018-12-13 13:59:10 - [TEST_STEP][PASSED] - Statement - PreSaveFile = new java.io.File(((pathPrefix + java.lang.Integer.toString(counter)) + .png)): null

2018-12-13 13:59:10 - [TEST_STEP][PASSED] - Statement - counter = counter + 1: null

2018-12-13 13:59:10 - [TEST_STEP][PASSED] - Statement - PreSaveFile = new java.io.File(((pathPrefix + java.lang.Integer.toString(counter)) + .png)): null

2018-12-13 13:59:10 - [TEST_STEP][PASSED] - Statement - counter = counter + 1: null

2018-12-13 13:59:10 - [TEST_STEP][PASSED] - Statement - PreSaveFile = new java.io.File(((pathPrefix + java.lang.Integer.toString(counter)) + .png)): null

2018-12-13 13:59:10 - [TEST_STEP][PASSED] - Statement - counter = counter + 1: null

2018-12-13 13:59:10 - [TEST_STEP][PASSED] - Statement - PreSaveFile = new java.io.File(((pathPrefix + java.lang.Integer.toString(counter)) + .png)): null

2018-12-13 13:59:10 - [TEST_STEP][PASSED] - Statement - counter = counter + 1: null

2018-12-13 13:59:10 - [TEST_STEP][PASSED] - Statement - PreSaveFile = new java.io.File(((pathPrefix + java.lang.Integer.toString(counter)) + .png)): null

2018-12-13 13:59:10 - [TEST_STEP][PASSED] - Statement - counter = counter + 1: null

2018-12-13 13:59:10 - [TEST_STEP][PASSED] - Statement - PreSaveFile = new java.io.File(((pathPrefix + java.lang.Integer.toString(counter)) + .png)): null

2018-12-13 13:59:10 - [TEST_STEP][PASSED] - Statement - counter = counter + 1: null

2018-12-13 13:59:10 - [TEST_STEP][PASSED] - Statement - PreSaveFile = new java.io.File(((pathPrefix + java.lang.Integer.toString(counter)) + .png)): null

2018-12-13 13:59:10 - [TEST_STEP][PASSED] - Statement - counter = counter + 1: null

2018-12-13 13:59:10 - [TEST_STEP][PASSED] - Statement - PreSaveFile = new java.io.File(((pathPrefix + java.lang.Integer.toString(counter)) + .png)): null

2018-12-13 13:59:10 - [TEST_STEP][PASSED] - Statement - counter = counter + 1: null

2018-12-13 13:59:10 - [TEST_STEP][PASSED] - Statement - PreSaveFile = new java.io.File(((pathPrefix + java.lang.Integer.toString(counter)) + .png)): null

2018-12-13 13:59:10 - [TEST_STEP][PASSED] - Statement - counter = counter + 1: null

2018-12-13 13:59:10 - [TEST_STEP][PASSED] - Statement - PreSaveFile = new java.io.File(((pathPrefix + java.lang.Integer.toString(counter)) + .png)): null

2018-12-13 13:59:10 - [TEST_STEP][PASSED] - Statement - counter = counter + 1: null

2018-12-13 13:59:10 - [TEST_STEP][PASSED] - Statement - PreSaveFile = new java.io.File(((pathPrefix + java.lang.Integer.toString(counter)) + .png)): null

2018-12-13 13:59:10 - [TEST_STEP][PASSED] - Statement - counter = counter + 1: null

2018-12-13 13:59:10 - [TEST_STEP][PASSED] - Statement - PreSaveFile = new java.io.File(((pathPrefix + java.lang.Integer.toString(counter)) + .png)): null

2018-12-13 13:59:10 - [TEST_STEP][PASSED] - Statement - counter = counter + 1: null

2018-12-13 13:59:10 - [TEST_STEP][PASSED] - Statement - PreSaveFile = new java.io.File(((pathPrefix + java.lang.Integer.toString(counter)) + .png)): null

2018-12-13 13:59:10 - [TEST_STEP][PASSED] - Statement - counter = counter + 1: null

2018-12-13 13:59:10 - [TEST_STEP][PASSED] - Statement - PreSaveFile = new java.io.File(((pathPrefix + java.lang.Integer.toString(counter)) + .png)): null

2018-12-13 13:59:10 - [TEST_STEP][PASSED] - Statement - counter = counter + 1: null

2018-12-13 13:59:10 - [TEST_STEP][PASSED] - Statement - PreSaveFile = new java.io.File(((pathPrefix + java.lang.Integer.toString(counter)) + .png)): null

2018-12-13 13:59:10 - [TEST_STEP][PASSED] - Statement - counter = counter + 1: null

2018-12-13 13:59:10 - [TEST_STEP][PASSED] - Statement - PreSaveFile = new java.io.File(((pathPrefix + java.lang.Integer.toString(counter)) + .png)): null

2018-12-13 13:59:10 - [TEST_STEP][PASSED] - Statement - counter = counter + 1: null

2018-12-13 13:59:10 - [TEST_STEP][PASSED] - Statement - PreSaveFile = new java.io.File(((pathPrefix + java.lang.Integer.toString(counter)) + .png)): null

2018-12-13 13:59:10 - [TEST_STEP][PASSED] - Statement - counter = counter + 1: null

2018-12-13 13:59:10 - [TEST_STEP][PASSED] - Statement - PreSaveFile = new java.io.File(((pathPrefix + java.lang.Integer.toString(counter)) + .png)): null

2018-12-13 13:59:10 - [TEST_STEP][PASSED] - Statement - counter = counter + 1: null

2018-12-13 13:59:10 - [TEST_STEP][PASSED] - Statement - PreSaveFile = new java.io.File(((pathPrefix + java.lang.Integer.toString(counter)) + .png)): null

2018-12-13 13:59:10 - [TEST_STEP][PASSED] - Statement - counter = counter + 1: null

2018-12-13 13:59:10 - [TEST_STEP][PASSED] - Statement - PreSaveFile = new java.io.File(((pathPrefix + java.lang.Integer.toString(counter)) + .png)): null

2018-12-13 13:59:10 - [TEST_STEP][PASSED] - Statement - counter = counter + 1: null

2018-12-13 13:59:10 - [TEST_STEP][PASSED] - Statement - PreSaveFile = new java.io.File(((pathPrefix + java.lang.Integer.toString(counter)) + .png)): null

2018-12-13 13:59:10 - [TEST_STEP][PASSED] - Statement - counter = counter + 1: null

2018-12-13 13:59:10 - [TEST_STEP][PASSED] - Statement - PreSaveFile = new java.io.File(((pathPrefix + java.lang.Integer.toString(counter)) + .png)): null

2018-12-13 13:59:10 - [TEST_STEP][PASSED] - Statement - counter = counter + 1: null

2018-12-13 13:59:10 - [TEST_STEP][PASSED] - Statement - PreSaveFile = new java.io.File(((pathPrefix + java.lang.Integer.toString(counter)) + .png)): null

2018-12-13 13:59:10 - [TEST_STEP][PASSED] - Statement - counter = counter + 1: null

2018-12-13 13:59:10 - [TEST_STEP][PASSED] - Statement - PreSaveFile = new java.io.File(((pathPrefix + java.lang.Integer.toString(counter)) + .png)): null

2018-12-13 13:59:10 - [TEST_STEP][PASSED] - Statement - counter = counter + 1: null

2018-12-13 13:59:10 - [TEST_STEP][PASSED] - Statement - PreSaveFile = new java.io.File(((pathPrefix + java.lang.Integer.toString(counter)) + .png)): null

2018-12-13 13:59:10 - [TEST_STEP][PASSED] - Statement - counter = counter + 1: null

2018-12-13 13:59:10 - [TEST_STEP][PASSED] - Statement - PreSaveFile = new java.io.File(((pathPrefix + java.lang.Integer.toString(counter)) + .png)): null

2018-12-13 13:59:10 - [TEST_STEP][PASSED] - Statement - counter = counter + 1: null

2018-12-13 13:59:10 - [TEST_STEP][PASSED] - Statement - PreSaveFile = new java.io.File(((pathPrefix + java.lang.Integer.toString(counter)) + .png)): null

2018-12-13 13:59:10 - [TEST_STEP][PASSED] - Statement - counter = counter + 1: null

2018-12-13 13:59:10 - [TEST_STEP][PASSED] - Statement - PreSaveFile = new java.io.File(((pathPrefix + java.lang.Integer.toString(counter)) + .png)): null

2018-12-13 13:59:10 - [TEST_STEP][PASSED] - Statement - counter = counter + 1: null

2018-12-13 13:59:10 - [TEST_STEP][PASSED] - Statement - PreSaveFile = new java.io.File(((pathPrefix + java.lang.Integer.toString(counter)) + .png)): null

2018-12-13 13:59:10 - [TEST_STEP][PASSED] - Statement - counter = counter + 1: null

2018-12-13 13:59:10 - [TEST_STEP][PASSED] - Statement - PreSaveFile = new java.io.File(((pathPrefix + java.lang.Integer.toString(counter)) + .png)): null

2018-12-13 13:59:10 - [TEST_STEP][PASSED] - Statement - counter = counter + 1: null

2018-12-13 13:59:10 - [TEST_STEP][PASSED] - Statement - PreSaveFile = new java.io.File(((pathPrefix + java.lang.Integer.toString(counter)) + .png)): null

2018-12-13 13:59:10 - [TEST_STEP][PASSED] - Statement - counter = counter + 1: null

2018-12-13 13:59:10 - [TEST_STEP][PASSED] - Statement - PreSaveFile = new java.io.File(((pathPrefix + java.lang.Integer.toString(counter)) + .png)): null

2018-12-13 13:59:10 - [TEST_STEP][PASSED] - Statement - counter = counter + 1: null

2018-12-13 13:59:10 - [TEST_STEP][PASSED] - Statement - PreSaveFile = new java.io.File(((pathPrefix + java.lang.Integer.toString(counter)) + .png)): null

2018-12-13 13:59:10 - [TEST_STEP][PASSED] - Statement - counter = counter + 1: null

2018-12-13 13:59:10 - [TEST_STEP][PASSED] - Statement - PreSaveFile = new java.io.File(((pathPrefix + java.lang.Integer.toString(counter)) + .png)): null

2018-12-13 13:59:10 - [TEST_STEP][PASSED] - Statement - counter = counter + 1: null

2018-12-13 13:59:10 - [TEST_STEP][PASSED] - Statement - PreSaveFile = new java.io.File(((pathPrefix + java.lang.Integer.toString(counter)) + .png)): null

2018-12-13 13:59:10 - [TEST_STEP][PASSED] - Statement - counter = counter + 1: null

2018-12-13 13:59:10 - [TEST_STEP][PASSED] - Statement - PreSaveFile = new java.io.File(((pathPrefix + java.lang.Integer.toString(counter)) + .png)): null

2018-12-13 13:59:10 - [TEST_STEP][PASSED] - Statement - counter = counter + 1: null

2018-12-13 13:59:10 - [TEST_STEP][PASSED] - Statement - PreSaveFile = new java.io.File(((pathPrefix + java.lang.Integer.toString(counter)) + .png)): null

2018-12-13 13:59:10 - [TEST_STEP][PASSED] - Statement - counter = counter + 1: null

2018-12-13 13:59:10 - [TEST_STEP][PASSED] - Statement - PreSaveFile = new java.io.File(((pathPrefix + java.lang.Integer.toString(counter)) + .png)): null

2018-12-13 13:59:10 - [TEST_STEP][PASSED] - Statement - counter = counter + 1: null

2018-12-13 13:59:10 - [TEST_STEP][PASSED] - Statement - PreSaveFile = new java.io.File(((pathPrefix + java.lang.Integer.toString(counter)) + .png)): null

2018-12-13 13:59:10 - [TEST_STEP][PASSED] - Statement - counter = counter + 1: null

2018-12-13 13:59:10 - [TEST_STEP][PASSED] - Statement - PreSaveFile = new java.io.File(((pathPrefix + java.lang.Integer.toString(counter)) + .png)): null

2018-12-13 13:59:10 - [TEST_STEP][PASSED] - Statement - counter = counter + 1: null

2018-12-13 13:59:10 - [TEST_STEP][PASSED] - Statement - PreSaveFile = new java.io.File(((pathPrefix + java.lang.Integer.toString(counter)) + .png)): null

2018-12-13 13:59:10 - [TEST_STEP][PASSED] - Statement - counter = counter + 1: null

2018-12-13 13:59:10 - [TEST_STEP][PASSED] - Statement - PreSaveFile = new java.io.File(((pathPrefix + java.lang.Integer.toString(counter)) + .png)): null

2018-12-13 13:59:10 - [TEST_STEP][PASSED] - Statement - counter = counter + 1: null

2018-12-13 13:59:10 - [TEST_STEP][PASSED] - Statement - PreSaveFile = new java.io.File(((pathPrefix + java.lang.Integer.toString(counter)) + .png)): null

2018-12-13 13:59:10 - [TEST_STEP][PASSED] - Statement - counter = counter + 1: null

2018-12-13 13:59:10 - [TEST_STEP][PASSED] - Statement - PreSaveFile = new java.io.File(((pathPrefix + java.lang.Integer.toString(counter)) + .png)): null

2018-12-13 13:59:10 - [TEST_STEP][PASSED] - Statement - counter = counter + 1: null

2018-12-13 13:59:10 - [TEST_STEP][PASSED] - Statement - PreSaveFile = new java.io.File(((pathPrefix + java.lang.Integer.toString(counter)) + .png)): null

2018-12-13 13:59:10 - [TEST_STEP][PASSED] - Statement - counter = counter + 1: null

2018-12-13 13:59:10 - [TEST_STEP][PASSED] - Statement - PreSaveFile = new java.io.File(((pathPrefix + java.lang.Integer.toString(counter)) + .png)): null

2018-12-13 13:59:10 - [TEST_STEP][PASSED] - Statement - counter = counter + 1: null

2018-12-13 13:59:10 - [TEST_STEP][PASSED] - Statement - PreSaveFile = new java.io.File(((pathPrefix + java.lang.Integer.toString(counter)) + .png)): null

2018-12-13 13:59:10 - [TEST_STEP][PASSED] - Statement - counter = counter + 1: null

2018-12-13 13:59:10 - [TEST_STEP][PASSED] - Statement - PreSaveFile = new java.io.File(((pathPrefix + java.lang.Integer.toString(counter)) + .png)): null

2018-12-13 13:59:10 - [TEST_STEP][PASSED] - Statement - counter = counter + 1: null

2018-12-13 13:59:10 - [TEST_STEP][PASSED] - Statement - PreSaveFile = new java.io.File(((pathPrefix + java.lang.Integer.toString(counter)) + .png)): null

2018-12-13 13:59:10 - [TEST_STEP][PASSED] - Statement - counter = counter + 1: null

2018-12-13 13:59:10 - [TEST_STEP][PASSED] - Statement - PreSaveFile = new java.io.File(((pathPrefix + java.lang.Integer.toString(counter)) + .png)): null

2018-12-13 13:59:10 - [TEST_STEP][PASSED] - Statement - counter = counter + 1: null

2018-12-13 13:59:10 - [TEST_STEP][PASSED] - Statement - PreSaveFile = new java.io.File(((pathPrefix + java.lang.Integer.toString(counter)) + .png)): null

2018-12-13 13:59:10 - [TEST_STEP][PASSED] - Statement - counter = counter + 1: null

2018-12-13 13:59:10 - [TEST_STEP][PASSED] - Statement - PreSaveFile = new java.io.File(((pathPrefix + java.lang.Integer.toString(counter)) + .png)): null

2018-12-13 13:59:10 - [TEST_STEP][PASSED] - Statement - counter = counter + 1: null

2018-12-13 13:59:10 - [TEST_STEP][PASSED] - Statement - PreSaveFile = new java.io.File(((pathPrefix + java.lang.Integer.toString(counter)) + .png)): null

2018-12-13 13:59:10 - [TEST_STEP][PASSED] - Statement - counter = counter + 1: null

2018-12-13 13:59:10 - [TEST_STEP][PASSED] - Statement - PreSaveFile = new java.io.File(((pathPrefix + java.lang.Integer.toString(counter)) + .png)): null

2018-12-13 13:59:10 - [TEST_STEP][PASSED] - Statement - counter = counter + 1: null

2018-12-13 13:59:10 - [TEST_STEP][PASSED] - Statement - PreSaveFile = new java.io.File(((pathPrefix + java.lang.Integer.toString(counter)) + .png)): null

2018-12-13 13:59:10 - [TEST_STEP][PASSED] - Statement - counter = counter + 1: null

2018-12-13 13:59:10 - [TEST_STEP][PASSED] - Statement - PreSaveFile = new java.io.File(((pathPrefix + java.lang.Integer.toString(counter)) + .png)): null

2018-12-13 13:59:10 - [TEST_STEP][PASSED] - Statement - counter = counter + 1: null

2018-12-13 13:59:10 - [TEST_STEP][PASSED] - Statement - PreSaveFile = new java.io.File(((pathPrefix + java.lang.Integer.toString(counter)) + .png)): null

2018-12-13 13:59:10 - [TEST_STEP][PASSED] - Statement - counter = counter + 1: null

2018-12-13 13:59:10 - [TEST_STEP][PASSED] - Statement - PreSaveFile = new java.io.File(((pathPrefix + java.lang.Integer.toString(counter)) + .png)): null

2018-12-13 13:59:10 - [TEST_STEP][PASSED] - Statement - counter = counter + 1: null

2018-12-13 13:59:10 - [TEST_STEP][PASSED] - Statement - PreSaveFile = new java.io.File(((pathPrefix + java.lang.Integer.toString(counter)) + .png)): null

2018-12-13 13:59:10 - [TEST_STEP][PASSED] - Statement - counter = counter + 1: null

2018-12-13 13:59:10 - [TEST_STEP][PASSED] - Statement - PreSaveFile = new java.io.File(((pathPrefix + java.lang.Integer.toString(counter)) + .png)): null

2018-12-13 13:59:10 - [TEST_STEP][PASSED] - Statement - counter = counter + 1: null

2018-12-13 13:59:10 - [TEST_STEP][PASSED] - Statement - PreSaveFile = new java.io.File(((pathPrefix + java.lang.Integer.toString(counter)) + .png)): null

2018-12-13 13:59:10 - [TEST_STEP][PASSED] - Statement - counter = counter + 1: null

2018-12-13 13:59:10 - [TEST_STEP][PASSED] - Statement - PreSaveFile = new java.io.File(((pathPrefix + java.lang.Integer.toString(counter)) + .png)): null

2018-12-13 13:59:10 - [TEST_STEP][PASSED] - Statement - counter = counter + 1: null

2018-12-13 13:59:10 - [TEST_STEP][PASSED] - Statement - PreSaveFile = new java.io.File(((pathPrefix + java.lang.Integer.toString(counter)) + .png)): null

2018-12-13 13:59:10 - [TEST_STEP][PASSED] - Statement - counter = counter + 1: null

2018-12-13 13:59:10 - [TEST_STEP][PASSED] - Statement - PreSaveFile = new java.io.File(((pathPrefix + java.lang.Integer.toString(counter)) + .png)): null

2018-12-13 13:59:10 - [TEST_STEP][PASSED] - Statement - counter = counter + 1: null

2018-12-13 13:59:10 - [TEST_STEP][PASSED] - Statement - PreSaveFile = new java.io.File(((pathPrefix + java.lang.Integer.toString(counter)) + .png)): null

2018-12-13 13:59:10 - [TEST_STEP][PASSED] - Statement - counter = counter + 1: null

2018-12-13 13:59:10 - [TEST_STEP][PASSED] - Statement - PreSaveFile = new java.io.File(((pathPrefix + java.lang.Integer.toString(counter)) + .png)): null

2018-12-13 13:59:10 - [TEST_STEP][PASSED] - Statement - counter = counter + 1: null

2018-12-13 13:59:10 - [TEST_STEP][PASSED] - Statement - PreSaveFile = new java.io.File(((pathPrefix + java.lang.Integer.toString(counter)) + .png)): null

2018-12-13 13:59:10 - [TEST_STEP][PASSED] - Statement - counter = counter + 1: null

2018-12-13 13:59:10 - [TEST_STEP][PASSED] - Statement - PreSaveFile = new java.io.File(((pathPrefix + java.lang.Integer.toString(counter)) + .png)): null

2018-12-13 13:59:10 - [TEST_STEP][PASSED] - Statement - counter = counter + 1: null

2018-12-13 13:59:10 - [TEST_STEP][PASSED] - Statement - PreSaveFile = new java.io.File(((pathPrefix + java.lang.Integer.toString(counter)) + .png)): null

2018-12-13 13:59:10 - [TEST_STEP][PASSED] - Statement - counter = counter + 1: null

2018-12-13 13:59:10 - [TEST_STEP][PASSED] - Statement - PreSaveFile = new java.io.File(((pathPrefix + java.lang.Integer.toString(counter)) + .png)): null

2018-12-13 13:59:10 - [TEST_STEP][PASSED] - Statement - counter = counter + 1: null

2018-12-13 13:59:10 - [TEST_STEP][PASSED] - Statement - PreSaveFile = new java.io.File(((pathPrefix + java.lang.Integer.toString(counter)) + .png)): null

2018-12-13 13:59:10 - [TEST_STEP][PASSED] - Statement - counter = counter + 1: null

2018-12-13 13:59:10 - [TEST_STEP][PASSED] - Statement - PreSaveFile = new java.io.File(((pathPrefix + java.lang.Integer.toString(counter)) + .png)): null

2018-12-13 13:59:10 - [TEST_STEP][PASSED] - Statement - counter = counter + 1: null

2018-12-13 13:59:10 - [TEST_STEP][PASSED] - Statement - PreSaveFile = new java.io.File(((pathPrefix + java.lang.Integer.toString(counter)) + .png)): null

2018-12-13 13:59:10 - [TEST_STEP][PASSED] - Statement - counter = counter + 1: null

2018-12-13 13:59:10 - [TEST_STEP][PASSED] - Statement - PreSaveFile = new java.io.File(((pathPrefix + java.lang.Integer.toString(counter)) + .png)): null

2018-12-13 13:59:10 - [TEST_STEP][PASSED] - Statement - counter = counter + 1: null

2018-12-13 13:59:10 - [TEST_STEP][PASSED] - Statement - PreSaveFile = new java.io.File(((pathPrefix + java.lang.Integer.toString(counter)) + .png)): null

2018-12-13 13:59:10 - [TEST_STEP][PASSED] - Statement - counter = counter + 1: null

2018-12-13 13:59:10 - [TEST_STEP][PASSED] - Statement - PreSaveFile = new java.io.File(((pathPrefix + java.lang.Integer.toString(counter)) + .png)): null

2018-12-13 13:59:10 - [TEST_STEP][PASSED] - Statement - counter = counter + 1: null

2018-12-13 13:59:10 - [TEST_STEP][PASSED] - Statement - PreSaveFile = new java.io.File(((pathPrefix + java.lang.Integer.toString(counter)) + .png)): null

2018-12-13 13:59:10 - [TEST_STEP][PASSED] - Statement - counter = counter + 1: null

2018-12-13 13:59:10 - [TEST_STEP][PASSED] - Statement - PreSaveFile = new java.io.File(((pathPrefix + java.lang.Integer.toString(counter)) + .png)): null

2018-12-13 13:59:10 - [TEST_STEP][PASSED] - Statement - counter = counter + 1: null

2018-12-13 13:59:10 - [TEST_STEP][PASSED] - Statement - PreSaveFile = new java.io.File(((pathPrefix + java.lang.Integer.toString(counter)) + .png)): null

2018-12-13 13:59:10 - [TEST_STEP][PASSED] - Statement - counter = counter + 1: null

2018-12-13 13:59:10 - [TEST_STEP][PASSED] - Statement - PreSaveFile = new java.io.File(((pathPrefix + java.lang.Integer.toString(counter)) + .png)): null

2018-12-13 13:59:10 - [TEST_STEP][PASSED] - Statement - counter = counter + 1: null

2018-12-13 13:59:10 - [TEST_STEP][PASSED] - Statement - PreSaveFile = new java.io.File(((pathPrefix + java.lang.Integer.toString(counter)) + .png)): null

2018-12-13 13:59:10 - [TEST_STEP][PASSED] - Statement - counter = counter + 1: null

2018-12-13 13:59:10 - [TEST_STEP][PASSED] - Statement - PreSaveFile = new java.io.File(((pathPrefix + java.lang.Integer.toString(counter)) + .png)): null

2018-12-13 13:59:10 - [TEST_STEP][PASSED] - Statement - counter = counter + 1: null

2018-12-13 13:59:10 - [TEST_STEP][PASSED] - Statement - PreSaveFile = new java.io.File(((pathPrefix + java.lang.Integer.toString(counter)) + .png)): null

2018-12-13 13:59:10 - [TEST_STEP][PASSED] - Statement - counter = counter + 1: null

2018-12-13 13:59:10 - [TEST_STEP][PASSED] - Statement - PreSaveFile = new java.io.File(((pathPrefix + java.lang.Integer.toString(counter)) + .png)): null

2018-12-13 13:59:10 - [TEST_STEP][PASSED] - Statement - counter = counter + 1: null

2018-12-13 13:59:10 - [TEST_STEP][PASSED] - Statement - PreSaveFile = new java.io.File(((pathPrefix + java.lang.Integer.toString(counter)) + .png)): null

2018-12-13 13:59:10 - [TEST_STEP][PASSED] - Statement - counter = counter + 1: null

2018-12-13 13:59:10 - [TEST_STEP][PASSED] - Statement - PreSaveFile = new java.io.File(((pathPrefix + java.lang.Integer.toString(counter)) + .png)): null

2018-12-13 13:59:10 - [TEST_STEP][PASSED] - Statement - counter = counter + 1: null

2018-12-13 13:59:10 - [TEST_STEP][PASSED] - Statement - PreSaveFile = new java.io.File(((pathPrefix + java.lang.Integer.toString(counter)) + .png)): null

2018-12-13 13:59:10 - [TEST_STEP][PASSED] - Statement - counter = counter + 1: null

2018-12-13 13:59:10 - [TEST_STEP][PASSED] - Statement - PreSaveFile = new java.io.File(((pathPrefix + java.lang.Integer.toString(counter)) + .png)): null

2018-12-13 13:59:10 - [TEST_STEP][PASSED] - Statement - counter = counter + 1: null

2018-12-13 13:59:10 - [TEST_STEP][PASSED] - Statement - PreSaveFile = new java.io.File(((pathPrefix + java.lang.Integer.toString(counter)) + .png)): null

2018-12-13 13:59:10 - [TEST_STEP][PASSED] - Statement - counter = counter + 1: null

2018-12-13 13:59:10 - [TEST_STEP][PASSED] - Statement - PreSaveFile = new java.io.File(((pathPrefix + java.lang.Integer.toString(counter)) + .png)): null

2018-12-13 13:59:10 - [TEST_STEP][PASSED] - Statement - counter = counter + 1: null

2018-12-13 13:59:10 - [TEST_STEP][PASSED] - Statement - PreSaveFile = new java.io.File(((pathPrefix + java.lang.Integer.toString(counter)) + .png)): null

2018-12-13 13:59:10 - [TEST_STEP][PASSED] - Statement - counter = counter + 1: null

2018-12-13 13:59:10 - [TEST_STEP][PASSED] - Statement - PreSaveFile = new java.io.File(((pathPrefix + java.lang.Integer.toString(counter)) + .png)): null

2018-12-13 13:59:10 - [TEST_STEP][PASSED] - Statement - counter = counter + 1: null

2018-12-13 13:59:10 - [TEST_STEP][PASSED] - Statement - PreSaveFile = new java.io.File(((pathPrefix + java.lang.Integer.toString(counter)) + .png)): null

2018-12-13 13:59:10 - [TEST_STEP][PASSED] - Statement - counter = counter + 1: null

2018-12-13 13:59:10 - [TEST_STEP][PASSED] - Statement - PreSaveFile = new java.io.File(((pathPrefix + java.lang.Integer.toString(counter)) + .png)): null

2018-12-13 13:59:10 - [TEST_STEP][PASSED] - Statement - counter = counter + 1: null

2018-12-13 13:59:10 - [TEST_STEP][PASSED] - Statement - PreSaveFile = new java.io.File(((pathPrefix + java.lang.Integer.toString(counter)) + .png)): null

2018-12-13 13:59:10 - [TEST_STEP][PASSED] - Statement - counter = counter + 1: null

2018-12-13 13:59:10 - [TEST_STEP][PASSED] - Statement - PreSaveFile = new java.io.File(((pathPrefix + java.lang.Integer.toString(counter)) + .png)): null

2018-12-13 13:59:10 - [TEST_STEP][PASSED] - Statement - counter = counter + 1: null

2018-12-13 13:59:10 - [TEST_STEP][PASSED] - Statement - PreSaveFile = new java.io.File(((pathPrefix + java.lang.Integer.toString(counter)) + .png)): null

2018-12-13 13:59:10 - [TEST_STEP][PASSED] - Statement - counter = counter + 1: null

2018-12-13 13:59:10 - [TEST_STEP][PASSED] - Statement - PreSaveFile = new java.io.File(((pathPrefix + java.lang.Integer.toString(counter)) + .png)): null

2018-12-13 13:59:10 - [TEST_STEP][PASSED] - Statement - counter = counter + 1: null

2018-12-13 13:59:10 - [TEST_STEP][PASSED] - Statement - PreSaveFile = new java.io.File(((pathPrefix + java.lang.Integer.toString(counter)) + .png)): null

2018-12-13 13:59:10 - [TEST_STEP][PASSED] - Statement - counter = counter + 1: null

2018-12-13 13:59:10 - [TEST_STEP][PASSED] - Statement - PreSaveFile = new java.io.File(((pathPrefix + java.lang.Integer.toString(counter)) + .png)): null

2018-12-13 13:59:10 - [TEST_STEP][PASSED] - Statement - counter = counter + 1: null

2018-12-13 13:59:10 - [TEST_STEP][PASSED] - Statement - PreSaveFile = new java.io.File(((pathPrefix + java.lang.Integer.toString(counter)) + .png)): null

2018-12-13 13:59:10 - [TEST_STEP][PASSED] - Statement - counter = counter + 1: null

2018-12-13 13:59:10 - [TEST_STEP][PASSED] - Statement - PreSaveFile = new java.io.File(((pathPrefix + java.lang.Integer.toString(counter)) + .png)): null

2018-12-13 13:59:10 - [TEST_STEP][PASSED] - Statement - counter = counter + 1: null

2018-12-13 13:59:10 - [TEST_STEP][PASSED] - Statement - PreSaveFile = new java.io.File(((pathPrefix + java.lang.Integer.toString(counter)) + .png)): null

2018-12-13 13:59:10 - [TEST_STEP][PASSED] - Statement - counter = counter + 1: null

2018-12-13 13:59:10 - [TEST_STEP][PASSED] - Statement - PreSaveFile = new java.io.File(((pathPrefix + java.lang.Integer.toString(counter)) + .png)): null

2018-12-13 13:59:10 - [TEST_STEP][PASSED] - Statement - counter = counter + 1: null

2018-12-13 13:59:10 - [TEST_STEP][PASSED] - Statement - PreSaveFile = new java.io.File(((pathPrefix + java.lang.Integer.toString(counter)) + .png)): null

2018-12-13 13:59:10 - [TEST_STEP][PASSED] - Statement - counter = counter + 1: null

2018-12-13 13:59:10 - [TEST_STEP][PASSED] - Statement - PreSaveFile = new java.io.File(((pathPrefix + java.lang.Integer.toString(counter)) + .png)): null

2018-12-13 13:59:10 - [TEST_STEP][PASSED] - Statement - counter = counter + 1: null

2018-12-13 13:59:10 - [TEST_STEP][PASSED] - Statement - PreSaveFile = new java.io.File(((pathPrefix + java.lang.Integer.toString(counter)) + .png)): null

2018-12-13 13:59:10 - [TEST_STEP][PASSED] - Statement - counter = counter + 1: null

2018-12-13 13:59:10 - [TEST_STEP][PASSED] - Statement - PreSaveFile = new java.io.File(((pathPrefix + java.lang.Integer.toString(counter)) + .png)): null

2018-12-13 13:59:10 - [TEST_STEP][PASSED] - Statement - counter = counter + 1: null

2018-12-13 13:59:10 - [TEST_STEP][PASSED] - Statement - PreSaveFile = new java.io.File(((pathPrefix + java.lang.Integer.toString(counter)) + .png)): null

2018-12-13 13:59:10 - [TEST_STEP][PASSED] - Statement - counter = counter + 1: null

2018-12-13 13:59:10 - [TEST_STEP][PASSED] - Statement - PreSaveFile = new java.io.File(((pathPrefix + java.lang.Integer.toString(counter)) + .png)): null

2018-12-13 13:59:10 - [TEST_STEP][PASSED] - Statement - counter = counter + 1: null

2018-12-13 13:59:10 - [TEST_STEP][PASSED] - Statement - PreSaveFile = new java.io.File(((pathPrefix + java.lang.Integer.toString(counter)) + .png)): null

2018-12-13 13:59:10 - [TEST_STEP][PASSED] - Statement - counter = counter + 1: null

2018-12-13 13:59:10 - [TEST_STEP][PASSED] - Statement - PreSaveFile = new java.io.File(((pathPrefix + java.lang.Integer.toString(counter)) + .png)): null

2018-12-13 13:59:10 - [TEST_STEP][PASSED] - Statement - counter = counter + 1: null

2018-12-13 13:59:10 - [TEST_STEP][PASSED] - Statement - PreSaveFile = new java.io.File(((pathPrefix + java.lang.Integer.toString(counter)) + .png)): null

2018-12-13 13:59:10 - [TEST_STEP][PASSED] - Statement - counter = counter + 1: null

2018-12-13 13:59:10 - [TEST_STEP][PASSED] - Statement - PreSaveFile = new java.io.File(((pathPrefix + java.lang.Integer.toString(counter)) + .png)): null

2018-12-13 13:59:10 - [TEST_STEP][PASSED] - Statement - counter = counter + 1: null

2018-12-13 13:59:10 - [TEST_STEP][PASSED] - Statement - PreSaveFile = new java.io.File(((pathPrefix + java.lang.Integer.toString(counter)) + .png)): null

2018-12-13 13:59:10 - [TEST_STEP][PASSED] - Statement - counter = counter + 1: null

2018-12-13 13:59:10 - [TEST_STEP][PASSED] - Statement - PreSaveFile = new java.io.File(((pathPrefix + java.lang.Integer.toString(counter)) + .png)): null

2018-12-13 13:59:10 - [TEST_STEP][PASSED] - Statement - counter = counter + 1: null

2018-12-13 13:59:10 - [TEST_STEP][PASSED] - Statement - PreSaveFile = new java.io.File(((pathPrefix + java.lang.Integer.toString(counter)) + .png)): null

2018-12-13 13:59:10 - [TEST_STEP][PASSED] - Statement - counter = counter + 1: null

2018-12-13 13:59:10 - [TEST_STEP][PASSED] - Statement - PreSaveFile = new java.io.File(((pathPrefix + java.lang.Integer.toString(counter)) + .png)): null

2018-12-13 13:59:10 - [TEST_STEP][PASSED] - Statement - counter = counter + 1: null

2018-12-13 13:59:10 - [TEST_STEP][PASSED] - Statement - PreSaveFile = new java.io.File(((pathPrefix + java.lang.Integer.toString(counter)) + .png)): null

2018-12-13 13:59:10 - [TEST_STEP][PASSED] - Statement - counter = counter + 1: null

2018-12-13 13:59:10 - [TEST_STEP][PASSED] - Statement - PreSaveFile = new java.io.File(((pathPrefix + java.lang.Integer.toString(counter)) + .png)): null

2018-12-13 13:59:10 - [TEST_STEP][PASSED] - Statement - counter = counter + 1: null

2018-12-13 13:59:10 - [TEST_STEP][PASSED] - Statement - PreSaveFile = new java.io.File(((pathPrefix + java.lang.Integer.toString(counter)) + .png)): null

2018-12-13 13:59:10 - [TEST_STEP][PASSED] - Statement - counter = counter + 1: null

2018-12-13 13:59:10 - [TEST_STEP][PASSED] - Statement - PreSaveFile = new java.io.File(((pathPrefix + java.lang.Integer.toString(counter)) + .png)): null

2018-12-13 13:59:10 - [TEST_STEP][PASSED] - Statement - counter = counter + 1: null

2018-12-13 13:59:10 - [TEST_STEP][PASSED] - Statement - PreSaveFile = new java.io.File(((pathPrefix + java.lang.Integer.toString(counter)) + .png)): null

2018-12-13 13:59:10 - [TEST_STEP][PASSED] - Statement - counter = counter + 1: null

2018-12-13 13:59:10 - [TEST_STEP][PASSED] - Statement - PreSaveFile = new java.io.File(((pathPrefix + java.lang.Integer.toString(counter)) + .png)): null

2018-12-13 13:59:10 - [TEST_STEP][PASSED] - Statement - counter = counter + 1: null

2018-12-13 13:59:10 - [TEST_STEP][PASSED] - Statement - PreSaveFile = new java.io.File(((pathPrefix + java.lang.Integer.toString(counter)) + .png)): null

2018-12-13 13:59:10 - [TEST_STEP][PASSED] - Statement - counter = counter + 1: null

2018-12-13 13:59:10 - [TEST_STEP][PASSED] - Statement - PreSaveFile = new java.io.File(((pathPrefix + java.lang.Integer.toString(counter)) + .png)): null

2018-12-13 13:59:10 - [TEST_STEP][PASSED] - Statement - counter = counter + 1: null

2018-12-13 13:59:10 - [TEST_STEP][PASSED] - Statement - PreSaveFile = new java.io.File(((pathPrefix + java.lang.Integer.toString(counter)) + .png)): null

2018-12-13 13:59:10 - [TEST_STEP][PASSED] - Statement - counter = counter + 1: null

2018-12-13 13:59:10 - [TEST_STEP][PASSED] - Statement - PreSaveFile = new java.io.File(((pathPrefix + java.lang.Integer.toString(counter)) + .png)): null

2018-12-13 13:59:10 - [TEST_STEP][PASSED] - Statement - counter = counter + 1: null

2018-12-13 13:59:10 - [TEST_STEP][PASSED] - Statement - PreSaveFile = new java.io.File(((pathPrefix + java.lang.Integer.toString(counter)) + .png)): null

2018-12-13 13:59:10 - [TEST_STEP][PASSED] - Statement - counter = counter + 1: null

2018-12-13 13:59:10 - [TEST_STEP][PASSED] - Statement - PreSaveFile = new java.io.File(((pathPrefix + java.lang.Integer.toString(counter)) + .png)): null

2018-12-13 13:59:10 - [TEST_STEP][PASSED] - Statement - counter = counter + 1: null

2018-12-13 13:59:10 - [TEST_STEP][PASSED] - Statement - PreSaveFile = new java.io.File(((pathPrefix + java.lang.Integer.toString(counter)) + .png)): null

2018-12-13 13:59:10 - [TEST_STEP][PASSED] - Statement - counter = counter + 1: null

2018-12-13 13:59:10 - [TEST_STEP][PASSED] - Statement - PreSaveFile = new java.io.File(((pathPrefix + java.lang.Integer.toString(counter)) + .png)): null

2018-12-13 13:59:10 - [TEST_STEP][PASSED] - Statement - counter = counter + 1: null

2018-12-13 13:59:10 - [TEST_STEP][PASSED] - Statement - PreSaveFile = new java.io.File(((pathPrefix + java.lang.Integer.toString(counter)) + .png)): null

2018-12-13 13:59:10 - [TEST_STEP][PASSED] - Statement - counter = counter + 1: null

2018-12-13 13:59:10 - [TEST_STEP][PASSED] - Statement - PreSaveFile = new java.io.File(((pathPrefix + java.lang.Integer.toString(counter)) + .png)): null

2018-12-13 13:59:10 - [TEST_STEP][PASSED] - Statement - counter = counter + 1: null

2018-12-13 13:59:10 - [TEST_STEP][PASSED] - Statement - PreSaveFile = new java.io.File(((pathPrefix + java.lang.Integer.toString(counter)) + .png)): null

2018-12-13 13:59:10 - [TEST_STEP][PASSED] - Statement - counter = counter + 1: null

2018-12-13 13:59:10 - [TEST_STEP][PASSED] - Statement - PreSaveFile = new java.io.File(((pathPrefix + java.lang.Integer.toString(counter)) + .png)): null

2018-12-13 13:59:10 - [TEST_STEP][PASSED] - Statement - counter = counter + 1: null

2018-12-13 13:59:10 - [TEST_STEP][PASSED] - Statement - PreSaveFile = new java.io.File(((pathPrefix + java.lang.Integer.toString(counter)) + .png)): null

2018-12-13 13:59:10 - [TEST_STEP][PASSED] - Statement - counter = counter + 1: null

2018-12-13 13:59:10 - [TEST_STEP][PASSED] - Statement - PreSaveFile = new java.io.File(((pathPrefix + java.lang.Integer.toString(counter)) + .png)): null

2018-12-13 13:59:10 - [TEST_STEP][PASSED] - Statement - counter = counter + 1: null

2018-12-13 13:59:10 - [TEST_STEP][PASSED] - Statement - PreSaveFile = new java.io.File(((pathPrefix + java.lang.Integer.toString(counter)) + .png)): null

2018-12-13 13:59:10 - [TEST_STEP][PASSED] - Statement - counter = counter + 1: null

2018-12-13 13:59:10 - [TEST_STEP][PASSED] - Statement - PreSaveFile = new java.io.File(((pathPrefix + java.lang.Integer.toString(counter)) + .png)): null

2018-12-13 13:59:10 - [TEST_STEP][PASSED] - Statement - counter = counter + 1: null

2018-12-13 13:59:10 - [TEST_STEP][PASSED] - Statement - PreSaveFile = new java.io.File(((pathPrefix + java.lang.Integer.toString(counter)) + .png)): null

2018-12-13 13:59:10 - [TEST_STEP][PASSED] - Statement - counter = counter + 1: null

2018-12-13 13:59:10 - [TEST_STEP][PASSED] - Statement - PreSaveFile = new java.io.File(((pathPrefix + java.lang.Integer.toString(counter)) + .png)): null

2018-12-13 13:59:10 - [TEST_STEP][PASSED] - Statement - counter = counter + 1: null

2018-12-13 13:59:10 - [TEST_STEP][PASSED] - Statement - PreSaveFile = new java.io.File(((pathPrefix + java.lang.Integer.toString(counter)) + .png)): null

2018-12-13 13:59:10 - [TEST_STEP][PASSED] - Statement - counter = counter + 1: null

2018-12-13 13:59:10 - [TEST_STEP][PASSED] - Statement - PreSaveFile = new java.io.File(((pathPrefix + java.lang.Integer.toString(counter)) + .png)): null

2018-12-13 13:59:10 - [TEST_STEP][PASSED] - Statement - counter = counter + 1: null

2018-12-13 13:59:10 - [TEST_STEP][PASSED] - Statement - PreSaveFile = new java.io.File(((pathPrefix + java.lang.Integer.toString(counter)) + .png)): null

2018-12-13 13:59:10 - [TEST_STEP][PASSED] - Statement - counter = counter + 1: null

2018-12-13 13:59:10 - [TEST_STEP][PASSED] - Statement - PreSaveFile = new java.io.File(((pathPrefix + java.lang.Integer.toString(counter)) + .png)): null

2018-12-13 13:59:10 - [TEST_STEP][PASSED] - Statement - counter = counter + 1: null

2018-12-13 13:59:10 - [TEST_STEP][PASSED] - Statement - PreSaveFile = new java.io.File(((pathPrefix + java.lang.Integer.toString(counter)) + .png)): null

2018-12-13 13:59:10 - [TEST_STEP][PASSED] - Statement - counter = counter + 1: null

2018-12-13 13:59:10 - [TEST_STEP][PASSED] - Statement - PreSaveFile = new java.io.File(((pathPrefix + java.lang.Integer.toString(counter)) + .png)): null

2018-12-13 13:59:10 - [TEST_STEP][PASSED] - Statement - counter = counter + 1: null

2018-12-13 13:59:10 - [TEST_STEP][PASSED] - Statement - PreSaveFile = new java.io.File(((pathPrefix + java.lang.Integer.toString(counter)) + .png)): null

2018-12-13 13:59:10 - [TEST_STEP][PASSED] - Statement - counter = counter + 1: null

2018-12-13 13:59:10 - [TEST_STEP][PASSED] - Statement - PreSaveFile = new java.io.File(((pathPrefix + java.lang.Integer.toString(counter)) + .png)): null

2018-12-13 13:59:10 - [TEST_STEP][PASSED] - Statement - counter = counter + 1: null

2018-12-13 13:59:10 - [TEST_STEP][PASSED] - Statement - PreSaveFile = new java.io.File(((pathPrefix + java.lang.Integer.toString(counter)) + .png)): null

2018-12-13 13:59:10 - [TEST_STEP][PASSED] - Statement - counter = counter + 1: null

2018-12-13 13:59:10 - [TEST_STEP][PASSED] - Statement - PreSaveFile = new java.io.File(((pathPrefix + java.lang.Integer.toString(counter)) + .png)): null

2018-12-13 13:59:10 - [TEST_STEP][PASSED] - Statement - counter = counter + 1: null

2018-12-13 13:59:10 - [TEST_STEP][PASSED] - Statement - PreSaveFile = new java.io.File(((pathPrefix + java.lang.Integer.toString(counter)) + .png)): null

2018-12-13 13:59:10 - [TEST_STEP][PASSED] - Statement - counter = counter + 1: null

2018-12-13 13:59:10 - [TEST_STEP][PASSED] - Statement - PreSaveFile = new java.io.File(((pathPrefix + java.lang.Integer.toString(counter)) + .png)): null

2018-12-13 13:59:10 - [TEST_STEP][PASSED] - Statement - counter = counter + 1: null

2018-12-13 13:59:10 - [TEST_STEP][PASSED] - Statement - PreSaveFile = new java.io.File(((pathPrefix + java.lang.Integer.toString(counter)) + .png)): null

2018-12-13 13:59:10 - [TEST_STEP][PASSED] - Statement - counter = counter + 1: null

2018-12-13 13:59:10 - [TEST_STEP][PASSED] - Statement - PreSaveFile = new java.io.File(((pathPrefix + java.lang.Integer.toString(counter)) + .png)): null

2018-12-13 13:59:10 - [TEST_STEP][PASSED] - Statement - counter = counter + 1: null

2018-12-13 13:59:10 - [TEST_STEP][PASSED] - Statement - PreSaveFile = new java.io.File(((pathPrefix + java.lang.Integer.toString(counter)) + .png)): null

2018-12-13 13:59:10 - [TEST_STEP][PASSED] - Statement - counter = counter + 1: null

2018-12-13 13:59:10 - [TEST_STEP][PASSED] - Statement - PreSaveFile = new java.io.File(((pathPrefix + java.lang.Integer.toString(counter)) + .png)): null

2018-12-13 13:59:10 - [TEST_STEP][PASSED] - Statement - counter = counter + 1: null

2018-12-13 13:59:10 - [TEST_STEP][PASSED] - Statement - PreSaveFile = new java.io.File(((pathPrefix + java.lang.Integer.toString(counter)) + .png)): null

2018-12-13 13:59:10 - [TEST_STEP][PASSED] - Statement - finalPath = pathPrefix + java.lang.Integer.toString(counter) + ".png": null

2018-12-13 13:59:10 - [TEST_STEP][PASSED] - Statement - SaveFile = new java.io.File(finalPath): null

2018-12-13 13:59:10 - [TEST_STEP][PASSED] - Statement - Try: null

2018-12-13 13:59:10 - [TEST_STEP][PASSED] - Statement - org.apache.commons.io.FileUtils.copyFile(scrFile, SaveFile): null

2018-12-13 13:59:10 - [TEST_STEP][PASSED] - Statement - out.println("file kept"): null

2018-12-13 13:59:10 - [TEST_STEP][PASSED] - delay: Delayed 10 second(s)

2018-12-13 13:59:20 - [MESSAGE][PASSED] - Delayed 10 second(s)

2018-12-13 13:59:20 - [MESSAGE][PASSED] - Call Test Case 'Test Cases/Final Aug 2018 - PKS Automation/Registration Module/New Registration/Submit and Screenshot/Submit Registration and Screenshot' successfully]]></system-out>
         <system-err><![CDATA[]]></system-err>
      </testcase>
      <testcase name="Test Cases/Final Aug 2018 - PKS Automation/Registration Module/Workflow/New Registration/Employer to RO - RO Submit" classname="Test Cases/Final Aug 2018 - PKS Automation/Registration Module/Workflow/New Registration/Employer to RO - RO Submit" status="PASSED">
         <system-out><![CDATA[2018-12-13 13:59:20 - [TEST_CASE][PASSED] - Test Cases/Final Aug 2018 - PKS Automation/Registration Module/Workflow/New Registration/Employer to RO - RO Submit: Test Cases/Final Aug 2018 - PKS Automation/Registration Module/Workflow/New Registration/Employer to RO - RO Submit

2018-12-13 13:59:21 - [TEST_STEP][PASSED] - callTestCase: Call Test Case 'Test Cases/Final Aug 2018 - PKS Automation/Registration Module/Workflow/New Registration/Template/Special Case - Employer - Form 1' successfully

2018-12-13 13:59:21 - [TEST_CASE][PASSED] - Test Cases/Final Aug 2018 - PKS Automation/Registration Module/Workflow/New Registration/Template/Special Case - Employer - Form 1: Test Cases/Final Aug 2018 - PKS Automation/Registration Module/Workflow/New Registration/Template/Special Case - Employer - Form 1

2018-12-13 13:59:21 - [TEST_STEP][PASSED] - callTestCase: Call Test Case 'Test Cases/Final Aug 2018 - PKS Automation/Create Employer Acc/Create Employer Account' successfully

2018-12-13 13:59:21 - [TEST_CASE][PASSED] - Test Cases/Final Aug 2018 - PKS Automation/Create Employer Acc/Create Employer Account: Test Cases/Final Aug 2018 - PKS Automation/Create Employer Acc/Create Employer Account

2018-12-13 13:59:21 - [TEST_STEP][PASSED] - callTestCase: Call Test Case 'Test Cases/Final Aug 2018 - PKS Automation/Create Employer Acc/Template/Register Employer' successfully

2018-12-13 13:59:21 - [TEST_CASE][PASSED] - Test Cases/Final Aug 2018 - PKS Automation/Create Employer Acc/Template/Register Employer: Test Cases/Final Aug 2018 - PKS Automation/Create Employer Acc/Template/Register Employer

2018-12-13 13:59:21 - [TEST_STEP][PASSED] - openBrowser: Browser is opened with url: ''

2018-12-13 13:59:21 - [MESSAGE][WARNING] - A browser is already opened. Closing browser and opening a new one

2018-12-13 13:59:25 - [MESSAGE][PASSED] - Browser is opened with url: ''

2018-12-13 13:59:25 - [TEST_STEP][PASSED] - navigateToUrl: Navigate to 'https://assist2-uat.perkeso.gov.my/login' successfully

2018-12-13 13:59:26 - [MESSAGE][PASSED] - Navigate to 'https://assist2-uat.perkeso.gov.my/login' successfully

2018-12-13 13:59:26 - [TEST_STEP][PASSED] - setText: Text 'johorotc1@gmail.com' is set on object 'Object Repository/Final Object Repo/Login Page/Internal User/Email Address'

2018-12-13 13:59:26 - [MESSAGE][PASSED] - Text 'johorotc1@gmail.com' is set on object 'Object Repository/Final Object Repo/Login Page/Internal User/Email Address'

2018-12-13 13:59:26 - [TEST_STEP][PASSED] - click: Object: 'Object Repository/Final Object Repo/Login Page/Internal User/Next Button' is clicked on

2018-12-13 13:59:26 - [MESSAGE][PASSED] - Object: 'Object Repository/Final Object Repo/Login Page/Internal User/Next Button' is clicked on

2018-12-13 13:59:26 - [TEST_STEP][PASSED] - delay: Delayed 1 second(s)

2018-12-13 13:59:27 - [MESSAGE][PASSED] - Delayed 1 second(s)

2018-12-13 13:59:27 - [TEST_STEP][PASSED] - setEncryptedText: Text ****** has been set on object 'Object Repository/Final Object Repo/Login Page/Internal User/Password'

2018-12-13 13:59:27 - [MESSAGE][PASSED] - Text ****** has been set on object 'Object Repository/Final Object Repo/Login Page/Internal User/Password'

2018-12-13 13:59:27 - [TEST_STEP][PASSED] - click: Object: 'Object Repository/Final Object Repo/Login Page/Internal User/Login Button' is clicked on

2018-12-13 13:59:28 - [MESSAGE][PASSED] - Object: 'Object Repository/Final Object Repo/Login Page/Internal User/Login Button' is clicked on

2018-12-13 13:59:28 - [TEST_STEP][PASSED] - delay: Delayed 1 second(s)

2018-12-13 13:59:29 - [MESSAGE][PASSED] - Delayed 1 second(s)

2018-12-13 13:59:29 - [TEST_STEP][PASSED] - navigateToUrl: Navigate to 'https://assist2-uat.perkeso.gov.my/web/base/portal-id/registration' successfully

2018-12-13 13:59:31 - [MESSAGE][PASSED] - Navigate to 'https://assist2-uat.perkeso.gov.my/web/base/portal-id/registration' successfully

2018-12-13 13:59:31 - [TEST_STEP][PASSED] - setText: Text 'AUTOMATION EMPLOYER' is set on object 'Object Repository/Final Object Repo/Creating Employer Account/Page_Registration - ASSIST (Base)/Employer Name'

2018-12-13 13:59:31 - [MESSAGE][PASSED] - Text 'AUTOMATION EMPLOYER' is set on object 'Object Repository/Final Object Repo/Creating Employer Account/Page_Registration - ASSIST (Base)/Employer Name'

2018-12-13 13:59:31 - [TEST_STEP][PASSED] - delay: Delayed 2 second(s)

2018-12-13 13:59:33 - [MESSAGE][PASSED] - Delayed 2 second(s)

2018-12-13 13:59:33 - [TEST_STEP][PASSED] - click: Object: 'Object Repository/Final Object Repo/Creating Employer Account/Page_Registration - ASSIST (Base)/Registration Type' is clicked on

2018-12-13 13:59:33 - [MESSAGE][PASSED] - Object: 'Object Repository/Final Object Repo/Creating Employer Account/Page_Registration - ASSIST (Base)/Registration Type' is clicked on

2018-12-13 13:59:33 - [TEST_STEP][PASSED] - delay: Delayed 2 second(s)

2018-12-13 13:59:35 - [MESSAGE][PASSED] - Delayed 2 second(s)

2018-12-13 13:59:35 - [TEST_STEP][PASSED] - click: Object: 'Object Repository/Final Object Repo/Creating Employer Account/Page_Registration - ASSIST (Base)/Registration Type - Registration No' is clicked on

2018-12-13 13:59:35 - [MESSAGE][PASSED] - Object: 'Object Repository/Final Object Repo/Creating Employer Account/Page_Registration - ASSIST (Base)/Registration Type - Registration No' is clicked on

2018-12-13 13:59:35 - [TEST_STEP][PASSED] - delay: Delayed 2 second(s)

2018-12-13 13:59:37 - [MESSAGE][PASSED] - Delayed 2 second(s)

2018-12-13 13:59:37 - [TEST_STEP][PASSED] - setText: Text 'AUTOMATE001' is set on object 'Object Repository/Final Object Repo/Creating Employer Account/Page_Registration - ASSIST (Base)/Registration Number'

2018-12-13 13:59:38 - [MESSAGE][PASSED] - Text 'AUTOMATE001' is set on object 'Object Repository/Final Object Repo/Creating Employer Account/Page_Registration - ASSIST (Base)/Registration Number'

2018-12-13 13:59:38 - [TEST_STEP][PASSED] - delay: Delayed 2 second(s)

2018-12-13 13:59:40 - [MESSAGE][PASSED] - Delayed 2 second(s)

2018-12-13 13:59:40 - [TEST_STEP][PASSED] - setText: Text 'ADDRESS 1' is set on object 'Object Repository/Final Object Repo/Creating Employer Account/Page_Registration - ASSIST (Base)/Postal Address 1'

2018-12-13 13:59:40 - [MESSAGE][PASSED] - Text 'ADDRESS 1' is set on object 'Object Repository/Final Object Repo/Creating Employer Account/Page_Registration - ASSIST (Base)/Postal Address 1'

2018-12-13 13:59:40 - [TEST_STEP][PASSED] - setText: Text 'ADDRESS 2' is set on object 'Object Repository/Final Object Repo/Creating Employer Account/Page_Registration - ASSIST (Base)/Postal Address 2'

2018-12-13 13:59:41 - [MESSAGE][PASSED] - Text 'ADDRESS 2' is set on object 'Object Repository/Final Object Repo/Creating Employer Account/Page_Registration - ASSIST (Base)/Postal Address 2'

2018-12-13 13:59:41 - [TEST_STEP][PASSED] - click: Object: 'Object Repository/Final Object Repo/Creating Employer Account/Page_Registration - ASSIST (Base)/State' is clicked on

2018-12-13 13:59:41 - [MESSAGE][PASSED] - Object: 'Object Repository/Final Object Repo/Creating Employer Account/Page_Registration - ASSIST (Base)/State' is clicked on

2018-12-13 13:59:41 - [TEST_STEP][PASSED] - delay: Delayed 2 second(s)

2018-12-13 13:59:43 - [MESSAGE][PASSED] - Delayed 2 second(s)

2018-12-13 13:59:43 - [TEST_STEP][PASSED] - click: Object: 'Object Repository/Final Object Repo/Creating Employer Account/Page_Registration - ASSIST (Base)/State - Johor' is clicked on

2018-12-13 13:59:43 - [MESSAGE][PASSED] - Object: 'Object Repository/Final Object Repo/Creating Employer Account/Page_Registration - ASSIST (Base)/State - Johor' is clicked on

2018-12-13 13:59:43 - [TEST_STEP][PASSED] - delay: Delayed 2 second(s)

2018-12-13 13:59:45 - [MESSAGE][PASSED] - Delayed 2 second(s)

2018-12-13 13:59:45 - [TEST_STEP][PASSED] - click: Object: 'Object Repository/Final Object Repo/Creating Employer Account/Page_Registration - ASSIST (Base)/City' is clicked on

2018-12-13 13:59:45 - [MESSAGE][PASSED] - Object: 'Object Repository/Final Object Repo/Creating Employer Account/Page_Registration - ASSIST (Base)/City' is clicked on

2018-12-13 13:59:45 - [TEST_STEP][PASSED] - delay: Delayed 2 second(s)

2018-12-13 13:59:47 - [MESSAGE][PASSED] - Delayed 2 second(s)

2018-12-13 13:59:47 - [TEST_STEP][PASSED] - setText: Text 'joh' is set on object 'Object Repository/Final Object Repo/Creating Employer Account/Page_Registration - ASSIST (Base)/City - joh'

2018-12-13 13:59:47 - [MESSAGE][PASSED] - Text 'joh' is set on object 'Object Repository/Final Object Repo/Creating Employer Account/Page_Registration - ASSIST (Base)/City - joh'

2018-12-13 13:59:47 - [TEST_STEP][PASSED] - delay: Delayed 2 second(s)

2018-12-13 13:59:49 - [MESSAGE][PASSED] - Delayed 2 second(s)

2018-12-13 13:59:49 - [TEST_STEP][PASSED] - click: Object: 'Object Repository/Final Object Repo/Creating Employer Account/Page_Registration - ASSIST (Base)/City - Johor Bharu' is clicked on

2018-12-13 13:59:49 - [MESSAGE][PASSED] - Object: 'Object Repository/Final Object Repo/Creating Employer Account/Page_Registration - ASSIST (Base)/City - Johor Bharu' is clicked on

2018-12-13 13:59:49 - [TEST_STEP][PASSED] - delay: Delayed 2 second(s)

2018-12-13 13:59:51 - [MESSAGE][PASSED] - Delayed 2 second(s)

2018-12-13 13:59:51 - [TEST_STEP][PASSED] - click: Object: 'Object Repository/Final Object Repo/Creating Employer Account/Page_Registration - ASSIST (Base)/Post Code' is clicked on

2018-12-13 13:59:52 - [MESSAGE][PASSED] - Object: 'Object Repository/Final Object Repo/Creating Employer Account/Page_Registration - ASSIST (Base)/Post Code' is clicked on

2018-12-13 13:59:52 - [TEST_STEP][PASSED] - delay: Delayed 2 second(s)

2018-12-13 13:59:54 - [MESSAGE][PASSED] - Delayed 2 second(s)

2018-12-13 13:59:54 - [TEST_STEP][PASSED] - setText: Text '810' is set on object 'Object Repository/Final Object Repo/Creating Employer Account/Page_Registration - ASSIST (Base)/Post Code - 810'

2018-12-13 13:59:54 - [MESSAGE][PASSED] - Text '810' is set on object 'Object Repository/Final Object Repo/Creating Employer Account/Page_Registration - ASSIST (Base)/Post Code - 810'

2018-12-13 13:59:54 - [TEST_STEP][PASSED] - delay: Delayed 2 second(s)

2018-12-13 13:59:56 - [MESSAGE][PASSED] - Delayed 2 second(s)

2018-12-13 13:59:56 - [TEST_STEP][PASSED] - click: Object: 'Object Repository/Final Object Repo/Creating Employer Account/Page_Registration - ASSIST (Base)/Post Code - 81000' is clicked on

2018-12-13 13:59:56 - [MESSAGE][PASSED] - Object: 'Object Repository/Final Object Repo/Creating Employer Account/Page_Registration - ASSIST (Base)/Post Code - 81000' is clicked on

2018-12-13 13:59:56 - [TEST_STEP][PASSED] - delay: Delayed 2 second(s)

2018-12-13 13:59:58 - [MESSAGE][PASSED] - Delayed 2 second(s)

2018-12-13 13:59:58 - [TEST_STEP][PASSED] - setText: Text 'PERKESO' is set on object 'Object Repository/Final Object Repo/Creating Employer Account/Page_Registration - ASSIST (Base)/Full Name'

2018-12-13 13:59:58 - [MESSAGE][PASSED] - Text 'PERKESO' is set on object 'Object Repository/Final Object Repo/Creating Employer Account/Page_Registration - ASSIST (Base)/Full Name'

2018-12-13 13:59:58 - [TEST_STEP][PASSED] - Statement - rnd = new java.util.Random(): null

2018-12-13 13:59:58 - [TEST_STEP][PASSED] - Statement - snum = rnd.nextInt(899999 + 1) + 100000: null

2018-12-13 13:59:58 - [TEST_STEP][PASSED] - Statement - tnum = rnd.nextInt(899999 + 1) + 100000: null

2018-12-13 13:59:58 - [TEST_STEP][PASSED] - Statement - IC = java.lang.Integer.toString(snum) + java.lang.Integer.toString(tnum): null

2018-12-13 13:59:58 - [TEST_STEP][PASSED] - Statement - out.println(IC): null

2018-12-13 13:59:58 - [TEST_STEP][PASSED] - setText: Text '363465520545' is set on object 'Object Repository/Final Object Repo/Creating Employer Account/Page_Registration - ASSIST (Base)/Identification Number'

2018-12-13 13:59:59 - [MESSAGE][PASSED] - Text '363465520545' is set on object 'Object Repository/Final Object Repo/Creating Employer Account/Page_Registration - ASSIST (Base)/Identification Number'

2018-12-13 13:59:59 - [TEST_STEP][PASSED] - delay: Delayed 2 second(s)

2018-12-13 14:00:01 - [MESSAGE][PASSED] - Delayed 2 second(s)

2018-12-13 14:00:01 - [TEST_STEP][PASSED] - setText: Text '123456789012' is set on object 'Object Repository/Final Object Repo/Creating Employer Account/Page_Registration - ASSIST (Base)/Contact Number'

2018-12-13 14:00:01 - [MESSAGE][PASSED] - Text '123456789012' is set on object 'Object Repository/Final Object Repo/Creating Employer Account/Page_Registration - ASSIST (Base)/Contact Number'

2018-12-13 14:00:01 - [TEST_STEP][PASSED] - Statement - Email = "perkeso" + IC + "@gmail.com": null

2018-12-13 14:00:01 - [TEST_STEP][PASSED] - delay: Delayed 2 second(s)

2018-12-13 14:00:03 - [MESSAGE][PASSED] - Delayed 2 second(s)

2018-12-13 14:00:03 - [TEST_STEP][PASSED] - callTestCase: Call Test Case 'Test Cases/Final Aug 2018 - PKS Automation/Create Employer Acc/Template/Employer Email Settler' successfully

2018-12-13 14:00:03 - [TEST_CASE][PASSED] - Test Cases/Final Aug 2018 - PKS Automation/Create Employer Acc/Template/Employer Email Settler: Test Cases/Final Aug 2018 - PKS Automation/Create Employer Acc/Template/Employer Email Settler

2018-12-13 14:00:03 - [TEST_STEP][PASSED] - Statement - EmpEmailOld = new java.io.File(C://Users//Admin//Desktop//PKS//Automation Reference Point//EmpEmail.txt): null

2018-12-13 14:00:03 - [TEST_STEP][PASSED] - Statement - EmpEmailOld.delete(): null

2018-12-13 14:00:03 - [TEST_STEP][PASSED] - delay: Delayed 5 second(s)

2018-12-13 14:00:08 - [MESSAGE][PASSED] - Delayed 5 second(s)

2018-12-13 14:00:08 - [TEST_STEP][PASSED] - Statement - EmpEmail = new java.io.File(C://Users//Admin//Desktop//PKS//Automation Reference Point//EmpEmail.txt): null

2018-12-13 14:00:08 - [TEST_STEP][PASSED] - Statement - f2 = new java.io.FileWriter(EmpEmail, false): null

2018-12-13 14:00:08 - [TEST_STEP][PASSED] - Statement - f2.write(Email): null

2018-12-13 14:00:08 - [TEST_STEP][PASSED] - Statement - f2.close(): null

2018-12-13 14:00:08 - [TEST_STEP][PASSED] - Statement - out.println(Email): null

2018-12-13 14:00:08 - [MESSAGE][PASSED] - Call Test Case 'Test Cases/Final Aug 2018 - PKS Automation/Create Employer Acc/Template/Employer Email Settler' successfully

2018-12-13 14:00:08 - [TEST_STEP][PASSED] - delay: Delayed 2 second(s)

2018-12-13 14:00:10 - [MESSAGE][PASSED] - Delayed 2 second(s)

2018-12-13 14:00:10 - [TEST_STEP][PASSED] - setText: Text 'perkeso363465520545@gmail.com' is set on object 'Object Repository/Final Object Repo/Creating Employer Account/Page_Registration - ASSIST (Base)/Email'

2018-12-13 14:00:11 - [MESSAGE][PASSED] - Text 'perkeso363465520545@gmail.com' is set on object 'Object Repository/Final Object Repo/Creating Employer Account/Page_Registration - ASSIST (Base)/Email'

2018-12-13 14:00:11 - [TEST_STEP][PASSED] - setText: Text '123' is set on object 'Object Repository/Final Object Repo/Creating Employer Account/Page_Registration - ASSIST (Base)/Security Phase'

2018-12-13 14:00:11 - [MESSAGE][PASSED] - Text '123' is set on object 'Object Repository/Final Object Repo/Creating Employer Account/Page_Registration - ASSIST (Base)/Security Phase'

2018-12-13 14:00:11 - [TEST_STEP][PASSED] - click: Object: 'Object Repository/Final Object Repo/Creating Employer Account/Page_Registration - ASSIST (Base)/Save  Continue' is clicked on

2018-12-13 14:00:11 - [MESSAGE][PASSED] - Object: 'Object Repository/Final Object Repo/Creating Employer Account/Page_Registration - ASSIST (Base)/Save  Continue' is clicked on

2018-12-13 14:00:11 - [TEST_STEP][PASSED] - delay: Delayed 2 second(s)

2018-12-13 14:00:13 - [MESSAGE][PASSED] - Delayed 2 second(s)

2018-12-13 14:00:13 - [TEST_STEP][PASSED] - click: Object: 'Object Repository/Final Object Repo/Creating Employer Account/Page_Registration - ASSIST (Base)/Add Document' is clicked on

2018-12-13 14:00:13 - [MESSAGE][PASSED] - Object: 'Object Repository/Final Object Repo/Creating Employer Account/Page_Registration - ASSIST (Base)/Add Document' is clicked on

2018-12-13 14:00:13 - [TEST_STEP][PASSED] - delay: Delayed 2 second(s)

2018-12-13 14:00:15 - [MESSAGE][PASSED] - Delayed 2 second(s)

2018-12-13 14:00:15 - [TEST_STEP][PASSED] - click: Object: 'Object Repository/Final Object Repo/Creating Employer Account/Page_Registration - ASSIST (Base)/Document Type' is clicked on

2018-12-13 14:00:16 - [MESSAGE][PASSED] - Object: 'Object Repository/Final Object Repo/Creating Employer Account/Page_Registration - ASSIST (Base)/Document Type' is clicked on

2018-12-13 14:00:16 - [TEST_STEP][PASSED] - delay: Delayed 2 second(s)

2018-12-13 14:00:18 - [MESSAGE][PASSED] - Delayed 2 second(s)

2018-12-13 14:00:18 - [TEST_STEP][PASSED] - click: Object: 'Object Repository/Final Object Repo/Creating Employer Account/Page_Registration - ASSIST (Base)/Document Type - Letter of Authorization' is clicked on

2018-12-13 14:00:18 - [MESSAGE][PASSED] - Object: 'Object Repository/Final Object Repo/Creating Employer Account/Page_Registration - ASSIST (Base)/Document Type - Letter of Authorization' is clicked on

2018-12-13 14:00:18 - [TEST_STEP][PASSED] - delay: Delayed 2 second(s)

2018-12-13 14:00:20 - [MESSAGE][PASSED] - Delayed 2 second(s)

2018-12-13 14:00:20 - [TEST_STEP][PASSED] - sendKeys: Keys 'C:\Users\Public\Pictures\Sample Pictures\Koala.jpg' sent to object: 'Object Repository/Final Object Repo/Creating Employer Account/Page_Registration - ASSIST (Base)/Uploading File'

2018-12-13 14:00:20 - [MESSAGE][PASSED] - Keys 'C:\Users\Public\Pictures\Sample Pictures\Koala.jpg' sent to object: 'Object Repository/Final Object Repo/Creating Employer Account/Page_Registration - ASSIST (Base)/Uploading File'

2018-12-13 14:00:20 - [TEST_STEP][PASSED] - delay: Delayed 2 second(s)

2018-12-13 14:00:22 - [MESSAGE][PASSED] - Delayed 2 second(s)

2018-12-13 14:00:22 - [TEST_STEP][PASSED] - click: Object: 'Object Repository/Final Object Repo/Creating Employer Account/Page_Registration - ASSIST (Base)/Add Document in Uploading File' is clicked on

2018-12-13 14:00:22 - [MESSAGE][PASSED] - Object: 'Object Repository/Final Object Repo/Creating Employer Account/Page_Registration - ASSIST (Base)/Add Document in Uploading File' is clicked on

2018-12-13 14:00:22 - [TEST_STEP][PASSED] - delay: Delayed 2 second(s)

2018-12-13 14:00:24 - [MESSAGE][PASSED] - Delayed 2 second(s)

2018-12-13 14:00:24 - [TEST_STEP][PASSED] - click: Object: 'Object Repository/Final Object Repo/Creating Employer Account/Page_Registration - ASSIST (Base)/Save' is clicked on

2018-12-13 14:00:24 - [MESSAGE][PASSED] - Object: 'Object Repository/Final Object Repo/Creating Employer Account/Page_Registration - ASSIST (Base)/Save' is clicked on

2018-12-13 14:00:24 - [TEST_STEP][PASSED] - delay: Delayed 2 second(s)

2018-12-13 14:00:26 - [MESSAGE][PASSED] - Delayed 2 second(s)

2018-12-13 14:00:26 - [TEST_STEP][PASSED] - click: Object: 'Object Repository/Final Object Repo/Creating Employer Account/Page_Registration - ASSIST (Base)/Submit' is clicked on

2018-12-13 14:00:26 - [MESSAGE][PASSED] - Object: 'Object Repository/Final Object Repo/Creating Employer Account/Page_Registration - ASSIST (Base)/Submit' is clicked on

2018-12-13 14:00:26 - [TEST_STEP][PASSED] - delay: Delayed 2 second(s)

2018-12-13 14:00:28 - [MESSAGE][PASSED] - Delayed 2 second(s)

2018-12-13 14:00:28 - [TEST_STEP][PASSED] - click: Object: 'Object Repository/Final Object Repo/Creating Employer Account/Page_Registration - ASSIST (Base)/Confirm' is clicked on

2018-12-13 14:00:29 - [MESSAGE][PASSED] - Object: 'Object Repository/Final Object Repo/Creating Employer Account/Page_Registration - ASSIST (Base)/Confirm' is clicked on

2018-12-13 14:00:29 - [MESSAGE][PASSED] - Call Test Case 'Test Cases/Final Aug 2018 - PKS Automation/Create Employer Acc/Template/Register Employer' successfully

2018-12-13 14:00:29 - [TEST_STEP][PASSED] - delay: Delayed 1 second(s)

2018-12-13 14:00:30 - [MESSAGE][PASSED] - Delayed 1 second(s)

2018-12-13 14:00:30 - [TEST_STEP][PASSED] - navigateToUrl: Navigate to 'https://assist2-uat.perkeso.gov.my/c/portal/logout' successfully

2018-12-13 14:00:31 - [MESSAGE][PASSED] - Navigate to 'https://assist2-uat.perkeso.gov.my/c/portal/logout' successfully

2018-12-13 14:00:31 - [TEST_STEP][PASSED] - delay: Delayed 1 second(s)

2018-12-13 14:00:32 - [MESSAGE][PASSED] - Delayed 1 second(s)

2018-12-13 14:00:32 - [TEST_STEP][PASSED] - callTestCase: Call Test Case 'Test Cases/Final Aug 2018 - PKS Automation/Create Employer Acc/Template/Change Password of Employer' successfully

2018-12-13 14:00:32 - [TEST_CASE][PASSED] - Test Cases/Final Aug 2018 - PKS Automation/Create Employer Acc/Template/Change Password of Employer: Test Cases/Final Aug 2018 - PKS Automation/Create Employer Acc/Template/Change Password of Employer

2018-12-13 14:00:32 - [TEST_STEP][PASSED] - openBrowser: Browser is opened with url: ''

2018-12-13 14:00:32 - [MESSAGE][WARNING] - A browser is already opened. Closing browser and opening a new one

2018-12-13 14:00:36 - [MESSAGE][PASSED] - Browser is opened with url: ''

2018-12-13 14:00:36 - [TEST_STEP][PASSED] - navigateToUrl: Navigate to 'https://assist2-uat.perkeso.gov.my/login' successfully

2018-12-13 14:00:37 - [MESSAGE][PASSED] - Navigate to 'https://assist2-uat.perkeso.gov.my/login' successfully

2018-12-13 14:00:37 - [TEST_STEP][PASSED] - delay: Delayed 5 second(s)

2018-12-13 14:00:42 - [MESSAGE][PASSED] - Delayed 5 second(s)

2018-12-13 14:00:42 - [TEST_STEP][PASSED] - setText: Text 'test@liferay.com' is set on object 'Object Repository/Final Object Repo/Login Page/Internal User/Email Address'

2018-12-13 14:00:43 - [MESSAGE][PASSED] - Text 'test@liferay.com' is set on object 'Object Repository/Final Object Repo/Login Page/Internal User/Email Address'

2018-12-13 14:00:43 - [TEST_STEP][PASSED] - click: Object: 'Object Repository/Final Object Repo/Login Page/Internal User/Next Button' is clicked on

2018-12-13 14:00:43 - [MESSAGE][PASSED] - Object: 'Object Repository/Final Object Repo/Login Page/Internal User/Next Button' is clicked on

2018-12-13 14:00:43 - [TEST_STEP][PASSED] - delay: Delayed 2 second(s)

2018-12-13 14:00:45 - [MESSAGE][PASSED] - Delayed 2 second(s)

2018-12-13 14:00:45 - [TEST_STEP][PASSED] - setText: Text 'test' is set on object 'Object Repository/Final Object Repo/Login Page/Internal User/Password'

2018-12-13 14:00:45 - [MESSAGE][PASSED] - Text 'test' is set on object 'Object Repository/Final Object Repo/Login Page/Internal User/Password'

2018-12-13 14:00:45 - [TEST_STEP][PASSED] - delay: Delayed 2 second(s)

2018-12-13 14:00:47 - [MESSAGE][PASSED] - Delayed 2 second(s)

2018-12-13 14:00:47 - [TEST_STEP][PASSED] - click: Object: 'Object Repository/Final Object Repo/Login Page/Internal User/Login Button' is clicked on

2018-12-13 14:00:47 - [MESSAGE][PASSED] - Object: 'Object Repository/Final Object Repo/Login Page/Internal User/Login Button' is clicked on

2018-12-13 14:00:47 - [TEST_STEP][PASSED] - delay: Delayed 3 second(s)

2018-12-13 14:00:50 - [MESSAGE][PASSED] - Delayed 3 second(s)

2018-12-13 14:00:50 - [TEST_STEP][PASSED] - navigateToUrl: Navigate to 'https://assist2-uat.perkeso.gov.my/group/control_panel/manage?p_p_id=125&p_p_lifecycle=0&p_p_state=maximized&p_p_mode=view&refererPlid=20455&_125_usersListView=flat-users&_125_toolbarItem=view-all-users&_125_saveUsersListView=true&_125_struts_action=%2Fusers_admin%2Fview' successfully

2018-12-13 14:00:52 - [MESSAGE][PASSED] - Navigate to 'https://assist2-uat.perkeso.gov.my/group/control_panel/manage?p_p_id=125&p_p_lifecycle=0&p_p_state=maximized&p_p_mode=view&refererPlid=20455&_125_usersListView=flat-users&_125_toolbarItem=view-all-users&_125_saveUsersListView=true&_125_struts_action=%2Fusers_admin%2Fview' successfully

2018-12-13 14:00:52 - [TEST_STEP][PASSED] - delay: Delayed 3 second(s)

2018-12-13 14:00:55 - [MESSAGE][PASSED] - Delayed 3 second(s)

2018-12-13 14:00:55 - [TEST_STEP][PASSED] - setText: Text 'perkeso363465520545@gmail.com' is set on object 'Object Repository/Final Object Repo/Creating Employer Account/Page_Users and Organizations - ASSIST/Employer name'

2018-12-13 14:00:56 - [MESSAGE][PASSED] - Text 'perkeso363465520545@gmail.com' is set on object 'Object Repository/Final Object Repo/Creating Employer Account/Page_Users and Organizations - ASSIST/Employer name'

2018-12-13 14:00:56 - [TEST_STEP][PASSED] - delay: Delayed 3 second(s)

2018-12-13 14:00:59 - [MESSAGE][PASSED] - Delayed 3 second(s)

2018-12-13 14:00:59 - [TEST_STEP][PASSED] - click: Object: 'Object Repository/Final Object Repo/Creating Employer Account/Page_Users and Organizations - ASSIST/Search' is clicked on

2018-12-13 14:00:59 - [MESSAGE][PASSED] - Object: 'Object Repository/Final Object Repo/Creating Employer Account/Page_Users and Organizations - ASSIST/Search' is clicked on

2018-12-13 14:00:59 - [TEST_STEP][PASSED] - delay: Delayed 3 second(s)

2018-12-13 14:01:02 - [MESSAGE][PASSED] - Delayed 3 second(s)

2018-12-13 14:01:02 - [TEST_STEP][PASSED] - click: Object: 'Object Repository/Final Object Repo/Creating Employer Account/Page_Users and Organizations - ASSIST/Action' is clicked on

2018-12-13 14:01:02 - [MESSAGE][PASSED] - Object: 'Object Repository/Final Object Repo/Creating Employer Account/Page_Users and Organizations - ASSIST/Action' is clicked on

2018-12-13 14:01:02 - [TEST_STEP][PASSED] - delay: Delayed 3 second(s)

2018-12-13 14:01:05 - [MESSAGE][PASSED] - Delayed 3 second(s)

2018-12-13 14:01:05 - [TEST_STEP][PASSED] - click: Object: 'Object Repository/Final Object Repo/Creating Employer Account/Page_Users and Organizations - ASSIST/Edit' is clicked on

2018-12-13 14:01:06 - [MESSAGE][PASSED] - Object: 'Object Repository/Final Object Repo/Creating Employer Account/Page_Users and Organizations - ASSIST/Edit' is clicked on

2018-12-13 14:01:06 - [TEST_STEP][PASSED] - delay: Delayed 3 second(s)

2018-12-13 14:01:09 - [MESSAGE][PASSED] - Delayed 3 second(s)

2018-12-13 14:01:09 - [TEST_STEP][PASSED] - click: Object: 'Object Repository/Final Object Repo/Creating Employer Account/Page_PERKESO - Users and Organizati/a_Password (Modified)' is clicked on

2018-12-13 14:01:09 - [MESSAGE][PASSED] - Object: 'Object Repository/Final Object Repo/Creating Employer Account/Page_PERKESO - Users and Organizati/a_Password (Modified)' is clicked on

2018-12-13 14:01:09 - [TEST_STEP][PASSED] - delay: Delayed 3 second(s)

2018-12-13 14:01:12 - [MESSAGE][PASSED] - Delayed 3 second(s)

2018-12-13 14:01:12 - [TEST_STEP][PASSED] - setEncryptedText: Text ****** has been set on object 'Object Repository/Final Object Repo/Creating Employer Account/Page_PERKESO - Users and Organizati/input__125_password1'

2018-12-13 14:01:12 - [MESSAGE][PASSED] - Text ****** has been set on object 'Object Repository/Final Object Repo/Creating Employer Account/Page_PERKESO - Users and Organizati/input__125_password1'

2018-12-13 14:01:12 - [TEST_STEP][PASSED] - delay: Delayed 3 second(s)

2018-12-13 14:01:15 - [MESSAGE][PASSED] - Delayed 3 second(s)

2018-12-13 14:01:15 - [TEST_STEP][PASSED] - setEncryptedText: Text ****** has been set on object 'Object Repository/Final Object Repo/Creating Employer Account/Page_PERKESO - Users and Organizati/input__125_password2'

2018-12-13 14:01:16 - [MESSAGE][PASSED] - Text ****** has been set on object 'Object Repository/Final Object Repo/Creating Employer Account/Page_PERKESO - Users and Organizati/input__125_password2'

2018-12-13 14:01:16 - [TEST_STEP][PASSED] - delay: Delayed 3 second(s)

2018-12-13 14:01:19 - [MESSAGE][PASSED] - Delayed 3 second(s)

2018-12-13 14:01:19 - [TEST_STEP][PASSED] - click: Object: 'Object Repository/Final Object Repo/Creating Employer Account/Page_PERKESO - Users and Organizati/Save' is clicked on

2018-12-13 14:01:20 - [MESSAGE][PASSED] - Object: 'Object Repository/Final Object Repo/Creating Employer Account/Page_PERKESO - Users and Organizati/Save' is clicked on

2018-12-13 14:01:20 - [MESSAGE][PASSED] - Call Test Case 'Test Cases/Final Aug 2018 - PKS Automation/Create Employer Acc/Template/Change Password of Employer' successfully

2018-12-13 14:01:20 - [TEST_STEP][PASSED] - delay: Delayed 1 second(s)

2018-12-13 14:01:21 - [MESSAGE][PASSED] - Delayed 1 second(s)

2018-12-13 14:01:21 - [TEST_STEP][PASSED] - navigateToUrl: Navigate to 'https://assist2-uat.perkeso.gov.my/c/portal/logout' successfully

2018-12-13 14:01:22 - [MESSAGE][PASSED] - Navigate to 'https://assist2-uat.perkeso.gov.my/c/portal/logout' successfully

2018-12-13 14:01:22 - [TEST_STEP][PASSED] - delay: Delayed 1 second(s)

2018-12-13 14:01:23 - [MESSAGE][PASSED] - Delayed 1 second(s)

2018-12-13 14:01:23 - [TEST_STEP][PASSED] - callTestCase: Call Test Case 'Test Cases/Final Aug 2018 - PKS Automation/Create Employer Acc/Template/Login to Employer Account (First Time)' successfully

2018-12-13 14:01:23 - [TEST_CASE][PASSED] - Test Cases/Final Aug 2018 - PKS Automation/Create Employer Acc/Template/Login to Employer Account (First Time): Test Cases/Final Aug 2018 - PKS Automation/Create Employer Acc/Template/Login to Employer Account (First Time)

2018-12-13 14:01:23 - [TEST_STEP][PASSED] - openBrowser: Browser is opened with url: ''

2018-12-13 14:01:23 - [MESSAGE][WARNING] - A browser is already opened. Closing browser and opening a new one

2018-12-13 14:01:27 - [MESSAGE][PASSED] - Browser is opened with url: ''

2018-12-13 14:01:27 - [TEST_STEP][PASSED] - navigateToUrl: Navigate to 'https://assist2-uat.perkeso.gov.my/employer/login' successfully

2018-12-13 14:01:28 - [MESSAGE][PASSED] - Navigate to 'https://assist2-uat.perkeso.gov.my/employer/login' successfully

2018-12-13 14:01:28 - [TEST_STEP][PASSED] - delay: Delayed 3 second(s)

2018-12-13 14:01:31 - [MESSAGE][PASSED] - Delayed 3 second(s)

2018-12-13 14:01:31 - [TEST_STEP][PASSED] - callTestCase: Call Test Case 'Test Cases/Final Aug 2018 - PKS Automation/Create Employer Acc/Template/Employer Email Getter' successfully

2018-12-13 14:01:31 - [TEST_CASE][PASSED] - Test Cases/Final Aug 2018 - PKS Automation/Create Employer Acc/Template/Employer Email Getter: Test Cases/Final Aug 2018 - PKS Automation/Create Employer Acc/Template/Employer Email Getter

2018-12-13 14:01:31 - [TEST_STEP][PASSED] - Statement - Try: null

2018-12-13 14:01:31 - [TEST_STEP][PASSED] - Statement - EmpEmail = new java.io.File(C://Users//Admin//Desktop//PKS//Automation Reference Point//EmpEmail.txt): null

2018-12-13 14:01:31 - [TEST_STEP][PASSED] - Statement - bufferread = new java.io.BufferedReader(new java.io.FileReader(EmpEmail)): null

2018-12-13 14:01:31 - [TEST_STEP][PASSED] - Statement - readedVal = bufferread.readLine(): null

2018-12-13 14:01:31 - [TEST_STEP][PASSED] - Statement - out.println(readedVal): null

2018-12-13 14:01:31 - [TEST_STEP][PASSED] - Statement - Email = readedVal: null

2018-12-13 14:01:31 - [MESSAGE][PASSED] - Call Test Case 'Test Cases/Final Aug 2018 - PKS Automation/Create Employer Acc/Template/Employer Email Getter' successfully

2018-12-13 14:01:31 - [TEST_STEP][PASSED] - setText: Text 'perkeso363465520545@gmail.com' is set on object 'Object Repository/Final Object Repo/Login Page/External Login Page/Email'

2018-12-13 14:01:32 - [MESSAGE][PASSED] - Text 'perkeso363465520545@gmail.com' is set on object 'Object Repository/Final Object Repo/Login Page/External Login Page/Email'

2018-12-13 14:01:32 - [TEST_STEP][PASSED] - click: Object: 'Object Repository/Final Object Repo/Login Page/External Login Page/Next' is clicked on

2018-12-13 14:01:32 - [MESSAGE][PASSED] - Object: 'Object Repository/Final Object Repo/Login Page/External Login Page/Next' is clicked on

2018-12-13 14:01:32 - [TEST_STEP][PASSED] - delay: Delayed 3 second(s)

2018-12-13 14:01:35 - [MESSAGE][PASSED] - Delayed 3 second(s)

2018-12-13 14:01:35 - [TEST_STEP][PASSED] - setEncryptedText: Text ****** has been set on object 'Object Repository/Final Object Repo/Login Page/External Login Page/Password'

2018-12-13 14:01:35 - [MESSAGE][PASSED] - Text ****** has been set on object 'Object Repository/Final Object Repo/Login Page/External Login Page/Password'

2018-12-13 14:01:35 - [TEST_STEP][PASSED] - click: Object: 'Object Repository/Final Object Repo/Login Page/External Login Page/Login' is clicked on

2018-12-13 14:01:35 - [MESSAGE][PASSED] - Object: 'Object Repository/Final Object Repo/Login Page/External Login Page/Login' is clicked on

2018-12-13 14:01:35 - [TEST_STEP][PASSED] - delay: Delayed 3 second(s)

2018-12-13 14:01:38 - [MESSAGE][PASSED] - Delayed 3 second(s)

2018-12-13 14:01:38 - [TEST_STEP][PASSED] - click: Object: 'Object Repository/Final Object Repo/Creating Employer Account/Page_Terms of Use - ASSIST/button_I Agree' is clicked on

2018-12-13 14:01:39 - [MESSAGE][PASSED] - Object: 'Object Repository/Final Object Repo/Creating Employer Account/Page_Terms of Use - ASSIST/button_I Agree' is clicked on

2018-12-13 14:01:39 - [TEST_STEP][PASSED] - delay: Delayed 2 second(s)

2018-12-13 14:01:41 - [MESSAGE][PASSED] - Delayed 2 second(s)

2018-12-13 14:01:41 - [TEST_STEP][PASSED] - setEncryptedText: Text ****** has been set on object 'Object Repository/Final Object Repo/Creating Employer Account/Page_New Password - ASSIST/input_password1'

2018-12-13 14:01:42 - [MESSAGE][PASSED] - Text ****** has been set on object 'Object Repository/Final Object Repo/Creating Employer Account/Page_New Password - ASSIST/input_password1'

2018-12-13 14:01:42 - [TEST_STEP][PASSED] - setEncryptedText: Text ****** has been set on object 'Object Repository/Final Object Repo/Creating Employer Account/Page_New Password - ASSIST/input_password2'

2018-12-13 14:01:42 - [MESSAGE][PASSED] - Text ****** has been set on object 'Object Repository/Final Object Repo/Creating Employer Account/Page_New Password - ASSIST/input_password2'

2018-12-13 14:01:42 - [TEST_STEP][PASSED] - delay: Delayed 2 second(s)

2018-12-13 14:01:44 - [MESSAGE][PASSED] - Delayed 2 second(s)

2018-12-13 14:01:44 - [TEST_STEP][PASSED] - click: Object: 'Object Repository/Final Object Repo/Creating Employer Account/Page_New Password - ASSIST/Save' is clicked on

2018-12-13 14:01:44 - [MESSAGE][PASSED] - Object: 'Object Repository/Final Object Repo/Creating Employer Account/Page_New Password - ASSIST/Save' is clicked on

2018-12-13 14:01:44 - [TEST_STEP][PASSED] - delay: Delayed 2 second(s)

2018-12-13 14:01:46 - [MESSAGE][PASSED] - Delayed 2 second(s)

2018-12-13 14:01:46 - [TEST_STEP][PASSED] - setText: Text 'test' is set on object 'Object Repository/Final Object Repo/Creating Employer Account/Page_Password Reminder - ASSIST/Reminder Query Answer'

2018-12-13 14:01:46 - [MESSAGE][PASSED] - Text 'test' is set on object 'Object Repository/Final Object Repo/Creating Employer Account/Page_Password Reminder - ASSIST/Reminder Query Answer'

2018-12-13 14:01:46 - [TEST_STEP][PASSED] - delay: Delayed 2 second(s)

2018-12-13 14:01:48 - [MESSAGE][PASSED] - Delayed 2 second(s)

2018-12-13 14:01:48 - [TEST_STEP][PASSED] - doubleClick: Object: 'Object Repository/Final Object Repo/Creating Employer Account/Page_Password Reminder - ASSIST/Save' is double clicked on

2018-12-13 14:01:48 - [MESSAGE][PASSED] - Object: 'Object Repository/Final Object Repo/Creating Employer Account/Page_Password Reminder - ASSIST/Save' is double clicked on

2018-12-13 14:01:48 - [MESSAGE][PASSED] - Call Test Case 'Test Cases/Final Aug 2018 - PKS Automation/Create Employer Acc/Template/Login to Employer Account (First Time)' successfully

2018-12-13 14:01:48 - [MESSAGE][PASSED] - Call Test Case 'Test Cases/Final Aug 2018 - PKS Automation/Create Employer Acc/Create Employer Account' successfully

2018-12-13 14:01:48 - [TEST_STEP][PASSED] - callTestCase: Call Test Case 'Test Cases/Final Aug 2018 - PKS Automation/Registration Module/Log Out/log out avoiding katalon tagging' successfully

2018-12-13 14:01:48 - [TEST_CASE][PASSED] - Test Cases/Final Aug 2018 - PKS Automation/Registration Module/Log Out/log out avoiding katalon tagging: Test Cases/Final Aug 2018 - PKS Automation/Registration Module/Log Out/log out avoiding katalon tagging

2018-12-13 14:01:48 - [TEST_STEP][PASSED] - navigateToUrl: Navigate to 'https://assist2-uat.perkeso.gov.my/c/portal/logout' successfully

2018-12-13 14:01:51 - [MESSAGE][PASSED] - Navigate to 'https://assist2-uat.perkeso.gov.my/c/portal/logout' successfully

2018-12-13 14:01:51 - [MESSAGE][PASSED] - Call Test Case 'Test Cases/Final Aug 2018 - PKS Automation/Registration Module/Log Out/log out avoiding katalon tagging' successfully

2018-12-13 14:01:51 - [TEST_STEP][PASSED] - callTestCase: Call Test Case 'Test Cases/Final Aug 2018 - PKS Automation/Create Employer Acc/Login to Employer Account (Second time)' successfully

2018-12-13 14:01:51 - [TEST_CASE][PASSED] - Test Cases/Final Aug 2018 - PKS Automation/Create Employer Acc/Login to Employer Account (Second time): Test Cases/Final Aug 2018 - PKS Automation/Create Employer Acc/Login to Employer Account (Second time)

2018-12-13 14:01:51 - [TEST_STEP][PASSED] - openBrowser: Browser is opened with url: ''

2018-12-13 14:01:51 - [MESSAGE][WARNING] - A browser is already opened. Closing browser and opening a new one

2018-12-13 14:01:55 - [MESSAGE][PASSED] - Browser is opened with url: ''

2018-12-13 14:01:55 - [TEST_STEP][PASSED] - navigateToUrl: Navigate to 'https://assist2-uat.perkeso.gov.my/employer/login' successfully

2018-12-13 14:01:56 - [MESSAGE][PASSED] - Navigate to 'https://assist2-uat.perkeso.gov.my/employer/login' successfully

2018-12-13 14:01:56 - [TEST_STEP][PASSED] - delay: Delayed 3 second(s)

2018-12-13 14:01:59 - [MESSAGE][PASSED] - Delayed 3 second(s)

2018-12-13 14:01:59 - [TEST_STEP][PASSED] - callTestCase: Call Test Case 'Test Cases/Final Aug 2018 - PKS Automation/Create Employer Acc/Template/Employer Email Getter' successfully

2018-12-13 14:01:59 - [TEST_CASE][PASSED] - Test Cases/Final Aug 2018 - PKS Automation/Create Employer Acc/Template/Employer Email Getter: Test Cases/Final Aug 2018 - PKS Automation/Create Employer Acc/Template/Employer Email Getter

2018-12-13 14:01:59 - [TEST_STEP][PASSED] - Statement - Try: null

2018-12-13 14:01:59 - [TEST_STEP][PASSED] - Statement - EmpEmail = new java.io.File(C://Users//Admin//Desktop//PKS//Automation Reference Point//EmpEmail.txt): null

2018-12-13 14:01:59 - [TEST_STEP][PASSED] - Statement - bufferread = new java.io.BufferedReader(new java.io.FileReader(EmpEmail)): null

2018-12-13 14:01:59 - [TEST_STEP][PASSED] - Statement - readedVal = bufferread.readLine(): null

2018-12-13 14:01:59 - [TEST_STEP][PASSED] - Statement - out.println(readedVal): null

2018-12-13 14:01:59 - [TEST_STEP][PASSED] - Statement - Email = readedVal: null

2018-12-13 14:01:59 - [MESSAGE][PASSED] - Call Test Case 'Test Cases/Final Aug 2018 - PKS Automation/Create Employer Acc/Template/Employer Email Getter' successfully

2018-12-13 14:01:59 - [TEST_STEP][PASSED] - setText: Text 'perkeso363465520545@gmail.com' is set on object 'Object Repository/Final Object Repo/Login Page/External Login Page/Email'

2018-12-13 14:02:00 - [MESSAGE][PASSED] - Text 'perkeso363465520545@gmail.com' is set on object 'Object Repository/Final Object Repo/Login Page/External Login Page/Email'

2018-12-13 14:02:00 - [TEST_STEP][PASSED] - click: Object: 'Object Repository/Final Object Repo/Login Page/External Login Page/Next' is clicked on

2018-12-13 14:02:00 - [MESSAGE][PASSED] - Object: 'Object Repository/Final Object Repo/Login Page/External Login Page/Next' is clicked on

2018-12-13 14:02:00 - [TEST_STEP][PASSED] - delay: Delayed 3 second(s)

2018-12-13 14:02:03 - [MESSAGE][PASSED] - Delayed 3 second(s)

2018-12-13 14:02:03 - [TEST_STEP][PASSED] - setEncryptedText: Text ****** has been set on object 'Object Repository/Final Object Repo/Login Page/External Login Page/Password'

2018-12-13 14:02:03 - [MESSAGE][PASSED] - Text ****** has been set on object 'Object Repository/Final Object Repo/Login Page/External Login Page/Password'

2018-12-13 14:02:03 - [TEST_STEP][PASSED] - click: Object: 'Object Repository/Final Object Repo/Login Page/External Login Page/Login' is clicked on

2018-12-13 14:02:04 - [MESSAGE][PASSED] - Object: 'Object Repository/Final Object Repo/Login Page/External Login Page/Login' is clicked on

2018-12-13 14:02:04 - [TEST_STEP][PASSED] - delay: Delayed 5 second(s)

2018-12-13 14:02:09 - [MESSAGE][PASSED] - Delayed 5 second(s)

2018-12-13 14:02:09 - [MESSAGE][PASSED] - Call Test Case 'Test Cases/Final Aug 2018 - PKS Automation/Create Employer Acc/Login to Employer Account (Second time)' successfully

2018-12-13 14:02:09 - [TEST_STEP][PASSED] - Statement - Try: null

2018-12-13 14:02:09 - [TEST_STEP][PASSED] - Statement - Checker = com.kms.katalon.core.webui.keyword.WebUiBuiltInKeywords.verifyElementNotPresent("Final Object Repo/Landing Page/Select to English", 3): null

2018-12-13 14:02:09 - [TEST_STEP][PASSED] - Statement - Catch (Exception e): null

2018-12-13 14:02:09 - [TEST_STEP][PASSED] - Statement - e.printStackTrace(): null

2018-12-13 14:02:09 - [TEST_STEP][PASSED] - delay: Delayed 5 second(s)

2018-12-13 14:02:14 - [MESSAGE][PASSED] - Delayed 5 second(s)

2018-12-13 14:02:14 - [TEST_STEP][PASSED] - click: Object: 'Object Repository/Final Object Repo/Landing Page/My Sites Drop Down' is clicked on

2018-12-13 14:02:14 - [MESSAGE][PASSED] - Object: 'Object Repository/Final Object Repo/Landing Page/My Sites Drop Down' is clicked on

2018-12-13 14:02:14 - [TEST_STEP][PASSED] - click: Object: 'Object Repository/Final Object Repo/Landing Page/Select to Registration Module' is clicked on

2018-12-13 14:02:16 - [MESSAGE][PASSED] - Object: 'Object Repository/Final Object Repo/Landing Page/Select to Registration Module' is clicked on

2018-12-13 14:02:16 - [TEST_STEP][PASSED] - click: Object: 'Object Repository/Final Object Repo/Landing Page/Registration Button' is clicked on

2018-12-13 14:02:18 - [MESSAGE][PASSED] - Object: 'Object Repository/Final Object Repo/Landing Page/Registration Button' is clicked on

2018-12-13 14:02:18 - [TEST_STEP][PASSED] - delay: Delayed 2 second(s)

2018-12-13 14:02:20 - [MESSAGE][PASSED] - Delayed 2 second(s)

2018-12-13 14:02:20 - [TEST_STEP][PASSED] - click: Object: 'Object Repository/Final Object Repo/New Registration - Registration Module Pages/New Reg - OTC to RO/Special Case - OTC - Form 1/AEC NO' is clicked on

2018-12-13 14:02:20 - [MESSAGE][PASSED] - Object: 'Object Repository/Final Object Repo/New Registration - Registration Module Pages/New Reg - OTC to RO/Special Case - OTC - Form 1/AEC NO' is clicked on

2018-12-13 14:02:20 - [TEST_STEP][PASSED] - click: Object: 'Object Repository/Final Object Repo/New Registration - Registration Module Pages/New Reg - OTC to RO/Special Case - OTC - Form 1/Business Entity - Please Select' is clicked on

2018-12-13 14:02:20 - [MESSAGE][PASSED] - Object: 'Object Repository/Final Object Repo/New Registration - Registration Module Pages/New Reg - OTC to RO/Special Case - OTC - Form 1/Business Entity - Please Select' is clicked on

2018-12-13 14:02:20 - [TEST_STEP][PASSED] - click: Object: 'Object Repository/Final Object Repo/New Registration - Registration Module Pages/New Reg - OTC to RO/Special Case - OTC - Form 1/Selected - Corporation' is clicked on

2018-12-13 14:02:20 - [MESSAGE][PASSED] - Object: 'Object Repository/Final Object Repo/New Registration - Registration Module Pages/New Reg - OTC to RO/Special Case - OTC - Form 1/Selected - Corporation' is clicked on

2018-12-13 14:02:20 - [TEST_STEP][PASSED] - delay: Delayed 2 second(s)

2018-12-13 14:02:22 - [MESSAGE][PASSED] - Delayed 2 second(s)

2018-12-13 14:02:22 - [TEST_STEP][PASSED] - click: Object: 'Object Repository/Final Object Repo/New Registration - Registration Module Pages/New Reg - OTC to RO/Special Case - OTC - Form 1/Sub Business Entity - Please Select' is clicked on

2018-12-13 14:02:22 - [MESSAGE][PASSED] - Object: 'Object Repository/Final Object Repo/New Registration - Registration Module Pages/New Reg - OTC to RO/Special Case - OTC - Form 1/Sub Business Entity - Please Select' is clicked on

2018-12-13 14:02:22 - [TEST_STEP][PASSED] - delay: Delayed 2 second(s)

2018-12-13 14:02:24 - [MESSAGE][PASSED] - Delayed 2 second(s)

2018-12-13 14:02:24 - [TEST_STEP][PASSED] - click: Object: 'Object Repository/Final Object Repo/New Registration - Registration Module Pages/New Reg - OTC to RO/Special Case - OTC - Form 1/Selected - Sendirian Berhad' is clicked on

2018-12-13 14:02:25 - [MESSAGE][PASSED] - Object: 'Object Repository/Final Object Repo/New Registration - Registration Module Pages/New Reg - OTC to RO/Special Case - OTC - Form 1/Selected - Sendirian Berhad' is clicked on

2018-12-13 14:02:25 - [TEST_STEP][PASSED] - setText: Text 'AUTOMATE001' is set on object 'Object Repository/Final Object Repo/New Registration - Registration Module Pages/New Reg - OTC to RO/Special Case - OTC - Form 1/Input BRN Number'

2018-12-13 14:02:25 - [MESSAGE][PASSED] - Text 'AUTOMATE001' is set on object 'Object Repository/Final Object Repo/New Registration - Registration Module Pages/New Reg - OTC to RO/Special Case - OTC - Form 1/Input BRN Number'

2018-12-13 14:02:25 - [TEST_STEP][PASSED] - delay: Delayed 2 second(s)

2018-12-13 14:02:27 - [MESSAGE][PASSED] - Delayed 2 second(s)

2018-12-13 14:02:27 - [TEST_STEP][PASSED] - click: Object: 'Object Repository/Final Object Repo/New Registration - Registration Module Pages/New Reg - OTC to RO/Special Case - OTC - Form 1/BRN Search' is clicked on

2018-12-13 14:02:27 - [MESSAGE][PASSED] - Object: 'Object Repository/Final Object Repo/New Registration - Registration Module Pages/New Reg - OTC to RO/Special Case - OTC - Form 1/BRN Search' is clicked on

2018-12-13 14:02:27 - [TEST_STEP][PASSED] - delay: Delayed 4 second(s)

2018-12-13 14:02:31 - [MESSAGE][PASSED] - Delayed 4 second(s)

2018-12-13 14:02:31 - [TEST_STEP][PASSED] - click: Object: 'Object Repository/Final Object Repo/New Registration - Registration Module Pages/New Reg - OTC to RO/Special Case - OTC - Form 1/Registered with SSM - After Feb 2017' is clicked on

2018-12-13 14:02:31 - [MESSAGE][PASSED] - Object: 'Object Repository/Final Object Repo/New Registration - Registration Module Pages/New Reg - OTC to RO/Special Case - OTC - Form 1/Registered with SSM - After Feb 2017' is clicked on

2018-12-13 14:02:31 - [TEST_STEP][PASSED] - delay: Delayed 2 second(s)

2018-12-13 14:02:33 - [MESSAGE][PASSED] - Delayed 2 second(s)

2018-12-13 14:02:33 - [TEST_STEP][PASSED] - click: Object: 'Object Repository/Final Object Repo/New Registration - Registration Module Pages/New Reg - OTC to RO/Special Case - OTC - Form 1/Registering As A Branch - No' is clicked on

2018-12-13 14:02:34 - [MESSAGE][PASSED] - Object: 'Object Repository/Final Object Repo/New Registration - Registration Module Pages/New Reg - OTC to RO/Special Case - OTC - Form 1/Registering As A Branch - No' is clicked on

2018-12-13 14:02:34 - [TEST_STEP][PASSED] - click: Object: 'Object Repository/Final Object Repo/New Registration - Registration Module Pages/New Reg - OTC to RO/Special Case - OTC - Form 1/Acknowledgement Ticked' is clicked on

2018-12-13 14:02:34 - [MESSAGE][PASSED] - Object: 'Object Repository/Final Object Repo/New Registration - Registration Module Pages/New Reg - OTC to RO/Special Case - OTC - Form 1/Acknowledgement Ticked' is clicked on

2018-12-13 14:02:34 - [TEST_STEP][PASSED] - delay: Delayed 2 second(s)

2018-12-13 14:02:36 - [MESSAGE][PASSED] - Delayed 2 second(s)

2018-12-13 14:02:36 - [TEST_STEP][PASSED] - callTestCase: Call Test Case 'Test Cases/Final Aug 2018 - PKS Automation/Create Employer Acc/Template/Employer Email Getter' successfully

2018-12-13 14:02:36 - [TEST_CASE][PASSED] - Test Cases/Final Aug 2018 - PKS Automation/Create Employer Acc/Template/Employer Email Getter: Test Cases/Final Aug 2018 - PKS Automation/Create Employer Acc/Template/Employer Email Getter

2018-12-13 14:02:36 - [TEST_STEP][PASSED] - Statement - Try: null

2018-12-13 14:02:36 - [TEST_STEP][PASSED] - Statement - EmpEmail = new java.io.File(C://Users//Admin//Desktop//PKS//Automation Reference Point//EmpEmail.txt): null

2018-12-13 14:02:36 - [TEST_STEP][PASSED] - Statement - bufferread = new java.io.BufferedReader(new java.io.FileReader(EmpEmail)): null

2018-12-13 14:02:36 - [TEST_STEP][PASSED] - Statement - readedVal = bufferread.readLine(): null

2018-12-13 14:02:36 - [TEST_STEP][PASSED] - Statement - out.println(readedVal): null

2018-12-13 14:02:36 - [TEST_STEP][PASSED] - Statement - Email = readedVal: null

2018-12-13 14:02:36 - [MESSAGE][PASSED] - Call Test Case 'Test Cases/Final Aug 2018 - PKS Automation/Create Employer Acc/Template/Employer Email Getter' successfully

2018-12-13 14:02:36 - [TEST_STEP][PASSED] - setText: Text 'perkeso363465520545@gmail.com' is set on object 'Object Repository/Final Object Repo/Creating Employer Account/Email'

2018-12-13 14:02:37 - [MESSAGE][PASSED] - Text 'perkeso363465520545@gmail.com' is set on object 'Object Repository/Final Object Repo/Creating Employer Account/Email'

2018-12-13 14:02:37 - [TEST_STEP][PASSED] - delay: Delayed 2 second(s)

2018-12-13 14:02:39 - [MESSAGE][PASSED] - Delayed 2 second(s)

2018-12-13 14:02:39 - [TEST_STEP][PASSED] - click: Object: 'Object Repository/Final Object Repo/New Registration - Registration Module Pages/New Reg - OTC to RO/Special Case - OTC - Form 1/Submit Button' is clicked on

2018-12-13 14:02:39 - [MESSAGE][PASSED] - Object: 'Object Repository/Final Object Repo/New Registration - Registration Module Pages/New Reg - OTC to RO/Special Case - OTC - Form 1/Submit Button' is clicked on

2018-12-13 14:02:39 - [TEST_STEP][PASSED] - delay: Delayed 2 second(s)

2018-12-13 14:02:41 - [MESSAGE][PASSED] - Delayed 2 second(s)

2018-12-13 14:02:41 - [TEST_STEP][PASSED] - click: Object: 'Object Repository/Final Object Repo/New Registration - Registration Module Pages/New Reg - OTC to RO/Special Case - OTC - Form 1/Confirm No Flagging as Branch' is clicked on

2018-12-13 14:02:41 - [MESSAGE][PASSED] - Object: 'Object Repository/Final Object Repo/New Registration - Registration Module Pages/New Reg - OTC to RO/Special Case - OTC - Form 1/Confirm No Flagging as Branch' is clicked on

2018-12-13 14:02:41 - [MESSAGE][PASSED] - Call Test Case 'Test Cases/Final Aug 2018 - PKS Automation/Registration Module/Workflow/New Registration/Template/Special Case - Employer - Form 1' successfully

2018-12-13 14:02:41 - [TEST_STEP][PASSED] - callTestCase: Call Test Case 'Test Cases/Final Aug 2018 - PKS Automation/Registration Module/New Registration/Form 2/Add 1 Eligible - Employer Account Use' successfully

2018-12-13 14:02:41 - [TEST_CASE][PASSED] - Test Cases/Final Aug 2018 - PKS Automation/Registration Module/New Registration/Form 2/Add 1 Eligible - Employer Account Use: Test Cases/Final Aug 2018 - PKS Automation/Registration Module/New Registration/Form 2/Add 1 Eligible - Employer Account Use

2018-12-13 14:02:41 - [TEST_STEP][PASSED] - delay: Delayed 2 second(s)

2018-12-13 14:02:43 - [MESSAGE][PASSED] - Delayed 2 second(s)

2018-12-13 14:02:43 - [TEST_STEP][PASSED] - callTestCase: Call Test Case 'Test Cases/Final Aug 2018 - PKS Automation/Registration Module/New Registration/Form 2/Date Updater' successfully

2018-12-13 14:02:43 - [TEST_CASE][PASSED] - Test Cases/Final Aug 2018 - PKS Automation/Registration Module/New Registration/Form 2/Date Updater: Test Cases/Final Aug 2018 - PKS Automation/Registration Module/New Registration/Form 2/Date Updater

2018-12-13 14:02:43 - [TEST_STEP][PASSED] - Statement - TodayDate = new java.util.Date(): null

2018-12-13 14:02:43 - [TEST_STEP][PASSED] - Statement - CurrentDateNoFilter = new java.text.SimpleDateFormat(): null

2018-12-13 14:02:43 - [TEST_STEP][PASSED] - Statement - CurrentDateNoFilter.applyPattern("MM"): null

2018-12-13 14:02:43 - [TEST_STEP][PASSED] - Statement - monthContainerMatcher = java.lang.Integer.parseInt(CurrentDateNoFilter.format(TodayDate)): null

2018-12-13 14:02:43 - [TEST_STEP][PASSED] - Statement - monthContainerMatcher = monthContainerMatcher - 1: null

2018-12-13 14:02:43 - [TEST_STEP][PASSED] - Statement - CurrentMonth = monthContainerMatcher.toString(): null

2018-12-13 14:02:43 - [TEST_STEP][PASSED] - Statement - CurrentMonth = CurrentMonth: null

2018-12-13 14:02:43 - [TEST_STEP][PASSED] - Statement - CurrentDateNoFilter.applyPattern("yyyy"): null

2018-12-13 14:02:43 - [TEST_STEP][PASSED] - Statement - CurrentYear = CurrentDateNoFilter.format(TodayDate): null

2018-12-13 14:02:43 - [TEST_STEP][PASSED] - Statement - CurrentYear = CurrentYear: null

2018-12-13 14:02:43 - [TEST_STEP][PASSED] - Statement - intCurrentYear = java.lang.Integer.parseInt(CurrentDateNoFilter.format(TodayDate)): null

2018-12-13 14:02:43 - [TEST_STEP][PASSED] - Statement - eighteenYrsAgo = intCurrentYear - 18: null

2018-12-13 14:02:43 - [TEST_STEP][PASSED] - Statement - eighteenYrsBeforeThisYr = eighteenYrsAgo.toString(): null

2018-12-13 14:02:43 - [TEST_STEP][PASSED] - Statement - EighteenYrsBefore = eighteenYrsBeforeThisYr: null

2018-12-13 14:02:43 - [TEST_STEP][PASSED] - Statement - fiftysevenYrsAgo = intCurrentYear - 57: null

2018-12-13 14:02:43 - [TEST_STEP][PASSED] - Statement - fiftysevenYrsBeforeThisYr = fiftysevenYrsAgo.toString(): null

2018-12-13 14:02:43 - [TEST_STEP][PASSED] - Statement - FiftysevenYrsBefore = fiftysevenYrsBeforeThisYr: null

2018-12-13 14:02:43 - [TEST_STEP][PASSED] - Statement - leapYear = false: null

2018-12-13 14:02:43 - [TEST_STEP][PASSED] - Statement - leapYear = intCurrentYear % 4 == 0: null

2018-12-13 14:02:43 - [TEST_STEP][PASSED] - Statement - CurrentDateNoFilter.applyPattern("dd"): null

2018-12-13 14:02:43 - [TEST_STEP][PASSED] - Statement - CurrentDate = CurrentDateNoFilter.format(TodayDate): null

2018-12-13 14:02:43 - [TEST_STEP][PASSED] - Statement - CurrentDate = java.lang.Integer.parseInt(CurrentDate): null

2018-12-13 14:02:43 - [TEST_STEP][PASSED] - Statement - CurrentDate = CurrentDate: null

2018-12-13 14:02:43 - [TEST_STEP][PASSED] - Statement - CurrentDay = java.lang.Integer.parseInt(CurrentDate): null

2018-12-13 14:02:43 - [TEST_STEP][PASSED] - Statement - ConfAdder = <not implemented yet for class: org.codehaus.groovy.ast.expr.EmptyExpression>: null

2018-12-13 14:02:43 - [TEST_STEP][PASSED] - Statement - out.println(CurrentMonth): null

2018-12-13 14:02:43 - [TEST_STEP][PASSED] - Statement - out.println(CurrentDate): null

2018-12-13 14:02:43 - [TEST_STEP][PASSED] - Statement - switch (CurrentDate): null

2018-12-13 14:02:43 - [TEST_STEP][PASSED] - Statement - Default: null

2018-12-13 14:02:43 - [TEST_STEP][PASSED] - Statement - ConfAdder = true: null

2018-12-13 14:02:43 - [TEST_STEP][PASSED] - Statement - Break: null

2018-12-13 14:02:43 - [TEST_STEP][PASSED] - Statement - aDayBefore = <not implemented yet for class: org.codehaus.groovy.ast.expr.EmptyExpression>: null

2018-12-13 14:02:43 - [TEST_STEP][PASSED] - Statement - out.println(ConfAdder): null

2018-12-13 14:02:43 - [TEST_STEP][PASSED] - Statement - If (ConfAdder == true): null

2018-12-13 14:02:43 - [TEST_STEP][PASSED] - Statement - aDayBefore = CurrentDay + 1: null

2018-12-13 14:02:43 - [TEST_STEP][PASSED] - Statement - out.println(aDayBefore): null

2018-12-13 14:02:43 - [TEST_STEP][PASSED] - Statement - If (aDayBefore == 1 && CurrentMonth == 11): null

2018-12-13 14:02:43 - [TEST_STEP][PASSED] - Statement - DayBefore = aDayBefore.toString(): null

2018-12-13 14:02:43 - [TEST_STEP][PASSED] - Statement - OneDayBefore = DayBefore: null

2018-12-13 14:02:43 - [MESSAGE][PASSED] - Call Test Case 'Test Cases/Final Aug 2018 - PKS Automation/Registration Module/New Registration/Form 2/Date Updater' successfully

2018-12-13 14:02:43 - [TEST_STEP][PASSED] - delay: Delayed 1 second(s)

2018-12-13 14:02:44 - [MESSAGE][PASSED] - Delayed 1 second(s)

2018-12-13 14:02:44 - [TEST_STEP][PASSED] - Statement - CaseReferenceNo = com.kms.katalon.core.webui.keyword.WebUiBuiltInKeywords.getText(com.kms.katalon.core.testobject.ObjectRepository.findTestObject(Final Object Repo/New Registration - Registration Module Pages/Form 2/RefNo Acquiring)): Text of object 'Object Repository/Final Object Repo/New Registration - Registration Module Pages/Form 2/RefNo Acquiring' is: 'CRN12201800123279'

2018-12-13 14:02:44 - [MESSAGE][PASSED] - Text of object 'Object Repository/Final Object Repo/New Registration - Registration Module Pages/Form 2/RefNo Acquiring' is: 'CRN12201800123279'

2018-12-13 14:02:44 - [TEST_STEP][PASSED] - delay: Delayed 1 second(s)

2018-12-13 14:02:45 - [MESSAGE][PASSED] - Delayed 1 second(s)

2018-12-13 14:02:45 - [TEST_STEP][PASSED] - click: Object: 'Object Repository/Final Object Repo/New Registration - Registration Module Pages/Form 2/Add Employee Button' is clicked on

2018-12-13 14:02:45 - [MESSAGE][PASSED] - Object: 'Object Repository/Final Object Repo/New Registration - Registration Module Pages/Form 2/Add Employee Button' is clicked on

2018-12-13 14:02:45 - [TEST_STEP][PASSED] - delay: Delayed 1 second(s)

2018-12-13 14:02:46 - [MESSAGE][PASSED] - Delayed 1 second(s)

2018-12-13 14:02:46 - [TEST_STEP][PASSED] - setText: Text '010903091948' is set on object 'Object Repository/Final Object Repo/New Registration - Registration Module Pages/Form 2/NRIC Input'

2018-12-13 14:02:47 - [MESSAGE][PASSED] - Text '010903091948' is set on object 'Object Repository/Final Object Repo/New Registration - Registration Module Pages/Form 2/NRIC Input'

2018-12-13 14:02:47 - [TEST_STEP][PASSED] - delay: Delayed 2 second(s)

2018-12-13 14:02:49 - [MESSAGE][PASSED] - Delayed 2 second(s)

2018-12-13 14:02:49 - [TEST_STEP][PASSED] - setText: Text 'Automate001 eligible 1' is set on object 'Object Repository/Final Object Repo/New Registration - Registration Module Pages/Form 2/Employee Name Input'

2018-12-13 14:02:49 - [MESSAGE][PASSED] - Text 'Automate001 eligible 1' is set on object 'Object Repository/Final Object Repo/New Registration - Registration Module Pages/Form 2/Employee Name Input'

2018-12-13 14:02:49 - [TEST_STEP][PASSED] - delay: Delayed 2 second(s)

2018-12-13 14:02:51 - [MESSAGE][PASSED] - Delayed 2 second(s)

2018-12-13 14:02:51 - [TEST_STEP][PASSED] - click: Object: 'Object Repository/Final Object Repo/New Registration - Registration Module Pages/Form 2/DatePicker Pop Up' is clicked on

2018-12-13 14:02:52 - [MESSAGE][PASSED] - Object: 'Object Repository/Final Object Repo/New Registration - Registration Module Pages/Form 2/DatePicker Pop Up' is clicked on

2018-12-13 14:02:52 - [TEST_STEP][PASSED] - click: Object: 'Object Repository/Final Object Repo/New Registration - Registration Module Pages/Form 2/DOB Month' is clicked on

2018-12-13 14:02:52 - [MESSAGE][PASSED] - Object: 'Object Repository/Final Object Repo/New Registration - Registration Module Pages/Form 2/DOB Month' is clicked on

2018-12-13 14:02:52 - [TEST_STEP][PASSED] - Statement - CurrentMonth = CurrentMonth: null

2018-12-13 14:02:52 - [TEST_STEP][PASSED] - Statement - selectMonth = new com.kms.katalon.core.testobject.TestObject(): null

2018-12-13 14:02:52 - [TEST_STEP][PASSED] - Statement - selectMonth.addProperty("xpath", EQUALS, "//body/div/div/div/select/option[@value='" + CurrentMonth + "']", true): null

2018-12-13 14:02:52 - [TEST_STEP][PASSED] - click: Object: '' is clicked on

2018-12-13 14:02:52 - [MESSAGE][PASSED] - Object: '' is clicked on

2018-12-13 14:02:52 - [TEST_STEP][PASSED] - click: Object: 'Object Repository/Final Object Repo/New Registration - Registration Module Pages/Form 2/DOB Year' is clicked on

2018-12-13 14:02:52 - [MESSAGE][PASSED] - Object: 'Object Repository/Final Object Repo/New Registration - Registration Module Pages/Form 2/DOB Year' is clicked on

2018-12-13 14:02:52 - [TEST_STEP][PASSED] - Statement - Eyearsbf = EighteenYrsBefore: null

2018-12-13 14:02:52 - [TEST_STEP][PASSED] - Statement - selectYear = new com.kms.katalon.core.testobject.TestObject(): null

2018-12-13 14:02:52 - [TEST_STEP][PASSED] - Statement - selectYear.addProperty("xpath", EQUALS, "//div/div/div/select/option[@value='" + Eyearsbf + "']", true): null

2018-12-13 14:02:52 - [TEST_STEP][PASSED] - click: Object: '' is clicked on

2018-12-13 14:02:52 - [MESSAGE][PASSED] - Object: '' is clicked on

2018-12-13 14:02:52 - [TEST_STEP][PASSED] - Statement - UpdatedSelectDate = com.kms.katalon.core.webui.keyword.WebUiBuiltInKeywords.modifyObjectProperty(com.kms.katalon.core.testobject.ObjectRepository.findTestObject(Final Object Repo/New Registration - Registration Module Pages/Form 2/DOB Date), "xpath", "equals", "//body/div/table/tbody/tr/td/a[text()="" + CurrentDate + ""]", true): Modify property of object successfully

2018-12-13 14:02:52 - [MESSAGE][PASSED] - Modify property of object successfully

2018-12-13 14:02:52 - [TEST_STEP][PASSED] - delay: Delayed 3 second(s)

2018-12-13 14:02:55 - [MESSAGE][PASSED] - Delayed 3 second(s)

2018-12-13 14:02:55 - [TEST_STEP][PASSED] - click: Object: 'Object Repository/Final Object Repo/New Registration - Registration Module Pages/Form 2/DOB Date' is clicked on

2018-12-13 14:02:55 - [MESSAGE][PASSED] - Object: 'Object Repository/Final Object Repo/New Registration - Registration Module Pages/Form 2/DOB Date' is clicked on

2018-12-13 14:02:55 - [TEST_STEP][PASSED] - delay: Delayed 2 second(s)

2018-12-13 14:02:57 - [MESSAGE][PASSED] - Delayed 2 second(s)

2018-12-13 14:02:57 - [TEST_STEP][PASSED] - click: Object: 'Object Repository/Final Object Repo/New Registration - Registration Module Pages/Form 2/EmploymentStartDate Pop Up' is clicked on

2018-12-13 14:02:58 - [MESSAGE][PASSED] - Object: 'Object Repository/Final Object Repo/New Registration - Registration Module Pages/Form 2/EmploymentStartDate Pop Up' is clicked on

2018-12-13 14:02:58 - [TEST_STEP][PASSED] - delay: Delayed 2 second(s)

2018-12-13 14:03:00 - [MESSAGE][PASSED] - Delayed 2 second(s)

2018-12-13 14:03:00 - [TEST_STEP][PASSED] - click: Object: 'Object Repository/Final Object Repo/New Registration - Registration Module Pages/Form 2/Socso Employment StartDate Month' is clicked on

2018-12-13 14:03:00 - [MESSAGE][PASSED] - Object: 'Object Repository/Final Object Repo/New Registration - Registration Module Pages/Form 2/Socso Employment StartDate Month' is clicked on

2018-12-13 14:03:00 - [TEST_STEP][PASSED] - delay: Delayed 1 second(s)

2018-12-13 14:03:01 - [MESSAGE][PASSED] - Delayed 1 second(s)

2018-12-13 14:03:01 - [TEST_STEP][PASSED] - click: Object: 'Object Repository/Final Object Repo/New Registration - Registration Module Pages/Form 2/Select Socso Employement Startdate Month' is clicked on

2018-12-13 14:03:01 - [MESSAGE][PASSED] - Object: 'Object Repository/Final Object Repo/New Registration - Registration Module Pages/Form 2/Select Socso Employement Startdate Month' is clicked on

2018-12-13 14:03:01 - [TEST_STEP][PASSED] - delay: Delayed 2 second(s)

2018-12-13 14:03:03 - [MESSAGE][PASSED] - Delayed 2 second(s)

2018-12-13 14:03:03 - [TEST_STEP][PASSED] - click: Object: 'Object Repository/Final Object Repo/New Registration - Registration Module Pages/Form 2/Socso Employment StartDate Year' is clicked on

2018-12-13 14:03:03 - [MESSAGE][PASSED] - Object: 'Object Repository/Final Object Repo/New Registration - Registration Module Pages/Form 2/Socso Employment StartDate Year' is clicked on

2018-12-13 14:03:03 - [TEST_STEP][PASSED] - delay: Delayed 1 second(s)

2018-12-13 14:03:04 - [MESSAGE][PASSED] - Delayed 1 second(s)

2018-12-13 14:03:04 - [TEST_STEP][PASSED] - click: Object: 'Object Repository/Final Object Repo/New Registration - Registration Module Pages/Form 2/Select Socso Employment Startdate Year' is clicked on

2018-12-13 14:03:04 - [MESSAGE][PASSED] - Object: 'Object Repository/Final Object Repo/New Registration - Registration Module Pages/Form 2/Select Socso Employment Startdate Year' is clicked on

2018-12-13 14:03:04 - [TEST_STEP][PASSED] - delay: Delayed 2 second(s)

2018-12-13 14:03:06 - [MESSAGE][PASSED] - Delayed 2 second(s)

2018-12-13 14:03:06 - [TEST_STEP][PASSED] - click: Object: 'Object Repository/Final Object Repo/New Registration - Registration Module Pages/Form 2/Socso Employment Start Date Day' is clicked on

2018-12-13 14:03:06 - [MESSAGE][PASSED] - Object: 'Object Repository/Final Object Repo/New Registration - Registration Module Pages/Form 2/Socso Employment Start Date Day' is clicked on

2018-12-13 14:03:06 - [TEST_STEP][PASSED] - delay: Delayed 2 second(s)

2018-12-13 14:03:08 - [MESSAGE][PASSED] - Delayed 2 second(s)

2018-12-13 14:03:08 - [TEST_STEP][PASSED] - click: Object: 'Object Repository/Final Object Repo/New Registration - Registration Module Pages/Form 2/Save Button for Add Employee' is clicked on

2018-12-13 14:03:09 - [MESSAGE][PASSED] - Object: 'Object Repository/Final Object Repo/New Registration - Registration Module Pages/Form 2/Save Button for Add Employee' is clicked on

2018-12-13 14:03:09 - [TEST_STEP][PASSED] - delay: Delayed 6 second(s)

2018-12-13 14:03:15 - [MESSAGE][PASSED] - Delayed 6 second(s)

2018-12-13 14:03:15 - [TEST_STEP][PASSED] - click: Object: 'Object Repository/Final Object Repo/New Registration - Registration Module Pages/Form 2/Save and Continue Form 2' is clicked on

2018-12-13 14:03:15 - [MESSAGE][PASSED] - Object: 'Object Repository/Final Object Repo/New Registration - Registration Module Pages/Form 2/Save and Continue Form 2' is clicked on

2018-12-13 14:03:15 - [MESSAGE][PASSED] - Call Test Case 'Test Cases/Final Aug 2018 - PKS Automation/Registration Module/New Registration/Form 2/Add 1 Eligible - Employer Account Use' successfully

2018-12-13 14:03:15 - [TEST_STEP][PASSED] - callTestCase: Call Test Case 'Test Cases/Final Aug 2018 - PKS Automation/Registration Module/New Registration/Flow of New Registration/Third Screen - Upload Supporting Doc - Preview' successfully

2018-12-13 14:03:15 - [TEST_CASE][PASSED] - Test Cases/Final Aug 2018 - PKS Automation/Registration Module/New Registration/Flow of New Registration/Third Screen - Upload Supporting Doc - Preview: Test Cases/Final Aug 2018 - PKS Automation/Registration Module/New Registration/Flow of New Registration/Third Screen - Upload Supporting Doc - Preview

2018-12-13 14:03:15 - [TEST_STEP][PASSED] - waitForPageLoad: Wait for page load successfully

2018-12-13 14:03:16 - [MESSAGE][PASSED] - Wait for page load successfully

2018-12-13 14:03:16 - [TEST_STEP][PASSED] - Statement - CaseReferenceNo = com.kms.katalon.core.webui.keyword.WebUiBuiltInKeywords.getText(com.kms.katalon.core.testobject.ObjectRepository.findTestObject(Final Object Repo/New Registration - Registration Module Pages/Third Screen - Upload Supporting Doc- Preview/RefNo Acquiring)): Text of object 'Object Repository/Final Object Repo/New Registration - Registration Module Pages/Third Screen - Upload Supporting Doc- Preview/RefNo Acquiring' is: 'CRN12201800123279'

2018-12-13 14:03:16 - [MESSAGE][PASSED] - Text of object 'Object Repository/Final Object Repo/New Registration - Registration Module Pages/Third Screen - Upload Supporting Doc- Preview/RefNo Acquiring' is: 'CRN12201800123279'

2018-12-13 14:03:16 - [TEST_STEP][PASSED] - delay: Delayed 2 second(s)

2018-12-13 14:03:18 - [MESSAGE][PASSED] - Delayed 2 second(s)

2018-12-13 14:03:18 - [TEST_STEP][PASSED] - callTestCase: Call Test Case 'Test Cases/Final Aug 2018 - PKS Automation/Common/Reference Number Setter' successfully

2018-12-13 14:03:18 - [TEST_CASE][PASSED] - Test Cases/Final Aug 2018 - PKS Automation/Common/Reference Number Setter: Test Cases/Final Aug 2018 - PKS Automation/Common/Reference Number Setter

2018-12-13 14:03:18 - [TEST_STEP][PASSED] - Statement - RefNoOldFile = new java.io.File(C://Users//Admin//Desktop//PKS//Automation Reference Point//KatalonReference.txt): null

2018-12-13 14:03:18 - [TEST_STEP][PASSED] - Statement - RefNoOldFile.delete(): null

2018-12-13 14:03:18 - [TEST_STEP][PASSED] - delay: Delayed 5 second(s)

2018-12-13 14:03:23 - [MESSAGE][PASSED] - Delayed 5 second(s)

2018-12-13 14:03:23 - [TEST_STEP][PASSED] - Statement - RefNo = new java.io.File(C://Users//Admin//Desktop//PKS//Automation Reference Point//KatalonReference.txt): null

2018-12-13 14:03:23 - [TEST_STEP][PASSED] - Statement - f2 = new java.io.FileWriter(RefNo, false): null

2018-12-13 14:03:23 - [TEST_STEP][PASSED] - Statement - f2.write(CaseReferenceNo): null

2018-12-13 14:03:23 - [TEST_STEP][PASSED] - Statement - f2.close(): null

2018-12-13 14:03:23 - [TEST_STEP][PASSED] - Statement - out.println("


" + CaseReferenceNo + "


"): null

2018-12-13 14:03:23 - [MESSAGE][PASSED] - Call Test Case 'Test Cases/Final Aug 2018 - PKS Automation/Common/Reference Number Setter' successfully

2018-12-13 14:03:23 - [TEST_STEP][PASSED] - waitForElementClickable: Object 'Object Repository/Final Object Repo/New Registration - Registration Module Pages/Third Screen - Upload Supporting Doc- Preview/Save n Continue in SIP Employee Listing Page' is clickable

2018-12-13 14:03:23 - [MESSAGE][PASSED] - Object 'Object Repository/Final Object Repo/New Registration - Registration Module Pages/Third Screen - Upload Supporting Doc- Preview/Save n Continue in SIP Employee Listing Page' is clickable

2018-12-13 14:03:23 - [TEST_STEP][PASSED] - click: Object: 'Object Repository/Final Object Repo/New Registration - Registration Module Pages/Third Screen - Upload Supporting Doc- Preview/Save n Continue in SIP Employee Listing Page' is clicked on

2018-12-13 14:03:28 - [MESSAGE][PASSED] - Object: 'Object Repository/Final Object Repo/New Registration - Registration Module Pages/Third Screen - Upload Supporting Doc- Preview/Save n Continue in SIP Employee Listing Page' is clicked on

2018-12-13 14:03:28 - [TEST_STEP][PASSED] - delay: Delayed 7 second(s)

2018-12-13 14:03:35 - [MESSAGE][PASSED] - Delayed 7 second(s)

2018-12-13 14:03:35 - [TEST_STEP][PASSED] - click: Object: 'Object Repository/Final Object Repo/New Registration - Registration Module Pages/Third Screen - Upload Supporting Doc- Preview/Add Document Button' is clicked on

2018-12-13 14:03:36 - [MESSAGE][PASSED] - Object: 'Object Repository/Final Object Repo/New Registration - Registration Module Pages/Third Screen - Upload Supporting Doc- Preview/Add Document Button' is clicked on

2018-12-13 14:03:36 - [TEST_STEP][PASSED] - delay: Delayed 30 second(s)

2018-12-13 14:04:06 - [MESSAGE][PASSED] - Delayed 30 second(s)

2018-12-13 14:04:06 - [TEST_STEP][PASSED] - click: Object: 'Object Repository/Final Object Repo/New Registration - Registration Module Pages/Third Screen - Upload Supporting Doc- Preview/Supporting Doc Please Select Drop Down' is clicked on

2018-12-13 14:04:06 - [MESSAGE][PASSED] - Object: 'Object Repository/Final Object Repo/New Registration - Registration Module Pages/Third Screen - Upload Supporting Doc- Preview/Supporting Doc Please Select Drop Down' is clicked on

2018-12-13 14:04:06 - [TEST_STEP][PASSED] - delay: Delayed 2 second(s)

2018-12-13 14:04:08 - [MESSAGE][PASSED] - Delayed 2 second(s)

2018-12-13 14:04:08 - [TEST_STEP][PASSED] - click: Object: 'Object Repository/Final Object Repo/New Registration - Registration Module Pages/Third Screen - Upload Supporting Doc- Preview/Select to Upload Form 1' is clicked on

2018-12-13 14:04:08 - [MESSAGE][PASSED] - Object: 'Object Repository/Final Object Repo/New Registration - Registration Module Pages/Third Screen - Upload Supporting Doc- Preview/Select to Upload Form 1' is clicked on

2018-12-13 14:04:08 - [TEST_STEP][PASSED] - delay: Delayed 2 second(s)

2018-12-13 14:04:10 - [MESSAGE][PASSED] - Delayed 2 second(s)

2018-12-13 14:04:10 - [TEST_STEP][PASSED] - uploadFile: File 'C:\Users\Public\Pictures\Sample Pictures\Koala.jpg' sent to object: 'Object Repository/Final Object Repo/New Registration - Registration Module Pages/Third Screen - Upload Supporting Doc- Preview/Upload File Adding'

2018-12-13 14:04:10 - [MESSAGE][PASSED] - File 'C:\Users\Public\Pictures\Sample Pictures\Koala.jpg' sent to object: 'Object Repository/Final Object Repo/New Registration - Registration Module Pages/Third Screen - Upload Supporting Doc- Preview/Upload File Adding'

2018-12-13 14:04:10 - [TEST_STEP][PASSED] - delay: Delayed 5 second(s)

2018-12-13 14:04:15 - [MESSAGE][PASSED] - Delayed 5 second(s)

2018-12-13 14:04:15 - [TEST_STEP][PASSED] - click: Object: 'Object Repository/Final Object Repo/New Registration - Registration Module Pages/Third Screen - Upload Supporting Doc- Preview/Inner Form Add Document Button' is clicked on

2018-12-13 14:04:15 - [MESSAGE][PASSED] - Object: 'Object Repository/Final Object Repo/New Registration - Registration Module Pages/Third Screen - Upload Supporting Doc- Preview/Inner Form Add Document Button' is clicked on

2018-12-13 14:04:15 - [TEST_STEP][PASSED] - delay: Delayed 3 second(s)

2018-12-13 14:04:18 - [MESSAGE][PASSED] - Delayed 3 second(s)

2018-12-13 14:04:18 - [TEST_STEP][PASSED] - click: Object: 'Object Repository/Final Object Repo/New Registration - Registration Module Pages/Third Screen - Upload Supporting Doc- Preview/Add Document Button' is clicked on

2018-12-13 14:04:20 - [MESSAGE][PASSED] - Object: 'Object Repository/Final Object Repo/New Registration - Registration Module Pages/Third Screen - Upload Supporting Doc- Preview/Add Document Button' is clicked on

2018-12-13 14:04:20 - [TEST_STEP][PASSED] - delay: Delayed 30 second(s)

2018-12-13 14:04:50 - [MESSAGE][PASSED] - Delayed 30 second(s)

2018-12-13 14:04:50 - [TEST_STEP][PASSED] - click: Object: 'Object Repository/Final Object Repo/New Registration - Registration Module Pages/Third Screen - Upload Supporting Doc- Preview/Supporting Doc Please Select Drop Down' is clicked on

2018-12-13 14:04:50 - [MESSAGE][PASSED] - Object: 'Object Repository/Final Object Repo/New Registration - Registration Module Pages/Third Screen - Upload Supporting Doc- Preview/Supporting Doc Please Select Drop Down' is clicked on

2018-12-13 14:04:50 - [TEST_STEP][PASSED] - delay: Delayed 4 second(s)

2018-12-13 14:04:54 - [MESSAGE][PASSED] - Delayed 4 second(s)

2018-12-13 14:04:54 - [TEST_STEP][PASSED] - click: Object: 'Object Repository/Final Object Repo/New Registration - Registration Module Pages/Third Screen - Upload Supporting Doc- Preview/Select to Upload Form 2' is clicked on

2018-12-13 14:04:54 - [MESSAGE][PASSED] - Object: 'Object Repository/Final Object Repo/New Registration - Registration Module Pages/Third Screen - Upload Supporting Doc- Preview/Select to Upload Form 2' is clicked on

2018-12-13 14:04:54 - [TEST_STEP][PASSED] - delay: Delayed 2 second(s)

2018-12-13 14:04:56 - [MESSAGE][PASSED] - Delayed 2 second(s)

2018-12-13 14:04:56 - [TEST_STEP][PASSED] - uploadFile: File 'C:\Users\Public\Pictures\Sample Pictures\Koala.jpg' sent to object: 'Object Repository/Final Object Repo/New Registration - Registration Module Pages/Third Screen - Upload Supporting Doc- Preview/Upload File Adding'

2018-12-13 14:04:56 - [MESSAGE][PASSED] - File 'C:\Users\Public\Pictures\Sample Pictures\Koala.jpg' sent to object: 'Object Repository/Final Object Repo/New Registration - Registration Module Pages/Third Screen - Upload Supporting Doc- Preview/Upload File Adding'

2018-12-13 14:04:56 - [TEST_STEP][PASSED] - click: Object: 'Object Repository/Final Object Repo/New Registration - Registration Module Pages/Third Screen - Upload Supporting Doc- Preview/Inner Form Add Document Button' is clicked on

2018-12-13 14:04:56 - [MESSAGE][PASSED] - Object: 'Object Repository/Final Object Repo/New Registration - Registration Module Pages/Third Screen - Upload Supporting Doc- Preview/Inner Form Add Document Button' is clicked on

2018-12-13 14:04:56 - [TEST_STEP][PASSED] - delay: Delayed 5 second(s)

2018-12-13 14:05:01 - [MESSAGE][PASSED] - Delayed 5 second(s)

2018-12-13 14:05:01 - [TEST_STEP][PASSED] - click: Object: 'Object Repository/Final Object Repo/New Registration - Registration Module Pages/Third Screen - Upload Supporting Doc- Preview/Add Document Button' is clicked on

2018-12-13 14:05:02 - [MESSAGE][PASSED] - Object: 'Object Repository/Final Object Repo/New Registration - Registration Module Pages/Third Screen - Upload Supporting Doc- Preview/Add Document Button' is clicked on

2018-12-13 14:05:02 - [TEST_STEP][PASSED] - delay: Delayed 30 second(s)

2018-12-13 14:05:32 - [MESSAGE][PASSED] - Delayed 30 second(s)

2018-12-13 14:05:32 - [TEST_STEP][PASSED] - click: Object: 'Object Repository/Final Object Repo/New Registration - Registration Module Pages/Third Screen - Upload Supporting Doc- Preview/Supporting Doc Please Select Drop Down' is clicked on

2018-12-13 14:05:32 - [MESSAGE][PASSED] - Object: 'Object Repository/Final Object Repo/New Registration - Registration Module Pages/Third Screen - Upload Supporting Doc- Preview/Supporting Doc Please Select Drop Down' is clicked on

2018-12-13 14:05:32 - [TEST_STEP][PASSED] - click: Object: 'Object Repository/Final Object Repo/New Registration - Registration Module Pages/Third Screen - Upload Supporting Doc- Preview/Select to Upload Borang SIP 1' is clicked on

2018-12-13 14:05:32 - [MESSAGE][PASSED] - Object: 'Object Repository/Final Object Repo/New Registration - Registration Module Pages/Third Screen - Upload Supporting Doc- Preview/Select to Upload Borang SIP 1' is clicked on

2018-12-13 14:05:32 - [TEST_STEP][PASSED] - delay: Delayed 2 second(s)

2018-12-13 14:05:34 - [MESSAGE][PASSED] - Delayed 2 second(s)

2018-12-13 14:05:34 - [TEST_STEP][PASSED] - uploadFile: File 'C:\Users\Public\Pictures\Sample Pictures\Koala.jpg' sent to object: 'Object Repository/Final Object Repo/New Registration - Registration Module Pages/Third Screen - Upload Supporting Doc- Preview/Upload File Adding'

2018-12-13 14:05:34 - [MESSAGE][PASSED] - File 'C:\Users\Public\Pictures\Sample Pictures\Koala.jpg' sent to object: 'Object Repository/Final Object Repo/New Registration - Registration Module Pages/Third Screen - Upload Supporting Doc- Preview/Upload File Adding'

2018-12-13 14:05:34 - [TEST_STEP][PASSED] - click: Object: 'Object Repository/Final Object Repo/New Registration - Registration Module Pages/Third Screen - Upload Supporting Doc- Preview/Inner Form Add Document Button' is clicked on

2018-12-13 14:05:34 - [MESSAGE][PASSED] - Object: 'Object Repository/Final Object Repo/New Registration - Registration Module Pages/Third Screen - Upload Supporting Doc- Preview/Inner Form Add Document Button' is clicked on

2018-12-13 14:05:34 - [TEST_STEP][PASSED] - delay: Delayed 5 second(s)

2018-12-13 14:05:39 - [MESSAGE][PASSED] - Delayed 5 second(s)

2018-12-13 14:05:39 - [TEST_STEP][PASSED] - click: Object: 'Object Repository/Final Object Repo/New Registration - Registration Module Pages/Third Screen - Upload Supporting Doc- Preview/Add Document Button' is clicked on

2018-12-13 14:05:39 - [MESSAGE][PASSED] - Object: 'Object Repository/Final Object Repo/New Registration - Registration Module Pages/Third Screen - Upload Supporting Doc- Preview/Add Document Button' is clicked on

2018-12-13 14:05:39 - [TEST_STEP][PASSED] - delay: Delayed 30 second(s)

2018-12-13 14:06:09 - [MESSAGE][PASSED] - Delayed 30 second(s)

2018-12-13 14:06:09 - [TEST_STEP][PASSED] - click: Object: 'Object Repository/Final Object Repo/New Registration - Registration Module Pages/Third Screen - Upload Supporting Doc- Preview/Supporting Doc Please Select Drop Down' is clicked on

2018-12-13 14:06:10 - [MESSAGE][PASSED] - Object: 'Object Repository/Final Object Repo/New Registration - Registration Module Pages/Third Screen - Upload Supporting Doc- Preview/Supporting Doc Please Select Drop Down' is clicked on

2018-12-13 14:06:10 - [TEST_STEP][PASSED] - delay: Delayed 3 second(s)

2018-12-13 14:06:13 - [MESSAGE][PASSED] - Delayed 3 second(s)

2018-12-13 14:06:13 - [TEST_STEP][PASSED] - click: Object: 'Object Repository/Final Object Repo/New Registration - Registration Module Pages/Third Screen - Upload Supporting Doc- Preview/Select to Upload Borang SIP 2' is clicked on

2018-12-13 14:06:13 - [MESSAGE][PASSED] - Object: 'Object Repository/Final Object Repo/New Registration - Registration Module Pages/Third Screen - Upload Supporting Doc- Preview/Select to Upload Borang SIP 2' is clicked on

2018-12-13 14:06:13 - [TEST_STEP][PASSED] - delay: Delayed 2 second(s)

2018-12-13 14:06:15 - [MESSAGE][PASSED] - Delayed 2 second(s)

2018-12-13 14:06:15 - [TEST_STEP][PASSED] - uploadFile: File 'C:\Users\Public\Pictures\Sample Pictures\Koala.jpg' sent to object: 'Object Repository/Final Object Repo/New Registration - Registration Module Pages/Third Screen - Upload Supporting Doc- Preview/Upload File Adding'

2018-12-13 14:06:15 - [MESSAGE][PASSED] - File 'C:\Users\Public\Pictures\Sample Pictures\Koala.jpg' sent to object: 'Object Repository/Final Object Repo/New Registration - Registration Module Pages/Third Screen - Upload Supporting Doc- Preview/Upload File Adding'

2018-12-13 14:06:15 - [TEST_STEP][PASSED] - delay: Delayed 5 second(s)

2018-12-13 14:06:20 - [MESSAGE][PASSED] - Delayed 5 second(s)

2018-12-13 14:06:20 - [TEST_STEP][PASSED] - click: Object: 'Object Repository/Final Object Repo/New Registration - Registration Module Pages/Third Screen - Upload Supporting Doc- Preview/Inner Form Add Document Button' is clicked on

2018-12-13 14:06:20 - [MESSAGE][PASSED] - Object: 'Object Repository/Final Object Repo/New Registration - Registration Module Pages/Third Screen - Upload Supporting Doc- Preview/Inner Form Add Document Button' is clicked on

2018-12-13 14:06:20 - [TEST_STEP][PASSED] - delay: Delayed 3 second(s)

2018-12-13 14:06:23 - [MESSAGE][PASSED] - Delayed 3 second(s)

2018-12-13 14:06:23 - [TEST_STEP][PASSED] - waitForElementClickable: Object 'Object Repository/Final Object Repo/New Registration - Registration Module Pages/Third Screen - Upload Supporting Doc- Preview/Save n Continue in Uploading Supporting Doc Page' is clickable

2018-12-13 14:06:24 - [MESSAGE][PASSED] - Object 'Object Repository/Final Object Repo/New Registration - Registration Module Pages/Third Screen - Upload Supporting Doc- Preview/Save n Continue in Uploading Supporting Doc Page' is clickable

2018-12-13 14:06:24 - [TEST_STEP][PASSED] - click: Object: 'Object Repository/Final Object Repo/New Registration - Registration Module Pages/Third Screen - Upload Supporting Doc- Preview/Save n Continue in Uploading Supporting Doc Page' is clicked on

2018-12-13 14:06:24 - [MESSAGE][PASSED] - Object: 'Object Repository/Final Object Repo/New Registration - Registration Module Pages/Third Screen - Upload Supporting Doc- Preview/Save n Continue in Uploading Supporting Doc Page' is clicked on

2018-12-13 14:06:24 - [MESSAGE][PASSED] - Call Test Case 'Test Cases/Final Aug 2018 - PKS Automation/Registration Module/New Registration/Flow of New Registration/Third Screen - Upload Supporting Doc - Preview' successfully

2018-12-13 14:06:24 - [TEST_STEP][PASSED] - setText: Text 'Tester' is set on object 'Object Repository/Final Object Repo/New Registration - Registration Module Pages/New Reg - OTC to RO/Special Case - All Related Objects/Employer Preview Name'

2018-12-13 14:06:29 - [MESSAGE][PASSED] - Text 'Tester' is set on object 'Object Repository/Final Object Repo/New Registration - Registration Module Pages/New Reg - OTC to RO/Special Case - All Related Objects/Employer Preview Name'

2018-12-13 14:06:29 - [TEST_STEP][PASSED] - click: Object: 'Object Repository/Final Object Repo/New Registration - Registration Module Pages/New Reg - OTC to RO/Special Case - All Related Objects/IC Type Drop Down' is clicked on

2018-12-13 14:06:29 - [MESSAGE][PASSED] - Object: 'Object Repository/Final Object Repo/New Registration - Registration Module Pages/New Reg - OTC to RO/Special Case - All Related Objects/IC Type Drop Down' is clicked on

2018-12-13 14:06:29 - [TEST_STEP][PASSED] - click: Object: 'Object Repository/Final Object Repo/New Registration - Registration Module Pages/New Reg - OTC to RO/Special Case - All Related Objects/Select to NRIC' is clicked on

2018-12-13 14:06:30 - [MESSAGE][PASSED] - Object: 'Object Repository/Final Object Repo/New Registration - Registration Module Pages/New Reg - OTC to RO/Special Case - All Related Objects/Select to NRIC' is clicked on

2018-12-13 14:06:30 - [TEST_STEP][PASSED] - setText: Text '133245561223' is set on object 'Object Repository/Final Object Repo/New Registration - Registration Module Pages/New Reg - OTC to RO/Special Case - All Related Objects/IC Value'

2018-12-13 14:06:30 - [MESSAGE][PASSED] - Text '133245561223' is set on object 'Object Repository/Final Object Repo/New Registration - Registration Module Pages/New Reg - OTC to RO/Special Case - All Related Objects/IC Value'

2018-12-13 14:06:30 - [TEST_STEP][PASSED] - setText: Text 'Auto' is set on object 'Object Repository/Final Object Repo/New Registration - Registration Module Pages/New Reg - OTC to RO/Special Case - All Related Objects/Designation'

2018-12-13 14:06:30 - [MESSAGE][PASSED] - Text 'Auto' is set on object 'Object Repository/Final Object Repo/New Registration - Registration Module Pages/New Reg - OTC to RO/Special Case - All Related Objects/Designation'

2018-12-13 14:06:30 - [TEST_STEP][PASSED] - callTestCase: Call Test Case 'Test Cases/Final Aug 2018 - PKS Automation/Registration Module/New Registration/Submit and Screenshot/Submit Registration and Screenshot' successfully

2018-12-13 14:06:30 - [TEST_CASE][PASSED] - Test Cases/Final Aug 2018 - PKS Automation/Registration Module/New Registration/Submit and Screenshot/Submit Registration and Screenshot: Test Cases/Final Aug 2018 - PKS Automation/Registration Module/New Registration/Submit and Screenshot/Submit Registration and Screenshot

2018-12-13 14:06:30 - [TEST_STEP][PASSED] - delay: Delayed 6 second(s)

2018-12-13 14:06:36 - [MESSAGE][PASSED] - Delayed 6 second(s)

2018-12-13 14:06:36 - [TEST_STEP][PASSED] - click: Object: 'Object Repository/Final Object Repo/New Registration - Registration Module Pages/Third Screen - Upload Supporting Doc- Preview/Preview Submit Button' is clicked on

2018-12-13 14:06:36 - [MESSAGE][PASSED] - Object: 'Object Repository/Final Object Repo/New Registration - Registration Module Pages/Third Screen - Upload Supporting Doc- Preview/Preview Submit Button' is clicked on

2018-12-13 14:06:36 - [TEST_STEP][PASSED] - delay: Delayed 2 second(s)

2018-12-13 14:06:38 - [MESSAGE][PASSED] - Delayed 2 second(s)

2018-12-13 14:06:38 - [TEST_STEP][PASSED] - click: Object: 'Object Repository/Final Object Repo/New Registration - Registration Module Pages/Third Screen - Upload Supporting Doc- Preview/Preview Submit - Confirm' is clicked on

2018-12-13 14:06:38 - [MESSAGE][PASSED] - Object: 'Object Repository/Final Object Repo/New Registration - Registration Module Pages/Third Screen - Upload Supporting Doc- Preview/Preview Submit - Confirm' is clicked on

2018-12-13 14:06:38 - [TEST_STEP][PASSED] - delay: Delayed 15 second(s)

2018-12-13 14:06:53 - [MESSAGE][PASSED] - Delayed 15 second(s)

2018-12-13 14:06:53 - [TEST_STEP][PASSED] - Statement - driver = com.kms.katalon.core.webui.driver.DriverFactory.getWebDriver(): null

2018-12-13 14:06:53 - [TEST_STEP][PASSED] - Statement - driver.manage().timeouts().implicitlyWait(10, SECONDS): null

2018-12-13 14:06:53 - [TEST_STEP][PASSED] - Statement - PresavePath = KatalonScreenshots: null

2018-12-13 14:06:53 - [TEST_STEP][PASSED] - Statement - pathPrefix = "C:\Users\Public\Pictures\Sample Pictures\Katalon Screenshots\Automate Ending Screen": null

2018-12-13 14:06:53 - [TEST_STEP][PASSED] - Statement - finalPath = <not implemented yet for class: org.codehaus.groovy.ast.expr.EmptyExpression>: null

2018-12-13 14:06:53 - [TEST_STEP][PASSED] - Statement - scrFile = driver.getScreenshotAs(FILE): null

2018-12-13 14:06:54 - [TEST_STEP][PASSED] - Statement - PreSaveFile = new java.io.File(PresavePath): null

2018-12-13 14:06:54 - [TEST_STEP][PASSED] - Statement - counter = 0: null

2018-12-13 14:06:54 - [TEST_STEP][PASSED] - Statement - If (PreSaveFile.exists()): null

2018-12-13 14:06:54 - [TEST_STEP][PASSED] - Statement - While (PreSaveFile.exists()): null

2018-12-13 14:06:54 - [TEST_STEP][PASSED] - Statement - counter = counter + 1: null

2018-12-13 14:06:54 - [TEST_STEP][PASSED] - Statement - PreSaveFile = new java.io.File(((pathPrefix + java.lang.Integer.toString(counter)) + .png)): null

2018-12-13 14:06:54 - [TEST_STEP][PASSED] - Statement - counter = counter + 1: null

2018-12-13 14:06:54 - [TEST_STEP][PASSED] - Statement - PreSaveFile = new java.io.File(((pathPrefix + java.lang.Integer.toString(counter)) + .png)): null

2018-12-13 14:06:54 - [TEST_STEP][PASSED] - Statement - counter = counter + 1: null

2018-12-13 14:06:54 - [TEST_STEP][PASSED] - Statement - PreSaveFile = new java.io.File(((pathPrefix + java.lang.Integer.toString(counter)) + .png)): null

2018-12-13 14:06:54 - [TEST_STEP][PASSED] - Statement - counter = counter + 1: null

2018-12-13 14:06:54 - [TEST_STEP][PASSED] - Statement - PreSaveFile = new java.io.File(((pathPrefix + java.lang.Integer.toString(counter)) + .png)): null

2018-12-13 14:06:54 - [TEST_STEP][PASSED] - Statement - counter = counter + 1: null

2018-12-13 14:06:54 - [TEST_STEP][PASSED] - Statement - PreSaveFile = new java.io.File(((pathPrefix + java.lang.Integer.toString(counter)) + .png)): null

2018-12-13 14:06:54 - [TEST_STEP][PASSED] - Statement - counter = counter + 1: null

2018-12-13 14:06:54 - [TEST_STEP][PASSED] - Statement - PreSaveFile = new java.io.File(((pathPrefix + java.lang.Integer.toString(counter)) + .png)): null

2018-12-13 14:06:54 - [TEST_STEP][PASSED] - Statement - counter = counter + 1: null

2018-12-13 14:06:54 - [TEST_STEP][PASSED] - Statement - PreSaveFile = new java.io.File(((pathPrefix + java.lang.Integer.toString(counter)) + .png)): null

2018-12-13 14:06:54 - [TEST_STEP][PASSED] - Statement - counter = counter + 1: null

2018-12-13 14:06:54 - [TEST_STEP][PASSED] - Statement - PreSaveFile = new java.io.File(((pathPrefix + java.lang.Integer.toString(counter)) + .png)): null

2018-12-13 14:06:54 - [TEST_STEP][PASSED] - Statement - counter = counter + 1: null

2018-12-13 14:06:54 - [TEST_STEP][PASSED] - Statement - PreSaveFile = new java.io.File(((pathPrefix + java.lang.Integer.toString(counter)) + .png)): null

2018-12-13 14:06:54 - [TEST_STEP][PASSED] - Statement - counter = counter + 1: null

2018-12-13 14:06:54 - [TEST_STEP][PASSED] - Statement - PreSaveFile = new java.io.File(((pathPrefix + java.lang.Integer.toString(counter)) + .png)): null

2018-12-13 14:06:54 - [TEST_STEP][PASSED] - Statement - counter = counter + 1: null

2018-12-13 14:06:54 - [TEST_STEP][PASSED] - Statement - PreSaveFile = new java.io.File(((pathPrefix + java.lang.Integer.toString(counter)) + .png)): null

2018-12-13 14:06:54 - [TEST_STEP][PASSED] - Statement - counter = counter + 1: null

2018-12-13 14:06:54 - [TEST_STEP][PASSED] - Statement - PreSaveFile = new java.io.File(((pathPrefix + java.lang.Integer.toString(counter)) + .png)): null

2018-12-13 14:06:54 - [TEST_STEP][PASSED] - Statement - counter = counter + 1: null

2018-12-13 14:06:54 - [TEST_STEP][PASSED] - Statement - PreSaveFile = new java.io.File(((pathPrefix + java.lang.Integer.toString(counter)) + .png)): null

2018-12-13 14:06:54 - [TEST_STEP][PASSED] - Statement - counter = counter + 1: null

2018-12-13 14:06:54 - [TEST_STEP][PASSED] - Statement - PreSaveFile = new java.io.File(((pathPrefix + java.lang.Integer.toString(counter)) + .png)): null

2018-12-13 14:06:54 - [TEST_STEP][PASSED] - Statement - counter = counter + 1: null

2018-12-13 14:06:54 - [TEST_STEP][PASSED] - Statement - PreSaveFile = new java.io.File(((pathPrefix + java.lang.Integer.toString(counter)) + .png)): null

2018-12-13 14:06:54 - [TEST_STEP][PASSED] - Statement - counter = counter + 1: null

2018-12-13 14:06:54 - [TEST_STEP][PASSED] - Statement - PreSaveFile = new java.io.File(((pathPrefix + java.lang.Integer.toString(counter)) + .png)): null

2018-12-13 14:06:54 - [TEST_STEP][PASSED] - Statement - counter = counter + 1: null

2018-12-13 14:06:54 - [TEST_STEP][PASSED] - Statement - PreSaveFile = new java.io.File(((pathPrefix + java.lang.Integer.toString(counter)) + .png)): null

2018-12-13 14:06:54 - [TEST_STEP][PASSED] - Statement - counter = counter + 1: null

2018-12-13 14:06:54 - [TEST_STEP][PASSED] - Statement - PreSaveFile = new java.io.File(((pathPrefix + java.lang.Integer.toString(counter)) + .png)): null

2018-12-13 14:06:54 - [TEST_STEP][PASSED] - Statement - counter = counter + 1: null

2018-12-13 14:06:54 - [TEST_STEP][PASSED] - Statement - PreSaveFile = new java.io.File(((pathPrefix + java.lang.Integer.toString(counter)) + .png)): null

2018-12-13 14:06:54 - [TEST_STEP][PASSED] - Statement - counter = counter + 1: null

2018-12-13 14:06:54 - [TEST_STEP][PASSED] - Statement - PreSaveFile = new java.io.File(((pathPrefix + java.lang.Integer.toString(counter)) + .png)): null

2018-12-13 14:06:54 - [TEST_STEP][PASSED] - Statement - counter = counter + 1: null

2018-12-13 14:06:54 - [TEST_STEP][PASSED] - Statement - PreSaveFile = new java.io.File(((pathPrefix + java.lang.Integer.toString(counter)) + .png)): null

2018-12-13 14:06:54 - [TEST_STEP][PASSED] - Statement - counter = counter + 1: null

2018-12-13 14:06:54 - [TEST_STEP][PASSED] - Statement - PreSaveFile = new java.io.File(((pathPrefix + java.lang.Integer.toString(counter)) + .png)): null

2018-12-13 14:06:54 - [TEST_STEP][PASSED] - Statement - counter = counter + 1: null

2018-12-13 14:06:54 - [TEST_STEP][PASSED] - Statement - PreSaveFile = new java.io.File(((pathPrefix + java.lang.Integer.toString(counter)) + .png)): null

2018-12-13 14:06:54 - [TEST_STEP][PASSED] - Statement - counter = counter + 1: null

2018-12-13 14:06:54 - [TEST_STEP][PASSED] - Statement - PreSaveFile = new java.io.File(((pathPrefix + java.lang.Integer.toString(counter)) + .png)): null

2018-12-13 14:06:54 - [TEST_STEP][PASSED] - Statement - counter = counter + 1: null

2018-12-13 14:06:54 - [TEST_STEP][PASSED] - Statement - PreSaveFile = new java.io.File(((pathPrefix + java.lang.Integer.toString(counter)) + .png)): null

2018-12-13 14:06:54 - [TEST_STEP][PASSED] - Statement - counter = counter + 1: null

2018-12-13 14:06:54 - [TEST_STEP][PASSED] - Statement - PreSaveFile = new java.io.File(((pathPrefix + java.lang.Integer.toString(counter)) + .png)): null

2018-12-13 14:06:54 - [TEST_STEP][PASSED] - Statement - counter = counter + 1: null

2018-12-13 14:06:54 - [TEST_STEP][PASSED] - Statement - PreSaveFile = new java.io.File(((pathPrefix + java.lang.Integer.toString(counter)) + .png)): null

2018-12-13 14:06:54 - [TEST_STEP][PASSED] - Statement - counter = counter + 1: null

2018-12-13 14:06:54 - [TEST_STEP][PASSED] - Statement - PreSaveFile = new java.io.File(((pathPrefix + java.lang.Integer.toString(counter)) + .png)): null

2018-12-13 14:06:54 - [TEST_STEP][PASSED] - Statement - counter = counter + 1: null

2018-12-13 14:06:54 - [TEST_STEP][PASSED] - Statement - PreSaveFile = new java.io.File(((pathPrefix + java.lang.Integer.toString(counter)) + .png)): null

2018-12-13 14:06:54 - [TEST_STEP][PASSED] - Statement - counter = counter + 1: null

2018-12-13 14:06:54 - [TEST_STEP][PASSED] - Statement - PreSaveFile = new java.io.File(((pathPrefix + java.lang.Integer.toString(counter)) + .png)): null

2018-12-13 14:06:54 - [TEST_STEP][PASSED] - Statement - counter = counter + 1: null

2018-12-13 14:06:54 - [TEST_STEP][PASSED] - Statement - PreSaveFile = new java.io.File(((pathPrefix + java.lang.Integer.toString(counter)) + .png)): null

2018-12-13 14:06:54 - [TEST_STEP][PASSED] - Statement - counter = counter + 1: null

2018-12-13 14:06:54 - [TEST_STEP][PASSED] - Statement - PreSaveFile = new java.io.File(((pathPrefix + java.lang.Integer.toString(counter)) + .png)): null

2018-12-13 14:06:54 - [TEST_STEP][PASSED] - Statement - counter = counter + 1: null

2018-12-13 14:06:54 - [TEST_STEP][PASSED] - Statement - PreSaveFile = new java.io.File(((pathPrefix + java.lang.Integer.toString(counter)) + .png)): null

2018-12-13 14:06:54 - [TEST_STEP][PASSED] - Statement - counter = counter + 1: null

2018-12-13 14:06:54 - [TEST_STEP][PASSED] - Statement - PreSaveFile = new java.io.File(((pathPrefix + java.lang.Integer.toString(counter)) + .png)): null

2018-12-13 14:06:54 - [TEST_STEP][PASSED] - Statement - counter = counter + 1: null

2018-12-13 14:06:54 - [TEST_STEP][PASSED] - Statement - PreSaveFile = new java.io.File(((pathPrefix + java.lang.Integer.toString(counter)) + .png)): null

2018-12-13 14:06:54 - [TEST_STEP][PASSED] - Statement - counter = counter + 1: null

2018-12-13 14:06:54 - [TEST_STEP][PASSED] - Statement - PreSaveFile = new java.io.File(((pathPrefix + java.lang.Integer.toString(counter)) + .png)): null

2018-12-13 14:06:54 - [TEST_STEP][PASSED] - Statement - counter = counter + 1: null

2018-12-13 14:06:54 - [TEST_STEP][PASSED] - Statement - PreSaveFile = new java.io.File(((pathPrefix + java.lang.Integer.toString(counter)) + .png)): null

2018-12-13 14:06:54 - [TEST_STEP][PASSED] - Statement - counter = counter + 1: null

2018-12-13 14:06:54 - [TEST_STEP][PASSED] - Statement - PreSaveFile = new java.io.File(((pathPrefix + java.lang.Integer.toString(counter)) + .png)): null

2018-12-13 14:06:54 - [TEST_STEP][PASSED] - Statement - counter = counter + 1: null

2018-12-13 14:06:54 - [TEST_STEP][PASSED] - Statement - PreSaveFile = new java.io.File(((pathPrefix + java.lang.Integer.toString(counter)) + .png)): null

2018-12-13 14:06:54 - [TEST_STEP][PASSED] - Statement - counter = counter + 1: null

2018-12-13 14:06:54 - [TEST_STEP][PASSED] - Statement - PreSaveFile = new java.io.File(((pathPrefix + java.lang.Integer.toString(counter)) + .png)): null

2018-12-13 14:06:54 - [TEST_STEP][PASSED] - Statement - counter = counter + 1: null

2018-12-13 14:06:54 - [TEST_STEP][PASSED] - Statement - PreSaveFile = new java.io.File(((pathPrefix + java.lang.Integer.toString(counter)) + .png)): null

2018-12-13 14:06:54 - [TEST_STEP][PASSED] - Statement - counter = counter + 1: null

2018-12-13 14:06:54 - [TEST_STEP][PASSED] - Statement - PreSaveFile = new java.io.File(((pathPrefix + java.lang.Integer.toString(counter)) + .png)): null

2018-12-13 14:06:54 - [TEST_STEP][PASSED] - Statement - counter = counter + 1: null

2018-12-13 14:06:54 - [TEST_STEP][PASSED] - Statement - PreSaveFile = new java.io.File(((pathPrefix + java.lang.Integer.toString(counter)) + .png)): null

2018-12-13 14:06:54 - [TEST_STEP][PASSED] - Statement - counter = counter + 1: null

2018-12-13 14:06:54 - [TEST_STEP][PASSED] - Statement - PreSaveFile = new java.io.File(((pathPrefix + java.lang.Integer.toString(counter)) + .png)): null

2018-12-13 14:06:54 - [TEST_STEP][PASSED] - Statement - counter = counter + 1: null

2018-12-13 14:06:54 - [TEST_STEP][PASSED] - Statement - PreSaveFile = new java.io.File(((pathPrefix + java.lang.Integer.toString(counter)) + .png)): null

2018-12-13 14:06:54 - [TEST_STEP][PASSED] - Statement - counter = counter + 1: null

2018-12-13 14:06:54 - [TEST_STEP][PASSED] - Statement - PreSaveFile = new java.io.File(((pathPrefix + java.lang.Integer.toString(counter)) + .png)): null

2018-12-13 14:06:54 - [TEST_STEP][PASSED] - Statement - counter = counter + 1: null

2018-12-13 14:06:54 - [TEST_STEP][PASSED] - Statement - PreSaveFile = new java.io.File(((pathPrefix + java.lang.Integer.toString(counter)) + .png)): null

2018-12-13 14:06:54 - [TEST_STEP][PASSED] - Statement - counter = counter + 1: null

2018-12-13 14:06:54 - [TEST_STEP][PASSED] - Statement - PreSaveFile = new java.io.File(((pathPrefix + java.lang.Integer.toString(counter)) + .png)): null

2018-12-13 14:06:54 - [TEST_STEP][PASSED] - Statement - counter = counter + 1: null

2018-12-13 14:06:54 - [TEST_STEP][PASSED] - Statement - PreSaveFile = new java.io.File(((pathPrefix + java.lang.Integer.toString(counter)) + .png)): null

2018-12-13 14:06:54 - [TEST_STEP][PASSED] - Statement - counter = counter + 1: null

2018-12-13 14:06:54 - [TEST_STEP][PASSED] - Statement - PreSaveFile = new java.io.File(((pathPrefix + java.lang.Integer.toString(counter)) + .png)): null

2018-12-13 14:06:54 - [TEST_STEP][PASSED] - Statement - counter = counter + 1: null

2018-12-13 14:06:54 - [TEST_STEP][PASSED] - Statement - PreSaveFile = new java.io.File(((pathPrefix + java.lang.Integer.toString(counter)) + .png)): null

2018-12-13 14:06:54 - [TEST_STEP][PASSED] - Statement - counter = counter + 1: null

2018-12-13 14:06:54 - [TEST_STEP][PASSED] - Statement - PreSaveFile = new java.io.File(((pathPrefix + java.lang.Integer.toString(counter)) + .png)): null

2018-12-13 14:06:54 - [TEST_STEP][PASSED] - Statement - counter = counter + 1: null

2018-12-13 14:06:54 - [TEST_STEP][PASSED] - Statement - PreSaveFile = new java.io.File(((pathPrefix + java.lang.Integer.toString(counter)) + .png)): null

2018-12-13 14:06:54 - [TEST_STEP][PASSED] - Statement - counter = counter + 1: null

2018-12-13 14:06:54 - [TEST_STEP][PASSED] - Statement - PreSaveFile = new java.io.File(((pathPrefix + java.lang.Integer.toString(counter)) + .png)): null

2018-12-13 14:06:54 - [TEST_STEP][PASSED] - Statement - counter = counter + 1: null

2018-12-13 14:06:54 - [TEST_STEP][PASSED] - Statement - PreSaveFile = new java.io.File(((pathPrefix + java.lang.Integer.toString(counter)) + .png)): null

2018-12-13 14:06:54 - [TEST_STEP][PASSED] - Statement - counter = counter + 1: null

2018-12-13 14:06:54 - [TEST_STEP][PASSED] - Statement - PreSaveFile = new java.io.File(((pathPrefix + java.lang.Integer.toString(counter)) + .png)): null

2018-12-13 14:06:54 - [TEST_STEP][PASSED] - Statement - counter = counter + 1: null

2018-12-13 14:06:54 - [TEST_STEP][PASSED] - Statement - PreSaveFile = new java.io.File(((pathPrefix + java.lang.Integer.toString(counter)) + .png)): null

2018-12-13 14:06:54 - [TEST_STEP][PASSED] - Statement - counter = counter + 1: null

2018-12-13 14:06:54 - [TEST_STEP][PASSED] - Statement - PreSaveFile = new java.io.File(((pathPrefix + java.lang.Integer.toString(counter)) + .png)): null

2018-12-13 14:06:54 - [TEST_STEP][PASSED] - Statement - counter = counter + 1: null

2018-12-13 14:06:54 - [TEST_STEP][PASSED] - Statement - PreSaveFile = new java.io.File(((pathPrefix + java.lang.Integer.toString(counter)) + .png)): null

2018-12-13 14:06:54 - [TEST_STEP][PASSED] - Statement - counter = counter + 1: null

2018-12-13 14:06:54 - [TEST_STEP][PASSED] - Statement - PreSaveFile = new java.io.File(((pathPrefix + java.lang.Integer.toString(counter)) + .png)): null

2018-12-13 14:06:54 - [TEST_STEP][PASSED] - Statement - counter = counter + 1: null

2018-12-13 14:06:54 - [TEST_STEP][PASSED] - Statement - PreSaveFile = new java.io.File(((pathPrefix + java.lang.Integer.toString(counter)) + .png)): null

2018-12-13 14:06:54 - [TEST_STEP][PASSED] - Statement - counter = counter + 1: null

2018-12-13 14:06:54 - [TEST_STEP][PASSED] - Statement - PreSaveFile = new java.io.File(((pathPrefix + java.lang.Integer.toString(counter)) + .png)): null

2018-12-13 14:06:54 - [TEST_STEP][PASSED] - Statement - counter = counter + 1: null

2018-12-13 14:06:54 - [TEST_STEP][PASSED] - Statement - PreSaveFile = new java.io.File(((pathPrefix + java.lang.Integer.toString(counter)) + .png)): null

2018-12-13 14:06:54 - [TEST_STEP][PASSED] - Statement - counter = counter + 1: null

2018-12-13 14:06:54 - [TEST_STEP][PASSED] - Statement - PreSaveFile = new java.io.File(((pathPrefix + java.lang.Integer.toString(counter)) + .png)): null

2018-12-13 14:06:54 - [TEST_STEP][PASSED] - Statement - counter = counter + 1: null

2018-12-13 14:06:54 - [TEST_STEP][PASSED] - Statement - PreSaveFile = new java.io.File(((pathPrefix + java.lang.Integer.toString(counter)) + .png)): null

2018-12-13 14:06:54 - [TEST_STEP][PASSED] - Statement - counter = counter + 1: null

2018-12-13 14:06:54 - [TEST_STEP][PASSED] - Statement - PreSaveFile = new java.io.File(((pathPrefix + java.lang.Integer.toString(counter)) + .png)): null

2018-12-13 14:06:54 - [TEST_STEP][PASSED] - Statement - counter = counter + 1: null

2018-12-13 14:06:54 - [TEST_STEP][PASSED] - Statement - PreSaveFile = new java.io.File(((pathPrefix + java.lang.Integer.toString(counter)) + .png)): null

2018-12-13 14:06:54 - [TEST_STEP][PASSED] - Statement - counter = counter + 1: null

2018-12-13 14:06:54 - [TEST_STEP][PASSED] - Statement - PreSaveFile = new java.io.File(((pathPrefix + java.lang.Integer.toString(counter)) + .png)): null

2018-12-13 14:06:54 - [TEST_STEP][PASSED] - Statement - counter = counter + 1: null

2018-12-13 14:06:54 - [TEST_STEP][PASSED] - Statement - PreSaveFile = new java.io.File(((pathPrefix + java.lang.Integer.toString(counter)) + .png)): null

2018-12-13 14:06:54 - [TEST_STEP][PASSED] - Statement - counter = counter + 1: null

2018-12-13 14:06:54 - [TEST_STEP][PASSED] - Statement - PreSaveFile = new java.io.File(((pathPrefix + java.lang.Integer.toString(counter)) + .png)): null

2018-12-13 14:06:54 - [TEST_STEP][PASSED] - Statement - counter = counter + 1: null

2018-12-13 14:06:54 - [TEST_STEP][PASSED] - Statement - PreSaveFile = new java.io.File(((pathPrefix + java.lang.Integer.toString(counter)) + .png)): null

2018-12-13 14:06:54 - [TEST_STEP][PASSED] - Statement - counter = counter + 1: null

2018-12-13 14:06:54 - [TEST_STEP][PASSED] - Statement - PreSaveFile = new java.io.File(((pathPrefix + java.lang.Integer.toString(counter)) + .png)): null

2018-12-13 14:06:54 - [TEST_STEP][PASSED] - Statement - counter = counter + 1: null

2018-12-13 14:06:54 - [TEST_STEP][PASSED] - Statement - PreSaveFile = new java.io.File(((pathPrefix + java.lang.Integer.toString(counter)) + .png)): null

2018-12-13 14:06:54 - [TEST_STEP][PASSED] - Statement - counter = counter + 1: null

2018-12-13 14:06:54 - [TEST_STEP][PASSED] - Statement - PreSaveFile = new java.io.File(((pathPrefix + java.lang.Integer.toString(counter)) + .png)): null

2018-12-13 14:06:54 - [TEST_STEP][PASSED] - Statement - counter = counter + 1: null

2018-12-13 14:06:54 - [TEST_STEP][PASSED] - Statement - PreSaveFile = new java.io.File(((pathPrefix + java.lang.Integer.toString(counter)) + .png)): null

2018-12-13 14:06:54 - [TEST_STEP][PASSED] - Statement - counter = counter + 1: null

2018-12-13 14:06:54 - [TEST_STEP][PASSED] - Statement - PreSaveFile = new java.io.File(((pathPrefix + java.lang.Integer.toString(counter)) + .png)): null

2018-12-13 14:06:54 - [TEST_STEP][PASSED] - Statement - counter = counter + 1: null

2018-12-13 14:06:54 - [TEST_STEP][PASSED] - Statement - PreSaveFile = new java.io.File(((pathPrefix + java.lang.Integer.toString(counter)) + .png)): null

2018-12-13 14:06:54 - [TEST_STEP][PASSED] - Statement - counter = counter + 1: null

2018-12-13 14:06:54 - [TEST_STEP][PASSED] - Statement - PreSaveFile = new java.io.File(((pathPrefix + java.lang.Integer.toString(counter)) + .png)): null

2018-12-13 14:06:54 - [TEST_STEP][PASSED] - Statement - counter = counter + 1: null

2018-12-13 14:06:54 - [TEST_STEP][PASSED] - Statement - PreSaveFile = new java.io.File(((pathPrefix + java.lang.Integer.toString(counter)) + .png)): null

2018-12-13 14:06:54 - [TEST_STEP][PASSED] - Statement - counter = counter + 1: null

2018-12-13 14:06:54 - [TEST_STEP][PASSED] - Statement - PreSaveFile = new java.io.File(((pathPrefix + java.lang.Integer.toString(counter)) + .png)): null

2018-12-13 14:06:54 - [TEST_STEP][PASSED] - Statement - counter = counter + 1: null

2018-12-13 14:06:54 - [TEST_STEP][PASSED] - Statement - PreSaveFile = new java.io.File(((pathPrefix + java.lang.Integer.toString(counter)) + .png)): null

2018-12-13 14:06:54 - [TEST_STEP][PASSED] - Statement - counter = counter + 1: null

2018-12-13 14:06:54 - [TEST_STEP][PASSED] - Statement - PreSaveFile = new java.io.File(((pathPrefix + java.lang.Integer.toString(counter)) + .png)): null

2018-12-13 14:06:54 - [TEST_STEP][PASSED] - Statement - counter = counter + 1: null

2018-12-13 14:06:54 - [TEST_STEP][PASSED] - Statement - PreSaveFile = new java.io.File(((pathPrefix + java.lang.Integer.toString(counter)) + .png)): null

2018-12-13 14:06:54 - [TEST_STEP][PASSED] - Statement - counter = counter + 1: null

2018-12-13 14:06:54 - [TEST_STEP][PASSED] - Statement - PreSaveFile = new java.io.File(((pathPrefix + java.lang.Integer.toString(counter)) + .png)): null

2018-12-13 14:06:54 - [TEST_STEP][PASSED] - Statement - counter = counter + 1: null

2018-12-13 14:06:54 - [TEST_STEP][PASSED] - Statement - PreSaveFile = new java.io.File(((pathPrefix + java.lang.Integer.toString(counter)) + .png)): null

2018-12-13 14:06:54 - [TEST_STEP][PASSED] - Statement - counter = counter + 1: null

2018-12-13 14:06:54 - [TEST_STEP][PASSED] - Statement - PreSaveFile = new java.io.File(((pathPrefix + java.lang.Integer.toString(counter)) + .png)): null

2018-12-13 14:06:54 - [TEST_STEP][PASSED] - Statement - counter = counter + 1: null

2018-12-13 14:06:54 - [TEST_STEP][PASSED] - Statement - PreSaveFile = new java.io.File(((pathPrefix + java.lang.Integer.toString(counter)) + .png)): null

2018-12-13 14:06:54 - [TEST_STEP][PASSED] - Statement - counter = counter + 1: null

2018-12-13 14:06:54 - [TEST_STEP][PASSED] - Statement - PreSaveFile = new java.io.File(((pathPrefix + java.lang.Integer.toString(counter)) + .png)): null

2018-12-13 14:06:54 - [TEST_STEP][PASSED] - Statement - counter = counter + 1: null

2018-12-13 14:06:54 - [TEST_STEP][PASSED] - Statement - PreSaveFile = new java.io.File(((pathPrefix + java.lang.Integer.toString(counter)) + .png)): null

2018-12-13 14:06:54 - [TEST_STEP][PASSED] - Statement - counter = counter + 1: null

2018-12-13 14:06:54 - [TEST_STEP][PASSED] - Statement - PreSaveFile = new java.io.File(((pathPrefix + java.lang.Integer.toString(counter)) + .png)): null

2018-12-13 14:06:54 - [TEST_STEP][PASSED] - Statement - counter = counter + 1: null

2018-12-13 14:06:54 - [TEST_STEP][PASSED] - Statement - PreSaveFile = new java.io.File(((pathPrefix + java.lang.Integer.toString(counter)) + .png)): null

2018-12-13 14:06:54 - [TEST_STEP][PASSED] - Statement - counter = counter + 1: null

2018-12-13 14:06:54 - [TEST_STEP][PASSED] - Statement - PreSaveFile = new java.io.File(((pathPrefix + java.lang.Integer.toString(counter)) + .png)): null

2018-12-13 14:06:54 - [TEST_STEP][PASSED] - Statement - counter = counter + 1: null

2018-12-13 14:06:54 - [TEST_STEP][PASSED] - Statement - PreSaveFile = new java.io.File(((pathPrefix + java.lang.Integer.toString(counter)) + .png)): null

2018-12-13 14:06:54 - [TEST_STEP][PASSED] - Statement - counter = counter + 1: null

2018-12-13 14:06:54 - [TEST_STEP][PASSED] - Statement - PreSaveFile = new java.io.File(((pathPrefix + java.lang.Integer.toString(counter)) + .png)): null

2018-12-13 14:06:54 - [TEST_STEP][PASSED] - Statement - counter = counter + 1: null

2018-12-13 14:06:54 - [TEST_STEP][PASSED] - Statement - PreSaveFile = new java.io.File(((pathPrefix + java.lang.Integer.toString(counter)) + .png)): null

2018-12-13 14:06:54 - [TEST_STEP][PASSED] - Statement - counter = counter + 1: null

2018-12-13 14:06:54 - [TEST_STEP][PASSED] - Statement - PreSaveFile = new java.io.File(((pathPrefix + java.lang.Integer.toString(counter)) + .png)): null

2018-12-13 14:06:54 - [TEST_STEP][PASSED] - Statement - counter = counter + 1: null

2018-12-13 14:06:54 - [TEST_STEP][PASSED] - Statement - PreSaveFile = new java.io.File(((pathPrefix + java.lang.Integer.toString(counter)) + .png)): null

2018-12-13 14:06:54 - [TEST_STEP][PASSED] - Statement - counter = counter + 1: null

2018-12-13 14:06:54 - [TEST_STEP][PASSED] - Statement - PreSaveFile = new java.io.File(((pathPrefix + java.lang.Integer.toString(counter)) + .png)): null

2018-12-13 14:06:54 - [TEST_STEP][PASSED] - Statement - counter = counter + 1: null

2018-12-13 14:06:54 - [TEST_STEP][PASSED] - Statement - PreSaveFile = new java.io.File(((pathPrefix + java.lang.Integer.toString(counter)) + .png)): null

2018-12-13 14:06:54 - [TEST_STEP][PASSED] - Statement - counter = counter + 1: null

2018-12-13 14:06:54 - [TEST_STEP][PASSED] - Statement - PreSaveFile = new java.io.File(((pathPrefix + java.lang.Integer.toString(counter)) + .png)): null

2018-12-13 14:06:54 - [TEST_STEP][PASSED] - Statement - counter = counter + 1: null

2018-12-13 14:06:54 - [TEST_STEP][PASSED] - Statement - PreSaveFile = new java.io.File(((pathPrefix + java.lang.Integer.toString(counter)) + .png)): null

2018-12-13 14:06:54 - [TEST_STEP][PASSED] - Statement - counter = counter + 1: null

2018-12-13 14:06:54 - [TEST_STEP][PASSED] - Statement - PreSaveFile = new java.io.File(((pathPrefix + java.lang.Integer.toString(counter)) + .png)): null

2018-12-13 14:06:54 - [TEST_STEP][PASSED] - Statement - counter = counter + 1: null

2018-12-13 14:06:54 - [TEST_STEP][PASSED] - Statement - PreSaveFile = new java.io.File(((pathPrefix + java.lang.Integer.toString(counter)) + .png)): null

2018-12-13 14:06:54 - [TEST_STEP][PASSED] - Statement - counter = counter + 1: null

2018-12-13 14:06:54 - [TEST_STEP][PASSED] - Statement - PreSaveFile = new java.io.File(((pathPrefix + java.lang.Integer.toString(counter)) + .png)): null

2018-12-13 14:06:54 - [TEST_STEP][PASSED] - Statement - counter = counter + 1: null

2018-12-13 14:06:54 - [TEST_STEP][PASSED] - Statement - PreSaveFile = new java.io.File(((pathPrefix + java.lang.Integer.toString(counter)) + .png)): null

2018-12-13 14:06:54 - [TEST_STEP][PASSED] - Statement - counter = counter + 1: null

2018-12-13 14:06:54 - [TEST_STEP][PASSED] - Statement - PreSaveFile = new java.io.File(((pathPrefix + java.lang.Integer.toString(counter)) + .png)): null

2018-12-13 14:06:54 - [TEST_STEP][PASSED] - Statement - counter = counter + 1: null

2018-12-13 14:06:55 - [TEST_STEP][PASSED] - Statement - PreSaveFile = new java.io.File(((pathPrefix + java.lang.Integer.toString(counter)) + .png)): null

2018-12-13 14:06:55 - [TEST_STEP][PASSED] - Statement - counter = counter + 1: null

2018-12-13 14:06:55 - [TEST_STEP][PASSED] - Statement - PreSaveFile = new java.io.File(((pathPrefix + java.lang.Integer.toString(counter)) + .png)): null

2018-12-13 14:06:55 - [TEST_STEP][PASSED] - Statement - counter = counter + 1: null

2018-12-13 14:06:55 - [TEST_STEP][PASSED] - Statement - PreSaveFile = new java.io.File(((pathPrefix + java.lang.Integer.toString(counter)) + .png)): null

2018-12-13 14:06:55 - [TEST_STEP][PASSED] - Statement - counter = counter + 1: null

2018-12-13 14:06:55 - [TEST_STEP][PASSED] - Statement - PreSaveFile = new java.io.File(((pathPrefix + java.lang.Integer.toString(counter)) + .png)): null

2018-12-13 14:06:55 - [TEST_STEP][PASSED] - Statement - counter = counter + 1: null

2018-12-13 14:06:55 - [TEST_STEP][PASSED] - Statement - PreSaveFile = new java.io.File(((pathPrefix + java.lang.Integer.toString(counter)) + .png)): null

2018-12-13 14:06:55 - [TEST_STEP][PASSED] - Statement - counter = counter + 1: null

2018-12-13 14:06:55 - [TEST_STEP][PASSED] - Statement - PreSaveFile = new java.io.File(((pathPrefix + java.lang.Integer.toString(counter)) + .png)): null

2018-12-13 14:06:55 - [TEST_STEP][PASSED] - Statement - counter = counter + 1: null

2018-12-13 14:06:55 - [TEST_STEP][PASSED] - Statement - PreSaveFile = new java.io.File(((pathPrefix + java.lang.Integer.toString(counter)) + .png)): null

2018-12-13 14:06:55 - [TEST_STEP][PASSED] - Statement - counter = counter + 1: null

2018-12-13 14:06:55 - [TEST_STEP][PASSED] - Statement - PreSaveFile = new java.io.File(((pathPrefix + java.lang.Integer.toString(counter)) + .png)): null

2018-12-13 14:06:55 - [TEST_STEP][PASSED] - Statement - counter = counter + 1: null

2018-12-13 14:06:55 - [TEST_STEP][PASSED] - Statement - PreSaveFile = new java.io.File(((pathPrefix + java.lang.Integer.toString(counter)) + .png)): null

2018-12-13 14:06:55 - [TEST_STEP][PASSED] - Statement - counter = counter + 1: null

2018-12-13 14:06:55 - [TEST_STEP][PASSED] - Statement - PreSaveFile = new java.io.File(((pathPrefix + java.lang.Integer.toString(counter)) + .png)): null

2018-12-13 14:06:55 - [TEST_STEP][PASSED] - Statement - counter = counter + 1: null

2018-12-13 14:06:55 - [TEST_STEP][PASSED] - Statement - PreSaveFile = new java.io.File(((pathPrefix + java.lang.Integer.toString(counter)) + .png)): null

2018-12-13 14:06:55 - [TEST_STEP][PASSED] - Statement - counter = counter + 1: null

2018-12-13 14:06:55 - [TEST_STEP][PASSED] - Statement - PreSaveFile = new java.io.File(((pathPrefix + java.lang.Integer.toString(counter)) + .png)): null

2018-12-13 14:06:55 - [TEST_STEP][PASSED] - Statement - counter = counter + 1: null

2018-12-13 14:06:55 - [TEST_STEP][PASSED] - Statement - PreSaveFile = new java.io.File(((pathPrefix + java.lang.Integer.toString(counter)) + .png)): null

2018-12-13 14:06:55 - [TEST_STEP][PASSED] - Statement - counter = counter + 1: null

2018-12-13 14:06:55 - [TEST_STEP][PASSED] - Statement - PreSaveFile = new java.io.File(((pathPrefix + java.lang.Integer.toString(counter)) + .png)): null

2018-12-13 14:06:55 - [TEST_STEP][PASSED] - Statement - counter = counter + 1: null

2018-12-13 14:06:55 - [TEST_STEP][PASSED] - Statement - PreSaveFile = new java.io.File(((pathPrefix + java.lang.Integer.toString(counter)) + .png)): null

2018-12-13 14:06:55 - [TEST_STEP][PASSED] - Statement - counter = counter + 1: null

2018-12-13 14:06:55 - [TEST_STEP][PASSED] - Statement - PreSaveFile = new java.io.File(((pathPrefix + java.lang.Integer.toString(counter)) + .png)): null

2018-12-13 14:06:55 - [TEST_STEP][PASSED] - Statement - counter = counter + 1: null

2018-12-13 14:06:55 - [TEST_STEP][PASSED] - Statement - PreSaveFile = new java.io.File(((pathPrefix + java.lang.Integer.toString(counter)) + .png)): null

2018-12-13 14:06:55 - [TEST_STEP][PASSED] - Statement - counter = counter + 1: null

2018-12-13 14:06:55 - [TEST_STEP][PASSED] - Statement - PreSaveFile = new java.io.File(((pathPrefix + java.lang.Integer.toString(counter)) + .png)): null

2018-12-13 14:06:55 - [TEST_STEP][PASSED] - Statement - counter = counter + 1: null

2018-12-13 14:06:55 - [TEST_STEP][PASSED] - Statement - PreSaveFile = new java.io.File(((pathPrefix + java.lang.Integer.toString(counter)) + .png)): null

2018-12-13 14:06:55 - [TEST_STEP][PASSED] - Statement - counter = counter + 1: null

2018-12-13 14:06:55 - [TEST_STEP][PASSED] - Statement - PreSaveFile = new java.io.File(((pathPrefix + java.lang.Integer.toString(counter)) + .png)): null

2018-12-13 14:06:55 - [TEST_STEP][PASSED] - Statement - counter = counter + 1: null

2018-12-13 14:06:55 - [TEST_STEP][PASSED] - Statement - PreSaveFile = new java.io.File(((pathPrefix + java.lang.Integer.toString(counter)) + .png)): null

2018-12-13 14:06:55 - [TEST_STEP][PASSED] - Statement - counter = counter + 1: null

2018-12-13 14:06:55 - [TEST_STEP][PASSED] - Statement - PreSaveFile = new java.io.File(((pathPrefix + java.lang.Integer.toString(counter)) + .png)): null

2018-12-13 14:06:55 - [TEST_STEP][PASSED] - Statement - counter = counter + 1: null

2018-12-13 14:06:55 - [TEST_STEP][PASSED] - Statement - PreSaveFile = new java.io.File(((pathPrefix + java.lang.Integer.toString(counter)) + .png)): null

2018-12-13 14:06:55 - [TEST_STEP][PASSED] - Statement - counter = counter + 1: null

2018-12-13 14:06:55 - [TEST_STEP][PASSED] - Statement - PreSaveFile = new java.io.File(((pathPrefix + java.lang.Integer.toString(counter)) + .png)): null

2018-12-13 14:06:55 - [TEST_STEP][PASSED] - Statement - counter = counter + 1: null

2018-12-13 14:06:55 - [TEST_STEP][PASSED] - Statement - PreSaveFile = new java.io.File(((pathPrefix + java.lang.Integer.toString(counter)) + .png)): null

2018-12-13 14:06:55 - [TEST_STEP][PASSED] - Statement - counter = counter + 1: null

2018-12-13 14:06:55 - [TEST_STEP][PASSED] - Statement - PreSaveFile = new java.io.File(((pathPrefix + java.lang.Integer.toString(counter)) + .png)): null

2018-12-13 14:06:55 - [TEST_STEP][PASSED] - Statement - counter = counter + 1: null

2018-12-13 14:06:55 - [TEST_STEP][PASSED] - Statement - PreSaveFile = new java.io.File(((pathPrefix + java.lang.Integer.toString(counter)) + .png)): null

2018-12-13 14:06:55 - [TEST_STEP][PASSED] - Statement - counter = counter + 1: null

2018-12-13 14:06:55 - [TEST_STEP][PASSED] - Statement - PreSaveFile = new java.io.File(((pathPrefix + java.lang.Integer.toString(counter)) + .png)): null

2018-12-13 14:06:55 - [TEST_STEP][PASSED] - Statement - counter = counter + 1: null

2018-12-13 14:06:55 - [TEST_STEP][PASSED] - Statement - PreSaveFile = new java.io.File(((pathPrefix + java.lang.Integer.toString(counter)) + .png)): null

2018-12-13 14:06:55 - [TEST_STEP][PASSED] - Statement - counter = counter + 1: null

2018-12-13 14:06:55 - [TEST_STEP][PASSED] - Statement - PreSaveFile = new java.io.File(((pathPrefix + java.lang.Integer.toString(counter)) + .png)): null

2018-12-13 14:06:55 - [TEST_STEP][PASSED] - Statement - counter = counter + 1: null

2018-12-13 14:06:55 - [TEST_STEP][PASSED] - Statement - PreSaveFile = new java.io.File(((pathPrefix + java.lang.Integer.toString(counter)) + .png)): null

2018-12-13 14:06:55 - [TEST_STEP][PASSED] - Statement - counter = counter + 1: null

2018-12-13 14:06:55 - [TEST_STEP][PASSED] - Statement - PreSaveFile = new java.io.File(((pathPrefix + java.lang.Integer.toString(counter)) + .png)): null

2018-12-13 14:06:55 - [TEST_STEP][PASSED] - Statement - counter = counter + 1: null

2018-12-13 14:06:55 - [TEST_STEP][PASSED] - Statement - PreSaveFile = new java.io.File(((pathPrefix + java.lang.Integer.toString(counter)) + .png)): null

2018-12-13 14:06:55 - [TEST_STEP][PASSED] - Statement - counter = counter + 1: null

2018-12-13 14:06:55 - [TEST_STEP][PASSED] - Statement - PreSaveFile = new java.io.File(((pathPrefix + java.lang.Integer.toString(counter)) + .png)): null

2018-12-13 14:06:55 - [TEST_STEP][PASSED] - Statement - counter = counter + 1: null

2018-12-13 14:06:55 - [TEST_STEP][PASSED] - Statement - PreSaveFile = new java.io.File(((pathPrefix + java.lang.Integer.toString(counter)) + .png)): null

2018-12-13 14:06:55 - [TEST_STEP][PASSED] - Statement - counter = counter + 1: null

2018-12-13 14:06:55 - [TEST_STEP][PASSED] - Statement - PreSaveFile = new java.io.File(((pathPrefix + java.lang.Integer.toString(counter)) + .png)): null

2018-12-13 14:06:55 - [TEST_STEP][PASSED] - Statement - counter = counter + 1: null

2018-12-13 14:06:55 - [TEST_STEP][PASSED] - Statement - PreSaveFile = new java.io.File(((pathPrefix + java.lang.Integer.toString(counter)) + .png)): null

2018-12-13 14:06:55 - [TEST_STEP][PASSED] - Statement - counter = counter + 1: null

2018-12-13 14:06:55 - [TEST_STEP][PASSED] - Statement - PreSaveFile = new java.io.File(((pathPrefix + java.lang.Integer.toString(counter)) + .png)): null

2018-12-13 14:06:55 - [TEST_STEP][PASSED] - Statement - counter = counter + 1: null

2018-12-13 14:06:55 - [TEST_STEP][PASSED] - Statement - PreSaveFile = new java.io.File(((pathPrefix + java.lang.Integer.toString(counter)) + .png)): null

2018-12-13 14:06:55 - [TEST_STEP][PASSED] - Statement - counter = counter + 1: null

2018-12-13 14:06:55 - [TEST_STEP][PASSED] - Statement - PreSaveFile = new java.io.File(((pathPrefix + java.lang.Integer.toString(counter)) + .png)): null

2018-12-13 14:06:55 - [TEST_STEP][PASSED] - Statement - counter = counter + 1: null

2018-12-13 14:06:55 - [TEST_STEP][PASSED] - Statement - PreSaveFile = new java.io.File(((pathPrefix + java.lang.Integer.toString(counter)) + .png)): null

2018-12-13 14:06:55 - [TEST_STEP][PASSED] - Statement - counter = counter + 1: null

2018-12-13 14:06:55 - [TEST_STEP][PASSED] - Statement - PreSaveFile = new java.io.File(((pathPrefix + java.lang.Integer.toString(counter)) + .png)): null

2018-12-13 14:06:55 - [TEST_STEP][PASSED] - Statement - counter = counter + 1: null

2018-12-13 14:06:55 - [TEST_STEP][PASSED] - Statement - PreSaveFile = new java.io.File(((pathPrefix + java.lang.Integer.toString(counter)) + .png)): null

2018-12-13 14:06:55 - [TEST_STEP][PASSED] - Statement - counter = counter + 1: null

2018-12-13 14:06:55 - [TEST_STEP][PASSED] - Statement - PreSaveFile = new java.io.File(((pathPrefix + java.lang.Integer.toString(counter)) + .png)): null

2018-12-13 14:06:55 - [TEST_STEP][PASSED] - Statement - counter = counter + 1: null

2018-12-13 14:06:55 - [TEST_STEP][PASSED] - Statement - PreSaveFile = new java.io.File(((pathPrefix + java.lang.Integer.toString(counter)) + .png)): null

2018-12-13 14:06:55 - [TEST_STEP][PASSED] - Statement - counter = counter + 1: null

2018-12-13 14:06:55 - [TEST_STEP][PASSED] - Statement - PreSaveFile = new java.io.File(((pathPrefix + java.lang.Integer.toString(counter)) + .png)): null

2018-12-13 14:06:55 - [TEST_STEP][PASSED] - Statement - counter = counter + 1: null

2018-12-13 14:06:55 - [TEST_STEP][PASSED] - Statement - PreSaveFile = new java.io.File(((pathPrefix + java.lang.Integer.toString(counter)) + .png)): null

2018-12-13 14:06:55 - [TEST_STEP][PASSED] - Statement - counter = counter + 1: null

2018-12-13 14:06:55 - [TEST_STEP][PASSED] - Statement - PreSaveFile = new java.io.File(((pathPrefix + java.lang.Integer.toString(counter)) + .png)): null

2018-12-13 14:06:55 - [TEST_STEP][PASSED] - Statement - counter = counter + 1: null

2018-12-13 14:06:55 - [TEST_STEP][PASSED] - Statement - PreSaveFile = new java.io.File(((pathPrefix + java.lang.Integer.toString(counter)) + .png)): null

2018-12-13 14:06:55 - [TEST_STEP][PASSED] - Statement - counter = counter + 1: null

2018-12-13 14:06:55 - [TEST_STEP][PASSED] - Statement - PreSaveFile = new java.io.File(((pathPrefix + java.lang.Integer.toString(counter)) + .png)): null

2018-12-13 14:06:55 - [TEST_STEP][PASSED] - Statement - counter = counter + 1: null

2018-12-13 14:06:55 - [TEST_STEP][PASSED] - Statement - PreSaveFile = new java.io.File(((pathPrefix + java.lang.Integer.toString(counter)) + .png)): null

2018-12-13 14:06:55 - [TEST_STEP][PASSED] - Statement - counter = counter + 1: null

2018-12-13 14:06:55 - [TEST_STEP][PASSED] - Statement - PreSaveFile = new java.io.File(((pathPrefix + java.lang.Integer.toString(counter)) + .png)): null

2018-12-13 14:06:55 - [TEST_STEP][PASSED] - Statement - counter = counter + 1: null

2018-12-13 14:06:55 - [TEST_STEP][PASSED] - Statement - PreSaveFile = new java.io.File(((pathPrefix + java.lang.Integer.toString(counter)) + .png)): null

2018-12-13 14:06:55 - [TEST_STEP][PASSED] - Statement - counter = counter + 1: null

2018-12-13 14:06:55 - [TEST_STEP][PASSED] - Statement - PreSaveFile = new java.io.File(((pathPrefix + java.lang.Integer.toString(counter)) + .png)): null

2018-12-13 14:06:55 - [TEST_STEP][PASSED] - Statement - counter = counter + 1: null

2018-12-13 14:06:55 - [TEST_STEP][PASSED] - Statement - PreSaveFile = new java.io.File(((pathPrefix + java.lang.Integer.toString(counter)) + .png)): null

2018-12-13 14:06:55 - [TEST_STEP][PASSED] - Statement - counter = counter + 1: null

2018-12-13 14:06:55 - [TEST_STEP][PASSED] - Statement - PreSaveFile = new java.io.File(((pathPrefix + java.lang.Integer.toString(counter)) + .png)): null

2018-12-13 14:06:55 - [TEST_STEP][PASSED] - Statement - counter = counter + 1: null

2018-12-13 14:06:55 - [TEST_STEP][PASSED] - Statement - PreSaveFile = new java.io.File(((pathPrefix + java.lang.Integer.toString(counter)) + .png)): null

2018-12-13 14:06:55 - [TEST_STEP][PASSED] - Statement - counter = counter + 1: null

2018-12-13 14:06:55 - [TEST_STEP][PASSED] - Statement - PreSaveFile = new java.io.File(((pathPrefix + java.lang.Integer.toString(counter)) + .png)): null

2018-12-13 14:06:55 - [TEST_STEP][PASSED] - Statement - counter = counter + 1: null

2018-12-13 14:06:55 - [TEST_STEP][PASSED] - Statement - PreSaveFile = new java.io.File(((pathPrefix + java.lang.Integer.toString(counter)) + .png)): null

2018-12-13 14:06:55 - [TEST_STEP][PASSED] - Statement - counter = counter + 1: null

2018-12-13 14:06:55 - [TEST_STEP][PASSED] - Statement - PreSaveFile = new java.io.File(((pathPrefix + java.lang.Integer.toString(counter)) + .png)): null

2018-12-13 14:06:55 - [TEST_STEP][PASSED] - Statement - counter = counter + 1: null

2018-12-13 14:06:55 - [TEST_STEP][PASSED] - Statement - PreSaveFile = new java.io.File(((pathPrefix + java.lang.Integer.toString(counter)) + .png)): null

2018-12-13 14:06:55 - [TEST_STEP][PASSED] - Statement - counter = counter + 1: null

2018-12-13 14:06:55 - [TEST_STEP][PASSED] - Statement - PreSaveFile = new java.io.File(((pathPrefix + java.lang.Integer.toString(counter)) + .png)): null

2018-12-13 14:06:55 - [TEST_STEP][PASSED] - Statement - counter = counter + 1: null

2018-12-13 14:06:55 - [TEST_STEP][PASSED] - Statement - PreSaveFile = new java.io.File(((pathPrefix + java.lang.Integer.toString(counter)) + .png)): null

2018-12-13 14:06:55 - [TEST_STEP][PASSED] - Statement - counter = counter + 1: null

2018-12-13 14:06:55 - [TEST_STEP][PASSED] - Statement - PreSaveFile = new java.io.File(((pathPrefix + java.lang.Integer.toString(counter)) + .png)): null

2018-12-13 14:06:55 - [TEST_STEP][PASSED] - Statement - counter = counter + 1: null

2018-12-13 14:06:55 - [TEST_STEP][PASSED] - Statement - PreSaveFile = new java.io.File(((pathPrefix + java.lang.Integer.toString(counter)) + .png)): null

2018-12-13 14:06:55 - [TEST_STEP][PASSED] - Statement - counter = counter + 1: null

2018-12-13 14:06:55 - [TEST_STEP][PASSED] - Statement - PreSaveFile = new java.io.File(((pathPrefix + java.lang.Integer.toString(counter)) + .png)): null

2018-12-13 14:06:55 - [TEST_STEP][PASSED] - Statement - counter = counter + 1: null

2018-12-13 14:06:55 - [TEST_STEP][PASSED] - Statement - PreSaveFile = new java.io.File(((pathPrefix + java.lang.Integer.toString(counter)) + .png)): null

2018-12-13 14:06:55 - [TEST_STEP][PASSED] - Statement - counter = counter + 1: null

2018-12-13 14:06:55 - [TEST_STEP][PASSED] - Statement - PreSaveFile = new java.io.File(((pathPrefix + java.lang.Integer.toString(counter)) + .png)): null

2018-12-13 14:06:55 - [TEST_STEP][PASSED] - Statement - counter = counter + 1: null

2018-12-13 14:06:55 - [TEST_STEP][PASSED] - Statement - PreSaveFile = new java.io.File(((pathPrefix + java.lang.Integer.toString(counter)) + .png)): null

2018-12-13 14:06:55 - [TEST_STEP][PASSED] - Statement - counter = counter + 1: null

2018-12-13 14:06:55 - [TEST_STEP][PASSED] - Statement - PreSaveFile = new java.io.File(((pathPrefix + java.lang.Integer.toString(counter)) + .png)): null

2018-12-13 14:06:55 - [TEST_STEP][PASSED] - Statement - counter = counter + 1: null

2018-12-13 14:06:55 - [TEST_STEP][PASSED] - Statement - PreSaveFile = new java.io.File(((pathPrefix + java.lang.Integer.toString(counter)) + .png)): null

2018-12-13 14:06:55 - [TEST_STEP][PASSED] - Statement - counter = counter + 1: null

2018-12-13 14:06:55 - [TEST_STEP][PASSED] - Statement - PreSaveFile = new java.io.File(((pathPrefix + java.lang.Integer.toString(counter)) + .png)): null

2018-12-13 14:06:55 - [TEST_STEP][PASSED] - Statement - counter = counter + 1: null

2018-12-13 14:06:55 - [TEST_STEP][PASSED] - Statement - PreSaveFile = new java.io.File(((pathPrefix + java.lang.Integer.toString(counter)) + .png)): null

2018-12-13 14:06:55 - [TEST_STEP][PASSED] - Statement - counter = counter + 1: null

2018-12-13 14:06:55 - [TEST_STEP][PASSED] - Statement - PreSaveFile = new java.io.File(((pathPrefix + java.lang.Integer.toString(counter)) + .png)): null

2018-12-13 14:06:55 - [TEST_STEP][PASSED] - Statement - counter = counter + 1: null

2018-12-13 14:06:55 - [TEST_STEP][PASSED] - Statement - PreSaveFile = new java.io.File(((pathPrefix + java.lang.Integer.toString(counter)) + .png)): null

2018-12-13 14:06:55 - [TEST_STEP][PASSED] - Statement - counter = counter + 1: null

2018-12-13 14:06:55 - [TEST_STEP][PASSED] - Statement - PreSaveFile = new java.io.File(((pathPrefix + java.lang.Integer.toString(counter)) + .png)): null

2018-12-13 14:06:55 - [TEST_STEP][PASSED] - Statement - counter = counter + 1: null

2018-12-13 14:06:55 - [TEST_STEP][PASSED] - Statement - PreSaveFile = new java.io.File(((pathPrefix + java.lang.Integer.toString(counter)) + .png)): null

2018-12-13 14:06:55 - [TEST_STEP][PASSED] - Statement - counter = counter + 1: null

2018-12-13 14:06:55 - [TEST_STEP][PASSED] - Statement - PreSaveFile = new java.io.File(((pathPrefix + java.lang.Integer.toString(counter)) + .png)): null

2018-12-13 14:06:55 - [TEST_STEP][PASSED] - Statement - counter = counter + 1: null

2018-12-13 14:06:55 - [TEST_STEP][PASSED] - Statement - PreSaveFile = new java.io.File(((pathPrefix + java.lang.Integer.toString(counter)) + .png)): null

2018-12-13 14:06:55 - [TEST_STEP][PASSED] - Statement - counter = counter + 1: null

2018-12-13 14:06:55 - [TEST_STEP][PASSED] - Statement - PreSaveFile = new java.io.File(((pathPrefix + java.lang.Integer.toString(counter)) + .png)): null

2018-12-13 14:06:55 - [TEST_STEP][PASSED] - Statement - counter = counter + 1: null

2018-12-13 14:06:55 - [TEST_STEP][PASSED] - Statement - PreSaveFile = new java.io.File(((pathPrefix + java.lang.Integer.toString(counter)) + .png)): null

2018-12-13 14:06:55 - [TEST_STEP][PASSED] - Statement - counter = counter + 1: null

2018-12-13 14:06:55 - [TEST_STEP][PASSED] - Statement - PreSaveFile = new java.io.File(((pathPrefix + java.lang.Integer.toString(counter)) + .png)): null

2018-12-13 14:06:55 - [TEST_STEP][PASSED] - Statement - counter = counter + 1: null

2018-12-13 14:06:55 - [TEST_STEP][PASSED] - Statement - PreSaveFile = new java.io.File(((pathPrefix + java.lang.Integer.toString(counter)) + .png)): null

2018-12-13 14:06:55 - [TEST_STEP][PASSED] - Statement - counter = counter + 1: null

2018-12-13 14:06:55 - [TEST_STEP][PASSED] - Statement - PreSaveFile = new java.io.File(((pathPrefix + java.lang.Integer.toString(counter)) + .png)): null

2018-12-13 14:06:55 - [TEST_STEP][PASSED] - Statement - counter = counter + 1: null

2018-12-13 14:06:55 - [TEST_STEP][PASSED] - Statement - PreSaveFile = new java.io.File(((pathPrefix + java.lang.Integer.toString(counter)) + .png)): null

2018-12-13 14:06:55 - [TEST_STEP][PASSED] - Statement - counter = counter + 1: null

2018-12-13 14:06:55 - [TEST_STEP][PASSED] - Statement - PreSaveFile = new java.io.File(((pathPrefix + java.lang.Integer.toString(counter)) + .png)): null

2018-12-13 14:06:55 - [TEST_STEP][PASSED] - Statement - counter = counter + 1: null

2018-12-13 14:06:55 - [TEST_STEP][PASSED] - Statement - PreSaveFile = new java.io.File(((pathPrefix + java.lang.Integer.toString(counter)) + .png)): null

2018-12-13 14:06:55 - [TEST_STEP][PASSED] - Statement - counter = counter + 1: null

2018-12-13 14:06:55 - [TEST_STEP][PASSED] - Statement - PreSaveFile = new java.io.File(((pathPrefix + java.lang.Integer.toString(counter)) + .png)): null

2018-12-13 14:06:55 - [TEST_STEP][PASSED] - Statement - counter = counter + 1: null

2018-12-13 14:06:55 - [TEST_STEP][PASSED] - Statement - PreSaveFile = new java.io.File(((pathPrefix + java.lang.Integer.toString(counter)) + .png)): null

2018-12-13 14:06:55 - [TEST_STEP][PASSED] - Statement - counter = counter + 1: null

2018-12-13 14:06:55 - [TEST_STEP][PASSED] - Statement - PreSaveFile = new java.io.File(((pathPrefix + java.lang.Integer.toString(counter)) + .png)): null

2018-12-13 14:06:55 - [TEST_STEP][PASSED] - Statement - counter = counter + 1: null

2018-12-13 14:06:55 - [TEST_STEP][PASSED] - Statement - PreSaveFile = new java.io.File(((pathPrefix + java.lang.Integer.toString(counter)) + .png)): null

2018-12-13 14:06:55 - [TEST_STEP][PASSED] - Statement - counter = counter + 1: null

2018-12-13 14:06:55 - [TEST_STEP][PASSED] - Statement - PreSaveFile = new java.io.File(((pathPrefix + java.lang.Integer.toString(counter)) + .png)): null

2018-12-13 14:06:55 - [TEST_STEP][PASSED] - Statement - counter = counter + 1: null

2018-12-13 14:06:55 - [TEST_STEP][PASSED] - Statement - PreSaveFile = new java.io.File(((pathPrefix + java.lang.Integer.toString(counter)) + .png)): null

2018-12-13 14:06:55 - [TEST_STEP][PASSED] - Statement - counter = counter + 1: null

2018-12-13 14:06:55 - [TEST_STEP][PASSED] - Statement - PreSaveFile = new java.io.File(((pathPrefix + java.lang.Integer.toString(counter)) + .png)): null

2018-12-13 14:06:55 - [TEST_STEP][PASSED] - Statement - counter = counter + 1: null

2018-12-13 14:06:55 - [TEST_STEP][PASSED] - Statement - PreSaveFile = new java.io.File(((pathPrefix + java.lang.Integer.toString(counter)) + .png)): null

2018-12-13 14:06:55 - [TEST_STEP][PASSED] - Statement - counter = counter + 1: null

2018-12-13 14:06:55 - [TEST_STEP][PASSED] - Statement - PreSaveFile = new java.io.File(((pathPrefix + java.lang.Integer.toString(counter)) + .png)): null

2018-12-13 14:06:55 - [TEST_STEP][PASSED] - Statement - counter = counter + 1: null

2018-12-13 14:06:55 - [TEST_STEP][PASSED] - Statement - PreSaveFile = new java.io.File(((pathPrefix + java.lang.Integer.toString(counter)) + .png)): null

2018-12-13 14:06:55 - [TEST_STEP][PASSED] - Statement - counter = counter + 1: null

2018-12-13 14:06:55 - [TEST_STEP][PASSED] - Statement - PreSaveFile = new java.io.File(((pathPrefix + java.lang.Integer.toString(counter)) + .png)): null

2018-12-13 14:06:55 - [TEST_STEP][PASSED] - Statement - counter = counter + 1: null

2018-12-13 14:06:55 - [TEST_STEP][PASSED] - Statement - PreSaveFile = new java.io.File(((pathPrefix + java.lang.Integer.toString(counter)) + .png)): null

2018-12-13 14:06:55 - [TEST_STEP][PASSED] - Statement - counter = counter + 1: null

2018-12-13 14:06:55 - [TEST_STEP][PASSED] - Statement - PreSaveFile = new java.io.File(((pathPrefix + java.lang.Integer.toString(counter)) + .png)): null

2018-12-13 14:06:55 - [TEST_STEP][PASSED] - Statement - counter = counter + 1: null

2018-12-13 14:06:55 - [TEST_STEP][PASSED] - Statement - PreSaveFile = new java.io.File(((pathPrefix + java.lang.Integer.toString(counter)) + .png)): null

2018-12-13 14:06:55 - [TEST_STEP][PASSED] - Statement - counter = counter + 1: null

2018-12-13 14:06:55 - [TEST_STEP][PASSED] - Statement - PreSaveFile = new java.io.File(((pathPrefix + java.lang.Integer.toString(counter)) + .png)): null

2018-12-13 14:06:55 - [TEST_STEP][PASSED] - Statement - counter = counter + 1: null

2018-12-13 14:06:55 - [TEST_STEP][PASSED] - Statement - PreSaveFile = new java.io.File(((pathPrefix + java.lang.Integer.toString(counter)) + .png)): null

2018-12-13 14:06:55 - [TEST_STEP][PASSED] - Statement - counter = counter + 1: null

2018-12-13 14:06:55 - [TEST_STEP][PASSED] - Statement - PreSaveFile = new java.io.File(((pathPrefix + java.lang.Integer.toString(counter)) + .png)): null

2018-12-13 14:06:55 - [TEST_STEP][PASSED] - Statement - counter = counter + 1: null

2018-12-13 14:06:55 - [TEST_STEP][PASSED] - Statement - PreSaveFile = new java.io.File(((pathPrefix + java.lang.Integer.toString(counter)) + .png)): null

2018-12-13 14:06:55 - [TEST_STEP][PASSED] - Statement - counter = counter + 1: null

2018-12-13 14:06:55 - [TEST_STEP][PASSED] - Statement - PreSaveFile = new java.io.File(((pathPrefix + java.lang.Integer.toString(counter)) + .png)): null

2018-12-13 14:06:55 - [TEST_STEP][PASSED] - Statement - counter = counter + 1: null

2018-12-13 14:06:55 - [TEST_STEP][PASSED] - Statement - PreSaveFile = new java.io.File(((pathPrefix + java.lang.Integer.toString(counter)) + .png)): null

2018-12-13 14:06:55 - [TEST_STEP][PASSED] - Statement - counter = counter + 1: null

2018-12-13 14:06:55 - [TEST_STEP][PASSED] - Statement - PreSaveFile = new java.io.File(((pathPrefix + java.lang.Integer.toString(counter)) + .png)): null

2018-12-13 14:06:55 - [TEST_STEP][PASSED] - Statement - counter = counter + 1: null

2018-12-13 14:06:55 - [TEST_STEP][PASSED] - Statement - PreSaveFile = new java.io.File(((pathPrefix + java.lang.Integer.toString(counter)) + .png)): null

2018-12-13 14:06:55 - [TEST_STEP][PASSED] - Statement - counter = counter + 1: null

2018-12-13 14:06:55 - [TEST_STEP][PASSED] - Statement - PreSaveFile = new java.io.File(((pathPrefix + java.lang.Integer.toString(counter)) + .png)): null

2018-12-13 14:06:55 - [TEST_STEP][PASSED] - Statement - counter = counter + 1: null

2018-12-13 14:06:55 - [TEST_STEP][PASSED] - Statement - PreSaveFile = new java.io.File(((pathPrefix + java.lang.Integer.toString(counter)) + .png)): null

2018-12-13 14:06:55 - [TEST_STEP][PASSED] - Statement - counter = counter + 1: null

2018-12-13 14:06:55 - [TEST_STEP][PASSED] - Statement - PreSaveFile = new java.io.File(((pathPrefix + java.lang.Integer.toString(counter)) + .png)): null

2018-12-13 14:06:55 - [TEST_STEP][PASSED] - Statement - counter = counter + 1: null

2018-12-13 14:06:55 - [TEST_STEP][PASSED] - Statement - PreSaveFile = new java.io.File(((pathPrefix + java.lang.Integer.toString(counter)) + .png)): null

2018-12-13 14:06:55 - [TEST_STEP][PASSED] - Statement - counter = counter + 1: null

2018-12-13 14:06:55 - [TEST_STEP][PASSED] - Statement - PreSaveFile = new java.io.File(((pathPrefix + java.lang.Integer.toString(counter)) + .png)): null

2018-12-13 14:06:55 - [TEST_STEP][PASSED] - Statement - counter = counter + 1: null

2018-12-13 14:06:55 - [TEST_STEP][PASSED] - Statement - PreSaveFile = new java.io.File(((pathPrefix + java.lang.Integer.toString(counter)) + .png)): null

2018-12-13 14:06:55 - [TEST_STEP][PASSED] - Statement - counter = counter + 1: null

2018-12-13 14:06:55 - [TEST_STEP][PASSED] - Statement - PreSaveFile = new java.io.File(((pathPrefix + java.lang.Integer.toString(counter)) + .png)): null

2018-12-13 14:06:55 - [TEST_STEP][PASSED] - Statement - counter = counter + 1: null

2018-12-13 14:06:55 - [TEST_STEP][PASSED] - Statement - PreSaveFile = new java.io.File(((pathPrefix + java.lang.Integer.toString(counter)) + .png)): null

2018-12-13 14:06:55 - [TEST_STEP][PASSED] - Statement - counter = counter + 1: null

2018-12-13 14:06:55 - [TEST_STEP][PASSED] - Statement - PreSaveFile = new java.io.File(((pathPrefix + java.lang.Integer.toString(counter)) + .png)): null

2018-12-13 14:06:55 - [TEST_STEP][PASSED] - Statement - counter = counter + 1: null

2018-12-13 14:06:55 - [TEST_STEP][PASSED] - Statement - PreSaveFile = new java.io.File(((pathPrefix + java.lang.Integer.toString(counter)) + .png)): null

2018-12-13 14:06:55 - [TEST_STEP][PASSED] - Statement - counter = counter + 1: null

2018-12-13 14:06:55 - [TEST_STEP][PASSED] - Statement - PreSaveFile = new java.io.File(((pathPrefix + java.lang.Integer.toString(counter)) + .png)): null

2018-12-13 14:06:55 - [TEST_STEP][PASSED] - Statement - counter = counter + 1: null

2018-12-13 14:06:55 - [TEST_STEP][PASSED] - Statement - PreSaveFile = new java.io.File(((pathPrefix + java.lang.Integer.toString(counter)) + .png)): null

2018-12-13 14:06:55 - [TEST_STEP][PASSED] - Statement - counter = counter + 1: null

2018-12-13 14:06:55 - [TEST_STEP][PASSED] - Statement - PreSaveFile = new java.io.File(((pathPrefix + java.lang.Integer.toString(counter)) + .png)): null

2018-12-13 14:06:55 - [TEST_STEP][PASSED] - Statement - counter = counter + 1: null

2018-12-13 14:06:55 - [TEST_STEP][PASSED] - Statement - PreSaveFile = new java.io.File(((pathPrefix + java.lang.Integer.toString(counter)) + .png)): null

2018-12-13 14:06:55 - [TEST_STEP][PASSED] - Statement - counter = counter + 1: null

2018-12-13 14:06:55 - [TEST_STEP][PASSED] - Statement - PreSaveFile = new java.io.File(((pathPrefix + java.lang.Integer.toString(counter)) + .png)): null

2018-12-13 14:06:55 - [TEST_STEP][PASSED] - Statement - counter = counter + 1: null

2018-12-13 14:06:55 - [TEST_STEP][PASSED] - Statement - PreSaveFile = new java.io.File(((pathPrefix + java.lang.Integer.toString(counter)) + .png)): null

2018-12-13 14:06:55 - [TEST_STEP][PASSED] - Statement - counter = counter + 1: null

2018-12-13 14:06:55 - [TEST_STEP][PASSED] - Statement - PreSaveFile = new java.io.File(((pathPrefix + java.lang.Integer.toString(counter)) + .png)): null

2018-12-13 14:06:55 - [TEST_STEP][PASSED] - Statement - counter = counter + 1: null

2018-12-13 14:06:55 - [TEST_STEP][PASSED] - Statement - PreSaveFile = new java.io.File(((pathPrefix + java.lang.Integer.toString(counter)) + .png)): null

2018-12-13 14:06:55 - [TEST_STEP][PASSED] - Statement - counter = counter + 1: null

2018-12-13 14:06:55 - [TEST_STEP][PASSED] - Statement - PreSaveFile = new java.io.File(((pathPrefix + java.lang.Integer.toString(counter)) + .png)): null

2018-12-13 14:06:55 - [TEST_STEP][PASSED] - Statement - counter = counter + 1: null

2018-12-13 14:06:55 - [TEST_STEP][PASSED] - Statement - PreSaveFile = new java.io.File(((pathPrefix + java.lang.Integer.toString(counter)) + .png)): null

2018-12-13 14:06:55 - [TEST_STEP][PASSED] - Statement - counter = counter + 1: null

2018-12-13 14:06:55 - [TEST_STEP][PASSED] - Statement - PreSaveFile = new java.io.File(((pathPrefix + java.lang.Integer.toString(counter)) + .png)): null

2018-12-13 14:06:55 - [TEST_STEP][PASSED] - Statement - counter = counter + 1: null

2018-12-13 14:06:55 - [TEST_STEP][PASSED] - Statement - PreSaveFile = new java.io.File(((pathPrefix + java.lang.Integer.toString(counter)) + .png)): null

2018-12-13 14:06:55 - [TEST_STEP][PASSED] - Statement - counter = counter + 1: null

2018-12-13 14:06:55 - [TEST_STEP][PASSED] - Statement - PreSaveFile = new java.io.File(((pathPrefix + java.lang.Integer.toString(counter)) + .png)): null

2018-12-13 14:06:55 - [TEST_STEP][PASSED] - Statement - counter = counter + 1: null

2018-12-13 14:06:55 - [TEST_STEP][PASSED] - Statement - PreSaveFile = new java.io.File(((pathPrefix + java.lang.Integer.toString(counter)) + .png)): null

2018-12-13 14:06:55 - [TEST_STEP][PASSED] - Statement - counter = counter + 1: null

2018-12-13 14:06:55 - [TEST_STEP][PASSED] - Statement - PreSaveFile = new java.io.File(((pathPrefix + java.lang.Integer.toString(counter)) + .png)): null

2018-12-13 14:06:55 - [TEST_STEP][PASSED] - Statement - counter = counter + 1: null

2018-12-13 14:06:55 - [TEST_STEP][PASSED] - Statement - PreSaveFile = new java.io.File(((pathPrefix + java.lang.Integer.toString(counter)) + .png)): null

2018-12-13 14:06:55 - [TEST_STEP][PASSED] - Statement - counter = counter + 1: null

2018-12-13 14:06:55 - [TEST_STEP][PASSED] - Statement - PreSaveFile = new java.io.File(((pathPrefix + java.lang.Integer.toString(counter)) + .png)): null

2018-12-13 14:06:55 - [TEST_STEP][PASSED] - Statement - counter = counter + 1: null

2018-12-13 14:06:55 - [TEST_STEP][PASSED] - Statement - PreSaveFile = new java.io.File(((pathPrefix + java.lang.Integer.toString(counter)) + .png)): null

2018-12-13 14:06:55 - [TEST_STEP][PASSED] - Statement - counter = counter + 1: null

2018-12-13 14:06:55 - [TEST_STEP][PASSED] - Statement - PreSaveFile = new java.io.File(((pathPrefix + java.lang.Integer.toString(counter)) + .png)): null

2018-12-13 14:06:55 - [TEST_STEP][PASSED] - Statement - counter = counter + 1: null

2018-12-13 14:06:55 - [TEST_STEP][PASSED] - Statement - PreSaveFile = new java.io.File(((pathPrefix + java.lang.Integer.toString(counter)) + .png)): null

2018-12-13 14:06:55 - [TEST_STEP][PASSED] - Statement - counter = counter + 1: null

2018-12-13 14:06:55 - [TEST_STEP][PASSED] - Statement - PreSaveFile = new java.io.File(((pathPrefix + java.lang.Integer.toString(counter)) + .png)): null

2018-12-13 14:06:55 - [TEST_STEP][PASSED] - Statement - counter = counter + 1: null

2018-12-13 14:06:55 - [TEST_STEP][PASSED] - Statement - PreSaveFile = new java.io.File(((pathPrefix + java.lang.Integer.toString(counter)) + .png)): null

2018-12-13 14:06:55 - [TEST_STEP][PASSED] - Statement - counter = counter + 1: null

2018-12-13 14:06:55 - [TEST_STEP][PASSED] - Statement - PreSaveFile = new java.io.File(((pathPrefix + java.lang.Integer.toString(counter)) + .png)): null

2018-12-13 14:06:55 - [TEST_STEP][PASSED] - Statement - counter = counter + 1: null

2018-12-13 14:06:55 - [TEST_STEP][PASSED] - Statement - PreSaveFile = new java.io.File(((pathPrefix + java.lang.Integer.toString(counter)) + .png)): null

2018-12-13 14:06:55 - [TEST_STEP][PASSED] - Statement - counter = counter + 1: null

2018-12-13 14:06:55 - [TEST_STEP][PASSED] - Statement - PreSaveFile = new java.io.File(((pathPrefix + java.lang.Integer.toString(counter)) + .png)): null

2018-12-13 14:06:55 - [TEST_STEP][PASSED] - Statement - counter = counter + 1: null

2018-12-13 14:06:55 - [TEST_STEP][PASSED] - Statement - PreSaveFile = new java.io.File(((pathPrefix + java.lang.Integer.toString(counter)) + .png)): null

2018-12-13 14:06:55 - [TEST_STEP][PASSED] - Statement - counter = counter + 1: null

2018-12-13 14:06:55 - [TEST_STEP][PASSED] - Statement - PreSaveFile = new java.io.File(((pathPrefix + java.lang.Integer.toString(counter)) + .png)): null

2018-12-13 14:06:55 - [TEST_STEP][PASSED] - Statement - counter = counter + 1: null

2018-12-13 14:06:55 - [TEST_STEP][PASSED] - Statement - PreSaveFile = new java.io.File(((pathPrefix + java.lang.Integer.toString(counter)) + .png)): null

2018-12-13 14:06:55 - [TEST_STEP][PASSED] - Statement - counter = counter + 1: null

2018-12-13 14:06:55 - [TEST_STEP][PASSED] - Statement - PreSaveFile = new java.io.File(((pathPrefix + java.lang.Integer.toString(counter)) + .png)): null

2018-12-13 14:06:55 - [TEST_STEP][PASSED] - Statement - counter = counter + 1: null

2018-12-13 14:06:55 - [TEST_STEP][PASSED] - Statement - PreSaveFile = new java.io.File(((pathPrefix + java.lang.Integer.toString(counter)) + .png)): null

2018-12-13 14:06:55 - [TEST_STEP][PASSED] - Statement - counter = counter + 1: null

2018-12-13 14:06:55 - [TEST_STEP][PASSED] - Statement - PreSaveFile = new java.io.File(((pathPrefix + java.lang.Integer.toString(counter)) + .png)): null

2018-12-13 14:06:55 - [TEST_STEP][PASSED] - Statement - counter = counter + 1: null

2018-12-13 14:06:55 - [TEST_STEP][PASSED] - Statement - PreSaveFile = new java.io.File(((pathPrefix + java.lang.Integer.toString(counter)) + .png)): null

2018-12-13 14:06:55 - [TEST_STEP][PASSED] - Statement - counter = counter + 1: null

2018-12-13 14:06:55 - [TEST_STEP][PASSED] - Statement - PreSaveFile = new java.io.File(((pathPrefix + java.lang.Integer.toString(counter)) + .png)): null

2018-12-13 14:06:55 - [TEST_STEP][PASSED] - Statement - counter = counter + 1: null

2018-12-13 14:06:55 - [TEST_STEP][PASSED] - Statement - PreSaveFile = new java.io.File(((pathPrefix + java.lang.Integer.toString(counter)) + .png)): null

2018-12-13 14:06:55 - [TEST_STEP][PASSED] - Statement - counter = counter + 1: null

2018-12-13 14:06:55 - [TEST_STEP][PASSED] - Statement - PreSaveFile = new java.io.File(((pathPrefix + java.lang.Integer.toString(counter)) + .png)): null

2018-12-13 14:06:55 - [TEST_STEP][PASSED] - Statement - counter = counter + 1: null

2018-12-13 14:06:55 - [TEST_STEP][PASSED] - Statement - PreSaveFile = new java.io.File(((pathPrefix + java.lang.Integer.toString(counter)) + .png)): null

2018-12-13 14:06:55 - [TEST_STEP][PASSED] - Statement - counter = counter + 1: null

2018-12-13 14:06:55 - [TEST_STEP][PASSED] - Statement - PreSaveFile = new java.io.File(((pathPrefix + java.lang.Integer.toString(counter)) + .png)): null

2018-12-13 14:06:55 - [TEST_STEP][PASSED] - Statement - counter = counter + 1: null

2018-12-13 14:06:55 - [TEST_STEP][PASSED] - Statement - PreSaveFile = new java.io.File(((pathPrefix + java.lang.Integer.toString(counter)) + .png)): null

2018-12-13 14:06:55 - [TEST_STEP][PASSED] - Statement - counter = counter + 1: null

2018-12-13 14:06:55 - [TEST_STEP][PASSED] - Statement - PreSaveFile = new java.io.File(((pathPrefix + java.lang.Integer.toString(counter)) + .png)): null

2018-12-13 14:06:55 - [TEST_STEP][PASSED] - Statement - counter = counter + 1: null

2018-12-13 14:06:55 - [TEST_STEP][PASSED] - Statement - PreSaveFile = new java.io.File(((pathPrefix + java.lang.Integer.toString(counter)) + .png)): null

2018-12-13 14:06:55 - [TEST_STEP][PASSED] - Statement - counter = counter + 1: null

2018-12-13 14:06:55 - [TEST_STEP][PASSED] - Statement - PreSaveFile = new java.io.File(((pathPrefix + java.lang.Integer.toString(counter)) + .png)): null

2018-12-13 14:06:55 - [TEST_STEP][PASSED] - Statement - counter = counter + 1: null

2018-12-13 14:06:55 - [TEST_STEP][PASSED] - Statement - PreSaveFile = new java.io.File(((pathPrefix + java.lang.Integer.toString(counter)) + .png)): null

2018-12-13 14:06:55 - [TEST_STEP][PASSED] - Statement - counter = counter + 1: null

2018-12-13 14:06:55 - [TEST_STEP][PASSED] - Statement - PreSaveFile = new java.io.File(((pathPrefix + java.lang.Integer.toString(counter)) + .png)): null

2018-12-13 14:06:55 - [TEST_STEP][PASSED] - Statement - counter = counter + 1: null

2018-12-13 14:06:55 - [TEST_STEP][PASSED] - Statement - PreSaveFile = new java.io.File(((pathPrefix + java.lang.Integer.toString(counter)) + .png)): null

2018-12-13 14:06:55 - [TEST_STEP][PASSED] - Statement - counter = counter + 1: null

2018-12-13 14:06:55 - [TEST_STEP][PASSED] - Statement - PreSaveFile = new java.io.File(((pathPrefix + java.lang.Integer.toString(counter)) + .png)): null

2018-12-13 14:06:55 - [TEST_STEP][PASSED] - Statement - counter = counter + 1: null

2018-12-13 14:06:55 - [TEST_STEP][PASSED] - Statement - PreSaveFile = new java.io.File(((pathPrefix + java.lang.Integer.toString(counter)) + .png)): null

2018-12-13 14:06:55 - [TEST_STEP][PASSED] - Statement - counter = counter + 1: null

2018-12-13 14:06:55 - [TEST_STEP][PASSED] - Statement - PreSaveFile = new java.io.File(((pathPrefix + java.lang.Integer.toString(counter)) + .png)): null

2018-12-13 14:06:55 - [TEST_STEP][PASSED] - Statement - counter = counter + 1: null

2018-12-13 14:06:55 - [TEST_STEP][PASSED] - Statement - PreSaveFile = new java.io.File(((pathPrefix + java.lang.Integer.toString(counter)) + .png)): null

2018-12-13 14:06:55 - [TEST_STEP][PASSED] - Statement - counter = counter + 1: null

2018-12-13 14:06:55 - [TEST_STEP][PASSED] - Statement - PreSaveFile = new java.io.File(((pathPrefix + java.lang.Integer.toString(counter)) + .png)): null

2018-12-13 14:06:55 - [TEST_STEP][PASSED] - Statement - counter = counter + 1: null

2018-12-13 14:06:55 - [TEST_STEP][PASSED] - Statement - PreSaveFile = new java.io.File(((pathPrefix + java.lang.Integer.toString(counter)) + .png)): null

2018-12-13 14:06:55 - [TEST_STEP][PASSED] - Statement - counter = counter + 1: null

2018-12-13 14:06:55 - [TEST_STEP][PASSED] - Statement - PreSaveFile = new java.io.File(((pathPrefix + java.lang.Integer.toString(counter)) + .png)): null

2018-12-13 14:06:55 - [TEST_STEP][PASSED] - Statement - counter = counter + 1: null

2018-12-13 14:06:55 - [TEST_STEP][PASSED] - Statement - PreSaveFile = new java.io.File(((pathPrefix + java.lang.Integer.toString(counter)) + .png)): null

2018-12-13 14:06:55 - [TEST_STEP][PASSED] - Statement - counter = counter + 1: null

2018-12-13 14:06:55 - [TEST_STEP][PASSED] - Statement - PreSaveFile = new java.io.File(((pathPrefix + java.lang.Integer.toString(counter)) + .png)): null

2018-12-13 14:06:55 - [TEST_STEP][PASSED] - Statement - counter = counter + 1: null

2018-12-13 14:06:55 - [TEST_STEP][PASSED] - Statement - PreSaveFile = new java.io.File(((pathPrefix + java.lang.Integer.toString(counter)) + .png)): null

2018-12-13 14:06:55 - [TEST_STEP][PASSED] - Statement - counter = counter + 1: null

2018-12-13 14:06:55 - [TEST_STEP][PASSED] - Statement - PreSaveFile = new java.io.File(((pathPrefix + java.lang.Integer.toString(counter)) + .png)): null

2018-12-13 14:06:55 - [TEST_STEP][PASSED] - Statement - counter = counter + 1: null

2018-12-13 14:06:55 - [TEST_STEP][PASSED] - Statement - PreSaveFile = new java.io.File(((pathPrefix + java.lang.Integer.toString(counter)) + .png)): null

2018-12-13 14:06:55 - [TEST_STEP][PASSED] - Statement - counter = counter + 1: null

2018-12-13 14:06:55 - [TEST_STEP][PASSED] - Statement - PreSaveFile = new java.io.File(((pathPrefix + java.lang.Integer.toString(counter)) + .png)): null

2018-12-13 14:06:55 - [TEST_STEP][PASSED] - Statement - counter = counter + 1: null

2018-12-13 14:06:55 - [TEST_STEP][PASSED] - Statement - PreSaveFile = new java.io.File(((pathPrefix + java.lang.Integer.toString(counter)) + .png)): null

2018-12-13 14:06:55 - [TEST_STEP][PASSED] - Statement - counter = counter + 1: null

2018-12-13 14:06:55 - [TEST_STEP][PASSED] - Statement - PreSaveFile = new java.io.File(((pathPrefix + java.lang.Integer.toString(counter)) + .png)): null

2018-12-13 14:06:55 - [TEST_STEP][PASSED] - Statement - counter = counter + 1: null

2018-12-13 14:06:55 - [TEST_STEP][PASSED] - Statement - PreSaveFile = new java.io.File(((pathPrefix + java.lang.Integer.toString(counter)) + .png)): null

2018-12-13 14:06:55 - [TEST_STEP][PASSED] - Statement - counter = counter + 1: null

2018-12-13 14:06:55 - [TEST_STEP][PASSED] - Statement - PreSaveFile = new java.io.File(((pathPrefix + java.lang.Integer.toString(counter)) + .png)): null

2018-12-13 14:06:55 - [TEST_STEP][PASSED] - Statement - counter = counter + 1: null

2018-12-13 14:06:55 - [TEST_STEP][PASSED] - Statement - PreSaveFile = new java.io.File(((pathPrefix + java.lang.Integer.toString(counter)) + .png)): null

2018-12-13 14:06:55 - [TEST_STEP][PASSED] - Statement - counter = counter + 1: null

2018-12-13 14:06:55 - [TEST_STEP][PASSED] - Statement - PreSaveFile = new java.io.File(((pathPrefix + java.lang.Integer.toString(counter)) + .png)): null

2018-12-13 14:06:55 - [TEST_STEP][PASSED] - Statement - counter = counter + 1: null

2018-12-13 14:06:55 - [TEST_STEP][PASSED] - Statement - PreSaveFile = new java.io.File(((pathPrefix + java.lang.Integer.toString(counter)) + .png)): null

2018-12-13 14:06:55 - [TEST_STEP][PASSED] - Statement - counter = counter + 1: null

2018-12-13 14:06:55 - [TEST_STEP][PASSED] - Statement - PreSaveFile = new java.io.File(((pathPrefix + java.lang.Integer.toString(counter)) + .png)): null

2018-12-13 14:06:55 - [TEST_STEP][PASSED] - Statement - counter = counter + 1: null

2018-12-13 14:06:55 - [TEST_STEP][PASSED] - Statement - PreSaveFile = new java.io.File(((pathPrefix + java.lang.Integer.toString(counter)) + .png)): null

2018-12-13 14:06:55 - [TEST_STEP][PASSED] - Statement - counter = counter + 1: null

2018-12-13 14:06:55 - [TEST_STEP][PASSED] - Statement - PreSaveFile = new java.io.File(((pathPrefix + java.lang.Integer.toString(counter)) + .png)): null

2018-12-13 14:06:55 - [TEST_STEP][PASSED] - Statement - counter = counter + 1: null

2018-12-13 14:06:55 - [TEST_STEP][PASSED] - Statement - PreSaveFile = new java.io.File(((pathPrefix + java.lang.Integer.toString(counter)) + .png)): null

2018-12-13 14:06:55 - [TEST_STEP][PASSED] - Statement - counter = counter + 1: null

2018-12-13 14:06:55 - [TEST_STEP][PASSED] - Statement - PreSaveFile = new java.io.File(((pathPrefix + java.lang.Integer.toString(counter)) + .png)): null

2018-12-13 14:06:55 - [TEST_STEP][PASSED] - Statement - counter = counter + 1: null

2018-12-13 14:06:55 - [TEST_STEP][PASSED] - Statement - PreSaveFile = new java.io.File(((pathPrefix + java.lang.Integer.toString(counter)) + .png)): null

2018-12-13 14:06:55 - [TEST_STEP][PASSED] - Statement - counter = counter + 1: null

2018-12-13 14:06:55 - [TEST_STEP][PASSED] - Statement - PreSaveFile = new java.io.File(((pathPrefix + java.lang.Integer.toString(counter)) + .png)): null

2018-12-13 14:06:55 - [TEST_STEP][PASSED] - Statement - counter = counter + 1: null

2018-12-13 14:06:55 - [TEST_STEP][PASSED] - Statement - PreSaveFile = new java.io.File(((pathPrefix + java.lang.Integer.toString(counter)) + .png)): null

2018-12-13 14:06:55 - [TEST_STEP][PASSED] - Statement - counter = counter + 1: null

2018-12-13 14:06:55 - [TEST_STEP][PASSED] - Statement - PreSaveFile = new java.io.File(((pathPrefix + java.lang.Integer.toString(counter)) + .png)): null

2018-12-13 14:06:55 - [TEST_STEP][PASSED] - Statement - counter = counter + 1: null

2018-12-13 14:06:55 - [TEST_STEP][PASSED] - Statement - PreSaveFile = new java.io.File(((pathPrefix + java.lang.Integer.toString(counter)) + .png)): null

2018-12-13 14:06:55 - [TEST_STEP][PASSED] - Statement - counter = counter + 1: null

2018-12-13 14:06:55 - [TEST_STEP][PASSED] - Statement - PreSaveFile = new java.io.File(((pathPrefix + java.lang.Integer.toString(counter)) + .png)): null

2018-12-13 14:06:55 - [TEST_STEP][PASSED] - Statement - counter = counter + 1: null

2018-12-13 14:06:55 - [TEST_STEP][PASSED] - Statement - PreSaveFile = new java.io.File(((pathPrefix + java.lang.Integer.toString(counter)) + .png)): null

2018-12-13 14:06:55 - [TEST_STEP][PASSED] - Statement - counter = counter + 1: null

2018-12-13 14:06:55 - [TEST_STEP][PASSED] - Statement - PreSaveFile = new java.io.File(((pathPrefix + java.lang.Integer.toString(counter)) + .png)): null

2018-12-13 14:06:55 - [TEST_STEP][PASSED] - Statement - counter = counter + 1: null

2018-12-13 14:06:55 - [TEST_STEP][PASSED] - Statement - PreSaveFile = new java.io.File(((pathPrefix + java.lang.Integer.toString(counter)) + .png)): null

2018-12-13 14:06:55 - [TEST_STEP][PASSED] - Statement - counter = counter + 1: null

2018-12-13 14:06:55 - [TEST_STEP][PASSED] - Statement - PreSaveFile = new java.io.File(((pathPrefix + java.lang.Integer.toString(counter)) + .png)): null

2018-12-13 14:06:55 - [TEST_STEP][PASSED] - Statement - finalPath = pathPrefix + java.lang.Integer.toString(counter) + ".png": null

2018-12-13 14:06:55 - [TEST_STEP][PASSED] - Statement - SaveFile = new java.io.File(finalPath): null

2018-12-13 14:06:55 - [TEST_STEP][PASSED] - Statement - Try: null

2018-12-13 14:06:55 - [TEST_STEP][PASSED] - Statement - org.apache.commons.io.FileUtils.copyFile(scrFile, SaveFile): null

2018-12-13 14:06:55 - [TEST_STEP][PASSED] - Statement - out.println("file kept"): null

2018-12-13 14:06:55 - [TEST_STEP][PASSED] - delay: Delayed 10 second(s)

2018-12-13 14:07:05 - [MESSAGE][PASSED] - Delayed 10 second(s)

2018-12-13 14:07:05 - [MESSAGE][PASSED] - Call Test Case 'Test Cases/Final Aug 2018 - PKS Automation/Registration Module/New Registration/Submit and Screenshot/Submit Registration and Screenshot' successfully

2018-12-13 14:07:05 - [TEST_STEP][PASSED] - callTestCase: Call Test Case 'Test Cases/Final Aug 2018 - PKS Automation/Registration Module/Log Out/log out avoiding katalon tagging' successfully

2018-12-13 14:07:05 - [TEST_CASE][PASSED] - Test Cases/Final Aug 2018 - PKS Automation/Registration Module/Log Out/log out avoiding katalon tagging: Test Cases/Final Aug 2018 - PKS Automation/Registration Module/Log Out/log out avoiding katalon tagging

2018-12-13 14:07:05 - [TEST_STEP][PASSED] - navigateToUrl: Navigate to 'https://assist2-uat.perkeso.gov.my/c/portal/logout' successfully

2018-12-13 14:07:06 - [MESSAGE][PASSED] - Navigate to 'https://assist2-uat.perkeso.gov.my/c/portal/logout' successfully

2018-12-13 14:07:06 - [MESSAGE][PASSED] - Call Test Case 'Test Cases/Final Aug 2018 - PKS Automation/Registration Module/Log Out/log out avoiding katalon tagging' successfully

2018-12-13 14:07:06 - [TEST_STEP][PASSED] - callTestCase: Call Test Case 'Test Cases/Final Aug 2018 - PKS Automation/Common/Workflow Owner Finder' successfully

2018-12-13 14:07:06 - [TEST_CASE][PASSED] - Test Cases/Final Aug 2018 - PKS Automation/Common/Workflow Owner Finder: Test Cases/Final Aug 2018 - PKS Automation/Common/Workflow Owner Finder

2018-12-13 14:07:06 - [TEST_STEP][PASSED] - openBrowser: Browser is opened with url: ''

2018-12-13 14:07:06 - [MESSAGE][WARNING] - A browser is already opened. Closing browser and opening a new one

2018-12-13 14:07:10 - [MESSAGE][PASSED] - Browser is opened with url: ''

2018-12-13 14:07:10 - [TEST_STEP][PASSED] - navigateToUrl: Navigate to 'https://assist2-uat.perkeso.gov.my/login' successfully

2018-12-13 14:07:11 - [MESSAGE][PASSED] - Navigate to 'https://assist2-uat.perkeso.gov.my/login' successfully

2018-12-13 14:07:11 - [TEST_STEP][PASSED] - delay: Delayed 5 second(s)

2018-12-13 14:07:16 - [MESSAGE][PASSED] - Delayed 5 second(s)

2018-12-13 14:07:16 - [TEST_STEP][PASSED] - setText: Text 'test@liferay.com' is set on object 'Object Repository/Final Object Repo/Login Page/Internal User/Email Address'

2018-12-13 14:07:17 - [MESSAGE][PASSED] - Text 'test@liferay.com' is set on object 'Object Repository/Final Object Repo/Login Page/Internal User/Email Address'

2018-12-13 14:07:17 - [TEST_STEP][PASSED] - click: Object: 'Object Repository/Final Object Repo/Login Page/Internal User/Next Button' is clicked on

2018-12-13 14:07:17 - [MESSAGE][PASSED] - Object: 'Object Repository/Final Object Repo/Login Page/Internal User/Next Button' is clicked on

2018-12-13 14:07:17 - [TEST_STEP][PASSED] - delay: Delayed 2 second(s)

2018-12-13 14:07:19 - [MESSAGE][PASSED] - Delayed 2 second(s)

2018-12-13 14:07:19 - [TEST_STEP][PASSED] - setText: Text 'test' is set on object 'Object Repository/Final Object Repo/Login Page/Internal User/Password'

2018-12-13 14:07:19 - [MESSAGE][PASSED] - Text 'test' is set on object 'Object Repository/Final Object Repo/Login Page/Internal User/Password'

2018-12-13 14:07:19 - [TEST_STEP][PASSED] - delay: Delayed 2 second(s)

2018-12-13 14:07:21 - [MESSAGE][PASSED] - Delayed 2 second(s)

2018-12-13 14:07:21 - [TEST_STEP][PASSED] - click: Object: 'Object Repository/Final Object Repo/Login Page/Internal User/Login Button' is clicked on

2018-12-13 14:07:21 - [MESSAGE][PASSED] - Object: 'Object Repository/Final Object Repo/Login Page/Internal User/Login Button' is clicked on

2018-12-13 14:07:21 - [TEST_STEP][PASSED] - Statement - tester = com.kms.katalon.core.testobject.ObjectRepository.findTestObject(Final Object Repo/Landing Page/Select to English): Finding Test Object with id 'Object Repository/Final Object Repo/Landing Page/Select to English'

2018-12-13 14:07:21 - [TEST_STEP][PASSED] - Statement - Try: Delayed 2 second(s)

2018-12-13 14:07:21 - [TEST_STEP][PASSED] - Statement - Checker = com.kms.katalon.core.webui.keyword.WebUiBuiltInKeywords.verifyElementNotPresent(tester, 3): Web element with id: 'Object Repository/Final Object Repo/Landing Page/Select to English' located by 'By.xpath: //a[@class = 'taglib-language-list-text' and @lang = 'en-US' and (contains(text(), 'EN') or contains(., 'EN'))]' is not present after '3' second(s)

2018-12-13 14:07:23 - [MESSAGE][PASSED] - Web element with id: 'Object Repository/Final Object Repo/Landing Page/Select to English' located by 'By.xpath: //a[@class = 'taglib-language-list-text' and @lang = 'en-US' and (contains(text(), 'EN') or contains(., 'EN'))]' is not present after '3' second(s)

2018-12-13 14:07:23 - [TEST_STEP][PASSED] - Statement - If (Checker == false): null

2018-12-13 14:07:23 - [TEST_STEP][PASSED] - delay: Delayed 2 second(s)

2018-12-13 14:07:25 - [MESSAGE][PASSED] - Delayed 2 second(s)

2018-12-13 14:07:25 - [TEST_STEP][PASSED] - delay: Delayed 5 second(s)

2018-12-13 14:07:30 - [MESSAGE][PASSED] - Delayed 5 second(s)

2018-12-13 14:07:30 - [TEST_STEP][PASSED] - mouseOver: Object: 'Object Repository/Final Object Repo/Landing Page/WorkFlow Menu' is hovered

2018-12-13 14:07:31 - [MESSAGE][PASSED] - Object: 'Object Repository/Final Object Repo/Landing Page/WorkFlow Menu' is hovered

2018-12-13 14:07:31 - [TEST_STEP][PASSED] - delay: Delayed 2 second(s)

2018-12-13 14:07:33 - [MESSAGE][PASSED] - Delayed 2 second(s)

2018-12-13 14:07:33 - [TEST_STEP][PASSED] - click: Object: 'Object Repository/Final Object Repo/Landing Page/Select to Workflow Listing' is clicked on

2018-12-13 14:07:34 - [MESSAGE][PASSED] - Object: 'Object Repository/Final Object Repo/Landing Page/Select to Workflow Listing' is clicked on

2018-12-13 14:07:34 - [TEST_STEP][PASSED] - delay: Delayed 2 second(s)

2018-12-13 14:07:36 - [MESSAGE][PASSED] - Delayed 2 second(s)

2018-12-13 14:07:36 - [TEST_STEP][PASSED] - click: Object: 'Object Repository/Final Object Repo/WorkFlow Listing Page/Search Information - To Put Ref No' is clicked on

2018-12-13 14:07:36 - [MESSAGE][PASSED] - Object: 'Object Repository/Final Object Repo/WorkFlow Listing Page/Search Information - To Put Ref No' is clicked on

2018-12-13 14:07:36 - [TEST_STEP][PASSED] - delay: Delayed 2 second(s)

2018-12-13 14:07:38 - [MESSAGE][PASSED] - Delayed 2 second(s)

2018-12-13 14:07:38 - [TEST_STEP][PASSED] - callTestCase: Call Test Case 'Test Cases/Final Aug 2018 - PKS Automation/Common/Reference Number Getter' successfully

2018-12-13 14:07:38 - [TEST_CASE][PASSED] - Test Cases/Final Aug 2018 - PKS Automation/Common/Reference Number Getter: Test Cases/Final Aug 2018 - PKS Automation/Common/Reference Number Getter

2018-12-13 14:07:38 - [TEST_STEP][PASSED] - Statement - Try: null

2018-12-13 14:07:38 - [TEST_STEP][PASSED] - Statement - RefNo = new java.io.File(C://Users//Admin//Desktop//PKS//Automation Reference Point//KatalonReference.txt): null

2018-12-13 14:07:38 - [TEST_STEP][PASSED] - Statement - bufferread = new java.io.BufferedReader(new java.io.FileReader(RefNo)): null

2018-12-13 14:07:38 - [TEST_STEP][PASSED] - Statement - readedVal = bufferread.readLine(): null

2018-12-13 14:07:38 - [TEST_STEP][PASSED] - Statement - out.println(CaseReferenceNo): null

2018-12-13 14:07:38 - [TEST_STEP][PASSED] - Statement - out.println(readedVal): null

2018-12-13 14:07:38 - [TEST_STEP][PASSED] - Statement - CaseReferenceNo = "": null

2018-12-13 14:07:38 - [TEST_STEP][PASSED] - Statement - CaseReferenceNo = readedVal: null

2018-12-13 14:07:38 - [MESSAGE][PASSED] - Call Test Case 'Test Cases/Final Aug 2018 - PKS Automation/Common/Reference Number Getter' successfully

2018-12-13 14:07:38 - [TEST_STEP][PASSED] - setText: Text 'CRN12201800123279' is set on object 'Object Repository/Final Object Repo/WorkFlow Listing Page/Ref No Set Text'

2018-12-13 14:07:38 - [MESSAGE][PASSED] - Text 'CRN12201800123279' is set on object 'Object Repository/Final Object Repo/WorkFlow Listing Page/Ref No Set Text'

2018-12-13 14:07:38 - [TEST_STEP][PASSED] - delay: Delayed 2 second(s)

2018-12-13 14:07:40 - [MESSAGE][PASSED] - Delayed 2 second(s)

2018-12-13 14:07:40 - [TEST_STEP][PASSED] - click: Object: 'Object Repository/Final Object Repo/WorkFlow Listing Page/Search Ref No Search Button' is clicked on

2018-12-13 14:07:40 - [MESSAGE][PASSED] - Object: 'Object Repository/Final Object Repo/WorkFlow Listing Page/Search Ref No Search Button' is clicked on

2018-12-13 14:07:40 - [TEST_STEP][PASSED] - delay: Delayed 6 second(s)

2018-12-13 14:07:46 - [MESSAGE][PASSED] - Delayed 6 second(s)

2018-12-13 14:07:46 - [TEST_STEP][PASSED] - click: Object: 'Object Repository/Final Object Repo/WorkFlow Listing Page/Click Continue Tooltip' is clicked on

2018-12-13 14:07:47 - [MESSAGE][PASSED] - Object: 'Object Repository/Final Object Repo/WorkFlow Listing Page/Click Continue Tooltip' is clicked on

2018-12-13 14:07:47 - [TEST_STEP][PASSED] - delay: Delayed 5 second(s)

2018-12-13 14:07:52 - [MESSAGE][PASSED] - Delayed 5 second(s)

2018-12-13 14:07:52 - [TEST_STEP][PASSED] - doubleClick: Object: 'Object Repository/Final Object Repo/WorkFlow Listing Page/Workflow Found - Listing 1' is double clicked on

2018-12-13 14:07:52 - [MESSAGE][PASSED] - Object: 'Object Repository/Final Object Repo/WorkFlow Listing Page/Workflow Found - Listing 1' is double clicked on

2018-12-13 14:07:52 - [TEST_STEP][PASSED] - Statement - println(OwnerID): null

2018-12-13 14:07:52 - [TEST_STEP][PASSED] - Statement - OwnerID = com.kms.katalon.core.webui.keyword.WebUiBuiltInKeywords.getText(com.kms.katalon.core.testobject.ObjectRepository.findTestObject(Final Object Repo/WorkFlow Listing Page/Workflow Found - Listing 1), STOP_ON_FAILURE): Text of object 'Object Repository/Final Object Repo/WorkFlow Listing Page/Workflow Found - Listing 1' is: 'JOHORro2'

2018-12-13 14:07:53 - [MESSAGE][PASSED] - Text of object 'Object Repository/Final Object Repo/WorkFlow Listing Page/Workflow Found - Listing 1' is: 'JOHORro2'

2018-12-13 14:07:53 - [TEST_STEP][PASSED] - Statement - OwnerID = OwnerID.toLowerCase() + "@gmail.com": null

2018-12-13 14:07:53 - [TEST_STEP][PASSED] - Statement - println(OwnerID): null

2018-12-13 14:07:53 - [TEST_STEP][PASSED] - delay: Delayed 2 second(s)

2018-12-13 14:07:55 - [MESSAGE][PASSED] - Delayed 2 second(s)

2018-12-13 14:07:55 - [MESSAGE][PASSED] - Call Test Case 'Test Cases/Final Aug 2018 - PKS Automation/Common/Workflow Owner Finder' successfully

2018-12-13 14:07:55 - [TEST_STEP][PASSED] - callTestCase: Call Test Case 'Test Cases/Final Aug 2018 - PKS Automation/Registration Module/Log Out/log out avoiding katalon tagging' successfully

2018-12-13 14:07:55 - [TEST_CASE][PASSED] - Test Cases/Final Aug 2018 - PKS Automation/Registration Module/Log Out/log out avoiding katalon tagging: Test Cases/Final Aug 2018 - PKS Automation/Registration Module/Log Out/log out avoiding katalon tagging

2018-12-13 14:07:55 - [TEST_STEP][PASSED] - navigateToUrl: Navigate to 'https://assist2-uat.perkeso.gov.my/c/portal/logout' successfully

2018-12-13 14:07:55 - [MESSAGE][PASSED] - Navigate to 'https://assist2-uat.perkeso.gov.my/c/portal/logout' successfully

2018-12-13 14:07:55 - [MESSAGE][PASSED] - Call Test Case 'Test Cases/Final Aug 2018 - PKS Automation/Registration Module/Log Out/log out avoiding katalon tagging' successfully

2018-12-13 14:07:55 - [TEST_STEP][PASSED] - delay: Delayed 2 second(s)

2018-12-13 14:07:57 - [MESSAGE][PASSED] - Delayed 2 second(s)

2018-12-13 14:07:57 - [TEST_STEP][PASSED] - setText: Text 'johorro2@gmail.com' is set on object 'Object Repository/Final Object Repo/New Registration - Registration Module Pages/New Reg - OTC to RO/Special Case - All Related Objects/Email TextBox'

2018-12-13 14:07:58 - [MESSAGE][PASSED] - Text 'johorro2@gmail.com' is set on object 'Object Repository/Final Object Repo/New Registration - Registration Module Pages/New Reg - OTC to RO/Special Case - All Related Objects/Email TextBox'

2018-12-13 14:07:58 - [TEST_STEP][PASSED] - click: Object: 'Object Repository/Final Object Repo/New Registration - Registration Module Pages/New Reg - OTC to RO/Special Case - All Related Objects/Next Button' is clicked on

2018-12-13 14:07:58 - [MESSAGE][PASSED] - Object: 'Object Repository/Final Object Repo/New Registration - Registration Module Pages/New Reg - OTC to RO/Special Case - All Related Objects/Next Button' is clicked on

2018-12-13 14:07:58 - [TEST_STEP][PASSED] - delay: Delayed 2 second(s)

2018-12-13 14:08:00 - [MESSAGE][PASSED] - Delayed 2 second(s)

2018-12-13 14:08:00 - [TEST_STEP][PASSED] - setText: Text 'Test1@3456789' is set on object 'Object Repository/Final Object Repo/New Registration - Registration Module Pages/New Reg - OTC to RO/Special Case - All Related Objects/Password TextBox'

2018-12-13 14:08:00 - [MESSAGE][PASSED] - Text 'Test1@3456789' is set on object 'Object Repository/Final Object Repo/New Registration - Registration Module Pages/New Reg - OTC to RO/Special Case - All Related Objects/Password TextBox'

2018-12-13 14:08:00 - [TEST_STEP][PASSED] - delay: Delayed 2 second(s)

2018-12-13 14:08:02 - [MESSAGE][PASSED] - Delayed 2 second(s)

2018-12-13 14:08:02 - [TEST_STEP][PASSED] - click: Object: 'Object Repository/Final Object Repo/New Registration - Registration Module Pages/New Reg - OTC to RO/Special Case - All Related Objects/Login Button' is clicked on

2018-12-13 14:08:02 - [MESSAGE][PASSED] - Object: 'Object Repository/Final Object Repo/New Registration - Registration Module Pages/New Reg - OTC to RO/Special Case - All Related Objects/Login Button' is clicked on

2018-12-13 14:08:02 - [TEST_STEP][PASSED] - delay: Delayed 2 second(s)

2018-12-13 14:08:04 - [MESSAGE][PASSED] - Delayed 2 second(s)

2018-12-13 14:08:04 - [TEST_STEP][PASSED] - Statement - Try: null

2018-12-13 14:08:04 - [TEST_STEP][PASSED] - Statement - Checker = com.kms.katalon.core.webui.keyword.WebUiBuiltInKeywords.verifyElementNotPresent("Final Object Repo/Landing Page/Select to English", 3): null

2018-12-13 14:08:04 - [TEST_STEP][PASSED] - Statement - Catch (Exception e): null

2018-12-13 14:08:04 - [TEST_STEP][PASSED] - Statement - e.printStackTrace(): null

2018-12-13 14:08:04 - [TEST_STEP][PASSED] - click: Object: 'Object Repository/Final Object Repo/New Registration - Registration Module Pages/New Reg - OTC to RO/Special Case - All Related Objects/Expand to Search' is clicked on

2018-12-13 14:08:04 - [MESSAGE][PASSED] - Object: 'Object Repository/Final Object Repo/New Registration - Registration Module Pages/New Reg - OTC to RO/Special Case - All Related Objects/Expand to Search' is clicked on

2018-12-13 14:08:04 - [TEST_STEP][PASSED] - setText: Text 'CRN12201800123279' is set on object 'Object Repository/Final Object Repo/New Registration - Registration Module Pages/New Reg - OTC to RO/Special Case - All Related Objects/TextBox RefNo in Workbasket'

2018-12-13 14:08:05 - [MESSAGE][PASSED] - Text 'CRN12201800123279' is set on object 'Object Repository/Final Object Repo/New Registration - Registration Module Pages/New Reg - OTC to RO/Special Case - All Related Objects/TextBox RefNo in Workbasket'

2018-12-13 14:08:05 - [TEST_STEP][PASSED] - delay: Delayed 2 second(s)

2018-12-13 14:08:07 - [MESSAGE][PASSED] - Delayed 2 second(s)

2018-12-13 14:08:07 - [TEST_STEP][PASSED] - click: Object: 'Object Repository/Final Object Repo/New Registration - Registration Module Pages/New Reg - OTC to RO/Special Case - All Related Objects/Click Search' is clicked on

2018-12-13 14:08:07 - [MESSAGE][PASSED] - Object: 'Object Repository/Final Object Repo/New Registration - Registration Module Pages/New Reg - OTC to RO/Special Case - All Related Objects/Click Search' is clicked on

2018-12-13 14:08:07 - [TEST_STEP][PASSED] - delay: Delayed 2 second(s)

2018-12-13 14:08:09 - [MESSAGE][PASSED] - Delayed 2 second(s)

2018-12-13 14:08:09 - [TEST_STEP][PASSED] - click: Object: 'Object Repository/Final Object Repo/New Registration - Registration Module Pages/New Reg - OTC to RO/Special Case - All Related Objects/Click to Continue Workflow' is clicked on

2018-12-13 14:08:13 - [MESSAGE][PASSED] - Object: 'Object Repository/Final Object Repo/New Registration - Registration Module Pages/New Reg - OTC to RO/Special Case - All Related Objects/Click to Continue Workflow' is clicked on

2018-12-13 14:08:13 - [TEST_STEP][PASSED] - delay: Delayed 2 second(s)

2018-12-13 14:08:15 - [MESSAGE][PASSED] - Delayed 2 second(s)

2018-12-13 14:08:15 - [TEST_STEP][PASSED] - click: Object: 'Object Repository/Final Object Repo/New Registration - Registration Module Pages/New Reg - OTC to RO/Special Case - All Related Objects/Continue Button in verifying case' is clicked on

2018-12-13 14:08:16 - [MESSAGE][PASSED] - Object: 'Object Repository/Final Object Repo/New Registration - Registration Module Pages/New Reg - OTC to RO/Special Case - All Related Objects/Continue Button in verifying case' is clicked on

2018-12-13 14:08:16 - [TEST_STEP][PASSED] - delay: Delayed 2 second(s)

2018-12-13 14:08:18 - [MESSAGE][PASSED] - Delayed 2 second(s)

2018-12-13 14:08:18 - [TEST_STEP][PASSED] - click: Object: 'Object Repository/Final Object Repo/New Registration - Registration Module Pages/Form 1/Registered As a Branch - Yes' is clicked on

2018-12-13 14:08:19 - [MESSAGE][PASSED] - Object: 'Object Repository/Final Object Repo/New Registration - Registration Module Pages/Form 1/Registered As a Branch - Yes' is clicked on

2018-12-13 14:08:19 - [TEST_STEP][PASSED] - delay: Delayed 2 second(s)

2018-12-13 14:08:21 - [MESSAGE][PASSED] - Delayed 2 second(s)

2018-12-13 14:08:21 - [TEST_STEP][PASSED] - click: Object: 'Object Repository/Final Object Repo/New Registration - Registration Module Pages/New Reg - OTC to RO/Special Case - All Related Objects/Form 1 Save n Continue' is clicked on

2018-12-13 14:08:21 - [MESSAGE][PASSED] - Object: 'Object Repository/Final Object Repo/New Registration - Registration Module Pages/New Reg - OTC to RO/Special Case - All Related Objects/Form 1 Save n Continue' is clicked on

2018-12-13 14:08:21 - [TEST_STEP][PASSED] - delay: Delayed 2 second(s)

2018-12-13 14:08:23 - [MESSAGE][PASSED] - Delayed 2 second(s)

2018-12-13 14:08:23 - [TEST_STEP][PASSED] - click: Object: 'Object Repository/Final Object Repo/New Registration - Registration Module Pages/New Reg - OTC to RO/Special Case - All Related Objects/Form 2 Save n Continue' is clicked on

2018-12-13 14:08:23 - [MESSAGE][PASSED] - Object: 'Object Repository/Final Object Repo/New Registration - Registration Module Pages/New Reg - OTC to RO/Special Case - All Related Objects/Form 2 Save n Continue' is clicked on

2018-12-13 14:08:23 - [TEST_STEP][PASSED] - delay: Delayed 2 second(s)

2018-12-13 14:08:25 - [MESSAGE][PASSED] - Delayed 2 second(s)

2018-12-13 14:08:25 - [TEST_STEP][PASSED] - click: Object: 'Object Repository/Final Object Repo/New Registration - Registration Module Pages/New Reg - OTC to RO/Special Case - All Related Objects/Third Screen Save n Continue' is clicked on

2018-12-13 14:08:30 - [MESSAGE][PASSED] - Object: 'Object Repository/Final Object Repo/New Registration - Registration Module Pages/New Reg - OTC to RO/Special Case - All Related Objects/Third Screen Save n Continue' is clicked on

2018-12-13 14:08:30 - [TEST_STEP][PASSED] - delay: Delayed 5 second(s)

2018-12-13 14:08:35 - [MESSAGE][PASSED] - Delayed 5 second(s)

2018-12-13 14:08:35 - [TEST_STEP][PASSED] - click: Object: 'Object Repository/Final Object Repo/New Registration - Registration Module Pages/New Reg - OTC to RO/Special Case - All Related Objects/Upload Doc Page Save n Continue' is clicked on

2018-12-13 14:08:35 - [MESSAGE][PASSED] - Object: 'Object Repository/Final Object Repo/New Registration - Registration Module Pages/New Reg - OTC to RO/Special Case - All Related Objects/Upload Doc Page Save n Continue' is clicked on

2018-12-13 14:08:35 - [TEST_STEP][PASSED] - callTestCase: Call Test Case 'Test Cases/Final Aug 2018 - PKS Automation/Registration Module/New Registration/Submit and Screenshot/Submit Registration and Screenshot' successfully

2018-12-13 14:08:35 - [TEST_CASE][PASSED] - Test Cases/Final Aug 2018 - PKS Automation/Registration Module/New Registration/Submit and Screenshot/Submit Registration and Screenshot: Test Cases/Final Aug 2018 - PKS Automation/Registration Module/New Registration/Submit and Screenshot/Submit Registration and Screenshot

2018-12-13 14:08:35 - [TEST_STEP][PASSED] - delay: Delayed 6 second(s)

2018-12-13 14:08:41 - [MESSAGE][PASSED] - Delayed 6 second(s)

2018-12-13 14:08:41 - [TEST_STEP][PASSED] - click: Object: 'Object Repository/Final Object Repo/New Registration - Registration Module Pages/Third Screen - Upload Supporting Doc- Preview/Preview Submit Button' is clicked on

2018-12-13 14:08:42 - [MESSAGE][PASSED] - Object: 'Object Repository/Final Object Repo/New Registration - Registration Module Pages/Third Screen - Upload Supporting Doc- Preview/Preview Submit Button' is clicked on

2018-12-13 14:08:42 - [TEST_STEP][PASSED] - delay: Delayed 2 second(s)

2018-12-13 14:08:44 - [MESSAGE][PASSED] - Delayed 2 second(s)

2018-12-13 14:08:44 - [TEST_STEP][PASSED] - click: Object: 'Object Repository/Final Object Repo/New Registration - Registration Module Pages/Third Screen - Upload Supporting Doc- Preview/Preview Submit - Confirm' is clicked on

2018-12-13 14:08:44 - [MESSAGE][PASSED] - Object: 'Object Repository/Final Object Repo/New Registration - Registration Module Pages/Third Screen - Upload Supporting Doc- Preview/Preview Submit - Confirm' is clicked on

2018-12-13 14:08:44 - [TEST_STEP][PASSED] - delay: Delayed 15 second(s)

2018-12-13 14:08:59 - [MESSAGE][PASSED] - Delayed 15 second(s)

2018-12-13 14:08:59 - [TEST_STEP][PASSED] - Statement - driver = com.kms.katalon.core.webui.driver.DriverFactory.getWebDriver(): null

2018-12-13 14:08:59 - [TEST_STEP][PASSED] - Statement - driver.manage().timeouts().implicitlyWait(10, SECONDS): null

2018-12-13 14:08:59 - [TEST_STEP][PASSED] - Statement - PresavePath = KatalonScreenshots: null

2018-12-13 14:08:59 - [TEST_STEP][PASSED] - Statement - pathPrefix = "C:\Users\Public\Pictures\Sample Pictures\Katalon Screenshots\Automate Ending Screen": null

2018-12-13 14:08:59 - [TEST_STEP][PASSED] - Statement - finalPath = <not implemented yet for class: org.codehaus.groovy.ast.expr.EmptyExpression>: null

2018-12-13 14:08:59 - [TEST_STEP][PASSED] - Statement - scrFile = driver.getScreenshotAs(FILE): null

2018-12-13 14:08:59 - [TEST_STEP][PASSED] - Statement - PreSaveFile = new java.io.File(PresavePath): null

2018-12-13 14:08:59 - [TEST_STEP][PASSED] - Statement - counter = 0: null

2018-12-13 14:08:59 - [TEST_STEP][PASSED] - Statement - If (PreSaveFile.exists()): null

2018-12-13 14:08:59 - [TEST_STEP][PASSED] - Statement - While (PreSaveFile.exists()): null

2018-12-13 14:08:59 - [TEST_STEP][PASSED] - Statement - counter = counter + 1: null

2018-12-13 14:08:59 - [TEST_STEP][PASSED] - Statement - PreSaveFile = new java.io.File(((pathPrefix + java.lang.Integer.toString(counter)) + .png)): null

2018-12-13 14:08:59 - [TEST_STEP][PASSED] - Statement - counter = counter + 1: null

2018-12-13 14:08:59 - [TEST_STEP][PASSED] - Statement - PreSaveFile = new java.io.File(((pathPrefix + java.lang.Integer.toString(counter)) + .png)): null

2018-12-13 14:08:59 - [TEST_STEP][PASSED] - Statement - counter = counter + 1: null

2018-12-13 14:08:59 - [TEST_STEP][PASSED] - Statement - PreSaveFile = new java.io.File(((pathPrefix + java.lang.Integer.toString(counter)) + .png)): null

2018-12-13 14:08:59 - [TEST_STEP][PASSED] - Statement - counter = counter + 1: null

2018-12-13 14:08:59 - [TEST_STEP][PASSED] - Statement - PreSaveFile = new java.io.File(((pathPrefix + java.lang.Integer.toString(counter)) + .png)): null

2018-12-13 14:08:59 - [TEST_STEP][PASSED] - Statement - counter = counter + 1: null

2018-12-13 14:08:59 - [TEST_STEP][PASSED] - Statement - PreSaveFile = new java.io.File(((pathPrefix + java.lang.Integer.toString(counter)) + .png)): null

2018-12-13 14:08:59 - [TEST_STEP][PASSED] - Statement - counter = counter + 1: null

2018-12-13 14:08:59 - [TEST_STEP][PASSED] - Statement - PreSaveFile = new java.io.File(((pathPrefix + java.lang.Integer.toString(counter)) + .png)): null

2018-12-13 14:08:59 - [TEST_STEP][PASSED] - Statement - counter = counter + 1: null

2018-12-13 14:08:59 - [TEST_STEP][PASSED] - Statement - PreSaveFile = new java.io.File(((pathPrefix + java.lang.Integer.toString(counter)) + .png)): null

2018-12-13 14:08:59 - [TEST_STEP][PASSED] - Statement - counter = counter + 1: null

2018-12-13 14:08:59 - [TEST_STEP][PASSED] - Statement - PreSaveFile = new java.io.File(((pathPrefix + java.lang.Integer.toString(counter)) + .png)): null

2018-12-13 14:08:59 - [TEST_STEP][PASSED] - Statement - counter = counter + 1: null

2018-12-13 14:08:59 - [TEST_STEP][PASSED] - Statement - PreSaveFile = new java.io.File(((pathPrefix + java.lang.Integer.toString(counter)) + .png)): null

2018-12-13 14:08:59 - [TEST_STEP][PASSED] - Statement - counter = counter + 1: null

2018-12-13 14:08:59 - [TEST_STEP][PASSED] - Statement - PreSaveFile = new java.io.File(((pathPrefix + java.lang.Integer.toString(counter)) + .png)): null

2018-12-13 14:08:59 - [TEST_STEP][PASSED] - Statement - counter = counter + 1: null

2018-12-13 14:08:59 - [TEST_STEP][PASSED] - Statement - PreSaveFile = new java.io.File(((pathPrefix + java.lang.Integer.toString(counter)) + .png)): null

2018-12-13 14:08:59 - [TEST_STEP][PASSED] - Statement - counter = counter + 1: null

2018-12-13 14:08:59 - [TEST_STEP][PASSED] - Statement - PreSaveFile = new java.io.File(((pathPrefix + java.lang.Integer.toString(counter)) + .png)): null

2018-12-13 14:08:59 - [TEST_STEP][PASSED] - Statement - counter = counter + 1: null

2018-12-13 14:08:59 - [TEST_STEP][PASSED] - Statement - PreSaveFile = new java.io.File(((pathPrefix + java.lang.Integer.toString(counter)) + .png)): null

2018-12-13 14:08:59 - [TEST_STEP][PASSED] - Statement - counter = counter + 1: null

2018-12-13 14:08:59 - [TEST_STEP][PASSED] - Statement - PreSaveFile = new java.io.File(((pathPrefix + java.lang.Integer.toString(counter)) + .png)): null

2018-12-13 14:08:59 - [TEST_STEP][PASSED] - Statement - counter = counter + 1: null

2018-12-13 14:08:59 - [TEST_STEP][PASSED] - Statement - PreSaveFile = new java.io.File(((pathPrefix + java.lang.Integer.toString(counter)) + .png)): null

2018-12-13 14:08:59 - [TEST_STEP][PASSED] - Statement - counter = counter + 1: null

2018-12-13 14:08:59 - [TEST_STEP][PASSED] - Statement - PreSaveFile = new java.io.File(((pathPrefix + java.lang.Integer.toString(counter)) + .png)): null

2018-12-13 14:08:59 - [TEST_STEP][PASSED] - Statement - counter = counter + 1: null

2018-12-13 14:08:59 - [TEST_STEP][PASSED] - Statement - PreSaveFile = new java.io.File(((pathPrefix + java.lang.Integer.toString(counter)) + .png)): null

2018-12-13 14:08:59 - [TEST_STEP][PASSED] - Statement - counter = counter + 1: null

2018-12-13 14:08:59 - [TEST_STEP][PASSED] - Statement - PreSaveFile = new java.io.File(((pathPrefix + java.lang.Integer.toString(counter)) + .png)): null

2018-12-13 14:08:59 - [TEST_STEP][PASSED] - Statement - counter = counter + 1: null

2018-12-13 14:08:59 - [TEST_STEP][PASSED] - Statement - PreSaveFile = new java.io.File(((pathPrefix + java.lang.Integer.toString(counter)) + .png)): null

2018-12-13 14:08:59 - [TEST_STEP][PASSED] - Statement - counter = counter + 1: null

2018-12-13 14:08:59 - [TEST_STEP][PASSED] - Statement - PreSaveFile = new java.io.File(((pathPrefix + java.lang.Integer.toString(counter)) + .png)): null

2018-12-13 14:08:59 - [TEST_STEP][PASSED] - Statement - counter = counter + 1: null

2018-12-13 14:08:59 - [TEST_STEP][PASSED] - Statement - PreSaveFile = new java.io.File(((pathPrefix + java.lang.Integer.toString(counter)) + .png)): null

2018-12-13 14:08:59 - [TEST_STEP][PASSED] - Statement - counter = counter + 1: null

2018-12-13 14:08:59 - [TEST_STEP][PASSED] - Statement - PreSaveFile = new java.io.File(((pathPrefix + java.lang.Integer.toString(counter)) + .png)): null

2018-12-13 14:08:59 - [TEST_STEP][PASSED] - Statement - counter = counter + 1: null

2018-12-13 14:08:59 - [TEST_STEP][PASSED] - Statement - PreSaveFile = new java.io.File(((pathPrefix + java.lang.Integer.toString(counter)) + .png)): null

2018-12-13 14:08:59 - [TEST_STEP][PASSED] - Statement - counter = counter + 1: null

2018-12-13 14:08:59 - [TEST_STEP][PASSED] - Statement - PreSaveFile = new java.io.File(((pathPrefix + java.lang.Integer.toString(counter)) + .png)): null

2018-12-13 14:08:59 - [TEST_STEP][PASSED] - Statement - counter = counter + 1: null

2018-12-13 14:08:59 - [TEST_STEP][PASSED] - Statement - PreSaveFile = new java.io.File(((pathPrefix + java.lang.Integer.toString(counter)) + .png)): null

2018-12-13 14:08:59 - [TEST_STEP][PASSED] - Statement - counter = counter + 1: null

2018-12-13 14:08:59 - [TEST_STEP][PASSED] - Statement - PreSaveFile = new java.io.File(((pathPrefix + java.lang.Integer.toString(counter)) + .png)): null

2018-12-13 14:08:59 - [TEST_STEP][PASSED] - Statement - counter = counter + 1: null

2018-12-13 14:08:59 - [TEST_STEP][PASSED] - Statement - PreSaveFile = new java.io.File(((pathPrefix + java.lang.Integer.toString(counter)) + .png)): null

2018-12-13 14:08:59 - [TEST_STEP][PASSED] - Statement - counter = counter + 1: null

2018-12-13 14:08:59 - [TEST_STEP][PASSED] - Statement - PreSaveFile = new java.io.File(((pathPrefix + java.lang.Integer.toString(counter)) + .png)): null

2018-12-13 14:08:59 - [TEST_STEP][PASSED] - Statement - counter = counter + 1: null

2018-12-13 14:08:59 - [TEST_STEP][PASSED] - Statement - PreSaveFile = new java.io.File(((pathPrefix + java.lang.Integer.toString(counter)) + .png)): null

2018-12-13 14:08:59 - [TEST_STEP][PASSED] - Statement - counter = counter + 1: null

2018-12-13 14:08:59 - [TEST_STEP][PASSED] - Statement - PreSaveFile = new java.io.File(((pathPrefix + java.lang.Integer.toString(counter)) + .png)): null

2018-12-13 14:08:59 - [TEST_STEP][PASSED] - Statement - counter = counter + 1: null

2018-12-13 14:08:59 - [TEST_STEP][PASSED] - Statement - PreSaveFile = new java.io.File(((pathPrefix + java.lang.Integer.toString(counter)) + .png)): null

2018-12-13 14:08:59 - [TEST_STEP][PASSED] - Statement - counter = counter + 1: null

2018-12-13 14:08:59 - [TEST_STEP][PASSED] - Statement - PreSaveFile = new java.io.File(((pathPrefix + java.lang.Integer.toString(counter)) + .png)): null

2018-12-13 14:08:59 - [TEST_STEP][PASSED] - Statement - counter = counter + 1: null

2018-12-13 14:08:59 - [TEST_STEP][PASSED] - Statement - PreSaveFile = new java.io.File(((pathPrefix + java.lang.Integer.toString(counter)) + .png)): null

2018-12-13 14:08:59 - [TEST_STEP][PASSED] - Statement - counter = counter + 1: null

2018-12-13 14:08:59 - [TEST_STEP][PASSED] - Statement - PreSaveFile = new java.io.File(((pathPrefix + java.lang.Integer.toString(counter)) + .png)): null

2018-12-13 14:08:59 - [TEST_STEP][PASSED] - Statement - counter = counter + 1: null

2018-12-13 14:08:59 - [TEST_STEP][PASSED] - Statement - PreSaveFile = new java.io.File(((pathPrefix + java.lang.Integer.toString(counter)) + .png)): null

2018-12-13 14:08:59 - [TEST_STEP][PASSED] - Statement - counter = counter + 1: null

2018-12-13 14:08:59 - [TEST_STEP][PASSED] - Statement - PreSaveFile = new java.io.File(((pathPrefix + java.lang.Integer.toString(counter)) + .png)): null

2018-12-13 14:08:59 - [TEST_STEP][PASSED] - Statement - counter = counter + 1: null

2018-12-13 14:08:59 - [TEST_STEP][PASSED] - Statement - PreSaveFile = new java.io.File(((pathPrefix + java.lang.Integer.toString(counter)) + .png)): null

2018-12-13 14:08:59 - [TEST_STEP][PASSED] - Statement - counter = counter + 1: null

2018-12-13 14:08:59 - [TEST_STEP][PASSED] - Statement - PreSaveFile = new java.io.File(((pathPrefix + java.lang.Integer.toString(counter)) + .png)): null

2018-12-13 14:08:59 - [TEST_STEP][PASSED] - Statement - counter = counter + 1: null

2018-12-13 14:08:59 - [TEST_STEP][PASSED] - Statement - PreSaveFile = new java.io.File(((pathPrefix + java.lang.Integer.toString(counter)) + .png)): null

2018-12-13 14:08:59 - [TEST_STEP][PASSED] - Statement - counter = counter + 1: null

2018-12-13 14:08:59 - [TEST_STEP][PASSED] - Statement - PreSaveFile = new java.io.File(((pathPrefix + java.lang.Integer.toString(counter)) + .png)): null

2018-12-13 14:08:59 - [TEST_STEP][PASSED] - Statement - counter = counter + 1: null

2018-12-13 14:08:59 - [TEST_STEP][PASSED] - Statement - PreSaveFile = new java.io.File(((pathPrefix + java.lang.Integer.toString(counter)) + .png)): null

2018-12-13 14:08:59 - [TEST_STEP][PASSED] - Statement - counter = counter + 1: null

2018-12-13 14:08:59 - [TEST_STEP][PASSED] - Statement - PreSaveFile = new java.io.File(((pathPrefix + java.lang.Integer.toString(counter)) + .png)): null

2018-12-13 14:08:59 - [TEST_STEP][PASSED] - Statement - counter = counter + 1: null

2018-12-13 14:08:59 - [TEST_STEP][PASSED] - Statement - PreSaveFile = new java.io.File(((pathPrefix + java.lang.Integer.toString(counter)) + .png)): null

2018-12-13 14:08:59 - [TEST_STEP][PASSED] - Statement - counter = counter + 1: null

2018-12-13 14:08:59 - [TEST_STEP][PASSED] - Statement - PreSaveFile = new java.io.File(((pathPrefix + java.lang.Integer.toString(counter)) + .png)): null

2018-12-13 14:08:59 - [TEST_STEP][PASSED] - Statement - counter = counter + 1: null

2018-12-13 14:08:59 - [TEST_STEP][PASSED] - Statement - PreSaveFile = new java.io.File(((pathPrefix + java.lang.Integer.toString(counter)) + .png)): null

2018-12-13 14:08:59 - [TEST_STEP][PASSED] - Statement - counter = counter + 1: null

2018-12-13 14:08:59 - [TEST_STEP][PASSED] - Statement - PreSaveFile = new java.io.File(((pathPrefix + java.lang.Integer.toString(counter)) + .png)): null

2018-12-13 14:08:59 - [TEST_STEP][PASSED] - Statement - counter = counter + 1: null

2018-12-13 14:08:59 - [TEST_STEP][PASSED] - Statement - PreSaveFile = new java.io.File(((pathPrefix + java.lang.Integer.toString(counter)) + .png)): null

2018-12-13 14:08:59 - [TEST_STEP][PASSED] - Statement - counter = counter + 1: null

2018-12-13 14:08:59 - [TEST_STEP][PASSED] - Statement - PreSaveFile = new java.io.File(((pathPrefix + java.lang.Integer.toString(counter)) + .png)): null

2018-12-13 14:08:59 - [TEST_STEP][PASSED] - Statement - counter = counter + 1: null

2018-12-13 14:08:59 - [TEST_STEP][PASSED] - Statement - PreSaveFile = new java.io.File(((pathPrefix + java.lang.Integer.toString(counter)) + .png)): null

2018-12-13 14:08:59 - [TEST_STEP][PASSED] - Statement - counter = counter + 1: null

2018-12-13 14:08:59 - [TEST_STEP][PASSED] - Statement - PreSaveFile = new java.io.File(((pathPrefix + java.lang.Integer.toString(counter)) + .png)): null

2018-12-13 14:08:59 - [TEST_STEP][PASSED] - Statement - counter = counter + 1: null

2018-12-13 14:08:59 - [TEST_STEP][PASSED] - Statement - PreSaveFile = new java.io.File(((pathPrefix + java.lang.Integer.toString(counter)) + .png)): null

2018-12-13 14:08:59 - [TEST_STEP][PASSED] - Statement - counter = counter + 1: null

2018-12-13 14:08:59 - [TEST_STEP][PASSED] - Statement - PreSaveFile = new java.io.File(((pathPrefix + java.lang.Integer.toString(counter)) + .png)): null

2018-12-13 14:08:59 - [TEST_STEP][PASSED] - Statement - counter = counter + 1: null

2018-12-13 14:08:59 - [TEST_STEP][PASSED] - Statement - PreSaveFile = new java.io.File(((pathPrefix + java.lang.Integer.toString(counter)) + .png)): null

2018-12-13 14:08:59 - [TEST_STEP][PASSED] - Statement - counter = counter + 1: null

2018-12-13 14:08:59 - [TEST_STEP][PASSED] - Statement - PreSaveFile = new java.io.File(((pathPrefix + java.lang.Integer.toString(counter)) + .png)): null

2018-12-13 14:08:59 - [TEST_STEP][PASSED] - Statement - counter = counter + 1: null

2018-12-13 14:08:59 - [TEST_STEP][PASSED] - Statement - PreSaveFile = new java.io.File(((pathPrefix + java.lang.Integer.toString(counter)) + .png)): null

2018-12-13 14:08:59 - [TEST_STEP][PASSED] - Statement - counter = counter + 1: null

2018-12-13 14:08:59 - [TEST_STEP][PASSED] - Statement - PreSaveFile = new java.io.File(((pathPrefix + java.lang.Integer.toString(counter)) + .png)): null

2018-12-13 14:08:59 - [TEST_STEP][PASSED] - Statement - counter = counter + 1: null

2018-12-13 14:08:59 - [TEST_STEP][PASSED] - Statement - PreSaveFile = new java.io.File(((pathPrefix + java.lang.Integer.toString(counter)) + .png)): null

2018-12-13 14:08:59 - [TEST_STEP][PASSED] - Statement - counter = counter + 1: null

2018-12-13 14:08:59 - [TEST_STEP][PASSED] - Statement - PreSaveFile = new java.io.File(((pathPrefix + java.lang.Integer.toString(counter)) + .png)): null

2018-12-13 14:08:59 - [TEST_STEP][PASSED] - Statement - counter = counter + 1: null

2018-12-13 14:08:59 - [TEST_STEP][PASSED] - Statement - PreSaveFile = new java.io.File(((pathPrefix + java.lang.Integer.toString(counter)) + .png)): null

2018-12-13 14:08:59 - [TEST_STEP][PASSED] - Statement - counter = counter + 1: null

2018-12-13 14:08:59 - [TEST_STEP][PASSED] - Statement - PreSaveFile = new java.io.File(((pathPrefix + java.lang.Integer.toString(counter)) + .png)): null

2018-12-13 14:08:59 - [TEST_STEP][PASSED] - Statement - counter = counter + 1: null

2018-12-13 14:08:59 - [TEST_STEP][PASSED] - Statement - PreSaveFile = new java.io.File(((pathPrefix + java.lang.Integer.toString(counter)) + .png)): null

2018-12-13 14:08:59 - [TEST_STEP][PASSED] - Statement - counter = counter + 1: null

2018-12-13 14:08:59 - [TEST_STEP][PASSED] - Statement - PreSaveFile = new java.io.File(((pathPrefix + java.lang.Integer.toString(counter)) + .png)): null

2018-12-13 14:08:59 - [TEST_STEP][PASSED] - Statement - counter = counter + 1: null

2018-12-13 14:08:59 - [TEST_STEP][PASSED] - Statement - PreSaveFile = new java.io.File(((pathPrefix + java.lang.Integer.toString(counter)) + .png)): null

2018-12-13 14:08:59 - [TEST_STEP][PASSED] - Statement - counter = counter + 1: null

2018-12-13 14:08:59 - [TEST_STEP][PASSED] - Statement - PreSaveFile = new java.io.File(((pathPrefix + java.lang.Integer.toString(counter)) + .png)): null

2018-12-13 14:08:59 - [TEST_STEP][PASSED] - Statement - counter = counter + 1: null

2018-12-13 14:08:59 - [TEST_STEP][PASSED] - Statement - PreSaveFile = new java.io.File(((pathPrefix + java.lang.Integer.toString(counter)) + .png)): null

2018-12-13 14:08:59 - [TEST_STEP][PASSED] - Statement - counter = counter + 1: null

2018-12-13 14:08:59 - [TEST_STEP][PASSED] - Statement - PreSaveFile = new java.io.File(((pathPrefix + java.lang.Integer.toString(counter)) + .png)): null

2018-12-13 14:08:59 - [TEST_STEP][PASSED] - Statement - counter = counter + 1: null

2018-12-13 14:08:59 - [TEST_STEP][PASSED] - Statement - PreSaveFile = new java.io.File(((pathPrefix + java.lang.Integer.toString(counter)) + .png)): null

2018-12-13 14:08:59 - [TEST_STEP][PASSED] - Statement - counter = counter + 1: null

2018-12-13 14:08:59 - [TEST_STEP][PASSED] - Statement - PreSaveFile = new java.io.File(((pathPrefix + java.lang.Integer.toString(counter)) + .png)): null

2018-12-13 14:08:59 - [TEST_STEP][PASSED] - Statement - counter = counter + 1: null

2018-12-13 14:08:59 - [TEST_STEP][PASSED] - Statement - PreSaveFile = new java.io.File(((pathPrefix + java.lang.Integer.toString(counter)) + .png)): null

2018-12-13 14:08:59 - [TEST_STEP][PASSED] - Statement - counter = counter + 1: null

2018-12-13 14:08:59 - [TEST_STEP][PASSED] - Statement - PreSaveFile = new java.io.File(((pathPrefix + java.lang.Integer.toString(counter)) + .png)): null

2018-12-13 14:08:59 - [TEST_STEP][PASSED] - Statement - counter = counter + 1: null

2018-12-13 14:08:59 - [TEST_STEP][PASSED] - Statement - PreSaveFile = new java.io.File(((pathPrefix + java.lang.Integer.toString(counter)) + .png)): null

2018-12-13 14:08:59 - [TEST_STEP][PASSED] - Statement - counter = counter + 1: null

2018-12-13 14:08:59 - [TEST_STEP][PASSED] - Statement - PreSaveFile = new java.io.File(((pathPrefix + java.lang.Integer.toString(counter)) + .png)): null

2018-12-13 14:08:59 - [TEST_STEP][PASSED] - Statement - counter = counter + 1: null

2018-12-13 14:08:59 - [TEST_STEP][PASSED] - Statement - PreSaveFile = new java.io.File(((pathPrefix + java.lang.Integer.toString(counter)) + .png)): null

2018-12-13 14:08:59 - [TEST_STEP][PASSED] - Statement - counter = counter + 1: null

2018-12-13 14:08:59 - [TEST_STEP][PASSED] - Statement - PreSaveFile = new java.io.File(((pathPrefix + java.lang.Integer.toString(counter)) + .png)): null

2018-12-13 14:08:59 - [TEST_STEP][PASSED] - Statement - counter = counter + 1: null

2018-12-13 14:08:59 - [TEST_STEP][PASSED] - Statement - PreSaveFile = new java.io.File(((pathPrefix + java.lang.Integer.toString(counter)) + .png)): null

2018-12-13 14:08:59 - [TEST_STEP][PASSED] - Statement - counter = counter + 1: null

2018-12-13 14:08:59 - [TEST_STEP][PASSED] - Statement - PreSaveFile = new java.io.File(((pathPrefix + java.lang.Integer.toString(counter)) + .png)): null

2018-12-13 14:08:59 - [TEST_STEP][PASSED] - Statement - counter = counter + 1: null

2018-12-13 14:08:59 - [TEST_STEP][PASSED] - Statement - PreSaveFile = new java.io.File(((pathPrefix + java.lang.Integer.toString(counter)) + .png)): null

2018-12-13 14:08:59 - [TEST_STEP][PASSED] - Statement - counter = counter + 1: null

2018-12-13 14:08:59 - [TEST_STEP][PASSED] - Statement - PreSaveFile = new java.io.File(((pathPrefix + java.lang.Integer.toString(counter)) + .png)): null

2018-12-13 14:08:59 - [TEST_STEP][PASSED] - Statement - counter = counter + 1: null

2018-12-13 14:08:59 - [TEST_STEP][PASSED] - Statement - PreSaveFile = new java.io.File(((pathPrefix + java.lang.Integer.toString(counter)) + .png)): null

2018-12-13 14:08:59 - [TEST_STEP][PASSED] - Statement - counter = counter + 1: null

2018-12-13 14:08:59 - [TEST_STEP][PASSED] - Statement - PreSaveFile = new java.io.File(((pathPrefix + java.lang.Integer.toString(counter)) + .png)): null

2018-12-13 14:08:59 - [TEST_STEP][PASSED] - Statement - counter = counter + 1: null

2018-12-13 14:08:59 - [TEST_STEP][PASSED] - Statement - PreSaveFile = new java.io.File(((pathPrefix + java.lang.Integer.toString(counter)) + .png)): null

2018-12-13 14:08:59 - [TEST_STEP][PASSED] - Statement - counter = counter + 1: null

2018-12-13 14:08:59 - [TEST_STEP][PASSED] - Statement - PreSaveFile = new java.io.File(((pathPrefix + java.lang.Integer.toString(counter)) + .png)): null

2018-12-13 14:08:59 - [TEST_STEP][PASSED] - Statement - counter = counter + 1: null

2018-12-13 14:08:59 - [TEST_STEP][PASSED] - Statement - PreSaveFile = new java.io.File(((pathPrefix + java.lang.Integer.toString(counter)) + .png)): null

2018-12-13 14:08:59 - [TEST_STEP][PASSED] - Statement - counter = counter + 1: null

2018-12-13 14:08:59 - [TEST_STEP][PASSED] - Statement - PreSaveFile = new java.io.File(((pathPrefix + java.lang.Integer.toString(counter)) + .png)): null

2018-12-13 14:08:59 - [TEST_STEP][PASSED] - Statement - counter = counter + 1: null

2018-12-13 14:08:59 - [TEST_STEP][PASSED] - Statement - PreSaveFile = new java.io.File(((pathPrefix + java.lang.Integer.toString(counter)) + .png)): null

2018-12-13 14:08:59 - [TEST_STEP][PASSED] - Statement - counter = counter + 1: null

2018-12-13 14:08:59 - [TEST_STEP][PASSED] - Statement - PreSaveFile = new java.io.File(((pathPrefix + java.lang.Integer.toString(counter)) + .png)): null

2018-12-13 14:08:59 - [TEST_STEP][PASSED] - Statement - counter = counter + 1: null

2018-12-13 14:08:59 - [TEST_STEP][PASSED] - Statement - PreSaveFile = new java.io.File(((pathPrefix + java.lang.Integer.toString(counter)) + .png)): null

2018-12-13 14:08:59 - [TEST_STEP][PASSED] - Statement - counter = counter + 1: null

2018-12-13 14:08:59 - [TEST_STEP][PASSED] - Statement - PreSaveFile = new java.io.File(((pathPrefix + java.lang.Integer.toString(counter)) + .png)): null

2018-12-13 14:08:59 - [TEST_STEP][PASSED] - Statement - counter = counter + 1: null

2018-12-13 14:08:59 - [TEST_STEP][PASSED] - Statement - PreSaveFile = new java.io.File(((pathPrefix + java.lang.Integer.toString(counter)) + .png)): null

2018-12-13 14:08:59 - [TEST_STEP][PASSED] - Statement - counter = counter + 1: null

2018-12-13 14:08:59 - [TEST_STEP][PASSED] - Statement - PreSaveFile = new java.io.File(((pathPrefix + java.lang.Integer.toString(counter)) + .png)): null

2018-12-13 14:08:59 - [TEST_STEP][PASSED] - Statement - counter = counter + 1: null

2018-12-13 14:08:59 - [TEST_STEP][PASSED] - Statement - PreSaveFile = new java.io.File(((pathPrefix + java.lang.Integer.toString(counter)) + .png)): null

2018-12-13 14:08:59 - [TEST_STEP][PASSED] - Statement - counter = counter + 1: null

2018-12-13 14:08:59 - [TEST_STEP][PASSED] - Statement - PreSaveFile = new java.io.File(((pathPrefix + java.lang.Integer.toString(counter)) + .png)): null

2018-12-13 14:08:59 - [TEST_STEP][PASSED] - Statement - counter = counter + 1: null

2018-12-13 14:08:59 - [TEST_STEP][PASSED] - Statement - PreSaveFile = new java.io.File(((pathPrefix + java.lang.Integer.toString(counter)) + .png)): null

2018-12-13 14:08:59 - [TEST_STEP][PASSED] - Statement - counter = counter + 1: null

2018-12-13 14:08:59 - [TEST_STEP][PASSED] - Statement - PreSaveFile = new java.io.File(((pathPrefix + java.lang.Integer.toString(counter)) + .png)): null

2018-12-13 14:08:59 - [TEST_STEP][PASSED] - Statement - counter = counter + 1: null

2018-12-13 14:08:59 - [TEST_STEP][PASSED] - Statement - PreSaveFile = new java.io.File(((pathPrefix + java.lang.Integer.toString(counter)) + .png)): null

2018-12-13 14:08:59 - [TEST_STEP][PASSED] - Statement - counter = counter + 1: null

2018-12-13 14:08:59 - [TEST_STEP][PASSED] - Statement - PreSaveFile = new java.io.File(((pathPrefix + java.lang.Integer.toString(counter)) + .png)): null

2018-12-13 14:08:59 - [TEST_STEP][PASSED] - Statement - counter = counter + 1: null

2018-12-13 14:08:59 - [TEST_STEP][PASSED] - Statement - PreSaveFile = new java.io.File(((pathPrefix + java.lang.Integer.toString(counter)) + .png)): null

2018-12-13 14:08:59 - [TEST_STEP][PASSED] - Statement - counter = counter + 1: null

2018-12-13 14:08:59 - [TEST_STEP][PASSED] - Statement - PreSaveFile = new java.io.File(((pathPrefix + java.lang.Integer.toString(counter)) + .png)): null

2018-12-13 14:08:59 - [TEST_STEP][PASSED] - Statement - counter = counter + 1: null

2018-12-13 14:08:59 - [TEST_STEP][PASSED] - Statement - PreSaveFile = new java.io.File(((pathPrefix + java.lang.Integer.toString(counter)) + .png)): null

2018-12-13 14:08:59 - [TEST_STEP][PASSED] - Statement - counter = counter + 1: null

2018-12-13 14:08:59 - [TEST_STEP][PASSED] - Statement - PreSaveFile = new java.io.File(((pathPrefix + java.lang.Integer.toString(counter)) + .png)): null

2018-12-13 14:08:59 - [TEST_STEP][PASSED] - Statement - counter = counter + 1: null

2018-12-13 14:08:59 - [TEST_STEP][PASSED] - Statement - PreSaveFile = new java.io.File(((pathPrefix + java.lang.Integer.toString(counter)) + .png)): null

2018-12-13 14:08:59 - [TEST_STEP][PASSED] - Statement - counter = counter + 1: null

2018-12-13 14:08:59 - [TEST_STEP][PASSED] - Statement - PreSaveFile = new java.io.File(((pathPrefix + java.lang.Integer.toString(counter)) + .png)): null

2018-12-13 14:08:59 - [TEST_STEP][PASSED] - Statement - counter = counter + 1: null

2018-12-13 14:08:59 - [TEST_STEP][PASSED] - Statement - PreSaveFile = new java.io.File(((pathPrefix + java.lang.Integer.toString(counter)) + .png)): null

2018-12-13 14:08:59 - [TEST_STEP][PASSED] - Statement - counter = counter + 1: null

2018-12-13 14:08:59 - [TEST_STEP][PASSED] - Statement - PreSaveFile = new java.io.File(((pathPrefix + java.lang.Integer.toString(counter)) + .png)): null

2018-12-13 14:08:59 - [TEST_STEP][PASSED] - Statement - counter = counter + 1: null

2018-12-13 14:08:59 - [TEST_STEP][PASSED] - Statement - PreSaveFile = new java.io.File(((pathPrefix + java.lang.Integer.toString(counter)) + .png)): null

2018-12-13 14:08:59 - [TEST_STEP][PASSED] - Statement - counter = counter + 1: null

2018-12-13 14:08:59 - [TEST_STEP][PASSED] - Statement - PreSaveFile = new java.io.File(((pathPrefix + java.lang.Integer.toString(counter)) + .png)): null

2018-12-13 14:08:59 - [TEST_STEP][PASSED] - Statement - counter = counter + 1: null

2018-12-13 14:08:59 - [TEST_STEP][PASSED] - Statement - PreSaveFile = new java.io.File(((pathPrefix + java.lang.Integer.toString(counter)) + .png)): null

2018-12-13 14:08:59 - [TEST_STEP][PASSED] - Statement - counter = counter + 1: null

2018-12-13 14:08:59 - [TEST_STEP][PASSED] - Statement - PreSaveFile = new java.io.File(((pathPrefix + java.lang.Integer.toString(counter)) + .png)): null

2018-12-13 14:08:59 - [TEST_STEP][PASSED] - Statement - counter = counter + 1: null

2018-12-13 14:08:59 - [TEST_STEP][PASSED] - Statement - PreSaveFile = new java.io.File(((pathPrefix + java.lang.Integer.toString(counter)) + .png)): null

2018-12-13 14:08:59 - [TEST_STEP][PASSED] - Statement - counter = counter + 1: null

2018-12-13 14:09:00 - [TEST_STEP][PASSED] - Statement - PreSaveFile = new java.io.File(((pathPrefix + java.lang.Integer.toString(counter)) + .png)): null

2018-12-13 14:09:00 - [TEST_STEP][PASSED] - Statement - counter = counter + 1: null

2018-12-13 14:09:00 - [TEST_STEP][PASSED] - Statement - PreSaveFile = new java.io.File(((pathPrefix + java.lang.Integer.toString(counter)) + .png)): null

2018-12-13 14:09:00 - [TEST_STEP][PASSED] - Statement - counter = counter + 1: null

2018-12-13 14:09:00 - [TEST_STEP][PASSED] - Statement - PreSaveFile = new java.io.File(((pathPrefix + java.lang.Integer.toString(counter)) + .png)): null

2018-12-13 14:09:00 - [TEST_STEP][PASSED] - Statement - counter = counter + 1: null

2018-12-13 14:09:00 - [TEST_STEP][PASSED] - Statement - PreSaveFile = new java.io.File(((pathPrefix + java.lang.Integer.toString(counter)) + .png)): null

2018-12-13 14:09:00 - [TEST_STEP][PASSED] - Statement - counter = counter + 1: null

2018-12-13 14:09:00 - [TEST_STEP][PASSED] - Statement - PreSaveFile = new java.io.File(((pathPrefix + java.lang.Integer.toString(counter)) + .png)): null

2018-12-13 14:09:00 - [TEST_STEP][PASSED] - Statement - counter = counter + 1: null

2018-12-13 14:09:00 - [TEST_STEP][PASSED] - Statement - PreSaveFile = new java.io.File(((pathPrefix + java.lang.Integer.toString(counter)) + .png)): null

2018-12-13 14:09:00 - [TEST_STEP][PASSED] - Statement - counter = counter + 1: null

2018-12-13 14:09:00 - [TEST_STEP][PASSED] - Statement - PreSaveFile = new java.io.File(((pathPrefix + java.lang.Integer.toString(counter)) + .png)): null

2018-12-13 14:09:00 - [TEST_STEP][PASSED] - Statement - counter = counter + 1: null

2018-12-13 14:09:00 - [TEST_STEP][PASSED] - Statement - PreSaveFile = new java.io.File(((pathPrefix + java.lang.Integer.toString(counter)) + .png)): null

2018-12-13 14:09:00 - [TEST_STEP][PASSED] - Statement - counter = counter + 1: null

2018-12-13 14:09:00 - [TEST_STEP][PASSED] - Statement - PreSaveFile = new java.io.File(((pathPrefix + java.lang.Integer.toString(counter)) + .png)): null

2018-12-13 14:09:00 - [TEST_STEP][PASSED] - Statement - counter = counter + 1: null

2018-12-13 14:09:00 - [TEST_STEP][PASSED] - Statement - PreSaveFile = new java.io.File(((pathPrefix + java.lang.Integer.toString(counter)) + .png)): null

2018-12-13 14:09:00 - [TEST_STEP][PASSED] - Statement - counter = counter + 1: null

2018-12-13 14:09:00 - [TEST_STEP][PASSED] - Statement - PreSaveFile = new java.io.File(((pathPrefix + java.lang.Integer.toString(counter)) + .png)): null

2018-12-13 14:09:00 - [TEST_STEP][PASSED] - Statement - counter = counter + 1: null

2018-12-13 14:09:00 - [TEST_STEP][PASSED] - Statement - PreSaveFile = new java.io.File(((pathPrefix + java.lang.Integer.toString(counter)) + .png)): null

2018-12-13 14:09:00 - [TEST_STEP][PASSED] - Statement - counter = counter + 1: null

2018-12-13 14:09:00 - [TEST_STEP][PASSED] - Statement - PreSaveFile = new java.io.File(((pathPrefix + java.lang.Integer.toString(counter)) + .png)): null

2018-12-13 14:09:00 - [TEST_STEP][PASSED] - Statement - counter = counter + 1: null

2018-12-13 14:09:00 - [TEST_STEP][PASSED] - Statement - PreSaveFile = new java.io.File(((pathPrefix + java.lang.Integer.toString(counter)) + .png)): null

2018-12-13 14:09:00 - [TEST_STEP][PASSED] - Statement - counter = counter + 1: null

2018-12-13 14:09:00 - [TEST_STEP][PASSED] - Statement - PreSaveFile = new java.io.File(((pathPrefix + java.lang.Integer.toString(counter)) + .png)): null

2018-12-13 14:09:00 - [TEST_STEP][PASSED] - Statement - counter = counter + 1: null

2018-12-13 14:09:00 - [TEST_STEP][PASSED] - Statement - PreSaveFile = new java.io.File(((pathPrefix + java.lang.Integer.toString(counter)) + .png)): null

2018-12-13 14:09:00 - [TEST_STEP][PASSED] - Statement - counter = counter + 1: null

2018-12-13 14:09:00 - [TEST_STEP][PASSED] - Statement - PreSaveFile = new java.io.File(((pathPrefix + java.lang.Integer.toString(counter)) + .png)): null

2018-12-13 14:09:00 - [TEST_STEP][PASSED] - Statement - counter = counter + 1: null

2018-12-13 14:09:00 - [TEST_STEP][PASSED] - Statement - PreSaveFile = new java.io.File(((pathPrefix + java.lang.Integer.toString(counter)) + .png)): null

2018-12-13 14:09:00 - [TEST_STEP][PASSED] - Statement - counter = counter + 1: null

2018-12-13 14:09:00 - [TEST_STEP][PASSED] - Statement - PreSaveFile = new java.io.File(((pathPrefix + java.lang.Integer.toString(counter)) + .png)): null

2018-12-13 14:09:00 - [TEST_STEP][PASSED] - Statement - counter = counter + 1: null

2018-12-13 14:09:00 - [TEST_STEP][PASSED] - Statement - PreSaveFile = new java.io.File(((pathPrefix + java.lang.Integer.toString(counter)) + .png)): null

2018-12-13 14:09:00 - [TEST_STEP][PASSED] - Statement - counter = counter + 1: null

2018-12-13 14:09:00 - [TEST_STEP][PASSED] - Statement - PreSaveFile = new java.io.File(((pathPrefix + java.lang.Integer.toString(counter)) + .png)): null

2018-12-13 14:09:00 - [TEST_STEP][PASSED] - Statement - counter = counter + 1: null

2018-12-13 14:09:00 - [TEST_STEP][PASSED] - Statement - PreSaveFile = new java.io.File(((pathPrefix + java.lang.Integer.toString(counter)) + .png)): null

2018-12-13 14:09:00 - [TEST_STEP][PASSED] - Statement - counter = counter + 1: null

2018-12-13 14:09:00 - [TEST_STEP][PASSED] - Statement - PreSaveFile = new java.io.File(((pathPrefix + java.lang.Integer.toString(counter)) + .png)): null

2018-12-13 14:09:00 - [TEST_STEP][PASSED] - Statement - counter = counter + 1: null

2018-12-13 14:09:00 - [TEST_STEP][PASSED] - Statement - PreSaveFile = new java.io.File(((pathPrefix + java.lang.Integer.toString(counter)) + .png)): null

2018-12-13 14:09:00 - [TEST_STEP][PASSED] - Statement - counter = counter + 1: null

2018-12-13 14:09:00 - [TEST_STEP][PASSED] - Statement - PreSaveFile = new java.io.File(((pathPrefix + java.lang.Integer.toString(counter)) + .png)): null

2018-12-13 14:09:00 - [TEST_STEP][PASSED] - Statement - counter = counter + 1: null

2018-12-13 14:09:00 - [TEST_STEP][PASSED] - Statement - PreSaveFile = new java.io.File(((pathPrefix + java.lang.Integer.toString(counter)) + .png)): null

2018-12-13 14:09:00 - [TEST_STEP][PASSED] - Statement - counter = counter + 1: null

2018-12-13 14:09:00 - [TEST_STEP][PASSED] - Statement - PreSaveFile = new java.io.File(((pathPrefix + java.lang.Integer.toString(counter)) + .png)): null

2018-12-13 14:09:00 - [TEST_STEP][PASSED] - Statement - counter = counter + 1: null

2018-12-13 14:09:00 - [TEST_STEP][PASSED] - Statement - PreSaveFile = new java.io.File(((pathPrefix + java.lang.Integer.toString(counter)) + .png)): null

2018-12-13 14:09:00 - [TEST_STEP][PASSED] - Statement - counter = counter + 1: null

2018-12-13 14:09:00 - [TEST_STEP][PASSED] - Statement - PreSaveFile = new java.io.File(((pathPrefix + java.lang.Integer.toString(counter)) + .png)): null

2018-12-13 14:09:00 - [TEST_STEP][PASSED] - Statement - counter = counter + 1: null

2018-12-13 14:09:00 - [TEST_STEP][PASSED] - Statement - PreSaveFile = new java.io.File(((pathPrefix + java.lang.Integer.toString(counter)) + .png)): null

2018-12-13 14:09:00 - [TEST_STEP][PASSED] - Statement - counter = counter + 1: null

2018-12-13 14:09:00 - [TEST_STEP][PASSED] - Statement - PreSaveFile = new java.io.File(((pathPrefix + java.lang.Integer.toString(counter)) + .png)): null

2018-12-13 14:09:00 - [TEST_STEP][PASSED] - Statement - counter = counter + 1: null

2018-12-13 14:09:00 - [TEST_STEP][PASSED] - Statement - PreSaveFile = new java.io.File(((pathPrefix + java.lang.Integer.toString(counter)) + .png)): null

2018-12-13 14:09:00 - [TEST_STEP][PASSED] - Statement - counter = counter + 1: null

2018-12-13 14:09:00 - [TEST_STEP][PASSED] - Statement - PreSaveFile = new java.io.File(((pathPrefix + java.lang.Integer.toString(counter)) + .png)): null

2018-12-13 14:09:00 - [TEST_STEP][PASSED] - Statement - counter = counter + 1: null

2018-12-13 14:09:00 - [TEST_STEP][PASSED] - Statement - PreSaveFile = new java.io.File(((pathPrefix + java.lang.Integer.toString(counter)) + .png)): null

2018-12-13 14:09:00 - [TEST_STEP][PASSED] - Statement - counter = counter + 1: null

2018-12-13 14:09:00 - [TEST_STEP][PASSED] - Statement - PreSaveFile = new java.io.File(((pathPrefix + java.lang.Integer.toString(counter)) + .png)): null

2018-12-13 14:09:00 - [TEST_STEP][PASSED] - Statement - counter = counter + 1: null

2018-12-13 14:09:00 - [TEST_STEP][PASSED] - Statement - PreSaveFile = new java.io.File(((pathPrefix + java.lang.Integer.toString(counter)) + .png)): null

2018-12-13 14:09:00 - [TEST_STEP][PASSED] - Statement - counter = counter + 1: null

2018-12-13 14:09:00 - [TEST_STEP][PASSED] - Statement - PreSaveFile = new java.io.File(((pathPrefix + java.lang.Integer.toString(counter)) + .png)): null

2018-12-13 14:09:00 - [TEST_STEP][PASSED] - Statement - counter = counter + 1: null

2018-12-13 14:09:00 - [TEST_STEP][PASSED] - Statement - PreSaveFile = new java.io.File(((pathPrefix + java.lang.Integer.toString(counter)) + .png)): null

2018-12-13 14:09:00 - [TEST_STEP][PASSED] - Statement - counter = counter + 1: null

2018-12-13 14:09:00 - [TEST_STEP][PASSED] - Statement - PreSaveFile = new java.io.File(((pathPrefix + java.lang.Integer.toString(counter)) + .png)): null

2018-12-13 14:09:00 - [TEST_STEP][PASSED] - Statement - counter = counter + 1: null

2018-12-13 14:09:00 - [TEST_STEP][PASSED] - Statement - PreSaveFile = new java.io.File(((pathPrefix + java.lang.Integer.toString(counter)) + .png)): null

2018-12-13 14:09:00 - [TEST_STEP][PASSED] - Statement - counter = counter + 1: null

2018-12-13 14:09:00 - [TEST_STEP][PASSED] - Statement - PreSaveFile = new java.io.File(((pathPrefix + java.lang.Integer.toString(counter)) + .png)): null

2018-12-13 14:09:00 - [TEST_STEP][PASSED] - Statement - counter = counter + 1: null

2018-12-13 14:09:00 - [TEST_STEP][PASSED] - Statement - PreSaveFile = new java.io.File(((pathPrefix + java.lang.Integer.toString(counter)) + .png)): null

2018-12-13 14:09:00 - [TEST_STEP][PASSED] - Statement - counter = counter + 1: null

2018-12-13 14:09:00 - [TEST_STEP][PASSED] - Statement - PreSaveFile = new java.io.File(((pathPrefix + java.lang.Integer.toString(counter)) + .png)): null

2018-12-13 14:09:00 - [TEST_STEP][PASSED] - Statement - counter = counter + 1: null

2018-12-13 14:09:00 - [TEST_STEP][PASSED] - Statement - PreSaveFile = new java.io.File(((pathPrefix + java.lang.Integer.toString(counter)) + .png)): null

2018-12-13 14:09:00 - [TEST_STEP][PASSED] - Statement - counter = counter + 1: null

2018-12-13 14:09:00 - [TEST_STEP][PASSED] - Statement - PreSaveFile = new java.io.File(((pathPrefix + java.lang.Integer.toString(counter)) + .png)): null

2018-12-13 14:09:00 - [TEST_STEP][PASSED] - Statement - counter = counter + 1: null

2018-12-13 14:09:00 - [TEST_STEP][PASSED] - Statement - PreSaveFile = new java.io.File(((pathPrefix + java.lang.Integer.toString(counter)) + .png)): null

2018-12-13 14:09:00 - [TEST_STEP][PASSED] - Statement - counter = counter + 1: null

2018-12-13 14:09:00 - [TEST_STEP][PASSED] - Statement - PreSaveFile = new java.io.File(((pathPrefix + java.lang.Integer.toString(counter)) + .png)): null

2018-12-13 14:09:00 - [TEST_STEP][PASSED] - Statement - counter = counter + 1: null

2018-12-13 14:09:00 - [TEST_STEP][PASSED] - Statement - PreSaveFile = new java.io.File(((pathPrefix + java.lang.Integer.toString(counter)) + .png)): null

2018-12-13 14:09:00 - [TEST_STEP][PASSED] - Statement - counter = counter + 1: null

2018-12-13 14:09:00 - [TEST_STEP][PASSED] - Statement - PreSaveFile = new java.io.File(((pathPrefix + java.lang.Integer.toString(counter)) + .png)): null

2018-12-13 14:09:00 - [TEST_STEP][PASSED] - Statement - counter = counter + 1: null

2018-12-13 14:09:00 - [TEST_STEP][PASSED] - Statement - PreSaveFile = new java.io.File(((pathPrefix + java.lang.Integer.toString(counter)) + .png)): null

2018-12-13 14:09:00 - [TEST_STEP][PASSED] - Statement - counter = counter + 1: null

2018-12-13 14:09:00 - [TEST_STEP][PASSED] - Statement - PreSaveFile = new java.io.File(((pathPrefix + java.lang.Integer.toString(counter)) + .png)): null

2018-12-13 14:09:00 - [TEST_STEP][PASSED] - Statement - counter = counter + 1: null

2018-12-13 14:09:00 - [TEST_STEP][PASSED] - Statement - PreSaveFile = new java.io.File(((pathPrefix + java.lang.Integer.toString(counter)) + .png)): null

2018-12-13 14:09:00 - [TEST_STEP][PASSED] - Statement - counter = counter + 1: null

2018-12-13 14:09:00 - [TEST_STEP][PASSED] - Statement - PreSaveFile = new java.io.File(((pathPrefix + java.lang.Integer.toString(counter)) + .png)): null

2018-12-13 14:09:00 - [TEST_STEP][PASSED] - Statement - counter = counter + 1: null

2018-12-13 14:09:00 - [TEST_STEP][PASSED] - Statement - PreSaveFile = new java.io.File(((pathPrefix + java.lang.Integer.toString(counter)) + .png)): null

2018-12-13 14:09:00 - [TEST_STEP][PASSED] - Statement - counter = counter + 1: null

2018-12-13 14:09:00 - [TEST_STEP][PASSED] - Statement - PreSaveFile = new java.io.File(((pathPrefix + java.lang.Integer.toString(counter)) + .png)): null

2018-12-13 14:09:00 - [TEST_STEP][PASSED] - Statement - counter = counter + 1: null

2018-12-13 14:09:00 - [TEST_STEP][PASSED] - Statement - PreSaveFile = new java.io.File(((pathPrefix + java.lang.Integer.toString(counter)) + .png)): null

2018-12-13 14:09:00 - [TEST_STEP][PASSED] - Statement - counter = counter + 1: null

2018-12-13 14:09:00 - [TEST_STEP][PASSED] - Statement - PreSaveFile = new java.io.File(((pathPrefix + java.lang.Integer.toString(counter)) + .png)): null

2018-12-13 14:09:00 - [TEST_STEP][PASSED] - Statement - counter = counter + 1: null

2018-12-13 14:09:00 - [TEST_STEP][PASSED] - Statement - PreSaveFile = new java.io.File(((pathPrefix + java.lang.Integer.toString(counter)) + .png)): null

2018-12-13 14:09:00 - [TEST_STEP][PASSED] - Statement - counter = counter + 1: null

2018-12-13 14:09:00 - [TEST_STEP][PASSED] - Statement - PreSaveFile = new java.io.File(((pathPrefix + java.lang.Integer.toString(counter)) + .png)): null

2018-12-13 14:09:00 - [TEST_STEP][PASSED] - Statement - counter = counter + 1: null

2018-12-13 14:09:00 - [TEST_STEP][PASSED] - Statement - PreSaveFile = new java.io.File(((pathPrefix + java.lang.Integer.toString(counter)) + .png)): null

2018-12-13 14:09:00 - [TEST_STEP][PASSED] - Statement - counter = counter + 1: null

2018-12-13 14:09:00 - [TEST_STEP][PASSED] - Statement - PreSaveFile = new java.io.File(((pathPrefix + java.lang.Integer.toString(counter)) + .png)): null

2018-12-13 14:09:00 - [TEST_STEP][PASSED] - Statement - counter = counter + 1: null

2018-12-13 14:09:00 - [TEST_STEP][PASSED] - Statement - PreSaveFile = new java.io.File(((pathPrefix + java.lang.Integer.toString(counter)) + .png)): null

2018-12-13 14:09:00 - [TEST_STEP][PASSED] - Statement - counter = counter + 1: null

2018-12-13 14:09:00 - [TEST_STEP][PASSED] - Statement - PreSaveFile = new java.io.File(((pathPrefix + java.lang.Integer.toString(counter)) + .png)): null

2018-12-13 14:09:00 - [TEST_STEP][PASSED] - Statement - counter = counter + 1: null

2018-12-13 14:09:00 - [TEST_STEP][PASSED] - Statement - PreSaveFile = new java.io.File(((pathPrefix + java.lang.Integer.toString(counter)) + .png)): null

2018-12-13 14:09:00 - [TEST_STEP][PASSED] - Statement - counter = counter + 1: null

2018-12-13 14:09:00 - [TEST_STEP][PASSED] - Statement - PreSaveFile = new java.io.File(((pathPrefix + java.lang.Integer.toString(counter)) + .png)): null

2018-12-13 14:09:00 - [TEST_STEP][PASSED] - Statement - counter = counter + 1: null

2018-12-13 14:09:00 - [TEST_STEP][PASSED] - Statement - PreSaveFile = new java.io.File(((pathPrefix + java.lang.Integer.toString(counter)) + .png)): null

2018-12-13 14:09:00 - [TEST_STEP][PASSED] - Statement - counter = counter + 1: null

2018-12-13 14:09:00 - [TEST_STEP][PASSED] - Statement - PreSaveFile = new java.io.File(((pathPrefix + java.lang.Integer.toString(counter)) + .png)): null

2018-12-13 14:09:00 - [TEST_STEP][PASSED] - Statement - counter = counter + 1: null

2018-12-13 14:09:00 - [TEST_STEP][PASSED] - Statement - PreSaveFile = new java.io.File(((pathPrefix + java.lang.Integer.toString(counter)) + .png)): null

2018-12-13 14:09:00 - [TEST_STEP][PASSED] - Statement - counter = counter + 1: null

2018-12-13 14:09:00 - [TEST_STEP][PASSED] - Statement - PreSaveFile = new java.io.File(((pathPrefix + java.lang.Integer.toString(counter)) + .png)): null

2018-12-13 14:09:00 - [TEST_STEP][PASSED] - Statement - counter = counter + 1: null

2018-12-13 14:09:00 - [TEST_STEP][PASSED] - Statement - PreSaveFile = new java.io.File(((pathPrefix + java.lang.Integer.toString(counter)) + .png)): null

2018-12-13 14:09:00 - [TEST_STEP][PASSED] - Statement - counter = counter + 1: null

2018-12-13 14:09:00 - [TEST_STEP][PASSED] - Statement - PreSaveFile = new java.io.File(((pathPrefix + java.lang.Integer.toString(counter)) + .png)): null

2018-12-13 14:09:00 - [TEST_STEP][PASSED] - Statement - counter = counter + 1: null

2018-12-13 14:09:00 - [TEST_STEP][PASSED] - Statement - PreSaveFile = new java.io.File(((pathPrefix + java.lang.Integer.toString(counter)) + .png)): null

2018-12-13 14:09:00 - [TEST_STEP][PASSED] - Statement - counter = counter + 1: null

2018-12-13 14:09:00 - [TEST_STEP][PASSED] - Statement - PreSaveFile = new java.io.File(((pathPrefix + java.lang.Integer.toString(counter)) + .png)): null

2018-12-13 14:09:00 - [TEST_STEP][PASSED] - Statement - counter = counter + 1: null

2018-12-13 14:09:00 - [TEST_STEP][PASSED] - Statement - PreSaveFile = new java.io.File(((pathPrefix + java.lang.Integer.toString(counter)) + .png)): null

2018-12-13 14:09:00 - [TEST_STEP][PASSED] - Statement - counter = counter + 1: null

2018-12-13 14:09:00 - [TEST_STEP][PASSED] - Statement - PreSaveFile = new java.io.File(((pathPrefix + java.lang.Integer.toString(counter)) + .png)): null

2018-12-13 14:09:00 - [TEST_STEP][PASSED] - Statement - counter = counter + 1: null

2018-12-13 14:09:00 - [TEST_STEP][PASSED] - Statement - PreSaveFile = new java.io.File(((pathPrefix + java.lang.Integer.toString(counter)) + .png)): null

2018-12-13 14:09:00 - [TEST_STEP][PASSED] - Statement - counter = counter + 1: null

2018-12-13 14:09:00 - [TEST_STEP][PASSED] - Statement - PreSaveFile = new java.io.File(((pathPrefix + java.lang.Integer.toString(counter)) + .png)): null

2018-12-13 14:09:00 - [TEST_STEP][PASSED] - Statement - counter = counter + 1: null

2018-12-13 14:09:00 - [TEST_STEP][PASSED] - Statement - PreSaveFile = new java.io.File(((pathPrefix + java.lang.Integer.toString(counter)) + .png)): null

2018-12-13 14:09:00 - [TEST_STEP][PASSED] - Statement - counter = counter + 1: null

2018-12-13 14:09:00 - [TEST_STEP][PASSED] - Statement - PreSaveFile = new java.io.File(((pathPrefix + java.lang.Integer.toString(counter)) + .png)): null

2018-12-13 14:09:00 - [TEST_STEP][PASSED] - Statement - counter = counter + 1: null

2018-12-13 14:09:00 - [TEST_STEP][PASSED] - Statement - PreSaveFile = new java.io.File(((pathPrefix + java.lang.Integer.toString(counter)) + .png)): null

2018-12-13 14:09:00 - [TEST_STEP][PASSED] - Statement - counter = counter + 1: null

2018-12-13 14:09:00 - [TEST_STEP][PASSED] - Statement - PreSaveFile = new java.io.File(((pathPrefix + java.lang.Integer.toString(counter)) + .png)): null

2018-12-13 14:09:00 - [TEST_STEP][PASSED] - Statement - counter = counter + 1: null

2018-12-13 14:09:00 - [TEST_STEP][PASSED] - Statement - PreSaveFile = new java.io.File(((pathPrefix + java.lang.Integer.toString(counter)) + .png)): null

2018-12-13 14:09:00 - [TEST_STEP][PASSED] - Statement - counter = counter + 1: null

2018-12-13 14:09:00 - [TEST_STEP][PASSED] - Statement - PreSaveFile = new java.io.File(((pathPrefix + java.lang.Integer.toString(counter)) + .png)): null

2018-12-13 14:09:00 - [TEST_STEP][PASSED] - Statement - counter = counter + 1: null

2018-12-13 14:09:00 - [TEST_STEP][PASSED] - Statement - PreSaveFile = new java.io.File(((pathPrefix + java.lang.Integer.toString(counter)) + .png)): null

2018-12-13 14:09:00 - [TEST_STEP][PASSED] - Statement - counter = counter + 1: null

2018-12-13 14:09:00 - [TEST_STEP][PASSED] - Statement - PreSaveFile = new java.io.File(((pathPrefix + java.lang.Integer.toString(counter)) + .png)): null

2018-12-13 14:09:00 - [TEST_STEP][PASSED] - Statement - counter = counter + 1: null

2018-12-13 14:09:00 - [TEST_STEP][PASSED] - Statement - PreSaveFile = new java.io.File(((pathPrefix + java.lang.Integer.toString(counter)) + .png)): null

2018-12-13 14:09:00 - [TEST_STEP][PASSED] - Statement - counter = counter + 1: null

2018-12-13 14:09:00 - [TEST_STEP][PASSED] - Statement - PreSaveFile = new java.io.File(((pathPrefix + java.lang.Integer.toString(counter)) + .png)): null

2018-12-13 14:09:00 - [TEST_STEP][PASSED] - Statement - counter = counter + 1: null

2018-12-13 14:09:00 - [TEST_STEP][PASSED] - Statement - PreSaveFile = new java.io.File(((pathPrefix + java.lang.Integer.toString(counter)) + .png)): null

2018-12-13 14:09:00 - [TEST_STEP][PASSED] - Statement - counter = counter + 1: null

2018-12-13 14:09:00 - [TEST_STEP][PASSED] - Statement - PreSaveFile = new java.io.File(((pathPrefix + java.lang.Integer.toString(counter)) + .png)): null

2018-12-13 14:09:00 - [TEST_STEP][PASSED] - Statement - counter = counter + 1: null

2018-12-13 14:09:00 - [TEST_STEP][PASSED] - Statement - PreSaveFile = new java.io.File(((pathPrefix + java.lang.Integer.toString(counter)) + .png)): null

2018-12-13 14:09:00 - [TEST_STEP][PASSED] - Statement - counter = counter + 1: null

2018-12-13 14:09:00 - [TEST_STEP][PASSED] - Statement - PreSaveFile = new java.io.File(((pathPrefix + java.lang.Integer.toString(counter)) + .png)): null

2018-12-13 14:09:00 - [TEST_STEP][PASSED] - Statement - counter = counter + 1: null

2018-12-13 14:09:00 - [TEST_STEP][PASSED] - Statement - PreSaveFile = new java.io.File(((pathPrefix + java.lang.Integer.toString(counter)) + .png)): null

2018-12-13 14:09:00 - [TEST_STEP][PASSED] - Statement - counter = counter + 1: null

2018-12-13 14:09:00 - [TEST_STEP][PASSED] - Statement - PreSaveFile = new java.io.File(((pathPrefix + java.lang.Integer.toString(counter)) + .png)): null

2018-12-13 14:09:00 - [TEST_STEP][PASSED] - Statement - counter = counter + 1: null

2018-12-13 14:09:00 - [TEST_STEP][PASSED] - Statement - PreSaveFile = new java.io.File(((pathPrefix + java.lang.Integer.toString(counter)) + .png)): null

2018-12-13 14:09:00 - [TEST_STEP][PASSED] - Statement - counter = counter + 1: null

2018-12-13 14:09:00 - [TEST_STEP][PASSED] - Statement - PreSaveFile = new java.io.File(((pathPrefix + java.lang.Integer.toString(counter)) + .png)): null

2018-12-13 14:09:00 - [TEST_STEP][PASSED] - Statement - counter = counter + 1: null

2018-12-13 14:09:00 - [TEST_STEP][PASSED] - Statement - PreSaveFile = new java.io.File(((pathPrefix + java.lang.Integer.toString(counter)) + .png)): null

2018-12-13 14:09:00 - [TEST_STEP][PASSED] - Statement - counter = counter + 1: null

2018-12-13 14:09:00 - [TEST_STEP][PASSED] - Statement - PreSaveFile = new java.io.File(((pathPrefix + java.lang.Integer.toString(counter)) + .png)): null

2018-12-13 14:09:00 - [TEST_STEP][PASSED] - Statement - counter = counter + 1: null

2018-12-13 14:09:00 - [TEST_STEP][PASSED] - Statement - PreSaveFile = new java.io.File(((pathPrefix + java.lang.Integer.toString(counter)) + .png)): null

2018-12-13 14:09:00 - [TEST_STEP][PASSED] - Statement - counter = counter + 1: null

2018-12-13 14:09:00 - [TEST_STEP][PASSED] - Statement - PreSaveFile = new java.io.File(((pathPrefix + java.lang.Integer.toString(counter)) + .png)): null

2018-12-13 14:09:00 - [TEST_STEP][PASSED] - Statement - counter = counter + 1: null

2018-12-13 14:09:00 - [TEST_STEP][PASSED] - Statement - PreSaveFile = new java.io.File(((pathPrefix + java.lang.Integer.toString(counter)) + .png)): null

2018-12-13 14:09:00 - [TEST_STEP][PASSED] - Statement - counter = counter + 1: null

2018-12-13 14:09:00 - [TEST_STEP][PASSED] - Statement - PreSaveFile = new java.io.File(((pathPrefix + java.lang.Integer.toString(counter)) + .png)): null

2018-12-13 14:09:00 - [TEST_STEP][PASSED] - Statement - counter = counter + 1: null

2018-12-13 14:09:00 - [TEST_STEP][PASSED] - Statement - PreSaveFile = new java.io.File(((pathPrefix + java.lang.Integer.toString(counter)) + .png)): null

2018-12-13 14:09:00 - [TEST_STEP][PASSED] - Statement - counter = counter + 1: null

2018-12-13 14:09:00 - [TEST_STEP][PASSED] - Statement - PreSaveFile = new java.io.File(((pathPrefix + java.lang.Integer.toString(counter)) + .png)): null

2018-12-13 14:09:00 - [TEST_STEP][PASSED] - Statement - counter = counter + 1: null

2018-12-13 14:09:00 - [TEST_STEP][PASSED] - Statement - PreSaveFile = new java.io.File(((pathPrefix + java.lang.Integer.toString(counter)) + .png)): null

2018-12-13 14:09:00 - [TEST_STEP][PASSED] - Statement - counter = counter + 1: null

2018-12-13 14:09:00 - [TEST_STEP][PASSED] - Statement - PreSaveFile = new java.io.File(((pathPrefix + java.lang.Integer.toString(counter)) + .png)): null

2018-12-13 14:09:00 - [TEST_STEP][PASSED] - Statement - counter = counter + 1: null

2018-12-13 14:09:00 - [TEST_STEP][PASSED] - Statement - PreSaveFile = new java.io.File(((pathPrefix + java.lang.Integer.toString(counter)) + .png)): null

2018-12-13 14:09:00 - [TEST_STEP][PASSED] - Statement - counter = counter + 1: null

2018-12-13 14:09:00 - [TEST_STEP][PASSED] - Statement - PreSaveFile = new java.io.File(((pathPrefix + java.lang.Integer.toString(counter)) + .png)): null

2018-12-13 14:09:00 - [TEST_STEP][PASSED] - Statement - counter = counter + 1: null

2018-12-13 14:09:00 - [TEST_STEP][PASSED] - Statement - PreSaveFile = new java.io.File(((pathPrefix + java.lang.Integer.toString(counter)) + .png)): null

2018-12-13 14:09:00 - [TEST_STEP][PASSED] - Statement - counter = counter + 1: null

2018-12-13 14:09:00 - [TEST_STEP][PASSED] - Statement - PreSaveFile = new java.io.File(((pathPrefix + java.lang.Integer.toString(counter)) + .png)): null

2018-12-13 14:09:00 - [TEST_STEP][PASSED] - Statement - counter = counter + 1: null

2018-12-13 14:09:00 - [TEST_STEP][PASSED] - Statement - PreSaveFile = new java.io.File(((pathPrefix + java.lang.Integer.toString(counter)) + .png)): null

2018-12-13 14:09:00 - [TEST_STEP][PASSED] - Statement - counter = counter + 1: null

2018-12-13 14:09:00 - [TEST_STEP][PASSED] - Statement - PreSaveFile = new java.io.File(((pathPrefix + java.lang.Integer.toString(counter)) + .png)): null

2018-12-13 14:09:00 - [TEST_STEP][PASSED] - Statement - counter = counter + 1: null

2018-12-13 14:09:00 - [TEST_STEP][PASSED] - Statement - PreSaveFile = new java.io.File(((pathPrefix + java.lang.Integer.toString(counter)) + .png)): null

2018-12-13 14:09:00 - [TEST_STEP][PASSED] - Statement - counter = counter + 1: null

2018-12-13 14:09:00 - [TEST_STEP][PASSED] - Statement - PreSaveFile = new java.io.File(((pathPrefix + java.lang.Integer.toString(counter)) + .png)): null

2018-12-13 14:09:00 - [TEST_STEP][PASSED] - Statement - counter = counter + 1: null

2018-12-13 14:09:00 - [TEST_STEP][PASSED] - Statement - PreSaveFile = new java.io.File(((pathPrefix + java.lang.Integer.toString(counter)) + .png)): null

2018-12-13 14:09:00 - [TEST_STEP][PASSED] - Statement - counter = counter + 1: null

2018-12-13 14:09:00 - [TEST_STEP][PASSED] - Statement - PreSaveFile = new java.io.File(((pathPrefix + java.lang.Integer.toString(counter)) + .png)): null

2018-12-13 14:09:00 - [TEST_STEP][PASSED] - Statement - counter = counter + 1: null

2018-12-13 14:09:00 - [TEST_STEP][PASSED] - Statement - PreSaveFile = new java.io.File(((pathPrefix + java.lang.Integer.toString(counter)) + .png)): null

2018-12-13 14:09:00 - [TEST_STEP][PASSED] - Statement - counter = counter + 1: null

2018-12-13 14:09:00 - [TEST_STEP][PASSED] - Statement - PreSaveFile = new java.io.File(((pathPrefix + java.lang.Integer.toString(counter)) + .png)): null

2018-12-13 14:09:00 - [TEST_STEP][PASSED] - Statement - counter = counter + 1: null

2018-12-13 14:09:00 - [TEST_STEP][PASSED] - Statement - PreSaveFile = new java.io.File(((pathPrefix + java.lang.Integer.toString(counter)) + .png)): null

2018-12-13 14:09:00 - [TEST_STEP][PASSED] - Statement - counter = counter + 1: null

2018-12-13 14:09:00 - [TEST_STEP][PASSED] - Statement - PreSaveFile = new java.io.File(((pathPrefix + java.lang.Integer.toString(counter)) + .png)): null

2018-12-13 14:09:00 - [TEST_STEP][PASSED] - Statement - counter = counter + 1: null

2018-12-13 14:09:00 - [TEST_STEP][PASSED] - Statement - PreSaveFile = new java.io.File(((pathPrefix + java.lang.Integer.toString(counter)) + .png)): null

2018-12-13 14:09:00 - [TEST_STEP][PASSED] - Statement - counter = counter + 1: null

2018-12-13 14:09:00 - [TEST_STEP][PASSED] - Statement - PreSaveFile = new java.io.File(((pathPrefix + java.lang.Integer.toString(counter)) + .png)): null

2018-12-13 14:09:00 - [TEST_STEP][PASSED] - Statement - counter = counter + 1: null

2018-12-13 14:09:00 - [TEST_STEP][PASSED] - Statement - PreSaveFile = new java.io.File(((pathPrefix + java.lang.Integer.toString(counter)) + .png)): null

2018-12-13 14:09:00 - [TEST_STEP][PASSED] - Statement - counter = counter + 1: null

2018-12-13 14:09:00 - [TEST_STEP][PASSED] - Statement - PreSaveFile = new java.io.File(((pathPrefix + java.lang.Integer.toString(counter)) + .png)): null

2018-12-13 14:09:00 - [TEST_STEP][PASSED] - Statement - counter = counter + 1: null

2018-12-13 14:09:00 - [TEST_STEP][PASSED] - Statement - PreSaveFile = new java.io.File(((pathPrefix + java.lang.Integer.toString(counter)) + .png)): null

2018-12-13 14:09:00 - [TEST_STEP][PASSED] - Statement - counter = counter + 1: null

2018-12-13 14:09:00 - [TEST_STEP][PASSED] - Statement - PreSaveFile = new java.io.File(((pathPrefix + java.lang.Integer.toString(counter)) + .png)): null

2018-12-13 14:09:00 - [TEST_STEP][PASSED] - Statement - counter = counter + 1: null

2018-12-13 14:09:00 - [TEST_STEP][PASSED] - Statement - PreSaveFile = new java.io.File(((pathPrefix + java.lang.Integer.toString(counter)) + .png)): null

2018-12-13 14:09:00 - [TEST_STEP][PASSED] - Statement - counter = counter + 1: null

2018-12-13 14:09:00 - [TEST_STEP][PASSED] - Statement - PreSaveFile = new java.io.File(((pathPrefix + java.lang.Integer.toString(counter)) + .png)): null

2018-12-13 14:09:00 - [TEST_STEP][PASSED] - Statement - counter = counter + 1: null

2018-12-13 14:09:00 - [TEST_STEP][PASSED] - Statement - PreSaveFile = new java.io.File(((pathPrefix + java.lang.Integer.toString(counter)) + .png)): null

2018-12-13 14:09:00 - [TEST_STEP][PASSED] - Statement - counter = counter + 1: null

2018-12-13 14:09:00 - [TEST_STEP][PASSED] - Statement - PreSaveFile = new java.io.File(((pathPrefix + java.lang.Integer.toString(counter)) + .png)): null

2018-12-13 14:09:00 - [TEST_STEP][PASSED] - Statement - counter = counter + 1: null

2018-12-13 14:09:00 - [TEST_STEP][PASSED] - Statement - PreSaveFile = new java.io.File(((pathPrefix + java.lang.Integer.toString(counter)) + .png)): null

2018-12-13 14:09:00 - [TEST_STEP][PASSED] - Statement - counter = counter + 1: null

2018-12-13 14:09:00 - [TEST_STEP][PASSED] - Statement - PreSaveFile = new java.io.File(((pathPrefix + java.lang.Integer.toString(counter)) + .png)): null

2018-12-13 14:09:00 - [TEST_STEP][PASSED] - Statement - counter = counter + 1: null

2018-12-13 14:09:00 - [TEST_STEP][PASSED] - Statement - PreSaveFile = new java.io.File(((pathPrefix + java.lang.Integer.toString(counter)) + .png)): null

2018-12-13 14:09:00 - [TEST_STEP][PASSED] - Statement - counter = counter + 1: null

2018-12-13 14:09:00 - [TEST_STEP][PASSED] - Statement - PreSaveFile = new java.io.File(((pathPrefix + java.lang.Integer.toString(counter)) + .png)): null

2018-12-13 14:09:00 - [TEST_STEP][PASSED] - Statement - counter = counter + 1: null

2018-12-13 14:09:00 - [TEST_STEP][PASSED] - Statement - PreSaveFile = new java.io.File(((pathPrefix + java.lang.Integer.toString(counter)) + .png)): null

2018-12-13 14:09:00 - [TEST_STEP][PASSED] - Statement - counter = counter + 1: null

2018-12-13 14:09:00 - [TEST_STEP][PASSED] - Statement - PreSaveFile = new java.io.File(((pathPrefix + java.lang.Integer.toString(counter)) + .png)): null

2018-12-13 14:09:00 - [TEST_STEP][PASSED] - Statement - counter = counter + 1: null

2018-12-13 14:09:00 - [TEST_STEP][PASSED] - Statement - PreSaveFile = new java.io.File(((pathPrefix + java.lang.Integer.toString(counter)) + .png)): null

2018-12-13 14:09:00 - [TEST_STEP][PASSED] - Statement - counter = counter + 1: null

2018-12-13 14:09:00 - [TEST_STEP][PASSED] - Statement - PreSaveFile = new java.io.File(((pathPrefix + java.lang.Integer.toString(counter)) + .png)): null

2018-12-13 14:09:00 - [TEST_STEP][PASSED] - Statement - counter = counter + 1: null

2018-12-13 14:09:00 - [TEST_STEP][PASSED] - Statement - PreSaveFile = new java.io.File(((pathPrefix + java.lang.Integer.toString(counter)) + .png)): null

2018-12-13 14:09:00 - [TEST_STEP][PASSED] - Statement - counter = counter + 1: null

2018-12-13 14:09:00 - [TEST_STEP][PASSED] - Statement - PreSaveFile = new java.io.File(((pathPrefix + java.lang.Integer.toString(counter)) + .png)): null

2018-12-13 14:09:00 - [TEST_STEP][PASSED] - Statement - counter = counter + 1: null

2018-12-13 14:09:00 - [TEST_STEP][PASSED] - Statement - PreSaveFile = new java.io.File(((pathPrefix + java.lang.Integer.toString(counter)) + .png)): null

2018-12-13 14:09:00 - [TEST_STEP][PASSED] - Statement - counter = counter + 1: null

2018-12-13 14:09:00 - [TEST_STEP][PASSED] - Statement - PreSaveFile = new java.io.File(((pathPrefix + java.lang.Integer.toString(counter)) + .png)): null

2018-12-13 14:09:00 - [TEST_STEP][PASSED] - Statement - counter = counter + 1: null

2018-12-13 14:09:00 - [TEST_STEP][PASSED] - Statement - PreSaveFile = new java.io.File(((pathPrefix + java.lang.Integer.toString(counter)) + .png)): null

2018-12-13 14:09:00 - [TEST_STEP][PASSED] - Statement - counter = counter + 1: null

2018-12-13 14:09:00 - [TEST_STEP][PASSED] - Statement - PreSaveFile = new java.io.File(((pathPrefix + java.lang.Integer.toString(counter)) + .png)): null

2018-12-13 14:09:00 - [TEST_STEP][PASSED] - Statement - counter = counter + 1: null

2018-12-13 14:09:00 - [TEST_STEP][PASSED] - Statement - PreSaveFile = new java.io.File(((pathPrefix + java.lang.Integer.toString(counter)) + .png)): null

2018-12-13 14:09:00 - [TEST_STEP][PASSED] - Statement - counter = counter + 1: null

2018-12-13 14:09:00 - [TEST_STEP][PASSED] - Statement - PreSaveFile = new java.io.File(((pathPrefix + java.lang.Integer.toString(counter)) + .png)): null

2018-12-13 14:09:00 - [TEST_STEP][PASSED] - Statement - counter = counter + 1: null

2018-12-13 14:09:00 - [TEST_STEP][PASSED] - Statement - PreSaveFile = new java.io.File(((pathPrefix + java.lang.Integer.toString(counter)) + .png)): null

2018-12-13 14:09:00 - [TEST_STEP][PASSED] - Statement - counter = counter + 1: null

2018-12-13 14:09:00 - [TEST_STEP][PASSED] - Statement - PreSaveFile = new java.io.File(((pathPrefix + java.lang.Integer.toString(counter)) + .png)): null

2018-12-13 14:09:00 - [TEST_STEP][PASSED] - Statement - counter = counter + 1: null

2018-12-13 14:09:00 - [TEST_STEP][PASSED] - Statement - PreSaveFile = new java.io.File(((pathPrefix + java.lang.Integer.toString(counter)) + .png)): null

2018-12-13 14:09:00 - [TEST_STEP][PASSED] - Statement - counter = counter + 1: null

2018-12-13 14:09:00 - [TEST_STEP][PASSED] - Statement - PreSaveFile = new java.io.File(((pathPrefix + java.lang.Integer.toString(counter)) + .png)): null

2018-12-13 14:09:00 - [TEST_STEP][PASSED] - Statement - counter = counter + 1: null

2018-12-13 14:09:00 - [TEST_STEP][PASSED] - Statement - PreSaveFile = new java.io.File(((pathPrefix + java.lang.Integer.toString(counter)) + .png)): null

2018-12-13 14:09:00 - [TEST_STEP][PASSED] - Statement - counter = counter + 1: null

2018-12-13 14:09:00 - [TEST_STEP][PASSED] - Statement - PreSaveFile = new java.io.File(((pathPrefix + java.lang.Integer.toString(counter)) + .png)): null

2018-12-13 14:09:00 - [TEST_STEP][PASSED] - Statement - counter = counter + 1: null

2018-12-13 14:09:00 - [TEST_STEP][PASSED] - Statement - PreSaveFile = new java.io.File(((pathPrefix + java.lang.Integer.toString(counter)) + .png)): null

2018-12-13 14:09:00 - [TEST_STEP][PASSED] - Statement - counter = counter + 1: null

2018-12-13 14:09:00 - [TEST_STEP][PASSED] - Statement - PreSaveFile = new java.io.File(((pathPrefix + java.lang.Integer.toString(counter)) + .png)): null

2018-12-13 14:09:00 - [TEST_STEP][PASSED] - Statement - counter = counter + 1: null

2018-12-13 14:09:00 - [TEST_STEP][PASSED] - Statement - PreSaveFile = new java.io.File(((pathPrefix + java.lang.Integer.toString(counter)) + .png)): null

2018-12-13 14:09:00 - [TEST_STEP][PASSED] - Statement - counter = counter + 1: null

2018-12-13 14:09:00 - [TEST_STEP][PASSED] - Statement - PreSaveFile = new java.io.File(((pathPrefix + java.lang.Integer.toString(counter)) + .png)): null

2018-12-13 14:09:00 - [TEST_STEP][PASSED] - Statement - counter = counter + 1: null

2018-12-13 14:09:00 - [TEST_STEP][PASSED] - Statement - PreSaveFile = new java.io.File(((pathPrefix + java.lang.Integer.toString(counter)) + .png)): null

2018-12-13 14:09:00 - [TEST_STEP][PASSED] - Statement - counter = counter + 1: null

2018-12-13 14:09:00 - [TEST_STEP][PASSED] - Statement - PreSaveFile = new java.io.File(((pathPrefix + java.lang.Integer.toString(counter)) + .png)): null

2018-12-13 14:09:00 - [TEST_STEP][PASSED] - Statement - counter = counter + 1: null

2018-12-13 14:09:00 - [TEST_STEP][PASSED] - Statement - PreSaveFile = new java.io.File(((pathPrefix + java.lang.Integer.toString(counter)) + .png)): null

2018-12-13 14:09:00 - [TEST_STEP][PASSED] - Statement - counter = counter + 1: null

2018-12-13 14:09:00 - [TEST_STEP][PASSED] - Statement - PreSaveFile = new java.io.File(((pathPrefix + java.lang.Integer.toString(counter)) + .png)): null

2018-12-13 14:09:00 - [TEST_STEP][PASSED] - Statement - counter = counter + 1: null

2018-12-13 14:09:00 - [TEST_STEP][PASSED] - Statement - PreSaveFile = new java.io.File(((pathPrefix + java.lang.Integer.toString(counter)) + .png)): null

2018-12-13 14:09:00 - [TEST_STEP][PASSED] - Statement - counter = counter + 1: null

2018-12-13 14:09:00 - [TEST_STEP][PASSED] - Statement - PreSaveFile = new java.io.File(((pathPrefix + java.lang.Integer.toString(counter)) + .png)): null

2018-12-13 14:09:00 - [TEST_STEP][PASSED] - Statement - counter = counter + 1: null

2018-12-13 14:09:00 - [TEST_STEP][PASSED] - Statement - PreSaveFile = new java.io.File(((pathPrefix + java.lang.Integer.toString(counter)) + .png)): null

2018-12-13 14:09:00 - [TEST_STEP][PASSED] - Statement - counter = counter + 1: null

2018-12-13 14:09:00 - [TEST_STEP][PASSED] - Statement - PreSaveFile = new java.io.File(((pathPrefix + java.lang.Integer.toString(counter)) + .png)): null

2018-12-13 14:09:00 - [TEST_STEP][PASSED] - Statement - counter = counter + 1: null

2018-12-13 14:09:00 - [TEST_STEP][PASSED] - Statement - PreSaveFile = new java.io.File(((pathPrefix + java.lang.Integer.toString(counter)) + .png)): null

2018-12-13 14:09:00 - [TEST_STEP][PASSED] - Statement - counter = counter + 1: null

2018-12-13 14:09:00 - [TEST_STEP][PASSED] - Statement - PreSaveFile = new java.io.File(((pathPrefix + java.lang.Integer.toString(counter)) + .png)): null

2018-12-13 14:09:00 - [TEST_STEP][PASSED] - Statement - counter = counter + 1: null

2018-12-13 14:09:00 - [TEST_STEP][PASSED] - Statement - PreSaveFile = new java.io.File(((pathPrefix + java.lang.Integer.toString(counter)) + .png)): null

2018-12-13 14:09:00 - [TEST_STEP][PASSED] - Statement - counter = counter + 1: null

2018-12-13 14:09:00 - [TEST_STEP][PASSED] - Statement - PreSaveFile = new java.io.File(((pathPrefix + java.lang.Integer.toString(counter)) + .png)): null

2018-12-13 14:09:00 - [TEST_STEP][PASSED] - Statement - counter = counter + 1: null

2018-12-13 14:09:00 - [TEST_STEP][PASSED] - Statement - PreSaveFile = new java.io.File(((pathPrefix + java.lang.Integer.toString(counter)) + .png)): null

2018-12-13 14:09:00 - [TEST_STEP][PASSED] - Statement - counter = counter + 1: null

2018-12-13 14:09:00 - [TEST_STEP][PASSED] - Statement - PreSaveFile = new java.io.File(((pathPrefix + java.lang.Integer.toString(counter)) + .png)): null

2018-12-13 14:09:00 - [TEST_STEP][PASSED] - Statement - counter = counter + 1: null

2018-12-13 14:09:00 - [TEST_STEP][PASSED] - Statement - PreSaveFile = new java.io.File(((pathPrefix + java.lang.Integer.toString(counter)) + .png)): null

2018-12-13 14:09:00 - [TEST_STEP][PASSED] - Statement - counter = counter + 1: null

2018-12-13 14:09:00 - [TEST_STEP][PASSED] - Statement - PreSaveFile = new java.io.File(((pathPrefix + java.lang.Integer.toString(counter)) + .png)): null

2018-12-13 14:09:00 - [TEST_STEP][PASSED] - Statement - counter = counter + 1: null

2018-12-13 14:09:00 - [TEST_STEP][PASSED] - Statement - PreSaveFile = new java.io.File(((pathPrefix + java.lang.Integer.toString(counter)) + .png)): null

2018-12-13 14:09:00 - [TEST_STEP][PASSED] - Statement - counter = counter + 1: null

2018-12-13 14:09:00 - [TEST_STEP][PASSED] - Statement - PreSaveFile = new java.io.File(((pathPrefix + java.lang.Integer.toString(counter)) + .png)): null

2018-12-13 14:09:00 - [TEST_STEP][PASSED] - Statement - counter = counter + 1: null

2018-12-13 14:09:00 - [TEST_STEP][PASSED] - Statement - PreSaveFile = new java.io.File(((pathPrefix + java.lang.Integer.toString(counter)) + .png)): null

2018-12-13 14:09:00 - [TEST_STEP][PASSED] - Statement - counter = counter + 1: null

2018-12-13 14:09:00 - [TEST_STEP][PASSED] - Statement - PreSaveFile = new java.io.File(((pathPrefix + java.lang.Integer.toString(counter)) + .png)): null

2018-12-13 14:09:00 - [TEST_STEP][PASSED] - Statement - counter = counter + 1: null

2018-12-13 14:09:00 - [TEST_STEP][PASSED] - Statement - PreSaveFile = new java.io.File(((pathPrefix + java.lang.Integer.toString(counter)) + .png)): null

2018-12-13 14:09:00 - [TEST_STEP][PASSED] - Statement - counter = counter + 1: null

2018-12-13 14:09:00 - [TEST_STEP][PASSED] - Statement - PreSaveFile = new java.io.File(((pathPrefix + java.lang.Integer.toString(counter)) + .png)): null

2018-12-13 14:09:00 - [TEST_STEP][PASSED] - Statement - counter = counter + 1: null

2018-12-13 14:09:00 - [TEST_STEP][PASSED] - Statement - PreSaveFile = new java.io.File(((pathPrefix + java.lang.Integer.toString(counter)) + .png)): null

2018-12-13 14:09:00 - [TEST_STEP][PASSED] - Statement - counter = counter + 1: null

2018-12-13 14:09:00 - [TEST_STEP][PASSED] - Statement - PreSaveFile = new java.io.File(((pathPrefix + java.lang.Integer.toString(counter)) + .png)): null

2018-12-13 14:09:00 - [TEST_STEP][PASSED] - Statement - counter = counter + 1: null

2018-12-13 14:09:00 - [TEST_STEP][PASSED] - Statement - PreSaveFile = new java.io.File(((pathPrefix + java.lang.Integer.toString(counter)) + .png)): null

2018-12-13 14:09:00 - [TEST_STEP][PASSED] - Statement - counter = counter + 1: null

2018-12-13 14:09:00 - [TEST_STEP][PASSED] - Statement - PreSaveFile = new java.io.File(((pathPrefix + java.lang.Integer.toString(counter)) + .png)): null

2018-12-13 14:09:00 - [TEST_STEP][PASSED] - Statement - counter = counter + 1: null

2018-12-13 14:09:00 - [TEST_STEP][PASSED] - Statement - PreSaveFile = new java.io.File(((pathPrefix + java.lang.Integer.toString(counter)) + .png)): null

2018-12-13 14:09:00 - [TEST_STEP][PASSED] - Statement - counter = counter + 1: null

2018-12-13 14:09:00 - [TEST_STEP][PASSED] - Statement - PreSaveFile = new java.io.File(((pathPrefix + java.lang.Integer.toString(counter)) + .png)): null

2018-12-13 14:09:00 - [TEST_STEP][PASSED] - Statement - counter = counter + 1: null

2018-12-13 14:09:00 - [TEST_STEP][PASSED] - Statement - PreSaveFile = new java.io.File(((pathPrefix + java.lang.Integer.toString(counter)) + .png)): null

2018-12-13 14:09:00 - [TEST_STEP][PASSED] - Statement - counter = counter + 1: null

2018-12-13 14:09:00 - [TEST_STEP][PASSED] - Statement - PreSaveFile = new java.io.File(((pathPrefix + java.lang.Integer.toString(counter)) + .png)): null

2018-12-13 14:09:00 - [TEST_STEP][PASSED] - Statement - counter = counter + 1: null

2018-12-13 14:09:00 - [TEST_STEP][PASSED] - Statement - PreSaveFile = new java.io.File(((pathPrefix + java.lang.Integer.toString(counter)) + .png)): null

2018-12-13 14:09:00 - [TEST_STEP][PASSED] - Statement - counter = counter + 1: null

2018-12-13 14:09:00 - [TEST_STEP][PASSED] - Statement - PreSaveFile = new java.io.File(((pathPrefix + java.lang.Integer.toString(counter)) + .png)): null

2018-12-13 14:09:00 - [TEST_STEP][PASSED] - Statement - counter = counter + 1: null

2018-12-13 14:09:00 - [TEST_STEP][PASSED] - Statement - PreSaveFile = new java.io.File(((pathPrefix + java.lang.Integer.toString(counter)) + .png)): null

2018-12-13 14:09:00 - [TEST_STEP][PASSED] - Statement - counter = counter + 1: null

2018-12-13 14:09:00 - [TEST_STEP][PASSED] - Statement - PreSaveFile = new java.io.File(((pathPrefix + java.lang.Integer.toString(counter)) + .png)): null

2018-12-13 14:09:00 - [TEST_STEP][PASSED] - Statement - counter = counter + 1: null

2018-12-13 14:09:00 - [TEST_STEP][PASSED] - Statement - PreSaveFile = new java.io.File(((pathPrefix + java.lang.Integer.toString(counter)) + .png)): null

2018-12-13 14:09:00 - [TEST_STEP][PASSED] - Statement - counter = counter + 1: null

2018-12-13 14:09:00 - [TEST_STEP][PASSED] - Statement - PreSaveFile = new java.io.File(((pathPrefix + java.lang.Integer.toString(counter)) + .png)): null

2018-12-13 14:09:00 - [TEST_STEP][PASSED] - Statement - counter = counter + 1: null

2018-12-13 14:09:00 - [TEST_STEP][PASSED] - Statement - PreSaveFile = new java.io.File(((pathPrefix + java.lang.Integer.toString(counter)) + .png)): null

2018-12-13 14:09:00 - [TEST_STEP][PASSED] - Statement - counter = counter + 1: null

2018-12-13 14:09:00 - [TEST_STEP][PASSED] - Statement - PreSaveFile = new java.io.File(((pathPrefix + java.lang.Integer.toString(counter)) + .png)): null

2018-12-13 14:09:00 - [TEST_STEP][PASSED] - Statement - counter = counter + 1: null

2018-12-13 14:09:00 - [TEST_STEP][PASSED] - Statement - PreSaveFile = new java.io.File(((pathPrefix + java.lang.Integer.toString(counter)) + .png)): null

2018-12-13 14:09:00 - [TEST_STEP][PASSED] - Statement - counter = counter + 1: null

2018-12-13 14:09:00 - [TEST_STEP][PASSED] - Statement - PreSaveFile = new java.io.File(((pathPrefix + java.lang.Integer.toString(counter)) + .png)): null

2018-12-13 14:09:00 - [TEST_STEP][PASSED] - Statement - counter = counter + 1: null

2018-12-13 14:09:00 - [TEST_STEP][PASSED] - Statement - PreSaveFile = new java.io.File(((pathPrefix + java.lang.Integer.toString(counter)) + .png)): null

2018-12-13 14:09:00 - [TEST_STEP][PASSED] - Statement - finalPath = pathPrefix + java.lang.Integer.toString(counter) + ".png": null

2018-12-13 14:09:00 - [TEST_STEP][PASSED] - Statement - SaveFile = new java.io.File(finalPath): null

2018-12-13 14:09:00 - [TEST_STEP][PASSED] - Statement - Try: null

2018-12-13 14:09:00 - [TEST_STEP][PASSED] - Statement - org.apache.commons.io.FileUtils.copyFile(scrFile, SaveFile): null

2018-12-13 14:09:00 - [TEST_STEP][PASSED] - Statement - out.println("file kept"): null

2018-12-13 14:09:00 - [TEST_STEP][PASSED] - delay: Delayed 10 second(s)

2018-12-13 14:09:10 - [MESSAGE][PASSED] - Delayed 10 second(s)

2018-12-13 14:09:10 - [MESSAGE][PASSED] - Call Test Case 'Test Cases/Final Aug 2018 - PKS Automation/Registration Module/New Registration/Submit and Screenshot/Submit Registration and Screenshot' successfully]]></system-out>
         <system-err><![CDATA[]]></system-err>
      </testcase>
      <testcase name="Test Cases/Final Aug 2018 - PKS Automation/Registration Module/Workflow/New Registration/Employer to RO - RO Under Enforcement" classname="Test Cases/Final Aug 2018 - PKS Automation/Registration Module/Workflow/New Registration/Employer to RO - RO Under Enforcement" status="PASSED">
         <system-out><![CDATA[2018-12-13 14:09:10 - [TEST_CASE][PASSED] - Test Cases/Final Aug 2018 - PKS Automation/Registration Module/Workflow/New Registration/Employer to RO - RO Under Enforcement: Test Cases/Final Aug 2018 - PKS Automation/Registration Module/Workflow/New Registration/Employer to RO - RO Under Enforcement

2018-12-13 14:09:11 - [TEST_STEP][PASSED] - callTestCase: Call Test Case 'Test Cases/Final Aug 2018 - PKS Automation/Registration Module/Workflow/New Registration/Template/Special Case - Employer - Form 1' successfully

2018-12-13 14:09:11 - [TEST_CASE][PASSED] - Test Cases/Final Aug 2018 - PKS Automation/Registration Module/Workflow/New Registration/Template/Special Case - Employer - Form 1: Test Cases/Final Aug 2018 - PKS Automation/Registration Module/Workflow/New Registration/Template/Special Case - Employer - Form 1

2018-12-13 14:09:11 - [TEST_STEP][PASSED] - callTestCase: Call Test Case 'Test Cases/Final Aug 2018 - PKS Automation/Create Employer Acc/Create Employer Account' successfully

2018-12-13 14:09:11 - [TEST_CASE][PASSED] - Test Cases/Final Aug 2018 - PKS Automation/Create Employer Acc/Create Employer Account: Test Cases/Final Aug 2018 - PKS Automation/Create Employer Acc/Create Employer Account

2018-12-13 14:09:11 - [TEST_STEP][PASSED] - callTestCase: Call Test Case 'Test Cases/Final Aug 2018 - PKS Automation/Create Employer Acc/Template/Register Employer' successfully

2018-12-13 14:09:11 - [TEST_CASE][PASSED] - Test Cases/Final Aug 2018 - PKS Automation/Create Employer Acc/Template/Register Employer: Test Cases/Final Aug 2018 - PKS Automation/Create Employer Acc/Template/Register Employer

2018-12-13 14:09:11 - [TEST_STEP][PASSED] - openBrowser: Browser is opened with url: ''

2018-12-13 14:09:11 - [MESSAGE][WARNING] - A browser is already opened. Closing browser and opening a new one

2018-12-13 14:09:15 - [MESSAGE][PASSED] - Browser is opened with url: ''

2018-12-13 14:09:15 - [TEST_STEP][PASSED] - navigateToUrl: Navigate to 'https://assist2-uat.perkeso.gov.my/login' successfully

2018-12-13 14:09:16 - [MESSAGE][PASSED] - Navigate to 'https://assist2-uat.perkeso.gov.my/login' successfully

2018-12-13 14:09:16 - [TEST_STEP][PASSED] - setText: Text 'johorotc1@gmail.com' is set on object 'Object Repository/Final Object Repo/Login Page/Internal User/Email Address'

2018-12-13 14:09:16 - [MESSAGE][PASSED] - Text 'johorotc1@gmail.com' is set on object 'Object Repository/Final Object Repo/Login Page/Internal User/Email Address'

2018-12-13 14:09:16 - [TEST_STEP][PASSED] - click: Object: 'Object Repository/Final Object Repo/Login Page/Internal User/Next Button' is clicked on

2018-12-13 14:09:16 - [MESSAGE][PASSED] - Object: 'Object Repository/Final Object Repo/Login Page/Internal User/Next Button' is clicked on

2018-12-13 14:09:16 - [TEST_STEP][PASSED] - delay: Delayed 1 second(s)

2018-12-13 14:09:17 - [MESSAGE][PASSED] - Delayed 1 second(s)

2018-12-13 14:09:17 - [TEST_STEP][PASSED] - setEncryptedText: Text ****** has been set on object 'Object Repository/Final Object Repo/Login Page/Internal User/Password'

2018-12-13 14:09:18 - [MESSAGE][PASSED] - Text ****** has been set on object 'Object Repository/Final Object Repo/Login Page/Internal User/Password'

2018-12-13 14:09:18 - [TEST_STEP][PASSED] - click: Object: 'Object Repository/Final Object Repo/Login Page/Internal User/Login Button' is clicked on

2018-12-13 14:09:18 - [MESSAGE][PASSED] - Object: 'Object Repository/Final Object Repo/Login Page/Internal User/Login Button' is clicked on

2018-12-13 14:09:18 - [TEST_STEP][PASSED] - delay: Delayed 1 second(s)

2018-12-13 14:09:19 - [MESSAGE][PASSED] - Delayed 1 second(s)

2018-12-13 14:09:19 - [TEST_STEP][PASSED] - navigateToUrl: Navigate to 'https://assist2-uat.perkeso.gov.my/web/base/portal-id/registration' successfully

2018-12-13 14:09:21 - [MESSAGE][PASSED] - Navigate to 'https://assist2-uat.perkeso.gov.my/web/base/portal-id/registration' successfully

2018-12-13 14:09:21 - [TEST_STEP][PASSED] - setText: Text 'AUTOMATION EMPLOYER' is set on object 'Object Repository/Final Object Repo/Creating Employer Account/Page_Registration - ASSIST (Base)/Employer Name'

2018-12-13 14:09:21 - [MESSAGE][PASSED] - Text 'AUTOMATION EMPLOYER' is set on object 'Object Repository/Final Object Repo/Creating Employer Account/Page_Registration - ASSIST (Base)/Employer Name'

2018-12-13 14:09:21 - [TEST_STEP][PASSED] - delay: Delayed 2 second(s)

2018-12-13 14:09:23 - [MESSAGE][PASSED] - Delayed 2 second(s)

2018-12-13 14:09:23 - [TEST_STEP][PASSED] - click: Object: 'Object Repository/Final Object Repo/Creating Employer Account/Page_Registration - ASSIST (Base)/Registration Type' is clicked on

2018-12-13 14:09:24 - [MESSAGE][PASSED] - Object: 'Object Repository/Final Object Repo/Creating Employer Account/Page_Registration - ASSIST (Base)/Registration Type' is clicked on

2018-12-13 14:09:24 - [TEST_STEP][PASSED] - delay: Delayed 2 second(s)

2018-12-13 14:09:26 - [MESSAGE][PASSED] - Delayed 2 second(s)

2018-12-13 14:09:26 - [TEST_STEP][PASSED] - click: Object: 'Object Repository/Final Object Repo/Creating Employer Account/Page_Registration - ASSIST (Base)/Registration Type - Registration No' is clicked on

2018-12-13 14:09:26 - [MESSAGE][PASSED] - Object: 'Object Repository/Final Object Repo/Creating Employer Account/Page_Registration - ASSIST (Base)/Registration Type - Registration No' is clicked on

2018-12-13 14:09:26 - [TEST_STEP][PASSED] - delay: Delayed 2 second(s)

2018-12-13 14:09:28 - [MESSAGE][PASSED] - Delayed 2 second(s)

2018-12-13 14:09:28 - [TEST_STEP][PASSED] - setText: Text 'AUTOMATE001' is set on object 'Object Repository/Final Object Repo/Creating Employer Account/Page_Registration - ASSIST (Base)/Registration Number'

2018-12-13 14:09:28 - [MESSAGE][PASSED] - Text 'AUTOMATE001' is set on object 'Object Repository/Final Object Repo/Creating Employer Account/Page_Registration - ASSIST (Base)/Registration Number'

2018-12-13 14:09:28 - [TEST_STEP][PASSED] - delay: Delayed 2 second(s)

2018-12-13 14:09:30 - [MESSAGE][PASSED] - Delayed 2 second(s)

2018-12-13 14:09:30 - [TEST_STEP][PASSED] - setText: Text 'ADDRESS 1' is set on object 'Object Repository/Final Object Repo/Creating Employer Account/Page_Registration - ASSIST (Base)/Postal Address 1'

2018-12-13 14:09:30 - [MESSAGE][PASSED] - Text 'ADDRESS 1' is set on object 'Object Repository/Final Object Repo/Creating Employer Account/Page_Registration - ASSIST (Base)/Postal Address 1'

2018-12-13 14:09:30 - [TEST_STEP][PASSED] - setText: Text 'ADDRESS 2' is set on object 'Object Repository/Final Object Repo/Creating Employer Account/Page_Registration - ASSIST (Base)/Postal Address 2'

2018-12-13 14:09:31 - [MESSAGE][PASSED] - Text 'ADDRESS 2' is set on object 'Object Repository/Final Object Repo/Creating Employer Account/Page_Registration - ASSIST (Base)/Postal Address 2'

2018-12-13 14:09:31 - [TEST_STEP][PASSED] - click: Object: 'Object Repository/Final Object Repo/Creating Employer Account/Page_Registration - ASSIST (Base)/State' is clicked on

2018-12-13 14:09:31 - [MESSAGE][PASSED] - Object: 'Object Repository/Final Object Repo/Creating Employer Account/Page_Registration - ASSIST (Base)/State' is clicked on

2018-12-13 14:09:31 - [TEST_STEP][PASSED] - delay: Delayed 2 second(s)

2018-12-13 14:09:33 - [MESSAGE][PASSED] - Delayed 2 second(s)

2018-12-13 14:09:33 - [TEST_STEP][PASSED] - click: Object: 'Object Repository/Final Object Repo/Creating Employer Account/Page_Registration - ASSIST (Base)/State - Johor' is clicked on

2018-12-13 14:09:33 - [MESSAGE][PASSED] - Object: 'Object Repository/Final Object Repo/Creating Employer Account/Page_Registration - ASSIST (Base)/State - Johor' is clicked on

2018-12-13 14:09:33 - [TEST_STEP][PASSED] - delay: Delayed 2 second(s)

2018-12-13 14:09:35 - [MESSAGE][PASSED] - Delayed 2 second(s)

2018-12-13 14:09:35 - [TEST_STEP][PASSED] - click: Object: 'Object Repository/Final Object Repo/Creating Employer Account/Page_Registration - ASSIST (Base)/City' is clicked on

2018-12-13 14:09:35 - [MESSAGE][PASSED] - Object: 'Object Repository/Final Object Repo/Creating Employer Account/Page_Registration - ASSIST (Base)/City' is clicked on

2018-12-13 14:09:35 - [TEST_STEP][PASSED] - delay: Delayed 2 second(s)

2018-12-13 14:09:37 - [MESSAGE][PASSED] - Delayed 2 second(s)

2018-12-13 14:09:37 - [TEST_STEP][PASSED] - setText: Text 'joh' is set on object 'Object Repository/Final Object Repo/Creating Employer Account/Page_Registration - ASSIST (Base)/City - joh'

2018-12-13 14:09:38 - [MESSAGE][PASSED] - Text 'joh' is set on object 'Object Repository/Final Object Repo/Creating Employer Account/Page_Registration - ASSIST (Base)/City - joh'

2018-12-13 14:09:38 - [TEST_STEP][PASSED] - delay: Delayed 2 second(s)

2018-12-13 14:09:40 - [MESSAGE][PASSED] - Delayed 2 second(s)

2018-12-13 14:09:40 - [TEST_STEP][PASSED] - click: Object: 'Object Repository/Final Object Repo/Creating Employer Account/Page_Registration - ASSIST (Base)/City - Johor Bharu' is clicked on

2018-12-13 14:09:40 - [MESSAGE][PASSED] - Object: 'Object Repository/Final Object Repo/Creating Employer Account/Page_Registration - ASSIST (Base)/City - Johor Bharu' is clicked on

2018-12-13 14:09:40 - [TEST_STEP][PASSED] - delay: Delayed 2 second(s)

2018-12-13 14:09:42 - [MESSAGE][PASSED] - Delayed 2 second(s)

2018-12-13 14:09:42 - [TEST_STEP][PASSED] - click: Object: 'Object Repository/Final Object Repo/Creating Employer Account/Page_Registration - ASSIST (Base)/Post Code' is clicked on

2018-12-13 14:09:42 - [MESSAGE][PASSED] - Object: 'Object Repository/Final Object Repo/Creating Employer Account/Page_Registration - ASSIST (Base)/Post Code' is clicked on

2018-12-13 14:09:42 - [TEST_STEP][PASSED] - delay: Delayed 2 second(s)

2018-12-13 14:09:44 - [MESSAGE][PASSED] - Delayed 2 second(s)

2018-12-13 14:09:44 - [TEST_STEP][PASSED] - setText: Text '810' is set on object 'Object Repository/Final Object Repo/Creating Employer Account/Page_Registration - ASSIST (Base)/Post Code - 810'

2018-12-13 14:09:44 - [MESSAGE][PASSED] - Text '810' is set on object 'Object Repository/Final Object Repo/Creating Employer Account/Page_Registration - ASSIST (Base)/Post Code - 810'

2018-12-13 14:09:44 - [TEST_STEP][PASSED] - delay: Delayed 2 second(s)

2018-12-13 14:09:46 - [MESSAGE][PASSED] - Delayed 2 second(s)

2018-12-13 14:09:46 - [TEST_STEP][PASSED] - click: Object: 'Object Repository/Final Object Repo/Creating Employer Account/Page_Registration - ASSIST (Base)/Post Code - 81000' is clicked on

2018-12-13 14:09:46 - [MESSAGE][PASSED] - Object: 'Object Repository/Final Object Repo/Creating Employer Account/Page_Registration - ASSIST (Base)/Post Code - 81000' is clicked on

2018-12-13 14:09:46 - [TEST_STEP][PASSED] - delay: Delayed 2 second(s)

2018-12-13 14:09:48 - [MESSAGE][PASSED] - Delayed 2 second(s)

2018-12-13 14:09:48 - [TEST_STEP][PASSED] - setText: Text 'PERKESO' is set on object 'Object Repository/Final Object Repo/Creating Employer Account/Page_Registration - ASSIST (Base)/Full Name'

2018-12-13 14:09:49 - [MESSAGE][PASSED] - Text 'PERKESO' is set on object 'Object Repository/Final Object Repo/Creating Employer Account/Page_Registration - ASSIST (Base)/Full Name'

2018-12-13 14:09:49 - [TEST_STEP][PASSED] - Statement - rnd = new java.util.Random(): null

2018-12-13 14:09:49 - [TEST_STEP][PASSED] - Statement - snum = rnd.nextInt(899999 + 1) + 100000: null

2018-12-13 14:09:49 - [TEST_STEP][PASSED] - Statement - tnum = rnd.nextInt(899999 + 1) + 100000: null

2018-12-13 14:09:49 - [TEST_STEP][PASSED] - Statement - IC = java.lang.Integer.toString(snum) + java.lang.Integer.toString(tnum): null

2018-12-13 14:09:49 - [TEST_STEP][PASSED] - Statement - out.println(IC): null

2018-12-13 14:09:49 - [TEST_STEP][PASSED] - setText: Text '908813991109' is set on object 'Object Repository/Final Object Repo/Creating Employer Account/Page_Registration - ASSIST (Base)/Identification Number'

2018-12-13 14:09:49 - [MESSAGE][PASSED] - Text '908813991109' is set on object 'Object Repository/Final Object Repo/Creating Employer Account/Page_Registration - ASSIST (Base)/Identification Number'

2018-12-13 14:09:49 - [TEST_STEP][PASSED] - delay: Delayed 2 second(s)

2018-12-13 14:09:51 - [MESSAGE][PASSED] - Delayed 2 second(s)

2018-12-13 14:09:51 - [TEST_STEP][PASSED] - setText: Text '123456789012' is set on object 'Object Repository/Final Object Repo/Creating Employer Account/Page_Registration - ASSIST (Base)/Contact Number'

2018-12-13 14:09:51 - [MESSAGE][PASSED] - Text '123456789012' is set on object 'Object Repository/Final Object Repo/Creating Employer Account/Page_Registration - ASSIST (Base)/Contact Number'

2018-12-13 14:09:51 - [TEST_STEP][PASSED] - Statement - Email = "perkeso" + IC + "@gmail.com": null

2018-12-13 14:09:51 - [TEST_STEP][PASSED] - delay: Delayed 2 second(s)

2018-12-13 14:09:53 - [MESSAGE][PASSED] - Delayed 2 second(s)

2018-12-13 14:09:53 - [TEST_STEP][PASSED] - callTestCase: Call Test Case 'Test Cases/Final Aug 2018 - PKS Automation/Create Employer Acc/Template/Employer Email Settler' successfully

2018-12-13 14:09:53 - [TEST_CASE][PASSED] - Test Cases/Final Aug 2018 - PKS Automation/Create Employer Acc/Template/Employer Email Settler: Test Cases/Final Aug 2018 - PKS Automation/Create Employer Acc/Template/Employer Email Settler

2018-12-13 14:09:53 - [TEST_STEP][PASSED] - Statement - EmpEmailOld = new java.io.File(C://Users//Admin//Desktop//PKS//Automation Reference Point//EmpEmail.txt): null

2018-12-13 14:09:53 - [TEST_STEP][PASSED] - Statement - EmpEmailOld.delete(): null

2018-12-13 14:09:53 - [TEST_STEP][PASSED] - delay: Delayed 5 second(s)

2018-12-13 14:09:58 - [MESSAGE][PASSED] - Delayed 5 second(s)

2018-12-13 14:09:58 - [TEST_STEP][PASSED] - Statement - EmpEmail = new java.io.File(C://Users//Admin//Desktop//PKS//Automation Reference Point//EmpEmail.txt): null

2018-12-13 14:09:58 - [TEST_STEP][PASSED] - Statement - f2 = new java.io.FileWriter(EmpEmail, false): null

2018-12-13 14:09:58 - [TEST_STEP][PASSED] - Statement - f2.write(Email): null

2018-12-13 14:09:58 - [TEST_STEP][PASSED] - Statement - f2.close(): null

2018-12-13 14:09:58 - [TEST_STEP][PASSED] - Statement - out.println(Email): null

2018-12-13 14:09:58 - [MESSAGE][PASSED] - Call Test Case 'Test Cases/Final Aug 2018 - PKS Automation/Create Employer Acc/Template/Employer Email Settler' successfully

2018-12-13 14:09:58 - [TEST_STEP][PASSED] - delay: Delayed 2 second(s)

2018-12-13 14:10:00 - [MESSAGE][PASSED] - Delayed 2 second(s)

2018-12-13 14:10:00 - [TEST_STEP][PASSED] - setText: Text 'perkeso908813991109@gmail.com' is set on object 'Object Repository/Final Object Repo/Creating Employer Account/Page_Registration - ASSIST (Base)/Email'

2018-12-13 14:10:01 - [MESSAGE][PASSED] - Text 'perkeso908813991109@gmail.com' is set on object 'Object Repository/Final Object Repo/Creating Employer Account/Page_Registration - ASSIST (Base)/Email'

2018-12-13 14:10:01 - [TEST_STEP][PASSED] - setText: Text '123' is set on object 'Object Repository/Final Object Repo/Creating Employer Account/Page_Registration - ASSIST (Base)/Security Phase'

2018-12-13 14:10:01 - [MESSAGE][PASSED] - Text '123' is set on object 'Object Repository/Final Object Repo/Creating Employer Account/Page_Registration - ASSIST (Base)/Security Phase'

2018-12-13 14:10:01 - [TEST_STEP][PASSED] - click: Object: 'Object Repository/Final Object Repo/Creating Employer Account/Page_Registration - ASSIST (Base)/Save  Continue' is clicked on

2018-12-13 14:10:01 - [MESSAGE][PASSED] - Object: 'Object Repository/Final Object Repo/Creating Employer Account/Page_Registration - ASSIST (Base)/Save  Continue' is clicked on

2018-12-13 14:10:01 - [TEST_STEP][PASSED] - delay: Delayed 2 second(s)

2018-12-13 14:10:03 - [MESSAGE][PASSED] - Delayed 2 second(s)

2018-12-13 14:10:03 - [TEST_STEP][PASSED] - click: Object: 'Object Repository/Final Object Repo/Creating Employer Account/Page_Registration - ASSIST (Base)/Add Document' is clicked on

2018-12-13 14:10:04 - [MESSAGE][PASSED] - Object: 'Object Repository/Final Object Repo/Creating Employer Account/Page_Registration - ASSIST (Base)/Add Document' is clicked on

2018-12-13 14:10:04 - [TEST_STEP][PASSED] - delay: Delayed 2 second(s)

2018-12-13 14:10:06 - [MESSAGE][PASSED] - Delayed 2 second(s)

2018-12-13 14:10:06 - [TEST_STEP][PASSED] - click: Object: 'Object Repository/Final Object Repo/Creating Employer Account/Page_Registration - ASSIST (Base)/Document Type' is clicked on

2018-12-13 14:10:06 - [MESSAGE][PASSED] - Object: 'Object Repository/Final Object Repo/Creating Employer Account/Page_Registration - ASSIST (Base)/Document Type' is clicked on

2018-12-13 14:10:06 - [TEST_STEP][PASSED] - delay: Delayed 2 second(s)

2018-12-13 14:10:08 - [MESSAGE][PASSED] - Delayed 2 second(s)

2018-12-13 14:10:08 - [TEST_STEP][PASSED] - click: Object: 'Object Repository/Final Object Repo/Creating Employer Account/Page_Registration - ASSIST (Base)/Document Type - Letter of Authorization' is clicked on

2018-12-13 14:10:08 - [MESSAGE][PASSED] - Object: 'Object Repository/Final Object Repo/Creating Employer Account/Page_Registration - ASSIST (Base)/Document Type - Letter of Authorization' is clicked on

2018-12-13 14:10:08 - [TEST_STEP][PASSED] - delay: Delayed 2 second(s)

2018-12-13 14:10:10 - [MESSAGE][PASSED] - Delayed 2 second(s)

2018-12-13 14:10:10 - [TEST_STEP][PASSED] - sendKeys: Keys 'C:\Users\Public\Pictures\Sample Pictures\Koala.jpg' sent to object: 'Object Repository/Final Object Repo/Creating Employer Account/Page_Registration - ASSIST (Base)/Uploading File'

2018-12-13 14:10:10 - [MESSAGE][PASSED] - Keys 'C:\Users\Public\Pictures\Sample Pictures\Koala.jpg' sent to object: 'Object Repository/Final Object Repo/Creating Employer Account/Page_Registration - ASSIST (Base)/Uploading File'

2018-12-13 14:10:10 - [TEST_STEP][PASSED] - delay: Delayed 2 second(s)

2018-12-13 14:10:12 - [MESSAGE][PASSED] - Delayed 2 second(s)

2018-12-13 14:10:12 - [TEST_STEP][PASSED] - click: Object: 'Object Repository/Final Object Repo/Creating Employer Account/Page_Registration - ASSIST (Base)/Add Document in Uploading File' is clicked on

2018-12-13 14:10:12 - [MESSAGE][PASSED] - Object: 'Object Repository/Final Object Repo/Creating Employer Account/Page_Registration - ASSIST (Base)/Add Document in Uploading File' is clicked on

2018-12-13 14:10:12 - [TEST_STEP][PASSED] - delay: Delayed 2 second(s)

2018-12-13 14:10:14 - [MESSAGE][PASSED] - Delayed 2 second(s)

2018-12-13 14:10:14 - [TEST_STEP][PASSED] - click: Object: 'Object Repository/Final Object Repo/Creating Employer Account/Page_Registration - ASSIST (Base)/Save' is clicked on

2018-12-13 14:10:14 - [MESSAGE][PASSED] - Object: 'Object Repository/Final Object Repo/Creating Employer Account/Page_Registration - ASSIST (Base)/Save' is clicked on

2018-12-13 14:10:14 - [TEST_STEP][PASSED] - delay: Delayed 2 second(s)

2018-12-13 14:10:16 - [MESSAGE][PASSED] - Delayed 2 second(s)

2018-12-13 14:10:16 - [TEST_STEP][PASSED] - click: Object: 'Object Repository/Final Object Repo/Creating Employer Account/Page_Registration - ASSIST (Base)/Submit' is clicked on

2018-12-13 14:10:17 - [MESSAGE][PASSED] - Object: 'Object Repository/Final Object Repo/Creating Employer Account/Page_Registration - ASSIST (Base)/Submit' is clicked on

2018-12-13 14:10:17 - [TEST_STEP][PASSED] - delay: Delayed 2 second(s)

2018-12-13 14:10:19 - [MESSAGE][PASSED] - Delayed 2 second(s)

2018-12-13 14:10:19 - [TEST_STEP][PASSED] - click: Object: 'Object Repository/Final Object Repo/Creating Employer Account/Page_Registration - ASSIST (Base)/Confirm' is clicked on

2018-12-13 14:10:19 - [MESSAGE][PASSED] - Object: 'Object Repository/Final Object Repo/Creating Employer Account/Page_Registration - ASSIST (Base)/Confirm' is clicked on

2018-12-13 14:10:19 - [MESSAGE][PASSED] - Call Test Case 'Test Cases/Final Aug 2018 - PKS Automation/Create Employer Acc/Template/Register Employer' successfully

2018-12-13 14:10:19 - [TEST_STEP][PASSED] - delay: Delayed 1 second(s)

2018-12-13 14:10:20 - [MESSAGE][PASSED] - Delayed 1 second(s)

2018-12-13 14:10:20 - [TEST_STEP][PASSED] - navigateToUrl: Navigate to 'https://assist2-uat.perkeso.gov.my/c/portal/logout' successfully

2018-12-13 14:10:21 - [MESSAGE][PASSED] - Navigate to 'https://assist2-uat.perkeso.gov.my/c/portal/logout' successfully

2018-12-13 14:10:21 - [TEST_STEP][PASSED] - delay: Delayed 1 second(s)

2018-12-13 14:10:22 - [MESSAGE][PASSED] - Delayed 1 second(s)

2018-12-13 14:10:22 - [TEST_STEP][PASSED] - callTestCase: Call Test Case 'Test Cases/Final Aug 2018 - PKS Automation/Create Employer Acc/Template/Change Password of Employer' successfully

2018-12-13 14:10:22 - [TEST_CASE][PASSED] - Test Cases/Final Aug 2018 - PKS Automation/Create Employer Acc/Template/Change Password of Employer: Test Cases/Final Aug 2018 - PKS Automation/Create Employer Acc/Template/Change Password of Employer

2018-12-13 14:10:22 - [TEST_STEP][PASSED] - openBrowser: Browser is opened with url: ''

2018-12-13 14:10:22 - [MESSAGE][WARNING] - A browser is already opened. Closing browser and opening a new one

2018-12-13 14:10:26 - [MESSAGE][PASSED] - Browser is opened with url: ''

2018-12-13 14:10:26 - [TEST_STEP][PASSED] - navigateToUrl: Navigate to 'https://assist2-uat.perkeso.gov.my/login' successfully

2018-12-13 14:10:27 - [MESSAGE][PASSED] - Navigate to 'https://assist2-uat.perkeso.gov.my/login' successfully

2018-12-13 14:10:27 - [TEST_STEP][PASSED] - delay: Delayed 5 second(s)

2018-12-13 14:10:32 - [MESSAGE][PASSED] - Delayed 5 second(s)

2018-12-13 14:10:32 - [TEST_STEP][PASSED] - setText: Text 'test@liferay.com' is set on object 'Object Repository/Final Object Repo/Login Page/Internal User/Email Address'

2018-12-13 14:10:33 - [MESSAGE][PASSED] - Text 'test@liferay.com' is set on object 'Object Repository/Final Object Repo/Login Page/Internal User/Email Address'

2018-12-13 14:10:33 - [TEST_STEP][PASSED] - click: Object: 'Object Repository/Final Object Repo/Login Page/Internal User/Next Button' is clicked on

2018-12-13 14:10:33 - [MESSAGE][PASSED] - Object: 'Object Repository/Final Object Repo/Login Page/Internal User/Next Button' is clicked on

2018-12-13 14:10:33 - [TEST_STEP][PASSED] - delay: Delayed 2 second(s)

2018-12-13 14:10:35 - [MESSAGE][PASSED] - Delayed 2 second(s)

2018-12-13 14:10:35 - [TEST_STEP][PASSED] - setText: Text 'test' is set on object 'Object Repository/Final Object Repo/Login Page/Internal User/Password'

2018-12-13 14:10:35 - [MESSAGE][PASSED] - Text 'test' is set on object 'Object Repository/Final Object Repo/Login Page/Internal User/Password'

2018-12-13 14:10:35 - [TEST_STEP][PASSED] - delay: Delayed 2 second(s)

2018-12-13 14:10:37 - [MESSAGE][PASSED] - Delayed 2 second(s)

2018-12-13 14:10:37 - [TEST_STEP][PASSED] - click: Object: 'Object Repository/Final Object Repo/Login Page/Internal User/Login Button' is clicked on

2018-12-13 14:10:37 - [MESSAGE][PASSED] - Object: 'Object Repository/Final Object Repo/Login Page/Internal User/Login Button' is clicked on

2018-12-13 14:10:37 - [TEST_STEP][PASSED] - delay: Delayed 3 second(s)

2018-12-13 14:10:40 - [MESSAGE][PASSED] - Delayed 3 second(s)

2018-12-13 14:10:40 - [TEST_STEP][PASSED] - navigateToUrl: Navigate to 'https://assist2-uat.perkeso.gov.my/group/control_panel/manage?p_p_id=125&p_p_lifecycle=0&p_p_state=maximized&p_p_mode=view&refererPlid=20455&_125_usersListView=flat-users&_125_toolbarItem=view-all-users&_125_saveUsersListView=true&_125_struts_action=%2Fusers_admin%2Fview' successfully

2018-12-13 14:10:42 - [MESSAGE][PASSED] - Navigate to 'https://assist2-uat.perkeso.gov.my/group/control_panel/manage?p_p_id=125&p_p_lifecycle=0&p_p_state=maximized&p_p_mode=view&refererPlid=20455&_125_usersListView=flat-users&_125_toolbarItem=view-all-users&_125_saveUsersListView=true&_125_struts_action=%2Fusers_admin%2Fview' successfully

2018-12-13 14:10:42 - [TEST_STEP][PASSED] - delay: Delayed 3 second(s)

2018-12-13 14:10:45 - [MESSAGE][PASSED] - Delayed 3 second(s)

2018-12-13 14:10:45 - [TEST_STEP][PASSED] - setText: Text 'perkeso908813991109@gmail.com' is set on object 'Object Repository/Final Object Repo/Creating Employer Account/Page_Users and Organizations - ASSIST/Employer name'

2018-12-13 14:10:45 - [MESSAGE][PASSED] - Text 'perkeso908813991109@gmail.com' is set on object 'Object Repository/Final Object Repo/Creating Employer Account/Page_Users and Organizations - ASSIST/Employer name'

2018-12-13 14:10:45 - [TEST_STEP][PASSED] - delay: Delayed 3 second(s)

2018-12-13 14:10:48 - [MESSAGE][PASSED] - Delayed 3 second(s)

2018-12-13 14:10:48 - [TEST_STEP][PASSED] - click: Object: 'Object Repository/Final Object Repo/Creating Employer Account/Page_Users and Organizations - ASSIST/Search' is clicked on

2018-12-13 14:10:48 - [MESSAGE][PASSED] - Object: 'Object Repository/Final Object Repo/Creating Employer Account/Page_Users and Organizations - ASSIST/Search' is clicked on

2018-12-13 14:10:48 - [TEST_STEP][PASSED] - delay: Delayed 3 second(s)

2018-12-13 14:10:51 - [MESSAGE][PASSED] - Delayed 3 second(s)

2018-12-13 14:10:51 - [TEST_STEP][PASSED] - click: Object: 'Object Repository/Final Object Repo/Creating Employer Account/Page_Users and Organizations - ASSIST/Action' is clicked on

2018-12-13 14:10:52 - [MESSAGE][PASSED] - Object: 'Object Repository/Final Object Repo/Creating Employer Account/Page_Users and Organizations - ASSIST/Action' is clicked on

2018-12-13 14:10:52 - [TEST_STEP][PASSED] - delay: Delayed 3 second(s)

2018-12-13 14:10:55 - [MESSAGE][PASSED] - Delayed 3 second(s)

2018-12-13 14:10:55 - [TEST_STEP][PASSED] - click: Object: 'Object Repository/Final Object Repo/Creating Employer Account/Page_Users and Organizations - ASSIST/Edit' is clicked on

2018-12-13 14:10:56 - [MESSAGE][PASSED] - Object: 'Object Repository/Final Object Repo/Creating Employer Account/Page_Users and Organizations - ASSIST/Edit' is clicked on

2018-12-13 14:10:56 - [TEST_STEP][PASSED] - delay: Delayed 3 second(s)

2018-12-13 14:10:59 - [MESSAGE][PASSED] - Delayed 3 second(s)

2018-12-13 14:10:59 - [TEST_STEP][PASSED] - click: Object: 'Object Repository/Final Object Repo/Creating Employer Account/Page_PERKESO - Users and Organizati/a_Password (Modified)' is clicked on

2018-12-13 14:10:59 - [MESSAGE][PASSED] - Object: 'Object Repository/Final Object Repo/Creating Employer Account/Page_PERKESO - Users and Organizati/a_Password (Modified)' is clicked on

2018-12-13 14:10:59 - [TEST_STEP][PASSED] - delay: Delayed 3 second(s)

2018-12-13 14:11:02 - [MESSAGE][PASSED] - Delayed 3 second(s)

2018-12-13 14:11:02 - [TEST_STEP][PASSED] - setEncryptedText: Text ****** has been set on object 'Object Repository/Final Object Repo/Creating Employer Account/Page_PERKESO - Users and Organizati/input__125_password1'

2018-12-13 14:11:02 - [MESSAGE][PASSED] - Text ****** has been set on object 'Object Repository/Final Object Repo/Creating Employer Account/Page_PERKESO - Users and Organizati/input__125_password1'

2018-12-13 14:11:02 - [TEST_STEP][PASSED] - delay: Delayed 3 second(s)

2018-12-13 14:11:05 - [MESSAGE][PASSED] - Delayed 3 second(s)

2018-12-13 14:11:05 - [TEST_STEP][PASSED] - setEncryptedText: Text ****** has been set on object 'Object Repository/Final Object Repo/Creating Employer Account/Page_PERKESO - Users and Organizati/input__125_password2'

2018-12-13 14:11:05 - [MESSAGE][PASSED] - Text ****** has been set on object 'Object Repository/Final Object Repo/Creating Employer Account/Page_PERKESO - Users and Organizati/input__125_password2'

2018-12-13 14:11:05 - [TEST_STEP][PASSED] - delay: Delayed 3 second(s)

2018-12-13 14:11:08 - [MESSAGE][PASSED] - Delayed 3 second(s)

2018-12-13 14:11:08 - [TEST_STEP][PASSED] - click: Object: 'Object Repository/Final Object Repo/Creating Employer Account/Page_PERKESO - Users and Organizati/Save' is clicked on

2018-12-13 14:11:10 - [MESSAGE][PASSED] - Object: 'Object Repository/Final Object Repo/Creating Employer Account/Page_PERKESO - Users and Organizati/Save' is clicked on

2018-12-13 14:11:10 - [MESSAGE][PASSED] - Call Test Case 'Test Cases/Final Aug 2018 - PKS Automation/Create Employer Acc/Template/Change Password of Employer' successfully

2018-12-13 14:11:10 - [TEST_STEP][PASSED] - delay: Delayed 1 second(s)

2018-12-13 14:11:11 - [MESSAGE][PASSED] - Delayed 1 second(s)

2018-12-13 14:11:11 - [TEST_STEP][PASSED] - navigateToUrl: Navigate to 'https://assist2-uat.perkeso.gov.my/c/portal/logout' successfully

2018-12-13 14:11:12 - [MESSAGE][PASSED] - Navigate to 'https://assist2-uat.perkeso.gov.my/c/portal/logout' successfully

2018-12-13 14:11:12 - [TEST_STEP][PASSED] - delay: Delayed 1 second(s)

2018-12-13 14:11:13 - [MESSAGE][PASSED] - Delayed 1 second(s)

2018-12-13 14:11:13 - [TEST_STEP][PASSED] - callTestCase: Call Test Case 'Test Cases/Final Aug 2018 - PKS Automation/Create Employer Acc/Template/Login to Employer Account (First Time)' successfully

2018-12-13 14:11:13 - [TEST_CASE][PASSED] - Test Cases/Final Aug 2018 - PKS Automation/Create Employer Acc/Template/Login to Employer Account (First Time): Test Cases/Final Aug 2018 - PKS Automation/Create Employer Acc/Template/Login to Employer Account (First Time)

2018-12-13 14:11:13 - [TEST_STEP][PASSED] - openBrowser: Browser is opened with url: ''

2018-12-13 14:11:13 - [MESSAGE][WARNING] - A browser is already opened. Closing browser and opening a new one

2018-12-13 14:11:17 - [MESSAGE][PASSED] - Browser is opened with url: ''

2018-12-13 14:11:17 - [TEST_STEP][PASSED] - navigateToUrl: Navigate to 'https://assist2-uat.perkeso.gov.my/employer/login' successfully

2018-12-13 14:11:18 - [MESSAGE][PASSED] - Navigate to 'https://assist2-uat.perkeso.gov.my/employer/login' successfully

2018-12-13 14:11:18 - [TEST_STEP][PASSED] - delay: Delayed 3 second(s)

2018-12-13 14:11:21 - [MESSAGE][PASSED] - Delayed 3 second(s)

2018-12-13 14:11:21 - [TEST_STEP][PASSED] - callTestCase: Call Test Case 'Test Cases/Final Aug 2018 - PKS Automation/Create Employer Acc/Template/Employer Email Getter' successfully

2018-12-13 14:11:21 - [TEST_CASE][PASSED] - Test Cases/Final Aug 2018 - PKS Automation/Create Employer Acc/Template/Employer Email Getter: Test Cases/Final Aug 2018 - PKS Automation/Create Employer Acc/Template/Employer Email Getter

2018-12-13 14:11:21 - [TEST_STEP][PASSED] - Statement - Try: null

2018-12-13 14:11:21 - [TEST_STEP][PASSED] - Statement - EmpEmail = new java.io.File(C://Users//Admin//Desktop//PKS//Automation Reference Point//EmpEmail.txt): null

2018-12-13 14:11:21 - [TEST_STEP][PASSED] - Statement - bufferread = new java.io.BufferedReader(new java.io.FileReader(EmpEmail)): null

2018-12-13 14:11:21 - [TEST_STEP][PASSED] - Statement - readedVal = bufferread.readLine(): null

2018-12-13 14:11:21 - [TEST_STEP][PASSED] - Statement - out.println(readedVal): null

2018-12-13 14:11:21 - [TEST_STEP][PASSED] - Statement - Email = readedVal: null

2018-12-13 14:11:21 - [MESSAGE][PASSED] - Call Test Case 'Test Cases/Final Aug 2018 - PKS Automation/Create Employer Acc/Template/Employer Email Getter' successfully

2018-12-13 14:11:21 - [TEST_STEP][PASSED] - setText: Text 'perkeso908813991109@gmail.com' is set on object 'Object Repository/Final Object Repo/Login Page/External Login Page/Email'

2018-12-13 14:11:22 - [MESSAGE][PASSED] - Text 'perkeso908813991109@gmail.com' is set on object 'Object Repository/Final Object Repo/Login Page/External Login Page/Email'

2018-12-13 14:11:22 - [TEST_STEP][PASSED] - click: Object: 'Object Repository/Final Object Repo/Login Page/External Login Page/Next' is clicked on

2018-12-13 14:11:22 - [MESSAGE][PASSED] - Object: 'Object Repository/Final Object Repo/Login Page/External Login Page/Next' is clicked on

2018-12-13 14:11:22 - [TEST_STEP][PASSED] - delay: Delayed 3 second(s)

2018-12-13 14:11:25 - [MESSAGE][PASSED] - Delayed 3 second(s)

2018-12-13 14:11:25 - [TEST_STEP][PASSED] - setEncryptedText: Text ****** has been set on object 'Object Repository/Final Object Repo/Login Page/External Login Page/Password'

2018-12-13 14:11:25 - [MESSAGE][PASSED] - Text ****** has been set on object 'Object Repository/Final Object Repo/Login Page/External Login Page/Password'

2018-12-13 14:11:25 - [TEST_STEP][PASSED] - click: Object: 'Object Repository/Final Object Repo/Login Page/External Login Page/Login' is clicked on

2018-12-13 14:11:25 - [MESSAGE][PASSED] - Object: 'Object Repository/Final Object Repo/Login Page/External Login Page/Login' is clicked on

2018-12-13 14:11:25 - [TEST_STEP][PASSED] - delay: Delayed 3 second(s)

2018-12-13 14:11:28 - [MESSAGE][PASSED] - Delayed 3 second(s)

2018-12-13 14:11:28 - [TEST_STEP][PASSED] - click: Object: 'Object Repository/Final Object Repo/Creating Employer Account/Page_Terms of Use - ASSIST/button_I Agree' is clicked on

2018-12-13 14:11:29 - [MESSAGE][PASSED] - Object: 'Object Repository/Final Object Repo/Creating Employer Account/Page_Terms of Use - ASSIST/button_I Agree' is clicked on

2018-12-13 14:11:29 - [TEST_STEP][PASSED] - delay: Delayed 2 second(s)

2018-12-13 14:11:31 - [MESSAGE][PASSED] - Delayed 2 second(s)

2018-12-13 14:11:31 - [TEST_STEP][PASSED] - setEncryptedText: Text ****** has been set on object 'Object Repository/Final Object Repo/Creating Employer Account/Page_New Password - ASSIST/input_password1'

2018-12-13 14:11:31 - [MESSAGE][PASSED] - Text ****** has been set on object 'Object Repository/Final Object Repo/Creating Employer Account/Page_New Password - ASSIST/input_password1'

2018-12-13 14:11:31 - [TEST_STEP][PASSED] - setEncryptedText: Text ****** has been set on object 'Object Repository/Final Object Repo/Creating Employer Account/Page_New Password - ASSIST/input_password2'

2018-12-13 14:11:32 - [MESSAGE][PASSED] - Text ****** has been set on object 'Object Repository/Final Object Repo/Creating Employer Account/Page_New Password - ASSIST/input_password2'

2018-12-13 14:11:32 - [TEST_STEP][PASSED] - delay: Delayed 2 second(s)

2018-12-13 14:11:34 - [MESSAGE][PASSED] - Delayed 2 second(s)

2018-12-13 14:11:34 - [TEST_STEP][PASSED] - click: Object: 'Object Repository/Final Object Repo/Creating Employer Account/Page_New Password - ASSIST/Save' is clicked on

2018-12-13 14:11:34 - [MESSAGE][PASSED] - Object: 'Object Repository/Final Object Repo/Creating Employer Account/Page_New Password - ASSIST/Save' is clicked on

2018-12-13 14:11:34 - [TEST_STEP][PASSED] - delay: Delayed 2 second(s)

2018-12-13 14:11:36 - [MESSAGE][PASSED] - Delayed 2 second(s)

2018-12-13 14:11:36 - [TEST_STEP][PASSED] - setText: Text 'test' is set on object 'Object Repository/Final Object Repo/Creating Employer Account/Page_Password Reminder - ASSIST/Reminder Query Answer'

2018-12-13 14:11:36 - [MESSAGE][PASSED] - Text 'test' is set on object 'Object Repository/Final Object Repo/Creating Employer Account/Page_Password Reminder - ASSIST/Reminder Query Answer'

2018-12-13 14:11:36 - [TEST_STEP][PASSED] - delay: Delayed 2 second(s)

2018-12-13 14:11:38 - [MESSAGE][PASSED] - Delayed 2 second(s)

2018-12-13 14:11:38 - [TEST_STEP][PASSED] - doubleClick: Object: 'Object Repository/Final Object Repo/Creating Employer Account/Page_Password Reminder - ASSIST/Save' is double clicked on

2018-12-13 14:11:41 - [MESSAGE][PASSED] - Object: 'Object Repository/Final Object Repo/Creating Employer Account/Page_Password Reminder - ASSIST/Save' is double clicked on

2018-12-13 14:11:41 - [MESSAGE][PASSED] - Call Test Case 'Test Cases/Final Aug 2018 - PKS Automation/Create Employer Acc/Template/Login to Employer Account (First Time)' successfully

2018-12-13 14:11:41 - [MESSAGE][PASSED] - Call Test Case 'Test Cases/Final Aug 2018 - PKS Automation/Create Employer Acc/Create Employer Account' successfully

2018-12-13 14:11:41 - [TEST_STEP][PASSED] - callTestCase: Call Test Case 'Test Cases/Final Aug 2018 - PKS Automation/Registration Module/Log Out/log out avoiding katalon tagging' successfully

2018-12-13 14:11:41 - [TEST_CASE][PASSED] - Test Cases/Final Aug 2018 - PKS Automation/Registration Module/Log Out/log out avoiding katalon tagging: Test Cases/Final Aug 2018 - PKS Automation/Registration Module/Log Out/log out avoiding katalon tagging

2018-12-13 14:11:41 - [TEST_STEP][PASSED] - navigateToUrl: Navigate to 'https://assist2-uat.perkeso.gov.my/c/portal/logout' successfully

2018-12-13 14:11:41 - [MESSAGE][PASSED] - Navigate to 'https://assist2-uat.perkeso.gov.my/c/portal/logout' successfully

2018-12-13 14:11:41 - [MESSAGE][PASSED] - Call Test Case 'Test Cases/Final Aug 2018 - PKS Automation/Registration Module/Log Out/log out avoiding katalon tagging' successfully

2018-12-13 14:11:41 - [TEST_STEP][PASSED] - callTestCase: Call Test Case 'Test Cases/Final Aug 2018 - PKS Automation/Create Employer Acc/Login to Employer Account (Second time)' successfully

2018-12-13 14:11:41 - [TEST_CASE][PASSED] - Test Cases/Final Aug 2018 - PKS Automation/Create Employer Acc/Login to Employer Account (Second time): Test Cases/Final Aug 2018 - PKS Automation/Create Employer Acc/Login to Employer Account (Second time)

2018-12-13 14:11:41 - [TEST_STEP][PASSED] - openBrowser: Browser is opened with url: ''

2018-12-13 14:11:41 - [MESSAGE][WARNING] - A browser is already opened. Closing browser and opening a new one

2018-12-13 14:11:45 - [MESSAGE][PASSED] - Browser is opened with url: ''

2018-12-13 14:11:45 - [TEST_STEP][PASSED] - navigateToUrl: Navigate to 'https://assist2-uat.perkeso.gov.my/employer/login' successfully

2018-12-13 14:11:46 - [MESSAGE][PASSED] - Navigate to 'https://assist2-uat.perkeso.gov.my/employer/login' successfully

2018-12-13 14:11:46 - [TEST_STEP][PASSED] - delay: Delayed 3 second(s)

2018-12-13 14:11:49 - [MESSAGE][PASSED] - Delayed 3 second(s)

2018-12-13 14:11:49 - [TEST_STEP][PASSED] - callTestCase: Call Test Case 'Test Cases/Final Aug 2018 - PKS Automation/Create Employer Acc/Template/Employer Email Getter' successfully

2018-12-13 14:11:49 - [TEST_CASE][PASSED] - Test Cases/Final Aug 2018 - PKS Automation/Create Employer Acc/Template/Employer Email Getter: Test Cases/Final Aug 2018 - PKS Automation/Create Employer Acc/Template/Employer Email Getter

2018-12-13 14:11:49 - [TEST_STEP][PASSED] - Statement - Try: null

2018-12-13 14:11:49 - [TEST_STEP][PASSED] - Statement - EmpEmail = new java.io.File(C://Users//Admin//Desktop//PKS//Automation Reference Point//EmpEmail.txt): null

2018-12-13 14:11:49 - [TEST_STEP][PASSED] - Statement - bufferread = new java.io.BufferedReader(new java.io.FileReader(EmpEmail)): null

2018-12-13 14:11:49 - [TEST_STEP][PASSED] - Statement - readedVal = bufferread.readLine(): null

2018-12-13 14:11:49 - [TEST_STEP][PASSED] - Statement - out.println(readedVal): null

2018-12-13 14:11:49 - [TEST_STEP][PASSED] - Statement - Email = readedVal: null

2018-12-13 14:11:49 - [MESSAGE][PASSED] - Call Test Case 'Test Cases/Final Aug 2018 - PKS Automation/Create Employer Acc/Template/Employer Email Getter' successfully

2018-12-13 14:11:49 - [TEST_STEP][PASSED] - setText: Text 'perkeso908813991109@gmail.com' is set on object 'Object Repository/Final Object Repo/Login Page/External Login Page/Email'

2018-12-13 14:11:50 - [MESSAGE][PASSED] - Text 'perkeso908813991109@gmail.com' is set on object 'Object Repository/Final Object Repo/Login Page/External Login Page/Email'

2018-12-13 14:11:50 - [TEST_STEP][PASSED] - click: Object: 'Object Repository/Final Object Repo/Login Page/External Login Page/Next' is clicked on

2018-12-13 14:11:50 - [MESSAGE][PASSED] - Object: 'Object Repository/Final Object Repo/Login Page/External Login Page/Next' is clicked on

2018-12-13 14:11:50 - [TEST_STEP][PASSED] - delay: Delayed 3 second(s)

2018-12-13 14:11:53 - [MESSAGE][PASSED] - Delayed 3 second(s)

2018-12-13 14:11:53 - [TEST_STEP][PASSED] - setEncryptedText: Text ****** has been set on object 'Object Repository/Final Object Repo/Login Page/External Login Page/Password'

2018-12-13 14:11:53 - [MESSAGE][PASSED] - Text ****** has been set on object 'Object Repository/Final Object Repo/Login Page/External Login Page/Password'

2018-12-13 14:11:53 - [TEST_STEP][PASSED] - click: Object: 'Object Repository/Final Object Repo/Login Page/External Login Page/Login' is clicked on

2018-12-13 14:11:53 - [MESSAGE][PASSED] - Object: 'Object Repository/Final Object Repo/Login Page/External Login Page/Login' is clicked on

2018-12-13 14:11:53 - [TEST_STEP][PASSED] - delay: Delayed 5 second(s)

2018-12-13 14:11:58 - [MESSAGE][PASSED] - Delayed 5 second(s)

2018-12-13 14:11:58 - [MESSAGE][PASSED] - Call Test Case 'Test Cases/Final Aug 2018 - PKS Automation/Create Employer Acc/Login to Employer Account (Second time)' successfully

2018-12-13 14:11:58 - [TEST_STEP][PASSED] - Statement - Try: null

2018-12-13 14:11:58 - [TEST_STEP][PASSED] - Statement - Checker = com.kms.katalon.core.webui.keyword.WebUiBuiltInKeywords.verifyElementNotPresent("Final Object Repo/Landing Page/Select to English", 3): null

2018-12-13 14:11:58 - [TEST_STEP][PASSED] - Statement - Catch (Exception e): null

2018-12-13 14:11:58 - [TEST_STEP][PASSED] - Statement - e.printStackTrace(): null

2018-12-13 14:11:58 - [TEST_STEP][PASSED] - delay: Delayed 5 second(s)

2018-12-13 14:12:03 - [MESSAGE][PASSED] - Delayed 5 second(s)

2018-12-13 14:12:03 - [TEST_STEP][PASSED] - click: Object: 'Object Repository/Final Object Repo/Landing Page/My Sites Drop Down' is clicked on

2018-12-13 14:12:04 - [MESSAGE][PASSED] - Object: 'Object Repository/Final Object Repo/Landing Page/My Sites Drop Down' is clicked on

2018-12-13 14:12:04 - [TEST_STEP][PASSED] - click: Object: 'Object Repository/Final Object Repo/Landing Page/Select to Registration Module' is clicked on

2018-12-13 14:12:06 - [MESSAGE][PASSED] - Object: 'Object Repository/Final Object Repo/Landing Page/Select to Registration Module' is clicked on

2018-12-13 14:12:06 - [TEST_STEP][PASSED] - click: Object: 'Object Repository/Final Object Repo/Landing Page/Registration Button' is clicked on

2018-12-13 14:12:07 - [MESSAGE][PASSED] - Object: 'Object Repository/Final Object Repo/Landing Page/Registration Button' is clicked on

2018-12-13 14:12:07 - [TEST_STEP][PASSED] - delay: Delayed 2 second(s)

2018-12-13 14:12:09 - [MESSAGE][PASSED] - Delayed 2 second(s)

2018-12-13 14:12:09 - [TEST_STEP][PASSED] - click: Object: 'Object Repository/Final Object Repo/New Registration - Registration Module Pages/New Reg - OTC to RO/Special Case - OTC - Form 1/AEC NO' is clicked on

2018-12-13 14:12:09 - [MESSAGE][PASSED] - Object: 'Object Repository/Final Object Repo/New Registration - Registration Module Pages/New Reg - OTC to RO/Special Case - OTC - Form 1/AEC NO' is clicked on

2018-12-13 14:12:09 - [TEST_STEP][PASSED] - click: Object: 'Object Repository/Final Object Repo/New Registration - Registration Module Pages/New Reg - OTC to RO/Special Case - OTC - Form 1/Business Entity - Please Select' is clicked on

2018-12-13 14:12:10 - [MESSAGE][PASSED] - Object: 'Object Repository/Final Object Repo/New Registration - Registration Module Pages/New Reg - OTC to RO/Special Case - OTC - Form 1/Business Entity - Please Select' is clicked on

2018-12-13 14:12:10 - [TEST_STEP][PASSED] - click: Object: 'Object Repository/Final Object Repo/New Registration - Registration Module Pages/New Reg - OTC to RO/Special Case - OTC - Form 1/Selected - Corporation' is clicked on

2018-12-13 14:12:10 - [MESSAGE][PASSED] - Object: 'Object Repository/Final Object Repo/New Registration - Registration Module Pages/New Reg - OTC to RO/Special Case - OTC - Form 1/Selected - Corporation' is clicked on

2018-12-13 14:12:10 - [TEST_STEP][PASSED] - delay: Delayed 2 second(s)

2018-12-13 14:12:12 - [MESSAGE][PASSED] - Delayed 2 second(s)

2018-12-13 14:12:12 - [TEST_STEP][PASSED] - click: Object: 'Object Repository/Final Object Repo/New Registration - Registration Module Pages/New Reg - OTC to RO/Special Case - OTC - Form 1/Sub Business Entity - Please Select' is clicked on

2018-12-13 14:12:12 - [MESSAGE][PASSED] - Object: 'Object Repository/Final Object Repo/New Registration - Registration Module Pages/New Reg - OTC to RO/Special Case - OTC - Form 1/Sub Business Entity - Please Select' is clicked on

2018-12-13 14:12:12 - [TEST_STEP][PASSED] - delay: Delayed 2 second(s)

2018-12-13 14:12:14 - [MESSAGE][PASSED] - Delayed 2 second(s)

2018-12-13 14:12:14 - [TEST_STEP][PASSED] - click: Object: 'Object Repository/Final Object Repo/New Registration - Registration Module Pages/New Reg - OTC to RO/Special Case - OTC - Form 1/Selected - Sendirian Berhad' is clicked on

2018-12-13 14:12:14 - [MESSAGE][PASSED] - Object: 'Object Repository/Final Object Repo/New Registration - Registration Module Pages/New Reg - OTC to RO/Special Case - OTC - Form 1/Selected - Sendirian Berhad' is clicked on

2018-12-13 14:12:14 - [TEST_STEP][PASSED] - setText: Text 'AUTOMATE001' is set on object 'Object Repository/Final Object Repo/New Registration - Registration Module Pages/New Reg - OTC to RO/Special Case - OTC - Form 1/Input BRN Number'

2018-12-13 14:12:15 - [MESSAGE][PASSED] - Text 'AUTOMATE001' is set on object 'Object Repository/Final Object Repo/New Registration - Registration Module Pages/New Reg - OTC to RO/Special Case - OTC - Form 1/Input BRN Number'

2018-12-13 14:12:15 - [TEST_STEP][PASSED] - delay: Delayed 2 second(s)

2018-12-13 14:12:17 - [MESSAGE][PASSED] - Delayed 2 second(s)

2018-12-13 14:12:17 - [TEST_STEP][PASSED] - click: Object: 'Object Repository/Final Object Repo/New Registration - Registration Module Pages/New Reg - OTC to RO/Special Case - OTC - Form 1/BRN Search' is clicked on

2018-12-13 14:12:17 - [MESSAGE][PASSED] - Object: 'Object Repository/Final Object Repo/New Registration - Registration Module Pages/New Reg - OTC to RO/Special Case - OTC - Form 1/BRN Search' is clicked on

2018-12-13 14:12:17 - [TEST_STEP][PASSED] - delay: Delayed 4 second(s)

2018-12-13 14:12:21 - [MESSAGE][PASSED] - Delayed 4 second(s)

2018-12-13 14:12:21 - [TEST_STEP][PASSED] - click: Object: 'Object Repository/Final Object Repo/New Registration - Registration Module Pages/New Reg - OTC to RO/Special Case - OTC - Form 1/Registered with SSM - After Feb 2017' is clicked on

2018-12-13 14:12:21 - [MESSAGE][PASSED] - Object: 'Object Repository/Final Object Repo/New Registration - Registration Module Pages/New Reg - OTC to RO/Special Case - OTC - Form 1/Registered with SSM - After Feb 2017' is clicked on

2018-12-13 14:12:21 - [TEST_STEP][PASSED] - delay: Delayed 2 second(s)

2018-12-13 14:12:23 - [MESSAGE][PASSED] - Delayed 2 second(s)

2018-12-13 14:12:23 - [TEST_STEP][PASSED] - click: Object: 'Object Repository/Final Object Repo/New Registration - Registration Module Pages/New Reg - OTC to RO/Special Case - OTC - Form 1/Registering As A Branch - No' is clicked on

2018-12-13 14:12:23 - [MESSAGE][PASSED] - Object: 'Object Repository/Final Object Repo/New Registration - Registration Module Pages/New Reg - OTC to RO/Special Case - OTC - Form 1/Registering As A Branch - No' is clicked on

2018-12-13 14:12:23 - [TEST_STEP][PASSED] - click: Object: 'Object Repository/Final Object Repo/New Registration - Registration Module Pages/New Reg - OTC to RO/Special Case - OTC - Form 1/Acknowledgement Ticked' is clicked on

2018-12-13 14:12:23 - [MESSAGE][PASSED] - Object: 'Object Repository/Final Object Repo/New Registration - Registration Module Pages/New Reg - OTC to RO/Special Case - OTC - Form 1/Acknowledgement Ticked' is clicked on

2018-12-13 14:12:23 - [TEST_STEP][PASSED] - delay: Delayed 2 second(s)

2018-12-13 14:12:25 - [MESSAGE][PASSED] - Delayed 2 second(s)

2018-12-13 14:12:25 - [TEST_STEP][PASSED] - callTestCase: Call Test Case 'Test Cases/Final Aug 2018 - PKS Automation/Create Employer Acc/Template/Employer Email Getter' successfully

2018-12-13 14:12:25 - [TEST_CASE][PASSED] - Test Cases/Final Aug 2018 - PKS Automation/Create Employer Acc/Template/Employer Email Getter: Test Cases/Final Aug 2018 - PKS Automation/Create Employer Acc/Template/Employer Email Getter

2018-12-13 14:12:26 - [TEST_STEP][PASSED] - Statement - Try: null

2018-12-13 14:12:26 - [TEST_STEP][PASSED] - Statement - EmpEmail = new java.io.File(C://Users//Admin//Desktop//PKS//Automation Reference Point//EmpEmail.txt): null

2018-12-13 14:12:26 - [TEST_STEP][PASSED] - Statement - bufferread = new java.io.BufferedReader(new java.io.FileReader(EmpEmail)): null

2018-12-13 14:12:26 - [TEST_STEP][PASSED] - Statement - readedVal = bufferread.readLine(): null

2018-12-13 14:12:26 - [TEST_STEP][PASSED] - Statement - out.println(readedVal): null

2018-12-13 14:12:26 - [TEST_STEP][PASSED] - Statement - Email = readedVal: null

2018-12-13 14:12:26 - [MESSAGE][PASSED] - Call Test Case 'Test Cases/Final Aug 2018 - PKS Automation/Create Employer Acc/Template/Employer Email Getter' successfully

2018-12-13 14:12:26 - [TEST_STEP][PASSED] - setText: Text 'perkeso908813991109@gmail.com' is set on object 'Object Repository/Final Object Repo/Creating Employer Account/Email'

2018-12-13 14:12:26 - [MESSAGE][PASSED] - Text 'perkeso908813991109@gmail.com' is set on object 'Object Repository/Final Object Repo/Creating Employer Account/Email'

2018-12-13 14:12:26 - [TEST_STEP][PASSED] - delay: Delayed 2 second(s)

2018-12-13 14:12:28 - [MESSAGE][PASSED] - Delayed 2 second(s)

2018-12-13 14:12:28 - [TEST_STEP][PASSED] - click: Object: 'Object Repository/Final Object Repo/New Registration - Registration Module Pages/New Reg - OTC to RO/Special Case - OTC - Form 1/Submit Button' is clicked on

2018-12-13 14:12:28 - [MESSAGE][PASSED] - Object: 'Object Repository/Final Object Repo/New Registration - Registration Module Pages/New Reg - OTC to RO/Special Case - OTC - Form 1/Submit Button' is clicked on

2018-12-13 14:12:28 - [TEST_STEP][PASSED] - delay: Delayed 2 second(s)

2018-12-13 14:12:30 - [MESSAGE][PASSED] - Delayed 2 second(s)

2018-12-13 14:12:30 - [TEST_STEP][PASSED] - click: Object: 'Object Repository/Final Object Repo/New Registration - Registration Module Pages/New Reg - OTC to RO/Special Case - OTC - Form 1/Confirm No Flagging as Branch' is clicked on

2018-12-13 14:12:31 - [MESSAGE][PASSED] - Object: 'Object Repository/Final Object Repo/New Registration - Registration Module Pages/New Reg - OTC to RO/Special Case - OTC - Form 1/Confirm No Flagging as Branch' is clicked on

2018-12-13 14:12:31 - [MESSAGE][PASSED] - Call Test Case 'Test Cases/Final Aug 2018 - PKS Automation/Registration Module/Workflow/New Registration/Template/Special Case - Employer - Form 1' successfully

2018-12-13 14:12:31 - [TEST_STEP][PASSED] - callTestCase: Call Test Case 'Test Cases/Final Aug 2018 - PKS Automation/Registration Module/New Registration/Form 2/Add 1 Eligible - Employer Account Use' successfully

2018-12-13 14:12:31 - [TEST_CASE][PASSED] - Test Cases/Final Aug 2018 - PKS Automation/Registration Module/New Registration/Form 2/Add 1 Eligible - Employer Account Use: Test Cases/Final Aug 2018 - PKS Automation/Registration Module/New Registration/Form 2/Add 1 Eligible - Employer Account Use

2018-12-13 14:12:31 - [TEST_STEP][PASSED] - delay: Delayed 2 second(s)

2018-12-13 14:12:33 - [MESSAGE][PASSED] - Delayed 2 second(s)

2018-12-13 14:12:33 - [TEST_STEP][PASSED] - callTestCase: Call Test Case 'Test Cases/Final Aug 2018 - PKS Automation/Registration Module/New Registration/Form 2/Date Updater' successfully

2018-12-13 14:12:33 - [TEST_CASE][PASSED] - Test Cases/Final Aug 2018 - PKS Automation/Registration Module/New Registration/Form 2/Date Updater: Test Cases/Final Aug 2018 - PKS Automation/Registration Module/New Registration/Form 2/Date Updater

2018-12-13 14:12:33 - [TEST_STEP][PASSED] - Statement - TodayDate = new java.util.Date(): null

2018-12-13 14:12:33 - [TEST_STEP][PASSED] - Statement - CurrentDateNoFilter = new java.text.SimpleDateFormat(): null

2018-12-13 14:12:33 - [TEST_STEP][PASSED] - Statement - CurrentDateNoFilter.applyPattern("MM"): null

2018-12-13 14:12:33 - [TEST_STEP][PASSED] - Statement - monthContainerMatcher = java.lang.Integer.parseInt(CurrentDateNoFilter.format(TodayDate)): null

2018-12-13 14:12:33 - [TEST_STEP][PASSED] - Statement - monthContainerMatcher = monthContainerMatcher - 1: null

2018-12-13 14:12:33 - [TEST_STEP][PASSED] - Statement - CurrentMonth = monthContainerMatcher.toString(): null

2018-12-13 14:12:33 - [TEST_STEP][PASSED] - Statement - CurrentMonth = CurrentMonth: null

2018-12-13 14:12:33 - [TEST_STEP][PASSED] - Statement - CurrentDateNoFilter.applyPattern("yyyy"): null

2018-12-13 14:12:33 - [TEST_STEP][PASSED] - Statement - CurrentYear = CurrentDateNoFilter.format(TodayDate): null

2018-12-13 14:12:33 - [TEST_STEP][PASSED] - Statement - CurrentYear = CurrentYear: null

2018-12-13 14:12:33 - [TEST_STEP][PASSED] - Statement - intCurrentYear = java.lang.Integer.parseInt(CurrentDateNoFilter.format(TodayDate)): null

2018-12-13 14:12:33 - [TEST_STEP][PASSED] - Statement - eighteenYrsAgo = intCurrentYear - 18: null

2018-12-13 14:12:33 - [TEST_STEP][PASSED] - Statement - eighteenYrsBeforeThisYr = eighteenYrsAgo.toString(): null

2018-12-13 14:12:33 - [TEST_STEP][PASSED] - Statement - EighteenYrsBefore = eighteenYrsBeforeThisYr: null

2018-12-13 14:12:33 - [TEST_STEP][PASSED] - Statement - fiftysevenYrsAgo = intCurrentYear - 57: null

2018-12-13 14:12:33 - [TEST_STEP][PASSED] - Statement - fiftysevenYrsBeforeThisYr = fiftysevenYrsAgo.toString(): null

2018-12-13 14:12:33 - [TEST_STEP][PASSED] - Statement - FiftysevenYrsBefore = fiftysevenYrsBeforeThisYr: null

2018-12-13 14:12:33 - [TEST_STEP][PASSED] - Statement - leapYear = false: null

2018-12-13 14:12:33 - [TEST_STEP][PASSED] - Statement - leapYear = intCurrentYear % 4 == 0: null

2018-12-13 14:12:33 - [TEST_STEP][PASSED] - Statement - CurrentDateNoFilter.applyPattern("dd"): null

2018-12-13 14:12:33 - [TEST_STEP][PASSED] - Statement - CurrentDate = CurrentDateNoFilter.format(TodayDate): null

2018-12-13 14:12:33 - [TEST_STEP][PASSED] - Statement - CurrentDate = java.lang.Integer.parseInt(CurrentDate): null

2018-12-13 14:12:33 - [TEST_STEP][PASSED] - Statement - CurrentDate = CurrentDate: null

2018-12-13 14:12:33 - [TEST_STEP][PASSED] - Statement - CurrentDay = java.lang.Integer.parseInt(CurrentDate): null

2018-12-13 14:12:33 - [TEST_STEP][PASSED] - Statement - ConfAdder = <not implemented yet for class: org.codehaus.groovy.ast.expr.EmptyExpression>: null

2018-12-13 14:12:33 - [TEST_STEP][PASSED] - Statement - out.println(CurrentMonth): null

2018-12-13 14:12:33 - [TEST_STEP][PASSED] - Statement - out.println(CurrentDate): null

2018-12-13 14:12:33 - [TEST_STEP][PASSED] - Statement - switch (CurrentDate): null

2018-12-13 14:12:33 - [TEST_STEP][PASSED] - Statement - Default: null

2018-12-13 14:12:33 - [TEST_STEP][PASSED] - Statement - ConfAdder = true: null

2018-12-13 14:12:33 - [TEST_STEP][PASSED] - Statement - Break: null

2018-12-13 14:12:33 - [TEST_STEP][PASSED] - Statement - aDayBefore = <not implemented yet for class: org.codehaus.groovy.ast.expr.EmptyExpression>: null

2018-12-13 14:12:33 - [TEST_STEP][PASSED] - Statement - out.println(ConfAdder): null

2018-12-13 14:12:33 - [TEST_STEP][PASSED] - Statement - If (ConfAdder == true): null

2018-12-13 14:12:33 - [TEST_STEP][PASSED] - Statement - aDayBefore = CurrentDay + 1: null

2018-12-13 14:12:33 - [TEST_STEP][PASSED] - Statement - out.println(aDayBefore): null

2018-12-13 14:12:33 - [TEST_STEP][PASSED] - Statement - If (aDayBefore == 1 && CurrentMonth == 11): null

2018-12-13 14:12:33 - [TEST_STEP][PASSED] - Statement - DayBefore = aDayBefore.toString(): null

2018-12-13 14:12:33 - [TEST_STEP][PASSED] - Statement - OneDayBefore = DayBefore: null

2018-12-13 14:12:33 - [MESSAGE][PASSED] - Call Test Case 'Test Cases/Final Aug 2018 - PKS Automation/Registration Module/New Registration/Form 2/Date Updater' successfully

2018-12-13 14:12:33 - [TEST_STEP][PASSED] - delay: Delayed 1 second(s)

2018-12-13 14:12:34 - [MESSAGE][PASSED] - Delayed 1 second(s)

2018-12-13 14:12:34 - [TEST_STEP][PASSED] - Statement - CaseReferenceNo = com.kms.katalon.core.webui.keyword.WebUiBuiltInKeywords.getText(com.kms.katalon.core.testobject.ObjectRepository.findTestObject(Final Object Repo/New Registration - Registration Module Pages/Form 2/RefNo Acquiring)): Text of object 'Object Repository/Final Object Repo/New Registration - Registration Module Pages/Form 2/RefNo Acquiring' is: 'CRN12201800123280'

2018-12-13 14:12:34 - [MESSAGE][PASSED] - Text of object 'Object Repository/Final Object Repo/New Registration - Registration Module Pages/Form 2/RefNo Acquiring' is: 'CRN12201800123280'

2018-12-13 14:12:34 - [TEST_STEP][PASSED] - delay: Delayed 1 second(s)

2018-12-13 14:12:35 - [MESSAGE][PASSED] - Delayed 1 second(s)

2018-12-13 14:12:35 - [TEST_STEP][PASSED] - click: Object: 'Object Repository/Final Object Repo/New Registration - Registration Module Pages/Form 2/Add Employee Button' is clicked on

2018-12-13 14:12:35 - [MESSAGE][PASSED] - Object: 'Object Repository/Final Object Repo/New Registration - Registration Module Pages/Form 2/Add Employee Button' is clicked on

2018-12-13 14:12:35 - [TEST_STEP][PASSED] - delay: Delayed 1 second(s)

2018-12-13 14:12:36 - [MESSAGE][PASSED] - Delayed 1 second(s)

2018-12-13 14:12:36 - [TEST_STEP][PASSED] - setText: Text '010903091948' is set on object 'Object Repository/Final Object Repo/New Registration - Registration Module Pages/Form 2/NRIC Input'

2018-12-13 14:12:36 - [MESSAGE][PASSED] - Text '010903091948' is set on object 'Object Repository/Final Object Repo/New Registration - Registration Module Pages/Form 2/NRIC Input'

2018-12-13 14:12:36 - [TEST_STEP][PASSED] - delay: Delayed 2 second(s)

2018-12-13 14:12:38 - [MESSAGE][PASSED] - Delayed 2 second(s)

2018-12-13 14:12:38 - [TEST_STEP][PASSED] - setText: Text 'Automate001 eligible 1' is set on object 'Object Repository/Final Object Repo/New Registration - Registration Module Pages/Form 2/Employee Name Input'

2018-12-13 14:12:39 - [MESSAGE][PASSED] - Text 'Automate001 eligible 1' is set on object 'Object Repository/Final Object Repo/New Registration - Registration Module Pages/Form 2/Employee Name Input'

2018-12-13 14:12:39 - [TEST_STEP][PASSED] - delay: Delayed 2 second(s)

2018-12-13 14:12:41 - [MESSAGE][PASSED] - Delayed 2 second(s)

2018-12-13 14:12:41 - [TEST_STEP][PASSED] - click: Object: 'Object Repository/Final Object Repo/New Registration - Registration Module Pages/Form 2/DatePicker Pop Up' is clicked on

2018-12-13 14:12:41 - [MESSAGE][PASSED] - Object: 'Object Repository/Final Object Repo/New Registration - Registration Module Pages/Form 2/DatePicker Pop Up' is clicked on

2018-12-13 14:12:41 - [TEST_STEP][PASSED] - click: Object: 'Object Repository/Final Object Repo/New Registration - Registration Module Pages/Form 2/DOB Month' is clicked on

2018-12-13 14:12:41 - [MESSAGE][PASSED] - Object: 'Object Repository/Final Object Repo/New Registration - Registration Module Pages/Form 2/DOB Month' is clicked on

2018-12-13 14:12:41 - [TEST_STEP][PASSED] - Statement - CurrentMonth = CurrentMonth: null

2018-12-13 14:12:41 - [TEST_STEP][PASSED] - Statement - selectMonth = new com.kms.katalon.core.testobject.TestObject(): null

2018-12-13 14:12:41 - [TEST_STEP][PASSED] - Statement - selectMonth.addProperty("xpath", EQUALS, "//body/div/div/div/select/option[@value='" + CurrentMonth + "']", true): null

2018-12-13 14:12:41 - [TEST_STEP][PASSED] - click: Object: '' is clicked on

2018-12-13 14:12:42 - [MESSAGE][PASSED] - Object: '' is clicked on

2018-12-13 14:12:42 - [TEST_STEP][PASSED] - click: Object: 'Object Repository/Final Object Repo/New Registration - Registration Module Pages/Form 2/DOB Year' is clicked on

2018-12-13 14:12:42 - [MESSAGE][PASSED] - Object: 'Object Repository/Final Object Repo/New Registration - Registration Module Pages/Form 2/DOB Year' is clicked on

2018-12-13 14:12:42 - [TEST_STEP][PASSED] - Statement - Eyearsbf = EighteenYrsBefore: null

2018-12-13 14:12:42 - [TEST_STEP][PASSED] - Statement - selectYear = new com.kms.katalon.core.testobject.TestObject(): null

2018-12-13 14:12:42 - [TEST_STEP][PASSED] - Statement - selectYear.addProperty("xpath", EQUALS, "//div/div/div/select/option[@value='" + Eyearsbf + "']", true): null

2018-12-13 14:12:42 - [TEST_STEP][PASSED] - click: Object: '' is clicked on

2018-12-13 14:12:42 - [MESSAGE][PASSED] - Object: '' is clicked on

2018-12-13 14:12:42 - [TEST_STEP][PASSED] - Statement - UpdatedSelectDate = com.kms.katalon.core.webui.keyword.WebUiBuiltInKeywords.modifyObjectProperty(com.kms.katalon.core.testobject.ObjectRepository.findTestObject(Final Object Repo/New Registration - Registration Module Pages/Form 2/DOB Date), "xpath", "equals", "//body/div/table/tbody/tr/td/a[text()="" + CurrentDate + ""]", true): Modify property of object successfully

2018-12-13 14:12:42 - [MESSAGE][PASSED] - Modify property of object successfully

2018-12-13 14:12:42 - [TEST_STEP][PASSED] - delay: Delayed 3 second(s)

2018-12-13 14:12:45 - [MESSAGE][PASSED] - Delayed 3 second(s)

2018-12-13 14:12:45 - [TEST_STEP][PASSED] - click: Object: 'Object Repository/Final Object Repo/New Registration - Registration Module Pages/Form 2/DOB Date' is clicked on

2018-12-13 14:12:45 - [MESSAGE][PASSED] - Object: 'Object Repository/Final Object Repo/New Registration - Registration Module Pages/Form 2/DOB Date' is clicked on

2018-12-13 14:12:45 - [TEST_STEP][PASSED] - delay: Delayed 2 second(s)

2018-12-13 14:12:47 - [MESSAGE][PASSED] - Delayed 2 second(s)

2018-12-13 14:12:47 - [TEST_STEP][PASSED] - click: Object: 'Object Repository/Final Object Repo/New Registration - Registration Module Pages/Form 2/EmploymentStartDate Pop Up' is clicked on

2018-12-13 14:12:47 - [MESSAGE][PASSED] - Object: 'Object Repository/Final Object Repo/New Registration - Registration Module Pages/Form 2/EmploymentStartDate Pop Up' is clicked on

2018-12-13 14:12:47 - [TEST_STEP][PASSED] - delay: Delayed 2 second(s)

2018-12-13 14:12:49 - [MESSAGE][PASSED] - Delayed 2 second(s)

2018-12-13 14:12:49 - [TEST_STEP][PASSED] - click: Object: 'Object Repository/Final Object Repo/New Registration - Registration Module Pages/Form 2/Socso Employment StartDate Month' is clicked on

2018-12-13 14:12:49 - [MESSAGE][PASSED] - Object: 'Object Repository/Final Object Repo/New Registration - Registration Module Pages/Form 2/Socso Employment StartDate Month' is clicked on

2018-12-13 14:12:49 - [TEST_STEP][PASSED] - delay: Delayed 1 second(s)

2018-12-13 14:12:50 - [MESSAGE][PASSED] - Delayed 1 second(s)

2018-12-13 14:12:50 - [TEST_STEP][PASSED] - click: Object: 'Object Repository/Final Object Repo/New Registration - Registration Module Pages/Form 2/Select Socso Employement Startdate Month' is clicked on

2018-12-13 14:12:50 - [MESSAGE][PASSED] - Object: 'Object Repository/Final Object Repo/New Registration - Registration Module Pages/Form 2/Select Socso Employement Startdate Month' is clicked on

2018-12-13 14:12:50 - [TEST_STEP][PASSED] - delay: Delayed 2 second(s)

2018-12-13 14:12:52 - [MESSAGE][PASSED] - Delayed 2 second(s)

2018-12-13 14:12:52 - [TEST_STEP][PASSED] - click: Object: 'Object Repository/Final Object Repo/New Registration - Registration Module Pages/Form 2/Socso Employment StartDate Year' is clicked on

2018-12-13 14:12:53 - [MESSAGE][PASSED] - Object: 'Object Repository/Final Object Repo/New Registration - Registration Module Pages/Form 2/Socso Employment StartDate Year' is clicked on

2018-12-13 14:12:53 - [TEST_STEP][PASSED] - delay: Delayed 1 second(s)

2018-12-13 14:12:54 - [MESSAGE][PASSED] - Delayed 1 second(s)

2018-12-13 14:12:54 - [TEST_STEP][PASSED] - click: Object: 'Object Repository/Final Object Repo/New Registration - Registration Module Pages/Form 2/Select Socso Employment Startdate Year' is clicked on

2018-12-13 14:12:54 - [MESSAGE][PASSED] - Object: 'Object Repository/Final Object Repo/New Registration - Registration Module Pages/Form 2/Select Socso Employment Startdate Year' is clicked on

2018-12-13 14:12:54 - [TEST_STEP][PASSED] - delay: Delayed 2 second(s)

2018-12-13 14:12:56 - [MESSAGE][PASSED] - Delayed 2 second(s)

2018-12-13 14:12:56 - [TEST_STEP][PASSED] - click: Object: 'Object Repository/Final Object Repo/New Registration - Registration Module Pages/Form 2/Socso Employment Start Date Day' is clicked on

2018-12-13 14:12:56 - [MESSAGE][PASSED] - Object: 'Object Repository/Final Object Repo/New Registration - Registration Module Pages/Form 2/Socso Employment Start Date Day' is clicked on

2018-12-13 14:12:56 - [TEST_STEP][PASSED] - delay: Delayed 2 second(s)

2018-12-13 14:12:58 - [MESSAGE][PASSED] - Delayed 2 second(s)

2018-12-13 14:12:58 - [TEST_STEP][PASSED] - click: Object: 'Object Repository/Final Object Repo/New Registration - Registration Module Pages/Form 2/Save Button for Add Employee' is clicked on

2018-12-13 14:12:58 - [MESSAGE][PASSED] - Object: 'Object Repository/Final Object Repo/New Registration - Registration Module Pages/Form 2/Save Button for Add Employee' is clicked on

2018-12-13 14:12:58 - [TEST_STEP][PASSED] - delay: Delayed 6 second(s)

2018-12-13 14:13:04 - [MESSAGE][PASSED] - Delayed 6 second(s)

2018-12-13 14:13:04 - [TEST_STEP][PASSED] - click: Object: 'Object Repository/Final Object Repo/New Registration - Registration Module Pages/Form 2/Save and Continue Form 2' is clicked on

2018-12-13 14:13:04 - [MESSAGE][PASSED] - Object: 'Object Repository/Final Object Repo/New Registration - Registration Module Pages/Form 2/Save and Continue Form 2' is clicked on

2018-12-13 14:13:04 - [MESSAGE][PASSED] - Call Test Case 'Test Cases/Final Aug 2018 - PKS Automation/Registration Module/New Registration/Form 2/Add 1 Eligible - Employer Account Use' successfully

2018-12-13 14:13:04 - [TEST_STEP][PASSED] - callTestCase: Call Test Case 'Test Cases/Final Aug 2018 - PKS Automation/Registration Module/New Registration/Flow of New Registration/Third Screen - Upload Supporting Doc - Preview' successfully

2018-12-13 14:13:04 - [TEST_CASE][PASSED] - Test Cases/Final Aug 2018 - PKS Automation/Registration Module/New Registration/Flow of New Registration/Third Screen - Upload Supporting Doc - Preview: Test Cases/Final Aug 2018 - PKS Automation/Registration Module/New Registration/Flow of New Registration/Third Screen - Upload Supporting Doc - Preview

2018-12-13 14:13:04 - [TEST_STEP][PASSED] - waitForPageLoad: Wait for page load successfully

2018-12-13 14:13:05 - [MESSAGE][PASSED] - Wait for page load successfully

2018-12-13 14:13:05 - [TEST_STEP][PASSED] - Statement - CaseReferenceNo = com.kms.katalon.core.webui.keyword.WebUiBuiltInKeywords.getText(com.kms.katalon.core.testobject.ObjectRepository.findTestObject(Final Object Repo/New Registration - Registration Module Pages/Third Screen - Upload Supporting Doc- Preview/RefNo Acquiring)): Text of object 'Object Repository/Final Object Repo/New Registration - Registration Module Pages/Third Screen - Upload Supporting Doc- Preview/RefNo Acquiring' is: 'CRN12201800123280'

2018-12-13 14:13:05 - [MESSAGE][PASSED] - Text of object 'Object Repository/Final Object Repo/New Registration - Registration Module Pages/Third Screen - Upload Supporting Doc- Preview/RefNo Acquiring' is: 'CRN12201800123280'

2018-12-13 14:13:05 - [TEST_STEP][PASSED] - delay: Delayed 2 second(s)

2018-12-13 14:13:07 - [MESSAGE][PASSED] - Delayed 2 second(s)

2018-12-13 14:13:07 - [TEST_STEP][PASSED] - callTestCase: Call Test Case 'Test Cases/Final Aug 2018 - PKS Automation/Common/Reference Number Setter' successfully

2018-12-13 14:13:07 - [TEST_CASE][PASSED] - Test Cases/Final Aug 2018 - PKS Automation/Common/Reference Number Setter: Test Cases/Final Aug 2018 - PKS Automation/Common/Reference Number Setter

2018-12-13 14:13:07 - [TEST_STEP][PASSED] - Statement - RefNoOldFile = new java.io.File(C://Users//Admin//Desktop//PKS//Automation Reference Point//KatalonReference.txt): null

2018-12-13 14:13:07 - [TEST_STEP][PASSED] - Statement - RefNoOldFile.delete(): null

2018-12-13 14:13:07 - [TEST_STEP][PASSED] - delay: Delayed 5 second(s)

2018-12-13 14:13:12 - [MESSAGE][PASSED] - Delayed 5 second(s)

2018-12-13 14:13:12 - [TEST_STEP][PASSED] - Statement - RefNo = new java.io.File(C://Users//Admin//Desktop//PKS//Automation Reference Point//KatalonReference.txt): null

2018-12-13 14:13:12 - [TEST_STEP][PASSED] - Statement - f2 = new java.io.FileWriter(RefNo, false): null

2018-12-13 14:13:12 - [TEST_STEP][PASSED] - Statement - f2.write(CaseReferenceNo): null

2018-12-13 14:13:12 - [TEST_STEP][PASSED] - Statement - f2.close(): null

2018-12-13 14:13:12 - [TEST_STEP][PASSED] - Statement - out.println("


" + CaseReferenceNo + "


"): null

2018-12-13 14:13:12 - [MESSAGE][PASSED] - Call Test Case 'Test Cases/Final Aug 2018 - PKS Automation/Common/Reference Number Setter' successfully

2018-12-13 14:13:12 - [TEST_STEP][PASSED] - waitForElementClickable: Object 'Object Repository/Final Object Repo/New Registration - Registration Module Pages/Third Screen - Upload Supporting Doc- Preview/Save n Continue in SIP Employee Listing Page' is clickable

2018-12-13 14:13:12 - [MESSAGE][PASSED] - Object 'Object Repository/Final Object Repo/New Registration - Registration Module Pages/Third Screen - Upload Supporting Doc- Preview/Save n Continue in SIP Employee Listing Page' is clickable

2018-12-13 14:13:12 - [TEST_STEP][PASSED] - click: Object: 'Object Repository/Final Object Repo/New Registration - Registration Module Pages/Third Screen - Upload Supporting Doc- Preview/Save n Continue in SIP Employee Listing Page' is clicked on

2018-12-13 14:13:18 - [MESSAGE][PASSED] - Object: 'Object Repository/Final Object Repo/New Registration - Registration Module Pages/Third Screen - Upload Supporting Doc- Preview/Save n Continue in SIP Employee Listing Page' is clicked on

2018-12-13 14:13:18 - [TEST_STEP][PASSED] - delay: Delayed 7 second(s)

2018-12-13 14:13:25 - [MESSAGE][PASSED] - Delayed 7 second(s)

2018-12-13 14:13:25 - [TEST_STEP][PASSED] - click: Object: 'Object Repository/Final Object Repo/New Registration - Registration Module Pages/Third Screen - Upload Supporting Doc- Preview/Add Document Button' is clicked on

2018-12-13 14:13:25 - [MESSAGE][PASSED] - Object: 'Object Repository/Final Object Repo/New Registration - Registration Module Pages/Third Screen - Upload Supporting Doc- Preview/Add Document Button' is clicked on

2018-12-13 14:13:25 - [TEST_STEP][PASSED] - delay: Delayed 30 second(s)

2018-12-13 14:13:55 - [MESSAGE][PASSED] - Delayed 30 second(s)

2018-12-13 14:13:55 - [TEST_STEP][PASSED] - click: Object: 'Object Repository/Final Object Repo/New Registration - Registration Module Pages/Third Screen - Upload Supporting Doc- Preview/Supporting Doc Please Select Drop Down' is clicked on

2018-12-13 14:13:55 - [MESSAGE][PASSED] - Object: 'Object Repository/Final Object Repo/New Registration - Registration Module Pages/Third Screen - Upload Supporting Doc- Preview/Supporting Doc Please Select Drop Down' is clicked on

2018-12-13 14:13:55 - [TEST_STEP][PASSED] - delay: Delayed 2 second(s)

2018-12-13 14:13:57 - [MESSAGE][PASSED] - Delayed 2 second(s)

2018-12-13 14:13:57 - [TEST_STEP][PASSED] - click: Object: 'Object Repository/Final Object Repo/New Registration - Registration Module Pages/Third Screen - Upload Supporting Doc- Preview/Select to Upload Form 1' is clicked on

2018-12-13 14:13:58 - [MESSAGE][PASSED] - Object: 'Object Repository/Final Object Repo/New Registration - Registration Module Pages/Third Screen - Upload Supporting Doc- Preview/Select to Upload Form 1' is clicked on

2018-12-13 14:13:58 - [TEST_STEP][PASSED] - delay: Delayed 2 second(s)

2018-12-13 14:14:00 - [MESSAGE][PASSED] - Delayed 2 second(s)

2018-12-13 14:14:00 - [TEST_STEP][PASSED] - uploadFile: File 'C:\Users\Public\Pictures\Sample Pictures\Koala.jpg' sent to object: 'Object Repository/Final Object Repo/New Registration - Registration Module Pages/Third Screen - Upload Supporting Doc- Preview/Upload File Adding'

2018-12-13 14:14:00 - [MESSAGE][PASSED] - File 'C:\Users\Public\Pictures\Sample Pictures\Koala.jpg' sent to object: 'Object Repository/Final Object Repo/New Registration - Registration Module Pages/Third Screen - Upload Supporting Doc- Preview/Upload File Adding'

2018-12-13 14:14:00 - [TEST_STEP][PASSED] - delay: Delayed 5 second(s)

2018-12-13 14:14:05 - [MESSAGE][PASSED] - Delayed 5 second(s)

2018-12-13 14:14:05 - [TEST_STEP][PASSED] - click: Object: 'Object Repository/Final Object Repo/New Registration - Registration Module Pages/Third Screen - Upload Supporting Doc- Preview/Inner Form Add Document Button' is clicked on

2018-12-13 14:14:05 - [MESSAGE][PASSED] - Object: 'Object Repository/Final Object Repo/New Registration - Registration Module Pages/Third Screen - Upload Supporting Doc- Preview/Inner Form Add Document Button' is clicked on

2018-12-13 14:14:05 - [TEST_STEP][PASSED] - delay: Delayed 3 second(s)

2018-12-13 14:14:08 - [MESSAGE][PASSED] - Delayed 3 second(s)

2018-12-13 14:14:08 - [TEST_STEP][PASSED] - click: Object: 'Object Repository/Final Object Repo/New Registration - Registration Module Pages/Third Screen - Upload Supporting Doc- Preview/Add Document Button' is clicked on

2018-12-13 14:14:09 - [MESSAGE][PASSED] - Object: 'Object Repository/Final Object Repo/New Registration - Registration Module Pages/Third Screen - Upload Supporting Doc- Preview/Add Document Button' is clicked on

2018-12-13 14:14:09 - [TEST_STEP][PASSED] - delay: Delayed 30 second(s)

2018-12-13 14:14:39 - [MESSAGE][PASSED] - Delayed 30 second(s)

2018-12-13 14:14:39 - [TEST_STEP][PASSED] - click: Object: 'Object Repository/Final Object Repo/New Registration - Registration Module Pages/Third Screen - Upload Supporting Doc- Preview/Supporting Doc Please Select Drop Down' is clicked on

2018-12-13 14:14:40 - [MESSAGE][PASSED] - Object: 'Object Repository/Final Object Repo/New Registration - Registration Module Pages/Third Screen - Upload Supporting Doc- Preview/Supporting Doc Please Select Drop Down' is clicked on

2018-12-13 14:14:40 - [TEST_STEP][PASSED] - delay: Delayed 4 second(s)

2018-12-13 14:14:44 - [MESSAGE][PASSED] - Delayed 4 second(s)

2018-12-13 14:14:44 - [TEST_STEP][PASSED] - click: Object: 'Object Repository/Final Object Repo/New Registration - Registration Module Pages/Third Screen - Upload Supporting Doc- Preview/Select to Upload Form 2' is clicked on

2018-12-13 14:14:44 - [MESSAGE][PASSED] - Object: 'Object Repository/Final Object Repo/New Registration - Registration Module Pages/Third Screen - Upload Supporting Doc- Preview/Select to Upload Form 2' is clicked on

2018-12-13 14:14:44 - [TEST_STEP][PASSED] - delay: Delayed 2 second(s)

2018-12-13 14:14:46 - [MESSAGE][PASSED] - Delayed 2 second(s)

2018-12-13 14:14:46 - [TEST_STEP][PASSED] - uploadFile: File 'C:\Users\Public\Pictures\Sample Pictures\Koala.jpg' sent to object: 'Object Repository/Final Object Repo/New Registration - Registration Module Pages/Third Screen - Upload Supporting Doc- Preview/Upload File Adding'

2018-12-13 14:14:46 - [MESSAGE][PASSED] - File 'C:\Users\Public\Pictures\Sample Pictures\Koala.jpg' sent to object: 'Object Repository/Final Object Repo/New Registration - Registration Module Pages/Third Screen - Upload Supporting Doc- Preview/Upload File Adding'

2018-12-13 14:14:46 - [TEST_STEP][PASSED] - click: Object: 'Object Repository/Final Object Repo/New Registration - Registration Module Pages/Third Screen - Upload Supporting Doc- Preview/Inner Form Add Document Button' is clicked on

2018-12-13 14:14:46 - [MESSAGE][PASSED] - Object: 'Object Repository/Final Object Repo/New Registration - Registration Module Pages/Third Screen - Upload Supporting Doc- Preview/Inner Form Add Document Button' is clicked on

2018-12-13 14:14:46 - [TEST_STEP][PASSED] - delay: Delayed 5 second(s)

2018-12-13 14:14:51 - [MESSAGE][PASSED] - Delayed 5 second(s)

2018-12-13 14:14:51 - [TEST_STEP][PASSED] - click: Object: 'Object Repository/Final Object Repo/New Registration - Registration Module Pages/Third Screen - Upload Supporting Doc- Preview/Add Document Button' is clicked on

2018-12-13 14:14:51 - [MESSAGE][PASSED] - Object: 'Object Repository/Final Object Repo/New Registration - Registration Module Pages/Third Screen - Upload Supporting Doc- Preview/Add Document Button' is clicked on

2018-12-13 14:14:51 - [TEST_STEP][PASSED] - delay: Delayed 30 second(s)

2018-12-13 14:15:21 - [MESSAGE][PASSED] - Delayed 30 second(s)

2018-12-13 14:15:21 - [TEST_STEP][PASSED] - click: Object: 'Object Repository/Final Object Repo/New Registration - Registration Module Pages/Third Screen - Upload Supporting Doc- Preview/Supporting Doc Please Select Drop Down' is clicked on

2018-12-13 14:15:21 - [MESSAGE][PASSED] - Object: 'Object Repository/Final Object Repo/New Registration - Registration Module Pages/Third Screen - Upload Supporting Doc- Preview/Supporting Doc Please Select Drop Down' is clicked on

2018-12-13 14:15:21 - [TEST_STEP][PASSED] - click: Object: 'Object Repository/Final Object Repo/New Registration - Registration Module Pages/Third Screen - Upload Supporting Doc- Preview/Select to Upload Borang SIP 1' is clicked on

2018-12-13 14:15:22 - [MESSAGE][PASSED] - Object: 'Object Repository/Final Object Repo/New Registration - Registration Module Pages/Third Screen - Upload Supporting Doc- Preview/Select to Upload Borang SIP 1' is clicked on

2018-12-13 14:15:22 - [TEST_STEP][PASSED] - delay: Delayed 2 second(s)

2018-12-13 14:15:24 - [MESSAGE][PASSED] - Delayed 2 second(s)

2018-12-13 14:15:24 - [TEST_STEP][PASSED] - uploadFile: File 'C:\Users\Public\Pictures\Sample Pictures\Koala.jpg' sent to object: 'Object Repository/Final Object Repo/New Registration - Registration Module Pages/Third Screen - Upload Supporting Doc- Preview/Upload File Adding'

2018-12-13 14:15:24 - [MESSAGE][PASSED] - File 'C:\Users\Public\Pictures\Sample Pictures\Koala.jpg' sent to object: 'Object Repository/Final Object Repo/New Registration - Registration Module Pages/Third Screen - Upload Supporting Doc- Preview/Upload File Adding'

2018-12-13 14:15:24 - [TEST_STEP][PASSED] - click: Object: 'Object Repository/Final Object Repo/New Registration - Registration Module Pages/Third Screen - Upload Supporting Doc- Preview/Inner Form Add Document Button' is clicked on

2018-12-13 14:15:24 - [MESSAGE][PASSED] - Object: 'Object Repository/Final Object Repo/New Registration - Registration Module Pages/Third Screen - Upload Supporting Doc- Preview/Inner Form Add Document Button' is clicked on

2018-12-13 14:15:24 - [TEST_STEP][PASSED] - delay: Delayed 5 second(s)

2018-12-13 14:15:29 - [MESSAGE][PASSED] - Delayed 5 second(s)

2018-12-13 14:15:29 - [TEST_STEP][PASSED] - click: Object: 'Object Repository/Final Object Repo/New Registration - Registration Module Pages/Third Screen - Upload Supporting Doc- Preview/Add Document Button' is clicked on

2018-12-13 14:15:29 - [MESSAGE][PASSED] - Object: 'Object Repository/Final Object Repo/New Registration - Registration Module Pages/Third Screen - Upload Supporting Doc- Preview/Add Document Button' is clicked on

2018-12-13 14:15:29 - [TEST_STEP][PASSED] - delay: Delayed 30 second(s)

2018-12-13 14:15:59 - [MESSAGE][PASSED] - Delayed 30 second(s)

2018-12-13 14:15:59 - [TEST_STEP][PASSED] - click: Object: 'Object Repository/Final Object Repo/New Registration - Registration Module Pages/Third Screen - Upload Supporting Doc- Preview/Supporting Doc Please Select Drop Down' is clicked on

2018-12-13 14:15:59 - [MESSAGE][PASSED] - Object: 'Object Repository/Final Object Repo/New Registration - Registration Module Pages/Third Screen - Upload Supporting Doc- Preview/Supporting Doc Please Select Drop Down' is clicked on

2018-12-13 14:15:59 - [TEST_STEP][PASSED] - delay: Delayed 3 second(s)

2018-12-13 14:16:02 - [MESSAGE][PASSED] - Delayed 3 second(s)

2018-12-13 14:16:02 - [TEST_STEP][PASSED] - click: Object: 'Object Repository/Final Object Repo/New Registration - Registration Module Pages/Third Screen - Upload Supporting Doc- Preview/Select to Upload Borang SIP 2' is clicked on

2018-12-13 14:16:03 - [MESSAGE][PASSED] - Object: 'Object Repository/Final Object Repo/New Registration - Registration Module Pages/Third Screen - Upload Supporting Doc- Preview/Select to Upload Borang SIP 2' is clicked on

2018-12-13 14:16:03 - [TEST_STEP][PASSED] - delay: Delayed 2 second(s)

2018-12-13 14:16:05 - [MESSAGE][PASSED] - Delayed 2 second(s)

2018-12-13 14:16:05 - [TEST_STEP][PASSED] - uploadFile: File 'C:\Users\Public\Pictures\Sample Pictures\Koala.jpg' sent to object: 'Object Repository/Final Object Repo/New Registration - Registration Module Pages/Third Screen - Upload Supporting Doc- Preview/Upload File Adding'

2018-12-13 14:16:05 - [MESSAGE][PASSED] - File 'C:\Users\Public\Pictures\Sample Pictures\Koala.jpg' sent to object: 'Object Repository/Final Object Repo/New Registration - Registration Module Pages/Third Screen - Upload Supporting Doc- Preview/Upload File Adding'

2018-12-13 14:16:05 - [TEST_STEP][PASSED] - delay: Delayed 5 second(s)

2018-12-13 14:16:10 - [MESSAGE][PASSED] - Delayed 5 second(s)

2018-12-13 14:16:10 - [TEST_STEP][PASSED] - click: Object: 'Object Repository/Final Object Repo/New Registration - Registration Module Pages/Third Screen - Upload Supporting Doc- Preview/Inner Form Add Document Button' is clicked on

2018-12-13 14:16:10 - [MESSAGE][PASSED] - Object: 'Object Repository/Final Object Repo/New Registration - Registration Module Pages/Third Screen - Upload Supporting Doc- Preview/Inner Form Add Document Button' is clicked on

2018-12-13 14:16:10 - [TEST_STEP][PASSED] - delay: Delayed 3 second(s)

2018-12-13 14:16:13 - [MESSAGE][PASSED] - Delayed 3 second(s)

2018-12-13 14:16:13 - [TEST_STEP][PASSED] - waitForElementClickable: Object 'Object Repository/Final Object Repo/New Registration - Registration Module Pages/Third Screen - Upload Supporting Doc- Preview/Save n Continue in Uploading Supporting Doc Page' is clickable

2018-12-13 14:16:14 - [MESSAGE][PASSED] - Object 'Object Repository/Final Object Repo/New Registration - Registration Module Pages/Third Screen - Upload Supporting Doc- Preview/Save n Continue in Uploading Supporting Doc Page' is clickable

2018-12-13 14:16:14 - [TEST_STEP][PASSED] - click: Object: 'Object Repository/Final Object Repo/New Registration - Registration Module Pages/Third Screen - Upload Supporting Doc- Preview/Save n Continue in Uploading Supporting Doc Page' is clicked on

2018-12-13 14:16:14 - [MESSAGE][PASSED] - Object: 'Object Repository/Final Object Repo/New Registration - Registration Module Pages/Third Screen - Upload Supporting Doc- Preview/Save n Continue in Uploading Supporting Doc Page' is clicked on

2018-12-13 14:16:14 - [MESSAGE][PASSED] - Call Test Case 'Test Cases/Final Aug 2018 - PKS Automation/Registration Module/New Registration/Flow of New Registration/Third Screen - Upload Supporting Doc - Preview' successfully

2018-12-13 14:16:14 - [TEST_STEP][PASSED] - setText: Text 'Tester' is set on object 'Object Repository/Final Object Repo/New Registration - Registration Module Pages/New Reg - OTC to RO/Special Case - All Related Objects/Employer Preview Name'

2018-12-13 14:16:19 - [MESSAGE][PASSED] - Text 'Tester' is set on object 'Object Repository/Final Object Repo/New Registration - Registration Module Pages/New Reg - OTC to RO/Special Case - All Related Objects/Employer Preview Name'

2018-12-13 14:16:19 - [TEST_STEP][PASSED] - click: Object: 'Object Repository/Final Object Repo/New Registration - Registration Module Pages/New Reg - OTC to RO/Special Case - All Related Objects/IC Type Drop Down' is clicked on

2018-12-13 14:16:19 - [MESSAGE][PASSED] - Object: 'Object Repository/Final Object Repo/New Registration - Registration Module Pages/New Reg - OTC to RO/Special Case - All Related Objects/IC Type Drop Down' is clicked on

2018-12-13 14:16:19 - [TEST_STEP][PASSED] - click: Object: 'Object Repository/Final Object Repo/New Registration - Registration Module Pages/New Reg - OTC to RO/Special Case - All Related Objects/Select to NRIC' is clicked on

2018-12-13 14:16:20 - [MESSAGE][PASSED] - Object: 'Object Repository/Final Object Repo/New Registration - Registration Module Pages/New Reg - OTC to RO/Special Case - All Related Objects/Select to NRIC' is clicked on

2018-12-13 14:16:20 - [TEST_STEP][PASSED] - setText: Text '133245561223' is set on object 'Object Repository/Final Object Repo/New Registration - Registration Module Pages/New Reg - OTC to RO/Special Case - All Related Objects/IC Value'

2018-12-13 14:16:20 - [MESSAGE][PASSED] - Text '133245561223' is set on object 'Object Repository/Final Object Repo/New Registration - Registration Module Pages/New Reg - OTC to RO/Special Case - All Related Objects/IC Value'

2018-12-13 14:16:20 - [TEST_STEP][PASSED] - setText: Text 'Auto' is set on object 'Object Repository/Final Object Repo/New Registration - Registration Module Pages/New Reg - OTC to RO/Special Case - All Related Objects/Designation'

2018-12-13 14:16:20 - [MESSAGE][PASSED] - Text 'Auto' is set on object 'Object Repository/Final Object Repo/New Registration - Registration Module Pages/New Reg - OTC to RO/Special Case - All Related Objects/Designation'

2018-12-13 14:16:20 - [TEST_STEP][PASSED] - callTestCase: Call Test Case 'Test Cases/Final Aug 2018 - PKS Automation/Registration Module/New Registration/Submit and Screenshot/Submit Registration and Screenshot' successfully

2018-12-13 14:16:20 - [TEST_CASE][PASSED] - Test Cases/Final Aug 2018 - PKS Automation/Registration Module/New Registration/Submit and Screenshot/Submit Registration and Screenshot: Test Cases/Final Aug 2018 - PKS Automation/Registration Module/New Registration/Submit and Screenshot/Submit Registration and Screenshot

2018-12-13 14:16:20 - [TEST_STEP][PASSED] - delay: Delayed 6 second(s)

2018-12-13 14:16:26 - [MESSAGE][PASSED] - Delayed 6 second(s)

2018-12-13 14:16:26 - [TEST_STEP][PASSED] - click: Object: 'Object Repository/Final Object Repo/New Registration - Registration Module Pages/Third Screen - Upload Supporting Doc- Preview/Preview Submit Button' is clicked on

2018-12-13 14:16:26 - [MESSAGE][PASSED] - Object: 'Object Repository/Final Object Repo/New Registration - Registration Module Pages/Third Screen - Upload Supporting Doc- Preview/Preview Submit Button' is clicked on

2018-12-13 14:16:26 - [TEST_STEP][PASSED] - delay: Delayed 2 second(s)

2018-12-13 14:16:28 - [MESSAGE][PASSED] - Delayed 2 second(s)

2018-12-13 14:16:28 - [TEST_STEP][PASSED] - click: Object: 'Object Repository/Final Object Repo/New Registration - Registration Module Pages/Third Screen - Upload Supporting Doc- Preview/Preview Submit - Confirm' is clicked on

2018-12-13 14:16:28 - [MESSAGE][PASSED] - Object: 'Object Repository/Final Object Repo/New Registration - Registration Module Pages/Third Screen - Upload Supporting Doc- Preview/Preview Submit - Confirm' is clicked on

2018-12-13 14:16:28 - [TEST_STEP][PASSED] - delay: Delayed 15 second(s)

2018-12-13 14:16:43 - [MESSAGE][PASSED] - Delayed 15 second(s)

2018-12-13 14:16:43 - [TEST_STEP][PASSED] - Statement - driver = com.kms.katalon.core.webui.driver.DriverFactory.getWebDriver(): null

2018-12-13 14:16:43 - [TEST_STEP][PASSED] - Statement - driver.manage().timeouts().implicitlyWait(10, SECONDS): null

2018-12-13 14:16:43 - [TEST_STEP][PASSED] - Statement - PresavePath = KatalonScreenshots: null

2018-12-13 14:16:43 - [TEST_STEP][PASSED] - Statement - pathPrefix = "C:\Users\Public\Pictures\Sample Pictures\Katalon Screenshots\Automate Ending Screen": null

2018-12-13 14:16:43 - [TEST_STEP][PASSED] - Statement - finalPath = <not implemented yet for class: org.codehaus.groovy.ast.expr.EmptyExpression>: null

2018-12-13 14:16:43 - [TEST_STEP][PASSED] - Statement - scrFile = driver.getScreenshotAs(FILE): null

2018-12-13 14:16:44 - [TEST_STEP][PASSED] - Statement - PreSaveFile = new java.io.File(PresavePath): null

2018-12-13 14:16:44 - [TEST_STEP][PASSED] - Statement - counter = 0: null

2018-12-13 14:16:44 - [TEST_STEP][PASSED] - Statement - If (PreSaveFile.exists()): null

2018-12-13 14:16:44 - [TEST_STEP][PASSED] - Statement - While (PreSaveFile.exists()): null

2018-12-13 14:16:44 - [TEST_STEP][PASSED] - Statement - counter = counter + 1: null

2018-12-13 14:16:44 - [TEST_STEP][PASSED] - Statement - PreSaveFile = new java.io.File(((pathPrefix + java.lang.Integer.toString(counter)) + .png)): null

2018-12-13 14:16:44 - [TEST_STEP][PASSED] - Statement - counter = counter + 1: null

2018-12-13 14:16:44 - [TEST_STEP][PASSED] - Statement - PreSaveFile = new java.io.File(((pathPrefix + java.lang.Integer.toString(counter)) + .png)): null

2018-12-13 14:16:44 - [TEST_STEP][PASSED] - Statement - counter = counter + 1: null

2018-12-13 14:16:44 - [TEST_STEP][PASSED] - Statement - PreSaveFile = new java.io.File(((pathPrefix + java.lang.Integer.toString(counter)) + .png)): null

2018-12-13 14:16:44 - [TEST_STEP][PASSED] - Statement - counter = counter + 1: null

2018-12-13 14:16:44 - [TEST_STEP][PASSED] - Statement - PreSaveFile = new java.io.File(((pathPrefix + java.lang.Integer.toString(counter)) + .png)): null

2018-12-13 14:16:44 - [TEST_STEP][PASSED] - Statement - counter = counter + 1: null

2018-12-13 14:16:44 - [TEST_STEP][PASSED] - Statement - PreSaveFile = new java.io.File(((pathPrefix + java.lang.Integer.toString(counter)) + .png)): null

2018-12-13 14:16:44 - [TEST_STEP][PASSED] - Statement - counter = counter + 1: null

2018-12-13 14:16:44 - [TEST_STEP][PASSED] - Statement - PreSaveFile = new java.io.File(((pathPrefix + java.lang.Integer.toString(counter)) + .png)): null

2018-12-13 14:16:44 - [TEST_STEP][PASSED] - Statement - counter = counter + 1: null

2018-12-13 14:16:44 - [TEST_STEP][PASSED] - Statement - PreSaveFile = new java.io.File(((pathPrefix + java.lang.Integer.toString(counter)) + .png)): null

2018-12-13 14:16:44 - [TEST_STEP][PASSED] - Statement - counter = counter + 1: null

2018-12-13 14:16:44 - [TEST_STEP][PASSED] - Statement - PreSaveFile = new java.io.File(((pathPrefix + java.lang.Integer.toString(counter)) + .png)): null

2018-12-13 14:16:44 - [TEST_STEP][PASSED] - Statement - counter = counter + 1: null

2018-12-13 14:16:44 - [TEST_STEP][PASSED] - Statement - PreSaveFile = new java.io.File(((pathPrefix + java.lang.Integer.toString(counter)) + .png)): null

2018-12-13 14:16:44 - [TEST_STEP][PASSED] - Statement - counter = counter + 1: null

2018-12-13 14:16:44 - [TEST_STEP][PASSED] - Statement - PreSaveFile = new java.io.File(((pathPrefix + java.lang.Integer.toString(counter)) + .png)): null

2018-12-13 14:16:44 - [TEST_STEP][PASSED] - Statement - counter = counter + 1: null

2018-12-13 14:16:44 - [TEST_STEP][PASSED] - Statement - PreSaveFile = new java.io.File(((pathPrefix + java.lang.Integer.toString(counter)) + .png)): null

2018-12-13 14:16:44 - [TEST_STEP][PASSED] - Statement - counter = counter + 1: null

2018-12-13 14:16:44 - [TEST_STEP][PASSED] - Statement - PreSaveFile = new java.io.File(((pathPrefix + java.lang.Integer.toString(counter)) + .png)): null

2018-12-13 14:16:44 - [TEST_STEP][PASSED] - Statement - counter = counter + 1: null

2018-12-13 14:16:44 - [TEST_STEP][PASSED] - Statement - PreSaveFile = new java.io.File(((pathPrefix + java.lang.Integer.toString(counter)) + .png)): null

2018-12-13 14:16:44 - [TEST_STEP][PASSED] - Statement - counter = counter + 1: null

2018-12-13 14:16:44 - [TEST_STEP][PASSED] - Statement - PreSaveFile = new java.io.File(((pathPrefix + java.lang.Integer.toString(counter)) + .png)): null

2018-12-13 14:16:44 - [TEST_STEP][PASSED] - Statement - counter = counter + 1: null

2018-12-13 14:16:44 - [TEST_STEP][PASSED] - Statement - PreSaveFile = new java.io.File(((pathPrefix + java.lang.Integer.toString(counter)) + .png)): null

2018-12-13 14:16:44 - [TEST_STEP][PASSED] - Statement - counter = counter + 1: null

2018-12-13 14:16:44 - [TEST_STEP][PASSED] - Statement - PreSaveFile = new java.io.File(((pathPrefix + java.lang.Integer.toString(counter)) + .png)): null

2018-12-13 14:16:44 - [TEST_STEP][PASSED] - Statement - counter = counter + 1: null

2018-12-13 14:16:44 - [TEST_STEP][PASSED] - Statement - PreSaveFile = new java.io.File(((pathPrefix + java.lang.Integer.toString(counter)) + .png)): null

2018-12-13 14:16:44 - [TEST_STEP][PASSED] - Statement - counter = counter + 1: null

2018-12-13 14:16:44 - [TEST_STEP][PASSED] - Statement - PreSaveFile = new java.io.File(((pathPrefix + java.lang.Integer.toString(counter)) + .png)): null

2018-12-13 14:16:44 - [TEST_STEP][PASSED] - Statement - counter = counter + 1: null

2018-12-13 14:16:44 - [TEST_STEP][PASSED] - Statement - PreSaveFile = new java.io.File(((pathPrefix + java.lang.Integer.toString(counter)) + .png)): null

2018-12-13 14:16:44 - [TEST_STEP][PASSED] - Statement - counter = counter + 1: null

2018-12-13 14:16:44 - [TEST_STEP][PASSED] - Statement - PreSaveFile = new java.io.File(((pathPrefix + java.lang.Integer.toString(counter)) + .png)): null

2018-12-13 14:16:44 - [TEST_STEP][PASSED] - Statement - counter = counter + 1: null

2018-12-13 14:16:44 - [TEST_STEP][PASSED] - Statement - PreSaveFile = new java.io.File(((pathPrefix + java.lang.Integer.toString(counter)) + .png)): null

2018-12-13 14:16:44 - [TEST_STEP][PASSED] - Statement - counter = counter + 1: null

2018-12-13 14:16:44 - [TEST_STEP][PASSED] - Statement - PreSaveFile = new java.io.File(((pathPrefix + java.lang.Integer.toString(counter)) + .png)): null

2018-12-13 14:16:44 - [TEST_STEP][PASSED] - Statement - counter = counter + 1: null

2018-12-13 14:16:44 - [TEST_STEP][PASSED] - Statement - PreSaveFile = new java.io.File(((pathPrefix + java.lang.Integer.toString(counter)) + .png)): null

2018-12-13 14:16:44 - [TEST_STEP][PASSED] - Statement - counter = counter + 1: null

2018-12-13 14:16:44 - [TEST_STEP][PASSED] - Statement - PreSaveFile = new java.io.File(((pathPrefix + java.lang.Integer.toString(counter)) + .png)): null

2018-12-13 14:16:44 - [TEST_STEP][PASSED] - Statement - counter = counter + 1: null

2018-12-13 14:16:44 - [TEST_STEP][PASSED] - Statement - PreSaveFile = new java.io.File(((pathPrefix + java.lang.Integer.toString(counter)) + .png)): null

2018-12-13 14:16:44 - [TEST_STEP][PASSED] - Statement - counter = counter + 1: null

2018-12-13 14:16:44 - [TEST_STEP][PASSED] - Statement - PreSaveFile = new java.io.File(((pathPrefix + java.lang.Integer.toString(counter)) + .png)): null

2018-12-13 14:16:44 - [TEST_STEP][PASSED] - Statement - counter = counter + 1: null

2018-12-13 14:16:44 - [TEST_STEP][PASSED] - Statement - PreSaveFile = new java.io.File(((pathPrefix + java.lang.Integer.toString(counter)) + .png)): null

2018-12-13 14:16:44 - [TEST_STEP][PASSED] - Statement - counter = counter + 1: null

2018-12-13 14:16:44 - [TEST_STEP][PASSED] - Statement - PreSaveFile = new java.io.File(((pathPrefix + java.lang.Integer.toString(counter)) + .png)): null

2018-12-13 14:16:44 - [TEST_STEP][PASSED] - Statement - counter = counter + 1: null

2018-12-13 14:16:44 - [TEST_STEP][PASSED] - Statement - PreSaveFile = new java.io.File(((pathPrefix + java.lang.Integer.toString(counter)) + .png)): null

2018-12-13 14:16:44 - [TEST_STEP][PASSED] - Statement - counter = counter + 1: null

2018-12-13 14:16:44 - [TEST_STEP][PASSED] - Statement - PreSaveFile = new java.io.File(((pathPrefix + java.lang.Integer.toString(counter)) + .png)): null

2018-12-13 14:16:44 - [TEST_STEP][PASSED] - Statement - counter = counter + 1: null

2018-12-13 14:16:44 - [TEST_STEP][PASSED] - Statement - PreSaveFile = new java.io.File(((pathPrefix + java.lang.Integer.toString(counter)) + .png)): null

2018-12-13 14:16:44 - [TEST_STEP][PASSED] - Statement - counter = counter + 1: null

2018-12-13 14:16:44 - [TEST_STEP][PASSED] - Statement - PreSaveFile = new java.io.File(((pathPrefix + java.lang.Integer.toString(counter)) + .png)): null

2018-12-13 14:16:44 - [TEST_STEP][PASSED] - Statement - counter = counter + 1: null

2018-12-13 14:16:44 - [TEST_STEP][PASSED] - Statement - PreSaveFile = new java.io.File(((pathPrefix + java.lang.Integer.toString(counter)) + .png)): null

2018-12-13 14:16:44 - [TEST_STEP][PASSED] - Statement - counter = counter + 1: null

2018-12-13 14:16:44 - [TEST_STEP][PASSED] - Statement - PreSaveFile = new java.io.File(((pathPrefix + java.lang.Integer.toString(counter)) + .png)): null

2018-12-13 14:16:44 - [TEST_STEP][PASSED] - Statement - counter = counter + 1: null

2018-12-13 14:16:44 - [TEST_STEP][PASSED] - Statement - PreSaveFile = new java.io.File(((pathPrefix + java.lang.Integer.toString(counter)) + .png)): null

2018-12-13 14:16:44 - [TEST_STEP][PASSED] - Statement - counter = counter + 1: null

2018-12-13 14:16:44 - [TEST_STEP][PASSED] - Statement - PreSaveFile = new java.io.File(((pathPrefix + java.lang.Integer.toString(counter)) + .png)): null

2018-12-13 14:16:44 - [TEST_STEP][PASSED] - Statement - counter = counter + 1: null

2018-12-13 14:16:44 - [TEST_STEP][PASSED] - Statement - PreSaveFile = new java.io.File(((pathPrefix + java.lang.Integer.toString(counter)) + .png)): null

2018-12-13 14:16:44 - [TEST_STEP][PASSED] - Statement - counter = counter + 1: null

2018-12-13 14:16:44 - [TEST_STEP][PASSED] - Statement - PreSaveFile = new java.io.File(((pathPrefix + java.lang.Integer.toString(counter)) + .png)): null

2018-12-13 14:16:44 - [TEST_STEP][PASSED] - Statement - counter = counter + 1: null

2018-12-13 14:16:44 - [TEST_STEP][PASSED] - Statement - PreSaveFile = new java.io.File(((pathPrefix + java.lang.Integer.toString(counter)) + .png)): null

2018-12-13 14:16:44 - [TEST_STEP][PASSED] - Statement - counter = counter + 1: null

2018-12-13 14:16:44 - [TEST_STEP][PASSED] - Statement - PreSaveFile = new java.io.File(((pathPrefix + java.lang.Integer.toString(counter)) + .png)): null

2018-12-13 14:16:44 - [TEST_STEP][PASSED] - Statement - counter = counter + 1: null

2018-12-13 14:16:44 - [TEST_STEP][PASSED] - Statement - PreSaveFile = new java.io.File(((pathPrefix + java.lang.Integer.toString(counter)) + .png)): null

2018-12-13 14:16:44 - [TEST_STEP][PASSED] - Statement - counter = counter + 1: null

2018-12-13 14:16:44 - [TEST_STEP][PASSED] - Statement - PreSaveFile = new java.io.File(((pathPrefix + java.lang.Integer.toString(counter)) + .png)): null

2018-12-13 14:16:44 - [TEST_STEP][PASSED] - Statement - counter = counter + 1: null

2018-12-13 14:16:44 - [TEST_STEP][PASSED] - Statement - PreSaveFile = new java.io.File(((pathPrefix + java.lang.Integer.toString(counter)) + .png)): null

2018-12-13 14:16:44 - [TEST_STEP][PASSED] - Statement - counter = counter + 1: null

2018-12-13 14:16:44 - [TEST_STEP][PASSED] - Statement - PreSaveFile = new java.io.File(((pathPrefix + java.lang.Integer.toString(counter)) + .png)): null

2018-12-13 14:16:44 - [TEST_STEP][PASSED] - Statement - counter = counter + 1: null

2018-12-13 14:16:44 - [TEST_STEP][PASSED] - Statement - PreSaveFile = new java.io.File(((pathPrefix + java.lang.Integer.toString(counter)) + .png)): null

2018-12-13 14:16:44 - [TEST_STEP][PASSED] - Statement - counter = counter + 1: null

2018-12-13 14:16:44 - [TEST_STEP][PASSED] - Statement - PreSaveFile = new java.io.File(((pathPrefix + java.lang.Integer.toString(counter)) + .png)): null

2018-12-13 14:16:44 - [TEST_STEP][PASSED] - Statement - counter = counter + 1: null

2018-12-13 14:16:44 - [TEST_STEP][PASSED] - Statement - PreSaveFile = new java.io.File(((pathPrefix + java.lang.Integer.toString(counter)) + .png)): null

2018-12-13 14:16:44 - [TEST_STEP][PASSED] - Statement - counter = counter + 1: null

2018-12-13 14:16:44 - [TEST_STEP][PASSED] - Statement - PreSaveFile = new java.io.File(((pathPrefix + java.lang.Integer.toString(counter)) + .png)): null

2018-12-13 14:16:44 - [TEST_STEP][PASSED] - Statement - counter = counter + 1: null

2018-12-13 14:16:44 - [TEST_STEP][PASSED] - Statement - PreSaveFile = new java.io.File(((pathPrefix + java.lang.Integer.toString(counter)) + .png)): null

2018-12-13 14:16:44 - [TEST_STEP][PASSED] - Statement - counter = counter + 1: null

2018-12-13 14:16:44 - [TEST_STEP][PASSED] - Statement - PreSaveFile = new java.io.File(((pathPrefix + java.lang.Integer.toString(counter)) + .png)): null

2018-12-13 14:16:44 - [TEST_STEP][PASSED] - Statement - counter = counter + 1: null

2018-12-13 14:16:44 - [TEST_STEP][PASSED] - Statement - PreSaveFile = new java.io.File(((pathPrefix + java.lang.Integer.toString(counter)) + .png)): null

2018-12-13 14:16:44 - [TEST_STEP][PASSED] - Statement - counter = counter + 1: null

2018-12-13 14:16:44 - [TEST_STEP][PASSED] - Statement - PreSaveFile = new java.io.File(((pathPrefix + java.lang.Integer.toString(counter)) + .png)): null

2018-12-13 14:16:44 - [TEST_STEP][PASSED] - Statement - counter = counter + 1: null

2018-12-13 14:16:44 - [TEST_STEP][PASSED] - Statement - PreSaveFile = new java.io.File(((pathPrefix + java.lang.Integer.toString(counter)) + .png)): null

2018-12-13 14:16:44 - [TEST_STEP][PASSED] - Statement - counter = counter + 1: null

2018-12-13 14:16:44 - [TEST_STEP][PASSED] - Statement - PreSaveFile = new java.io.File(((pathPrefix + java.lang.Integer.toString(counter)) + .png)): null

2018-12-13 14:16:44 - [TEST_STEP][PASSED] - Statement - counter = counter + 1: null

2018-12-13 14:16:44 - [TEST_STEP][PASSED] - Statement - PreSaveFile = new java.io.File(((pathPrefix + java.lang.Integer.toString(counter)) + .png)): null

2018-12-13 14:16:44 - [TEST_STEP][PASSED] - Statement - counter = counter + 1: null

2018-12-13 14:16:44 - [TEST_STEP][PASSED] - Statement - PreSaveFile = new java.io.File(((pathPrefix + java.lang.Integer.toString(counter)) + .png)): null

2018-12-13 14:16:44 - [TEST_STEP][PASSED] - Statement - counter = counter + 1: null

2018-12-13 14:16:44 - [TEST_STEP][PASSED] - Statement - PreSaveFile = new java.io.File(((pathPrefix + java.lang.Integer.toString(counter)) + .png)): null

2018-12-13 14:16:44 - [TEST_STEP][PASSED] - Statement - counter = counter + 1: null

2018-12-13 14:16:44 - [TEST_STEP][PASSED] - Statement - PreSaveFile = new java.io.File(((pathPrefix + java.lang.Integer.toString(counter)) + .png)): null

2018-12-13 14:16:44 - [TEST_STEP][PASSED] - Statement - counter = counter + 1: null

2018-12-13 14:16:44 - [TEST_STEP][PASSED] - Statement - PreSaveFile = new java.io.File(((pathPrefix + java.lang.Integer.toString(counter)) + .png)): null

2018-12-13 14:16:44 - [TEST_STEP][PASSED] - Statement - counter = counter + 1: null

2018-12-13 14:16:44 - [TEST_STEP][PASSED] - Statement - PreSaveFile = new java.io.File(((pathPrefix + java.lang.Integer.toString(counter)) + .png)): null

2018-12-13 14:16:44 - [TEST_STEP][PASSED] - Statement - counter = counter + 1: null

2018-12-13 14:16:44 - [TEST_STEP][PASSED] - Statement - PreSaveFile = new java.io.File(((pathPrefix + java.lang.Integer.toString(counter)) + .png)): null

2018-12-13 14:16:44 - [TEST_STEP][PASSED] - Statement - counter = counter + 1: null

2018-12-13 14:16:44 - [TEST_STEP][PASSED] - Statement - PreSaveFile = new java.io.File(((pathPrefix + java.lang.Integer.toString(counter)) + .png)): null

2018-12-13 14:16:44 - [TEST_STEP][PASSED] - Statement - counter = counter + 1: null

2018-12-13 14:16:44 - [TEST_STEP][PASSED] - Statement - PreSaveFile = new java.io.File(((pathPrefix + java.lang.Integer.toString(counter)) + .png)): null

2018-12-13 14:16:44 - [TEST_STEP][PASSED] - Statement - counter = counter + 1: null

2018-12-13 14:16:44 - [TEST_STEP][PASSED] - Statement - PreSaveFile = new java.io.File(((pathPrefix + java.lang.Integer.toString(counter)) + .png)): null

2018-12-13 14:16:44 - [TEST_STEP][PASSED] - Statement - counter = counter + 1: null

2018-12-13 14:16:44 - [TEST_STEP][PASSED] - Statement - PreSaveFile = new java.io.File(((pathPrefix + java.lang.Integer.toString(counter)) + .png)): null

2018-12-13 14:16:44 - [TEST_STEP][PASSED] - Statement - counter = counter + 1: null

2018-12-13 14:16:44 - [TEST_STEP][PASSED] - Statement - PreSaveFile = new java.io.File(((pathPrefix + java.lang.Integer.toString(counter)) + .png)): null

2018-12-13 14:16:44 - [TEST_STEP][PASSED] - Statement - counter = counter + 1: null

2018-12-13 14:16:44 - [TEST_STEP][PASSED] - Statement - PreSaveFile = new java.io.File(((pathPrefix + java.lang.Integer.toString(counter)) + .png)): null

2018-12-13 14:16:44 - [TEST_STEP][PASSED] - Statement - counter = counter + 1: null

2018-12-13 14:16:44 - [TEST_STEP][PASSED] - Statement - PreSaveFile = new java.io.File(((pathPrefix + java.lang.Integer.toString(counter)) + .png)): null

2018-12-13 14:16:44 - [TEST_STEP][PASSED] - Statement - counter = counter + 1: null

2018-12-13 14:16:44 - [TEST_STEP][PASSED] - Statement - PreSaveFile = new java.io.File(((pathPrefix + java.lang.Integer.toString(counter)) + .png)): null

2018-12-13 14:16:44 - [TEST_STEP][PASSED] - Statement - counter = counter + 1: null

2018-12-13 14:16:44 - [TEST_STEP][PASSED] - Statement - PreSaveFile = new java.io.File(((pathPrefix + java.lang.Integer.toString(counter)) + .png)): null

2018-12-13 14:16:44 - [TEST_STEP][PASSED] - Statement - counter = counter + 1: null

2018-12-13 14:16:44 - [TEST_STEP][PASSED] - Statement - PreSaveFile = new java.io.File(((pathPrefix + java.lang.Integer.toString(counter)) + .png)): null

2018-12-13 14:16:44 - [TEST_STEP][PASSED] - Statement - counter = counter + 1: null

2018-12-13 14:16:44 - [TEST_STEP][PASSED] - Statement - PreSaveFile = new java.io.File(((pathPrefix + java.lang.Integer.toString(counter)) + .png)): null

2018-12-13 14:16:44 - [TEST_STEP][PASSED] - Statement - counter = counter + 1: null

2018-12-13 14:16:44 - [TEST_STEP][PASSED] - Statement - PreSaveFile = new java.io.File(((pathPrefix + java.lang.Integer.toString(counter)) + .png)): null

2018-12-13 14:16:44 - [TEST_STEP][PASSED] - Statement - counter = counter + 1: null

2018-12-13 14:16:44 - [TEST_STEP][PASSED] - Statement - PreSaveFile = new java.io.File(((pathPrefix + java.lang.Integer.toString(counter)) + .png)): null

2018-12-13 14:16:44 - [TEST_STEP][PASSED] - Statement - counter = counter + 1: null

2018-12-13 14:16:44 - [TEST_STEP][PASSED] - Statement - PreSaveFile = new java.io.File(((pathPrefix + java.lang.Integer.toString(counter)) + .png)): null

2018-12-13 14:16:44 - [TEST_STEP][PASSED] - Statement - counter = counter + 1: null

2018-12-13 14:16:44 - [TEST_STEP][PASSED] - Statement - PreSaveFile = new java.io.File(((pathPrefix + java.lang.Integer.toString(counter)) + .png)): null

2018-12-13 14:16:44 - [TEST_STEP][PASSED] - Statement - counter = counter + 1: null

2018-12-13 14:16:44 - [TEST_STEP][PASSED] - Statement - PreSaveFile = new java.io.File(((pathPrefix + java.lang.Integer.toString(counter)) + .png)): null

2018-12-13 14:16:44 - [TEST_STEP][PASSED] - Statement - counter = counter + 1: null

2018-12-13 14:16:44 - [TEST_STEP][PASSED] - Statement - PreSaveFile = new java.io.File(((pathPrefix + java.lang.Integer.toString(counter)) + .png)): null

2018-12-13 14:16:44 - [TEST_STEP][PASSED] - Statement - counter = counter + 1: null

2018-12-13 14:16:44 - [TEST_STEP][PASSED] - Statement - PreSaveFile = new java.io.File(((pathPrefix + java.lang.Integer.toString(counter)) + .png)): null

2018-12-13 14:16:44 - [TEST_STEP][PASSED] - Statement - counter = counter + 1: null

2018-12-13 14:16:44 - [TEST_STEP][PASSED] - Statement - PreSaveFile = new java.io.File(((pathPrefix + java.lang.Integer.toString(counter)) + .png)): null

2018-12-13 14:16:44 - [TEST_STEP][PASSED] - Statement - counter = counter + 1: null

2018-12-13 14:16:44 - [TEST_STEP][PASSED] - Statement - PreSaveFile = new java.io.File(((pathPrefix + java.lang.Integer.toString(counter)) + .png)): null

2018-12-13 14:16:44 - [TEST_STEP][PASSED] - Statement - counter = counter + 1: null

2018-12-13 14:16:44 - [TEST_STEP][PASSED] - Statement - PreSaveFile = new java.io.File(((pathPrefix + java.lang.Integer.toString(counter)) + .png)): null

2018-12-13 14:16:44 - [TEST_STEP][PASSED] - Statement - counter = counter + 1: null

2018-12-13 14:16:44 - [TEST_STEP][PASSED] - Statement - PreSaveFile = new java.io.File(((pathPrefix + java.lang.Integer.toString(counter)) + .png)): null

2018-12-13 14:16:44 - [TEST_STEP][PASSED] - Statement - counter = counter + 1: null

2018-12-13 14:16:44 - [TEST_STEP][PASSED] - Statement - PreSaveFile = new java.io.File(((pathPrefix + java.lang.Integer.toString(counter)) + .png)): null

2018-12-13 14:16:44 - [TEST_STEP][PASSED] - Statement - counter = counter + 1: null

2018-12-13 14:16:44 - [TEST_STEP][PASSED] - Statement - PreSaveFile = new java.io.File(((pathPrefix + java.lang.Integer.toString(counter)) + .png)): null

2018-12-13 14:16:44 - [TEST_STEP][PASSED] - Statement - counter = counter + 1: null

2018-12-13 14:16:44 - [TEST_STEP][PASSED] - Statement - PreSaveFile = new java.io.File(((pathPrefix + java.lang.Integer.toString(counter)) + .png)): null

2018-12-13 14:16:44 - [TEST_STEP][PASSED] - Statement - counter = counter + 1: null

2018-12-13 14:16:44 - [TEST_STEP][PASSED] - Statement - PreSaveFile = new java.io.File(((pathPrefix + java.lang.Integer.toString(counter)) + .png)): null

2018-12-13 14:16:44 - [TEST_STEP][PASSED] - Statement - counter = counter + 1: null

2018-12-13 14:16:44 - [TEST_STEP][PASSED] - Statement - PreSaveFile = new java.io.File(((pathPrefix + java.lang.Integer.toString(counter)) + .png)): null

2018-12-13 14:16:44 - [TEST_STEP][PASSED] - Statement - counter = counter + 1: null

2018-12-13 14:16:44 - [TEST_STEP][PASSED] - Statement - PreSaveFile = new java.io.File(((pathPrefix + java.lang.Integer.toString(counter)) + .png)): null

2018-12-13 14:16:44 - [TEST_STEP][PASSED] - Statement - counter = counter + 1: null

2018-12-13 14:16:44 - [TEST_STEP][PASSED] - Statement - PreSaveFile = new java.io.File(((pathPrefix + java.lang.Integer.toString(counter)) + .png)): null

2018-12-13 14:16:44 - [TEST_STEP][PASSED] - Statement - counter = counter + 1: null

2018-12-13 14:16:44 - [TEST_STEP][PASSED] - Statement - PreSaveFile = new java.io.File(((pathPrefix + java.lang.Integer.toString(counter)) + .png)): null

2018-12-13 14:16:44 - [TEST_STEP][PASSED] - Statement - counter = counter + 1: null

2018-12-13 14:16:44 - [TEST_STEP][PASSED] - Statement - PreSaveFile = new java.io.File(((pathPrefix + java.lang.Integer.toString(counter)) + .png)): null

2018-12-13 14:16:44 - [TEST_STEP][PASSED] - Statement - counter = counter + 1: null

2018-12-13 14:16:44 - [TEST_STEP][PASSED] - Statement - PreSaveFile = new java.io.File(((pathPrefix + java.lang.Integer.toString(counter)) + .png)): null

2018-12-13 14:16:44 - [TEST_STEP][PASSED] - Statement - counter = counter + 1: null

2018-12-13 14:16:44 - [TEST_STEP][PASSED] - Statement - PreSaveFile = new java.io.File(((pathPrefix + java.lang.Integer.toString(counter)) + .png)): null

2018-12-13 14:16:44 - [TEST_STEP][PASSED] - Statement - counter = counter + 1: null

2018-12-13 14:16:44 - [TEST_STEP][PASSED] - Statement - PreSaveFile = new java.io.File(((pathPrefix + java.lang.Integer.toString(counter)) + .png)): null

2018-12-13 14:16:44 - [TEST_STEP][PASSED] - Statement - counter = counter + 1: null

2018-12-13 14:16:44 - [TEST_STEP][PASSED] - Statement - PreSaveFile = new java.io.File(((pathPrefix + java.lang.Integer.toString(counter)) + .png)): null

2018-12-13 14:16:44 - [TEST_STEP][PASSED] - Statement - counter = counter + 1: null

2018-12-13 14:16:44 - [TEST_STEP][PASSED] - Statement - PreSaveFile = new java.io.File(((pathPrefix + java.lang.Integer.toString(counter)) + .png)): null

2018-12-13 14:16:44 - [TEST_STEP][PASSED] - Statement - counter = counter + 1: null

2018-12-13 14:16:44 - [TEST_STEP][PASSED] - Statement - PreSaveFile = new java.io.File(((pathPrefix + java.lang.Integer.toString(counter)) + .png)): null

2018-12-13 14:16:44 - [TEST_STEP][PASSED] - Statement - counter = counter + 1: null

2018-12-13 14:16:44 - [TEST_STEP][PASSED] - Statement - PreSaveFile = new java.io.File(((pathPrefix + java.lang.Integer.toString(counter)) + .png)): null

2018-12-13 14:16:44 - [TEST_STEP][PASSED] - Statement - counter = counter + 1: null

2018-12-13 14:16:44 - [TEST_STEP][PASSED] - Statement - PreSaveFile = new java.io.File(((pathPrefix + java.lang.Integer.toString(counter)) + .png)): null

2018-12-13 14:16:44 - [TEST_STEP][PASSED] - Statement - counter = counter + 1: null

2018-12-13 14:16:44 - [TEST_STEP][PASSED] - Statement - PreSaveFile = new java.io.File(((pathPrefix + java.lang.Integer.toString(counter)) + .png)): null

2018-12-13 14:16:44 - [TEST_STEP][PASSED] - Statement - counter = counter + 1: null

2018-12-13 14:16:44 - [TEST_STEP][PASSED] - Statement - PreSaveFile = new java.io.File(((pathPrefix + java.lang.Integer.toString(counter)) + .png)): null

2018-12-13 14:16:44 - [TEST_STEP][PASSED] - Statement - counter = counter + 1: null

2018-12-13 14:16:44 - [TEST_STEP][PASSED] - Statement - PreSaveFile = new java.io.File(((pathPrefix + java.lang.Integer.toString(counter)) + .png)): null

2018-12-13 14:16:45 - [TEST_STEP][PASSED] - Statement - counter = counter + 1: null

2018-12-13 14:16:45 - [TEST_STEP][PASSED] - Statement - PreSaveFile = new java.io.File(((pathPrefix + java.lang.Integer.toString(counter)) + .png)): null

2018-12-13 14:16:45 - [TEST_STEP][PASSED] - Statement - counter = counter + 1: null

2018-12-13 14:16:45 - [TEST_STEP][PASSED] - Statement - PreSaveFile = new java.io.File(((pathPrefix + java.lang.Integer.toString(counter)) + .png)): null

2018-12-13 14:16:45 - [TEST_STEP][PASSED] - Statement - counter = counter + 1: null

2018-12-13 14:16:45 - [TEST_STEP][PASSED] - Statement - PreSaveFile = new java.io.File(((pathPrefix + java.lang.Integer.toString(counter)) + .png)): null

2018-12-13 14:16:45 - [TEST_STEP][PASSED] - Statement - counter = counter + 1: null

2018-12-13 14:16:45 - [TEST_STEP][PASSED] - Statement - PreSaveFile = new java.io.File(((pathPrefix + java.lang.Integer.toString(counter)) + .png)): null

2018-12-13 14:16:45 - [TEST_STEP][PASSED] - Statement - counter = counter + 1: null

2018-12-13 14:16:45 - [TEST_STEP][PASSED] - Statement - PreSaveFile = new java.io.File(((pathPrefix + java.lang.Integer.toString(counter)) + .png)): null

2018-12-13 14:16:45 - [TEST_STEP][PASSED] - Statement - counter = counter + 1: null

2018-12-13 14:16:45 - [TEST_STEP][PASSED] - Statement - PreSaveFile = new java.io.File(((pathPrefix + java.lang.Integer.toString(counter)) + .png)): null

2018-12-13 14:16:45 - [TEST_STEP][PASSED] - Statement - counter = counter + 1: null

2018-12-13 14:16:45 - [TEST_STEP][PASSED] - Statement - PreSaveFile = new java.io.File(((pathPrefix + java.lang.Integer.toString(counter)) + .png)): null

2018-12-13 14:16:45 - [TEST_STEP][PASSED] - Statement - counter = counter + 1: null

2018-12-13 14:16:45 - [TEST_STEP][PASSED] - Statement - PreSaveFile = new java.io.File(((pathPrefix + java.lang.Integer.toString(counter)) + .png)): null

2018-12-13 14:16:45 - [TEST_STEP][PASSED] - Statement - counter = counter + 1: null

2018-12-13 14:16:45 - [TEST_STEP][PASSED] - Statement - PreSaveFile = new java.io.File(((pathPrefix + java.lang.Integer.toString(counter)) + .png)): null

2018-12-13 14:16:45 - [TEST_STEP][PASSED] - Statement - counter = counter + 1: null

2018-12-13 14:16:45 - [TEST_STEP][PASSED] - Statement - PreSaveFile = new java.io.File(((pathPrefix + java.lang.Integer.toString(counter)) + .png)): null

2018-12-13 14:16:45 - [TEST_STEP][PASSED] - Statement - counter = counter + 1: null

2018-12-13 14:16:45 - [TEST_STEP][PASSED] - Statement - PreSaveFile = new java.io.File(((pathPrefix + java.lang.Integer.toString(counter)) + .png)): null

2018-12-13 14:16:45 - [TEST_STEP][PASSED] - Statement - counter = counter + 1: null

2018-12-13 14:16:45 - [TEST_STEP][PASSED] - Statement - PreSaveFile = new java.io.File(((pathPrefix + java.lang.Integer.toString(counter)) + .png)): null

2018-12-13 14:16:45 - [TEST_STEP][PASSED] - Statement - counter = counter + 1: null

2018-12-13 14:16:45 - [TEST_STEP][PASSED] - Statement - PreSaveFile = new java.io.File(((pathPrefix + java.lang.Integer.toString(counter)) + .png)): null

2018-12-13 14:16:45 - [TEST_STEP][PASSED] - Statement - counter = counter + 1: null

2018-12-13 14:16:45 - [TEST_STEP][PASSED] - Statement - PreSaveFile = new java.io.File(((pathPrefix + java.lang.Integer.toString(counter)) + .png)): null

2018-12-13 14:16:45 - [TEST_STEP][PASSED] - Statement - counter = counter + 1: null

2018-12-13 14:16:45 - [TEST_STEP][PASSED] - Statement - PreSaveFile = new java.io.File(((pathPrefix + java.lang.Integer.toString(counter)) + .png)): null

2018-12-13 14:16:45 - [TEST_STEP][PASSED] - Statement - counter = counter + 1: null

2018-12-13 14:16:45 - [TEST_STEP][PASSED] - Statement - PreSaveFile = new java.io.File(((pathPrefix + java.lang.Integer.toString(counter)) + .png)): null

2018-12-13 14:16:45 - [TEST_STEP][PASSED] - Statement - counter = counter + 1: null

2018-12-13 14:16:45 - [TEST_STEP][PASSED] - Statement - PreSaveFile = new java.io.File(((pathPrefix + java.lang.Integer.toString(counter)) + .png)): null

2018-12-13 14:16:45 - [TEST_STEP][PASSED] - Statement - counter = counter + 1: null

2018-12-13 14:16:45 - [TEST_STEP][PASSED] - Statement - PreSaveFile = new java.io.File(((pathPrefix + java.lang.Integer.toString(counter)) + .png)): null

2018-12-13 14:16:45 - [TEST_STEP][PASSED] - Statement - counter = counter + 1: null

2018-12-13 14:16:45 - [TEST_STEP][PASSED] - Statement - PreSaveFile = new java.io.File(((pathPrefix + java.lang.Integer.toString(counter)) + .png)): null

2018-12-13 14:16:45 - [TEST_STEP][PASSED] - Statement - counter = counter + 1: null

2018-12-13 14:16:45 - [TEST_STEP][PASSED] - Statement - PreSaveFile = new java.io.File(((pathPrefix + java.lang.Integer.toString(counter)) + .png)): null

2018-12-13 14:16:45 - [TEST_STEP][PASSED] - Statement - counter = counter + 1: null

2018-12-13 14:16:45 - [TEST_STEP][PASSED] - Statement - PreSaveFile = new java.io.File(((pathPrefix + java.lang.Integer.toString(counter)) + .png)): null

2018-12-13 14:16:45 - [TEST_STEP][PASSED] - Statement - counter = counter + 1: null

2018-12-13 14:16:45 - [TEST_STEP][PASSED] - Statement - PreSaveFile = new java.io.File(((pathPrefix + java.lang.Integer.toString(counter)) + .png)): null

2018-12-13 14:16:45 - [TEST_STEP][PASSED] - Statement - counter = counter + 1: null

2018-12-13 14:16:45 - [TEST_STEP][PASSED] - Statement - PreSaveFile = new java.io.File(((pathPrefix + java.lang.Integer.toString(counter)) + .png)): null

2018-12-13 14:16:45 - [TEST_STEP][PASSED] - Statement - counter = counter + 1: null

2018-12-13 14:16:45 - [TEST_STEP][PASSED] - Statement - PreSaveFile = new java.io.File(((pathPrefix + java.lang.Integer.toString(counter)) + .png)): null

2018-12-13 14:16:45 - [TEST_STEP][PASSED] - Statement - counter = counter + 1: null

2018-12-13 14:16:45 - [TEST_STEP][PASSED] - Statement - PreSaveFile = new java.io.File(((pathPrefix + java.lang.Integer.toString(counter)) + .png)): null

2018-12-13 14:16:45 - [TEST_STEP][PASSED] - Statement - counter = counter + 1: null

2018-12-13 14:16:45 - [TEST_STEP][PASSED] - Statement - PreSaveFile = new java.io.File(((pathPrefix + java.lang.Integer.toString(counter)) + .png)): null

2018-12-13 14:16:45 - [TEST_STEP][PASSED] - Statement - counter = counter + 1: null

2018-12-13 14:16:45 - [TEST_STEP][PASSED] - Statement - PreSaveFile = new java.io.File(((pathPrefix + java.lang.Integer.toString(counter)) + .png)): null

2018-12-13 14:16:45 - [TEST_STEP][PASSED] - Statement - counter = counter + 1: null

2018-12-13 14:16:45 - [TEST_STEP][PASSED] - Statement - PreSaveFile = new java.io.File(((pathPrefix + java.lang.Integer.toString(counter)) + .png)): null

2018-12-13 14:16:45 - [TEST_STEP][PASSED] - Statement - counter = counter + 1: null

2018-12-13 14:16:45 - [TEST_STEP][PASSED] - Statement - PreSaveFile = new java.io.File(((pathPrefix + java.lang.Integer.toString(counter)) + .png)): null

2018-12-13 14:16:45 - [TEST_STEP][PASSED] - Statement - counter = counter + 1: null

2018-12-13 14:16:45 - [TEST_STEP][PASSED] - Statement - PreSaveFile = new java.io.File(((pathPrefix + java.lang.Integer.toString(counter)) + .png)): null

2018-12-13 14:16:45 - [TEST_STEP][PASSED] - Statement - counter = counter + 1: null

2018-12-13 14:16:45 - [TEST_STEP][PASSED] - Statement - PreSaveFile = new java.io.File(((pathPrefix + java.lang.Integer.toString(counter)) + .png)): null

2018-12-13 14:16:45 - [TEST_STEP][PASSED] - Statement - counter = counter + 1: null

2018-12-13 14:16:45 - [TEST_STEP][PASSED] - Statement - PreSaveFile = new java.io.File(((pathPrefix + java.lang.Integer.toString(counter)) + .png)): null

2018-12-13 14:16:45 - [TEST_STEP][PASSED] - Statement - counter = counter + 1: null

2018-12-13 14:16:45 - [TEST_STEP][PASSED] - Statement - PreSaveFile = new java.io.File(((pathPrefix + java.lang.Integer.toString(counter)) + .png)): null

2018-12-13 14:16:45 - [TEST_STEP][PASSED] - Statement - counter = counter + 1: null

2018-12-13 14:16:45 - [TEST_STEP][PASSED] - Statement - PreSaveFile = new java.io.File(((pathPrefix + java.lang.Integer.toString(counter)) + .png)): null

2018-12-13 14:16:45 - [TEST_STEP][PASSED] - Statement - counter = counter + 1: null

2018-12-13 14:16:45 - [TEST_STEP][PASSED] - Statement - PreSaveFile = new java.io.File(((pathPrefix + java.lang.Integer.toString(counter)) + .png)): null

2018-12-13 14:16:45 - [TEST_STEP][PASSED] - Statement - counter = counter + 1: null

2018-12-13 14:16:45 - [TEST_STEP][PASSED] - Statement - PreSaveFile = new java.io.File(((pathPrefix + java.lang.Integer.toString(counter)) + .png)): null

2018-12-13 14:16:45 - [TEST_STEP][PASSED] - Statement - counter = counter + 1: null

2018-12-13 14:16:45 - [TEST_STEP][PASSED] - Statement - PreSaveFile = new java.io.File(((pathPrefix + java.lang.Integer.toString(counter)) + .png)): null

2018-12-13 14:16:45 - [TEST_STEP][PASSED] - Statement - counter = counter + 1: null

2018-12-13 14:16:45 - [TEST_STEP][PASSED] - Statement - PreSaveFile = new java.io.File(((pathPrefix + java.lang.Integer.toString(counter)) + .png)): null

2018-12-13 14:16:45 - [TEST_STEP][PASSED] - Statement - counter = counter + 1: null

2018-12-13 14:16:45 - [TEST_STEP][PASSED] - Statement - PreSaveFile = new java.io.File(((pathPrefix + java.lang.Integer.toString(counter)) + .png)): null

2018-12-13 14:16:45 - [TEST_STEP][PASSED] - Statement - counter = counter + 1: null

2018-12-13 14:16:45 - [TEST_STEP][PASSED] - Statement - PreSaveFile = new java.io.File(((pathPrefix + java.lang.Integer.toString(counter)) + .png)): null

2018-12-13 14:16:45 - [TEST_STEP][PASSED] - Statement - counter = counter + 1: null

2018-12-13 14:16:45 - [TEST_STEP][PASSED] - Statement - PreSaveFile = new java.io.File(((pathPrefix + java.lang.Integer.toString(counter)) + .png)): null

2018-12-13 14:16:45 - [TEST_STEP][PASSED] - Statement - counter = counter + 1: null

2018-12-13 14:16:45 - [TEST_STEP][PASSED] - Statement - PreSaveFile = new java.io.File(((pathPrefix + java.lang.Integer.toString(counter)) + .png)): null

2018-12-13 14:16:45 - [TEST_STEP][PASSED] - Statement - counter = counter + 1: null

2018-12-13 14:16:45 - [TEST_STEP][PASSED] - Statement - PreSaveFile = new java.io.File(((pathPrefix + java.lang.Integer.toString(counter)) + .png)): null

2018-12-13 14:16:45 - [TEST_STEP][PASSED] - Statement - counter = counter + 1: null

2018-12-13 14:16:45 - [TEST_STEP][PASSED] - Statement - PreSaveFile = new java.io.File(((pathPrefix + java.lang.Integer.toString(counter)) + .png)): null

2018-12-13 14:16:45 - [TEST_STEP][PASSED] - Statement - counter = counter + 1: null

2018-12-13 14:16:45 - [TEST_STEP][PASSED] - Statement - PreSaveFile = new java.io.File(((pathPrefix + java.lang.Integer.toString(counter)) + .png)): null

2018-12-13 14:16:45 - [TEST_STEP][PASSED] - Statement - counter = counter + 1: null

2018-12-13 14:16:45 - [TEST_STEP][PASSED] - Statement - PreSaveFile = new java.io.File(((pathPrefix + java.lang.Integer.toString(counter)) + .png)): null

2018-12-13 14:16:45 - [TEST_STEP][PASSED] - Statement - counter = counter + 1: null

2018-12-13 14:16:45 - [TEST_STEP][PASSED] - Statement - PreSaveFile = new java.io.File(((pathPrefix + java.lang.Integer.toString(counter)) + .png)): null

2018-12-13 14:16:45 - [TEST_STEP][PASSED] - Statement - counter = counter + 1: null

2018-12-13 14:16:45 - [TEST_STEP][PASSED] - Statement - PreSaveFile = new java.io.File(((pathPrefix + java.lang.Integer.toString(counter)) + .png)): null

2018-12-13 14:16:45 - [TEST_STEP][PASSED] - Statement - counter = counter + 1: null

2018-12-13 14:16:45 - [TEST_STEP][PASSED] - Statement - PreSaveFile = new java.io.File(((pathPrefix + java.lang.Integer.toString(counter)) + .png)): null

2018-12-13 14:16:45 - [TEST_STEP][PASSED] - Statement - counter = counter + 1: null

2018-12-13 14:16:45 - [TEST_STEP][PASSED] - Statement - PreSaveFile = new java.io.File(((pathPrefix + java.lang.Integer.toString(counter)) + .png)): null

2018-12-13 14:16:45 - [TEST_STEP][PASSED] - Statement - counter = counter + 1: null

2018-12-13 14:16:45 - [TEST_STEP][PASSED] - Statement - PreSaveFile = new java.io.File(((pathPrefix + java.lang.Integer.toString(counter)) + .png)): null

2018-12-13 14:16:45 - [TEST_STEP][PASSED] - Statement - counter = counter + 1: null

2018-12-13 14:16:45 - [TEST_STEP][PASSED] - Statement - PreSaveFile = new java.io.File(((pathPrefix + java.lang.Integer.toString(counter)) + .png)): null

2018-12-13 14:16:45 - [TEST_STEP][PASSED] - Statement - counter = counter + 1: null

2018-12-13 14:16:45 - [TEST_STEP][PASSED] - Statement - PreSaveFile = new java.io.File(((pathPrefix + java.lang.Integer.toString(counter)) + .png)): null

2018-12-13 14:16:45 - [TEST_STEP][PASSED] - Statement - counter = counter + 1: null

2018-12-13 14:16:45 - [TEST_STEP][PASSED] - Statement - PreSaveFile = new java.io.File(((pathPrefix + java.lang.Integer.toString(counter)) + .png)): null

2018-12-13 14:16:45 - [TEST_STEP][PASSED] - Statement - counter = counter + 1: null

2018-12-13 14:16:45 - [TEST_STEP][PASSED] - Statement - PreSaveFile = new java.io.File(((pathPrefix + java.lang.Integer.toString(counter)) + .png)): null

2018-12-13 14:16:45 - [TEST_STEP][PASSED] - Statement - counter = counter + 1: null

2018-12-13 14:16:45 - [TEST_STEP][PASSED] - Statement - PreSaveFile = new java.io.File(((pathPrefix + java.lang.Integer.toString(counter)) + .png)): null

2018-12-13 14:16:45 - [TEST_STEP][PASSED] - Statement - counter = counter + 1: null

2018-12-13 14:16:45 - [TEST_STEP][PASSED] - Statement - PreSaveFile = new java.io.File(((pathPrefix + java.lang.Integer.toString(counter)) + .png)): null

2018-12-13 14:16:45 - [TEST_STEP][PASSED] - Statement - counter = counter + 1: null

2018-12-13 14:16:45 - [TEST_STEP][PASSED] - Statement - PreSaveFile = new java.io.File(((pathPrefix + java.lang.Integer.toString(counter)) + .png)): null

2018-12-13 14:16:45 - [TEST_STEP][PASSED] - Statement - counter = counter + 1: null

2018-12-13 14:16:45 - [TEST_STEP][PASSED] - Statement - PreSaveFile = new java.io.File(((pathPrefix + java.lang.Integer.toString(counter)) + .png)): null

2018-12-13 14:16:45 - [TEST_STEP][PASSED] - Statement - counter = counter + 1: null

2018-12-13 14:16:45 - [TEST_STEP][PASSED] - Statement - PreSaveFile = new java.io.File(((pathPrefix + java.lang.Integer.toString(counter)) + .png)): null

2018-12-13 14:16:45 - [TEST_STEP][PASSED] - Statement - counter = counter + 1: null

2018-12-13 14:16:45 - [TEST_STEP][PASSED] - Statement - PreSaveFile = new java.io.File(((pathPrefix + java.lang.Integer.toString(counter)) + .png)): null

2018-12-13 14:16:45 - [TEST_STEP][PASSED] - Statement - counter = counter + 1: null

2018-12-13 14:16:45 - [TEST_STEP][PASSED] - Statement - PreSaveFile = new java.io.File(((pathPrefix + java.lang.Integer.toString(counter)) + .png)): null

2018-12-13 14:16:45 - [TEST_STEP][PASSED] - Statement - counter = counter + 1: null

2018-12-13 14:16:45 - [TEST_STEP][PASSED] - Statement - PreSaveFile = new java.io.File(((pathPrefix + java.lang.Integer.toString(counter)) + .png)): null

2018-12-13 14:16:45 - [TEST_STEP][PASSED] - Statement - counter = counter + 1: null

2018-12-13 14:16:45 - [TEST_STEP][PASSED] - Statement - PreSaveFile = new java.io.File(((pathPrefix + java.lang.Integer.toString(counter)) + .png)): null

2018-12-13 14:16:45 - [TEST_STEP][PASSED] - Statement - counter = counter + 1: null

2018-12-13 14:16:45 - [TEST_STEP][PASSED] - Statement - PreSaveFile = new java.io.File(((pathPrefix + java.lang.Integer.toString(counter)) + .png)): null

2018-12-13 14:16:45 - [TEST_STEP][PASSED] - Statement - counter = counter + 1: null

2018-12-13 14:16:45 - [TEST_STEP][PASSED] - Statement - PreSaveFile = new java.io.File(((pathPrefix + java.lang.Integer.toString(counter)) + .png)): null

2018-12-13 14:16:45 - [TEST_STEP][PASSED] - Statement - counter = counter + 1: null

2018-12-13 14:16:45 - [TEST_STEP][PASSED] - Statement - PreSaveFile = new java.io.File(((pathPrefix + java.lang.Integer.toString(counter)) + .png)): null

2018-12-13 14:16:45 - [TEST_STEP][PASSED] - Statement - counter = counter + 1: null

2018-12-13 14:16:45 - [TEST_STEP][PASSED] - Statement - PreSaveFile = new java.io.File(((pathPrefix + java.lang.Integer.toString(counter)) + .png)): null

2018-12-13 14:16:45 - [TEST_STEP][PASSED] - Statement - counter = counter + 1: null

2018-12-13 14:16:45 - [TEST_STEP][PASSED] - Statement - PreSaveFile = new java.io.File(((pathPrefix + java.lang.Integer.toString(counter)) + .png)): null

2018-12-13 14:16:45 - [TEST_STEP][PASSED] - Statement - counter = counter + 1: null

2018-12-13 14:16:45 - [TEST_STEP][PASSED] - Statement - PreSaveFile = new java.io.File(((pathPrefix + java.lang.Integer.toString(counter)) + .png)): null

2018-12-13 14:16:45 - [TEST_STEP][PASSED] - Statement - counter = counter + 1: null

2018-12-13 14:16:45 - [TEST_STEP][PASSED] - Statement - PreSaveFile = new java.io.File(((pathPrefix + java.lang.Integer.toString(counter)) + .png)): null

2018-12-13 14:16:45 - [TEST_STEP][PASSED] - Statement - counter = counter + 1: null

2018-12-13 14:16:45 - [TEST_STEP][PASSED] - Statement - PreSaveFile = new java.io.File(((pathPrefix + java.lang.Integer.toString(counter)) + .png)): null

2018-12-13 14:16:45 - [TEST_STEP][PASSED] - Statement - counter = counter + 1: null

2018-12-13 14:16:45 - [TEST_STEP][PASSED] - Statement - PreSaveFile = new java.io.File(((pathPrefix + java.lang.Integer.toString(counter)) + .png)): null

2018-12-13 14:16:45 - [TEST_STEP][PASSED] - Statement - counter = counter + 1: null

2018-12-13 14:16:45 - [TEST_STEP][PASSED] - Statement - PreSaveFile = new java.io.File(((pathPrefix + java.lang.Integer.toString(counter)) + .png)): null

2018-12-13 14:16:45 - [TEST_STEP][PASSED] - Statement - counter = counter + 1: null

2018-12-13 14:16:45 - [TEST_STEP][PASSED] - Statement - PreSaveFile = new java.io.File(((pathPrefix + java.lang.Integer.toString(counter)) + .png)): null

2018-12-13 14:16:45 - [TEST_STEP][PASSED] - Statement - counter = counter + 1: null

2018-12-13 14:16:45 - [TEST_STEP][PASSED] - Statement - PreSaveFile = new java.io.File(((pathPrefix + java.lang.Integer.toString(counter)) + .png)): null

2018-12-13 14:16:45 - [TEST_STEP][PASSED] - Statement - counter = counter + 1: null

2018-12-13 14:16:45 - [TEST_STEP][PASSED] - Statement - PreSaveFile = new java.io.File(((pathPrefix + java.lang.Integer.toString(counter)) + .png)): null

2018-12-13 14:16:45 - [TEST_STEP][PASSED] - Statement - counter = counter + 1: null

2018-12-13 14:16:45 - [TEST_STEP][PASSED] - Statement - PreSaveFile = new java.io.File(((pathPrefix + java.lang.Integer.toString(counter)) + .png)): null

2018-12-13 14:16:45 - [TEST_STEP][PASSED] - Statement - counter = counter + 1: null

2018-12-13 14:16:45 - [TEST_STEP][PASSED] - Statement - PreSaveFile = new java.io.File(((pathPrefix + java.lang.Integer.toString(counter)) + .png)): null

2018-12-13 14:16:45 - [TEST_STEP][PASSED] - Statement - counter = counter + 1: null

2018-12-13 14:16:45 - [TEST_STEP][PASSED] - Statement - PreSaveFile = new java.io.File(((pathPrefix + java.lang.Integer.toString(counter)) + .png)): null

2018-12-13 14:16:45 - [TEST_STEP][PASSED] - Statement - counter = counter + 1: null

2018-12-13 14:16:45 - [TEST_STEP][PASSED] - Statement - PreSaveFile = new java.io.File(((pathPrefix + java.lang.Integer.toString(counter)) + .png)): null

2018-12-13 14:16:45 - [TEST_STEP][PASSED] - Statement - counter = counter + 1: null

2018-12-13 14:16:45 - [TEST_STEP][PASSED] - Statement - PreSaveFile = new java.io.File(((pathPrefix + java.lang.Integer.toString(counter)) + .png)): null

2018-12-13 14:16:45 - [TEST_STEP][PASSED] - Statement - counter = counter + 1: null

2018-12-13 14:16:45 - [TEST_STEP][PASSED] - Statement - PreSaveFile = new java.io.File(((pathPrefix + java.lang.Integer.toString(counter)) + .png)): null

2018-12-13 14:16:45 - [TEST_STEP][PASSED] - Statement - counter = counter + 1: null

2018-12-13 14:16:45 - [TEST_STEP][PASSED] - Statement - PreSaveFile = new java.io.File(((pathPrefix + java.lang.Integer.toString(counter)) + .png)): null

2018-12-13 14:16:45 - [TEST_STEP][PASSED] - Statement - counter = counter + 1: null

2018-12-13 14:16:45 - [TEST_STEP][PASSED] - Statement - PreSaveFile = new java.io.File(((pathPrefix + java.lang.Integer.toString(counter)) + .png)): null

2018-12-13 14:16:45 - [TEST_STEP][PASSED] - Statement - counter = counter + 1: null

2018-12-13 14:16:45 - [TEST_STEP][PASSED] - Statement - PreSaveFile = new java.io.File(((pathPrefix + java.lang.Integer.toString(counter)) + .png)): null

2018-12-13 14:16:45 - [TEST_STEP][PASSED] - Statement - counter = counter + 1: null

2018-12-13 14:16:45 - [TEST_STEP][PASSED] - Statement - PreSaveFile = new java.io.File(((pathPrefix + java.lang.Integer.toString(counter)) + .png)): null

2018-12-13 14:16:45 - [TEST_STEP][PASSED] - Statement - counter = counter + 1: null

2018-12-13 14:16:45 - [TEST_STEP][PASSED] - Statement - PreSaveFile = new java.io.File(((pathPrefix + java.lang.Integer.toString(counter)) + .png)): null

2018-12-13 14:16:45 - [TEST_STEP][PASSED] - Statement - counter = counter + 1: null

2018-12-13 14:16:45 - [TEST_STEP][PASSED] - Statement - PreSaveFile = new java.io.File(((pathPrefix + java.lang.Integer.toString(counter)) + .png)): null

2018-12-13 14:16:45 - [TEST_STEP][PASSED] - Statement - counter = counter + 1: null

2018-12-13 14:16:45 - [TEST_STEP][PASSED] - Statement - PreSaveFile = new java.io.File(((pathPrefix + java.lang.Integer.toString(counter)) + .png)): null

2018-12-13 14:16:45 - [TEST_STEP][PASSED] - Statement - counter = counter + 1: null

2018-12-13 14:16:45 - [TEST_STEP][PASSED] - Statement - PreSaveFile = new java.io.File(((pathPrefix + java.lang.Integer.toString(counter)) + .png)): null

2018-12-13 14:16:45 - [TEST_STEP][PASSED] - Statement - counter = counter + 1: null

2018-12-13 14:16:45 - [TEST_STEP][PASSED] - Statement - PreSaveFile = new java.io.File(((pathPrefix + java.lang.Integer.toString(counter)) + .png)): null

2018-12-13 14:16:45 - [TEST_STEP][PASSED] - Statement - counter = counter + 1: null

2018-12-13 14:16:45 - [TEST_STEP][PASSED] - Statement - PreSaveFile = new java.io.File(((pathPrefix + java.lang.Integer.toString(counter)) + .png)): null

2018-12-13 14:16:45 - [TEST_STEP][PASSED] - Statement - counter = counter + 1: null

2018-12-13 14:16:45 - [TEST_STEP][PASSED] - Statement - PreSaveFile = new java.io.File(((pathPrefix + java.lang.Integer.toString(counter)) + .png)): null

2018-12-13 14:16:45 - [TEST_STEP][PASSED] - Statement - counter = counter + 1: null

2018-12-13 14:16:45 - [TEST_STEP][PASSED] - Statement - PreSaveFile = new java.io.File(((pathPrefix + java.lang.Integer.toString(counter)) + .png)): null

2018-12-13 14:16:45 - [TEST_STEP][PASSED] - Statement - counter = counter + 1: null

2018-12-13 14:16:45 - [TEST_STEP][PASSED] - Statement - PreSaveFile = new java.io.File(((pathPrefix + java.lang.Integer.toString(counter)) + .png)): null

2018-12-13 14:16:45 - [TEST_STEP][PASSED] - Statement - counter = counter + 1: null

2018-12-13 14:16:45 - [TEST_STEP][PASSED] - Statement - PreSaveFile = new java.io.File(((pathPrefix + java.lang.Integer.toString(counter)) + .png)): null

2018-12-13 14:16:45 - [TEST_STEP][PASSED] - Statement - counter = counter + 1: null

2018-12-13 14:16:45 - [TEST_STEP][PASSED] - Statement - PreSaveFile = new java.io.File(((pathPrefix + java.lang.Integer.toString(counter)) + .png)): null

2018-12-13 14:16:45 - [TEST_STEP][PASSED] - Statement - counter = counter + 1: null

2018-12-13 14:16:45 - [TEST_STEP][PASSED] - Statement - PreSaveFile = new java.io.File(((pathPrefix + java.lang.Integer.toString(counter)) + .png)): null

2018-12-13 14:16:45 - [TEST_STEP][PASSED] - Statement - counter = counter + 1: null

2018-12-13 14:16:45 - [TEST_STEP][PASSED] - Statement - PreSaveFile = new java.io.File(((pathPrefix + java.lang.Integer.toString(counter)) + .png)): null

2018-12-13 14:16:45 - [TEST_STEP][PASSED] - Statement - counter = counter + 1: null

2018-12-13 14:16:45 - [TEST_STEP][PASSED] - Statement - PreSaveFile = new java.io.File(((pathPrefix + java.lang.Integer.toString(counter)) + .png)): null

2018-12-13 14:16:45 - [TEST_STEP][PASSED] - Statement - counter = counter + 1: null

2018-12-13 14:16:45 - [TEST_STEP][PASSED] - Statement - PreSaveFile = new java.io.File(((pathPrefix + java.lang.Integer.toString(counter)) + .png)): null

2018-12-13 14:16:45 - [TEST_STEP][PASSED] - Statement - counter = counter + 1: null

2018-12-13 14:16:45 - [TEST_STEP][PASSED] - Statement - PreSaveFile = new java.io.File(((pathPrefix + java.lang.Integer.toString(counter)) + .png)): null

2018-12-13 14:16:45 - [TEST_STEP][PASSED] - Statement - counter = counter + 1: null

2018-12-13 14:16:45 - [TEST_STEP][PASSED] - Statement - PreSaveFile = new java.io.File(((pathPrefix + java.lang.Integer.toString(counter)) + .png)): null

2018-12-13 14:16:45 - [TEST_STEP][PASSED] - Statement - counter = counter + 1: null

2018-12-13 14:16:45 - [TEST_STEP][PASSED] - Statement - PreSaveFile = new java.io.File(((pathPrefix + java.lang.Integer.toString(counter)) + .png)): null

2018-12-13 14:16:45 - [TEST_STEP][PASSED] - Statement - counter = counter + 1: null

2018-12-13 14:16:45 - [TEST_STEP][PASSED] - Statement - PreSaveFile = new java.io.File(((pathPrefix + java.lang.Integer.toString(counter)) + .png)): null

2018-12-13 14:16:45 - [TEST_STEP][PASSED] - Statement - counter = counter + 1: null

2018-12-13 14:16:45 - [TEST_STEP][PASSED] - Statement - PreSaveFile = new java.io.File(((pathPrefix + java.lang.Integer.toString(counter)) + .png)): null

2018-12-13 14:16:45 - [TEST_STEP][PASSED] - Statement - counter = counter + 1: null

2018-12-13 14:16:45 - [TEST_STEP][PASSED] - Statement - PreSaveFile = new java.io.File(((pathPrefix + java.lang.Integer.toString(counter)) + .png)): null

2018-12-13 14:16:45 - [TEST_STEP][PASSED] - Statement - counter = counter + 1: null

2018-12-13 14:16:45 - [TEST_STEP][PASSED] - Statement - PreSaveFile = new java.io.File(((pathPrefix + java.lang.Integer.toString(counter)) + .png)): null

2018-12-13 14:16:45 - [TEST_STEP][PASSED] - Statement - counter = counter + 1: null

2018-12-13 14:16:45 - [TEST_STEP][PASSED] - Statement - PreSaveFile = new java.io.File(((pathPrefix + java.lang.Integer.toString(counter)) + .png)): null

2018-12-13 14:16:45 - [TEST_STEP][PASSED] - Statement - counter = counter + 1: null

2018-12-13 14:16:45 - [TEST_STEP][PASSED] - Statement - PreSaveFile = new java.io.File(((pathPrefix + java.lang.Integer.toString(counter)) + .png)): null

2018-12-13 14:16:45 - [TEST_STEP][PASSED] - Statement - counter = counter + 1: null

2018-12-13 14:16:45 - [TEST_STEP][PASSED] - Statement - PreSaveFile = new java.io.File(((pathPrefix + java.lang.Integer.toString(counter)) + .png)): null

2018-12-13 14:16:45 - [TEST_STEP][PASSED] - Statement - counter = counter + 1: null

2018-12-13 14:16:45 - [TEST_STEP][PASSED] - Statement - PreSaveFile = new java.io.File(((pathPrefix + java.lang.Integer.toString(counter)) + .png)): null

2018-12-13 14:16:45 - [TEST_STEP][PASSED] - Statement - counter = counter + 1: null

2018-12-13 14:16:45 - [TEST_STEP][PASSED] - Statement - PreSaveFile = new java.io.File(((pathPrefix + java.lang.Integer.toString(counter)) + .png)): null

2018-12-13 14:16:45 - [TEST_STEP][PASSED] - Statement - counter = counter + 1: null

2018-12-13 14:16:45 - [TEST_STEP][PASSED] - Statement - PreSaveFile = new java.io.File(((pathPrefix + java.lang.Integer.toString(counter)) + .png)): null

2018-12-13 14:16:45 - [TEST_STEP][PASSED] - Statement - counter = counter + 1: null

2018-12-13 14:16:45 - [TEST_STEP][PASSED] - Statement - PreSaveFile = new java.io.File(((pathPrefix + java.lang.Integer.toString(counter)) + .png)): null

2018-12-13 14:16:45 - [TEST_STEP][PASSED] - Statement - counter = counter + 1: null

2018-12-13 14:16:45 - [TEST_STEP][PASSED] - Statement - PreSaveFile = new java.io.File(((pathPrefix + java.lang.Integer.toString(counter)) + .png)): null

2018-12-13 14:16:45 - [TEST_STEP][PASSED] - Statement - counter = counter + 1: null

2018-12-13 14:16:45 - [TEST_STEP][PASSED] - Statement - PreSaveFile = new java.io.File(((pathPrefix + java.lang.Integer.toString(counter)) + .png)): null

2018-12-13 14:16:45 - [TEST_STEP][PASSED] - Statement - counter = counter + 1: null

2018-12-13 14:16:45 - [TEST_STEP][PASSED] - Statement - PreSaveFile = new java.io.File(((pathPrefix + java.lang.Integer.toString(counter)) + .png)): null

2018-12-13 14:16:45 - [TEST_STEP][PASSED] - Statement - counter = counter + 1: null

2018-12-13 14:16:45 - [TEST_STEP][PASSED] - Statement - PreSaveFile = new java.io.File(((pathPrefix + java.lang.Integer.toString(counter)) + .png)): null

2018-12-13 14:16:45 - [TEST_STEP][PASSED] - Statement - counter = counter + 1: null

2018-12-13 14:16:45 - [TEST_STEP][PASSED] - Statement - PreSaveFile = new java.io.File(((pathPrefix + java.lang.Integer.toString(counter)) + .png)): null

2018-12-13 14:16:45 - [TEST_STEP][PASSED] - Statement - counter = counter + 1: null

2018-12-13 14:16:45 - [TEST_STEP][PASSED] - Statement - PreSaveFile = new java.io.File(((pathPrefix + java.lang.Integer.toString(counter)) + .png)): null

2018-12-13 14:16:45 - [TEST_STEP][PASSED] - Statement - counter = counter + 1: null

2018-12-13 14:16:45 - [TEST_STEP][PASSED] - Statement - PreSaveFile = new java.io.File(((pathPrefix + java.lang.Integer.toString(counter)) + .png)): null

2018-12-13 14:16:45 - [TEST_STEP][PASSED] - Statement - counter = counter + 1: null

2018-12-13 14:16:45 - [TEST_STEP][PASSED] - Statement - PreSaveFile = new java.io.File(((pathPrefix + java.lang.Integer.toString(counter)) + .png)): null

2018-12-13 14:16:45 - [TEST_STEP][PASSED] - Statement - counter = counter + 1: null

2018-12-13 14:16:45 - [TEST_STEP][PASSED] - Statement - PreSaveFile = new java.io.File(((pathPrefix + java.lang.Integer.toString(counter)) + .png)): null

2018-12-13 14:16:45 - [TEST_STEP][PASSED] - Statement - counter = counter + 1: null

2018-12-13 14:16:45 - [TEST_STEP][PASSED] - Statement - PreSaveFile = new java.io.File(((pathPrefix + java.lang.Integer.toString(counter)) + .png)): null

2018-12-13 14:16:45 - [TEST_STEP][PASSED] - Statement - counter = counter + 1: null

2018-12-13 14:16:45 - [TEST_STEP][PASSED] - Statement - PreSaveFile = new java.io.File(((pathPrefix + java.lang.Integer.toString(counter)) + .png)): null

2018-12-13 14:16:45 - [TEST_STEP][PASSED] - Statement - counter = counter + 1: null

2018-12-13 14:16:45 - [TEST_STEP][PASSED] - Statement - PreSaveFile = new java.io.File(((pathPrefix + java.lang.Integer.toString(counter)) + .png)): null

2018-12-13 14:16:45 - [TEST_STEP][PASSED] - Statement - counter = counter + 1: null

2018-12-13 14:16:45 - [TEST_STEP][PASSED] - Statement - PreSaveFile = new java.io.File(((pathPrefix + java.lang.Integer.toString(counter)) + .png)): null

2018-12-13 14:16:45 - [TEST_STEP][PASSED] - Statement - counter = counter + 1: null

2018-12-13 14:16:45 - [TEST_STEP][PASSED] - Statement - PreSaveFile = new java.io.File(((pathPrefix + java.lang.Integer.toString(counter)) + .png)): null

2018-12-13 14:16:45 - [TEST_STEP][PASSED] - Statement - counter = counter + 1: null

2018-12-13 14:16:45 - [TEST_STEP][PASSED] - Statement - PreSaveFile = new java.io.File(((pathPrefix + java.lang.Integer.toString(counter)) + .png)): null

2018-12-13 14:16:45 - [TEST_STEP][PASSED] - Statement - counter = counter + 1: null

2018-12-13 14:16:45 - [TEST_STEP][PASSED] - Statement - PreSaveFile = new java.io.File(((pathPrefix + java.lang.Integer.toString(counter)) + .png)): null

2018-12-13 14:16:45 - [TEST_STEP][PASSED] - Statement - counter = counter + 1: null

2018-12-13 14:16:45 - [TEST_STEP][PASSED] - Statement - PreSaveFile = new java.io.File(((pathPrefix + java.lang.Integer.toString(counter)) + .png)): null

2018-12-13 14:16:45 - [TEST_STEP][PASSED] - Statement - counter = counter + 1: null

2018-12-13 14:16:45 - [TEST_STEP][PASSED] - Statement - PreSaveFile = new java.io.File(((pathPrefix + java.lang.Integer.toString(counter)) + .png)): null

2018-12-13 14:16:45 - [TEST_STEP][PASSED] - Statement - counter = counter + 1: null

2018-12-13 14:16:45 - [TEST_STEP][PASSED] - Statement - PreSaveFile = new java.io.File(((pathPrefix + java.lang.Integer.toString(counter)) + .png)): null

2018-12-13 14:16:45 - [TEST_STEP][PASSED] - Statement - counter = counter + 1: null

2018-12-13 14:16:45 - [TEST_STEP][PASSED] - Statement - PreSaveFile = new java.io.File(((pathPrefix + java.lang.Integer.toString(counter)) + .png)): null

2018-12-13 14:16:45 - [TEST_STEP][PASSED] - Statement - counter = counter + 1: null

2018-12-13 14:16:45 - [TEST_STEP][PASSED] - Statement - PreSaveFile = new java.io.File(((pathPrefix + java.lang.Integer.toString(counter)) + .png)): null

2018-12-13 14:16:45 - [TEST_STEP][PASSED] - Statement - counter = counter + 1: null

2018-12-13 14:16:45 - [TEST_STEP][PASSED] - Statement - PreSaveFile = new java.io.File(((pathPrefix + java.lang.Integer.toString(counter)) + .png)): null

2018-12-13 14:16:45 - [TEST_STEP][PASSED] - Statement - counter = counter + 1: null

2018-12-13 14:16:45 - [TEST_STEP][PASSED] - Statement - PreSaveFile = new java.io.File(((pathPrefix + java.lang.Integer.toString(counter)) + .png)): null

2018-12-13 14:16:45 - [TEST_STEP][PASSED] - Statement - counter = counter + 1: null

2018-12-13 14:16:45 - [TEST_STEP][PASSED] - Statement - PreSaveFile = new java.io.File(((pathPrefix + java.lang.Integer.toString(counter)) + .png)): null

2018-12-13 14:16:45 - [TEST_STEP][PASSED] - Statement - counter = counter + 1: null

2018-12-13 14:16:45 - [TEST_STEP][PASSED] - Statement - PreSaveFile = new java.io.File(((pathPrefix + java.lang.Integer.toString(counter)) + .png)): null

2018-12-13 14:16:45 - [TEST_STEP][PASSED] - Statement - counter = counter + 1: null

2018-12-13 14:16:45 - [TEST_STEP][PASSED] - Statement - PreSaveFile = new java.io.File(((pathPrefix + java.lang.Integer.toString(counter)) + .png)): null

2018-12-13 14:16:45 - [TEST_STEP][PASSED] - Statement - counter = counter + 1: null

2018-12-13 14:16:45 - [TEST_STEP][PASSED] - Statement - PreSaveFile = new java.io.File(((pathPrefix + java.lang.Integer.toString(counter)) + .png)): null

2018-12-13 14:16:45 - [TEST_STEP][PASSED] - Statement - counter = counter + 1: null

2018-12-13 14:16:45 - [TEST_STEP][PASSED] - Statement - PreSaveFile = new java.io.File(((pathPrefix + java.lang.Integer.toString(counter)) + .png)): null

2018-12-13 14:16:45 - [TEST_STEP][PASSED] - Statement - counter = counter + 1: null

2018-12-13 14:16:45 - [TEST_STEP][PASSED] - Statement - PreSaveFile = new java.io.File(((pathPrefix + java.lang.Integer.toString(counter)) + .png)): null

2018-12-13 14:16:45 - [TEST_STEP][PASSED] - Statement - counter = counter + 1: null

2018-12-13 14:16:45 - [TEST_STEP][PASSED] - Statement - PreSaveFile = new java.io.File(((pathPrefix + java.lang.Integer.toString(counter)) + .png)): null

2018-12-13 14:16:45 - [TEST_STEP][PASSED] - Statement - counter = counter + 1: null

2018-12-13 14:16:45 - [TEST_STEP][PASSED] - Statement - PreSaveFile = new java.io.File(((pathPrefix + java.lang.Integer.toString(counter)) + .png)): null

2018-12-13 14:16:45 - [TEST_STEP][PASSED] - Statement - counter = counter + 1: null

2018-12-13 14:16:45 - [TEST_STEP][PASSED] - Statement - PreSaveFile = new java.io.File(((pathPrefix + java.lang.Integer.toString(counter)) + .png)): null

2018-12-13 14:16:45 - [TEST_STEP][PASSED] - Statement - counter = counter + 1: null

2018-12-13 14:16:45 - [TEST_STEP][PASSED] - Statement - PreSaveFile = new java.io.File(((pathPrefix + java.lang.Integer.toString(counter)) + .png)): null

2018-12-13 14:16:45 - [TEST_STEP][PASSED] - Statement - counter = counter + 1: null

2018-12-13 14:16:45 - [TEST_STEP][PASSED] - Statement - PreSaveFile = new java.io.File(((pathPrefix + java.lang.Integer.toString(counter)) + .png)): null

2018-12-13 14:16:45 - [TEST_STEP][PASSED] - Statement - counter = counter + 1: null

2018-12-13 14:16:45 - [TEST_STEP][PASSED] - Statement - PreSaveFile = new java.io.File(((pathPrefix + java.lang.Integer.toString(counter)) + .png)): null

2018-12-13 14:16:45 - [TEST_STEP][PASSED] - Statement - counter = counter + 1: null

2018-12-13 14:16:45 - [TEST_STEP][PASSED] - Statement - PreSaveFile = new java.io.File(((pathPrefix + java.lang.Integer.toString(counter)) + .png)): null

2018-12-13 14:16:45 - [TEST_STEP][PASSED] - Statement - counter = counter + 1: null

2018-12-13 14:16:45 - [TEST_STEP][PASSED] - Statement - PreSaveFile = new java.io.File(((pathPrefix + java.lang.Integer.toString(counter)) + .png)): null

2018-12-13 14:16:45 - [TEST_STEP][PASSED] - Statement - counter = counter + 1: null

2018-12-13 14:16:45 - [TEST_STEP][PASSED] - Statement - PreSaveFile = new java.io.File(((pathPrefix + java.lang.Integer.toString(counter)) + .png)): null

2018-12-13 14:16:45 - [TEST_STEP][PASSED] - Statement - counter = counter + 1: null

2018-12-13 14:16:45 - [TEST_STEP][PASSED] - Statement - PreSaveFile = new java.io.File(((pathPrefix + java.lang.Integer.toString(counter)) + .png)): null

2018-12-13 14:16:45 - [TEST_STEP][PASSED] - Statement - counter = counter + 1: null

2018-12-13 14:16:45 - [TEST_STEP][PASSED] - Statement - PreSaveFile = new java.io.File(((pathPrefix + java.lang.Integer.toString(counter)) + .png)): null

2018-12-13 14:16:45 - [TEST_STEP][PASSED] - Statement - counter = counter + 1: null

2018-12-13 14:16:45 - [TEST_STEP][PASSED] - Statement - PreSaveFile = new java.io.File(((pathPrefix + java.lang.Integer.toString(counter)) + .png)): null

2018-12-13 14:16:45 - [TEST_STEP][PASSED] - Statement - counter = counter + 1: null

2018-12-13 14:16:45 - [TEST_STEP][PASSED] - Statement - PreSaveFile = new java.io.File(((pathPrefix + java.lang.Integer.toString(counter)) + .png)): null

2018-12-13 14:16:45 - [TEST_STEP][PASSED] - Statement - counter = counter + 1: null

2018-12-13 14:16:45 - [TEST_STEP][PASSED] - Statement - PreSaveFile = new java.io.File(((pathPrefix + java.lang.Integer.toString(counter)) + .png)): null

2018-12-13 14:16:45 - [TEST_STEP][PASSED] - Statement - counter = counter + 1: null

2018-12-13 14:16:45 - [TEST_STEP][PASSED] - Statement - PreSaveFile = new java.io.File(((pathPrefix + java.lang.Integer.toString(counter)) + .png)): null

2018-12-13 14:16:45 - [TEST_STEP][PASSED] - Statement - counter = counter + 1: null

2018-12-13 14:16:45 - [TEST_STEP][PASSED] - Statement - PreSaveFile = new java.io.File(((pathPrefix + java.lang.Integer.toString(counter)) + .png)): null

2018-12-13 14:16:45 - [TEST_STEP][PASSED] - Statement - counter = counter + 1: null

2018-12-13 14:16:45 - [TEST_STEP][PASSED] - Statement - PreSaveFile = new java.io.File(((pathPrefix + java.lang.Integer.toString(counter)) + .png)): null

2018-12-13 14:16:45 - [TEST_STEP][PASSED] - Statement - counter = counter + 1: null

2018-12-13 14:16:45 - [TEST_STEP][PASSED] - Statement - PreSaveFile = new java.io.File(((pathPrefix + java.lang.Integer.toString(counter)) + .png)): null

2018-12-13 14:16:45 - [TEST_STEP][PASSED] - Statement - counter = counter + 1: null

2018-12-13 14:16:45 - [TEST_STEP][PASSED] - Statement - PreSaveFile = new java.io.File(((pathPrefix + java.lang.Integer.toString(counter)) + .png)): null

2018-12-13 14:16:45 - [TEST_STEP][PASSED] - Statement - counter = counter + 1: null

2018-12-13 14:16:45 - [TEST_STEP][PASSED] - Statement - PreSaveFile = new java.io.File(((pathPrefix + java.lang.Integer.toString(counter)) + .png)): null

2018-12-13 14:16:45 - [TEST_STEP][PASSED] - Statement - counter = counter + 1: null

2018-12-13 14:16:45 - [TEST_STEP][PASSED] - Statement - PreSaveFile = new java.io.File(((pathPrefix + java.lang.Integer.toString(counter)) + .png)): null

2018-12-13 14:16:45 - [TEST_STEP][PASSED] - Statement - counter = counter + 1: null

2018-12-13 14:16:45 - [TEST_STEP][PASSED] - Statement - PreSaveFile = new java.io.File(((pathPrefix + java.lang.Integer.toString(counter)) + .png)): null

2018-12-13 14:16:45 - [TEST_STEP][PASSED] - Statement - counter = counter + 1: null

2018-12-13 14:16:45 - [TEST_STEP][PASSED] - Statement - PreSaveFile = new java.io.File(((pathPrefix + java.lang.Integer.toString(counter)) + .png)): null

2018-12-13 14:16:45 - [TEST_STEP][PASSED] - Statement - counter = counter + 1: null

2018-12-13 14:16:45 - [TEST_STEP][PASSED] - Statement - PreSaveFile = new java.io.File(((pathPrefix + java.lang.Integer.toString(counter)) + .png)): null

2018-12-13 14:16:45 - [TEST_STEP][PASSED] - Statement - counter = counter + 1: null

2018-12-13 14:16:45 - [TEST_STEP][PASSED] - Statement - PreSaveFile = new java.io.File(((pathPrefix + java.lang.Integer.toString(counter)) + .png)): null

2018-12-13 14:16:45 - [TEST_STEP][PASSED] - Statement - counter = counter + 1: null

2018-12-13 14:16:45 - [TEST_STEP][PASSED] - Statement - PreSaveFile = new java.io.File(((pathPrefix + java.lang.Integer.toString(counter)) + .png)): null

2018-12-13 14:16:45 - [TEST_STEP][PASSED] - Statement - counter = counter + 1: null

2018-12-13 14:16:45 - [TEST_STEP][PASSED] - Statement - PreSaveFile = new java.io.File(((pathPrefix + java.lang.Integer.toString(counter)) + .png)): null

2018-12-13 14:16:45 - [TEST_STEP][PASSED] - Statement - counter = counter + 1: null

2018-12-13 14:16:45 - [TEST_STEP][PASSED] - Statement - PreSaveFile = new java.io.File(((pathPrefix + java.lang.Integer.toString(counter)) + .png)): null

2018-12-13 14:16:45 - [TEST_STEP][PASSED] - Statement - counter = counter + 1: null

2018-12-13 14:16:45 - [TEST_STEP][PASSED] - Statement - PreSaveFile = new java.io.File(((pathPrefix + java.lang.Integer.toString(counter)) + .png)): null

2018-12-13 14:16:45 - [TEST_STEP][PASSED] - Statement - counter = counter + 1: null

2018-12-13 14:16:45 - [TEST_STEP][PASSED] - Statement - PreSaveFile = new java.io.File(((pathPrefix + java.lang.Integer.toString(counter)) + .png)): null

2018-12-13 14:16:45 - [TEST_STEP][PASSED] - Statement - counter = counter + 1: null

2018-12-13 14:16:45 - [TEST_STEP][PASSED] - Statement - PreSaveFile = new java.io.File(((pathPrefix + java.lang.Integer.toString(counter)) + .png)): null

2018-12-13 14:16:45 - [TEST_STEP][PASSED] - Statement - counter = counter + 1: null

2018-12-13 14:16:45 - [TEST_STEP][PASSED] - Statement - PreSaveFile = new java.io.File(((pathPrefix + java.lang.Integer.toString(counter)) + .png)): null

2018-12-13 14:16:45 - [TEST_STEP][PASSED] - Statement - counter = counter + 1: null

2018-12-13 14:16:45 - [TEST_STEP][PASSED] - Statement - PreSaveFile = new java.io.File(((pathPrefix + java.lang.Integer.toString(counter)) + .png)): null

2018-12-13 14:16:45 - [TEST_STEP][PASSED] - Statement - counter = counter + 1: null

2018-12-13 14:16:45 - [TEST_STEP][PASSED] - Statement - PreSaveFile = new java.io.File(((pathPrefix + java.lang.Integer.toString(counter)) + .png)): null

2018-12-13 14:16:45 - [TEST_STEP][PASSED] - Statement - counter = counter + 1: null

2018-12-13 14:16:45 - [TEST_STEP][PASSED] - Statement - PreSaveFile = new java.io.File(((pathPrefix + java.lang.Integer.toString(counter)) + .png)): null

2018-12-13 14:16:45 - [TEST_STEP][PASSED] - Statement - counter = counter + 1: null

2018-12-13 14:16:45 - [TEST_STEP][PASSED] - Statement - PreSaveFile = new java.io.File(((pathPrefix + java.lang.Integer.toString(counter)) + .png)): null

2018-12-13 14:16:45 - [TEST_STEP][PASSED] - Statement - counter = counter + 1: null

2018-12-13 14:16:45 - [TEST_STEP][PASSED] - Statement - PreSaveFile = new java.io.File(((pathPrefix + java.lang.Integer.toString(counter)) + .png)): null

2018-12-13 14:16:45 - [TEST_STEP][PASSED] - Statement - counter = counter + 1: null

2018-12-13 14:16:45 - [TEST_STEP][PASSED] - Statement - PreSaveFile = new java.io.File(((pathPrefix + java.lang.Integer.toString(counter)) + .png)): null

2018-12-13 14:16:45 - [TEST_STEP][PASSED] - Statement - counter = counter + 1: null

2018-12-13 14:16:45 - [TEST_STEP][PASSED] - Statement - PreSaveFile = new java.io.File(((pathPrefix + java.lang.Integer.toString(counter)) + .png)): null

2018-12-13 14:16:45 - [TEST_STEP][PASSED] - Statement - counter = counter + 1: null

2018-12-13 14:16:45 - [TEST_STEP][PASSED] - Statement - PreSaveFile = new java.io.File(((pathPrefix + java.lang.Integer.toString(counter)) + .png)): null

2018-12-13 14:16:45 - [TEST_STEP][PASSED] - Statement - counter = counter + 1: null

2018-12-13 14:16:45 - [TEST_STEP][PASSED] - Statement - PreSaveFile = new java.io.File(((pathPrefix + java.lang.Integer.toString(counter)) + .png)): null

2018-12-13 14:16:45 - [TEST_STEP][PASSED] - Statement - counter = counter + 1: null

2018-12-13 14:16:45 - [TEST_STEP][PASSED] - Statement - PreSaveFile = new java.io.File(((pathPrefix + java.lang.Integer.toString(counter)) + .png)): null

2018-12-13 14:16:45 - [TEST_STEP][PASSED] - Statement - counter = counter + 1: null

2018-12-13 14:16:45 - [TEST_STEP][PASSED] - Statement - PreSaveFile = new java.io.File(((pathPrefix + java.lang.Integer.toString(counter)) + .png)): null

2018-12-13 14:16:45 - [TEST_STEP][PASSED] - Statement - counter = counter + 1: null

2018-12-13 14:16:45 - [TEST_STEP][PASSED] - Statement - PreSaveFile = new java.io.File(((pathPrefix + java.lang.Integer.toString(counter)) + .png)): null

2018-12-13 14:16:45 - [TEST_STEP][PASSED] - Statement - counter = counter + 1: null

2018-12-13 14:16:45 - [TEST_STEP][PASSED] - Statement - PreSaveFile = new java.io.File(((pathPrefix + java.lang.Integer.toString(counter)) + .png)): null

2018-12-13 14:16:45 - [TEST_STEP][PASSED] - Statement - counter = counter + 1: null

2018-12-13 14:16:45 - [TEST_STEP][PASSED] - Statement - PreSaveFile = new java.io.File(((pathPrefix + java.lang.Integer.toString(counter)) + .png)): null

2018-12-13 14:16:45 - [TEST_STEP][PASSED] - Statement - counter = counter + 1: null

2018-12-13 14:16:45 - [TEST_STEP][PASSED] - Statement - PreSaveFile = new java.io.File(((pathPrefix + java.lang.Integer.toString(counter)) + .png)): null

2018-12-13 14:16:45 - [TEST_STEP][PASSED] - Statement - counter = counter + 1: null

2018-12-13 14:16:45 - [TEST_STEP][PASSED] - Statement - PreSaveFile = new java.io.File(((pathPrefix + java.lang.Integer.toString(counter)) + .png)): null

2018-12-13 14:16:45 - [TEST_STEP][PASSED] - Statement - counter = counter + 1: null

2018-12-13 14:16:45 - [TEST_STEP][PASSED] - Statement - PreSaveFile = new java.io.File(((pathPrefix + java.lang.Integer.toString(counter)) + .png)): null

2018-12-13 14:16:45 - [TEST_STEP][PASSED] - Statement - counter = counter + 1: null

2018-12-13 14:16:45 - [TEST_STEP][PASSED] - Statement - PreSaveFile = new java.io.File(((pathPrefix + java.lang.Integer.toString(counter)) + .png)): null

2018-12-13 14:16:45 - [TEST_STEP][PASSED] - Statement - counter = counter + 1: null

2018-12-13 14:16:45 - [TEST_STEP][PASSED] - Statement - PreSaveFile = new java.io.File(((pathPrefix + java.lang.Integer.toString(counter)) + .png)): null

2018-12-13 14:16:45 - [TEST_STEP][PASSED] - Statement - counter = counter + 1: null

2018-12-13 14:16:45 - [TEST_STEP][PASSED] - Statement - PreSaveFile = new java.io.File(((pathPrefix + java.lang.Integer.toString(counter)) + .png)): null

2018-12-13 14:16:45 - [TEST_STEP][PASSED] - Statement - counter = counter + 1: null

2018-12-13 14:16:45 - [TEST_STEP][PASSED] - Statement - PreSaveFile = new java.io.File(((pathPrefix + java.lang.Integer.toString(counter)) + .png)): null

2018-12-13 14:16:45 - [TEST_STEP][PASSED] - Statement - counter = counter + 1: null

2018-12-13 14:16:45 - [TEST_STEP][PASSED] - Statement - PreSaveFile = new java.io.File(((pathPrefix + java.lang.Integer.toString(counter)) + .png)): null

2018-12-13 14:16:45 - [TEST_STEP][PASSED] - Statement - counter = counter + 1: null

2018-12-13 14:16:45 - [TEST_STEP][PASSED] - Statement - PreSaveFile = new java.io.File(((pathPrefix + java.lang.Integer.toString(counter)) + .png)): null

2018-12-13 14:16:45 - [TEST_STEP][PASSED] - Statement - counter = counter + 1: null

2018-12-13 14:16:45 - [TEST_STEP][PASSED] - Statement - PreSaveFile = new java.io.File(((pathPrefix + java.lang.Integer.toString(counter)) + .png)): null

2018-12-13 14:16:45 - [TEST_STEP][PASSED] - Statement - counter = counter + 1: null

2018-12-13 14:16:45 - [TEST_STEP][PASSED] - Statement - PreSaveFile = new java.io.File(((pathPrefix + java.lang.Integer.toString(counter)) + .png)): null

2018-12-13 14:16:45 - [TEST_STEP][PASSED] - Statement - counter = counter + 1: null

2018-12-13 14:16:45 - [TEST_STEP][PASSED] - Statement - PreSaveFile = new java.io.File(((pathPrefix + java.lang.Integer.toString(counter)) + .png)): null

2018-12-13 14:16:45 - [TEST_STEP][PASSED] - Statement - finalPath = pathPrefix + java.lang.Integer.toString(counter) + ".png": null

2018-12-13 14:16:45 - [TEST_STEP][PASSED] - Statement - SaveFile = new java.io.File(finalPath): null

2018-12-13 14:16:45 - [TEST_STEP][PASSED] - Statement - Try: null

2018-12-13 14:16:45 - [TEST_STEP][PASSED] - Statement - org.apache.commons.io.FileUtils.copyFile(scrFile, SaveFile): null

2018-12-13 14:16:45 - [TEST_STEP][PASSED] - Statement - out.println("file kept"): null

2018-12-13 14:16:45 - [TEST_STEP][PASSED] - delay: Delayed 10 second(s)

2018-12-13 14:16:55 - [MESSAGE][PASSED] - Delayed 10 second(s)

2018-12-13 14:16:55 - [MESSAGE][PASSED] - Call Test Case 'Test Cases/Final Aug 2018 - PKS Automation/Registration Module/New Registration/Submit and Screenshot/Submit Registration and Screenshot' successfully

2018-12-13 14:16:55 - [TEST_STEP][PASSED] - callTestCase: Call Test Case 'Test Cases/Final Aug 2018 - PKS Automation/Registration Module/Log Out/log out avoiding katalon tagging' successfully

2018-12-13 14:16:55 - [TEST_CASE][PASSED] - Test Cases/Final Aug 2018 - PKS Automation/Registration Module/Log Out/log out avoiding katalon tagging: Test Cases/Final Aug 2018 - PKS Automation/Registration Module/Log Out/log out avoiding katalon tagging

2018-12-13 14:16:55 - [TEST_STEP][PASSED] - navigateToUrl: Navigate to 'https://assist2-uat.perkeso.gov.my/c/portal/logout' successfully

2018-12-13 14:16:56 - [MESSAGE][PASSED] - Navigate to 'https://assist2-uat.perkeso.gov.my/c/portal/logout' successfully

2018-12-13 14:16:56 - [MESSAGE][PASSED] - Call Test Case 'Test Cases/Final Aug 2018 - PKS Automation/Registration Module/Log Out/log out avoiding katalon tagging' successfully

2018-12-13 14:16:56 - [TEST_STEP][PASSED] - callTestCase: Call Test Case 'Test Cases/Final Aug 2018 - PKS Automation/Common/Workflow Owner Finder' successfully

2018-12-13 14:16:56 - [TEST_CASE][PASSED] - Test Cases/Final Aug 2018 - PKS Automation/Common/Workflow Owner Finder: Test Cases/Final Aug 2018 - PKS Automation/Common/Workflow Owner Finder

2018-12-13 14:16:56 - [TEST_STEP][PASSED] - openBrowser: Browser is opened with url: ''

2018-12-13 14:16:56 - [MESSAGE][WARNING] - A browser is already opened. Closing browser and opening a new one

2018-12-13 14:17:00 - [MESSAGE][PASSED] - Browser is opened with url: ''

2018-12-13 14:17:00 - [TEST_STEP][PASSED] - navigateToUrl: Navigate to 'https://assist2-uat.perkeso.gov.my/login' successfully

2018-12-13 14:17:01 - [MESSAGE][PASSED] - Navigate to 'https://assist2-uat.perkeso.gov.my/login' successfully

2018-12-13 14:17:01 - [TEST_STEP][PASSED] - delay: Delayed 5 second(s)

2018-12-13 14:17:06 - [MESSAGE][PASSED] - Delayed 5 second(s)

2018-12-13 14:17:06 - [TEST_STEP][PASSED] - setText: Text 'test@liferay.com' is set on object 'Object Repository/Final Object Repo/Login Page/Internal User/Email Address'

2018-12-13 14:17:07 - [MESSAGE][PASSED] - Text 'test@liferay.com' is set on object 'Object Repository/Final Object Repo/Login Page/Internal User/Email Address'

2018-12-13 14:17:07 - [TEST_STEP][PASSED] - click: Object: 'Object Repository/Final Object Repo/Login Page/Internal User/Next Button' is clicked on

2018-12-13 14:17:07 - [MESSAGE][PASSED] - Object: 'Object Repository/Final Object Repo/Login Page/Internal User/Next Button' is clicked on

2018-12-13 14:17:07 - [TEST_STEP][PASSED] - delay: Delayed 2 second(s)

2018-12-13 14:17:09 - [MESSAGE][PASSED] - Delayed 2 second(s)

2018-12-13 14:17:09 - [TEST_STEP][PASSED] - setText: Text 'test' is set on object 'Object Repository/Final Object Repo/Login Page/Internal User/Password'

2018-12-13 14:17:09 - [MESSAGE][PASSED] - Text 'test' is set on object 'Object Repository/Final Object Repo/Login Page/Internal User/Password'

2018-12-13 14:17:09 - [TEST_STEP][PASSED] - delay: Delayed 2 second(s)

2018-12-13 14:17:11 - [MESSAGE][PASSED] - Delayed 2 second(s)

2018-12-13 14:17:11 - [TEST_STEP][PASSED] - click: Object: 'Object Repository/Final Object Repo/Login Page/Internal User/Login Button' is clicked on

2018-12-13 14:17:11 - [MESSAGE][PASSED] - Object: 'Object Repository/Final Object Repo/Login Page/Internal User/Login Button' is clicked on

2018-12-13 14:17:11 - [TEST_STEP][PASSED] - Statement - tester = com.kms.katalon.core.testobject.ObjectRepository.findTestObject(Final Object Repo/Landing Page/Select to English): Finding Test Object with id 'Object Repository/Final Object Repo/Landing Page/Select to English'

2018-12-13 14:17:11 - [TEST_STEP][PASSED] - Statement - Try: Delayed 2 second(s)

2018-12-13 14:17:11 - [TEST_STEP][PASSED] - Statement - Checker = com.kms.katalon.core.webui.keyword.WebUiBuiltInKeywords.verifyElementNotPresent(tester, 3): Web element with id: 'Object Repository/Final Object Repo/Landing Page/Select to English' located by 'By.xpath: //a[@class = 'taglib-language-list-text' and @lang = 'en-US' and (contains(text(), 'EN') or contains(., 'EN'))]' is not present after '3' second(s)

2018-12-13 14:17:13 - [MESSAGE][PASSED] - Web element with id: 'Object Repository/Final Object Repo/Landing Page/Select to English' located by 'By.xpath: //a[@class = 'taglib-language-list-text' and @lang = 'en-US' and (contains(text(), 'EN') or contains(., 'EN'))]' is not present after '3' second(s)

2018-12-13 14:17:13 - [TEST_STEP][PASSED] - Statement - If (Checker == false): null

2018-12-13 14:17:13 - [TEST_STEP][PASSED] - delay: Delayed 2 second(s)

2018-12-13 14:17:15 - [MESSAGE][PASSED] - Delayed 2 second(s)

2018-12-13 14:17:15 - [TEST_STEP][PASSED] - delay: Delayed 5 second(s)

2018-12-13 14:17:20 - [MESSAGE][PASSED] - Delayed 5 second(s)

2018-12-13 14:17:20 - [TEST_STEP][PASSED] - mouseOver: Object: 'Object Repository/Final Object Repo/Landing Page/WorkFlow Menu' is hovered

2018-12-13 14:17:20 - [MESSAGE][PASSED] - Object: 'Object Repository/Final Object Repo/Landing Page/WorkFlow Menu' is hovered

2018-12-13 14:17:20 - [TEST_STEP][PASSED] - delay: Delayed 2 second(s)

2018-12-13 14:17:22 - [MESSAGE][PASSED] - Delayed 2 second(s)

2018-12-13 14:17:22 - [TEST_STEP][PASSED] - click: Object: 'Object Repository/Final Object Repo/Landing Page/Select to Workflow Listing' is clicked on

2018-12-13 14:17:23 - [MESSAGE][PASSED] - Object: 'Object Repository/Final Object Repo/Landing Page/Select to Workflow Listing' is clicked on

2018-12-13 14:17:23 - [TEST_STEP][PASSED] - delay: Delayed 2 second(s)

2018-12-13 14:17:25 - [MESSAGE][PASSED] - Delayed 2 second(s)

2018-12-13 14:17:25 - [TEST_STEP][PASSED] - click: Object: 'Object Repository/Final Object Repo/WorkFlow Listing Page/Search Information - To Put Ref No' is clicked on

2018-12-13 14:17:26 - [MESSAGE][PASSED] - Object: 'Object Repository/Final Object Repo/WorkFlow Listing Page/Search Information - To Put Ref No' is clicked on

2018-12-13 14:17:26 - [TEST_STEP][PASSED] - delay: Delayed 2 second(s)

2018-12-13 14:17:28 - [MESSAGE][PASSED] - Delayed 2 second(s)

2018-12-13 14:17:28 - [TEST_STEP][PASSED] - callTestCase: Call Test Case 'Test Cases/Final Aug 2018 - PKS Automation/Common/Reference Number Getter' successfully

2018-12-13 14:17:28 - [TEST_CASE][PASSED] - Test Cases/Final Aug 2018 - PKS Automation/Common/Reference Number Getter: Test Cases/Final Aug 2018 - PKS Automation/Common/Reference Number Getter

2018-12-13 14:17:28 - [TEST_STEP][PASSED] - Statement - Try: null

2018-12-13 14:17:28 - [TEST_STEP][PASSED] - Statement - RefNo = new java.io.File(C://Users//Admin//Desktop//PKS//Automation Reference Point//KatalonReference.txt): null

2018-12-13 14:17:28 - [TEST_STEP][PASSED] - Statement - bufferread = new java.io.BufferedReader(new java.io.FileReader(RefNo)): null

2018-12-13 14:17:28 - [TEST_STEP][PASSED] - Statement - readedVal = bufferread.readLine(): null

2018-12-13 14:17:28 - [TEST_STEP][PASSED] - Statement - out.println(CaseReferenceNo): null

2018-12-13 14:17:28 - [TEST_STEP][PASSED] - Statement - out.println(readedVal): null

2018-12-13 14:17:28 - [TEST_STEP][PASSED] - Statement - CaseReferenceNo = "": null

2018-12-13 14:17:28 - [TEST_STEP][PASSED] - Statement - CaseReferenceNo = readedVal: null

2018-12-13 14:17:28 - [MESSAGE][PASSED] - Call Test Case 'Test Cases/Final Aug 2018 - PKS Automation/Common/Reference Number Getter' successfully

2018-12-13 14:17:28 - [TEST_STEP][PASSED] - setText: Text 'CRN12201800123280' is set on object 'Object Repository/Final Object Repo/WorkFlow Listing Page/Ref No Set Text'

2018-12-13 14:17:28 - [MESSAGE][PASSED] - Text 'CRN12201800123280' is set on object 'Object Repository/Final Object Repo/WorkFlow Listing Page/Ref No Set Text'

2018-12-13 14:17:28 - [TEST_STEP][PASSED] - delay: Delayed 2 second(s)

2018-12-13 14:17:30 - [MESSAGE][PASSED] - Delayed 2 second(s)

2018-12-13 14:17:30 - [TEST_STEP][PASSED] - click: Object: 'Object Repository/Final Object Repo/WorkFlow Listing Page/Search Ref No Search Button' is clicked on

2018-12-13 14:17:30 - [MESSAGE][PASSED] - Object: 'Object Repository/Final Object Repo/WorkFlow Listing Page/Search Ref No Search Button' is clicked on

2018-12-13 14:17:30 - [TEST_STEP][PASSED] - delay: Delayed 6 second(s)

2018-12-13 14:17:36 - [MESSAGE][PASSED] - Delayed 6 second(s)

2018-12-13 14:17:36 - [TEST_STEP][PASSED] - click: Object: 'Object Repository/Final Object Repo/WorkFlow Listing Page/Click Continue Tooltip' is clicked on

2018-12-13 14:17:37 - [MESSAGE][PASSED] - Object: 'Object Repository/Final Object Repo/WorkFlow Listing Page/Click Continue Tooltip' is clicked on

2018-12-13 14:17:37 - [TEST_STEP][PASSED] - delay: Delayed 5 second(s)

2018-12-13 14:17:42 - [MESSAGE][PASSED] - Delayed 5 second(s)

2018-12-13 14:17:42 - [TEST_STEP][PASSED] - doubleClick: Object: 'Object Repository/Final Object Repo/WorkFlow Listing Page/Workflow Found - Listing 1' is double clicked on

2018-12-13 14:17:42 - [MESSAGE][PASSED] - Object: 'Object Repository/Final Object Repo/WorkFlow Listing Page/Workflow Found - Listing 1' is double clicked on

2018-12-13 14:17:42 - [TEST_STEP][PASSED] - Statement - println(OwnerID): null

2018-12-13 14:17:42 - [TEST_STEP][PASSED] - Statement - OwnerID = com.kms.katalon.core.webui.keyword.WebUiBuiltInKeywords.getText(com.kms.katalon.core.testobject.ObjectRepository.findTestObject(Final Object Repo/WorkFlow Listing Page/Workflow Found - Listing 1), STOP_ON_FAILURE): Text of object 'Object Repository/Final Object Repo/WorkFlow Listing Page/Workflow Found - Listing 1' is: 'JOHORro3'

2018-12-13 14:17:42 - [MESSAGE][PASSED] - Text of object 'Object Repository/Final Object Repo/WorkFlow Listing Page/Workflow Found - Listing 1' is: 'JOHORro3'

2018-12-13 14:17:42 - [TEST_STEP][PASSED] - Statement - OwnerID = OwnerID.toLowerCase() + "@gmail.com": null

2018-12-13 14:17:42 - [TEST_STEP][PASSED] - Statement - println(OwnerID): null

2018-12-13 14:17:42 - [TEST_STEP][PASSED] - delay: Delayed 2 second(s)

2018-12-13 14:17:44 - [MESSAGE][PASSED] - Delayed 2 second(s)

2018-12-13 14:17:44 - [MESSAGE][PASSED] - Call Test Case 'Test Cases/Final Aug 2018 - PKS Automation/Common/Workflow Owner Finder' successfully

2018-12-13 14:17:44 - [TEST_STEP][PASSED] - callTestCase: Call Test Case 'Test Cases/Final Aug 2018 - PKS Automation/Registration Module/Log Out/log out avoiding katalon tagging' successfully

2018-12-13 14:17:45 - [TEST_CASE][PASSED] - Test Cases/Final Aug 2018 - PKS Automation/Registration Module/Log Out/log out avoiding katalon tagging: Test Cases/Final Aug 2018 - PKS Automation/Registration Module/Log Out/log out avoiding katalon tagging

2018-12-13 14:17:45 - [TEST_STEP][PASSED] - navigateToUrl: Navigate to 'https://assist2-uat.perkeso.gov.my/c/portal/logout' successfully

2018-12-13 14:17:45 - [MESSAGE][PASSED] - Navigate to 'https://assist2-uat.perkeso.gov.my/c/portal/logout' successfully

2018-12-13 14:17:45 - [MESSAGE][PASSED] - Call Test Case 'Test Cases/Final Aug 2018 - PKS Automation/Registration Module/Log Out/log out avoiding katalon tagging' successfully

2018-12-13 14:17:45 - [TEST_STEP][PASSED] - delay: Delayed 2 second(s)

2018-12-13 14:17:47 - [MESSAGE][PASSED] - Delayed 2 second(s)

2018-12-13 14:17:47 - [TEST_STEP][PASSED] - setText: Text 'johorro3@gmail.com' is set on object 'Object Repository/Final Object Repo/New Registration - Registration Module Pages/New Reg - OTC to RO/Special Case - All Related Objects/Email TextBox'

2018-12-13 14:17:48 - [MESSAGE][PASSED] - Text 'johorro3@gmail.com' is set on object 'Object Repository/Final Object Repo/New Registration - Registration Module Pages/New Reg - OTC to RO/Special Case - All Related Objects/Email TextBox'

2018-12-13 14:17:48 - [TEST_STEP][PASSED] - click: Object: 'Object Repository/Final Object Repo/New Registration - Registration Module Pages/New Reg - OTC to RO/Special Case - All Related Objects/Next Button' is clicked on

2018-12-13 14:17:48 - [MESSAGE][PASSED] - Object: 'Object Repository/Final Object Repo/New Registration - Registration Module Pages/New Reg - OTC to RO/Special Case - All Related Objects/Next Button' is clicked on

2018-12-13 14:17:48 - [TEST_STEP][PASSED] - delay: Delayed 2 second(s)

2018-12-13 14:17:50 - [MESSAGE][PASSED] - Delayed 2 second(s)

2018-12-13 14:17:50 - [TEST_STEP][PASSED] - setText: Text 'Test1@3456789' is set on object 'Object Repository/Final Object Repo/New Registration - Registration Module Pages/New Reg - OTC to RO/Special Case - All Related Objects/Password TextBox'

2018-12-13 14:17:50 - [MESSAGE][PASSED] - Text 'Test1@3456789' is set on object 'Object Repository/Final Object Repo/New Registration - Registration Module Pages/New Reg - OTC to RO/Special Case - All Related Objects/Password TextBox'

2018-12-13 14:17:50 - [TEST_STEP][PASSED] - delay: Delayed 2 second(s)

2018-12-13 14:17:52 - [MESSAGE][PASSED] - Delayed 2 second(s)

2018-12-13 14:17:52 - [TEST_STEP][PASSED] - click: Object: 'Object Repository/Final Object Repo/New Registration - Registration Module Pages/New Reg - OTC to RO/Special Case - All Related Objects/Login Button' is clicked on

2018-12-13 14:17:52 - [MESSAGE][PASSED] - Object: 'Object Repository/Final Object Repo/New Registration - Registration Module Pages/New Reg - OTC to RO/Special Case - All Related Objects/Login Button' is clicked on

2018-12-13 14:17:52 - [TEST_STEP][PASSED] - delay: Delayed 2 second(s)

2018-12-13 14:17:54 - [MESSAGE][PASSED] - Delayed 2 second(s)

2018-12-13 14:17:54 - [TEST_STEP][PASSED] - Statement - Try: null

2018-12-13 14:17:54 - [TEST_STEP][PASSED] - Statement - Checker = com.kms.katalon.core.webui.keyword.WebUiBuiltInKeywords.verifyElementNotPresent("Final Object Repo/Landing Page/Select to English", 3): null

2018-12-13 14:17:54 - [TEST_STEP][PASSED] - Statement - Catch (Exception e): null

2018-12-13 14:17:54 - [TEST_STEP][PASSED] - Statement - e.printStackTrace(): null

2018-12-13 14:17:54 - [TEST_STEP][PASSED] - click: Object: 'Object Repository/Final Object Repo/New Registration - Registration Module Pages/New Reg - OTC to RO/Special Case - All Related Objects/Expand to Search' is clicked on

2018-12-13 14:17:54 - [MESSAGE][PASSED] - Object: 'Object Repository/Final Object Repo/New Registration - Registration Module Pages/New Reg - OTC to RO/Special Case - All Related Objects/Expand to Search' is clicked on

2018-12-13 14:17:54 - [TEST_STEP][PASSED] - setText: Text 'CRN12201800123280' is set on object 'Object Repository/Final Object Repo/New Registration - Registration Module Pages/New Reg - OTC to RO/Special Case - All Related Objects/TextBox RefNo in Workbasket'

2018-12-13 14:17:55 - [MESSAGE][PASSED] - Text 'CRN12201800123280' is set on object 'Object Repository/Final Object Repo/New Registration - Registration Module Pages/New Reg - OTC to RO/Special Case - All Related Objects/TextBox RefNo in Workbasket'

2018-12-13 14:17:55 - [TEST_STEP][PASSED] - delay: Delayed 2 second(s)

2018-12-13 14:17:57 - [MESSAGE][PASSED] - Delayed 2 second(s)

2018-12-13 14:17:57 - [TEST_STEP][PASSED] - click: Object: 'Object Repository/Final Object Repo/New Registration - Registration Module Pages/New Reg - OTC to RO/Special Case - All Related Objects/Click Search' is clicked on

2018-12-13 14:17:57 - [MESSAGE][PASSED] - Object: 'Object Repository/Final Object Repo/New Registration - Registration Module Pages/New Reg - OTC to RO/Special Case - All Related Objects/Click Search' is clicked on

2018-12-13 14:17:57 - [TEST_STEP][PASSED] - delay: Delayed 2 second(s)

2018-12-13 14:17:59 - [MESSAGE][PASSED] - Delayed 2 second(s)

2018-12-13 14:17:59 - [TEST_STEP][PASSED] - click: Object: 'Object Repository/Final Object Repo/New Registration - Registration Module Pages/New Reg - OTC to RO/Special Case - All Related Objects/Click to Continue Workflow' is clicked on

2018-12-13 14:18:02 - [MESSAGE][PASSED] - Object: 'Object Repository/Final Object Repo/New Registration - Registration Module Pages/New Reg - OTC to RO/Special Case - All Related Objects/Click to Continue Workflow' is clicked on

2018-12-13 14:18:02 - [TEST_STEP][PASSED] - delay: Delayed 2 second(s)

2018-12-13 14:18:04 - [MESSAGE][PASSED] - Delayed 2 second(s)

2018-12-13 14:18:04 - [TEST_STEP][PASSED] - click: Object: 'Object Repository/Final Object Repo/New Registration - Registration Module Pages/New Reg - OTC to RO/Special Case - All Related Objects/Continue Button in verifying case' is clicked on

2018-12-13 14:18:06 - [MESSAGE][PASSED] - Object: 'Object Repository/Final Object Repo/New Registration - Registration Module Pages/New Reg - OTC to RO/Special Case - All Related Objects/Continue Button in verifying case' is clicked on

2018-12-13 14:18:06 - [TEST_STEP][PASSED] - delay: Delayed 2 second(s)

2018-12-13 14:18:08 - [MESSAGE][PASSED] - Delayed 2 second(s)

2018-12-13 14:18:08 - [TEST_STEP][PASSED] - click: Object: 'Object Repository/Final Object Repo/New Registration - Registration Module Pages/Form 1/Registered As a Branch - Yes' is clicked on

2018-12-13 14:18:08 - [MESSAGE][PASSED] - Object: 'Object Repository/Final Object Repo/New Registration - Registration Module Pages/Form 1/Registered As a Branch - Yes' is clicked on

2018-12-13 14:18:08 - [TEST_STEP][PASSED] - delay: Delayed 2 second(s)

2018-12-13 14:18:10 - [MESSAGE][PASSED] - Delayed 2 second(s)

2018-12-13 14:18:10 - [TEST_STEP][PASSED] - click: Object: 'Object Repository/Final Object Repo/New Registration - Registration Module Pages/New Reg - OTC to RO/Special Case - All Related Objects/Form 1 Save n Continue' is clicked on

2018-12-13 14:18:10 - [MESSAGE][PASSED] - Object: 'Object Repository/Final Object Repo/New Registration - Registration Module Pages/New Reg - OTC to RO/Special Case - All Related Objects/Form 1 Save n Continue' is clicked on

2018-12-13 14:18:10 - [TEST_STEP][PASSED] - delay: Delayed 2 second(s)

2018-12-13 14:18:12 - [MESSAGE][PASSED] - Delayed 2 second(s)

2018-12-13 14:18:12 - [TEST_STEP][PASSED] - click: Object: 'Object Repository/Final Object Repo/New Registration - Registration Module Pages/New Reg - OTC to RO/Special Case - All Related Objects/Form 2 Save n Continue' is clicked on

2018-12-13 14:18:13 - [MESSAGE][PASSED] - Object: 'Object Repository/Final Object Repo/New Registration - Registration Module Pages/New Reg - OTC to RO/Special Case - All Related Objects/Form 2 Save n Continue' is clicked on

2018-12-13 14:18:13 - [TEST_STEP][PASSED] - delay: Delayed 2 second(s)

2018-12-13 14:18:15 - [MESSAGE][PASSED] - Delayed 2 second(s)

2018-12-13 14:18:15 - [TEST_STEP][PASSED] - click: Object: 'Object Repository/Final Object Repo/New Registration - Registration Module Pages/New Reg - OTC to RO/Special Case - All Related Objects/Third Screen Save n Continue' is clicked on

2018-12-13 14:18:20 - [MESSAGE][PASSED] - Object: 'Object Repository/Final Object Repo/New Registration - Registration Module Pages/New Reg - OTC to RO/Special Case - All Related Objects/Third Screen Save n Continue' is clicked on

2018-12-13 14:18:20 - [TEST_STEP][PASSED] - delay: Delayed 5 second(s)

2018-12-13 14:18:25 - [MESSAGE][PASSED] - Delayed 5 second(s)

2018-12-13 14:18:25 - [TEST_STEP][PASSED] - click: Object: 'Object Repository/Final Object Repo/New Registration - Registration Module Pages/New Reg - OTC to RO/Special Case - All Related Objects/Upload Doc Page Save n Continue' is clicked on

2018-12-13 14:18:25 - [MESSAGE][PASSED] - Object: 'Object Repository/Final Object Repo/New Registration - Registration Module Pages/New Reg - OTC to RO/Special Case - All Related Objects/Upload Doc Page Save n Continue' is clicked on

2018-12-13 14:18:25 - [TEST_STEP][PASSED] - delay: Delayed 5 second(s)

2018-12-13 14:18:30 - [MESSAGE][PASSED] - Delayed 5 second(s)

2018-12-13 14:18:30 - [TEST_STEP][PASSED] - click: Object: 'Object Repository/Final Object Repo/New Registration - Registration Module Pages/New Reg - OTC to RO/Special Case - All Related Objects/Under Enforcement Button at Preview Screen of RO' is clicked on

2018-12-13 14:18:30 - [MESSAGE][PASSED] - Object: 'Object Repository/Final Object Repo/New Registration - Registration Module Pages/New Reg - OTC to RO/Special Case - All Related Objects/Under Enforcement Button at Preview Screen of RO' is clicked on

2018-12-13 14:18:30 - [TEST_STEP][PASSED] - delay: Delayed 5 second(s)

2018-12-13 14:18:35 - [MESSAGE][PASSED] - Delayed 5 second(s)

2018-12-13 14:18:35 - [TEST_STEP][PASSED] - click: Object: 'Object Repository/Final Object Repo/New Registration - Registration Module Pages/New Reg - OTC to RO/Special Case - All Related Objects/Under Enforcement - inner form' is clicked on

2018-12-13 14:18:36 - [MESSAGE][PASSED] - Object: 'Object Repository/Final Object Repo/New Registration - Registration Module Pages/New Reg - OTC to RO/Special Case - All Related Objects/Under Enforcement - inner form' is clicked on

2018-12-13 14:18:36 - [TEST_STEP][PASSED] - callTestCase: Call Test Case 'Test Cases/Final Aug 2018 - PKS Automation/Common/Screenshoting tool' successfully

2018-12-13 14:18:36 - [TEST_CASE][PASSED] - Test Cases/Final Aug 2018 - PKS Automation/Common/Screenshoting tool: Test Cases/Final Aug 2018 - PKS Automation/Common/Screenshoting tool

2018-12-13 14:18:36 - [TEST_STEP][PASSED] - delay: Delayed 15 second(s)

2018-12-13 14:18:51 - [MESSAGE][PASSED] - Delayed 15 second(s)

2018-12-13 14:18:51 - [TEST_STEP][PASSED] - Statement - driver = com.kms.katalon.core.webui.driver.DriverFactory.getWebDriver(): null

2018-12-13 14:18:51 - [TEST_STEP][PASSED] - Statement - driver.manage().timeouts().implicitlyWait(10, SECONDS): null

2018-12-13 14:18:51 - [TEST_STEP][PASSED] - Statement - PresavePath = KatalonScreenshots: null

2018-12-13 14:18:51 - [TEST_STEP][PASSED] - Statement - pathPrefix = "C:\Users\Public\Pictures\Sample Pictures\Katalon Screenshots\Automate Ending Screen": null

2018-12-13 14:18:51 - [TEST_STEP][PASSED] - Statement - finalPath = <not implemented yet for class: org.codehaus.groovy.ast.expr.EmptyExpression>: null

2018-12-13 14:18:51 - [TEST_STEP][PASSED] - Statement - scrFile = driver.getScreenshotAs(FILE): null

2018-12-13 14:18:51 - [TEST_STEP][PASSED] - Statement - PreSaveFile = new java.io.File(PresavePath): null

2018-12-13 14:18:51 - [TEST_STEP][PASSED] - Statement - counter = 0: null

2018-12-13 14:18:51 - [TEST_STEP][PASSED] - Statement - If (PreSaveFile.exists()): null

2018-12-13 14:18:51 - [TEST_STEP][PASSED] - Statement - While (PreSaveFile.exists()): null

2018-12-13 14:18:51 - [TEST_STEP][PASSED] - Statement - counter = counter + 1: null

2018-12-13 14:18:51 - [TEST_STEP][PASSED] - Statement - PreSaveFile = new java.io.File(((pathPrefix + java.lang.Integer.toString(counter)) + .png)): null

2018-12-13 14:18:51 - [TEST_STEP][PASSED] - Statement - counter = counter + 1: null

2018-12-13 14:18:51 - [TEST_STEP][PASSED] - Statement - PreSaveFile = new java.io.File(((pathPrefix + java.lang.Integer.toString(counter)) + .png)): null

2018-12-13 14:18:51 - [TEST_STEP][PASSED] - Statement - counter = counter + 1: null

2018-12-13 14:18:51 - [TEST_STEP][PASSED] - Statement - PreSaveFile = new java.io.File(((pathPrefix + java.lang.Integer.toString(counter)) + .png)): null

2018-12-13 14:18:51 - [TEST_STEP][PASSED] - Statement - counter = counter + 1: null

2018-12-13 14:18:51 - [TEST_STEP][PASSED] - Statement - PreSaveFile = new java.io.File(((pathPrefix + java.lang.Integer.toString(counter)) + .png)): null

2018-12-13 14:18:51 - [TEST_STEP][PASSED] - Statement - counter = counter + 1: null

2018-12-13 14:18:51 - [TEST_STEP][PASSED] - Statement - PreSaveFile = new java.io.File(((pathPrefix + java.lang.Integer.toString(counter)) + .png)): null

2018-12-13 14:18:51 - [TEST_STEP][PASSED] - Statement - counter = counter + 1: null

2018-12-13 14:18:51 - [TEST_STEP][PASSED] - Statement - PreSaveFile = new java.io.File(((pathPrefix + java.lang.Integer.toString(counter)) + .png)): null

2018-12-13 14:18:51 - [TEST_STEP][PASSED] - Statement - counter = counter + 1: null

2018-12-13 14:18:51 - [TEST_STEP][PASSED] - Statement - PreSaveFile = new java.io.File(((pathPrefix + java.lang.Integer.toString(counter)) + .png)): null

2018-12-13 14:18:51 - [TEST_STEP][PASSED] - Statement - counter = counter + 1: null

2018-12-13 14:18:51 - [TEST_STEP][PASSED] - Statement - PreSaveFile = new java.io.File(((pathPrefix + java.lang.Integer.toString(counter)) + .png)): null

2018-12-13 14:18:51 - [TEST_STEP][PASSED] - Statement - counter = counter + 1: null

2018-12-13 14:18:51 - [TEST_STEP][PASSED] - Statement - PreSaveFile = new java.io.File(((pathPrefix + java.lang.Integer.toString(counter)) + .png)): null

2018-12-13 14:18:51 - [TEST_STEP][PASSED] - Statement - counter = counter + 1: null

2018-12-13 14:18:51 - [TEST_STEP][PASSED] - Statement - PreSaveFile = new java.io.File(((pathPrefix + java.lang.Integer.toString(counter)) + .png)): null

2018-12-13 14:18:51 - [TEST_STEP][PASSED] - Statement - counter = counter + 1: null

2018-12-13 14:18:51 - [TEST_STEP][PASSED] - Statement - PreSaveFile = new java.io.File(((pathPrefix + java.lang.Integer.toString(counter)) + .png)): null

2018-12-13 14:18:51 - [TEST_STEP][PASSED] - Statement - counter = counter + 1: null

2018-12-13 14:18:51 - [TEST_STEP][PASSED] - Statement - PreSaveFile = new java.io.File(((pathPrefix + java.lang.Integer.toString(counter)) + .png)): null

2018-12-13 14:18:51 - [TEST_STEP][PASSED] - Statement - counter = counter + 1: null

2018-12-13 14:18:51 - [TEST_STEP][PASSED] - Statement - PreSaveFile = new java.io.File(((pathPrefix + java.lang.Integer.toString(counter)) + .png)): null

2018-12-13 14:18:51 - [TEST_STEP][PASSED] - Statement - counter = counter + 1: null

2018-12-13 14:18:51 - [TEST_STEP][PASSED] - Statement - PreSaveFile = new java.io.File(((pathPrefix + java.lang.Integer.toString(counter)) + .png)): null

2018-12-13 14:18:51 - [TEST_STEP][PASSED] - Statement - counter = counter + 1: null

2018-12-13 14:18:51 - [TEST_STEP][PASSED] - Statement - PreSaveFile = new java.io.File(((pathPrefix + java.lang.Integer.toString(counter)) + .png)): null

2018-12-13 14:18:51 - [TEST_STEP][PASSED] - Statement - counter = counter + 1: null

2018-12-13 14:18:51 - [TEST_STEP][PASSED] - Statement - PreSaveFile = new java.io.File(((pathPrefix + java.lang.Integer.toString(counter)) + .png)): null

2018-12-13 14:18:51 - [TEST_STEP][PASSED] - Statement - counter = counter + 1: null

2018-12-13 14:18:51 - [TEST_STEP][PASSED] - Statement - PreSaveFile = new java.io.File(((pathPrefix + java.lang.Integer.toString(counter)) + .png)): null

2018-12-13 14:18:51 - [TEST_STEP][PASSED] - Statement - counter = counter + 1: null

2018-12-13 14:18:51 - [TEST_STEP][PASSED] - Statement - PreSaveFile = new java.io.File(((pathPrefix + java.lang.Integer.toString(counter)) + .png)): null

2018-12-13 14:18:51 - [TEST_STEP][PASSED] - Statement - counter = counter + 1: null

2018-12-13 14:18:51 - [TEST_STEP][PASSED] - Statement - PreSaveFile = new java.io.File(((pathPrefix + java.lang.Integer.toString(counter)) + .png)): null

2018-12-13 14:18:51 - [TEST_STEP][PASSED] - Statement - counter = counter + 1: null

2018-12-13 14:18:51 - [TEST_STEP][PASSED] - Statement - PreSaveFile = new java.io.File(((pathPrefix + java.lang.Integer.toString(counter)) + .png)): null

2018-12-13 14:18:51 - [TEST_STEP][PASSED] - Statement - counter = counter + 1: null

2018-12-13 14:18:51 - [TEST_STEP][PASSED] - Statement - PreSaveFile = new java.io.File(((pathPrefix + java.lang.Integer.toString(counter)) + .png)): null

2018-12-13 14:18:51 - [TEST_STEP][PASSED] - Statement - counter = counter + 1: null

2018-12-13 14:18:51 - [TEST_STEP][PASSED] - Statement - PreSaveFile = new java.io.File(((pathPrefix + java.lang.Integer.toString(counter)) + .png)): null

2018-12-13 14:18:51 - [TEST_STEP][PASSED] - Statement - counter = counter + 1: null

2018-12-13 14:18:51 - [TEST_STEP][PASSED] - Statement - PreSaveFile = new java.io.File(((pathPrefix + java.lang.Integer.toString(counter)) + .png)): null

2018-12-13 14:18:51 - [TEST_STEP][PASSED] - Statement - counter = counter + 1: null

2018-12-13 14:18:51 - [TEST_STEP][PASSED] - Statement - PreSaveFile = new java.io.File(((pathPrefix + java.lang.Integer.toString(counter)) + .png)): null

2018-12-13 14:18:51 - [TEST_STEP][PASSED] - Statement - counter = counter + 1: null

2018-12-13 14:18:51 - [TEST_STEP][PASSED] - Statement - PreSaveFile = new java.io.File(((pathPrefix + java.lang.Integer.toString(counter)) + .png)): null

2018-12-13 14:18:51 - [TEST_STEP][PASSED] - Statement - counter = counter + 1: null

2018-12-13 14:18:51 - [TEST_STEP][PASSED] - Statement - PreSaveFile = new java.io.File(((pathPrefix + java.lang.Integer.toString(counter)) + .png)): null

2018-12-13 14:18:51 - [TEST_STEP][PASSED] - Statement - counter = counter + 1: null

2018-12-13 14:18:51 - [TEST_STEP][PASSED] - Statement - PreSaveFile = new java.io.File(((pathPrefix + java.lang.Integer.toString(counter)) + .png)): null

2018-12-13 14:18:51 - [TEST_STEP][PASSED] - Statement - counter = counter + 1: null

2018-12-13 14:18:51 - [TEST_STEP][PASSED] - Statement - PreSaveFile = new java.io.File(((pathPrefix + java.lang.Integer.toString(counter)) + .png)): null

2018-12-13 14:18:51 - [TEST_STEP][PASSED] - Statement - counter = counter + 1: null

2018-12-13 14:18:51 - [TEST_STEP][PASSED] - Statement - PreSaveFile = new java.io.File(((pathPrefix + java.lang.Integer.toString(counter)) + .png)): null

2018-12-13 14:18:51 - [TEST_STEP][PASSED] - Statement - counter = counter + 1: null

2018-12-13 14:18:51 - [TEST_STEP][PASSED] - Statement - PreSaveFile = new java.io.File(((pathPrefix + java.lang.Integer.toString(counter)) + .png)): null

2018-12-13 14:18:51 - [TEST_STEP][PASSED] - Statement - counter = counter + 1: null

2018-12-13 14:18:51 - [TEST_STEP][PASSED] - Statement - PreSaveFile = new java.io.File(((pathPrefix + java.lang.Integer.toString(counter)) + .png)): null

2018-12-13 14:18:51 - [TEST_STEP][PASSED] - Statement - counter = counter + 1: null

2018-12-13 14:18:51 - [TEST_STEP][PASSED] - Statement - PreSaveFile = new java.io.File(((pathPrefix + java.lang.Integer.toString(counter)) + .png)): null

2018-12-13 14:18:51 - [TEST_STEP][PASSED] - Statement - counter = counter + 1: null

2018-12-13 14:18:51 - [TEST_STEP][PASSED] - Statement - PreSaveFile = new java.io.File(((pathPrefix + java.lang.Integer.toString(counter)) + .png)): null

2018-12-13 14:18:51 - [TEST_STEP][PASSED] - Statement - counter = counter + 1: null

2018-12-13 14:18:51 - [TEST_STEP][PASSED] - Statement - PreSaveFile = new java.io.File(((pathPrefix + java.lang.Integer.toString(counter)) + .png)): null

2018-12-13 14:18:51 - [TEST_STEP][PASSED] - Statement - counter = counter + 1: null

2018-12-13 14:18:51 - [TEST_STEP][PASSED] - Statement - PreSaveFile = new java.io.File(((pathPrefix + java.lang.Integer.toString(counter)) + .png)): null

2018-12-13 14:18:51 - [TEST_STEP][PASSED] - Statement - counter = counter + 1: null

2018-12-13 14:18:51 - [TEST_STEP][PASSED] - Statement - PreSaveFile = new java.io.File(((pathPrefix + java.lang.Integer.toString(counter)) + .png)): null

2018-12-13 14:18:51 - [TEST_STEP][PASSED] - Statement - counter = counter + 1: null

2018-12-13 14:18:51 - [TEST_STEP][PASSED] - Statement - PreSaveFile = new java.io.File(((pathPrefix + java.lang.Integer.toString(counter)) + .png)): null

2018-12-13 14:18:51 - [TEST_STEP][PASSED] - Statement - counter = counter + 1: null

2018-12-13 14:18:51 - [TEST_STEP][PASSED] - Statement - PreSaveFile = new java.io.File(((pathPrefix + java.lang.Integer.toString(counter)) + .png)): null

2018-12-13 14:18:51 - [TEST_STEP][PASSED] - Statement - counter = counter + 1: null

2018-12-13 14:18:51 - [TEST_STEP][PASSED] - Statement - PreSaveFile = new java.io.File(((pathPrefix + java.lang.Integer.toString(counter)) + .png)): null

2018-12-13 14:18:51 - [TEST_STEP][PASSED] - Statement - counter = counter + 1: null

2018-12-13 14:18:51 - [TEST_STEP][PASSED] - Statement - PreSaveFile = new java.io.File(((pathPrefix + java.lang.Integer.toString(counter)) + .png)): null

2018-12-13 14:18:51 - [TEST_STEP][PASSED] - Statement - counter = counter + 1: null

2018-12-13 14:18:51 - [TEST_STEP][PASSED] - Statement - PreSaveFile = new java.io.File(((pathPrefix + java.lang.Integer.toString(counter)) + .png)): null

2018-12-13 14:18:51 - [TEST_STEP][PASSED] - Statement - counter = counter + 1: null

2018-12-13 14:18:51 - [TEST_STEP][PASSED] - Statement - PreSaveFile = new java.io.File(((pathPrefix + java.lang.Integer.toString(counter)) + .png)): null

2018-12-13 14:18:51 - [TEST_STEP][PASSED] - Statement - counter = counter + 1: null

2018-12-13 14:18:51 - [TEST_STEP][PASSED] - Statement - PreSaveFile = new java.io.File(((pathPrefix + java.lang.Integer.toString(counter)) + .png)): null

2018-12-13 14:18:51 - [TEST_STEP][PASSED] - Statement - counter = counter + 1: null

2018-12-13 14:18:51 - [TEST_STEP][PASSED] - Statement - PreSaveFile = new java.io.File(((pathPrefix + java.lang.Integer.toString(counter)) + .png)): null

2018-12-13 14:18:51 - [TEST_STEP][PASSED] - Statement - counter = counter + 1: null

2018-12-13 14:18:51 - [TEST_STEP][PASSED] - Statement - PreSaveFile = new java.io.File(((pathPrefix + java.lang.Integer.toString(counter)) + .png)): null

2018-12-13 14:18:51 - [TEST_STEP][PASSED] - Statement - counter = counter + 1: null

2018-12-13 14:18:51 - [TEST_STEP][PASSED] - Statement - PreSaveFile = new java.io.File(((pathPrefix + java.lang.Integer.toString(counter)) + .png)): null

2018-12-13 14:18:51 - [TEST_STEP][PASSED] - Statement - counter = counter + 1: null

2018-12-13 14:18:51 - [TEST_STEP][PASSED] - Statement - PreSaveFile = new java.io.File(((pathPrefix + java.lang.Integer.toString(counter)) + .png)): null

2018-12-13 14:18:51 - [TEST_STEP][PASSED] - Statement - counter = counter + 1: null

2018-12-13 14:18:51 - [TEST_STEP][PASSED] - Statement - PreSaveFile = new java.io.File(((pathPrefix + java.lang.Integer.toString(counter)) + .png)): null

2018-12-13 14:18:51 - [TEST_STEP][PASSED] - Statement - counter = counter + 1: null

2018-12-13 14:18:51 - [TEST_STEP][PASSED] - Statement - PreSaveFile = new java.io.File(((pathPrefix + java.lang.Integer.toString(counter)) + .png)): null

2018-12-13 14:18:51 - [TEST_STEP][PASSED] - Statement - counter = counter + 1: null

2018-12-13 14:18:51 - [TEST_STEP][PASSED] - Statement - PreSaveFile = new java.io.File(((pathPrefix + java.lang.Integer.toString(counter)) + .png)): null

2018-12-13 14:18:51 - [TEST_STEP][PASSED] - Statement - counter = counter + 1: null

2018-12-13 14:18:51 - [TEST_STEP][PASSED] - Statement - PreSaveFile = new java.io.File(((pathPrefix + java.lang.Integer.toString(counter)) + .png)): null

2018-12-13 14:18:51 - [TEST_STEP][PASSED] - Statement - counter = counter + 1: null

2018-12-13 14:18:51 - [TEST_STEP][PASSED] - Statement - PreSaveFile = new java.io.File(((pathPrefix + java.lang.Integer.toString(counter)) + .png)): null

2018-12-13 14:18:51 - [TEST_STEP][PASSED] - Statement - counter = counter + 1: null

2018-12-13 14:18:51 - [TEST_STEP][PASSED] - Statement - PreSaveFile = new java.io.File(((pathPrefix + java.lang.Integer.toString(counter)) + .png)): null

2018-12-13 14:18:51 - [TEST_STEP][PASSED] - Statement - counter = counter + 1: null

2018-12-13 14:18:51 - [TEST_STEP][PASSED] - Statement - PreSaveFile = new java.io.File(((pathPrefix + java.lang.Integer.toString(counter)) + .png)): null

2018-12-13 14:18:51 - [TEST_STEP][PASSED] - Statement - counter = counter + 1: null

2018-12-13 14:18:51 - [TEST_STEP][PASSED] - Statement - PreSaveFile = new java.io.File(((pathPrefix + java.lang.Integer.toString(counter)) + .png)): null

2018-12-13 14:18:51 - [TEST_STEP][PASSED] - Statement - counter = counter + 1: null

2018-12-13 14:18:51 - [TEST_STEP][PASSED] - Statement - PreSaveFile = new java.io.File(((pathPrefix + java.lang.Integer.toString(counter)) + .png)): null

2018-12-13 14:18:51 - [TEST_STEP][PASSED] - Statement - counter = counter + 1: null

2018-12-13 14:18:51 - [TEST_STEP][PASSED] - Statement - PreSaveFile = new java.io.File(((pathPrefix + java.lang.Integer.toString(counter)) + .png)): null

2018-12-13 14:18:51 - [TEST_STEP][PASSED] - Statement - counter = counter + 1: null

2018-12-13 14:18:51 - [TEST_STEP][PASSED] - Statement - PreSaveFile = new java.io.File(((pathPrefix + java.lang.Integer.toString(counter)) + .png)): null

2018-12-13 14:18:51 - [TEST_STEP][PASSED] - Statement - counter = counter + 1: null

2018-12-13 14:18:51 - [TEST_STEP][PASSED] - Statement - PreSaveFile = new java.io.File(((pathPrefix + java.lang.Integer.toString(counter)) + .png)): null

2018-12-13 14:18:51 - [TEST_STEP][PASSED] - Statement - counter = counter + 1: null

2018-12-13 14:18:51 - [TEST_STEP][PASSED] - Statement - PreSaveFile = new java.io.File(((pathPrefix + java.lang.Integer.toString(counter)) + .png)): null

2018-12-13 14:18:51 - [TEST_STEP][PASSED] - Statement - counter = counter + 1: null

2018-12-13 14:18:51 - [TEST_STEP][PASSED] - Statement - PreSaveFile = new java.io.File(((pathPrefix + java.lang.Integer.toString(counter)) + .png)): null

2018-12-13 14:18:51 - [TEST_STEP][PASSED] - Statement - counter = counter + 1: null

2018-12-13 14:18:51 - [TEST_STEP][PASSED] - Statement - PreSaveFile = new java.io.File(((pathPrefix + java.lang.Integer.toString(counter)) + .png)): null

2018-12-13 14:18:51 - [TEST_STEP][PASSED] - Statement - counter = counter + 1: null

2018-12-13 14:18:51 - [TEST_STEP][PASSED] - Statement - PreSaveFile = new java.io.File(((pathPrefix + java.lang.Integer.toString(counter)) + .png)): null

2018-12-13 14:18:51 - [TEST_STEP][PASSED] - Statement - counter = counter + 1: null

2018-12-13 14:18:51 - [TEST_STEP][PASSED] - Statement - PreSaveFile = new java.io.File(((pathPrefix + java.lang.Integer.toString(counter)) + .png)): null

2018-12-13 14:18:51 - [TEST_STEP][PASSED] - Statement - counter = counter + 1: null

2018-12-13 14:18:51 - [TEST_STEP][PASSED] - Statement - PreSaveFile = new java.io.File(((pathPrefix + java.lang.Integer.toString(counter)) + .png)): null

2018-12-13 14:18:51 - [TEST_STEP][PASSED] - Statement - counter = counter + 1: null

2018-12-13 14:18:51 - [TEST_STEP][PASSED] - Statement - PreSaveFile = new java.io.File(((pathPrefix + java.lang.Integer.toString(counter)) + .png)): null

2018-12-13 14:18:51 - [TEST_STEP][PASSED] - Statement - counter = counter + 1: null

2018-12-13 14:18:51 - [TEST_STEP][PASSED] - Statement - PreSaveFile = new java.io.File(((pathPrefix + java.lang.Integer.toString(counter)) + .png)): null

2018-12-13 14:18:51 - [TEST_STEP][PASSED] - Statement - counter = counter + 1: null

2018-12-13 14:18:51 - [TEST_STEP][PASSED] - Statement - PreSaveFile = new java.io.File(((pathPrefix + java.lang.Integer.toString(counter)) + .png)): null

2018-12-13 14:18:51 - [TEST_STEP][PASSED] - Statement - counter = counter + 1: null

2018-12-13 14:18:51 - [TEST_STEP][PASSED] - Statement - PreSaveFile = new java.io.File(((pathPrefix + java.lang.Integer.toString(counter)) + .png)): null

2018-12-13 14:18:51 - [TEST_STEP][PASSED] - Statement - counter = counter + 1: null

2018-12-13 14:18:51 - [TEST_STEP][PASSED] - Statement - PreSaveFile = new java.io.File(((pathPrefix + java.lang.Integer.toString(counter)) + .png)): null

2018-12-13 14:18:51 - [TEST_STEP][PASSED] - Statement - counter = counter + 1: null

2018-12-13 14:18:51 - [TEST_STEP][PASSED] - Statement - PreSaveFile = new java.io.File(((pathPrefix + java.lang.Integer.toString(counter)) + .png)): null

2018-12-13 14:18:51 - [TEST_STEP][PASSED] - Statement - counter = counter + 1: null

2018-12-13 14:18:51 - [TEST_STEP][PASSED] - Statement - PreSaveFile = new java.io.File(((pathPrefix + java.lang.Integer.toString(counter)) + .png)): null

2018-12-13 14:18:51 - [TEST_STEP][PASSED] - Statement - counter = counter + 1: null

2018-12-13 14:18:51 - [TEST_STEP][PASSED] - Statement - PreSaveFile = new java.io.File(((pathPrefix + java.lang.Integer.toString(counter)) + .png)): null

2018-12-13 14:18:51 - [TEST_STEP][PASSED] - Statement - counter = counter + 1: null

2018-12-13 14:18:51 - [TEST_STEP][PASSED] - Statement - PreSaveFile = new java.io.File(((pathPrefix + java.lang.Integer.toString(counter)) + .png)): null

2018-12-13 14:18:51 - [TEST_STEP][PASSED] - Statement - counter = counter + 1: null

2018-12-13 14:18:51 - [TEST_STEP][PASSED] - Statement - PreSaveFile = new java.io.File(((pathPrefix + java.lang.Integer.toString(counter)) + .png)): null

2018-12-13 14:18:51 - [TEST_STEP][PASSED] - Statement - counter = counter + 1: null

2018-12-13 14:18:51 - [TEST_STEP][PASSED] - Statement - PreSaveFile = new java.io.File(((pathPrefix + java.lang.Integer.toString(counter)) + .png)): null

2018-12-13 14:18:51 - [TEST_STEP][PASSED] - Statement - counter = counter + 1: null

2018-12-13 14:18:51 - [TEST_STEP][PASSED] - Statement - PreSaveFile = new java.io.File(((pathPrefix + java.lang.Integer.toString(counter)) + .png)): null

2018-12-13 14:18:51 - [TEST_STEP][PASSED] - Statement - counter = counter + 1: null

2018-12-13 14:18:51 - [TEST_STEP][PASSED] - Statement - PreSaveFile = new java.io.File(((pathPrefix + java.lang.Integer.toString(counter)) + .png)): null

2018-12-13 14:18:51 - [TEST_STEP][PASSED] - Statement - counter = counter + 1: null

2018-12-13 14:18:51 - [TEST_STEP][PASSED] - Statement - PreSaveFile = new java.io.File(((pathPrefix + java.lang.Integer.toString(counter)) + .png)): null

2018-12-13 14:18:51 - [TEST_STEP][PASSED] - Statement - counter = counter + 1: null

2018-12-13 14:18:51 - [TEST_STEP][PASSED] - Statement - PreSaveFile = new java.io.File(((pathPrefix + java.lang.Integer.toString(counter)) + .png)): null

2018-12-13 14:18:51 - [TEST_STEP][PASSED] - Statement - counter = counter + 1: null

2018-12-13 14:18:51 - [TEST_STEP][PASSED] - Statement - PreSaveFile = new java.io.File(((pathPrefix + java.lang.Integer.toString(counter)) + .png)): null

2018-12-13 14:18:51 - [TEST_STEP][PASSED] - Statement - counter = counter + 1: null

2018-12-13 14:18:51 - [TEST_STEP][PASSED] - Statement - PreSaveFile = new java.io.File(((pathPrefix + java.lang.Integer.toString(counter)) + .png)): null

2018-12-13 14:18:51 - [TEST_STEP][PASSED] - Statement - counter = counter + 1: null

2018-12-13 14:18:51 - [TEST_STEP][PASSED] - Statement - PreSaveFile = new java.io.File(((pathPrefix + java.lang.Integer.toString(counter)) + .png)): null

2018-12-13 14:18:51 - [TEST_STEP][PASSED] - Statement - counter = counter + 1: null

2018-12-13 14:18:51 - [TEST_STEP][PASSED] - Statement - PreSaveFile = new java.io.File(((pathPrefix + java.lang.Integer.toString(counter)) + .png)): null

2018-12-13 14:18:51 - [TEST_STEP][PASSED] - Statement - counter = counter + 1: null

2018-12-13 14:18:51 - [TEST_STEP][PASSED] - Statement - PreSaveFile = new java.io.File(((pathPrefix + java.lang.Integer.toString(counter)) + .png)): null

2018-12-13 14:18:51 - [TEST_STEP][PASSED] - Statement - counter = counter + 1: null

2018-12-13 14:18:51 - [TEST_STEP][PASSED] - Statement - PreSaveFile = new java.io.File(((pathPrefix + java.lang.Integer.toString(counter)) + .png)): null

2018-12-13 14:18:51 - [TEST_STEP][PASSED] - Statement - counter = counter + 1: null

2018-12-13 14:18:51 - [TEST_STEP][PASSED] - Statement - PreSaveFile = new java.io.File(((pathPrefix + java.lang.Integer.toString(counter)) + .png)): null

2018-12-13 14:18:51 - [TEST_STEP][PASSED] - Statement - counter = counter + 1: null

2018-12-13 14:18:51 - [TEST_STEP][PASSED] - Statement - PreSaveFile = new java.io.File(((pathPrefix + java.lang.Integer.toString(counter)) + .png)): null

2018-12-13 14:18:51 - [TEST_STEP][PASSED] - Statement - counter = counter + 1: null

2018-12-13 14:18:51 - [TEST_STEP][PASSED] - Statement - PreSaveFile = new java.io.File(((pathPrefix + java.lang.Integer.toString(counter)) + .png)): null

2018-12-13 14:18:51 - [TEST_STEP][PASSED] - Statement - counter = counter + 1: null

2018-12-13 14:18:51 - [TEST_STEP][PASSED] - Statement - PreSaveFile = new java.io.File(((pathPrefix + java.lang.Integer.toString(counter)) + .png)): null

2018-12-13 14:18:51 - [TEST_STEP][PASSED] - Statement - counter = counter + 1: null

2018-12-13 14:18:51 - [TEST_STEP][PASSED] - Statement - PreSaveFile = new java.io.File(((pathPrefix + java.lang.Integer.toString(counter)) + .png)): null

2018-12-13 14:18:51 - [TEST_STEP][PASSED] - Statement - counter = counter + 1: null

2018-12-13 14:18:51 - [TEST_STEP][PASSED] - Statement - PreSaveFile = new java.io.File(((pathPrefix + java.lang.Integer.toString(counter)) + .png)): null

2018-12-13 14:18:51 - [TEST_STEP][PASSED] - Statement - counter = counter + 1: null

2018-12-13 14:18:51 - [TEST_STEP][PASSED] - Statement - PreSaveFile = new java.io.File(((pathPrefix + java.lang.Integer.toString(counter)) + .png)): null

2018-12-13 14:18:51 - [TEST_STEP][PASSED] - Statement - counter = counter + 1: null

2018-12-13 14:18:51 - [TEST_STEP][PASSED] - Statement - PreSaveFile = new java.io.File(((pathPrefix + java.lang.Integer.toString(counter)) + .png)): null

2018-12-13 14:18:51 - [TEST_STEP][PASSED] - Statement - counter = counter + 1: null

2018-12-13 14:18:51 - [TEST_STEP][PASSED] - Statement - PreSaveFile = new java.io.File(((pathPrefix + java.lang.Integer.toString(counter)) + .png)): null

2018-12-13 14:18:51 - [TEST_STEP][PASSED] - Statement - counter = counter + 1: null

2018-12-13 14:18:51 - [TEST_STEP][PASSED] - Statement - PreSaveFile = new java.io.File(((pathPrefix + java.lang.Integer.toString(counter)) + .png)): null

2018-12-13 14:18:51 - [TEST_STEP][PASSED] - Statement - counter = counter + 1: null

2018-12-13 14:18:51 - [TEST_STEP][PASSED] - Statement - PreSaveFile = new java.io.File(((pathPrefix + java.lang.Integer.toString(counter)) + .png)): null

2018-12-13 14:18:51 - [TEST_STEP][PASSED] - Statement - counter = counter + 1: null

2018-12-13 14:18:51 - [TEST_STEP][PASSED] - Statement - PreSaveFile = new java.io.File(((pathPrefix + java.lang.Integer.toString(counter)) + .png)): null

2018-12-13 14:18:51 - [TEST_STEP][PASSED] - Statement - counter = counter + 1: null

2018-12-13 14:18:51 - [TEST_STEP][PASSED] - Statement - PreSaveFile = new java.io.File(((pathPrefix + java.lang.Integer.toString(counter)) + .png)): null

2018-12-13 14:18:51 - [TEST_STEP][PASSED] - Statement - counter = counter + 1: null

2018-12-13 14:18:51 - [TEST_STEP][PASSED] - Statement - PreSaveFile = new java.io.File(((pathPrefix + java.lang.Integer.toString(counter)) + .png)): null

2018-12-13 14:18:51 - [TEST_STEP][PASSED] - Statement - counter = counter + 1: null

2018-12-13 14:18:51 - [TEST_STEP][PASSED] - Statement - PreSaveFile = new java.io.File(((pathPrefix + java.lang.Integer.toString(counter)) + .png)): null

2018-12-13 14:18:51 - [TEST_STEP][PASSED] - Statement - counter = counter + 1: null

2018-12-13 14:18:51 - [TEST_STEP][PASSED] - Statement - PreSaveFile = new java.io.File(((pathPrefix + java.lang.Integer.toString(counter)) + .png)): null

2018-12-13 14:18:51 - [TEST_STEP][PASSED] - Statement - counter = counter + 1: null

2018-12-13 14:18:51 - [TEST_STEP][PASSED] - Statement - PreSaveFile = new java.io.File(((pathPrefix + java.lang.Integer.toString(counter)) + .png)): null

2018-12-13 14:18:51 - [TEST_STEP][PASSED] - Statement - counter = counter + 1: null

2018-12-13 14:18:51 - [TEST_STEP][PASSED] - Statement - PreSaveFile = new java.io.File(((pathPrefix + java.lang.Integer.toString(counter)) + .png)): null

2018-12-13 14:18:51 - [TEST_STEP][PASSED] - Statement - counter = counter + 1: null

2018-12-13 14:18:51 - [TEST_STEP][PASSED] - Statement - PreSaveFile = new java.io.File(((pathPrefix + java.lang.Integer.toString(counter)) + .png)): null

2018-12-13 14:18:51 - [TEST_STEP][PASSED] - Statement - counter = counter + 1: null

2018-12-13 14:18:51 - [TEST_STEP][PASSED] - Statement - PreSaveFile = new java.io.File(((pathPrefix + java.lang.Integer.toString(counter)) + .png)): null

2018-12-13 14:18:51 - [TEST_STEP][PASSED] - Statement - counter = counter + 1: null

2018-12-13 14:18:51 - [TEST_STEP][PASSED] - Statement - PreSaveFile = new java.io.File(((pathPrefix + java.lang.Integer.toString(counter)) + .png)): null

2018-12-13 14:18:51 - [TEST_STEP][PASSED] - Statement - counter = counter + 1: null

2018-12-13 14:18:51 - [TEST_STEP][PASSED] - Statement - PreSaveFile = new java.io.File(((pathPrefix + java.lang.Integer.toString(counter)) + .png)): null

2018-12-13 14:18:51 - [TEST_STEP][PASSED] - Statement - counter = counter + 1: null

2018-12-13 14:18:51 - [TEST_STEP][PASSED] - Statement - PreSaveFile = new java.io.File(((pathPrefix + java.lang.Integer.toString(counter)) + .png)): null

2018-12-13 14:18:51 - [TEST_STEP][PASSED] - Statement - counter = counter + 1: null

2018-12-13 14:18:51 - [TEST_STEP][PASSED] - Statement - PreSaveFile = new java.io.File(((pathPrefix + java.lang.Integer.toString(counter)) + .png)): null

2018-12-13 14:18:51 - [TEST_STEP][PASSED] - Statement - counter = counter + 1: null

2018-12-13 14:18:51 - [TEST_STEP][PASSED] - Statement - PreSaveFile = new java.io.File(((pathPrefix + java.lang.Integer.toString(counter)) + .png)): null

2018-12-13 14:18:51 - [TEST_STEP][PASSED] - Statement - counter = counter + 1: null

2018-12-13 14:18:51 - [TEST_STEP][PASSED] - Statement - PreSaveFile = new java.io.File(((pathPrefix + java.lang.Integer.toString(counter)) + .png)): null

2018-12-13 14:18:51 - [TEST_STEP][PASSED] - Statement - counter = counter + 1: null

2018-12-13 14:18:51 - [TEST_STEP][PASSED] - Statement - PreSaveFile = new java.io.File(((pathPrefix + java.lang.Integer.toString(counter)) + .png)): null

2018-12-13 14:18:51 - [TEST_STEP][PASSED] - Statement - counter = counter + 1: null

2018-12-13 14:18:51 - [TEST_STEP][PASSED] - Statement - PreSaveFile = new java.io.File(((pathPrefix + java.lang.Integer.toString(counter)) + .png)): null

2018-12-13 14:18:51 - [TEST_STEP][PASSED] - Statement - counter = counter + 1: null

2018-12-13 14:18:51 - [TEST_STEP][PASSED] - Statement - PreSaveFile = new java.io.File(((pathPrefix + java.lang.Integer.toString(counter)) + .png)): null

2018-12-13 14:18:51 - [TEST_STEP][PASSED] - Statement - counter = counter + 1: null

2018-12-13 14:18:51 - [TEST_STEP][PASSED] - Statement - PreSaveFile = new java.io.File(((pathPrefix + java.lang.Integer.toString(counter)) + .png)): null

2018-12-13 14:18:51 - [TEST_STEP][PASSED] - Statement - counter = counter + 1: null

2018-12-13 14:18:51 - [TEST_STEP][PASSED] - Statement - PreSaveFile = new java.io.File(((pathPrefix + java.lang.Integer.toString(counter)) + .png)): null

2018-12-13 14:18:51 - [TEST_STEP][PASSED] - Statement - counter = counter + 1: null

2018-12-13 14:18:51 - [TEST_STEP][PASSED] - Statement - PreSaveFile = new java.io.File(((pathPrefix + java.lang.Integer.toString(counter)) + .png)): null

2018-12-13 14:18:51 - [TEST_STEP][PASSED] - Statement - counter = counter + 1: null

2018-12-13 14:18:51 - [TEST_STEP][PASSED] - Statement - PreSaveFile = new java.io.File(((pathPrefix + java.lang.Integer.toString(counter)) + .png)): null

2018-12-13 14:18:51 - [TEST_STEP][PASSED] - Statement - counter = counter + 1: null

2018-12-13 14:18:51 - [TEST_STEP][PASSED] - Statement - PreSaveFile = new java.io.File(((pathPrefix + java.lang.Integer.toString(counter)) + .png)): null

2018-12-13 14:18:51 - [TEST_STEP][PASSED] - Statement - counter = counter + 1: null

2018-12-13 14:18:51 - [TEST_STEP][PASSED] - Statement - PreSaveFile = new java.io.File(((pathPrefix + java.lang.Integer.toString(counter)) + .png)): null

2018-12-13 14:18:51 - [TEST_STEP][PASSED] - Statement - counter = counter + 1: null

2018-12-13 14:18:51 - [TEST_STEP][PASSED] - Statement - PreSaveFile = new java.io.File(((pathPrefix + java.lang.Integer.toString(counter)) + .png)): null

2018-12-13 14:18:51 - [TEST_STEP][PASSED] - Statement - counter = counter + 1: null

2018-12-13 14:18:51 - [TEST_STEP][PASSED] - Statement - PreSaveFile = new java.io.File(((pathPrefix + java.lang.Integer.toString(counter)) + .png)): null

2018-12-13 14:18:51 - [TEST_STEP][PASSED] - Statement - counter = counter + 1: null

2018-12-13 14:18:51 - [TEST_STEP][PASSED] - Statement - PreSaveFile = new java.io.File(((pathPrefix + java.lang.Integer.toString(counter)) + .png)): null

2018-12-13 14:18:51 - [TEST_STEP][PASSED] - Statement - counter = counter + 1: null

2018-12-13 14:18:51 - [TEST_STEP][PASSED] - Statement - PreSaveFile = new java.io.File(((pathPrefix + java.lang.Integer.toString(counter)) + .png)): null

2018-12-13 14:18:51 - [TEST_STEP][PASSED] - Statement - counter = counter + 1: null

2018-12-13 14:18:51 - [TEST_STEP][PASSED] - Statement - PreSaveFile = new java.io.File(((pathPrefix + java.lang.Integer.toString(counter)) + .png)): null

2018-12-13 14:18:51 - [TEST_STEP][PASSED] - Statement - counter = counter + 1: null

2018-12-13 14:18:51 - [TEST_STEP][PASSED] - Statement - PreSaveFile = new java.io.File(((pathPrefix + java.lang.Integer.toString(counter)) + .png)): null

2018-12-13 14:18:51 - [TEST_STEP][PASSED] - Statement - counter = counter + 1: null

2018-12-13 14:18:51 - [TEST_STEP][PASSED] - Statement - PreSaveFile = new java.io.File(((pathPrefix + java.lang.Integer.toString(counter)) + .png)): null

2018-12-13 14:18:51 - [TEST_STEP][PASSED] - Statement - counter = counter + 1: null

2018-12-13 14:18:51 - [TEST_STEP][PASSED] - Statement - PreSaveFile = new java.io.File(((pathPrefix + java.lang.Integer.toString(counter)) + .png)): null

2018-12-13 14:18:51 - [TEST_STEP][PASSED] - Statement - counter = counter + 1: null

2018-12-13 14:18:51 - [TEST_STEP][PASSED] - Statement - PreSaveFile = new java.io.File(((pathPrefix + java.lang.Integer.toString(counter)) + .png)): null

2018-12-13 14:18:51 - [TEST_STEP][PASSED] - Statement - counter = counter + 1: null

2018-12-13 14:18:51 - [TEST_STEP][PASSED] - Statement - PreSaveFile = new java.io.File(((pathPrefix + java.lang.Integer.toString(counter)) + .png)): null

2018-12-13 14:18:51 - [TEST_STEP][PASSED] - Statement - counter = counter + 1: null

2018-12-13 14:18:51 - [TEST_STEP][PASSED] - Statement - PreSaveFile = new java.io.File(((pathPrefix + java.lang.Integer.toString(counter)) + .png)): null

2018-12-13 14:18:51 - [TEST_STEP][PASSED] - Statement - counter = counter + 1: null

2018-12-13 14:18:51 - [TEST_STEP][PASSED] - Statement - PreSaveFile = new java.io.File(((pathPrefix + java.lang.Integer.toString(counter)) + .png)): null

2018-12-13 14:18:51 - [TEST_STEP][PASSED] - Statement - counter = counter + 1: null

2018-12-13 14:18:51 - [TEST_STEP][PASSED] - Statement - PreSaveFile = new java.io.File(((pathPrefix + java.lang.Integer.toString(counter)) + .png)): null

2018-12-13 14:18:51 - [TEST_STEP][PASSED] - Statement - counter = counter + 1: null

2018-12-13 14:18:51 - [TEST_STEP][PASSED] - Statement - PreSaveFile = new java.io.File(((pathPrefix + java.lang.Integer.toString(counter)) + .png)): null

2018-12-13 14:18:51 - [TEST_STEP][PASSED] - Statement - counter = counter + 1: null

2018-12-13 14:18:51 - [TEST_STEP][PASSED] - Statement - PreSaveFile = new java.io.File(((pathPrefix + java.lang.Integer.toString(counter)) + .png)): null

2018-12-13 14:18:51 - [TEST_STEP][PASSED] - Statement - counter = counter + 1: null

2018-12-13 14:18:51 - [TEST_STEP][PASSED] - Statement - PreSaveFile = new java.io.File(((pathPrefix + java.lang.Integer.toString(counter)) + .png)): null

2018-12-13 14:18:51 - [TEST_STEP][PASSED] - Statement - counter = counter + 1: null

2018-12-13 14:18:51 - [TEST_STEP][PASSED] - Statement - PreSaveFile = new java.io.File(((pathPrefix + java.lang.Integer.toString(counter)) + .png)): null

2018-12-13 14:18:51 - [TEST_STEP][PASSED] - Statement - counter = counter + 1: null

2018-12-13 14:18:51 - [TEST_STEP][PASSED] - Statement - PreSaveFile = new java.io.File(((pathPrefix + java.lang.Integer.toString(counter)) + .png)): null

2018-12-13 14:18:51 - [TEST_STEP][PASSED] - Statement - counter = counter + 1: null

2018-12-13 14:18:51 - [TEST_STEP][PASSED] - Statement - PreSaveFile = new java.io.File(((pathPrefix + java.lang.Integer.toString(counter)) + .png)): null

2018-12-13 14:18:51 - [TEST_STEP][PASSED] - Statement - counter = counter + 1: null

2018-12-13 14:18:51 - [TEST_STEP][PASSED] - Statement - PreSaveFile = new java.io.File(((pathPrefix + java.lang.Integer.toString(counter)) + .png)): null

2018-12-13 14:18:51 - [TEST_STEP][PASSED] - Statement - counter = counter + 1: null

2018-12-13 14:18:51 - [TEST_STEP][PASSED] - Statement - PreSaveFile = new java.io.File(((pathPrefix + java.lang.Integer.toString(counter)) + .png)): null

2018-12-13 14:18:51 - [TEST_STEP][PASSED] - Statement - counter = counter + 1: null

2018-12-13 14:18:51 - [TEST_STEP][PASSED] - Statement - PreSaveFile = new java.io.File(((pathPrefix + java.lang.Integer.toString(counter)) + .png)): null

2018-12-13 14:18:51 - [TEST_STEP][PASSED] - Statement - counter = counter + 1: null

2018-12-13 14:18:51 - [TEST_STEP][PASSED] - Statement - PreSaveFile = new java.io.File(((pathPrefix + java.lang.Integer.toString(counter)) + .png)): null

2018-12-13 14:18:51 - [TEST_STEP][PASSED] - Statement - counter = counter + 1: null

2018-12-13 14:18:51 - [TEST_STEP][PASSED] - Statement - PreSaveFile = new java.io.File(((pathPrefix + java.lang.Integer.toString(counter)) + .png)): null

2018-12-13 14:18:51 - [TEST_STEP][PASSED] - Statement - counter = counter + 1: null

2018-12-13 14:18:51 - [TEST_STEP][PASSED] - Statement - PreSaveFile = new java.io.File(((pathPrefix + java.lang.Integer.toString(counter)) + .png)): null

2018-12-13 14:18:51 - [TEST_STEP][PASSED] - Statement - counter = counter + 1: null

2018-12-13 14:18:51 - [TEST_STEP][PASSED] - Statement - PreSaveFile = new java.io.File(((pathPrefix + java.lang.Integer.toString(counter)) + .png)): null

2018-12-13 14:18:51 - [TEST_STEP][PASSED] - Statement - counter = counter + 1: null

2018-12-13 14:18:51 - [TEST_STEP][PASSED] - Statement - PreSaveFile = new java.io.File(((pathPrefix + java.lang.Integer.toString(counter)) + .png)): null

2018-12-13 14:18:51 - [TEST_STEP][PASSED] - Statement - counter = counter + 1: null

2018-12-13 14:18:51 - [TEST_STEP][PASSED] - Statement - PreSaveFile = new java.io.File(((pathPrefix + java.lang.Integer.toString(counter)) + .png)): null

2018-12-13 14:18:51 - [TEST_STEP][PASSED] - Statement - counter = counter + 1: null

2018-12-13 14:18:51 - [TEST_STEP][PASSED] - Statement - PreSaveFile = new java.io.File(((pathPrefix + java.lang.Integer.toString(counter)) + .png)): null

2018-12-13 14:18:51 - [TEST_STEP][PASSED] - Statement - counter = counter + 1: null

2018-12-13 14:18:51 - [TEST_STEP][PASSED] - Statement - PreSaveFile = new java.io.File(((pathPrefix + java.lang.Integer.toString(counter)) + .png)): null

2018-12-13 14:18:51 - [TEST_STEP][PASSED] - Statement - counter = counter + 1: null

2018-12-13 14:18:51 - [TEST_STEP][PASSED] - Statement - PreSaveFile = new java.io.File(((pathPrefix + java.lang.Integer.toString(counter)) + .png)): null

2018-12-13 14:18:51 - [TEST_STEP][PASSED] - Statement - counter = counter + 1: null

2018-12-13 14:18:51 - [TEST_STEP][PASSED] - Statement - PreSaveFile = new java.io.File(((pathPrefix + java.lang.Integer.toString(counter)) + .png)): null

2018-12-13 14:18:51 - [TEST_STEP][PASSED] - Statement - counter = counter + 1: null

2018-12-13 14:18:51 - [TEST_STEP][PASSED] - Statement - PreSaveFile = new java.io.File(((pathPrefix + java.lang.Integer.toString(counter)) + .png)): null

2018-12-13 14:18:51 - [TEST_STEP][PASSED] - Statement - counter = counter + 1: null

2018-12-13 14:18:51 - [TEST_STEP][PASSED] - Statement - PreSaveFile = new java.io.File(((pathPrefix + java.lang.Integer.toString(counter)) + .png)): null

2018-12-13 14:18:51 - [TEST_STEP][PASSED] - Statement - counter = counter + 1: null

2018-12-13 14:18:51 - [TEST_STEP][PASSED] - Statement - PreSaveFile = new java.io.File(((pathPrefix + java.lang.Integer.toString(counter)) + .png)): null

2018-12-13 14:18:51 - [TEST_STEP][PASSED] - Statement - counter = counter + 1: null

2018-12-13 14:18:51 - [TEST_STEP][PASSED] - Statement - PreSaveFile = new java.io.File(((pathPrefix + java.lang.Integer.toString(counter)) + .png)): null

2018-12-13 14:18:51 - [TEST_STEP][PASSED] - Statement - counter = counter + 1: null

2018-12-13 14:18:52 - [TEST_STEP][PASSED] - Statement - PreSaveFile = new java.io.File(((pathPrefix + java.lang.Integer.toString(counter)) + .png)): null

2018-12-13 14:18:52 - [TEST_STEP][PASSED] - Statement - counter = counter + 1: null

2018-12-13 14:18:52 - [TEST_STEP][PASSED] - Statement - PreSaveFile = new java.io.File(((pathPrefix + java.lang.Integer.toString(counter)) + .png)): null

2018-12-13 14:18:52 - [TEST_STEP][PASSED] - Statement - counter = counter + 1: null

2018-12-13 14:18:52 - [TEST_STEP][PASSED] - Statement - PreSaveFile = new java.io.File(((pathPrefix + java.lang.Integer.toString(counter)) + .png)): null

2018-12-13 14:18:52 - [TEST_STEP][PASSED] - Statement - counter = counter + 1: null

2018-12-13 14:18:52 - [TEST_STEP][PASSED] - Statement - PreSaveFile = new java.io.File(((pathPrefix + java.lang.Integer.toString(counter)) + .png)): null

2018-12-13 14:18:52 - [TEST_STEP][PASSED] - Statement - counter = counter + 1: null

2018-12-13 14:18:52 - [TEST_STEP][PASSED] - Statement - PreSaveFile = new java.io.File(((pathPrefix + java.lang.Integer.toString(counter)) + .png)): null

2018-12-13 14:18:52 - [TEST_STEP][PASSED] - Statement - counter = counter + 1: null

2018-12-13 14:18:52 - [TEST_STEP][PASSED] - Statement - PreSaveFile = new java.io.File(((pathPrefix + java.lang.Integer.toString(counter)) + .png)): null

2018-12-13 14:18:52 - [TEST_STEP][PASSED] - Statement - counter = counter + 1: null

2018-12-13 14:18:52 - [TEST_STEP][PASSED] - Statement - PreSaveFile = new java.io.File(((pathPrefix + java.lang.Integer.toString(counter)) + .png)): null

2018-12-13 14:18:52 - [TEST_STEP][PASSED] - Statement - counter = counter + 1: null

2018-12-13 14:18:52 - [TEST_STEP][PASSED] - Statement - PreSaveFile = new java.io.File(((pathPrefix + java.lang.Integer.toString(counter)) + .png)): null

2018-12-13 14:18:52 - [TEST_STEP][PASSED] - Statement - counter = counter + 1: null

2018-12-13 14:18:52 - [TEST_STEP][PASSED] - Statement - PreSaveFile = new java.io.File(((pathPrefix + java.lang.Integer.toString(counter)) + .png)): null

2018-12-13 14:18:52 - [TEST_STEP][PASSED] - Statement - counter = counter + 1: null

2018-12-13 14:18:52 - [TEST_STEP][PASSED] - Statement - PreSaveFile = new java.io.File(((pathPrefix + java.lang.Integer.toString(counter)) + .png)): null

2018-12-13 14:18:52 - [TEST_STEP][PASSED] - Statement - counter = counter + 1: null

2018-12-13 14:18:52 - [TEST_STEP][PASSED] - Statement - PreSaveFile = new java.io.File(((pathPrefix + java.lang.Integer.toString(counter)) + .png)): null

2018-12-13 14:18:52 - [TEST_STEP][PASSED] - Statement - counter = counter + 1: null

2018-12-13 14:18:52 - [TEST_STEP][PASSED] - Statement - PreSaveFile = new java.io.File(((pathPrefix + java.lang.Integer.toString(counter)) + .png)): null

2018-12-13 14:18:52 - [TEST_STEP][PASSED] - Statement - counter = counter + 1: null

2018-12-13 14:18:52 - [TEST_STEP][PASSED] - Statement - PreSaveFile = new java.io.File(((pathPrefix + java.lang.Integer.toString(counter)) + .png)): null

2018-12-13 14:18:52 - [TEST_STEP][PASSED] - Statement - counter = counter + 1: null

2018-12-13 14:18:52 - [TEST_STEP][PASSED] - Statement - PreSaveFile = new java.io.File(((pathPrefix + java.lang.Integer.toString(counter)) + .png)): null

2018-12-13 14:18:52 - [TEST_STEP][PASSED] - Statement - counter = counter + 1: null

2018-12-13 14:18:52 - [TEST_STEP][PASSED] - Statement - PreSaveFile = new java.io.File(((pathPrefix + java.lang.Integer.toString(counter)) + .png)): null

2018-12-13 14:18:52 - [TEST_STEP][PASSED] - Statement - counter = counter + 1: null

2018-12-13 14:18:52 - [TEST_STEP][PASSED] - Statement - PreSaveFile = new java.io.File(((pathPrefix + java.lang.Integer.toString(counter)) + .png)): null

2018-12-13 14:18:52 - [TEST_STEP][PASSED] - Statement - counter = counter + 1: null

2018-12-13 14:18:52 - [TEST_STEP][PASSED] - Statement - PreSaveFile = new java.io.File(((pathPrefix + java.lang.Integer.toString(counter)) + .png)): null

2018-12-13 14:18:52 - [TEST_STEP][PASSED] - Statement - counter = counter + 1: null

2018-12-13 14:18:52 - [TEST_STEP][PASSED] - Statement - PreSaveFile = new java.io.File(((pathPrefix + java.lang.Integer.toString(counter)) + .png)): null

2018-12-13 14:18:52 - [TEST_STEP][PASSED] - Statement - counter = counter + 1: null

2018-12-13 14:18:52 - [TEST_STEP][PASSED] - Statement - PreSaveFile = new java.io.File(((pathPrefix + java.lang.Integer.toString(counter)) + .png)): null

2018-12-13 14:18:52 - [TEST_STEP][PASSED] - Statement - counter = counter + 1: null

2018-12-13 14:18:52 - [TEST_STEP][PASSED] - Statement - PreSaveFile = new java.io.File(((pathPrefix + java.lang.Integer.toString(counter)) + .png)): null

2018-12-13 14:18:52 - [TEST_STEP][PASSED] - Statement - counter = counter + 1: null

2018-12-13 14:18:52 - [TEST_STEP][PASSED] - Statement - PreSaveFile = new java.io.File(((pathPrefix + java.lang.Integer.toString(counter)) + .png)): null

2018-12-13 14:18:52 - [TEST_STEP][PASSED] - Statement - counter = counter + 1: null

2018-12-13 14:18:52 - [TEST_STEP][PASSED] - Statement - PreSaveFile = new java.io.File(((pathPrefix + java.lang.Integer.toString(counter)) + .png)): null

2018-12-13 14:18:52 - [TEST_STEP][PASSED] - Statement - counter = counter + 1: null

2018-12-13 14:18:52 - [TEST_STEP][PASSED] - Statement - PreSaveFile = new java.io.File(((pathPrefix + java.lang.Integer.toString(counter)) + .png)): null

2018-12-13 14:18:52 - [TEST_STEP][PASSED] - Statement - counter = counter + 1: null

2018-12-13 14:18:52 - [TEST_STEP][PASSED] - Statement - PreSaveFile = new java.io.File(((pathPrefix + java.lang.Integer.toString(counter)) + .png)): null

2018-12-13 14:18:52 - [TEST_STEP][PASSED] - Statement - counter = counter + 1: null

2018-12-13 14:18:52 - [TEST_STEP][PASSED] - Statement - PreSaveFile = new java.io.File(((pathPrefix + java.lang.Integer.toString(counter)) + .png)): null

2018-12-13 14:18:52 - [TEST_STEP][PASSED] - Statement - counter = counter + 1: null

2018-12-13 14:18:52 - [TEST_STEP][PASSED] - Statement - PreSaveFile = new java.io.File(((pathPrefix + java.lang.Integer.toString(counter)) + .png)): null

2018-12-13 14:18:52 - [TEST_STEP][PASSED] - Statement - counter = counter + 1: null

2018-12-13 14:18:52 - [TEST_STEP][PASSED] - Statement - PreSaveFile = new java.io.File(((pathPrefix + java.lang.Integer.toString(counter)) + .png)): null

2018-12-13 14:18:52 - [TEST_STEP][PASSED] - Statement - counter = counter + 1: null

2018-12-13 14:18:52 - [TEST_STEP][PASSED] - Statement - PreSaveFile = new java.io.File(((pathPrefix + java.lang.Integer.toString(counter)) + .png)): null

2018-12-13 14:18:52 - [TEST_STEP][PASSED] - Statement - counter = counter + 1: null

2018-12-13 14:18:52 - [TEST_STEP][PASSED] - Statement - PreSaveFile = new java.io.File(((pathPrefix + java.lang.Integer.toString(counter)) + .png)): null

2018-12-13 14:18:52 - [TEST_STEP][PASSED] - Statement - counter = counter + 1: null

2018-12-13 14:18:52 - [TEST_STEP][PASSED] - Statement - PreSaveFile = new java.io.File(((pathPrefix + java.lang.Integer.toString(counter)) + .png)): null

2018-12-13 14:18:52 - [TEST_STEP][PASSED] - Statement - counter = counter + 1: null

2018-12-13 14:18:52 - [TEST_STEP][PASSED] - Statement - PreSaveFile = new java.io.File(((pathPrefix + java.lang.Integer.toString(counter)) + .png)): null

2018-12-13 14:18:52 - [TEST_STEP][PASSED] - Statement - counter = counter + 1: null

2018-12-13 14:18:52 - [TEST_STEP][PASSED] - Statement - PreSaveFile = new java.io.File(((pathPrefix + java.lang.Integer.toString(counter)) + .png)): null

2018-12-13 14:18:52 - [TEST_STEP][PASSED] - Statement - counter = counter + 1: null

2018-12-13 14:18:52 - [TEST_STEP][PASSED] - Statement - PreSaveFile = new java.io.File(((pathPrefix + java.lang.Integer.toString(counter)) + .png)): null

2018-12-13 14:18:52 - [TEST_STEP][PASSED] - Statement - counter = counter + 1: null

2018-12-13 14:18:52 - [TEST_STEP][PASSED] - Statement - PreSaveFile = new java.io.File(((pathPrefix + java.lang.Integer.toString(counter)) + .png)): null

2018-12-13 14:18:52 - [TEST_STEP][PASSED] - Statement - counter = counter + 1: null

2018-12-13 14:18:52 - [TEST_STEP][PASSED] - Statement - PreSaveFile = new java.io.File(((pathPrefix + java.lang.Integer.toString(counter)) + .png)): null

2018-12-13 14:18:52 - [TEST_STEP][PASSED] - Statement - counter = counter + 1: null

2018-12-13 14:18:52 - [TEST_STEP][PASSED] - Statement - PreSaveFile = new java.io.File(((pathPrefix + java.lang.Integer.toString(counter)) + .png)): null

2018-12-13 14:18:52 - [TEST_STEP][PASSED] - Statement - counter = counter + 1: null

2018-12-13 14:18:52 - [TEST_STEP][PASSED] - Statement - PreSaveFile = new java.io.File(((pathPrefix + java.lang.Integer.toString(counter)) + .png)): null

2018-12-13 14:18:52 - [TEST_STEP][PASSED] - Statement - counter = counter + 1: null

2018-12-13 14:18:52 - [TEST_STEP][PASSED] - Statement - PreSaveFile = new java.io.File(((pathPrefix + java.lang.Integer.toString(counter)) + .png)): null

2018-12-13 14:18:52 - [TEST_STEP][PASSED] - Statement - counter = counter + 1: null

2018-12-13 14:18:52 - [TEST_STEP][PASSED] - Statement - PreSaveFile = new java.io.File(((pathPrefix + java.lang.Integer.toString(counter)) + .png)): null

2018-12-13 14:18:52 - [TEST_STEP][PASSED] - Statement - counter = counter + 1: null

2018-12-13 14:18:52 - [TEST_STEP][PASSED] - Statement - PreSaveFile = new java.io.File(((pathPrefix + java.lang.Integer.toString(counter)) + .png)): null

2018-12-13 14:18:52 - [TEST_STEP][PASSED] - Statement - counter = counter + 1: null

2018-12-13 14:18:52 - [TEST_STEP][PASSED] - Statement - PreSaveFile = new java.io.File(((pathPrefix + java.lang.Integer.toString(counter)) + .png)): null

2018-12-13 14:18:52 - [TEST_STEP][PASSED] - Statement - counter = counter + 1: null

2018-12-13 14:18:52 - [TEST_STEP][PASSED] - Statement - PreSaveFile = new java.io.File(((pathPrefix + java.lang.Integer.toString(counter)) + .png)): null

2018-12-13 14:18:52 - [TEST_STEP][PASSED] - Statement - counter = counter + 1: null

2018-12-13 14:18:52 - [TEST_STEP][PASSED] - Statement - PreSaveFile = new java.io.File(((pathPrefix + java.lang.Integer.toString(counter)) + .png)): null

2018-12-13 14:18:52 - [TEST_STEP][PASSED] - Statement - counter = counter + 1: null

2018-12-13 14:18:52 - [TEST_STEP][PASSED] - Statement - PreSaveFile = new java.io.File(((pathPrefix + java.lang.Integer.toString(counter)) + .png)): null

2018-12-13 14:18:52 - [TEST_STEP][PASSED] - Statement - counter = counter + 1: null

2018-12-13 14:18:52 - [TEST_STEP][PASSED] - Statement - PreSaveFile = new java.io.File(((pathPrefix + java.lang.Integer.toString(counter)) + .png)): null

2018-12-13 14:18:52 - [TEST_STEP][PASSED] - Statement - counter = counter + 1: null

2018-12-13 14:18:52 - [TEST_STEP][PASSED] - Statement - PreSaveFile = new java.io.File(((pathPrefix + java.lang.Integer.toString(counter)) + .png)): null

2018-12-13 14:18:52 - [TEST_STEP][PASSED] - Statement - counter = counter + 1: null

2018-12-13 14:18:52 - [TEST_STEP][PASSED] - Statement - PreSaveFile = new java.io.File(((pathPrefix + java.lang.Integer.toString(counter)) + .png)): null

2018-12-13 14:18:52 - [TEST_STEP][PASSED] - Statement - counter = counter + 1: null

2018-12-13 14:18:52 - [TEST_STEP][PASSED] - Statement - PreSaveFile = new java.io.File(((pathPrefix + java.lang.Integer.toString(counter)) + .png)): null

2018-12-13 14:18:52 - [TEST_STEP][PASSED] - Statement - counter = counter + 1: null

2018-12-13 14:18:52 - [TEST_STEP][PASSED] - Statement - PreSaveFile = new java.io.File(((pathPrefix + java.lang.Integer.toString(counter)) + .png)): null

2018-12-13 14:18:52 - [TEST_STEP][PASSED] - Statement - counter = counter + 1: null

2018-12-13 14:18:52 - [TEST_STEP][PASSED] - Statement - PreSaveFile = new java.io.File(((pathPrefix + java.lang.Integer.toString(counter)) + .png)): null

2018-12-13 14:18:52 - [TEST_STEP][PASSED] - Statement - counter = counter + 1: null

2018-12-13 14:18:52 - [TEST_STEP][PASSED] - Statement - PreSaveFile = new java.io.File(((pathPrefix + java.lang.Integer.toString(counter)) + .png)): null

2018-12-13 14:18:52 - [TEST_STEP][PASSED] - Statement - counter = counter + 1: null

2018-12-13 14:18:52 - [TEST_STEP][PASSED] - Statement - PreSaveFile = new java.io.File(((pathPrefix + java.lang.Integer.toString(counter)) + .png)): null

2018-12-13 14:18:52 - [TEST_STEP][PASSED] - Statement - counter = counter + 1: null

2018-12-13 14:18:52 - [TEST_STEP][PASSED] - Statement - PreSaveFile = new java.io.File(((pathPrefix + java.lang.Integer.toString(counter)) + .png)): null

2018-12-13 14:18:52 - [TEST_STEP][PASSED] - Statement - counter = counter + 1: null

2018-12-13 14:18:52 - [TEST_STEP][PASSED] - Statement - PreSaveFile = new java.io.File(((pathPrefix + java.lang.Integer.toString(counter)) + .png)): null

2018-12-13 14:18:52 - [TEST_STEP][PASSED] - Statement - counter = counter + 1: null

2018-12-13 14:18:52 - [TEST_STEP][PASSED] - Statement - PreSaveFile = new java.io.File(((pathPrefix + java.lang.Integer.toString(counter)) + .png)): null

2018-12-13 14:18:52 - [TEST_STEP][PASSED] - Statement - counter = counter + 1: null

2018-12-13 14:18:52 - [TEST_STEP][PASSED] - Statement - PreSaveFile = new java.io.File(((pathPrefix + java.lang.Integer.toString(counter)) + .png)): null

2018-12-13 14:18:52 - [TEST_STEP][PASSED] - Statement - counter = counter + 1: null

2018-12-13 14:18:52 - [TEST_STEP][PASSED] - Statement - PreSaveFile = new java.io.File(((pathPrefix + java.lang.Integer.toString(counter)) + .png)): null

2018-12-13 14:18:52 - [TEST_STEP][PASSED] - Statement - counter = counter + 1: null

2018-12-13 14:18:52 - [TEST_STEP][PASSED] - Statement - PreSaveFile = new java.io.File(((pathPrefix + java.lang.Integer.toString(counter)) + .png)): null

2018-12-13 14:18:52 - [TEST_STEP][PASSED] - Statement - counter = counter + 1: null

2018-12-13 14:18:52 - [TEST_STEP][PASSED] - Statement - PreSaveFile = new java.io.File(((pathPrefix + java.lang.Integer.toString(counter)) + .png)): null

2018-12-13 14:18:52 - [TEST_STEP][PASSED] - Statement - counter = counter + 1: null

2018-12-13 14:18:52 - [TEST_STEP][PASSED] - Statement - PreSaveFile = new java.io.File(((pathPrefix + java.lang.Integer.toString(counter)) + .png)): null

2018-12-13 14:18:52 - [TEST_STEP][PASSED] - Statement - counter = counter + 1: null

2018-12-13 14:18:52 - [TEST_STEP][PASSED] - Statement - PreSaveFile = new java.io.File(((pathPrefix + java.lang.Integer.toString(counter)) + .png)): null

2018-12-13 14:18:52 - [TEST_STEP][PASSED] - Statement - counter = counter + 1: null

2018-12-13 14:18:52 - [TEST_STEP][PASSED] - Statement - PreSaveFile = new java.io.File(((pathPrefix + java.lang.Integer.toString(counter)) + .png)): null

2018-12-13 14:18:52 - [TEST_STEP][PASSED] - Statement - counter = counter + 1: null

2018-12-13 14:18:52 - [TEST_STEP][PASSED] - Statement - PreSaveFile = new java.io.File(((pathPrefix + java.lang.Integer.toString(counter)) + .png)): null

2018-12-13 14:18:52 - [TEST_STEP][PASSED] - Statement - counter = counter + 1: null

2018-12-13 14:18:52 - [TEST_STEP][PASSED] - Statement - PreSaveFile = new java.io.File(((pathPrefix + java.lang.Integer.toString(counter)) + .png)): null

2018-12-13 14:18:52 - [TEST_STEP][PASSED] - Statement - counter = counter + 1: null

2018-12-13 14:18:52 - [TEST_STEP][PASSED] - Statement - PreSaveFile = new java.io.File(((pathPrefix + java.lang.Integer.toString(counter)) + .png)): null

2018-12-13 14:18:52 - [TEST_STEP][PASSED] - Statement - counter = counter + 1: null

2018-12-13 14:18:52 - [TEST_STEP][PASSED] - Statement - PreSaveFile = new java.io.File(((pathPrefix + java.lang.Integer.toString(counter)) + .png)): null

2018-12-13 14:18:52 - [TEST_STEP][PASSED] - Statement - counter = counter + 1: null

2018-12-13 14:18:52 - [TEST_STEP][PASSED] - Statement - PreSaveFile = new java.io.File(((pathPrefix + java.lang.Integer.toString(counter)) + .png)): null

2018-12-13 14:18:52 - [TEST_STEP][PASSED] - Statement - counter = counter + 1: null

2018-12-13 14:18:52 - [TEST_STEP][PASSED] - Statement - PreSaveFile = new java.io.File(((pathPrefix + java.lang.Integer.toString(counter)) + .png)): null

2018-12-13 14:18:52 - [TEST_STEP][PASSED] - Statement - counter = counter + 1: null

2018-12-13 14:18:52 - [TEST_STEP][PASSED] - Statement - PreSaveFile = new java.io.File(((pathPrefix + java.lang.Integer.toString(counter)) + .png)): null

2018-12-13 14:18:52 - [TEST_STEP][PASSED] - Statement - counter = counter + 1: null

2018-12-13 14:18:52 - [TEST_STEP][PASSED] - Statement - PreSaveFile = new java.io.File(((pathPrefix + java.lang.Integer.toString(counter)) + .png)): null

2018-12-13 14:18:52 - [TEST_STEP][PASSED] - Statement - counter = counter + 1: null

2018-12-13 14:18:52 - [TEST_STEP][PASSED] - Statement - PreSaveFile = new java.io.File(((pathPrefix + java.lang.Integer.toString(counter)) + .png)): null

2018-12-13 14:18:52 - [TEST_STEP][PASSED] - Statement - counter = counter + 1: null

2018-12-13 14:18:52 - [TEST_STEP][PASSED] - Statement - PreSaveFile = new java.io.File(((pathPrefix + java.lang.Integer.toString(counter)) + .png)): null

2018-12-13 14:18:52 - [TEST_STEP][PASSED] - Statement - counter = counter + 1: null

2018-12-13 14:18:52 - [TEST_STEP][PASSED] - Statement - PreSaveFile = new java.io.File(((pathPrefix + java.lang.Integer.toString(counter)) + .png)): null

2018-12-13 14:18:52 - [TEST_STEP][PASSED] - Statement - counter = counter + 1: null

2018-12-13 14:18:52 - [TEST_STEP][PASSED] - Statement - PreSaveFile = new java.io.File(((pathPrefix + java.lang.Integer.toString(counter)) + .png)): null

2018-12-13 14:18:52 - [TEST_STEP][PASSED] - Statement - counter = counter + 1: null

2018-12-13 14:18:52 - [TEST_STEP][PASSED] - Statement - PreSaveFile = new java.io.File(((pathPrefix + java.lang.Integer.toString(counter)) + .png)): null

2018-12-13 14:18:52 - [TEST_STEP][PASSED] - Statement - counter = counter + 1: null

2018-12-13 14:18:52 - [TEST_STEP][PASSED] - Statement - PreSaveFile = new java.io.File(((pathPrefix + java.lang.Integer.toString(counter)) + .png)): null

2018-12-13 14:18:52 - [TEST_STEP][PASSED] - Statement - counter = counter + 1: null

2018-12-13 14:18:52 - [TEST_STEP][PASSED] - Statement - PreSaveFile = new java.io.File(((pathPrefix + java.lang.Integer.toString(counter)) + .png)): null

2018-12-13 14:18:52 - [TEST_STEP][PASSED] - Statement - counter = counter + 1: null

2018-12-13 14:18:52 - [TEST_STEP][PASSED] - Statement - PreSaveFile = new java.io.File(((pathPrefix + java.lang.Integer.toString(counter)) + .png)): null

2018-12-13 14:18:52 - [TEST_STEP][PASSED] - Statement - counter = counter + 1: null

2018-12-13 14:18:52 - [TEST_STEP][PASSED] - Statement - PreSaveFile = new java.io.File(((pathPrefix + java.lang.Integer.toString(counter)) + .png)): null

2018-12-13 14:18:52 - [TEST_STEP][PASSED] - Statement - counter = counter + 1: null

2018-12-13 14:18:52 - [TEST_STEP][PASSED] - Statement - PreSaveFile = new java.io.File(((pathPrefix + java.lang.Integer.toString(counter)) + .png)): null

2018-12-13 14:18:52 - [TEST_STEP][PASSED] - Statement - counter = counter + 1: null

2018-12-13 14:18:52 - [TEST_STEP][PASSED] - Statement - PreSaveFile = new java.io.File(((pathPrefix + java.lang.Integer.toString(counter)) + .png)): null

2018-12-13 14:18:52 - [TEST_STEP][PASSED] - Statement - counter = counter + 1: null

2018-12-13 14:18:52 - [TEST_STEP][PASSED] - Statement - PreSaveFile = new java.io.File(((pathPrefix + java.lang.Integer.toString(counter)) + .png)): null

2018-12-13 14:18:52 - [TEST_STEP][PASSED] - Statement - counter = counter + 1: null

2018-12-13 14:18:52 - [TEST_STEP][PASSED] - Statement - PreSaveFile = new java.io.File(((pathPrefix + java.lang.Integer.toString(counter)) + .png)): null

2018-12-13 14:18:52 - [TEST_STEP][PASSED] - Statement - counter = counter + 1: null

2018-12-13 14:18:52 - [TEST_STEP][PASSED] - Statement - PreSaveFile = new java.io.File(((pathPrefix + java.lang.Integer.toString(counter)) + .png)): null

2018-12-13 14:18:52 - [TEST_STEP][PASSED] - Statement - counter = counter + 1: null

2018-12-13 14:18:52 - [TEST_STEP][PASSED] - Statement - PreSaveFile = new java.io.File(((pathPrefix + java.lang.Integer.toString(counter)) + .png)): null

2018-12-13 14:18:52 - [TEST_STEP][PASSED] - Statement - counter = counter + 1: null

2018-12-13 14:18:52 - [TEST_STEP][PASSED] - Statement - PreSaveFile = new java.io.File(((pathPrefix + java.lang.Integer.toString(counter)) + .png)): null

2018-12-13 14:18:52 - [TEST_STEP][PASSED] - Statement - counter = counter + 1: null

2018-12-13 14:18:52 - [TEST_STEP][PASSED] - Statement - PreSaveFile = new java.io.File(((pathPrefix + java.lang.Integer.toString(counter)) + .png)): null

2018-12-13 14:18:52 - [TEST_STEP][PASSED] - Statement - counter = counter + 1: null

2018-12-13 14:18:52 - [TEST_STEP][PASSED] - Statement - PreSaveFile = new java.io.File(((pathPrefix + java.lang.Integer.toString(counter)) + .png)): null

2018-12-13 14:18:52 - [TEST_STEP][PASSED] - Statement - counter = counter + 1: null

2018-12-13 14:18:52 - [TEST_STEP][PASSED] - Statement - PreSaveFile = new java.io.File(((pathPrefix + java.lang.Integer.toString(counter)) + .png)): null

2018-12-13 14:18:52 - [TEST_STEP][PASSED] - Statement - counter = counter + 1: null

2018-12-13 14:18:52 - [TEST_STEP][PASSED] - Statement - PreSaveFile = new java.io.File(((pathPrefix + java.lang.Integer.toString(counter)) + .png)): null

2018-12-13 14:18:52 - [TEST_STEP][PASSED] - Statement - counter = counter + 1: null

2018-12-13 14:18:52 - [TEST_STEP][PASSED] - Statement - PreSaveFile = new java.io.File(((pathPrefix + java.lang.Integer.toString(counter)) + .png)): null

2018-12-13 14:18:52 - [TEST_STEP][PASSED] - Statement - counter = counter + 1: null

2018-12-13 14:18:52 - [TEST_STEP][PASSED] - Statement - PreSaveFile = new java.io.File(((pathPrefix + java.lang.Integer.toString(counter)) + .png)): null

2018-12-13 14:18:52 - [TEST_STEP][PASSED] - Statement - counter = counter + 1: null

2018-12-13 14:18:52 - [TEST_STEP][PASSED] - Statement - PreSaveFile = new java.io.File(((pathPrefix + java.lang.Integer.toString(counter)) + .png)): null

2018-12-13 14:18:52 - [TEST_STEP][PASSED] - Statement - counter = counter + 1: null

2018-12-13 14:18:52 - [TEST_STEP][PASSED] - Statement - PreSaveFile = new java.io.File(((pathPrefix + java.lang.Integer.toString(counter)) + .png)): null

2018-12-13 14:18:52 - [TEST_STEP][PASSED] - Statement - counter = counter + 1: null

2018-12-13 14:18:52 - [TEST_STEP][PASSED] - Statement - PreSaveFile = new java.io.File(((pathPrefix + java.lang.Integer.toString(counter)) + .png)): null

2018-12-13 14:18:52 - [TEST_STEP][PASSED] - Statement - counter = counter + 1: null

2018-12-13 14:18:52 - [TEST_STEP][PASSED] - Statement - PreSaveFile = new java.io.File(((pathPrefix + java.lang.Integer.toString(counter)) + .png)): null

2018-12-13 14:18:52 - [TEST_STEP][PASSED] - Statement - counter = counter + 1: null

2018-12-13 14:18:52 - [TEST_STEP][PASSED] - Statement - PreSaveFile = new java.io.File(((pathPrefix + java.lang.Integer.toString(counter)) + .png)): null

2018-12-13 14:18:52 - [TEST_STEP][PASSED] - Statement - counter = counter + 1: null

2018-12-13 14:18:52 - [TEST_STEP][PASSED] - Statement - PreSaveFile = new java.io.File(((pathPrefix + java.lang.Integer.toString(counter)) + .png)): null

2018-12-13 14:18:52 - [TEST_STEP][PASSED] - Statement - counter = counter + 1: null

2018-12-13 14:18:52 - [TEST_STEP][PASSED] - Statement - PreSaveFile = new java.io.File(((pathPrefix + java.lang.Integer.toString(counter)) + .png)): null

2018-12-13 14:18:52 - [TEST_STEP][PASSED] - Statement - counter = counter + 1: null

2018-12-13 14:18:52 - [TEST_STEP][PASSED] - Statement - PreSaveFile = new java.io.File(((pathPrefix + java.lang.Integer.toString(counter)) + .png)): null

2018-12-13 14:18:52 - [TEST_STEP][PASSED] - Statement - counter = counter + 1: null

2018-12-13 14:18:52 - [TEST_STEP][PASSED] - Statement - PreSaveFile = new java.io.File(((pathPrefix + java.lang.Integer.toString(counter)) + .png)): null

2018-12-13 14:18:52 - [TEST_STEP][PASSED] - Statement - counter = counter + 1: null

2018-12-13 14:18:52 - [TEST_STEP][PASSED] - Statement - PreSaveFile = new java.io.File(((pathPrefix + java.lang.Integer.toString(counter)) + .png)): null

2018-12-13 14:18:52 - [TEST_STEP][PASSED] - Statement - counter = counter + 1: null

2018-12-13 14:18:52 - [TEST_STEP][PASSED] - Statement - PreSaveFile = new java.io.File(((pathPrefix + java.lang.Integer.toString(counter)) + .png)): null

2018-12-13 14:18:52 - [TEST_STEP][PASSED] - Statement - counter = counter + 1: null

2018-12-13 14:18:52 - [TEST_STEP][PASSED] - Statement - PreSaveFile = new java.io.File(((pathPrefix + java.lang.Integer.toString(counter)) + .png)): null

2018-12-13 14:18:52 - [TEST_STEP][PASSED] - Statement - counter = counter + 1: null

2018-12-13 14:18:52 - [TEST_STEP][PASSED] - Statement - PreSaveFile = new java.io.File(((pathPrefix + java.lang.Integer.toString(counter)) + .png)): null

2018-12-13 14:18:52 - [TEST_STEP][PASSED] - Statement - counter = counter + 1: null

2018-12-13 14:18:52 - [TEST_STEP][PASSED] - Statement - PreSaveFile = new java.io.File(((pathPrefix + java.lang.Integer.toString(counter)) + .png)): null

2018-12-13 14:18:52 - [TEST_STEP][PASSED] - Statement - counter = counter + 1: null

2018-12-13 14:18:52 - [TEST_STEP][PASSED] - Statement - PreSaveFile = new java.io.File(((pathPrefix + java.lang.Integer.toString(counter)) + .png)): null

2018-12-13 14:18:52 - [TEST_STEP][PASSED] - Statement - counter = counter + 1: null

2018-12-13 14:18:52 - [TEST_STEP][PASSED] - Statement - PreSaveFile = new java.io.File(((pathPrefix + java.lang.Integer.toString(counter)) + .png)): null

2018-12-13 14:18:52 - [TEST_STEP][PASSED] - Statement - counter = counter + 1: null

2018-12-13 14:18:52 - [TEST_STEP][PASSED] - Statement - PreSaveFile = new java.io.File(((pathPrefix + java.lang.Integer.toString(counter)) + .png)): null

2018-12-13 14:18:52 - [TEST_STEP][PASSED] - Statement - counter = counter + 1: null

2018-12-13 14:18:52 - [TEST_STEP][PASSED] - Statement - PreSaveFile = new java.io.File(((pathPrefix + java.lang.Integer.toString(counter)) + .png)): null

2018-12-13 14:18:52 - [TEST_STEP][PASSED] - Statement - counter = counter + 1: null

2018-12-13 14:18:52 - [TEST_STEP][PASSED] - Statement - PreSaveFile = new java.io.File(((pathPrefix + java.lang.Integer.toString(counter)) + .png)): null

2018-12-13 14:18:52 - [TEST_STEP][PASSED] - Statement - counter = counter + 1: null

2018-12-13 14:18:52 - [TEST_STEP][PASSED] - Statement - PreSaveFile = new java.io.File(((pathPrefix + java.lang.Integer.toString(counter)) + .png)): null

2018-12-13 14:18:52 - [TEST_STEP][PASSED] - Statement - counter = counter + 1: null

2018-12-13 14:18:52 - [TEST_STEP][PASSED] - Statement - PreSaveFile = new java.io.File(((pathPrefix + java.lang.Integer.toString(counter)) + .png)): null

2018-12-13 14:18:52 - [TEST_STEP][PASSED] - Statement - counter = counter + 1: null

2018-12-13 14:18:52 - [TEST_STEP][PASSED] - Statement - PreSaveFile = new java.io.File(((pathPrefix + java.lang.Integer.toString(counter)) + .png)): null

2018-12-13 14:18:52 - [TEST_STEP][PASSED] - Statement - counter = counter + 1: null

2018-12-13 14:18:52 - [TEST_STEP][PASSED] - Statement - PreSaveFile = new java.io.File(((pathPrefix + java.lang.Integer.toString(counter)) + .png)): null

2018-12-13 14:18:52 - [TEST_STEP][PASSED] - Statement - counter = counter + 1: null

2018-12-13 14:18:52 - [TEST_STEP][PASSED] - Statement - PreSaveFile = new java.io.File(((pathPrefix + java.lang.Integer.toString(counter)) + .png)): null

2018-12-13 14:18:52 - [TEST_STEP][PASSED] - Statement - counter = counter + 1: null

2018-12-13 14:18:52 - [TEST_STEP][PASSED] - Statement - PreSaveFile = new java.io.File(((pathPrefix + java.lang.Integer.toString(counter)) + .png)): null

2018-12-13 14:18:52 - [TEST_STEP][PASSED] - Statement - counter = counter + 1: null

2018-12-13 14:18:52 - [TEST_STEP][PASSED] - Statement - PreSaveFile = new java.io.File(((pathPrefix + java.lang.Integer.toString(counter)) + .png)): null

2018-12-13 14:18:52 - [TEST_STEP][PASSED] - Statement - counter = counter + 1: null

2018-12-13 14:18:52 - [TEST_STEP][PASSED] - Statement - PreSaveFile = new java.io.File(((pathPrefix + java.lang.Integer.toString(counter)) + .png)): null

2018-12-13 14:18:52 - [TEST_STEP][PASSED] - Statement - counter = counter + 1: null

2018-12-13 14:18:52 - [TEST_STEP][PASSED] - Statement - PreSaveFile = new java.io.File(((pathPrefix + java.lang.Integer.toString(counter)) + .png)): null

2018-12-13 14:18:52 - [TEST_STEP][PASSED] - Statement - counter = counter + 1: null

2018-12-13 14:18:52 - [TEST_STEP][PASSED] - Statement - PreSaveFile = new java.io.File(((pathPrefix + java.lang.Integer.toString(counter)) + .png)): null

2018-12-13 14:18:52 - [TEST_STEP][PASSED] - Statement - counter = counter + 1: null

2018-12-13 14:18:52 - [TEST_STEP][PASSED] - Statement - PreSaveFile = new java.io.File(((pathPrefix + java.lang.Integer.toString(counter)) + .png)): null

2018-12-13 14:18:52 - [TEST_STEP][PASSED] - Statement - counter = counter + 1: null

2018-12-13 14:18:52 - [TEST_STEP][PASSED] - Statement - PreSaveFile = new java.io.File(((pathPrefix + java.lang.Integer.toString(counter)) + .png)): null

2018-12-13 14:18:52 - [TEST_STEP][PASSED] - Statement - counter = counter + 1: null

2018-12-13 14:18:52 - [TEST_STEP][PASSED] - Statement - PreSaveFile = new java.io.File(((pathPrefix + java.lang.Integer.toString(counter)) + .png)): null

2018-12-13 14:18:52 - [TEST_STEP][PASSED] - Statement - counter = counter + 1: null

2018-12-13 14:18:52 - [TEST_STEP][PASSED] - Statement - PreSaveFile = new java.io.File(((pathPrefix + java.lang.Integer.toString(counter)) + .png)): null

2018-12-13 14:18:52 - [TEST_STEP][PASSED] - Statement - counter = counter + 1: null

2018-12-13 14:18:52 - [TEST_STEP][PASSED] - Statement - PreSaveFile = new java.io.File(((pathPrefix + java.lang.Integer.toString(counter)) + .png)): null

2018-12-13 14:18:52 - [TEST_STEP][PASSED] - Statement - counter = counter + 1: null

2018-12-13 14:18:52 - [TEST_STEP][PASSED] - Statement - PreSaveFile = new java.io.File(((pathPrefix + java.lang.Integer.toString(counter)) + .png)): null

2018-12-13 14:18:52 - [TEST_STEP][PASSED] - Statement - counter = counter + 1: null

2018-12-13 14:18:52 - [TEST_STEP][PASSED] - Statement - PreSaveFile = new java.io.File(((pathPrefix + java.lang.Integer.toString(counter)) + .png)): null

2018-12-13 14:18:52 - [TEST_STEP][PASSED] - Statement - counter = counter + 1: null

2018-12-13 14:18:52 - [TEST_STEP][PASSED] - Statement - PreSaveFile = new java.io.File(((pathPrefix + java.lang.Integer.toString(counter)) + .png)): null

2018-12-13 14:18:52 - [TEST_STEP][PASSED] - Statement - counter = counter + 1: null

2018-12-13 14:18:52 - [TEST_STEP][PASSED] - Statement - PreSaveFile = new java.io.File(((pathPrefix + java.lang.Integer.toString(counter)) + .png)): null

2018-12-13 14:18:52 - [TEST_STEP][PASSED] - Statement - counter = counter + 1: null

2018-12-13 14:18:52 - [TEST_STEP][PASSED] - Statement - PreSaveFile = new java.io.File(((pathPrefix + java.lang.Integer.toString(counter)) + .png)): null

2018-12-13 14:18:52 - [TEST_STEP][PASSED] - Statement - counter = counter + 1: null

2018-12-13 14:18:52 - [TEST_STEP][PASSED] - Statement - PreSaveFile = new java.io.File(((pathPrefix + java.lang.Integer.toString(counter)) + .png)): null

2018-12-13 14:18:52 - [TEST_STEP][PASSED] - Statement - counter = counter + 1: null

2018-12-13 14:18:52 - [TEST_STEP][PASSED] - Statement - PreSaveFile = new java.io.File(((pathPrefix + java.lang.Integer.toString(counter)) + .png)): null

2018-12-13 14:18:52 - [TEST_STEP][PASSED] - Statement - counter = counter + 1: null

2018-12-13 14:18:52 - [TEST_STEP][PASSED] - Statement - PreSaveFile = new java.io.File(((pathPrefix + java.lang.Integer.toString(counter)) + .png)): null

2018-12-13 14:18:52 - [TEST_STEP][PASSED] - Statement - counter = counter + 1: null

2018-12-13 14:18:52 - [TEST_STEP][PASSED] - Statement - PreSaveFile = new java.io.File(((pathPrefix + java.lang.Integer.toString(counter)) + .png)): null

2018-12-13 14:18:52 - [TEST_STEP][PASSED] - Statement - counter = counter + 1: null

2018-12-13 14:18:52 - [TEST_STEP][PASSED] - Statement - PreSaveFile = new java.io.File(((pathPrefix + java.lang.Integer.toString(counter)) + .png)): null

2018-12-13 14:18:52 - [TEST_STEP][PASSED] - Statement - counter = counter + 1: null

2018-12-13 14:18:52 - [TEST_STEP][PASSED] - Statement - PreSaveFile = new java.io.File(((pathPrefix + java.lang.Integer.toString(counter)) + .png)): null

2018-12-13 14:18:52 - [TEST_STEP][PASSED] - Statement - counter = counter + 1: null

2018-12-13 14:18:52 - [TEST_STEP][PASSED] - Statement - PreSaveFile = new java.io.File(((pathPrefix + java.lang.Integer.toString(counter)) + .png)): null

2018-12-13 14:18:52 - [TEST_STEP][PASSED] - Statement - counter = counter + 1: null

2018-12-13 14:18:52 - [TEST_STEP][PASSED] - Statement - PreSaveFile = new java.io.File(((pathPrefix + java.lang.Integer.toString(counter)) + .png)): null

2018-12-13 14:18:52 - [TEST_STEP][PASSED] - Statement - counter = counter + 1: null

2018-12-13 14:18:52 - [TEST_STEP][PASSED] - Statement - PreSaveFile = new java.io.File(((pathPrefix + java.lang.Integer.toString(counter)) + .png)): null

2018-12-13 14:18:52 - [TEST_STEP][PASSED] - Statement - counter = counter + 1: null

2018-12-13 14:18:52 - [TEST_STEP][PASSED] - Statement - PreSaveFile = new java.io.File(((pathPrefix + java.lang.Integer.toString(counter)) + .png)): null

2018-12-13 14:18:52 - [TEST_STEP][PASSED] - Statement - counter = counter + 1: null

2018-12-13 14:18:52 - [TEST_STEP][PASSED] - Statement - PreSaveFile = new java.io.File(((pathPrefix + java.lang.Integer.toString(counter)) + .png)): null

2018-12-13 14:18:52 - [TEST_STEP][PASSED] - Statement - counter = counter + 1: null

2018-12-13 14:18:52 - [TEST_STEP][PASSED] - Statement - PreSaveFile = new java.io.File(((pathPrefix + java.lang.Integer.toString(counter)) + .png)): null

2018-12-13 14:18:52 - [TEST_STEP][PASSED] - Statement - counter = counter + 1: null

2018-12-13 14:18:52 - [TEST_STEP][PASSED] - Statement - PreSaveFile = new java.io.File(((pathPrefix + java.lang.Integer.toString(counter)) + .png)): null

2018-12-13 14:18:52 - [TEST_STEP][PASSED] - Statement - counter = counter + 1: null

2018-12-13 14:18:52 - [TEST_STEP][PASSED] - Statement - PreSaveFile = new java.io.File(((pathPrefix + java.lang.Integer.toString(counter)) + .png)): null

2018-12-13 14:18:52 - [TEST_STEP][PASSED] - Statement - counter = counter + 1: null

2018-12-13 14:18:52 - [TEST_STEP][PASSED] - Statement - PreSaveFile = new java.io.File(((pathPrefix + java.lang.Integer.toString(counter)) + .png)): null

2018-12-13 14:18:52 - [TEST_STEP][PASSED] - Statement - counter = counter + 1: null

2018-12-13 14:18:52 - [TEST_STEP][PASSED] - Statement - PreSaveFile = new java.io.File(((pathPrefix + java.lang.Integer.toString(counter)) + .png)): null

2018-12-13 14:18:52 - [TEST_STEP][PASSED] - Statement - counter = counter + 1: null

2018-12-13 14:18:52 - [TEST_STEP][PASSED] - Statement - PreSaveFile = new java.io.File(((pathPrefix + java.lang.Integer.toString(counter)) + .png)): null

2018-12-13 14:18:52 - [TEST_STEP][PASSED] - Statement - counter = counter + 1: null

2018-12-13 14:18:52 - [TEST_STEP][PASSED] - Statement - PreSaveFile = new java.io.File(((pathPrefix + java.lang.Integer.toString(counter)) + .png)): null

2018-12-13 14:18:52 - [TEST_STEP][PASSED] - Statement - counter = counter + 1: null

2018-12-13 14:18:52 - [TEST_STEP][PASSED] - Statement - PreSaveFile = new java.io.File(((pathPrefix + java.lang.Integer.toString(counter)) + .png)): null

2018-12-13 14:18:52 - [TEST_STEP][PASSED] - Statement - finalPath = pathPrefix + java.lang.Integer.toString(counter) + ".png": null

2018-12-13 14:18:52 - [TEST_STEP][PASSED] - Statement - SaveFile = new java.io.File(finalPath): null

2018-12-13 14:18:52 - [TEST_STEP][PASSED] - Statement - Try: null

2018-12-13 14:18:52 - [TEST_STEP][PASSED] - Statement - org.apache.commons.io.FileUtils.copyFile(scrFile, SaveFile): null

2018-12-13 14:18:52 - [TEST_STEP][PASSED] - Statement - out.println("file kept"): null

2018-12-13 14:18:52 - [TEST_STEP][PASSED] - delay: Delayed 10 second(s)

2018-12-13 14:19:02 - [MESSAGE][PASSED] - Delayed 10 second(s)

2018-12-13 14:19:02 - [MESSAGE][PASSED] - Call Test Case 'Test Cases/Final Aug 2018 - PKS Automation/Common/Screenshoting tool' successfully

2018-12-13 14:19:02 - [TEST_STEP][PASSED] - callTestCase: Call Test Case 'Test Cases/Final Aug 2018 - PKS Automation/Registration Module/Log Out/log out avoiding katalon tagging' successfully

2018-12-13 14:19:02 - [TEST_CASE][PASSED] - Test Cases/Final Aug 2018 - PKS Automation/Registration Module/Log Out/log out avoiding katalon tagging: Test Cases/Final Aug 2018 - PKS Automation/Registration Module/Log Out/log out avoiding katalon tagging

2018-12-13 14:19:02 - [TEST_STEP][PASSED] - navigateToUrl: Navigate to 'https://assist2-uat.perkeso.gov.my/c/portal/logout' successfully

2018-12-13 14:19:03 - [MESSAGE][PASSED] - Navigate to 'https://assist2-uat.perkeso.gov.my/c/portal/logout' successfully

2018-12-13 14:19:03 - [MESSAGE][PASSED] - Call Test Case 'Test Cases/Final Aug 2018 - PKS Automation/Registration Module/Log Out/log out avoiding katalon tagging' successfully

2018-12-13 14:19:03 - [TEST_STEP][PASSED] - delay: Delayed 2 second(s)

2018-12-13 14:19:05 - [MESSAGE][PASSED] - Delayed 2 second(s)

2018-12-13 14:19:05 - [TEST_STEP][PASSED] - setText: Text 'johorro3@gmail.com' is set on object 'Object Repository/Final Object Repo/New Registration - Registration Module Pages/New Reg - OTC to RO/Special Case - All Related Objects/Email TextBox'

2018-12-13 14:19:05 - [MESSAGE][PASSED] - Text 'johorro3@gmail.com' is set on object 'Object Repository/Final Object Repo/New Registration - Registration Module Pages/New Reg - OTC to RO/Special Case - All Related Objects/Email TextBox'

2018-12-13 14:19:05 - [TEST_STEP][PASSED] - click: Object: 'Object Repository/Final Object Repo/New Registration - Registration Module Pages/New Reg - OTC to RO/Special Case - All Related Objects/Next Button' is clicked on

2018-12-13 14:19:05 - [MESSAGE][PASSED] - Object: 'Object Repository/Final Object Repo/New Registration - Registration Module Pages/New Reg - OTC to RO/Special Case - All Related Objects/Next Button' is clicked on

2018-12-13 14:19:05 - [TEST_STEP][PASSED] - delay: Delayed 2 second(s)

2018-12-13 14:19:07 - [MESSAGE][PASSED] - Delayed 2 second(s)

2018-12-13 14:19:07 - [TEST_STEP][PASSED] - setText: Text 'Test1@3456789' is set on object 'Object Repository/Final Object Repo/New Registration - Registration Module Pages/New Reg - OTC to RO/Special Case - All Related Objects/Password TextBox'

2018-12-13 14:19:08 - [MESSAGE][PASSED] - Text 'Test1@3456789' is set on object 'Object Repository/Final Object Repo/New Registration - Registration Module Pages/New Reg - OTC to RO/Special Case - All Related Objects/Password TextBox'

2018-12-13 14:19:08 - [TEST_STEP][PASSED] - delay: Delayed 2 second(s)

2018-12-13 14:19:10 - [MESSAGE][PASSED] - Delayed 2 second(s)

2018-12-13 14:19:10 - [TEST_STEP][PASSED] - click: Object: 'Object Repository/Final Object Repo/New Registration - Registration Module Pages/New Reg - OTC to RO/Special Case - All Related Objects/Login Button' is clicked on

2018-12-13 14:19:10 - [MESSAGE][PASSED] - Object: 'Object Repository/Final Object Repo/New Registration - Registration Module Pages/New Reg - OTC to RO/Special Case - All Related Objects/Login Button' is clicked on

2018-12-13 14:19:10 - [TEST_STEP][PASSED] - delay: Delayed 2 second(s)

2018-12-13 14:19:12 - [MESSAGE][PASSED] - Delayed 2 second(s)

2018-12-13 14:19:12 - [TEST_STEP][PASSED] - Statement - Try: null

2018-12-13 14:19:12 - [TEST_STEP][PASSED] - Statement - Checker = com.kms.katalon.core.webui.keyword.WebUiBuiltInKeywords.verifyElementNotPresent("Final Object Repo/Landing Page/Select to English", 3): null

2018-12-13 14:19:12 - [TEST_STEP][PASSED] - Statement - Catch (Exception e): null

2018-12-13 14:19:12 - [TEST_STEP][PASSED] - Statement - e.printStackTrace(): null

2018-12-13 14:19:12 - [TEST_STEP][PASSED] - click: Object: 'Object Repository/Final Object Repo/New Registration - Registration Module Pages/New Reg - OTC to RO/Special Case - All Related Objects/Expand to Search' is clicked on

2018-12-13 14:19:12 - [MESSAGE][PASSED] - Object: 'Object Repository/Final Object Repo/New Registration - Registration Module Pages/New Reg - OTC to RO/Special Case - All Related Objects/Expand to Search' is clicked on

2018-12-13 14:19:12 - [TEST_STEP][PASSED] - setText: Text 'CRN12201800123280' is set on object 'Object Repository/Final Object Repo/New Registration - Registration Module Pages/New Reg - OTC to RO/Special Case - All Related Objects/TextBox RefNo in Workbasket'

2018-12-13 14:19:13 - [MESSAGE][PASSED] - Text 'CRN12201800123280' is set on object 'Object Repository/Final Object Repo/New Registration - Registration Module Pages/New Reg - OTC to RO/Special Case - All Related Objects/TextBox RefNo in Workbasket'

2018-12-13 14:19:13 - [TEST_STEP][PASSED] - delay: Delayed 2 second(s)

2018-12-13 14:19:15 - [MESSAGE][PASSED] - Delayed 2 second(s)

2018-12-13 14:19:15 - [TEST_STEP][PASSED] - click: Object: 'Object Repository/Final Object Repo/New Registration - Registration Module Pages/New Reg - OTC to RO/Special Case - All Related Objects/Click Search' is clicked on

2018-12-13 14:19:15 - [MESSAGE][PASSED] - Object: 'Object Repository/Final Object Repo/New Registration - Registration Module Pages/New Reg - OTC to RO/Special Case - All Related Objects/Click Search' is clicked on

2018-12-13 14:19:15 - [TEST_STEP][PASSED] - delay: Delayed 2 second(s)

2018-12-13 14:19:17 - [MESSAGE][PASSED] - Delayed 2 second(s)

2018-12-13 14:19:17 - [TEST_STEP][PASSED] - click: Object: 'Object Repository/Final Object Repo/New Registration - Registration Module Pages/New Reg - OTC to RO/Special Case - All Related Objects/Click to Continue Workflow' is clicked on

2018-12-13 14:19:20 - [MESSAGE][PASSED] - Object: 'Object Repository/Final Object Repo/New Registration - Registration Module Pages/New Reg - OTC to RO/Special Case - All Related Objects/Click to Continue Workflow' is clicked on

2018-12-13 14:19:20 - [TEST_STEP][PASSED] - delay: Delayed 2 second(s)

2018-12-13 14:19:22 - [MESSAGE][PASSED] - Delayed 2 second(s)

2018-12-13 14:19:22 - [TEST_STEP][PASSED] - click: Object: 'Object Repository/Final Object Repo/New Registration - Registration Module Pages/New Reg - OTC to RO/Special Case - All Related Objects/Continue Button in verifying case' is clicked on

2018-12-13 14:19:24 - [MESSAGE][PASSED] - Object: 'Object Repository/Final Object Repo/New Registration - Registration Module Pages/New Reg - OTC to RO/Special Case - All Related Objects/Continue Button in verifying case' is clicked on

2018-12-13 14:19:24 - [TEST_STEP][PASSED] - delay: Delayed 2 second(s)

2018-12-13 14:19:26 - [MESSAGE][PASSED] - Delayed 2 second(s)

2018-12-13 14:19:26 - [TEST_STEP][PASSED] - click: Object: 'Object Repository/Final Object Repo/New Registration - Registration Module Pages/Form 1/Registered As a Branch - Yes' is clicked on

2018-12-13 14:19:26 - [MESSAGE][PASSED] - Object: 'Object Repository/Final Object Repo/New Registration - Registration Module Pages/Form 1/Registered As a Branch - Yes' is clicked on

2018-12-13 14:19:26 - [TEST_STEP][PASSED] - delay: Delayed 2 second(s)

2018-12-13 14:19:28 - [MESSAGE][PASSED] - Delayed 2 second(s)

2018-12-13 14:19:28 - [TEST_STEP][PASSED] - click: Object: 'Object Repository/Final Object Repo/New Registration - Registration Module Pages/New Reg - OTC to RO/Special Case - All Related Objects/Form 1 Save n Continue' is clicked on

2018-12-13 14:19:28 - [MESSAGE][PASSED] - Object: 'Object Repository/Final Object Repo/New Registration - Registration Module Pages/New Reg - OTC to RO/Special Case - All Related Objects/Form 1 Save n Continue' is clicked on

2018-12-13 14:19:28 - [TEST_STEP][PASSED] - delay: Delayed 2 second(s)

2018-12-13 14:19:30 - [MESSAGE][PASSED] - Delayed 2 second(s)

2018-12-13 14:19:30 - [TEST_STEP][PASSED] - click: Object: 'Object Repository/Final Object Repo/New Registration - Registration Module Pages/New Reg - OTC to RO/Special Case - All Related Objects/Form 2 Save n Continue' is clicked on

2018-12-13 14:19:30 - [MESSAGE][PASSED] - Object: 'Object Repository/Final Object Repo/New Registration - Registration Module Pages/New Reg - OTC to RO/Special Case - All Related Objects/Form 2 Save n Continue' is clicked on

2018-12-13 14:19:30 - [TEST_STEP][PASSED] - delay: Delayed 2 second(s)

2018-12-13 14:19:32 - [MESSAGE][PASSED] - Delayed 2 second(s)

2018-12-13 14:19:32 - [TEST_STEP][PASSED] - click: Object: 'Object Repository/Final Object Repo/New Registration - Registration Module Pages/New Reg - OTC to RO/Special Case - All Related Objects/Third Screen Save n Continue' is clicked on

2018-12-13 14:19:38 - [MESSAGE][PASSED] - Object: 'Object Repository/Final Object Repo/New Registration - Registration Module Pages/New Reg - OTC to RO/Special Case - All Related Objects/Third Screen Save n Continue' is clicked on

2018-12-13 14:19:38 - [TEST_STEP][PASSED] - delay: Delayed 5 second(s)

2018-12-13 14:19:43 - [MESSAGE][PASSED] - Delayed 5 second(s)

2018-12-13 14:19:43 - [TEST_STEP][PASSED] - click: Object: 'Object Repository/Final Object Repo/New Registration - Registration Module Pages/New Reg - OTC to RO/Special Case - All Related Objects/Upload Doc Page Save n Continue' is clicked on

2018-12-13 14:19:43 - [MESSAGE][PASSED] - Object: 'Object Repository/Final Object Repo/New Registration - Registration Module Pages/New Reg - OTC to RO/Special Case - All Related Objects/Upload Doc Page Save n Continue' is clicked on

2018-12-13 14:19:43 - [TEST_STEP][PASSED] - delay: Delayed 5 second(s)

2018-12-13 14:19:48 - [MESSAGE][PASSED] - Delayed 5 second(s)

2018-12-13 14:19:48 - [TEST_STEP][PASSED] - callTestCase: Call Test Case 'Test Cases/Final Aug 2018 - PKS Automation/Registration Module/New Registration/Submit and Screenshot/Submit Registration and Screenshot' successfully

2018-12-13 14:19:48 - [TEST_CASE][PASSED] - Test Cases/Final Aug 2018 - PKS Automation/Registration Module/New Registration/Submit and Screenshot/Submit Registration and Screenshot: Test Cases/Final Aug 2018 - PKS Automation/Registration Module/New Registration/Submit and Screenshot/Submit Registration and Screenshot

2018-12-13 14:19:48 - [TEST_STEP][PASSED] - delay: Delayed 6 second(s)

2018-12-13 14:19:54 - [MESSAGE][PASSED] - Delayed 6 second(s)

2018-12-13 14:19:54 - [TEST_STEP][PASSED] - click: Object: 'Object Repository/Final Object Repo/New Registration - Registration Module Pages/Third Screen - Upload Supporting Doc- Preview/Preview Submit Button' is clicked on

2018-12-13 14:19:54 - [MESSAGE][PASSED] - Object: 'Object Repository/Final Object Repo/New Registration - Registration Module Pages/Third Screen - Upload Supporting Doc- Preview/Preview Submit Button' is clicked on

2018-12-13 14:19:54 - [TEST_STEP][PASSED] - delay: Delayed 2 second(s)

2018-12-13 14:19:56 - [MESSAGE][PASSED] - Delayed 2 second(s)

2018-12-13 14:19:56 - [TEST_STEP][PASSED] - click: Object: 'Object Repository/Final Object Repo/New Registration - Registration Module Pages/Third Screen - Upload Supporting Doc- Preview/Preview Submit - Confirm' is clicked on

2018-12-13 14:19:56 - [MESSAGE][PASSED] - Object: 'Object Repository/Final Object Repo/New Registration - Registration Module Pages/Third Screen - Upload Supporting Doc- Preview/Preview Submit - Confirm' is clicked on

2018-12-13 14:19:56 - [TEST_STEP][PASSED] - delay: Delayed 15 second(s)

2018-12-13 14:20:11 - [MESSAGE][PASSED] - Delayed 15 second(s)

2018-12-13 14:20:11 - [TEST_STEP][PASSED] - Statement - driver = com.kms.katalon.core.webui.driver.DriverFactory.getWebDriver(): null

2018-12-13 14:20:11 - [TEST_STEP][PASSED] - Statement - driver.manage().timeouts().implicitlyWait(10, SECONDS): null

2018-12-13 14:20:11 - [TEST_STEP][PASSED] - Statement - PresavePath = KatalonScreenshots: null

2018-12-13 14:20:11 - [TEST_STEP][PASSED] - Statement - pathPrefix = "C:\Users\Public\Pictures\Sample Pictures\Katalon Screenshots\Automate Ending Screen": null

2018-12-13 14:20:11 - [TEST_STEP][PASSED] - Statement - finalPath = <not implemented yet for class: org.codehaus.groovy.ast.expr.EmptyExpression>: null

2018-12-13 14:20:11 - [TEST_STEP][PASSED] - Statement - scrFile = driver.getScreenshotAs(FILE): null

2018-12-13 14:20:12 - [TEST_STEP][PASSED] - Statement - PreSaveFile = new java.io.File(PresavePath): null

2018-12-13 14:20:12 - [TEST_STEP][PASSED] - Statement - counter = 0: null

2018-12-13 14:20:12 - [TEST_STEP][PASSED] - Statement - If (PreSaveFile.exists()): null

2018-12-13 14:20:12 - [TEST_STEP][PASSED] - Statement - While (PreSaveFile.exists()): null

2018-12-13 14:20:12 - [TEST_STEP][PASSED] - Statement - counter = counter + 1: null

2018-12-13 14:20:12 - [TEST_STEP][PASSED] - Statement - PreSaveFile = new java.io.File(((pathPrefix + java.lang.Integer.toString(counter)) + .png)): null

2018-12-13 14:20:12 - [TEST_STEP][PASSED] - Statement - counter = counter + 1: null

2018-12-13 14:20:12 - [TEST_STEP][PASSED] - Statement - PreSaveFile = new java.io.File(((pathPrefix + java.lang.Integer.toString(counter)) + .png)): null

2018-12-13 14:20:12 - [TEST_STEP][PASSED] - Statement - counter = counter + 1: null

2018-12-13 14:20:12 - [TEST_STEP][PASSED] - Statement - PreSaveFile = new java.io.File(((pathPrefix + java.lang.Integer.toString(counter)) + .png)): null

2018-12-13 14:20:12 - [TEST_STEP][PASSED] - Statement - counter = counter + 1: null

2018-12-13 14:20:12 - [TEST_STEP][PASSED] - Statement - PreSaveFile = new java.io.File(((pathPrefix + java.lang.Integer.toString(counter)) + .png)): null

2018-12-13 14:20:12 - [TEST_STEP][PASSED] - Statement - counter = counter + 1: null

2018-12-13 14:20:12 - [TEST_STEP][PASSED] - Statement - PreSaveFile = new java.io.File(((pathPrefix + java.lang.Integer.toString(counter)) + .png)): null

2018-12-13 14:20:12 - [TEST_STEP][PASSED] - Statement - counter = counter + 1: null

2018-12-13 14:20:12 - [TEST_STEP][PASSED] - Statement - PreSaveFile = new java.io.File(((pathPrefix + java.lang.Integer.toString(counter)) + .png)): null

2018-12-13 14:20:12 - [TEST_STEP][PASSED] - Statement - counter = counter + 1: null

2018-12-13 14:20:12 - [TEST_STEP][PASSED] - Statement - PreSaveFile = new java.io.File(((pathPrefix + java.lang.Integer.toString(counter)) + .png)): null

2018-12-13 14:20:12 - [TEST_STEP][PASSED] - Statement - counter = counter + 1: null

2018-12-13 14:20:12 - [TEST_STEP][PASSED] - Statement - PreSaveFile = new java.io.File(((pathPrefix + java.lang.Integer.toString(counter)) + .png)): null

2018-12-13 14:20:12 - [TEST_STEP][PASSED] - Statement - counter = counter + 1: null

2018-12-13 14:20:12 - [TEST_STEP][PASSED] - Statement - PreSaveFile = new java.io.File(((pathPrefix + java.lang.Integer.toString(counter)) + .png)): null

2018-12-13 14:20:12 - [TEST_STEP][PASSED] - Statement - counter = counter + 1: null

2018-12-13 14:20:12 - [TEST_STEP][PASSED] - Statement - PreSaveFile = new java.io.File(((pathPrefix + java.lang.Integer.toString(counter)) + .png)): null

2018-12-13 14:20:12 - [TEST_STEP][PASSED] - Statement - counter = counter + 1: null

2018-12-13 14:20:12 - [TEST_STEP][PASSED] - Statement - PreSaveFile = new java.io.File(((pathPrefix + java.lang.Integer.toString(counter)) + .png)): null

2018-12-13 14:20:12 - [TEST_STEP][PASSED] - Statement - counter = counter + 1: null

2018-12-13 14:20:12 - [TEST_STEP][PASSED] - Statement - PreSaveFile = new java.io.File(((pathPrefix + java.lang.Integer.toString(counter)) + .png)): null

2018-12-13 14:20:12 - [TEST_STEP][PASSED] - Statement - counter = counter + 1: null

2018-12-13 14:20:12 - [TEST_STEP][PASSED] - Statement - PreSaveFile = new java.io.File(((pathPrefix + java.lang.Integer.toString(counter)) + .png)): null

2018-12-13 14:20:12 - [TEST_STEP][PASSED] - Statement - counter = counter + 1: null

2018-12-13 14:20:12 - [TEST_STEP][PASSED] - Statement - PreSaveFile = new java.io.File(((pathPrefix + java.lang.Integer.toString(counter)) + .png)): null

2018-12-13 14:20:12 - [TEST_STEP][PASSED] - Statement - counter = counter + 1: null

2018-12-13 14:20:12 - [TEST_STEP][PASSED] - Statement - PreSaveFile = new java.io.File(((pathPrefix + java.lang.Integer.toString(counter)) + .png)): null

2018-12-13 14:20:12 - [TEST_STEP][PASSED] - Statement - counter = counter + 1: null

2018-12-13 14:20:12 - [TEST_STEP][PASSED] - Statement - PreSaveFile = new java.io.File(((pathPrefix + java.lang.Integer.toString(counter)) + .png)): null

2018-12-13 14:20:12 - [TEST_STEP][PASSED] - Statement - counter = counter + 1: null

2018-12-13 14:20:12 - [TEST_STEP][PASSED] - Statement - PreSaveFile = new java.io.File(((pathPrefix + java.lang.Integer.toString(counter)) + .png)): null

2018-12-13 14:20:12 - [TEST_STEP][PASSED] - Statement - counter = counter + 1: null

2018-12-13 14:20:12 - [TEST_STEP][PASSED] - Statement - PreSaveFile = new java.io.File(((pathPrefix + java.lang.Integer.toString(counter)) + .png)): null

2018-12-13 14:20:12 - [TEST_STEP][PASSED] - Statement - counter = counter + 1: null

2018-12-13 14:20:12 - [TEST_STEP][PASSED] - Statement - PreSaveFile = new java.io.File(((pathPrefix + java.lang.Integer.toString(counter)) + .png)): null

2018-12-13 14:20:12 - [TEST_STEP][PASSED] - Statement - counter = counter + 1: null

2018-12-13 14:20:12 - [TEST_STEP][PASSED] - Statement - PreSaveFile = new java.io.File(((pathPrefix + java.lang.Integer.toString(counter)) + .png)): null

2018-12-13 14:20:12 - [TEST_STEP][PASSED] - Statement - counter = counter + 1: null

2018-12-13 14:20:12 - [TEST_STEP][PASSED] - Statement - PreSaveFile = new java.io.File(((pathPrefix + java.lang.Integer.toString(counter)) + .png)): null

2018-12-13 14:20:12 - [TEST_STEP][PASSED] - Statement - counter = counter + 1: null

2018-12-13 14:20:12 - [TEST_STEP][PASSED] - Statement - PreSaveFile = new java.io.File(((pathPrefix + java.lang.Integer.toString(counter)) + .png)): null

2018-12-13 14:20:12 - [TEST_STEP][PASSED] - Statement - counter = counter + 1: null

2018-12-13 14:20:12 - [TEST_STEP][PASSED] - Statement - PreSaveFile = new java.io.File(((pathPrefix + java.lang.Integer.toString(counter)) + .png)): null

2018-12-13 14:20:12 - [TEST_STEP][PASSED] - Statement - counter = counter + 1: null

2018-12-13 14:20:12 - [TEST_STEP][PASSED] - Statement - PreSaveFile = new java.io.File(((pathPrefix + java.lang.Integer.toString(counter)) + .png)): null

2018-12-13 14:20:12 - [TEST_STEP][PASSED] - Statement - counter = counter + 1: null

2018-12-13 14:20:12 - [TEST_STEP][PASSED] - Statement - PreSaveFile = new java.io.File(((pathPrefix + java.lang.Integer.toString(counter)) + .png)): null

2018-12-13 14:20:12 - [TEST_STEP][PASSED] - Statement - counter = counter + 1: null

2018-12-13 14:20:12 - [TEST_STEP][PASSED] - Statement - PreSaveFile = new java.io.File(((pathPrefix + java.lang.Integer.toString(counter)) + .png)): null

2018-12-13 14:20:12 - [TEST_STEP][PASSED] - Statement - counter = counter + 1: null

2018-12-13 14:20:12 - [TEST_STEP][PASSED] - Statement - PreSaveFile = new java.io.File(((pathPrefix + java.lang.Integer.toString(counter)) + .png)): null

2018-12-13 14:20:12 - [TEST_STEP][PASSED] - Statement - counter = counter + 1: null

2018-12-13 14:20:12 - [TEST_STEP][PASSED] - Statement - PreSaveFile = new java.io.File(((pathPrefix + java.lang.Integer.toString(counter)) + .png)): null

2018-12-13 14:20:12 - [TEST_STEP][PASSED] - Statement - counter = counter + 1: null

2018-12-13 14:20:12 - [TEST_STEP][PASSED] - Statement - PreSaveFile = new java.io.File(((pathPrefix + java.lang.Integer.toString(counter)) + .png)): null

2018-12-13 14:20:12 - [TEST_STEP][PASSED] - Statement - counter = counter + 1: null

2018-12-13 14:20:12 - [TEST_STEP][PASSED] - Statement - PreSaveFile = new java.io.File(((pathPrefix + java.lang.Integer.toString(counter)) + .png)): null

2018-12-13 14:20:12 - [TEST_STEP][PASSED] - Statement - counter = counter + 1: null

2018-12-13 14:20:12 - [TEST_STEP][PASSED] - Statement - PreSaveFile = new java.io.File(((pathPrefix + java.lang.Integer.toString(counter)) + .png)): null

2018-12-13 14:20:12 - [TEST_STEP][PASSED] - Statement - counter = counter + 1: null

2018-12-13 14:20:12 - [TEST_STEP][PASSED] - Statement - PreSaveFile = new java.io.File(((pathPrefix + java.lang.Integer.toString(counter)) + .png)): null

2018-12-13 14:20:12 - [TEST_STEP][PASSED] - Statement - counter = counter + 1: null

2018-12-13 14:20:12 - [TEST_STEP][PASSED] - Statement - PreSaveFile = new java.io.File(((pathPrefix + java.lang.Integer.toString(counter)) + .png)): null

2018-12-13 14:20:12 - [TEST_STEP][PASSED] - Statement - counter = counter + 1: null

2018-12-13 14:20:12 - [TEST_STEP][PASSED] - Statement - PreSaveFile = new java.io.File(((pathPrefix + java.lang.Integer.toString(counter)) + .png)): null

2018-12-13 14:20:12 - [TEST_STEP][PASSED] - Statement - counter = counter + 1: null

2018-12-13 14:20:12 - [TEST_STEP][PASSED] - Statement - PreSaveFile = new java.io.File(((pathPrefix + java.lang.Integer.toString(counter)) + .png)): null

2018-12-13 14:20:12 - [TEST_STEP][PASSED] - Statement - counter = counter + 1: null

2018-12-13 14:20:12 - [TEST_STEP][PASSED] - Statement - PreSaveFile = new java.io.File(((pathPrefix + java.lang.Integer.toString(counter)) + .png)): null

2018-12-13 14:20:12 - [TEST_STEP][PASSED] - Statement - counter = counter + 1: null

2018-12-13 14:20:12 - [TEST_STEP][PASSED] - Statement - PreSaveFile = new java.io.File(((pathPrefix + java.lang.Integer.toString(counter)) + .png)): null

2018-12-13 14:20:12 - [TEST_STEP][PASSED] - Statement - counter = counter + 1: null

2018-12-13 14:20:12 - [TEST_STEP][PASSED] - Statement - PreSaveFile = new java.io.File(((pathPrefix + java.lang.Integer.toString(counter)) + .png)): null

2018-12-13 14:20:12 - [TEST_STEP][PASSED] - Statement - counter = counter + 1: null

2018-12-13 14:20:12 - [TEST_STEP][PASSED] - Statement - PreSaveFile = new java.io.File(((pathPrefix + java.lang.Integer.toString(counter)) + .png)): null

2018-12-13 14:20:12 - [TEST_STEP][PASSED] - Statement - counter = counter + 1: null

2018-12-13 14:20:12 - [TEST_STEP][PASSED] - Statement - PreSaveFile = new java.io.File(((pathPrefix + java.lang.Integer.toString(counter)) + .png)): null

2018-12-13 14:20:12 - [TEST_STEP][PASSED] - Statement - counter = counter + 1: null

2018-12-13 14:20:12 - [TEST_STEP][PASSED] - Statement - PreSaveFile = new java.io.File(((pathPrefix + java.lang.Integer.toString(counter)) + .png)): null

2018-12-13 14:20:12 - [TEST_STEP][PASSED] - Statement - counter = counter + 1: null

2018-12-13 14:20:12 - [TEST_STEP][PASSED] - Statement - PreSaveFile = new java.io.File(((pathPrefix + java.lang.Integer.toString(counter)) + .png)): null

2018-12-13 14:20:12 - [TEST_STEP][PASSED] - Statement - counter = counter + 1: null

2018-12-13 14:20:12 - [TEST_STEP][PASSED] - Statement - PreSaveFile = new java.io.File(((pathPrefix + java.lang.Integer.toString(counter)) + .png)): null

2018-12-13 14:20:12 - [TEST_STEP][PASSED] - Statement - counter = counter + 1: null

2018-12-13 14:20:12 - [TEST_STEP][PASSED] - Statement - PreSaveFile = new java.io.File(((pathPrefix + java.lang.Integer.toString(counter)) + .png)): null

2018-12-13 14:20:12 - [TEST_STEP][PASSED] - Statement - counter = counter + 1: null

2018-12-13 14:20:12 - [TEST_STEP][PASSED] - Statement - PreSaveFile = new java.io.File(((pathPrefix + java.lang.Integer.toString(counter)) + .png)): null

2018-12-13 14:20:12 - [TEST_STEP][PASSED] - Statement - counter = counter + 1: null

2018-12-13 14:20:12 - [TEST_STEP][PASSED] - Statement - PreSaveFile = new java.io.File(((pathPrefix + java.lang.Integer.toString(counter)) + .png)): null

2018-12-13 14:20:12 - [TEST_STEP][PASSED] - Statement - counter = counter + 1: null

2018-12-13 14:20:12 - [TEST_STEP][PASSED] - Statement - PreSaveFile = new java.io.File(((pathPrefix + java.lang.Integer.toString(counter)) + .png)): null

2018-12-13 14:20:12 - [TEST_STEP][PASSED] - Statement - counter = counter + 1: null

2018-12-13 14:20:12 - [TEST_STEP][PASSED] - Statement - PreSaveFile = new java.io.File(((pathPrefix + java.lang.Integer.toString(counter)) + .png)): null

2018-12-13 14:20:12 - [TEST_STEP][PASSED] - Statement - counter = counter + 1: null

2018-12-13 14:20:12 - [TEST_STEP][PASSED] - Statement - PreSaveFile = new java.io.File(((pathPrefix + java.lang.Integer.toString(counter)) + .png)): null

2018-12-13 14:20:12 - [TEST_STEP][PASSED] - Statement - counter = counter + 1: null

2018-12-13 14:20:12 - [TEST_STEP][PASSED] - Statement - PreSaveFile = new java.io.File(((pathPrefix + java.lang.Integer.toString(counter)) + .png)): null

2018-12-13 14:20:12 - [TEST_STEP][PASSED] - Statement - counter = counter + 1: null

2018-12-13 14:20:12 - [TEST_STEP][PASSED] - Statement - PreSaveFile = new java.io.File(((pathPrefix + java.lang.Integer.toString(counter)) + .png)): null

2018-12-13 14:20:12 - [TEST_STEP][PASSED] - Statement - counter = counter + 1: null

2018-12-13 14:20:12 - [TEST_STEP][PASSED] - Statement - PreSaveFile = new java.io.File(((pathPrefix + java.lang.Integer.toString(counter)) + .png)): null

2018-12-13 14:20:12 - [TEST_STEP][PASSED] - Statement - counter = counter + 1: null

2018-12-13 14:20:12 - [TEST_STEP][PASSED] - Statement - PreSaveFile = new java.io.File(((pathPrefix + java.lang.Integer.toString(counter)) + .png)): null

2018-12-13 14:20:12 - [TEST_STEP][PASSED] - Statement - counter = counter + 1: null

2018-12-13 14:20:12 - [TEST_STEP][PASSED] - Statement - PreSaveFile = new java.io.File(((pathPrefix + java.lang.Integer.toString(counter)) + .png)): null

2018-12-13 14:20:12 - [TEST_STEP][PASSED] - Statement - counter = counter + 1: null

2018-12-13 14:20:12 - [TEST_STEP][PASSED] - Statement - PreSaveFile = new java.io.File(((pathPrefix + java.lang.Integer.toString(counter)) + .png)): null

2018-12-13 14:20:12 - [TEST_STEP][PASSED] - Statement - counter = counter + 1: null

2018-12-13 14:20:12 - [TEST_STEP][PASSED] - Statement - PreSaveFile = new java.io.File(((pathPrefix + java.lang.Integer.toString(counter)) + .png)): null

2018-12-13 14:20:12 - [TEST_STEP][PASSED] - Statement - counter = counter + 1: null

2018-12-13 14:20:12 - [TEST_STEP][PASSED] - Statement - PreSaveFile = new java.io.File(((pathPrefix + java.lang.Integer.toString(counter)) + .png)): null

2018-12-13 14:20:12 - [TEST_STEP][PASSED] - Statement - counter = counter + 1: null

2018-12-13 14:20:12 - [TEST_STEP][PASSED] - Statement - PreSaveFile = new java.io.File(((pathPrefix + java.lang.Integer.toString(counter)) + .png)): null

2018-12-13 14:20:12 - [TEST_STEP][PASSED] - Statement - counter = counter + 1: null

2018-12-13 14:20:12 - [TEST_STEP][PASSED] - Statement - PreSaveFile = new java.io.File(((pathPrefix + java.lang.Integer.toString(counter)) + .png)): null

2018-12-13 14:20:12 - [TEST_STEP][PASSED] - Statement - counter = counter + 1: null

2018-12-13 14:20:12 - [TEST_STEP][PASSED] - Statement - PreSaveFile = new java.io.File(((pathPrefix + java.lang.Integer.toString(counter)) + .png)): null

2018-12-13 14:20:12 - [TEST_STEP][PASSED] - Statement - counter = counter + 1: null

2018-12-13 14:20:12 - [TEST_STEP][PASSED] - Statement - PreSaveFile = new java.io.File(((pathPrefix + java.lang.Integer.toString(counter)) + .png)): null

2018-12-13 14:20:12 - [TEST_STEP][PASSED] - Statement - counter = counter + 1: null

2018-12-13 14:20:12 - [TEST_STEP][PASSED] - Statement - PreSaveFile = new java.io.File(((pathPrefix + java.lang.Integer.toString(counter)) + .png)): null

2018-12-13 14:20:12 - [TEST_STEP][PASSED] - Statement - counter = counter + 1: null

2018-12-13 14:20:12 - [TEST_STEP][PASSED] - Statement - PreSaveFile = new java.io.File(((pathPrefix + java.lang.Integer.toString(counter)) + .png)): null

2018-12-13 14:20:12 - [TEST_STEP][PASSED] - Statement - counter = counter + 1: null

2018-12-13 14:20:12 - [TEST_STEP][PASSED] - Statement - PreSaveFile = new java.io.File(((pathPrefix + java.lang.Integer.toString(counter)) + .png)): null

2018-12-13 14:20:12 - [TEST_STEP][PASSED] - Statement - counter = counter + 1: null

2018-12-13 14:20:12 - [TEST_STEP][PASSED] - Statement - PreSaveFile = new java.io.File(((pathPrefix + java.lang.Integer.toString(counter)) + .png)): null

2018-12-13 14:20:12 - [TEST_STEP][PASSED] - Statement - counter = counter + 1: null

2018-12-13 14:20:12 - [TEST_STEP][PASSED] - Statement - PreSaveFile = new java.io.File(((pathPrefix + java.lang.Integer.toString(counter)) + .png)): null

2018-12-13 14:20:12 - [TEST_STEP][PASSED] - Statement - counter = counter + 1: null

2018-12-13 14:20:12 - [TEST_STEP][PASSED] - Statement - PreSaveFile = new java.io.File(((pathPrefix + java.lang.Integer.toString(counter)) + .png)): null

2018-12-13 14:20:12 - [TEST_STEP][PASSED] - Statement - counter = counter + 1: null

2018-12-13 14:20:12 - [TEST_STEP][PASSED] - Statement - PreSaveFile = new java.io.File(((pathPrefix + java.lang.Integer.toString(counter)) + .png)): null

2018-12-13 14:20:12 - [TEST_STEP][PASSED] - Statement - counter = counter + 1: null

2018-12-13 14:20:12 - [TEST_STEP][PASSED] - Statement - PreSaveFile = new java.io.File(((pathPrefix + java.lang.Integer.toString(counter)) + .png)): null

2018-12-13 14:20:12 - [TEST_STEP][PASSED] - Statement - counter = counter + 1: null

2018-12-13 14:20:12 - [TEST_STEP][PASSED] - Statement - PreSaveFile = new java.io.File(((pathPrefix + java.lang.Integer.toString(counter)) + .png)): null

2018-12-13 14:20:12 - [TEST_STEP][PASSED] - Statement - counter = counter + 1: null

2018-12-13 14:20:12 - [TEST_STEP][PASSED] - Statement - PreSaveFile = new java.io.File(((pathPrefix + java.lang.Integer.toString(counter)) + .png)): null

2018-12-13 14:20:12 - [TEST_STEP][PASSED] - Statement - counter = counter + 1: null

2018-12-13 14:20:12 - [TEST_STEP][PASSED] - Statement - PreSaveFile = new java.io.File(((pathPrefix + java.lang.Integer.toString(counter)) + .png)): null

2018-12-13 14:20:12 - [TEST_STEP][PASSED] - Statement - counter = counter + 1: null

2018-12-13 14:20:12 - [TEST_STEP][PASSED] - Statement - PreSaveFile = new java.io.File(((pathPrefix + java.lang.Integer.toString(counter)) + .png)): null

2018-12-13 14:20:12 - [TEST_STEP][PASSED] - Statement - counter = counter + 1: null

2018-12-13 14:20:12 - [TEST_STEP][PASSED] - Statement - PreSaveFile = new java.io.File(((pathPrefix + java.lang.Integer.toString(counter)) + .png)): null

2018-12-13 14:20:12 - [TEST_STEP][PASSED] - Statement - counter = counter + 1: null

2018-12-13 14:20:12 - [TEST_STEP][PASSED] - Statement - PreSaveFile = new java.io.File(((pathPrefix + java.lang.Integer.toString(counter)) + .png)): null

2018-12-13 14:20:12 - [TEST_STEP][PASSED] - Statement - counter = counter + 1: null

2018-12-13 14:20:12 - [TEST_STEP][PASSED] - Statement - PreSaveFile = new java.io.File(((pathPrefix + java.lang.Integer.toString(counter)) + .png)): null

2018-12-13 14:20:12 - [TEST_STEP][PASSED] - Statement - counter = counter + 1: null

2018-12-13 14:20:12 - [TEST_STEP][PASSED] - Statement - PreSaveFile = new java.io.File(((pathPrefix + java.lang.Integer.toString(counter)) + .png)): null

2018-12-13 14:20:12 - [TEST_STEP][PASSED] - Statement - counter = counter + 1: null

2018-12-13 14:20:12 - [TEST_STEP][PASSED] - Statement - PreSaveFile = new java.io.File(((pathPrefix + java.lang.Integer.toString(counter)) + .png)): null

2018-12-13 14:20:12 - [TEST_STEP][PASSED] - Statement - counter = counter + 1: null

2018-12-13 14:20:12 - [TEST_STEP][PASSED] - Statement - PreSaveFile = new java.io.File(((pathPrefix + java.lang.Integer.toString(counter)) + .png)): null

2018-12-13 14:20:12 - [TEST_STEP][PASSED] - Statement - counter = counter + 1: null

2018-12-13 14:20:12 - [TEST_STEP][PASSED] - Statement - PreSaveFile = new java.io.File(((pathPrefix + java.lang.Integer.toString(counter)) + .png)): null

2018-12-13 14:20:12 - [TEST_STEP][PASSED] - Statement - counter = counter + 1: null

2018-12-13 14:20:12 - [TEST_STEP][PASSED] - Statement - PreSaveFile = new java.io.File(((pathPrefix + java.lang.Integer.toString(counter)) + .png)): null

2018-12-13 14:20:12 - [TEST_STEP][PASSED] - Statement - counter = counter + 1: null

2018-12-13 14:20:12 - [TEST_STEP][PASSED] - Statement - PreSaveFile = new java.io.File(((pathPrefix + java.lang.Integer.toString(counter)) + .png)): null

2018-12-13 14:20:12 - [TEST_STEP][PASSED] - Statement - counter = counter + 1: null

2018-12-13 14:20:12 - [TEST_STEP][PASSED] - Statement - PreSaveFile = new java.io.File(((pathPrefix + java.lang.Integer.toString(counter)) + .png)): null

2018-12-13 14:20:12 - [TEST_STEP][PASSED] - Statement - counter = counter + 1: null

2018-12-13 14:20:12 - [TEST_STEP][PASSED] - Statement - PreSaveFile = new java.io.File(((pathPrefix + java.lang.Integer.toString(counter)) + .png)): null

2018-12-13 14:20:12 - [TEST_STEP][PASSED] - Statement - counter = counter + 1: null

2018-12-13 14:20:12 - [TEST_STEP][PASSED] - Statement - PreSaveFile = new java.io.File(((pathPrefix + java.lang.Integer.toString(counter)) + .png)): null

2018-12-13 14:20:12 - [TEST_STEP][PASSED] - Statement - counter = counter + 1: null

2018-12-13 14:20:12 - [TEST_STEP][PASSED] - Statement - PreSaveFile = new java.io.File(((pathPrefix + java.lang.Integer.toString(counter)) + .png)): null

2018-12-13 14:20:12 - [TEST_STEP][PASSED] - Statement - counter = counter + 1: null

2018-12-13 14:20:12 - [TEST_STEP][PASSED] - Statement - PreSaveFile = new java.io.File(((pathPrefix + java.lang.Integer.toString(counter)) + .png)): null

2018-12-13 14:20:12 - [TEST_STEP][PASSED] - Statement - counter = counter + 1: null

2018-12-13 14:20:12 - [TEST_STEP][PASSED] - Statement - PreSaveFile = new java.io.File(((pathPrefix + java.lang.Integer.toString(counter)) + .png)): null

2018-12-13 14:20:12 - [TEST_STEP][PASSED] - Statement - counter = counter + 1: null

2018-12-13 14:20:12 - [TEST_STEP][PASSED] - Statement - PreSaveFile = new java.io.File(((pathPrefix + java.lang.Integer.toString(counter)) + .png)): null

2018-12-13 14:20:12 - [TEST_STEP][PASSED] - Statement - counter = counter + 1: null

2018-12-13 14:20:12 - [TEST_STEP][PASSED] - Statement - PreSaveFile = new java.io.File(((pathPrefix + java.lang.Integer.toString(counter)) + .png)): null

2018-12-13 14:20:12 - [TEST_STEP][PASSED] - Statement - counter = counter + 1: null

2018-12-13 14:20:12 - [TEST_STEP][PASSED] - Statement - PreSaveFile = new java.io.File(((pathPrefix + java.lang.Integer.toString(counter)) + .png)): null

2018-12-13 14:20:12 - [TEST_STEP][PASSED] - Statement - counter = counter + 1: null

2018-12-13 14:20:12 - [TEST_STEP][PASSED] - Statement - PreSaveFile = new java.io.File(((pathPrefix + java.lang.Integer.toString(counter)) + .png)): null

2018-12-13 14:20:12 - [TEST_STEP][PASSED] - Statement - counter = counter + 1: null

2018-12-13 14:20:12 - [TEST_STEP][PASSED] - Statement - PreSaveFile = new java.io.File(((pathPrefix + java.lang.Integer.toString(counter)) + .png)): null

2018-12-13 14:20:12 - [TEST_STEP][PASSED] - Statement - counter = counter + 1: null

2018-12-13 14:20:12 - [TEST_STEP][PASSED] - Statement - PreSaveFile = new java.io.File(((pathPrefix + java.lang.Integer.toString(counter)) + .png)): null

2018-12-13 14:20:12 - [TEST_STEP][PASSED] - Statement - counter = counter + 1: null

2018-12-13 14:20:12 - [TEST_STEP][PASSED] - Statement - PreSaveFile = new java.io.File(((pathPrefix + java.lang.Integer.toString(counter)) + .png)): null

2018-12-13 14:20:12 - [TEST_STEP][PASSED] - Statement - counter = counter + 1: null

2018-12-13 14:20:12 - [TEST_STEP][PASSED] - Statement - PreSaveFile = new java.io.File(((pathPrefix + java.lang.Integer.toString(counter)) + .png)): null

2018-12-13 14:20:12 - [TEST_STEP][PASSED] - Statement - counter = counter + 1: null

2018-12-13 14:20:12 - [TEST_STEP][PASSED] - Statement - PreSaveFile = new java.io.File(((pathPrefix + java.lang.Integer.toString(counter)) + .png)): null

2018-12-13 14:20:12 - [TEST_STEP][PASSED] - Statement - counter = counter + 1: null

2018-12-13 14:20:12 - [TEST_STEP][PASSED] - Statement - PreSaveFile = new java.io.File(((pathPrefix + java.lang.Integer.toString(counter)) + .png)): null

2018-12-13 14:20:12 - [TEST_STEP][PASSED] - Statement - counter = counter + 1: null

2018-12-13 14:20:12 - [TEST_STEP][PASSED] - Statement - PreSaveFile = new java.io.File(((pathPrefix + java.lang.Integer.toString(counter)) + .png)): null

2018-12-13 14:20:12 - [TEST_STEP][PASSED] - Statement - counter = counter + 1: null

2018-12-13 14:20:12 - [TEST_STEP][PASSED] - Statement - PreSaveFile = new java.io.File(((pathPrefix + java.lang.Integer.toString(counter)) + .png)): null

2018-12-13 14:20:12 - [TEST_STEP][PASSED] - Statement - counter = counter + 1: null

2018-12-13 14:20:12 - [TEST_STEP][PASSED] - Statement - PreSaveFile = new java.io.File(((pathPrefix + java.lang.Integer.toString(counter)) + .png)): null

2018-12-13 14:20:12 - [TEST_STEP][PASSED] - Statement - counter = counter + 1: null

2018-12-13 14:20:12 - [TEST_STEP][PASSED] - Statement - PreSaveFile = new java.io.File(((pathPrefix + java.lang.Integer.toString(counter)) + .png)): null

2018-12-13 14:20:12 - [TEST_STEP][PASSED] - Statement - counter = counter + 1: null

2018-12-13 14:20:12 - [TEST_STEP][PASSED] - Statement - PreSaveFile = new java.io.File(((pathPrefix + java.lang.Integer.toString(counter)) + .png)): null

2018-12-13 14:20:12 - [TEST_STEP][PASSED] - Statement - counter = counter + 1: null

2018-12-13 14:20:12 - [TEST_STEP][PASSED] - Statement - PreSaveFile = new java.io.File(((pathPrefix + java.lang.Integer.toString(counter)) + .png)): null

2018-12-13 14:20:12 - [TEST_STEP][PASSED] - Statement - counter = counter + 1: null

2018-12-13 14:20:12 - [TEST_STEP][PASSED] - Statement - PreSaveFile = new java.io.File(((pathPrefix + java.lang.Integer.toString(counter)) + .png)): null

2018-12-13 14:20:12 - [TEST_STEP][PASSED] - Statement - counter = counter + 1: null

2018-12-13 14:20:12 - [TEST_STEP][PASSED] - Statement - PreSaveFile = new java.io.File(((pathPrefix + java.lang.Integer.toString(counter)) + .png)): null

2018-12-13 14:20:12 - [TEST_STEP][PASSED] - Statement - counter = counter + 1: null

2018-12-13 14:20:12 - [TEST_STEP][PASSED] - Statement - PreSaveFile = new java.io.File(((pathPrefix + java.lang.Integer.toString(counter)) + .png)): null

2018-12-13 14:20:12 - [TEST_STEP][PASSED] - Statement - counter = counter + 1: null

2018-12-13 14:20:12 - [TEST_STEP][PASSED] - Statement - PreSaveFile = new java.io.File(((pathPrefix + java.lang.Integer.toString(counter)) + .png)): null

2018-12-13 14:20:12 - [TEST_STEP][PASSED] - Statement - counter = counter + 1: null

2018-12-13 14:20:12 - [TEST_STEP][PASSED] - Statement - PreSaveFile = new java.io.File(((pathPrefix + java.lang.Integer.toString(counter)) + .png)): null

2018-12-13 14:20:12 - [TEST_STEP][PASSED] - Statement - counter = counter + 1: null

2018-12-13 14:20:12 - [TEST_STEP][PASSED] - Statement - PreSaveFile = new java.io.File(((pathPrefix + java.lang.Integer.toString(counter)) + .png)): null

2018-12-13 14:20:12 - [TEST_STEP][PASSED] - Statement - counter = counter + 1: null

2018-12-13 14:20:12 - [TEST_STEP][PASSED] - Statement - PreSaveFile = new java.io.File(((pathPrefix + java.lang.Integer.toString(counter)) + .png)): null

2018-12-13 14:20:12 - [TEST_STEP][PASSED] - Statement - counter = counter + 1: null

2018-12-13 14:20:12 - [TEST_STEP][PASSED] - Statement - PreSaveFile = new java.io.File(((pathPrefix + java.lang.Integer.toString(counter)) + .png)): null

2018-12-13 14:20:12 - [TEST_STEP][PASSED] - Statement - counter = counter + 1: null

2018-12-13 14:20:12 - [TEST_STEP][PASSED] - Statement - PreSaveFile = new java.io.File(((pathPrefix + java.lang.Integer.toString(counter)) + .png)): null

2018-12-13 14:20:12 - [TEST_STEP][PASSED] - Statement - counter = counter + 1: null

2018-12-13 14:20:12 - [TEST_STEP][PASSED] - Statement - PreSaveFile = new java.io.File(((pathPrefix + java.lang.Integer.toString(counter)) + .png)): null

2018-12-13 14:20:12 - [TEST_STEP][PASSED] - Statement - counter = counter + 1: null

2018-12-13 14:20:12 - [TEST_STEP][PASSED] - Statement - PreSaveFile = new java.io.File(((pathPrefix + java.lang.Integer.toString(counter)) + .png)): null

2018-12-13 14:20:12 - [TEST_STEP][PASSED] - Statement - counter = counter + 1: null

2018-12-13 14:20:12 - [TEST_STEP][PASSED] - Statement - PreSaveFile = new java.io.File(((pathPrefix + java.lang.Integer.toString(counter)) + .png)): null

2018-12-13 14:20:12 - [TEST_STEP][PASSED] - Statement - counter = counter + 1: null

2018-12-13 14:20:12 - [TEST_STEP][PASSED] - Statement - PreSaveFile = new java.io.File(((pathPrefix + java.lang.Integer.toString(counter)) + .png)): null

2018-12-13 14:20:12 - [TEST_STEP][PASSED] - Statement - counter = counter + 1: null

2018-12-13 14:20:12 - [TEST_STEP][PASSED] - Statement - PreSaveFile = new java.io.File(((pathPrefix + java.lang.Integer.toString(counter)) + .png)): null

2018-12-13 14:20:12 - [TEST_STEP][PASSED] - Statement - counter = counter + 1: null

2018-12-13 14:20:12 - [TEST_STEP][PASSED] - Statement - PreSaveFile = new java.io.File(((pathPrefix + java.lang.Integer.toString(counter)) + .png)): null

2018-12-13 14:20:12 - [TEST_STEP][PASSED] - Statement - counter = counter + 1: null

2018-12-13 14:20:12 - [TEST_STEP][PASSED] - Statement - PreSaveFile = new java.io.File(((pathPrefix + java.lang.Integer.toString(counter)) + .png)): null

2018-12-13 14:20:12 - [TEST_STEP][PASSED] - Statement - counter = counter + 1: null

2018-12-13 14:20:12 - [TEST_STEP][PASSED] - Statement - PreSaveFile = new java.io.File(((pathPrefix + java.lang.Integer.toString(counter)) + .png)): null

2018-12-13 14:20:12 - [TEST_STEP][PASSED] - Statement - counter = counter + 1: null

2018-12-13 14:20:12 - [TEST_STEP][PASSED] - Statement - PreSaveFile = new java.io.File(((pathPrefix + java.lang.Integer.toString(counter)) + .png)): null

2018-12-13 14:20:12 - [TEST_STEP][PASSED] - Statement - counter = counter + 1: null

2018-12-13 14:20:12 - [TEST_STEP][PASSED] - Statement - PreSaveFile = new java.io.File(((pathPrefix + java.lang.Integer.toString(counter)) + .png)): null

2018-12-13 14:20:12 - [TEST_STEP][PASSED] - Statement - counter = counter + 1: null

2018-12-13 14:20:12 - [TEST_STEP][PASSED] - Statement - PreSaveFile = new java.io.File(((pathPrefix + java.lang.Integer.toString(counter)) + .png)): null

2018-12-13 14:20:12 - [TEST_STEP][PASSED] - Statement - counter = counter + 1: null

2018-12-13 14:20:12 - [TEST_STEP][PASSED] - Statement - PreSaveFile = new java.io.File(((pathPrefix + java.lang.Integer.toString(counter)) + .png)): null

2018-12-13 14:20:12 - [TEST_STEP][PASSED] - Statement - counter = counter + 1: null

2018-12-13 14:20:12 - [TEST_STEP][PASSED] - Statement - PreSaveFile = new java.io.File(((pathPrefix + java.lang.Integer.toString(counter)) + .png)): null

2018-12-13 14:20:12 - [TEST_STEP][PASSED] - Statement - counter = counter + 1: null

2018-12-13 14:20:12 - [TEST_STEP][PASSED] - Statement - PreSaveFile = new java.io.File(((pathPrefix + java.lang.Integer.toString(counter)) + .png)): null

2018-12-13 14:20:12 - [TEST_STEP][PASSED] - Statement - counter = counter + 1: null

2018-12-13 14:20:12 - [TEST_STEP][PASSED] - Statement - PreSaveFile = new java.io.File(((pathPrefix + java.lang.Integer.toString(counter)) + .png)): null

2018-12-13 14:20:12 - [TEST_STEP][PASSED] - Statement - counter = counter + 1: null

2018-12-13 14:20:12 - [TEST_STEP][PASSED] - Statement - PreSaveFile = new java.io.File(((pathPrefix + java.lang.Integer.toString(counter)) + .png)): null

2018-12-13 14:20:12 - [TEST_STEP][PASSED] - Statement - counter = counter + 1: null

2018-12-13 14:20:12 - [TEST_STEP][PASSED] - Statement - PreSaveFile = new java.io.File(((pathPrefix + java.lang.Integer.toString(counter)) + .png)): null

2018-12-13 14:20:12 - [TEST_STEP][PASSED] - Statement - counter = counter + 1: null

2018-12-13 14:20:12 - [TEST_STEP][PASSED] - Statement - PreSaveFile = new java.io.File(((pathPrefix + java.lang.Integer.toString(counter)) + .png)): null

2018-12-13 14:20:12 - [TEST_STEP][PASSED] - Statement - counter = counter + 1: null

2018-12-13 14:20:12 - [TEST_STEP][PASSED] - Statement - PreSaveFile = new java.io.File(((pathPrefix + java.lang.Integer.toString(counter)) + .png)): null

2018-12-13 14:20:12 - [TEST_STEP][PASSED] - Statement - counter = counter + 1: null

2018-12-13 14:20:12 - [TEST_STEP][PASSED] - Statement - PreSaveFile = new java.io.File(((pathPrefix + java.lang.Integer.toString(counter)) + .png)): null

2018-12-13 14:20:12 - [TEST_STEP][PASSED] - Statement - counter = counter + 1: null

2018-12-13 14:20:12 - [TEST_STEP][PASSED] - Statement - PreSaveFile = new java.io.File(((pathPrefix + java.lang.Integer.toString(counter)) + .png)): null

2018-12-13 14:20:12 - [TEST_STEP][PASSED] - Statement - counter = counter + 1: null

2018-12-13 14:20:12 - [TEST_STEP][PASSED] - Statement - PreSaveFile = new java.io.File(((pathPrefix + java.lang.Integer.toString(counter)) + .png)): null

2018-12-13 14:20:12 - [TEST_STEP][PASSED] - Statement - counter = counter + 1: null

2018-12-13 14:20:12 - [TEST_STEP][PASSED] - Statement - PreSaveFile = new java.io.File(((pathPrefix + java.lang.Integer.toString(counter)) + .png)): null

2018-12-13 14:20:12 - [TEST_STEP][PASSED] - Statement - counter = counter + 1: null

2018-12-13 14:20:12 - [TEST_STEP][PASSED] - Statement - PreSaveFile = new java.io.File(((pathPrefix + java.lang.Integer.toString(counter)) + .png)): null

2018-12-13 14:20:12 - [TEST_STEP][PASSED] - Statement - counter = counter + 1: null

2018-12-13 14:20:12 - [TEST_STEP][PASSED] - Statement - PreSaveFile = new java.io.File(((pathPrefix + java.lang.Integer.toString(counter)) + .png)): null

2018-12-13 14:20:12 - [TEST_STEP][PASSED] - Statement - counter = counter + 1: null

2018-12-13 14:20:12 - [TEST_STEP][PASSED] - Statement - PreSaveFile = new java.io.File(((pathPrefix + java.lang.Integer.toString(counter)) + .png)): null

2018-12-13 14:20:12 - [TEST_STEP][PASSED] - Statement - counter = counter + 1: null

2018-12-13 14:20:12 - [TEST_STEP][PASSED] - Statement - PreSaveFile = new java.io.File(((pathPrefix + java.lang.Integer.toString(counter)) + .png)): null

2018-12-13 14:20:12 - [TEST_STEP][PASSED] - Statement - counter = counter + 1: null

2018-12-13 14:20:12 - [TEST_STEP][PASSED] - Statement - PreSaveFile = new java.io.File(((pathPrefix + java.lang.Integer.toString(counter)) + .png)): null

2018-12-13 14:20:12 - [TEST_STEP][PASSED] - Statement - counter = counter + 1: null

2018-12-13 14:20:12 - [TEST_STEP][PASSED] - Statement - PreSaveFile = new java.io.File(((pathPrefix + java.lang.Integer.toString(counter)) + .png)): null

2018-12-13 14:20:12 - [TEST_STEP][PASSED] - Statement - counter = counter + 1: null

2018-12-13 14:20:12 - [TEST_STEP][PASSED] - Statement - PreSaveFile = new java.io.File(((pathPrefix + java.lang.Integer.toString(counter)) + .png)): null

2018-12-13 14:20:12 - [TEST_STEP][PASSED] - Statement - counter = counter + 1: null

2018-12-13 14:20:12 - [TEST_STEP][PASSED] - Statement - PreSaveFile = new java.io.File(((pathPrefix + java.lang.Integer.toString(counter)) + .png)): null

2018-12-13 14:20:12 - [TEST_STEP][PASSED] - Statement - counter = counter + 1: null

2018-12-13 14:20:12 - [TEST_STEP][PASSED] - Statement - PreSaveFile = new java.io.File(((pathPrefix + java.lang.Integer.toString(counter)) + .png)): null

2018-12-13 14:20:12 - [TEST_STEP][PASSED] - Statement - counter = counter + 1: null

2018-12-13 14:20:12 - [TEST_STEP][PASSED] - Statement - PreSaveFile = new java.io.File(((pathPrefix + java.lang.Integer.toString(counter)) + .png)): null

2018-12-13 14:20:12 - [TEST_STEP][PASSED] - Statement - counter = counter + 1: null

2018-12-13 14:20:12 - [TEST_STEP][PASSED] - Statement - PreSaveFile = new java.io.File(((pathPrefix + java.lang.Integer.toString(counter)) + .png)): null

2018-12-13 14:20:12 - [TEST_STEP][PASSED] - Statement - counter = counter + 1: null

2018-12-13 14:20:12 - [TEST_STEP][PASSED] - Statement - PreSaveFile = new java.io.File(((pathPrefix + java.lang.Integer.toString(counter)) + .png)): null

2018-12-13 14:20:12 - [TEST_STEP][PASSED] - Statement - counter = counter + 1: null

2018-12-13 14:20:12 - [TEST_STEP][PASSED] - Statement - PreSaveFile = new java.io.File(((pathPrefix + java.lang.Integer.toString(counter)) + .png)): null

2018-12-13 14:20:12 - [TEST_STEP][PASSED] - Statement - counter = counter + 1: null

2018-12-13 14:20:12 - [TEST_STEP][PASSED] - Statement - PreSaveFile = new java.io.File(((pathPrefix + java.lang.Integer.toString(counter)) + .png)): null

2018-12-13 14:20:12 - [TEST_STEP][PASSED] - Statement - counter = counter + 1: null

2018-12-13 14:20:12 - [TEST_STEP][PASSED] - Statement - PreSaveFile = new java.io.File(((pathPrefix + java.lang.Integer.toString(counter)) + .png)): null

2018-12-13 14:20:12 - [TEST_STEP][PASSED] - Statement - counter = counter + 1: null

2018-12-13 14:20:12 - [TEST_STEP][PASSED] - Statement - PreSaveFile = new java.io.File(((pathPrefix + java.lang.Integer.toString(counter)) + .png)): null

2018-12-13 14:20:12 - [TEST_STEP][PASSED] - Statement - counter = counter + 1: null

2018-12-13 14:20:12 - [TEST_STEP][PASSED] - Statement - PreSaveFile = new java.io.File(((pathPrefix + java.lang.Integer.toString(counter)) + .png)): null

2018-12-13 14:20:12 - [TEST_STEP][PASSED] - Statement - counter = counter + 1: null

2018-12-13 14:20:12 - [TEST_STEP][PASSED] - Statement - PreSaveFile = new java.io.File(((pathPrefix + java.lang.Integer.toString(counter)) + .png)): null

2018-12-13 14:20:12 - [TEST_STEP][PASSED] - Statement - counter = counter + 1: null

2018-12-13 14:20:12 - [TEST_STEP][PASSED] - Statement - PreSaveFile = new java.io.File(((pathPrefix + java.lang.Integer.toString(counter)) + .png)): null

2018-12-13 14:20:12 - [TEST_STEP][PASSED] - Statement - counter = counter + 1: null

2018-12-13 14:20:12 - [TEST_STEP][PASSED] - Statement - PreSaveFile = new java.io.File(((pathPrefix + java.lang.Integer.toString(counter)) + .png)): null

2018-12-13 14:20:12 - [TEST_STEP][PASSED] - Statement - counter = counter + 1: null

2018-12-13 14:20:12 - [TEST_STEP][PASSED] - Statement - PreSaveFile = new java.io.File(((pathPrefix + java.lang.Integer.toString(counter)) + .png)): null

2018-12-13 14:20:12 - [TEST_STEP][PASSED] - Statement - counter = counter + 1: null

2018-12-13 14:20:12 - [TEST_STEP][PASSED] - Statement - PreSaveFile = new java.io.File(((pathPrefix + java.lang.Integer.toString(counter)) + .png)): null

2018-12-13 14:20:12 - [TEST_STEP][PASSED] - Statement - counter = counter + 1: null

2018-12-13 14:20:12 - [TEST_STEP][PASSED] - Statement - PreSaveFile = new java.io.File(((pathPrefix + java.lang.Integer.toString(counter)) + .png)): null

2018-12-13 14:20:12 - [TEST_STEP][PASSED] - Statement - counter = counter + 1: null

2018-12-13 14:20:12 - [TEST_STEP][PASSED] - Statement - PreSaveFile = new java.io.File(((pathPrefix + java.lang.Integer.toString(counter)) + .png)): null

2018-12-13 14:20:12 - [TEST_STEP][PASSED] - Statement - counter = counter + 1: null

2018-12-13 14:20:12 - [TEST_STEP][PASSED] - Statement - PreSaveFile = new java.io.File(((pathPrefix + java.lang.Integer.toString(counter)) + .png)): null

2018-12-13 14:20:12 - [TEST_STEP][PASSED] - Statement - counter = counter + 1: null

2018-12-13 14:20:12 - [TEST_STEP][PASSED] - Statement - PreSaveFile = new java.io.File(((pathPrefix + java.lang.Integer.toString(counter)) + .png)): null

2018-12-13 14:20:12 - [TEST_STEP][PASSED] - Statement - counter = counter + 1: null

2018-12-13 14:20:12 - [TEST_STEP][PASSED] - Statement - PreSaveFile = new java.io.File(((pathPrefix + java.lang.Integer.toString(counter)) + .png)): null

2018-12-13 14:20:12 - [TEST_STEP][PASSED] - Statement - counter = counter + 1: null

2018-12-13 14:20:12 - [TEST_STEP][PASSED] - Statement - PreSaveFile = new java.io.File(((pathPrefix + java.lang.Integer.toString(counter)) + .png)): null

2018-12-13 14:20:12 - [TEST_STEP][PASSED] - Statement - counter = counter + 1: null

2018-12-13 14:20:12 - [TEST_STEP][PASSED] - Statement - PreSaveFile = new java.io.File(((pathPrefix + java.lang.Integer.toString(counter)) + .png)): null

2018-12-13 14:20:12 - [TEST_STEP][PASSED] - Statement - counter = counter + 1: null

2018-12-13 14:20:12 - [TEST_STEP][PASSED] - Statement - PreSaveFile = new java.io.File(((pathPrefix + java.lang.Integer.toString(counter)) + .png)): null

2018-12-13 14:20:12 - [TEST_STEP][PASSED] - Statement - counter = counter + 1: null

2018-12-13 14:20:12 - [TEST_STEP][PASSED] - Statement - PreSaveFile = new java.io.File(((pathPrefix + java.lang.Integer.toString(counter)) + .png)): null

2018-12-13 14:20:12 - [TEST_STEP][PASSED] - Statement - counter = counter + 1: null

2018-12-13 14:20:12 - [TEST_STEP][PASSED] - Statement - PreSaveFile = new java.io.File(((pathPrefix + java.lang.Integer.toString(counter)) + .png)): null

2018-12-13 14:20:12 - [TEST_STEP][PASSED] - Statement - counter = counter + 1: null

2018-12-13 14:20:12 - [TEST_STEP][PASSED] - Statement - PreSaveFile = new java.io.File(((pathPrefix + java.lang.Integer.toString(counter)) + .png)): null

2018-12-13 14:20:12 - [TEST_STEP][PASSED] - Statement - counter = counter + 1: null

2018-12-13 14:20:12 - [TEST_STEP][PASSED] - Statement - PreSaveFile = new java.io.File(((pathPrefix + java.lang.Integer.toString(counter)) + .png)): null

2018-12-13 14:20:12 - [TEST_STEP][PASSED] - Statement - counter = counter + 1: null

2018-12-13 14:20:12 - [TEST_STEP][PASSED] - Statement - PreSaveFile = new java.io.File(((pathPrefix + java.lang.Integer.toString(counter)) + .png)): null

2018-12-13 14:20:12 - [TEST_STEP][PASSED] - Statement - counter = counter + 1: null

2018-12-13 14:20:12 - [TEST_STEP][PASSED] - Statement - PreSaveFile = new java.io.File(((pathPrefix + java.lang.Integer.toString(counter)) + .png)): null

2018-12-13 14:20:12 - [TEST_STEP][PASSED] - Statement - counter = counter + 1: null

2018-12-13 14:20:12 - [TEST_STEP][PASSED] - Statement - PreSaveFile = new java.io.File(((pathPrefix + java.lang.Integer.toString(counter)) + .png)): null

2018-12-13 14:20:12 - [TEST_STEP][PASSED] - Statement - counter = counter + 1: null

2018-12-13 14:20:12 - [TEST_STEP][PASSED] - Statement - PreSaveFile = new java.io.File(((pathPrefix + java.lang.Integer.toString(counter)) + .png)): null

2018-12-13 14:20:12 - [TEST_STEP][PASSED] - Statement - counter = counter + 1: null

2018-12-13 14:20:12 - [TEST_STEP][PASSED] - Statement - PreSaveFile = new java.io.File(((pathPrefix + java.lang.Integer.toString(counter)) + .png)): null

2018-12-13 14:20:12 - [TEST_STEP][PASSED] - Statement - counter = counter + 1: null

2018-12-13 14:20:12 - [TEST_STEP][PASSED] - Statement - PreSaveFile = new java.io.File(((pathPrefix + java.lang.Integer.toString(counter)) + .png)): null

2018-12-13 14:20:12 - [TEST_STEP][PASSED] - Statement - counter = counter + 1: null

2018-12-13 14:20:12 - [TEST_STEP][PASSED] - Statement - PreSaveFile = new java.io.File(((pathPrefix + java.lang.Integer.toString(counter)) + .png)): null

2018-12-13 14:20:12 - [TEST_STEP][PASSED] - Statement - counter = counter + 1: null

2018-12-13 14:20:12 - [TEST_STEP][PASSED] - Statement - PreSaveFile = new java.io.File(((pathPrefix + java.lang.Integer.toString(counter)) + .png)): null

2018-12-13 14:20:12 - [TEST_STEP][PASSED] - Statement - counter = counter + 1: null

2018-12-13 14:20:12 - [TEST_STEP][PASSED] - Statement - PreSaveFile = new java.io.File(((pathPrefix + java.lang.Integer.toString(counter)) + .png)): null

2018-12-13 14:20:12 - [TEST_STEP][PASSED] - Statement - counter = counter + 1: null

2018-12-13 14:20:12 - [TEST_STEP][PASSED] - Statement - PreSaveFile = new java.io.File(((pathPrefix + java.lang.Integer.toString(counter)) + .png)): null

2018-12-13 14:20:12 - [TEST_STEP][PASSED] - Statement - counter = counter + 1: null

2018-12-13 14:20:12 - [TEST_STEP][PASSED] - Statement - PreSaveFile = new java.io.File(((pathPrefix + java.lang.Integer.toString(counter)) + .png)): null

2018-12-13 14:20:12 - [TEST_STEP][PASSED] - Statement - counter = counter + 1: null

2018-12-13 14:20:12 - [TEST_STEP][PASSED] - Statement - PreSaveFile = new java.io.File(((pathPrefix + java.lang.Integer.toString(counter)) + .png)): null

2018-12-13 14:20:12 - [TEST_STEP][PASSED] - Statement - counter = counter + 1: null

2018-12-13 14:20:12 - [TEST_STEP][PASSED] - Statement - PreSaveFile = new java.io.File(((pathPrefix + java.lang.Integer.toString(counter)) + .png)): null

2018-12-13 14:20:12 - [TEST_STEP][PASSED] - Statement - counter = counter + 1: null

2018-12-13 14:20:12 - [TEST_STEP][PASSED] - Statement - PreSaveFile = new java.io.File(((pathPrefix + java.lang.Integer.toString(counter)) + .png)): null

2018-12-13 14:20:12 - [TEST_STEP][PASSED] - Statement - counter = counter + 1: null

2018-12-13 14:20:12 - [TEST_STEP][PASSED] - Statement - PreSaveFile = new java.io.File(((pathPrefix + java.lang.Integer.toString(counter)) + .png)): null

2018-12-13 14:20:12 - [TEST_STEP][PASSED] - Statement - counter = counter + 1: null

2018-12-13 14:20:12 - [TEST_STEP][PASSED] - Statement - PreSaveFile = new java.io.File(((pathPrefix + java.lang.Integer.toString(counter)) + .png)): null

2018-12-13 14:20:12 - [TEST_STEP][PASSED] - Statement - counter = counter + 1: null

2018-12-13 14:20:12 - [TEST_STEP][PASSED] - Statement - PreSaveFile = new java.io.File(((pathPrefix + java.lang.Integer.toString(counter)) + .png)): null

2018-12-13 14:20:12 - [TEST_STEP][PASSED] - Statement - counter = counter + 1: null

2018-12-13 14:20:12 - [TEST_STEP][PASSED] - Statement - PreSaveFile = new java.io.File(((pathPrefix + java.lang.Integer.toString(counter)) + .png)): null

2018-12-13 14:20:12 - [TEST_STEP][PASSED] - Statement - counter = counter + 1: null

2018-12-13 14:20:12 - [TEST_STEP][PASSED] - Statement - PreSaveFile = new java.io.File(((pathPrefix + java.lang.Integer.toString(counter)) + .png)): null

2018-12-13 14:20:12 - [TEST_STEP][PASSED] - Statement - counter = counter + 1: null

2018-12-13 14:20:12 - [TEST_STEP][PASSED] - Statement - PreSaveFile = new java.io.File(((pathPrefix + java.lang.Integer.toString(counter)) + .png)): null

2018-12-13 14:20:12 - [TEST_STEP][PASSED] - Statement - counter = counter + 1: null

2018-12-13 14:20:12 - [TEST_STEP][PASSED] - Statement - PreSaveFile = new java.io.File(((pathPrefix + java.lang.Integer.toString(counter)) + .png)): null

2018-12-13 14:20:12 - [TEST_STEP][PASSED] - Statement - counter = counter + 1: null

2018-12-13 14:20:12 - [TEST_STEP][PASSED] - Statement - PreSaveFile = new java.io.File(((pathPrefix + java.lang.Integer.toString(counter)) + .png)): null

2018-12-13 14:20:12 - [TEST_STEP][PASSED] - Statement - counter = counter + 1: null

2018-12-13 14:20:12 - [TEST_STEP][PASSED] - Statement - PreSaveFile = new java.io.File(((pathPrefix + java.lang.Integer.toString(counter)) + .png)): null

2018-12-13 14:20:12 - [TEST_STEP][PASSED] - Statement - counter = counter + 1: null

2018-12-13 14:20:12 - [TEST_STEP][PASSED] - Statement - PreSaveFile = new java.io.File(((pathPrefix + java.lang.Integer.toString(counter)) + .png)): null

2018-12-13 14:20:12 - [TEST_STEP][PASSED] - Statement - counter = counter + 1: null

2018-12-13 14:20:12 - [TEST_STEP][PASSED] - Statement - PreSaveFile = new java.io.File(((pathPrefix + java.lang.Integer.toString(counter)) + .png)): null

2018-12-13 14:20:12 - [TEST_STEP][PASSED] - Statement - counter = counter + 1: null

2018-12-13 14:20:12 - [TEST_STEP][PASSED] - Statement - PreSaveFile = new java.io.File(((pathPrefix + java.lang.Integer.toString(counter)) + .png)): null

2018-12-13 14:20:12 - [TEST_STEP][PASSED] - Statement - counter = counter + 1: null

2018-12-13 14:20:12 - [TEST_STEP][PASSED] - Statement - PreSaveFile = new java.io.File(((pathPrefix + java.lang.Integer.toString(counter)) + .png)): null

2018-12-13 14:20:12 - [TEST_STEP][PASSED] - Statement - counter = counter + 1: null

2018-12-13 14:20:12 - [TEST_STEP][PASSED] - Statement - PreSaveFile = new java.io.File(((pathPrefix + java.lang.Integer.toString(counter)) + .png)): null

2018-12-13 14:20:12 - [TEST_STEP][PASSED] - Statement - counter = counter + 1: null

2018-12-13 14:20:12 - [TEST_STEP][PASSED] - Statement - PreSaveFile = new java.io.File(((pathPrefix + java.lang.Integer.toString(counter)) + .png)): null

2018-12-13 14:20:12 - [TEST_STEP][PASSED] - Statement - counter = counter + 1: null

2018-12-13 14:20:12 - [TEST_STEP][PASSED] - Statement - PreSaveFile = new java.io.File(((pathPrefix + java.lang.Integer.toString(counter)) + .png)): null

2018-12-13 14:20:12 - [TEST_STEP][PASSED] - Statement - counter = counter + 1: null

2018-12-13 14:20:12 - [TEST_STEP][PASSED] - Statement - PreSaveFile = new java.io.File(((pathPrefix + java.lang.Integer.toString(counter)) + .png)): null

2018-12-13 14:20:12 - [TEST_STEP][PASSED] - Statement - counter = counter + 1: null

2018-12-13 14:20:12 - [TEST_STEP][PASSED] - Statement - PreSaveFile = new java.io.File(((pathPrefix + java.lang.Integer.toString(counter)) + .png)): null

2018-12-13 14:20:12 - [TEST_STEP][PASSED] - Statement - counter = counter + 1: null

2018-12-13 14:20:12 - [TEST_STEP][PASSED] - Statement - PreSaveFile = new java.io.File(((pathPrefix + java.lang.Integer.toString(counter)) + .png)): null

2018-12-13 14:20:12 - [TEST_STEP][PASSED] - Statement - counter = counter + 1: null

2018-12-13 14:20:12 - [TEST_STEP][PASSED] - Statement - PreSaveFile = new java.io.File(((pathPrefix + java.lang.Integer.toString(counter)) + .png)): null

2018-12-13 14:20:12 - [TEST_STEP][PASSED] - Statement - counter = counter + 1: null

2018-12-13 14:20:12 - [TEST_STEP][PASSED] - Statement - PreSaveFile = new java.io.File(((pathPrefix + java.lang.Integer.toString(counter)) + .png)): null

2018-12-13 14:20:12 - [TEST_STEP][PASSED] - Statement - counter = counter + 1: null

2018-12-13 14:20:12 - [TEST_STEP][PASSED] - Statement - PreSaveFile = new java.io.File(((pathPrefix + java.lang.Integer.toString(counter)) + .png)): null

2018-12-13 14:20:12 - [TEST_STEP][PASSED] - Statement - counter = counter + 1: null

2018-12-13 14:20:12 - [TEST_STEP][PASSED] - Statement - PreSaveFile = new java.io.File(((pathPrefix + java.lang.Integer.toString(counter)) + .png)): null

2018-12-13 14:20:12 - [TEST_STEP][PASSED] - Statement - counter = counter + 1: null

2018-12-13 14:20:12 - [TEST_STEP][PASSED] - Statement - PreSaveFile = new java.io.File(((pathPrefix + java.lang.Integer.toString(counter)) + .png)): null

2018-12-13 14:20:12 - [TEST_STEP][PASSED] - Statement - counter = counter + 1: null

2018-12-13 14:20:12 - [TEST_STEP][PASSED] - Statement - PreSaveFile = new java.io.File(((pathPrefix + java.lang.Integer.toString(counter)) + .png)): null

2018-12-13 14:20:12 - [TEST_STEP][PASSED] - Statement - counter = counter + 1: null

2018-12-13 14:20:12 - [TEST_STEP][PASSED] - Statement - PreSaveFile = new java.io.File(((pathPrefix + java.lang.Integer.toString(counter)) + .png)): null

2018-12-13 14:20:12 - [TEST_STEP][PASSED] - Statement - counter = counter + 1: null

2018-12-13 14:20:13 - [TEST_STEP][PASSED] - Statement - PreSaveFile = new java.io.File(((pathPrefix + java.lang.Integer.toString(counter)) + .png)): null

2018-12-13 14:20:13 - [TEST_STEP][PASSED] - Statement - counter = counter + 1: null

2018-12-13 14:20:13 - [TEST_STEP][PASSED] - Statement - PreSaveFile = new java.io.File(((pathPrefix + java.lang.Integer.toString(counter)) + .png)): null

2018-12-13 14:20:13 - [TEST_STEP][PASSED] - Statement - counter = counter + 1: null

2018-12-13 14:20:13 - [TEST_STEP][PASSED] - Statement - PreSaveFile = new java.io.File(((pathPrefix + java.lang.Integer.toString(counter)) + .png)): null

2018-12-13 14:20:13 - [TEST_STEP][PASSED] - Statement - counter = counter + 1: null

2018-12-13 14:20:13 - [TEST_STEP][PASSED] - Statement - PreSaveFile = new java.io.File(((pathPrefix + java.lang.Integer.toString(counter)) + .png)): null

2018-12-13 14:20:13 - [TEST_STEP][PASSED] - Statement - counter = counter + 1: null

2018-12-13 14:20:13 - [TEST_STEP][PASSED] - Statement - PreSaveFile = new java.io.File(((pathPrefix + java.lang.Integer.toString(counter)) + .png)): null

2018-12-13 14:20:13 - [TEST_STEP][PASSED] - Statement - counter = counter + 1: null

2018-12-13 14:20:13 - [TEST_STEP][PASSED] - Statement - PreSaveFile = new java.io.File(((pathPrefix + java.lang.Integer.toString(counter)) + .png)): null

2018-12-13 14:20:13 - [TEST_STEP][PASSED] - Statement - counter = counter + 1: null

2018-12-13 14:20:13 - [TEST_STEP][PASSED] - Statement - PreSaveFile = new java.io.File(((pathPrefix + java.lang.Integer.toString(counter)) + .png)): null

2018-12-13 14:20:13 - [TEST_STEP][PASSED] - Statement - counter = counter + 1: null

2018-12-13 14:20:13 - [TEST_STEP][PASSED] - Statement - PreSaveFile = new java.io.File(((pathPrefix + java.lang.Integer.toString(counter)) + .png)): null

2018-12-13 14:20:13 - [TEST_STEP][PASSED] - Statement - counter = counter + 1: null

2018-12-13 14:20:13 - [TEST_STEP][PASSED] - Statement - PreSaveFile = new java.io.File(((pathPrefix + java.lang.Integer.toString(counter)) + .png)): null

2018-12-13 14:20:13 - [TEST_STEP][PASSED] - Statement - counter = counter + 1: null

2018-12-13 14:20:13 - [TEST_STEP][PASSED] - Statement - PreSaveFile = new java.io.File(((pathPrefix + java.lang.Integer.toString(counter)) + .png)): null

2018-12-13 14:20:13 - [TEST_STEP][PASSED] - Statement - counter = counter + 1: null

2018-12-13 14:20:13 - [TEST_STEP][PASSED] - Statement - PreSaveFile = new java.io.File(((pathPrefix + java.lang.Integer.toString(counter)) + .png)): null

2018-12-13 14:20:13 - [TEST_STEP][PASSED] - Statement - counter = counter + 1: null

2018-12-13 14:20:13 - [TEST_STEP][PASSED] - Statement - PreSaveFile = new java.io.File(((pathPrefix + java.lang.Integer.toString(counter)) + .png)): null

2018-12-13 14:20:13 - [TEST_STEP][PASSED] - Statement - counter = counter + 1: null

2018-12-13 14:20:13 - [TEST_STEP][PASSED] - Statement - PreSaveFile = new java.io.File(((pathPrefix + java.lang.Integer.toString(counter)) + .png)): null

2018-12-13 14:20:13 - [TEST_STEP][PASSED] - Statement - counter = counter + 1: null

2018-12-13 14:20:13 - [TEST_STEP][PASSED] - Statement - PreSaveFile = new java.io.File(((pathPrefix + java.lang.Integer.toString(counter)) + .png)): null

2018-12-13 14:20:13 - [TEST_STEP][PASSED] - Statement - counter = counter + 1: null

2018-12-13 14:20:13 - [TEST_STEP][PASSED] - Statement - PreSaveFile = new java.io.File(((pathPrefix + java.lang.Integer.toString(counter)) + .png)): null

2018-12-13 14:20:13 - [TEST_STEP][PASSED] - Statement - counter = counter + 1: null

2018-12-13 14:20:13 - [TEST_STEP][PASSED] - Statement - PreSaveFile = new java.io.File(((pathPrefix + java.lang.Integer.toString(counter)) + .png)): null

2018-12-13 14:20:13 - [TEST_STEP][PASSED] - Statement - counter = counter + 1: null

2018-12-13 14:20:13 - [TEST_STEP][PASSED] - Statement - PreSaveFile = new java.io.File(((pathPrefix + java.lang.Integer.toString(counter)) + .png)): null

2018-12-13 14:20:13 - [TEST_STEP][PASSED] - Statement - counter = counter + 1: null

2018-12-13 14:20:13 - [TEST_STEP][PASSED] - Statement - PreSaveFile = new java.io.File(((pathPrefix + java.lang.Integer.toString(counter)) + .png)): null

2018-12-13 14:20:13 - [TEST_STEP][PASSED] - Statement - counter = counter + 1: null

2018-12-13 14:20:13 - [TEST_STEP][PASSED] - Statement - PreSaveFile = new java.io.File(((pathPrefix + java.lang.Integer.toString(counter)) + .png)): null

2018-12-13 14:20:13 - [TEST_STEP][PASSED] - Statement - counter = counter + 1: null

2018-12-13 14:20:13 - [TEST_STEP][PASSED] - Statement - PreSaveFile = new java.io.File(((pathPrefix + java.lang.Integer.toString(counter)) + .png)): null

2018-12-13 14:20:13 - [TEST_STEP][PASSED] - Statement - counter = counter + 1: null

2018-12-13 14:20:13 - [TEST_STEP][PASSED] - Statement - PreSaveFile = new java.io.File(((pathPrefix + java.lang.Integer.toString(counter)) + .png)): null

2018-12-13 14:20:13 - [TEST_STEP][PASSED] - Statement - counter = counter + 1: null

2018-12-13 14:20:13 - [TEST_STEP][PASSED] - Statement - PreSaveFile = new java.io.File(((pathPrefix + java.lang.Integer.toString(counter)) + .png)): null

2018-12-13 14:20:13 - [TEST_STEP][PASSED] - Statement - counter = counter + 1: null

2018-12-13 14:20:13 - [TEST_STEP][PASSED] - Statement - PreSaveFile = new java.io.File(((pathPrefix + java.lang.Integer.toString(counter)) + .png)): null

2018-12-13 14:20:13 - [TEST_STEP][PASSED] - Statement - counter = counter + 1: null

2018-12-13 14:20:13 - [TEST_STEP][PASSED] - Statement - PreSaveFile = new java.io.File(((pathPrefix + java.lang.Integer.toString(counter)) + .png)): null

2018-12-13 14:20:13 - [TEST_STEP][PASSED] - Statement - counter = counter + 1: null

2018-12-13 14:20:13 - [TEST_STEP][PASSED] - Statement - PreSaveFile = new java.io.File(((pathPrefix + java.lang.Integer.toString(counter)) + .png)): null

2018-12-13 14:20:13 - [TEST_STEP][PASSED] - Statement - counter = counter + 1: null

2018-12-13 14:20:13 - [TEST_STEP][PASSED] - Statement - PreSaveFile = new java.io.File(((pathPrefix + java.lang.Integer.toString(counter)) + .png)): null

2018-12-13 14:20:13 - [TEST_STEP][PASSED] - Statement - counter = counter + 1: null

2018-12-13 14:20:13 - [TEST_STEP][PASSED] - Statement - PreSaveFile = new java.io.File(((pathPrefix + java.lang.Integer.toString(counter)) + .png)): null

2018-12-13 14:20:13 - [TEST_STEP][PASSED] - Statement - counter = counter + 1: null

2018-12-13 14:20:13 - [TEST_STEP][PASSED] - Statement - PreSaveFile = new java.io.File(((pathPrefix + java.lang.Integer.toString(counter)) + .png)): null

2018-12-13 14:20:13 - [TEST_STEP][PASSED] - Statement - counter = counter + 1: null

2018-12-13 14:20:13 - [TEST_STEP][PASSED] - Statement - PreSaveFile = new java.io.File(((pathPrefix + java.lang.Integer.toString(counter)) + .png)): null

2018-12-13 14:20:13 - [TEST_STEP][PASSED] - Statement - counter = counter + 1: null

2018-12-13 14:20:13 - [TEST_STEP][PASSED] - Statement - PreSaveFile = new java.io.File(((pathPrefix + java.lang.Integer.toString(counter)) + .png)): null

2018-12-13 14:20:13 - [TEST_STEP][PASSED] - Statement - counter = counter + 1: null

2018-12-13 14:20:13 - [TEST_STEP][PASSED] - Statement - PreSaveFile = new java.io.File(((pathPrefix + java.lang.Integer.toString(counter)) + .png)): null

2018-12-13 14:20:13 - [TEST_STEP][PASSED] - Statement - counter = counter + 1: null

2018-12-13 14:20:13 - [TEST_STEP][PASSED] - Statement - PreSaveFile = new java.io.File(((pathPrefix + java.lang.Integer.toString(counter)) + .png)): null

2018-12-13 14:20:13 - [TEST_STEP][PASSED] - Statement - counter = counter + 1: null

2018-12-13 14:20:13 - [TEST_STEP][PASSED] - Statement - PreSaveFile = new java.io.File(((pathPrefix + java.lang.Integer.toString(counter)) + .png)): null

2018-12-13 14:20:13 - [TEST_STEP][PASSED] - Statement - counter = counter + 1: null

2018-12-13 14:20:13 - [TEST_STEP][PASSED] - Statement - PreSaveFile = new java.io.File(((pathPrefix + java.lang.Integer.toString(counter)) + .png)): null

2018-12-13 14:20:13 - [TEST_STEP][PASSED] - Statement - counter = counter + 1: null

2018-12-13 14:20:13 - [TEST_STEP][PASSED] - Statement - PreSaveFile = new java.io.File(((pathPrefix + java.lang.Integer.toString(counter)) + .png)): null

2018-12-13 14:20:13 - [TEST_STEP][PASSED] - Statement - counter = counter + 1: null

2018-12-13 14:20:13 - [TEST_STEP][PASSED] - Statement - PreSaveFile = new java.io.File(((pathPrefix + java.lang.Integer.toString(counter)) + .png)): null

2018-12-13 14:20:13 - [TEST_STEP][PASSED] - Statement - counter = counter + 1: null

2018-12-13 14:20:13 - [TEST_STEP][PASSED] - Statement - PreSaveFile = new java.io.File(((pathPrefix + java.lang.Integer.toString(counter)) + .png)): null

2018-12-13 14:20:13 - [TEST_STEP][PASSED] - Statement - counter = counter + 1: null

2018-12-13 14:20:13 - [TEST_STEP][PASSED] - Statement - PreSaveFile = new java.io.File(((pathPrefix + java.lang.Integer.toString(counter)) + .png)): null

2018-12-13 14:20:13 - [TEST_STEP][PASSED] - Statement - counter = counter + 1: null

2018-12-13 14:20:13 - [TEST_STEP][PASSED] - Statement - PreSaveFile = new java.io.File(((pathPrefix + java.lang.Integer.toString(counter)) + .png)): null

2018-12-13 14:20:13 - [TEST_STEP][PASSED] - Statement - counter = counter + 1: null

2018-12-13 14:20:13 - [TEST_STEP][PASSED] - Statement - PreSaveFile = new java.io.File(((pathPrefix + java.lang.Integer.toString(counter)) + .png)): null

2018-12-13 14:20:13 - [TEST_STEP][PASSED] - Statement - counter = counter + 1: null

2018-12-13 14:20:13 - [TEST_STEP][PASSED] - Statement - PreSaveFile = new java.io.File(((pathPrefix + java.lang.Integer.toString(counter)) + .png)): null

2018-12-13 14:20:13 - [TEST_STEP][PASSED] - Statement - counter = counter + 1: null

2018-12-13 14:20:13 - [TEST_STEP][PASSED] - Statement - PreSaveFile = new java.io.File(((pathPrefix + java.lang.Integer.toString(counter)) + .png)): null

2018-12-13 14:20:13 - [TEST_STEP][PASSED] - Statement - counter = counter + 1: null

2018-12-13 14:20:13 - [TEST_STEP][PASSED] - Statement - PreSaveFile = new java.io.File(((pathPrefix + java.lang.Integer.toString(counter)) + .png)): null

2018-12-13 14:20:13 - [TEST_STEP][PASSED] - Statement - counter = counter + 1: null

2018-12-13 14:20:13 - [TEST_STEP][PASSED] - Statement - PreSaveFile = new java.io.File(((pathPrefix + java.lang.Integer.toString(counter)) + .png)): null

2018-12-13 14:20:13 - [TEST_STEP][PASSED] - Statement - counter = counter + 1: null

2018-12-13 14:20:13 - [TEST_STEP][PASSED] - Statement - PreSaveFile = new java.io.File(((pathPrefix + java.lang.Integer.toString(counter)) + .png)): null

2018-12-13 14:20:13 - [TEST_STEP][PASSED] - Statement - counter = counter + 1: null

2018-12-13 14:20:13 - [TEST_STEP][PASSED] - Statement - PreSaveFile = new java.io.File(((pathPrefix + java.lang.Integer.toString(counter)) + .png)): null

2018-12-13 14:20:13 - [TEST_STEP][PASSED] - Statement - counter = counter + 1: null

2018-12-13 14:20:13 - [TEST_STEP][PASSED] - Statement - PreSaveFile = new java.io.File(((pathPrefix + java.lang.Integer.toString(counter)) + .png)): null

2018-12-13 14:20:13 - [TEST_STEP][PASSED] - Statement - counter = counter + 1: null

2018-12-13 14:20:13 - [TEST_STEP][PASSED] - Statement - PreSaveFile = new java.io.File(((pathPrefix + java.lang.Integer.toString(counter)) + .png)): null

2018-12-13 14:20:13 - [TEST_STEP][PASSED] - Statement - counter = counter + 1: null

2018-12-13 14:20:13 - [TEST_STEP][PASSED] - Statement - PreSaveFile = new java.io.File(((pathPrefix + java.lang.Integer.toString(counter)) + .png)): null

2018-12-13 14:20:13 - [TEST_STEP][PASSED] - Statement - counter = counter + 1: null

2018-12-13 14:20:13 - [TEST_STEP][PASSED] - Statement - PreSaveFile = new java.io.File(((pathPrefix + java.lang.Integer.toString(counter)) + .png)): null

2018-12-13 14:20:13 - [TEST_STEP][PASSED] - Statement - counter = counter + 1: null

2018-12-13 14:20:13 - [TEST_STEP][PASSED] - Statement - PreSaveFile = new java.io.File(((pathPrefix + java.lang.Integer.toString(counter)) + .png)): null

2018-12-13 14:20:13 - [TEST_STEP][PASSED] - Statement - counter = counter + 1: null

2018-12-13 14:20:13 - [TEST_STEP][PASSED] - Statement - PreSaveFile = new java.io.File(((pathPrefix + java.lang.Integer.toString(counter)) + .png)): null

2018-12-13 14:20:13 - [TEST_STEP][PASSED] - Statement - counter = counter + 1: null

2018-12-13 14:20:13 - [TEST_STEP][PASSED] - Statement - PreSaveFile = new java.io.File(((pathPrefix + java.lang.Integer.toString(counter)) + .png)): null

2018-12-13 14:20:13 - [TEST_STEP][PASSED] - Statement - counter = counter + 1: null

2018-12-13 14:20:13 - [TEST_STEP][PASSED] - Statement - PreSaveFile = new java.io.File(((pathPrefix + java.lang.Integer.toString(counter)) + .png)): null

2018-12-13 14:20:13 - [TEST_STEP][PASSED] - Statement - counter = counter + 1: null

2018-12-13 14:20:13 - [TEST_STEP][PASSED] - Statement - PreSaveFile = new java.io.File(((pathPrefix + java.lang.Integer.toString(counter)) + .png)): null

2018-12-13 14:20:13 - [TEST_STEP][PASSED] - Statement - counter = counter + 1: null

2018-12-13 14:20:13 - [TEST_STEP][PASSED] - Statement - PreSaveFile = new java.io.File(((pathPrefix + java.lang.Integer.toString(counter)) + .png)): null

2018-12-13 14:20:13 - [TEST_STEP][PASSED] - Statement - counter = counter + 1: null

2018-12-13 14:20:13 - [TEST_STEP][PASSED] - Statement - PreSaveFile = new java.io.File(((pathPrefix + java.lang.Integer.toString(counter)) + .png)): null

2018-12-13 14:20:13 - [TEST_STEP][PASSED] - Statement - counter = counter + 1: null

2018-12-13 14:20:13 - [TEST_STEP][PASSED] - Statement - PreSaveFile = new java.io.File(((pathPrefix + java.lang.Integer.toString(counter)) + .png)): null

2018-12-13 14:20:13 - [TEST_STEP][PASSED] - Statement - counter = counter + 1: null

2018-12-13 14:20:13 - [TEST_STEP][PASSED] - Statement - PreSaveFile = new java.io.File(((pathPrefix + java.lang.Integer.toString(counter)) + .png)): null

2018-12-13 14:20:13 - [TEST_STEP][PASSED] - Statement - counter = counter + 1: null

2018-12-13 14:20:13 - [TEST_STEP][PASSED] - Statement - PreSaveFile = new java.io.File(((pathPrefix + java.lang.Integer.toString(counter)) + .png)): null

2018-12-13 14:20:13 - [TEST_STEP][PASSED] - Statement - counter = counter + 1: null

2018-12-13 14:20:13 - [TEST_STEP][PASSED] - Statement - PreSaveFile = new java.io.File(((pathPrefix + java.lang.Integer.toString(counter)) + .png)): null

2018-12-13 14:20:13 - [TEST_STEP][PASSED] - Statement - counter = counter + 1: null

2018-12-13 14:20:13 - [TEST_STEP][PASSED] - Statement - PreSaveFile = new java.io.File(((pathPrefix + java.lang.Integer.toString(counter)) + .png)): null

2018-12-13 14:20:13 - [TEST_STEP][PASSED] - Statement - counter = counter + 1: null

2018-12-13 14:20:13 - [TEST_STEP][PASSED] - Statement - PreSaveFile = new java.io.File(((pathPrefix + java.lang.Integer.toString(counter)) + .png)): null

2018-12-13 14:20:13 - [TEST_STEP][PASSED] - Statement - counter = counter + 1: null

2018-12-13 14:20:13 - [TEST_STEP][PASSED] - Statement - PreSaveFile = new java.io.File(((pathPrefix + java.lang.Integer.toString(counter)) + .png)): null

2018-12-13 14:20:13 - [TEST_STEP][PASSED] - Statement - counter = counter + 1: null

2018-12-13 14:20:13 - [TEST_STEP][PASSED] - Statement - PreSaveFile = new java.io.File(((pathPrefix + java.lang.Integer.toString(counter)) + .png)): null

2018-12-13 14:20:13 - [TEST_STEP][PASSED] - Statement - counter = counter + 1: null

2018-12-13 14:20:13 - [TEST_STEP][PASSED] - Statement - PreSaveFile = new java.io.File(((pathPrefix + java.lang.Integer.toString(counter)) + .png)): null

2018-12-13 14:20:13 - [TEST_STEP][PASSED] - Statement - counter = counter + 1: null

2018-12-13 14:20:13 - [TEST_STEP][PASSED] - Statement - PreSaveFile = new java.io.File(((pathPrefix + java.lang.Integer.toString(counter)) + .png)): null

2018-12-13 14:20:13 - [TEST_STEP][PASSED] - Statement - counter = counter + 1: null

2018-12-13 14:20:13 - [TEST_STEP][PASSED] - Statement - PreSaveFile = new java.io.File(((pathPrefix + java.lang.Integer.toString(counter)) + .png)): null

2018-12-13 14:20:13 - [TEST_STEP][PASSED] - Statement - counter = counter + 1: null

2018-12-13 14:20:13 - [TEST_STEP][PASSED] - Statement - PreSaveFile = new java.io.File(((pathPrefix + java.lang.Integer.toString(counter)) + .png)): null

2018-12-13 14:20:13 - [TEST_STEP][PASSED] - Statement - counter = counter + 1: null

2018-12-13 14:20:13 - [TEST_STEP][PASSED] - Statement - PreSaveFile = new java.io.File(((pathPrefix + java.lang.Integer.toString(counter)) + .png)): null

2018-12-13 14:20:13 - [TEST_STEP][PASSED] - Statement - counter = counter + 1: null

2018-12-13 14:20:13 - [TEST_STEP][PASSED] - Statement - PreSaveFile = new java.io.File(((pathPrefix + java.lang.Integer.toString(counter)) + .png)): null

2018-12-13 14:20:13 - [TEST_STEP][PASSED] - Statement - counter = counter + 1: null

2018-12-13 14:20:13 - [TEST_STEP][PASSED] - Statement - PreSaveFile = new java.io.File(((pathPrefix + java.lang.Integer.toString(counter)) + .png)): null

2018-12-13 14:20:13 - [TEST_STEP][PASSED] - Statement - counter = counter + 1: null

2018-12-13 14:20:13 - [TEST_STEP][PASSED] - Statement - PreSaveFile = new java.io.File(((pathPrefix + java.lang.Integer.toString(counter)) + .png)): null

2018-12-13 14:20:13 - [TEST_STEP][PASSED] - Statement - counter = counter + 1: null

2018-12-13 14:20:13 - [TEST_STEP][PASSED] - Statement - PreSaveFile = new java.io.File(((pathPrefix + java.lang.Integer.toString(counter)) + .png)): null

2018-12-13 14:20:13 - [TEST_STEP][PASSED] - Statement - counter = counter + 1: null

2018-12-13 14:20:13 - [TEST_STEP][PASSED] - Statement - PreSaveFile = new java.io.File(((pathPrefix + java.lang.Integer.toString(counter)) + .png)): null

2018-12-13 14:20:13 - [TEST_STEP][PASSED] - Statement - counter = counter + 1: null

2018-12-13 14:20:13 - [TEST_STEP][PASSED] - Statement - PreSaveFile = new java.io.File(((pathPrefix + java.lang.Integer.toString(counter)) + .png)): null

2018-12-13 14:20:13 - [TEST_STEP][PASSED] - Statement - counter = counter + 1: null

2018-12-13 14:20:13 - [TEST_STEP][PASSED] - Statement - PreSaveFile = new java.io.File(((pathPrefix + java.lang.Integer.toString(counter)) + .png)): null

2018-12-13 14:20:13 - [TEST_STEP][PASSED] - Statement - counter = counter + 1: null

2018-12-13 14:20:13 - [TEST_STEP][PASSED] - Statement - PreSaveFile = new java.io.File(((pathPrefix + java.lang.Integer.toString(counter)) + .png)): null

2018-12-13 14:20:13 - [TEST_STEP][PASSED] - Statement - counter = counter + 1: null

2018-12-13 14:20:13 - [TEST_STEP][PASSED] - Statement - PreSaveFile = new java.io.File(((pathPrefix + java.lang.Integer.toString(counter)) + .png)): null

2018-12-13 14:20:13 - [TEST_STEP][PASSED] - Statement - counter = counter + 1: null

2018-12-13 14:20:13 - [TEST_STEP][PASSED] - Statement - PreSaveFile = new java.io.File(((pathPrefix + java.lang.Integer.toString(counter)) + .png)): null

2018-12-13 14:20:13 - [TEST_STEP][PASSED] - Statement - counter = counter + 1: null

2018-12-13 14:20:13 - [TEST_STEP][PASSED] - Statement - PreSaveFile = new java.io.File(((pathPrefix + java.lang.Integer.toString(counter)) + .png)): null

2018-12-13 14:20:13 - [TEST_STEP][PASSED] - Statement - counter = counter + 1: null

2018-12-13 14:20:13 - [TEST_STEP][PASSED] - Statement - PreSaveFile = new java.io.File(((pathPrefix + java.lang.Integer.toString(counter)) + .png)): null

2018-12-13 14:20:13 - [TEST_STEP][PASSED] - Statement - counter = counter + 1: null

2018-12-13 14:20:13 - [TEST_STEP][PASSED] - Statement - PreSaveFile = new java.io.File(((pathPrefix + java.lang.Integer.toString(counter)) + .png)): null

2018-12-13 14:20:13 - [TEST_STEP][PASSED] - Statement - counter = counter + 1: null

2018-12-13 14:20:13 - [TEST_STEP][PASSED] - Statement - PreSaveFile = new java.io.File(((pathPrefix + java.lang.Integer.toString(counter)) + .png)): null

2018-12-13 14:20:13 - [TEST_STEP][PASSED] - Statement - counter = counter + 1: null

2018-12-13 14:20:13 - [TEST_STEP][PASSED] - Statement - PreSaveFile = new java.io.File(((pathPrefix + java.lang.Integer.toString(counter)) + .png)): null

2018-12-13 14:20:13 - [TEST_STEP][PASSED] - Statement - counter = counter + 1: null

2018-12-13 14:20:13 - [TEST_STEP][PASSED] - Statement - PreSaveFile = new java.io.File(((pathPrefix + java.lang.Integer.toString(counter)) + .png)): null

2018-12-13 14:20:13 - [TEST_STEP][PASSED] - Statement - counter = counter + 1: null

2018-12-13 14:20:13 - [TEST_STEP][PASSED] - Statement - PreSaveFile = new java.io.File(((pathPrefix + java.lang.Integer.toString(counter)) + .png)): null

2018-12-13 14:20:13 - [TEST_STEP][PASSED] - Statement - counter = counter + 1: null

2018-12-13 14:20:13 - [TEST_STEP][PASSED] - Statement - PreSaveFile = new java.io.File(((pathPrefix + java.lang.Integer.toString(counter)) + .png)): null

2018-12-13 14:20:13 - [TEST_STEP][PASSED] - Statement - counter = counter + 1: null

2018-12-13 14:20:13 - [TEST_STEP][PASSED] - Statement - PreSaveFile = new java.io.File(((pathPrefix + java.lang.Integer.toString(counter)) + .png)): null

2018-12-13 14:20:13 - [TEST_STEP][PASSED] - Statement - counter = counter + 1: null

2018-12-13 14:20:13 - [TEST_STEP][PASSED] - Statement - PreSaveFile = new java.io.File(((pathPrefix + java.lang.Integer.toString(counter)) + .png)): null

2018-12-13 14:20:13 - [TEST_STEP][PASSED] - Statement - counter = counter + 1: null

2018-12-13 14:20:13 - [TEST_STEP][PASSED] - Statement - PreSaveFile = new java.io.File(((pathPrefix + java.lang.Integer.toString(counter)) + .png)): null

2018-12-13 14:20:13 - [TEST_STEP][PASSED] - Statement - counter = counter + 1: null

2018-12-13 14:20:13 - [TEST_STEP][PASSED] - Statement - PreSaveFile = new java.io.File(((pathPrefix + java.lang.Integer.toString(counter)) + .png)): null

2018-12-13 14:20:13 - [TEST_STEP][PASSED] - Statement - counter = counter + 1: null

2018-12-13 14:20:13 - [TEST_STEP][PASSED] - Statement - PreSaveFile = new java.io.File(((pathPrefix + java.lang.Integer.toString(counter)) + .png)): null

2018-12-13 14:20:13 - [TEST_STEP][PASSED] - Statement - counter = counter + 1: null

2018-12-13 14:20:13 - [TEST_STEP][PASSED] - Statement - PreSaveFile = new java.io.File(((pathPrefix + java.lang.Integer.toString(counter)) + .png)): null

2018-12-13 14:20:13 - [TEST_STEP][PASSED] - Statement - counter = counter + 1: null

2018-12-13 14:20:13 - [TEST_STEP][PASSED] - Statement - PreSaveFile = new java.io.File(((pathPrefix + java.lang.Integer.toString(counter)) + .png)): null

2018-12-13 14:20:13 - [TEST_STEP][PASSED] - Statement - counter = counter + 1: null

2018-12-13 14:20:13 - [TEST_STEP][PASSED] - Statement - PreSaveFile = new java.io.File(((pathPrefix + java.lang.Integer.toString(counter)) + .png)): null

2018-12-13 14:20:13 - [TEST_STEP][PASSED] - Statement - counter = counter + 1: null

2018-12-13 14:20:13 - [TEST_STEP][PASSED] - Statement - PreSaveFile = new java.io.File(((pathPrefix + java.lang.Integer.toString(counter)) + .png)): null

2018-12-13 14:20:13 - [TEST_STEP][PASSED] - Statement - counter = counter + 1: null

2018-12-13 14:20:13 - [TEST_STEP][PASSED] - Statement - PreSaveFile = new java.io.File(((pathPrefix + java.lang.Integer.toString(counter)) + .png)): null

2018-12-13 14:20:13 - [TEST_STEP][PASSED] - Statement - finalPath = pathPrefix + java.lang.Integer.toString(counter) + ".png": null

2018-12-13 14:20:13 - [TEST_STEP][PASSED] - Statement - SaveFile = new java.io.File(finalPath): null

2018-12-13 14:20:13 - [TEST_STEP][PASSED] - Statement - Try: null

2018-12-13 14:20:13 - [TEST_STEP][PASSED] - Statement - org.apache.commons.io.FileUtils.copyFile(scrFile, SaveFile): null

2018-12-13 14:20:13 - [TEST_STEP][PASSED] - Statement - out.println("file kept"): null

2018-12-13 14:20:13 - [TEST_STEP][PASSED] - delay: Delayed 10 second(s)

2018-12-13 14:20:23 - [MESSAGE][PASSED] - Delayed 10 second(s)

2018-12-13 14:20:23 - [MESSAGE][PASSED] - Call Test Case 'Test Cases/Final Aug 2018 - PKS Automation/Registration Module/New Registration/Submit and Screenshot/Submit Registration and Screenshot' successfully

2018-12-13 14:20:23 - [TEST_STEP][PASSED] - callTestCase: Call Test Case 'Test Cases/Final Aug 2018 - PKS Automation/Registration Module/Log Out/log out avoiding katalon tagging' successfully

2018-12-13 14:20:23 - [TEST_CASE][PASSED] - Test Cases/Final Aug 2018 - PKS Automation/Registration Module/Log Out/log out avoiding katalon tagging: Test Cases/Final Aug 2018 - PKS Automation/Registration Module/Log Out/log out avoiding katalon tagging

2018-12-13 14:20:23 - [TEST_STEP][PASSED] - navigateToUrl: Navigate to 'https://assist2-uat.perkeso.gov.my/c/portal/logout' successfully

2018-12-13 14:20:24 - [MESSAGE][PASSED] - Navigate to 'https://assist2-uat.perkeso.gov.my/c/portal/logout' successfully

2018-12-13 14:20:24 - [MESSAGE][PASSED] - Call Test Case 'Test Cases/Final Aug 2018 - PKS Automation/Registration Module/Log Out/log out avoiding katalon tagging' successfully]]></system-out>
         <system-err><![CDATA[]]></system-err>
      </testcase>
      <testcase name="Test Cases/Final Aug 2018 - PKS Automation/Registration Module/Workflow/New Registration/OTC - PKR BO - RO Query (Routed 2 Time)" classname="Test Cases/Final Aug 2018 - PKS Automation/Registration Module/Workflow/New Registration/OTC - PKR BO - RO Query (Routed 2 Time)" status="FAILED">
         <failure type="FAILED" message="(Stack trace: com.kms.katalon.core.exception.StepFailedException: Unable to click on object 'Object Repository/Final Object Repo/New Registration - Registration Module Pages/New Reg - OTC to RO/Special Case - All Related Objects/Confirm to Query' (Root cause: org.openqa.selenium.ElementNotVisibleException: element not interactable
  (Session info: chrome=70.0.3538.110)
  (Driver info: chromedriver=2.43.600210 (68dcf5eebde37173d4027fa8635e332711d2874a),platform=Windows NT 6.1.7601 SP1 x86_64) (WARNING: The server did not provide any stacktrace information)
Command duration or timeout: 0 milliseconds
Build info: version: '3.7.1', revision: '8a0099a', time: '2017-11-06T21:07:36.161Z'
System info: host: 'WIN7TEST02', ip: '10.20.3.72', os.name: 'Windows 7', os.arch: 'amd64', os.version: '6.1', java.version: '1.8.0_181'
Driver info: com.kms.katalon.selenium.driver.CChromeDriver
Capabilities {acceptInsecureCerts: false, acceptSslCerts: false, applicationCacheEnabled: false, browserConnectionEnabled: false, browserName: chrome, chrome: {chromedriverVersion: 2.43.600210 (68dcf5eebde371..., userDataDir: C:\Users\Admin\AppData\Loca...}, cssSelectorsEnabled: true, databaseEnabled: false, goog:chromeOptions: {debuggerAddress: localhost:53771}, handlesAlerts: true, hasTouchScreen: false, javascriptEnabled: true, locationContextEnabled: true, mobileEmulationEnabled: false, nativeEvents: true, networkConnectionEnabled: false, pageLoadStrategy: normal, platform: XP, platformName: XP, rotatable: false, setWindowRect: true, takesHeapSnapshot: true, takesScreenshot: true, unexpectedAlertBehaviour: , unhandledPromptBehavior: , version: 70.0.3538.110, webStorageEnabled: true}
Session ID: aa0cdf03e7b7ee45e0b96fefab8db29e)
	at com.kms.katalon.core.keyword.internal.KeywordMain.stepFailed(KeywordMain.groovy:32)
	at com.kms.katalon.core.webui.keyword.internal.WebUIKeywordMain.stepFailed(WebUIKeywordMain.groovy:65)
	at com.kms.katalon.core.webui.keyword.internal.WebUIKeywordMain.runKeyword(WebUIKeywordMain.groovy:27)
	at com.kms.katalon.core.webui.keyword.builtin.ClickKeyword.click(ClickKeyword.groovy:86)
	at com.kms.katalon.core.webui.keyword.builtin.ClickKeyword.execute(ClickKeyword.groovy:67)
	at com.kms.katalon.core.keyword.internal.KeywordExecutor.executeKeywordForPlatform(KeywordExecutor.groovy:53)
	at com.kms.katalon.core.webui.keyword.WebUiBuiltInKeywords.click(WebUiBuiltInKeywords.groovy:616)
	at com.kms.katalon.core.webui.keyword.WebUiBuiltInKeywords$click$2.call(Unknown Source)
	at org.codehaus.groovy.runtime.callsite.CallSiteArray.defaultCall(CallSiteArray.java:48)
	at org.codehaus.groovy.runtime.callsite.AbstractCallSite.call(AbstractCallSite.java:113)
	at org.codehaus.groovy.runtime.callsite.AbstractCallSite.call(AbstractCallSite.java:125)
	at Script1535599531593.run(Script1535599531593.groovy:194)
	at com.kms.katalon.core.main.ScriptEngine.run(ScriptEngine.java:183)
	at com.kms.katalon.core.main.ScriptEngine.runScriptAsRawText(ScriptEngine.java:108)
	at com.kms.katalon.core.main.TestCaseExecutor.runScript(TestCaseExecutor.java:294)
	at com.kms.katalon.core.main.TestCaseExecutor.doExecute(TestCaseExecutor.java:285)
	at com.kms.katalon.core.main.TestCaseExecutor.processExecutionPhase(TestCaseExecutor.java:264)
	at com.kms.katalon.core.main.TestCaseExecutor.accessMainPhase(TestCaseExecutor.java:256)
	at com.kms.katalon.core.main.TestCaseExecutor.execute(TestCaseExecutor.java:200)
	at com.kms.katalon.core.main.TestSuiteExecutor.accessTestCaseMainPhase(TestSuiteExecutor.java:129)
	at com.kms.katalon.core.main.TestSuiteExecutor.accessTestSuiteMainPhase(TestSuiteExecutor.java:112)
	at com.kms.katalon.core.main.TestSuiteExecutor.execute(TestSuiteExecutor.java:81)
	at com.kms.katalon.core.main.TestCaseMain.startTestSuite(TestCaseMain.java:142)
	at com.kms.katalon.core.main.TestCaseMain$startTestSuite$0.call(Unknown Source)
	at org.codehaus.groovy.runtime.callsite.CallSiteArray.defaultCall(CallSiteArray.java:48)
	at org.codehaus.groovy.runtime.callsite.AbstractCallSite.call(AbstractCallSite.java:113)
	at org.codehaus.groovy.runtime.callsite.AbstractCallSite.call(AbstractCallSite.java:141)
	at TempTestSuite1544668253915.run(TempTestSuite1544668253915.groovy:36)
	at groovy.lang.GroovyShell.runScriptOrMainOrTestOrRunnable(GroovyShell.java:263)
	at groovy.lang.GroovyShell.run(GroovyShell.java:518)
	at groovy.lang.GroovyShell.run(GroovyShell.java:507)
	at groovy.ui.GroovyMain.processOnce(GroovyMain.java:653)
	at groovy.ui.GroovyMain.run(GroovyMain.java:384)
	at groovy.ui.GroovyMain.process(GroovyMain.java:370)
	at groovy.ui.GroovyMain.processArgs(GroovyMain.java:129)
	at groovy.ui.GroovyMain.main(GroovyMain.java:109)
	at sun.reflect.NativeMethodAccessorImpl.invoke0(Native Method)
	at sun.reflect.NativeMethodAccessorImpl.invoke(NativeMethodAccessorImpl.java:62)
	at sun.reflect.DelegatingMethodAccessorImpl.invoke(DelegatingMethodAccessorImpl.java:43)
	at java.lang.reflect.Method.invoke(Method.java:498)
	at org.codehaus.groovy.tools.GroovyStarter.rootLoader(GroovyStarter.java:109)
	at org.codehaus.groovy.tools.GroovyStarter.main(GroovyStarter.java:131)
)"/>
         <system-out><![CDATA[2018-12-13 14:20:24 - [TEST_CASE][FAILED] - Test Cases/Final Aug 2018 - PKS Automation/Registration Module/Workflow/New Registration/OTC - PKR BO - RO Query (Routed 2 Time): Test Cases/Final Aug 2018 - PKS Automation/Registration Module/Workflow/New Registration/OTC - PKR BO - RO Query (Routed 2 Time) FAILED because (of) (Stack trace: com.kms.katalon.core.exception.StepFailedException: Unable to click on object 'Object Repository/Final Object Repo/New Registration - Registration Module Pages/New Reg - OTC to RO/Special Case - All Related Objects/Confirm to Query' (Root cause: org.openqa.selenium.ElementNotVisibleException: element not interactable
  (Session info: chrome=70.0.3538.110)
  (Driver info: chromedriver=2.43.600210 (68dcf5eebde37173d4027fa8635e332711d2874a),platform=Windows NT 6.1.7601 SP1 x86_64) (WARNING: The server did not provide any stacktrace information)
Command duration or timeout: 0 milliseconds
Build info: version: '3.7.1', revision: '8a0099a', time: '2017-11-06T21:07:36.161Z'
System info: host: 'WIN7TEST02', ip: '10.20.3.72', os.name: 'Windows 7', os.arch: 'amd64', os.version: '6.1', java.version: '1.8.0_181'
Driver info: com.kms.katalon.selenium.driver.CChromeDriver
Capabilities {acceptInsecureCerts: false, acceptSslCerts: false, applicationCacheEnabled: false, browserConnectionEnabled: false, browserName: chrome, chrome: {chromedriverVersion: 2.43.600210 (68dcf5eebde371..., userDataDir: C:\Users\Admin\AppData\Loca...}, cssSelectorsEnabled: true, databaseEnabled: false, goog:chromeOptions: {debuggerAddress: localhost:53771}, handlesAlerts: true, hasTouchScreen: false, javascriptEnabled: true, locationContextEnabled: true, mobileEmulationEnabled: false, nativeEvents: true, networkConnectionEnabled: false, pageLoadStrategy: normal, platform: XP, platformName: XP, rotatable: false, setWindowRect: true, takesHeapSnapshot: true, takesScreenshot: true, unexpectedAlertBehaviour: , unhandledPromptBehavior: , version: 70.0.3538.110, webStorageEnabled: true}
Session ID: aa0cdf03e7b7ee45e0b96fefab8db29e)
	at com.kms.katalon.core.keyword.internal.KeywordMain.stepFailed(KeywordMain.groovy:32)
	at com.kms.katalon.core.webui.keyword.internal.WebUIKeywordMain.stepFailed(WebUIKeywordMain.groovy:65)
	at com.kms.katalon.core.webui.keyword.internal.WebUIKeywordMain.runKeyword(WebUIKeywordMain.groovy:27)
	at com.kms.katalon.core.webui.keyword.builtin.ClickKeyword.click(ClickKeyword.groovy:86)
	at com.kms.katalon.core.webui.keyword.builtin.ClickKeyword.execute(ClickKeyword.groovy:67)
	at com.kms.katalon.core.keyword.internal.KeywordExecutor.executeKeywordForPlatform(KeywordExecutor.groovy:53)
	at com.kms.katalon.core.webui.keyword.WebUiBuiltInKeywords.click(WebUiBuiltInKeywords.groovy:616)
	at com.kms.katalon.core.webui.keyword.WebUiBuiltInKeywords$click$2.call(Unknown Source)
	at org.codehaus.groovy.runtime.callsite.CallSiteArray.defaultCall(CallSiteArray.java:48)
	at org.codehaus.groovy.runtime.callsite.AbstractCallSite.call(AbstractCallSite.java:113)
	at org.codehaus.groovy.runtime.callsite.AbstractCallSite.call(AbstractCallSite.java:125)
	at Script1535599531593.run(Script1535599531593.groovy:194)
	at com.kms.katalon.core.main.ScriptEngine.run(ScriptEngine.java:183)
	at com.kms.katalon.core.main.ScriptEngine.runScriptAsRawText(ScriptEngine.java:108)
	at com.kms.katalon.core.main.TestCaseExecutor.runScript(TestCaseExecutor.java:294)
	at com.kms.katalon.core.main.TestCaseExecutor.doExecute(TestCaseExecutor.java:285)
	at com.kms.katalon.core.main.TestCaseExecutor.processExecutionPhase(TestCaseExecutor.java:264)
	at com.kms.katalon.core.main.TestCaseExecutor.accessMainPhase(TestCaseExecutor.java:256)
	at com.kms.katalon.core.main.TestCaseExecutor.execute(TestCaseExecutor.java:200)
	at com.kms.katalon.core.main.TestSuiteExecutor.accessTestCaseMainPhase(TestSuiteExecutor.java:129)
	at com.kms.katalon.core.main.TestSuiteExecutor.accessTestSuiteMainPhase(TestSuiteExecutor.java:112)
	at com.kms.katalon.core.main.TestSuiteExecutor.execute(TestSuiteExecutor.java:81)
	at com.kms.katalon.core.main.TestCaseMain.startTestSuite(TestCaseMain.java:142)
	at com.kms.katalon.core.main.TestCaseMain$startTestSuite$0.call(Unknown Source)
	at org.codehaus.groovy.runtime.callsite.CallSiteArray.defaultCall(CallSiteArray.java:48)
	at org.codehaus.groovy.runtime.callsite.AbstractCallSite.call(AbstractCallSite.java:113)
	at org.codehaus.groovy.runtime.callsite.AbstractCallSite.call(AbstractCallSite.java:141)
	at TempTestSuite1544668253915.run(TempTestSuite1544668253915.groovy:36)
	at groovy.lang.GroovyShell.runScriptOrMainOrTestOrRunnable(GroovyShell.java:263)
	at groovy.lang.GroovyShell.run(GroovyShell.java:518)
	at groovy.lang.GroovyShell.run(GroovyShell.java:507)
	at groovy.ui.GroovyMain.processOnce(GroovyMain.java:653)
	at groovy.ui.GroovyMain.run(GroovyMain.java:384)
	at groovy.ui.GroovyMain.process(GroovyMain.java:370)
	at groovy.ui.GroovyMain.processArgs(GroovyMain.java:129)
	at groovy.ui.GroovyMain.main(GroovyMain.java:109)
	at sun.reflect.NativeMethodAccessorImpl.invoke0(Native Method)
	at sun.reflect.NativeMethodAccessorImpl.invoke(NativeMethodAccessorImpl.java:62)
	at sun.reflect.DelegatingMethodAccessorImpl.invoke(DelegatingMethodAccessorImpl.java:43)
	at java.lang.reflect.Method.invoke(Method.java:498)
	at org.codehaus.groovy.tools.GroovyStarter.rootLoader(GroovyStarter.java:109)
	at org.codehaus.groovy.tools.GroovyStarter.main(GroovyStarter.java:131)
)

2018-12-13 14:20:24 - [TEST_STEP][PASSED] - callTestCase: Call Test Case 'Test Cases/Final Aug 2018 - PKS Automation/Registration Module/Workflow/New Registration/Template/Special Case - OTC - Form 1' successfully

2018-12-13 14:20:24 - [TEST_CASE][PASSED] - Test Cases/Final Aug 2018 - PKS Automation/Registration Module/Workflow/New Registration/Template/Special Case - OTC - Form 1: Test Cases/Final Aug 2018 - PKS Automation/Registration Module/Workflow/New Registration/Template/Special Case - OTC - Form 1

2018-12-13 14:20:24 - [TEST_STEP][PASSED] - openBrowser: Browser is opened with url: ''

2018-12-13 14:20:24 - [MESSAGE][WARNING] - A browser is already opened. Closing browser and opening a new one

2018-12-13 14:20:28 - [MESSAGE][PASSED] - Browser is opened with url: ''

2018-12-13 14:20:28 - [TEST_STEP][PASSED] - navigateToUrl: Navigate to 'https://assist2-uat.perkeso.gov.my/login' successfully

2018-12-13 14:20:29 - [MESSAGE][PASSED] - Navigate to 'https://assist2-uat.perkeso.gov.my/login' successfully

2018-12-13 14:20:29 - [TEST_STEP][PASSED] - delay: Delayed 2 second(s)

2018-12-13 14:20:31 - [MESSAGE][PASSED] - Delayed 2 second(s)

2018-12-13 14:20:31 - [TEST_STEP][PASSED] - setText: Text 'klotc2@gmail.com' is set on object 'Object Repository/Final Object Repo/Login Page/Internal User/Email Address'

2018-12-13 14:20:31 - [MESSAGE][PASSED] - Text 'klotc2@gmail.com' is set on object 'Object Repository/Final Object Repo/Login Page/Internal User/Email Address'

2018-12-13 14:20:31 - [TEST_STEP][PASSED] - click: Object: 'Object Repository/Final Object Repo/Login Page/Internal User/Next Button' is clicked on

2018-12-13 14:20:32 - [MESSAGE][PASSED] - Object: 'Object Repository/Final Object Repo/Login Page/Internal User/Next Button' is clicked on

2018-12-13 14:20:32 - [TEST_STEP][PASSED] - delay: Delayed 2 second(s)

2018-12-13 14:20:34 - [MESSAGE][PASSED] - Delayed 2 second(s)

2018-12-13 14:20:34 - [TEST_STEP][PASSED] - setText: Text 'Test1@3456789' is set on object 'Object Repository/Final Object Repo/Login Page/Internal User/Password'

2018-12-13 14:20:34 - [MESSAGE][PASSED] - Text 'Test1@3456789' is set on object 'Object Repository/Final Object Repo/Login Page/Internal User/Password'

2018-12-13 14:20:34 - [TEST_STEP][PASSED] - delay: Delayed 2 second(s)

2018-12-13 14:20:36 - [MESSAGE][PASSED] - Delayed 2 second(s)

2018-12-13 14:20:36 - [TEST_STEP][PASSED] - click: Object: 'Object Repository/Final Object Repo/Login Page/Internal User/Login Button' is clicked on

2018-12-13 14:20:36 - [MESSAGE][PASSED] - Object: 'Object Repository/Final Object Repo/Login Page/Internal User/Login Button' is clicked on

2018-12-13 14:20:36 - [TEST_STEP][PASSED] - Statement - Try: null

2018-12-13 14:20:36 - [TEST_STEP][PASSED] - Statement - Checker = com.kms.katalon.core.webui.keyword.WebUiBuiltInKeywords.verifyElementNotPresent("Final Object Repo/Landing Page/Select to English", 3): null

2018-12-13 14:20:36 - [TEST_STEP][PASSED] - Statement - Catch (Exception e): null

2018-12-13 14:20:36 - [TEST_STEP][PASSED] - Statement - e.printStackTrace(): null

2018-12-13 14:20:36 - [TEST_STEP][PASSED] - delay: Delayed 5 second(s)

2018-12-13 14:20:41 - [MESSAGE][PASSED] - Delayed 5 second(s)

2018-12-13 14:20:41 - [TEST_STEP][PASSED] - click: Object: 'Object Repository/Final Object Repo/Landing Page/My Sites Drop Down' is clicked on

2018-12-13 14:20:41 - [MESSAGE][PASSED] - Object: 'Object Repository/Final Object Repo/Landing Page/My Sites Drop Down' is clicked on

2018-12-13 14:20:41 - [TEST_STEP][PASSED] - click: Object: 'Object Repository/Final Object Repo/Landing Page/Select to Registration Module' is clicked on

2018-12-13 14:20:42 - [MESSAGE][PASSED] - Object: 'Object Repository/Final Object Repo/Landing Page/Select to Registration Module' is clicked on

2018-12-13 14:20:42 - [TEST_STEP][PASSED] - click: Object: 'Object Repository/Final Object Repo/Landing Page/Registration Button' is clicked on

2018-12-13 14:20:44 - [MESSAGE][PASSED] - Object: 'Object Repository/Final Object Repo/Landing Page/Registration Button' is clicked on

2018-12-13 14:20:44 - [TEST_STEP][PASSED] - delay: Delayed 2 second(s)

2018-12-13 14:20:46 - [MESSAGE][PASSED] - Delayed 2 second(s)

2018-12-13 14:20:46 - [TEST_STEP][PASSED] - click: Object: 'Object Repository/Final Object Repo/New Registration - Registration Module Pages/New Reg - OTC to RO/Special Case - OTC - Form 1/AEC NO' is clicked on

2018-12-13 14:20:46 - [MESSAGE][PASSED] - Object: 'Object Repository/Final Object Repo/New Registration - Registration Module Pages/New Reg - OTC to RO/Special Case - OTC - Form 1/AEC NO' is clicked on

2018-12-13 14:20:46 - [TEST_STEP][PASSED] - click: Object: 'Object Repository/Final Object Repo/New Registration - Registration Module Pages/New Reg - OTC to RO/Special Case - OTC - Form 1/Business Entity - Please Select' is clicked on

2018-12-13 14:20:46 - [MESSAGE][PASSED] - Object: 'Object Repository/Final Object Repo/New Registration - Registration Module Pages/New Reg - OTC to RO/Special Case - OTC - Form 1/Business Entity - Please Select' is clicked on

2018-12-13 14:20:46 - [TEST_STEP][PASSED] - click: Object: 'Object Repository/Final Object Repo/New Registration - Registration Module Pages/New Reg - OTC to RO/Special Case - OTC - Form 1/Selected - Corporation' is clicked on

2018-12-13 14:20:46 - [MESSAGE][PASSED] - Object: 'Object Repository/Final Object Repo/New Registration - Registration Module Pages/New Reg - OTC to RO/Special Case - OTC - Form 1/Selected - Corporation' is clicked on

2018-12-13 14:20:46 - [TEST_STEP][PASSED] - delay: Delayed 2 second(s)

2018-12-13 14:20:48 - [MESSAGE][PASSED] - Delayed 2 second(s)

2018-12-13 14:20:48 - [TEST_STEP][PASSED] - click: Object: 'Object Repository/Final Object Repo/New Registration - Registration Module Pages/New Reg - OTC to RO/Special Case - OTC - Form 1/Sub Business Entity - Please Select' is clicked on

2018-12-13 14:20:48 - [MESSAGE][PASSED] - Object: 'Object Repository/Final Object Repo/New Registration - Registration Module Pages/New Reg - OTC to RO/Special Case - OTC - Form 1/Sub Business Entity - Please Select' is clicked on

2018-12-13 14:20:48 - [TEST_STEP][PASSED] - delay: Delayed 2 second(s)

2018-12-13 14:20:50 - [MESSAGE][PASSED] - Delayed 2 second(s)

2018-12-13 14:20:50 - [TEST_STEP][PASSED] - click: Object: 'Object Repository/Final Object Repo/New Registration - Registration Module Pages/New Reg - OTC to RO/Special Case - OTC - Form 1/Selected - Sendirian Berhad' is clicked on

2018-12-13 14:20:51 - [MESSAGE][PASSED] - Object: 'Object Repository/Final Object Repo/New Registration - Registration Module Pages/New Reg - OTC to RO/Special Case - OTC - Form 1/Selected - Sendirian Berhad' is clicked on

2018-12-13 14:20:51 - [TEST_STEP][PASSED] - setText: Text 'AUTOMATE001' is set on object 'Object Repository/Final Object Repo/New Registration - Registration Module Pages/New Reg - OTC to RO/Special Case - OTC - Form 1/Input BRN Number'

2018-12-13 14:20:51 - [MESSAGE][PASSED] - Text 'AUTOMATE001' is set on object 'Object Repository/Final Object Repo/New Registration - Registration Module Pages/New Reg - OTC to RO/Special Case - OTC - Form 1/Input BRN Number'

2018-12-13 14:20:51 - [TEST_STEP][PASSED] - delay: Delayed 2 second(s)

2018-12-13 14:20:53 - [MESSAGE][PASSED] - Delayed 2 second(s)

2018-12-13 14:20:53 - [TEST_STEP][PASSED] - click: Object: 'Object Repository/Final Object Repo/New Registration - Registration Module Pages/New Reg - OTC to RO/Special Case - OTC - Form 1/BRN Search' is clicked on

2018-12-13 14:20:53 - [MESSAGE][PASSED] - Object: 'Object Repository/Final Object Repo/New Registration - Registration Module Pages/New Reg - OTC to RO/Special Case - OTC - Form 1/BRN Search' is clicked on

2018-12-13 14:20:53 - [TEST_STEP][PASSED] - delay: Delayed 4 second(s)

2018-12-13 14:20:57 - [MESSAGE][PASSED] - Delayed 4 second(s)

2018-12-13 14:20:57 - [TEST_STEP][PASSED] - click: Object: 'Object Repository/Final Object Repo/New Registration - Registration Module Pages/New Reg - OTC to RO/Special Case - OTC - Form 1/Registered with SSM - After Feb 2017' is clicked on

2018-12-13 14:20:58 - [MESSAGE][PASSED] - Object: 'Object Repository/Final Object Repo/New Registration - Registration Module Pages/New Reg - OTC to RO/Special Case - OTC - Form 1/Registered with SSM - After Feb 2017' is clicked on

2018-12-13 14:20:58 - [TEST_STEP][PASSED] - delay: Delayed 2 second(s)

2018-12-13 14:21:00 - [MESSAGE][PASSED] - Delayed 2 second(s)

2018-12-13 14:21:00 - [TEST_STEP][PASSED] - click: Object: 'Object Repository/Final Object Repo/New Registration - Registration Module Pages/New Reg - OTC to RO/Special Case - OTC - Form 1/Registering As A Branch - No' is clicked on

2018-12-13 14:21:00 - [MESSAGE][PASSED] - Object: 'Object Repository/Final Object Repo/New Registration - Registration Module Pages/New Reg - OTC to RO/Special Case - OTC - Form 1/Registering As A Branch - No' is clicked on

2018-12-13 14:21:00 - [TEST_STEP][PASSED] - click: Object: 'Object Repository/Final Object Repo/New Registration - Registration Module Pages/New Reg - OTC to RO/Special Case - OTC - Form 1/Acknowledgement Ticked' is clicked on

2018-12-13 14:21:00 - [MESSAGE][PASSED] - Object: 'Object Repository/Final Object Repo/New Registration - Registration Module Pages/New Reg - OTC to RO/Special Case - OTC - Form 1/Acknowledgement Ticked' is clicked on

2018-12-13 14:21:00 - [TEST_STEP][PASSED] - click: Object: 'Object Repository/Final Object Repo/New Registration - Registration Module Pages/New Reg - OTC to RO/Special Case - OTC - Form 1/Submit Button' is clicked on

2018-12-13 14:21:00 - [MESSAGE][PASSED] - Object: 'Object Repository/Final Object Repo/New Registration - Registration Module Pages/New Reg - OTC to RO/Special Case - OTC - Form 1/Submit Button' is clicked on

2018-12-13 14:21:00 - [TEST_STEP][PASSED] - delay: Delayed 2 second(s)

2018-12-13 14:21:02 - [MESSAGE][PASSED] - Delayed 2 second(s)

2018-12-13 14:21:02 - [TEST_STEP][PASSED] - click: Object: 'Object Repository/Final Object Repo/New Registration - Registration Module Pages/New Reg - OTC to RO/Special Case - OTC - Form 1/Confirm No Flagging as Branch' is clicked on

2018-12-13 14:21:02 - [MESSAGE][PASSED] - Object: 'Object Repository/Final Object Repo/New Registration - Registration Module Pages/New Reg - OTC to RO/Special Case - OTC - Form 1/Confirm No Flagging as Branch' is clicked on

2018-12-13 14:21:02 - [MESSAGE][PASSED] - Call Test Case 'Test Cases/Final Aug 2018 - PKS Automation/Registration Module/Workflow/New Registration/Template/Special Case - OTC - Form 1' successfully

2018-12-13 14:21:02 - [TEST_STEP][PASSED] - callTestCase: Call Test Case 'Test Cases/Final Aug 2018 - PKS Automation/Registration Module/New Registration/Form 2/Add 1 Eligible - Incomplete' successfully

2018-12-13 14:21:02 - [TEST_CASE][PASSED] - Test Cases/Final Aug 2018 - PKS Automation/Registration Module/New Registration/Form 2/Add 1 Eligible - Incomplete: Test Cases/Final Aug 2018 - PKS Automation/Registration Module/New Registration/Form 2/Add 1 Eligible - Incomplete

2018-12-13 14:21:02 - [TEST_STEP][PASSED] - delay: Delayed 2 second(s)

2018-12-13 14:21:04 - [MESSAGE][PASSED] - Delayed 2 second(s)

2018-12-13 14:21:04 - [TEST_STEP][PASSED] - callTestCase: Call Test Case 'Test Cases/Final Aug 2018 - PKS Automation/Registration Module/New Registration/Form 2/Date Updater' successfully

2018-12-13 14:21:04 - [TEST_CASE][PASSED] - Test Cases/Final Aug 2018 - PKS Automation/Registration Module/New Registration/Form 2/Date Updater: Test Cases/Final Aug 2018 - PKS Automation/Registration Module/New Registration/Form 2/Date Updater

2018-12-13 14:21:04 - [TEST_STEP][PASSED] - Statement - TodayDate = new java.util.Date(): null

2018-12-13 14:21:04 - [TEST_STEP][PASSED] - Statement - CurrentDateNoFilter = new java.text.SimpleDateFormat(): null

2018-12-13 14:21:04 - [TEST_STEP][PASSED] - Statement - CurrentDateNoFilter.applyPattern("MM"): null

2018-12-13 14:21:04 - [TEST_STEP][PASSED] - Statement - monthContainerMatcher = java.lang.Integer.parseInt(CurrentDateNoFilter.format(TodayDate)): null

2018-12-13 14:21:04 - [TEST_STEP][PASSED] - Statement - monthContainerMatcher = monthContainerMatcher - 1: null

2018-12-13 14:21:04 - [TEST_STEP][PASSED] - Statement - CurrentMonth = monthContainerMatcher.toString(): null

2018-12-13 14:21:04 - [TEST_STEP][PASSED] - Statement - CurrentMonth = CurrentMonth: null

2018-12-13 14:21:04 - [TEST_STEP][PASSED] - Statement - CurrentDateNoFilter.applyPattern("yyyy"): null

2018-12-13 14:21:04 - [TEST_STEP][PASSED] - Statement - CurrentYear = CurrentDateNoFilter.format(TodayDate): null

2018-12-13 14:21:04 - [TEST_STEP][PASSED] - Statement - CurrentYear = CurrentYear: null

2018-12-13 14:21:04 - [TEST_STEP][PASSED] - Statement - intCurrentYear = java.lang.Integer.parseInt(CurrentDateNoFilter.format(TodayDate)): null

2018-12-13 14:21:04 - [TEST_STEP][PASSED] - Statement - eighteenYrsAgo = intCurrentYear - 18: null

2018-12-13 14:21:04 - [TEST_STEP][PASSED] - Statement - eighteenYrsBeforeThisYr = eighteenYrsAgo.toString(): null

2018-12-13 14:21:04 - [TEST_STEP][PASSED] - Statement - EighteenYrsBefore = eighteenYrsBeforeThisYr: null

2018-12-13 14:21:04 - [TEST_STEP][PASSED] - Statement - fiftysevenYrsAgo = intCurrentYear - 57: null

2018-12-13 14:21:04 - [TEST_STEP][PASSED] - Statement - fiftysevenYrsBeforeThisYr = fiftysevenYrsAgo.toString(): null

2018-12-13 14:21:04 - [TEST_STEP][PASSED] - Statement - FiftysevenYrsBefore = fiftysevenYrsBeforeThisYr: null

2018-12-13 14:21:04 - [TEST_STEP][PASSED] - Statement - leapYear = false: null

2018-12-13 14:21:04 - [TEST_STEP][PASSED] - Statement - leapYear = intCurrentYear % 4 == 0: null

2018-12-13 14:21:04 - [TEST_STEP][PASSED] - Statement - CurrentDateNoFilter.applyPattern("dd"): null

2018-12-13 14:21:04 - [TEST_STEP][PASSED] - Statement - CurrentDate = CurrentDateNoFilter.format(TodayDate): null

2018-12-13 14:21:04 - [TEST_STEP][PASSED] - Statement - CurrentDate = java.lang.Integer.parseInt(CurrentDate): null

2018-12-13 14:21:04 - [TEST_STEP][PASSED] - Statement - CurrentDate = CurrentDate: null

2018-12-13 14:21:04 - [TEST_STEP][PASSED] - Statement - CurrentDay = java.lang.Integer.parseInt(CurrentDate): null

2018-12-13 14:21:04 - [TEST_STEP][PASSED] - Statement - ConfAdder = <not implemented yet for class: org.codehaus.groovy.ast.expr.EmptyExpression>: null

2018-12-13 14:21:04 - [TEST_STEP][PASSED] - Statement - out.println(CurrentMonth): null

2018-12-13 14:21:04 - [TEST_STEP][PASSED] - Statement - out.println(CurrentDate): null

2018-12-13 14:21:04 - [TEST_STEP][PASSED] - Statement - switch (CurrentDate): null

2018-12-13 14:21:04 - [TEST_STEP][PASSED] - Statement - Default: null

2018-12-13 14:21:04 - [TEST_STEP][PASSED] - Statement - ConfAdder = true: null

2018-12-13 14:21:04 - [TEST_STEP][PASSED] - Statement - Break: null

2018-12-13 14:21:04 - [TEST_STEP][PASSED] - Statement - aDayBefore = <not implemented yet for class: org.codehaus.groovy.ast.expr.EmptyExpression>: null

2018-12-13 14:21:04 - [TEST_STEP][PASSED] - Statement - out.println(ConfAdder): null

2018-12-13 14:21:04 - [TEST_STEP][PASSED] - Statement - If (ConfAdder == true): null

2018-12-13 14:21:04 - [TEST_STEP][PASSED] - Statement - aDayBefore = CurrentDay + 1: null

2018-12-13 14:21:04 - [TEST_STEP][PASSED] - Statement - out.println(aDayBefore): null

2018-12-13 14:21:04 - [TEST_STEP][PASSED] - Statement - If (aDayBefore == 1 && CurrentMonth == 11): null

2018-12-13 14:21:04 - [TEST_STEP][PASSED] - Statement - DayBefore = aDayBefore.toString(): null

2018-12-13 14:21:04 - [TEST_STEP][PASSED] - Statement - OneDayBefore = DayBefore: null

2018-12-13 14:21:04 - [MESSAGE][PASSED] - Call Test Case 'Test Cases/Final Aug 2018 - PKS Automation/Registration Module/New Registration/Form 2/Date Updater' successfully

2018-12-13 14:21:04 - [TEST_STEP][PASSED] - Statement - CaseReferenceNo = com.kms.katalon.core.webui.keyword.WebUiBuiltInKeywords.getText(com.kms.katalon.core.testobject.ObjectRepository.findTestObject(Final Object Repo/New Registration - Registration Module Pages/Form 2/RefNo Acquiring)): Text of object 'Object Repository/Final Object Repo/New Registration - Registration Module Pages/Form 2/RefNo Acquiring' is: 'CRN12201800123281'

2018-12-13 14:21:05 - [MESSAGE][PASSED] - Text of object 'Object Repository/Final Object Repo/New Registration - Registration Module Pages/Form 2/RefNo Acquiring' is: 'CRN12201800123281'

2018-12-13 14:21:05 - [TEST_STEP][PASSED] - delay: Delayed 4 second(s)

2018-12-13 14:21:09 - [MESSAGE][PASSED] - Delayed 4 second(s)

2018-12-13 14:21:09 - [TEST_STEP][PASSED] - click: Object: 'Object Repository/Final Object Repo/New Registration - Registration Module Pages/Form 2/Add Employee Button' is clicked on

2018-12-13 14:21:09 - [MESSAGE][PASSED] - Object: 'Object Repository/Final Object Repo/New Registration - Registration Module Pages/Form 2/Add Employee Button' is clicked on

2018-12-13 14:21:09 - [TEST_STEP][PASSED] - delay: Delayed 1 second(s)

2018-12-13 14:21:10 - [MESSAGE][PASSED] - Delayed 1 second(s)

2018-12-13 14:21:10 - [TEST_STEP][PASSED] - setText: Text '010903091984' is set on object 'Object Repository/Final Object Repo/New Registration - Registration Module Pages/Form 2/NRIC Input'

2018-12-13 14:21:10 - [MESSAGE][PASSED] - Text '010903091984' is set on object 'Object Repository/Final Object Repo/New Registration - Registration Module Pages/Form 2/NRIC Input'

2018-12-13 14:21:10 - [TEST_STEP][PASSED] - click: Object: 'Object Repository/Final Object Repo/New Registration - Registration Module Pages/Form 2/button for search for IC' is clicked on

2018-12-13 14:21:10 - [MESSAGE][PASSED] - Object: 'Object Repository/Final Object Repo/New Registration - Registration Module Pages/Form 2/button for search for IC' is clicked on

2018-12-13 14:21:10 - [TEST_STEP][PASSED] - delay: Delayed 2 second(s)

2018-12-13 14:21:12 - [MESSAGE][PASSED] - Delayed 2 second(s)

2018-12-13 14:21:12 - [TEST_STEP][PASSED] - setText: Text 'Automate001 eligible 1' is set on object 'Object Repository/Final Object Repo/New Registration - Registration Module Pages/Form 2/Employee Name Input'

2018-12-13 14:21:13 - [MESSAGE][PASSED] - Text 'Automate001 eligible 1' is set on object 'Object Repository/Final Object Repo/New Registration - Registration Module Pages/Form 2/Employee Name Input'

2018-12-13 14:21:13 - [TEST_STEP][PASSED] - delay: Delayed 2 second(s)

2018-12-13 14:21:15 - [MESSAGE][PASSED] - Delayed 2 second(s)

2018-12-13 14:21:15 - [TEST_STEP][PASSED] - click: Object: 'Object Repository/Final Object Repo/New Registration - Registration Module Pages/Form 2/DatePicker Pop Up' is clicked on

2018-12-13 14:21:15 - [MESSAGE][PASSED] - Object: 'Object Repository/Final Object Repo/New Registration - Registration Module Pages/Form 2/DatePicker Pop Up' is clicked on

2018-12-13 14:21:15 - [TEST_STEP][PASSED] - click: Object: 'Object Repository/Final Object Repo/New Registration - Registration Module Pages/Form 2/DOB Month' is clicked on

2018-12-13 14:21:15 - [MESSAGE][PASSED] - Object: 'Object Repository/Final Object Repo/New Registration - Registration Module Pages/Form 2/DOB Month' is clicked on

2018-12-13 14:21:15 - [TEST_STEP][PASSED] - Statement - CurrentMonth = CurrentMonth: null

2018-12-13 14:21:15 - [TEST_STEP][PASSED] - Statement - selectMonth = new com.kms.katalon.core.testobject.TestObject(): null

2018-12-13 14:21:15 - [TEST_STEP][PASSED] - Statement - selectMonth.addProperty("xpath", EQUALS, "//body/div/div/div/select/option[@value='" + CurrentMonth + "']", true): null

2018-12-13 14:21:15 - [TEST_STEP][PASSED] - click: Object: '' is clicked on

2018-12-13 14:21:15 - [MESSAGE][PASSED] - Object: '' is clicked on

2018-12-13 14:21:15 - [TEST_STEP][PASSED] - click: Object: 'Object Repository/Final Object Repo/New Registration - Registration Module Pages/Form 2/DOB Year' is clicked on

2018-12-13 14:21:16 - [MESSAGE][PASSED] - Object: 'Object Repository/Final Object Repo/New Registration - Registration Module Pages/Form 2/DOB Year' is clicked on

2018-12-13 14:21:16 - [TEST_STEP][PASSED] - Statement - Eyearsbf = EighteenYrsBefore: null

2018-12-13 14:21:16 - [TEST_STEP][PASSED] - Statement - selectYear = new com.kms.katalon.core.testobject.TestObject(): null

2018-12-13 14:21:16 - [TEST_STEP][PASSED] - Statement - selectYear.addProperty("xpath", EQUALS, "//div/div/div/select/option[@value='" + Eyearsbf + "']", true): null

2018-12-13 14:21:16 - [TEST_STEP][PASSED] - click: Object: '' is clicked on

2018-12-13 14:21:16 - [MESSAGE][PASSED] - Object: '' is clicked on

2018-12-13 14:21:16 - [TEST_STEP][PASSED] - Statement - UpdatedSelectDate = com.kms.katalon.core.webui.keyword.WebUiBuiltInKeywords.modifyObjectProperty(com.kms.katalon.core.testobject.ObjectRepository.findTestObject(Final Object Repo/New Registration - Registration Module Pages/Form 2/DOB Date), "xpath", "equals", "//body/div/table/tbody/tr/td/a[text()="" + CurrentDate + ""]", true): Modify property of object successfully

2018-12-13 14:21:16 - [MESSAGE][PASSED] - Modify property of object successfully

2018-12-13 14:21:16 - [TEST_STEP][PASSED] - delay: Delayed 3 second(s)

2018-12-13 14:21:19 - [MESSAGE][PASSED] - Delayed 3 second(s)

2018-12-13 14:21:19 - [TEST_STEP][PASSED] - click: Object: 'Object Repository/Final Object Repo/New Registration - Registration Module Pages/Form 2/DOB Date' is clicked on

2018-12-13 14:21:19 - [MESSAGE][PASSED] - Object: 'Object Repository/Final Object Repo/New Registration - Registration Module Pages/Form 2/DOB Date' is clicked on

2018-12-13 14:21:19 - [TEST_STEP][PASSED] - delay: Delayed 2 second(s)

2018-12-13 14:21:21 - [MESSAGE][PASSED] - Delayed 2 second(s)

2018-12-13 14:21:21 - [TEST_STEP][PASSED] - click: Object: 'Object Repository/Final Object Repo/New Registration - Registration Module Pages/Form 2/EmploymentStartDate Pop Up' is clicked on

2018-12-13 14:21:21 - [MESSAGE][PASSED] - Object: 'Object Repository/Final Object Repo/New Registration - Registration Module Pages/Form 2/EmploymentStartDate Pop Up' is clicked on

2018-12-13 14:21:21 - [TEST_STEP][PASSED] - delay: Delayed 2 second(s)

2018-12-13 14:21:23 - [MESSAGE][PASSED] - Delayed 2 second(s)

2018-12-13 14:21:23 - [TEST_STEP][PASSED] - click: Object: 'Object Repository/Final Object Repo/New Registration - Registration Module Pages/Form 2/Socso Employment StartDate Month' is clicked on

2018-12-13 14:21:23 - [MESSAGE][PASSED] - Object: 'Object Repository/Final Object Repo/New Registration - Registration Module Pages/Form 2/Socso Employment StartDate Month' is clicked on

2018-12-13 14:21:23 - [TEST_STEP][PASSED] - delay: Delayed 1 second(s)

2018-12-13 14:21:24 - [MESSAGE][PASSED] - Delayed 1 second(s)

2018-12-13 14:21:24 - [TEST_STEP][PASSED] - click: Object: 'Object Repository/Final Object Repo/New Registration - Registration Module Pages/Form 2/Select Socso Employement Startdate Month' is clicked on

2018-12-13 14:21:24 - [MESSAGE][PASSED] - Object: 'Object Repository/Final Object Repo/New Registration - Registration Module Pages/Form 2/Select Socso Employement Startdate Month' is clicked on

2018-12-13 14:21:24 - [TEST_STEP][PASSED] - delay: Delayed 2 second(s)

2018-12-13 14:21:26 - [MESSAGE][PASSED] - Delayed 2 second(s)

2018-12-13 14:21:26 - [TEST_STEP][PASSED] - click: Object: 'Object Repository/Final Object Repo/New Registration - Registration Module Pages/Form 2/Socso Employment StartDate Year' is clicked on

2018-12-13 14:21:26 - [MESSAGE][PASSED] - Object: 'Object Repository/Final Object Repo/New Registration - Registration Module Pages/Form 2/Socso Employment StartDate Year' is clicked on

2018-12-13 14:21:26 - [TEST_STEP][PASSED] - delay: Delayed 1 second(s)

2018-12-13 14:21:27 - [MESSAGE][PASSED] - Delayed 1 second(s)

2018-12-13 14:21:27 - [TEST_STEP][PASSED] - click: Object: 'Object Repository/Final Object Repo/New Registration - Registration Module Pages/Form 2/Select Socso Employment Startdate Year' is clicked on

2018-12-13 14:21:28 - [MESSAGE][PASSED] - Object: 'Object Repository/Final Object Repo/New Registration - Registration Module Pages/Form 2/Select Socso Employment Startdate Year' is clicked on

2018-12-13 14:21:28 - [TEST_STEP][PASSED] - delay: Delayed 2 second(s)

2018-12-13 14:21:30 - [MESSAGE][PASSED] - Delayed 2 second(s)

2018-12-13 14:21:30 - [TEST_STEP][PASSED] - click: Object: 'Object Repository/Final Object Repo/New Registration - Registration Module Pages/Form 2/Socso Employment Start Date Day' is clicked on

2018-12-13 14:21:30 - [MESSAGE][PASSED] - Object: 'Object Repository/Final Object Repo/New Registration - Registration Module Pages/Form 2/Socso Employment Start Date Day' is clicked on

2018-12-13 14:21:30 - [TEST_STEP][PASSED] - delay: Delayed 2 second(s)

2018-12-13 14:21:32 - [MESSAGE][PASSED] - Delayed 2 second(s)

2018-12-13 14:21:32 - [TEST_STEP][PASSED] - click: Object: 'Object Repository/Final Object Repo/New Registration - Registration Module Pages/Form 2/Save Button for Add Employee' is clicked on

2018-12-13 14:21:32 - [MESSAGE][PASSED] - Object: 'Object Repository/Final Object Repo/New Registration - Registration Module Pages/Form 2/Save Button for Add Employee' is clicked on

2018-12-13 14:21:32 - [TEST_STEP][PASSED] - delay: Delayed 6 second(s)

2018-12-13 14:21:38 - [MESSAGE][PASSED] - Delayed 6 second(s)

2018-12-13 14:21:38 - [TEST_STEP][PASSED] - click: Object: 'Object Repository/Final Object Repo/New Registration - Registration Module Pages/Form 2/Incomplete Checkbox' is clicked on

2018-12-13 14:21:38 - [MESSAGE][PASSED] - Object: 'Object Repository/Final Object Repo/New Registration - Registration Module Pages/Form 2/Incomplete Checkbox' is clicked on

2018-12-13 14:21:38 - [TEST_STEP][PASSED] - delay: Delayed 2 second(s)

2018-12-13 14:21:40 - [MESSAGE][PASSED] - Delayed 2 second(s)

2018-12-13 14:21:40 - [TEST_STEP][PASSED] - click: Object: 'Object Repository/Final Object Repo/New Registration - Registration Module Pages/Form 2/Save and Continue Form 2' is clicked on

2018-12-13 14:21:40 - [MESSAGE][PASSED] - Object: 'Object Repository/Final Object Repo/New Registration - Registration Module Pages/Form 2/Save and Continue Form 2' is clicked on

2018-12-13 14:21:40 - [MESSAGE][PASSED] - Call Test Case 'Test Cases/Final Aug 2018 - PKS Automation/Registration Module/New Registration/Form 2/Add 1 Eligible - Incomplete' successfully

2018-12-13 14:21:40 - [TEST_STEP][PASSED] - delay: Delayed 4 second(s)

2018-12-13 14:21:44 - [MESSAGE][PASSED] - Delayed 4 second(s)

2018-12-13 14:21:44 - [TEST_STEP][PASSED] - callTestCase: Call Test Case 'Test Cases/Final Aug 2018 - PKS Automation/Registration Module/New Registration/Flow of New Registration/Third Screen - Upload Supporting Doc - Preview' successfully

2018-12-13 14:21:44 - [TEST_CASE][PASSED] - Test Cases/Final Aug 2018 - PKS Automation/Registration Module/New Registration/Flow of New Registration/Third Screen - Upload Supporting Doc - Preview: Test Cases/Final Aug 2018 - PKS Automation/Registration Module/New Registration/Flow of New Registration/Third Screen - Upload Supporting Doc - Preview

2018-12-13 14:21:44 - [TEST_STEP][PASSED] - waitForPageLoad: Wait for page load successfully

2018-12-13 14:21:44 - [MESSAGE][PASSED] - Wait for page load successfully

2018-12-13 14:21:44 - [TEST_STEP][PASSED] - Statement - CaseReferenceNo = com.kms.katalon.core.webui.keyword.WebUiBuiltInKeywords.getText(com.kms.katalon.core.testobject.ObjectRepository.findTestObject(Final Object Repo/New Registration - Registration Module Pages/Third Screen - Upload Supporting Doc- Preview/RefNo Acquiring)): Text of object 'Object Repository/Final Object Repo/New Registration - Registration Module Pages/Third Screen - Upload Supporting Doc- Preview/RefNo Acquiring' is: 'CRN12201800123281'

2018-12-13 14:21:45 - [MESSAGE][PASSED] - Text of object 'Object Repository/Final Object Repo/New Registration - Registration Module Pages/Third Screen - Upload Supporting Doc- Preview/RefNo Acquiring' is: 'CRN12201800123281'

2018-12-13 14:21:45 - [TEST_STEP][PASSED] - delay: Delayed 2 second(s)

2018-12-13 14:21:47 - [MESSAGE][PASSED] - Delayed 2 second(s)

2018-12-13 14:21:47 - [TEST_STEP][PASSED] - callTestCase: Call Test Case 'Test Cases/Final Aug 2018 - PKS Automation/Common/Reference Number Setter' successfully

2018-12-13 14:21:47 - [TEST_CASE][PASSED] - Test Cases/Final Aug 2018 - PKS Automation/Common/Reference Number Setter: Test Cases/Final Aug 2018 - PKS Automation/Common/Reference Number Setter

2018-12-13 14:21:47 - [TEST_STEP][PASSED] - Statement - RefNoOldFile = new java.io.File(C://Users//Admin//Desktop//PKS//Automation Reference Point//KatalonReference.txt): null

2018-12-13 14:21:47 - [TEST_STEP][PASSED] - Statement - RefNoOldFile.delete(): null

2018-12-13 14:21:47 - [TEST_STEP][PASSED] - delay: Delayed 5 second(s)

2018-12-13 14:21:52 - [MESSAGE][PASSED] - Delayed 5 second(s)

2018-12-13 14:21:52 - [TEST_STEP][PASSED] - Statement - RefNo = new java.io.File(C://Users//Admin//Desktop//PKS//Automation Reference Point//KatalonReference.txt): null

2018-12-13 14:21:52 - [TEST_STEP][PASSED] - Statement - f2 = new java.io.FileWriter(RefNo, false): null

2018-12-13 14:21:52 - [TEST_STEP][PASSED] - Statement - f2.write(CaseReferenceNo): null

2018-12-13 14:21:52 - [TEST_STEP][PASSED] - Statement - f2.close(): null

2018-12-13 14:21:52 - [TEST_STEP][PASSED] - Statement - out.println("


" + CaseReferenceNo + "


"): null

2018-12-13 14:21:52 - [MESSAGE][PASSED] - Call Test Case 'Test Cases/Final Aug 2018 - PKS Automation/Common/Reference Number Setter' successfully

2018-12-13 14:21:52 - [TEST_STEP][PASSED] - waitForElementClickable: Object 'Object Repository/Final Object Repo/New Registration - Registration Module Pages/Third Screen - Upload Supporting Doc- Preview/Save n Continue in SIP Employee Listing Page' is clickable

2018-12-13 14:21:52 - [MESSAGE][PASSED] - Object 'Object Repository/Final Object Repo/New Registration - Registration Module Pages/Third Screen - Upload Supporting Doc- Preview/Save n Continue in SIP Employee Listing Page' is clickable

2018-12-13 14:21:52 - [TEST_STEP][PASSED] - click: Object: 'Object Repository/Final Object Repo/New Registration - Registration Module Pages/Third Screen - Upload Supporting Doc- Preview/Save n Continue in SIP Employee Listing Page' is clicked on

2018-12-13 14:21:57 - [MESSAGE][PASSED] - Object: 'Object Repository/Final Object Repo/New Registration - Registration Module Pages/Third Screen - Upload Supporting Doc- Preview/Save n Continue in SIP Employee Listing Page' is clicked on

2018-12-13 14:21:57 - [TEST_STEP][PASSED] - delay: Delayed 7 second(s)

2018-12-13 14:22:04 - [MESSAGE][PASSED] - Delayed 7 second(s)

2018-12-13 14:22:04 - [TEST_STEP][PASSED] - click: Object: 'Object Repository/Final Object Repo/New Registration - Registration Module Pages/Third Screen - Upload Supporting Doc- Preview/Add Document Button' is clicked on

2018-12-13 14:22:04 - [MESSAGE][PASSED] - Object: 'Object Repository/Final Object Repo/New Registration - Registration Module Pages/Third Screen - Upload Supporting Doc- Preview/Add Document Button' is clicked on

2018-12-13 14:22:04 - [TEST_STEP][PASSED] - delay: Delayed 30 second(s)

2018-12-13 14:22:34 - [MESSAGE][PASSED] - Delayed 30 second(s)

2018-12-13 14:22:34 - [TEST_STEP][PASSED] - click: Object: 'Object Repository/Final Object Repo/New Registration - Registration Module Pages/Third Screen - Upload Supporting Doc- Preview/Supporting Doc Please Select Drop Down' is clicked on

2018-12-13 14:22:34 - [MESSAGE][PASSED] - Object: 'Object Repository/Final Object Repo/New Registration - Registration Module Pages/Third Screen - Upload Supporting Doc- Preview/Supporting Doc Please Select Drop Down' is clicked on

2018-12-13 14:22:34 - [TEST_STEP][PASSED] - delay: Delayed 2 second(s)

2018-12-13 14:22:36 - [MESSAGE][PASSED] - Delayed 2 second(s)

2018-12-13 14:22:36 - [TEST_STEP][PASSED] - click: Object: 'Object Repository/Final Object Repo/New Registration - Registration Module Pages/Third Screen - Upload Supporting Doc- Preview/Select to Upload Form 1' is clicked on

2018-12-13 14:22:37 - [MESSAGE][PASSED] - Object: 'Object Repository/Final Object Repo/New Registration - Registration Module Pages/Third Screen - Upload Supporting Doc- Preview/Select to Upload Form 1' is clicked on

2018-12-13 14:22:37 - [TEST_STEP][PASSED] - delay: Delayed 2 second(s)

2018-12-13 14:22:39 - [MESSAGE][PASSED] - Delayed 2 second(s)

2018-12-13 14:22:39 - [TEST_STEP][PASSED] - uploadFile: File 'C:\Users\Public\Pictures\Sample Pictures\Koala.jpg' sent to object: 'Object Repository/Final Object Repo/New Registration - Registration Module Pages/Third Screen - Upload Supporting Doc- Preview/Upload File Adding'

2018-12-13 14:22:39 - [MESSAGE][PASSED] - File 'C:\Users\Public\Pictures\Sample Pictures\Koala.jpg' sent to object: 'Object Repository/Final Object Repo/New Registration - Registration Module Pages/Third Screen - Upload Supporting Doc- Preview/Upload File Adding'

2018-12-13 14:22:39 - [TEST_STEP][PASSED] - delay: Delayed 5 second(s)

2018-12-13 14:22:44 - [MESSAGE][PASSED] - Delayed 5 second(s)

2018-12-13 14:22:44 - [TEST_STEP][PASSED] - click: Object: 'Object Repository/Final Object Repo/New Registration - Registration Module Pages/Third Screen - Upload Supporting Doc- Preview/Inner Form Add Document Button' is clicked on

2018-12-13 14:22:44 - [MESSAGE][PASSED] - Object: 'Object Repository/Final Object Repo/New Registration - Registration Module Pages/Third Screen - Upload Supporting Doc- Preview/Inner Form Add Document Button' is clicked on

2018-12-13 14:22:44 - [TEST_STEP][PASSED] - delay: Delayed 3 second(s)

2018-12-13 14:22:47 - [MESSAGE][PASSED] - Delayed 3 second(s)

2018-12-13 14:22:47 - [TEST_STEP][PASSED] - click: Object: 'Object Repository/Final Object Repo/New Registration - Registration Module Pages/Third Screen - Upload Supporting Doc- Preview/Add Document Button' is clicked on

2018-12-13 14:22:48 - [MESSAGE][PASSED] - Object: 'Object Repository/Final Object Repo/New Registration - Registration Module Pages/Third Screen - Upload Supporting Doc- Preview/Add Document Button' is clicked on

2018-12-13 14:22:48 - [TEST_STEP][PASSED] - delay: Delayed 30 second(s)

2018-12-13 14:23:18 - [MESSAGE][PASSED] - Delayed 30 second(s)

2018-12-13 14:23:18 - [TEST_STEP][PASSED] - click: Object: 'Object Repository/Final Object Repo/New Registration - Registration Module Pages/Third Screen - Upload Supporting Doc- Preview/Supporting Doc Please Select Drop Down' is clicked on

2018-12-13 14:23:18 - [MESSAGE][PASSED] - Object: 'Object Repository/Final Object Repo/New Registration - Registration Module Pages/Third Screen - Upload Supporting Doc- Preview/Supporting Doc Please Select Drop Down' is clicked on

2018-12-13 14:23:18 - [TEST_STEP][PASSED] - delay: Delayed 4 second(s)

2018-12-13 14:23:22 - [MESSAGE][PASSED] - Delayed 4 second(s)

2018-12-13 14:23:22 - [TEST_STEP][PASSED] - click: Object: 'Object Repository/Final Object Repo/New Registration - Registration Module Pages/Third Screen - Upload Supporting Doc- Preview/Select to Upload Form 2' is clicked on

2018-12-13 14:23:23 - [MESSAGE][PASSED] - Object: 'Object Repository/Final Object Repo/New Registration - Registration Module Pages/Third Screen - Upload Supporting Doc- Preview/Select to Upload Form 2' is clicked on

2018-12-13 14:23:23 - [TEST_STEP][PASSED] - delay: Delayed 2 second(s)

2018-12-13 14:23:25 - [MESSAGE][PASSED] - Delayed 2 second(s)

2018-12-13 14:23:25 - [TEST_STEP][PASSED] - uploadFile: File 'C:\Users\Public\Pictures\Sample Pictures\Koala.jpg' sent to object: 'Object Repository/Final Object Repo/New Registration - Registration Module Pages/Third Screen - Upload Supporting Doc- Preview/Upload File Adding'

2018-12-13 14:23:25 - [MESSAGE][PASSED] - File 'C:\Users\Public\Pictures\Sample Pictures\Koala.jpg' sent to object: 'Object Repository/Final Object Repo/New Registration - Registration Module Pages/Third Screen - Upload Supporting Doc- Preview/Upload File Adding'

2018-12-13 14:23:25 - [TEST_STEP][PASSED] - click: Object: 'Object Repository/Final Object Repo/New Registration - Registration Module Pages/Third Screen - Upload Supporting Doc- Preview/Inner Form Add Document Button' is clicked on

2018-12-13 14:23:25 - [MESSAGE][PASSED] - Object: 'Object Repository/Final Object Repo/New Registration - Registration Module Pages/Third Screen - Upload Supporting Doc- Preview/Inner Form Add Document Button' is clicked on

2018-12-13 14:23:25 - [TEST_STEP][PASSED] - delay: Delayed 5 second(s)

2018-12-13 14:23:30 - [MESSAGE][PASSED] - Delayed 5 second(s)

2018-12-13 14:23:30 - [TEST_STEP][PASSED] - click: Object: 'Object Repository/Final Object Repo/New Registration - Registration Module Pages/Third Screen - Upload Supporting Doc- Preview/Add Document Button' is clicked on

2018-12-13 14:23:30 - [MESSAGE][PASSED] - Object: 'Object Repository/Final Object Repo/New Registration - Registration Module Pages/Third Screen - Upload Supporting Doc- Preview/Add Document Button' is clicked on

2018-12-13 14:23:30 - [TEST_STEP][PASSED] - delay: Delayed 30 second(s)

2018-12-13 14:24:00 - [MESSAGE][PASSED] - Delayed 30 second(s)

2018-12-13 14:24:00 - [TEST_STEP][PASSED] - click: Object: 'Object Repository/Final Object Repo/New Registration - Registration Module Pages/Third Screen - Upload Supporting Doc- Preview/Supporting Doc Please Select Drop Down' is clicked on

2018-12-13 14:24:00 - [MESSAGE][PASSED] - Object: 'Object Repository/Final Object Repo/New Registration - Registration Module Pages/Third Screen - Upload Supporting Doc- Preview/Supporting Doc Please Select Drop Down' is clicked on

2018-12-13 14:24:00 - [TEST_STEP][PASSED] - click: Object: 'Object Repository/Final Object Repo/New Registration - Registration Module Pages/Third Screen - Upload Supporting Doc- Preview/Select to Upload Borang SIP 1' is clicked on

2018-12-13 14:24:00 - [MESSAGE][PASSED] - Object: 'Object Repository/Final Object Repo/New Registration - Registration Module Pages/Third Screen - Upload Supporting Doc- Preview/Select to Upload Borang SIP 1' is clicked on

2018-12-13 14:24:00 - [TEST_STEP][PASSED] - delay: Delayed 2 second(s)

2018-12-13 14:24:02 - [MESSAGE][PASSED] - Delayed 2 second(s)

2018-12-13 14:24:02 - [TEST_STEP][PASSED] - uploadFile: File 'C:\Users\Public\Pictures\Sample Pictures\Koala.jpg' sent to object: 'Object Repository/Final Object Repo/New Registration - Registration Module Pages/Third Screen - Upload Supporting Doc- Preview/Upload File Adding'

2018-12-13 14:24:03 - [MESSAGE][PASSED] - File 'C:\Users\Public\Pictures\Sample Pictures\Koala.jpg' sent to object: 'Object Repository/Final Object Repo/New Registration - Registration Module Pages/Third Screen - Upload Supporting Doc- Preview/Upload File Adding'

2018-12-13 14:24:03 - [TEST_STEP][PASSED] - click: Object: 'Object Repository/Final Object Repo/New Registration - Registration Module Pages/Third Screen - Upload Supporting Doc- Preview/Inner Form Add Document Button' is clicked on

2018-12-13 14:24:03 - [MESSAGE][PASSED] - Object: 'Object Repository/Final Object Repo/New Registration - Registration Module Pages/Third Screen - Upload Supporting Doc- Preview/Inner Form Add Document Button' is clicked on

2018-12-13 14:24:03 - [TEST_STEP][PASSED] - delay: Delayed 5 second(s)

2018-12-13 14:24:08 - [MESSAGE][PASSED] - Delayed 5 second(s)

2018-12-13 14:24:08 - [TEST_STEP][PASSED] - click: Object: 'Object Repository/Final Object Repo/New Registration - Registration Module Pages/Third Screen - Upload Supporting Doc- Preview/Add Document Button' is clicked on

2018-12-13 14:24:08 - [MESSAGE][PASSED] - Object: 'Object Repository/Final Object Repo/New Registration - Registration Module Pages/Third Screen - Upload Supporting Doc- Preview/Add Document Button' is clicked on

2018-12-13 14:24:08 - [TEST_STEP][PASSED] - delay: Delayed 30 second(s)

2018-12-13 14:24:38 - [MESSAGE][PASSED] - Delayed 30 second(s)

2018-12-13 14:24:38 - [TEST_STEP][PASSED] - click: Object: 'Object Repository/Final Object Repo/New Registration - Registration Module Pages/Third Screen - Upload Supporting Doc- Preview/Supporting Doc Please Select Drop Down' is clicked on

2018-12-13 14:24:38 - [MESSAGE][PASSED] - Object: 'Object Repository/Final Object Repo/New Registration - Registration Module Pages/Third Screen - Upload Supporting Doc- Preview/Supporting Doc Please Select Drop Down' is clicked on

2018-12-13 14:24:38 - [TEST_STEP][PASSED] - delay: Delayed 3 second(s)

2018-12-13 14:24:41 - [MESSAGE][PASSED] - Delayed 3 second(s)

2018-12-13 14:24:41 - [TEST_STEP][PASSED] - click: Object: 'Object Repository/Final Object Repo/New Registration - Registration Module Pages/Third Screen - Upload Supporting Doc- Preview/Select to Upload Borang SIP 2' is clicked on

2018-12-13 14:24:41 - [MESSAGE][PASSED] - Object: 'Object Repository/Final Object Repo/New Registration - Registration Module Pages/Third Screen - Upload Supporting Doc- Preview/Select to Upload Borang SIP 2' is clicked on

2018-12-13 14:24:41 - [TEST_STEP][PASSED] - delay: Delayed 2 second(s)

2018-12-13 14:24:43 - [MESSAGE][PASSED] - Delayed 2 second(s)

2018-12-13 14:24:43 - [TEST_STEP][PASSED] - uploadFile: File 'C:\Users\Public\Pictures\Sample Pictures\Koala.jpg' sent to object: 'Object Repository/Final Object Repo/New Registration - Registration Module Pages/Third Screen - Upload Supporting Doc- Preview/Upload File Adding'

2018-12-13 14:24:43 - [MESSAGE][PASSED] - File 'C:\Users\Public\Pictures\Sample Pictures\Koala.jpg' sent to object: 'Object Repository/Final Object Repo/New Registration - Registration Module Pages/Third Screen - Upload Supporting Doc- Preview/Upload File Adding'

2018-12-13 14:24:43 - [TEST_STEP][PASSED] - delay: Delayed 5 second(s)

2018-12-13 14:24:48 - [MESSAGE][PASSED] - Delayed 5 second(s)

2018-12-13 14:24:48 - [TEST_STEP][PASSED] - click: Object: 'Object Repository/Final Object Repo/New Registration - Registration Module Pages/Third Screen - Upload Supporting Doc- Preview/Inner Form Add Document Button' is clicked on

2018-12-13 14:24:49 - [MESSAGE][PASSED] - Object: 'Object Repository/Final Object Repo/New Registration - Registration Module Pages/Third Screen - Upload Supporting Doc- Preview/Inner Form Add Document Button' is clicked on

2018-12-13 14:24:49 - [TEST_STEP][PASSED] - delay: Delayed 3 second(s)

2018-12-13 14:24:52 - [MESSAGE][PASSED] - Delayed 3 second(s)

2018-12-13 14:24:52 - [TEST_STEP][PASSED] - waitForElementClickable: Object 'Object Repository/Final Object Repo/New Registration - Registration Module Pages/Third Screen - Upload Supporting Doc- Preview/Save n Continue in Uploading Supporting Doc Page' is clickable

2018-12-13 14:24:53 - [MESSAGE][PASSED] - Object 'Object Repository/Final Object Repo/New Registration - Registration Module Pages/Third Screen - Upload Supporting Doc- Preview/Save n Continue in Uploading Supporting Doc Page' is clickable

2018-12-13 14:24:53 - [TEST_STEP][PASSED] - click: Object: 'Object Repository/Final Object Repo/New Registration - Registration Module Pages/Third Screen - Upload Supporting Doc- Preview/Save n Continue in Uploading Supporting Doc Page' is clicked on

2018-12-13 14:24:53 - [MESSAGE][PASSED] - Object: 'Object Repository/Final Object Repo/New Registration - Registration Module Pages/Third Screen - Upload Supporting Doc- Preview/Save n Continue in Uploading Supporting Doc Page' is clicked on

2018-12-13 14:24:53 - [MESSAGE][PASSED] - Call Test Case 'Test Cases/Final Aug 2018 - PKS Automation/Registration Module/New Registration/Flow of New Registration/Third Screen - Upload Supporting Doc - Preview' successfully

2018-12-13 14:24:53 - [TEST_STEP][PASSED] - callTestCase: Call Test Case 'Test Cases/Final Aug 2018 - PKS Automation/Registration Module/New Registration/Submit and Screenshot/Submit Registration and Screenshot' successfully

2018-12-13 14:24:53 - [TEST_CASE][PASSED] - Test Cases/Final Aug 2018 - PKS Automation/Registration Module/New Registration/Submit and Screenshot/Submit Registration and Screenshot: Test Cases/Final Aug 2018 - PKS Automation/Registration Module/New Registration/Submit and Screenshot/Submit Registration and Screenshot

2018-12-13 14:24:53 - [TEST_STEP][PASSED] - delay: Delayed 6 second(s)

2018-12-13 14:24:59 - [MESSAGE][PASSED] - Delayed 6 second(s)

2018-12-13 14:24:59 - [TEST_STEP][PASSED] - click: Object: 'Object Repository/Final Object Repo/New Registration - Registration Module Pages/Third Screen - Upload Supporting Doc- Preview/Preview Submit Button' is clicked on

2018-12-13 14:24:59 - [MESSAGE][PASSED] - Object: 'Object Repository/Final Object Repo/New Registration - Registration Module Pages/Third Screen - Upload Supporting Doc- Preview/Preview Submit Button' is clicked on

2018-12-13 14:24:59 - [TEST_STEP][PASSED] - delay: Delayed 2 second(s)

2018-12-13 14:25:01 - [MESSAGE][PASSED] - Delayed 2 second(s)

2018-12-13 14:25:01 - [TEST_STEP][PASSED] - click: Object: 'Object Repository/Final Object Repo/New Registration - Registration Module Pages/Third Screen - Upload Supporting Doc- Preview/Preview Submit - Confirm' is clicked on

2018-12-13 14:25:01 - [MESSAGE][PASSED] - Object: 'Object Repository/Final Object Repo/New Registration - Registration Module Pages/Third Screen - Upload Supporting Doc- Preview/Preview Submit - Confirm' is clicked on

2018-12-13 14:25:01 - [TEST_STEP][PASSED] - delay: Delayed 15 second(s)

2018-12-13 14:25:16 - [MESSAGE][PASSED] - Delayed 15 second(s)

2018-12-13 14:25:16 - [TEST_STEP][PASSED] - Statement - driver = com.kms.katalon.core.webui.driver.DriverFactory.getWebDriver(): null

2018-12-13 14:25:16 - [TEST_STEP][PASSED] - Statement - driver.manage().timeouts().implicitlyWait(10, SECONDS): null

2018-12-13 14:25:16 - [TEST_STEP][PASSED] - Statement - PresavePath = KatalonScreenshots: null

2018-12-13 14:25:16 - [TEST_STEP][PASSED] - Statement - pathPrefix = "C:\Users\Public\Pictures\Sample Pictures\Katalon Screenshots\Automate Ending Screen": null

2018-12-13 14:25:16 - [TEST_STEP][PASSED] - Statement - finalPath = <not implemented yet for class: org.codehaus.groovy.ast.expr.EmptyExpression>: null

2018-12-13 14:25:16 - [TEST_STEP][PASSED] - Statement - scrFile = driver.getScreenshotAs(FILE): null

2018-12-13 14:25:17 - [TEST_STEP][PASSED] - Statement - PreSaveFile = new java.io.File(PresavePath): null

2018-12-13 14:25:17 - [TEST_STEP][PASSED] - Statement - counter = 0: null

2018-12-13 14:25:17 - [TEST_STEP][PASSED] - Statement - If (PreSaveFile.exists()): null

2018-12-13 14:25:17 - [TEST_STEP][PASSED] - Statement - While (PreSaveFile.exists()): null

2018-12-13 14:25:17 - [TEST_STEP][PASSED] - Statement - counter = counter + 1: null

2018-12-13 14:25:17 - [TEST_STEP][PASSED] - Statement - PreSaveFile = new java.io.File(((pathPrefix + java.lang.Integer.toString(counter)) + .png)): null

2018-12-13 14:25:17 - [TEST_STEP][PASSED] - Statement - counter = counter + 1: null

2018-12-13 14:25:17 - [TEST_STEP][PASSED] - Statement - PreSaveFile = new java.io.File(((pathPrefix + java.lang.Integer.toString(counter)) + .png)): null

2018-12-13 14:25:17 - [TEST_STEP][PASSED] - Statement - counter = counter + 1: null

2018-12-13 14:25:17 - [TEST_STEP][PASSED] - Statement - PreSaveFile = new java.io.File(((pathPrefix + java.lang.Integer.toString(counter)) + .png)): null

2018-12-13 14:25:17 - [TEST_STEP][PASSED] - Statement - counter = counter + 1: null

2018-12-13 14:25:17 - [TEST_STEP][PASSED] - Statement - PreSaveFile = new java.io.File(((pathPrefix + java.lang.Integer.toString(counter)) + .png)): null

2018-12-13 14:25:17 - [TEST_STEP][PASSED] - Statement - counter = counter + 1: null

2018-12-13 14:25:17 - [TEST_STEP][PASSED] - Statement - PreSaveFile = new java.io.File(((pathPrefix + java.lang.Integer.toString(counter)) + .png)): null

2018-12-13 14:25:17 - [TEST_STEP][PASSED] - Statement - counter = counter + 1: null

2018-12-13 14:25:17 - [TEST_STEP][PASSED] - Statement - PreSaveFile = new java.io.File(((pathPrefix + java.lang.Integer.toString(counter)) + .png)): null

2018-12-13 14:25:17 - [TEST_STEP][PASSED] - Statement - counter = counter + 1: null

2018-12-13 14:25:17 - [TEST_STEP][PASSED] - Statement - PreSaveFile = new java.io.File(((pathPrefix + java.lang.Integer.toString(counter)) + .png)): null

2018-12-13 14:25:17 - [TEST_STEP][PASSED] - Statement - counter = counter + 1: null

2018-12-13 14:25:17 - [TEST_STEP][PASSED] - Statement - PreSaveFile = new java.io.File(((pathPrefix + java.lang.Integer.toString(counter)) + .png)): null

2018-12-13 14:25:17 - [TEST_STEP][PASSED] - Statement - counter = counter + 1: null

2018-12-13 14:25:17 - [TEST_STEP][PASSED] - Statement - PreSaveFile = new java.io.File(((pathPrefix + java.lang.Integer.toString(counter)) + .png)): null

2018-12-13 14:25:17 - [TEST_STEP][PASSED] - Statement - counter = counter + 1: null

2018-12-13 14:25:17 - [TEST_STEP][PASSED] - Statement - PreSaveFile = new java.io.File(((pathPrefix + java.lang.Integer.toString(counter)) + .png)): null

2018-12-13 14:25:17 - [TEST_STEP][PASSED] - Statement - counter = counter + 1: null

2018-12-13 14:25:17 - [TEST_STEP][PASSED] - Statement - PreSaveFile = new java.io.File(((pathPrefix + java.lang.Integer.toString(counter)) + .png)): null

2018-12-13 14:25:17 - [TEST_STEP][PASSED] - Statement - counter = counter + 1: null

2018-12-13 14:25:17 - [TEST_STEP][PASSED] - Statement - PreSaveFile = new java.io.File(((pathPrefix + java.lang.Integer.toString(counter)) + .png)): null

2018-12-13 14:25:17 - [TEST_STEP][PASSED] - Statement - counter = counter + 1: null

2018-12-13 14:25:17 - [TEST_STEP][PASSED] - Statement - PreSaveFile = new java.io.File(((pathPrefix + java.lang.Integer.toString(counter)) + .png)): null

2018-12-13 14:25:17 - [TEST_STEP][PASSED] - Statement - counter = counter + 1: null

2018-12-13 14:25:17 - [TEST_STEP][PASSED] - Statement - PreSaveFile = new java.io.File(((pathPrefix + java.lang.Integer.toString(counter)) + .png)): null

2018-12-13 14:25:17 - [TEST_STEP][PASSED] - Statement - counter = counter + 1: null

2018-12-13 14:25:17 - [TEST_STEP][PASSED] - Statement - PreSaveFile = new java.io.File(((pathPrefix + java.lang.Integer.toString(counter)) + .png)): null

2018-12-13 14:25:17 - [TEST_STEP][PASSED] - Statement - counter = counter + 1: null

2018-12-13 14:25:17 - [TEST_STEP][PASSED] - Statement - PreSaveFile = new java.io.File(((pathPrefix + java.lang.Integer.toString(counter)) + .png)): null

2018-12-13 14:25:17 - [TEST_STEP][PASSED] - Statement - counter = counter + 1: null

2018-12-13 14:25:17 - [TEST_STEP][PASSED] - Statement - PreSaveFile = new java.io.File(((pathPrefix + java.lang.Integer.toString(counter)) + .png)): null

2018-12-13 14:25:17 - [TEST_STEP][PASSED] - Statement - counter = counter + 1: null

2018-12-13 14:25:17 - [TEST_STEP][PASSED] - Statement - PreSaveFile = new java.io.File(((pathPrefix + java.lang.Integer.toString(counter)) + .png)): null

2018-12-13 14:25:17 - [TEST_STEP][PASSED] - Statement - counter = counter + 1: null

2018-12-13 14:25:17 - [TEST_STEP][PASSED] - Statement - PreSaveFile = new java.io.File(((pathPrefix + java.lang.Integer.toString(counter)) + .png)): null

2018-12-13 14:25:17 - [TEST_STEP][PASSED] - Statement - counter = counter + 1: null

2018-12-13 14:25:17 - [TEST_STEP][PASSED] - Statement - PreSaveFile = new java.io.File(((pathPrefix + java.lang.Integer.toString(counter)) + .png)): null

2018-12-13 14:25:17 - [TEST_STEP][PASSED] - Statement - counter = counter + 1: null

2018-12-13 14:25:17 - [TEST_STEP][PASSED] - Statement - PreSaveFile = new java.io.File(((pathPrefix + java.lang.Integer.toString(counter)) + .png)): null

2018-12-13 14:25:17 - [TEST_STEP][PASSED] - Statement - counter = counter + 1: null

2018-12-13 14:25:17 - [TEST_STEP][PASSED] - Statement - PreSaveFile = new java.io.File(((pathPrefix + java.lang.Integer.toString(counter)) + .png)): null

2018-12-13 14:25:17 - [TEST_STEP][PASSED] - Statement - counter = counter + 1: null

2018-12-13 14:25:17 - [TEST_STEP][PASSED] - Statement - PreSaveFile = new java.io.File(((pathPrefix + java.lang.Integer.toString(counter)) + .png)): null

2018-12-13 14:25:17 - [TEST_STEP][PASSED] - Statement - counter = counter + 1: null

2018-12-13 14:25:17 - [TEST_STEP][PASSED] - Statement - PreSaveFile = new java.io.File(((pathPrefix + java.lang.Integer.toString(counter)) + .png)): null

2018-12-13 14:25:17 - [TEST_STEP][PASSED] - Statement - counter = counter + 1: null

2018-12-13 14:25:17 - [TEST_STEP][PASSED] - Statement - PreSaveFile = new java.io.File(((pathPrefix + java.lang.Integer.toString(counter)) + .png)): null

2018-12-13 14:25:17 - [TEST_STEP][PASSED] - Statement - counter = counter + 1: null

2018-12-13 14:25:17 - [TEST_STEP][PASSED] - Statement - PreSaveFile = new java.io.File(((pathPrefix + java.lang.Integer.toString(counter)) + .png)): null

2018-12-13 14:25:17 - [TEST_STEP][PASSED] - Statement - counter = counter + 1: null

2018-12-13 14:25:17 - [TEST_STEP][PASSED] - Statement - PreSaveFile = new java.io.File(((pathPrefix + java.lang.Integer.toString(counter)) + .png)): null

2018-12-13 14:25:17 - [TEST_STEP][PASSED] - Statement - counter = counter + 1: null

2018-12-13 14:25:17 - [TEST_STEP][PASSED] - Statement - PreSaveFile = new java.io.File(((pathPrefix + java.lang.Integer.toString(counter)) + .png)): null

2018-12-13 14:25:17 - [TEST_STEP][PASSED] - Statement - counter = counter + 1: null

2018-12-13 14:25:17 - [TEST_STEP][PASSED] - Statement - PreSaveFile = new java.io.File(((pathPrefix + java.lang.Integer.toString(counter)) + .png)): null

2018-12-13 14:25:17 - [TEST_STEP][PASSED] - Statement - counter = counter + 1: null

2018-12-13 14:25:17 - [TEST_STEP][PASSED] - Statement - PreSaveFile = new java.io.File(((pathPrefix + java.lang.Integer.toString(counter)) + .png)): null

2018-12-13 14:25:17 - [TEST_STEP][PASSED] - Statement - counter = counter + 1: null

2018-12-13 14:25:17 - [TEST_STEP][PASSED] - Statement - PreSaveFile = new java.io.File(((pathPrefix + java.lang.Integer.toString(counter)) + .png)): null

2018-12-13 14:25:17 - [TEST_STEP][PASSED] - Statement - counter = counter + 1: null

2018-12-13 14:25:17 - [TEST_STEP][PASSED] - Statement - PreSaveFile = new java.io.File(((pathPrefix + java.lang.Integer.toString(counter)) + .png)): null

2018-12-13 14:25:17 - [TEST_STEP][PASSED] - Statement - counter = counter + 1: null

2018-12-13 14:25:17 - [TEST_STEP][PASSED] - Statement - PreSaveFile = new java.io.File(((pathPrefix + java.lang.Integer.toString(counter)) + .png)): null

2018-12-13 14:25:17 - [TEST_STEP][PASSED] - Statement - counter = counter + 1: null

2018-12-13 14:25:17 - [TEST_STEP][PASSED] - Statement - PreSaveFile = new java.io.File(((pathPrefix + java.lang.Integer.toString(counter)) + .png)): null

2018-12-13 14:25:17 - [TEST_STEP][PASSED] - Statement - counter = counter + 1: null

2018-12-13 14:25:17 - [TEST_STEP][PASSED] - Statement - PreSaveFile = new java.io.File(((pathPrefix + java.lang.Integer.toString(counter)) + .png)): null

2018-12-13 14:25:17 - [TEST_STEP][PASSED] - Statement - counter = counter + 1: null

2018-12-13 14:25:17 - [TEST_STEP][PASSED] - Statement - PreSaveFile = new java.io.File(((pathPrefix + java.lang.Integer.toString(counter)) + .png)): null

2018-12-13 14:25:17 - [TEST_STEP][PASSED] - Statement - counter = counter + 1: null

2018-12-13 14:25:17 - [TEST_STEP][PASSED] - Statement - PreSaveFile = new java.io.File(((pathPrefix + java.lang.Integer.toString(counter)) + .png)): null

2018-12-13 14:25:17 - [TEST_STEP][PASSED] - Statement - counter = counter + 1: null

2018-12-13 14:25:17 - [TEST_STEP][PASSED] - Statement - PreSaveFile = new java.io.File(((pathPrefix + java.lang.Integer.toString(counter)) + .png)): null

2018-12-13 14:25:17 - [TEST_STEP][PASSED] - Statement - counter = counter + 1: null

2018-12-13 14:25:17 - [TEST_STEP][PASSED] - Statement - PreSaveFile = new java.io.File(((pathPrefix + java.lang.Integer.toString(counter)) + .png)): null

2018-12-13 14:25:17 - [TEST_STEP][PASSED] - Statement - counter = counter + 1: null

2018-12-13 14:25:17 - [TEST_STEP][PASSED] - Statement - PreSaveFile = new java.io.File(((pathPrefix + java.lang.Integer.toString(counter)) + .png)): null

2018-12-13 14:25:17 - [TEST_STEP][PASSED] - Statement - counter = counter + 1: null

2018-12-13 14:25:17 - [TEST_STEP][PASSED] - Statement - PreSaveFile = new java.io.File(((pathPrefix + java.lang.Integer.toString(counter)) + .png)): null

2018-12-13 14:25:17 - [TEST_STEP][PASSED] - Statement - counter = counter + 1: null

2018-12-13 14:25:17 - [TEST_STEP][PASSED] - Statement - PreSaveFile = new java.io.File(((pathPrefix + java.lang.Integer.toString(counter)) + .png)): null

2018-12-13 14:25:17 - [TEST_STEP][PASSED] - Statement - counter = counter + 1: null

2018-12-13 14:25:17 - [TEST_STEP][PASSED] - Statement - PreSaveFile = new java.io.File(((pathPrefix + java.lang.Integer.toString(counter)) + .png)): null

2018-12-13 14:25:17 - [TEST_STEP][PASSED] - Statement - counter = counter + 1: null

2018-12-13 14:25:17 - [TEST_STEP][PASSED] - Statement - PreSaveFile = new java.io.File(((pathPrefix + java.lang.Integer.toString(counter)) + .png)): null

2018-12-13 14:25:17 - [TEST_STEP][PASSED] - Statement - counter = counter + 1: null

2018-12-13 14:25:17 - [TEST_STEP][PASSED] - Statement - PreSaveFile = new java.io.File(((pathPrefix + java.lang.Integer.toString(counter)) + .png)): null

2018-12-13 14:25:17 - [TEST_STEP][PASSED] - Statement - counter = counter + 1: null

2018-12-13 14:25:17 - [TEST_STEP][PASSED] - Statement - PreSaveFile = new java.io.File(((pathPrefix + java.lang.Integer.toString(counter)) + .png)): null

2018-12-13 14:25:17 - [TEST_STEP][PASSED] - Statement - counter = counter + 1: null

2018-12-13 14:25:17 - [TEST_STEP][PASSED] - Statement - PreSaveFile = new java.io.File(((pathPrefix + java.lang.Integer.toString(counter)) + .png)): null

2018-12-13 14:25:17 - [TEST_STEP][PASSED] - Statement - counter = counter + 1: null

2018-12-13 14:25:17 - [TEST_STEP][PASSED] - Statement - PreSaveFile = new java.io.File(((pathPrefix + java.lang.Integer.toString(counter)) + .png)): null

2018-12-13 14:25:17 - [TEST_STEP][PASSED] - Statement - counter = counter + 1: null

2018-12-13 14:25:17 - [TEST_STEP][PASSED] - Statement - PreSaveFile = new java.io.File(((pathPrefix + java.lang.Integer.toString(counter)) + .png)): null

2018-12-13 14:25:17 - [TEST_STEP][PASSED] - Statement - counter = counter + 1: null

2018-12-13 14:25:17 - [TEST_STEP][PASSED] - Statement - PreSaveFile = new java.io.File(((pathPrefix + java.lang.Integer.toString(counter)) + .png)): null

2018-12-13 14:25:17 - [TEST_STEP][PASSED] - Statement - counter = counter + 1: null

2018-12-13 14:25:17 - [TEST_STEP][PASSED] - Statement - PreSaveFile = new java.io.File(((pathPrefix + java.lang.Integer.toString(counter)) + .png)): null

2018-12-13 14:25:17 - [TEST_STEP][PASSED] - Statement - counter = counter + 1: null

2018-12-13 14:25:17 - [TEST_STEP][PASSED] - Statement - PreSaveFile = new java.io.File(((pathPrefix + java.lang.Integer.toString(counter)) + .png)): null

2018-12-13 14:25:17 - [TEST_STEP][PASSED] - Statement - counter = counter + 1: null

2018-12-13 14:25:17 - [TEST_STEP][PASSED] - Statement - PreSaveFile = new java.io.File(((pathPrefix + java.lang.Integer.toString(counter)) + .png)): null

2018-12-13 14:25:17 - [TEST_STEP][PASSED] - Statement - counter = counter + 1: null

2018-12-13 14:25:17 - [TEST_STEP][PASSED] - Statement - PreSaveFile = new java.io.File(((pathPrefix + java.lang.Integer.toString(counter)) + .png)): null

2018-12-13 14:25:17 - [TEST_STEP][PASSED] - Statement - counter = counter + 1: null

2018-12-13 14:25:17 - [TEST_STEP][PASSED] - Statement - PreSaveFile = new java.io.File(((pathPrefix + java.lang.Integer.toString(counter)) + .png)): null

2018-12-13 14:25:17 - [TEST_STEP][PASSED] - Statement - counter = counter + 1: null

2018-12-13 14:25:17 - [TEST_STEP][PASSED] - Statement - PreSaveFile = new java.io.File(((pathPrefix + java.lang.Integer.toString(counter)) + .png)): null

2018-12-13 14:25:17 - [TEST_STEP][PASSED] - Statement - counter = counter + 1: null

2018-12-13 14:25:17 - [TEST_STEP][PASSED] - Statement - PreSaveFile = new java.io.File(((pathPrefix + java.lang.Integer.toString(counter)) + .png)): null

2018-12-13 14:25:17 - [TEST_STEP][PASSED] - Statement - counter = counter + 1: null

2018-12-13 14:25:17 - [TEST_STEP][PASSED] - Statement - PreSaveFile = new java.io.File(((pathPrefix + java.lang.Integer.toString(counter)) + .png)): null

2018-12-13 14:25:17 - [TEST_STEP][PASSED] - Statement - counter = counter + 1: null

2018-12-13 14:25:17 - [TEST_STEP][PASSED] - Statement - PreSaveFile = new java.io.File(((pathPrefix + java.lang.Integer.toString(counter)) + .png)): null

2018-12-13 14:25:17 - [TEST_STEP][PASSED] - Statement - counter = counter + 1: null

2018-12-13 14:25:17 - [TEST_STEP][PASSED] - Statement - PreSaveFile = new java.io.File(((pathPrefix + java.lang.Integer.toString(counter)) + .png)): null

2018-12-13 14:25:17 - [TEST_STEP][PASSED] - Statement - counter = counter + 1: null

2018-12-13 14:25:17 - [TEST_STEP][PASSED] - Statement - PreSaveFile = new java.io.File(((pathPrefix + java.lang.Integer.toString(counter)) + .png)): null

2018-12-13 14:25:17 - [TEST_STEP][PASSED] - Statement - counter = counter + 1: null

2018-12-13 14:25:17 - [TEST_STEP][PASSED] - Statement - PreSaveFile = new java.io.File(((pathPrefix + java.lang.Integer.toString(counter)) + .png)): null

2018-12-13 14:25:17 - [TEST_STEP][PASSED] - Statement - counter = counter + 1: null

2018-12-13 14:25:17 - [TEST_STEP][PASSED] - Statement - PreSaveFile = new java.io.File(((pathPrefix + java.lang.Integer.toString(counter)) + .png)): null

2018-12-13 14:25:17 - [TEST_STEP][PASSED] - Statement - counter = counter + 1: null

2018-12-13 14:25:17 - [TEST_STEP][PASSED] - Statement - PreSaveFile = new java.io.File(((pathPrefix + java.lang.Integer.toString(counter)) + .png)): null

2018-12-13 14:25:17 - [TEST_STEP][PASSED] - Statement - counter = counter + 1: null

2018-12-13 14:25:17 - [TEST_STEP][PASSED] - Statement - PreSaveFile = new java.io.File(((pathPrefix + java.lang.Integer.toString(counter)) + .png)): null

2018-12-13 14:25:17 - [TEST_STEP][PASSED] - Statement - counter = counter + 1: null

2018-12-13 14:25:17 - [TEST_STEP][PASSED] - Statement - PreSaveFile = new java.io.File(((pathPrefix + java.lang.Integer.toString(counter)) + .png)): null

2018-12-13 14:25:17 - [TEST_STEP][PASSED] - Statement - counter = counter + 1: null

2018-12-13 14:25:17 - [TEST_STEP][PASSED] - Statement - PreSaveFile = new java.io.File(((pathPrefix + java.lang.Integer.toString(counter)) + .png)): null

2018-12-13 14:25:17 - [TEST_STEP][PASSED] - Statement - counter = counter + 1: null

2018-12-13 14:25:17 - [TEST_STEP][PASSED] - Statement - PreSaveFile = new java.io.File(((pathPrefix + java.lang.Integer.toString(counter)) + .png)): null

2018-12-13 14:25:17 - [TEST_STEP][PASSED] - Statement - counter = counter + 1: null

2018-12-13 14:25:17 - [TEST_STEP][PASSED] - Statement - PreSaveFile = new java.io.File(((pathPrefix + java.lang.Integer.toString(counter)) + .png)): null

2018-12-13 14:25:17 - [TEST_STEP][PASSED] - Statement - counter = counter + 1: null

2018-12-13 14:25:17 - [TEST_STEP][PASSED] - Statement - PreSaveFile = new java.io.File(((pathPrefix + java.lang.Integer.toString(counter)) + .png)): null

2018-12-13 14:25:17 - [TEST_STEP][PASSED] - Statement - counter = counter + 1: null

2018-12-13 14:25:17 - [TEST_STEP][PASSED] - Statement - PreSaveFile = new java.io.File(((pathPrefix + java.lang.Integer.toString(counter)) + .png)): null

2018-12-13 14:25:17 - [TEST_STEP][PASSED] - Statement - counter = counter + 1: null

2018-12-13 14:25:17 - [TEST_STEP][PASSED] - Statement - PreSaveFile = new java.io.File(((pathPrefix + java.lang.Integer.toString(counter)) + .png)): null

2018-12-13 14:25:17 - [TEST_STEP][PASSED] - Statement - counter = counter + 1: null

2018-12-13 14:25:17 - [TEST_STEP][PASSED] - Statement - PreSaveFile = new java.io.File(((pathPrefix + java.lang.Integer.toString(counter)) + .png)): null

2018-12-13 14:25:17 - [TEST_STEP][PASSED] - Statement - counter = counter + 1: null

2018-12-13 14:25:17 - [TEST_STEP][PASSED] - Statement - PreSaveFile = new java.io.File(((pathPrefix + java.lang.Integer.toString(counter)) + .png)): null

2018-12-13 14:25:17 - [TEST_STEP][PASSED] - Statement - counter = counter + 1: null

2018-12-13 14:25:17 - [TEST_STEP][PASSED] - Statement - PreSaveFile = new java.io.File(((pathPrefix + java.lang.Integer.toString(counter)) + .png)): null

2018-12-13 14:25:17 - [TEST_STEP][PASSED] - Statement - counter = counter + 1: null

2018-12-13 14:25:17 - [TEST_STEP][PASSED] - Statement - PreSaveFile = new java.io.File(((pathPrefix + java.lang.Integer.toString(counter)) + .png)): null

2018-12-13 14:25:17 - [TEST_STEP][PASSED] - Statement - counter = counter + 1: null

2018-12-13 14:25:17 - [TEST_STEP][PASSED] - Statement - PreSaveFile = new java.io.File(((pathPrefix + java.lang.Integer.toString(counter)) + .png)): null

2018-12-13 14:25:17 - [TEST_STEP][PASSED] - Statement - counter = counter + 1: null

2018-12-13 14:25:17 - [TEST_STEP][PASSED] - Statement - PreSaveFile = new java.io.File(((pathPrefix + java.lang.Integer.toString(counter)) + .png)): null

2018-12-13 14:25:17 - [TEST_STEP][PASSED] - Statement - counter = counter + 1: null

2018-12-13 14:25:17 - [TEST_STEP][PASSED] - Statement - PreSaveFile = new java.io.File(((pathPrefix + java.lang.Integer.toString(counter)) + .png)): null

2018-12-13 14:25:17 - [TEST_STEP][PASSED] - Statement - counter = counter + 1: null

2018-12-13 14:25:17 - [TEST_STEP][PASSED] - Statement - PreSaveFile = new java.io.File(((pathPrefix + java.lang.Integer.toString(counter)) + .png)): null

2018-12-13 14:25:17 - [TEST_STEP][PASSED] - Statement - counter = counter + 1: null

2018-12-13 14:25:17 - [TEST_STEP][PASSED] - Statement - PreSaveFile = new java.io.File(((pathPrefix + java.lang.Integer.toString(counter)) + .png)): null

2018-12-13 14:25:17 - [TEST_STEP][PASSED] - Statement - counter = counter + 1: null

2018-12-13 14:25:17 - [TEST_STEP][PASSED] - Statement - PreSaveFile = new java.io.File(((pathPrefix + java.lang.Integer.toString(counter)) + .png)): null

2018-12-13 14:25:17 - [TEST_STEP][PASSED] - Statement - counter = counter + 1: null

2018-12-13 14:25:17 - [TEST_STEP][PASSED] - Statement - PreSaveFile = new java.io.File(((pathPrefix + java.lang.Integer.toString(counter)) + .png)): null

2018-12-13 14:25:17 - [TEST_STEP][PASSED] - Statement - counter = counter + 1: null

2018-12-13 14:25:17 - [TEST_STEP][PASSED] - Statement - PreSaveFile = new java.io.File(((pathPrefix + java.lang.Integer.toString(counter)) + .png)): null

2018-12-13 14:25:17 - [TEST_STEP][PASSED] - Statement - counter = counter + 1: null

2018-12-13 14:25:17 - [TEST_STEP][PASSED] - Statement - PreSaveFile = new java.io.File(((pathPrefix + java.lang.Integer.toString(counter)) + .png)): null

2018-12-13 14:25:17 - [TEST_STEP][PASSED] - Statement - counter = counter + 1: null

2018-12-13 14:25:17 - [TEST_STEP][PASSED] - Statement - PreSaveFile = new java.io.File(((pathPrefix + java.lang.Integer.toString(counter)) + .png)): null

2018-12-13 14:25:17 - [TEST_STEP][PASSED] - Statement - counter = counter + 1: null

2018-12-13 14:25:17 - [TEST_STEP][PASSED] - Statement - PreSaveFile = new java.io.File(((pathPrefix + java.lang.Integer.toString(counter)) + .png)): null

2018-12-13 14:25:17 - [TEST_STEP][PASSED] - Statement - counter = counter + 1: null

2018-12-13 14:25:17 - [TEST_STEP][PASSED] - Statement - PreSaveFile = new java.io.File(((pathPrefix + java.lang.Integer.toString(counter)) + .png)): null

2018-12-13 14:25:17 - [TEST_STEP][PASSED] - Statement - counter = counter + 1: null

2018-12-13 14:25:17 - [TEST_STEP][PASSED] - Statement - PreSaveFile = new java.io.File(((pathPrefix + java.lang.Integer.toString(counter)) + .png)): null

2018-12-13 14:25:17 - [TEST_STEP][PASSED] - Statement - counter = counter + 1: null

2018-12-13 14:25:17 - [TEST_STEP][PASSED] - Statement - PreSaveFile = new java.io.File(((pathPrefix + java.lang.Integer.toString(counter)) + .png)): null

2018-12-13 14:25:17 - [TEST_STEP][PASSED] - Statement - counter = counter + 1: null

2018-12-13 14:25:17 - [TEST_STEP][PASSED] - Statement - PreSaveFile = new java.io.File(((pathPrefix + java.lang.Integer.toString(counter)) + .png)): null

2018-12-13 14:25:17 - [TEST_STEP][PASSED] - Statement - counter = counter + 1: null

2018-12-13 14:25:17 - [TEST_STEP][PASSED] - Statement - PreSaveFile = new java.io.File(((pathPrefix + java.lang.Integer.toString(counter)) + .png)): null

2018-12-13 14:25:17 - [TEST_STEP][PASSED] - Statement - counter = counter + 1: null

2018-12-13 14:25:17 - [TEST_STEP][PASSED] - Statement - PreSaveFile = new java.io.File(((pathPrefix + java.lang.Integer.toString(counter)) + .png)): null

2018-12-13 14:25:17 - [TEST_STEP][PASSED] - Statement - counter = counter + 1: null

2018-12-13 14:25:17 - [TEST_STEP][PASSED] - Statement - PreSaveFile = new java.io.File(((pathPrefix + java.lang.Integer.toString(counter)) + .png)): null

2018-12-13 14:25:17 - [TEST_STEP][PASSED] - Statement - counter = counter + 1: null

2018-12-13 14:25:17 - [TEST_STEP][PASSED] - Statement - PreSaveFile = new java.io.File(((pathPrefix + java.lang.Integer.toString(counter)) + .png)): null

2018-12-13 14:25:17 - [TEST_STEP][PASSED] - Statement - counter = counter + 1: null

2018-12-13 14:25:17 - [TEST_STEP][PASSED] - Statement - PreSaveFile = new java.io.File(((pathPrefix + java.lang.Integer.toString(counter)) + .png)): null

2018-12-13 14:25:17 - [TEST_STEP][PASSED] - Statement - counter = counter + 1: null

2018-12-13 14:25:17 - [TEST_STEP][PASSED] - Statement - PreSaveFile = new java.io.File(((pathPrefix + java.lang.Integer.toString(counter)) + .png)): null

2018-12-13 14:25:17 - [TEST_STEP][PASSED] - Statement - counter = counter + 1: null

2018-12-13 14:25:17 - [TEST_STEP][PASSED] - Statement - PreSaveFile = new java.io.File(((pathPrefix + java.lang.Integer.toString(counter)) + .png)): null

2018-12-13 14:25:17 - [TEST_STEP][PASSED] - Statement - counter = counter + 1: null

2018-12-13 14:25:17 - [TEST_STEP][PASSED] - Statement - PreSaveFile = new java.io.File(((pathPrefix + java.lang.Integer.toString(counter)) + .png)): null

2018-12-13 14:25:17 - [TEST_STEP][PASSED] - Statement - counter = counter + 1: null

2018-12-13 14:25:17 - [TEST_STEP][PASSED] - Statement - PreSaveFile = new java.io.File(((pathPrefix + java.lang.Integer.toString(counter)) + .png)): null

2018-12-13 14:25:17 - [TEST_STEP][PASSED] - Statement - counter = counter + 1: null

2018-12-13 14:25:17 - [TEST_STEP][PASSED] - Statement - PreSaveFile = new java.io.File(((pathPrefix + java.lang.Integer.toString(counter)) + .png)): null

2018-12-13 14:25:17 - [TEST_STEP][PASSED] - Statement - counter = counter + 1: null

2018-12-13 14:25:17 - [TEST_STEP][PASSED] - Statement - PreSaveFile = new java.io.File(((pathPrefix + java.lang.Integer.toString(counter)) + .png)): null

2018-12-13 14:25:17 - [TEST_STEP][PASSED] - Statement - counter = counter + 1: null

2018-12-13 14:25:17 - [TEST_STEP][PASSED] - Statement - PreSaveFile = new java.io.File(((pathPrefix + java.lang.Integer.toString(counter)) + .png)): null

2018-12-13 14:25:17 - [TEST_STEP][PASSED] - Statement - counter = counter + 1: null

2018-12-13 14:25:17 - [TEST_STEP][PASSED] - Statement - PreSaveFile = new java.io.File(((pathPrefix + java.lang.Integer.toString(counter)) + .png)): null

2018-12-13 14:25:17 - [TEST_STEP][PASSED] - Statement - counter = counter + 1: null

2018-12-13 14:25:17 - [TEST_STEP][PASSED] - Statement - PreSaveFile = new java.io.File(((pathPrefix + java.lang.Integer.toString(counter)) + .png)): null

2018-12-13 14:25:17 - [TEST_STEP][PASSED] - Statement - counter = counter + 1: null

2018-12-13 14:25:17 - [TEST_STEP][PASSED] - Statement - PreSaveFile = new java.io.File(((pathPrefix + java.lang.Integer.toString(counter)) + .png)): null

2018-12-13 14:25:17 - [TEST_STEP][PASSED] - Statement - counter = counter + 1: null

2018-12-13 14:25:17 - [TEST_STEP][PASSED] - Statement - PreSaveFile = new java.io.File(((pathPrefix + java.lang.Integer.toString(counter)) + .png)): null

2018-12-13 14:25:17 - [TEST_STEP][PASSED] - Statement - counter = counter + 1: null

2018-12-13 14:25:17 - [TEST_STEP][PASSED] - Statement - PreSaveFile = new java.io.File(((pathPrefix + java.lang.Integer.toString(counter)) + .png)): null

2018-12-13 14:25:17 - [TEST_STEP][PASSED] - Statement - counter = counter + 1: null

2018-12-13 14:25:17 - [TEST_STEP][PASSED] - Statement - PreSaveFile = new java.io.File(((pathPrefix + java.lang.Integer.toString(counter)) + .png)): null

2018-12-13 14:25:17 - [TEST_STEP][PASSED] - Statement - counter = counter + 1: null

2018-12-13 14:25:17 - [TEST_STEP][PASSED] - Statement - PreSaveFile = new java.io.File(((pathPrefix + java.lang.Integer.toString(counter)) + .png)): null

2018-12-13 14:25:17 - [TEST_STEP][PASSED] - Statement - counter = counter + 1: null

2018-12-13 14:25:17 - [TEST_STEP][PASSED] - Statement - PreSaveFile = new java.io.File(((pathPrefix + java.lang.Integer.toString(counter)) + .png)): null

2018-12-13 14:25:17 - [TEST_STEP][PASSED] - Statement - counter = counter + 1: null

2018-12-13 14:25:17 - [TEST_STEP][PASSED] - Statement - PreSaveFile = new java.io.File(((pathPrefix + java.lang.Integer.toString(counter)) + .png)): null

2018-12-13 14:25:17 - [TEST_STEP][PASSED] - Statement - counter = counter + 1: null

2018-12-13 14:25:17 - [TEST_STEP][PASSED] - Statement - PreSaveFile = new java.io.File(((pathPrefix + java.lang.Integer.toString(counter)) + .png)): null

2018-12-13 14:25:17 - [TEST_STEP][PASSED] - Statement - counter = counter + 1: null

2018-12-13 14:25:17 - [TEST_STEP][PASSED] - Statement - PreSaveFile = new java.io.File(((pathPrefix + java.lang.Integer.toString(counter)) + .png)): null

2018-12-13 14:25:17 - [TEST_STEP][PASSED] - Statement - counter = counter + 1: null

2018-12-13 14:25:17 - [TEST_STEP][PASSED] - Statement - PreSaveFile = new java.io.File(((pathPrefix + java.lang.Integer.toString(counter)) + .png)): null

2018-12-13 14:25:17 - [TEST_STEP][PASSED] - Statement - counter = counter + 1: null

2018-12-13 14:25:17 - [TEST_STEP][PASSED] - Statement - PreSaveFile = new java.io.File(((pathPrefix + java.lang.Integer.toString(counter)) + .png)): null

2018-12-13 14:25:17 - [TEST_STEP][PASSED] - Statement - counter = counter + 1: null

2018-12-13 14:25:17 - [TEST_STEP][PASSED] - Statement - PreSaveFile = new java.io.File(((pathPrefix + java.lang.Integer.toString(counter)) + .png)): null

2018-12-13 14:25:17 - [TEST_STEP][PASSED] - Statement - counter = counter + 1: null

2018-12-13 14:25:17 - [TEST_STEP][PASSED] - Statement - PreSaveFile = new java.io.File(((pathPrefix + java.lang.Integer.toString(counter)) + .png)): null

2018-12-13 14:25:17 - [TEST_STEP][PASSED] - Statement - counter = counter + 1: null

2018-12-13 14:25:17 - [TEST_STEP][PASSED] - Statement - PreSaveFile = new java.io.File(((pathPrefix + java.lang.Integer.toString(counter)) + .png)): null

2018-12-13 14:25:17 - [TEST_STEP][PASSED] - Statement - counter = counter + 1: null

2018-12-13 14:25:17 - [TEST_STEP][PASSED] - Statement - PreSaveFile = new java.io.File(((pathPrefix + java.lang.Integer.toString(counter)) + .png)): null

2018-12-13 14:25:17 - [TEST_STEP][PASSED] - Statement - counter = counter + 1: null

2018-12-13 14:25:17 - [TEST_STEP][PASSED] - Statement - PreSaveFile = new java.io.File(((pathPrefix + java.lang.Integer.toString(counter)) + .png)): null

2018-12-13 14:25:17 - [TEST_STEP][PASSED] - Statement - counter = counter + 1: null

2018-12-13 14:25:17 - [TEST_STEP][PASSED] - Statement - PreSaveFile = new java.io.File(((pathPrefix + java.lang.Integer.toString(counter)) + .png)): null

2018-12-13 14:25:17 - [TEST_STEP][PASSED] - Statement - counter = counter + 1: null

2018-12-13 14:25:17 - [TEST_STEP][PASSED] - Statement - PreSaveFile = new java.io.File(((pathPrefix + java.lang.Integer.toString(counter)) + .png)): null

2018-12-13 14:25:17 - [TEST_STEP][PASSED] - Statement - counter = counter + 1: null

2018-12-13 14:25:17 - [TEST_STEP][PASSED] - Statement - PreSaveFile = new java.io.File(((pathPrefix + java.lang.Integer.toString(counter)) + .png)): null

2018-12-13 14:25:17 - [TEST_STEP][PASSED] - Statement - counter = counter + 1: null

2018-12-13 14:25:17 - [TEST_STEP][PASSED] - Statement - PreSaveFile = new java.io.File(((pathPrefix + java.lang.Integer.toString(counter)) + .png)): null

2018-12-13 14:25:17 - [TEST_STEP][PASSED] - Statement - counter = counter + 1: null

2018-12-13 14:25:17 - [TEST_STEP][PASSED] - Statement - PreSaveFile = new java.io.File(((pathPrefix + java.lang.Integer.toString(counter)) + .png)): null

2018-12-13 14:25:17 - [TEST_STEP][PASSED] - Statement - counter = counter + 1: null

2018-12-13 14:25:17 - [TEST_STEP][PASSED] - Statement - PreSaveFile = new java.io.File(((pathPrefix + java.lang.Integer.toString(counter)) + .png)): null

2018-12-13 14:25:17 - [TEST_STEP][PASSED] - Statement - counter = counter + 1: null

2018-12-13 14:25:17 - [TEST_STEP][PASSED] - Statement - PreSaveFile = new java.io.File(((pathPrefix + java.lang.Integer.toString(counter)) + .png)): null

2018-12-13 14:25:17 - [TEST_STEP][PASSED] - Statement - counter = counter + 1: null

2018-12-13 14:25:17 - [TEST_STEP][PASSED] - Statement - PreSaveFile = new java.io.File(((pathPrefix + java.lang.Integer.toString(counter)) + .png)): null

2018-12-13 14:25:17 - [TEST_STEP][PASSED] - Statement - counter = counter + 1: null

2018-12-13 14:25:17 - [TEST_STEP][PASSED] - Statement - PreSaveFile = new java.io.File(((pathPrefix + java.lang.Integer.toString(counter)) + .png)): null

2018-12-13 14:25:17 - [TEST_STEP][PASSED] - Statement - counter = counter + 1: null

2018-12-13 14:25:17 - [TEST_STEP][PASSED] - Statement - PreSaveFile = new java.io.File(((pathPrefix + java.lang.Integer.toString(counter)) + .png)): null

2018-12-13 14:25:17 - [TEST_STEP][PASSED] - Statement - counter = counter + 1: null

2018-12-13 14:25:17 - [TEST_STEP][PASSED] - Statement - PreSaveFile = new java.io.File(((pathPrefix + java.lang.Integer.toString(counter)) + .png)): null

2018-12-13 14:25:17 - [TEST_STEP][PASSED] - Statement - counter = counter + 1: null

2018-12-13 14:25:17 - [TEST_STEP][PASSED] - Statement - PreSaveFile = new java.io.File(((pathPrefix + java.lang.Integer.toString(counter)) + .png)): null

2018-12-13 14:25:17 - [TEST_STEP][PASSED] - Statement - counter = counter + 1: null

2018-12-13 14:25:17 - [TEST_STEP][PASSED] - Statement - PreSaveFile = new java.io.File(((pathPrefix + java.lang.Integer.toString(counter)) + .png)): null

2018-12-13 14:25:17 - [TEST_STEP][PASSED] - Statement - counter = counter + 1: null

2018-12-13 14:25:17 - [TEST_STEP][PASSED] - Statement - PreSaveFile = new java.io.File(((pathPrefix + java.lang.Integer.toString(counter)) + .png)): null

2018-12-13 14:25:17 - [TEST_STEP][PASSED] - Statement - counter = counter + 1: null

2018-12-13 14:25:17 - [TEST_STEP][PASSED] - Statement - PreSaveFile = new java.io.File(((pathPrefix + java.lang.Integer.toString(counter)) + .png)): null

2018-12-13 14:25:17 - [TEST_STEP][PASSED] - Statement - counter = counter + 1: null

2018-12-13 14:25:17 - [TEST_STEP][PASSED] - Statement - PreSaveFile = new java.io.File(((pathPrefix + java.lang.Integer.toString(counter)) + .png)): null

2018-12-13 14:25:17 - [TEST_STEP][PASSED] - Statement - counter = counter + 1: null

2018-12-13 14:25:17 - [TEST_STEP][PASSED] - Statement - PreSaveFile = new java.io.File(((pathPrefix + java.lang.Integer.toString(counter)) + .png)): null

2018-12-13 14:25:17 - [TEST_STEP][PASSED] - Statement - counter = counter + 1: null

2018-12-13 14:25:17 - [TEST_STEP][PASSED] - Statement - PreSaveFile = new java.io.File(((pathPrefix + java.lang.Integer.toString(counter)) + .png)): null

2018-12-13 14:25:17 - [TEST_STEP][PASSED] - Statement - counter = counter + 1: null

2018-12-13 14:25:17 - [TEST_STEP][PASSED] - Statement - PreSaveFile = new java.io.File(((pathPrefix + java.lang.Integer.toString(counter)) + .png)): null

2018-12-13 14:25:17 - [TEST_STEP][PASSED] - Statement - counter = counter + 1: null

2018-12-13 14:25:17 - [TEST_STEP][PASSED] - Statement - PreSaveFile = new java.io.File(((pathPrefix + java.lang.Integer.toString(counter)) + .png)): null

2018-12-13 14:25:17 - [TEST_STEP][PASSED] - Statement - counter = counter + 1: null

2018-12-13 14:25:17 - [TEST_STEP][PASSED] - Statement - PreSaveFile = new java.io.File(((pathPrefix + java.lang.Integer.toString(counter)) + .png)): null

2018-12-13 14:25:17 - [TEST_STEP][PASSED] - Statement - counter = counter + 1: null

2018-12-13 14:25:17 - [TEST_STEP][PASSED] - Statement - PreSaveFile = new java.io.File(((pathPrefix + java.lang.Integer.toString(counter)) + .png)): null

2018-12-13 14:25:17 - [TEST_STEP][PASSED] - Statement - counter = counter + 1: null

2018-12-13 14:25:17 - [TEST_STEP][PASSED] - Statement - PreSaveFile = new java.io.File(((pathPrefix + java.lang.Integer.toString(counter)) + .png)): null

2018-12-13 14:25:17 - [TEST_STEP][PASSED] - Statement - counter = counter + 1: null

2018-12-13 14:25:17 - [TEST_STEP][PASSED] - Statement - PreSaveFile = new java.io.File(((pathPrefix + java.lang.Integer.toString(counter)) + .png)): null

2018-12-13 14:25:17 - [TEST_STEP][PASSED] - Statement - counter = counter + 1: null

2018-12-13 14:25:17 - [TEST_STEP][PASSED] - Statement - PreSaveFile = new java.io.File(((pathPrefix + java.lang.Integer.toString(counter)) + .png)): null

2018-12-13 14:25:17 - [TEST_STEP][PASSED] - Statement - counter = counter + 1: null

2018-12-13 14:25:17 - [TEST_STEP][PASSED] - Statement - PreSaveFile = new java.io.File(((pathPrefix + java.lang.Integer.toString(counter)) + .png)): null

2018-12-13 14:25:17 - [TEST_STEP][PASSED] - Statement - counter = counter + 1: null

2018-12-13 14:25:17 - [TEST_STEP][PASSED] - Statement - PreSaveFile = new java.io.File(((pathPrefix + java.lang.Integer.toString(counter)) + .png)): null

2018-12-13 14:25:17 - [TEST_STEP][PASSED] - Statement - counter = counter + 1: null

2018-12-13 14:25:17 - [TEST_STEP][PASSED] - Statement - PreSaveFile = new java.io.File(((pathPrefix + java.lang.Integer.toString(counter)) + .png)): null

2018-12-13 14:25:17 - [TEST_STEP][PASSED] - Statement - counter = counter + 1: null

2018-12-13 14:25:17 - [TEST_STEP][PASSED] - Statement - PreSaveFile = new java.io.File(((pathPrefix + java.lang.Integer.toString(counter)) + .png)): null

2018-12-13 14:25:17 - [TEST_STEP][PASSED] - Statement - counter = counter + 1: null

2018-12-13 14:25:17 - [TEST_STEP][PASSED] - Statement - PreSaveFile = new java.io.File(((pathPrefix + java.lang.Integer.toString(counter)) + .png)): null

2018-12-13 14:25:17 - [TEST_STEP][PASSED] - Statement - counter = counter + 1: null

2018-12-13 14:25:17 - [TEST_STEP][PASSED] - Statement - PreSaveFile = new java.io.File(((pathPrefix + java.lang.Integer.toString(counter)) + .png)): null

2018-12-13 14:25:17 - [TEST_STEP][PASSED] - Statement - counter = counter + 1: null

2018-12-13 14:25:17 - [TEST_STEP][PASSED] - Statement - PreSaveFile = new java.io.File(((pathPrefix + java.lang.Integer.toString(counter)) + .png)): null

2018-12-13 14:25:17 - [TEST_STEP][PASSED] - Statement - counter = counter + 1: null

2018-12-13 14:25:17 - [TEST_STEP][PASSED] - Statement - PreSaveFile = new java.io.File(((pathPrefix + java.lang.Integer.toString(counter)) + .png)): null

2018-12-13 14:25:17 - [TEST_STEP][PASSED] - Statement - counter = counter + 1: null

2018-12-13 14:25:17 - [TEST_STEP][PASSED] - Statement - PreSaveFile = new java.io.File(((pathPrefix + java.lang.Integer.toString(counter)) + .png)): null

2018-12-13 14:25:17 - [TEST_STEP][PASSED] - Statement - counter = counter + 1: null

2018-12-13 14:25:17 - [TEST_STEP][PASSED] - Statement - PreSaveFile = new java.io.File(((pathPrefix + java.lang.Integer.toString(counter)) + .png)): null

2018-12-13 14:25:17 - [TEST_STEP][PASSED] - Statement - counter = counter + 1: null

2018-12-13 14:25:17 - [TEST_STEP][PASSED] - Statement - PreSaveFile = new java.io.File(((pathPrefix + java.lang.Integer.toString(counter)) + .png)): null

2018-12-13 14:25:17 - [TEST_STEP][PASSED] - Statement - counter = counter + 1: null

2018-12-13 14:25:17 - [TEST_STEP][PASSED] - Statement - PreSaveFile = new java.io.File(((pathPrefix + java.lang.Integer.toString(counter)) + .png)): null

2018-12-13 14:25:17 - [TEST_STEP][PASSED] - Statement - counter = counter + 1: null

2018-12-13 14:25:17 - [TEST_STEP][PASSED] - Statement - PreSaveFile = new java.io.File(((pathPrefix + java.lang.Integer.toString(counter)) + .png)): null

2018-12-13 14:25:17 - [TEST_STEP][PASSED] - Statement - counter = counter + 1: null

2018-12-13 14:25:17 - [TEST_STEP][PASSED] - Statement - PreSaveFile = new java.io.File(((pathPrefix + java.lang.Integer.toString(counter)) + .png)): null

2018-12-13 14:25:17 - [TEST_STEP][PASSED] - Statement - counter = counter + 1: null

2018-12-13 14:25:17 - [TEST_STEP][PASSED] - Statement - PreSaveFile = new java.io.File(((pathPrefix + java.lang.Integer.toString(counter)) + .png)): null

2018-12-13 14:25:17 - [TEST_STEP][PASSED] - Statement - counter = counter + 1: null

2018-12-13 14:25:17 - [TEST_STEP][PASSED] - Statement - PreSaveFile = new java.io.File(((pathPrefix + java.lang.Integer.toString(counter)) + .png)): null

2018-12-13 14:25:17 - [TEST_STEP][PASSED] - Statement - counter = counter + 1: null

2018-12-13 14:25:17 - [TEST_STEP][PASSED] - Statement - PreSaveFile = new java.io.File(((pathPrefix + java.lang.Integer.toString(counter)) + .png)): null

2018-12-13 14:25:17 - [TEST_STEP][PASSED] - Statement - counter = counter + 1: null

2018-12-13 14:25:17 - [TEST_STEP][PASSED] - Statement - PreSaveFile = new java.io.File(((pathPrefix + java.lang.Integer.toString(counter)) + .png)): null

2018-12-13 14:25:17 - [TEST_STEP][PASSED] - Statement - counter = counter + 1: null

2018-12-13 14:25:17 - [TEST_STEP][PASSED] - Statement - PreSaveFile = new java.io.File(((pathPrefix + java.lang.Integer.toString(counter)) + .png)): null

2018-12-13 14:25:17 - [TEST_STEP][PASSED] - Statement - counter = counter + 1: null

2018-12-13 14:25:17 - [TEST_STEP][PASSED] - Statement - PreSaveFile = new java.io.File(((pathPrefix + java.lang.Integer.toString(counter)) + .png)): null

2018-12-13 14:25:17 - [TEST_STEP][PASSED] - Statement - counter = counter + 1: null

2018-12-13 14:25:17 - [TEST_STEP][PASSED] - Statement - PreSaveFile = new java.io.File(((pathPrefix + java.lang.Integer.toString(counter)) + .png)): null

2018-12-13 14:25:17 - [TEST_STEP][PASSED] - Statement - counter = counter + 1: null

2018-12-13 14:25:17 - [TEST_STEP][PASSED] - Statement - PreSaveFile = new java.io.File(((pathPrefix + java.lang.Integer.toString(counter)) + .png)): null

2018-12-13 14:25:17 - [TEST_STEP][PASSED] - Statement - counter = counter + 1: null

2018-12-13 14:25:17 - [TEST_STEP][PASSED] - Statement - PreSaveFile = new java.io.File(((pathPrefix + java.lang.Integer.toString(counter)) + .png)): null

2018-12-13 14:25:17 - [TEST_STEP][PASSED] - Statement - counter = counter + 1: null

2018-12-13 14:25:17 - [TEST_STEP][PASSED] - Statement - PreSaveFile = new java.io.File(((pathPrefix + java.lang.Integer.toString(counter)) + .png)): null

2018-12-13 14:25:17 - [TEST_STEP][PASSED] - Statement - counter = counter + 1: null

2018-12-13 14:25:17 - [TEST_STEP][PASSED] - Statement - PreSaveFile = new java.io.File(((pathPrefix + java.lang.Integer.toString(counter)) + .png)): null

2018-12-13 14:25:17 - [TEST_STEP][PASSED] - Statement - counter = counter + 1: null

2018-12-13 14:25:17 - [TEST_STEP][PASSED] - Statement - PreSaveFile = new java.io.File(((pathPrefix + java.lang.Integer.toString(counter)) + .png)): null

2018-12-13 14:25:17 - [TEST_STEP][PASSED] - Statement - counter = counter + 1: null

2018-12-13 14:25:17 - [TEST_STEP][PASSED] - Statement - PreSaveFile = new java.io.File(((pathPrefix + java.lang.Integer.toString(counter)) + .png)): null

2018-12-13 14:25:17 - [TEST_STEP][PASSED] - Statement - counter = counter + 1: null

2018-12-13 14:25:17 - [TEST_STEP][PASSED] - Statement - PreSaveFile = new java.io.File(((pathPrefix + java.lang.Integer.toString(counter)) + .png)): null

2018-12-13 14:25:17 - [TEST_STEP][PASSED] - Statement - counter = counter + 1: null

2018-12-13 14:25:17 - [TEST_STEP][PASSED] - Statement - PreSaveFile = new java.io.File(((pathPrefix + java.lang.Integer.toString(counter)) + .png)): null

2018-12-13 14:25:17 - [TEST_STEP][PASSED] - Statement - counter = counter + 1: null

2018-12-13 14:25:17 - [TEST_STEP][PASSED] - Statement - PreSaveFile = new java.io.File(((pathPrefix + java.lang.Integer.toString(counter)) + .png)): null

2018-12-13 14:25:17 - [TEST_STEP][PASSED] - Statement - counter = counter + 1: null

2018-12-13 14:25:17 - [TEST_STEP][PASSED] - Statement - PreSaveFile = new java.io.File(((pathPrefix + java.lang.Integer.toString(counter)) + .png)): null

2018-12-13 14:25:17 - [TEST_STEP][PASSED] - Statement - counter = counter + 1: null

2018-12-13 14:25:17 - [TEST_STEP][PASSED] - Statement - PreSaveFile = new java.io.File(((pathPrefix + java.lang.Integer.toString(counter)) + .png)): null

2018-12-13 14:25:17 - [TEST_STEP][PASSED] - Statement - counter = counter + 1: null

2018-12-13 14:25:17 - [TEST_STEP][PASSED] - Statement - PreSaveFile = new java.io.File(((pathPrefix + java.lang.Integer.toString(counter)) + .png)): null

2018-12-13 14:25:17 - [TEST_STEP][PASSED] - Statement - counter = counter + 1: null

2018-12-13 14:25:17 - [TEST_STEP][PASSED] - Statement - PreSaveFile = new java.io.File(((pathPrefix + java.lang.Integer.toString(counter)) + .png)): null

2018-12-13 14:25:17 - [TEST_STEP][PASSED] - Statement - counter = counter + 1: null

2018-12-13 14:25:17 - [TEST_STEP][PASSED] - Statement - PreSaveFile = new java.io.File(((pathPrefix + java.lang.Integer.toString(counter)) + .png)): null

2018-12-13 14:25:17 - [TEST_STEP][PASSED] - Statement - counter = counter + 1: null

2018-12-13 14:25:17 - [TEST_STEP][PASSED] - Statement - PreSaveFile = new java.io.File(((pathPrefix + java.lang.Integer.toString(counter)) + .png)): null

2018-12-13 14:25:17 - [TEST_STEP][PASSED] - Statement - counter = counter + 1: null

2018-12-13 14:25:17 - [TEST_STEP][PASSED] - Statement - PreSaveFile = new java.io.File(((pathPrefix + java.lang.Integer.toString(counter)) + .png)): null

2018-12-13 14:25:17 - [TEST_STEP][PASSED] - Statement - counter = counter + 1: null

2018-12-13 14:25:17 - [TEST_STEP][PASSED] - Statement - PreSaveFile = new java.io.File(((pathPrefix + java.lang.Integer.toString(counter)) + .png)): null

2018-12-13 14:25:17 - [TEST_STEP][PASSED] - Statement - counter = counter + 1: null

2018-12-13 14:25:17 - [TEST_STEP][PASSED] - Statement - PreSaveFile = new java.io.File(((pathPrefix + java.lang.Integer.toString(counter)) + .png)): null

2018-12-13 14:25:17 - [TEST_STEP][PASSED] - Statement - counter = counter + 1: null

2018-12-13 14:25:17 - [TEST_STEP][PASSED] - Statement - PreSaveFile = new java.io.File(((pathPrefix + java.lang.Integer.toString(counter)) + .png)): null

2018-12-13 14:25:17 - [TEST_STEP][PASSED] - Statement - counter = counter + 1: null

2018-12-13 14:25:17 - [TEST_STEP][PASSED] - Statement - PreSaveFile = new java.io.File(((pathPrefix + java.lang.Integer.toString(counter)) + .png)): null

2018-12-13 14:25:17 - [TEST_STEP][PASSED] - Statement - counter = counter + 1: null

2018-12-13 14:25:17 - [TEST_STEP][PASSED] - Statement - PreSaveFile = new java.io.File(((pathPrefix + java.lang.Integer.toString(counter)) + .png)): null

2018-12-13 14:25:17 - [TEST_STEP][PASSED] - Statement - counter = counter + 1: null

2018-12-13 14:25:17 - [TEST_STEP][PASSED] - Statement - PreSaveFile = new java.io.File(((pathPrefix + java.lang.Integer.toString(counter)) + .png)): null

2018-12-13 14:25:17 - [TEST_STEP][PASSED] - Statement - counter = counter + 1: null

2018-12-13 14:25:17 - [TEST_STEP][PASSED] - Statement - PreSaveFile = new java.io.File(((pathPrefix + java.lang.Integer.toString(counter)) + .png)): null

2018-12-13 14:25:17 - [TEST_STEP][PASSED] - Statement - counter = counter + 1: null

2018-12-13 14:25:17 - [TEST_STEP][PASSED] - Statement - PreSaveFile = new java.io.File(((pathPrefix + java.lang.Integer.toString(counter)) + .png)): null

2018-12-13 14:25:17 - [TEST_STEP][PASSED] - Statement - counter = counter + 1: null

2018-12-13 14:25:17 - [TEST_STEP][PASSED] - Statement - PreSaveFile = new java.io.File(((pathPrefix + java.lang.Integer.toString(counter)) + .png)): null

2018-12-13 14:25:17 - [TEST_STEP][PASSED] - Statement - counter = counter + 1: null

2018-12-13 14:25:17 - [TEST_STEP][PASSED] - Statement - PreSaveFile = new java.io.File(((pathPrefix + java.lang.Integer.toString(counter)) + .png)): null

2018-12-13 14:25:17 - [TEST_STEP][PASSED] - Statement - counter = counter + 1: null

2018-12-13 14:25:17 - [TEST_STEP][PASSED] - Statement - PreSaveFile = new java.io.File(((pathPrefix + java.lang.Integer.toString(counter)) + .png)): null

2018-12-13 14:25:17 - [TEST_STEP][PASSED] - Statement - counter = counter + 1: null

2018-12-13 14:25:17 - [TEST_STEP][PASSED] - Statement - PreSaveFile = new java.io.File(((pathPrefix + java.lang.Integer.toString(counter)) + .png)): null

2018-12-13 14:25:17 - [TEST_STEP][PASSED] - Statement - counter = counter + 1: null

2018-12-13 14:25:17 - [TEST_STEP][PASSED] - Statement - PreSaveFile = new java.io.File(((pathPrefix + java.lang.Integer.toString(counter)) + .png)): null

2018-12-13 14:25:17 - [TEST_STEP][PASSED] - Statement - counter = counter + 1: null

2018-12-13 14:25:17 - [TEST_STEP][PASSED] - Statement - PreSaveFile = new java.io.File(((pathPrefix + java.lang.Integer.toString(counter)) + .png)): null

2018-12-13 14:25:17 - [TEST_STEP][PASSED] - Statement - counter = counter + 1: null

2018-12-13 14:25:17 - [TEST_STEP][PASSED] - Statement - PreSaveFile = new java.io.File(((pathPrefix + java.lang.Integer.toString(counter)) + .png)): null

2018-12-13 14:25:17 - [TEST_STEP][PASSED] - Statement - counter = counter + 1: null

2018-12-13 14:25:17 - [TEST_STEP][PASSED] - Statement - PreSaveFile = new java.io.File(((pathPrefix + java.lang.Integer.toString(counter)) + .png)): null

2018-12-13 14:25:17 - [TEST_STEP][PASSED] - Statement - counter = counter + 1: null

2018-12-13 14:25:17 - [TEST_STEP][PASSED] - Statement - PreSaveFile = new java.io.File(((pathPrefix + java.lang.Integer.toString(counter)) + .png)): null

2018-12-13 14:25:17 - [TEST_STEP][PASSED] - Statement - counter = counter + 1: null

2018-12-13 14:25:17 - [TEST_STEP][PASSED] - Statement - PreSaveFile = new java.io.File(((pathPrefix + java.lang.Integer.toString(counter)) + .png)): null

2018-12-13 14:25:17 - [TEST_STEP][PASSED] - Statement - counter = counter + 1: null

2018-12-13 14:25:17 - [TEST_STEP][PASSED] - Statement - PreSaveFile = new java.io.File(((pathPrefix + java.lang.Integer.toString(counter)) + .png)): null

2018-12-13 14:25:17 - [TEST_STEP][PASSED] - Statement - counter = counter + 1: null

2018-12-13 14:25:17 - [TEST_STEP][PASSED] - Statement - PreSaveFile = new java.io.File(((pathPrefix + java.lang.Integer.toString(counter)) + .png)): null

2018-12-13 14:25:17 - [TEST_STEP][PASSED] - Statement - counter = counter + 1: null

2018-12-13 14:25:17 - [TEST_STEP][PASSED] - Statement - PreSaveFile = new java.io.File(((pathPrefix + java.lang.Integer.toString(counter)) + .png)): null

2018-12-13 14:25:17 - [TEST_STEP][PASSED] - Statement - counter = counter + 1: null

2018-12-13 14:25:17 - [TEST_STEP][PASSED] - Statement - PreSaveFile = new java.io.File(((pathPrefix + java.lang.Integer.toString(counter)) + .png)): null

2018-12-13 14:25:17 - [TEST_STEP][PASSED] - Statement - counter = counter + 1: null

2018-12-13 14:25:17 - [TEST_STEP][PASSED] - Statement - PreSaveFile = new java.io.File(((pathPrefix + java.lang.Integer.toString(counter)) + .png)): null

2018-12-13 14:25:17 - [TEST_STEP][PASSED] - Statement - counter = counter + 1: null

2018-12-13 14:25:17 - [TEST_STEP][PASSED] - Statement - PreSaveFile = new java.io.File(((pathPrefix + java.lang.Integer.toString(counter)) + .png)): null

2018-12-13 14:25:17 - [TEST_STEP][PASSED] - Statement - counter = counter + 1: null

2018-12-13 14:25:17 - [TEST_STEP][PASSED] - Statement - PreSaveFile = new java.io.File(((pathPrefix + java.lang.Integer.toString(counter)) + .png)): null

2018-12-13 14:25:17 - [TEST_STEP][PASSED] - Statement - counter = counter + 1: null

2018-12-13 14:25:17 - [TEST_STEP][PASSED] - Statement - PreSaveFile = new java.io.File(((pathPrefix + java.lang.Integer.toString(counter)) + .png)): null

2018-12-13 14:25:17 - [TEST_STEP][PASSED] - Statement - counter = counter + 1: null

2018-12-13 14:25:17 - [TEST_STEP][PASSED] - Statement - PreSaveFile = new java.io.File(((pathPrefix + java.lang.Integer.toString(counter)) + .png)): null

2018-12-13 14:25:18 - [TEST_STEP][PASSED] - Statement - counter = counter + 1: null

2018-12-13 14:25:18 - [TEST_STEP][PASSED] - Statement - PreSaveFile = new java.io.File(((pathPrefix + java.lang.Integer.toString(counter)) + .png)): null

2018-12-13 14:25:18 - [TEST_STEP][PASSED] - Statement - counter = counter + 1: null

2018-12-13 14:25:18 - [TEST_STEP][PASSED] - Statement - PreSaveFile = new java.io.File(((pathPrefix + java.lang.Integer.toString(counter)) + .png)): null

2018-12-13 14:25:18 - [TEST_STEP][PASSED] - Statement - counter = counter + 1: null

2018-12-13 14:25:18 - [TEST_STEP][PASSED] - Statement - PreSaveFile = new java.io.File(((pathPrefix + java.lang.Integer.toString(counter)) + .png)): null

2018-12-13 14:25:18 - [TEST_STEP][PASSED] - Statement - counter = counter + 1: null

2018-12-13 14:25:18 - [TEST_STEP][PASSED] - Statement - PreSaveFile = new java.io.File(((pathPrefix + java.lang.Integer.toString(counter)) + .png)): null

2018-12-13 14:25:18 - [TEST_STEP][PASSED] - Statement - counter = counter + 1: null

2018-12-13 14:25:18 - [TEST_STEP][PASSED] - Statement - PreSaveFile = new java.io.File(((pathPrefix + java.lang.Integer.toString(counter)) + .png)): null

2018-12-13 14:25:18 - [TEST_STEP][PASSED] - Statement - counter = counter + 1: null

2018-12-13 14:25:18 - [TEST_STEP][PASSED] - Statement - PreSaveFile = new java.io.File(((pathPrefix + java.lang.Integer.toString(counter)) + .png)): null

2018-12-13 14:25:18 - [TEST_STEP][PASSED] - Statement - counter = counter + 1: null

2018-12-13 14:25:18 - [TEST_STEP][PASSED] - Statement - PreSaveFile = new java.io.File(((pathPrefix + java.lang.Integer.toString(counter)) + .png)): null

2018-12-13 14:25:18 - [TEST_STEP][PASSED] - Statement - counter = counter + 1: null

2018-12-13 14:25:18 - [TEST_STEP][PASSED] - Statement - PreSaveFile = new java.io.File(((pathPrefix + java.lang.Integer.toString(counter)) + .png)): null

2018-12-13 14:25:18 - [TEST_STEP][PASSED] - Statement - counter = counter + 1: null

2018-12-13 14:25:18 - [TEST_STEP][PASSED] - Statement - PreSaveFile = new java.io.File(((pathPrefix + java.lang.Integer.toString(counter)) + .png)): null

2018-12-13 14:25:18 - [TEST_STEP][PASSED] - Statement - counter = counter + 1: null

2018-12-13 14:25:18 - [TEST_STEP][PASSED] - Statement - PreSaveFile = new java.io.File(((pathPrefix + java.lang.Integer.toString(counter)) + .png)): null

2018-12-13 14:25:18 - [TEST_STEP][PASSED] - Statement - counter = counter + 1: null

2018-12-13 14:25:18 - [TEST_STEP][PASSED] - Statement - PreSaveFile = new java.io.File(((pathPrefix + java.lang.Integer.toString(counter)) + .png)): null

2018-12-13 14:25:18 - [TEST_STEP][PASSED] - Statement - counter = counter + 1: null

2018-12-13 14:25:18 - [TEST_STEP][PASSED] - Statement - PreSaveFile = new java.io.File(((pathPrefix + java.lang.Integer.toString(counter)) + .png)): null

2018-12-13 14:25:18 - [TEST_STEP][PASSED] - Statement - counter = counter + 1: null

2018-12-13 14:25:18 - [TEST_STEP][PASSED] - Statement - PreSaveFile = new java.io.File(((pathPrefix + java.lang.Integer.toString(counter)) + .png)): null

2018-12-13 14:25:18 - [TEST_STEP][PASSED] - Statement - counter = counter + 1: null

2018-12-13 14:25:18 - [TEST_STEP][PASSED] - Statement - PreSaveFile = new java.io.File(((pathPrefix + java.lang.Integer.toString(counter)) + .png)): null

2018-12-13 14:25:18 - [TEST_STEP][PASSED] - Statement - counter = counter + 1: null

2018-12-13 14:25:18 - [TEST_STEP][PASSED] - Statement - PreSaveFile = new java.io.File(((pathPrefix + java.lang.Integer.toString(counter)) + .png)): null

2018-12-13 14:25:18 - [TEST_STEP][PASSED] - Statement - counter = counter + 1: null

2018-12-13 14:25:18 - [TEST_STEP][PASSED] - Statement - PreSaveFile = new java.io.File(((pathPrefix + java.lang.Integer.toString(counter)) + .png)): null

2018-12-13 14:25:18 - [TEST_STEP][PASSED] - Statement - counter = counter + 1: null

2018-12-13 14:25:18 - [TEST_STEP][PASSED] - Statement - PreSaveFile = new java.io.File(((pathPrefix + java.lang.Integer.toString(counter)) + .png)): null

2018-12-13 14:25:18 - [TEST_STEP][PASSED] - Statement - counter = counter + 1: null

2018-12-13 14:25:18 - [TEST_STEP][PASSED] - Statement - PreSaveFile = new java.io.File(((pathPrefix + java.lang.Integer.toString(counter)) + .png)): null

2018-12-13 14:25:18 - [TEST_STEP][PASSED] - Statement - counter = counter + 1: null

2018-12-13 14:25:18 - [TEST_STEP][PASSED] - Statement - PreSaveFile = new java.io.File(((pathPrefix + java.lang.Integer.toString(counter)) + .png)): null

2018-12-13 14:25:18 - [TEST_STEP][PASSED] - Statement - counter = counter + 1: null

2018-12-13 14:25:18 - [TEST_STEP][PASSED] - Statement - PreSaveFile = new java.io.File(((pathPrefix + java.lang.Integer.toString(counter)) + .png)): null

2018-12-13 14:25:18 - [TEST_STEP][PASSED] - Statement - counter = counter + 1: null

2018-12-13 14:25:18 - [TEST_STEP][PASSED] - Statement - PreSaveFile = new java.io.File(((pathPrefix + java.lang.Integer.toString(counter)) + .png)): null

2018-12-13 14:25:18 - [TEST_STEP][PASSED] - Statement - counter = counter + 1: null

2018-12-13 14:25:18 - [TEST_STEP][PASSED] - Statement - PreSaveFile = new java.io.File(((pathPrefix + java.lang.Integer.toString(counter)) + .png)): null

2018-12-13 14:25:18 - [TEST_STEP][PASSED] - Statement - counter = counter + 1: null

2018-12-13 14:25:18 - [TEST_STEP][PASSED] - Statement - PreSaveFile = new java.io.File(((pathPrefix + java.lang.Integer.toString(counter)) + .png)): null

2018-12-13 14:25:18 - [TEST_STEP][PASSED] - Statement - counter = counter + 1: null

2018-12-13 14:25:18 - [TEST_STEP][PASSED] - Statement - PreSaveFile = new java.io.File(((pathPrefix + java.lang.Integer.toString(counter)) + .png)): null

2018-12-13 14:25:18 - [TEST_STEP][PASSED] - Statement - counter = counter + 1: null

2018-12-13 14:25:18 - [TEST_STEP][PASSED] - Statement - PreSaveFile = new java.io.File(((pathPrefix + java.lang.Integer.toString(counter)) + .png)): null

2018-12-13 14:25:18 - [TEST_STEP][PASSED] - Statement - counter = counter + 1: null

2018-12-13 14:25:18 - [TEST_STEP][PASSED] - Statement - PreSaveFile = new java.io.File(((pathPrefix + java.lang.Integer.toString(counter)) + .png)): null

2018-12-13 14:25:18 - [TEST_STEP][PASSED] - Statement - counter = counter + 1: null

2018-12-13 14:25:18 - [TEST_STEP][PASSED] - Statement - PreSaveFile = new java.io.File(((pathPrefix + java.lang.Integer.toString(counter)) + .png)): null

2018-12-13 14:25:18 - [TEST_STEP][PASSED] - Statement - counter = counter + 1: null

2018-12-13 14:25:18 - [TEST_STEP][PASSED] - Statement - PreSaveFile = new java.io.File(((pathPrefix + java.lang.Integer.toString(counter)) + .png)): null

2018-12-13 14:25:18 - [TEST_STEP][PASSED] - Statement - counter = counter + 1: null

2018-12-13 14:25:18 - [TEST_STEP][PASSED] - Statement - PreSaveFile = new java.io.File(((pathPrefix + java.lang.Integer.toString(counter)) + .png)): null

2018-12-13 14:25:18 - [TEST_STEP][PASSED] - Statement - counter = counter + 1: null

2018-12-13 14:25:18 - [TEST_STEP][PASSED] - Statement - PreSaveFile = new java.io.File(((pathPrefix + java.lang.Integer.toString(counter)) + .png)): null

2018-12-13 14:25:18 - [TEST_STEP][PASSED] - Statement - counter = counter + 1: null

2018-12-13 14:25:18 - [TEST_STEP][PASSED] - Statement - PreSaveFile = new java.io.File(((pathPrefix + java.lang.Integer.toString(counter)) + .png)): null

2018-12-13 14:25:18 - [TEST_STEP][PASSED] - Statement - counter = counter + 1: null

2018-12-13 14:25:18 - [TEST_STEP][PASSED] - Statement - PreSaveFile = new java.io.File(((pathPrefix + java.lang.Integer.toString(counter)) + .png)): null

2018-12-13 14:25:18 - [TEST_STEP][PASSED] - Statement - counter = counter + 1: null

2018-12-13 14:25:18 - [TEST_STEP][PASSED] - Statement - PreSaveFile = new java.io.File(((pathPrefix + java.lang.Integer.toString(counter)) + .png)): null

2018-12-13 14:25:18 - [TEST_STEP][PASSED] - Statement - counter = counter + 1: null

2018-12-13 14:25:18 - [TEST_STEP][PASSED] - Statement - PreSaveFile = new java.io.File(((pathPrefix + java.lang.Integer.toString(counter)) + .png)): null

2018-12-13 14:25:18 - [TEST_STEP][PASSED] - Statement - counter = counter + 1: null

2018-12-13 14:25:18 - [TEST_STEP][PASSED] - Statement - PreSaveFile = new java.io.File(((pathPrefix + java.lang.Integer.toString(counter)) + .png)): null

2018-12-13 14:25:18 - [TEST_STEP][PASSED] - Statement - counter = counter + 1: null

2018-12-13 14:25:18 - [TEST_STEP][PASSED] - Statement - PreSaveFile = new java.io.File(((pathPrefix + java.lang.Integer.toString(counter)) + .png)): null

2018-12-13 14:25:18 - [TEST_STEP][PASSED] - Statement - counter = counter + 1: null

2018-12-13 14:25:18 - [TEST_STEP][PASSED] - Statement - PreSaveFile = new java.io.File(((pathPrefix + java.lang.Integer.toString(counter)) + .png)): null

2018-12-13 14:25:18 - [TEST_STEP][PASSED] - Statement - counter = counter + 1: null

2018-12-13 14:25:18 - [TEST_STEP][PASSED] - Statement - PreSaveFile = new java.io.File(((pathPrefix + java.lang.Integer.toString(counter)) + .png)): null

2018-12-13 14:25:18 - [TEST_STEP][PASSED] - Statement - counter = counter + 1: null

2018-12-13 14:25:18 - [TEST_STEP][PASSED] - Statement - PreSaveFile = new java.io.File(((pathPrefix + java.lang.Integer.toString(counter)) + .png)): null

2018-12-13 14:25:18 - [TEST_STEP][PASSED] - Statement - counter = counter + 1: null

2018-12-13 14:25:18 - [TEST_STEP][PASSED] - Statement - PreSaveFile = new java.io.File(((pathPrefix + java.lang.Integer.toString(counter)) + .png)): null

2018-12-13 14:25:18 - [TEST_STEP][PASSED] - Statement - counter = counter + 1: null

2018-12-13 14:25:18 - [TEST_STEP][PASSED] - Statement - PreSaveFile = new java.io.File(((pathPrefix + java.lang.Integer.toString(counter)) + .png)): null

2018-12-13 14:25:18 - [TEST_STEP][PASSED] - Statement - counter = counter + 1: null

2018-12-13 14:25:18 - [TEST_STEP][PASSED] - Statement - PreSaveFile = new java.io.File(((pathPrefix + java.lang.Integer.toString(counter)) + .png)): null

2018-12-13 14:25:18 - [TEST_STEP][PASSED] - Statement - counter = counter + 1: null

2018-12-13 14:25:18 - [TEST_STEP][PASSED] - Statement - PreSaveFile = new java.io.File(((pathPrefix + java.lang.Integer.toString(counter)) + .png)): null

2018-12-13 14:25:18 - [TEST_STEP][PASSED] - Statement - counter = counter + 1: null

2018-12-13 14:25:18 - [TEST_STEP][PASSED] - Statement - PreSaveFile = new java.io.File(((pathPrefix + java.lang.Integer.toString(counter)) + .png)): null

2018-12-13 14:25:18 - [TEST_STEP][PASSED] - Statement - counter = counter + 1: null

2018-12-13 14:25:18 - [TEST_STEP][PASSED] - Statement - PreSaveFile = new java.io.File(((pathPrefix + java.lang.Integer.toString(counter)) + .png)): null

2018-12-13 14:25:18 - [TEST_STEP][PASSED] - Statement - counter = counter + 1: null

2018-12-13 14:25:18 - [TEST_STEP][PASSED] - Statement - PreSaveFile = new java.io.File(((pathPrefix + java.lang.Integer.toString(counter)) + .png)): null

2018-12-13 14:25:18 - [TEST_STEP][PASSED] - Statement - counter = counter + 1: null

2018-12-13 14:25:18 - [TEST_STEP][PASSED] - Statement - PreSaveFile = new java.io.File(((pathPrefix + java.lang.Integer.toString(counter)) + .png)): null

2018-12-13 14:25:18 - [TEST_STEP][PASSED] - Statement - counter = counter + 1: null

2018-12-13 14:25:18 - [TEST_STEP][PASSED] - Statement - PreSaveFile = new java.io.File(((pathPrefix + java.lang.Integer.toString(counter)) + .png)): null

2018-12-13 14:25:18 - [TEST_STEP][PASSED] - Statement - counter = counter + 1: null

2018-12-13 14:25:18 - [TEST_STEP][PASSED] - Statement - PreSaveFile = new java.io.File(((pathPrefix + java.lang.Integer.toString(counter)) + .png)): null

2018-12-13 14:25:18 - [TEST_STEP][PASSED] - Statement - counter = counter + 1: null

2018-12-13 14:25:18 - [TEST_STEP][PASSED] - Statement - PreSaveFile = new java.io.File(((pathPrefix + java.lang.Integer.toString(counter)) + .png)): null

2018-12-13 14:25:18 - [TEST_STEP][PASSED] - Statement - counter = counter + 1: null

2018-12-13 14:25:18 - [TEST_STEP][PASSED] - Statement - PreSaveFile = new java.io.File(((pathPrefix + java.lang.Integer.toString(counter)) + .png)): null

2018-12-13 14:25:18 - [TEST_STEP][PASSED] - Statement - counter = counter + 1: null

2018-12-13 14:25:18 - [TEST_STEP][PASSED] - Statement - PreSaveFile = new java.io.File(((pathPrefix + java.lang.Integer.toString(counter)) + .png)): null

2018-12-13 14:25:18 - [TEST_STEP][PASSED] - Statement - counter = counter + 1: null

2018-12-13 14:25:18 - [TEST_STEP][PASSED] - Statement - PreSaveFile = new java.io.File(((pathPrefix + java.lang.Integer.toString(counter)) + .png)): null

2018-12-13 14:25:18 - [TEST_STEP][PASSED] - Statement - counter = counter + 1: null

2018-12-13 14:25:18 - [TEST_STEP][PASSED] - Statement - PreSaveFile = new java.io.File(((pathPrefix + java.lang.Integer.toString(counter)) + .png)): null

2018-12-13 14:25:18 - [TEST_STEP][PASSED] - Statement - counter = counter + 1: null

2018-12-13 14:25:18 - [TEST_STEP][PASSED] - Statement - PreSaveFile = new java.io.File(((pathPrefix + java.lang.Integer.toString(counter)) + .png)): null

2018-12-13 14:25:18 - [TEST_STEP][PASSED] - Statement - counter = counter + 1: null

2018-12-13 14:25:18 - [TEST_STEP][PASSED] - Statement - PreSaveFile = new java.io.File(((pathPrefix + java.lang.Integer.toString(counter)) + .png)): null

2018-12-13 14:25:18 - [TEST_STEP][PASSED] - Statement - counter = counter + 1: null

2018-12-13 14:25:18 - [TEST_STEP][PASSED] - Statement - PreSaveFile = new java.io.File(((pathPrefix + java.lang.Integer.toString(counter)) + .png)): null

2018-12-13 14:25:18 - [TEST_STEP][PASSED] - Statement - counter = counter + 1: null

2018-12-13 14:25:18 - [TEST_STEP][PASSED] - Statement - PreSaveFile = new java.io.File(((pathPrefix + java.lang.Integer.toString(counter)) + .png)): null

2018-12-13 14:25:18 - [TEST_STEP][PASSED] - Statement - counter = counter + 1: null

2018-12-13 14:25:18 - [TEST_STEP][PASSED] - Statement - PreSaveFile = new java.io.File(((pathPrefix + java.lang.Integer.toString(counter)) + .png)): null

2018-12-13 14:25:18 - [TEST_STEP][PASSED] - Statement - counter = counter + 1: null

2018-12-13 14:25:18 - [TEST_STEP][PASSED] - Statement - PreSaveFile = new java.io.File(((pathPrefix + java.lang.Integer.toString(counter)) + .png)): null

2018-12-13 14:25:18 - [TEST_STEP][PASSED] - Statement - counter = counter + 1: null

2018-12-13 14:25:18 - [TEST_STEP][PASSED] - Statement - PreSaveFile = new java.io.File(((pathPrefix + java.lang.Integer.toString(counter)) + .png)): null

2018-12-13 14:25:18 - [TEST_STEP][PASSED] - Statement - counter = counter + 1: null

2018-12-13 14:25:18 - [TEST_STEP][PASSED] - Statement - PreSaveFile = new java.io.File(((pathPrefix + java.lang.Integer.toString(counter)) + .png)): null

2018-12-13 14:25:18 - [TEST_STEP][PASSED] - Statement - counter = counter + 1: null

2018-12-13 14:25:18 - [TEST_STEP][PASSED] - Statement - PreSaveFile = new java.io.File(((pathPrefix + java.lang.Integer.toString(counter)) + .png)): null

2018-12-13 14:25:18 - [TEST_STEP][PASSED] - Statement - counter = counter + 1: null

2018-12-13 14:25:18 - [TEST_STEP][PASSED] - Statement - PreSaveFile = new java.io.File(((pathPrefix + java.lang.Integer.toString(counter)) + .png)): null

2018-12-13 14:25:18 - [TEST_STEP][PASSED] - Statement - counter = counter + 1: null

2018-12-13 14:25:18 - [TEST_STEP][PASSED] - Statement - PreSaveFile = new java.io.File(((pathPrefix + java.lang.Integer.toString(counter)) + .png)): null

2018-12-13 14:25:18 - [TEST_STEP][PASSED] - Statement - counter = counter + 1: null

2018-12-13 14:25:18 - [TEST_STEP][PASSED] - Statement - PreSaveFile = new java.io.File(((pathPrefix + java.lang.Integer.toString(counter)) + .png)): null

2018-12-13 14:25:18 - [TEST_STEP][PASSED] - Statement - counter = counter + 1: null

2018-12-13 14:25:18 - [TEST_STEP][PASSED] - Statement - PreSaveFile = new java.io.File(((pathPrefix + java.lang.Integer.toString(counter)) + .png)): null

2018-12-13 14:25:18 - [TEST_STEP][PASSED] - Statement - counter = counter + 1: null

2018-12-13 14:25:18 - [TEST_STEP][PASSED] - Statement - PreSaveFile = new java.io.File(((pathPrefix + java.lang.Integer.toString(counter)) + .png)): null

2018-12-13 14:25:18 - [TEST_STEP][PASSED] - Statement - counter = counter + 1: null

2018-12-13 14:25:18 - [TEST_STEP][PASSED] - Statement - PreSaveFile = new java.io.File(((pathPrefix + java.lang.Integer.toString(counter)) + .png)): null

2018-12-13 14:25:18 - [TEST_STEP][PASSED] - Statement - counter = counter + 1: null

2018-12-13 14:25:18 - [TEST_STEP][PASSED] - Statement - PreSaveFile = new java.io.File(((pathPrefix + java.lang.Integer.toString(counter)) + .png)): null

2018-12-13 14:25:18 - [TEST_STEP][PASSED] - Statement - counter = counter + 1: null

2018-12-13 14:25:18 - [TEST_STEP][PASSED] - Statement - PreSaveFile = new java.io.File(((pathPrefix + java.lang.Integer.toString(counter)) + .png)): null

2018-12-13 14:25:18 - [TEST_STEP][PASSED] - Statement - counter = counter + 1: null

2018-12-13 14:25:18 - [TEST_STEP][PASSED] - Statement - PreSaveFile = new java.io.File(((pathPrefix + java.lang.Integer.toString(counter)) + .png)): null

2018-12-13 14:25:18 - [TEST_STEP][PASSED] - Statement - counter = counter + 1: null

2018-12-13 14:25:18 - [TEST_STEP][PASSED] - Statement - PreSaveFile = new java.io.File(((pathPrefix + java.lang.Integer.toString(counter)) + .png)): null

2018-12-13 14:25:18 - [TEST_STEP][PASSED] - Statement - counter = counter + 1: null

2018-12-13 14:25:18 - [TEST_STEP][PASSED] - Statement - PreSaveFile = new java.io.File(((pathPrefix + java.lang.Integer.toString(counter)) + .png)): null

2018-12-13 14:25:18 - [TEST_STEP][PASSED] - Statement - counter = counter + 1: null

2018-12-13 14:25:18 - [TEST_STEP][PASSED] - Statement - PreSaveFile = new java.io.File(((pathPrefix + java.lang.Integer.toString(counter)) + .png)): null

2018-12-13 14:25:18 - [TEST_STEP][PASSED] - Statement - counter = counter + 1: null

2018-12-13 14:25:18 - [TEST_STEP][PASSED] - Statement - PreSaveFile = new java.io.File(((pathPrefix + java.lang.Integer.toString(counter)) + .png)): null

2018-12-13 14:25:18 - [TEST_STEP][PASSED] - Statement - counter = counter + 1: null

2018-12-13 14:25:18 - [TEST_STEP][PASSED] - Statement - PreSaveFile = new java.io.File(((pathPrefix + java.lang.Integer.toString(counter)) + .png)): null

2018-12-13 14:25:18 - [TEST_STEP][PASSED] - Statement - counter = counter + 1: null

2018-12-13 14:25:18 - [TEST_STEP][PASSED] - Statement - PreSaveFile = new java.io.File(((pathPrefix + java.lang.Integer.toString(counter)) + .png)): null

2018-12-13 14:25:18 - [TEST_STEP][PASSED] - Statement - counter = counter + 1: null

2018-12-13 14:25:18 - [TEST_STEP][PASSED] - Statement - PreSaveFile = new java.io.File(((pathPrefix + java.lang.Integer.toString(counter)) + .png)): null

2018-12-13 14:25:18 - [TEST_STEP][PASSED] - Statement - counter = counter + 1: null

2018-12-13 14:25:18 - [TEST_STEP][PASSED] - Statement - PreSaveFile = new java.io.File(((pathPrefix + java.lang.Integer.toString(counter)) + .png)): null

2018-12-13 14:25:18 - [TEST_STEP][PASSED] - Statement - counter = counter + 1: null

2018-12-13 14:25:18 - [TEST_STEP][PASSED] - Statement - PreSaveFile = new java.io.File(((pathPrefix + java.lang.Integer.toString(counter)) + .png)): null

2018-12-13 14:25:18 - [TEST_STEP][PASSED] - Statement - counter = counter + 1: null

2018-12-13 14:25:18 - [TEST_STEP][PASSED] - Statement - PreSaveFile = new java.io.File(((pathPrefix + java.lang.Integer.toString(counter)) + .png)): null

2018-12-13 14:25:18 - [TEST_STEP][PASSED] - Statement - counter = counter + 1: null

2018-12-13 14:25:18 - [TEST_STEP][PASSED] - Statement - PreSaveFile = new java.io.File(((pathPrefix + java.lang.Integer.toString(counter)) + .png)): null

2018-12-13 14:25:18 - [TEST_STEP][PASSED] - Statement - counter = counter + 1: null

2018-12-13 14:25:18 - [TEST_STEP][PASSED] - Statement - PreSaveFile = new java.io.File(((pathPrefix + java.lang.Integer.toString(counter)) + .png)): null

2018-12-13 14:25:18 - [TEST_STEP][PASSED] - Statement - counter = counter + 1: null

2018-12-13 14:25:18 - [TEST_STEP][PASSED] - Statement - PreSaveFile = new java.io.File(((pathPrefix + java.lang.Integer.toString(counter)) + .png)): null

2018-12-13 14:25:18 - [TEST_STEP][PASSED] - Statement - counter = counter + 1: null

2018-12-13 14:25:18 - [TEST_STEP][PASSED] - Statement - PreSaveFile = new java.io.File(((pathPrefix + java.lang.Integer.toString(counter)) + .png)): null

2018-12-13 14:25:18 - [TEST_STEP][PASSED] - Statement - counter = counter + 1: null

2018-12-13 14:25:18 - [TEST_STEP][PASSED] - Statement - PreSaveFile = new java.io.File(((pathPrefix + java.lang.Integer.toString(counter)) + .png)): null

2018-12-13 14:25:18 - [TEST_STEP][PASSED] - Statement - counter = counter + 1: null

2018-12-13 14:25:18 - [TEST_STEP][PASSED] - Statement - PreSaveFile = new java.io.File(((pathPrefix + java.lang.Integer.toString(counter)) + .png)): null

2018-12-13 14:25:18 - [TEST_STEP][PASSED] - Statement - counter = counter + 1: null

2018-12-13 14:25:18 - [TEST_STEP][PASSED] - Statement - PreSaveFile = new java.io.File(((pathPrefix + java.lang.Integer.toString(counter)) + .png)): null

2018-12-13 14:25:18 - [TEST_STEP][PASSED] - Statement - counter = counter + 1: null

2018-12-13 14:25:18 - [TEST_STEP][PASSED] - Statement - PreSaveFile = new java.io.File(((pathPrefix + java.lang.Integer.toString(counter)) + .png)): null

2018-12-13 14:25:18 - [TEST_STEP][PASSED] - Statement - counter = counter + 1: null

2018-12-13 14:25:18 - [TEST_STEP][PASSED] - Statement - PreSaveFile = new java.io.File(((pathPrefix + java.lang.Integer.toString(counter)) + .png)): null

2018-12-13 14:25:18 - [TEST_STEP][PASSED] - Statement - counter = counter + 1: null

2018-12-13 14:25:18 - [TEST_STEP][PASSED] - Statement - PreSaveFile = new java.io.File(((pathPrefix + java.lang.Integer.toString(counter)) + .png)): null

2018-12-13 14:25:18 - [TEST_STEP][PASSED] - Statement - counter = counter + 1: null

2018-12-13 14:25:18 - [TEST_STEP][PASSED] - Statement - PreSaveFile = new java.io.File(((pathPrefix + java.lang.Integer.toString(counter)) + .png)): null

2018-12-13 14:25:18 - [TEST_STEP][PASSED] - Statement - counter = counter + 1: null

2018-12-13 14:25:18 - [TEST_STEP][PASSED] - Statement - PreSaveFile = new java.io.File(((pathPrefix + java.lang.Integer.toString(counter)) + .png)): null

2018-12-13 14:25:18 - [TEST_STEP][PASSED] - Statement - counter = counter + 1: null

2018-12-13 14:25:18 - [TEST_STEP][PASSED] - Statement - PreSaveFile = new java.io.File(((pathPrefix + java.lang.Integer.toString(counter)) + .png)): null

2018-12-13 14:25:18 - [TEST_STEP][PASSED] - Statement - counter = counter + 1: null

2018-12-13 14:25:18 - [TEST_STEP][PASSED] - Statement - PreSaveFile = new java.io.File(((pathPrefix + java.lang.Integer.toString(counter)) + .png)): null

2018-12-13 14:25:18 - [TEST_STEP][PASSED] - Statement - counter = counter + 1: null

2018-12-13 14:25:18 - [TEST_STEP][PASSED] - Statement - PreSaveFile = new java.io.File(((pathPrefix + java.lang.Integer.toString(counter)) + .png)): null

2018-12-13 14:25:18 - [TEST_STEP][PASSED] - Statement - counter = counter + 1: null

2018-12-13 14:25:18 - [TEST_STEP][PASSED] - Statement - PreSaveFile = new java.io.File(((pathPrefix + java.lang.Integer.toString(counter)) + .png)): null

2018-12-13 14:25:18 - [TEST_STEP][PASSED] - Statement - counter = counter + 1: null

2018-12-13 14:25:18 - [TEST_STEP][PASSED] - Statement - PreSaveFile = new java.io.File(((pathPrefix + java.lang.Integer.toString(counter)) + .png)): null

2018-12-13 14:25:18 - [TEST_STEP][PASSED] - Statement - finalPath = pathPrefix + java.lang.Integer.toString(counter) + ".png": null

2018-12-13 14:25:18 - [TEST_STEP][PASSED] - Statement - SaveFile = new java.io.File(finalPath): null

2018-12-13 14:25:18 - [TEST_STEP][PASSED] - Statement - Try: null

2018-12-13 14:25:18 - [TEST_STEP][PASSED] - Statement - org.apache.commons.io.FileUtils.copyFile(scrFile, SaveFile): null

2018-12-13 14:25:18 - [TEST_STEP][PASSED] - Statement - out.println("file kept"): null

2018-12-13 14:25:18 - [TEST_STEP][PASSED] - delay: Delayed 10 second(s)

2018-12-13 14:25:28 - [MESSAGE][PASSED] - Delayed 10 second(s)

2018-12-13 14:25:28 - [MESSAGE][PASSED] - Call Test Case 'Test Cases/Final Aug 2018 - PKS Automation/Registration Module/New Registration/Submit and Screenshot/Submit Registration and Screenshot' successfully

2018-12-13 14:25:28 - [TEST_STEP][PASSED] - callTestCase: Call Test Case 'Test Cases/Final Aug 2018 - PKS Automation/Registration Module/Log Out/log out avoiding katalon tagging' successfully

2018-12-13 14:25:28 - [TEST_CASE][PASSED] - Test Cases/Final Aug 2018 - PKS Automation/Registration Module/Log Out/log out avoiding katalon tagging: Test Cases/Final Aug 2018 - PKS Automation/Registration Module/Log Out/log out avoiding katalon tagging

2018-12-13 14:25:28 - [TEST_STEP][PASSED] - navigateToUrl: Navigate to 'https://assist2-uat.perkeso.gov.my/c/portal/logout' successfully

2018-12-13 14:25:29 - [MESSAGE][PASSED] - Navigate to 'https://assist2-uat.perkeso.gov.my/c/portal/logout' successfully

2018-12-13 14:25:29 - [MESSAGE][PASSED] - Call Test Case 'Test Cases/Final Aug 2018 - PKS Automation/Registration Module/Log Out/log out avoiding katalon tagging' successfully

2018-12-13 14:25:29 - [TEST_STEP][PASSED] - callTestCase: Call Test Case 'Test Cases/Final Aug 2018 - PKS Automation/Common/Workflow Owner Finder' successfully

2018-12-13 14:25:29 - [TEST_CASE][PASSED] - Test Cases/Final Aug 2018 - PKS Automation/Common/Workflow Owner Finder: Test Cases/Final Aug 2018 - PKS Automation/Common/Workflow Owner Finder

2018-12-13 14:25:29 - [TEST_STEP][PASSED] - openBrowser: Browser is opened with url: ''

2018-12-13 14:25:29 - [MESSAGE][WARNING] - A browser is already opened. Closing browser and opening a new one

2018-12-13 14:25:33 - [MESSAGE][PASSED] - Browser is opened with url: ''

2018-12-13 14:25:33 - [TEST_STEP][PASSED] - navigateToUrl: Navigate to 'https://assist2-uat.perkeso.gov.my/login' successfully

2018-12-13 14:25:34 - [MESSAGE][PASSED] - Navigate to 'https://assist2-uat.perkeso.gov.my/login' successfully

2018-12-13 14:25:34 - [TEST_STEP][PASSED] - delay: Delayed 5 second(s)

2018-12-13 14:25:39 - [MESSAGE][PASSED] - Delayed 5 second(s)

2018-12-13 14:25:39 - [TEST_STEP][PASSED] - setText: Text 'test@liferay.com' is set on object 'Object Repository/Final Object Repo/Login Page/Internal User/Email Address'

2018-12-13 14:25:39 - [MESSAGE][PASSED] - Text 'test@liferay.com' is set on object 'Object Repository/Final Object Repo/Login Page/Internal User/Email Address'

2018-12-13 14:25:39 - [TEST_STEP][PASSED] - click: Object: 'Object Repository/Final Object Repo/Login Page/Internal User/Next Button' is clicked on

2018-12-13 14:25:39 - [MESSAGE][PASSED] - Object: 'Object Repository/Final Object Repo/Login Page/Internal User/Next Button' is clicked on

2018-12-13 14:25:39 - [TEST_STEP][PASSED] - delay: Delayed 2 second(s)

2018-12-13 14:25:41 - [MESSAGE][PASSED] - Delayed 2 second(s)

2018-12-13 14:25:41 - [TEST_STEP][PASSED] - setText: Text 'test' is set on object 'Object Repository/Final Object Repo/Login Page/Internal User/Password'

2018-12-13 14:25:42 - [MESSAGE][PASSED] - Text 'test' is set on object 'Object Repository/Final Object Repo/Login Page/Internal User/Password'

2018-12-13 14:25:42 - [TEST_STEP][PASSED] - delay: Delayed 2 second(s)

2018-12-13 14:25:44 - [MESSAGE][PASSED] - Delayed 2 second(s)

2018-12-13 14:25:44 - [TEST_STEP][PASSED] - click: Object: 'Object Repository/Final Object Repo/Login Page/Internal User/Login Button' is clicked on

2018-12-13 14:25:44 - [MESSAGE][PASSED] - Object: 'Object Repository/Final Object Repo/Login Page/Internal User/Login Button' is clicked on

2018-12-13 14:25:44 - [TEST_STEP][PASSED] - Statement - tester = com.kms.katalon.core.testobject.ObjectRepository.findTestObject(Final Object Repo/Landing Page/Select to English): Finding Test Object with id 'Object Repository/Final Object Repo/Landing Page/Select to English'

2018-12-13 14:25:44 - [TEST_STEP][PASSED] - Statement - Try: Delayed 2 second(s)

2018-12-13 14:25:44 - [TEST_STEP][PASSED] - Statement - Checker = com.kms.katalon.core.webui.keyword.WebUiBuiltInKeywords.verifyElementNotPresent(tester, 3): Web element with id: 'Object Repository/Final Object Repo/Landing Page/Select to English' located by 'By.xpath: //a[@class = 'taglib-language-list-text' and @lang = 'en-US' and (contains(text(), 'EN') or contains(., 'EN'))]' is not present after '3' second(s)

2018-12-13 14:25:46 - [MESSAGE][PASSED] - Web element with id: 'Object Repository/Final Object Repo/Landing Page/Select to English' located by 'By.xpath: //a[@class = 'taglib-language-list-text' and @lang = 'en-US' and (contains(text(), 'EN') or contains(., 'EN'))]' is not present after '3' second(s)

2018-12-13 14:25:46 - [TEST_STEP][PASSED] - Statement - If (Checker == false): null

2018-12-13 14:25:46 - [TEST_STEP][PASSED] - delay: Delayed 2 second(s)

2018-12-13 14:25:48 - [MESSAGE][PASSED] - Delayed 2 second(s)

2018-12-13 14:25:48 - [TEST_STEP][PASSED] - delay: Delayed 5 second(s)

2018-12-13 14:25:53 - [MESSAGE][PASSED] - Delayed 5 second(s)

2018-12-13 14:25:53 - [TEST_STEP][PASSED] - mouseOver: Object: 'Object Repository/Final Object Repo/Landing Page/WorkFlow Menu' is hovered

2018-12-13 14:25:53 - [MESSAGE][PASSED] - Object: 'Object Repository/Final Object Repo/Landing Page/WorkFlow Menu' is hovered

2018-12-13 14:25:53 - [TEST_STEP][PASSED] - delay: Delayed 2 second(s)

2018-12-13 14:25:55 - [MESSAGE][PASSED] - Delayed 2 second(s)

2018-12-13 14:25:55 - [TEST_STEP][PASSED] - click: Object: 'Object Repository/Final Object Repo/Landing Page/Select to Workflow Listing' is clicked on

2018-12-13 14:25:56 - [MESSAGE][PASSED] - Object: 'Object Repository/Final Object Repo/Landing Page/Select to Workflow Listing' is clicked on

2018-12-13 14:25:56 - [TEST_STEP][PASSED] - delay: Delayed 2 second(s)

2018-12-13 14:25:58 - [MESSAGE][PASSED] - Delayed 2 second(s)

2018-12-13 14:25:58 - [TEST_STEP][PASSED] - click: Object: 'Object Repository/Final Object Repo/WorkFlow Listing Page/Search Information - To Put Ref No' is clicked on

2018-12-13 14:25:58 - [MESSAGE][PASSED] - Object: 'Object Repository/Final Object Repo/WorkFlow Listing Page/Search Information - To Put Ref No' is clicked on

2018-12-13 14:25:58 - [TEST_STEP][PASSED] - delay: Delayed 2 second(s)

2018-12-13 14:26:00 - [MESSAGE][PASSED] - Delayed 2 second(s)

2018-12-13 14:26:00 - [TEST_STEP][PASSED] - callTestCase: Call Test Case 'Test Cases/Final Aug 2018 - PKS Automation/Common/Reference Number Getter' successfully

2018-12-13 14:26:00 - [TEST_CASE][PASSED] - Test Cases/Final Aug 2018 - PKS Automation/Common/Reference Number Getter: Test Cases/Final Aug 2018 - PKS Automation/Common/Reference Number Getter

2018-12-13 14:26:00 - [TEST_STEP][PASSED] - Statement - Try: null

2018-12-13 14:26:00 - [TEST_STEP][PASSED] - Statement - RefNo = new java.io.File(C://Users//Admin//Desktop//PKS//Automation Reference Point//KatalonReference.txt): null

2018-12-13 14:26:00 - [TEST_STEP][PASSED] - Statement - bufferread = new java.io.BufferedReader(new java.io.FileReader(RefNo)): null

2018-12-13 14:26:00 - [TEST_STEP][PASSED] - Statement - readedVal = bufferread.readLine(): null

2018-12-13 14:26:00 - [TEST_STEP][PASSED] - Statement - out.println(CaseReferenceNo): null

2018-12-13 14:26:00 - [TEST_STEP][PASSED] - Statement - out.println(readedVal): null

2018-12-13 14:26:00 - [TEST_STEP][PASSED] - Statement - CaseReferenceNo = "": null

2018-12-13 14:26:00 - [TEST_STEP][PASSED] - Statement - CaseReferenceNo = readedVal: null

2018-12-13 14:26:00 - [MESSAGE][PASSED] - Call Test Case 'Test Cases/Final Aug 2018 - PKS Automation/Common/Reference Number Getter' successfully

2018-12-13 14:26:00 - [TEST_STEP][PASSED] - setText: Text 'CRN12201800123281' is set on object 'Object Repository/Final Object Repo/WorkFlow Listing Page/Ref No Set Text'

2018-12-13 14:26:00 - [MESSAGE][PASSED] - Text 'CRN12201800123281' is set on object 'Object Repository/Final Object Repo/WorkFlow Listing Page/Ref No Set Text'

2018-12-13 14:26:00 - [TEST_STEP][PASSED] - delay: Delayed 2 second(s)

2018-12-13 14:26:02 - [MESSAGE][PASSED] - Delayed 2 second(s)

2018-12-13 14:26:02 - [TEST_STEP][PASSED] - click: Object: 'Object Repository/Final Object Repo/WorkFlow Listing Page/Search Ref No Search Button' is clicked on

2018-12-13 14:26:03 - [MESSAGE][PASSED] - Object: 'Object Repository/Final Object Repo/WorkFlow Listing Page/Search Ref No Search Button' is clicked on

2018-12-13 14:26:03 - [TEST_STEP][PASSED] - delay: Delayed 6 second(s)

2018-12-13 14:26:09 - [MESSAGE][PASSED] - Delayed 6 second(s)

2018-12-13 14:26:09 - [TEST_STEP][PASSED] - click: Object: 'Object Repository/Final Object Repo/WorkFlow Listing Page/Click Continue Tooltip' is clicked on

2018-12-13 14:26:10 - [MESSAGE][PASSED] - Object: 'Object Repository/Final Object Repo/WorkFlow Listing Page/Click Continue Tooltip' is clicked on

2018-12-13 14:26:10 - [TEST_STEP][PASSED] - delay: Delayed 5 second(s)

2018-12-13 14:26:15 - [MESSAGE][PASSED] - Delayed 5 second(s)

2018-12-13 14:26:15 - [TEST_STEP][PASSED] - doubleClick: Object: 'Object Repository/Final Object Repo/WorkFlow Listing Page/Workflow Found - Listing 1' is double clicked on

2018-12-13 14:26:15 - [MESSAGE][PASSED] - Object: 'Object Repository/Final Object Repo/WorkFlow Listing Page/Workflow Found - Listing 1' is double clicked on

2018-12-13 14:26:15 - [TEST_STEP][PASSED] - Statement - println(OwnerID): null

2018-12-13 14:26:15 - [TEST_STEP][PASSED] - Statement - OwnerID = com.kms.katalon.core.webui.keyword.WebUiBuiltInKeywords.getText(com.kms.katalon.core.testobject.ObjectRepository.findTestObject(Final Object Repo/WorkFlow Listing Page/Workflow Found - Listing 1), STOP_ON_FAILURE): Text of object 'Object Repository/Final Object Repo/WorkFlow Listing Page/Workflow Found - Listing 1' is: 'KLpkrbo1'

2018-12-13 14:26:15 - [MESSAGE][PASSED] - Text of object 'Object Repository/Final Object Repo/WorkFlow Listing Page/Workflow Found - Listing 1' is: 'KLpkrbo1'

2018-12-13 14:26:15 - [TEST_STEP][PASSED] - Statement - OwnerID = OwnerID.toLowerCase() + "@gmail.com": null

2018-12-13 14:26:15 - [TEST_STEP][PASSED] - Statement - println(OwnerID): null

2018-12-13 14:26:15 - [TEST_STEP][PASSED] - delay: Delayed 2 second(s)

2018-12-13 14:26:17 - [MESSAGE][PASSED] - Delayed 2 second(s)

2018-12-13 14:26:17 - [MESSAGE][PASSED] - Call Test Case 'Test Cases/Final Aug 2018 - PKS Automation/Common/Workflow Owner Finder' successfully

2018-12-13 14:26:17 - [TEST_STEP][PASSED] - callTestCase: Call Test Case 'Test Cases/Final Aug 2018 - PKS Automation/Registration Module/Log Out/log out avoiding katalon tagging' successfully

2018-12-13 14:26:17 - [TEST_CASE][PASSED] - Test Cases/Final Aug 2018 - PKS Automation/Registration Module/Log Out/log out avoiding katalon tagging: Test Cases/Final Aug 2018 - PKS Automation/Registration Module/Log Out/log out avoiding katalon tagging

2018-12-13 14:26:17 - [TEST_STEP][PASSED] - navigateToUrl: Navigate to 'https://assist2-uat.perkeso.gov.my/c/portal/logout' successfully

2018-12-13 14:26:18 - [MESSAGE][PASSED] - Navigate to 'https://assist2-uat.perkeso.gov.my/c/portal/logout' successfully

2018-12-13 14:26:18 - [MESSAGE][PASSED] - Call Test Case 'Test Cases/Final Aug 2018 - PKS Automation/Registration Module/Log Out/log out avoiding katalon tagging' successfully

2018-12-13 14:26:18 - [TEST_STEP][PASSED] - delay: Delayed 2 second(s)

2018-12-13 14:26:20 - [MESSAGE][PASSED] - Delayed 2 second(s)

2018-12-13 14:26:20 - [TEST_STEP][PASSED] - setText: Text 'klpkrbo1@gmail.com' is set on object 'Object Repository/Final Object Repo/New Registration - Registration Module Pages/New Reg - OTC to RO/Special Case - All Related Objects/Email TextBox'

2018-12-13 14:26:20 - [MESSAGE][PASSED] - Text 'klpkrbo1@gmail.com' is set on object 'Object Repository/Final Object Repo/New Registration - Registration Module Pages/New Reg - OTC to RO/Special Case - All Related Objects/Email TextBox'

2018-12-13 14:26:20 - [TEST_STEP][PASSED] - click: Object: 'Object Repository/Final Object Repo/New Registration - Registration Module Pages/New Reg - OTC to RO/Special Case - All Related Objects/Next Button' is clicked on

2018-12-13 14:26:20 - [MESSAGE][PASSED] - Object: 'Object Repository/Final Object Repo/New Registration - Registration Module Pages/New Reg - OTC to RO/Special Case - All Related Objects/Next Button' is clicked on

2018-12-13 14:26:20 - [TEST_STEP][PASSED] - delay: Delayed 2 second(s)

2018-12-13 14:26:22 - [MESSAGE][PASSED] - Delayed 2 second(s)

2018-12-13 14:26:22 - [TEST_STEP][PASSED] - setText: Text 'Test1@3456789' is set on object 'Object Repository/Final Object Repo/New Registration - Registration Module Pages/New Reg - OTC to RO/Special Case - All Related Objects/Password TextBox'

2018-12-13 14:26:23 - [MESSAGE][PASSED] - Text 'Test1@3456789' is set on object 'Object Repository/Final Object Repo/New Registration - Registration Module Pages/New Reg - OTC to RO/Special Case - All Related Objects/Password TextBox'

2018-12-13 14:26:23 - [TEST_STEP][PASSED] - delay: Delayed 2 second(s)

2018-12-13 14:26:25 - [MESSAGE][PASSED] - Delayed 2 second(s)

2018-12-13 14:26:25 - [TEST_STEP][PASSED] - click: Object: 'Object Repository/Final Object Repo/New Registration - Registration Module Pages/New Reg - OTC to RO/Special Case - All Related Objects/Login Button' is clicked on

2018-12-13 14:26:25 - [MESSAGE][PASSED] - Object: 'Object Repository/Final Object Repo/New Registration - Registration Module Pages/New Reg - OTC to RO/Special Case - All Related Objects/Login Button' is clicked on

2018-12-13 14:26:25 - [TEST_STEP][PASSED] - delay: Delayed 2 second(s)

2018-12-13 14:26:27 - [MESSAGE][PASSED] - Delayed 2 second(s)

2018-12-13 14:26:27 - [TEST_STEP][PASSED] - Statement - Try: null

2018-12-13 14:26:27 - [TEST_STEP][PASSED] - Statement - Checker = com.kms.katalon.core.webui.keyword.WebUiBuiltInKeywords.verifyElementNotPresent("Final Object Repo/Landing Page/Select to English", 3): null

2018-12-13 14:26:27 - [TEST_STEP][PASSED] - Statement - Catch (Exception e): null

2018-12-13 14:26:27 - [TEST_STEP][PASSED] - Statement - e.printStackTrace(): null

2018-12-13 14:26:27 - [TEST_STEP][PASSED] - click: Object: 'Object Repository/Final Object Repo/New Registration - Registration Module Pages/New Reg - OTC to RO/Special Case - All Related Objects/Expand to Search' is clicked on

2018-12-13 14:26:27 - [MESSAGE][PASSED] - Object: 'Object Repository/Final Object Repo/New Registration - Registration Module Pages/New Reg - OTC to RO/Special Case - All Related Objects/Expand to Search' is clicked on

2018-12-13 14:26:27 - [TEST_STEP][PASSED] - delay: Delayed 2 second(s)

2018-12-13 14:26:29 - [MESSAGE][PASSED] - Delayed 2 second(s)

2018-12-13 14:26:29 - [TEST_STEP][PASSED] - setText: Text 'CRN12201800123281' is set on object 'Object Repository/Final Object Repo/New Registration - Registration Module Pages/New Reg - OTC to RO/Special Case - All Related Objects/TextBox RefNo in Workbasket'

2018-12-13 14:26:29 - [MESSAGE][PASSED] - Text 'CRN12201800123281' is set on object 'Object Repository/Final Object Repo/New Registration - Registration Module Pages/New Reg - OTC to RO/Special Case - All Related Objects/TextBox RefNo in Workbasket'

2018-12-13 14:26:29 - [TEST_STEP][PASSED] - delay: Delayed 2 second(s)

2018-12-13 14:26:31 - [MESSAGE][PASSED] - Delayed 2 second(s)

2018-12-13 14:26:31 - [TEST_STEP][PASSED] - click: Object: 'Object Repository/Final Object Repo/New Registration - Registration Module Pages/New Reg - OTC to RO/Special Case - All Related Objects/Click Search' is clicked on

2018-12-13 14:26:31 - [MESSAGE][PASSED] - Object: 'Object Repository/Final Object Repo/New Registration - Registration Module Pages/New Reg - OTC to RO/Special Case - All Related Objects/Click Search' is clicked on

2018-12-13 14:26:31 - [TEST_STEP][PASSED] - delay: Delayed 2 second(s)

2018-12-13 14:26:33 - [MESSAGE][PASSED] - Delayed 2 second(s)

2018-12-13 14:26:33 - [TEST_STEP][PASSED] - click: Object: 'Object Repository/Final Object Repo/New Registration - Registration Module Pages/New Reg - OTC to RO/Special Case - All Related Objects/Click to Continue Workflow' is clicked on

2018-12-13 14:26:35 - [MESSAGE][PASSED] - Object: 'Object Repository/Final Object Repo/New Registration - Registration Module Pages/New Reg - OTC to RO/Special Case - All Related Objects/Click to Continue Workflow' is clicked on

2018-12-13 14:26:35 - [TEST_STEP][PASSED] - delay: Delayed 2 second(s)

2018-12-13 14:26:37 - [MESSAGE][PASSED] - Delayed 2 second(s)

2018-12-13 14:26:37 - [TEST_STEP][PASSED] - click: Object: 'Object Repository/Final Object Repo/New Registration - Registration Module Pages/New Reg - OTC to RO/Special Case - All Related Objects/Form 1 Save n Continue' is clicked on

2018-12-13 14:26:38 - [MESSAGE][PASSED] - Object: 'Object Repository/Final Object Repo/New Registration - Registration Module Pages/New Reg - OTC to RO/Special Case - All Related Objects/Form 1 Save n Continue' is clicked on

2018-12-13 14:26:38 - [TEST_STEP][PASSED] - delay: Delayed 5 second(s)

2018-12-13 14:26:43 - [MESSAGE][PASSED] - Delayed 5 second(s)

2018-12-13 14:26:43 - [TEST_STEP][PASSED] - click: Object: 'Object Repository/Final Object Repo/New Registration - Registration Module Pages/New Reg - OTC to RO/Special Case - OTC - Form 1/Confirm No Flagging as Branch' is clicked on

2018-12-13 14:26:43 - [MESSAGE][PASSED] - Object: 'Object Repository/Final Object Repo/New Registration - Registration Module Pages/New Reg - OTC to RO/Special Case - OTC - Form 1/Confirm No Flagging as Branch' is clicked on

2018-12-13 14:26:43 - [TEST_STEP][PASSED] - delay: Delayed 2 second(s)

2018-12-13 14:26:45 - [MESSAGE][PASSED] - Delayed 2 second(s)

2018-12-13 14:26:45 - [TEST_STEP][PASSED] - click: Object: 'Object Repository/Final Object Repo/New Registration - Registration Module Pages/New Reg - OTC to RO/Special Case - All Related Objects/Form 2 Save n Continue' is clicked on

2018-12-13 14:26:45 - [MESSAGE][PASSED] - Object: 'Object Repository/Final Object Repo/New Registration - Registration Module Pages/New Reg - OTC to RO/Special Case - All Related Objects/Form 2 Save n Continue' is clicked on

2018-12-13 14:26:45 - [TEST_STEP][PASSED] - delay: Delayed 4 second(s)

2018-12-13 14:26:49 - [MESSAGE][PASSED] - Delayed 4 second(s)

2018-12-13 14:26:49 - [TEST_STEP][PASSED] - click: Object: 'Object Repository/Final Object Repo/New Registration - Registration Module Pages/New Reg - OTC to RO/Special Case - All Related Objects/Third Screen Save n Continue' is clicked on

2018-12-13 14:26:54 - [MESSAGE][PASSED] - Object: 'Object Repository/Final Object Repo/New Registration - Registration Module Pages/New Reg - OTC to RO/Special Case - All Related Objects/Third Screen Save n Continue' is clicked on

2018-12-13 14:26:54 - [TEST_STEP][PASSED] - delay: Delayed 5 second(s)

2018-12-13 14:26:59 - [MESSAGE][PASSED] - Delayed 5 second(s)

2018-12-13 14:26:59 - [TEST_STEP][PASSED] - click: Object: 'Object Repository/Final Object Repo/New Registration - Registration Module Pages/New Reg - OTC to RO/Special Case - All Related Objects/Upload Doc Page Save n Continue' is clicked on

2018-12-13 14:27:00 - [MESSAGE][PASSED] - Object: 'Object Repository/Final Object Repo/New Registration - Registration Module Pages/New Reg - OTC to RO/Special Case - All Related Objects/Upload Doc Page Save n Continue' is clicked on

2018-12-13 14:27:00 - [TEST_STEP][PASSED] - callTestCase: Call Test Case 'Test Cases/Final Aug 2018 - PKS Automation/Registration Module/New Registration/Submit and Screenshot/Submit Registration and Screenshot' successfully

2018-12-13 14:27:00 - [TEST_CASE][PASSED] - Test Cases/Final Aug 2018 - PKS Automation/Registration Module/New Registration/Submit and Screenshot/Submit Registration and Screenshot: Test Cases/Final Aug 2018 - PKS Automation/Registration Module/New Registration/Submit and Screenshot/Submit Registration and Screenshot

2018-12-13 14:27:00 - [TEST_STEP][PASSED] - delay: Delayed 6 second(s)

2018-12-13 14:27:06 - [MESSAGE][PASSED] - Delayed 6 second(s)

2018-12-13 14:27:06 - [TEST_STEP][PASSED] - click: Object: 'Object Repository/Final Object Repo/New Registration - Registration Module Pages/Third Screen - Upload Supporting Doc- Preview/Preview Submit Button' is clicked on

2018-12-13 14:27:06 - [MESSAGE][PASSED] - Object: 'Object Repository/Final Object Repo/New Registration - Registration Module Pages/Third Screen - Upload Supporting Doc- Preview/Preview Submit Button' is clicked on

2018-12-13 14:27:06 - [TEST_STEP][PASSED] - delay: Delayed 2 second(s)

2018-12-13 14:27:08 - [MESSAGE][PASSED] - Delayed 2 second(s)

2018-12-13 14:27:08 - [TEST_STEP][PASSED] - click: Object: 'Object Repository/Final Object Repo/New Registration - Registration Module Pages/Third Screen - Upload Supporting Doc- Preview/Preview Submit - Confirm' is clicked on

2018-12-13 14:27:08 - [MESSAGE][PASSED] - Object: 'Object Repository/Final Object Repo/New Registration - Registration Module Pages/Third Screen - Upload Supporting Doc- Preview/Preview Submit - Confirm' is clicked on

2018-12-13 14:27:08 - [TEST_STEP][PASSED] - delay: Delayed 15 second(s)

2018-12-13 14:27:23 - [MESSAGE][PASSED] - Delayed 15 second(s)

2018-12-13 14:27:23 - [TEST_STEP][PASSED] - Statement - driver = com.kms.katalon.core.webui.driver.DriverFactory.getWebDriver(): null

2018-12-13 14:27:23 - [TEST_STEP][PASSED] - Statement - driver.manage().timeouts().implicitlyWait(10, SECONDS): null

2018-12-13 14:27:23 - [TEST_STEP][PASSED] - Statement - PresavePath = KatalonScreenshots: null

2018-12-13 14:27:23 - [TEST_STEP][PASSED] - Statement - pathPrefix = "C:\Users\Public\Pictures\Sample Pictures\Katalon Screenshots\Automate Ending Screen": null

2018-12-13 14:27:23 - [TEST_STEP][PASSED] - Statement - finalPath = <not implemented yet for class: org.codehaus.groovy.ast.expr.EmptyExpression>: null

2018-12-13 14:27:23 - [TEST_STEP][PASSED] - Statement - scrFile = driver.getScreenshotAs(FILE): null

2018-12-13 14:27:23 - [TEST_STEP][PASSED] - Statement - PreSaveFile = new java.io.File(PresavePath): null

2018-12-13 14:27:23 - [TEST_STEP][PASSED] - Statement - counter = 0: null

2018-12-13 14:27:23 - [TEST_STEP][PASSED] - Statement - If (PreSaveFile.exists()): null

2018-12-13 14:27:23 - [TEST_STEP][PASSED] - Statement - While (PreSaveFile.exists()): null

2018-12-13 14:27:23 - [TEST_STEP][PASSED] - Statement - counter = counter + 1: null

2018-12-13 14:27:23 - [TEST_STEP][PASSED] - Statement - PreSaveFile = new java.io.File(((pathPrefix + java.lang.Integer.toString(counter)) + .png)): null

2018-12-13 14:27:23 - [TEST_STEP][PASSED] - Statement - counter = counter + 1: null

2018-12-13 14:27:23 - [TEST_STEP][PASSED] - Statement - PreSaveFile = new java.io.File(((pathPrefix + java.lang.Integer.toString(counter)) + .png)): null

2018-12-13 14:27:23 - [TEST_STEP][PASSED] - Statement - counter = counter + 1: null

2018-12-13 14:27:23 - [TEST_STEP][PASSED] - Statement - PreSaveFile = new java.io.File(((pathPrefix + java.lang.Integer.toString(counter)) + .png)): null

2018-12-13 14:27:23 - [TEST_STEP][PASSED] - Statement - counter = counter + 1: null

2018-12-13 14:27:23 - [TEST_STEP][PASSED] - Statement - PreSaveFile = new java.io.File(((pathPrefix + java.lang.Integer.toString(counter)) + .png)): null

2018-12-13 14:27:23 - [TEST_STEP][PASSED] - Statement - counter = counter + 1: null

2018-12-13 14:27:23 - [TEST_STEP][PASSED] - Statement - PreSaveFile = new java.io.File(((pathPrefix + java.lang.Integer.toString(counter)) + .png)): null

2018-12-13 14:27:23 - [TEST_STEP][PASSED] - Statement - counter = counter + 1: null

2018-12-13 14:27:23 - [TEST_STEP][PASSED] - Statement - PreSaveFile = new java.io.File(((pathPrefix + java.lang.Integer.toString(counter)) + .png)): null

2018-12-13 14:27:23 - [TEST_STEP][PASSED] - Statement - counter = counter + 1: null

2018-12-13 14:27:23 - [TEST_STEP][PASSED] - Statement - PreSaveFile = new java.io.File(((pathPrefix + java.lang.Integer.toString(counter)) + .png)): null

2018-12-13 14:27:23 - [TEST_STEP][PASSED] - Statement - counter = counter + 1: null

2018-12-13 14:27:23 - [TEST_STEP][PASSED] - Statement - PreSaveFile = new java.io.File(((pathPrefix + java.lang.Integer.toString(counter)) + .png)): null

2018-12-13 14:27:23 - [TEST_STEP][PASSED] - Statement - counter = counter + 1: null

2018-12-13 14:27:23 - [TEST_STEP][PASSED] - Statement - PreSaveFile = new java.io.File(((pathPrefix + java.lang.Integer.toString(counter)) + .png)): null

2018-12-13 14:27:23 - [TEST_STEP][PASSED] - Statement - counter = counter + 1: null

2018-12-13 14:27:23 - [TEST_STEP][PASSED] - Statement - PreSaveFile = new java.io.File(((pathPrefix + java.lang.Integer.toString(counter)) + .png)): null

2018-12-13 14:27:23 - [TEST_STEP][PASSED] - Statement - counter = counter + 1: null

2018-12-13 14:27:23 - [TEST_STEP][PASSED] - Statement - PreSaveFile = new java.io.File(((pathPrefix + java.lang.Integer.toString(counter)) + .png)): null

2018-12-13 14:27:23 - [TEST_STEP][PASSED] - Statement - counter = counter + 1: null

2018-12-13 14:27:23 - [TEST_STEP][PASSED] - Statement - PreSaveFile = new java.io.File(((pathPrefix + java.lang.Integer.toString(counter)) + .png)): null

2018-12-13 14:27:23 - [TEST_STEP][PASSED] - Statement - counter = counter + 1: null

2018-12-13 14:27:23 - [TEST_STEP][PASSED] - Statement - PreSaveFile = new java.io.File(((pathPrefix + java.lang.Integer.toString(counter)) + .png)): null

2018-12-13 14:27:23 - [TEST_STEP][PASSED] - Statement - counter = counter + 1: null

2018-12-13 14:27:23 - [TEST_STEP][PASSED] - Statement - PreSaveFile = new java.io.File(((pathPrefix + java.lang.Integer.toString(counter)) + .png)): null

2018-12-13 14:27:23 - [TEST_STEP][PASSED] - Statement - counter = counter + 1: null

2018-12-13 14:27:23 - [TEST_STEP][PASSED] - Statement - PreSaveFile = new java.io.File(((pathPrefix + java.lang.Integer.toString(counter)) + .png)): null

2018-12-13 14:27:23 - [TEST_STEP][PASSED] - Statement - counter = counter + 1: null

2018-12-13 14:27:23 - [TEST_STEP][PASSED] - Statement - PreSaveFile = new java.io.File(((pathPrefix + java.lang.Integer.toString(counter)) + .png)): null

2018-12-13 14:27:23 - [TEST_STEP][PASSED] - Statement - counter = counter + 1: null

2018-12-13 14:27:23 - [TEST_STEP][PASSED] - Statement - PreSaveFile = new java.io.File(((pathPrefix + java.lang.Integer.toString(counter)) + .png)): null

2018-12-13 14:27:23 - [TEST_STEP][PASSED] - Statement - counter = counter + 1: null

2018-12-13 14:27:23 - [TEST_STEP][PASSED] - Statement - PreSaveFile = new java.io.File(((pathPrefix + java.lang.Integer.toString(counter)) + .png)): null

2018-12-13 14:27:23 - [TEST_STEP][PASSED] - Statement - counter = counter + 1: null

2018-12-13 14:27:23 - [TEST_STEP][PASSED] - Statement - PreSaveFile = new java.io.File(((pathPrefix + java.lang.Integer.toString(counter)) + .png)): null

2018-12-13 14:27:23 - [TEST_STEP][PASSED] - Statement - counter = counter + 1: null

2018-12-13 14:27:23 - [TEST_STEP][PASSED] - Statement - PreSaveFile = new java.io.File(((pathPrefix + java.lang.Integer.toString(counter)) + .png)): null

2018-12-13 14:27:23 - [TEST_STEP][PASSED] - Statement - counter = counter + 1: null

2018-12-13 14:27:23 - [TEST_STEP][PASSED] - Statement - PreSaveFile = new java.io.File(((pathPrefix + java.lang.Integer.toString(counter)) + .png)): null

2018-12-13 14:27:23 - [TEST_STEP][PASSED] - Statement - counter = counter + 1: null

2018-12-13 14:27:23 - [TEST_STEP][PASSED] - Statement - PreSaveFile = new java.io.File(((pathPrefix + java.lang.Integer.toString(counter)) + .png)): null

2018-12-13 14:27:23 - [TEST_STEP][PASSED] - Statement - counter = counter + 1: null

2018-12-13 14:27:23 - [TEST_STEP][PASSED] - Statement - PreSaveFile = new java.io.File(((pathPrefix + java.lang.Integer.toString(counter)) + .png)): null

2018-12-13 14:27:23 - [TEST_STEP][PASSED] - Statement - counter = counter + 1: null

2018-12-13 14:27:23 - [TEST_STEP][PASSED] - Statement - PreSaveFile = new java.io.File(((pathPrefix + java.lang.Integer.toString(counter)) + .png)): null

2018-12-13 14:27:23 - [TEST_STEP][PASSED] - Statement - counter = counter + 1: null

2018-12-13 14:27:23 - [TEST_STEP][PASSED] - Statement - PreSaveFile = new java.io.File(((pathPrefix + java.lang.Integer.toString(counter)) + .png)): null

2018-12-13 14:27:23 - [TEST_STEP][PASSED] - Statement - counter = counter + 1: null

2018-12-13 14:27:23 - [TEST_STEP][PASSED] - Statement - PreSaveFile = new java.io.File(((pathPrefix + java.lang.Integer.toString(counter)) + .png)): null

2018-12-13 14:27:23 - [TEST_STEP][PASSED] - Statement - counter = counter + 1: null

2018-12-13 14:27:23 - [TEST_STEP][PASSED] - Statement - PreSaveFile = new java.io.File(((pathPrefix + java.lang.Integer.toString(counter)) + .png)): null

2018-12-13 14:27:23 - [TEST_STEP][PASSED] - Statement - counter = counter + 1: null

2018-12-13 14:27:23 - [TEST_STEP][PASSED] - Statement - PreSaveFile = new java.io.File(((pathPrefix + java.lang.Integer.toString(counter)) + .png)): null

2018-12-13 14:27:23 - [TEST_STEP][PASSED] - Statement - counter = counter + 1: null

2018-12-13 14:27:23 - [TEST_STEP][PASSED] - Statement - PreSaveFile = new java.io.File(((pathPrefix + java.lang.Integer.toString(counter)) + .png)): null

2018-12-13 14:27:23 - [TEST_STEP][PASSED] - Statement - counter = counter + 1: null

2018-12-13 14:27:23 - [TEST_STEP][PASSED] - Statement - PreSaveFile = new java.io.File(((pathPrefix + java.lang.Integer.toString(counter)) + .png)): null

2018-12-13 14:27:23 - [TEST_STEP][PASSED] - Statement - counter = counter + 1: null

2018-12-13 14:27:23 - [TEST_STEP][PASSED] - Statement - PreSaveFile = new java.io.File(((pathPrefix + java.lang.Integer.toString(counter)) + .png)): null

2018-12-13 14:27:23 - [TEST_STEP][PASSED] - Statement - counter = counter + 1: null

2018-12-13 14:27:23 - [TEST_STEP][PASSED] - Statement - PreSaveFile = new java.io.File(((pathPrefix + java.lang.Integer.toString(counter)) + .png)): null

2018-12-13 14:27:23 - [TEST_STEP][PASSED] - Statement - counter = counter + 1: null

2018-12-13 14:27:23 - [TEST_STEP][PASSED] - Statement - PreSaveFile = new java.io.File(((pathPrefix + java.lang.Integer.toString(counter)) + .png)): null

2018-12-13 14:27:23 - [TEST_STEP][PASSED] - Statement - counter = counter + 1: null

2018-12-13 14:27:23 - [TEST_STEP][PASSED] - Statement - PreSaveFile = new java.io.File(((pathPrefix + java.lang.Integer.toString(counter)) + .png)): null

2018-12-13 14:27:23 - [TEST_STEP][PASSED] - Statement - counter = counter + 1: null

2018-12-13 14:27:23 - [TEST_STEP][PASSED] - Statement - PreSaveFile = new java.io.File(((pathPrefix + java.lang.Integer.toString(counter)) + .png)): null

2018-12-13 14:27:23 - [TEST_STEP][PASSED] - Statement - counter = counter + 1: null

2018-12-13 14:27:23 - [TEST_STEP][PASSED] - Statement - PreSaveFile = new java.io.File(((pathPrefix + java.lang.Integer.toString(counter)) + .png)): null

2018-12-13 14:27:23 - [TEST_STEP][PASSED] - Statement - counter = counter + 1: null

2018-12-13 14:27:23 - [TEST_STEP][PASSED] - Statement - PreSaveFile = new java.io.File(((pathPrefix + java.lang.Integer.toString(counter)) + .png)): null

2018-12-13 14:27:23 - [TEST_STEP][PASSED] - Statement - counter = counter + 1: null

2018-12-13 14:27:23 - [TEST_STEP][PASSED] - Statement - PreSaveFile = new java.io.File(((pathPrefix + java.lang.Integer.toString(counter)) + .png)): null

2018-12-13 14:27:23 - [TEST_STEP][PASSED] - Statement - counter = counter + 1: null

2018-12-13 14:27:23 - [TEST_STEP][PASSED] - Statement - PreSaveFile = new java.io.File(((pathPrefix + java.lang.Integer.toString(counter)) + .png)): null

2018-12-13 14:27:23 - [TEST_STEP][PASSED] - Statement - counter = counter + 1: null

2018-12-13 14:27:23 - [TEST_STEP][PASSED] - Statement - PreSaveFile = new java.io.File(((pathPrefix + java.lang.Integer.toString(counter)) + .png)): null

2018-12-13 14:27:23 - [TEST_STEP][PASSED] - Statement - counter = counter + 1: null

2018-12-13 14:27:23 - [TEST_STEP][PASSED] - Statement - PreSaveFile = new java.io.File(((pathPrefix + java.lang.Integer.toString(counter)) + .png)): null

2018-12-13 14:27:23 - [TEST_STEP][PASSED] - Statement - counter = counter + 1: null

2018-12-13 14:27:23 - [TEST_STEP][PASSED] - Statement - PreSaveFile = new java.io.File(((pathPrefix + java.lang.Integer.toString(counter)) + .png)): null

2018-12-13 14:27:23 - [TEST_STEP][PASSED] - Statement - counter = counter + 1: null

2018-12-13 14:27:23 - [TEST_STEP][PASSED] - Statement - PreSaveFile = new java.io.File(((pathPrefix + java.lang.Integer.toString(counter)) + .png)): null

2018-12-13 14:27:23 - [TEST_STEP][PASSED] - Statement - counter = counter + 1: null

2018-12-13 14:27:23 - [TEST_STEP][PASSED] - Statement - PreSaveFile = new java.io.File(((pathPrefix + java.lang.Integer.toString(counter)) + .png)): null

2018-12-13 14:27:23 - [TEST_STEP][PASSED] - Statement - counter = counter + 1: null

2018-12-13 14:27:23 - [TEST_STEP][PASSED] - Statement - PreSaveFile = new java.io.File(((pathPrefix + java.lang.Integer.toString(counter)) + .png)): null

2018-12-13 14:27:23 - [TEST_STEP][PASSED] - Statement - counter = counter + 1: null

2018-12-13 14:27:23 - [TEST_STEP][PASSED] - Statement - PreSaveFile = new java.io.File(((pathPrefix + java.lang.Integer.toString(counter)) + .png)): null

2018-12-13 14:27:23 - [TEST_STEP][PASSED] - Statement - counter = counter + 1: null

2018-12-13 14:27:23 - [TEST_STEP][PASSED] - Statement - PreSaveFile = new java.io.File(((pathPrefix + java.lang.Integer.toString(counter)) + .png)): null

2018-12-13 14:27:23 - [TEST_STEP][PASSED] - Statement - counter = counter + 1: null

2018-12-13 14:27:23 - [TEST_STEP][PASSED] - Statement - PreSaveFile = new java.io.File(((pathPrefix + java.lang.Integer.toString(counter)) + .png)): null

2018-12-13 14:27:23 - [TEST_STEP][PASSED] - Statement - counter = counter + 1: null

2018-12-13 14:27:23 - [TEST_STEP][PASSED] - Statement - PreSaveFile = new java.io.File(((pathPrefix + java.lang.Integer.toString(counter)) + .png)): null

2018-12-13 14:27:23 - [TEST_STEP][PASSED] - Statement - counter = counter + 1: null

2018-12-13 14:27:23 - [TEST_STEP][PASSED] - Statement - PreSaveFile = new java.io.File(((pathPrefix + java.lang.Integer.toString(counter)) + .png)): null

2018-12-13 14:27:23 - [TEST_STEP][PASSED] - Statement - counter = counter + 1: null

2018-12-13 14:27:23 - [TEST_STEP][PASSED] - Statement - PreSaveFile = new java.io.File(((pathPrefix + java.lang.Integer.toString(counter)) + .png)): null

2018-12-13 14:27:23 - [TEST_STEP][PASSED] - Statement - counter = counter + 1: null

2018-12-13 14:27:23 - [TEST_STEP][PASSED] - Statement - PreSaveFile = new java.io.File(((pathPrefix + java.lang.Integer.toString(counter)) + .png)): null

2018-12-13 14:27:23 - [TEST_STEP][PASSED] - Statement - counter = counter + 1: null

2018-12-13 14:27:23 - [TEST_STEP][PASSED] - Statement - PreSaveFile = new java.io.File(((pathPrefix + java.lang.Integer.toString(counter)) + .png)): null

2018-12-13 14:27:23 - [TEST_STEP][PASSED] - Statement - counter = counter + 1: null

2018-12-13 14:27:23 - [TEST_STEP][PASSED] - Statement - PreSaveFile = new java.io.File(((pathPrefix + java.lang.Integer.toString(counter)) + .png)): null

2018-12-13 14:27:23 - [TEST_STEP][PASSED] - Statement - counter = counter + 1: null

2018-12-13 14:27:23 - [TEST_STEP][PASSED] - Statement - PreSaveFile = new java.io.File(((pathPrefix + java.lang.Integer.toString(counter)) + .png)): null

2018-12-13 14:27:24 - [TEST_STEP][PASSED] - Statement - counter = counter + 1: null

2018-12-13 14:27:24 - [TEST_STEP][PASSED] - Statement - PreSaveFile = new java.io.File(((pathPrefix + java.lang.Integer.toString(counter)) + .png)): null

2018-12-13 14:27:24 - [TEST_STEP][PASSED] - Statement - counter = counter + 1: null

2018-12-13 14:27:24 - [TEST_STEP][PASSED] - Statement - PreSaveFile = new java.io.File(((pathPrefix + java.lang.Integer.toString(counter)) + .png)): null

2018-12-13 14:27:24 - [TEST_STEP][PASSED] - Statement - counter = counter + 1: null

2018-12-13 14:27:24 - [TEST_STEP][PASSED] - Statement - PreSaveFile = new java.io.File(((pathPrefix + java.lang.Integer.toString(counter)) + .png)): null

2018-12-13 14:27:24 - [TEST_STEP][PASSED] - Statement - counter = counter + 1: null

2018-12-13 14:27:24 - [TEST_STEP][PASSED] - Statement - PreSaveFile = new java.io.File(((pathPrefix + java.lang.Integer.toString(counter)) + .png)): null

2018-12-13 14:27:24 - [TEST_STEP][PASSED] - Statement - counter = counter + 1: null

2018-12-13 14:27:24 - [TEST_STEP][PASSED] - Statement - PreSaveFile = new java.io.File(((pathPrefix + java.lang.Integer.toString(counter)) + .png)): null

2018-12-13 14:27:24 - [TEST_STEP][PASSED] - Statement - counter = counter + 1: null

2018-12-13 14:27:24 - [TEST_STEP][PASSED] - Statement - PreSaveFile = new java.io.File(((pathPrefix + java.lang.Integer.toString(counter)) + .png)): null

2018-12-13 14:27:24 - [TEST_STEP][PASSED] - Statement - counter = counter + 1: null

2018-12-13 14:27:24 - [TEST_STEP][PASSED] - Statement - PreSaveFile = new java.io.File(((pathPrefix + java.lang.Integer.toString(counter)) + .png)): null

2018-12-13 14:27:24 - [TEST_STEP][PASSED] - Statement - counter = counter + 1: null

2018-12-13 14:27:24 - [TEST_STEP][PASSED] - Statement - PreSaveFile = new java.io.File(((pathPrefix + java.lang.Integer.toString(counter)) + .png)): null

2018-12-13 14:27:24 - [TEST_STEP][PASSED] - Statement - counter = counter + 1: null

2018-12-13 14:27:24 - [TEST_STEP][PASSED] - Statement - PreSaveFile = new java.io.File(((pathPrefix + java.lang.Integer.toString(counter)) + .png)): null

2018-12-13 14:27:24 - [TEST_STEP][PASSED] - Statement - counter = counter + 1: null

2018-12-13 14:27:24 - [TEST_STEP][PASSED] - Statement - PreSaveFile = new java.io.File(((pathPrefix + java.lang.Integer.toString(counter)) + .png)): null

2018-12-13 14:27:24 - [TEST_STEP][PASSED] - Statement - counter = counter + 1: null

2018-12-13 14:27:24 - [TEST_STEP][PASSED] - Statement - PreSaveFile = new java.io.File(((pathPrefix + java.lang.Integer.toString(counter)) + .png)): null

2018-12-13 14:27:24 - [TEST_STEP][PASSED] - Statement - counter = counter + 1: null

2018-12-13 14:27:24 - [TEST_STEP][PASSED] - Statement - PreSaveFile = new java.io.File(((pathPrefix + java.lang.Integer.toString(counter)) + .png)): null

2018-12-13 14:27:24 - [TEST_STEP][PASSED] - Statement - counter = counter + 1: null

2018-12-13 14:27:24 - [TEST_STEP][PASSED] - Statement - PreSaveFile = new java.io.File(((pathPrefix + java.lang.Integer.toString(counter)) + .png)): null

2018-12-13 14:27:24 - [TEST_STEP][PASSED] - Statement - counter = counter + 1: null

2018-12-13 14:27:24 - [TEST_STEP][PASSED] - Statement - PreSaveFile = new java.io.File(((pathPrefix + java.lang.Integer.toString(counter)) + .png)): null

2018-12-13 14:27:24 - [TEST_STEP][PASSED] - Statement - counter = counter + 1: null

2018-12-13 14:27:24 - [TEST_STEP][PASSED] - Statement - PreSaveFile = new java.io.File(((pathPrefix + java.lang.Integer.toString(counter)) + .png)): null

2018-12-13 14:27:24 - [TEST_STEP][PASSED] - Statement - counter = counter + 1: null

2018-12-13 14:27:24 - [TEST_STEP][PASSED] - Statement - PreSaveFile = new java.io.File(((pathPrefix + java.lang.Integer.toString(counter)) + .png)): null

2018-12-13 14:27:24 - [TEST_STEP][PASSED] - Statement - counter = counter + 1: null

2018-12-13 14:27:24 - [TEST_STEP][PASSED] - Statement - PreSaveFile = new java.io.File(((pathPrefix + java.lang.Integer.toString(counter)) + .png)): null

2018-12-13 14:27:24 - [TEST_STEP][PASSED] - Statement - counter = counter + 1: null

2018-12-13 14:27:24 - [TEST_STEP][PASSED] - Statement - PreSaveFile = new java.io.File(((pathPrefix + java.lang.Integer.toString(counter)) + .png)): null

2018-12-13 14:27:24 - [TEST_STEP][PASSED] - Statement - counter = counter + 1: null

2018-12-13 14:27:24 - [TEST_STEP][PASSED] - Statement - PreSaveFile = new java.io.File(((pathPrefix + java.lang.Integer.toString(counter)) + .png)): null

2018-12-13 14:27:24 - [TEST_STEP][PASSED] - Statement - counter = counter + 1: null

2018-12-13 14:27:24 - [TEST_STEP][PASSED] - Statement - PreSaveFile = new java.io.File(((pathPrefix + java.lang.Integer.toString(counter)) + .png)): null

2018-12-13 14:27:24 - [TEST_STEP][PASSED] - Statement - counter = counter + 1: null

2018-12-13 14:27:24 - [TEST_STEP][PASSED] - Statement - PreSaveFile = new java.io.File(((pathPrefix + java.lang.Integer.toString(counter)) + .png)): null

2018-12-13 14:27:24 - [TEST_STEP][PASSED] - Statement - counter = counter + 1: null

2018-12-13 14:27:24 - [TEST_STEP][PASSED] - Statement - PreSaveFile = new java.io.File(((pathPrefix + java.lang.Integer.toString(counter)) + .png)): null

2018-12-13 14:27:24 - [TEST_STEP][PASSED] - Statement - counter = counter + 1: null

2018-12-13 14:27:24 - [TEST_STEP][PASSED] - Statement - PreSaveFile = new java.io.File(((pathPrefix + java.lang.Integer.toString(counter)) + .png)): null

2018-12-13 14:27:24 - [TEST_STEP][PASSED] - Statement - counter = counter + 1: null

2018-12-13 14:27:24 - [TEST_STEP][PASSED] - Statement - PreSaveFile = new java.io.File(((pathPrefix + java.lang.Integer.toString(counter)) + .png)): null

2018-12-13 14:27:24 - [TEST_STEP][PASSED] - Statement - counter = counter + 1: null

2018-12-13 14:27:24 - [TEST_STEP][PASSED] - Statement - PreSaveFile = new java.io.File(((pathPrefix + java.lang.Integer.toString(counter)) + .png)): null

2018-12-13 14:27:24 - [TEST_STEP][PASSED] - Statement - counter = counter + 1: null

2018-12-13 14:27:24 - [TEST_STEP][PASSED] - Statement - PreSaveFile = new java.io.File(((pathPrefix + java.lang.Integer.toString(counter)) + .png)): null

2018-12-13 14:27:24 - [TEST_STEP][PASSED] - Statement - counter = counter + 1: null

2018-12-13 14:27:24 - [TEST_STEP][PASSED] - Statement - PreSaveFile = new java.io.File(((pathPrefix + java.lang.Integer.toString(counter)) + .png)): null

2018-12-13 14:27:24 - [TEST_STEP][PASSED] - Statement - counter = counter + 1: null

2018-12-13 14:27:24 - [TEST_STEP][PASSED] - Statement - PreSaveFile = new java.io.File(((pathPrefix + java.lang.Integer.toString(counter)) + .png)): null

2018-12-13 14:27:24 - [TEST_STEP][PASSED] - Statement - counter = counter + 1: null

2018-12-13 14:27:24 - [TEST_STEP][PASSED] - Statement - PreSaveFile = new java.io.File(((pathPrefix + java.lang.Integer.toString(counter)) + .png)): null

2018-12-13 14:27:24 - [TEST_STEP][PASSED] - Statement - counter = counter + 1: null

2018-12-13 14:27:24 - [TEST_STEP][PASSED] - Statement - PreSaveFile = new java.io.File(((pathPrefix + java.lang.Integer.toString(counter)) + .png)): null

2018-12-13 14:27:24 - [TEST_STEP][PASSED] - Statement - counter = counter + 1: null

2018-12-13 14:27:24 - [TEST_STEP][PASSED] - Statement - PreSaveFile = new java.io.File(((pathPrefix + java.lang.Integer.toString(counter)) + .png)): null

2018-12-13 14:27:24 - [TEST_STEP][PASSED] - Statement - counter = counter + 1: null

2018-12-13 14:27:24 - [TEST_STEP][PASSED] - Statement - PreSaveFile = new java.io.File(((pathPrefix + java.lang.Integer.toString(counter)) + .png)): null

2018-12-13 14:27:24 - [TEST_STEP][PASSED] - Statement - counter = counter + 1: null

2018-12-13 14:27:24 - [TEST_STEP][PASSED] - Statement - PreSaveFile = new java.io.File(((pathPrefix + java.lang.Integer.toString(counter)) + .png)): null

2018-12-13 14:27:24 - [TEST_STEP][PASSED] - Statement - counter = counter + 1: null

2018-12-13 14:27:24 - [TEST_STEP][PASSED] - Statement - PreSaveFile = new java.io.File(((pathPrefix + java.lang.Integer.toString(counter)) + .png)): null

2018-12-13 14:27:24 - [TEST_STEP][PASSED] - Statement - counter = counter + 1: null

2018-12-13 14:27:24 - [TEST_STEP][PASSED] - Statement - PreSaveFile = new java.io.File(((pathPrefix + java.lang.Integer.toString(counter)) + .png)): null

2018-12-13 14:27:24 - [TEST_STEP][PASSED] - Statement - counter = counter + 1: null

2018-12-13 14:27:24 - [TEST_STEP][PASSED] - Statement - PreSaveFile = new java.io.File(((pathPrefix + java.lang.Integer.toString(counter)) + .png)): null

2018-12-13 14:27:24 - [TEST_STEP][PASSED] - Statement - counter = counter + 1: null

2018-12-13 14:27:24 - [TEST_STEP][PASSED] - Statement - PreSaveFile = new java.io.File(((pathPrefix + java.lang.Integer.toString(counter)) + .png)): null

2018-12-13 14:27:24 - [TEST_STEP][PASSED] - Statement - counter = counter + 1: null

2018-12-13 14:27:24 - [TEST_STEP][PASSED] - Statement - PreSaveFile = new java.io.File(((pathPrefix + java.lang.Integer.toString(counter)) + .png)): null

2018-12-13 14:27:24 - [TEST_STEP][PASSED] - Statement - counter = counter + 1: null

2018-12-13 14:27:24 - [TEST_STEP][PASSED] - Statement - PreSaveFile = new java.io.File(((pathPrefix + java.lang.Integer.toString(counter)) + .png)): null

2018-12-13 14:27:24 - [TEST_STEP][PASSED] - Statement - counter = counter + 1: null

2018-12-13 14:27:24 - [TEST_STEP][PASSED] - Statement - PreSaveFile = new java.io.File(((pathPrefix + java.lang.Integer.toString(counter)) + .png)): null

2018-12-13 14:27:24 - [TEST_STEP][PASSED] - Statement - counter = counter + 1: null

2018-12-13 14:27:24 - [TEST_STEP][PASSED] - Statement - PreSaveFile = new java.io.File(((pathPrefix + java.lang.Integer.toString(counter)) + .png)): null

2018-12-13 14:27:24 - [TEST_STEP][PASSED] - Statement - counter = counter + 1: null

2018-12-13 14:27:24 - [TEST_STEP][PASSED] - Statement - PreSaveFile = new java.io.File(((pathPrefix + java.lang.Integer.toString(counter)) + .png)): null

2018-12-13 14:27:24 - [TEST_STEP][PASSED] - Statement - counter = counter + 1: null

2018-12-13 14:27:24 - [TEST_STEP][PASSED] - Statement - PreSaveFile = new java.io.File(((pathPrefix + java.lang.Integer.toString(counter)) + .png)): null

2018-12-13 14:27:24 - [TEST_STEP][PASSED] - Statement - counter = counter + 1: null

2018-12-13 14:27:24 - [TEST_STEP][PASSED] - Statement - PreSaveFile = new java.io.File(((pathPrefix + java.lang.Integer.toString(counter)) + .png)): null

2018-12-13 14:27:24 - [TEST_STEP][PASSED] - Statement - counter = counter + 1: null

2018-12-13 14:27:24 - [TEST_STEP][PASSED] - Statement - PreSaveFile = new java.io.File(((pathPrefix + java.lang.Integer.toString(counter)) + .png)): null

2018-12-13 14:27:24 - [TEST_STEP][PASSED] - Statement - counter = counter + 1: null

2018-12-13 14:27:24 - [TEST_STEP][PASSED] - Statement - PreSaveFile = new java.io.File(((pathPrefix + java.lang.Integer.toString(counter)) + .png)): null

2018-12-13 14:27:24 - [TEST_STEP][PASSED] - Statement - counter = counter + 1: null

2018-12-13 14:27:24 - [TEST_STEP][PASSED] - Statement - PreSaveFile = new java.io.File(((pathPrefix + java.lang.Integer.toString(counter)) + .png)): null

2018-12-13 14:27:24 - [TEST_STEP][PASSED] - Statement - counter = counter + 1: null

2018-12-13 14:27:24 - [TEST_STEP][PASSED] - Statement - PreSaveFile = new java.io.File(((pathPrefix + java.lang.Integer.toString(counter)) + .png)): null

2018-12-13 14:27:24 - [TEST_STEP][PASSED] - Statement - counter = counter + 1: null

2018-12-13 14:27:24 - [TEST_STEP][PASSED] - Statement - PreSaveFile = new java.io.File(((pathPrefix + java.lang.Integer.toString(counter)) + .png)): null

2018-12-13 14:27:24 - [TEST_STEP][PASSED] - Statement - counter = counter + 1: null

2018-12-13 14:27:24 - [TEST_STEP][PASSED] - Statement - PreSaveFile = new java.io.File(((pathPrefix + java.lang.Integer.toString(counter)) + .png)): null

2018-12-13 14:27:24 - [TEST_STEP][PASSED] - Statement - counter = counter + 1: null

2018-12-13 14:27:24 - [TEST_STEP][PASSED] - Statement - PreSaveFile = new java.io.File(((pathPrefix + java.lang.Integer.toString(counter)) + .png)): null

2018-12-13 14:27:24 - [TEST_STEP][PASSED] - Statement - counter = counter + 1: null

2018-12-13 14:27:24 - [TEST_STEP][PASSED] - Statement - PreSaveFile = new java.io.File(((pathPrefix + java.lang.Integer.toString(counter)) + .png)): null

2018-12-13 14:27:24 - [TEST_STEP][PASSED] - Statement - counter = counter + 1: null

2018-12-13 14:27:24 - [TEST_STEP][PASSED] - Statement - PreSaveFile = new java.io.File(((pathPrefix + java.lang.Integer.toString(counter)) + .png)): null

2018-12-13 14:27:24 - [TEST_STEP][PASSED] - Statement - counter = counter + 1: null

2018-12-13 14:27:24 - [TEST_STEP][PASSED] - Statement - PreSaveFile = new java.io.File(((pathPrefix + java.lang.Integer.toString(counter)) + .png)): null

2018-12-13 14:27:24 - [TEST_STEP][PASSED] - Statement - counter = counter + 1: null

2018-12-13 14:27:24 - [TEST_STEP][PASSED] - Statement - PreSaveFile = new java.io.File(((pathPrefix + java.lang.Integer.toString(counter)) + .png)): null

2018-12-13 14:27:24 - [TEST_STEP][PASSED] - Statement - counter = counter + 1: null

2018-12-13 14:27:24 - [TEST_STEP][PASSED] - Statement - PreSaveFile = new java.io.File(((pathPrefix + java.lang.Integer.toString(counter)) + .png)): null

2018-12-13 14:27:24 - [TEST_STEP][PASSED] - Statement - counter = counter + 1: null

2018-12-13 14:27:24 - [TEST_STEP][PASSED] - Statement - PreSaveFile = new java.io.File(((pathPrefix + java.lang.Integer.toString(counter)) + .png)): null

2018-12-13 14:27:24 - [TEST_STEP][PASSED] - Statement - counter = counter + 1: null

2018-12-13 14:27:24 - [TEST_STEP][PASSED] - Statement - PreSaveFile = new java.io.File(((pathPrefix + java.lang.Integer.toString(counter)) + .png)): null

2018-12-13 14:27:24 - [TEST_STEP][PASSED] - Statement - counter = counter + 1: null

2018-12-13 14:27:24 - [TEST_STEP][PASSED] - Statement - PreSaveFile = new java.io.File(((pathPrefix + java.lang.Integer.toString(counter)) + .png)): null

2018-12-13 14:27:24 - [TEST_STEP][PASSED] - Statement - counter = counter + 1: null

2018-12-13 14:27:24 - [TEST_STEP][PASSED] - Statement - PreSaveFile = new java.io.File(((pathPrefix + java.lang.Integer.toString(counter)) + .png)): null

2018-12-13 14:27:24 - [TEST_STEP][PASSED] - Statement - counter = counter + 1: null

2018-12-13 14:27:24 - [TEST_STEP][PASSED] - Statement - PreSaveFile = new java.io.File(((pathPrefix + java.lang.Integer.toString(counter)) + .png)): null

2018-12-13 14:27:24 - [TEST_STEP][PASSED] - Statement - counter = counter + 1: null

2018-12-13 14:27:24 - [TEST_STEP][PASSED] - Statement - PreSaveFile = new java.io.File(((pathPrefix + java.lang.Integer.toString(counter)) + .png)): null

2018-12-13 14:27:24 - [TEST_STEP][PASSED] - Statement - counter = counter + 1: null

2018-12-13 14:27:24 - [TEST_STEP][PASSED] - Statement - PreSaveFile = new java.io.File(((pathPrefix + java.lang.Integer.toString(counter)) + .png)): null

2018-12-13 14:27:24 - [TEST_STEP][PASSED] - Statement - counter = counter + 1: null

2018-12-13 14:27:24 - [TEST_STEP][PASSED] - Statement - PreSaveFile = new java.io.File(((pathPrefix + java.lang.Integer.toString(counter)) + .png)): null

2018-12-13 14:27:24 - [TEST_STEP][PASSED] - Statement - counter = counter + 1: null

2018-12-13 14:27:24 - [TEST_STEP][PASSED] - Statement - PreSaveFile = new java.io.File(((pathPrefix + java.lang.Integer.toString(counter)) + .png)): null

2018-12-13 14:27:24 - [TEST_STEP][PASSED] - Statement - counter = counter + 1: null

2018-12-13 14:27:24 - [TEST_STEP][PASSED] - Statement - PreSaveFile = new java.io.File(((pathPrefix + java.lang.Integer.toString(counter)) + .png)): null

2018-12-13 14:27:24 - [TEST_STEP][PASSED] - Statement - counter = counter + 1: null

2018-12-13 14:27:24 - [TEST_STEP][PASSED] - Statement - PreSaveFile = new java.io.File(((pathPrefix + java.lang.Integer.toString(counter)) + .png)): null

2018-12-13 14:27:24 - [TEST_STEP][PASSED] - Statement - counter = counter + 1: null

2018-12-13 14:27:24 - [TEST_STEP][PASSED] - Statement - PreSaveFile = new java.io.File(((pathPrefix + java.lang.Integer.toString(counter)) + .png)): null

2018-12-13 14:27:24 - [TEST_STEP][PASSED] - Statement - counter = counter + 1: null

2018-12-13 14:27:24 - [TEST_STEP][PASSED] - Statement - PreSaveFile = new java.io.File(((pathPrefix + java.lang.Integer.toString(counter)) + .png)): null

2018-12-13 14:27:24 - [TEST_STEP][PASSED] - Statement - counter = counter + 1: null

2018-12-13 14:27:24 - [TEST_STEP][PASSED] - Statement - PreSaveFile = new java.io.File(((pathPrefix + java.lang.Integer.toString(counter)) + .png)): null

2018-12-13 14:27:24 - [TEST_STEP][PASSED] - Statement - counter = counter + 1: null

2018-12-13 14:27:24 - [TEST_STEP][PASSED] - Statement - PreSaveFile = new java.io.File(((pathPrefix + java.lang.Integer.toString(counter)) + .png)): null

2018-12-13 14:27:24 - [TEST_STEP][PASSED] - Statement - counter = counter + 1: null

2018-12-13 14:27:24 - [TEST_STEP][PASSED] - Statement - PreSaveFile = new java.io.File(((pathPrefix + java.lang.Integer.toString(counter)) + .png)): null

2018-12-13 14:27:24 - [TEST_STEP][PASSED] - Statement - counter = counter + 1: null

2018-12-13 14:27:24 - [TEST_STEP][PASSED] - Statement - PreSaveFile = new java.io.File(((pathPrefix + java.lang.Integer.toString(counter)) + .png)): null

2018-12-13 14:27:24 - [TEST_STEP][PASSED] - Statement - counter = counter + 1: null

2018-12-13 14:27:24 - [TEST_STEP][PASSED] - Statement - PreSaveFile = new java.io.File(((pathPrefix + java.lang.Integer.toString(counter)) + .png)): null

2018-12-13 14:27:24 - [TEST_STEP][PASSED] - Statement - counter = counter + 1: null

2018-12-13 14:27:24 - [TEST_STEP][PASSED] - Statement - PreSaveFile = new java.io.File(((pathPrefix + java.lang.Integer.toString(counter)) + .png)): null

2018-12-13 14:27:24 - [TEST_STEP][PASSED] - Statement - counter = counter + 1: null

2018-12-13 14:27:24 - [TEST_STEP][PASSED] - Statement - PreSaveFile = new java.io.File(((pathPrefix + java.lang.Integer.toString(counter)) + .png)): null

2018-12-13 14:27:24 - [TEST_STEP][PASSED] - Statement - counter = counter + 1: null

2018-12-13 14:27:24 - [TEST_STEP][PASSED] - Statement - PreSaveFile = new java.io.File(((pathPrefix + java.lang.Integer.toString(counter)) + .png)): null

2018-12-13 14:27:24 - [TEST_STEP][PASSED] - Statement - counter = counter + 1: null

2018-12-13 14:27:24 - [TEST_STEP][PASSED] - Statement - PreSaveFile = new java.io.File(((pathPrefix + java.lang.Integer.toString(counter)) + .png)): null

2018-12-13 14:27:24 - [TEST_STEP][PASSED] - Statement - counter = counter + 1: null

2018-12-13 14:27:24 - [TEST_STEP][PASSED] - Statement - PreSaveFile = new java.io.File(((pathPrefix + java.lang.Integer.toString(counter)) + .png)): null

2018-12-13 14:27:24 - [TEST_STEP][PASSED] - Statement - counter = counter + 1: null

2018-12-13 14:27:24 - [TEST_STEP][PASSED] - Statement - PreSaveFile = new java.io.File(((pathPrefix + java.lang.Integer.toString(counter)) + .png)): null

2018-12-13 14:27:24 - [TEST_STEP][PASSED] - Statement - counter = counter + 1: null

2018-12-13 14:27:24 - [TEST_STEP][PASSED] - Statement - PreSaveFile = new java.io.File(((pathPrefix + java.lang.Integer.toString(counter)) + .png)): null

2018-12-13 14:27:24 - [TEST_STEP][PASSED] - Statement - counter = counter + 1: null

2018-12-13 14:27:24 - [TEST_STEP][PASSED] - Statement - PreSaveFile = new java.io.File(((pathPrefix + java.lang.Integer.toString(counter)) + .png)): null

2018-12-13 14:27:24 - [TEST_STEP][PASSED] - Statement - counter = counter + 1: null

2018-12-13 14:27:24 - [TEST_STEP][PASSED] - Statement - PreSaveFile = new java.io.File(((pathPrefix + java.lang.Integer.toString(counter)) + .png)): null

2018-12-13 14:27:24 - [TEST_STEP][PASSED] - Statement - counter = counter + 1: null

2018-12-13 14:27:24 - [TEST_STEP][PASSED] - Statement - PreSaveFile = new java.io.File(((pathPrefix + java.lang.Integer.toString(counter)) + .png)): null

2018-12-13 14:27:24 - [TEST_STEP][PASSED] - Statement - counter = counter + 1: null

2018-12-13 14:27:24 - [TEST_STEP][PASSED] - Statement - PreSaveFile = new java.io.File(((pathPrefix + java.lang.Integer.toString(counter)) + .png)): null

2018-12-13 14:27:24 - [TEST_STEP][PASSED] - Statement - counter = counter + 1: null

2018-12-13 14:27:24 - [TEST_STEP][PASSED] - Statement - PreSaveFile = new java.io.File(((pathPrefix + java.lang.Integer.toString(counter)) + .png)): null

2018-12-13 14:27:24 - [TEST_STEP][PASSED] - Statement - counter = counter + 1: null

2018-12-13 14:27:24 - [TEST_STEP][PASSED] - Statement - PreSaveFile = new java.io.File(((pathPrefix + java.lang.Integer.toString(counter)) + .png)): null

2018-12-13 14:27:24 - [TEST_STEP][PASSED] - Statement - counter = counter + 1: null

2018-12-13 14:27:24 - [TEST_STEP][PASSED] - Statement - PreSaveFile = new java.io.File(((pathPrefix + java.lang.Integer.toString(counter)) + .png)): null

2018-12-13 14:27:24 - [TEST_STEP][PASSED] - Statement - counter = counter + 1: null

2018-12-13 14:27:24 - [TEST_STEP][PASSED] - Statement - PreSaveFile = new java.io.File(((pathPrefix + java.lang.Integer.toString(counter)) + .png)): null

2018-12-13 14:27:24 - [TEST_STEP][PASSED] - Statement - counter = counter + 1: null

2018-12-13 14:27:24 - [TEST_STEP][PASSED] - Statement - PreSaveFile = new java.io.File(((pathPrefix + java.lang.Integer.toString(counter)) + .png)): null

2018-12-13 14:27:24 - [TEST_STEP][PASSED] - Statement - counter = counter + 1: null

2018-12-13 14:27:24 - [TEST_STEP][PASSED] - Statement - PreSaveFile = new java.io.File(((pathPrefix + java.lang.Integer.toString(counter)) + .png)): null

2018-12-13 14:27:24 - [TEST_STEP][PASSED] - Statement - counter = counter + 1: null

2018-12-13 14:27:24 - [TEST_STEP][PASSED] - Statement - PreSaveFile = new java.io.File(((pathPrefix + java.lang.Integer.toString(counter)) + .png)): null

2018-12-13 14:27:24 - [TEST_STEP][PASSED] - Statement - counter = counter + 1: null

2018-12-13 14:27:24 - [TEST_STEP][PASSED] - Statement - PreSaveFile = new java.io.File(((pathPrefix + java.lang.Integer.toString(counter)) + .png)): null

2018-12-13 14:27:24 - [TEST_STEP][PASSED] - Statement - counter = counter + 1: null

2018-12-13 14:27:24 - [TEST_STEP][PASSED] - Statement - PreSaveFile = new java.io.File(((pathPrefix + java.lang.Integer.toString(counter)) + .png)): null

2018-12-13 14:27:24 - [TEST_STEP][PASSED] - Statement - counter = counter + 1: null

2018-12-13 14:27:24 - [TEST_STEP][PASSED] - Statement - PreSaveFile = new java.io.File(((pathPrefix + java.lang.Integer.toString(counter)) + .png)): null

2018-12-13 14:27:24 - [TEST_STEP][PASSED] - Statement - counter = counter + 1: null

2018-12-13 14:27:24 - [TEST_STEP][PASSED] - Statement - PreSaveFile = new java.io.File(((pathPrefix + java.lang.Integer.toString(counter)) + .png)): null

2018-12-13 14:27:24 - [TEST_STEP][PASSED] - Statement - counter = counter + 1: null

2018-12-13 14:27:24 - [TEST_STEP][PASSED] - Statement - PreSaveFile = new java.io.File(((pathPrefix + java.lang.Integer.toString(counter)) + .png)): null

2018-12-13 14:27:24 - [TEST_STEP][PASSED] - Statement - counter = counter + 1: null

2018-12-13 14:27:24 - [TEST_STEP][PASSED] - Statement - PreSaveFile = new java.io.File(((pathPrefix + java.lang.Integer.toString(counter)) + .png)): null

2018-12-13 14:27:24 - [TEST_STEP][PASSED] - Statement - counter = counter + 1: null

2018-12-13 14:27:24 - [TEST_STEP][PASSED] - Statement - PreSaveFile = new java.io.File(((pathPrefix + java.lang.Integer.toString(counter)) + .png)): null

2018-12-13 14:27:24 - [TEST_STEP][PASSED] - Statement - counter = counter + 1: null

2018-12-13 14:27:24 - [TEST_STEP][PASSED] - Statement - PreSaveFile = new java.io.File(((pathPrefix + java.lang.Integer.toString(counter)) + .png)): null

2018-12-13 14:27:24 - [TEST_STEP][PASSED] - Statement - counter = counter + 1: null

2018-12-13 14:27:24 - [TEST_STEP][PASSED] - Statement - PreSaveFile = new java.io.File(((pathPrefix + java.lang.Integer.toString(counter)) + .png)): null

2018-12-13 14:27:24 - [TEST_STEP][PASSED] - Statement - counter = counter + 1: null

2018-12-13 14:27:24 - [TEST_STEP][PASSED] - Statement - PreSaveFile = new java.io.File(((pathPrefix + java.lang.Integer.toString(counter)) + .png)): null

2018-12-13 14:27:24 - [TEST_STEP][PASSED] - Statement - counter = counter + 1: null

2018-12-13 14:27:24 - [TEST_STEP][PASSED] - Statement - PreSaveFile = new java.io.File(((pathPrefix + java.lang.Integer.toString(counter)) + .png)): null

2018-12-13 14:27:24 - [TEST_STEP][PASSED] - Statement - counter = counter + 1: null

2018-12-13 14:27:24 - [TEST_STEP][PASSED] - Statement - PreSaveFile = new java.io.File(((pathPrefix + java.lang.Integer.toString(counter)) + .png)): null

2018-12-13 14:27:24 - [TEST_STEP][PASSED] - Statement - counter = counter + 1: null

2018-12-13 14:27:24 - [TEST_STEP][PASSED] - Statement - PreSaveFile = new java.io.File(((pathPrefix + java.lang.Integer.toString(counter)) + .png)): null

2018-12-13 14:27:24 - [TEST_STEP][PASSED] - Statement - counter = counter + 1: null

2018-12-13 14:27:24 - [TEST_STEP][PASSED] - Statement - PreSaveFile = new java.io.File(((pathPrefix + java.lang.Integer.toString(counter)) + .png)): null

2018-12-13 14:27:24 - [TEST_STEP][PASSED] - Statement - counter = counter + 1: null

2018-12-13 14:27:24 - [TEST_STEP][PASSED] - Statement - PreSaveFile = new java.io.File(((pathPrefix + java.lang.Integer.toString(counter)) + .png)): null

2018-12-13 14:27:24 - [TEST_STEP][PASSED] - Statement - counter = counter + 1: null

2018-12-13 14:27:24 - [TEST_STEP][PASSED] - Statement - PreSaveFile = new java.io.File(((pathPrefix + java.lang.Integer.toString(counter)) + .png)): null

2018-12-13 14:27:24 - [TEST_STEP][PASSED] - Statement - counter = counter + 1: null

2018-12-13 14:27:24 - [TEST_STEP][PASSED] - Statement - PreSaveFile = new java.io.File(((pathPrefix + java.lang.Integer.toString(counter)) + .png)): null

2018-12-13 14:27:24 - [TEST_STEP][PASSED] - Statement - counter = counter + 1: null

2018-12-13 14:27:24 - [TEST_STEP][PASSED] - Statement - PreSaveFile = new java.io.File(((pathPrefix + java.lang.Integer.toString(counter)) + .png)): null

2018-12-13 14:27:24 - [TEST_STEP][PASSED] - Statement - counter = counter + 1: null

2018-12-13 14:27:24 - [TEST_STEP][PASSED] - Statement - PreSaveFile = new java.io.File(((pathPrefix + java.lang.Integer.toString(counter)) + .png)): null

2018-12-13 14:27:24 - [TEST_STEP][PASSED] - Statement - counter = counter + 1: null

2018-12-13 14:27:24 - [TEST_STEP][PASSED] - Statement - PreSaveFile = new java.io.File(((pathPrefix + java.lang.Integer.toString(counter)) + .png)): null

2018-12-13 14:27:24 - [TEST_STEP][PASSED] - Statement - counter = counter + 1: null

2018-12-13 14:27:24 - [TEST_STEP][PASSED] - Statement - PreSaveFile = new java.io.File(((pathPrefix + java.lang.Integer.toString(counter)) + .png)): null

2018-12-13 14:27:24 - [TEST_STEP][PASSED] - Statement - counter = counter + 1: null

2018-12-13 14:27:24 - [TEST_STEP][PASSED] - Statement - PreSaveFile = new java.io.File(((pathPrefix + java.lang.Integer.toString(counter)) + .png)): null

2018-12-13 14:27:24 - [TEST_STEP][PASSED] - Statement - counter = counter + 1: null

2018-12-13 14:27:24 - [TEST_STEP][PASSED] - Statement - PreSaveFile = new java.io.File(((pathPrefix + java.lang.Integer.toString(counter)) + .png)): null

2018-12-13 14:27:24 - [TEST_STEP][PASSED] - Statement - counter = counter + 1: null

2018-12-13 14:27:24 - [TEST_STEP][PASSED] - Statement - PreSaveFile = new java.io.File(((pathPrefix + java.lang.Integer.toString(counter)) + .png)): null

2018-12-13 14:27:24 - [TEST_STEP][PASSED] - Statement - counter = counter + 1: null

2018-12-13 14:27:24 - [TEST_STEP][PASSED] - Statement - PreSaveFile = new java.io.File(((pathPrefix + java.lang.Integer.toString(counter)) + .png)): null

2018-12-13 14:27:24 - [TEST_STEP][PASSED] - Statement - counter = counter + 1: null

2018-12-13 14:27:24 - [TEST_STEP][PASSED] - Statement - PreSaveFile = new java.io.File(((pathPrefix + java.lang.Integer.toString(counter)) + .png)): null

2018-12-13 14:27:24 - [TEST_STEP][PASSED] - Statement - counter = counter + 1: null

2018-12-13 14:27:24 - [TEST_STEP][PASSED] - Statement - PreSaveFile = new java.io.File(((pathPrefix + java.lang.Integer.toString(counter)) + .png)): null

2018-12-13 14:27:24 - [TEST_STEP][PASSED] - Statement - counter = counter + 1: null

2018-12-13 14:27:24 - [TEST_STEP][PASSED] - Statement - PreSaveFile = new java.io.File(((pathPrefix + java.lang.Integer.toString(counter)) + .png)): null

2018-12-13 14:27:24 - [TEST_STEP][PASSED] - Statement - counter = counter + 1: null

2018-12-13 14:27:24 - [TEST_STEP][PASSED] - Statement - PreSaveFile = new java.io.File(((pathPrefix + java.lang.Integer.toString(counter)) + .png)): null

2018-12-13 14:27:24 - [TEST_STEP][PASSED] - Statement - counter = counter + 1: null

2018-12-13 14:27:24 - [TEST_STEP][PASSED] - Statement - PreSaveFile = new java.io.File(((pathPrefix + java.lang.Integer.toString(counter)) + .png)): null

2018-12-13 14:27:24 - [TEST_STEP][PASSED] - Statement - counter = counter + 1: null

2018-12-13 14:27:24 - [TEST_STEP][PASSED] - Statement - PreSaveFile = new java.io.File(((pathPrefix + java.lang.Integer.toString(counter)) + .png)): null

2018-12-13 14:27:24 - [TEST_STEP][PASSED] - Statement - counter = counter + 1: null

2018-12-13 14:27:24 - [TEST_STEP][PASSED] - Statement - PreSaveFile = new java.io.File(((pathPrefix + java.lang.Integer.toString(counter)) + .png)): null

2018-12-13 14:27:24 - [TEST_STEP][PASSED] - Statement - counter = counter + 1: null

2018-12-13 14:27:24 - [TEST_STEP][PASSED] - Statement - PreSaveFile = new java.io.File(((pathPrefix + java.lang.Integer.toString(counter)) + .png)): null

2018-12-13 14:27:24 - [TEST_STEP][PASSED] - Statement - counter = counter + 1: null

2018-12-13 14:27:24 - [TEST_STEP][PASSED] - Statement - PreSaveFile = new java.io.File(((pathPrefix + java.lang.Integer.toString(counter)) + .png)): null

2018-12-13 14:27:24 - [TEST_STEP][PASSED] - Statement - counter = counter + 1: null

2018-12-13 14:27:24 - [TEST_STEP][PASSED] - Statement - PreSaveFile = new java.io.File(((pathPrefix + java.lang.Integer.toString(counter)) + .png)): null

2018-12-13 14:27:24 - [TEST_STEP][PASSED] - Statement - counter = counter + 1: null

2018-12-13 14:27:24 - [TEST_STEP][PASSED] - Statement - PreSaveFile = new java.io.File(((pathPrefix + java.lang.Integer.toString(counter)) + .png)): null

2018-12-13 14:27:24 - [TEST_STEP][PASSED] - Statement - counter = counter + 1: null

2018-12-13 14:27:24 - [TEST_STEP][PASSED] - Statement - PreSaveFile = new java.io.File(((pathPrefix + java.lang.Integer.toString(counter)) + .png)): null

2018-12-13 14:27:24 - [TEST_STEP][PASSED] - Statement - counter = counter + 1: null

2018-12-13 14:27:24 - [TEST_STEP][PASSED] - Statement - PreSaveFile = new java.io.File(((pathPrefix + java.lang.Integer.toString(counter)) + .png)): null

2018-12-13 14:27:24 - [TEST_STEP][PASSED] - Statement - counter = counter + 1: null

2018-12-13 14:27:24 - [TEST_STEP][PASSED] - Statement - PreSaveFile = new java.io.File(((pathPrefix + java.lang.Integer.toString(counter)) + .png)): null

2018-12-13 14:27:24 - [TEST_STEP][PASSED] - Statement - counter = counter + 1: null

2018-12-13 14:27:24 - [TEST_STEP][PASSED] - Statement - PreSaveFile = new java.io.File(((pathPrefix + java.lang.Integer.toString(counter)) + .png)): null

2018-12-13 14:27:24 - [TEST_STEP][PASSED] - Statement - counter = counter + 1: null

2018-12-13 14:27:24 - [TEST_STEP][PASSED] - Statement - PreSaveFile = new java.io.File(((pathPrefix + java.lang.Integer.toString(counter)) + .png)): null

2018-12-13 14:27:24 - [TEST_STEP][PASSED] - Statement - counter = counter + 1: null

2018-12-13 14:27:24 - [TEST_STEP][PASSED] - Statement - PreSaveFile = new java.io.File(((pathPrefix + java.lang.Integer.toString(counter)) + .png)): null

2018-12-13 14:27:24 - [TEST_STEP][PASSED] - Statement - counter = counter + 1: null

2018-12-13 14:27:24 - [TEST_STEP][PASSED] - Statement - PreSaveFile = new java.io.File(((pathPrefix + java.lang.Integer.toString(counter)) + .png)): null

2018-12-13 14:27:24 - [TEST_STEP][PASSED] - Statement - counter = counter + 1: null

2018-12-13 14:27:24 - [TEST_STEP][PASSED] - Statement - PreSaveFile = new java.io.File(((pathPrefix + java.lang.Integer.toString(counter)) + .png)): null

2018-12-13 14:27:24 - [TEST_STEP][PASSED] - Statement - counter = counter + 1: null

2018-12-13 14:27:24 - [TEST_STEP][PASSED] - Statement - PreSaveFile = new java.io.File(((pathPrefix + java.lang.Integer.toString(counter)) + .png)): null

2018-12-13 14:27:24 - [TEST_STEP][PASSED] - Statement - counter = counter + 1: null

2018-12-13 14:27:24 - [TEST_STEP][PASSED] - Statement - PreSaveFile = new java.io.File(((pathPrefix + java.lang.Integer.toString(counter)) + .png)): null

2018-12-13 14:27:24 - [TEST_STEP][PASSED] - Statement - counter = counter + 1: null

2018-12-13 14:27:24 - [TEST_STEP][PASSED] - Statement - PreSaveFile = new java.io.File(((pathPrefix + java.lang.Integer.toString(counter)) + .png)): null

2018-12-13 14:27:24 - [TEST_STEP][PASSED] - Statement - counter = counter + 1: null

2018-12-13 14:27:24 - [TEST_STEP][PASSED] - Statement - PreSaveFile = new java.io.File(((pathPrefix + java.lang.Integer.toString(counter)) + .png)): null

2018-12-13 14:27:24 - [TEST_STEP][PASSED] - Statement - counter = counter + 1: null

2018-12-13 14:27:24 - [TEST_STEP][PASSED] - Statement - PreSaveFile = new java.io.File(((pathPrefix + java.lang.Integer.toString(counter)) + .png)): null

2018-12-13 14:27:24 - [TEST_STEP][PASSED] - Statement - counter = counter + 1: null

2018-12-13 14:27:24 - [TEST_STEP][PASSED] - Statement - PreSaveFile = new java.io.File(((pathPrefix + java.lang.Integer.toString(counter)) + .png)): null

2018-12-13 14:27:24 - [TEST_STEP][PASSED] - Statement - counter = counter + 1: null

2018-12-13 14:27:24 - [TEST_STEP][PASSED] - Statement - PreSaveFile = new java.io.File(((pathPrefix + java.lang.Integer.toString(counter)) + .png)): null

2018-12-13 14:27:24 - [TEST_STEP][PASSED] - Statement - counter = counter + 1: null

2018-12-13 14:27:24 - [TEST_STEP][PASSED] - Statement - PreSaveFile = new java.io.File(((pathPrefix + java.lang.Integer.toString(counter)) + .png)): null

2018-12-13 14:27:24 - [TEST_STEP][PASSED] - Statement - counter = counter + 1: null

2018-12-13 14:27:24 - [TEST_STEP][PASSED] - Statement - PreSaveFile = new java.io.File(((pathPrefix + java.lang.Integer.toString(counter)) + .png)): null

2018-12-13 14:27:24 - [TEST_STEP][PASSED] - Statement - counter = counter + 1: null

2018-12-13 14:27:24 - [TEST_STEP][PASSED] - Statement - PreSaveFile = new java.io.File(((pathPrefix + java.lang.Integer.toString(counter)) + .png)): null

2018-12-13 14:27:24 - [TEST_STEP][PASSED] - Statement - counter = counter + 1: null

2018-12-13 14:27:24 - [TEST_STEP][PASSED] - Statement - PreSaveFile = new java.io.File(((pathPrefix + java.lang.Integer.toString(counter)) + .png)): null

2018-12-13 14:27:24 - [TEST_STEP][PASSED] - Statement - counter = counter + 1: null

2018-12-13 14:27:24 - [TEST_STEP][PASSED] - Statement - PreSaveFile = new java.io.File(((pathPrefix + java.lang.Integer.toString(counter)) + .png)): null

2018-12-13 14:27:24 - [TEST_STEP][PASSED] - Statement - counter = counter + 1: null

2018-12-13 14:27:24 - [TEST_STEP][PASSED] - Statement - PreSaveFile = new java.io.File(((pathPrefix + java.lang.Integer.toString(counter)) + .png)): null

2018-12-13 14:27:24 - [TEST_STEP][PASSED] - Statement - counter = counter + 1: null

2018-12-13 14:27:24 - [TEST_STEP][PASSED] - Statement - PreSaveFile = new java.io.File(((pathPrefix + java.lang.Integer.toString(counter)) + .png)): null

2018-12-13 14:27:24 - [TEST_STEP][PASSED] - Statement - counter = counter + 1: null

2018-12-13 14:27:24 - [TEST_STEP][PASSED] - Statement - PreSaveFile = new java.io.File(((pathPrefix + java.lang.Integer.toString(counter)) + .png)): null

2018-12-13 14:27:24 - [TEST_STEP][PASSED] - Statement - counter = counter + 1: null

2018-12-13 14:27:24 - [TEST_STEP][PASSED] - Statement - PreSaveFile = new java.io.File(((pathPrefix + java.lang.Integer.toString(counter)) + .png)): null

2018-12-13 14:27:24 - [TEST_STEP][PASSED] - Statement - counter = counter + 1: null

2018-12-13 14:27:24 - [TEST_STEP][PASSED] - Statement - PreSaveFile = new java.io.File(((pathPrefix + java.lang.Integer.toString(counter)) + .png)): null

2018-12-13 14:27:24 - [TEST_STEP][PASSED] - Statement - counter = counter + 1: null

2018-12-13 14:27:24 - [TEST_STEP][PASSED] - Statement - PreSaveFile = new java.io.File(((pathPrefix + java.lang.Integer.toString(counter)) + .png)): null

2018-12-13 14:27:24 - [TEST_STEP][PASSED] - Statement - counter = counter + 1: null

2018-12-13 14:27:24 - [TEST_STEP][PASSED] - Statement - PreSaveFile = new java.io.File(((pathPrefix + java.lang.Integer.toString(counter)) + .png)): null

2018-12-13 14:27:24 - [TEST_STEP][PASSED] - Statement - counter = counter + 1: null

2018-12-13 14:27:24 - [TEST_STEP][PASSED] - Statement - PreSaveFile = new java.io.File(((pathPrefix + java.lang.Integer.toString(counter)) + .png)): null

2018-12-13 14:27:24 - [TEST_STEP][PASSED] - Statement - counter = counter + 1: null

2018-12-13 14:27:24 - [TEST_STEP][PASSED] - Statement - PreSaveFile = new java.io.File(((pathPrefix + java.lang.Integer.toString(counter)) + .png)): null

2018-12-13 14:27:24 - [TEST_STEP][PASSED] - Statement - counter = counter + 1: null

2018-12-13 14:27:24 - [TEST_STEP][PASSED] - Statement - PreSaveFile = new java.io.File(((pathPrefix + java.lang.Integer.toString(counter)) + .png)): null

2018-12-13 14:27:24 - [TEST_STEP][PASSED] - Statement - counter = counter + 1: null

2018-12-13 14:27:24 - [TEST_STEP][PASSED] - Statement - PreSaveFile = new java.io.File(((pathPrefix + java.lang.Integer.toString(counter)) + .png)): null

2018-12-13 14:27:24 - [TEST_STEP][PASSED] - Statement - counter = counter + 1: null

2018-12-13 14:27:24 - [TEST_STEP][PASSED] - Statement - PreSaveFile = new java.io.File(((pathPrefix + java.lang.Integer.toString(counter)) + .png)): null

2018-12-13 14:27:24 - [TEST_STEP][PASSED] - Statement - counter = counter + 1: null

2018-12-13 14:27:24 - [TEST_STEP][PASSED] - Statement - PreSaveFile = new java.io.File(((pathPrefix + java.lang.Integer.toString(counter)) + .png)): null

2018-12-13 14:27:24 - [TEST_STEP][PASSED] - Statement - counter = counter + 1: null

2018-12-13 14:27:24 - [TEST_STEP][PASSED] - Statement - PreSaveFile = new java.io.File(((pathPrefix + java.lang.Integer.toString(counter)) + .png)): null

2018-12-13 14:27:24 - [TEST_STEP][PASSED] - Statement - counter = counter + 1: null

2018-12-13 14:27:24 - [TEST_STEP][PASSED] - Statement - PreSaveFile = new java.io.File(((pathPrefix + java.lang.Integer.toString(counter)) + .png)): null

2018-12-13 14:27:24 - [TEST_STEP][PASSED] - Statement - counter = counter + 1: null

2018-12-13 14:27:24 - [TEST_STEP][PASSED] - Statement - PreSaveFile = new java.io.File(((pathPrefix + java.lang.Integer.toString(counter)) + .png)): null

2018-12-13 14:27:24 - [TEST_STEP][PASSED] - Statement - counter = counter + 1: null

2018-12-13 14:27:24 - [TEST_STEP][PASSED] - Statement - PreSaveFile = new java.io.File(((pathPrefix + java.lang.Integer.toString(counter)) + .png)): null

2018-12-13 14:27:24 - [TEST_STEP][PASSED] - Statement - counter = counter + 1: null

2018-12-13 14:27:24 - [TEST_STEP][PASSED] - Statement - PreSaveFile = new java.io.File(((pathPrefix + java.lang.Integer.toString(counter)) + .png)): null

2018-12-13 14:27:24 - [TEST_STEP][PASSED] - Statement - counter = counter + 1: null

2018-12-13 14:27:24 - [TEST_STEP][PASSED] - Statement - PreSaveFile = new java.io.File(((pathPrefix + java.lang.Integer.toString(counter)) + .png)): null

2018-12-13 14:27:24 - [TEST_STEP][PASSED] - Statement - counter = counter + 1: null

2018-12-13 14:27:24 - [TEST_STEP][PASSED] - Statement - PreSaveFile = new java.io.File(((pathPrefix + java.lang.Integer.toString(counter)) + .png)): null

2018-12-13 14:27:24 - [TEST_STEP][PASSED] - Statement - counter = counter + 1: null

2018-12-13 14:27:24 - [TEST_STEP][PASSED] - Statement - PreSaveFile = new java.io.File(((pathPrefix + java.lang.Integer.toString(counter)) + .png)): null

2018-12-13 14:27:24 - [TEST_STEP][PASSED] - Statement - counter = counter + 1: null

2018-12-13 14:27:24 - [TEST_STEP][PASSED] - Statement - PreSaveFile = new java.io.File(((pathPrefix + java.lang.Integer.toString(counter)) + .png)): null

2018-12-13 14:27:24 - [TEST_STEP][PASSED] - Statement - counter = counter + 1: null

2018-12-13 14:27:24 - [TEST_STEP][PASSED] - Statement - PreSaveFile = new java.io.File(((pathPrefix + java.lang.Integer.toString(counter)) + .png)): null

2018-12-13 14:27:24 - [TEST_STEP][PASSED] - Statement - counter = counter + 1: null

2018-12-13 14:27:24 - [TEST_STEP][PASSED] - Statement - PreSaveFile = new java.io.File(((pathPrefix + java.lang.Integer.toString(counter)) + .png)): null

2018-12-13 14:27:24 - [TEST_STEP][PASSED] - Statement - counter = counter + 1: null

2018-12-13 14:27:24 - [TEST_STEP][PASSED] - Statement - PreSaveFile = new java.io.File(((pathPrefix + java.lang.Integer.toString(counter)) + .png)): null

2018-12-13 14:27:24 - [TEST_STEP][PASSED] - Statement - counter = counter + 1: null

2018-12-13 14:27:24 - [TEST_STEP][PASSED] - Statement - PreSaveFile = new java.io.File(((pathPrefix + java.lang.Integer.toString(counter)) + .png)): null

2018-12-13 14:27:24 - [TEST_STEP][PASSED] - Statement - counter = counter + 1: null

2018-12-13 14:27:24 - [TEST_STEP][PASSED] - Statement - PreSaveFile = new java.io.File(((pathPrefix + java.lang.Integer.toString(counter)) + .png)): null

2018-12-13 14:27:24 - [TEST_STEP][PASSED] - Statement - counter = counter + 1: null

2018-12-13 14:27:24 - [TEST_STEP][PASSED] - Statement - PreSaveFile = new java.io.File(((pathPrefix + java.lang.Integer.toString(counter)) + .png)): null

2018-12-13 14:27:24 - [TEST_STEP][PASSED] - Statement - counter = counter + 1: null

2018-12-13 14:27:24 - [TEST_STEP][PASSED] - Statement - PreSaveFile = new java.io.File(((pathPrefix + java.lang.Integer.toString(counter)) + .png)): null

2018-12-13 14:27:24 - [TEST_STEP][PASSED] - Statement - counter = counter + 1: null

2018-12-13 14:27:24 - [TEST_STEP][PASSED] - Statement - PreSaveFile = new java.io.File(((pathPrefix + java.lang.Integer.toString(counter)) + .png)): null

2018-12-13 14:27:24 - [TEST_STEP][PASSED] - Statement - counter = counter + 1: null

2018-12-13 14:27:24 - [TEST_STEP][PASSED] - Statement - PreSaveFile = new java.io.File(((pathPrefix + java.lang.Integer.toString(counter)) + .png)): null

2018-12-13 14:27:24 - [TEST_STEP][PASSED] - Statement - counter = counter + 1: null

2018-12-13 14:27:24 - [TEST_STEP][PASSED] - Statement - PreSaveFile = new java.io.File(((pathPrefix + java.lang.Integer.toString(counter)) + .png)): null

2018-12-13 14:27:24 - [TEST_STEP][PASSED] - Statement - counter = counter + 1: null

2018-12-13 14:27:24 - [TEST_STEP][PASSED] - Statement - PreSaveFile = new java.io.File(((pathPrefix + java.lang.Integer.toString(counter)) + .png)): null

2018-12-13 14:27:24 - [TEST_STEP][PASSED] - Statement - counter = counter + 1: null

2018-12-13 14:27:24 - [TEST_STEP][PASSED] - Statement - PreSaveFile = new java.io.File(((pathPrefix + java.lang.Integer.toString(counter)) + .png)): null

2018-12-13 14:27:24 - [TEST_STEP][PASSED] - Statement - counter = counter + 1: null

2018-12-13 14:27:24 - [TEST_STEP][PASSED] - Statement - PreSaveFile = new java.io.File(((pathPrefix + java.lang.Integer.toString(counter)) + .png)): null

2018-12-13 14:27:24 - [TEST_STEP][PASSED] - Statement - counter = counter + 1: null

2018-12-13 14:27:24 - [TEST_STEP][PASSED] - Statement - PreSaveFile = new java.io.File(((pathPrefix + java.lang.Integer.toString(counter)) + .png)): null

2018-12-13 14:27:24 - [TEST_STEP][PASSED] - Statement - counter = counter + 1: null

2018-12-13 14:27:24 - [TEST_STEP][PASSED] - Statement - PreSaveFile = new java.io.File(((pathPrefix + java.lang.Integer.toString(counter)) + .png)): null

2018-12-13 14:27:24 - [TEST_STEP][PASSED] - Statement - counter = counter + 1: null

2018-12-13 14:27:24 - [TEST_STEP][PASSED] - Statement - PreSaveFile = new java.io.File(((pathPrefix + java.lang.Integer.toString(counter)) + .png)): null

2018-12-13 14:27:24 - [TEST_STEP][PASSED] - Statement - counter = counter + 1: null

2018-12-13 14:27:24 - [TEST_STEP][PASSED] - Statement - PreSaveFile = new java.io.File(((pathPrefix + java.lang.Integer.toString(counter)) + .png)): null

2018-12-13 14:27:24 - [TEST_STEP][PASSED] - Statement - counter = counter + 1: null

2018-12-13 14:27:24 - [TEST_STEP][PASSED] - Statement - PreSaveFile = new java.io.File(((pathPrefix + java.lang.Integer.toString(counter)) + .png)): null

2018-12-13 14:27:24 - [TEST_STEP][PASSED] - Statement - counter = counter + 1: null

2018-12-13 14:27:24 - [TEST_STEP][PASSED] - Statement - PreSaveFile = new java.io.File(((pathPrefix + java.lang.Integer.toString(counter)) + .png)): null

2018-12-13 14:27:24 - [TEST_STEP][PASSED] - Statement - counter = counter + 1: null

2018-12-13 14:27:24 - [TEST_STEP][PASSED] - Statement - PreSaveFile = new java.io.File(((pathPrefix + java.lang.Integer.toString(counter)) + .png)): null

2018-12-13 14:27:24 - [TEST_STEP][PASSED] - Statement - counter = counter + 1: null

2018-12-13 14:27:24 - [TEST_STEP][PASSED] - Statement - PreSaveFile = new java.io.File(((pathPrefix + java.lang.Integer.toString(counter)) + .png)): null

2018-12-13 14:27:24 - [TEST_STEP][PASSED] - Statement - counter = counter + 1: null

2018-12-13 14:27:24 - [TEST_STEP][PASSED] - Statement - PreSaveFile = new java.io.File(((pathPrefix + java.lang.Integer.toString(counter)) + .png)): null

2018-12-13 14:27:24 - [TEST_STEP][PASSED] - Statement - counter = counter + 1: null

2018-12-13 14:27:24 - [TEST_STEP][PASSED] - Statement - PreSaveFile = new java.io.File(((pathPrefix + java.lang.Integer.toString(counter)) + .png)): null

2018-12-13 14:27:24 - [TEST_STEP][PASSED] - Statement - counter = counter + 1: null

2018-12-13 14:27:24 - [TEST_STEP][PASSED] - Statement - PreSaveFile = new java.io.File(((pathPrefix + java.lang.Integer.toString(counter)) + .png)): null

2018-12-13 14:27:24 - [TEST_STEP][PASSED] - Statement - counter = counter + 1: null

2018-12-13 14:27:24 - [TEST_STEP][PASSED] - Statement - PreSaveFile = new java.io.File(((pathPrefix + java.lang.Integer.toString(counter)) + .png)): null

2018-12-13 14:27:24 - [TEST_STEP][PASSED] - Statement - counter = counter + 1: null

2018-12-13 14:27:24 - [TEST_STEP][PASSED] - Statement - PreSaveFile = new java.io.File(((pathPrefix + java.lang.Integer.toString(counter)) + .png)): null

2018-12-13 14:27:24 - [TEST_STEP][PASSED] - Statement - counter = counter + 1: null

2018-12-13 14:27:24 - [TEST_STEP][PASSED] - Statement - PreSaveFile = new java.io.File(((pathPrefix + java.lang.Integer.toString(counter)) + .png)): null

2018-12-13 14:27:24 - [TEST_STEP][PASSED] - Statement - counter = counter + 1: null

2018-12-13 14:27:24 - [TEST_STEP][PASSED] - Statement - PreSaveFile = new java.io.File(((pathPrefix + java.lang.Integer.toString(counter)) + .png)): null

2018-12-13 14:27:24 - [TEST_STEP][PASSED] - Statement - counter = counter + 1: null

2018-12-13 14:27:24 - [TEST_STEP][PASSED] - Statement - PreSaveFile = new java.io.File(((pathPrefix + java.lang.Integer.toString(counter)) + .png)): null

2018-12-13 14:27:24 - [TEST_STEP][PASSED] - Statement - counter = counter + 1: null

2018-12-13 14:27:24 - [TEST_STEP][PASSED] - Statement - PreSaveFile = new java.io.File(((pathPrefix + java.lang.Integer.toString(counter)) + .png)): null

2018-12-13 14:27:24 - [TEST_STEP][PASSED] - Statement - counter = counter + 1: null

2018-12-13 14:27:24 - [TEST_STEP][PASSED] - Statement - PreSaveFile = new java.io.File(((pathPrefix + java.lang.Integer.toString(counter)) + .png)): null

2018-12-13 14:27:24 - [TEST_STEP][PASSED] - Statement - counter = counter + 1: null

2018-12-13 14:27:24 - [TEST_STEP][PASSED] - Statement - PreSaveFile = new java.io.File(((pathPrefix + java.lang.Integer.toString(counter)) + .png)): null

2018-12-13 14:27:24 - [TEST_STEP][PASSED] - Statement - counter = counter + 1: null

2018-12-13 14:27:24 - [TEST_STEP][PASSED] - Statement - PreSaveFile = new java.io.File(((pathPrefix + java.lang.Integer.toString(counter)) + .png)): null

2018-12-13 14:27:24 - [TEST_STEP][PASSED] - Statement - counter = counter + 1: null

2018-12-13 14:27:24 - [TEST_STEP][PASSED] - Statement - PreSaveFile = new java.io.File(((pathPrefix + java.lang.Integer.toString(counter)) + .png)): null

2018-12-13 14:27:24 - [TEST_STEP][PASSED] - Statement - counter = counter + 1: null

2018-12-13 14:27:24 - [TEST_STEP][PASSED] - Statement - PreSaveFile = new java.io.File(((pathPrefix + java.lang.Integer.toString(counter)) + .png)): null

2018-12-13 14:27:24 - [TEST_STEP][PASSED] - Statement - counter = counter + 1: null

2018-12-13 14:27:24 - [TEST_STEP][PASSED] - Statement - PreSaveFile = new java.io.File(((pathPrefix + java.lang.Integer.toString(counter)) + .png)): null

2018-12-13 14:27:24 - [TEST_STEP][PASSED] - Statement - counter = counter + 1: null

2018-12-13 14:27:24 - [TEST_STEP][PASSED] - Statement - PreSaveFile = new java.io.File(((pathPrefix + java.lang.Integer.toString(counter)) + .png)): null

2018-12-13 14:27:24 - [TEST_STEP][PASSED] - Statement - counter = counter + 1: null

2018-12-13 14:27:24 - [TEST_STEP][PASSED] - Statement - PreSaveFile = new java.io.File(((pathPrefix + java.lang.Integer.toString(counter)) + .png)): null

2018-12-13 14:27:24 - [TEST_STEP][PASSED] - Statement - counter = counter + 1: null

2018-12-13 14:27:24 - [TEST_STEP][PASSED] - Statement - PreSaveFile = new java.io.File(((pathPrefix + java.lang.Integer.toString(counter)) + .png)): null

2018-12-13 14:27:24 - [TEST_STEP][PASSED] - Statement - counter = counter + 1: null

2018-12-13 14:27:24 - [TEST_STEP][PASSED] - Statement - PreSaveFile = new java.io.File(((pathPrefix + java.lang.Integer.toString(counter)) + .png)): null

2018-12-13 14:27:24 - [TEST_STEP][PASSED] - Statement - counter = counter + 1: null

2018-12-13 14:27:24 - [TEST_STEP][PASSED] - Statement - PreSaveFile = new java.io.File(((pathPrefix + java.lang.Integer.toString(counter)) + .png)): null

2018-12-13 14:27:24 - [TEST_STEP][PASSED] - Statement - counter = counter + 1: null

2018-12-13 14:27:24 - [TEST_STEP][PASSED] - Statement - PreSaveFile = new java.io.File(((pathPrefix + java.lang.Integer.toString(counter)) + .png)): null

2018-12-13 14:27:24 - [TEST_STEP][PASSED] - Statement - counter = counter + 1: null

2018-12-13 14:27:24 - [TEST_STEP][PASSED] - Statement - PreSaveFile = new java.io.File(((pathPrefix + java.lang.Integer.toString(counter)) + .png)): null

2018-12-13 14:27:24 - [TEST_STEP][PASSED] - Statement - counter = counter + 1: null

2018-12-13 14:27:24 - [TEST_STEP][PASSED] - Statement - PreSaveFile = new java.io.File(((pathPrefix + java.lang.Integer.toString(counter)) + .png)): null

2018-12-13 14:27:24 - [TEST_STEP][PASSED] - Statement - counter = counter + 1: null

2018-12-13 14:27:24 - [TEST_STEP][PASSED] - Statement - PreSaveFile = new java.io.File(((pathPrefix + java.lang.Integer.toString(counter)) + .png)): null

2018-12-13 14:27:24 - [TEST_STEP][PASSED] - Statement - counter = counter + 1: null

2018-12-13 14:27:24 - [TEST_STEP][PASSED] - Statement - PreSaveFile = new java.io.File(((pathPrefix + java.lang.Integer.toString(counter)) + .png)): null

2018-12-13 14:27:24 - [TEST_STEP][PASSED] - Statement - counter = counter + 1: null

2018-12-13 14:27:24 - [TEST_STEP][PASSED] - Statement - PreSaveFile = new java.io.File(((pathPrefix + java.lang.Integer.toString(counter)) + .png)): null

2018-12-13 14:27:24 - [TEST_STEP][PASSED] - Statement - counter = counter + 1: null

2018-12-13 14:27:24 - [TEST_STEP][PASSED] - Statement - PreSaveFile = new java.io.File(((pathPrefix + java.lang.Integer.toString(counter)) + .png)): null

2018-12-13 14:27:24 - [TEST_STEP][PASSED] - Statement - counter = counter + 1: null

2018-12-13 14:27:24 - [TEST_STEP][PASSED] - Statement - PreSaveFile = new java.io.File(((pathPrefix + java.lang.Integer.toString(counter)) + .png)): null

2018-12-13 14:27:24 - [TEST_STEP][PASSED] - Statement - counter = counter + 1: null

2018-12-13 14:27:24 - [TEST_STEP][PASSED] - Statement - PreSaveFile = new java.io.File(((pathPrefix + java.lang.Integer.toString(counter)) + .png)): null

2018-12-13 14:27:24 - [TEST_STEP][PASSED] - Statement - counter = counter + 1: null

2018-12-13 14:27:24 - [TEST_STEP][PASSED] - Statement - PreSaveFile = new java.io.File(((pathPrefix + java.lang.Integer.toString(counter)) + .png)): null

2018-12-13 14:27:24 - [TEST_STEP][PASSED] - Statement - counter = counter + 1: null

2018-12-13 14:27:24 - [TEST_STEP][PASSED] - Statement - PreSaveFile = new java.io.File(((pathPrefix + java.lang.Integer.toString(counter)) + .png)): null

2018-12-13 14:27:24 - [TEST_STEP][PASSED] - Statement - counter = counter + 1: null

2018-12-13 14:27:24 - [TEST_STEP][PASSED] - Statement - PreSaveFile = new java.io.File(((pathPrefix + java.lang.Integer.toString(counter)) + .png)): null

2018-12-13 14:27:24 - [TEST_STEP][PASSED] - Statement - counter = counter + 1: null

2018-12-13 14:27:24 - [TEST_STEP][PASSED] - Statement - PreSaveFile = new java.io.File(((pathPrefix + java.lang.Integer.toString(counter)) + .png)): null

2018-12-13 14:27:24 - [TEST_STEP][PASSED] - Statement - counter = counter + 1: null

2018-12-13 14:27:24 - [TEST_STEP][PASSED] - Statement - PreSaveFile = new java.io.File(((pathPrefix + java.lang.Integer.toString(counter)) + .png)): null

2018-12-13 14:27:24 - [TEST_STEP][PASSED] - Statement - counter = counter + 1: null

2018-12-13 14:27:24 - [TEST_STEP][PASSED] - Statement - PreSaveFile = new java.io.File(((pathPrefix + java.lang.Integer.toString(counter)) + .png)): null

2018-12-13 14:27:24 - [TEST_STEP][PASSED] - Statement - counter = counter + 1: null

2018-12-13 14:27:24 - [TEST_STEP][PASSED] - Statement - PreSaveFile = new java.io.File(((pathPrefix + java.lang.Integer.toString(counter)) + .png)): null

2018-12-13 14:27:24 - [TEST_STEP][PASSED] - Statement - counter = counter + 1: null

2018-12-13 14:27:24 - [TEST_STEP][PASSED] - Statement - PreSaveFile = new java.io.File(((pathPrefix + java.lang.Integer.toString(counter)) + .png)): null

2018-12-13 14:27:24 - [TEST_STEP][PASSED] - Statement - counter = counter + 1: null

2018-12-13 14:27:24 - [TEST_STEP][PASSED] - Statement - PreSaveFile = new java.io.File(((pathPrefix + java.lang.Integer.toString(counter)) + .png)): null

2018-12-13 14:27:24 - [TEST_STEP][PASSED] - Statement - counter = counter + 1: null

2018-12-13 14:27:24 - [TEST_STEP][PASSED] - Statement - PreSaveFile = new java.io.File(((pathPrefix + java.lang.Integer.toString(counter)) + .png)): null

2018-12-13 14:27:24 - [TEST_STEP][PASSED] - Statement - counter = counter + 1: null

2018-12-13 14:27:24 - [TEST_STEP][PASSED] - Statement - PreSaveFile = new java.io.File(((pathPrefix + java.lang.Integer.toString(counter)) + .png)): null

2018-12-13 14:27:24 - [TEST_STEP][PASSED] - Statement - counter = counter + 1: null

2018-12-13 14:27:24 - [TEST_STEP][PASSED] - Statement - PreSaveFile = new java.io.File(((pathPrefix + java.lang.Integer.toString(counter)) + .png)): null

2018-12-13 14:27:24 - [TEST_STEP][PASSED] - Statement - counter = counter + 1: null

2018-12-13 14:27:24 - [TEST_STEP][PASSED] - Statement - PreSaveFile = new java.io.File(((pathPrefix + java.lang.Integer.toString(counter)) + .png)): null

2018-12-13 14:27:24 - [TEST_STEP][PASSED] - Statement - counter = counter + 1: null

2018-12-13 14:27:24 - [TEST_STEP][PASSED] - Statement - PreSaveFile = new java.io.File(((pathPrefix + java.lang.Integer.toString(counter)) + .png)): null

2018-12-13 14:27:24 - [TEST_STEP][PASSED] - Statement - counter = counter + 1: null

2018-12-13 14:27:24 - [TEST_STEP][PASSED] - Statement - PreSaveFile = new java.io.File(((pathPrefix + java.lang.Integer.toString(counter)) + .png)): null

2018-12-13 14:27:24 - [TEST_STEP][PASSED] - Statement - counter = counter + 1: null

2018-12-13 14:27:24 - [TEST_STEP][PASSED] - Statement - PreSaveFile = new java.io.File(((pathPrefix + java.lang.Integer.toString(counter)) + .png)): null

2018-12-13 14:27:24 - [TEST_STEP][PASSED] - Statement - counter = counter + 1: null

2018-12-13 14:27:24 - [TEST_STEP][PASSED] - Statement - PreSaveFile = new java.io.File(((pathPrefix + java.lang.Integer.toString(counter)) + .png)): null

2018-12-13 14:27:24 - [TEST_STEP][PASSED] - Statement - counter = counter + 1: null

2018-12-13 14:27:24 - [TEST_STEP][PASSED] - Statement - PreSaveFile = new java.io.File(((pathPrefix + java.lang.Integer.toString(counter)) + .png)): null

2018-12-13 14:27:24 - [TEST_STEP][PASSED] - Statement - counter = counter + 1: null

2018-12-13 14:27:24 - [TEST_STEP][PASSED] - Statement - PreSaveFile = new java.io.File(((pathPrefix + java.lang.Integer.toString(counter)) + .png)): null

2018-12-13 14:27:24 - [TEST_STEP][PASSED] - Statement - counter = counter + 1: null

2018-12-13 14:27:24 - [TEST_STEP][PASSED] - Statement - PreSaveFile = new java.io.File(((pathPrefix + java.lang.Integer.toString(counter)) + .png)): null

2018-12-13 14:27:24 - [TEST_STEP][PASSED] - Statement - counter = counter + 1: null

2018-12-13 14:27:24 - [TEST_STEP][PASSED] - Statement - PreSaveFile = new java.io.File(((pathPrefix + java.lang.Integer.toString(counter)) + .png)): null

2018-12-13 14:27:24 - [TEST_STEP][PASSED] - Statement - counter = counter + 1: null

2018-12-13 14:27:24 - [TEST_STEP][PASSED] - Statement - PreSaveFile = new java.io.File(((pathPrefix + java.lang.Integer.toString(counter)) + .png)): null

2018-12-13 14:27:24 - [TEST_STEP][PASSED] - Statement - counter = counter + 1: null

2018-12-13 14:27:24 - [TEST_STEP][PASSED] - Statement - PreSaveFile = new java.io.File(((pathPrefix + java.lang.Integer.toString(counter)) + .png)): null

2018-12-13 14:27:24 - [TEST_STEP][PASSED] - Statement - counter = counter + 1: null

2018-12-13 14:27:24 - [TEST_STEP][PASSED] - Statement - PreSaveFile = new java.io.File(((pathPrefix + java.lang.Integer.toString(counter)) + .png)): null

2018-12-13 14:27:24 - [TEST_STEP][PASSED] - Statement - counter = counter + 1: null

2018-12-13 14:27:24 - [TEST_STEP][PASSED] - Statement - PreSaveFile = new java.io.File(((pathPrefix + java.lang.Integer.toString(counter)) + .png)): null

2018-12-13 14:27:24 - [TEST_STEP][PASSED] - Statement - counter = counter + 1: null

2018-12-13 14:27:24 - [TEST_STEP][PASSED] - Statement - PreSaveFile = new java.io.File(((pathPrefix + java.lang.Integer.toString(counter)) + .png)): null

2018-12-13 14:27:24 - [TEST_STEP][PASSED] - Statement - counter = counter + 1: null

2018-12-13 14:27:24 - [TEST_STEP][PASSED] - Statement - PreSaveFile = new java.io.File(((pathPrefix + java.lang.Integer.toString(counter)) + .png)): null

2018-12-13 14:27:24 - [TEST_STEP][PASSED] - Statement - counter = counter + 1: null

2018-12-13 14:27:24 - [TEST_STEP][PASSED] - Statement - PreSaveFile = new java.io.File(((pathPrefix + java.lang.Integer.toString(counter)) + .png)): null

2018-12-13 14:27:24 - [TEST_STEP][PASSED] - Statement - counter = counter + 1: null

2018-12-13 14:27:24 - [TEST_STEP][PASSED] - Statement - PreSaveFile = new java.io.File(((pathPrefix + java.lang.Integer.toString(counter)) + .png)): null

2018-12-13 14:27:24 - [TEST_STEP][PASSED] - Statement - counter = counter + 1: null

2018-12-13 14:27:24 - [TEST_STEP][PASSED] - Statement - PreSaveFile = new java.io.File(((pathPrefix + java.lang.Integer.toString(counter)) + .png)): null

2018-12-13 14:27:24 - [TEST_STEP][PASSED] - Statement - counter = counter + 1: null

2018-12-13 14:27:24 - [TEST_STEP][PASSED] - Statement - PreSaveFile = new java.io.File(((pathPrefix + java.lang.Integer.toString(counter)) + .png)): null

2018-12-13 14:27:24 - [TEST_STEP][PASSED] - Statement - counter = counter + 1: null

2018-12-13 14:27:24 - [TEST_STEP][PASSED] - Statement - PreSaveFile = new java.io.File(((pathPrefix + java.lang.Integer.toString(counter)) + .png)): null

2018-12-13 14:27:25 - [TEST_STEP][PASSED] - Statement - counter = counter + 1: null

2018-12-13 14:27:25 - [TEST_STEP][PASSED] - Statement - PreSaveFile = new java.io.File(((pathPrefix + java.lang.Integer.toString(counter)) + .png)): null

2018-12-13 14:27:25 - [TEST_STEP][PASSED] - Statement - counter = counter + 1: null

2018-12-13 14:27:25 - [TEST_STEP][PASSED] - Statement - PreSaveFile = new java.io.File(((pathPrefix + java.lang.Integer.toString(counter)) + .png)): null

2018-12-13 14:27:25 - [TEST_STEP][PASSED] - Statement - counter = counter + 1: null

2018-12-13 14:27:25 - [TEST_STEP][PASSED] - Statement - PreSaveFile = new java.io.File(((pathPrefix + java.lang.Integer.toString(counter)) + .png)): null

2018-12-13 14:27:25 - [TEST_STEP][PASSED] - Statement - finalPath = pathPrefix + java.lang.Integer.toString(counter) + ".png": null

2018-12-13 14:27:25 - [TEST_STEP][PASSED] - Statement - SaveFile = new java.io.File(finalPath): null

2018-12-13 14:27:25 - [TEST_STEP][PASSED] - Statement - Try: null

2018-12-13 14:27:25 - [TEST_STEP][PASSED] - Statement - org.apache.commons.io.FileUtils.copyFile(scrFile, SaveFile): null

2018-12-13 14:27:25 - [TEST_STEP][PASSED] - Statement - out.println("file kept"): null

2018-12-13 14:27:25 - [TEST_STEP][PASSED] - delay: Delayed 10 second(s)

2018-12-13 14:27:35 - [MESSAGE][PASSED] - Delayed 10 second(s)

2018-12-13 14:27:35 - [MESSAGE][PASSED] - Call Test Case 'Test Cases/Final Aug 2018 - PKS Automation/Registration Module/New Registration/Submit and Screenshot/Submit Registration and Screenshot' successfully

2018-12-13 14:27:35 - [TEST_STEP][PASSED] - delay: Delayed 5 second(s)

2018-12-13 14:27:40 - [MESSAGE][PASSED] - Delayed 5 second(s)

2018-12-13 14:27:40 - [TEST_STEP][PASSED] - callTestCase: Call Test Case 'Test Cases/Final Aug 2018 - PKS Automation/Registration Module/Log Out/log out avoiding katalon tagging' successfully

2018-12-13 14:27:40 - [TEST_CASE][PASSED] - Test Cases/Final Aug 2018 - PKS Automation/Registration Module/Log Out/log out avoiding katalon tagging: Test Cases/Final Aug 2018 - PKS Automation/Registration Module/Log Out/log out avoiding katalon tagging

2018-12-13 14:27:40 - [TEST_STEP][PASSED] - navigateToUrl: Navigate to 'https://assist2-uat.perkeso.gov.my/c/portal/logout' successfully

2018-12-13 14:27:40 - [MESSAGE][PASSED] - Navigate to 'https://assist2-uat.perkeso.gov.my/c/portal/logout' successfully

2018-12-13 14:27:40 - [MESSAGE][PASSED] - Call Test Case 'Test Cases/Final Aug 2018 - PKS Automation/Registration Module/Log Out/log out avoiding katalon tagging' successfully

2018-12-13 14:27:40 - [TEST_STEP][PASSED] - callTestCase: Call Test Case 'Test Cases/Final Aug 2018 - PKS Automation/Common/Workflow Owner Finder' successfully

2018-12-13 14:27:40 - [TEST_CASE][PASSED] - Test Cases/Final Aug 2018 - PKS Automation/Common/Workflow Owner Finder: Test Cases/Final Aug 2018 - PKS Automation/Common/Workflow Owner Finder

2018-12-13 14:27:40 - [TEST_STEP][PASSED] - openBrowser: Browser is opened with url: ''

2018-12-13 14:27:40 - [MESSAGE][WARNING] - A browser is already opened. Closing browser and opening a new one

2018-12-13 14:27:44 - [MESSAGE][PASSED] - Browser is opened with url: ''

2018-12-13 14:27:44 - [TEST_STEP][PASSED] - navigateToUrl: Navigate to 'https://assist2-uat.perkeso.gov.my/login' successfully

2018-12-13 14:27:45 - [MESSAGE][PASSED] - Navigate to 'https://assist2-uat.perkeso.gov.my/login' successfully

2018-12-13 14:27:45 - [TEST_STEP][PASSED] - delay: Delayed 5 second(s)

2018-12-13 14:27:50 - [MESSAGE][PASSED] - Delayed 5 second(s)

2018-12-13 14:27:50 - [TEST_STEP][PASSED] - setText: Text 'test@liferay.com' is set on object 'Object Repository/Final Object Repo/Login Page/Internal User/Email Address'

2018-12-13 14:27:51 - [MESSAGE][PASSED] - Text 'test@liferay.com' is set on object 'Object Repository/Final Object Repo/Login Page/Internal User/Email Address'

2018-12-13 14:27:51 - [TEST_STEP][PASSED] - click: Object: 'Object Repository/Final Object Repo/Login Page/Internal User/Next Button' is clicked on

2018-12-13 14:27:51 - [MESSAGE][PASSED] - Object: 'Object Repository/Final Object Repo/Login Page/Internal User/Next Button' is clicked on

2018-12-13 14:27:51 - [TEST_STEP][PASSED] - delay: Delayed 2 second(s)

2018-12-13 14:27:53 - [MESSAGE][PASSED] - Delayed 2 second(s)

2018-12-13 14:27:53 - [TEST_STEP][PASSED] - setText: Text 'test' is set on object 'Object Repository/Final Object Repo/Login Page/Internal User/Password'

2018-12-13 14:27:53 - [MESSAGE][PASSED] - Text 'test' is set on object 'Object Repository/Final Object Repo/Login Page/Internal User/Password'

2018-12-13 14:27:53 - [TEST_STEP][PASSED] - delay: Delayed 2 second(s)

2018-12-13 14:27:55 - [MESSAGE][PASSED] - Delayed 2 second(s)

2018-12-13 14:27:55 - [TEST_STEP][PASSED] - click: Object: 'Object Repository/Final Object Repo/Login Page/Internal User/Login Button' is clicked on

2018-12-13 14:27:55 - [MESSAGE][PASSED] - Object: 'Object Repository/Final Object Repo/Login Page/Internal User/Login Button' is clicked on

2018-12-13 14:27:55 - [TEST_STEP][PASSED] - Statement - tester = com.kms.katalon.core.testobject.ObjectRepository.findTestObject(Final Object Repo/Landing Page/Select to English): Finding Test Object with id 'Object Repository/Final Object Repo/Landing Page/Select to English'

2018-12-13 14:27:55 - [TEST_STEP][PASSED] - Statement - Try: Delayed 2 second(s)

2018-12-13 14:27:55 - [TEST_STEP][PASSED] - Statement - Checker = com.kms.katalon.core.webui.keyword.WebUiBuiltInKeywords.verifyElementNotPresent(tester, 3): Web element with id: 'Object Repository/Final Object Repo/Landing Page/Select to English' located by 'By.xpath: //a[@class = 'taglib-language-list-text' and @lang = 'en-US' and (contains(text(), 'EN') or contains(., 'EN'))]' is not present after '3' second(s)

2018-12-13 14:27:57 - [MESSAGE][PASSED] - Web element with id: 'Object Repository/Final Object Repo/Landing Page/Select to English' located by 'By.xpath: //a[@class = 'taglib-language-list-text' and @lang = 'en-US' and (contains(text(), 'EN') or contains(., 'EN'))]' is not present after '3' second(s)

2018-12-13 14:27:57 - [TEST_STEP][PASSED] - Statement - If (Checker == false): null

2018-12-13 14:27:57 - [TEST_STEP][PASSED] - delay: Delayed 2 second(s)

2018-12-13 14:27:59 - [MESSAGE][PASSED] - Delayed 2 second(s)

2018-12-13 14:27:59 - [TEST_STEP][PASSED] - delay: Delayed 5 second(s)

2018-12-13 14:28:04 - [MESSAGE][PASSED] - Delayed 5 second(s)

2018-12-13 14:28:04 - [TEST_STEP][PASSED] - mouseOver: Object: 'Object Repository/Final Object Repo/Landing Page/WorkFlow Menu' is hovered

2018-12-13 14:28:04 - [MESSAGE][PASSED] - Object: 'Object Repository/Final Object Repo/Landing Page/WorkFlow Menu' is hovered

2018-12-13 14:28:04 - [TEST_STEP][PASSED] - delay: Delayed 2 second(s)

2018-12-13 14:28:06 - [MESSAGE][PASSED] - Delayed 2 second(s)

2018-12-13 14:28:06 - [TEST_STEP][PASSED] - click: Object: 'Object Repository/Final Object Repo/Landing Page/Select to Workflow Listing' is clicked on

2018-12-13 14:28:08 - [MESSAGE][PASSED] - Object: 'Object Repository/Final Object Repo/Landing Page/Select to Workflow Listing' is clicked on

2018-12-13 14:28:08 - [TEST_STEP][PASSED] - delay: Delayed 2 second(s)

2018-12-13 14:28:10 - [MESSAGE][PASSED] - Delayed 2 second(s)

2018-12-13 14:28:10 - [TEST_STEP][PASSED] - click: Object: 'Object Repository/Final Object Repo/WorkFlow Listing Page/Search Information - To Put Ref No' is clicked on

2018-12-13 14:28:10 - [MESSAGE][PASSED] - Object: 'Object Repository/Final Object Repo/WorkFlow Listing Page/Search Information - To Put Ref No' is clicked on

2018-12-13 14:28:10 - [TEST_STEP][PASSED] - delay: Delayed 2 second(s)

2018-12-13 14:28:12 - [MESSAGE][PASSED] - Delayed 2 second(s)

2018-12-13 14:28:12 - [TEST_STEP][PASSED] - callTestCase: Call Test Case 'Test Cases/Final Aug 2018 - PKS Automation/Common/Reference Number Getter' successfully

2018-12-13 14:28:12 - [TEST_CASE][PASSED] - Test Cases/Final Aug 2018 - PKS Automation/Common/Reference Number Getter: Test Cases/Final Aug 2018 - PKS Automation/Common/Reference Number Getter

2018-12-13 14:28:12 - [TEST_STEP][PASSED] - Statement - Try: null

2018-12-13 14:28:12 - [TEST_STEP][PASSED] - Statement - RefNo = new java.io.File(C://Users//Admin//Desktop//PKS//Automation Reference Point//KatalonReference.txt): null

2018-12-13 14:28:12 - [TEST_STEP][PASSED] - Statement - bufferread = new java.io.BufferedReader(new java.io.FileReader(RefNo)): null

2018-12-13 14:28:12 - [TEST_STEP][PASSED] - Statement - readedVal = bufferread.readLine(): null

2018-12-13 14:28:12 - [TEST_STEP][PASSED] - Statement - out.println(CaseReferenceNo): null

2018-12-13 14:28:12 - [TEST_STEP][PASSED] - Statement - out.println(readedVal): null

2018-12-13 14:28:12 - [TEST_STEP][PASSED] - Statement - CaseReferenceNo = "": null

2018-12-13 14:28:12 - [TEST_STEP][PASSED] - Statement - CaseReferenceNo = readedVal: null

2018-12-13 14:28:12 - [MESSAGE][PASSED] - Call Test Case 'Test Cases/Final Aug 2018 - PKS Automation/Common/Reference Number Getter' successfully

2018-12-13 14:28:12 - [TEST_STEP][PASSED] - setText: Text 'CRN12201800123281' is set on object 'Object Repository/Final Object Repo/WorkFlow Listing Page/Ref No Set Text'

2018-12-13 14:28:12 - [MESSAGE][PASSED] - Text 'CRN12201800123281' is set on object 'Object Repository/Final Object Repo/WorkFlow Listing Page/Ref No Set Text'

2018-12-13 14:28:12 - [TEST_STEP][PASSED] - delay: Delayed 2 second(s)

2018-12-13 14:28:14 - [MESSAGE][PASSED] - Delayed 2 second(s)

2018-12-13 14:28:14 - [TEST_STEP][PASSED] - click: Object: 'Object Repository/Final Object Repo/WorkFlow Listing Page/Search Ref No Search Button' is clicked on

2018-12-13 14:28:15 - [MESSAGE][PASSED] - Object: 'Object Repository/Final Object Repo/WorkFlow Listing Page/Search Ref No Search Button' is clicked on

2018-12-13 14:28:15 - [TEST_STEP][PASSED] - delay: Delayed 6 second(s)

2018-12-13 14:28:21 - [MESSAGE][PASSED] - Delayed 6 second(s)

2018-12-13 14:28:21 - [TEST_STEP][PASSED] - click: Object: 'Object Repository/Final Object Repo/WorkFlow Listing Page/Click Continue Tooltip' is clicked on

2018-12-13 14:28:22 - [MESSAGE][PASSED] - Object: 'Object Repository/Final Object Repo/WorkFlow Listing Page/Click Continue Tooltip' is clicked on

2018-12-13 14:28:22 - [TEST_STEP][PASSED] - delay: Delayed 5 second(s)

2018-12-13 14:28:27 - [MESSAGE][PASSED] - Delayed 5 second(s)

2018-12-13 14:28:27 - [TEST_STEP][PASSED] - doubleClick: Object: 'Object Repository/Final Object Repo/WorkFlow Listing Page/Workflow Found - Listing 1' is double clicked on

2018-12-13 14:28:27 - [MESSAGE][PASSED] - Object: 'Object Repository/Final Object Repo/WorkFlow Listing Page/Workflow Found - Listing 1' is double clicked on

2018-12-13 14:28:27 - [TEST_STEP][PASSED] - Statement - println(OwnerID): null

2018-12-13 14:28:27 - [TEST_STEP][PASSED] - Statement - OwnerID = com.kms.katalon.core.webui.keyword.WebUiBuiltInKeywords.getText(com.kms.katalon.core.testobject.ObjectRepository.findTestObject(Final Object Repo/WorkFlow Listing Page/Workflow Found - Listing 1), STOP_ON_FAILURE): Text of object 'Object Repository/Final Object Repo/WorkFlow Listing Page/Workflow Found - Listing 1' is: 'JOHORro1'

2018-12-13 14:28:27 - [MESSAGE][PASSED] - Text of object 'Object Repository/Final Object Repo/WorkFlow Listing Page/Workflow Found - Listing 1' is: 'JOHORro1'

2018-12-13 14:28:27 - [TEST_STEP][PASSED] - Statement - OwnerID = OwnerID.toLowerCase() + "@gmail.com": null

2018-12-13 14:28:27 - [TEST_STEP][PASSED] - Statement - println(OwnerID): null

2018-12-13 14:28:27 - [TEST_STEP][PASSED] - delay: Delayed 2 second(s)

2018-12-13 14:28:29 - [MESSAGE][PASSED] - Delayed 2 second(s)

2018-12-13 14:28:29 - [MESSAGE][PASSED] - Call Test Case 'Test Cases/Final Aug 2018 - PKS Automation/Common/Workflow Owner Finder' successfully

2018-12-13 14:28:29 - [TEST_STEP][PASSED] - callTestCase: Call Test Case 'Test Cases/Final Aug 2018 - PKS Automation/Registration Module/Log Out/log out avoiding katalon tagging' successfully

2018-12-13 14:28:29 - [TEST_CASE][PASSED] - Test Cases/Final Aug 2018 - PKS Automation/Registration Module/Log Out/log out avoiding katalon tagging: Test Cases/Final Aug 2018 - PKS Automation/Registration Module/Log Out/log out avoiding katalon tagging

2018-12-13 14:28:29 - [TEST_STEP][PASSED] - navigateToUrl: Navigate to 'https://assist2-uat.perkeso.gov.my/c/portal/logout' successfully

2018-12-13 14:28:30 - [MESSAGE][PASSED] - Navigate to 'https://assist2-uat.perkeso.gov.my/c/portal/logout' successfully

2018-12-13 14:28:30 - [MESSAGE][PASSED] - Call Test Case 'Test Cases/Final Aug 2018 - PKS Automation/Registration Module/Log Out/log out avoiding katalon tagging' successfully

2018-12-13 14:28:30 - [TEST_STEP][PASSED] - delay: Delayed 2 second(s)

2018-12-13 14:28:32 - [MESSAGE][PASSED] - Delayed 2 second(s)

2018-12-13 14:28:32 - [TEST_STEP][PASSED] - setText: Text 'johorro1@gmail.com' is set on object 'Object Repository/Final Object Repo/New Registration - Registration Module Pages/New Reg - OTC to RO/Special Case - All Related Objects/Email TextBox'

2018-12-13 14:28:32 - [MESSAGE][PASSED] - Text 'johorro1@gmail.com' is set on object 'Object Repository/Final Object Repo/New Registration - Registration Module Pages/New Reg - OTC to RO/Special Case - All Related Objects/Email TextBox'

2018-12-13 14:28:32 - [TEST_STEP][PASSED] - click: Object: 'Object Repository/Final Object Repo/New Registration - Registration Module Pages/New Reg - OTC to RO/Special Case - All Related Objects/Next Button' is clicked on

2018-12-13 14:28:32 - [MESSAGE][PASSED] - Object: 'Object Repository/Final Object Repo/New Registration - Registration Module Pages/New Reg - OTC to RO/Special Case - All Related Objects/Next Button' is clicked on

2018-12-13 14:28:32 - [TEST_STEP][PASSED] - delay: Delayed 2 second(s)

2018-12-13 14:28:34 - [MESSAGE][PASSED] - Delayed 2 second(s)

2018-12-13 14:28:34 - [TEST_STEP][PASSED] - setText: Text 'Test1@3456789' is set on object 'Object Repository/Final Object Repo/New Registration - Registration Module Pages/New Reg - OTC to RO/Special Case - All Related Objects/Password TextBox'

2018-12-13 14:28:35 - [MESSAGE][PASSED] - Text 'Test1@3456789' is set on object 'Object Repository/Final Object Repo/New Registration - Registration Module Pages/New Reg - OTC to RO/Special Case - All Related Objects/Password TextBox'

2018-12-13 14:28:35 - [TEST_STEP][PASSED] - delay: Delayed 2 second(s)

2018-12-13 14:28:37 - [MESSAGE][PASSED] - Delayed 2 second(s)

2018-12-13 14:28:37 - [TEST_STEP][PASSED] - click: Object: 'Object Repository/Final Object Repo/New Registration - Registration Module Pages/New Reg - OTC to RO/Special Case - All Related Objects/Login Button' is clicked on

2018-12-13 14:28:37 - [MESSAGE][PASSED] - Object: 'Object Repository/Final Object Repo/New Registration - Registration Module Pages/New Reg - OTC to RO/Special Case - All Related Objects/Login Button' is clicked on

2018-12-13 14:28:37 - [TEST_STEP][PASSED] - delay: Delayed 2 second(s)

2018-12-13 14:28:39 - [MESSAGE][PASSED] - Delayed 2 second(s)

2018-12-13 14:28:39 - [TEST_STEP][PASSED] - Statement - Try: null

2018-12-13 14:28:39 - [TEST_STEP][PASSED] - Statement - Checker = com.kms.katalon.core.webui.keyword.WebUiBuiltInKeywords.verifyElementNotPresent("Final Object Repo/Landing Page/Select to English", 3): null

2018-12-13 14:28:39 - [TEST_STEP][PASSED] - Statement - Catch (Exception e): null

2018-12-13 14:28:39 - [TEST_STEP][PASSED] - Statement - e.printStackTrace(): null

2018-12-13 14:28:39 - [TEST_STEP][PASSED] - click: Object: 'Object Repository/Final Object Repo/New Registration - Registration Module Pages/New Reg - OTC to RO/Special Case - All Related Objects/Expand to Search' is clicked on

2018-12-13 14:28:39 - [MESSAGE][PASSED] - Object: 'Object Repository/Final Object Repo/New Registration - Registration Module Pages/New Reg - OTC to RO/Special Case - All Related Objects/Expand to Search' is clicked on

2018-12-13 14:28:39 - [TEST_STEP][PASSED] - delay: Delayed 2 second(s)

2018-12-13 14:28:41 - [MESSAGE][PASSED] - Delayed 2 second(s)

2018-12-13 14:28:41 - [TEST_STEP][PASSED] - setText: Text 'CRN12201800123281' is set on object 'Object Repository/Final Object Repo/New Registration - Registration Module Pages/New Reg - OTC to RO/Special Case - All Related Objects/TextBox RefNo in Workbasket'

2018-12-13 14:28:41 - [MESSAGE][PASSED] - Text 'CRN12201800123281' is set on object 'Object Repository/Final Object Repo/New Registration - Registration Module Pages/New Reg - OTC to RO/Special Case - All Related Objects/TextBox RefNo in Workbasket'

2018-12-13 14:28:41 - [TEST_STEP][PASSED] - delay: Delayed 2 second(s)

2018-12-13 14:28:43 - [MESSAGE][PASSED] - Delayed 2 second(s)

2018-12-13 14:28:43 - [TEST_STEP][PASSED] - click: Object: 'Object Repository/Final Object Repo/New Registration - Registration Module Pages/New Reg - OTC to RO/Special Case - All Related Objects/Click Search' is clicked on

2018-12-13 14:28:43 - [MESSAGE][PASSED] - Object: 'Object Repository/Final Object Repo/New Registration - Registration Module Pages/New Reg - OTC to RO/Special Case - All Related Objects/Click Search' is clicked on

2018-12-13 14:28:43 - [TEST_STEP][PASSED] - delay: Delayed 2 second(s)

2018-12-13 14:28:45 - [MESSAGE][PASSED] - Delayed 2 second(s)

2018-12-13 14:28:45 - [TEST_STEP][PASSED] - click: Object: 'Object Repository/Final Object Repo/New Registration - Registration Module Pages/New Reg - OTC to RO/Special Case - All Related Objects/Click to Continue Workflow' is clicked on

2018-12-13 14:28:49 - [MESSAGE][PASSED] - Object: 'Object Repository/Final Object Repo/New Registration - Registration Module Pages/New Reg - OTC to RO/Special Case - All Related Objects/Click to Continue Workflow' is clicked on

2018-12-13 14:28:49 - [TEST_STEP][PASSED] - delay: Delayed 2 second(s)

2018-12-13 14:28:51 - [MESSAGE][PASSED] - Delayed 2 second(s)

2018-12-13 14:28:51 - [TEST_STEP][PASSED] - click: Object: 'Object Repository/Final Object Repo/New Registration - Registration Module Pages/New Reg - OTC to RO/Special Case - All Related Objects/Continue Button in verifying case' is clicked on

2018-12-13 14:28:53 - [MESSAGE][PASSED] - Object: 'Object Repository/Final Object Repo/New Registration - Registration Module Pages/New Reg - OTC to RO/Special Case - All Related Objects/Continue Button in verifying case' is clicked on

2018-12-13 14:28:53 - [TEST_STEP][PASSED] - delay: Delayed 2 second(s)

2018-12-13 14:28:55 - [MESSAGE][PASSED] - Delayed 2 second(s)

2018-12-13 14:28:55 - [TEST_STEP][PASSED] - click: Object: 'Object Repository/Final Object Repo/New Registration - Registration Module Pages/New Reg - OTC to RO/Special Case - All Related Objects/Form 1 Save n Continue' is clicked on

2018-12-13 14:28:55 - [MESSAGE][PASSED] - Object: 'Object Repository/Final Object Repo/New Registration - Registration Module Pages/New Reg - OTC to RO/Special Case - All Related Objects/Form 1 Save n Continue' is clicked on

2018-12-13 14:28:55 - [TEST_STEP][PASSED] - delay: Delayed 5 second(s)

2018-12-13 14:29:00 - [MESSAGE][PASSED] - Delayed 5 second(s)

2018-12-13 14:29:00 - [TEST_STEP][PASSED] - click: Object: 'Object Repository/Final Object Repo/New Registration - Registration Module Pages/New Reg - OTC to RO/Special Case - OTC - Form 1/Confirm No Flagging as Branch' is clicked on

2018-12-13 14:29:00 - [MESSAGE][PASSED] - Object: 'Object Repository/Final Object Repo/New Registration - Registration Module Pages/New Reg - OTC to RO/Special Case - OTC - Form 1/Confirm No Flagging as Branch' is clicked on

2018-12-13 14:29:00 - [TEST_STEP][PASSED] - delay: Delayed 2 second(s)

2018-12-13 14:29:02 - [MESSAGE][PASSED] - Delayed 2 second(s)

2018-12-13 14:29:02 - [TEST_STEP][PASSED] - click: Object: 'Object Repository/Final Object Repo/New Registration - Registration Module Pages/New Reg - OTC to RO/Special Case - All Related Objects/Form 2 Save n Continue' is clicked on

2018-12-13 14:29:02 - [MESSAGE][PASSED] - Object: 'Object Repository/Final Object Repo/New Registration - Registration Module Pages/New Reg - OTC to RO/Special Case - All Related Objects/Form 2 Save n Continue' is clicked on

2018-12-13 14:29:02 - [TEST_STEP][PASSED] - delay: Delayed 2 second(s)

2018-12-13 14:29:04 - [MESSAGE][PASSED] - Delayed 2 second(s)

2018-12-13 14:29:04 - [TEST_STEP][PASSED] - click: Object: 'Object Repository/Final Object Repo/New Registration - Registration Module Pages/New Reg - OTC to RO/Special Case - All Related Objects/Third Screen Save n Continue' is clicked on

2018-12-13 14:29:10 - [MESSAGE][PASSED] - Object: 'Object Repository/Final Object Repo/New Registration - Registration Module Pages/New Reg - OTC to RO/Special Case - All Related Objects/Third Screen Save n Continue' is clicked on

2018-12-13 14:29:10 - [TEST_STEP][PASSED] - setText: Text 'Query case' is set on object 'Object Repository/Final Object Repo/New Registration - Registration Module Pages/New Reg - OTC to RO/Special Case - All Related Objects/Query Text Input'

2018-12-13 14:29:10 - [MESSAGE][PASSED] - Text 'Query case' is set on object 'Object Repository/Final Object Repo/New Registration - Registration Module Pages/New Reg - OTC to RO/Special Case - All Related Objects/Query Text Input'

2018-12-13 14:29:10 - [TEST_STEP][PASSED] - delay: Delayed 5 second(s)

2018-12-13 14:29:15 - [MESSAGE][PASSED] - Delayed 5 second(s)

2018-12-13 14:29:15 - [TEST_STEP][PASSED] - click: Object: 'Object Repository/Final Object Repo/New Registration - Registration Module Pages/New Reg - OTC to RO/Special Case - All Related Objects/Upload Doc Page Save n Continue' is clicked on

2018-12-13 14:29:15 - [MESSAGE][PASSED] - Object: 'Object Repository/Final Object Repo/New Registration - Registration Module Pages/New Reg - OTC to RO/Special Case - All Related Objects/Upload Doc Page Save n Continue' is clicked on

2018-12-13 14:29:15 - [TEST_STEP][PASSED] - click: Object: 'Object Repository/Final Object Repo/New Registration - Registration Module Pages/New Reg - OTC to RO/Special Case - All Related Objects/Query Button' is clicked on

2018-12-13 14:29:20 - [MESSAGE][PASSED] - Object: 'Object Repository/Final Object Repo/New Registration - Registration Module Pages/New Reg - OTC to RO/Special Case - All Related Objects/Query Button' is clicked on

2018-12-13 14:29:20 - [TEST_STEP][FAILED] - click: Unable to click on object 'Object Repository/Final Object Repo/New Registration - Registration Module Pages/New Reg - OTC to RO/Special Case - All Related Objects/Confirm to Query' (Root cause: org.openqa.selenium.ElementNotVisibleException: element not interactable
  (Session info: chrome=70.0.3538.110)
  (Driver info: chromedriver=2.43.600210 (68dcf5eebde37173d4027fa8635e332711d2874a),platform=Windows NT 6.1.7601 SP1 x86_64) (WARNING: The server did not provide any stacktrace information)
Command duration or timeout: 0 milliseconds
Build info: version: '3.7.1', revision: '8a0099a', time: '2017-11-06T21:07:36.161Z'
System info: host: 'WIN7TEST02', ip: '10.20.3.72', os.name: 'Windows 7', os.arch: 'amd64', os.version: '6.1', java.version: '1.8.0_181'
Driver info: com.kms.katalon.selenium.driver.CChromeDriver
Capabilities {acceptInsecureCerts: false, acceptSslCerts: false, applicationCacheEnabled: false, browserConnectionEnabled: false, browserName: chrome, chrome: {chromedriverVersion: 2.43.600210 (68dcf5eebde371..., userDataDir: C:\Users\Admin\AppData\Loca...}, cssSelectorsEnabled: true, databaseEnabled: false, goog:chromeOptions: {debuggerAddress: localhost:53771}, handlesAlerts: true, hasTouchScreen: false, javascriptEnabled: true, locationContextEnabled: true, mobileEmulationEnabled: false, nativeEvents: true, networkConnectionEnabled: false, pageLoadStrategy: normal, platform: XP, platformName: XP, rotatable: false, setWindowRect: true, takesHeapSnapshot: true, takesScreenshot: true, unexpectedAlertBehaviour: , unhandledPromptBehavior: , version: 70.0.3538.110, webStorageEnabled: true}
Session ID: aa0cdf03e7b7ee45e0b96fefab8db29e)

2018-12-13 14:29:20 - [MESSAGE][FAILED] - Unable to click on object 'Object Repository/Final Object Repo/New Registration - Registration Module Pages/New Reg - OTC to RO/Special Case - All Related Objects/Confirm to Query' (Root cause: org.openqa.selenium.ElementNotVisibleException: element not interactable
  (Session info: chrome=70.0.3538.110)
  (Driver info: chromedriver=2.43.600210 (68dcf5eebde37173d4027fa8635e332711d2874a),platform=Windows NT 6.1.7601 SP1 x86_64) (WARNING: The server did not provide any stacktrace information)
Command duration or timeout: 0 milliseconds
Build info: version: '3.7.1', revision: '8a0099a', time: '2017-11-06T21:07:36.161Z'
System info: host: 'WIN7TEST02', ip: '10.20.3.72', os.name: 'Windows 7', os.arch: 'amd64', os.version: '6.1', java.version: '1.8.0_181'
Driver info: com.kms.katalon.selenium.driver.CChromeDriver
Capabilities {acceptInsecureCerts: false, acceptSslCerts: false, applicationCacheEnabled: false, browserConnectionEnabled: false, browserName: chrome, chrome: {chromedriverVersion: 2.43.600210 (68dcf5eebde371..., userDataDir: C:\Users\Admin\AppData\Loca...}, cssSelectorsEnabled: true, databaseEnabled: false, goog:chromeOptions: {debuggerAddress: localhost:53771}, handlesAlerts: true, hasTouchScreen: false, javascriptEnabled: true, locationContextEnabled: true, mobileEmulationEnabled: false, nativeEvents: true, networkConnectionEnabled: false, pageLoadStrategy: normal, platform: XP, platformName: XP, rotatable: false, setWindowRect: true, takesHeapSnapshot: true, takesScreenshot: true, unexpectedAlertBehaviour: , unhandledPromptBehavior: , version: 70.0.3538.110, webStorageEnabled: true}
Session ID: aa0cdf03e7b7ee45e0b96fefab8db29e)
[[ATTACHMENT|C:\\Users\\Admin\\Desktop\\PKS\\Perkeso Phase A\\Reports\\Workflow\\New Registration\\20181213_103053\\1544682560405.png]]

2018-12-13 14:29:20 - [TEST_STEP][PASSED] - delay: Delayed 5 second(s)

2018-12-13 14:29:25 - [MESSAGE][PASSED] - Delayed 5 second(s)

2018-12-13 14:29:25 - [TEST_STEP][PASSED] - callTestCase: Call Test Case 'Test Cases/Final Aug 2018 - PKS Automation/Registration Module/Log Out/log out avoiding katalon tagging' successfully

2018-12-13 14:29:25 - [TEST_CASE][PASSED] - Test Cases/Final Aug 2018 - PKS Automation/Registration Module/Log Out/log out avoiding katalon tagging: Test Cases/Final Aug 2018 - PKS Automation/Registration Module/Log Out/log out avoiding katalon tagging

2018-12-13 14:29:25 - [TEST_STEP][PASSED] - navigateToUrl: Navigate to 'https://assist2-uat.perkeso.gov.my/c/portal/logout' successfully

2018-12-13 14:29:26 - [MESSAGE][PASSED] - Navigate to 'https://assist2-uat.perkeso.gov.my/c/portal/logout' successfully

2018-12-13 14:29:26 - [MESSAGE][PASSED] - Call Test Case 'Test Cases/Final Aug 2018 - PKS Automation/Registration Module/Log Out/log out avoiding katalon tagging' successfully

2018-12-13 14:29:26 - [TEST_STEP][PASSED] - delay: Delayed 2 second(s)

2018-12-13 14:29:28 - [MESSAGE][PASSED] - Delayed 2 second(s)

2018-12-13 14:29:28 - [TEST_STEP][PASSED] - setText: Text 'klotc2@gmail.com' is set on object 'Object Repository/Final Object Repo/New Registration - Registration Module Pages/New Reg - OTC to RO/Special Case - All Related Objects/Email TextBox'

2018-12-13 14:29:28 - [MESSAGE][PASSED] - Text 'klotc2@gmail.com' is set on object 'Object Repository/Final Object Repo/New Registration - Registration Module Pages/New Reg - OTC to RO/Special Case - All Related Objects/Email TextBox'

2018-12-13 14:29:28 - [TEST_STEP][PASSED] - delay: Delayed 2 second(s)

2018-12-13 14:29:30 - [MESSAGE][PASSED] - Delayed 2 second(s)

2018-12-13 14:29:30 - [TEST_STEP][PASSED] - click: Object: 'Object Repository/Final Object Repo/Login Page/Internal User/Next Button' is clicked on

2018-12-13 14:29:31 - [MESSAGE][PASSED] - Object: 'Object Repository/Final Object Repo/Login Page/Internal User/Next Button' is clicked on

2018-12-13 14:29:31 - [TEST_STEP][PASSED] - delay: Delayed 2 second(s)

2018-12-13 14:29:33 - [MESSAGE][PASSED] - Delayed 2 second(s)

2018-12-13 14:29:33 - [TEST_STEP][PASSED] - setText: Text 'Test1@3456789' is set on object 'Object Repository/Final Object Repo/Login Page/Internal User/Password'

2018-12-13 14:29:33 - [MESSAGE][PASSED] - Text 'Test1@3456789' is set on object 'Object Repository/Final Object Repo/Login Page/Internal User/Password'

2018-12-13 14:29:33 - [TEST_STEP][PASSED] - delay: Delayed 2 second(s)

2018-12-13 14:29:35 - [MESSAGE][PASSED] - Delayed 2 second(s)

2018-12-13 14:29:35 - [TEST_STEP][PASSED] - click: Object: 'Object Repository/Final Object Repo/Login Page/Internal User/Login Button' is clicked on

2018-12-13 14:29:35 - [MESSAGE][PASSED] - Object: 'Object Repository/Final Object Repo/Login Page/Internal User/Login Button' is clicked on

2018-12-13 14:29:35 - [TEST_STEP][PASSED] - delay: Delayed 2 second(s)

2018-12-13 14:29:37 - [MESSAGE][PASSED] - Delayed 2 second(s)

2018-12-13 14:29:37 - [TEST_STEP][PASSED] - Statement - Try: null

2018-12-13 14:29:37 - [TEST_STEP][PASSED] - Statement - Checker = com.kms.katalon.core.webui.keyword.WebUiBuiltInKeywords.verifyElementNotPresent("PKS_SIP_Updated_RegModule/Attempt/Page_MyASSIST - ASSIST/Select to English", 3): null

2018-12-13 14:29:37 - [TEST_STEP][PASSED] - Statement - Catch (Exception e): null

2018-12-13 14:29:37 - [TEST_STEP][PASSED] - Statement - e.printStackTrace(): null

2018-12-13 14:29:37 - [TEST_STEP][PASSED] - delay: Delayed 4 second(s)

2018-12-13 14:29:41 - [MESSAGE][PASSED] - Delayed 4 second(s)

2018-12-13 14:29:41 - [TEST_STEP][PASSED] - click: Object: 'Object Repository/Final Object Repo/Landing Page/My Sites Drop Down' is clicked on

2018-12-13 14:29:41 - [MESSAGE][PASSED] - Object: 'Object Repository/Final Object Repo/Landing Page/My Sites Drop Down' is clicked on

2018-12-13 14:29:41 - [TEST_STEP][PASSED] - click: Object: 'Object Repository/Final Object Repo/Landing Page/Select to Registration Module' is clicked on

2018-12-13 14:29:42 - [MESSAGE][PASSED] - Object: 'Object Repository/Final Object Repo/Landing Page/Select to Registration Module' is clicked on

2018-12-13 14:29:42 - [TEST_STEP][PASSED] - delay: Delayed 2 second(s)

2018-12-13 14:29:44 - [MESSAGE][PASSED] - Delayed 2 second(s)

2018-12-13 14:29:44 - [TEST_STEP][PASSED] - mouseOver: Object: 'Object Repository/Final Object Repo/New Registration - Registration Module Pages/New Reg - OTC to RO/Special Case - All Related Objects/Hover Over Search Drop Down' is hovered

2018-12-13 14:29:44 - [MESSAGE][PASSED] - Object: 'Object Repository/Final Object Repo/New Registration - Registration Module Pages/New Reg - OTC to RO/Special Case - All Related Objects/Hover Over Search Drop Down' is hovered

2018-12-13 14:29:44 - [TEST_STEP][PASSED] - click: Object: 'Object Repository/Final Object Repo/New Registration - Registration Module Pages/New Reg - OTC to RO/Special Case - All Related Objects/Select Search Pending Case' is clicked on

2018-12-13 14:29:45 - [MESSAGE][PASSED] - Object: 'Object Repository/Final Object Repo/New Registration - Registration Module Pages/New Reg - OTC to RO/Special Case - All Related Objects/Select Search Pending Case' is clicked on

2018-12-13 14:29:45 - [TEST_STEP][PASSED] - click: Object: 'Object Repository/Final Object Repo/New Registration - Registration Module Pages/New Reg - OTC to RO/Special Case - All Related Objects/Select Searching Method (Employer Code)' is clicked on

2018-12-13 14:29:45 - [MESSAGE][PASSED] - Object: 'Object Repository/Final Object Repo/New Registration - Registration Module Pages/New Reg - OTC to RO/Special Case - All Related Objects/Select Searching Method (Employer Code)' is clicked on

2018-12-13 14:29:45 - [TEST_STEP][PASSED] - click: Object: 'Object Repository/Final Object Repo/New Registration - Registration Module Pages/New Reg - OTC to RO/Special Case - All Related Objects/Select Searching Method to Reference ID' is clicked on

2018-12-13 14:29:45 - [MESSAGE][PASSED] - Object: 'Object Repository/Final Object Repo/New Registration - Registration Module Pages/New Reg - OTC to RO/Special Case - All Related Objects/Select Searching Method to Reference ID' is clicked on

2018-12-13 14:29:45 - [TEST_STEP][PASSED] - setText: Text 'CRN12201800123281' is set on object 'Object Repository/Final Object Repo/New Registration - Registration Module Pages/New Reg - OTC to RO/Special Case - All Related Objects/Pending Case Ref NO'

2018-12-13 14:29:46 - [MESSAGE][PASSED] - Text 'CRN12201800123281' is set on object 'Object Repository/Final Object Repo/New Registration - Registration Module Pages/New Reg - OTC to RO/Special Case - All Related Objects/Pending Case Ref NO'

2018-12-13 14:29:46 - [TEST_STEP][PASSED] - click: Object: 'Object Repository/Final Object Repo/New Registration - Registration Module Pages/New Reg - OTC to RO/Special Case - All Related Objects/Search Pending Case Based on Ref No' is clicked on

2018-12-13 14:29:46 - [MESSAGE][PASSED] - Object: 'Object Repository/Final Object Repo/New Registration - Registration Module Pages/New Reg - OTC to RO/Special Case - All Related Objects/Search Pending Case Based on Ref No' is clicked on

2018-12-13 14:29:46 - [TEST_STEP][FAILED] - click: Unable to click on object 'Object Repository/Final Object Repo/New Registration - Registration Module Pages/New Reg - OTC to RO/Special Case - All Related Objects/Action Button after found case' (Root cause: org.openqa.selenium.InvalidSelectorException: invalid selector: Unable to locate an element with the xpath expression  because of the following error:
SyntaxError: Failed to execute 'evaluate' on 'Document': The string '' is not a valid XPath expression.
  (Session info: chrome=70.0.3538.110)
  (Driver info: chromedriver=2.43.600210 (68dcf5eebde37173d4027fa8635e332711d2874a),platform=Windows NT 6.1.7601 SP1 x86_64) (WARNING: The server did not provide any stacktrace information)
Command duration or timeout: 0 milliseconds
For documentation on this error, please visit: http://seleniumhq.org/exceptions/invalid_selector_exception.html
Build info: version: '3.7.1', revision: '8a0099a', time: '2017-11-06T21:07:36.161Z'
System info: host: 'WIN7TEST02', ip: '10.20.3.72', os.name: 'Windows 7', os.arch: 'amd64', os.version: '6.1', java.version: '1.8.0_181'
Driver info: com.kms.katalon.selenium.driver.CChromeDriver
Capabilities {acceptInsecureCerts: false, acceptSslCerts: false, applicationCacheEnabled: false, browserConnectionEnabled: false, browserName: chrome, chrome: {chromedriverVersion: 2.43.600210 (68dcf5eebde371..., userDataDir: C:\Users\Admin\AppData\Loca...}, cssSelectorsEnabled: true, databaseEnabled: false, goog:chromeOptions: {debuggerAddress: localhost:53771}, handlesAlerts: true, hasTouchScreen: false, javascriptEnabled: true, locationContextEnabled: true, mobileEmulationEnabled: false, nativeEvents: true, networkConnectionEnabled: false, pageLoadStrategy: normal, platform: XP, platformName: XP, rotatable: false, setWindowRect: true, takesHeapSnapshot: true, takesScreenshot: true, unexpectedAlertBehaviour: , unhandledPromptBehavior: , version: 70.0.3538.110, webStorageEnabled: true}
Session ID: aa0cdf03e7b7ee45e0b96fefab8db29e
*** Element info: {Using=xpath, value=})

2018-12-13 14:30:19 - [MESSAGE][FAILED] - Unable to click on object 'Object Repository/Final Object Repo/New Registration - Registration Module Pages/New Reg - OTC to RO/Special Case - All Related Objects/Action Button after found case' (Root cause: org.openqa.selenium.InvalidSelectorException: invalid selector: Unable to locate an element with the xpath expression  because of the following error:
SyntaxError: Failed to execute 'evaluate' on 'Document': The string '' is not a valid XPath expression.
  (Session info: chrome=70.0.3538.110)
  (Driver info: chromedriver=2.43.600210 (68dcf5eebde37173d4027fa8635e332711d2874a),platform=Windows NT 6.1.7601 SP1 x86_64) (WARNING: The server did not provide any stacktrace information)
Command duration or timeout: 0 milliseconds
For documentation on this error, please visit: http://seleniumhq.org/exceptions/invalid_selector_exception.html
Build info: version: '3.7.1', revision: '8a0099a', time: '2017-11-06T21:07:36.161Z'
System info: host: 'WIN7TEST02', ip: '10.20.3.72', os.name: 'Windows 7', os.arch: 'amd64', os.version: '6.1', java.version: '1.8.0_181'
Driver info: com.kms.katalon.selenium.driver.CChromeDriver
Capabilities {acceptInsecureCerts: false, acceptSslCerts: false, applicationCacheEnabled: false, browserConnectionEnabled: false, browserName: chrome, chrome: {chromedriverVersion: 2.43.600210 (68dcf5eebde371..., userDataDir: C:\Users\Admin\AppData\Loca...}, cssSelectorsEnabled: true, databaseEnabled: false, goog:chromeOptions: {debuggerAddress: localhost:53771}, handlesAlerts: true, hasTouchScreen: false, javascriptEnabled: true, locationContextEnabled: true, mobileEmulationEnabled: false, nativeEvents: true, networkConnectionEnabled: false, pageLoadStrategy: normal, platform: XP, platformName: XP, rotatable: false, setWindowRect: true, takesHeapSnapshot: true, takesScreenshot: true, unexpectedAlertBehaviour: , unhandledPromptBehavior: , version: 70.0.3538.110, webStorageEnabled: true}
Session ID: aa0cdf03e7b7ee45e0b96fefab8db29e
*** Element info: {Using=xpath, value=})
[[ATTACHMENT|C:\\Users\\Admin\\Desktop\\PKS\\Perkeso Phase A\\Reports\\Workflow\\New Registration\\20181213_103053\\1544682618891.png]]

2018-12-13 14:30:19 - [TEST_STEP][FAILED] - click: Unable to click on object 'Object Repository/Final Object Repo/New Registration - Registration Module Pages/New Reg - OTC to RO/Special Case - All Related Objects/Next Button in Pending Case Form 1' (Root cause: com.kms.katalon.core.webui.exception.WebElementNotFoundException: Web element with id: 'Object Repository/Final Object Repo/New Registration - Registration Module Pages/New Reg - OTC to RO/Special Case - All Related Objects/Next Button in Pending Case Form 1' located by 'By.xpath: //a[@class = 'btn btn-lg blueBtn col-md-2 pull-right browserIdBtn' and (text() = ' NEXT
						' or . = ' NEXT
						')]' not found)

2018-12-13 14:30:52 - [MESSAGE][FAILED] - Unable to click on object 'Object Repository/Final Object Repo/New Registration - Registration Module Pages/New Reg - OTC to RO/Special Case - All Related Objects/Next Button in Pending Case Form 1' (Root cause: com.kms.katalon.core.webui.exception.WebElementNotFoundException: Web element with id: 'Object Repository/Final Object Repo/New Registration - Registration Module Pages/New Reg - OTC to RO/Special Case - All Related Objects/Next Button in Pending Case Form 1' located by 'By.xpath: //a[@class = 'btn btn-lg blueBtn col-md-2 pull-right browserIdBtn' and (text() = ' NEXT
						' or . = ' NEXT
						')]' not found)
[[ATTACHMENT|C:\\Users\\Admin\\Desktop\\PKS\\Perkeso Phase A\\Reports\\Workflow\\New Registration\\20181213_103053\\1544682652153.png]]

2018-12-13 14:30:52 - [TEST_STEP][FAILED] - click: Unable to click on object 'Object Repository/Final Object Repo/New Registration - Registration Module Pages/New Reg - OTC to RO/Special Case - All Related Objects/Next Button in Pending Case Form 2' (Root cause: com.kms.katalon.core.webui.exception.WebElementNotFoundException: Web element with id: 'Object Repository/Final Object Repo/New Registration - Registration Module Pages/New Reg - OTC to RO/Special Case - All Related Objects/Next Button in Pending Case Form 2' located by 'By.xpath: //a[@class = 'btn btn-lg blueBtn col-md-2 pull-right browserIdBtn' and (text() = ' NEXT
				' or . = ' NEXT
				')]' not found)

2018-12-13 14:31:25 - [MESSAGE][FAILED] - Unable to click on object 'Object Repository/Final Object Repo/New Registration - Registration Module Pages/New Reg - OTC to RO/Special Case - All Related Objects/Next Button in Pending Case Form 2' (Root cause: com.kms.katalon.core.webui.exception.WebElementNotFoundException: Web element with id: 'Object Repository/Final Object Repo/New Registration - Registration Module Pages/New Reg - OTC to RO/Special Case - All Related Objects/Next Button in Pending Case Form 2' located by 'By.xpath: //a[@class = 'btn btn-lg blueBtn col-md-2 pull-right browserIdBtn' and (text() = ' NEXT
				' or . = ' NEXT
				')]' not found)
[[ATTACHMENT|C:\\Users\\Admin\\Desktop\\PKS\\Perkeso Phase A\\Reports\\Workflow\\New Registration\\20181213_103053\\1544682684810.png]]

2018-12-13 14:31:25 - [TEST_STEP][FAILED] - click: Unable to click on object 'Object Repository/Final Object Repo/New Registration - Registration Module Pages/New Reg - OTC to RO/Special Case - All Related Objects/Next Button in Third Screen' (Root cause: com.kms.katalon.core.webui.exception.WebElementNotFoundException: Web element with id: 'Object Repository/Final Object Repo/New Registration - Registration Module Pages/New Reg - OTC to RO/Special Case - All Related Objects/Next Button in Third Screen' located by 'By.xpath: //a[@class = 'btn btn-lg blueBtn col-md-2 pull-right browserIdBtn' and (text() = ' NEXT
				' or . = ' NEXT
				')]' not found)

2018-12-13 14:31:58 - [MESSAGE][FAILED] - Unable to click on object 'Object Repository/Final Object Repo/New Registration - Registration Module Pages/New Reg - OTC to RO/Special Case - All Related Objects/Next Button in Third Screen' (Root cause: com.kms.katalon.core.webui.exception.WebElementNotFoundException: Web element with id: 'Object Repository/Final Object Repo/New Registration - Registration Module Pages/New Reg - OTC to RO/Special Case - All Related Objects/Next Button in Third Screen' located by 'By.xpath: //a[@class = 'btn btn-lg blueBtn col-md-2 pull-right browserIdBtn' and (text() = ' NEXT
				' or . = ' NEXT
				')]' not found)
[[ATTACHMENT|C:\\Users\\Admin\\Desktop\\PKS\\Perkeso Phase A\\Reports\\Workflow\\New Registration\\20181213_103053\\1544682718096.png]]

2018-12-13 14:31:58 - [TEST_STEP][FAILED] - click: Unable to click on object 'Object Repository/Final Object Repo/New Registration - Registration Module Pages/New Reg - OTC to RO/Special Case - All Related Objects/Add Document for Pending Case' (Root cause: com.kms.katalon.core.webui.exception.WebElementNotFoundException: Web element with id: 'Object Repository/Final Object Repo/New Registration - Registration Module Pages/New Reg - OTC to RO/Special Case - All Related Objects/Add Document for Pending Case' located by 'By.xpath: //a[@id = '_newreg_WAR_registrationportlet_dialogBtn' and (text() = '
					ADD DOCUMENT
	             ' or . = '
					ADD DOCUMENT
	             ')]' not found)

2018-12-13 14:32:31 - [MESSAGE][FAILED] - Unable to click on object 'Object Repository/Final Object Repo/New Registration - Registration Module Pages/New Reg - OTC to RO/Special Case - All Related Objects/Add Document for Pending Case' (Root cause: com.kms.katalon.core.webui.exception.WebElementNotFoundException: Web element with id: 'Object Repository/Final Object Repo/New Registration - Registration Module Pages/New Reg - OTC to RO/Special Case - All Related Objects/Add Document for Pending Case' located by 'By.xpath: //a[@id = '_newreg_WAR_registrationportlet_dialogBtn' and (text() = '
					ADD DOCUMENT
	             ' or . = '
					ADD DOCUMENT
	             ')]' not found)
[[ATTACHMENT|C:\\Users\\Admin\\Desktop\\PKS\\Perkeso Phase A\\Reports\\Workflow\\New Registration\\20181213_103053\\1544682751312.png]]

2018-12-13 14:32:31 - [TEST_STEP][FAILED] - click: Unable to click on object 'Object Repository/Final Object Repo/New Registration - Registration Module Pages/New Reg - OTC to RO/Special Case - All Related Objects/Upload Pending Doc - Please Select' (Root cause: com.kms.katalon.core.webui.exception.WebElementNotFoundException: Web element with id: 'Object Repository/Final Object Repo/New Registration - Registration Module Pages/New Reg - OTC to RO/Special Case - All Related Objects/Upload Pending Doc - Please Select' located by 'By.xpath: //span[@class = 'select2-selection__rendered' and @id = 'select2-_newreg_WAR_registrationportlet_objdocTypeId-container']' not found)

2018-12-13 14:33:04 - [MESSAGE][FAILED] - Unable to click on object 'Object Repository/Final Object Repo/New Registration - Registration Module Pages/New Reg - OTC to RO/Special Case - All Related Objects/Upload Pending Doc - Please Select' (Root cause: com.kms.katalon.core.webui.exception.WebElementNotFoundException: Web element with id: 'Object Repository/Final Object Repo/New Registration - Registration Module Pages/New Reg - OTC to RO/Special Case - All Related Objects/Upload Pending Doc - Please Select' located by 'By.xpath: //span[@class = 'select2-selection__rendered' and @id = 'select2-_newreg_WAR_registrationportlet_objdocTypeId-container']' not found)
[[ATTACHMENT|C:\\Users\\Admin\\Desktop\\PKS\\Perkeso Phase A\\Reports\\Workflow\\New Registration\\20181213_103053\\1544682784427.png]]

2018-12-13 14:33:04 - [TEST_STEP][PASSED] - delay: Delayed 2 second(s)

2018-12-13 14:33:06 - [MESSAGE][PASSED] - Delayed 2 second(s)

2018-12-13 14:33:06 - [TEST_STEP][FAILED] - click: Unable to click on object 'Object Repository/Final Object Repo/New Registration - Registration Module Pages/New Reg - OTC to RO/Special Case - All Related Objects/Select to Others to Upload' (Root cause: com.kms.katalon.core.webui.exception.WebElementNotFoundException: Web element with id: 'Object Repository/Final Object Repo/New Registration - Registration Module Pages/New Reg - OTC to RO/Special Case - All Related Objects/Select to Others to Upload' located by 'By.xpath: //span/ul/li/span[contains(text(),"Others")]' not found)

2018-12-13 14:33:38 - [MESSAGE][FAILED] - Unable to click on object 'Object Repository/Final Object Repo/New Registration - Registration Module Pages/New Reg - OTC to RO/Special Case - All Related Objects/Select to Others to Upload' (Root cause: com.kms.katalon.core.webui.exception.WebElementNotFoundException: Web element with id: 'Object Repository/Final Object Repo/New Registration - Registration Module Pages/New Reg - OTC to RO/Special Case - All Related Objects/Select to Others to Upload' located by 'By.xpath: //span/ul/li/span[contains(text(),"Others")]' not found)
[[ATTACHMENT|C:\\Users\\Admin\\Desktop\\PKS\\Perkeso Phase A\\Reports\\Workflow\\New Registration\\20181213_103053\\1544682817804.png]]

2018-12-13 14:33:38 - [TEST_STEP][PASSED] - delay: Delayed 2 second(s)

2018-12-13 14:33:40 - [MESSAGE][PASSED] - Delayed 2 second(s)

2018-12-13 14:33:40 - [TEST_STEP][FAILED] - uploadFile: Unable to upload file 'C:\Users\Public\Pictures\Sample Pictures\Koala.jpg' to object 'Object Repository/Final Object Repo/New Registration - Registration Module Pages/New Reg - OTC to RO/Special Case - All Related Objects/Uploading Pending Case Action' (Root cause: com.kms.katalon.core.webui.exception.WebElementNotFoundException: Web element with id: 'Object Repository/Final Object Repo/New Registration - Registration Module Pages/New Reg - OTC to RO/Special Case - All Related Objects/Uploading Pending Case Action' located by 'By.xpath: //input[@id = '_newreg_WAR_registrationportlet_uploadFile' and @name = '_newreg_WAR_registrationportlet_uploadFile' and @type = 'file']' not found)

2018-12-13 14:34:11 - [MESSAGE][FAILED] - Unable to upload file 'C:\Users\Public\Pictures\Sample Pictures\Koala.jpg' to object 'Object Repository/Final Object Repo/New Registration - Registration Module Pages/New Reg - OTC to RO/Special Case - All Related Objects/Uploading Pending Case Action' (Root cause: com.kms.katalon.core.webui.exception.WebElementNotFoundException: Web element with id: 'Object Repository/Final Object Repo/New Registration - Registration Module Pages/New Reg - OTC to RO/Special Case - All Related Objects/Uploading Pending Case Action' located by 'By.xpath: //input[@id = '_newreg_WAR_registrationportlet_uploadFile' and @name = '_newreg_WAR_registrationportlet_uploadFile' and @type = 'file']' not found)
[[ATTACHMENT|C:\\Users\\Admin\\Desktop\\PKS\\Perkeso Phase A\\Reports\\Workflow\\New Registration\\20181213_103053\\1544682851359.png]]

2018-12-13 14:34:11 - [TEST_STEP][PASSED] - delay: Delayed 2 second(s)

2018-12-13 14:34:13 - [MESSAGE][PASSED] - Delayed 2 second(s)

2018-12-13 14:34:13 - [TEST_STEP][FAILED] - click: Unable to click on object 'Object Repository/Final Object Repo/New Registration - Registration Module Pages/New Reg - OTC to RO/Special Case - All Related Objects/Inner form Add Document Button Pending Case' (Root cause: com.kms.katalon.core.webui.exception.WebElementNotFoundException: Web element with id: 'Object Repository/Final Object Repo/New Registration - Registration Module Pages/New Reg - OTC to RO/Special Case - All Related Objects/Inner form Add Document Button Pending Case' located by 'By.xpath: //a[@class = 'btn btn-lg blueBtn col-md-2 pull-right' and @targets = 'baseMsgDivId' and (text() = '
										ADD DOCUMENT
								     ' or . = '
										ADD DOCUMENT
								     ')]' not found)

2018-12-13 14:34:48 - [MESSAGE][FAILED] - Unable to click on object 'Object Repository/Final Object Repo/New Registration - Registration Module Pages/New Reg - OTC to RO/Special Case - All Related Objects/Inner form Add Document Button Pending Case' (Root cause: com.kms.katalon.core.webui.exception.WebElementNotFoundException: Web element with id: 'Object Repository/Final Object Repo/New Registration - Registration Module Pages/New Reg - OTC to RO/Special Case - All Related Objects/Inner form Add Document Button Pending Case' located by 'By.xpath: //a[@class = 'btn btn-lg blueBtn col-md-2 pull-right' and @targets = 'baseMsgDivId' and (text() = '
										ADD DOCUMENT
								     ' or . = '
										ADD DOCUMENT
								     ')]' not found)
[[ATTACHMENT|C:\\Users\\Admin\\Desktop\\PKS\\Perkeso Phase A\\Reports\\Workflow\\New Registration\\20181213_103053\\1544682887794.png]]

2018-12-13 14:34:48 - [TEST_STEP][PASSED] - delay: Delayed 2 second(s)

2018-12-13 14:34:50 - [MESSAGE][PASSED] - Delayed 2 second(s)

2018-12-13 14:34:50 - [TEST_STEP][FAILED] - click: Unable to click on object 'Object Repository/Final Object Repo/New Registration - Registration Module Pages/New Reg - OTC to RO/Special Case - All Related Objects/Pending Case Exit' (Root cause: com.kms.katalon.core.webui.exception.WebElementNotFoundException: Web element with id: 'Object Repository/Final Object Repo/New Registration - Registration Module Pages/New Reg - OTC to RO/Special Case - All Related Objects/Pending Case Exit' located by 'By.xpath: //a[@id = '_newreg_WAR_registrationportlet_exitBtnId' and @class = 'btn btn-lg blueBtn col-md-2 pull-right' and (text() = '
									EXIT
				                ' or . = '
									EXIT
				                ')]' not found)

2018-12-13 14:35:22 - [MESSAGE][FAILED] - Unable to click on object 'Object Repository/Final Object Repo/New Registration - Registration Module Pages/New Reg - OTC to RO/Special Case - All Related Objects/Pending Case Exit' (Root cause: com.kms.katalon.core.webui.exception.WebElementNotFoundException: Web element with id: 'Object Repository/Final Object Repo/New Registration - Registration Module Pages/New Reg - OTC to RO/Special Case - All Related Objects/Pending Case Exit' located by 'By.xpath: //a[@id = '_newreg_WAR_registrationportlet_exitBtnId' and @class = 'btn btn-lg blueBtn col-md-2 pull-right' and (text() = '
									EXIT
				                ' or . = '
									EXIT
				                ')]' not found)
[[ATTACHMENT|C:\\Users\\Admin\\Desktop\\PKS\\Perkeso Phase A\\Reports\\Workflow\\New Registration\\20181213_103053\\1544682922593.png]]

2018-12-13 14:35:22 - [TEST_STEP][PASSED] - callTestCase: Call Test Case 'Test Cases/Final Aug 2018 - PKS Automation/Registration Module/Log Out/log out avoiding katalon tagging' successfully

2018-12-13 14:35:22 - [TEST_CASE][PASSED] - Test Cases/Final Aug 2018 - PKS Automation/Registration Module/Log Out/log out avoiding katalon tagging: Test Cases/Final Aug 2018 - PKS Automation/Registration Module/Log Out/log out avoiding katalon tagging

2018-12-13 14:35:22 - [TEST_STEP][PASSED] - navigateToUrl: Navigate to 'https://assist2-uat.perkeso.gov.my/c/portal/logout' successfully

2018-12-13 14:35:23 - [MESSAGE][PASSED] - Navigate to 'https://assist2-uat.perkeso.gov.my/c/portal/logout' successfully

2018-12-13 14:35:23 - [MESSAGE][PASSED] - Call Test Case 'Test Cases/Final Aug 2018 - PKS Automation/Registration Module/Log Out/log out avoiding katalon tagging' successfully

2018-12-13 14:35:23 - [TEST_STEP][PASSED] - callTestCase: Call Test Case 'Test Cases/Final Aug 2018 - PKS Automation/Common/Workflow Owner Finder' successfully

2018-12-13 14:35:23 - [TEST_CASE][PASSED] - Test Cases/Final Aug 2018 - PKS Automation/Common/Workflow Owner Finder: Test Cases/Final Aug 2018 - PKS Automation/Common/Workflow Owner Finder

2018-12-13 14:35:23 - [TEST_STEP][PASSED] - openBrowser: Browser is opened with url: ''

2018-12-13 14:35:23 - [MESSAGE][WARNING] - A browser is already opened. Closing browser and opening a new one

2018-12-13 14:35:27 - [MESSAGE][PASSED] - Browser is opened with url: ''

2018-12-13 14:35:27 - [TEST_STEP][PASSED] - navigateToUrl: Navigate to 'https://assist2-uat.perkeso.gov.my/login' successfully

2018-12-13 14:35:28 - [MESSAGE][PASSED] - Navigate to 'https://assist2-uat.perkeso.gov.my/login' successfully

2018-12-13 14:35:28 - [TEST_STEP][PASSED] - delay: Delayed 5 second(s)

2018-12-13 14:35:33 - [MESSAGE][PASSED] - Delayed 5 second(s)

2018-12-13 14:35:33 - [TEST_STEP][PASSED] - setText: Text 'test@liferay.com' is set on object 'Object Repository/Final Object Repo/Login Page/Internal User/Email Address'

2018-12-13 14:35:34 - [MESSAGE][PASSED] - Text 'test@liferay.com' is set on object 'Object Repository/Final Object Repo/Login Page/Internal User/Email Address'

2018-12-13 14:35:34 - [TEST_STEP][PASSED] - click: Object: 'Object Repository/Final Object Repo/Login Page/Internal User/Next Button' is clicked on

2018-12-13 14:35:34 - [MESSAGE][PASSED] - Object: 'Object Repository/Final Object Repo/Login Page/Internal User/Next Button' is clicked on

2018-12-13 14:35:34 - [TEST_STEP][PASSED] - delay: Delayed 2 second(s)

2018-12-13 14:35:36 - [MESSAGE][PASSED] - Delayed 2 second(s)

2018-12-13 14:35:36 - [TEST_STEP][PASSED] - setText: Text 'test' is set on object 'Object Repository/Final Object Repo/Login Page/Internal User/Password'

2018-12-13 14:35:36 - [MESSAGE][PASSED] - Text 'test' is set on object 'Object Repository/Final Object Repo/Login Page/Internal User/Password'

2018-12-13 14:35:36 - [TEST_STEP][PASSED] - delay: Delayed 2 second(s)

2018-12-13 14:35:38 - [MESSAGE][PASSED] - Delayed 2 second(s)

2018-12-13 14:35:38 - [TEST_STEP][PASSED] - click: Object: 'Object Repository/Final Object Repo/Login Page/Internal User/Login Button' is clicked on

2018-12-13 14:35:38 - [MESSAGE][PASSED] - Object: 'Object Repository/Final Object Repo/Login Page/Internal User/Login Button' is clicked on

2018-12-13 14:35:38 - [TEST_STEP][PASSED] - Statement - tester = com.kms.katalon.core.testobject.ObjectRepository.findTestObject(Final Object Repo/Landing Page/Select to English): Finding Test Object with id 'Object Repository/Final Object Repo/Landing Page/Select to English'

2018-12-13 14:35:38 - [TEST_STEP][PASSED] - Statement - Try: Delayed 2 second(s)

2018-12-13 14:35:38 - [TEST_STEP][PASSED] - Statement - Checker = com.kms.katalon.core.webui.keyword.WebUiBuiltInKeywords.verifyElementNotPresent(tester, 3): Web element with id: 'Object Repository/Final Object Repo/Landing Page/Select to English' located by 'By.xpath: //a[@class = 'taglib-language-list-text' and @lang = 'en-US' and (contains(text(), 'EN') or contains(., 'EN'))]' is not present after '3' second(s)

2018-12-13 14:35:40 - [MESSAGE][PASSED] - Web element with id: 'Object Repository/Final Object Repo/Landing Page/Select to English' located by 'By.xpath: //a[@class = 'taglib-language-list-text' and @lang = 'en-US' and (contains(text(), 'EN') or contains(., 'EN'))]' is not present after '3' second(s)

2018-12-13 14:35:40 - [TEST_STEP][PASSED] - Statement - If (Checker == false): null

2018-12-13 14:35:40 - [TEST_STEP][PASSED] - delay: Delayed 2 second(s)

2018-12-13 14:35:42 - [MESSAGE][PASSED] - Delayed 2 second(s)

2018-12-13 14:35:42 - [TEST_STEP][PASSED] - delay: Delayed 5 second(s)

2018-12-13 14:35:47 - [MESSAGE][PASSED] - Delayed 5 second(s)

2018-12-13 14:35:47 - [TEST_STEP][PASSED] - mouseOver: Object: 'Object Repository/Final Object Repo/Landing Page/WorkFlow Menu' is hovered

2018-12-13 14:35:47 - [MESSAGE][PASSED] - Object: 'Object Repository/Final Object Repo/Landing Page/WorkFlow Menu' is hovered

2018-12-13 14:35:47 - [TEST_STEP][PASSED] - delay: Delayed 2 second(s)

2018-12-13 14:35:49 - [MESSAGE][PASSED] - Delayed 2 second(s)

2018-12-13 14:35:49 - [TEST_STEP][PASSED] - click: Object: 'Object Repository/Final Object Repo/Landing Page/Select to Workflow Listing' is clicked on

2018-12-13 14:35:50 - [MESSAGE][PASSED] - Object: 'Object Repository/Final Object Repo/Landing Page/Select to Workflow Listing' is clicked on

2018-12-13 14:35:50 - [TEST_STEP][PASSED] - delay: Delayed 2 second(s)

2018-12-13 14:35:52 - [MESSAGE][PASSED] - Delayed 2 second(s)

2018-12-13 14:35:52 - [TEST_STEP][PASSED] - click: Object: 'Object Repository/Final Object Repo/WorkFlow Listing Page/Search Information - To Put Ref No' is clicked on

2018-12-13 14:35:53 - [MESSAGE][PASSED] - Object: 'Object Repository/Final Object Repo/WorkFlow Listing Page/Search Information - To Put Ref No' is clicked on

2018-12-13 14:35:53 - [TEST_STEP][PASSED] - delay: Delayed 2 second(s)

2018-12-13 14:35:55 - [MESSAGE][PASSED] - Delayed 2 second(s)

2018-12-13 14:35:55 - [TEST_STEP][PASSED] - callTestCase: Call Test Case 'Test Cases/Final Aug 2018 - PKS Automation/Common/Reference Number Getter' successfully

2018-12-13 14:35:55 - [TEST_CASE][PASSED] - Test Cases/Final Aug 2018 - PKS Automation/Common/Reference Number Getter: Test Cases/Final Aug 2018 - PKS Automation/Common/Reference Number Getter

2018-12-13 14:35:55 - [TEST_STEP][PASSED] - Statement - Try: null

2018-12-13 14:35:55 - [TEST_STEP][PASSED] - Statement - RefNo = new java.io.File(C://Users//Admin//Desktop//PKS//Automation Reference Point//KatalonReference.txt): null

2018-12-13 14:35:55 - [TEST_STEP][PASSED] - Statement - bufferread = new java.io.BufferedReader(new java.io.FileReader(RefNo)): null

2018-12-13 14:35:55 - [TEST_STEP][PASSED] - Statement - readedVal = bufferread.readLine(): null

2018-12-13 14:35:55 - [TEST_STEP][PASSED] - Statement - out.println(CaseReferenceNo): null

2018-12-13 14:35:55 - [TEST_STEP][PASSED] - Statement - out.println(readedVal): null

2018-12-13 14:35:55 - [TEST_STEP][PASSED] - Statement - CaseReferenceNo = "": null

2018-12-13 14:35:55 - [TEST_STEP][PASSED] - Statement - CaseReferenceNo = readedVal: null

2018-12-13 14:35:55 - [MESSAGE][PASSED] - Call Test Case 'Test Cases/Final Aug 2018 - PKS Automation/Common/Reference Number Getter' successfully

2018-12-13 14:35:55 - [TEST_STEP][PASSED] - setText: Text 'CRN12201800123281' is set on object 'Object Repository/Final Object Repo/WorkFlow Listing Page/Ref No Set Text'

2018-12-13 14:35:55 - [MESSAGE][PASSED] - Text 'CRN12201800123281' is set on object 'Object Repository/Final Object Repo/WorkFlow Listing Page/Ref No Set Text'

2018-12-13 14:35:55 - [TEST_STEP][PASSED] - delay: Delayed 2 second(s)

2018-12-13 14:35:57 - [MESSAGE][PASSED] - Delayed 2 second(s)

2018-12-13 14:35:57 - [TEST_STEP][PASSED] - click: Object: 'Object Repository/Final Object Repo/WorkFlow Listing Page/Search Ref No Search Button' is clicked on

2018-12-13 14:35:57 - [MESSAGE][PASSED] - Object: 'Object Repository/Final Object Repo/WorkFlow Listing Page/Search Ref No Search Button' is clicked on

2018-12-13 14:35:57 - [TEST_STEP][PASSED] - delay: Delayed 6 second(s)

2018-12-13 14:36:03 - [MESSAGE][PASSED] - Delayed 6 second(s)

2018-12-13 14:36:03 - [TEST_STEP][PASSED] - click: Object: 'Object Repository/Final Object Repo/WorkFlow Listing Page/Click Continue Tooltip' is clicked on

2018-12-13 14:36:04 - [MESSAGE][PASSED] - Object: 'Object Repository/Final Object Repo/WorkFlow Listing Page/Click Continue Tooltip' is clicked on

2018-12-13 14:36:04 - [TEST_STEP][PASSED] - delay: Delayed 5 second(s)

2018-12-13 14:36:09 - [MESSAGE][PASSED] - Delayed 5 second(s)

2018-12-13 14:36:09 - [TEST_STEP][PASSED] - doubleClick: Object: 'Object Repository/Final Object Repo/WorkFlow Listing Page/Workflow Found - Listing 1' is double clicked on

2018-12-13 14:36:09 - [MESSAGE][PASSED] - Object: 'Object Repository/Final Object Repo/WorkFlow Listing Page/Workflow Found - Listing 1' is double clicked on

2018-12-13 14:36:09 - [TEST_STEP][PASSED] - Statement - println(OwnerID): null

2018-12-13 14:36:09 - [TEST_STEP][PASSED] - Statement - OwnerID = com.kms.katalon.core.webui.keyword.WebUiBuiltInKeywords.getText(com.kms.katalon.core.testobject.ObjectRepository.findTestObject(Final Object Repo/WorkFlow Listing Page/Workflow Found - Listing 1), STOP_ON_FAILURE): Text of object 'Object Repository/Final Object Repo/WorkFlow Listing Page/Workflow Found - Listing 1' is: 'JOHORro1'

2018-12-13 14:36:10 - [MESSAGE][PASSED] - Text of object 'Object Repository/Final Object Repo/WorkFlow Listing Page/Workflow Found - Listing 1' is: 'JOHORro1'

2018-12-13 14:36:10 - [TEST_STEP][PASSED] - Statement - OwnerID = OwnerID.toLowerCase() + "@gmail.com": null

2018-12-13 14:36:10 - [TEST_STEP][PASSED] - Statement - println(OwnerID): null

2018-12-13 14:36:10 - [TEST_STEP][PASSED] - delay: Delayed 2 second(s)

2018-12-13 14:36:12 - [MESSAGE][PASSED] - Delayed 2 second(s)

2018-12-13 14:36:12 - [MESSAGE][PASSED] - Call Test Case 'Test Cases/Final Aug 2018 - PKS Automation/Common/Workflow Owner Finder' successfully

2018-12-13 14:36:12 - [TEST_STEP][PASSED] - callTestCase: Call Test Case 'Test Cases/Final Aug 2018 - PKS Automation/Registration Module/Log Out/log out avoiding katalon tagging' successfully

2018-12-13 14:36:12 - [TEST_CASE][PASSED] - Test Cases/Final Aug 2018 - PKS Automation/Registration Module/Log Out/log out avoiding katalon tagging: Test Cases/Final Aug 2018 - PKS Automation/Registration Module/Log Out/log out avoiding katalon tagging

2018-12-13 14:36:12 - [TEST_STEP][PASSED] - navigateToUrl: Navigate to 'https://assist2-uat.perkeso.gov.my/c/portal/logout' successfully

2018-12-13 14:36:12 - [MESSAGE][PASSED] - Navigate to 'https://assist2-uat.perkeso.gov.my/c/portal/logout' successfully

2018-12-13 14:36:12 - [MESSAGE][PASSED] - Call Test Case 'Test Cases/Final Aug 2018 - PKS Automation/Registration Module/Log Out/log out avoiding katalon tagging' successfully

2018-12-13 14:36:12 - [TEST_STEP][PASSED] - delay: Delayed 2 second(s)

2018-12-13 14:36:14 - [MESSAGE][PASSED] - Delayed 2 second(s)

2018-12-13 14:36:14 - [TEST_STEP][PASSED] - setText: Text 'johorro1@gmail.com' is set on object 'Object Repository/Final Object Repo/Login Page/Internal User/Email Address'

2018-12-13 14:36:15 - [MESSAGE][PASSED] - Text 'johorro1@gmail.com' is set on object 'Object Repository/Final Object Repo/Login Page/Internal User/Email Address'

2018-12-13 14:36:15 - [TEST_STEP][PASSED] - click: Object: 'Object Repository/Final Object Repo/Login Page/Internal User/Next Button' is clicked on

2018-12-13 14:36:15 - [MESSAGE][PASSED] - Object: 'Object Repository/Final Object Repo/Login Page/Internal User/Next Button' is clicked on

2018-12-13 14:36:15 - [TEST_STEP][PASSED] - delay: Delayed 2 second(s)

2018-12-13 14:36:17 - [MESSAGE][PASSED] - Delayed 2 second(s)

2018-12-13 14:36:17 - [TEST_STEP][PASSED] - setText: Text 'Test1@3456789' is set on object 'Object Repository/Final Object Repo/Login Page/Internal User/Password'

2018-12-13 14:36:17 - [MESSAGE][PASSED] - Text 'Test1@3456789' is set on object 'Object Repository/Final Object Repo/Login Page/Internal User/Password'

2018-12-13 14:36:17 - [TEST_STEP][PASSED] - delay: Delayed 2 second(s)

2018-12-13 14:36:19 - [MESSAGE][PASSED] - Delayed 2 second(s)

2018-12-13 14:36:19 - [TEST_STEP][PASSED] - click: Object: 'Object Repository/Final Object Repo/Login Page/Internal User/Login Button' is clicked on

2018-12-13 14:36:19 - [MESSAGE][PASSED] - Object: 'Object Repository/Final Object Repo/Login Page/Internal User/Login Button' is clicked on

2018-12-13 14:36:19 - [TEST_STEP][PASSED] - delay: Delayed 2 second(s)

2018-12-13 14:36:21 - [MESSAGE][PASSED] - Delayed 2 second(s)

2018-12-13 14:36:21 - [TEST_STEP][PASSED] - Statement - Try: null

2018-12-13 14:36:21 - [TEST_STEP][PASSED] - Statement - Checker = com.kms.katalon.core.webui.keyword.WebUiBuiltInKeywords.verifyElementNotPresent("Final Object Repo/Landing Page/Select to English", 3): null

2018-12-13 14:36:21 - [TEST_STEP][PASSED] - Statement - Catch (Exception e): null

2018-12-13 14:36:21 - [TEST_STEP][PASSED] - Statement - e.printStackTrace(): null

2018-12-13 14:36:21 - [TEST_STEP][PASSED] - click: Object: 'Object Repository/Final Object Repo/New Registration - Registration Module Pages/New Reg - OTC to RO/Special Case - All Related Objects/Expand to Search' is clicked on

2018-12-13 14:36:22 - [MESSAGE][PASSED] - Object: 'Object Repository/Final Object Repo/New Registration - Registration Module Pages/New Reg - OTC to RO/Special Case - All Related Objects/Expand to Search' is clicked on

2018-12-13 14:36:22 - [TEST_STEP][PASSED] - delay: Delayed 2 second(s)

2018-12-13 14:36:24 - [MESSAGE][PASSED] - Delayed 2 second(s)

2018-12-13 14:36:24 - [TEST_STEP][PASSED] - callTestCase: Call Test Case 'Test Cases/Final Aug 2018 - PKS Automation/Common/Reference Number Getter' successfully

2018-12-13 14:36:24 - [TEST_CASE][PASSED] - Test Cases/Final Aug 2018 - PKS Automation/Common/Reference Number Getter: Test Cases/Final Aug 2018 - PKS Automation/Common/Reference Number Getter

2018-12-13 14:36:24 - [TEST_STEP][PASSED] - Statement - Try: null

2018-12-13 14:36:24 - [TEST_STEP][PASSED] - Statement - RefNo = new java.io.File(C://Users//Admin//Desktop//PKS//Automation Reference Point//KatalonReference.txt): null

2018-12-13 14:36:24 - [TEST_STEP][PASSED] - Statement - bufferread = new java.io.BufferedReader(new java.io.FileReader(RefNo)): null

2018-12-13 14:36:24 - [TEST_STEP][PASSED] - Statement - readedVal = bufferread.readLine(): null

2018-12-13 14:36:24 - [TEST_STEP][PASSED] - Statement - out.println(CaseReferenceNo): null

2018-12-13 14:36:24 - [TEST_STEP][PASSED] - Statement - out.println(readedVal): null

2018-12-13 14:36:24 - [TEST_STEP][PASSED] - Statement - CaseReferenceNo = "": null

2018-12-13 14:36:24 - [TEST_STEP][PASSED] - Statement - CaseReferenceNo = readedVal: null

2018-12-13 14:36:24 - [MESSAGE][PASSED] - Call Test Case 'Test Cases/Final Aug 2018 - PKS Automation/Common/Reference Number Getter' successfully

2018-12-13 14:36:24 - [TEST_STEP][PASSED] - setText: Text 'CRN12201800123281' is set on object 'Object Repository/Final Object Repo/New Registration - Registration Module Pages/New Reg - OTC to RO/Special Case - All Related Objects/TextBox RefNo in Workbasket'

2018-12-13 14:36:24 - [MESSAGE][PASSED] - Text 'CRN12201800123281' is set on object 'Object Repository/Final Object Repo/New Registration - Registration Module Pages/New Reg - OTC to RO/Special Case - All Related Objects/TextBox RefNo in Workbasket'

2018-12-13 14:36:24 - [TEST_STEP][PASSED] - delay: Delayed 2 second(s)

2018-12-13 14:36:26 - [MESSAGE][PASSED] - Delayed 2 second(s)

2018-12-13 14:36:26 - [TEST_STEP][PASSED] - click: Object: 'Object Repository/Final Object Repo/New Registration - Registration Module Pages/New Reg - OTC to RO/Special Case - All Related Objects/Click Search' is clicked on

2018-12-13 14:36:26 - [MESSAGE][PASSED] - Object: 'Object Repository/Final Object Repo/New Registration - Registration Module Pages/New Reg - OTC to RO/Special Case - All Related Objects/Click Search' is clicked on

2018-12-13 14:36:26 - [TEST_STEP][PASSED] - delay: Delayed 2 second(s)

2018-12-13 14:36:28 - [MESSAGE][PASSED] - Delayed 2 second(s)

2018-12-13 14:36:28 - [TEST_STEP][PASSED] - click: Object: 'Object Repository/Final Object Repo/New Registration - Registration Module Pages/New Reg - OTC to RO/Special Case - All Related Objects/Click to Continue Workflow' is clicked on

2018-12-13 14:36:31 - [MESSAGE][PASSED] - Object: 'Object Repository/Final Object Repo/New Registration - Registration Module Pages/New Reg - OTC to RO/Special Case - All Related Objects/Click to Continue Workflow' is clicked on

2018-12-13 14:36:31 - [TEST_STEP][PASSED] - delay: Delayed 2 second(s)

2018-12-13 14:36:33 - [MESSAGE][PASSED] - Delayed 2 second(s)

2018-12-13 14:36:33 - [TEST_STEP][PASSED] - click: Object: 'Object Repository/Final Object Repo/New Registration - Registration Module Pages/New Reg - OTC to RO/Special Case - All Related Objects/Continue Button in verifying case' is clicked on

2018-12-13 14:36:35 - [MESSAGE][PASSED] - Object: 'Object Repository/Final Object Repo/New Registration - Registration Module Pages/New Reg - OTC to RO/Special Case - All Related Objects/Continue Button in verifying case' is clicked on

2018-12-13 14:36:35 - [TEST_STEP][PASSED] - delay: Delayed 2 second(s)

2018-12-13 14:36:37 - [MESSAGE][PASSED] - Delayed 2 second(s)

2018-12-13 14:36:37 - [TEST_STEP][PASSED] - click: Object: 'Object Repository/Final Object Repo/New Registration - Registration Module Pages/Form 1/Registered As a Branch - Yes' is clicked on

2018-12-13 14:36:37 - [MESSAGE][PASSED] - Object: 'Object Repository/Final Object Repo/New Registration - Registration Module Pages/Form 1/Registered As a Branch - Yes' is clicked on

2018-12-13 14:36:37 - [TEST_STEP][PASSED] - delay: Delayed 2 second(s)

2018-12-13 14:36:39 - [MESSAGE][PASSED] - Delayed 2 second(s)

2018-12-13 14:36:39 - [TEST_STEP][PASSED] - click: Object: 'Object Repository/Final Object Repo/New Registration - Registration Module Pages/New Reg - OTC to RO/Special Case - All Related Objects/Form 1 Save n Continue' is clicked on

2018-12-13 14:36:39 - [MESSAGE][PASSED] - Object: 'Object Repository/Final Object Repo/New Registration - Registration Module Pages/New Reg - OTC to RO/Special Case - All Related Objects/Form 1 Save n Continue' is clicked on

2018-12-13 14:36:39 - [TEST_STEP][PASSED] - delay: Delayed 2 second(s)

2018-12-13 14:36:41 - [MESSAGE][PASSED] - Delayed 2 second(s)

2018-12-13 14:36:41 - [TEST_STEP][PASSED] - click: Object: 'Object Repository/Final Object Repo/New Registration - Registration Module Pages/New Reg - OTC to RO/Special Case - All Related Objects/Form 2 Save n Continue' is clicked on

2018-12-13 14:36:42 - [MESSAGE][PASSED] - Object: 'Object Repository/Final Object Repo/New Registration - Registration Module Pages/New Reg - OTC to RO/Special Case - All Related Objects/Form 2 Save n Continue' is clicked on

2018-12-13 14:36:42 - [TEST_STEP][PASSED] - delay: Delayed 2 second(s)

2018-12-13 14:36:44 - [MESSAGE][PASSED] - Delayed 2 second(s)

2018-12-13 14:36:44 - [TEST_STEP][PASSED] - click: Object: 'Object Repository/Final Object Repo/New Registration - Registration Module Pages/New Reg - OTC to RO/Special Case - All Related Objects/Third Screen Save n Continue' is clicked on

2018-12-13 14:36:49 - [MESSAGE][PASSED] - Object: 'Object Repository/Final Object Repo/New Registration - Registration Module Pages/New Reg - OTC to RO/Special Case - All Related Objects/Third Screen Save n Continue' is clicked on

2018-12-13 14:36:49 - [TEST_STEP][PASSED] - delay: Delayed 5 second(s)

2018-12-13 14:36:54 - [MESSAGE][PASSED] - Delayed 5 second(s)

2018-12-13 14:36:54 - [TEST_STEP][PASSED] - click: Object: 'Object Repository/Final Object Repo/New Registration - Registration Module Pages/New Reg - OTC to RO/Special Case - All Related Objects/Upload Doc Page Save n Continue' is clicked on

2018-12-13 14:36:54 - [MESSAGE][PASSED] - Object: 'Object Repository/Final Object Repo/New Registration - Registration Module Pages/New Reg - OTC to RO/Special Case - All Related Objects/Upload Doc Page Save n Continue' is clicked on

2018-12-13 14:36:54 - [TEST_STEP][FAILED] - callTestCase: Unable to call Test Case with id 'Test Cases/Final Aug 2018 - PKS Automation/Registration Module/New Registration/Submit and Screenshot/Submit Registration and Screenshot' (Root cause: Call Test Case 'Test Cases/Final Aug 2018 - PKS Automation/Registration Module/New Registration/Submit and Screenshot/Submit Registration and Screenshot' failed)

2018-12-13 14:36:55 - [TEST_CASE][FAILED] - Test Cases/Final Aug 2018 - PKS Automation/Registration Module/New Registration/Submit and Screenshot/Submit Registration and Screenshot: Test Cases/Final Aug 2018 - PKS Automation/Registration Module/New Registration/Submit and Screenshot/Submit Registration and Screenshot FAILED because (of) (Stack trace: com.kms.katalon.core.exception.StepFailedException: Unable to click on object 'Object Repository/Final Object Repo/New Registration - Registration Module Pages/Third Screen - Upload Supporting Doc- Preview/Preview Submit Button' (Root cause: com.kms.katalon.core.webui.exception.WebElementNotFoundException: Web element with id: 'Object Repository/Final Object Repo/New Registration - Registration Module Pages/Third Screen - Upload Supporting Doc- Preview/Preview Submit Button' located by 'By.xpath: //a[@popupvalidatesubmit = 'true' and @class = 'btn btn-lg blueBtn col-md-2 pull-right browserIdBtn' and (text() = ' SUBMIT
					' or . = ' SUBMIT
					')]' not found)
	at com.kms.katalon.core.keyword.internal.KeywordMain.stepFailed(KeywordMain.groovy:32)
	at com.kms.katalon.core.webui.keyword.internal.WebUIKeywordMain.stepFailed(WebUIKeywordMain.groovy:65)
	at com.kms.katalon.core.webui.keyword.internal.WebUIKeywordMain.runKeyword(WebUIKeywordMain.groovy:27)
	at com.kms.katalon.core.webui.keyword.builtin.ClickKeyword.click(ClickKeyword.groovy:86)
	at com.kms.katalon.core.webui.keyword.builtin.ClickKeyword.execute(ClickKeyword.groovy:67)
	at com.kms.katalon.core.keyword.internal.KeywordExecutor.executeKeywordForPlatform(KeywordExecutor.groovy:53)
	at com.kms.katalon.core.webui.keyword.WebUiBuiltInKeywords.click(WebUiBuiltInKeywords.groovy:616)
	at com.kms.katalon.core.webui.keyword.WebUiBuiltInKeywords$click$2.call(Unknown Source)
	at Script1534476274484.run(Script1534476274484.groovy:32)
	at com.kms.katalon.core.main.ScriptEngine.run(ScriptEngine.java:183)
	at com.kms.katalon.core.main.ScriptEngine.runScriptAsRawText(ScriptEngine.java:108)
	at com.kms.katalon.core.main.TestCaseExecutor.runScript(TestCaseExecutor.java:294)
	at com.kms.katalon.core.main.TestCaseExecutor.doExecute(TestCaseExecutor.java:285)
	at com.kms.katalon.core.main.TestCaseExecutor.processExecutionPhase(TestCaseExecutor.java:264)
	at com.kms.katalon.core.main.TestCaseExecutor.accessMainPhase(TestCaseExecutor.java:256)
	at com.kms.katalon.core.main.TestCaseExecutor.execute(TestCaseExecutor.java:200)
	at com.kms.katalon.core.main.TestCaseMain.runTestCase(TestCaseMain.java:99)
	at com.kms.katalon.core.keyword.builtin.CallTestCaseKeyword$_callTestCase_closure1.doCall(CallTestCaseKeyword.groovy:60)
	at com.kms.katalon.core.keyword.builtin.CallTestCaseKeyword$_callTestCase_closure1.call(CallTestCaseKeyword.groovy)
	at com.kms.katalon.core.keyword.internal.KeywordMain.runKeyword(KeywordMain.groovy:54)
	at com.kms.katalon.core.keyword.builtin.CallTestCaseKeyword.callTestCase(CallTestCaseKeyword.groovy:81)
	at com.kms.katalon.core.keyword.builtin.CallTestCaseKeyword.execute(CallTestCaseKeyword.groovy:45)
	at com.kms.katalon.core.keyword.internal.KeywordExecutor.executeKeywordForPlatform(KeywordExecutor.groovy:53)
	at com.kms.katalon.core.keyword.BuiltinKeywords.callTestCase(BuiltinKeywords.groovy:334)
	at sun.reflect.GeneratedMethodAccessor13.invoke(Unknown Source)
	at sun.reflect.DelegatingMethodAccessorImpl.invoke(DelegatingMethodAccessorImpl.java:43)
	at java.lang.reflect.Method.invoke(Method.java:498)
	at org.codehaus.groovy.reflection.CachedMethod.invoke(CachedMethod.java:93)
	at groovy.lang.MetaMethod.doMethodInvoke(MetaMethod.java:325)
	at groovy.lang.MetaClassImpl.invokeStaticMethod(MetaClassImpl.java:1469)
	at org.codehaus.groovy.runtime.callsite.StaticMetaClassSite.call(StaticMetaClassSite.java:53)
	at org.codehaus.groovy.runtime.callsite.CallSiteArray.defaultCall(CallSiteArray.java:48)
	at org.codehaus.groovy.runtime.callsite.AbstractCallSite.call(AbstractCallSite.java:113)
	at org.codehaus.groovy.runtime.callsite.AbstractCallSite.call(AbstractCallSite.java:141)
	at Script1535599531593.run(Script1535599531593.groovy:358)
	at com.kms.katalon.core.main.ScriptEngine.run(ScriptEngine.java:183)
	at com.kms.katalon.core.main.ScriptEngine.runScriptAsRawText(ScriptEngine.java:108)
	at com.kms.katalon.core.main.TestCaseExecutor.runScript(TestCaseExecutor.java:294)
	at com.kms.katalon.core.main.TestCaseExecutor.doExecute(TestCaseExecutor.java:285)
	at com.kms.katalon.core.main.TestCaseExecutor.processExecutionPhase(TestCaseExecutor.java:264)
	at com.kms.katalon.core.main.TestCaseExecutor.accessMainPhase(TestCaseExecutor.java:256)
	at com.kms.katalon.core.main.TestCaseExecutor.execute(TestCaseExecutor.java:200)
	at com.kms.katalon.core.main.TestSuiteExecutor.accessTestCaseMainPhase(TestSuiteExecutor.java:129)
	at com.kms.katalon.core.main.TestSuiteExecutor.accessTestSuiteMainPhase(TestSuiteExecutor.java:112)
	at com.kms.katalon.core.main.TestSuiteExecutor.execute(TestSuiteExecutor.java:81)
	at com.kms.katalon.core.main.TestCaseMain.startTestSuite(TestCaseMain.java:142)
	at com.kms.katalon.core.main.TestCaseMain$startTestSuite$0.call(Unknown Source)
	at org.codehaus.groovy.runtime.callsite.CallSiteArray.defaultCall(CallSiteArray.java:48)
	at org.codehaus.groovy.runtime.callsite.AbstractCallSite.call(AbstractCallSite.java:113)
	at org.codehaus.groovy.runtime.callsite.AbstractCallSite.call(AbstractCallSite.java:141)
	at TempTestSuite1544668253915.run(TempTestSuite1544668253915.groovy:36)
	at groovy.lang.GroovyShell.runScriptOrMainOrTestOrRunnable(GroovyShell.java:263)
	at groovy.lang.GroovyShell.run(GroovyShell.java:518)
	at groovy.lang.GroovyShell.run(GroovyShell.java:507)
	at groovy.ui.GroovyMain.processOnce(GroovyMain.java:653)
	at groovy.ui.GroovyMain.run(GroovyMain.java:384)
	at groovy.ui.GroovyMain.process(GroovyMain.java:370)
	at groovy.ui.GroovyMain.processArgs(GroovyMain.java:129)
	at groovy.ui.GroovyMain.main(GroovyMain.java:109)
	at sun.reflect.NativeMethodAccessorImpl.invoke0(Native Method)
	at sun.reflect.NativeMethodAccessorImpl.invoke(NativeMethodAccessorImpl.java:62)
	at sun.reflect.DelegatingMethodAccessorImpl.invoke(DelegatingMethodAccessorImpl.java:43)
	at java.lang.reflect.Method.invoke(Method.java:498)
	at org.codehaus.groovy.tools.GroovyStarter.rootLoader(GroovyStarter.java:109)
	at org.codehaus.groovy.tools.GroovyStarter.main(GroovyStarter.java:131)
)

2018-12-13 14:36:55 - [TEST_STEP][PASSED] - delay: Delayed 6 second(s)

2018-12-13 14:37:01 - [MESSAGE][PASSED] - Delayed 6 second(s)

2018-12-13 14:37:01 - [TEST_STEP][FAILED] - click: Unable to click on object 'Object Repository/Final Object Repo/New Registration - Registration Module Pages/Third Screen - Upload Supporting Doc- Preview/Preview Submit Button' (Root cause: com.kms.katalon.core.webui.exception.WebElementNotFoundException: Web element with id: 'Object Repository/Final Object Repo/New Registration - Registration Module Pages/Third Screen - Upload Supporting Doc- Preview/Preview Submit Button' located by 'By.xpath: //a[@popupvalidatesubmit = 'true' and @class = 'btn btn-lg blueBtn col-md-2 pull-right browserIdBtn' and (text() = ' SUBMIT
					' or . = ' SUBMIT
					')]' not found)

2018-12-13 14:37:37 - [MESSAGE][FAILED] - Unable to click on object 'Object Repository/Final Object Repo/New Registration - Registration Module Pages/Third Screen - Upload Supporting Doc- Preview/Preview Submit Button' (Root cause: com.kms.katalon.core.webui.exception.WebElementNotFoundException: Web element with id: 'Object Repository/Final Object Repo/New Registration - Registration Module Pages/Third Screen - Upload Supporting Doc- Preview/Preview Submit Button' located by 'By.xpath: //a[@popupvalidatesubmit = 'true' and @class = 'btn btn-lg blueBtn col-md-2 pull-right browserIdBtn' and (text() = ' SUBMIT
					' or . = ' SUBMIT
					')]' not found)
[[ATTACHMENT|C:\\Users\\Admin\\Desktop\\PKS\\Perkeso Phase A\\Reports\\Workflow\\New Registration\\20181213_103053\\1544683056692.png]]

2018-12-13 14:37:37 - [TEST_STEP][PASSED] - delay: Delayed 2 second(s)

2018-12-13 14:37:39 - [MESSAGE][PASSED] - Delayed 2 second(s)

2018-12-13 14:37:39 - [TEST_STEP][FAILED] - click: Unable to click on object 'Object Repository/Final Object Repo/New Registration - Registration Module Pages/Third Screen - Upload Supporting Doc- Preview/Preview Submit - Confirm' (Root cause: com.kms.katalon.core.webui.exception.WebElementNotFoundException: Web element with id: 'Object Repository/Final Object Repo/New Registration - Registration Module Pages/Third Screen - Upload Supporting Doc- Preview/Preview Submit - Confirm' located by 'By.xpath: //span[@id = 'confirmword' and (text() = 'CONFIRM' or . = 'CONFIRM')]' not found)

2018-12-13 14:38:11 - [MESSAGE][FAILED] - Unable to click on object 'Object Repository/Final Object Repo/New Registration - Registration Module Pages/Third Screen - Upload Supporting Doc- Preview/Preview Submit - Confirm' (Root cause: com.kms.katalon.core.webui.exception.WebElementNotFoundException: Web element with id: 'Object Repository/Final Object Repo/New Registration - Registration Module Pages/Third Screen - Upload Supporting Doc- Preview/Preview Submit - Confirm' located by 'By.xpath: //span[@id = 'confirmword' and (text() = 'CONFIRM' or . = 'CONFIRM')]' not found)
[[ATTACHMENT|C:\\Users\\Admin\\Desktop\\PKS\\Perkeso Phase A\\Reports\\Workflow\\New Registration\\20181213_103053\\1544683090910.png]]

2018-12-13 14:38:11 - [TEST_STEP][PASSED] - delay: Delayed 15 second(s)

2018-12-13 14:38:26 - [MESSAGE][PASSED] - Delayed 15 second(s)

2018-12-13 14:38:26 - [TEST_STEP][PASSED] - Statement - driver = com.kms.katalon.core.webui.driver.DriverFactory.getWebDriver(): null

2018-12-13 14:38:26 - [TEST_STEP][PASSED] - Statement - driver.manage().timeouts().implicitlyWait(10, SECONDS): null

2018-12-13 14:38:26 - [TEST_STEP][PASSED] - Statement - PresavePath = KatalonScreenshots: null

2018-12-13 14:38:26 - [TEST_STEP][PASSED] - Statement - pathPrefix = "C:\Users\Public\Pictures\Sample Pictures\Katalon Screenshots\Automate Ending Screen": null

2018-12-13 14:38:26 - [TEST_STEP][PASSED] - Statement - finalPath = <not implemented yet for class: org.codehaus.groovy.ast.expr.EmptyExpression>: null

2018-12-13 14:38:26 - [TEST_STEP][PASSED] - Statement - scrFile = driver.getScreenshotAs(FILE): null

2018-12-13 14:38:26 - [TEST_STEP][PASSED] - Statement - PreSaveFile = new java.io.File(PresavePath): null

2018-12-13 14:38:26 - [TEST_STEP][PASSED] - Statement - counter = 0: null

2018-12-13 14:38:26 - [TEST_STEP][PASSED] - Statement - If (PreSaveFile.exists()): null

2018-12-13 14:38:26 - [TEST_STEP][PASSED] - Statement - While (PreSaveFile.exists()): null

2018-12-13 14:38:26 - [TEST_STEP][PASSED] - Statement - counter = counter + 1: null

2018-12-13 14:38:26 - [TEST_STEP][PASSED] - Statement - PreSaveFile = new java.io.File(((pathPrefix + java.lang.Integer.toString(counter)) + .png)): null

2018-12-13 14:38:26 - [TEST_STEP][PASSED] - Statement - counter = counter + 1: null

2018-12-13 14:38:26 - [TEST_STEP][PASSED] - Statement - PreSaveFile = new java.io.File(((pathPrefix + java.lang.Integer.toString(counter)) + .png)): null

2018-12-13 14:38:26 - [TEST_STEP][PASSED] - Statement - counter = counter + 1: null

2018-12-13 14:38:26 - [TEST_STEP][PASSED] - Statement - PreSaveFile = new java.io.File(((pathPrefix + java.lang.Integer.toString(counter)) + .png)): null

2018-12-13 14:38:26 - [TEST_STEP][PASSED] - Statement - counter = counter + 1: null

2018-12-13 14:38:26 - [TEST_STEP][PASSED] - Statement - PreSaveFile = new java.io.File(((pathPrefix + java.lang.Integer.toString(counter)) + .png)): null

2018-12-13 14:38:26 - [TEST_STEP][PASSED] - Statement - counter = counter + 1: null

2018-12-13 14:38:26 - [TEST_STEP][PASSED] - Statement - PreSaveFile = new java.io.File(((pathPrefix + java.lang.Integer.toString(counter)) + .png)): null

2018-12-13 14:38:26 - [TEST_STEP][PASSED] - Statement - counter = counter + 1: null

2018-12-13 14:38:26 - [TEST_STEP][PASSED] - Statement - PreSaveFile = new java.io.File(((pathPrefix + java.lang.Integer.toString(counter)) + .png)): null

2018-12-13 14:38:26 - [TEST_STEP][PASSED] - Statement - counter = counter + 1: null

2018-12-13 14:38:26 - [TEST_STEP][PASSED] - Statement - PreSaveFile = new java.io.File(((pathPrefix + java.lang.Integer.toString(counter)) + .png)): null

2018-12-13 14:38:26 - [TEST_STEP][PASSED] - Statement - counter = counter + 1: null

2018-12-13 14:38:26 - [TEST_STEP][PASSED] - Statement - PreSaveFile = new java.io.File(((pathPrefix + java.lang.Integer.toString(counter)) + .png)): null

2018-12-13 14:38:26 - [TEST_STEP][PASSED] - Statement - counter = counter + 1: null

2018-12-13 14:38:26 - [TEST_STEP][PASSED] - Statement - PreSaveFile = new java.io.File(((pathPrefix + java.lang.Integer.toString(counter)) + .png)): null

2018-12-13 14:38:26 - [TEST_STEP][PASSED] - Statement - counter = counter + 1: null

2018-12-13 14:38:26 - [TEST_STEP][PASSED] - Statement - PreSaveFile = new java.io.File(((pathPrefix + java.lang.Integer.toString(counter)) + .png)): null

2018-12-13 14:38:26 - [TEST_STEP][PASSED] - Statement - counter = counter + 1: null

2018-12-13 14:38:26 - [TEST_STEP][PASSED] - Statement - PreSaveFile = new java.io.File(((pathPrefix + java.lang.Integer.toString(counter)) + .png)): null

2018-12-13 14:38:26 - [TEST_STEP][PASSED] - Statement - counter = counter + 1: null

2018-12-13 14:38:26 - [TEST_STEP][PASSED] - Statement - PreSaveFile = new java.io.File(((pathPrefix + java.lang.Integer.toString(counter)) + .png)): null

2018-12-13 14:38:26 - [TEST_STEP][PASSED] - Statement - counter = counter + 1: null

2018-12-13 14:38:26 - [TEST_STEP][PASSED] - Statement - PreSaveFile = new java.io.File(((pathPrefix + java.lang.Integer.toString(counter)) + .png)): null

2018-12-13 14:38:26 - [TEST_STEP][PASSED] - Statement - counter = counter + 1: null

2018-12-13 14:38:26 - [TEST_STEP][PASSED] - Statement - PreSaveFile = new java.io.File(((pathPrefix + java.lang.Integer.toString(counter)) + .png)): null

2018-12-13 14:38:26 - [TEST_STEP][PASSED] - Statement - counter = counter + 1: null

2018-12-13 14:38:26 - [TEST_STEP][PASSED] - Statement - PreSaveFile = new java.io.File(((pathPrefix + java.lang.Integer.toString(counter)) + .png)): null

2018-12-13 14:38:26 - [TEST_STEP][PASSED] - Statement - counter = counter + 1: null

2018-12-13 14:38:26 - [TEST_STEP][PASSED] - Statement - PreSaveFile = new java.io.File(((pathPrefix + java.lang.Integer.toString(counter)) + .png)): null

2018-12-13 14:38:26 - [TEST_STEP][PASSED] - Statement - counter = counter + 1: null

2018-12-13 14:38:26 - [TEST_STEP][PASSED] - Statement - PreSaveFile = new java.io.File(((pathPrefix + java.lang.Integer.toString(counter)) + .png)): null

2018-12-13 14:38:26 - [TEST_STEP][PASSED] - Statement - counter = counter + 1: null

2018-12-13 14:38:26 - [TEST_STEP][PASSED] - Statement - PreSaveFile = new java.io.File(((pathPrefix + java.lang.Integer.toString(counter)) + .png)): null

2018-12-13 14:38:26 - [TEST_STEP][PASSED] - Statement - counter = counter + 1: null

2018-12-13 14:38:26 - [TEST_STEP][PASSED] - Statement - PreSaveFile = new java.io.File(((pathPrefix + java.lang.Integer.toString(counter)) + .png)): null

2018-12-13 14:38:26 - [TEST_STEP][PASSED] - Statement - counter = counter + 1: null

2018-12-13 14:38:26 - [TEST_STEP][PASSED] - Statement - PreSaveFile = new java.io.File(((pathPrefix + java.lang.Integer.toString(counter)) + .png)): null

2018-12-13 14:38:26 - [TEST_STEP][PASSED] - Statement - counter = counter + 1: null

2018-12-13 14:38:26 - [TEST_STEP][PASSED] - Statement - PreSaveFile = new java.io.File(((pathPrefix + java.lang.Integer.toString(counter)) + .png)): null

2018-12-13 14:38:26 - [TEST_STEP][PASSED] - Statement - counter = counter + 1: null

2018-12-13 14:38:26 - [TEST_STEP][PASSED] - Statement - PreSaveFile = new java.io.File(((pathPrefix + java.lang.Integer.toString(counter)) + .png)): null

2018-12-13 14:38:26 - [TEST_STEP][PASSED] - Statement - counter = counter + 1: null

2018-12-13 14:38:26 - [TEST_STEP][PASSED] - Statement - PreSaveFile = new java.io.File(((pathPrefix + java.lang.Integer.toString(counter)) + .png)): null

2018-12-13 14:38:26 - [TEST_STEP][PASSED] - Statement - counter = counter + 1: null

2018-12-13 14:38:26 - [TEST_STEP][PASSED] - Statement - PreSaveFile = new java.io.File(((pathPrefix + java.lang.Integer.toString(counter)) + .png)): null

2018-12-13 14:38:26 - [TEST_STEP][PASSED] - Statement - counter = counter + 1: null

2018-12-13 14:38:26 - [TEST_STEP][PASSED] - Statement - PreSaveFile = new java.io.File(((pathPrefix + java.lang.Integer.toString(counter)) + .png)): null

2018-12-13 14:38:26 - [TEST_STEP][PASSED] - Statement - counter = counter + 1: null

2018-12-13 14:38:26 - [TEST_STEP][PASSED] - Statement - PreSaveFile = new java.io.File(((pathPrefix + java.lang.Integer.toString(counter)) + .png)): null

2018-12-13 14:38:26 - [TEST_STEP][PASSED] - Statement - counter = counter + 1: null

2018-12-13 14:38:26 - [TEST_STEP][PASSED] - Statement - PreSaveFile = new java.io.File(((pathPrefix + java.lang.Integer.toString(counter)) + .png)): null

2018-12-13 14:38:26 - [TEST_STEP][PASSED] - Statement - counter = counter + 1: null

2018-12-13 14:38:26 - [TEST_STEP][PASSED] - Statement - PreSaveFile = new java.io.File(((pathPrefix + java.lang.Integer.toString(counter)) + .png)): null

2018-12-13 14:38:26 - [TEST_STEP][PASSED] - Statement - counter = counter + 1: null

2018-12-13 14:38:26 - [TEST_STEP][PASSED] - Statement - PreSaveFile = new java.io.File(((pathPrefix + java.lang.Integer.toString(counter)) + .png)): null

2018-12-13 14:38:26 - [TEST_STEP][PASSED] - Statement - counter = counter + 1: null

2018-12-13 14:38:26 - [TEST_STEP][PASSED] - Statement - PreSaveFile = new java.io.File(((pathPrefix + java.lang.Integer.toString(counter)) + .png)): null

2018-12-13 14:38:26 - [TEST_STEP][PASSED] - Statement - counter = counter + 1: null

2018-12-13 14:38:26 - [TEST_STEP][PASSED] - Statement - PreSaveFile = new java.io.File(((pathPrefix + java.lang.Integer.toString(counter)) + .png)): null

2018-12-13 14:38:26 - [TEST_STEP][PASSED] - Statement - counter = counter + 1: null

2018-12-13 14:38:26 - [TEST_STEP][PASSED] - Statement - PreSaveFile = new java.io.File(((pathPrefix + java.lang.Integer.toString(counter)) + .png)): null

2018-12-13 14:38:26 - [TEST_STEP][PASSED] - Statement - counter = counter + 1: null

2018-12-13 14:38:26 - [TEST_STEP][PASSED] - Statement - PreSaveFile = new java.io.File(((pathPrefix + java.lang.Integer.toString(counter)) + .png)): null

2018-12-13 14:38:26 - [TEST_STEP][PASSED] - Statement - counter = counter + 1: null

2018-12-13 14:38:26 - [TEST_STEP][PASSED] - Statement - PreSaveFile = new java.io.File(((pathPrefix + java.lang.Integer.toString(counter)) + .png)): null

2018-12-13 14:38:26 - [TEST_STEP][PASSED] - Statement - counter = counter + 1: null

2018-12-13 14:38:26 - [TEST_STEP][PASSED] - Statement - PreSaveFile = new java.io.File(((pathPrefix + java.lang.Integer.toString(counter)) + .png)): null

2018-12-13 14:38:26 - [TEST_STEP][PASSED] - Statement - counter = counter + 1: null

2018-12-13 14:38:26 - [TEST_STEP][PASSED] - Statement - PreSaveFile = new java.io.File(((pathPrefix + java.lang.Integer.toString(counter)) + .png)): null

2018-12-13 14:38:26 - [TEST_STEP][PASSED] - Statement - counter = counter + 1: null

2018-12-13 14:38:26 - [TEST_STEP][PASSED] - Statement - PreSaveFile = new java.io.File(((pathPrefix + java.lang.Integer.toString(counter)) + .png)): null

2018-12-13 14:38:26 - [TEST_STEP][PASSED] - Statement - counter = counter + 1: null

2018-12-13 14:38:26 - [TEST_STEP][PASSED] - Statement - PreSaveFile = new java.io.File(((pathPrefix + java.lang.Integer.toString(counter)) + .png)): null

2018-12-13 14:38:26 - [TEST_STEP][PASSED] - Statement - counter = counter + 1: null

2018-12-13 14:38:26 - [TEST_STEP][PASSED] - Statement - PreSaveFile = new java.io.File(((pathPrefix + java.lang.Integer.toString(counter)) + .png)): null

2018-12-13 14:38:26 - [TEST_STEP][PASSED] - Statement - counter = counter + 1: null

2018-12-13 14:38:26 - [TEST_STEP][PASSED] - Statement - PreSaveFile = new java.io.File(((pathPrefix + java.lang.Integer.toString(counter)) + .png)): null

2018-12-13 14:38:26 - [TEST_STEP][PASSED] - Statement - counter = counter + 1: null

2018-12-13 14:38:26 - [TEST_STEP][PASSED] - Statement - PreSaveFile = new java.io.File(((pathPrefix + java.lang.Integer.toString(counter)) + .png)): null

2018-12-13 14:38:26 - [TEST_STEP][PASSED] - Statement - counter = counter + 1: null

2018-12-13 14:38:26 - [TEST_STEP][PASSED] - Statement - PreSaveFile = new java.io.File(((pathPrefix + java.lang.Integer.toString(counter)) + .png)): null

2018-12-13 14:38:26 - [TEST_STEP][PASSED] - Statement - counter = counter + 1: null

2018-12-13 14:38:26 - [TEST_STEP][PASSED] - Statement - PreSaveFile = new java.io.File(((pathPrefix + java.lang.Integer.toString(counter)) + .png)): null

2018-12-13 14:38:26 - [TEST_STEP][PASSED] - Statement - counter = counter + 1: null

2018-12-13 14:38:26 - [TEST_STEP][PASSED] - Statement - PreSaveFile = new java.io.File(((pathPrefix + java.lang.Integer.toString(counter)) + .png)): null

2018-12-13 14:38:26 - [TEST_STEP][PASSED] - Statement - counter = counter + 1: null

2018-12-13 14:38:26 - [TEST_STEP][PASSED] - Statement - PreSaveFile = new java.io.File(((pathPrefix + java.lang.Integer.toString(counter)) + .png)): null

2018-12-13 14:38:26 - [TEST_STEP][PASSED] - Statement - counter = counter + 1: null

2018-12-13 14:38:26 - [TEST_STEP][PASSED] - Statement - PreSaveFile = new java.io.File(((pathPrefix + java.lang.Integer.toString(counter)) + .png)): null

2018-12-13 14:38:26 - [TEST_STEP][PASSED] - Statement - counter = counter + 1: null

2018-12-13 14:38:26 - [TEST_STEP][PASSED] - Statement - PreSaveFile = new java.io.File(((pathPrefix + java.lang.Integer.toString(counter)) + .png)): null

2018-12-13 14:38:26 - [TEST_STEP][PASSED] - Statement - counter = counter + 1: null

2018-12-13 14:38:26 - [TEST_STEP][PASSED] - Statement - PreSaveFile = new java.io.File(((pathPrefix + java.lang.Integer.toString(counter)) + .png)): null

2018-12-13 14:38:26 - [TEST_STEP][PASSED] - Statement - counter = counter + 1: null

2018-12-13 14:38:26 - [TEST_STEP][PASSED] - Statement - PreSaveFile = new java.io.File(((pathPrefix + java.lang.Integer.toString(counter)) + .png)): null

2018-12-13 14:38:26 - [TEST_STEP][PASSED] - Statement - counter = counter + 1: null

2018-12-13 14:38:26 - [TEST_STEP][PASSED] - Statement - PreSaveFile = new java.io.File(((pathPrefix + java.lang.Integer.toString(counter)) + .png)): null

2018-12-13 14:38:26 - [TEST_STEP][PASSED] - Statement - counter = counter + 1: null

2018-12-13 14:38:26 - [TEST_STEP][PASSED] - Statement - PreSaveFile = new java.io.File(((pathPrefix + java.lang.Integer.toString(counter)) + .png)): null

2018-12-13 14:38:26 - [TEST_STEP][PASSED] - Statement - counter = counter + 1: null

2018-12-13 14:38:26 - [TEST_STEP][PASSED] - Statement - PreSaveFile = new java.io.File(((pathPrefix + java.lang.Integer.toString(counter)) + .png)): null

2018-12-13 14:38:26 - [TEST_STEP][PASSED] - Statement - counter = counter + 1: null

2018-12-13 14:38:26 - [TEST_STEP][PASSED] - Statement - PreSaveFile = new java.io.File(((pathPrefix + java.lang.Integer.toString(counter)) + .png)): null

2018-12-13 14:38:26 - [TEST_STEP][PASSED] - Statement - counter = counter + 1: null

2018-12-13 14:38:26 - [TEST_STEP][PASSED] - Statement - PreSaveFile = new java.io.File(((pathPrefix + java.lang.Integer.toString(counter)) + .png)): null

2018-12-13 14:38:26 - [TEST_STEP][PASSED] - Statement - counter = counter + 1: null

2018-12-13 14:38:26 - [TEST_STEP][PASSED] - Statement - PreSaveFile = new java.io.File(((pathPrefix + java.lang.Integer.toString(counter)) + .png)): null

2018-12-13 14:38:26 - [TEST_STEP][PASSED] - Statement - counter = counter + 1: null

2018-12-13 14:38:26 - [TEST_STEP][PASSED] - Statement - PreSaveFile = new java.io.File(((pathPrefix + java.lang.Integer.toString(counter)) + .png)): null

2018-12-13 14:38:26 - [TEST_STEP][PASSED] - Statement - counter = counter + 1: null

2018-12-13 14:38:26 - [TEST_STEP][PASSED] - Statement - PreSaveFile = new java.io.File(((pathPrefix + java.lang.Integer.toString(counter)) + .png)): null

2018-12-13 14:38:26 - [TEST_STEP][PASSED] - Statement - counter = counter + 1: null

2018-12-13 14:38:26 - [TEST_STEP][PASSED] - Statement - PreSaveFile = new java.io.File(((pathPrefix + java.lang.Integer.toString(counter)) + .png)): null

2018-12-13 14:38:26 - [TEST_STEP][PASSED] - Statement - counter = counter + 1: null

2018-12-13 14:38:26 - [TEST_STEP][PASSED] - Statement - PreSaveFile = new java.io.File(((pathPrefix + java.lang.Integer.toString(counter)) + .png)): null

2018-12-13 14:38:26 - [TEST_STEP][PASSED] - Statement - counter = counter + 1: null

2018-12-13 14:38:26 - [TEST_STEP][PASSED] - Statement - PreSaveFile = new java.io.File(((pathPrefix + java.lang.Integer.toString(counter)) + .png)): null

2018-12-13 14:38:26 - [TEST_STEP][PASSED] - Statement - counter = counter + 1: null

2018-12-13 14:38:26 - [TEST_STEP][PASSED] - Statement - PreSaveFile = new java.io.File(((pathPrefix + java.lang.Integer.toString(counter)) + .png)): null

2018-12-13 14:38:26 - [TEST_STEP][PASSED] - Statement - counter = counter + 1: null

2018-12-13 14:38:26 - [TEST_STEP][PASSED] - Statement - PreSaveFile = new java.io.File(((pathPrefix + java.lang.Integer.toString(counter)) + .png)): null

2018-12-13 14:38:26 - [TEST_STEP][PASSED] - Statement - counter = counter + 1: null

2018-12-13 14:38:26 - [TEST_STEP][PASSED] - Statement - PreSaveFile = new java.io.File(((pathPrefix + java.lang.Integer.toString(counter)) + .png)): null

2018-12-13 14:38:26 - [TEST_STEP][PASSED] - Statement - counter = counter + 1: null

2018-12-13 14:38:26 - [TEST_STEP][PASSED] - Statement - PreSaveFile = new java.io.File(((pathPrefix + java.lang.Integer.toString(counter)) + .png)): null

2018-12-13 14:38:26 - [TEST_STEP][PASSED] - Statement - counter = counter + 1: null

2018-12-13 14:38:26 - [TEST_STEP][PASSED] - Statement - PreSaveFile = new java.io.File(((pathPrefix + java.lang.Integer.toString(counter)) + .png)): null

2018-12-13 14:38:26 - [TEST_STEP][PASSED] - Statement - counter = counter + 1: null

2018-12-13 14:38:26 - [TEST_STEP][PASSED] - Statement - PreSaveFile = new java.io.File(((pathPrefix + java.lang.Integer.toString(counter)) + .png)): null

2018-12-13 14:38:26 - [TEST_STEP][PASSED] - Statement - counter = counter + 1: null

2018-12-13 14:38:26 - [TEST_STEP][PASSED] - Statement - PreSaveFile = new java.io.File(((pathPrefix + java.lang.Integer.toString(counter)) + .png)): null

2018-12-13 14:38:26 - [TEST_STEP][PASSED] - Statement - counter = counter + 1: null

2018-12-13 14:38:26 - [TEST_STEP][PASSED] - Statement - PreSaveFile = new java.io.File(((pathPrefix + java.lang.Integer.toString(counter)) + .png)): null

2018-12-13 14:38:26 - [TEST_STEP][PASSED] - Statement - counter = counter + 1: null

2018-12-13 14:38:26 - [TEST_STEP][PASSED] - Statement - PreSaveFile = new java.io.File(((pathPrefix + java.lang.Integer.toString(counter)) + .png)): null

2018-12-13 14:38:26 - [TEST_STEP][PASSED] - Statement - counter = counter + 1: null

2018-12-13 14:38:26 - [TEST_STEP][PASSED] - Statement - PreSaveFile = new java.io.File(((pathPrefix + java.lang.Integer.toString(counter)) + .png)): null

2018-12-13 14:38:26 - [TEST_STEP][PASSED] - Statement - counter = counter + 1: null

2018-12-13 14:38:26 - [TEST_STEP][PASSED] - Statement - PreSaveFile = new java.io.File(((pathPrefix + java.lang.Integer.toString(counter)) + .png)): null

2018-12-13 14:38:26 - [TEST_STEP][PASSED] - Statement - counter = counter + 1: null

2018-12-13 14:38:26 - [TEST_STEP][PASSED] - Statement - PreSaveFile = new java.io.File(((pathPrefix + java.lang.Integer.toString(counter)) + .png)): null

2018-12-13 14:38:26 - [TEST_STEP][PASSED] - Statement - counter = counter + 1: null

2018-12-13 14:38:26 - [TEST_STEP][PASSED] - Statement - PreSaveFile = new java.io.File(((pathPrefix + java.lang.Integer.toString(counter)) + .png)): null

2018-12-13 14:38:26 - [TEST_STEP][PASSED] - Statement - counter = counter + 1: null

2018-12-13 14:38:26 - [TEST_STEP][PASSED] - Statement - PreSaveFile = new java.io.File(((pathPrefix + java.lang.Integer.toString(counter)) + .png)): null

2018-12-13 14:38:26 - [TEST_STEP][PASSED] - Statement - counter = counter + 1: null

2018-12-13 14:38:26 - [TEST_STEP][PASSED] - Statement - PreSaveFile = new java.io.File(((pathPrefix + java.lang.Integer.toString(counter)) + .png)): null

2018-12-13 14:38:26 - [TEST_STEP][PASSED] - Statement - counter = counter + 1: null

2018-12-13 14:38:26 - [TEST_STEP][PASSED] - Statement - PreSaveFile = new java.io.File(((pathPrefix + java.lang.Integer.toString(counter)) + .png)): null

2018-12-13 14:38:26 - [TEST_STEP][PASSED] - Statement - counter = counter + 1: null

2018-12-13 14:38:26 - [TEST_STEP][PASSED] - Statement - PreSaveFile = new java.io.File(((pathPrefix + java.lang.Integer.toString(counter)) + .png)): null

2018-12-13 14:38:26 - [TEST_STEP][PASSED] - Statement - counter = counter + 1: null

2018-12-13 14:38:26 - [TEST_STEP][PASSED] - Statement - PreSaveFile = new java.io.File(((pathPrefix + java.lang.Integer.toString(counter)) + .png)): null

2018-12-13 14:38:26 - [TEST_STEP][PASSED] - Statement - counter = counter + 1: null

2018-12-13 14:38:26 - [TEST_STEP][PASSED] - Statement - PreSaveFile = new java.io.File(((pathPrefix + java.lang.Integer.toString(counter)) + .png)): null

2018-12-13 14:38:26 - [TEST_STEP][PASSED] - Statement - counter = counter + 1: null

2018-12-13 14:38:26 - [TEST_STEP][PASSED] - Statement - PreSaveFile = new java.io.File(((pathPrefix + java.lang.Integer.toString(counter)) + .png)): null

2018-12-13 14:38:26 - [TEST_STEP][PASSED] - Statement - counter = counter + 1: null

2018-12-13 14:38:26 - [TEST_STEP][PASSED] - Statement - PreSaveFile = new java.io.File(((pathPrefix + java.lang.Integer.toString(counter)) + .png)): null

2018-12-13 14:38:26 - [TEST_STEP][PASSED] - Statement - counter = counter + 1: null

2018-12-13 14:38:26 - [TEST_STEP][PASSED] - Statement - PreSaveFile = new java.io.File(((pathPrefix + java.lang.Integer.toString(counter)) + .png)): null

2018-12-13 14:38:26 - [TEST_STEP][PASSED] - Statement - counter = counter + 1: null

2018-12-13 14:38:26 - [TEST_STEP][PASSED] - Statement - PreSaveFile = new java.io.File(((pathPrefix + java.lang.Integer.toString(counter)) + .png)): null

2018-12-13 14:38:26 - [TEST_STEP][PASSED] - Statement - counter = counter + 1: null

2018-12-13 14:38:26 - [TEST_STEP][PASSED] - Statement - PreSaveFile = new java.io.File(((pathPrefix + java.lang.Integer.toString(counter)) + .png)): null

2018-12-13 14:38:26 - [TEST_STEP][PASSED] - Statement - counter = counter + 1: null

2018-12-13 14:38:26 - [TEST_STEP][PASSED] - Statement - PreSaveFile = new java.io.File(((pathPrefix + java.lang.Integer.toString(counter)) + .png)): null

2018-12-13 14:38:26 - [TEST_STEP][PASSED] - Statement - counter = counter + 1: null

2018-12-13 14:38:26 - [TEST_STEP][PASSED] - Statement - PreSaveFile = new java.io.File(((pathPrefix + java.lang.Integer.toString(counter)) + .png)): null

2018-12-13 14:38:26 - [TEST_STEP][PASSED] - Statement - counter = counter + 1: null

2018-12-13 14:38:26 - [TEST_STEP][PASSED] - Statement - PreSaveFile = new java.io.File(((pathPrefix + java.lang.Integer.toString(counter)) + .png)): null

2018-12-13 14:38:26 - [TEST_STEP][PASSED] - Statement - counter = counter + 1: null

2018-12-13 14:38:26 - [TEST_STEP][PASSED] - Statement - PreSaveFile = new java.io.File(((pathPrefix + java.lang.Integer.toString(counter)) + .png)): null

2018-12-13 14:38:26 - [TEST_STEP][PASSED] - Statement - counter = counter + 1: null

2018-12-13 14:38:26 - [TEST_STEP][PASSED] - Statement - PreSaveFile = new java.io.File(((pathPrefix + java.lang.Integer.toString(counter)) + .png)): null

2018-12-13 14:38:26 - [TEST_STEP][PASSED] - Statement - counter = counter + 1: null

2018-12-13 14:38:26 - [TEST_STEP][PASSED] - Statement - PreSaveFile = new java.io.File(((pathPrefix + java.lang.Integer.toString(counter)) + .png)): null

2018-12-13 14:38:26 - [TEST_STEP][PASSED] - Statement - counter = counter + 1: null

2018-12-13 14:38:26 - [TEST_STEP][PASSED] - Statement - PreSaveFile = new java.io.File(((pathPrefix + java.lang.Integer.toString(counter)) + .png)): null

2018-12-13 14:38:26 - [TEST_STEP][PASSED] - Statement - counter = counter + 1: null

2018-12-13 14:38:26 - [TEST_STEP][PASSED] - Statement - PreSaveFile = new java.io.File(((pathPrefix + java.lang.Integer.toString(counter)) + .png)): null

2018-12-13 14:38:26 - [TEST_STEP][PASSED] - Statement - counter = counter + 1: null

2018-12-13 14:38:26 - [TEST_STEP][PASSED] - Statement - PreSaveFile = new java.io.File(((pathPrefix + java.lang.Integer.toString(counter)) + .png)): null

2018-12-13 14:38:26 - [TEST_STEP][PASSED] - Statement - counter = counter + 1: null

2018-12-13 14:38:26 - [TEST_STEP][PASSED] - Statement - PreSaveFile = new java.io.File(((pathPrefix + java.lang.Integer.toString(counter)) + .png)): null

2018-12-13 14:38:26 - [TEST_STEP][PASSED] - Statement - counter = counter + 1: null

2018-12-13 14:38:26 - [TEST_STEP][PASSED] - Statement - PreSaveFile = new java.io.File(((pathPrefix + java.lang.Integer.toString(counter)) + .png)): null

2018-12-13 14:38:26 - [TEST_STEP][PASSED] - Statement - counter = counter + 1: null

2018-12-13 14:38:26 - [TEST_STEP][PASSED] - Statement - PreSaveFile = new java.io.File(((pathPrefix + java.lang.Integer.toString(counter)) + .png)): null

2018-12-13 14:38:26 - [TEST_STEP][PASSED] - Statement - counter = counter + 1: null

2018-12-13 14:38:26 - [TEST_STEP][PASSED] - Statement - PreSaveFile = new java.io.File(((pathPrefix + java.lang.Integer.toString(counter)) + .png)): null

2018-12-13 14:38:26 - [TEST_STEP][PASSED] - Statement - counter = counter + 1: null

2018-12-13 14:38:26 - [TEST_STEP][PASSED] - Statement - PreSaveFile = new java.io.File(((pathPrefix + java.lang.Integer.toString(counter)) + .png)): null

2018-12-13 14:38:26 - [TEST_STEP][PASSED] - Statement - counter = counter + 1: null

2018-12-13 14:38:26 - [TEST_STEP][PASSED] - Statement - PreSaveFile = new java.io.File(((pathPrefix + java.lang.Integer.toString(counter)) + .png)): null

2018-12-13 14:38:26 - [TEST_STEP][PASSED] - Statement - counter = counter + 1: null

2018-12-13 14:38:26 - [TEST_STEP][PASSED] - Statement - PreSaveFile = new java.io.File(((pathPrefix + java.lang.Integer.toString(counter)) + .png)): null

2018-12-13 14:38:26 - [TEST_STEP][PASSED] - Statement - counter = counter + 1: null

2018-12-13 14:38:26 - [TEST_STEP][PASSED] - Statement - PreSaveFile = new java.io.File(((pathPrefix + java.lang.Integer.toString(counter)) + .png)): null

2018-12-13 14:38:26 - [TEST_STEP][PASSED] - Statement - counter = counter + 1: null

2018-12-13 14:38:26 - [TEST_STEP][PASSED] - Statement - PreSaveFile = new java.io.File(((pathPrefix + java.lang.Integer.toString(counter)) + .png)): null

2018-12-13 14:38:26 - [TEST_STEP][PASSED] - Statement - counter = counter + 1: null

2018-12-13 14:38:26 - [TEST_STEP][PASSED] - Statement - PreSaveFile = new java.io.File(((pathPrefix + java.lang.Integer.toString(counter)) + .png)): null

2018-12-13 14:38:26 - [TEST_STEP][PASSED] - Statement - counter = counter + 1: null

2018-12-13 14:38:26 - [TEST_STEP][PASSED] - Statement - PreSaveFile = new java.io.File(((pathPrefix + java.lang.Integer.toString(counter)) + .png)): null

2018-12-13 14:38:26 - [TEST_STEP][PASSED] - Statement - counter = counter + 1: null

2018-12-13 14:38:26 - [TEST_STEP][PASSED] - Statement - PreSaveFile = new java.io.File(((pathPrefix + java.lang.Integer.toString(counter)) + .png)): null

2018-12-13 14:38:26 - [TEST_STEP][PASSED] - Statement - counter = counter + 1: null

2018-12-13 14:38:26 - [TEST_STEP][PASSED] - Statement - PreSaveFile = new java.io.File(((pathPrefix + java.lang.Integer.toString(counter)) + .png)): null

2018-12-13 14:38:26 - [TEST_STEP][PASSED] - Statement - counter = counter + 1: null

2018-12-13 14:38:26 - [TEST_STEP][PASSED] - Statement - PreSaveFile = new java.io.File(((pathPrefix + java.lang.Integer.toString(counter)) + .png)): null

2018-12-13 14:38:26 - [TEST_STEP][PASSED] - Statement - counter = counter + 1: null

2018-12-13 14:38:26 - [TEST_STEP][PASSED] - Statement - PreSaveFile = new java.io.File(((pathPrefix + java.lang.Integer.toString(counter)) + .png)): null

2018-12-13 14:38:26 - [TEST_STEP][PASSED] - Statement - counter = counter + 1: null

2018-12-13 14:38:26 - [TEST_STEP][PASSED] - Statement - PreSaveFile = new java.io.File(((pathPrefix + java.lang.Integer.toString(counter)) + .png)): null

2018-12-13 14:38:26 - [TEST_STEP][PASSED] - Statement - counter = counter + 1: null

2018-12-13 14:38:26 - [TEST_STEP][PASSED] - Statement - PreSaveFile = new java.io.File(((pathPrefix + java.lang.Integer.toString(counter)) + .png)): null

2018-12-13 14:38:26 - [TEST_STEP][PASSED] - Statement - counter = counter + 1: null

2018-12-13 14:38:26 - [TEST_STEP][PASSED] - Statement - PreSaveFile = new java.io.File(((pathPrefix + java.lang.Integer.toString(counter)) + .png)): null

2018-12-13 14:38:26 - [TEST_STEP][PASSED] - Statement - counter = counter + 1: null

2018-12-13 14:38:26 - [TEST_STEP][PASSED] - Statement - PreSaveFile = new java.io.File(((pathPrefix + java.lang.Integer.toString(counter)) + .png)): null

2018-12-13 14:38:26 - [TEST_STEP][PASSED] - Statement - counter = counter + 1: null

2018-12-13 14:38:26 - [TEST_STEP][PASSED] - Statement - PreSaveFile = new java.io.File(((pathPrefix + java.lang.Integer.toString(counter)) + .png)): null

2018-12-13 14:38:26 - [TEST_STEP][PASSED] - Statement - counter = counter + 1: null

2018-12-13 14:38:26 - [TEST_STEP][PASSED] - Statement - PreSaveFile = new java.io.File(((pathPrefix + java.lang.Integer.toString(counter)) + .png)): null

2018-12-13 14:38:26 - [TEST_STEP][PASSED] - Statement - counter = counter + 1: null

2018-12-13 14:38:26 - [TEST_STEP][PASSED] - Statement - PreSaveFile = new java.io.File(((pathPrefix + java.lang.Integer.toString(counter)) + .png)): null

2018-12-13 14:38:26 - [TEST_STEP][PASSED] - Statement - counter = counter + 1: null

2018-12-13 14:38:27 - [TEST_STEP][PASSED] - Statement - PreSaveFile = new java.io.File(((pathPrefix + java.lang.Integer.toString(counter)) + .png)): null

2018-12-13 14:38:27 - [TEST_STEP][PASSED] - Statement - counter = counter + 1: null

2018-12-13 14:38:27 - [TEST_STEP][PASSED] - Statement - PreSaveFile = new java.io.File(((pathPrefix + java.lang.Integer.toString(counter)) + .png)): null

2018-12-13 14:38:27 - [TEST_STEP][PASSED] - Statement - counter = counter + 1: null

2018-12-13 14:38:27 - [TEST_STEP][PASSED] - Statement - PreSaveFile = new java.io.File(((pathPrefix + java.lang.Integer.toString(counter)) + .png)): null

2018-12-13 14:38:27 - [TEST_STEP][PASSED] - Statement - counter = counter + 1: null

2018-12-13 14:38:27 - [TEST_STEP][PASSED] - Statement - PreSaveFile = new java.io.File(((pathPrefix + java.lang.Integer.toString(counter)) + .png)): null

2018-12-13 14:38:27 - [TEST_STEP][PASSED] - Statement - counter = counter + 1: null

2018-12-13 14:38:27 - [TEST_STEP][PASSED] - Statement - PreSaveFile = new java.io.File(((pathPrefix + java.lang.Integer.toString(counter)) + .png)): null

2018-12-13 14:38:27 - [TEST_STEP][PASSED] - Statement - counter = counter + 1: null

2018-12-13 14:38:27 - [TEST_STEP][PASSED] - Statement - PreSaveFile = new java.io.File(((pathPrefix + java.lang.Integer.toString(counter)) + .png)): null

2018-12-13 14:38:27 - [TEST_STEP][PASSED] - Statement - counter = counter + 1: null

2018-12-13 14:38:27 - [TEST_STEP][PASSED] - Statement - PreSaveFile = new java.io.File(((pathPrefix + java.lang.Integer.toString(counter)) + .png)): null

2018-12-13 14:38:27 - [TEST_STEP][PASSED] - Statement - counter = counter + 1: null

2018-12-13 14:38:27 - [TEST_STEP][PASSED] - Statement - PreSaveFile = new java.io.File(((pathPrefix + java.lang.Integer.toString(counter)) + .png)): null

2018-12-13 14:38:27 - [TEST_STEP][PASSED] - Statement - counter = counter + 1: null

2018-12-13 14:38:27 - [TEST_STEP][PASSED] - Statement - PreSaveFile = new java.io.File(((pathPrefix + java.lang.Integer.toString(counter)) + .png)): null

2018-12-13 14:38:27 - [TEST_STEP][PASSED] - Statement - counter = counter + 1: null

2018-12-13 14:38:27 - [TEST_STEP][PASSED] - Statement - PreSaveFile = new java.io.File(((pathPrefix + java.lang.Integer.toString(counter)) + .png)): null

2018-12-13 14:38:27 - [TEST_STEP][PASSED] - Statement - counter = counter + 1: null

2018-12-13 14:38:27 - [TEST_STEP][PASSED] - Statement - PreSaveFile = new java.io.File(((pathPrefix + java.lang.Integer.toString(counter)) + .png)): null

2018-12-13 14:38:27 - [TEST_STEP][PASSED] - Statement - counter = counter + 1: null

2018-12-13 14:38:27 - [TEST_STEP][PASSED] - Statement - PreSaveFile = new java.io.File(((pathPrefix + java.lang.Integer.toString(counter)) + .png)): null

2018-12-13 14:38:27 - [TEST_STEP][PASSED] - Statement - counter = counter + 1: null

2018-12-13 14:38:27 - [TEST_STEP][PASSED] - Statement - PreSaveFile = new java.io.File(((pathPrefix + java.lang.Integer.toString(counter)) + .png)): null

2018-12-13 14:38:27 - [TEST_STEP][PASSED] - Statement - counter = counter + 1: null

2018-12-13 14:38:27 - [TEST_STEP][PASSED] - Statement - PreSaveFile = new java.io.File(((pathPrefix + java.lang.Integer.toString(counter)) + .png)): null

2018-12-13 14:38:27 - [TEST_STEP][PASSED] - Statement - counter = counter + 1: null

2018-12-13 14:38:27 - [TEST_STEP][PASSED] - Statement - PreSaveFile = new java.io.File(((pathPrefix + java.lang.Integer.toString(counter)) + .png)): null

2018-12-13 14:38:27 - [TEST_STEP][PASSED] - Statement - counter = counter + 1: null

2018-12-13 14:38:27 - [TEST_STEP][PASSED] - Statement - PreSaveFile = new java.io.File(((pathPrefix + java.lang.Integer.toString(counter)) + .png)): null

2018-12-13 14:38:27 - [TEST_STEP][PASSED] - Statement - counter = counter + 1: null

2018-12-13 14:38:27 - [TEST_STEP][PASSED] - Statement - PreSaveFile = new java.io.File(((pathPrefix + java.lang.Integer.toString(counter)) + .png)): null

2018-12-13 14:38:27 - [TEST_STEP][PASSED] - Statement - counter = counter + 1: null

2018-12-13 14:38:27 - [TEST_STEP][PASSED] - Statement - PreSaveFile = new java.io.File(((pathPrefix + java.lang.Integer.toString(counter)) + .png)): null

2018-12-13 14:38:27 - [TEST_STEP][PASSED] - Statement - counter = counter + 1: null

2018-12-13 14:38:27 - [TEST_STEP][PASSED] - Statement - PreSaveFile = new java.io.File(((pathPrefix + java.lang.Integer.toString(counter)) + .png)): null

2018-12-13 14:38:27 - [TEST_STEP][PASSED] - Statement - counter = counter + 1: null

2018-12-13 14:38:27 - [TEST_STEP][PASSED] - Statement - PreSaveFile = new java.io.File(((pathPrefix + java.lang.Integer.toString(counter)) + .png)): null

2018-12-13 14:38:27 - [TEST_STEP][PASSED] - Statement - counter = counter + 1: null

2018-12-13 14:38:27 - [TEST_STEP][PASSED] - Statement - PreSaveFile = new java.io.File(((pathPrefix + java.lang.Integer.toString(counter)) + .png)): null

2018-12-13 14:38:27 - [TEST_STEP][PASSED] - Statement - counter = counter + 1: null

2018-12-13 14:38:27 - [TEST_STEP][PASSED] - Statement - PreSaveFile = new java.io.File(((pathPrefix + java.lang.Integer.toString(counter)) + .png)): null

2018-12-13 14:38:27 - [TEST_STEP][PASSED] - Statement - counter = counter + 1: null

2018-12-13 14:38:27 - [TEST_STEP][PASSED] - Statement - PreSaveFile = new java.io.File(((pathPrefix + java.lang.Integer.toString(counter)) + .png)): null

2018-12-13 14:38:27 - [TEST_STEP][PASSED] - Statement - counter = counter + 1: null

2018-12-13 14:38:27 - [TEST_STEP][PASSED] - Statement - PreSaveFile = new java.io.File(((pathPrefix + java.lang.Integer.toString(counter)) + .png)): null

2018-12-13 14:38:27 - [TEST_STEP][PASSED] - Statement - counter = counter + 1: null

2018-12-13 14:38:27 - [TEST_STEP][PASSED] - Statement - PreSaveFile = new java.io.File(((pathPrefix + java.lang.Integer.toString(counter)) + .png)): null

2018-12-13 14:38:27 - [TEST_STEP][PASSED] - Statement - counter = counter + 1: null

2018-12-13 14:38:27 - [TEST_STEP][PASSED] - Statement - PreSaveFile = new java.io.File(((pathPrefix + java.lang.Integer.toString(counter)) + .png)): null

2018-12-13 14:38:27 - [TEST_STEP][PASSED] - Statement - counter = counter + 1: null

2018-12-13 14:38:27 - [TEST_STEP][PASSED] - Statement - PreSaveFile = new java.io.File(((pathPrefix + java.lang.Integer.toString(counter)) + .png)): null

2018-12-13 14:38:27 - [TEST_STEP][PASSED] - Statement - counter = counter + 1: null

2018-12-13 14:38:27 - [TEST_STEP][PASSED] - Statement - PreSaveFile = new java.io.File(((pathPrefix + java.lang.Integer.toString(counter)) + .png)): null

2018-12-13 14:38:27 - [TEST_STEP][PASSED] - Statement - counter = counter + 1: null

2018-12-13 14:38:27 - [TEST_STEP][PASSED] - Statement - PreSaveFile = new java.io.File(((pathPrefix + java.lang.Integer.toString(counter)) + .png)): null

2018-12-13 14:38:27 - [TEST_STEP][PASSED] - Statement - counter = counter + 1: null

2018-12-13 14:38:27 - [TEST_STEP][PASSED] - Statement - PreSaveFile = new java.io.File(((pathPrefix + java.lang.Integer.toString(counter)) + .png)): null

2018-12-13 14:38:27 - [TEST_STEP][PASSED] - Statement - counter = counter + 1: null

2018-12-13 14:38:27 - [TEST_STEP][PASSED] - Statement - PreSaveFile = new java.io.File(((pathPrefix + java.lang.Integer.toString(counter)) + .png)): null

2018-12-13 14:38:27 - [TEST_STEP][PASSED] - Statement - counter = counter + 1: null

2018-12-13 14:38:27 - [TEST_STEP][PASSED] - Statement - PreSaveFile = new java.io.File(((pathPrefix + java.lang.Integer.toString(counter)) + .png)): null

2018-12-13 14:38:27 - [TEST_STEP][PASSED] - Statement - counter = counter + 1: null

2018-12-13 14:38:27 - [TEST_STEP][PASSED] - Statement - PreSaveFile = new java.io.File(((pathPrefix + java.lang.Integer.toString(counter)) + .png)): null

2018-12-13 14:38:27 - [TEST_STEP][PASSED] - Statement - counter = counter + 1: null

2018-12-13 14:38:27 - [TEST_STEP][PASSED] - Statement - PreSaveFile = new java.io.File(((pathPrefix + java.lang.Integer.toString(counter)) + .png)): null

2018-12-13 14:38:27 - [TEST_STEP][PASSED] - Statement - counter = counter + 1: null

2018-12-13 14:38:27 - [TEST_STEP][PASSED] - Statement - PreSaveFile = new java.io.File(((pathPrefix + java.lang.Integer.toString(counter)) + .png)): null

2018-12-13 14:38:27 - [TEST_STEP][PASSED] - Statement - counter = counter + 1: null

2018-12-13 14:38:27 - [TEST_STEP][PASSED] - Statement - PreSaveFile = new java.io.File(((pathPrefix + java.lang.Integer.toString(counter)) + .png)): null

2018-12-13 14:38:27 - [TEST_STEP][PASSED] - Statement - counter = counter + 1: null

2018-12-13 14:38:27 - [TEST_STEP][PASSED] - Statement - PreSaveFile = new java.io.File(((pathPrefix + java.lang.Integer.toString(counter)) + .png)): null

2018-12-13 14:38:27 - [TEST_STEP][PASSED] - Statement - counter = counter + 1: null

2018-12-13 14:38:27 - [TEST_STEP][PASSED] - Statement - PreSaveFile = new java.io.File(((pathPrefix + java.lang.Integer.toString(counter)) + .png)): null

2018-12-13 14:38:27 - [TEST_STEP][PASSED] - Statement - counter = counter + 1: null

2018-12-13 14:38:27 - [TEST_STEP][PASSED] - Statement - PreSaveFile = new java.io.File(((pathPrefix + java.lang.Integer.toString(counter)) + .png)): null

2018-12-13 14:38:27 - [TEST_STEP][PASSED] - Statement - counter = counter + 1: null

2018-12-13 14:38:27 - [TEST_STEP][PASSED] - Statement - PreSaveFile = new java.io.File(((pathPrefix + java.lang.Integer.toString(counter)) + .png)): null

2018-12-13 14:38:27 - [TEST_STEP][PASSED] - Statement - counter = counter + 1: null

2018-12-13 14:38:27 - [TEST_STEP][PASSED] - Statement - PreSaveFile = new java.io.File(((pathPrefix + java.lang.Integer.toString(counter)) + .png)): null

2018-12-13 14:38:27 - [TEST_STEP][PASSED] - Statement - counter = counter + 1: null

2018-12-13 14:38:27 - [TEST_STEP][PASSED] - Statement - PreSaveFile = new java.io.File(((pathPrefix + java.lang.Integer.toString(counter)) + .png)): null

2018-12-13 14:38:27 - [TEST_STEP][PASSED] - Statement - counter = counter + 1: null

2018-12-13 14:38:27 - [TEST_STEP][PASSED] - Statement - PreSaveFile = new java.io.File(((pathPrefix + java.lang.Integer.toString(counter)) + .png)): null

2018-12-13 14:38:27 - [TEST_STEP][PASSED] - Statement - counter = counter + 1: null

2018-12-13 14:38:27 - [TEST_STEP][PASSED] - Statement - PreSaveFile = new java.io.File(((pathPrefix + java.lang.Integer.toString(counter)) + .png)): null

2018-12-13 14:38:27 - [TEST_STEP][PASSED] - Statement - counter = counter + 1: null

2018-12-13 14:38:27 - [TEST_STEP][PASSED] - Statement - PreSaveFile = new java.io.File(((pathPrefix + java.lang.Integer.toString(counter)) + .png)): null

2018-12-13 14:38:27 - [TEST_STEP][PASSED] - Statement - counter = counter + 1: null

2018-12-13 14:38:27 - [TEST_STEP][PASSED] - Statement - PreSaveFile = new java.io.File(((pathPrefix + java.lang.Integer.toString(counter)) + .png)): null

2018-12-13 14:38:27 - [TEST_STEP][PASSED] - Statement - counter = counter + 1: null

2018-12-13 14:38:27 - [TEST_STEP][PASSED] - Statement - PreSaveFile = new java.io.File(((pathPrefix + java.lang.Integer.toString(counter)) + .png)): null

2018-12-13 14:38:27 - [TEST_STEP][PASSED] - Statement - counter = counter + 1: null

2018-12-13 14:38:27 - [TEST_STEP][PASSED] - Statement - PreSaveFile = new java.io.File(((pathPrefix + java.lang.Integer.toString(counter)) + .png)): null

2018-12-13 14:38:27 - [TEST_STEP][PASSED] - Statement - counter = counter + 1: null

2018-12-13 14:38:27 - [TEST_STEP][PASSED] - Statement - PreSaveFile = new java.io.File(((pathPrefix + java.lang.Integer.toString(counter)) + .png)): null

2018-12-13 14:38:27 - [TEST_STEP][PASSED] - Statement - counter = counter + 1: null

2018-12-13 14:38:27 - [TEST_STEP][PASSED] - Statement - PreSaveFile = new java.io.File(((pathPrefix + java.lang.Integer.toString(counter)) + .png)): null

2018-12-13 14:38:27 - [TEST_STEP][PASSED] - Statement - counter = counter + 1: null

2018-12-13 14:38:27 - [TEST_STEP][PASSED] - Statement - PreSaveFile = new java.io.File(((pathPrefix + java.lang.Integer.toString(counter)) + .png)): null

2018-12-13 14:38:27 - [TEST_STEP][PASSED] - Statement - counter = counter + 1: null

2018-12-13 14:38:27 - [TEST_STEP][PASSED] - Statement - PreSaveFile = new java.io.File(((pathPrefix + java.lang.Integer.toString(counter)) + .png)): null

2018-12-13 14:38:27 - [TEST_STEP][PASSED] - Statement - counter = counter + 1: null

2018-12-13 14:38:27 - [TEST_STEP][PASSED] - Statement - PreSaveFile = new java.io.File(((pathPrefix + java.lang.Integer.toString(counter)) + .png)): null

2018-12-13 14:38:27 - [TEST_STEP][PASSED] - Statement - counter = counter + 1: null

2018-12-13 14:38:27 - [TEST_STEP][PASSED] - Statement - PreSaveFile = new java.io.File(((pathPrefix + java.lang.Integer.toString(counter)) + .png)): null

2018-12-13 14:38:27 - [TEST_STEP][PASSED] - Statement - counter = counter + 1: null

2018-12-13 14:38:27 - [TEST_STEP][PASSED] - Statement - PreSaveFile = new java.io.File(((pathPrefix + java.lang.Integer.toString(counter)) + .png)): null

2018-12-13 14:38:27 - [TEST_STEP][PASSED] - Statement - counter = counter + 1: null

2018-12-13 14:38:27 - [TEST_STEP][PASSED] - Statement - PreSaveFile = new java.io.File(((pathPrefix + java.lang.Integer.toString(counter)) + .png)): null

2018-12-13 14:38:27 - [TEST_STEP][PASSED] - Statement - counter = counter + 1: null

2018-12-13 14:38:27 - [TEST_STEP][PASSED] - Statement - PreSaveFile = new java.io.File(((pathPrefix + java.lang.Integer.toString(counter)) + .png)): null

2018-12-13 14:38:27 - [TEST_STEP][PASSED] - Statement - counter = counter + 1: null

2018-12-13 14:38:27 - [TEST_STEP][PASSED] - Statement - PreSaveFile = new java.io.File(((pathPrefix + java.lang.Integer.toString(counter)) + .png)): null

2018-12-13 14:38:27 - [TEST_STEP][PASSED] - Statement - counter = counter + 1: null

2018-12-13 14:38:27 - [TEST_STEP][PASSED] - Statement - PreSaveFile = new java.io.File(((pathPrefix + java.lang.Integer.toString(counter)) + .png)): null

2018-12-13 14:38:27 - [TEST_STEP][PASSED] - Statement - counter = counter + 1: null

2018-12-13 14:38:27 - [TEST_STEP][PASSED] - Statement - PreSaveFile = new java.io.File(((pathPrefix + java.lang.Integer.toString(counter)) + .png)): null

2018-12-13 14:38:27 - [TEST_STEP][PASSED] - Statement - counter = counter + 1: null

2018-12-13 14:38:27 - [TEST_STEP][PASSED] - Statement - PreSaveFile = new java.io.File(((pathPrefix + java.lang.Integer.toString(counter)) + .png)): null

2018-12-13 14:38:27 - [TEST_STEP][PASSED] - Statement - counter = counter + 1: null

2018-12-13 14:38:27 - [TEST_STEP][PASSED] - Statement - PreSaveFile = new java.io.File(((pathPrefix + java.lang.Integer.toString(counter)) + .png)): null

2018-12-13 14:38:27 - [TEST_STEP][PASSED] - Statement - counter = counter + 1: null

2018-12-13 14:38:27 - [TEST_STEP][PASSED] - Statement - PreSaveFile = new java.io.File(((pathPrefix + java.lang.Integer.toString(counter)) + .png)): null

2018-12-13 14:38:27 - [TEST_STEP][PASSED] - Statement - counter = counter + 1: null

2018-12-13 14:38:27 - [TEST_STEP][PASSED] - Statement - PreSaveFile = new java.io.File(((pathPrefix + java.lang.Integer.toString(counter)) + .png)): null

2018-12-13 14:38:27 - [TEST_STEP][PASSED] - Statement - counter = counter + 1: null

2018-12-13 14:38:27 - [TEST_STEP][PASSED] - Statement - PreSaveFile = new java.io.File(((pathPrefix + java.lang.Integer.toString(counter)) + .png)): null

2018-12-13 14:38:27 - [TEST_STEP][PASSED] - Statement - counter = counter + 1: null

2018-12-13 14:38:27 - [TEST_STEP][PASSED] - Statement - PreSaveFile = new java.io.File(((pathPrefix + java.lang.Integer.toString(counter)) + .png)): null

2018-12-13 14:38:27 - [TEST_STEP][PASSED] - Statement - counter = counter + 1: null

2018-12-13 14:38:27 - [TEST_STEP][PASSED] - Statement - PreSaveFile = new java.io.File(((pathPrefix + java.lang.Integer.toString(counter)) + .png)): null

2018-12-13 14:38:27 - [TEST_STEP][PASSED] - Statement - counter = counter + 1: null

2018-12-13 14:38:27 - [TEST_STEP][PASSED] - Statement - PreSaveFile = new java.io.File(((pathPrefix + java.lang.Integer.toString(counter)) + .png)): null

2018-12-13 14:38:27 - [TEST_STEP][PASSED] - Statement - counter = counter + 1: null

2018-12-13 14:38:27 - [TEST_STEP][PASSED] - Statement - PreSaveFile = new java.io.File(((pathPrefix + java.lang.Integer.toString(counter)) + .png)): null

2018-12-13 14:38:27 - [TEST_STEP][PASSED] - Statement - counter = counter + 1: null

2018-12-13 14:38:27 - [TEST_STEP][PASSED] - Statement - PreSaveFile = new java.io.File(((pathPrefix + java.lang.Integer.toString(counter)) + .png)): null

2018-12-13 14:38:27 - [TEST_STEP][PASSED] - Statement - counter = counter + 1: null

2018-12-13 14:38:27 - [TEST_STEP][PASSED] - Statement - PreSaveFile = new java.io.File(((pathPrefix + java.lang.Integer.toString(counter)) + .png)): null

2018-12-13 14:38:27 - [TEST_STEP][PASSED] - Statement - counter = counter + 1: null

2018-12-13 14:38:27 - [TEST_STEP][PASSED] - Statement - PreSaveFile = new java.io.File(((pathPrefix + java.lang.Integer.toString(counter)) + .png)): null

2018-12-13 14:38:27 - [TEST_STEP][PASSED] - Statement - counter = counter + 1: null

2018-12-13 14:38:27 - [TEST_STEP][PASSED] - Statement - PreSaveFile = new java.io.File(((pathPrefix + java.lang.Integer.toString(counter)) + .png)): null

2018-12-13 14:38:27 - [TEST_STEP][PASSED] - Statement - counter = counter + 1: null

2018-12-13 14:38:27 - [TEST_STEP][PASSED] - Statement - PreSaveFile = new java.io.File(((pathPrefix + java.lang.Integer.toString(counter)) + .png)): null

2018-12-13 14:38:27 - [TEST_STEP][PASSED] - Statement - counter = counter + 1: null

2018-12-13 14:38:27 - [TEST_STEP][PASSED] - Statement - PreSaveFile = new java.io.File(((pathPrefix + java.lang.Integer.toString(counter)) + .png)): null

2018-12-13 14:38:27 - [TEST_STEP][PASSED] - Statement - counter = counter + 1: null

2018-12-13 14:38:27 - [TEST_STEP][PASSED] - Statement - PreSaveFile = new java.io.File(((pathPrefix + java.lang.Integer.toString(counter)) + .png)): null

2018-12-13 14:38:27 - [TEST_STEP][PASSED] - Statement - counter = counter + 1: null

2018-12-13 14:38:27 - [TEST_STEP][PASSED] - Statement - PreSaveFile = new java.io.File(((pathPrefix + java.lang.Integer.toString(counter)) + .png)): null

2018-12-13 14:38:27 - [TEST_STEP][PASSED] - Statement - counter = counter + 1: null

2018-12-13 14:38:27 - [TEST_STEP][PASSED] - Statement - PreSaveFile = new java.io.File(((pathPrefix + java.lang.Integer.toString(counter)) + .png)): null

2018-12-13 14:38:27 - [TEST_STEP][PASSED] - Statement - counter = counter + 1: null

2018-12-13 14:38:27 - [TEST_STEP][PASSED] - Statement - PreSaveFile = new java.io.File(((pathPrefix + java.lang.Integer.toString(counter)) + .png)): null

2018-12-13 14:38:27 - [TEST_STEP][PASSED] - Statement - counter = counter + 1: null

2018-12-13 14:38:27 - [TEST_STEP][PASSED] - Statement - PreSaveFile = new java.io.File(((pathPrefix + java.lang.Integer.toString(counter)) + .png)): null

2018-12-13 14:38:27 - [TEST_STEP][PASSED] - Statement - counter = counter + 1: null

2018-12-13 14:38:27 - [TEST_STEP][PASSED] - Statement - PreSaveFile = new java.io.File(((pathPrefix + java.lang.Integer.toString(counter)) + .png)): null

2018-12-13 14:38:27 - [TEST_STEP][PASSED] - Statement - counter = counter + 1: null

2018-12-13 14:38:27 - [TEST_STEP][PASSED] - Statement - PreSaveFile = new java.io.File(((pathPrefix + java.lang.Integer.toString(counter)) + .png)): null

2018-12-13 14:38:27 - [TEST_STEP][PASSED] - Statement - counter = counter + 1: null

2018-12-13 14:38:27 - [TEST_STEP][PASSED] - Statement - PreSaveFile = new java.io.File(((pathPrefix + java.lang.Integer.toString(counter)) + .png)): null

2018-12-13 14:38:27 - [TEST_STEP][PASSED] - Statement - counter = counter + 1: null

2018-12-13 14:38:27 - [TEST_STEP][PASSED] - Statement - PreSaveFile = new java.io.File(((pathPrefix + java.lang.Integer.toString(counter)) + .png)): null

2018-12-13 14:38:27 - [TEST_STEP][PASSED] - Statement - counter = counter + 1: null

2018-12-13 14:38:27 - [TEST_STEP][PASSED] - Statement - PreSaveFile = new java.io.File(((pathPrefix + java.lang.Integer.toString(counter)) + .png)): null

2018-12-13 14:38:27 - [TEST_STEP][PASSED] - Statement - counter = counter + 1: null

2018-12-13 14:38:27 - [TEST_STEP][PASSED] - Statement - PreSaveFile = new java.io.File(((pathPrefix + java.lang.Integer.toString(counter)) + .png)): null

2018-12-13 14:38:27 - [TEST_STEP][PASSED] - Statement - counter = counter + 1: null

2018-12-13 14:38:27 - [TEST_STEP][PASSED] - Statement - PreSaveFile = new java.io.File(((pathPrefix + java.lang.Integer.toString(counter)) + .png)): null

2018-12-13 14:38:27 - [TEST_STEP][PASSED] - Statement - counter = counter + 1: null

2018-12-13 14:38:27 - [TEST_STEP][PASSED] - Statement - PreSaveFile = new java.io.File(((pathPrefix + java.lang.Integer.toString(counter)) + .png)): null

2018-12-13 14:38:27 - [TEST_STEP][PASSED] - Statement - counter = counter + 1: null

2018-12-13 14:38:27 - [TEST_STEP][PASSED] - Statement - PreSaveFile = new java.io.File(((pathPrefix + java.lang.Integer.toString(counter)) + .png)): null

2018-12-13 14:38:27 - [TEST_STEP][PASSED] - Statement - counter = counter + 1: null

2018-12-13 14:38:27 - [TEST_STEP][PASSED] - Statement - PreSaveFile = new java.io.File(((pathPrefix + java.lang.Integer.toString(counter)) + .png)): null

2018-12-13 14:38:27 - [TEST_STEP][PASSED] - Statement - counter = counter + 1: null

2018-12-13 14:38:27 - [TEST_STEP][PASSED] - Statement - PreSaveFile = new java.io.File(((pathPrefix + java.lang.Integer.toString(counter)) + .png)): null

2018-12-13 14:38:27 - [TEST_STEP][PASSED] - Statement - counter = counter + 1: null

2018-12-13 14:38:27 - [TEST_STEP][PASSED] - Statement - PreSaveFile = new java.io.File(((pathPrefix + java.lang.Integer.toString(counter)) + .png)): null

2018-12-13 14:38:27 - [TEST_STEP][PASSED] - Statement - counter = counter + 1: null

2018-12-13 14:38:27 - [TEST_STEP][PASSED] - Statement - PreSaveFile = new java.io.File(((pathPrefix + java.lang.Integer.toString(counter)) + .png)): null

2018-12-13 14:38:27 - [TEST_STEP][PASSED] - Statement - counter = counter + 1: null

2018-12-13 14:38:27 - [TEST_STEP][PASSED] - Statement - PreSaveFile = new java.io.File(((pathPrefix + java.lang.Integer.toString(counter)) + .png)): null

2018-12-13 14:38:27 - [TEST_STEP][PASSED] - Statement - counter = counter + 1: null

2018-12-13 14:38:27 - [TEST_STEP][PASSED] - Statement - PreSaveFile = new java.io.File(((pathPrefix + java.lang.Integer.toString(counter)) + .png)): null

2018-12-13 14:38:27 - [TEST_STEP][PASSED] - Statement - counter = counter + 1: null

2018-12-13 14:38:27 - [TEST_STEP][PASSED] - Statement - PreSaveFile = new java.io.File(((pathPrefix + java.lang.Integer.toString(counter)) + .png)): null

2018-12-13 14:38:27 - [TEST_STEP][PASSED] - Statement - counter = counter + 1: null

2018-12-13 14:38:27 - [TEST_STEP][PASSED] - Statement - PreSaveFile = new java.io.File(((pathPrefix + java.lang.Integer.toString(counter)) + .png)): null

2018-12-13 14:38:27 - [TEST_STEP][PASSED] - Statement - counter = counter + 1: null

2018-12-13 14:38:27 - [TEST_STEP][PASSED] - Statement - PreSaveFile = new java.io.File(((pathPrefix + java.lang.Integer.toString(counter)) + .png)): null

2018-12-13 14:38:27 - [TEST_STEP][PASSED] - Statement - counter = counter + 1: null

2018-12-13 14:38:27 - [TEST_STEP][PASSED] - Statement - PreSaveFile = new java.io.File(((pathPrefix + java.lang.Integer.toString(counter)) + .png)): null

2018-12-13 14:38:27 - [TEST_STEP][PASSED] - Statement - counter = counter + 1: null

2018-12-13 14:38:27 - [TEST_STEP][PASSED] - Statement - PreSaveFile = new java.io.File(((pathPrefix + java.lang.Integer.toString(counter)) + .png)): null

2018-12-13 14:38:27 - [TEST_STEP][PASSED] - Statement - counter = counter + 1: null

2018-12-13 14:38:27 - [TEST_STEP][PASSED] - Statement - PreSaveFile = new java.io.File(((pathPrefix + java.lang.Integer.toString(counter)) + .png)): null

2018-12-13 14:38:27 - [TEST_STEP][PASSED] - Statement - counter = counter + 1: null

2018-12-13 14:38:27 - [TEST_STEP][PASSED] - Statement - PreSaveFile = new java.io.File(((pathPrefix + java.lang.Integer.toString(counter)) + .png)): null

2018-12-13 14:38:27 - [TEST_STEP][PASSED] - Statement - counter = counter + 1: null

2018-12-13 14:38:27 - [TEST_STEP][PASSED] - Statement - PreSaveFile = new java.io.File(((pathPrefix + java.lang.Integer.toString(counter)) + .png)): null

2018-12-13 14:38:27 - [TEST_STEP][PASSED] - Statement - counter = counter + 1: null

2018-12-13 14:38:27 - [TEST_STEP][PASSED] - Statement - PreSaveFile = new java.io.File(((pathPrefix + java.lang.Integer.toString(counter)) + .png)): null

2018-12-13 14:38:27 - [TEST_STEP][PASSED] - Statement - counter = counter + 1: null

2018-12-13 14:38:27 - [TEST_STEP][PASSED] - Statement - PreSaveFile = new java.io.File(((pathPrefix + java.lang.Integer.toString(counter)) + .png)): null

2018-12-13 14:38:27 - [TEST_STEP][PASSED] - Statement - counter = counter + 1: null

2018-12-13 14:38:27 - [TEST_STEP][PASSED] - Statement - PreSaveFile = new java.io.File(((pathPrefix + java.lang.Integer.toString(counter)) + .png)): null

2018-12-13 14:38:27 - [TEST_STEP][PASSED] - Statement - counter = counter + 1: null

2018-12-13 14:38:27 - [TEST_STEP][PASSED] - Statement - PreSaveFile = new java.io.File(((pathPrefix + java.lang.Integer.toString(counter)) + .png)): null

2018-12-13 14:38:27 - [TEST_STEP][PASSED] - Statement - counter = counter + 1: null

2018-12-13 14:38:27 - [TEST_STEP][PASSED] - Statement - PreSaveFile = new java.io.File(((pathPrefix + java.lang.Integer.toString(counter)) + .png)): null

2018-12-13 14:38:27 - [TEST_STEP][PASSED] - Statement - counter = counter + 1: null

2018-12-13 14:38:27 - [TEST_STEP][PASSED] - Statement - PreSaveFile = new java.io.File(((pathPrefix + java.lang.Integer.toString(counter)) + .png)): null

2018-12-13 14:38:27 - [TEST_STEP][PASSED] - Statement - counter = counter + 1: null

2018-12-13 14:38:27 - [TEST_STEP][PASSED] - Statement - PreSaveFile = new java.io.File(((pathPrefix + java.lang.Integer.toString(counter)) + .png)): null

2018-12-13 14:38:27 - [TEST_STEP][PASSED] - Statement - counter = counter + 1: null

2018-12-13 14:38:27 - [TEST_STEP][PASSED] - Statement - PreSaveFile = new java.io.File(((pathPrefix + java.lang.Integer.toString(counter)) + .png)): null

2018-12-13 14:38:27 - [TEST_STEP][PASSED] - Statement - counter = counter + 1: null

2018-12-13 14:38:27 - [TEST_STEP][PASSED] - Statement - PreSaveFile = new java.io.File(((pathPrefix + java.lang.Integer.toString(counter)) + .png)): null

2018-12-13 14:38:27 - [TEST_STEP][PASSED] - Statement - counter = counter + 1: null

2018-12-13 14:38:27 - [TEST_STEP][PASSED] - Statement - PreSaveFile = new java.io.File(((pathPrefix + java.lang.Integer.toString(counter)) + .png)): null

2018-12-13 14:38:27 - [TEST_STEP][PASSED] - Statement - counter = counter + 1: null

2018-12-13 14:38:27 - [TEST_STEP][PASSED] - Statement - PreSaveFile = new java.io.File(((pathPrefix + java.lang.Integer.toString(counter)) + .png)): null

2018-12-13 14:38:27 - [TEST_STEP][PASSED] - Statement - counter = counter + 1: null

2018-12-13 14:38:27 - [TEST_STEP][PASSED] - Statement - PreSaveFile = new java.io.File(((pathPrefix + java.lang.Integer.toString(counter)) + .png)): null

2018-12-13 14:38:27 - [TEST_STEP][PASSED] - Statement - counter = counter + 1: null

2018-12-13 14:38:27 - [TEST_STEP][PASSED] - Statement - PreSaveFile = new java.io.File(((pathPrefix + java.lang.Integer.toString(counter)) + .png)): null

2018-12-13 14:38:27 - [TEST_STEP][PASSED] - Statement - counter = counter + 1: null

2018-12-13 14:38:27 - [TEST_STEP][PASSED] - Statement - PreSaveFile = new java.io.File(((pathPrefix + java.lang.Integer.toString(counter)) + .png)): null

2018-12-13 14:38:27 - [TEST_STEP][PASSED] - Statement - counter = counter + 1: null

2018-12-13 14:38:27 - [TEST_STEP][PASSED] - Statement - PreSaveFile = new java.io.File(((pathPrefix + java.lang.Integer.toString(counter)) + .png)): null

2018-12-13 14:38:27 - [TEST_STEP][PASSED] - Statement - counter = counter + 1: null

2018-12-13 14:38:27 - [TEST_STEP][PASSED] - Statement - PreSaveFile = new java.io.File(((pathPrefix + java.lang.Integer.toString(counter)) + .png)): null

2018-12-13 14:38:27 - [TEST_STEP][PASSED] - Statement - counter = counter + 1: null

2018-12-13 14:38:27 - [TEST_STEP][PASSED] - Statement - PreSaveFile = new java.io.File(((pathPrefix + java.lang.Integer.toString(counter)) + .png)): null

2018-12-13 14:38:27 - [TEST_STEP][PASSED] - Statement - counter = counter + 1: null

2018-12-13 14:38:27 - [TEST_STEP][PASSED] - Statement - PreSaveFile = new java.io.File(((pathPrefix + java.lang.Integer.toString(counter)) + .png)): null

2018-12-13 14:38:27 - [TEST_STEP][PASSED] - Statement - counter = counter + 1: null

2018-12-13 14:38:27 - [TEST_STEP][PASSED] - Statement - PreSaveFile = new java.io.File(((pathPrefix + java.lang.Integer.toString(counter)) + .png)): null

2018-12-13 14:38:27 - [TEST_STEP][PASSED] - Statement - counter = counter + 1: null

2018-12-13 14:38:27 - [TEST_STEP][PASSED] - Statement - PreSaveFile = new java.io.File(((pathPrefix + java.lang.Integer.toString(counter)) + .png)): null

2018-12-13 14:38:27 - [TEST_STEP][PASSED] - Statement - counter = counter + 1: null

2018-12-13 14:38:27 - [TEST_STEP][PASSED] - Statement - PreSaveFile = new java.io.File(((pathPrefix + java.lang.Integer.toString(counter)) + .png)): null

2018-12-13 14:38:27 - [TEST_STEP][PASSED] - Statement - counter = counter + 1: null

2018-12-13 14:38:27 - [TEST_STEP][PASSED] - Statement - PreSaveFile = new java.io.File(((pathPrefix + java.lang.Integer.toString(counter)) + .png)): null

2018-12-13 14:38:27 - [TEST_STEP][PASSED] - Statement - counter = counter + 1: null

2018-12-13 14:38:27 - [TEST_STEP][PASSED] - Statement - PreSaveFile = new java.io.File(((pathPrefix + java.lang.Integer.toString(counter)) + .png)): null

2018-12-13 14:38:27 - [TEST_STEP][PASSED] - Statement - counter = counter + 1: null

2018-12-13 14:38:27 - [TEST_STEP][PASSED] - Statement - PreSaveFile = new java.io.File(((pathPrefix + java.lang.Integer.toString(counter)) + .png)): null

2018-12-13 14:38:27 - [TEST_STEP][PASSED] - Statement - counter = counter + 1: null

2018-12-13 14:38:27 - [TEST_STEP][PASSED] - Statement - PreSaveFile = new java.io.File(((pathPrefix + java.lang.Integer.toString(counter)) + .png)): null

2018-12-13 14:38:27 - [TEST_STEP][PASSED] - Statement - counter = counter + 1: null

2018-12-13 14:38:27 - [TEST_STEP][PASSED] - Statement - PreSaveFile = new java.io.File(((pathPrefix + java.lang.Integer.toString(counter)) + .png)): null

2018-12-13 14:38:27 - [TEST_STEP][PASSED] - Statement - counter = counter + 1: null

2018-12-13 14:38:27 - [TEST_STEP][PASSED] - Statement - PreSaveFile = new java.io.File(((pathPrefix + java.lang.Integer.toString(counter)) + .png)): null

2018-12-13 14:38:27 - [TEST_STEP][PASSED] - Statement - counter = counter + 1: null

2018-12-13 14:38:27 - [TEST_STEP][PASSED] - Statement - PreSaveFile = new java.io.File(((pathPrefix + java.lang.Integer.toString(counter)) + .png)): null

2018-12-13 14:38:27 - [TEST_STEP][PASSED] - Statement - counter = counter + 1: null

2018-12-13 14:38:27 - [TEST_STEP][PASSED] - Statement - PreSaveFile = new java.io.File(((pathPrefix + java.lang.Integer.toString(counter)) + .png)): null

2018-12-13 14:38:27 - [TEST_STEP][PASSED] - Statement - counter = counter + 1: null

2018-12-13 14:38:27 - [TEST_STEP][PASSED] - Statement - PreSaveFile = new java.io.File(((pathPrefix + java.lang.Integer.toString(counter)) + .png)): null

2018-12-13 14:38:27 - [TEST_STEP][PASSED] - Statement - counter = counter + 1: null

2018-12-13 14:38:27 - [TEST_STEP][PASSED] - Statement - PreSaveFile = new java.io.File(((pathPrefix + java.lang.Integer.toString(counter)) + .png)): null

2018-12-13 14:38:27 - [TEST_STEP][PASSED] - Statement - counter = counter + 1: null

2018-12-13 14:38:27 - [TEST_STEP][PASSED] - Statement - PreSaveFile = new java.io.File(((pathPrefix + java.lang.Integer.toString(counter)) + .png)): null

2018-12-13 14:38:27 - [TEST_STEP][PASSED] - Statement - counter = counter + 1: null

2018-12-13 14:38:27 - [TEST_STEP][PASSED] - Statement - PreSaveFile = new java.io.File(((pathPrefix + java.lang.Integer.toString(counter)) + .png)): null

2018-12-13 14:38:27 - [TEST_STEP][PASSED] - Statement - counter = counter + 1: null

2018-12-13 14:38:27 - [TEST_STEP][PASSED] - Statement - PreSaveFile = new java.io.File(((pathPrefix + java.lang.Integer.toString(counter)) + .png)): null

2018-12-13 14:38:27 - [TEST_STEP][PASSED] - Statement - counter = counter + 1: null

2018-12-13 14:38:27 - [TEST_STEP][PASSED] - Statement - PreSaveFile = new java.io.File(((pathPrefix + java.lang.Integer.toString(counter)) + .png)): null

2018-12-13 14:38:27 - [TEST_STEP][PASSED] - Statement - counter = counter + 1: null

2018-12-13 14:38:27 - [TEST_STEP][PASSED] - Statement - PreSaveFile = new java.io.File(((pathPrefix + java.lang.Integer.toString(counter)) + .png)): null

2018-12-13 14:38:27 - [TEST_STEP][PASSED] - Statement - counter = counter + 1: null

2018-12-13 14:38:27 - [TEST_STEP][PASSED] - Statement - PreSaveFile = new java.io.File(((pathPrefix + java.lang.Integer.toString(counter)) + .png)): null

2018-12-13 14:38:27 - [TEST_STEP][PASSED] - Statement - counter = counter + 1: null

2018-12-13 14:38:27 - [TEST_STEP][PASSED] - Statement - PreSaveFile = new java.io.File(((pathPrefix + java.lang.Integer.toString(counter)) + .png)): null

2018-12-13 14:38:27 - [TEST_STEP][PASSED] - Statement - counter = counter + 1: null

2018-12-13 14:38:27 - [TEST_STEP][PASSED] - Statement - PreSaveFile = new java.io.File(((pathPrefix + java.lang.Integer.toString(counter)) + .png)): null

2018-12-13 14:38:27 - [TEST_STEP][PASSED] - Statement - counter = counter + 1: null

2018-12-13 14:38:27 - [TEST_STEP][PASSED] - Statement - PreSaveFile = new java.io.File(((pathPrefix + java.lang.Integer.toString(counter)) + .png)): null

2018-12-13 14:38:27 - [TEST_STEP][PASSED] - Statement - counter = counter + 1: null

2018-12-13 14:38:27 - [TEST_STEP][PASSED] - Statement - PreSaveFile = new java.io.File(((pathPrefix + java.lang.Integer.toString(counter)) + .png)): null

2018-12-13 14:38:27 - [TEST_STEP][PASSED] - Statement - counter = counter + 1: null

2018-12-13 14:38:27 - [TEST_STEP][PASSED] - Statement - PreSaveFile = new java.io.File(((pathPrefix + java.lang.Integer.toString(counter)) + .png)): null

2018-12-13 14:38:27 - [TEST_STEP][PASSED] - Statement - counter = counter + 1: null

2018-12-13 14:38:27 - [TEST_STEP][PASSED] - Statement - PreSaveFile = new java.io.File(((pathPrefix + java.lang.Integer.toString(counter)) + .png)): null

2018-12-13 14:38:27 - [TEST_STEP][PASSED] - Statement - counter = counter + 1: null

2018-12-13 14:38:27 - [TEST_STEP][PASSED] - Statement - PreSaveFile = new java.io.File(((pathPrefix + java.lang.Integer.toString(counter)) + .png)): null

2018-12-13 14:38:27 - [TEST_STEP][PASSED] - Statement - counter = counter + 1: null

2018-12-13 14:38:27 - [TEST_STEP][PASSED] - Statement - PreSaveFile = new java.io.File(((pathPrefix + java.lang.Integer.toString(counter)) + .png)): null

2018-12-13 14:38:27 - [TEST_STEP][PASSED] - Statement - counter = counter + 1: null

2018-12-13 14:38:27 - [TEST_STEP][PASSED] - Statement - PreSaveFile = new java.io.File(((pathPrefix + java.lang.Integer.toString(counter)) + .png)): null

2018-12-13 14:38:27 - [TEST_STEP][PASSED] - Statement - counter = counter + 1: null

2018-12-13 14:38:27 - [TEST_STEP][PASSED] - Statement - PreSaveFile = new java.io.File(((pathPrefix + java.lang.Integer.toString(counter)) + .png)): null

2018-12-13 14:38:27 - [TEST_STEP][PASSED] - Statement - counter = counter + 1: null

2018-12-13 14:38:27 - [TEST_STEP][PASSED] - Statement - PreSaveFile = new java.io.File(((pathPrefix + java.lang.Integer.toString(counter)) + .png)): null

2018-12-13 14:38:27 - [TEST_STEP][PASSED] - Statement - counter = counter + 1: null

2018-12-13 14:38:27 - [TEST_STEP][PASSED] - Statement - PreSaveFile = new java.io.File(((pathPrefix + java.lang.Integer.toString(counter)) + .png)): null

2018-12-13 14:38:27 - [TEST_STEP][PASSED] - Statement - counter = counter + 1: null

2018-12-13 14:38:27 - [TEST_STEP][PASSED] - Statement - PreSaveFile = new java.io.File(((pathPrefix + java.lang.Integer.toString(counter)) + .png)): null

2018-12-13 14:38:27 - [TEST_STEP][PASSED] - Statement - counter = counter + 1: null

2018-12-13 14:38:27 - [TEST_STEP][PASSED] - Statement - PreSaveFile = new java.io.File(((pathPrefix + java.lang.Integer.toString(counter)) + .png)): null

2018-12-13 14:38:27 - [TEST_STEP][PASSED] - Statement - counter = counter + 1: null

2018-12-13 14:38:27 - [TEST_STEP][PASSED] - Statement - PreSaveFile = new java.io.File(((pathPrefix + java.lang.Integer.toString(counter)) + .png)): null

2018-12-13 14:38:27 - [TEST_STEP][PASSED] - Statement - counter = counter + 1: null

2018-12-13 14:38:27 - [TEST_STEP][PASSED] - Statement - PreSaveFile = new java.io.File(((pathPrefix + java.lang.Integer.toString(counter)) + .png)): null

2018-12-13 14:38:27 - [TEST_STEP][PASSED] - Statement - counter = counter + 1: null

2018-12-13 14:38:27 - [TEST_STEP][PASSED] - Statement - PreSaveFile = new java.io.File(((pathPrefix + java.lang.Integer.toString(counter)) + .png)): null

2018-12-13 14:38:27 - [TEST_STEP][PASSED] - Statement - counter = counter + 1: null

2018-12-13 14:38:27 - [TEST_STEP][PASSED] - Statement - PreSaveFile = new java.io.File(((pathPrefix + java.lang.Integer.toString(counter)) + .png)): null

2018-12-13 14:38:27 - [TEST_STEP][PASSED] - Statement - counter = counter + 1: null

2018-12-13 14:38:27 - [TEST_STEP][PASSED] - Statement - PreSaveFile = new java.io.File(((pathPrefix + java.lang.Integer.toString(counter)) + .png)): null

2018-12-13 14:38:27 - [TEST_STEP][PASSED] - Statement - counter = counter + 1: null

2018-12-13 14:38:27 - [TEST_STEP][PASSED] - Statement - PreSaveFile = new java.io.File(((pathPrefix + java.lang.Integer.toString(counter)) + .png)): null

2018-12-13 14:38:27 - [TEST_STEP][PASSED] - Statement - counter = counter + 1: null

2018-12-13 14:38:27 - [TEST_STEP][PASSED] - Statement - PreSaveFile = new java.io.File(((pathPrefix + java.lang.Integer.toString(counter)) + .png)): null

2018-12-13 14:38:27 - [TEST_STEP][PASSED] - Statement - counter = counter + 1: null

2018-12-13 14:38:27 - [TEST_STEP][PASSED] - Statement - PreSaveFile = new java.io.File(((pathPrefix + java.lang.Integer.toString(counter)) + .png)): null

2018-12-13 14:38:27 - [TEST_STEP][PASSED] - Statement - counter = counter + 1: null

2018-12-13 14:38:27 - [TEST_STEP][PASSED] - Statement - PreSaveFile = new java.io.File(((pathPrefix + java.lang.Integer.toString(counter)) + .png)): null

2018-12-13 14:38:27 - [TEST_STEP][PASSED] - Statement - counter = counter + 1: null

2018-12-13 14:38:27 - [TEST_STEP][PASSED] - Statement - PreSaveFile = new java.io.File(((pathPrefix + java.lang.Integer.toString(counter)) + .png)): null

2018-12-13 14:38:27 - [TEST_STEP][PASSED] - Statement - counter = counter + 1: null

2018-12-13 14:38:27 - [TEST_STEP][PASSED] - Statement - PreSaveFile = new java.io.File(((pathPrefix + java.lang.Integer.toString(counter)) + .png)): null

2018-12-13 14:38:27 - [TEST_STEP][PASSED] - Statement - counter = counter + 1: null

2018-12-13 14:38:27 - [TEST_STEP][PASSED] - Statement - PreSaveFile = new java.io.File(((pathPrefix + java.lang.Integer.toString(counter)) + .png)): null

2018-12-13 14:38:27 - [TEST_STEP][PASSED] - Statement - counter = counter + 1: null

2018-12-13 14:38:27 - [TEST_STEP][PASSED] - Statement - PreSaveFile = new java.io.File(((pathPrefix + java.lang.Integer.toString(counter)) + .png)): null

2018-12-13 14:38:27 - [TEST_STEP][PASSED] - Statement - counter = counter + 1: null

2018-12-13 14:38:27 - [TEST_STEP][PASSED] - Statement - PreSaveFile = new java.io.File(((pathPrefix + java.lang.Integer.toString(counter)) + .png)): null

2018-12-13 14:38:27 - [TEST_STEP][PASSED] - Statement - counter = counter + 1: null

2018-12-13 14:38:27 - [TEST_STEP][PASSED] - Statement - PreSaveFile = new java.io.File(((pathPrefix + java.lang.Integer.toString(counter)) + .png)): null

2018-12-13 14:38:27 - [TEST_STEP][PASSED] - Statement - counter = counter + 1: null

2018-12-13 14:38:27 - [TEST_STEP][PASSED] - Statement - PreSaveFile = new java.io.File(((pathPrefix + java.lang.Integer.toString(counter)) + .png)): null

2018-12-13 14:38:27 - [TEST_STEP][PASSED] - Statement - counter = counter + 1: null

2018-12-13 14:38:27 - [TEST_STEP][PASSED] - Statement - PreSaveFile = new java.io.File(((pathPrefix + java.lang.Integer.toString(counter)) + .png)): null

2018-12-13 14:38:27 - [TEST_STEP][PASSED] - Statement - counter = counter + 1: null

2018-12-13 14:38:27 - [TEST_STEP][PASSED] - Statement - PreSaveFile = new java.io.File(((pathPrefix + java.lang.Integer.toString(counter)) + .png)): null

2018-12-13 14:38:27 - [TEST_STEP][PASSED] - Statement - counter = counter + 1: null

2018-12-13 14:38:27 - [TEST_STEP][PASSED] - Statement - PreSaveFile = new java.io.File(((pathPrefix + java.lang.Integer.toString(counter)) + .png)): null

2018-12-13 14:38:27 - [TEST_STEP][PASSED] - Statement - counter = counter + 1: null

2018-12-13 14:38:27 - [TEST_STEP][PASSED] - Statement - PreSaveFile = new java.io.File(((pathPrefix + java.lang.Integer.toString(counter)) + .png)): null

2018-12-13 14:38:27 - [TEST_STEP][PASSED] - Statement - counter = counter + 1: null

2018-12-13 14:38:27 - [TEST_STEP][PASSED] - Statement - PreSaveFile = new java.io.File(((pathPrefix + java.lang.Integer.toString(counter)) + .png)): null

2018-12-13 14:38:27 - [TEST_STEP][PASSED] - Statement - counter = counter + 1: null

2018-12-13 14:38:27 - [TEST_STEP][PASSED] - Statement - PreSaveFile = new java.io.File(((pathPrefix + java.lang.Integer.toString(counter)) + .png)): null

2018-12-13 14:38:27 - [TEST_STEP][PASSED] - Statement - counter = counter + 1: null

2018-12-13 14:38:27 - [TEST_STEP][PASSED] - Statement - PreSaveFile = new java.io.File(((pathPrefix + java.lang.Integer.toString(counter)) + .png)): null

2018-12-13 14:38:27 - [TEST_STEP][PASSED] - Statement - counter = counter + 1: null

2018-12-13 14:38:27 - [TEST_STEP][PASSED] - Statement - PreSaveFile = new java.io.File(((pathPrefix + java.lang.Integer.toString(counter)) + .png)): null

2018-12-13 14:38:27 - [TEST_STEP][PASSED] - Statement - counter = counter + 1: null

2018-12-13 14:38:27 - [TEST_STEP][PASSED] - Statement - PreSaveFile = new java.io.File(((pathPrefix + java.lang.Integer.toString(counter)) + .png)): null

2018-12-13 14:38:27 - [TEST_STEP][PASSED] - Statement - counter = counter + 1: null

2018-12-13 14:38:27 - [TEST_STEP][PASSED] - Statement - PreSaveFile = new java.io.File(((pathPrefix + java.lang.Integer.toString(counter)) + .png)): null

2018-12-13 14:38:27 - [TEST_STEP][PASSED] - Statement - counter = counter + 1: null

2018-12-13 14:38:27 - [TEST_STEP][PASSED] - Statement - PreSaveFile = new java.io.File(((pathPrefix + java.lang.Integer.toString(counter)) + .png)): null

2018-12-13 14:38:27 - [TEST_STEP][PASSED] - Statement - counter = counter + 1: null

2018-12-13 14:38:27 - [TEST_STEP][PASSED] - Statement - PreSaveFile = new java.io.File(((pathPrefix + java.lang.Integer.toString(counter)) + .png)): null

2018-12-13 14:38:27 - [TEST_STEP][PASSED] - Statement - counter = counter + 1: null

2018-12-13 14:38:27 - [TEST_STEP][PASSED] - Statement - PreSaveFile = new java.io.File(((pathPrefix + java.lang.Integer.toString(counter)) + .png)): null

2018-12-13 14:38:27 - [TEST_STEP][PASSED] - Statement - counter = counter + 1: null

2018-12-13 14:38:27 - [TEST_STEP][PASSED] - Statement - PreSaveFile = new java.io.File(((pathPrefix + java.lang.Integer.toString(counter)) + .png)): null

2018-12-13 14:38:27 - [TEST_STEP][PASSED] - Statement - counter = counter + 1: null

2018-12-13 14:38:27 - [TEST_STEP][PASSED] - Statement - PreSaveFile = new java.io.File(((pathPrefix + java.lang.Integer.toString(counter)) + .png)): null

2018-12-13 14:38:27 - [TEST_STEP][PASSED] - Statement - counter = counter + 1: null

2018-12-13 14:38:27 - [TEST_STEP][PASSED] - Statement - PreSaveFile = new java.io.File(((pathPrefix + java.lang.Integer.toString(counter)) + .png)): null

2018-12-13 14:38:27 - [TEST_STEP][PASSED] - Statement - counter = counter + 1: null

2018-12-13 14:38:27 - [TEST_STEP][PASSED] - Statement - PreSaveFile = new java.io.File(((pathPrefix + java.lang.Integer.toString(counter)) + .png)): null

2018-12-13 14:38:27 - [TEST_STEP][PASSED] - Statement - counter = counter + 1: null

2018-12-13 14:38:27 - [TEST_STEP][PASSED] - Statement - PreSaveFile = new java.io.File(((pathPrefix + java.lang.Integer.toString(counter)) + .png)): null

2018-12-13 14:38:27 - [TEST_STEP][PASSED] - Statement - counter = counter + 1: null

2018-12-13 14:38:27 - [TEST_STEP][PASSED] - Statement - PreSaveFile = new java.io.File(((pathPrefix + java.lang.Integer.toString(counter)) + .png)): null

2018-12-13 14:38:27 - [TEST_STEP][PASSED] - Statement - counter = counter + 1: null

2018-12-13 14:38:27 - [TEST_STEP][PASSED] - Statement - PreSaveFile = new java.io.File(((pathPrefix + java.lang.Integer.toString(counter)) + .png)): null

2018-12-13 14:38:27 - [TEST_STEP][PASSED] - Statement - counter = counter + 1: null

2018-12-13 14:38:27 - [TEST_STEP][PASSED] - Statement - PreSaveFile = new java.io.File(((pathPrefix + java.lang.Integer.toString(counter)) + .png)): null

2018-12-13 14:38:27 - [TEST_STEP][PASSED] - Statement - counter = counter + 1: null

2018-12-13 14:38:27 - [TEST_STEP][PASSED] - Statement - PreSaveFile = new java.io.File(((pathPrefix + java.lang.Integer.toString(counter)) + .png)): null

2018-12-13 14:38:27 - [TEST_STEP][PASSED] - Statement - counter = counter + 1: null

2018-12-13 14:38:27 - [TEST_STEP][PASSED] - Statement - PreSaveFile = new java.io.File(((pathPrefix + java.lang.Integer.toString(counter)) + .png)): null

2018-12-13 14:38:27 - [TEST_STEP][PASSED] - Statement - counter = counter + 1: null

2018-12-13 14:38:27 - [TEST_STEP][PASSED] - Statement - PreSaveFile = new java.io.File(((pathPrefix + java.lang.Integer.toString(counter)) + .png)): null

2018-12-13 14:38:27 - [TEST_STEP][PASSED] - Statement - counter = counter + 1: null

2018-12-13 14:38:27 - [TEST_STEP][PASSED] - Statement - PreSaveFile = new java.io.File(((pathPrefix + java.lang.Integer.toString(counter)) + .png)): null

2018-12-13 14:38:27 - [TEST_STEP][PASSED] - Statement - counter = counter + 1: null

2018-12-13 14:38:27 - [TEST_STEP][PASSED] - Statement - PreSaveFile = new java.io.File(((pathPrefix + java.lang.Integer.toString(counter)) + .png)): null

2018-12-13 14:38:27 - [TEST_STEP][PASSED] - Statement - finalPath = pathPrefix + java.lang.Integer.toString(counter) + ".png": null

2018-12-13 14:38:27 - [TEST_STEP][PASSED] - Statement - SaveFile = new java.io.File(finalPath): null

2018-12-13 14:38:27 - [TEST_STEP][PASSED] - Statement - Try: null

2018-12-13 14:38:27 - [TEST_STEP][PASSED] - Statement - org.apache.commons.io.FileUtils.copyFile(scrFile, SaveFile): null

2018-12-13 14:38:27 - [TEST_STEP][PASSED] - Statement - out.println("file kept"): null

2018-12-13 14:38:27 - [TEST_STEP][PASSED] - delay: Delayed 10 second(s)

2018-12-13 14:38:37 - [MESSAGE][PASSED] - Delayed 10 second(s)

2018-12-13 14:38:37 - [MESSAGE][FAILED] - Unable to call Test Case with id 'Test Cases/Final Aug 2018 - PKS Automation/Registration Module/New Registration/Submit and Screenshot/Submit Registration and Screenshot' (Root cause: Call Test Case 'Test Cases/Final Aug 2018 - PKS Automation/Registration Module/New Registration/Submit and Screenshot/Submit Registration and Screenshot' failed)]]></system-out>
         <system-err><![CDATA[2018-12-13 14:20:24 - [TEST_CASE][FAILED] - Test Cases/Final Aug 2018 - PKS Automation/Registration Module/Workflow/New Registration/OTC - PKR BO - RO Query (Routed 2 Time): Test Cases/Final Aug 2018 - PKS Automation/Registration Module/Workflow/New Registration/OTC - PKR BO - RO Query (Routed 2 Time) FAILED because (of) (Stack trace: com.kms.katalon.core.exception.StepFailedException: Unable to click on object 'Object Repository/Final Object Repo/New Registration - Registration Module Pages/New Reg - OTC to RO/Special Case - All Related Objects/Confirm to Query' (Root cause: org.openqa.selenium.ElementNotVisibleException: element not interactable
  (Session info: chrome=70.0.3538.110)
  (Driver info: chromedriver=2.43.600210 (68dcf5eebde37173d4027fa8635e332711d2874a),platform=Windows NT 6.1.7601 SP1 x86_64) (WARNING: The server did not provide any stacktrace information)
Command duration or timeout: 0 milliseconds
Build info: version: '3.7.1', revision: '8a0099a', time: '2017-11-06T21:07:36.161Z'
System info: host: 'WIN7TEST02', ip: '10.20.3.72', os.name: 'Windows 7', os.arch: 'amd64', os.version: '6.1', java.version: '1.8.0_181'
Driver info: com.kms.katalon.selenium.driver.CChromeDriver
Capabilities {acceptInsecureCerts: false, acceptSslCerts: false, applicationCacheEnabled: false, browserConnectionEnabled: false, browserName: chrome, chrome: {chromedriverVersion: 2.43.600210 (68dcf5eebde371..., userDataDir: C:\Users\Admin\AppData\Loca...}, cssSelectorsEnabled: true, databaseEnabled: false, goog:chromeOptions: {debuggerAddress: localhost:53771}, handlesAlerts: true, hasTouchScreen: false, javascriptEnabled: true, locationContextEnabled: true, mobileEmulationEnabled: false, nativeEvents: true, networkConnectionEnabled: false, pageLoadStrategy: normal, platform: XP, platformName: XP, rotatable: false, setWindowRect: true, takesHeapSnapshot: true, takesScreenshot: true, unexpectedAlertBehaviour: , unhandledPromptBehavior: , version: 70.0.3538.110, webStorageEnabled: true}
Session ID: aa0cdf03e7b7ee45e0b96fefab8db29e)
	at com.kms.katalon.core.keyword.internal.KeywordMain.stepFailed(KeywordMain.groovy:32)
	at com.kms.katalon.core.webui.keyword.internal.WebUIKeywordMain.stepFailed(WebUIKeywordMain.groovy:65)
	at com.kms.katalon.core.webui.keyword.internal.WebUIKeywordMain.runKeyword(WebUIKeywordMain.groovy:27)
	at com.kms.katalon.core.webui.keyword.builtin.ClickKeyword.click(ClickKeyword.groovy:86)
	at com.kms.katalon.core.webui.keyword.builtin.ClickKeyword.execute(ClickKeyword.groovy:67)
	at com.kms.katalon.core.keyword.internal.KeywordExecutor.executeKeywordForPlatform(KeywordExecutor.groovy:53)
	at com.kms.katalon.core.webui.keyword.WebUiBuiltInKeywords.click(WebUiBuiltInKeywords.groovy:616)
	at com.kms.katalon.core.webui.keyword.WebUiBuiltInKeywords$click$2.call(Unknown Source)
	at org.codehaus.groovy.runtime.callsite.CallSiteArray.defaultCall(CallSiteArray.java:48)
	at org.codehaus.groovy.runtime.callsite.AbstractCallSite.call(AbstractCallSite.java:113)
	at org.codehaus.groovy.runtime.callsite.AbstractCallSite.call(AbstractCallSite.java:125)
	at Script1535599531593.run(Script1535599531593.groovy:194)
	at com.kms.katalon.core.main.ScriptEngine.run(ScriptEngine.java:183)
	at com.kms.katalon.core.main.ScriptEngine.runScriptAsRawText(ScriptEngine.java:108)
	at com.kms.katalon.core.main.TestCaseExecutor.runScript(TestCaseExecutor.java:294)
	at com.kms.katalon.core.main.TestCaseExecutor.doExecute(TestCaseExecutor.java:285)
	at com.kms.katalon.core.main.TestCaseExecutor.processExecutionPhase(TestCaseExecutor.java:264)
	at com.kms.katalon.core.main.TestCaseExecutor.accessMainPhase(TestCaseExecutor.java:256)
	at com.kms.katalon.core.main.TestCaseExecutor.execute(TestCaseExecutor.java:200)
	at com.kms.katalon.core.main.TestSuiteExecutor.accessTestCaseMainPhase(TestSuiteExecutor.java:129)
	at com.kms.katalon.core.main.TestSuiteExecutor.accessTestSuiteMainPhase(TestSuiteExecutor.java:112)
	at com.kms.katalon.core.main.TestSuiteExecutor.execute(TestSuiteExecutor.java:81)
	at com.kms.katalon.core.main.TestCaseMain.startTestSuite(TestCaseMain.java:142)
	at com.kms.katalon.core.main.TestCaseMain$startTestSuite$0.call(Unknown Source)
	at org.codehaus.groovy.runtime.callsite.CallSiteArray.defaultCall(CallSiteArray.java:48)
	at org.codehaus.groovy.runtime.callsite.AbstractCallSite.call(AbstractCallSite.java:113)
	at org.codehaus.groovy.runtime.callsite.AbstractCallSite.call(AbstractCallSite.java:141)
	at TempTestSuite1544668253915.run(TempTestSuite1544668253915.groovy:36)
	at groovy.lang.GroovyShell.runScriptOrMainOrTestOrRunnable(GroovyShell.java:263)
	at groovy.lang.GroovyShell.run(GroovyShell.java:518)
	at groovy.lang.GroovyShell.run(GroovyShell.java:507)
	at groovy.ui.GroovyMain.processOnce(GroovyMain.java:653)
	at groovy.ui.GroovyMain.run(GroovyMain.java:384)
	at groovy.ui.GroovyMain.process(GroovyMain.java:370)
	at groovy.ui.GroovyMain.processArgs(GroovyMain.java:129)
	at groovy.ui.GroovyMain.main(GroovyMain.java:109)
	at sun.reflect.NativeMethodAccessorImpl.invoke0(Native Method)
	at sun.reflect.NativeMethodAccessorImpl.invoke(NativeMethodAccessorImpl.java:62)
	at sun.reflect.DelegatingMethodAccessorImpl.invoke(DelegatingMethodAccessorImpl.java:43)
	at java.lang.reflect.Method.invoke(Method.java:498)
	at org.codehaus.groovy.tools.GroovyStarter.rootLoader(GroovyStarter.java:109)
	at org.codehaus.groovy.tools.GroovyStarter.main(GroovyStarter.java:131)
)]]></system-err>
      </testcase>
      <testcase name="Test Cases/Final Aug 2018 - PKS Automation/Registration Module/Workflow/New Registration/OTC - PKR BO - RO Submit(Routed 2 Time)" classname="Test Cases/Final Aug 2018 - PKS Automation/Registration Module/Workflow/New Registration/OTC - PKR BO - RO Submit(Routed 2 Time)" status="FAILED">
         <failure type="FAILED" message="(Stack trace: com.kms.katalon.core.exception.StepFailedException: Unable to click on object 'Object Repository/Final Object Repo/New Registration - Registration Module Pages/New Reg - OTC to RO/Special Case - All Related Objects/Continue Button in verifying case' (Root cause: org.openqa.selenium.ElementNotVisibleException: element not interactable
  (Session info: chrome=70.0.3538.110)
  (Driver info: chromedriver=2.43.600210 (68dcf5eebde37173d4027fa8635e332711d2874a),platform=Windows NT 6.1.7601 SP1 x86_64) (WARNING: The server did not provide any stacktrace information)
Command duration or timeout: 0 milliseconds
Build info: version: '3.7.1', revision: '8a0099a', time: '2017-11-06T21:07:36.161Z'
System info: host: 'WIN7TEST02', ip: '10.20.3.72', os.name: 'Windows 7', os.arch: 'amd64', os.version: '6.1', java.version: '1.8.0_181'
Driver info: com.kms.katalon.selenium.driver.CChromeDriver
Capabilities {acceptInsecureCerts: false, acceptSslCerts: false, applicationCacheEnabled: false, browserConnectionEnabled: false, browserName: chrome, chrome: {chromedriverVersion: 2.43.600210 (68dcf5eebde371..., userDataDir: C:\Users\Admin\AppData\Loca...}, cssSelectorsEnabled: true, databaseEnabled: false, goog:chromeOptions: {debuggerAddress: localhost:53974}, handlesAlerts: true, hasTouchScreen: false, javascriptEnabled: true, locationContextEnabled: true, mobileEmulationEnabled: false, nativeEvents: true, networkConnectionEnabled: false, pageLoadStrategy: normal, platform: XP, platformName: XP, rotatable: false, setWindowRect: true, takesHeapSnapshot: true, takesScreenshot: true, unexpectedAlertBehaviour: , unhandledPromptBehavior: , version: 70.0.3538.110, webStorageEnabled: true}
Session ID: 2f7e87c667c5f2ce1765b6ac1db9cd27)
	at com.kms.katalon.core.keyword.internal.KeywordMain.stepFailed(KeywordMain.groovy:32)
	at com.kms.katalon.core.webui.keyword.internal.WebUIKeywordMain.stepFailed(WebUIKeywordMain.groovy:65)
	at com.kms.katalon.core.webui.keyword.internal.WebUIKeywordMain.runKeyword(WebUIKeywordMain.groovy:27)
	at com.kms.katalon.core.webui.keyword.builtin.ClickKeyword.click(ClickKeyword.groovy:86)
	at com.kms.katalon.core.webui.keyword.builtin.ClickKeyword.execute(ClickKeyword.groovy:67)
	at com.kms.katalon.core.keyword.internal.KeywordExecutor.executeKeywordForPlatform(KeywordExecutor.groovy:53)
	at com.kms.katalon.core.webui.keyword.WebUiBuiltInKeywords.click(WebUiBuiltInKeywords.groovy:616)
	at com.kms.katalon.core.webui.keyword.WebUiBuiltInKeywords$click$2.call(Unknown Source)
	at org.codehaus.groovy.runtime.callsite.CallSiteArray.defaultCall(CallSiteArray.java:48)
	at org.codehaus.groovy.runtime.callsite.AbstractCallSite.call(AbstractCallSite.java:113)
	at org.codehaus.groovy.runtime.callsite.AbstractCallSite.call(AbstractCallSite.java:125)
	at Script1535599368022.run(Script1535599368022.groovy:165)
	at com.kms.katalon.core.main.ScriptEngine.run(ScriptEngine.java:183)
	at com.kms.katalon.core.main.ScriptEngine.runScriptAsRawText(ScriptEngine.java:108)
	at com.kms.katalon.core.main.TestCaseExecutor.runScript(TestCaseExecutor.java:294)
	at com.kms.katalon.core.main.TestCaseExecutor.doExecute(TestCaseExecutor.java:285)
	at com.kms.katalon.core.main.TestCaseExecutor.processExecutionPhase(TestCaseExecutor.java:264)
	at com.kms.katalon.core.main.TestCaseExecutor.accessMainPhase(TestCaseExecutor.java:256)
	at com.kms.katalon.core.main.TestCaseExecutor.execute(TestCaseExecutor.java:200)
	at com.kms.katalon.core.main.TestSuiteExecutor.accessTestCaseMainPhase(TestSuiteExecutor.java:129)
	at com.kms.katalon.core.main.TestSuiteExecutor.accessTestSuiteMainPhase(TestSuiteExecutor.java:112)
	at com.kms.katalon.core.main.TestSuiteExecutor.execute(TestSuiteExecutor.java:81)
	at com.kms.katalon.core.main.TestCaseMain.startTestSuite(TestCaseMain.java:142)
	at com.kms.katalon.core.main.TestCaseMain$startTestSuite$0.call(Unknown Source)
	at org.codehaus.groovy.runtime.callsite.CallSiteArray.defaultCall(CallSiteArray.java:48)
	at org.codehaus.groovy.runtime.callsite.AbstractCallSite.call(AbstractCallSite.java:113)
	at org.codehaus.groovy.runtime.callsite.AbstractCallSite.call(AbstractCallSite.java:141)
	at TempTestSuite1544668253915.run(TempTestSuite1544668253915.groovy:36)
	at groovy.lang.GroovyShell.runScriptOrMainOrTestOrRunnable(GroovyShell.java:263)
	at groovy.lang.GroovyShell.run(GroovyShell.java:518)
	at groovy.lang.GroovyShell.run(GroovyShell.java:507)
	at groovy.ui.GroovyMain.processOnce(GroovyMain.java:653)
	at groovy.ui.GroovyMain.run(GroovyMain.java:384)
	at groovy.ui.GroovyMain.process(GroovyMain.java:370)
	at groovy.ui.GroovyMain.processArgs(GroovyMain.java:129)
	at groovy.ui.GroovyMain.main(GroovyMain.java:109)
	at sun.reflect.NativeMethodAccessorImpl.invoke0(Native Method)
	at sun.reflect.NativeMethodAccessorImpl.invoke(NativeMethodAccessorImpl.java:62)
	at sun.reflect.DelegatingMethodAccessorImpl.invoke(DelegatingMethodAccessorImpl.java:43)
	at java.lang.reflect.Method.invoke(Method.java:498)
	at org.codehaus.groovy.tools.GroovyStarter.rootLoader(GroovyStarter.java:109)
	at org.codehaus.groovy.tools.GroovyStarter.main(GroovyStarter.java:131)
)"/>
         <system-out><![CDATA[2018-12-13 14:38:37 - [TEST_CASE][FAILED] - Test Cases/Final Aug 2018 - PKS Automation/Registration Module/Workflow/New Registration/OTC - PKR BO - RO Submit(Routed 2 Time): Test Cases/Final Aug 2018 - PKS Automation/Registration Module/Workflow/New Registration/OTC - PKR BO - RO Submit(Routed 2 Time) FAILED because (of) (Stack trace: com.kms.katalon.core.exception.StepFailedException: Unable to click on object 'Object Repository/Final Object Repo/New Registration - Registration Module Pages/New Reg - OTC to RO/Special Case - All Related Objects/Continue Button in verifying case' (Root cause: org.openqa.selenium.ElementNotVisibleException: element not interactable
  (Session info: chrome=70.0.3538.110)
  (Driver info: chromedriver=2.43.600210 (68dcf5eebde37173d4027fa8635e332711d2874a),platform=Windows NT 6.1.7601 SP1 x86_64) (WARNING: The server did not provide any stacktrace information)
Command duration or timeout: 0 milliseconds
Build info: version: '3.7.1', revision: '8a0099a', time: '2017-11-06T21:07:36.161Z'
System info: host: 'WIN7TEST02', ip: '10.20.3.72', os.name: 'Windows 7', os.arch: 'amd64', os.version: '6.1', java.version: '1.8.0_181'
Driver info: com.kms.katalon.selenium.driver.CChromeDriver
Capabilities {acceptInsecureCerts: false, acceptSslCerts: false, applicationCacheEnabled: false, browserConnectionEnabled: false, browserName: chrome, chrome: {chromedriverVersion: 2.43.600210 (68dcf5eebde371..., userDataDir: C:\Users\Admin\AppData\Loca...}, cssSelectorsEnabled: true, databaseEnabled: false, goog:chromeOptions: {debuggerAddress: localhost:53974}, handlesAlerts: true, hasTouchScreen: false, javascriptEnabled: true, locationContextEnabled: true, mobileEmulationEnabled: false, nativeEvents: true, networkConnectionEnabled: false, pageLoadStrategy: normal, platform: XP, platformName: XP, rotatable: false, setWindowRect: true, takesHeapSnapshot: true, takesScreenshot: true, unexpectedAlertBehaviour: , unhandledPromptBehavior: , version: 70.0.3538.110, webStorageEnabled: true}
Session ID: 2f7e87c667c5f2ce1765b6ac1db9cd27)
	at com.kms.katalon.core.keyword.internal.KeywordMain.stepFailed(KeywordMain.groovy:32)
	at com.kms.katalon.core.webui.keyword.internal.WebUIKeywordMain.stepFailed(WebUIKeywordMain.groovy:65)
	at com.kms.katalon.core.webui.keyword.internal.WebUIKeywordMain.runKeyword(WebUIKeywordMain.groovy:27)
	at com.kms.katalon.core.webui.keyword.builtin.ClickKeyword.click(ClickKeyword.groovy:86)
	at com.kms.katalon.core.webui.keyword.builtin.ClickKeyword.execute(ClickKeyword.groovy:67)
	at com.kms.katalon.core.keyword.internal.KeywordExecutor.executeKeywordForPlatform(KeywordExecutor.groovy:53)
	at com.kms.katalon.core.webui.keyword.WebUiBuiltInKeywords.click(WebUiBuiltInKeywords.groovy:616)
	at com.kms.katalon.core.webui.keyword.WebUiBuiltInKeywords$click$2.call(Unknown Source)
	at org.codehaus.groovy.runtime.callsite.CallSiteArray.defaultCall(CallSiteArray.java:48)
	at org.codehaus.groovy.runtime.callsite.AbstractCallSite.call(AbstractCallSite.java:113)
	at org.codehaus.groovy.runtime.callsite.AbstractCallSite.call(AbstractCallSite.java:125)
	at Script1535599368022.run(Script1535599368022.groovy:165)
	at com.kms.katalon.core.main.ScriptEngine.run(ScriptEngine.java:183)
	at com.kms.katalon.core.main.ScriptEngine.runScriptAsRawText(ScriptEngine.java:108)
	at com.kms.katalon.core.main.TestCaseExecutor.runScript(TestCaseExecutor.java:294)
	at com.kms.katalon.core.main.TestCaseExecutor.doExecute(TestCaseExecutor.java:285)
	at com.kms.katalon.core.main.TestCaseExecutor.processExecutionPhase(TestCaseExecutor.java:264)
	at com.kms.katalon.core.main.TestCaseExecutor.accessMainPhase(TestCaseExecutor.java:256)
	at com.kms.katalon.core.main.TestCaseExecutor.execute(TestCaseExecutor.java:200)
	at com.kms.katalon.core.main.TestSuiteExecutor.accessTestCaseMainPhase(TestSuiteExecutor.java:129)
	at com.kms.katalon.core.main.TestSuiteExecutor.accessTestSuiteMainPhase(TestSuiteExecutor.java:112)
	at com.kms.katalon.core.main.TestSuiteExecutor.execute(TestSuiteExecutor.java:81)
	at com.kms.katalon.core.main.TestCaseMain.startTestSuite(TestCaseMain.java:142)
	at com.kms.katalon.core.main.TestCaseMain$startTestSuite$0.call(Unknown Source)
	at org.codehaus.groovy.runtime.callsite.CallSiteArray.defaultCall(CallSiteArray.java:48)
	at org.codehaus.groovy.runtime.callsite.AbstractCallSite.call(AbstractCallSite.java:113)
	at org.codehaus.groovy.runtime.callsite.AbstractCallSite.call(AbstractCallSite.java:141)
	at TempTestSuite1544668253915.run(TempTestSuite1544668253915.groovy:36)
	at groovy.lang.GroovyShell.runScriptOrMainOrTestOrRunnable(GroovyShell.java:263)
	at groovy.lang.GroovyShell.run(GroovyShell.java:518)
	at groovy.lang.GroovyShell.run(GroovyShell.java:507)
	at groovy.ui.GroovyMain.processOnce(GroovyMain.java:653)
	at groovy.ui.GroovyMain.run(GroovyMain.java:384)
	at groovy.ui.GroovyMain.process(GroovyMain.java:370)
	at groovy.ui.GroovyMain.processArgs(GroovyMain.java:129)
	at groovy.ui.GroovyMain.main(GroovyMain.java:109)
	at sun.reflect.NativeMethodAccessorImpl.invoke0(Native Method)
	at sun.reflect.NativeMethodAccessorImpl.invoke(NativeMethodAccessorImpl.java:62)
	at sun.reflect.DelegatingMethodAccessorImpl.invoke(DelegatingMethodAccessorImpl.java:43)
	at java.lang.reflect.Method.invoke(Method.java:498)
	at org.codehaus.groovy.tools.GroovyStarter.rootLoader(GroovyStarter.java:109)
	at org.codehaus.groovy.tools.GroovyStarter.main(GroovyStarter.java:131)
)

2018-12-13 14:38:38 - [TEST_STEP][PASSED] - callTestCase: Call Test Case 'Test Cases/Final Aug 2018 - PKS Automation/Registration Module/Workflow/New Registration/Template/Special Case - OTC - Form 1' successfully

2018-12-13 14:38:38 - [TEST_CASE][PASSED] - Test Cases/Final Aug 2018 - PKS Automation/Registration Module/Workflow/New Registration/Template/Special Case - OTC - Form 1: Test Cases/Final Aug 2018 - PKS Automation/Registration Module/Workflow/New Registration/Template/Special Case - OTC - Form 1

2018-12-13 14:38:38 - [TEST_STEP][PASSED] - openBrowser: Browser is opened with url: ''

2018-12-13 14:38:38 - [MESSAGE][WARNING] - A browser is already opened. Closing browser and opening a new one

2018-12-13 14:38:42 - [MESSAGE][PASSED] - Browser is opened with url: ''

2018-12-13 14:38:42 - [TEST_STEP][PASSED] - navigateToUrl: Navigate to 'https://assist2-uat.perkeso.gov.my/login' successfully

2018-12-13 14:38:43 - [MESSAGE][PASSED] - Navigate to 'https://assist2-uat.perkeso.gov.my/login' successfully

2018-12-13 14:38:43 - [TEST_STEP][PASSED] - delay: Delayed 2 second(s)

2018-12-13 14:38:45 - [MESSAGE][PASSED] - Delayed 2 second(s)

2018-12-13 14:38:45 - [TEST_STEP][PASSED] - setText: Text 'klotc2@gmail.com' is set on object 'Object Repository/Final Object Repo/Login Page/Internal User/Email Address'

2018-12-13 14:38:45 - [MESSAGE][PASSED] - Text 'klotc2@gmail.com' is set on object 'Object Repository/Final Object Repo/Login Page/Internal User/Email Address'

2018-12-13 14:38:45 - [TEST_STEP][PASSED] - click: Object: 'Object Repository/Final Object Repo/Login Page/Internal User/Next Button' is clicked on

2018-12-13 14:38:45 - [MESSAGE][PASSED] - Object: 'Object Repository/Final Object Repo/Login Page/Internal User/Next Button' is clicked on

2018-12-13 14:38:45 - [TEST_STEP][PASSED] - delay: Delayed 2 second(s)

2018-12-13 14:38:47 - [MESSAGE][PASSED] - Delayed 2 second(s)

2018-12-13 14:38:47 - [TEST_STEP][PASSED] - setText: Text 'Test1@3456789' is set on object 'Object Repository/Final Object Repo/Login Page/Internal User/Password'

2018-12-13 14:38:48 - [MESSAGE][PASSED] - Text 'Test1@3456789' is set on object 'Object Repository/Final Object Repo/Login Page/Internal User/Password'

2018-12-13 14:38:48 - [TEST_STEP][PASSED] - delay: Delayed 2 second(s)

2018-12-13 14:38:50 - [MESSAGE][PASSED] - Delayed 2 second(s)

2018-12-13 14:38:50 - [TEST_STEP][PASSED] - click: Object: 'Object Repository/Final Object Repo/Login Page/Internal User/Login Button' is clicked on

2018-12-13 14:38:50 - [MESSAGE][PASSED] - Object: 'Object Repository/Final Object Repo/Login Page/Internal User/Login Button' is clicked on

2018-12-13 14:38:50 - [TEST_STEP][PASSED] - Statement - Try: null

2018-12-13 14:38:50 - [TEST_STEP][PASSED] - Statement - Checker = com.kms.katalon.core.webui.keyword.WebUiBuiltInKeywords.verifyElementNotPresent("Final Object Repo/Landing Page/Select to English", 3): null

2018-12-13 14:38:50 - [TEST_STEP][PASSED] - Statement - Catch (Exception e): null

2018-12-13 14:38:50 - [TEST_STEP][PASSED] - Statement - e.printStackTrace(): null

2018-12-13 14:38:50 - [TEST_STEP][PASSED] - delay: Delayed 5 second(s)

2018-12-13 14:38:55 - [MESSAGE][PASSED] - Delayed 5 second(s)

2018-12-13 14:38:55 - [TEST_STEP][PASSED] - click: Object: 'Object Repository/Final Object Repo/Landing Page/My Sites Drop Down' is clicked on

2018-12-13 14:38:55 - [MESSAGE][PASSED] - Object: 'Object Repository/Final Object Repo/Landing Page/My Sites Drop Down' is clicked on

2018-12-13 14:38:55 - [TEST_STEP][PASSED] - click: Object: 'Object Repository/Final Object Repo/Landing Page/Select to Registration Module' is clicked on

2018-12-13 14:38:56 - [MESSAGE][PASSED] - Object: 'Object Repository/Final Object Repo/Landing Page/Select to Registration Module' is clicked on

2018-12-13 14:38:56 - [TEST_STEP][PASSED] - click: Object: 'Object Repository/Final Object Repo/Landing Page/Registration Button' is clicked on

2018-12-13 14:38:58 - [MESSAGE][PASSED] - Object: 'Object Repository/Final Object Repo/Landing Page/Registration Button' is clicked on

2018-12-13 14:38:58 - [TEST_STEP][PASSED] - delay: Delayed 2 second(s)

2018-12-13 14:39:00 - [MESSAGE][PASSED] - Delayed 2 second(s)

2018-12-13 14:39:00 - [TEST_STEP][PASSED] - click: Object: 'Object Repository/Final Object Repo/New Registration - Registration Module Pages/New Reg - OTC to RO/Special Case - OTC - Form 1/AEC NO' is clicked on

2018-12-13 14:39:00 - [MESSAGE][PASSED] - Object: 'Object Repository/Final Object Repo/New Registration - Registration Module Pages/New Reg - OTC to RO/Special Case - OTC - Form 1/AEC NO' is clicked on

2018-12-13 14:39:00 - [TEST_STEP][PASSED] - click: Object: 'Object Repository/Final Object Repo/New Registration - Registration Module Pages/New Reg - OTC to RO/Special Case - OTC - Form 1/Business Entity - Please Select' is clicked on

2018-12-13 14:39:00 - [MESSAGE][PASSED] - Object: 'Object Repository/Final Object Repo/New Registration - Registration Module Pages/New Reg - OTC to RO/Special Case - OTC - Form 1/Business Entity - Please Select' is clicked on

2018-12-13 14:39:00 - [TEST_STEP][PASSED] - click: Object: 'Object Repository/Final Object Repo/New Registration - Registration Module Pages/New Reg - OTC to RO/Special Case - OTC - Form 1/Selected - Corporation' is clicked on

2018-12-13 14:39:00 - [MESSAGE][PASSED] - Object: 'Object Repository/Final Object Repo/New Registration - Registration Module Pages/New Reg - OTC to RO/Special Case - OTC - Form 1/Selected - Corporation' is clicked on

2018-12-13 14:39:00 - [TEST_STEP][PASSED] - delay: Delayed 2 second(s)

2018-12-13 14:39:02 - [MESSAGE][PASSED] - Delayed 2 second(s)

2018-12-13 14:39:02 - [TEST_STEP][PASSED] - click: Object: 'Object Repository/Final Object Repo/New Registration - Registration Module Pages/New Reg - OTC to RO/Special Case - OTC - Form 1/Sub Business Entity - Please Select' is clicked on

2018-12-13 14:39:02 - [MESSAGE][PASSED] - Object: 'Object Repository/Final Object Repo/New Registration - Registration Module Pages/New Reg - OTC to RO/Special Case - OTC - Form 1/Sub Business Entity - Please Select' is clicked on

2018-12-13 14:39:02 - [TEST_STEP][PASSED] - delay: Delayed 2 second(s)

2018-12-13 14:39:04 - [MESSAGE][PASSED] - Delayed 2 second(s)

2018-12-13 14:39:04 - [TEST_STEP][PASSED] - click: Object: 'Object Repository/Final Object Repo/New Registration - Registration Module Pages/New Reg - OTC to RO/Special Case - OTC - Form 1/Selected - Sendirian Berhad' is clicked on

2018-12-13 14:39:05 - [MESSAGE][PASSED] - Object: 'Object Repository/Final Object Repo/New Registration - Registration Module Pages/New Reg - OTC to RO/Special Case - OTC - Form 1/Selected - Sendirian Berhad' is clicked on

2018-12-13 14:39:05 - [TEST_STEP][PASSED] - setText: Text 'AUTOMATE001' is set on object 'Object Repository/Final Object Repo/New Registration - Registration Module Pages/New Reg - OTC to RO/Special Case - OTC - Form 1/Input BRN Number'

2018-12-13 14:39:05 - [MESSAGE][PASSED] - Text 'AUTOMATE001' is set on object 'Object Repository/Final Object Repo/New Registration - Registration Module Pages/New Reg - OTC to RO/Special Case - OTC - Form 1/Input BRN Number'

2018-12-13 14:39:05 - [TEST_STEP][PASSED] - delay: Delayed 2 second(s)

2018-12-13 14:39:07 - [MESSAGE][PASSED] - Delayed 2 second(s)

2018-12-13 14:39:07 - [TEST_STEP][PASSED] - click: Object: 'Object Repository/Final Object Repo/New Registration - Registration Module Pages/New Reg - OTC to RO/Special Case - OTC - Form 1/BRN Search' is clicked on

2018-12-13 14:39:07 - [MESSAGE][PASSED] - Object: 'Object Repository/Final Object Repo/New Registration - Registration Module Pages/New Reg - OTC to RO/Special Case - OTC - Form 1/BRN Search' is clicked on

2018-12-13 14:39:07 - [TEST_STEP][PASSED] - delay: Delayed 4 second(s)

2018-12-13 14:39:11 - [MESSAGE][PASSED] - Delayed 4 second(s)

2018-12-13 14:39:11 - [TEST_STEP][PASSED] - click: Object: 'Object Repository/Final Object Repo/New Registration - Registration Module Pages/New Reg - OTC to RO/Special Case - OTC - Form 1/Registered with SSM - After Feb 2017' is clicked on

2018-12-13 14:39:12 - [MESSAGE][PASSED] - Object: 'Object Repository/Final Object Repo/New Registration - Registration Module Pages/New Reg - OTC to RO/Special Case - OTC - Form 1/Registered with SSM - After Feb 2017' is clicked on

2018-12-13 14:39:12 - [TEST_STEP][PASSED] - delay: Delayed 2 second(s)

2018-12-13 14:39:14 - [MESSAGE][PASSED] - Delayed 2 second(s)

2018-12-13 14:39:14 - [TEST_STEP][PASSED] - click: Object: 'Object Repository/Final Object Repo/New Registration - Registration Module Pages/New Reg - OTC to RO/Special Case - OTC - Form 1/Registering As A Branch - No' is clicked on

2018-12-13 14:39:14 - [MESSAGE][PASSED] - Object: 'Object Repository/Final Object Repo/New Registration - Registration Module Pages/New Reg - OTC to RO/Special Case - OTC - Form 1/Registering As A Branch - No' is clicked on

2018-12-13 14:39:14 - [TEST_STEP][PASSED] - click: Object: 'Object Repository/Final Object Repo/New Registration - Registration Module Pages/New Reg - OTC to RO/Special Case - OTC - Form 1/Acknowledgement Ticked' is clicked on

2018-12-13 14:39:14 - [MESSAGE][PASSED] - Object: 'Object Repository/Final Object Repo/New Registration - Registration Module Pages/New Reg - OTC to RO/Special Case - OTC - Form 1/Acknowledgement Ticked' is clicked on

2018-12-13 14:39:14 - [TEST_STEP][PASSED] - click: Object: 'Object Repository/Final Object Repo/New Registration - Registration Module Pages/New Reg - OTC to RO/Special Case - OTC - Form 1/Submit Button' is clicked on

2018-12-13 14:39:14 - [MESSAGE][PASSED] - Object: 'Object Repository/Final Object Repo/New Registration - Registration Module Pages/New Reg - OTC to RO/Special Case - OTC - Form 1/Submit Button' is clicked on

2018-12-13 14:39:14 - [TEST_STEP][PASSED] - delay: Delayed 2 second(s)

2018-12-13 14:39:16 - [MESSAGE][PASSED] - Delayed 2 second(s)

2018-12-13 14:39:16 - [TEST_STEP][PASSED] - click: Object: 'Object Repository/Final Object Repo/New Registration - Registration Module Pages/New Reg - OTC to RO/Special Case - OTC - Form 1/Confirm No Flagging as Branch' is clicked on

2018-12-13 14:39:16 - [MESSAGE][PASSED] - Object: 'Object Repository/Final Object Repo/New Registration - Registration Module Pages/New Reg - OTC to RO/Special Case - OTC - Form 1/Confirm No Flagging as Branch' is clicked on

2018-12-13 14:39:16 - [MESSAGE][PASSED] - Call Test Case 'Test Cases/Final Aug 2018 - PKS Automation/Registration Module/Workflow/New Registration/Template/Special Case - OTC - Form 1' successfully

2018-12-13 14:39:16 - [TEST_STEP][PASSED] - callTestCase: Call Test Case 'Test Cases/Final Aug 2018 - PKS Automation/Registration Module/New Registration/Form 2/Add 1 Eligible - Incomplete' successfully

2018-12-13 14:39:16 - [TEST_CASE][PASSED] - Test Cases/Final Aug 2018 - PKS Automation/Registration Module/New Registration/Form 2/Add 1 Eligible - Incomplete: Test Cases/Final Aug 2018 - PKS Automation/Registration Module/New Registration/Form 2/Add 1 Eligible - Incomplete

2018-12-13 14:39:16 - [TEST_STEP][PASSED] - delay: Delayed 2 second(s)

2018-12-13 14:39:18 - [MESSAGE][PASSED] - Delayed 2 second(s)

2018-12-13 14:39:18 - [TEST_STEP][PASSED] - callTestCase: Call Test Case 'Test Cases/Final Aug 2018 - PKS Automation/Registration Module/New Registration/Form 2/Date Updater' successfully

2018-12-13 14:39:18 - [TEST_CASE][PASSED] - Test Cases/Final Aug 2018 - PKS Automation/Registration Module/New Registration/Form 2/Date Updater: Test Cases/Final Aug 2018 - PKS Automation/Registration Module/New Registration/Form 2/Date Updater

2018-12-13 14:39:18 - [TEST_STEP][PASSED] - Statement - TodayDate = new java.util.Date(): null

2018-12-13 14:39:18 - [TEST_STEP][PASSED] - Statement - CurrentDateNoFilter = new java.text.SimpleDateFormat(): null

2018-12-13 14:39:18 - [TEST_STEP][PASSED] - Statement - CurrentDateNoFilter.applyPattern("MM"): null

2018-12-13 14:39:18 - [TEST_STEP][PASSED] - Statement - monthContainerMatcher = java.lang.Integer.parseInt(CurrentDateNoFilter.format(TodayDate)): null

2018-12-13 14:39:18 - [TEST_STEP][PASSED] - Statement - monthContainerMatcher = monthContainerMatcher - 1: null

2018-12-13 14:39:18 - [TEST_STEP][PASSED] - Statement - CurrentMonth = monthContainerMatcher.toString(): null

2018-12-13 14:39:18 - [TEST_STEP][PASSED] - Statement - CurrentMonth = CurrentMonth: null

2018-12-13 14:39:18 - [TEST_STEP][PASSED] - Statement - CurrentDateNoFilter.applyPattern("yyyy"): null

2018-12-13 14:39:18 - [TEST_STEP][PASSED] - Statement - CurrentYear = CurrentDateNoFilter.format(TodayDate): null

2018-12-13 14:39:18 - [TEST_STEP][PASSED] - Statement - CurrentYear = CurrentYear: null

2018-12-13 14:39:18 - [TEST_STEP][PASSED] - Statement - intCurrentYear = java.lang.Integer.parseInt(CurrentDateNoFilter.format(TodayDate)): null

2018-12-13 14:39:18 - [TEST_STEP][PASSED] - Statement - eighteenYrsAgo = intCurrentYear - 18: null

2018-12-13 14:39:18 - [TEST_STEP][PASSED] - Statement - eighteenYrsBeforeThisYr = eighteenYrsAgo.toString(): null

2018-12-13 14:39:18 - [TEST_STEP][PASSED] - Statement - EighteenYrsBefore = eighteenYrsBeforeThisYr: null

2018-12-13 14:39:18 - [TEST_STEP][PASSED] - Statement - fiftysevenYrsAgo = intCurrentYear - 57: null

2018-12-13 14:39:18 - [TEST_STEP][PASSED] - Statement - fiftysevenYrsBeforeThisYr = fiftysevenYrsAgo.toString(): null

2018-12-13 14:39:18 - [TEST_STEP][PASSED] - Statement - FiftysevenYrsBefore = fiftysevenYrsBeforeThisYr: null

2018-12-13 14:39:18 - [TEST_STEP][PASSED] - Statement - leapYear = false: null

2018-12-13 14:39:18 - [TEST_STEP][PASSED] - Statement - leapYear = intCurrentYear % 4 == 0: null

2018-12-13 14:39:18 - [TEST_STEP][PASSED] - Statement - CurrentDateNoFilter.applyPattern("dd"): null

2018-12-13 14:39:18 - [TEST_STEP][PASSED] - Statement - CurrentDate = CurrentDateNoFilter.format(TodayDate): null

2018-12-13 14:39:18 - [TEST_STEP][PASSED] - Statement - CurrentDate = java.lang.Integer.parseInt(CurrentDate): null

2018-12-13 14:39:18 - [TEST_STEP][PASSED] - Statement - CurrentDate = CurrentDate: null

2018-12-13 14:39:18 - [TEST_STEP][PASSED] - Statement - CurrentDay = java.lang.Integer.parseInt(CurrentDate): null

2018-12-13 14:39:18 - [TEST_STEP][PASSED] - Statement - ConfAdder = <not implemented yet for class: org.codehaus.groovy.ast.expr.EmptyExpression>: null

2018-12-13 14:39:18 - [TEST_STEP][PASSED] - Statement - out.println(CurrentMonth): null

2018-12-13 14:39:18 - [TEST_STEP][PASSED] - Statement - out.println(CurrentDate): null

2018-12-13 14:39:18 - [TEST_STEP][PASSED] - Statement - switch (CurrentDate): null

2018-12-13 14:39:18 - [TEST_STEP][PASSED] - Statement - Default: null

2018-12-13 14:39:18 - [TEST_STEP][PASSED] - Statement - ConfAdder = true: null

2018-12-13 14:39:18 - [TEST_STEP][PASSED] - Statement - Break: null

2018-12-13 14:39:18 - [TEST_STEP][PASSED] - Statement - aDayBefore = <not implemented yet for class: org.codehaus.groovy.ast.expr.EmptyExpression>: null

2018-12-13 14:39:18 - [TEST_STEP][PASSED] - Statement - out.println(ConfAdder): null

2018-12-13 14:39:18 - [TEST_STEP][PASSED] - Statement - If (ConfAdder == true): null

2018-12-13 14:39:18 - [TEST_STEP][PASSED] - Statement - aDayBefore = CurrentDay + 1: null

2018-12-13 14:39:18 - [TEST_STEP][PASSED] - Statement - out.println(aDayBefore): null

2018-12-13 14:39:18 - [TEST_STEP][PASSED] - Statement - If (aDayBefore == 1 && CurrentMonth == 11): null

2018-12-13 14:39:18 - [TEST_STEP][PASSED] - Statement - DayBefore = aDayBefore.toString(): null

2018-12-13 14:39:18 - [TEST_STEP][PASSED] - Statement - OneDayBefore = DayBefore: null

2018-12-13 14:39:18 - [MESSAGE][PASSED] - Call Test Case 'Test Cases/Final Aug 2018 - PKS Automation/Registration Module/New Registration/Form 2/Date Updater' successfully

2018-12-13 14:39:18 - [TEST_STEP][PASSED] - Statement - CaseReferenceNo = com.kms.katalon.core.webui.keyword.WebUiBuiltInKeywords.getText(com.kms.katalon.core.testobject.ObjectRepository.findTestObject(Final Object Repo/New Registration - Registration Module Pages/Form 2/RefNo Acquiring)): Text of object 'Object Repository/Final Object Repo/New Registration - Registration Module Pages/Form 2/RefNo Acquiring' is: 'CRN12201800123282'

2018-12-13 14:39:18 - [MESSAGE][PASSED] - Text of object 'Object Repository/Final Object Repo/New Registration - Registration Module Pages/Form 2/RefNo Acquiring' is: 'CRN12201800123282'

2018-12-13 14:39:18 - [TEST_STEP][PASSED] - delay: Delayed 4 second(s)

2018-12-13 14:39:22 - [MESSAGE][PASSED] - Delayed 4 second(s)

2018-12-13 14:39:22 - [TEST_STEP][PASSED] - click: Object: 'Object Repository/Final Object Repo/New Registration - Registration Module Pages/Form 2/Add Employee Button' is clicked on

2018-12-13 14:39:23 - [MESSAGE][PASSED] - Object: 'Object Repository/Final Object Repo/New Registration - Registration Module Pages/Form 2/Add Employee Button' is clicked on

2018-12-13 14:39:23 - [TEST_STEP][PASSED] - delay: Delayed 1 second(s)

2018-12-13 14:39:24 - [MESSAGE][PASSED] - Delayed 1 second(s)

2018-12-13 14:39:24 - [TEST_STEP][PASSED] - setText: Text '010903091984' is set on object 'Object Repository/Final Object Repo/New Registration - Registration Module Pages/Form 2/NRIC Input'

2018-12-13 14:39:24 - [MESSAGE][PASSED] - Text '010903091984' is set on object 'Object Repository/Final Object Repo/New Registration - Registration Module Pages/Form 2/NRIC Input'

2018-12-13 14:39:24 - [TEST_STEP][PASSED] - click: Object: 'Object Repository/Final Object Repo/New Registration - Registration Module Pages/Form 2/button for search for IC' is clicked on

2018-12-13 14:39:24 - [MESSAGE][PASSED] - Object: 'Object Repository/Final Object Repo/New Registration - Registration Module Pages/Form 2/button for search for IC' is clicked on

2018-12-13 14:39:24 - [TEST_STEP][PASSED] - delay: Delayed 2 second(s)

2018-12-13 14:39:26 - [MESSAGE][PASSED] - Delayed 2 second(s)

2018-12-13 14:39:26 - [TEST_STEP][PASSED] - setText: Text 'Automate001 eligible 1' is set on object 'Object Repository/Final Object Repo/New Registration - Registration Module Pages/Form 2/Employee Name Input'

2018-12-13 14:39:27 - [MESSAGE][PASSED] - Text 'Automate001 eligible 1' is set on object 'Object Repository/Final Object Repo/New Registration - Registration Module Pages/Form 2/Employee Name Input'

2018-12-13 14:39:27 - [TEST_STEP][PASSED] - delay: Delayed 2 second(s)

2018-12-13 14:39:29 - [MESSAGE][PASSED] - Delayed 2 second(s)

2018-12-13 14:39:29 - [TEST_STEP][PASSED] - click: Object: 'Object Repository/Final Object Repo/New Registration - Registration Module Pages/Form 2/DatePicker Pop Up' is clicked on

2018-12-13 14:39:29 - [MESSAGE][PASSED] - Object: 'Object Repository/Final Object Repo/New Registration - Registration Module Pages/Form 2/DatePicker Pop Up' is clicked on

2018-12-13 14:39:29 - [TEST_STEP][PASSED] - click: Object: 'Object Repository/Final Object Repo/New Registration - Registration Module Pages/Form 2/DOB Month' is clicked on

2018-12-13 14:39:29 - [MESSAGE][PASSED] - Object: 'Object Repository/Final Object Repo/New Registration - Registration Module Pages/Form 2/DOB Month' is clicked on

2018-12-13 14:39:29 - [TEST_STEP][PASSED] - Statement - CurrentMonth = CurrentMonth: null

2018-12-13 14:39:29 - [TEST_STEP][PASSED] - Statement - selectMonth = new com.kms.katalon.core.testobject.TestObject(): null

2018-12-13 14:39:29 - [TEST_STEP][PASSED] - Statement - selectMonth.addProperty("xpath", EQUALS, "//body/div/div/div/select/option[@value='" + CurrentMonth + "']", true): null

2018-12-13 14:39:29 - [TEST_STEP][PASSED] - click: Object: '' is clicked on

2018-12-13 14:39:29 - [MESSAGE][PASSED] - Object: '' is clicked on

2018-12-13 14:39:29 - [TEST_STEP][PASSED] - click: Object: 'Object Repository/Final Object Repo/New Registration - Registration Module Pages/Form 2/DOB Year' is clicked on

2018-12-13 14:39:30 - [MESSAGE][PASSED] - Object: 'Object Repository/Final Object Repo/New Registration - Registration Module Pages/Form 2/DOB Year' is clicked on

2018-12-13 14:39:30 - [TEST_STEP][PASSED] - Statement - Eyearsbf = EighteenYrsBefore: null

2018-12-13 14:39:30 - [TEST_STEP][PASSED] - Statement - selectYear = new com.kms.katalon.core.testobject.TestObject(): null

2018-12-13 14:39:30 - [TEST_STEP][PASSED] - Statement - selectYear.addProperty("xpath", EQUALS, "//div/div/div/select/option[@value='" + Eyearsbf + "']", true): null

2018-12-13 14:39:30 - [TEST_STEP][PASSED] - click: Object: '' is clicked on

2018-12-13 14:39:30 - [MESSAGE][PASSED] - Object: '' is clicked on

2018-12-13 14:39:30 - [TEST_STEP][PASSED] - Statement - UpdatedSelectDate = com.kms.katalon.core.webui.keyword.WebUiBuiltInKeywords.modifyObjectProperty(com.kms.katalon.core.testobject.ObjectRepository.findTestObject(Final Object Repo/New Registration - Registration Module Pages/Form 2/DOB Date), "xpath", "equals", "//body/div/table/tbody/tr/td/a[text()="" + CurrentDate + ""]", true): Modify property of object successfully

2018-12-13 14:39:30 - [MESSAGE][PASSED] - Modify property of object successfully

2018-12-13 14:39:30 - [TEST_STEP][PASSED] - delay: Delayed 3 second(s)

2018-12-13 14:39:33 - [MESSAGE][PASSED] - Delayed 3 second(s)

2018-12-13 14:39:33 - [TEST_STEP][PASSED] - click: Object: 'Object Repository/Final Object Repo/New Registration - Registration Module Pages/Form 2/DOB Date' is clicked on

2018-12-13 14:39:33 - [MESSAGE][PASSED] - Object: 'Object Repository/Final Object Repo/New Registration - Registration Module Pages/Form 2/DOB Date' is clicked on

2018-12-13 14:39:33 - [TEST_STEP][PASSED] - delay: Delayed 2 second(s)

2018-12-13 14:39:35 - [MESSAGE][PASSED] - Delayed 2 second(s)

2018-12-13 14:39:35 - [TEST_STEP][PASSED] - click: Object: 'Object Repository/Final Object Repo/New Registration - Registration Module Pages/Form 2/EmploymentStartDate Pop Up' is clicked on

2018-12-13 14:39:35 - [MESSAGE][PASSED] - Object: 'Object Repository/Final Object Repo/New Registration - Registration Module Pages/Form 2/EmploymentStartDate Pop Up' is clicked on

2018-12-13 14:39:35 - [TEST_STEP][PASSED] - delay: Delayed 2 second(s)

2018-12-13 14:39:37 - [MESSAGE][PASSED] - Delayed 2 second(s)

2018-12-13 14:39:37 - [TEST_STEP][PASSED] - click: Object: 'Object Repository/Final Object Repo/New Registration - Registration Module Pages/Form 2/Socso Employment StartDate Month' is clicked on

2018-12-13 14:39:37 - [MESSAGE][PASSED] - Object: 'Object Repository/Final Object Repo/New Registration - Registration Module Pages/Form 2/Socso Employment StartDate Month' is clicked on

2018-12-13 14:39:37 - [TEST_STEP][PASSED] - delay: Delayed 1 second(s)

2018-12-13 14:39:38 - [MESSAGE][PASSED] - Delayed 1 second(s)

2018-12-13 14:39:38 - [TEST_STEP][PASSED] - click: Object: 'Object Repository/Final Object Repo/New Registration - Registration Module Pages/Form 2/Select Socso Employement Startdate Month' is clicked on

2018-12-13 14:39:38 - [MESSAGE][PASSED] - Object: 'Object Repository/Final Object Repo/New Registration - Registration Module Pages/Form 2/Select Socso Employement Startdate Month' is clicked on

2018-12-13 14:39:38 - [TEST_STEP][PASSED] - delay: Delayed 2 second(s)

2018-12-13 14:39:40 - [MESSAGE][PASSED] - Delayed 2 second(s)

2018-12-13 14:39:40 - [TEST_STEP][PASSED] - click: Object: 'Object Repository/Final Object Repo/New Registration - Registration Module Pages/Form 2/Socso Employment StartDate Year' is clicked on

2018-12-13 14:39:41 - [MESSAGE][PASSED] - Object: 'Object Repository/Final Object Repo/New Registration - Registration Module Pages/Form 2/Socso Employment StartDate Year' is clicked on

2018-12-13 14:39:41 - [TEST_STEP][PASSED] - delay: Delayed 1 second(s)

2018-12-13 14:39:42 - [MESSAGE][PASSED] - Delayed 1 second(s)

2018-12-13 14:39:42 - [TEST_STEP][PASSED] - click: Object: 'Object Repository/Final Object Repo/New Registration - Registration Module Pages/Form 2/Select Socso Employment Startdate Year' is clicked on

2018-12-13 14:39:42 - [MESSAGE][PASSED] - Object: 'Object Repository/Final Object Repo/New Registration - Registration Module Pages/Form 2/Select Socso Employment Startdate Year' is clicked on

2018-12-13 14:39:42 - [TEST_STEP][PASSED] - delay: Delayed 2 second(s)

2018-12-13 14:39:44 - [MESSAGE][PASSED] - Delayed 2 second(s)

2018-12-13 14:39:44 - [TEST_STEP][PASSED] - click: Object: 'Object Repository/Final Object Repo/New Registration - Registration Module Pages/Form 2/Socso Employment Start Date Day' is clicked on

2018-12-13 14:39:44 - [MESSAGE][PASSED] - Object: 'Object Repository/Final Object Repo/New Registration - Registration Module Pages/Form 2/Socso Employment Start Date Day' is clicked on

2018-12-13 14:39:44 - [TEST_STEP][PASSED] - delay: Delayed 2 second(s)

2018-12-13 14:39:46 - [MESSAGE][PASSED] - Delayed 2 second(s)

2018-12-13 14:39:46 - [TEST_STEP][PASSED] - click: Object: 'Object Repository/Final Object Repo/New Registration - Registration Module Pages/Form 2/Save Button for Add Employee' is clicked on

2018-12-13 14:39:46 - [MESSAGE][PASSED] - Object: 'Object Repository/Final Object Repo/New Registration - Registration Module Pages/Form 2/Save Button for Add Employee' is clicked on

2018-12-13 14:39:46 - [TEST_STEP][PASSED] - delay: Delayed 6 second(s)

2018-12-13 14:39:52 - [MESSAGE][PASSED] - Delayed 6 second(s)

2018-12-13 14:39:52 - [TEST_STEP][PASSED] - click: Object: 'Object Repository/Final Object Repo/New Registration - Registration Module Pages/Form 2/Incomplete Checkbox' is clicked on

2018-12-13 14:39:52 - [MESSAGE][PASSED] - Object: 'Object Repository/Final Object Repo/New Registration - Registration Module Pages/Form 2/Incomplete Checkbox' is clicked on

2018-12-13 14:39:52 - [TEST_STEP][PASSED] - delay: Delayed 2 second(s)

2018-12-13 14:39:54 - [MESSAGE][PASSED] - Delayed 2 second(s)

2018-12-13 14:39:54 - [TEST_STEP][PASSED] - click: Object: 'Object Repository/Final Object Repo/New Registration - Registration Module Pages/Form 2/Save and Continue Form 2' is clicked on

2018-12-13 14:39:55 - [MESSAGE][PASSED] - Object: 'Object Repository/Final Object Repo/New Registration - Registration Module Pages/Form 2/Save and Continue Form 2' is clicked on

2018-12-13 14:39:55 - [MESSAGE][PASSED] - Call Test Case 'Test Cases/Final Aug 2018 - PKS Automation/Registration Module/New Registration/Form 2/Add 1 Eligible - Incomplete' successfully

2018-12-13 14:39:55 - [TEST_STEP][PASSED] - callTestCase: Call Test Case 'Test Cases/Final Aug 2018 - PKS Automation/Registration Module/New Registration/Flow of New Registration/Third Screen - Upload Supporting Doc - Preview' successfully

2018-12-13 14:39:55 - [TEST_CASE][PASSED] - Test Cases/Final Aug 2018 - PKS Automation/Registration Module/New Registration/Flow of New Registration/Third Screen - Upload Supporting Doc - Preview: Test Cases/Final Aug 2018 - PKS Automation/Registration Module/New Registration/Flow of New Registration/Third Screen - Upload Supporting Doc - Preview

2018-12-13 14:39:55 - [TEST_STEP][PASSED] - waitForPageLoad: Wait for page load successfully

2018-12-13 14:39:55 - [MESSAGE][PASSED] - Wait for page load successfully

2018-12-13 14:39:55 - [TEST_STEP][PASSED] - Statement - CaseReferenceNo = com.kms.katalon.core.webui.keyword.WebUiBuiltInKeywords.getText(com.kms.katalon.core.testobject.ObjectRepository.findTestObject(Final Object Repo/New Registration - Registration Module Pages/Third Screen - Upload Supporting Doc- Preview/RefNo Acquiring)): Text of object 'Object Repository/Final Object Repo/New Registration - Registration Module Pages/Third Screen - Upload Supporting Doc- Preview/RefNo Acquiring' is: 'CRN12201800123282'

2018-12-13 14:39:55 - [MESSAGE][PASSED] - Text of object 'Object Repository/Final Object Repo/New Registration - Registration Module Pages/Third Screen - Upload Supporting Doc- Preview/RefNo Acquiring' is: 'CRN12201800123282'

2018-12-13 14:39:55 - [TEST_STEP][PASSED] - delay: Delayed 2 second(s)

2018-12-13 14:39:57 - [MESSAGE][PASSED] - Delayed 2 second(s)

2018-12-13 14:39:57 - [TEST_STEP][PASSED] - callTestCase: Call Test Case 'Test Cases/Final Aug 2018 - PKS Automation/Common/Reference Number Setter' successfully

2018-12-13 14:39:58 - [TEST_CASE][PASSED] - Test Cases/Final Aug 2018 - PKS Automation/Common/Reference Number Setter: Test Cases/Final Aug 2018 - PKS Automation/Common/Reference Number Setter

2018-12-13 14:39:58 - [TEST_STEP][PASSED] - Statement - RefNoOldFile = new java.io.File(C://Users//Admin//Desktop//PKS//Automation Reference Point//KatalonReference.txt): null

2018-12-13 14:39:58 - [TEST_STEP][PASSED] - Statement - RefNoOldFile.delete(): null

2018-12-13 14:39:58 - [TEST_STEP][PASSED] - delay: Delayed 5 second(s)

2018-12-13 14:40:03 - [MESSAGE][PASSED] - Delayed 5 second(s)

2018-12-13 14:40:03 - [TEST_STEP][PASSED] - Statement - RefNo = new java.io.File(C://Users//Admin//Desktop//PKS//Automation Reference Point//KatalonReference.txt): null

2018-12-13 14:40:03 - [TEST_STEP][PASSED] - Statement - f2 = new java.io.FileWriter(RefNo, false): null

2018-12-13 14:40:03 - [TEST_STEP][PASSED] - Statement - f2.write(CaseReferenceNo): null

2018-12-13 14:40:03 - [TEST_STEP][PASSED] - Statement - f2.close(): null

2018-12-13 14:40:03 - [TEST_STEP][PASSED] - Statement - out.println("


" + CaseReferenceNo + "


"): null

2018-12-13 14:40:03 - [MESSAGE][PASSED] - Call Test Case 'Test Cases/Final Aug 2018 - PKS Automation/Common/Reference Number Setter' successfully

2018-12-13 14:40:03 - [TEST_STEP][PASSED] - waitForElementClickable: Object 'Object Repository/Final Object Repo/New Registration - Registration Module Pages/Third Screen - Upload Supporting Doc- Preview/Save n Continue in SIP Employee Listing Page' is clickable

2018-12-13 14:40:03 - [MESSAGE][PASSED] - Object 'Object Repository/Final Object Repo/New Registration - Registration Module Pages/Third Screen - Upload Supporting Doc- Preview/Save n Continue in SIP Employee Listing Page' is clickable

2018-12-13 14:40:03 - [TEST_STEP][PASSED] - click: Object: 'Object Repository/Final Object Repo/New Registration - Registration Module Pages/Third Screen - Upload Supporting Doc- Preview/Save n Continue in SIP Employee Listing Page' is clicked on

2018-12-13 14:40:08 - [MESSAGE][PASSED] - Object: 'Object Repository/Final Object Repo/New Registration - Registration Module Pages/Third Screen - Upload Supporting Doc- Preview/Save n Continue in SIP Employee Listing Page' is clicked on

2018-12-13 14:40:08 - [TEST_STEP][PASSED] - delay: Delayed 7 second(s)

2018-12-13 14:40:15 - [MESSAGE][PASSED] - Delayed 7 second(s)

2018-12-13 14:40:15 - [TEST_STEP][PASSED] - click: Object: 'Object Repository/Final Object Repo/New Registration - Registration Module Pages/Third Screen - Upload Supporting Doc- Preview/Add Document Button' is clicked on

2018-12-13 14:40:15 - [MESSAGE][PASSED] - Object: 'Object Repository/Final Object Repo/New Registration - Registration Module Pages/Third Screen - Upload Supporting Doc- Preview/Add Document Button' is clicked on

2018-12-13 14:40:15 - [TEST_STEP][PASSED] - delay: Delayed 30 second(s)

2018-12-13 14:40:45 - [MESSAGE][PASSED] - Delayed 30 second(s)

2018-12-13 14:40:45 - [TEST_STEP][PASSED] - click: Object: 'Object Repository/Final Object Repo/New Registration - Registration Module Pages/Third Screen - Upload Supporting Doc- Preview/Supporting Doc Please Select Drop Down' is clicked on

2018-12-13 14:40:45 - [MESSAGE][PASSED] - Object: 'Object Repository/Final Object Repo/New Registration - Registration Module Pages/Third Screen - Upload Supporting Doc- Preview/Supporting Doc Please Select Drop Down' is clicked on

2018-12-13 14:40:45 - [TEST_STEP][PASSED] - delay: Delayed 2 second(s)

2018-12-13 14:40:47 - [MESSAGE][PASSED] - Delayed 2 second(s)

2018-12-13 14:40:47 - [TEST_STEP][PASSED] - click: Object: 'Object Repository/Final Object Repo/New Registration - Registration Module Pages/Third Screen - Upload Supporting Doc- Preview/Select to Upload Form 1' is clicked on

2018-12-13 14:40:47 - [MESSAGE][PASSED] - Object: 'Object Repository/Final Object Repo/New Registration - Registration Module Pages/Third Screen - Upload Supporting Doc- Preview/Select to Upload Form 1' is clicked on

2018-12-13 14:40:47 - [TEST_STEP][PASSED] - delay: Delayed 2 second(s)

2018-12-13 14:40:49 - [MESSAGE][PASSED] - Delayed 2 second(s)

2018-12-13 14:40:49 - [TEST_STEP][PASSED] - uploadFile: File 'C:\Users\Public\Pictures\Sample Pictures\Koala.jpg' sent to object: 'Object Repository/Final Object Repo/New Registration - Registration Module Pages/Third Screen - Upload Supporting Doc- Preview/Upload File Adding'

2018-12-13 14:40:50 - [MESSAGE][PASSED] - File 'C:\Users\Public\Pictures\Sample Pictures\Koala.jpg' sent to object: 'Object Repository/Final Object Repo/New Registration - Registration Module Pages/Third Screen - Upload Supporting Doc- Preview/Upload File Adding'

2018-12-13 14:40:50 - [TEST_STEP][PASSED] - delay: Delayed 5 second(s)

2018-12-13 14:40:55 - [MESSAGE][PASSED] - Delayed 5 second(s)

2018-12-13 14:40:55 - [TEST_STEP][PASSED] - click: Object: 'Object Repository/Final Object Repo/New Registration - Registration Module Pages/Third Screen - Upload Supporting Doc- Preview/Inner Form Add Document Button' is clicked on

2018-12-13 14:40:55 - [MESSAGE][PASSED] - Object: 'Object Repository/Final Object Repo/New Registration - Registration Module Pages/Third Screen - Upload Supporting Doc- Preview/Inner Form Add Document Button' is clicked on

2018-12-13 14:40:55 - [TEST_STEP][PASSED] - delay: Delayed 3 second(s)

2018-12-13 14:40:58 - [MESSAGE][PASSED] - Delayed 3 second(s)

2018-12-13 14:40:58 - [TEST_STEP][PASSED] - click: Object: 'Object Repository/Final Object Repo/New Registration - Registration Module Pages/Third Screen - Upload Supporting Doc- Preview/Add Document Button' is clicked on

2018-12-13 14:40:59 - [MESSAGE][PASSED] - Object: 'Object Repository/Final Object Repo/New Registration - Registration Module Pages/Third Screen - Upload Supporting Doc- Preview/Add Document Button' is clicked on

2018-12-13 14:40:59 - [TEST_STEP][PASSED] - delay: Delayed 30 second(s)

2018-12-13 14:41:29 - [MESSAGE][PASSED] - Delayed 30 second(s)

2018-12-13 14:41:29 - [TEST_STEP][PASSED] - click: Object: 'Object Repository/Final Object Repo/New Registration - Registration Module Pages/Third Screen - Upload Supporting Doc- Preview/Supporting Doc Please Select Drop Down' is clicked on

2018-12-13 14:41:29 - [MESSAGE][PASSED] - Object: 'Object Repository/Final Object Repo/New Registration - Registration Module Pages/Third Screen - Upload Supporting Doc- Preview/Supporting Doc Please Select Drop Down' is clicked on

2018-12-13 14:41:29 - [TEST_STEP][PASSED] - delay: Delayed 4 second(s)

2018-12-13 14:41:33 - [MESSAGE][PASSED] - Delayed 4 second(s)

2018-12-13 14:41:33 - [TEST_STEP][PASSED] - click: Object: 'Object Repository/Final Object Repo/New Registration - Registration Module Pages/Third Screen - Upload Supporting Doc- Preview/Select to Upload Form 2' is clicked on

2018-12-13 14:41:34 - [MESSAGE][PASSED] - Object: 'Object Repository/Final Object Repo/New Registration - Registration Module Pages/Third Screen - Upload Supporting Doc- Preview/Select to Upload Form 2' is clicked on

2018-12-13 14:41:34 - [TEST_STEP][PASSED] - delay: Delayed 2 second(s)

2018-12-13 14:41:36 - [MESSAGE][PASSED] - Delayed 2 second(s)

2018-12-13 14:41:36 - [TEST_STEP][PASSED] - uploadFile: File 'C:\Users\Public\Pictures\Sample Pictures\Koala.jpg' sent to object: 'Object Repository/Final Object Repo/New Registration - Registration Module Pages/Third Screen - Upload Supporting Doc- Preview/Upload File Adding'

2018-12-13 14:41:36 - [MESSAGE][PASSED] - File 'C:\Users\Public\Pictures\Sample Pictures\Koala.jpg' sent to object: 'Object Repository/Final Object Repo/New Registration - Registration Module Pages/Third Screen - Upload Supporting Doc- Preview/Upload File Adding'

2018-12-13 14:41:36 - [TEST_STEP][PASSED] - click: Object: 'Object Repository/Final Object Repo/New Registration - Registration Module Pages/Third Screen - Upload Supporting Doc- Preview/Inner Form Add Document Button' is clicked on

2018-12-13 14:41:36 - [MESSAGE][PASSED] - Object: 'Object Repository/Final Object Repo/New Registration - Registration Module Pages/Third Screen - Upload Supporting Doc- Preview/Inner Form Add Document Button' is clicked on

2018-12-13 14:41:36 - [TEST_STEP][PASSED] - delay: Delayed 5 second(s)

2018-12-13 14:41:41 - [MESSAGE][PASSED] - Delayed 5 second(s)

2018-12-13 14:41:41 - [TEST_STEP][PASSED] - click: Object: 'Object Repository/Final Object Repo/New Registration - Registration Module Pages/Third Screen - Upload Supporting Doc- Preview/Add Document Button' is clicked on

2018-12-13 14:41:41 - [MESSAGE][PASSED] - Object: 'Object Repository/Final Object Repo/New Registration - Registration Module Pages/Third Screen - Upload Supporting Doc- Preview/Add Document Button' is clicked on

2018-12-13 14:41:41 - [TEST_STEP][PASSED] - delay: Delayed 30 second(s)

2018-12-13 14:42:11 - [MESSAGE][PASSED] - Delayed 30 second(s)

2018-12-13 14:42:11 - [TEST_STEP][PASSED] - click: Object: 'Object Repository/Final Object Repo/New Registration - Registration Module Pages/Third Screen - Upload Supporting Doc- Preview/Supporting Doc Please Select Drop Down' is clicked on

2018-12-13 14:42:11 - [MESSAGE][PASSED] - Object: 'Object Repository/Final Object Repo/New Registration - Registration Module Pages/Third Screen - Upload Supporting Doc- Preview/Supporting Doc Please Select Drop Down' is clicked on

2018-12-13 14:42:11 - [TEST_STEP][PASSED] - click: Object: 'Object Repository/Final Object Repo/New Registration - Registration Module Pages/Third Screen - Upload Supporting Doc- Preview/Select to Upload Borang SIP 1' is clicked on

2018-12-13 14:42:11 - [MESSAGE][PASSED] - Object: 'Object Repository/Final Object Repo/New Registration - Registration Module Pages/Third Screen - Upload Supporting Doc- Preview/Select to Upload Borang SIP 1' is clicked on

2018-12-13 14:42:11 - [TEST_STEP][PASSED] - delay: Delayed 2 second(s)

2018-12-13 14:42:13 - [MESSAGE][PASSED] - Delayed 2 second(s)

2018-12-13 14:42:13 - [TEST_STEP][PASSED] - uploadFile: File 'C:\Users\Public\Pictures\Sample Pictures\Koala.jpg' sent to object: 'Object Repository/Final Object Repo/New Registration - Registration Module Pages/Third Screen - Upload Supporting Doc- Preview/Upload File Adding'

2018-12-13 14:42:14 - [MESSAGE][PASSED] - File 'C:\Users\Public\Pictures\Sample Pictures\Koala.jpg' sent to object: 'Object Repository/Final Object Repo/New Registration - Registration Module Pages/Third Screen - Upload Supporting Doc- Preview/Upload File Adding'

2018-12-13 14:42:14 - [TEST_STEP][PASSED] - click: Object: 'Object Repository/Final Object Repo/New Registration - Registration Module Pages/Third Screen - Upload Supporting Doc- Preview/Inner Form Add Document Button' is clicked on

2018-12-13 14:42:14 - [MESSAGE][PASSED] - Object: 'Object Repository/Final Object Repo/New Registration - Registration Module Pages/Third Screen - Upload Supporting Doc- Preview/Inner Form Add Document Button' is clicked on

2018-12-13 14:42:14 - [TEST_STEP][PASSED] - delay: Delayed 5 second(s)

2018-12-13 14:42:19 - [MESSAGE][PASSED] - Delayed 5 second(s)

2018-12-13 14:42:19 - [TEST_STEP][PASSED] - click: Object: 'Object Repository/Final Object Repo/New Registration - Registration Module Pages/Third Screen - Upload Supporting Doc- Preview/Add Document Button' is clicked on

2018-12-13 14:42:19 - [MESSAGE][PASSED] - Object: 'Object Repository/Final Object Repo/New Registration - Registration Module Pages/Third Screen - Upload Supporting Doc- Preview/Add Document Button' is clicked on

2018-12-13 14:42:19 - [TEST_STEP][PASSED] - delay: Delayed 30 second(s)

2018-12-13 14:42:49 - [MESSAGE][PASSED] - Delayed 30 second(s)

2018-12-13 14:42:49 - [TEST_STEP][PASSED] - click: Object: 'Object Repository/Final Object Repo/New Registration - Registration Module Pages/Third Screen - Upload Supporting Doc- Preview/Supporting Doc Please Select Drop Down' is clicked on

2018-12-13 14:42:49 - [MESSAGE][PASSED] - Object: 'Object Repository/Final Object Repo/New Registration - Registration Module Pages/Third Screen - Upload Supporting Doc- Preview/Supporting Doc Please Select Drop Down' is clicked on

2018-12-13 14:42:49 - [TEST_STEP][PASSED] - delay: Delayed 3 second(s)

2018-12-13 14:42:52 - [MESSAGE][PASSED] - Delayed 3 second(s)

2018-12-13 14:42:52 - [TEST_STEP][PASSED] - click: Object: 'Object Repository/Final Object Repo/New Registration - Registration Module Pages/Third Screen - Upload Supporting Doc- Preview/Select to Upload Borang SIP 2' is clicked on

2018-12-13 14:42:52 - [MESSAGE][PASSED] - Object: 'Object Repository/Final Object Repo/New Registration - Registration Module Pages/Third Screen - Upload Supporting Doc- Preview/Select to Upload Borang SIP 2' is clicked on

2018-12-13 14:42:52 - [TEST_STEP][PASSED] - delay: Delayed 2 second(s)

2018-12-13 14:42:54 - [MESSAGE][PASSED] - Delayed 2 second(s)

2018-12-13 14:42:54 - [TEST_STEP][PASSED] - uploadFile: File 'C:\Users\Public\Pictures\Sample Pictures\Koala.jpg' sent to object: 'Object Repository/Final Object Repo/New Registration - Registration Module Pages/Third Screen - Upload Supporting Doc- Preview/Upload File Adding'

2018-12-13 14:42:54 - [MESSAGE][PASSED] - File 'C:\Users\Public\Pictures\Sample Pictures\Koala.jpg' sent to object: 'Object Repository/Final Object Repo/New Registration - Registration Module Pages/Third Screen - Upload Supporting Doc- Preview/Upload File Adding'

2018-12-13 14:42:54 - [TEST_STEP][PASSED] - delay: Delayed 5 second(s)

2018-12-13 14:42:59 - [MESSAGE][PASSED] - Delayed 5 second(s)

2018-12-13 14:42:59 - [TEST_STEP][PASSED] - click: Object: 'Object Repository/Final Object Repo/New Registration - Registration Module Pages/Third Screen - Upload Supporting Doc- Preview/Inner Form Add Document Button' is clicked on

2018-12-13 14:43:00 - [MESSAGE][PASSED] - Object: 'Object Repository/Final Object Repo/New Registration - Registration Module Pages/Third Screen - Upload Supporting Doc- Preview/Inner Form Add Document Button' is clicked on

2018-12-13 14:43:00 - [TEST_STEP][PASSED] - delay: Delayed 3 second(s)

2018-12-13 14:43:03 - [MESSAGE][PASSED] - Delayed 3 second(s)

2018-12-13 14:43:03 - [TEST_STEP][PASSED] - waitForElementClickable: Object 'Object Repository/Final Object Repo/New Registration - Registration Module Pages/Third Screen - Upload Supporting Doc- Preview/Save n Continue in Uploading Supporting Doc Page' is clickable

2018-12-13 14:43:04 - [MESSAGE][PASSED] - Object 'Object Repository/Final Object Repo/New Registration - Registration Module Pages/Third Screen - Upload Supporting Doc- Preview/Save n Continue in Uploading Supporting Doc Page' is clickable

2018-12-13 14:43:04 - [TEST_STEP][PASSED] - click: Object: 'Object Repository/Final Object Repo/New Registration - Registration Module Pages/Third Screen - Upload Supporting Doc- Preview/Save n Continue in Uploading Supporting Doc Page' is clicked on

2018-12-13 14:43:04 - [MESSAGE][PASSED] - Object: 'Object Repository/Final Object Repo/New Registration - Registration Module Pages/Third Screen - Upload Supporting Doc- Preview/Save n Continue in Uploading Supporting Doc Page' is clicked on

2018-12-13 14:43:04 - [MESSAGE][PASSED] - Call Test Case 'Test Cases/Final Aug 2018 - PKS Automation/Registration Module/New Registration/Flow of New Registration/Third Screen - Upload Supporting Doc - Preview' successfully

2018-12-13 14:43:04 - [TEST_STEP][PASSED] - callTestCase: Call Test Case 'Test Cases/Final Aug 2018 - PKS Automation/Registration Module/New Registration/Submit and Screenshot/Submit Registration and Screenshot' successfully

2018-12-13 14:43:04 - [TEST_CASE][PASSED] - Test Cases/Final Aug 2018 - PKS Automation/Registration Module/New Registration/Submit and Screenshot/Submit Registration and Screenshot: Test Cases/Final Aug 2018 - PKS Automation/Registration Module/New Registration/Submit and Screenshot/Submit Registration and Screenshot

2018-12-13 14:43:04 - [TEST_STEP][PASSED] - delay: Delayed 6 second(s)

2018-12-13 14:43:10 - [MESSAGE][PASSED] - Delayed 6 second(s)

2018-12-13 14:43:10 - [TEST_STEP][PASSED] - click: Object: 'Object Repository/Final Object Repo/New Registration - Registration Module Pages/Third Screen - Upload Supporting Doc- Preview/Preview Submit Button' is clicked on

2018-12-13 14:43:10 - [MESSAGE][PASSED] - Object: 'Object Repository/Final Object Repo/New Registration - Registration Module Pages/Third Screen - Upload Supporting Doc- Preview/Preview Submit Button' is clicked on

2018-12-13 14:43:10 - [TEST_STEP][PASSED] - delay: Delayed 2 second(s)

2018-12-13 14:43:12 - [MESSAGE][PASSED] - Delayed 2 second(s)

2018-12-13 14:43:12 - [TEST_STEP][PASSED] - click: Object: 'Object Repository/Final Object Repo/New Registration - Registration Module Pages/Third Screen - Upload Supporting Doc- Preview/Preview Submit - Confirm' is clicked on

2018-12-13 14:43:12 - [MESSAGE][PASSED] - Object: 'Object Repository/Final Object Repo/New Registration - Registration Module Pages/Third Screen - Upload Supporting Doc- Preview/Preview Submit - Confirm' is clicked on

2018-12-13 14:43:12 - [TEST_STEP][PASSED] - delay: Delayed 15 second(s)

2018-12-13 14:43:27 - [MESSAGE][PASSED] - Delayed 15 second(s)

2018-12-13 14:43:27 - [TEST_STEP][PASSED] - Statement - driver = com.kms.katalon.core.webui.driver.DriverFactory.getWebDriver(): null

2018-12-13 14:43:27 - [TEST_STEP][PASSED] - Statement - driver.manage().timeouts().implicitlyWait(10, SECONDS): null

2018-12-13 14:43:27 - [TEST_STEP][PASSED] - Statement - PresavePath = KatalonScreenshots: null

2018-12-13 14:43:27 - [TEST_STEP][PASSED] - Statement - pathPrefix = "C:\Users\Public\Pictures\Sample Pictures\Katalon Screenshots\Automate Ending Screen": null

2018-12-13 14:43:27 - [TEST_STEP][PASSED] - Statement - finalPath = <not implemented yet for class: org.codehaus.groovy.ast.expr.EmptyExpression>: null

2018-12-13 14:43:27 - [TEST_STEP][PASSED] - Statement - scrFile = driver.getScreenshotAs(FILE): null

2018-12-13 14:43:28 - [TEST_STEP][PASSED] - Statement - PreSaveFile = new java.io.File(PresavePath): null

2018-12-13 14:43:28 - [TEST_STEP][PASSED] - Statement - counter = 0: null

2018-12-13 14:43:28 - [TEST_STEP][PASSED] - Statement - If (PreSaveFile.exists()): null

2018-12-13 14:43:28 - [TEST_STEP][PASSED] - Statement - While (PreSaveFile.exists()): null

2018-12-13 14:43:28 - [TEST_STEP][PASSED] - Statement - counter = counter + 1: null

2018-12-13 14:43:28 - [TEST_STEP][PASSED] - Statement - PreSaveFile = new java.io.File(((pathPrefix + java.lang.Integer.toString(counter)) + .png)): null

2018-12-13 14:43:28 - [TEST_STEP][PASSED] - Statement - counter = counter + 1: null

2018-12-13 14:43:28 - [TEST_STEP][PASSED] - Statement - PreSaveFile = new java.io.File(((pathPrefix + java.lang.Integer.toString(counter)) + .png)): null

2018-12-13 14:43:28 - [TEST_STEP][PASSED] - Statement - counter = counter + 1: null

2018-12-13 14:43:28 - [TEST_STEP][PASSED] - Statement - PreSaveFile = new java.io.File(((pathPrefix + java.lang.Integer.toString(counter)) + .png)): null

2018-12-13 14:43:28 - [TEST_STEP][PASSED] - Statement - counter = counter + 1: null

2018-12-13 14:43:28 - [TEST_STEP][PASSED] - Statement - PreSaveFile = new java.io.File(((pathPrefix + java.lang.Integer.toString(counter)) + .png)): null

2018-12-13 14:43:28 - [TEST_STEP][PASSED] - Statement - counter = counter + 1: null

2018-12-13 14:43:28 - [TEST_STEP][PASSED] - Statement - PreSaveFile = new java.io.File(((pathPrefix + java.lang.Integer.toString(counter)) + .png)): null

2018-12-13 14:43:28 - [TEST_STEP][PASSED] - Statement - counter = counter + 1: null

2018-12-13 14:43:28 - [TEST_STEP][PASSED] - Statement - PreSaveFile = new java.io.File(((pathPrefix + java.lang.Integer.toString(counter)) + .png)): null

2018-12-13 14:43:28 - [TEST_STEP][PASSED] - Statement - counter = counter + 1: null

2018-12-13 14:43:28 - [TEST_STEP][PASSED] - Statement - PreSaveFile = new java.io.File(((pathPrefix + java.lang.Integer.toString(counter)) + .png)): null

2018-12-13 14:43:28 - [TEST_STEP][PASSED] - Statement - counter = counter + 1: null

2018-12-13 14:43:28 - [TEST_STEP][PASSED] - Statement - PreSaveFile = new java.io.File(((pathPrefix + java.lang.Integer.toString(counter)) + .png)): null

2018-12-13 14:43:28 - [TEST_STEP][PASSED] - Statement - counter = counter + 1: null

2018-12-13 14:43:28 - [TEST_STEP][PASSED] - Statement - PreSaveFile = new java.io.File(((pathPrefix + java.lang.Integer.toString(counter)) + .png)): null

2018-12-13 14:43:28 - [TEST_STEP][PASSED] - Statement - counter = counter + 1: null

2018-12-13 14:43:28 - [TEST_STEP][PASSED] - Statement - PreSaveFile = new java.io.File(((pathPrefix + java.lang.Integer.toString(counter)) + .png)): null

2018-12-13 14:43:28 - [TEST_STEP][PASSED] - Statement - counter = counter + 1: null

2018-12-13 14:43:28 - [TEST_STEP][PASSED] - Statement - PreSaveFile = new java.io.File(((pathPrefix + java.lang.Integer.toString(counter)) + .png)): null

2018-12-13 14:43:28 - [TEST_STEP][PASSED] - Statement - counter = counter + 1: null

2018-12-13 14:43:28 - [TEST_STEP][PASSED] - Statement - PreSaveFile = new java.io.File(((pathPrefix + java.lang.Integer.toString(counter)) + .png)): null

2018-12-13 14:43:28 - [TEST_STEP][PASSED] - Statement - counter = counter + 1: null

2018-12-13 14:43:28 - [TEST_STEP][PASSED] - Statement - PreSaveFile = new java.io.File(((pathPrefix + java.lang.Integer.toString(counter)) + .png)): null

2018-12-13 14:43:28 - [TEST_STEP][PASSED] - Statement - counter = counter + 1: null

2018-12-13 14:43:28 - [TEST_STEP][PASSED] - Statement - PreSaveFile = new java.io.File(((pathPrefix + java.lang.Integer.toString(counter)) + .png)): null

2018-12-13 14:43:28 - [TEST_STEP][PASSED] - Statement - counter = counter + 1: null

2018-12-13 14:43:28 - [TEST_STEP][PASSED] - Statement - PreSaveFile = new java.io.File(((pathPrefix + java.lang.Integer.toString(counter)) + .png)): null

2018-12-13 14:43:28 - [TEST_STEP][PASSED] - Statement - counter = counter + 1: null

2018-12-13 14:43:28 - [TEST_STEP][PASSED] - Statement - PreSaveFile = new java.io.File(((pathPrefix + java.lang.Integer.toString(counter)) + .png)): null

2018-12-13 14:43:28 - [TEST_STEP][PASSED] - Statement - counter = counter + 1: null

2018-12-13 14:43:28 - [TEST_STEP][PASSED] - Statement - PreSaveFile = new java.io.File(((pathPrefix + java.lang.Integer.toString(counter)) + .png)): null

2018-12-13 14:43:28 - [TEST_STEP][PASSED] - Statement - counter = counter + 1: null

2018-12-13 14:43:28 - [TEST_STEP][PASSED] - Statement - PreSaveFile = new java.io.File(((pathPrefix + java.lang.Integer.toString(counter)) + .png)): null

2018-12-13 14:43:28 - [TEST_STEP][PASSED] - Statement - counter = counter + 1: null

2018-12-13 14:43:28 - [TEST_STEP][PASSED] - Statement - PreSaveFile = new java.io.File(((pathPrefix + java.lang.Integer.toString(counter)) + .png)): null

2018-12-13 14:43:28 - [TEST_STEP][PASSED] - Statement - counter = counter + 1: null

2018-12-13 14:43:28 - [TEST_STEP][PASSED] - Statement - PreSaveFile = new java.io.File(((pathPrefix + java.lang.Integer.toString(counter)) + .png)): null

2018-12-13 14:43:28 - [TEST_STEP][PASSED] - Statement - counter = counter + 1: null

2018-12-13 14:43:28 - [TEST_STEP][PASSED] - Statement - PreSaveFile = new java.io.File(((pathPrefix + java.lang.Integer.toString(counter)) + .png)): null

2018-12-13 14:43:28 - [TEST_STEP][PASSED] - Statement - counter = counter + 1: null

2018-12-13 14:43:28 - [TEST_STEP][PASSED] - Statement - PreSaveFile = new java.io.File(((pathPrefix + java.lang.Integer.toString(counter)) + .png)): null

2018-12-13 14:43:28 - [TEST_STEP][PASSED] - Statement - counter = counter + 1: null

2018-12-13 14:43:28 - [TEST_STEP][PASSED] - Statement - PreSaveFile = new java.io.File(((pathPrefix + java.lang.Integer.toString(counter)) + .png)): null

2018-12-13 14:43:28 - [TEST_STEP][PASSED] - Statement - counter = counter + 1: null

2018-12-13 14:43:28 - [TEST_STEP][PASSED] - Statement - PreSaveFile = new java.io.File(((pathPrefix + java.lang.Integer.toString(counter)) + .png)): null

2018-12-13 14:43:28 - [TEST_STEP][PASSED] - Statement - counter = counter + 1: null

2018-12-13 14:43:28 - [TEST_STEP][PASSED] - Statement - PreSaveFile = new java.io.File(((pathPrefix + java.lang.Integer.toString(counter)) + .png)): null

2018-12-13 14:43:28 - [TEST_STEP][PASSED] - Statement - counter = counter + 1: null

2018-12-13 14:43:28 - [TEST_STEP][PASSED] - Statement - PreSaveFile = new java.io.File(((pathPrefix + java.lang.Integer.toString(counter)) + .png)): null

2018-12-13 14:43:28 - [TEST_STEP][PASSED] - Statement - counter = counter + 1: null

2018-12-13 14:43:28 - [TEST_STEP][PASSED] - Statement - PreSaveFile = new java.io.File(((pathPrefix + java.lang.Integer.toString(counter)) + .png)): null

2018-12-13 14:43:28 - [TEST_STEP][PASSED] - Statement - counter = counter + 1: null

2018-12-13 14:43:28 - [TEST_STEP][PASSED] - Statement - PreSaveFile = new java.io.File(((pathPrefix + java.lang.Integer.toString(counter)) + .png)): null

2018-12-13 14:43:28 - [TEST_STEP][PASSED] - Statement - counter = counter + 1: null

2018-12-13 14:43:28 - [TEST_STEP][PASSED] - Statement - PreSaveFile = new java.io.File(((pathPrefix + java.lang.Integer.toString(counter)) + .png)): null

2018-12-13 14:43:28 - [TEST_STEP][PASSED] - Statement - counter = counter + 1: null

2018-12-13 14:43:28 - [TEST_STEP][PASSED] - Statement - PreSaveFile = new java.io.File(((pathPrefix + java.lang.Integer.toString(counter)) + .png)): null

2018-12-13 14:43:28 - [TEST_STEP][PASSED] - Statement - counter = counter + 1: null

2018-12-13 14:43:28 - [TEST_STEP][PASSED] - Statement - PreSaveFile = new java.io.File(((pathPrefix + java.lang.Integer.toString(counter)) + .png)): null

2018-12-13 14:43:28 - [TEST_STEP][PASSED] - Statement - counter = counter + 1: null

2018-12-13 14:43:28 - [TEST_STEP][PASSED] - Statement - PreSaveFile = new java.io.File(((pathPrefix + java.lang.Integer.toString(counter)) + .png)): null

2018-12-13 14:43:28 - [TEST_STEP][PASSED] - Statement - counter = counter + 1: null

2018-12-13 14:43:28 - [TEST_STEP][PASSED] - Statement - PreSaveFile = new java.io.File(((pathPrefix + java.lang.Integer.toString(counter)) + .png)): null

2018-12-13 14:43:28 - [TEST_STEP][PASSED] - Statement - counter = counter + 1: null

2018-12-13 14:43:28 - [TEST_STEP][PASSED] - Statement - PreSaveFile = new java.io.File(((pathPrefix + java.lang.Integer.toString(counter)) + .png)): null

2018-12-13 14:43:28 - [TEST_STEP][PASSED] - Statement - counter = counter + 1: null

2018-12-13 14:43:28 - [TEST_STEP][PASSED] - Statement - PreSaveFile = new java.io.File(((pathPrefix + java.lang.Integer.toString(counter)) + .png)): null

2018-12-13 14:43:28 - [TEST_STEP][PASSED] - Statement - counter = counter + 1: null

2018-12-13 14:43:28 - [TEST_STEP][PASSED] - Statement - PreSaveFile = new java.io.File(((pathPrefix + java.lang.Integer.toString(counter)) + .png)): null

2018-12-13 14:43:28 - [TEST_STEP][PASSED] - Statement - counter = counter + 1: null

2018-12-13 14:43:28 - [TEST_STEP][PASSED] - Statement - PreSaveFile = new java.io.File(((pathPrefix + java.lang.Integer.toString(counter)) + .png)): null

2018-12-13 14:43:28 - [TEST_STEP][PASSED] - Statement - counter = counter + 1: null

2018-12-13 14:43:28 - [TEST_STEP][PASSED] - Statement - PreSaveFile = new java.io.File(((pathPrefix + java.lang.Integer.toString(counter)) + .png)): null

2018-12-13 14:43:28 - [TEST_STEP][PASSED] - Statement - counter = counter + 1: null

2018-12-13 14:43:28 - [TEST_STEP][PASSED] - Statement - PreSaveFile = new java.io.File(((pathPrefix + java.lang.Integer.toString(counter)) + .png)): null

2018-12-13 14:43:28 - [TEST_STEP][PASSED] - Statement - counter = counter + 1: null

2018-12-13 14:43:28 - [TEST_STEP][PASSED] - Statement - PreSaveFile = new java.io.File(((pathPrefix + java.lang.Integer.toString(counter)) + .png)): null

2018-12-13 14:43:28 - [TEST_STEP][PASSED] - Statement - counter = counter + 1: null

2018-12-13 14:43:28 - [TEST_STEP][PASSED] - Statement - PreSaveFile = new java.io.File(((pathPrefix + java.lang.Integer.toString(counter)) + .png)): null

2018-12-13 14:43:28 - [TEST_STEP][PASSED] - Statement - counter = counter + 1: null

2018-12-13 14:43:28 - [TEST_STEP][PASSED] - Statement - PreSaveFile = new java.io.File(((pathPrefix + java.lang.Integer.toString(counter)) + .png)): null

2018-12-13 14:43:28 - [TEST_STEP][PASSED] - Statement - counter = counter + 1: null

2018-12-13 14:43:28 - [TEST_STEP][PASSED] - Statement - PreSaveFile = new java.io.File(((pathPrefix + java.lang.Integer.toString(counter)) + .png)): null

2018-12-13 14:43:28 - [TEST_STEP][PASSED] - Statement - counter = counter + 1: null

2018-12-13 14:43:28 - [TEST_STEP][PASSED] - Statement - PreSaveFile = new java.io.File(((pathPrefix + java.lang.Integer.toString(counter)) + .png)): null

2018-12-13 14:43:28 - [TEST_STEP][PASSED] - Statement - counter = counter + 1: null

2018-12-13 14:43:28 - [TEST_STEP][PASSED] - Statement - PreSaveFile = new java.io.File(((pathPrefix + java.lang.Integer.toString(counter)) + .png)): null

2018-12-13 14:43:28 - [TEST_STEP][PASSED] - Statement - counter = counter + 1: null

2018-12-13 14:43:28 - [TEST_STEP][PASSED] - Statement - PreSaveFile = new java.io.File(((pathPrefix + java.lang.Integer.toString(counter)) + .png)): null

2018-12-13 14:43:28 - [TEST_STEP][PASSED] - Statement - counter = counter + 1: null

2018-12-13 14:43:28 - [TEST_STEP][PASSED] - Statement - PreSaveFile = new java.io.File(((pathPrefix + java.lang.Integer.toString(counter)) + .png)): null

2018-12-13 14:43:28 - [TEST_STEP][PASSED] - Statement - counter = counter + 1: null

2018-12-13 14:43:28 - [TEST_STEP][PASSED] - Statement - PreSaveFile = new java.io.File(((pathPrefix + java.lang.Integer.toString(counter)) + .png)): null

2018-12-13 14:43:28 - [TEST_STEP][PASSED] - Statement - counter = counter + 1: null

2018-12-13 14:43:28 - [TEST_STEP][PASSED] - Statement - PreSaveFile = new java.io.File(((pathPrefix + java.lang.Integer.toString(counter)) + .png)): null

2018-12-13 14:43:28 - [TEST_STEP][PASSED] - Statement - counter = counter + 1: null

2018-12-13 14:43:28 - [TEST_STEP][PASSED] - Statement - PreSaveFile = new java.io.File(((pathPrefix + java.lang.Integer.toString(counter)) + .png)): null

2018-12-13 14:43:28 - [TEST_STEP][PASSED] - Statement - counter = counter + 1: null

2018-12-13 14:43:28 - [TEST_STEP][PASSED] - Statement - PreSaveFile = new java.io.File(((pathPrefix + java.lang.Integer.toString(counter)) + .png)): null

2018-12-13 14:43:28 - [TEST_STEP][PASSED] - Statement - counter = counter + 1: null

2018-12-13 14:43:28 - [TEST_STEP][PASSED] - Statement - PreSaveFile = new java.io.File(((pathPrefix + java.lang.Integer.toString(counter)) + .png)): null

2018-12-13 14:43:28 - [TEST_STEP][PASSED] - Statement - counter = counter + 1: null

2018-12-13 14:43:28 - [TEST_STEP][PASSED] - Statement - PreSaveFile = new java.io.File(((pathPrefix + java.lang.Integer.toString(counter)) + .png)): null

2018-12-13 14:43:28 - [TEST_STEP][PASSED] - Statement - counter = counter + 1: null

2018-12-13 14:43:28 - [TEST_STEP][PASSED] - Statement - PreSaveFile = new java.io.File(((pathPrefix + java.lang.Integer.toString(counter)) + .png)): null

2018-12-13 14:43:28 - [TEST_STEP][PASSED] - Statement - counter = counter + 1: null

2018-12-13 14:43:28 - [TEST_STEP][PASSED] - Statement - PreSaveFile = new java.io.File(((pathPrefix + java.lang.Integer.toString(counter)) + .png)): null

2018-12-13 14:43:28 - [TEST_STEP][PASSED] - Statement - counter = counter + 1: null

2018-12-13 14:43:28 - [TEST_STEP][PASSED] - Statement - PreSaveFile = new java.io.File(((pathPrefix + java.lang.Integer.toString(counter)) + .png)): null

2018-12-13 14:43:28 - [TEST_STEP][PASSED] - Statement - counter = counter + 1: null

2018-12-13 14:43:28 - [TEST_STEP][PASSED] - Statement - PreSaveFile = new java.io.File(((pathPrefix + java.lang.Integer.toString(counter)) + .png)): null

2018-12-13 14:43:28 - [TEST_STEP][PASSED] - Statement - counter = counter + 1: null

2018-12-13 14:43:28 - [TEST_STEP][PASSED] - Statement - PreSaveFile = new java.io.File(((pathPrefix + java.lang.Integer.toString(counter)) + .png)): null

2018-12-13 14:43:28 - [TEST_STEP][PASSED] - Statement - counter = counter + 1: null

2018-12-13 14:43:28 - [TEST_STEP][PASSED] - Statement - PreSaveFile = new java.io.File(((pathPrefix + java.lang.Integer.toString(counter)) + .png)): null

2018-12-13 14:43:28 - [TEST_STEP][PASSED] - Statement - counter = counter + 1: null

2018-12-13 14:43:28 - [TEST_STEP][PASSED] - Statement - PreSaveFile = new java.io.File(((pathPrefix + java.lang.Integer.toString(counter)) + .png)): null

2018-12-13 14:43:28 - [TEST_STEP][PASSED] - Statement - counter = counter + 1: null

2018-12-13 14:43:28 - [TEST_STEP][PASSED] - Statement - PreSaveFile = new java.io.File(((pathPrefix + java.lang.Integer.toString(counter)) + .png)): null

2018-12-13 14:43:28 - [TEST_STEP][PASSED] - Statement - counter = counter + 1: null

2018-12-13 14:43:28 - [TEST_STEP][PASSED] - Statement - PreSaveFile = new java.io.File(((pathPrefix + java.lang.Integer.toString(counter)) + .png)): null

2018-12-13 14:43:28 - [TEST_STEP][PASSED] - Statement - counter = counter + 1: null

2018-12-13 14:43:28 - [TEST_STEP][PASSED] - Statement - PreSaveFile = new java.io.File(((pathPrefix + java.lang.Integer.toString(counter)) + .png)): null

2018-12-13 14:43:28 - [TEST_STEP][PASSED] - Statement - counter = counter + 1: null

2018-12-13 14:43:28 - [TEST_STEP][PASSED] - Statement - PreSaveFile = new java.io.File(((pathPrefix + java.lang.Integer.toString(counter)) + .png)): null

2018-12-13 14:43:28 - [TEST_STEP][PASSED] - Statement - counter = counter + 1: null

2018-12-13 14:43:28 - [TEST_STEP][PASSED] - Statement - PreSaveFile = new java.io.File(((pathPrefix + java.lang.Integer.toString(counter)) + .png)): null

2018-12-13 14:43:28 - [TEST_STEP][PASSED] - Statement - counter = counter + 1: null

2018-12-13 14:43:28 - [TEST_STEP][PASSED] - Statement - PreSaveFile = new java.io.File(((pathPrefix + java.lang.Integer.toString(counter)) + .png)): null

2018-12-13 14:43:28 - [TEST_STEP][PASSED] - Statement - counter = counter + 1: null

2018-12-13 14:43:28 - [TEST_STEP][PASSED] - Statement - PreSaveFile = new java.io.File(((pathPrefix + java.lang.Integer.toString(counter)) + .png)): null

2018-12-13 14:43:28 - [TEST_STEP][PASSED] - Statement - counter = counter + 1: null

2018-12-13 14:43:28 - [TEST_STEP][PASSED] - Statement - PreSaveFile = new java.io.File(((pathPrefix + java.lang.Integer.toString(counter)) + .png)): null

2018-12-13 14:43:28 - [TEST_STEP][PASSED] - Statement - counter = counter + 1: null

2018-12-13 14:43:28 - [TEST_STEP][PASSED] - Statement - PreSaveFile = new java.io.File(((pathPrefix + java.lang.Integer.toString(counter)) + .png)): null

2018-12-13 14:43:28 - [TEST_STEP][PASSED] - Statement - counter = counter + 1: null

2018-12-13 14:43:28 - [TEST_STEP][PASSED] - Statement - PreSaveFile = new java.io.File(((pathPrefix + java.lang.Integer.toString(counter)) + .png)): null

2018-12-13 14:43:28 - [TEST_STEP][PASSED] - Statement - counter = counter + 1: null

2018-12-13 14:43:28 - [TEST_STEP][PASSED] - Statement - PreSaveFile = new java.io.File(((pathPrefix + java.lang.Integer.toString(counter)) + .png)): null

2018-12-13 14:43:28 - [TEST_STEP][PASSED] - Statement - counter = counter + 1: null

2018-12-13 14:43:28 - [TEST_STEP][PASSED] - Statement - PreSaveFile = new java.io.File(((pathPrefix + java.lang.Integer.toString(counter)) + .png)): null

2018-12-13 14:43:28 - [TEST_STEP][PASSED] - Statement - counter = counter + 1: null

2018-12-13 14:43:28 - [TEST_STEP][PASSED] - Statement - PreSaveFile = new java.io.File(((pathPrefix + java.lang.Integer.toString(counter)) + .png)): null

2018-12-13 14:43:28 - [TEST_STEP][PASSED] - Statement - counter = counter + 1: null

2018-12-13 14:43:28 - [TEST_STEP][PASSED] - Statement - PreSaveFile = new java.io.File(((pathPrefix + java.lang.Integer.toString(counter)) + .png)): null

2018-12-13 14:43:28 - [TEST_STEP][PASSED] - Statement - counter = counter + 1: null

2018-12-13 14:43:28 - [TEST_STEP][PASSED] - Statement - PreSaveFile = new java.io.File(((pathPrefix + java.lang.Integer.toString(counter)) + .png)): null

2018-12-13 14:43:28 - [TEST_STEP][PASSED] - Statement - counter = counter + 1: null

2018-12-13 14:43:28 - [TEST_STEP][PASSED] - Statement - PreSaveFile = new java.io.File(((pathPrefix + java.lang.Integer.toString(counter)) + .png)): null

2018-12-13 14:43:28 - [TEST_STEP][PASSED] - Statement - counter = counter + 1: null

2018-12-13 14:43:28 - [TEST_STEP][PASSED] - Statement - PreSaveFile = new java.io.File(((pathPrefix + java.lang.Integer.toString(counter)) + .png)): null

2018-12-13 14:43:28 - [TEST_STEP][PASSED] - Statement - counter = counter + 1: null

2018-12-13 14:43:28 - [TEST_STEP][PASSED] - Statement - PreSaveFile = new java.io.File(((pathPrefix + java.lang.Integer.toString(counter)) + .png)): null

2018-12-13 14:43:28 - [TEST_STEP][PASSED] - Statement - counter = counter + 1: null

2018-12-13 14:43:28 - [TEST_STEP][PASSED] - Statement - PreSaveFile = new java.io.File(((pathPrefix + java.lang.Integer.toString(counter)) + .png)): null

2018-12-13 14:43:28 - [TEST_STEP][PASSED] - Statement - counter = counter + 1: null

2018-12-13 14:43:28 - [TEST_STEP][PASSED] - Statement - PreSaveFile = new java.io.File(((pathPrefix + java.lang.Integer.toString(counter)) + .png)): null

2018-12-13 14:43:28 - [TEST_STEP][PASSED] - Statement - counter = counter + 1: null

2018-12-13 14:43:28 - [TEST_STEP][PASSED] - Statement - PreSaveFile = new java.io.File(((pathPrefix + java.lang.Integer.toString(counter)) + .png)): null

2018-12-13 14:43:28 - [TEST_STEP][PASSED] - Statement - counter = counter + 1: null

2018-12-13 14:43:28 - [TEST_STEP][PASSED] - Statement - PreSaveFile = new java.io.File(((pathPrefix + java.lang.Integer.toString(counter)) + .png)): null

2018-12-13 14:43:28 - [TEST_STEP][PASSED] - Statement - counter = counter + 1: null

2018-12-13 14:43:28 - [TEST_STEP][PASSED] - Statement - PreSaveFile = new java.io.File(((pathPrefix + java.lang.Integer.toString(counter)) + .png)): null

2018-12-13 14:43:28 - [TEST_STEP][PASSED] - Statement - counter = counter + 1: null

2018-12-13 14:43:28 - [TEST_STEP][PASSED] - Statement - PreSaveFile = new java.io.File(((pathPrefix + java.lang.Integer.toString(counter)) + .png)): null

2018-12-13 14:43:28 - [TEST_STEP][PASSED] - Statement - counter = counter + 1: null

2018-12-13 14:43:28 - [TEST_STEP][PASSED] - Statement - PreSaveFile = new java.io.File(((pathPrefix + java.lang.Integer.toString(counter)) + .png)): null

2018-12-13 14:43:28 - [TEST_STEP][PASSED] - Statement - counter = counter + 1: null

2018-12-13 14:43:28 - [TEST_STEP][PASSED] - Statement - PreSaveFile = new java.io.File(((pathPrefix + java.lang.Integer.toString(counter)) + .png)): null

2018-12-13 14:43:28 - [TEST_STEP][PASSED] - Statement - counter = counter + 1: null

2018-12-13 14:43:28 - [TEST_STEP][PASSED] - Statement - PreSaveFile = new java.io.File(((pathPrefix + java.lang.Integer.toString(counter)) + .png)): null

2018-12-13 14:43:28 - [TEST_STEP][PASSED] - Statement - counter = counter + 1: null

2018-12-13 14:43:28 - [TEST_STEP][PASSED] - Statement - PreSaveFile = new java.io.File(((pathPrefix + java.lang.Integer.toString(counter)) + .png)): null

2018-12-13 14:43:28 - [TEST_STEP][PASSED] - Statement - counter = counter + 1: null

2018-12-13 14:43:28 - [TEST_STEP][PASSED] - Statement - PreSaveFile = new java.io.File(((pathPrefix + java.lang.Integer.toString(counter)) + .png)): null

2018-12-13 14:43:28 - [TEST_STEP][PASSED] - Statement - counter = counter + 1: null

2018-12-13 14:43:28 - [TEST_STEP][PASSED] - Statement - PreSaveFile = new java.io.File(((pathPrefix + java.lang.Integer.toString(counter)) + .png)): null

2018-12-13 14:43:28 - [TEST_STEP][PASSED] - Statement - counter = counter + 1: null

2018-12-13 14:43:28 - [TEST_STEP][PASSED] - Statement - PreSaveFile = new java.io.File(((pathPrefix + java.lang.Integer.toString(counter)) + .png)): null

2018-12-13 14:43:28 - [TEST_STEP][PASSED] - Statement - counter = counter + 1: null

2018-12-13 14:43:28 - [TEST_STEP][PASSED] - Statement - PreSaveFile = new java.io.File(((pathPrefix + java.lang.Integer.toString(counter)) + .png)): null

2018-12-13 14:43:28 - [TEST_STEP][PASSED] - Statement - counter = counter + 1: null

2018-12-13 14:43:28 - [TEST_STEP][PASSED] - Statement - PreSaveFile = new java.io.File(((pathPrefix + java.lang.Integer.toString(counter)) + .png)): null

2018-12-13 14:43:28 - [TEST_STEP][PASSED] - Statement - counter = counter + 1: null

2018-12-13 14:43:28 - [TEST_STEP][PASSED] - Statement - PreSaveFile = new java.io.File(((pathPrefix + java.lang.Integer.toString(counter)) + .png)): null

2018-12-13 14:43:28 - [TEST_STEP][PASSED] - Statement - counter = counter + 1: null

2018-12-13 14:43:28 - [TEST_STEP][PASSED] - Statement - PreSaveFile = new java.io.File(((pathPrefix + java.lang.Integer.toString(counter)) + .png)): null

2018-12-13 14:43:28 - [TEST_STEP][PASSED] - Statement - counter = counter + 1: null

2018-12-13 14:43:28 - [TEST_STEP][PASSED] - Statement - PreSaveFile = new java.io.File(((pathPrefix + java.lang.Integer.toString(counter)) + .png)): null

2018-12-13 14:43:28 - [TEST_STEP][PASSED] - Statement - counter = counter + 1: null

2018-12-13 14:43:28 - [TEST_STEP][PASSED] - Statement - PreSaveFile = new java.io.File(((pathPrefix + java.lang.Integer.toString(counter)) + .png)): null

2018-12-13 14:43:28 - [TEST_STEP][PASSED] - Statement - counter = counter + 1: null

2018-12-13 14:43:28 - [TEST_STEP][PASSED] - Statement - PreSaveFile = new java.io.File(((pathPrefix + java.lang.Integer.toString(counter)) + .png)): null

2018-12-13 14:43:28 - [TEST_STEP][PASSED] - Statement - counter = counter + 1: null

2018-12-13 14:43:28 - [TEST_STEP][PASSED] - Statement - PreSaveFile = new java.io.File(((pathPrefix + java.lang.Integer.toString(counter)) + .png)): null

2018-12-13 14:43:28 - [TEST_STEP][PASSED] - Statement - counter = counter + 1: null

2018-12-13 14:43:28 - [TEST_STEP][PASSED] - Statement - PreSaveFile = new java.io.File(((pathPrefix + java.lang.Integer.toString(counter)) + .png)): null

2018-12-13 14:43:28 - [TEST_STEP][PASSED] - Statement - counter = counter + 1: null

2018-12-13 14:43:28 - [TEST_STEP][PASSED] - Statement - PreSaveFile = new java.io.File(((pathPrefix + java.lang.Integer.toString(counter)) + .png)): null

2018-12-13 14:43:28 - [TEST_STEP][PASSED] - Statement - counter = counter + 1: null

2018-12-13 14:43:28 - [TEST_STEP][PASSED] - Statement - PreSaveFile = new java.io.File(((pathPrefix + java.lang.Integer.toString(counter)) + .png)): null

2018-12-13 14:43:28 - [TEST_STEP][PASSED] - Statement - counter = counter + 1: null

2018-12-13 14:43:28 - [TEST_STEP][PASSED] - Statement - PreSaveFile = new java.io.File(((pathPrefix + java.lang.Integer.toString(counter)) + .png)): null

2018-12-13 14:43:28 - [TEST_STEP][PASSED] - Statement - counter = counter + 1: null

2018-12-13 14:43:28 - [TEST_STEP][PASSED] - Statement - PreSaveFile = new java.io.File(((pathPrefix + java.lang.Integer.toString(counter)) + .png)): null

2018-12-13 14:43:28 - [TEST_STEP][PASSED] - Statement - counter = counter + 1: null

2018-12-13 14:43:28 - [TEST_STEP][PASSED] - Statement - PreSaveFile = new java.io.File(((pathPrefix + java.lang.Integer.toString(counter)) + .png)): null

2018-12-13 14:43:28 - [TEST_STEP][PASSED] - Statement - counter = counter + 1: null

2018-12-13 14:43:28 - [TEST_STEP][PASSED] - Statement - PreSaveFile = new java.io.File(((pathPrefix + java.lang.Integer.toString(counter)) + .png)): null

2018-12-13 14:43:28 - [TEST_STEP][PASSED] - Statement - counter = counter + 1: null

2018-12-13 14:43:28 - [TEST_STEP][PASSED] - Statement - PreSaveFile = new java.io.File(((pathPrefix + java.lang.Integer.toString(counter)) + .png)): null

2018-12-13 14:43:28 - [TEST_STEP][PASSED] - Statement - counter = counter + 1: null

2018-12-13 14:43:28 - [TEST_STEP][PASSED] - Statement - PreSaveFile = new java.io.File(((pathPrefix + java.lang.Integer.toString(counter)) + .png)): null

2018-12-13 14:43:28 - [TEST_STEP][PASSED] - Statement - counter = counter + 1: null

2018-12-13 14:43:28 - [TEST_STEP][PASSED] - Statement - PreSaveFile = new java.io.File(((pathPrefix + java.lang.Integer.toString(counter)) + .png)): null

2018-12-13 14:43:28 - [TEST_STEP][PASSED] - Statement - counter = counter + 1: null

2018-12-13 14:43:28 - [TEST_STEP][PASSED] - Statement - PreSaveFile = new java.io.File(((pathPrefix + java.lang.Integer.toString(counter)) + .png)): null

2018-12-13 14:43:28 - [TEST_STEP][PASSED] - Statement - counter = counter + 1: null

2018-12-13 14:43:28 - [TEST_STEP][PASSED] - Statement - PreSaveFile = new java.io.File(((pathPrefix + java.lang.Integer.toString(counter)) + .png)): null

2018-12-13 14:43:28 - [TEST_STEP][PASSED] - Statement - counter = counter + 1: null

2018-12-13 14:43:28 - [TEST_STEP][PASSED] - Statement - PreSaveFile = new java.io.File(((pathPrefix + java.lang.Integer.toString(counter)) + .png)): null

2018-12-13 14:43:28 - [TEST_STEP][PASSED] - Statement - counter = counter + 1: null

2018-12-13 14:43:28 - [TEST_STEP][PASSED] - Statement - PreSaveFile = new java.io.File(((pathPrefix + java.lang.Integer.toString(counter)) + .png)): null

2018-12-13 14:43:28 - [TEST_STEP][PASSED] - Statement - counter = counter + 1: null

2018-12-13 14:43:28 - [TEST_STEP][PASSED] - Statement - PreSaveFile = new java.io.File(((pathPrefix + java.lang.Integer.toString(counter)) + .png)): null

2018-12-13 14:43:28 - [TEST_STEP][PASSED] - Statement - counter = counter + 1: null

2018-12-13 14:43:28 - [TEST_STEP][PASSED] - Statement - PreSaveFile = new java.io.File(((pathPrefix + java.lang.Integer.toString(counter)) + .png)): null

2018-12-13 14:43:28 - [TEST_STEP][PASSED] - Statement - counter = counter + 1: null

2018-12-13 14:43:28 - [TEST_STEP][PASSED] - Statement - PreSaveFile = new java.io.File(((pathPrefix + java.lang.Integer.toString(counter)) + .png)): null

2018-12-13 14:43:28 - [TEST_STEP][PASSED] - Statement - counter = counter + 1: null

2018-12-13 14:43:28 - [TEST_STEP][PASSED] - Statement - PreSaveFile = new java.io.File(((pathPrefix + java.lang.Integer.toString(counter)) + .png)): null

2018-12-13 14:43:28 - [TEST_STEP][PASSED] - Statement - counter = counter + 1: null

2018-12-13 14:43:28 - [TEST_STEP][PASSED] - Statement - PreSaveFile = new java.io.File(((pathPrefix + java.lang.Integer.toString(counter)) + .png)): null

2018-12-13 14:43:28 - [TEST_STEP][PASSED] - Statement - counter = counter + 1: null

2018-12-13 14:43:28 - [TEST_STEP][PASSED] - Statement - PreSaveFile = new java.io.File(((pathPrefix + java.lang.Integer.toString(counter)) + .png)): null

2018-12-13 14:43:28 - [TEST_STEP][PASSED] - Statement - counter = counter + 1: null

2018-12-13 14:43:28 - [TEST_STEP][PASSED] - Statement - PreSaveFile = new java.io.File(((pathPrefix + java.lang.Integer.toString(counter)) + .png)): null

2018-12-13 14:43:28 - [TEST_STEP][PASSED] - Statement - counter = counter + 1: null

2018-12-13 14:43:28 - [TEST_STEP][PASSED] - Statement - PreSaveFile = new java.io.File(((pathPrefix + java.lang.Integer.toString(counter)) + .png)): null

2018-12-13 14:43:28 - [TEST_STEP][PASSED] - Statement - counter = counter + 1: null

2018-12-13 14:43:28 - [TEST_STEP][PASSED] - Statement - PreSaveFile = new java.io.File(((pathPrefix + java.lang.Integer.toString(counter)) + .png)): null

2018-12-13 14:43:28 - [TEST_STEP][PASSED] - Statement - counter = counter + 1: null

2018-12-13 14:43:28 - [TEST_STEP][PASSED] - Statement - PreSaveFile = new java.io.File(((pathPrefix + java.lang.Integer.toString(counter)) + .png)): null

2018-12-13 14:43:28 - [TEST_STEP][PASSED] - Statement - counter = counter + 1: null

2018-12-13 14:43:28 - [TEST_STEP][PASSED] - Statement - PreSaveFile = new java.io.File(((pathPrefix + java.lang.Integer.toString(counter)) + .png)): null

2018-12-13 14:43:28 - [TEST_STEP][PASSED] - Statement - counter = counter + 1: null

2018-12-13 14:43:28 - [TEST_STEP][PASSED] - Statement - PreSaveFile = new java.io.File(((pathPrefix + java.lang.Integer.toString(counter)) + .png)): null

2018-12-13 14:43:28 - [TEST_STEP][PASSED] - Statement - counter = counter + 1: null

2018-12-13 14:43:28 - [TEST_STEP][PASSED] - Statement - PreSaveFile = new java.io.File(((pathPrefix + java.lang.Integer.toString(counter)) + .png)): null

2018-12-13 14:43:28 - [TEST_STEP][PASSED] - Statement - counter = counter + 1: null

2018-12-13 14:43:28 - [TEST_STEP][PASSED] - Statement - PreSaveFile = new java.io.File(((pathPrefix + java.lang.Integer.toString(counter)) + .png)): null

2018-12-13 14:43:28 - [TEST_STEP][PASSED] - Statement - counter = counter + 1: null

2018-12-13 14:43:28 - [TEST_STEP][PASSED] - Statement - PreSaveFile = new java.io.File(((pathPrefix + java.lang.Integer.toString(counter)) + .png)): null

2018-12-13 14:43:28 - [TEST_STEP][PASSED] - Statement - counter = counter + 1: null

2018-12-13 14:43:28 - [TEST_STEP][PASSED] - Statement - PreSaveFile = new java.io.File(((pathPrefix + java.lang.Integer.toString(counter)) + .png)): null

2018-12-13 14:43:28 - [TEST_STEP][PASSED] - Statement - counter = counter + 1: null

2018-12-13 14:43:28 - [TEST_STEP][PASSED] - Statement - PreSaveFile = new java.io.File(((pathPrefix + java.lang.Integer.toString(counter)) + .png)): null

2018-12-13 14:43:28 - [TEST_STEP][PASSED] - Statement - counter = counter + 1: null

2018-12-13 14:43:28 - [TEST_STEP][PASSED] - Statement - PreSaveFile = new java.io.File(((pathPrefix + java.lang.Integer.toString(counter)) + .png)): null

2018-12-13 14:43:28 - [TEST_STEP][PASSED] - Statement - counter = counter + 1: null

2018-12-13 14:43:28 - [TEST_STEP][PASSED] - Statement - PreSaveFile = new java.io.File(((pathPrefix + java.lang.Integer.toString(counter)) + .png)): null

2018-12-13 14:43:28 - [TEST_STEP][PASSED] - Statement - counter = counter + 1: null

2018-12-13 14:43:28 - [TEST_STEP][PASSED] - Statement - PreSaveFile = new java.io.File(((pathPrefix + java.lang.Integer.toString(counter)) + .png)): null

2018-12-13 14:43:28 - [TEST_STEP][PASSED] - Statement - counter = counter + 1: null

2018-12-13 14:43:28 - [TEST_STEP][PASSED] - Statement - PreSaveFile = new java.io.File(((pathPrefix + java.lang.Integer.toString(counter)) + .png)): null

2018-12-13 14:43:28 - [TEST_STEP][PASSED] - Statement - counter = counter + 1: null

2018-12-13 14:43:28 - [TEST_STEP][PASSED] - Statement - PreSaveFile = new java.io.File(((pathPrefix + java.lang.Integer.toString(counter)) + .png)): null

2018-12-13 14:43:28 - [TEST_STEP][PASSED] - Statement - counter = counter + 1: null

2018-12-13 14:43:28 - [TEST_STEP][PASSED] - Statement - PreSaveFile = new java.io.File(((pathPrefix + java.lang.Integer.toString(counter)) + .png)): null

2018-12-13 14:43:28 - [TEST_STEP][PASSED] - Statement - counter = counter + 1: null

2018-12-13 14:43:28 - [TEST_STEP][PASSED] - Statement - PreSaveFile = new java.io.File(((pathPrefix + java.lang.Integer.toString(counter)) + .png)): null

2018-12-13 14:43:28 - [TEST_STEP][PASSED] - Statement - counter = counter + 1: null

2018-12-13 14:43:28 - [TEST_STEP][PASSED] - Statement - PreSaveFile = new java.io.File(((pathPrefix + java.lang.Integer.toString(counter)) + .png)): null

2018-12-13 14:43:28 - [TEST_STEP][PASSED] - Statement - counter = counter + 1: null

2018-12-13 14:43:28 - [TEST_STEP][PASSED] - Statement - PreSaveFile = new java.io.File(((pathPrefix + java.lang.Integer.toString(counter)) + .png)): null

2018-12-13 14:43:28 - [TEST_STEP][PASSED] - Statement - counter = counter + 1: null

2018-12-13 14:43:28 - [TEST_STEP][PASSED] - Statement - PreSaveFile = new java.io.File(((pathPrefix + java.lang.Integer.toString(counter)) + .png)): null

2018-12-13 14:43:28 - [TEST_STEP][PASSED] - Statement - counter = counter + 1: null

2018-12-13 14:43:28 - [TEST_STEP][PASSED] - Statement - PreSaveFile = new java.io.File(((pathPrefix + java.lang.Integer.toString(counter)) + .png)): null

2018-12-13 14:43:28 - [TEST_STEP][PASSED] - Statement - counter = counter + 1: null

2018-12-13 14:43:28 - [TEST_STEP][PASSED] - Statement - PreSaveFile = new java.io.File(((pathPrefix + java.lang.Integer.toString(counter)) + .png)): null

2018-12-13 14:43:28 - [TEST_STEP][PASSED] - Statement - counter = counter + 1: null

2018-12-13 14:43:28 - [TEST_STEP][PASSED] - Statement - PreSaveFile = new java.io.File(((pathPrefix + java.lang.Integer.toString(counter)) + .png)): null

2018-12-13 14:43:28 - [TEST_STEP][PASSED] - Statement - counter = counter + 1: null

2018-12-13 14:43:28 - [TEST_STEP][PASSED] - Statement - PreSaveFile = new java.io.File(((pathPrefix + java.lang.Integer.toString(counter)) + .png)): null

2018-12-13 14:43:28 - [TEST_STEP][PASSED] - Statement - counter = counter + 1: null

2018-12-13 14:43:28 - [TEST_STEP][PASSED] - Statement - PreSaveFile = new java.io.File(((pathPrefix + java.lang.Integer.toString(counter)) + .png)): null

2018-12-13 14:43:28 - [TEST_STEP][PASSED] - Statement - counter = counter + 1: null

2018-12-13 14:43:28 - [TEST_STEP][PASSED] - Statement - PreSaveFile = new java.io.File(((pathPrefix + java.lang.Integer.toString(counter)) + .png)): null

2018-12-13 14:43:28 - [TEST_STEP][PASSED] - Statement - counter = counter + 1: null

2018-12-13 14:43:28 - [TEST_STEP][PASSED] - Statement - PreSaveFile = new java.io.File(((pathPrefix + java.lang.Integer.toString(counter)) + .png)): null

2018-12-13 14:43:28 - [TEST_STEP][PASSED] - Statement - counter = counter + 1: null

2018-12-13 14:43:28 - [TEST_STEP][PASSED] - Statement - PreSaveFile = new java.io.File(((pathPrefix + java.lang.Integer.toString(counter)) + .png)): null

2018-12-13 14:43:28 - [TEST_STEP][PASSED] - Statement - counter = counter + 1: null

2018-12-13 14:43:28 - [TEST_STEP][PASSED] - Statement - PreSaveFile = new java.io.File(((pathPrefix + java.lang.Integer.toString(counter)) + .png)): null

2018-12-13 14:43:28 - [TEST_STEP][PASSED] - Statement - counter = counter + 1: null

2018-12-13 14:43:28 - [TEST_STEP][PASSED] - Statement - PreSaveFile = new java.io.File(((pathPrefix + java.lang.Integer.toString(counter)) + .png)): null

2018-12-13 14:43:28 - [TEST_STEP][PASSED] - Statement - counter = counter + 1: null

2018-12-13 14:43:28 - [TEST_STEP][PASSED] - Statement - PreSaveFile = new java.io.File(((pathPrefix + java.lang.Integer.toString(counter)) + .png)): null

2018-12-13 14:43:28 - [TEST_STEP][PASSED] - Statement - counter = counter + 1: null

2018-12-13 14:43:28 - [TEST_STEP][PASSED] - Statement - PreSaveFile = new java.io.File(((pathPrefix + java.lang.Integer.toString(counter)) + .png)): null

2018-12-13 14:43:28 - [TEST_STEP][PASSED] - Statement - counter = counter + 1: null

2018-12-13 14:43:28 - [TEST_STEP][PASSED] - Statement - PreSaveFile = new java.io.File(((pathPrefix + java.lang.Integer.toString(counter)) + .png)): null

2018-12-13 14:43:28 - [TEST_STEP][PASSED] - Statement - counter = counter + 1: null

2018-12-13 14:43:28 - [TEST_STEP][PASSED] - Statement - PreSaveFile = new java.io.File(((pathPrefix + java.lang.Integer.toString(counter)) + .png)): null

2018-12-13 14:43:28 - [TEST_STEP][PASSED] - Statement - counter = counter + 1: null

2018-12-13 14:43:28 - [TEST_STEP][PASSED] - Statement - PreSaveFile = new java.io.File(((pathPrefix + java.lang.Integer.toString(counter)) + .png)): null

2018-12-13 14:43:28 - [TEST_STEP][PASSED] - Statement - counter = counter + 1: null

2018-12-13 14:43:28 - [TEST_STEP][PASSED] - Statement - PreSaveFile = new java.io.File(((pathPrefix + java.lang.Integer.toString(counter)) + .png)): null

2018-12-13 14:43:28 - [TEST_STEP][PASSED] - Statement - counter = counter + 1: null

2018-12-13 14:43:28 - [TEST_STEP][PASSED] - Statement - PreSaveFile = new java.io.File(((pathPrefix + java.lang.Integer.toString(counter)) + .png)): null

2018-12-13 14:43:28 - [TEST_STEP][PASSED] - Statement - counter = counter + 1: null

2018-12-13 14:43:28 - [TEST_STEP][PASSED] - Statement - PreSaveFile = new java.io.File(((pathPrefix + java.lang.Integer.toString(counter)) + .png)): null

2018-12-13 14:43:28 - [TEST_STEP][PASSED] - Statement - counter = counter + 1: null

2018-12-13 14:43:28 - [TEST_STEP][PASSED] - Statement - PreSaveFile = new java.io.File(((pathPrefix + java.lang.Integer.toString(counter)) + .png)): null

2018-12-13 14:43:28 - [TEST_STEP][PASSED] - Statement - counter = counter + 1: null

2018-12-13 14:43:28 - [TEST_STEP][PASSED] - Statement - PreSaveFile = new java.io.File(((pathPrefix + java.lang.Integer.toString(counter)) + .png)): null

2018-12-13 14:43:28 - [TEST_STEP][PASSED] - Statement - counter = counter + 1: null

2018-12-13 14:43:28 - [TEST_STEP][PASSED] - Statement - PreSaveFile = new java.io.File(((pathPrefix + java.lang.Integer.toString(counter)) + .png)): null

2018-12-13 14:43:28 - [TEST_STEP][PASSED] - Statement - counter = counter + 1: null

2018-12-13 14:43:28 - [TEST_STEP][PASSED] - Statement - PreSaveFile = new java.io.File(((pathPrefix + java.lang.Integer.toString(counter)) + .png)): null

2018-12-13 14:43:28 - [TEST_STEP][PASSED] - Statement - counter = counter + 1: null

2018-12-13 14:43:28 - [TEST_STEP][PASSED] - Statement - PreSaveFile = new java.io.File(((pathPrefix + java.lang.Integer.toString(counter)) + .png)): null

2018-12-13 14:43:28 - [TEST_STEP][PASSED] - Statement - counter = counter + 1: null

2018-12-13 14:43:28 - [TEST_STEP][PASSED] - Statement - PreSaveFile = new java.io.File(((pathPrefix + java.lang.Integer.toString(counter)) + .png)): null

2018-12-13 14:43:28 - [TEST_STEP][PASSED] - Statement - counter = counter + 1: null

2018-12-13 14:43:28 - [TEST_STEP][PASSED] - Statement - PreSaveFile = new java.io.File(((pathPrefix + java.lang.Integer.toString(counter)) + .png)): null

2018-12-13 14:43:28 - [TEST_STEP][PASSED] - Statement - counter = counter + 1: null

2018-12-13 14:43:28 - [TEST_STEP][PASSED] - Statement - PreSaveFile = new java.io.File(((pathPrefix + java.lang.Integer.toString(counter)) + .png)): null

2018-12-13 14:43:28 - [TEST_STEP][PASSED] - Statement - counter = counter + 1: null

2018-12-13 14:43:28 - [TEST_STEP][PASSED] - Statement - PreSaveFile = new java.io.File(((pathPrefix + java.lang.Integer.toString(counter)) + .png)): null

2018-12-13 14:43:28 - [TEST_STEP][PASSED] - Statement - counter = counter + 1: null

2018-12-13 14:43:28 - [TEST_STEP][PASSED] - Statement - PreSaveFile = new java.io.File(((pathPrefix + java.lang.Integer.toString(counter)) + .png)): null

2018-12-13 14:43:28 - [TEST_STEP][PASSED] - Statement - counter = counter + 1: null

2018-12-13 14:43:28 - [TEST_STEP][PASSED] - Statement - PreSaveFile = new java.io.File(((pathPrefix + java.lang.Integer.toString(counter)) + .png)): null

2018-12-13 14:43:28 - [TEST_STEP][PASSED] - Statement - counter = counter + 1: null

2018-12-13 14:43:28 - [TEST_STEP][PASSED] - Statement - PreSaveFile = new java.io.File(((pathPrefix + java.lang.Integer.toString(counter)) + .png)): null

2018-12-13 14:43:28 - [TEST_STEP][PASSED] - Statement - counter = counter + 1: null

2018-12-13 14:43:28 - [TEST_STEP][PASSED] - Statement - PreSaveFile = new java.io.File(((pathPrefix + java.lang.Integer.toString(counter)) + .png)): null

2018-12-13 14:43:28 - [TEST_STEP][PASSED] - Statement - counter = counter + 1: null

2018-12-13 14:43:28 - [TEST_STEP][PASSED] - Statement - PreSaveFile = new java.io.File(((pathPrefix + java.lang.Integer.toString(counter)) + .png)): null

2018-12-13 14:43:28 - [TEST_STEP][PASSED] - Statement - counter = counter + 1: null

2018-12-13 14:43:28 - [TEST_STEP][PASSED] - Statement - PreSaveFile = new java.io.File(((pathPrefix + java.lang.Integer.toString(counter)) + .png)): null

2018-12-13 14:43:28 - [TEST_STEP][PASSED] - Statement - counter = counter + 1: null

2018-12-13 14:43:28 - [TEST_STEP][PASSED] - Statement - PreSaveFile = new java.io.File(((pathPrefix + java.lang.Integer.toString(counter)) + .png)): null

2018-12-13 14:43:28 - [TEST_STEP][PASSED] - Statement - counter = counter + 1: null

2018-12-13 14:43:28 - [TEST_STEP][PASSED] - Statement - PreSaveFile = new java.io.File(((pathPrefix + java.lang.Integer.toString(counter)) + .png)): null

2018-12-13 14:43:28 - [TEST_STEP][PASSED] - Statement - counter = counter + 1: null

2018-12-13 14:43:28 - [TEST_STEP][PASSED] - Statement - PreSaveFile = new java.io.File(((pathPrefix + java.lang.Integer.toString(counter)) + .png)): null

2018-12-13 14:43:28 - [TEST_STEP][PASSED] - Statement - counter = counter + 1: null

2018-12-13 14:43:28 - [TEST_STEP][PASSED] - Statement - PreSaveFile = new java.io.File(((pathPrefix + java.lang.Integer.toString(counter)) + .png)): null

2018-12-13 14:43:28 - [TEST_STEP][PASSED] - Statement - counter = counter + 1: null

2018-12-13 14:43:28 - [TEST_STEP][PASSED] - Statement - PreSaveFile = new java.io.File(((pathPrefix + java.lang.Integer.toString(counter)) + .png)): null

2018-12-13 14:43:28 - [TEST_STEP][PASSED] - Statement - counter = counter + 1: null

2018-12-13 14:43:28 - [TEST_STEP][PASSED] - Statement - PreSaveFile = new java.io.File(((pathPrefix + java.lang.Integer.toString(counter)) + .png)): null

2018-12-13 14:43:28 - [TEST_STEP][PASSED] - Statement - counter = counter + 1: null

2018-12-13 14:43:28 - [TEST_STEP][PASSED] - Statement - PreSaveFile = new java.io.File(((pathPrefix + java.lang.Integer.toString(counter)) + .png)): null

2018-12-13 14:43:28 - [TEST_STEP][PASSED] - Statement - counter = counter + 1: null

2018-12-13 14:43:28 - [TEST_STEP][PASSED] - Statement - PreSaveFile = new java.io.File(((pathPrefix + java.lang.Integer.toString(counter)) + .png)): null

2018-12-13 14:43:28 - [TEST_STEP][PASSED] - Statement - counter = counter + 1: null

2018-12-13 14:43:28 - [TEST_STEP][PASSED] - Statement - PreSaveFile = new java.io.File(((pathPrefix + java.lang.Integer.toString(counter)) + .png)): null

2018-12-13 14:43:28 - [TEST_STEP][PASSED] - Statement - counter = counter + 1: null

2018-12-13 14:43:28 - [TEST_STEP][PASSED] - Statement - PreSaveFile = new java.io.File(((pathPrefix + java.lang.Integer.toString(counter)) + .png)): null

2018-12-13 14:43:28 - [TEST_STEP][PASSED] - Statement - counter = counter + 1: null

2018-12-13 14:43:28 - [TEST_STEP][PASSED] - Statement - PreSaveFile = new java.io.File(((pathPrefix + java.lang.Integer.toString(counter)) + .png)): null

2018-12-13 14:43:28 - [TEST_STEP][PASSED] - Statement - counter = counter + 1: null

2018-12-13 14:43:28 - [TEST_STEP][PASSED] - Statement - PreSaveFile = new java.io.File(((pathPrefix + java.lang.Integer.toString(counter)) + .png)): null

2018-12-13 14:43:28 - [TEST_STEP][PASSED] - Statement - counter = counter + 1: null

2018-12-13 14:43:28 - [TEST_STEP][PASSED] - Statement - PreSaveFile = new java.io.File(((pathPrefix + java.lang.Integer.toString(counter)) + .png)): null

2018-12-13 14:43:28 - [TEST_STEP][PASSED] - Statement - counter = counter + 1: null

2018-12-13 14:43:28 - [TEST_STEP][PASSED] - Statement - PreSaveFile = new java.io.File(((pathPrefix + java.lang.Integer.toString(counter)) + .png)): null

2018-12-13 14:43:28 - [TEST_STEP][PASSED] - Statement - counter = counter + 1: null

2018-12-13 14:43:28 - [TEST_STEP][PASSED] - Statement - PreSaveFile = new java.io.File(((pathPrefix + java.lang.Integer.toString(counter)) + .png)): null

2018-12-13 14:43:28 - [TEST_STEP][PASSED] - Statement - counter = counter + 1: null

2018-12-13 14:43:28 - [TEST_STEP][PASSED] - Statement - PreSaveFile = new java.io.File(((pathPrefix + java.lang.Integer.toString(counter)) + .png)): null

2018-12-13 14:43:28 - [TEST_STEP][PASSED] - Statement - counter = counter + 1: null

2018-12-13 14:43:28 - [TEST_STEP][PASSED] - Statement - PreSaveFile = new java.io.File(((pathPrefix + java.lang.Integer.toString(counter)) + .png)): null

2018-12-13 14:43:28 - [TEST_STEP][PASSED] - Statement - counter = counter + 1: null

2018-12-13 14:43:28 - [TEST_STEP][PASSED] - Statement - PreSaveFile = new java.io.File(((pathPrefix + java.lang.Integer.toString(counter)) + .png)): null

2018-12-13 14:43:28 - [TEST_STEP][PASSED] - Statement - counter = counter + 1: null

2018-12-13 14:43:28 - [TEST_STEP][PASSED] - Statement - PreSaveFile = new java.io.File(((pathPrefix + java.lang.Integer.toString(counter)) + .png)): null

2018-12-13 14:43:28 - [TEST_STEP][PASSED] - Statement - counter = counter + 1: null

2018-12-13 14:43:28 - [TEST_STEP][PASSED] - Statement - PreSaveFile = new java.io.File(((pathPrefix + java.lang.Integer.toString(counter)) + .png)): null

2018-12-13 14:43:28 - [TEST_STEP][PASSED] - Statement - counter = counter + 1: null

2018-12-13 14:43:28 - [TEST_STEP][PASSED] - Statement - PreSaveFile = new java.io.File(((pathPrefix + java.lang.Integer.toString(counter)) + .png)): null

2018-12-13 14:43:28 - [TEST_STEP][PASSED] - Statement - counter = counter + 1: null

2018-12-13 14:43:28 - [TEST_STEP][PASSED] - Statement - PreSaveFile = new java.io.File(((pathPrefix + java.lang.Integer.toString(counter)) + .png)): null

2018-12-13 14:43:28 - [TEST_STEP][PASSED] - Statement - counter = counter + 1: null

2018-12-13 14:43:28 - [TEST_STEP][PASSED] - Statement - PreSaveFile = new java.io.File(((pathPrefix + java.lang.Integer.toString(counter)) + .png)): null

2018-12-13 14:43:28 - [TEST_STEP][PASSED] - Statement - counter = counter + 1: null

2018-12-13 14:43:28 - [TEST_STEP][PASSED] - Statement - PreSaveFile = new java.io.File(((pathPrefix + java.lang.Integer.toString(counter)) + .png)): null

2018-12-13 14:43:28 - [TEST_STEP][PASSED] - Statement - counter = counter + 1: null

2018-12-13 14:43:28 - [TEST_STEP][PASSED] - Statement - PreSaveFile = new java.io.File(((pathPrefix + java.lang.Integer.toString(counter)) + .png)): null

2018-12-13 14:43:28 - [TEST_STEP][PASSED] - Statement - counter = counter + 1: null

2018-12-13 14:43:28 - [TEST_STEP][PASSED] - Statement - PreSaveFile = new java.io.File(((pathPrefix + java.lang.Integer.toString(counter)) + .png)): null

2018-12-13 14:43:28 - [TEST_STEP][PASSED] - Statement - counter = counter + 1: null

2018-12-13 14:43:28 - [TEST_STEP][PASSED] - Statement - PreSaveFile = new java.io.File(((pathPrefix + java.lang.Integer.toString(counter)) + .png)): null

2018-12-13 14:43:28 - [TEST_STEP][PASSED] - Statement - counter = counter + 1: null

2018-12-13 14:43:28 - [TEST_STEP][PASSED] - Statement - PreSaveFile = new java.io.File(((pathPrefix + java.lang.Integer.toString(counter)) + .png)): null

2018-12-13 14:43:28 - [TEST_STEP][PASSED] - Statement - counter = counter + 1: null

2018-12-13 14:43:28 - [TEST_STEP][PASSED] - Statement - PreSaveFile = new java.io.File(((pathPrefix + java.lang.Integer.toString(counter)) + .png)): null

2018-12-13 14:43:28 - [TEST_STEP][PASSED] - Statement - counter = counter + 1: null

2018-12-13 14:43:28 - [TEST_STEP][PASSED] - Statement - PreSaveFile = new java.io.File(((pathPrefix + java.lang.Integer.toString(counter)) + .png)): null

2018-12-13 14:43:28 - [TEST_STEP][PASSED] - Statement - counter = counter + 1: null

2018-12-13 14:43:28 - [TEST_STEP][PASSED] - Statement - PreSaveFile = new java.io.File(((pathPrefix + java.lang.Integer.toString(counter)) + .png)): null

2018-12-13 14:43:28 - [TEST_STEP][PASSED] - Statement - counter = counter + 1: null

2018-12-13 14:43:28 - [TEST_STEP][PASSED] - Statement - PreSaveFile = new java.io.File(((pathPrefix + java.lang.Integer.toString(counter)) + .png)): null

2018-12-13 14:43:28 - [TEST_STEP][PASSED] - Statement - counter = counter + 1: null

2018-12-13 14:43:28 - [TEST_STEP][PASSED] - Statement - PreSaveFile = new java.io.File(((pathPrefix + java.lang.Integer.toString(counter)) + .png)): null

2018-12-13 14:43:28 - [TEST_STEP][PASSED] - Statement - counter = counter + 1: null

2018-12-13 14:43:28 - [TEST_STEP][PASSED] - Statement - PreSaveFile = new java.io.File(((pathPrefix + java.lang.Integer.toString(counter)) + .png)): null

2018-12-13 14:43:28 - [TEST_STEP][PASSED] - Statement - counter = counter + 1: null

2018-12-13 14:43:28 - [TEST_STEP][PASSED] - Statement - PreSaveFile = new java.io.File(((pathPrefix + java.lang.Integer.toString(counter)) + .png)): null

2018-12-13 14:43:28 - [TEST_STEP][PASSED] - Statement - counter = counter + 1: null

2018-12-13 14:43:28 - [TEST_STEP][PASSED] - Statement - PreSaveFile = new java.io.File(((pathPrefix + java.lang.Integer.toString(counter)) + .png)): null

2018-12-13 14:43:28 - [TEST_STEP][PASSED] - Statement - counter = counter + 1: null

2018-12-13 14:43:28 - [TEST_STEP][PASSED] - Statement - PreSaveFile = new java.io.File(((pathPrefix + java.lang.Integer.toString(counter)) + .png)): null

2018-12-13 14:43:28 - [TEST_STEP][PASSED] - Statement - counter = counter + 1: null

2018-12-13 14:43:28 - [TEST_STEP][PASSED] - Statement - PreSaveFile = new java.io.File(((pathPrefix + java.lang.Integer.toString(counter)) + .png)): null

2018-12-13 14:43:28 - [TEST_STEP][PASSED] - Statement - counter = counter + 1: null

2018-12-13 14:43:29 - [TEST_STEP][PASSED] - Statement - PreSaveFile = new java.io.File(((pathPrefix + java.lang.Integer.toString(counter)) + .png)): null

2018-12-13 14:43:29 - [TEST_STEP][PASSED] - Statement - counter = counter + 1: null

2018-12-13 14:43:29 - [TEST_STEP][PASSED] - Statement - PreSaveFile = new java.io.File(((pathPrefix + java.lang.Integer.toString(counter)) + .png)): null

2018-12-13 14:43:29 - [TEST_STEP][PASSED] - Statement - counter = counter + 1: null

2018-12-13 14:43:29 - [TEST_STEP][PASSED] - Statement - PreSaveFile = new java.io.File(((pathPrefix + java.lang.Integer.toString(counter)) + .png)): null

2018-12-13 14:43:29 - [TEST_STEP][PASSED] - Statement - counter = counter + 1: null

2018-12-13 14:43:29 - [TEST_STEP][PASSED] - Statement - PreSaveFile = new java.io.File(((pathPrefix + java.lang.Integer.toString(counter)) + .png)): null

2018-12-13 14:43:29 - [TEST_STEP][PASSED] - Statement - counter = counter + 1: null

2018-12-13 14:43:29 - [TEST_STEP][PASSED] - Statement - PreSaveFile = new java.io.File(((pathPrefix + java.lang.Integer.toString(counter)) + .png)): null

2018-12-13 14:43:29 - [TEST_STEP][PASSED] - Statement - counter = counter + 1: null

2018-12-13 14:43:29 - [TEST_STEP][PASSED] - Statement - PreSaveFile = new java.io.File(((pathPrefix + java.lang.Integer.toString(counter)) + .png)): null

2018-12-13 14:43:29 - [TEST_STEP][PASSED] - Statement - counter = counter + 1: null

2018-12-13 14:43:29 - [TEST_STEP][PASSED] - Statement - PreSaveFile = new java.io.File(((pathPrefix + java.lang.Integer.toString(counter)) + .png)): null

2018-12-13 14:43:29 - [TEST_STEP][PASSED] - Statement - counter = counter + 1: null

2018-12-13 14:43:29 - [TEST_STEP][PASSED] - Statement - PreSaveFile = new java.io.File(((pathPrefix + java.lang.Integer.toString(counter)) + .png)): null

2018-12-13 14:43:29 - [TEST_STEP][PASSED] - Statement - counter = counter + 1: null

2018-12-13 14:43:29 - [TEST_STEP][PASSED] - Statement - PreSaveFile = new java.io.File(((pathPrefix + java.lang.Integer.toString(counter)) + .png)): null

2018-12-13 14:43:29 - [TEST_STEP][PASSED] - Statement - counter = counter + 1: null

2018-12-13 14:43:29 - [TEST_STEP][PASSED] - Statement - PreSaveFile = new java.io.File(((pathPrefix + java.lang.Integer.toString(counter)) + .png)): null

2018-12-13 14:43:29 - [TEST_STEP][PASSED] - Statement - counter = counter + 1: null

2018-12-13 14:43:29 - [TEST_STEP][PASSED] - Statement - PreSaveFile = new java.io.File(((pathPrefix + java.lang.Integer.toString(counter)) + .png)): null

2018-12-13 14:43:29 - [TEST_STEP][PASSED] - Statement - counter = counter + 1: null

2018-12-13 14:43:29 - [TEST_STEP][PASSED] - Statement - PreSaveFile = new java.io.File(((pathPrefix + java.lang.Integer.toString(counter)) + .png)): null

2018-12-13 14:43:29 - [TEST_STEP][PASSED] - Statement - counter = counter + 1: null

2018-12-13 14:43:29 - [TEST_STEP][PASSED] - Statement - PreSaveFile = new java.io.File(((pathPrefix + java.lang.Integer.toString(counter)) + .png)): null

2018-12-13 14:43:29 - [TEST_STEP][PASSED] - Statement - counter = counter + 1: null

2018-12-13 14:43:29 - [TEST_STEP][PASSED] - Statement - PreSaveFile = new java.io.File(((pathPrefix + java.lang.Integer.toString(counter)) + .png)): null

2018-12-13 14:43:29 - [TEST_STEP][PASSED] - Statement - counter = counter + 1: null

2018-12-13 14:43:29 - [TEST_STEP][PASSED] - Statement - PreSaveFile = new java.io.File(((pathPrefix + java.lang.Integer.toString(counter)) + .png)): null

2018-12-13 14:43:29 - [TEST_STEP][PASSED] - Statement - counter = counter + 1: null

2018-12-13 14:43:29 - [TEST_STEP][PASSED] - Statement - PreSaveFile = new java.io.File(((pathPrefix + java.lang.Integer.toString(counter)) + .png)): null

2018-12-13 14:43:29 - [TEST_STEP][PASSED] - Statement - counter = counter + 1: null

2018-12-13 14:43:29 - [TEST_STEP][PASSED] - Statement - PreSaveFile = new java.io.File(((pathPrefix + java.lang.Integer.toString(counter)) + .png)): null

2018-12-13 14:43:29 - [TEST_STEP][PASSED] - Statement - counter = counter + 1: null

2018-12-13 14:43:29 - [TEST_STEP][PASSED] - Statement - PreSaveFile = new java.io.File(((pathPrefix + java.lang.Integer.toString(counter)) + .png)): null

2018-12-13 14:43:29 - [TEST_STEP][PASSED] - Statement - counter = counter + 1: null

2018-12-13 14:43:29 - [TEST_STEP][PASSED] - Statement - PreSaveFile = new java.io.File(((pathPrefix + java.lang.Integer.toString(counter)) + .png)): null

2018-12-13 14:43:29 - [TEST_STEP][PASSED] - Statement - counter = counter + 1: null

2018-12-13 14:43:29 - [TEST_STEP][PASSED] - Statement - PreSaveFile = new java.io.File(((pathPrefix + java.lang.Integer.toString(counter)) + .png)): null

2018-12-13 14:43:29 - [TEST_STEP][PASSED] - Statement - counter = counter + 1: null

2018-12-13 14:43:29 - [TEST_STEP][PASSED] - Statement - PreSaveFile = new java.io.File(((pathPrefix + java.lang.Integer.toString(counter)) + .png)): null

2018-12-13 14:43:29 - [TEST_STEP][PASSED] - Statement - counter = counter + 1: null

2018-12-13 14:43:29 - [TEST_STEP][PASSED] - Statement - PreSaveFile = new java.io.File(((pathPrefix + java.lang.Integer.toString(counter)) + .png)): null

2018-12-13 14:43:29 - [TEST_STEP][PASSED] - Statement - counter = counter + 1: null

2018-12-13 14:43:29 - [TEST_STEP][PASSED] - Statement - PreSaveFile = new java.io.File(((pathPrefix + java.lang.Integer.toString(counter)) + .png)): null

2018-12-13 14:43:29 - [TEST_STEP][PASSED] - Statement - counter = counter + 1: null

2018-12-13 14:43:29 - [TEST_STEP][PASSED] - Statement - PreSaveFile = new java.io.File(((pathPrefix + java.lang.Integer.toString(counter)) + .png)): null

2018-12-13 14:43:29 - [TEST_STEP][PASSED] - Statement - counter = counter + 1: null

2018-12-13 14:43:29 - [TEST_STEP][PASSED] - Statement - PreSaveFile = new java.io.File(((pathPrefix + java.lang.Integer.toString(counter)) + .png)): null

2018-12-13 14:43:29 - [TEST_STEP][PASSED] - Statement - counter = counter + 1: null

2018-12-13 14:43:29 - [TEST_STEP][PASSED] - Statement - PreSaveFile = new java.io.File(((pathPrefix + java.lang.Integer.toString(counter)) + .png)): null

2018-12-13 14:43:29 - [TEST_STEP][PASSED] - Statement - counter = counter + 1: null

2018-12-13 14:43:29 - [TEST_STEP][PASSED] - Statement - PreSaveFile = new java.io.File(((pathPrefix + java.lang.Integer.toString(counter)) + .png)): null

2018-12-13 14:43:29 - [TEST_STEP][PASSED] - Statement - counter = counter + 1: null

2018-12-13 14:43:29 - [TEST_STEP][PASSED] - Statement - PreSaveFile = new java.io.File(((pathPrefix + java.lang.Integer.toString(counter)) + .png)): null

2018-12-13 14:43:29 - [TEST_STEP][PASSED] - Statement - counter = counter + 1: null

2018-12-13 14:43:29 - [TEST_STEP][PASSED] - Statement - PreSaveFile = new java.io.File(((pathPrefix + java.lang.Integer.toString(counter)) + .png)): null

2018-12-13 14:43:29 - [TEST_STEP][PASSED] - Statement - counter = counter + 1: null

2018-12-13 14:43:29 - [TEST_STEP][PASSED] - Statement - PreSaveFile = new java.io.File(((pathPrefix + java.lang.Integer.toString(counter)) + .png)): null

2018-12-13 14:43:29 - [TEST_STEP][PASSED] - Statement - counter = counter + 1: null

2018-12-13 14:43:29 - [TEST_STEP][PASSED] - Statement - PreSaveFile = new java.io.File(((pathPrefix + java.lang.Integer.toString(counter)) + .png)): null

2018-12-13 14:43:29 - [TEST_STEP][PASSED] - Statement - counter = counter + 1: null

2018-12-13 14:43:29 - [TEST_STEP][PASSED] - Statement - PreSaveFile = new java.io.File(((pathPrefix + java.lang.Integer.toString(counter)) + .png)): null

2018-12-13 14:43:29 - [TEST_STEP][PASSED] - Statement - counter = counter + 1: null

2018-12-13 14:43:29 - [TEST_STEP][PASSED] - Statement - PreSaveFile = new java.io.File(((pathPrefix + java.lang.Integer.toString(counter)) + .png)): null

2018-12-13 14:43:29 - [TEST_STEP][PASSED] - Statement - counter = counter + 1: null

2018-12-13 14:43:29 - [TEST_STEP][PASSED] - Statement - PreSaveFile = new java.io.File(((pathPrefix + java.lang.Integer.toString(counter)) + .png)): null

2018-12-13 14:43:29 - [TEST_STEP][PASSED] - Statement - counter = counter + 1: null

2018-12-13 14:43:29 - [TEST_STEP][PASSED] - Statement - PreSaveFile = new java.io.File(((pathPrefix + java.lang.Integer.toString(counter)) + .png)): null

2018-12-13 14:43:29 - [TEST_STEP][PASSED] - Statement - counter = counter + 1: null

2018-12-13 14:43:29 - [TEST_STEP][PASSED] - Statement - PreSaveFile = new java.io.File(((pathPrefix + java.lang.Integer.toString(counter)) + .png)): null

2018-12-13 14:43:29 - [TEST_STEP][PASSED] - Statement - counter = counter + 1: null

2018-12-13 14:43:29 - [TEST_STEP][PASSED] - Statement - PreSaveFile = new java.io.File(((pathPrefix + java.lang.Integer.toString(counter)) + .png)): null

2018-12-13 14:43:29 - [TEST_STEP][PASSED] - Statement - counter = counter + 1: null

2018-12-13 14:43:29 - [TEST_STEP][PASSED] - Statement - PreSaveFile = new java.io.File(((pathPrefix + java.lang.Integer.toString(counter)) + .png)): null

2018-12-13 14:43:29 - [TEST_STEP][PASSED] - Statement - counter = counter + 1: null

2018-12-13 14:43:29 - [TEST_STEP][PASSED] - Statement - PreSaveFile = new java.io.File(((pathPrefix + java.lang.Integer.toString(counter)) + .png)): null

2018-12-13 14:43:29 - [TEST_STEP][PASSED] - Statement - counter = counter + 1: null

2018-12-13 14:43:29 - [TEST_STEP][PASSED] - Statement - PreSaveFile = new java.io.File(((pathPrefix + java.lang.Integer.toString(counter)) + .png)): null

2018-12-13 14:43:29 - [TEST_STEP][PASSED] - Statement - counter = counter + 1: null

2018-12-13 14:43:29 - [TEST_STEP][PASSED] - Statement - PreSaveFile = new java.io.File(((pathPrefix + java.lang.Integer.toString(counter)) + .png)): null

2018-12-13 14:43:29 - [TEST_STEP][PASSED] - Statement - counter = counter + 1: null

2018-12-13 14:43:29 - [TEST_STEP][PASSED] - Statement - PreSaveFile = new java.io.File(((pathPrefix + java.lang.Integer.toString(counter)) + .png)): null

2018-12-13 14:43:29 - [TEST_STEP][PASSED] - Statement - counter = counter + 1: null

2018-12-13 14:43:29 - [TEST_STEP][PASSED] - Statement - PreSaveFile = new java.io.File(((pathPrefix + java.lang.Integer.toString(counter)) + .png)): null

2018-12-13 14:43:29 - [TEST_STEP][PASSED] - Statement - counter = counter + 1: null

2018-12-13 14:43:29 - [TEST_STEP][PASSED] - Statement - PreSaveFile = new java.io.File(((pathPrefix + java.lang.Integer.toString(counter)) + .png)): null

2018-12-13 14:43:29 - [TEST_STEP][PASSED] - Statement - counter = counter + 1: null

2018-12-13 14:43:29 - [TEST_STEP][PASSED] - Statement - PreSaveFile = new java.io.File(((pathPrefix + java.lang.Integer.toString(counter)) + .png)): null

2018-12-13 14:43:29 - [TEST_STEP][PASSED] - Statement - counter = counter + 1: null

2018-12-13 14:43:29 - [TEST_STEP][PASSED] - Statement - PreSaveFile = new java.io.File(((pathPrefix + java.lang.Integer.toString(counter)) + .png)): null

2018-12-13 14:43:29 - [TEST_STEP][PASSED] - Statement - counter = counter + 1: null

2018-12-13 14:43:29 - [TEST_STEP][PASSED] - Statement - PreSaveFile = new java.io.File(((pathPrefix + java.lang.Integer.toString(counter)) + .png)): null

2018-12-13 14:43:29 - [TEST_STEP][PASSED] - Statement - counter = counter + 1: null

2018-12-13 14:43:29 - [TEST_STEP][PASSED] - Statement - PreSaveFile = new java.io.File(((pathPrefix + java.lang.Integer.toString(counter)) + .png)): null

2018-12-13 14:43:29 - [TEST_STEP][PASSED] - Statement - counter = counter + 1: null

2018-12-13 14:43:29 - [TEST_STEP][PASSED] - Statement - PreSaveFile = new java.io.File(((pathPrefix + java.lang.Integer.toString(counter)) + .png)): null

2018-12-13 14:43:29 - [TEST_STEP][PASSED] - Statement - counter = counter + 1: null

2018-12-13 14:43:29 - [TEST_STEP][PASSED] - Statement - PreSaveFile = new java.io.File(((pathPrefix + java.lang.Integer.toString(counter)) + .png)): null

2018-12-13 14:43:29 - [TEST_STEP][PASSED] - Statement - counter = counter + 1: null

2018-12-13 14:43:29 - [TEST_STEP][PASSED] - Statement - PreSaveFile = new java.io.File(((pathPrefix + java.lang.Integer.toString(counter)) + .png)): null

2018-12-13 14:43:29 - [TEST_STEP][PASSED] - Statement - counter = counter + 1: null

2018-12-13 14:43:29 - [TEST_STEP][PASSED] - Statement - PreSaveFile = new java.io.File(((pathPrefix + java.lang.Integer.toString(counter)) + .png)): null

2018-12-13 14:43:29 - [TEST_STEP][PASSED] - Statement - counter = counter + 1: null

2018-12-13 14:43:29 - [TEST_STEP][PASSED] - Statement - PreSaveFile = new java.io.File(((pathPrefix + java.lang.Integer.toString(counter)) + .png)): null

2018-12-13 14:43:29 - [TEST_STEP][PASSED] - Statement - counter = counter + 1: null

2018-12-13 14:43:29 - [TEST_STEP][PASSED] - Statement - PreSaveFile = new java.io.File(((pathPrefix + java.lang.Integer.toString(counter)) + .png)): null

2018-12-13 14:43:29 - [TEST_STEP][PASSED] - Statement - counter = counter + 1: null

2018-12-13 14:43:29 - [TEST_STEP][PASSED] - Statement - PreSaveFile = new java.io.File(((pathPrefix + java.lang.Integer.toString(counter)) + .png)): null

2018-12-13 14:43:29 - [TEST_STEP][PASSED] - Statement - counter = counter + 1: null

2018-12-13 14:43:29 - [TEST_STEP][PASSED] - Statement - PreSaveFile = new java.io.File(((pathPrefix + java.lang.Integer.toString(counter)) + .png)): null

2018-12-13 14:43:29 - [TEST_STEP][PASSED] - Statement - counter = counter + 1: null

2018-12-13 14:43:29 - [TEST_STEP][PASSED] - Statement - PreSaveFile = new java.io.File(((pathPrefix + java.lang.Integer.toString(counter)) + .png)): null

2018-12-13 14:43:29 - [TEST_STEP][PASSED] - Statement - counter = counter + 1: null

2018-12-13 14:43:29 - [TEST_STEP][PASSED] - Statement - PreSaveFile = new java.io.File(((pathPrefix + java.lang.Integer.toString(counter)) + .png)): null

2018-12-13 14:43:29 - [TEST_STEP][PASSED] - Statement - counter = counter + 1: null

2018-12-13 14:43:29 - [TEST_STEP][PASSED] - Statement - PreSaveFile = new java.io.File(((pathPrefix + java.lang.Integer.toString(counter)) + .png)): null

2018-12-13 14:43:29 - [TEST_STEP][PASSED] - Statement - counter = counter + 1: null

2018-12-13 14:43:29 - [TEST_STEP][PASSED] - Statement - PreSaveFile = new java.io.File(((pathPrefix + java.lang.Integer.toString(counter)) + .png)): null

2018-12-13 14:43:29 - [TEST_STEP][PASSED] - Statement - counter = counter + 1: null

2018-12-13 14:43:29 - [TEST_STEP][PASSED] - Statement - PreSaveFile = new java.io.File(((pathPrefix + java.lang.Integer.toString(counter)) + .png)): null

2018-12-13 14:43:29 - [TEST_STEP][PASSED] - Statement - counter = counter + 1: null

2018-12-13 14:43:29 - [TEST_STEP][PASSED] - Statement - PreSaveFile = new java.io.File(((pathPrefix + java.lang.Integer.toString(counter)) + .png)): null

2018-12-13 14:43:29 - [TEST_STEP][PASSED] - Statement - counter = counter + 1: null

2018-12-13 14:43:29 - [TEST_STEP][PASSED] - Statement - PreSaveFile = new java.io.File(((pathPrefix + java.lang.Integer.toString(counter)) + .png)): null

2018-12-13 14:43:29 - [TEST_STEP][PASSED] - Statement - counter = counter + 1: null

2018-12-13 14:43:29 - [TEST_STEP][PASSED] - Statement - PreSaveFile = new java.io.File(((pathPrefix + java.lang.Integer.toString(counter)) + .png)): null

2018-12-13 14:43:29 - [TEST_STEP][PASSED] - Statement - counter = counter + 1: null

2018-12-13 14:43:29 - [TEST_STEP][PASSED] - Statement - PreSaveFile = new java.io.File(((pathPrefix + java.lang.Integer.toString(counter)) + .png)): null

2018-12-13 14:43:29 - [TEST_STEP][PASSED] - Statement - counter = counter + 1: null

2018-12-13 14:43:29 - [TEST_STEP][PASSED] - Statement - PreSaveFile = new java.io.File(((pathPrefix + java.lang.Integer.toString(counter)) + .png)): null

2018-12-13 14:43:29 - [TEST_STEP][PASSED] - Statement - counter = counter + 1: null

2018-12-13 14:43:29 - [TEST_STEP][PASSED] - Statement - PreSaveFile = new java.io.File(((pathPrefix + java.lang.Integer.toString(counter)) + .png)): null

2018-12-13 14:43:29 - [TEST_STEP][PASSED] - Statement - counter = counter + 1: null

2018-12-13 14:43:29 - [TEST_STEP][PASSED] - Statement - PreSaveFile = new java.io.File(((pathPrefix + java.lang.Integer.toString(counter)) + .png)): null

2018-12-13 14:43:29 - [TEST_STEP][PASSED] - Statement - counter = counter + 1: null

2018-12-13 14:43:29 - [TEST_STEP][PASSED] - Statement - PreSaveFile = new java.io.File(((pathPrefix + java.lang.Integer.toString(counter)) + .png)): null

2018-12-13 14:43:29 - [TEST_STEP][PASSED] - Statement - counter = counter + 1: null

2018-12-13 14:43:29 - [TEST_STEP][PASSED] - Statement - PreSaveFile = new java.io.File(((pathPrefix + java.lang.Integer.toString(counter)) + .png)): null

2018-12-13 14:43:29 - [TEST_STEP][PASSED] - Statement - counter = counter + 1: null

2018-12-13 14:43:29 - [TEST_STEP][PASSED] - Statement - PreSaveFile = new java.io.File(((pathPrefix + java.lang.Integer.toString(counter)) + .png)): null

2018-12-13 14:43:29 - [TEST_STEP][PASSED] - Statement - counter = counter + 1: null

2018-12-13 14:43:29 - [TEST_STEP][PASSED] - Statement - PreSaveFile = new java.io.File(((pathPrefix + java.lang.Integer.toString(counter)) + .png)): null

2018-12-13 14:43:29 - [TEST_STEP][PASSED] - Statement - counter = counter + 1: null

2018-12-13 14:43:29 - [TEST_STEP][PASSED] - Statement - PreSaveFile = new java.io.File(((pathPrefix + java.lang.Integer.toString(counter)) + .png)): null

2018-12-13 14:43:29 - [TEST_STEP][PASSED] - Statement - counter = counter + 1: null

2018-12-13 14:43:29 - [TEST_STEP][PASSED] - Statement - PreSaveFile = new java.io.File(((pathPrefix + java.lang.Integer.toString(counter)) + .png)): null

2018-12-13 14:43:29 - [TEST_STEP][PASSED] - Statement - counter = counter + 1: null

2018-12-13 14:43:29 - [TEST_STEP][PASSED] - Statement - PreSaveFile = new java.io.File(((pathPrefix + java.lang.Integer.toString(counter)) + .png)): null

2018-12-13 14:43:29 - [TEST_STEP][PASSED] - Statement - counter = counter + 1: null

2018-12-13 14:43:29 - [TEST_STEP][PASSED] - Statement - PreSaveFile = new java.io.File(((pathPrefix + java.lang.Integer.toString(counter)) + .png)): null

2018-12-13 14:43:29 - [TEST_STEP][PASSED] - Statement - counter = counter + 1: null

2018-12-13 14:43:29 - [TEST_STEP][PASSED] - Statement - PreSaveFile = new java.io.File(((pathPrefix + java.lang.Integer.toString(counter)) + .png)): null

2018-12-13 14:43:29 - [TEST_STEP][PASSED] - Statement - counter = counter + 1: null

2018-12-13 14:43:29 - [TEST_STEP][PASSED] - Statement - PreSaveFile = new java.io.File(((pathPrefix + java.lang.Integer.toString(counter)) + .png)): null

2018-12-13 14:43:29 - [TEST_STEP][PASSED] - Statement - counter = counter + 1: null

2018-12-13 14:43:29 - [TEST_STEP][PASSED] - Statement - PreSaveFile = new java.io.File(((pathPrefix + java.lang.Integer.toString(counter)) + .png)): null

2018-12-13 14:43:29 - [TEST_STEP][PASSED] - Statement - counter = counter + 1: null

2018-12-13 14:43:29 - [TEST_STEP][PASSED] - Statement - PreSaveFile = new java.io.File(((pathPrefix + java.lang.Integer.toString(counter)) + .png)): null

2018-12-13 14:43:29 - [TEST_STEP][PASSED] - Statement - counter = counter + 1: null

2018-12-13 14:43:29 - [TEST_STEP][PASSED] - Statement - PreSaveFile = new java.io.File(((pathPrefix + java.lang.Integer.toString(counter)) + .png)): null

2018-12-13 14:43:29 - [TEST_STEP][PASSED] - Statement - counter = counter + 1: null

2018-12-13 14:43:29 - [TEST_STEP][PASSED] - Statement - PreSaveFile = new java.io.File(((pathPrefix + java.lang.Integer.toString(counter)) + .png)): null

2018-12-13 14:43:29 - [TEST_STEP][PASSED] - Statement - counter = counter + 1: null

2018-12-13 14:43:29 - [TEST_STEP][PASSED] - Statement - PreSaveFile = new java.io.File(((pathPrefix + java.lang.Integer.toString(counter)) + .png)): null

2018-12-13 14:43:29 - [TEST_STEP][PASSED] - Statement - counter = counter + 1: null

2018-12-13 14:43:29 - [TEST_STEP][PASSED] - Statement - PreSaveFile = new java.io.File(((pathPrefix + java.lang.Integer.toString(counter)) + .png)): null

2018-12-13 14:43:29 - [TEST_STEP][PASSED] - Statement - counter = counter + 1: null

2018-12-13 14:43:29 - [TEST_STEP][PASSED] - Statement - PreSaveFile = new java.io.File(((pathPrefix + java.lang.Integer.toString(counter)) + .png)): null

2018-12-13 14:43:29 - [TEST_STEP][PASSED] - Statement - counter = counter + 1: null

2018-12-13 14:43:29 - [TEST_STEP][PASSED] - Statement - PreSaveFile = new java.io.File(((pathPrefix + java.lang.Integer.toString(counter)) + .png)): null

2018-12-13 14:43:29 - [TEST_STEP][PASSED] - Statement - counter = counter + 1: null

2018-12-13 14:43:29 - [TEST_STEP][PASSED] - Statement - PreSaveFile = new java.io.File(((pathPrefix + java.lang.Integer.toString(counter)) + .png)): null

2018-12-13 14:43:29 - [TEST_STEP][PASSED] - Statement - counter = counter + 1: null

2018-12-13 14:43:29 - [TEST_STEP][PASSED] - Statement - PreSaveFile = new java.io.File(((pathPrefix + java.lang.Integer.toString(counter)) + .png)): null

2018-12-13 14:43:29 - [TEST_STEP][PASSED] - Statement - counter = counter + 1: null

2018-12-13 14:43:29 - [TEST_STEP][PASSED] - Statement - PreSaveFile = new java.io.File(((pathPrefix + java.lang.Integer.toString(counter)) + .png)): null

2018-12-13 14:43:29 - [TEST_STEP][PASSED] - Statement - counter = counter + 1: null

2018-12-13 14:43:29 - [TEST_STEP][PASSED] - Statement - PreSaveFile = new java.io.File(((pathPrefix + java.lang.Integer.toString(counter)) + .png)): null

2018-12-13 14:43:29 - [TEST_STEP][PASSED] - Statement - counter = counter + 1: null

2018-12-13 14:43:29 - [TEST_STEP][PASSED] - Statement - PreSaveFile = new java.io.File(((pathPrefix + java.lang.Integer.toString(counter)) + .png)): null

2018-12-13 14:43:29 - [TEST_STEP][PASSED] - Statement - counter = counter + 1: null

2018-12-13 14:43:29 - [TEST_STEP][PASSED] - Statement - PreSaveFile = new java.io.File(((pathPrefix + java.lang.Integer.toString(counter)) + .png)): null

2018-12-13 14:43:29 - [TEST_STEP][PASSED] - Statement - counter = counter + 1: null

2018-12-13 14:43:29 - [TEST_STEP][PASSED] - Statement - PreSaveFile = new java.io.File(((pathPrefix + java.lang.Integer.toString(counter)) + .png)): null

2018-12-13 14:43:29 - [TEST_STEP][PASSED] - Statement - counter = counter + 1: null

2018-12-13 14:43:29 - [TEST_STEP][PASSED] - Statement - PreSaveFile = new java.io.File(((pathPrefix + java.lang.Integer.toString(counter)) + .png)): null

2018-12-13 14:43:29 - [TEST_STEP][PASSED] - Statement - counter = counter + 1: null

2018-12-13 14:43:29 - [TEST_STEP][PASSED] - Statement - PreSaveFile = new java.io.File(((pathPrefix + java.lang.Integer.toString(counter)) + .png)): null

2018-12-13 14:43:29 - [TEST_STEP][PASSED] - Statement - counter = counter + 1: null

2018-12-13 14:43:29 - [TEST_STEP][PASSED] - Statement - PreSaveFile = new java.io.File(((pathPrefix + java.lang.Integer.toString(counter)) + .png)): null

2018-12-13 14:43:29 - [TEST_STEP][PASSED] - Statement - counter = counter + 1: null

2018-12-13 14:43:29 - [TEST_STEP][PASSED] - Statement - PreSaveFile = new java.io.File(((pathPrefix + java.lang.Integer.toString(counter)) + .png)): null

2018-12-13 14:43:29 - [TEST_STEP][PASSED] - Statement - counter = counter + 1: null

2018-12-13 14:43:29 - [TEST_STEP][PASSED] - Statement - PreSaveFile = new java.io.File(((pathPrefix + java.lang.Integer.toString(counter)) + .png)): null

2018-12-13 14:43:29 - [TEST_STEP][PASSED] - Statement - counter = counter + 1: null

2018-12-13 14:43:29 - [TEST_STEP][PASSED] - Statement - PreSaveFile = new java.io.File(((pathPrefix + java.lang.Integer.toString(counter)) + .png)): null

2018-12-13 14:43:29 - [TEST_STEP][PASSED] - Statement - counter = counter + 1: null

2018-12-13 14:43:29 - [TEST_STEP][PASSED] - Statement - PreSaveFile = new java.io.File(((pathPrefix + java.lang.Integer.toString(counter)) + .png)): null

2018-12-13 14:43:29 - [TEST_STEP][PASSED] - Statement - counter = counter + 1: null

2018-12-13 14:43:29 - [TEST_STEP][PASSED] - Statement - PreSaveFile = new java.io.File(((pathPrefix + java.lang.Integer.toString(counter)) + .png)): null

2018-12-13 14:43:29 - [TEST_STEP][PASSED] - Statement - finalPath = pathPrefix + java.lang.Integer.toString(counter) + ".png": null

2018-12-13 14:43:29 - [TEST_STEP][PASSED] - Statement - SaveFile = new java.io.File(finalPath): null

2018-12-13 14:43:29 - [TEST_STEP][PASSED] - Statement - Try: null

2018-12-13 14:43:29 - [TEST_STEP][PASSED] - Statement - org.apache.commons.io.FileUtils.copyFile(scrFile, SaveFile): null

2018-12-13 14:43:29 - [TEST_STEP][PASSED] - Statement - out.println("file kept"): null

2018-12-13 14:43:29 - [TEST_STEP][PASSED] - delay: Delayed 10 second(s)

2018-12-13 14:43:39 - [MESSAGE][PASSED] - Delayed 10 second(s)

2018-12-13 14:43:39 - [MESSAGE][PASSED] - Call Test Case 'Test Cases/Final Aug 2018 - PKS Automation/Registration Module/New Registration/Submit and Screenshot/Submit Registration and Screenshot' successfully

2018-12-13 14:43:39 - [TEST_STEP][PASSED] - callTestCase: Call Test Case 'Test Cases/Final Aug 2018 - PKS Automation/Registration Module/Log Out/log out avoiding katalon tagging' successfully

2018-12-13 14:43:39 - [TEST_CASE][PASSED] - Test Cases/Final Aug 2018 - PKS Automation/Registration Module/Log Out/log out avoiding katalon tagging: Test Cases/Final Aug 2018 - PKS Automation/Registration Module/Log Out/log out avoiding katalon tagging

2018-12-13 14:43:39 - [TEST_STEP][PASSED] - navigateToUrl: Navigate to 'https://assist2-uat.perkeso.gov.my/c/portal/logout' successfully

2018-12-13 14:43:40 - [MESSAGE][PASSED] - Navigate to 'https://assist2-uat.perkeso.gov.my/c/portal/logout' successfully

2018-12-13 14:43:40 - [MESSAGE][PASSED] - Call Test Case 'Test Cases/Final Aug 2018 - PKS Automation/Registration Module/Log Out/log out avoiding katalon tagging' successfully

2018-12-13 14:43:40 - [TEST_STEP][PASSED] - callTestCase: Call Test Case 'Test Cases/Final Aug 2018 - PKS Automation/Common/Workflow Owner Finder' successfully

2018-12-13 14:43:40 - [TEST_CASE][PASSED] - Test Cases/Final Aug 2018 - PKS Automation/Common/Workflow Owner Finder: Test Cases/Final Aug 2018 - PKS Automation/Common/Workflow Owner Finder

2018-12-13 14:43:40 - [TEST_STEP][PASSED] - openBrowser: Browser is opened with url: ''

2018-12-13 14:43:40 - [MESSAGE][WARNING] - A browser is already opened. Closing browser and opening a new one

2018-12-13 14:43:44 - [MESSAGE][PASSED] - Browser is opened with url: ''

2018-12-13 14:43:44 - [TEST_STEP][PASSED] - navigateToUrl: Navigate to 'https://assist2-uat.perkeso.gov.my/login' successfully

2018-12-13 14:43:45 - [MESSAGE][PASSED] - Navigate to 'https://assist2-uat.perkeso.gov.my/login' successfully

2018-12-13 14:43:45 - [TEST_STEP][PASSED] - delay: Delayed 5 second(s)

2018-12-13 14:43:50 - [MESSAGE][PASSED] - Delayed 5 second(s)

2018-12-13 14:43:50 - [TEST_STEP][PASSED] - setText: Text 'test@liferay.com' is set on object 'Object Repository/Final Object Repo/Login Page/Internal User/Email Address'

2018-12-13 14:43:50 - [MESSAGE][PASSED] - Text 'test@liferay.com' is set on object 'Object Repository/Final Object Repo/Login Page/Internal User/Email Address'

2018-12-13 14:43:50 - [TEST_STEP][PASSED] - click: Object: 'Object Repository/Final Object Repo/Login Page/Internal User/Next Button' is clicked on

2018-12-13 14:43:51 - [MESSAGE][PASSED] - Object: 'Object Repository/Final Object Repo/Login Page/Internal User/Next Button' is clicked on

2018-12-13 14:43:51 - [TEST_STEP][PASSED] - delay: Delayed 2 second(s)

2018-12-13 14:43:53 - [MESSAGE][PASSED] - Delayed 2 second(s)

2018-12-13 14:43:53 - [TEST_STEP][PASSED] - setText: Text 'test' is set on object 'Object Repository/Final Object Repo/Login Page/Internal User/Password'

2018-12-13 14:43:53 - [MESSAGE][PASSED] - Text 'test' is set on object 'Object Repository/Final Object Repo/Login Page/Internal User/Password'

2018-12-13 14:43:53 - [TEST_STEP][PASSED] - delay: Delayed 2 second(s)

2018-12-13 14:43:55 - [MESSAGE][PASSED] - Delayed 2 second(s)

2018-12-13 14:43:55 - [TEST_STEP][PASSED] - click: Object: 'Object Repository/Final Object Repo/Login Page/Internal User/Login Button' is clicked on

2018-12-13 14:43:55 - [MESSAGE][PASSED] - Object: 'Object Repository/Final Object Repo/Login Page/Internal User/Login Button' is clicked on

2018-12-13 14:43:55 - [TEST_STEP][PASSED] - Statement - tester = com.kms.katalon.core.testobject.ObjectRepository.findTestObject(Final Object Repo/Landing Page/Select to English): Finding Test Object with id 'Object Repository/Final Object Repo/Landing Page/Select to English'

2018-12-13 14:43:55 - [TEST_STEP][PASSED] - Statement - Try: Delayed 2 second(s)

2018-12-13 14:43:55 - [TEST_STEP][PASSED] - Statement - Checker = com.kms.katalon.core.webui.keyword.WebUiBuiltInKeywords.verifyElementNotPresent(tester, 3): Web element with id: 'Object Repository/Final Object Repo/Landing Page/Select to English' located by 'By.xpath: //a[@class = 'taglib-language-list-text' and @lang = 'en-US' and (contains(text(), 'EN') or contains(., 'EN'))]' is not present after '3' second(s)

2018-12-13 14:43:57 - [MESSAGE][PASSED] - Web element with id: 'Object Repository/Final Object Repo/Landing Page/Select to English' located by 'By.xpath: //a[@class = 'taglib-language-list-text' and @lang = 'en-US' and (contains(text(), 'EN') or contains(., 'EN'))]' is not present after '3' second(s)

2018-12-13 14:43:57 - [TEST_STEP][PASSED] - Statement - If (Checker == false): null

2018-12-13 14:43:57 - [TEST_STEP][PASSED] - delay: Delayed 2 second(s)

2018-12-13 14:43:59 - [MESSAGE][PASSED] - Delayed 2 second(s)

2018-12-13 14:43:59 - [TEST_STEP][PASSED] - delay: Delayed 5 second(s)

2018-12-13 14:44:04 - [MESSAGE][PASSED] - Delayed 5 second(s)

2018-12-13 14:44:04 - [TEST_STEP][PASSED] - mouseOver: Object: 'Object Repository/Final Object Repo/Landing Page/WorkFlow Menu' is hovered

2018-12-13 14:44:04 - [MESSAGE][PASSED] - Object: 'Object Repository/Final Object Repo/Landing Page/WorkFlow Menu' is hovered

2018-12-13 14:44:04 - [TEST_STEP][PASSED] - delay: Delayed 2 second(s)

2018-12-13 14:44:06 - [MESSAGE][PASSED] - Delayed 2 second(s)

2018-12-13 14:44:06 - [TEST_STEP][PASSED] - click: Object: 'Object Repository/Final Object Repo/Landing Page/Select to Workflow Listing' is clicked on

2018-12-13 14:44:08 - [MESSAGE][PASSED] - Object: 'Object Repository/Final Object Repo/Landing Page/Select to Workflow Listing' is clicked on

2018-12-13 14:44:08 - [TEST_STEP][PASSED] - delay: Delayed 2 second(s)

2018-12-13 14:44:10 - [MESSAGE][PASSED] - Delayed 2 second(s)

2018-12-13 14:44:10 - [TEST_STEP][PASSED] - click: Object: 'Object Repository/Final Object Repo/WorkFlow Listing Page/Search Information - To Put Ref No' is clicked on

2018-12-13 14:44:10 - [MESSAGE][PASSED] - Object: 'Object Repository/Final Object Repo/WorkFlow Listing Page/Search Information - To Put Ref No' is clicked on

2018-12-13 14:44:10 - [TEST_STEP][PASSED] - delay: Delayed 2 second(s)

2018-12-13 14:44:12 - [MESSAGE][PASSED] - Delayed 2 second(s)

2018-12-13 14:44:12 - [TEST_STEP][PASSED] - callTestCase: Call Test Case 'Test Cases/Final Aug 2018 - PKS Automation/Common/Reference Number Getter' successfully

2018-12-13 14:44:12 - [TEST_CASE][PASSED] - Test Cases/Final Aug 2018 - PKS Automation/Common/Reference Number Getter: Test Cases/Final Aug 2018 - PKS Automation/Common/Reference Number Getter

2018-12-13 14:44:12 - [TEST_STEP][PASSED] - Statement - Try: null

2018-12-13 14:44:12 - [TEST_STEP][PASSED] - Statement - RefNo = new java.io.File(C://Users//Admin//Desktop//PKS//Automation Reference Point//KatalonReference.txt): null

2018-12-13 14:44:12 - [TEST_STEP][PASSED] - Statement - bufferread = new java.io.BufferedReader(new java.io.FileReader(RefNo)): null

2018-12-13 14:44:12 - [TEST_STEP][PASSED] - Statement - readedVal = bufferread.readLine(): null

2018-12-13 14:44:12 - [TEST_STEP][PASSED] - Statement - out.println(CaseReferenceNo): null

2018-12-13 14:44:12 - [TEST_STEP][PASSED] - Statement - out.println(readedVal): null

2018-12-13 14:44:12 - [TEST_STEP][PASSED] - Statement - CaseReferenceNo = "": null

2018-12-13 14:44:12 - [TEST_STEP][PASSED] - Statement - CaseReferenceNo = readedVal: null

2018-12-13 14:44:12 - [MESSAGE][PASSED] - Call Test Case 'Test Cases/Final Aug 2018 - PKS Automation/Common/Reference Number Getter' successfully

2018-12-13 14:44:12 - [TEST_STEP][PASSED] - setText: Text 'CRN12201800123282' is set on object 'Object Repository/Final Object Repo/WorkFlow Listing Page/Ref No Set Text'

2018-12-13 14:44:12 - [MESSAGE][PASSED] - Text 'CRN12201800123282' is set on object 'Object Repository/Final Object Repo/WorkFlow Listing Page/Ref No Set Text'

2018-12-13 14:44:12 - [TEST_STEP][PASSED] - delay: Delayed 2 second(s)

2018-12-13 14:44:14 - [MESSAGE][PASSED] - Delayed 2 second(s)

2018-12-13 14:44:14 - [TEST_STEP][PASSED] - click: Object: 'Object Repository/Final Object Repo/WorkFlow Listing Page/Search Ref No Search Button' is clicked on

2018-12-13 14:44:14 - [MESSAGE][PASSED] - Object: 'Object Repository/Final Object Repo/WorkFlow Listing Page/Search Ref No Search Button' is clicked on

2018-12-13 14:44:14 - [TEST_STEP][PASSED] - delay: Delayed 6 second(s)

2018-12-13 14:44:20 - [MESSAGE][PASSED] - Delayed 6 second(s)

2018-12-13 14:44:20 - [TEST_STEP][PASSED] - click: Object: 'Object Repository/Final Object Repo/WorkFlow Listing Page/Click Continue Tooltip' is clicked on

2018-12-13 14:44:21 - [MESSAGE][PASSED] - Object: 'Object Repository/Final Object Repo/WorkFlow Listing Page/Click Continue Tooltip' is clicked on

2018-12-13 14:44:21 - [TEST_STEP][PASSED] - delay: Delayed 5 second(s)

2018-12-13 14:44:26 - [MESSAGE][PASSED] - Delayed 5 second(s)

2018-12-13 14:44:26 - [TEST_STEP][PASSED] - doubleClick: Object: 'Object Repository/Final Object Repo/WorkFlow Listing Page/Workflow Found - Listing 1' is double clicked on

2018-12-13 14:44:27 - [MESSAGE][PASSED] - Object: 'Object Repository/Final Object Repo/WorkFlow Listing Page/Workflow Found - Listing 1' is double clicked on

2018-12-13 14:44:27 - [TEST_STEP][PASSED] - Statement - println(OwnerID): null

2018-12-13 14:44:27 - [TEST_STEP][PASSED] - Statement - OwnerID = com.kms.katalon.core.webui.keyword.WebUiBuiltInKeywords.getText(com.kms.katalon.core.testobject.ObjectRepository.findTestObject(Final Object Repo/WorkFlow Listing Page/Workflow Found - Listing 1), STOP_ON_FAILURE): Text of object 'Object Repository/Final Object Repo/WorkFlow Listing Page/Workflow Found - Listing 1' is: 'KLpkrbo2'

2018-12-13 14:44:27 - [MESSAGE][PASSED] - Text of object 'Object Repository/Final Object Repo/WorkFlow Listing Page/Workflow Found - Listing 1' is: 'KLpkrbo2'

2018-12-13 14:44:27 - [TEST_STEP][PASSED] - Statement - OwnerID = OwnerID.toLowerCase() + "@gmail.com": null

2018-12-13 14:44:27 - [TEST_STEP][PASSED] - Statement - println(OwnerID): null

2018-12-13 14:44:27 - [TEST_STEP][PASSED] - delay: Delayed 2 second(s)

2018-12-13 14:44:29 - [MESSAGE][PASSED] - Delayed 2 second(s)

2018-12-13 14:44:29 - [MESSAGE][PASSED] - Call Test Case 'Test Cases/Final Aug 2018 - PKS Automation/Common/Workflow Owner Finder' successfully

2018-12-13 14:44:29 - [TEST_STEP][PASSED] - callTestCase: Call Test Case 'Test Cases/Final Aug 2018 - PKS Automation/Registration Module/Log Out/log out avoiding katalon tagging' successfully

2018-12-13 14:44:29 - [TEST_CASE][PASSED] - Test Cases/Final Aug 2018 - PKS Automation/Registration Module/Log Out/log out avoiding katalon tagging: Test Cases/Final Aug 2018 - PKS Automation/Registration Module/Log Out/log out avoiding katalon tagging

2018-12-13 14:44:29 - [TEST_STEP][PASSED] - navigateToUrl: Navigate to 'https://assist2-uat.perkeso.gov.my/c/portal/logout' successfully

2018-12-13 14:44:30 - [MESSAGE][PASSED] - Navigate to 'https://assist2-uat.perkeso.gov.my/c/portal/logout' successfully

2018-12-13 14:44:30 - [MESSAGE][PASSED] - Call Test Case 'Test Cases/Final Aug 2018 - PKS Automation/Registration Module/Log Out/log out avoiding katalon tagging' successfully

2018-12-13 14:44:30 - [TEST_STEP][PASSED] - delay: Delayed 2 second(s)

2018-12-13 14:44:32 - [MESSAGE][PASSED] - Delayed 2 second(s)

2018-12-13 14:44:32 - [TEST_STEP][PASSED] - setText: Text 'klpkrbo2@gmail.com' is set on object 'Object Repository/Final Object Repo/New Registration - Registration Module Pages/New Reg - OTC to RO/Special Case - All Related Objects/Email TextBox'

2018-12-13 14:44:32 - [MESSAGE][PASSED] - Text 'klpkrbo2@gmail.com' is set on object 'Object Repository/Final Object Repo/New Registration - Registration Module Pages/New Reg - OTC to RO/Special Case - All Related Objects/Email TextBox'

2018-12-13 14:44:32 - [TEST_STEP][PASSED] - click: Object: 'Object Repository/Final Object Repo/New Registration - Registration Module Pages/New Reg - OTC to RO/Special Case - All Related Objects/Next Button' is clicked on

2018-12-13 14:44:32 - [MESSAGE][PASSED] - Object: 'Object Repository/Final Object Repo/New Registration - Registration Module Pages/New Reg - OTC to RO/Special Case - All Related Objects/Next Button' is clicked on

2018-12-13 14:44:32 - [TEST_STEP][PASSED] - delay: Delayed 2 second(s)

2018-12-13 14:44:34 - [MESSAGE][PASSED] - Delayed 2 second(s)

2018-12-13 14:44:34 - [TEST_STEP][PASSED] - setText: Text 'Test1@3456789' is set on object 'Object Repository/Final Object Repo/New Registration - Registration Module Pages/New Reg - OTC to RO/Special Case - All Related Objects/Password TextBox'

2018-12-13 14:44:34 - [MESSAGE][PASSED] - Text 'Test1@3456789' is set on object 'Object Repository/Final Object Repo/New Registration - Registration Module Pages/New Reg - OTC to RO/Special Case - All Related Objects/Password TextBox'

2018-12-13 14:44:34 - [TEST_STEP][PASSED] - delay: Delayed 2 second(s)

2018-12-13 14:44:36 - [MESSAGE][PASSED] - Delayed 2 second(s)

2018-12-13 14:44:36 - [TEST_STEP][PASSED] - click: Object: 'Object Repository/Final Object Repo/New Registration - Registration Module Pages/New Reg - OTC to RO/Special Case - All Related Objects/Login Button' is clicked on

2018-12-13 14:44:37 - [MESSAGE][PASSED] - Object: 'Object Repository/Final Object Repo/New Registration - Registration Module Pages/New Reg - OTC to RO/Special Case - All Related Objects/Login Button' is clicked on

2018-12-13 14:44:37 - [TEST_STEP][PASSED] - delay: Delayed 2 second(s)

2018-12-13 14:44:39 - [MESSAGE][PASSED] - Delayed 2 second(s)

2018-12-13 14:44:39 - [TEST_STEP][PASSED] - Statement - Try: null

2018-12-13 14:44:39 - [TEST_STEP][PASSED] - Statement - Checker = com.kms.katalon.core.webui.keyword.WebUiBuiltInKeywords.verifyElementNotPresent("Final Object Repo/Landing Page/Select to English", 3): null

2018-12-13 14:44:39 - [TEST_STEP][PASSED] - Statement - Catch (Exception e): null

2018-12-13 14:44:39 - [TEST_STEP][PASSED] - Statement - e.printStackTrace(): null

2018-12-13 14:44:39 - [TEST_STEP][PASSED] - click: Object: 'Object Repository/Final Object Repo/New Registration - Registration Module Pages/New Reg - OTC to RO/Special Case - All Related Objects/Expand to Search' is clicked on

2018-12-13 14:44:39 - [MESSAGE][PASSED] - Object: 'Object Repository/Final Object Repo/New Registration - Registration Module Pages/New Reg - OTC to RO/Special Case - All Related Objects/Expand to Search' is clicked on

2018-12-13 14:44:39 - [TEST_STEP][PASSED] - delay: Delayed 2 second(s)

2018-12-13 14:44:41 - [MESSAGE][PASSED] - Delayed 2 second(s)

2018-12-13 14:44:41 - [TEST_STEP][PASSED] - setText: Text 'CRN12201800123282' is set on object 'Object Repository/Final Object Repo/New Registration - Registration Module Pages/New Reg - OTC to RO/Special Case - All Related Objects/TextBox RefNo in Workbasket'

2018-12-13 14:44:41 - [MESSAGE][PASSED] - Text 'CRN12201800123282' is set on object 'Object Repository/Final Object Repo/New Registration - Registration Module Pages/New Reg - OTC to RO/Special Case - All Related Objects/TextBox RefNo in Workbasket'

2018-12-13 14:44:41 - [TEST_STEP][PASSED] - delay: Delayed 2 second(s)

2018-12-13 14:44:43 - [MESSAGE][PASSED] - Delayed 2 second(s)

2018-12-13 14:44:43 - [TEST_STEP][PASSED] - click: Object: 'Object Repository/Final Object Repo/New Registration - Registration Module Pages/New Reg - OTC to RO/Special Case - All Related Objects/Click Search' is clicked on

2018-12-13 14:44:43 - [MESSAGE][PASSED] - Object: 'Object Repository/Final Object Repo/New Registration - Registration Module Pages/New Reg - OTC to RO/Special Case - All Related Objects/Click Search' is clicked on

2018-12-13 14:44:43 - [TEST_STEP][PASSED] - delay: Delayed 2 second(s)

2018-12-13 14:44:45 - [MESSAGE][PASSED] - Delayed 2 second(s)

2018-12-13 14:44:45 - [TEST_STEP][PASSED] - click: Object: 'Object Repository/Final Object Repo/New Registration - Registration Module Pages/New Reg - OTC to RO/Special Case - All Related Objects/Click to Continue Workflow' is clicked on

2018-12-13 14:44:47 - [MESSAGE][PASSED] - Object: 'Object Repository/Final Object Repo/New Registration - Registration Module Pages/New Reg - OTC to RO/Special Case - All Related Objects/Click to Continue Workflow' is clicked on

2018-12-13 14:44:47 - [TEST_STEP][PASSED] - delay: Delayed 2 second(s)

2018-12-13 14:44:49 - [MESSAGE][PASSED] - Delayed 2 second(s)

2018-12-13 14:44:49 - [TEST_STEP][PASSED] - click: Object: 'Object Repository/Final Object Repo/New Registration - Registration Module Pages/New Reg - OTC to RO/Special Case - All Related Objects/Form 1 Save n Continue' is clicked on

2018-12-13 14:44:49 - [MESSAGE][PASSED] - Object: 'Object Repository/Final Object Repo/New Registration - Registration Module Pages/New Reg - OTC to RO/Special Case - All Related Objects/Form 1 Save n Continue' is clicked on

2018-12-13 14:44:49 - [TEST_STEP][PASSED] - delay: Delayed 5 second(s)

2018-12-13 14:44:54 - [MESSAGE][PASSED] - Delayed 5 second(s)

2018-12-13 14:44:54 - [TEST_STEP][PASSED] - click: Object: 'Object Repository/Final Object Repo/New Registration - Registration Module Pages/New Reg - OTC to RO/Special Case - OTC - Form 1/Confirm No Flagging as Branch' is clicked on

2018-12-13 14:44:55 - [MESSAGE][PASSED] - Object: 'Object Repository/Final Object Repo/New Registration - Registration Module Pages/New Reg - OTC to RO/Special Case - OTC - Form 1/Confirm No Flagging as Branch' is clicked on

2018-12-13 14:44:55 - [TEST_STEP][PASSED] - delay: Delayed 2 second(s)

2018-12-13 14:44:57 - [MESSAGE][PASSED] - Delayed 2 second(s)

2018-12-13 14:44:57 - [TEST_STEP][PASSED] - click: Object: 'Object Repository/Final Object Repo/New Registration - Registration Module Pages/New Reg - OTC to RO/Special Case - All Related Objects/Form 2 Save n Continue' is clicked on

2018-12-13 14:44:57 - [MESSAGE][PASSED] - Object: 'Object Repository/Final Object Repo/New Registration - Registration Module Pages/New Reg - OTC to RO/Special Case - All Related Objects/Form 2 Save n Continue' is clicked on

2018-12-13 14:44:57 - [TEST_STEP][PASSED] - delay: Delayed 2 second(s)

2018-12-13 14:44:59 - [MESSAGE][PASSED] - Delayed 2 second(s)

2018-12-13 14:44:59 - [TEST_STEP][PASSED] - click: Object: 'Object Repository/Final Object Repo/New Registration - Registration Module Pages/New Reg - OTC to RO/Special Case - All Related Objects/Third Screen Save n Continue' is clicked on

2018-12-13 14:45:04 - [MESSAGE][PASSED] - Object: 'Object Repository/Final Object Repo/New Registration - Registration Module Pages/New Reg - OTC to RO/Special Case - All Related Objects/Third Screen Save n Continue' is clicked on

2018-12-13 14:45:04 - [TEST_STEP][PASSED] - delay: Delayed 5 second(s)

2018-12-13 14:45:09 - [MESSAGE][PASSED] - Delayed 5 second(s)

2018-12-13 14:45:09 - [TEST_STEP][PASSED] - click: Object: 'Object Repository/Final Object Repo/New Registration - Registration Module Pages/New Reg - OTC to RO/Special Case - All Related Objects/Upload Doc Page Save n Continue' is clicked on

2018-12-13 14:45:09 - [MESSAGE][PASSED] - Object: 'Object Repository/Final Object Repo/New Registration - Registration Module Pages/New Reg - OTC to RO/Special Case - All Related Objects/Upload Doc Page Save n Continue' is clicked on

2018-12-13 14:45:09 - [TEST_STEP][PASSED] - callTestCase: Call Test Case 'Test Cases/Final Aug 2018 - PKS Automation/Registration Module/New Registration/Submit and Screenshot/Submit Registration and Screenshot' successfully

2018-12-13 14:45:09 - [TEST_CASE][PASSED] - Test Cases/Final Aug 2018 - PKS Automation/Registration Module/New Registration/Submit and Screenshot/Submit Registration and Screenshot: Test Cases/Final Aug 2018 - PKS Automation/Registration Module/New Registration/Submit and Screenshot/Submit Registration and Screenshot

2018-12-13 14:45:09 - [TEST_STEP][PASSED] - delay: Delayed 6 second(s)

2018-12-13 14:45:15 - [MESSAGE][PASSED] - Delayed 6 second(s)

2018-12-13 14:45:15 - [TEST_STEP][PASSED] - click: Object: 'Object Repository/Final Object Repo/New Registration - Registration Module Pages/Third Screen - Upload Supporting Doc- Preview/Preview Submit Button' is clicked on

2018-12-13 14:45:16 - [MESSAGE][PASSED] - Object: 'Object Repository/Final Object Repo/New Registration - Registration Module Pages/Third Screen - Upload Supporting Doc- Preview/Preview Submit Button' is clicked on

2018-12-13 14:45:16 - [TEST_STEP][PASSED] - delay: Delayed 2 second(s)

2018-12-13 14:45:18 - [MESSAGE][PASSED] - Delayed 2 second(s)

2018-12-13 14:45:18 - [TEST_STEP][PASSED] - click: Object: 'Object Repository/Final Object Repo/New Registration - Registration Module Pages/Third Screen - Upload Supporting Doc- Preview/Preview Submit - Confirm' is clicked on

2018-12-13 14:45:18 - [MESSAGE][PASSED] - Object: 'Object Repository/Final Object Repo/New Registration - Registration Module Pages/Third Screen - Upload Supporting Doc- Preview/Preview Submit - Confirm' is clicked on

2018-12-13 14:45:18 - [TEST_STEP][PASSED] - delay: Delayed 15 second(s)

2018-12-13 14:45:33 - [MESSAGE][PASSED] - Delayed 15 second(s)

2018-12-13 14:45:33 - [TEST_STEP][PASSED] - Statement - driver = com.kms.katalon.core.webui.driver.DriverFactory.getWebDriver(): null

2018-12-13 14:45:33 - [TEST_STEP][PASSED] - Statement - driver.manage().timeouts().implicitlyWait(10, SECONDS): null

2018-12-13 14:45:33 - [TEST_STEP][PASSED] - Statement - PresavePath = KatalonScreenshots: null

2018-12-13 14:45:33 - [TEST_STEP][PASSED] - Statement - pathPrefix = "C:\Users\Public\Pictures\Sample Pictures\Katalon Screenshots\Automate Ending Screen": null

2018-12-13 14:45:33 - [TEST_STEP][PASSED] - Statement - finalPath = <not implemented yet for class: org.codehaus.groovy.ast.expr.EmptyExpression>: null

2018-12-13 14:45:33 - [TEST_STEP][PASSED] - Statement - scrFile = driver.getScreenshotAs(FILE): null

2018-12-13 14:45:33 - [TEST_STEP][PASSED] - Statement - PreSaveFile = new java.io.File(PresavePath): null

2018-12-13 14:45:33 - [TEST_STEP][PASSED] - Statement - counter = 0: null

2018-12-13 14:45:33 - [TEST_STEP][PASSED] - Statement - If (PreSaveFile.exists()): null

2018-12-13 14:45:33 - [TEST_STEP][PASSED] - Statement - While (PreSaveFile.exists()): null

2018-12-13 14:45:33 - [TEST_STEP][PASSED] - Statement - counter = counter + 1: null

2018-12-13 14:45:33 - [TEST_STEP][PASSED] - Statement - PreSaveFile = new java.io.File(((pathPrefix + java.lang.Integer.toString(counter)) + .png)): null

2018-12-13 14:45:33 - [TEST_STEP][PASSED] - Statement - counter = counter + 1: null

2018-12-13 14:45:33 - [TEST_STEP][PASSED] - Statement - PreSaveFile = new java.io.File(((pathPrefix + java.lang.Integer.toString(counter)) + .png)): null

2018-12-13 14:45:33 - [TEST_STEP][PASSED] - Statement - counter = counter + 1: null

2018-12-13 14:45:33 - [TEST_STEP][PASSED] - Statement - PreSaveFile = new java.io.File(((pathPrefix + java.lang.Integer.toString(counter)) + .png)): null

2018-12-13 14:45:33 - [TEST_STEP][PASSED] - Statement - counter = counter + 1: null

2018-12-13 14:45:33 - [TEST_STEP][PASSED] - Statement - PreSaveFile = new java.io.File(((pathPrefix + java.lang.Integer.toString(counter)) + .png)): null

2018-12-13 14:45:33 - [TEST_STEP][PASSED] - Statement - counter = counter + 1: null

2018-12-13 14:45:33 - [TEST_STEP][PASSED] - Statement - PreSaveFile = new java.io.File(((pathPrefix + java.lang.Integer.toString(counter)) + .png)): null

2018-12-13 14:45:33 - [TEST_STEP][PASSED] - Statement - counter = counter + 1: null

2018-12-13 14:45:33 - [TEST_STEP][PASSED] - Statement - PreSaveFile = new java.io.File(((pathPrefix + java.lang.Integer.toString(counter)) + .png)): null

2018-12-13 14:45:33 - [TEST_STEP][PASSED] - Statement - counter = counter + 1: null

2018-12-13 14:45:33 - [TEST_STEP][PASSED] - Statement - PreSaveFile = new java.io.File(((pathPrefix + java.lang.Integer.toString(counter)) + .png)): null

2018-12-13 14:45:33 - [TEST_STEP][PASSED] - Statement - counter = counter + 1: null

2018-12-13 14:45:33 - [TEST_STEP][PASSED] - Statement - PreSaveFile = new java.io.File(((pathPrefix + java.lang.Integer.toString(counter)) + .png)): null

2018-12-13 14:45:33 - [TEST_STEP][PASSED] - Statement - counter = counter + 1: null

2018-12-13 14:45:33 - [TEST_STEP][PASSED] - Statement - PreSaveFile = new java.io.File(((pathPrefix + java.lang.Integer.toString(counter)) + .png)): null

2018-12-13 14:45:33 - [TEST_STEP][PASSED] - Statement - counter = counter + 1: null

2018-12-13 14:45:33 - [TEST_STEP][PASSED] - Statement - PreSaveFile = new java.io.File(((pathPrefix + java.lang.Integer.toString(counter)) + .png)): null

2018-12-13 14:45:33 - [TEST_STEP][PASSED] - Statement - counter = counter + 1: null

2018-12-13 14:45:33 - [TEST_STEP][PASSED] - Statement - PreSaveFile = new java.io.File(((pathPrefix + java.lang.Integer.toString(counter)) + .png)): null

2018-12-13 14:45:33 - [TEST_STEP][PASSED] - Statement - counter = counter + 1: null

2018-12-13 14:45:33 - [TEST_STEP][PASSED] - Statement - PreSaveFile = new java.io.File(((pathPrefix + java.lang.Integer.toString(counter)) + .png)): null

2018-12-13 14:45:33 - [TEST_STEP][PASSED] - Statement - counter = counter + 1: null

2018-12-13 14:45:33 - [TEST_STEP][PASSED] - Statement - PreSaveFile = new java.io.File(((pathPrefix + java.lang.Integer.toString(counter)) + .png)): null

2018-12-13 14:45:33 - [TEST_STEP][PASSED] - Statement - counter = counter + 1: null

2018-12-13 14:45:33 - [TEST_STEP][PASSED] - Statement - PreSaveFile = new java.io.File(((pathPrefix + java.lang.Integer.toString(counter)) + .png)): null

2018-12-13 14:45:33 - [TEST_STEP][PASSED] - Statement - counter = counter + 1: null

2018-12-13 14:45:33 - [TEST_STEP][PASSED] - Statement - PreSaveFile = new java.io.File(((pathPrefix + java.lang.Integer.toString(counter)) + .png)): null

2018-12-13 14:45:33 - [TEST_STEP][PASSED] - Statement - counter = counter + 1: null

2018-12-13 14:45:33 - [TEST_STEP][PASSED] - Statement - PreSaveFile = new java.io.File(((pathPrefix + java.lang.Integer.toString(counter)) + .png)): null

2018-12-13 14:45:33 - [TEST_STEP][PASSED] - Statement - counter = counter + 1: null

2018-12-13 14:45:33 - [TEST_STEP][PASSED] - Statement - PreSaveFile = new java.io.File(((pathPrefix + java.lang.Integer.toString(counter)) + .png)): null

2018-12-13 14:45:33 - [TEST_STEP][PASSED] - Statement - counter = counter + 1: null

2018-12-13 14:45:33 - [TEST_STEP][PASSED] - Statement - PreSaveFile = new java.io.File(((pathPrefix + java.lang.Integer.toString(counter)) + .png)): null

2018-12-13 14:45:33 - [TEST_STEP][PASSED] - Statement - counter = counter + 1: null

2018-12-13 14:45:33 - [TEST_STEP][PASSED] - Statement - PreSaveFile = new java.io.File(((pathPrefix + java.lang.Integer.toString(counter)) + .png)): null

2018-12-13 14:45:33 - [TEST_STEP][PASSED] - Statement - counter = counter + 1: null

2018-12-13 14:45:33 - [TEST_STEP][PASSED] - Statement - PreSaveFile = new java.io.File(((pathPrefix + java.lang.Integer.toString(counter)) + .png)): null

2018-12-13 14:45:33 - [TEST_STEP][PASSED] - Statement - counter = counter + 1: null

2018-12-13 14:45:33 - [TEST_STEP][PASSED] - Statement - PreSaveFile = new java.io.File(((pathPrefix + java.lang.Integer.toString(counter)) + .png)): null

2018-12-13 14:45:33 - [TEST_STEP][PASSED] - Statement - counter = counter + 1: null

2018-12-13 14:45:33 - [TEST_STEP][PASSED] - Statement - PreSaveFile = new java.io.File(((pathPrefix + java.lang.Integer.toString(counter)) + .png)): null

2018-12-13 14:45:33 - [TEST_STEP][PASSED] - Statement - counter = counter + 1: null

2018-12-13 14:45:33 - [TEST_STEP][PASSED] - Statement - PreSaveFile = new java.io.File(((pathPrefix + java.lang.Integer.toString(counter)) + .png)): null

2018-12-13 14:45:33 - [TEST_STEP][PASSED] - Statement - counter = counter + 1: null

2018-12-13 14:45:33 - [TEST_STEP][PASSED] - Statement - PreSaveFile = new java.io.File(((pathPrefix + java.lang.Integer.toString(counter)) + .png)): null

2018-12-13 14:45:33 - [TEST_STEP][PASSED] - Statement - counter = counter + 1: null

2018-12-13 14:45:33 - [TEST_STEP][PASSED] - Statement - PreSaveFile = new java.io.File(((pathPrefix + java.lang.Integer.toString(counter)) + .png)): null

2018-12-13 14:45:33 - [TEST_STEP][PASSED] - Statement - counter = counter + 1: null

2018-12-13 14:45:33 - [TEST_STEP][PASSED] - Statement - PreSaveFile = new java.io.File(((pathPrefix + java.lang.Integer.toString(counter)) + .png)): null

2018-12-13 14:45:33 - [TEST_STEP][PASSED] - Statement - counter = counter + 1: null

2018-12-13 14:45:33 - [TEST_STEP][PASSED] - Statement - PreSaveFile = new java.io.File(((pathPrefix + java.lang.Integer.toString(counter)) + .png)): null

2018-12-13 14:45:33 - [TEST_STEP][PASSED] - Statement - counter = counter + 1: null

2018-12-13 14:45:33 - [TEST_STEP][PASSED] - Statement - PreSaveFile = new java.io.File(((pathPrefix + java.lang.Integer.toString(counter)) + .png)): null

2018-12-13 14:45:33 - [TEST_STEP][PASSED] - Statement - counter = counter + 1: null

2018-12-13 14:45:33 - [TEST_STEP][PASSED] - Statement - PreSaveFile = new java.io.File(((pathPrefix + java.lang.Integer.toString(counter)) + .png)): null

2018-12-13 14:45:33 - [TEST_STEP][PASSED] - Statement - counter = counter + 1: null

2018-12-13 14:45:33 - [TEST_STEP][PASSED] - Statement - PreSaveFile = new java.io.File(((pathPrefix + java.lang.Integer.toString(counter)) + .png)): null

2018-12-13 14:45:33 - [TEST_STEP][PASSED] - Statement - counter = counter + 1: null

2018-12-13 14:45:33 - [TEST_STEP][PASSED] - Statement - PreSaveFile = new java.io.File(((pathPrefix + java.lang.Integer.toString(counter)) + .png)): null

2018-12-13 14:45:33 - [TEST_STEP][PASSED] - Statement - counter = counter + 1: null

2018-12-13 14:45:33 - [TEST_STEP][PASSED] - Statement - PreSaveFile = new java.io.File(((pathPrefix + java.lang.Integer.toString(counter)) + .png)): null

2018-12-13 14:45:33 - [TEST_STEP][PASSED] - Statement - counter = counter + 1: null

2018-12-13 14:45:33 - [TEST_STEP][PASSED] - Statement - PreSaveFile = new java.io.File(((pathPrefix + java.lang.Integer.toString(counter)) + .png)): null

2018-12-13 14:45:33 - [TEST_STEP][PASSED] - Statement - counter = counter + 1: null

2018-12-13 14:45:33 - [TEST_STEP][PASSED] - Statement - PreSaveFile = new java.io.File(((pathPrefix + java.lang.Integer.toString(counter)) + .png)): null

2018-12-13 14:45:33 - [TEST_STEP][PASSED] - Statement - counter = counter + 1: null

2018-12-13 14:45:33 - [TEST_STEP][PASSED] - Statement - PreSaveFile = new java.io.File(((pathPrefix + java.lang.Integer.toString(counter)) + .png)): null

2018-12-13 14:45:33 - [TEST_STEP][PASSED] - Statement - counter = counter + 1: null

2018-12-13 14:45:33 - [TEST_STEP][PASSED] - Statement - PreSaveFile = new java.io.File(((pathPrefix + java.lang.Integer.toString(counter)) + .png)): null

2018-12-13 14:45:33 - [TEST_STEP][PASSED] - Statement - counter = counter + 1: null

2018-12-13 14:45:33 - [TEST_STEP][PASSED] - Statement - PreSaveFile = new java.io.File(((pathPrefix + java.lang.Integer.toString(counter)) + .png)): null

2018-12-13 14:45:33 - [TEST_STEP][PASSED] - Statement - counter = counter + 1: null

2018-12-13 14:45:33 - [TEST_STEP][PASSED] - Statement - PreSaveFile = new java.io.File(((pathPrefix + java.lang.Integer.toString(counter)) + .png)): null

2018-12-13 14:45:33 - [TEST_STEP][PASSED] - Statement - counter = counter + 1: null

2018-12-13 14:45:33 - [TEST_STEP][PASSED] - Statement - PreSaveFile = new java.io.File(((pathPrefix + java.lang.Integer.toString(counter)) + .png)): null

2018-12-13 14:45:33 - [TEST_STEP][PASSED] - Statement - counter = counter + 1: null

2018-12-13 14:45:33 - [TEST_STEP][PASSED] - Statement - PreSaveFile = new java.io.File(((pathPrefix + java.lang.Integer.toString(counter)) + .png)): null

2018-12-13 14:45:33 - [TEST_STEP][PASSED] - Statement - counter = counter + 1: null

2018-12-13 14:45:33 - [TEST_STEP][PASSED] - Statement - PreSaveFile = new java.io.File(((pathPrefix + java.lang.Integer.toString(counter)) + .png)): null

2018-12-13 14:45:33 - [TEST_STEP][PASSED] - Statement - counter = counter + 1: null

2018-12-13 14:45:33 - [TEST_STEP][PASSED] - Statement - PreSaveFile = new java.io.File(((pathPrefix + java.lang.Integer.toString(counter)) + .png)): null

2018-12-13 14:45:33 - [TEST_STEP][PASSED] - Statement - counter = counter + 1: null

2018-12-13 14:45:33 - [TEST_STEP][PASSED] - Statement - PreSaveFile = new java.io.File(((pathPrefix + java.lang.Integer.toString(counter)) + .png)): null

2018-12-13 14:45:33 - [TEST_STEP][PASSED] - Statement - counter = counter + 1: null

2018-12-13 14:45:33 - [TEST_STEP][PASSED] - Statement - PreSaveFile = new java.io.File(((pathPrefix + java.lang.Integer.toString(counter)) + .png)): null

2018-12-13 14:45:33 - [TEST_STEP][PASSED] - Statement - counter = counter + 1: null

2018-12-13 14:45:33 - [TEST_STEP][PASSED] - Statement - PreSaveFile = new java.io.File(((pathPrefix + java.lang.Integer.toString(counter)) + .png)): null

2018-12-13 14:45:33 - [TEST_STEP][PASSED] - Statement - counter = counter + 1: null

2018-12-13 14:45:33 - [TEST_STEP][PASSED] - Statement - PreSaveFile = new java.io.File(((pathPrefix + java.lang.Integer.toString(counter)) + .png)): null

2018-12-13 14:45:33 - [TEST_STEP][PASSED] - Statement - counter = counter + 1: null

2018-12-13 14:45:33 - [TEST_STEP][PASSED] - Statement - PreSaveFile = new java.io.File(((pathPrefix + java.lang.Integer.toString(counter)) + .png)): null

2018-12-13 14:45:33 - [TEST_STEP][PASSED] - Statement - counter = counter + 1: null

2018-12-13 14:45:33 - [TEST_STEP][PASSED] - Statement - PreSaveFile = new java.io.File(((pathPrefix + java.lang.Integer.toString(counter)) + .png)): null

2018-12-13 14:45:33 - [TEST_STEP][PASSED] - Statement - counter = counter + 1: null

2018-12-13 14:45:33 - [TEST_STEP][PASSED] - Statement - PreSaveFile = new java.io.File(((pathPrefix + java.lang.Integer.toString(counter)) + .png)): null

2018-12-13 14:45:33 - [TEST_STEP][PASSED] - Statement - counter = counter + 1: null

2018-12-13 14:45:33 - [TEST_STEP][PASSED] - Statement - PreSaveFile = new java.io.File(((pathPrefix + java.lang.Integer.toString(counter)) + .png)): null

2018-12-13 14:45:33 - [TEST_STEP][PASSED] - Statement - counter = counter + 1: null

2018-12-13 14:45:33 - [TEST_STEP][PASSED] - Statement - PreSaveFile = new java.io.File(((pathPrefix + java.lang.Integer.toString(counter)) + .png)): null

2018-12-13 14:45:33 - [TEST_STEP][PASSED] - Statement - counter = counter + 1: null

2018-12-13 14:45:33 - [TEST_STEP][PASSED] - Statement - PreSaveFile = new java.io.File(((pathPrefix + java.lang.Integer.toString(counter)) + .png)): null

2018-12-13 14:45:33 - [TEST_STEP][PASSED] - Statement - counter = counter + 1: null

2018-12-13 14:45:33 - [TEST_STEP][PASSED] - Statement - PreSaveFile = new java.io.File(((pathPrefix + java.lang.Integer.toString(counter)) + .png)): null

2018-12-13 14:45:33 - [TEST_STEP][PASSED] - Statement - counter = counter + 1: null

2018-12-13 14:45:33 - [TEST_STEP][PASSED] - Statement - PreSaveFile = new java.io.File(((pathPrefix + java.lang.Integer.toString(counter)) + .png)): null

2018-12-13 14:45:33 - [TEST_STEP][PASSED] - Statement - counter = counter + 1: null

2018-12-13 14:45:33 - [TEST_STEP][PASSED] - Statement - PreSaveFile = new java.io.File(((pathPrefix + java.lang.Integer.toString(counter)) + .png)): null

2018-12-13 14:45:33 - [TEST_STEP][PASSED] - Statement - counter = counter + 1: null

2018-12-13 14:45:33 - [TEST_STEP][PASSED] - Statement - PreSaveFile = new java.io.File(((pathPrefix + java.lang.Integer.toString(counter)) + .png)): null

2018-12-13 14:45:33 - [TEST_STEP][PASSED] - Statement - counter = counter + 1: null

2018-12-13 14:45:33 - [TEST_STEP][PASSED] - Statement - PreSaveFile = new java.io.File(((pathPrefix + java.lang.Integer.toString(counter)) + .png)): null

2018-12-13 14:45:33 - [TEST_STEP][PASSED] - Statement - counter = counter + 1: null

2018-12-13 14:45:33 - [TEST_STEP][PASSED] - Statement - PreSaveFile = new java.io.File(((pathPrefix + java.lang.Integer.toString(counter)) + .png)): null

2018-12-13 14:45:33 - [TEST_STEP][PASSED] - Statement - counter = counter + 1: null

2018-12-13 14:45:33 - [TEST_STEP][PASSED] - Statement - PreSaveFile = new java.io.File(((pathPrefix + java.lang.Integer.toString(counter)) + .png)): null

2018-12-13 14:45:33 - [TEST_STEP][PASSED] - Statement - counter = counter + 1: null

2018-12-13 14:45:33 - [TEST_STEP][PASSED] - Statement - PreSaveFile = new java.io.File(((pathPrefix + java.lang.Integer.toString(counter)) + .png)): null

2018-12-13 14:45:33 - [TEST_STEP][PASSED] - Statement - counter = counter + 1: null

2018-12-13 14:45:33 - [TEST_STEP][PASSED] - Statement - PreSaveFile = new java.io.File(((pathPrefix + java.lang.Integer.toString(counter)) + .png)): null

2018-12-13 14:45:33 - [TEST_STEP][PASSED] - Statement - counter = counter + 1: null

2018-12-13 14:45:33 - [TEST_STEP][PASSED] - Statement - PreSaveFile = new java.io.File(((pathPrefix + java.lang.Integer.toString(counter)) + .png)): null

2018-12-13 14:45:33 - [TEST_STEP][PASSED] - Statement - counter = counter + 1: null

2018-12-13 14:45:33 - [TEST_STEP][PASSED] - Statement - PreSaveFile = new java.io.File(((pathPrefix + java.lang.Integer.toString(counter)) + .png)): null

2018-12-13 14:45:33 - [TEST_STEP][PASSED] - Statement - counter = counter + 1: null

2018-12-13 14:45:33 - [TEST_STEP][PASSED] - Statement - PreSaveFile = new java.io.File(((pathPrefix + java.lang.Integer.toString(counter)) + .png)): null

2018-12-13 14:45:33 - [TEST_STEP][PASSED] - Statement - counter = counter + 1: null

2018-12-13 14:45:33 - [TEST_STEP][PASSED] - Statement - PreSaveFile = new java.io.File(((pathPrefix + java.lang.Integer.toString(counter)) + .png)): null

2018-12-13 14:45:33 - [TEST_STEP][PASSED] - Statement - counter = counter + 1: null

2018-12-13 14:45:33 - [TEST_STEP][PASSED] - Statement - PreSaveFile = new java.io.File(((pathPrefix + java.lang.Integer.toString(counter)) + .png)): null

2018-12-13 14:45:33 - [TEST_STEP][PASSED] - Statement - counter = counter + 1: null

2018-12-13 14:45:33 - [TEST_STEP][PASSED] - Statement - PreSaveFile = new java.io.File(((pathPrefix + java.lang.Integer.toString(counter)) + .png)): null

2018-12-13 14:45:33 - [TEST_STEP][PASSED] - Statement - counter = counter + 1: null

2018-12-13 14:45:33 - [TEST_STEP][PASSED] - Statement - PreSaveFile = new java.io.File(((pathPrefix + java.lang.Integer.toString(counter)) + .png)): null

2018-12-13 14:45:33 - [TEST_STEP][PASSED] - Statement - counter = counter + 1: null

2018-12-13 14:45:33 - [TEST_STEP][PASSED] - Statement - PreSaveFile = new java.io.File(((pathPrefix + java.lang.Integer.toString(counter)) + .png)): null

2018-12-13 14:45:33 - [TEST_STEP][PASSED] - Statement - counter = counter + 1: null

2018-12-13 14:45:33 - [TEST_STEP][PASSED] - Statement - PreSaveFile = new java.io.File(((pathPrefix + java.lang.Integer.toString(counter)) + .png)): null

2018-12-13 14:45:33 - [TEST_STEP][PASSED] - Statement - counter = counter + 1: null

2018-12-13 14:45:33 - [TEST_STEP][PASSED] - Statement - PreSaveFile = new java.io.File(((pathPrefix + java.lang.Integer.toString(counter)) + .png)): null

2018-12-13 14:45:33 - [TEST_STEP][PASSED] - Statement - counter = counter + 1: null

2018-12-13 14:45:33 - [TEST_STEP][PASSED] - Statement - PreSaveFile = new java.io.File(((pathPrefix + java.lang.Integer.toString(counter)) + .png)): null

2018-12-13 14:45:33 - [TEST_STEP][PASSED] - Statement - counter = counter + 1: null

2018-12-13 14:45:33 - [TEST_STEP][PASSED] - Statement - PreSaveFile = new java.io.File(((pathPrefix + java.lang.Integer.toString(counter)) + .png)): null

2018-12-13 14:45:33 - [TEST_STEP][PASSED] - Statement - counter = counter + 1: null

2018-12-13 14:45:33 - [TEST_STEP][PASSED] - Statement - PreSaveFile = new java.io.File(((pathPrefix + java.lang.Integer.toString(counter)) + .png)): null

2018-12-13 14:45:33 - [TEST_STEP][PASSED] - Statement - counter = counter + 1: null

2018-12-13 14:45:33 - [TEST_STEP][PASSED] - Statement - PreSaveFile = new java.io.File(((pathPrefix + java.lang.Integer.toString(counter)) + .png)): null

2018-12-13 14:45:33 - [TEST_STEP][PASSED] - Statement - counter = counter + 1: null

2018-12-13 14:45:33 - [TEST_STEP][PASSED] - Statement - PreSaveFile = new java.io.File(((pathPrefix + java.lang.Integer.toString(counter)) + .png)): null

2018-12-13 14:45:33 - [TEST_STEP][PASSED] - Statement - counter = counter + 1: null

2018-12-13 14:45:33 - [TEST_STEP][PASSED] - Statement - PreSaveFile = new java.io.File(((pathPrefix + java.lang.Integer.toString(counter)) + .png)): null

2018-12-13 14:45:33 - [TEST_STEP][PASSED] - Statement - counter = counter + 1: null

2018-12-13 14:45:33 - [TEST_STEP][PASSED] - Statement - PreSaveFile = new java.io.File(((pathPrefix + java.lang.Integer.toString(counter)) + .png)): null

2018-12-13 14:45:33 - [TEST_STEP][PASSED] - Statement - counter = counter + 1: null

2018-12-13 14:45:33 - [TEST_STEP][PASSED] - Statement - PreSaveFile = new java.io.File(((pathPrefix + java.lang.Integer.toString(counter)) + .png)): null

2018-12-13 14:45:33 - [TEST_STEP][PASSED] - Statement - counter = counter + 1: null

2018-12-13 14:45:33 - [TEST_STEP][PASSED] - Statement - PreSaveFile = new java.io.File(((pathPrefix + java.lang.Integer.toString(counter)) + .png)): null

2018-12-13 14:45:33 - [TEST_STEP][PASSED] - Statement - counter = counter + 1: null

2018-12-13 14:45:33 - [TEST_STEP][PASSED] - Statement - PreSaveFile = new java.io.File(((pathPrefix + java.lang.Integer.toString(counter)) + .png)): null

2018-12-13 14:45:33 - [TEST_STEP][PASSED] - Statement - counter = counter + 1: null

2018-12-13 14:45:33 - [TEST_STEP][PASSED] - Statement - PreSaveFile = new java.io.File(((pathPrefix + java.lang.Integer.toString(counter)) + .png)): null

2018-12-13 14:45:33 - [TEST_STEP][PASSED] - Statement - counter = counter + 1: null

2018-12-13 14:45:33 - [TEST_STEP][PASSED] - Statement - PreSaveFile = new java.io.File(((pathPrefix + java.lang.Integer.toString(counter)) + .png)): null

2018-12-13 14:45:33 - [TEST_STEP][PASSED] - Statement - counter = counter + 1: null

2018-12-13 14:45:33 - [TEST_STEP][PASSED] - Statement - PreSaveFile = new java.io.File(((pathPrefix + java.lang.Integer.toString(counter)) + .png)): null

2018-12-13 14:45:33 - [TEST_STEP][PASSED] - Statement - counter = counter + 1: null

2018-12-13 14:45:33 - [TEST_STEP][PASSED] - Statement - PreSaveFile = new java.io.File(((pathPrefix + java.lang.Integer.toString(counter)) + .png)): null

2018-12-13 14:45:33 - [TEST_STEP][PASSED] - Statement - counter = counter + 1: null

2018-12-13 14:45:33 - [TEST_STEP][PASSED] - Statement - PreSaveFile = new java.io.File(((pathPrefix + java.lang.Integer.toString(counter)) + .png)): null

2018-12-13 14:45:33 - [TEST_STEP][PASSED] - Statement - counter = counter + 1: null

2018-12-13 14:45:33 - [TEST_STEP][PASSED] - Statement - PreSaveFile = new java.io.File(((pathPrefix + java.lang.Integer.toString(counter)) + .png)): null

2018-12-13 14:45:33 - [TEST_STEP][PASSED] - Statement - counter = counter + 1: null

2018-12-13 14:45:33 - [TEST_STEP][PASSED] - Statement - PreSaveFile = new java.io.File(((pathPrefix + java.lang.Integer.toString(counter)) + .png)): null

2018-12-13 14:45:33 - [TEST_STEP][PASSED] - Statement - counter = counter + 1: null

2018-12-13 14:45:33 - [TEST_STEP][PASSED] - Statement - PreSaveFile = new java.io.File(((pathPrefix + java.lang.Integer.toString(counter)) + .png)): null

2018-12-13 14:45:33 - [TEST_STEP][PASSED] - Statement - counter = counter + 1: null

2018-12-13 14:45:33 - [TEST_STEP][PASSED] - Statement - PreSaveFile = new java.io.File(((pathPrefix + java.lang.Integer.toString(counter)) + .png)): null

2018-12-13 14:45:33 - [TEST_STEP][PASSED] - Statement - counter = counter + 1: null

2018-12-13 14:45:33 - [TEST_STEP][PASSED] - Statement - PreSaveFile = new java.io.File(((pathPrefix + java.lang.Integer.toString(counter)) + .png)): null

2018-12-13 14:45:33 - [TEST_STEP][PASSED] - Statement - counter = counter + 1: null

2018-12-13 14:45:33 - [TEST_STEP][PASSED] - Statement - PreSaveFile = new java.io.File(((pathPrefix + java.lang.Integer.toString(counter)) + .png)): null

2018-12-13 14:45:33 - [TEST_STEP][PASSED] - Statement - counter = counter + 1: null

2018-12-13 14:45:33 - [TEST_STEP][PASSED] - Statement - PreSaveFile = new java.io.File(((pathPrefix + java.lang.Integer.toString(counter)) + .png)): null

2018-12-13 14:45:33 - [TEST_STEP][PASSED] - Statement - counter = counter + 1: null

2018-12-13 14:45:33 - [TEST_STEP][PASSED] - Statement - PreSaveFile = new java.io.File(((pathPrefix + java.lang.Integer.toString(counter)) + .png)): null

2018-12-13 14:45:33 - [TEST_STEP][PASSED] - Statement - counter = counter + 1: null

2018-12-13 14:45:33 - [TEST_STEP][PASSED] - Statement - PreSaveFile = new java.io.File(((pathPrefix + java.lang.Integer.toString(counter)) + .png)): null

2018-12-13 14:45:33 - [TEST_STEP][PASSED] - Statement - counter = counter + 1: null

2018-12-13 14:45:33 - [TEST_STEP][PASSED] - Statement - PreSaveFile = new java.io.File(((pathPrefix + java.lang.Integer.toString(counter)) + .png)): null

2018-12-13 14:45:33 - [TEST_STEP][PASSED] - Statement - counter = counter + 1: null

2018-12-13 14:45:33 - [TEST_STEP][PASSED] - Statement - PreSaveFile = new java.io.File(((pathPrefix + java.lang.Integer.toString(counter)) + .png)): null

2018-12-13 14:45:33 - [TEST_STEP][PASSED] - Statement - counter = counter + 1: null

2018-12-13 14:45:33 - [TEST_STEP][PASSED] - Statement - PreSaveFile = new java.io.File(((pathPrefix + java.lang.Integer.toString(counter)) + .png)): null

2018-12-13 14:45:33 - [TEST_STEP][PASSED] - Statement - counter = counter + 1: null

2018-12-13 14:45:34 - [TEST_STEP][PASSED] - Statement - PreSaveFile = new java.io.File(((pathPrefix + java.lang.Integer.toString(counter)) + .png)): null

2018-12-13 14:45:34 - [TEST_STEP][PASSED] - Statement - counter = counter + 1: null

2018-12-13 14:45:34 - [TEST_STEP][PASSED] - Statement - PreSaveFile = new java.io.File(((pathPrefix + java.lang.Integer.toString(counter)) + .png)): null

2018-12-13 14:45:34 - [TEST_STEP][PASSED] - Statement - counter = counter + 1: null

2018-12-13 14:45:34 - [TEST_STEP][PASSED] - Statement - PreSaveFile = new java.io.File(((pathPrefix + java.lang.Integer.toString(counter)) + .png)): null

2018-12-13 14:45:34 - [TEST_STEP][PASSED] - Statement - counter = counter + 1: null

2018-12-13 14:45:34 - [TEST_STEP][PASSED] - Statement - PreSaveFile = new java.io.File(((pathPrefix + java.lang.Integer.toString(counter)) + .png)): null

2018-12-13 14:45:34 - [TEST_STEP][PASSED] - Statement - counter = counter + 1: null

2018-12-13 14:45:34 - [TEST_STEP][PASSED] - Statement - PreSaveFile = new java.io.File(((pathPrefix + java.lang.Integer.toString(counter)) + .png)): null

2018-12-13 14:45:34 - [TEST_STEP][PASSED] - Statement - counter = counter + 1: null

2018-12-13 14:45:34 - [TEST_STEP][PASSED] - Statement - PreSaveFile = new java.io.File(((pathPrefix + java.lang.Integer.toString(counter)) + .png)): null

2018-12-13 14:45:34 - [TEST_STEP][PASSED] - Statement - counter = counter + 1: null

2018-12-13 14:45:34 - [TEST_STEP][PASSED] - Statement - PreSaveFile = new java.io.File(((pathPrefix + java.lang.Integer.toString(counter)) + .png)): null

2018-12-13 14:45:34 - [TEST_STEP][PASSED] - Statement - counter = counter + 1: null

2018-12-13 14:45:34 - [TEST_STEP][PASSED] - Statement - PreSaveFile = new java.io.File(((pathPrefix + java.lang.Integer.toString(counter)) + .png)): null

2018-12-13 14:45:34 - [TEST_STEP][PASSED] - Statement - counter = counter + 1: null

2018-12-13 14:45:34 - [TEST_STEP][PASSED] - Statement - PreSaveFile = new java.io.File(((pathPrefix + java.lang.Integer.toString(counter)) + .png)): null

2018-12-13 14:45:34 - [TEST_STEP][PASSED] - Statement - counter = counter + 1: null

2018-12-13 14:45:34 - [TEST_STEP][PASSED] - Statement - PreSaveFile = new java.io.File(((pathPrefix + java.lang.Integer.toString(counter)) + .png)): null

2018-12-13 14:45:34 - [TEST_STEP][PASSED] - Statement - counter = counter + 1: null

2018-12-13 14:45:34 - [TEST_STEP][PASSED] - Statement - PreSaveFile = new java.io.File(((pathPrefix + java.lang.Integer.toString(counter)) + .png)): null

2018-12-13 14:45:34 - [TEST_STEP][PASSED] - Statement - counter = counter + 1: null

2018-12-13 14:45:34 - [TEST_STEP][PASSED] - Statement - PreSaveFile = new java.io.File(((pathPrefix + java.lang.Integer.toString(counter)) + .png)): null

2018-12-13 14:45:34 - [TEST_STEP][PASSED] - Statement - counter = counter + 1: null

2018-12-13 14:45:34 - [TEST_STEP][PASSED] - Statement - PreSaveFile = new java.io.File(((pathPrefix + java.lang.Integer.toString(counter)) + .png)): null

2018-12-13 14:45:34 - [TEST_STEP][PASSED] - Statement - counter = counter + 1: null

2018-12-13 14:45:34 - [TEST_STEP][PASSED] - Statement - PreSaveFile = new java.io.File(((pathPrefix + java.lang.Integer.toString(counter)) + .png)): null

2018-12-13 14:45:34 - [TEST_STEP][PASSED] - Statement - counter = counter + 1: null

2018-12-13 14:45:34 - [TEST_STEP][PASSED] - Statement - PreSaveFile = new java.io.File(((pathPrefix + java.lang.Integer.toString(counter)) + .png)): null

2018-12-13 14:45:34 - [TEST_STEP][PASSED] - Statement - counter = counter + 1: null

2018-12-13 14:45:34 - [TEST_STEP][PASSED] - Statement - PreSaveFile = new java.io.File(((pathPrefix + java.lang.Integer.toString(counter)) + .png)): null

2018-12-13 14:45:34 - [TEST_STEP][PASSED] - Statement - counter = counter + 1: null

2018-12-13 14:45:34 - [TEST_STEP][PASSED] - Statement - PreSaveFile = new java.io.File(((pathPrefix + java.lang.Integer.toString(counter)) + .png)): null

2018-12-13 14:45:34 - [TEST_STEP][PASSED] - Statement - counter = counter + 1: null

2018-12-13 14:45:34 - [TEST_STEP][PASSED] - Statement - PreSaveFile = new java.io.File(((pathPrefix + java.lang.Integer.toString(counter)) + .png)): null

2018-12-13 14:45:34 - [TEST_STEP][PASSED] - Statement - counter = counter + 1: null

2018-12-13 14:45:34 - [TEST_STEP][PASSED] - Statement - PreSaveFile = new java.io.File(((pathPrefix + java.lang.Integer.toString(counter)) + .png)): null

2018-12-13 14:45:34 - [TEST_STEP][PASSED] - Statement - counter = counter + 1: null

2018-12-13 14:45:34 - [TEST_STEP][PASSED] - Statement - PreSaveFile = new java.io.File(((pathPrefix + java.lang.Integer.toString(counter)) + .png)): null

2018-12-13 14:45:34 - [TEST_STEP][PASSED] - Statement - counter = counter + 1: null

2018-12-13 14:45:34 - [TEST_STEP][PASSED] - Statement - PreSaveFile = new java.io.File(((pathPrefix + java.lang.Integer.toString(counter)) + .png)): null

2018-12-13 14:45:34 - [TEST_STEP][PASSED] - Statement - counter = counter + 1: null

2018-12-13 14:45:34 - [TEST_STEP][PASSED] - Statement - PreSaveFile = new java.io.File(((pathPrefix + java.lang.Integer.toString(counter)) + .png)): null

2018-12-13 14:45:34 - [TEST_STEP][PASSED] - Statement - counter = counter + 1: null

2018-12-13 14:45:34 - [TEST_STEP][PASSED] - Statement - PreSaveFile = new java.io.File(((pathPrefix + java.lang.Integer.toString(counter)) + .png)): null

2018-12-13 14:45:34 - [TEST_STEP][PASSED] - Statement - counter = counter + 1: null

2018-12-13 14:45:34 - [TEST_STEP][PASSED] - Statement - PreSaveFile = new java.io.File(((pathPrefix + java.lang.Integer.toString(counter)) + .png)): null

2018-12-13 14:45:34 - [TEST_STEP][PASSED] - Statement - counter = counter + 1: null

2018-12-13 14:45:34 - [TEST_STEP][PASSED] - Statement - PreSaveFile = new java.io.File(((pathPrefix + java.lang.Integer.toString(counter)) + .png)): null

2018-12-13 14:45:34 - [TEST_STEP][PASSED] - Statement - counter = counter + 1: null

2018-12-13 14:45:34 - [TEST_STEP][PASSED] - Statement - PreSaveFile = new java.io.File(((pathPrefix + java.lang.Integer.toString(counter)) + .png)): null

2018-12-13 14:45:34 - [TEST_STEP][PASSED] - Statement - counter = counter + 1: null

2018-12-13 14:45:34 - [TEST_STEP][PASSED] - Statement - PreSaveFile = new java.io.File(((pathPrefix + java.lang.Integer.toString(counter)) + .png)): null

2018-12-13 14:45:34 - [TEST_STEP][PASSED] - Statement - counter = counter + 1: null

2018-12-13 14:45:34 - [TEST_STEP][PASSED] - Statement - PreSaveFile = new java.io.File(((pathPrefix + java.lang.Integer.toString(counter)) + .png)): null

2018-12-13 14:45:34 - [TEST_STEP][PASSED] - Statement - counter = counter + 1: null

2018-12-13 14:45:34 - [TEST_STEP][PASSED] - Statement - PreSaveFile = new java.io.File(((pathPrefix + java.lang.Integer.toString(counter)) + .png)): null

2018-12-13 14:45:34 - [TEST_STEP][PASSED] - Statement - counter = counter + 1: null

2018-12-13 14:45:34 - [TEST_STEP][PASSED] - Statement - PreSaveFile = new java.io.File(((pathPrefix + java.lang.Integer.toString(counter)) + .png)): null

2018-12-13 14:45:34 - [TEST_STEP][PASSED] - Statement - counter = counter + 1: null

2018-12-13 14:45:34 - [TEST_STEP][PASSED] - Statement - PreSaveFile = new java.io.File(((pathPrefix + java.lang.Integer.toString(counter)) + .png)): null

2018-12-13 14:45:34 - [TEST_STEP][PASSED] - Statement - counter = counter + 1: null

2018-12-13 14:45:34 - [TEST_STEP][PASSED] - Statement - PreSaveFile = new java.io.File(((pathPrefix + java.lang.Integer.toString(counter)) + .png)): null

2018-12-13 14:45:34 - [TEST_STEP][PASSED] - Statement - counter = counter + 1: null

2018-12-13 14:45:34 - [TEST_STEP][PASSED] - Statement - PreSaveFile = new java.io.File(((pathPrefix + java.lang.Integer.toString(counter)) + .png)): null

2018-12-13 14:45:34 - [TEST_STEP][PASSED] - Statement - counter = counter + 1: null

2018-12-13 14:45:34 - [TEST_STEP][PASSED] - Statement - PreSaveFile = new java.io.File(((pathPrefix + java.lang.Integer.toString(counter)) + .png)): null

2018-12-13 14:45:34 - [TEST_STEP][PASSED] - Statement - counter = counter + 1: null

2018-12-13 14:45:34 - [TEST_STEP][PASSED] - Statement - PreSaveFile = new java.io.File(((pathPrefix + java.lang.Integer.toString(counter)) + .png)): null

2018-12-13 14:45:34 - [TEST_STEP][PASSED] - Statement - counter = counter + 1: null

2018-12-13 14:45:34 - [TEST_STEP][PASSED] - Statement - PreSaveFile = new java.io.File(((pathPrefix + java.lang.Integer.toString(counter)) + .png)): null

2018-12-13 14:45:34 - [TEST_STEP][PASSED] - Statement - counter = counter + 1: null

2018-12-13 14:45:34 - [TEST_STEP][PASSED] - Statement - PreSaveFile = new java.io.File(((pathPrefix + java.lang.Integer.toString(counter)) + .png)): null

2018-12-13 14:45:34 - [TEST_STEP][PASSED] - Statement - counter = counter + 1: null

2018-12-13 14:45:34 - [TEST_STEP][PASSED] - Statement - PreSaveFile = new java.io.File(((pathPrefix + java.lang.Integer.toString(counter)) + .png)): null

2018-12-13 14:45:34 - [TEST_STEP][PASSED] - Statement - counter = counter + 1: null

2018-12-13 14:45:34 - [TEST_STEP][PASSED] - Statement - PreSaveFile = new java.io.File(((pathPrefix + java.lang.Integer.toString(counter)) + .png)): null

2018-12-13 14:45:34 - [TEST_STEP][PASSED] - Statement - counter = counter + 1: null

2018-12-13 14:45:34 - [TEST_STEP][PASSED] - Statement - PreSaveFile = new java.io.File(((pathPrefix + java.lang.Integer.toString(counter)) + .png)): null

2018-12-13 14:45:34 - [TEST_STEP][PASSED] - Statement - counter = counter + 1: null

2018-12-13 14:45:34 - [TEST_STEP][PASSED] - Statement - PreSaveFile = new java.io.File(((pathPrefix + java.lang.Integer.toString(counter)) + .png)): null

2018-12-13 14:45:34 - [TEST_STEP][PASSED] - Statement - counter = counter + 1: null

2018-12-13 14:45:34 - [TEST_STEP][PASSED] - Statement - PreSaveFile = new java.io.File(((pathPrefix + java.lang.Integer.toString(counter)) + .png)): null

2018-12-13 14:45:34 - [TEST_STEP][PASSED] - Statement - counter = counter + 1: null

2018-12-13 14:45:34 - [TEST_STEP][PASSED] - Statement - PreSaveFile = new java.io.File(((pathPrefix + java.lang.Integer.toString(counter)) + .png)): null

2018-12-13 14:45:34 - [TEST_STEP][PASSED] - Statement - counter = counter + 1: null

2018-12-13 14:45:34 - [TEST_STEP][PASSED] - Statement - PreSaveFile = new java.io.File(((pathPrefix + java.lang.Integer.toString(counter)) + .png)): null

2018-12-13 14:45:34 - [TEST_STEP][PASSED] - Statement - counter = counter + 1: null

2018-12-13 14:45:34 - [TEST_STEP][PASSED] - Statement - PreSaveFile = new java.io.File(((pathPrefix + java.lang.Integer.toString(counter)) + .png)): null

2018-12-13 14:45:34 - [TEST_STEP][PASSED] - Statement - counter = counter + 1: null

2018-12-13 14:45:34 - [TEST_STEP][PASSED] - Statement - PreSaveFile = new java.io.File(((pathPrefix + java.lang.Integer.toString(counter)) + .png)): null

2018-12-13 14:45:34 - [TEST_STEP][PASSED] - Statement - counter = counter + 1: null

2018-12-13 14:45:34 - [TEST_STEP][PASSED] - Statement - PreSaveFile = new java.io.File(((pathPrefix + java.lang.Integer.toString(counter)) + .png)): null

2018-12-13 14:45:34 - [TEST_STEP][PASSED] - Statement - counter = counter + 1: null

2018-12-13 14:45:34 - [TEST_STEP][PASSED] - Statement - PreSaveFile = new java.io.File(((pathPrefix + java.lang.Integer.toString(counter)) + .png)): null

2018-12-13 14:45:34 - [TEST_STEP][PASSED] - Statement - counter = counter + 1: null

2018-12-13 14:45:34 - [TEST_STEP][PASSED] - Statement - PreSaveFile = new java.io.File(((pathPrefix + java.lang.Integer.toString(counter)) + .png)): null

2018-12-13 14:45:34 - [TEST_STEP][PASSED] - Statement - counter = counter + 1: null

2018-12-13 14:45:34 - [TEST_STEP][PASSED] - Statement - PreSaveFile = new java.io.File(((pathPrefix + java.lang.Integer.toString(counter)) + .png)): null

2018-12-13 14:45:34 - [TEST_STEP][PASSED] - Statement - counter = counter + 1: null

2018-12-13 14:45:34 - [TEST_STEP][PASSED] - Statement - PreSaveFile = new java.io.File(((pathPrefix + java.lang.Integer.toString(counter)) + .png)): null

2018-12-13 14:45:34 - [TEST_STEP][PASSED] - Statement - counter = counter + 1: null

2018-12-13 14:45:34 - [TEST_STEP][PASSED] - Statement - PreSaveFile = new java.io.File(((pathPrefix + java.lang.Integer.toString(counter)) + .png)): null

2018-12-13 14:45:34 - [TEST_STEP][PASSED] - Statement - counter = counter + 1: null

2018-12-13 14:45:34 - [TEST_STEP][PASSED] - Statement - PreSaveFile = new java.io.File(((pathPrefix + java.lang.Integer.toString(counter)) + .png)): null

2018-12-13 14:45:34 - [TEST_STEP][PASSED] - Statement - counter = counter + 1: null

2018-12-13 14:45:34 - [TEST_STEP][PASSED] - Statement - PreSaveFile = new java.io.File(((pathPrefix + java.lang.Integer.toString(counter)) + .png)): null

2018-12-13 14:45:34 - [TEST_STEP][PASSED] - Statement - counter = counter + 1: null

2018-12-13 14:45:34 - [TEST_STEP][PASSED] - Statement - PreSaveFile = new java.io.File(((pathPrefix + java.lang.Integer.toString(counter)) + .png)): null

2018-12-13 14:45:34 - [TEST_STEP][PASSED] - Statement - counter = counter + 1: null

2018-12-13 14:45:34 - [TEST_STEP][PASSED] - Statement - PreSaveFile = new java.io.File(((pathPrefix + java.lang.Integer.toString(counter)) + .png)): null

2018-12-13 14:45:34 - [TEST_STEP][PASSED] - Statement - counter = counter + 1: null

2018-12-13 14:45:34 - [TEST_STEP][PASSED] - Statement - PreSaveFile = new java.io.File(((pathPrefix + java.lang.Integer.toString(counter)) + .png)): null

2018-12-13 14:45:34 - [TEST_STEP][PASSED] - Statement - counter = counter + 1: null

2018-12-13 14:45:34 - [TEST_STEP][PASSED] - Statement - PreSaveFile = new java.io.File(((pathPrefix + java.lang.Integer.toString(counter)) + .png)): null

2018-12-13 14:45:34 - [TEST_STEP][PASSED] - Statement - counter = counter + 1: null

2018-12-13 14:45:34 - [TEST_STEP][PASSED] - Statement - PreSaveFile = new java.io.File(((pathPrefix + java.lang.Integer.toString(counter)) + .png)): null

2018-12-13 14:45:34 - [TEST_STEP][PASSED] - Statement - counter = counter + 1: null

2018-12-13 14:45:34 - [TEST_STEP][PASSED] - Statement - PreSaveFile = new java.io.File(((pathPrefix + java.lang.Integer.toString(counter)) + .png)): null

2018-12-13 14:45:34 - [TEST_STEP][PASSED] - Statement - counter = counter + 1: null

2018-12-13 14:45:34 - [TEST_STEP][PASSED] - Statement - PreSaveFile = new java.io.File(((pathPrefix + java.lang.Integer.toString(counter)) + .png)): null

2018-12-13 14:45:34 - [TEST_STEP][PASSED] - Statement - counter = counter + 1: null

2018-12-13 14:45:34 - [TEST_STEP][PASSED] - Statement - PreSaveFile = new java.io.File(((pathPrefix + java.lang.Integer.toString(counter)) + .png)): null

2018-12-13 14:45:34 - [TEST_STEP][PASSED] - Statement - counter = counter + 1: null

2018-12-13 14:45:34 - [TEST_STEP][PASSED] - Statement - PreSaveFile = new java.io.File(((pathPrefix + java.lang.Integer.toString(counter)) + .png)): null

2018-12-13 14:45:34 - [TEST_STEP][PASSED] - Statement - counter = counter + 1: null

2018-12-13 14:45:34 - [TEST_STEP][PASSED] - Statement - PreSaveFile = new java.io.File(((pathPrefix + java.lang.Integer.toString(counter)) + .png)): null

2018-12-13 14:45:34 - [TEST_STEP][PASSED] - Statement - counter = counter + 1: null

2018-12-13 14:45:34 - [TEST_STEP][PASSED] - Statement - PreSaveFile = new java.io.File(((pathPrefix + java.lang.Integer.toString(counter)) + .png)): null

2018-12-13 14:45:34 - [TEST_STEP][PASSED] - Statement - counter = counter + 1: null

2018-12-13 14:45:34 - [TEST_STEP][PASSED] - Statement - PreSaveFile = new java.io.File(((pathPrefix + java.lang.Integer.toString(counter)) + .png)): null

2018-12-13 14:45:34 - [TEST_STEP][PASSED] - Statement - counter = counter + 1: null

2018-12-13 14:45:34 - [TEST_STEP][PASSED] - Statement - PreSaveFile = new java.io.File(((pathPrefix + java.lang.Integer.toString(counter)) + .png)): null

2018-12-13 14:45:34 - [TEST_STEP][PASSED] - Statement - counter = counter + 1: null

2018-12-13 14:45:34 - [TEST_STEP][PASSED] - Statement - PreSaveFile = new java.io.File(((pathPrefix + java.lang.Integer.toString(counter)) + .png)): null

2018-12-13 14:45:34 - [TEST_STEP][PASSED] - Statement - counter = counter + 1: null

2018-12-13 14:45:34 - [TEST_STEP][PASSED] - Statement - PreSaveFile = new java.io.File(((pathPrefix + java.lang.Integer.toString(counter)) + .png)): null

2018-12-13 14:45:34 - [TEST_STEP][PASSED] - Statement - counter = counter + 1: null

2018-12-13 14:45:34 - [TEST_STEP][PASSED] - Statement - PreSaveFile = new java.io.File(((pathPrefix + java.lang.Integer.toString(counter)) + .png)): null

2018-12-13 14:45:34 - [TEST_STEP][PASSED] - Statement - counter = counter + 1: null

2018-12-13 14:45:34 - [TEST_STEP][PASSED] - Statement - PreSaveFile = new java.io.File(((pathPrefix + java.lang.Integer.toString(counter)) + .png)): null

2018-12-13 14:45:34 - [TEST_STEP][PASSED] - Statement - counter = counter + 1: null

2018-12-13 14:45:34 - [TEST_STEP][PASSED] - Statement - PreSaveFile = new java.io.File(((pathPrefix + java.lang.Integer.toString(counter)) + .png)): null

2018-12-13 14:45:34 - [TEST_STEP][PASSED] - Statement - counter = counter + 1: null

2018-12-13 14:45:34 - [TEST_STEP][PASSED] - Statement - PreSaveFile = new java.io.File(((pathPrefix + java.lang.Integer.toString(counter)) + .png)): null

2018-12-13 14:45:34 - [TEST_STEP][PASSED] - Statement - counter = counter + 1: null

2018-12-13 14:45:34 - [TEST_STEP][PASSED] - Statement - PreSaveFile = new java.io.File(((pathPrefix + java.lang.Integer.toString(counter)) + .png)): null

2018-12-13 14:45:34 - [TEST_STEP][PASSED] - Statement - counter = counter + 1: null

2018-12-13 14:45:34 - [TEST_STEP][PASSED] - Statement - PreSaveFile = new java.io.File(((pathPrefix + java.lang.Integer.toString(counter)) + .png)): null

2018-12-13 14:45:34 - [TEST_STEP][PASSED] - Statement - counter = counter + 1: null

2018-12-13 14:45:34 - [TEST_STEP][PASSED] - Statement - PreSaveFile = new java.io.File(((pathPrefix + java.lang.Integer.toString(counter)) + .png)): null

2018-12-13 14:45:34 - [TEST_STEP][PASSED] - Statement - counter = counter + 1: null

2018-12-13 14:45:34 - [TEST_STEP][PASSED] - Statement - PreSaveFile = new java.io.File(((pathPrefix + java.lang.Integer.toString(counter)) + .png)): null

2018-12-13 14:45:34 - [TEST_STEP][PASSED] - Statement - counter = counter + 1: null

2018-12-13 14:45:34 - [TEST_STEP][PASSED] - Statement - PreSaveFile = new java.io.File(((pathPrefix + java.lang.Integer.toString(counter)) + .png)): null

2018-12-13 14:45:34 - [TEST_STEP][PASSED] - Statement - counter = counter + 1: null

2018-12-13 14:45:34 - [TEST_STEP][PASSED] - Statement - PreSaveFile = new java.io.File(((pathPrefix + java.lang.Integer.toString(counter)) + .png)): null

2018-12-13 14:45:34 - [TEST_STEP][PASSED] - Statement - counter = counter + 1: null

2018-12-13 14:45:34 - [TEST_STEP][PASSED] - Statement - PreSaveFile = new java.io.File(((pathPrefix + java.lang.Integer.toString(counter)) + .png)): null

2018-12-13 14:45:34 - [TEST_STEP][PASSED] - Statement - counter = counter + 1: null

2018-12-13 14:45:34 - [TEST_STEP][PASSED] - Statement - PreSaveFile = new java.io.File(((pathPrefix + java.lang.Integer.toString(counter)) + .png)): null

2018-12-13 14:45:34 - [TEST_STEP][PASSED] - Statement - counter = counter + 1: null

2018-12-13 14:45:34 - [TEST_STEP][PASSED] - Statement - PreSaveFile = new java.io.File(((pathPrefix + java.lang.Integer.toString(counter)) + .png)): null

2018-12-13 14:45:34 - [TEST_STEP][PASSED] - Statement - counter = counter + 1: null

2018-12-13 14:45:34 - [TEST_STEP][PASSED] - Statement - PreSaveFile = new java.io.File(((pathPrefix + java.lang.Integer.toString(counter)) + .png)): null

2018-12-13 14:45:34 - [TEST_STEP][PASSED] - Statement - counter = counter + 1: null

2018-12-13 14:45:34 - [TEST_STEP][PASSED] - Statement - PreSaveFile = new java.io.File(((pathPrefix + java.lang.Integer.toString(counter)) + .png)): null

2018-12-13 14:45:34 - [TEST_STEP][PASSED] - Statement - counter = counter + 1: null

2018-12-13 14:45:34 - [TEST_STEP][PASSED] - Statement - PreSaveFile = new java.io.File(((pathPrefix + java.lang.Integer.toString(counter)) + .png)): null

2018-12-13 14:45:34 - [TEST_STEP][PASSED] - Statement - counter = counter + 1: null

2018-12-13 14:45:34 - [TEST_STEP][PASSED] - Statement - PreSaveFile = new java.io.File(((pathPrefix + java.lang.Integer.toString(counter)) + .png)): null

2018-12-13 14:45:34 - [TEST_STEP][PASSED] - Statement - counter = counter + 1: null

2018-12-13 14:45:34 - [TEST_STEP][PASSED] - Statement - PreSaveFile = new java.io.File(((pathPrefix + java.lang.Integer.toString(counter)) + .png)): null

2018-12-13 14:45:34 - [TEST_STEP][PASSED] - Statement - counter = counter + 1: null

2018-12-13 14:45:34 - [TEST_STEP][PASSED] - Statement - PreSaveFile = new java.io.File(((pathPrefix + java.lang.Integer.toString(counter)) + .png)): null

2018-12-13 14:45:34 - [TEST_STEP][PASSED] - Statement - counter = counter + 1: null

2018-12-13 14:45:34 - [TEST_STEP][PASSED] - Statement - PreSaveFile = new java.io.File(((pathPrefix + java.lang.Integer.toString(counter)) + .png)): null

2018-12-13 14:45:34 - [TEST_STEP][PASSED] - Statement - counter = counter + 1: null

2018-12-13 14:45:34 - [TEST_STEP][PASSED] - Statement - PreSaveFile = new java.io.File(((pathPrefix + java.lang.Integer.toString(counter)) + .png)): null

2018-12-13 14:45:34 - [TEST_STEP][PASSED] - Statement - counter = counter + 1: null

2018-12-13 14:45:34 - [TEST_STEP][PASSED] - Statement - PreSaveFile = new java.io.File(((pathPrefix + java.lang.Integer.toString(counter)) + .png)): null

2018-12-13 14:45:34 - [TEST_STEP][PASSED] - Statement - counter = counter + 1: null

2018-12-13 14:45:34 - [TEST_STEP][PASSED] - Statement - PreSaveFile = new java.io.File(((pathPrefix + java.lang.Integer.toString(counter)) + .png)): null

2018-12-13 14:45:34 - [TEST_STEP][PASSED] - Statement - counter = counter + 1: null

2018-12-13 14:45:34 - [TEST_STEP][PASSED] - Statement - PreSaveFile = new java.io.File(((pathPrefix + java.lang.Integer.toString(counter)) + .png)): null

2018-12-13 14:45:34 - [TEST_STEP][PASSED] - Statement - counter = counter + 1: null

2018-12-13 14:45:34 - [TEST_STEP][PASSED] - Statement - PreSaveFile = new java.io.File(((pathPrefix + java.lang.Integer.toString(counter)) + .png)): null

2018-12-13 14:45:34 - [TEST_STEP][PASSED] - Statement - counter = counter + 1: null

2018-12-13 14:45:34 - [TEST_STEP][PASSED] - Statement - PreSaveFile = new java.io.File(((pathPrefix + java.lang.Integer.toString(counter)) + .png)): null

2018-12-13 14:45:34 - [TEST_STEP][PASSED] - Statement - counter = counter + 1: null

2018-12-13 14:45:34 - [TEST_STEP][PASSED] - Statement - PreSaveFile = new java.io.File(((pathPrefix + java.lang.Integer.toString(counter)) + .png)): null

2018-12-13 14:45:34 - [TEST_STEP][PASSED] - Statement - counter = counter + 1: null

2018-12-13 14:45:34 - [TEST_STEP][PASSED] - Statement - PreSaveFile = new java.io.File(((pathPrefix + java.lang.Integer.toString(counter)) + .png)): null

2018-12-13 14:45:34 - [TEST_STEP][PASSED] - Statement - counter = counter + 1: null

2018-12-13 14:45:34 - [TEST_STEP][PASSED] - Statement - PreSaveFile = new java.io.File(((pathPrefix + java.lang.Integer.toString(counter)) + .png)): null

2018-12-13 14:45:34 - [TEST_STEP][PASSED] - Statement - counter = counter + 1: null

2018-12-13 14:45:34 - [TEST_STEP][PASSED] - Statement - PreSaveFile = new java.io.File(((pathPrefix + java.lang.Integer.toString(counter)) + .png)): null

2018-12-13 14:45:34 - [TEST_STEP][PASSED] - Statement - counter = counter + 1: null

2018-12-13 14:45:34 - [TEST_STEP][PASSED] - Statement - PreSaveFile = new java.io.File(((pathPrefix + java.lang.Integer.toString(counter)) + .png)): null

2018-12-13 14:45:34 - [TEST_STEP][PASSED] - Statement - counter = counter + 1: null

2018-12-13 14:45:34 - [TEST_STEP][PASSED] - Statement - PreSaveFile = new java.io.File(((pathPrefix + java.lang.Integer.toString(counter)) + .png)): null

2018-12-13 14:45:34 - [TEST_STEP][PASSED] - Statement - counter = counter + 1: null

2018-12-13 14:45:34 - [TEST_STEP][PASSED] - Statement - PreSaveFile = new java.io.File(((pathPrefix + java.lang.Integer.toString(counter)) + .png)): null

2018-12-13 14:45:34 - [TEST_STEP][PASSED] - Statement - counter = counter + 1: null

2018-12-13 14:45:34 - [TEST_STEP][PASSED] - Statement - PreSaveFile = new java.io.File(((pathPrefix + java.lang.Integer.toString(counter)) + .png)): null

2018-12-13 14:45:34 - [TEST_STEP][PASSED] - Statement - counter = counter + 1: null

2018-12-13 14:45:34 - [TEST_STEP][PASSED] - Statement - PreSaveFile = new java.io.File(((pathPrefix + java.lang.Integer.toString(counter)) + .png)): null

2018-12-13 14:45:34 - [TEST_STEP][PASSED] - Statement - counter = counter + 1: null

2018-12-13 14:45:34 - [TEST_STEP][PASSED] - Statement - PreSaveFile = new java.io.File(((pathPrefix + java.lang.Integer.toString(counter)) + .png)): null

2018-12-13 14:45:34 - [TEST_STEP][PASSED] - Statement - counter = counter + 1: null

2018-12-13 14:45:34 - [TEST_STEP][PASSED] - Statement - PreSaveFile = new java.io.File(((pathPrefix + java.lang.Integer.toString(counter)) + .png)): null

2018-12-13 14:45:34 - [TEST_STEP][PASSED] - Statement - counter = counter + 1: null

2018-12-13 14:45:34 - [TEST_STEP][PASSED] - Statement - PreSaveFile = new java.io.File(((pathPrefix + java.lang.Integer.toString(counter)) + .png)): null

2018-12-13 14:45:34 - [TEST_STEP][PASSED] - Statement - counter = counter + 1: null

2018-12-13 14:45:34 - [TEST_STEP][PASSED] - Statement - PreSaveFile = new java.io.File(((pathPrefix + java.lang.Integer.toString(counter)) + .png)): null

2018-12-13 14:45:34 - [TEST_STEP][PASSED] - Statement - counter = counter + 1: null

2018-12-13 14:45:34 - [TEST_STEP][PASSED] - Statement - PreSaveFile = new java.io.File(((pathPrefix + java.lang.Integer.toString(counter)) + .png)): null

2018-12-13 14:45:34 - [TEST_STEP][PASSED] - Statement - counter = counter + 1: null

2018-12-13 14:45:34 - [TEST_STEP][PASSED] - Statement - PreSaveFile = new java.io.File(((pathPrefix + java.lang.Integer.toString(counter)) + .png)): null

2018-12-13 14:45:34 - [TEST_STEP][PASSED] - Statement - counter = counter + 1: null

2018-12-13 14:45:34 - [TEST_STEP][PASSED] - Statement - PreSaveFile = new java.io.File(((pathPrefix + java.lang.Integer.toString(counter)) + .png)): null

2018-12-13 14:45:34 - [TEST_STEP][PASSED] - Statement - counter = counter + 1: null

2018-12-13 14:45:34 - [TEST_STEP][PASSED] - Statement - PreSaveFile = new java.io.File(((pathPrefix + java.lang.Integer.toString(counter)) + .png)): null

2018-12-13 14:45:34 - [TEST_STEP][PASSED] - Statement - counter = counter + 1: null

2018-12-13 14:45:34 - [TEST_STEP][PASSED] - Statement - PreSaveFile = new java.io.File(((pathPrefix + java.lang.Integer.toString(counter)) + .png)): null

2018-12-13 14:45:34 - [TEST_STEP][PASSED] - Statement - counter = counter + 1: null

2018-12-13 14:45:34 - [TEST_STEP][PASSED] - Statement - PreSaveFile = new java.io.File(((pathPrefix + java.lang.Integer.toString(counter)) + .png)): null

2018-12-13 14:45:34 - [TEST_STEP][PASSED] - Statement - counter = counter + 1: null

2018-12-13 14:45:34 - [TEST_STEP][PASSED] - Statement - PreSaveFile = new java.io.File(((pathPrefix + java.lang.Integer.toString(counter)) + .png)): null

2018-12-13 14:45:34 - [TEST_STEP][PASSED] - Statement - counter = counter + 1: null

2018-12-13 14:45:34 - [TEST_STEP][PASSED] - Statement - PreSaveFile = new java.io.File(((pathPrefix + java.lang.Integer.toString(counter)) + .png)): null

2018-12-13 14:45:34 - [TEST_STEP][PASSED] - Statement - counter = counter + 1: null

2018-12-13 14:45:34 - [TEST_STEP][PASSED] - Statement - PreSaveFile = new java.io.File(((pathPrefix + java.lang.Integer.toString(counter)) + .png)): null

2018-12-13 14:45:34 - [TEST_STEP][PASSED] - Statement - counter = counter + 1: null

2018-12-13 14:45:34 - [TEST_STEP][PASSED] - Statement - PreSaveFile = new java.io.File(((pathPrefix + java.lang.Integer.toString(counter)) + .png)): null

2018-12-13 14:45:34 - [TEST_STEP][PASSED] - Statement - counter = counter + 1: null

2018-12-13 14:45:34 - [TEST_STEP][PASSED] - Statement - PreSaveFile = new java.io.File(((pathPrefix + java.lang.Integer.toString(counter)) + .png)): null

2018-12-13 14:45:34 - [TEST_STEP][PASSED] - Statement - counter = counter + 1: null

2018-12-13 14:45:34 - [TEST_STEP][PASSED] - Statement - PreSaveFile = new java.io.File(((pathPrefix + java.lang.Integer.toString(counter)) + .png)): null

2018-12-13 14:45:34 - [TEST_STEP][PASSED] - Statement - counter = counter + 1: null

2018-12-13 14:45:34 - [TEST_STEP][PASSED] - Statement - PreSaveFile = new java.io.File(((pathPrefix + java.lang.Integer.toString(counter)) + .png)): null

2018-12-13 14:45:34 - [TEST_STEP][PASSED] - Statement - counter = counter + 1: null

2018-12-13 14:45:34 - [TEST_STEP][PASSED] - Statement - PreSaveFile = new java.io.File(((pathPrefix + java.lang.Integer.toString(counter)) + .png)): null

2018-12-13 14:45:34 - [TEST_STEP][PASSED] - Statement - counter = counter + 1: null

2018-12-13 14:45:34 - [TEST_STEP][PASSED] - Statement - PreSaveFile = new java.io.File(((pathPrefix + java.lang.Integer.toString(counter)) + .png)): null

2018-12-13 14:45:34 - [TEST_STEP][PASSED] - Statement - counter = counter + 1: null

2018-12-13 14:45:34 - [TEST_STEP][PASSED] - Statement - PreSaveFile = new java.io.File(((pathPrefix + java.lang.Integer.toString(counter)) + .png)): null

2018-12-13 14:45:34 - [TEST_STEP][PASSED] - Statement - counter = counter + 1: null

2018-12-13 14:45:34 - [TEST_STEP][PASSED] - Statement - PreSaveFile = new java.io.File(((pathPrefix + java.lang.Integer.toString(counter)) + .png)): null

2018-12-13 14:45:34 - [TEST_STEP][PASSED] - Statement - counter = counter + 1: null

2018-12-13 14:45:34 - [TEST_STEP][PASSED] - Statement - PreSaveFile = new java.io.File(((pathPrefix + java.lang.Integer.toString(counter)) + .png)): null

2018-12-13 14:45:34 - [TEST_STEP][PASSED] - Statement - counter = counter + 1: null

2018-12-13 14:45:34 - [TEST_STEP][PASSED] - Statement - PreSaveFile = new java.io.File(((pathPrefix + java.lang.Integer.toString(counter)) + .png)): null

2018-12-13 14:45:34 - [TEST_STEP][PASSED] - Statement - counter = counter + 1: null

2018-12-13 14:45:34 - [TEST_STEP][PASSED] - Statement - PreSaveFile = new java.io.File(((pathPrefix + java.lang.Integer.toString(counter)) + .png)): null

2018-12-13 14:45:34 - [TEST_STEP][PASSED] - Statement - counter = counter + 1: null

2018-12-13 14:45:34 - [TEST_STEP][PASSED] - Statement - PreSaveFile = new java.io.File(((pathPrefix + java.lang.Integer.toString(counter)) + .png)): null

2018-12-13 14:45:34 - [TEST_STEP][PASSED] - Statement - counter = counter + 1: null

2018-12-13 14:45:34 - [TEST_STEP][PASSED] - Statement - PreSaveFile = new java.io.File(((pathPrefix + java.lang.Integer.toString(counter)) + .png)): null

2018-12-13 14:45:34 - [TEST_STEP][PASSED] - Statement - counter = counter + 1: null

2018-12-13 14:45:34 - [TEST_STEP][PASSED] - Statement - PreSaveFile = new java.io.File(((pathPrefix + java.lang.Integer.toString(counter)) + .png)): null

2018-12-13 14:45:34 - [TEST_STEP][PASSED] - Statement - counter = counter + 1: null

2018-12-13 14:45:34 - [TEST_STEP][PASSED] - Statement - PreSaveFile = new java.io.File(((pathPrefix + java.lang.Integer.toString(counter)) + .png)): null

2018-12-13 14:45:34 - [TEST_STEP][PASSED] - Statement - counter = counter + 1: null

2018-12-13 14:45:34 - [TEST_STEP][PASSED] - Statement - PreSaveFile = new java.io.File(((pathPrefix + java.lang.Integer.toString(counter)) + .png)): null

2018-12-13 14:45:34 - [TEST_STEP][PASSED] - Statement - counter = counter + 1: null

2018-12-13 14:45:34 - [TEST_STEP][PASSED] - Statement - PreSaveFile = new java.io.File(((pathPrefix + java.lang.Integer.toString(counter)) + .png)): null

2018-12-13 14:45:34 - [TEST_STEP][PASSED] - Statement - counter = counter + 1: null

2018-12-13 14:45:34 - [TEST_STEP][PASSED] - Statement - PreSaveFile = new java.io.File(((pathPrefix + java.lang.Integer.toString(counter)) + .png)): null

2018-12-13 14:45:34 - [TEST_STEP][PASSED] - Statement - counter = counter + 1: null

2018-12-13 14:45:34 - [TEST_STEP][PASSED] - Statement - PreSaveFile = new java.io.File(((pathPrefix + java.lang.Integer.toString(counter)) + .png)): null

2018-12-13 14:45:34 - [TEST_STEP][PASSED] - Statement - counter = counter + 1: null

2018-12-13 14:45:34 - [TEST_STEP][PASSED] - Statement - PreSaveFile = new java.io.File(((pathPrefix + java.lang.Integer.toString(counter)) + .png)): null

2018-12-13 14:45:34 - [TEST_STEP][PASSED] - Statement - counter = counter + 1: null

2018-12-13 14:45:34 - [TEST_STEP][PASSED] - Statement - PreSaveFile = new java.io.File(((pathPrefix + java.lang.Integer.toString(counter)) + .png)): null

2018-12-13 14:45:34 - [TEST_STEP][PASSED] - Statement - counter = counter + 1: null

2018-12-13 14:45:34 - [TEST_STEP][PASSED] - Statement - PreSaveFile = new java.io.File(((pathPrefix + java.lang.Integer.toString(counter)) + .png)): null

2018-12-13 14:45:34 - [TEST_STEP][PASSED] - Statement - counter = counter + 1: null

2018-12-13 14:45:34 - [TEST_STEP][PASSED] - Statement - PreSaveFile = new java.io.File(((pathPrefix + java.lang.Integer.toString(counter)) + .png)): null

2018-12-13 14:45:34 - [TEST_STEP][PASSED] - Statement - counter = counter + 1: null

2018-12-13 14:45:34 - [TEST_STEP][PASSED] - Statement - PreSaveFile = new java.io.File(((pathPrefix + java.lang.Integer.toString(counter)) + .png)): null

2018-12-13 14:45:34 - [TEST_STEP][PASSED] - Statement - counter = counter + 1: null

2018-12-13 14:45:34 - [TEST_STEP][PASSED] - Statement - PreSaveFile = new java.io.File(((pathPrefix + java.lang.Integer.toString(counter)) + .png)): null

2018-12-13 14:45:34 - [TEST_STEP][PASSED] - Statement - counter = counter + 1: null

2018-12-13 14:45:34 - [TEST_STEP][PASSED] - Statement - PreSaveFile = new java.io.File(((pathPrefix + java.lang.Integer.toString(counter)) + .png)): null

2018-12-13 14:45:34 - [TEST_STEP][PASSED] - Statement - counter = counter + 1: null

2018-12-13 14:45:34 - [TEST_STEP][PASSED] - Statement - PreSaveFile = new java.io.File(((pathPrefix + java.lang.Integer.toString(counter)) + .png)): null

2018-12-13 14:45:34 - [TEST_STEP][PASSED] - Statement - counter = counter + 1: null

2018-12-13 14:45:34 - [TEST_STEP][PASSED] - Statement - PreSaveFile = new java.io.File(((pathPrefix + java.lang.Integer.toString(counter)) + .png)): null

2018-12-13 14:45:34 - [TEST_STEP][PASSED] - Statement - counter = counter + 1: null

2018-12-13 14:45:34 - [TEST_STEP][PASSED] - Statement - PreSaveFile = new java.io.File(((pathPrefix + java.lang.Integer.toString(counter)) + .png)): null

2018-12-13 14:45:34 - [TEST_STEP][PASSED] - Statement - counter = counter + 1: null

2018-12-13 14:45:34 - [TEST_STEP][PASSED] - Statement - PreSaveFile = new java.io.File(((pathPrefix + java.lang.Integer.toString(counter)) + .png)): null

2018-12-13 14:45:34 - [TEST_STEP][PASSED] - Statement - counter = counter + 1: null

2018-12-13 14:45:34 - [TEST_STEP][PASSED] - Statement - PreSaveFile = new java.io.File(((pathPrefix + java.lang.Integer.toString(counter)) + .png)): null

2018-12-13 14:45:34 - [TEST_STEP][PASSED] - Statement - counter = counter + 1: null

2018-12-13 14:45:34 - [TEST_STEP][PASSED] - Statement - PreSaveFile = new java.io.File(((pathPrefix + java.lang.Integer.toString(counter)) + .png)): null

2018-12-13 14:45:34 - [TEST_STEP][PASSED] - Statement - counter = counter + 1: null

2018-12-13 14:45:34 - [TEST_STEP][PASSED] - Statement - PreSaveFile = new java.io.File(((pathPrefix + java.lang.Integer.toString(counter)) + .png)): null

2018-12-13 14:45:34 - [TEST_STEP][PASSED] - Statement - counter = counter + 1: null

2018-12-13 14:45:34 - [TEST_STEP][PASSED] - Statement - PreSaveFile = new java.io.File(((pathPrefix + java.lang.Integer.toString(counter)) + .png)): null

2018-12-13 14:45:34 - [TEST_STEP][PASSED] - Statement - counter = counter + 1: null

2018-12-13 14:45:34 - [TEST_STEP][PASSED] - Statement - PreSaveFile = new java.io.File(((pathPrefix + java.lang.Integer.toString(counter)) + .png)): null

2018-12-13 14:45:34 - [TEST_STEP][PASSED] - Statement - counter = counter + 1: null

2018-12-13 14:45:34 - [TEST_STEP][PASSED] - Statement - PreSaveFile = new java.io.File(((pathPrefix + java.lang.Integer.toString(counter)) + .png)): null

2018-12-13 14:45:34 - [TEST_STEP][PASSED] - Statement - counter = counter + 1: null

2018-12-13 14:45:34 - [TEST_STEP][PASSED] - Statement - PreSaveFile = new java.io.File(((pathPrefix + java.lang.Integer.toString(counter)) + .png)): null

2018-12-13 14:45:34 - [TEST_STEP][PASSED] - Statement - counter = counter + 1: null

2018-12-13 14:45:34 - [TEST_STEP][PASSED] - Statement - PreSaveFile = new java.io.File(((pathPrefix + java.lang.Integer.toString(counter)) + .png)): null

2018-12-13 14:45:34 - [TEST_STEP][PASSED] - Statement - counter = counter + 1: null

2018-12-13 14:45:34 - [TEST_STEP][PASSED] - Statement - PreSaveFile = new java.io.File(((pathPrefix + java.lang.Integer.toString(counter)) + .png)): null

2018-12-13 14:45:34 - [TEST_STEP][PASSED] - Statement - counter = counter + 1: null

2018-12-13 14:45:34 - [TEST_STEP][PASSED] - Statement - PreSaveFile = new java.io.File(((pathPrefix + java.lang.Integer.toString(counter)) + .png)): null

2018-12-13 14:45:34 - [TEST_STEP][PASSED] - Statement - counter = counter + 1: null

2018-12-13 14:45:34 - [TEST_STEP][PASSED] - Statement - PreSaveFile = new java.io.File(((pathPrefix + java.lang.Integer.toString(counter)) + .png)): null

2018-12-13 14:45:34 - [TEST_STEP][PASSED] - Statement - counter = counter + 1: null

2018-12-13 14:45:34 - [TEST_STEP][PASSED] - Statement - PreSaveFile = new java.io.File(((pathPrefix + java.lang.Integer.toString(counter)) + .png)): null

2018-12-13 14:45:34 - [TEST_STEP][PASSED] - Statement - counter = counter + 1: null

2018-12-13 14:45:34 - [TEST_STEP][PASSED] - Statement - PreSaveFile = new java.io.File(((pathPrefix + java.lang.Integer.toString(counter)) + .png)): null

2018-12-13 14:45:34 - [TEST_STEP][PASSED] - Statement - counter = counter + 1: null

2018-12-13 14:45:34 - [TEST_STEP][PASSED] - Statement - PreSaveFile = new java.io.File(((pathPrefix + java.lang.Integer.toString(counter)) + .png)): null

2018-12-13 14:45:34 - [TEST_STEP][PASSED] - Statement - counter = counter + 1: null

2018-12-13 14:45:34 - [TEST_STEP][PASSED] - Statement - PreSaveFile = new java.io.File(((pathPrefix + java.lang.Integer.toString(counter)) + .png)): null

2018-12-13 14:45:34 - [TEST_STEP][PASSED] - Statement - counter = counter + 1: null

2018-12-13 14:45:34 - [TEST_STEP][PASSED] - Statement - PreSaveFile = new java.io.File(((pathPrefix + java.lang.Integer.toString(counter)) + .png)): null

2018-12-13 14:45:34 - [TEST_STEP][PASSED] - Statement - counter = counter + 1: null

2018-12-13 14:45:34 - [TEST_STEP][PASSED] - Statement - PreSaveFile = new java.io.File(((pathPrefix + java.lang.Integer.toString(counter)) + .png)): null

2018-12-13 14:45:34 - [TEST_STEP][PASSED] - Statement - counter = counter + 1: null

2018-12-13 14:45:34 - [TEST_STEP][PASSED] - Statement - PreSaveFile = new java.io.File(((pathPrefix + java.lang.Integer.toString(counter)) + .png)): null

2018-12-13 14:45:34 - [TEST_STEP][PASSED] - Statement - counter = counter + 1: null

2018-12-13 14:45:34 - [TEST_STEP][PASSED] - Statement - PreSaveFile = new java.io.File(((pathPrefix + java.lang.Integer.toString(counter)) + .png)): null

2018-12-13 14:45:34 - [TEST_STEP][PASSED] - Statement - counter = counter + 1: null

2018-12-13 14:45:34 - [TEST_STEP][PASSED] - Statement - PreSaveFile = new java.io.File(((pathPrefix + java.lang.Integer.toString(counter)) + .png)): null

2018-12-13 14:45:34 - [TEST_STEP][PASSED] - Statement - counter = counter + 1: null

2018-12-13 14:45:34 - [TEST_STEP][PASSED] - Statement - PreSaveFile = new java.io.File(((pathPrefix + java.lang.Integer.toString(counter)) + .png)): null

2018-12-13 14:45:34 - [TEST_STEP][PASSED] - Statement - counter = counter + 1: null

2018-12-13 14:45:34 - [TEST_STEP][PASSED] - Statement - PreSaveFile = new java.io.File(((pathPrefix + java.lang.Integer.toString(counter)) + .png)): null

2018-12-13 14:45:34 - [TEST_STEP][PASSED] - Statement - counter = counter + 1: null

2018-12-13 14:45:34 - [TEST_STEP][PASSED] - Statement - PreSaveFile = new java.io.File(((pathPrefix + java.lang.Integer.toString(counter)) + .png)): null

2018-12-13 14:45:34 - [TEST_STEP][PASSED] - Statement - counter = counter + 1: null

2018-12-13 14:45:34 - [TEST_STEP][PASSED] - Statement - PreSaveFile = new java.io.File(((pathPrefix + java.lang.Integer.toString(counter)) + .png)): null

2018-12-13 14:45:34 - [TEST_STEP][PASSED] - Statement - counter = counter + 1: null

2018-12-13 14:45:34 - [TEST_STEP][PASSED] - Statement - PreSaveFile = new java.io.File(((pathPrefix + java.lang.Integer.toString(counter)) + .png)): null

2018-12-13 14:45:34 - [TEST_STEP][PASSED] - Statement - counter = counter + 1: null

2018-12-13 14:45:34 - [TEST_STEP][PASSED] - Statement - PreSaveFile = new java.io.File(((pathPrefix + java.lang.Integer.toString(counter)) + .png)): null

2018-12-13 14:45:34 - [TEST_STEP][PASSED] - Statement - counter = counter + 1: null

2018-12-13 14:45:34 - [TEST_STEP][PASSED] - Statement - PreSaveFile = new java.io.File(((pathPrefix + java.lang.Integer.toString(counter)) + .png)): null

2018-12-13 14:45:34 - [TEST_STEP][PASSED] - Statement - counter = counter + 1: null

2018-12-13 14:45:34 - [TEST_STEP][PASSED] - Statement - PreSaveFile = new java.io.File(((pathPrefix + java.lang.Integer.toString(counter)) + .png)): null

2018-12-13 14:45:34 - [TEST_STEP][PASSED] - Statement - counter = counter + 1: null

2018-12-13 14:45:34 - [TEST_STEP][PASSED] - Statement - PreSaveFile = new java.io.File(((pathPrefix + java.lang.Integer.toString(counter)) + .png)): null

2018-12-13 14:45:34 - [TEST_STEP][PASSED] - Statement - counter = counter + 1: null

2018-12-13 14:45:34 - [TEST_STEP][PASSED] - Statement - PreSaveFile = new java.io.File(((pathPrefix + java.lang.Integer.toString(counter)) + .png)): null

2018-12-13 14:45:34 - [TEST_STEP][PASSED] - Statement - counter = counter + 1: null

2018-12-13 14:45:34 - [TEST_STEP][PASSED] - Statement - PreSaveFile = new java.io.File(((pathPrefix + java.lang.Integer.toString(counter)) + .png)): null

2018-12-13 14:45:34 - [TEST_STEP][PASSED] - Statement - counter = counter + 1: null

2018-12-13 14:45:34 - [TEST_STEP][PASSED] - Statement - PreSaveFile = new java.io.File(((pathPrefix + java.lang.Integer.toString(counter)) + .png)): null

2018-12-13 14:45:34 - [TEST_STEP][PASSED] - Statement - counter = counter + 1: null

2018-12-13 14:45:34 - [TEST_STEP][PASSED] - Statement - PreSaveFile = new java.io.File(((pathPrefix + java.lang.Integer.toString(counter)) + .png)): null

2018-12-13 14:45:34 - [TEST_STEP][PASSED] - Statement - counter = counter + 1: null

2018-12-13 14:45:34 - [TEST_STEP][PASSED] - Statement - PreSaveFile = new java.io.File(((pathPrefix + java.lang.Integer.toString(counter)) + .png)): null

2018-12-13 14:45:34 - [TEST_STEP][PASSED] - Statement - counter = counter + 1: null

2018-12-13 14:45:34 - [TEST_STEP][PASSED] - Statement - PreSaveFile = new java.io.File(((pathPrefix + java.lang.Integer.toString(counter)) + .png)): null

2018-12-13 14:45:34 - [TEST_STEP][PASSED] - Statement - counter = counter + 1: null

2018-12-13 14:45:34 - [TEST_STEP][PASSED] - Statement - PreSaveFile = new java.io.File(((pathPrefix + java.lang.Integer.toString(counter)) + .png)): null

2018-12-13 14:45:34 - [TEST_STEP][PASSED] - Statement - counter = counter + 1: null

2018-12-13 14:45:34 - [TEST_STEP][PASSED] - Statement - PreSaveFile = new java.io.File(((pathPrefix + java.lang.Integer.toString(counter)) + .png)): null

2018-12-13 14:45:34 - [TEST_STEP][PASSED] - Statement - counter = counter + 1: null

2018-12-13 14:45:34 - [TEST_STEP][PASSED] - Statement - PreSaveFile = new java.io.File(((pathPrefix + java.lang.Integer.toString(counter)) + .png)): null

2018-12-13 14:45:34 - [TEST_STEP][PASSED] - Statement - counter = counter + 1: null

2018-12-13 14:45:34 - [TEST_STEP][PASSED] - Statement - PreSaveFile = new java.io.File(((pathPrefix + java.lang.Integer.toString(counter)) + .png)): null

2018-12-13 14:45:34 - [TEST_STEP][PASSED] - Statement - counter = counter + 1: null

2018-12-13 14:45:34 - [TEST_STEP][PASSED] - Statement - PreSaveFile = new java.io.File(((pathPrefix + java.lang.Integer.toString(counter)) + .png)): null

2018-12-13 14:45:34 - [TEST_STEP][PASSED] - Statement - counter = counter + 1: null

2018-12-13 14:45:34 - [TEST_STEP][PASSED] - Statement - PreSaveFile = new java.io.File(((pathPrefix + java.lang.Integer.toString(counter)) + .png)): null

2018-12-13 14:45:34 - [TEST_STEP][PASSED] - Statement - counter = counter + 1: null

2018-12-13 14:45:34 - [TEST_STEP][PASSED] - Statement - PreSaveFile = new java.io.File(((pathPrefix + java.lang.Integer.toString(counter)) + .png)): null

2018-12-13 14:45:34 - [TEST_STEP][PASSED] - Statement - counter = counter + 1: null

2018-12-13 14:45:34 - [TEST_STEP][PASSED] - Statement - PreSaveFile = new java.io.File(((pathPrefix + java.lang.Integer.toString(counter)) + .png)): null

2018-12-13 14:45:34 - [TEST_STEP][PASSED] - Statement - counter = counter + 1: null

2018-12-13 14:45:34 - [TEST_STEP][PASSED] - Statement - PreSaveFile = new java.io.File(((pathPrefix + java.lang.Integer.toString(counter)) + .png)): null

2018-12-13 14:45:34 - [TEST_STEP][PASSED] - Statement - counter = counter + 1: null

2018-12-13 14:45:34 - [TEST_STEP][PASSED] - Statement - PreSaveFile = new java.io.File(((pathPrefix + java.lang.Integer.toString(counter)) + .png)): null

2018-12-13 14:45:34 - [TEST_STEP][PASSED] - Statement - counter = counter + 1: null

2018-12-13 14:45:34 - [TEST_STEP][PASSED] - Statement - PreSaveFile = new java.io.File(((pathPrefix + java.lang.Integer.toString(counter)) + .png)): null

2018-12-13 14:45:34 - [TEST_STEP][PASSED] - Statement - counter = counter + 1: null

2018-12-13 14:45:34 - [TEST_STEP][PASSED] - Statement - PreSaveFile = new java.io.File(((pathPrefix + java.lang.Integer.toString(counter)) + .png)): null

2018-12-13 14:45:34 - [TEST_STEP][PASSED] - Statement - counter = counter + 1: null

2018-12-13 14:45:34 - [TEST_STEP][PASSED] - Statement - PreSaveFile = new java.io.File(((pathPrefix + java.lang.Integer.toString(counter)) + .png)): null

2018-12-13 14:45:34 - [TEST_STEP][PASSED] - Statement - counter = counter + 1: null

2018-12-13 14:45:34 - [TEST_STEP][PASSED] - Statement - PreSaveFile = new java.io.File(((pathPrefix + java.lang.Integer.toString(counter)) + .png)): null

2018-12-13 14:45:34 - [TEST_STEP][PASSED] - Statement - counter = counter + 1: null

2018-12-13 14:45:34 - [TEST_STEP][PASSED] - Statement - PreSaveFile = new java.io.File(((pathPrefix + java.lang.Integer.toString(counter)) + .png)): null

2018-12-13 14:45:34 - [TEST_STEP][PASSED] - Statement - counter = counter + 1: null

2018-12-13 14:45:34 - [TEST_STEP][PASSED] - Statement - PreSaveFile = new java.io.File(((pathPrefix + java.lang.Integer.toString(counter)) + .png)): null

2018-12-13 14:45:34 - [TEST_STEP][PASSED] - Statement - counter = counter + 1: null

2018-12-13 14:45:34 - [TEST_STEP][PASSED] - Statement - PreSaveFile = new java.io.File(((pathPrefix + java.lang.Integer.toString(counter)) + .png)): null

2018-12-13 14:45:34 - [TEST_STEP][PASSED] - Statement - counter = counter + 1: null

2018-12-13 14:45:34 - [TEST_STEP][PASSED] - Statement - PreSaveFile = new java.io.File(((pathPrefix + java.lang.Integer.toString(counter)) + .png)): null

2018-12-13 14:45:34 - [TEST_STEP][PASSED] - Statement - counter = counter + 1: null

2018-12-13 14:45:34 - [TEST_STEP][PASSED] - Statement - PreSaveFile = new java.io.File(((pathPrefix + java.lang.Integer.toString(counter)) + .png)): null

2018-12-13 14:45:34 - [TEST_STEP][PASSED] - Statement - counter = counter + 1: null

2018-12-13 14:45:34 - [TEST_STEP][PASSED] - Statement - PreSaveFile = new java.io.File(((pathPrefix + java.lang.Integer.toString(counter)) + .png)): null

2018-12-13 14:45:34 - [TEST_STEP][PASSED] - Statement - counter = counter + 1: null

2018-12-13 14:45:34 - [TEST_STEP][PASSED] - Statement - PreSaveFile = new java.io.File(((pathPrefix + java.lang.Integer.toString(counter)) + .png)): null

2018-12-13 14:45:34 - [TEST_STEP][PASSED] - Statement - counter = counter + 1: null

2018-12-13 14:45:34 - [TEST_STEP][PASSED] - Statement - PreSaveFile = new java.io.File(((pathPrefix + java.lang.Integer.toString(counter)) + .png)): null

2018-12-13 14:45:34 - [TEST_STEP][PASSED] - Statement - counter = counter + 1: null

2018-12-13 14:45:34 - [TEST_STEP][PASSED] - Statement - PreSaveFile = new java.io.File(((pathPrefix + java.lang.Integer.toString(counter)) + .png)): null

2018-12-13 14:45:34 - [TEST_STEP][PASSED] - Statement - counter = counter + 1: null

2018-12-13 14:45:34 - [TEST_STEP][PASSED] - Statement - PreSaveFile = new java.io.File(((pathPrefix + java.lang.Integer.toString(counter)) + .png)): null

2018-12-13 14:45:34 - [TEST_STEP][PASSED] - Statement - counter = counter + 1: null

2018-12-13 14:45:34 - [TEST_STEP][PASSED] - Statement - PreSaveFile = new java.io.File(((pathPrefix + java.lang.Integer.toString(counter)) + .png)): null

2018-12-13 14:45:34 - [TEST_STEP][PASSED] - Statement - counter = counter + 1: null

2018-12-13 14:45:34 - [TEST_STEP][PASSED] - Statement - PreSaveFile = new java.io.File(((pathPrefix + java.lang.Integer.toString(counter)) + .png)): null

2018-12-13 14:45:34 - [TEST_STEP][PASSED] - Statement - counter = counter + 1: null

2018-12-13 14:45:34 - [TEST_STEP][PASSED] - Statement - PreSaveFile = new java.io.File(((pathPrefix + java.lang.Integer.toString(counter)) + .png)): null

2018-12-13 14:45:34 - [TEST_STEP][PASSED] - Statement - counter = counter + 1: null

2018-12-13 14:45:34 - [TEST_STEP][PASSED] - Statement - PreSaveFile = new java.io.File(((pathPrefix + java.lang.Integer.toString(counter)) + .png)): null

2018-12-13 14:45:34 - [TEST_STEP][PASSED] - Statement - counter = counter + 1: null

2018-12-13 14:45:34 - [TEST_STEP][PASSED] - Statement - PreSaveFile = new java.io.File(((pathPrefix + java.lang.Integer.toString(counter)) + .png)): null

2018-12-13 14:45:34 - [TEST_STEP][PASSED] - Statement - counter = counter + 1: null

2018-12-13 14:45:34 - [TEST_STEP][PASSED] - Statement - PreSaveFile = new java.io.File(((pathPrefix + java.lang.Integer.toString(counter)) + .png)): null

2018-12-13 14:45:34 - [TEST_STEP][PASSED] - Statement - counter = counter + 1: null

2018-12-13 14:45:34 - [TEST_STEP][PASSED] - Statement - PreSaveFile = new java.io.File(((pathPrefix + java.lang.Integer.toString(counter)) + .png)): null

2018-12-13 14:45:34 - [TEST_STEP][PASSED] - Statement - counter = counter + 1: null

2018-12-13 14:45:34 - [TEST_STEP][PASSED] - Statement - PreSaveFile = new java.io.File(((pathPrefix + java.lang.Integer.toString(counter)) + .png)): null

2018-12-13 14:45:34 - [TEST_STEP][PASSED] - Statement - counter = counter + 1: null

2018-12-13 14:45:34 - [TEST_STEP][PASSED] - Statement - PreSaveFile = new java.io.File(((pathPrefix + java.lang.Integer.toString(counter)) + .png)): null

2018-12-13 14:45:34 - [TEST_STEP][PASSED] - Statement - finalPath = pathPrefix + java.lang.Integer.toString(counter) + ".png": null

2018-12-13 14:45:34 - [TEST_STEP][PASSED] - Statement - SaveFile = new java.io.File(finalPath): null

2018-12-13 14:45:34 - [TEST_STEP][PASSED] - Statement - Try: null

2018-12-13 14:45:34 - [TEST_STEP][PASSED] - Statement - org.apache.commons.io.FileUtils.copyFile(scrFile, SaveFile): null

2018-12-13 14:45:34 - [TEST_STEP][PASSED] - Statement - out.println("file kept"): null

2018-12-13 14:45:34 - [TEST_STEP][PASSED] - delay: Delayed 10 second(s)

2018-12-13 14:45:44 - [MESSAGE][PASSED] - Delayed 10 second(s)

2018-12-13 14:45:44 - [MESSAGE][PASSED] - Call Test Case 'Test Cases/Final Aug 2018 - PKS Automation/Registration Module/New Registration/Submit and Screenshot/Submit Registration and Screenshot' successfully

2018-12-13 14:45:44 - [TEST_STEP][PASSED] - delay: Delayed 5 second(s)

2018-12-13 14:45:49 - [MESSAGE][PASSED] - Delayed 5 second(s)

2018-12-13 14:45:49 - [TEST_STEP][PASSED] - callTestCase: Call Test Case 'Test Cases/Final Aug 2018 - PKS Automation/Registration Module/Log Out/log out avoiding katalon tagging' successfully

2018-12-13 14:45:49 - [TEST_CASE][PASSED] - Test Cases/Final Aug 2018 - PKS Automation/Registration Module/Log Out/log out avoiding katalon tagging: Test Cases/Final Aug 2018 - PKS Automation/Registration Module/Log Out/log out avoiding katalon tagging

2018-12-13 14:45:49 - [TEST_STEP][PASSED] - navigateToUrl: Navigate to 'https://assist2-uat.perkeso.gov.my/c/portal/logout' successfully

2018-12-13 14:45:50 - [MESSAGE][PASSED] - Navigate to 'https://assist2-uat.perkeso.gov.my/c/portal/logout' successfully

2018-12-13 14:45:50 - [MESSAGE][PASSED] - Call Test Case 'Test Cases/Final Aug 2018 - PKS Automation/Registration Module/Log Out/log out avoiding katalon tagging' successfully

2018-12-13 14:45:50 - [TEST_STEP][PASSED] - callTestCase: Call Test Case 'Test Cases/Final Aug 2018 - PKS Automation/Common/Workflow Owner Finder' successfully

2018-12-13 14:45:50 - [TEST_CASE][PASSED] - Test Cases/Final Aug 2018 - PKS Automation/Common/Workflow Owner Finder: Test Cases/Final Aug 2018 - PKS Automation/Common/Workflow Owner Finder

2018-12-13 14:45:50 - [TEST_STEP][PASSED] - openBrowser: Browser is opened with url: ''

2018-12-13 14:45:50 - [MESSAGE][WARNING] - A browser is already opened. Closing browser and opening a new one

2018-12-13 14:45:54 - [MESSAGE][PASSED] - Browser is opened with url: ''

2018-12-13 14:45:54 - [TEST_STEP][PASSED] - navigateToUrl: Navigate to 'https://assist2-uat.perkeso.gov.my/login' successfully

2018-12-13 14:45:55 - [MESSAGE][PASSED] - Navigate to 'https://assist2-uat.perkeso.gov.my/login' successfully

2018-12-13 14:45:55 - [TEST_STEP][PASSED] - delay: Delayed 5 second(s)

2018-12-13 14:46:00 - [MESSAGE][PASSED] - Delayed 5 second(s)

2018-12-13 14:46:00 - [TEST_STEP][PASSED] - setText: Text 'test@liferay.com' is set on object 'Object Repository/Final Object Repo/Login Page/Internal User/Email Address'

2018-12-13 14:46:01 - [MESSAGE][PASSED] - Text 'test@liferay.com' is set on object 'Object Repository/Final Object Repo/Login Page/Internal User/Email Address'

2018-12-13 14:46:01 - [TEST_STEP][PASSED] - click: Object: 'Object Repository/Final Object Repo/Login Page/Internal User/Next Button' is clicked on

2018-12-13 14:46:01 - [MESSAGE][PASSED] - Object: 'Object Repository/Final Object Repo/Login Page/Internal User/Next Button' is clicked on

2018-12-13 14:46:01 - [TEST_STEP][PASSED] - delay: Delayed 2 second(s)

2018-12-13 14:46:03 - [MESSAGE][PASSED] - Delayed 2 second(s)

2018-12-13 14:46:03 - [TEST_STEP][PASSED] - setText: Text 'test' is set on object 'Object Repository/Final Object Repo/Login Page/Internal User/Password'

2018-12-13 14:46:03 - [MESSAGE][PASSED] - Text 'test' is set on object 'Object Repository/Final Object Repo/Login Page/Internal User/Password'

2018-12-13 14:46:03 - [TEST_STEP][PASSED] - delay: Delayed 2 second(s)

2018-12-13 14:46:05 - [MESSAGE][PASSED] - Delayed 2 second(s)

2018-12-13 14:46:05 - [TEST_STEP][PASSED] - click: Object: 'Object Repository/Final Object Repo/Login Page/Internal User/Login Button' is clicked on

2018-12-13 14:46:05 - [MESSAGE][PASSED] - Object: 'Object Repository/Final Object Repo/Login Page/Internal User/Login Button' is clicked on

2018-12-13 14:46:05 - [TEST_STEP][PASSED] - Statement - tester = com.kms.katalon.core.testobject.ObjectRepository.findTestObject(Final Object Repo/Landing Page/Select to English): Finding Test Object with id 'Object Repository/Final Object Repo/Landing Page/Select to English'

2018-12-13 14:46:05 - [TEST_STEP][PASSED] - Statement - Try: Delayed 2 second(s)

2018-12-13 14:46:05 - [TEST_STEP][PASSED] - Statement - Checker = com.kms.katalon.core.webui.keyword.WebUiBuiltInKeywords.verifyElementNotPresent(tester, 3): Web element with id: 'Object Repository/Final Object Repo/Landing Page/Select to English' located by 'By.xpath: //a[@class = 'taglib-language-list-text' and @lang = 'en-US' and (contains(text(), 'EN') or contains(., 'EN'))]' is not present after '3' second(s)

2018-12-13 14:46:07 - [MESSAGE][PASSED] - Web element with id: 'Object Repository/Final Object Repo/Landing Page/Select to English' located by 'By.xpath: //a[@class = 'taglib-language-list-text' and @lang = 'en-US' and (contains(text(), 'EN') or contains(., 'EN'))]' is not present after '3' second(s)

2018-12-13 14:46:07 - [TEST_STEP][PASSED] - Statement - If (Checker == false): null

2018-12-13 14:46:07 - [TEST_STEP][PASSED] - delay: Delayed 2 second(s)

2018-12-13 14:46:09 - [MESSAGE][PASSED] - Delayed 2 second(s)

2018-12-13 14:46:09 - [TEST_STEP][PASSED] - delay: Delayed 5 second(s)

2018-12-13 14:46:14 - [MESSAGE][PASSED] - Delayed 5 second(s)

2018-12-13 14:46:14 - [TEST_STEP][PASSED] - mouseOver: Object: 'Object Repository/Final Object Repo/Landing Page/WorkFlow Menu' is hovered

2018-12-13 14:46:14 - [MESSAGE][PASSED] - Object: 'Object Repository/Final Object Repo/Landing Page/WorkFlow Menu' is hovered

2018-12-13 14:46:14 - [TEST_STEP][PASSED] - delay: Delayed 2 second(s)

2018-12-13 14:46:16 - [MESSAGE][PASSED] - Delayed 2 second(s)

2018-12-13 14:46:16 - [TEST_STEP][PASSED] - click: Object: 'Object Repository/Final Object Repo/Landing Page/Select to Workflow Listing' is clicked on

2018-12-13 14:46:17 - [MESSAGE][PASSED] - Object: 'Object Repository/Final Object Repo/Landing Page/Select to Workflow Listing' is clicked on

2018-12-13 14:46:17 - [TEST_STEP][PASSED] - delay: Delayed 2 second(s)

2018-12-13 14:46:19 - [MESSAGE][PASSED] - Delayed 2 second(s)

2018-12-13 14:46:19 - [TEST_STEP][PASSED] - click: Object: 'Object Repository/Final Object Repo/WorkFlow Listing Page/Search Information - To Put Ref No' is clicked on

2018-12-13 14:46:20 - [MESSAGE][PASSED] - Object: 'Object Repository/Final Object Repo/WorkFlow Listing Page/Search Information - To Put Ref No' is clicked on

2018-12-13 14:46:20 - [TEST_STEP][PASSED] - delay: Delayed 2 second(s)

2018-12-13 14:46:22 - [MESSAGE][PASSED] - Delayed 2 second(s)

2018-12-13 14:46:22 - [TEST_STEP][PASSED] - callTestCase: Call Test Case 'Test Cases/Final Aug 2018 - PKS Automation/Common/Reference Number Getter' successfully

2018-12-13 14:46:22 - [TEST_CASE][PASSED] - Test Cases/Final Aug 2018 - PKS Automation/Common/Reference Number Getter: Test Cases/Final Aug 2018 - PKS Automation/Common/Reference Number Getter

2018-12-13 14:46:22 - [TEST_STEP][PASSED] - Statement - Try: null

2018-12-13 14:46:22 - [TEST_STEP][PASSED] - Statement - RefNo = new java.io.File(C://Users//Admin//Desktop//PKS//Automation Reference Point//KatalonReference.txt): null

2018-12-13 14:46:22 - [TEST_STEP][PASSED] - Statement - bufferread = new java.io.BufferedReader(new java.io.FileReader(RefNo)): null

2018-12-13 14:46:22 - [TEST_STEP][PASSED] - Statement - readedVal = bufferread.readLine(): null

2018-12-13 14:46:22 - [TEST_STEP][PASSED] - Statement - out.println(CaseReferenceNo): null

2018-12-13 14:46:22 - [TEST_STEP][PASSED] - Statement - out.println(readedVal): null

2018-12-13 14:46:22 - [TEST_STEP][PASSED] - Statement - CaseReferenceNo = "": null

2018-12-13 14:46:22 - [TEST_STEP][PASSED] - Statement - CaseReferenceNo = readedVal: null

2018-12-13 14:46:22 - [MESSAGE][PASSED] - Call Test Case 'Test Cases/Final Aug 2018 - PKS Automation/Common/Reference Number Getter' successfully

2018-12-13 14:46:22 - [TEST_STEP][PASSED] - setText: Text 'CRN12201800123282' is set on object 'Object Repository/Final Object Repo/WorkFlow Listing Page/Ref No Set Text'

2018-12-13 14:46:22 - [MESSAGE][PASSED] - Text 'CRN12201800123282' is set on object 'Object Repository/Final Object Repo/WorkFlow Listing Page/Ref No Set Text'

2018-12-13 14:46:22 - [TEST_STEP][PASSED] - delay: Delayed 2 second(s)

2018-12-13 14:46:24 - [MESSAGE][PASSED] - Delayed 2 second(s)

2018-12-13 14:46:24 - [TEST_STEP][PASSED] - click: Object: 'Object Repository/Final Object Repo/WorkFlow Listing Page/Search Ref No Search Button' is clicked on

2018-12-13 14:46:24 - [MESSAGE][PASSED] - Object: 'Object Repository/Final Object Repo/WorkFlow Listing Page/Search Ref No Search Button' is clicked on

2018-12-13 14:46:24 - [TEST_STEP][PASSED] - delay: Delayed 6 second(s)

2018-12-13 14:46:30 - [MESSAGE][PASSED] - Delayed 6 second(s)

2018-12-13 14:46:30 - [TEST_STEP][PASSED] - click: Object: 'Object Repository/Final Object Repo/WorkFlow Listing Page/Click Continue Tooltip' is clicked on

2018-12-13 14:46:31 - [MESSAGE][PASSED] - Object: 'Object Repository/Final Object Repo/WorkFlow Listing Page/Click Continue Tooltip' is clicked on

2018-12-13 14:46:31 - [TEST_STEP][PASSED] - delay: Delayed 5 second(s)

2018-12-13 14:46:36 - [MESSAGE][PASSED] - Delayed 5 second(s)

2018-12-13 14:46:36 - [TEST_STEP][PASSED] - doubleClick: Object: 'Object Repository/Final Object Repo/WorkFlow Listing Page/Workflow Found - Listing 1' is double clicked on

2018-12-13 14:46:36 - [MESSAGE][PASSED] - Object: 'Object Repository/Final Object Repo/WorkFlow Listing Page/Workflow Found - Listing 1' is double clicked on

2018-12-13 14:46:36 - [TEST_STEP][PASSED] - Statement - println(OwnerID): null

2018-12-13 14:46:36 - [TEST_STEP][PASSED] - Statement - OwnerID = com.kms.katalon.core.webui.keyword.WebUiBuiltInKeywords.getText(com.kms.katalon.core.testobject.ObjectRepository.findTestObject(Final Object Repo/WorkFlow Listing Page/Workflow Found - Listing 1), STOP_ON_FAILURE): Text of object 'Object Repository/Final Object Repo/WorkFlow Listing Page/Workflow Found - Listing 1' is: 'KLpkrbo2'

2018-12-13 14:46:36 - [MESSAGE][PASSED] - Text of object 'Object Repository/Final Object Repo/WorkFlow Listing Page/Workflow Found - Listing 1' is: 'KLpkrbo2'

2018-12-13 14:46:36 - [TEST_STEP][PASSED] - Statement - OwnerID = OwnerID.toLowerCase() + "@gmail.com": null

2018-12-13 14:46:36 - [TEST_STEP][PASSED] - Statement - println(OwnerID): null

2018-12-13 14:46:36 - [TEST_STEP][PASSED] - delay: Delayed 2 second(s)

2018-12-13 14:46:38 - [MESSAGE][PASSED] - Delayed 2 second(s)

2018-12-13 14:46:38 - [MESSAGE][PASSED] - Call Test Case 'Test Cases/Final Aug 2018 - PKS Automation/Common/Workflow Owner Finder' successfully

2018-12-13 14:46:38 - [TEST_STEP][PASSED] - callTestCase: Call Test Case 'Test Cases/Final Aug 2018 - PKS Automation/Registration Module/Log Out/log out avoiding katalon tagging' successfully

2018-12-13 14:46:38 - [TEST_CASE][PASSED] - Test Cases/Final Aug 2018 - PKS Automation/Registration Module/Log Out/log out avoiding katalon tagging: Test Cases/Final Aug 2018 - PKS Automation/Registration Module/Log Out/log out avoiding katalon tagging

2018-12-13 14:46:38 - [TEST_STEP][PASSED] - navigateToUrl: Navigate to 'https://assist2-uat.perkeso.gov.my/c/portal/logout' successfully

2018-12-13 14:46:39 - [MESSAGE][PASSED] - Navigate to 'https://assist2-uat.perkeso.gov.my/c/portal/logout' successfully

2018-12-13 14:46:39 - [MESSAGE][PASSED] - Call Test Case 'Test Cases/Final Aug 2018 - PKS Automation/Registration Module/Log Out/log out avoiding katalon tagging' successfully

2018-12-13 14:46:39 - [TEST_STEP][PASSED] - delay: Delayed 2 second(s)

2018-12-13 14:46:41 - [MESSAGE][PASSED] - Delayed 2 second(s)

2018-12-13 14:46:41 - [TEST_STEP][PASSED] - setText: Text 'klpkrbo2@gmail.com' is set on object 'Object Repository/Final Object Repo/New Registration - Registration Module Pages/New Reg - OTC to RO/Special Case - All Related Objects/Email TextBox'

2018-12-13 14:46:42 - [MESSAGE][PASSED] - Text 'klpkrbo2@gmail.com' is set on object 'Object Repository/Final Object Repo/New Registration - Registration Module Pages/New Reg - OTC to RO/Special Case - All Related Objects/Email TextBox'

2018-12-13 14:46:42 - [TEST_STEP][PASSED] - click: Object: 'Object Repository/Final Object Repo/New Registration - Registration Module Pages/New Reg - OTC to RO/Special Case - All Related Objects/Next Button' is clicked on

2018-12-13 14:46:42 - [MESSAGE][PASSED] - Object: 'Object Repository/Final Object Repo/New Registration - Registration Module Pages/New Reg - OTC to RO/Special Case - All Related Objects/Next Button' is clicked on

2018-12-13 14:46:42 - [TEST_STEP][PASSED] - delay: Delayed 2 second(s)

2018-12-13 14:46:44 - [MESSAGE][PASSED] - Delayed 2 second(s)

2018-12-13 14:46:44 - [TEST_STEP][PASSED] - setText: Text 'Test1@3456789' is set on object 'Object Repository/Final Object Repo/New Registration - Registration Module Pages/New Reg - OTC to RO/Special Case - All Related Objects/Password TextBox'

2018-12-13 14:46:44 - [MESSAGE][PASSED] - Text 'Test1@3456789' is set on object 'Object Repository/Final Object Repo/New Registration - Registration Module Pages/New Reg - OTC to RO/Special Case - All Related Objects/Password TextBox'

2018-12-13 14:46:44 - [TEST_STEP][PASSED] - delay: Delayed 2 second(s)

2018-12-13 14:46:46 - [MESSAGE][PASSED] - Delayed 2 second(s)

2018-12-13 14:46:46 - [TEST_STEP][PASSED] - click: Object: 'Object Repository/Final Object Repo/New Registration - Registration Module Pages/New Reg - OTC to RO/Special Case - All Related Objects/Login Button' is clicked on

2018-12-13 14:46:46 - [MESSAGE][PASSED] - Object: 'Object Repository/Final Object Repo/New Registration - Registration Module Pages/New Reg - OTC to RO/Special Case - All Related Objects/Login Button' is clicked on

2018-12-13 14:46:46 - [TEST_STEP][PASSED] - delay: Delayed 2 second(s)

2018-12-13 14:46:48 - [MESSAGE][PASSED] - Delayed 2 second(s)

2018-12-13 14:46:48 - [TEST_STEP][PASSED] - Statement - Try: null

2018-12-13 14:46:48 - [TEST_STEP][PASSED] - Statement - Checker = com.kms.katalon.core.webui.keyword.WebUiBuiltInKeywords.verifyElementNotPresent("Final Object Repo/Landing Page/Select to English", 3): null

2018-12-13 14:46:48 - [TEST_STEP][PASSED] - Statement - Catch (Exception e): null

2018-12-13 14:46:48 - [TEST_STEP][PASSED] - Statement - e.printStackTrace(): null

2018-12-13 14:46:48 - [TEST_STEP][PASSED] - click: Object: 'Object Repository/Final Object Repo/New Registration - Registration Module Pages/New Reg - OTC to RO/Special Case - All Related Objects/Expand to Search' is clicked on

2018-12-13 14:46:48 - [MESSAGE][PASSED] - Object: 'Object Repository/Final Object Repo/New Registration - Registration Module Pages/New Reg - OTC to RO/Special Case - All Related Objects/Expand to Search' is clicked on

2018-12-13 14:46:48 - [TEST_STEP][PASSED] - delay: Delayed 2 second(s)

2018-12-13 14:46:50 - [MESSAGE][PASSED] - Delayed 2 second(s)

2018-12-13 14:46:50 - [TEST_STEP][PASSED] - setText: Text 'CRN12201800123282' is set on object 'Object Repository/Final Object Repo/New Registration - Registration Module Pages/New Reg - OTC to RO/Special Case - All Related Objects/TextBox RefNo in Workbasket'

2018-12-13 14:46:51 - [MESSAGE][PASSED] - Text 'CRN12201800123282' is set on object 'Object Repository/Final Object Repo/New Registration - Registration Module Pages/New Reg - OTC to RO/Special Case - All Related Objects/TextBox RefNo in Workbasket'

2018-12-13 14:46:51 - [TEST_STEP][PASSED] - delay: Delayed 2 second(s)

2018-12-13 14:46:53 - [MESSAGE][PASSED] - Delayed 2 second(s)

2018-12-13 14:46:53 - [TEST_STEP][PASSED] - click: Object: 'Object Repository/Final Object Repo/New Registration - Registration Module Pages/New Reg - OTC to RO/Special Case - All Related Objects/Click Search' is clicked on

2018-12-13 14:46:53 - [MESSAGE][PASSED] - Object: 'Object Repository/Final Object Repo/New Registration - Registration Module Pages/New Reg - OTC to RO/Special Case - All Related Objects/Click Search' is clicked on

2018-12-13 14:46:53 - [TEST_STEP][PASSED] - delay: Delayed 2 second(s)

2018-12-13 14:46:55 - [MESSAGE][PASSED] - Delayed 2 second(s)

2018-12-13 14:46:55 - [TEST_STEP][PASSED] - click: Object: 'Object Repository/Final Object Repo/New Registration - Registration Module Pages/New Reg - OTC to RO/Special Case - All Related Objects/Click to Continue Workflow' is clicked on

2018-12-13 14:46:57 - [MESSAGE][PASSED] - Object: 'Object Repository/Final Object Repo/New Registration - Registration Module Pages/New Reg - OTC to RO/Special Case - All Related Objects/Click to Continue Workflow' is clicked on

2018-12-13 14:46:57 - [TEST_STEP][PASSED] - delay: Delayed 3 second(s)

2018-12-13 14:47:00 - [MESSAGE][PASSED] - Delayed 3 second(s)

2018-12-13 14:47:00 - [TEST_STEP][FAILED] - click: Unable to click on object 'Object Repository/Final Object Repo/New Registration - Registration Module Pages/New Reg - OTC to RO/Special Case - All Related Objects/Continue Button in verifying case' (Root cause: org.openqa.selenium.ElementNotVisibleException: element not interactable
  (Session info: chrome=70.0.3538.110)
  (Driver info: chromedriver=2.43.600210 (68dcf5eebde37173d4027fa8635e332711d2874a),platform=Windows NT 6.1.7601 SP1 x86_64) (WARNING: The server did not provide any stacktrace information)
Command duration or timeout: 0 milliseconds
Build info: version: '3.7.1', revision: '8a0099a', time: '2017-11-06T21:07:36.161Z'
System info: host: 'WIN7TEST02', ip: '10.20.3.72', os.name: 'Windows 7', os.arch: 'amd64', os.version: '6.1', java.version: '1.8.0_181'
Driver info: com.kms.katalon.selenium.driver.CChromeDriver
Capabilities {acceptInsecureCerts: false, acceptSslCerts: false, applicationCacheEnabled: false, browserConnectionEnabled: false, browserName: chrome, chrome: {chromedriverVersion: 2.43.600210 (68dcf5eebde371..., userDataDir: C:\Users\Admin\AppData\Loca...}, cssSelectorsEnabled: true, databaseEnabled: false, goog:chromeOptions: {debuggerAddress: localhost:53974}, handlesAlerts: true, hasTouchScreen: false, javascriptEnabled: true, locationContextEnabled: true, mobileEmulationEnabled: false, nativeEvents: true, networkConnectionEnabled: false, pageLoadStrategy: normal, platform: XP, platformName: XP, rotatable: false, setWindowRect: true, takesHeapSnapshot: true, takesScreenshot: true, unexpectedAlertBehaviour: , unhandledPromptBehavior: , version: 70.0.3538.110, webStorageEnabled: true}
Session ID: 2f7e87c667c5f2ce1765b6ac1db9cd27)

2018-12-13 14:47:00 - [MESSAGE][FAILED] - Unable to click on object 'Object Repository/Final Object Repo/New Registration - Registration Module Pages/New Reg - OTC to RO/Special Case - All Related Objects/Continue Button in verifying case' (Root cause: org.openqa.selenium.ElementNotVisibleException: element not interactable
  (Session info: chrome=70.0.3538.110)
  (Driver info: chromedriver=2.43.600210 (68dcf5eebde37173d4027fa8635e332711d2874a),platform=Windows NT 6.1.7601 SP1 x86_64) (WARNING: The server did not provide any stacktrace information)
Command duration or timeout: 0 milliseconds
Build info: version: '3.7.1', revision: '8a0099a', time: '2017-11-06T21:07:36.161Z'
System info: host: 'WIN7TEST02', ip: '10.20.3.72', os.name: 'Windows 7', os.arch: 'amd64', os.version: '6.1', java.version: '1.8.0_181'
Driver info: com.kms.katalon.selenium.driver.CChromeDriver
Capabilities {acceptInsecureCerts: false, acceptSslCerts: false, applicationCacheEnabled: false, browserConnectionEnabled: false, browserName: chrome, chrome: {chromedriverVersion: 2.43.600210 (68dcf5eebde371..., userDataDir: C:\Users\Admin\AppData\Loca...}, cssSelectorsEnabled: true, databaseEnabled: false, goog:chromeOptions: {debuggerAddress: localhost:53974}, handlesAlerts: true, hasTouchScreen: false, javascriptEnabled: true, locationContextEnabled: true, mobileEmulationEnabled: false, nativeEvents: true, networkConnectionEnabled: false, pageLoadStrategy: normal, platform: XP, platformName: XP, rotatable: false, setWindowRect: true, takesHeapSnapshot: true, takesScreenshot: true, unexpectedAlertBehaviour: , unhandledPromptBehavior: , version: 70.0.3538.110, webStorageEnabled: true}
Session ID: 2f7e87c667c5f2ce1765b6ac1db9cd27)
[[ATTACHMENT|C:\\Users\\Admin\\Desktop\\PKS\\Perkeso Phase A\\Reports\\Workflow\\New Registration\\20181213_103053\\1544683620508.png]]

2018-12-13 14:47:00 - [TEST_STEP][PASSED] - delay: Delayed 2 second(s)

2018-12-13 14:47:02 - [MESSAGE][PASSED] - Delayed 2 second(s)

2018-12-13 14:47:02 - [TEST_STEP][PASSED] - click: Object: 'Object Repository/Final Object Repo/New Registration - Registration Module Pages/Form 1/Registered As a Branch - Yes' is clicked on

2018-12-13 14:47:03 - [MESSAGE][PASSED] - Object: 'Object Repository/Final Object Repo/New Registration - Registration Module Pages/Form 1/Registered As a Branch - Yes' is clicked on

2018-12-13 14:47:03 - [TEST_STEP][PASSED] - delay: Delayed 2 second(s)

2018-12-13 14:47:05 - [MESSAGE][PASSED] - Delayed 2 second(s)

2018-12-13 14:47:05 - [TEST_STEP][PASSED] - click: Object: 'Object Repository/Final Object Repo/New Registration - Registration Module Pages/New Reg - OTC to RO/Special Case - All Related Objects/Form 1 Save n Continue' is clicked on

2018-12-13 14:47:05 - [MESSAGE][PASSED] - Object: 'Object Repository/Final Object Repo/New Registration - Registration Module Pages/New Reg - OTC to RO/Special Case - All Related Objects/Form 1 Save n Continue' is clicked on

2018-12-13 14:47:05 - [TEST_STEP][PASSED] - delay: Delayed 2 second(s)

2018-12-13 14:47:07 - [MESSAGE][PASSED] - Delayed 2 second(s)

2018-12-13 14:47:07 - [TEST_STEP][PASSED] - click: Object: 'Object Repository/Final Object Repo/New Registration - Registration Module Pages/New Reg - OTC to RO/Special Case - All Related Objects/Form 2 Save n Continue' is clicked on

2018-12-13 14:47:07 - [MESSAGE][PASSED] - Object: 'Object Repository/Final Object Repo/New Registration - Registration Module Pages/New Reg - OTC to RO/Special Case - All Related Objects/Form 2 Save n Continue' is clicked on

2018-12-13 14:47:07 - [TEST_STEP][PASSED] - delay: Delayed 2 second(s)

2018-12-13 14:47:09 - [MESSAGE][PASSED] - Delayed 2 second(s)

2018-12-13 14:47:09 - [TEST_STEP][PASSED] - click: Object: 'Object Repository/Final Object Repo/New Registration - Registration Module Pages/New Reg - OTC to RO/Special Case - All Related Objects/Third Screen Save n Continue' is clicked on

2018-12-13 14:47:14 - [MESSAGE][PASSED] - Object: 'Object Repository/Final Object Repo/New Registration - Registration Module Pages/New Reg - OTC to RO/Special Case - All Related Objects/Third Screen Save n Continue' is clicked on

2018-12-13 14:47:14 - [TEST_STEP][PASSED] - delay: Delayed 5 second(s)

2018-12-13 14:47:19 - [MESSAGE][PASSED] - Delayed 5 second(s)

2018-12-13 14:47:19 - [TEST_STEP][PASSED] - click: Object: 'Object Repository/Final Object Repo/New Registration - Registration Module Pages/New Reg - OTC to RO/Special Case - All Related Objects/Upload Doc Page Save n Continue' is clicked on

2018-12-13 14:47:20 - [MESSAGE][PASSED] - Object: 'Object Repository/Final Object Repo/New Registration - Registration Module Pages/New Reg - OTC to RO/Special Case - All Related Objects/Upload Doc Page Save n Continue' is clicked on

2018-12-13 14:47:20 - [TEST_STEP][PASSED] - callTestCase: Call Test Case 'Test Cases/Final Aug 2018 - PKS Automation/Registration Module/New Registration/Submit and Screenshot/Submit Registration and Screenshot' successfully

2018-12-13 14:47:20 - [TEST_CASE][PASSED] - Test Cases/Final Aug 2018 - PKS Automation/Registration Module/New Registration/Submit and Screenshot/Submit Registration and Screenshot: Test Cases/Final Aug 2018 - PKS Automation/Registration Module/New Registration/Submit and Screenshot/Submit Registration and Screenshot

2018-12-13 14:47:20 - [TEST_STEP][PASSED] - delay: Delayed 6 second(s)

2018-12-13 14:47:26 - [MESSAGE][PASSED] - Delayed 6 second(s)

2018-12-13 14:47:26 - [TEST_STEP][PASSED] - click: Object: 'Object Repository/Final Object Repo/New Registration - Registration Module Pages/Third Screen - Upload Supporting Doc- Preview/Preview Submit Button' is clicked on

2018-12-13 14:47:26 - [MESSAGE][PASSED] - Object: 'Object Repository/Final Object Repo/New Registration - Registration Module Pages/Third Screen - Upload Supporting Doc- Preview/Preview Submit Button' is clicked on

2018-12-13 14:47:26 - [TEST_STEP][PASSED] - delay: Delayed 2 second(s)

2018-12-13 14:47:28 - [MESSAGE][PASSED] - Delayed 2 second(s)

2018-12-13 14:47:28 - [TEST_STEP][PASSED] - click: Object: 'Object Repository/Final Object Repo/New Registration - Registration Module Pages/Third Screen - Upload Supporting Doc- Preview/Preview Submit - Confirm' is clicked on

2018-12-13 14:47:28 - [MESSAGE][PASSED] - Object: 'Object Repository/Final Object Repo/New Registration - Registration Module Pages/Third Screen - Upload Supporting Doc- Preview/Preview Submit - Confirm' is clicked on

2018-12-13 14:47:28 - [TEST_STEP][PASSED] - delay: Delayed 15 second(s)

2018-12-13 14:47:43 - [MESSAGE][PASSED] - Delayed 15 second(s)

2018-12-13 14:47:43 - [TEST_STEP][PASSED] - Statement - driver = com.kms.katalon.core.webui.driver.DriverFactory.getWebDriver(): null

2018-12-13 14:47:43 - [TEST_STEP][PASSED] - Statement - driver.manage().timeouts().implicitlyWait(10, SECONDS): null

2018-12-13 14:47:43 - [TEST_STEP][PASSED] - Statement - PresavePath = KatalonScreenshots: null

2018-12-13 14:47:43 - [TEST_STEP][PASSED] - Statement - pathPrefix = "C:\Users\Public\Pictures\Sample Pictures\Katalon Screenshots\Automate Ending Screen": null

2018-12-13 14:47:43 - [TEST_STEP][PASSED] - Statement - finalPath = <not implemented yet for class: org.codehaus.groovy.ast.expr.EmptyExpression>: null

2018-12-13 14:47:43 - [TEST_STEP][PASSED] - Statement - scrFile = driver.getScreenshotAs(FILE): null

2018-12-13 14:47:43 - [TEST_STEP][PASSED] - Statement - PreSaveFile = new java.io.File(PresavePath): null

2018-12-13 14:47:43 - [TEST_STEP][PASSED] - Statement - counter = 0: null

2018-12-13 14:47:43 - [TEST_STEP][PASSED] - Statement - If (PreSaveFile.exists()): null

2018-12-13 14:47:43 - [TEST_STEP][PASSED] - Statement - While (PreSaveFile.exists()): null

2018-12-13 14:47:43 - [TEST_STEP][PASSED] - Statement - counter = counter + 1: null

2018-12-13 14:47:43 - [TEST_STEP][PASSED] - Statement - PreSaveFile = new java.io.File(((pathPrefix + java.lang.Integer.toString(counter)) + .png)): null

2018-12-13 14:47:43 - [TEST_STEP][PASSED] - Statement - counter = counter + 1: null

2018-12-13 14:47:43 - [TEST_STEP][PASSED] - Statement - PreSaveFile = new java.io.File(((pathPrefix + java.lang.Integer.toString(counter)) + .png)): null

2018-12-13 14:47:43 - [TEST_STEP][PASSED] - Statement - counter = counter + 1: null

2018-12-13 14:47:43 - [TEST_STEP][PASSED] - Statement - PreSaveFile = new java.io.File(((pathPrefix + java.lang.Integer.toString(counter)) + .png)): null

2018-12-13 14:47:43 - [TEST_STEP][PASSED] - Statement - counter = counter + 1: null

2018-12-13 14:47:43 - [TEST_STEP][PASSED] - Statement - PreSaveFile = new java.io.File(((pathPrefix + java.lang.Integer.toString(counter)) + .png)): null

2018-12-13 14:47:43 - [TEST_STEP][PASSED] - Statement - counter = counter + 1: null

2018-12-13 14:47:43 - [TEST_STEP][PASSED] - Statement - PreSaveFile = new java.io.File(((pathPrefix + java.lang.Integer.toString(counter)) + .png)): null

2018-12-13 14:47:43 - [TEST_STEP][PASSED] - Statement - counter = counter + 1: null

2018-12-13 14:47:43 - [TEST_STEP][PASSED] - Statement - PreSaveFile = new java.io.File(((pathPrefix + java.lang.Integer.toString(counter)) + .png)): null

2018-12-13 14:47:43 - [TEST_STEP][PASSED] - Statement - counter = counter + 1: null

2018-12-13 14:47:43 - [TEST_STEP][PASSED] - Statement - PreSaveFile = new java.io.File(((pathPrefix + java.lang.Integer.toString(counter)) + .png)): null

2018-12-13 14:47:43 - [TEST_STEP][PASSED] - Statement - counter = counter + 1: null

2018-12-13 14:47:43 - [TEST_STEP][PASSED] - Statement - PreSaveFile = new java.io.File(((pathPrefix + java.lang.Integer.toString(counter)) + .png)): null

2018-12-13 14:47:43 - [TEST_STEP][PASSED] - Statement - counter = counter + 1: null

2018-12-13 14:47:43 - [TEST_STEP][PASSED] - Statement - PreSaveFile = new java.io.File(((pathPrefix + java.lang.Integer.toString(counter)) + .png)): null

2018-12-13 14:47:43 - [TEST_STEP][PASSED] - Statement - counter = counter + 1: null

2018-12-13 14:47:43 - [TEST_STEP][PASSED] - Statement - PreSaveFile = new java.io.File(((pathPrefix + java.lang.Integer.toString(counter)) + .png)): null

2018-12-13 14:47:43 - [TEST_STEP][PASSED] - Statement - counter = counter + 1: null

2018-12-13 14:47:43 - [TEST_STEP][PASSED] - Statement - PreSaveFile = new java.io.File(((pathPrefix + java.lang.Integer.toString(counter)) + .png)): null

2018-12-13 14:47:43 - [TEST_STEP][PASSED] - Statement - counter = counter + 1: null

2018-12-13 14:47:43 - [TEST_STEP][PASSED] - Statement - PreSaveFile = new java.io.File(((pathPrefix + java.lang.Integer.toString(counter)) + .png)): null

2018-12-13 14:47:43 - [TEST_STEP][PASSED] - Statement - counter = counter + 1: null

2018-12-13 14:47:43 - [TEST_STEP][PASSED] - Statement - PreSaveFile = new java.io.File(((pathPrefix + java.lang.Integer.toString(counter)) + .png)): null

2018-12-13 14:47:43 - [TEST_STEP][PASSED] - Statement - counter = counter + 1: null

2018-12-13 14:47:43 - [TEST_STEP][PASSED] - Statement - PreSaveFile = new java.io.File(((pathPrefix + java.lang.Integer.toString(counter)) + .png)): null

2018-12-13 14:47:43 - [TEST_STEP][PASSED] - Statement - counter = counter + 1: null

2018-12-13 14:47:43 - [TEST_STEP][PASSED] - Statement - PreSaveFile = new java.io.File(((pathPrefix + java.lang.Integer.toString(counter)) + .png)): null

2018-12-13 14:47:43 - [TEST_STEP][PASSED] - Statement - counter = counter + 1: null

2018-12-13 14:47:43 - [TEST_STEP][PASSED] - Statement - PreSaveFile = new java.io.File(((pathPrefix + java.lang.Integer.toString(counter)) + .png)): null

2018-12-13 14:47:43 - [TEST_STEP][PASSED] - Statement - counter = counter + 1: null

2018-12-13 14:47:43 - [TEST_STEP][PASSED] - Statement - PreSaveFile = new java.io.File(((pathPrefix + java.lang.Integer.toString(counter)) + .png)): null

2018-12-13 14:47:43 - [TEST_STEP][PASSED] - Statement - counter = counter + 1: null

2018-12-13 14:47:43 - [TEST_STEP][PASSED] - Statement - PreSaveFile = new java.io.File(((pathPrefix + java.lang.Integer.toString(counter)) + .png)): null

2018-12-13 14:47:43 - [TEST_STEP][PASSED] - Statement - counter = counter + 1: null

2018-12-13 14:47:43 - [TEST_STEP][PASSED] - Statement - PreSaveFile = new java.io.File(((pathPrefix + java.lang.Integer.toString(counter)) + .png)): null

2018-12-13 14:47:43 - [TEST_STEP][PASSED] - Statement - counter = counter + 1: null

2018-12-13 14:47:43 - [TEST_STEP][PASSED] - Statement - PreSaveFile = new java.io.File(((pathPrefix + java.lang.Integer.toString(counter)) + .png)): null

2018-12-13 14:47:43 - [TEST_STEP][PASSED] - Statement - counter = counter + 1: null

2018-12-13 14:47:43 - [TEST_STEP][PASSED] - Statement - PreSaveFile = new java.io.File(((pathPrefix + java.lang.Integer.toString(counter)) + .png)): null

2018-12-13 14:47:43 - [TEST_STEP][PASSED] - Statement - counter = counter + 1: null

2018-12-13 14:47:43 - [TEST_STEP][PASSED] - Statement - PreSaveFile = new java.io.File(((pathPrefix + java.lang.Integer.toString(counter)) + .png)): null

2018-12-13 14:47:43 - [TEST_STEP][PASSED] - Statement - counter = counter + 1: null

2018-12-13 14:47:43 - [TEST_STEP][PASSED] - Statement - PreSaveFile = new java.io.File(((pathPrefix + java.lang.Integer.toString(counter)) + .png)): null

2018-12-13 14:47:43 - [TEST_STEP][PASSED] - Statement - counter = counter + 1: null

2018-12-13 14:47:43 - [TEST_STEP][PASSED] - Statement - PreSaveFile = new java.io.File(((pathPrefix + java.lang.Integer.toString(counter)) + .png)): null

2018-12-13 14:47:43 - [TEST_STEP][PASSED] - Statement - counter = counter + 1: null

2018-12-13 14:47:43 - [TEST_STEP][PASSED] - Statement - PreSaveFile = new java.io.File(((pathPrefix + java.lang.Integer.toString(counter)) + .png)): null

2018-12-13 14:47:43 - [TEST_STEP][PASSED] - Statement - counter = counter + 1: null

2018-12-13 14:47:43 - [TEST_STEP][PASSED] - Statement - PreSaveFile = new java.io.File(((pathPrefix + java.lang.Integer.toString(counter)) + .png)): null

2018-12-13 14:47:43 - [TEST_STEP][PASSED] - Statement - counter = counter + 1: null

2018-12-13 14:47:43 - [TEST_STEP][PASSED] - Statement - PreSaveFile = new java.io.File(((pathPrefix + java.lang.Integer.toString(counter)) + .png)): null

2018-12-13 14:47:43 - [TEST_STEP][PASSED] - Statement - counter = counter + 1: null

2018-12-13 14:47:43 - [TEST_STEP][PASSED] - Statement - PreSaveFile = new java.io.File(((pathPrefix + java.lang.Integer.toString(counter)) + .png)): null

2018-12-13 14:47:44 - [TEST_STEP][PASSED] - Statement - counter = counter + 1: null

2018-12-13 14:47:44 - [TEST_STEP][PASSED] - Statement - PreSaveFile = new java.io.File(((pathPrefix + java.lang.Integer.toString(counter)) + .png)): null

2018-12-13 14:47:44 - [TEST_STEP][PASSED] - Statement - counter = counter + 1: null

2018-12-13 14:47:44 - [TEST_STEP][PASSED] - Statement - PreSaveFile = new java.io.File(((pathPrefix + java.lang.Integer.toString(counter)) + .png)): null

2018-12-13 14:47:44 - [TEST_STEP][PASSED] - Statement - counter = counter + 1: null

2018-12-13 14:47:44 - [TEST_STEP][PASSED] - Statement - PreSaveFile = new java.io.File(((pathPrefix + java.lang.Integer.toString(counter)) + .png)): null

2018-12-13 14:47:44 - [TEST_STEP][PASSED] - Statement - counter = counter + 1: null

2018-12-13 14:47:44 - [TEST_STEP][PASSED] - Statement - PreSaveFile = new java.io.File(((pathPrefix + java.lang.Integer.toString(counter)) + .png)): null

2018-12-13 14:47:44 - [TEST_STEP][PASSED] - Statement - counter = counter + 1: null

2018-12-13 14:47:44 - [TEST_STEP][PASSED] - Statement - PreSaveFile = new java.io.File(((pathPrefix + java.lang.Integer.toString(counter)) + .png)): null

2018-12-13 14:47:44 - [TEST_STEP][PASSED] - Statement - counter = counter + 1: null

2018-12-13 14:47:44 - [TEST_STEP][PASSED] - Statement - PreSaveFile = new java.io.File(((pathPrefix + java.lang.Integer.toString(counter)) + .png)): null

2018-12-13 14:47:44 - [TEST_STEP][PASSED] - Statement - counter = counter + 1: null

2018-12-13 14:47:44 - [TEST_STEP][PASSED] - Statement - PreSaveFile = new java.io.File(((pathPrefix + java.lang.Integer.toString(counter)) + .png)): null

2018-12-13 14:47:44 - [TEST_STEP][PASSED] - Statement - counter = counter + 1: null

2018-12-13 14:47:44 - [TEST_STEP][PASSED] - Statement - PreSaveFile = new java.io.File(((pathPrefix + java.lang.Integer.toString(counter)) + .png)): null

2018-12-13 14:47:44 - [TEST_STEP][PASSED] - Statement - counter = counter + 1: null

2018-12-13 14:47:44 - [TEST_STEP][PASSED] - Statement - PreSaveFile = new java.io.File(((pathPrefix + java.lang.Integer.toString(counter)) + .png)): null

2018-12-13 14:47:44 - [TEST_STEP][PASSED] - Statement - counter = counter + 1: null

2018-12-13 14:47:44 - [TEST_STEP][PASSED] - Statement - PreSaveFile = new java.io.File(((pathPrefix + java.lang.Integer.toString(counter)) + .png)): null

2018-12-13 14:47:44 - [TEST_STEP][PASSED] - Statement - counter = counter + 1: null

2018-12-13 14:47:44 - [TEST_STEP][PASSED] - Statement - PreSaveFile = new java.io.File(((pathPrefix + java.lang.Integer.toString(counter)) + .png)): null

2018-12-13 14:47:44 - [TEST_STEP][PASSED] - Statement - counter = counter + 1: null

2018-12-13 14:47:44 - [TEST_STEP][PASSED] - Statement - PreSaveFile = new java.io.File(((pathPrefix + java.lang.Integer.toString(counter)) + .png)): null

2018-12-13 14:47:44 - [TEST_STEP][PASSED] - Statement - counter = counter + 1: null

2018-12-13 14:47:44 - [TEST_STEP][PASSED] - Statement - PreSaveFile = new java.io.File(((pathPrefix + java.lang.Integer.toString(counter)) + .png)): null

2018-12-13 14:47:44 - [TEST_STEP][PASSED] - Statement - counter = counter + 1: null

2018-12-13 14:47:44 - [TEST_STEP][PASSED] - Statement - PreSaveFile = new java.io.File(((pathPrefix + java.lang.Integer.toString(counter)) + .png)): null

2018-12-13 14:47:44 - [TEST_STEP][PASSED] - Statement - counter = counter + 1: null

2018-12-13 14:47:44 - [TEST_STEP][PASSED] - Statement - PreSaveFile = new java.io.File(((pathPrefix + java.lang.Integer.toString(counter)) + .png)): null

2018-12-13 14:47:44 - [TEST_STEP][PASSED] - Statement - counter = counter + 1: null

2018-12-13 14:47:44 - [TEST_STEP][PASSED] - Statement - PreSaveFile = new java.io.File(((pathPrefix + java.lang.Integer.toString(counter)) + .png)): null

2018-12-13 14:47:44 - [TEST_STEP][PASSED] - Statement - counter = counter + 1: null

2018-12-13 14:47:44 - [TEST_STEP][PASSED] - Statement - PreSaveFile = new java.io.File(((pathPrefix + java.lang.Integer.toString(counter)) + .png)): null

2018-12-13 14:47:44 - [TEST_STEP][PASSED] - Statement - counter = counter + 1: null

2018-12-13 14:47:44 - [TEST_STEP][PASSED] - Statement - PreSaveFile = new java.io.File(((pathPrefix + java.lang.Integer.toString(counter)) + .png)): null

2018-12-13 14:47:44 - [TEST_STEP][PASSED] - Statement - counter = counter + 1: null

2018-12-13 14:47:44 - [TEST_STEP][PASSED] - Statement - PreSaveFile = new java.io.File(((pathPrefix + java.lang.Integer.toString(counter)) + .png)): null

2018-12-13 14:47:44 - [TEST_STEP][PASSED] - Statement - counter = counter + 1: null

2018-12-13 14:47:44 - [TEST_STEP][PASSED] - Statement - PreSaveFile = new java.io.File(((pathPrefix + java.lang.Integer.toString(counter)) + .png)): null

2018-12-13 14:47:44 - [TEST_STEP][PASSED] - Statement - counter = counter + 1: null

2018-12-13 14:47:44 - [TEST_STEP][PASSED] - Statement - PreSaveFile = new java.io.File(((pathPrefix + java.lang.Integer.toString(counter)) + .png)): null

2018-12-13 14:47:44 - [TEST_STEP][PASSED] - Statement - counter = counter + 1: null

2018-12-13 14:47:44 - [TEST_STEP][PASSED] - Statement - PreSaveFile = new java.io.File(((pathPrefix + java.lang.Integer.toString(counter)) + .png)): null

2018-12-13 14:47:44 - [TEST_STEP][PASSED] - Statement - counter = counter + 1: null

2018-12-13 14:47:44 - [TEST_STEP][PASSED] - Statement - PreSaveFile = new java.io.File(((pathPrefix + java.lang.Integer.toString(counter)) + .png)): null

2018-12-13 14:47:44 - [TEST_STEP][PASSED] - Statement - counter = counter + 1: null

2018-12-13 14:47:44 - [TEST_STEP][PASSED] - Statement - PreSaveFile = new java.io.File(((pathPrefix + java.lang.Integer.toString(counter)) + .png)): null

2018-12-13 14:47:44 - [TEST_STEP][PASSED] - Statement - counter = counter + 1: null

2018-12-13 14:47:44 - [TEST_STEP][PASSED] - Statement - PreSaveFile = new java.io.File(((pathPrefix + java.lang.Integer.toString(counter)) + .png)): null

2018-12-13 14:47:44 - [TEST_STEP][PASSED] - Statement - counter = counter + 1: null

2018-12-13 14:47:44 - [TEST_STEP][PASSED] - Statement - PreSaveFile = new java.io.File(((pathPrefix + java.lang.Integer.toString(counter)) + .png)): null

2018-12-13 14:47:44 - [TEST_STEP][PASSED] - Statement - counter = counter + 1: null

2018-12-13 14:47:44 - [TEST_STEP][PASSED] - Statement - PreSaveFile = new java.io.File(((pathPrefix + java.lang.Integer.toString(counter)) + .png)): null

2018-12-13 14:47:44 - [TEST_STEP][PASSED] - Statement - counter = counter + 1: null

2018-12-13 14:47:44 - [TEST_STEP][PASSED] - Statement - PreSaveFile = new java.io.File(((pathPrefix + java.lang.Integer.toString(counter)) + .png)): null

2018-12-13 14:47:44 - [TEST_STEP][PASSED] - Statement - counter = counter + 1: null

2018-12-13 14:47:44 - [TEST_STEP][PASSED] - Statement - PreSaveFile = new java.io.File(((pathPrefix + java.lang.Integer.toString(counter)) + .png)): null

2018-12-13 14:47:44 - [TEST_STEP][PASSED] - Statement - counter = counter + 1: null

2018-12-13 14:47:44 - [TEST_STEP][PASSED] - Statement - PreSaveFile = new java.io.File(((pathPrefix + java.lang.Integer.toString(counter)) + .png)): null

2018-12-13 14:47:44 - [TEST_STEP][PASSED] - Statement - counter = counter + 1: null

2018-12-13 14:47:44 - [TEST_STEP][PASSED] - Statement - PreSaveFile = new java.io.File(((pathPrefix + java.lang.Integer.toString(counter)) + .png)): null

2018-12-13 14:47:44 - [TEST_STEP][PASSED] - Statement - counter = counter + 1: null

2018-12-13 14:47:44 - [TEST_STEP][PASSED] - Statement - PreSaveFile = new java.io.File(((pathPrefix + java.lang.Integer.toString(counter)) + .png)): null

2018-12-13 14:47:44 - [TEST_STEP][PASSED] - Statement - counter = counter + 1: null

2018-12-13 14:47:44 - [TEST_STEP][PASSED] - Statement - PreSaveFile = new java.io.File(((pathPrefix + java.lang.Integer.toString(counter)) + .png)): null

2018-12-13 14:47:44 - [TEST_STEP][PASSED] - Statement - counter = counter + 1: null

2018-12-13 14:47:44 - [TEST_STEP][PASSED] - Statement - PreSaveFile = new java.io.File(((pathPrefix + java.lang.Integer.toString(counter)) + .png)): null

2018-12-13 14:47:44 - [TEST_STEP][PASSED] - Statement - counter = counter + 1: null

2018-12-13 14:47:44 - [TEST_STEP][PASSED] - Statement - PreSaveFile = new java.io.File(((pathPrefix + java.lang.Integer.toString(counter)) + .png)): null

2018-12-13 14:47:44 - [TEST_STEP][PASSED] - Statement - counter = counter + 1: null

2018-12-13 14:47:44 - [TEST_STEP][PASSED] - Statement - PreSaveFile = new java.io.File(((pathPrefix + java.lang.Integer.toString(counter)) + .png)): null

2018-12-13 14:47:44 - [TEST_STEP][PASSED] - Statement - counter = counter + 1: null

2018-12-13 14:47:44 - [TEST_STEP][PASSED] - Statement - PreSaveFile = new java.io.File(((pathPrefix + java.lang.Integer.toString(counter)) + .png)): null

2018-12-13 14:47:44 - [TEST_STEP][PASSED] - Statement - counter = counter + 1: null

2018-12-13 14:47:44 - [TEST_STEP][PASSED] - Statement - PreSaveFile = new java.io.File(((pathPrefix + java.lang.Integer.toString(counter)) + .png)): null

2018-12-13 14:47:44 - [TEST_STEP][PASSED] - Statement - counter = counter + 1: null

2018-12-13 14:47:44 - [TEST_STEP][PASSED] - Statement - PreSaveFile = new java.io.File(((pathPrefix + java.lang.Integer.toString(counter)) + .png)): null

2018-12-13 14:47:44 - [TEST_STEP][PASSED] - Statement - counter = counter + 1: null

2018-12-13 14:47:44 - [TEST_STEP][PASSED] - Statement - PreSaveFile = new java.io.File(((pathPrefix + java.lang.Integer.toString(counter)) + .png)): null

2018-12-13 14:47:44 - [TEST_STEP][PASSED] - Statement - counter = counter + 1: null

2018-12-13 14:47:44 - [TEST_STEP][PASSED] - Statement - PreSaveFile = new java.io.File(((pathPrefix + java.lang.Integer.toString(counter)) + .png)): null

2018-12-13 14:47:44 - [TEST_STEP][PASSED] - Statement - counter = counter + 1: null

2018-12-13 14:47:44 - [TEST_STEP][PASSED] - Statement - PreSaveFile = new java.io.File(((pathPrefix + java.lang.Integer.toString(counter)) + .png)): null

2018-12-13 14:47:44 - [TEST_STEP][PASSED] - Statement - counter = counter + 1: null

2018-12-13 14:47:44 - [TEST_STEP][PASSED] - Statement - PreSaveFile = new java.io.File(((pathPrefix + java.lang.Integer.toString(counter)) + .png)): null

2018-12-13 14:47:44 - [TEST_STEP][PASSED] - Statement - counter = counter + 1: null

2018-12-13 14:47:44 - [TEST_STEP][PASSED] - Statement - PreSaveFile = new java.io.File(((pathPrefix + java.lang.Integer.toString(counter)) + .png)): null

2018-12-13 14:47:44 - [TEST_STEP][PASSED] - Statement - counter = counter + 1: null

2018-12-13 14:47:44 - [TEST_STEP][PASSED] - Statement - PreSaveFile = new java.io.File(((pathPrefix + java.lang.Integer.toString(counter)) + .png)): null

2018-12-13 14:47:44 - [TEST_STEP][PASSED] - Statement - counter = counter + 1: null

2018-12-13 14:47:44 - [TEST_STEP][PASSED] - Statement - PreSaveFile = new java.io.File(((pathPrefix + java.lang.Integer.toString(counter)) + .png)): null

2018-12-13 14:47:44 - [TEST_STEP][PASSED] - Statement - counter = counter + 1: null

2018-12-13 14:47:44 - [TEST_STEP][PASSED] - Statement - PreSaveFile = new java.io.File(((pathPrefix + java.lang.Integer.toString(counter)) + .png)): null

2018-12-13 14:47:44 - [TEST_STEP][PASSED] - Statement - counter = counter + 1: null

2018-12-13 14:47:44 - [TEST_STEP][PASSED] - Statement - PreSaveFile = new java.io.File(((pathPrefix + java.lang.Integer.toString(counter)) + .png)): null

2018-12-13 14:47:44 - [TEST_STEP][PASSED] - Statement - counter = counter + 1: null

2018-12-13 14:47:44 - [TEST_STEP][PASSED] - Statement - PreSaveFile = new java.io.File(((pathPrefix + java.lang.Integer.toString(counter)) + .png)): null

2018-12-13 14:47:44 - [TEST_STEP][PASSED] - Statement - counter = counter + 1: null

2018-12-13 14:47:44 - [TEST_STEP][PASSED] - Statement - PreSaveFile = new java.io.File(((pathPrefix + java.lang.Integer.toString(counter)) + .png)): null

2018-12-13 14:47:44 - [TEST_STEP][PASSED] - Statement - counter = counter + 1: null

2018-12-13 14:47:44 - [TEST_STEP][PASSED] - Statement - PreSaveFile = new java.io.File(((pathPrefix + java.lang.Integer.toString(counter)) + .png)): null

2018-12-13 14:47:44 - [TEST_STEP][PASSED] - Statement - counter = counter + 1: null

2018-12-13 14:47:44 - [TEST_STEP][PASSED] - Statement - PreSaveFile = new java.io.File(((pathPrefix + java.lang.Integer.toString(counter)) + .png)): null

2018-12-13 14:47:44 - [TEST_STEP][PASSED] - Statement - counter = counter + 1: null

2018-12-13 14:47:44 - [TEST_STEP][PASSED] - Statement - PreSaveFile = new java.io.File(((pathPrefix + java.lang.Integer.toString(counter)) + .png)): null

2018-12-13 14:47:44 - [TEST_STEP][PASSED] - Statement - counter = counter + 1: null

2018-12-13 14:47:44 - [TEST_STEP][PASSED] - Statement - PreSaveFile = new java.io.File(((pathPrefix + java.lang.Integer.toString(counter)) + .png)): null

2018-12-13 14:47:44 - [TEST_STEP][PASSED] - Statement - counter = counter + 1: null

2018-12-13 14:47:44 - [TEST_STEP][PASSED] - Statement - PreSaveFile = new java.io.File(((pathPrefix + java.lang.Integer.toString(counter)) + .png)): null

2018-12-13 14:47:44 - [TEST_STEP][PASSED] - Statement - counter = counter + 1: null

2018-12-13 14:47:44 - [TEST_STEP][PASSED] - Statement - PreSaveFile = new java.io.File(((pathPrefix + java.lang.Integer.toString(counter)) + .png)): null

2018-12-13 14:47:44 - [TEST_STEP][PASSED] - Statement - counter = counter + 1: null

2018-12-13 14:47:44 - [TEST_STEP][PASSED] - Statement - PreSaveFile = new java.io.File(((pathPrefix + java.lang.Integer.toString(counter)) + .png)): null

2018-12-13 14:47:44 - [TEST_STEP][PASSED] - Statement - counter = counter + 1: null

2018-12-13 14:47:44 - [TEST_STEP][PASSED] - Statement - PreSaveFile = new java.io.File(((pathPrefix + java.lang.Integer.toString(counter)) + .png)): null

2018-12-13 14:47:44 - [TEST_STEP][PASSED] - Statement - counter = counter + 1: null

2018-12-13 14:47:44 - [TEST_STEP][PASSED] - Statement - PreSaveFile = new java.io.File(((pathPrefix + java.lang.Integer.toString(counter)) + .png)): null

2018-12-13 14:47:44 - [TEST_STEP][PASSED] - Statement - counter = counter + 1: null

2018-12-13 14:47:44 - [TEST_STEP][PASSED] - Statement - PreSaveFile = new java.io.File(((pathPrefix + java.lang.Integer.toString(counter)) + .png)): null

2018-12-13 14:47:44 - [TEST_STEP][PASSED] - Statement - counter = counter + 1: null

2018-12-13 14:47:44 - [TEST_STEP][PASSED] - Statement - PreSaveFile = new java.io.File(((pathPrefix + java.lang.Integer.toString(counter)) + .png)): null

2018-12-13 14:47:44 - [TEST_STEP][PASSED] - Statement - counter = counter + 1: null

2018-12-13 14:47:44 - [TEST_STEP][PASSED] - Statement - PreSaveFile = new java.io.File(((pathPrefix + java.lang.Integer.toString(counter)) + .png)): null

2018-12-13 14:47:44 - [TEST_STEP][PASSED] - Statement - counter = counter + 1: null

2018-12-13 14:47:44 - [TEST_STEP][PASSED] - Statement - PreSaveFile = new java.io.File(((pathPrefix + java.lang.Integer.toString(counter)) + .png)): null

2018-12-13 14:47:44 - [TEST_STEP][PASSED] - Statement - counter = counter + 1: null

2018-12-13 14:47:44 - [TEST_STEP][PASSED] - Statement - PreSaveFile = new java.io.File(((pathPrefix + java.lang.Integer.toString(counter)) + .png)): null

2018-12-13 14:47:44 - [TEST_STEP][PASSED] - Statement - counter = counter + 1: null

2018-12-13 14:47:44 - [TEST_STEP][PASSED] - Statement - PreSaveFile = new java.io.File(((pathPrefix + java.lang.Integer.toString(counter)) + .png)): null

2018-12-13 14:47:44 - [TEST_STEP][PASSED] - Statement - counter = counter + 1: null

2018-12-13 14:47:44 - [TEST_STEP][PASSED] - Statement - PreSaveFile = new java.io.File(((pathPrefix + java.lang.Integer.toString(counter)) + .png)): null

2018-12-13 14:47:44 - [TEST_STEP][PASSED] - Statement - counter = counter + 1: null

2018-12-13 14:47:44 - [TEST_STEP][PASSED] - Statement - PreSaveFile = new java.io.File(((pathPrefix + java.lang.Integer.toString(counter)) + .png)): null

2018-12-13 14:47:44 - [TEST_STEP][PASSED] - Statement - counter = counter + 1: null

2018-12-13 14:47:44 - [TEST_STEP][PASSED] - Statement - PreSaveFile = new java.io.File(((pathPrefix + java.lang.Integer.toString(counter)) + .png)): null

2018-12-13 14:47:44 - [TEST_STEP][PASSED] - Statement - counter = counter + 1: null

2018-12-13 14:47:44 - [TEST_STEP][PASSED] - Statement - PreSaveFile = new java.io.File(((pathPrefix + java.lang.Integer.toString(counter)) + .png)): null

2018-12-13 14:47:44 - [TEST_STEP][PASSED] - Statement - counter = counter + 1: null

2018-12-13 14:47:44 - [TEST_STEP][PASSED] - Statement - PreSaveFile = new java.io.File(((pathPrefix + java.lang.Integer.toString(counter)) + .png)): null

2018-12-13 14:47:44 - [TEST_STEP][PASSED] - Statement - counter = counter + 1: null

2018-12-13 14:47:44 - [TEST_STEP][PASSED] - Statement - PreSaveFile = new java.io.File(((pathPrefix + java.lang.Integer.toString(counter)) + .png)): null

2018-12-13 14:47:44 - [TEST_STEP][PASSED] - Statement - counter = counter + 1: null

2018-12-13 14:47:44 - [TEST_STEP][PASSED] - Statement - PreSaveFile = new java.io.File(((pathPrefix + java.lang.Integer.toString(counter)) + .png)): null

2018-12-13 14:47:44 - [TEST_STEP][PASSED] - Statement - counter = counter + 1: null

2018-12-13 14:47:44 - [TEST_STEP][PASSED] - Statement - PreSaveFile = new java.io.File(((pathPrefix + java.lang.Integer.toString(counter)) + .png)): null

2018-12-13 14:47:44 - [TEST_STEP][PASSED] - Statement - counter = counter + 1: null

2018-12-13 14:47:44 - [TEST_STEP][PASSED] - Statement - PreSaveFile = new java.io.File(((pathPrefix + java.lang.Integer.toString(counter)) + .png)): null

2018-12-13 14:47:44 - [TEST_STEP][PASSED] - Statement - counter = counter + 1: null

2018-12-13 14:47:44 - [TEST_STEP][PASSED] - Statement - PreSaveFile = new java.io.File(((pathPrefix + java.lang.Integer.toString(counter)) + .png)): null

2018-12-13 14:47:44 - [TEST_STEP][PASSED] - Statement - counter = counter + 1: null

2018-12-13 14:47:44 - [TEST_STEP][PASSED] - Statement - PreSaveFile = new java.io.File(((pathPrefix + java.lang.Integer.toString(counter)) + .png)): null

2018-12-13 14:47:44 - [TEST_STEP][PASSED] - Statement - counter = counter + 1: null

2018-12-13 14:47:44 - [TEST_STEP][PASSED] - Statement - PreSaveFile = new java.io.File(((pathPrefix + java.lang.Integer.toString(counter)) + .png)): null

2018-12-13 14:47:44 - [TEST_STEP][PASSED] - Statement - counter = counter + 1: null

2018-12-13 14:47:44 - [TEST_STEP][PASSED] - Statement - PreSaveFile = new java.io.File(((pathPrefix + java.lang.Integer.toString(counter)) + .png)): null

2018-12-13 14:47:44 - [TEST_STEP][PASSED] - Statement - counter = counter + 1: null

2018-12-13 14:47:44 - [TEST_STEP][PASSED] - Statement - PreSaveFile = new java.io.File(((pathPrefix + java.lang.Integer.toString(counter)) + .png)): null

2018-12-13 14:47:44 - [TEST_STEP][PASSED] - Statement - counter = counter + 1: null

2018-12-13 14:47:44 - [TEST_STEP][PASSED] - Statement - PreSaveFile = new java.io.File(((pathPrefix + java.lang.Integer.toString(counter)) + .png)): null

2018-12-13 14:47:44 - [TEST_STEP][PASSED] - Statement - counter = counter + 1: null

2018-12-13 14:47:44 - [TEST_STEP][PASSED] - Statement - PreSaveFile = new java.io.File(((pathPrefix + java.lang.Integer.toString(counter)) + .png)): null

2018-12-13 14:47:44 - [TEST_STEP][PASSED] - Statement - counter = counter + 1: null

2018-12-13 14:47:44 - [TEST_STEP][PASSED] - Statement - PreSaveFile = new java.io.File(((pathPrefix + java.lang.Integer.toString(counter)) + .png)): null

2018-12-13 14:47:44 - [TEST_STEP][PASSED] - Statement - counter = counter + 1: null

2018-12-13 14:47:44 - [TEST_STEP][PASSED] - Statement - PreSaveFile = new java.io.File(((pathPrefix + java.lang.Integer.toString(counter)) + .png)): null

2018-12-13 14:47:44 - [TEST_STEP][PASSED] - Statement - counter = counter + 1: null

2018-12-13 14:47:44 - [TEST_STEP][PASSED] - Statement - PreSaveFile = new java.io.File(((pathPrefix + java.lang.Integer.toString(counter)) + .png)): null

2018-12-13 14:47:44 - [TEST_STEP][PASSED] - Statement - counter = counter + 1: null

2018-12-13 14:47:44 - [TEST_STEP][PASSED] - Statement - PreSaveFile = new java.io.File(((pathPrefix + java.lang.Integer.toString(counter)) + .png)): null

2018-12-13 14:47:44 - [TEST_STEP][PASSED] - Statement - counter = counter + 1: null

2018-12-13 14:47:44 - [TEST_STEP][PASSED] - Statement - PreSaveFile = new java.io.File(((pathPrefix + java.lang.Integer.toString(counter)) + .png)): null

2018-12-13 14:47:44 - [TEST_STEP][PASSED] - Statement - counter = counter + 1: null

2018-12-13 14:47:44 - [TEST_STEP][PASSED] - Statement - PreSaveFile = new java.io.File(((pathPrefix + java.lang.Integer.toString(counter)) + .png)): null

2018-12-13 14:47:44 - [TEST_STEP][PASSED] - Statement - counter = counter + 1: null

2018-12-13 14:47:44 - [TEST_STEP][PASSED] - Statement - PreSaveFile = new java.io.File(((pathPrefix + java.lang.Integer.toString(counter)) + .png)): null

2018-12-13 14:47:44 - [TEST_STEP][PASSED] - Statement - counter = counter + 1: null

2018-12-13 14:47:44 - [TEST_STEP][PASSED] - Statement - PreSaveFile = new java.io.File(((pathPrefix + java.lang.Integer.toString(counter)) + .png)): null

2018-12-13 14:47:44 - [TEST_STEP][PASSED] - Statement - counter = counter + 1: null

2018-12-13 14:47:44 - [TEST_STEP][PASSED] - Statement - PreSaveFile = new java.io.File(((pathPrefix + java.lang.Integer.toString(counter)) + .png)): null

2018-12-13 14:47:44 - [TEST_STEP][PASSED] - Statement - counter = counter + 1: null

2018-12-13 14:47:44 - [TEST_STEP][PASSED] - Statement - PreSaveFile = new java.io.File(((pathPrefix + java.lang.Integer.toString(counter)) + .png)): null

2018-12-13 14:47:44 - [TEST_STEP][PASSED] - Statement - counter = counter + 1: null

2018-12-13 14:47:44 - [TEST_STEP][PASSED] - Statement - PreSaveFile = new java.io.File(((pathPrefix + java.lang.Integer.toString(counter)) + .png)): null

2018-12-13 14:47:44 - [TEST_STEP][PASSED] - Statement - counter = counter + 1: null

2018-12-13 14:47:44 - [TEST_STEP][PASSED] - Statement - PreSaveFile = new java.io.File(((pathPrefix + java.lang.Integer.toString(counter)) + .png)): null

2018-12-13 14:47:44 - [TEST_STEP][PASSED] - Statement - counter = counter + 1: null

2018-12-13 14:47:44 - [TEST_STEP][PASSED] - Statement - PreSaveFile = new java.io.File(((pathPrefix + java.lang.Integer.toString(counter)) + .png)): null

2018-12-13 14:47:44 - [TEST_STEP][PASSED] - Statement - counter = counter + 1: null

2018-12-13 14:47:44 - [TEST_STEP][PASSED] - Statement - PreSaveFile = new java.io.File(((pathPrefix + java.lang.Integer.toString(counter)) + .png)): null

2018-12-13 14:47:44 - [TEST_STEP][PASSED] - Statement - counter = counter + 1: null

2018-12-13 14:47:44 - [TEST_STEP][PASSED] - Statement - PreSaveFile = new java.io.File(((pathPrefix + java.lang.Integer.toString(counter)) + .png)): null

2018-12-13 14:47:44 - [TEST_STEP][PASSED] - Statement - counter = counter + 1: null

2018-12-13 14:47:44 - [TEST_STEP][PASSED] - Statement - PreSaveFile = new java.io.File(((pathPrefix + java.lang.Integer.toString(counter)) + .png)): null

2018-12-13 14:47:44 - [TEST_STEP][PASSED] - Statement - counter = counter + 1: null

2018-12-13 14:47:44 - [TEST_STEP][PASSED] - Statement - PreSaveFile = new java.io.File(((pathPrefix + java.lang.Integer.toString(counter)) + .png)): null

2018-12-13 14:47:44 - [TEST_STEP][PASSED] - Statement - counter = counter + 1: null

2018-12-13 14:47:44 - [TEST_STEP][PASSED] - Statement - PreSaveFile = new java.io.File(((pathPrefix + java.lang.Integer.toString(counter)) + .png)): null

2018-12-13 14:47:44 - [TEST_STEP][PASSED] - Statement - counter = counter + 1: null

2018-12-13 14:47:44 - [TEST_STEP][PASSED] - Statement - PreSaveFile = new java.io.File(((pathPrefix + java.lang.Integer.toString(counter)) + .png)): null

2018-12-13 14:47:44 - [TEST_STEP][PASSED] - Statement - counter = counter + 1: null

2018-12-13 14:47:44 - [TEST_STEP][PASSED] - Statement - PreSaveFile = new java.io.File(((pathPrefix + java.lang.Integer.toString(counter)) + .png)): null

2018-12-13 14:47:44 - [TEST_STEP][PASSED] - Statement - counter = counter + 1: null

2018-12-13 14:47:44 - [TEST_STEP][PASSED] - Statement - PreSaveFile = new java.io.File(((pathPrefix + java.lang.Integer.toString(counter)) + .png)): null

2018-12-13 14:47:44 - [TEST_STEP][PASSED] - Statement - counter = counter + 1: null

2018-12-13 14:47:44 - [TEST_STEP][PASSED] - Statement - PreSaveFile = new java.io.File(((pathPrefix + java.lang.Integer.toString(counter)) + .png)): null

2018-12-13 14:47:44 - [TEST_STEP][PASSED] - Statement - counter = counter + 1: null

2018-12-13 14:47:44 - [TEST_STEP][PASSED] - Statement - PreSaveFile = new java.io.File(((pathPrefix + java.lang.Integer.toString(counter)) + .png)): null

2018-12-13 14:47:44 - [TEST_STEP][PASSED] - Statement - counter = counter + 1: null

2018-12-13 14:47:44 - [TEST_STEP][PASSED] - Statement - PreSaveFile = new java.io.File(((pathPrefix + java.lang.Integer.toString(counter)) + .png)): null

2018-12-13 14:47:44 - [TEST_STEP][PASSED] - Statement - counter = counter + 1: null

2018-12-13 14:47:44 - [TEST_STEP][PASSED] - Statement - PreSaveFile = new java.io.File(((pathPrefix + java.lang.Integer.toString(counter)) + .png)): null

2018-12-13 14:47:44 - [TEST_STEP][PASSED] - Statement - counter = counter + 1: null

2018-12-13 14:47:44 - [TEST_STEP][PASSED] - Statement - PreSaveFile = new java.io.File(((pathPrefix + java.lang.Integer.toString(counter)) + .png)): null

2018-12-13 14:47:44 - [TEST_STEP][PASSED] - Statement - counter = counter + 1: null

2018-12-13 14:47:44 - [TEST_STEP][PASSED] - Statement - PreSaveFile = new java.io.File(((pathPrefix + java.lang.Integer.toString(counter)) + .png)): null

2018-12-13 14:47:44 - [TEST_STEP][PASSED] - Statement - counter = counter + 1: null

2018-12-13 14:47:44 - [TEST_STEP][PASSED] - Statement - PreSaveFile = new java.io.File(((pathPrefix + java.lang.Integer.toString(counter)) + .png)): null

2018-12-13 14:47:44 - [TEST_STEP][PASSED] - Statement - counter = counter + 1: null

2018-12-13 14:47:44 - [TEST_STEP][PASSED] - Statement - PreSaveFile = new java.io.File(((pathPrefix + java.lang.Integer.toString(counter)) + .png)): null

2018-12-13 14:47:44 - [TEST_STEP][PASSED] - Statement - counter = counter + 1: null

2018-12-13 14:47:44 - [TEST_STEP][PASSED] - Statement - PreSaveFile = new java.io.File(((pathPrefix + java.lang.Integer.toString(counter)) + .png)): null

2018-12-13 14:47:44 - [TEST_STEP][PASSED] - Statement - counter = counter + 1: null

2018-12-13 14:47:44 - [TEST_STEP][PASSED] - Statement - PreSaveFile = new java.io.File(((pathPrefix + java.lang.Integer.toString(counter)) + .png)): null

2018-12-13 14:47:44 - [TEST_STEP][PASSED] - Statement - counter = counter + 1: null

2018-12-13 14:47:44 - [TEST_STEP][PASSED] - Statement - PreSaveFile = new java.io.File(((pathPrefix + java.lang.Integer.toString(counter)) + .png)): null

2018-12-13 14:47:44 - [TEST_STEP][PASSED] - Statement - counter = counter + 1: null

2018-12-13 14:47:44 - [TEST_STEP][PASSED] - Statement - PreSaveFile = new java.io.File(((pathPrefix + java.lang.Integer.toString(counter)) + .png)): null

2018-12-13 14:47:44 - [TEST_STEP][PASSED] - Statement - counter = counter + 1: null

2018-12-13 14:47:44 - [TEST_STEP][PASSED] - Statement - PreSaveFile = new java.io.File(((pathPrefix + java.lang.Integer.toString(counter)) + .png)): null

2018-12-13 14:47:44 - [TEST_STEP][PASSED] - Statement - counter = counter + 1: null

2018-12-13 14:47:44 - [TEST_STEP][PASSED] - Statement - PreSaveFile = new java.io.File(((pathPrefix + java.lang.Integer.toString(counter)) + .png)): null

2018-12-13 14:47:44 - [TEST_STEP][PASSED] - Statement - counter = counter + 1: null

2018-12-13 14:47:44 - [TEST_STEP][PASSED] - Statement - PreSaveFile = new java.io.File(((pathPrefix + java.lang.Integer.toString(counter)) + .png)): null

2018-12-13 14:47:44 - [TEST_STEP][PASSED] - Statement - counter = counter + 1: null

2018-12-13 14:47:44 - [TEST_STEP][PASSED] - Statement - PreSaveFile = new java.io.File(((pathPrefix + java.lang.Integer.toString(counter)) + .png)): null

2018-12-13 14:47:44 - [TEST_STEP][PASSED] - Statement - counter = counter + 1: null

2018-12-13 14:47:44 - [TEST_STEP][PASSED] - Statement - PreSaveFile = new java.io.File(((pathPrefix + java.lang.Integer.toString(counter)) + .png)): null

2018-12-13 14:47:44 - [TEST_STEP][PASSED] - Statement - counter = counter + 1: null

2018-12-13 14:47:44 - [TEST_STEP][PASSED] - Statement - PreSaveFile = new java.io.File(((pathPrefix + java.lang.Integer.toString(counter)) + .png)): null

2018-12-13 14:47:44 - [TEST_STEP][PASSED] - Statement - counter = counter + 1: null

2018-12-13 14:47:44 - [TEST_STEP][PASSED] - Statement - PreSaveFile = new java.io.File(((pathPrefix + java.lang.Integer.toString(counter)) + .png)): null

2018-12-13 14:47:44 - [TEST_STEP][PASSED] - Statement - counter = counter + 1: null

2018-12-13 14:47:44 - [TEST_STEP][PASSED] - Statement - PreSaveFile = new java.io.File(((pathPrefix + java.lang.Integer.toString(counter)) + .png)): null

2018-12-13 14:47:44 - [TEST_STEP][PASSED] - Statement - counter = counter + 1: null

2018-12-13 14:47:44 - [TEST_STEP][PASSED] - Statement - PreSaveFile = new java.io.File(((pathPrefix + java.lang.Integer.toString(counter)) + .png)): null

2018-12-13 14:47:44 - [TEST_STEP][PASSED] - Statement - counter = counter + 1: null

2018-12-13 14:47:44 - [TEST_STEP][PASSED] - Statement - PreSaveFile = new java.io.File(((pathPrefix + java.lang.Integer.toString(counter)) + .png)): null

2018-12-13 14:47:44 - [TEST_STEP][PASSED] - Statement - counter = counter + 1: null

2018-12-13 14:47:44 - [TEST_STEP][PASSED] - Statement - PreSaveFile = new java.io.File(((pathPrefix + java.lang.Integer.toString(counter)) + .png)): null

2018-12-13 14:47:44 - [TEST_STEP][PASSED] - Statement - counter = counter + 1: null

2018-12-13 14:47:44 - [TEST_STEP][PASSED] - Statement - PreSaveFile = new java.io.File(((pathPrefix + java.lang.Integer.toString(counter)) + .png)): null

2018-12-13 14:47:44 - [TEST_STEP][PASSED] - Statement - counter = counter + 1: null

2018-12-13 14:47:44 - [TEST_STEP][PASSED] - Statement - PreSaveFile = new java.io.File(((pathPrefix + java.lang.Integer.toString(counter)) + .png)): null

2018-12-13 14:47:44 - [TEST_STEP][PASSED] - Statement - counter = counter + 1: null

2018-12-13 14:47:44 - [TEST_STEP][PASSED] - Statement - PreSaveFile = new java.io.File(((pathPrefix + java.lang.Integer.toString(counter)) + .png)): null

2018-12-13 14:47:44 - [TEST_STEP][PASSED] - Statement - counter = counter + 1: null

2018-12-13 14:47:44 - [TEST_STEP][PASSED] - Statement - PreSaveFile = new java.io.File(((pathPrefix + java.lang.Integer.toString(counter)) + .png)): null

2018-12-13 14:47:44 - [TEST_STEP][PASSED] - Statement - counter = counter + 1: null

2018-12-13 14:47:44 - [TEST_STEP][PASSED] - Statement - PreSaveFile = new java.io.File(((pathPrefix + java.lang.Integer.toString(counter)) + .png)): null

2018-12-13 14:47:44 - [TEST_STEP][PASSED] - Statement - counter = counter + 1: null

2018-12-13 14:47:44 - [TEST_STEP][PASSED] - Statement - PreSaveFile = new java.io.File(((pathPrefix + java.lang.Integer.toString(counter)) + .png)): null

2018-12-13 14:47:44 - [TEST_STEP][PASSED] - Statement - counter = counter + 1: null

2018-12-13 14:47:44 - [TEST_STEP][PASSED] - Statement - PreSaveFile = new java.io.File(((pathPrefix + java.lang.Integer.toString(counter)) + .png)): null

2018-12-13 14:47:44 - [TEST_STEP][PASSED] - Statement - counter = counter + 1: null

2018-12-13 14:47:44 - [TEST_STEP][PASSED] - Statement - PreSaveFile = new java.io.File(((pathPrefix + java.lang.Integer.toString(counter)) + .png)): null

2018-12-13 14:47:44 - [TEST_STEP][PASSED] - Statement - counter = counter + 1: null

2018-12-13 14:47:44 - [TEST_STEP][PASSED] - Statement - PreSaveFile = new java.io.File(((pathPrefix + java.lang.Integer.toString(counter)) + .png)): null

2018-12-13 14:47:44 - [TEST_STEP][PASSED] - Statement - counter = counter + 1: null

2018-12-13 14:47:44 - [TEST_STEP][PASSED] - Statement - PreSaveFile = new java.io.File(((pathPrefix + java.lang.Integer.toString(counter)) + .png)): null

2018-12-13 14:47:44 - [TEST_STEP][PASSED] - Statement - counter = counter + 1: null

2018-12-13 14:47:44 - [TEST_STEP][PASSED] - Statement - PreSaveFile = new java.io.File(((pathPrefix + java.lang.Integer.toString(counter)) + .png)): null

2018-12-13 14:47:44 - [TEST_STEP][PASSED] - Statement - counter = counter + 1: null

2018-12-13 14:47:44 - [TEST_STEP][PASSED] - Statement - PreSaveFile = new java.io.File(((pathPrefix + java.lang.Integer.toString(counter)) + .png)): null

2018-12-13 14:47:44 - [TEST_STEP][PASSED] - Statement - counter = counter + 1: null

2018-12-13 14:47:44 - [TEST_STEP][PASSED] - Statement - PreSaveFile = new java.io.File(((pathPrefix + java.lang.Integer.toString(counter)) + .png)): null

2018-12-13 14:47:44 - [TEST_STEP][PASSED] - Statement - counter = counter + 1: null

2018-12-13 14:47:44 - [TEST_STEP][PASSED] - Statement - PreSaveFile = new java.io.File(((pathPrefix + java.lang.Integer.toString(counter)) + .png)): null

2018-12-13 14:47:44 - [TEST_STEP][PASSED] - Statement - counter = counter + 1: null

2018-12-13 14:47:44 - [TEST_STEP][PASSED] - Statement - PreSaveFile = new java.io.File(((pathPrefix + java.lang.Integer.toString(counter)) + .png)): null

2018-12-13 14:47:44 - [TEST_STEP][PASSED] - Statement - counter = counter + 1: null

2018-12-13 14:47:44 - [TEST_STEP][PASSED] - Statement - PreSaveFile = new java.io.File(((pathPrefix + java.lang.Integer.toString(counter)) + .png)): null

2018-12-13 14:47:44 - [TEST_STEP][PASSED] - Statement - counter = counter + 1: null

2018-12-13 14:47:44 - [TEST_STEP][PASSED] - Statement - PreSaveFile = new java.io.File(((pathPrefix + java.lang.Integer.toString(counter)) + .png)): null

2018-12-13 14:47:44 - [TEST_STEP][PASSED] - Statement - counter = counter + 1: null

2018-12-13 14:47:44 - [TEST_STEP][PASSED] - Statement - PreSaveFile = new java.io.File(((pathPrefix + java.lang.Integer.toString(counter)) + .png)): null

2018-12-13 14:47:44 - [TEST_STEP][PASSED] - Statement - counter = counter + 1: null

2018-12-13 14:47:44 - [TEST_STEP][PASSED] - Statement - PreSaveFile = new java.io.File(((pathPrefix + java.lang.Integer.toString(counter)) + .png)): null

2018-12-13 14:47:44 - [TEST_STEP][PASSED] - Statement - counter = counter + 1: null

2018-12-13 14:47:44 - [TEST_STEP][PASSED] - Statement - PreSaveFile = new java.io.File(((pathPrefix + java.lang.Integer.toString(counter)) + .png)): null

2018-12-13 14:47:44 - [TEST_STEP][PASSED] - Statement - counter = counter + 1: null

2018-12-13 14:47:44 - [TEST_STEP][PASSED] - Statement - PreSaveFile = new java.io.File(((pathPrefix + java.lang.Integer.toString(counter)) + .png)): null

2018-12-13 14:47:44 - [TEST_STEP][PASSED] - Statement - counter = counter + 1: null

2018-12-13 14:47:44 - [TEST_STEP][PASSED] - Statement - PreSaveFile = new java.io.File(((pathPrefix + java.lang.Integer.toString(counter)) + .png)): null

2018-12-13 14:47:44 - [TEST_STEP][PASSED] - Statement - counter = counter + 1: null

2018-12-13 14:47:44 - [TEST_STEP][PASSED] - Statement - PreSaveFile = new java.io.File(((pathPrefix + java.lang.Integer.toString(counter)) + .png)): null

2018-12-13 14:47:44 - [TEST_STEP][PASSED] - Statement - counter = counter + 1: null

2018-12-13 14:47:44 - [TEST_STEP][PASSED] - Statement - PreSaveFile = new java.io.File(((pathPrefix + java.lang.Integer.toString(counter)) + .png)): null

2018-12-13 14:47:44 - [TEST_STEP][PASSED] - Statement - counter = counter + 1: null

2018-12-13 14:47:44 - [TEST_STEP][PASSED] - Statement - PreSaveFile = new java.io.File(((pathPrefix + java.lang.Integer.toString(counter)) + .png)): null

2018-12-13 14:47:44 - [TEST_STEP][PASSED] - Statement - counter = counter + 1: null

2018-12-13 14:47:44 - [TEST_STEP][PASSED] - Statement - PreSaveFile = new java.io.File(((pathPrefix + java.lang.Integer.toString(counter)) + .png)): null

2018-12-13 14:47:44 - [TEST_STEP][PASSED] - Statement - counter = counter + 1: null

2018-12-13 14:47:44 - [TEST_STEP][PASSED] - Statement - PreSaveFile = new java.io.File(((pathPrefix + java.lang.Integer.toString(counter)) + .png)): null

2018-12-13 14:47:44 - [TEST_STEP][PASSED] - Statement - counter = counter + 1: null

2018-12-13 14:47:44 - [TEST_STEP][PASSED] - Statement - PreSaveFile = new java.io.File(((pathPrefix + java.lang.Integer.toString(counter)) + .png)): null

2018-12-13 14:47:44 - [TEST_STEP][PASSED] - Statement - counter = counter + 1: null

2018-12-13 14:47:44 - [TEST_STEP][PASSED] - Statement - PreSaveFile = new java.io.File(((pathPrefix + java.lang.Integer.toString(counter)) + .png)): null

2018-12-13 14:47:44 - [TEST_STEP][PASSED] - Statement - counter = counter + 1: null

2018-12-13 14:47:44 - [TEST_STEP][PASSED] - Statement - PreSaveFile = new java.io.File(((pathPrefix + java.lang.Integer.toString(counter)) + .png)): null

2018-12-13 14:47:44 - [TEST_STEP][PASSED] - Statement - counter = counter + 1: null

2018-12-13 14:47:44 - [TEST_STEP][PASSED] - Statement - PreSaveFile = new java.io.File(((pathPrefix + java.lang.Integer.toString(counter)) + .png)): null

2018-12-13 14:47:44 - [TEST_STEP][PASSED] - Statement - counter = counter + 1: null

2018-12-13 14:47:44 - [TEST_STEP][PASSED] - Statement - PreSaveFile = new java.io.File(((pathPrefix + java.lang.Integer.toString(counter)) + .png)): null

2018-12-13 14:47:44 - [TEST_STEP][PASSED] - Statement - counter = counter + 1: null

2018-12-13 14:47:44 - [TEST_STEP][PASSED] - Statement - PreSaveFile = new java.io.File(((pathPrefix + java.lang.Integer.toString(counter)) + .png)): null

2018-12-13 14:47:44 - [TEST_STEP][PASSED] - Statement - counter = counter + 1: null

2018-12-13 14:47:44 - [TEST_STEP][PASSED] - Statement - PreSaveFile = new java.io.File(((pathPrefix + java.lang.Integer.toString(counter)) + .png)): null

2018-12-13 14:47:44 - [TEST_STEP][PASSED] - Statement - counter = counter + 1: null

2018-12-13 14:47:44 - [TEST_STEP][PASSED] - Statement - PreSaveFile = new java.io.File(((pathPrefix + java.lang.Integer.toString(counter)) + .png)): null

2018-12-13 14:47:44 - [TEST_STEP][PASSED] - Statement - counter = counter + 1: null

2018-12-13 14:47:44 - [TEST_STEP][PASSED] - Statement - PreSaveFile = new java.io.File(((pathPrefix + java.lang.Integer.toString(counter)) + .png)): null

2018-12-13 14:47:44 - [TEST_STEP][PASSED] - Statement - counter = counter + 1: null

2018-12-13 14:47:44 - [TEST_STEP][PASSED] - Statement - PreSaveFile = new java.io.File(((pathPrefix + java.lang.Integer.toString(counter)) + .png)): null

2018-12-13 14:47:44 - [TEST_STEP][PASSED] - Statement - counter = counter + 1: null

2018-12-13 14:47:44 - [TEST_STEP][PASSED] - Statement - PreSaveFile = new java.io.File(((pathPrefix + java.lang.Integer.toString(counter)) + .png)): null

2018-12-13 14:47:44 - [TEST_STEP][PASSED] - Statement - counter = counter + 1: null

2018-12-13 14:47:44 - [TEST_STEP][PASSED] - Statement - PreSaveFile = new java.io.File(((pathPrefix + java.lang.Integer.toString(counter)) + .png)): null

2018-12-13 14:47:44 - [TEST_STEP][PASSED] - Statement - counter = counter + 1: null

2018-12-13 14:47:44 - [TEST_STEP][PASSED] - Statement - PreSaveFile = new java.io.File(((pathPrefix + java.lang.Integer.toString(counter)) + .png)): null

2018-12-13 14:47:44 - [TEST_STEP][PASSED] - Statement - counter = counter + 1: null

2018-12-13 14:47:44 - [TEST_STEP][PASSED] - Statement - PreSaveFile = new java.io.File(((pathPrefix + java.lang.Integer.toString(counter)) + .png)): null

2018-12-13 14:47:44 - [TEST_STEP][PASSED] - Statement - counter = counter + 1: null

2018-12-13 14:47:44 - [TEST_STEP][PASSED] - Statement - PreSaveFile = new java.io.File(((pathPrefix + java.lang.Integer.toString(counter)) + .png)): null

2018-12-13 14:47:44 - [TEST_STEP][PASSED] - Statement - counter = counter + 1: null

2018-12-13 14:47:44 - [TEST_STEP][PASSED] - Statement - PreSaveFile = new java.io.File(((pathPrefix + java.lang.Integer.toString(counter)) + .png)): null

2018-12-13 14:47:44 - [TEST_STEP][PASSED] - Statement - counter = counter + 1: null

2018-12-13 14:47:44 - [TEST_STEP][PASSED] - Statement - PreSaveFile = new java.io.File(((pathPrefix + java.lang.Integer.toString(counter)) + .png)): null

2018-12-13 14:47:44 - [TEST_STEP][PASSED] - Statement - counter = counter + 1: null

2018-12-13 14:47:44 - [TEST_STEP][PASSED] - Statement - PreSaveFile = new java.io.File(((pathPrefix + java.lang.Integer.toString(counter)) + .png)): null

2018-12-13 14:47:44 - [TEST_STEP][PASSED] - Statement - counter = counter + 1: null

2018-12-13 14:47:44 - [TEST_STEP][PASSED] - Statement - PreSaveFile = new java.io.File(((pathPrefix + java.lang.Integer.toString(counter)) + .png)): null

2018-12-13 14:47:44 - [TEST_STEP][PASSED] - Statement - counter = counter + 1: null

2018-12-13 14:47:44 - [TEST_STEP][PASSED] - Statement - PreSaveFile = new java.io.File(((pathPrefix + java.lang.Integer.toString(counter)) + .png)): null

2018-12-13 14:47:44 - [TEST_STEP][PASSED] - Statement - counter = counter + 1: null

2018-12-13 14:47:44 - [TEST_STEP][PASSED] - Statement - PreSaveFile = new java.io.File(((pathPrefix + java.lang.Integer.toString(counter)) + .png)): null

2018-12-13 14:47:44 - [TEST_STEP][PASSED] - Statement - counter = counter + 1: null

2018-12-13 14:47:44 - [TEST_STEP][PASSED] - Statement - PreSaveFile = new java.io.File(((pathPrefix + java.lang.Integer.toString(counter)) + .png)): null

2018-12-13 14:47:44 - [TEST_STEP][PASSED] - Statement - counter = counter + 1: null

2018-12-13 14:47:44 - [TEST_STEP][PASSED] - Statement - PreSaveFile = new java.io.File(((pathPrefix + java.lang.Integer.toString(counter)) + .png)): null

2018-12-13 14:47:44 - [TEST_STEP][PASSED] - Statement - counter = counter + 1: null

2018-12-13 14:47:44 - [TEST_STEP][PASSED] - Statement - PreSaveFile = new java.io.File(((pathPrefix + java.lang.Integer.toString(counter)) + .png)): null

2018-12-13 14:47:44 - [TEST_STEP][PASSED] - Statement - counter = counter + 1: null

2018-12-13 14:47:44 - [TEST_STEP][PASSED] - Statement - PreSaveFile = new java.io.File(((pathPrefix + java.lang.Integer.toString(counter)) + .png)): null

2018-12-13 14:47:44 - [TEST_STEP][PASSED] - Statement - counter = counter + 1: null

2018-12-13 14:47:44 - [TEST_STEP][PASSED] - Statement - PreSaveFile = new java.io.File(((pathPrefix + java.lang.Integer.toString(counter)) + .png)): null

2018-12-13 14:47:44 - [TEST_STEP][PASSED] - Statement - counter = counter + 1: null

2018-12-13 14:47:44 - [TEST_STEP][PASSED] - Statement - PreSaveFile = new java.io.File(((pathPrefix + java.lang.Integer.toString(counter)) + .png)): null

2018-12-13 14:47:44 - [TEST_STEP][PASSED] - Statement - counter = counter + 1: null

2018-12-13 14:47:44 - [TEST_STEP][PASSED] - Statement - PreSaveFile = new java.io.File(((pathPrefix + java.lang.Integer.toString(counter)) + .png)): null

2018-12-13 14:47:44 - [TEST_STEP][PASSED] - Statement - counter = counter + 1: null

2018-12-13 14:47:44 - [TEST_STEP][PASSED] - Statement - PreSaveFile = new java.io.File(((pathPrefix + java.lang.Integer.toString(counter)) + .png)): null

2018-12-13 14:47:44 - [TEST_STEP][PASSED] - Statement - counter = counter + 1: null

2018-12-13 14:47:44 - [TEST_STEP][PASSED] - Statement - PreSaveFile = new java.io.File(((pathPrefix + java.lang.Integer.toString(counter)) + .png)): null

2018-12-13 14:47:44 - [TEST_STEP][PASSED] - Statement - counter = counter + 1: null

2018-12-13 14:47:44 - [TEST_STEP][PASSED] - Statement - PreSaveFile = new java.io.File(((pathPrefix + java.lang.Integer.toString(counter)) + .png)): null

2018-12-13 14:47:44 - [TEST_STEP][PASSED] - Statement - counter = counter + 1: null

2018-12-13 14:47:44 - [TEST_STEP][PASSED] - Statement - PreSaveFile = new java.io.File(((pathPrefix + java.lang.Integer.toString(counter)) + .png)): null

2018-12-13 14:47:44 - [TEST_STEP][PASSED] - Statement - counter = counter + 1: null

2018-12-13 14:47:44 - [TEST_STEP][PASSED] - Statement - PreSaveFile = new java.io.File(((pathPrefix + java.lang.Integer.toString(counter)) + .png)): null

2018-12-13 14:47:44 - [TEST_STEP][PASSED] - Statement - counter = counter + 1: null

2018-12-13 14:47:44 - [TEST_STEP][PASSED] - Statement - PreSaveFile = new java.io.File(((pathPrefix + java.lang.Integer.toString(counter)) + .png)): null

2018-12-13 14:47:44 - [TEST_STEP][PASSED] - Statement - counter = counter + 1: null

2018-12-13 14:47:44 - [TEST_STEP][PASSED] - Statement - PreSaveFile = new java.io.File(((pathPrefix + java.lang.Integer.toString(counter)) + .png)): null

2018-12-13 14:47:44 - [TEST_STEP][PASSED] - Statement - counter = counter + 1: null

2018-12-13 14:47:44 - [TEST_STEP][PASSED] - Statement - PreSaveFile = new java.io.File(((pathPrefix + java.lang.Integer.toString(counter)) + .png)): null

2018-12-13 14:47:44 - [TEST_STEP][PASSED] - Statement - counter = counter + 1: null

2018-12-13 14:47:44 - [TEST_STEP][PASSED] - Statement - PreSaveFile = new java.io.File(((pathPrefix + java.lang.Integer.toString(counter)) + .png)): null

2018-12-13 14:47:44 - [TEST_STEP][PASSED] - Statement - counter = counter + 1: null

2018-12-13 14:47:44 - [TEST_STEP][PASSED] - Statement - PreSaveFile = new java.io.File(((pathPrefix + java.lang.Integer.toString(counter)) + .png)): null

2018-12-13 14:47:44 - [TEST_STEP][PASSED] - Statement - counter = counter + 1: null

2018-12-13 14:47:44 - [TEST_STEP][PASSED] - Statement - PreSaveFile = new java.io.File(((pathPrefix + java.lang.Integer.toString(counter)) + .png)): null

2018-12-13 14:47:44 - [TEST_STEP][PASSED] - Statement - counter = counter + 1: null

2018-12-13 14:47:44 - [TEST_STEP][PASSED] - Statement - PreSaveFile = new java.io.File(((pathPrefix + java.lang.Integer.toString(counter)) + .png)): null

2018-12-13 14:47:44 - [TEST_STEP][PASSED] - Statement - counter = counter + 1: null

2018-12-13 14:47:44 - [TEST_STEP][PASSED] - Statement - PreSaveFile = new java.io.File(((pathPrefix + java.lang.Integer.toString(counter)) + .png)): null

2018-12-13 14:47:44 - [TEST_STEP][PASSED] - Statement - counter = counter + 1: null

2018-12-13 14:47:44 - [TEST_STEP][PASSED] - Statement - PreSaveFile = new java.io.File(((pathPrefix + java.lang.Integer.toString(counter)) + .png)): null

2018-12-13 14:47:44 - [TEST_STEP][PASSED] - Statement - counter = counter + 1: null

2018-12-13 14:47:44 - [TEST_STEP][PASSED] - Statement - PreSaveFile = new java.io.File(((pathPrefix + java.lang.Integer.toString(counter)) + .png)): null

2018-12-13 14:47:44 - [TEST_STEP][PASSED] - Statement - counter = counter + 1: null

2018-12-13 14:47:44 - [TEST_STEP][PASSED] - Statement - PreSaveFile = new java.io.File(((pathPrefix + java.lang.Integer.toString(counter)) + .png)): null

2018-12-13 14:47:44 - [TEST_STEP][PASSED] - Statement - counter = counter + 1: null

2018-12-13 14:47:44 - [TEST_STEP][PASSED] - Statement - PreSaveFile = new java.io.File(((pathPrefix + java.lang.Integer.toString(counter)) + .png)): null

2018-12-13 14:47:44 - [TEST_STEP][PASSED] - Statement - counter = counter + 1: null

2018-12-13 14:47:44 - [TEST_STEP][PASSED] - Statement - PreSaveFile = new java.io.File(((pathPrefix + java.lang.Integer.toString(counter)) + .png)): null

2018-12-13 14:47:44 - [TEST_STEP][PASSED] - Statement - counter = counter + 1: null

2018-12-13 14:47:44 - [TEST_STEP][PASSED] - Statement - PreSaveFile = new java.io.File(((pathPrefix + java.lang.Integer.toString(counter)) + .png)): null

2018-12-13 14:47:44 - [TEST_STEP][PASSED] - Statement - counter = counter + 1: null

2018-12-13 14:47:44 - [TEST_STEP][PASSED] - Statement - PreSaveFile = new java.io.File(((pathPrefix + java.lang.Integer.toString(counter)) + .png)): null

2018-12-13 14:47:44 - [TEST_STEP][PASSED] - Statement - counter = counter + 1: null

2018-12-13 14:47:44 - [TEST_STEP][PASSED] - Statement - PreSaveFile = new java.io.File(((pathPrefix + java.lang.Integer.toString(counter)) + .png)): null

2018-12-13 14:47:44 - [TEST_STEP][PASSED] - Statement - counter = counter + 1: null

2018-12-13 14:47:44 - [TEST_STEP][PASSED] - Statement - PreSaveFile = new java.io.File(((pathPrefix + java.lang.Integer.toString(counter)) + .png)): null

2018-12-13 14:47:44 - [TEST_STEP][PASSED] - Statement - counter = counter + 1: null

2018-12-13 14:47:44 - [TEST_STEP][PASSED] - Statement - PreSaveFile = new java.io.File(((pathPrefix + java.lang.Integer.toString(counter)) + .png)): null

2018-12-13 14:47:44 - [TEST_STEP][PASSED] - Statement - counter = counter + 1: null

2018-12-13 14:47:44 - [TEST_STEP][PASSED] - Statement - PreSaveFile = new java.io.File(((pathPrefix + java.lang.Integer.toString(counter)) + .png)): null

2018-12-13 14:47:44 - [TEST_STEP][PASSED] - Statement - counter = counter + 1: null

2018-12-13 14:47:44 - [TEST_STEP][PASSED] - Statement - PreSaveFile = new java.io.File(((pathPrefix + java.lang.Integer.toString(counter)) + .png)): null

2018-12-13 14:47:44 - [TEST_STEP][PASSED] - Statement - counter = counter + 1: null

2018-12-13 14:47:44 - [TEST_STEP][PASSED] - Statement - PreSaveFile = new java.io.File(((pathPrefix + java.lang.Integer.toString(counter)) + .png)): null

2018-12-13 14:47:44 - [TEST_STEP][PASSED] - Statement - counter = counter + 1: null

2018-12-13 14:47:44 - [TEST_STEP][PASSED] - Statement - PreSaveFile = new java.io.File(((pathPrefix + java.lang.Integer.toString(counter)) + .png)): null

2018-12-13 14:47:44 - [TEST_STEP][PASSED] - Statement - counter = counter + 1: null

2018-12-13 14:47:44 - [TEST_STEP][PASSED] - Statement - PreSaveFile = new java.io.File(((pathPrefix + java.lang.Integer.toString(counter)) + .png)): null

2018-12-13 14:47:44 - [TEST_STEP][PASSED] - Statement - counter = counter + 1: null

2018-12-13 14:47:44 - [TEST_STEP][PASSED] - Statement - PreSaveFile = new java.io.File(((pathPrefix + java.lang.Integer.toString(counter)) + .png)): null

2018-12-13 14:47:44 - [TEST_STEP][PASSED] - Statement - counter = counter + 1: null

2018-12-13 14:47:44 - [TEST_STEP][PASSED] - Statement - PreSaveFile = new java.io.File(((pathPrefix + java.lang.Integer.toString(counter)) + .png)): null

2018-12-13 14:47:44 - [TEST_STEP][PASSED] - Statement - counter = counter + 1: null

2018-12-13 14:47:44 - [TEST_STEP][PASSED] - Statement - PreSaveFile = new java.io.File(((pathPrefix + java.lang.Integer.toString(counter)) + .png)): null

2018-12-13 14:47:44 - [TEST_STEP][PASSED] - Statement - counter = counter + 1: null

2018-12-13 14:47:44 - [TEST_STEP][PASSED] - Statement - PreSaveFile = new java.io.File(((pathPrefix + java.lang.Integer.toString(counter)) + .png)): null

2018-12-13 14:47:44 - [TEST_STEP][PASSED] - Statement - counter = counter + 1: null

2018-12-13 14:47:44 - [TEST_STEP][PASSED] - Statement - PreSaveFile = new java.io.File(((pathPrefix + java.lang.Integer.toString(counter)) + .png)): null

2018-12-13 14:47:44 - [TEST_STEP][PASSED] - Statement - counter = counter + 1: null

2018-12-13 14:47:44 - [TEST_STEP][PASSED] - Statement - PreSaveFile = new java.io.File(((pathPrefix + java.lang.Integer.toString(counter)) + .png)): null

2018-12-13 14:47:44 - [TEST_STEP][PASSED] - Statement - counter = counter + 1: null

2018-12-13 14:47:44 - [TEST_STEP][PASSED] - Statement - PreSaveFile = new java.io.File(((pathPrefix + java.lang.Integer.toString(counter)) + .png)): null

2018-12-13 14:47:44 - [TEST_STEP][PASSED] - Statement - counter = counter + 1: null

2018-12-13 14:47:44 - [TEST_STEP][PASSED] - Statement - PreSaveFile = new java.io.File(((pathPrefix + java.lang.Integer.toString(counter)) + .png)): null

2018-12-13 14:47:44 - [TEST_STEP][PASSED] - Statement - counter = counter + 1: null

2018-12-13 14:47:44 - [TEST_STEP][PASSED] - Statement - PreSaveFile = new java.io.File(((pathPrefix + java.lang.Integer.toString(counter)) + .png)): null

2018-12-13 14:47:44 - [TEST_STEP][PASSED] - Statement - counter = counter + 1: null

2018-12-13 14:47:44 - [TEST_STEP][PASSED] - Statement - PreSaveFile = new java.io.File(((pathPrefix + java.lang.Integer.toString(counter)) + .png)): null

2018-12-13 14:47:44 - [TEST_STEP][PASSED] - Statement - counter = counter + 1: null

2018-12-13 14:47:44 - [TEST_STEP][PASSED] - Statement - PreSaveFile = new java.io.File(((pathPrefix + java.lang.Integer.toString(counter)) + .png)): null

2018-12-13 14:47:44 - [TEST_STEP][PASSED] - Statement - counter = counter + 1: null

2018-12-13 14:47:44 - [TEST_STEP][PASSED] - Statement - PreSaveFile = new java.io.File(((pathPrefix + java.lang.Integer.toString(counter)) + .png)): null

2018-12-13 14:47:44 - [TEST_STEP][PASSED] - Statement - counter = counter + 1: null

2018-12-13 14:47:44 - [TEST_STEP][PASSED] - Statement - PreSaveFile = new java.io.File(((pathPrefix + java.lang.Integer.toString(counter)) + .png)): null

2018-12-13 14:47:44 - [TEST_STEP][PASSED] - Statement - counter = counter + 1: null

2018-12-13 14:47:44 - [TEST_STEP][PASSED] - Statement - PreSaveFile = new java.io.File(((pathPrefix + java.lang.Integer.toString(counter)) + .png)): null

2018-12-13 14:47:44 - [TEST_STEP][PASSED] - Statement - counter = counter + 1: null

2018-12-13 14:47:44 - [TEST_STEP][PASSED] - Statement - PreSaveFile = new java.io.File(((pathPrefix + java.lang.Integer.toString(counter)) + .png)): null

2018-12-13 14:47:44 - [TEST_STEP][PASSED] - Statement - counter = counter + 1: null

2018-12-13 14:47:44 - [TEST_STEP][PASSED] - Statement - PreSaveFile = new java.io.File(((pathPrefix + java.lang.Integer.toString(counter)) + .png)): null

2018-12-13 14:47:44 - [TEST_STEP][PASSED] - Statement - counter = counter + 1: null

2018-12-13 14:47:44 - [TEST_STEP][PASSED] - Statement - PreSaveFile = new java.io.File(((pathPrefix + java.lang.Integer.toString(counter)) + .png)): null

2018-12-13 14:47:44 - [TEST_STEP][PASSED] - Statement - counter = counter + 1: null

2018-12-13 14:47:44 - [TEST_STEP][PASSED] - Statement - PreSaveFile = new java.io.File(((pathPrefix + java.lang.Integer.toString(counter)) + .png)): null

2018-12-13 14:47:44 - [TEST_STEP][PASSED] - Statement - counter = counter + 1: null

2018-12-13 14:47:44 - [TEST_STEP][PASSED] - Statement - PreSaveFile = new java.io.File(((pathPrefix + java.lang.Integer.toString(counter)) + .png)): null

2018-12-13 14:47:44 - [TEST_STEP][PASSED] - Statement - counter = counter + 1: null

2018-12-13 14:47:44 - [TEST_STEP][PASSED] - Statement - PreSaveFile = new java.io.File(((pathPrefix + java.lang.Integer.toString(counter)) + .png)): null

2018-12-13 14:47:44 - [TEST_STEP][PASSED] - Statement - counter = counter + 1: null

2018-12-13 14:47:44 - [TEST_STEP][PASSED] - Statement - PreSaveFile = new java.io.File(((pathPrefix + java.lang.Integer.toString(counter)) + .png)): null

2018-12-13 14:47:44 - [TEST_STEP][PASSED] - Statement - counter = counter + 1: null

2018-12-13 14:47:44 - [TEST_STEP][PASSED] - Statement - PreSaveFile = new java.io.File(((pathPrefix + java.lang.Integer.toString(counter)) + .png)): null

2018-12-13 14:47:44 - [TEST_STEP][PASSED] - Statement - counter = counter + 1: null

2018-12-13 14:47:44 - [TEST_STEP][PASSED] - Statement - PreSaveFile = new java.io.File(((pathPrefix + java.lang.Integer.toString(counter)) + .png)): null

2018-12-13 14:47:44 - [TEST_STEP][PASSED] - Statement - counter = counter + 1: null

2018-12-13 14:47:44 - [TEST_STEP][PASSED] - Statement - PreSaveFile = new java.io.File(((pathPrefix + java.lang.Integer.toString(counter)) + .png)): null

2018-12-13 14:47:44 - [TEST_STEP][PASSED] - Statement - counter = counter + 1: null

2018-12-13 14:47:44 - [TEST_STEP][PASSED] - Statement - PreSaveFile = new java.io.File(((pathPrefix + java.lang.Integer.toString(counter)) + .png)): null

2018-12-13 14:47:44 - [TEST_STEP][PASSED] - Statement - counter = counter + 1: null

2018-12-13 14:47:44 - [TEST_STEP][PASSED] - Statement - PreSaveFile = new java.io.File(((pathPrefix + java.lang.Integer.toString(counter)) + .png)): null

2018-12-13 14:47:44 - [TEST_STEP][PASSED] - Statement - counter = counter + 1: null

2018-12-13 14:47:44 - [TEST_STEP][PASSED] - Statement - PreSaveFile = new java.io.File(((pathPrefix + java.lang.Integer.toString(counter)) + .png)): null

2018-12-13 14:47:44 - [TEST_STEP][PASSED] - Statement - counter = counter + 1: null

2018-12-13 14:47:44 - [TEST_STEP][PASSED] - Statement - PreSaveFile = new java.io.File(((pathPrefix + java.lang.Integer.toString(counter)) + .png)): null

2018-12-13 14:47:44 - [TEST_STEP][PASSED] - Statement - counter = counter + 1: null

2018-12-13 14:47:44 - [TEST_STEP][PASSED] - Statement - PreSaveFile = new java.io.File(((pathPrefix + java.lang.Integer.toString(counter)) + .png)): null

2018-12-13 14:47:44 - [TEST_STEP][PASSED] - Statement - counter = counter + 1: null

2018-12-13 14:47:44 - [TEST_STEP][PASSED] - Statement - PreSaveFile = new java.io.File(((pathPrefix + java.lang.Integer.toString(counter)) + .png)): null

2018-12-13 14:47:44 - [TEST_STEP][PASSED] - Statement - counter = counter + 1: null

2018-12-13 14:47:44 - [TEST_STEP][PASSED] - Statement - PreSaveFile = new java.io.File(((pathPrefix + java.lang.Integer.toString(counter)) + .png)): null

2018-12-13 14:47:44 - [TEST_STEP][PASSED] - Statement - counter = counter + 1: null

2018-12-13 14:47:44 - [TEST_STEP][PASSED] - Statement - PreSaveFile = new java.io.File(((pathPrefix + java.lang.Integer.toString(counter)) + .png)): null

2018-12-13 14:47:44 - [TEST_STEP][PASSED] - Statement - counter = counter + 1: null

2018-12-13 14:47:44 - [TEST_STEP][PASSED] - Statement - PreSaveFile = new java.io.File(((pathPrefix + java.lang.Integer.toString(counter)) + .png)): null

2018-12-13 14:47:44 - [TEST_STEP][PASSED] - Statement - counter = counter + 1: null

2018-12-13 14:47:44 - [TEST_STEP][PASSED] - Statement - PreSaveFile = new java.io.File(((pathPrefix + java.lang.Integer.toString(counter)) + .png)): null

2018-12-13 14:47:44 - [TEST_STEP][PASSED] - Statement - counter = counter + 1: null

2018-12-13 14:47:44 - [TEST_STEP][PASSED] - Statement - PreSaveFile = new java.io.File(((pathPrefix + java.lang.Integer.toString(counter)) + .png)): null

2018-12-13 14:47:44 - [TEST_STEP][PASSED] - Statement - counter = counter + 1: null

2018-12-13 14:47:44 - [TEST_STEP][PASSED] - Statement - PreSaveFile = new java.io.File(((pathPrefix + java.lang.Integer.toString(counter)) + .png)): null

2018-12-13 14:47:44 - [TEST_STEP][PASSED] - Statement - counter = counter + 1: null

2018-12-13 14:47:44 - [TEST_STEP][PASSED] - Statement - PreSaveFile = new java.io.File(((pathPrefix + java.lang.Integer.toString(counter)) + .png)): null

2018-12-13 14:47:44 - [TEST_STEP][PASSED] - Statement - counter = counter + 1: null

2018-12-13 14:47:44 - [TEST_STEP][PASSED] - Statement - PreSaveFile = new java.io.File(((pathPrefix + java.lang.Integer.toString(counter)) + .png)): null

2018-12-13 14:47:45 - [TEST_STEP][PASSED] - Statement - counter = counter + 1: null

2018-12-13 14:47:45 - [TEST_STEP][PASSED] - Statement - PreSaveFile = new java.io.File(((pathPrefix + java.lang.Integer.toString(counter)) + .png)): null

2018-12-13 14:47:45 - [TEST_STEP][PASSED] - Statement - counter = counter + 1: null

2018-12-13 14:47:45 - [TEST_STEP][PASSED] - Statement - PreSaveFile = new java.io.File(((pathPrefix + java.lang.Integer.toString(counter)) + .png)): null

2018-12-13 14:47:45 - [TEST_STEP][PASSED] - Statement - counter = counter + 1: null

2018-12-13 14:47:45 - [TEST_STEP][PASSED] - Statement - PreSaveFile = new java.io.File(((pathPrefix + java.lang.Integer.toString(counter)) + .png)): null

2018-12-13 14:47:45 - [TEST_STEP][PASSED] - Statement - counter = counter + 1: null

2018-12-13 14:47:45 - [TEST_STEP][PASSED] - Statement - PreSaveFile = new java.io.File(((pathPrefix + java.lang.Integer.toString(counter)) + .png)): null

2018-12-13 14:47:45 - [TEST_STEP][PASSED] - Statement - counter = counter + 1: null

2018-12-13 14:47:45 - [TEST_STEP][PASSED] - Statement - PreSaveFile = new java.io.File(((pathPrefix + java.lang.Integer.toString(counter)) + .png)): null

2018-12-13 14:47:45 - [TEST_STEP][PASSED] - Statement - counter = counter + 1: null

2018-12-13 14:47:45 - [TEST_STEP][PASSED] - Statement - PreSaveFile = new java.io.File(((pathPrefix + java.lang.Integer.toString(counter)) + .png)): null

2018-12-13 14:47:45 - [TEST_STEP][PASSED] - Statement - counter = counter + 1: null

2018-12-13 14:47:45 - [TEST_STEP][PASSED] - Statement - PreSaveFile = new java.io.File(((pathPrefix + java.lang.Integer.toString(counter)) + .png)): null

2018-12-13 14:47:45 - [TEST_STEP][PASSED] - Statement - counter = counter + 1: null

2018-12-13 14:47:45 - [TEST_STEP][PASSED] - Statement - PreSaveFile = new java.io.File(((pathPrefix + java.lang.Integer.toString(counter)) + .png)): null

2018-12-13 14:47:45 - [TEST_STEP][PASSED] - Statement - counter = counter + 1: null

2018-12-13 14:47:45 - [TEST_STEP][PASSED] - Statement - PreSaveFile = new java.io.File(((pathPrefix + java.lang.Integer.toString(counter)) + .png)): null

2018-12-13 14:47:45 - [TEST_STEP][PASSED] - Statement - counter = counter + 1: null

2018-12-13 14:47:45 - [TEST_STEP][PASSED] - Statement - PreSaveFile = new java.io.File(((pathPrefix + java.lang.Integer.toString(counter)) + .png)): null

2018-12-13 14:47:45 - [TEST_STEP][PASSED] - Statement - counter = counter + 1: null

2018-12-13 14:47:45 - [TEST_STEP][PASSED] - Statement - PreSaveFile = new java.io.File(((pathPrefix + java.lang.Integer.toString(counter)) + .png)): null

2018-12-13 14:47:45 - [TEST_STEP][PASSED] - Statement - counter = counter + 1: null

2018-12-13 14:47:45 - [TEST_STEP][PASSED] - Statement - PreSaveFile = new java.io.File(((pathPrefix + java.lang.Integer.toString(counter)) + .png)): null

2018-12-13 14:47:45 - [TEST_STEP][PASSED] - Statement - counter = counter + 1: null

2018-12-13 14:47:45 - [TEST_STEP][PASSED] - Statement - PreSaveFile = new java.io.File(((pathPrefix + java.lang.Integer.toString(counter)) + .png)): null

2018-12-13 14:47:45 - [TEST_STEP][PASSED] - Statement - counter = counter + 1: null

2018-12-13 14:47:45 - [TEST_STEP][PASSED] - Statement - PreSaveFile = new java.io.File(((pathPrefix + java.lang.Integer.toString(counter)) + .png)): null

2018-12-13 14:47:45 - [TEST_STEP][PASSED] - Statement - counter = counter + 1: null

2018-12-13 14:47:45 - [TEST_STEP][PASSED] - Statement - PreSaveFile = new java.io.File(((pathPrefix + java.lang.Integer.toString(counter)) + .png)): null

2018-12-13 14:47:45 - [TEST_STEP][PASSED] - Statement - counter = counter + 1: null

2018-12-13 14:47:45 - [TEST_STEP][PASSED] - Statement - PreSaveFile = new java.io.File(((pathPrefix + java.lang.Integer.toString(counter)) + .png)): null

2018-12-13 14:47:45 - [TEST_STEP][PASSED] - Statement - counter = counter + 1: null

2018-12-13 14:47:45 - [TEST_STEP][PASSED] - Statement - PreSaveFile = new java.io.File(((pathPrefix + java.lang.Integer.toString(counter)) + .png)): null

2018-12-13 14:47:45 - [TEST_STEP][PASSED] - Statement - counter = counter + 1: null

2018-12-13 14:47:45 - [TEST_STEP][PASSED] - Statement - PreSaveFile = new java.io.File(((pathPrefix + java.lang.Integer.toString(counter)) + .png)): null

2018-12-13 14:47:45 - [TEST_STEP][PASSED] - Statement - counter = counter + 1: null

2018-12-13 14:47:45 - [TEST_STEP][PASSED] - Statement - PreSaveFile = new java.io.File(((pathPrefix + java.lang.Integer.toString(counter)) + .png)): null

2018-12-13 14:47:45 - [TEST_STEP][PASSED] - Statement - counter = counter + 1: null

2018-12-13 14:47:45 - [TEST_STEP][PASSED] - Statement - PreSaveFile = new java.io.File(((pathPrefix + java.lang.Integer.toString(counter)) + .png)): null

2018-12-13 14:47:45 - [TEST_STEP][PASSED] - Statement - counter = counter + 1: null

2018-12-13 14:47:45 - [TEST_STEP][PASSED] - Statement - PreSaveFile = new java.io.File(((pathPrefix + java.lang.Integer.toString(counter)) + .png)): null

2018-12-13 14:47:45 - [TEST_STEP][PASSED] - Statement - counter = counter + 1: null

2018-12-13 14:47:45 - [TEST_STEP][PASSED] - Statement - PreSaveFile = new java.io.File(((pathPrefix + java.lang.Integer.toString(counter)) + .png)): null

2018-12-13 14:47:45 - [TEST_STEP][PASSED] - Statement - counter = counter + 1: null

2018-12-13 14:47:45 - [TEST_STEP][PASSED] - Statement - PreSaveFile = new java.io.File(((pathPrefix + java.lang.Integer.toString(counter)) + .png)): null

2018-12-13 14:47:45 - [TEST_STEP][PASSED] - Statement - counter = counter + 1: null

2018-12-13 14:47:45 - [TEST_STEP][PASSED] - Statement - PreSaveFile = new java.io.File(((pathPrefix + java.lang.Integer.toString(counter)) + .png)): null

2018-12-13 14:47:45 - [TEST_STEP][PASSED] - Statement - counter = counter + 1: null

2018-12-13 14:47:45 - [TEST_STEP][PASSED] - Statement - PreSaveFile = new java.io.File(((pathPrefix + java.lang.Integer.toString(counter)) + .png)): null

2018-12-13 14:47:45 - [TEST_STEP][PASSED] - Statement - counter = counter + 1: null

2018-12-13 14:47:45 - [TEST_STEP][PASSED] - Statement - PreSaveFile = new java.io.File(((pathPrefix + java.lang.Integer.toString(counter)) + .png)): null

2018-12-13 14:47:45 - [TEST_STEP][PASSED] - Statement - counter = counter + 1: null

2018-12-13 14:47:45 - [TEST_STEP][PASSED] - Statement - PreSaveFile = new java.io.File(((pathPrefix + java.lang.Integer.toString(counter)) + .png)): null

2018-12-13 14:47:45 - [TEST_STEP][PASSED] - Statement - counter = counter + 1: null

2018-12-13 14:47:45 - [TEST_STEP][PASSED] - Statement - PreSaveFile = new java.io.File(((pathPrefix + java.lang.Integer.toString(counter)) + .png)): null

2018-12-13 14:47:45 - [TEST_STEP][PASSED] - Statement - counter = counter + 1: null

2018-12-13 14:47:45 - [TEST_STEP][PASSED] - Statement - PreSaveFile = new java.io.File(((pathPrefix + java.lang.Integer.toString(counter)) + .png)): null

2018-12-13 14:47:45 - [TEST_STEP][PASSED] - Statement - counter = counter + 1: null

2018-12-13 14:47:45 - [TEST_STEP][PASSED] - Statement - PreSaveFile = new java.io.File(((pathPrefix + java.lang.Integer.toString(counter)) + .png)): null

2018-12-13 14:47:45 - [TEST_STEP][PASSED] - Statement - counter = counter + 1: null

2018-12-13 14:47:45 - [TEST_STEP][PASSED] - Statement - PreSaveFile = new java.io.File(((pathPrefix + java.lang.Integer.toString(counter)) + .png)): null

2018-12-13 14:47:45 - [TEST_STEP][PASSED] - Statement - counter = counter + 1: null

2018-12-13 14:47:45 - [TEST_STEP][PASSED] - Statement - PreSaveFile = new java.io.File(((pathPrefix + java.lang.Integer.toString(counter)) + .png)): null

2018-12-13 14:47:45 - [TEST_STEP][PASSED] - Statement - counter = counter + 1: null

2018-12-13 14:47:45 - [TEST_STEP][PASSED] - Statement - PreSaveFile = new java.io.File(((pathPrefix + java.lang.Integer.toString(counter)) + .png)): null

2018-12-13 14:47:45 - [TEST_STEP][PASSED] - Statement - counter = counter + 1: null

2018-12-13 14:47:45 - [TEST_STEP][PASSED] - Statement - PreSaveFile = new java.io.File(((pathPrefix + java.lang.Integer.toString(counter)) + .png)): null

2018-12-13 14:47:45 - [TEST_STEP][PASSED] - Statement - counter = counter + 1: null

2018-12-13 14:47:45 - [TEST_STEP][PASSED] - Statement - PreSaveFile = new java.io.File(((pathPrefix + java.lang.Integer.toString(counter)) + .png)): null

2018-12-13 14:47:45 - [TEST_STEP][PASSED] - Statement - counter = counter + 1: null

2018-12-13 14:47:45 - [TEST_STEP][PASSED] - Statement - PreSaveFile = new java.io.File(((pathPrefix + java.lang.Integer.toString(counter)) + .png)): null

2018-12-13 14:47:45 - [TEST_STEP][PASSED] - Statement - counter = counter + 1: null

2018-12-13 14:47:45 - [TEST_STEP][PASSED] - Statement - PreSaveFile = new java.io.File(((pathPrefix + java.lang.Integer.toString(counter)) + .png)): null

2018-12-13 14:47:45 - [TEST_STEP][PASSED] - Statement - counter = counter + 1: null

2018-12-13 14:47:45 - [TEST_STEP][PASSED] - Statement - PreSaveFile = new java.io.File(((pathPrefix + java.lang.Integer.toString(counter)) + .png)): null

2018-12-13 14:47:45 - [TEST_STEP][PASSED] - Statement - counter = counter + 1: null

2018-12-13 14:47:45 - [TEST_STEP][PASSED] - Statement - PreSaveFile = new java.io.File(((pathPrefix + java.lang.Integer.toString(counter)) + .png)): null

2018-12-13 14:47:45 - [TEST_STEP][PASSED] - Statement - counter = counter + 1: null

2018-12-13 14:47:45 - [TEST_STEP][PASSED] - Statement - PreSaveFile = new java.io.File(((pathPrefix + java.lang.Integer.toString(counter)) + .png)): null

2018-12-13 14:47:45 - [TEST_STEP][PASSED] - Statement - finalPath = pathPrefix + java.lang.Integer.toString(counter) + ".png": null

2018-12-13 14:47:45 - [TEST_STEP][PASSED] - Statement - SaveFile = new java.io.File(finalPath): null

2018-12-13 14:47:45 - [TEST_STEP][PASSED] - Statement - Try: null

2018-12-13 14:47:45 - [TEST_STEP][PASSED] - Statement - org.apache.commons.io.FileUtils.copyFile(scrFile, SaveFile): null

2018-12-13 14:47:45 - [TEST_STEP][PASSED] - Statement - out.println("file kept"): null

2018-12-13 14:47:45 - [TEST_STEP][PASSED] - delay: Delayed 10 second(s)

2018-12-13 14:47:55 - [MESSAGE][PASSED] - Delayed 10 second(s)

2018-12-13 14:47:55 - [MESSAGE][PASSED] - Call Test Case 'Test Cases/Final Aug 2018 - PKS Automation/Registration Module/New Registration/Submit and Screenshot/Submit Registration and Screenshot' successfully]]></system-out>
         <system-err><![CDATA[2018-12-13 14:38:37 - [TEST_CASE][FAILED] - Test Cases/Final Aug 2018 - PKS Automation/Registration Module/Workflow/New Registration/OTC - PKR BO - RO Submit(Routed 2 Time): Test Cases/Final Aug 2018 - PKS Automation/Registration Module/Workflow/New Registration/OTC - PKR BO - RO Submit(Routed 2 Time) FAILED because (of) (Stack trace: com.kms.katalon.core.exception.StepFailedException: Unable to click on object 'Object Repository/Final Object Repo/New Registration - Registration Module Pages/New Reg - OTC to RO/Special Case - All Related Objects/Continue Button in verifying case' (Root cause: org.openqa.selenium.ElementNotVisibleException: element not interactable
  (Session info: chrome=70.0.3538.110)
  (Driver info: chromedriver=2.43.600210 (68dcf5eebde37173d4027fa8635e332711d2874a),platform=Windows NT 6.1.7601 SP1 x86_64) (WARNING: The server did not provide any stacktrace information)
Command duration or timeout: 0 milliseconds
Build info: version: '3.7.1', revision: '8a0099a', time: '2017-11-06T21:07:36.161Z'
System info: host: 'WIN7TEST02', ip: '10.20.3.72', os.name: 'Windows 7', os.arch: 'amd64', os.version: '6.1', java.version: '1.8.0_181'
Driver info: com.kms.katalon.selenium.driver.CChromeDriver
Capabilities {acceptInsecureCerts: false, acceptSslCerts: false, applicationCacheEnabled: false, browserConnectionEnabled: false, browserName: chrome, chrome: {chromedriverVersion: 2.43.600210 (68dcf5eebde371..., userDataDir: C:\Users\Admin\AppData\Loca...}, cssSelectorsEnabled: true, databaseEnabled: false, goog:chromeOptions: {debuggerAddress: localhost:53974}, handlesAlerts: true, hasTouchScreen: false, javascriptEnabled: true, locationContextEnabled: true, mobileEmulationEnabled: false, nativeEvents: true, networkConnectionEnabled: false, pageLoadStrategy: normal, platform: XP, platformName: XP, rotatable: false, setWindowRect: true, takesHeapSnapshot: true, takesScreenshot: true, unexpectedAlertBehaviour: , unhandledPromptBehavior: , version: 70.0.3538.110, webStorageEnabled: true}
Session ID: 2f7e87c667c5f2ce1765b6ac1db9cd27)
	at com.kms.katalon.core.keyword.internal.KeywordMain.stepFailed(KeywordMain.groovy:32)
	at com.kms.katalon.core.webui.keyword.internal.WebUIKeywordMain.stepFailed(WebUIKeywordMain.groovy:65)
	at com.kms.katalon.core.webui.keyword.internal.WebUIKeywordMain.runKeyword(WebUIKeywordMain.groovy:27)
	at com.kms.katalon.core.webui.keyword.builtin.ClickKeyword.click(ClickKeyword.groovy:86)
	at com.kms.katalon.core.webui.keyword.builtin.ClickKeyword.execute(ClickKeyword.groovy:67)
	at com.kms.katalon.core.keyword.internal.KeywordExecutor.executeKeywordForPlatform(KeywordExecutor.groovy:53)
	at com.kms.katalon.core.webui.keyword.WebUiBuiltInKeywords.click(WebUiBuiltInKeywords.groovy:616)
	at com.kms.katalon.core.webui.keyword.WebUiBuiltInKeywords$click$2.call(Unknown Source)
	at org.codehaus.groovy.runtime.callsite.CallSiteArray.defaultCall(CallSiteArray.java:48)
	at org.codehaus.groovy.runtime.callsite.AbstractCallSite.call(AbstractCallSite.java:113)
	at org.codehaus.groovy.runtime.callsite.AbstractCallSite.call(AbstractCallSite.java:125)
	at Script1535599368022.run(Script1535599368022.groovy:165)
	at com.kms.katalon.core.main.ScriptEngine.run(ScriptEngine.java:183)
	at com.kms.katalon.core.main.ScriptEngine.runScriptAsRawText(ScriptEngine.java:108)
	at com.kms.katalon.core.main.TestCaseExecutor.runScript(TestCaseExecutor.java:294)
	at com.kms.katalon.core.main.TestCaseExecutor.doExecute(TestCaseExecutor.java:285)
	at com.kms.katalon.core.main.TestCaseExecutor.processExecutionPhase(TestCaseExecutor.java:264)
	at com.kms.katalon.core.main.TestCaseExecutor.accessMainPhase(TestCaseExecutor.java:256)
	at com.kms.katalon.core.main.TestCaseExecutor.execute(TestCaseExecutor.java:200)
	at com.kms.katalon.core.main.TestSuiteExecutor.accessTestCaseMainPhase(TestSuiteExecutor.java:129)
	at com.kms.katalon.core.main.TestSuiteExecutor.accessTestSuiteMainPhase(TestSuiteExecutor.java:112)
	at com.kms.katalon.core.main.TestSuiteExecutor.execute(TestSuiteExecutor.java:81)
	at com.kms.katalon.core.main.TestCaseMain.startTestSuite(TestCaseMain.java:142)
	at com.kms.katalon.core.main.TestCaseMain$startTestSuite$0.call(Unknown Source)
	at org.codehaus.groovy.runtime.callsite.CallSiteArray.defaultCall(CallSiteArray.java:48)
	at org.codehaus.groovy.runtime.callsite.AbstractCallSite.call(AbstractCallSite.java:113)
	at org.codehaus.groovy.runtime.callsite.AbstractCallSite.call(AbstractCallSite.java:141)
	at TempTestSuite1544668253915.run(TempTestSuite1544668253915.groovy:36)
	at groovy.lang.GroovyShell.runScriptOrMainOrTestOrRunnable(GroovyShell.java:263)
	at groovy.lang.GroovyShell.run(GroovyShell.java:518)
	at groovy.lang.GroovyShell.run(GroovyShell.java:507)
	at groovy.ui.GroovyMain.processOnce(GroovyMain.java:653)
	at groovy.ui.GroovyMain.run(GroovyMain.java:384)
	at groovy.ui.GroovyMain.process(GroovyMain.java:370)
	at groovy.ui.GroovyMain.processArgs(GroovyMain.java:129)
	at groovy.ui.GroovyMain.main(GroovyMain.java:109)
	at sun.reflect.NativeMethodAccessorImpl.invoke0(Native Method)
	at sun.reflect.NativeMethodAccessorImpl.invoke(NativeMethodAccessorImpl.java:62)
	at sun.reflect.DelegatingMethodAccessorImpl.invoke(DelegatingMethodAccessorImpl.java:43)
	at java.lang.reflect.Method.invoke(Method.java:498)
	at org.codehaus.groovy.tools.GroovyStarter.rootLoader(GroovyStarter.java:109)
	at org.codehaus.groovy.tools.GroovyStarter.main(GroovyStarter.java:131)
)]]></system-err>
      </testcase>
      <testcase name="Test Cases/Final Aug 2018 - PKS Automation/Registration Module/Workflow/New Registration/OTC - PKR BO - RO Under Enforcement(Routed 2 Time)" classname="Test Cases/Final Aug 2018 - PKS Automation/Registration Module/Workflow/New Registration/OTC - PKR BO - RO Under Enforcement(Routed 2 Time)" status="PASSED">
         <system-out><![CDATA[2018-12-13 14:47:55 - [TEST_CASE][PASSED] - Test Cases/Final Aug 2018 - PKS Automation/Registration Module/Workflow/New Registration/OTC - PKR BO - RO Under Enforcement(Routed 2 Time): Test Cases/Final Aug 2018 - PKS Automation/Registration Module/Workflow/New Registration/OTC - PKR BO - RO Under Enforcement(Routed 2 Time)

2018-12-13 14:47:55 - [TEST_STEP][PASSED] - callTestCase: Call Test Case 'Test Cases/Final Aug 2018 - PKS Automation/Registration Module/Workflow/New Registration/Template/Special Case - OTC - Form 1' successfully

2018-12-13 14:47:55 - [TEST_CASE][PASSED] - Test Cases/Final Aug 2018 - PKS Automation/Registration Module/Workflow/New Registration/Template/Special Case - OTC - Form 1: Test Cases/Final Aug 2018 - PKS Automation/Registration Module/Workflow/New Registration/Template/Special Case - OTC - Form 1

2018-12-13 14:47:55 - [TEST_STEP][PASSED] - openBrowser: Browser is opened with url: ''

2018-12-13 14:47:55 - [MESSAGE][WARNING] - A browser is already opened. Closing browser and opening a new one

2018-12-13 14:47:59 - [MESSAGE][PASSED] - Browser is opened with url: ''

2018-12-13 14:47:59 - [TEST_STEP][PASSED] - navigateToUrl: Navigate to 'https://assist2-uat.perkeso.gov.my/login' successfully

2018-12-13 14:48:00 - [MESSAGE][PASSED] - Navigate to 'https://assist2-uat.perkeso.gov.my/login' successfully

2018-12-13 14:48:00 - [TEST_STEP][PASSED] - delay: Delayed 2 second(s)

2018-12-13 14:48:02 - [MESSAGE][PASSED] - Delayed 2 second(s)

2018-12-13 14:48:02 - [TEST_STEP][PASSED] - setText: Text 'klotc2@gmail.com' is set on object 'Object Repository/Final Object Repo/Login Page/Internal User/Email Address'

2018-12-13 14:48:02 - [MESSAGE][PASSED] - Text 'klotc2@gmail.com' is set on object 'Object Repository/Final Object Repo/Login Page/Internal User/Email Address'

2018-12-13 14:48:02 - [TEST_STEP][PASSED] - click: Object: 'Object Repository/Final Object Repo/Login Page/Internal User/Next Button' is clicked on

2018-12-13 14:48:03 - [MESSAGE][PASSED] - Object: 'Object Repository/Final Object Repo/Login Page/Internal User/Next Button' is clicked on

2018-12-13 14:48:03 - [TEST_STEP][PASSED] - delay: Delayed 2 second(s)

2018-12-13 14:48:05 - [MESSAGE][PASSED] - Delayed 2 second(s)

2018-12-13 14:48:05 - [TEST_STEP][PASSED] - setText: Text 'Test1@3456789' is set on object 'Object Repository/Final Object Repo/Login Page/Internal User/Password'

2018-12-13 14:48:05 - [MESSAGE][PASSED] - Text 'Test1@3456789' is set on object 'Object Repository/Final Object Repo/Login Page/Internal User/Password'

2018-12-13 14:48:05 - [TEST_STEP][PASSED] - delay: Delayed 2 second(s)

2018-12-13 14:48:07 - [MESSAGE][PASSED] - Delayed 2 second(s)

2018-12-13 14:48:07 - [TEST_STEP][PASSED] - click: Object: 'Object Repository/Final Object Repo/Login Page/Internal User/Login Button' is clicked on

2018-12-13 14:48:07 - [MESSAGE][PASSED] - Object: 'Object Repository/Final Object Repo/Login Page/Internal User/Login Button' is clicked on

2018-12-13 14:48:07 - [TEST_STEP][PASSED] - Statement - Try: null

2018-12-13 14:48:07 - [TEST_STEP][PASSED] - Statement - Checker = com.kms.katalon.core.webui.keyword.WebUiBuiltInKeywords.verifyElementNotPresent("Final Object Repo/Landing Page/Select to English", 3): null

2018-12-13 14:48:07 - [TEST_STEP][PASSED] - Statement - Catch (Exception e): null

2018-12-13 14:48:07 - [TEST_STEP][PASSED] - Statement - e.printStackTrace(): null

2018-12-13 14:48:07 - [TEST_STEP][PASSED] - delay: Delayed 5 second(s)

2018-12-13 14:48:12 - [MESSAGE][PASSED] - Delayed 5 second(s)

2018-12-13 14:48:12 - [TEST_STEP][PASSED] - click: Object: 'Object Repository/Final Object Repo/Landing Page/My Sites Drop Down' is clicked on

2018-12-13 14:48:12 - [MESSAGE][PASSED] - Object: 'Object Repository/Final Object Repo/Landing Page/My Sites Drop Down' is clicked on

2018-12-13 14:48:12 - [TEST_STEP][PASSED] - click: Object: 'Object Repository/Final Object Repo/Landing Page/Select to Registration Module' is clicked on

2018-12-13 14:48:13 - [MESSAGE][PASSED] - Object: 'Object Repository/Final Object Repo/Landing Page/Select to Registration Module' is clicked on

2018-12-13 14:48:13 - [TEST_STEP][PASSED] - click: Object: 'Object Repository/Final Object Repo/Landing Page/Registration Button' is clicked on

2018-12-13 14:48:15 - [MESSAGE][PASSED] - Object: 'Object Repository/Final Object Repo/Landing Page/Registration Button' is clicked on

2018-12-13 14:48:15 - [TEST_STEP][PASSED] - delay: Delayed 2 second(s)

2018-12-13 14:48:17 - [MESSAGE][PASSED] - Delayed 2 second(s)

2018-12-13 14:48:17 - [TEST_STEP][PASSED] - click: Object: 'Object Repository/Final Object Repo/New Registration - Registration Module Pages/New Reg - OTC to RO/Special Case - OTC - Form 1/AEC NO' is clicked on

2018-12-13 14:48:17 - [MESSAGE][PASSED] - Object: 'Object Repository/Final Object Repo/New Registration - Registration Module Pages/New Reg - OTC to RO/Special Case - OTC - Form 1/AEC NO' is clicked on

2018-12-13 14:48:17 - [TEST_STEP][PASSED] - click: Object: 'Object Repository/Final Object Repo/New Registration - Registration Module Pages/New Reg - OTC to RO/Special Case - OTC - Form 1/Business Entity - Please Select' is clicked on

2018-12-13 14:48:17 - [MESSAGE][PASSED] - Object: 'Object Repository/Final Object Repo/New Registration - Registration Module Pages/New Reg - OTC to RO/Special Case - OTC - Form 1/Business Entity - Please Select' is clicked on

2018-12-13 14:48:17 - [TEST_STEP][PASSED] - click: Object: 'Object Repository/Final Object Repo/New Registration - Registration Module Pages/New Reg - OTC to RO/Special Case - OTC - Form 1/Selected - Corporation' is clicked on

2018-12-13 14:48:18 - [MESSAGE][PASSED] - Object: 'Object Repository/Final Object Repo/New Registration - Registration Module Pages/New Reg - OTC to RO/Special Case - OTC - Form 1/Selected - Corporation' is clicked on

2018-12-13 14:48:18 - [TEST_STEP][PASSED] - delay: Delayed 2 second(s)

2018-12-13 14:48:20 - [MESSAGE][PASSED] - Delayed 2 second(s)

2018-12-13 14:48:20 - [TEST_STEP][PASSED] - click: Object: 'Object Repository/Final Object Repo/New Registration - Registration Module Pages/New Reg - OTC to RO/Special Case - OTC - Form 1/Sub Business Entity - Please Select' is clicked on

2018-12-13 14:48:20 - [MESSAGE][PASSED] - Object: 'Object Repository/Final Object Repo/New Registration - Registration Module Pages/New Reg - OTC to RO/Special Case - OTC - Form 1/Sub Business Entity - Please Select' is clicked on

2018-12-13 14:48:20 - [TEST_STEP][PASSED] - delay: Delayed 2 second(s)

2018-12-13 14:48:22 - [MESSAGE][PASSED] - Delayed 2 second(s)

2018-12-13 14:48:22 - [TEST_STEP][PASSED] - click: Object: 'Object Repository/Final Object Repo/New Registration - Registration Module Pages/New Reg - OTC to RO/Special Case - OTC - Form 1/Selected - Sendirian Berhad' is clicked on

2018-12-13 14:48:22 - [MESSAGE][PASSED] - Object: 'Object Repository/Final Object Repo/New Registration - Registration Module Pages/New Reg - OTC to RO/Special Case - OTC - Form 1/Selected - Sendirian Berhad' is clicked on

2018-12-13 14:48:22 - [TEST_STEP][PASSED] - setText: Text 'AUTOMATE001' is set on object 'Object Repository/Final Object Repo/New Registration - Registration Module Pages/New Reg - OTC to RO/Special Case - OTC - Form 1/Input BRN Number'

2018-12-13 14:48:22 - [MESSAGE][PASSED] - Text 'AUTOMATE001' is set on object 'Object Repository/Final Object Repo/New Registration - Registration Module Pages/New Reg - OTC to RO/Special Case - OTC - Form 1/Input BRN Number'

2018-12-13 14:48:22 - [TEST_STEP][PASSED] - delay: Delayed 2 second(s)

2018-12-13 14:48:24 - [MESSAGE][PASSED] - Delayed 2 second(s)

2018-12-13 14:48:24 - [TEST_STEP][PASSED] - click: Object: 'Object Repository/Final Object Repo/New Registration - Registration Module Pages/New Reg - OTC to RO/Special Case - OTC - Form 1/BRN Search' is clicked on

2018-12-13 14:48:25 - [MESSAGE][PASSED] - Object: 'Object Repository/Final Object Repo/New Registration - Registration Module Pages/New Reg - OTC to RO/Special Case - OTC - Form 1/BRN Search' is clicked on

2018-12-13 14:48:25 - [TEST_STEP][PASSED] - delay: Delayed 4 second(s)

2018-12-13 14:48:29 - [MESSAGE][PASSED] - Delayed 4 second(s)

2018-12-13 14:48:29 - [TEST_STEP][PASSED] - click: Object: 'Object Repository/Final Object Repo/New Registration - Registration Module Pages/New Reg - OTC to RO/Special Case - OTC - Form 1/Registered with SSM - After Feb 2017' is clicked on

2018-12-13 14:48:29 - [MESSAGE][PASSED] - Object: 'Object Repository/Final Object Repo/New Registration - Registration Module Pages/New Reg - OTC to RO/Special Case - OTC - Form 1/Registered with SSM - After Feb 2017' is clicked on

2018-12-13 14:48:29 - [TEST_STEP][PASSED] - delay: Delayed 2 second(s)

2018-12-13 14:48:31 - [MESSAGE][PASSED] - Delayed 2 second(s)

2018-12-13 14:48:31 - [TEST_STEP][PASSED] - click: Object: 'Object Repository/Final Object Repo/New Registration - Registration Module Pages/New Reg - OTC to RO/Special Case - OTC - Form 1/Registering As A Branch - No' is clicked on

2018-12-13 14:48:31 - [MESSAGE][PASSED] - Object: 'Object Repository/Final Object Repo/New Registration - Registration Module Pages/New Reg - OTC to RO/Special Case - OTC - Form 1/Registering As A Branch - No' is clicked on

2018-12-13 14:48:31 - [TEST_STEP][PASSED] - click: Object: 'Object Repository/Final Object Repo/New Registration - Registration Module Pages/New Reg - OTC to RO/Special Case - OTC - Form 1/Acknowledgement Ticked' is clicked on

2018-12-13 14:48:31 - [MESSAGE][PASSED] - Object: 'Object Repository/Final Object Repo/New Registration - Registration Module Pages/New Reg - OTC to RO/Special Case - OTC - Form 1/Acknowledgement Ticked' is clicked on

2018-12-13 14:48:31 - [TEST_STEP][PASSED] - click: Object: 'Object Repository/Final Object Repo/New Registration - Registration Module Pages/New Reg - OTC to RO/Special Case - OTC - Form 1/Submit Button' is clicked on

2018-12-13 14:48:31 - [MESSAGE][PASSED] - Object: 'Object Repository/Final Object Repo/New Registration - Registration Module Pages/New Reg - OTC to RO/Special Case - OTC - Form 1/Submit Button' is clicked on

2018-12-13 14:48:31 - [TEST_STEP][PASSED] - delay: Delayed 2 second(s)

2018-12-13 14:48:33 - [MESSAGE][PASSED] - Delayed 2 second(s)

2018-12-13 14:48:33 - [TEST_STEP][PASSED] - click: Object: 'Object Repository/Final Object Repo/New Registration - Registration Module Pages/New Reg - OTC to RO/Special Case - OTC - Form 1/Confirm No Flagging as Branch' is clicked on

2018-12-13 14:48:34 - [MESSAGE][PASSED] - Object: 'Object Repository/Final Object Repo/New Registration - Registration Module Pages/New Reg - OTC to RO/Special Case - OTC - Form 1/Confirm No Flagging as Branch' is clicked on

2018-12-13 14:48:34 - [MESSAGE][PASSED] - Call Test Case 'Test Cases/Final Aug 2018 - PKS Automation/Registration Module/Workflow/New Registration/Template/Special Case - OTC - Form 1' successfully

2018-12-13 14:48:34 - [TEST_STEP][PASSED] - callTestCase: Call Test Case 'Test Cases/Final Aug 2018 - PKS Automation/Registration Module/New Registration/Form 2/Add 1 Eligible - Incomplete' successfully

2018-12-13 14:48:34 - [TEST_CASE][PASSED] - Test Cases/Final Aug 2018 - PKS Automation/Registration Module/New Registration/Form 2/Add 1 Eligible - Incomplete: Test Cases/Final Aug 2018 - PKS Automation/Registration Module/New Registration/Form 2/Add 1 Eligible - Incomplete

2018-12-13 14:48:34 - [TEST_STEP][PASSED] - delay: Delayed 2 second(s)

2018-12-13 14:48:36 - [MESSAGE][PASSED] - Delayed 2 second(s)

2018-12-13 14:48:36 - [TEST_STEP][PASSED] - callTestCase: Call Test Case 'Test Cases/Final Aug 2018 - PKS Automation/Registration Module/New Registration/Form 2/Date Updater' successfully

2018-12-13 14:48:36 - [TEST_CASE][PASSED] - Test Cases/Final Aug 2018 - PKS Automation/Registration Module/New Registration/Form 2/Date Updater: Test Cases/Final Aug 2018 - PKS Automation/Registration Module/New Registration/Form 2/Date Updater

2018-12-13 14:48:36 - [TEST_STEP][PASSED] - Statement - TodayDate = new java.util.Date(): null

2018-12-13 14:48:36 - [TEST_STEP][PASSED] - Statement - CurrentDateNoFilter = new java.text.SimpleDateFormat(): null

2018-12-13 14:48:36 - [TEST_STEP][PASSED] - Statement - CurrentDateNoFilter.applyPattern("MM"): null

2018-12-13 14:48:36 - [TEST_STEP][PASSED] - Statement - monthContainerMatcher = java.lang.Integer.parseInt(CurrentDateNoFilter.format(TodayDate)): null

2018-12-13 14:48:36 - [TEST_STEP][PASSED] - Statement - monthContainerMatcher = monthContainerMatcher - 1: null

2018-12-13 14:48:36 - [TEST_STEP][PASSED] - Statement - CurrentMonth = monthContainerMatcher.toString(): null

2018-12-13 14:48:36 - [TEST_STEP][PASSED] - Statement - CurrentMonth = CurrentMonth: null

2018-12-13 14:48:36 - [TEST_STEP][PASSED] - Statement - CurrentDateNoFilter.applyPattern("yyyy"): null

2018-12-13 14:48:36 - [TEST_STEP][PASSED] - Statement - CurrentYear = CurrentDateNoFilter.format(TodayDate): null

2018-12-13 14:48:36 - [TEST_STEP][PASSED] - Statement - CurrentYear = CurrentYear: null

2018-12-13 14:48:36 - [TEST_STEP][PASSED] - Statement - intCurrentYear = java.lang.Integer.parseInt(CurrentDateNoFilter.format(TodayDate)): null

2018-12-13 14:48:36 - [TEST_STEP][PASSED] - Statement - eighteenYrsAgo = intCurrentYear - 18: null

2018-12-13 14:48:36 - [TEST_STEP][PASSED] - Statement - eighteenYrsBeforeThisYr = eighteenYrsAgo.toString(): null

2018-12-13 14:48:36 - [TEST_STEP][PASSED] - Statement - EighteenYrsBefore = eighteenYrsBeforeThisYr: null

2018-12-13 14:48:36 - [TEST_STEP][PASSED] - Statement - fiftysevenYrsAgo = intCurrentYear - 57: null

2018-12-13 14:48:36 - [TEST_STEP][PASSED] - Statement - fiftysevenYrsBeforeThisYr = fiftysevenYrsAgo.toString(): null

2018-12-13 14:48:36 - [TEST_STEP][PASSED] - Statement - FiftysevenYrsBefore = fiftysevenYrsBeforeThisYr: null

2018-12-13 14:48:36 - [TEST_STEP][PASSED] - Statement - leapYear = false: null

2018-12-13 14:48:36 - [TEST_STEP][PASSED] - Statement - leapYear = intCurrentYear % 4 == 0: null

2018-12-13 14:48:36 - [TEST_STEP][PASSED] - Statement - CurrentDateNoFilter.applyPattern("dd"): null

2018-12-13 14:48:36 - [TEST_STEP][PASSED] - Statement - CurrentDate = CurrentDateNoFilter.format(TodayDate): null

2018-12-13 14:48:36 - [TEST_STEP][PASSED] - Statement - CurrentDate = java.lang.Integer.parseInt(CurrentDate): null

2018-12-13 14:48:36 - [TEST_STEP][PASSED] - Statement - CurrentDate = CurrentDate: null

2018-12-13 14:48:36 - [TEST_STEP][PASSED] - Statement - CurrentDay = java.lang.Integer.parseInt(CurrentDate): null

2018-12-13 14:48:36 - [TEST_STEP][PASSED] - Statement - ConfAdder = <not implemented yet for class: org.codehaus.groovy.ast.expr.EmptyExpression>: null

2018-12-13 14:48:36 - [TEST_STEP][PASSED] - Statement - out.println(CurrentMonth): null

2018-12-13 14:48:36 - [TEST_STEP][PASSED] - Statement - out.println(CurrentDate): null

2018-12-13 14:48:36 - [TEST_STEP][PASSED] - Statement - switch (CurrentDate): null

2018-12-13 14:48:36 - [TEST_STEP][PASSED] - Statement - Default: null

2018-12-13 14:48:36 - [TEST_STEP][PASSED] - Statement - ConfAdder = true: null

2018-12-13 14:48:36 - [TEST_STEP][PASSED] - Statement - Break: null

2018-12-13 14:48:36 - [TEST_STEP][PASSED] - Statement - aDayBefore = <not implemented yet for class: org.codehaus.groovy.ast.expr.EmptyExpression>: null

2018-12-13 14:48:36 - [TEST_STEP][PASSED] - Statement - out.println(ConfAdder): null

2018-12-13 14:48:36 - [TEST_STEP][PASSED] - Statement - If (ConfAdder == true): null

2018-12-13 14:48:36 - [TEST_STEP][PASSED] - Statement - aDayBefore = CurrentDay + 1: null

2018-12-13 14:48:36 - [TEST_STEP][PASSED] - Statement - out.println(aDayBefore): null

2018-12-13 14:48:36 - [TEST_STEP][PASSED] - Statement - If (aDayBefore == 1 && CurrentMonth == 11): null

2018-12-13 14:48:36 - [TEST_STEP][PASSED] - Statement - DayBefore = aDayBefore.toString(): null

2018-12-13 14:48:36 - [TEST_STEP][PASSED] - Statement - OneDayBefore = DayBefore: null

2018-12-13 14:48:36 - [MESSAGE][PASSED] - Call Test Case 'Test Cases/Final Aug 2018 - PKS Automation/Registration Module/New Registration/Form 2/Date Updater' successfully

2018-12-13 14:48:36 - [TEST_STEP][PASSED] - Statement - CaseReferenceNo = com.kms.katalon.core.webui.keyword.WebUiBuiltInKeywords.getText(com.kms.katalon.core.testobject.ObjectRepository.findTestObject(Final Object Repo/New Registration - Registration Module Pages/Form 2/RefNo Acquiring)): Text of object 'Object Repository/Final Object Repo/New Registration - Registration Module Pages/Form 2/RefNo Acquiring' is: 'CRN12201800123283'

2018-12-13 14:48:36 - [MESSAGE][PASSED] - Text of object 'Object Repository/Final Object Repo/New Registration - Registration Module Pages/Form 2/RefNo Acquiring' is: 'CRN12201800123283'

2018-12-13 14:48:36 - [TEST_STEP][PASSED] - delay: Delayed 4 second(s)

2018-12-13 14:48:40 - [MESSAGE][PASSED] - Delayed 4 second(s)

2018-12-13 14:48:40 - [TEST_STEP][PASSED] - click: Object: 'Object Repository/Final Object Repo/New Registration - Registration Module Pages/Form 2/Add Employee Button' is clicked on

2018-12-13 14:48:40 - [MESSAGE][PASSED] - Object: 'Object Repository/Final Object Repo/New Registration - Registration Module Pages/Form 2/Add Employee Button' is clicked on

2018-12-13 14:48:40 - [TEST_STEP][PASSED] - delay: Delayed 1 second(s)

2018-12-13 14:48:41 - [MESSAGE][PASSED] - Delayed 1 second(s)

2018-12-13 14:48:41 - [TEST_STEP][PASSED] - setText: Text '010903091984' is set on object 'Object Repository/Final Object Repo/New Registration - Registration Module Pages/Form 2/NRIC Input'

2018-12-13 14:48:41 - [MESSAGE][PASSED] - Text '010903091984' is set on object 'Object Repository/Final Object Repo/New Registration - Registration Module Pages/Form 2/NRIC Input'

2018-12-13 14:48:41 - [TEST_STEP][PASSED] - click: Object: 'Object Repository/Final Object Repo/New Registration - Registration Module Pages/Form 2/button for search for IC' is clicked on

2018-12-13 14:48:42 - [MESSAGE][PASSED] - Object: 'Object Repository/Final Object Repo/New Registration - Registration Module Pages/Form 2/button for search for IC' is clicked on

2018-12-13 14:48:42 - [TEST_STEP][PASSED] - delay: Delayed 2 second(s)

2018-12-13 14:48:44 - [MESSAGE][PASSED] - Delayed 2 second(s)

2018-12-13 14:48:44 - [TEST_STEP][PASSED] - setText: Text 'Automate001 eligible 1' is set on object 'Object Repository/Final Object Repo/New Registration - Registration Module Pages/Form 2/Employee Name Input'

2018-12-13 14:48:44 - [MESSAGE][PASSED] - Text 'Automate001 eligible 1' is set on object 'Object Repository/Final Object Repo/New Registration - Registration Module Pages/Form 2/Employee Name Input'

2018-12-13 14:48:44 - [TEST_STEP][PASSED] - delay: Delayed 2 second(s)

2018-12-13 14:48:46 - [MESSAGE][PASSED] - Delayed 2 second(s)

2018-12-13 14:48:46 - [TEST_STEP][PASSED] - click: Object: 'Object Repository/Final Object Repo/New Registration - Registration Module Pages/Form 2/DatePicker Pop Up' is clicked on

2018-12-13 14:48:46 - [MESSAGE][PASSED] - Object: 'Object Repository/Final Object Repo/New Registration - Registration Module Pages/Form 2/DatePicker Pop Up' is clicked on

2018-12-13 14:48:46 - [TEST_STEP][PASSED] - click: Object: 'Object Repository/Final Object Repo/New Registration - Registration Module Pages/Form 2/DOB Month' is clicked on

2018-12-13 14:48:46 - [MESSAGE][PASSED] - Object: 'Object Repository/Final Object Repo/New Registration - Registration Module Pages/Form 2/DOB Month' is clicked on

2018-12-13 14:48:46 - [TEST_STEP][PASSED] - Statement - CurrentMonth = CurrentMonth: null

2018-12-13 14:48:46 - [TEST_STEP][PASSED] - Statement - selectMonth = new com.kms.katalon.core.testobject.TestObject(): null

2018-12-13 14:48:46 - [TEST_STEP][PASSED] - Statement - selectMonth.addProperty("xpath", EQUALS, "//body/div/div/div/select/option[@value='" + CurrentMonth + "']", true): null

2018-12-13 14:48:46 - [TEST_STEP][PASSED] - click: Object: '' is clicked on

2018-12-13 14:48:47 - [MESSAGE][PASSED] - Object: '' is clicked on

2018-12-13 14:48:47 - [TEST_STEP][PASSED] - click: Object: 'Object Repository/Final Object Repo/New Registration - Registration Module Pages/Form 2/DOB Year' is clicked on

2018-12-13 14:48:47 - [MESSAGE][PASSED] - Object: 'Object Repository/Final Object Repo/New Registration - Registration Module Pages/Form 2/DOB Year' is clicked on

2018-12-13 14:48:47 - [TEST_STEP][PASSED] - Statement - Eyearsbf = EighteenYrsBefore: null

2018-12-13 14:48:47 - [TEST_STEP][PASSED] - Statement - selectYear = new com.kms.katalon.core.testobject.TestObject(): null

2018-12-13 14:48:47 - [TEST_STEP][PASSED] - Statement - selectYear.addProperty("xpath", EQUALS, "//div/div/div/select/option[@value='" + Eyearsbf + "']", true): null

2018-12-13 14:48:47 - [TEST_STEP][PASSED] - click: Object: '' is clicked on

2018-12-13 14:48:47 - [MESSAGE][PASSED] - Object: '' is clicked on

2018-12-13 14:48:47 - [TEST_STEP][PASSED] - Statement - UpdatedSelectDate = com.kms.katalon.core.webui.keyword.WebUiBuiltInKeywords.modifyObjectProperty(com.kms.katalon.core.testobject.ObjectRepository.findTestObject(Final Object Repo/New Registration - Registration Module Pages/Form 2/DOB Date), "xpath", "equals", "//body/div/table/tbody/tr/td/a[text()="" + CurrentDate + ""]", true): Modify property of object successfully

2018-12-13 14:48:47 - [MESSAGE][PASSED] - Modify property of object successfully

2018-12-13 14:48:47 - [TEST_STEP][PASSED] - delay: Delayed 3 second(s)

2018-12-13 14:48:50 - [MESSAGE][PASSED] - Delayed 3 second(s)

2018-12-13 14:48:50 - [TEST_STEP][PASSED] - click: Object: 'Object Repository/Final Object Repo/New Registration - Registration Module Pages/Form 2/DOB Date' is clicked on

2018-12-13 14:48:50 - [MESSAGE][PASSED] - Object: 'Object Repository/Final Object Repo/New Registration - Registration Module Pages/Form 2/DOB Date' is clicked on

2018-12-13 14:48:50 - [TEST_STEP][PASSED] - delay: Delayed 2 second(s)

2018-12-13 14:48:52 - [MESSAGE][PASSED] - Delayed 2 second(s)

2018-12-13 14:48:52 - [TEST_STEP][PASSED] - click: Object: 'Object Repository/Final Object Repo/New Registration - Registration Module Pages/Form 2/EmploymentStartDate Pop Up' is clicked on

2018-12-13 14:48:52 - [MESSAGE][PASSED] - Object: 'Object Repository/Final Object Repo/New Registration - Registration Module Pages/Form 2/EmploymentStartDate Pop Up' is clicked on

2018-12-13 14:48:52 - [TEST_STEP][PASSED] - delay: Delayed 2 second(s)

2018-12-13 14:48:54 - [MESSAGE][PASSED] - Delayed 2 second(s)

2018-12-13 14:48:54 - [TEST_STEP][PASSED] - click: Object: 'Object Repository/Final Object Repo/New Registration - Registration Module Pages/Form 2/Socso Employment StartDate Month' is clicked on

2018-12-13 14:48:54 - [MESSAGE][PASSED] - Object: 'Object Repository/Final Object Repo/New Registration - Registration Module Pages/Form 2/Socso Employment StartDate Month' is clicked on

2018-12-13 14:48:54 - [TEST_STEP][PASSED] - delay: Delayed 1 second(s)

2018-12-13 14:48:55 - [MESSAGE][PASSED] - Delayed 1 second(s)

2018-12-13 14:48:55 - [TEST_STEP][PASSED] - click: Object: 'Object Repository/Final Object Repo/New Registration - Registration Module Pages/Form 2/Select Socso Employement Startdate Month' is clicked on

2018-12-13 14:48:56 - [MESSAGE][PASSED] - Object: 'Object Repository/Final Object Repo/New Registration - Registration Module Pages/Form 2/Select Socso Employement Startdate Month' is clicked on

2018-12-13 14:48:56 - [TEST_STEP][PASSED] - delay: Delayed 2 second(s)

2018-12-13 14:48:58 - [MESSAGE][PASSED] - Delayed 2 second(s)

2018-12-13 14:48:58 - [TEST_STEP][PASSED] - click: Object: 'Object Repository/Final Object Repo/New Registration - Registration Module Pages/Form 2/Socso Employment StartDate Year' is clicked on

2018-12-13 14:48:58 - [MESSAGE][PASSED] - Object: 'Object Repository/Final Object Repo/New Registration - Registration Module Pages/Form 2/Socso Employment StartDate Year' is clicked on

2018-12-13 14:48:58 - [TEST_STEP][PASSED] - delay: Delayed 1 second(s)

2018-12-13 14:48:59 - [MESSAGE][PASSED] - Delayed 1 second(s)

2018-12-13 14:48:59 - [TEST_STEP][PASSED] - click: Object: 'Object Repository/Final Object Repo/New Registration - Registration Module Pages/Form 2/Select Socso Employment Startdate Year' is clicked on

2018-12-13 14:48:59 - [MESSAGE][PASSED] - Object: 'Object Repository/Final Object Repo/New Registration - Registration Module Pages/Form 2/Select Socso Employment Startdate Year' is clicked on

2018-12-13 14:48:59 - [TEST_STEP][PASSED] - delay: Delayed 2 second(s)

2018-12-13 14:49:01 - [MESSAGE][PASSED] - Delayed 2 second(s)

2018-12-13 14:49:01 - [TEST_STEP][PASSED] - click: Object: 'Object Repository/Final Object Repo/New Registration - Registration Module Pages/Form 2/Socso Employment Start Date Day' is clicked on

2018-12-13 14:49:01 - [MESSAGE][PASSED] - Object: 'Object Repository/Final Object Repo/New Registration - Registration Module Pages/Form 2/Socso Employment Start Date Day' is clicked on

2018-12-13 14:49:01 - [TEST_STEP][PASSED] - delay: Delayed 2 second(s)

2018-12-13 14:49:03 - [MESSAGE][PASSED] - Delayed 2 second(s)

2018-12-13 14:49:03 - [TEST_STEP][PASSED] - click: Object: 'Object Repository/Final Object Repo/New Registration - Registration Module Pages/Form 2/Save Button for Add Employee' is clicked on

2018-12-13 14:49:03 - [MESSAGE][PASSED] - Object: 'Object Repository/Final Object Repo/New Registration - Registration Module Pages/Form 2/Save Button for Add Employee' is clicked on

2018-12-13 14:49:03 - [TEST_STEP][PASSED] - delay: Delayed 6 second(s)

2018-12-13 14:49:09 - [MESSAGE][PASSED] - Delayed 6 second(s)

2018-12-13 14:49:09 - [TEST_STEP][PASSED] - click: Object: 'Object Repository/Final Object Repo/New Registration - Registration Module Pages/Form 2/Incomplete Checkbox' is clicked on

2018-12-13 14:49:10 - [MESSAGE][PASSED] - Object: 'Object Repository/Final Object Repo/New Registration - Registration Module Pages/Form 2/Incomplete Checkbox' is clicked on

2018-12-13 14:49:10 - [TEST_STEP][PASSED] - delay: Delayed 2 second(s)

2018-12-13 14:49:12 - [MESSAGE][PASSED] - Delayed 2 second(s)

2018-12-13 14:49:12 - [TEST_STEP][PASSED] - click: Object: 'Object Repository/Final Object Repo/New Registration - Registration Module Pages/Form 2/Save and Continue Form 2' is clicked on

2018-12-13 14:49:12 - [MESSAGE][PASSED] - Object: 'Object Repository/Final Object Repo/New Registration - Registration Module Pages/Form 2/Save and Continue Form 2' is clicked on

2018-12-13 14:49:12 - [MESSAGE][PASSED] - Call Test Case 'Test Cases/Final Aug 2018 - PKS Automation/Registration Module/New Registration/Form 2/Add 1 Eligible - Incomplete' successfully

2018-12-13 14:49:12 - [TEST_STEP][PASSED] - callTestCase: Call Test Case 'Test Cases/Final Aug 2018 - PKS Automation/Registration Module/New Registration/Flow of New Registration/Third Screen - Upload Supporting Doc - Preview' successfully

2018-12-13 14:49:12 - [TEST_CASE][PASSED] - Test Cases/Final Aug 2018 - PKS Automation/Registration Module/New Registration/Flow of New Registration/Third Screen - Upload Supporting Doc - Preview: Test Cases/Final Aug 2018 - PKS Automation/Registration Module/New Registration/Flow of New Registration/Third Screen - Upload Supporting Doc - Preview

2018-12-13 14:49:12 - [TEST_STEP][PASSED] - waitForPageLoad: Wait for page load successfully

2018-12-13 14:49:13 - [MESSAGE][PASSED] - Wait for page load successfully

2018-12-13 14:49:13 - [TEST_STEP][PASSED] - Statement - CaseReferenceNo = com.kms.katalon.core.webui.keyword.WebUiBuiltInKeywords.getText(com.kms.katalon.core.testobject.ObjectRepository.findTestObject(Final Object Repo/New Registration - Registration Module Pages/Third Screen - Upload Supporting Doc- Preview/RefNo Acquiring)): Text of object 'Object Repository/Final Object Repo/New Registration - Registration Module Pages/Third Screen - Upload Supporting Doc- Preview/RefNo Acquiring' is: 'CRN12201800123283'

2018-12-13 14:49:13 - [MESSAGE][PASSED] - Text of object 'Object Repository/Final Object Repo/New Registration - Registration Module Pages/Third Screen - Upload Supporting Doc- Preview/RefNo Acquiring' is: 'CRN12201800123283'

2018-12-13 14:49:13 - [TEST_STEP][PASSED] - delay: Delayed 2 second(s)

2018-12-13 14:49:15 - [MESSAGE][PASSED] - Delayed 2 second(s)

2018-12-13 14:49:15 - [TEST_STEP][PASSED] - callTestCase: Call Test Case 'Test Cases/Final Aug 2018 - PKS Automation/Common/Reference Number Setter' successfully

2018-12-13 14:49:15 - [TEST_CASE][PASSED] - Test Cases/Final Aug 2018 - PKS Automation/Common/Reference Number Setter: Test Cases/Final Aug 2018 - PKS Automation/Common/Reference Number Setter

2018-12-13 14:49:15 - [TEST_STEP][PASSED] - Statement - RefNoOldFile = new java.io.File(C://Users//Admin//Desktop//PKS//Automation Reference Point//KatalonReference.txt): null

2018-12-13 14:49:15 - [TEST_STEP][PASSED] - Statement - RefNoOldFile.delete(): null

2018-12-13 14:49:15 - [TEST_STEP][PASSED] - delay: Delayed 5 second(s)

2018-12-13 14:49:20 - [MESSAGE][PASSED] - Delayed 5 second(s)

2018-12-13 14:49:20 - [TEST_STEP][PASSED] - Statement - RefNo = new java.io.File(C://Users//Admin//Desktop//PKS//Automation Reference Point//KatalonReference.txt): null

2018-12-13 14:49:20 - [TEST_STEP][PASSED] - Statement - f2 = new java.io.FileWriter(RefNo, false): null

2018-12-13 14:49:20 - [TEST_STEP][PASSED] - Statement - f2.write(CaseReferenceNo): null

2018-12-13 14:49:20 - [TEST_STEP][PASSED] - Statement - f2.close(): null

2018-12-13 14:49:20 - [TEST_STEP][PASSED] - Statement - out.println("


" + CaseReferenceNo + "


"): null

2018-12-13 14:49:20 - [MESSAGE][PASSED] - Call Test Case 'Test Cases/Final Aug 2018 - PKS Automation/Common/Reference Number Setter' successfully

2018-12-13 14:49:20 - [TEST_STEP][PASSED] - waitForElementClickable: Object 'Object Repository/Final Object Repo/New Registration - Registration Module Pages/Third Screen - Upload Supporting Doc- Preview/Save n Continue in SIP Employee Listing Page' is clickable

2018-12-13 14:49:20 - [MESSAGE][PASSED] - Object 'Object Repository/Final Object Repo/New Registration - Registration Module Pages/Third Screen - Upload Supporting Doc- Preview/Save n Continue in SIP Employee Listing Page' is clickable

2018-12-13 14:49:20 - [TEST_STEP][PASSED] - click: Object: 'Object Repository/Final Object Repo/New Registration - Registration Module Pages/Third Screen - Upload Supporting Doc- Preview/Save n Continue in SIP Employee Listing Page' is clicked on

2018-12-13 14:49:25 - [MESSAGE][PASSED] - Object: 'Object Repository/Final Object Repo/New Registration - Registration Module Pages/Third Screen - Upload Supporting Doc- Preview/Save n Continue in SIP Employee Listing Page' is clicked on

2018-12-13 14:49:25 - [TEST_STEP][PASSED] - delay: Delayed 7 second(s)

2018-12-13 14:49:32 - [MESSAGE][PASSED] - Delayed 7 second(s)

2018-12-13 14:49:32 - [TEST_STEP][PASSED] - click: Object: 'Object Repository/Final Object Repo/New Registration - Registration Module Pages/Third Screen - Upload Supporting Doc- Preview/Add Document Button' is clicked on

2018-12-13 14:49:32 - [MESSAGE][PASSED] - Object: 'Object Repository/Final Object Repo/New Registration - Registration Module Pages/Third Screen - Upload Supporting Doc- Preview/Add Document Button' is clicked on

2018-12-13 14:49:32 - [TEST_STEP][PASSED] - delay: Delayed 30 second(s)

2018-12-13 14:50:02 - [MESSAGE][PASSED] - Delayed 30 second(s)

2018-12-13 14:50:02 - [TEST_STEP][PASSED] - click: Object: 'Object Repository/Final Object Repo/New Registration - Registration Module Pages/Third Screen - Upload Supporting Doc- Preview/Supporting Doc Please Select Drop Down' is clicked on

2018-12-13 14:50:02 - [MESSAGE][PASSED] - Object: 'Object Repository/Final Object Repo/New Registration - Registration Module Pages/Third Screen - Upload Supporting Doc- Preview/Supporting Doc Please Select Drop Down' is clicked on

2018-12-13 14:50:02 - [TEST_STEP][PASSED] - delay: Delayed 2 second(s)

2018-12-13 14:50:04 - [MESSAGE][PASSED] - Delayed 2 second(s)

2018-12-13 14:50:04 - [TEST_STEP][PASSED] - click: Object: 'Object Repository/Final Object Repo/New Registration - Registration Module Pages/Third Screen - Upload Supporting Doc- Preview/Select to Upload Form 1' is clicked on

2018-12-13 14:50:05 - [MESSAGE][PASSED] - Object: 'Object Repository/Final Object Repo/New Registration - Registration Module Pages/Third Screen - Upload Supporting Doc- Preview/Select to Upload Form 1' is clicked on

2018-12-13 14:50:05 - [TEST_STEP][PASSED] - delay: Delayed 2 second(s)

2018-12-13 14:50:07 - [MESSAGE][PASSED] - Delayed 2 second(s)

2018-12-13 14:50:07 - [TEST_STEP][PASSED] - uploadFile: File 'C:\Users\Public\Pictures\Sample Pictures\Koala.jpg' sent to object: 'Object Repository/Final Object Repo/New Registration - Registration Module Pages/Third Screen - Upload Supporting Doc- Preview/Upload File Adding'

2018-12-13 14:50:07 - [MESSAGE][PASSED] - File 'C:\Users\Public\Pictures\Sample Pictures\Koala.jpg' sent to object: 'Object Repository/Final Object Repo/New Registration - Registration Module Pages/Third Screen - Upload Supporting Doc- Preview/Upload File Adding'

2018-12-13 14:50:07 - [TEST_STEP][PASSED] - delay: Delayed 5 second(s)

2018-12-13 14:50:12 - [MESSAGE][PASSED] - Delayed 5 second(s)

2018-12-13 14:50:12 - [TEST_STEP][PASSED] - click: Object: 'Object Repository/Final Object Repo/New Registration - Registration Module Pages/Third Screen - Upload Supporting Doc- Preview/Inner Form Add Document Button' is clicked on

2018-12-13 14:50:12 - [MESSAGE][PASSED] - Object: 'Object Repository/Final Object Repo/New Registration - Registration Module Pages/Third Screen - Upload Supporting Doc- Preview/Inner Form Add Document Button' is clicked on

2018-12-13 14:50:12 - [TEST_STEP][PASSED] - delay: Delayed 3 second(s)

2018-12-13 14:50:15 - [MESSAGE][PASSED] - Delayed 3 second(s)

2018-12-13 14:50:15 - [TEST_STEP][PASSED] - click: Object: 'Object Repository/Final Object Repo/New Registration - Registration Module Pages/Third Screen - Upload Supporting Doc- Preview/Add Document Button' is clicked on

2018-12-13 14:50:18 - [MESSAGE][PASSED] - Object: 'Object Repository/Final Object Repo/New Registration - Registration Module Pages/Third Screen - Upload Supporting Doc- Preview/Add Document Button' is clicked on

2018-12-13 14:50:18 - [TEST_STEP][PASSED] - delay: Delayed 30 second(s)

2018-12-13 14:50:48 - [MESSAGE][PASSED] - Delayed 30 second(s)

2018-12-13 14:50:48 - [TEST_STEP][PASSED] - click: Object: 'Object Repository/Final Object Repo/New Registration - Registration Module Pages/Third Screen - Upload Supporting Doc- Preview/Supporting Doc Please Select Drop Down' is clicked on

2018-12-13 14:50:48 - [MESSAGE][PASSED] - Object: 'Object Repository/Final Object Repo/New Registration - Registration Module Pages/Third Screen - Upload Supporting Doc- Preview/Supporting Doc Please Select Drop Down' is clicked on

2018-12-13 14:50:48 - [TEST_STEP][PASSED] - delay: Delayed 4 second(s)

2018-12-13 14:50:52 - [MESSAGE][PASSED] - Delayed 4 second(s)

2018-12-13 14:50:52 - [TEST_STEP][PASSED] - click: Object: 'Object Repository/Final Object Repo/New Registration - Registration Module Pages/Third Screen - Upload Supporting Doc- Preview/Select to Upload Form 2' is clicked on

2018-12-13 14:50:52 - [MESSAGE][PASSED] - Object: 'Object Repository/Final Object Repo/New Registration - Registration Module Pages/Third Screen - Upload Supporting Doc- Preview/Select to Upload Form 2' is clicked on

2018-12-13 14:50:52 - [TEST_STEP][PASSED] - delay: Delayed 2 second(s)

2018-12-13 14:50:54 - [MESSAGE][PASSED] - Delayed 2 second(s)

2018-12-13 14:50:54 - [TEST_STEP][PASSED] - uploadFile: File 'C:\Users\Public\Pictures\Sample Pictures\Koala.jpg' sent to object: 'Object Repository/Final Object Repo/New Registration - Registration Module Pages/Third Screen - Upload Supporting Doc- Preview/Upload File Adding'

2018-12-13 14:50:54 - [MESSAGE][PASSED] - File 'C:\Users\Public\Pictures\Sample Pictures\Koala.jpg' sent to object: 'Object Repository/Final Object Repo/New Registration - Registration Module Pages/Third Screen - Upload Supporting Doc- Preview/Upload File Adding'

2018-12-13 14:50:54 - [TEST_STEP][PASSED] - click: Object: 'Object Repository/Final Object Repo/New Registration - Registration Module Pages/Third Screen - Upload Supporting Doc- Preview/Inner Form Add Document Button' is clicked on

2018-12-13 14:50:54 - [MESSAGE][PASSED] - Object: 'Object Repository/Final Object Repo/New Registration - Registration Module Pages/Third Screen - Upload Supporting Doc- Preview/Inner Form Add Document Button' is clicked on

2018-12-13 14:50:54 - [TEST_STEP][PASSED] - delay: Delayed 5 second(s)

2018-12-13 14:50:59 - [MESSAGE][PASSED] - Delayed 5 second(s)

2018-12-13 14:50:59 - [TEST_STEP][PASSED] - click: Object: 'Object Repository/Final Object Repo/New Registration - Registration Module Pages/Third Screen - Upload Supporting Doc- Preview/Add Document Button' is clicked on

2018-12-13 14:51:00 - [MESSAGE][PASSED] - Object: 'Object Repository/Final Object Repo/New Registration - Registration Module Pages/Third Screen - Upload Supporting Doc- Preview/Add Document Button' is clicked on

2018-12-13 14:51:00 - [TEST_STEP][PASSED] - delay: Delayed 30 second(s)

2018-12-13 14:51:30 - [MESSAGE][PASSED] - Delayed 30 second(s)

2018-12-13 14:51:30 - [TEST_STEP][PASSED] - click: Object: 'Object Repository/Final Object Repo/New Registration - Registration Module Pages/Third Screen - Upload Supporting Doc- Preview/Supporting Doc Please Select Drop Down' is clicked on

2018-12-13 14:51:30 - [MESSAGE][PASSED] - Object: 'Object Repository/Final Object Repo/New Registration - Registration Module Pages/Third Screen - Upload Supporting Doc- Preview/Supporting Doc Please Select Drop Down' is clicked on

2018-12-13 14:51:30 - [TEST_STEP][PASSED] - click: Object: 'Object Repository/Final Object Repo/New Registration - Registration Module Pages/Third Screen - Upload Supporting Doc- Preview/Select to Upload Borang SIP 1' is clicked on

2018-12-13 14:51:30 - [MESSAGE][PASSED] - Object: 'Object Repository/Final Object Repo/New Registration - Registration Module Pages/Third Screen - Upload Supporting Doc- Preview/Select to Upload Borang SIP 1' is clicked on

2018-12-13 14:51:30 - [TEST_STEP][PASSED] - delay: Delayed 2 second(s)

2018-12-13 14:51:32 - [MESSAGE][PASSED] - Delayed 2 second(s)

2018-12-13 14:51:32 - [TEST_STEP][PASSED] - uploadFile: File 'C:\Users\Public\Pictures\Sample Pictures\Koala.jpg' sent to object: 'Object Repository/Final Object Repo/New Registration - Registration Module Pages/Third Screen - Upload Supporting Doc- Preview/Upload File Adding'

2018-12-13 14:51:32 - [MESSAGE][PASSED] - File 'C:\Users\Public\Pictures\Sample Pictures\Koala.jpg' sent to object: 'Object Repository/Final Object Repo/New Registration - Registration Module Pages/Third Screen - Upload Supporting Doc- Preview/Upload File Adding'

2018-12-13 14:51:32 - [TEST_STEP][PASSED] - click: Object: 'Object Repository/Final Object Repo/New Registration - Registration Module Pages/Third Screen - Upload Supporting Doc- Preview/Inner Form Add Document Button' is clicked on

2018-12-13 14:51:32 - [MESSAGE][PASSED] - Object: 'Object Repository/Final Object Repo/New Registration - Registration Module Pages/Third Screen - Upload Supporting Doc- Preview/Inner Form Add Document Button' is clicked on

2018-12-13 14:51:32 - [TEST_STEP][PASSED] - delay: Delayed 5 second(s)

2018-12-13 14:51:37 - [MESSAGE][PASSED] - Delayed 5 second(s)

2018-12-13 14:51:37 - [TEST_STEP][PASSED] - click: Object: 'Object Repository/Final Object Repo/New Registration - Registration Module Pages/Third Screen - Upload Supporting Doc- Preview/Add Document Button' is clicked on

2018-12-13 14:51:37 - [MESSAGE][PASSED] - Object: 'Object Repository/Final Object Repo/New Registration - Registration Module Pages/Third Screen - Upload Supporting Doc- Preview/Add Document Button' is clicked on

2018-12-13 14:51:37 - [TEST_STEP][PASSED] - delay: Delayed 30 second(s)

2018-12-13 14:52:07 - [MESSAGE][PASSED] - Delayed 30 second(s)

2018-12-13 14:52:07 - [TEST_STEP][PASSED] - click: Object: 'Object Repository/Final Object Repo/New Registration - Registration Module Pages/Third Screen - Upload Supporting Doc- Preview/Supporting Doc Please Select Drop Down' is clicked on

2018-12-13 14:52:08 - [MESSAGE][PASSED] - Object: 'Object Repository/Final Object Repo/New Registration - Registration Module Pages/Third Screen - Upload Supporting Doc- Preview/Supporting Doc Please Select Drop Down' is clicked on

2018-12-13 14:52:08 - [TEST_STEP][PASSED] - delay: Delayed 3 second(s)

2018-12-13 14:52:11 - [MESSAGE][PASSED] - Delayed 3 second(s)

2018-12-13 14:52:11 - [TEST_STEP][PASSED] - click: Object: 'Object Repository/Final Object Repo/New Registration - Registration Module Pages/Third Screen - Upload Supporting Doc- Preview/Select to Upload Borang SIP 2' is clicked on

2018-12-13 14:52:11 - [MESSAGE][PASSED] - Object: 'Object Repository/Final Object Repo/New Registration - Registration Module Pages/Third Screen - Upload Supporting Doc- Preview/Select to Upload Borang SIP 2' is clicked on

2018-12-13 14:52:11 - [TEST_STEP][PASSED] - delay: Delayed 2 second(s)

2018-12-13 14:52:13 - [MESSAGE][PASSED] - Delayed 2 second(s)

2018-12-13 14:52:13 - [TEST_STEP][PASSED] - uploadFile: File 'C:\Users\Public\Pictures\Sample Pictures\Koala.jpg' sent to object: 'Object Repository/Final Object Repo/New Registration - Registration Module Pages/Third Screen - Upload Supporting Doc- Preview/Upload File Adding'

2018-12-13 14:52:13 - [MESSAGE][PASSED] - File 'C:\Users\Public\Pictures\Sample Pictures\Koala.jpg' sent to object: 'Object Repository/Final Object Repo/New Registration - Registration Module Pages/Third Screen - Upload Supporting Doc- Preview/Upload File Adding'

2018-12-13 14:52:13 - [TEST_STEP][PASSED] - delay: Delayed 5 second(s)

2018-12-13 14:52:18 - [MESSAGE][PASSED] - Delayed 5 second(s)

2018-12-13 14:52:18 - [TEST_STEP][PASSED] - click: Object: 'Object Repository/Final Object Repo/New Registration - Registration Module Pages/Third Screen - Upload Supporting Doc- Preview/Inner Form Add Document Button' is clicked on

2018-12-13 14:52:18 - [MESSAGE][PASSED] - Object: 'Object Repository/Final Object Repo/New Registration - Registration Module Pages/Third Screen - Upload Supporting Doc- Preview/Inner Form Add Document Button' is clicked on

2018-12-13 14:52:18 - [TEST_STEP][PASSED] - delay: Delayed 3 second(s)

2018-12-13 14:52:21 - [MESSAGE][PASSED] - Delayed 3 second(s)

2018-12-13 14:52:21 - [TEST_STEP][PASSED] - waitForElementClickable: Object 'Object Repository/Final Object Repo/New Registration - Registration Module Pages/Third Screen - Upload Supporting Doc- Preview/Save n Continue in Uploading Supporting Doc Page' is clickable

2018-12-13 14:52:23 - [MESSAGE][PASSED] - Object 'Object Repository/Final Object Repo/New Registration - Registration Module Pages/Third Screen - Upload Supporting Doc- Preview/Save n Continue in Uploading Supporting Doc Page' is clickable

2018-12-13 14:52:23 - [TEST_STEP][PASSED] - click: Object: 'Object Repository/Final Object Repo/New Registration - Registration Module Pages/Third Screen - Upload Supporting Doc- Preview/Save n Continue in Uploading Supporting Doc Page' is clicked on

2018-12-13 14:52:23 - [MESSAGE][PASSED] - Object: 'Object Repository/Final Object Repo/New Registration - Registration Module Pages/Third Screen - Upload Supporting Doc- Preview/Save n Continue in Uploading Supporting Doc Page' is clicked on

2018-12-13 14:52:23 - [MESSAGE][PASSED] - Call Test Case 'Test Cases/Final Aug 2018 - PKS Automation/Registration Module/New Registration/Flow of New Registration/Third Screen - Upload Supporting Doc - Preview' successfully

2018-12-13 14:52:23 - [TEST_STEP][PASSED] - callTestCase: Call Test Case 'Test Cases/Final Aug 2018 - PKS Automation/Registration Module/New Registration/Submit and Screenshot/Submit Registration and Screenshot' successfully

2018-12-13 14:52:23 - [TEST_CASE][PASSED] - Test Cases/Final Aug 2018 - PKS Automation/Registration Module/New Registration/Submit and Screenshot/Submit Registration and Screenshot: Test Cases/Final Aug 2018 - PKS Automation/Registration Module/New Registration/Submit and Screenshot/Submit Registration and Screenshot

2018-12-13 14:52:23 - [TEST_STEP][PASSED] - delay: Delayed 6 second(s)

2018-12-13 14:52:29 - [MESSAGE][PASSED] - Delayed 6 second(s)

2018-12-13 14:52:29 - [TEST_STEP][PASSED] - click: Object: 'Object Repository/Final Object Repo/New Registration - Registration Module Pages/Third Screen - Upload Supporting Doc- Preview/Preview Submit Button' is clicked on

2018-12-13 14:52:29 - [MESSAGE][PASSED] - Object: 'Object Repository/Final Object Repo/New Registration - Registration Module Pages/Third Screen - Upload Supporting Doc- Preview/Preview Submit Button' is clicked on

2018-12-13 14:52:29 - [TEST_STEP][PASSED] - delay: Delayed 2 second(s)

2018-12-13 14:52:31 - [MESSAGE][PASSED] - Delayed 2 second(s)

2018-12-13 14:52:31 - [TEST_STEP][PASSED] - click: Object: 'Object Repository/Final Object Repo/New Registration - Registration Module Pages/Third Screen - Upload Supporting Doc- Preview/Preview Submit - Confirm' is clicked on

2018-12-13 14:52:31 - [MESSAGE][PASSED] - Object: 'Object Repository/Final Object Repo/New Registration - Registration Module Pages/Third Screen - Upload Supporting Doc- Preview/Preview Submit - Confirm' is clicked on

2018-12-13 14:52:31 - [TEST_STEP][PASSED] - delay: Delayed 15 second(s)

2018-12-13 14:52:46 - [MESSAGE][PASSED] - Delayed 15 second(s)

2018-12-13 14:52:46 - [TEST_STEP][PASSED] - Statement - driver = com.kms.katalon.core.webui.driver.DriverFactory.getWebDriver(): null

2018-12-13 14:52:46 - [TEST_STEP][PASSED] - Statement - driver.manage().timeouts().implicitlyWait(10, SECONDS): null

2018-12-13 14:52:46 - [TEST_STEP][PASSED] - Statement - PresavePath = KatalonScreenshots: null

2018-12-13 14:52:46 - [TEST_STEP][PASSED] - Statement - pathPrefix = "C:\Users\Public\Pictures\Sample Pictures\Katalon Screenshots\Automate Ending Screen": null

2018-12-13 14:52:46 - [TEST_STEP][PASSED] - Statement - finalPath = <not implemented yet for class: org.codehaus.groovy.ast.expr.EmptyExpression>: null

2018-12-13 14:52:46 - [TEST_STEP][PASSED] - Statement - scrFile = driver.getScreenshotAs(FILE): null

2018-12-13 14:52:46 - [TEST_STEP][PASSED] - Statement - PreSaveFile = new java.io.File(PresavePath): null

2018-12-13 14:52:46 - [TEST_STEP][PASSED] - Statement - counter = 0: null

2018-12-13 14:52:46 - [TEST_STEP][PASSED] - Statement - If (PreSaveFile.exists()): null

2018-12-13 14:52:46 - [TEST_STEP][PASSED] - Statement - While (PreSaveFile.exists()): null

2018-12-13 14:52:46 - [TEST_STEP][PASSED] - Statement - counter = counter + 1: null

2018-12-13 14:52:46 - [TEST_STEP][PASSED] - Statement - PreSaveFile = new java.io.File(((pathPrefix + java.lang.Integer.toString(counter)) + .png)): null

2018-12-13 14:52:46 - [TEST_STEP][PASSED] - Statement - counter = counter + 1: null

2018-12-13 14:52:46 - [TEST_STEP][PASSED] - Statement - PreSaveFile = new java.io.File(((pathPrefix + java.lang.Integer.toString(counter)) + .png)): null

2018-12-13 14:52:46 - [TEST_STEP][PASSED] - Statement - counter = counter + 1: null

2018-12-13 14:52:46 - [TEST_STEP][PASSED] - Statement - PreSaveFile = new java.io.File(((pathPrefix + java.lang.Integer.toString(counter)) + .png)): null

2018-12-13 14:52:46 - [TEST_STEP][PASSED] - Statement - counter = counter + 1: null

2018-12-13 14:52:46 - [TEST_STEP][PASSED] - Statement - PreSaveFile = new java.io.File(((pathPrefix + java.lang.Integer.toString(counter)) + .png)): null

2018-12-13 14:52:46 - [TEST_STEP][PASSED] - Statement - counter = counter + 1: null

2018-12-13 14:52:46 - [TEST_STEP][PASSED] - Statement - PreSaveFile = new java.io.File(((pathPrefix + java.lang.Integer.toString(counter)) + .png)): null

2018-12-13 14:52:46 - [TEST_STEP][PASSED] - Statement - counter = counter + 1: null

2018-12-13 14:52:46 - [TEST_STEP][PASSED] - Statement - PreSaveFile = new java.io.File(((pathPrefix + java.lang.Integer.toString(counter)) + .png)): null

2018-12-13 14:52:46 - [TEST_STEP][PASSED] - Statement - counter = counter + 1: null

2018-12-13 14:52:46 - [TEST_STEP][PASSED] - Statement - PreSaveFile = new java.io.File(((pathPrefix + java.lang.Integer.toString(counter)) + .png)): null

2018-12-13 14:52:46 - [TEST_STEP][PASSED] - Statement - counter = counter + 1: null

2018-12-13 14:52:46 - [TEST_STEP][PASSED] - Statement - PreSaveFile = new java.io.File(((pathPrefix + java.lang.Integer.toString(counter)) + .png)): null

2018-12-13 14:52:46 - [TEST_STEP][PASSED] - Statement - counter = counter + 1: null

2018-12-13 14:52:46 - [TEST_STEP][PASSED] - Statement - PreSaveFile = new java.io.File(((pathPrefix + java.lang.Integer.toString(counter)) + .png)): null

2018-12-13 14:52:46 - [TEST_STEP][PASSED] - Statement - counter = counter + 1: null

2018-12-13 14:52:46 - [TEST_STEP][PASSED] - Statement - PreSaveFile = new java.io.File(((pathPrefix + java.lang.Integer.toString(counter)) + .png)): null

2018-12-13 14:52:46 - [TEST_STEP][PASSED] - Statement - counter = counter + 1: null

2018-12-13 14:52:46 - [TEST_STEP][PASSED] - Statement - PreSaveFile = new java.io.File(((pathPrefix + java.lang.Integer.toString(counter)) + .png)): null

2018-12-13 14:52:46 - [TEST_STEP][PASSED] - Statement - counter = counter + 1: null

2018-12-13 14:52:46 - [TEST_STEP][PASSED] - Statement - PreSaveFile = new java.io.File(((pathPrefix + java.lang.Integer.toString(counter)) + .png)): null

2018-12-13 14:52:46 - [TEST_STEP][PASSED] - Statement - counter = counter + 1: null

2018-12-13 14:52:46 - [TEST_STEP][PASSED] - Statement - PreSaveFile = new java.io.File(((pathPrefix + java.lang.Integer.toString(counter)) + .png)): null

2018-12-13 14:52:46 - [TEST_STEP][PASSED] - Statement - counter = counter + 1: null

2018-12-13 14:52:46 - [TEST_STEP][PASSED] - Statement - PreSaveFile = new java.io.File(((pathPrefix + java.lang.Integer.toString(counter)) + .png)): null

2018-12-13 14:52:47 - [TEST_STEP][PASSED] - Statement - counter = counter + 1: null

2018-12-13 14:52:47 - [TEST_STEP][PASSED] - Statement - PreSaveFile = new java.io.File(((pathPrefix + java.lang.Integer.toString(counter)) + .png)): null

2018-12-13 14:52:47 - [TEST_STEP][PASSED] - Statement - counter = counter + 1: null

2018-12-13 14:52:47 - [TEST_STEP][PASSED] - Statement - PreSaveFile = new java.io.File(((pathPrefix + java.lang.Integer.toString(counter)) + .png)): null

2018-12-13 14:52:47 - [TEST_STEP][PASSED] - Statement - counter = counter + 1: null

2018-12-13 14:52:47 - [TEST_STEP][PASSED] - Statement - PreSaveFile = new java.io.File(((pathPrefix + java.lang.Integer.toString(counter)) + .png)): null

2018-12-13 14:52:47 - [TEST_STEP][PASSED] - Statement - counter = counter + 1: null

2018-12-13 14:52:47 - [TEST_STEP][PASSED] - Statement - PreSaveFile = new java.io.File(((pathPrefix + java.lang.Integer.toString(counter)) + .png)): null

2018-12-13 14:52:47 - [TEST_STEP][PASSED] - Statement - counter = counter + 1: null

2018-12-13 14:52:47 - [TEST_STEP][PASSED] - Statement - PreSaveFile = new java.io.File(((pathPrefix + java.lang.Integer.toString(counter)) + .png)): null

2018-12-13 14:52:47 - [TEST_STEP][PASSED] - Statement - counter = counter + 1: null

2018-12-13 14:52:47 - [TEST_STEP][PASSED] - Statement - PreSaveFile = new java.io.File(((pathPrefix + java.lang.Integer.toString(counter)) + .png)): null

2018-12-13 14:52:47 - [TEST_STEP][PASSED] - Statement - counter = counter + 1: null

2018-12-13 14:52:47 - [TEST_STEP][PASSED] - Statement - PreSaveFile = new java.io.File(((pathPrefix + java.lang.Integer.toString(counter)) + .png)): null

2018-12-13 14:52:47 - [TEST_STEP][PASSED] - Statement - counter = counter + 1: null

2018-12-13 14:52:47 - [TEST_STEP][PASSED] - Statement - PreSaveFile = new java.io.File(((pathPrefix + java.lang.Integer.toString(counter)) + .png)): null

2018-12-13 14:52:47 - [TEST_STEP][PASSED] - Statement - counter = counter + 1: null

2018-12-13 14:52:47 - [TEST_STEP][PASSED] - Statement - PreSaveFile = new java.io.File(((pathPrefix + java.lang.Integer.toString(counter)) + .png)): null

2018-12-13 14:52:47 - [TEST_STEP][PASSED] - Statement - counter = counter + 1: null

2018-12-13 14:52:47 - [TEST_STEP][PASSED] - Statement - PreSaveFile = new java.io.File(((pathPrefix + java.lang.Integer.toString(counter)) + .png)): null

2018-12-13 14:52:47 - [TEST_STEP][PASSED] - Statement - counter = counter + 1: null

2018-12-13 14:52:47 - [TEST_STEP][PASSED] - Statement - PreSaveFile = new java.io.File(((pathPrefix + java.lang.Integer.toString(counter)) + .png)): null

2018-12-13 14:52:47 - [TEST_STEP][PASSED] - Statement - counter = counter + 1: null

2018-12-13 14:52:47 - [TEST_STEP][PASSED] - Statement - PreSaveFile = new java.io.File(((pathPrefix + java.lang.Integer.toString(counter)) + .png)): null

2018-12-13 14:52:47 - [TEST_STEP][PASSED] - Statement - counter = counter + 1: null

2018-12-13 14:52:47 - [TEST_STEP][PASSED] - Statement - PreSaveFile = new java.io.File(((pathPrefix + java.lang.Integer.toString(counter)) + .png)): null

2018-12-13 14:52:47 - [TEST_STEP][PASSED] - Statement - counter = counter + 1: null

2018-12-13 14:52:47 - [TEST_STEP][PASSED] - Statement - PreSaveFile = new java.io.File(((pathPrefix + java.lang.Integer.toString(counter)) + .png)): null

2018-12-13 14:52:47 - [TEST_STEP][PASSED] - Statement - counter = counter + 1: null

2018-12-13 14:52:47 - [TEST_STEP][PASSED] - Statement - PreSaveFile = new java.io.File(((pathPrefix + java.lang.Integer.toString(counter)) + .png)): null

2018-12-13 14:52:47 - [TEST_STEP][PASSED] - Statement - counter = counter + 1: null

2018-12-13 14:52:47 - [TEST_STEP][PASSED] - Statement - PreSaveFile = new java.io.File(((pathPrefix + java.lang.Integer.toString(counter)) + .png)): null

2018-12-13 14:52:47 - [TEST_STEP][PASSED] - Statement - counter = counter + 1: null

2018-12-13 14:52:47 - [TEST_STEP][PASSED] - Statement - PreSaveFile = new java.io.File(((pathPrefix + java.lang.Integer.toString(counter)) + .png)): null

2018-12-13 14:52:47 - [TEST_STEP][PASSED] - Statement - counter = counter + 1: null

2018-12-13 14:52:47 - [TEST_STEP][PASSED] - Statement - PreSaveFile = new java.io.File(((pathPrefix + java.lang.Integer.toString(counter)) + .png)): null

2018-12-13 14:52:47 - [TEST_STEP][PASSED] - Statement - counter = counter + 1: null

2018-12-13 14:52:47 - [TEST_STEP][PASSED] - Statement - PreSaveFile = new java.io.File(((pathPrefix + java.lang.Integer.toString(counter)) + .png)): null

2018-12-13 14:52:47 - [TEST_STEP][PASSED] - Statement - counter = counter + 1: null

2018-12-13 14:52:47 - [TEST_STEP][PASSED] - Statement - PreSaveFile = new java.io.File(((pathPrefix + java.lang.Integer.toString(counter)) + .png)): null

2018-12-13 14:52:47 - [TEST_STEP][PASSED] - Statement - counter = counter + 1: null

2018-12-13 14:52:47 - [TEST_STEP][PASSED] - Statement - PreSaveFile = new java.io.File(((pathPrefix + java.lang.Integer.toString(counter)) + .png)): null

2018-12-13 14:52:47 - [TEST_STEP][PASSED] - Statement - counter = counter + 1: null

2018-12-13 14:52:47 - [TEST_STEP][PASSED] - Statement - PreSaveFile = new java.io.File(((pathPrefix + java.lang.Integer.toString(counter)) + .png)): null

2018-12-13 14:52:47 - [TEST_STEP][PASSED] - Statement - counter = counter + 1: null

2018-12-13 14:52:47 - [TEST_STEP][PASSED] - Statement - PreSaveFile = new java.io.File(((pathPrefix + java.lang.Integer.toString(counter)) + .png)): null

2018-12-13 14:52:47 - [TEST_STEP][PASSED] - Statement - counter = counter + 1: null

2018-12-13 14:52:47 - [TEST_STEP][PASSED] - Statement - PreSaveFile = new java.io.File(((pathPrefix + java.lang.Integer.toString(counter)) + .png)): null

2018-12-13 14:52:47 - [TEST_STEP][PASSED] - Statement - counter = counter + 1: null

2018-12-13 14:52:47 - [TEST_STEP][PASSED] - Statement - PreSaveFile = new java.io.File(((pathPrefix + java.lang.Integer.toString(counter)) + .png)): null

2018-12-13 14:52:47 - [TEST_STEP][PASSED] - Statement - counter = counter + 1: null

2018-12-13 14:52:47 - [TEST_STEP][PASSED] - Statement - PreSaveFile = new java.io.File(((pathPrefix + java.lang.Integer.toString(counter)) + .png)): null

2018-12-13 14:52:47 - [TEST_STEP][PASSED] - Statement - counter = counter + 1: null

2018-12-13 14:52:47 - [TEST_STEP][PASSED] - Statement - PreSaveFile = new java.io.File(((pathPrefix + java.lang.Integer.toString(counter)) + .png)): null

2018-12-13 14:52:47 - [TEST_STEP][PASSED] - Statement - counter = counter + 1: null

2018-12-13 14:52:47 - [TEST_STEP][PASSED] - Statement - PreSaveFile = new java.io.File(((pathPrefix + java.lang.Integer.toString(counter)) + .png)): null

2018-12-13 14:52:47 - [TEST_STEP][PASSED] - Statement - counter = counter + 1: null

2018-12-13 14:52:47 - [TEST_STEP][PASSED] - Statement - PreSaveFile = new java.io.File(((pathPrefix + java.lang.Integer.toString(counter)) + .png)): null

2018-12-13 14:52:47 - [TEST_STEP][PASSED] - Statement - counter = counter + 1: null

2018-12-13 14:52:47 - [TEST_STEP][PASSED] - Statement - PreSaveFile = new java.io.File(((pathPrefix + java.lang.Integer.toString(counter)) + .png)): null

2018-12-13 14:52:47 - [TEST_STEP][PASSED] - Statement - counter = counter + 1: null

2018-12-13 14:52:47 - [TEST_STEP][PASSED] - Statement - PreSaveFile = new java.io.File(((pathPrefix + java.lang.Integer.toString(counter)) + .png)): null

2018-12-13 14:52:47 - [TEST_STEP][PASSED] - Statement - counter = counter + 1: null

2018-12-13 14:52:47 - [TEST_STEP][PASSED] - Statement - PreSaveFile = new java.io.File(((pathPrefix + java.lang.Integer.toString(counter)) + .png)): null

2018-12-13 14:52:47 - [TEST_STEP][PASSED] - Statement - counter = counter + 1: null

2018-12-13 14:52:47 - [TEST_STEP][PASSED] - Statement - PreSaveFile = new java.io.File(((pathPrefix + java.lang.Integer.toString(counter)) + .png)): null

2018-12-13 14:52:47 - [TEST_STEP][PASSED] - Statement - counter = counter + 1: null

2018-12-13 14:52:47 - [TEST_STEP][PASSED] - Statement - PreSaveFile = new java.io.File(((pathPrefix + java.lang.Integer.toString(counter)) + .png)): null

2018-12-13 14:52:47 - [TEST_STEP][PASSED] - Statement - counter = counter + 1: null

2018-12-13 14:52:47 - [TEST_STEP][PASSED] - Statement - PreSaveFile = new java.io.File(((pathPrefix + java.lang.Integer.toString(counter)) + .png)): null

2018-12-13 14:52:47 - [TEST_STEP][PASSED] - Statement - counter = counter + 1: null

2018-12-13 14:52:47 - [TEST_STEP][PASSED] - Statement - PreSaveFile = new java.io.File(((pathPrefix + java.lang.Integer.toString(counter)) + .png)): null

2018-12-13 14:52:47 - [TEST_STEP][PASSED] - Statement - counter = counter + 1: null

2018-12-13 14:52:47 - [TEST_STEP][PASSED] - Statement - PreSaveFile = new java.io.File(((pathPrefix + java.lang.Integer.toString(counter)) + .png)): null

2018-12-13 14:52:47 - [TEST_STEP][PASSED] - Statement - counter = counter + 1: null

2018-12-13 14:52:47 - [TEST_STEP][PASSED] - Statement - PreSaveFile = new java.io.File(((pathPrefix + java.lang.Integer.toString(counter)) + .png)): null

2018-12-13 14:52:47 - [TEST_STEP][PASSED] - Statement - counter = counter + 1: null

2018-12-13 14:52:47 - [TEST_STEP][PASSED] - Statement - PreSaveFile = new java.io.File(((pathPrefix + java.lang.Integer.toString(counter)) + .png)): null

2018-12-13 14:52:47 - [TEST_STEP][PASSED] - Statement - counter = counter + 1: null

2018-12-13 14:52:47 - [TEST_STEP][PASSED] - Statement - PreSaveFile = new java.io.File(((pathPrefix + java.lang.Integer.toString(counter)) + .png)): null

2018-12-13 14:52:47 - [TEST_STEP][PASSED] - Statement - counter = counter + 1: null

2018-12-13 14:52:47 - [TEST_STEP][PASSED] - Statement - PreSaveFile = new java.io.File(((pathPrefix + java.lang.Integer.toString(counter)) + .png)): null

2018-12-13 14:52:47 - [TEST_STEP][PASSED] - Statement - counter = counter + 1: null

2018-12-13 14:52:47 - [TEST_STEP][PASSED] - Statement - PreSaveFile = new java.io.File(((pathPrefix + java.lang.Integer.toString(counter)) + .png)): null

2018-12-13 14:52:47 - [TEST_STEP][PASSED] - Statement - counter = counter + 1: null

2018-12-13 14:52:47 - [TEST_STEP][PASSED] - Statement - PreSaveFile = new java.io.File(((pathPrefix + java.lang.Integer.toString(counter)) + .png)): null

2018-12-13 14:52:47 - [TEST_STEP][PASSED] - Statement - counter = counter + 1: null

2018-12-13 14:52:47 - [TEST_STEP][PASSED] - Statement - PreSaveFile = new java.io.File(((pathPrefix + java.lang.Integer.toString(counter)) + .png)): null

2018-12-13 14:52:47 - [TEST_STEP][PASSED] - Statement - counter = counter + 1: null

2018-12-13 14:52:47 - [TEST_STEP][PASSED] - Statement - PreSaveFile = new java.io.File(((pathPrefix + java.lang.Integer.toString(counter)) + .png)): null

2018-12-13 14:52:47 - [TEST_STEP][PASSED] - Statement - counter = counter + 1: null

2018-12-13 14:52:47 - [TEST_STEP][PASSED] - Statement - PreSaveFile = new java.io.File(((pathPrefix + java.lang.Integer.toString(counter)) + .png)): null

2018-12-13 14:52:47 - [TEST_STEP][PASSED] - Statement - counter = counter + 1: null

2018-12-13 14:52:47 - [TEST_STEP][PASSED] - Statement - PreSaveFile = new java.io.File(((pathPrefix + java.lang.Integer.toString(counter)) + .png)): null

2018-12-13 14:52:47 - [TEST_STEP][PASSED] - Statement - counter = counter + 1: null

2018-12-13 14:52:47 - [TEST_STEP][PASSED] - Statement - PreSaveFile = new java.io.File(((pathPrefix + java.lang.Integer.toString(counter)) + .png)): null

2018-12-13 14:52:47 - [TEST_STEP][PASSED] - Statement - counter = counter + 1: null

2018-12-13 14:52:47 - [TEST_STEP][PASSED] - Statement - PreSaveFile = new java.io.File(((pathPrefix + java.lang.Integer.toString(counter)) + .png)): null

2018-12-13 14:52:47 - [TEST_STEP][PASSED] - Statement - counter = counter + 1: null

2018-12-13 14:52:47 - [TEST_STEP][PASSED] - Statement - PreSaveFile = new java.io.File(((pathPrefix + java.lang.Integer.toString(counter)) + .png)): null

2018-12-13 14:52:47 - [TEST_STEP][PASSED] - Statement - counter = counter + 1: null

2018-12-13 14:52:47 - [TEST_STEP][PASSED] - Statement - PreSaveFile = new java.io.File(((pathPrefix + java.lang.Integer.toString(counter)) + .png)): null

2018-12-13 14:52:47 - [TEST_STEP][PASSED] - Statement - counter = counter + 1: null

2018-12-13 14:52:47 - [TEST_STEP][PASSED] - Statement - PreSaveFile = new java.io.File(((pathPrefix + java.lang.Integer.toString(counter)) + .png)): null

2018-12-13 14:52:47 - [TEST_STEP][PASSED] - Statement - counter = counter + 1: null

2018-12-13 14:52:47 - [TEST_STEP][PASSED] - Statement - PreSaveFile = new java.io.File(((pathPrefix + java.lang.Integer.toString(counter)) + .png)): null

2018-12-13 14:52:47 - [TEST_STEP][PASSED] - Statement - counter = counter + 1: null

2018-12-13 14:52:47 - [TEST_STEP][PASSED] - Statement - PreSaveFile = new java.io.File(((pathPrefix + java.lang.Integer.toString(counter)) + .png)): null

2018-12-13 14:52:47 - [TEST_STEP][PASSED] - Statement - counter = counter + 1: null

2018-12-13 14:52:47 - [TEST_STEP][PASSED] - Statement - PreSaveFile = new java.io.File(((pathPrefix + java.lang.Integer.toString(counter)) + .png)): null

2018-12-13 14:52:47 - [TEST_STEP][PASSED] - Statement - counter = counter + 1: null

2018-12-13 14:52:47 - [TEST_STEP][PASSED] - Statement - PreSaveFile = new java.io.File(((pathPrefix + java.lang.Integer.toString(counter)) + .png)): null

2018-12-13 14:52:47 - [TEST_STEP][PASSED] - Statement - counter = counter + 1: null

2018-12-13 14:52:47 - [TEST_STEP][PASSED] - Statement - PreSaveFile = new java.io.File(((pathPrefix + java.lang.Integer.toString(counter)) + .png)): null

2018-12-13 14:52:47 - [TEST_STEP][PASSED] - Statement - counter = counter + 1: null

2018-12-13 14:52:47 - [TEST_STEP][PASSED] - Statement - PreSaveFile = new java.io.File(((pathPrefix + java.lang.Integer.toString(counter)) + .png)): null

2018-12-13 14:52:47 - [TEST_STEP][PASSED] - Statement - counter = counter + 1: null

2018-12-13 14:52:47 - [TEST_STEP][PASSED] - Statement - PreSaveFile = new java.io.File(((pathPrefix + java.lang.Integer.toString(counter)) + .png)): null

2018-12-13 14:52:47 - [TEST_STEP][PASSED] - Statement - counter = counter + 1: null

2018-12-13 14:52:47 - [TEST_STEP][PASSED] - Statement - PreSaveFile = new java.io.File(((pathPrefix + java.lang.Integer.toString(counter)) + .png)): null

2018-12-13 14:52:47 - [TEST_STEP][PASSED] - Statement - counter = counter + 1: null

2018-12-13 14:52:47 - [TEST_STEP][PASSED] - Statement - PreSaveFile = new java.io.File(((pathPrefix + java.lang.Integer.toString(counter)) + .png)): null

2018-12-13 14:52:47 - [TEST_STEP][PASSED] - Statement - counter = counter + 1: null

2018-12-13 14:52:47 - [TEST_STEP][PASSED] - Statement - PreSaveFile = new java.io.File(((pathPrefix + java.lang.Integer.toString(counter)) + .png)): null

2018-12-13 14:52:47 - [TEST_STEP][PASSED] - Statement - counter = counter + 1: null

2018-12-13 14:52:47 - [TEST_STEP][PASSED] - Statement - PreSaveFile = new java.io.File(((pathPrefix + java.lang.Integer.toString(counter)) + .png)): null

2018-12-13 14:52:47 - [TEST_STEP][PASSED] - Statement - counter = counter + 1: null

2018-12-13 14:52:47 - [TEST_STEP][PASSED] - Statement - PreSaveFile = new java.io.File(((pathPrefix + java.lang.Integer.toString(counter)) + .png)): null

2018-12-13 14:52:47 - [TEST_STEP][PASSED] - Statement - counter = counter + 1: null

2018-12-13 14:52:47 - [TEST_STEP][PASSED] - Statement - PreSaveFile = new java.io.File(((pathPrefix + java.lang.Integer.toString(counter)) + .png)): null

2018-12-13 14:52:47 - [TEST_STEP][PASSED] - Statement - counter = counter + 1: null

2018-12-13 14:52:47 - [TEST_STEP][PASSED] - Statement - PreSaveFile = new java.io.File(((pathPrefix + java.lang.Integer.toString(counter)) + .png)): null

2018-12-13 14:52:47 - [TEST_STEP][PASSED] - Statement - counter = counter + 1: null

2018-12-13 14:52:47 - [TEST_STEP][PASSED] - Statement - PreSaveFile = new java.io.File(((pathPrefix + java.lang.Integer.toString(counter)) + .png)): null

2018-12-13 14:52:47 - [TEST_STEP][PASSED] - Statement - counter = counter + 1: null

2018-12-13 14:52:47 - [TEST_STEP][PASSED] - Statement - PreSaveFile = new java.io.File(((pathPrefix + java.lang.Integer.toString(counter)) + .png)): null

2018-12-13 14:52:47 - [TEST_STEP][PASSED] - Statement - counter = counter + 1: null

2018-12-13 14:52:47 - [TEST_STEP][PASSED] - Statement - PreSaveFile = new java.io.File(((pathPrefix + java.lang.Integer.toString(counter)) + .png)): null

2018-12-13 14:52:47 - [TEST_STEP][PASSED] - Statement - counter = counter + 1: null

2018-12-13 14:52:47 - [TEST_STEP][PASSED] - Statement - PreSaveFile = new java.io.File(((pathPrefix + java.lang.Integer.toString(counter)) + .png)): null

2018-12-13 14:52:47 - [TEST_STEP][PASSED] - Statement - counter = counter + 1: null

2018-12-13 14:52:47 - [TEST_STEP][PASSED] - Statement - PreSaveFile = new java.io.File(((pathPrefix + java.lang.Integer.toString(counter)) + .png)): null

2018-12-13 14:52:47 - [TEST_STEP][PASSED] - Statement - counter = counter + 1: null

2018-12-13 14:52:47 - [TEST_STEP][PASSED] - Statement - PreSaveFile = new java.io.File(((pathPrefix + java.lang.Integer.toString(counter)) + .png)): null

2018-12-13 14:52:47 - [TEST_STEP][PASSED] - Statement - counter = counter + 1: null

2018-12-13 14:52:47 - [TEST_STEP][PASSED] - Statement - PreSaveFile = new java.io.File(((pathPrefix + java.lang.Integer.toString(counter)) + .png)): null

2018-12-13 14:52:47 - [TEST_STEP][PASSED] - Statement - counter = counter + 1: null

2018-12-13 14:52:47 - [TEST_STEP][PASSED] - Statement - PreSaveFile = new java.io.File(((pathPrefix + java.lang.Integer.toString(counter)) + .png)): null

2018-12-13 14:52:47 - [TEST_STEP][PASSED] - Statement - counter = counter + 1: null

2018-12-13 14:52:47 - [TEST_STEP][PASSED] - Statement - PreSaveFile = new java.io.File(((pathPrefix + java.lang.Integer.toString(counter)) + .png)): null

2018-12-13 14:52:47 - [TEST_STEP][PASSED] - Statement - counter = counter + 1: null

2018-12-13 14:52:47 - [TEST_STEP][PASSED] - Statement - PreSaveFile = new java.io.File(((pathPrefix + java.lang.Integer.toString(counter)) + .png)): null

2018-12-13 14:52:47 - [TEST_STEP][PASSED] - Statement - counter = counter + 1: null

2018-12-13 14:52:47 - [TEST_STEP][PASSED] - Statement - PreSaveFile = new java.io.File(((pathPrefix + java.lang.Integer.toString(counter)) + .png)): null

2018-12-13 14:52:47 - [TEST_STEP][PASSED] - Statement - counter = counter + 1: null

2018-12-13 14:52:47 - [TEST_STEP][PASSED] - Statement - PreSaveFile = new java.io.File(((pathPrefix + java.lang.Integer.toString(counter)) + .png)): null

2018-12-13 14:52:47 - [TEST_STEP][PASSED] - Statement - counter = counter + 1: null

2018-12-13 14:52:47 - [TEST_STEP][PASSED] - Statement - PreSaveFile = new java.io.File(((pathPrefix + java.lang.Integer.toString(counter)) + .png)): null

2018-12-13 14:52:47 - [TEST_STEP][PASSED] - Statement - counter = counter + 1: null

2018-12-13 14:52:47 - [TEST_STEP][PASSED] - Statement - PreSaveFile = new java.io.File(((pathPrefix + java.lang.Integer.toString(counter)) + .png)): null

2018-12-13 14:52:47 - [TEST_STEP][PASSED] - Statement - counter = counter + 1: null

2018-12-13 14:52:47 - [TEST_STEP][PASSED] - Statement - PreSaveFile = new java.io.File(((pathPrefix + java.lang.Integer.toString(counter)) + .png)): null

2018-12-13 14:52:47 - [TEST_STEP][PASSED] - Statement - counter = counter + 1: null

2018-12-13 14:52:47 - [TEST_STEP][PASSED] - Statement - PreSaveFile = new java.io.File(((pathPrefix + java.lang.Integer.toString(counter)) + .png)): null

2018-12-13 14:52:47 - [TEST_STEP][PASSED] - Statement - counter = counter + 1: null

2018-12-13 14:52:47 - [TEST_STEP][PASSED] - Statement - PreSaveFile = new java.io.File(((pathPrefix + java.lang.Integer.toString(counter)) + .png)): null

2018-12-13 14:52:47 - [TEST_STEP][PASSED] - Statement - counter = counter + 1: null

2018-12-13 14:52:47 - [TEST_STEP][PASSED] - Statement - PreSaveFile = new java.io.File(((pathPrefix + java.lang.Integer.toString(counter)) + .png)): null

2018-12-13 14:52:47 - [TEST_STEP][PASSED] - Statement - counter = counter + 1: null

2018-12-13 14:52:47 - [TEST_STEP][PASSED] - Statement - PreSaveFile = new java.io.File(((pathPrefix + java.lang.Integer.toString(counter)) + .png)): null

2018-12-13 14:52:47 - [TEST_STEP][PASSED] - Statement - counter = counter + 1: null

2018-12-13 14:52:47 - [TEST_STEP][PASSED] - Statement - PreSaveFile = new java.io.File(((pathPrefix + java.lang.Integer.toString(counter)) + .png)): null

2018-12-13 14:52:47 - [TEST_STEP][PASSED] - Statement - counter = counter + 1: null

2018-12-13 14:52:47 - [TEST_STEP][PASSED] - Statement - PreSaveFile = new java.io.File(((pathPrefix + java.lang.Integer.toString(counter)) + .png)): null

2018-12-13 14:52:47 - [TEST_STEP][PASSED] - Statement - counter = counter + 1: null

2018-12-13 14:52:47 - [TEST_STEP][PASSED] - Statement - PreSaveFile = new java.io.File(((pathPrefix + java.lang.Integer.toString(counter)) + .png)): null

2018-12-13 14:52:47 - [TEST_STEP][PASSED] - Statement - counter = counter + 1: null

2018-12-13 14:52:47 - [TEST_STEP][PASSED] - Statement - PreSaveFile = new java.io.File(((pathPrefix + java.lang.Integer.toString(counter)) + .png)): null

2018-12-13 14:52:47 - [TEST_STEP][PASSED] - Statement - counter = counter + 1: null

2018-12-13 14:52:47 - [TEST_STEP][PASSED] - Statement - PreSaveFile = new java.io.File(((pathPrefix + java.lang.Integer.toString(counter)) + .png)): null

2018-12-13 14:52:47 - [TEST_STEP][PASSED] - Statement - counter = counter + 1: null

2018-12-13 14:52:47 - [TEST_STEP][PASSED] - Statement - PreSaveFile = new java.io.File(((pathPrefix + java.lang.Integer.toString(counter)) + .png)): null

2018-12-13 14:52:47 - [TEST_STEP][PASSED] - Statement - counter = counter + 1: null

2018-12-13 14:52:47 - [TEST_STEP][PASSED] - Statement - PreSaveFile = new java.io.File(((pathPrefix + java.lang.Integer.toString(counter)) + .png)): null

2018-12-13 14:52:47 - [TEST_STEP][PASSED] - Statement - counter = counter + 1: null

2018-12-13 14:52:47 - [TEST_STEP][PASSED] - Statement - PreSaveFile = new java.io.File(((pathPrefix + java.lang.Integer.toString(counter)) + .png)): null

2018-12-13 14:52:47 - [TEST_STEP][PASSED] - Statement - counter = counter + 1: null

2018-12-13 14:52:47 - [TEST_STEP][PASSED] - Statement - PreSaveFile = new java.io.File(((pathPrefix + java.lang.Integer.toString(counter)) + .png)): null

2018-12-13 14:52:47 - [TEST_STEP][PASSED] - Statement - counter = counter + 1: null

2018-12-13 14:52:47 - [TEST_STEP][PASSED] - Statement - PreSaveFile = new java.io.File(((pathPrefix + java.lang.Integer.toString(counter)) + .png)): null

2018-12-13 14:52:47 - [TEST_STEP][PASSED] - Statement - counter = counter + 1: null

2018-12-13 14:52:47 - [TEST_STEP][PASSED] - Statement - PreSaveFile = new java.io.File(((pathPrefix + java.lang.Integer.toString(counter)) + .png)): null

2018-12-13 14:52:47 - [TEST_STEP][PASSED] - Statement - counter = counter + 1: null

2018-12-13 14:52:47 - [TEST_STEP][PASSED] - Statement - PreSaveFile = new java.io.File(((pathPrefix + java.lang.Integer.toString(counter)) + .png)): null

2018-12-13 14:52:47 - [TEST_STEP][PASSED] - Statement - counter = counter + 1: null

2018-12-13 14:52:47 - [TEST_STEP][PASSED] - Statement - PreSaveFile = new java.io.File(((pathPrefix + java.lang.Integer.toString(counter)) + .png)): null

2018-12-13 14:52:47 - [TEST_STEP][PASSED] - Statement - counter = counter + 1: null

2018-12-13 14:52:47 - [TEST_STEP][PASSED] - Statement - PreSaveFile = new java.io.File(((pathPrefix + java.lang.Integer.toString(counter)) + .png)): null

2018-12-13 14:52:47 - [TEST_STEP][PASSED] - Statement - counter = counter + 1: null

2018-12-13 14:52:47 - [TEST_STEP][PASSED] - Statement - PreSaveFile = new java.io.File(((pathPrefix + java.lang.Integer.toString(counter)) + .png)): null

2018-12-13 14:52:47 - [TEST_STEP][PASSED] - Statement - counter = counter + 1: null

2018-12-13 14:52:47 - [TEST_STEP][PASSED] - Statement - PreSaveFile = new java.io.File(((pathPrefix + java.lang.Integer.toString(counter)) + .png)): null

2018-12-13 14:52:47 - [TEST_STEP][PASSED] - Statement - counter = counter + 1: null

2018-12-13 14:52:47 - [TEST_STEP][PASSED] - Statement - PreSaveFile = new java.io.File(((pathPrefix + java.lang.Integer.toString(counter)) + .png)): null

2018-12-13 14:52:47 - [TEST_STEP][PASSED] - Statement - counter = counter + 1: null

2018-12-13 14:52:47 - [TEST_STEP][PASSED] - Statement - PreSaveFile = new java.io.File(((pathPrefix + java.lang.Integer.toString(counter)) + .png)): null

2018-12-13 14:52:47 - [TEST_STEP][PASSED] - Statement - counter = counter + 1: null

2018-12-13 14:52:47 - [TEST_STEP][PASSED] - Statement - PreSaveFile = new java.io.File(((pathPrefix + java.lang.Integer.toString(counter)) + .png)): null

2018-12-13 14:52:47 - [TEST_STEP][PASSED] - Statement - counter = counter + 1: null

2018-12-13 14:52:47 - [TEST_STEP][PASSED] - Statement - PreSaveFile = new java.io.File(((pathPrefix + java.lang.Integer.toString(counter)) + .png)): null

2018-12-13 14:52:47 - [TEST_STEP][PASSED] - Statement - counter = counter + 1: null

2018-12-13 14:52:47 - [TEST_STEP][PASSED] - Statement - PreSaveFile = new java.io.File(((pathPrefix + java.lang.Integer.toString(counter)) + .png)): null

2018-12-13 14:52:47 - [TEST_STEP][PASSED] - Statement - counter = counter + 1: null

2018-12-13 14:52:47 - [TEST_STEP][PASSED] - Statement - PreSaveFile = new java.io.File(((pathPrefix + java.lang.Integer.toString(counter)) + .png)): null

2018-12-13 14:52:47 - [TEST_STEP][PASSED] - Statement - counter = counter + 1: null

2018-12-13 14:52:47 - [TEST_STEP][PASSED] - Statement - PreSaveFile = new java.io.File(((pathPrefix + java.lang.Integer.toString(counter)) + .png)): null

2018-12-13 14:52:47 - [TEST_STEP][PASSED] - Statement - counter = counter + 1: null

2018-12-13 14:52:47 - [TEST_STEP][PASSED] - Statement - PreSaveFile = new java.io.File(((pathPrefix + java.lang.Integer.toString(counter)) + .png)): null

2018-12-13 14:52:47 - [TEST_STEP][PASSED] - Statement - counter = counter + 1: null

2018-12-13 14:52:47 - [TEST_STEP][PASSED] - Statement - PreSaveFile = new java.io.File(((pathPrefix + java.lang.Integer.toString(counter)) + .png)): null

2018-12-13 14:52:47 - [TEST_STEP][PASSED] - Statement - counter = counter + 1: null

2018-12-13 14:52:47 - [TEST_STEP][PASSED] - Statement - PreSaveFile = new java.io.File(((pathPrefix + java.lang.Integer.toString(counter)) + .png)): null

2018-12-13 14:52:47 - [TEST_STEP][PASSED] - Statement - counter = counter + 1: null

2018-12-13 14:52:47 - [TEST_STEP][PASSED] - Statement - PreSaveFile = new java.io.File(((pathPrefix + java.lang.Integer.toString(counter)) + .png)): null

2018-12-13 14:52:47 - [TEST_STEP][PASSED] - Statement - counter = counter + 1: null

2018-12-13 14:52:47 - [TEST_STEP][PASSED] - Statement - PreSaveFile = new java.io.File(((pathPrefix + java.lang.Integer.toString(counter)) + .png)): null

2018-12-13 14:52:47 - [TEST_STEP][PASSED] - Statement - counter = counter + 1: null

2018-12-13 14:52:47 - [TEST_STEP][PASSED] - Statement - PreSaveFile = new java.io.File(((pathPrefix + java.lang.Integer.toString(counter)) + .png)): null

2018-12-13 14:52:47 - [TEST_STEP][PASSED] - Statement - counter = counter + 1: null

2018-12-13 14:52:47 - [TEST_STEP][PASSED] - Statement - PreSaveFile = new java.io.File(((pathPrefix + java.lang.Integer.toString(counter)) + .png)): null

2018-12-13 14:52:47 - [TEST_STEP][PASSED] - Statement - counter = counter + 1: null

2018-12-13 14:52:47 - [TEST_STEP][PASSED] - Statement - PreSaveFile = new java.io.File(((pathPrefix + java.lang.Integer.toString(counter)) + .png)): null

2018-12-13 14:52:47 - [TEST_STEP][PASSED] - Statement - counter = counter + 1: null

2018-12-13 14:52:47 - [TEST_STEP][PASSED] - Statement - PreSaveFile = new java.io.File(((pathPrefix + java.lang.Integer.toString(counter)) + .png)): null

2018-12-13 14:52:47 - [TEST_STEP][PASSED] - Statement - counter = counter + 1: null

2018-12-13 14:52:47 - [TEST_STEP][PASSED] - Statement - PreSaveFile = new java.io.File(((pathPrefix + java.lang.Integer.toString(counter)) + .png)): null

2018-12-13 14:52:47 - [TEST_STEP][PASSED] - Statement - counter = counter + 1: null

2018-12-13 14:52:47 - [TEST_STEP][PASSED] - Statement - PreSaveFile = new java.io.File(((pathPrefix + java.lang.Integer.toString(counter)) + .png)): null

2018-12-13 14:52:47 - [TEST_STEP][PASSED] - Statement - counter = counter + 1: null

2018-12-13 14:52:47 - [TEST_STEP][PASSED] - Statement - PreSaveFile = new java.io.File(((pathPrefix + java.lang.Integer.toString(counter)) + .png)): null

2018-12-13 14:52:47 - [TEST_STEP][PASSED] - Statement - counter = counter + 1: null

2018-12-13 14:52:47 - [TEST_STEP][PASSED] - Statement - PreSaveFile = new java.io.File(((pathPrefix + java.lang.Integer.toString(counter)) + .png)): null

2018-12-13 14:52:47 - [TEST_STEP][PASSED] - Statement - counter = counter + 1: null

2018-12-13 14:52:47 - [TEST_STEP][PASSED] - Statement - PreSaveFile = new java.io.File(((pathPrefix + java.lang.Integer.toString(counter)) + .png)): null

2018-12-13 14:52:47 - [TEST_STEP][PASSED] - Statement - counter = counter + 1: null

2018-12-13 14:52:47 - [TEST_STEP][PASSED] - Statement - PreSaveFile = new java.io.File(((pathPrefix + java.lang.Integer.toString(counter)) + .png)): null

2018-12-13 14:52:47 - [TEST_STEP][PASSED] - Statement - counter = counter + 1: null

2018-12-13 14:52:47 - [TEST_STEP][PASSED] - Statement - PreSaveFile = new java.io.File(((pathPrefix + java.lang.Integer.toString(counter)) + .png)): null

2018-12-13 14:52:47 - [TEST_STEP][PASSED] - Statement - counter = counter + 1: null

2018-12-13 14:52:47 - [TEST_STEP][PASSED] - Statement - PreSaveFile = new java.io.File(((pathPrefix + java.lang.Integer.toString(counter)) + .png)): null

2018-12-13 14:52:47 - [TEST_STEP][PASSED] - Statement - counter = counter + 1: null

2018-12-13 14:52:47 - [TEST_STEP][PASSED] - Statement - PreSaveFile = new java.io.File(((pathPrefix + java.lang.Integer.toString(counter)) + .png)): null

2018-12-13 14:52:47 - [TEST_STEP][PASSED] - Statement - counter = counter + 1: null

2018-12-13 14:52:47 - [TEST_STEP][PASSED] - Statement - PreSaveFile = new java.io.File(((pathPrefix + java.lang.Integer.toString(counter)) + .png)): null

2018-12-13 14:52:47 - [TEST_STEP][PASSED] - Statement - counter = counter + 1: null

2018-12-13 14:52:47 - [TEST_STEP][PASSED] - Statement - PreSaveFile = new java.io.File(((pathPrefix + java.lang.Integer.toString(counter)) + .png)): null

2018-12-13 14:52:47 - [TEST_STEP][PASSED] - Statement - counter = counter + 1: null

2018-12-13 14:52:47 - [TEST_STEP][PASSED] - Statement - PreSaveFile = new java.io.File(((pathPrefix + java.lang.Integer.toString(counter)) + .png)): null

2018-12-13 14:52:47 - [TEST_STEP][PASSED] - Statement - counter = counter + 1: null

2018-12-13 14:52:47 - [TEST_STEP][PASSED] - Statement - PreSaveFile = new java.io.File(((pathPrefix + java.lang.Integer.toString(counter)) + .png)): null

2018-12-13 14:52:47 - [TEST_STEP][PASSED] - Statement - counter = counter + 1: null

2018-12-13 14:52:47 - [TEST_STEP][PASSED] - Statement - PreSaveFile = new java.io.File(((pathPrefix + java.lang.Integer.toString(counter)) + .png)): null

2018-12-13 14:52:47 - [TEST_STEP][PASSED] - Statement - counter = counter + 1: null

2018-12-13 14:52:47 - [TEST_STEP][PASSED] - Statement - PreSaveFile = new java.io.File(((pathPrefix + java.lang.Integer.toString(counter)) + .png)): null

2018-12-13 14:52:47 - [TEST_STEP][PASSED] - Statement - counter = counter + 1: null

2018-12-13 14:52:47 - [TEST_STEP][PASSED] - Statement - PreSaveFile = new java.io.File(((pathPrefix + java.lang.Integer.toString(counter)) + .png)): null

2018-12-13 14:52:47 - [TEST_STEP][PASSED] - Statement - counter = counter + 1: null

2018-12-13 14:52:47 - [TEST_STEP][PASSED] - Statement - PreSaveFile = new java.io.File(((pathPrefix + java.lang.Integer.toString(counter)) + .png)): null

2018-12-13 14:52:47 - [TEST_STEP][PASSED] - Statement - counter = counter + 1: null

2018-12-13 14:52:47 - [TEST_STEP][PASSED] - Statement - PreSaveFile = new java.io.File(((pathPrefix + java.lang.Integer.toString(counter)) + .png)): null

2018-12-13 14:52:47 - [TEST_STEP][PASSED] - Statement - counter = counter + 1: null

2018-12-13 14:52:47 - [TEST_STEP][PASSED] - Statement - PreSaveFile = new java.io.File(((pathPrefix + java.lang.Integer.toString(counter)) + .png)): null

2018-12-13 14:52:47 - [TEST_STEP][PASSED] - Statement - counter = counter + 1: null

2018-12-13 14:52:47 - [TEST_STEP][PASSED] - Statement - PreSaveFile = new java.io.File(((pathPrefix + java.lang.Integer.toString(counter)) + .png)): null

2018-12-13 14:52:47 - [TEST_STEP][PASSED] - Statement - counter = counter + 1: null

2018-12-13 14:52:47 - [TEST_STEP][PASSED] - Statement - PreSaveFile = new java.io.File(((pathPrefix + java.lang.Integer.toString(counter)) + .png)): null

2018-12-13 14:52:47 - [TEST_STEP][PASSED] - Statement - counter = counter + 1: null

2018-12-13 14:52:47 - [TEST_STEP][PASSED] - Statement - PreSaveFile = new java.io.File(((pathPrefix + java.lang.Integer.toString(counter)) + .png)): null

2018-12-13 14:52:47 - [TEST_STEP][PASSED] - Statement - counter = counter + 1: null

2018-12-13 14:52:47 - [TEST_STEP][PASSED] - Statement - PreSaveFile = new java.io.File(((pathPrefix + java.lang.Integer.toString(counter)) + .png)): null

2018-12-13 14:52:47 - [TEST_STEP][PASSED] - Statement - counter = counter + 1: null

2018-12-13 14:52:47 - [TEST_STEP][PASSED] - Statement - PreSaveFile = new java.io.File(((pathPrefix + java.lang.Integer.toString(counter)) + .png)): null

2018-12-13 14:52:47 - [TEST_STEP][PASSED] - Statement - counter = counter + 1: null

2018-12-13 14:52:47 - [TEST_STEP][PASSED] - Statement - PreSaveFile = new java.io.File(((pathPrefix + java.lang.Integer.toString(counter)) + .png)): null

2018-12-13 14:52:47 - [TEST_STEP][PASSED] - Statement - counter = counter + 1: null

2018-12-13 14:52:47 - [TEST_STEP][PASSED] - Statement - PreSaveFile = new java.io.File(((pathPrefix + java.lang.Integer.toString(counter)) + .png)): null

2018-12-13 14:52:47 - [TEST_STEP][PASSED] - Statement - counter = counter + 1: null

2018-12-13 14:52:47 - [TEST_STEP][PASSED] - Statement - PreSaveFile = new java.io.File(((pathPrefix + java.lang.Integer.toString(counter)) + .png)): null

2018-12-13 14:52:47 - [TEST_STEP][PASSED] - Statement - counter = counter + 1: null

2018-12-13 14:52:47 - [TEST_STEP][PASSED] - Statement - PreSaveFile = new java.io.File(((pathPrefix + java.lang.Integer.toString(counter)) + .png)): null

2018-12-13 14:52:47 - [TEST_STEP][PASSED] - Statement - counter = counter + 1: null

2018-12-13 14:52:47 - [TEST_STEP][PASSED] - Statement - PreSaveFile = new java.io.File(((pathPrefix + java.lang.Integer.toString(counter)) + .png)): null

2018-12-13 14:52:47 - [TEST_STEP][PASSED] - Statement - counter = counter + 1: null

2018-12-13 14:52:47 - [TEST_STEP][PASSED] - Statement - PreSaveFile = new java.io.File(((pathPrefix + java.lang.Integer.toString(counter)) + .png)): null

2018-12-13 14:52:47 - [TEST_STEP][PASSED] - Statement - counter = counter + 1: null

2018-12-13 14:52:47 - [TEST_STEP][PASSED] - Statement - PreSaveFile = new java.io.File(((pathPrefix + java.lang.Integer.toString(counter)) + .png)): null

2018-12-13 14:52:47 - [TEST_STEP][PASSED] - Statement - counter = counter + 1: null

2018-12-13 14:52:47 - [TEST_STEP][PASSED] - Statement - PreSaveFile = new java.io.File(((pathPrefix + java.lang.Integer.toString(counter)) + .png)): null

2018-12-13 14:52:47 - [TEST_STEP][PASSED] - Statement - counter = counter + 1: null

2018-12-13 14:52:47 - [TEST_STEP][PASSED] - Statement - PreSaveFile = new java.io.File(((pathPrefix + java.lang.Integer.toString(counter)) + .png)): null

2018-12-13 14:52:47 - [TEST_STEP][PASSED] - Statement - counter = counter + 1: null

2018-12-13 14:52:47 - [TEST_STEP][PASSED] - Statement - PreSaveFile = new java.io.File(((pathPrefix + java.lang.Integer.toString(counter)) + .png)): null

2018-12-13 14:52:47 - [TEST_STEP][PASSED] - Statement - counter = counter + 1: null

2018-12-13 14:52:47 - [TEST_STEP][PASSED] - Statement - PreSaveFile = new java.io.File(((pathPrefix + java.lang.Integer.toString(counter)) + .png)): null

2018-12-13 14:52:47 - [TEST_STEP][PASSED] - Statement - counter = counter + 1: null

2018-12-13 14:52:47 - [TEST_STEP][PASSED] - Statement - PreSaveFile = new java.io.File(((pathPrefix + java.lang.Integer.toString(counter)) + .png)): null

2018-12-13 14:52:47 - [TEST_STEP][PASSED] - Statement - counter = counter + 1: null

2018-12-13 14:52:47 - [TEST_STEP][PASSED] - Statement - PreSaveFile = new java.io.File(((pathPrefix + java.lang.Integer.toString(counter)) + .png)): null

2018-12-13 14:52:47 - [TEST_STEP][PASSED] - Statement - counter = counter + 1: null

2018-12-13 14:52:47 - [TEST_STEP][PASSED] - Statement - PreSaveFile = new java.io.File(((pathPrefix + java.lang.Integer.toString(counter)) + .png)): null

2018-12-13 14:52:47 - [TEST_STEP][PASSED] - Statement - counter = counter + 1: null

2018-12-13 14:52:47 - [TEST_STEP][PASSED] - Statement - PreSaveFile = new java.io.File(((pathPrefix + java.lang.Integer.toString(counter)) + .png)): null

2018-12-13 14:52:47 - [TEST_STEP][PASSED] - Statement - counter = counter + 1: null

2018-12-13 14:52:47 - [TEST_STEP][PASSED] - Statement - PreSaveFile = new java.io.File(((pathPrefix + java.lang.Integer.toString(counter)) + .png)): null

2018-12-13 14:52:47 - [TEST_STEP][PASSED] - Statement - counter = counter + 1: null

2018-12-13 14:52:47 - [TEST_STEP][PASSED] - Statement - PreSaveFile = new java.io.File(((pathPrefix + java.lang.Integer.toString(counter)) + .png)): null

2018-12-13 14:52:47 - [TEST_STEP][PASSED] - Statement - counter = counter + 1: null

2018-12-13 14:52:47 - [TEST_STEP][PASSED] - Statement - PreSaveFile = new java.io.File(((pathPrefix + java.lang.Integer.toString(counter)) + .png)): null

2018-12-13 14:52:47 - [TEST_STEP][PASSED] - Statement - counter = counter + 1: null

2018-12-13 14:52:47 - [TEST_STEP][PASSED] - Statement - PreSaveFile = new java.io.File(((pathPrefix + java.lang.Integer.toString(counter)) + .png)): null

2018-12-13 14:52:47 - [TEST_STEP][PASSED] - Statement - counter = counter + 1: null

2018-12-13 14:52:47 - [TEST_STEP][PASSED] - Statement - PreSaveFile = new java.io.File(((pathPrefix + java.lang.Integer.toString(counter)) + .png)): null

2018-12-13 14:52:47 - [TEST_STEP][PASSED] - Statement - counter = counter + 1: null

2018-12-13 14:52:47 - [TEST_STEP][PASSED] - Statement - PreSaveFile = new java.io.File(((pathPrefix + java.lang.Integer.toString(counter)) + .png)): null

2018-12-13 14:52:47 - [TEST_STEP][PASSED] - Statement - counter = counter + 1: null

2018-12-13 14:52:47 - [TEST_STEP][PASSED] - Statement - PreSaveFile = new java.io.File(((pathPrefix + java.lang.Integer.toString(counter)) + .png)): null

2018-12-13 14:52:47 - [TEST_STEP][PASSED] - Statement - counter = counter + 1: null

2018-12-13 14:52:47 - [TEST_STEP][PASSED] - Statement - PreSaveFile = new java.io.File(((pathPrefix + java.lang.Integer.toString(counter)) + .png)): null

2018-12-13 14:52:47 - [TEST_STEP][PASSED] - Statement - counter = counter + 1: null

2018-12-13 14:52:47 - [TEST_STEP][PASSED] - Statement - PreSaveFile = new java.io.File(((pathPrefix + java.lang.Integer.toString(counter)) + .png)): null

2018-12-13 14:52:47 - [TEST_STEP][PASSED] - Statement - counter = counter + 1: null

2018-12-13 14:52:47 - [TEST_STEP][PASSED] - Statement - PreSaveFile = new java.io.File(((pathPrefix + java.lang.Integer.toString(counter)) + .png)): null

2018-12-13 14:52:47 - [TEST_STEP][PASSED] - Statement - counter = counter + 1: null

2018-12-13 14:52:47 - [TEST_STEP][PASSED] - Statement - PreSaveFile = new java.io.File(((pathPrefix + java.lang.Integer.toString(counter)) + .png)): null

2018-12-13 14:52:47 - [TEST_STEP][PASSED] - Statement - counter = counter + 1: null

2018-12-13 14:52:47 - [TEST_STEP][PASSED] - Statement - PreSaveFile = new java.io.File(((pathPrefix + java.lang.Integer.toString(counter)) + .png)): null

2018-12-13 14:52:47 - [TEST_STEP][PASSED] - Statement - counter = counter + 1: null

2018-12-13 14:52:47 - [TEST_STEP][PASSED] - Statement - PreSaveFile = new java.io.File(((pathPrefix + java.lang.Integer.toString(counter)) + .png)): null

2018-12-13 14:52:47 - [TEST_STEP][PASSED] - Statement - counter = counter + 1: null

2018-12-13 14:52:47 - [TEST_STEP][PASSED] - Statement - PreSaveFile = new java.io.File(((pathPrefix + java.lang.Integer.toString(counter)) + .png)): null

2018-12-13 14:52:47 - [TEST_STEP][PASSED] - Statement - counter = counter + 1: null

2018-12-13 14:52:47 - [TEST_STEP][PASSED] - Statement - PreSaveFile = new java.io.File(((pathPrefix + java.lang.Integer.toString(counter)) + .png)): null

2018-12-13 14:52:47 - [TEST_STEP][PASSED] - Statement - counter = counter + 1: null

2018-12-13 14:52:47 - [TEST_STEP][PASSED] - Statement - PreSaveFile = new java.io.File(((pathPrefix + java.lang.Integer.toString(counter)) + .png)): null

2018-12-13 14:52:47 - [TEST_STEP][PASSED] - Statement - counter = counter + 1: null

2018-12-13 14:52:47 - [TEST_STEP][PASSED] - Statement - PreSaveFile = new java.io.File(((pathPrefix + java.lang.Integer.toString(counter)) + .png)): null

2018-12-13 14:52:47 - [TEST_STEP][PASSED] - Statement - counter = counter + 1: null

2018-12-13 14:52:47 - [TEST_STEP][PASSED] - Statement - PreSaveFile = new java.io.File(((pathPrefix + java.lang.Integer.toString(counter)) + .png)): null

2018-12-13 14:52:47 - [TEST_STEP][PASSED] - Statement - counter = counter + 1: null

2018-12-13 14:52:47 - [TEST_STEP][PASSED] - Statement - PreSaveFile = new java.io.File(((pathPrefix + java.lang.Integer.toString(counter)) + .png)): null

2018-12-13 14:52:47 - [TEST_STEP][PASSED] - Statement - counter = counter + 1: null

2018-12-13 14:52:47 - [TEST_STEP][PASSED] - Statement - PreSaveFile = new java.io.File(((pathPrefix + java.lang.Integer.toString(counter)) + .png)): null

2018-12-13 14:52:47 - [TEST_STEP][PASSED] - Statement - counter = counter + 1: null

2018-12-13 14:52:47 - [TEST_STEP][PASSED] - Statement - PreSaveFile = new java.io.File(((pathPrefix + java.lang.Integer.toString(counter)) + .png)): null

2018-12-13 14:52:47 - [TEST_STEP][PASSED] - Statement - counter = counter + 1: null

2018-12-13 14:52:47 - [TEST_STEP][PASSED] - Statement - PreSaveFile = new java.io.File(((pathPrefix + java.lang.Integer.toString(counter)) + .png)): null

2018-12-13 14:52:47 - [TEST_STEP][PASSED] - Statement - counter = counter + 1: null

2018-12-13 14:52:47 - [TEST_STEP][PASSED] - Statement - PreSaveFile = new java.io.File(((pathPrefix + java.lang.Integer.toString(counter)) + .png)): null

2018-12-13 14:52:47 - [TEST_STEP][PASSED] - Statement - counter = counter + 1: null

2018-12-13 14:52:47 - [TEST_STEP][PASSED] - Statement - PreSaveFile = new java.io.File(((pathPrefix + java.lang.Integer.toString(counter)) + .png)): null

2018-12-13 14:52:47 - [TEST_STEP][PASSED] - Statement - counter = counter + 1: null

2018-12-13 14:52:47 - [TEST_STEP][PASSED] - Statement - PreSaveFile = new java.io.File(((pathPrefix + java.lang.Integer.toString(counter)) + .png)): null

2018-12-13 14:52:47 - [TEST_STEP][PASSED] - Statement - counter = counter + 1: null

2018-12-13 14:52:47 - [TEST_STEP][PASSED] - Statement - PreSaveFile = new java.io.File(((pathPrefix + java.lang.Integer.toString(counter)) + .png)): null

2018-12-13 14:52:47 - [TEST_STEP][PASSED] - Statement - counter = counter + 1: null

2018-12-13 14:52:47 - [TEST_STEP][PASSED] - Statement - PreSaveFile = new java.io.File(((pathPrefix + java.lang.Integer.toString(counter)) + .png)): null

2018-12-13 14:52:47 - [TEST_STEP][PASSED] - Statement - counter = counter + 1: null

2018-12-13 14:52:47 - [TEST_STEP][PASSED] - Statement - PreSaveFile = new java.io.File(((pathPrefix + java.lang.Integer.toString(counter)) + .png)): null

2018-12-13 14:52:47 - [TEST_STEP][PASSED] - Statement - counter = counter + 1: null

2018-12-13 14:52:47 - [TEST_STEP][PASSED] - Statement - PreSaveFile = new java.io.File(((pathPrefix + java.lang.Integer.toString(counter)) + .png)): null

2018-12-13 14:52:47 - [TEST_STEP][PASSED] - Statement - counter = counter + 1: null

2018-12-13 14:52:47 - [TEST_STEP][PASSED] - Statement - PreSaveFile = new java.io.File(((pathPrefix + java.lang.Integer.toString(counter)) + .png)): null

2018-12-13 14:52:47 - [TEST_STEP][PASSED] - Statement - counter = counter + 1: null

2018-12-13 14:52:47 - [TEST_STEP][PASSED] - Statement - PreSaveFile = new java.io.File(((pathPrefix + java.lang.Integer.toString(counter)) + .png)): null

2018-12-13 14:52:47 - [TEST_STEP][PASSED] - Statement - counter = counter + 1: null

2018-12-13 14:52:47 - [TEST_STEP][PASSED] - Statement - PreSaveFile = new java.io.File(((pathPrefix + java.lang.Integer.toString(counter)) + .png)): null

2018-12-13 14:52:47 - [TEST_STEP][PASSED] - Statement - counter = counter + 1: null

2018-12-13 14:52:47 - [TEST_STEP][PASSED] - Statement - PreSaveFile = new java.io.File(((pathPrefix + java.lang.Integer.toString(counter)) + .png)): null

2018-12-13 14:52:47 - [TEST_STEP][PASSED] - Statement - counter = counter + 1: null

2018-12-13 14:52:47 - [TEST_STEP][PASSED] - Statement - PreSaveFile = new java.io.File(((pathPrefix + java.lang.Integer.toString(counter)) + .png)): null

2018-12-13 14:52:47 - [TEST_STEP][PASSED] - Statement - counter = counter + 1: null

2018-12-13 14:52:47 - [TEST_STEP][PASSED] - Statement - PreSaveFile = new java.io.File(((pathPrefix + java.lang.Integer.toString(counter)) + .png)): null

2018-12-13 14:52:47 - [TEST_STEP][PASSED] - Statement - counter = counter + 1: null

2018-12-13 14:52:47 - [TEST_STEP][PASSED] - Statement - PreSaveFile = new java.io.File(((pathPrefix + java.lang.Integer.toString(counter)) + .png)): null

2018-12-13 14:52:47 - [TEST_STEP][PASSED] - Statement - counter = counter + 1: null

2018-12-13 14:52:47 - [TEST_STEP][PASSED] - Statement - PreSaveFile = new java.io.File(((pathPrefix + java.lang.Integer.toString(counter)) + .png)): null

2018-12-13 14:52:47 - [TEST_STEP][PASSED] - Statement - counter = counter + 1: null

2018-12-13 14:52:47 - [TEST_STEP][PASSED] - Statement - PreSaveFile = new java.io.File(((pathPrefix + java.lang.Integer.toString(counter)) + .png)): null

2018-12-13 14:52:47 - [TEST_STEP][PASSED] - Statement - counter = counter + 1: null

2018-12-13 14:52:47 - [TEST_STEP][PASSED] - Statement - PreSaveFile = new java.io.File(((pathPrefix + java.lang.Integer.toString(counter)) + .png)): null

2018-12-13 14:52:47 - [TEST_STEP][PASSED] - Statement - counter = counter + 1: null

2018-12-13 14:52:47 - [TEST_STEP][PASSED] - Statement - PreSaveFile = new java.io.File(((pathPrefix + java.lang.Integer.toString(counter)) + .png)): null

2018-12-13 14:52:47 - [TEST_STEP][PASSED] - Statement - counter = counter + 1: null

2018-12-13 14:52:47 - [TEST_STEP][PASSED] - Statement - PreSaveFile = new java.io.File(((pathPrefix + java.lang.Integer.toString(counter)) + .png)): null

2018-12-13 14:52:47 - [TEST_STEP][PASSED] - Statement - counter = counter + 1: null

2018-12-13 14:52:47 - [TEST_STEP][PASSED] - Statement - PreSaveFile = new java.io.File(((pathPrefix + java.lang.Integer.toString(counter)) + .png)): null

2018-12-13 14:52:47 - [TEST_STEP][PASSED] - Statement - counter = counter + 1: null

2018-12-13 14:52:47 - [TEST_STEP][PASSED] - Statement - PreSaveFile = new java.io.File(((pathPrefix + java.lang.Integer.toString(counter)) + .png)): null

2018-12-13 14:52:47 - [TEST_STEP][PASSED] - Statement - counter = counter + 1: null

2018-12-13 14:52:47 - [TEST_STEP][PASSED] - Statement - PreSaveFile = new java.io.File(((pathPrefix + java.lang.Integer.toString(counter)) + .png)): null

2018-12-13 14:52:47 - [TEST_STEP][PASSED] - Statement - counter = counter + 1: null

2018-12-13 14:52:47 - [TEST_STEP][PASSED] - Statement - PreSaveFile = new java.io.File(((pathPrefix + java.lang.Integer.toString(counter)) + .png)): null

2018-12-13 14:52:47 - [TEST_STEP][PASSED] - Statement - counter = counter + 1: null

2018-12-13 14:52:47 - [TEST_STEP][PASSED] - Statement - PreSaveFile = new java.io.File(((pathPrefix + java.lang.Integer.toString(counter)) + .png)): null

2018-12-13 14:52:47 - [TEST_STEP][PASSED] - Statement - counter = counter + 1: null

2018-12-13 14:52:47 - [TEST_STEP][PASSED] - Statement - PreSaveFile = new java.io.File(((pathPrefix + java.lang.Integer.toString(counter)) + .png)): null

2018-12-13 14:52:47 - [TEST_STEP][PASSED] - Statement - counter = counter + 1: null

2018-12-13 14:52:47 - [TEST_STEP][PASSED] - Statement - PreSaveFile = new java.io.File(((pathPrefix + java.lang.Integer.toString(counter)) + .png)): null

2018-12-13 14:52:47 - [TEST_STEP][PASSED] - Statement - counter = counter + 1: null

2018-12-13 14:52:47 - [TEST_STEP][PASSED] - Statement - PreSaveFile = new java.io.File(((pathPrefix + java.lang.Integer.toString(counter)) + .png)): null

2018-12-13 14:52:47 - [TEST_STEP][PASSED] - Statement - counter = counter + 1: null

2018-12-13 14:52:47 - [TEST_STEP][PASSED] - Statement - PreSaveFile = new java.io.File(((pathPrefix + java.lang.Integer.toString(counter)) + .png)): null

2018-12-13 14:52:47 - [TEST_STEP][PASSED] - Statement - counter = counter + 1: null

2018-12-13 14:52:47 - [TEST_STEP][PASSED] - Statement - PreSaveFile = new java.io.File(((pathPrefix + java.lang.Integer.toString(counter)) + .png)): null

2018-12-13 14:52:47 - [TEST_STEP][PASSED] - Statement - counter = counter + 1: null

2018-12-13 14:52:47 - [TEST_STEP][PASSED] - Statement - PreSaveFile = new java.io.File(((pathPrefix + java.lang.Integer.toString(counter)) + .png)): null

2018-12-13 14:52:47 - [TEST_STEP][PASSED] - Statement - counter = counter + 1: null

2018-12-13 14:52:47 - [TEST_STEP][PASSED] - Statement - PreSaveFile = new java.io.File(((pathPrefix + java.lang.Integer.toString(counter)) + .png)): null

2018-12-13 14:52:47 - [TEST_STEP][PASSED] - Statement - counter = counter + 1: null

2018-12-13 14:52:47 - [TEST_STEP][PASSED] - Statement - PreSaveFile = new java.io.File(((pathPrefix + java.lang.Integer.toString(counter)) + .png)): null

2018-12-13 14:52:47 - [TEST_STEP][PASSED] - Statement - counter = counter + 1: null

2018-12-13 14:52:47 - [TEST_STEP][PASSED] - Statement - PreSaveFile = new java.io.File(((pathPrefix + java.lang.Integer.toString(counter)) + .png)): null

2018-12-13 14:52:47 - [TEST_STEP][PASSED] - Statement - counter = counter + 1: null

2018-12-13 14:52:47 - [TEST_STEP][PASSED] - Statement - PreSaveFile = new java.io.File(((pathPrefix + java.lang.Integer.toString(counter)) + .png)): null

2018-12-13 14:52:47 - [TEST_STEP][PASSED] - Statement - counter = counter + 1: null

2018-12-13 14:52:47 - [TEST_STEP][PASSED] - Statement - PreSaveFile = new java.io.File(((pathPrefix + java.lang.Integer.toString(counter)) + .png)): null

2018-12-13 14:52:47 - [TEST_STEP][PASSED] - Statement - counter = counter + 1: null

2018-12-13 14:52:47 - [TEST_STEP][PASSED] - Statement - PreSaveFile = new java.io.File(((pathPrefix + java.lang.Integer.toString(counter)) + .png)): null

2018-12-13 14:52:47 - [TEST_STEP][PASSED] - Statement - counter = counter + 1: null

2018-12-13 14:52:47 - [TEST_STEP][PASSED] - Statement - PreSaveFile = new java.io.File(((pathPrefix + java.lang.Integer.toString(counter)) + .png)): null

2018-12-13 14:52:47 - [TEST_STEP][PASSED] - Statement - counter = counter + 1: null

2018-12-13 14:52:47 - [TEST_STEP][PASSED] - Statement - PreSaveFile = new java.io.File(((pathPrefix + java.lang.Integer.toString(counter)) + .png)): null

2018-12-13 14:52:47 - [TEST_STEP][PASSED] - Statement - counter = counter + 1: null

2018-12-13 14:52:47 - [TEST_STEP][PASSED] - Statement - PreSaveFile = new java.io.File(((pathPrefix + java.lang.Integer.toString(counter)) + .png)): null

2018-12-13 14:52:47 - [TEST_STEP][PASSED] - Statement - counter = counter + 1: null

2018-12-13 14:52:47 - [TEST_STEP][PASSED] - Statement - PreSaveFile = new java.io.File(((pathPrefix + java.lang.Integer.toString(counter)) + .png)): null

2018-12-13 14:52:47 - [TEST_STEP][PASSED] - Statement - counter = counter + 1: null

2018-12-13 14:52:47 - [TEST_STEP][PASSED] - Statement - PreSaveFile = new java.io.File(((pathPrefix + java.lang.Integer.toString(counter)) + .png)): null

2018-12-13 14:52:47 - [TEST_STEP][PASSED] - Statement - counter = counter + 1: null

2018-12-13 14:52:47 - [TEST_STEP][PASSED] - Statement - PreSaveFile = new java.io.File(((pathPrefix + java.lang.Integer.toString(counter)) + .png)): null

2018-12-13 14:52:47 - [TEST_STEP][PASSED] - Statement - counter = counter + 1: null

2018-12-13 14:52:47 - [TEST_STEP][PASSED] - Statement - PreSaveFile = new java.io.File(((pathPrefix + java.lang.Integer.toString(counter)) + .png)): null

2018-12-13 14:52:47 - [TEST_STEP][PASSED] - Statement - counter = counter + 1: null

2018-12-13 14:52:47 - [TEST_STEP][PASSED] - Statement - PreSaveFile = new java.io.File(((pathPrefix + java.lang.Integer.toString(counter)) + .png)): null

2018-12-13 14:52:47 - [TEST_STEP][PASSED] - Statement - counter = counter + 1: null

2018-12-13 14:52:47 - [TEST_STEP][PASSED] - Statement - PreSaveFile = new java.io.File(((pathPrefix + java.lang.Integer.toString(counter)) + .png)): null

2018-12-13 14:52:47 - [TEST_STEP][PASSED] - Statement - counter = counter + 1: null

2018-12-13 14:52:47 - [TEST_STEP][PASSED] - Statement - PreSaveFile = new java.io.File(((pathPrefix + java.lang.Integer.toString(counter)) + .png)): null

2018-12-13 14:52:47 - [TEST_STEP][PASSED] - Statement - counter = counter + 1: null

2018-12-13 14:52:47 - [TEST_STEP][PASSED] - Statement - PreSaveFile = new java.io.File(((pathPrefix + java.lang.Integer.toString(counter)) + .png)): null

2018-12-13 14:52:47 - [TEST_STEP][PASSED] - Statement - counter = counter + 1: null

2018-12-13 14:52:47 - [TEST_STEP][PASSED] - Statement - PreSaveFile = new java.io.File(((pathPrefix + java.lang.Integer.toString(counter)) + .png)): null

2018-12-13 14:52:47 - [TEST_STEP][PASSED] - Statement - counter = counter + 1: null

2018-12-13 14:52:47 - [TEST_STEP][PASSED] - Statement - PreSaveFile = new java.io.File(((pathPrefix + java.lang.Integer.toString(counter)) + .png)): null

2018-12-13 14:52:47 - [TEST_STEP][PASSED] - Statement - counter = counter + 1: null

2018-12-13 14:52:47 - [TEST_STEP][PASSED] - Statement - PreSaveFile = new java.io.File(((pathPrefix + java.lang.Integer.toString(counter)) + .png)): null

2018-12-13 14:52:47 - [TEST_STEP][PASSED] - Statement - counter = counter + 1: null

2018-12-13 14:52:47 - [TEST_STEP][PASSED] - Statement - PreSaveFile = new java.io.File(((pathPrefix + java.lang.Integer.toString(counter)) + .png)): null

2018-12-13 14:52:47 - [TEST_STEP][PASSED] - Statement - counter = counter + 1: null

2018-12-13 14:52:47 - [TEST_STEP][PASSED] - Statement - PreSaveFile = new java.io.File(((pathPrefix + java.lang.Integer.toString(counter)) + .png)): null

2018-12-13 14:52:47 - [TEST_STEP][PASSED] - Statement - counter = counter + 1: null

2018-12-13 14:52:47 - [TEST_STEP][PASSED] - Statement - PreSaveFile = new java.io.File(((pathPrefix + java.lang.Integer.toString(counter)) + .png)): null

2018-12-13 14:52:47 - [TEST_STEP][PASSED] - Statement - counter = counter + 1: null

2018-12-13 14:52:47 - [TEST_STEP][PASSED] - Statement - PreSaveFile = new java.io.File(((pathPrefix + java.lang.Integer.toString(counter)) + .png)): null

2018-12-13 14:52:47 - [TEST_STEP][PASSED] - Statement - counter = counter + 1: null

2018-12-13 14:52:47 - [TEST_STEP][PASSED] - Statement - PreSaveFile = new java.io.File(((pathPrefix + java.lang.Integer.toString(counter)) + .png)): null

2018-12-13 14:52:47 - [TEST_STEP][PASSED] - Statement - counter = counter + 1: null

2018-12-13 14:52:47 - [TEST_STEP][PASSED] - Statement - PreSaveFile = new java.io.File(((pathPrefix + java.lang.Integer.toString(counter)) + .png)): null

2018-12-13 14:52:47 - [TEST_STEP][PASSED] - Statement - counter = counter + 1: null

2018-12-13 14:52:47 - [TEST_STEP][PASSED] - Statement - PreSaveFile = new java.io.File(((pathPrefix + java.lang.Integer.toString(counter)) + .png)): null

2018-12-13 14:52:47 - [TEST_STEP][PASSED] - Statement - counter = counter + 1: null

2018-12-13 14:52:47 - [TEST_STEP][PASSED] - Statement - PreSaveFile = new java.io.File(((pathPrefix + java.lang.Integer.toString(counter)) + .png)): null

2018-12-13 14:52:47 - [TEST_STEP][PASSED] - Statement - counter = counter + 1: null

2018-12-13 14:52:47 - [TEST_STEP][PASSED] - Statement - PreSaveFile = new java.io.File(((pathPrefix + java.lang.Integer.toString(counter)) + .png)): null

2018-12-13 14:52:47 - [TEST_STEP][PASSED] - Statement - counter = counter + 1: null

2018-12-13 14:52:47 - [TEST_STEP][PASSED] - Statement - PreSaveFile = new java.io.File(((pathPrefix + java.lang.Integer.toString(counter)) + .png)): null

2018-12-13 14:52:47 - [TEST_STEP][PASSED] - Statement - counter = counter + 1: null

2018-12-13 14:52:47 - [TEST_STEP][PASSED] - Statement - PreSaveFile = new java.io.File(((pathPrefix + java.lang.Integer.toString(counter)) + .png)): null

2018-12-13 14:52:47 - [TEST_STEP][PASSED] - Statement - counter = counter + 1: null

2018-12-13 14:52:47 - [TEST_STEP][PASSED] - Statement - PreSaveFile = new java.io.File(((pathPrefix + java.lang.Integer.toString(counter)) + .png)): null

2018-12-13 14:52:47 - [TEST_STEP][PASSED] - Statement - counter = counter + 1: null

2018-12-13 14:52:47 - [TEST_STEP][PASSED] - Statement - PreSaveFile = new java.io.File(((pathPrefix + java.lang.Integer.toString(counter)) + .png)): null

2018-12-13 14:52:47 - [TEST_STEP][PASSED] - Statement - counter = counter + 1: null

2018-12-13 14:52:47 - [TEST_STEP][PASSED] - Statement - PreSaveFile = new java.io.File(((pathPrefix + java.lang.Integer.toString(counter)) + .png)): null

2018-12-13 14:52:47 - [TEST_STEP][PASSED] - Statement - counter = counter + 1: null

2018-12-13 14:52:47 - [TEST_STEP][PASSED] - Statement - PreSaveFile = new java.io.File(((pathPrefix + java.lang.Integer.toString(counter)) + .png)): null

2018-12-13 14:52:47 - [TEST_STEP][PASSED] - Statement - counter = counter + 1: null

2018-12-13 14:52:47 - [TEST_STEP][PASSED] - Statement - PreSaveFile = new java.io.File(((pathPrefix + java.lang.Integer.toString(counter)) + .png)): null

2018-12-13 14:52:47 - [TEST_STEP][PASSED] - Statement - counter = counter + 1: null

2018-12-13 14:52:47 - [TEST_STEP][PASSED] - Statement - PreSaveFile = new java.io.File(((pathPrefix + java.lang.Integer.toString(counter)) + .png)): null

2018-12-13 14:52:47 - [TEST_STEP][PASSED] - Statement - counter = counter + 1: null

2018-12-13 14:52:47 - [TEST_STEP][PASSED] - Statement - PreSaveFile = new java.io.File(((pathPrefix + java.lang.Integer.toString(counter)) + .png)): null

2018-12-13 14:52:47 - [TEST_STEP][PASSED] - Statement - counter = counter + 1: null

2018-12-13 14:52:47 - [TEST_STEP][PASSED] - Statement - PreSaveFile = new java.io.File(((pathPrefix + java.lang.Integer.toString(counter)) + .png)): null

2018-12-13 14:52:47 - [TEST_STEP][PASSED] - Statement - counter = counter + 1: null

2018-12-13 14:52:47 - [TEST_STEP][PASSED] - Statement - PreSaveFile = new java.io.File(((pathPrefix + java.lang.Integer.toString(counter)) + .png)): null

2018-12-13 14:52:47 - [TEST_STEP][PASSED] - Statement - counter = counter + 1: null

2018-12-13 14:52:47 - [TEST_STEP][PASSED] - Statement - PreSaveFile = new java.io.File(((pathPrefix + java.lang.Integer.toString(counter)) + .png)): null

2018-12-13 14:52:47 - [TEST_STEP][PASSED] - Statement - counter = counter + 1: null

2018-12-13 14:52:47 - [TEST_STEP][PASSED] - Statement - PreSaveFile = new java.io.File(((pathPrefix + java.lang.Integer.toString(counter)) + .png)): null

2018-12-13 14:52:47 - [TEST_STEP][PASSED] - Statement - counter = counter + 1: null

2018-12-13 14:52:47 - [TEST_STEP][PASSED] - Statement - PreSaveFile = new java.io.File(((pathPrefix + java.lang.Integer.toString(counter)) + .png)): null

2018-12-13 14:52:47 - [TEST_STEP][PASSED] - Statement - counter = counter + 1: null

2018-12-13 14:52:48 - [TEST_STEP][PASSED] - Statement - PreSaveFile = new java.io.File(((pathPrefix + java.lang.Integer.toString(counter)) + .png)): null

2018-12-13 14:52:48 - [TEST_STEP][PASSED] - Statement - counter = counter + 1: null

2018-12-13 14:52:48 - [TEST_STEP][PASSED] - Statement - PreSaveFile = new java.io.File(((pathPrefix + java.lang.Integer.toString(counter)) + .png)): null

2018-12-13 14:52:48 - [TEST_STEP][PASSED] - Statement - counter = counter + 1: null

2018-12-13 14:52:48 - [TEST_STEP][PASSED] - Statement - PreSaveFile = new java.io.File(((pathPrefix + java.lang.Integer.toString(counter)) + .png)): null

2018-12-13 14:52:48 - [TEST_STEP][PASSED] - Statement - counter = counter + 1: null

2018-12-13 14:52:48 - [TEST_STEP][PASSED] - Statement - PreSaveFile = new java.io.File(((pathPrefix + java.lang.Integer.toString(counter)) + .png)): null

2018-12-13 14:52:48 - [TEST_STEP][PASSED] - Statement - counter = counter + 1: null

2018-12-13 14:52:48 - [TEST_STEP][PASSED] - Statement - PreSaveFile = new java.io.File(((pathPrefix + java.lang.Integer.toString(counter)) + .png)): null

2018-12-13 14:52:48 - [TEST_STEP][PASSED] - Statement - counter = counter + 1: null

2018-12-13 14:52:48 - [TEST_STEP][PASSED] - Statement - PreSaveFile = new java.io.File(((pathPrefix + java.lang.Integer.toString(counter)) + .png)): null

2018-12-13 14:52:48 - [TEST_STEP][PASSED] - Statement - counter = counter + 1: null

2018-12-13 14:52:48 - [TEST_STEP][PASSED] - Statement - PreSaveFile = new java.io.File(((pathPrefix + java.lang.Integer.toString(counter)) + .png)): null

2018-12-13 14:52:48 - [TEST_STEP][PASSED] - Statement - counter = counter + 1: null

2018-12-13 14:52:48 - [TEST_STEP][PASSED] - Statement - PreSaveFile = new java.io.File(((pathPrefix + java.lang.Integer.toString(counter)) + .png)): null

2018-12-13 14:52:48 - [TEST_STEP][PASSED] - Statement - counter = counter + 1: null

2018-12-13 14:52:48 - [TEST_STEP][PASSED] - Statement - PreSaveFile = new java.io.File(((pathPrefix + java.lang.Integer.toString(counter)) + .png)): null

2018-12-13 14:52:48 - [TEST_STEP][PASSED] - Statement - counter = counter + 1: null

2018-12-13 14:52:48 - [TEST_STEP][PASSED] - Statement - PreSaveFile = new java.io.File(((pathPrefix + java.lang.Integer.toString(counter)) + .png)): null

2018-12-13 14:52:48 - [TEST_STEP][PASSED] - Statement - counter = counter + 1: null

2018-12-13 14:52:48 - [TEST_STEP][PASSED] - Statement - PreSaveFile = new java.io.File(((pathPrefix + java.lang.Integer.toString(counter)) + .png)): null

2018-12-13 14:52:48 - [TEST_STEP][PASSED] - Statement - counter = counter + 1: null

2018-12-13 14:52:48 - [TEST_STEP][PASSED] - Statement - PreSaveFile = new java.io.File(((pathPrefix + java.lang.Integer.toString(counter)) + .png)): null

2018-12-13 14:52:48 - [TEST_STEP][PASSED] - Statement - counter = counter + 1: null

2018-12-13 14:52:48 - [TEST_STEP][PASSED] - Statement - PreSaveFile = new java.io.File(((pathPrefix + java.lang.Integer.toString(counter)) + .png)): null

2018-12-13 14:52:48 - [TEST_STEP][PASSED] - Statement - counter = counter + 1: null

2018-12-13 14:52:48 - [TEST_STEP][PASSED] - Statement - PreSaveFile = new java.io.File(((pathPrefix + java.lang.Integer.toString(counter)) + .png)): null

2018-12-13 14:52:48 - [TEST_STEP][PASSED] - Statement - counter = counter + 1: null

2018-12-13 14:52:48 - [TEST_STEP][PASSED] - Statement - PreSaveFile = new java.io.File(((pathPrefix + java.lang.Integer.toString(counter)) + .png)): null

2018-12-13 14:52:48 - [TEST_STEP][PASSED] - Statement - counter = counter + 1: null

2018-12-13 14:52:48 - [TEST_STEP][PASSED] - Statement - PreSaveFile = new java.io.File(((pathPrefix + java.lang.Integer.toString(counter)) + .png)): null

2018-12-13 14:52:48 - [TEST_STEP][PASSED] - Statement - counter = counter + 1: null

2018-12-13 14:52:48 - [TEST_STEP][PASSED] - Statement - PreSaveFile = new java.io.File(((pathPrefix + java.lang.Integer.toString(counter)) + .png)): null

2018-12-13 14:52:48 - [TEST_STEP][PASSED] - Statement - counter = counter + 1: null

2018-12-13 14:52:48 - [TEST_STEP][PASSED] - Statement - PreSaveFile = new java.io.File(((pathPrefix + java.lang.Integer.toString(counter)) + .png)): null

2018-12-13 14:52:48 - [TEST_STEP][PASSED] - Statement - counter = counter + 1: null

2018-12-13 14:52:48 - [TEST_STEP][PASSED] - Statement - PreSaveFile = new java.io.File(((pathPrefix + java.lang.Integer.toString(counter)) + .png)): null

2018-12-13 14:52:48 - [TEST_STEP][PASSED] - Statement - counter = counter + 1: null

2018-12-13 14:52:48 - [TEST_STEP][PASSED] - Statement - PreSaveFile = new java.io.File(((pathPrefix + java.lang.Integer.toString(counter)) + .png)): null

2018-12-13 14:52:48 - [TEST_STEP][PASSED] - Statement - counter = counter + 1: null

2018-12-13 14:52:48 - [TEST_STEP][PASSED] - Statement - PreSaveFile = new java.io.File(((pathPrefix + java.lang.Integer.toString(counter)) + .png)): null

2018-12-13 14:52:48 - [TEST_STEP][PASSED] - Statement - counter = counter + 1: null

2018-12-13 14:52:48 - [TEST_STEP][PASSED] - Statement - PreSaveFile = new java.io.File(((pathPrefix + java.lang.Integer.toString(counter)) + .png)): null

2018-12-13 14:52:48 - [TEST_STEP][PASSED] - Statement - counter = counter + 1: null

2018-12-13 14:52:48 - [TEST_STEP][PASSED] - Statement - PreSaveFile = new java.io.File(((pathPrefix + java.lang.Integer.toString(counter)) + .png)): null

2018-12-13 14:52:48 - [TEST_STEP][PASSED] - Statement - counter = counter + 1: null

2018-12-13 14:52:48 - [TEST_STEP][PASSED] - Statement - PreSaveFile = new java.io.File(((pathPrefix + java.lang.Integer.toString(counter)) + .png)): null

2018-12-13 14:52:48 - [TEST_STEP][PASSED] - Statement - counter = counter + 1: null

2018-12-13 14:52:48 - [TEST_STEP][PASSED] - Statement - PreSaveFile = new java.io.File(((pathPrefix + java.lang.Integer.toString(counter)) + .png)): null

2018-12-13 14:52:48 - [TEST_STEP][PASSED] - Statement - counter = counter + 1: null

2018-12-13 14:52:48 - [TEST_STEP][PASSED] - Statement - PreSaveFile = new java.io.File(((pathPrefix + java.lang.Integer.toString(counter)) + .png)): null

2018-12-13 14:52:48 - [TEST_STEP][PASSED] - Statement - counter = counter + 1: null

2018-12-13 14:52:48 - [TEST_STEP][PASSED] - Statement - PreSaveFile = new java.io.File(((pathPrefix + java.lang.Integer.toString(counter)) + .png)): null

2018-12-13 14:52:48 - [TEST_STEP][PASSED] - Statement - counter = counter + 1: null

2018-12-13 14:52:48 - [TEST_STEP][PASSED] - Statement - PreSaveFile = new java.io.File(((pathPrefix + java.lang.Integer.toString(counter)) + .png)): null

2018-12-13 14:52:48 - [TEST_STEP][PASSED] - Statement - counter = counter + 1: null

2018-12-13 14:52:48 - [TEST_STEP][PASSED] - Statement - PreSaveFile = new java.io.File(((pathPrefix + java.lang.Integer.toString(counter)) + .png)): null

2018-12-13 14:52:48 - [TEST_STEP][PASSED] - Statement - counter = counter + 1: null

2018-12-13 14:52:48 - [TEST_STEP][PASSED] - Statement - PreSaveFile = new java.io.File(((pathPrefix + java.lang.Integer.toString(counter)) + .png)): null

2018-12-13 14:52:48 - [TEST_STEP][PASSED] - Statement - counter = counter + 1: null

2018-12-13 14:52:48 - [TEST_STEP][PASSED] - Statement - PreSaveFile = new java.io.File(((pathPrefix + java.lang.Integer.toString(counter)) + .png)): null

2018-12-13 14:52:48 - [TEST_STEP][PASSED] - Statement - counter = counter + 1: null

2018-12-13 14:52:48 - [TEST_STEP][PASSED] - Statement - PreSaveFile = new java.io.File(((pathPrefix + java.lang.Integer.toString(counter)) + .png)): null

2018-12-13 14:52:48 - [TEST_STEP][PASSED] - Statement - counter = counter + 1: null

2018-12-13 14:52:48 - [TEST_STEP][PASSED] - Statement - PreSaveFile = new java.io.File(((pathPrefix + java.lang.Integer.toString(counter)) + .png)): null

2018-12-13 14:52:48 - [TEST_STEP][PASSED] - Statement - counter = counter + 1: null

2018-12-13 14:52:48 - [TEST_STEP][PASSED] - Statement - PreSaveFile = new java.io.File(((pathPrefix + java.lang.Integer.toString(counter)) + .png)): null

2018-12-13 14:52:48 - [TEST_STEP][PASSED] - Statement - counter = counter + 1: null

2018-12-13 14:52:48 - [TEST_STEP][PASSED] - Statement - PreSaveFile = new java.io.File(((pathPrefix + java.lang.Integer.toString(counter)) + .png)): null

2018-12-13 14:52:48 - [TEST_STEP][PASSED] - Statement - counter = counter + 1: null

2018-12-13 14:52:48 - [TEST_STEP][PASSED] - Statement - PreSaveFile = new java.io.File(((pathPrefix + java.lang.Integer.toString(counter)) + .png)): null

2018-12-13 14:52:48 - [TEST_STEP][PASSED] - Statement - counter = counter + 1: null

2018-12-13 14:52:48 - [TEST_STEP][PASSED] - Statement - PreSaveFile = new java.io.File(((pathPrefix + java.lang.Integer.toString(counter)) + .png)): null

2018-12-13 14:52:48 - [TEST_STEP][PASSED] - Statement - counter = counter + 1: null

2018-12-13 14:52:48 - [TEST_STEP][PASSED] - Statement - PreSaveFile = new java.io.File(((pathPrefix + java.lang.Integer.toString(counter)) + .png)): null

2018-12-13 14:52:48 - [TEST_STEP][PASSED] - Statement - counter = counter + 1: null

2018-12-13 14:52:48 - [TEST_STEP][PASSED] - Statement - PreSaveFile = new java.io.File(((pathPrefix + java.lang.Integer.toString(counter)) + .png)): null

2018-12-13 14:52:48 - [TEST_STEP][PASSED] - Statement - counter = counter + 1: null

2018-12-13 14:52:48 - [TEST_STEP][PASSED] - Statement - PreSaveFile = new java.io.File(((pathPrefix + java.lang.Integer.toString(counter)) + .png)): null

2018-12-13 14:52:48 - [TEST_STEP][PASSED] - Statement - counter = counter + 1: null

2018-12-13 14:52:48 - [TEST_STEP][PASSED] - Statement - PreSaveFile = new java.io.File(((pathPrefix + java.lang.Integer.toString(counter)) + .png)): null

2018-12-13 14:52:48 - [TEST_STEP][PASSED] - Statement - counter = counter + 1: null

2018-12-13 14:52:48 - [TEST_STEP][PASSED] - Statement - PreSaveFile = new java.io.File(((pathPrefix + java.lang.Integer.toString(counter)) + .png)): null

2018-12-13 14:52:48 - [TEST_STEP][PASSED] - Statement - counter = counter + 1: null

2018-12-13 14:52:48 - [TEST_STEP][PASSED] - Statement - PreSaveFile = new java.io.File(((pathPrefix + java.lang.Integer.toString(counter)) + .png)): null

2018-12-13 14:52:48 - [TEST_STEP][PASSED] - Statement - counter = counter + 1: null

2018-12-13 14:52:48 - [TEST_STEP][PASSED] - Statement - PreSaveFile = new java.io.File(((pathPrefix + java.lang.Integer.toString(counter)) + .png)): null

2018-12-13 14:52:48 - [TEST_STEP][PASSED] - Statement - counter = counter + 1: null

2018-12-13 14:52:48 - [TEST_STEP][PASSED] - Statement - PreSaveFile = new java.io.File(((pathPrefix + java.lang.Integer.toString(counter)) + .png)): null

2018-12-13 14:52:48 - [TEST_STEP][PASSED] - Statement - counter = counter + 1: null

2018-12-13 14:52:48 - [TEST_STEP][PASSED] - Statement - PreSaveFile = new java.io.File(((pathPrefix + java.lang.Integer.toString(counter)) + .png)): null

2018-12-13 14:52:48 - [TEST_STEP][PASSED] - Statement - counter = counter + 1: null

2018-12-13 14:52:48 - [TEST_STEP][PASSED] - Statement - PreSaveFile = new java.io.File(((pathPrefix + java.lang.Integer.toString(counter)) + .png)): null

2018-12-13 14:52:48 - [TEST_STEP][PASSED] - Statement - counter = counter + 1: null

2018-12-13 14:52:48 - [TEST_STEP][PASSED] - Statement - PreSaveFile = new java.io.File(((pathPrefix + java.lang.Integer.toString(counter)) + .png)): null

2018-12-13 14:52:48 - [TEST_STEP][PASSED] - Statement - counter = counter + 1: null

2018-12-13 14:52:48 - [TEST_STEP][PASSED] - Statement - PreSaveFile = new java.io.File(((pathPrefix + java.lang.Integer.toString(counter)) + .png)): null

2018-12-13 14:52:48 - [TEST_STEP][PASSED] - Statement - counter = counter + 1: null

2018-12-13 14:52:48 - [TEST_STEP][PASSED] - Statement - PreSaveFile = new java.io.File(((pathPrefix + java.lang.Integer.toString(counter)) + .png)): null

2018-12-13 14:52:48 - [TEST_STEP][PASSED] - Statement - finalPath = pathPrefix + java.lang.Integer.toString(counter) + ".png": null

2018-12-13 14:52:48 - [TEST_STEP][PASSED] - Statement - SaveFile = new java.io.File(finalPath): null

2018-12-13 14:52:48 - [TEST_STEP][PASSED] - Statement - Try: null

2018-12-13 14:52:48 - [TEST_STEP][PASSED] - Statement - org.apache.commons.io.FileUtils.copyFile(scrFile, SaveFile): null

2018-12-13 14:52:48 - [TEST_STEP][PASSED] - Statement - out.println("file kept"): null

2018-12-13 14:52:48 - [TEST_STEP][PASSED] - delay: Delayed 10 second(s)

2018-12-13 14:52:58 - [MESSAGE][PASSED] - Delayed 10 second(s)

2018-12-13 14:52:58 - [MESSAGE][PASSED] - Call Test Case 'Test Cases/Final Aug 2018 - PKS Automation/Registration Module/New Registration/Submit and Screenshot/Submit Registration and Screenshot' successfully

2018-12-13 14:52:58 - [TEST_STEP][PASSED] - callTestCase: Call Test Case 'Test Cases/Final Aug 2018 - PKS Automation/Registration Module/Log Out/log out avoiding katalon tagging' successfully

2018-12-13 14:52:58 - [TEST_CASE][PASSED] - Test Cases/Final Aug 2018 - PKS Automation/Registration Module/Log Out/log out avoiding katalon tagging: Test Cases/Final Aug 2018 - PKS Automation/Registration Module/Log Out/log out avoiding katalon tagging

2018-12-13 14:52:58 - [TEST_STEP][PASSED] - navigateToUrl: Navigate to 'https://assist2-uat.perkeso.gov.my/c/portal/logout' successfully

2018-12-13 14:52:59 - [MESSAGE][PASSED] - Navigate to 'https://assist2-uat.perkeso.gov.my/c/portal/logout' successfully

2018-12-13 14:52:59 - [MESSAGE][PASSED] - Call Test Case 'Test Cases/Final Aug 2018 - PKS Automation/Registration Module/Log Out/log out avoiding katalon tagging' successfully

2018-12-13 14:52:59 - [TEST_STEP][PASSED] - callTestCase: Call Test Case 'Test Cases/Final Aug 2018 - PKS Automation/Common/Workflow Owner Finder' successfully

2018-12-13 14:52:59 - [TEST_CASE][PASSED] - Test Cases/Final Aug 2018 - PKS Automation/Common/Workflow Owner Finder: Test Cases/Final Aug 2018 - PKS Automation/Common/Workflow Owner Finder

2018-12-13 14:52:59 - [TEST_STEP][PASSED] - openBrowser: Browser is opened with url: ''

2018-12-13 14:52:59 - [MESSAGE][WARNING] - A browser is already opened. Closing browser and opening a new one

2018-12-13 14:53:03 - [MESSAGE][PASSED] - Browser is opened with url: ''

2018-12-13 14:53:03 - [TEST_STEP][PASSED] - navigateToUrl: Navigate to 'https://assist2-uat.perkeso.gov.my/login' successfully

2018-12-13 14:53:04 - [MESSAGE][PASSED] - Navigate to 'https://assist2-uat.perkeso.gov.my/login' successfully

2018-12-13 14:53:04 - [TEST_STEP][PASSED] - delay: Delayed 5 second(s)

2018-12-13 14:53:09 - [MESSAGE][PASSED] - Delayed 5 second(s)

2018-12-13 14:53:09 - [TEST_STEP][PASSED] - setText: Text 'test@liferay.com' is set on object 'Object Repository/Final Object Repo/Login Page/Internal User/Email Address'

2018-12-13 14:53:09 - [MESSAGE][PASSED] - Text 'test@liferay.com' is set on object 'Object Repository/Final Object Repo/Login Page/Internal User/Email Address'

2018-12-13 14:53:09 - [TEST_STEP][PASSED] - click: Object: 'Object Repository/Final Object Repo/Login Page/Internal User/Next Button' is clicked on

2018-12-13 14:53:09 - [MESSAGE][PASSED] - Object: 'Object Repository/Final Object Repo/Login Page/Internal User/Next Button' is clicked on

2018-12-13 14:53:09 - [TEST_STEP][PASSED] - delay: Delayed 2 second(s)

2018-12-13 14:53:11 - [MESSAGE][PASSED] - Delayed 2 second(s)

2018-12-13 14:53:11 - [TEST_STEP][PASSED] - setText: Text 'test' is set on object 'Object Repository/Final Object Repo/Login Page/Internal User/Password'

2018-12-13 14:53:11 - [MESSAGE][PASSED] - Text 'test' is set on object 'Object Repository/Final Object Repo/Login Page/Internal User/Password'

2018-12-13 14:53:11 - [TEST_STEP][PASSED] - delay: Delayed 2 second(s)

2018-12-13 14:53:13 - [MESSAGE][PASSED] - Delayed 2 second(s)

2018-12-13 14:53:13 - [TEST_STEP][PASSED] - click: Object: 'Object Repository/Final Object Repo/Login Page/Internal User/Login Button' is clicked on

2018-12-13 14:53:13 - [MESSAGE][PASSED] - Object: 'Object Repository/Final Object Repo/Login Page/Internal User/Login Button' is clicked on

2018-12-13 14:53:13 - [TEST_STEP][PASSED] - Statement - tester = com.kms.katalon.core.testobject.ObjectRepository.findTestObject(Final Object Repo/Landing Page/Select to English): Finding Test Object with id 'Object Repository/Final Object Repo/Landing Page/Select to English'

2018-12-13 14:53:13 - [TEST_STEP][PASSED] - Statement - Try: Delayed 2 second(s)

2018-12-13 14:53:13 - [TEST_STEP][PASSED] - Statement - Checker = com.kms.katalon.core.webui.keyword.WebUiBuiltInKeywords.verifyElementNotPresent(tester, 3): Web element with id: 'Object Repository/Final Object Repo/Landing Page/Select to English' located by 'By.xpath: //a[@class = 'taglib-language-list-text' and @lang = 'en-US' and (contains(text(), 'EN') or contains(., 'EN'))]' is not present after '3' second(s)

2018-12-13 14:53:16 - [MESSAGE][PASSED] - Web element with id: 'Object Repository/Final Object Repo/Landing Page/Select to English' located by 'By.xpath: //a[@class = 'taglib-language-list-text' and @lang = 'en-US' and (contains(text(), 'EN') or contains(., 'EN'))]' is not present after '3' second(s)

2018-12-13 14:53:16 - [TEST_STEP][PASSED] - Statement - If (Checker == false): null

2018-12-13 14:53:16 - [TEST_STEP][PASSED] - delay: Delayed 2 second(s)

2018-12-13 14:53:18 - [MESSAGE][PASSED] - Delayed 2 second(s)

2018-12-13 14:53:18 - [TEST_STEP][PASSED] - delay: Delayed 5 second(s)

2018-12-13 14:53:23 - [MESSAGE][PASSED] - Delayed 5 second(s)

2018-12-13 14:53:23 - [TEST_STEP][PASSED] - mouseOver: Object: 'Object Repository/Final Object Repo/Landing Page/WorkFlow Menu' is hovered

2018-12-13 14:53:23 - [MESSAGE][PASSED] - Object: 'Object Repository/Final Object Repo/Landing Page/WorkFlow Menu' is hovered

2018-12-13 14:53:23 - [TEST_STEP][PASSED] - delay: Delayed 2 second(s)

2018-12-13 14:53:25 - [MESSAGE][PASSED] - Delayed 2 second(s)

2018-12-13 14:53:25 - [TEST_STEP][PASSED] - click: Object: 'Object Repository/Final Object Repo/Landing Page/Select to Workflow Listing' is clicked on

2018-12-13 14:53:26 - [MESSAGE][PASSED] - Object: 'Object Repository/Final Object Repo/Landing Page/Select to Workflow Listing' is clicked on

2018-12-13 14:53:26 - [TEST_STEP][PASSED] - delay: Delayed 2 second(s)

2018-12-13 14:53:28 - [MESSAGE][PASSED] - Delayed 2 second(s)

2018-12-13 14:53:28 - [TEST_STEP][PASSED] - click: Object: 'Object Repository/Final Object Repo/WorkFlow Listing Page/Search Information - To Put Ref No' is clicked on

2018-12-13 14:53:28 - [MESSAGE][PASSED] - Object: 'Object Repository/Final Object Repo/WorkFlow Listing Page/Search Information - To Put Ref No' is clicked on

2018-12-13 14:53:28 - [TEST_STEP][PASSED] - delay: Delayed 2 second(s)

2018-12-13 14:53:30 - [MESSAGE][PASSED] - Delayed 2 second(s)

2018-12-13 14:53:30 - [TEST_STEP][PASSED] - callTestCase: Call Test Case 'Test Cases/Final Aug 2018 - PKS Automation/Common/Reference Number Getter' successfully

2018-12-13 14:53:30 - [TEST_CASE][PASSED] - Test Cases/Final Aug 2018 - PKS Automation/Common/Reference Number Getter: Test Cases/Final Aug 2018 - PKS Automation/Common/Reference Number Getter

2018-12-13 14:53:30 - [TEST_STEP][PASSED] - Statement - Try: null

2018-12-13 14:53:30 - [TEST_STEP][PASSED] - Statement - RefNo = new java.io.File(C://Users//Admin//Desktop//PKS//Automation Reference Point//KatalonReference.txt): null

2018-12-13 14:53:30 - [TEST_STEP][PASSED] - Statement - bufferread = new java.io.BufferedReader(new java.io.FileReader(RefNo)): null

2018-12-13 14:53:30 - [TEST_STEP][PASSED] - Statement - readedVal = bufferread.readLine(): null

2018-12-13 14:53:30 - [TEST_STEP][PASSED] - Statement - out.println(CaseReferenceNo): null

2018-12-13 14:53:30 - [TEST_STEP][PASSED] - Statement - out.println(readedVal): null

2018-12-13 14:53:30 - [TEST_STEP][PASSED] - Statement - CaseReferenceNo = "": null

2018-12-13 14:53:30 - [TEST_STEP][PASSED] - Statement - CaseReferenceNo = readedVal: null

2018-12-13 14:53:30 - [MESSAGE][PASSED] - Call Test Case 'Test Cases/Final Aug 2018 - PKS Automation/Common/Reference Number Getter' successfully

2018-12-13 14:53:30 - [TEST_STEP][PASSED] - setText: Text 'CRN12201800123283' is set on object 'Object Repository/Final Object Repo/WorkFlow Listing Page/Ref No Set Text'

2018-12-13 14:53:30 - [MESSAGE][PASSED] - Text 'CRN12201800123283' is set on object 'Object Repository/Final Object Repo/WorkFlow Listing Page/Ref No Set Text'

2018-12-13 14:53:30 - [TEST_STEP][PASSED] - delay: Delayed 2 second(s)

2018-12-13 14:53:32 - [MESSAGE][PASSED] - Delayed 2 second(s)

2018-12-13 14:53:32 - [TEST_STEP][PASSED] - click: Object: 'Object Repository/Final Object Repo/WorkFlow Listing Page/Search Ref No Search Button' is clicked on

2018-12-13 14:53:32 - [MESSAGE][PASSED] - Object: 'Object Repository/Final Object Repo/WorkFlow Listing Page/Search Ref No Search Button' is clicked on

2018-12-13 14:53:32 - [TEST_STEP][PASSED] - delay: Delayed 6 second(s)

2018-12-13 14:53:38 - [MESSAGE][PASSED] - Delayed 6 second(s)

2018-12-13 14:53:38 - [TEST_STEP][PASSED] - click: Object: 'Object Repository/Final Object Repo/WorkFlow Listing Page/Click Continue Tooltip' is clicked on

2018-12-13 14:53:39 - [MESSAGE][PASSED] - Object: 'Object Repository/Final Object Repo/WorkFlow Listing Page/Click Continue Tooltip' is clicked on

2018-12-13 14:53:39 - [TEST_STEP][PASSED] - delay: Delayed 5 second(s)

2018-12-13 14:53:44 - [MESSAGE][PASSED] - Delayed 5 second(s)

2018-12-13 14:53:44 - [TEST_STEP][PASSED] - doubleClick: Object: 'Object Repository/Final Object Repo/WorkFlow Listing Page/Workflow Found - Listing 1' is double clicked on

2018-12-13 14:53:44 - [MESSAGE][PASSED] - Object: 'Object Repository/Final Object Repo/WorkFlow Listing Page/Workflow Found - Listing 1' is double clicked on

2018-12-13 14:53:44 - [TEST_STEP][PASSED] - Statement - println(OwnerID): null

2018-12-13 14:53:44 - [TEST_STEP][PASSED] - Statement - OwnerID = com.kms.katalon.core.webui.keyword.WebUiBuiltInKeywords.getText(com.kms.katalon.core.testobject.ObjectRepository.findTestObject(Final Object Repo/WorkFlow Listing Page/Workflow Found - Listing 1), STOP_ON_FAILURE): Text of object 'Object Repository/Final Object Repo/WorkFlow Listing Page/Workflow Found - Listing 1' is: 'KLpkrbo3'

2018-12-13 14:53:45 - [MESSAGE][PASSED] - Text of object 'Object Repository/Final Object Repo/WorkFlow Listing Page/Workflow Found - Listing 1' is: 'KLpkrbo3'

2018-12-13 14:53:45 - [TEST_STEP][PASSED] - Statement - OwnerID = OwnerID.toLowerCase() + "@gmail.com": null

2018-12-13 14:53:45 - [TEST_STEP][PASSED] - Statement - println(OwnerID): null

2018-12-13 14:53:45 - [TEST_STEP][PASSED] - delay: Delayed 2 second(s)

2018-12-13 14:53:47 - [MESSAGE][PASSED] - Delayed 2 second(s)

2018-12-13 14:53:47 - [MESSAGE][PASSED] - Call Test Case 'Test Cases/Final Aug 2018 - PKS Automation/Common/Workflow Owner Finder' successfully

2018-12-13 14:53:47 - [TEST_STEP][PASSED] - callTestCase: Call Test Case 'Test Cases/Final Aug 2018 - PKS Automation/Registration Module/Log Out/log out avoiding katalon tagging' successfully

2018-12-13 14:53:47 - [TEST_CASE][PASSED] - Test Cases/Final Aug 2018 - PKS Automation/Registration Module/Log Out/log out avoiding katalon tagging: Test Cases/Final Aug 2018 - PKS Automation/Registration Module/Log Out/log out avoiding katalon tagging

2018-12-13 14:53:47 - [TEST_STEP][PASSED] - navigateToUrl: Navigate to 'https://assist2-uat.perkeso.gov.my/c/portal/logout' successfully

2018-12-13 14:53:47 - [MESSAGE][PASSED] - Navigate to 'https://assist2-uat.perkeso.gov.my/c/portal/logout' successfully

2018-12-13 14:53:47 - [MESSAGE][PASSED] - Call Test Case 'Test Cases/Final Aug 2018 - PKS Automation/Registration Module/Log Out/log out avoiding katalon tagging' successfully

2018-12-13 14:53:47 - [TEST_STEP][PASSED] - delay: Delayed 2 second(s)

2018-12-13 14:53:49 - [MESSAGE][PASSED] - Delayed 2 second(s)

2018-12-13 14:53:49 - [TEST_STEP][PASSED] - setText: Text 'klpkrbo3@gmail.com' is set on object 'Object Repository/Final Object Repo/New Registration - Registration Module Pages/New Reg - OTC to RO/Special Case - All Related Objects/Email TextBox'

2018-12-13 14:53:50 - [MESSAGE][PASSED] - Text 'klpkrbo3@gmail.com' is set on object 'Object Repository/Final Object Repo/New Registration - Registration Module Pages/New Reg - OTC to RO/Special Case - All Related Objects/Email TextBox'

2018-12-13 14:53:50 - [TEST_STEP][PASSED] - click: Object: 'Object Repository/Final Object Repo/New Registration - Registration Module Pages/New Reg - OTC to RO/Special Case - All Related Objects/Next Button' is clicked on

2018-12-13 14:53:50 - [MESSAGE][PASSED] - Object: 'Object Repository/Final Object Repo/New Registration - Registration Module Pages/New Reg - OTC to RO/Special Case - All Related Objects/Next Button' is clicked on

2018-12-13 14:53:50 - [TEST_STEP][PASSED] - delay: Delayed 2 second(s)

2018-12-13 14:53:52 - [MESSAGE][PASSED] - Delayed 2 second(s)

2018-12-13 14:53:52 - [TEST_STEP][PASSED] - setText: Text 'Test1@3456789' is set on object 'Object Repository/Final Object Repo/New Registration - Registration Module Pages/New Reg - OTC to RO/Special Case - All Related Objects/Password TextBox'

2018-12-13 14:53:52 - [MESSAGE][PASSED] - Text 'Test1@3456789' is set on object 'Object Repository/Final Object Repo/New Registration - Registration Module Pages/New Reg - OTC to RO/Special Case - All Related Objects/Password TextBox'

2018-12-13 14:53:52 - [TEST_STEP][PASSED] - delay: Delayed 2 second(s)

2018-12-13 14:53:54 - [MESSAGE][PASSED] - Delayed 2 second(s)

2018-12-13 14:53:54 - [TEST_STEP][PASSED] - click: Object: 'Object Repository/Final Object Repo/New Registration - Registration Module Pages/New Reg - OTC to RO/Special Case - All Related Objects/Login Button' is clicked on

2018-12-13 14:53:54 - [MESSAGE][PASSED] - Object: 'Object Repository/Final Object Repo/New Registration - Registration Module Pages/New Reg - OTC to RO/Special Case - All Related Objects/Login Button' is clicked on

2018-12-13 14:53:54 - [TEST_STEP][PASSED] - delay: Delayed 2 second(s)

2018-12-13 14:53:56 - [MESSAGE][PASSED] - Delayed 2 second(s)

2018-12-13 14:53:56 - [TEST_STEP][PASSED] - Statement - Try: null

2018-12-13 14:53:56 - [TEST_STEP][PASSED] - Statement - Checker = com.kms.katalon.core.webui.keyword.WebUiBuiltInKeywords.verifyElementNotPresent("Final Object Repo/Landing Page/Select to English", 3): null

2018-12-13 14:53:56 - [TEST_STEP][PASSED] - Statement - Catch (Exception e): null

2018-12-13 14:53:56 - [TEST_STEP][PASSED] - Statement - e.printStackTrace(): null

2018-12-13 14:53:56 - [TEST_STEP][PASSED] - click: Object: 'Object Repository/Final Object Repo/New Registration - Registration Module Pages/New Reg - OTC to RO/Special Case - All Related Objects/Expand to Search' is clicked on

2018-12-13 14:53:57 - [MESSAGE][PASSED] - Object: 'Object Repository/Final Object Repo/New Registration - Registration Module Pages/New Reg - OTC to RO/Special Case - All Related Objects/Expand to Search' is clicked on

2018-12-13 14:53:57 - [TEST_STEP][PASSED] - delay: Delayed 2 second(s)

2018-12-13 14:53:59 - [MESSAGE][PASSED] - Delayed 2 second(s)

2018-12-13 14:53:59 - [TEST_STEP][PASSED] - setText: Text 'CRN12201800123283' is set on object 'Object Repository/Final Object Repo/New Registration - Registration Module Pages/New Reg - OTC to RO/Special Case - All Related Objects/TextBox RefNo in Workbasket'

2018-12-13 14:53:59 - [MESSAGE][PASSED] - Text 'CRN12201800123283' is set on object 'Object Repository/Final Object Repo/New Registration - Registration Module Pages/New Reg - OTC to RO/Special Case - All Related Objects/TextBox RefNo in Workbasket'

2018-12-13 14:53:59 - [TEST_STEP][PASSED] - delay: Delayed 2 second(s)

2018-12-13 14:54:01 - [MESSAGE][PASSED] - Delayed 2 second(s)

2018-12-13 14:54:01 - [TEST_STEP][PASSED] - click: Object: 'Object Repository/Final Object Repo/New Registration - Registration Module Pages/New Reg - OTC to RO/Special Case - All Related Objects/Click Search' is clicked on

2018-12-13 14:54:01 - [MESSAGE][PASSED] - Object: 'Object Repository/Final Object Repo/New Registration - Registration Module Pages/New Reg - OTC to RO/Special Case - All Related Objects/Click Search' is clicked on

2018-12-13 14:54:01 - [TEST_STEP][PASSED] - delay: Delayed 2 second(s)

2018-12-13 14:54:03 - [MESSAGE][PASSED] - Delayed 2 second(s)

2018-12-13 14:54:03 - [TEST_STEP][PASSED] - click: Object: 'Object Repository/Final Object Repo/New Registration - Registration Module Pages/New Reg - OTC to RO/Special Case - All Related Objects/Click to Continue Workflow' is clicked on

2018-12-13 14:54:05 - [MESSAGE][PASSED] - Object: 'Object Repository/Final Object Repo/New Registration - Registration Module Pages/New Reg - OTC to RO/Special Case - All Related Objects/Click to Continue Workflow' is clicked on

2018-12-13 14:54:05 - [TEST_STEP][PASSED] - delay: Delayed 2 second(s)

2018-12-13 14:54:07 - [MESSAGE][PASSED] - Delayed 2 second(s)

2018-12-13 14:54:07 - [TEST_STEP][PASSED] - click: Object: 'Object Repository/Final Object Repo/New Registration - Registration Module Pages/New Reg - OTC to RO/Special Case - All Related Objects/Form 1 Save n Continue' is clicked on

2018-12-13 14:54:07 - [MESSAGE][PASSED] - Object: 'Object Repository/Final Object Repo/New Registration - Registration Module Pages/New Reg - OTC to RO/Special Case - All Related Objects/Form 1 Save n Continue' is clicked on

2018-12-13 14:54:07 - [TEST_STEP][PASSED] - delay: Delayed 5 second(s)

2018-12-13 14:54:12 - [MESSAGE][PASSED] - Delayed 5 second(s)

2018-12-13 14:54:12 - [TEST_STEP][PASSED] - click: Object: 'Object Repository/Final Object Repo/New Registration - Registration Module Pages/New Reg - OTC to RO/Special Case - OTC - Form 1/Confirm No Flagging as Branch' is clicked on

2018-12-13 14:54:13 - [MESSAGE][PASSED] - Object: 'Object Repository/Final Object Repo/New Registration - Registration Module Pages/New Reg - OTC to RO/Special Case - OTC - Form 1/Confirm No Flagging as Branch' is clicked on

2018-12-13 14:54:13 - [TEST_STEP][PASSED] - delay: Delayed 2 second(s)

2018-12-13 14:54:15 - [MESSAGE][PASSED] - Delayed 2 second(s)

2018-12-13 14:54:15 - [TEST_STEP][PASSED] - click: Object: 'Object Repository/Final Object Repo/New Registration - Registration Module Pages/New Reg - OTC to RO/Special Case - All Related Objects/Form 2 Save n Continue' is clicked on

2018-12-13 14:54:15 - [MESSAGE][PASSED] - Object: 'Object Repository/Final Object Repo/New Registration - Registration Module Pages/New Reg - OTC to RO/Special Case - All Related Objects/Form 2 Save n Continue' is clicked on

2018-12-13 14:54:15 - [TEST_STEP][PASSED] - delay: Delayed 2 second(s)

2018-12-13 14:54:17 - [MESSAGE][PASSED] - Delayed 2 second(s)

2018-12-13 14:54:17 - [TEST_STEP][PASSED] - click: Object: 'Object Repository/Final Object Repo/New Registration - Registration Module Pages/New Reg - OTC to RO/Special Case - All Related Objects/Third Screen Save n Continue' is clicked on

2018-12-13 14:54:22 - [MESSAGE][PASSED] - Object: 'Object Repository/Final Object Repo/New Registration - Registration Module Pages/New Reg - OTC to RO/Special Case - All Related Objects/Third Screen Save n Continue' is clicked on

2018-12-13 14:54:22 - [TEST_STEP][PASSED] - delay: Delayed 5 second(s)

2018-12-13 14:54:27 - [MESSAGE][PASSED] - Delayed 5 second(s)

2018-12-13 14:54:27 - [TEST_STEP][PASSED] - click: Object: 'Object Repository/Final Object Repo/New Registration - Registration Module Pages/New Reg - OTC to RO/Special Case - All Related Objects/Upload Doc Page Save n Continue' is clicked on

2018-12-13 14:54:27 - [MESSAGE][PASSED] - Object: 'Object Repository/Final Object Repo/New Registration - Registration Module Pages/New Reg - OTC to RO/Special Case - All Related Objects/Upload Doc Page Save n Continue' is clicked on

2018-12-13 14:54:27 - [TEST_STEP][PASSED] - callTestCase: Call Test Case 'Test Cases/Final Aug 2018 - PKS Automation/Registration Module/New Registration/Submit and Screenshot/Submit Registration and Screenshot' successfully

2018-12-13 14:54:27 - [TEST_CASE][PASSED] - Test Cases/Final Aug 2018 - PKS Automation/Registration Module/New Registration/Submit and Screenshot/Submit Registration and Screenshot: Test Cases/Final Aug 2018 - PKS Automation/Registration Module/New Registration/Submit and Screenshot/Submit Registration and Screenshot

2018-12-13 14:54:27 - [TEST_STEP][PASSED] - delay: Delayed 6 second(s)

2018-12-13 14:54:33 - [MESSAGE][PASSED] - Delayed 6 second(s)

2018-12-13 14:54:33 - [TEST_STEP][PASSED] - click: Object: 'Object Repository/Final Object Repo/New Registration - Registration Module Pages/Third Screen - Upload Supporting Doc- Preview/Preview Submit Button' is clicked on

2018-12-13 14:54:33 - [MESSAGE][PASSED] - Object: 'Object Repository/Final Object Repo/New Registration - Registration Module Pages/Third Screen - Upload Supporting Doc- Preview/Preview Submit Button' is clicked on

2018-12-13 14:54:33 - [TEST_STEP][PASSED] - delay: Delayed 2 second(s)

2018-12-13 14:54:35 - [MESSAGE][PASSED] - Delayed 2 second(s)

2018-12-13 14:54:35 - [TEST_STEP][PASSED] - click: Object: 'Object Repository/Final Object Repo/New Registration - Registration Module Pages/Third Screen - Upload Supporting Doc- Preview/Preview Submit - Confirm' is clicked on

2018-12-13 14:54:35 - [MESSAGE][PASSED] - Object: 'Object Repository/Final Object Repo/New Registration - Registration Module Pages/Third Screen - Upload Supporting Doc- Preview/Preview Submit - Confirm' is clicked on

2018-12-13 14:54:35 - [TEST_STEP][PASSED] - delay: Delayed 15 second(s)

2018-12-13 14:54:50 - [MESSAGE][PASSED] - Delayed 15 second(s)

2018-12-13 14:54:50 - [TEST_STEP][PASSED] - Statement - driver = com.kms.katalon.core.webui.driver.DriverFactory.getWebDriver(): null

2018-12-13 14:54:50 - [TEST_STEP][PASSED] - Statement - driver.manage().timeouts().implicitlyWait(10, SECONDS): null

2018-12-13 14:54:50 - [TEST_STEP][PASSED] - Statement - PresavePath = KatalonScreenshots: null

2018-12-13 14:54:50 - [TEST_STEP][PASSED] - Statement - pathPrefix = "C:\Users\Public\Pictures\Sample Pictures\Katalon Screenshots\Automate Ending Screen": null

2018-12-13 14:54:50 - [TEST_STEP][PASSED] - Statement - finalPath = <not implemented yet for class: org.codehaus.groovy.ast.expr.EmptyExpression>: null

2018-12-13 14:54:50 - [TEST_STEP][PASSED] - Statement - scrFile = driver.getScreenshotAs(FILE): null

2018-12-13 14:54:51 - [TEST_STEP][PASSED] - Statement - PreSaveFile = new java.io.File(PresavePath): null

2018-12-13 14:54:51 - [TEST_STEP][PASSED] - Statement - counter = 0: null

2018-12-13 14:54:51 - [TEST_STEP][PASSED] - Statement - If (PreSaveFile.exists()): null

2018-12-13 14:54:51 - [TEST_STEP][PASSED] - Statement - While (PreSaveFile.exists()): null

2018-12-13 14:54:51 - [TEST_STEP][PASSED] - Statement - counter = counter + 1: null

2018-12-13 14:54:51 - [TEST_STEP][PASSED] - Statement - PreSaveFile = new java.io.File(((pathPrefix + java.lang.Integer.toString(counter)) + .png)): null

2018-12-13 14:54:51 - [TEST_STEP][PASSED] - Statement - counter = counter + 1: null

2018-12-13 14:54:51 - [TEST_STEP][PASSED] - Statement - PreSaveFile = new java.io.File(((pathPrefix + java.lang.Integer.toString(counter)) + .png)): null

2018-12-13 14:54:51 - [TEST_STEP][PASSED] - Statement - counter = counter + 1: null

2018-12-13 14:54:51 - [TEST_STEP][PASSED] - Statement - PreSaveFile = new java.io.File(((pathPrefix + java.lang.Integer.toString(counter)) + .png)): null

2018-12-13 14:54:51 - [TEST_STEP][PASSED] - Statement - counter = counter + 1: null

2018-12-13 14:54:51 - [TEST_STEP][PASSED] - Statement - PreSaveFile = new java.io.File(((pathPrefix + java.lang.Integer.toString(counter)) + .png)): null

2018-12-13 14:54:51 - [TEST_STEP][PASSED] - Statement - counter = counter + 1: null

2018-12-13 14:54:51 - [TEST_STEP][PASSED] - Statement - PreSaveFile = new java.io.File(((pathPrefix + java.lang.Integer.toString(counter)) + .png)): null

2018-12-13 14:54:51 - [TEST_STEP][PASSED] - Statement - counter = counter + 1: null

2018-12-13 14:54:51 - [TEST_STEP][PASSED] - Statement - PreSaveFile = new java.io.File(((pathPrefix + java.lang.Integer.toString(counter)) + .png)): null

2018-12-13 14:54:51 - [TEST_STEP][PASSED] - Statement - counter = counter + 1: null

2018-12-13 14:54:51 - [TEST_STEP][PASSED] - Statement - PreSaveFile = new java.io.File(((pathPrefix + java.lang.Integer.toString(counter)) + .png)): null

2018-12-13 14:54:51 - [TEST_STEP][PASSED] - Statement - counter = counter + 1: null

2018-12-13 14:54:51 - [TEST_STEP][PASSED] - Statement - PreSaveFile = new java.io.File(((pathPrefix + java.lang.Integer.toString(counter)) + .png)): null

2018-12-13 14:54:51 - [TEST_STEP][PASSED] - Statement - counter = counter + 1: null

2018-12-13 14:54:51 - [TEST_STEP][PASSED] - Statement - PreSaveFile = new java.io.File(((pathPrefix + java.lang.Integer.toString(counter)) + .png)): null

2018-12-13 14:54:51 - [TEST_STEP][PASSED] - Statement - counter = counter + 1: null

2018-12-13 14:54:51 - [TEST_STEP][PASSED] - Statement - PreSaveFile = new java.io.File(((pathPrefix + java.lang.Integer.toString(counter)) + .png)): null

2018-12-13 14:54:51 - [TEST_STEP][PASSED] - Statement - counter = counter + 1: null

2018-12-13 14:54:51 - [TEST_STEP][PASSED] - Statement - PreSaveFile = new java.io.File(((pathPrefix + java.lang.Integer.toString(counter)) + .png)): null

2018-12-13 14:54:51 - [TEST_STEP][PASSED] - Statement - counter = counter + 1: null

2018-12-13 14:54:51 - [TEST_STEP][PASSED] - Statement - PreSaveFile = new java.io.File(((pathPrefix + java.lang.Integer.toString(counter)) + .png)): null

2018-12-13 14:54:51 - [TEST_STEP][PASSED] - Statement - counter = counter + 1: null

2018-12-13 14:54:51 - [TEST_STEP][PASSED] - Statement - PreSaveFile = new java.io.File(((pathPrefix + java.lang.Integer.toString(counter)) + .png)): null

2018-12-13 14:54:51 - [TEST_STEP][PASSED] - Statement - counter = counter + 1: null

2018-12-13 14:54:51 - [TEST_STEP][PASSED] - Statement - PreSaveFile = new java.io.File(((pathPrefix + java.lang.Integer.toString(counter)) + .png)): null

2018-12-13 14:54:51 - [TEST_STEP][PASSED] - Statement - counter = counter + 1: null

2018-12-13 14:54:51 - [TEST_STEP][PASSED] - Statement - PreSaveFile = new java.io.File(((pathPrefix + java.lang.Integer.toString(counter)) + .png)): null

2018-12-13 14:54:51 - [TEST_STEP][PASSED] - Statement - counter = counter + 1: null

2018-12-13 14:54:51 - [TEST_STEP][PASSED] - Statement - PreSaveFile = new java.io.File(((pathPrefix + java.lang.Integer.toString(counter)) + .png)): null

2018-12-13 14:54:51 - [TEST_STEP][PASSED] - Statement - counter = counter + 1: null

2018-12-13 14:54:51 - [TEST_STEP][PASSED] - Statement - PreSaveFile = new java.io.File(((pathPrefix + java.lang.Integer.toString(counter)) + .png)): null

2018-12-13 14:54:51 - [TEST_STEP][PASSED] - Statement - counter = counter + 1: null

2018-12-13 14:54:51 - [TEST_STEP][PASSED] - Statement - PreSaveFile = new java.io.File(((pathPrefix + java.lang.Integer.toString(counter)) + .png)): null

2018-12-13 14:54:51 - [TEST_STEP][PASSED] - Statement - counter = counter + 1: null

2018-12-13 14:54:51 - [TEST_STEP][PASSED] - Statement - PreSaveFile = new java.io.File(((pathPrefix + java.lang.Integer.toString(counter)) + .png)): null

2018-12-13 14:54:51 - [TEST_STEP][PASSED] - Statement - counter = counter + 1: null

2018-12-13 14:54:51 - [TEST_STEP][PASSED] - Statement - PreSaveFile = new java.io.File(((pathPrefix + java.lang.Integer.toString(counter)) + .png)): null

2018-12-13 14:54:51 - [TEST_STEP][PASSED] - Statement - counter = counter + 1: null

2018-12-13 14:54:51 - [TEST_STEP][PASSED] - Statement - PreSaveFile = new java.io.File(((pathPrefix + java.lang.Integer.toString(counter)) + .png)): null

2018-12-13 14:54:51 - [TEST_STEP][PASSED] - Statement - counter = counter + 1: null

2018-12-13 14:54:51 - [TEST_STEP][PASSED] - Statement - PreSaveFile = new java.io.File(((pathPrefix + java.lang.Integer.toString(counter)) + .png)): null

2018-12-13 14:54:51 - [TEST_STEP][PASSED] - Statement - counter = counter + 1: null

2018-12-13 14:54:51 - [TEST_STEP][PASSED] - Statement - PreSaveFile = new java.io.File(((pathPrefix + java.lang.Integer.toString(counter)) + .png)): null

2018-12-13 14:54:51 - [TEST_STEP][PASSED] - Statement - counter = counter + 1: null

2018-12-13 14:54:51 - [TEST_STEP][PASSED] - Statement - PreSaveFile = new java.io.File(((pathPrefix + java.lang.Integer.toString(counter)) + .png)): null

2018-12-13 14:54:51 - [TEST_STEP][PASSED] - Statement - counter = counter + 1: null

2018-12-13 14:54:51 - [TEST_STEP][PASSED] - Statement - PreSaveFile = new java.io.File(((pathPrefix + java.lang.Integer.toString(counter)) + .png)): null

2018-12-13 14:54:51 - [TEST_STEP][PASSED] - Statement - counter = counter + 1: null

2018-12-13 14:54:51 - [TEST_STEP][PASSED] - Statement - PreSaveFile = new java.io.File(((pathPrefix + java.lang.Integer.toString(counter)) + .png)): null

2018-12-13 14:54:51 - [TEST_STEP][PASSED] - Statement - counter = counter + 1: null

2018-12-13 14:54:51 - [TEST_STEP][PASSED] - Statement - PreSaveFile = new java.io.File(((pathPrefix + java.lang.Integer.toString(counter)) + .png)): null

2018-12-13 14:54:51 - [TEST_STEP][PASSED] - Statement - counter = counter + 1: null

2018-12-13 14:54:51 - [TEST_STEP][PASSED] - Statement - PreSaveFile = new java.io.File(((pathPrefix + java.lang.Integer.toString(counter)) + .png)): null

2018-12-13 14:54:51 - [TEST_STEP][PASSED] - Statement - counter = counter + 1: null

2018-12-13 14:54:51 - [TEST_STEP][PASSED] - Statement - PreSaveFile = new java.io.File(((pathPrefix + java.lang.Integer.toString(counter)) + .png)): null

2018-12-13 14:54:51 - [TEST_STEP][PASSED] - Statement - counter = counter + 1: null

2018-12-13 14:54:51 - [TEST_STEP][PASSED] - Statement - PreSaveFile = new java.io.File(((pathPrefix + java.lang.Integer.toString(counter)) + .png)): null

2018-12-13 14:54:51 - [TEST_STEP][PASSED] - Statement - counter = counter + 1: null

2018-12-13 14:54:51 - [TEST_STEP][PASSED] - Statement - PreSaveFile = new java.io.File(((pathPrefix + java.lang.Integer.toString(counter)) + .png)): null

2018-12-13 14:54:51 - [TEST_STEP][PASSED] - Statement - counter = counter + 1: null

2018-12-13 14:54:51 - [TEST_STEP][PASSED] - Statement - PreSaveFile = new java.io.File(((pathPrefix + java.lang.Integer.toString(counter)) + .png)): null

2018-12-13 14:54:51 - [TEST_STEP][PASSED] - Statement - counter = counter + 1: null

2018-12-13 14:54:51 - [TEST_STEP][PASSED] - Statement - PreSaveFile = new java.io.File(((pathPrefix + java.lang.Integer.toString(counter)) + .png)): null

2018-12-13 14:54:51 - [TEST_STEP][PASSED] - Statement - counter = counter + 1: null

2018-12-13 14:54:51 - [TEST_STEP][PASSED] - Statement - PreSaveFile = new java.io.File(((pathPrefix + java.lang.Integer.toString(counter)) + .png)): null

2018-12-13 14:54:51 - [TEST_STEP][PASSED] - Statement - counter = counter + 1: null

2018-12-13 14:54:51 - [TEST_STEP][PASSED] - Statement - PreSaveFile = new java.io.File(((pathPrefix + java.lang.Integer.toString(counter)) + .png)): null

2018-12-13 14:54:51 - [TEST_STEP][PASSED] - Statement - counter = counter + 1: null

2018-12-13 14:54:51 - [TEST_STEP][PASSED] - Statement - PreSaveFile = new java.io.File(((pathPrefix + java.lang.Integer.toString(counter)) + .png)): null

2018-12-13 14:54:51 - [TEST_STEP][PASSED] - Statement - counter = counter + 1: null

2018-12-13 14:54:51 - [TEST_STEP][PASSED] - Statement - PreSaveFile = new java.io.File(((pathPrefix + java.lang.Integer.toString(counter)) + .png)): null

2018-12-13 14:54:51 - [TEST_STEP][PASSED] - Statement - counter = counter + 1: null

2018-12-13 14:54:51 - [TEST_STEP][PASSED] - Statement - PreSaveFile = new java.io.File(((pathPrefix + java.lang.Integer.toString(counter)) + .png)): null

2018-12-13 14:54:51 - [TEST_STEP][PASSED] - Statement - counter = counter + 1: null

2018-12-13 14:54:51 - [TEST_STEP][PASSED] - Statement - PreSaveFile = new java.io.File(((pathPrefix + java.lang.Integer.toString(counter)) + .png)): null

2018-12-13 14:54:51 - [TEST_STEP][PASSED] - Statement - counter = counter + 1: null

2018-12-13 14:54:51 - [TEST_STEP][PASSED] - Statement - PreSaveFile = new java.io.File(((pathPrefix + java.lang.Integer.toString(counter)) + .png)): null

2018-12-13 14:54:51 - [TEST_STEP][PASSED] - Statement - counter = counter + 1: null

2018-12-13 14:54:51 - [TEST_STEP][PASSED] - Statement - PreSaveFile = new java.io.File(((pathPrefix + java.lang.Integer.toString(counter)) + .png)): null

2018-12-13 14:54:51 - [TEST_STEP][PASSED] - Statement - counter = counter + 1: null

2018-12-13 14:54:51 - [TEST_STEP][PASSED] - Statement - PreSaveFile = new java.io.File(((pathPrefix + java.lang.Integer.toString(counter)) + .png)): null

2018-12-13 14:54:51 - [TEST_STEP][PASSED] - Statement - counter = counter + 1: null

2018-12-13 14:54:51 - [TEST_STEP][PASSED] - Statement - PreSaveFile = new java.io.File(((pathPrefix + java.lang.Integer.toString(counter)) + .png)): null

2018-12-13 14:54:51 - [TEST_STEP][PASSED] - Statement - counter = counter + 1: null

2018-12-13 14:54:51 - [TEST_STEP][PASSED] - Statement - PreSaveFile = new java.io.File(((pathPrefix + java.lang.Integer.toString(counter)) + .png)): null

2018-12-13 14:54:51 - [TEST_STEP][PASSED] - Statement - counter = counter + 1: null

2018-12-13 14:54:51 - [TEST_STEP][PASSED] - Statement - PreSaveFile = new java.io.File(((pathPrefix + java.lang.Integer.toString(counter)) + .png)): null

2018-12-13 14:54:51 - [TEST_STEP][PASSED] - Statement - counter = counter + 1: null

2018-12-13 14:54:51 - [TEST_STEP][PASSED] - Statement - PreSaveFile = new java.io.File(((pathPrefix + java.lang.Integer.toString(counter)) + .png)): null

2018-12-13 14:54:51 - [TEST_STEP][PASSED] - Statement - counter = counter + 1: null

2018-12-13 14:54:51 - [TEST_STEP][PASSED] - Statement - PreSaveFile = new java.io.File(((pathPrefix + java.lang.Integer.toString(counter)) + .png)): null

2018-12-13 14:54:51 - [TEST_STEP][PASSED] - Statement - counter = counter + 1: null

2018-12-13 14:54:51 - [TEST_STEP][PASSED] - Statement - PreSaveFile = new java.io.File(((pathPrefix + java.lang.Integer.toString(counter)) + .png)): null

2018-12-13 14:54:51 - [TEST_STEP][PASSED] - Statement - counter = counter + 1: null

2018-12-13 14:54:51 - [TEST_STEP][PASSED] - Statement - PreSaveFile = new java.io.File(((pathPrefix + java.lang.Integer.toString(counter)) + .png)): null

2018-12-13 14:54:51 - [TEST_STEP][PASSED] - Statement - counter = counter + 1: null

2018-12-13 14:54:51 - [TEST_STEP][PASSED] - Statement - PreSaveFile = new java.io.File(((pathPrefix + java.lang.Integer.toString(counter)) + .png)): null

2018-12-13 14:54:51 - [TEST_STEP][PASSED] - Statement - counter = counter + 1: null

2018-12-13 14:54:51 - [TEST_STEP][PASSED] - Statement - PreSaveFile = new java.io.File(((pathPrefix + java.lang.Integer.toString(counter)) + .png)): null

2018-12-13 14:54:51 - [TEST_STEP][PASSED] - Statement - counter = counter + 1: null

2018-12-13 14:54:51 - [TEST_STEP][PASSED] - Statement - PreSaveFile = new java.io.File(((pathPrefix + java.lang.Integer.toString(counter)) + .png)): null

2018-12-13 14:54:51 - [TEST_STEP][PASSED] - Statement - counter = counter + 1: null

2018-12-13 14:54:51 - [TEST_STEP][PASSED] - Statement - PreSaveFile = new java.io.File(((pathPrefix + java.lang.Integer.toString(counter)) + .png)): null

2018-12-13 14:54:51 - [TEST_STEP][PASSED] - Statement - counter = counter + 1: null

2018-12-13 14:54:51 - [TEST_STEP][PASSED] - Statement - PreSaveFile = new java.io.File(((pathPrefix + java.lang.Integer.toString(counter)) + .png)): null

2018-12-13 14:54:51 - [TEST_STEP][PASSED] - Statement - counter = counter + 1: null

2018-12-13 14:54:51 - [TEST_STEP][PASSED] - Statement - PreSaveFile = new java.io.File(((pathPrefix + java.lang.Integer.toString(counter)) + .png)): null

2018-12-13 14:54:51 - [TEST_STEP][PASSED] - Statement - counter = counter + 1: null

2018-12-13 14:54:51 - [TEST_STEP][PASSED] - Statement - PreSaveFile = new java.io.File(((pathPrefix + java.lang.Integer.toString(counter)) + .png)): null

2018-12-13 14:54:51 - [TEST_STEP][PASSED] - Statement - counter = counter + 1: null

2018-12-13 14:54:51 - [TEST_STEP][PASSED] - Statement - PreSaveFile = new java.io.File(((pathPrefix + java.lang.Integer.toString(counter)) + .png)): null

2018-12-13 14:54:51 - [TEST_STEP][PASSED] - Statement - counter = counter + 1: null

2018-12-13 14:54:51 - [TEST_STEP][PASSED] - Statement - PreSaveFile = new java.io.File(((pathPrefix + java.lang.Integer.toString(counter)) + .png)): null

2018-12-13 14:54:51 - [TEST_STEP][PASSED] - Statement - counter = counter + 1: null

2018-12-13 14:54:51 - [TEST_STEP][PASSED] - Statement - PreSaveFile = new java.io.File(((pathPrefix + java.lang.Integer.toString(counter)) + .png)): null

2018-12-13 14:54:51 - [TEST_STEP][PASSED] - Statement - counter = counter + 1: null

2018-12-13 14:54:51 - [TEST_STEP][PASSED] - Statement - PreSaveFile = new java.io.File(((pathPrefix + java.lang.Integer.toString(counter)) + .png)): null

2018-12-13 14:54:51 - [TEST_STEP][PASSED] - Statement - counter = counter + 1: null

2018-12-13 14:54:51 - [TEST_STEP][PASSED] - Statement - PreSaveFile = new java.io.File(((pathPrefix + java.lang.Integer.toString(counter)) + .png)): null

2018-12-13 14:54:51 - [TEST_STEP][PASSED] - Statement - counter = counter + 1: null

2018-12-13 14:54:51 - [TEST_STEP][PASSED] - Statement - PreSaveFile = new java.io.File(((pathPrefix + java.lang.Integer.toString(counter)) + .png)): null

2018-12-13 14:54:51 - [TEST_STEP][PASSED] - Statement - counter = counter + 1: null

2018-12-13 14:54:51 - [TEST_STEP][PASSED] - Statement - PreSaveFile = new java.io.File(((pathPrefix + java.lang.Integer.toString(counter)) + .png)): null

2018-12-13 14:54:51 - [TEST_STEP][PASSED] - Statement - counter = counter + 1: null

2018-12-13 14:54:51 - [TEST_STEP][PASSED] - Statement - PreSaveFile = new java.io.File(((pathPrefix + java.lang.Integer.toString(counter)) + .png)): null

2018-12-13 14:54:51 - [TEST_STEP][PASSED] - Statement - counter = counter + 1: null

2018-12-13 14:54:51 - [TEST_STEP][PASSED] - Statement - PreSaveFile = new java.io.File(((pathPrefix + java.lang.Integer.toString(counter)) + .png)): null

2018-12-13 14:54:51 - [TEST_STEP][PASSED] - Statement - counter = counter + 1: null

2018-12-13 14:54:51 - [TEST_STEP][PASSED] - Statement - PreSaveFile = new java.io.File(((pathPrefix + java.lang.Integer.toString(counter)) + .png)): null

2018-12-13 14:54:51 - [TEST_STEP][PASSED] - Statement - counter = counter + 1: null

2018-12-13 14:54:51 - [TEST_STEP][PASSED] - Statement - PreSaveFile = new java.io.File(((pathPrefix + java.lang.Integer.toString(counter)) + .png)): null

2018-12-13 14:54:51 - [TEST_STEP][PASSED] - Statement - counter = counter + 1: null

2018-12-13 14:54:51 - [TEST_STEP][PASSED] - Statement - PreSaveFile = new java.io.File(((pathPrefix + java.lang.Integer.toString(counter)) + .png)): null

2018-12-13 14:54:51 - [TEST_STEP][PASSED] - Statement - counter = counter + 1: null

2018-12-13 14:54:51 - [TEST_STEP][PASSED] - Statement - PreSaveFile = new java.io.File(((pathPrefix + java.lang.Integer.toString(counter)) + .png)): null

2018-12-13 14:54:51 - [TEST_STEP][PASSED] - Statement - counter = counter + 1: null

2018-12-13 14:54:51 - [TEST_STEP][PASSED] - Statement - PreSaveFile = new java.io.File(((pathPrefix + java.lang.Integer.toString(counter)) + .png)): null

2018-12-13 14:54:51 - [TEST_STEP][PASSED] - Statement - counter = counter + 1: null

2018-12-13 14:54:51 - [TEST_STEP][PASSED] - Statement - PreSaveFile = new java.io.File(((pathPrefix + java.lang.Integer.toString(counter)) + .png)): null

2018-12-13 14:54:51 - [TEST_STEP][PASSED] - Statement - counter = counter + 1: null

2018-12-13 14:54:51 - [TEST_STEP][PASSED] - Statement - PreSaveFile = new java.io.File(((pathPrefix + java.lang.Integer.toString(counter)) + .png)): null

2018-12-13 14:54:51 - [TEST_STEP][PASSED] - Statement - counter = counter + 1: null

2018-12-13 14:54:51 - [TEST_STEP][PASSED] - Statement - PreSaveFile = new java.io.File(((pathPrefix + java.lang.Integer.toString(counter)) + .png)): null

2018-12-13 14:54:51 - [TEST_STEP][PASSED] - Statement - counter = counter + 1: null

2018-12-13 14:54:51 - [TEST_STEP][PASSED] - Statement - PreSaveFile = new java.io.File(((pathPrefix + java.lang.Integer.toString(counter)) + .png)): null

2018-12-13 14:54:51 - [TEST_STEP][PASSED] - Statement - counter = counter + 1: null

2018-12-13 14:54:51 - [TEST_STEP][PASSED] - Statement - PreSaveFile = new java.io.File(((pathPrefix + java.lang.Integer.toString(counter)) + .png)): null

2018-12-13 14:54:51 - [TEST_STEP][PASSED] - Statement - counter = counter + 1: null

2018-12-13 14:54:51 - [TEST_STEP][PASSED] - Statement - PreSaveFile = new java.io.File(((pathPrefix + java.lang.Integer.toString(counter)) + .png)): null

2018-12-13 14:54:51 - [TEST_STEP][PASSED] - Statement - counter = counter + 1: null

2018-12-13 14:54:51 - [TEST_STEP][PASSED] - Statement - PreSaveFile = new java.io.File(((pathPrefix + java.lang.Integer.toString(counter)) + .png)): null

2018-12-13 14:54:51 - [TEST_STEP][PASSED] - Statement - counter = counter + 1: null

2018-12-13 14:54:51 - [TEST_STEP][PASSED] - Statement - PreSaveFile = new java.io.File(((pathPrefix + java.lang.Integer.toString(counter)) + .png)): null

2018-12-13 14:54:51 - [TEST_STEP][PASSED] - Statement - counter = counter + 1: null

2018-12-13 14:54:51 - [TEST_STEP][PASSED] - Statement - PreSaveFile = new java.io.File(((pathPrefix + java.lang.Integer.toString(counter)) + .png)): null

2018-12-13 14:54:51 - [TEST_STEP][PASSED] - Statement - counter = counter + 1: null

2018-12-13 14:54:51 - [TEST_STEP][PASSED] - Statement - PreSaveFile = new java.io.File(((pathPrefix + java.lang.Integer.toString(counter)) + .png)): null

2018-12-13 14:54:51 - [TEST_STEP][PASSED] - Statement - counter = counter + 1: null

2018-12-13 14:54:51 - [TEST_STEP][PASSED] - Statement - PreSaveFile = new java.io.File(((pathPrefix + java.lang.Integer.toString(counter)) + .png)): null

2018-12-13 14:54:51 - [TEST_STEP][PASSED] - Statement - counter = counter + 1: null

2018-12-13 14:54:51 - [TEST_STEP][PASSED] - Statement - PreSaveFile = new java.io.File(((pathPrefix + java.lang.Integer.toString(counter)) + .png)): null

2018-12-13 14:54:51 - [TEST_STEP][PASSED] - Statement - counter = counter + 1: null

2018-12-13 14:54:51 - [TEST_STEP][PASSED] - Statement - PreSaveFile = new java.io.File(((pathPrefix + java.lang.Integer.toString(counter)) + .png)): null

2018-12-13 14:54:51 - [TEST_STEP][PASSED] - Statement - counter = counter + 1: null

2018-12-13 14:54:51 - [TEST_STEP][PASSED] - Statement - PreSaveFile = new java.io.File(((pathPrefix + java.lang.Integer.toString(counter)) + .png)): null

2018-12-13 14:54:51 - [TEST_STEP][PASSED] - Statement - counter = counter + 1: null

2018-12-13 14:54:51 - [TEST_STEP][PASSED] - Statement - PreSaveFile = new java.io.File(((pathPrefix + java.lang.Integer.toString(counter)) + .png)): null

2018-12-13 14:54:51 - [TEST_STEP][PASSED] - Statement - counter = counter + 1: null

2018-12-13 14:54:51 - [TEST_STEP][PASSED] - Statement - PreSaveFile = new java.io.File(((pathPrefix + java.lang.Integer.toString(counter)) + .png)): null

2018-12-13 14:54:51 - [TEST_STEP][PASSED] - Statement - counter = counter + 1: null

2018-12-13 14:54:51 - [TEST_STEP][PASSED] - Statement - PreSaveFile = new java.io.File(((pathPrefix + java.lang.Integer.toString(counter)) + .png)): null

2018-12-13 14:54:51 - [TEST_STEP][PASSED] - Statement - counter = counter + 1: null

2018-12-13 14:54:51 - [TEST_STEP][PASSED] - Statement - PreSaveFile = new java.io.File(((pathPrefix + java.lang.Integer.toString(counter)) + .png)): null

2018-12-13 14:54:51 - [TEST_STEP][PASSED] - Statement - counter = counter + 1: null

2018-12-13 14:54:51 - [TEST_STEP][PASSED] - Statement - PreSaveFile = new java.io.File(((pathPrefix + java.lang.Integer.toString(counter)) + .png)): null

2018-12-13 14:54:51 - [TEST_STEP][PASSED] - Statement - counter = counter + 1: null

2018-12-13 14:54:51 - [TEST_STEP][PASSED] - Statement - PreSaveFile = new java.io.File(((pathPrefix + java.lang.Integer.toString(counter)) + .png)): null

2018-12-13 14:54:51 - [TEST_STEP][PASSED] - Statement - counter = counter + 1: null

2018-12-13 14:54:51 - [TEST_STEP][PASSED] - Statement - PreSaveFile = new java.io.File(((pathPrefix + java.lang.Integer.toString(counter)) + .png)): null

2018-12-13 14:54:51 - [TEST_STEP][PASSED] - Statement - counter = counter + 1: null

2018-12-13 14:54:51 - [TEST_STEP][PASSED] - Statement - PreSaveFile = new java.io.File(((pathPrefix + java.lang.Integer.toString(counter)) + .png)): null

2018-12-13 14:54:51 - [TEST_STEP][PASSED] - Statement - counter = counter + 1: null

2018-12-13 14:54:51 - [TEST_STEP][PASSED] - Statement - PreSaveFile = new java.io.File(((pathPrefix + java.lang.Integer.toString(counter)) + .png)): null

2018-12-13 14:54:51 - [TEST_STEP][PASSED] - Statement - counter = counter + 1: null

2018-12-13 14:54:51 - [TEST_STEP][PASSED] - Statement - PreSaveFile = new java.io.File(((pathPrefix + java.lang.Integer.toString(counter)) + .png)): null

2018-12-13 14:54:51 - [TEST_STEP][PASSED] - Statement - counter = counter + 1: null

2018-12-13 14:54:51 - [TEST_STEP][PASSED] - Statement - PreSaveFile = new java.io.File(((pathPrefix + java.lang.Integer.toString(counter)) + .png)): null

2018-12-13 14:54:51 - [TEST_STEP][PASSED] - Statement - counter = counter + 1: null

2018-12-13 14:54:51 - [TEST_STEP][PASSED] - Statement - PreSaveFile = new java.io.File(((pathPrefix + java.lang.Integer.toString(counter)) + .png)): null

2018-12-13 14:54:51 - [TEST_STEP][PASSED] - Statement - counter = counter + 1: null

2018-12-13 14:54:51 - [TEST_STEP][PASSED] - Statement - PreSaveFile = new java.io.File(((pathPrefix + java.lang.Integer.toString(counter)) + .png)): null

2018-12-13 14:54:51 - [TEST_STEP][PASSED] - Statement - counter = counter + 1: null

2018-12-13 14:54:51 - [TEST_STEP][PASSED] - Statement - PreSaveFile = new java.io.File(((pathPrefix + java.lang.Integer.toString(counter)) + .png)): null

2018-12-13 14:54:51 - [TEST_STEP][PASSED] - Statement - counter = counter + 1: null

2018-12-13 14:54:51 - [TEST_STEP][PASSED] - Statement - PreSaveFile = new java.io.File(((pathPrefix + java.lang.Integer.toString(counter)) + .png)): null

2018-12-13 14:54:51 - [TEST_STEP][PASSED] - Statement - counter = counter + 1: null

2018-12-13 14:54:51 - [TEST_STEP][PASSED] - Statement - PreSaveFile = new java.io.File(((pathPrefix + java.lang.Integer.toString(counter)) + .png)): null

2018-12-13 14:54:51 - [TEST_STEP][PASSED] - Statement - counter = counter + 1: null

2018-12-13 14:54:51 - [TEST_STEP][PASSED] - Statement - PreSaveFile = new java.io.File(((pathPrefix + java.lang.Integer.toString(counter)) + .png)): null

2018-12-13 14:54:51 - [TEST_STEP][PASSED] - Statement - counter = counter + 1: null

2018-12-13 14:54:51 - [TEST_STEP][PASSED] - Statement - PreSaveFile = new java.io.File(((pathPrefix + java.lang.Integer.toString(counter)) + .png)): null

2018-12-13 14:54:51 - [TEST_STEP][PASSED] - Statement - counter = counter + 1: null

2018-12-13 14:54:51 - [TEST_STEP][PASSED] - Statement - PreSaveFile = new java.io.File(((pathPrefix + java.lang.Integer.toString(counter)) + .png)): null

2018-12-13 14:54:51 - [TEST_STEP][PASSED] - Statement - counter = counter + 1: null

2018-12-13 14:54:51 - [TEST_STEP][PASSED] - Statement - PreSaveFile = new java.io.File(((pathPrefix + java.lang.Integer.toString(counter)) + .png)): null

2018-12-13 14:54:51 - [TEST_STEP][PASSED] - Statement - counter = counter + 1: null

2018-12-13 14:54:51 - [TEST_STEP][PASSED] - Statement - PreSaveFile = new java.io.File(((pathPrefix + java.lang.Integer.toString(counter)) + .png)): null

2018-12-13 14:54:51 - [TEST_STEP][PASSED] - Statement - counter = counter + 1: null

2018-12-13 14:54:51 - [TEST_STEP][PASSED] - Statement - PreSaveFile = new java.io.File(((pathPrefix + java.lang.Integer.toString(counter)) + .png)): null

2018-12-13 14:54:51 - [TEST_STEP][PASSED] - Statement - counter = counter + 1: null

2018-12-13 14:54:51 - [TEST_STEP][PASSED] - Statement - PreSaveFile = new java.io.File(((pathPrefix + java.lang.Integer.toString(counter)) + .png)): null

2018-12-13 14:54:51 - [TEST_STEP][PASSED] - Statement - counter = counter + 1: null

2018-12-13 14:54:51 - [TEST_STEP][PASSED] - Statement - PreSaveFile = new java.io.File(((pathPrefix + java.lang.Integer.toString(counter)) + .png)): null

2018-12-13 14:54:51 - [TEST_STEP][PASSED] - Statement - counter = counter + 1: null

2018-12-13 14:54:51 - [TEST_STEP][PASSED] - Statement - PreSaveFile = new java.io.File(((pathPrefix + java.lang.Integer.toString(counter)) + .png)): null

2018-12-13 14:54:51 - [TEST_STEP][PASSED] - Statement - counter = counter + 1: null

2018-12-13 14:54:51 - [TEST_STEP][PASSED] - Statement - PreSaveFile = new java.io.File(((pathPrefix + java.lang.Integer.toString(counter)) + .png)): null

2018-12-13 14:54:51 - [TEST_STEP][PASSED] - Statement - counter = counter + 1: null

2018-12-13 14:54:51 - [TEST_STEP][PASSED] - Statement - PreSaveFile = new java.io.File(((pathPrefix + java.lang.Integer.toString(counter)) + .png)): null

2018-12-13 14:54:51 - [TEST_STEP][PASSED] - Statement - counter = counter + 1: null

2018-12-13 14:54:51 - [TEST_STEP][PASSED] - Statement - PreSaveFile = new java.io.File(((pathPrefix + java.lang.Integer.toString(counter)) + .png)): null

2018-12-13 14:54:51 - [TEST_STEP][PASSED] - Statement - counter = counter + 1: null

2018-12-13 14:54:51 - [TEST_STEP][PASSED] - Statement - PreSaveFile = new java.io.File(((pathPrefix + java.lang.Integer.toString(counter)) + .png)): null

2018-12-13 14:54:51 - [TEST_STEP][PASSED] - Statement - counter = counter + 1: null

2018-12-13 14:54:51 - [TEST_STEP][PASSED] - Statement - PreSaveFile = new java.io.File(((pathPrefix + java.lang.Integer.toString(counter)) + .png)): null

2018-12-13 14:54:51 - [TEST_STEP][PASSED] - Statement - counter = counter + 1: null

2018-12-13 14:54:51 - [TEST_STEP][PASSED] - Statement - PreSaveFile = new java.io.File(((pathPrefix + java.lang.Integer.toString(counter)) + .png)): null

2018-12-13 14:54:51 - [TEST_STEP][PASSED] - Statement - counter = counter + 1: null

2018-12-13 14:54:51 - [TEST_STEP][PASSED] - Statement - PreSaveFile = new java.io.File(((pathPrefix + java.lang.Integer.toString(counter)) + .png)): null

2018-12-13 14:54:51 - [TEST_STEP][PASSED] - Statement - counter = counter + 1: null

2018-12-13 14:54:51 - [TEST_STEP][PASSED] - Statement - PreSaveFile = new java.io.File(((pathPrefix + java.lang.Integer.toString(counter)) + .png)): null

2018-12-13 14:54:51 - [TEST_STEP][PASSED] - Statement - counter = counter + 1: null

2018-12-13 14:54:51 - [TEST_STEP][PASSED] - Statement - PreSaveFile = new java.io.File(((pathPrefix + java.lang.Integer.toString(counter)) + .png)): null

2018-12-13 14:54:51 - [TEST_STEP][PASSED] - Statement - counter = counter + 1: null

2018-12-13 14:54:51 - [TEST_STEP][PASSED] - Statement - PreSaveFile = new java.io.File(((pathPrefix + java.lang.Integer.toString(counter)) + .png)): null

2018-12-13 14:54:51 - [TEST_STEP][PASSED] - Statement - counter = counter + 1: null

2018-12-13 14:54:51 - [TEST_STEP][PASSED] - Statement - PreSaveFile = new java.io.File(((pathPrefix + java.lang.Integer.toString(counter)) + .png)): null

2018-12-13 14:54:51 - [TEST_STEP][PASSED] - Statement - counter = counter + 1: null

2018-12-13 14:54:51 - [TEST_STEP][PASSED] - Statement - PreSaveFile = new java.io.File(((pathPrefix + java.lang.Integer.toString(counter)) + .png)): null

2018-12-13 14:54:51 - [TEST_STEP][PASSED] - Statement - counter = counter + 1: null

2018-12-13 14:54:51 - [TEST_STEP][PASSED] - Statement - PreSaveFile = new java.io.File(((pathPrefix + java.lang.Integer.toString(counter)) + .png)): null

2018-12-13 14:54:51 - [TEST_STEP][PASSED] - Statement - counter = counter + 1: null

2018-12-13 14:54:51 - [TEST_STEP][PASSED] - Statement - PreSaveFile = new java.io.File(((pathPrefix + java.lang.Integer.toString(counter)) + .png)): null

2018-12-13 14:54:51 - [TEST_STEP][PASSED] - Statement - counter = counter + 1: null

2018-12-13 14:54:51 - [TEST_STEP][PASSED] - Statement - PreSaveFile = new java.io.File(((pathPrefix + java.lang.Integer.toString(counter)) + .png)): null

2018-12-13 14:54:51 - [TEST_STEP][PASSED] - Statement - counter = counter + 1: null

2018-12-13 14:54:51 - [TEST_STEP][PASSED] - Statement - PreSaveFile = new java.io.File(((pathPrefix + java.lang.Integer.toString(counter)) + .png)): null

2018-12-13 14:54:51 - [TEST_STEP][PASSED] - Statement - counter = counter + 1: null

2018-12-13 14:54:51 - [TEST_STEP][PASSED] - Statement - PreSaveFile = new java.io.File(((pathPrefix + java.lang.Integer.toString(counter)) + .png)): null

2018-12-13 14:54:51 - [TEST_STEP][PASSED] - Statement - counter = counter + 1: null

2018-12-13 14:54:51 - [TEST_STEP][PASSED] - Statement - PreSaveFile = new java.io.File(((pathPrefix + java.lang.Integer.toString(counter)) + .png)): null

2018-12-13 14:54:51 - [TEST_STEP][PASSED] - Statement - counter = counter + 1: null

2018-12-13 14:54:51 - [TEST_STEP][PASSED] - Statement - PreSaveFile = new java.io.File(((pathPrefix + java.lang.Integer.toString(counter)) + .png)): null

2018-12-13 14:54:51 - [TEST_STEP][PASSED] - Statement - counter = counter + 1: null

2018-12-13 14:54:51 - [TEST_STEP][PASSED] - Statement - PreSaveFile = new java.io.File(((pathPrefix + java.lang.Integer.toString(counter)) + .png)): null

2018-12-13 14:54:51 - [TEST_STEP][PASSED] - Statement - counter = counter + 1: null

2018-12-13 14:54:51 - [TEST_STEP][PASSED] - Statement - PreSaveFile = new java.io.File(((pathPrefix + java.lang.Integer.toString(counter)) + .png)): null

2018-12-13 14:54:51 - [TEST_STEP][PASSED] - Statement - counter = counter + 1: null

2018-12-13 14:54:51 - [TEST_STEP][PASSED] - Statement - PreSaveFile = new java.io.File(((pathPrefix + java.lang.Integer.toString(counter)) + .png)): null

2018-12-13 14:54:51 - [TEST_STEP][PASSED] - Statement - counter = counter + 1: null

2018-12-13 14:54:51 - [TEST_STEP][PASSED] - Statement - PreSaveFile = new java.io.File(((pathPrefix + java.lang.Integer.toString(counter)) + .png)): null

2018-12-13 14:54:51 - [TEST_STEP][PASSED] - Statement - counter = counter + 1: null

2018-12-13 14:54:51 - [TEST_STEP][PASSED] - Statement - PreSaveFile = new java.io.File(((pathPrefix + java.lang.Integer.toString(counter)) + .png)): null

2018-12-13 14:54:51 - [TEST_STEP][PASSED] - Statement - counter = counter + 1: null

2018-12-13 14:54:51 - [TEST_STEP][PASSED] - Statement - PreSaveFile = new java.io.File(((pathPrefix + java.lang.Integer.toString(counter)) + .png)): null

2018-12-13 14:54:51 - [TEST_STEP][PASSED] - Statement - counter = counter + 1: null

2018-12-13 14:54:51 - [TEST_STEP][PASSED] - Statement - PreSaveFile = new java.io.File(((pathPrefix + java.lang.Integer.toString(counter)) + .png)): null

2018-12-13 14:54:51 - [TEST_STEP][PASSED] - Statement - counter = counter + 1: null

2018-12-13 14:54:51 - [TEST_STEP][PASSED] - Statement - PreSaveFile = new java.io.File(((pathPrefix + java.lang.Integer.toString(counter)) + .png)): null

2018-12-13 14:54:51 - [TEST_STEP][PASSED] - Statement - counter = counter + 1: null

2018-12-13 14:54:51 - [TEST_STEP][PASSED] - Statement - PreSaveFile = new java.io.File(((pathPrefix + java.lang.Integer.toString(counter)) + .png)): null

2018-12-13 14:54:51 - [TEST_STEP][PASSED] - Statement - counter = counter + 1: null

2018-12-13 14:54:51 - [TEST_STEP][PASSED] - Statement - PreSaveFile = new java.io.File(((pathPrefix + java.lang.Integer.toString(counter)) + .png)): null

2018-12-13 14:54:51 - [TEST_STEP][PASSED] - Statement - counter = counter + 1: null

2018-12-13 14:54:51 - [TEST_STEP][PASSED] - Statement - PreSaveFile = new java.io.File(((pathPrefix + java.lang.Integer.toString(counter)) + .png)): null

2018-12-13 14:54:51 - [TEST_STEP][PASSED] - Statement - counter = counter + 1: null

2018-12-13 14:54:51 - [TEST_STEP][PASSED] - Statement - PreSaveFile = new java.io.File(((pathPrefix + java.lang.Integer.toString(counter)) + .png)): null

2018-12-13 14:54:51 - [TEST_STEP][PASSED] - Statement - counter = counter + 1: null

2018-12-13 14:54:51 - [TEST_STEP][PASSED] - Statement - PreSaveFile = new java.io.File(((pathPrefix + java.lang.Integer.toString(counter)) + .png)): null

2018-12-13 14:54:51 - [TEST_STEP][PASSED] - Statement - counter = counter + 1: null

2018-12-13 14:54:51 - [TEST_STEP][PASSED] - Statement - PreSaveFile = new java.io.File(((pathPrefix + java.lang.Integer.toString(counter)) + .png)): null

2018-12-13 14:54:51 - [TEST_STEP][PASSED] - Statement - counter = counter + 1: null

2018-12-13 14:54:51 - [TEST_STEP][PASSED] - Statement - PreSaveFile = new java.io.File(((pathPrefix + java.lang.Integer.toString(counter)) + .png)): null

2018-12-13 14:54:51 - [TEST_STEP][PASSED] - Statement - counter = counter + 1: null

2018-12-13 14:54:51 - [TEST_STEP][PASSED] - Statement - PreSaveFile = new java.io.File(((pathPrefix + java.lang.Integer.toString(counter)) + .png)): null

2018-12-13 14:54:51 - [TEST_STEP][PASSED] - Statement - counter = counter + 1: null

2018-12-13 14:54:51 - [TEST_STEP][PASSED] - Statement - PreSaveFile = new java.io.File(((pathPrefix + java.lang.Integer.toString(counter)) + .png)): null

2018-12-13 14:54:51 - [TEST_STEP][PASSED] - Statement - counter = counter + 1: null

2018-12-13 14:54:51 - [TEST_STEP][PASSED] - Statement - PreSaveFile = new java.io.File(((pathPrefix + java.lang.Integer.toString(counter)) + .png)): null

2018-12-13 14:54:51 - [TEST_STEP][PASSED] - Statement - counter = counter + 1: null

2018-12-13 14:54:51 - [TEST_STEP][PASSED] - Statement - PreSaveFile = new java.io.File(((pathPrefix + java.lang.Integer.toString(counter)) + .png)): null

2018-12-13 14:54:51 - [TEST_STEP][PASSED] - Statement - counter = counter + 1: null

2018-12-13 14:54:51 - [TEST_STEP][PASSED] - Statement - PreSaveFile = new java.io.File(((pathPrefix + java.lang.Integer.toString(counter)) + .png)): null

2018-12-13 14:54:51 - [TEST_STEP][PASSED] - Statement - counter = counter + 1: null

2018-12-13 14:54:51 - [TEST_STEP][PASSED] - Statement - PreSaveFile = new java.io.File(((pathPrefix + java.lang.Integer.toString(counter)) + .png)): null

2018-12-13 14:54:51 - [TEST_STEP][PASSED] - Statement - counter = counter + 1: null

2018-12-13 14:54:51 - [TEST_STEP][PASSED] - Statement - PreSaveFile = new java.io.File(((pathPrefix + java.lang.Integer.toString(counter)) + .png)): null

2018-12-13 14:54:51 - [TEST_STEP][PASSED] - Statement - counter = counter + 1: null

2018-12-13 14:54:51 - [TEST_STEP][PASSED] - Statement - PreSaveFile = new java.io.File(((pathPrefix + java.lang.Integer.toString(counter)) + .png)): null

2018-12-13 14:54:51 - [TEST_STEP][PASSED] - Statement - counter = counter + 1: null

2018-12-13 14:54:51 - [TEST_STEP][PASSED] - Statement - PreSaveFile = new java.io.File(((pathPrefix + java.lang.Integer.toString(counter)) + .png)): null

2018-12-13 14:54:51 - [TEST_STEP][PASSED] - Statement - counter = counter + 1: null

2018-12-13 14:54:51 - [TEST_STEP][PASSED] - Statement - PreSaveFile = new java.io.File(((pathPrefix + java.lang.Integer.toString(counter)) + .png)): null

2018-12-13 14:54:51 - [TEST_STEP][PASSED] - Statement - counter = counter + 1: null

2018-12-13 14:54:51 - [TEST_STEP][PASSED] - Statement - PreSaveFile = new java.io.File(((pathPrefix + java.lang.Integer.toString(counter)) + .png)): null

2018-12-13 14:54:51 - [TEST_STEP][PASSED] - Statement - counter = counter + 1: null

2018-12-13 14:54:51 - [TEST_STEP][PASSED] - Statement - PreSaveFile = new java.io.File(((pathPrefix + java.lang.Integer.toString(counter)) + .png)): null

2018-12-13 14:54:51 - [TEST_STEP][PASSED] - Statement - counter = counter + 1: null

2018-12-13 14:54:51 - [TEST_STEP][PASSED] - Statement - PreSaveFile = new java.io.File(((pathPrefix + java.lang.Integer.toString(counter)) + .png)): null

2018-12-13 14:54:51 - [TEST_STEP][PASSED] - Statement - counter = counter + 1: null

2018-12-13 14:54:51 - [TEST_STEP][PASSED] - Statement - PreSaveFile = new java.io.File(((pathPrefix + java.lang.Integer.toString(counter)) + .png)): null

2018-12-13 14:54:51 - [TEST_STEP][PASSED] - Statement - counter = counter + 1: null

2018-12-13 14:54:51 - [TEST_STEP][PASSED] - Statement - PreSaveFile = new java.io.File(((pathPrefix + java.lang.Integer.toString(counter)) + .png)): null

2018-12-13 14:54:51 - [TEST_STEP][PASSED] - Statement - counter = counter + 1: null

2018-12-13 14:54:51 - [TEST_STEP][PASSED] - Statement - PreSaveFile = new java.io.File(((pathPrefix + java.lang.Integer.toString(counter)) + .png)): null

2018-12-13 14:54:51 - [TEST_STEP][PASSED] - Statement - counter = counter + 1: null

2018-12-13 14:54:51 - [TEST_STEP][PASSED] - Statement - PreSaveFile = new java.io.File(((pathPrefix + java.lang.Integer.toString(counter)) + .png)): null

2018-12-13 14:54:51 - [TEST_STEP][PASSED] - Statement - counter = counter + 1: null

2018-12-13 14:54:51 - [TEST_STEP][PASSED] - Statement - PreSaveFile = new java.io.File(((pathPrefix + java.lang.Integer.toString(counter)) + .png)): null

2018-12-13 14:54:51 - [TEST_STEP][PASSED] - Statement - counter = counter + 1: null

2018-12-13 14:54:51 - [TEST_STEP][PASSED] - Statement - PreSaveFile = new java.io.File(((pathPrefix + java.lang.Integer.toString(counter)) + .png)): null

2018-12-13 14:54:51 - [TEST_STEP][PASSED] - Statement - counter = counter + 1: null

2018-12-13 14:54:51 - [TEST_STEP][PASSED] - Statement - PreSaveFile = new java.io.File(((pathPrefix + java.lang.Integer.toString(counter)) + .png)): null

2018-12-13 14:54:51 - [TEST_STEP][PASSED] - Statement - counter = counter + 1: null

2018-12-13 14:54:51 - [TEST_STEP][PASSED] - Statement - PreSaveFile = new java.io.File(((pathPrefix + java.lang.Integer.toString(counter)) + .png)): null

2018-12-13 14:54:51 - [TEST_STEP][PASSED] - Statement - counter = counter + 1: null

2018-12-13 14:54:51 - [TEST_STEP][PASSED] - Statement - PreSaveFile = new java.io.File(((pathPrefix + java.lang.Integer.toString(counter)) + .png)): null

2018-12-13 14:54:51 - [TEST_STEP][PASSED] - Statement - counter = counter + 1: null

2018-12-13 14:54:51 - [TEST_STEP][PASSED] - Statement - PreSaveFile = new java.io.File(((pathPrefix + java.lang.Integer.toString(counter)) + .png)): null

2018-12-13 14:54:51 - [TEST_STEP][PASSED] - Statement - counter = counter + 1: null

2018-12-13 14:54:51 - [TEST_STEP][PASSED] - Statement - PreSaveFile = new java.io.File(((pathPrefix + java.lang.Integer.toString(counter)) + .png)): null

2018-12-13 14:54:51 - [TEST_STEP][PASSED] - Statement - counter = counter + 1: null

2018-12-13 14:54:51 - [TEST_STEP][PASSED] - Statement - PreSaveFile = new java.io.File(((pathPrefix + java.lang.Integer.toString(counter)) + .png)): null

2018-12-13 14:54:51 - [TEST_STEP][PASSED] - Statement - counter = counter + 1: null

2018-12-13 14:54:51 - [TEST_STEP][PASSED] - Statement - PreSaveFile = new java.io.File(((pathPrefix + java.lang.Integer.toString(counter)) + .png)): null

2018-12-13 14:54:51 - [TEST_STEP][PASSED] - Statement - counter = counter + 1: null

2018-12-13 14:54:51 - [TEST_STEP][PASSED] - Statement - PreSaveFile = new java.io.File(((pathPrefix + java.lang.Integer.toString(counter)) + .png)): null

2018-12-13 14:54:51 - [TEST_STEP][PASSED] - Statement - counter = counter + 1: null

2018-12-13 14:54:51 - [TEST_STEP][PASSED] - Statement - PreSaveFile = new java.io.File(((pathPrefix + java.lang.Integer.toString(counter)) + .png)): null

2018-12-13 14:54:51 - [TEST_STEP][PASSED] - Statement - counter = counter + 1: null

2018-12-13 14:54:51 - [TEST_STEP][PASSED] - Statement - PreSaveFile = new java.io.File(((pathPrefix + java.lang.Integer.toString(counter)) + .png)): null

2018-12-13 14:54:51 - [TEST_STEP][PASSED] - Statement - counter = counter + 1: null

2018-12-13 14:54:51 - [TEST_STEP][PASSED] - Statement - PreSaveFile = new java.io.File(((pathPrefix + java.lang.Integer.toString(counter)) + .png)): null

2018-12-13 14:54:51 - [TEST_STEP][PASSED] - Statement - counter = counter + 1: null

2018-12-13 14:54:51 - [TEST_STEP][PASSED] - Statement - PreSaveFile = new java.io.File(((pathPrefix + java.lang.Integer.toString(counter)) + .png)): null

2018-12-13 14:54:51 - [TEST_STEP][PASSED] - Statement - counter = counter + 1: null

2018-12-13 14:54:51 - [TEST_STEP][PASSED] - Statement - PreSaveFile = new java.io.File(((pathPrefix + java.lang.Integer.toString(counter)) + .png)): null

2018-12-13 14:54:51 - [TEST_STEP][PASSED] - Statement - counter = counter + 1: null

2018-12-13 14:54:51 - [TEST_STEP][PASSED] - Statement - PreSaveFile = new java.io.File(((pathPrefix + java.lang.Integer.toString(counter)) + .png)): null

2018-12-13 14:54:51 - [TEST_STEP][PASSED] - Statement - counter = counter + 1: null

2018-12-13 14:54:51 - [TEST_STEP][PASSED] - Statement - PreSaveFile = new java.io.File(((pathPrefix + java.lang.Integer.toString(counter)) + .png)): null

2018-12-13 14:54:51 - [TEST_STEP][PASSED] - Statement - counter = counter + 1: null

2018-12-13 14:54:51 - [TEST_STEP][PASSED] - Statement - PreSaveFile = new java.io.File(((pathPrefix + java.lang.Integer.toString(counter)) + .png)): null

2018-12-13 14:54:51 - [TEST_STEP][PASSED] - Statement - counter = counter + 1: null

2018-12-13 14:54:51 - [TEST_STEP][PASSED] - Statement - PreSaveFile = new java.io.File(((pathPrefix + java.lang.Integer.toString(counter)) + .png)): null

2018-12-13 14:54:51 - [TEST_STEP][PASSED] - Statement - counter = counter + 1: null

2018-12-13 14:54:51 - [TEST_STEP][PASSED] - Statement - PreSaveFile = new java.io.File(((pathPrefix + java.lang.Integer.toString(counter)) + .png)): null

2018-12-13 14:54:51 - [TEST_STEP][PASSED] - Statement - counter = counter + 1: null

2018-12-13 14:54:51 - [TEST_STEP][PASSED] - Statement - PreSaveFile = new java.io.File(((pathPrefix + java.lang.Integer.toString(counter)) + .png)): null

2018-12-13 14:54:51 - [TEST_STEP][PASSED] - Statement - counter = counter + 1: null

2018-12-13 14:54:51 - [TEST_STEP][PASSED] - Statement - PreSaveFile = new java.io.File(((pathPrefix + java.lang.Integer.toString(counter)) + .png)): null

2018-12-13 14:54:51 - [TEST_STEP][PASSED] - Statement - counter = counter + 1: null

2018-12-13 14:54:51 - [TEST_STEP][PASSED] - Statement - PreSaveFile = new java.io.File(((pathPrefix + java.lang.Integer.toString(counter)) + .png)): null

2018-12-13 14:54:51 - [TEST_STEP][PASSED] - Statement - counter = counter + 1: null

2018-12-13 14:54:51 - [TEST_STEP][PASSED] - Statement - PreSaveFile = new java.io.File(((pathPrefix + java.lang.Integer.toString(counter)) + .png)): null

2018-12-13 14:54:51 - [TEST_STEP][PASSED] - Statement - counter = counter + 1: null

2018-12-13 14:54:51 - [TEST_STEP][PASSED] - Statement - PreSaveFile = new java.io.File(((pathPrefix + java.lang.Integer.toString(counter)) + .png)): null

2018-12-13 14:54:51 - [TEST_STEP][PASSED] - Statement - counter = counter + 1: null

2018-12-13 14:54:51 - [TEST_STEP][PASSED] - Statement - PreSaveFile = new java.io.File(((pathPrefix + java.lang.Integer.toString(counter)) + .png)): null

2018-12-13 14:54:51 - [TEST_STEP][PASSED] - Statement - counter = counter + 1: null

2018-12-13 14:54:51 - [TEST_STEP][PASSED] - Statement - PreSaveFile = new java.io.File(((pathPrefix + java.lang.Integer.toString(counter)) + .png)): null

2018-12-13 14:54:51 - [TEST_STEP][PASSED] - Statement - counter = counter + 1: null

2018-12-13 14:54:51 - [TEST_STEP][PASSED] - Statement - PreSaveFile = new java.io.File(((pathPrefix + java.lang.Integer.toString(counter)) + .png)): null

2018-12-13 14:54:51 - [TEST_STEP][PASSED] - Statement - counter = counter + 1: null

2018-12-13 14:54:51 - [TEST_STEP][PASSED] - Statement - PreSaveFile = new java.io.File(((pathPrefix + java.lang.Integer.toString(counter)) + .png)): null

2018-12-13 14:54:51 - [TEST_STEP][PASSED] - Statement - counter = counter + 1: null

2018-12-13 14:54:51 - [TEST_STEP][PASSED] - Statement - PreSaveFile = new java.io.File(((pathPrefix + java.lang.Integer.toString(counter)) + .png)): null

2018-12-13 14:54:51 - [TEST_STEP][PASSED] - Statement - counter = counter + 1: null

2018-12-13 14:54:51 - [TEST_STEP][PASSED] - Statement - PreSaveFile = new java.io.File(((pathPrefix + java.lang.Integer.toString(counter)) + .png)): null

2018-12-13 14:54:51 - [TEST_STEP][PASSED] - Statement - counter = counter + 1: null

2018-12-13 14:54:51 - [TEST_STEP][PASSED] - Statement - PreSaveFile = new java.io.File(((pathPrefix + java.lang.Integer.toString(counter)) + .png)): null

2018-12-13 14:54:51 - [TEST_STEP][PASSED] - Statement - counter = counter + 1: null

2018-12-13 14:54:51 - [TEST_STEP][PASSED] - Statement - PreSaveFile = new java.io.File(((pathPrefix + java.lang.Integer.toString(counter)) + .png)): null

2018-12-13 14:54:51 - [TEST_STEP][PASSED] - Statement - counter = counter + 1: null

2018-12-13 14:54:51 - [TEST_STEP][PASSED] - Statement - PreSaveFile = new java.io.File(((pathPrefix + java.lang.Integer.toString(counter)) + .png)): null

2018-12-13 14:54:51 - [TEST_STEP][PASSED] - Statement - counter = counter + 1: null

2018-12-13 14:54:51 - [TEST_STEP][PASSED] - Statement - PreSaveFile = new java.io.File(((pathPrefix + java.lang.Integer.toString(counter)) + .png)): null

2018-12-13 14:54:51 - [TEST_STEP][PASSED] - Statement - counter = counter + 1: null

2018-12-13 14:54:51 - [TEST_STEP][PASSED] - Statement - PreSaveFile = new java.io.File(((pathPrefix + java.lang.Integer.toString(counter)) + .png)): null

2018-12-13 14:54:51 - [TEST_STEP][PASSED] - Statement - counter = counter + 1: null

2018-12-13 14:54:51 - [TEST_STEP][PASSED] - Statement - PreSaveFile = new java.io.File(((pathPrefix + java.lang.Integer.toString(counter)) + .png)): null

2018-12-13 14:54:51 - [TEST_STEP][PASSED] - Statement - counter = counter + 1: null

2018-12-13 14:54:51 - [TEST_STEP][PASSED] - Statement - PreSaveFile = new java.io.File(((pathPrefix + java.lang.Integer.toString(counter)) + .png)): null

2018-12-13 14:54:51 - [TEST_STEP][PASSED] - Statement - counter = counter + 1: null

2018-12-13 14:54:51 - [TEST_STEP][PASSED] - Statement - PreSaveFile = new java.io.File(((pathPrefix + java.lang.Integer.toString(counter)) + .png)): null

2018-12-13 14:54:51 - [TEST_STEP][PASSED] - Statement - counter = counter + 1: null

2018-12-13 14:54:51 - [TEST_STEP][PASSED] - Statement - PreSaveFile = new java.io.File(((pathPrefix + java.lang.Integer.toString(counter)) + .png)): null

2018-12-13 14:54:51 - [TEST_STEP][PASSED] - Statement - counter = counter + 1: null

2018-12-13 14:54:51 - [TEST_STEP][PASSED] - Statement - PreSaveFile = new java.io.File(((pathPrefix + java.lang.Integer.toString(counter)) + .png)): null

2018-12-13 14:54:51 - [TEST_STEP][PASSED] - Statement - counter = counter + 1: null

2018-12-13 14:54:51 - [TEST_STEP][PASSED] - Statement - PreSaveFile = new java.io.File(((pathPrefix + java.lang.Integer.toString(counter)) + .png)): null

2018-12-13 14:54:51 - [TEST_STEP][PASSED] - Statement - counter = counter + 1: null

2018-12-13 14:54:51 - [TEST_STEP][PASSED] - Statement - PreSaveFile = new java.io.File(((pathPrefix + java.lang.Integer.toString(counter)) + .png)): null

2018-12-13 14:54:52 - [TEST_STEP][PASSED] - Statement - counter = counter + 1: null

2018-12-13 14:54:52 - [TEST_STEP][PASSED] - Statement - PreSaveFile = new java.io.File(((pathPrefix + java.lang.Integer.toString(counter)) + .png)): null

2018-12-13 14:54:52 - [TEST_STEP][PASSED] - Statement - counter = counter + 1: null

2018-12-13 14:54:52 - [TEST_STEP][PASSED] - Statement - PreSaveFile = new java.io.File(((pathPrefix + java.lang.Integer.toString(counter)) + .png)): null

2018-12-13 14:54:52 - [TEST_STEP][PASSED] - Statement - counter = counter + 1: null

2018-12-13 14:54:52 - [TEST_STEP][PASSED] - Statement - PreSaveFile = new java.io.File(((pathPrefix + java.lang.Integer.toString(counter)) + .png)): null

2018-12-13 14:54:52 - [TEST_STEP][PASSED] - Statement - counter = counter + 1: null

2018-12-13 14:54:52 - [TEST_STEP][PASSED] - Statement - PreSaveFile = new java.io.File(((pathPrefix + java.lang.Integer.toString(counter)) + .png)): null

2018-12-13 14:54:52 - [TEST_STEP][PASSED] - Statement - counter = counter + 1: null

2018-12-13 14:54:52 - [TEST_STEP][PASSED] - Statement - PreSaveFile = new java.io.File(((pathPrefix + java.lang.Integer.toString(counter)) + .png)): null

2018-12-13 14:54:52 - [TEST_STEP][PASSED] - Statement - counter = counter + 1: null

2018-12-13 14:54:52 - [TEST_STEP][PASSED] - Statement - PreSaveFile = new java.io.File(((pathPrefix + java.lang.Integer.toString(counter)) + .png)): null

2018-12-13 14:54:52 - [TEST_STEP][PASSED] - Statement - counter = counter + 1: null

2018-12-13 14:54:52 - [TEST_STEP][PASSED] - Statement - PreSaveFile = new java.io.File(((pathPrefix + java.lang.Integer.toString(counter)) + .png)): null

2018-12-13 14:54:52 - [TEST_STEP][PASSED] - Statement - counter = counter + 1: null

2018-12-13 14:54:52 - [TEST_STEP][PASSED] - Statement - PreSaveFile = new java.io.File(((pathPrefix + java.lang.Integer.toString(counter)) + .png)): null

2018-12-13 14:54:52 - [TEST_STEP][PASSED] - Statement - counter = counter + 1: null

2018-12-13 14:54:52 - [TEST_STEP][PASSED] - Statement - PreSaveFile = new java.io.File(((pathPrefix + java.lang.Integer.toString(counter)) + .png)): null

2018-12-13 14:54:52 - [TEST_STEP][PASSED] - Statement - counter = counter + 1: null

2018-12-13 14:54:52 - [TEST_STEP][PASSED] - Statement - PreSaveFile = new java.io.File(((pathPrefix + java.lang.Integer.toString(counter)) + .png)): null

2018-12-13 14:54:52 - [TEST_STEP][PASSED] - Statement - counter = counter + 1: null

2018-12-13 14:54:52 - [TEST_STEP][PASSED] - Statement - PreSaveFile = new java.io.File(((pathPrefix + java.lang.Integer.toString(counter)) + .png)): null

2018-12-13 14:54:52 - [TEST_STEP][PASSED] - Statement - counter = counter + 1: null

2018-12-13 14:54:52 - [TEST_STEP][PASSED] - Statement - PreSaveFile = new java.io.File(((pathPrefix + java.lang.Integer.toString(counter)) + .png)): null

2018-12-13 14:54:52 - [TEST_STEP][PASSED] - Statement - counter = counter + 1: null

2018-12-13 14:54:52 - [TEST_STEP][PASSED] - Statement - PreSaveFile = new java.io.File(((pathPrefix + java.lang.Integer.toString(counter)) + .png)): null

2018-12-13 14:54:52 - [TEST_STEP][PASSED] - Statement - counter = counter + 1: null

2018-12-13 14:54:52 - [TEST_STEP][PASSED] - Statement - PreSaveFile = new java.io.File(((pathPrefix + java.lang.Integer.toString(counter)) + .png)): null

2018-12-13 14:54:52 - [TEST_STEP][PASSED] - Statement - counter = counter + 1: null

2018-12-13 14:54:52 - [TEST_STEP][PASSED] - Statement - PreSaveFile = new java.io.File(((pathPrefix + java.lang.Integer.toString(counter)) + .png)): null

2018-12-13 14:54:52 - [TEST_STEP][PASSED] - Statement - counter = counter + 1: null

2018-12-13 14:54:52 - [TEST_STEP][PASSED] - Statement - PreSaveFile = new java.io.File(((pathPrefix + java.lang.Integer.toString(counter)) + .png)): null

2018-12-13 14:54:52 - [TEST_STEP][PASSED] - Statement - counter = counter + 1: null

2018-12-13 14:54:52 - [TEST_STEP][PASSED] - Statement - PreSaveFile = new java.io.File(((pathPrefix + java.lang.Integer.toString(counter)) + .png)): null

2018-12-13 14:54:52 - [TEST_STEP][PASSED] - Statement - counter = counter + 1: null

2018-12-13 14:54:52 - [TEST_STEP][PASSED] - Statement - PreSaveFile = new java.io.File(((pathPrefix + java.lang.Integer.toString(counter)) + .png)): null

2018-12-13 14:54:52 - [TEST_STEP][PASSED] - Statement - counter = counter + 1: null

2018-12-13 14:54:52 - [TEST_STEP][PASSED] - Statement - PreSaveFile = new java.io.File(((pathPrefix + java.lang.Integer.toString(counter)) + .png)): null

2018-12-13 14:54:52 - [TEST_STEP][PASSED] - Statement - counter = counter + 1: null

2018-12-13 14:54:52 - [TEST_STEP][PASSED] - Statement - PreSaveFile = new java.io.File(((pathPrefix + java.lang.Integer.toString(counter)) + .png)): null

2018-12-13 14:54:52 - [TEST_STEP][PASSED] - Statement - counter = counter + 1: null

2018-12-13 14:54:52 - [TEST_STEP][PASSED] - Statement - PreSaveFile = new java.io.File(((pathPrefix + java.lang.Integer.toString(counter)) + .png)): null

2018-12-13 14:54:52 - [TEST_STEP][PASSED] - Statement - counter = counter + 1: null

2018-12-13 14:54:52 - [TEST_STEP][PASSED] - Statement - PreSaveFile = new java.io.File(((pathPrefix + java.lang.Integer.toString(counter)) + .png)): null

2018-12-13 14:54:52 - [TEST_STEP][PASSED] - Statement - counter = counter + 1: null

2018-12-13 14:54:52 - [TEST_STEP][PASSED] - Statement - PreSaveFile = new java.io.File(((pathPrefix + java.lang.Integer.toString(counter)) + .png)): null

2018-12-13 14:54:52 - [TEST_STEP][PASSED] - Statement - counter = counter + 1: null

2018-12-13 14:54:52 - [TEST_STEP][PASSED] - Statement - PreSaveFile = new java.io.File(((pathPrefix + java.lang.Integer.toString(counter)) + .png)): null

2018-12-13 14:54:52 - [TEST_STEP][PASSED] - Statement - counter = counter + 1: null

2018-12-13 14:54:52 - [TEST_STEP][PASSED] - Statement - PreSaveFile = new java.io.File(((pathPrefix + java.lang.Integer.toString(counter)) + .png)): null

2018-12-13 14:54:52 - [TEST_STEP][PASSED] - Statement - counter = counter + 1: null

2018-12-13 14:54:52 - [TEST_STEP][PASSED] - Statement - PreSaveFile = new java.io.File(((pathPrefix + java.lang.Integer.toString(counter)) + .png)): null

2018-12-13 14:54:52 - [TEST_STEP][PASSED] - Statement - counter = counter + 1: null

2018-12-13 14:54:52 - [TEST_STEP][PASSED] - Statement - PreSaveFile = new java.io.File(((pathPrefix + java.lang.Integer.toString(counter)) + .png)): null

2018-12-13 14:54:52 - [TEST_STEP][PASSED] - Statement - counter = counter + 1: null

2018-12-13 14:54:52 - [TEST_STEP][PASSED] - Statement - PreSaveFile = new java.io.File(((pathPrefix + java.lang.Integer.toString(counter)) + .png)): null

2018-12-13 14:54:52 - [TEST_STEP][PASSED] - Statement - counter = counter + 1: null

2018-12-13 14:54:52 - [TEST_STEP][PASSED] - Statement - PreSaveFile = new java.io.File(((pathPrefix + java.lang.Integer.toString(counter)) + .png)): null

2018-12-13 14:54:52 - [TEST_STEP][PASSED] - Statement - counter = counter + 1: null

2018-12-13 14:54:52 - [TEST_STEP][PASSED] - Statement - PreSaveFile = new java.io.File(((pathPrefix + java.lang.Integer.toString(counter)) + .png)): null

2018-12-13 14:54:52 - [TEST_STEP][PASSED] - Statement - counter = counter + 1: null

2018-12-13 14:54:52 - [TEST_STEP][PASSED] - Statement - PreSaveFile = new java.io.File(((pathPrefix + java.lang.Integer.toString(counter)) + .png)): null

2018-12-13 14:54:52 - [TEST_STEP][PASSED] - Statement - counter = counter + 1: null

2018-12-13 14:54:52 - [TEST_STEP][PASSED] - Statement - PreSaveFile = new java.io.File(((pathPrefix + java.lang.Integer.toString(counter)) + .png)): null

2018-12-13 14:54:52 - [TEST_STEP][PASSED] - Statement - counter = counter + 1: null

2018-12-13 14:54:52 - [TEST_STEP][PASSED] - Statement - PreSaveFile = new java.io.File(((pathPrefix + java.lang.Integer.toString(counter)) + .png)): null

2018-12-13 14:54:52 - [TEST_STEP][PASSED] - Statement - counter = counter + 1: null

2018-12-13 14:54:52 - [TEST_STEP][PASSED] - Statement - PreSaveFile = new java.io.File(((pathPrefix + java.lang.Integer.toString(counter)) + .png)): null

2018-12-13 14:54:52 - [TEST_STEP][PASSED] - Statement - counter = counter + 1: null

2018-12-13 14:54:52 - [TEST_STEP][PASSED] - Statement - PreSaveFile = new java.io.File(((pathPrefix + java.lang.Integer.toString(counter)) + .png)): null

2018-12-13 14:54:52 - [TEST_STEP][PASSED] - Statement - counter = counter + 1: null

2018-12-13 14:54:52 - [TEST_STEP][PASSED] - Statement - PreSaveFile = new java.io.File(((pathPrefix + java.lang.Integer.toString(counter)) + .png)): null

2018-12-13 14:54:52 - [TEST_STEP][PASSED] - Statement - counter = counter + 1: null

2018-12-13 14:54:52 - [TEST_STEP][PASSED] - Statement - PreSaveFile = new java.io.File(((pathPrefix + java.lang.Integer.toString(counter)) + .png)): null

2018-12-13 14:54:52 - [TEST_STEP][PASSED] - Statement - counter = counter + 1: null

2018-12-13 14:54:52 - [TEST_STEP][PASSED] - Statement - PreSaveFile = new java.io.File(((pathPrefix + java.lang.Integer.toString(counter)) + .png)): null

2018-12-13 14:54:52 - [TEST_STEP][PASSED] - Statement - counter = counter + 1: null

2018-12-13 14:54:52 - [TEST_STEP][PASSED] - Statement - PreSaveFile = new java.io.File(((pathPrefix + java.lang.Integer.toString(counter)) + .png)): null

2018-12-13 14:54:52 - [TEST_STEP][PASSED] - Statement - counter = counter + 1: null

2018-12-13 14:54:52 - [TEST_STEP][PASSED] - Statement - PreSaveFile = new java.io.File(((pathPrefix + java.lang.Integer.toString(counter)) + .png)): null

2018-12-13 14:54:52 - [TEST_STEP][PASSED] - Statement - counter = counter + 1: null

2018-12-13 14:54:52 - [TEST_STEP][PASSED] - Statement - PreSaveFile = new java.io.File(((pathPrefix + java.lang.Integer.toString(counter)) + .png)): null

2018-12-13 14:54:52 - [TEST_STEP][PASSED] - Statement - counter = counter + 1: null

2018-12-13 14:54:52 - [TEST_STEP][PASSED] - Statement - PreSaveFile = new java.io.File(((pathPrefix + java.lang.Integer.toString(counter)) + .png)): null

2018-12-13 14:54:52 - [TEST_STEP][PASSED] - Statement - counter = counter + 1: null

2018-12-13 14:54:52 - [TEST_STEP][PASSED] - Statement - PreSaveFile = new java.io.File(((pathPrefix + java.lang.Integer.toString(counter)) + .png)): null

2018-12-13 14:54:52 - [TEST_STEP][PASSED] - Statement - counter = counter + 1: null

2018-12-13 14:54:52 - [TEST_STEP][PASSED] - Statement - PreSaveFile = new java.io.File(((pathPrefix + java.lang.Integer.toString(counter)) + .png)): null

2018-12-13 14:54:52 - [TEST_STEP][PASSED] - Statement - counter = counter + 1: null

2018-12-13 14:54:52 - [TEST_STEP][PASSED] - Statement - PreSaveFile = new java.io.File(((pathPrefix + java.lang.Integer.toString(counter)) + .png)): null

2018-12-13 14:54:52 - [TEST_STEP][PASSED] - Statement - counter = counter + 1: null

2018-12-13 14:54:52 - [TEST_STEP][PASSED] - Statement - PreSaveFile = new java.io.File(((pathPrefix + java.lang.Integer.toString(counter)) + .png)): null

2018-12-13 14:54:52 - [TEST_STEP][PASSED] - Statement - counter = counter + 1: null

2018-12-13 14:54:52 - [TEST_STEP][PASSED] - Statement - PreSaveFile = new java.io.File(((pathPrefix + java.lang.Integer.toString(counter)) + .png)): null

2018-12-13 14:54:52 - [TEST_STEP][PASSED] - Statement - counter = counter + 1: null

2018-12-13 14:54:52 - [TEST_STEP][PASSED] - Statement - PreSaveFile = new java.io.File(((pathPrefix + java.lang.Integer.toString(counter)) + .png)): null

2018-12-13 14:54:52 - [TEST_STEP][PASSED] - Statement - counter = counter + 1: null

2018-12-13 14:54:52 - [TEST_STEP][PASSED] - Statement - PreSaveFile = new java.io.File(((pathPrefix + java.lang.Integer.toString(counter)) + .png)): null

2018-12-13 14:54:52 - [TEST_STEP][PASSED] - Statement - counter = counter + 1: null

2018-12-13 14:54:52 - [TEST_STEP][PASSED] - Statement - PreSaveFile = new java.io.File(((pathPrefix + java.lang.Integer.toString(counter)) + .png)): null

2018-12-13 14:54:52 - [TEST_STEP][PASSED] - Statement - counter = counter + 1: null

2018-12-13 14:54:52 - [TEST_STEP][PASSED] - Statement - PreSaveFile = new java.io.File(((pathPrefix + java.lang.Integer.toString(counter)) + .png)): null

2018-12-13 14:54:52 - [TEST_STEP][PASSED] - Statement - counter = counter + 1: null

2018-12-13 14:54:52 - [TEST_STEP][PASSED] - Statement - PreSaveFile = new java.io.File(((pathPrefix + java.lang.Integer.toString(counter)) + .png)): null

2018-12-13 14:54:52 - [TEST_STEP][PASSED] - Statement - counter = counter + 1: null

2018-12-13 14:54:52 - [TEST_STEP][PASSED] - Statement - PreSaveFile = new java.io.File(((pathPrefix + java.lang.Integer.toString(counter)) + .png)): null

2018-12-13 14:54:52 - [TEST_STEP][PASSED] - Statement - counter = counter + 1: null

2018-12-13 14:54:52 - [TEST_STEP][PASSED] - Statement - PreSaveFile = new java.io.File(((pathPrefix + java.lang.Integer.toString(counter)) + .png)): null

2018-12-13 14:54:52 - [TEST_STEP][PASSED] - Statement - counter = counter + 1: null

2018-12-13 14:54:52 - [TEST_STEP][PASSED] - Statement - PreSaveFile = new java.io.File(((pathPrefix + java.lang.Integer.toString(counter)) + .png)): null

2018-12-13 14:54:52 - [TEST_STEP][PASSED] - Statement - counter = counter + 1: null

2018-12-13 14:54:52 - [TEST_STEP][PASSED] - Statement - PreSaveFile = new java.io.File(((pathPrefix + java.lang.Integer.toString(counter)) + .png)): null

2018-12-13 14:54:52 - [TEST_STEP][PASSED] - Statement - counter = counter + 1: null

2018-12-13 14:54:52 - [TEST_STEP][PASSED] - Statement - PreSaveFile = new java.io.File(((pathPrefix + java.lang.Integer.toString(counter)) + .png)): null

2018-12-13 14:54:52 - [TEST_STEP][PASSED] - Statement - counter = counter + 1: null

2018-12-13 14:54:52 - [TEST_STEP][PASSED] - Statement - PreSaveFile = new java.io.File(((pathPrefix + java.lang.Integer.toString(counter)) + .png)): null

2018-12-13 14:54:52 - [TEST_STEP][PASSED] - Statement - counter = counter + 1: null

2018-12-13 14:54:52 - [TEST_STEP][PASSED] - Statement - PreSaveFile = new java.io.File(((pathPrefix + java.lang.Integer.toString(counter)) + .png)): null

2018-12-13 14:54:52 - [TEST_STEP][PASSED] - Statement - counter = counter + 1: null

2018-12-13 14:54:52 - [TEST_STEP][PASSED] - Statement - PreSaveFile = new java.io.File(((pathPrefix + java.lang.Integer.toString(counter)) + .png)): null

2018-12-13 14:54:52 - [TEST_STEP][PASSED] - Statement - counter = counter + 1: null

2018-12-13 14:54:52 - [TEST_STEP][PASSED] - Statement - PreSaveFile = new java.io.File(((pathPrefix + java.lang.Integer.toString(counter)) + .png)): null

2018-12-13 14:54:52 - [TEST_STEP][PASSED] - Statement - counter = counter + 1: null

2018-12-13 14:54:52 - [TEST_STEP][PASSED] - Statement - PreSaveFile = new java.io.File(((pathPrefix + java.lang.Integer.toString(counter)) + .png)): null

2018-12-13 14:54:52 - [TEST_STEP][PASSED] - Statement - counter = counter + 1: null

2018-12-13 14:54:52 - [TEST_STEP][PASSED] - Statement - PreSaveFile = new java.io.File(((pathPrefix + java.lang.Integer.toString(counter)) + .png)): null

2018-12-13 14:54:52 - [TEST_STEP][PASSED] - Statement - counter = counter + 1: null

2018-12-13 14:54:52 - [TEST_STEP][PASSED] - Statement - PreSaveFile = new java.io.File(((pathPrefix + java.lang.Integer.toString(counter)) + .png)): null

2018-12-13 14:54:52 - [TEST_STEP][PASSED] - Statement - counter = counter + 1: null

2018-12-13 14:54:52 - [TEST_STEP][PASSED] - Statement - PreSaveFile = new java.io.File(((pathPrefix + java.lang.Integer.toString(counter)) + .png)): null

2018-12-13 14:54:52 - [TEST_STEP][PASSED] - Statement - counter = counter + 1: null

2018-12-13 14:54:52 - [TEST_STEP][PASSED] - Statement - PreSaveFile = new java.io.File(((pathPrefix + java.lang.Integer.toString(counter)) + .png)): null

2018-12-13 14:54:52 - [TEST_STEP][PASSED] - Statement - counter = counter + 1: null

2018-12-13 14:54:52 - [TEST_STEP][PASSED] - Statement - PreSaveFile = new java.io.File(((pathPrefix + java.lang.Integer.toString(counter)) + .png)): null

2018-12-13 14:54:52 - [TEST_STEP][PASSED] - Statement - counter = counter + 1: null

2018-12-13 14:54:52 - [TEST_STEP][PASSED] - Statement - PreSaveFile = new java.io.File(((pathPrefix + java.lang.Integer.toString(counter)) + .png)): null

2018-12-13 14:54:52 - [TEST_STEP][PASSED] - Statement - counter = counter + 1: null

2018-12-13 14:54:52 - [TEST_STEP][PASSED] - Statement - PreSaveFile = new java.io.File(((pathPrefix + java.lang.Integer.toString(counter)) + .png)): null

2018-12-13 14:54:52 - [TEST_STEP][PASSED] - Statement - counter = counter + 1: null

2018-12-13 14:54:52 - [TEST_STEP][PASSED] - Statement - PreSaveFile = new java.io.File(((pathPrefix + java.lang.Integer.toString(counter)) + .png)): null

2018-12-13 14:54:52 - [TEST_STEP][PASSED] - Statement - counter = counter + 1: null

2018-12-13 14:54:52 - [TEST_STEP][PASSED] - Statement - PreSaveFile = new java.io.File(((pathPrefix + java.lang.Integer.toString(counter)) + .png)): null

2018-12-13 14:54:52 - [TEST_STEP][PASSED] - Statement - counter = counter + 1: null

2018-12-13 14:54:52 - [TEST_STEP][PASSED] - Statement - PreSaveFile = new java.io.File(((pathPrefix + java.lang.Integer.toString(counter)) + .png)): null

2018-12-13 14:54:52 - [TEST_STEP][PASSED] - Statement - counter = counter + 1: null

2018-12-13 14:54:52 - [TEST_STEP][PASSED] - Statement - PreSaveFile = new java.io.File(((pathPrefix + java.lang.Integer.toString(counter)) + .png)): null

2018-12-13 14:54:52 - [TEST_STEP][PASSED] - Statement - counter = counter + 1: null

2018-12-13 14:54:52 - [TEST_STEP][PASSED] - Statement - PreSaveFile = new java.io.File(((pathPrefix + java.lang.Integer.toString(counter)) + .png)): null

2018-12-13 14:54:52 - [TEST_STEP][PASSED] - Statement - counter = counter + 1: null

2018-12-13 14:54:52 - [TEST_STEP][PASSED] - Statement - PreSaveFile = new java.io.File(((pathPrefix + java.lang.Integer.toString(counter)) + .png)): null

2018-12-13 14:54:52 - [TEST_STEP][PASSED] - Statement - counter = counter + 1: null

2018-12-13 14:54:52 - [TEST_STEP][PASSED] - Statement - PreSaveFile = new java.io.File(((pathPrefix + java.lang.Integer.toString(counter)) + .png)): null

2018-12-13 14:54:52 - [TEST_STEP][PASSED] - Statement - counter = counter + 1: null

2018-12-13 14:54:52 - [TEST_STEP][PASSED] - Statement - PreSaveFile = new java.io.File(((pathPrefix + java.lang.Integer.toString(counter)) + .png)): null

2018-12-13 14:54:52 - [TEST_STEP][PASSED] - Statement - counter = counter + 1: null

2018-12-13 14:54:52 - [TEST_STEP][PASSED] - Statement - PreSaveFile = new java.io.File(((pathPrefix + java.lang.Integer.toString(counter)) + .png)): null

2018-12-13 14:54:52 - [TEST_STEP][PASSED] - Statement - counter = counter + 1: null

2018-12-13 14:54:52 - [TEST_STEP][PASSED] - Statement - PreSaveFile = new java.io.File(((pathPrefix + java.lang.Integer.toString(counter)) + .png)): null

2018-12-13 14:54:52 - [TEST_STEP][PASSED] - Statement - counter = counter + 1: null

2018-12-13 14:54:52 - [TEST_STEP][PASSED] - Statement - PreSaveFile = new java.io.File(((pathPrefix + java.lang.Integer.toString(counter)) + .png)): null

2018-12-13 14:54:52 - [TEST_STEP][PASSED] - Statement - counter = counter + 1: null

2018-12-13 14:54:52 - [TEST_STEP][PASSED] - Statement - PreSaveFile = new java.io.File(((pathPrefix + java.lang.Integer.toString(counter)) + .png)): null

2018-12-13 14:54:52 - [TEST_STEP][PASSED] - Statement - counter = counter + 1: null

2018-12-13 14:54:52 - [TEST_STEP][PASSED] - Statement - PreSaveFile = new java.io.File(((pathPrefix + java.lang.Integer.toString(counter)) + .png)): null

2018-12-13 14:54:52 - [TEST_STEP][PASSED] - Statement - counter = counter + 1: null

2018-12-13 14:54:52 - [TEST_STEP][PASSED] - Statement - PreSaveFile = new java.io.File(((pathPrefix + java.lang.Integer.toString(counter)) + .png)): null

2018-12-13 14:54:52 - [TEST_STEP][PASSED] - Statement - counter = counter + 1: null

2018-12-13 14:54:52 - [TEST_STEP][PASSED] - Statement - PreSaveFile = new java.io.File(((pathPrefix + java.lang.Integer.toString(counter)) + .png)): null

2018-12-13 14:54:52 - [TEST_STEP][PASSED] - Statement - counter = counter + 1: null

2018-12-13 14:54:52 - [TEST_STEP][PASSED] - Statement - PreSaveFile = new java.io.File(((pathPrefix + java.lang.Integer.toString(counter)) + .png)): null

2018-12-13 14:54:52 - [TEST_STEP][PASSED] - Statement - counter = counter + 1: null

2018-12-13 14:54:52 - [TEST_STEP][PASSED] - Statement - PreSaveFile = new java.io.File(((pathPrefix + java.lang.Integer.toString(counter)) + .png)): null

2018-12-13 14:54:52 - [TEST_STEP][PASSED] - Statement - counter = counter + 1: null

2018-12-13 14:54:52 - [TEST_STEP][PASSED] - Statement - PreSaveFile = new java.io.File(((pathPrefix + java.lang.Integer.toString(counter)) + .png)): null

2018-12-13 14:54:52 - [TEST_STEP][PASSED] - Statement - counter = counter + 1: null

2018-12-13 14:54:52 - [TEST_STEP][PASSED] - Statement - PreSaveFile = new java.io.File(((pathPrefix + java.lang.Integer.toString(counter)) + .png)): null

2018-12-13 14:54:52 - [TEST_STEP][PASSED] - Statement - counter = counter + 1: null

2018-12-13 14:54:52 - [TEST_STEP][PASSED] - Statement - PreSaveFile = new java.io.File(((pathPrefix + java.lang.Integer.toString(counter)) + .png)): null

2018-12-13 14:54:52 - [TEST_STEP][PASSED] - Statement - counter = counter + 1: null

2018-12-13 14:54:52 - [TEST_STEP][PASSED] - Statement - PreSaveFile = new java.io.File(((pathPrefix + java.lang.Integer.toString(counter)) + .png)): null

2018-12-13 14:54:52 - [TEST_STEP][PASSED] - Statement - counter = counter + 1: null

2018-12-13 14:54:52 - [TEST_STEP][PASSED] - Statement - PreSaveFile = new java.io.File(((pathPrefix + java.lang.Integer.toString(counter)) + .png)): null

2018-12-13 14:54:52 - [TEST_STEP][PASSED] - Statement - counter = counter + 1: null

2018-12-13 14:54:52 - [TEST_STEP][PASSED] - Statement - PreSaveFile = new java.io.File(((pathPrefix + java.lang.Integer.toString(counter)) + .png)): null

2018-12-13 14:54:52 - [TEST_STEP][PASSED] - Statement - counter = counter + 1: null

2018-12-13 14:54:52 - [TEST_STEP][PASSED] - Statement - PreSaveFile = new java.io.File(((pathPrefix + java.lang.Integer.toString(counter)) + .png)): null

2018-12-13 14:54:52 - [TEST_STEP][PASSED] - Statement - counter = counter + 1: null

2018-12-13 14:54:52 - [TEST_STEP][PASSED] - Statement - PreSaveFile = new java.io.File(((pathPrefix + java.lang.Integer.toString(counter)) + .png)): null

2018-12-13 14:54:52 - [TEST_STEP][PASSED] - Statement - counter = counter + 1: null

2018-12-13 14:54:52 - [TEST_STEP][PASSED] - Statement - PreSaveFile = new java.io.File(((pathPrefix + java.lang.Integer.toString(counter)) + .png)): null

2018-12-13 14:54:52 - [TEST_STEP][PASSED] - Statement - counter = counter + 1: null

2018-12-13 14:54:52 - [TEST_STEP][PASSED] - Statement - PreSaveFile = new java.io.File(((pathPrefix + java.lang.Integer.toString(counter)) + .png)): null

2018-12-13 14:54:52 - [TEST_STEP][PASSED] - Statement - counter = counter + 1: null

2018-12-13 14:54:52 - [TEST_STEP][PASSED] - Statement - PreSaveFile = new java.io.File(((pathPrefix + java.lang.Integer.toString(counter)) + .png)): null

2018-12-13 14:54:52 - [TEST_STEP][PASSED] - Statement - counter = counter + 1: null

2018-12-13 14:54:52 - [TEST_STEP][PASSED] - Statement - PreSaveFile = new java.io.File(((pathPrefix + java.lang.Integer.toString(counter)) + .png)): null

2018-12-13 14:54:52 - [TEST_STEP][PASSED] - Statement - counter = counter + 1: null

2018-12-13 14:54:52 - [TEST_STEP][PASSED] - Statement - PreSaveFile = new java.io.File(((pathPrefix + java.lang.Integer.toString(counter)) + .png)): null

2018-12-13 14:54:52 - [TEST_STEP][PASSED] - Statement - counter = counter + 1: null

2018-12-13 14:54:52 - [TEST_STEP][PASSED] - Statement - PreSaveFile = new java.io.File(((pathPrefix + java.lang.Integer.toString(counter)) + .png)): null

2018-12-13 14:54:52 - [TEST_STEP][PASSED] - Statement - counter = counter + 1: null

2018-12-13 14:54:52 - [TEST_STEP][PASSED] - Statement - PreSaveFile = new java.io.File(((pathPrefix + java.lang.Integer.toString(counter)) + .png)): null

2018-12-13 14:54:52 - [TEST_STEP][PASSED] - Statement - counter = counter + 1: null

2018-12-13 14:54:52 - [TEST_STEP][PASSED] - Statement - PreSaveFile = new java.io.File(((pathPrefix + java.lang.Integer.toString(counter)) + .png)): null

2018-12-13 14:54:52 - [TEST_STEP][PASSED] - Statement - counter = counter + 1: null

2018-12-13 14:54:52 - [TEST_STEP][PASSED] - Statement - PreSaveFile = new java.io.File(((pathPrefix + java.lang.Integer.toString(counter)) + .png)): null

2018-12-13 14:54:52 - [TEST_STEP][PASSED] - Statement - counter = counter + 1: null

2018-12-13 14:54:52 - [TEST_STEP][PASSED] - Statement - PreSaveFile = new java.io.File(((pathPrefix + java.lang.Integer.toString(counter)) + .png)): null

2018-12-13 14:54:52 - [TEST_STEP][PASSED] - Statement - counter = counter + 1: null

2018-12-13 14:54:52 - [TEST_STEP][PASSED] - Statement - PreSaveFile = new java.io.File(((pathPrefix + java.lang.Integer.toString(counter)) + .png)): null

2018-12-13 14:54:52 - [TEST_STEP][PASSED] - Statement - counter = counter + 1: null

2018-12-13 14:54:52 - [TEST_STEP][PASSED] - Statement - PreSaveFile = new java.io.File(((pathPrefix + java.lang.Integer.toString(counter)) + .png)): null

2018-12-13 14:54:52 - [TEST_STEP][PASSED] - Statement - counter = counter + 1: null

2018-12-13 14:54:52 - [TEST_STEP][PASSED] - Statement - PreSaveFile = new java.io.File(((pathPrefix + java.lang.Integer.toString(counter)) + .png)): null

2018-12-13 14:54:52 - [TEST_STEP][PASSED] - Statement - counter = counter + 1: null

2018-12-13 14:54:52 - [TEST_STEP][PASSED] - Statement - PreSaveFile = new java.io.File(((pathPrefix + java.lang.Integer.toString(counter)) + .png)): null

2018-12-13 14:54:52 - [TEST_STEP][PASSED] - Statement - counter = counter + 1: null

2018-12-13 14:54:52 - [TEST_STEP][PASSED] - Statement - PreSaveFile = new java.io.File(((pathPrefix + java.lang.Integer.toString(counter)) + .png)): null

2018-12-13 14:54:52 - [TEST_STEP][PASSED] - Statement - counter = counter + 1: null

2018-12-13 14:54:52 - [TEST_STEP][PASSED] - Statement - PreSaveFile = new java.io.File(((pathPrefix + java.lang.Integer.toString(counter)) + .png)): null

2018-12-13 14:54:52 - [TEST_STEP][PASSED] - Statement - counter = counter + 1: null

2018-12-13 14:54:52 - [TEST_STEP][PASSED] - Statement - PreSaveFile = new java.io.File(((pathPrefix + java.lang.Integer.toString(counter)) + .png)): null

2018-12-13 14:54:52 - [TEST_STEP][PASSED] - Statement - counter = counter + 1: null

2018-12-13 14:54:52 - [TEST_STEP][PASSED] - Statement - PreSaveFile = new java.io.File(((pathPrefix + java.lang.Integer.toString(counter)) + .png)): null

2018-12-13 14:54:52 - [TEST_STEP][PASSED] - Statement - counter = counter + 1: null

2018-12-13 14:54:52 - [TEST_STEP][PASSED] - Statement - PreSaveFile = new java.io.File(((pathPrefix + java.lang.Integer.toString(counter)) + .png)): null

2018-12-13 14:54:52 - [TEST_STEP][PASSED] - Statement - finalPath = pathPrefix + java.lang.Integer.toString(counter) + ".png": null

2018-12-13 14:54:52 - [TEST_STEP][PASSED] - Statement - SaveFile = new java.io.File(finalPath): null

2018-12-13 14:54:52 - [TEST_STEP][PASSED] - Statement - Try: null

2018-12-13 14:54:52 - [TEST_STEP][PASSED] - Statement - org.apache.commons.io.FileUtils.copyFile(scrFile, SaveFile): null

2018-12-13 14:54:52 - [TEST_STEP][PASSED] - Statement - out.println("file kept"): null

2018-12-13 14:54:52 - [TEST_STEP][PASSED] - delay: Delayed 10 second(s)

2018-12-13 14:55:02 - [MESSAGE][PASSED] - Delayed 10 second(s)

2018-12-13 14:55:02 - [MESSAGE][PASSED] - Call Test Case 'Test Cases/Final Aug 2018 - PKS Automation/Registration Module/New Registration/Submit and Screenshot/Submit Registration and Screenshot' successfully

2018-12-13 14:55:02 - [TEST_STEP][PASSED] - delay: Delayed 5 second(s)

2018-12-13 14:55:07 - [MESSAGE][PASSED] - Delayed 5 second(s)

2018-12-13 14:55:07 - [TEST_STEP][PASSED] - callTestCase: Call Test Case 'Test Cases/Final Aug 2018 - PKS Automation/Registration Module/Log Out/log out avoiding katalon tagging' successfully

2018-12-13 14:55:07 - [TEST_CASE][PASSED] - Test Cases/Final Aug 2018 - PKS Automation/Registration Module/Log Out/log out avoiding katalon tagging: Test Cases/Final Aug 2018 - PKS Automation/Registration Module/Log Out/log out avoiding katalon tagging

2018-12-13 14:55:07 - [TEST_STEP][PASSED] - navigateToUrl: Navigate to 'https://assist2-uat.perkeso.gov.my/c/portal/logout' successfully

2018-12-13 14:55:08 - [MESSAGE][PASSED] - Navigate to 'https://assist2-uat.perkeso.gov.my/c/portal/logout' successfully

2018-12-13 14:55:08 - [MESSAGE][PASSED] - Call Test Case 'Test Cases/Final Aug 2018 - PKS Automation/Registration Module/Log Out/log out avoiding katalon tagging' successfully

2018-12-13 14:55:08 - [TEST_STEP][PASSED] - callTestCase: Call Test Case 'Test Cases/Final Aug 2018 - PKS Automation/Common/Workflow Owner Finder' successfully

2018-12-13 14:55:08 - [TEST_CASE][PASSED] - Test Cases/Final Aug 2018 - PKS Automation/Common/Workflow Owner Finder: Test Cases/Final Aug 2018 - PKS Automation/Common/Workflow Owner Finder

2018-12-13 14:55:08 - [TEST_STEP][PASSED] - openBrowser: Browser is opened with url: ''

2018-12-13 14:55:08 - [MESSAGE][WARNING] - A browser is already opened. Closing browser and opening a new one

2018-12-13 14:55:12 - [MESSAGE][PASSED] - Browser is opened with url: ''

2018-12-13 14:55:12 - [TEST_STEP][PASSED] - navigateToUrl: Navigate to 'https://assist2-uat.perkeso.gov.my/login' successfully

2018-12-13 14:55:13 - [MESSAGE][PASSED] - Navigate to 'https://assist2-uat.perkeso.gov.my/login' successfully

2018-12-13 14:55:13 - [TEST_STEP][PASSED] - delay: Delayed 5 second(s)

2018-12-13 14:55:18 - [MESSAGE][PASSED] - Delayed 5 second(s)

2018-12-13 14:55:18 - [TEST_STEP][PASSED] - setText: Text 'test@liferay.com' is set on object 'Object Repository/Final Object Repo/Login Page/Internal User/Email Address'

2018-12-13 14:55:18 - [MESSAGE][PASSED] - Text 'test@liferay.com' is set on object 'Object Repository/Final Object Repo/Login Page/Internal User/Email Address'

2018-12-13 14:55:18 - [TEST_STEP][PASSED] - click: Object: 'Object Repository/Final Object Repo/Login Page/Internal User/Next Button' is clicked on

2018-12-13 14:55:18 - [MESSAGE][PASSED] - Object: 'Object Repository/Final Object Repo/Login Page/Internal User/Next Button' is clicked on

2018-12-13 14:55:18 - [TEST_STEP][PASSED] - delay: Delayed 2 second(s)

2018-12-13 14:55:20 - [MESSAGE][PASSED] - Delayed 2 second(s)

2018-12-13 14:55:20 - [TEST_STEP][PASSED] - setText: Text 'test' is set on object 'Object Repository/Final Object Repo/Login Page/Internal User/Password'

2018-12-13 14:55:21 - [MESSAGE][PASSED] - Text 'test' is set on object 'Object Repository/Final Object Repo/Login Page/Internal User/Password'

2018-12-13 14:55:21 - [TEST_STEP][PASSED] - delay: Delayed 2 second(s)

2018-12-13 14:55:23 - [MESSAGE][PASSED] - Delayed 2 second(s)

2018-12-13 14:55:23 - [TEST_STEP][PASSED] - click: Object: 'Object Repository/Final Object Repo/Login Page/Internal User/Login Button' is clicked on

2018-12-13 14:55:23 - [MESSAGE][PASSED] - Object: 'Object Repository/Final Object Repo/Login Page/Internal User/Login Button' is clicked on

2018-12-13 14:55:23 - [TEST_STEP][PASSED] - Statement - tester = com.kms.katalon.core.testobject.ObjectRepository.findTestObject(Final Object Repo/Landing Page/Select to English): Finding Test Object with id 'Object Repository/Final Object Repo/Landing Page/Select to English'

2018-12-13 14:55:23 - [TEST_STEP][PASSED] - Statement - Try: Delayed 2 second(s)

2018-12-13 14:55:23 - [TEST_STEP][PASSED] - Statement - Checker = com.kms.katalon.core.webui.keyword.WebUiBuiltInKeywords.verifyElementNotPresent(tester, 3): Web element with id: 'Object Repository/Final Object Repo/Landing Page/Select to English' located by 'By.xpath: //a[@class = 'taglib-language-list-text' and @lang = 'en-US' and (contains(text(), 'EN') or contains(., 'EN'))]' is not present after '3' second(s)

2018-12-13 14:55:25 - [MESSAGE][PASSED] - Web element with id: 'Object Repository/Final Object Repo/Landing Page/Select to English' located by 'By.xpath: //a[@class = 'taglib-language-list-text' and @lang = 'en-US' and (contains(text(), 'EN') or contains(., 'EN'))]' is not present after '3' second(s)

2018-12-13 14:55:25 - [TEST_STEP][PASSED] - Statement - If (Checker == false): null

2018-12-13 14:55:25 - [TEST_STEP][PASSED] - delay: Delayed 2 second(s)

2018-12-13 14:55:27 - [MESSAGE][PASSED] - Delayed 2 second(s)

2018-12-13 14:55:27 - [TEST_STEP][PASSED] - delay: Delayed 5 second(s)

2018-12-13 14:55:32 - [MESSAGE][PASSED] - Delayed 5 second(s)

2018-12-13 14:55:32 - [TEST_STEP][PASSED] - mouseOver: Object: 'Object Repository/Final Object Repo/Landing Page/WorkFlow Menu' is hovered

2018-12-13 14:55:32 - [MESSAGE][PASSED] - Object: 'Object Repository/Final Object Repo/Landing Page/WorkFlow Menu' is hovered

2018-12-13 14:55:32 - [TEST_STEP][PASSED] - delay: Delayed 2 second(s)

2018-12-13 14:55:34 - [MESSAGE][PASSED] - Delayed 2 second(s)

2018-12-13 14:55:34 - [TEST_STEP][PASSED] - click: Object: 'Object Repository/Final Object Repo/Landing Page/Select to Workflow Listing' is clicked on

2018-12-13 14:55:35 - [MESSAGE][PASSED] - Object: 'Object Repository/Final Object Repo/Landing Page/Select to Workflow Listing' is clicked on

2018-12-13 14:55:35 - [TEST_STEP][PASSED] - delay: Delayed 2 second(s)

2018-12-13 14:55:37 - [MESSAGE][PASSED] - Delayed 2 second(s)

2018-12-13 14:55:37 - [TEST_STEP][PASSED] - click: Object: 'Object Repository/Final Object Repo/WorkFlow Listing Page/Search Information - To Put Ref No' is clicked on

2018-12-13 14:55:37 - [MESSAGE][PASSED] - Object: 'Object Repository/Final Object Repo/WorkFlow Listing Page/Search Information - To Put Ref No' is clicked on

2018-12-13 14:55:37 - [TEST_STEP][PASSED] - delay: Delayed 2 second(s)

2018-12-13 14:55:39 - [MESSAGE][PASSED] - Delayed 2 second(s)

2018-12-13 14:55:39 - [TEST_STEP][PASSED] - callTestCase: Call Test Case 'Test Cases/Final Aug 2018 - PKS Automation/Common/Reference Number Getter' successfully

2018-12-13 14:55:39 - [TEST_CASE][PASSED] - Test Cases/Final Aug 2018 - PKS Automation/Common/Reference Number Getter: Test Cases/Final Aug 2018 - PKS Automation/Common/Reference Number Getter

2018-12-13 14:55:39 - [TEST_STEP][PASSED] - Statement - Try: null

2018-12-13 14:55:39 - [TEST_STEP][PASSED] - Statement - RefNo = new java.io.File(C://Users//Admin//Desktop//PKS//Automation Reference Point//KatalonReference.txt): null

2018-12-13 14:55:39 - [TEST_STEP][PASSED] - Statement - bufferread = new java.io.BufferedReader(new java.io.FileReader(RefNo)): null

2018-12-13 14:55:39 - [TEST_STEP][PASSED] - Statement - readedVal = bufferread.readLine(): null

2018-12-13 14:55:39 - [TEST_STEP][PASSED] - Statement - out.println(CaseReferenceNo): null

2018-12-13 14:55:39 - [TEST_STEP][PASSED] - Statement - out.println(readedVal): null

2018-12-13 14:55:39 - [TEST_STEP][PASSED] - Statement - CaseReferenceNo = "": null

2018-12-13 14:55:39 - [TEST_STEP][PASSED] - Statement - CaseReferenceNo = readedVal: null

2018-12-13 14:55:39 - [MESSAGE][PASSED] - Call Test Case 'Test Cases/Final Aug 2018 - PKS Automation/Common/Reference Number Getter' successfully

2018-12-13 14:55:39 - [TEST_STEP][PASSED] - setText: Text 'CRN12201800123283' is set on object 'Object Repository/Final Object Repo/WorkFlow Listing Page/Ref No Set Text'

2018-12-13 14:55:39 - [MESSAGE][PASSED] - Text 'CRN12201800123283' is set on object 'Object Repository/Final Object Repo/WorkFlow Listing Page/Ref No Set Text'

2018-12-13 14:55:39 - [TEST_STEP][PASSED] - delay: Delayed 2 second(s)

2018-12-13 14:55:41 - [MESSAGE][PASSED] - Delayed 2 second(s)

2018-12-13 14:55:41 - [TEST_STEP][PASSED] - click: Object: 'Object Repository/Final Object Repo/WorkFlow Listing Page/Search Ref No Search Button' is clicked on

2018-12-13 14:55:42 - [MESSAGE][PASSED] - Object: 'Object Repository/Final Object Repo/WorkFlow Listing Page/Search Ref No Search Button' is clicked on

2018-12-13 14:55:42 - [TEST_STEP][PASSED] - delay: Delayed 6 second(s)

2018-12-13 14:55:48 - [MESSAGE][PASSED] - Delayed 6 second(s)

2018-12-13 14:55:48 - [TEST_STEP][PASSED] - click: Object: 'Object Repository/Final Object Repo/WorkFlow Listing Page/Click Continue Tooltip' is clicked on

2018-12-13 14:55:49 - [MESSAGE][PASSED] - Object: 'Object Repository/Final Object Repo/WorkFlow Listing Page/Click Continue Tooltip' is clicked on

2018-12-13 14:55:49 - [TEST_STEP][PASSED] - delay: Delayed 5 second(s)

2018-12-13 14:55:54 - [MESSAGE][PASSED] - Delayed 5 second(s)

2018-12-13 14:55:54 - [TEST_STEP][PASSED] - doubleClick: Object: 'Object Repository/Final Object Repo/WorkFlow Listing Page/Workflow Found - Listing 1' is double clicked on

2018-12-13 14:55:54 - [MESSAGE][PASSED] - Object: 'Object Repository/Final Object Repo/WorkFlow Listing Page/Workflow Found - Listing 1' is double clicked on

2018-12-13 14:55:54 - [TEST_STEP][PASSED] - Statement - println(OwnerID): null

2018-12-13 14:55:54 - [TEST_STEP][PASSED] - Statement - OwnerID = com.kms.katalon.core.webui.keyword.WebUiBuiltInKeywords.getText(com.kms.katalon.core.testobject.ObjectRepository.findTestObject(Final Object Repo/WorkFlow Listing Page/Workflow Found - Listing 1), STOP_ON_FAILURE): Text of object 'Object Repository/Final Object Repo/WorkFlow Listing Page/Workflow Found - Listing 1' is: 'JOHORro2'

2018-12-13 14:55:54 - [MESSAGE][PASSED] - Text of object 'Object Repository/Final Object Repo/WorkFlow Listing Page/Workflow Found - Listing 1' is: 'JOHORro2'

2018-12-13 14:55:54 - [TEST_STEP][PASSED] - Statement - OwnerID = OwnerID.toLowerCase() + "@gmail.com": null

2018-12-13 14:55:54 - [TEST_STEP][PASSED] - Statement - println(OwnerID): null

2018-12-13 14:55:54 - [TEST_STEP][PASSED] - delay: Delayed 2 second(s)

2018-12-13 14:55:56 - [MESSAGE][PASSED] - Delayed 2 second(s)

2018-12-13 14:55:56 - [MESSAGE][PASSED] - Call Test Case 'Test Cases/Final Aug 2018 - PKS Automation/Common/Workflow Owner Finder' successfully

2018-12-13 14:55:56 - [TEST_STEP][PASSED] - callTestCase: Call Test Case 'Test Cases/Final Aug 2018 - PKS Automation/Registration Module/Log Out/log out avoiding katalon tagging' successfully

2018-12-13 14:55:56 - [TEST_CASE][PASSED] - Test Cases/Final Aug 2018 - PKS Automation/Registration Module/Log Out/log out avoiding katalon tagging: Test Cases/Final Aug 2018 - PKS Automation/Registration Module/Log Out/log out avoiding katalon tagging

2018-12-13 14:55:56 - [TEST_STEP][PASSED] - navigateToUrl: Navigate to 'https://assist2-uat.perkeso.gov.my/c/portal/logout' successfully

2018-12-13 14:55:57 - [MESSAGE][PASSED] - Navigate to 'https://assist2-uat.perkeso.gov.my/c/portal/logout' successfully

2018-12-13 14:55:57 - [MESSAGE][PASSED] - Call Test Case 'Test Cases/Final Aug 2018 - PKS Automation/Registration Module/Log Out/log out avoiding katalon tagging' successfully

2018-12-13 14:55:57 - [TEST_STEP][PASSED] - delay: Delayed 2 second(s)

2018-12-13 14:55:59 - [MESSAGE][PASSED] - Delayed 2 second(s)

2018-12-13 14:55:59 - [TEST_STEP][PASSED] - setText: Text 'johorro2@gmail.com' is set on object 'Object Repository/Final Object Repo/New Registration - Registration Module Pages/New Reg - OTC to RO/Special Case - All Related Objects/Email TextBox'

2018-12-13 14:55:59 - [MESSAGE][PASSED] - Text 'johorro2@gmail.com' is set on object 'Object Repository/Final Object Repo/New Registration - Registration Module Pages/New Reg - OTC to RO/Special Case - All Related Objects/Email TextBox'

2018-12-13 14:55:59 - [TEST_STEP][PASSED] - click: Object: 'Object Repository/Final Object Repo/New Registration - Registration Module Pages/New Reg - OTC to RO/Special Case - All Related Objects/Next Button' is clicked on

2018-12-13 14:55:59 - [MESSAGE][PASSED] - Object: 'Object Repository/Final Object Repo/New Registration - Registration Module Pages/New Reg - OTC to RO/Special Case - All Related Objects/Next Button' is clicked on

2018-12-13 14:55:59 - [TEST_STEP][PASSED] - delay: Delayed 2 second(s)

2018-12-13 14:56:01 - [MESSAGE][PASSED] - Delayed 2 second(s)

2018-12-13 14:56:01 - [TEST_STEP][PASSED] - setText: Text 'Test1@3456789' is set on object 'Object Repository/Final Object Repo/New Registration - Registration Module Pages/New Reg - OTC to RO/Special Case - All Related Objects/Password TextBox'

2018-12-13 14:56:01 - [MESSAGE][PASSED] - Text 'Test1@3456789' is set on object 'Object Repository/Final Object Repo/New Registration - Registration Module Pages/New Reg - OTC to RO/Special Case - All Related Objects/Password TextBox'

2018-12-13 14:56:01 - [TEST_STEP][PASSED] - delay: Delayed 2 second(s)

2018-12-13 14:56:03 - [MESSAGE][PASSED] - Delayed 2 second(s)

2018-12-13 14:56:03 - [TEST_STEP][PASSED] - click: Object: 'Object Repository/Final Object Repo/New Registration - Registration Module Pages/New Reg - OTC to RO/Special Case - All Related Objects/Login Button' is clicked on

2018-12-13 14:56:04 - [MESSAGE][PASSED] - Object: 'Object Repository/Final Object Repo/New Registration - Registration Module Pages/New Reg - OTC to RO/Special Case - All Related Objects/Login Button' is clicked on

2018-12-13 14:56:04 - [TEST_STEP][PASSED] - delay: Delayed 2 second(s)

2018-12-13 14:56:06 - [MESSAGE][PASSED] - Delayed 2 second(s)

2018-12-13 14:56:06 - [TEST_STEP][PASSED] - Statement - Try: null

2018-12-13 14:56:06 - [TEST_STEP][PASSED] - Statement - Checker = com.kms.katalon.core.webui.keyword.WebUiBuiltInKeywords.verifyElementNotPresent("Final Object Repo/Landing Page/Select to English", 3): null

2018-12-13 14:56:06 - [TEST_STEP][PASSED] - Statement - Catch (Exception e): null

2018-12-13 14:56:06 - [TEST_STEP][PASSED] - Statement - e.printStackTrace(): null

2018-12-13 14:56:06 - [TEST_STEP][PASSED] - click: Object: 'Object Repository/Final Object Repo/New Registration - Registration Module Pages/New Reg - OTC to RO/Special Case - All Related Objects/Expand to Search' is clicked on

2018-12-13 14:56:06 - [MESSAGE][PASSED] - Object: 'Object Repository/Final Object Repo/New Registration - Registration Module Pages/New Reg - OTC to RO/Special Case - All Related Objects/Expand to Search' is clicked on

2018-12-13 14:56:06 - [TEST_STEP][PASSED] - delay: Delayed 2 second(s)

2018-12-13 14:56:08 - [MESSAGE][PASSED] - Delayed 2 second(s)

2018-12-13 14:56:08 - [TEST_STEP][PASSED] - setText: Text 'CRN12201800123283' is set on object 'Object Repository/Final Object Repo/New Registration - Registration Module Pages/New Reg - OTC to RO/Special Case - All Related Objects/TextBox RefNo in Workbasket'

2018-12-13 14:56:08 - [MESSAGE][PASSED] - Text 'CRN12201800123283' is set on object 'Object Repository/Final Object Repo/New Registration - Registration Module Pages/New Reg - OTC to RO/Special Case - All Related Objects/TextBox RefNo in Workbasket'

2018-12-13 14:56:08 - [TEST_STEP][PASSED] - delay: Delayed 2 second(s)

2018-12-13 14:56:10 - [MESSAGE][PASSED] - Delayed 2 second(s)

2018-12-13 14:56:10 - [TEST_STEP][PASSED] - click: Object: 'Object Repository/Final Object Repo/New Registration - Registration Module Pages/New Reg - OTC to RO/Special Case - All Related Objects/Click Search' is clicked on

2018-12-13 14:56:10 - [MESSAGE][PASSED] - Object: 'Object Repository/Final Object Repo/New Registration - Registration Module Pages/New Reg - OTC to RO/Special Case - All Related Objects/Click Search' is clicked on

2018-12-13 14:56:10 - [TEST_STEP][PASSED] - delay: Delayed 2 second(s)

2018-12-13 14:56:12 - [MESSAGE][PASSED] - Delayed 2 second(s)

2018-12-13 14:56:12 - [TEST_STEP][PASSED] - click: Object: 'Object Repository/Final Object Repo/New Registration - Registration Module Pages/New Reg - OTC to RO/Special Case - All Related Objects/Click to Continue Workflow' is clicked on

2018-12-13 14:56:16 - [MESSAGE][PASSED] - Object: 'Object Repository/Final Object Repo/New Registration - Registration Module Pages/New Reg - OTC to RO/Special Case - All Related Objects/Click to Continue Workflow' is clicked on

2018-12-13 14:56:16 - [TEST_STEP][PASSED] - delay: Delayed 8 second(s)

2018-12-13 14:56:24 - [MESSAGE][PASSED] - Delayed 8 second(s)

2018-12-13 14:56:24 - [TEST_STEP][PASSED] - click: Object: 'Object Repository/Final Object Repo/New Registration - Registration Module Pages/New Reg - OTC to RO/Special Case - All Related Objects/Continue Button in verifying case' is clicked on

2018-12-13 14:56:26 - [MESSAGE][PASSED] - Object: 'Object Repository/Final Object Repo/New Registration - Registration Module Pages/New Reg - OTC to RO/Special Case - All Related Objects/Continue Button in verifying case' is clicked on

2018-12-13 14:56:26 - [TEST_STEP][PASSED] - delay: Delayed 2 second(s)

2018-12-13 14:56:28 - [MESSAGE][PASSED] - Delayed 2 second(s)

2018-12-13 14:56:28 - [TEST_STEP][PASSED] - click: Object: 'Object Repository/Final Object Repo/New Registration - Registration Module Pages/Form 1/Registered As a Branch - Yes' is clicked on

2018-12-13 14:56:28 - [MESSAGE][PASSED] - Object: 'Object Repository/Final Object Repo/New Registration - Registration Module Pages/Form 1/Registered As a Branch - Yes' is clicked on

2018-12-13 14:56:28 - [TEST_STEP][PASSED] - delay: Delayed 2 second(s)

2018-12-13 14:56:30 - [MESSAGE][PASSED] - Delayed 2 second(s)

2018-12-13 14:56:30 - [TEST_STEP][PASSED] - click: Object: 'Object Repository/Final Object Repo/New Registration - Registration Module Pages/New Reg - OTC to RO/Special Case - All Related Objects/Form 1 Save n Continue' is clicked on

2018-12-13 14:56:30 - [MESSAGE][PASSED] - Object: 'Object Repository/Final Object Repo/New Registration - Registration Module Pages/New Reg - OTC to RO/Special Case - All Related Objects/Form 1 Save n Continue' is clicked on

2018-12-13 14:56:30 - [TEST_STEP][PASSED] - delay: Delayed 2 second(s)

2018-12-13 14:56:32 - [MESSAGE][PASSED] - Delayed 2 second(s)

2018-12-13 14:56:32 - [TEST_STEP][PASSED] - click: Object: 'Object Repository/Final Object Repo/New Registration - Registration Module Pages/New Reg - OTC to RO/Special Case - All Related Objects/Form 2 Save n Continue' is clicked on

2018-12-13 14:56:32 - [MESSAGE][PASSED] - Object: 'Object Repository/Final Object Repo/New Registration - Registration Module Pages/New Reg - OTC to RO/Special Case - All Related Objects/Form 2 Save n Continue' is clicked on

2018-12-13 14:56:32 - [TEST_STEP][PASSED] - delay: Delayed 2 second(s)

2018-12-13 14:56:34 - [MESSAGE][PASSED] - Delayed 2 second(s)

2018-12-13 14:56:34 - [TEST_STEP][PASSED] - click: Object: 'Object Repository/Final Object Repo/New Registration - Registration Module Pages/New Reg - OTC to RO/Special Case - All Related Objects/Third Screen Save n Continue' is clicked on

2018-12-13 14:56:40 - [MESSAGE][PASSED] - Object: 'Object Repository/Final Object Repo/New Registration - Registration Module Pages/New Reg - OTC to RO/Special Case - All Related Objects/Third Screen Save n Continue' is clicked on

2018-12-13 14:56:40 - [TEST_STEP][PASSED] - delay: Delayed 5 second(s)

2018-12-13 14:56:45 - [MESSAGE][PASSED] - Delayed 5 second(s)

2018-12-13 14:56:45 - [TEST_STEP][PASSED] - click: Object: 'Object Repository/Final Object Repo/New Registration - Registration Module Pages/New Reg - OTC to RO/Special Case - All Related Objects/Upload Doc Page Save n Continue' is clicked on

2018-12-13 14:56:46 - [MESSAGE][PASSED] - Object: 'Object Repository/Final Object Repo/New Registration - Registration Module Pages/New Reg - OTC to RO/Special Case - All Related Objects/Upload Doc Page Save n Continue' is clicked on

2018-12-13 14:56:46 - [TEST_STEP][PASSED] - delay: Delayed 5 second(s)

2018-12-13 14:56:51 - [MESSAGE][PASSED] - Delayed 5 second(s)

2018-12-13 14:56:51 - [TEST_STEP][PASSED] - click: Object: 'Object Repository/Final Object Repo/New Registration - Registration Module Pages/New Reg - OTC to RO/Special Case - All Related Objects/Under Enforcement Button at Preview Screen of RO' is clicked on

2018-12-13 14:56:51 - [MESSAGE][PASSED] - Object: 'Object Repository/Final Object Repo/New Registration - Registration Module Pages/New Reg - OTC to RO/Special Case - All Related Objects/Under Enforcement Button at Preview Screen of RO' is clicked on

2018-12-13 14:56:51 - [TEST_STEP][PASSED] - delay: Delayed 5 second(s)

2018-12-13 14:56:56 - [MESSAGE][PASSED] - Delayed 5 second(s)

2018-12-13 14:56:56 - [TEST_STEP][PASSED] - click: Object: 'Object Repository/Final Object Repo/New Registration - Registration Module Pages/New Reg - OTC to RO/Special Case - All Related Objects/Under Enforcement - inner form' is clicked on

2018-12-13 14:56:56 - [MESSAGE][PASSED] - Object: 'Object Repository/Final Object Repo/New Registration - Registration Module Pages/New Reg - OTC to RO/Special Case - All Related Objects/Under Enforcement - inner form' is clicked on

2018-12-13 14:56:56 - [TEST_STEP][PASSED] - callTestCase: Call Test Case 'Test Cases/Final Aug 2018 - PKS Automation/Common/Screenshoting tool' successfully

2018-12-13 14:56:56 - [TEST_CASE][PASSED] - Test Cases/Final Aug 2018 - PKS Automation/Common/Screenshoting tool: Test Cases/Final Aug 2018 - PKS Automation/Common/Screenshoting tool

2018-12-13 14:56:56 - [TEST_STEP][PASSED] - delay: Delayed 15 second(s)

2018-12-13 14:57:11 - [MESSAGE][PASSED] - Delayed 15 second(s)

2018-12-13 14:57:11 - [TEST_STEP][PASSED] - Statement - driver = com.kms.katalon.core.webui.driver.DriverFactory.getWebDriver(): null

2018-12-13 14:57:11 - [TEST_STEP][PASSED] - Statement - driver.manage().timeouts().implicitlyWait(10, SECONDS): null

2018-12-13 14:57:11 - [TEST_STEP][PASSED] - Statement - PresavePath = KatalonScreenshots: null

2018-12-13 14:57:11 - [TEST_STEP][PASSED] - Statement - pathPrefix = "C:\Users\Public\Pictures\Sample Pictures\Katalon Screenshots\Automate Ending Screen": null

2018-12-13 14:57:11 - [TEST_STEP][PASSED] - Statement - finalPath = <not implemented yet for class: org.codehaus.groovy.ast.expr.EmptyExpression>: null

2018-12-13 14:57:11 - [TEST_STEP][PASSED] - Statement - scrFile = driver.getScreenshotAs(FILE): null

2018-12-13 14:57:11 - [TEST_STEP][PASSED] - Statement - PreSaveFile = new java.io.File(PresavePath): null

2018-12-13 14:57:11 - [TEST_STEP][PASSED] - Statement - counter = 0: null

2018-12-13 14:57:11 - [TEST_STEP][PASSED] - Statement - If (PreSaveFile.exists()): null

2018-12-13 14:57:11 - [TEST_STEP][PASSED] - Statement - While (PreSaveFile.exists()): null

2018-12-13 14:57:11 - [TEST_STEP][PASSED] - Statement - counter = counter + 1: null

2018-12-13 14:57:11 - [TEST_STEP][PASSED] - Statement - PreSaveFile = new java.io.File(((pathPrefix + java.lang.Integer.toString(counter)) + .png)): null

2018-12-13 14:57:11 - [TEST_STEP][PASSED] - Statement - counter = counter + 1: null

2018-12-13 14:57:11 - [TEST_STEP][PASSED] - Statement - PreSaveFile = new java.io.File(((pathPrefix + java.lang.Integer.toString(counter)) + .png)): null

2018-12-13 14:57:11 - [TEST_STEP][PASSED] - Statement - counter = counter + 1: null

2018-12-13 14:57:11 - [TEST_STEP][PASSED] - Statement - PreSaveFile = new java.io.File(((pathPrefix + java.lang.Integer.toString(counter)) + .png)): null

2018-12-13 14:57:11 - [TEST_STEP][PASSED] - Statement - counter = counter + 1: null

2018-12-13 14:57:11 - [TEST_STEP][PASSED] - Statement - PreSaveFile = new java.io.File(((pathPrefix + java.lang.Integer.toString(counter)) + .png)): null

2018-12-13 14:57:11 - [TEST_STEP][PASSED] - Statement - counter = counter + 1: null

2018-12-13 14:57:11 - [TEST_STEP][PASSED] - Statement - PreSaveFile = new java.io.File(((pathPrefix + java.lang.Integer.toString(counter)) + .png)): null

2018-12-13 14:57:11 - [TEST_STEP][PASSED] - Statement - counter = counter + 1: null

2018-12-13 14:57:11 - [TEST_STEP][PASSED] - Statement - PreSaveFile = new java.io.File(((pathPrefix + java.lang.Integer.toString(counter)) + .png)): null

2018-12-13 14:57:11 - [TEST_STEP][PASSED] - Statement - counter = counter + 1: null

2018-12-13 14:57:11 - [TEST_STEP][PASSED] - Statement - PreSaveFile = new java.io.File(((pathPrefix + java.lang.Integer.toString(counter)) + .png)): null

2018-12-13 14:57:11 - [TEST_STEP][PASSED] - Statement - counter = counter + 1: null

2018-12-13 14:57:11 - [TEST_STEP][PASSED] - Statement - PreSaveFile = new java.io.File(((pathPrefix + java.lang.Integer.toString(counter)) + .png)): null

2018-12-13 14:57:11 - [TEST_STEP][PASSED] - Statement - counter = counter + 1: null

2018-12-13 14:57:11 - [TEST_STEP][PASSED] - Statement - PreSaveFile = new java.io.File(((pathPrefix + java.lang.Integer.toString(counter)) + .png)): null

2018-12-13 14:57:11 - [TEST_STEP][PASSED] - Statement - counter = counter + 1: null

2018-12-13 14:57:12 - [TEST_STEP][PASSED] - Statement - PreSaveFile = new java.io.File(((pathPrefix + java.lang.Integer.toString(counter)) + .png)): null

2018-12-13 14:57:12 - [TEST_STEP][PASSED] - Statement - counter = counter + 1: null

2018-12-13 14:57:12 - [TEST_STEP][PASSED] - Statement - PreSaveFile = new java.io.File(((pathPrefix + java.lang.Integer.toString(counter)) + .png)): null

2018-12-13 14:57:12 - [TEST_STEP][PASSED] - Statement - counter = counter + 1: null

2018-12-13 14:57:12 - [TEST_STEP][PASSED] - Statement - PreSaveFile = new java.io.File(((pathPrefix + java.lang.Integer.toString(counter)) + .png)): null

2018-12-13 14:57:12 - [TEST_STEP][PASSED] - Statement - counter = counter + 1: null

2018-12-13 14:57:12 - [TEST_STEP][PASSED] - Statement - PreSaveFile = new java.io.File(((pathPrefix + java.lang.Integer.toString(counter)) + .png)): null

2018-12-13 14:57:12 - [TEST_STEP][PASSED] - Statement - counter = counter + 1: null

2018-12-13 14:57:12 - [TEST_STEP][PASSED] - Statement - PreSaveFile = new java.io.File(((pathPrefix + java.lang.Integer.toString(counter)) + .png)): null

2018-12-13 14:57:12 - [TEST_STEP][PASSED] - Statement - counter = counter + 1: null

2018-12-13 14:57:12 - [TEST_STEP][PASSED] - Statement - PreSaveFile = new java.io.File(((pathPrefix + java.lang.Integer.toString(counter)) + .png)): null

2018-12-13 14:57:12 - [TEST_STEP][PASSED] - Statement - counter = counter + 1: null

2018-12-13 14:57:12 - [TEST_STEP][PASSED] - Statement - PreSaveFile = new java.io.File(((pathPrefix + java.lang.Integer.toString(counter)) + .png)): null

2018-12-13 14:57:12 - [TEST_STEP][PASSED] - Statement - counter = counter + 1: null

2018-12-13 14:57:12 - [TEST_STEP][PASSED] - Statement - PreSaveFile = new java.io.File(((pathPrefix + java.lang.Integer.toString(counter)) + .png)): null

2018-12-13 14:57:12 - [TEST_STEP][PASSED] - Statement - counter = counter + 1: null

2018-12-13 14:57:12 - [TEST_STEP][PASSED] - Statement - PreSaveFile = new java.io.File(((pathPrefix + java.lang.Integer.toString(counter)) + .png)): null

2018-12-13 14:57:12 - [TEST_STEP][PASSED] - Statement - counter = counter + 1: null

2018-12-13 14:57:12 - [TEST_STEP][PASSED] - Statement - PreSaveFile = new java.io.File(((pathPrefix + java.lang.Integer.toString(counter)) + .png)): null

2018-12-13 14:57:12 - [TEST_STEP][PASSED] - Statement - counter = counter + 1: null

2018-12-13 14:57:12 - [TEST_STEP][PASSED] - Statement - PreSaveFile = new java.io.File(((pathPrefix + java.lang.Integer.toString(counter)) + .png)): null

2018-12-13 14:57:12 - [TEST_STEP][PASSED] - Statement - counter = counter + 1: null

2018-12-13 14:57:12 - [TEST_STEP][PASSED] - Statement - PreSaveFile = new java.io.File(((pathPrefix + java.lang.Integer.toString(counter)) + .png)): null

2018-12-13 14:57:12 - [TEST_STEP][PASSED] - Statement - counter = counter + 1: null

2018-12-13 14:57:12 - [TEST_STEP][PASSED] - Statement - PreSaveFile = new java.io.File(((pathPrefix + java.lang.Integer.toString(counter)) + .png)): null

2018-12-13 14:57:12 - [TEST_STEP][PASSED] - Statement - counter = counter + 1: null

2018-12-13 14:57:12 - [TEST_STEP][PASSED] - Statement - PreSaveFile = new java.io.File(((pathPrefix + java.lang.Integer.toString(counter)) + .png)): null

2018-12-13 14:57:12 - [TEST_STEP][PASSED] - Statement - counter = counter + 1: null

2018-12-13 14:57:12 - [TEST_STEP][PASSED] - Statement - PreSaveFile = new java.io.File(((pathPrefix + java.lang.Integer.toString(counter)) + .png)): null

2018-12-13 14:57:12 - [TEST_STEP][PASSED] - Statement - counter = counter + 1: null

2018-12-13 14:57:12 - [TEST_STEP][PASSED] - Statement - PreSaveFile = new java.io.File(((pathPrefix + java.lang.Integer.toString(counter)) + .png)): null

2018-12-13 14:57:12 - [TEST_STEP][PASSED] - Statement - counter = counter + 1: null

2018-12-13 14:57:12 - [TEST_STEP][PASSED] - Statement - PreSaveFile = new java.io.File(((pathPrefix + java.lang.Integer.toString(counter)) + .png)): null

2018-12-13 14:57:12 - [TEST_STEP][PASSED] - Statement - counter = counter + 1: null

2018-12-13 14:57:12 - [TEST_STEP][PASSED] - Statement - PreSaveFile = new java.io.File(((pathPrefix + java.lang.Integer.toString(counter)) + .png)): null

2018-12-13 14:57:12 - [TEST_STEP][PASSED] - Statement - counter = counter + 1: null

2018-12-13 14:57:12 - [TEST_STEP][PASSED] - Statement - PreSaveFile = new java.io.File(((pathPrefix + java.lang.Integer.toString(counter)) + .png)): null

2018-12-13 14:57:12 - [TEST_STEP][PASSED] - Statement - counter = counter + 1: null

2018-12-13 14:57:12 - [TEST_STEP][PASSED] - Statement - PreSaveFile = new java.io.File(((pathPrefix + java.lang.Integer.toString(counter)) + .png)): null

2018-12-13 14:57:12 - [TEST_STEP][PASSED] - Statement - counter = counter + 1: null

2018-12-13 14:57:12 - [TEST_STEP][PASSED] - Statement - PreSaveFile = new java.io.File(((pathPrefix + java.lang.Integer.toString(counter)) + .png)): null

2018-12-13 14:57:12 - [TEST_STEP][PASSED] - Statement - counter = counter + 1: null

2018-12-13 14:57:12 - [TEST_STEP][PASSED] - Statement - PreSaveFile = new java.io.File(((pathPrefix + java.lang.Integer.toString(counter)) + .png)): null

2018-12-13 14:57:12 - [TEST_STEP][PASSED] - Statement - counter = counter + 1: null

2018-12-13 14:57:12 - [TEST_STEP][PASSED] - Statement - PreSaveFile = new java.io.File(((pathPrefix + java.lang.Integer.toString(counter)) + .png)): null

2018-12-13 14:57:12 - [TEST_STEP][PASSED] - Statement - counter = counter + 1: null

2018-12-13 14:57:12 - [TEST_STEP][PASSED] - Statement - PreSaveFile = new java.io.File(((pathPrefix + java.lang.Integer.toString(counter)) + .png)): null

2018-12-13 14:57:12 - [TEST_STEP][PASSED] - Statement - counter = counter + 1: null

2018-12-13 14:57:12 - [TEST_STEP][PASSED] - Statement - PreSaveFile = new java.io.File(((pathPrefix + java.lang.Integer.toString(counter)) + .png)): null

2018-12-13 14:57:12 - [TEST_STEP][PASSED] - Statement - counter = counter + 1: null

2018-12-13 14:57:12 - [TEST_STEP][PASSED] - Statement - PreSaveFile = new java.io.File(((pathPrefix + java.lang.Integer.toString(counter)) + .png)): null

2018-12-13 14:57:12 - [TEST_STEP][PASSED] - Statement - counter = counter + 1: null

2018-12-13 14:57:12 - [TEST_STEP][PASSED] - Statement - PreSaveFile = new java.io.File(((pathPrefix + java.lang.Integer.toString(counter)) + .png)): null

2018-12-13 14:57:12 - [TEST_STEP][PASSED] - Statement - counter = counter + 1: null

2018-12-13 14:57:12 - [TEST_STEP][PASSED] - Statement - PreSaveFile = new java.io.File(((pathPrefix + java.lang.Integer.toString(counter)) + .png)): null

2018-12-13 14:57:12 - [TEST_STEP][PASSED] - Statement - counter = counter + 1: null

2018-12-13 14:57:12 - [TEST_STEP][PASSED] - Statement - PreSaveFile = new java.io.File(((pathPrefix + java.lang.Integer.toString(counter)) + .png)): null

2018-12-13 14:57:12 - [TEST_STEP][PASSED] - Statement - counter = counter + 1: null

2018-12-13 14:57:12 - [TEST_STEP][PASSED] - Statement - PreSaveFile = new java.io.File(((pathPrefix + java.lang.Integer.toString(counter)) + .png)): null

2018-12-13 14:57:12 - [TEST_STEP][PASSED] - Statement - counter = counter + 1: null

2018-12-13 14:57:12 - [TEST_STEP][PASSED] - Statement - PreSaveFile = new java.io.File(((pathPrefix + java.lang.Integer.toString(counter)) + .png)): null

2018-12-13 14:57:12 - [TEST_STEP][PASSED] - Statement - counter = counter + 1: null

2018-12-13 14:57:12 - [TEST_STEP][PASSED] - Statement - PreSaveFile = new java.io.File(((pathPrefix + java.lang.Integer.toString(counter)) + .png)): null

2018-12-13 14:57:12 - [TEST_STEP][PASSED] - Statement - counter = counter + 1: null

2018-12-13 14:57:12 - [TEST_STEP][PASSED] - Statement - PreSaveFile = new java.io.File(((pathPrefix + java.lang.Integer.toString(counter)) + .png)): null

2018-12-13 14:57:12 - [TEST_STEP][PASSED] - Statement - counter = counter + 1: null

2018-12-13 14:57:12 - [TEST_STEP][PASSED] - Statement - PreSaveFile = new java.io.File(((pathPrefix + java.lang.Integer.toString(counter)) + .png)): null

2018-12-13 14:57:12 - [TEST_STEP][PASSED] - Statement - counter = counter + 1: null

2018-12-13 14:57:12 - [TEST_STEP][PASSED] - Statement - PreSaveFile = new java.io.File(((pathPrefix + java.lang.Integer.toString(counter)) + .png)): null

2018-12-13 14:57:12 - [TEST_STEP][PASSED] - Statement - counter = counter + 1: null

2018-12-13 14:57:12 - [TEST_STEP][PASSED] - Statement - PreSaveFile = new java.io.File(((pathPrefix + java.lang.Integer.toString(counter)) + .png)): null

2018-12-13 14:57:12 - [TEST_STEP][PASSED] - Statement - counter = counter + 1: null

2018-12-13 14:57:12 - [TEST_STEP][PASSED] - Statement - PreSaveFile = new java.io.File(((pathPrefix + java.lang.Integer.toString(counter)) + .png)): null

2018-12-13 14:57:12 - [TEST_STEP][PASSED] - Statement - counter = counter + 1: null

2018-12-13 14:57:12 - [TEST_STEP][PASSED] - Statement - PreSaveFile = new java.io.File(((pathPrefix + java.lang.Integer.toString(counter)) + .png)): null

2018-12-13 14:57:12 - [TEST_STEP][PASSED] - Statement - counter = counter + 1: null

2018-12-13 14:57:12 - [TEST_STEP][PASSED] - Statement - PreSaveFile = new java.io.File(((pathPrefix + java.lang.Integer.toString(counter)) + .png)): null

2018-12-13 14:57:12 - [TEST_STEP][PASSED] - Statement - counter = counter + 1: null

2018-12-13 14:57:12 - [TEST_STEP][PASSED] - Statement - PreSaveFile = new java.io.File(((pathPrefix + java.lang.Integer.toString(counter)) + .png)): null

2018-12-13 14:57:12 - [TEST_STEP][PASSED] - Statement - counter = counter + 1: null

2018-12-13 14:57:12 - [TEST_STEP][PASSED] - Statement - PreSaveFile = new java.io.File(((pathPrefix + java.lang.Integer.toString(counter)) + .png)): null

2018-12-13 14:57:12 - [TEST_STEP][PASSED] - Statement - counter = counter + 1: null

2018-12-13 14:57:12 - [TEST_STEP][PASSED] - Statement - PreSaveFile = new java.io.File(((pathPrefix + java.lang.Integer.toString(counter)) + .png)): null

2018-12-13 14:57:12 - [TEST_STEP][PASSED] - Statement - counter = counter + 1: null

2018-12-13 14:57:12 - [TEST_STEP][PASSED] - Statement - PreSaveFile = new java.io.File(((pathPrefix + java.lang.Integer.toString(counter)) + .png)): null

2018-12-13 14:57:12 - [TEST_STEP][PASSED] - Statement - counter = counter + 1: null

2018-12-13 14:57:12 - [TEST_STEP][PASSED] - Statement - PreSaveFile = new java.io.File(((pathPrefix + java.lang.Integer.toString(counter)) + .png)): null

2018-12-13 14:57:12 - [TEST_STEP][PASSED] - Statement - counter = counter + 1: null

2018-12-13 14:57:12 - [TEST_STEP][PASSED] - Statement - PreSaveFile = new java.io.File(((pathPrefix + java.lang.Integer.toString(counter)) + .png)): null

2018-12-13 14:57:12 - [TEST_STEP][PASSED] - Statement - counter = counter + 1: null

2018-12-13 14:57:12 - [TEST_STEP][PASSED] - Statement - PreSaveFile = new java.io.File(((pathPrefix + java.lang.Integer.toString(counter)) + .png)): null

2018-12-13 14:57:12 - [TEST_STEP][PASSED] - Statement - counter = counter + 1: null

2018-12-13 14:57:12 - [TEST_STEP][PASSED] - Statement - PreSaveFile = new java.io.File(((pathPrefix + java.lang.Integer.toString(counter)) + .png)): null

2018-12-13 14:57:12 - [TEST_STEP][PASSED] - Statement - counter = counter + 1: null

2018-12-13 14:57:12 - [TEST_STEP][PASSED] - Statement - PreSaveFile = new java.io.File(((pathPrefix + java.lang.Integer.toString(counter)) + .png)): null

2018-12-13 14:57:12 - [TEST_STEP][PASSED] - Statement - counter = counter + 1: null

2018-12-13 14:57:12 - [TEST_STEP][PASSED] - Statement - PreSaveFile = new java.io.File(((pathPrefix + java.lang.Integer.toString(counter)) + .png)): null

2018-12-13 14:57:12 - [TEST_STEP][PASSED] - Statement - counter = counter + 1: null

2018-12-13 14:57:12 - [TEST_STEP][PASSED] - Statement - PreSaveFile = new java.io.File(((pathPrefix + java.lang.Integer.toString(counter)) + .png)): null

2018-12-13 14:57:12 - [TEST_STEP][PASSED] - Statement - counter = counter + 1: null

2018-12-13 14:57:12 - [TEST_STEP][PASSED] - Statement - PreSaveFile = new java.io.File(((pathPrefix + java.lang.Integer.toString(counter)) + .png)): null

2018-12-13 14:57:12 - [TEST_STEP][PASSED] - Statement - counter = counter + 1: null

2018-12-13 14:57:12 - [TEST_STEP][PASSED] - Statement - PreSaveFile = new java.io.File(((pathPrefix + java.lang.Integer.toString(counter)) + .png)): null

2018-12-13 14:57:12 - [TEST_STEP][PASSED] - Statement - counter = counter + 1: null

2018-12-13 14:57:12 - [TEST_STEP][PASSED] - Statement - PreSaveFile = new java.io.File(((pathPrefix + java.lang.Integer.toString(counter)) + .png)): null

2018-12-13 14:57:12 - [TEST_STEP][PASSED] - Statement - counter = counter + 1: null

2018-12-13 14:57:12 - [TEST_STEP][PASSED] - Statement - PreSaveFile = new java.io.File(((pathPrefix + java.lang.Integer.toString(counter)) + .png)): null

2018-12-13 14:57:12 - [TEST_STEP][PASSED] - Statement - counter = counter + 1: null

2018-12-13 14:57:12 - [TEST_STEP][PASSED] - Statement - PreSaveFile = new java.io.File(((pathPrefix + java.lang.Integer.toString(counter)) + .png)): null

2018-12-13 14:57:12 - [TEST_STEP][PASSED] - Statement - counter = counter + 1: null

2018-12-13 14:57:12 - [TEST_STEP][PASSED] - Statement - PreSaveFile = new java.io.File(((pathPrefix + java.lang.Integer.toString(counter)) + .png)): null

2018-12-13 14:57:12 - [TEST_STEP][PASSED] - Statement - counter = counter + 1: null

2018-12-13 14:57:12 - [TEST_STEP][PASSED] - Statement - PreSaveFile = new java.io.File(((pathPrefix + java.lang.Integer.toString(counter)) + .png)): null

2018-12-13 14:57:12 - [TEST_STEP][PASSED] - Statement - counter = counter + 1: null

2018-12-13 14:57:12 - [TEST_STEP][PASSED] - Statement - PreSaveFile = new java.io.File(((pathPrefix + java.lang.Integer.toString(counter)) + .png)): null

2018-12-13 14:57:12 - [TEST_STEP][PASSED] - Statement - counter = counter + 1: null

2018-12-13 14:57:12 - [TEST_STEP][PASSED] - Statement - PreSaveFile = new java.io.File(((pathPrefix + java.lang.Integer.toString(counter)) + .png)): null

2018-12-13 14:57:12 - [TEST_STEP][PASSED] - Statement - counter = counter + 1: null

2018-12-13 14:57:12 - [TEST_STEP][PASSED] - Statement - PreSaveFile = new java.io.File(((pathPrefix + java.lang.Integer.toString(counter)) + .png)): null

2018-12-13 14:57:12 - [TEST_STEP][PASSED] - Statement - counter = counter + 1: null

2018-12-13 14:57:12 - [TEST_STEP][PASSED] - Statement - PreSaveFile = new java.io.File(((pathPrefix + java.lang.Integer.toString(counter)) + .png)): null

2018-12-13 14:57:12 - [TEST_STEP][PASSED] - Statement - counter = counter + 1: null

2018-12-13 14:57:12 - [TEST_STEP][PASSED] - Statement - PreSaveFile = new java.io.File(((pathPrefix + java.lang.Integer.toString(counter)) + .png)): null

2018-12-13 14:57:12 - [TEST_STEP][PASSED] - Statement - counter = counter + 1: null

2018-12-13 14:57:12 - [TEST_STEP][PASSED] - Statement - PreSaveFile = new java.io.File(((pathPrefix + java.lang.Integer.toString(counter)) + .png)): null

2018-12-13 14:57:12 - [TEST_STEP][PASSED] - Statement - counter = counter + 1: null

2018-12-13 14:57:12 - [TEST_STEP][PASSED] - Statement - PreSaveFile = new java.io.File(((pathPrefix + java.lang.Integer.toString(counter)) + .png)): null

2018-12-13 14:57:12 - [TEST_STEP][PASSED] - Statement - counter = counter + 1: null

2018-12-13 14:57:12 - [TEST_STEP][PASSED] - Statement - PreSaveFile = new java.io.File(((pathPrefix + java.lang.Integer.toString(counter)) + .png)): null

2018-12-13 14:57:12 - [TEST_STEP][PASSED] - Statement - counter = counter + 1: null

2018-12-13 14:57:12 - [TEST_STEP][PASSED] - Statement - PreSaveFile = new java.io.File(((pathPrefix + java.lang.Integer.toString(counter)) + .png)): null

2018-12-13 14:57:12 - [TEST_STEP][PASSED] - Statement - counter = counter + 1: null

2018-12-13 14:57:12 - [TEST_STEP][PASSED] - Statement - PreSaveFile = new java.io.File(((pathPrefix + java.lang.Integer.toString(counter)) + .png)): null

2018-12-13 14:57:12 - [TEST_STEP][PASSED] - Statement - counter = counter + 1: null

2018-12-13 14:57:12 - [TEST_STEP][PASSED] - Statement - PreSaveFile = new java.io.File(((pathPrefix + java.lang.Integer.toString(counter)) + .png)): null

2018-12-13 14:57:12 - [TEST_STEP][PASSED] - Statement - counter = counter + 1: null

2018-12-13 14:57:12 - [TEST_STEP][PASSED] - Statement - PreSaveFile = new java.io.File(((pathPrefix + java.lang.Integer.toString(counter)) + .png)): null

2018-12-13 14:57:12 - [TEST_STEP][PASSED] - Statement - counter = counter + 1: null

2018-12-13 14:57:12 - [TEST_STEP][PASSED] - Statement - PreSaveFile = new java.io.File(((pathPrefix + java.lang.Integer.toString(counter)) + .png)): null

2018-12-13 14:57:12 - [TEST_STEP][PASSED] - Statement - counter = counter + 1: null

2018-12-13 14:57:12 - [TEST_STEP][PASSED] - Statement - PreSaveFile = new java.io.File(((pathPrefix + java.lang.Integer.toString(counter)) + .png)): null

2018-12-13 14:57:12 - [TEST_STEP][PASSED] - Statement - counter = counter + 1: null

2018-12-13 14:57:12 - [TEST_STEP][PASSED] - Statement - PreSaveFile = new java.io.File(((pathPrefix + java.lang.Integer.toString(counter)) + .png)): null

2018-12-13 14:57:12 - [TEST_STEP][PASSED] - Statement - counter = counter + 1: null

2018-12-13 14:57:12 - [TEST_STEP][PASSED] - Statement - PreSaveFile = new java.io.File(((pathPrefix + java.lang.Integer.toString(counter)) + .png)): null

2018-12-13 14:57:12 - [TEST_STEP][PASSED] - Statement - counter = counter + 1: null

2018-12-13 14:57:12 - [TEST_STEP][PASSED] - Statement - PreSaveFile = new java.io.File(((pathPrefix + java.lang.Integer.toString(counter)) + .png)): null

2018-12-13 14:57:12 - [TEST_STEP][PASSED] - Statement - counter = counter + 1: null

2018-12-13 14:57:12 - [TEST_STEP][PASSED] - Statement - PreSaveFile = new java.io.File(((pathPrefix + java.lang.Integer.toString(counter)) + .png)): null

2018-12-13 14:57:12 - [TEST_STEP][PASSED] - Statement - counter = counter + 1: null

2018-12-13 14:57:12 - [TEST_STEP][PASSED] - Statement - PreSaveFile = new java.io.File(((pathPrefix + java.lang.Integer.toString(counter)) + .png)): null

2018-12-13 14:57:12 - [TEST_STEP][PASSED] - Statement - counter = counter + 1: null

2018-12-13 14:57:12 - [TEST_STEP][PASSED] - Statement - PreSaveFile = new java.io.File(((pathPrefix + java.lang.Integer.toString(counter)) + .png)): null

2018-12-13 14:57:12 - [TEST_STEP][PASSED] - Statement - counter = counter + 1: null

2018-12-13 14:57:12 - [TEST_STEP][PASSED] - Statement - PreSaveFile = new java.io.File(((pathPrefix + java.lang.Integer.toString(counter)) + .png)): null

2018-12-13 14:57:12 - [TEST_STEP][PASSED] - Statement - counter = counter + 1: null

2018-12-13 14:57:12 - [TEST_STEP][PASSED] - Statement - PreSaveFile = new java.io.File(((pathPrefix + java.lang.Integer.toString(counter)) + .png)): null

2018-12-13 14:57:12 - [TEST_STEP][PASSED] - Statement - counter = counter + 1: null

2018-12-13 14:57:12 - [TEST_STEP][PASSED] - Statement - PreSaveFile = new java.io.File(((pathPrefix + java.lang.Integer.toString(counter)) + .png)): null

2018-12-13 14:57:12 - [TEST_STEP][PASSED] - Statement - counter = counter + 1: null

2018-12-13 14:57:12 - [TEST_STEP][PASSED] - Statement - PreSaveFile = new java.io.File(((pathPrefix + java.lang.Integer.toString(counter)) + .png)): null

2018-12-13 14:57:12 - [TEST_STEP][PASSED] - Statement - counter = counter + 1: null

2018-12-13 14:57:12 - [TEST_STEP][PASSED] - Statement - PreSaveFile = new java.io.File(((pathPrefix + java.lang.Integer.toString(counter)) + .png)): null

2018-12-13 14:57:12 - [TEST_STEP][PASSED] - Statement - counter = counter + 1: null

2018-12-13 14:57:12 - [TEST_STEP][PASSED] - Statement - PreSaveFile = new java.io.File(((pathPrefix + java.lang.Integer.toString(counter)) + .png)): null

2018-12-13 14:57:12 - [TEST_STEP][PASSED] - Statement - counter = counter + 1: null

2018-12-13 14:57:12 - [TEST_STEP][PASSED] - Statement - PreSaveFile = new java.io.File(((pathPrefix + java.lang.Integer.toString(counter)) + .png)): null

2018-12-13 14:57:12 - [TEST_STEP][PASSED] - Statement - counter = counter + 1: null

2018-12-13 14:57:12 - [TEST_STEP][PASSED] - Statement - PreSaveFile = new java.io.File(((pathPrefix + java.lang.Integer.toString(counter)) + .png)): null

2018-12-13 14:57:12 - [TEST_STEP][PASSED] - Statement - counter = counter + 1: null

2018-12-13 14:57:12 - [TEST_STEP][PASSED] - Statement - PreSaveFile = new java.io.File(((pathPrefix + java.lang.Integer.toString(counter)) + .png)): null

2018-12-13 14:57:12 - [TEST_STEP][PASSED] - Statement - counter = counter + 1: null

2018-12-13 14:57:12 - [TEST_STEP][PASSED] - Statement - PreSaveFile = new java.io.File(((pathPrefix + java.lang.Integer.toString(counter)) + .png)): null

2018-12-13 14:57:12 - [TEST_STEP][PASSED] - Statement - counter = counter + 1: null

2018-12-13 14:57:12 - [TEST_STEP][PASSED] - Statement - PreSaveFile = new java.io.File(((pathPrefix + java.lang.Integer.toString(counter)) + .png)): null

2018-12-13 14:57:12 - [TEST_STEP][PASSED] - Statement - counter = counter + 1: null

2018-12-13 14:57:12 - [TEST_STEP][PASSED] - Statement - PreSaveFile = new java.io.File(((pathPrefix + java.lang.Integer.toString(counter)) + .png)): null

2018-12-13 14:57:12 - [TEST_STEP][PASSED] - Statement - counter = counter + 1: null

2018-12-13 14:57:12 - [TEST_STEP][PASSED] - Statement - PreSaveFile = new java.io.File(((pathPrefix + java.lang.Integer.toString(counter)) + .png)): null

2018-12-13 14:57:12 - [TEST_STEP][PASSED] - Statement - counter = counter + 1: null

2018-12-13 14:57:12 - [TEST_STEP][PASSED] - Statement - PreSaveFile = new java.io.File(((pathPrefix + java.lang.Integer.toString(counter)) + .png)): null

2018-12-13 14:57:12 - [TEST_STEP][PASSED] - Statement - counter = counter + 1: null

2018-12-13 14:57:12 - [TEST_STEP][PASSED] - Statement - PreSaveFile = new java.io.File(((pathPrefix + java.lang.Integer.toString(counter)) + .png)): null

2018-12-13 14:57:12 - [TEST_STEP][PASSED] - Statement - counter = counter + 1: null

2018-12-13 14:57:12 - [TEST_STEP][PASSED] - Statement - PreSaveFile = new java.io.File(((pathPrefix + java.lang.Integer.toString(counter)) + .png)): null

2018-12-13 14:57:12 - [TEST_STEP][PASSED] - Statement - counter = counter + 1: null

2018-12-13 14:57:12 - [TEST_STEP][PASSED] - Statement - PreSaveFile = new java.io.File(((pathPrefix + java.lang.Integer.toString(counter)) + .png)): null

2018-12-13 14:57:12 - [TEST_STEP][PASSED] - Statement - counter = counter + 1: null

2018-12-13 14:57:12 - [TEST_STEP][PASSED] - Statement - PreSaveFile = new java.io.File(((pathPrefix + java.lang.Integer.toString(counter)) + .png)): null

2018-12-13 14:57:12 - [TEST_STEP][PASSED] - Statement - counter = counter + 1: null

2018-12-13 14:57:12 - [TEST_STEP][PASSED] - Statement - PreSaveFile = new java.io.File(((pathPrefix + java.lang.Integer.toString(counter)) + .png)): null

2018-12-13 14:57:12 - [TEST_STEP][PASSED] - Statement - counter = counter + 1: null

2018-12-13 14:57:12 - [TEST_STEP][PASSED] - Statement - PreSaveFile = new java.io.File(((pathPrefix + java.lang.Integer.toString(counter)) + .png)): null

2018-12-13 14:57:12 - [TEST_STEP][PASSED] - Statement - counter = counter + 1: null

2018-12-13 14:57:12 - [TEST_STEP][PASSED] - Statement - PreSaveFile = new java.io.File(((pathPrefix + java.lang.Integer.toString(counter)) + .png)): null

2018-12-13 14:57:12 - [TEST_STEP][PASSED] - Statement - counter = counter + 1: null

2018-12-13 14:57:12 - [TEST_STEP][PASSED] - Statement - PreSaveFile = new java.io.File(((pathPrefix + java.lang.Integer.toString(counter)) + .png)): null

2018-12-13 14:57:12 - [TEST_STEP][PASSED] - Statement - counter = counter + 1: null

2018-12-13 14:57:12 - [TEST_STEP][PASSED] - Statement - PreSaveFile = new java.io.File(((pathPrefix + java.lang.Integer.toString(counter)) + .png)): null

2018-12-13 14:57:12 - [TEST_STEP][PASSED] - Statement - counter = counter + 1: null

2018-12-13 14:57:12 - [TEST_STEP][PASSED] - Statement - PreSaveFile = new java.io.File(((pathPrefix + java.lang.Integer.toString(counter)) + .png)): null

2018-12-13 14:57:12 - [TEST_STEP][PASSED] - Statement - counter = counter + 1: null

2018-12-13 14:57:12 - [TEST_STEP][PASSED] - Statement - PreSaveFile = new java.io.File(((pathPrefix + java.lang.Integer.toString(counter)) + .png)): null

2018-12-13 14:57:12 - [TEST_STEP][PASSED] - Statement - counter = counter + 1: null

2018-12-13 14:57:12 - [TEST_STEP][PASSED] - Statement - PreSaveFile = new java.io.File(((pathPrefix + java.lang.Integer.toString(counter)) + .png)): null

2018-12-13 14:57:12 - [TEST_STEP][PASSED] - Statement - counter = counter + 1: null

2018-12-13 14:57:12 - [TEST_STEP][PASSED] - Statement - PreSaveFile = new java.io.File(((pathPrefix + java.lang.Integer.toString(counter)) + .png)): null

2018-12-13 14:57:12 - [TEST_STEP][PASSED] - Statement - counter = counter + 1: null

2018-12-13 14:57:12 - [TEST_STEP][PASSED] - Statement - PreSaveFile = new java.io.File(((pathPrefix + java.lang.Integer.toString(counter)) + .png)): null

2018-12-13 14:57:12 - [TEST_STEP][PASSED] - Statement - counter = counter + 1: null

2018-12-13 14:57:12 - [TEST_STEP][PASSED] - Statement - PreSaveFile = new java.io.File(((pathPrefix + java.lang.Integer.toString(counter)) + .png)): null

2018-12-13 14:57:12 - [TEST_STEP][PASSED] - Statement - counter = counter + 1: null

2018-12-13 14:57:12 - [TEST_STEP][PASSED] - Statement - PreSaveFile = new java.io.File(((pathPrefix + java.lang.Integer.toString(counter)) + .png)): null

2018-12-13 14:57:12 - [TEST_STEP][PASSED] - Statement - counter = counter + 1: null

2018-12-13 14:57:12 - [TEST_STEP][PASSED] - Statement - PreSaveFile = new java.io.File(((pathPrefix + java.lang.Integer.toString(counter)) + .png)): null

2018-12-13 14:57:12 - [TEST_STEP][PASSED] - Statement - counter = counter + 1: null

2018-12-13 14:57:12 - [TEST_STEP][PASSED] - Statement - PreSaveFile = new java.io.File(((pathPrefix + java.lang.Integer.toString(counter)) + .png)): null

2018-12-13 14:57:12 - [TEST_STEP][PASSED] - Statement - counter = counter + 1: null

2018-12-13 14:57:12 - [TEST_STEP][PASSED] - Statement - PreSaveFile = new java.io.File(((pathPrefix + java.lang.Integer.toString(counter)) + .png)): null

2018-12-13 14:57:12 - [TEST_STEP][PASSED] - Statement - counter = counter + 1: null

2018-12-13 14:57:12 - [TEST_STEP][PASSED] - Statement - PreSaveFile = new java.io.File(((pathPrefix + java.lang.Integer.toString(counter)) + .png)): null

2018-12-13 14:57:12 - [TEST_STEP][PASSED] - Statement - counter = counter + 1: null

2018-12-13 14:57:12 - [TEST_STEP][PASSED] - Statement - PreSaveFile = new java.io.File(((pathPrefix + java.lang.Integer.toString(counter)) + .png)): null

2018-12-13 14:57:12 - [TEST_STEP][PASSED] - Statement - counter = counter + 1: null

2018-12-13 14:57:12 - [TEST_STEP][PASSED] - Statement - PreSaveFile = new java.io.File(((pathPrefix + java.lang.Integer.toString(counter)) + .png)): null

2018-12-13 14:57:12 - [TEST_STEP][PASSED] - Statement - counter = counter + 1: null

2018-12-13 14:57:12 - [TEST_STEP][PASSED] - Statement - PreSaveFile = new java.io.File(((pathPrefix + java.lang.Integer.toString(counter)) + .png)): null

2018-12-13 14:57:12 - [TEST_STEP][PASSED] - Statement - counter = counter + 1: null

2018-12-13 14:57:12 - [TEST_STEP][PASSED] - Statement - PreSaveFile = new java.io.File(((pathPrefix + java.lang.Integer.toString(counter)) + .png)): null

2018-12-13 14:57:12 - [TEST_STEP][PASSED] - Statement - counter = counter + 1: null

2018-12-13 14:57:12 - [TEST_STEP][PASSED] - Statement - PreSaveFile = new java.io.File(((pathPrefix + java.lang.Integer.toString(counter)) + .png)): null

2018-12-13 14:57:12 - [TEST_STEP][PASSED] - Statement - counter = counter + 1: null

2018-12-13 14:57:12 - [TEST_STEP][PASSED] - Statement - PreSaveFile = new java.io.File(((pathPrefix + java.lang.Integer.toString(counter)) + .png)): null

2018-12-13 14:57:12 - [TEST_STEP][PASSED] - Statement - counter = counter + 1: null

2018-12-13 14:57:12 - [TEST_STEP][PASSED] - Statement - PreSaveFile = new java.io.File(((pathPrefix + java.lang.Integer.toString(counter)) + .png)): null

2018-12-13 14:57:12 - [TEST_STEP][PASSED] - Statement - counter = counter + 1: null

2018-12-13 14:57:12 - [TEST_STEP][PASSED] - Statement - PreSaveFile = new java.io.File(((pathPrefix + java.lang.Integer.toString(counter)) + .png)): null

2018-12-13 14:57:12 - [TEST_STEP][PASSED] - Statement - counter = counter + 1: null

2018-12-13 14:57:12 - [TEST_STEP][PASSED] - Statement - PreSaveFile = new java.io.File(((pathPrefix + java.lang.Integer.toString(counter)) + .png)): null

2018-12-13 14:57:12 - [TEST_STEP][PASSED] - Statement - counter = counter + 1: null

2018-12-13 14:57:12 - [TEST_STEP][PASSED] - Statement - PreSaveFile = new java.io.File(((pathPrefix + java.lang.Integer.toString(counter)) + .png)): null

2018-12-13 14:57:12 - [TEST_STEP][PASSED] - Statement - counter = counter + 1: null

2018-12-13 14:57:12 - [TEST_STEP][PASSED] - Statement - PreSaveFile = new java.io.File(((pathPrefix + java.lang.Integer.toString(counter)) + .png)): null

2018-12-13 14:57:12 - [TEST_STEP][PASSED] - Statement - counter = counter + 1: null

2018-12-13 14:57:12 - [TEST_STEP][PASSED] - Statement - PreSaveFile = new java.io.File(((pathPrefix + java.lang.Integer.toString(counter)) + .png)): null

2018-12-13 14:57:12 - [TEST_STEP][PASSED] - Statement - counter = counter + 1: null

2018-12-13 14:57:12 - [TEST_STEP][PASSED] - Statement - PreSaveFile = new java.io.File(((pathPrefix + java.lang.Integer.toString(counter)) + .png)): null

2018-12-13 14:57:12 - [TEST_STEP][PASSED] - Statement - counter = counter + 1: null

2018-12-13 14:57:12 - [TEST_STEP][PASSED] - Statement - PreSaveFile = new java.io.File(((pathPrefix + java.lang.Integer.toString(counter)) + .png)): null

2018-12-13 14:57:12 - [TEST_STEP][PASSED] - Statement - counter = counter + 1: null

2018-12-13 14:57:12 - [TEST_STEP][PASSED] - Statement - PreSaveFile = new java.io.File(((pathPrefix + java.lang.Integer.toString(counter)) + .png)): null

2018-12-13 14:57:12 - [TEST_STEP][PASSED] - Statement - counter = counter + 1: null

2018-12-13 14:57:12 - [TEST_STEP][PASSED] - Statement - PreSaveFile = new java.io.File(((pathPrefix + java.lang.Integer.toString(counter)) + .png)): null

2018-12-13 14:57:12 - [TEST_STEP][PASSED] - Statement - counter = counter + 1: null

2018-12-13 14:57:12 - [TEST_STEP][PASSED] - Statement - PreSaveFile = new java.io.File(((pathPrefix + java.lang.Integer.toString(counter)) + .png)): null

2018-12-13 14:57:12 - [TEST_STEP][PASSED] - Statement - counter = counter + 1: null

2018-12-13 14:57:12 - [TEST_STEP][PASSED] - Statement - PreSaveFile = new java.io.File(((pathPrefix + java.lang.Integer.toString(counter)) + .png)): null

2018-12-13 14:57:12 - [TEST_STEP][PASSED] - Statement - counter = counter + 1: null

2018-12-13 14:57:12 - [TEST_STEP][PASSED] - Statement - PreSaveFile = new java.io.File(((pathPrefix + java.lang.Integer.toString(counter)) + .png)): null

2018-12-13 14:57:12 - [TEST_STEP][PASSED] - Statement - counter = counter + 1: null

2018-12-13 14:57:12 - [TEST_STEP][PASSED] - Statement - PreSaveFile = new java.io.File(((pathPrefix + java.lang.Integer.toString(counter)) + .png)): null

2018-12-13 14:57:12 - [TEST_STEP][PASSED] - Statement - counter = counter + 1: null

2018-12-13 14:57:12 - [TEST_STEP][PASSED] - Statement - PreSaveFile = new java.io.File(((pathPrefix + java.lang.Integer.toString(counter)) + .png)): null

2018-12-13 14:57:12 - [TEST_STEP][PASSED] - Statement - counter = counter + 1: null

2018-12-13 14:57:12 - [TEST_STEP][PASSED] - Statement - PreSaveFile = new java.io.File(((pathPrefix + java.lang.Integer.toString(counter)) + .png)): null

2018-12-13 14:57:12 - [TEST_STEP][PASSED] - Statement - counter = counter + 1: null

2018-12-13 14:57:12 - [TEST_STEP][PASSED] - Statement - PreSaveFile = new java.io.File(((pathPrefix + java.lang.Integer.toString(counter)) + .png)): null

2018-12-13 14:57:12 - [TEST_STEP][PASSED] - Statement - counter = counter + 1: null

2018-12-13 14:57:12 - [TEST_STEP][PASSED] - Statement - PreSaveFile = new java.io.File(((pathPrefix + java.lang.Integer.toString(counter)) + .png)): null

2018-12-13 14:57:12 - [TEST_STEP][PASSED] - Statement - counter = counter + 1: null

2018-12-13 14:57:12 - [TEST_STEP][PASSED] - Statement - PreSaveFile = new java.io.File(((pathPrefix + java.lang.Integer.toString(counter)) + .png)): null

2018-12-13 14:57:12 - [TEST_STEP][PASSED] - Statement - counter = counter + 1: null

2018-12-13 14:57:12 - [TEST_STEP][PASSED] - Statement - PreSaveFile = new java.io.File(((pathPrefix + java.lang.Integer.toString(counter)) + .png)): null

2018-12-13 14:57:12 - [TEST_STEP][PASSED] - Statement - counter = counter + 1: null

2018-12-13 14:57:12 - [TEST_STEP][PASSED] - Statement - PreSaveFile = new java.io.File(((pathPrefix + java.lang.Integer.toString(counter)) + .png)): null

2018-12-13 14:57:12 - [TEST_STEP][PASSED] - Statement - counter = counter + 1: null

2018-12-13 14:57:12 - [TEST_STEP][PASSED] - Statement - PreSaveFile = new java.io.File(((pathPrefix + java.lang.Integer.toString(counter)) + .png)): null

2018-12-13 14:57:12 - [TEST_STEP][PASSED] - Statement - counter = counter + 1: null

2018-12-13 14:57:12 - [TEST_STEP][PASSED] - Statement - PreSaveFile = new java.io.File(((pathPrefix + java.lang.Integer.toString(counter)) + .png)): null

2018-12-13 14:57:12 - [TEST_STEP][PASSED] - Statement - counter = counter + 1: null

2018-12-13 14:57:12 - [TEST_STEP][PASSED] - Statement - PreSaveFile = new java.io.File(((pathPrefix + java.lang.Integer.toString(counter)) + .png)): null

2018-12-13 14:57:12 - [TEST_STEP][PASSED] - Statement - counter = counter + 1: null

2018-12-13 14:57:12 - [TEST_STEP][PASSED] - Statement - PreSaveFile = new java.io.File(((pathPrefix + java.lang.Integer.toString(counter)) + .png)): null

2018-12-13 14:57:12 - [TEST_STEP][PASSED] - Statement - counter = counter + 1: null

2018-12-13 14:57:12 - [TEST_STEP][PASSED] - Statement - PreSaveFile = new java.io.File(((pathPrefix + java.lang.Integer.toString(counter)) + .png)): null

2018-12-13 14:57:12 - [TEST_STEP][PASSED] - Statement - counter = counter + 1: null

2018-12-13 14:57:12 - [TEST_STEP][PASSED] - Statement - PreSaveFile = new java.io.File(((pathPrefix + java.lang.Integer.toString(counter)) + .png)): null

2018-12-13 14:57:12 - [TEST_STEP][PASSED] - Statement - counter = counter + 1: null

2018-12-13 14:57:12 - [TEST_STEP][PASSED] - Statement - PreSaveFile = new java.io.File(((pathPrefix + java.lang.Integer.toString(counter)) + .png)): null

2018-12-13 14:57:12 - [TEST_STEP][PASSED] - Statement - counter = counter + 1: null

2018-12-13 14:57:12 - [TEST_STEP][PASSED] - Statement - PreSaveFile = new java.io.File(((pathPrefix + java.lang.Integer.toString(counter)) + .png)): null

2018-12-13 14:57:12 - [TEST_STEP][PASSED] - Statement - counter = counter + 1: null

2018-12-13 14:57:12 - [TEST_STEP][PASSED] - Statement - PreSaveFile = new java.io.File(((pathPrefix + java.lang.Integer.toString(counter)) + .png)): null

2018-12-13 14:57:12 - [TEST_STEP][PASSED] - Statement - counter = counter + 1: null

2018-12-13 14:57:12 - [TEST_STEP][PASSED] - Statement - PreSaveFile = new java.io.File(((pathPrefix + java.lang.Integer.toString(counter)) + .png)): null

2018-12-13 14:57:12 - [TEST_STEP][PASSED] - Statement - counter = counter + 1: null

2018-12-13 14:57:12 - [TEST_STEP][PASSED] - Statement - PreSaveFile = new java.io.File(((pathPrefix + java.lang.Integer.toString(counter)) + .png)): null

2018-12-13 14:57:12 - [TEST_STEP][PASSED] - Statement - counter = counter + 1: null

2018-12-13 14:57:12 - [TEST_STEP][PASSED] - Statement - PreSaveFile = new java.io.File(((pathPrefix + java.lang.Integer.toString(counter)) + .png)): null

2018-12-13 14:57:12 - [TEST_STEP][PASSED] - Statement - counter = counter + 1: null

2018-12-13 14:57:12 - [TEST_STEP][PASSED] - Statement - PreSaveFile = new java.io.File(((pathPrefix + java.lang.Integer.toString(counter)) + .png)): null

2018-12-13 14:57:12 - [TEST_STEP][PASSED] - Statement - counter = counter + 1: null

2018-12-13 14:57:12 - [TEST_STEP][PASSED] - Statement - PreSaveFile = new java.io.File(((pathPrefix + java.lang.Integer.toString(counter)) + .png)): null

2018-12-13 14:57:12 - [TEST_STEP][PASSED] - Statement - counter = counter + 1: null

2018-12-13 14:57:12 - [TEST_STEP][PASSED] - Statement - PreSaveFile = new java.io.File(((pathPrefix + java.lang.Integer.toString(counter)) + .png)): null

2018-12-13 14:57:12 - [TEST_STEP][PASSED] - Statement - counter = counter + 1: null

2018-12-13 14:57:12 - [TEST_STEP][PASSED] - Statement - PreSaveFile = new java.io.File(((pathPrefix + java.lang.Integer.toString(counter)) + .png)): null

2018-12-13 14:57:12 - [TEST_STEP][PASSED] - Statement - counter = counter + 1: null

2018-12-13 14:57:12 - [TEST_STEP][PASSED] - Statement - PreSaveFile = new java.io.File(((pathPrefix + java.lang.Integer.toString(counter)) + .png)): null

2018-12-13 14:57:12 - [TEST_STEP][PASSED] - Statement - counter = counter + 1: null

2018-12-13 14:57:12 - [TEST_STEP][PASSED] - Statement - PreSaveFile = new java.io.File(((pathPrefix + java.lang.Integer.toString(counter)) + .png)): null

2018-12-13 14:57:12 - [TEST_STEP][PASSED] - Statement - counter = counter + 1: null

2018-12-13 14:57:12 - [TEST_STEP][PASSED] - Statement - PreSaveFile = new java.io.File(((pathPrefix + java.lang.Integer.toString(counter)) + .png)): null

2018-12-13 14:57:12 - [TEST_STEP][PASSED] - Statement - counter = counter + 1: null

2018-12-13 14:57:12 - [TEST_STEP][PASSED] - Statement - PreSaveFile = new java.io.File(((pathPrefix + java.lang.Integer.toString(counter)) + .png)): null

2018-12-13 14:57:12 - [TEST_STEP][PASSED] - Statement - counter = counter + 1: null

2018-12-13 14:57:12 - [TEST_STEP][PASSED] - Statement - PreSaveFile = new java.io.File(((pathPrefix + java.lang.Integer.toString(counter)) + .png)): null

2018-12-13 14:57:12 - [TEST_STEP][PASSED] - Statement - counter = counter + 1: null

2018-12-13 14:57:12 - [TEST_STEP][PASSED] - Statement - PreSaveFile = new java.io.File(((pathPrefix + java.lang.Integer.toString(counter)) + .png)): null

2018-12-13 14:57:12 - [TEST_STEP][PASSED] - Statement - counter = counter + 1: null

2018-12-13 14:57:12 - [TEST_STEP][PASSED] - Statement - PreSaveFile = new java.io.File(((pathPrefix + java.lang.Integer.toString(counter)) + .png)): null

2018-12-13 14:57:12 - [TEST_STEP][PASSED] - Statement - counter = counter + 1: null

2018-12-13 14:57:12 - [TEST_STEP][PASSED] - Statement - PreSaveFile = new java.io.File(((pathPrefix + java.lang.Integer.toString(counter)) + .png)): null

2018-12-13 14:57:12 - [TEST_STEP][PASSED] - Statement - counter = counter + 1: null

2018-12-13 14:57:12 - [TEST_STEP][PASSED] - Statement - PreSaveFile = new java.io.File(((pathPrefix + java.lang.Integer.toString(counter)) + .png)): null

2018-12-13 14:57:12 - [TEST_STEP][PASSED] - Statement - counter = counter + 1: null

2018-12-13 14:57:12 - [TEST_STEP][PASSED] - Statement - PreSaveFile = new java.io.File(((pathPrefix + java.lang.Integer.toString(counter)) + .png)): null

2018-12-13 14:57:12 - [TEST_STEP][PASSED] - Statement - counter = counter + 1: null

2018-12-13 14:57:12 - [TEST_STEP][PASSED] - Statement - PreSaveFile = new java.io.File(((pathPrefix + java.lang.Integer.toString(counter)) + .png)): null

2018-12-13 14:57:12 - [TEST_STEP][PASSED] - Statement - counter = counter + 1: null

2018-12-13 14:57:12 - [TEST_STEP][PASSED] - Statement - PreSaveFile = new java.io.File(((pathPrefix + java.lang.Integer.toString(counter)) + .png)): null

2018-12-13 14:57:12 - [TEST_STEP][PASSED] - Statement - counter = counter + 1: null

2018-12-13 14:57:12 - [TEST_STEP][PASSED] - Statement - PreSaveFile = new java.io.File(((pathPrefix + java.lang.Integer.toString(counter)) + .png)): null

2018-12-13 14:57:12 - [TEST_STEP][PASSED] - Statement - counter = counter + 1: null

2018-12-13 14:57:12 - [TEST_STEP][PASSED] - Statement - PreSaveFile = new java.io.File(((pathPrefix + java.lang.Integer.toString(counter)) + .png)): null

2018-12-13 14:57:12 - [TEST_STEP][PASSED] - Statement - counter = counter + 1: null

2018-12-13 14:57:12 - [TEST_STEP][PASSED] - Statement - PreSaveFile = new java.io.File(((pathPrefix + java.lang.Integer.toString(counter)) + .png)): null

2018-12-13 14:57:12 - [TEST_STEP][PASSED] - Statement - counter = counter + 1: null

2018-12-13 14:57:12 - [TEST_STEP][PASSED] - Statement - PreSaveFile = new java.io.File(((pathPrefix + java.lang.Integer.toString(counter)) + .png)): null

2018-12-13 14:57:12 - [TEST_STEP][PASSED] - Statement - counter = counter + 1: null

2018-12-13 14:57:12 - [TEST_STEP][PASSED] - Statement - PreSaveFile = new java.io.File(((pathPrefix + java.lang.Integer.toString(counter)) + .png)): null

2018-12-13 14:57:12 - [TEST_STEP][PASSED] - Statement - counter = counter + 1: null

2018-12-13 14:57:12 - [TEST_STEP][PASSED] - Statement - PreSaveFile = new java.io.File(((pathPrefix + java.lang.Integer.toString(counter)) + .png)): null

2018-12-13 14:57:12 - [TEST_STEP][PASSED] - Statement - counter = counter + 1: null

2018-12-13 14:57:12 - [TEST_STEP][PASSED] - Statement - PreSaveFile = new java.io.File(((pathPrefix + java.lang.Integer.toString(counter)) + .png)): null

2018-12-13 14:57:12 - [TEST_STEP][PASSED] - Statement - counter = counter + 1: null

2018-12-13 14:57:12 - [TEST_STEP][PASSED] - Statement - PreSaveFile = new java.io.File(((pathPrefix + java.lang.Integer.toString(counter)) + .png)): null

2018-12-13 14:57:12 - [TEST_STEP][PASSED] - Statement - counter = counter + 1: null

2018-12-13 14:57:12 - [TEST_STEP][PASSED] - Statement - PreSaveFile = new java.io.File(((pathPrefix + java.lang.Integer.toString(counter)) + .png)): null

2018-12-13 14:57:12 - [TEST_STEP][PASSED] - Statement - counter = counter + 1: null

2018-12-13 14:57:12 - [TEST_STEP][PASSED] - Statement - PreSaveFile = new java.io.File(((pathPrefix + java.lang.Integer.toString(counter)) + .png)): null

2018-12-13 14:57:12 - [TEST_STEP][PASSED] - Statement - counter = counter + 1: null

2018-12-13 14:57:12 - [TEST_STEP][PASSED] - Statement - PreSaveFile = new java.io.File(((pathPrefix + java.lang.Integer.toString(counter)) + .png)): null

2018-12-13 14:57:12 - [TEST_STEP][PASSED] - Statement - counter = counter + 1: null

2018-12-13 14:57:12 - [TEST_STEP][PASSED] - Statement - PreSaveFile = new java.io.File(((pathPrefix + java.lang.Integer.toString(counter)) + .png)): null

2018-12-13 14:57:12 - [TEST_STEP][PASSED] - Statement - counter = counter + 1: null

2018-12-13 14:57:12 - [TEST_STEP][PASSED] - Statement - PreSaveFile = new java.io.File(((pathPrefix + java.lang.Integer.toString(counter)) + .png)): null

2018-12-13 14:57:12 - [TEST_STEP][PASSED] - Statement - counter = counter + 1: null

2018-12-13 14:57:12 - [TEST_STEP][PASSED] - Statement - PreSaveFile = new java.io.File(((pathPrefix + java.lang.Integer.toString(counter)) + .png)): null

2018-12-13 14:57:12 - [TEST_STEP][PASSED] - Statement - counter = counter + 1: null

2018-12-13 14:57:12 - [TEST_STEP][PASSED] - Statement - PreSaveFile = new java.io.File(((pathPrefix + java.lang.Integer.toString(counter)) + .png)): null

2018-12-13 14:57:12 - [TEST_STEP][PASSED] - Statement - counter = counter + 1: null

2018-12-13 14:57:12 - [TEST_STEP][PASSED] - Statement - PreSaveFile = new java.io.File(((pathPrefix + java.lang.Integer.toString(counter)) + .png)): null

2018-12-13 14:57:12 - [TEST_STEP][PASSED] - Statement - counter = counter + 1: null

2018-12-13 14:57:12 - [TEST_STEP][PASSED] - Statement - PreSaveFile = new java.io.File(((pathPrefix + java.lang.Integer.toString(counter)) + .png)): null

2018-12-13 14:57:12 - [TEST_STEP][PASSED] - Statement - counter = counter + 1: null

2018-12-13 14:57:12 - [TEST_STEP][PASSED] - Statement - PreSaveFile = new java.io.File(((pathPrefix + java.lang.Integer.toString(counter)) + .png)): null

2018-12-13 14:57:12 - [TEST_STEP][PASSED] - Statement - counter = counter + 1: null

2018-12-13 14:57:12 - [TEST_STEP][PASSED] - Statement - PreSaveFile = new java.io.File(((pathPrefix + java.lang.Integer.toString(counter)) + .png)): null

2018-12-13 14:57:12 - [TEST_STEP][PASSED] - Statement - counter = counter + 1: null

2018-12-13 14:57:12 - [TEST_STEP][PASSED] - Statement - PreSaveFile = new java.io.File(((pathPrefix + java.lang.Integer.toString(counter)) + .png)): null

2018-12-13 14:57:12 - [TEST_STEP][PASSED] - Statement - counter = counter + 1: null

2018-12-13 14:57:12 - [TEST_STEP][PASSED] - Statement - PreSaveFile = new java.io.File(((pathPrefix + java.lang.Integer.toString(counter)) + .png)): null

2018-12-13 14:57:12 - [TEST_STEP][PASSED] - Statement - counter = counter + 1: null

2018-12-13 14:57:12 - [TEST_STEP][PASSED] - Statement - PreSaveFile = new java.io.File(((pathPrefix + java.lang.Integer.toString(counter)) + .png)): null

2018-12-13 14:57:12 - [TEST_STEP][PASSED] - Statement - counter = counter + 1: null

2018-12-13 14:57:12 - [TEST_STEP][PASSED] - Statement - PreSaveFile = new java.io.File(((pathPrefix + java.lang.Integer.toString(counter)) + .png)): null

2018-12-13 14:57:12 - [TEST_STEP][PASSED] - Statement - counter = counter + 1: null

2018-12-13 14:57:12 - [TEST_STEP][PASSED] - Statement - PreSaveFile = new java.io.File(((pathPrefix + java.lang.Integer.toString(counter)) + .png)): null

2018-12-13 14:57:12 - [TEST_STEP][PASSED] - Statement - counter = counter + 1: null

2018-12-13 14:57:12 - [TEST_STEP][PASSED] - Statement - PreSaveFile = new java.io.File(((pathPrefix + java.lang.Integer.toString(counter)) + .png)): null

2018-12-13 14:57:12 - [TEST_STEP][PASSED] - Statement - counter = counter + 1: null

2018-12-13 14:57:12 - [TEST_STEP][PASSED] - Statement - PreSaveFile = new java.io.File(((pathPrefix + java.lang.Integer.toString(counter)) + .png)): null

2018-12-13 14:57:12 - [TEST_STEP][PASSED] - Statement - counter = counter + 1: null

2018-12-13 14:57:12 - [TEST_STEP][PASSED] - Statement - PreSaveFile = new java.io.File(((pathPrefix + java.lang.Integer.toString(counter)) + .png)): null

2018-12-13 14:57:12 - [TEST_STEP][PASSED] - Statement - counter = counter + 1: null

2018-12-13 14:57:12 - [TEST_STEP][PASSED] - Statement - PreSaveFile = new java.io.File(((pathPrefix + java.lang.Integer.toString(counter)) + .png)): null

2018-12-13 14:57:12 - [TEST_STEP][PASSED] - Statement - counter = counter + 1: null

2018-12-13 14:57:12 - [TEST_STEP][PASSED] - Statement - PreSaveFile = new java.io.File(((pathPrefix + java.lang.Integer.toString(counter)) + .png)): null

2018-12-13 14:57:12 - [TEST_STEP][PASSED] - Statement - counter = counter + 1: null

2018-12-13 14:57:12 - [TEST_STEP][PASSED] - Statement - PreSaveFile = new java.io.File(((pathPrefix + java.lang.Integer.toString(counter)) + .png)): null

2018-12-13 14:57:12 - [TEST_STEP][PASSED] - Statement - counter = counter + 1: null

2018-12-13 14:57:12 - [TEST_STEP][PASSED] - Statement - PreSaveFile = new java.io.File(((pathPrefix + java.lang.Integer.toString(counter)) + .png)): null

2018-12-13 14:57:12 - [TEST_STEP][PASSED] - Statement - counter = counter + 1: null

2018-12-13 14:57:12 - [TEST_STEP][PASSED] - Statement - PreSaveFile = new java.io.File(((pathPrefix + java.lang.Integer.toString(counter)) + .png)): null

2018-12-13 14:57:12 - [TEST_STEP][PASSED] - Statement - counter = counter + 1: null

2018-12-13 14:57:12 - [TEST_STEP][PASSED] - Statement - PreSaveFile = new java.io.File(((pathPrefix + java.lang.Integer.toString(counter)) + .png)): null

2018-12-13 14:57:12 - [TEST_STEP][PASSED] - Statement - counter = counter + 1: null

2018-12-13 14:57:12 - [TEST_STEP][PASSED] - Statement - PreSaveFile = new java.io.File(((pathPrefix + java.lang.Integer.toString(counter)) + .png)): null

2018-12-13 14:57:12 - [TEST_STEP][PASSED] - Statement - counter = counter + 1: null

2018-12-13 14:57:12 - [TEST_STEP][PASSED] - Statement - PreSaveFile = new java.io.File(((pathPrefix + java.lang.Integer.toString(counter)) + .png)): null

2018-12-13 14:57:12 - [TEST_STEP][PASSED] - Statement - counter = counter + 1: null

2018-12-13 14:57:12 - [TEST_STEP][PASSED] - Statement - PreSaveFile = new java.io.File(((pathPrefix + java.lang.Integer.toString(counter)) + .png)): null

2018-12-13 14:57:12 - [TEST_STEP][PASSED] - Statement - counter = counter + 1: null

2018-12-13 14:57:12 - [TEST_STEP][PASSED] - Statement - PreSaveFile = new java.io.File(((pathPrefix + java.lang.Integer.toString(counter)) + .png)): null

2018-12-13 14:57:12 - [TEST_STEP][PASSED] - Statement - counter = counter + 1: null

2018-12-13 14:57:12 - [TEST_STEP][PASSED] - Statement - PreSaveFile = new java.io.File(((pathPrefix + java.lang.Integer.toString(counter)) + .png)): null

2018-12-13 14:57:12 - [TEST_STEP][PASSED] - Statement - counter = counter + 1: null

2018-12-13 14:57:12 - [TEST_STEP][PASSED] - Statement - PreSaveFile = new java.io.File(((pathPrefix + java.lang.Integer.toString(counter)) + .png)): null

2018-12-13 14:57:12 - [TEST_STEP][PASSED] - Statement - counter = counter + 1: null

2018-12-13 14:57:12 - [TEST_STEP][PASSED] - Statement - PreSaveFile = new java.io.File(((pathPrefix + java.lang.Integer.toString(counter)) + .png)): null

2018-12-13 14:57:12 - [TEST_STEP][PASSED] - Statement - counter = counter + 1: null

2018-12-13 14:57:12 - [TEST_STEP][PASSED] - Statement - PreSaveFile = new java.io.File(((pathPrefix + java.lang.Integer.toString(counter)) + .png)): null

2018-12-13 14:57:12 - [TEST_STEP][PASSED] - Statement - counter = counter + 1: null

2018-12-13 14:57:12 - [TEST_STEP][PASSED] - Statement - PreSaveFile = new java.io.File(((pathPrefix + java.lang.Integer.toString(counter)) + .png)): null

2018-12-13 14:57:12 - [TEST_STEP][PASSED] - Statement - counter = counter + 1: null

2018-12-13 14:57:12 - [TEST_STEP][PASSED] - Statement - PreSaveFile = new java.io.File(((pathPrefix + java.lang.Integer.toString(counter)) + .png)): null

2018-12-13 14:57:12 - [TEST_STEP][PASSED] - Statement - counter = counter + 1: null

2018-12-13 14:57:12 - [TEST_STEP][PASSED] - Statement - PreSaveFile = new java.io.File(((pathPrefix + java.lang.Integer.toString(counter)) + .png)): null

2018-12-13 14:57:12 - [TEST_STEP][PASSED] - Statement - counter = counter + 1: null

2018-12-13 14:57:12 - [TEST_STEP][PASSED] - Statement - PreSaveFile = new java.io.File(((pathPrefix + java.lang.Integer.toString(counter)) + .png)): null

2018-12-13 14:57:12 - [TEST_STEP][PASSED] - Statement - counter = counter + 1: null

2018-12-13 14:57:12 - [TEST_STEP][PASSED] - Statement - PreSaveFile = new java.io.File(((pathPrefix + java.lang.Integer.toString(counter)) + .png)): null

2018-12-13 14:57:12 - [TEST_STEP][PASSED] - Statement - counter = counter + 1: null

2018-12-13 14:57:12 - [TEST_STEP][PASSED] - Statement - PreSaveFile = new java.io.File(((pathPrefix + java.lang.Integer.toString(counter)) + .png)): null

2018-12-13 14:57:12 - [TEST_STEP][PASSED] - Statement - counter = counter + 1: null

2018-12-13 14:57:12 - [TEST_STEP][PASSED] - Statement - PreSaveFile = new java.io.File(((pathPrefix + java.lang.Integer.toString(counter)) + .png)): null

2018-12-13 14:57:12 - [TEST_STEP][PASSED] - Statement - counter = counter + 1: null

2018-12-13 14:57:12 - [TEST_STEP][PASSED] - Statement - PreSaveFile = new java.io.File(((pathPrefix + java.lang.Integer.toString(counter)) + .png)): null

2018-12-13 14:57:12 - [TEST_STEP][PASSED] - Statement - counter = counter + 1: null

2018-12-13 14:57:12 - [TEST_STEP][PASSED] - Statement - PreSaveFile = new java.io.File(((pathPrefix + java.lang.Integer.toString(counter)) + .png)): null

2018-12-13 14:57:12 - [TEST_STEP][PASSED] - Statement - counter = counter + 1: null

2018-12-13 14:57:12 - [TEST_STEP][PASSED] - Statement - PreSaveFile = new java.io.File(((pathPrefix + java.lang.Integer.toString(counter)) + .png)): null

2018-12-13 14:57:12 - [TEST_STEP][PASSED] - Statement - counter = counter + 1: null

2018-12-13 14:57:12 - [TEST_STEP][PASSED] - Statement - PreSaveFile = new java.io.File(((pathPrefix + java.lang.Integer.toString(counter)) + .png)): null

2018-12-13 14:57:12 - [TEST_STEP][PASSED] - Statement - counter = counter + 1: null

2018-12-13 14:57:12 - [TEST_STEP][PASSED] - Statement - PreSaveFile = new java.io.File(((pathPrefix + java.lang.Integer.toString(counter)) + .png)): null

2018-12-13 14:57:12 - [TEST_STEP][PASSED] - Statement - counter = counter + 1: null

2018-12-13 14:57:12 - [TEST_STEP][PASSED] - Statement - PreSaveFile = new java.io.File(((pathPrefix + java.lang.Integer.toString(counter)) + .png)): null

2018-12-13 14:57:12 - [TEST_STEP][PASSED] - Statement - counter = counter + 1: null

2018-12-13 14:57:12 - [TEST_STEP][PASSED] - Statement - PreSaveFile = new java.io.File(((pathPrefix + java.lang.Integer.toString(counter)) + .png)): null

2018-12-13 14:57:12 - [TEST_STEP][PASSED] - Statement - counter = counter + 1: null

2018-12-13 14:57:12 - [TEST_STEP][PASSED] - Statement - PreSaveFile = new java.io.File(((pathPrefix + java.lang.Integer.toString(counter)) + .png)): null

2018-12-13 14:57:12 - [TEST_STEP][PASSED] - Statement - counter = counter + 1: null

2018-12-13 14:57:12 - [TEST_STEP][PASSED] - Statement - PreSaveFile = new java.io.File(((pathPrefix + java.lang.Integer.toString(counter)) + .png)): null

2018-12-13 14:57:12 - [TEST_STEP][PASSED] - Statement - counter = counter + 1: null

2018-12-13 14:57:12 - [TEST_STEP][PASSED] - Statement - PreSaveFile = new java.io.File(((pathPrefix + java.lang.Integer.toString(counter)) + .png)): null

2018-12-13 14:57:12 - [TEST_STEP][PASSED] - Statement - counter = counter + 1: null

2018-12-13 14:57:12 - [TEST_STEP][PASSED] - Statement - PreSaveFile = new java.io.File(((pathPrefix + java.lang.Integer.toString(counter)) + .png)): null

2018-12-13 14:57:12 - [TEST_STEP][PASSED] - Statement - counter = counter + 1: null

2018-12-13 14:57:12 - [TEST_STEP][PASSED] - Statement - PreSaveFile = new java.io.File(((pathPrefix + java.lang.Integer.toString(counter)) + .png)): null

2018-12-13 14:57:12 - [TEST_STEP][PASSED] - Statement - counter = counter + 1: null

2018-12-13 14:57:12 - [TEST_STEP][PASSED] - Statement - PreSaveFile = new java.io.File(((pathPrefix + java.lang.Integer.toString(counter)) + .png)): null

2018-12-13 14:57:12 - [TEST_STEP][PASSED] - Statement - counter = counter + 1: null

2018-12-13 14:57:12 - [TEST_STEP][PASSED] - Statement - PreSaveFile = new java.io.File(((pathPrefix + java.lang.Integer.toString(counter)) + .png)): null

2018-12-13 14:57:12 - [TEST_STEP][PASSED] - Statement - counter = counter + 1: null

2018-12-13 14:57:12 - [TEST_STEP][PASSED] - Statement - PreSaveFile = new java.io.File(((pathPrefix + java.lang.Integer.toString(counter)) + .png)): null

2018-12-13 14:57:12 - [TEST_STEP][PASSED] - Statement - counter = counter + 1: null

2018-12-13 14:57:12 - [TEST_STEP][PASSED] - Statement - PreSaveFile = new java.io.File(((pathPrefix + java.lang.Integer.toString(counter)) + .png)): null

2018-12-13 14:57:12 - [TEST_STEP][PASSED] - Statement - counter = counter + 1: null

2018-12-13 14:57:12 - [TEST_STEP][PASSED] - Statement - PreSaveFile = new java.io.File(((pathPrefix + java.lang.Integer.toString(counter)) + .png)): null

2018-12-13 14:57:12 - [TEST_STEP][PASSED] - Statement - counter = counter + 1: null

2018-12-13 14:57:12 - [TEST_STEP][PASSED] - Statement - PreSaveFile = new java.io.File(((pathPrefix + java.lang.Integer.toString(counter)) + .png)): null

2018-12-13 14:57:12 - [TEST_STEP][PASSED] - Statement - counter = counter + 1: null

2018-12-13 14:57:12 - [TEST_STEP][PASSED] - Statement - PreSaveFile = new java.io.File(((pathPrefix + java.lang.Integer.toString(counter)) + .png)): null

2018-12-13 14:57:12 - [TEST_STEP][PASSED] - Statement - counter = counter + 1: null

2018-12-13 14:57:12 - [TEST_STEP][PASSED] - Statement - PreSaveFile = new java.io.File(((pathPrefix + java.lang.Integer.toString(counter)) + .png)): null

2018-12-13 14:57:12 - [TEST_STEP][PASSED] - Statement - counter = counter + 1: null

2018-12-13 14:57:12 - [TEST_STEP][PASSED] - Statement - PreSaveFile = new java.io.File(((pathPrefix + java.lang.Integer.toString(counter)) + .png)): null

2018-12-13 14:57:12 - [TEST_STEP][PASSED] - Statement - counter = counter + 1: null

2018-12-13 14:57:12 - [TEST_STEP][PASSED] - Statement - PreSaveFile = new java.io.File(((pathPrefix + java.lang.Integer.toString(counter)) + .png)): null

2018-12-13 14:57:12 - [TEST_STEP][PASSED] - Statement - counter = counter + 1: null

2018-12-13 14:57:12 - [TEST_STEP][PASSED] - Statement - PreSaveFile = new java.io.File(((pathPrefix + java.lang.Integer.toString(counter)) + .png)): null

2018-12-13 14:57:12 - [TEST_STEP][PASSED] - Statement - counter = counter + 1: null

2018-12-13 14:57:12 - [TEST_STEP][PASSED] - Statement - PreSaveFile = new java.io.File(((pathPrefix + java.lang.Integer.toString(counter)) + .png)): null

2018-12-13 14:57:12 - [TEST_STEP][PASSED] - Statement - counter = counter + 1: null

2018-12-13 14:57:12 - [TEST_STEP][PASSED] - Statement - PreSaveFile = new java.io.File(((pathPrefix + java.lang.Integer.toString(counter)) + .png)): null

2018-12-13 14:57:12 - [TEST_STEP][PASSED] - Statement - counter = counter + 1: null

2018-12-13 14:57:12 - [TEST_STEP][PASSED] - Statement - PreSaveFile = new java.io.File(((pathPrefix + java.lang.Integer.toString(counter)) + .png)): null

2018-12-13 14:57:12 - [TEST_STEP][PASSED] - Statement - counter = counter + 1: null

2018-12-13 14:57:12 - [TEST_STEP][PASSED] - Statement - PreSaveFile = new java.io.File(((pathPrefix + java.lang.Integer.toString(counter)) + .png)): null

2018-12-13 14:57:12 - [TEST_STEP][PASSED] - Statement - counter = counter + 1: null

2018-12-13 14:57:12 - [TEST_STEP][PASSED] - Statement - PreSaveFile = new java.io.File(((pathPrefix + java.lang.Integer.toString(counter)) + .png)): null

2018-12-13 14:57:12 - [TEST_STEP][PASSED] - Statement - counter = counter + 1: null

2018-12-13 14:57:12 - [TEST_STEP][PASSED] - Statement - PreSaveFile = new java.io.File(((pathPrefix + java.lang.Integer.toString(counter)) + .png)): null

2018-12-13 14:57:12 - [TEST_STEP][PASSED] - Statement - counter = counter + 1: null

2018-12-13 14:57:12 - [TEST_STEP][PASSED] - Statement - PreSaveFile = new java.io.File(((pathPrefix + java.lang.Integer.toString(counter)) + .png)): null

2018-12-13 14:57:12 - [TEST_STEP][PASSED] - Statement - counter = counter + 1: null

2018-12-13 14:57:12 - [TEST_STEP][PASSED] - Statement - PreSaveFile = new java.io.File(((pathPrefix + java.lang.Integer.toString(counter)) + .png)): null

2018-12-13 14:57:12 - [TEST_STEP][PASSED] - Statement - counter = counter + 1: null

2018-12-13 14:57:12 - [TEST_STEP][PASSED] - Statement - PreSaveFile = new java.io.File(((pathPrefix + java.lang.Integer.toString(counter)) + .png)): null

2018-12-13 14:57:12 - [TEST_STEP][PASSED] - Statement - counter = counter + 1: null

2018-12-13 14:57:12 - [TEST_STEP][PASSED] - Statement - PreSaveFile = new java.io.File(((pathPrefix + java.lang.Integer.toString(counter)) + .png)): null

2018-12-13 14:57:12 - [TEST_STEP][PASSED] - Statement - counter = counter + 1: null

2018-12-13 14:57:12 - [TEST_STEP][PASSED] - Statement - PreSaveFile = new java.io.File(((pathPrefix + java.lang.Integer.toString(counter)) + .png)): null

2018-12-13 14:57:12 - [TEST_STEP][PASSED] - Statement - counter = counter + 1: null

2018-12-13 14:57:12 - [TEST_STEP][PASSED] - Statement - PreSaveFile = new java.io.File(((pathPrefix + java.lang.Integer.toString(counter)) + .png)): null

2018-12-13 14:57:12 - [TEST_STEP][PASSED] - Statement - counter = counter + 1: null

2018-12-13 14:57:12 - [TEST_STEP][PASSED] - Statement - PreSaveFile = new java.io.File(((pathPrefix + java.lang.Integer.toString(counter)) + .png)): null

2018-12-13 14:57:12 - [TEST_STEP][PASSED] - Statement - counter = counter + 1: null

2018-12-13 14:57:12 - [TEST_STEP][PASSED] - Statement - PreSaveFile = new java.io.File(((pathPrefix + java.lang.Integer.toString(counter)) + .png)): null

2018-12-13 14:57:12 - [TEST_STEP][PASSED] - Statement - counter = counter + 1: null

2018-12-13 14:57:12 - [TEST_STEP][PASSED] - Statement - PreSaveFile = new java.io.File(((pathPrefix + java.lang.Integer.toString(counter)) + .png)): null

2018-12-13 14:57:12 - [TEST_STEP][PASSED] - Statement - counter = counter + 1: null

2018-12-13 14:57:12 - [TEST_STEP][PASSED] - Statement - PreSaveFile = new java.io.File(((pathPrefix + java.lang.Integer.toString(counter)) + .png)): null

2018-12-13 14:57:12 - [TEST_STEP][PASSED] - Statement - counter = counter + 1: null

2018-12-13 14:57:12 - [TEST_STEP][PASSED] - Statement - PreSaveFile = new java.io.File(((pathPrefix + java.lang.Integer.toString(counter)) + .png)): null

2018-12-13 14:57:12 - [TEST_STEP][PASSED] - Statement - counter = counter + 1: null

2018-12-13 14:57:12 - [TEST_STEP][PASSED] - Statement - PreSaveFile = new java.io.File(((pathPrefix + java.lang.Integer.toString(counter)) + .png)): null

2018-12-13 14:57:13 - [TEST_STEP][PASSED] - Statement - counter = counter + 1: null

2018-12-13 14:57:13 - [TEST_STEP][PASSED] - Statement - PreSaveFile = new java.io.File(((pathPrefix + java.lang.Integer.toString(counter)) + .png)): null

2018-12-13 14:57:13 - [TEST_STEP][PASSED] - Statement - counter = counter + 1: null

2018-12-13 14:57:13 - [TEST_STEP][PASSED] - Statement - PreSaveFile = new java.io.File(((pathPrefix + java.lang.Integer.toString(counter)) + .png)): null

2018-12-13 14:57:13 - [TEST_STEP][PASSED] - Statement - counter = counter + 1: null

2018-12-13 14:57:13 - [TEST_STEP][PASSED] - Statement - PreSaveFile = new java.io.File(((pathPrefix + java.lang.Integer.toString(counter)) + .png)): null

2018-12-13 14:57:13 - [TEST_STEP][PASSED] - Statement - counter = counter + 1: null

2018-12-13 14:57:13 - [TEST_STEP][PASSED] - Statement - PreSaveFile = new java.io.File(((pathPrefix + java.lang.Integer.toString(counter)) + .png)): null

2018-12-13 14:57:13 - [TEST_STEP][PASSED] - Statement - counter = counter + 1: null

2018-12-13 14:57:13 - [TEST_STEP][PASSED] - Statement - PreSaveFile = new java.io.File(((pathPrefix + java.lang.Integer.toString(counter)) + .png)): null

2018-12-13 14:57:13 - [TEST_STEP][PASSED] - Statement - counter = counter + 1: null

2018-12-13 14:57:13 - [TEST_STEP][PASSED] - Statement - PreSaveFile = new java.io.File(((pathPrefix + java.lang.Integer.toString(counter)) + .png)): null

2018-12-13 14:57:13 - [TEST_STEP][PASSED] - Statement - counter = counter + 1: null

2018-12-13 14:57:13 - [TEST_STEP][PASSED] - Statement - PreSaveFile = new java.io.File(((pathPrefix + java.lang.Integer.toString(counter)) + .png)): null

2018-12-13 14:57:13 - [TEST_STEP][PASSED] - Statement - counter = counter + 1: null

2018-12-13 14:57:13 - [TEST_STEP][PASSED] - Statement - PreSaveFile = new java.io.File(((pathPrefix + java.lang.Integer.toString(counter)) + .png)): null

2018-12-13 14:57:13 - [TEST_STEP][PASSED] - Statement - counter = counter + 1: null

2018-12-13 14:57:13 - [TEST_STEP][PASSED] - Statement - PreSaveFile = new java.io.File(((pathPrefix + java.lang.Integer.toString(counter)) + .png)): null

2018-12-13 14:57:13 - [TEST_STEP][PASSED] - Statement - counter = counter + 1: null

2018-12-13 14:57:13 - [TEST_STEP][PASSED] - Statement - PreSaveFile = new java.io.File(((pathPrefix + java.lang.Integer.toString(counter)) + .png)): null

2018-12-13 14:57:13 - [TEST_STEP][PASSED] - Statement - counter = counter + 1: null

2018-12-13 14:57:13 - [TEST_STEP][PASSED] - Statement - PreSaveFile = new java.io.File(((pathPrefix + java.lang.Integer.toString(counter)) + .png)): null

2018-12-13 14:57:13 - [TEST_STEP][PASSED] - Statement - counter = counter + 1: null

2018-12-13 14:57:13 - [TEST_STEP][PASSED] - Statement - PreSaveFile = new java.io.File(((pathPrefix + java.lang.Integer.toString(counter)) + .png)): null

2018-12-13 14:57:13 - [TEST_STEP][PASSED] - Statement - counter = counter + 1: null

2018-12-13 14:57:13 - [TEST_STEP][PASSED] - Statement - PreSaveFile = new java.io.File(((pathPrefix + java.lang.Integer.toString(counter)) + .png)): null

2018-12-13 14:57:13 - [TEST_STEP][PASSED] - Statement - counter = counter + 1: null

2018-12-13 14:57:13 - [TEST_STEP][PASSED] - Statement - PreSaveFile = new java.io.File(((pathPrefix + java.lang.Integer.toString(counter)) + .png)): null

2018-12-13 14:57:13 - [TEST_STEP][PASSED] - Statement - counter = counter + 1: null

2018-12-13 14:57:13 - [TEST_STEP][PASSED] - Statement - PreSaveFile = new java.io.File(((pathPrefix + java.lang.Integer.toString(counter)) + .png)): null

2018-12-13 14:57:13 - [TEST_STEP][PASSED] - Statement - counter = counter + 1: null

2018-12-13 14:57:13 - [TEST_STEP][PASSED] - Statement - PreSaveFile = new java.io.File(((pathPrefix + java.lang.Integer.toString(counter)) + .png)): null

2018-12-13 14:57:13 - [TEST_STEP][PASSED] - Statement - counter = counter + 1: null

2018-12-13 14:57:13 - [TEST_STEP][PASSED] - Statement - PreSaveFile = new java.io.File(((pathPrefix + java.lang.Integer.toString(counter)) + .png)): null

2018-12-13 14:57:13 - [TEST_STEP][PASSED] - Statement - counter = counter + 1: null

2018-12-13 14:57:13 - [TEST_STEP][PASSED] - Statement - PreSaveFile = new java.io.File(((pathPrefix + java.lang.Integer.toString(counter)) + .png)): null

2018-12-13 14:57:13 - [TEST_STEP][PASSED] - Statement - counter = counter + 1: null

2018-12-13 14:57:13 - [TEST_STEP][PASSED] - Statement - PreSaveFile = new java.io.File(((pathPrefix + java.lang.Integer.toString(counter)) + .png)): null

2018-12-13 14:57:13 - [TEST_STEP][PASSED] - Statement - counter = counter + 1: null

2018-12-13 14:57:13 - [TEST_STEP][PASSED] - Statement - PreSaveFile = new java.io.File(((pathPrefix + java.lang.Integer.toString(counter)) + .png)): null

2018-12-13 14:57:13 - [TEST_STEP][PASSED] - Statement - counter = counter + 1: null

2018-12-13 14:57:13 - [TEST_STEP][PASSED] - Statement - PreSaveFile = new java.io.File(((pathPrefix + java.lang.Integer.toString(counter)) + .png)): null

2018-12-13 14:57:13 - [TEST_STEP][PASSED] - Statement - counter = counter + 1: null

2018-12-13 14:57:13 - [TEST_STEP][PASSED] - Statement - PreSaveFile = new java.io.File(((pathPrefix + java.lang.Integer.toString(counter)) + .png)): null

2018-12-13 14:57:13 - [TEST_STEP][PASSED] - Statement - counter = counter + 1: null

2018-12-13 14:57:13 - [TEST_STEP][PASSED] - Statement - PreSaveFile = new java.io.File(((pathPrefix + java.lang.Integer.toString(counter)) + .png)): null

2018-12-13 14:57:13 - [TEST_STEP][PASSED] - Statement - counter = counter + 1: null

2018-12-13 14:57:13 - [TEST_STEP][PASSED] - Statement - PreSaveFile = new java.io.File(((pathPrefix + java.lang.Integer.toString(counter)) + .png)): null

2018-12-13 14:57:13 - [TEST_STEP][PASSED] - Statement - counter = counter + 1: null

2018-12-13 14:57:13 - [TEST_STEP][PASSED] - Statement - PreSaveFile = new java.io.File(((pathPrefix + java.lang.Integer.toString(counter)) + .png)): null

2018-12-13 14:57:13 - [TEST_STEP][PASSED] - Statement - counter = counter + 1: null

2018-12-13 14:57:13 - [TEST_STEP][PASSED] - Statement - PreSaveFile = new java.io.File(((pathPrefix + java.lang.Integer.toString(counter)) + .png)): null

2018-12-13 14:57:13 - [TEST_STEP][PASSED] - Statement - counter = counter + 1: null

2018-12-13 14:57:13 - [TEST_STEP][PASSED] - Statement - PreSaveFile = new java.io.File(((pathPrefix + java.lang.Integer.toString(counter)) + .png)): null

2018-12-13 14:57:13 - [TEST_STEP][PASSED] - Statement - counter = counter + 1: null

2018-12-13 14:57:13 - [TEST_STEP][PASSED] - Statement - PreSaveFile = new java.io.File(((pathPrefix + java.lang.Integer.toString(counter)) + .png)): null

2018-12-13 14:57:13 - [TEST_STEP][PASSED] - Statement - counter = counter + 1: null

2018-12-13 14:57:13 - [TEST_STEP][PASSED] - Statement - PreSaveFile = new java.io.File(((pathPrefix + java.lang.Integer.toString(counter)) + .png)): null

2018-12-13 14:57:13 - [TEST_STEP][PASSED] - Statement - counter = counter + 1: null

2018-12-13 14:57:13 - [TEST_STEP][PASSED] - Statement - PreSaveFile = new java.io.File(((pathPrefix + java.lang.Integer.toString(counter)) + .png)): null

2018-12-13 14:57:13 - [TEST_STEP][PASSED] - Statement - counter = counter + 1: null

2018-12-13 14:57:13 - [TEST_STEP][PASSED] - Statement - PreSaveFile = new java.io.File(((pathPrefix + java.lang.Integer.toString(counter)) + .png)): null

2018-12-13 14:57:13 - [TEST_STEP][PASSED] - Statement - counter = counter + 1: null

2018-12-13 14:57:13 - [TEST_STEP][PASSED] - Statement - PreSaveFile = new java.io.File(((pathPrefix + java.lang.Integer.toString(counter)) + .png)): null

2018-12-13 14:57:13 - [TEST_STEP][PASSED] - Statement - counter = counter + 1: null

2018-12-13 14:57:13 - [TEST_STEP][PASSED] - Statement - PreSaveFile = new java.io.File(((pathPrefix + java.lang.Integer.toString(counter)) + .png)): null

2018-12-13 14:57:13 - [TEST_STEP][PASSED] - Statement - counter = counter + 1: null

2018-12-13 14:57:13 - [TEST_STEP][PASSED] - Statement - PreSaveFile = new java.io.File(((pathPrefix + java.lang.Integer.toString(counter)) + .png)): null

2018-12-13 14:57:13 - [TEST_STEP][PASSED] - Statement - counter = counter + 1: null

2018-12-13 14:57:13 - [TEST_STEP][PASSED] - Statement - PreSaveFile = new java.io.File(((pathPrefix + java.lang.Integer.toString(counter)) + .png)): null

2018-12-13 14:57:13 - [TEST_STEP][PASSED] - Statement - counter = counter + 1: null

2018-12-13 14:57:13 - [TEST_STEP][PASSED] - Statement - PreSaveFile = new java.io.File(((pathPrefix + java.lang.Integer.toString(counter)) + .png)): null

2018-12-13 14:57:13 - [TEST_STEP][PASSED] - Statement - counter = counter + 1: null

2018-12-13 14:57:13 - [TEST_STEP][PASSED] - Statement - PreSaveFile = new java.io.File(((pathPrefix + java.lang.Integer.toString(counter)) + .png)): null

2018-12-13 14:57:13 - [TEST_STEP][PASSED] - Statement - counter = counter + 1: null

2018-12-13 14:57:13 - [TEST_STEP][PASSED] - Statement - PreSaveFile = new java.io.File(((pathPrefix + java.lang.Integer.toString(counter)) + .png)): null

2018-12-13 14:57:13 - [TEST_STEP][PASSED] - Statement - counter = counter + 1: null

2018-12-13 14:57:13 - [TEST_STEP][PASSED] - Statement - PreSaveFile = new java.io.File(((pathPrefix + java.lang.Integer.toString(counter)) + .png)): null

2018-12-13 14:57:13 - [TEST_STEP][PASSED] - Statement - counter = counter + 1: null

2018-12-13 14:57:13 - [TEST_STEP][PASSED] - Statement - PreSaveFile = new java.io.File(((pathPrefix + java.lang.Integer.toString(counter)) + .png)): null

2018-12-13 14:57:13 - [TEST_STEP][PASSED] - Statement - counter = counter + 1: null

2018-12-13 14:57:13 - [TEST_STEP][PASSED] - Statement - PreSaveFile = new java.io.File(((pathPrefix + java.lang.Integer.toString(counter)) + .png)): null

2018-12-13 14:57:13 - [TEST_STEP][PASSED] - Statement - counter = counter + 1: null

2018-12-13 14:57:13 - [TEST_STEP][PASSED] - Statement - PreSaveFile = new java.io.File(((pathPrefix + java.lang.Integer.toString(counter)) + .png)): null

2018-12-13 14:57:13 - [TEST_STEP][PASSED] - Statement - counter = counter + 1: null

2018-12-13 14:57:13 - [TEST_STEP][PASSED] - Statement - PreSaveFile = new java.io.File(((pathPrefix + java.lang.Integer.toString(counter)) + .png)): null

2018-12-13 14:57:13 - [TEST_STEP][PASSED] - Statement - counter = counter + 1: null

2018-12-13 14:57:13 - [TEST_STEP][PASSED] - Statement - PreSaveFile = new java.io.File(((pathPrefix + java.lang.Integer.toString(counter)) + .png)): null

2018-12-13 14:57:13 - [TEST_STEP][PASSED] - Statement - counter = counter + 1: null

2018-12-13 14:57:13 - [TEST_STEP][PASSED] - Statement - PreSaveFile = new java.io.File(((pathPrefix + java.lang.Integer.toString(counter)) + .png)): null

2018-12-13 14:57:13 - [TEST_STEP][PASSED] - Statement - counter = counter + 1: null

2018-12-13 14:57:13 - [TEST_STEP][PASSED] - Statement - PreSaveFile = new java.io.File(((pathPrefix + java.lang.Integer.toString(counter)) + .png)): null

2018-12-13 14:57:13 - [TEST_STEP][PASSED] - Statement - counter = counter + 1: null

2018-12-13 14:57:13 - [TEST_STEP][PASSED] - Statement - PreSaveFile = new java.io.File(((pathPrefix + java.lang.Integer.toString(counter)) + .png)): null

2018-12-13 14:57:13 - [TEST_STEP][PASSED] - Statement - counter = counter + 1: null

2018-12-13 14:57:13 - [TEST_STEP][PASSED] - Statement - PreSaveFile = new java.io.File(((pathPrefix + java.lang.Integer.toString(counter)) + .png)): null

2018-12-13 14:57:13 - [TEST_STEP][PASSED] - Statement - counter = counter + 1: null

2018-12-13 14:57:13 - [TEST_STEP][PASSED] - Statement - PreSaveFile = new java.io.File(((pathPrefix + java.lang.Integer.toString(counter)) + .png)): null

2018-12-13 14:57:13 - [TEST_STEP][PASSED] - Statement - counter = counter + 1: null

2018-12-13 14:57:13 - [TEST_STEP][PASSED] - Statement - PreSaveFile = new java.io.File(((pathPrefix + java.lang.Integer.toString(counter)) + .png)): null

2018-12-13 14:57:13 - [TEST_STEP][PASSED] - Statement - counter = counter + 1: null

2018-12-13 14:57:13 - [TEST_STEP][PASSED] - Statement - PreSaveFile = new java.io.File(((pathPrefix + java.lang.Integer.toString(counter)) + .png)): null

2018-12-13 14:57:13 - [TEST_STEP][PASSED] - Statement - counter = counter + 1: null

2018-12-13 14:57:13 - [TEST_STEP][PASSED] - Statement - PreSaveFile = new java.io.File(((pathPrefix + java.lang.Integer.toString(counter)) + .png)): null

2018-12-13 14:57:13 - [TEST_STEP][PASSED] - Statement - counter = counter + 1: null

2018-12-13 14:57:13 - [TEST_STEP][PASSED] - Statement - PreSaveFile = new java.io.File(((pathPrefix + java.lang.Integer.toString(counter)) + .png)): null

2018-12-13 14:57:13 - [TEST_STEP][PASSED] - Statement - finalPath = pathPrefix + java.lang.Integer.toString(counter) + ".png": null

2018-12-13 14:57:13 - [TEST_STEP][PASSED] - Statement - SaveFile = new java.io.File(finalPath): null

2018-12-13 14:57:13 - [TEST_STEP][PASSED] - Statement - Try: null

2018-12-13 14:57:13 - [TEST_STEP][PASSED] - Statement - org.apache.commons.io.FileUtils.copyFile(scrFile, SaveFile): null

2018-12-13 14:57:13 - [TEST_STEP][PASSED] - Statement - out.println("file kept"): null

2018-12-13 14:57:13 - [TEST_STEP][PASSED] - delay: Delayed 10 second(s)

2018-12-13 14:57:23 - [MESSAGE][PASSED] - Delayed 10 second(s)

2018-12-13 14:57:23 - [MESSAGE][PASSED] - Call Test Case 'Test Cases/Final Aug 2018 - PKS Automation/Common/Screenshoting tool' successfully

2018-12-13 14:57:23 - [TEST_STEP][PASSED] - callTestCase: Call Test Case 'Test Cases/Final Aug 2018 - PKS Automation/Registration Module/Log Out/log out avoiding katalon tagging' successfully

2018-12-13 14:57:23 - [TEST_CASE][PASSED] - Test Cases/Final Aug 2018 - PKS Automation/Registration Module/Log Out/log out avoiding katalon tagging: Test Cases/Final Aug 2018 - PKS Automation/Registration Module/Log Out/log out avoiding katalon tagging

2018-12-13 14:57:23 - [TEST_STEP][PASSED] - navigateToUrl: Navigate to 'https://assist2-uat.perkeso.gov.my/c/portal/logout' successfully

2018-12-13 14:57:24 - [MESSAGE][PASSED] - Navigate to 'https://assist2-uat.perkeso.gov.my/c/portal/logout' successfully

2018-12-13 14:57:24 - [MESSAGE][PASSED] - Call Test Case 'Test Cases/Final Aug 2018 - PKS Automation/Registration Module/Log Out/log out avoiding katalon tagging' successfully

2018-12-13 14:57:24 - [TEST_STEP][PASSED] - delay: Delayed 2 second(s)

2018-12-13 14:57:26 - [MESSAGE][PASSED] - Delayed 2 second(s)

2018-12-13 14:57:26 - [TEST_STEP][PASSED] - setText: Text 'johorro2@gmail.com' is set on object 'Object Repository/Final Object Repo/New Registration - Registration Module Pages/New Reg - OTC to RO/Special Case - All Related Objects/Email TextBox'

2018-12-13 14:57:26 - [MESSAGE][PASSED] - Text 'johorro2@gmail.com' is set on object 'Object Repository/Final Object Repo/New Registration - Registration Module Pages/New Reg - OTC to RO/Special Case - All Related Objects/Email TextBox'

2018-12-13 14:57:26 - [TEST_STEP][PASSED] - click: Object: 'Object Repository/Final Object Repo/New Registration - Registration Module Pages/New Reg - OTC to RO/Special Case - All Related Objects/Next Button' is clicked on

2018-12-13 14:57:26 - [MESSAGE][PASSED] - Object: 'Object Repository/Final Object Repo/New Registration - Registration Module Pages/New Reg - OTC to RO/Special Case - All Related Objects/Next Button' is clicked on

2018-12-13 14:57:26 - [TEST_STEP][PASSED] - delay: Delayed 2 second(s)

2018-12-13 14:57:28 - [MESSAGE][PASSED] - Delayed 2 second(s)

2018-12-13 14:57:28 - [TEST_STEP][PASSED] - setText: Text 'Test1@3456789' is set on object 'Object Repository/Final Object Repo/New Registration - Registration Module Pages/New Reg - OTC to RO/Special Case - All Related Objects/Password TextBox'

2018-12-13 14:57:28 - [MESSAGE][PASSED] - Text 'Test1@3456789' is set on object 'Object Repository/Final Object Repo/New Registration - Registration Module Pages/New Reg - OTC to RO/Special Case - All Related Objects/Password TextBox'

2018-12-13 14:57:28 - [TEST_STEP][PASSED] - delay: Delayed 2 second(s)

2018-12-13 14:57:30 - [MESSAGE][PASSED] - Delayed 2 second(s)

2018-12-13 14:57:30 - [TEST_STEP][PASSED] - click: Object: 'Object Repository/Final Object Repo/New Registration - Registration Module Pages/New Reg - OTC to RO/Special Case - All Related Objects/Login Button' is clicked on

2018-12-13 14:57:31 - [MESSAGE][PASSED] - Object: 'Object Repository/Final Object Repo/New Registration - Registration Module Pages/New Reg - OTC to RO/Special Case - All Related Objects/Login Button' is clicked on

2018-12-13 14:57:31 - [TEST_STEP][PASSED] - delay: Delayed 2 second(s)

2018-12-13 14:57:33 - [MESSAGE][PASSED] - Delayed 2 second(s)

2018-12-13 14:57:33 - [TEST_STEP][PASSED] - Statement - Try: null

2018-12-13 14:57:33 - [TEST_STEP][PASSED] - Statement - Checker = com.kms.katalon.core.webui.keyword.WebUiBuiltInKeywords.verifyElementNotPresent("Final Object Repo/Landing Page/Select to English", 3): null

2018-12-13 14:57:33 - [TEST_STEP][PASSED] - Statement - Catch (Exception e): null

2018-12-13 14:57:33 - [TEST_STEP][PASSED] - Statement - e.printStackTrace(): null

2018-12-13 14:57:33 - [TEST_STEP][PASSED] - click: Object: 'Object Repository/Final Object Repo/New Registration - Registration Module Pages/New Reg - OTC to RO/Special Case - All Related Objects/Expand to Search' is clicked on

2018-12-13 14:57:33 - [MESSAGE][PASSED] - Object: 'Object Repository/Final Object Repo/New Registration - Registration Module Pages/New Reg - OTC to RO/Special Case - All Related Objects/Expand to Search' is clicked on

2018-12-13 14:57:33 - [TEST_STEP][PASSED] - delay: Delayed 2 second(s)

2018-12-13 14:57:35 - [MESSAGE][PASSED] - Delayed 2 second(s)

2018-12-13 14:57:35 - [TEST_STEP][PASSED] - setText: Text 'CRN12201800123283' is set on object 'Object Repository/Final Object Repo/New Registration - Registration Module Pages/New Reg - OTC to RO/Special Case - All Related Objects/TextBox RefNo in Workbasket'

2018-12-13 14:57:35 - [MESSAGE][PASSED] - Text 'CRN12201800123283' is set on object 'Object Repository/Final Object Repo/New Registration - Registration Module Pages/New Reg - OTC to RO/Special Case - All Related Objects/TextBox RefNo in Workbasket'

2018-12-13 14:57:35 - [TEST_STEP][PASSED] - delay: Delayed 2 second(s)

2018-12-13 14:57:37 - [MESSAGE][PASSED] - Delayed 2 second(s)

2018-12-13 14:57:37 - [TEST_STEP][PASSED] - click: Object: 'Object Repository/Final Object Repo/New Registration - Registration Module Pages/New Reg - OTC to RO/Special Case - All Related Objects/Click Search' is clicked on

2018-12-13 14:57:37 - [MESSAGE][PASSED] - Object: 'Object Repository/Final Object Repo/New Registration - Registration Module Pages/New Reg - OTC to RO/Special Case - All Related Objects/Click Search' is clicked on

2018-12-13 14:57:37 - [TEST_STEP][PASSED] - delay: Delayed 2 second(s)

2018-12-13 14:57:39 - [MESSAGE][PASSED] - Delayed 2 second(s)

2018-12-13 14:57:39 - [TEST_STEP][PASSED] - click: Object: 'Object Repository/Final Object Repo/New Registration - Registration Module Pages/New Reg - OTC to RO/Special Case - All Related Objects/Click to Continue Workflow' is clicked on

2018-12-13 14:57:43 - [MESSAGE][PASSED] - Object: 'Object Repository/Final Object Repo/New Registration - Registration Module Pages/New Reg - OTC to RO/Special Case - All Related Objects/Click to Continue Workflow' is clicked on

2018-12-13 14:57:43 - [TEST_STEP][PASSED] - delay: Delayed 4 second(s)

2018-12-13 14:57:47 - [MESSAGE][PASSED] - Delayed 4 second(s)

2018-12-13 14:57:47 - [TEST_STEP][PASSED] - click: Object: 'Object Repository/Final Object Repo/New Registration - Registration Module Pages/New Reg - OTC to RO/Special Case - All Related Objects/Continue Button in verifying case' is clicked on

2018-12-13 14:57:49 - [MESSAGE][PASSED] - Object: 'Object Repository/Final Object Repo/New Registration - Registration Module Pages/New Reg - OTC to RO/Special Case - All Related Objects/Continue Button in verifying case' is clicked on

2018-12-13 14:57:49 - [TEST_STEP][PASSED] - delay: Delayed 2 second(s)

2018-12-13 14:57:51 - [MESSAGE][PASSED] - Delayed 2 second(s)

2018-12-13 14:57:51 - [TEST_STEP][PASSED] - click: Object: 'Object Repository/Final Object Repo/New Registration - Registration Module Pages/Form 1/Registered As a Branch - Yes' is clicked on

2018-12-13 14:57:51 - [MESSAGE][PASSED] - Object: 'Object Repository/Final Object Repo/New Registration - Registration Module Pages/Form 1/Registered As a Branch - Yes' is clicked on

2018-12-13 14:57:51 - [TEST_STEP][PASSED] - delay: Delayed 2 second(s)

2018-12-13 14:57:53 - [MESSAGE][PASSED] - Delayed 2 second(s)

2018-12-13 14:57:53 - [TEST_STEP][PASSED] - click: Object: 'Object Repository/Final Object Repo/New Registration - Registration Module Pages/New Reg - OTC to RO/Special Case - All Related Objects/Form 1 Save n Continue' is clicked on

2018-12-13 14:57:53 - [MESSAGE][PASSED] - Object: 'Object Repository/Final Object Repo/New Registration - Registration Module Pages/New Reg - OTC to RO/Special Case - All Related Objects/Form 1 Save n Continue' is clicked on

2018-12-13 14:57:53 - [TEST_STEP][PASSED] - delay: Delayed 2 second(s)

2018-12-13 14:57:55 - [MESSAGE][PASSED] - Delayed 2 second(s)

2018-12-13 14:57:55 - [TEST_STEP][PASSED] - click: Object: 'Object Repository/Final Object Repo/New Registration - Registration Module Pages/New Reg - OTC to RO/Special Case - All Related Objects/Form 2 Save n Continue' is clicked on

2018-12-13 14:57:55 - [MESSAGE][PASSED] - Object: 'Object Repository/Final Object Repo/New Registration - Registration Module Pages/New Reg - OTC to RO/Special Case - All Related Objects/Form 2 Save n Continue' is clicked on

2018-12-13 14:57:55 - [TEST_STEP][PASSED] - delay: Delayed 2 second(s)

2018-12-13 14:57:57 - [MESSAGE][PASSED] - Delayed 2 second(s)

2018-12-13 14:57:57 - [TEST_STEP][PASSED] - click: Object: 'Object Repository/Final Object Repo/New Registration - Registration Module Pages/New Reg - OTC to RO/Special Case - All Related Objects/Third Screen Save n Continue' is clicked on

2018-12-13 14:58:02 - [MESSAGE][PASSED] - Object: 'Object Repository/Final Object Repo/New Registration - Registration Module Pages/New Reg - OTC to RO/Special Case - All Related Objects/Third Screen Save n Continue' is clicked on

2018-12-13 14:58:02 - [TEST_STEP][PASSED] - delay: Delayed 5 second(s)

2018-12-13 14:58:07 - [MESSAGE][PASSED] - Delayed 5 second(s)

2018-12-13 14:58:07 - [TEST_STEP][PASSED] - click: Object: 'Object Repository/Final Object Repo/New Registration - Registration Module Pages/New Reg - OTC to RO/Special Case - All Related Objects/Upload Doc Page Save n Continue' is clicked on

2018-12-13 14:58:07 - [MESSAGE][PASSED] - Object: 'Object Repository/Final Object Repo/New Registration - Registration Module Pages/New Reg - OTC to RO/Special Case - All Related Objects/Upload Doc Page Save n Continue' is clicked on

2018-12-13 14:58:07 - [TEST_STEP][PASSED] - delay: Delayed 5 second(s)

2018-12-13 14:58:12 - [MESSAGE][PASSED] - Delayed 5 second(s)

2018-12-13 14:58:12 - [TEST_STEP][PASSED] - callTestCase: Call Test Case 'Test Cases/Final Aug 2018 - PKS Automation/Registration Module/New Registration/Submit and Screenshot/Submit Registration and Screenshot' successfully

2018-12-13 14:58:12 - [TEST_CASE][PASSED] - Test Cases/Final Aug 2018 - PKS Automation/Registration Module/New Registration/Submit and Screenshot/Submit Registration and Screenshot: Test Cases/Final Aug 2018 - PKS Automation/Registration Module/New Registration/Submit and Screenshot/Submit Registration and Screenshot

2018-12-13 14:58:12 - [TEST_STEP][PASSED] - delay: Delayed 6 second(s)

2018-12-13 14:58:18 - [MESSAGE][PASSED] - Delayed 6 second(s)

2018-12-13 14:58:18 - [TEST_STEP][PASSED] - click: Object: 'Object Repository/Final Object Repo/New Registration - Registration Module Pages/Third Screen - Upload Supporting Doc- Preview/Preview Submit Button' is clicked on

2018-12-13 14:58:19 - [MESSAGE][PASSED] - Object: 'Object Repository/Final Object Repo/New Registration - Registration Module Pages/Third Screen - Upload Supporting Doc- Preview/Preview Submit Button' is clicked on

2018-12-13 14:58:19 - [TEST_STEP][PASSED] - delay: Delayed 2 second(s)

2018-12-13 14:58:21 - [MESSAGE][PASSED] - Delayed 2 second(s)

2018-12-13 14:58:21 - [TEST_STEP][PASSED] - click: Object: 'Object Repository/Final Object Repo/New Registration - Registration Module Pages/Third Screen - Upload Supporting Doc- Preview/Preview Submit - Confirm' is clicked on

2018-12-13 14:58:21 - [MESSAGE][PASSED] - Object: 'Object Repository/Final Object Repo/New Registration - Registration Module Pages/Third Screen - Upload Supporting Doc- Preview/Preview Submit - Confirm' is clicked on

2018-12-13 14:58:21 - [TEST_STEP][PASSED] - delay: Delayed 15 second(s)

2018-12-13 14:58:36 - [MESSAGE][PASSED] - Delayed 15 second(s)

2018-12-13 14:58:36 - [TEST_STEP][PASSED] - Statement - driver = com.kms.katalon.core.webui.driver.DriverFactory.getWebDriver(): null

2018-12-13 14:58:36 - [TEST_STEP][PASSED] - Statement - driver.manage().timeouts().implicitlyWait(10, SECONDS): null

2018-12-13 14:58:36 - [TEST_STEP][PASSED] - Statement - PresavePath = KatalonScreenshots: null

2018-12-13 14:58:36 - [TEST_STEP][PASSED] - Statement - pathPrefix = "C:\Users\Public\Pictures\Sample Pictures\Katalon Screenshots\Automate Ending Screen": null

2018-12-13 14:58:36 - [TEST_STEP][PASSED] - Statement - finalPath = <not implemented yet for class: org.codehaus.groovy.ast.expr.EmptyExpression>: null

2018-12-13 14:58:36 - [TEST_STEP][PASSED] - Statement - scrFile = driver.getScreenshotAs(FILE): null

2018-12-13 14:58:36 - [TEST_STEP][PASSED] - Statement - PreSaveFile = new java.io.File(PresavePath): null

2018-12-13 14:58:36 - [TEST_STEP][PASSED] - Statement - counter = 0: null

2018-12-13 14:58:36 - [TEST_STEP][PASSED] - Statement - If (PreSaveFile.exists()): null

2018-12-13 14:58:36 - [TEST_STEP][PASSED] - Statement - While (PreSaveFile.exists()): null

2018-12-13 14:58:36 - [TEST_STEP][PASSED] - Statement - counter = counter + 1: null

2018-12-13 14:58:36 - [TEST_STEP][PASSED] - Statement - PreSaveFile = new java.io.File(((pathPrefix + java.lang.Integer.toString(counter)) + .png)): null

2018-12-13 14:58:36 - [TEST_STEP][PASSED] - Statement - counter = counter + 1: null

2018-12-13 14:58:36 - [TEST_STEP][PASSED] - Statement - PreSaveFile = new java.io.File(((pathPrefix + java.lang.Integer.toString(counter)) + .png)): null

2018-12-13 14:58:36 - [TEST_STEP][PASSED] - Statement - counter = counter + 1: null

2018-12-13 14:58:36 - [TEST_STEP][PASSED] - Statement - PreSaveFile = new java.io.File(((pathPrefix + java.lang.Integer.toString(counter)) + .png)): null

2018-12-13 14:58:36 - [TEST_STEP][PASSED] - Statement - counter = counter + 1: null

2018-12-13 14:58:36 - [TEST_STEP][PASSED] - Statement - PreSaveFile = new java.io.File(((pathPrefix + java.lang.Integer.toString(counter)) + .png)): null

2018-12-13 14:58:36 - [TEST_STEP][PASSED] - Statement - counter = counter + 1: null

2018-12-13 14:58:36 - [TEST_STEP][PASSED] - Statement - PreSaveFile = new java.io.File(((pathPrefix + java.lang.Integer.toString(counter)) + .png)): null

2018-12-13 14:58:36 - [TEST_STEP][PASSED] - Statement - counter = counter + 1: null

2018-12-13 14:58:36 - [TEST_STEP][PASSED] - Statement - PreSaveFile = new java.io.File(((pathPrefix + java.lang.Integer.toString(counter)) + .png)): null

2018-12-13 14:58:36 - [TEST_STEP][PASSED] - Statement - counter = counter + 1: null

2018-12-13 14:58:36 - [TEST_STEP][PASSED] - Statement - PreSaveFile = new java.io.File(((pathPrefix + java.lang.Integer.toString(counter)) + .png)): null

2018-12-13 14:58:36 - [TEST_STEP][PASSED] - Statement - counter = counter + 1: null

2018-12-13 14:58:36 - [TEST_STEP][PASSED] - Statement - PreSaveFile = new java.io.File(((pathPrefix + java.lang.Integer.toString(counter)) + .png)): null

2018-12-13 14:58:36 - [TEST_STEP][PASSED] - Statement - counter = counter + 1: null

2018-12-13 14:58:36 - [TEST_STEP][PASSED] - Statement - PreSaveFile = new java.io.File(((pathPrefix + java.lang.Integer.toString(counter)) + .png)): null

2018-12-13 14:58:36 - [TEST_STEP][PASSED] - Statement - counter = counter + 1: null

2018-12-13 14:58:36 - [TEST_STEP][PASSED] - Statement - PreSaveFile = new java.io.File(((pathPrefix + java.lang.Integer.toString(counter)) + .png)): null

2018-12-13 14:58:36 - [TEST_STEP][PASSED] - Statement - counter = counter + 1: null

2018-12-13 14:58:36 - [TEST_STEP][PASSED] - Statement - PreSaveFile = new java.io.File(((pathPrefix + java.lang.Integer.toString(counter)) + .png)): null

2018-12-13 14:58:36 - [TEST_STEP][PASSED] - Statement - counter = counter + 1: null

2018-12-13 14:58:36 - [TEST_STEP][PASSED] - Statement - PreSaveFile = new java.io.File(((pathPrefix + java.lang.Integer.toString(counter)) + .png)): null

2018-12-13 14:58:36 - [TEST_STEP][PASSED] - Statement - counter = counter + 1: null

2018-12-13 14:58:36 - [TEST_STEP][PASSED] - Statement - PreSaveFile = new java.io.File(((pathPrefix + java.lang.Integer.toString(counter)) + .png)): null

2018-12-13 14:58:36 - [TEST_STEP][PASSED] - Statement - counter = counter + 1: null

2018-12-13 14:58:36 - [TEST_STEP][PASSED] - Statement - PreSaveFile = new java.io.File(((pathPrefix + java.lang.Integer.toString(counter)) + .png)): null

2018-12-13 14:58:36 - [TEST_STEP][PASSED] - Statement - counter = counter + 1: null

2018-12-13 14:58:36 - [TEST_STEP][PASSED] - Statement - PreSaveFile = new java.io.File(((pathPrefix + java.lang.Integer.toString(counter)) + .png)): null

2018-12-13 14:58:36 - [TEST_STEP][PASSED] - Statement - counter = counter + 1: null

2018-12-13 14:58:36 - [TEST_STEP][PASSED] - Statement - PreSaveFile = new java.io.File(((pathPrefix + java.lang.Integer.toString(counter)) + .png)): null

2018-12-13 14:58:36 - [TEST_STEP][PASSED] - Statement - counter = counter + 1: null

2018-12-13 14:58:36 - [TEST_STEP][PASSED] - Statement - PreSaveFile = new java.io.File(((pathPrefix + java.lang.Integer.toString(counter)) + .png)): null

2018-12-13 14:58:36 - [TEST_STEP][PASSED] - Statement - counter = counter + 1: null

2018-12-13 14:58:36 - [TEST_STEP][PASSED] - Statement - PreSaveFile = new java.io.File(((pathPrefix + java.lang.Integer.toString(counter)) + .png)): null

2018-12-13 14:58:36 - [TEST_STEP][PASSED] - Statement - counter = counter + 1: null

2018-12-13 14:58:36 - [TEST_STEP][PASSED] - Statement - PreSaveFile = new java.io.File(((pathPrefix + java.lang.Integer.toString(counter)) + .png)): null

2018-12-13 14:58:36 - [TEST_STEP][PASSED] - Statement - counter = counter + 1: null

2018-12-13 14:58:36 - [TEST_STEP][PASSED] - Statement - PreSaveFile = new java.io.File(((pathPrefix + java.lang.Integer.toString(counter)) + .png)): null

2018-12-13 14:58:36 - [TEST_STEP][PASSED] - Statement - counter = counter + 1: null

2018-12-13 14:58:36 - [TEST_STEP][PASSED] - Statement - PreSaveFile = new java.io.File(((pathPrefix + java.lang.Integer.toString(counter)) + .png)): null

2018-12-13 14:58:36 - [TEST_STEP][PASSED] - Statement - counter = counter + 1: null

2018-12-13 14:58:36 - [TEST_STEP][PASSED] - Statement - PreSaveFile = new java.io.File(((pathPrefix + java.lang.Integer.toString(counter)) + .png)): null

2018-12-13 14:58:36 - [TEST_STEP][PASSED] - Statement - counter = counter + 1: null

2018-12-13 14:58:36 - [TEST_STEP][PASSED] - Statement - PreSaveFile = new java.io.File(((pathPrefix + java.lang.Integer.toString(counter)) + .png)): null

2018-12-13 14:58:36 - [TEST_STEP][PASSED] - Statement - counter = counter + 1: null

2018-12-13 14:58:36 - [TEST_STEP][PASSED] - Statement - PreSaveFile = new java.io.File(((pathPrefix + java.lang.Integer.toString(counter)) + .png)): null

2018-12-13 14:58:36 - [TEST_STEP][PASSED] - Statement - counter = counter + 1: null

2018-12-13 14:58:36 - [TEST_STEP][PASSED] - Statement - PreSaveFile = new java.io.File(((pathPrefix + java.lang.Integer.toString(counter)) + .png)): null

2018-12-13 14:58:36 - [TEST_STEP][PASSED] - Statement - counter = counter + 1: null

2018-12-13 14:58:36 - [TEST_STEP][PASSED] - Statement - PreSaveFile = new java.io.File(((pathPrefix + java.lang.Integer.toString(counter)) + .png)): null

2018-12-13 14:58:36 - [TEST_STEP][PASSED] - Statement - counter = counter + 1: null

2018-12-13 14:58:36 - [TEST_STEP][PASSED] - Statement - PreSaveFile = new java.io.File(((pathPrefix + java.lang.Integer.toString(counter)) + .png)): null

2018-12-13 14:58:36 - [TEST_STEP][PASSED] - Statement - counter = counter + 1: null

2018-12-13 14:58:36 - [TEST_STEP][PASSED] - Statement - PreSaveFile = new java.io.File(((pathPrefix + java.lang.Integer.toString(counter)) + .png)): null

2018-12-13 14:58:36 - [TEST_STEP][PASSED] - Statement - counter = counter + 1: null

2018-12-13 14:58:36 - [TEST_STEP][PASSED] - Statement - PreSaveFile = new java.io.File(((pathPrefix + java.lang.Integer.toString(counter)) + .png)): null

2018-12-13 14:58:36 - [TEST_STEP][PASSED] - Statement - counter = counter + 1: null

2018-12-13 14:58:36 - [TEST_STEP][PASSED] - Statement - PreSaveFile = new java.io.File(((pathPrefix + java.lang.Integer.toString(counter)) + .png)): null

2018-12-13 14:58:36 - [TEST_STEP][PASSED] - Statement - counter = counter + 1: null

2018-12-13 14:58:36 - [TEST_STEP][PASSED] - Statement - PreSaveFile = new java.io.File(((pathPrefix + java.lang.Integer.toString(counter)) + .png)): null

2018-12-13 14:58:36 - [TEST_STEP][PASSED] - Statement - counter = counter + 1: null

2018-12-13 14:58:36 - [TEST_STEP][PASSED] - Statement - PreSaveFile = new java.io.File(((pathPrefix + java.lang.Integer.toString(counter)) + .png)): null

2018-12-13 14:58:36 - [TEST_STEP][PASSED] - Statement - counter = counter + 1: null

2018-12-13 14:58:36 - [TEST_STEP][PASSED] - Statement - PreSaveFile = new java.io.File(((pathPrefix + java.lang.Integer.toString(counter)) + .png)): null

2018-12-13 14:58:36 - [TEST_STEP][PASSED] - Statement - counter = counter + 1: null

2018-12-13 14:58:36 - [TEST_STEP][PASSED] - Statement - PreSaveFile = new java.io.File(((pathPrefix + java.lang.Integer.toString(counter)) + .png)): null

2018-12-13 14:58:36 - [TEST_STEP][PASSED] - Statement - counter = counter + 1: null

2018-12-13 14:58:36 - [TEST_STEP][PASSED] - Statement - PreSaveFile = new java.io.File(((pathPrefix + java.lang.Integer.toString(counter)) + .png)): null

2018-12-13 14:58:36 - [TEST_STEP][PASSED] - Statement - counter = counter + 1: null

2018-12-13 14:58:36 - [TEST_STEP][PASSED] - Statement - PreSaveFile = new java.io.File(((pathPrefix + java.lang.Integer.toString(counter)) + .png)): null

2018-12-13 14:58:36 - [TEST_STEP][PASSED] - Statement - counter = counter + 1: null

2018-12-13 14:58:36 - [TEST_STEP][PASSED] - Statement - PreSaveFile = new java.io.File(((pathPrefix + java.lang.Integer.toString(counter)) + .png)): null

2018-12-13 14:58:36 - [TEST_STEP][PASSED] - Statement - counter = counter + 1: null

2018-12-13 14:58:36 - [TEST_STEP][PASSED] - Statement - PreSaveFile = new java.io.File(((pathPrefix + java.lang.Integer.toString(counter)) + .png)): null

2018-12-13 14:58:36 - [TEST_STEP][PASSED] - Statement - counter = counter + 1: null

2018-12-13 14:58:36 - [TEST_STEP][PASSED] - Statement - PreSaveFile = new java.io.File(((pathPrefix + java.lang.Integer.toString(counter)) + .png)): null

2018-12-13 14:58:36 - [TEST_STEP][PASSED] - Statement - counter = counter + 1: null

2018-12-13 14:58:36 - [TEST_STEP][PASSED] - Statement - PreSaveFile = new java.io.File(((pathPrefix + java.lang.Integer.toString(counter)) + .png)): null

2018-12-13 14:58:36 - [TEST_STEP][PASSED] - Statement - counter = counter + 1: null

2018-12-13 14:58:36 - [TEST_STEP][PASSED] - Statement - PreSaveFile = new java.io.File(((pathPrefix + java.lang.Integer.toString(counter)) + .png)): null

2018-12-13 14:58:36 - [TEST_STEP][PASSED] - Statement - counter = counter + 1: null

2018-12-13 14:58:36 - [TEST_STEP][PASSED] - Statement - PreSaveFile = new java.io.File(((pathPrefix + java.lang.Integer.toString(counter)) + .png)): null

2018-12-13 14:58:36 - [TEST_STEP][PASSED] - Statement - counter = counter + 1: null

2018-12-13 14:58:36 - [TEST_STEP][PASSED] - Statement - PreSaveFile = new java.io.File(((pathPrefix + java.lang.Integer.toString(counter)) + .png)): null

2018-12-13 14:58:36 - [TEST_STEP][PASSED] - Statement - counter = counter + 1: null

2018-12-13 14:58:36 - [TEST_STEP][PASSED] - Statement - PreSaveFile = new java.io.File(((pathPrefix + java.lang.Integer.toString(counter)) + .png)): null

2018-12-13 14:58:36 - [TEST_STEP][PASSED] - Statement - counter = counter + 1: null

2018-12-13 14:58:36 - [TEST_STEP][PASSED] - Statement - PreSaveFile = new java.io.File(((pathPrefix + java.lang.Integer.toString(counter)) + .png)): null

2018-12-13 14:58:36 - [TEST_STEP][PASSED] - Statement - counter = counter + 1: null

2018-12-13 14:58:36 - [TEST_STEP][PASSED] - Statement - PreSaveFile = new java.io.File(((pathPrefix + java.lang.Integer.toString(counter)) + .png)): null

2018-12-13 14:58:36 - [TEST_STEP][PASSED] - Statement - counter = counter + 1: null

2018-12-13 14:58:36 - [TEST_STEP][PASSED] - Statement - PreSaveFile = new java.io.File(((pathPrefix + java.lang.Integer.toString(counter)) + .png)): null

2018-12-13 14:58:36 - [TEST_STEP][PASSED] - Statement - counter = counter + 1: null

2018-12-13 14:58:36 - [TEST_STEP][PASSED] - Statement - PreSaveFile = new java.io.File(((pathPrefix + java.lang.Integer.toString(counter)) + .png)): null

2018-12-13 14:58:36 - [TEST_STEP][PASSED] - Statement - counter = counter + 1: null

2018-12-13 14:58:36 - [TEST_STEP][PASSED] - Statement - PreSaveFile = new java.io.File(((pathPrefix + java.lang.Integer.toString(counter)) + .png)): null

2018-12-13 14:58:36 - [TEST_STEP][PASSED] - Statement - counter = counter + 1: null

2018-12-13 14:58:36 - [TEST_STEP][PASSED] - Statement - PreSaveFile = new java.io.File(((pathPrefix + java.lang.Integer.toString(counter)) + .png)): null

2018-12-13 14:58:36 - [TEST_STEP][PASSED] - Statement - counter = counter + 1: null

2018-12-13 14:58:36 - [TEST_STEP][PASSED] - Statement - PreSaveFile = new java.io.File(((pathPrefix + java.lang.Integer.toString(counter)) + .png)): null

2018-12-13 14:58:36 - [TEST_STEP][PASSED] - Statement - counter = counter + 1: null

2018-12-13 14:58:36 - [TEST_STEP][PASSED] - Statement - PreSaveFile = new java.io.File(((pathPrefix + java.lang.Integer.toString(counter)) + .png)): null

2018-12-13 14:58:36 - [TEST_STEP][PASSED] - Statement - counter = counter + 1: null

2018-12-13 14:58:36 - [TEST_STEP][PASSED] - Statement - PreSaveFile = new java.io.File(((pathPrefix + java.lang.Integer.toString(counter)) + .png)): null

2018-12-13 14:58:36 - [TEST_STEP][PASSED] - Statement - counter = counter + 1: null

2018-12-13 14:58:36 - [TEST_STEP][PASSED] - Statement - PreSaveFile = new java.io.File(((pathPrefix + java.lang.Integer.toString(counter)) + .png)): null

2018-12-13 14:58:36 - [TEST_STEP][PASSED] - Statement - counter = counter + 1: null

2018-12-13 14:58:36 - [TEST_STEP][PASSED] - Statement - PreSaveFile = new java.io.File(((pathPrefix + java.lang.Integer.toString(counter)) + .png)): null

2018-12-13 14:58:36 - [TEST_STEP][PASSED] - Statement - counter = counter + 1: null

2018-12-13 14:58:36 - [TEST_STEP][PASSED] - Statement - PreSaveFile = new java.io.File(((pathPrefix + java.lang.Integer.toString(counter)) + .png)): null

2018-12-13 14:58:36 - [TEST_STEP][PASSED] - Statement - counter = counter + 1: null

2018-12-13 14:58:36 - [TEST_STEP][PASSED] - Statement - PreSaveFile = new java.io.File(((pathPrefix + java.lang.Integer.toString(counter)) + .png)): null

2018-12-13 14:58:36 - [TEST_STEP][PASSED] - Statement - counter = counter + 1: null

2018-12-13 14:58:36 - [TEST_STEP][PASSED] - Statement - PreSaveFile = new java.io.File(((pathPrefix + java.lang.Integer.toString(counter)) + .png)): null

2018-12-13 14:58:36 - [TEST_STEP][PASSED] - Statement - counter = counter + 1: null

2018-12-13 14:58:36 - [TEST_STEP][PASSED] - Statement - PreSaveFile = new java.io.File(((pathPrefix + java.lang.Integer.toString(counter)) + .png)): null

2018-12-13 14:58:36 - [TEST_STEP][PASSED] - Statement - counter = counter + 1: null

2018-12-13 14:58:36 - [TEST_STEP][PASSED] - Statement - PreSaveFile = new java.io.File(((pathPrefix + java.lang.Integer.toString(counter)) + .png)): null

2018-12-13 14:58:36 - [TEST_STEP][PASSED] - Statement - counter = counter + 1: null

2018-12-13 14:58:36 - [TEST_STEP][PASSED] - Statement - PreSaveFile = new java.io.File(((pathPrefix + java.lang.Integer.toString(counter)) + .png)): null

2018-12-13 14:58:36 - [TEST_STEP][PASSED] - Statement - counter = counter + 1: null

2018-12-13 14:58:36 - [TEST_STEP][PASSED] - Statement - PreSaveFile = new java.io.File(((pathPrefix + java.lang.Integer.toString(counter)) + .png)): null

2018-12-13 14:58:36 - [TEST_STEP][PASSED] - Statement - counter = counter + 1: null

2018-12-13 14:58:36 - [TEST_STEP][PASSED] - Statement - PreSaveFile = new java.io.File(((pathPrefix + java.lang.Integer.toString(counter)) + .png)): null

2018-12-13 14:58:36 - [TEST_STEP][PASSED] - Statement - counter = counter + 1: null

2018-12-13 14:58:36 - [TEST_STEP][PASSED] - Statement - PreSaveFile = new java.io.File(((pathPrefix + java.lang.Integer.toString(counter)) + .png)): null

2018-12-13 14:58:36 - [TEST_STEP][PASSED] - Statement - counter = counter + 1: null

2018-12-13 14:58:36 - [TEST_STEP][PASSED] - Statement - PreSaveFile = new java.io.File(((pathPrefix + java.lang.Integer.toString(counter)) + .png)): null

2018-12-13 14:58:36 - [TEST_STEP][PASSED] - Statement - counter = counter + 1: null

2018-12-13 14:58:37 - [TEST_STEP][PASSED] - Statement - PreSaveFile = new java.io.File(((pathPrefix + java.lang.Integer.toString(counter)) + .png)): null

2018-12-13 14:58:37 - [TEST_STEP][PASSED] - Statement - counter = counter + 1: null

2018-12-13 14:58:37 - [TEST_STEP][PASSED] - Statement - PreSaveFile = new java.io.File(((pathPrefix + java.lang.Integer.toString(counter)) + .png)): null

2018-12-13 14:58:37 - [TEST_STEP][PASSED] - Statement - counter = counter + 1: null

2018-12-13 14:58:37 - [TEST_STEP][PASSED] - Statement - PreSaveFile = new java.io.File(((pathPrefix + java.lang.Integer.toString(counter)) + .png)): null

2018-12-13 14:58:37 - [TEST_STEP][PASSED] - Statement - counter = counter + 1: null

2018-12-13 14:58:37 - [TEST_STEP][PASSED] - Statement - PreSaveFile = new java.io.File(((pathPrefix + java.lang.Integer.toString(counter)) + .png)): null

2018-12-13 14:58:37 - [TEST_STEP][PASSED] - Statement - counter = counter + 1: null

2018-12-13 14:58:37 - [TEST_STEP][PASSED] - Statement - PreSaveFile = new java.io.File(((pathPrefix + java.lang.Integer.toString(counter)) + .png)): null

2018-12-13 14:58:37 - [TEST_STEP][PASSED] - Statement - counter = counter + 1: null

2018-12-13 14:58:37 - [TEST_STEP][PASSED] - Statement - PreSaveFile = new java.io.File(((pathPrefix + java.lang.Integer.toString(counter)) + .png)): null

2018-12-13 14:58:37 - [TEST_STEP][PASSED] - Statement - counter = counter + 1: null

2018-12-13 14:58:37 - [TEST_STEP][PASSED] - Statement - PreSaveFile = new java.io.File(((pathPrefix + java.lang.Integer.toString(counter)) + .png)): null

2018-12-13 14:58:37 - [TEST_STEP][PASSED] - Statement - counter = counter + 1: null

2018-12-13 14:58:37 - [TEST_STEP][PASSED] - Statement - PreSaveFile = new java.io.File(((pathPrefix + java.lang.Integer.toString(counter)) + .png)): null

2018-12-13 14:58:37 - [TEST_STEP][PASSED] - Statement - counter = counter + 1: null

2018-12-13 14:58:37 - [TEST_STEP][PASSED] - Statement - PreSaveFile = new java.io.File(((pathPrefix + java.lang.Integer.toString(counter)) + .png)): null

2018-12-13 14:58:37 - [TEST_STEP][PASSED] - Statement - counter = counter + 1: null

2018-12-13 14:58:37 - [TEST_STEP][PASSED] - Statement - PreSaveFile = new java.io.File(((pathPrefix + java.lang.Integer.toString(counter)) + .png)): null

2018-12-13 14:58:37 - [TEST_STEP][PASSED] - Statement - counter = counter + 1: null

2018-12-13 14:58:37 - [TEST_STEP][PASSED] - Statement - PreSaveFile = new java.io.File(((pathPrefix + java.lang.Integer.toString(counter)) + .png)): null

2018-12-13 14:58:37 - [TEST_STEP][PASSED] - Statement - counter = counter + 1: null

2018-12-13 14:58:37 - [TEST_STEP][PASSED] - Statement - PreSaveFile = new java.io.File(((pathPrefix + java.lang.Integer.toString(counter)) + .png)): null

2018-12-13 14:58:37 - [TEST_STEP][PASSED] - Statement - counter = counter + 1: null

2018-12-13 14:58:37 - [TEST_STEP][PASSED] - Statement - PreSaveFile = new java.io.File(((pathPrefix + java.lang.Integer.toString(counter)) + .png)): null

2018-12-13 14:58:37 - [TEST_STEP][PASSED] - Statement - counter = counter + 1: null

2018-12-13 14:58:37 - [TEST_STEP][PASSED] - Statement - PreSaveFile = new java.io.File(((pathPrefix + java.lang.Integer.toString(counter)) + .png)): null

2018-12-13 14:58:37 - [TEST_STEP][PASSED] - Statement - counter = counter + 1: null

2018-12-13 14:58:37 - [TEST_STEP][PASSED] - Statement - PreSaveFile = new java.io.File(((pathPrefix + java.lang.Integer.toString(counter)) + .png)): null

2018-12-13 14:58:37 - [TEST_STEP][PASSED] - Statement - counter = counter + 1: null

2018-12-13 14:58:37 - [TEST_STEP][PASSED] - Statement - PreSaveFile = new java.io.File(((pathPrefix + java.lang.Integer.toString(counter)) + .png)): null

2018-12-13 14:58:37 - [TEST_STEP][PASSED] - Statement - counter = counter + 1: null

2018-12-13 14:58:37 - [TEST_STEP][PASSED] - Statement - PreSaveFile = new java.io.File(((pathPrefix + java.lang.Integer.toString(counter)) + .png)): null

2018-12-13 14:58:37 - [TEST_STEP][PASSED] - Statement - counter = counter + 1: null

2018-12-13 14:58:37 - [TEST_STEP][PASSED] - Statement - PreSaveFile = new java.io.File(((pathPrefix + java.lang.Integer.toString(counter)) + .png)): null

2018-12-13 14:58:37 - [TEST_STEP][PASSED] - Statement - counter = counter + 1: null

2018-12-13 14:58:37 - [TEST_STEP][PASSED] - Statement - PreSaveFile = new java.io.File(((pathPrefix + java.lang.Integer.toString(counter)) + .png)): null

2018-12-13 14:58:37 - [TEST_STEP][PASSED] - Statement - counter = counter + 1: null

2018-12-13 14:58:37 - [TEST_STEP][PASSED] - Statement - PreSaveFile = new java.io.File(((pathPrefix + java.lang.Integer.toString(counter)) + .png)): null

2018-12-13 14:58:37 - [TEST_STEP][PASSED] - Statement - counter = counter + 1: null

2018-12-13 14:58:37 - [TEST_STEP][PASSED] - Statement - PreSaveFile = new java.io.File(((pathPrefix + java.lang.Integer.toString(counter)) + .png)): null

2018-12-13 14:58:37 - [TEST_STEP][PASSED] - Statement - counter = counter + 1: null

2018-12-13 14:58:37 - [TEST_STEP][PASSED] - Statement - PreSaveFile = new java.io.File(((pathPrefix + java.lang.Integer.toString(counter)) + .png)): null

2018-12-13 14:58:37 - [TEST_STEP][PASSED] - Statement - counter = counter + 1: null

2018-12-13 14:58:37 - [TEST_STEP][PASSED] - Statement - PreSaveFile = new java.io.File(((pathPrefix + java.lang.Integer.toString(counter)) + .png)): null

2018-12-13 14:58:37 - [TEST_STEP][PASSED] - Statement - counter = counter + 1: null

2018-12-13 14:58:37 - [TEST_STEP][PASSED] - Statement - PreSaveFile = new java.io.File(((pathPrefix + java.lang.Integer.toString(counter)) + .png)): null

2018-12-13 14:58:37 - [TEST_STEP][PASSED] - Statement - counter = counter + 1: null

2018-12-13 14:58:37 - [TEST_STEP][PASSED] - Statement - PreSaveFile = new java.io.File(((pathPrefix + java.lang.Integer.toString(counter)) + .png)): null

2018-12-13 14:58:37 - [TEST_STEP][PASSED] - Statement - counter = counter + 1: null

2018-12-13 14:58:37 - [TEST_STEP][PASSED] - Statement - PreSaveFile = new java.io.File(((pathPrefix + java.lang.Integer.toString(counter)) + .png)): null

2018-12-13 14:58:37 - [TEST_STEP][PASSED] - Statement - counter = counter + 1: null

2018-12-13 14:58:37 - [TEST_STEP][PASSED] - Statement - PreSaveFile = new java.io.File(((pathPrefix + java.lang.Integer.toString(counter)) + .png)): null

2018-12-13 14:58:37 - [TEST_STEP][PASSED] - Statement - counter = counter + 1: null

2018-12-13 14:58:37 - [TEST_STEP][PASSED] - Statement - PreSaveFile = new java.io.File(((pathPrefix + java.lang.Integer.toString(counter)) + .png)): null

2018-12-13 14:58:37 - [TEST_STEP][PASSED] - Statement - counter = counter + 1: null

2018-12-13 14:58:37 - [TEST_STEP][PASSED] - Statement - PreSaveFile = new java.io.File(((pathPrefix + java.lang.Integer.toString(counter)) + .png)): null

2018-12-13 14:58:37 - [TEST_STEP][PASSED] - Statement - counter = counter + 1: null

2018-12-13 14:58:37 - [TEST_STEP][PASSED] - Statement - PreSaveFile = new java.io.File(((pathPrefix + java.lang.Integer.toString(counter)) + .png)): null

2018-12-13 14:58:37 - [TEST_STEP][PASSED] - Statement - counter = counter + 1: null

2018-12-13 14:58:37 - [TEST_STEP][PASSED] - Statement - PreSaveFile = new java.io.File(((pathPrefix + java.lang.Integer.toString(counter)) + .png)): null

2018-12-13 14:58:37 - [TEST_STEP][PASSED] - Statement - counter = counter + 1: null

2018-12-13 14:58:37 - [TEST_STEP][PASSED] - Statement - PreSaveFile = new java.io.File(((pathPrefix + java.lang.Integer.toString(counter)) + .png)): null

2018-12-13 14:58:37 - [TEST_STEP][PASSED] - Statement - counter = counter + 1: null

2018-12-13 14:58:37 - [TEST_STEP][PASSED] - Statement - PreSaveFile = new java.io.File(((pathPrefix + java.lang.Integer.toString(counter)) + .png)): null

2018-12-13 14:58:37 - [TEST_STEP][PASSED] - Statement - counter = counter + 1: null

2018-12-13 14:58:37 - [TEST_STEP][PASSED] - Statement - PreSaveFile = new java.io.File(((pathPrefix + java.lang.Integer.toString(counter)) + .png)): null

2018-12-13 14:58:37 - [TEST_STEP][PASSED] - Statement - counter = counter + 1: null

2018-12-13 14:58:37 - [TEST_STEP][PASSED] - Statement - PreSaveFile = new java.io.File(((pathPrefix + java.lang.Integer.toString(counter)) + .png)): null

2018-12-13 14:58:37 - [TEST_STEP][PASSED] - Statement - counter = counter + 1: null

2018-12-13 14:58:37 - [TEST_STEP][PASSED] - Statement - PreSaveFile = new java.io.File(((pathPrefix + java.lang.Integer.toString(counter)) + .png)): null

2018-12-13 14:58:37 - [TEST_STEP][PASSED] - Statement - counter = counter + 1: null

2018-12-13 14:58:37 - [TEST_STEP][PASSED] - Statement - PreSaveFile = new java.io.File(((pathPrefix + java.lang.Integer.toString(counter)) + .png)): null

2018-12-13 14:58:37 - [TEST_STEP][PASSED] - Statement - counter = counter + 1: null

2018-12-13 14:58:37 - [TEST_STEP][PASSED] - Statement - PreSaveFile = new java.io.File(((pathPrefix + java.lang.Integer.toString(counter)) + .png)): null

2018-12-13 14:58:37 - [TEST_STEP][PASSED] - Statement - counter = counter + 1: null

2018-12-13 14:58:37 - [TEST_STEP][PASSED] - Statement - PreSaveFile = new java.io.File(((pathPrefix + java.lang.Integer.toString(counter)) + .png)): null

2018-12-13 14:58:37 - [TEST_STEP][PASSED] - Statement - counter = counter + 1: null

2018-12-13 14:58:37 - [TEST_STEP][PASSED] - Statement - PreSaveFile = new java.io.File(((pathPrefix + java.lang.Integer.toString(counter)) + .png)): null

2018-12-13 14:58:37 - [TEST_STEP][PASSED] - Statement - counter = counter + 1: null

2018-12-13 14:58:37 - [TEST_STEP][PASSED] - Statement - PreSaveFile = new java.io.File(((pathPrefix + java.lang.Integer.toString(counter)) + .png)): null

2018-12-13 14:58:37 - [TEST_STEP][PASSED] - Statement - counter = counter + 1: null

2018-12-13 14:58:37 - [TEST_STEP][PASSED] - Statement - PreSaveFile = new java.io.File(((pathPrefix + java.lang.Integer.toString(counter)) + .png)): null

2018-12-13 14:58:37 - [TEST_STEP][PASSED] - Statement - counter = counter + 1: null

2018-12-13 14:58:37 - [TEST_STEP][PASSED] - Statement - PreSaveFile = new java.io.File(((pathPrefix + java.lang.Integer.toString(counter)) + .png)): null

2018-12-13 14:58:37 - [TEST_STEP][PASSED] - Statement - counter = counter + 1: null

2018-12-13 14:58:37 - [TEST_STEP][PASSED] - Statement - PreSaveFile = new java.io.File(((pathPrefix + java.lang.Integer.toString(counter)) + .png)): null

2018-12-13 14:58:37 - [TEST_STEP][PASSED] - Statement - counter = counter + 1: null

2018-12-13 14:58:37 - [TEST_STEP][PASSED] - Statement - PreSaveFile = new java.io.File(((pathPrefix + java.lang.Integer.toString(counter)) + .png)): null

2018-12-13 14:58:37 - [TEST_STEP][PASSED] - Statement - counter = counter + 1: null

2018-12-13 14:58:37 - [TEST_STEP][PASSED] - Statement - PreSaveFile = new java.io.File(((pathPrefix + java.lang.Integer.toString(counter)) + .png)): null

2018-12-13 14:58:37 - [TEST_STEP][PASSED] - Statement - counter = counter + 1: null

2018-12-13 14:58:37 - [TEST_STEP][PASSED] - Statement - PreSaveFile = new java.io.File(((pathPrefix + java.lang.Integer.toString(counter)) + .png)): null

2018-12-13 14:58:37 - [TEST_STEP][PASSED] - Statement - counter = counter + 1: null

2018-12-13 14:58:37 - [TEST_STEP][PASSED] - Statement - PreSaveFile = new java.io.File(((pathPrefix + java.lang.Integer.toString(counter)) + .png)): null

2018-12-13 14:58:37 - [TEST_STEP][PASSED] - Statement - counter = counter + 1: null

2018-12-13 14:58:37 - [TEST_STEP][PASSED] - Statement - PreSaveFile = new java.io.File(((pathPrefix + java.lang.Integer.toString(counter)) + .png)): null

2018-12-13 14:58:37 - [TEST_STEP][PASSED] - Statement - counter = counter + 1: null

2018-12-13 14:58:37 - [TEST_STEP][PASSED] - Statement - PreSaveFile = new java.io.File(((pathPrefix + java.lang.Integer.toString(counter)) + .png)): null

2018-12-13 14:58:37 - [TEST_STEP][PASSED] - Statement - counter = counter + 1: null

2018-12-13 14:58:37 - [TEST_STEP][PASSED] - Statement - PreSaveFile = new java.io.File(((pathPrefix + java.lang.Integer.toString(counter)) + .png)): null

2018-12-13 14:58:37 - [TEST_STEP][PASSED] - Statement - counter = counter + 1: null

2018-12-13 14:58:37 - [TEST_STEP][PASSED] - Statement - PreSaveFile = new java.io.File(((pathPrefix + java.lang.Integer.toString(counter)) + .png)): null

2018-12-13 14:58:37 - [TEST_STEP][PASSED] - Statement - counter = counter + 1: null

2018-12-13 14:58:37 - [TEST_STEP][PASSED] - Statement - PreSaveFile = new java.io.File(((pathPrefix + java.lang.Integer.toString(counter)) + .png)): null

2018-12-13 14:58:37 - [TEST_STEP][PASSED] - Statement - counter = counter + 1: null

2018-12-13 14:58:37 - [TEST_STEP][PASSED] - Statement - PreSaveFile = new java.io.File(((pathPrefix + java.lang.Integer.toString(counter)) + .png)): null

2018-12-13 14:58:37 - [TEST_STEP][PASSED] - Statement - counter = counter + 1: null

2018-12-13 14:58:37 - [TEST_STEP][PASSED] - Statement - PreSaveFile = new java.io.File(((pathPrefix + java.lang.Integer.toString(counter)) + .png)): null

2018-12-13 14:58:37 - [TEST_STEP][PASSED] - Statement - counter = counter + 1: null

2018-12-13 14:58:37 - [TEST_STEP][PASSED] - Statement - PreSaveFile = new java.io.File(((pathPrefix + java.lang.Integer.toString(counter)) + .png)): null

2018-12-13 14:58:37 - [TEST_STEP][PASSED] - Statement - counter = counter + 1: null

2018-12-13 14:58:37 - [TEST_STEP][PASSED] - Statement - PreSaveFile = new java.io.File(((pathPrefix + java.lang.Integer.toString(counter)) + .png)): null

2018-12-13 14:58:37 - [TEST_STEP][PASSED] - Statement - counter = counter + 1: null

2018-12-13 14:58:37 - [TEST_STEP][PASSED] - Statement - PreSaveFile = new java.io.File(((pathPrefix + java.lang.Integer.toString(counter)) + .png)): null

2018-12-13 14:58:37 - [TEST_STEP][PASSED] - Statement - counter = counter + 1: null

2018-12-13 14:58:37 - [TEST_STEP][PASSED] - Statement - PreSaveFile = new java.io.File(((pathPrefix + java.lang.Integer.toString(counter)) + .png)): null

2018-12-13 14:58:37 - [TEST_STEP][PASSED] - Statement - counter = counter + 1: null

2018-12-13 14:58:37 - [TEST_STEP][PASSED] - Statement - PreSaveFile = new java.io.File(((pathPrefix + java.lang.Integer.toString(counter)) + .png)): null

2018-12-13 14:58:37 - [TEST_STEP][PASSED] - Statement - counter = counter + 1: null

2018-12-13 14:58:37 - [TEST_STEP][PASSED] - Statement - PreSaveFile = new java.io.File(((pathPrefix + java.lang.Integer.toString(counter)) + .png)): null

2018-12-13 14:58:37 - [TEST_STEP][PASSED] - Statement - counter = counter + 1: null

2018-12-13 14:58:37 - [TEST_STEP][PASSED] - Statement - PreSaveFile = new java.io.File(((pathPrefix + java.lang.Integer.toString(counter)) + .png)): null

2018-12-13 14:58:37 - [TEST_STEP][PASSED] - Statement - counter = counter + 1: null

2018-12-13 14:58:37 - [TEST_STEP][PASSED] - Statement - PreSaveFile = new java.io.File(((pathPrefix + java.lang.Integer.toString(counter)) + .png)): null

2018-12-13 14:58:37 - [TEST_STEP][PASSED] - Statement - counter = counter + 1: null

2018-12-13 14:58:37 - [TEST_STEP][PASSED] - Statement - PreSaveFile = new java.io.File(((pathPrefix + java.lang.Integer.toString(counter)) + .png)): null

2018-12-13 14:58:37 - [TEST_STEP][PASSED] - Statement - counter = counter + 1: null

2018-12-13 14:58:37 - [TEST_STEP][PASSED] - Statement - PreSaveFile = new java.io.File(((pathPrefix + java.lang.Integer.toString(counter)) + .png)): null

2018-12-13 14:58:37 - [TEST_STEP][PASSED] - Statement - counter = counter + 1: null

2018-12-13 14:58:37 - [TEST_STEP][PASSED] - Statement - PreSaveFile = new java.io.File(((pathPrefix + java.lang.Integer.toString(counter)) + .png)): null

2018-12-13 14:58:37 - [TEST_STEP][PASSED] - Statement - counter = counter + 1: null

2018-12-13 14:58:37 - [TEST_STEP][PASSED] - Statement - PreSaveFile = new java.io.File(((pathPrefix + java.lang.Integer.toString(counter)) + .png)): null

2018-12-13 14:58:37 - [TEST_STEP][PASSED] - Statement - counter = counter + 1: null

2018-12-13 14:58:37 - [TEST_STEP][PASSED] - Statement - PreSaveFile = new java.io.File(((pathPrefix + java.lang.Integer.toString(counter)) + .png)): null

2018-12-13 14:58:37 - [TEST_STEP][PASSED] - Statement - counter = counter + 1: null

2018-12-13 14:58:37 - [TEST_STEP][PASSED] - Statement - PreSaveFile = new java.io.File(((pathPrefix + java.lang.Integer.toString(counter)) + .png)): null

2018-12-13 14:58:37 - [TEST_STEP][PASSED] - Statement - counter = counter + 1: null

2018-12-13 14:58:37 - [TEST_STEP][PASSED] - Statement - PreSaveFile = new java.io.File(((pathPrefix + java.lang.Integer.toString(counter)) + .png)): null

2018-12-13 14:58:37 - [TEST_STEP][PASSED] - Statement - counter = counter + 1: null

2018-12-13 14:58:37 - [TEST_STEP][PASSED] - Statement - PreSaveFile = new java.io.File(((pathPrefix + java.lang.Integer.toString(counter)) + .png)): null

2018-12-13 14:58:37 - [TEST_STEP][PASSED] - Statement - counter = counter + 1: null

2018-12-13 14:58:37 - [TEST_STEP][PASSED] - Statement - PreSaveFile = new java.io.File(((pathPrefix + java.lang.Integer.toString(counter)) + .png)): null

2018-12-13 14:58:37 - [TEST_STEP][PASSED] - Statement - counter = counter + 1: null

2018-12-13 14:58:37 - [TEST_STEP][PASSED] - Statement - PreSaveFile = new java.io.File(((pathPrefix + java.lang.Integer.toString(counter)) + .png)): null

2018-12-13 14:58:37 - [TEST_STEP][PASSED] - Statement - counter = counter + 1: null

2018-12-13 14:58:37 - [TEST_STEP][PASSED] - Statement - PreSaveFile = new java.io.File(((pathPrefix + java.lang.Integer.toString(counter)) + .png)): null

2018-12-13 14:58:37 - [TEST_STEP][PASSED] - Statement - counter = counter + 1: null

2018-12-13 14:58:37 - [TEST_STEP][PASSED] - Statement - PreSaveFile = new java.io.File(((pathPrefix + java.lang.Integer.toString(counter)) + .png)): null

2018-12-13 14:58:37 - [TEST_STEP][PASSED] - Statement - counter = counter + 1: null

2018-12-13 14:58:37 - [TEST_STEP][PASSED] - Statement - PreSaveFile = new java.io.File(((pathPrefix + java.lang.Integer.toString(counter)) + .png)): null

2018-12-13 14:58:37 - [TEST_STEP][PASSED] - Statement - counter = counter + 1: null

2018-12-13 14:58:37 - [TEST_STEP][PASSED] - Statement - PreSaveFile = new java.io.File(((pathPrefix + java.lang.Integer.toString(counter)) + .png)): null

2018-12-13 14:58:37 - [TEST_STEP][PASSED] - Statement - counter = counter + 1: null

2018-12-13 14:58:37 - [TEST_STEP][PASSED] - Statement - PreSaveFile = new java.io.File(((pathPrefix + java.lang.Integer.toString(counter)) + .png)): null

2018-12-13 14:58:37 - [TEST_STEP][PASSED] - Statement - counter = counter + 1: null

2018-12-13 14:58:37 - [TEST_STEP][PASSED] - Statement - PreSaveFile = new java.io.File(((pathPrefix + java.lang.Integer.toString(counter)) + .png)): null

2018-12-13 14:58:37 - [TEST_STEP][PASSED] - Statement - counter = counter + 1: null

2018-12-13 14:58:37 - [TEST_STEP][PASSED] - Statement - PreSaveFile = new java.io.File(((pathPrefix + java.lang.Integer.toString(counter)) + .png)): null

2018-12-13 14:58:37 - [TEST_STEP][PASSED] - Statement - counter = counter + 1: null

2018-12-13 14:58:37 - [TEST_STEP][PASSED] - Statement - PreSaveFile = new java.io.File(((pathPrefix + java.lang.Integer.toString(counter)) + .png)): null

2018-12-13 14:58:37 - [TEST_STEP][PASSED] - Statement - counter = counter + 1: null

2018-12-13 14:58:37 - [TEST_STEP][PASSED] - Statement - PreSaveFile = new java.io.File(((pathPrefix + java.lang.Integer.toString(counter)) + .png)): null

2018-12-13 14:58:37 - [TEST_STEP][PASSED] - Statement - counter = counter + 1: null

2018-12-13 14:58:37 - [TEST_STEP][PASSED] - Statement - PreSaveFile = new java.io.File(((pathPrefix + java.lang.Integer.toString(counter)) + .png)): null

2018-12-13 14:58:37 - [TEST_STEP][PASSED] - Statement - counter = counter + 1: null

2018-12-13 14:58:37 - [TEST_STEP][PASSED] - Statement - PreSaveFile = new java.io.File(((pathPrefix + java.lang.Integer.toString(counter)) + .png)): null

2018-12-13 14:58:37 - [TEST_STEP][PASSED] - Statement - counter = counter + 1: null

2018-12-13 14:58:37 - [TEST_STEP][PASSED] - Statement - PreSaveFile = new java.io.File(((pathPrefix + java.lang.Integer.toString(counter)) + .png)): null

2018-12-13 14:58:37 - [TEST_STEP][PASSED] - Statement - counter = counter + 1: null

2018-12-13 14:58:37 - [TEST_STEP][PASSED] - Statement - PreSaveFile = new java.io.File(((pathPrefix + java.lang.Integer.toString(counter)) + .png)): null

2018-12-13 14:58:37 - [TEST_STEP][PASSED] - Statement - counter = counter + 1: null

2018-12-13 14:58:37 - [TEST_STEP][PASSED] - Statement - PreSaveFile = new java.io.File(((pathPrefix + java.lang.Integer.toString(counter)) + .png)): null

2018-12-13 14:58:37 - [TEST_STEP][PASSED] - Statement - counter = counter + 1: null

2018-12-13 14:58:37 - [TEST_STEP][PASSED] - Statement - PreSaveFile = new java.io.File(((pathPrefix + java.lang.Integer.toString(counter)) + .png)): null

2018-12-13 14:58:37 - [TEST_STEP][PASSED] - Statement - counter = counter + 1: null

2018-12-13 14:58:37 - [TEST_STEP][PASSED] - Statement - PreSaveFile = new java.io.File(((pathPrefix + java.lang.Integer.toString(counter)) + .png)): null

2018-12-13 14:58:37 - [TEST_STEP][PASSED] - Statement - counter = counter + 1: null

2018-12-13 14:58:37 - [TEST_STEP][PASSED] - Statement - PreSaveFile = new java.io.File(((pathPrefix + java.lang.Integer.toString(counter)) + .png)): null

2018-12-13 14:58:37 - [TEST_STEP][PASSED] - Statement - counter = counter + 1: null

2018-12-13 14:58:37 - [TEST_STEP][PASSED] - Statement - PreSaveFile = new java.io.File(((pathPrefix + java.lang.Integer.toString(counter)) + .png)): null

2018-12-13 14:58:37 - [TEST_STEP][PASSED] - Statement - counter = counter + 1: null

2018-12-13 14:58:37 - [TEST_STEP][PASSED] - Statement - PreSaveFile = new java.io.File(((pathPrefix + java.lang.Integer.toString(counter)) + .png)): null

2018-12-13 14:58:37 - [TEST_STEP][PASSED] - Statement - counter = counter + 1: null

2018-12-13 14:58:37 - [TEST_STEP][PASSED] - Statement - PreSaveFile = new java.io.File(((pathPrefix + java.lang.Integer.toString(counter)) + .png)): null

2018-12-13 14:58:37 - [TEST_STEP][PASSED] - Statement - counter = counter + 1: null

2018-12-13 14:58:37 - [TEST_STEP][PASSED] - Statement - PreSaveFile = new java.io.File(((pathPrefix + java.lang.Integer.toString(counter)) + .png)): null

2018-12-13 14:58:37 - [TEST_STEP][PASSED] - Statement - counter = counter + 1: null

2018-12-13 14:58:37 - [TEST_STEP][PASSED] - Statement - PreSaveFile = new java.io.File(((pathPrefix + java.lang.Integer.toString(counter)) + .png)): null

2018-12-13 14:58:37 - [TEST_STEP][PASSED] - Statement - counter = counter + 1: null

2018-12-13 14:58:37 - [TEST_STEP][PASSED] - Statement - PreSaveFile = new java.io.File(((pathPrefix + java.lang.Integer.toString(counter)) + .png)): null

2018-12-13 14:58:37 - [TEST_STEP][PASSED] - Statement - counter = counter + 1: null

2018-12-13 14:58:37 - [TEST_STEP][PASSED] - Statement - PreSaveFile = new java.io.File(((pathPrefix + java.lang.Integer.toString(counter)) + .png)): null

2018-12-13 14:58:37 - [TEST_STEP][PASSED] - Statement - counter = counter + 1: null

2018-12-13 14:58:37 - [TEST_STEP][PASSED] - Statement - PreSaveFile = new java.io.File(((pathPrefix + java.lang.Integer.toString(counter)) + .png)): null

2018-12-13 14:58:37 - [TEST_STEP][PASSED] - Statement - counter = counter + 1: null

2018-12-13 14:58:37 - [TEST_STEP][PASSED] - Statement - PreSaveFile = new java.io.File(((pathPrefix + java.lang.Integer.toString(counter)) + .png)): null

2018-12-13 14:58:37 - [TEST_STEP][PASSED] - Statement - counter = counter + 1: null

2018-12-13 14:58:37 - [TEST_STEP][PASSED] - Statement - PreSaveFile = new java.io.File(((pathPrefix + java.lang.Integer.toString(counter)) + .png)): null

2018-12-13 14:58:37 - [TEST_STEP][PASSED] - Statement - counter = counter + 1: null

2018-12-13 14:58:37 - [TEST_STEP][PASSED] - Statement - PreSaveFile = new java.io.File(((pathPrefix + java.lang.Integer.toString(counter)) + .png)): null

2018-12-13 14:58:37 - [TEST_STEP][PASSED] - Statement - counter = counter + 1: null

2018-12-13 14:58:37 - [TEST_STEP][PASSED] - Statement - PreSaveFile = new java.io.File(((pathPrefix + java.lang.Integer.toString(counter)) + .png)): null

2018-12-13 14:58:37 - [TEST_STEP][PASSED] - Statement - counter = counter + 1: null

2018-12-13 14:58:37 - [TEST_STEP][PASSED] - Statement - PreSaveFile = new java.io.File(((pathPrefix + java.lang.Integer.toString(counter)) + .png)): null

2018-12-13 14:58:37 - [TEST_STEP][PASSED] - Statement - counter = counter + 1: null

2018-12-13 14:58:37 - [TEST_STEP][PASSED] - Statement - PreSaveFile = new java.io.File(((pathPrefix + java.lang.Integer.toString(counter)) + .png)): null

2018-12-13 14:58:37 - [TEST_STEP][PASSED] - Statement - counter = counter + 1: null

2018-12-13 14:58:37 - [TEST_STEP][PASSED] - Statement - PreSaveFile = new java.io.File(((pathPrefix + java.lang.Integer.toString(counter)) + .png)): null

2018-12-13 14:58:37 - [TEST_STEP][PASSED] - Statement - counter = counter + 1: null

2018-12-13 14:58:37 - [TEST_STEP][PASSED] - Statement - PreSaveFile = new java.io.File(((pathPrefix + java.lang.Integer.toString(counter)) + .png)): null

2018-12-13 14:58:37 - [TEST_STEP][PASSED] - Statement - counter = counter + 1: null

2018-12-13 14:58:37 - [TEST_STEP][PASSED] - Statement - PreSaveFile = new java.io.File(((pathPrefix + java.lang.Integer.toString(counter)) + .png)): null

2018-12-13 14:58:37 - [TEST_STEP][PASSED] - Statement - counter = counter + 1: null

2018-12-13 14:58:37 - [TEST_STEP][PASSED] - Statement - PreSaveFile = new java.io.File(((pathPrefix + java.lang.Integer.toString(counter)) + .png)): null

2018-12-13 14:58:37 - [TEST_STEP][PASSED] - Statement - counter = counter + 1: null

2018-12-13 14:58:37 - [TEST_STEP][PASSED] - Statement - PreSaveFile = new java.io.File(((pathPrefix + java.lang.Integer.toString(counter)) + .png)): null

2018-12-13 14:58:37 - [TEST_STEP][PASSED] - Statement - counter = counter + 1: null

2018-12-13 14:58:37 - [TEST_STEP][PASSED] - Statement - PreSaveFile = new java.io.File(((pathPrefix + java.lang.Integer.toString(counter)) + .png)): null

2018-12-13 14:58:37 - [TEST_STEP][PASSED] - Statement - counter = counter + 1: null

2018-12-13 14:58:37 - [TEST_STEP][PASSED] - Statement - PreSaveFile = new java.io.File(((pathPrefix + java.lang.Integer.toString(counter)) + .png)): null

2018-12-13 14:58:37 - [TEST_STEP][PASSED] - Statement - counter = counter + 1: null

2018-12-13 14:58:37 - [TEST_STEP][PASSED] - Statement - PreSaveFile = new java.io.File(((pathPrefix + java.lang.Integer.toString(counter)) + .png)): null

2018-12-13 14:58:37 - [TEST_STEP][PASSED] - Statement - counter = counter + 1: null

2018-12-13 14:58:37 - [TEST_STEP][PASSED] - Statement - PreSaveFile = new java.io.File(((pathPrefix + java.lang.Integer.toString(counter)) + .png)): null

2018-12-13 14:58:37 - [TEST_STEP][PASSED] - Statement - counter = counter + 1: null

2018-12-13 14:58:37 - [TEST_STEP][PASSED] - Statement - PreSaveFile = new java.io.File(((pathPrefix + java.lang.Integer.toString(counter)) + .png)): null

2018-12-13 14:58:37 - [TEST_STEP][PASSED] - Statement - counter = counter + 1: null

2018-12-13 14:58:37 - [TEST_STEP][PASSED] - Statement - PreSaveFile = new java.io.File(((pathPrefix + java.lang.Integer.toString(counter)) + .png)): null

2018-12-13 14:58:37 - [TEST_STEP][PASSED] - Statement - counter = counter + 1: null

2018-12-13 14:58:37 - [TEST_STEP][PASSED] - Statement - PreSaveFile = new java.io.File(((pathPrefix + java.lang.Integer.toString(counter)) + .png)): null

2018-12-13 14:58:37 - [TEST_STEP][PASSED] - Statement - counter = counter + 1: null

2018-12-13 14:58:37 - [TEST_STEP][PASSED] - Statement - PreSaveFile = new java.io.File(((pathPrefix + java.lang.Integer.toString(counter)) + .png)): null

2018-12-13 14:58:37 - [TEST_STEP][PASSED] - Statement - counter = counter + 1: null

2018-12-13 14:58:37 - [TEST_STEP][PASSED] - Statement - PreSaveFile = new java.io.File(((pathPrefix + java.lang.Integer.toString(counter)) + .png)): null

2018-12-13 14:58:37 - [TEST_STEP][PASSED] - Statement - counter = counter + 1: null

2018-12-13 14:58:37 - [TEST_STEP][PASSED] - Statement - PreSaveFile = new java.io.File(((pathPrefix + java.lang.Integer.toString(counter)) + .png)): null

2018-12-13 14:58:37 - [TEST_STEP][PASSED] - Statement - counter = counter + 1: null

2018-12-13 14:58:37 - [TEST_STEP][PASSED] - Statement - PreSaveFile = new java.io.File(((pathPrefix + java.lang.Integer.toString(counter)) + .png)): null

2018-12-13 14:58:37 - [TEST_STEP][PASSED] - Statement - counter = counter + 1: null

2018-12-13 14:58:37 - [TEST_STEP][PASSED] - Statement - PreSaveFile = new java.io.File(((pathPrefix + java.lang.Integer.toString(counter)) + .png)): null

2018-12-13 14:58:37 - [TEST_STEP][PASSED] - Statement - counter = counter + 1: null

2018-12-13 14:58:37 - [TEST_STEP][PASSED] - Statement - PreSaveFile = new java.io.File(((pathPrefix + java.lang.Integer.toString(counter)) + .png)): null

2018-12-13 14:58:37 - [TEST_STEP][PASSED] - Statement - counter = counter + 1: null

2018-12-13 14:58:37 - [TEST_STEP][PASSED] - Statement - PreSaveFile = new java.io.File(((pathPrefix + java.lang.Integer.toString(counter)) + .png)): null

2018-12-13 14:58:37 - [TEST_STEP][PASSED] - Statement - counter = counter + 1: null

2018-12-13 14:58:37 - [TEST_STEP][PASSED] - Statement - PreSaveFile = new java.io.File(((pathPrefix + java.lang.Integer.toString(counter)) + .png)): null

2018-12-13 14:58:37 - [TEST_STEP][PASSED] - Statement - counter = counter + 1: null

2018-12-13 14:58:37 - [TEST_STEP][PASSED] - Statement - PreSaveFile = new java.io.File(((pathPrefix + java.lang.Integer.toString(counter)) + .png)): null

2018-12-13 14:58:37 - [TEST_STEP][PASSED] - Statement - counter = counter + 1: null

2018-12-13 14:58:37 - [TEST_STEP][PASSED] - Statement - PreSaveFile = new java.io.File(((pathPrefix + java.lang.Integer.toString(counter)) + .png)): null

2018-12-13 14:58:37 - [TEST_STEP][PASSED] - Statement - counter = counter + 1: null

2018-12-13 14:58:37 - [TEST_STEP][PASSED] - Statement - PreSaveFile = new java.io.File(((pathPrefix + java.lang.Integer.toString(counter)) + .png)): null

2018-12-13 14:58:37 - [TEST_STEP][PASSED] - Statement - counter = counter + 1: null

2018-12-13 14:58:37 - [TEST_STEP][PASSED] - Statement - PreSaveFile = new java.io.File(((pathPrefix + java.lang.Integer.toString(counter)) + .png)): null

2018-12-13 14:58:37 - [TEST_STEP][PASSED] - Statement - counter = counter + 1: null

2018-12-13 14:58:37 - [TEST_STEP][PASSED] - Statement - PreSaveFile = new java.io.File(((pathPrefix + java.lang.Integer.toString(counter)) + .png)): null

2018-12-13 14:58:37 - [TEST_STEP][PASSED] - Statement - counter = counter + 1: null

2018-12-13 14:58:37 - [TEST_STEP][PASSED] - Statement - PreSaveFile = new java.io.File(((pathPrefix + java.lang.Integer.toString(counter)) + .png)): null

2018-12-13 14:58:37 - [TEST_STEP][PASSED] - Statement - counter = counter + 1: null

2018-12-13 14:58:37 - [TEST_STEP][PASSED] - Statement - PreSaveFile = new java.io.File(((pathPrefix + java.lang.Integer.toString(counter)) + .png)): null

2018-12-13 14:58:37 - [TEST_STEP][PASSED] - Statement - counter = counter + 1: null

2018-12-13 14:58:37 - [TEST_STEP][PASSED] - Statement - PreSaveFile = new java.io.File(((pathPrefix + java.lang.Integer.toString(counter)) + .png)): null

2018-12-13 14:58:37 - [TEST_STEP][PASSED] - Statement - counter = counter + 1: null

2018-12-13 14:58:37 - [TEST_STEP][PASSED] - Statement - PreSaveFile = new java.io.File(((pathPrefix + java.lang.Integer.toString(counter)) + .png)): null

2018-12-13 14:58:37 - [TEST_STEP][PASSED] - Statement - counter = counter + 1: null

2018-12-13 14:58:37 - [TEST_STEP][PASSED] - Statement - PreSaveFile = new java.io.File(((pathPrefix + java.lang.Integer.toString(counter)) + .png)): null

2018-12-13 14:58:37 - [TEST_STEP][PASSED] - Statement - counter = counter + 1: null

2018-12-13 14:58:37 - [TEST_STEP][PASSED] - Statement - PreSaveFile = new java.io.File(((pathPrefix + java.lang.Integer.toString(counter)) + .png)): null

2018-12-13 14:58:37 - [TEST_STEP][PASSED] - Statement - counter = counter + 1: null

2018-12-13 14:58:37 - [TEST_STEP][PASSED] - Statement - PreSaveFile = new java.io.File(((pathPrefix + java.lang.Integer.toString(counter)) + .png)): null

2018-12-13 14:58:37 - [TEST_STEP][PASSED] - Statement - counter = counter + 1: null

2018-12-13 14:58:37 - [TEST_STEP][PASSED] - Statement - PreSaveFile = new java.io.File(((pathPrefix + java.lang.Integer.toString(counter)) + .png)): null

2018-12-13 14:58:37 - [TEST_STEP][PASSED] - Statement - counter = counter + 1: null

2018-12-13 14:58:37 - [TEST_STEP][PASSED] - Statement - PreSaveFile = new java.io.File(((pathPrefix + java.lang.Integer.toString(counter)) + .png)): null

2018-12-13 14:58:37 - [TEST_STEP][PASSED] - Statement - counter = counter + 1: null

2018-12-13 14:58:37 - [TEST_STEP][PASSED] - Statement - PreSaveFile = new java.io.File(((pathPrefix + java.lang.Integer.toString(counter)) + .png)): null

2018-12-13 14:58:37 - [TEST_STEP][PASSED] - Statement - counter = counter + 1: null

2018-12-13 14:58:37 - [TEST_STEP][PASSED] - Statement - PreSaveFile = new java.io.File(((pathPrefix + java.lang.Integer.toString(counter)) + .png)): null

2018-12-13 14:58:37 - [TEST_STEP][PASSED] - Statement - counter = counter + 1: null

2018-12-13 14:58:37 - [TEST_STEP][PASSED] - Statement - PreSaveFile = new java.io.File(((pathPrefix + java.lang.Integer.toString(counter)) + .png)): null

2018-12-13 14:58:37 - [TEST_STEP][PASSED] - Statement - counter = counter + 1: null

2018-12-13 14:58:37 - [TEST_STEP][PASSED] - Statement - PreSaveFile = new java.io.File(((pathPrefix + java.lang.Integer.toString(counter)) + .png)): null

2018-12-13 14:58:37 - [TEST_STEP][PASSED] - Statement - counter = counter + 1: null

2018-12-13 14:58:37 - [TEST_STEP][PASSED] - Statement - PreSaveFile = new java.io.File(((pathPrefix + java.lang.Integer.toString(counter)) + .png)): null

2018-12-13 14:58:37 - [TEST_STEP][PASSED] - Statement - counter = counter + 1: null

2018-12-13 14:58:37 - [TEST_STEP][PASSED] - Statement - PreSaveFile = new java.io.File(((pathPrefix + java.lang.Integer.toString(counter)) + .png)): null

2018-12-13 14:58:37 - [TEST_STEP][PASSED] - Statement - counter = counter + 1: null

2018-12-13 14:58:37 - [TEST_STEP][PASSED] - Statement - PreSaveFile = new java.io.File(((pathPrefix + java.lang.Integer.toString(counter)) + .png)): null

2018-12-13 14:58:37 - [TEST_STEP][PASSED] - Statement - counter = counter + 1: null

2018-12-13 14:58:37 - [TEST_STEP][PASSED] - Statement - PreSaveFile = new java.io.File(((pathPrefix + java.lang.Integer.toString(counter)) + .png)): null

2018-12-13 14:58:37 - [TEST_STEP][PASSED] - Statement - counter = counter + 1: null

2018-12-13 14:58:37 - [TEST_STEP][PASSED] - Statement - PreSaveFile = new java.io.File(((pathPrefix + java.lang.Integer.toString(counter)) + .png)): null

2018-12-13 14:58:37 - [TEST_STEP][PASSED] - Statement - counter = counter + 1: null

2018-12-13 14:58:37 - [TEST_STEP][PASSED] - Statement - PreSaveFile = new java.io.File(((pathPrefix + java.lang.Integer.toString(counter)) + .png)): null

2018-12-13 14:58:37 - [TEST_STEP][PASSED] - Statement - counter = counter + 1: null

2018-12-13 14:58:37 - [TEST_STEP][PASSED] - Statement - PreSaveFile = new java.io.File(((pathPrefix + java.lang.Integer.toString(counter)) + .png)): null

2018-12-13 14:58:37 - [TEST_STEP][PASSED] - Statement - counter = counter + 1: null

2018-12-13 14:58:37 - [TEST_STEP][PASSED] - Statement - PreSaveFile = new java.io.File(((pathPrefix + java.lang.Integer.toString(counter)) + .png)): null

2018-12-13 14:58:37 - [TEST_STEP][PASSED] - Statement - counter = counter + 1: null

2018-12-13 14:58:37 - [TEST_STEP][PASSED] - Statement - PreSaveFile = new java.io.File(((pathPrefix + java.lang.Integer.toString(counter)) + .png)): null

2018-12-13 14:58:37 - [TEST_STEP][PASSED] - Statement - counter = counter + 1: null

2018-12-13 14:58:37 - [TEST_STEP][PASSED] - Statement - PreSaveFile = new java.io.File(((pathPrefix + java.lang.Integer.toString(counter)) + .png)): null

2018-12-13 14:58:37 - [TEST_STEP][PASSED] - Statement - counter = counter + 1: null

2018-12-13 14:58:37 - [TEST_STEP][PASSED] - Statement - PreSaveFile = new java.io.File(((pathPrefix + java.lang.Integer.toString(counter)) + .png)): null

2018-12-13 14:58:37 - [TEST_STEP][PASSED] - Statement - counter = counter + 1: null

2018-12-13 14:58:37 - [TEST_STEP][PASSED] - Statement - PreSaveFile = new java.io.File(((pathPrefix + java.lang.Integer.toString(counter)) + .png)): null

2018-12-13 14:58:37 - [TEST_STEP][PASSED] - Statement - counter = counter + 1: null

2018-12-13 14:58:37 - [TEST_STEP][PASSED] - Statement - PreSaveFile = new java.io.File(((pathPrefix + java.lang.Integer.toString(counter)) + .png)): null

2018-12-13 14:58:37 - [TEST_STEP][PASSED] - Statement - counter = counter + 1: null

2018-12-13 14:58:37 - [TEST_STEP][PASSED] - Statement - PreSaveFile = new java.io.File(((pathPrefix + java.lang.Integer.toString(counter)) + .png)): null

2018-12-13 14:58:37 - [TEST_STEP][PASSED] - Statement - counter = counter + 1: null

2018-12-13 14:58:37 - [TEST_STEP][PASSED] - Statement - PreSaveFile = new java.io.File(((pathPrefix + java.lang.Integer.toString(counter)) + .png)): null

2018-12-13 14:58:37 - [TEST_STEP][PASSED] - Statement - counter = counter + 1: null

2018-12-13 14:58:37 - [TEST_STEP][PASSED] - Statement - PreSaveFile = new java.io.File(((pathPrefix + java.lang.Integer.toString(counter)) + .png)): null

2018-12-13 14:58:37 - [TEST_STEP][PASSED] - Statement - counter = counter + 1: null

2018-12-13 14:58:38 - [TEST_STEP][PASSED] - Statement - PreSaveFile = new java.io.File(((pathPrefix + java.lang.Integer.toString(counter)) + .png)): null

2018-12-13 14:58:38 - [TEST_STEP][PASSED] - Statement - counter = counter + 1: null

2018-12-13 14:58:38 - [TEST_STEP][PASSED] - Statement - PreSaveFile = new java.io.File(((pathPrefix + java.lang.Integer.toString(counter)) + .png)): null

2018-12-13 14:58:38 - [TEST_STEP][PASSED] - Statement - counter = counter + 1: null

2018-12-13 14:58:38 - [TEST_STEP][PASSED] - Statement - PreSaveFile = new java.io.File(((pathPrefix + java.lang.Integer.toString(counter)) + .png)): null

2018-12-13 14:58:38 - [TEST_STEP][PASSED] - Statement - counter = counter + 1: null

2018-12-13 14:58:38 - [TEST_STEP][PASSED] - Statement - PreSaveFile = new java.io.File(((pathPrefix + java.lang.Integer.toString(counter)) + .png)): null

2018-12-13 14:58:38 - [TEST_STEP][PASSED] - Statement - counter = counter + 1: null

2018-12-13 14:58:38 - [TEST_STEP][PASSED] - Statement - PreSaveFile = new java.io.File(((pathPrefix + java.lang.Integer.toString(counter)) + .png)): null

2018-12-13 14:58:38 - [TEST_STEP][PASSED] - Statement - counter = counter + 1: null

2018-12-13 14:58:38 - [TEST_STEP][PASSED] - Statement - PreSaveFile = new java.io.File(((pathPrefix + java.lang.Integer.toString(counter)) + .png)): null

2018-12-13 14:58:38 - [TEST_STEP][PASSED] - Statement - counter = counter + 1: null

2018-12-13 14:58:38 - [TEST_STEP][PASSED] - Statement - PreSaveFile = new java.io.File(((pathPrefix + java.lang.Integer.toString(counter)) + .png)): null

2018-12-13 14:58:38 - [TEST_STEP][PASSED] - Statement - counter = counter + 1: null

2018-12-13 14:58:38 - [TEST_STEP][PASSED] - Statement - PreSaveFile = new java.io.File(((pathPrefix + java.lang.Integer.toString(counter)) + .png)): null

2018-12-13 14:58:38 - [TEST_STEP][PASSED] - Statement - counter = counter + 1: null

2018-12-13 14:58:38 - [TEST_STEP][PASSED] - Statement - PreSaveFile = new java.io.File(((pathPrefix + java.lang.Integer.toString(counter)) + .png)): null

2018-12-13 14:58:38 - [TEST_STEP][PASSED] - Statement - counter = counter + 1: null

2018-12-13 14:58:38 - [TEST_STEP][PASSED] - Statement - PreSaveFile = new java.io.File(((pathPrefix + java.lang.Integer.toString(counter)) + .png)): null

2018-12-13 14:58:38 - [TEST_STEP][PASSED] - Statement - counter = counter + 1: null

2018-12-13 14:58:38 - [TEST_STEP][PASSED] - Statement - PreSaveFile = new java.io.File(((pathPrefix + java.lang.Integer.toString(counter)) + .png)): null

2018-12-13 14:58:38 - [TEST_STEP][PASSED] - Statement - counter = counter + 1: null

2018-12-13 14:58:38 - [TEST_STEP][PASSED] - Statement - PreSaveFile = new java.io.File(((pathPrefix + java.lang.Integer.toString(counter)) + .png)): null

2018-12-13 14:58:38 - [TEST_STEP][PASSED] - Statement - counter = counter + 1: null

2018-12-13 14:58:38 - [TEST_STEP][PASSED] - Statement - PreSaveFile = new java.io.File(((pathPrefix + java.lang.Integer.toString(counter)) + .png)): null

2018-12-13 14:58:38 - [TEST_STEP][PASSED] - Statement - counter = counter + 1: null

2018-12-13 14:58:38 - [TEST_STEP][PASSED] - Statement - PreSaveFile = new java.io.File(((pathPrefix + java.lang.Integer.toString(counter)) + .png)): null

2018-12-13 14:58:38 - [TEST_STEP][PASSED] - Statement - counter = counter + 1: null

2018-12-13 14:58:38 - [TEST_STEP][PASSED] - Statement - PreSaveFile = new java.io.File(((pathPrefix + java.lang.Integer.toString(counter)) + .png)): null

2018-12-13 14:58:38 - [TEST_STEP][PASSED] - Statement - counter = counter + 1: null

2018-12-13 14:58:38 - [TEST_STEP][PASSED] - Statement - PreSaveFile = new java.io.File(((pathPrefix + java.lang.Integer.toString(counter)) + .png)): null

2018-12-13 14:58:38 - [TEST_STEP][PASSED] - Statement - counter = counter + 1: null

2018-12-13 14:58:38 - [TEST_STEP][PASSED] - Statement - PreSaveFile = new java.io.File(((pathPrefix + java.lang.Integer.toString(counter)) + .png)): null

2018-12-13 14:58:38 - [TEST_STEP][PASSED] - Statement - counter = counter + 1: null

2018-12-13 14:58:38 - [TEST_STEP][PASSED] - Statement - PreSaveFile = new java.io.File(((pathPrefix + java.lang.Integer.toString(counter)) + .png)): null

2018-12-13 14:58:38 - [TEST_STEP][PASSED] - Statement - counter = counter + 1: null

2018-12-13 14:58:38 - [TEST_STEP][PASSED] - Statement - PreSaveFile = new java.io.File(((pathPrefix + java.lang.Integer.toString(counter)) + .png)): null

2018-12-13 14:58:38 - [TEST_STEP][PASSED] - Statement - counter = counter + 1: null

2018-12-13 14:58:38 - [TEST_STEP][PASSED] - Statement - PreSaveFile = new java.io.File(((pathPrefix + java.lang.Integer.toString(counter)) + .png)): null

2018-12-13 14:58:38 - [TEST_STEP][PASSED] - Statement - counter = counter + 1: null

2018-12-13 14:58:38 - [TEST_STEP][PASSED] - Statement - PreSaveFile = new java.io.File(((pathPrefix + java.lang.Integer.toString(counter)) + .png)): null

2018-12-13 14:58:38 - [TEST_STEP][PASSED] - Statement - counter = counter + 1: null

2018-12-13 14:58:38 - [TEST_STEP][PASSED] - Statement - PreSaveFile = new java.io.File(((pathPrefix + java.lang.Integer.toString(counter)) + .png)): null

2018-12-13 14:58:38 - [TEST_STEP][PASSED] - Statement - counter = counter + 1: null

2018-12-13 14:58:38 - [TEST_STEP][PASSED] - Statement - PreSaveFile = new java.io.File(((pathPrefix + java.lang.Integer.toString(counter)) + .png)): null

2018-12-13 14:58:38 - [TEST_STEP][PASSED] - Statement - counter = counter + 1: null

2018-12-13 14:58:38 - [TEST_STEP][PASSED] - Statement - PreSaveFile = new java.io.File(((pathPrefix + java.lang.Integer.toString(counter)) + .png)): null

2018-12-13 14:58:38 - [TEST_STEP][PASSED] - Statement - counter = counter + 1: null

2018-12-13 14:58:38 - [TEST_STEP][PASSED] - Statement - PreSaveFile = new java.io.File(((pathPrefix + java.lang.Integer.toString(counter)) + .png)): null

2018-12-13 14:58:38 - [TEST_STEP][PASSED] - Statement - counter = counter + 1: null

2018-12-13 14:58:38 - [TEST_STEP][PASSED] - Statement - PreSaveFile = new java.io.File(((pathPrefix + java.lang.Integer.toString(counter)) + .png)): null

2018-12-13 14:58:38 - [TEST_STEP][PASSED] - Statement - counter = counter + 1: null

2018-12-13 14:58:38 - [TEST_STEP][PASSED] - Statement - PreSaveFile = new java.io.File(((pathPrefix + java.lang.Integer.toString(counter)) + .png)): null

2018-12-13 14:58:38 - [TEST_STEP][PASSED] - Statement - counter = counter + 1: null

2018-12-13 14:58:38 - [TEST_STEP][PASSED] - Statement - PreSaveFile = new java.io.File(((pathPrefix + java.lang.Integer.toString(counter)) + .png)): null

2018-12-13 14:58:38 - [TEST_STEP][PASSED] - Statement - counter = counter + 1: null

2018-12-13 14:58:38 - [TEST_STEP][PASSED] - Statement - PreSaveFile = new java.io.File(((pathPrefix + java.lang.Integer.toString(counter)) + .png)): null

2018-12-13 14:58:38 - [TEST_STEP][PASSED] - Statement - counter = counter + 1: null

2018-12-13 14:58:38 - [TEST_STEP][PASSED] - Statement - PreSaveFile = new java.io.File(((pathPrefix + java.lang.Integer.toString(counter)) + .png)): null

2018-12-13 14:58:38 - [TEST_STEP][PASSED] - Statement - counter = counter + 1: null

2018-12-13 14:58:38 - [TEST_STEP][PASSED] - Statement - PreSaveFile = new java.io.File(((pathPrefix + java.lang.Integer.toString(counter)) + .png)): null

2018-12-13 14:58:38 - [TEST_STEP][PASSED] - Statement - counter = counter + 1: null

2018-12-13 14:58:38 - [TEST_STEP][PASSED] - Statement - PreSaveFile = new java.io.File(((pathPrefix + java.lang.Integer.toString(counter)) + .png)): null

2018-12-13 14:58:38 - [TEST_STEP][PASSED] - Statement - counter = counter + 1: null

2018-12-13 14:58:38 - [TEST_STEP][PASSED] - Statement - PreSaveFile = new java.io.File(((pathPrefix + java.lang.Integer.toString(counter)) + .png)): null

2018-12-13 14:58:38 - [TEST_STEP][PASSED] - Statement - counter = counter + 1: null

2018-12-13 14:58:38 - [TEST_STEP][PASSED] - Statement - PreSaveFile = new java.io.File(((pathPrefix + java.lang.Integer.toString(counter)) + .png)): null

2018-12-13 14:58:38 - [TEST_STEP][PASSED] - Statement - counter = counter + 1: null

2018-12-13 14:58:38 - [TEST_STEP][PASSED] - Statement - PreSaveFile = new java.io.File(((pathPrefix + java.lang.Integer.toString(counter)) + .png)): null

2018-12-13 14:58:38 - [TEST_STEP][PASSED] - Statement - counter = counter + 1: null

2018-12-13 14:58:38 - [TEST_STEP][PASSED] - Statement - PreSaveFile = new java.io.File(((pathPrefix + java.lang.Integer.toString(counter)) + .png)): null

2018-12-13 14:58:38 - [TEST_STEP][PASSED] - Statement - counter = counter + 1: null

2018-12-13 14:58:38 - [TEST_STEP][PASSED] - Statement - PreSaveFile = new java.io.File(((pathPrefix + java.lang.Integer.toString(counter)) + .png)): null

2018-12-13 14:58:38 - [TEST_STEP][PASSED] - Statement - counter = counter + 1: null

2018-12-13 14:58:38 - [TEST_STEP][PASSED] - Statement - PreSaveFile = new java.io.File(((pathPrefix + java.lang.Integer.toString(counter)) + .png)): null

2018-12-13 14:58:38 - [TEST_STEP][PASSED] - Statement - counter = counter + 1: null

2018-12-13 14:58:38 - [TEST_STEP][PASSED] - Statement - PreSaveFile = new java.io.File(((pathPrefix + java.lang.Integer.toString(counter)) + .png)): null

2018-12-13 14:58:38 - [TEST_STEP][PASSED] - Statement - counter = counter + 1: null

2018-12-13 14:58:38 - [TEST_STEP][PASSED] - Statement - PreSaveFile = new java.io.File(((pathPrefix + java.lang.Integer.toString(counter)) + .png)): null

2018-12-13 14:58:38 - [TEST_STEP][PASSED] - Statement - counter = counter + 1: null

2018-12-13 14:58:38 - [TEST_STEP][PASSED] - Statement - PreSaveFile = new java.io.File(((pathPrefix + java.lang.Integer.toString(counter)) + .png)): null

2018-12-13 14:58:38 - [TEST_STEP][PASSED] - Statement - counter = counter + 1: null

2018-12-13 14:58:38 - [TEST_STEP][PASSED] - Statement - PreSaveFile = new java.io.File(((pathPrefix + java.lang.Integer.toString(counter)) + .png)): null

2018-12-13 14:58:38 - [TEST_STEP][PASSED] - Statement - counter = counter + 1: null

2018-12-13 14:58:38 - [TEST_STEP][PASSED] - Statement - PreSaveFile = new java.io.File(((pathPrefix + java.lang.Integer.toString(counter)) + .png)): null

2018-12-13 14:58:38 - [TEST_STEP][PASSED] - Statement - counter = counter + 1: null

2018-12-13 14:58:38 - [TEST_STEP][PASSED] - Statement - PreSaveFile = new java.io.File(((pathPrefix + java.lang.Integer.toString(counter)) + .png)): null

2018-12-13 14:58:38 - [TEST_STEP][PASSED] - Statement - counter = counter + 1: null

2018-12-13 14:58:38 - [TEST_STEP][PASSED] - Statement - PreSaveFile = new java.io.File(((pathPrefix + java.lang.Integer.toString(counter)) + .png)): null

2018-12-13 14:58:38 - [TEST_STEP][PASSED] - Statement - counter = counter + 1: null

2018-12-13 14:58:38 - [TEST_STEP][PASSED] - Statement - PreSaveFile = new java.io.File(((pathPrefix + java.lang.Integer.toString(counter)) + .png)): null

2018-12-13 14:58:38 - [TEST_STEP][PASSED] - Statement - counter = counter + 1: null

2018-12-13 14:58:38 - [TEST_STEP][PASSED] - Statement - PreSaveFile = new java.io.File(((pathPrefix + java.lang.Integer.toString(counter)) + .png)): null

2018-12-13 14:58:38 - [TEST_STEP][PASSED] - Statement - counter = counter + 1: null

2018-12-13 14:58:38 - [TEST_STEP][PASSED] - Statement - PreSaveFile = new java.io.File(((pathPrefix + java.lang.Integer.toString(counter)) + .png)): null

2018-12-13 14:58:38 - [TEST_STEP][PASSED] - Statement - counter = counter + 1: null

2018-12-13 14:58:38 - [TEST_STEP][PASSED] - Statement - PreSaveFile = new java.io.File(((pathPrefix + java.lang.Integer.toString(counter)) + .png)): null

2018-12-13 14:58:38 - [TEST_STEP][PASSED] - Statement - counter = counter + 1: null

2018-12-13 14:58:38 - [TEST_STEP][PASSED] - Statement - PreSaveFile = new java.io.File(((pathPrefix + java.lang.Integer.toString(counter)) + .png)): null

2018-12-13 14:58:38 - [TEST_STEP][PASSED] - Statement - counter = counter + 1: null

2018-12-13 14:58:38 - [TEST_STEP][PASSED] - Statement - PreSaveFile = new java.io.File(((pathPrefix + java.lang.Integer.toString(counter)) + .png)): null

2018-12-13 14:58:38 - [TEST_STEP][PASSED] - Statement - counter = counter + 1: null

2018-12-13 14:58:38 - [TEST_STEP][PASSED] - Statement - PreSaveFile = new java.io.File(((pathPrefix + java.lang.Integer.toString(counter)) + .png)): null

2018-12-13 14:58:38 - [TEST_STEP][PASSED] - Statement - counter = counter + 1: null

2018-12-13 14:58:38 - [TEST_STEP][PASSED] - Statement - PreSaveFile = new java.io.File(((pathPrefix + java.lang.Integer.toString(counter)) + .png)): null

2018-12-13 14:58:38 - [TEST_STEP][PASSED] - Statement - counter = counter + 1: null

2018-12-13 14:58:38 - [TEST_STEP][PASSED] - Statement - PreSaveFile = new java.io.File(((pathPrefix + java.lang.Integer.toString(counter)) + .png)): null

2018-12-13 14:58:38 - [TEST_STEP][PASSED] - Statement - counter = counter + 1: null

2018-12-13 14:58:38 - [TEST_STEP][PASSED] - Statement - PreSaveFile = new java.io.File(((pathPrefix + java.lang.Integer.toString(counter)) + .png)): null

2018-12-13 14:58:38 - [TEST_STEP][PASSED] - Statement - counter = counter + 1: null

2018-12-13 14:58:38 - [TEST_STEP][PASSED] - Statement - PreSaveFile = new java.io.File(((pathPrefix + java.lang.Integer.toString(counter)) + .png)): null

2018-12-13 14:58:38 - [TEST_STEP][PASSED] - Statement - counter = counter + 1: null

2018-12-13 14:58:38 - [TEST_STEP][PASSED] - Statement - PreSaveFile = new java.io.File(((pathPrefix + java.lang.Integer.toString(counter)) + .png)): null

2018-12-13 14:58:38 - [TEST_STEP][PASSED] - Statement - counter = counter + 1: null

2018-12-13 14:58:38 - [TEST_STEP][PASSED] - Statement - PreSaveFile = new java.io.File(((pathPrefix + java.lang.Integer.toString(counter)) + .png)): null

2018-12-13 14:58:38 - [TEST_STEP][PASSED] - Statement - counter = counter + 1: null

2018-12-13 14:58:38 - [TEST_STEP][PASSED] - Statement - PreSaveFile = new java.io.File(((pathPrefix + java.lang.Integer.toString(counter)) + .png)): null

2018-12-13 14:58:38 - [TEST_STEP][PASSED] - Statement - counter = counter + 1: null

2018-12-13 14:58:38 - [TEST_STEP][PASSED] - Statement - PreSaveFile = new java.io.File(((pathPrefix + java.lang.Integer.toString(counter)) + .png)): null

2018-12-13 14:58:38 - [TEST_STEP][PASSED] - Statement - counter = counter + 1: null

2018-12-13 14:58:38 - [TEST_STEP][PASSED] - Statement - PreSaveFile = new java.io.File(((pathPrefix + java.lang.Integer.toString(counter)) + .png)): null

2018-12-13 14:58:38 - [TEST_STEP][PASSED] - Statement - counter = counter + 1: null

2018-12-13 14:58:38 - [TEST_STEP][PASSED] - Statement - PreSaveFile = new java.io.File(((pathPrefix + java.lang.Integer.toString(counter)) + .png)): null

2018-12-13 14:58:38 - [TEST_STEP][PASSED] - Statement - counter = counter + 1: null

2018-12-13 14:58:38 - [TEST_STEP][PASSED] - Statement - PreSaveFile = new java.io.File(((pathPrefix + java.lang.Integer.toString(counter)) + .png)): null

2018-12-13 14:58:38 - [TEST_STEP][PASSED] - Statement - counter = counter + 1: null

2018-12-13 14:58:38 - [TEST_STEP][PASSED] - Statement - PreSaveFile = new java.io.File(((pathPrefix + java.lang.Integer.toString(counter)) + .png)): null

2018-12-13 14:58:38 - [TEST_STEP][PASSED] - Statement - counter = counter + 1: null

2018-12-13 14:58:38 - [TEST_STEP][PASSED] - Statement - PreSaveFile = new java.io.File(((pathPrefix + java.lang.Integer.toString(counter)) + .png)): null

2018-12-13 14:58:38 - [TEST_STEP][PASSED] - Statement - counter = counter + 1: null

2018-12-13 14:58:38 - [TEST_STEP][PASSED] - Statement - PreSaveFile = new java.io.File(((pathPrefix + java.lang.Integer.toString(counter)) + .png)): null

2018-12-13 14:58:38 - [TEST_STEP][PASSED] - Statement - counter = counter + 1: null

2018-12-13 14:58:38 - [TEST_STEP][PASSED] - Statement - PreSaveFile = new java.io.File(((pathPrefix + java.lang.Integer.toString(counter)) + .png)): null

2018-12-13 14:58:38 - [TEST_STEP][PASSED] - Statement - counter = counter + 1: null

2018-12-13 14:58:38 - [TEST_STEP][PASSED] - Statement - PreSaveFile = new java.io.File(((pathPrefix + java.lang.Integer.toString(counter)) + .png)): null

2018-12-13 14:58:38 - [TEST_STEP][PASSED] - Statement - counter = counter + 1: null

2018-12-13 14:58:38 - [TEST_STEP][PASSED] - Statement - PreSaveFile = new java.io.File(((pathPrefix + java.lang.Integer.toString(counter)) + .png)): null

2018-12-13 14:58:38 - [TEST_STEP][PASSED] - Statement - counter = counter + 1: null

2018-12-13 14:58:38 - [TEST_STEP][PASSED] - Statement - PreSaveFile = new java.io.File(((pathPrefix + java.lang.Integer.toString(counter)) + .png)): null

2018-12-13 14:58:38 - [TEST_STEP][PASSED] - Statement - counter = counter + 1: null

2018-12-13 14:58:38 - [TEST_STEP][PASSED] - Statement - PreSaveFile = new java.io.File(((pathPrefix + java.lang.Integer.toString(counter)) + .png)): null

2018-12-13 14:58:38 - [TEST_STEP][PASSED] - Statement - counter = counter + 1: null

2018-12-13 14:58:38 - [TEST_STEP][PASSED] - Statement - PreSaveFile = new java.io.File(((pathPrefix + java.lang.Integer.toString(counter)) + .png)): null

2018-12-13 14:58:38 - [TEST_STEP][PASSED] - Statement - counter = counter + 1: null

2018-12-13 14:58:38 - [TEST_STEP][PASSED] - Statement - PreSaveFile = new java.io.File(((pathPrefix + java.lang.Integer.toString(counter)) + .png)): null

2018-12-13 14:58:38 - [TEST_STEP][PASSED] - Statement - counter = counter + 1: null

2018-12-13 14:58:38 - [TEST_STEP][PASSED] - Statement - PreSaveFile = new java.io.File(((pathPrefix + java.lang.Integer.toString(counter)) + .png)): null

2018-12-13 14:58:38 - [TEST_STEP][PASSED] - Statement - counter = counter + 1: null

2018-12-13 14:58:38 - [TEST_STEP][PASSED] - Statement - PreSaveFile = new java.io.File(((pathPrefix + java.lang.Integer.toString(counter)) + .png)): null

2018-12-13 14:58:38 - [TEST_STEP][PASSED] - Statement - counter = counter + 1: null

2018-12-13 14:58:38 - [TEST_STEP][PASSED] - Statement - PreSaveFile = new java.io.File(((pathPrefix + java.lang.Integer.toString(counter)) + .png)): null

2018-12-13 14:58:38 - [TEST_STEP][PASSED] - Statement - counter = counter + 1: null

2018-12-13 14:58:38 - [TEST_STEP][PASSED] - Statement - PreSaveFile = new java.io.File(((pathPrefix + java.lang.Integer.toString(counter)) + .png)): null

2018-12-13 14:58:38 - [TEST_STEP][PASSED] - Statement - counter = counter + 1: null

2018-12-13 14:58:38 - [TEST_STEP][PASSED] - Statement - PreSaveFile = new java.io.File(((pathPrefix + java.lang.Integer.toString(counter)) + .png)): null

2018-12-13 14:58:38 - [TEST_STEP][PASSED] - Statement - counter = counter + 1: null

2018-12-13 14:58:38 - [TEST_STEP][PASSED] - Statement - PreSaveFile = new java.io.File(((pathPrefix + java.lang.Integer.toString(counter)) + .png)): null

2018-12-13 14:58:38 - [TEST_STEP][PASSED] - Statement - counter = counter + 1: null

2018-12-13 14:58:38 - [TEST_STEP][PASSED] - Statement - PreSaveFile = new java.io.File(((pathPrefix + java.lang.Integer.toString(counter)) + .png)): null

2018-12-13 14:58:38 - [TEST_STEP][PASSED] - Statement - counter = counter + 1: null

2018-12-13 14:58:38 - [TEST_STEP][PASSED] - Statement - PreSaveFile = new java.io.File(((pathPrefix + java.lang.Integer.toString(counter)) + .png)): null

2018-12-13 14:58:38 - [TEST_STEP][PASSED] - Statement - counter = counter + 1: null

2018-12-13 14:58:38 - [TEST_STEP][PASSED] - Statement - PreSaveFile = new java.io.File(((pathPrefix + java.lang.Integer.toString(counter)) + .png)): null

2018-12-13 14:58:38 - [TEST_STEP][PASSED] - Statement - counter = counter + 1: null

2018-12-13 14:58:38 - [TEST_STEP][PASSED] - Statement - PreSaveFile = new java.io.File(((pathPrefix + java.lang.Integer.toString(counter)) + .png)): null

2018-12-13 14:58:38 - [TEST_STEP][PASSED] - Statement - counter = counter + 1: null

2018-12-13 14:58:38 - [TEST_STEP][PASSED] - Statement - PreSaveFile = new java.io.File(((pathPrefix + java.lang.Integer.toString(counter)) + .png)): null

2018-12-13 14:58:38 - [TEST_STEP][PASSED] - Statement - counter = counter + 1: null

2018-12-13 14:58:38 - [TEST_STEP][PASSED] - Statement - PreSaveFile = new java.io.File(((pathPrefix + java.lang.Integer.toString(counter)) + .png)): null

2018-12-13 14:58:38 - [TEST_STEP][PASSED] - Statement - counter = counter + 1: null

2018-12-13 14:58:38 - [TEST_STEP][PASSED] - Statement - PreSaveFile = new java.io.File(((pathPrefix + java.lang.Integer.toString(counter)) + .png)): null

2018-12-13 14:58:38 - [TEST_STEP][PASSED] - Statement - counter = counter + 1: null

2018-12-13 14:58:38 - [TEST_STEP][PASSED] - Statement - PreSaveFile = new java.io.File(((pathPrefix + java.lang.Integer.toString(counter)) + .png)): null

2018-12-13 14:58:38 - [TEST_STEP][PASSED] - Statement - counter = counter + 1: null

2018-12-13 14:58:38 - [TEST_STEP][PASSED] - Statement - PreSaveFile = new java.io.File(((pathPrefix + java.lang.Integer.toString(counter)) + .png)): null

2018-12-13 14:58:38 - [TEST_STEP][PASSED] - Statement - counter = counter + 1: null

2018-12-13 14:58:38 - [TEST_STEP][PASSED] - Statement - PreSaveFile = new java.io.File(((pathPrefix + java.lang.Integer.toString(counter)) + .png)): null

2018-12-13 14:58:38 - [TEST_STEP][PASSED] - Statement - counter = counter + 1: null

2018-12-13 14:58:38 - [TEST_STEP][PASSED] - Statement - PreSaveFile = new java.io.File(((pathPrefix + java.lang.Integer.toString(counter)) + .png)): null

2018-12-13 14:58:38 - [TEST_STEP][PASSED] - Statement - counter = counter + 1: null

2018-12-13 14:58:38 - [TEST_STEP][PASSED] - Statement - PreSaveFile = new java.io.File(((pathPrefix + java.lang.Integer.toString(counter)) + .png)): null

2018-12-13 14:58:38 - [TEST_STEP][PASSED] - Statement - counter = counter + 1: null

2018-12-13 14:58:38 - [TEST_STEP][PASSED] - Statement - PreSaveFile = new java.io.File(((pathPrefix + java.lang.Integer.toString(counter)) + .png)): null

2018-12-13 14:58:38 - [TEST_STEP][PASSED] - Statement - counter = counter + 1: null

2018-12-13 14:58:38 - [TEST_STEP][PASSED] - Statement - PreSaveFile = new java.io.File(((pathPrefix + java.lang.Integer.toString(counter)) + .png)): null

2018-12-13 14:58:38 - [TEST_STEP][PASSED] - Statement - counter = counter + 1: null

2018-12-13 14:58:38 - [TEST_STEP][PASSED] - Statement - PreSaveFile = new java.io.File(((pathPrefix + java.lang.Integer.toString(counter)) + .png)): null

2018-12-13 14:58:38 - [TEST_STEP][PASSED] - Statement - counter = counter + 1: null

2018-12-13 14:58:38 - [TEST_STEP][PASSED] - Statement - PreSaveFile = new java.io.File(((pathPrefix + java.lang.Integer.toString(counter)) + .png)): null

2018-12-13 14:58:38 - [TEST_STEP][PASSED] - Statement - finalPath = pathPrefix + java.lang.Integer.toString(counter) + ".png": null

2018-12-13 14:58:38 - [TEST_STEP][PASSED] - Statement - SaveFile = new java.io.File(finalPath): null

2018-12-13 14:58:38 - [TEST_STEP][PASSED] - Statement - Try: null

2018-12-13 14:58:38 - [TEST_STEP][PASSED] - Statement - org.apache.commons.io.FileUtils.copyFile(scrFile, SaveFile): null

2018-12-13 14:58:38 - [TEST_STEP][PASSED] - Statement - out.println("file kept"): null

2018-12-13 14:58:38 - [TEST_STEP][PASSED] - delay: Delayed 10 second(s)

2018-12-13 14:58:48 - [MESSAGE][PASSED] - Delayed 10 second(s)

2018-12-13 14:58:48 - [MESSAGE][PASSED] - Call Test Case 'Test Cases/Final Aug 2018 - PKS Automation/Registration Module/New Registration/Submit and Screenshot/Submit Registration and Screenshot' successfully

2018-12-13 14:58:48 - [TEST_STEP][PASSED] - callTestCase: Call Test Case 'Test Cases/Final Aug 2018 - PKS Automation/Registration Module/Log Out/log out avoiding katalon tagging' successfully

2018-12-13 14:58:48 - [TEST_CASE][PASSED] - Test Cases/Final Aug 2018 - PKS Automation/Registration Module/Log Out/log out avoiding katalon tagging: Test Cases/Final Aug 2018 - PKS Automation/Registration Module/Log Out/log out avoiding katalon tagging

2018-12-13 14:58:48 - [TEST_STEP][PASSED] - navigateToUrl: Navigate to 'https://assist2-uat.perkeso.gov.my/c/portal/logout' successfully

2018-12-13 14:58:49 - [MESSAGE][PASSED] - Navigate to 'https://assist2-uat.perkeso.gov.my/c/portal/logout' successfully

2018-12-13 14:58:49 - [MESSAGE][PASSED] - Call Test Case 'Test Cases/Final Aug 2018 - PKS Automation/Registration Module/Log Out/log out avoiding katalon tagging' successfully]]></system-out>
         <system-err><![CDATA[]]></system-err>
      </testcase>
      <system-out><![CDATA[2018-12-13 12:42:59 - [TEST_SUITE][FAILED] - New Registration: Test Cases/Final Aug 2018 - PKS Automation/Registration Module/Workflow/New Registration/Case OTC to RO - Query - Submit FAILED because (of) (Stack trace: com.kms.katalon.core.exception.StepFailedException: Unable to set text 'CRN12201800123272' of object 'Object Repository/Final Object Repo/New Registration - Registration Module Pages/New Reg - OTC to RO/Special Case - All Related Objects/TextBox RefNo in Workbasket' (Root cause: org.openqa.selenium.ElementNotVisibleException: element not interactable
  (Session info: chrome=70.0.3538.110)
  (Driver info: chromedriver=2.43.600210 (68dcf5eebde37173d4027fa8635e332711d2874a),platform=Windows NT 6.1.7601 SP1 x86_64) (WARNING: The server did not provide any stacktrace information)
Command duration or timeout: 0 milliseconds
Build info: version: '3.7.1', revision: '8a0099a', time: '2017-11-06T21:07:36.161Z'
System info: host: 'WIN7TEST02', ip: '10.20.3.72', os.name: 'Windows 7', os.arch: 'amd64', os.version: '6.1', java.version: '1.8.0_181'
Driver info: com.kms.katalon.selenium.driver.CChromeDriver
Capabilities {acceptInsecureCerts: false, acceptSslCerts: false, applicationCacheEnabled: false, browserConnectionEnabled: false, browserName: chrome, chrome: {chromedriverVersion: 2.43.600210 (68dcf5eebde371..., userDataDir: C:\Users\Admin\AppData\Loca...}, cssSelectorsEnabled: true, databaseEnabled: false, goog:chromeOptions: {debuggerAddress: localhost:52424}, handlesAlerts: true, hasTouchScreen: false, javascriptEnabled: true, locationContextEnabled: true, mobileEmulationEnabled: false, nativeEvents: true, networkConnectionEnabled: false, pageLoadStrategy: normal, platform: XP, platformName: XP, rotatable: false, setWindowRect: true, takesHeapSnapshot: true, takesScreenshot: true, unexpectedAlertBehaviour: , unhandledPromptBehavior: , version: 70.0.3538.110, webStorageEnabled: true}
Session ID: d5b7e3854c0bc4b21009aef668cb2dc6)
	at com.kms.katalon.core.keyword.internal.KeywordMain.stepFailed(KeywordMain.groovy:32)
	at com.kms.katalon.core.webui.keyword.internal.WebUIKeywordMain.stepFailed(WebUIKeywordMain.groovy:65)
	at com.kms.katalon.core.webui.keyword.internal.WebUIKeywordMain.runKeyword(WebUIKeywordMain.groovy:27)
	at com.kms.katalon.core.webui.keyword.builtin.SetTextKeyword.setText(SetTextKeyword.groovy:65)
	at com.kms.katalon.core.webui.keyword.builtin.SetTextKeyword.execute(SetTextKeyword.groovy:37)
	at com.kms.katalon.core.keyword.internal.KeywordExecutor.executeKeywordForPlatform(KeywordExecutor.groovy:53)
	at com.kms.katalon.core.webui.keyword.WebUiBuiltInKeywords.setText(WebUiBuiltInKeywords.groovy:950)
	at com.kms.katalon.core.webui.keyword.WebUiBuiltInKeywords$setText$1.call(Unknown Source)
	at org.codehaus.groovy.runtime.callsite.CallSiteArray.defaultCall(CallSiteArray.java:48)
	at org.codehaus.groovy.runtime.callsite.AbstractCallSite.call(AbstractCallSite.java:113)
	at org.codehaus.groovy.runtime.callsite.AbstractCallSite.call(AbstractCallSite.java:133)
	at Script1535599386194.run(Script1535599386194.groovy:73)
	at com.kms.katalon.core.main.ScriptEngine.run(ScriptEngine.java:183)
	at com.kms.katalon.core.main.ScriptEngine.runScriptAsRawText(ScriptEngine.java:108)
	at com.kms.katalon.core.main.TestCaseExecutor.runScript(TestCaseExecutor.java:294)
	at com.kms.katalon.core.main.TestCaseExecutor.doExecute(TestCaseExecutor.java:285)
	at com.kms.katalon.core.main.TestCaseExecutor.processExecutionPhase(TestCaseExecutor.java:264)
	at com.kms.katalon.core.main.TestCaseExecutor.accessMainPhase(TestCaseExecutor.java:256)
	at com.kms.katalon.core.main.TestCaseExecutor.execute(TestCaseExecutor.java:200)
	at com.kms.katalon.core.main.TestSuiteExecutor.accessTestCaseMainPhase(TestSuiteExecutor.java:129)
	at com.kms.katalon.core.main.TestSuiteExecutor.accessTestSuiteMainPhase(TestSuiteExecutor.java:112)
	at com.kms.katalon.core.main.TestSuiteExecutor.execute(TestSuiteExecutor.java:81)
	at com.kms.katalon.core.main.TestCaseMain.startTestSuite(TestCaseMain.java:142)
	at com.kms.katalon.core.main.TestCaseMain$startTestSuite$0.call(Unknown Source)
	at org.codehaus.groovy.runtime.callsite.CallSiteArray.defaultCall(CallSiteArray.java:48)
	at org.codehaus.groovy.runtime.callsite.AbstractCallSite.call(AbstractCallSite.java:113)
	at org.codehaus.groovy.runtime.callsite.AbstractCallSite.call(AbstractCallSite.java:141)
	at TempTestSuite1544668253915.run(TempTestSuite1544668253915.groovy:36)
	at groovy.lang.GroovyShell.runScriptOrMainOrTestOrRunnable(GroovyShell.java:263)
	at groovy.lang.GroovyShell.run(GroovyShell.java:518)
	at groovy.lang.GroovyShell.run(GroovyShell.java:507)
	at groovy.ui.GroovyMain.processOnce(GroovyMain.java:653)
	at groovy.ui.GroovyMain.run(GroovyMain.java:384)
	at groovy.ui.GroovyMain.process(GroovyMain.java:370)
	at groovy.ui.GroovyMain.processArgs(GroovyMain.java:129)
	at groovy.ui.GroovyMain.main(GroovyMain.java:109)
	at sun.reflect.NativeMethodAccessorImpl.invoke0(Native Method)
	at sun.reflect.NativeMethodAccessorImpl.invoke(NativeMethodAccessorImpl.java:62)
	at sun.reflect.DelegatingMethodAccessorImpl.invoke(DelegatingMethodAccessorImpl.java:43)
	at java.lang.reflect.Method.invoke(Method.java:498)
	at org.codehaus.groovy.tools.GroovyStarter.rootLoader(GroovyStarter.java:109)
	at org.codehaus.groovy.tools.GroovyStarter.main(GroovyStarter.java:131)
)]]></system-out>
      <system-err><![CDATA[2018-12-13 12:42:59 - [TEST_SUITE][FAILED] - New Registration: Test Cases/Final Aug 2018 - PKS Automation/Registration Module/Workflow/New Registration/Case OTC to RO - Query - Submit FAILED because (of) (Stack trace: com.kms.katalon.core.exception.StepFailedException: Unable to set text 'CRN12201800123272' of object 'Object Repository/Final Object Repo/New Registration - Registration Module Pages/New Reg - OTC to RO/Special Case - All Related Objects/TextBox RefNo in Workbasket' (Root cause: org.openqa.selenium.ElementNotVisibleException: element not interactable
  (Session info: chrome=70.0.3538.110)
  (Driver info: chromedriver=2.43.600210 (68dcf5eebde37173d4027fa8635e332711d2874a),platform=Windows NT 6.1.7601 SP1 x86_64) (WARNING: The server did not provide any stacktrace information)
Command duration or timeout: 0 milliseconds
Build info: version: '3.7.1', revision: '8a0099a', time: '2017-11-06T21:07:36.161Z'
System info: host: 'WIN7TEST02', ip: '10.20.3.72', os.name: 'Windows 7', os.arch: 'amd64', os.version: '6.1', java.version: '1.8.0_181'
Driver info: com.kms.katalon.selenium.driver.CChromeDriver
Capabilities {acceptInsecureCerts: false, acceptSslCerts: false, applicationCacheEnabled: false, browserConnectionEnabled: false, browserName: chrome, chrome: {chromedriverVersion: 2.43.600210 (68dcf5eebde371..., userDataDir: C:\Users\Admin\AppData\Loca...}, cssSelectorsEnabled: true, databaseEnabled: false, goog:chromeOptions: {debuggerAddress: localhost:52424}, handlesAlerts: true, hasTouchScreen: false, javascriptEnabled: true, locationContextEnabled: true, mobileEmulationEnabled: false, nativeEvents: true, networkConnectionEnabled: false, pageLoadStrategy: normal, platform: XP, platformName: XP, rotatable: false, setWindowRect: true, takesHeapSnapshot: true, takesScreenshot: true, unexpectedAlertBehaviour: , unhandledPromptBehavior: , version: 70.0.3538.110, webStorageEnabled: true}
Session ID: d5b7e3854c0bc4b21009aef668cb2dc6)
	at com.kms.katalon.core.keyword.internal.KeywordMain.stepFailed(KeywordMain.groovy:32)
	at com.kms.katalon.core.webui.keyword.internal.WebUIKeywordMain.stepFailed(WebUIKeywordMain.groovy:65)
	at com.kms.katalon.core.webui.keyword.internal.WebUIKeywordMain.runKeyword(WebUIKeywordMain.groovy:27)
	at com.kms.katalon.core.webui.keyword.builtin.SetTextKeyword.setText(SetTextKeyword.groovy:65)
	at com.kms.katalon.core.webui.keyword.builtin.SetTextKeyword.execute(SetTextKeyword.groovy:37)
	at com.kms.katalon.core.keyword.internal.KeywordExecutor.executeKeywordForPlatform(KeywordExecutor.groovy:53)
	at com.kms.katalon.core.webui.keyword.WebUiBuiltInKeywords.setText(WebUiBuiltInKeywords.groovy:950)
	at com.kms.katalon.core.webui.keyword.WebUiBuiltInKeywords$setText$1.call(Unknown Source)
	at org.codehaus.groovy.runtime.callsite.CallSiteArray.defaultCall(CallSiteArray.java:48)
	at org.codehaus.groovy.runtime.callsite.AbstractCallSite.call(AbstractCallSite.java:113)
	at org.codehaus.groovy.runtime.callsite.AbstractCallSite.call(AbstractCallSite.java:133)
	at Script1535599386194.run(Script1535599386194.groovy:73)
	at com.kms.katalon.core.main.ScriptEngine.run(ScriptEngine.java:183)
	at com.kms.katalon.core.main.ScriptEngine.runScriptAsRawText(ScriptEngine.java:108)
	at com.kms.katalon.core.main.TestCaseExecutor.runScript(TestCaseExecutor.java:294)
	at com.kms.katalon.core.main.TestCaseExecutor.doExecute(TestCaseExecutor.java:285)
	at com.kms.katalon.core.main.TestCaseExecutor.processExecutionPhase(TestCaseExecutor.java:264)
	at com.kms.katalon.core.main.TestCaseExecutor.accessMainPhase(TestCaseExecutor.java:256)
	at com.kms.katalon.core.main.TestCaseExecutor.execute(TestCaseExecutor.java:200)
	at com.kms.katalon.core.main.TestSuiteExecutor.accessTestCaseMainPhase(TestSuiteExecutor.java:129)
	at com.kms.katalon.core.main.TestSuiteExecutor.accessTestSuiteMainPhase(TestSuiteExecutor.java:112)
	at com.kms.katalon.core.main.TestSuiteExecutor.execute(TestSuiteExecutor.java:81)
	at com.kms.katalon.core.main.TestCaseMain.startTestSuite(TestCaseMain.java:142)
	at com.kms.katalon.core.main.TestCaseMain$startTestSuite$0.call(Unknown Source)
	at org.codehaus.groovy.runtime.callsite.CallSiteArray.defaultCall(CallSiteArray.java:48)
	at org.codehaus.groovy.runtime.callsite.AbstractCallSite.call(AbstractCallSite.java:113)
	at org.codehaus.groovy.runtime.callsite.AbstractCallSite.call(AbstractCallSite.java:141)
	at TempTestSuite1544668253915.run(TempTestSuite1544668253915.groovy:36)
	at groovy.lang.GroovyShell.runScriptOrMainOrTestOrRunnable(GroovyShell.java:263)
	at groovy.lang.GroovyShell.run(GroovyShell.java:518)
	at groovy.lang.GroovyShell.run(GroovyShell.java:507)
	at groovy.ui.GroovyMain.processOnce(GroovyMain.java:653)
	at groovy.ui.GroovyMain.run(GroovyMain.java:384)
	at groovy.ui.GroovyMain.process(GroovyMain.java:370)
	at groovy.ui.GroovyMain.processArgs(GroovyMain.java:129)
	at groovy.ui.GroovyMain.main(GroovyMain.java:109)
	at sun.reflect.NativeMethodAccessorImpl.invoke0(Native Method)
	at sun.reflect.NativeMethodAccessorImpl.invoke(NativeMethodAccessorImpl.java:62)
	at sun.reflect.DelegatingMethodAccessorImpl.invoke(DelegatingMethodAccessorImpl.java:43)
	at java.lang.reflect.Method.invoke(Method.java:498)
	at org.codehaus.groovy.tools.GroovyStarter.rootLoader(GroovyStarter.java:109)
	at org.codehaus.groovy.tools.GroovyStarter.main(GroovyStarter.java:131)
)]]></system-err>
   </testsuite>
</testsuites>
