<?xml version="1.0" encoding="UTF-8"?>
<testsuites name="Critical Path" time="8330" tests="26" failures="0" errors="0">
   <testsuite name="Critical Path" tests="26" failures="0" errors="0" time="8330" timestamp="2018-12-12 15:00:52" hostname="Admin - Win7Test02" id="Test Suites/Critical Path">
      <properties>
         <property name="deviceName" value=""/>
         <property name="devicePlatform" value=""/>
         <property name="logFolder" value="C:\\Users\\Admin\\Desktop\\PKS\\Perkeso Phase A\\Reports\\Critical Path\\20181212_150048"/>
         <property name="logFiles" value="C:\\Users\\Admin\\Desktop\\PKS\\Perkeso Phase A\\Reports\\Critical Path\\20181212_150048\\execution0.log, C:\\Users\\Admin\\Desktop\\PKS\\Perkeso Phase A\\Reports\\Critical Path\\20181212_150048\\execution1.log, C:\\Users\\Admin\\Desktop\\PKS\\Perkeso Phase A\\Reports\\Critical Path\\20181212_150048\\execution2.log"/>
         <property name="attachments" value="C:\\Users\\Admin\\Desktop\\PKS\\Perkeso Phase A\\Reports\\Critical Path\\20181212_150048\\1544605280800.png, C:\\Users\\Admin\\Desktop\\PKS\\Perkeso Phase A\\Reports\\Critical Path\\20181212_150048\\1544605332018.png, C:\\Users\\Admin\\Desktop\\PKS\\Perkeso Phase A\\Reports\\Critical Path\\20181212_150048\\1544605387192.png, C:\\Users\\Admin\\Desktop\\PKS\\Perkeso Phase A\\Reports\\Critical Path\\20181212_150048\\1544605441395.png, C:\\Users\\Admin\\Desktop\\PKS\\Perkeso Phase A\\Reports\\Critical Path\\20181212_150048\\1544605608853.png, C:\\Users\\Admin\\Desktop\\PKS\\Perkeso Phase A\\Reports\\Critical Path\\20181212_150048\\1544605649092.png"/>
         <property name="hostName" value="Admin - Win7Test02"/>
         <property name="os" value="Windows 7 64bit"/>
         <property name="katalonVersion" value="5.8.6.1"/>
         <property name="browser" value="Chrome 70.0.3538.110"/>
         <property name="hostAddress" value="10.20.3.72"/>
         <property name="sessionId" value="3efa5aef41b0553678c371683d09b732"/>
         <property name="seleniumVersion" value="3.7.1"/>
         <property name="proxyInformation" value="ProxyInformation{proxyOption=NO_PROXY, proxyServerType=HTTP, password=, proxyServerAddress=, proxyServerPort=0}"/>
         <property name="platform" value="Windows 7"/>
      </properties>
      <testcase name="Test Cases/Final Aug 2018 - PKS Automation/Registration Module/Critical Path/New Registration/Corporation - Sendirian Berhad" classname="Test Cases/Final Aug 2018 - PKS Automation/Registration Module/Critical Path/New Registration/Corporation - Sendirian Berhad" status="PASSED">
         <system-out><![CDATA[2018-12-12 15:00:52 - [TEST_CASE][PASSED] - Test Cases/Final Aug 2018 - PKS Automation/Registration Module/Critical Path/New Registration/Corporation - Sendirian Berhad: Test Cases/Final Aug 2018 - PKS Automation/Registration Module/Critical Path/New Registration/Corporation - Sendirian Berhad

2018-12-12 15:00:53 - [TEST_STEP][PASSED] - callTestCase: Call Test Case 'Test Cases/Final Aug 2018 - PKS Automation/Registration Module/New Registration/Form 1/Form 1 - Corporation - Sendirian Berhad' successfully

2018-12-12 15:00:53 - [TEST_CASE][PASSED] - Test Cases/Final Aug 2018 - PKS Automation/Registration Module/New Registration/Form 1/Form 1 - Corporation - Sendirian Berhad: Test Cases/Final Aug 2018 - PKS Automation/Registration Module/New Registration/Form 1/Form 1 - Corporation - Sendirian Berhad

2018-12-12 15:00:53 - [TEST_STEP][PASSED] - openBrowser: Browser is opened with url: ''

2018-12-12 15:00:57 - [MESSAGE][PASSED] - Browser is opened with url: ''

2018-12-12 15:00:57 - [TEST_STEP][PASSED] - navigateToUrl: Navigate to 'https://assist2-uat.perkeso.gov.my/login' successfully

2018-12-12 15:00:59 - [MESSAGE][PASSED] - Navigate to 'https://assist2-uat.perkeso.gov.my/login' successfully

2018-12-12 15:00:59 - [TEST_STEP][PASSED] - setText: Text 'johorotc1@gmail.com' is set on object 'Object Repository/Final Object Repo/Login Page/Internal User/Email Address'

2018-12-12 15:00:59 - [MESSAGE][PASSED] - Text 'johorotc1@gmail.com' is set on object 'Object Repository/Final Object Repo/Login Page/Internal User/Email Address'

2018-12-12 15:00:59 - [TEST_STEP][PASSED] - click: Object: 'Object Repository/Final Object Repo/Login Page/Internal User/Next Button' is clicked on

2018-12-12 15:00:59 - [MESSAGE][PASSED] - Object: 'Object Repository/Final Object Repo/Login Page/Internal User/Next Button' is clicked on

2018-12-12 15:00:59 - [TEST_STEP][PASSED] - delay: Delayed 1 second(s)

2018-12-12 15:01:00 - [MESSAGE][PASSED] - Delayed 1 second(s)

2018-12-12 15:01:00 - [TEST_STEP][PASSED] - setEncryptedText: Text ****** has been set on object 'Object Repository/Final Object Repo/Login Page/Internal User/Password'

2018-12-12 15:01:01 - [MESSAGE][PASSED] - Text ****** has been set on object 'Object Repository/Final Object Repo/Login Page/Internal User/Password'

2018-12-12 15:01:01 - [TEST_STEP][PASSED] - click: Object: 'Object Repository/Final Object Repo/Login Page/Internal User/Login Button' is clicked on

2018-12-12 15:01:01 - [MESSAGE][PASSED] - Object: 'Object Repository/Final Object Repo/Login Page/Internal User/Login Button' is clicked on

2018-12-12 15:01:01 - [TEST_STEP][PASSED] - delay: Delayed 1 second(s)

2018-12-12 15:01:02 - [MESSAGE][PASSED] - Delayed 1 second(s)

2018-12-12 15:01:02 - [TEST_STEP][PASSED] - Statement - Try: Delayed 2 second(s)

2018-12-12 15:01:02 - [TEST_STEP][PASSED] - Statement - Checker = false: null

2018-12-12 15:01:02 - [TEST_STEP][PASSED] - Statement - Checker = com.kms.katalon.core.webui.keyword.WebUiBuiltInKeywords.verifyElementHasAttribute(com.kms.katalon.core.testobject.ObjectRepository.findTestObject(Final Object Repo/Landing Page/BM Detecting), "href", 20, OPTIONAL): Object 'Object Repository/Final Object Repo/Landing Page/BM Detecting' has attribute 'href'

2018-12-12 15:01:03 - [MESSAGE][PASSED] - Object 'Object Repository/Final Object Repo/Landing Page/BM Detecting' has attribute 'href'

2018-12-12 15:01:03 - [TEST_STEP][PASSED] - Statement - out.println(Checker): null

2018-12-12 15:01:03 - [TEST_STEP][PASSED] - Statement - If (Checker == false): null

2018-12-12 15:01:03 - [TEST_STEP][PASSED] - Statement - Else: null

2018-12-12 15:01:03 - [TEST_STEP][PASSED] - delay: Delayed 2 second(s)

2018-12-12 15:01:05 - [MESSAGE][PASSED] - Delayed 2 second(s)

2018-12-12 15:01:05 - [TEST_STEP][PASSED] - navigateToUrl: Navigate to 'https://assist2-uat.perkeso.gov.my/web/registration/registration' successfully

2018-12-12 15:01:07 - [MESSAGE][PASSED] - Navigate to 'https://assist2-uat.perkeso.gov.my/web/registration/registration' successfully

2018-12-12 15:01:07 - [TEST_STEP][PASSED] - click: Object: 'Object Repository/Final Object Repo/New Registration - Registration Module Pages/Form 1/AEC - No' is clicked on

2018-12-12 15:01:07 - [MESSAGE][PASSED] - Object: 'Object Repository/Final Object Repo/New Registration - Registration Module Pages/Form 1/AEC - No' is clicked on

2018-12-12 15:01:07 - [TEST_STEP][PASSED] - click: Object: 'Object Repository/Final Object Repo/New Registration - Registration Module Pages/Form 1/Business Entity' is clicked on

2018-12-12 15:01:08 - [MESSAGE][PASSED] - Object: 'Object Repository/Final Object Repo/New Registration - Registration Module Pages/Form 1/Business Entity' is clicked on

2018-12-12 15:01:08 - [TEST_STEP][PASSED] - click: Object: 'Object Repository/Final Object Repo/New Registration - Registration Module Pages/Form 1/Businees Entity - Corporation' is clicked on

2018-12-12 15:01:08 - [MESSAGE][PASSED] - Object: 'Object Repository/Final Object Repo/New Registration - Registration Module Pages/Form 1/Businees Entity - Corporation' is clicked on

2018-12-12 15:01:08 - [TEST_STEP][PASSED] - delay: Delayed 1 second(s)

2018-12-12 15:01:09 - [MESSAGE][PASSED] - Delayed 1 second(s)

2018-12-12 15:01:09 - [TEST_STEP][PASSED] - click: Object: 'Object Repository/Final Object Repo/New Registration - Registration Module Pages/Form 1/Sub Business Entity' is clicked on

2018-12-12 15:01:09 - [MESSAGE][PASSED] - Object: 'Object Repository/Final Object Repo/New Registration - Registration Module Pages/Form 1/Sub Business Entity' is clicked on

2018-12-12 15:01:09 - [TEST_STEP][PASSED] - click: Object: 'Object Repository/Final Object Repo/New Registration - Registration Module Pages/Form 1/Sub Business Entity - Sendirian Berhad' is clicked on

2018-12-12 15:01:10 - [MESSAGE][PASSED] - Object: 'Object Repository/Final Object Repo/New Registration - Registration Module Pages/Form 1/Sub Business Entity - Sendirian Berhad' is clicked on

2018-12-12 15:01:10 - [TEST_STEP][PASSED] - delay: Delayed 1 second(s)

2018-12-12 15:01:11 - [MESSAGE][PASSED] - Delayed 1 second(s)

2018-12-12 15:01:11 - [TEST_STEP][PASSED] - setText: Text '123' is set on object 'Object Repository/Final Object Repo/New Registration - Registration Module Pages/Form 1/Registration Number'

2018-12-12 15:01:11 - [MESSAGE][PASSED] - Text '123' is set on object 'Object Repository/Final Object Repo/New Registration - Registration Module Pages/Form 1/Registration Number'

2018-12-12 15:01:11 - [TEST_STEP][PASSED] - click: Object: 'Object Repository/Final Object Repo/New Registration - Registration Module Pages/Form 1/Registred with SSM - Before Feb' is clicked on

2018-12-12 15:01:11 - [MESSAGE][PASSED] - Object: 'Object Repository/Final Object Repo/New Registration - Registration Module Pages/Form 1/Registred with SSM - Before Feb' is clicked on

2018-12-12 15:01:11 - [TEST_STEP][PASSED] - click: Object: 'Object Repository/Final Object Repo/New Registration - Registration Module Pages/Form 1/Registered As a Branch - Yes' is clicked on

2018-12-12 15:01:11 - [MESSAGE][PASSED] - Object: 'Object Repository/Final Object Repo/New Registration - Registration Module Pages/Form 1/Registered As a Branch - Yes' is clicked on

2018-12-12 15:01:11 - [TEST_STEP][PASSED] - click: Object: 'Object Repository/Final Object Repo/New Registration - Registration Module Pages/Form 1/Acknowledgement' is clicked on

2018-12-12 15:01:12 - [MESSAGE][PASSED] - Object: 'Object Repository/Final Object Repo/New Registration - Registration Module Pages/Form 1/Acknowledgement' is clicked on

2018-12-12 15:01:12 - [TEST_STEP][PASSED] - setText: Text 'perkeso' is set on object 'Object Repository/Final Object Repo/New Registration - Registration Module Pages/Form 1/Industry name'

2018-12-12 15:01:12 - [MESSAGE][PASSED] - Text 'perkeso' is set on object 'Object Repository/Final Object Repo/New Registration - Registration Module Pages/Form 1/Industry name'

2018-12-12 15:01:12 - [TEST_STEP][PASSED] - setText: Text 'perkeso1' is set on object 'Object Repository/Final Object Repo/New Registration - Registration Module Pages/Form 1/Postal Address1'

2018-12-12 15:01:12 - [MESSAGE][PASSED] - Text 'perkeso1' is set on object 'Object Repository/Final Object Repo/New Registration - Registration Module Pages/Form 1/Postal Address1'

2018-12-12 15:01:12 - [TEST_STEP][PASSED] - setText: Text 'perkeso2' is set on object 'Object Repository/Final Object Repo/New Registration - Registration Module Pages/Form 1/Postal Address2'

2018-12-12 15:01:13 - [MESSAGE][PASSED] - Text 'perkeso2' is set on object 'Object Repository/Final Object Repo/New Registration - Registration Module Pages/Form 1/Postal Address2'

2018-12-12 15:01:13 - [TEST_STEP][PASSED] - setText: Text 'perkeso3' is set on object 'Object Repository/Final Object Repo/New Registration - Registration Module Pages/Form 1/Postal Address3'

2018-12-12 15:01:13 - [MESSAGE][PASSED] - Text 'perkeso3' is set on object 'Object Repository/Final Object Repo/New Registration - Registration Module Pages/Form 1/Postal Address3'

2018-12-12 15:01:13 - [TEST_STEP][PASSED] - click: Object: 'Object Repository/Final Object Repo/New Registration - Registration Module Pages/Form 1/State' is clicked on

2018-12-12 15:01:13 - [MESSAGE][PASSED] - Object: 'Object Repository/Final Object Repo/New Registration - Registration Module Pages/Form 1/State' is clicked on

2018-12-12 15:01:13 - [TEST_STEP][PASSED] - click: Object: 'Object Repository/Final Object Repo/New Registration - Registration Module Pages/Form 1/State - Johor' is clicked on

2018-12-12 15:01:13 - [MESSAGE][PASSED] - Object: 'Object Repository/Final Object Repo/New Registration - Registration Module Pages/Form 1/State - Johor' is clicked on

2018-12-12 15:01:13 - [TEST_STEP][PASSED] - delay: Delayed 1 second(s)

2018-12-12 15:01:14 - [MESSAGE][PASSED] - Delayed 1 second(s)

2018-12-12 15:01:14 - [TEST_STEP][PASSED] - click: Object: 'Object Repository/Final Object Repo/New Registration - Registration Module Pages/Form 1/City' is clicked on

2018-12-12 15:01:15 - [MESSAGE][PASSED] - Object: 'Object Repository/Final Object Repo/New Registration - Registration Module Pages/Form 1/City' is clicked on

2018-12-12 15:01:15 - [TEST_STEP][PASSED] - setText: Text 'joh' is set on object 'Object Repository/Final Object Repo/New Registration - Registration Module Pages/Form 1/Postcode - 810'

2018-12-12 15:01:15 - [MESSAGE][PASSED] - Text 'joh' is set on object 'Object Repository/Final Object Repo/New Registration - Registration Module Pages/Form 1/Postcode - 810'

2018-12-12 15:01:15 - [TEST_STEP][PASSED] - delay: Delayed 1 second(s)

2018-12-12 15:01:16 - [MESSAGE][PASSED] - Delayed 1 second(s)

2018-12-12 15:01:16 - [TEST_STEP][PASSED] - click: Object: 'Object Repository/Final Object Repo/New Registration - Registration Module Pages/Form 1/City - Johor Bharu' is clicked on

2018-12-12 15:01:16 - [MESSAGE][PASSED] - Object: 'Object Repository/Final Object Repo/New Registration - Registration Module Pages/Form 1/City - Johor Bharu' is clicked on

2018-12-12 15:01:16 - [TEST_STEP][PASSED] - delay: Delayed 1 second(s)

2018-12-12 15:01:17 - [MESSAGE][PASSED] - Delayed 1 second(s)

2018-12-12 15:01:17 - [TEST_STEP][PASSED] - click: Object: 'Object Repository/Final Object Repo/New Registration - Registration Module Pages/Form 1/Postcode' is clicked on

2018-12-12 15:01:17 - [MESSAGE][PASSED] - Object: 'Object Repository/Final Object Repo/New Registration - Registration Module Pages/Form 1/Postcode' is clicked on

2018-12-12 15:01:17 - [TEST_STEP][PASSED] - delay: Delayed 1 second(s)

2018-12-12 15:01:18 - [MESSAGE][PASSED] - Delayed 1 second(s)

2018-12-12 15:01:18 - [TEST_STEP][PASSED] - setText: Text '810' is set on object 'Object Repository/Final Object Repo/New Registration - Registration Module Pages/Form 1/Postcode - 810'

2018-12-12 15:01:19 - [MESSAGE][PASSED] - Text '810' is set on object 'Object Repository/Final Object Repo/New Registration - Registration Module Pages/Form 1/Postcode - 810'

2018-12-12 15:01:19 - [TEST_STEP][PASSED] - delay: Delayed 1 second(s)

2018-12-12 15:01:20 - [MESSAGE][PASSED] - Delayed 1 second(s)

2018-12-12 15:01:20 - [TEST_STEP][PASSED] - click: Object: 'Object Repository/Final Object Repo/New Registration - Registration Module Pages/Form 1/Postcode - 81000' is clicked on

2018-12-12 15:01:20 - [MESSAGE][PASSED] - Object: 'Object Repository/Final Object Repo/New Registration - Registration Module Pages/Form 1/Postcode - 81000' is clicked on

2018-12-12 15:01:20 - [TEST_STEP][PASSED] - delay: Delayed 1 second(s)

2018-12-12 15:01:21 - [MESSAGE][PASSED] - Delayed 1 second(s)

2018-12-12 15:01:21 - [TEST_STEP][PASSED] - setText: Text '100' is set on object 'Object Repository/Final Object Repo/New Registration - Registration Module Pages/Form 1/P.O.BOX'

2018-12-12 15:01:21 - [MESSAGE][PASSED] - Text '100' is set on object 'Object Repository/Final Object Repo/New Registration - Registration Module Pages/Form 1/P.O.BOX'

2018-12-12 15:01:21 - [TEST_STEP][PASSED] - setText: Text '100' is set on object 'Object Repository/Final Object Repo/New Registration - Registration Module Pages/Form 1/Locked Bag No'

2018-12-12 15:01:22 - [MESSAGE][PASSED] - Text '100' is set on object 'Object Repository/Final Object Repo/New Registration - Registration Module Pages/Form 1/Locked Bag No'

2018-12-12 15:01:22 - [TEST_STEP][PASSED] - click: Object: 'Object Repository/Final Object Repo/New Registration - Registration Module Pages/Form 1/SOCSO Office Location' is clicked on

2018-12-12 15:01:22 - [MESSAGE][PASSED] - Object: 'Object Repository/Final Object Repo/New Registration - Registration Module Pages/Form 1/SOCSO Office Location' is clicked on

2018-12-12 15:01:22 - [TEST_STEP][PASSED] - click: Object: 'Object Repository/Final Object Repo/New Registration - Registration Module Pages/Form 1/SOCSO Office Location - Pejabat PERKESO Negeri Johor' is clicked on

2018-12-12 15:01:22 - [MESSAGE][PASSED] - Object: 'Object Repository/Final Object Repo/New Registration - Registration Module Pages/Form 1/SOCSO Office Location - Pejabat PERKESO Negeri Johor' is clicked on

2018-12-12 15:01:22 - [TEST_STEP][PASSED] - delay: Delayed 1 second(s)

2018-12-12 15:01:23 - [MESSAGE][PASSED] - Delayed 1 second(s)

2018-12-12 15:01:23 - [TEST_STEP][PASSED] - check: Object 'Object Repository/Final Object Repo/New Registration - Registration Module Pages/Form 1/Indusrty Address Same As Postal Address' is checked

2018-12-12 15:01:23 - [MESSAGE][PASSED] - Object 'Object Repository/Final Object Repo/New Registration - Registration Module Pages/Form 1/Indusrty Address Same As Postal Address' is checked

2018-12-12 15:01:23 - [TEST_STEP][PASSED] - delay: Delayed 3 second(s)

2018-12-12 15:01:26 - [MESSAGE][PASSED] - Delayed 3 second(s)

2018-12-12 15:01:26 - [TEST_STEP][PASSED] - click: Object: 'Object Repository/Final Object Repo/New Registration - Registration Module Pages/Form 1/Indusry Address Same As Postal Address False' is clicked on

2018-12-12 15:01:27 - [MESSAGE][PASSED] - Object: 'Object Repository/Final Object Repo/New Registration - Registration Module Pages/Form 1/Indusry Address Same As Postal Address False' is clicked on

2018-12-12 15:01:27 - [TEST_STEP][PASSED] - delay: Delayed 1 second(s)

2018-12-12 15:01:28 - [MESSAGE][PASSED] - Delayed 1 second(s)

2018-12-12 15:01:28 - [TEST_STEP][PASSED] - setText: Text 'perkeso1' is set on object 'Object Repository/Final Object Repo/New Registration - Registration Module Pages/Form 1/Industry Address1'

2018-12-12 15:01:28 - [MESSAGE][PASSED] - Text 'perkeso1' is set on object 'Object Repository/Final Object Repo/New Registration - Registration Module Pages/Form 1/Industry Address1'

2018-12-12 15:01:28 - [TEST_STEP][PASSED] - setText: Text 'perkeso2' is set on object 'Object Repository/Final Object Repo/New Registration - Registration Module Pages/Form 1/Industry Address2'

2018-12-12 15:01:28 - [MESSAGE][PASSED] - Text 'perkeso2' is set on object 'Object Repository/Final Object Repo/New Registration - Registration Module Pages/Form 1/Industry Address2'

2018-12-12 15:01:28 - [TEST_STEP][PASSED] - setText: Text 'perkeso3' is set on object 'Object Repository/Final Object Repo/New Registration - Registration Module Pages/Form 1/Industry Address3'

2018-12-12 15:01:29 - [MESSAGE][PASSED] - Text 'perkeso3' is set on object 'Object Repository/Final Object Repo/New Registration - Registration Module Pages/Form 1/Industry Address3'

2018-12-12 15:01:29 - [TEST_STEP][PASSED] - click: Object: 'Object Repository/Final Object Repo/New Registration - Registration Module Pages/Form 1/Industry State' is clicked on

2018-12-12 15:01:29 - [MESSAGE][PASSED] - Object: 'Object Repository/Final Object Repo/New Registration - Registration Module Pages/Form 1/Industry State' is clicked on

2018-12-12 15:01:29 - [TEST_STEP][PASSED] - delay: Delayed 2 second(s)

2018-12-12 15:01:31 - [MESSAGE][PASSED] - Delayed 2 second(s)

2018-12-12 15:01:31 - [TEST_STEP][PASSED] - click: Object: 'Object Repository/Final Object Repo/New Registration - Registration Module Pages/Form 1/Industry State - Johor' is clicked on

2018-12-12 15:01:31 - [MESSAGE][PASSED] - Object: 'Object Repository/Final Object Repo/New Registration - Registration Module Pages/Form 1/Industry State - Johor' is clicked on

2018-12-12 15:01:31 - [TEST_STEP][PASSED] - delay: Delayed 2 second(s)

2018-12-12 15:01:33 - [MESSAGE][PASSED] - Delayed 2 second(s)

2018-12-12 15:01:33 - [TEST_STEP][PASSED] - click: Object: 'Object Repository/Final Object Repo/New Registration - Registration Module Pages/Form 1/Industry Ciry' is clicked on

2018-12-12 15:01:33 - [MESSAGE][PASSED] - Object: 'Object Repository/Final Object Repo/New Registration - Registration Module Pages/Form 1/Industry Ciry' is clicked on

2018-12-12 15:01:33 - [TEST_STEP][PASSED] - setText: Text 'joh' is set on object 'Object Repository/Final Object Repo/New Registration - Registration Module Pages/Form 1/Industry Ciry - joh'

2018-12-12 15:01:34 - [MESSAGE][PASSED] - Text 'joh' is set on object 'Object Repository/Final Object Repo/New Registration - Registration Module Pages/Form 1/Industry Ciry - joh'

2018-12-12 15:01:34 - [TEST_STEP][PASSED] - delay: Delayed 2 second(s)

2018-12-12 15:01:36 - [MESSAGE][PASSED] - Delayed 2 second(s)

2018-12-12 15:01:36 - [TEST_STEP][PASSED] - click: Object: 'Object Repository/Final Object Repo/New Registration - Registration Module Pages/Form 1/Industy State - Johor Bharu' is clicked on

2018-12-12 15:01:36 - [MESSAGE][PASSED] - Object: 'Object Repository/Final Object Repo/New Registration - Registration Module Pages/Form 1/Industy State - Johor Bharu' is clicked on

2018-12-12 15:01:36 - [TEST_STEP][PASSED] - delay: Delayed 1 second(s)

2018-12-12 15:01:37 - [MESSAGE][PASSED] - Delayed 1 second(s)

2018-12-12 15:01:37 - [TEST_STEP][PASSED] - click: Object: 'Object Repository/Final Object Repo/New Registration - Registration Module Pages/Form 1/Indusry PostCode' is clicked on

2018-12-12 15:01:37 - [MESSAGE][PASSED] - Object: 'Object Repository/Final Object Repo/New Registration - Registration Module Pages/Form 1/Indusry PostCode' is clicked on

2018-12-12 15:01:37 - [TEST_STEP][PASSED] - delay: Delayed 1 second(s)

2018-12-12 15:01:38 - [MESSAGE][PASSED] - Delayed 1 second(s)

2018-12-12 15:01:38 - [TEST_STEP][PASSED] - setText: Text '810' is set on object 'Object Repository/Final Object Repo/New Registration - Registration Module Pages/Form 1/Insutry Post Code - 810'

2018-12-12 15:01:38 - [MESSAGE][PASSED] - Text '810' is set on object 'Object Repository/Final Object Repo/New Registration - Registration Module Pages/Form 1/Insutry Post Code - 810'

2018-12-12 15:01:38 - [TEST_STEP][PASSED] - delay: Delayed 1 second(s)

2018-12-12 15:01:39 - [MESSAGE][PASSED] - Delayed 1 second(s)

2018-12-12 15:01:39 - [TEST_STEP][PASSED] - click: Object: 'Object Repository/Final Object Repo/New Registration - Registration Module Pages/Form 1/Insutry Post Code - 81000' is clicked on

2018-12-12 15:01:39 - [MESSAGE][PASSED] - Object: 'Object Repository/Final Object Repo/New Registration - Registration Module Pages/Form 1/Insutry Post Code - 81000' is clicked on

2018-12-12 15:01:39 - [TEST_STEP][PASSED] - delay: Delayed 1 second(s)

2018-12-12 15:01:40 - [MESSAGE][PASSED] - Delayed 1 second(s)

2018-12-12 15:01:40 - [TEST_STEP][PASSED] - setText: Text '100' is set on object 'Object Repository/Final Object Repo/New Registration - Registration Module Pages/Form 1/Industry P.O.BOX'

2018-12-12 15:01:41 - [MESSAGE][PASSED] - Text '100' is set on object 'Object Repository/Final Object Repo/New Registration - Registration Module Pages/Form 1/Industry P.O.BOX'

2018-12-12 15:01:41 - [TEST_STEP][PASSED] - setText: Text '100' is set on object 'Object Repository/Final Object Repo/New Registration - Registration Module Pages/Form 1/Industry Locked Bag No'

2018-12-12 15:01:41 - [MESSAGE][PASSED] - Text '100' is set on object 'Object Repository/Final Object Repo/New Registration - Registration Module Pages/Form 1/Industry Locked Bag No'

2018-12-12 15:01:41 - [TEST_STEP][PASSED] - setText: Text '123456789' is set on object 'Object Repository/Final Object Repo/New Registration - Registration Module Pages/Form 1/Telephone No'

2018-12-12 15:01:43 - [MESSAGE][PASSED] - Text '123456789' is set on object 'Object Repository/Final Object Repo/New Registration - Registration Module Pages/Form 1/Telephone No'

2018-12-12 15:01:43 - [TEST_STEP][PASSED] - setText: Text '123456789' is set on object 'Object Repository/Final Object Repo/New Registration - Registration Module Pages/Form 1/Mobile No'

2018-12-12 15:01:43 - [MESSAGE][PASSED] - Text '123456789' is set on object 'Object Repository/Final Object Repo/New Registration - Registration Module Pages/Form 1/Mobile No'

2018-12-12 15:01:43 - [TEST_STEP][PASSED] - setText: Text '123456789' is set on object 'Object Repository/Final Object Repo/New Registration - Registration Module Pages/Form 1/Fax No'

2018-12-12 15:01:43 - [MESSAGE][PASSED] - Text '123456789' is set on object 'Object Repository/Final Object Repo/New Registration - Registration Module Pages/Form 1/Fax No'

2018-12-12 15:01:43 - [TEST_STEP][PASSED] - click: Object: 'Object Repository/Final Object Repo/New Registration - Registration Module Pages/Form 1/Industry Code' is clicked on

2018-12-12 15:01:44 - [MESSAGE][PASSED] - Object: 'Object Repository/Final Object Repo/New Registration - Registration Module Pages/Form 1/Industry Code' is clicked on

2018-12-12 15:01:44 - [TEST_STEP][PASSED] - click: Object: 'Object Repository/Final Object Repo/New Registration - Registration Module Pages/Form 1/Indudustry Code - Crops and Animal' is clicked on

2018-12-12 15:01:44 - [MESSAGE][PASSED] - Object: 'Object Repository/Final Object Repo/New Registration - Registration Module Pages/Form 1/Indudustry Code - Crops and Animal' is clicked on

2018-12-12 15:01:44 - [TEST_STEP][PASSED] - delay: Delayed 1 second(s)

2018-12-12 15:01:45 - [MESSAGE][PASSED] - Delayed 1 second(s)

2018-12-12 15:01:45 - [TEST_STEP][PASSED] - click: Object: 'Object Repository/Final Object Repo/New Registration - Registration Module Pages/Form 1/Sub Industry Code List' is clicked on

2018-12-12 15:01:45 - [MESSAGE][PASSED] - Object: 'Object Repository/Final Object Repo/New Registration - Registration Module Pages/Form 1/Sub Industry Code List' is clicked on

2018-12-12 15:01:45 - [TEST_STEP][PASSED] - click: Object: 'Object Repository/Final Object Repo/New Registration - Registration Module Pages/Form 1/Sub Industry Code List - Growing of Maize' is clicked on

2018-12-12 15:01:45 - [MESSAGE][PASSED] - Object: 'Object Repository/Final Object Repo/New Registration - Registration Module Pages/Form 1/Sub Industry Code List - Growing of Maize' is clicked on

2018-12-12 15:01:45 - [TEST_STEP][PASSED] - setText: Text 'perkeso123@gmail.com' is set on object 'Object Repository/Final Object Repo/New Registration - Registration Module Pages/Form 1/Email'

2018-12-12 15:01:46 - [MESSAGE][PASSED] - Text 'perkeso123@gmail.com' is set on object 'Object Repository/Final Object Repo/New Registration - Registration Module Pages/Form 1/Email'

2018-12-12 15:01:46 - [TEST_STEP][PASSED] - click: Object: 'Object Repository/Final Object Repo/New Registration - Registration Module Pages/Form 1/Method of Contribution Payment' is clicked on

2018-12-12 15:01:46 - [MESSAGE][PASSED] - Object: 'Object Repository/Final Object Repo/New Registration - Registration Module Pages/Form 1/Method of Contribution Payment' is clicked on

2018-12-12 15:01:46 - [TEST_STEP][PASSED] - click: Object: 'Object Repository/Final Object Repo/New Registration - Registration Module Pages/Form 1/Method of Contribution Payment - Portal' is clicked on

2018-12-12 15:01:47 - [MESSAGE][PASSED] - Object: 'Object Repository/Final Object Repo/New Registration - Registration Module Pages/Form 1/Method of Contribution Payment - Portal' is clicked on

2018-12-12 15:01:47 - [TEST_STEP][PASSED] - click: Object: 'Object Repository/Final Object Repo/New Registration - Registration Module Pages/Form 1/Servide Type' is clicked on

2018-12-12 15:01:47 - [MESSAGE][PASSED] - Object: 'Object Repository/Final Object Repo/New Registration - Registration Module Pages/Form 1/Servide Type' is clicked on

2018-12-12 15:01:47 - [TEST_STEP][PASSED] - click: Object: 'Object Repository/Final Object Repo/New Registration - Registration Module Pages/Form 1/Servide Type - Professional Bodies' is clicked on

2018-12-12 15:01:47 - [MESSAGE][PASSED] - Object: 'Object Repository/Final Object Repo/New Registration - Registration Module Pages/Form 1/Servide Type - Professional Bodies' is clicked on

2018-12-12 15:01:47 - [TEST_STEP][PASSED] - click: Object: 'Object Repository/Final Object Repo/New Registration - Registration Module Pages/Form 1/Industry Venue' is clicked on

2018-12-12 15:01:47 - [MESSAGE][PASSED] - Object: 'Object Repository/Final Object Repo/New Registration - Registration Module Pages/Form 1/Industry Venue' is clicked on

2018-12-12 15:01:47 - [TEST_STEP][PASSED] - click: Object: 'Object Repository/Final Object Repo/New Registration - Registration Module Pages/Form 1/Industry Venue -  PPN JOHOR' is clicked on

2018-12-12 15:01:47 - [MESSAGE][PASSED] - Object: 'Object Repository/Final Object Repo/New Registration - Registration Module Pages/Form 1/Industry Venue -  PPN JOHOR' is clicked on

2018-12-12 15:01:47 - [TEST_STEP][PASSED] - click: Object: 'Object Repository/Final Object Repo/New Registration - Registration Module Pages/Form 1/Save  Continue' is clicked on

2018-12-12 15:01:48 - [MESSAGE][PASSED] - Object: 'Object Repository/Final Object Repo/New Registration - Registration Module Pages/Form 1/Save  Continue' is clicked on

2018-12-12 15:01:48 - [MESSAGE][PASSED] - Call Test Case 'Test Cases/Final Aug 2018 - PKS Automation/Registration Module/New Registration/Form 1/Form 1 - Corporation - Sendirian Berhad' successfully

2018-12-12 15:01:48 - [TEST_STEP][PASSED] - callTestCase: Call Test Case 'Test Cases/Final Aug 2018 - PKS Automation/Registration Module/New Registration/Form 2/Add 2 Eligible 2 Not Eligible' successfully

2018-12-12 15:01:48 - [TEST_CASE][PASSED] - Test Cases/Final Aug 2018 - PKS Automation/Registration Module/New Registration/Form 2/Add 2 Eligible 2 Not Eligible: Test Cases/Final Aug 2018 - PKS Automation/Registration Module/New Registration/Form 2/Add 2 Eligible 2 Not Eligible

2018-12-12 15:01:48 - [TEST_STEP][PASSED] - delay: Delayed 2 second(s)

2018-12-12 15:01:50 - [MESSAGE][PASSED] - Delayed 2 second(s)

2018-12-12 15:01:50 - [TEST_STEP][PASSED] - callTestCase: Call Test Case 'Test Cases/Final Aug 2018 - PKS Automation/Registration Module/New Registration/Form 2/Date Updater' successfully

2018-12-12 15:01:50 - [TEST_CASE][PASSED] - Test Cases/Final Aug 2018 - PKS Automation/Registration Module/New Registration/Form 2/Date Updater: Test Cases/Final Aug 2018 - PKS Automation/Registration Module/New Registration/Form 2/Date Updater

2018-12-12 15:01:51 - [TEST_STEP][PASSED] - Statement - TodayDate = new java.util.Date(): null

2018-12-12 15:01:51 - [TEST_STEP][PASSED] - Statement - CurrentDateNoFilter = new java.text.SimpleDateFormat(): null

2018-12-12 15:01:51 - [TEST_STEP][PASSED] - Statement - CurrentDateNoFilter.applyPattern("MM"): null

2018-12-12 15:01:51 - [TEST_STEP][PASSED] - Statement - monthContainerMatcher = java.lang.Integer.parseInt(CurrentDateNoFilter.format(TodayDate)): null

2018-12-12 15:01:51 - [TEST_STEP][PASSED] - Statement - monthContainerMatcher = monthContainerMatcher - 1: null

2018-12-12 15:01:51 - [TEST_STEP][PASSED] - Statement - CurrentMonth = monthContainerMatcher.toString(): null

2018-12-12 15:01:51 - [TEST_STEP][PASSED] - Statement - CurrentMonth = CurrentMonth: null

2018-12-12 15:01:51 - [TEST_STEP][PASSED] - Statement - CurrentDateNoFilter.applyPattern("yyyy"): null

2018-12-12 15:01:51 - [TEST_STEP][PASSED] - Statement - CurrentYear = CurrentDateNoFilter.format(TodayDate): null

2018-12-12 15:01:51 - [TEST_STEP][PASSED] - Statement - CurrentYear = CurrentYear: null

2018-12-12 15:01:51 - [TEST_STEP][PASSED] - Statement - intCurrentYear = java.lang.Integer.parseInt(CurrentDateNoFilter.format(TodayDate)): null

2018-12-12 15:01:51 - [TEST_STEP][PASSED] - Statement - eighteenYrsAgo = intCurrentYear - 18: null

2018-12-12 15:01:51 - [TEST_STEP][PASSED] - Statement - eighteenYrsBeforeThisYr = eighteenYrsAgo.toString(): null

2018-12-12 15:01:51 - [TEST_STEP][PASSED] - Statement - EighteenYrsBefore = eighteenYrsBeforeThisYr: null

2018-12-12 15:01:51 - [TEST_STEP][PASSED] - Statement - fiftysevenYrsAgo = intCurrentYear - 57: null

2018-12-12 15:01:51 - [TEST_STEP][PASSED] - Statement - fiftysevenYrsBeforeThisYr = fiftysevenYrsAgo.toString(): null

2018-12-12 15:01:51 - [TEST_STEP][PASSED] - Statement - FiftysevenYrsBefore = fiftysevenYrsBeforeThisYr: null

2018-12-12 15:01:51 - [TEST_STEP][PASSED] - Statement - leapYear = false: null

2018-12-12 15:01:51 - [TEST_STEP][PASSED] - Statement - leapYear = intCurrentYear % 4 == 0: null

2018-12-12 15:01:51 - [TEST_STEP][PASSED] - Statement - CurrentDateNoFilter.applyPattern("dd"): null

2018-12-12 15:01:51 - [TEST_STEP][PASSED] - Statement - CurrentDate = CurrentDateNoFilter.format(TodayDate): null

2018-12-12 15:01:51 - [TEST_STEP][PASSED] - Statement - CurrentDate = java.lang.Integer.parseInt(CurrentDate): null

2018-12-12 15:01:51 - [TEST_STEP][PASSED] - Statement - CurrentDate = CurrentDate: null

2018-12-12 15:01:51 - [TEST_STEP][PASSED] - Statement - CurrentDay = java.lang.Integer.parseInt(CurrentDate): null

2018-12-12 15:01:51 - [TEST_STEP][PASSED] - Statement - ConfAdder = <not implemented yet for class: org.codehaus.groovy.ast.expr.EmptyExpression>: null

2018-12-12 15:01:51 - [TEST_STEP][PASSED] - Statement - out.println(CurrentMonth): null

2018-12-12 15:01:51 - [TEST_STEP][PASSED] - Statement - out.println(CurrentDate): null

2018-12-12 15:01:51 - [TEST_STEP][PASSED] - Statement - switch (CurrentDate): null

2018-12-12 15:01:51 - [TEST_STEP][PASSED] - Statement - Default: null

2018-12-12 15:01:51 - [TEST_STEP][PASSED] - Statement - ConfAdder = true: null

2018-12-12 15:01:51 - [TEST_STEP][PASSED] - Statement - Break: null

2018-12-12 15:01:51 - [TEST_STEP][PASSED] - Statement - aDayBefore = <not implemented yet for class: org.codehaus.groovy.ast.expr.EmptyExpression>: null

2018-12-12 15:01:51 - [TEST_STEP][PASSED] - Statement - out.println(ConfAdder): null

2018-12-12 15:01:51 - [TEST_STEP][PASSED] - Statement - If (ConfAdder == true): null

2018-12-12 15:01:51 - [TEST_STEP][PASSED] - Statement - aDayBefore = CurrentDay + 1: null

2018-12-12 15:01:51 - [TEST_STEP][PASSED] - Statement - out.println(aDayBefore): null

2018-12-12 15:01:51 - [TEST_STEP][PASSED] - Statement - If (aDayBefore == 1 && CurrentMonth == 11): null

2018-12-12 15:01:51 - [TEST_STEP][PASSED] - Statement - DayBefore = aDayBefore.toString(): null

2018-12-12 15:01:51 - [TEST_STEP][PASSED] - Statement - OneDayBefore = DayBefore: null

2018-12-12 15:01:51 - [MESSAGE][PASSED] - Call Test Case 'Test Cases/Final Aug 2018 - PKS Automation/Registration Module/New Registration/Form 2/Date Updater' successfully

2018-12-12 15:01:51 - [TEST_STEP][PASSED] - delay: Delayed 1 second(s)

2018-12-12 15:01:52 - [MESSAGE][PASSED] - Delayed 1 second(s)

2018-12-12 15:01:52 - [TEST_STEP][PASSED] - Statement - CaseReferenceNo = com.kms.katalon.core.webui.keyword.WebUiBuiltInKeywords.getText(com.kms.katalon.core.testobject.ObjectRepository.findTestObject(Final Object Repo/New Registration - Registration Module Pages/Form 2/RefNo Acquiring)): Text of object 'Object Repository/Final Object Repo/New Registration - Registration Module Pages/Form 2/RefNo Acquiring' is: 'CRN12201800123202'

2018-12-12 15:01:52 - [MESSAGE][PASSED] - Text of object 'Object Repository/Final Object Repo/New Registration - Registration Module Pages/Form 2/RefNo Acquiring' is: 'CRN12201800123202'

2018-12-12 15:01:52 - [TEST_STEP][PASSED] - delay: Delayed 1 second(s)

2018-12-12 15:01:53 - [MESSAGE][PASSED] - Delayed 1 second(s)

2018-12-12 15:01:53 - [TEST_STEP][PASSED] - click: Object: 'Object Repository/Final Object Repo/New Registration - Registration Module Pages/Form 2/Add Employee Button' is clicked on

2018-12-12 15:01:53 - [MESSAGE][PASSED] - Object: 'Object Repository/Final Object Repo/New Registration - Registration Module Pages/Form 2/Add Employee Button' is clicked on

2018-12-12 15:01:53 - [TEST_STEP][PASSED] - delay: Delayed 4 second(s)

2018-12-12 15:01:57 - [MESSAGE][PASSED] - Delayed 4 second(s)

2018-12-12 15:01:57 - [TEST_STEP][PASSED] - setText: Text '010903091927' is set on object 'Object Repository/Final Object Repo/New Registration - Registration Module Pages/Form 2/NRIC Input'

2018-12-12 15:01:57 - [MESSAGE][PASSED] - Text '010903091927' is set on object 'Object Repository/Final Object Repo/New Registration - Registration Module Pages/Form 2/NRIC Input'

2018-12-12 15:01:57 - [TEST_STEP][PASSED] - click: Object: 'Object Repository/Final Object Repo/New Registration - Registration Module Pages/Form 2/button for search for IC' is clicked on

2018-12-12 15:01:57 - [MESSAGE][PASSED] - Object: 'Object Repository/Final Object Repo/New Registration - Registration Module Pages/Form 2/button for search for IC' is clicked on

2018-12-12 15:01:57 - [TEST_STEP][PASSED] - delay: Delayed 2 second(s)

2018-12-12 15:01:59 - [MESSAGE][PASSED] - Delayed 2 second(s)

2018-12-12 15:01:59 - [TEST_STEP][PASSED] - setText: Text 'Automate001 eligible 1' is set on object 'Object Repository/Final Object Repo/New Registration - Registration Module Pages/Form 2/Employee Name Input'

2018-12-12 15:02:00 - [MESSAGE][PASSED] - Text 'Automate001 eligible 1' is set on object 'Object Repository/Final Object Repo/New Registration - Registration Module Pages/Form 2/Employee Name Input'

2018-12-12 15:02:00 - [TEST_STEP][PASSED] - delay: Delayed 2 second(s)

2018-12-12 15:02:02 - [MESSAGE][PASSED] - Delayed 2 second(s)

2018-12-12 15:02:02 - [TEST_STEP][PASSED] - click: Object: 'Object Repository/Final Object Repo/New Registration - Registration Module Pages/Form 2/DatePicker Pop Up' is clicked on

2018-12-12 15:02:02 - [MESSAGE][PASSED] - Object: 'Object Repository/Final Object Repo/New Registration - Registration Module Pages/Form 2/DatePicker Pop Up' is clicked on

2018-12-12 15:02:02 - [TEST_STEP][PASSED] - click: Object: 'Object Repository/Final Object Repo/New Registration - Registration Module Pages/Form 2/DOB Month' is clicked on

2018-12-12 15:02:03 - [MESSAGE][PASSED] - Object: 'Object Repository/Final Object Repo/New Registration - Registration Module Pages/Form 2/DOB Month' is clicked on

2018-12-12 15:02:03 - [TEST_STEP][PASSED] - Statement - CurrentMonth = CurrentMonth: null

2018-12-12 15:02:03 - [TEST_STEP][PASSED] - Statement - selectMonth = new com.kms.katalon.core.testobject.TestObject(): null

2018-12-12 15:02:03 - [TEST_STEP][PASSED] - Statement - selectMonth.addProperty("xpath", EQUALS, "//body/div/div/div/select/option[@value='" + CurrentMonth + "']", true): null

2018-12-12 15:02:03 - [TEST_STEP][PASSED] - click: Object: '' is clicked on

2018-12-12 15:02:03 - [MESSAGE][PASSED] - Object: '' is clicked on

2018-12-12 15:02:03 - [TEST_STEP][PASSED] - click: Object: 'Object Repository/Final Object Repo/New Registration - Registration Module Pages/Form 2/DOB Year' is clicked on

2018-12-12 15:02:03 - [MESSAGE][PASSED] - Object: 'Object Repository/Final Object Repo/New Registration - Registration Module Pages/Form 2/DOB Year' is clicked on

2018-12-12 15:02:03 - [TEST_STEP][PASSED] - Statement - Eyearsbf = EighteenYrsBefore: null

2018-12-12 15:02:03 - [TEST_STEP][PASSED] - Statement - selectYear = new com.kms.katalon.core.testobject.TestObject(): null

2018-12-12 15:02:03 - [TEST_STEP][PASSED] - Statement - selectYear.addProperty("xpath", EQUALS, "//div/div/div/select/option[@value='" + Eyearsbf + "']", true): null

2018-12-12 15:02:03 - [TEST_STEP][PASSED] - click: Object: '' is clicked on

2018-12-12 15:02:03 - [MESSAGE][PASSED] - Object: '' is clicked on

2018-12-12 15:02:03 - [TEST_STEP][PASSED] - Statement - UpdatedSelectDate = com.kms.katalon.core.webui.keyword.WebUiBuiltInKeywords.modifyObjectProperty(com.kms.katalon.core.testobject.ObjectRepository.findTestObject(Final Object Repo/New Registration - Registration Module Pages/Form 2/DOB Date), "xpath", "equals", "//body/div/table/tbody/tr/td/a[text()="" + CurrentDate + ""]", true): Modify property of object successfully

2018-12-12 15:02:03 - [MESSAGE][PASSED] - Modify property of object successfully

2018-12-12 15:02:03 - [TEST_STEP][PASSED] - delay: Delayed 3 second(s)

2018-12-12 15:02:06 - [MESSAGE][PASSED] - Delayed 3 second(s)

2018-12-12 15:02:06 - [TEST_STEP][PASSED] - click: Object: 'Object Repository/Final Object Repo/New Registration - Registration Module Pages/Form 2/DOB Date' is clicked on

2018-12-12 15:02:06 - [MESSAGE][PASSED] - Object: 'Object Repository/Final Object Repo/New Registration - Registration Module Pages/Form 2/DOB Date' is clicked on

2018-12-12 15:02:06 - [TEST_STEP][PASSED] - delay: Delayed 2 second(s)

2018-12-12 15:02:08 - [MESSAGE][PASSED] - Delayed 2 second(s)

2018-12-12 15:02:08 - [TEST_STEP][PASSED] - click: Object: 'Object Repository/Final Object Repo/New Registration - Registration Module Pages/Form 2/EmploymentStartDate Pop Up' is clicked on

2018-12-12 15:02:08 - [MESSAGE][PASSED] - Object: 'Object Repository/Final Object Repo/New Registration - Registration Module Pages/Form 2/EmploymentStartDate Pop Up' is clicked on

2018-12-12 15:02:08 - [TEST_STEP][PASSED] - delay: Delayed 2 second(s)

2018-12-12 15:02:10 - [MESSAGE][PASSED] - Delayed 2 second(s)

2018-12-12 15:02:10 - [TEST_STEP][PASSED] - click: Object: 'Object Repository/Final Object Repo/New Registration - Registration Module Pages/Form 2/Socso Employment StartDate Month' is clicked on

2018-12-12 15:02:11 - [MESSAGE][PASSED] - Object: 'Object Repository/Final Object Repo/New Registration - Registration Module Pages/Form 2/Socso Employment StartDate Month' is clicked on

2018-12-12 15:02:11 - [TEST_STEP][PASSED] - delay: Delayed 1 second(s)

2018-12-12 15:02:12 - [MESSAGE][PASSED] - Delayed 1 second(s)

2018-12-12 15:02:12 - [TEST_STEP][PASSED] - click: Object: 'Object Repository/Final Object Repo/New Registration - Registration Module Pages/Form 2/Select Socso Employement Startdate Month' is clicked on

2018-12-12 15:02:12 - [MESSAGE][PASSED] - Object: 'Object Repository/Final Object Repo/New Registration - Registration Module Pages/Form 2/Select Socso Employement Startdate Month' is clicked on

2018-12-12 15:02:12 - [TEST_STEP][PASSED] - delay: Delayed 2 second(s)

2018-12-12 15:02:14 - [MESSAGE][PASSED] - Delayed 2 second(s)

2018-12-12 15:02:14 - [TEST_STEP][PASSED] - click: Object: 'Object Repository/Final Object Repo/New Registration - Registration Module Pages/Form 2/Socso Employment StartDate Year' is clicked on

2018-12-12 15:02:14 - [MESSAGE][PASSED] - Object: 'Object Repository/Final Object Repo/New Registration - Registration Module Pages/Form 2/Socso Employment StartDate Year' is clicked on

2018-12-12 15:02:14 - [TEST_STEP][PASSED] - delay: Delayed 1 second(s)

2018-12-12 15:02:15 - [MESSAGE][PASSED] - Delayed 1 second(s)

2018-12-12 15:02:15 - [TEST_STEP][PASSED] - click: Object: 'Object Repository/Final Object Repo/New Registration - Registration Module Pages/Form 2/Select Socso Employment Startdate Year' is clicked on

2018-12-12 15:02:15 - [MESSAGE][PASSED] - Object: 'Object Repository/Final Object Repo/New Registration - Registration Module Pages/Form 2/Select Socso Employment Startdate Year' is clicked on

2018-12-12 15:02:15 - [TEST_STEP][PASSED] - delay: Delayed 2 second(s)

2018-12-12 15:02:17 - [MESSAGE][PASSED] - Delayed 2 second(s)

2018-12-12 15:02:17 - [TEST_STEP][PASSED] - click: Object: 'Object Repository/Final Object Repo/New Registration - Registration Module Pages/Form 2/Socso Employment Start Date Day' is clicked on

2018-12-12 15:02:17 - [MESSAGE][PASSED] - Object: 'Object Repository/Final Object Repo/New Registration - Registration Module Pages/Form 2/Socso Employment Start Date Day' is clicked on

2018-12-12 15:02:17 - [TEST_STEP][PASSED] - delay: Delayed 2 second(s)

2018-12-12 15:02:19 - [MESSAGE][PASSED] - Delayed 2 second(s)

2018-12-12 15:02:19 - [TEST_STEP][PASSED] - click: Object: 'Object Repository/Final Object Repo/New Registration - Registration Module Pages/Form 2/Save Button for Add Employee' is clicked on

2018-12-12 15:02:19 - [MESSAGE][PASSED] - Object: 'Object Repository/Final Object Repo/New Registration - Registration Module Pages/Form 2/Save Button for Add Employee' is clicked on

2018-12-12 15:02:19 - [TEST_STEP][PASSED] - delay: Delayed 6 second(s)

2018-12-12 15:02:25 - [MESSAGE][PASSED] - Delayed 6 second(s)

2018-12-12 15:02:25 - [TEST_STEP][PASSED] - click: Object: 'Object Repository/Final Object Repo/New Registration - Registration Module Pages/Form 2/Add Employee Button' is clicked on

2018-12-12 15:02:26 - [MESSAGE][PASSED] - Object: 'Object Repository/Final Object Repo/New Registration - Registration Module Pages/Form 2/Add Employee Button' is clicked on

2018-12-12 15:02:26 - [TEST_STEP][PASSED] - delay: Delayed 4 second(s)

2018-12-12 15:02:30 - [MESSAGE][PASSED] - Delayed 4 second(s)

2018-12-12 15:02:30 - [TEST_STEP][PASSED] - setText: Text '620904059691' is set on object 'Object Repository/Final Object Repo/New Registration - Registration Module Pages/Form 2/NRIC Input'

2018-12-12 15:02:30 - [MESSAGE][PASSED] - Text '620904059691' is set on object 'Object Repository/Final Object Repo/New Registration - Registration Module Pages/Form 2/NRIC Input'

2018-12-12 15:02:30 - [TEST_STEP][PASSED] - click: Object: 'Object Repository/Final Object Repo/New Registration - Registration Module Pages/Form 2/button for search for IC' is clicked on

2018-12-12 15:02:30 - [MESSAGE][PASSED] - Object: 'Object Repository/Final Object Repo/New Registration - Registration Module Pages/Form 2/button for search for IC' is clicked on

2018-12-12 15:02:30 - [TEST_STEP][PASSED] - delay: Delayed 2 second(s)

2018-12-12 15:02:32 - [MESSAGE][PASSED] - Delayed 2 second(s)

2018-12-12 15:02:32 - [TEST_STEP][PASSED] - setText: Text 'Automate001 eligible 2' is set on object 'Object Repository/Final Object Repo/New Registration - Registration Module Pages/Form 2/Employee Name Input'

2018-12-12 15:02:33 - [MESSAGE][PASSED] - Text 'Automate001 eligible 2' is set on object 'Object Repository/Final Object Repo/New Registration - Registration Module Pages/Form 2/Employee Name Input'

2018-12-12 15:02:33 - [TEST_STEP][PASSED] - delay: Delayed 2 second(s)

2018-12-12 15:02:35 - [MESSAGE][PASSED] - Delayed 2 second(s)

2018-12-12 15:02:35 - [TEST_STEP][PASSED] - click: Object: 'Object Repository/Final Object Repo/New Registration - Registration Module Pages/Form 2/DatePicker Pop Up' is clicked on

2018-12-12 15:02:35 - [MESSAGE][PASSED] - Object: 'Object Repository/Final Object Repo/New Registration - Registration Module Pages/Form 2/DatePicker Pop Up' is clicked on

2018-12-12 15:02:35 - [TEST_STEP][PASSED] - delay: Delayed 2 second(s)

2018-12-12 15:02:37 - [MESSAGE][PASSED] - Delayed 2 second(s)

2018-12-12 15:02:37 - [TEST_STEP][PASSED] - click: Object: 'Object Repository/Final Object Repo/New Registration - Registration Module Pages/Form 2/DOB Month' is clicked on

2018-12-12 15:02:37 - [MESSAGE][PASSED] - Object: 'Object Repository/Final Object Repo/New Registration - Registration Module Pages/Form 2/DOB Month' is clicked on

2018-12-12 15:02:37 - [TEST_STEP][PASSED] - Statement - selectMonth = com.kms.katalon.core.webui.keyword.WebUiBuiltInKeywords.modifyObjectProperty(selectMonth, "xpath", "equals", "//body/div/div/div/select/option[@value="" + CurrentMonth + ""]", true): Modify property of object successfully

2018-12-12 15:02:37 - [MESSAGE][PASSED] - Modify property of object successfully

2018-12-12 15:02:37 - [TEST_STEP][PASSED] - click: Object: '' is clicked on

2018-12-12 15:02:37 - [MESSAGE][PASSED] - Object: '' is clicked on

2018-12-12 15:02:37 - [TEST_STEP][PASSED] - click: Object: 'Object Repository/Final Object Repo/New Registration - Registration Module Pages/Form 2/DOB Year' is clicked on

2018-12-12 15:02:37 - [MESSAGE][PASSED] - Object: 'Object Repository/Final Object Repo/New Registration - Registration Module Pages/Form 2/DOB Year' is clicked on

2018-12-12 15:02:37 - [TEST_STEP][PASSED] - Statement - selectYear = com.kms.katalon.core.webui.keyword.WebUiBuiltInKeywords.modifyObjectProperty(selectYear, "xpath", "equals", "//div/div/div/select/option[@value="" + FiftysevenYrsBefore + ""]", true): Modify property of object successfully

2018-12-12 15:02:37 - [MESSAGE][PASSED] - Modify property of object successfully

2018-12-12 15:02:37 - [TEST_STEP][PASSED] - click: Object: '' is clicked on

2018-12-12 15:02:38 - [MESSAGE][PASSED] - Object: '' is clicked on

2018-12-12 15:02:38 - [TEST_STEP][PASSED] - Statement - UpdatedSelectDate = com.kms.katalon.core.webui.keyword.WebUiBuiltInKeywords.modifyObjectProperty(com.kms.katalon.core.testobject.ObjectRepository.findTestObject(Final Object Repo/New Registration - Registration Module Pages/Form 2/DOB Date), "xpath", "equals", "//body/div/table/tbody/tr/td/a[text()="" + OneDayBefore + ""]", true): Modify property of object successfully

2018-12-12 15:02:38 - [MESSAGE][PASSED] - Modify property of object successfully

2018-12-12 15:02:38 - [TEST_STEP][PASSED] - click: Object: 'Object Repository/Final Object Repo/New Registration - Registration Module Pages/Form 2/DOB Date' is clicked on

2018-12-12 15:02:38 - [MESSAGE][PASSED] - Object: 'Object Repository/Final Object Repo/New Registration - Registration Module Pages/Form 2/DOB Date' is clicked on

2018-12-12 15:02:38 - [TEST_STEP][PASSED] - delay: Delayed 2 second(s)

2018-12-12 15:02:40 - [MESSAGE][PASSED] - Delayed 2 second(s)

2018-12-12 15:02:40 - [TEST_STEP][PASSED] - click: Object: 'Object Repository/Final Object Repo/New Registration - Registration Module Pages/Form 2/EmploymentStartDate Pop Up' is clicked on

2018-12-12 15:02:40 - [MESSAGE][PASSED] - Object: 'Object Repository/Final Object Repo/New Registration - Registration Module Pages/Form 2/EmploymentStartDate Pop Up' is clicked on

2018-12-12 15:02:40 - [TEST_STEP][PASSED] - delay: Delayed 2 second(s)

2018-12-12 15:02:42 - [MESSAGE][PASSED] - Delayed 2 second(s)

2018-12-12 15:02:42 - [TEST_STEP][PASSED] - click: Object: 'Object Repository/Final Object Repo/New Registration - Registration Module Pages/Form 2/Socso Employment StartDate Month' is clicked on

2018-12-12 15:02:42 - [MESSAGE][PASSED] - Object: 'Object Repository/Final Object Repo/New Registration - Registration Module Pages/Form 2/Socso Employment StartDate Month' is clicked on

2018-12-12 15:02:42 - [TEST_STEP][PASSED] - delay: Delayed 1 second(s)

2018-12-12 15:02:43 - [MESSAGE][PASSED] - Delayed 1 second(s)

2018-12-12 15:02:43 - [TEST_STEP][PASSED] - click: Object: 'Object Repository/Final Object Repo/New Registration - Registration Module Pages/Form 2/Select Socso Employement Startdate Month' is clicked on

2018-12-12 15:02:43 - [MESSAGE][PASSED] - Object: 'Object Repository/Final Object Repo/New Registration - Registration Module Pages/Form 2/Select Socso Employement Startdate Month' is clicked on

2018-12-12 15:02:43 - [TEST_STEP][PASSED] - delay: Delayed 2 second(s)

2018-12-12 15:02:45 - [MESSAGE][PASSED] - Delayed 2 second(s)

2018-12-12 15:02:45 - [TEST_STEP][PASSED] - click: Object: 'Object Repository/Final Object Repo/New Registration - Registration Module Pages/Form 2/Socso Employment StartDate Year' is clicked on

2018-12-12 15:02:45 - [MESSAGE][PASSED] - Object: 'Object Repository/Final Object Repo/New Registration - Registration Module Pages/Form 2/Socso Employment StartDate Year' is clicked on

2018-12-12 15:02:45 - [TEST_STEP][PASSED] - delay: Delayed 1 second(s)

2018-12-12 15:02:46 - [MESSAGE][PASSED] - Delayed 1 second(s)

2018-12-12 15:02:46 - [TEST_STEP][PASSED] - click: Object: 'Object Repository/Final Object Repo/New Registration - Registration Module Pages/Form 2/Select Socso Employment Startdate Year' is clicked on

2018-12-12 15:02:47 - [MESSAGE][PASSED] - Object: 'Object Repository/Final Object Repo/New Registration - Registration Module Pages/Form 2/Select Socso Employment Startdate Year' is clicked on

2018-12-12 15:02:47 - [TEST_STEP][PASSED] - delay: Delayed 2 second(s)

2018-12-12 15:02:49 - [MESSAGE][PASSED] - Delayed 2 second(s)

2018-12-12 15:02:49 - [TEST_STEP][PASSED] - click: Object: 'Object Repository/Final Object Repo/New Registration - Registration Module Pages/Form 2/Socso Employment Start Date Day' is clicked on

2018-12-12 15:02:49 - [MESSAGE][PASSED] - Object: 'Object Repository/Final Object Repo/New Registration - Registration Module Pages/Form 2/Socso Employment Start Date Day' is clicked on

2018-12-12 15:02:49 - [TEST_STEP][PASSED] - delay: Delayed 2 second(s)

2018-12-12 15:02:51 - [MESSAGE][PASSED] - Delayed 2 second(s)

2018-12-12 15:02:51 - [TEST_STEP][PASSED] - click: Object: 'Object Repository/Final Object Repo/New Registration - Registration Module Pages/Form 2/Save Button for Add Employee' is clicked on

2018-12-12 15:02:51 - [MESSAGE][PASSED] - Object: 'Object Repository/Final Object Repo/New Registration - Registration Module Pages/Form 2/Save Button for Add Employee' is clicked on

2018-12-12 15:02:51 - [TEST_STEP][PASSED] - delay: Delayed 4 second(s)

2018-12-12 15:02:55 - [MESSAGE][PASSED] - Delayed 4 second(s)

2018-12-12 15:02:55 - [TEST_STEP][PASSED] - delay: Delayed 30 second(s)

2018-12-12 15:03:25 - [MESSAGE][PASSED] - Delayed 30 second(s)

2018-12-12 15:03:25 - [TEST_STEP][PASSED] - click: Object: 'Object Repository/Final Object Repo/New Registration - Registration Module Pages/Form 2/Add Employee Button' is clicked on

2018-12-12 15:03:25 - [MESSAGE][PASSED] - Object: 'Object Repository/Final Object Repo/New Registration - Registration Module Pages/Form 2/Add Employee Button' is clicked on

2018-12-12 15:03:25 - [TEST_STEP][PASSED] - delay: Delayed 4 second(s)

2018-12-12 15:03:29 - [MESSAGE][PASSED] - Delayed 4 second(s)

2018-12-12 15:03:29 - [TEST_STEP][PASSED] - setText: Text '000209039145' is set on object 'Object Repository/Final Object Repo/New Registration - Registration Module Pages/Form 2/NRIC Input'

2018-12-12 15:03:29 - [MESSAGE][PASSED] - Text '000209039145' is set on object 'Object Repository/Final Object Repo/New Registration - Registration Module Pages/Form 2/NRIC Input'

2018-12-12 15:03:29 - [TEST_STEP][PASSED] - click: Object: 'Object Repository/Final Object Repo/New Registration - Registration Module Pages/Form 2/button for search for IC' is clicked on

2018-12-12 15:03:30 - [MESSAGE][PASSED] - Object: 'Object Repository/Final Object Repo/New Registration - Registration Module Pages/Form 2/button for search for IC' is clicked on

2018-12-12 15:03:30 - [TEST_STEP][PASSED] - delay: Delayed 2 second(s)

2018-12-12 15:03:32 - [MESSAGE][PASSED] - Delayed 2 second(s)

2018-12-12 15:03:32 - [TEST_STEP][PASSED] - setText: Text 'Automate001 not eligible 1' is set on object 'Object Repository/Final Object Repo/New Registration - Registration Module Pages/Form 2/Employee Name Input'

2018-12-12 15:03:32 - [MESSAGE][PASSED] - Text 'Automate001 not eligible 1' is set on object 'Object Repository/Final Object Repo/New Registration - Registration Module Pages/Form 2/Employee Name Input'

2018-12-12 15:03:32 - [TEST_STEP][PASSED] - delay: Delayed 2 second(s)

2018-12-12 15:03:34 - [MESSAGE][PASSED] - Delayed 2 second(s)

2018-12-12 15:03:34 - [TEST_STEP][PASSED] - click: Object: 'Object Repository/Final Object Repo/New Registration - Registration Module Pages/Form 2/DatePicker Pop Up' is clicked on

2018-12-12 15:03:34 - [MESSAGE][PASSED] - Object: 'Object Repository/Final Object Repo/New Registration - Registration Module Pages/Form 2/DatePicker Pop Up' is clicked on

2018-12-12 15:03:34 - [TEST_STEP][PASSED] - delay: Delayed 2 second(s)

2018-12-12 15:03:36 - [MESSAGE][PASSED] - Delayed 2 second(s)

2018-12-12 15:03:36 - [TEST_STEP][PASSED] - click: Object: 'Object Repository/Final Object Repo/New Registration - Registration Module Pages/Form 2/DOB Month' is clicked on

2018-12-12 15:03:37 - [MESSAGE][PASSED] - Object: 'Object Repository/Final Object Repo/New Registration - Registration Module Pages/Form 2/DOB Month' is clicked on

2018-12-12 15:03:37 - [TEST_STEP][PASSED] - Statement - selectMonth = com.kms.katalon.core.webui.keyword.WebUiBuiltInKeywords.modifyObjectProperty(selectMonth, "xpath", "equals", "//body/div/div/div/select/option[@value="" + CurrentMonth + ""]", true): Modify property of object successfully

2018-12-12 15:03:37 - [MESSAGE][PASSED] - Modify property of object successfully

2018-12-12 15:03:37 - [TEST_STEP][PASSED] - click: Object: '' is clicked on

2018-12-12 15:03:37 - [MESSAGE][PASSED] - Object: '' is clicked on

2018-12-12 15:03:37 - [TEST_STEP][PASSED] - click: Object: 'Object Repository/Final Object Repo/New Registration - Registration Module Pages/Form 2/DOB Year' is clicked on

2018-12-12 15:03:37 - [MESSAGE][PASSED] - Object: 'Object Repository/Final Object Repo/New Registration - Registration Module Pages/Form 2/DOB Year' is clicked on

2018-12-12 15:03:37 - [TEST_STEP][PASSED] - Statement - selectYear = com.kms.katalon.core.webui.keyword.WebUiBuiltInKeywords.modifyObjectProperty(selectYear, "xpath", "equals", "//div/div/div/select/option[@value="" + EighteenYrsBefore + ""]", true): Modify property of object successfully

2018-12-12 15:03:37 - [MESSAGE][PASSED] - Modify property of object successfully

2018-12-12 15:03:37 - [TEST_STEP][PASSED] - click: Object: '' is clicked on

2018-12-12 15:03:37 - [MESSAGE][PASSED] - Object: '' is clicked on

2018-12-12 15:03:37 - [TEST_STEP][PASSED] - Statement - UpdatedSelectDate = com.kms.katalon.core.webui.keyword.WebUiBuiltInKeywords.modifyObjectProperty(com.kms.katalon.core.testobject.ObjectRepository.findTestObject(Final Object Repo/New Registration - Registration Module Pages/Form 2/DOB Date), "xpath", "equals", "//body/div/table/tbody/tr/td/a[text()="" + OneDayBefore + ""]", true): Modify property of object successfully

2018-12-12 15:03:37 - [MESSAGE][PASSED] - Modify property of object successfully

2018-12-12 15:03:37 - [TEST_STEP][PASSED] - click: Object: 'Object Repository/Final Object Repo/New Registration - Registration Module Pages/Form 2/DOB Date' is clicked on

2018-12-12 15:03:37 - [MESSAGE][PASSED] - Object: 'Object Repository/Final Object Repo/New Registration - Registration Module Pages/Form 2/DOB Date' is clicked on

2018-12-12 15:03:37 - [TEST_STEP][PASSED] - delay: Delayed 2 second(s)

2018-12-12 15:03:39 - [MESSAGE][PASSED] - Delayed 2 second(s)

2018-12-12 15:03:39 - [TEST_STEP][PASSED] - click: Object: 'Object Repository/Final Object Repo/New Registration - Registration Module Pages/Form 2/EmploymentStartDate Pop Up' is clicked on

2018-12-12 15:03:39 - [MESSAGE][PASSED] - Object: 'Object Repository/Final Object Repo/New Registration - Registration Module Pages/Form 2/EmploymentStartDate Pop Up' is clicked on

2018-12-12 15:03:39 - [TEST_STEP][PASSED] - delay: Delayed 2 second(s)

2018-12-12 15:03:41 - [MESSAGE][PASSED] - Delayed 2 second(s)

2018-12-12 15:03:41 - [TEST_STEP][PASSED] - click: Object: 'Object Repository/Final Object Repo/New Registration - Registration Module Pages/Form 2/Socso Employment StartDate Month' is clicked on

2018-12-12 15:03:42 - [MESSAGE][PASSED] - Object: 'Object Repository/Final Object Repo/New Registration - Registration Module Pages/Form 2/Socso Employment StartDate Month' is clicked on

2018-12-12 15:03:42 - [TEST_STEP][PASSED] - delay: Delayed 1 second(s)

2018-12-12 15:03:43 - [MESSAGE][PASSED] - Delayed 1 second(s)

2018-12-12 15:03:43 - [TEST_STEP][PASSED] - click: Object: 'Object Repository/Final Object Repo/New Registration - Registration Module Pages/Form 2/Select Socso Employement Startdate Month' is clicked on

2018-12-12 15:03:43 - [MESSAGE][PASSED] - Object: 'Object Repository/Final Object Repo/New Registration - Registration Module Pages/Form 2/Select Socso Employement Startdate Month' is clicked on

2018-12-12 15:03:43 - [TEST_STEP][PASSED] - delay: Delayed 2 second(s)

2018-12-12 15:03:45 - [MESSAGE][PASSED] - Delayed 2 second(s)

2018-12-12 15:03:45 - [TEST_STEP][PASSED] - click: Object: 'Object Repository/Final Object Repo/New Registration - Registration Module Pages/Form 2/Socso Employment StartDate Year' is clicked on

2018-12-12 15:03:45 - [MESSAGE][PASSED] - Object: 'Object Repository/Final Object Repo/New Registration - Registration Module Pages/Form 2/Socso Employment StartDate Year' is clicked on

2018-12-12 15:03:45 - [TEST_STEP][PASSED] - delay: Delayed 1 second(s)

2018-12-12 15:03:46 - [MESSAGE][PASSED] - Delayed 1 second(s)

2018-12-12 15:03:46 - [TEST_STEP][PASSED] - click: Object: 'Object Repository/Final Object Repo/New Registration - Registration Module Pages/Form 2/Select Socso Employment Startdate Year' is clicked on

2018-12-12 15:03:46 - [MESSAGE][PASSED] - Object: 'Object Repository/Final Object Repo/New Registration - Registration Module Pages/Form 2/Select Socso Employment Startdate Year' is clicked on

2018-12-12 15:03:46 - [TEST_STEP][PASSED] - delay: Delayed 2 second(s)

2018-12-12 15:03:48 - [MESSAGE][PASSED] - Delayed 2 second(s)

2018-12-12 15:03:48 - [TEST_STEP][PASSED] - click: Object: 'Object Repository/Final Object Repo/New Registration - Registration Module Pages/Form 2/Socso Employment Start Date Day' is clicked on

2018-12-12 15:03:48 - [MESSAGE][PASSED] - Object: 'Object Repository/Final Object Repo/New Registration - Registration Module Pages/Form 2/Socso Employment Start Date Day' is clicked on

2018-12-12 15:03:48 - [TEST_STEP][PASSED] - delay: Delayed 2 second(s)

2018-12-12 15:03:50 - [MESSAGE][PASSED] - Delayed 2 second(s)

2018-12-12 15:03:50 - [TEST_STEP][PASSED] - click: Object: 'Object Repository/Final Object Repo/New Registration - Registration Module Pages/Form 2/Save Button for Add Employee' is clicked on

2018-12-12 15:03:50 - [MESSAGE][PASSED] - Object: 'Object Repository/Final Object Repo/New Registration - Registration Module Pages/Form 2/Save Button for Add Employee' is clicked on

2018-12-12 15:03:50 - [TEST_STEP][PASSED] - delay: Delayed 6 second(s)

2018-12-12 15:03:56 - [MESSAGE][PASSED] - Delayed 6 second(s)

2018-12-12 15:03:56 - [TEST_STEP][PASSED] - click: Object: 'Object Repository/Final Object Repo/New Registration - Registration Module Pages/Form 2/Add Employee Button' is clicked on

2018-12-12 15:03:57 - [MESSAGE][PASSED] - Object: 'Object Repository/Final Object Repo/New Registration - Registration Module Pages/Form 2/Add Employee Button' is clicked on

2018-12-12 15:03:57 - [TEST_STEP][PASSED] - delay: Delayed 4 second(s)

2018-12-12 15:04:01 - [MESSAGE][PASSED] - Delayed 4 second(s)

2018-12-12 15:04:01 - [TEST_STEP][PASSED] - setText: Text '600203039154' is set on object 'Object Repository/Final Object Repo/New Registration - Registration Module Pages/Form 2/NRIC Input'

2018-12-12 15:04:01 - [MESSAGE][PASSED] - Text '600203039154' is set on object 'Object Repository/Final Object Repo/New Registration - Registration Module Pages/Form 2/NRIC Input'

2018-12-12 15:04:01 - [TEST_STEP][PASSED] - click: Object: 'Object Repository/Final Object Repo/New Registration - Registration Module Pages/Form 2/button for search for IC' is clicked on

2018-12-12 15:04:01 - [MESSAGE][PASSED] - Object: 'Object Repository/Final Object Repo/New Registration - Registration Module Pages/Form 2/button for search for IC' is clicked on

2018-12-12 15:04:01 - [TEST_STEP][PASSED] - delay: Delayed 2 second(s)

2018-12-12 15:04:03 - [MESSAGE][PASSED] - Delayed 2 second(s)

2018-12-12 15:04:03 - [TEST_STEP][PASSED] - setText: Text 'Automate001 not eligible 2' is set on object 'Object Repository/Final Object Repo/New Registration - Registration Module Pages/Form 2/Employee Name Input'

2018-12-12 15:04:04 - [MESSAGE][PASSED] - Text 'Automate001 not eligible 2' is set on object 'Object Repository/Final Object Repo/New Registration - Registration Module Pages/Form 2/Employee Name Input'

2018-12-12 15:04:04 - [TEST_STEP][PASSED] - delay: Delayed 2 second(s)

2018-12-12 15:04:06 - [MESSAGE][PASSED] - Delayed 2 second(s)

2018-12-12 15:04:06 - [TEST_STEP][PASSED] - click: Object: 'Object Repository/Final Object Repo/New Registration - Registration Module Pages/Form 2/DatePicker Pop Up' is clicked on

2018-12-12 15:04:06 - [MESSAGE][PASSED] - Object: 'Object Repository/Final Object Repo/New Registration - Registration Module Pages/Form 2/DatePicker Pop Up' is clicked on

2018-12-12 15:04:06 - [TEST_STEP][PASSED] - delay: Delayed 2 second(s)

2018-12-12 15:04:08 - [MESSAGE][PASSED] - Delayed 2 second(s)

2018-12-12 15:04:08 - [TEST_STEP][PASSED] - click: Object: 'Object Repository/Final Object Repo/New Registration - Registration Module Pages/Form 2/DOB Month' is clicked on

2018-12-12 15:04:08 - [MESSAGE][PASSED] - Object: 'Object Repository/Final Object Repo/New Registration - Registration Module Pages/Form 2/DOB Month' is clicked on

2018-12-12 15:04:08 - [TEST_STEP][PASSED] - Statement - selectMonth = com.kms.katalon.core.webui.keyword.WebUiBuiltInKeywords.modifyObjectProperty(selectMonth, "xpath", "equals", "//body/div/div/div/select/option[@value="" + CurrentMonth + ""]", true): Modify property of object successfully

2018-12-12 15:04:08 - [MESSAGE][PASSED] - Modify property of object successfully

2018-12-12 15:04:08 - [TEST_STEP][PASSED] - click: Object: '' is clicked on

2018-12-12 15:04:08 - [MESSAGE][PASSED] - Object: '' is clicked on

2018-12-12 15:04:08 - [TEST_STEP][PASSED] - click: Object: 'Object Repository/Final Object Repo/New Registration - Registration Module Pages/Form 2/DOB Year' is clicked on

2018-12-12 15:04:08 - [MESSAGE][PASSED] - Object: 'Object Repository/Final Object Repo/New Registration - Registration Module Pages/Form 2/DOB Year' is clicked on

2018-12-12 15:04:08 - [TEST_STEP][PASSED] - Statement - selectYear = com.kms.katalon.core.webui.keyword.WebUiBuiltInKeywords.modifyObjectProperty(selectYear, "xpath", "equals", "//div/div/div/select/option[@value="" + FiftysevenYrsBefore + ""]", true): Modify property of object successfully

2018-12-12 15:04:08 - [MESSAGE][PASSED] - Modify property of object successfully

2018-12-12 15:04:08 - [TEST_STEP][PASSED] - click: Object: '' is clicked on

2018-12-12 15:04:09 - [MESSAGE][PASSED] - Object: '' is clicked on

2018-12-12 15:04:09 - [TEST_STEP][PASSED] - Statement - UpdatedSelectDate = com.kms.katalon.core.webui.keyword.WebUiBuiltInKeywords.modifyObjectProperty(com.kms.katalon.core.testobject.ObjectRepository.findTestObject(Final Object Repo/New Registration - Registration Module Pages/Form 2/DOB Date), "xpath", "equals", "//body/div/table/tbody/tr/td/a[text()="" + CurrentDate + ""]", true): Modify property of object successfully

2018-12-12 15:04:09 - [MESSAGE][PASSED] - Modify property of object successfully

2018-12-12 15:04:09 - [TEST_STEP][PASSED] - click: Object: 'Object Repository/Final Object Repo/New Registration - Registration Module Pages/Form 2/DOB Date' is clicked on

2018-12-12 15:04:09 - [MESSAGE][PASSED] - Object: 'Object Repository/Final Object Repo/New Registration - Registration Module Pages/Form 2/DOB Date' is clicked on

2018-12-12 15:04:09 - [TEST_STEP][PASSED] - click: Object: 'Object Repository/Final Object Repo/New Registration - Registration Module Pages/Form 2/EmploymentStartDate Pop Up' is clicked on

2018-12-12 15:04:09 - [MESSAGE][PASSED] - Object: 'Object Repository/Final Object Repo/New Registration - Registration Module Pages/Form 2/EmploymentStartDate Pop Up' is clicked on

2018-12-12 15:04:09 - [TEST_STEP][PASSED] - delay: Delayed 2 second(s)

2018-12-12 15:04:11 - [MESSAGE][PASSED] - Delayed 2 second(s)

2018-12-12 15:04:11 - [TEST_STEP][PASSED] - click: Object: 'Object Repository/Final Object Repo/New Registration - Registration Module Pages/Form 2/Socso Employment StartDate Month' is clicked on

2018-12-12 15:04:11 - [MESSAGE][PASSED] - Object: 'Object Repository/Final Object Repo/New Registration - Registration Module Pages/Form 2/Socso Employment StartDate Month' is clicked on

2018-12-12 15:04:11 - [TEST_STEP][PASSED] - delay: Delayed 1 second(s)

2018-12-12 15:04:12 - [MESSAGE][PASSED] - Delayed 1 second(s)

2018-12-12 15:04:12 - [TEST_STEP][PASSED] - click: Object: 'Object Repository/Final Object Repo/New Registration - Registration Module Pages/Form 2/Select Socso Employement Startdate Month' is clicked on

2018-12-12 15:04:12 - [MESSAGE][PASSED] - Object: 'Object Repository/Final Object Repo/New Registration - Registration Module Pages/Form 2/Select Socso Employement Startdate Month' is clicked on

2018-12-12 15:04:12 - [TEST_STEP][PASSED] - delay: Delayed 2 second(s)

2018-12-12 15:04:14 - [MESSAGE][PASSED] - Delayed 2 second(s)

2018-12-12 15:04:14 - [TEST_STEP][PASSED] - click: Object: 'Object Repository/Final Object Repo/New Registration - Registration Module Pages/Form 2/Socso Employment StartDate Year' is clicked on

2018-12-12 15:04:15 - [MESSAGE][PASSED] - Object: 'Object Repository/Final Object Repo/New Registration - Registration Module Pages/Form 2/Socso Employment StartDate Year' is clicked on

2018-12-12 15:04:15 - [TEST_STEP][PASSED] - delay: Delayed 1 second(s)

2018-12-12 15:04:16 - [MESSAGE][PASSED] - Delayed 1 second(s)

2018-12-12 15:04:16 - [TEST_STEP][PASSED] - click: Object: 'Object Repository/Final Object Repo/New Registration - Registration Module Pages/Form 2/Select Socso Employment Startdate Year' is clicked on

2018-12-12 15:04:16 - [MESSAGE][PASSED] - Object: 'Object Repository/Final Object Repo/New Registration - Registration Module Pages/Form 2/Select Socso Employment Startdate Year' is clicked on

2018-12-12 15:04:16 - [TEST_STEP][PASSED] - delay: Delayed 2 second(s)

2018-12-12 15:04:18 - [MESSAGE][PASSED] - Delayed 2 second(s)

2018-12-12 15:04:18 - [TEST_STEP][PASSED] - click: Object: 'Object Repository/Final Object Repo/New Registration - Registration Module Pages/Form 2/Socso Employment Start Date Day' is clicked on

2018-12-12 15:04:18 - [MESSAGE][PASSED] - Object: 'Object Repository/Final Object Repo/New Registration - Registration Module Pages/Form 2/Socso Employment Start Date Day' is clicked on

2018-12-12 15:04:18 - [TEST_STEP][PASSED] - delay: Delayed 2 second(s)

2018-12-12 15:04:20 - [MESSAGE][PASSED] - Delayed 2 second(s)

2018-12-12 15:04:20 - [TEST_STEP][PASSED] - click: Object: 'Object Repository/Final Object Repo/New Registration - Registration Module Pages/Form 2/Save Button for Add Employee' is clicked on

2018-12-12 15:04:20 - [MESSAGE][PASSED] - Object: 'Object Repository/Final Object Repo/New Registration - Registration Module Pages/Form 2/Save Button for Add Employee' is clicked on

2018-12-12 15:04:20 - [TEST_STEP][PASSED] - delay: Delayed 2 second(s)

2018-12-12 15:04:22 - [MESSAGE][PASSED] - Delayed 2 second(s)

2018-12-12 15:04:22 - [TEST_STEP][PASSED] - click: Object: 'Object Repository/Final Object Repo/New Registration - Registration Module Pages/Form 2/Save and Continue Form 2' is clicked on

2018-12-12 15:04:22 - [MESSAGE][PASSED] - Object: 'Object Repository/Final Object Repo/New Registration - Registration Module Pages/Form 2/Save and Continue Form 2' is clicked on

2018-12-12 15:04:22 - [MESSAGE][PASSED] - Call Test Case 'Test Cases/Final Aug 2018 - PKS Automation/Registration Module/New Registration/Form 2/Add 2 Eligible 2 Not Eligible' successfully

2018-12-12 15:04:22 - [TEST_STEP][PASSED] - callTestCase: Call Test Case 'Test Cases/Final Aug 2018 - PKS Automation/Registration Module/New Registration/Flow of New Registration/Third Screen - Upload Supporting Doc - Preview' successfully

2018-12-12 15:04:22 - [TEST_CASE][PASSED] - Test Cases/Final Aug 2018 - PKS Automation/Registration Module/New Registration/Flow of New Registration/Third Screen - Upload Supporting Doc - Preview: Test Cases/Final Aug 2018 - PKS Automation/Registration Module/New Registration/Flow of New Registration/Third Screen - Upload Supporting Doc - Preview

2018-12-12 15:04:23 - [TEST_STEP][PASSED] - waitForPageLoad: Wait for page load successfully

2018-12-12 15:04:23 - [MESSAGE][PASSED] - Wait for page load successfully

2018-12-12 15:04:23 - [TEST_STEP][PASSED] - Statement - CaseReferenceNo = com.kms.katalon.core.webui.keyword.WebUiBuiltInKeywords.getText(com.kms.katalon.core.testobject.ObjectRepository.findTestObject(Final Object Repo/New Registration - Registration Module Pages/Third Screen - Upload Supporting Doc- Preview/RefNo Acquiring)): Text of object 'Object Repository/Final Object Repo/New Registration - Registration Module Pages/Third Screen - Upload Supporting Doc- Preview/RefNo Acquiring' is: 'CRN12201800123202'

2018-12-12 15:04:23 - [MESSAGE][PASSED] - Text of object 'Object Repository/Final Object Repo/New Registration - Registration Module Pages/Third Screen - Upload Supporting Doc- Preview/RefNo Acquiring' is: 'CRN12201800123202'

2018-12-12 15:04:23 - [TEST_STEP][PASSED] - delay: Delayed 2 second(s)

2018-12-12 15:04:25 - [MESSAGE][PASSED] - Delayed 2 second(s)

2018-12-12 15:04:25 - [TEST_STEP][PASSED] - callTestCase: Call Test Case 'Test Cases/Final Aug 2018 - PKS Automation/Common/Reference Number Setter' successfully

2018-12-12 15:04:25 - [TEST_CASE][PASSED] - Test Cases/Final Aug 2018 - PKS Automation/Common/Reference Number Setter: Test Cases/Final Aug 2018 - PKS Automation/Common/Reference Number Setter

2018-12-12 15:04:26 - [TEST_STEP][PASSED] - Statement - RefNoOldFile = new java.io.File(C://Users//Admin//Desktop//PKS//Automation Reference Point//KatalonReference.txt): null

2018-12-12 15:04:26 - [TEST_STEP][PASSED] - Statement - RefNoOldFile.delete(): null

2018-12-12 15:04:26 - [TEST_STEP][PASSED] - delay: Delayed 5 second(s)

2018-12-12 15:04:31 - [MESSAGE][PASSED] - Delayed 5 second(s)

2018-12-12 15:04:31 - [TEST_STEP][PASSED] - Statement - RefNo = new java.io.File(C://Users//Admin//Desktop//PKS//Automation Reference Point//KatalonReference.txt): null

2018-12-12 15:04:31 - [TEST_STEP][PASSED] - Statement - f2 = new java.io.FileWriter(RefNo, false): null

2018-12-12 15:04:31 - [TEST_STEP][PASSED] - Statement - f2.write(CaseReferenceNo): null

2018-12-12 15:04:31 - [TEST_STEP][PASSED] - Statement - f2.close(): null

2018-12-12 15:04:31 - [TEST_STEP][PASSED] - Statement - out.println("


" + CaseReferenceNo + "


"): null

2018-12-12 15:04:31 - [MESSAGE][PASSED] - Call Test Case 'Test Cases/Final Aug 2018 - PKS Automation/Common/Reference Number Setter' successfully

2018-12-12 15:04:31 - [TEST_STEP][PASSED] - waitForElementClickable: Object 'Object Repository/Final Object Repo/New Registration - Registration Module Pages/Third Screen - Upload Supporting Doc- Preview/Save n Continue in SIP Employee Listing Page' is clickable

2018-12-12 15:04:31 - [MESSAGE][PASSED] - Object 'Object Repository/Final Object Repo/New Registration - Registration Module Pages/Third Screen - Upload Supporting Doc- Preview/Save n Continue in SIP Employee Listing Page' is clickable

2018-12-12 15:04:31 - [TEST_STEP][PASSED] - click: Object: 'Object Repository/Final Object Repo/New Registration - Registration Module Pages/Third Screen - Upload Supporting Doc- Preview/Save n Continue in SIP Employee Listing Page' is clicked on

2018-12-12 15:04:36 - [MESSAGE][PASSED] - Object: 'Object Repository/Final Object Repo/New Registration - Registration Module Pages/Third Screen - Upload Supporting Doc- Preview/Save n Continue in SIP Employee Listing Page' is clicked on

2018-12-12 15:04:36 - [TEST_STEP][PASSED] - delay: Delayed 7 second(s)

2018-12-12 15:04:44 - [MESSAGE][PASSED] - Delayed 7 second(s)

2018-12-12 15:04:44 - [TEST_STEP][PASSED] - click: Object: 'Object Repository/Final Object Repo/New Registration - Registration Module Pages/Third Screen - Upload Supporting Doc- Preview/Add Document Button' is clicked on

2018-12-12 15:04:44 - [MESSAGE][PASSED] - Object: 'Object Repository/Final Object Repo/New Registration - Registration Module Pages/Third Screen - Upload Supporting Doc- Preview/Add Document Button' is clicked on

2018-12-12 15:04:44 - [TEST_STEP][PASSED] - delay: Delayed 30 second(s)

2018-12-12 15:05:14 - [MESSAGE][PASSED] - Delayed 30 second(s)

2018-12-12 15:05:14 - [TEST_STEP][PASSED] - click: Object: 'Object Repository/Final Object Repo/New Registration - Registration Module Pages/Third Screen - Upload Supporting Doc- Preview/Supporting Doc Please Select Drop Down' is clicked on

2018-12-12 15:05:14 - [MESSAGE][PASSED] - Object: 'Object Repository/Final Object Repo/New Registration - Registration Module Pages/Third Screen - Upload Supporting Doc- Preview/Supporting Doc Please Select Drop Down' is clicked on

2018-12-12 15:05:14 - [TEST_STEP][PASSED] - delay: Delayed 2 second(s)

2018-12-12 15:05:16 - [MESSAGE][PASSED] - Delayed 2 second(s)

2018-12-12 15:05:16 - [TEST_STEP][PASSED] - click: Object: 'Object Repository/Final Object Repo/New Registration - Registration Module Pages/Third Screen - Upload Supporting Doc- Preview/Select to Upload Form 1' is clicked on

2018-12-12 15:05:16 - [MESSAGE][PASSED] - Object: 'Object Repository/Final Object Repo/New Registration - Registration Module Pages/Third Screen - Upload Supporting Doc- Preview/Select to Upload Form 1' is clicked on

2018-12-12 15:05:16 - [TEST_STEP][PASSED] - delay: Delayed 2 second(s)

2018-12-12 15:05:18 - [MESSAGE][PASSED] - Delayed 2 second(s)

2018-12-12 15:05:18 - [TEST_STEP][PASSED] - uploadFile: File 'C:\Users\Public\Pictures\Sample Pictures\Koala.jpg' sent to object: 'Object Repository/Final Object Repo/New Registration - Registration Module Pages/Third Screen - Upload Supporting Doc- Preview/Upload File Adding'

2018-12-12 15:05:18 - [MESSAGE][PASSED] - File 'C:\Users\Public\Pictures\Sample Pictures\Koala.jpg' sent to object: 'Object Repository/Final Object Repo/New Registration - Registration Module Pages/Third Screen - Upload Supporting Doc- Preview/Upload File Adding'

2018-12-12 15:05:18 - [TEST_STEP][PASSED] - delay: Delayed 5 second(s)

2018-12-12 15:05:23 - [MESSAGE][PASSED] - Delayed 5 second(s)

2018-12-12 15:05:23 - [TEST_STEP][PASSED] - click: Object: 'Object Repository/Final Object Repo/New Registration - Registration Module Pages/Third Screen - Upload Supporting Doc- Preview/Inner Form Add Document Button' is clicked on

2018-12-12 15:05:23 - [MESSAGE][PASSED] - Object: 'Object Repository/Final Object Repo/New Registration - Registration Module Pages/Third Screen - Upload Supporting Doc- Preview/Inner Form Add Document Button' is clicked on

2018-12-12 15:05:23 - [TEST_STEP][PASSED] - delay: Delayed 3 second(s)

2018-12-12 15:05:26 - [MESSAGE][PASSED] - Delayed 3 second(s)

2018-12-12 15:05:26 - [TEST_STEP][PASSED] - click: Object: 'Object Repository/Final Object Repo/New Registration - Registration Module Pages/Third Screen - Upload Supporting Doc- Preview/Add Document Button' is clicked on

2018-12-12 15:05:27 - [MESSAGE][PASSED] - Object: 'Object Repository/Final Object Repo/New Registration - Registration Module Pages/Third Screen - Upload Supporting Doc- Preview/Add Document Button' is clicked on

2018-12-12 15:05:27 - [TEST_STEP][PASSED] - delay: Delayed 30 second(s)

2018-12-12 15:05:57 - [MESSAGE][PASSED] - Delayed 30 second(s)

2018-12-12 15:05:57 - [TEST_STEP][PASSED] - click: Object: 'Object Repository/Final Object Repo/New Registration - Registration Module Pages/Third Screen - Upload Supporting Doc- Preview/Supporting Doc Please Select Drop Down' is clicked on

2018-12-12 15:05:58 - [MESSAGE][PASSED] - Object: 'Object Repository/Final Object Repo/New Registration - Registration Module Pages/Third Screen - Upload Supporting Doc- Preview/Supporting Doc Please Select Drop Down' is clicked on

2018-12-12 15:05:58 - [TEST_STEP][PASSED] - delay: Delayed 4 second(s)

2018-12-12 15:06:02 - [MESSAGE][PASSED] - Delayed 4 second(s)

2018-12-12 15:06:02 - [TEST_STEP][PASSED] - click: Object: 'Object Repository/Final Object Repo/New Registration - Registration Module Pages/Third Screen - Upload Supporting Doc- Preview/Select to Upload Form 2' is clicked on

2018-12-12 15:06:02 - [MESSAGE][PASSED] - Object: 'Object Repository/Final Object Repo/New Registration - Registration Module Pages/Third Screen - Upload Supporting Doc- Preview/Select to Upload Form 2' is clicked on

2018-12-12 15:06:02 - [TEST_STEP][PASSED] - delay: Delayed 2 second(s)

2018-12-12 15:06:04 - [MESSAGE][PASSED] - Delayed 2 second(s)

2018-12-12 15:06:04 - [TEST_STEP][PASSED] - uploadFile: File 'C:\Users\Public\Pictures\Sample Pictures\Koala.jpg' sent to object: 'Object Repository/Final Object Repo/New Registration - Registration Module Pages/Third Screen - Upload Supporting Doc- Preview/Upload File Adding'

2018-12-12 15:06:04 - [MESSAGE][PASSED] - File 'C:\Users\Public\Pictures\Sample Pictures\Koala.jpg' sent to object: 'Object Repository/Final Object Repo/New Registration - Registration Module Pages/Third Screen - Upload Supporting Doc- Preview/Upload File Adding'

2018-12-12 15:06:04 - [TEST_STEP][PASSED] - click: Object: 'Object Repository/Final Object Repo/New Registration - Registration Module Pages/Third Screen - Upload Supporting Doc- Preview/Inner Form Add Document Button' is clicked on

2018-12-12 15:06:04 - [MESSAGE][PASSED] - Object: 'Object Repository/Final Object Repo/New Registration - Registration Module Pages/Third Screen - Upload Supporting Doc- Preview/Inner Form Add Document Button' is clicked on

2018-12-12 15:06:04 - [TEST_STEP][PASSED] - delay: Delayed 5 second(s)

2018-12-12 15:06:09 - [MESSAGE][PASSED] - Delayed 5 second(s)

2018-12-12 15:06:09 - [TEST_STEP][PASSED] - click: Object: 'Object Repository/Final Object Repo/New Registration - Registration Module Pages/Third Screen - Upload Supporting Doc- Preview/Add Document Button' is clicked on

2018-12-12 15:06:09 - [MESSAGE][PASSED] - Object: 'Object Repository/Final Object Repo/New Registration - Registration Module Pages/Third Screen - Upload Supporting Doc- Preview/Add Document Button' is clicked on

2018-12-12 15:06:09 - [TEST_STEP][PASSED] - delay: Delayed 30 second(s)

2018-12-12 15:06:39 - [MESSAGE][PASSED] - Delayed 30 second(s)

2018-12-12 15:06:39 - [TEST_STEP][PASSED] - click: Object: 'Object Repository/Final Object Repo/New Registration - Registration Module Pages/Third Screen - Upload Supporting Doc- Preview/Supporting Doc Please Select Drop Down' is clicked on

2018-12-12 15:06:39 - [MESSAGE][PASSED] - Object: 'Object Repository/Final Object Repo/New Registration - Registration Module Pages/Third Screen - Upload Supporting Doc- Preview/Supporting Doc Please Select Drop Down' is clicked on

2018-12-12 15:06:39 - [TEST_STEP][PASSED] - click: Object: 'Object Repository/Final Object Repo/New Registration - Registration Module Pages/Third Screen - Upload Supporting Doc- Preview/Select to Upload Borang SIP 1' is clicked on

2018-12-12 15:06:40 - [MESSAGE][PASSED] - Object: 'Object Repository/Final Object Repo/New Registration - Registration Module Pages/Third Screen - Upload Supporting Doc- Preview/Select to Upload Borang SIP 1' is clicked on

2018-12-12 15:06:40 - [TEST_STEP][PASSED] - delay: Delayed 2 second(s)

2018-12-12 15:06:42 - [MESSAGE][PASSED] - Delayed 2 second(s)

2018-12-12 15:06:42 - [TEST_STEP][PASSED] - uploadFile: File 'C:\Users\Public\Pictures\Sample Pictures\Koala.jpg' sent to object: 'Object Repository/Final Object Repo/New Registration - Registration Module Pages/Third Screen - Upload Supporting Doc- Preview/Upload File Adding'

2018-12-12 15:06:42 - [MESSAGE][PASSED] - File 'C:\Users\Public\Pictures\Sample Pictures\Koala.jpg' sent to object: 'Object Repository/Final Object Repo/New Registration - Registration Module Pages/Third Screen - Upload Supporting Doc- Preview/Upload File Adding'

2018-12-12 15:06:42 - [TEST_STEP][PASSED] - click: Object: 'Object Repository/Final Object Repo/New Registration - Registration Module Pages/Third Screen - Upload Supporting Doc- Preview/Inner Form Add Document Button' is clicked on

2018-12-12 15:06:42 - [MESSAGE][PASSED] - Object: 'Object Repository/Final Object Repo/New Registration - Registration Module Pages/Third Screen - Upload Supporting Doc- Preview/Inner Form Add Document Button' is clicked on

2018-12-12 15:06:42 - [TEST_STEP][PASSED] - delay: Delayed 5 second(s)

2018-12-12 15:06:47 - [MESSAGE][PASSED] - Delayed 5 second(s)

2018-12-12 15:06:47 - [TEST_STEP][PASSED] - click: Object: 'Object Repository/Final Object Repo/New Registration - Registration Module Pages/Third Screen - Upload Supporting Doc- Preview/Add Document Button' is clicked on

2018-12-12 15:06:47 - [MESSAGE][PASSED] - Object: 'Object Repository/Final Object Repo/New Registration - Registration Module Pages/Third Screen - Upload Supporting Doc- Preview/Add Document Button' is clicked on

2018-12-12 15:06:47 - [TEST_STEP][PASSED] - delay: Delayed 30 second(s)

2018-12-12 15:07:17 - [MESSAGE][PASSED] - Delayed 30 second(s)

2018-12-12 15:07:17 - [TEST_STEP][PASSED] - click: Object: 'Object Repository/Final Object Repo/New Registration - Registration Module Pages/Third Screen - Upload Supporting Doc- Preview/Supporting Doc Please Select Drop Down' is clicked on

2018-12-12 15:07:17 - [MESSAGE][PASSED] - Object: 'Object Repository/Final Object Repo/New Registration - Registration Module Pages/Third Screen - Upload Supporting Doc- Preview/Supporting Doc Please Select Drop Down' is clicked on

2018-12-12 15:07:17 - [TEST_STEP][PASSED] - delay: Delayed 3 second(s)

2018-12-12 15:07:20 - [MESSAGE][PASSED] - Delayed 3 second(s)

2018-12-12 15:07:20 - [TEST_STEP][PASSED] - click: Object: 'Object Repository/Final Object Repo/New Registration - Registration Module Pages/Third Screen - Upload Supporting Doc- Preview/Select to Upload Borang SIP 2' is clicked on

2018-12-12 15:07:21 - [MESSAGE][PASSED] - Object: 'Object Repository/Final Object Repo/New Registration - Registration Module Pages/Third Screen - Upload Supporting Doc- Preview/Select to Upload Borang SIP 2' is clicked on

2018-12-12 15:07:21 - [TEST_STEP][PASSED] - delay: Delayed 2 second(s)

2018-12-12 15:07:23 - [MESSAGE][PASSED] - Delayed 2 second(s)

2018-12-12 15:07:23 - [TEST_STEP][PASSED] - uploadFile: File 'C:\Users\Public\Pictures\Sample Pictures\Koala.jpg' sent to object: 'Object Repository/Final Object Repo/New Registration - Registration Module Pages/Third Screen - Upload Supporting Doc- Preview/Upload File Adding'

2018-12-12 15:07:23 - [MESSAGE][PASSED] - File 'C:\Users\Public\Pictures\Sample Pictures\Koala.jpg' sent to object: 'Object Repository/Final Object Repo/New Registration - Registration Module Pages/Third Screen - Upload Supporting Doc- Preview/Upload File Adding'

2018-12-12 15:07:23 - [TEST_STEP][PASSED] - delay: Delayed 5 second(s)

2018-12-12 15:07:28 - [MESSAGE][PASSED] - Delayed 5 second(s)

2018-12-12 15:07:28 - [TEST_STEP][PASSED] - click: Object: 'Object Repository/Final Object Repo/New Registration - Registration Module Pages/Third Screen - Upload Supporting Doc- Preview/Inner Form Add Document Button' is clicked on

2018-12-12 15:07:28 - [MESSAGE][PASSED] - Object: 'Object Repository/Final Object Repo/New Registration - Registration Module Pages/Third Screen - Upload Supporting Doc- Preview/Inner Form Add Document Button' is clicked on

2018-12-12 15:07:28 - [TEST_STEP][PASSED] - delay: Delayed 3 second(s)

2018-12-12 15:07:31 - [MESSAGE][PASSED] - Delayed 3 second(s)

2018-12-12 15:07:31 - [TEST_STEP][PASSED] - waitForElementClickable: Object 'Object Repository/Final Object Repo/New Registration - Registration Module Pages/Third Screen - Upload Supporting Doc- Preview/Save n Continue in Uploading Supporting Doc Page' is clickable

2018-12-12 15:07:32 - [MESSAGE][PASSED] - Object 'Object Repository/Final Object Repo/New Registration - Registration Module Pages/Third Screen - Upload Supporting Doc- Preview/Save n Continue in Uploading Supporting Doc Page' is clickable

2018-12-12 15:07:32 - [TEST_STEP][PASSED] - click: Object: 'Object Repository/Final Object Repo/New Registration - Registration Module Pages/Third Screen - Upload Supporting Doc- Preview/Save n Continue in Uploading Supporting Doc Page' is clicked on

2018-12-12 15:07:32 - [MESSAGE][PASSED] - Object: 'Object Repository/Final Object Repo/New Registration - Registration Module Pages/Third Screen - Upload Supporting Doc- Preview/Save n Continue in Uploading Supporting Doc Page' is clicked on

2018-12-12 15:07:32 - [MESSAGE][PASSED] - Call Test Case 'Test Cases/Final Aug 2018 - PKS Automation/Registration Module/New Registration/Flow of New Registration/Third Screen - Upload Supporting Doc - Preview' successfully

2018-12-12 15:07:32 - [TEST_STEP][PASSED] - callTestCase: Call Test Case 'Test Cases/Final Aug 2018 - PKS Automation/Registration Module/New Registration/Submit and Screenshot/Submit Registration and Screenshot' successfully

2018-12-12 15:07:32 - [TEST_CASE][PASSED] - Test Cases/Final Aug 2018 - PKS Automation/Registration Module/New Registration/Submit and Screenshot/Submit Registration and Screenshot: Test Cases/Final Aug 2018 - PKS Automation/Registration Module/New Registration/Submit and Screenshot/Submit Registration and Screenshot

2018-12-12 15:07:33 - [TEST_STEP][PASSED] - delay: Delayed 6 second(s)

2018-12-12 15:07:39 - [MESSAGE][PASSED] - Delayed 6 second(s)

2018-12-12 15:07:39 - [TEST_STEP][PASSED] - click: Object: 'Object Repository/Final Object Repo/New Registration - Registration Module Pages/Third Screen - Upload Supporting Doc- Preview/Preview Submit Button' is clicked on

2018-12-12 15:07:39 - [MESSAGE][PASSED] - Object: 'Object Repository/Final Object Repo/New Registration - Registration Module Pages/Third Screen - Upload Supporting Doc- Preview/Preview Submit Button' is clicked on

2018-12-12 15:07:39 - [TEST_STEP][PASSED] - delay: Delayed 2 second(s)

2018-12-12 15:07:41 - [MESSAGE][PASSED] - Delayed 2 second(s)

2018-12-12 15:07:41 - [TEST_STEP][PASSED] - click: Object: 'Object Repository/Final Object Repo/New Registration - Registration Module Pages/Third Screen - Upload Supporting Doc- Preview/Preview Submit - Confirm' is clicked on

2018-12-12 15:07:41 - [MESSAGE][PASSED] - Object: 'Object Repository/Final Object Repo/New Registration - Registration Module Pages/Third Screen - Upload Supporting Doc- Preview/Preview Submit - Confirm' is clicked on

2018-12-12 15:07:41 - [TEST_STEP][PASSED] - delay: Delayed 15 second(s)

2018-12-12 15:07:56 - [MESSAGE][PASSED] - Delayed 15 second(s)

2018-12-12 15:07:56 - [TEST_STEP][PASSED] - Statement - driver = com.kms.katalon.core.webui.driver.DriverFactory.getWebDriver(): null

2018-12-12 15:07:56 - [TEST_STEP][PASSED] - Statement - driver.manage().timeouts().implicitlyWait(10, SECONDS): null

2018-12-12 15:07:56 - [TEST_STEP][PASSED] - Statement - PresavePath = KatalonScreenshots: null

2018-12-12 15:07:56 - [TEST_STEP][PASSED] - Statement - pathPrefix = "C:\Users\Public\Pictures\Sample Pictures\Katalon Screenshots\Automate Ending Screen": null

2018-12-12 15:07:56 - [TEST_STEP][PASSED] - Statement - finalPath = <not implemented yet for class: org.codehaus.groovy.ast.expr.EmptyExpression>: null

2018-12-12 15:07:56 - [TEST_STEP][PASSED] - Statement - scrFile = driver.getScreenshotAs(FILE): null

2018-12-12 15:07:57 - [TEST_STEP][PASSED] - Statement - PreSaveFile = new java.io.File(PresavePath): null

2018-12-12 15:07:57 - [TEST_STEP][PASSED] - Statement - counter = 0: null

2018-12-12 15:07:57 - [TEST_STEP][PASSED] - Statement - If (PreSaveFile.exists()): null

2018-12-12 15:07:57 - [TEST_STEP][PASSED] - Statement - While (PreSaveFile.exists()): null

2018-12-12 15:07:57 - [TEST_STEP][PASSED] - Statement - counter = counter + 1: null

2018-12-12 15:07:57 - [TEST_STEP][PASSED] - Statement - PreSaveFile = new java.io.File(((pathPrefix + java.lang.Integer.toString(counter)) + .png)): null

2018-12-12 15:07:57 - [TEST_STEP][PASSED] - Statement - counter = counter + 1: null

2018-12-12 15:07:57 - [TEST_STEP][PASSED] - Statement - PreSaveFile = new java.io.File(((pathPrefix + java.lang.Integer.toString(counter)) + .png)): null

2018-12-12 15:07:57 - [TEST_STEP][PASSED] - Statement - counter = counter + 1: null

2018-12-12 15:07:57 - [TEST_STEP][PASSED] - Statement - PreSaveFile = new java.io.File(((pathPrefix + java.lang.Integer.toString(counter)) + .png)): null

2018-12-12 15:07:57 - [TEST_STEP][PASSED] - Statement - counter = counter + 1: null

2018-12-12 15:07:57 - [TEST_STEP][PASSED] - Statement - PreSaveFile = new java.io.File(((pathPrefix + java.lang.Integer.toString(counter)) + .png)): null

2018-12-12 15:07:57 - [TEST_STEP][PASSED] - Statement - counter = counter + 1: null

2018-12-12 15:07:57 - [TEST_STEP][PASSED] - Statement - PreSaveFile = new java.io.File(((pathPrefix + java.lang.Integer.toString(counter)) + .png)): null

2018-12-12 15:07:57 - [TEST_STEP][PASSED] - Statement - counter = counter + 1: null

2018-12-12 15:07:57 - [TEST_STEP][PASSED] - Statement - PreSaveFile = new java.io.File(((pathPrefix + java.lang.Integer.toString(counter)) + .png)): null

2018-12-12 15:07:57 - [TEST_STEP][PASSED] - Statement - counter = counter + 1: null

2018-12-12 15:07:57 - [TEST_STEP][PASSED] - Statement - PreSaveFile = new java.io.File(((pathPrefix + java.lang.Integer.toString(counter)) + .png)): null

2018-12-12 15:07:57 - [TEST_STEP][PASSED] - Statement - counter = counter + 1: null

2018-12-12 15:07:57 - [TEST_STEP][PASSED] - Statement - PreSaveFile = new java.io.File(((pathPrefix + java.lang.Integer.toString(counter)) + .png)): null

2018-12-12 15:07:57 - [TEST_STEP][PASSED] - Statement - counter = counter + 1: null

2018-12-12 15:07:57 - [TEST_STEP][PASSED] - Statement - PreSaveFile = new java.io.File(((pathPrefix + java.lang.Integer.toString(counter)) + .png)): null

2018-12-12 15:07:57 - [TEST_STEP][PASSED] - Statement - counter = counter + 1: null

2018-12-12 15:07:57 - [TEST_STEP][PASSED] - Statement - PreSaveFile = new java.io.File(((pathPrefix + java.lang.Integer.toString(counter)) + .png)): null

2018-12-12 15:07:57 - [TEST_STEP][PASSED] - Statement - counter = counter + 1: null

2018-12-12 15:07:57 - [TEST_STEP][PASSED] - Statement - PreSaveFile = new java.io.File(((pathPrefix + java.lang.Integer.toString(counter)) + .png)): null

2018-12-12 15:07:57 - [TEST_STEP][PASSED] - Statement - counter = counter + 1: null

2018-12-12 15:07:57 - [TEST_STEP][PASSED] - Statement - PreSaveFile = new java.io.File(((pathPrefix + java.lang.Integer.toString(counter)) + .png)): null

2018-12-12 15:07:57 - [TEST_STEP][PASSED] - Statement - counter = counter + 1: null

2018-12-12 15:07:57 - [TEST_STEP][PASSED] - Statement - PreSaveFile = new java.io.File(((pathPrefix + java.lang.Integer.toString(counter)) + .png)): null

2018-12-12 15:07:57 - [TEST_STEP][PASSED] - Statement - counter = counter + 1: null

2018-12-12 15:07:57 - [TEST_STEP][PASSED] - Statement - PreSaveFile = new java.io.File(((pathPrefix + java.lang.Integer.toString(counter)) + .png)): null

2018-12-12 15:07:57 - [TEST_STEP][PASSED] - Statement - counter = counter + 1: null

2018-12-12 15:07:57 - [TEST_STEP][PASSED] - Statement - PreSaveFile = new java.io.File(((pathPrefix + java.lang.Integer.toString(counter)) + .png)): null

2018-12-12 15:07:57 - [TEST_STEP][PASSED] - Statement - counter = counter + 1: null

2018-12-12 15:07:57 - [TEST_STEP][PASSED] - Statement - PreSaveFile = new java.io.File(((pathPrefix + java.lang.Integer.toString(counter)) + .png)): null

2018-12-12 15:07:57 - [TEST_STEP][PASSED] - Statement - counter = counter + 1: null

2018-12-12 15:07:57 - [TEST_STEP][PASSED] - Statement - PreSaveFile = new java.io.File(((pathPrefix + java.lang.Integer.toString(counter)) + .png)): null

2018-12-12 15:07:57 - [TEST_STEP][PASSED] - Statement - counter = counter + 1: null

2018-12-12 15:07:57 - [TEST_STEP][PASSED] - Statement - PreSaveFile = new java.io.File(((pathPrefix + java.lang.Integer.toString(counter)) + .png)): null

2018-12-12 15:07:57 - [TEST_STEP][PASSED] - Statement - counter = counter + 1: null

2018-12-12 15:07:57 - [TEST_STEP][PASSED] - Statement - PreSaveFile = new java.io.File(((pathPrefix + java.lang.Integer.toString(counter)) + .png)): null

2018-12-12 15:07:57 - [TEST_STEP][PASSED] - Statement - counter = counter + 1: null

2018-12-12 15:07:57 - [TEST_STEP][PASSED] - Statement - PreSaveFile = new java.io.File(((pathPrefix + java.lang.Integer.toString(counter)) + .png)): null

2018-12-12 15:07:57 - [TEST_STEP][PASSED] - Statement - counter = counter + 1: null

2018-12-12 15:07:57 - [TEST_STEP][PASSED] - Statement - PreSaveFile = new java.io.File(((pathPrefix + java.lang.Integer.toString(counter)) + .png)): null

2018-12-12 15:07:57 - [TEST_STEP][PASSED] - Statement - counter = counter + 1: null

2018-12-12 15:07:57 - [TEST_STEP][PASSED] - Statement - PreSaveFile = new java.io.File(((pathPrefix + java.lang.Integer.toString(counter)) + .png)): null

2018-12-12 15:07:57 - [TEST_STEP][PASSED] - Statement - counter = counter + 1: null

2018-12-12 15:07:57 - [TEST_STEP][PASSED] - Statement - PreSaveFile = new java.io.File(((pathPrefix + java.lang.Integer.toString(counter)) + .png)): null

2018-12-12 15:07:57 - [TEST_STEP][PASSED] - Statement - counter = counter + 1: null

2018-12-12 15:07:57 - [TEST_STEP][PASSED] - Statement - PreSaveFile = new java.io.File(((pathPrefix + java.lang.Integer.toString(counter)) + .png)): null

2018-12-12 15:07:57 - [TEST_STEP][PASSED] - Statement - counter = counter + 1: null

2018-12-12 15:07:57 - [TEST_STEP][PASSED] - Statement - PreSaveFile = new java.io.File(((pathPrefix + java.lang.Integer.toString(counter)) + .png)): null

2018-12-12 15:07:57 - [TEST_STEP][PASSED] - Statement - counter = counter + 1: null

2018-12-12 15:07:57 - [TEST_STEP][PASSED] - Statement - PreSaveFile = new java.io.File(((pathPrefix + java.lang.Integer.toString(counter)) + .png)): null

2018-12-12 15:07:57 - [TEST_STEP][PASSED] - Statement - counter = counter + 1: null

2018-12-12 15:07:57 - [TEST_STEP][PASSED] - Statement - PreSaveFile = new java.io.File(((pathPrefix + java.lang.Integer.toString(counter)) + .png)): null

2018-12-12 15:07:57 - [TEST_STEP][PASSED] - Statement - counter = counter + 1: null

2018-12-12 15:07:57 - [TEST_STEP][PASSED] - Statement - PreSaveFile = new java.io.File(((pathPrefix + java.lang.Integer.toString(counter)) + .png)): null

2018-12-12 15:07:57 - [TEST_STEP][PASSED] - Statement - counter = counter + 1: null

2018-12-12 15:07:57 - [TEST_STEP][PASSED] - Statement - PreSaveFile = new java.io.File(((pathPrefix + java.lang.Integer.toString(counter)) + .png)): null

2018-12-12 15:07:57 - [TEST_STEP][PASSED] - Statement - counter = counter + 1: null

2018-12-12 15:07:57 - [TEST_STEP][PASSED] - Statement - PreSaveFile = new java.io.File(((pathPrefix + java.lang.Integer.toString(counter)) + .png)): null

2018-12-12 15:07:57 - [TEST_STEP][PASSED] - Statement - counter = counter + 1: null

2018-12-12 15:07:57 - [TEST_STEP][PASSED] - Statement - PreSaveFile = new java.io.File(((pathPrefix + java.lang.Integer.toString(counter)) + .png)): null

2018-12-12 15:07:57 - [TEST_STEP][PASSED] - Statement - counter = counter + 1: null

2018-12-12 15:07:57 - [TEST_STEP][PASSED] - Statement - PreSaveFile = new java.io.File(((pathPrefix + java.lang.Integer.toString(counter)) + .png)): null

2018-12-12 15:07:57 - [TEST_STEP][PASSED] - Statement - counter = counter + 1: null

2018-12-12 15:07:57 - [TEST_STEP][PASSED] - Statement - PreSaveFile = new java.io.File(((pathPrefix + java.lang.Integer.toString(counter)) + .png)): null

2018-12-12 15:07:57 - [TEST_STEP][PASSED] - Statement - counter = counter + 1: null

2018-12-12 15:07:57 - [TEST_STEP][PASSED] - Statement - PreSaveFile = new java.io.File(((pathPrefix + java.lang.Integer.toString(counter)) + .png)): null

2018-12-12 15:07:57 - [TEST_STEP][PASSED] - Statement - counter = counter + 1: null

2018-12-12 15:07:57 - [TEST_STEP][PASSED] - Statement - PreSaveFile = new java.io.File(((pathPrefix + java.lang.Integer.toString(counter)) + .png)): null

2018-12-12 15:07:57 - [TEST_STEP][PASSED] - Statement - counter = counter + 1: null

2018-12-12 15:07:57 - [TEST_STEP][PASSED] - Statement - PreSaveFile = new java.io.File(((pathPrefix + java.lang.Integer.toString(counter)) + .png)): null

2018-12-12 15:07:57 - [TEST_STEP][PASSED] - Statement - counter = counter + 1: null

2018-12-12 15:07:57 - [TEST_STEP][PASSED] - Statement - PreSaveFile = new java.io.File(((pathPrefix + java.lang.Integer.toString(counter)) + .png)): null

2018-12-12 15:07:57 - [TEST_STEP][PASSED] - Statement - counter = counter + 1: null

2018-12-12 15:07:57 - [TEST_STEP][PASSED] - Statement - PreSaveFile = new java.io.File(((pathPrefix + java.lang.Integer.toString(counter)) + .png)): null

2018-12-12 15:07:57 - [TEST_STEP][PASSED] - Statement - counter = counter + 1: null

2018-12-12 15:07:57 - [TEST_STEP][PASSED] - Statement - PreSaveFile = new java.io.File(((pathPrefix + java.lang.Integer.toString(counter)) + .png)): null

2018-12-12 15:07:57 - [TEST_STEP][PASSED] - Statement - counter = counter + 1: null

2018-12-12 15:07:57 - [TEST_STEP][PASSED] - Statement - PreSaveFile = new java.io.File(((pathPrefix + java.lang.Integer.toString(counter)) + .png)): null

2018-12-12 15:07:57 - [TEST_STEP][PASSED] - Statement - counter = counter + 1: null

2018-12-12 15:07:57 - [TEST_STEP][PASSED] - Statement - PreSaveFile = new java.io.File(((pathPrefix + java.lang.Integer.toString(counter)) + .png)): null

2018-12-12 15:07:57 - [TEST_STEP][PASSED] - Statement - counter = counter + 1: null

2018-12-12 15:07:57 - [TEST_STEP][PASSED] - Statement - PreSaveFile = new java.io.File(((pathPrefix + java.lang.Integer.toString(counter)) + .png)): null

2018-12-12 15:07:57 - [TEST_STEP][PASSED] - Statement - counter = counter + 1: null

2018-12-12 15:07:57 - [TEST_STEP][PASSED] - Statement - PreSaveFile = new java.io.File(((pathPrefix + java.lang.Integer.toString(counter)) + .png)): null

2018-12-12 15:07:57 - [TEST_STEP][PASSED] - Statement - counter = counter + 1: null

2018-12-12 15:07:57 - [TEST_STEP][PASSED] - Statement - PreSaveFile = new java.io.File(((pathPrefix + java.lang.Integer.toString(counter)) + .png)): null

2018-12-12 15:07:57 - [TEST_STEP][PASSED] - Statement - counter = counter + 1: null

2018-12-12 15:07:57 - [TEST_STEP][PASSED] - Statement - PreSaveFile = new java.io.File(((pathPrefix + java.lang.Integer.toString(counter)) + .png)): null

2018-12-12 15:07:57 - [TEST_STEP][PASSED] - Statement - counter = counter + 1: null

2018-12-12 15:07:57 - [TEST_STEP][PASSED] - Statement - PreSaveFile = new java.io.File(((pathPrefix + java.lang.Integer.toString(counter)) + .png)): null

2018-12-12 15:07:57 - [TEST_STEP][PASSED] - Statement - counter = counter + 1: null

2018-12-12 15:07:57 - [TEST_STEP][PASSED] - Statement - PreSaveFile = new java.io.File(((pathPrefix + java.lang.Integer.toString(counter)) + .png)): null

2018-12-12 15:07:57 - [TEST_STEP][PASSED] - Statement - counter = counter + 1: null

2018-12-12 15:07:57 - [TEST_STEP][PASSED] - Statement - PreSaveFile = new java.io.File(((pathPrefix + java.lang.Integer.toString(counter)) + .png)): null

2018-12-12 15:07:57 - [TEST_STEP][PASSED] - Statement - counter = counter + 1: null

2018-12-12 15:07:57 - [TEST_STEP][PASSED] - Statement - PreSaveFile = new java.io.File(((pathPrefix + java.lang.Integer.toString(counter)) + .png)): null

2018-12-12 15:07:57 - [TEST_STEP][PASSED] - Statement - counter = counter + 1: null

2018-12-12 15:07:57 - [TEST_STEP][PASSED] - Statement - PreSaveFile = new java.io.File(((pathPrefix + java.lang.Integer.toString(counter)) + .png)): null

2018-12-12 15:07:57 - [TEST_STEP][PASSED] - Statement - counter = counter + 1: null

2018-12-12 15:07:57 - [TEST_STEP][PASSED] - Statement - PreSaveFile = new java.io.File(((pathPrefix + java.lang.Integer.toString(counter)) + .png)): null

2018-12-12 15:07:57 - [TEST_STEP][PASSED] - Statement - counter = counter + 1: null

2018-12-12 15:07:57 - [TEST_STEP][PASSED] - Statement - PreSaveFile = new java.io.File(((pathPrefix + java.lang.Integer.toString(counter)) + .png)): null

2018-12-12 15:07:57 - [TEST_STEP][PASSED] - Statement - counter = counter + 1: null

2018-12-12 15:07:57 - [TEST_STEP][PASSED] - Statement - PreSaveFile = new java.io.File(((pathPrefix + java.lang.Integer.toString(counter)) + .png)): null

2018-12-12 15:07:57 - [TEST_STEP][PASSED] - Statement - counter = counter + 1: null

2018-12-12 15:07:57 - [TEST_STEP][PASSED] - Statement - PreSaveFile = new java.io.File(((pathPrefix + java.lang.Integer.toString(counter)) + .png)): null

2018-12-12 15:07:57 - [TEST_STEP][PASSED] - Statement - counter = counter + 1: null

2018-12-12 15:07:57 - [TEST_STEP][PASSED] - Statement - PreSaveFile = new java.io.File(((pathPrefix + java.lang.Integer.toString(counter)) + .png)): null

2018-12-12 15:07:57 - [TEST_STEP][PASSED] - Statement - counter = counter + 1: null

2018-12-12 15:07:57 - [TEST_STEP][PASSED] - Statement - PreSaveFile = new java.io.File(((pathPrefix + java.lang.Integer.toString(counter)) + .png)): null

2018-12-12 15:07:57 - [TEST_STEP][PASSED] - Statement - counter = counter + 1: null

2018-12-12 15:07:57 - [TEST_STEP][PASSED] - Statement - PreSaveFile = new java.io.File(((pathPrefix + java.lang.Integer.toString(counter)) + .png)): null

2018-12-12 15:07:57 - [TEST_STEP][PASSED] - Statement - counter = counter + 1: null

2018-12-12 15:07:57 - [TEST_STEP][PASSED] - Statement - PreSaveFile = new java.io.File(((pathPrefix + java.lang.Integer.toString(counter)) + .png)): null

2018-12-12 15:07:57 - [TEST_STEP][PASSED] - Statement - counter = counter + 1: null

2018-12-12 15:07:57 - [TEST_STEP][PASSED] - Statement - PreSaveFile = new java.io.File(((pathPrefix + java.lang.Integer.toString(counter)) + .png)): null

2018-12-12 15:07:57 - [TEST_STEP][PASSED] - Statement - counter = counter + 1: null

2018-12-12 15:07:57 - [TEST_STEP][PASSED] - Statement - PreSaveFile = new java.io.File(((pathPrefix + java.lang.Integer.toString(counter)) + .png)): null

2018-12-12 15:07:57 - [TEST_STEP][PASSED] - Statement - counter = counter + 1: null

2018-12-12 15:07:57 - [TEST_STEP][PASSED] - Statement - PreSaveFile = new java.io.File(((pathPrefix + java.lang.Integer.toString(counter)) + .png)): null

2018-12-12 15:07:57 - [TEST_STEP][PASSED] - Statement - counter = counter + 1: null

2018-12-12 15:07:57 - [TEST_STEP][PASSED] - Statement - PreSaveFile = new java.io.File(((pathPrefix + java.lang.Integer.toString(counter)) + .png)): null

2018-12-12 15:07:57 - [TEST_STEP][PASSED] - Statement - counter = counter + 1: null

2018-12-12 15:07:57 - [TEST_STEP][PASSED] - Statement - PreSaveFile = new java.io.File(((pathPrefix + java.lang.Integer.toString(counter)) + .png)): null

2018-12-12 15:07:57 - [TEST_STEP][PASSED] - Statement - counter = counter + 1: null

2018-12-12 15:07:57 - [TEST_STEP][PASSED] - Statement - PreSaveFile = new java.io.File(((pathPrefix + java.lang.Integer.toString(counter)) + .png)): null

2018-12-12 15:07:57 - [TEST_STEP][PASSED] - Statement - counter = counter + 1: null

2018-12-12 15:07:57 - [TEST_STEP][PASSED] - Statement - PreSaveFile = new java.io.File(((pathPrefix + java.lang.Integer.toString(counter)) + .png)): null

2018-12-12 15:07:57 - [TEST_STEP][PASSED] - Statement - counter = counter + 1: null

2018-12-12 15:07:57 - [TEST_STEP][PASSED] - Statement - PreSaveFile = new java.io.File(((pathPrefix + java.lang.Integer.toString(counter)) + .png)): null

2018-12-12 15:07:57 - [TEST_STEP][PASSED] - Statement - counter = counter + 1: null

2018-12-12 15:07:57 - [TEST_STEP][PASSED] - Statement - PreSaveFile = new java.io.File(((pathPrefix + java.lang.Integer.toString(counter)) + .png)): null

2018-12-12 15:07:57 - [TEST_STEP][PASSED] - Statement - counter = counter + 1: null

2018-12-12 15:07:57 - [TEST_STEP][PASSED] - Statement - PreSaveFile = new java.io.File(((pathPrefix + java.lang.Integer.toString(counter)) + .png)): null

2018-12-12 15:07:57 - [TEST_STEP][PASSED] - Statement - counter = counter + 1: null

2018-12-12 15:07:57 - [TEST_STEP][PASSED] - Statement - PreSaveFile = new java.io.File(((pathPrefix + java.lang.Integer.toString(counter)) + .png)): null

2018-12-12 15:07:57 - [TEST_STEP][PASSED] - Statement - counter = counter + 1: null

2018-12-12 15:07:57 - [TEST_STEP][PASSED] - Statement - PreSaveFile = new java.io.File(((pathPrefix + java.lang.Integer.toString(counter)) + .png)): null

2018-12-12 15:07:57 - [TEST_STEP][PASSED] - Statement - counter = counter + 1: null

2018-12-12 15:07:57 - [TEST_STEP][PASSED] - Statement - PreSaveFile = new java.io.File(((pathPrefix + java.lang.Integer.toString(counter)) + .png)): null

2018-12-12 15:07:57 - [TEST_STEP][PASSED] - Statement - counter = counter + 1: null

2018-12-12 15:07:57 - [TEST_STEP][PASSED] - Statement - PreSaveFile = new java.io.File(((pathPrefix + java.lang.Integer.toString(counter)) + .png)): null

2018-12-12 15:07:57 - [TEST_STEP][PASSED] - Statement - counter = counter + 1: null

2018-12-12 15:07:57 - [TEST_STEP][PASSED] - Statement - PreSaveFile = new java.io.File(((pathPrefix + java.lang.Integer.toString(counter)) + .png)): null

2018-12-12 15:07:57 - [TEST_STEP][PASSED] - Statement - counter = counter + 1: null

2018-12-12 15:07:57 - [TEST_STEP][PASSED] - Statement - PreSaveFile = new java.io.File(((pathPrefix + java.lang.Integer.toString(counter)) + .png)): null

2018-12-12 15:07:57 - [TEST_STEP][PASSED] - Statement - counter = counter + 1: null

2018-12-12 15:07:57 - [TEST_STEP][PASSED] - Statement - PreSaveFile = new java.io.File(((pathPrefix + java.lang.Integer.toString(counter)) + .png)): null

2018-12-12 15:07:57 - [TEST_STEP][PASSED] - Statement - counter = counter + 1: null

2018-12-12 15:07:57 - [TEST_STEP][PASSED] - Statement - PreSaveFile = new java.io.File(((pathPrefix + java.lang.Integer.toString(counter)) + .png)): null

2018-12-12 15:07:57 - [TEST_STEP][PASSED] - Statement - counter = counter + 1: null

2018-12-12 15:07:57 - [TEST_STEP][PASSED] - Statement - PreSaveFile = new java.io.File(((pathPrefix + java.lang.Integer.toString(counter)) + .png)): null

2018-12-12 15:07:57 - [TEST_STEP][PASSED] - Statement - counter = counter + 1: null

2018-12-12 15:07:57 - [TEST_STEP][PASSED] - Statement - PreSaveFile = new java.io.File(((pathPrefix + java.lang.Integer.toString(counter)) + .png)): null

2018-12-12 15:07:57 - [TEST_STEP][PASSED] - Statement - counter = counter + 1: null

2018-12-12 15:07:57 - [TEST_STEP][PASSED] - Statement - PreSaveFile = new java.io.File(((pathPrefix + java.lang.Integer.toString(counter)) + .png)): null

2018-12-12 15:07:57 - [TEST_STEP][PASSED] - Statement - counter = counter + 1: null

2018-12-12 15:07:57 - [TEST_STEP][PASSED] - Statement - PreSaveFile = new java.io.File(((pathPrefix + java.lang.Integer.toString(counter)) + .png)): null

2018-12-12 15:07:57 - [TEST_STEP][PASSED] - Statement - counter = counter + 1: null

2018-12-12 15:07:57 - [TEST_STEP][PASSED] - Statement - PreSaveFile = new java.io.File(((pathPrefix + java.lang.Integer.toString(counter)) + .png)): null

2018-12-12 15:07:57 - [TEST_STEP][PASSED] - Statement - counter = counter + 1: null

2018-12-12 15:07:57 - [TEST_STEP][PASSED] - Statement - PreSaveFile = new java.io.File(((pathPrefix + java.lang.Integer.toString(counter)) + .png)): null

2018-12-12 15:07:57 - [TEST_STEP][PASSED] - Statement - counter = counter + 1: null

2018-12-12 15:07:57 - [TEST_STEP][PASSED] - Statement - PreSaveFile = new java.io.File(((pathPrefix + java.lang.Integer.toString(counter)) + .png)): null

2018-12-12 15:07:57 - [TEST_STEP][PASSED] - Statement - counter = counter + 1: null

2018-12-12 15:07:57 - [TEST_STEP][PASSED] - Statement - PreSaveFile = new java.io.File(((pathPrefix + java.lang.Integer.toString(counter)) + .png)): null

2018-12-12 15:07:57 - [TEST_STEP][PASSED] - Statement - counter = counter + 1: null

2018-12-12 15:07:57 - [TEST_STEP][PASSED] - Statement - PreSaveFile = new java.io.File(((pathPrefix + java.lang.Integer.toString(counter)) + .png)): null

2018-12-12 15:07:57 - [TEST_STEP][PASSED] - Statement - counter = counter + 1: null

2018-12-12 15:07:57 - [TEST_STEP][PASSED] - Statement - PreSaveFile = new java.io.File(((pathPrefix + java.lang.Integer.toString(counter)) + .png)): null

2018-12-12 15:07:57 - [TEST_STEP][PASSED] - Statement - counter = counter + 1: null

2018-12-12 15:07:57 - [TEST_STEP][PASSED] - Statement - PreSaveFile = new java.io.File(((pathPrefix + java.lang.Integer.toString(counter)) + .png)): null

2018-12-12 15:07:57 - [TEST_STEP][PASSED] - Statement - counter = counter + 1: null

2018-12-12 15:07:57 - [TEST_STEP][PASSED] - Statement - PreSaveFile = new java.io.File(((pathPrefix + java.lang.Integer.toString(counter)) + .png)): null

2018-12-12 15:07:57 - [TEST_STEP][PASSED] - Statement - counter = counter + 1: null

2018-12-12 15:07:57 - [TEST_STEP][PASSED] - Statement - PreSaveFile = new java.io.File(((pathPrefix + java.lang.Integer.toString(counter)) + .png)): null

2018-12-12 15:07:57 - [TEST_STEP][PASSED] - Statement - counter = counter + 1: null

2018-12-12 15:07:57 - [TEST_STEP][PASSED] - Statement - PreSaveFile = new java.io.File(((pathPrefix + java.lang.Integer.toString(counter)) + .png)): null

2018-12-12 15:07:57 - [TEST_STEP][PASSED] - Statement - counter = counter + 1: null

2018-12-12 15:07:57 - [TEST_STEP][PASSED] - Statement - PreSaveFile = new java.io.File(((pathPrefix + java.lang.Integer.toString(counter)) + .png)): null

2018-12-12 15:07:57 - [TEST_STEP][PASSED] - Statement - counter = counter + 1: null

2018-12-12 15:07:57 - [TEST_STEP][PASSED] - Statement - PreSaveFile = new java.io.File(((pathPrefix + java.lang.Integer.toString(counter)) + .png)): null

2018-12-12 15:07:57 - [TEST_STEP][PASSED] - Statement - counter = counter + 1: null

2018-12-12 15:07:57 - [TEST_STEP][PASSED] - Statement - PreSaveFile = new java.io.File(((pathPrefix + java.lang.Integer.toString(counter)) + .png)): null

2018-12-12 15:07:57 - [TEST_STEP][PASSED] - Statement - counter = counter + 1: null

2018-12-12 15:07:57 - [TEST_STEP][PASSED] - Statement - PreSaveFile = new java.io.File(((pathPrefix + java.lang.Integer.toString(counter)) + .png)): null

2018-12-12 15:07:57 - [TEST_STEP][PASSED] - Statement - counter = counter + 1: null

2018-12-12 15:07:57 - [TEST_STEP][PASSED] - Statement - PreSaveFile = new java.io.File(((pathPrefix + java.lang.Integer.toString(counter)) + .png)): null

2018-12-12 15:07:57 - [TEST_STEP][PASSED] - Statement - counter = counter + 1: null

2018-12-12 15:07:57 - [TEST_STEP][PASSED] - Statement - PreSaveFile = new java.io.File(((pathPrefix + java.lang.Integer.toString(counter)) + .png)): null

2018-12-12 15:07:57 - [TEST_STEP][PASSED] - Statement - counter = counter + 1: null

2018-12-12 15:07:57 - [TEST_STEP][PASSED] - Statement - PreSaveFile = new java.io.File(((pathPrefix + java.lang.Integer.toString(counter)) + .png)): null

2018-12-12 15:07:57 - [TEST_STEP][PASSED] - Statement - counter = counter + 1: null

2018-12-12 15:07:57 - [TEST_STEP][PASSED] - Statement - PreSaveFile = new java.io.File(((pathPrefix + java.lang.Integer.toString(counter)) + .png)): null

2018-12-12 15:07:57 - [TEST_STEP][PASSED] - Statement - counter = counter + 1: null

2018-12-12 15:07:57 - [TEST_STEP][PASSED] - Statement - PreSaveFile = new java.io.File(((pathPrefix + java.lang.Integer.toString(counter)) + .png)): null

2018-12-12 15:07:57 - [TEST_STEP][PASSED] - Statement - counter = counter + 1: null

2018-12-12 15:07:57 - [TEST_STEP][PASSED] - Statement - PreSaveFile = new java.io.File(((pathPrefix + java.lang.Integer.toString(counter)) + .png)): null

2018-12-12 15:07:57 - [TEST_STEP][PASSED] - Statement - counter = counter + 1: null

2018-12-12 15:07:57 - [TEST_STEP][PASSED] - Statement - PreSaveFile = new java.io.File(((pathPrefix + java.lang.Integer.toString(counter)) + .png)): null

2018-12-12 15:07:57 - [TEST_STEP][PASSED] - Statement - counter = counter + 1: null

2018-12-12 15:07:57 - [TEST_STEP][PASSED] - Statement - PreSaveFile = new java.io.File(((pathPrefix + java.lang.Integer.toString(counter)) + .png)): null

2018-12-12 15:07:57 - [TEST_STEP][PASSED] - Statement - counter = counter + 1: null

2018-12-12 15:07:57 - [TEST_STEP][PASSED] - Statement - PreSaveFile = new java.io.File(((pathPrefix + java.lang.Integer.toString(counter)) + .png)): null

2018-12-12 15:07:57 - [TEST_STEP][PASSED] - Statement - counter = counter + 1: null

2018-12-12 15:07:57 - [TEST_STEP][PASSED] - Statement - PreSaveFile = new java.io.File(((pathPrefix + java.lang.Integer.toString(counter)) + .png)): null

2018-12-12 15:07:57 - [TEST_STEP][PASSED] - Statement - counter = counter + 1: null

2018-12-12 15:07:57 - [TEST_STEP][PASSED] - Statement - PreSaveFile = new java.io.File(((pathPrefix + java.lang.Integer.toString(counter)) + .png)): null

2018-12-12 15:07:57 - [TEST_STEP][PASSED] - Statement - counter = counter + 1: null

2018-12-12 15:07:57 - [TEST_STEP][PASSED] - Statement - PreSaveFile = new java.io.File(((pathPrefix + java.lang.Integer.toString(counter)) + .png)): null

2018-12-12 15:07:57 - [TEST_STEP][PASSED] - Statement - counter = counter + 1: null

2018-12-12 15:07:57 - [TEST_STEP][PASSED] - Statement - PreSaveFile = new java.io.File(((pathPrefix + java.lang.Integer.toString(counter)) + .png)): null

2018-12-12 15:07:57 - [TEST_STEP][PASSED] - Statement - counter = counter + 1: null

2018-12-12 15:07:57 - [TEST_STEP][PASSED] - Statement - PreSaveFile = new java.io.File(((pathPrefix + java.lang.Integer.toString(counter)) + .png)): null

2018-12-12 15:07:57 - [TEST_STEP][PASSED] - Statement - counter = counter + 1: null

2018-12-12 15:07:57 - [TEST_STEP][PASSED] - Statement - PreSaveFile = new java.io.File(((pathPrefix + java.lang.Integer.toString(counter)) + .png)): null

2018-12-12 15:07:57 - [TEST_STEP][PASSED] - Statement - counter = counter + 1: null

2018-12-12 15:07:57 - [TEST_STEP][PASSED] - Statement - PreSaveFile = new java.io.File(((pathPrefix + java.lang.Integer.toString(counter)) + .png)): null

2018-12-12 15:07:57 - [TEST_STEP][PASSED] - Statement - counter = counter + 1: null

2018-12-12 15:07:57 - [TEST_STEP][PASSED] - Statement - PreSaveFile = new java.io.File(((pathPrefix + java.lang.Integer.toString(counter)) + .png)): null

2018-12-12 15:07:57 - [TEST_STEP][PASSED] - Statement - counter = counter + 1: null

2018-12-12 15:07:57 - [TEST_STEP][PASSED] - Statement - PreSaveFile = new java.io.File(((pathPrefix + java.lang.Integer.toString(counter)) + .png)): null

2018-12-12 15:07:57 - [TEST_STEP][PASSED] - Statement - counter = counter + 1: null

2018-12-12 15:07:57 - [TEST_STEP][PASSED] - Statement - PreSaveFile = new java.io.File(((pathPrefix + java.lang.Integer.toString(counter)) + .png)): null

2018-12-12 15:07:57 - [TEST_STEP][PASSED] - Statement - counter = counter + 1: null

2018-12-12 15:07:57 - [TEST_STEP][PASSED] - Statement - PreSaveFile = new java.io.File(((pathPrefix + java.lang.Integer.toString(counter)) + .png)): null

2018-12-12 15:07:57 - [TEST_STEP][PASSED] - Statement - counter = counter + 1: null

2018-12-12 15:07:57 - [TEST_STEP][PASSED] - Statement - PreSaveFile = new java.io.File(((pathPrefix + java.lang.Integer.toString(counter)) + .png)): null

2018-12-12 15:07:57 - [TEST_STEP][PASSED] - Statement - counter = counter + 1: null

2018-12-12 15:07:57 - [TEST_STEP][PASSED] - Statement - PreSaveFile = new java.io.File(((pathPrefix + java.lang.Integer.toString(counter)) + .png)): null

2018-12-12 15:07:57 - [TEST_STEP][PASSED] - Statement - counter = counter + 1: null

2018-12-12 15:07:57 - [TEST_STEP][PASSED] - Statement - PreSaveFile = new java.io.File(((pathPrefix + java.lang.Integer.toString(counter)) + .png)): null

2018-12-12 15:07:57 - [TEST_STEP][PASSED] - Statement - counter = counter + 1: null

2018-12-12 15:07:57 - [TEST_STEP][PASSED] - Statement - PreSaveFile = new java.io.File(((pathPrefix + java.lang.Integer.toString(counter)) + .png)): null

2018-12-12 15:07:57 - [TEST_STEP][PASSED] - Statement - counter = counter + 1: null

2018-12-12 15:07:57 - [TEST_STEP][PASSED] - Statement - PreSaveFile = new java.io.File(((pathPrefix + java.lang.Integer.toString(counter)) + .png)): null

2018-12-12 15:07:57 - [TEST_STEP][PASSED] - Statement - counter = counter + 1: null

2018-12-12 15:07:57 - [TEST_STEP][PASSED] - Statement - PreSaveFile = new java.io.File(((pathPrefix + java.lang.Integer.toString(counter)) + .png)): null

2018-12-12 15:07:57 - [TEST_STEP][PASSED] - Statement - counter = counter + 1: null

2018-12-12 15:07:57 - [TEST_STEP][PASSED] - Statement - PreSaveFile = new java.io.File(((pathPrefix + java.lang.Integer.toString(counter)) + .png)): null

2018-12-12 15:07:57 - [TEST_STEP][PASSED] - Statement - counter = counter + 1: null

2018-12-12 15:07:57 - [TEST_STEP][PASSED] - Statement - PreSaveFile = new java.io.File(((pathPrefix + java.lang.Integer.toString(counter)) + .png)): null

2018-12-12 15:07:57 - [TEST_STEP][PASSED] - Statement - counter = counter + 1: null

2018-12-12 15:07:57 - [TEST_STEP][PASSED] - Statement - PreSaveFile = new java.io.File(((pathPrefix + java.lang.Integer.toString(counter)) + .png)): null

2018-12-12 15:07:57 - [TEST_STEP][PASSED] - Statement - counter = counter + 1: null

2018-12-12 15:07:57 - [TEST_STEP][PASSED] - Statement - PreSaveFile = new java.io.File(((pathPrefix + java.lang.Integer.toString(counter)) + .png)): null

2018-12-12 15:07:57 - [TEST_STEP][PASSED] - Statement - counter = counter + 1: null

2018-12-12 15:07:57 - [TEST_STEP][PASSED] - Statement - PreSaveFile = new java.io.File(((pathPrefix + java.lang.Integer.toString(counter)) + .png)): null

2018-12-12 15:07:57 - [TEST_STEP][PASSED] - Statement - counter = counter + 1: null

2018-12-12 15:07:57 - [TEST_STEP][PASSED] - Statement - PreSaveFile = new java.io.File(((pathPrefix + java.lang.Integer.toString(counter)) + .png)): null

2018-12-12 15:07:57 - [TEST_STEP][PASSED] - Statement - counter = counter + 1: null

2018-12-12 15:07:57 - [TEST_STEP][PASSED] - Statement - PreSaveFile = new java.io.File(((pathPrefix + java.lang.Integer.toString(counter)) + .png)): null

2018-12-12 15:07:57 - [TEST_STEP][PASSED] - Statement - counter = counter + 1: null

2018-12-12 15:07:57 - [TEST_STEP][PASSED] - Statement - PreSaveFile = new java.io.File(((pathPrefix + java.lang.Integer.toString(counter)) + .png)): null

2018-12-12 15:07:57 - [TEST_STEP][PASSED] - Statement - counter = counter + 1: null

2018-12-12 15:07:57 - [TEST_STEP][PASSED] - Statement - PreSaveFile = new java.io.File(((pathPrefix + java.lang.Integer.toString(counter)) + .png)): null

2018-12-12 15:07:57 - [TEST_STEP][PASSED] - Statement - counter = counter + 1: null

2018-12-12 15:07:57 - [TEST_STEP][PASSED] - Statement - PreSaveFile = new java.io.File(((pathPrefix + java.lang.Integer.toString(counter)) + .png)): null

2018-12-12 15:07:57 - [TEST_STEP][PASSED] - Statement - counter = counter + 1: null

2018-12-12 15:07:57 - [TEST_STEP][PASSED] - Statement - PreSaveFile = new java.io.File(((pathPrefix + java.lang.Integer.toString(counter)) + .png)): null

2018-12-12 15:07:57 - [TEST_STEP][PASSED] - Statement - counter = counter + 1: null

2018-12-12 15:07:57 - [TEST_STEP][PASSED] - Statement - PreSaveFile = new java.io.File(((pathPrefix + java.lang.Integer.toString(counter)) + .png)): null

2018-12-12 15:07:57 - [TEST_STEP][PASSED] - Statement - counter = counter + 1: null

2018-12-12 15:07:57 - [TEST_STEP][PASSED] - Statement - PreSaveFile = new java.io.File(((pathPrefix + java.lang.Integer.toString(counter)) + .png)): null

2018-12-12 15:07:57 - [TEST_STEP][PASSED] - Statement - counter = counter + 1: null

2018-12-12 15:07:57 - [TEST_STEP][PASSED] - Statement - PreSaveFile = new java.io.File(((pathPrefix + java.lang.Integer.toString(counter)) + .png)): null

2018-12-12 15:07:57 - [TEST_STEP][PASSED] - Statement - counter = counter + 1: null

2018-12-12 15:07:57 - [TEST_STEP][PASSED] - Statement - PreSaveFile = new java.io.File(((pathPrefix + java.lang.Integer.toString(counter)) + .png)): null

2018-12-12 15:07:57 - [TEST_STEP][PASSED] - Statement - counter = counter + 1: null

2018-12-12 15:07:57 - [TEST_STEP][PASSED] - Statement - PreSaveFile = new java.io.File(((pathPrefix + java.lang.Integer.toString(counter)) + .png)): null

2018-12-12 15:07:57 - [TEST_STEP][PASSED] - Statement - finalPath = pathPrefix + java.lang.Integer.toString(counter) + ".png": null

2018-12-12 15:07:57 - [TEST_STEP][PASSED] - Statement - SaveFile = new java.io.File(finalPath): null

2018-12-12 15:07:57 - [TEST_STEP][PASSED] - Statement - Try: null

2018-12-12 15:07:57 - [TEST_STEP][PASSED] - Statement - org.apache.commons.io.FileUtils.copyFile(scrFile, SaveFile): null

2018-12-12 15:07:57 - [TEST_STEP][PASSED] - Statement - out.println("file kept"): null

2018-12-12 15:07:57 - [TEST_STEP][PASSED] - delay: Delayed 10 second(s)

2018-12-12 15:08:07 - [MESSAGE][PASSED] - Delayed 10 second(s)

2018-12-12 15:08:07 - [MESSAGE][PASSED] - Call Test Case 'Test Cases/Final Aug 2018 - PKS Automation/Registration Module/New Registration/Submit and Screenshot/Submit Registration and Screenshot' successfully]]></system-out>
         <system-err><![CDATA[]]></system-err>
      </testcase>
      <testcase name="Test Cases/Final Aug 2018 - PKS Automation/Registration Module/Critical Path/New Registration/Corporation - BHD" classname="Test Cases/Final Aug 2018 - PKS Automation/Registration Module/Critical Path/New Registration/Corporation - BHD" status="PASSED">
         <system-out><![CDATA[2018-12-12 15:08:07 - [TEST_CASE][PASSED] - Test Cases/Final Aug 2018 - PKS Automation/Registration Module/Critical Path/New Registration/Corporation - BHD: Test Cases/Final Aug 2018 - PKS Automation/Registration Module/Critical Path/New Registration/Corporation - BHD

2018-12-12 15:08:07 - [TEST_STEP][PASSED] - callTestCase: Call Test Case 'Test Cases/Final Aug 2018 - PKS Automation/Registration Module/New Registration/Form 1/Form 1 - Corporation - BHD' successfully

2018-12-12 15:08:07 - [TEST_CASE][PASSED] - Test Cases/Final Aug 2018 - PKS Automation/Registration Module/New Registration/Form 1/Form 1 - Corporation - BHD: Test Cases/Final Aug 2018 - PKS Automation/Registration Module/New Registration/Form 1/Form 1 - Corporation - BHD

2018-12-12 15:08:08 - [TEST_STEP][PASSED] - openBrowser: Browser is opened with url: ''

2018-12-12 15:08:08 - [MESSAGE][WARNING] - A browser is already opened. Closing browser and opening a new one

2018-12-12 15:08:11 - [MESSAGE][PASSED] - Browser is opened with url: ''

2018-12-12 15:08:11 - [TEST_STEP][PASSED] - navigateToUrl: Navigate to 'https://assist2-uat.perkeso.gov.my/login' successfully

2018-12-12 15:08:12 - [MESSAGE][PASSED] - Navigate to 'https://assist2-uat.perkeso.gov.my/login' successfully

2018-12-12 15:08:12 - [TEST_STEP][PASSED] - setText: Text 'johorotc1@gmail.com' is set on object 'Object Repository/Final Object Repo/Login Page/Internal User/Email Address'

2018-12-12 15:08:12 - [MESSAGE][PASSED] - Text 'johorotc1@gmail.com' is set on object 'Object Repository/Final Object Repo/Login Page/Internal User/Email Address'

2018-12-12 15:08:12 - [TEST_STEP][PASSED] - click: Object: 'Object Repository/Final Object Repo/Login Page/Internal User/Next Button' is clicked on

2018-12-12 15:08:12 - [MESSAGE][PASSED] - Object: 'Object Repository/Final Object Repo/Login Page/Internal User/Next Button' is clicked on

2018-12-12 15:08:12 - [TEST_STEP][PASSED] - delay: Delayed 1 second(s)

2018-12-12 15:08:13 - [MESSAGE][PASSED] - Delayed 1 second(s)

2018-12-12 15:08:13 - [TEST_STEP][PASSED] - setEncryptedText: Text ****** has been set on object 'Object Repository/Final Object Repo/Login Page/Internal User/Password'

2018-12-12 15:08:14 - [MESSAGE][PASSED] - Text ****** has been set on object 'Object Repository/Final Object Repo/Login Page/Internal User/Password'

2018-12-12 15:08:14 - [TEST_STEP][PASSED] - click: Object: 'Object Repository/Final Object Repo/Login Page/Internal User/Login Button' is clicked on

2018-12-12 15:08:14 - [MESSAGE][PASSED] - Object: 'Object Repository/Final Object Repo/Login Page/Internal User/Login Button' is clicked on

2018-12-12 15:08:14 - [TEST_STEP][PASSED] - delay: Delayed 1 second(s)

2018-12-12 15:08:15 - [MESSAGE][PASSED] - Delayed 1 second(s)

2018-12-12 15:08:15 - [TEST_STEP][PASSED] - Statement - Try: Delayed 2 second(s)

2018-12-12 15:08:15 - [TEST_STEP][PASSED] - Statement - Checker = false: null

2018-12-12 15:08:15 - [TEST_STEP][PASSED] - Statement - Checker = com.kms.katalon.core.webui.keyword.WebUiBuiltInKeywords.verifyElementHasAttribute(com.kms.katalon.core.testobject.ObjectRepository.findTestObject(Final Object Repo/Landing Page/BM Detecting), "href", 20, OPTIONAL): Object 'Object Repository/Final Object Repo/Landing Page/BM Detecting' has attribute 'href'

2018-12-12 15:08:16 - [MESSAGE][PASSED] - Object 'Object Repository/Final Object Repo/Landing Page/BM Detecting' has attribute 'href'

2018-12-12 15:08:16 - [TEST_STEP][PASSED] - Statement - out.println(Checker): null

2018-12-12 15:08:16 - [TEST_STEP][PASSED] - Statement - If (Checker == false): null

2018-12-12 15:08:16 - [TEST_STEP][PASSED] - Statement - Else: null

2018-12-12 15:08:16 - [TEST_STEP][PASSED] - delay: Delayed 2 second(s)

2018-12-12 15:08:18 - [MESSAGE][PASSED] - Delayed 2 second(s)

2018-12-12 15:08:18 - [TEST_STEP][PASSED] - navigateToUrl: Navigate to 'https://assist2-uat.perkeso.gov.my/web/registration/registration' successfully

2018-12-12 15:08:19 - [MESSAGE][PASSED] - Navigate to 'https://assist2-uat.perkeso.gov.my/web/registration/registration' successfully

2018-12-12 15:08:19 - [TEST_STEP][PASSED] - click: Object: 'Object Repository/Final Object Repo/New Registration - Registration Module Pages/Form 1/AEC - No' is clicked on

2018-12-12 15:08:19 - [MESSAGE][PASSED] - Object: 'Object Repository/Final Object Repo/New Registration - Registration Module Pages/Form 1/AEC - No' is clicked on

2018-12-12 15:08:19 - [TEST_STEP][PASSED] - click: Object: 'Object Repository/Final Object Repo/New Registration - Registration Module Pages/Form 1/Business Entity' is clicked on

2018-12-12 15:08:20 - [MESSAGE][PASSED] - Object: 'Object Repository/Final Object Repo/New Registration - Registration Module Pages/Form 1/Business Entity' is clicked on

2018-12-12 15:08:20 - [TEST_STEP][PASSED] - click: Object: 'Object Repository/Final Object Repo/New Registration - Registration Module Pages/Form 1/Businees Entity - Corporation' is clicked on

2018-12-12 15:08:20 - [MESSAGE][PASSED] - Object: 'Object Repository/Final Object Repo/New Registration - Registration Module Pages/Form 1/Businees Entity - Corporation' is clicked on

2018-12-12 15:08:20 - [TEST_STEP][PASSED] - delay: Delayed 1 second(s)

2018-12-12 15:08:21 - [MESSAGE][PASSED] - Delayed 1 second(s)

2018-12-12 15:08:21 - [TEST_STEP][PASSED] - click: Object: 'Object Repository/Final Object Repo/New Registration - Registration Module Pages/Form 1/Sub Business Entity' is clicked on

2018-12-12 15:08:21 - [MESSAGE][PASSED] - Object: 'Object Repository/Final Object Repo/New Registration - Registration Module Pages/Form 1/Sub Business Entity' is clicked on

2018-12-12 15:08:21 - [TEST_STEP][PASSED] - click: Object: 'Object Repository/Final Object Repo/New Registration - Registration Module Pages/Form 1/Sub Business Entity - Berhad' is clicked on

2018-12-12 15:08:21 - [MESSAGE][PASSED] - Object: 'Object Repository/Final Object Repo/New Registration - Registration Module Pages/Form 1/Sub Business Entity - Berhad' is clicked on

2018-12-12 15:08:21 - [TEST_STEP][PASSED] - delay: Delayed 1 second(s)

2018-12-12 15:08:22 - [MESSAGE][PASSED] - Delayed 1 second(s)

2018-12-12 15:08:22 - [TEST_STEP][PASSED] - setText: Text '123' is set on object 'Object Repository/Final Object Repo/New Registration - Registration Module Pages/Form 1/Registration Number'

2018-12-12 15:08:23 - [MESSAGE][PASSED] - Text '123' is set on object 'Object Repository/Final Object Repo/New Registration - Registration Module Pages/Form 1/Registration Number'

2018-12-12 15:08:23 - [TEST_STEP][PASSED] - click: Object: 'Object Repository/Final Object Repo/New Registration - Registration Module Pages/Form 1/Registred with SSM - Before Feb' is clicked on

2018-12-12 15:08:23 - [MESSAGE][PASSED] - Object: 'Object Repository/Final Object Repo/New Registration - Registration Module Pages/Form 1/Registred with SSM - Before Feb' is clicked on

2018-12-12 15:08:23 - [TEST_STEP][PASSED] - click: Object: 'Object Repository/Final Object Repo/New Registration - Registration Module Pages/Form 1/Registered As a Branch - Yes' is clicked on

2018-12-12 15:08:23 - [MESSAGE][PASSED] - Object: 'Object Repository/Final Object Repo/New Registration - Registration Module Pages/Form 1/Registered As a Branch - Yes' is clicked on

2018-12-12 15:08:23 - [TEST_STEP][PASSED] - click: Object: 'Object Repository/Final Object Repo/New Registration - Registration Module Pages/Form 1/Acknowledgement' is clicked on

2018-12-12 15:08:23 - [MESSAGE][PASSED] - Object: 'Object Repository/Final Object Repo/New Registration - Registration Module Pages/Form 1/Acknowledgement' is clicked on

2018-12-12 15:08:23 - [TEST_STEP][PASSED] - setText: Text 'perkeso' is set on object 'Object Repository/Final Object Repo/New Registration - Registration Module Pages/Form 1/Industry name'

2018-12-12 15:08:23 - [MESSAGE][PASSED] - Text 'perkeso' is set on object 'Object Repository/Final Object Repo/New Registration - Registration Module Pages/Form 1/Industry name'

2018-12-12 15:08:23 - [TEST_STEP][PASSED] - setText: Text 'perkeso1' is set on object 'Object Repository/Final Object Repo/New Registration - Registration Module Pages/Form 1/Postal Address1'

2018-12-12 15:08:24 - [MESSAGE][PASSED] - Text 'perkeso1' is set on object 'Object Repository/Final Object Repo/New Registration - Registration Module Pages/Form 1/Postal Address1'

2018-12-12 15:08:24 - [TEST_STEP][PASSED] - setText: Text 'perkeso2' is set on object 'Object Repository/Final Object Repo/New Registration - Registration Module Pages/Form 1/Postal Address2'

2018-12-12 15:08:24 - [MESSAGE][PASSED] - Text 'perkeso2' is set on object 'Object Repository/Final Object Repo/New Registration - Registration Module Pages/Form 1/Postal Address2'

2018-12-12 15:08:24 - [TEST_STEP][PASSED] - setText: Text 'perkeso3' is set on object 'Object Repository/Final Object Repo/New Registration - Registration Module Pages/Form 1/Postal Address3'

2018-12-12 15:08:25 - [MESSAGE][PASSED] - Text 'perkeso3' is set on object 'Object Repository/Final Object Repo/New Registration - Registration Module Pages/Form 1/Postal Address3'

2018-12-12 15:08:25 - [TEST_STEP][PASSED] - click: Object: 'Object Repository/Final Object Repo/New Registration - Registration Module Pages/Form 1/State' is clicked on

2018-12-12 15:08:25 - [MESSAGE][PASSED] - Object: 'Object Repository/Final Object Repo/New Registration - Registration Module Pages/Form 1/State' is clicked on

2018-12-12 15:08:25 - [TEST_STEP][PASSED] - click: Object: 'Object Repository/Final Object Repo/New Registration - Registration Module Pages/Form 1/State - Johor' is clicked on

2018-12-12 15:08:25 - [MESSAGE][PASSED] - Object: 'Object Repository/Final Object Repo/New Registration - Registration Module Pages/Form 1/State - Johor' is clicked on

2018-12-12 15:08:25 - [TEST_STEP][PASSED] - delay: Delayed 1 second(s)

2018-12-12 15:08:26 - [MESSAGE][PASSED] - Delayed 1 second(s)

2018-12-12 15:08:26 - [TEST_STEP][PASSED] - click: Object: 'Object Repository/Final Object Repo/New Registration - Registration Module Pages/Form 1/City' is clicked on

2018-12-12 15:08:26 - [MESSAGE][PASSED] - Object: 'Object Repository/Final Object Repo/New Registration - Registration Module Pages/Form 1/City' is clicked on

2018-12-12 15:08:26 - [TEST_STEP][PASSED] - setText: Text 'joh' is set on object 'Object Repository/Final Object Repo/New Registration - Registration Module Pages/Form 1/Postcode - 810'

2018-12-12 15:08:26 - [MESSAGE][PASSED] - Text 'joh' is set on object 'Object Repository/Final Object Repo/New Registration - Registration Module Pages/Form 1/Postcode - 810'

2018-12-12 15:08:26 - [TEST_STEP][PASSED] - delay: Delayed 1 second(s)

2018-12-12 15:08:27 - [MESSAGE][PASSED] - Delayed 1 second(s)

2018-12-12 15:08:27 - [TEST_STEP][PASSED] - click: Object: 'Object Repository/Final Object Repo/New Registration - Registration Module Pages/Form 1/City - Johor Bharu' is clicked on

2018-12-12 15:08:28 - [MESSAGE][PASSED] - Object: 'Object Repository/Final Object Repo/New Registration - Registration Module Pages/Form 1/City - Johor Bharu' is clicked on

2018-12-12 15:08:28 - [TEST_STEP][PASSED] - delay: Delayed 1 second(s)

2018-12-12 15:08:29 - [MESSAGE][PASSED] - Delayed 1 second(s)

2018-12-12 15:08:29 - [TEST_STEP][PASSED] - click: Object: 'Object Repository/Final Object Repo/New Registration - Registration Module Pages/Form 1/Postcode' is clicked on

2018-12-12 15:08:29 - [MESSAGE][PASSED] - Object: 'Object Repository/Final Object Repo/New Registration - Registration Module Pages/Form 1/Postcode' is clicked on

2018-12-12 15:08:29 - [TEST_STEP][PASSED] - delay: Delayed 1 second(s)

2018-12-12 15:08:30 - [MESSAGE][PASSED] - Delayed 1 second(s)

2018-12-12 15:08:30 - [TEST_STEP][PASSED] - setText: Text '810' is set on object 'Object Repository/Final Object Repo/New Registration - Registration Module Pages/Form 1/Postcode - 810'

2018-12-12 15:08:30 - [MESSAGE][PASSED] - Text '810' is set on object 'Object Repository/Final Object Repo/New Registration - Registration Module Pages/Form 1/Postcode - 810'

2018-12-12 15:08:30 - [TEST_STEP][PASSED] - delay: Delayed 3 second(s)

2018-12-12 15:08:33 - [MESSAGE][PASSED] - Delayed 3 second(s)

2018-12-12 15:08:33 - [TEST_STEP][PASSED] - click: Object: 'Object Repository/Final Object Repo/New Registration - Registration Module Pages/Form 1/Postcode - 81000' is clicked on

2018-12-12 15:08:33 - [MESSAGE][PASSED] - Object: 'Object Repository/Final Object Repo/New Registration - Registration Module Pages/Form 1/Postcode - 81000' is clicked on

2018-12-12 15:08:33 - [TEST_STEP][PASSED] - delay: Delayed 1 second(s)

2018-12-12 15:08:34 - [MESSAGE][PASSED] - Delayed 1 second(s)

2018-12-12 15:08:34 - [TEST_STEP][PASSED] - setText: Text '100' is set on object 'Object Repository/Final Object Repo/New Registration - Registration Module Pages/Form 1/P.O.BOX'

2018-12-12 15:08:35 - [MESSAGE][PASSED] - Text '100' is set on object 'Object Repository/Final Object Repo/New Registration - Registration Module Pages/Form 1/P.O.BOX'

2018-12-12 15:08:35 - [TEST_STEP][PASSED] - setText: Text '100' is set on object 'Object Repository/Final Object Repo/New Registration - Registration Module Pages/Form 1/Locked Bag No'

2018-12-12 15:08:35 - [MESSAGE][PASSED] - Text '100' is set on object 'Object Repository/Final Object Repo/New Registration - Registration Module Pages/Form 1/Locked Bag No'

2018-12-12 15:08:35 - [TEST_STEP][PASSED] - click: Object: 'Object Repository/Final Object Repo/New Registration - Registration Module Pages/Form 1/SOCSO Office Location' is clicked on

2018-12-12 15:08:35 - [MESSAGE][PASSED] - Object: 'Object Repository/Final Object Repo/New Registration - Registration Module Pages/Form 1/SOCSO Office Location' is clicked on

2018-12-12 15:08:35 - [TEST_STEP][PASSED] - click: Object: 'Object Repository/Final Object Repo/New Registration - Registration Module Pages/Form 1/SOCSO Office Location - Pejabat PERKESO Negeri Johor' is clicked on

2018-12-12 15:08:35 - [MESSAGE][PASSED] - Object: 'Object Repository/Final Object Repo/New Registration - Registration Module Pages/Form 1/SOCSO Office Location - Pejabat PERKESO Negeri Johor' is clicked on

2018-12-12 15:08:35 - [TEST_STEP][PASSED] - delay: Delayed 1 second(s)

2018-12-12 15:08:36 - [MESSAGE][PASSED] - Delayed 1 second(s)

2018-12-12 15:08:36 - [TEST_STEP][PASSED] - check: Object 'Object Repository/Final Object Repo/New Registration - Registration Module Pages/Form 1/Indusrty Address Same As Postal Address' is checked

2018-12-12 15:08:37 - [MESSAGE][PASSED] - Object 'Object Repository/Final Object Repo/New Registration - Registration Module Pages/Form 1/Indusrty Address Same As Postal Address' is checked

2018-12-12 15:08:37 - [TEST_STEP][PASSED] - delay: Delayed 3 second(s)

2018-12-12 15:08:40 - [MESSAGE][PASSED] - Delayed 3 second(s)

2018-12-12 15:08:40 - [TEST_STEP][PASSED] - click: Object: 'Object Repository/Final Object Repo/New Registration - Registration Module Pages/Form 1/Indusry Address Same As Postal Address False' is clicked on

2018-12-12 15:08:40 - [MESSAGE][PASSED] - Object: 'Object Repository/Final Object Repo/New Registration - Registration Module Pages/Form 1/Indusry Address Same As Postal Address False' is clicked on

2018-12-12 15:08:40 - [TEST_STEP][PASSED] - delay: Delayed 1 second(s)

2018-12-12 15:08:41 - [MESSAGE][PASSED] - Delayed 1 second(s)

2018-12-12 15:08:41 - [TEST_STEP][PASSED] - setText: Text 'perkeso1' is set on object 'Object Repository/Final Object Repo/New Registration - Registration Module Pages/Form 1/Industry Address1'

2018-12-12 15:08:41 - [MESSAGE][PASSED] - Text 'perkeso1' is set on object 'Object Repository/Final Object Repo/New Registration - Registration Module Pages/Form 1/Industry Address1'

2018-12-12 15:08:41 - [TEST_STEP][PASSED] - setText: Text 'perkeso2' is set on object 'Object Repository/Final Object Repo/New Registration - Registration Module Pages/Form 1/Industry Address2'

2018-12-12 15:08:41 - [MESSAGE][PASSED] - Text 'perkeso2' is set on object 'Object Repository/Final Object Repo/New Registration - Registration Module Pages/Form 1/Industry Address2'

2018-12-12 15:08:41 - [TEST_STEP][PASSED] - setText: Text 'perkeso3' is set on object 'Object Repository/Final Object Repo/New Registration - Registration Module Pages/Form 1/Industry Address3'

2018-12-12 15:08:42 - [MESSAGE][PASSED] - Text 'perkeso3' is set on object 'Object Repository/Final Object Repo/New Registration - Registration Module Pages/Form 1/Industry Address3'

2018-12-12 15:08:42 - [TEST_STEP][PASSED] - click: Object: 'Object Repository/Final Object Repo/New Registration - Registration Module Pages/Form 1/Industry State' is clicked on

2018-12-12 15:08:42 - [MESSAGE][PASSED] - Object: 'Object Repository/Final Object Repo/New Registration - Registration Module Pages/Form 1/Industry State' is clicked on

2018-12-12 15:08:42 - [TEST_STEP][PASSED] - delay: Delayed 2 second(s)

2018-12-12 15:08:44 - [MESSAGE][PASSED] - Delayed 2 second(s)

2018-12-12 15:08:44 - [TEST_STEP][PASSED] - click: Object: 'Object Repository/Final Object Repo/New Registration - Registration Module Pages/Form 1/Industry State - Johor' is clicked on

2018-12-12 15:08:44 - [MESSAGE][PASSED] - Object: 'Object Repository/Final Object Repo/New Registration - Registration Module Pages/Form 1/Industry State - Johor' is clicked on

2018-12-12 15:08:44 - [TEST_STEP][PASSED] - delay: Delayed 2 second(s)

2018-12-12 15:08:46 - [MESSAGE][PASSED] - Delayed 2 second(s)

2018-12-12 15:08:46 - [TEST_STEP][PASSED] - click: Object: 'Object Repository/Final Object Repo/New Registration - Registration Module Pages/Form 1/Industry Ciry' is clicked on

2018-12-12 15:08:46 - [MESSAGE][PASSED] - Object: 'Object Repository/Final Object Repo/New Registration - Registration Module Pages/Form 1/Industry Ciry' is clicked on

2018-12-12 15:08:46 - [TEST_STEP][PASSED] - setText: Text 'joh' is set on object 'Object Repository/Final Object Repo/New Registration - Registration Module Pages/Form 1/Industry Ciry - joh'

2018-12-12 15:08:47 - [MESSAGE][PASSED] - Text 'joh' is set on object 'Object Repository/Final Object Repo/New Registration - Registration Module Pages/Form 1/Industry Ciry - joh'

2018-12-12 15:08:47 - [TEST_STEP][PASSED] - delay: Delayed 2 second(s)

2018-12-12 15:08:49 - [MESSAGE][PASSED] - Delayed 2 second(s)

2018-12-12 15:08:49 - [TEST_STEP][PASSED] - click: Object: 'Object Repository/Final Object Repo/New Registration - Registration Module Pages/Form 1/Industy State - Johor Bharu' is clicked on

2018-12-12 15:08:49 - [MESSAGE][PASSED] - Object: 'Object Repository/Final Object Repo/New Registration - Registration Module Pages/Form 1/Industy State - Johor Bharu' is clicked on

2018-12-12 15:08:49 - [TEST_STEP][PASSED] - delay: Delayed 1 second(s)

2018-12-12 15:08:50 - [MESSAGE][PASSED] - Delayed 1 second(s)

2018-12-12 15:08:50 - [TEST_STEP][PASSED] - click: Object: 'Object Repository/Final Object Repo/New Registration - Registration Module Pages/Form 1/Indusry PostCode' is clicked on

2018-12-12 15:08:50 - [MESSAGE][PASSED] - Object: 'Object Repository/Final Object Repo/New Registration - Registration Module Pages/Form 1/Indusry PostCode' is clicked on

2018-12-12 15:08:50 - [TEST_STEP][PASSED] - delay: Delayed 1 second(s)

2018-12-12 15:08:51 - [MESSAGE][PASSED] - Delayed 1 second(s)

2018-12-12 15:08:51 - [TEST_STEP][PASSED] - setText: Text '810' is set on object 'Object Repository/Final Object Repo/New Registration - Registration Module Pages/Form 1/Insutry Post Code - 810'

2018-12-12 15:08:51 - [MESSAGE][PASSED] - Text '810' is set on object 'Object Repository/Final Object Repo/New Registration - Registration Module Pages/Form 1/Insutry Post Code - 810'

2018-12-12 15:08:51 - [TEST_STEP][PASSED] - delay: Delayed 1 second(s)

2018-12-12 15:08:52 - [MESSAGE][PASSED] - Delayed 1 second(s)

2018-12-12 15:08:52 - [TEST_STEP][PASSED] - click: Object: 'Object Repository/Final Object Repo/New Registration - Registration Module Pages/Form 1/Insutry Post Code - 81000' is clicked on

2018-12-12 15:08:53 - [MESSAGE][PASSED] - Object: 'Object Repository/Final Object Repo/New Registration - Registration Module Pages/Form 1/Insutry Post Code - 81000' is clicked on

2018-12-12 15:08:53 - [TEST_STEP][PASSED] - delay: Delayed 1 second(s)

2018-12-12 15:08:54 - [MESSAGE][PASSED] - Delayed 1 second(s)

2018-12-12 15:08:54 - [TEST_STEP][PASSED] - setText: Text '100' is set on object 'Object Repository/Final Object Repo/New Registration - Registration Module Pages/Form 1/Industry P.O.BOX'

2018-12-12 15:08:54 - [MESSAGE][PASSED] - Text '100' is set on object 'Object Repository/Final Object Repo/New Registration - Registration Module Pages/Form 1/Industry P.O.BOX'

2018-12-12 15:08:54 - [TEST_STEP][PASSED] - setText: Text '100' is set on object 'Object Repository/Final Object Repo/New Registration - Registration Module Pages/Form 1/Industry Locked Bag No'

2018-12-12 15:08:54 - [MESSAGE][PASSED] - Text '100' is set on object 'Object Repository/Final Object Repo/New Registration - Registration Module Pages/Form 1/Industry Locked Bag No'

2018-12-12 15:08:54 - [TEST_STEP][PASSED] - setText: Text '123456789' is set on object 'Object Repository/Final Object Repo/New Registration - Registration Module Pages/Form 1/Telephone No'

2018-12-12 15:08:55 - [MESSAGE][PASSED] - Text '123456789' is set on object 'Object Repository/Final Object Repo/New Registration - Registration Module Pages/Form 1/Telephone No'

2018-12-12 15:08:55 - [TEST_STEP][PASSED] - setText: Text '123456789' is set on object 'Object Repository/Final Object Repo/New Registration - Registration Module Pages/Form 1/Mobile No'

2018-12-12 15:08:55 - [MESSAGE][PASSED] - Text '123456789' is set on object 'Object Repository/Final Object Repo/New Registration - Registration Module Pages/Form 1/Mobile No'

2018-12-12 15:08:55 - [TEST_STEP][PASSED] - setText: Text '123456789' is set on object 'Object Repository/Final Object Repo/New Registration - Registration Module Pages/Form 1/Fax No'

2018-12-12 15:08:55 - [MESSAGE][PASSED] - Text '123456789' is set on object 'Object Repository/Final Object Repo/New Registration - Registration Module Pages/Form 1/Fax No'

2018-12-12 15:08:55 - [TEST_STEP][PASSED] - click: Object: 'Object Repository/Final Object Repo/New Registration - Registration Module Pages/Form 1/Industry Code' is clicked on

2018-12-12 15:08:56 - [MESSAGE][PASSED] - Object: 'Object Repository/Final Object Repo/New Registration - Registration Module Pages/Form 1/Industry Code' is clicked on

2018-12-12 15:08:56 - [TEST_STEP][PASSED] - click: Object: 'Object Repository/Final Object Repo/New Registration - Registration Module Pages/Form 1/Indudustry Code - Crops and Animal' is clicked on

2018-12-12 15:08:56 - [MESSAGE][PASSED] - Object: 'Object Repository/Final Object Repo/New Registration - Registration Module Pages/Form 1/Indudustry Code - Crops and Animal' is clicked on

2018-12-12 15:08:56 - [TEST_STEP][PASSED] - delay: Delayed 1 second(s)

2018-12-12 15:08:57 - [MESSAGE][PASSED] - Delayed 1 second(s)

2018-12-12 15:08:57 - [TEST_STEP][PASSED] - click: Object: 'Object Repository/Final Object Repo/New Registration - Registration Module Pages/Form 1/Sub Industry Code List' is clicked on

2018-12-12 15:08:57 - [MESSAGE][PASSED] - Object: 'Object Repository/Final Object Repo/New Registration - Registration Module Pages/Form 1/Sub Industry Code List' is clicked on

2018-12-12 15:08:57 - [TEST_STEP][PASSED] - click: Object: 'Object Repository/Final Object Repo/New Registration - Registration Module Pages/Form 1/Sub Industry Code List - Growing of Maize' is clicked on

2018-12-12 15:08:57 - [MESSAGE][PASSED] - Object: 'Object Repository/Final Object Repo/New Registration - Registration Module Pages/Form 1/Sub Industry Code List - Growing of Maize' is clicked on

2018-12-12 15:08:57 - [TEST_STEP][PASSED] - setText: Text 'perkeso123@gmail.com' is set on object 'Object Repository/Final Object Repo/New Registration - Registration Module Pages/Form 1/Email'

2018-12-12 15:08:58 - [MESSAGE][PASSED] - Text 'perkeso123@gmail.com' is set on object 'Object Repository/Final Object Repo/New Registration - Registration Module Pages/Form 1/Email'

2018-12-12 15:08:58 - [TEST_STEP][PASSED] - click: Object: 'Object Repository/Final Object Repo/New Registration - Registration Module Pages/Form 1/Method of Contribution Payment' is clicked on

2018-12-12 15:08:58 - [MESSAGE][PASSED] - Object: 'Object Repository/Final Object Repo/New Registration - Registration Module Pages/Form 1/Method of Contribution Payment' is clicked on

2018-12-12 15:08:58 - [TEST_STEP][PASSED] - click: Object: 'Object Repository/Final Object Repo/New Registration - Registration Module Pages/Form 1/Method of Contribution Payment - Portal' is clicked on

2018-12-12 15:08:58 - [MESSAGE][PASSED] - Object: 'Object Repository/Final Object Repo/New Registration - Registration Module Pages/Form 1/Method of Contribution Payment - Portal' is clicked on

2018-12-12 15:08:58 - [TEST_STEP][PASSED] - click: Object: 'Object Repository/Final Object Repo/New Registration - Registration Module Pages/Form 1/Servide Type' is clicked on

2018-12-12 15:08:59 - [MESSAGE][PASSED] - Object: 'Object Repository/Final Object Repo/New Registration - Registration Module Pages/Form 1/Servide Type' is clicked on

2018-12-12 15:08:59 - [TEST_STEP][PASSED] - click: Object: 'Object Repository/Final Object Repo/New Registration - Registration Module Pages/Form 1/Servide Type - Professional Bodies' is clicked on

2018-12-12 15:08:59 - [MESSAGE][PASSED] - Object: 'Object Repository/Final Object Repo/New Registration - Registration Module Pages/Form 1/Servide Type - Professional Bodies' is clicked on

2018-12-12 15:08:59 - [TEST_STEP][PASSED] - click: Object: 'Object Repository/Final Object Repo/New Registration - Registration Module Pages/Form 1/Industry Venue' is clicked on

2018-12-12 15:08:59 - [MESSAGE][PASSED] - Object: 'Object Repository/Final Object Repo/New Registration - Registration Module Pages/Form 1/Industry Venue' is clicked on

2018-12-12 15:08:59 - [TEST_STEP][PASSED] - click: Object: 'Object Repository/Final Object Repo/New Registration - Registration Module Pages/Form 1/Industry Venue -  PPN JOHOR' is clicked on

2018-12-12 15:08:59 - [MESSAGE][PASSED] - Object: 'Object Repository/Final Object Repo/New Registration - Registration Module Pages/Form 1/Industry Venue -  PPN JOHOR' is clicked on

2018-12-12 15:08:59 - [TEST_STEP][PASSED] - click: Object: 'Object Repository/Final Object Repo/New Registration - Registration Module Pages/Form 1/Save  Continue' is clicked on

2018-12-12 15:09:00 - [MESSAGE][PASSED] - Object: 'Object Repository/Final Object Repo/New Registration - Registration Module Pages/Form 1/Save  Continue' is clicked on

2018-12-12 15:09:00 - [MESSAGE][PASSED] - Call Test Case 'Test Cases/Final Aug 2018 - PKS Automation/Registration Module/New Registration/Form 1/Form 1 - Corporation - BHD' successfully

2018-12-12 15:09:00 - [TEST_STEP][PASSED] - callTestCase: Call Test Case 'Test Cases/Final Aug 2018 - PKS Automation/Registration Module/New Registration/Form 2/Add 2 Eligible 2 Not Eligible' successfully

2018-12-12 15:09:00 - [TEST_CASE][PASSED] - Test Cases/Final Aug 2018 - PKS Automation/Registration Module/New Registration/Form 2/Add 2 Eligible 2 Not Eligible: Test Cases/Final Aug 2018 - PKS Automation/Registration Module/New Registration/Form 2/Add 2 Eligible 2 Not Eligible

2018-12-12 15:09:00 - [TEST_STEP][PASSED] - delay: Delayed 2 second(s)

2018-12-12 15:09:02 - [MESSAGE][PASSED] - Delayed 2 second(s)

2018-12-12 15:09:02 - [TEST_STEP][PASSED] - callTestCase: Call Test Case 'Test Cases/Final Aug 2018 - PKS Automation/Registration Module/New Registration/Form 2/Date Updater' successfully

2018-12-12 15:09:02 - [TEST_CASE][PASSED] - Test Cases/Final Aug 2018 - PKS Automation/Registration Module/New Registration/Form 2/Date Updater: Test Cases/Final Aug 2018 - PKS Automation/Registration Module/New Registration/Form 2/Date Updater

2018-12-12 15:09:02 - [TEST_STEP][PASSED] - Statement - TodayDate = new java.util.Date(): null

2018-12-12 15:09:02 - [TEST_STEP][PASSED] - Statement - CurrentDateNoFilter = new java.text.SimpleDateFormat(): null

2018-12-12 15:09:02 - [TEST_STEP][PASSED] - Statement - CurrentDateNoFilter.applyPattern("MM"): null

2018-12-12 15:09:02 - [TEST_STEP][PASSED] - Statement - monthContainerMatcher = java.lang.Integer.parseInt(CurrentDateNoFilter.format(TodayDate)): null

2018-12-12 15:09:02 - [TEST_STEP][PASSED] - Statement - monthContainerMatcher = monthContainerMatcher - 1: null

2018-12-12 15:09:02 - [TEST_STEP][PASSED] - Statement - CurrentMonth = monthContainerMatcher.toString(): null

2018-12-12 15:09:02 - [TEST_STEP][PASSED] - Statement - CurrentMonth = CurrentMonth: null

2018-12-12 15:09:02 - [TEST_STEP][PASSED] - Statement - CurrentDateNoFilter.applyPattern("yyyy"): null

2018-12-12 15:09:02 - [TEST_STEP][PASSED] - Statement - CurrentYear = CurrentDateNoFilter.format(TodayDate): null

2018-12-12 15:09:02 - [TEST_STEP][PASSED] - Statement - CurrentYear = CurrentYear: null

2018-12-12 15:09:02 - [TEST_STEP][PASSED] - Statement - intCurrentYear = java.lang.Integer.parseInt(CurrentDateNoFilter.format(TodayDate)): null

2018-12-12 15:09:02 - [TEST_STEP][PASSED] - Statement - eighteenYrsAgo = intCurrentYear - 18: null

2018-12-12 15:09:02 - [TEST_STEP][PASSED] - Statement - eighteenYrsBeforeThisYr = eighteenYrsAgo.toString(): null

2018-12-12 15:09:02 - [TEST_STEP][PASSED] - Statement - EighteenYrsBefore = eighteenYrsBeforeThisYr: null

2018-12-12 15:09:02 - [TEST_STEP][PASSED] - Statement - fiftysevenYrsAgo = intCurrentYear - 57: null

2018-12-12 15:09:02 - [TEST_STEP][PASSED] - Statement - fiftysevenYrsBeforeThisYr = fiftysevenYrsAgo.toString(): null

2018-12-12 15:09:02 - [TEST_STEP][PASSED] - Statement - FiftysevenYrsBefore = fiftysevenYrsBeforeThisYr: null

2018-12-12 15:09:02 - [TEST_STEP][PASSED] - Statement - leapYear = false: null

2018-12-12 15:09:02 - [TEST_STEP][PASSED] - Statement - leapYear = intCurrentYear % 4 == 0: null

2018-12-12 15:09:02 - [TEST_STEP][PASSED] - Statement - CurrentDateNoFilter.applyPattern("dd"): null

2018-12-12 15:09:02 - [TEST_STEP][PASSED] - Statement - CurrentDate = CurrentDateNoFilter.format(TodayDate): null

2018-12-12 15:09:02 - [TEST_STEP][PASSED] - Statement - CurrentDate = java.lang.Integer.parseInt(CurrentDate): null

2018-12-12 15:09:02 - [TEST_STEP][PASSED] - Statement - CurrentDate = CurrentDate: null

2018-12-12 15:09:02 - [TEST_STEP][PASSED] - Statement - CurrentDay = java.lang.Integer.parseInt(CurrentDate): null

2018-12-12 15:09:02 - [TEST_STEP][PASSED] - Statement - ConfAdder = <not implemented yet for class: org.codehaus.groovy.ast.expr.EmptyExpression>: null

2018-12-12 15:09:02 - [TEST_STEP][PASSED] - Statement - out.println(CurrentMonth): null

2018-12-12 15:09:02 - [TEST_STEP][PASSED] - Statement - out.println(CurrentDate): null

2018-12-12 15:09:02 - [TEST_STEP][PASSED] - Statement - switch (CurrentDate): null

2018-12-12 15:09:02 - [TEST_STEP][PASSED] - Statement - Default: null

2018-12-12 15:09:02 - [TEST_STEP][PASSED] - Statement - ConfAdder = true: null

2018-12-12 15:09:02 - [TEST_STEP][PASSED] - Statement - Break: null

2018-12-12 15:09:02 - [TEST_STEP][PASSED] - Statement - aDayBefore = <not implemented yet for class: org.codehaus.groovy.ast.expr.EmptyExpression>: null

2018-12-12 15:09:02 - [TEST_STEP][PASSED] - Statement - out.println(ConfAdder): null

2018-12-12 15:09:02 - [TEST_STEP][PASSED] - Statement - If (ConfAdder == true): null

2018-12-12 15:09:02 - [TEST_STEP][PASSED] - Statement - aDayBefore = CurrentDay + 1: null

2018-12-12 15:09:02 - [TEST_STEP][PASSED] - Statement - out.println(aDayBefore): null

2018-12-12 15:09:02 - [TEST_STEP][PASSED] - Statement - If (aDayBefore == 1 && CurrentMonth == 11): null

2018-12-12 15:09:02 - [TEST_STEP][PASSED] - Statement - DayBefore = aDayBefore.toString(): null

2018-12-12 15:09:02 - [TEST_STEP][PASSED] - Statement - OneDayBefore = DayBefore: null

2018-12-12 15:09:02 - [MESSAGE][PASSED] - Call Test Case 'Test Cases/Final Aug 2018 - PKS Automation/Registration Module/New Registration/Form 2/Date Updater' successfully

2018-12-12 15:09:02 - [TEST_STEP][PASSED] - delay: Delayed 1 second(s)

2018-12-12 15:09:03 - [MESSAGE][PASSED] - Delayed 1 second(s)

2018-12-12 15:09:03 - [TEST_STEP][PASSED] - Statement - CaseReferenceNo = com.kms.katalon.core.webui.keyword.WebUiBuiltInKeywords.getText(com.kms.katalon.core.testobject.ObjectRepository.findTestObject(Final Object Repo/New Registration - Registration Module Pages/Form 2/RefNo Acquiring)): Text of object 'Object Repository/Final Object Repo/New Registration - Registration Module Pages/Form 2/RefNo Acquiring' is: 'CRN12201800123203'

2018-12-12 15:09:03 - [MESSAGE][PASSED] - Text of object 'Object Repository/Final Object Repo/New Registration - Registration Module Pages/Form 2/RefNo Acquiring' is: 'CRN12201800123203'

2018-12-12 15:09:03 - [TEST_STEP][PASSED] - delay: Delayed 1 second(s)

2018-12-12 15:09:04 - [MESSAGE][PASSED] - Delayed 1 second(s)

2018-12-12 15:09:04 - [TEST_STEP][PASSED] - click: Object: 'Object Repository/Final Object Repo/New Registration - Registration Module Pages/Form 2/Add Employee Button' is clicked on

2018-12-12 15:09:04 - [MESSAGE][PASSED] - Object: 'Object Repository/Final Object Repo/New Registration - Registration Module Pages/Form 2/Add Employee Button' is clicked on

2018-12-12 15:09:04 - [TEST_STEP][PASSED] - delay: Delayed 4 second(s)

2018-12-12 15:09:08 - [MESSAGE][PASSED] - Delayed 4 second(s)

2018-12-12 15:09:08 - [TEST_STEP][PASSED] - setText: Text '010903091927' is set on object 'Object Repository/Final Object Repo/New Registration - Registration Module Pages/Form 2/NRIC Input'

2018-12-12 15:09:08 - [MESSAGE][PASSED] - Text '010903091927' is set on object 'Object Repository/Final Object Repo/New Registration - Registration Module Pages/Form 2/NRIC Input'

2018-12-12 15:09:08 - [TEST_STEP][PASSED] - click: Object: 'Object Repository/Final Object Repo/New Registration - Registration Module Pages/Form 2/button for search for IC' is clicked on

2018-12-12 15:09:09 - [MESSAGE][PASSED] - Object: 'Object Repository/Final Object Repo/New Registration - Registration Module Pages/Form 2/button for search for IC' is clicked on

2018-12-12 15:09:09 - [TEST_STEP][PASSED] - delay: Delayed 2 second(s)

2018-12-12 15:09:11 - [MESSAGE][PASSED] - Delayed 2 second(s)

2018-12-12 15:09:11 - [TEST_STEP][PASSED] - setText: Text 'Automate001 eligible 1' is set on object 'Object Repository/Final Object Repo/New Registration - Registration Module Pages/Form 2/Employee Name Input'

2018-12-12 15:09:11 - [MESSAGE][PASSED] - Text 'Automate001 eligible 1' is set on object 'Object Repository/Final Object Repo/New Registration - Registration Module Pages/Form 2/Employee Name Input'

2018-12-12 15:09:11 - [TEST_STEP][PASSED] - delay: Delayed 2 second(s)

2018-12-12 15:09:13 - [MESSAGE][PASSED] - Delayed 2 second(s)

2018-12-12 15:09:13 - [TEST_STEP][PASSED] - click: Object: 'Object Repository/Final Object Repo/New Registration - Registration Module Pages/Form 2/DatePicker Pop Up' is clicked on

2018-12-12 15:09:13 - [MESSAGE][PASSED] - Object: 'Object Repository/Final Object Repo/New Registration - Registration Module Pages/Form 2/DatePicker Pop Up' is clicked on

2018-12-12 15:09:13 - [TEST_STEP][PASSED] - click: Object: 'Object Repository/Final Object Repo/New Registration - Registration Module Pages/Form 2/DOB Month' is clicked on

2018-12-12 15:09:14 - [MESSAGE][PASSED] - Object: 'Object Repository/Final Object Repo/New Registration - Registration Module Pages/Form 2/DOB Month' is clicked on

2018-12-12 15:09:14 - [TEST_STEP][PASSED] - Statement - CurrentMonth = CurrentMonth: null

2018-12-12 15:09:14 - [TEST_STEP][PASSED] - Statement - selectMonth = new com.kms.katalon.core.testobject.TestObject(): null

2018-12-12 15:09:14 - [TEST_STEP][PASSED] - Statement - selectMonth.addProperty("xpath", EQUALS, "//body/div/div/div/select/option[@value='" + CurrentMonth + "']", true): null

2018-12-12 15:09:14 - [TEST_STEP][PASSED] - click: Object: '' is clicked on

2018-12-12 15:09:14 - [MESSAGE][PASSED] - Object: '' is clicked on

2018-12-12 15:09:14 - [TEST_STEP][PASSED] - click: Object: 'Object Repository/Final Object Repo/New Registration - Registration Module Pages/Form 2/DOB Year' is clicked on

2018-12-12 15:09:14 - [MESSAGE][PASSED] - Object: 'Object Repository/Final Object Repo/New Registration - Registration Module Pages/Form 2/DOB Year' is clicked on

2018-12-12 15:09:14 - [TEST_STEP][PASSED] - Statement - Eyearsbf = EighteenYrsBefore: null

2018-12-12 15:09:14 - [TEST_STEP][PASSED] - Statement - selectYear = new com.kms.katalon.core.testobject.TestObject(): null

2018-12-12 15:09:14 - [TEST_STEP][PASSED] - Statement - selectYear.addProperty("xpath", EQUALS, "//div/div/div/select/option[@value='" + Eyearsbf + "']", true): null

2018-12-12 15:09:14 - [TEST_STEP][PASSED] - click: Object: '' is clicked on

2018-12-12 15:09:14 - [MESSAGE][PASSED] - Object: '' is clicked on

2018-12-12 15:09:14 - [TEST_STEP][PASSED] - Statement - UpdatedSelectDate = com.kms.katalon.core.webui.keyword.WebUiBuiltInKeywords.modifyObjectProperty(com.kms.katalon.core.testobject.ObjectRepository.findTestObject(Final Object Repo/New Registration - Registration Module Pages/Form 2/DOB Date), "xpath", "equals", "//body/div/table/tbody/tr/td/a[text()="" + CurrentDate + ""]", true): Modify property of object successfully

2018-12-12 15:09:14 - [MESSAGE][PASSED] - Modify property of object successfully

2018-12-12 15:09:14 - [TEST_STEP][PASSED] - delay: Delayed 3 second(s)

2018-12-12 15:09:17 - [MESSAGE][PASSED] - Delayed 3 second(s)

2018-12-12 15:09:17 - [TEST_STEP][PASSED] - click: Object: 'Object Repository/Final Object Repo/New Registration - Registration Module Pages/Form 2/DOB Date' is clicked on

2018-12-12 15:09:17 - [MESSAGE][PASSED] - Object: 'Object Repository/Final Object Repo/New Registration - Registration Module Pages/Form 2/DOB Date' is clicked on

2018-12-12 15:09:17 - [TEST_STEP][PASSED] - delay: Delayed 2 second(s)

2018-12-12 15:09:19 - [MESSAGE][PASSED] - Delayed 2 second(s)

2018-12-12 15:09:19 - [TEST_STEP][PASSED] - click: Object: 'Object Repository/Final Object Repo/New Registration - Registration Module Pages/Form 2/EmploymentStartDate Pop Up' is clicked on

2018-12-12 15:09:19 - [MESSAGE][PASSED] - Object: 'Object Repository/Final Object Repo/New Registration - Registration Module Pages/Form 2/EmploymentStartDate Pop Up' is clicked on

2018-12-12 15:09:19 - [TEST_STEP][PASSED] - delay: Delayed 2 second(s)

2018-12-12 15:09:21 - [MESSAGE][PASSED] - Delayed 2 second(s)

2018-12-12 15:09:21 - [TEST_STEP][PASSED] - click: Object: 'Object Repository/Final Object Repo/New Registration - Registration Module Pages/Form 2/Socso Employment StartDate Month' is clicked on

2018-12-12 15:09:22 - [MESSAGE][PASSED] - Object: 'Object Repository/Final Object Repo/New Registration - Registration Module Pages/Form 2/Socso Employment StartDate Month' is clicked on

2018-12-12 15:09:22 - [TEST_STEP][PASSED] - delay: Delayed 1 second(s)

2018-12-12 15:09:23 - [MESSAGE][PASSED] - Delayed 1 second(s)

2018-12-12 15:09:23 - [TEST_STEP][PASSED] - click: Object: 'Object Repository/Final Object Repo/New Registration - Registration Module Pages/Form 2/Select Socso Employement Startdate Month' is clicked on

2018-12-12 15:09:23 - [MESSAGE][PASSED] - Object: 'Object Repository/Final Object Repo/New Registration - Registration Module Pages/Form 2/Select Socso Employement Startdate Month' is clicked on

2018-12-12 15:09:23 - [TEST_STEP][PASSED] - delay: Delayed 2 second(s)

2018-12-12 15:09:25 - [MESSAGE][PASSED] - Delayed 2 second(s)

2018-12-12 15:09:25 - [TEST_STEP][PASSED] - click: Object: 'Object Repository/Final Object Repo/New Registration - Registration Module Pages/Form 2/Socso Employment StartDate Year' is clicked on

2018-12-12 15:09:25 - [MESSAGE][PASSED] - Object: 'Object Repository/Final Object Repo/New Registration - Registration Module Pages/Form 2/Socso Employment StartDate Year' is clicked on

2018-12-12 15:09:25 - [TEST_STEP][PASSED] - delay: Delayed 1 second(s)

2018-12-12 15:09:26 - [MESSAGE][PASSED] - Delayed 1 second(s)

2018-12-12 15:09:26 - [TEST_STEP][PASSED] - click: Object: 'Object Repository/Final Object Repo/New Registration - Registration Module Pages/Form 2/Select Socso Employment Startdate Year' is clicked on

2018-12-12 15:09:26 - [MESSAGE][PASSED] - Object: 'Object Repository/Final Object Repo/New Registration - Registration Module Pages/Form 2/Select Socso Employment Startdate Year' is clicked on

2018-12-12 15:09:26 - [TEST_STEP][PASSED] - delay: Delayed 2 second(s)

2018-12-12 15:09:28 - [MESSAGE][PASSED] - Delayed 2 second(s)

2018-12-12 15:09:28 - [TEST_STEP][PASSED] - click: Object: 'Object Repository/Final Object Repo/New Registration - Registration Module Pages/Form 2/Socso Employment Start Date Day' is clicked on

2018-12-12 15:09:28 - [MESSAGE][PASSED] - Object: 'Object Repository/Final Object Repo/New Registration - Registration Module Pages/Form 2/Socso Employment Start Date Day' is clicked on

2018-12-12 15:09:28 - [TEST_STEP][PASSED] - delay: Delayed 2 second(s)

2018-12-12 15:09:30 - [MESSAGE][PASSED] - Delayed 2 second(s)

2018-12-12 15:09:30 - [TEST_STEP][PASSED] - click: Object: 'Object Repository/Final Object Repo/New Registration - Registration Module Pages/Form 2/Save Button for Add Employee' is clicked on

2018-12-12 15:09:30 - [MESSAGE][PASSED] - Object: 'Object Repository/Final Object Repo/New Registration - Registration Module Pages/Form 2/Save Button for Add Employee' is clicked on

2018-12-12 15:09:30 - [TEST_STEP][PASSED] - delay: Delayed 6 second(s)

2018-12-12 15:09:36 - [MESSAGE][PASSED] - Delayed 6 second(s)

2018-12-12 15:09:36 - [TEST_STEP][PASSED] - click: Object: 'Object Repository/Final Object Repo/New Registration - Registration Module Pages/Form 2/Add Employee Button' is clicked on

2018-12-12 15:09:37 - [MESSAGE][PASSED] - Object: 'Object Repository/Final Object Repo/New Registration - Registration Module Pages/Form 2/Add Employee Button' is clicked on

2018-12-12 15:09:37 - [TEST_STEP][PASSED] - delay: Delayed 4 second(s)

2018-12-12 15:09:41 - [MESSAGE][PASSED] - Delayed 4 second(s)

2018-12-12 15:09:41 - [TEST_STEP][PASSED] - setText: Text '620904059691' is set on object 'Object Repository/Final Object Repo/New Registration - Registration Module Pages/Form 2/NRIC Input'

2018-12-12 15:09:41 - [MESSAGE][PASSED] - Text '620904059691' is set on object 'Object Repository/Final Object Repo/New Registration - Registration Module Pages/Form 2/NRIC Input'

2018-12-12 15:09:41 - [TEST_STEP][PASSED] - click: Object: 'Object Repository/Final Object Repo/New Registration - Registration Module Pages/Form 2/button for search for IC' is clicked on

2018-12-12 15:09:41 - [MESSAGE][PASSED] - Object: 'Object Repository/Final Object Repo/New Registration - Registration Module Pages/Form 2/button for search for IC' is clicked on

2018-12-12 15:09:41 - [TEST_STEP][PASSED] - delay: Delayed 2 second(s)

2018-12-12 15:09:43 - [MESSAGE][PASSED] - Delayed 2 second(s)

2018-12-12 15:09:43 - [TEST_STEP][PASSED] - setText: Text 'Automate001 eligible 2' is set on object 'Object Repository/Final Object Repo/New Registration - Registration Module Pages/Form 2/Employee Name Input'

2018-12-12 15:09:44 - [MESSAGE][PASSED] - Text 'Automate001 eligible 2' is set on object 'Object Repository/Final Object Repo/New Registration - Registration Module Pages/Form 2/Employee Name Input'

2018-12-12 15:09:44 - [TEST_STEP][PASSED] - delay: Delayed 2 second(s)

2018-12-12 15:09:46 - [MESSAGE][PASSED] - Delayed 2 second(s)

2018-12-12 15:09:46 - [TEST_STEP][PASSED] - click: Object: 'Object Repository/Final Object Repo/New Registration - Registration Module Pages/Form 2/DatePicker Pop Up' is clicked on

2018-12-12 15:09:46 - [MESSAGE][PASSED] - Object: 'Object Repository/Final Object Repo/New Registration - Registration Module Pages/Form 2/DatePicker Pop Up' is clicked on

2018-12-12 15:09:46 - [TEST_STEP][PASSED] - delay: Delayed 2 second(s)

2018-12-12 15:09:48 - [MESSAGE][PASSED] - Delayed 2 second(s)

2018-12-12 15:09:48 - [TEST_STEP][PASSED] - click: Object: 'Object Repository/Final Object Repo/New Registration - Registration Module Pages/Form 2/DOB Month' is clicked on

2018-12-12 15:09:48 - [MESSAGE][PASSED] - Object: 'Object Repository/Final Object Repo/New Registration - Registration Module Pages/Form 2/DOB Month' is clicked on

2018-12-12 15:09:48 - [TEST_STEP][PASSED] - Statement - selectMonth = com.kms.katalon.core.webui.keyword.WebUiBuiltInKeywords.modifyObjectProperty(selectMonth, "xpath", "equals", "//body/div/div/div/select/option[@value="" + CurrentMonth + ""]", true): Modify property of object successfully

2018-12-12 15:09:48 - [MESSAGE][PASSED] - Modify property of object successfully

2018-12-12 15:09:48 - [TEST_STEP][PASSED] - click: Object: '' is clicked on

2018-12-12 15:09:48 - [MESSAGE][PASSED] - Object: '' is clicked on

2018-12-12 15:09:48 - [TEST_STEP][PASSED] - click: Object: 'Object Repository/Final Object Repo/New Registration - Registration Module Pages/Form 2/DOB Year' is clicked on

2018-12-12 15:09:48 - [MESSAGE][PASSED] - Object: 'Object Repository/Final Object Repo/New Registration - Registration Module Pages/Form 2/DOB Year' is clicked on

2018-12-12 15:09:48 - [TEST_STEP][PASSED] - Statement - selectYear = com.kms.katalon.core.webui.keyword.WebUiBuiltInKeywords.modifyObjectProperty(selectYear, "xpath", "equals", "//div/div/div/select/option[@value="" + FiftysevenYrsBefore + ""]", true): Modify property of object successfully

2018-12-12 15:09:48 - [MESSAGE][PASSED] - Modify property of object successfully

2018-12-12 15:09:48 - [TEST_STEP][PASSED] - click: Object: '' is clicked on

2018-12-12 15:09:48 - [MESSAGE][PASSED] - Object: '' is clicked on

2018-12-12 15:09:48 - [TEST_STEP][PASSED] - Statement - UpdatedSelectDate = com.kms.katalon.core.webui.keyword.WebUiBuiltInKeywords.modifyObjectProperty(com.kms.katalon.core.testobject.ObjectRepository.findTestObject(Final Object Repo/New Registration - Registration Module Pages/Form 2/DOB Date), "xpath", "equals", "//body/div/table/tbody/tr/td/a[text()="" + OneDayBefore + ""]", true): Modify property of object successfully

2018-12-12 15:09:48 - [MESSAGE][PASSED] - Modify property of object successfully

2018-12-12 15:09:48 - [TEST_STEP][PASSED] - click: Object: 'Object Repository/Final Object Repo/New Registration - Registration Module Pages/Form 2/DOB Date' is clicked on

2018-12-12 15:09:49 - [MESSAGE][PASSED] - Object: 'Object Repository/Final Object Repo/New Registration - Registration Module Pages/Form 2/DOB Date' is clicked on

2018-12-12 15:09:49 - [TEST_STEP][PASSED] - delay: Delayed 2 second(s)

2018-12-12 15:09:51 - [MESSAGE][PASSED] - Delayed 2 second(s)

2018-12-12 15:09:51 - [TEST_STEP][PASSED] - click: Object: 'Object Repository/Final Object Repo/New Registration - Registration Module Pages/Form 2/EmploymentStartDate Pop Up' is clicked on

2018-12-12 15:09:51 - [MESSAGE][PASSED] - Object: 'Object Repository/Final Object Repo/New Registration - Registration Module Pages/Form 2/EmploymentStartDate Pop Up' is clicked on

2018-12-12 15:09:51 - [TEST_STEP][PASSED] - delay: Delayed 2 second(s)

2018-12-12 15:09:53 - [MESSAGE][PASSED] - Delayed 2 second(s)

2018-12-12 15:09:53 - [TEST_STEP][PASSED] - click: Object: 'Object Repository/Final Object Repo/New Registration - Registration Module Pages/Form 2/Socso Employment StartDate Month' is clicked on

2018-12-12 15:09:53 - [MESSAGE][PASSED] - Object: 'Object Repository/Final Object Repo/New Registration - Registration Module Pages/Form 2/Socso Employment StartDate Month' is clicked on

2018-12-12 15:09:53 - [TEST_STEP][PASSED] - delay: Delayed 1 second(s)

2018-12-12 15:09:54 - [MESSAGE][PASSED] - Delayed 1 second(s)

2018-12-12 15:09:54 - [TEST_STEP][PASSED] - click: Object: 'Object Repository/Final Object Repo/New Registration - Registration Module Pages/Form 2/Select Socso Employement Startdate Month' is clicked on

2018-12-12 15:09:54 - [MESSAGE][PASSED] - Object: 'Object Repository/Final Object Repo/New Registration - Registration Module Pages/Form 2/Select Socso Employement Startdate Month' is clicked on

2018-12-12 15:09:54 - [TEST_STEP][PASSED] - delay: Delayed 2 second(s)

2018-12-12 15:09:56 - [MESSAGE][PASSED] - Delayed 2 second(s)

2018-12-12 15:09:56 - [TEST_STEP][PASSED] - click: Object: 'Object Repository/Final Object Repo/New Registration - Registration Module Pages/Form 2/Socso Employment StartDate Year' is clicked on

2018-12-12 15:09:56 - [MESSAGE][PASSED] - Object: 'Object Repository/Final Object Repo/New Registration - Registration Module Pages/Form 2/Socso Employment StartDate Year' is clicked on

2018-12-12 15:09:56 - [TEST_STEP][PASSED] - delay: Delayed 1 second(s)

2018-12-12 15:09:57 - [MESSAGE][PASSED] - Delayed 1 second(s)

2018-12-12 15:09:57 - [TEST_STEP][PASSED] - click: Object: 'Object Repository/Final Object Repo/New Registration - Registration Module Pages/Form 2/Select Socso Employment Startdate Year' is clicked on

2018-12-12 15:09:57 - [MESSAGE][PASSED] - Object: 'Object Repository/Final Object Repo/New Registration - Registration Module Pages/Form 2/Select Socso Employment Startdate Year' is clicked on

2018-12-12 15:09:57 - [TEST_STEP][PASSED] - delay: Delayed 2 second(s)

2018-12-12 15:09:59 - [MESSAGE][PASSED] - Delayed 2 second(s)

2018-12-12 15:09:59 - [TEST_STEP][PASSED] - click: Object: 'Object Repository/Final Object Repo/New Registration - Registration Module Pages/Form 2/Socso Employment Start Date Day' is clicked on

2018-12-12 15:10:00 - [MESSAGE][PASSED] - Object: 'Object Repository/Final Object Repo/New Registration - Registration Module Pages/Form 2/Socso Employment Start Date Day' is clicked on

2018-12-12 15:10:00 - [TEST_STEP][PASSED] - delay: Delayed 2 second(s)

2018-12-12 15:10:02 - [MESSAGE][PASSED] - Delayed 2 second(s)

2018-12-12 15:10:02 - [TEST_STEP][PASSED] - click: Object: 'Object Repository/Final Object Repo/New Registration - Registration Module Pages/Form 2/Save Button for Add Employee' is clicked on

2018-12-12 15:10:02 - [MESSAGE][PASSED] - Object: 'Object Repository/Final Object Repo/New Registration - Registration Module Pages/Form 2/Save Button for Add Employee' is clicked on

2018-12-12 15:10:02 - [TEST_STEP][PASSED] - delay: Delayed 4 second(s)

2018-12-12 15:10:06 - [MESSAGE][PASSED] - Delayed 4 second(s)

2018-12-12 15:10:06 - [TEST_STEP][PASSED] - delay: Delayed 30 second(s)

2018-12-12 15:10:36 - [MESSAGE][PASSED] - Delayed 30 second(s)

2018-12-12 15:10:36 - [TEST_STEP][PASSED] - click: Object: 'Object Repository/Final Object Repo/New Registration - Registration Module Pages/Form 2/Add Employee Button' is clicked on

2018-12-12 15:10:36 - [MESSAGE][PASSED] - Object: 'Object Repository/Final Object Repo/New Registration - Registration Module Pages/Form 2/Add Employee Button' is clicked on

2018-12-12 15:10:36 - [TEST_STEP][PASSED] - delay: Delayed 4 second(s)

2018-12-12 15:10:40 - [MESSAGE][PASSED] - Delayed 4 second(s)

2018-12-12 15:10:40 - [TEST_STEP][PASSED] - setText: Text '000209039145' is set on object 'Object Repository/Final Object Repo/New Registration - Registration Module Pages/Form 2/NRIC Input'

2018-12-12 15:10:40 - [MESSAGE][PASSED] - Text '000209039145' is set on object 'Object Repository/Final Object Repo/New Registration - Registration Module Pages/Form 2/NRIC Input'

2018-12-12 15:10:40 - [TEST_STEP][PASSED] - click: Object: 'Object Repository/Final Object Repo/New Registration - Registration Module Pages/Form 2/button for search for IC' is clicked on

2018-12-12 15:10:41 - [MESSAGE][PASSED] - Object: 'Object Repository/Final Object Repo/New Registration - Registration Module Pages/Form 2/button for search for IC' is clicked on

2018-12-12 15:10:41 - [TEST_STEP][PASSED] - delay: Delayed 2 second(s)

2018-12-12 15:10:43 - [MESSAGE][PASSED] - Delayed 2 second(s)

2018-12-12 15:10:43 - [TEST_STEP][PASSED] - setText: Text 'Automate001 not eligible 1' is set on object 'Object Repository/Final Object Repo/New Registration - Registration Module Pages/Form 2/Employee Name Input'

2018-12-12 15:10:43 - [MESSAGE][PASSED] - Text 'Automate001 not eligible 1' is set on object 'Object Repository/Final Object Repo/New Registration - Registration Module Pages/Form 2/Employee Name Input'

2018-12-12 15:10:43 - [TEST_STEP][PASSED] - delay: Delayed 2 second(s)

2018-12-12 15:10:45 - [MESSAGE][PASSED] - Delayed 2 second(s)

2018-12-12 15:10:45 - [TEST_STEP][PASSED] - click: Object: 'Object Repository/Final Object Repo/New Registration - Registration Module Pages/Form 2/DatePicker Pop Up' is clicked on

2018-12-12 15:10:45 - [MESSAGE][PASSED] - Object: 'Object Repository/Final Object Repo/New Registration - Registration Module Pages/Form 2/DatePicker Pop Up' is clicked on

2018-12-12 15:10:45 - [TEST_STEP][PASSED] - delay: Delayed 2 second(s)

2018-12-12 15:10:47 - [MESSAGE][PASSED] - Delayed 2 second(s)

2018-12-12 15:10:47 - [TEST_STEP][PASSED] - click: Object: 'Object Repository/Final Object Repo/New Registration - Registration Module Pages/Form 2/DOB Month' is clicked on

2018-12-12 15:10:48 - [MESSAGE][PASSED] - Object: 'Object Repository/Final Object Repo/New Registration - Registration Module Pages/Form 2/DOB Month' is clicked on

2018-12-12 15:10:48 - [TEST_STEP][PASSED] - Statement - selectMonth = com.kms.katalon.core.webui.keyword.WebUiBuiltInKeywords.modifyObjectProperty(selectMonth, "xpath", "equals", "//body/div/div/div/select/option[@value="" + CurrentMonth + ""]", true): Modify property of object successfully

2018-12-12 15:10:48 - [MESSAGE][PASSED] - Modify property of object successfully

2018-12-12 15:10:48 - [TEST_STEP][PASSED] - click: Object: '' is clicked on

2018-12-12 15:10:48 - [MESSAGE][PASSED] - Object: '' is clicked on

2018-12-12 15:10:48 - [TEST_STEP][PASSED] - click: Object: 'Object Repository/Final Object Repo/New Registration - Registration Module Pages/Form 2/DOB Year' is clicked on

2018-12-12 15:10:48 - [MESSAGE][PASSED] - Object: 'Object Repository/Final Object Repo/New Registration - Registration Module Pages/Form 2/DOB Year' is clicked on

2018-12-12 15:10:48 - [TEST_STEP][PASSED] - Statement - selectYear = com.kms.katalon.core.webui.keyword.WebUiBuiltInKeywords.modifyObjectProperty(selectYear, "xpath", "equals", "//div/div/div/select/option[@value="" + EighteenYrsBefore + ""]", true): Modify property of object successfully

2018-12-12 15:10:48 - [MESSAGE][PASSED] - Modify property of object successfully

2018-12-12 15:10:48 - [TEST_STEP][PASSED] - click: Object: '' is clicked on

2018-12-12 15:10:48 - [MESSAGE][PASSED] - Object: '' is clicked on

2018-12-12 15:10:48 - [TEST_STEP][PASSED] - Statement - UpdatedSelectDate = com.kms.katalon.core.webui.keyword.WebUiBuiltInKeywords.modifyObjectProperty(com.kms.katalon.core.testobject.ObjectRepository.findTestObject(Final Object Repo/New Registration - Registration Module Pages/Form 2/DOB Date), "xpath", "equals", "//body/div/table/tbody/tr/td/a[text()="" + OneDayBefore + ""]", true): Modify property of object successfully

2018-12-12 15:10:48 - [MESSAGE][PASSED] - Modify property of object successfully

2018-12-12 15:10:48 - [TEST_STEP][PASSED] - click: Object: 'Object Repository/Final Object Repo/New Registration - Registration Module Pages/Form 2/DOB Date' is clicked on

2018-12-12 15:10:48 - [MESSAGE][PASSED] - Object: 'Object Repository/Final Object Repo/New Registration - Registration Module Pages/Form 2/DOB Date' is clicked on

2018-12-12 15:10:48 - [TEST_STEP][PASSED] - delay: Delayed 2 second(s)

2018-12-12 15:10:50 - [MESSAGE][PASSED] - Delayed 2 second(s)

2018-12-12 15:10:50 - [TEST_STEP][PASSED] - click: Object: 'Object Repository/Final Object Repo/New Registration - Registration Module Pages/Form 2/EmploymentStartDate Pop Up' is clicked on

2018-12-12 15:10:50 - [MESSAGE][PASSED] - Object: 'Object Repository/Final Object Repo/New Registration - Registration Module Pages/Form 2/EmploymentStartDate Pop Up' is clicked on

2018-12-12 15:10:50 - [TEST_STEP][PASSED] - delay: Delayed 2 second(s)

2018-12-12 15:10:52 - [MESSAGE][PASSED] - Delayed 2 second(s)

2018-12-12 15:10:52 - [TEST_STEP][PASSED] - click: Object: 'Object Repository/Final Object Repo/New Registration - Registration Module Pages/Form 2/Socso Employment StartDate Month' is clicked on

2018-12-12 15:10:53 - [MESSAGE][PASSED] - Object: 'Object Repository/Final Object Repo/New Registration - Registration Module Pages/Form 2/Socso Employment StartDate Month' is clicked on

2018-12-12 15:10:53 - [TEST_STEP][PASSED] - delay: Delayed 1 second(s)

2018-12-12 15:10:54 - [MESSAGE][PASSED] - Delayed 1 second(s)

2018-12-12 15:10:54 - [TEST_STEP][PASSED] - click: Object: 'Object Repository/Final Object Repo/New Registration - Registration Module Pages/Form 2/Select Socso Employement Startdate Month' is clicked on

2018-12-12 15:10:54 - [MESSAGE][PASSED] - Object: 'Object Repository/Final Object Repo/New Registration - Registration Module Pages/Form 2/Select Socso Employement Startdate Month' is clicked on

2018-12-12 15:10:54 - [TEST_STEP][PASSED] - delay: Delayed 2 second(s)

2018-12-12 15:10:56 - [MESSAGE][PASSED] - Delayed 2 second(s)

2018-12-12 15:10:56 - [TEST_STEP][PASSED] - click: Object: 'Object Repository/Final Object Repo/New Registration - Registration Module Pages/Form 2/Socso Employment StartDate Year' is clicked on

2018-12-12 15:10:56 - [MESSAGE][PASSED] - Object: 'Object Repository/Final Object Repo/New Registration - Registration Module Pages/Form 2/Socso Employment StartDate Year' is clicked on

2018-12-12 15:10:56 - [TEST_STEP][PASSED] - delay: Delayed 1 second(s)

2018-12-12 15:10:57 - [MESSAGE][PASSED] - Delayed 1 second(s)

2018-12-12 15:10:57 - [TEST_STEP][PASSED] - click: Object: 'Object Repository/Final Object Repo/New Registration - Registration Module Pages/Form 2/Select Socso Employment Startdate Year' is clicked on

2018-12-12 15:10:57 - [MESSAGE][PASSED] - Object: 'Object Repository/Final Object Repo/New Registration - Registration Module Pages/Form 2/Select Socso Employment Startdate Year' is clicked on

2018-12-12 15:10:57 - [TEST_STEP][PASSED] - delay: Delayed 2 second(s)

2018-12-12 15:10:59 - [MESSAGE][PASSED] - Delayed 2 second(s)

2018-12-12 15:10:59 - [TEST_STEP][PASSED] - click: Object: 'Object Repository/Final Object Repo/New Registration - Registration Module Pages/Form 2/Socso Employment Start Date Day' is clicked on

2018-12-12 15:10:59 - [MESSAGE][PASSED] - Object: 'Object Repository/Final Object Repo/New Registration - Registration Module Pages/Form 2/Socso Employment Start Date Day' is clicked on

2018-12-12 15:10:59 - [TEST_STEP][PASSED] - delay: Delayed 2 second(s)

2018-12-12 15:11:01 - [MESSAGE][PASSED] - Delayed 2 second(s)

2018-12-12 15:11:01 - [TEST_STEP][PASSED] - click: Object: 'Object Repository/Final Object Repo/New Registration - Registration Module Pages/Form 2/Save Button for Add Employee' is clicked on

2018-12-12 15:11:01 - [MESSAGE][PASSED] - Object: 'Object Repository/Final Object Repo/New Registration - Registration Module Pages/Form 2/Save Button for Add Employee' is clicked on

2018-12-12 15:11:01 - [TEST_STEP][PASSED] - delay: Delayed 6 second(s)

2018-12-12 15:11:07 - [MESSAGE][PASSED] - Delayed 6 second(s)

2018-12-12 15:11:07 - [TEST_STEP][PASSED] - click: Object: 'Object Repository/Final Object Repo/New Registration - Registration Module Pages/Form 2/Add Employee Button' is clicked on

2018-12-12 15:11:08 - [MESSAGE][PASSED] - Object: 'Object Repository/Final Object Repo/New Registration - Registration Module Pages/Form 2/Add Employee Button' is clicked on

2018-12-12 15:11:08 - [TEST_STEP][PASSED] - delay: Delayed 4 second(s)

2018-12-12 15:11:12 - [MESSAGE][PASSED] - Delayed 4 second(s)

2018-12-12 15:11:12 - [TEST_STEP][PASSED] - setText: Text '600203039154' is set on object 'Object Repository/Final Object Repo/New Registration - Registration Module Pages/Form 2/NRIC Input'

2018-12-12 15:11:12 - [MESSAGE][PASSED] - Text '600203039154' is set on object 'Object Repository/Final Object Repo/New Registration - Registration Module Pages/Form 2/NRIC Input'

2018-12-12 15:11:12 - [TEST_STEP][PASSED] - click: Object: 'Object Repository/Final Object Repo/New Registration - Registration Module Pages/Form 2/button for search for IC' is clicked on

2018-12-12 15:11:12 - [MESSAGE][PASSED] - Object: 'Object Repository/Final Object Repo/New Registration - Registration Module Pages/Form 2/button for search for IC' is clicked on

2018-12-12 15:11:12 - [TEST_STEP][PASSED] - delay: Delayed 2 second(s)

2018-12-12 15:11:14 - [MESSAGE][PASSED] - Delayed 2 second(s)

2018-12-12 15:11:14 - [TEST_STEP][PASSED] - setText: Text 'Automate001 not eligible 2' is set on object 'Object Repository/Final Object Repo/New Registration - Registration Module Pages/Form 2/Employee Name Input'

2018-12-12 15:11:15 - [MESSAGE][PASSED] - Text 'Automate001 not eligible 2' is set on object 'Object Repository/Final Object Repo/New Registration - Registration Module Pages/Form 2/Employee Name Input'

2018-12-12 15:11:15 - [TEST_STEP][PASSED] - delay: Delayed 2 second(s)

2018-12-12 15:11:17 - [MESSAGE][PASSED] - Delayed 2 second(s)

2018-12-12 15:11:17 - [TEST_STEP][PASSED] - click: Object: 'Object Repository/Final Object Repo/New Registration - Registration Module Pages/Form 2/DatePicker Pop Up' is clicked on

2018-12-12 15:11:17 - [MESSAGE][PASSED] - Object: 'Object Repository/Final Object Repo/New Registration - Registration Module Pages/Form 2/DatePicker Pop Up' is clicked on

2018-12-12 15:11:17 - [TEST_STEP][PASSED] - delay: Delayed 2 second(s)

2018-12-12 15:11:19 - [MESSAGE][PASSED] - Delayed 2 second(s)

2018-12-12 15:11:19 - [TEST_STEP][PASSED] - click: Object: 'Object Repository/Final Object Repo/New Registration - Registration Module Pages/Form 2/DOB Month' is clicked on

2018-12-12 15:11:19 - [MESSAGE][PASSED] - Object: 'Object Repository/Final Object Repo/New Registration - Registration Module Pages/Form 2/DOB Month' is clicked on

2018-12-12 15:11:19 - [TEST_STEP][PASSED] - Statement - selectMonth = com.kms.katalon.core.webui.keyword.WebUiBuiltInKeywords.modifyObjectProperty(selectMonth, "xpath", "equals", "//body/div/div/div/select/option[@value="" + CurrentMonth + ""]", true): Modify property of object successfully

2018-12-12 15:11:19 - [MESSAGE][PASSED] - Modify property of object successfully

2018-12-12 15:11:19 - [TEST_STEP][PASSED] - click: Object: '' is clicked on

2018-12-12 15:11:19 - [MESSAGE][PASSED] - Object: '' is clicked on

2018-12-12 15:11:19 - [TEST_STEP][PASSED] - click: Object: 'Object Repository/Final Object Repo/New Registration - Registration Module Pages/Form 2/DOB Year' is clicked on

2018-12-12 15:11:19 - [MESSAGE][PASSED] - Object: 'Object Repository/Final Object Repo/New Registration - Registration Module Pages/Form 2/DOB Year' is clicked on

2018-12-12 15:11:19 - [TEST_STEP][PASSED] - Statement - selectYear = com.kms.katalon.core.webui.keyword.WebUiBuiltInKeywords.modifyObjectProperty(selectYear, "xpath", "equals", "//div/div/div/select/option[@value="" + FiftysevenYrsBefore + ""]", true): Modify property of object successfully

2018-12-12 15:11:19 - [MESSAGE][PASSED] - Modify property of object successfully

2018-12-12 15:11:19 - [TEST_STEP][PASSED] - click: Object: '' is clicked on

2018-12-12 15:11:19 - [MESSAGE][PASSED] - Object: '' is clicked on

2018-12-12 15:11:19 - [TEST_STEP][PASSED] - Statement - UpdatedSelectDate = com.kms.katalon.core.webui.keyword.WebUiBuiltInKeywords.modifyObjectProperty(com.kms.katalon.core.testobject.ObjectRepository.findTestObject(Final Object Repo/New Registration - Registration Module Pages/Form 2/DOB Date), "xpath", "equals", "//body/div/table/tbody/tr/td/a[text()="" + CurrentDate + ""]", true): Modify property of object successfully

2018-12-12 15:11:19 - [MESSAGE][PASSED] - Modify property of object successfully

2018-12-12 15:11:19 - [TEST_STEP][PASSED] - click: Object: 'Object Repository/Final Object Repo/New Registration - Registration Module Pages/Form 2/DOB Date' is clicked on

2018-12-12 15:11:20 - [MESSAGE][PASSED] - Object: 'Object Repository/Final Object Repo/New Registration - Registration Module Pages/Form 2/DOB Date' is clicked on

2018-12-12 15:11:20 - [TEST_STEP][PASSED] - click: Object: 'Object Repository/Final Object Repo/New Registration - Registration Module Pages/Form 2/EmploymentStartDate Pop Up' is clicked on

2018-12-12 15:11:20 - [MESSAGE][PASSED] - Object: 'Object Repository/Final Object Repo/New Registration - Registration Module Pages/Form 2/EmploymentStartDate Pop Up' is clicked on

2018-12-12 15:11:20 - [TEST_STEP][PASSED] - delay: Delayed 2 second(s)

2018-12-12 15:11:22 - [MESSAGE][PASSED] - Delayed 2 second(s)

2018-12-12 15:11:22 - [TEST_STEP][PASSED] - click: Object: 'Object Repository/Final Object Repo/New Registration - Registration Module Pages/Form 2/Socso Employment StartDate Month' is clicked on

2018-12-12 15:11:22 - [MESSAGE][PASSED] - Object: 'Object Repository/Final Object Repo/New Registration - Registration Module Pages/Form 2/Socso Employment StartDate Month' is clicked on

2018-12-12 15:11:22 - [TEST_STEP][PASSED] - delay: Delayed 1 second(s)

2018-12-12 15:11:23 - [MESSAGE][PASSED] - Delayed 1 second(s)

2018-12-12 15:11:23 - [TEST_STEP][PASSED] - click: Object: 'Object Repository/Final Object Repo/New Registration - Registration Module Pages/Form 2/Select Socso Employement Startdate Month' is clicked on

2018-12-12 15:11:23 - [MESSAGE][PASSED] - Object: 'Object Repository/Final Object Repo/New Registration - Registration Module Pages/Form 2/Select Socso Employement Startdate Month' is clicked on

2018-12-12 15:11:23 - [TEST_STEP][PASSED] - delay: Delayed 2 second(s)

2018-12-12 15:11:25 - [MESSAGE][PASSED] - Delayed 2 second(s)

2018-12-12 15:11:25 - [TEST_STEP][PASSED] - click: Object: 'Object Repository/Final Object Repo/New Registration - Registration Module Pages/Form 2/Socso Employment StartDate Year' is clicked on

2018-12-12 15:11:25 - [MESSAGE][PASSED] - Object: 'Object Repository/Final Object Repo/New Registration - Registration Module Pages/Form 2/Socso Employment StartDate Year' is clicked on

2018-12-12 15:11:25 - [TEST_STEP][PASSED] - delay: Delayed 1 second(s)

2018-12-12 15:11:26 - [MESSAGE][PASSED] - Delayed 1 second(s)

2018-12-12 15:11:26 - [TEST_STEP][PASSED] - click: Object: 'Object Repository/Final Object Repo/New Registration - Registration Module Pages/Form 2/Select Socso Employment Startdate Year' is clicked on

2018-12-12 15:11:27 - [MESSAGE][PASSED] - Object: 'Object Repository/Final Object Repo/New Registration - Registration Module Pages/Form 2/Select Socso Employment Startdate Year' is clicked on

2018-12-12 15:11:27 - [TEST_STEP][PASSED] - delay: Delayed 2 second(s)

2018-12-12 15:11:29 - [MESSAGE][PASSED] - Delayed 2 second(s)

2018-12-12 15:11:29 - [TEST_STEP][PASSED] - click: Object: 'Object Repository/Final Object Repo/New Registration - Registration Module Pages/Form 2/Socso Employment Start Date Day' is clicked on

2018-12-12 15:11:29 - [MESSAGE][PASSED] - Object: 'Object Repository/Final Object Repo/New Registration - Registration Module Pages/Form 2/Socso Employment Start Date Day' is clicked on

2018-12-12 15:11:29 - [TEST_STEP][PASSED] - delay: Delayed 2 second(s)

2018-12-12 15:11:31 - [MESSAGE][PASSED] - Delayed 2 second(s)

2018-12-12 15:11:31 - [TEST_STEP][PASSED] - click: Object: 'Object Repository/Final Object Repo/New Registration - Registration Module Pages/Form 2/Save Button for Add Employee' is clicked on

2018-12-12 15:11:31 - [MESSAGE][PASSED] - Object: 'Object Repository/Final Object Repo/New Registration - Registration Module Pages/Form 2/Save Button for Add Employee' is clicked on

2018-12-12 15:11:31 - [TEST_STEP][PASSED] - delay: Delayed 2 second(s)

2018-12-12 15:11:33 - [MESSAGE][PASSED] - Delayed 2 second(s)

2018-12-12 15:11:33 - [TEST_STEP][PASSED] - click: Object: 'Object Repository/Final Object Repo/New Registration - Registration Module Pages/Form 2/Save and Continue Form 2' is clicked on

2018-12-12 15:11:33 - [MESSAGE][PASSED] - Object: 'Object Repository/Final Object Repo/New Registration - Registration Module Pages/Form 2/Save and Continue Form 2' is clicked on

2018-12-12 15:11:33 - [MESSAGE][PASSED] - Call Test Case 'Test Cases/Final Aug 2018 - PKS Automation/Registration Module/New Registration/Form 2/Add 2 Eligible 2 Not Eligible' successfully

2018-12-12 15:11:33 - [TEST_STEP][PASSED] - callTestCase: Call Test Case 'Test Cases/Final Aug 2018 - PKS Automation/Registration Module/New Registration/Flow of New Registration/Third Screen - Upload Supporting Doc - Preview' successfully

2018-12-12 15:11:33 - [TEST_CASE][PASSED] - Test Cases/Final Aug 2018 - PKS Automation/Registration Module/New Registration/Flow of New Registration/Third Screen - Upload Supporting Doc - Preview: Test Cases/Final Aug 2018 - PKS Automation/Registration Module/New Registration/Flow of New Registration/Third Screen - Upload Supporting Doc - Preview

2018-12-12 15:11:33 - [TEST_STEP][PASSED] - waitForPageLoad: Wait for page load successfully

2018-12-12 15:11:34 - [MESSAGE][PASSED] - Wait for page load successfully

2018-12-12 15:11:34 - [TEST_STEP][PASSED] - Statement - CaseReferenceNo = com.kms.katalon.core.webui.keyword.WebUiBuiltInKeywords.getText(com.kms.katalon.core.testobject.ObjectRepository.findTestObject(Final Object Repo/New Registration - Registration Module Pages/Third Screen - Upload Supporting Doc- Preview/RefNo Acquiring)): Text of object 'Object Repository/Final Object Repo/New Registration - Registration Module Pages/Third Screen - Upload Supporting Doc- Preview/RefNo Acquiring' is: 'CRN12201800123203'

2018-12-12 15:11:34 - [MESSAGE][PASSED] - Text of object 'Object Repository/Final Object Repo/New Registration - Registration Module Pages/Third Screen - Upload Supporting Doc- Preview/RefNo Acquiring' is: 'CRN12201800123203'

2018-12-12 15:11:34 - [TEST_STEP][PASSED] - delay: Delayed 2 second(s)

2018-12-12 15:11:36 - [MESSAGE][PASSED] - Delayed 2 second(s)

2018-12-12 15:11:36 - [TEST_STEP][PASSED] - callTestCase: Call Test Case 'Test Cases/Final Aug 2018 - PKS Automation/Common/Reference Number Setter' successfully

2018-12-12 15:11:36 - [TEST_CASE][PASSED] - Test Cases/Final Aug 2018 - PKS Automation/Common/Reference Number Setter: Test Cases/Final Aug 2018 - PKS Automation/Common/Reference Number Setter

2018-12-12 15:11:36 - [TEST_STEP][PASSED] - Statement - RefNoOldFile = new java.io.File(C://Users//Admin//Desktop//PKS//Automation Reference Point//KatalonReference.txt): null

2018-12-12 15:11:36 - [TEST_STEP][PASSED] - Statement - RefNoOldFile.delete(): null

2018-12-12 15:11:36 - [TEST_STEP][PASSED] - delay: Delayed 5 second(s)

2018-12-12 15:11:41 - [MESSAGE][PASSED] - Delayed 5 second(s)

2018-12-12 15:11:41 - [TEST_STEP][PASSED] - Statement - RefNo = new java.io.File(C://Users//Admin//Desktop//PKS//Automation Reference Point//KatalonReference.txt): null

2018-12-12 15:11:41 - [TEST_STEP][PASSED] - Statement - f2 = new java.io.FileWriter(RefNo, false): null

2018-12-12 15:11:41 - [TEST_STEP][PASSED] - Statement - f2.write(CaseReferenceNo): null

2018-12-12 15:11:41 - [TEST_STEP][PASSED] - Statement - f2.close(): null

2018-12-12 15:11:41 - [TEST_STEP][PASSED] - Statement - out.println("


" + CaseReferenceNo + "


"): null

2018-12-12 15:11:41 - [MESSAGE][PASSED] - Call Test Case 'Test Cases/Final Aug 2018 - PKS Automation/Common/Reference Number Setter' successfully

2018-12-12 15:11:41 - [TEST_STEP][PASSED] - waitForElementClickable: Object 'Object Repository/Final Object Repo/New Registration - Registration Module Pages/Third Screen - Upload Supporting Doc- Preview/Save n Continue in SIP Employee Listing Page' is clickable

2018-12-12 15:11:41 - [MESSAGE][PASSED] - Object 'Object Repository/Final Object Repo/New Registration - Registration Module Pages/Third Screen - Upload Supporting Doc- Preview/Save n Continue in SIP Employee Listing Page' is clickable

2018-12-12 15:11:41 - [TEST_STEP][PASSED] - click: Object: 'Object Repository/Final Object Repo/New Registration - Registration Module Pages/Third Screen - Upload Supporting Doc- Preview/Save n Continue in SIP Employee Listing Page' is clicked on

2018-12-12 15:11:47 - [MESSAGE][PASSED] - Object: 'Object Repository/Final Object Repo/New Registration - Registration Module Pages/Third Screen - Upload Supporting Doc- Preview/Save n Continue in SIP Employee Listing Page' is clicked on

2018-12-12 15:11:47 - [TEST_STEP][PASSED] - delay: Delayed 7 second(s)

2018-12-12 15:11:54 - [MESSAGE][PASSED] - Delayed 7 second(s)

2018-12-12 15:11:54 - [TEST_STEP][PASSED] - click: Object: 'Object Repository/Final Object Repo/New Registration - Registration Module Pages/Third Screen - Upload Supporting Doc- Preview/Add Document Button' is clicked on

2018-12-12 15:11:54 - [MESSAGE][PASSED] - Object: 'Object Repository/Final Object Repo/New Registration - Registration Module Pages/Third Screen - Upload Supporting Doc- Preview/Add Document Button' is clicked on

2018-12-12 15:11:54 - [TEST_STEP][PASSED] - delay: Delayed 30 second(s)

2018-12-12 15:12:24 - [MESSAGE][PASSED] - Delayed 30 second(s)

2018-12-12 15:12:24 - [TEST_STEP][PASSED] - click: Object: 'Object Repository/Final Object Repo/New Registration - Registration Module Pages/Third Screen - Upload Supporting Doc- Preview/Supporting Doc Please Select Drop Down' is clicked on

2018-12-12 15:12:24 - [MESSAGE][PASSED] - Object: 'Object Repository/Final Object Repo/New Registration - Registration Module Pages/Third Screen - Upload Supporting Doc- Preview/Supporting Doc Please Select Drop Down' is clicked on

2018-12-12 15:12:24 - [TEST_STEP][PASSED] - delay: Delayed 2 second(s)

2018-12-12 15:12:26 - [MESSAGE][PASSED] - Delayed 2 second(s)

2018-12-12 15:12:26 - [TEST_STEP][PASSED] - click: Object: 'Object Repository/Final Object Repo/New Registration - Registration Module Pages/Third Screen - Upload Supporting Doc- Preview/Select to Upload Form 1' is clicked on

2018-12-12 15:12:26 - [MESSAGE][PASSED] - Object: 'Object Repository/Final Object Repo/New Registration - Registration Module Pages/Third Screen - Upload Supporting Doc- Preview/Select to Upload Form 1' is clicked on

2018-12-12 15:12:26 - [TEST_STEP][PASSED] - delay: Delayed 2 second(s)

2018-12-12 15:12:28 - [MESSAGE][PASSED] - Delayed 2 second(s)

2018-12-12 15:12:28 - [TEST_STEP][PASSED] - uploadFile: File 'C:\Users\Public\Pictures\Sample Pictures\Koala.jpg' sent to object: 'Object Repository/Final Object Repo/New Registration - Registration Module Pages/Third Screen - Upload Supporting Doc- Preview/Upload File Adding'

2018-12-12 15:12:28 - [MESSAGE][PASSED] - File 'C:\Users\Public\Pictures\Sample Pictures\Koala.jpg' sent to object: 'Object Repository/Final Object Repo/New Registration - Registration Module Pages/Third Screen - Upload Supporting Doc- Preview/Upload File Adding'

2018-12-12 15:12:28 - [TEST_STEP][PASSED] - delay: Delayed 5 second(s)

2018-12-12 15:12:33 - [MESSAGE][PASSED] - Delayed 5 second(s)

2018-12-12 15:12:33 - [TEST_STEP][PASSED] - click: Object: 'Object Repository/Final Object Repo/New Registration - Registration Module Pages/Third Screen - Upload Supporting Doc- Preview/Inner Form Add Document Button' is clicked on

2018-12-12 15:12:34 - [MESSAGE][PASSED] - Object: 'Object Repository/Final Object Repo/New Registration - Registration Module Pages/Third Screen - Upload Supporting Doc- Preview/Inner Form Add Document Button' is clicked on

2018-12-12 15:12:34 - [TEST_STEP][PASSED] - delay: Delayed 3 second(s)

2018-12-12 15:12:37 - [MESSAGE][PASSED] - Delayed 3 second(s)

2018-12-12 15:12:37 - [TEST_STEP][PASSED] - click: Object: 'Object Repository/Final Object Repo/New Registration - Registration Module Pages/Third Screen - Upload Supporting Doc- Preview/Add Document Button' is clicked on

2018-12-12 15:12:38 - [MESSAGE][PASSED] - Object: 'Object Repository/Final Object Repo/New Registration - Registration Module Pages/Third Screen - Upload Supporting Doc- Preview/Add Document Button' is clicked on

2018-12-12 15:12:38 - [TEST_STEP][PASSED] - delay: Delayed 30 second(s)

2018-12-12 15:13:08 - [MESSAGE][PASSED] - Delayed 30 second(s)

2018-12-12 15:13:08 - [TEST_STEP][PASSED] - click: Object: 'Object Repository/Final Object Repo/New Registration - Registration Module Pages/Third Screen - Upload Supporting Doc- Preview/Supporting Doc Please Select Drop Down' is clicked on

2018-12-12 15:13:08 - [MESSAGE][PASSED] - Object: 'Object Repository/Final Object Repo/New Registration - Registration Module Pages/Third Screen - Upload Supporting Doc- Preview/Supporting Doc Please Select Drop Down' is clicked on

2018-12-12 15:13:08 - [TEST_STEP][PASSED] - delay: Delayed 4 second(s)

2018-12-12 15:13:12 - [MESSAGE][PASSED] - Delayed 4 second(s)

2018-12-12 15:13:12 - [TEST_STEP][PASSED] - click: Object: 'Object Repository/Final Object Repo/New Registration - Registration Module Pages/Third Screen - Upload Supporting Doc- Preview/Select to Upload Form 2' is clicked on

2018-12-12 15:13:12 - [MESSAGE][PASSED] - Object: 'Object Repository/Final Object Repo/New Registration - Registration Module Pages/Third Screen - Upload Supporting Doc- Preview/Select to Upload Form 2' is clicked on

2018-12-12 15:13:12 - [TEST_STEP][PASSED] - delay: Delayed 2 second(s)

2018-12-12 15:13:14 - [MESSAGE][PASSED] - Delayed 2 second(s)

2018-12-12 15:13:14 - [TEST_STEP][PASSED] - uploadFile: File 'C:\Users\Public\Pictures\Sample Pictures\Koala.jpg' sent to object: 'Object Repository/Final Object Repo/New Registration - Registration Module Pages/Third Screen - Upload Supporting Doc- Preview/Upload File Adding'

2018-12-12 15:13:14 - [MESSAGE][PASSED] - File 'C:\Users\Public\Pictures\Sample Pictures\Koala.jpg' sent to object: 'Object Repository/Final Object Repo/New Registration - Registration Module Pages/Third Screen - Upload Supporting Doc- Preview/Upload File Adding'

2018-12-12 15:13:14 - [TEST_STEP][PASSED] - click: Object: 'Object Repository/Final Object Repo/New Registration - Registration Module Pages/Third Screen - Upload Supporting Doc- Preview/Inner Form Add Document Button' is clicked on

2018-12-12 15:13:14 - [MESSAGE][PASSED] - Object: 'Object Repository/Final Object Repo/New Registration - Registration Module Pages/Third Screen - Upload Supporting Doc- Preview/Inner Form Add Document Button' is clicked on

2018-12-12 15:13:14 - [TEST_STEP][PASSED] - delay: Delayed 5 second(s)

2018-12-12 15:13:19 - [MESSAGE][PASSED] - Delayed 5 second(s)

2018-12-12 15:13:19 - [TEST_STEP][PASSED] - click: Object: 'Object Repository/Final Object Repo/New Registration - Registration Module Pages/Third Screen - Upload Supporting Doc- Preview/Add Document Button' is clicked on

2018-12-12 15:13:20 - [MESSAGE][PASSED] - Object: 'Object Repository/Final Object Repo/New Registration - Registration Module Pages/Third Screen - Upload Supporting Doc- Preview/Add Document Button' is clicked on

2018-12-12 15:13:20 - [TEST_STEP][PASSED] - delay: Delayed 30 second(s)

2018-12-12 15:13:50 - [MESSAGE][PASSED] - Delayed 30 second(s)

2018-12-12 15:13:50 - [TEST_STEP][PASSED] - click: Object: 'Object Repository/Final Object Repo/New Registration - Registration Module Pages/Third Screen - Upload Supporting Doc- Preview/Supporting Doc Please Select Drop Down' is clicked on

2018-12-12 15:13:50 - [MESSAGE][PASSED] - Object: 'Object Repository/Final Object Repo/New Registration - Registration Module Pages/Third Screen - Upload Supporting Doc- Preview/Supporting Doc Please Select Drop Down' is clicked on

2018-12-12 15:13:50 - [TEST_STEP][PASSED] - click: Object: 'Object Repository/Final Object Repo/New Registration - Registration Module Pages/Third Screen - Upload Supporting Doc- Preview/Select to Upload Borang SIP 1' is clicked on

2018-12-12 15:13:50 - [MESSAGE][PASSED] - Object: 'Object Repository/Final Object Repo/New Registration - Registration Module Pages/Third Screen - Upload Supporting Doc- Preview/Select to Upload Borang SIP 1' is clicked on

2018-12-12 15:13:50 - [TEST_STEP][PASSED] - delay: Delayed 2 second(s)

2018-12-12 15:13:52 - [MESSAGE][PASSED] - Delayed 2 second(s)

2018-12-12 15:13:52 - [TEST_STEP][PASSED] - uploadFile: File 'C:\Users\Public\Pictures\Sample Pictures\Koala.jpg' sent to object: 'Object Repository/Final Object Repo/New Registration - Registration Module Pages/Third Screen - Upload Supporting Doc- Preview/Upload File Adding'

2018-12-12 15:13:52 - [MESSAGE][PASSED] - File 'C:\Users\Public\Pictures\Sample Pictures\Koala.jpg' sent to object: 'Object Repository/Final Object Repo/New Registration - Registration Module Pages/Third Screen - Upload Supporting Doc- Preview/Upload File Adding'

2018-12-12 15:13:52 - [TEST_STEP][PASSED] - click: Object: 'Object Repository/Final Object Repo/New Registration - Registration Module Pages/Third Screen - Upload Supporting Doc- Preview/Inner Form Add Document Button' is clicked on

2018-12-12 15:13:52 - [MESSAGE][PASSED] - Object: 'Object Repository/Final Object Repo/New Registration - Registration Module Pages/Third Screen - Upload Supporting Doc- Preview/Inner Form Add Document Button' is clicked on

2018-12-12 15:13:52 - [TEST_STEP][PASSED] - delay: Delayed 5 second(s)

2018-12-12 15:13:57 - [MESSAGE][PASSED] - Delayed 5 second(s)

2018-12-12 15:13:57 - [TEST_STEP][PASSED] - click: Object: 'Object Repository/Final Object Repo/New Registration - Registration Module Pages/Third Screen - Upload Supporting Doc- Preview/Add Document Button' is clicked on

2018-12-12 15:13:58 - [MESSAGE][PASSED] - Object: 'Object Repository/Final Object Repo/New Registration - Registration Module Pages/Third Screen - Upload Supporting Doc- Preview/Add Document Button' is clicked on

2018-12-12 15:13:58 - [TEST_STEP][PASSED] - delay: Delayed 30 second(s)

2018-12-12 15:14:28 - [MESSAGE][PASSED] - Delayed 30 second(s)

2018-12-12 15:14:28 - [TEST_STEP][PASSED] - click: Object: 'Object Repository/Final Object Repo/New Registration - Registration Module Pages/Third Screen - Upload Supporting Doc- Preview/Supporting Doc Please Select Drop Down' is clicked on

2018-12-12 15:14:28 - [MESSAGE][PASSED] - Object: 'Object Repository/Final Object Repo/New Registration - Registration Module Pages/Third Screen - Upload Supporting Doc- Preview/Supporting Doc Please Select Drop Down' is clicked on

2018-12-12 15:14:28 - [TEST_STEP][PASSED] - delay: Delayed 3 second(s)

2018-12-12 15:14:31 - [MESSAGE][PASSED] - Delayed 3 second(s)

2018-12-12 15:14:31 - [TEST_STEP][PASSED] - click: Object: 'Object Repository/Final Object Repo/New Registration - Registration Module Pages/Third Screen - Upload Supporting Doc- Preview/Select to Upload Borang SIP 2' is clicked on

2018-12-12 15:14:31 - [MESSAGE][PASSED] - Object: 'Object Repository/Final Object Repo/New Registration - Registration Module Pages/Third Screen - Upload Supporting Doc- Preview/Select to Upload Borang SIP 2' is clicked on

2018-12-12 15:14:31 - [TEST_STEP][PASSED] - delay: Delayed 2 second(s)

2018-12-12 15:14:33 - [MESSAGE][PASSED] - Delayed 2 second(s)

2018-12-12 15:14:33 - [TEST_STEP][PASSED] - uploadFile: File 'C:\Users\Public\Pictures\Sample Pictures\Koala.jpg' sent to object: 'Object Repository/Final Object Repo/New Registration - Registration Module Pages/Third Screen - Upload Supporting Doc- Preview/Upload File Adding'

2018-12-12 15:14:33 - [MESSAGE][PASSED] - File 'C:\Users\Public\Pictures\Sample Pictures\Koala.jpg' sent to object: 'Object Repository/Final Object Repo/New Registration - Registration Module Pages/Third Screen - Upload Supporting Doc- Preview/Upload File Adding'

2018-12-12 15:14:33 - [TEST_STEP][PASSED] - delay: Delayed 5 second(s)

2018-12-12 15:14:38 - [MESSAGE][PASSED] - Delayed 5 second(s)

2018-12-12 15:14:38 - [TEST_STEP][PASSED] - click: Object: 'Object Repository/Final Object Repo/New Registration - Registration Module Pages/Third Screen - Upload Supporting Doc- Preview/Inner Form Add Document Button' is clicked on

2018-12-12 15:14:38 - [MESSAGE][PASSED] - Object: 'Object Repository/Final Object Repo/New Registration - Registration Module Pages/Third Screen - Upload Supporting Doc- Preview/Inner Form Add Document Button' is clicked on

2018-12-12 15:14:38 - [TEST_STEP][PASSED] - delay: Delayed 3 second(s)

2018-12-12 15:14:41 - [MESSAGE][PASSED] - Delayed 3 second(s)

2018-12-12 15:14:41 - [TEST_STEP][PASSED] - waitForElementClickable: Object 'Object Repository/Final Object Repo/New Registration - Registration Module Pages/Third Screen - Upload Supporting Doc- Preview/Save n Continue in Uploading Supporting Doc Page' is clickable

2018-12-12 15:14:42 - [MESSAGE][PASSED] - Object 'Object Repository/Final Object Repo/New Registration - Registration Module Pages/Third Screen - Upload Supporting Doc- Preview/Save n Continue in Uploading Supporting Doc Page' is clickable

2018-12-12 15:14:42 - [TEST_STEP][PASSED] - click: Object: 'Object Repository/Final Object Repo/New Registration - Registration Module Pages/Third Screen - Upload Supporting Doc- Preview/Save n Continue in Uploading Supporting Doc Page' is clicked on

2018-12-12 15:14:43 - [MESSAGE][PASSED] - Object: 'Object Repository/Final Object Repo/New Registration - Registration Module Pages/Third Screen - Upload Supporting Doc- Preview/Save n Continue in Uploading Supporting Doc Page' is clicked on

2018-12-12 15:14:43 - [MESSAGE][PASSED] - Call Test Case 'Test Cases/Final Aug 2018 - PKS Automation/Registration Module/New Registration/Flow of New Registration/Third Screen - Upload Supporting Doc - Preview' successfully

2018-12-12 15:14:43 - [TEST_STEP][PASSED] - callTestCase: Call Test Case 'Test Cases/Final Aug 2018 - PKS Automation/Registration Module/New Registration/Submit and Screenshot/Submit Registration and Screenshot' successfully

2018-12-12 15:14:43 - [TEST_CASE][PASSED] - Test Cases/Final Aug 2018 - PKS Automation/Registration Module/New Registration/Submit and Screenshot/Submit Registration and Screenshot: Test Cases/Final Aug 2018 - PKS Automation/Registration Module/New Registration/Submit and Screenshot/Submit Registration and Screenshot

2018-12-12 15:14:43 - [TEST_STEP][PASSED] - delay: Delayed 6 second(s)

2018-12-12 15:14:49 - [MESSAGE][PASSED] - Delayed 6 second(s)

2018-12-12 15:14:49 - [TEST_STEP][PASSED] - click: Object: 'Object Repository/Final Object Repo/New Registration - Registration Module Pages/Third Screen - Upload Supporting Doc- Preview/Preview Submit Button' is clicked on

2018-12-12 15:14:49 - [MESSAGE][PASSED] - Object: 'Object Repository/Final Object Repo/New Registration - Registration Module Pages/Third Screen - Upload Supporting Doc- Preview/Preview Submit Button' is clicked on

2018-12-12 15:14:49 - [TEST_STEP][PASSED] - delay: Delayed 2 second(s)

2018-12-12 15:14:51 - [MESSAGE][PASSED] - Delayed 2 second(s)

2018-12-12 15:14:51 - [TEST_STEP][PASSED] - click: Object: 'Object Repository/Final Object Repo/New Registration - Registration Module Pages/Third Screen - Upload Supporting Doc- Preview/Preview Submit - Confirm' is clicked on

2018-12-12 15:14:51 - [MESSAGE][PASSED] - Object: 'Object Repository/Final Object Repo/New Registration - Registration Module Pages/Third Screen - Upload Supporting Doc- Preview/Preview Submit - Confirm' is clicked on

2018-12-12 15:14:51 - [TEST_STEP][PASSED] - delay: Delayed 15 second(s)

2018-12-12 15:15:06 - [MESSAGE][PASSED] - Delayed 15 second(s)

2018-12-12 15:15:06 - [TEST_STEP][PASSED] - Statement - driver = com.kms.katalon.core.webui.driver.DriverFactory.getWebDriver(): null

2018-12-12 15:15:06 - [TEST_STEP][PASSED] - Statement - driver.manage().timeouts().implicitlyWait(10, SECONDS): null

2018-12-12 15:15:06 - [TEST_STEP][PASSED] - Statement - PresavePath = KatalonScreenshots: null

2018-12-12 15:15:06 - [TEST_STEP][PASSED] - Statement - pathPrefix = "C:\Users\Public\Pictures\Sample Pictures\Katalon Screenshots\Automate Ending Screen": null

2018-12-12 15:15:06 - [TEST_STEP][PASSED] - Statement - finalPath = <not implemented yet for class: org.codehaus.groovy.ast.expr.EmptyExpression>: null

2018-12-12 15:15:06 - [TEST_STEP][PASSED] - Statement - scrFile = driver.getScreenshotAs(FILE): null

2018-12-12 15:15:07 - [TEST_STEP][PASSED] - Statement - PreSaveFile = new java.io.File(PresavePath): null

2018-12-12 15:15:07 - [TEST_STEP][PASSED] - Statement - counter = 0: null

2018-12-12 15:15:07 - [TEST_STEP][PASSED] - Statement - If (PreSaveFile.exists()): null

2018-12-12 15:15:07 - [TEST_STEP][PASSED] - Statement - While (PreSaveFile.exists()): null

2018-12-12 15:15:07 - [TEST_STEP][PASSED] - Statement - counter = counter + 1: null

2018-12-12 15:15:07 - [TEST_STEP][PASSED] - Statement - PreSaveFile = new java.io.File(((pathPrefix + java.lang.Integer.toString(counter)) + .png)): null

2018-12-12 15:15:07 - [TEST_STEP][PASSED] - Statement - counter = counter + 1: null

2018-12-12 15:15:07 - [TEST_STEP][PASSED] - Statement - PreSaveFile = new java.io.File(((pathPrefix + java.lang.Integer.toString(counter)) + .png)): null

2018-12-12 15:15:07 - [TEST_STEP][PASSED] - Statement - counter = counter + 1: null

2018-12-12 15:15:07 - [TEST_STEP][PASSED] - Statement - PreSaveFile = new java.io.File(((pathPrefix + java.lang.Integer.toString(counter)) + .png)): null

2018-12-12 15:15:07 - [TEST_STEP][PASSED] - Statement - counter = counter + 1: null

2018-12-12 15:15:07 - [TEST_STEP][PASSED] - Statement - PreSaveFile = new java.io.File(((pathPrefix + java.lang.Integer.toString(counter)) + .png)): null

2018-12-12 15:15:07 - [TEST_STEP][PASSED] - Statement - counter = counter + 1: null

2018-12-12 15:15:07 - [TEST_STEP][PASSED] - Statement - PreSaveFile = new java.io.File(((pathPrefix + java.lang.Integer.toString(counter)) + .png)): null

2018-12-12 15:15:07 - [TEST_STEP][PASSED] - Statement - counter = counter + 1: null

2018-12-12 15:15:07 - [TEST_STEP][PASSED] - Statement - PreSaveFile = new java.io.File(((pathPrefix + java.lang.Integer.toString(counter)) + .png)): null

2018-12-12 15:15:07 - [TEST_STEP][PASSED] - Statement - counter = counter + 1: null

2018-12-12 15:15:07 - [TEST_STEP][PASSED] - Statement - PreSaveFile = new java.io.File(((pathPrefix + java.lang.Integer.toString(counter)) + .png)): null

2018-12-12 15:15:07 - [TEST_STEP][PASSED] - Statement - counter = counter + 1: null

2018-12-12 15:15:07 - [TEST_STEP][PASSED] - Statement - PreSaveFile = new java.io.File(((pathPrefix + java.lang.Integer.toString(counter)) + .png)): null

2018-12-12 15:15:07 - [TEST_STEP][PASSED] - Statement - counter = counter + 1: null

2018-12-12 15:15:07 - [TEST_STEP][PASSED] - Statement - PreSaveFile = new java.io.File(((pathPrefix + java.lang.Integer.toString(counter)) + .png)): null

2018-12-12 15:15:07 - [TEST_STEP][PASSED] - Statement - counter = counter + 1: null

2018-12-12 15:15:07 - [TEST_STEP][PASSED] - Statement - PreSaveFile = new java.io.File(((pathPrefix + java.lang.Integer.toString(counter)) + .png)): null

2018-12-12 15:15:07 - [TEST_STEP][PASSED] - Statement - counter = counter + 1: null

2018-12-12 15:15:07 - [TEST_STEP][PASSED] - Statement - PreSaveFile = new java.io.File(((pathPrefix + java.lang.Integer.toString(counter)) + .png)): null

2018-12-12 15:15:07 - [TEST_STEP][PASSED] - Statement - counter = counter + 1: null

2018-12-12 15:15:07 - [TEST_STEP][PASSED] - Statement - PreSaveFile = new java.io.File(((pathPrefix + java.lang.Integer.toString(counter)) + .png)): null

2018-12-12 15:15:07 - [TEST_STEP][PASSED] - Statement - counter = counter + 1: null

2018-12-12 15:15:07 - [TEST_STEP][PASSED] - Statement - PreSaveFile = new java.io.File(((pathPrefix + java.lang.Integer.toString(counter)) + .png)): null

2018-12-12 15:15:07 - [TEST_STEP][PASSED] - Statement - counter = counter + 1: null

2018-12-12 15:15:07 - [TEST_STEP][PASSED] - Statement - PreSaveFile = new java.io.File(((pathPrefix + java.lang.Integer.toString(counter)) + .png)): null

2018-12-12 15:15:07 - [TEST_STEP][PASSED] - Statement - counter = counter + 1: null

2018-12-12 15:15:07 - [TEST_STEP][PASSED] - Statement - PreSaveFile = new java.io.File(((pathPrefix + java.lang.Integer.toString(counter)) + .png)): null

2018-12-12 15:15:07 - [TEST_STEP][PASSED] - Statement - counter = counter + 1: null

2018-12-12 15:15:07 - [TEST_STEP][PASSED] - Statement - PreSaveFile = new java.io.File(((pathPrefix + java.lang.Integer.toString(counter)) + .png)): null

2018-12-12 15:15:07 - [TEST_STEP][PASSED] - Statement - counter = counter + 1: null

2018-12-12 15:15:07 - [TEST_STEP][PASSED] - Statement - PreSaveFile = new java.io.File(((pathPrefix + java.lang.Integer.toString(counter)) + .png)): null

2018-12-12 15:15:07 - [TEST_STEP][PASSED] - Statement - counter = counter + 1: null

2018-12-12 15:15:07 - [TEST_STEP][PASSED] - Statement - PreSaveFile = new java.io.File(((pathPrefix + java.lang.Integer.toString(counter)) + .png)): null

2018-12-12 15:15:07 - [TEST_STEP][PASSED] - Statement - counter = counter + 1: null

2018-12-12 15:15:07 - [TEST_STEP][PASSED] - Statement - PreSaveFile = new java.io.File(((pathPrefix + java.lang.Integer.toString(counter)) + .png)): null

2018-12-12 15:15:07 - [TEST_STEP][PASSED] - Statement - counter = counter + 1: null

2018-12-12 15:15:07 - [TEST_STEP][PASSED] - Statement - PreSaveFile = new java.io.File(((pathPrefix + java.lang.Integer.toString(counter)) + .png)): null

2018-12-12 15:15:07 - [TEST_STEP][PASSED] - Statement - counter = counter + 1: null

2018-12-12 15:15:07 - [TEST_STEP][PASSED] - Statement - PreSaveFile = new java.io.File(((pathPrefix + java.lang.Integer.toString(counter)) + .png)): null

2018-12-12 15:15:07 - [TEST_STEP][PASSED] - Statement - counter = counter + 1: null

2018-12-12 15:15:07 - [TEST_STEP][PASSED] - Statement - PreSaveFile = new java.io.File(((pathPrefix + java.lang.Integer.toString(counter)) + .png)): null

2018-12-12 15:15:07 - [TEST_STEP][PASSED] - Statement - counter = counter + 1: null

2018-12-12 15:15:07 - [TEST_STEP][PASSED] - Statement - PreSaveFile = new java.io.File(((pathPrefix + java.lang.Integer.toString(counter)) + .png)): null

2018-12-12 15:15:07 - [TEST_STEP][PASSED] - Statement - counter = counter + 1: null

2018-12-12 15:15:07 - [TEST_STEP][PASSED] - Statement - PreSaveFile = new java.io.File(((pathPrefix + java.lang.Integer.toString(counter)) + .png)): null

2018-12-12 15:15:07 - [TEST_STEP][PASSED] - Statement - counter = counter + 1: null

2018-12-12 15:15:07 - [TEST_STEP][PASSED] - Statement - PreSaveFile = new java.io.File(((pathPrefix + java.lang.Integer.toString(counter)) + .png)): null

2018-12-12 15:15:07 - [TEST_STEP][PASSED] - Statement - counter = counter + 1: null

2018-12-12 15:15:07 - [TEST_STEP][PASSED] - Statement - PreSaveFile = new java.io.File(((pathPrefix + java.lang.Integer.toString(counter)) + .png)): null

2018-12-12 15:15:07 - [TEST_STEP][PASSED] - Statement - counter = counter + 1: null

2018-12-12 15:15:07 - [TEST_STEP][PASSED] - Statement - PreSaveFile = new java.io.File(((pathPrefix + java.lang.Integer.toString(counter)) + .png)): null

2018-12-12 15:15:07 - [TEST_STEP][PASSED] - Statement - counter = counter + 1: null

2018-12-12 15:15:07 - [TEST_STEP][PASSED] - Statement - PreSaveFile = new java.io.File(((pathPrefix + java.lang.Integer.toString(counter)) + .png)): null

2018-12-12 15:15:07 - [TEST_STEP][PASSED] - Statement - counter = counter + 1: null

2018-12-12 15:15:07 - [TEST_STEP][PASSED] - Statement - PreSaveFile = new java.io.File(((pathPrefix + java.lang.Integer.toString(counter)) + .png)): null

2018-12-12 15:15:07 - [TEST_STEP][PASSED] - Statement - counter = counter + 1: null

2018-12-12 15:15:07 - [TEST_STEP][PASSED] - Statement - PreSaveFile = new java.io.File(((pathPrefix + java.lang.Integer.toString(counter)) + .png)): null

2018-12-12 15:15:07 - [TEST_STEP][PASSED] - Statement - counter = counter + 1: null

2018-12-12 15:15:07 - [TEST_STEP][PASSED] - Statement - PreSaveFile = new java.io.File(((pathPrefix + java.lang.Integer.toString(counter)) + .png)): null

2018-12-12 15:15:07 - [TEST_STEP][PASSED] - Statement - counter = counter + 1: null

2018-12-12 15:15:07 - [TEST_STEP][PASSED] - Statement - PreSaveFile = new java.io.File(((pathPrefix + java.lang.Integer.toString(counter)) + .png)): null

2018-12-12 15:15:07 - [TEST_STEP][PASSED] - Statement - counter = counter + 1: null

2018-12-12 15:15:07 - [TEST_STEP][PASSED] - Statement - PreSaveFile = new java.io.File(((pathPrefix + java.lang.Integer.toString(counter)) + .png)): null

2018-12-12 15:15:07 - [TEST_STEP][PASSED] - Statement - counter = counter + 1: null

2018-12-12 15:15:07 - [TEST_STEP][PASSED] - Statement - PreSaveFile = new java.io.File(((pathPrefix + java.lang.Integer.toString(counter)) + .png)): null

2018-12-12 15:15:07 - [TEST_STEP][PASSED] - Statement - counter = counter + 1: null

2018-12-12 15:15:07 - [TEST_STEP][PASSED] - Statement - PreSaveFile = new java.io.File(((pathPrefix + java.lang.Integer.toString(counter)) + .png)): null

2018-12-12 15:15:07 - [TEST_STEP][PASSED] - Statement - counter = counter + 1: null

2018-12-12 15:15:07 - [TEST_STEP][PASSED] - Statement - PreSaveFile = new java.io.File(((pathPrefix + java.lang.Integer.toString(counter)) + .png)): null

2018-12-12 15:15:07 - [TEST_STEP][PASSED] - Statement - counter = counter + 1: null

2018-12-12 15:15:07 - [TEST_STEP][PASSED] - Statement - PreSaveFile = new java.io.File(((pathPrefix + java.lang.Integer.toString(counter)) + .png)): null

2018-12-12 15:15:07 - [TEST_STEP][PASSED] - Statement - counter = counter + 1: null

2018-12-12 15:15:07 - [TEST_STEP][PASSED] - Statement - PreSaveFile = new java.io.File(((pathPrefix + java.lang.Integer.toString(counter)) + .png)): null

2018-12-12 15:15:07 - [TEST_STEP][PASSED] - Statement - counter = counter + 1: null

2018-12-12 15:15:07 - [TEST_STEP][PASSED] - Statement - PreSaveFile = new java.io.File(((pathPrefix + java.lang.Integer.toString(counter)) + .png)): null

2018-12-12 15:15:07 - [TEST_STEP][PASSED] - Statement - counter = counter + 1: null

2018-12-12 15:15:07 - [TEST_STEP][PASSED] - Statement - PreSaveFile = new java.io.File(((pathPrefix + java.lang.Integer.toString(counter)) + .png)): null

2018-12-12 15:15:07 - [TEST_STEP][PASSED] - Statement - counter = counter + 1: null

2018-12-12 15:15:07 - [TEST_STEP][PASSED] - Statement - PreSaveFile = new java.io.File(((pathPrefix + java.lang.Integer.toString(counter)) + .png)): null

2018-12-12 15:15:07 - [TEST_STEP][PASSED] - Statement - counter = counter + 1: null

2018-12-12 15:15:07 - [TEST_STEP][PASSED] - Statement - PreSaveFile = new java.io.File(((pathPrefix + java.lang.Integer.toString(counter)) + .png)): null

2018-12-12 15:15:07 - [TEST_STEP][PASSED] - Statement - counter = counter + 1: null

2018-12-12 15:15:07 - [TEST_STEP][PASSED] - Statement - PreSaveFile = new java.io.File(((pathPrefix + java.lang.Integer.toString(counter)) + .png)): null

2018-12-12 15:15:07 - [TEST_STEP][PASSED] - Statement - counter = counter + 1: null

2018-12-12 15:15:07 - [TEST_STEP][PASSED] - Statement - PreSaveFile = new java.io.File(((pathPrefix + java.lang.Integer.toString(counter)) + .png)): null

2018-12-12 15:15:07 - [TEST_STEP][PASSED] - Statement - counter = counter + 1: null

2018-12-12 15:15:07 - [TEST_STEP][PASSED] - Statement - PreSaveFile = new java.io.File(((pathPrefix + java.lang.Integer.toString(counter)) + .png)): null

2018-12-12 15:15:07 - [TEST_STEP][PASSED] - Statement - counter = counter + 1: null

2018-12-12 15:15:07 - [TEST_STEP][PASSED] - Statement - PreSaveFile = new java.io.File(((pathPrefix + java.lang.Integer.toString(counter)) + .png)): null

2018-12-12 15:15:07 - [TEST_STEP][PASSED] - Statement - counter = counter + 1: null

2018-12-12 15:15:07 - [TEST_STEP][PASSED] - Statement - PreSaveFile = new java.io.File(((pathPrefix + java.lang.Integer.toString(counter)) + .png)): null

2018-12-12 15:15:07 - [TEST_STEP][PASSED] - Statement - counter = counter + 1: null

2018-12-12 15:15:07 - [TEST_STEP][PASSED] - Statement - PreSaveFile = new java.io.File(((pathPrefix + java.lang.Integer.toString(counter)) + .png)): null

2018-12-12 15:15:07 - [TEST_STEP][PASSED] - Statement - counter = counter + 1: null

2018-12-12 15:15:07 - [TEST_STEP][PASSED] - Statement - PreSaveFile = new java.io.File(((pathPrefix + java.lang.Integer.toString(counter)) + .png)): null

2018-12-12 15:15:07 - [TEST_STEP][PASSED] - Statement - counter = counter + 1: null

2018-12-12 15:15:07 - [TEST_STEP][PASSED] - Statement - PreSaveFile = new java.io.File(((pathPrefix + java.lang.Integer.toString(counter)) + .png)): null

2018-12-12 15:15:07 - [TEST_STEP][PASSED] - Statement - counter = counter + 1: null

2018-12-12 15:15:07 - [TEST_STEP][PASSED] - Statement - PreSaveFile = new java.io.File(((pathPrefix + java.lang.Integer.toString(counter)) + .png)): null

2018-12-12 15:15:07 - [TEST_STEP][PASSED] - Statement - counter = counter + 1: null

2018-12-12 15:15:07 - [TEST_STEP][PASSED] - Statement - PreSaveFile = new java.io.File(((pathPrefix + java.lang.Integer.toString(counter)) + .png)): null

2018-12-12 15:15:07 - [TEST_STEP][PASSED] - Statement - counter = counter + 1: null

2018-12-12 15:15:07 - [TEST_STEP][PASSED] - Statement - PreSaveFile = new java.io.File(((pathPrefix + java.lang.Integer.toString(counter)) + .png)): null

2018-12-12 15:15:07 - [TEST_STEP][PASSED] - Statement - counter = counter + 1: null

2018-12-12 15:15:07 - [TEST_STEP][PASSED] - Statement - PreSaveFile = new java.io.File(((pathPrefix + java.lang.Integer.toString(counter)) + .png)): null

2018-12-12 15:15:07 - [TEST_STEP][PASSED] - Statement - counter = counter + 1: null

2018-12-12 15:15:07 - [TEST_STEP][PASSED] - Statement - PreSaveFile = new java.io.File(((pathPrefix + java.lang.Integer.toString(counter)) + .png)): null

2018-12-12 15:15:07 - [TEST_STEP][PASSED] - Statement - counter = counter + 1: null

2018-12-12 15:15:07 - [TEST_STEP][PASSED] - Statement - PreSaveFile = new java.io.File(((pathPrefix + java.lang.Integer.toString(counter)) + .png)): null

2018-12-12 15:15:07 - [TEST_STEP][PASSED] - Statement - counter = counter + 1: null

2018-12-12 15:15:07 - [TEST_STEP][PASSED] - Statement - PreSaveFile = new java.io.File(((pathPrefix + java.lang.Integer.toString(counter)) + .png)): null

2018-12-12 15:15:07 - [TEST_STEP][PASSED] - Statement - counter = counter + 1: null

2018-12-12 15:15:07 - [TEST_STEP][PASSED] - Statement - PreSaveFile = new java.io.File(((pathPrefix + java.lang.Integer.toString(counter)) + .png)): null

2018-12-12 15:15:07 - [TEST_STEP][PASSED] - Statement - counter = counter + 1: null

2018-12-12 15:15:07 - [TEST_STEP][PASSED] - Statement - PreSaveFile = new java.io.File(((pathPrefix + java.lang.Integer.toString(counter)) + .png)): null

2018-12-12 15:15:07 - [TEST_STEP][PASSED] - Statement - counter = counter + 1: null

2018-12-12 15:15:07 - [TEST_STEP][PASSED] - Statement - PreSaveFile = new java.io.File(((pathPrefix + java.lang.Integer.toString(counter)) + .png)): null

2018-12-12 15:15:07 - [TEST_STEP][PASSED] - Statement - counter = counter + 1: null

2018-12-12 15:15:07 - [TEST_STEP][PASSED] - Statement - PreSaveFile = new java.io.File(((pathPrefix + java.lang.Integer.toString(counter)) + .png)): null

2018-12-12 15:15:07 - [TEST_STEP][PASSED] - Statement - counter = counter + 1: null

2018-12-12 15:15:07 - [TEST_STEP][PASSED] - Statement - PreSaveFile = new java.io.File(((pathPrefix + java.lang.Integer.toString(counter)) + .png)): null

2018-12-12 15:15:07 - [TEST_STEP][PASSED] - Statement - counter = counter + 1: null

2018-12-12 15:15:07 - [TEST_STEP][PASSED] - Statement - PreSaveFile = new java.io.File(((pathPrefix + java.lang.Integer.toString(counter)) + .png)): null

2018-12-12 15:15:07 - [TEST_STEP][PASSED] - Statement - counter = counter + 1: null

2018-12-12 15:15:07 - [TEST_STEP][PASSED] - Statement - PreSaveFile = new java.io.File(((pathPrefix + java.lang.Integer.toString(counter)) + .png)): null

2018-12-12 15:15:07 - [TEST_STEP][PASSED] - Statement - counter = counter + 1: null

2018-12-12 15:15:07 - [TEST_STEP][PASSED] - Statement - PreSaveFile = new java.io.File(((pathPrefix + java.lang.Integer.toString(counter)) + .png)): null

2018-12-12 15:15:07 - [TEST_STEP][PASSED] - Statement - counter = counter + 1: null

2018-12-12 15:15:07 - [TEST_STEP][PASSED] - Statement - PreSaveFile = new java.io.File(((pathPrefix + java.lang.Integer.toString(counter)) + .png)): null

2018-12-12 15:15:07 - [TEST_STEP][PASSED] - Statement - counter = counter + 1: null

2018-12-12 15:15:07 - [TEST_STEP][PASSED] - Statement - PreSaveFile = new java.io.File(((pathPrefix + java.lang.Integer.toString(counter)) + .png)): null

2018-12-12 15:15:07 - [TEST_STEP][PASSED] - Statement - counter = counter + 1: null

2018-12-12 15:15:07 - [TEST_STEP][PASSED] - Statement - PreSaveFile = new java.io.File(((pathPrefix + java.lang.Integer.toString(counter)) + .png)): null

2018-12-12 15:15:07 - [TEST_STEP][PASSED] - Statement - counter = counter + 1: null

2018-12-12 15:15:07 - [TEST_STEP][PASSED] - Statement - PreSaveFile = new java.io.File(((pathPrefix + java.lang.Integer.toString(counter)) + .png)): null

2018-12-12 15:15:07 - [TEST_STEP][PASSED] - Statement - counter = counter + 1: null

2018-12-12 15:15:07 - [TEST_STEP][PASSED] - Statement - PreSaveFile = new java.io.File(((pathPrefix + java.lang.Integer.toString(counter)) + .png)): null

2018-12-12 15:15:07 - [TEST_STEP][PASSED] - Statement - counter = counter + 1: null

2018-12-12 15:15:07 - [TEST_STEP][PASSED] - Statement - PreSaveFile = new java.io.File(((pathPrefix + java.lang.Integer.toString(counter)) + .png)): null

2018-12-12 15:15:07 - [TEST_STEP][PASSED] - Statement - counter = counter + 1: null

2018-12-12 15:15:07 - [TEST_STEP][PASSED] - Statement - PreSaveFile = new java.io.File(((pathPrefix + java.lang.Integer.toString(counter)) + .png)): null

2018-12-12 15:15:07 - [TEST_STEP][PASSED] - Statement - counter = counter + 1: null

2018-12-12 15:15:07 - [TEST_STEP][PASSED] - Statement - PreSaveFile = new java.io.File(((pathPrefix + java.lang.Integer.toString(counter)) + .png)): null

2018-12-12 15:15:07 - [TEST_STEP][PASSED] - Statement - counter = counter + 1: null

2018-12-12 15:15:07 - [TEST_STEP][PASSED] - Statement - PreSaveFile = new java.io.File(((pathPrefix + java.lang.Integer.toString(counter)) + .png)): null

2018-12-12 15:15:07 - [TEST_STEP][PASSED] - Statement - counter = counter + 1: null

2018-12-12 15:15:07 - [TEST_STEP][PASSED] - Statement - PreSaveFile = new java.io.File(((pathPrefix + java.lang.Integer.toString(counter)) + .png)): null

2018-12-12 15:15:07 - [TEST_STEP][PASSED] - Statement - counter = counter + 1: null

2018-12-12 15:15:07 - [TEST_STEP][PASSED] - Statement - PreSaveFile = new java.io.File(((pathPrefix + java.lang.Integer.toString(counter)) + .png)): null

2018-12-12 15:15:07 - [TEST_STEP][PASSED] - Statement - counter = counter + 1: null

2018-12-12 15:15:07 - [TEST_STEP][PASSED] - Statement - PreSaveFile = new java.io.File(((pathPrefix + java.lang.Integer.toString(counter)) + .png)): null

2018-12-12 15:15:07 - [TEST_STEP][PASSED] - Statement - counter = counter + 1: null

2018-12-12 15:15:07 - [TEST_STEP][PASSED] - Statement - PreSaveFile = new java.io.File(((pathPrefix + java.lang.Integer.toString(counter)) + .png)): null

2018-12-12 15:15:07 - [TEST_STEP][PASSED] - Statement - counter = counter + 1: null

2018-12-12 15:15:07 - [TEST_STEP][PASSED] - Statement - PreSaveFile = new java.io.File(((pathPrefix + java.lang.Integer.toString(counter)) + .png)): null

2018-12-12 15:15:07 - [TEST_STEP][PASSED] - Statement - counter = counter + 1: null

2018-12-12 15:15:07 - [TEST_STEP][PASSED] - Statement - PreSaveFile = new java.io.File(((pathPrefix + java.lang.Integer.toString(counter)) + .png)): null

2018-12-12 15:15:07 - [TEST_STEP][PASSED] - Statement - counter = counter + 1: null

2018-12-12 15:15:07 - [TEST_STEP][PASSED] - Statement - PreSaveFile = new java.io.File(((pathPrefix + java.lang.Integer.toString(counter)) + .png)): null

2018-12-12 15:15:07 - [TEST_STEP][PASSED] - Statement - counter = counter + 1: null

2018-12-12 15:15:07 - [TEST_STEP][PASSED] - Statement - PreSaveFile = new java.io.File(((pathPrefix + java.lang.Integer.toString(counter)) + .png)): null

2018-12-12 15:15:07 - [TEST_STEP][PASSED] - Statement - counter = counter + 1: null

2018-12-12 15:15:07 - [TEST_STEP][PASSED] - Statement - PreSaveFile = new java.io.File(((pathPrefix + java.lang.Integer.toString(counter)) + .png)): null

2018-12-12 15:15:07 - [TEST_STEP][PASSED] - Statement - counter = counter + 1: null

2018-12-12 15:15:07 - [TEST_STEP][PASSED] - Statement - PreSaveFile = new java.io.File(((pathPrefix + java.lang.Integer.toString(counter)) + .png)): null

2018-12-12 15:15:07 - [TEST_STEP][PASSED] - Statement - counter = counter + 1: null

2018-12-12 15:15:07 - [TEST_STEP][PASSED] - Statement - PreSaveFile = new java.io.File(((pathPrefix + java.lang.Integer.toString(counter)) + .png)): null

2018-12-12 15:15:07 - [TEST_STEP][PASSED] - Statement - counter = counter + 1: null

2018-12-12 15:15:07 - [TEST_STEP][PASSED] - Statement - PreSaveFile = new java.io.File(((pathPrefix + java.lang.Integer.toString(counter)) + .png)): null

2018-12-12 15:15:07 - [TEST_STEP][PASSED] - Statement - counter = counter + 1: null

2018-12-12 15:15:07 - [TEST_STEP][PASSED] - Statement - PreSaveFile = new java.io.File(((pathPrefix + java.lang.Integer.toString(counter)) + .png)): null

2018-12-12 15:15:07 - [TEST_STEP][PASSED] - Statement - counter = counter + 1: null

2018-12-12 15:15:07 - [TEST_STEP][PASSED] - Statement - PreSaveFile = new java.io.File(((pathPrefix + java.lang.Integer.toString(counter)) + .png)): null

2018-12-12 15:15:07 - [TEST_STEP][PASSED] - Statement - counter = counter + 1: null

2018-12-12 15:15:07 - [TEST_STEP][PASSED] - Statement - PreSaveFile = new java.io.File(((pathPrefix + java.lang.Integer.toString(counter)) + .png)): null

2018-12-12 15:15:07 - [TEST_STEP][PASSED] - Statement - counter = counter + 1: null

2018-12-12 15:15:07 - [TEST_STEP][PASSED] - Statement - PreSaveFile = new java.io.File(((pathPrefix + java.lang.Integer.toString(counter)) + .png)): null

2018-12-12 15:15:07 - [TEST_STEP][PASSED] - Statement - counter = counter + 1: null

2018-12-12 15:15:07 - [TEST_STEP][PASSED] - Statement - PreSaveFile = new java.io.File(((pathPrefix + java.lang.Integer.toString(counter)) + .png)): null

2018-12-12 15:15:07 - [TEST_STEP][PASSED] - Statement - counter = counter + 1: null

2018-12-12 15:15:07 - [TEST_STEP][PASSED] - Statement - PreSaveFile = new java.io.File(((pathPrefix + java.lang.Integer.toString(counter)) + .png)): null

2018-12-12 15:15:07 - [TEST_STEP][PASSED] - Statement - counter = counter + 1: null

2018-12-12 15:15:07 - [TEST_STEP][PASSED] - Statement - PreSaveFile = new java.io.File(((pathPrefix + java.lang.Integer.toString(counter)) + .png)): null

2018-12-12 15:15:07 - [TEST_STEP][PASSED] - Statement - counter = counter + 1: null

2018-12-12 15:15:07 - [TEST_STEP][PASSED] - Statement - PreSaveFile = new java.io.File(((pathPrefix + java.lang.Integer.toString(counter)) + .png)): null

2018-12-12 15:15:07 - [TEST_STEP][PASSED] - Statement - counter = counter + 1: null

2018-12-12 15:15:07 - [TEST_STEP][PASSED] - Statement - PreSaveFile = new java.io.File(((pathPrefix + java.lang.Integer.toString(counter)) + .png)): null

2018-12-12 15:15:07 - [TEST_STEP][PASSED] - Statement - counter = counter + 1: null

2018-12-12 15:15:07 - [TEST_STEP][PASSED] - Statement - PreSaveFile = new java.io.File(((pathPrefix + java.lang.Integer.toString(counter)) + .png)): null

2018-12-12 15:15:07 - [TEST_STEP][PASSED] - Statement - counter = counter + 1: null

2018-12-12 15:15:07 - [TEST_STEP][PASSED] - Statement - PreSaveFile = new java.io.File(((pathPrefix + java.lang.Integer.toString(counter)) + .png)): null

2018-12-12 15:15:07 - [TEST_STEP][PASSED] - Statement - counter = counter + 1: null

2018-12-12 15:15:07 - [TEST_STEP][PASSED] - Statement - PreSaveFile = new java.io.File(((pathPrefix + java.lang.Integer.toString(counter)) + .png)): null

2018-12-12 15:15:07 - [TEST_STEP][PASSED] - Statement - counter = counter + 1: null

2018-12-12 15:15:07 - [TEST_STEP][PASSED] - Statement - PreSaveFile = new java.io.File(((pathPrefix + java.lang.Integer.toString(counter)) + .png)): null

2018-12-12 15:15:07 - [TEST_STEP][PASSED] - Statement - counter = counter + 1: null

2018-12-12 15:15:07 - [TEST_STEP][PASSED] - Statement - PreSaveFile = new java.io.File(((pathPrefix + java.lang.Integer.toString(counter)) + .png)): null

2018-12-12 15:15:07 - [TEST_STEP][PASSED] - Statement - counter = counter + 1: null

2018-12-12 15:15:07 - [TEST_STEP][PASSED] - Statement - PreSaveFile = new java.io.File(((pathPrefix + java.lang.Integer.toString(counter)) + .png)): null

2018-12-12 15:15:07 - [TEST_STEP][PASSED] - Statement - counter = counter + 1: null

2018-12-12 15:15:07 - [TEST_STEP][PASSED] - Statement - PreSaveFile = new java.io.File(((pathPrefix + java.lang.Integer.toString(counter)) + .png)): null

2018-12-12 15:15:07 - [TEST_STEP][PASSED] - Statement - counter = counter + 1: null

2018-12-12 15:15:07 - [TEST_STEP][PASSED] - Statement - PreSaveFile = new java.io.File(((pathPrefix + java.lang.Integer.toString(counter)) + .png)): null

2018-12-12 15:15:07 - [TEST_STEP][PASSED] - Statement - counter = counter + 1: null

2018-12-12 15:15:07 - [TEST_STEP][PASSED] - Statement - PreSaveFile = new java.io.File(((pathPrefix + java.lang.Integer.toString(counter)) + .png)): null

2018-12-12 15:15:07 - [TEST_STEP][PASSED] - Statement - counter = counter + 1: null

2018-12-12 15:15:07 - [TEST_STEP][PASSED] - Statement - PreSaveFile = new java.io.File(((pathPrefix + java.lang.Integer.toString(counter)) + .png)): null

2018-12-12 15:15:07 - [TEST_STEP][PASSED] - Statement - counter = counter + 1: null

2018-12-12 15:15:07 - [TEST_STEP][PASSED] - Statement - PreSaveFile = new java.io.File(((pathPrefix + java.lang.Integer.toString(counter)) + .png)): null

2018-12-12 15:15:07 - [TEST_STEP][PASSED] - Statement - counter = counter + 1: null

2018-12-12 15:15:07 - [TEST_STEP][PASSED] - Statement - PreSaveFile = new java.io.File(((pathPrefix + java.lang.Integer.toString(counter)) + .png)): null

2018-12-12 15:15:07 - [TEST_STEP][PASSED] - Statement - counter = counter + 1: null

2018-12-12 15:15:07 - [TEST_STEP][PASSED] - Statement - PreSaveFile = new java.io.File(((pathPrefix + java.lang.Integer.toString(counter)) + .png)): null

2018-12-12 15:15:07 - [TEST_STEP][PASSED] - Statement - counter = counter + 1: null

2018-12-12 15:15:07 - [TEST_STEP][PASSED] - Statement - PreSaveFile = new java.io.File(((pathPrefix + java.lang.Integer.toString(counter)) + .png)): null

2018-12-12 15:15:07 - [TEST_STEP][PASSED] - Statement - counter = counter + 1: null

2018-12-12 15:15:07 - [TEST_STEP][PASSED] - Statement - PreSaveFile = new java.io.File(((pathPrefix + java.lang.Integer.toString(counter)) + .png)): null

2018-12-12 15:15:07 - [TEST_STEP][PASSED] - Statement - counter = counter + 1: null

2018-12-12 15:15:07 - [TEST_STEP][PASSED] - Statement - PreSaveFile = new java.io.File(((pathPrefix + java.lang.Integer.toString(counter)) + .png)): null

2018-12-12 15:15:07 - [TEST_STEP][PASSED] - Statement - counter = counter + 1: null

2018-12-12 15:15:07 - [TEST_STEP][PASSED] - Statement - PreSaveFile = new java.io.File(((pathPrefix + java.lang.Integer.toString(counter)) + .png)): null

2018-12-12 15:15:07 - [TEST_STEP][PASSED] - Statement - counter = counter + 1: null

2018-12-12 15:15:07 - [TEST_STEP][PASSED] - Statement - PreSaveFile = new java.io.File(((pathPrefix + java.lang.Integer.toString(counter)) + .png)): null

2018-12-12 15:15:07 - [TEST_STEP][PASSED] - Statement - counter = counter + 1: null

2018-12-12 15:15:07 - [TEST_STEP][PASSED] - Statement - PreSaveFile = new java.io.File(((pathPrefix + java.lang.Integer.toString(counter)) + .png)): null

2018-12-12 15:15:07 - [TEST_STEP][PASSED] - Statement - counter = counter + 1: null

2018-12-12 15:15:07 - [TEST_STEP][PASSED] - Statement - PreSaveFile = new java.io.File(((pathPrefix + java.lang.Integer.toString(counter)) + .png)): null

2018-12-12 15:15:07 - [TEST_STEP][PASSED] - Statement - counter = counter + 1: null

2018-12-12 15:15:07 - [TEST_STEP][PASSED] - Statement - PreSaveFile = new java.io.File(((pathPrefix + java.lang.Integer.toString(counter)) + .png)): null

2018-12-12 15:15:07 - [TEST_STEP][PASSED] - Statement - counter = counter + 1: null

2018-12-12 15:15:07 - [TEST_STEP][PASSED] - Statement - PreSaveFile = new java.io.File(((pathPrefix + java.lang.Integer.toString(counter)) + .png)): null

2018-12-12 15:15:07 - [TEST_STEP][PASSED] - Statement - counter = counter + 1: null

2018-12-12 15:15:07 - [TEST_STEP][PASSED] - Statement - PreSaveFile = new java.io.File(((pathPrefix + java.lang.Integer.toString(counter)) + .png)): null

2018-12-12 15:15:07 - [TEST_STEP][PASSED] - Statement - counter = counter + 1: null

2018-12-12 15:15:07 - [TEST_STEP][PASSED] - Statement - PreSaveFile = new java.io.File(((pathPrefix + java.lang.Integer.toString(counter)) + .png)): null

2018-12-12 15:15:07 - [TEST_STEP][PASSED] - Statement - counter = counter + 1: null

2018-12-12 15:15:07 - [TEST_STEP][PASSED] - Statement - PreSaveFile = new java.io.File(((pathPrefix + java.lang.Integer.toString(counter)) + .png)): null

2018-12-12 15:15:07 - [TEST_STEP][PASSED] - Statement - counter = counter + 1: null

2018-12-12 15:15:07 - [TEST_STEP][PASSED] - Statement - PreSaveFile = new java.io.File(((pathPrefix + java.lang.Integer.toString(counter)) + .png)): null

2018-12-12 15:15:07 - [TEST_STEP][PASSED] - Statement - counter = counter + 1: null

2018-12-12 15:15:07 - [TEST_STEP][PASSED] - Statement - PreSaveFile = new java.io.File(((pathPrefix + java.lang.Integer.toString(counter)) + .png)): null

2018-12-12 15:15:07 - [TEST_STEP][PASSED] - Statement - counter = counter + 1: null

2018-12-12 15:15:07 - [TEST_STEP][PASSED] - Statement - PreSaveFile = new java.io.File(((pathPrefix + java.lang.Integer.toString(counter)) + .png)): null

2018-12-12 15:15:07 - [TEST_STEP][PASSED] - Statement - counter = counter + 1: null

2018-12-12 15:15:07 - [TEST_STEP][PASSED] - Statement - PreSaveFile = new java.io.File(((pathPrefix + java.lang.Integer.toString(counter)) + .png)): null

2018-12-12 15:15:07 - [TEST_STEP][PASSED] - Statement - counter = counter + 1: null

2018-12-12 15:15:07 - [TEST_STEP][PASSED] - Statement - PreSaveFile = new java.io.File(((pathPrefix + java.lang.Integer.toString(counter)) + .png)): null

2018-12-12 15:15:07 - [TEST_STEP][PASSED] - Statement - counter = counter + 1: null

2018-12-12 15:15:07 - [TEST_STEP][PASSED] - Statement - PreSaveFile = new java.io.File(((pathPrefix + java.lang.Integer.toString(counter)) + .png)): null

2018-12-12 15:15:07 - [TEST_STEP][PASSED] - Statement - counter = counter + 1: null

2018-12-12 15:15:07 - [TEST_STEP][PASSED] - Statement - PreSaveFile = new java.io.File(((pathPrefix + java.lang.Integer.toString(counter)) + .png)): null

2018-12-12 15:15:07 - [TEST_STEP][PASSED] - Statement - counter = counter + 1: null

2018-12-12 15:15:07 - [TEST_STEP][PASSED] - Statement - PreSaveFile = new java.io.File(((pathPrefix + java.lang.Integer.toString(counter)) + .png)): null

2018-12-12 15:15:07 - [TEST_STEP][PASSED] - Statement - counter = counter + 1: null

2018-12-12 15:15:07 - [TEST_STEP][PASSED] - Statement - PreSaveFile = new java.io.File(((pathPrefix + java.lang.Integer.toString(counter)) + .png)): null

2018-12-12 15:15:07 - [TEST_STEP][PASSED] - Statement - counter = counter + 1: null

2018-12-12 15:15:07 - [TEST_STEP][PASSED] - Statement - PreSaveFile = new java.io.File(((pathPrefix + java.lang.Integer.toString(counter)) + .png)): null

2018-12-12 15:15:07 - [TEST_STEP][PASSED] - Statement - counter = counter + 1: null

2018-12-12 15:15:07 - [TEST_STEP][PASSED] - Statement - PreSaveFile = new java.io.File(((pathPrefix + java.lang.Integer.toString(counter)) + .png)): null

2018-12-12 15:15:07 - [TEST_STEP][PASSED] - Statement - counter = counter + 1: null

2018-12-12 15:15:07 - [TEST_STEP][PASSED] - Statement - PreSaveFile = new java.io.File(((pathPrefix + java.lang.Integer.toString(counter)) + .png)): null

2018-12-12 15:15:07 - [TEST_STEP][PASSED] - Statement - counter = counter + 1: null

2018-12-12 15:15:07 - [TEST_STEP][PASSED] - Statement - PreSaveFile = new java.io.File(((pathPrefix + java.lang.Integer.toString(counter)) + .png)): null

2018-12-12 15:15:07 - [TEST_STEP][PASSED] - Statement - counter = counter + 1: null

2018-12-12 15:15:07 - [TEST_STEP][PASSED] - Statement - PreSaveFile = new java.io.File(((pathPrefix + java.lang.Integer.toString(counter)) + .png)): null

2018-12-12 15:15:07 - [TEST_STEP][PASSED] - Statement - counter = counter + 1: null

2018-12-12 15:15:07 - [TEST_STEP][PASSED] - Statement - PreSaveFile = new java.io.File(((pathPrefix + java.lang.Integer.toString(counter)) + .png)): null

2018-12-12 15:15:07 - [TEST_STEP][PASSED] - Statement - counter = counter + 1: null

2018-12-12 15:15:07 - [TEST_STEP][PASSED] - Statement - PreSaveFile = new java.io.File(((pathPrefix + java.lang.Integer.toString(counter)) + .png)): null

2018-12-12 15:15:07 - [TEST_STEP][PASSED] - Statement - counter = counter + 1: null

2018-12-12 15:15:07 - [TEST_STEP][PASSED] - Statement - PreSaveFile = new java.io.File(((pathPrefix + java.lang.Integer.toString(counter)) + .png)): null

2018-12-12 15:15:07 - [TEST_STEP][PASSED] - Statement - finalPath = pathPrefix + java.lang.Integer.toString(counter) + ".png": null

2018-12-12 15:15:07 - [TEST_STEP][PASSED] - Statement - SaveFile = new java.io.File(finalPath): null

2018-12-12 15:15:07 - [TEST_STEP][PASSED] - Statement - Try: null

2018-12-12 15:15:07 - [TEST_STEP][PASSED] - Statement - org.apache.commons.io.FileUtils.copyFile(scrFile, SaveFile): null

2018-12-12 15:15:07 - [TEST_STEP][PASSED] - Statement - out.println("file kept"): null

2018-12-12 15:15:07 - [TEST_STEP][PASSED] - delay: Delayed 10 second(s)

2018-12-12 15:15:17 - [MESSAGE][PASSED] - Delayed 10 second(s)

2018-12-12 15:15:17 - [MESSAGE][PASSED] - Call Test Case 'Test Cases/Final Aug 2018 - PKS Automation/Registration Module/New Registration/Submit and Screenshot/Submit Registration and Screenshot' successfully]]></system-out>
         <system-err><![CDATA[]]></system-err>
      </testcase>
      <testcase name="Test Cases/Final Aug 2018 - PKS Automation/Registration Module/Critical Path/New Registration/Corporation - Limited Liability" classname="Test Cases/Final Aug 2018 - PKS Automation/Registration Module/Critical Path/New Registration/Corporation - Limited Liability" status="PASSED">
         <system-out><![CDATA[2018-12-12 15:15:17 - [TEST_CASE][PASSED] - Test Cases/Final Aug 2018 - PKS Automation/Registration Module/Critical Path/New Registration/Corporation - Limited Liability: Test Cases/Final Aug 2018 - PKS Automation/Registration Module/Critical Path/New Registration/Corporation - Limited Liability

2018-12-12 15:15:17 - [TEST_STEP][PASSED] - callTestCase: Call Test Case 'Test Cases/Final Aug 2018 - PKS Automation/Registration Module/New Registration/Form 1/Form 1 - Corporation - Limited Liability' successfully

2018-12-12 15:15:18 - [TEST_CASE][PASSED] - Test Cases/Final Aug 2018 - PKS Automation/Registration Module/New Registration/Form 1/Form 1 - Corporation - Limited Liability: Test Cases/Final Aug 2018 - PKS Automation/Registration Module/New Registration/Form 1/Form 1 - Corporation - Limited Liability

2018-12-12 15:15:18 - [TEST_STEP][PASSED] - openBrowser: Browser is opened with url: ''

2018-12-12 15:15:18 - [MESSAGE][WARNING] - A browser is already opened. Closing browser and opening a new one

2018-12-12 15:15:21 - [MESSAGE][PASSED] - Browser is opened with url: ''

2018-12-12 15:15:21 - [TEST_STEP][PASSED] - navigateToUrl: Navigate to 'https://assist2-uat.perkeso.gov.my/login' successfully

2018-12-12 15:15:22 - [MESSAGE][PASSED] - Navigate to 'https://assist2-uat.perkeso.gov.my/login' successfully

2018-12-12 15:15:22 - [TEST_STEP][PASSED] - setText: Text 'johorotc1@gmail.com' is set on object 'Object Repository/Final Object Repo/Login Page/Internal User/Email Address'

2018-12-12 15:15:22 - [MESSAGE][PASSED] - Text 'johorotc1@gmail.com' is set on object 'Object Repository/Final Object Repo/Login Page/Internal User/Email Address'

2018-12-12 15:15:22 - [TEST_STEP][PASSED] - click: Object: 'Object Repository/Final Object Repo/Login Page/Internal User/Next Button' is clicked on

2018-12-12 15:15:23 - [MESSAGE][PASSED] - Object: 'Object Repository/Final Object Repo/Login Page/Internal User/Next Button' is clicked on

2018-12-12 15:15:23 - [TEST_STEP][PASSED] - delay: Delayed 1 second(s)

2018-12-12 15:15:24 - [MESSAGE][PASSED] - Delayed 1 second(s)

2018-12-12 15:15:24 - [TEST_STEP][PASSED] - setEncryptedText: Text ****** has been set on object 'Object Repository/Final Object Repo/Login Page/Internal User/Password'

2018-12-12 15:15:24 - [MESSAGE][PASSED] - Text ****** has been set on object 'Object Repository/Final Object Repo/Login Page/Internal User/Password'

2018-12-12 15:15:24 - [TEST_STEP][PASSED] - click: Object: 'Object Repository/Final Object Repo/Login Page/Internal User/Login Button' is clicked on

2018-12-12 15:15:24 - [MESSAGE][PASSED] - Object: 'Object Repository/Final Object Repo/Login Page/Internal User/Login Button' is clicked on

2018-12-12 15:15:24 - [TEST_STEP][PASSED] - delay: Delayed 1 second(s)

2018-12-12 15:15:25 - [MESSAGE][PASSED] - Delayed 1 second(s)

2018-12-12 15:15:25 - [TEST_STEP][PASSED] - Statement - Try: Delayed 2 second(s)

2018-12-12 15:15:25 - [TEST_STEP][PASSED] - Statement - Checker = false: null

2018-12-12 15:15:25 - [TEST_STEP][PASSED] - Statement - Checker = com.kms.katalon.core.webui.keyword.WebUiBuiltInKeywords.verifyElementHasAttribute(com.kms.katalon.core.testobject.ObjectRepository.findTestObject(Final Object Repo/Landing Page/BM Detecting), "href", 20, OPTIONAL): Object 'Object Repository/Final Object Repo/Landing Page/BM Detecting' has attribute 'href'

2018-12-12 15:15:26 - [MESSAGE][PASSED] - Object 'Object Repository/Final Object Repo/Landing Page/BM Detecting' has attribute 'href'

2018-12-12 15:15:26 - [TEST_STEP][PASSED] - Statement - out.println(Checker): null

2018-12-12 15:15:26 - [TEST_STEP][PASSED] - Statement - If (Checker == false): null

2018-12-12 15:15:26 - [TEST_STEP][PASSED] - Statement - Else: null

2018-12-12 15:15:26 - [TEST_STEP][PASSED] - delay: Delayed 2 second(s)

2018-12-12 15:15:28 - [MESSAGE][PASSED] - Delayed 2 second(s)

2018-12-12 15:15:28 - [TEST_STEP][PASSED] - navigateToUrl: Navigate to 'https://assist2-uat.perkeso.gov.my/web/registration/registration' successfully

2018-12-12 15:15:30 - [MESSAGE][PASSED] - Navigate to 'https://assist2-uat.perkeso.gov.my/web/registration/registration' successfully

2018-12-12 15:15:30 - [TEST_STEP][PASSED] - click: Object: 'Object Repository/Final Object Repo/New Registration - Registration Module Pages/Form 1/AEC - No' is clicked on

2018-12-12 15:15:30 - [MESSAGE][PASSED] - Object: 'Object Repository/Final Object Repo/New Registration - Registration Module Pages/Form 1/AEC - No' is clicked on

2018-12-12 15:15:30 - [TEST_STEP][PASSED] - click: Object: 'Object Repository/Final Object Repo/New Registration - Registration Module Pages/Form 1/Business Entity' is clicked on

2018-12-12 15:15:30 - [MESSAGE][PASSED] - Object: 'Object Repository/Final Object Repo/New Registration - Registration Module Pages/Form 1/Business Entity' is clicked on

2018-12-12 15:15:30 - [TEST_STEP][PASSED] - click: Object: 'Object Repository/Final Object Repo/New Registration - Registration Module Pages/Form 1/Businees Entity - Corporation' is clicked on

2018-12-12 15:15:30 - [MESSAGE][PASSED] - Object: 'Object Repository/Final Object Repo/New Registration - Registration Module Pages/Form 1/Businees Entity - Corporation' is clicked on

2018-12-12 15:15:30 - [TEST_STEP][PASSED] - delay: Delayed 1 second(s)

2018-12-12 15:15:31 - [MESSAGE][PASSED] - Delayed 1 second(s)

2018-12-12 15:15:31 - [TEST_STEP][PASSED] - click: Object: 'Object Repository/Final Object Repo/New Registration - Registration Module Pages/Form 1/Sub Business Entity' is clicked on

2018-12-12 15:15:31 - [MESSAGE][PASSED] - Object: 'Object Repository/Final Object Repo/New Registration - Registration Module Pages/Form 1/Sub Business Entity' is clicked on

2018-12-12 15:15:31 - [TEST_STEP][PASSED] - click: Object: 'Object Repository/Final Object Repo/New Registration - Registration Module Pages/Form 1/Sub Business Entity - LLP' is clicked on

2018-12-12 15:15:32 - [MESSAGE][PASSED] - Object: 'Object Repository/Final Object Repo/New Registration - Registration Module Pages/Form 1/Sub Business Entity - LLP' is clicked on

2018-12-12 15:15:32 - [TEST_STEP][PASSED] - delay: Delayed 1 second(s)

2018-12-12 15:15:33 - [MESSAGE][PASSED] - Delayed 1 second(s)

2018-12-12 15:15:33 - [TEST_STEP][PASSED] - setText: Text '123' is set on object 'Object Repository/Final Object Repo/New Registration - Registration Module Pages/Form 1/Registration Number'

2018-12-12 15:15:33 - [MESSAGE][PASSED] - Text '123' is set on object 'Object Repository/Final Object Repo/New Registration - Registration Module Pages/Form 1/Registration Number'

2018-12-12 15:15:33 - [TEST_STEP][PASSED] - click: Object: 'Object Repository/Final Object Repo/New Registration - Registration Module Pages/Form 1/Registred with SSM - Before Feb' is clicked on

2018-12-12 15:15:33 - [MESSAGE][PASSED] - Object: 'Object Repository/Final Object Repo/New Registration - Registration Module Pages/Form 1/Registred with SSM - Before Feb' is clicked on

2018-12-12 15:15:33 - [TEST_STEP][PASSED] - click: Object: 'Object Repository/Final Object Repo/New Registration - Registration Module Pages/Form 1/Registered As a Branch - Yes' is clicked on

2018-12-12 15:15:33 - [MESSAGE][PASSED] - Object: 'Object Repository/Final Object Repo/New Registration - Registration Module Pages/Form 1/Registered As a Branch - Yes' is clicked on

2018-12-12 15:15:33 - [TEST_STEP][PASSED] - click: Object: 'Object Repository/Final Object Repo/New Registration - Registration Module Pages/Form 1/Acknowledgement' is clicked on

2018-12-12 15:15:34 - [MESSAGE][PASSED] - Object: 'Object Repository/Final Object Repo/New Registration - Registration Module Pages/Form 1/Acknowledgement' is clicked on

2018-12-12 15:15:34 - [TEST_STEP][PASSED] - setText: Text 'perkeso' is set on object 'Object Repository/Final Object Repo/New Registration - Registration Module Pages/Form 1/Industry name'

2018-12-12 15:15:34 - [MESSAGE][PASSED] - Text 'perkeso' is set on object 'Object Repository/Final Object Repo/New Registration - Registration Module Pages/Form 1/Industry name'

2018-12-12 15:15:34 - [TEST_STEP][PASSED] - setText: Text 'perkeso1' is set on object 'Object Repository/Final Object Repo/New Registration - Registration Module Pages/Form 1/Postal Address1'

2018-12-12 15:15:34 - [MESSAGE][PASSED] - Text 'perkeso1' is set on object 'Object Repository/Final Object Repo/New Registration - Registration Module Pages/Form 1/Postal Address1'

2018-12-12 15:15:34 - [TEST_STEP][PASSED] - setText: Text 'perkeso2' is set on object 'Object Repository/Final Object Repo/New Registration - Registration Module Pages/Form 1/Postal Address2'

2018-12-12 15:15:35 - [MESSAGE][PASSED] - Text 'perkeso2' is set on object 'Object Repository/Final Object Repo/New Registration - Registration Module Pages/Form 1/Postal Address2'

2018-12-12 15:15:35 - [TEST_STEP][PASSED] - setText: Text 'perkeso3' is set on object 'Object Repository/Final Object Repo/New Registration - Registration Module Pages/Form 1/Postal Address3'

2018-12-12 15:15:35 - [MESSAGE][PASSED] - Text 'perkeso3' is set on object 'Object Repository/Final Object Repo/New Registration - Registration Module Pages/Form 1/Postal Address3'

2018-12-12 15:15:35 - [TEST_STEP][PASSED] - click: Object: 'Object Repository/Final Object Repo/New Registration - Registration Module Pages/Form 1/State' is clicked on

2018-12-12 15:15:35 - [MESSAGE][PASSED] - Object: 'Object Repository/Final Object Repo/New Registration - Registration Module Pages/Form 1/State' is clicked on

2018-12-12 15:15:35 - [TEST_STEP][PASSED] - click: Object: 'Object Repository/Final Object Repo/New Registration - Registration Module Pages/Form 1/State - Johor' is clicked on

2018-12-12 15:15:35 - [MESSAGE][PASSED] - Object: 'Object Repository/Final Object Repo/New Registration - Registration Module Pages/Form 1/State - Johor' is clicked on

2018-12-12 15:15:35 - [TEST_STEP][PASSED] - delay: Delayed 1 second(s)

2018-12-12 15:15:36 - [MESSAGE][PASSED] - Delayed 1 second(s)

2018-12-12 15:15:36 - [TEST_STEP][PASSED] - click: Object: 'Object Repository/Final Object Repo/New Registration - Registration Module Pages/Form 1/City' is clicked on

2018-12-12 15:15:37 - [MESSAGE][PASSED] - Object: 'Object Repository/Final Object Repo/New Registration - Registration Module Pages/Form 1/City' is clicked on

2018-12-12 15:15:37 - [TEST_STEP][PASSED] - setText: Text 'joh' is set on object 'Object Repository/Final Object Repo/New Registration - Registration Module Pages/Form 1/Postcode - 810'

2018-12-12 15:15:37 - [MESSAGE][PASSED] - Text 'joh' is set on object 'Object Repository/Final Object Repo/New Registration - Registration Module Pages/Form 1/Postcode - 810'

2018-12-12 15:15:37 - [TEST_STEP][PASSED] - delay: Delayed 1 second(s)

2018-12-12 15:15:38 - [MESSAGE][PASSED] - Delayed 1 second(s)

2018-12-12 15:15:38 - [TEST_STEP][PASSED] - click: Object: 'Object Repository/Final Object Repo/New Registration - Registration Module Pages/Form 1/City - Johor Bharu' is clicked on

2018-12-12 15:15:38 - [MESSAGE][PASSED] - Object: 'Object Repository/Final Object Repo/New Registration - Registration Module Pages/Form 1/City - Johor Bharu' is clicked on

2018-12-12 15:15:38 - [TEST_STEP][PASSED] - delay: Delayed 1 second(s)

2018-12-12 15:15:39 - [MESSAGE][PASSED] - Delayed 1 second(s)

2018-12-12 15:15:39 - [TEST_STEP][PASSED] - click: Object: 'Object Repository/Final Object Repo/New Registration - Registration Module Pages/Form 1/Postcode' is clicked on

2018-12-12 15:15:39 - [MESSAGE][PASSED] - Object: 'Object Repository/Final Object Repo/New Registration - Registration Module Pages/Form 1/Postcode' is clicked on

2018-12-12 15:15:39 - [TEST_STEP][PASSED] - delay: Delayed 1 second(s)

2018-12-12 15:15:40 - [MESSAGE][PASSED] - Delayed 1 second(s)

2018-12-12 15:15:40 - [TEST_STEP][PASSED] - setText: Text '810' is set on object 'Object Repository/Final Object Repo/New Registration - Registration Module Pages/Form 1/Postcode - 810'

2018-12-12 15:15:40 - [MESSAGE][PASSED] - Text '810' is set on object 'Object Repository/Final Object Repo/New Registration - Registration Module Pages/Form 1/Postcode - 810'

2018-12-12 15:15:40 - [TEST_STEP][PASSED] - delay: Delayed 1 second(s)

2018-12-12 15:15:42 - [MESSAGE][PASSED] - Delayed 1 second(s)

2018-12-12 15:15:42 - [TEST_STEP][PASSED] - click: Object: 'Object Repository/Final Object Repo/New Registration - Registration Module Pages/Form 1/Postcode - 81000' is clicked on

2018-12-12 15:15:42 - [MESSAGE][PASSED] - Object: 'Object Repository/Final Object Repo/New Registration - Registration Module Pages/Form 1/Postcode - 81000' is clicked on

2018-12-12 15:15:42 - [TEST_STEP][PASSED] - delay: Delayed 1 second(s)

2018-12-12 15:15:43 - [MESSAGE][PASSED] - Delayed 1 second(s)

2018-12-12 15:15:43 - [TEST_STEP][PASSED] - setText: Text '100' is set on object 'Object Repository/Final Object Repo/New Registration - Registration Module Pages/Form 1/P.O.BOX'

2018-12-12 15:15:43 - [MESSAGE][PASSED] - Text '100' is set on object 'Object Repository/Final Object Repo/New Registration - Registration Module Pages/Form 1/P.O.BOX'

2018-12-12 15:15:43 - [TEST_STEP][PASSED] - setText: Text '100' is set on object 'Object Repository/Final Object Repo/New Registration - Registration Module Pages/Form 1/Locked Bag No'

2018-12-12 15:15:43 - [MESSAGE][PASSED] - Text '100' is set on object 'Object Repository/Final Object Repo/New Registration - Registration Module Pages/Form 1/Locked Bag No'

2018-12-12 15:15:43 - [TEST_STEP][PASSED] - click: Object: 'Object Repository/Final Object Repo/New Registration - Registration Module Pages/Form 1/SOCSO Office Location' is clicked on

2018-12-12 15:15:43 - [MESSAGE][PASSED] - Object: 'Object Repository/Final Object Repo/New Registration - Registration Module Pages/Form 1/SOCSO Office Location' is clicked on

2018-12-12 15:15:43 - [TEST_STEP][PASSED] - click: Object: 'Object Repository/Final Object Repo/New Registration - Registration Module Pages/Form 1/SOCSO Office Location - Pejabat PERKESO Negeri Johor' is clicked on

2018-12-12 15:15:44 - [MESSAGE][PASSED] - Object: 'Object Repository/Final Object Repo/New Registration - Registration Module Pages/Form 1/SOCSO Office Location - Pejabat PERKESO Negeri Johor' is clicked on

2018-12-12 15:15:44 - [TEST_STEP][PASSED] - delay: Delayed 1 second(s)

2018-12-12 15:15:45 - [MESSAGE][PASSED] - Delayed 1 second(s)

2018-12-12 15:15:45 - [TEST_STEP][PASSED] - check: Object 'Object Repository/Final Object Repo/New Registration - Registration Module Pages/Form 1/Indusrty Address Same As Postal Address' is checked

2018-12-12 15:15:45 - [MESSAGE][PASSED] - Object 'Object Repository/Final Object Repo/New Registration - Registration Module Pages/Form 1/Indusrty Address Same As Postal Address' is checked

2018-12-12 15:15:45 - [TEST_STEP][PASSED] - delay: Delayed 3 second(s)

2018-12-12 15:15:48 - [MESSAGE][PASSED] - Delayed 3 second(s)

2018-12-12 15:15:48 - [TEST_STEP][PASSED] - click: Object: 'Object Repository/Final Object Repo/New Registration - Registration Module Pages/Form 1/Indusry Address Same As Postal Address False' is clicked on

2018-12-12 15:15:48 - [MESSAGE][PASSED] - Object: 'Object Repository/Final Object Repo/New Registration - Registration Module Pages/Form 1/Indusry Address Same As Postal Address False' is clicked on

2018-12-12 15:15:48 - [TEST_STEP][PASSED] - delay: Delayed 1 second(s)

2018-12-12 15:15:49 - [MESSAGE][PASSED] - Delayed 1 second(s)

2018-12-12 15:15:49 - [TEST_STEP][PASSED] - setText: Text 'perkeso1' is set on object 'Object Repository/Final Object Repo/New Registration - Registration Module Pages/Form 1/Industry Address1'

2018-12-12 15:15:50 - [MESSAGE][PASSED] - Text 'perkeso1' is set on object 'Object Repository/Final Object Repo/New Registration - Registration Module Pages/Form 1/Industry Address1'

2018-12-12 15:15:50 - [TEST_STEP][PASSED] - setText: Text 'perkeso2' is set on object 'Object Repository/Final Object Repo/New Registration - Registration Module Pages/Form 1/Industry Address2'

2018-12-12 15:15:50 - [MESSAGE][PASSED] - Text 'perkeso2' is set on object 'Object Repository/Final Object Repo/New Registration - Registration Module Pages/Form 1/Industry Address2'

2018-12-12 15:15:50 - [TEST_STEP][PASSED] - setText: Text 'perkeso3' is set on object 'Object Repository/Final Object Repo/New Registration - Registration Module Pages/Form 1/Industry Address3'

2018-12-12 15:15:50 - [MESSAGE][PASSED] - Text 'perkeso3' is set on object 'Object Repository/Final Object Repo/New Registration - Registration Module Pages/Form 1/Industry Address3'

2018-12-12 15:15:50 - [TEST_STEP][PASSED] - click: Object: 'Object Repository/Final Object Repo/New Registration - Registration Module Pages/Form 1/Industry State' is clicked on

2018-12-12 15:15:50 - [MESSAGE][PASSED] - Object: 'Object Repository/Final Object Repo/New Registration - Registration Module Pages/Form 1/Industry State' is clicked on

2018-12-12 15:15:50 - [TEST_STEP][PASSED] - delay: Delayed 2 second(s)

2018-12-12 15:15:52 - [MESSAGE][PASSED] - Delayed 2 second(s)

2018-12-12 15:15:52 - [TEST_STEP][PASSED] - click: Object: 'Object Repository/Final Object Repo/New Registration - Registration Module Pages/Form 1/Industry State - Johor' is clicked on

2018-12-12 15:15:53 - [MESSAGE][PASSED] - Object: 'Object Repository/Final Object Repo/New Registration - Registration Module Pages/Form 1/Industry State - Johor' is clicked on

2018-12-12 15:15:53 - [TEST_STEP][PASSED] - delay: Delayed 2 second(s)

2018-12-12 15:15:55 - [MESSAGE][PASSED] - Delayed 2 second(s)

2018-12-12 15:15:55 - [TEST_STEP][PASSED] - click: Object: 'Object Repository/Final Object Repo/New Registration - Registration Module Pages/Form 1/Industry Ciry' is clicked on

2018-12-12 15:15:55 - [MESSAGE][PASSED] - Object: 'Object Repository/Final Object Repo/New Registration - Registration Module Pages/Form 1/Industry Ciry' is clicked on

2018-12-12 15:15:55 - [TEST_STEP][PASSED] - setText: Text 'joh' is set on object 'Object Repository/Final Object Repo/New Registration - Registration Module Pages/Form 1/Industry Ciry - joh'

2018-12-12 15:15:55 - [MESSAGE][PASSED] - Text 'joh' is set on object 'Object Repository/Final Object Repo/New Registration - Registration Module Pages/Form 1/Industry Ciry - joh'

2018-12-12 15:15:55 - [TEST_STEP][PASSED] - delay: Delayed 2 second(s)

2018-12-12 15:15:57 - [MESSAGE][PASSED] - Delayed 2 second(s)

2018-12-12 15:15:57 - [TEST_STEP][PASSED] - click: Object: 'Object Repository/Final Object Repo/New Registration - Registration Module Pages/Form 1/Industy State - Johor Bharu' is clicked on

2018-12-12 15:15:57 - [MESSAGE][PASSED] - Object: 'Object Repository/Final Object Repo/New Registration - Registration Module Pages/Form 1/Industy State - Johor Bharu' is clicked on

2018-12-12 15:15:57 - [TEST_STEP][PASSED] - delay: Delayed 1 second(s)

2018-12-12 15:15:58 - [MESSAGE][PASSED] - Delayed 1 second(s)

2018-12-12 15:15:58 - [TEST_STEP][PASSED] - click: Object: 'Object Repository/Final Object Repo/New Registration - Registration Module Pages/Form 1/Indusry PostCode' is clicked on

2018-12-12 15:15:59 - [MESSAGE][PASSED] - Object: 'Object Repository/Final Object Repo/New Registration - Registration Module Pages/Form 1/Indusry PostCode' is clicked on

2018-12-12 15:15:59 - [TEST_STEP][PASSED] - delay: Delayed 1 second(s)

2018-12-12 15:16:00 - [MESSAGE][PASSED] - Delayed 1 second(s)

2018-12-12 15:16:00 - [TEST_STEP][PASSED] - setText: Text '810' is set on object 'Object Repository/Final Object Repo/New Registration - Registration Module Pages/Form 1/Insutry Post Code - 810'

2018-12-12 15:16:00 - [MESSAGE][PASSED] - Text '810' is set on object 'Object Repository/Final Object Repo/New Registration - Registration Module Pages/Form 1/Insutry Post Code - 810'

2018-12-12 15:16:00 - [TEST_STEP][PASSED] - delay: Delayed 1 second(s)

2018-12-12 15:16:01 - [MESSAGE][PASSED] - Delayed 1 second(s)

2018-12-12 15:16:01 - [TEST_STEP][PASSED] - click: Object: 'Object Repository/Final Object Repo/New Registration - Registration Module Pages/Form 1/Insutry Post Code - 81000' is clicked on

2018-12-12 15:16:01 - [MESSAGE][PASSED] - Object: 'Object Repository/Final Object Repo/New Registration - Registration Module Pages/Form 1/Insutry Post Code - 81000' is clicked on

2018-12-12 15:16:01 - [TEST_STEP][PASSED] - delay: Delayed 1 second(s)

2018-12-12 15:16:02 - [MESSAGE][PASSED] - Delayed 1 second(s)

2018-12-12 15:16:02 - [TEST_STEP][PASSED] - setText: Text '100' is set on object 'Object Repository/Final Object Repo/New Registration - Registration Module Pages/Form 1/Industry P.O.BOX'

2018-12-12 15:16:02 - [MESSAGE][PASSED] - Text '100' is set on object 'Object Repository/Final Object Repo/New Registration - Registration Module Pages/Form 1/Industry P.O.BOX'

2018-12-12 15:16:02 - [TEST_STEP][PASSED] - setText: Text '100' is set on object 'Object Repository/Final Object Repo/New Registration - Registration Module Pages/Form 1/Industry Locked Bag No'

2018-12-12 15:16:03 - [MESSAGE][PASSED] - Text '100' is set on object 'Object Repository/Final Object Repo/New Registration - Registration Module Pages/Form 1/Industry Locked Bag No'

2018-12-12 15:16:03 - [TEST_STEP][PASSED] - setText: Text '123456789' is set on object 'Object Repository/Final Object Repo/New Registration - Registration Module Pages/Form 1/Telephone No'

2018-12-12 15:16:03 - [MESSAGE][PASSED] - Text '123456789' is set on object 'Object Repository/Final Object Repo/New Registration - Registration Module Pages/Form 1/Telephone No'

2018-12-12 15:16:03 - [TEST_STEP][PASSED] - setText: Text '123456789' is set on object 'Object Repository/Final Object Repo/New Registration - Registration Module Pages/Form 1/Mobile No'

2018-12-12 15:16:03 - [MESSAGE][PASSED] - Text '123456789' is set on object 'Object Repository/Final Object Repo/New Registration - Registration Module Pages/Form 1/Mobile No'

2018-12-12 15:16:03 - [TEST_STEP][PASSED] - setText: Text '123456789' is set on object 'Object Repository/Final Object Repo/New Registration - Registration Module Pages/Form 1/Fax No'

2018-12-12 15:16:04 - [MESSAGE][PASSED] - Text '123456789' is set on object 'Object Repository/Final Object Repo/New Registration - Registration Module Pages/Form 1/Fax No'

2018-12-12 15:16:04 - [TEST_STEP][PASSED] - click: Object: 'Object Repository/Final Object Repo/New Registration - Registration Module Pages/Form 1/Industry Code' is clicked on

2018-12-12 15:16:04 - [MESSAGE][PASSED] - Object: 'Object Repository/Final Object Repo/New Registration - Registration Module Pages/Form 1/Industry Code' is clicked on

2018-12-12 15:16:04 - [TEST_STEP][PASSED] - click: Object: 'Object Repository/Final Object Repo/New Registration - Registration Module Pages/Form 1/Indudustry Code - Crops and Animal' is clicked on

2018-12-12 15:16:04 - [MESSAGE][PASSED] - Object: 'Object Repository/Final Object Repo/New Registration - Registration Module Pages/Form 1/Indudustry Code - Crops and Animal' is clicked on

2018-12-12 15:16:04 - [TEST_STEP][PASSED] - delay: Delayed 1 second(s)

2018-12-12 15:16:05 - [MESSAGE][PASSED] - Delayed 1 second(s)

2018-12-12 15:16:05 - [TEST_STEP][PASSED] - click: Object: 'Object Repository/Final Object Repo/New Registration - Registration Module Pages/Form 1/Sub Industry Code List' is clicked on

2018-12-12 15:16:06 - [MESSAGE][PASSED] - Object: 'Object Repository/Final Object Repo/New Registration - Registration Module Pages/Form 1/Sub Industry Code List' is clicked on

2018-12-12 15:16:06 - [TEST_STEP][PASSED] - click: Object: 'Object Repository/Final Object Repo/New Registration - Registration Module Pages/Form 1/Sub Industry Code List - Growing of Maize' is clicked on

2018-12-12 15:16:06 - [MESSAGE][PASSED] - Object: 'Object Repository/Final Object Repo/New Registration - Registration Module Pages/Form 1/Sub Industry Code List - Growing of Maize' is clicked on

2018-12-12 15:16:06 - [TEST_STEP][PASSED] - setText: Text 'perkeso123@gmail.com' is set on object 'Object Repository/Final Object Repo/New Registration - Registration Module Pages/Form 1/Email'

2018-12-12 15:16:06 - [MESSAGE][PASSED] - Text 'perkeso123@gmail.com' is set on object 'Object Repository/Final Object Repo/New Registration - Registration Module Pages/Form 1/Email'

2018-12-12 15:16:06 - [TEST_STEP][PASSED] - click: Object: 'Object Repository/Final Object Repo/New Registration - Registration Module Pages/Form 1/Method of Contribution Payment' is clicked on

2018-12-12 15:16:07 - [MESSAGE][PASSED] - Object: 'Object Repository/Final Object Repo/New Registration - Registration Module Pages/Form 1/Method of Contribution Payment' is clicked on

2018-12-12 15:16:07 - [TEST_STEP][PASSED] - click: Object: 'Object Repository/Final Object Repo/New Registration - Registration Module Pages/Form 1/Method of Contribution Payment - Portal' is clicked on

2018-12-12 15:16:07 - [MESSAGE][PASSED] - Object: 'Object Repository/Final Object Repo/New Registration - Registration Module Pages/Form 1/Method of Contribution Payment - Portal' is clicked on

2018-12-12 15:16:07 - [TEST_STEP][PASSED] - click: Object: 'Object Repository/Final Object Repo/New Registration - Registration Module Pages/Form 1/Servide Type' is clicked on

2018-12-12 15:16:07 - [MESSAGE][PASSED] - Object: 'Object Repository/Final Object Repo/New Registration - Registration Module Pages/Form 1/Servide Type' is clicked on

2018-12-12 15:16:07 - [TEST_STEP][PASSED] - click: Object: 'Object Repository/Final Object Repo/New Registration - Registration Module Pages/Form 1/Servide Type - Professional Bodies' is clicked on

2018-12-12 15:16:07 - [MESSAGE][PASSED] - Object: 'Object Repository/Final Object Repo/New Registration - Registration Module Pages/Form 1/Servide Type - Professional Bodies' is clicked on

2018-12-12 15:16:07 - [TEST_STEP][PASSED] - click: Object: 'Object Repository/Final Object Repo/New Registration - Registration Module Pages/Form 1/Industry Venue' is clicked on

2018-12-12 15:16:08 - [MESSAGE][PASSED] - Object: 'Object Repository/Final Object Repo/New Registration - Registration Module Pages/Form 1/Industry Venue' is clicked on

2018-12-12 15:16:08 - [TEST_STEP][PASSED] - click: Object: 'Object Repository/Final Object Repo/New Registration - Registration Module Pages/Form 1/Industry Venue -  PPN JOHOR' is clicked on

2018-12-12 15:16:08 - [MESSAGE][PASSED] - Object: 'Object Repository/Final Object Repo/New Registration - Registration Module Pages/Form 1/Industry Venue -  PPN JOHOR' is clicked on

2018-12-12 15:16:08 - [TEST_STEP][PASSED] - click: Object: 'Object Repository/Final Object Repo/New Registration - Registration Module Pages/Form 1/Save  Continue' is clicked on

2018-12-12 15:16:08 - [MESSAGE][PASSED] - Object: 'Object Repository/Final Object Repo/New Registration - Registration Module Pages/Form 1/Save  Continue' is clicked on

2018-12-12 15:16:08 - [MESSAGE][PASSED] - Call Test Case 'Test Cases/Final Aug 2018 - PKS Automation/Registration Module/New Registration/Form 1/Form 1 - Corporation - Limited Liability' successfully

2018-12-12 15:16:08 - [TEST_STEP][PASSED] - callTestCase: Call Test Case 'Test Cases/Final Aug 2018 - PKS Automation/Registration Module/New Registration/Form 2/Add 2 Eligible 2 Not Eligible' successfully

2018-12-12 15:16:08 - [TEST_CASE][PASSED] - Test Cases/Final Aug 2018 - PKS Automation/Registration Module/New Registration/Form 2/Add 2 Eligible 2 Not Eligible: Test Cases/Final Aug 2018 - PKS Automation/Registration Module/New Registration/Form 2/Add 2 Eligible 2 Not Eligible

2018-12-12 15:16:08 - [TEST_STEP][PASSED] - delay: Delayed 2 second(s)

2018-12-12 15:16:10 - [MESSAGE][PASSED] - Delayed 2 second(s)

2018-12-12 15:16:10 - [TEST_STEP][PASSED] - callTestCase: Call Test Case 'Test Cases/Final Aug 2018 - PKS Automation/Registration Module/New Registration/Form 2/Date Updater' successfully

2018-12-12 15:16:10 - [TEST_CASE][PASSED] - Test Cases/Final Aug 2018 - PKS Automation/Registration Module/New Registration/Form 2/Date Updater: Test Cases/Final Aug 2018 - PKS Automation/Registration Module/New Registration/Form 2/Date Updater

2018-12-12 15:16:10 - [TEST_STEP][PASSED] - Statement - TodayDate = new java.util.Date(): null

2018-12-12 15:16:10 - [TEST_STEP][PASSED] - Statement - CurrentDateNoFilter = new java.text.SimpleDateFormat(): null

2018-12-12 15:16:10 - [TEST_STEP][PASSED] - Statement - CurrentDateNoFilter.applyPattern("MM"): null

2018-12-12 15:16:10 - [TEST_STEP][PASSED] - Statement - monthContainerMatcher = java.lang.Integer.parseInt(CurrentDateNoFilter.format(TodayDate)): null

2018-12-12 15:16:10 - [TEST_STEP][PASSED] - Statement - monthContainerMatcher = monthContainerMatcher - 1: null

2018-12-12 15:16:10 - [TEST_STEP][PASSED] - Statement - CurrentMonth = monthContainerMatcher.toString(): null

2018-12-12 15:16:10 - [TEST_STEP][PASSED] - Statement - CurrentMonth = CurrentMonth: null

2018-12-12 15:16:10 - [TEST_STEP][PASSED] - Statement - CurrentDateNoFilter.applyPattern("yyyy"): null

2018-12-12 15:16:10 - [TEST_STEP][PASSED] - Statement - CurrentYear = CurrentDateNoFilter.format(TodayDate): null

2018-12-12 15:16:10 - [TEST_STEP][PASSED] - Statement - CurrentYear = CurrentYear: null

2018-12-12 15:16:10 - [TEST_STEP][PASSED] - Statement - intCurrentYear = java.lang.Integer.parseInt(CurrentDateNoFilter.format(TodayDate)): null

2018-12-12 15:16:10 - [TEST_STEP][PASSED] - Statement - eighteenYrsAgo = intCurrentYear - 18: null

2018-12-12 15:16:10 - [TEST_STEP][PASSED] - Statement - eighteenYrsBeforeThisYr = eighteenYrsAgo.toString(): null

2018-12-12 15:16:10 - [TEST_STEP][PASSED] - Statement - EighteenYrsBefore = eighteenYrsBeforeThisYr: null

2018-12-12 15:16:10 - [TEST_STEP][PASSED] - Statement - fiftysevenYrsAgo = intCurrentYear - 57: null

2018-12-12 15:16:10 - [TEST_STEP][PASSED] - Statement - fiftysevenYrsBeforeThisYr = fiftysevenYrsAgo.toString(): null

2018-12-12 15:16:10 - [TEST_STEP][PASSED] - Statement - FiftysevenYrsBefore = fiftysevenYrsBeforeThisYr: null

2018-12-12 15:16:10 - [TEST_STEP][PASSED] - Statement - leapYear = false: null

2018-12-12 15:16:10 - [TEST_STEP][PASSED] - Statement - leapYear = intCurrentYear % 4 == 0: null

2018-12-12 15:16:10 - [TEST_STEP][PASSED] - Statement - CurrentDateNoFilter.applyPattern("dd"): null

2018-12-12 15:16:10 - [TEST_STEP][PASSED] - Statement - CurrentDate = CurrentDateNoFilter.format(TodayDate): null

2018-12-12 15:16:10 - [TEST_STEP][PASSED] - Statement - CurrentDate = java.lang.Integer.parseInt(CurrentDate): null

2018-12-12 15:16:10 - [TEST_STEP][PASSED] - Statement - CurrentDate = CurrentDate: null

2018-12-12 15:16:10 - [TEST_STEP][PASSED] - Statement - CurrentDay = java.lang.Integer.parseInt(CurrentDate): null

2018-12-12 15:16:10 - [TEST_STEP][PASSED] - Statement - ConfAdder = <not implemented yet for class: org.codehaus.groovy.ast.expr.EmptyExpression>: null

2018-12-12 15:16:10 - [TEST_STEP][PASSED] - Statement - out.println(CurrentMonth): null

2018-12-12 15:16:10 - [TEST_STEP][PASSED] - Statement - out.println(CurrentDate): null

2018-12-12 15:16:10 - [TEST_STEP][PASSED] - Statement - switch (CurrentDate): null

2018-12-12 15:16:10 - [TEST_STEP][PASSED] - Statement - Default: null

2018-12-12 15:16:10 - [TEST_STEP][PASSED] - Statement - ConfAdder = true: null

2018-12-12 15:16:10 - [TEST_STEP][PASSED] - Statement - Break: null

2018-12-12 15:16:10 - [TEST_STEP][PASSED] - Statement - aDayBefore = <not implemented yet for class: org.codehaus.groovy.ast.expr.EmptyExpression>: null

2018-12-12 15:16:10 - [TEST_STEP][PASSED] - Statement - out.println(ConfAdder): null

2018-12-12 15:16:10 - [TEST_STEP][PASSED] - Statement - If (ConfAdder == true): null

2018-12-12 15:16:10 - [TEST_STEP][PASSED] - Statement - aDayBefore = CurrentDay + 1: null

2018-12-12 15:16:10 - [TEST_STEP][PASSED] - Statement - out.println(aDayBefore): null

2018-12-12 15:16:10 - [TEST_STEP][PASSED] - Statement - If (aDayBefore == 1 && CurrentMonth == 11): null

2018-12-12 15:16:10 - [TEST_STEP][PASSED] - Statement - DayBefore = aDayBefore.toString(): null

2018-12-12 15:16:10 - [TEST_STEP][PASSED] - Statement - OneDayBefore = DayBefore: null

2018-12-12 15:16:10 - [MESSAGE][PASSED] - Call Test Case 'Test Cases/Final Aug 2018 - PKS Automation/Registration Module/New Registration/Form 2/Date Updater' successfully

2018-12-12 15:16:10 - [TEST_STEP][PASSED] - delay: Delayed 1 second(s)

2018-12-12 15:16:11 - [MESSAGE][PASSED] - Delayed 1 second(s)

2018-12-12 15:16:11 - [TEST_STEP][PASSED] - Statement - CaseReferenceNo = com.kms.katalon.core.webui.keyword.WebUiBuiltInKeywords.getText(com.kms.katalon.core.testobject.ObjectRepository.findTestObject(Final Object Repo/New Registration - Registration Module Pages/Form 2/RefNo Acquiring)): Text of object 'Object Repository/Final Object Repo/New Registration - Registration Module Pages/Form 2/RefNo Acquiring' is: 'CRN12201800123204'

2018-12-12 15:16:11 - [MESSAGE][PASSED] - Text of object 'Object Repository/Final Object Repo/New Registration - Registration Module Pages/Form 2/RefNo Acquiring' is: 'CRN12201800123204'

2018-12-12 15:16:11 - [TEST_STEP][PASSED] - delay: Delayed 1 second(s)

2018-12-12 15:16:12 - [MESSAGE][PASSED] - Delayed 1 second(s)

2018-12-12 15:16:12 - [TEST_STEP][PASSED] - click: Object: 'Object Repository/Final Object Repo/New Registration - Registration Module Pages/Form 2/Add Employee Button' is clicked on

2018-12-12 15:16:13 - [MESSAGE][PASSED] - Object: 'Object Repository/Final Object Repo/New Registration - Registration Module Pages/Form 2/Add Employee Button' is clicked on

2018-12-12 15:16:13 - [TEST_STEP][PASSED] - delay: Delayed 4 second(s)

2018-12-12 15:16:17 - [MESSAGE][PASSED] - Delayed 4 second(s)

2018-12-12 15:16:17 - [TEST_STEP][PASSED] - setText: Text '010903091927' is set on object 'Object Repository/Final Object Repo/New Registration - Registration Module Pages/Form 2/NRIC Input'

2018-12-12 15:16:17 - [MESSAGE][PASSED] - Text '010903091927' is set on object 'Object Repository/Final Object Repo/New Registration - Registration Module Pages/Form 2/NRIC Input'

2018-12-12 15:16:17 - [TEST_STEP][PASSED] - click: Object: 'Object Repository/Final Object Repo/New Registration - Registration Module Pages/Form 2/button for search for IC' is clicked on

2018-12-12 15:16:17 - [MESSAGE][PASSED] - Object: 'Object Repository/Final Object Repo/New Registration - Registration Module Pages/Form 2/button for search for IC' is clicked on

2018-12-12 15:16:17 - [TEST_STEP][PASSED] - delay: Delayed 2 second(s)

2018-12-12 15:16:19 - [MESSAGE][PASSED] - Delayed 2 second(s)

2018-12-12 15:16:19 - [TEST_STEP][PASSED] - setText: Text 'Automate001 eligible 1' is set on object 'Object Repository/Final Object Repo/New Registration - Registration Module Pages/Form 2/Employee Name Input'

2018-12-12 15:16:20 - [MESSAGE][PASSED] - Text 'Automate001 eligible 1' is set on object 'Object Repository/Final Object Repo/New Registration - Registration Module Pages/Form 2/Employee Name Input'

2018-12-12 15:16:20 - [TEST_STEP][PASSED] - delay: Delayed 2 second(s)

2018-12-12 15:16:22 - [MESSAGE][PASSED] - Delayed 2 second(s)

2018-12-12 15:16:22 - [TEST_STEP][PASSED] - click: Object: 'Object Repository/Final Object Repo/New Registration - Registration Module Pages/Form 2/DatePicker Pop Up' is clicked on

2018-12-12 15:16:22 - [MESSAGE][PASSED] - Object: 'Object Repository/Final Object Repo/New Registration - Registration Module Pages/Form 2/DatePicker Pop Up' is clicked on

2018-12-12 15:16:22 - [TEST_STEP][PASSED] - click: Object: 'Object Repository/Final Object Repo/New Registration - Registration Module Pages/Form 2/DOB Month' is clicked on

2018-12-12 15:16:22 - [MESSAGE][PASSED] - Object: 'Object Repository/Final Object Repo/New Registration - Registration Module Pages/Form 2/DOB Month' is clicked on

2018-12-12 15:16:22 - [TEST_STEP][PASSED] - Statement - CurrentMonth = CurrentMonth: null

2018-12-12 15:16:22 - [TEST_STEP][PASSED] - Statement - selectMonth = new com.kms.katalon.core.testobject.TestObject(): null

2018-12-12 15:16:22 - [TEST_STEP][PASSED] - Statement - selectMonth.addProperty("xpath", EQUALS, "//body/div/div/div/select/option[@value='" + CurrentMonth + "']", true): null

2018-12-12 15:16:22 - [TEST_STEP][PASSED] - click: Object: '' is clicked on

2018-12-12 15:16:22 - [MESSAGE][PASSED] - Object: '' is clicked on

2018-12-12 15:16:22 - [TEST_STEP][PASSED] - click: Object: 'Object Repository/Final Object Repo/New Registration - Registration Module Pages/Form 2/DOB Year' is clicked on

2018-12-12 15:16:22 - [MESSAGE][PASSED] - Object: 'Object Repository/Final Object Repo/New Registration - Registration Module Pages/Form 2/DOB Year' is clicked on

2018-12-12 15:16:22 - [TEST_STEP][PASSED] - Statement - Eyearsbf = EighteenYrsBefore: null

2018-12-12 15:16:22 - [TEST_STEP][PASSED] - Statement - selectYear = new com.kms.katalon.core.testobject.TestObject(): null

2018-12-12 15:16:22 - [TEST_STEP][PASSED] - Statement - selectYear.addProperty("xpath", EQUALS, "//div/div/div/select/option[@value='" + Eyearsbf + "']", true): null

2018-12-12 15:16:22 - [TEST_STEP][PASSED] - click: Object: '' is clicked on

2018-12-12 15:16:23 - [MESSAGE][PASSED] - Object: '' is clicked on

2018-12-12 15:16:23 - [TEST_STEP][PASSED] - Statement - UpdatedSelectDate = com.kms.katalon.core.webui.keyword.WebUiBuiltInKeywords.modifyObjectProperty(com.kms.katalon.core.testobject.ObjectRepository.findTestObject(Final Object Repo/New Registration - Registration Module Pages/Form 2/DOB Date), "xpath", "equals", "//body/div/table/tbody/tr/td/a[text()="" + CurrentDate + ""]", true): Modify property of object successfully

2018-12-12 15:16:23 - [MESSAGE][PASSED] - Modify property of object successfully

2018-12-12 15:16:23 - [TEST_STEP][PASSED] - delay: Delayed 3 second(s)

2018-12-12 15:16:26 - [MESSAGE][PASSED] - Delayed 3 second(s)

2018-12-12 15:16:26 - [TEST_STEP][PASSED] - click: Object: 'Object Repository/Final Object Repo/New Registration - Registration Module Pages/Form 2/DOB Date' is clicked on

2018-12-12 15:16:26 - [MESSAGE][PASSED] - Object: 'Object Repository/Final Object Repo/New Registration - Registration Module Pages/Form 2/DOB Date' is clicked on

2018-12-12 15:16:26 - [TEST_STEP][PASSED] - delay: Delayed 2 second(s)

2018-12-12 15:16:28 - [MESSAGE][PASSED] - Delayed 2 second(s)

2018-12-12 15:16:28 - [TEST_STEP][PASSED] - click: Object: 'Object Repository/Final Object Repo/New Registration - Registration Module Pages/Form 2/EmploymentStartDate Pop Up' is clicked on

2018-12-12 15:16:28 - [MESSAGE][PASSED] - Object: 'Object Repository/Final Object Repo/New Registration - Registration Module Pages/Form 2/EmploymentStartDate Pop Up' is clicked on

2018-12-12 15:16:28 - [TEST_STEP][PASSED] - delay: Delayed 2 second(s)

2018-12-12 15:16:30 - [MESSAGE][PASSED] - Delayed 2 second(s)

2018-12-12 15:16:30 - [TEST_STEP][PASSED] - click: Object: 'Object Repository/Final Object Repo/New Registration - Registration Module Pages/Form 2/Socso Employment StartDate Month' is clicked on

2018-12-12 15:16:30 - [MESSAGE][PASSED] - Object: 'Object Repository/Final Object Repo/New Registration - Registration Module Pages/Form 2/Socso Employment StartDate Month' is clicked on

2018-12-12 15:16:30 - [TEST_STEP][PASSED] - delay: Delayed 1 second(s)

2018-12-12 15:16:31 - [MESSAGE][PASSED] - Delayed 1 second(s)

2018-12-12 15:16:31 - [TEST_STEP][PASSED] - click: Object: 'Object Repository/Final Object Repo/New Registration - Registration Module Pages/Form 2/Select Socso Employement Startdate Month' is clicked on

2018-12-12 15:16:31 - [MESSAGE][PASSED] - Object: 'Object Repository/Final Object Repo/New Registration - Registration Module Pages/Form 2/Select Socso Employement Startdate Month' is clicked on

2018-12-12 15:16:31 - [TEST_STEP][PASSED] - delay: Delayed 2 second(s)

2018-12-12 15:16:33 - [MESSAGE][PASSED] - Delayed 2 second(s)

2018-12-12 15:16:33 - [TEST_STEP][PASSED] - click: Object: 'Object Repository/Final Object Repo/New Registration - Registration Module Pages/Form 2/Socso Employment StartDate Year' is clicked on

2018-12-12 15:16:33 - [MESSAGE][PASSED] - Object: 'Object Repository/Final Object Repo/New Registration - Registration Module Pages/Form 2/Socso Employment StartDate Year' is clicked on

2018-12-12 15:16:33 - [TEST_STEP][PASSED] - delay: Delayed 1 second(s)

2018-12-12 15:16:34 - [MESSAGE][PASSED] - Delayed 1 second(s)

2018-12-12 15:16:34 - [TEST_STEP][PASSED] - click: Object: 'Object Repository/Final Object Repo/New Registration - Registration Module Pages/Form 2/Select Socso Employment Startdate Year' is clicked on

2018-12-12 15:16:35 - [MESSAGE][PASSED] - Object: 'Object Repository/Final Object Repo/New Registration - Registration Module Pages/Form 2/Select Socso Employment Startdate Year' is clicked on

2018-12-12 15:16:35 - [TEST_STEP][PASSED] - delay: Delayed 2 second(s)

2018-12-12 15:16:37 - [MESSAGE][PASSED] - Delayed 2 second(s)

2018-12-12 15:16:37 - [TEST_STEP][PASSED] - click: Object: 'Object Repository/Final Object Repo/New Registration - Registration Module Pages/Form 2/Socso Employment Start Date Day' is clicked on

2018-12-12 15:16:37 - [MESSAGE][PASSED] - Object: 'Object Repository/Final Object Repo/New Registration - Registration Module Pages/Form 2/Socso Employment Start Date Day' is clicked on

2018-12-12 15:16:37 - [TEST_STEP][PASSED] - delay: Delayed 2 second(s)

2018-12-12 15:16:39 - [MESSAGE][PASSED] - Delayed 2 second(s)

2018-12-12 15:16:39 - [TEST_STEP][PASSED] - click: Object: 'Object Repository/Final Object Repo/New Registration - Registration Module Pages/Form 2/Save Button for Add Employee' is clicked on

2018-12-12 15:16:39 - [MESSAGE][PASSED] - Object: 'Object Repository/Final Object Repo/New Registration - Registration Module Pages/Form 2/Save Button for Add Employee' is clicked on

2018-12-12 15:16:39 - [TEST_STEP][PASSED] - delay: Delayed 6 second(s)

2018-12-12 15:16:45 - [MESSAGE][PASSED] - Delayed 6 second(s)

2018-12-12 15:16:45 - [TEST_STEP][PASSED] - click: Object: 'Object Repository/Final Object Repo/New Registration - Registration Module Pages/Form 2/Add Employee Button' is clicked on

2018-12-12 15:16:45 - [MESSAGE][PASSED] - Object: 'Object Repository/Final Object Repo/New Registration - Registration Module Pages/Form 2/Add Employee Button' is clicked on

2018-12-12 15:16:45 - [TEST_STEP][PASSED] - delay: Delayed 4 second(s)

2018-12-12 15:16:49 - [MESSAGE][PASSED] - Delayed 4 second(s)

2018-12-12 15:16:49 - [TEST_STEP][PASSED] - setText: Text '620904059691' is set on object 'Object Repository/Final Object Repo/New Registration - Registration Module Pages/Form 2/NRIC Input'

2018-12-12 15:16:50 - [MESSAGE][PASSED] - Text '620904059691' is set on object 'Object Repository/Final Object Repo/New Registration - Registration Module Pages/Form 2/NRIC Input'

2018-12-12 15:16:50 - [TEST_STEP][PASSED] - click: Object: 'Object Repository/Final Object Repo/New Registration - Registration Module Pages/Form 2/button for search for IC' is clicked on

2018-12-12 15:16:50 - [MESSAGE][PASSED] - Object: 'Object Repository/Final Object Repo/New Registration - Registration Module Pages/Form 2/button for search for IC' is clicked on

2018-12-12 15:16:50 - [TEST_STEP][PASSED] - delay: Delayed 2 second(s)

2018-12-12 15:16:52 - [MESSAGE][PASSED] - Delayed 2 second(s)

2018-12-12 15:16:52 - [TEST_STEP][PASSED] - setText: Text 'Automate001 eligible 2' is set on object 'Object Repository/Final Object Repo/New Registration - Registration Module Pages/Form 2/Employee Name Input'

2018-12-12 15:16:52 - [MESSAGE][PASSED] - Text 'Automate001 eligible 2' is set on object 'Object Repository/Final Object Repo/New Registration - Registration Module Pages/Form 2/Employee Name Input'

2018-12-12 15:16:52 - [TEST_STEP][PASSED] - delay: Delayed 2 second(s)

2018-12-12 15:16:54 - [MESSAGE][PASSED] - Delayed 2 second(s)

2018-12-12 15:16:54 - [TEST_STEP][PASSED] - click: Object: 'Object Repository/Final Object Repo/New Registration - Registration Module Pages/Form 2/DatePicker Pop Up' is clicked on

2018-12-12 15:16:54 - [MESSAGE][PASSED] - Object: 'Object Repository/Final Object Repo/New Registration - Registration Module Pages/Form 2/DatePicker Pop Up' is clicked on

2018-12-12 15:16:54 - [TEST_STEP][PASSED] - delay: Delayed 2 second(s)

2018-12-12 15:16:56 - [MESSAGE][PASSED] - Delayed 2 second(s)

2018-12-12 15:16:56 - [TEST_STEP][PASSED] - click: Object: 'Object Repository/Final Object Repo/New Registration - Registration Module Pages/Form 2/DOB Month' is clicked on

2018-12-12 15:16:57 - [MESSAGE][PASSED] - Object: 'Object Repository/Final Object Repo/New Registration - Registration Module Pages/Form 2/DOB Month' is clicked on

2018-12-12 15:16:57 - [TEST_STEP][PASSED] - Statement - selectMonth = com.kms.katalon.core.webui.keyword.WebUiBuiltInKeywords.modifyObjectProperty(selectMonth, "xpath", "equals", "//body/div/div/div/select/option[@value="" + CurrentMonth + ""]", true): Modify property of object successfully

2018-12-12 15:16:57 - [MESSAGE][PASSED] - Modify property of object successfully

2018-12-12 15:16:57 - [TEST_STEP][PASSED] - click: Object: '' is clicked on

2018-12-12 15:16:57 - [MESSAGE][PASSED] - Object: '' is clicked on

2018-12-12 15:16:57 - [TEST_STEP][PASSED] - click: Object: 'Object Repository/Final Object Repo/New Registration - Registration Module Pages/Form 2/DOB Year' is clicked on

2018-12-12 15:16:57 - [MESSAGE][PASSED] - Object: 'Object Repository/Final Object Repo/New Registration - Registration Module Pages/Form 2/DOB Year' is clicked on

2018-12-12 15:16:57 - [TEST_STEP][PASSED] - Statement - selectYear = com.kms.katalon.core.webui.keyword.WebUiBuiltInKeywords.modifyObjectProperty(selectYear, "xpath", "equals", "//div/div/div/select/option[@value="" + FiftysevenYrsBefore + ""]", true): Modify property of object successfully

2018-12-12 15:16:57 - [MESSAGE][PASSED] - Modify property of object successfully

2018-12-12 15:16:57 - [TEST_STEP][PASSED] - click: Object: '' is clicked on

2018-12-12 15:16:57 - [MESSAGE][PASSED] - Object: '' is clicked on

2018-12-12 15:16:57 - [TEST_STEP][PASSED] - Statement - UpdatedSelectDate = com.kms.katalon.core.webui.keyword.WebUiBuiltInKeywords.modifyObjectProperty(com.kms.katalon.core.testobject.ObjectRepository.findTestObject(Final Object Repo/New Registration - Registration Module Pages/Form 2/DOB Date), "xpath", "equals", "//body/div/table/tbody/tr/td/a[text()="" + OneDayBefore + ""]", true): Modify property of object successfully

2018-12-12 15:16:57 - [MESSAGE][PASSED] - Modify property of object successfully

2018-12-12 15:16:57 - [TEST_STEP][PASSED] - click: Object: 'Object Repository/Final Object Repo/New Registration - Registration Module Pages/Form 2/DOB Date' is clicked on

2018-12-12 15:16:57 - [MESSAGE][PASSED] - Object: 'Object Repository/Final Object Repo/New Registration - Registration Module Pages/Form 2/DOB Date' is clicked on

2018-12-12 15:16:57 - [TEST_STEP][PASSED] - delay: Delayed 2 second(s)

2018-12-12 15:16:59 - [MESSAGE][PASSED] - Delayed 2 second(s)

2018-12-12 15:16:59 - [TEST_STEP][PASSED] - click: Object: 'Object Repository/Final Object Repo/New Registration - Registration Module Pages/Form 2/EmploymentStartDate Pop Up' is clicked on

2018-12-12 15:16:59 - [MESSAGE][PASSED] - Object: 'Object Repository/Final Object Repo/New Registration - Registration Module Pages/Form 2/EmploymentStartDate Pop Up' is clicked on

2018-12-12 15:16:59 - [TEST_STEP][PASSED] - delay: Delayed 2 second(s)

2018-12-12 15:17:01 - [MESSAGE][PASSED] - Delayed 2 second(s)

2018-12-12 15:17:01 - [TEST_STEP][PASSED] - click: Object: 'Object Repository/Final Object Repo/New Registration - Registration Module Pages/Form 2/Socso Employment StartDate Month' is clicked on

2018-12-12 15:17:02 - [MESSAGE][PASSED] - Object: 'Object Repository/Final Object Repo/New Registration - Registration Module Pages/Form 2/Socso Employment StartDate Month' is clicked on

2018-12-12 15:17:02 - [TEST_STEP][PASSED] - delay: Delayed 1 second(s)

2018-12-12 15:17:03 - [MESSAGE][PASSED] - Delayed 1 second(s)

2018-12-12 15:17:03 - [TEST_STEP][PASSED] - click: Object: 'Object Repository/Final Object Repo/New Registration - Registration Module Pages/Form 2/Select Socso Employement Startdate Month' is clicked on

2018-12-12 15:17:03 - [MESSAGE][PASSED] - Object: 'Object Repository/Final Object Repo/New Registration - Registration Module Pages/Form 2/Select Socso Employement Startdate Month' is clicked on

2018-12-12 15:17:03 - [TEST_STEP][PASSED] - delay: Delayed 2 second(s)

2018-12-12 15:17:05 - [MESSAGE][PASSED] - Delayed 2 second(s)

2018-12-12 15:17:05 - [TEST_STEP][PASSED] - click: Object: 'Object Repository/Final Object Repo/New Registration - Registration Module Pages/Form 2/Socso Employment StartDate Year' is clicked on

2018-12-12 15:17:05 - [MESSAGE][PASSED] - Object: 'Object Repository/Final Object Repo/New Registration - Registration Module Pages/Form 2/Socso Employment StartDate Year' is clicked on

2018-12-12 15:17:05 - [TEST_STEP][PASSED] - delay: Delayed 1 second(s)

2018-12-12 15:17:06 - [MESSAGE][PASSED] - Delayed 1 second(s)

2018-12-12 15:17:06 - [TEST_STEP][PASSED] - click: Object: 'Object Repository/Final Object Repo/New Registration - Registration Module Pages/Form 2/Select Socso Employment Startdate Year' is clicked on

2018-12-12 15:17:06 - [MESSAGE][PASSED] - Object: 'Object Repository/Final Object Repo/New Registration - Registration Module Pages/Form 2/Select Socso Employment Startdate Year' is clicked on

2018-12-12 15:17:06 - [TEST_STEP][PASSED] - delay: Delayed 2 second(s)

2018-12-12 15:17:08 - [MESSAGE][PASSED] - Delayed 2 second(s)

2018-12-12 15:17:08 - [TEST_STEP][PASSED] - click: Object: 'Object Repository/Final Object Repo/New Registration - Registration Module Pages/Form 2/Socso Employment Start Date Day' is clicked on

2018-12-12 15:17:08 - [MESSAGE][PASSED] - Object: 'Object Repository/Final Object Repo/New Registration - Registration Module Pages/Form 2/Socso Employment Start Date Day' is clicked on

2018-12-12 15:17:08 - [TEST_STEP][PASSED] - delay: Delayed 2 second(s)

2018-12-12 15:17:10 - [MESSAGE][PASSED] - Delayed 2 second(s)

2018-12-12 15:17:10 - [TEST_STEP][PASSED] - click: Object: 'Object Repository/Final Object Repo/New Registration - Registration Module Pages/Form 2/Save Button for Add Employee' is clicked on

2018-12-12 15:17:10 - [MESSAGE][PASSED] - Object: 'Object Repository/Final Object Repo/New Registration - Registration Module Pages/Form 2/Save Button for Add Employee' is clicked on

2018-12-12 15:17:10 - [TEST_STEP][PASSED] - delay: Delayed 4 second(s)

2018-12-12 15:17:14 - [MESSAGE][PASSED] - Delayed 4 second(s)

2018-12-12 15:17:14 - [TEST_STEP][PASSED] - delay: Delayed 30 second(s)

2018-12-12 15:17:44 - [MESSAGE][PASSED] - Delayed 30 second(s)

2018-12-12 15:17:44 - [TEST_STEP][PASSED] - click: Object: 'Object Repository/Final Object Repo/New Registration - Registration Module Pages/Form 2/Add Employee Button' is clicked on

2018-12-12 15:17:45 - [MESSAGE][PASSED] - Object: 'Object Repository/Final Object Repo/New Registration - Registration Module Pages/Form 2/Add Employee Button' is clicked on

2018-12-12 15:17:45 - [TEST_STEP][PASSED] - delay: Delayed 4 second(s)

2018-12-12 15:17:49 - [MESSAGE][PASSED] - Delayed 4 second(s)

2018-12-12 15:17:49 - [TEST_STEP][PASSED] - setText: Text '000209039145' is set on object 'Object Repository/Final Object Repo/New Registration - Registration Module Pages/Form 2/NRIC Input'

2018-12-12 15:17:49 - [MESSAGE][PASSED] - Text '000209039145' is set on object 'Object Repository/Final Object Repo/New Registration - Registration Module Pages/Form 2/NRIC Input'

2018-12-12 15:17:49 - [TEST_STEP][PASSED] - click: Object: 'Object Repository/Final Object Repo/New Registration - Registration Module Pages/Form 2/button for search for IC' is clicked on

2018-12-12 15:17:49 - [MESSAGE][PASSED] - Object: 'Object Repository/Final Object Repo/New Registration - Registration Module Pages/Form 2/button for search for IC' is clicked on

2018-12-12 15:17:49 - [TEST_STEP][PASSED] - delay: Delayed 2 second(s)

2018-12-12 15:17:51 - [MESSAGE][PASSED] - Delayed 2 second(s)

2018-12-12 15:17:51 - [TEST_STEP][PASSED] - setText: Text 'Automate001 not eligible 1' is set on object 'Object Repository/Final Object Repo/New Registration - Registration Module Pages/Form 2/Employee Name Input'

2018-12-12 15:17:52 - [MESSAGE][PASSED] - Text 'Automate001 not eligible 1' is set on object 'Object Repository/Final Object Repo/New Registration - Registration Module Pages/Form 2/Employee Name Input'

2018-12-12 15:17:52 - [TEST_STEP][PASSED] - delay: Delayed 2 second(s)

2018-12-12 15:17:54 - [MESSAGE][PASSED] - Delayed 2 second(s)

2018-12-12 15:17:54 - [TEST_STEP][PASSED] - click: Object: 'Object Repository/Final Object Repo/New Registration - Registration Module Pages/Form 2/DatePicker Pop Up' is clicked on

2018-12-12 15:17:54 - [MESSAGE][PASSED] - Object: 'Object Repository/Final Object Repo/New Registration - Registration Module Pages/Form 2/DatePicker Pop Up' is clicked on

2018-12-12 15:17:54 - [TEST_STEP][PASSED] - delay: Delayed 2 second(s)

2018-12-12 15:17:56 - [MESSAGE][PASSED] - Delayed 2 second(s)

2018-12-12 15:17:56 - [TEST_STEP][PASSED] - click: Object: 'Object Repository/Final Object Repo/New Registration - Registration Module Pages/Form 2/DOB Month' is clicked on

2018-12-12 15:17:56 - [MESSAGE][PASSED] - Object: 'Object Repository/Final Object Repo/New Registration - Registration Module Pages/Form 2/DOB Month' is clicked on

2018-12-12 15:17:56 - [TEST_STEP][PASSED] - Statement - selectMonth = com.kms.katalon.core.webui.keyword.WebUiBuiltInKeywords.modifyObjectProperty(selectMonth, "xpath", "equals", "//body/div/div/div/select/option[@value="" + CurrentMonth + ""]", true): Modify property of object successfully

2018-12-12 15:17:56 - [MESSAGE][PASSED] - Modify property of object successfully

2018-12-12 15:17:56 - [TEST_STEP][PASSED] - click: Object: '' is clicked on

2018-12-12 15:17:56 - [MESSAGE][PASSED] - Object: '' is clicked on

2018-12-12 15:17:56 - [TEST_STEP][PASSED] - click: Object: 'Object Repository/Final Object Repo/New Registration - Registration Module Pages/Form 2/DOB Year' is clicked on

2018-12-12 15:17:56 - [MESSAGE][PASSED] - Object: 'Object Repository/Final Object Repo/New Registration - Registration Module Pages/Form 2/DOB Year' is clicked on

2018-12-12 15:17:56 - [TEST_STEP][PASSED] - Statement - selectYear = com.kms.katalon.core.webui.keyword.WebUiBuiltInKeywords.modifyObjectProperty(selectYear, "xpath", "equals", "//div/div/div/select/option[@value="" + EighteenYrsBefore + ""]", true): Modify property of object successfully

2018-12-12 15:17:56 - [MESSAGE][PASSED] - Modify property of object successfully

2018-12-12 15:17:56 - [TEST_STEP][PASSED] - click: Object: '' is clicked on

2018-12-12 15:17:57 - [MESSAGE][PASSED] - Object: '' is clicked on

2018-12-12 15:17:57 - [TEST_STEP][PASSED] - Statement - UpdatedSelectDate = com.kms.katalon.core.webui.keyword.WebUiBuiltInKeywords.modifyObjectProperty(com.kms.katalon.core.testobject.ObjectRepository.findTestObject(Final Object Repo/New Registration - Registration Module Pages/Form 2/DOB Date), "xpath", "equals", "//body/div/table/tbody/tr/td/a[text()="" + OneDayBefore + ""]", true): Modify property of object successfully

2018-12-12 15:17:57 - [MESSAGE][PASSED] - Modify property of object successfully

2018-12-12 15:17:57 - [TEST_STEP][PASSED] - click: Object: 'Object Repository/Final Object Repo/New Registration - Registration Module Pages/Form 2/DOB Date' is clicked on

2018-12-12 15:17:57 - [MESSAGE][PASSED] - Object: 'Object Repository/Final Object Repo/New Registration - Registration Module Pages/Form 2/DOB Date' is clicked on

2018-12-12 15:17:57 - [TEST_STEP][PASSED] - delay: Delayed 2 second(s)

2018-12-12 15:17:59 - [MESSAGE][PASSED] - Delayed 2 second(s)

2018-12-12 15:17:59 - [TEST_STEP][PASSED] - click: Object: 'Object Repository/Final Object Repo/New Registration - Registration Module Pages/Form 2/EmploymentStartDate Pop Up' is clicked on

2018-12-12 15:17:59 - [MESSAGE][PASSED] - Object: 'Object Repository/Final Object Repo/New Registration - Registration Module Pages/Form 2/EmploymentStartDate Pop Up' is clicked on

2018-12-12 15:17:59 - [TEST_STEP][PASSED] - delay: Delayed 2 second(s)

2018-12-12 15:18:01 - [MESSAGE][PASSED] - Delayed 2 second(s)

2018-12-12 15:18:01 - [TEST_STEP][PASSED] - click: Object: 'Object Repository/Final Object Repo/New Registration - Registration Module Pages/Form 2/Socso Employment StartDate Month' is clicked on

2018-12-12 15:18:01 - [MESSAGE][PASSED] - Object: 'Object Repository/Final Object Repo/New Registration - Registration Module Pages/Form 2/Socso Employment StartDate Month' is clicked on

2018-12-12 15:18:01 - [TEST_STEP][PASSED] - delay: Delayed 1 second(s)

2018-12-12 15:18:02 - [MESSAGE][PASSED] - Delayed 1 second(s)

2018-12-12 15:18:02 - [TEST_STEP][PASSED] - click: Object: 'Object Repository/Final Object Repo/New Registration - Registration Module Pages/Form 2/Select Socso Employement Startdate Month' is clicked on

2018-12-12 15:18:02 - [MESSAGE][PASSED] - Object: 'Object Repository/Final Object Repo/New Registration - Registration Module Pages/Form 2/Select Socso Employement Startdate Month' is clicked on

2018-12-12 15:18:02 - [TEST_STEP][PASSED] - delay: Delayed 2 second(s)

2018-12-12 15:18:04 - [MESSAGE][PASSED] - Delayed 2 second(s)

2018-12-12 15:18:04 - [TEST_STEP][PASSED] - click: Object: 'Object Repository/Final Object Repo/New Registration - Registration Module Pages/Form 2/Socso Employment StartDate Year' is clicked on

2018-12-12 15:18:04 - [MESSAGE][PASSED] - Object: 'Object Repository/Final Object Repo/New Registration - Registration Module Pages/Form 2/Socso Employment StartDate Year' is clicked on

2018-12-12 15:18:04 - [TEST_STEP][PASSED] - delay: Delayed 1 second(s)

2018-12-12 15:18:05 - [MESSAGE][PASSED] - Delayed 1 second(s)

2018-12-12 15:18:05 - [TEST_STEP][PASSED] - click: Object: 'Object Repository/Final Object Repo/New Registration - Registration Module Pages/Form 2/Select Socso Employment Startdate Year' is clicked on

2018-12-12 15:18:06 - [MESSAGE][PASSED] - Object: 'Object Repository/Final Object Repo/New Registration - Registration Module Pages/Form 2/Select Socso Employment Startdate Year' is clicked on

2018-12-12 15:18:06 - [TEST_STEP][PASSED] - delay: Delayed 2 second(s)

2018-12-12 15:18:08 - [MESSAGE][PASSED] - Delayed 2 second(s)

2018-12-12 15:18:08 - [TEST_STEP][PASSED] - click: Object: 'Object Repository/Final Object Repo/New Registration - Registration Module Pages/Form 2/Socso Employment Start Date Day' is clicked on

2018-12-12 15:18:08 - [MESSAGE][PASSED] - Object: 'Object Repository/Final Object Repo/New Registration - Registration Module Pages/Form 2/Socso Employment Start Date Day' is clicked on

2018-12-12 15:18:08 - [TEST_STEP][PASSED] - delay: Delayed 2 second(s)

2018-12-12 15:18:10 - [MESSAGE][PASSED] - Delayed 2 second(s)

2018-12-12 15:18:10 - [TEST_STEP][PASSED] - click: Object: 'Object Repository/Final Object Repo/New Registration - Registration Module Pages/Form 2/Save Button for Add Employee' is clicked on

2018-12-12 15:18:10 - [MESSAGE][PASSED] - Object: 'Object Repository/Final Object Repo/New Registration - Registration Module Pages/Form 2/Save Button for Add Employee' is clicked on

2018-12-12 15:18:10 - [TEST_STEP][PASSED] - delay: Delayed 6 second(s)

2018-12-12 15:18:16 - [MESSAGE][PASSED] - Delayed 6 second(s)

2018-12-12 15:18:16 - [TEST_STEP][PASSED] - click: Object: 'Object Repository/Final Object Repo/New Registration - Registration Module Pages/Form 2/Add Employee Button' is clicked on

2018-12-12 15:18:16 - [MESSAGE][PASSED] - Object: 'Object Repository/Final Object Repo/New Registration - Registration Module Pages/Form 2/Add Employee Button' is clicked on

2018-12-12 15:18:16 - [TEST_STEP][PASSED] - delay: Delayed 4 second(s)

2018-12-12 15:18:20 - [MESSAGE][PASSED] - Delayed 4 second(s)

2018-12-12 15:18:20 - [TEST_STEP][PASSED] - setText: Text '600203039154' is set on object 'Object Repository/Final Object Repo/New Registration - Registration Module Pages/Form 2/NRIC Input'

2018-12-12 15:18:20 - [MESSAGE][PASSED] - Text '600203039154' is set on object 'Object Repository/Final Object Repo/New Registration - Registration Module Pages/Form 2/NRIC Input'

2018-12-12 15:18:20 - [TEST_STEP][PASSED] - click: Object: 'Object Repository/Final Object Repo/New Registration - Registration Module Pages/Form 2/button for search for IC' is clicked on

2018-12-12 15:18:21 - [MESSAGE][PASSED] - Object: 'Object Repository/Final Object Repo/New Registration - Registration Module Pages/Form 2/button for search for IC' is clicked on

2018-12-12 15:18:21 - [TEST_STEP][PASSED] - delay: Delayed 2 second(s)

2018-12-12 15:18:23 - [MESSAGE][PASSED] - Delayed 2 second(s)

2018-12-12 15:18:23 - [TEST_STEP][PASSED] - setText: Text 'Automate001 not eligible 2' is set on object 'Object Repository/Final Object Repo/New Registration - Registration Module Pages/Form 2/Employee Name Input'

2018-12-12 15:18:23 - [MESSAGE][PASSED] - Text 'Automate001 not eligible 2' is set on object 'Object Repository/Final Object Repo/New Registration - Registration Module Pages/Form 2/Employee Name Input'

2018-12-12 15:18:23 - [TEST_STEP][PASSED] - delay: Delayed 2 second(s)

2018-12-12 15:18:25 - [MESSAGE][PASSED] - Delayed 2 second(s)

2018-12-12 15:18:25 - [TEST_STEP][PASSED] - click: Object: 'Object Repository/Final Object Repo/New Registration - Registration Module Pages/Form 2/DatePicker Pop Up' is clicked on

2018-12-12 15:18:25 - [MESSAGE][PASSED] - Object: 'Object Repository/Final Object Repo/New Registration - Registration Module Pages/Form 2/DatePicker Pop Up' is clicked on

2018-12-12 15:18:25 - [TEST_STEP][PASSED] - delay: Delayed 2 second(s)

2018-12-12 15:18:27 - [MESSAGE][PASSED] - Delayed 2 second(s)

2018-12-12 15:18:27 - [TEST_STEP][PASSED] - click: Object: 'Object Repository/Final Object Repo/New Registration - Registration Module Pages/Form 2/DOB Month' is clicked on

2018-12-12 15:18:28 - [MESSAGE][PASSED] - Object: 'Object Repository/Final Object Repo/New Registration - Registration Module Pages/Form 2/DOB Month' is clicked on

2018-12-12 15:18:28 - [TEST_STEP][PASSED] - Statement - selectMonth = com.kms.katalon.core.webui.keyword.WebUiBuiltInKeywords.modifyObjectProperty(selectMonth, "xpath", "equals", "//body/div/div/div/select/option[@value="" + CurrentMonth + ""]", true): Modify property of object successfully

2018-12-12 15:18:28 - [MESSAGE][PASSED] - Modify property of object successfully

2018-12-12 15:18:28 - [TEST_STEP][PASSED] - click: Object: '' is clicked on

2018-12-12 15:18:28 - [MESSAGE][PASSED] - Object: '' is clicked on

2018-12-12 15:18:28 - [TEST_STEP][PASSED] - click: Object: 'Object Repository/Final Object Repo/New Registration - Registration Module Pages/Form 2/DOB Year' is clicked on

2018-12-12 15:18:28 - [MESSAGE][PASSED] - Object: 'Object Repository/Final Object Repo/New Registration - Registration Module Pages/Form 2/DOB Year' is clicked on

2018-12-12 15:18:28 - [TEST_STEP][PASSED] - Statement - selectYear = com.kms.katalon.core.webui.keyword.WebUiBuiltInKeywords.modifyObjectProperty(selectYear, "xpath", "equals", "//div/div/div/select/option[@value="" + FiftysevenYrsBefore + ""]", true): Modify property of object successfully

2018-12-12 15:18:28 - [MESSAGE][PASSED] - Modify property of object successfully

2018-12-12 15:18:28 - [TEST_STEP][PASSED] - click: Object: '' is clicked on

2018-12-12 15:18:28 - [MESSAGE][PASSED] - Object: '' is clicked on

2018-12-12 15:18:28 - [TEST_STEP][PASSED] - Statement - UpdatedSelectDate = com.kms.katalon.core.webui.keyword.WebUiBuiltInKeywords.modifyObjectProperty(com.kms.katalon.core.testobject.ObjectRepository.findTestObject(Final Object Repo/New Registration - Registration Module Pages/Form 2/DOB Date), "xpath", "equals", "//body/div/table/tbody/tr/td/a[text()="" + CurrentDate + ""]", true): Modify property of object successfully

2018-12-12 15:18:28 - [MESSAGE][PASSED] - Modify property of object successfully

2018-12-12 15:18:28 - [TEST_STEP][PASSED] - click: Object: 'Object Repository/Final Object Repo/New Registration - Registration Module Pages/Form 2/DOB Date' is clicked on

2018-12-12 15:18:28 - [MESSAGE][PASSED] - Object: 'Object Repository/Final Object Repo/New Registration - Registration Module Pages/Form 2/DOB Date' is clicked on

2018-12-12 15:18:28 - [TEST_STEP][PASSED] - click: Object: 'Object Repository/Final Object Repo/New Registration - Registration Module Pages/Form 2/EmploymentStartDate Pop Up' is clicked on

2018-12-12 15:18:28 - [MESSAGE][PASSED] - Object: 'Object Repository/Final Object Repo/New Registration - Registration Module Pages/Form 2/EmploymentStartDate Pop Up' is clicked on

2018-12-12 15:18:28 - [TEST_STEP][PASSED] - delay: Delayed 2 second(s)

2018-12-12 15:18:30 - [MESSAGE][PASSED] - Delayed 2 second(s)

2018-12-12 15:18:30 - [TEST_STEP][PASSED] - click: Object: 'Object Repository/Final Object Repo/New Registration - Registration Module Pages/Form 2/Socso Employment StartDate Month' is clicked on

2018-12-12 15:18:31 - [MESSAGE][PASSED] - Object: 'Object Repository/Final Object Repo/New Registration - Registration Module Pages/Form 2/Socso Employment StartDate Month' is clicked on

2018-12-12 15:18:31 - [TEST_STEP][PASSED] - delay: Delayed 1 second(s)

2018-12-12 15:18:32 - [MESSAGE][PASSED] - Delayed 1 second(s)

2018-12-12 15:18:32 - [TEST_STEP][PASSED] - click: Object: 'Object Repository/Final Object Repo/New Registration - Registration Module Pages/Form 2/Select Socso Employement Startdate Month' is clicked on

2018-12-12 15:18:32 - [MESSAGE][PASSED] - Object: 'Object Repository/Final Object Repo/New Registration - Registration Module Pages/Form 2/Select Socso Employement Startdate Month' is clicked on

2018-12-12 15:18:32 - [TEST_STEP][PASSED] - delay: Delayed 2 second(s)

2018-12-12 15:18:34 - [MESSAGE][PASSED] - Delayed 2 second(s)

2018-12-12 15:18:34 - [TEST_STEP][PASSED] - click: Object: 'Object Repository/Final Object Repo/New Registration - Registration Module Pages/Form 2/Socso Employment StartDate Year' is clicked on

2018-12-12 15:18:34 - [MESSAGE][PASSED] - Object: 'Object Repository/Final Object Repo/New Registration - Registration Module Pages/Form 2/Socso Employment StartDate Year' is clicked on

2018-12-12 15:18:34 - [TEST_STEP][PASSED] - delay: Delayed 1 second(s)

2018-12-12 15:18:35 - [MESSAGE][PASSED] - Delayed 1 second(s)

2018-12-12 15:18:35 - [TEST_STEP][PASSED] - click: Object: 'Object Repository/Final Object Repo/New Registration - Registration Module Pages/Form 2/Select Socso Employment Startdate Year' is clicked on

2018-12-12 15:18:35 - [MESSAGE][PASSED] - Object: 'Object Repository/Final Object Repo/New Registration - Registration Module Pages/Form 2/Select Socso Employment Startdate Year' is clicked on

2018-12-12 15:18:35 - [TEST_STEP][PASSED] - delay: Delayed 2 second(s)

2018-12-12 15:18:37 - [MESSAGE][PASSED] - Delayed 2 second(s)

2018-12-12 15:18:37 - [TEST_STEP][PASSED] - click: Object: 'Object Repository/Final Object Repo/New Registration - Registration Module Pages/Form 2/Socso Employment Start Date Day' is clicked on

2018-12-12 15:18:37 - [MESSAGE][PASSED] - Object: 'Object Repository/Final Object Repo/New Registration - Registration Module Pages/Form 2/Socso Employment Start Date Day' is clicked on

2018-12-12 15:18:37 - [TEST_STEP][PASSED] - delay: Delayed 2 second(s)

2018-12-12 15:18:39 - [MESSAGE][PASSED] - Delayed 2 second(s)

2018-12-12 15:18:39 - [TEST_STEP][PASSED] - click: Object: 'Object Repository/Final Object Repo/New Registration - Registration Module Pages/Form 2/Save Button for Add Employee' is clicked on

2018-12-12 15:18:39 - [MESSAGE][PASSED] - Object: 'Object Repository/Final Object Repo/New Registration - Registration Module Pages/Form 2/Save Button for Add Employee' is clicked on

2018-12-12 15:18:39 - [TEST_STEP][PASSED] - delay: Delayed 2 second(s)

2018-12-12 15:18:41 - [MESSAGE][PASSED] - Delayed 2 second(s)

2018-12-12 15:18:41 - [TEST_STEP][PASSED] - click: Object: 'Object Repository/Final Object Repo/New Registration - Registration Module Pages/Form 2/Save and Continue Form 2' is clicked on

2018-12-12 15:18:42 - [MESSAGE][PASSED] - Object: 'Object Repository/Final Object Repo/New Registration - Registration Module Pages/Form 2/Save and Continue Form 2' is clicked on

2018-12-12 15:18:42 - [MESSAGE][PASSED] - Call Test Case 'Test Cases/Final Aug 2018 - PKS Automation/Registration Module/New Registration/Form 2/Add 2 Eligible 2 Not Eligible' successfully

2018-12-12 15:18:42 - [TEST_STEP][PASSED] - callTestCase: Call Test Case 'Test Cases/Final Aug 2018 - PKS Automation/Registration Module/New Registration/Flow of New Registration/Third Screen - Upload Supporting Doc - Preview' successfully

2018-12-12 15:18:42 - [TEST_CASE][PASSED] - Test Cases/Final Aug 2018 - PKS Automation/Registration Module/New Registration/Flow of New Registration/Third Screen - Upload Supporting Doc - Preview: Test Cases/Final Aug 2018 - PKS Automation/Registration Module/New Registration/Flow of New Registration/Third Screen - Upload Supporting Doc - Preview

2018-12-12 15:18:42 - [TEST_STEP][PASSED] - waitForPageLoad: Wait for page load successfully

2018-12-12 15:18:42 - [MESSAGE][PASSED] - Wait for page load successfully

2018-12-12 15:18:42 - [TEST_STEP][PASSED] - Statement - CaseReferenceNo = com.kms.katalon.core.webui.keyword.WebUiBuiltInKeywords.getText(com.kms.katalon.core.testobject.ObjectRepository.findTestObject(Final Object Repo/New Registration - Registration Module Pages/Third Screen - Upload Supporting Doc- Preview/RefNo Acquiring)): Text of object 'Object Repository/Final Object Repo/New Registration - Registration Module Pages/Third Screen - Upload Supporting Doc- Preview/RefNo Acquiring' is: 'CRN12201800123204'

2018-12-12 15:18:43 - [MESSAGE][PASSED] - Text of object 'Object Repository/Final Object Repo/New Registration - Registration Module Pages/Third Screen - Upload Supporting Doc- Preview/RefNo Acquiring' is: 'CRN12201800123204'

2018-12-12 15:18:43 - [TEST_STEP][PASSED] - delay: Delayed 2 second(s)

2018-12-12 15:18:45 - [MESSAGE][PASSED] - Delayed 2 second(s)

2018-12-12 15:18:45 - [TEST_STEP][PASSED] - callTestCase: Call Test Case 'Test Cases/Final Aug 2018 - PKS Automation/Common/Reference Number Setter' successfully

2018-12-12 15:18:45 - [TEST_CASE][PASSED] - Test Cases/Final Aug 2018 - PKS Automation/Common/Reference Number Setter: Test Cases/Final Aug 2018 - PKS Automation/Common/Reference Number Setter

2018-12-12 15:18:45 - [TEST_STEP][PASSED] - Statement - RefNoOldFile = new java.io.File(C://Users//Admin//Desktop//PKS//Automation Reference Point//KatalonReference.txt): null

2018-12-12 15:18:45 - [TEST_STEP][PASSED] - Statement - RefNoOldFile.delete(): null

2018-12-12 15:18:45 - [TEST_STEP][PASSED] - delay: Delayed 5 second(s)

2018-12-12 15:18:50 - [MESSAGE][PASSED] - Delayed 5 second(s)

2018-12-12 15:18:50 - [TEST_STEP][PASSED] - Statement - RefNo = new java.io.File(C://Users//Admin//Desktop//PKS//Automation Reference Point//KatalonReference.txt): null

2018-12-12 15:18:50 - [TEST_STEP][PASSED] - Statement - f2 = new java.io.FileWriter(RefNo, false): null

2018-12-12 15:18:50 - [TEST_STEP][PASSED] - Statement - f2.write(CaseReferenceNo): null

2018-12-12 15:18:50 - [TEST_STEP][PASSED] - Statement - f2.close(): null

2018-12-12 15:18:50 - [TEST_STEP][PASSED] - Statement - out.println("


" + CaseReferenceNo + "


"): null

2018-12-12 15:18:50 - [MESSAGE][PASSED] - Call Test Case 'Test Cases/Final Aug 2018 - PKS Automation/Common/Reference Number Setter' successfully

2018-12-12 15:18:50 - [TEST_STEP][PASSED] - waitForElementClickable: Object 'Object Repository/Final Object Repo/New Registration - Registration Module Pages/Third Screen - Upload Supporting Doc- Preview/Save n Continue in SIP Employee Listing Page' is clickable

2018-12-12 15:18:50 - [MESSAGE][PASSED] - Object 'Object Repository/Final Object Repo/New Registration - Registration Module Pages/Third Screen - Upload Supporting Doc- Preview/Save n Continue in SIP Employee Listing Page' is clickable

2018-12-12 15:18:50 - [TEST_STEP][PASSED] - click: Object: 'Object Repository/Final Object Repo/New Registration - Registration Module Pages/Third Screen - Upload Supporting Doc- Preview/Save n Continue in SIP Employee Listing Page' is clicked on

2018-12-12 15:18:56 - [MESSAGE][PASSED] - Object: 'Object Repository/Final Object Repo/New Registration - Registration Module Pages/Third Screen - Upload Supporting Doc- Preview/Save n Continue in SIP Employee Listing Page' is clicked on

2018-12-12 15:18:56 - [TEST_STEP][PASSED] - delay: Delayed 7 second(s)

2018-12-12 15:19:03 - [MESSAGE][PASSED] - Delayed 7 second(s)

2018-12-12 15:19:03 - [TEST_STEP][PASSED] - click: Object: 'Object Repository/Final Object Repo/New Registration - Registration Module Pages/Third Screen - Upload Supporting Doc- Preview/Add Document Button' is clicked on

2018-12-12 15:19:03 - [MESSAGE][PASSED] - Object: 'Object Repository/Final Object Repo/New Registration - Registration Module Pages/Third Screen - Upload Supporting Doc- Preview/Add Document Button' is clicked on

2018-12-12 15:19:03 - [TEST_STEP][PASSED] - delay: Delayed 30 second(s)

2018-12-12 15:19:33 - [MESSAGE][PASSED] - Delayed 30 second(s)

2018-12-12 15:19:33 - [TEST_STEP][PASSED] - click: Object: 'Object Repository/Final Object Repo/New Registration - Registration Module Pages/Third Screen - Upload Supporting Doc- Preview/Supporting Doc Please Select Drop Down' is clicked on

2018-12-12 15:19:33 - [MESSAGE][PASSED] - Object: 'Object Repository/Final Object Repo/New Registration - Registration Module Pages/Third Screen - Upload Supporting Doc- Preview/Supporting Doc Please Select Drop Down' is clicked on

2018-12-12 15:19:33 - [TEST_STEP][PASSED] - delay: Delayed 2 second(s)

2018-12-12 15:19:35 - [MESSAGE][PASSED] - Delayed 2 second(s)

2018-12-12 15:19:35 - [TEST_STEP][PASSED] - click: Object: 'Object Repository/Final Object Repo/New Registration - Registration Module Pages/Third Screen - Upload Supporting Doc- Preview/Select to Upload Form 1' is clicked on

2018-12-12 15:19:35 - [MESSAGE][PASSED] - Object: 'Object Repository/Final Object Repo/New Registration - Registration Module Pages/Third Screen - Upload Supporting Doc- Preview/Select to Upload Form 1' is clicked on

2018-12-12 15:19:35 - [TEST_STEP][PASSED] - delay: Delayed 2 second(s)

2018-12-12 15:19:37 - [MESSAGE][PASSED] - Delayed 2 second(s)

2018-12-12 15:19:37 - [TEST_STEP][PASSED] - uploadFile: File 'C:\Users\Public\Pictures\Sample Pictures\Koala.jpg' sent to object: 'Object Repository/Final Object Repo/New Registration - Registration Module Pages/Third Screen - Upload Supporting Doc- Preview/Upload File Adding'

2018-12-12 15:19:38 - [MESSAGE][PASSED] - File 'C:\Users\Public\Pictures\Sample Pictures\Koala.jpg' sent to object: 'Object Repository/Final Object Repo/New Registration - Registration Module Pages/Third Screen - Upload Supporting Doc- Preview/Upload File Adding'

2018-12-12 15:19:38 - [TEST_STEP][PASSED] - delay: Delayed 5 second(s)

2018-12-12 15:19:43 - [MESSAGE][PASSED] - Delayed 5 second(s)

2018-12-12 15:19:43 - [TEST_STEP][PASSED] - click: Object: 'Object Repository/Final Object Repo/New Registration - Registration Module Pages/Third Screen - Upload Supporting Doc- Preview/Inner Form Add Document Button' is clicked on

2018-12-12 15:19:43 - [MESSAGE][PASSED] - Object: 'Object Repository/Final Object Repo/New Registration - Registration Module Pages/Third Screen - Upload Supporting Doc- Preview/Inner Form Add Document Button' is clicked on

2018-12-12 15:19:43 - [TEST_STEP][PASSED] - delay: Delayed 3 second(s)

2018-12-12 15:19:46 - [MESSAGE][PASSED] - Delayed 3 second(s)

2018-12-12 15:19:46 - [TEST_STEP][PASSED] - click: Object: 'Object Repository/Final Object Repo/New Registration - Registration Module Pages/Third Screen - Upload Supporting Doc- Preview/Add Document Button' is clicked on

2018-12-12 15:19:47 - [MESSAGE][PASSED] - Object: 'Object Repository/Final Object Repo/New Registration - Registration Module Pages/Third Screen - Upload Supporting Doc- Preview/Add Document Button' is clicked on

2018-12-12 15:19:47 - [TEST_STEP][PASSED] - delay: Delayed 30 second(s)

2018-12-12 15:20:17 - [MESSAGE][PASSED] - Delayed 30 second(s)

2018-12-12 15:20:17 - [TEST_STEP][PASSED] - click: Object: 'Object Repository/Final Object Repo/New Registration - Registration Module Pages/Third Screen - Upload Supporting Doc- Preview/Supporting Doc Please Select Drop Down' is clicked on

2018-12-12 15:20:17 - [MESSAGE][PASSED] - Object: 'Object Repository/Final Object Repo/New Registration - Registration Module Pages/Third Screen - Upload Supporting Doc- Preview/Supporting Doc Please Select Drop Down' is clicked on

2018-12-12 15:20:17 - [TEST_STEP][PASSED] - delay: Delayed 4 second(s)

2018-12-12 15:20:21 - [MESSAGE][PASSED] - Delayed 4 second(s)

2018-12-12 15:20:21 - [TEST_STEP][PASSED] - click: Object: 'Object Repository/Final Object Repo/New Registration - Registration Module Pages/Third Screen - Upload Supporting Doc- Preview/Select to Upload Form 2' is clicked on

2018-12-12 15:20:21 - [MESSAGE][PASSED] - Object: 'Object Repository/Final Object Repo/New Registration - Registration Module Pages/Third Screen - Upload Supporting Doc- Preview/Select to Upload Form 2' is clicked on

2018-12-12 15:20:21 - [TEST_STEP][PASSED] - delay: Delayed 2 second(s)

2018-12-12 15:20:23 - [MESSAGE][PASSED] - Delayed 2 second(s)

2018-12-12 15:20:23 - [TEST_STEP][PASSED] - uploadFile: File 'C:\Users\Public\Pictures\Sample Pictures\Koala.jpg' sent to object: 'Object Repository/Final Object Repo/New Registration - Registration Module Pages/Third Screen - Upload Supporting Doc- Preview/Upload File Adding'

2018-12-12 15:20:24 - [MESSAGE][PASSED] - File 'C:\Users\Public\Pictures\Sample Pictures\Koala.jpg' sent to object: 'Object Repository/Final Object Repo/New Registration - Registration Module Pages/Third Screen - Upload Supporting Doc- Preview/Upload File Adding'

2018-12-12 15:20:24 - [TEST_STEP][PASSED] - click: Object: 'Object Repository/Final Object Repo/New Registration - Registration Module Pages/Third Screen - Upload Supporting Doc- Preview/Inner Form Add Document Button' is clicked on

2018-12-12 15:20:24 - [MESSAGE][PASSED] - Object: 'Object Repository/Final Object Repo/New Registration - Registration Module Pages/Third Screen - Upload Supporting Doc- Preview/Inner Form Add Document Button' is clicked on

2018-12-12 15:20:24 - [TEST_STEP][PASSED] - delay: Delayed 5 second(s)

2018-12-12 15:20:29 - [MESSAGE][PASSED] - Delayed 5 second(s)

2018-12-12 15:20:29 - [TEST_STEP][PASSED] - click: Object: 'Object Repository/Final Object Repo/New Registration - Registration Module Pages/Third Screen - Upload Supporting Doc- Preview/Add Document Button' is clicked on

2018-12-12 15:20:29 - [MESSAGE][PASSED] - Object: 'Object Repository/Final Object Repo/New Registration - Registration Module Pages/Third Screen - Upload Supporting Doc- Preview/Add Document Button' is clicked on

2018-12-12 15:20:29 - [TEST_STEP][PASSED] - delay: Delayed 30 second(s)

2018-12-12 15:20:59 - [MESSAGE][PASSED] - Delayed 30 second(s)

2018-12-12 15:20:59 - [TEST_STEP][PASSED] - click: Object: 'Object Repository/Final Object Repo/New Registration - Registration Module Pages/Third Screen - Upload Supporting Doc- Preview/Supporting Doc Please Select Drop Down' is clicked on

2018-12-12 15:20:59 - [MESSAGE][PASSED] - Object: 'Object Repository/Final Object Repo/New Registration - Registration Module Pages/Third Screen - Upload Supporting Doc- Preview/Supporting Doc Please Select Drop Down' is clicked on

2018-12-12 15:20:59 - [TEST_STEP][PASSED] - click: Object: 'Object Repository/Final Object Repo/New Registration - Registration Module Pages/Third Screen - Upload Supporting Doc- Preview/Select to Upload Borang SIP 1' is clicked on

2018-12-12 15:20:59 - [MESSAGE][PASSED] - Object: 'Object Repository/Final Object Repo/New Registration - Registration Module Pages/Third Screen - Upload Supporting Doc- Preview/Select to Upload Borang SIP 1' is clicked on

2018-12-12 15:20:59 - [TEST_STEP][PASSED] - delay: Delayed 2 second(s)

2018-12-12 15:21:01 - [MESSAGE][PASSED] - Delayed 2 second(s)

2018-12-12 15:21:01 - [TEST_STEP][PASSED] - uploadFile: File 'C:\Users\Public\Pictures\Sample Pictures\Koala.jpg' sent to object: 'Object Repository/Final Object Repo/New Registration - Registration Module Pages/Third Screen - Upload Supporting Doc- Preview/Upload File Adding'

2018-12-12 15:21:02 - [MESSAGE][PASSED] - File 'C:\Users\Public\Pictures\Sample Pictures\Koala.jpg' sent to object: 'Object Repository/Final Object Repo/New Registration - Registration Module Pages/Third Screen - Upload Supporting Doc- Preview/Upload File Adding'

2018-12-12 15:21:02 - [TEST_STEP][PASSED] - click: Object: 'Object Repository/Final Object Repo/New Registration - Registration Module Pages/Third Screen - Upload Supporting Doc- Preview/Inner Form Add Document Button' is clicked on

2018-12-12 15:21:02 - [MESSAGE][PASSED] - Object: 'Object Repository/Final Object Repo/New Registration - Registration Module Pages/Third Screen - Upload Supporting Doc- Preview/Inner Form Add Document Button' is clicked on

2018-12-12 15:21:02 - [TEST_STEP][PASSED] - delay: Delayed 5 second(s)

2018-12-12 15:21:07 - [MESSAGE][PASSED] - Delayed 5 second(s)

2018-12-12 15:21:07 - [TEST_STEP][PASSED] - click: Object: 'Object Repository/Final Object Repo/New Registration - Registration Module Pages/Third Screen - Upload Supporting Doc- Preview/Add Document Button' is clicked on

2018-12-12 15:21:07 - [MESSAGE][PASSED] - Object: 'Object Repository/Final Object Repo/New Registration - Registration Module Pages/Third Screen - Upload Supporting Doc- Preview/Add Document Button' is clicked on

2018-12-12 15:21:07 - [TEST_STEP][PASSED] - delay: Delayed 30 second(s)

2018-12-12 15:21:37 - [MESSAGE][PASSED] - Delayed 30 second(s)

2018-12-12 15:21:37 - [TEST_STEP][PASSED] - click: Object: 'Object Repository/Final Object Repo/New Registration - Registration Module Pages/Third Screen - Upload Supporting Doc- Preview/Supporting Doc Please Select Drop Down' is clicked on

2018-12-12 15:21:37 - [MESSAGE][PASSED] - Object: 'Object Repository/Final Object Repo/New Registration - Registration Module Pages/Third Screen - Upload Supporting Doc- Preview/Supporting Doc Please Select Drop Down' is clicked on

2018-12-12 15:21:37 - [TEST_STEP][PASSED] - delay: Delayed 3 second(s)

2018-12-12 15:21:40 - [MESSAGE][PASSED] - Delayed 3 second(s)

2018-12-12 15:21:40 - [TEST_STEP][PASSED] - click: Object: 'Object Repository/Final Object Repo/New Registration - Registration Module Pages/Third Screen - Upload Supporting Doc- Preview/Select to Upload Borang SIP 2' is clicked on

2018-12-12 15:21:40 - [MESSAGE][PASSED] - Object: 'Object Repository/Final Object Repo/New Registration - Registration Module Pages/Third Screen - Upload Supporting Doc- Preview/Select to Upload Borang SIP 2' is clicked on

2018-12-12 15:21:40 - [TEST_STEP][PASSED] - delay: Delayed 2 second(s)

2018-12-12 15:21:42 - [MESSAGE][PASSED] - Delayed 2 second(s)

2018-12-12 15:21:42 - [TEST_STEP][PASSED] - uploadFile: File 'C:\Users\Public\Pictures\Sample Pictures\Koala.jpg' sent to object: 'Object Repository/Final Object Repo/New Registration - Registration Module Pages/Third Screen - Upload Supporting Doc- Preview/Upload File Adding'

2018-12-12 15:21:42 - [MESSAGE][PASSED] - File 'C:\Users\Public\Pictures\Sample Pictures\Koala.jpg' sent to object: 'Object Repository/Final Object Repo/New Registration - Registration Module Pages/Third Screen - Upload Supporting Doc- Preview/Upload File Adding'

2018-12-12 15:21:42 - [TEST_STEP][PASSED] - delay: Delayed 5 second(s)

2018-12-12 15:21:47 - [MESSAGE][PASSED] - Delayed 5 second(s)

2018-12-12 15:21:47 - [TEST_STEP][PASSED] - click: Object: 'Object Repository/Final Object Repo/New Registration - Registration Module Pages/Third Screen - Upload Supporting Doc- Preview/Inner Form Add Document Button' is clicked on

2018-12-12 15:21:48 - [MESSAGE][PASSED] - Object: 'Object Repository/Final Object Repo/New Registration - Registration Module Pages/Third Screen - Upload Supporting Doc- Preview/Inner Form Add Document Button' is clicked on

2018-12-12 15:21:48 - [TEST_STEP][PASSED] - delay: Delayed 3 second(s)

2018-12-12 15:21:51 - [MESSAGE][PASSED] - Delayed 3 second(s)

2018-12-12 15:21:51 - [TEST_STEP][PASSED] - waitForElementClickable: Object 'Object Repository/Final Object Repo/New Registration - Registration Module Pages/Third Screen - Upload Supporting Doc- Preview/Save n Continue in Uploading Supporting Doc Page' is clickable

2018-12-12 15:21:52 - [MESSAGE][PASSED] - Object 'Object Repository/Final Object Repo/New Registration - Registration Module Pages/Third Screen - Upload Supporting Doc- Preview/Save n Continue in Uploading Supporting Doc Page' is clickable

2018-12-12 15:21:52 - [TEST_STEP][PASSED] - click: Object: 'Object Repository/Final Object Repo/New Registration - Registration Module Pages/Third Screen - Upload Supporting Doc- Preview/Save n Continue in Uploading Supporting Doc Page' is clicked on

2018-12-12 15:21:52 - [MESSAGE][PASSED] - Object: 'Object Repository/Final Object Repo/New Registration - Registration Module Pages/Third Screen - Upload Supporting Doc- Preview/Save n Continue in Uploading Supporting Doc Page' is clicked on

2018-12-12 15:21:52 - [MESSAGE][PASSED] - Call Test Case 'Test Cases/Final Aug 2018 - PKS Automation/Registration Module/New Registration/Flow of New Registration/Third Screen - Upload Supporting Doc - Preview' successfully

2018-12-12 15:21:52 - [TEST_STEP][PASSED] - callTestCase: Call Test Case 'Test Cases/Final Aug 2018 - PKS Automation/Registration Module/New Registration/Submit and Screenshot/Submit Registration and Screenshot' successfully

2018-12-12 15:21:52 - [TEST_CASE][PASSED] - Test Cases/Final Aug 2018 - PKS Automation/Registration Module/New Registration/Submit and Screenshot/Submit Registration and Screenshot: Test Cases/Final Aug 2018 - PKS Automation/Registration Module/New Registration/Submit and Screenshot/Submit Registration and Screenshot

2018-12-12 15:21:52 - [TEST_STEP][PASSED] - delay: Delayed 6 second(s)

2018-12-12 15:21:58 - [MESSAGE][PASSED] - Delayed 6 second(s)

2018-12-12 15:21:58 - [TEST_STEP][PASSED] - click: Object: 'Object Repository/Final Object Repo/New Registration - Registration Module Pages/Third Screen - Upload Supporting Doc- Preview/Preview Submit Button' is clicked on

2018-12-12 15:21:58 - [MESSAGE][PASSED] - Object: 'Object Repository/Final Object Repo/New Registration - Registration Module Pages/Third Screen - Upload Supporting Doc- Preview/Preview Submit Button' is clicked on

2018-12-12 15:21:58 - [TEST_STEP][PASSED] - delay: Delayed 2 second(s)

2018-12-12 15:22:00 - [MESSAGE][PASSED] - Delayed 2 second(s)

2018-12-12 15:22:00 - [TEST_STEP][PASSED] - click: Object: 'Object Repository/Final Object Repo/New Registration - Registration Module Pages/Third Screen - Upload Supporting Doc- Preview/Preview Submit - Confirm' is clicked on

2018-12-12 15:22:00 - [MESSAGE][PASSED] - Object: 'Object Repository/Final Object Repo/New Registration - Registration Module Pages/Third Screen - Upload Supporting Doc- Preview/Preview Submit - Confirm' is clicked on

2018-12-12 15:22:00 - [TEST_STEP][PASSED] - delay: Delayed 15 second(s)

2018-12-12 15:22:15 - [MESSAGE][PASSED] - Delayed 15 second(s)

2018-12-12 15:22:15 - [TEST_STEP][PASSED] - Statement - driver = com.kms.katalon.core.webui.driver.DriverFactory.getWebDriver(): null

2018-12-12 15:22:15 - [TEST_STEP][PASSED] - Statement - driver.manage().timeouts().implicitlyWait(10, SECONDS): null

2018-12-12 15:22:15 - [TEST_STEP][PASSED] - Statement - PresavePath = KatalonScreenshots: null

2018-12-12 15:22:15 - [TEST_STEP][PASSED] - Statement - pathPrefix = "C:\Users\Public\Pictures\Sample Pictures\Katalon Screenshots\Automate Ending Screen": null

2018-12-12 15:22:15 - [TEST_STEP][PASSED] - Statement - finalPath = <not implemented yet for class: org.codehaus.groovy.ast.expr.EmptyExpression>: null

2018-12-12 15:22:15 - [TEST_STEP][PASSED] - Statement - scrFile = driver.getScreenshotAs(FILE): null

2018-12-12 15:22:16 - [TEST_STEP][PASSED] - Statement - PreSaveFile = new java.io.File(PresavePath): null

2018-12-12 15:22:16 - [TEST_STEP][PASSED] - Statement - counter = 0: null

2018-12-12 15:22:16 - [TEST_STEP][PASSED] - Statement - If (PreSaveFile.exists()): null

2018-12-12 15:22:16 - [TEST_STEP][PASSED] - Statement - While (PreSaveFile.exists()): null

2018-12-12 15:22:16 - [TEST_STEP][PASSED] - Statement - counter = counter + 1: null

2018-12-12 15:22:16 - [TEST_STEP][PASSED] - Statement - PreSaveFile = new java.io.File(((pathPrefix + java.lang.Integer.toString(counter)) + .png)): null

2018-12-12 15:22:16 - [TEST_STEP][PASSED] - Statement - counter = counter + 1: null

2018-12-12 15:22:16 - [TEST_STEP][PASSED] - Statement - PreSaveFile = new java.io.File(((pathPrefix + java.lang.Integer.toString(counter)) + .png)): null

2018-12-12 15:22:16 - [TEST_STEP][PASSED] - Statement - counter = counter + 1: null

2018-12-12 15:22:16 - [TEST_STEP][PASSED] - Statement - PreSaveFile = new java.io.File(((pathPrefix + java.lang.Integer.toString(counter)) + .png)): null

2018-12-12 15:22:16 - [TEST_STEP][PASSED] - Statement - counter = counter + 1: null

2018-12-12 15:22:16 - [TEST_STEP][PASSED] - Statement - PreSaveFile = new java.io.File(((pathPrefix + java.lang.Integer.toString(counter)) + .png)): null

2018-12-12 15:22:16 - [TEST_STEP][PASSED] - Statement - counter = counter + 1: null

2018-12-12 15:22:16 - [TEST_STEP][PASSED] - Statement - PreSaveFile = new java.io.File(((pathPrefix + java.lang.Integer.toString(counter)) + .png)): null

2018-12-12 15:22:16 - [TEST_STEP][PASSED] - Statement - counter = counter + 1: null

2018-12-12 15:22:16 - [TEST_STEP][PASSED] - Statement - PreSaveFile = new java.io.File(((pathPrefix + java.lang.Integer.toString(counter)) + .png)): null

2018-12-12 15:22:16 - [TEST_STEP][PASSED] - Statement - counter = counter + 1: null

2018-12-12 15:22:16 - [TEST_STEP][PASSED] - Statement - PreSaveFile = new java.io.File(((pathPrefix + java.lang.Integer.toString(counter)) + .png)): null

2018-12-12 15:22:16 - [TEST_STEP][PASSED] - Statement - counter = counter + 1: null

2018-12-12 15:22:16 - [TEST_STEP][PASSED] - Statement - PreSaveFile = new java.io.File(((pathPrefix + java.lang.Integer.toString(counter)) + .png)): null

2018-12-12 15:22:16 - [TEST_STEP][PASSED] - Statement - counter = counter + 1: null

2018-12-12 15:22:16 - [TEST_STEP][PASSED] - Statement - PreSaveFile = new java.io.File(((pathPrefix + java.lang.Integer.toString(counter)) + .png)): null

2018-12-12 15:22:16 - [TEST_STEP][PASSED] - Statement - counter = counter + 1: null

2018-12-12 15:22:16 - [TEST_STEP][PASSED] - Statement - PreSaveFile = new java.io.File(((pathPrefix + java.lang.Integer.toString(counter)) + .png)): null

2018-12-12 15:22:16 - [TEST_STEP][PASSED] - Statement - counter = counter + 1: null

2018-12-12 15:22:16 - [TEST_STEP][PASSED] - Statement - PreSaveFile = new java.io.File(((pathPrefix + java.lang.Integer.toString(counter)) + .png)): null

2018-12-12 15:22:16 - [TEST_STEP][PASSED] - Statement - counter = counter + 1: null

2018-12-12 15:22:16 - [TEST_STEP][PASSED] - Statement - PreSaveFile = new java.io.File(((pathPrefix + java.lang.Integer.toString(counter)) + .png)): null

2018-12-12 15:22:16 - [TEST_STEP][PASSED] - Statement - counter = counter + 1: null

2018-12-12 15:22:16 - [TEST_STEP][PASSED] - Statement - PreSaveFile = new java.io.File(((pathPrefix + java.lang.Integer.toString(counter)) + .png)): null

2018-12-12 15:22:16 - [TEST_STEP][PASSED] - Statement - counter = counter + 1: null

2018-12-12 15:22:16 - [TEST_STEP][PASSED] - Statement - PreSaveFile = new java.io.File(((pathPrefix + java.lang.Integer.toString(counter)) + .png)): null

2018-12-12 15:22:16 - [TEST_STEP][PASSED] - Statement - counter = counter + 1: null

2018-12-12 15:22:16 - [TEST_STEP][PASSED] - Statement - PreSaveFile = new java.io.File(((pathPrefix + java.lang.Integer.toString(counter)) + .png)): null

2018-12-12 15:22:16 - [TEST_STEP][PASSED] - Statement - counter = counter + 1: null

2018-12-12 15:22:16 - [TEST_STEP][PASSED] - Statement - PreSaveFile = new java.io.File(((pathPrefix + java.lang.Integer.toString(counter)) + .png)): null

2018-12-12 15:22:16 - [TEST_STEP][PASSED] - Statement - counter = counter + 1: null

2018-12-12 15:22:16 - [TEST_STEP][PASSED] - Statement - PreSaveFile = new java.io.File(((pathPrefix + java.lang.Integer.toString(counter)) + .png)): null

2018-12-12 15:22:16 - [TEST_STEP][PASSED] - Statement - counter = counter + 1: null

2018-12-12 15:22:16 - [TEST_STEP][PASSED] - Statement - PreSaveFile = new java.io.File(((pathPrefix + java.lang.Integer.toString(counter)) + .png)): null

2018-12-12 15:22:16 - [TEST_STEP][PASSED] - Statement - counter = counter + 1: null

2018-12-12 15:22:16 - [TEST_STEP][PASSED] - Statement - PreSaveFile = new java.io.File(((pathPrefix + java.lang.Integer.toString(counter)) + .png)): null

2018-12-12 15:22:16 - [TEST_STEP][PASSED] - Statement - counter = counter + 1: null

2018-12-12 15:22:16 - [TEST_STEP][PASSED] - Statement - PreSaveFile = new java.io.File(((pathPrefix + java.lang.Integer.toString(counter)) + .png)): null

2018-12-12 15:22:16 - [TEST_STEP][PASSED] - Statement - counter = counter + 1: null

2018-12-12 15:22:16 - [TEST_STEP][PASSED] - Statement - PreSaveFile = new java.io.File(((pathPrefix + java.lang.Integer.toString(counter)) + .png)): null

2018-12-12 15:22:16 - [TEST_STEP][PASSED] - Statement - counter = counter + 1: null

2018-12-12 15:22:16 - [TEST_STEP][PASSED] - Statement - PreSaveFile = new java.io.File(((pathPrefix + java.lang.Integer.toString(counter)) + .png)): null

2018-12-12 15:22:16 - [TEST_STEP][PASSED] - Statement - counter = counter + 1: null

2018-12-12 15:22:16 - [TEST_STEP][PASSED] - Statement - PreSaveFile = new java.io.File(((pathPrefix + java.lang.Integer.toString(counter)) + .png)): null

2018-12-12 15:22:16 - [TEST_STEP][PASSED] - Statement - counter = counter + 1: null

2018-12-12 15:22:16 - [TEST_STEP][PASSED] - Statement - PreSaveFile = new java.io.File(((pathPrefix + java.lang.Integer.toString(counter)) + .png)): null

2018-12-12 15:22:16 - [TEST_STEP][PASSED] - Statement - counter = counter + 1: null

2018-12-12 15:22:16 - [TEST_STEP][PASSED] - Statement - PreSaveFile = new java.io.File(((pathPrefix + java.lang.Integer.toString(counter)) + .png)): null

2018-12-12 15:22:16 - [TEST_STEP][PASSED] - Statement - counter = counter + 1: null

2018-12-12 15:22:16 - [TEST_STEP][PASSED] - Statement - PreSaveFile = new java.io.File(((pathPrefix + java.lang.Integer.toString(counter)) + .png)): null

2018-12-12 15:22:16 - [TEST_STEP][PASSED] - Statement - counter = counter + 1: null

2018-12-12 15:22:16 - [TEST_STEP][PASSED] - Statement - PreSaveFile = new java.io.File(((pathPrefix + java.lang.Integer.toString(counter)) + .png)): null

2018-12-12 15:22:16 - [TEST_STEP][PASSED] - Statement - counter = counter + 1: null

2018-12-12 15:22:16 - [TEST_STEP][PASSED] - Statement - PreSaveFile = new java.io.File(((pathPrefix + java.lang.Integer.toString(counter)) + .png)): null

2018-12-12 15:22:16 - [TEST_STEP][PASSED] - Statement - counter = counter + 1: null

2018-12-12 15:22:16 - [TEST_STEP][PASSED] - Statement - PreSaveFile = new java.io.File(((pathPrefix + java.lang.Integer.toString(counter)) + .png)): null

2018-12-12 15:22:16 - [TEST_STEP][PASSED] - Statement - counter = counter + 1: null

2018-12-12 15:22:16 - [TEST_STEP][PASSED] - Statement - PreSaveFile = new java.io.File(((pathPrefix + java.lang.Integer.toString(counter)) + .png)): null

2018-12-12 15:22:16 - [TEST_STEP][PASSED] - Statement - counter = counter + 1: null

2018-12-12 15:22:16 - [TEST_STEP][PASSED] - Statement - PreSaveFile = new java.io.File(((pathPrefix + java.lang.Integer.toString(counter)) + .png)): null

2018-12-12 15:22:16 - [TEST_STEP][PASSED] - Statement - counter = counter + 1: null

2018-12-12 15:22:16 - [TEST_STEP][PASSED] - Statement - PreSaveFile = new java.io.File(((pathPrefix + java.lang.Integer.toString(counter)) + .png)): null

2018-12-12 15:22:16 - [TEST_STEP][PASSED] - Statement - counter = counter + 1: null

2018-12-12 15:22:16 - [TEST_STEP][PASSED] - Statement - PreSaveFile = new java.io.File(((pathPrefix + java.lang.Integer.toString(counter)) + .png)): null

2018-12-12 15:22:16 - [TEST_STEP][PASSED] - Statement - counter = counter + 1: null

2018-12-12 15:22:16 - [TEST_STEP][PASSED] - Statement - PreSaveFile = new java.io.File(((pathPrefix + java.lang.Integer.toString(counter)) + .png)): null

2018-12-12 15:22:16 - [TEST_STEP][PASSED] - Statement - counter = counter + 1: null

2018-12-12 15:22:16 - [TEST_STEP][PASSED] - Statement - PreSaveFile = new java.io.File(((pathPrefix + java.lang.Integer.toString(counter)) + .png)): null

2018-12-12 15:22:16 - [TEST_STEP][PASSED] - Statement - counter = counter + 1: null

2018-12-12 15:22:16 - [TEST_STEP][PASSED] - Statement - PreSaveFile = new java.io.File(((pathPrefix + java.lang.Integer.toString(counter)) + .png)): null

2018-12-12 15:22:16 - [TEST_STEP][PASSED] - Statement - counter = counter + 1: null

2018-12-12 15:22:16 - [TEST_STEP][PASSED] - Statement - PreSaveFile = new java.io.File(((pathPrefix + java.lang.Integer.toString(counter)) + .png)): null

2018-12-12 15:22:16 - [TEST_STEP][PASSED] - Statement - counter = counter + 1: null

2018-12-12 15:22:16 - [TEST_STEP][PASSED] - Statement - PreSaveFile = new java.io.File(((pathPrefix + java.lang.Integer.toString(counter)) + .png)): null

2018-12-12 15:22:16 - [TEST_STEP][PASSED] - Statement - counter = counter + 1: null

2018-12-12 15:22:16 - [TEST_STEP][PASSED] - Statement - PreSaveFile = new java.io.File(((pathPrefix + java.lang.Integer.toString(counter)) + .png)): null

2018-12-12 15:22:16 - [TEST_STEP][PASSED] - Statement - counter = counter + 1: null

2018-12-12 15:22:16 - [TEST_STEP][PASSED] - Statement - PreSaveFile = new java.io.File(((pathPrefix + java.lang.Integer.toString(counter)) + .png)): null

2018-12-12 15:22:16 - [TEST_STEP][PASSED] - Statement - counter = counter + 1: null

2018-12-12 15:22:16 - [TEST_STEP][PASSED] - Statement - PreSaveFile = new java.io.File(((pathPrefix + java.lang.Integer.toString(counter)) + .png)): null

2018-12-12 15:22:16 - [TEST_STEP][PASSED] - Statement - counter = counter + 1: null

2018-12-12 15:22:16 - [TEST_STEP][PASSED] - Statement - PreSaveFile = new java.io.File(((pathPrefix + java.lang.Integer.toString(counter)) + .png)): null

2018-12-12 15:22:16 - [TEST_STEP][PASSED] - Statement - counter = counter + 1: null

2018-12-12 15:22:16 - [TEST_STEP][PASSED] - Statement - PreSaveFile = new java.io.File(((pathPrefix + java.lang.Integer.toString(counter)) + .png)): null

2018-12-12 15:22:16 - [TEST_STEP][PASSED] - Statement - counter = counter + 1: null

2018-12-12 15:22:16 - [TEST_STEP][PASSED] - Statement - PreSaveFile = new java.io.File(((pathPrefix + java.lang.Integer.toString(counter)) + .png)): null

2018-12-12 15:22:16 - [TEST_STEP][PASSED] - Statement - counter = counter + 1: null

2018-12-12 15:22:16 - [TEST_STEP][PASSED] - Statement - PreSaveFile = new java.io.File(((pathPrefix + java.lang.Integer.toString(counter)) + .png)): null

2018-12-12 15:22:16 - [TEST_STEP][PASSED] - Statement - counter = counter + 1: null

2018-12-12 15:22:16 - [TEST_STEP][PASSED] - Statement - PreSaveFile = new java.io.File(((pathPrefix + java.lang.Integer.toString(counter)) + .png)): null

2018-12-12 15:22:16 - [TEST_STEP][PASSED] - Statement - counter = counter + 1: null

2018-12-12 15:22:16 - [TEST_STEP][PASSED] - Statement - PreSaveFile = new java.io.File(((pathPrefix + java.lang.Integer.toString(counter)) + .png)): null

2018-12-12 15:22:16 - [TEST_STEP][PASSED] - Statement - counter = counter + 1: null

2018-12-12 15:22:16 - [TEST_STEP][PASSED] - Statement - PreSaveFile = new java.io.File(((pathPrefix + java.lang.Integer.toString(counter)) + .png)): null

2018-12-12 15:22:16 - [TEST_STEP][PASSED] - Statement - counter = counter + 1: null

2018-12-12 15:22:16 - [TEST_STEP][PASSED] - Statement - PreSaveFile = new java.io.File(((pathPrefix + java.lang.Integer.toString(counter)) + .png)): null

2018-12-12 15:22:16 - [TEST_STEP][PASSED] - Statement - counter = counter + 1: null

2018-12-12 15:22:16 - [TEST_STEP][PASSED] - Statement - PreSaveFile = new java.io.File(((pathPrefix + java.lang.Integer.toString(counter)) + .png)): null

2018-12-12 15:22:16 - [TEST_STEP][PASSED] - Statement - counter = counter + 1: null

2018-12-12 15:22:16 - [TEST_STEP][PASSED] - Statement - PreSaveFile = new java.io.File(((pathPrefix + java.lang.Integer.toString(counter)) + .png)): null

2018-12-12 15:22:16 - [TEST_STEP][PASSED] - Statement - counter = counter + 1: null

2018-12-12 15:22:16 - [TEST_STEP][PASSED] - Statement - PreSaveFile = new java.io.File(((pathPrefix + java.lang.Integer.toString(counter)) + .png)): null

2018-12-12 15:22:16 - [TEST_STEP][PASSED] - Statement - counter = counter + 1: null

2018-12-12 15:22:16 - [TEST_STEP][PASSED] - Statement - PreSaveFile = new java.io.File(((pathPrefix + java.lang.Integer.toString(counter)) + .png)): null

2018-12-12 15:22:16 - [TEST_STEP][PASSED] - Statement - counter = counter + 1: null

2018-12-12 15:22:16 - [TEST_STEP][PASSED] - Statement - PreSaveFile = new java.io.File(((pathPrefix + java.lang.Integer.toString(counter)) + .png)): null

2018-12-12 15:22:16 - [TEST_STEP][PASSED] - Statement - counter = counter + 1: null

2018-12-12 15:22:16 - [TEST_STEP][PASSED] - Statement - PreSaveFile = new java.io.File(((pathPrefix + java.lang.Integer.toString(counter)) + .png)): null

2018-12-12 15:22:16 - [TEST_STEP][PASSED] - Statement - counter = counter + 1: null

2018-12-12 15:22:16 - [TEST_STEP][PASSED] - Statement - PreSaveFile = new java.io.File(((pathPrefix + java.lang.Integer.toString(counter)) + .png)): null

2018-12-12 15:22:16 - [TEST_STEP][PASSED] - Statement - counter = counter + 1: null

2018-12-12 15:22:16 - [TEST_STEP][PASSED] - Statement - PreSaveFile = new java.io.File(((pathPrefix + java.lang.Integer.toString(counter)) + .png)): null

2018-12-12 15:22:16 - [TEST_STEP][PASSED] - Statement - counter = counter + 1: null

2018-12-12 15:22:16 - [TEST_STEP][PASSED] - Statement - PreSaveFile = new java.io.File(((pathPrefix + java.lang.Integer.toString(counter)) + .png)): null

2018-12-12 15:22:16 - [TEST_STEP][PASSED] - Statement - counter = counter + 1: null

2018-12-12 15:22:16 - [TEST_STEP][PASSED] - Statement - PreSaveFile = new java.io.File(((pathPrefix + java.lang.Integer.toString(counter)) + .png)): null

2018-12-12 15:22:16 - [TEST_STEP][PASSED] - Statement - counter = counter + 1: null

2018-12-12 15:22:16 - [TEST_STEP][PASSED] - Statement - PreSaveFile = new java.io.File(((pathPrefix + java.lang.Integer.toString(counter)) + .png)): null

2018-12-12 15:22:16 - [TEST_STEP][PASSED] - Statement - counter = counter + 1: null

2018-12-12 15:22:16 - [TEST_STEP][PASSED] - Statement - PreSaveFile = new java.io.File(((pathPrefix + java.lang.Integer.toString(counter)) + .png)): null

2018-12-12 15:22:16 - [TEST_STEP][PASSED] - Statement - counter = counter + 1: null

2018-12-12 15:22:16 - [TEST_STEP][PASSED] - Statement - PreSaveFile = new java.io.File(((pathPrefix + java.lang.Integer.toString(counter)) + .png)): null

2018-12-12 15:22:16 - [TEST_STEP][PASSED] - Statement - counter = counter + 1: null

2018-12-12 15:22:16 - [TEST_STEP][PASSED] - Statement - PreSaveFile = new java.io.File(((pathPrefix + java.lang.Integer.toString(counter)) + .png)): null

2018-12-12 15:22:16 - [TEST_STEP][PASSED] - Statement - counter = counter + 1: null

2018-12-12 15:22:16 - [TEST_STEP][PASSED] - Statement - PreSaveFile = new java.io.File(((pathPrefix + java.lang.Integer.toString(counter)) + .png)): null

2018-12-12 15:22:16 - [TEST_STEP][PASSED] - Statement - counter = counter + 1: null

2018-12-12 15:22:16 - [TEST_STEP][PASSED] - Statement - PreSaveFile = new java.io.File(((pathPrefix + java.lang.Integer.toString(counter)) + .png)): null

2018-12-12 15:22:16 - [TEST_STEP][PASSED] - Statement - counter = counter + 1: null

2018-12-12 15:22:16 - [TEST_STEP][PASSED] - Statement - PreSaveFile = new java.io.File(((pathPrefix + java.lang.Integer.toString(counter)) + .png)): null

2018-12-12 15:22:16 - [TEST_STEP][PASSED] - Statement - counter = counter + 1: null

2018-12-12 15:22:16 - [TEST_STEP][PASSED] - Statement - PreSaveFile = new java.io.File(((pathPrefix + java.lang.Integer.toString(counter)) + .png)): null

2018-12-12 15:22:16 - [TEST_STEP][PASSED] - Statement - counter = counter + 1: null

2018-12-12 15:22:16 - [TEST_STEP][PASSED] - Statement - PreSaveFile = new java.io.File(((pathPrefix + java.lang.Integer.toString(counter)) + .png)): null

2018-12-12 15:22:16 - [TEST_STEP][PASSED] - Statement - counter = counter + 1: null

2018-12-12 15:22:16 - [TEST_STEP][PASSED] - Statement - PreSaveFile = new java.io.File(((pathPrefix + java.lang.Integer.toString(counter)) + .png)): null

2018-12-12 15:22:16 - [TEST_STEP][PASSED] - Statement - counter = counter + 1: null

2018-12-12 15:22:16 - [TEST_STEP][PASSED] - Statement - PreSaveFile = new java.io.File(((pathPrefix + java.lang.Integer.toString(counter)) + .png)): null

2018-12-12 15:22:16 - [TEST_STEP][PASSED] - Statement - counter = counter + 1: null

2018-12-12 15:22:16 - [TEST_STEP][PASSED] - Statement - PreSaveFile = new java.io.File(((pathPrefix + java.lang.Integer.toString(counter)) + .png)): null

2018-12-12 15:22:16 - [TEST_STEP][PASSED] - Statement - counter = counter + 1: null

2018-12-12 15:22:16 - [TEST_STEP][PASSED] - Statement - PreSaveFile = new java.io.File(((pathPrefix + java.lang.Integer.toString(counter)) + .png)): null

2018-12-12 15:22:16 - [TEST_STEP][PASSED] - Statement - counter = counter + 1: null

2018-12-12 15:22:16 - [TEST_STEP][PASSED] - Statement - PreSaveFile = new java.io.File(((pathPrefix + java.lang.Integer.toString(counter)) + .png)): null

2018-12-12 15:22:16 - [TEST_STEP][PASSED] - Statement - counter = counter + 1: null

2018-12-12 15:22:16 - [TEST_STEP][PASSED] - Statement - PreSaveFile = new java.io.File(((pathPrefix + java.lang.Integer.toString(counter)) + .png)): null

2018-12-12 15:22:16 - [TEST_STEP][PASSED] - Statement - counter = counter + 1: null

2018-12-12 15:22:16 - [TEST_STEP][PASSED] - Statement - PreSaveFile = new java.io.File(((pathPrefix + java.lang.Integer.toString(counter)) + .png)): null

2018-12-12 15:22:16 - [TEST_STEP][PASSED] - Statement - counter = counter + 1: null

2018-12-12 15:22:16 - [TEST_STEP][PASSED] - Statement - PreSaveFile = new java.io.File(((pathPrefix + java.lang.Integer.toString(counter)) + .png)): null

2018-12-12 15:22:16 - [TEST_STEP][PASSED] - Statement - counter = counter + 1: null

2018-12-12 15:22:16 - [TEST_STEP][PASSED] - Statement - PreSaveFile = new java.io.File(((pathPrefix + java.lang.Integer.toString(counter)) + .png)): null

2018-12-12 15:22:16 - [TEST_STEP][PASSED] - Statement - counter = counter + 1: null

2018-12-12 15:22:16 - [TEST_STEP][PASSED] - Statement - PreSaveFile = new java.io.File(((pathPrefix + java.lang.Integer.toString(counter)) + .png)): null

2018-12-12 15:22:16 - [TEST_STEP][PASSED] - Statement - counter = counter + 1: null

2018-12-12 15:22:16 - [TEST_STEP][PASSED] - Statement - PreSaveFile = new java.io.File(((pathPrefix + java.lang.Integer.toString(counter)) + .png)): null

2018-12-12 15:22:16 - [TEST_STEP][PASSED] - Statement - counter = counter + 1: null

2018-12-12 15:22:16 - [TEST_STEP][PASSED] - Statement - PreSaveFile = new java.io.File(((pathPrefix + java.lang.Integer.toString(counter)) + .png)): null

2018-12-12 15:22:16 - [TEST_STEP][PASSED] - Statement - counter = counter + 1: null

2018-12-12 15:22:16 - [TEST_STEP][PASSED] - Statement - PreSaveFile = new java.io.File(((pathPrefix + java.lang.Integer.toString(counter)) + .png)): null

2018-12-12 15:22:16 - [TEST_STEP][PASSED] - Statement - counter = counter + 1: null

2018-12-12 15:22:16 - [TEST_STEP][PASSED] - Statement - PreSaveFile = new java.io.File(((pathPrefix + java.lang.Integer.toString(counter)) + .png)): null

2018-12-12 15:22:16 - [TEST_STEP][PASSED] - Statement - counter = counter + 1: null

2018-12-12 15:22:16 - [TEST_STEP][PASSED] - Statement - PreSaveFile = new java.io.File(((pathPrefix + java.lang.Integer.toString(counter)) + .png)): null

2018-12-12 15:22:16 - [TEST_STEP][PASSED] - Statement - counter = counter + 1: null

2018-12-12 15:22:16 - [TEST_STEP][PASSED] - Statement - PreSaveFile = new java.io.File(((pathPrefix + java.lang.Integer.toString(counter)) + .png)): null

2018-12-12 15:22:16 - [TEST_STEP][PASSED] - Statement - counter = counter + 1: null

2018-12-12 15:22:16 - [TEST_STEP][PASSED] - Statement - PreSaveFile = new java.io.File(((pathPrefix + java.lang.Integer.toString(counter)) + .png)): null

2018-12-12 15:22:16 - [TEST_STEP][PASSED] - Statement - counter = counter + 1: null

2018-12-12 15:22:16 - [TEST_STEP][PASSED] - Statement - PreSaveFile = new java.io.File(((pathPrefix + java.lang.Integer.toString(counter)) + .png)): null

2018-12-12 15:22:16 - [TEST_STEP][PASSED] - Statement - counter = counter + 1: null

2018-12-12 15:22:16 - [TEST_STEP][PASSED] - Statement - PreSaveFile = new java.io.File(((pathPrefix + java.lang.Integer.toString(counter)) + .png)): null

2018-12-12 15:22:16 - [TEST_STEP][PASSED] - Statement - counter = counter + 1: null

2018-12-12 15:22:16 - [TEST_STEP][PASSED] - Statement - PreSaveFile = new java.io.File(((pathPrefix + java.lang.Integer.toString(counter)) + .png)): null

2018-12-12 15:22:16 - [TEST_STEP][PASSED] - Statement - counter = counter + 1: null

2018-12-12 15:22:16 - [TEST_STEP][PASSED] - Statement - PreSaveFile = new java.io.File(((pathPrefix + java.lang.Integer.toString(counter)) + .png)): null

2018-12-12 15:22:16 - [TEST_STEP][PASSED] - Statement - counter = counter + 1: null

2018-12-12 15:22:16 - [TEST_STEP][PASSED] - Statement - PreSaveFile = new java.io.File(((pathPrefix + java.lang.Integer.toString(counter)) + .png)): null

2018-12-12 15:22:16 - [TEST_STEP][PASSED] - Statement - counter = counter + 1: null

2018-12-12 15:22:16 - [TEST_STEP][PASSED] - Statement - PreSaveFile = new java.io.File(((pathPrefix + java.lang.Integer.toString(counter)) + .png)): null

2018-12-12 15:22:16 - [TEST_STEP][PASSED] - Statement - counter = counter + 1: null

2018-12-12 15:22:16 - [TEST_STEP][PASSED] - Statement - PreSaveFile = new java.io.File(((pathPrefix + java.lang.Integer.toString(counter)) + .png)): null

2018-12-12 15:22:16 - [TEST_STEP][PASSED] - Statement - counter = counter + 1: null

2018-12-12 15:22:16 - [TEST_STEP][PASSED] - Statement - PreSaveFile = new java.io.File(((pathPrefix + java.lang.Integer.toString(counter)) + .png)): null

2018-12-12 15:22:16 - [TEST_STEP][PASSED] - Statement - counter = counter + 1: null

2018-12-12 15:22:16 - [TEST_STEP][PASSED] - Statement - PreSaveFile = new java.io.File(((pathPrefix + java.lang.Integer.toString(counter)) + .png)): null

2018-12-12 15:22:16 - [TEST_STEP][PASSED] - Statement - counter = counter + 1: null

2018-12-12 15:22:16 - [TEST_STEP][PASSED] - Statement - PreSaveFile = new java.io.File(((pathPrefix + java.lang.Integer.toString(counter)) + .png)): null

2018-12-12 15:22:16 - [TEST_STEP][PASSED] - Statement - counter = counter + 1: null

2018-12-12 15:22:16 - [TEST_STEP][PASSED] - Statement - PreSaveFile = new java.io.File(((pathPrefix + java.lang.Integer.toString(counter)) + .png)): null

2018-12-12 15:22:16 - [TEST_STEP][PASSED] - Statement - counter = counter + 1: null

2018-12-12 15:22:16 - [TEST_STEP][PASSED] - Statement - PreSaveFile = new java.io.File(((pathPrefix + java.lang.Integer.toString(counter)) + .png)): null

2018-12-12 15:22:16 - [TEST_STEP][PASSED] - Statement - counter = counter + 1: null

2018-12-12 15:22:16 - [TEST_STEP][PASSED] - Statement - PreSaveFile = new java.io.File(((pathPrefix + java.lang.Integer.toString(counter)) + .png)): null

2018-12-12 15:22:16 - [TEST_STEP][PASSED] - Statement - counter = counter + 1: null

2018-12-12 15:22:16 - [TEST_STEP][PASSED] - Statement - PreSaveFile = new java.io.File(((pathPrefix + java.lang.Integer.toString(counter)) + .png)): null

2018-12-12 15:22:16 - [TEST_STEP][PASSED] - Statement - counter = counter + 1: null

2018-12-12 15:22:16 - [TEST_STEP][PASSED] - Statement - PreSaveFile = new java.io.File(((pathPrefix + java.lang.Integer.toString(counter)) + .png)): null

2018-12-12 15:22:16 - [TEST_STEP][PASSED] - Statement - counter = counter + 1: null

2018-12-12 15:22:16 - [TEST_STEP][PASSED] - Statement - PreSaveFile = new java.io.File(((pathPrefix + java.lang.Integer.toString(counter)) + .png)): null

2018-12-12 15:22:16 - [TEST_STEP][PASSED] - Statement - counter = counter + 1: null

2018-12-12 15:22:16 - [TEST_STEP][PASSED] - Statement - PreSaveFile = new java.io.File(((pathPrefix + java.lang.Integer.toString(counter)) + .png)): null

2018-12-12 15:22:16 - [TEST_STEP][PASSED] - Statement - counter = counter + 1: null

2018-12-12 15:22:16 - [TEST_STEP][PASSED] - Statement - PreSaveFile = new java.io.File(((pathPrefix + java.lang.Integer.toString(counter)) + .png)): null

2018-12-12 15:22:16 - [TEST_STEP][PASSED] - Statement - counter = counter + 1: null

2018-12-12 15:22:16 - [TEST_STEP][PASSED] - Statement - PreSaveFile = new java.io.File(((pathPrefix + java.lang.Integer.toString(counter)) + .png)): null

2018-12-12 15:22:16 - [TEST_STEP][PASSED] - Statement - counter = counter + 1: null

2018-12-12 15:22:16 - [TEST_STEP][PASSED] - Statement - PreSaveFile = new java.io.File(((pathPrefix + java.lang.Integer.toString(counter)) + .png)): null

2018-12-12 15:22:16 - [TEST_STEP][PASSED] - Statement - counter = counter + 1: null

2018-12-12 15:22:16 - [TEST_STEP][PASSED] - Statement - PreSaveFile = new java.io.File(((pathPrefix + java.lang.Integer.toString(counter)) + .png)): null

2018-12-12 15:22:16 - [TEST_STEP][PASSED] - Statement - counter = counter + 1: null

2018-12-12 15:22:16 - [TEST_STEP][PASSED] - Statement - PreSaveFile = new java.io.File(((pathPrefix + java.lang.Integer.toString(counter)) + .png)): null

2018-12-12 15:22:16 - [TEST_STEP][PASSED] - Statement - counter = counter + 1: null

2018-12-12 15:22:16 - [TEST_STEP][PASSED] - Statement - PreSaveFile = new java.io.File(((pathPrefix + java.lang.Integer.toString(counter)) + .png)): null

2018-12-12 15:22:16 - [TEST_STEP][PASSED] - Statement - counter = counter + 1: null

2018-12-12 15:22:16 - [TEST_STEP][PASSED] - Statement - PreSaveFile = new java.io.File(((pathPrefix + java.lang.Integer.toString(counter)) + .png)): null

2018-12-12 15:22:16 - [TEST_STEP][PASSED] - Statement - counter = counter + 1: null

2018-12-12 15:22:16 - [TEST_STEP][PASSED] - Statement - PreSaveFile = new java.io.File(((pathPrefix + java.lang.Integer.toString(counter)) + .png)): null

2018-12-12 15:22:16 - [TEST_STEP][PASSED] - Statement - counter = counter + 1: null

2018-12-12 15:22:16 - [TEST_STEP][PASSED] - Statement - PreSaveFile = new java.io.File(((pathPrefix + java.lang.Integer.toString(counter)) + .png)): null

2018-12-12 15:22:16 - [TEST_STEP][PASSED] - Statement - counter = counter + 1: null

2018-12-12 15:22:16 - [TEST_STEP][PASSED] - Statement - PreSaveFile = new java.io.File(((pathPrefix + java.lang.Integer.toString(counter)) + .png)): null

2018-12-12 15:22:16 - [TEST_STEP][PASSED] - Statement - counter = counter + 1: null

2018-12-12 15:22:16 - [TEST_STEP][PASSED] - Statement - PreSaveFile = new java.io.File(((pathPrefix + java.lang.Integer.toString(counter)) + .png)): null

2018-12-12 15:22:16 - [TEST_STEP][PASSED] - Statement - counter = counter + 1: null

2018-12-12 15:22:16 - [TEST_STEP][PASSED] - Statement - PreSaveFile = new java.io.File(((pathPrefix + java.lang.Integer.toString(counter)) + .png)): null

2018-12-12 15:22:16 - [TEST_STEP][PASSED] - Statement - counter = counter + 1: null

2018-12-12 15:22:16 - [TEST_STEP][PASSED] - Statement - PreSaveFile = new java.io.File(((pathPrefix + java.lang.Integer.toString(counter)) + .png)): null

2018-12-12 15:22:16 - [TEST_STEP][PASSED] - Statement - counter = counter + 1: null

2018-12-12 15:22:16 - [TEST_STEP][PASSED] - Statement - PreSaveFile = new java.io.File(((pathPrefix + java.lang.Integer.toString(counter)) + .png)): null

2018-12-12 15:22:16 - [TEST_STEP][PASSED] - Statement - counter = counter + 1: null

2018-12-12 15:22:16 - [TEST_STEP][PASSED] - Statement - PreSaveFile = new java.io.File(((pathPrefix + java.lang.Integer.toString(counter)) + .png)): null

2018-12-12 15:22:16 - [TEST_STEP][PASSED] - Statement - counter = counter + 1: null

2018-12-12 15:22:16 - [TEST_STEP][PASSED] - Statement - PreSaveFile = new java.io.File(((pathPrefix + java.lang.Integer.toString(counter)) + .png)): null

2018-12-12 15:22:16 - [TEST_STEP][PASSED] - Statement - counter = counter + 1: null

2018-12-12 15:22:16 - [TEST_STEP][PASSED] - Statement - PreSaveFile = new java.io.File(((pathPrefix + java.lang.Integer.toString(counter)) + .png)): null

2018-12-12 15:22:16 - [TEST_STEP][PASSED] - Statement - counter = counter + 1: null

2018-12-12 15:22:17 - [TEST_STEP][PASSED] - Statement - PreSaveFile = new java.io.File(((pathPrefix + java.lang.Integer.toString(counter)) + .png)): null

2018-12-12 15:22:17 - [TEST_STEP][PASSED] - Statement - counter = counter + 1: null

2018-12-12 15:22:17 - [TEST_STEP][PASSED] - Statement - PreSaveFile = new java.io.File(((pathPrefix + java.lang.Integer.toString(counter)) + .png)): null

2018-12-12 15:22:17 - [TEST_STEP][PASSED] - Statement - counter = counter + 1: null

2018-12-12 15:22:17 - [TEST_STEP][PASSED] - Statement - PreSaveFile = new java.io.File(((pathPrefix + java.lang.Integer.toString(counter)) + .png)): null

2018-12-12 15:22:17 - [TEST_STEP][PASSED] - Statement - counter = counter + 1: null

2018-12-12 15:22:17 - [TEST_STEP][PASSED] - Statement - PreSaveFile = new java.io.File(((pathPrefix + java.lang.Integer.toString(counter)) + .png)): null

2018-12-12 15:22:17 - [TEST_STEP][PASSED] - Statement - counter = counter + 1: null

2018-12-12 15:22:17 - [TEST_STEP][PASSED] - Statement - PreSaveFile = new java.io.File(((pathPrefix + java.lang.Integer.toString(counter)) + .png)): null

2018-12-12 15:22:17 - [TEST_STEP][PASSED] - Statement - counter = counter + 1: null

2018-12-12 15:22:17 - [TEST_STEP][PASSED] - Statement - PreSaveFile = new java.io.File(((pathPrefix + java.lang.Integer.toString(counter)) + .png)): null

2018-12-12 15:22:17 - [TEST_STEP][PASSED] - Statement - counter = counter + 1: null

2018-12-12 15:22:17 - [TEST_STEP][PASSED] - Statement - PreSaveFile = new java.io.File(((pathPrefix + java.lang.Integer.toString(counter)) + .png)): null

2018-12-12 15:22:17 - [TEST_STEP][PASSED] - Statement - counter = counter + 1: null

2018-12-12 15:22:17 - [TEST_STEP][PASSED] - Statement - PreSaveFile = new java.io.File(((pathPrefix + java.lang.Integer.toString(counter)) + .png)): null

2018-12-12 15:22:17 - [TEST_STEP][PASSED] - Statement - counter = counter + 1: null

2018-12-12 15:22:17 - [TEST_STEP][PASSED] - Statement - PreSaveFile = new java.io.File(((pathPrefix + java.lang.Integer.toString(counter)) + .png)): null

2018-12-12 15:22:17 - [TEST_STEP][PASSED] - Statement - counter = counter + 1: null

2018-12-12 15:22:17 - [TEST_STEP][PASSED] - Statement - PreSaveFile = new java.io.File(((pathPrefix + java.lang.Integer.toString(counter)) + .png)): null

2018-12-12 15:22:17 - [TEST_STEP][PASSED] - Statement - counter = counter + 1: null

2018-12-12 15:22:17 - [TEST_STEP][PASSED] - Statement - PreSaveFile = new java.io.File(((pathPrefix + java.lang.Integer.toString(counter)) + .png)): null

2018-12-12 15:22:17 - [TEST_STEP][PASSED] - Statement - counter = counter + 1: null

2018-12-12 15:22:17 - [TEST_STEP][PASSED] - Statement - PreSaveFile = new java.io.File(((pathPrefix + java.lang.Integer.toString(counter)) + .png)): null

2018-12-12 15:22:17 - [TEST_STEP][PASSED] - Statement - counter = counter + 1: null

2018-12-12 15:22:17 - [TEST_STEP][PASSED] - Statement - PreSaveFile = new java.io.File(((pathPrefix + java.lang.Integer.toString(counter)) + .png)): null

2018-12-12 15:22:17 - [TEST_STEP][PASSED] - Statement - counter = counter + 1: null

2018-12-12 15:22:17 - [TEST_STEP][PASSED] - Statement - PreSaveFile = new java.io.File(((pathPrefix + java.lang.Integer.toString(counter)) + .png)): null

2018-12-12 15:22:17 - [TEST_STEP][PASSED] - Statement - counter = counter + 1: null

2018-12-12 15:22:17 - [TEST_STEP][PASSED] - Statement - PreSaveFile = new java.io.File(((pathPrefix + java.lang.Integer.toString(counter)) + .png)): null

2018-12-12 15:22:17 - [TEST_STEP][PASSED] - Statement - counter = counter + 1: null

2018-12-12 15:22:17 - [TEST_STEP][PASSED] - Statement - PreSaveFile = new java.io.File(((pathPrefix + java.lang.Integer.toString(counter)) + .png)): null

2018-12-12 15:22:17 - [TEST_STEP][PASSED] - Statement - counter = counter + 1: null

2018-12-12 15:22:17 - [TEST_STEP][PASSED] - Statement - PreSaveFile = new java.io.File(((pathPrefix + java.lang.Integer.toString(counter)) + .png)): null

2018-12-12 15:22:17 - [TEST_STEP][PASSED] - Statement - counter = counter + 1: null

2018-12-12 15:22:17 - [TEST_STEP][PASSED] - Statement - PreSaveFile = new java.io.File(((pathPrefix + java.lang.Integer.toString(counter)) + .png)): null

2018-12-12 15:22:17 - [TEST_STEP][PASSED] - Statement - counter = counter + 1: null

2018-12-12 15:22:17 - [TEST_STEP][PASSED] - Statement - PreSaveFile = new java.io.File(((pathPrefix + java.lang.Integer.toString(counter)) + .png)): null

2018-12-12 15:22:17 - [TEST_STEP][PASSED] - Statement - finalPath = pathPrefix + java.lang.Integer.toString(counter) + ".png": null

2018-12-12 15:22:17 - [TEST_STEP][PASSED] - Statement - SaveFile = new java.io.File(finalPath): null

2018-12-12 15:22:17 - [TEST_STEP][PASSED] - Statement - Try: null

2018-12-12 15:22:17 - [TEST_STEP][PASSED] - Statement - org.apache.commons.io.FileUtils.copyFile(scrFile, SaveFile): null

2018-12-12 15:22:17 - [TEST_STEP][PASSED] - Statement - out.println("file kept"): null

2018-12-12 15:22:17 - [TEST_STEP][PASSED] - delay: Delayed 10 second(s)

2018-12-12 15:22:27 - [MESSAGE][PASSED] - Delayed 10 second(s)

2018-12-12 15:22:27 - [MESSAGE][PASSED] - Call Test Case 'Test Cases/Final Aug 2018 - PKS Automation/Registration Module/New Registration/Submit and Screenshot/Submit Registration and Screenshot' successfully]]></system-out>
         <system-err><![CDATA[]]></system-err>
      </testcase>
      <testcase name="Test Cases/Final Aug 2018 - PKS Automation/Registration Module/Critical Path/New Registration/Other - Embassy" classname="Test Cases/Final Aug 2018 - PKS Automation/Registration Module/Critical Path/New Registration/Other - Embassy" status="PASSED">
         <system-out><![CDATA[2018-12-12 15:22:27 - [TEST_CASE][PASSED] - Test Cases/Final Aug 2018 - PKS Automation/Registration Module/Critical Path/New Registration/Other - Embassy: Test Cases/Final Aug 2018 - PKS Automation/Registration Module/Critical Path/New Registration/Other - Embassy

2018-12-12 15:22:27 - [TEST_STEP][PASSED] - callTestCase: Call Test Case 'Test Cases/Final Aug 2018 - PKS Automation/Registration Module/New Registration/Form 1/Form 1 - Other - Embassy' successfully

2018-12-12 15:22:27 - [TEST_CASE][PASSED] - Test Cases/Final Aug 2018 - PKS Automation/Registration Module/New Registration/Form 1/Form 1 - Other - Embassy: Test Cases/Final Aug 2018 - PKS Automation/Registration Module/New Registration/Form 1/Form 1 - Other - Embassy

2018-12-12 15:22:27 - [TEST_STEP][PASSED] - openBrowser: Browser is opened with url: ''

2018-12-12 15:22:27 - [MESSAGE][WARNING] - A browser is already opened. Closing browser and opening a new one

2018-12-12 15:22:30 - [MESSAGE][PASSED] - Browser is opened with url: ''

2018-12-12 15:22:30 - [TEST_STEP][PASSED] - navigateToUrl: Navigate to 'https://assist2-uat.perkeso.gov.my/login' successfully

2018-12-12 15:22:31 - [MESSAGE][PASSED] - Navigate to 'https://assist2-uat.perkeso.gov.my/login' successfully

2018-12-12 15:22:31 - [TEST_STEP][PASSED] - setText: Text 'johorotc1@gmail.com' is set on object 'Object Repository/Final Object Repo/Login Page/Internal User/Email Address'

2018-12-12 15:22:32 - [MESSAGE][PASSED] - Text 'johorotc1@gmail.com' is set on object 'Object Repository/Final Object Repo/Login Page/Internal User/Email Address'

2018-12-12 15:22:32 - [TEST_STEP][PASSED] - click: Object: 'Object Repository/Final Object Repo/Login Page/Internal User/Next Button' is clicked on

2018-12-12 15:22:32 - [MESSAGE][PASSED] - Object: 'Object Repository/Final Object Repo/Login Page/Internal User/Next Button' is clicked on

2018-12-12 15:22:32 - [TEST_STEP][PASSED] - delay: Delayed 1 second(s)

2018-12-12 15:22:33 - [MESSAGE][PASSED] - Delayed 1 second(s)

2018-12-12 15:22:33 - [TEST_STEP][PASSED] - setEncryptedText: Text ****** has been set on object 'Object Repository/Final Object Repo/Login Page/Internal User/Password'

2018-12-12 15:22:33 - [MESSAGE][PASSED] - Text ****** has been set on object 'Object Repository/Final Object Repo/Login Page/Internal User/Password'

2018-12-12 15:22:33 - [TEST_STEP][PASSED] - click: Object: 'Object Repository/Final Object Repo/Login Page/Internal User/Login Button' is clicked on

2018-12-12 15:22:33 - [MESSAGE][PASSED] - Object: 'Object Repository/Final Object Repo/Login Page/Internal User/Login Button' is clicked on

2018-12-12 15:22:33 - [TEST_STEP][PASSED] - delay: Delayed 1 second(s)

2018-12-12 15:22:34 - [MESSAGE][PASSED] - Delayed 1 second(s)

2018-12-12 15:22:34 - [TEST_STEP][PASSED] - Statement - Try: Delayed 2 second(s)

2018-12-12 15:22:34 - [TEST_STEP][PASSED] - Statement - Checker = false: null

2018-12-12 15:22:34 - [TEST_STEP][PASSED] - Statement - Checker = com.kms.katalon.core.webui.keyword.WebUiBuiltInKeywords.verifyElementHasAttribute(com.kms.katalon.core.testobject.ObjectRepository.findTestObject(Final Object Repo/Landing Page/BM Detecting), "href", 20, OPTIONAL): Object 'Object Repository/Final Object Repo/Landing Page/BM Detecting' has attribute 'href'

2018-12-12 15:22:35 - [MESSAGE][PASSED] - Object 'Object Repository/Final Object Repo/Landing Page/BM Detecting' has attribute 'href'

2018-12-12 15:22:35 - [TEST_STEP][PASSED] - Statement - out.println(Checker): null

2018-12-12 15:22:35 - [TEST_STEP][PASSED] - Statement - If (Checker == false): null

2018-12-12 15:22:35 - [TEST_STEP][PASSED] - Statement - Else: null

2018-12-12 15:22:35 - [TEST_STEP][PASSED] - delay: Delayed 2 second(s)

2018-12-12 15:22:37 - [MESSAGE][PASSED] - Delayed 2 second(s)

2018-12-12 15:22:37 - [TEST_STEP][PASSED] - navigateToUrl: Navigate to 'https://assist2-uat.perkeso.gov.my/web/registration/registration' successfully

2018-12-12 15:22:39 - [MESSAGE][PASSED] - Navigate to 'https://assist2-uat.perkeso.gov.my/web/registration/registration' successfully

2018-12-12 15:22:39 - [TEST_STEP][PASSED] - click: Object: 'Object Repository/Final Object Repo/New Registration - Registration Module Pages/Form 1/AEC - No' is clicked on

2018-12-12 15:22:39 - [MESSAGE][PASSED] - Object: 'Object Repository/Final Object Repo/New Registration - Registration Module Pages/Form 1/AEC - No' is clicked on

2018-12-12 15:22:39 - [TEST_STEP][PASSED] - click: Object: 'Object Repository/Final Object Repo/New Registration - Registration Module Pages/Form 1/Business Entity' is clicked on

2018-12-12 15:22:39 - [MESSAGE][PASSED] - Object: 'Object Repository/Final Object Repo/New Registration - Registration Module Pages/Form 1/Business Entity' is clicked on

2018-12-12 15:22:39 - [TEST_STEP][PASSED] - click: Object: 'Object Repository/Final Object Repo/New Registration - Registration Module Pages/Form 1/Business Entity - Other' is clicked on

2018-12-12 15:22:40 - [MESSAGE][PASSED] - Object: 'Object Repository/Final Object Repo/New Registration - Registration Module Pages/Form 1/Business Entity - Other' is clicked on

2018-12-12 15:22:40 - [TEST_STEP][PASSED] - delay: Delayed 1 second(s)

2018-12-12 15:22:41 - [MESSAGE][PASSED] - Delayed 1 second(s)

2018-12-12 15:22:41 - [TEST_STEP][PASSED] - click: Object: 'Object Repository/Final Object Repo/New Registration - Registration Module Pages/Form 1/Sub Business Entity' is clicked on

2018-12-12 15:22:41 - [MESSAGE][PASSED] - Object: 'Object Repository/Final Object Repo/New Registration - Registration Module Pages/Form 1/Sub Business Entity' is clicked on

2018-12-12 15:22:41 - [TEST_STEP][PASSED] - click: Object: 'Object Repository/Final Object Repo/New Registration - Registration Module Pages/Form 1/Sub Business Entity - Other/Sub Business Entity  - Embassy' is clicked on

2018-12-12 15:22:41 - [MESSAGE][PASSED] - Object: 'Object Repository/Final Object Repo/New Registration - Registration Module Pages/Form 1/Sub Business Entity - Other/Sub Business Entity  - Embassy' is clicked on

2018-12-12 15:22:41 - [TEST_STEP][PASSED] - delay: Delayed 1 second(s)

2018-12-12 15:22:42 - [MESSAGE][PASSED] - Delayed 1 second(s)

2018-12-12 15:22:42 - [TEST_STEP][NOT_RUN] - delay: NOT_RUN: delay

2018-12-12 15:22:42 - [MESSAGE][NOT_RUN] - NOT_RUN: delay

2018-12-12 15:22:42 - [TEST_STEP][NOT_RUN] - click: NOT_RUN: click

2018-12-12 15:22:42 - [MESSAGE][NOT_RUN] - NOT_RUN: click

2018-12-12 15:22:42 - [TEST_STEP][NOT_RUN] - click: NOT_RUN: click

2018-12-12 15:22:42 - [MESSAGE][NOT_RUN] - NOT_RUN: click

2018-12-12 15:22:42 - [TEST_STEP][NOT_RUN] - delay: NOT_RUN: delay

2018-12-12 15:22:42 - [MESSAGE][NOT_RUN] - NOT_RUN: delay

2018-12-12 15:22:42 - [TEST_STEP][NOT_RUN] - setText: NOT_RUN: setText

2018-12-12 15:22:42 - [MESSAGE][NOT_RUN] - NOT_RUN: setText

2018-12-12 15:22:42 - [TEST_STEP][NOT_RUN] - click: NOT_RUN: click

2018-12-12 15:22:42 - [MESSAGE][NOT_RUN] - NOT_RUN: click

2018-12-12 15:22:42 - [TEST_STEP][PASSED] - click: Object: 'Object Repository/Final Object Repo/New Registration - Registration Module Pages/Form 1/Registered As a Branch - Yes' is clicked on

2018-12-12 15:22:42 - [MESSAGE][PASSED] - Object: 'Object Repository/Final Object Repo/New Registration - Registration Module Pages/Form 1/Registered As a Branch - Yes' is clicked on

2018-12-12 15:22:42 - [TEST_STEP][PASSED] - check: Object 'Object Repository/Final Object Repo/New Registration - Registration Module Pages/Form 1/Acknowledgement' is checked

2018-12-12 15:22:42 - [MESSAGE][PASSED] - Object 'Object Repository/Final Object Repo/New Registration - Registration Module Pages/Form 1/Acknowledgement' is checked

2018-12-12 15:22:42 - [TEST_STEP][PASSED] - click: Object: 'Object Repository/Final Object Repo/New Registration - Registration Module Pages/Form 1/Industry Name Selection' is clicked on

2018-12-12 15:22:43 - [MESSAGE][PASSED] - Object: 'Object Repository/Final Object Repo/New Registration - Registration Module Pages/Form 1/Industry Name Selection' is clicked on

2018-12-12 15:22:43 - [TEST_STEP][PASSED] - click: Object: 'Object Repository/Final Object Repo/New Registration - Registration Module Pages/Form 1/Industry Name List - Other/Others - Embasy - Japan - Embassy of Japan' is clicked on

2018-12-12 15:22:43 - [MESSAGE][PASSED] - Object: 'Object Repository/Final Object Repo/New Registration - Registration Module Pages/Form 1/Industry Name List - Other/Others - Embasy - Japan - Embassy of Japan' is clicked on

2018-12-12 15:22:43 - [TEST_STEP][PASSED] - delay: Delayed 1 second(s)

2018-12-12 15:22:44 - [MESSAGE][PASSED] - Delayed 1 second(s)

2018-12-12 15:22:44 - [TEST_STEP][PASSED] - setText: Text 'perkeso1' is set on object 'Object Repository/Final Object Repo/New Registration - Registration Module Pages/Form 1/Postal Address1'

2018-12-12 15:22:44 - [MESSAGE][PASSED] - Text 'perkeso1' is set on object 'Object Repository/Final Object Repo/New Registration - Registration Module Pages/Form 1/Postal Address1'

2018-12-12 15:22:44 - [TEST_STEP][PASSED] - setText: Text 'perkeso2' is set on object 'Object Repository/Final Object Repo/New Registration - Registration Module Pages/Form 1/Postal Address2'

2018-12-12 15:22:45 - [MESSAGE][PASSED] - Text 'perkeso2' is set on object 'Object Repository/Final Object Repo/New Registration - Registration Module Pages/Form 1/Postal Address2'

2018-12-12 15:22:45 - [TEST_STEP][PASSED] - setText: Text 'perkeso3' is set on object 'Object Repository/Final Object Repo/New Registration - Registration Module Pages/Form 1/Postal Address3'

2018-12-12 15:22:45 - [MESSAGE][PASSED] - Text 'perkeso3' is set on object 'Object Repository/Final Object Repo/New Registration - Registration Module Pages/Form 1/Postal Address3'

2018-12-12 15:22:45 - [TEST_STEP][PASSED] - click: Object: 'Object Repository/Final Object Repo/New Registration - Registration Module Pages/Form 1/State' is clicked on

2018-12-12 15:22:45 - [MESSAGE][PASSED] - Object: 'Object Repository/Final Object Repo/New Registration - Registration Module Pages/Form 1/State' is clicked on

2018-12-12 15:22:45 - [TEST_STEP][PASSED] - click: Object: 'Object Repository/Final Object Repo/New Registration - Registration Module Pages/Form 1/State - Johor' is clicked on

2018-12-12 15:22:45 - [MESSAGE][PASSED] - Object: 'Object Repository/Final Object Repo/New Registration - Registration Module Pages/Form 1/State - Johor' is clicked on

2018-12-12 15:22:46 - [TEST_STEP][PASSED] - delay: Delayed 3 second(s)

2018-12-12 15:22:49 - [MESSAGE][PASSED] - Delayed 3 second(s)

2018-12-12 15:22:49 - [TEST_STEP][PASSED] - click: Object: 'Object Repository/Final Object Repo/New Registration - Registration Module Pages/Form 1/City' is clicked on

2018-12-12 15:22:49 - [MESSAGE][PASSED] - Object: 'Object Repository/Final Object Repo/New Registration - Registration Module Pages/Form 1/City' is clicked on

2018-12-12 15:22:49 - [TEST_STEP][PASSED] - setText: Text 'joh' is set on object 'Object Repository/Final Object Repo/New Registration - Registration Module Pages/Form 1/Postcode - 810'

2018-12-12 15:22:49 - [MESSAGE][PASSED] - Text 'joh' is set on object 'Object Repository/Final Object Repo/New Registration - Registration Module Pages/Form 1/Postcode - 810'

2018-12-12 15:22:49 - [TEST_STEP][PASSED] - delay: Delayed 2 second(s)

2018-12-12 15:22:51 - [MESSAGE][PASSED] - Delayed 2 second(s)

2018-12-12 15:22:51 - [TEST_STEP][PASSED] - click: Object: 'Object Repository/Final Object Repo/New Registration - Registration Module Pages/Form 1/City - Johor Bharu' is clicked on

2018-12-12 15:22:51 - [MESSAGE][PASSED] - Object: 'Object Repository/Final Object Repo/New Registration - Registration Module Pages/Form 1/City - Johor Bharu' is clicked on

2018-12-12 15:22:51 - [TEST_STEP][PASSED] - delay: Delayed 1 second(s)

2018-12-12 15:22:52 - [MESSAGE][PASSED] - Delayed 1 second(s)

2018-12-12 15:22:52 - [TEST_STEP][PASSED] - click: Object: 'Object Repository/Final Object Repo/New Registration - Registration Module Pages/Form 1/Postcode' is clicked on

2018-12-12 15:22:52 - [MESSAGE][PASSED] - Object: 'Object Repository/Final Object Repo/New Registration - Registration Module Pages/Form 1/Postcode' is clicked on

2018-12-12 15:22:52 - [TEST_STEP][PASSED] - delay: Delayed 1 second(s)

2018-12-12 15:22:53 - [MESSAGE][PASSED] - Delayed 1 second(s)

2018-12-12 15:22:53 - [TEST_STEP][PASSED] - setText: Text '810' is set on object 'Object Repository/Final Object Repo/New Registration - Registration Module Pages/Form 1/Postcode - 810'

2018-12-12 15:22:54 - [MESSAGE][PASSED] - Text '810' is set on object 'Object Repository/Final Object Repo/New Registration - Registration Module Pages/Form 1/Postcode - 810'

2018-12-12 15:22:54 - [TEST_STEP][PASSED] - delay: Delayed 1 second(s)

2018-12-12 15:22:55 - [MESSAGE][PASSED] - Delayed 1 second(s)

2018-12-12 15:22:55 - [TEST_STEP][PASSED] - click: Object: 'Object Repository/Final Object Repo/New Registration - Registration Module Pages/Form 1/Postcode - 81000' is clicked on

2018-12-12 15:22:55 - [MESSAGE][PASSED] - Object: 'Object Repository/Final Object Repo/New Registration - Registration Module Pages/Form 1/Postcode - 81000' is clicked on

2018-12-12 15:22:55 - [TEST_STEP][PASSED] - delay: Delayed 1 second(s)

2018-12-12 15:22:56 - [MESSAGE][PASSED] - Delayed 1 second(s)

2018-12-12 15:22:56 - [TEST_STEP][PASSED] - setText: Text '100' is set on object 'Object Repository/Final Object Repo/New Registration - Registration Module Pages/Form 1/P.O.BOX'

2018-12-12 15:22:56 - [MESSAGE][PASSED] - Text '100' is set on object 'Object Repository/Final Object Repo/New Registration - Registration Module Pages/Form 1/P.O.BOX'

2018-12-12 15:22:56 - [TEST_STEP][PASSED] - setText: Text '100' is set on object 'Object Repository/Final Object Repo/New Registration - Registration Module Pages/Form 1/Locked Bag No'

2018-12-12 15:22:56 - [MESSAGE][PASSED] - Text '100' is set on object 'Object Repository/Final Object Repo/New Registration - Registration Module Pages/Form 1/Locked Bag No'

2018-12-12 15:22:56 - [TEST_STEP][PASSED] - click: Object: 'Object Repository/Final Object Repo/New Registration - Registration Module Pages/Form 1/SOCSO Office Location' is clicked on

2018-12-12 15:22:57 - [MESSAGE][PASSED] - Object: 'Object Repository/Final Object Repo/New Registration - Registration Module Pages/Form 1/SOCSO Office Location' is clicked on

2018-12-12 15:22:57 - [TEST_STEP][PASSED] - click: Object: 'Object Repository/Final Object Repo/New Registration - Registration Module Pages/Form 1/SOCSO Office Location - Pejabat PERKESO Negeri Johor' is clicked on

2018-12-12 15:22:57 - [MESSAGE][PASSED] - Object: 'Object Repository/Final Object Repo/New Registration - Registration Module Pages/Form 1/SOCSO Office Location - Pejabat PERKESO Negeri Johor' is clicked on

2018-12-12 15:22:57 - [TEST_STEP][PASSED] - delay: Delayed 1 second(s)

2018-12-12 15:22:58 - [MESSAGE][PASSED] - Delayed 1 second(s)

2018-12-12 15:22:58 - [TEST_STEP][PASSED] - check: Object 'Object Repository/Final Object Repo/New Registration - Registration Module Pages/Form 1/Indusrty Address Same As Postal Address' is checked

2018-12-12 15:22:58 - [MESSAGE][PASSED] - Object 'Object Repository/Final Object Repo/New Registration - Registration Module Pages/Form 1/Indusrty Address Same As Postal Address' is checked

2018-12-12 15:22:58 - [TEST_STEP][PASSED] - delay: Delayed 3 second(s)

2018-12-12 15:23:01 - [MESSAGE][PASSED] - Delayed 3 second(s)

2018-12-12 15:23:01 - [TEST_STEP][PASSED] - click: Object: 'Object Repository/Final Object Repo/New Registration - Registration Module Pages/Form 1/Indusry Address Same As Postal Address False' is clicked on

2018-12-12 15:23:01 - [MESSAGE][PASSED] - Object: 'Object Repository/Final Object Repo/New Registration - Registration Module Pages/Form 1/Indusry Address Same As Postal Address False' is clicked on

2018-12-12 15:23:01 - [TEST_STEP][PASSED] - delay: Delayed 1 second(s)

2018-12-12 15:23:02 - [MESSAGE][PASSED] - Delayed 1 second(s)

2018-12-12 15:23:02 - [TEST_STEP][PASSED] - setText: Text 'perkeso1' is set on object 'Object Repository/Final Object Repo/New Registration - Registration Module Pages/Form 1/Industry Address1'

2018-12-12 15:23:03 - [MESSAGE][PASSED] - Text 'perkeso1' is set on object 'Object Repository/Final Object Repo/New Registration - Registration Module Pages/Form 1/Industry Address1'

2018-12-12 15:23:03 - [TEST_STEP][PASSED] - setText: Text 'perkeso2' is set on object 'Object Repository/Final Object Repo/New Registration - Registration Module Pages/Form 1/Industry Address2'

2018-12-12 15:23:03 - [MESSAGE][PASSED] - Text 'perkeso2' is set on object 'Object Repository/Final Object Repo/New Registration - Registration Module Pages/Form 1/Industry Address2'

2018-12-12 15:23:03 - [TEST_STEP][PASSED] - setText: Text 'perkeso3' is set on object 'Object Repository/Final Object Repo/New Registration - Registration Module Pages/Form 1/Industry Address3'

2018-12-12 15:23:03 - [MESSAGE][PASSED] - Text 'perkeso3' is set on object 'Object Repository/Final Object Repo/New Registration - Registration Module Pages/Form 1/Industry Address3'

2018-12-12 15:23:03 - [TEST_STEP][PASSED] - click: Object: 'Object Repository/Final Object Repo/New Registration - Registration Module Pages/Form 1/Industry State' is clicked on

2018-12-12 15:23:04 - [MESSAGE][PASSED] - Object: 'Object Repository/Final Object Repo/New Registration - Registration Module Pages/Form 1/Industry State' is clicked on

2018-12-12 15:23:04 - [TEST_STEP][PASSED] - delay: Delayed 2 second(s)

2018-12-12 15:23:06 - [MESSAGE][PASSED] - Delayed 2 second(s)

2018-12-12 15:23:06 - [TEST_STEP][PASSED] - click: Object: 'Object Repository/Final Object Repo/New Registration - Registration Module Pages/Form 1/Industry State - Johor' is clicked on

2018-12-12 15:23:06 - [MESSAGE][PASSED] - Object: 'Object Repository/Final Object Repo/New Registration - Registration Module Pages/Form 1/Industry State - Johor' is clicked on

2018-12-12 15:23:06 - [TEST_STEP][PASSED] - delay: Delayed 2 second(s)

2018-12-12 15:23:08 - [MESSAGE][PASSED] - Delayed 2 second(s)

2018-12-12 15:23:08 - [TEST_STEP][PASSED] - click: Object: 'Object Repository/Final Object Repo/New Registration - Registration Module Pages/Form 1/Industry Ciry' is clicked on

2018-12-12 15:23:08 - [MESSAGE][PASSED] - Object: 'Object Repository/Final Object Repo/New Registration - Registration Module Pages/Form 1/Industry Ciry' is clicked on

2018-12-12 15:23:08 - [TEST_STEP][PASSED] - setText: Text 'joh' is set on object 'Object Repository/Final Object Repo/New Registration - Registration Module Pages/Form 1/Industry Ciry - joh'

2018-12-12 15:23:08 - [MESSAGE][PASSED] - Text 'joh' is set on object 'Object Repository/Final Object Repo/New Registration - Registration Module Pages/Form 1/Industry Ciry - joh'

2018-12-12 15:23:08 - [TEST_STEP][PASSED] - delay: Delayed 2 second(s)

2018-12-12 15:23:10 - [MESSAGE][PASSED] - Delayed 2 second(s)

2018-12-12 15:23:10 - [TEST_STEP][PASSED] - click: Object: 'Object Repository/Final Object Repo/New Registration - Registration Module Pages/Form 1/Industy State - Johor Bharu' is clicked on

2018-12-12 15:23:10 - [MESSAGE][PASSED] - Object: 'Object Repository/Final Object Repo/New Registration - Registration Module Pages/Form 1/Industy State - Johor Bharu' is clicked on

2018-12-12 15:23:10 - [TEST_STEP][PASSED] - delay: Delayed 1 second(s)

2018-12-12 15:23:11 - [MESSAGE][PASSED] - Delayed 1 second(s)

2018-12-12 15:23:11 - [TEST_STEP][PASSED] - click: Object: 'Object Repository/Final Object Repo/New Registration - Registration Module Pages/Form 1/Indusry PostCode' is clicked on

2018-12-12 15:23:12 - [MESSAGE][PASSED] - Object: 'Object Repository/Final Object Repo/New Registration - Registration Module Pages/Form 1/Indusry PostCode' is clicked on

2018-12-12 15:23:12 - [TEST_STEP][PASSED] - delay: Delayed 1 second(s)

2018-12-12 15:23:13 - [MESSAGE][PASSED] - Delayed 1 second(s)

2018-12-12 15:23:13 - [TEST_STEP][PASSED] - setText: Text '810' is set on object 'Object Repository/Final Object Repo/New Registration - Registration Module Pages/Form 1/Insutry Post Code - 810'

2018-12-12 15:23:13 - [MESSAGE][PASSED] - Text '810' is set on object 'Object Repository/Final Object Repo/New Registration - Registration Module Pages/Form 1/Insutry Post Code - 810'

2018-12-12 15:23:13 - [TEST_STEP][PASSED] - delay: Delayed 1 second(s)

2018-12-12 15:23:14 - [MESSAGE][PASSED] - Delayed 1 second(s)

2018-12-12 15:23:14 - [TEST_STEP][PASSED] - click: Object: 'Object Repository/Final Object Repo/New Registration - Registration Module Pages/Form 1/Insutry Post Code - 81000' is clicked on

2018-12-12 15:23:14 - [MESSAGE][PASSED] - Object: 'Object Repository/Final Object Repo/New Registration - Registration Module Pages/Form 1/Insutry Post Code - 81000' is clicked on

2018-12-12 15:23:14 - [TEST_STEP][PASSED] - delay: Delayed 1 second(s)

2018-12-12 15:23:15 - [MESSAGE][PASSED] - Delayed 1 second(s)

2018-12-12 15:23:15 - [TEST_STEP][PASSED] - setText: Text '100' is set on object 'Object Repository/Final Object Repo/New Registration - Registration Module Pages/Form 1/Industry P.O.BOX'

2018-12-12 15:23:15 - [MESSAGE][PASSED] - Text '100' is set on object 'Object Repository/Final Object Repo/New Registration - Registration Module Pages/Form 1/Industry P.O.BOX'

2018-12-12 15:23:15 - [TEST_STEP][PASSED] - setText: Text '100' is set on object 'Object Repository/Final Object Repo/New Registration - Registration Module Pages/Form 1/Industry Locked Bag No'

2018-12-12 15:23:16 - [MESSAGE][PASSED] - Text '100' is set on object 'Object Repository/Final Object Repo/New Registration - Registration Module Pages/Form 1/Industry Locked Bag No'

2018-12-12 15:23:16 - [TEST_STEP][PASSED] - setText: Text '123456789' is set on object 'Object Repository/Final Object Repo/New Registration - Registration Module Pages/Form 1/Telephone No'

2018-12-12 15:23:16 - [MESSAGE][PASSED] - Text '123456789' is set on object 'Object Repository/Final Object Repo/New Registration - Registration Module Pages/Form 1/Telephone No'

2018-12-12 15:23:16 - [TEST_STEP][PASSED] - setText: Text '123456789' is set on object 'Object Repository/Final Object Repo/New Registration - Registration Module Pages/Form 1/Mobile No'

2018-12-12 15:23:16 - [MESSAGE][PASSED] - Text '123456789' is set on object 'Object Repository/Final Object Repo/New Registration - Registration Module Pages/Form 1/Mobile No'

2018-12-12 15:23:16 - [TEST_STEP][PASSED] - setText: Text '123456789' is set on object 'Object Repository/Final Object Repo/New Registration - Registration Module Pages/Form 1/Fax No'

2018-12-12 15:23:17 - [MESSAGE][PASSED] - Text '123456789' is set on object 'Object Repository/Final Object Repo/New Registration - Registration Module Pages/Form 1/Fax No'

2018-12-12 15:23:17 - [TEST_STEP][PASSED] - click: Object: 'Object Repository/Final Object Repo/New Registration - Registration Module Pages/Form 1/Industry Code' is clicked on

2018-12-12 15:23:17 - [MESSAGE][PASSED] - Object: 'Object Repository/Final Object Repo/New Registration - Registration Module Pages/Form 1/Industry Code' is clicked on

2018-12-12 15:23:17 - [TEST_STEP][PASSED] - click: Object: 'Object Repository/Final Object Repo/New Registration - Registration Module Pages/Form 1/Indudustry Code - Crops and Animal' is clicked on

2018-12-12 15:23:17 - [MESSAGE][PASSED] - Object: 'Object Repository/Final Object Repo/New Registration - Registration Module Pages/Form 1/Indudustry Code - Crops and Animal' is clicked on

2018-12-12 15:23:17 - [TEST_STEP][PASSED] - delay: Delayed 1 second(s)

2018-12-12 15:23:18 - [MESSAGE][PASSED] - Delayed 1 second(s)

2018-12-12 15:23:18 - [TEST_STEP][PASSED] - click: Object: 'Object Repository/Final Object Repo/New Registration - Registration Module Pages/Form 1/Sub Industry Code List' is clicked on

2018-12-12 15:23:18 - [MESSAGE][PASSED] - Object: 'Object Repository/Final Object Repo/New Registration - Registration Module Pages/Form 1/Sub Industry Code List' is clicked on

2018-12-12 15:23:18 - [TEST_STEP][PASSED] - click: Object: 'Object Repository/Final Object Repo/New Registration - Registration Module Pages/Form 1/Sub Industry Code List - Growing of Maize' is clicked on

2018-12-12 15:23:19 - [MESSAGE][PASSED] - Object: 'Object Repository/Final Object Repo/New Registration - Registration Module Pages/Form 1/Sub Industry Code List - Growing of Maize' is clicked on

2018-12-12 15:23:19 - [TEST_STEP][PASSED] - setText: Text 'perkeso123@gmail.com' is set on object 'Object Repository/Final Object Repo/New Registration - Registration Module Pages/Form 1/Email'

2018-12-12 15:23:19 - [MESSAGE][PASSED] - Text 'perkeso123@gmail.com' is set on object 'Object Repository/Final Object Repo/New Registration - Registration Module Pages/Form 1/Email'

2018-12-12 15:23:19 - [TEST_STEP][PASSED] - click: Object: 'Object Repository/Final Object Repo/New Registration - Registration Module Pages/Form 1/Method of Contribution Payment' is clicked on

2018-12-12 15:23:20 - [MESSAGE][PASSED] - Object: 'Object Repository/Final Object Repo/New Registration - Registration Module Pages/Form 1/Method of Contribution Payment' is clicked on

2018-12-12 15:23:20 - [TEST_STEP][PASSED] - click: Object: 'Object Repository/Final Object Repo/New Registration - Registration Module Pages/Form 1/Method of Contribution Payment - Portal' is clicked on

2018-12-12 15:23:20 - [MESSAGE][PASSED] - Object: 'Object Repository/Final Object Repo/New Registration - Registration Module Pages/Form 1/Method of Contribution Payment - Portal' is clicked on

2018-12-12 15:23:20 - [TEST_STEP][PASSED] - click: Object: 'Object Repository/Final Object Repo/New Registration - Registration Module Pages/Form 1/Servide Type' is clicked on

2018-12-12 15:23:20 - [MESSAGE][PASSED] - Object: 'Object Repository/Final Object Repo/New Registration - Registration Module Pages/Form 1/Servide Type' is clicked on

2018-12-12 15:23:20 - [TEST_STEP][PASSED] - click: Object: 'Object Repository/Final Object Repo/New Registration - Registration Module Pages/Form 1/Servide Type - Professional Bodies' is clicked on

2018-12-12 15:23:20 - [MESSAGE][PASSED] - Object: 'Object Repository/Final Object Repo/New Registration - Registration Module Pages/Form 1/Servide Type - Professional Bodies' is clicked on

2018-12-12 15:23:20 - [TEST_STEP][PASSED] - click: Object: 'Object Repository/Final Object Repo/New Registration - Registration Module Pages/Form 1/Industry Venue' is clicked on

2018-12-12 15:23:20 - [MESSAGE][PASSED] - Object: 'Object Repository/Final Object Repo/New Registration - Registration Module Pages/Form 1/Industry Venue' is clicked on

2018-12-12 15:23:20 - [TEST_STEP][PASSED] - click: Object: 'Object Repository/Final Object Repo/New Registration - Registration Module Pages/Form 1/Industry Venue -  PPN JOHOR' is clicked on

2018-12-12 15:23:21 - [MESSAGE][PASSED] - Object: 'Object Repository/Final Object Repo/New Registration - Registration Module Pages/Form 1/Industry Venue -  PPN JOHOR' is clicked on

2018-12-12 15:23:21 - [TEST_STEP][PASSED] - click: Object: 'Object Repository/Final Object Repo/New Registration - Registration Module Pages/Form 1/Save  Continue' is clicked on

2018-12-12 15:23:21 - [MESSAGE][PASSED] - Object: 'Object Repository/Final Object Repo/New Registration - Registration Module Pages/Form 1/Save  Continue' is clicked on

2018-12-12 15:23:21 - [MESSAGE][PASSED] - Call Test Case 'Test Cases/Final Aug 2018 - PKS Automation/Registration Module/New Registration/Form 1/Form 1 - Other - Embassy' successfully

2018-12-12 15:23:21 - [TEST_STEP][PASSED] - callTestCase: Call Test Case 'Test Cases/Final Aug 2018 - PKS Automation/Registration Module/New Registration/Form 2/Add 2 Eligible 2 Not Eligible' successfully

2018-12-12 15:23:21 - [TEST_CASE][PASSED] - Test Cases/Final Aug 2018 - PKS Automation/Registration Module/New Registration/Form 2/Add 2 Eligible 2 Not Eligible: Test Cases/Final Aug 2018 - PKS Automation/Registration Module/New Registration/Form 2/Add 2 Eligible 2 Not Eligible

2018-12-12 15:23:21 - [TEST_STEP][PASSED] - delay: Delayed 2 second(s)

2018-12-12 15:23:23 - [MESSAGE][PASSED] - Delayed 2 second(s)

2018-12-12 15:23:23 - [TEST_STEP][PASSED] - callTestCase: Call Test Case 'Test Cases/Final Aug 2018 - PKS Automation/Registration Module/New Registration/Form 2/Date Updater' successfully

2018-12-12 15:23:23 - [TEST_CASE][PASSED] - Test Cases/Final Aug 2018 - PKS Automation/Registration Module/New Registration/Form 2/Date Updater: Test Cases/Final Aug 2018 - PKS Automation/Registration Module/New Registration/Form 2/Date Updater

2018-12-12 15:23:23 - [TEST_STEP][PASSED] - Statement - TodayDate = new java.util.Date(): null

2018-12-12 15:23:23 - [TEST_STEP][PASSED] - Statement - CurrentDateNoFilter = new java.text.SimpleDateFormat(): null

2018-12-12 15:23:23 - [TEST_STEP][PASSED] - Statement - CurrentDateNoFilter.applyPattern("MM"): null

2018-12-12 15:23:23 - [TEST_STEP][PASSED] - Statement - monthContainerMatcher = java.lang.Integer.parseInt(CurrentDateNoFilter.format(TodayDate)): null

2018-12-12 15:23:23 - [TEST_STEP][PASSED] - Statement - monthContainerMatcher = monthContainerMatcher - 1: null

2018-12-12 15:23:23 - [TEST_STEP][PASSED] - Statement - CurrentMonth = monthContainerMatcher.toString(): null

2018-12-12 15:23:23 - [TEST_STEP][PASSED] - Statement - CurrentMonth = CurrentMonth: null

2018-12-12 15:23:23 - [TEST_STEP][PASSED] - Statement - CurrentDateNoFilter.applyPattern("yyyy"): null

2018-12-12 15:23:23 - [TEST_STEP][PASSED] - Statement - CurrentYear = CurrentDateNoFilter.format(TodayDate): null

2018-12-12 15:23:23 - [TEST_STEP][PASSED] - Statement - CurrentYear = CurrentYear: null

2018-12-12 15:23:23 - [TEST_STEP][PASSED] - Statement - intCurrentYear = java.lang.Integer.parseInt(CurrentDateNoFilter.format(TodayDate)): null

2018-12-12 15:23:23 - [TEST_STEP][PASSED] - Statement - eighteenYrsAgo = intCurrentYear - 18: null

2018-12-12 15:23:23 - [TEST_STEP][PASSED] - Statement - eighteenYrsBeforeThisYr = eighteenYrsAgo.toString(): null

2018-12-12 15:23:23 - [TEST_STEP][PASSED] - Statement - EighteenYrsBefore = eighteenYrsBeforeThisYr: null

2018-12-12 15:23:23 - [TEST_STEP][PASSED] - Statement - fiftysevenYrsAgo = intCurrentYear - 57: null

2018-12-12 15:23:23 - [TEST_STEP][PASSED] - Statement - fiftysevenYrsBeforeThisYr = fiftysevenYrsAgo.toString(): null

2018-12-12 15:23:23 - [TEST_STEP][PASSED] - Statement - FiftysevenYrsBefore = fiftysevenYrsBeforeThisYr: null

2018-12-12 15:23:23 - [TEST_STEP][PASSED] - Statement - leapYear = false: null

2018-12-12 15:23:23 - [TEST_STEP][PASSED] - Statement - leapYear = intCurrentYear % 4 == 0: null

2018-12-12 15:23:23 - [TEST_STEP][PASSED] - Statement - CurrentDateNoFilter.applyPattern("dd"): null

2018-12-12 15:23:23 - [TEST_STEP][PASSED] - Statement - CurrentDate = CurrentDateNoFilter.format(TodayDate): null

2018-12-12 15:23:23 - [TEST_STEP][PASSED] - Statement - CurrentDate = java.lang.Integer.parseInt(CurrentDate): null

2018-12-12 15:23:23 - [TEST_STEP][PASSED] - Statement - CurrentDate = CurrentDate: null

2018-12-12 15:23:23 - [TEST_STEP][PASSED] - Statement - CurrentDay = java.lang.Integer.parseInt(CurrentDate): null

2018-12-12 15:23:23 - [TEST_STEP][PASSED] - Statement - ConfAdder = <not implemented yet for class: org.codehaus.groovy.ast.expr.EmptyExpression>: null

2018-12-12 15:23:23 - [TEST_STEP][PASSED] - Statement - out.println(CurrentMonth): null

2018-12-12 15:23:23 - [TEST_STEP][PASSED] - Statement - out.println(CurrentDate): null

2018-12-12 15:23:23 - [TEST_STEP][PASSED] - Statement - switch (CurrentDate): null

2018-12-12 15:23:23 - [TEST_STEP][PASSED] - Statement - Default: null

2018-12-12 15:23:23 - [TEST_STEP][PASSED] - Statement - ConfAdder = true: null

2018-12-12 15:23:23 - [TEST_STEP][PASSED] - Statement - Break: null

2018-12-12 15:23:23 - [TEST_STEP][PASSED] - Statement - aDayBefore = <not implemented yet for class: org.codehaus.groovy.ast.expr.EmptyExpression>: null

2018-12-12 15:23:23 - [TEST_STEP][PASSED] - Statement - out.println(ConfAdder): null

2018-12-12 15:23:23 - [TEST_STEP][PASSED] - Statement - If (ConfAdder == true): null

2018-12-12 15:23:23 - [TEST_STEP][PASSED] - Statement - aDayBefore = CurrentDay + 1: null

2018-12-12 15:23:23 - [TEST_STEP][PASSED] - Statement - out.println(aDayBefore): null

2018-12-12 15:23:23 - [TEST_STEP][PASSED] - Statement - If (aDayBefore == 1 && CurrentMonth == 11): null

2018-12-12 15:23:23 - [TEST_STEP][PASSED] - Statement - DayBefore = aDayBefore.toString(): null

2018-12-12 15:23:23 - [TEST_STEP][PASSED] - Statement - OneDayBefore = DayBefore: null

2018-12-12 15:23:23 - [MESSAGE][PASSED] - Call Test Case 'Test Cases/Final Aug 2018 - PKS Automation/Registration Module/New Registration/Form 2/Date Updater' successfully

2018-12-12 15:23:23 - [TEST_STEP][PASSED] - delay: Delayed 1 second(s)

2018-12-12 15:23:24 - [MESSAGE][PASSED] - Delayed 1 second(s)

2018-12-12 15:23:24 - [TEST_STEP][PASSED] - Statement - CaseReferenceNo = com.kms.katalon.core.webui.keyword.WebUiBuiltInKeywords.getText(com.kms.katalon.core.testobject.ObjectRepository.findTestObject(Final Object Repo/New Registration - Registration Module Pages/Form 2/RefNo Acquiring)): Text of object 'Object Repository/Final Object Repo/New Registration - Registration Module Pages/Form 2/RefNo Acquiring' is: 'CRN12201800123205'

2018-12-12 15:23:24 - [MESSAGE][PASSED] - Text of object 'Object Repository/Final Object Repo/New Registration - Registration Module Pages/Form 2/RefNo Acquiring' is: 'CRN12201800123205'

2018-12-12 15:23:24 - [TEST_STEP][PASSED] - delay: Delayed 1 second(s)

2018-12-12 15:23:25 - [MESSAGE][PASSED] - Delayed 1 second(s)

2018-12-12 15:23:25 - [TEST_STEP][PASSED] - click: Object: 'Object Repository/Final Object Repo/New Registration - Registration Module Pages/Form 2/Add Employee Button' is clicked on

2018-12-12 15:23:25 - [MESSAGE][PASSED] - Object: 'Object Repository/Final Object Repo/New Registration - Registration Module Pages/Form 2/Add Employee Button' is clicked on

2018-12-12 15:23:25 - [TEST_STEP][PASSED] - delay: Delayed 4 second(s)

2018-12-12 15:23:29 - [MESSAGE][PASSED] - Delayed 4 second(s)

2018-12-12 15:23:29 - [TEST_STEP][PASSED] - setText: Text '010903091927' is set on object 'Object Repository/Final Object Repo/New Registration - Registration Module Pages/Form 2/NRIC Input'

2018-12-12 15:23:30 - [MESSAGE][PASSED] - Text '010903091927' is set on object 'Object Repository/Final Object Repo/New Registration - Registration Module Pages/Form 2/NRIC Input'

2018-12-12 15:23:30 - [TEST_STEP][PASSED] - click: Object: 'Object Repository/Final Object Repo/New Registration - Registration Module Pages/Form 2/button for search for IC' is clicked on

2018-12-12 15:23:30 - [MESSAGE][PASSED] - Object: 'Object Repository/Final Object Repo/New Registration - Registration Module Pages/Form 2/button for search for IC' is clicked on

2018-12-12 15:23:30 - [TEST_STEP][PASSED] - delay: Delayed 2 second(s)

2018-12-12 15:23:32 - [MESSAGE][PASSED] - Delayed 2 second(s)

2018-12-12 15:23:32 - [TEST_STEP][PASSED] - setText: Text 'Automate001 eligible 1' is set on object 'Object Repository/Final Object Repo/New Registration - Registration Module Pages/Form 2/Employee Name Input'

2018-12-12 15:23:32 - [MESSAGE][PASSED] - Text 'Automate001 eligible 1' is set on object 'Object Repository/Final Object Repo/New Registration - Registration Module Pages/Form 2/Employee Name Input'

2018-12-12 15:23:32 - [TEST_STEP][PASSED] - delay: Delayed 2 second(s)

2018-12-12 15:23:34 - [MESSAGE][PASSED] - Delayed 2 second(s)

2018-12-12 15:23:34 - [TEST_STEP][PASSED] - click: Object: 'Object Repository/Final Object Repo/New Registration - Registration Module Pages/Form 2/DatePicker Pop Up' is clicked on

2018-12-12 15:23:35 - [MESSAGE][PASSED] - Object: 'Object Repository/Final Object Repo/New Registration - Registration Module Pages/Form 2/DatePicker Pop Up' is clicked on

2018-12-12 15:23:35 - [TEST_STEP][PASSED] - click: Object: 'Object Repository/Final Object Repo/New Registration - Registration Module Pages/Form 2/DOB Month' is clicked on

2018-12-12 15:23:35 - [MESSAGE][PASSED] - Object: 'Object Repository/Final Object Repo/New Registration - Registration Module Pages/Form 2/DOB Month' is clicked on

2018-12-12 15:23:35 - [TEST_STEP][PASSED] - Statement - CurrentMonth = CurrentMonth: null

2018-12-12 15:23:35 - [TEST_STEP][PASSED] - Statement - selectMonth = new com.kms.katalon.core.testobject.TestObject(): null

2018-12-12 15:23:35 - [TEST_STEP][PASSED] - Statement - selectMonth.addProperty("xpath", EQUALS, "//body/div/div/div/select/option[@value='" + CurrentMonth + "']", true): null

2018-12-12 15:23:35 - [TEST_STEP][PASSED] - click: Object: '' is clicked on

2018-12-12 15:23:35 - [MESSAGE][PASSED] - Object: '' is clicked on

2018-12-12 15:23:35 - [TEST_STEP][PASSED] - click: Object: 'Object Repository/Final Object Repo/New Registration - Registration Module Pages/Form 2/DOB Year' is clicked on

2018-12-12 15:23:35 - [MESSAGE][PASSED] - Object: 'Object Repository/Final Object Repo/New Registration - Registration Module Pages/Form 2/DOB Year' is clicked on

2018-12-12 15:23:35 - [TEST_STEP][PASSED] - Statement - Eyearsbf = EighteenYrsBefore: null

2018-12-12 15:23:35 - [TEST_STEP][PASSED] - Statement - selectYear = new com.kms.katalon.core.testobject.TestObject(): null

2018-12-12 15:23:35 - [TEST_STEP][PASSED] - Statement - selectYear.addProperty("xpath", EQUALS, "//div/div/div/select/option[@value='" + Eyearsbf + "']", true): null

2018-12-12 15:23:35 - [TEST_STEP][PASSED] - click: Object: '' is clicked on

2018-12-12 15:23:35 - [MESSAGE][PASSED] - Object: '' is clicked on

2018-12-12 15:23:35 - [TEST_STEP][PASSED] - Statement - UpdatedSelectDate = com.kms.katalon.core.webui.keyword.WebUiBuiltInKeywords.modifyObjectProperty(com.kms.katalon.core.testobject.ObjectRepository.findTestObject(Final Object Repo/New Registration - Registration Module Pages/Form 2/DOB Date), "xpath", "equals", "//body/div/table/tbody/tr/td/a[text()="" + CurrentDate + ""]", true): Modify property of object successfully

2018-12-12 15:23:35 - [MESSAGE][PASSED] - Modify property of object successfully

2018-12-12 15:23:35 - [TEST_STEP][PASSED] - delay: Delayed 3 second(s)

2018-12-12 15:23:38 - [MESSAGE][PASSED] - Delayed 3 second(s)

2018-12-12 15:23:38 - [TEST_STEP][PASSED] - click: Object: 'Object Repository/Final Object Repo/New Registration - Registration Module Pages/Form 2/DOB Date' is clicked on

2018-12-12 15:23:38 - [MESSAGE][PASSED] - Object: 'Object Repository/Final Object Repo/New Registration - Registration Module Pages/Form 2/DOB Date' is clicked on

2018-12-12 15:23:38 - [TEST_STEP][PASSED] - delay: Delayed 2 second(s)

2018-12-12 15:23:40 - [MESSAGE][PASSED] - Delayed 2 second(s)

2018-12-12 15:23:40 - [TEST_STEP][PASSED] - click: Object: 'Object Repository/Final Object Repo/New Registration - Registration Module Pages/Form 2/EmploymentStartDate Pop Up' is clicked on

2018-12-12 15:23:41 - [MESSAGE][PASSED] - Object: 'Object Repository/Final Object Repo/New Registration - Registration Module Pages/Form 2/EmploymentStartDate Pop Up' is clicked on

2018-12-12 15:23:41 - [TEST_STEP][PASSED] - delay: Delayed 2 second(s)

2018-12-12 15:23:43 - [MESSAGE][PASSED] - Delayed 2 second(s)

2018-12-12 15:23:43 - [TEST_STEP][PASSED] - click: Object: 'Object Repository/Final Object Repo/New Registration - Registration Module Pages/Form 2/Socso Employment StartDate Month' is clicked on

2018-12-12 15:23:43 - [MESSAGE][PASSED] - Object: 'Object Repository/Final Object Repo/New Registration - Registration Module Pages/Form 2/Socso Employment StartDate Month' is clicked on

2018-12-12 15:23:43 - [TEST_STEP][PASSED] - delay: Delayed 1 second(s)

2018-12-12 15:23:44 - [MESSAGE][PASSED] - Delayed 1 second(s)

2018-12-12 15:23:44 - [TEST_STEP][PASSED] - click: Object: 'Object Repository/Final Object Repo/New Registration - Registration Module Pages/Form 2/Select Socso Employement Startdate Month' is clicked on

2018-12-12 15:23:44 - [MESSAGE][PASSED] - Object: 'Object Repository/Final Object Repo/New Registration - Registration Module Pages/Form 2/Select Socso Employement Startdate Month' is clicked on

2018-12-12 15:23:44 - [TEST_STEP][PASSED] - delay: Delayed 2 second(s)

2018-12-12 15:23:46 - [MESSAGE][PASSED] - Delayed 2 second(s)

2018-12-12 15:23:46 - [TEST_STEP][PASSED] - click: Object: 'Object Repository/Final Object Repo/New Registration - Registration Module Pages/Form 2/Socso Employment StartDate Year' is clicked on

2018-12-12 15:23:46 - [MESSAGE][PASSED] - Object: 'Object Repository/Final Object Repo/New Registration - Registration Module Pages/Form 2/Socso Employment StartDate Year' is clicked on

2018-12-12 15:23:46 - [TEST_STEP][PASSED] - delay: Delayed 1 second(s)

2018-12-12 15:23:47 - [MESSAGE][PASSED] - Delayed 1 second(s)

2018-12-12 15:23:47 - [TEST_STEP][PASSED] - click: Object: 'Object Repository/Final Object Repo/New Registration - Registration Module Pages/Form 2/Select Socso Employment Startdate Year' is clicked on

2018-12-12 15:23:47 - [MESSAGE][PASSED] - Object: 'Object Repository/Final Object Repo/New Registration - Registration Module Pages/Form 2/Select Socso Employment Startdate Year' is clicked on

2018-12-12 15:23:47 - [TEST_STEP][PASSED] - delay: Delayed 2 second(s)

2018-12-12 15:23:49 - [MESSAGE][PASSED] - Delayed 2 second(s)

2018-12-12 15:23:49 - [TEST_STEP][PASSED] - click: Object: 'Object Repository/Final Object Repo/New Registration - Registration Module Pages/Form 2/Socso Employment Start Date Day' is clicked on

2018-12-12 15:23:49 - [MESSAGE][PASSED] - Object: 'Object Repository/Final Object Repo/New Registration - Registration Module Pages/Form 2/Socso Employment Start Date Day' is clicked on

2018-12-12 15:23:49 - [TEST_STEP][PASSED] - delay: Delayed 2 second(s)

2018-12-12 15:23:51 - [MESSAGE][PASSED] - Delayed 2 second(s)

2018-12-12 15:23:51 - [TEST_STEP][PASSED] - click: Object: 'Object Repository/Final Object Repo/New Registration - Registration Module Pages/Form 2/Save Button for Add Employee' is clicked on

2018-12-12 15:23:52 - [MESSAGE][PASSED] - Object: 'Object Repository/Final Object Repo/New Registration - Registration Module Pages/Form 2/Save Button for Add Employee' is clicked on

2018-12-12 15:23:52 - [TEST_STEP][PASSED] - delay: Delayed 6 second(s)

2018-12-12 15:23:58 - [MESSAGE][PASSED] - Delayed 6 second(s)

2018-12-12 15:23:58 - [TEST_STEP][PASSED] - click: Object: 'Object Repository/Final Object Repo/New Registration - Registration Module Pages/Form 2/Add Employee Button' is clicked on

2018-12-12 15:23:58 - [MESSAGE][PASSED] - Object: 'Object Repository/Final Object Repo/New Registration - Registration Module Pages/Form 2/Add Employee Button' is clicked on

2018-12-12 15:23:58 - [TEST_STEP][PASSED] - delay: Delayed 4 second(s)

2018-12-12 15:24:02 - [MESSAGE][PASSED] - Delayed 4 second(s)

2018-12-12 15:24:02 - [TEST_STEP][PASSED] - setText: Text '620904059691' is set on object 'Object Repository/Final Object Repo/New Registration - Registration Module Pages/Form 2/NRIC Input'

2018-12-12 15:24:02 - [MESSAGE][PASSED] - Text '620904059691' is set on object 'Object Repository/Final Object Repo/New Registration - Registration Module Pages/Form 2/NRIC Input'

2018-12-12 15:24:02 - [TEST_STEP][PASSED] - click: Object: 'Object Repository/Final Object Repo/New Registration - Registration Module Pages/Form 2/button for search for IC' is clicked on

2018-12-12 15:24:02 - [MESSAGE][PASSED] - Object: 'Object Repository/Final Object Repo/New Registration - Registration Module Pages/Form 2/button for search for IC' is clicked on

2018-12-12 15:24:02 - [TEST_STEP][PASSED] - delay: Delayed 2 second(s)

2018-12-12 15:24:04 - [MESSAGE][PASSED] - Delayed 2 second(s)

2018-12-12 15:24:04 - [TEST_STEP][PASSED] - setText: Text 'Automate001 eligible 2' is set on object 'Object Repository/Final Object Repo/New Registration - Registration Module Pages/Form 2/Employee Name Input'

2018-12-12 15:24:05 - [MESSAGE][PASSED] - Text 'Automate001 eligible 2' is set on object 'Object Repository/Final Object Repo/New Registration - Registration Module Pages/Form 2/Employee Name Input'

2018-12-12 15:24:05 - [TEST_STEP][PASSED] - delay: Delayed 2 second(s)

2018-12-12 15:24:07 - [MESSAGE][PASSED] - Delayed 2 second(s)

2018-12-12 15:24:07 - [TEST_STEP][PASSED] - click: Object: 'Object Repository/Final Object Repo/New Registration - Registration Module Pages/Form 2/DatePicker Pop Up' is clicked on

2018-12-12 15:24:07 - [MESSAGE][PASSED] - Object: 'Object Repository/Final Object Repo/New Registration - Registration Module Pages/Form 2/DatePicker Pop Up' is clicked on

2018-12-12 15:24:07 - [TEST_STEP][PASSED] - delay: Delayed 2 second(s)

2018-12-12 15:24:09 - [MESSAGE][PASSED] - Delayed 2 second(s)

2018-12-12 15:24:09 - [TEST_STEP][PASSED] - click: Object: 'Object Repository/Final Object Repo/New Registration - Registration Module Pages/Form 2/DOB Month' is clicked on

2018-12-12 15:24:09 - [MESSAGE][PASSED] - Object: 'Object Repository/Final Object Repo/New Registration - Registration Module Pages/Form 2/DOB Month' is clicked on

2018-12-12 15:24:09 - [TEST_STEP][PASSED] - Statement - selectMonth = com.kms.katalon.core.webui.keyword.WebUiBuiltInKeywords.modifyObjectProperty(selectMonth, "xpath", "equals", "//body/div/div/div/select/option[@value="" + CurrentMonth + ""]", true): Modify property of object successfully

2018-12-12 15:24:09 - [MESSAGE][PASSED] - Modify property of object successfully

2018-12-12 15:24:09 - [TEST_STEP][PASSED] - click: Object: '' is clicked on

2018-12-12 15:24:09 - [MESSAGE][PASSED] - Object: '' is clicked on

2018-12-12 15:24:09 - [TEST_STEP][PASSED] - click: Object: 'Object Repository/Final Object Repo/New Registration - Registration Module Pages/Form 2/DOB Year' is clicked on

2018-12-12 15:24:10 - [MESSAGE][PASSED] - Object: 'Object Repository/Final Object Repo/New Registration - Registration Module Pages/Form 2/DOB Year' is clicked on

2018-12-12 15:24:10 - [TEST_STEP][PASSED] - Statement - selectYear = com.kms.katalon.core.webui.keyword.WebUiBuiltInKeywords.modifyObjectProperty(selectYear, "xpath", "equals", "//div/div/div/select/option[@value="" + FiftysevenYrsBefore + ""]", true): Modify property of object successfully

2018-12-12 15:24:10 - [MESSAGE][PASSED] - Modify property of object successfully

2018-12-12 15:24:10 - [TEST_STEP][PASSED] - click: Object: '' is clicked on

2018-12-12 15:24:10 - [MESSAGE][PASSED] - Object: '' is clicked on

2018-12-12 15:24:10 - [TEST_STEP][PASSED] - Statement - UpdatedSelectDate = com.kms.katalon.core.webui.keyword.WebUiBuiltInKeywords.modifyObjectProperty(com.kms.katalon.core.testobject.ObjectRepository.findTestObject(Final Object Repo/New Registration - Registration Module Pages/Form 2/DOB Date), "xpath", "equals", "//body/div/table/tbody/tr/td/a[text()="" + OneDayBefore + ""]", true): Modify property of object successfully

2018-12-12 15:24:10 - [MESSAGE][PASSED] - Modify property of object successfully

2018-12-12 15:24:10 - [TEST_STEP][PASSED] - click: Object: 'Object Repository/Final Object Repo/New Registration - Registration Module Pages/Form 2/DOB Date' is clicked on

2018-12-12 15:24:10 - [MESSAGE][PASSED] - Object: 'Object Repository/Final Object Repo/New Registration - Registration Module Pages/Form 2/DOB Date' is clicked on

2018-12-12 15:24:10 - [TEST_STEP][PASSED] - delay: Delayed 2 second(s)

2018-12-12 15:24:12 - [MESSAGE][PASSED] - Delayed 2 second(s)

2018-12-12 15:24:12 - [TEST_STEP][PASSED] - click: Object: 'Object Repository/Final Object Repo/New Registration - Registration Module Pages/Form 2/EmploymentStartDate Pop Up' is clicked on

2018-12-12 15:24:12 - [MESSAGE][PASSED] - Object: 'Object Repository/Final Object Repo/New Registration - Registration Module Pages/Form 2/EmploymentStartDate Pop Up' is clicked on

2018-12-12 15:24:12 - [TEST_STEP][PASSED] - delay: Delayed 2 second(s)

2018-12-12 15:24:14 - [MESSAGE][PASSED] - Delayed 2 second(s)

2018-12-12 15:24:14 - [TEST_STEP][PASSED] - click: Object: 'Object Repository/Final Object Repo/New Registration - Registration Module Pages/Form 2/Socso Employment StartDate Month' is clicked on

2018-12-12 15:24:14 - [MESSAGE][PASSED] - Object: 'Object Repository/Final Object Repo/New Registration - Registration Module Pages/Form 2/Socso Employment StartDate Month' is clicked on

2018-12-12 15:24:14 - [TEST_STEP][PASSED] - delay: Delayed 1 second(s)

2018-12-12 15:24:15 - [MESSAGE][PASSED] - Delayed 1 second(s)

2018-12-12 15:24:15 - [TEST_STEP][PASSED] - click: Object: 'Object Repository/Final Object Repo/New Registration - Registration Module Pages/Form 2/Select Socso Employement Startdate Month' is clicked on

2018-12-12 15:24:15 - [MESSAGE][PASSED] - Object: 'Object Repository/Final Object Repo/New Registration - Registration Module Pages/Form 2/Select Socso Employement Startdate Month' is clicked on

2018-12-12 15:24:15 - [TEST_STEP][PASSED] - delay: Delayed 2 second(s)

2018-12-12 15:24:17 - [MESSAGE][PASSED] - Delayed 2 second(s)

2018-12-12 15:24:17 - [TEST_STEP][PASSED] - click: Object: 'Object Repository/Final Object Repo/New Registration - Registration Module Pages/Form 2/Socso Employment StartDate Year' is clicked on

2018-12-12 15:24:18 - [MESSAGE][PASSED] - Object: 'Object Repository/Final Object Repo/New Registration - Registration Module Pages/Form 2/Socso Employment StartDate Year' is clicked on

2018-12-12 15:24:18 - [TEST_STEP][PASSED] - delay: Delayed 1 second(s)

2018-12-12 15:24:19 - [MESSAGE][PASSED] - Delayed 1 second(s)

2018-12-12 15:24:19 - [TEST_STEP][PASSED] - click: Object: 'Object Repository/Final Object Repo/New Registration - Registration Module Pages/Form 2/Select Socso Employment Startdate Year' is clicked on

2018-12-12 15:24:19 - [MESSAGE][PASSED] - Object: 'Object Repository/Final Object Repo/New Registration - Registration Module Pages/Form 2/Select Socso Employment Startdate Year' is clicked on

2018-12-12 15:24:19 - [TEST_STEP][PASSED] - delay: Delayed 2 second(s)

2018-12-12 15:24:21 - [MESSAGE][PASSED] - Delayed 2 second(s)

2018-12-12 15:24:21 - [TEST_STEP][PASSED] - click: Object: 'Object Repository/Final Object Repo/New Registration - Registration Module Pages/Form 2/Socso Employment Start Date Day' is clicked on

2018-12-12 15:24:21 - [MESSAGE][PASSED] - Object: 'Object Repository/Final Object Repo/New Registration - Registration Module Pages/Form 2/Socso Employment Start Date Day' is clicked on

2018-12-12 15:24:21 - [TEST_STEP][PASSED] - delay: Delayed 2 second(s)

2018-12-12 15:24:23 - [MESSAGE][PASSED] - Delayed 2 second(s)

2018-12-12 15:24:23 - [TEST_STEP][PASSED] - click: Object: 'Object Repository/Final Object Repo/New Registration - Registration Module Pages/Form 2/Save Button for Add Employee' is clicked on

2018-12-12 15:24:23 - [MESSAGE][PASSED] - Object: 'Object Repository/Final Object Repo/New Registration - Registration Module Pages/Form 2/Save Button for Add Employee' is clicked on

2018-12-12 15:24:23 - [TEST_STEP][PASSED] - delay: Delayed 4 second(s)

2018-12-12 15:24:27 - [MESSAGE][PASSED] - Delayed 4 second(s)

2018-12-12 15:24:27 - [TEST_STEP][PASSED] - delay: Delayed 30 second(s)

2018-12-12 15:24:57 - [MESSAGE][PASSED] - Delayed 30 second(s)

2018-12-12 15:24:57 - [TEST_STEP][PASSED] - click: Object: 'Object Repository/Final Object Repo/New Registration - Registration Module Pages/Form 2/Add Employee Button' is clicked on

2018-12-12 15:24:57 - [MESSAGE][PASSED] - Object: 'Object Repository/Final Object Repo/New Registration - Registration Module Pages/Form 2/Add Employee Button' is clicked on

2018-12-12 15:24:57 - [TEST_STEP][PASSED] - delay: Delayed 4 second(s)

2018-12-12 15:25:01 - [MESSAGE][PASSED] - Delayed 4 second(s)

2018-12-12 15:25:01 - [TEST_STEP][PASSED] - setText: Text '000209039145' is set on object 'Object Repository/Final Object Repo/New Registration - Registration Module Pages/Form 2/NRIC Input'

2018-12-12 15:25:02 - [MESSAGE][PASSED] - Text '000209039145' is set on object 'Object Repository/Final Object Repo/New Registration - Registration Module Pages/Form 2/NRIC Input'

2018-12-12 15:25:02 - [TEST_STEP][PASSED] - click: Object: 'Object Repository/Final Object Repo/New Registration - Registration Module Pages/Form 2/button for search for IC' is clicked on

2018-12-12 15:25:02 - [MESSAGE][PASSED] - Object: 'Object Repository/Final Object Repo/New Registration - Registration Module Pages/Form 2/button for search for IC' is clicked on

2018-12-12 15:25:02 - [TEST_STEP][PASSED] - delay: Delayed 2 second(s)

2018-12-12 15:25:04 - [MESSAGE][PASSED] - Delayed 2 second(s)

2018-12-12 15:25:04 - [TEST_STEP][PASSED] - setText: Text 'Automate001 not eligible 1' is set on object 'Object Repository/Final Object Repo/New Registration - Registration Module Pages/Form 2/Employee Name Input'

2018-12-12 15:25:04 - [MESSAGE][PASSED] - Text 'Automate001 not eligible 1' is set on object 'Object Repository/Final Object Repo/New Registration - Registration Module Pages/Form 2/Employee Name Input'

2018-12-12 15:25:04 - [TEST_STEP][PASSED] - delay: Delayed 2 second(s)

2018-12-12 15:25:06 - [MESSAGE][PASSED] - Delayed 2 second(s)

2018-12-12 15:25:06 - [TEST_STEP][PASSED] - click: Object: 'Object Repository/Final Object Repo/New Registration - Registration Module Pages/Form 2/DatePicker Pop Up' is clicked on

2018-12-12 15:25:07 - [MESSAGE][PASSED] - Object: 'Object Repository/Final Object Repo/New Registration - Registration Module Pages/Form 2/DatePicker Pop Up' is clicked on

2018-12-12 15:25:07 - [TEST_STEP][PASSED] - delay: Delayed 2 second(s)

2018-12-12 15:25:09 - [MESSAGE][PASSED] - Delayed 2 second(s)

2018-12-12 15:25:09 - [TEST_STEP][PASSED] - click: Object: 'Object Repository/Final Object Repo/New Registration - Registration Module Pages/Form 2/DOB Month' is clicked on

2018-12-12 15:25:09 - [MESSAGE][PASSED] - Object: 'Object Repository/Final Object Repo/New Registration - Registration Module Pages/Form 2/DOB Month' is clicked on

2018-12-12 15:25:09 - [TEST_STEP][PASSED] - Statement - selectMonth = com.kms.katalon.core.webui.keyword.WebUiBuiltInKeywords.modifyObjectProperty(selectMonth, "xpath", "equals", "//body/div/div/div/select/option[@value="" + CurrentMonth + ""]", true): Modify property of object successfully

2018-12-12 15:25:09 - [MESSAGE][PASSED] - Modify property of object successfully

2018-12-12 15:25:09 - [TEST_STEP][PASSED] - click: Object: '' is clicked on

2018-12-12 15:25:09 - [MESSAGE][PASSED] - Object: '' is clicked on

2018-12-12 15:25:09 - [TEST_STEP][PASSED] - click: Object: 'Object Repository/Final Object Repo/New Registration - Registration Module Pages/Form 2/DOB Year' is clicked on

2018-12-12 15:25:09 - [MESSAGE][PASSED] - Object: 'Object Repository/Final Object Repo/New Registration - Registration Module Pages/Form 2/DOB Year' is clicked on

2018-12-12 15:25:09 - [TEST_STEP][PASSED] - Statement - selectYear = com.kms.katalon.core.webui.keyword.WebUiBuiltInKeywords.modifyObjectProperty(selectYear, "xpath", "equals", "//div/div/div/select/option[@value="" + EighteenYrsBefore + ""]", true): Modify property of object successfully

2018-12-12 15:25:09 - [MESSAGE][PASSED] - Modify property of object successfully

2018-12-12 15:25:09 - [TEST_STEP][PASSED] - click: Object: '' is clicked on

2018-12-12 15:25:09 - [MESSAGE][PASSED] - Object: '' is clicked on

2018-12-12 15:25:09 - [TEST_STEP][PASSED] - Statement - UpdatedSelectDate = com.kms.katalon.core.webui.keyword.WebUiBuiltInKeywords.modifyObjectProperty(com.kms.katalon.core.testobject.ObjectRepository.findTestObject(Final Object Repo/New Registration - Registration Module Pages/Form 2/DOB Date), "xpath", "equals", "//body/div/table/tbody/tr/td/a[text()="" + OneDayBefore + ""]", true): Modify property of object successfully

2018-12-12 15:25:09 - [MESSAGE][PASSED] - Modify property of object successfully

2018-12-12 15:25:09 - [TEST_STEP][PASSED] - click: Object: 'Object Repository/Final Object Repo/New Registration - Registration Module Pages/Form 2/DOB Date' is clicked on

2018-12-12 15:25:09 - [MESSAGE][PASSED] - Object: 'Object Repository/Final Object Repo/New Registration - Registration Module Pages/Form 2/DOB Date' is clicked on

2018-12-12 15:25:09 - [TEST_STEP][PASSED] - delay: Delayed 2 second(s)

2018-12-12 15:25:11 - [MESSAGE][PASSED] - Delayed 2 second(s)

2018-12-12 15:25:11 - [TEST_STEP][PASSED] - click: Object: 'Object Repository/Final Object Repo/New Registration - Registration Module Pages/Form 2/EmploymentStartDate Pop Up' is clicked on

2018-12-12 15:25:12 - [MESSAGE][PASSED] - Object: 'Object Repository/Final Object Repo/New Registration - Registration Module Pages/Form 2/EmploymentStartDate Pop Up' is clicked on

2018-12-12 15:25:12 - [TEST_STEP][PASSED] - delay: Delayed 2 second(s)

2018-12-12 15:25:14 - [MESSAGE][PASSED] - Delayed 2 second(s)

2018-12-12 15:25:14 - [TEST_STEP][PASSED] - click: Object: 'Object Repository/Final Object Repo/New Registration - Registration Module Pages/Form 2/Socso Employment StartDate Month' is clicked on

2018-12-12 15:25:14 - [MESSAGE][PASSED] - Object: 'Object Repository/Final Object Repo/New Registration - Registration Module Pages/Form 2/Socso Employment StartDate Month' is clicked on

2018-12-12 15:25:14 - [TEST_STEP][PASSED] - delay: Delayed 1 second(s)

2018-12-12 15:25:15 - [MESSAGE][PASSED] - Delayed 1 second(s)

2018-12-12 15:25:15 - [TEST_STEP][PASSED] - click: Object: 'Object Repository/Final Object Repo/New Registration - Registration Module Pages/Form 2/Select Socso Employement Startdate Month' is clicked on

2018-12-12 15:25:15 - [MESSAGE][PASSED] - Object: 'Object Repository/Final Object Repo/New Registration - Registration Module Pages/Form 2/Select Socso Employement Startdate Month' is clicked on

2018-12-12 15:25:15 - [TEST_STEP][PASSED] - delay: Delayed 2 second(s)

2018-12-12 15:25:17 - [MESSAGE][PASSED] - Delayed 2 second(s)

2018-12-12 15:25:17 - [TEST_STEP][PASSED] - click: Object: 'Object Repository/Final Object Repo/New Registration - Registration Module Pages/Form 2/Socso Employment StartDate Year' is clicked on

2018-12-12 15:25:17 - [MESSAGE][PASSED] - Object: 'Object Repository/Final Object Repo/New Registration - Registration Module Pages/Form 2/Socso Employment StartDate Year' is clicked on

2018-12-12 15:25:17 - [TEST_STEP][PASSED] - delay: Delayed 1 second(s)

2018-12-12 15:25:18 - [MESSAGE][PASSED] - Delayed 1 second(s)

2018-12-12 15:25:18 - [TEST_STEP][PASSED] - click: Object: 'Object Repository/Final Object Repo/New Registration - Registration Module Pages/Form 2/Select Socso Employment Startdate Year' is clicked on

2018-12-12 15:25:18 - [MESSAGE][PASSED] - Object: 'Object Repository/Final Object Repo/New Registration - Registration Module Pages/Form 2/Select Socso Employment Startdate Year' is clicked on

2018-12-12 15:25:18 - [TEST_STEP][PASSED] - delay: Delayed 2 second(s)

2018-12-12 15:25:20 - [MESSAGE][PASSED] - Delayed 2 second(s)

2018-12-12 15:25:20 - [TEST_STEP][PASSED] - click: Object: 'Object Repository/Final Object Repo/New Registration - Registration Module Pages/Form 2/Socso Employment Start Date Day' is clicked on

2018-12-12 15:25:20 - [MESSAGE][PASSED] - Object: 'Object Repository/Final Object Repo/New Registration - Registration Module Pages/Form 2/Socso Employment Start Date Day' is clicked on

2018-12-12 15:25:20 - [TEST_STEP][PASSED] - delay: Delayed 2 second(s)

2018-12-12 15:25:22 - [MESSAGE][PASSED] - Delayed 2 second(s)

2018-12-12 15:25:22 - [TEST_STEP][PASSED] - click: Object: 'Object Repository/Final Object Repo/New Registration - Registration Module Pages/Form 2/Save Button for Add Employee' is clicked on

2018-12-12 15:25:23 - [MESSAGE][PASSED] - Object: 'Object Repository/Final Object Repo/New Registration - Registration Module Pages/Form 2/Save Button for Add Employee' is clicked on

2018-12-12 15:25:23 - [TEST_STEP][PASSED] - delay: Delayed 6 second(s)

2018-12-12 15:25:29 - [MESSAGE][PASSED] - Delayed 6 second(s)

2018-12-12 15:25:29 - [TEST_STEP][PASSED] - click: Object: 'Object Repository/Final Object Repo/New Registration - Registration Module Pages/Form 2/Add Employee Button' is clicked on

2018-12-12 15:25:29 - [MESSAGE][PASSED] - Object: 'Object Repository/Final Object Repo/New Registration - Registration Module Pages/Form 2/Add Employee Button' is clicked on

2018-12-12 15:25:29 - [TEST_STEP][PASSED] - delay: Delayed 4 second(s)

2018-12-12 15:25:33 - [MESSAGE][PASSED] - Delayed 4 second(s)

2018-12-12 15:25:33 - [TEST_STEP][PASSED] - setText: Text '600203039154' is set on object 'Object Repository/Final Object Repo/New Registration - Registration Module Pages/Form 2/NRIC Input'

2018-12-12 15:25:33 - [MESSAGE][PASSED] - Text '600203039154' is set on object 'Object Repository/Final Object Repo/New Registration - Registration Module Pages/Form 2/NRIC Input'

2018-12-12 15:25:33 - [TEST_STEP][PASSED] - click: Object: 'Object Repository/Final Object Repo/New Registration - Registration Module Pages/Form 2/button for search for IC' is clicked on

2018-12-12 15:25:33 - [MESSAGE][PASSED] - Object: 'Object Repository/Final Object Repo/New Registration - Registration Module Pages/Form 2/button for search for IC' is clicked on

2018-12-12 15:25:33 - [TEST_STEP][PASSED] - delay: Delayed 2 second(s)

2018-12-12 15:25:35 - [MESSAGE][PASSED] - Delayed 2 second(s)

2018-12-12 15:25:35 - [TEST_STEP][PASSED] - setText: Text 'Automate001 not eligible 2' is set on object 'Object Repository/Final Object Repo/New Registration - Registration Module Pages/Form 2/Employee Name Input'

2018-12-12 15:25:36 - [MESSAGE][PASSED] - Text 'Automate001 not eligible 2' is set on object 'Object Repository/Final Object Repo/New Registration - Registration Module Pages/Form 2/Employee Name Input'

2018-12-12 15:25:36 - [TEST_STEP][PASSED] - delay: Delayed 2 second(s)

2018-12-12 15:25:38 - [MESSAGE][PASSED] - Delayed 2 second(s)

2018-12-12 15:25:38 - [TEST_STEP][PASSED] - click: Object: 'Object Repository/Final Object Repo/New Registration - Registration Module Pages/Form 2/DatePicker Pop Up' is clicked on

2018-12-12 15:25:38 - [MESSAGE][PASSED] - Object: 'Object Repository/Final Object Repo/New Registration - Registration Module Pages/Form 2/DatePicker Pop Up' is clicked on

2018-12-12 15:25:38 - [TEST_STEP][PASSED] - delay: Delayed 2 second(s)

2018-12-12 15:25:40 - [MESSAGE][PASSED] - Delayed 2 second(s)

2018-12-12 15:25:40 - [TEST_STEP][PASSED] - click: Object: 'Object Repository/Final Object Repo/New Registration - Registration Module Pages/Form 2/DOB Month' is clicked on

2018-12-12 15:25:40 - [MESSAGE][PASSED] - Object: 'Object Repository/Final Object Repo/New Registration - Registration Module Pages/Form 2/DOB Month' is clicked on

2018-12-12 15:25:40 - [TEST_STEP][PASSED] - Statement - selectMonth = com.kms.katalon.core.webui.keyword.WebUiBuiltInKeywords.modifyObjectProperty(selectMonth, "xpath", "equals", "//body/div/div/div/select/option[@value="" + CurrentMonth + ""]", true): Modify property of object successfully

2018-12-12 15:25:40 - [MESSAGE][PASSED] - Modify property of object successfully

2018-12-12 15:25:40 - [TEST_STEP][PASSED] - click: Object: '' is clicked on

2018-12-12 15:25:40 - [MESSAGE][PASSED] - Object: '' is clicked on

2018-12-12 15:25:40 - [TEST_STEP][PASSED] - click: Object: 'Object Repository/Final Object Repo/New Registration - Registration Module Pages/Form 2/DOB Year' is clicked on

2018-12-12 15:25:41 - [MESSAGE][PASSED] - Object: 'Object Repository/Final Object Repo/New Registration - Registration Module Pages/Form 2/DOB Year' is clicked on

2018-12-12 15:25:41 - [TEST_STEP][PASSED] - Statement - selectYear = com.kms.katalon.core.webui.keyword.WebUiBuiltInKeywords.modifyObjectProperty(selectYear, "xpath", "equals", "//div/div/div/select/option[@value="" + FiftysevenYrsBefore + ""]", true): Modify property of object successfully

2018-12-12 15:25:41 - [MESSAGE][PASSED] - Modify property of object successfully

2018-12-12 15:25:41 - [TEST_STEP][PASSED] - click: Object: '' is clicked on

2018-12-12 15:25:41 - [MESSAGE][PASSED] - Object: '' is clicked on

2018-12-12 15:25:41 - [TEST_STEP][PASSED] - Statement - UpdatedSelectDate = com.kms.katalon.core.webui.keyword.WebUiBuiltInKeywords.modifyObjectProperty(com.kms.katalon.core.testobject.ObjectRepository.findTestObject(Final Object Repo/New Registration - Registration Module Pages/Form 2/DOB Date), "xpath", "equals", "//body/div/table/tbody/tr/td/a[text()="" + CurrentDate + ""]", true): Modify property of object successfully

2018-12-12 15:25:41 - [MESSAGE][PASSED] - Modify property of object successfully

2018-12-12 15:25:41 - [TEST_STEP][PASSED] - click: Object: 'Object Repository/Final Object Repo/New Registration - Registration Module Pages/Form 2/DOB Date' is clicked on

2018-12-12 15:25:41 - [MESSAGE][PASSED] - Object: 'Object Repository/Final Object Repo/New Registration - Registration Module Pages/Form 2/DOB Date' is clicked on

2018-12-12 15:25:41 - [TEST_STEP][PASSED] - click: Object: 'Object Repository/Final Object Repo/New Registration - Registration Module Pages/Form 2/EmploymentStartDate Pop Up' is clicked on

2018-12-12 15:25:41 - [MESSAGE][PASSED] - Object: 'Object Repository/Final Object Repo/New Registration - Registration Module Pages/Form 2/EmploymentStartDate Pop Up' is clicked on

2018-12-12 15:25:41 - [TEST_STEP][PASSED] - delay: Delayed 2 second(s)

2018-12-12 15:25:43 - [MESSAGE][PASSED] - Delayed 2 second(s)

2018-12-12 15:25:43 - [TEST_STEP][PASSED] - click: Object: 'Object Repository/Final Object Repo/New Registration - Registration Module Pages/Form 2/Socso Employment StartDate Month' is clicked on

2018-12-12 15:25:43 - [MESSAGE][PASSED] - Object: 'Object Repository/Final Object Repo/New Registration - Registration Module Pages/Form 2/Socso Employment StartDate Month' is clicked on

2018-12-12 15:25:43 - [TEST_STEP][PASSED] - delay: Delayed 1 second(s)

2018-12-12 15:25:44 - [MESSAGE][PASSED] - Delayed 1 second(s)

2018-12-12 15:25:44 - [TEST_STEP][PASSED] - click: Object: 'Object Repository/Final Object Repo/New Registration - Registration Module Pages/Form 2/Select Socso Employement Startdate Month' is clicked on

2018-12-12 15:25:44 - [MESSAGE][PASSED] - Object: 'Object Repository/Final Object Repo/New Registration - Registration Module Pages/Form 2/Select Socso Employement Startdate Month' is clicked on

2018-12-12 15:25:44 - [TEST_STEP][PASSED] - delay: Delayed 2 second(s)

2018-12-12 15:25:46 - [MESSAGE][PASSED] - Delayed 2 second(s)

2018-12-12 15:25:46 - [TEST_STEP][PASSED] - click: Object: 'Object Repository/Final Object Repo/New Registration - Registration Module Pages/Form 2/Socso Employment StartDate Year' is clicked on

2018-12-12 15:25:47 - [MESSAGE][PASSED] - Object: 'Object Repository/Final Object Repo/New Registration - Registration Module Pages/Form 2/Socso Employment StartDate Year' is clicked on

2018-12-12 15:25:47 - [TEST_STEP][PASSED] - delay: Delayed 1 second(s)

2018-12-12 15:25:48 - [MESSAGE][PASSED] - Delayed 1 second(s)

2018-12-12 15:25:48 - [TEST_STEP][PASSED] - click: Object: 'Object Repository/Final Object Repo/New Registration - Registration Module Pages/Form 2/Select Socso Employment Startdate Year' is clicked on

2018-12-12 15:25:48 - [MESSAGE][PASSED] - Object: 'Object Repository/Final Object Repo/New Registration - Registration Module Pages/Form 2/Select Socso Employment Startdate Year' is clicked on

2018-12-12 15:25:48 - [TEST_STEP][PASSED] - delay: Delayed 2 second(s)

2018-12-12 15:25:50 - [MESSAGE][PASSED] - Delayed 2 second(s)

2018-12-12 15:25:50 - [TEST_STEP][PASSED] - click: Object: 'Object Repository/Final Object Repo/New Registration - Registration Module Pages/Form 2/Socso Employment Start Date Day' is clicked on

2018-12-12 15:25:50 - [MESSAGE][PASSED] - Object: 'Object Repository/Final Object Repo/New Registration - Registration Module Pages/Form 2/Socso Employment Start Date Day' is clicked on

2018-12-12 15:25:50 - [TEST_STEP][PASSED] - delay: Delayed 2 second(s)

2018-12-12 15:25:52 - [MESSAGE][PASSED] - Delayed 2 second(s)

2018-12-12 15:25:52 - [TEST_STEP][PASSED] - click: Object: 'Object Repository/Final Object Repo/New Registration - Registration Module Pages/Form 2/Save Button for Add Employee' is clicked on

2018-12-12 15:25:52 - [MESSAGE][PASSED] - Object: 'Object Repository/Final Object Repo/New Registration - Registration Module Pages/Form 2/Save Button for Add Employee' is clicked on

2018-12-12 15:25:52 - [TEST_STEP][PASSED] - delay: Delayed 2 second(s)

2018-12-12 15:25:54 - [MESSAGE][PASSED] - Delayed 2 second(s)

2018-12-12 15:25:54 - [TEST_STEP][PASSED] - click: Object: 'Object Repository/Final Object Repo/New Registration - Registration Module Pages/Form 2/Save and Continue Form 2' is clicked on

2018-12-12 15:25:54 - [MESSAGE][PASSED] - Object: 'Object Repository/Final Object Repo/New Registration - Registration Module Pages/Form 2/Save and Continue Form 2' is clicked on

2018-12-12 15:25:54 - [MESSAGE][PASSED] - Call Test Case 'Test Cases/Final Aug 2018 - PKS Automation/Registration Module/New Registration/Form 2/Add 2 Eligible 2 Not Eligible' successfully

2018-12-12 15:25:54 - [TEST_STEP][PASSED] - callTestCase: Call Test Case 'Test Cases/Final Aug 2018 - PKS Automation/Registration Module/New Registration/Flow of New Registration/Third Screen - Upload Supporting Doc - Preview' successfully

2018-12-12 15:25:54 - [TEST_CASE][PASSED] - Test Cases/Final Aug 2018 - PKS Automation/Registration Module/New Registration/Flow of New Registration/Third Screen - Upload Supporting Doc - Preview: Test Cases/Final Aug 2018 - PKS Automation/Registration Module/New Registration/Flow of New Registration/Third Screen - Upload Supporting Doc - Preview

2018-12-12 15:25:54 - [TEST_STEP][PASSED] - waitForPageLoad: Wait for page load successfully

2018-12-12 15:25:55 - [MESSAGE][PASSED] - Wait for page load successfully

2018-12-12 15:25:55 - [TEST_STEP][PASSED] - Statement - CaseReferenceNo = com.kms.katalon.core.webui.keyword.WebUiBuiltInKeywords.getText(com.kms.katalon.core.testobject.ObjectRepository.findTestObject(Final Object Repo/New Registration - Registration Module Pages/Third Screen - Upload Supporting Doc- Preview/RefNo Acquiring)): Text of object 'Object Repository/Final Object Repo/New Registration - Registration Module Pages/Third Screen - Upload Supporting Doc- Preview/RefNo Acquiring' is: 'CRN12201800123205'

2018-12-12 15:25:55 - [MESSAGE][PASSED] - Text of object 'Object Repository/Final Object Repo/New Registration - Registration Module Pages/Third Screen - Upload Supporting Doc- Preview/RefNo Acquiring' is: 'CRN12201800123205'

2018-12-12 15:25:55 - [TEST_STEP][PASSED] - delay: Delayed 2 second(s)

2018-12-12 15:25:57 - [MESSAGE][PASSED] - Delayed 2 second(s)

2018-12-12 15:25:57 - [TEST_STEP][PASSED] - callTestCase: Call Test Case 'Test Cases/Final Aug 2018 - PKS Automation/Common/Reference Number Setter' successfully

2018-12-12 15:25:57 - [TEST_CASE][PASSED] - Test Cases/Final Aug 2018 - PKS Automation/Common/Reference Number Setter: Test Cases/Final Aug 2018 - PKS Automation/Common/Reference Number Setter

2018-12-12 15:25:57 - [TEST_STEP][PASSED] - Statement - RefNoOldFile = new java.io.File(C://Users//Admin//Desktop//PKS//Automation Reference Point//KatalonReference.txt): null

2018-12-12 15:25:57 - [TEST_STEP][PASSED] - Statement - RefNoOldFile.delete(): null

2018-12-12 15:25:57 - [TEST_STEP][PASSED] - delay: Delayed 5 second(s)

2018-12-12 15:26:02 - [MESSAGE][PASSED] - Delayed 5 second(s)

2018-12-12 15:26:02 - [TEST_STEP][PASSED] - Statement - RefNo = new java.io.File(C://Users//Admin//Desktop//PKS//Automation Reference Point//KatalonReference.txt): null

2018-12-12 15:26:02 - [TEST_STEP][PASSED] - Statement - f2 = new java.io.FileWriter(RefNo, false): null

2018-12-12 15:26:02 - [TEST_STEP][PASSED] - Statement - f2.write(CaseReferenceNo): null

2018-12-12 15:26:02 - [TEST_STEP][PASSED] - Statement - f2.close(): null

2018-12-12 15:26:02 - [TEST_STEP][PASSED] - Statement - out.println("


" + CaseReferenceNo + "


"): null

2018-12-12 15:26:02 - [MESSAGE][PASSED] - Call Test Case 'Test Cases/Final Aug 2018 - PKS Automation/Common/Reference Number Setter' successfully

2018-12-12 15:26:02 - [TEST_STEP][PASSED] - waitForElementClickable: Object 'Object Repository/Final Object Repo/New Registration - Registration Module Pages/Third Screen - Upload Supporting Doc- Preview/Save n Continue in SIP Employee Listing Page' is clickable

2018-12-12 15:26:02 - [MESSAGE][PASSED] - Object 'Object Repository/Final Object Repo/New Registration - Registration Module Pages/Third Screen - Upload Supporting Doc- Preview/Save n Continue in SIP Employee Listing Page' is clickable

2018-12-12 15:26:02 - [TEST_STEP][PASSED] - click: Object: 'Object Repository/Final Object Repo/New Registration - Registration Module Pages/Third Screen - Upload Supporting Doc- Preview/Save n Continue in SIP Employee Listing Page' is clicked on

2018-12-12 15:26:07 - [MESSAGE][PASSED] - Object: 'Object Repository/Final Object Repo/New Registration - Registration Module Pages/Third Screen - Upload Supporting Doc- Preview/Save n Continue in SIP Employee Listing Page' is clicked on

2018-12-12 15:26:07 - [TEST_STEP][PASSED] - delay: Delayed 7 second(s)

2018-12-12 15:26:14 - [MESSAGE][PASSED] - Delayed 7 second(s)

2018-12-12 15:26:14 - [TEST_STEP][PASSED] - click: Object: 'Object Repository/Final Object Repo/New Registration - Registration Module Pages/Third Screen - Upload Supporting Doc- Preview/Add Document Button' is clicked on

2018-12-12 15:26:15 - [MESSAGE][PASSED] - Object: 'Object Repository/Final Object Repo/New Registration - Registration Module Pages/Third Screen - Upload Supporting Doc- Preview/Add Document Button' is clicked on

2018-12-12 15:26:15 - [TEST_STEP][PASSED] - delay: Delayed 30 second(s)

2018-12-12 15:26:45 - [MESSAGE][PASSED] - Delayed 30 second(s)

2018-12-12 15:26:45 - [TEST_STEP][PASSED] - click: Object: 'Object Repository/Final Object Repo/New Registration - Registration Module Pages/Third Screen - Upload Supporting Doc- Preview/Supporting Doc Please Select Drop Down' is clicked on

2018-12-12 15:26:45 - [MESSAGE][PASSED] - Object: 'Object Repository/Final Object Repo/New Registration - Registration Module Pages/Third Screen - Upload Supporting Doc- Preview/Supporting Doc Please Select Drop Down' is clicked on

2018-12-12 15:26:45 - [TEST_STEP][PASSED] - delay: Delayed 2 second(s)

2018-12-12 15:26:47 - [MESSAGE][PASSED] - Delayed 2 second(s)

2018-12-12 15:26:47 - [TEST_STEP][PASSED] - click: Object: 'Object Repository/Final Object Repo/New Registration - Registration Module Pages/Third Screen - Upload Supporting Doc- Preview/Select to Upload Form 1' is clicked on

2018-12-12 15:26:47 - [MESSAGE][PASSED] - Object: 'Object Repository/Final Object Repo/New Registration - Registration Module Pages/Third Screen - Upload Supporting Doc- Preview/Select to Upload Form 1' is clicked on

2018-12-12 15:26:47 - [TEST_STEP][PASSED] - delay: Delayed 2 second(s)

2018-12-12 15:26:49 - [MESSAGE][PASSED] - Delayed 2 second(s)

2018-12-12 15:26:49 - [TEST_STEP][PASSED] - uploadFile: File 'C:\Users\Public\Pictures\Sample Pictures\Koala.jpg' sent to object: 'Object Repository/Final Object Repo/New Registration - Registration Module Pages/Third Screen - Upload Supporting Doc- Preview/Upload File Adding'

2018-12-12 15:26:49 - [MESSAGE][PASSED] - File 'C:\Users\Public\Pictures\Sample Pictures\Koala.jpg' sent to object: 'Object Repository/Final Object Repo/New Registration - Registration Module Pages/Third Screen - Upload Supporting Doc- Preview/Upload File Adding'

2018-12-12 15:26:49 - [TEST_STEP][PASSED] - delay: Delayed 5 second(s)

2018-12-12 15:26:54 - [MESSAGE][PASSED] - Delayed 5 second(s)

2018-12-12 15:26:54 - [TEST_STEP][PASSED] - click: Object: 'Object Repository/Final Object Repo/New Registration - Registration Module Pages/Third Screen - Upload Supporting Doc- Preview/Inner Form Add Document Button' is clicked on

2018-12-12 15:26:54 - [MESSAGE][PASSED] - Object: 'Object Repository/Final Object Repo/New Registration - Registration Module Pages/Third Screen - Upload Supporting Doc- Preview/Inner Form Add Document Button' is clicked on

2018-12-12 15:26:54 - [TEST_STEP][PASSED] - delay: Delayed 3 second(s)

2018-12-12 15:26:57 - [MESSAGE][PASSED] - Delayed 3 second(s)

2018-12-12 15:26:57 - [TEST_STEP][PASSED] - click: Object: 'Object Repository/Final Object Repo/New Registration - Registration Module Pages/Third Screen - Upload Supporting Doc- Preview/Add Document Button' is clicked on

2018-12-12 15:26:59 - [MESSAGE][PASSED] - Object: 'Object Repository/Final Object Repo/New Registration - Registration Module Pages/Third Screen - Upload Supporting Doc- Preview/Add Document Button' is clicked on

2018-12-12 15:26:59 - [TEST_STEP][PASSED] - delay: Delayed 30 second(s)

2018-12-12 15:27:29 - [MESSAGE][PASSED] - Delayed 30 second(s)

2018-12-12 15:27:29 - [TEST_STEP][PASSED] - click: Object: 'Object Repository/Final Object Repo/New Registration - Registration Module Pages/Third Screen - Upload Supporting Doc- Preview/Supporting Doc Please Select Drop Down' is clicked on

2018-12-12 15:27:29 - [MESSAGE][PASSED] - Object: 'Object Repository/Final Object Repo/New Registration - Registration Module Pages/Third Screen - Upload Supporting Doc- Preview/Supporting Doc Please Select Drop Down' is clicked on

2018-12-12 15:27:29 - [TEST_STEP][PASSED] - delay: Delayed 4 second(s)

2018-12-12 15:27:33 - [MESSAGE][PASSED] - Delayed 4 second(s)

2018-12-12 15:27:33 - [TEST_STEP][PASSED] - click: Object: 'Object Repository/Final Object Repo/New Registration - Registration Module Pages/Third Screen - Upload Supporting Doc- Preview/Select to Upload Form 2' is clicked on

2018-12-12 15:27:33 - [MESSAGE][PASSED] - Object: 'Object Repository/Final Object Repo/New Registration - Registration Module Pages/Third Screen - Upload Supporting Doc- Preview/Select to Upload Form 2' is clicked on

2018-12-12 15:27:33 - [TEST_STEP][PASSED] - delay: Delayed 2 second(s)

2018-12-12 15:27:35 - [MESSAGE][PASSED] - Delayed 2 second(s)

2018-12-12 15:27:35 - [TEST_STEP][PASSED] - uploadFile: File 'C:\Users\Public\Pictures\Sample Pictures\Koala.jpg' sent to object: 'Object Repository/Final Object Repo/New Registration - Registration Module Pages/Third Screen - Upload Supporting Doc- Preview/Upload File Adding'

2018-12-12 15:27:35 - [MESSAGE][PASSED] - File 'C:\Users\Public\Pictures\Sample Pictures\Koala.jpg' sent to object: 'Object Repository/Final Object Repo/New Registration - Registration Module Pages/Third Screen - Upload Supporting Doc- Preview/Upload File Adding'

2018-12-12 15:27:35 - [TEST_STEP][PASSED] - click: Object: 'Object Repository/Final Object Repo/New Registration - Registration Module Pages/Third Screen - Upload Supporting Doc- Preview/Inner Form Add Document Button' is clicked on

2018-12-12 15:27:35 - [MESSAGE][PASSED] - Object: 'Object Repository/Final Object Repo/New Registration - Registration Module Pages/Third Screen - Upload Supporting Doc- Preview/Inner Form Add Document Button' is clicked on

2018-12-12 15:27:35 - [TEST_STEP][PASSED] - delay: Delayed 5 second(s)

2018-12-12 15:27:40 - [MESSAGE][PASSED] - Delayed 5 second(s)

2018-12-12 15:27:40 - [TEST_STEP][PASSED] - click: Object: 'Object Repository/Final Object Repo/New Registration - Registration Module Pages/Third Screen - Upload Supporting Doc- Preview/Add Document Button' is clicked on

2018-12-12 15:27:40 - [MESSAGE][PASSED] - Object: 'Object Repository/Final Object Repo/New Registration - Registration Module Pages/Third Screen - Upload Supporting Doc- Preview/Add Document Button' is clicked on

2018-12-12 15:27:40 - [TEST_STEP][PASSED] - delay: Delayed 30 second(s)

2018-12-12 15:28:10 - [MESSAGE][PASSED] - Delayed 30 second(s)

2018-12-12 15:28:10 - [TEST_STEP][PASSED] - click: Object: 'Object Repository/Final Object Repo/New Registration - Registration Module Pages/Third Screen - Upload Supporting Doc- Preview/Supporting Doc Please Select Drop Down' is clicked on

2018-12-12 15:28:11 - [MESSAGE][PASSED] - Object: 'Object Repository/Final Object Repo/New Registration - Registration Module Pages/Third Screen - Upload Supporting Doc- Preview/Supporting Doc Please Select Drop Down' is clicked on

2018-12-12 15:28:11 - [TEST_STEP][PASSED] - click: Object: 'Object Repository/Final Object Repo/New Registration - Registration Module Pages/Third Screen - Upload Supporting Doc- Preview/Select to Upload Borang SIP 1' is clicked on

2018-12-12 15:28:11 - [MESSAGE][PASSED] - Object: 'Object Repository/Final Object Repo/New Registration - Registration Module Pages/Third Screen - Upload Supporting Doc- Preview/Select to Upload Borang SIP 1' is clicked on

2018-12-12 15:28:11 - [TEST_STEP][PASSED] - delay: Delayed 2 second(s)

2018-12-12 15:28:13 - [MESSAGE][PASSED] - Delayed 2 second(s)

2018-12-12 15:28:13 - [TEST_STEP][PASSED] - uploadFile: File 'C:\Users\Public\Pictures\Sample Pictures\Koala.jpg' sent to object: 'Object Repository/Final Object Repo/New Registration - Registration Module Pages/Third Screen - Upload Supporting Doc- Preview/Upload File Adding'

2018-12-12 15:28:13 - [MESSAGE][PASSED] - File 'C:\Users\Public\Pictures\Sample Pictures\Koala.jpg' sent to object: 'Object Repository/Final Object Repo/New Registration - Registration Module Pages/Third Screen - Upload Supporting Doc- Preview/Upload File Adding'

2018-12-12 15:28:13 - [TEST_STEP][PASSED] - click: Object: 'Object Repository/Final Object Repo/New Registration - Registration Module Pages/Third Screen - Upload Supporting Doc- Preview/Inner Form Add Document Button' is clicked on

2018-12-12 15:28:13 - [MESSAGE][PASSED] - Object: 'Object Repository/Final Object Repo/New Registration - Registration Module Pages/Third Screen - Upload Supporting Doc- Preview/Inner Form Add Document Button' is clicked on

2018-12-12 15:28:13 - [TEST_STEP][PASSED] - delay: Delayed 5 second(s)

2018-12-12 15:28:18 - [MESSAGE][PASSED] - Delayed 5 second(s)

2018-12-12 15:28:18 - [TEST_STEP][PASSED] - click: Object: 'Object Repository/Final Object Repo/New Registration - Registration Module Pages/Third Screen - Upload Supporting Doc- Preview/Add Document Button' is clicked on

2018-12-12 15:28:18 - [MESSAGE][PASSED] - Object: 'Object Repository/Final Object Repo/New Registration - Registration Module Pages/Third Screen - Upload Supporting Doc- Preview/Add Document Button' is clicked on

2018-12-12 15:28:18 - [TEST_STEP][PASSED] - delay: Delayed 30 second(s)

2018-12-12 15:28:48 - [MESSAGE][PASSED] - Delayed 30 second(s)

2018-12-12 15:28:48 - [TEST_STEP][PASSED] - click: Object: 'Object Repository/Final Object Repo/New Registration - Registration Module Pages/Third Screen - Upload Supporting Doc- Preview/Supporting Doc Please Select Drop Down' is clicked on

2018-12-12 15:28:48 - [MESSAGE][PASSED] - Object: 'Object Repository/Final Object Repo/New Registration - Registration Module Pages/Third Screen - Upload Supporting Doc- Preview/Supporting Doc Please Select Drop Down' is clicked on

2018-12-12 15:28:48 - [TEST_STEP][PASSED] - delay: Delayed 3 second(s)

2018-12-12 15:28:51 - [MESSAGE][PASSED] - Delayed 3 second(s)

2018-12-12 15:28:51 - [TEST_STEP][PASSED] - click: Object: 'Object Repository/Final Object Repo/New Registration - Registration Module Pages/Third Screen - Upload Supporting Doc- Preview/Select to Upload Borang SIP 2' is clicked on

2018-12-12 15:28:52 - [MESSAGE][PASSED] - Object: 'Object Repository/Final Object Repo/New Registration - Registration Module Pages/Third Screen - Upload Supporting Doc- Preview/Select to Upload Borang SIP 2' is clicked on

2018-12-12 15:28:52 - [TEST_STEP][PASSED] - delay: Delayed 2 second(s)

2018-12-12 15:28:54 - [MESSAGE][PASSED] - Delayed 2 second(s)

2018-12-12 15:28:54 - [TEST_STEP][PASSED] - uploadFile: File 'C:\Users\Public\Pictures\Sample Pictures\Koala.jpg' sent to object: 'Object Repository/Final Object Repo/New Registration - Registration Module Pages/Third Screen - Upload Supporting Doc- Preview/Upload File Adding'

2018-12-12 15:28:54 - [MESSAGE][PASSED] - File 'C:\Users\Public\Pictures\Sample Pictures\Koala.jpg' sent to object: 'Object Repository/Final Object Repo/New Registration - Registration Module Pages/Third Screen - Upload Supporting Doc- Preview/Upload File Adding'

2018-12-12 15:28:54 - [TEST_STEP][PASSED] - delay: Delayed 5 second(s)

2018-12-12 15:28:59 - [MESSAGE][PASSED] - Delayed 5 second(s)

2018-12-12 15:28:59 - [TEST_STEP][PASSED] - click: Object: 'Object Repository/Final Object Repo/New Registration - Registration Module Pages/Third Screen - Upload Supporting Doc- Preview/Inner Form Add Document Button' is clicked on

2018-12-12 15:28:59 - [MESSAGE][PASSED] - Object: 'Object Repository/Final Object Repo/New Registration - Registration Module Pages/Third Screen - Upload Supporting Doc- Preview/Inner Form Add Document Button' is clicked on

2018-12-12 15:28:59 - [TEST_STEP][PASSED] - delay: Delayed 3 second(s)

2018-12-12 15:29:02 - [MESSAGE][PASSED] - Delayed 3 second(s)

2018-12-12 15:29:02 - [TEST_STEP][PASSED] - waitForElementClickable: Object 'Object Repository/Final Object Repo/New Registration - Registration Module Pages/Third Screen - Upload Supporting Doc- Preview/Save n Continue in Uploading Supporting Doc Page' is clickable

2018-12-12 15:29:03 - [MESSAGE][PASSED] - Object 'Object Repository/Final Object Repo/New Registration - Registration Module Pages/Third Screen - Upload Supporting Doc- Preview/Save n Continue in Uploading Supporting Doc Page' is clickable

2018-12-12 15:29:03 - [TEST_STEP][PASSED] - click: Object: 'Object Repository/Final Object Repo/New Registration - Registration Module Pages/Third Screen - Upload Supporting Doc- Preview/Save n Continue in Uploading Supporting Doc Page' is clicked on

2018-12-12 15:29:04 - [MESSAGE][PASSED] - Object: 'Object Repository/Final Object Repo/New Registration - Registration Module Pages/Third Screen - Upload Supporting Doc- Preview/Save n Continue in Uploading Supporting Doc Page' is clicked on

2018-12-12 15:29:04 - [MESSAGE][PASSED] - Call Test Case 'Test Cases/Final Aug 2018 - PKS Automation/Registration Module/New Registration/Flow of New Registration/Third Screen - Upload Supporting Doc - Preview' successfully

2018-12-12 15:29:04 - [TEST_STEP][PASSED] - callTestCase: Call Test Case 'Test Cases/Final Aug 2018 - PKS Automation/Registration Module/New Registration/Submit and Screenshot/Submit Registration and Screenshot' successfully

2018-12-12 15:29:04 - [TEST_CASE][PASSED] - Test Cases/Final Aug 2018 - PKS Automation/Registration Module/New Registration/Submit and Screenshot/Submit Registration and Screenshot: Test Cases/Final Aug 2018 - PKS Automation/Registration Module/New Registration/Submit and Screenshot/Submit Registration and Screenshot

2018-12-12 15:29:04 - [TEST_STEP][PASSED] - delay: Delayed 6 second(s)

2018-12-12 15:29:10 - [MESSAGE][PASSED] - Delayed 6 second(s)

2018-12-12 15:29:10 - [TEST_STEP][PASSED] - click: Object: 'Object Repository/Final Object Repo/New Registration - Registration Module Pages/Third Screen - Upload Supporting Doc- Preview/Preview Submit Button' is clicked on

2018-12-12 15:29:10 - [MESSAGE][PASSED] - Object: 'Object Repository/Final Object Repo/New Registration - Registration Module Pages/Third Screen - Upload Supporting Doc- Preview/Preview Submit Button' is clicked on

2018-12-12 15:29:10 - [TEST_STEP][PASSED] - delay: Delayed 2 second(s)

2018-12-12 15:29:12 - [MESSAGE][PASSED] - Delayed 2 second(s)

2018-12-12 15:29:12 - [TEST_STEP][PASSED] - click: Object: 'Object Repository/Final Object Repo/New Registration - Registration Module Pages/Third Screen - Upload Supporting Doc- Preview/Preview Submit - Confirm' is clicked on

2018-12-12 15:29:12 - [MESSAGE][PASSED] - Object: 'Object Repository/Final Object Repo/New Registration - Registration Module Pages/Third Screen - Upload Supporting Doc- Preview/Preview Submit - Confirm' is clicked on

2018-12-12 15:29:12 - [TEST_STEP][PASSED] - delay: Delayed 15 second(s)

2018-12-12 15:29:27 - [MESSAGE][PASSED] - Delayed 15 second(s)

2018-12-12 15:29:27 - [TEST_STEP][PASSED] - Statement - driver = com.kms.katalon.core.webui.driver.DriverFactory.getWebDriver(): null

2018-12-12 15:29:27 - [TEST_STEP][PASSED] - Statement - driver.manage().timeouts().implicitlyWait(10, SECONDS): null

2018-12-12 15:29:27 - [TEST_STEP][PASSED] - Statement - PresavePath = KatalonScreenshots: null

2018-12-12 15:29:27 - [TEST_STEP][PASSED] - Statement - pathPrefix = "C:\Users\Public\Pictures\Sample Pictures\Katalon Screenshots\Automate Ending Screen": null

2018-12-12 15:29:27 - [TEST_STEP][PASSED] - Statement - finalPath = <not implemented yet for class: org.codehaus.groovy.ast.expr.EmptyExpression>: null

2018-12-12 15:29:27 - [TEST_STEP][PASSED] - Statement - scrFile = driver.getScreenshotAs(FILE): null

2018-12-12 15:29:28 - [TEST_STEP][PASSED] - Statement - PreSaveFile = new java.io.File(PresavePath): null

2018-12-12 15:29:28 - [TEST_STEP][PASSED] - Statement - counter = 0: null

2018-12-12 15:29:28 - [TEST_STEP][PASSED] - Statement - If (PreSaveFile.exists()): null

2018-12-12 15:29:28 - [TEST_STEP][PASSED] - Statement - While (PreSaveFile.exists()): null

2018-12-12 15:29:28 - [TEST_STEP][PASSED] - Statement - counter = counter + 1: null

2018-12-12 15:29:28 - [TEST_STEP][PASSED] - Statement - PreSaveFile = new java.io.File(((pathPrefix + java.lang.Integer.toString(counter)) + .png)): null

2018-12-12 15:29:28 - [TEST_STEP][PASSED] - Statement - counter = counter + 1: null

2018-12-12 15:29:28 - [TEST_STEP][PASSED] - Statement - PreSaveFile = new java.io.File(((pathPrefix + java.lang.Integer.toString(counter)) + .png)): null

2018-12-12 15:29:28 - [TEST_STEP][PASSED] - Statement - counter = counter + 1: null

2018-12-12 15:29:28 - [TEST_STEP][PASSED] - Statement - PreSaveFile = new java.io.File(((pathPrefix + java.lang.Integer.toString(counter)) + .png)): null

2018-12-12 15:29:28 - [TEST_STEP][PASSED] - Statement - counter = counter + 1: null

2018-12-12 15:29:28 - [TEST_STEP][PASSED] - Statement - PreSaveFile = new java.io.File(((pathPrefix + java.lang.Integer.toString(counter)) + .png)): null

2018-12-12 15:29:28 - [TEST_STEP][PASSED] - Statement - counter = counter + 1: null

2018-12-12 15:29:28 - [TEST_STEP][PASSED] - Statement - PreSaveFile = new java.io.File(((pathPrefix + java.lang.Integer.toString(counter)) + .png)): null

2018-12-12 15:29:28 - [TEST_STEP][PASSED] - Statement - counter = counter + 1: null

2018-12-12 15:29:28 - [TEST_STEP][PASSED] - Statement - PreSaveFile = new java.io.File(((pathPrefix + java.lang.Integer.toString(counter)) + .png)): null

2018-12-12 15:29:28 - [TEST_STEP][PASSED] - Statement - counter = counter + 1: null

2018-12-12 15:29:28 - [TEST_STEP][PASSED] - Statement - PreSaveFile = new java.io.File(((pathPrefix + java.lang.Integer.toString(counter)) + .png)): null

2018-12-12 15:29:28 - [TEST_STEP][PASSED] - Statement - counter = counter + 1: null

2018-12-12 15:29:28 - [TEST_STEP][PASSED] - Statement - PreSaveFile = new java.io.File(((pathPrefix + java.lang.Integer.toString(counter)) + .png)): null

2018-12-12 15:29:28 - [TEST_STEP][PASSED] - Statement - counter = counter + 1: null

2018-12-12 15:29:28 - [TEST_STEP][PASSED] - Statement - PreSaveFile = new java.io.File(((pathPrefix + java.lang.Integer.toString(counter)) + .png)): null

2018-12-12 15:29:28 - [TEST_STEP][PASSED] - Statement - counter = counter + 1: null

2018-12-12 15:29:28 - [TEST_STEP][PASSED] - Statement - PreSaveFile = new java.io.File(((pathPrefix + java.lang.Integer.toString(counter)) + .png)): null

2018-12-12 15:29:28 - [TEST_STEP][PASSED] - Statement - counter = counter + 1: null

2018-12-12 15:29:28 - [TEST_STEP][PASSED] - Statement - PreSaveFile = new java.io.File(((pathPrefix + java.lang.Integer.toString(counter)) + .png)): null

2018-12-12 15:29:28 - [TEST_STEP][PASSED] - Statement - counter = counter + 1: null

2018-12-12 15:29:28 - [TEST_STEP][PASSED] - Statement - PreSaveFile = new java.io.File(((pathPrefix + java.lang.Integer.toString(counter)) + .png)): null

2018-12-12 15:29:28 - [TEST_STEP][PASSED] - Statement - counter = counter + 1: null

2018-12-12 15:29:28 - [TEST_STEP][PASSED] - Statement - PreSaveFile = new java.io.File(((pathPrefix + java.lang.Integer.toString(counter)) + .png)): null

2018-12-12 15:29:28 - [TEST_STEP][PASSED] - Statement - counter = counter + 1: null

2018-12-12 15:29:28 - [TEST_STEP][PASSED] - Statement - PreSaveFile = new java.io.File(((pathPrefix + java.lang.Integer.toString(counter)) + .png)): null

2018-12-12 15:29:28 - [TEST_STEP][PASSED] - Statement - counter = counter + 1: null

2018-12-12 15:29:28 - [TEST_STEP][PASSED] - Statement - PreSaveFile = new java.io.File(((pathPrefix + java.lang.Integer.toString(counter)) + .png)): null

2018-12-12 15:29:28 - [TEST_STEP][PASSED] - Statement - counter = counter + 1: null

2018-12-12 15:29:28 - [TEST_STEP][PASSED] - Statement - PreSaveFile = new java.io.File(((pathPrefix + java.lang.Integer.toString(counter)) + .png)): null

2018-12-12 15:29:28 - [TEST_STEP][PASSED] - Statement - counter = counter + 1: null

2018-12-12 15:29:28 - [TEST_STEP][PASSED] - Statement - PreSaveFile = new java.io.File(((pathPrefix + java.lang.Integer.toString(counter)) + .png)): null

2018-12-12 15:29:28 - [TEST_STEP][PASSED] - Statement - counter = counter + 1: null

2018-12-12 15:29:28 - [TEST_STEP][PASSED] - Statement - PreSaveFile = new java.io.File(((pathPrefix + java.lang.Integer.toString(counter)) + .png)): null

2018-12-12 15:29:28 - [TEST_STEP][PASSED] - Statement - counter = counter + 1: null

2018-12-12 15:29:28 - [TEST_STEP][PASSED] - Statement - PreSaveFile = new java.io.File(((pathPrefix + java.lang.Integer.toString(counter)) + .png)): null

2018-12-12 15:29:28 - [TEST_STEP][PASSED] - Statement - counter = counter + 1: null

2018-12-12 15:29:28 - [TEST_STEP][PASSED] - Statement - PreSaveFile = new java.io.File(((pathPrefix + java.lang.Integer.toString(counter)) + .png)): null

2018-12-12 15:29:28 - [TEST_STEP][PASSED] - Statement - counter = counter + 1: null

2018-12-12 15:29:28 - [TEST_STEP][PASSED] - Statement - PreSaveFile = new java.io.File(((pathPrefix + java.lang.Integer.toString(counter)) + .png)): null

2018-12-12 15:29:28 - [TEST_STEP][PASSED] - Statement - counter = counter + 1: null

2018-12-12 15:29:28 - [TEST_STEP][PASSED] - Statement - PreSaveFile = new java.io.File(((pathPrefix + java.lang.Integer.toString(counter)) + .png)): null

2018-12-12 15:29:28 - [TEST_STEP][PASSED] - Statement - counter = counter + 1: null

2018-12-12 15:29:28 - [TEST_STEP][PASSED] - Statement - PreSaveFile = new java.io.File(((pathPrefix + java.lang.Integer.toString(counter)) + .png)): null

2018-12-12 15:29:28 - [TEST_STEP][PASSED] - Statement - counter = counter + 1: null

2018-12-12 15:29:28 - [TEST_STEP][PASSED] - Statement - PreSaveFile = new java.io.File(((pathPrefix + java.lang.Integer.toString(counter)) + .png)): null

2018-12-12 15:29:28 - [TEST_STEP][PASSED] - Statement - counter = counter + 1: null

2018-12-12 15:29:28 - [TEST_STEP][PASSED] - Statement - PreSaveFile = new java.io.File(((pathPrefix + java.lang.Integer.toString(counter)) + .png)): null

2018-12-12 15:29:28 - [TEST_STEP][PASSED] - Statement - counter = counter + 1: null

2018-12-12 15:29:28 - [TEST_STEP][PASSED] - Statement - PreSaveFile = new java.io.File(((pathPrefix + java.lang.Integer.toString(counter)) + .png)): null

2018-12-12 15:29:28 - [TEST_STEP][PASSED] - Statement - counter = counter + 1: null

2018-12-12 15:29:28 - [TEST_STEP][PASSED] - Statement - PreSaveFile = new java.io.File(((pathPrefix + java.lang.Integer.toString(counter)) + .png)): null

2018-12-12 15:29:28 - [TEST_STEP][PASSED] - Statement - counter = counter + 1: null

2018-12-12 15:29:28 - [TEST_STEP][PASSED] - Statement - PreSaveFile = new java.io.File(((pathPrefix + java.lang.Integer.toString(counter)) + .png)): null

2018-12-12 15:29:28 - [TEST_STEP][PASSED] - Statement - counter = counter + 1: null

2018-12-12 15:29:28 - [TEST_STEP][PASSED] - Statement - PreSaveFile = new java.io.File(((pathPrefix + java.lang.Integer.toString(counter)) + .png)): null

2018-12-12 15:29:28 - [TEST_STEP][PASSED] - Statement - counter = counter + 1: null

2018-12-12 15:29:28 - [TEST_STEP][PASSED] - Statement - PreSaveFile = new java.io.File(((pathPrefix + java.lang.Integer.toString(counter)) + .png)): null

2018-12-12 15:29:28 - [TEST_STEP][PASSED] - Statement - counter = counter + 1: null

2018-12-12 15:29:28 - [TEST_STEP][PASSED] - Statement - PreSaveFile = new java.io.File(((pathPrefix + java.lang.Integer.toString(counter)) + .png)): null

2018-12-12 15:29:28 - [TEST_STEP][PASSED] - Statement - counter = counter + 1: null

2018-12-12 15:29:28 - [TEST_STEP][PASSED] - Statement - PreSaveFile = new java.io.File(((pathPrefix + java.lang.Integer.toString(counter)) + .png)): null

2018-12-12 15:29:28 - [TEST_STEP][PASSED] - Statement - counter = counter + 1: null

2018-12-12 15:29:28 - [TEST_STEP][PASSED] - Statement - PreSaveFile = new java.io.File(((pathPrefix + java.lang.Integer.toString(counter)) + .png)): null

2018-12-12 15:29:28 - [TEST_STEP][PASSED] - Statement - counter = counter + 1: null

2018-12-12 15:29:28 - [TEST_STEP][PASSED] - Statement - PreSaveFile = new java.io.File(((pathPrefix + java.lang.Integer.toString(counter)) + .png)): null

2018-12-12 15:29:28 - [TEST_STEP][PASSED] - Statement - counter = counter + 1: null

2018-12-12 15:29:28 - [TEST_STEP][PASSED] - Statement - PreSaveFile = new java.io.File(((pathPrefix + java.lang.Integer.toString(counter)) + .png)): null

2018-12-12 15:29:28 - [TEST_STEP][PASSED] - Statement - counter = counter + 1: null

2018-12-12 15:29:28 - [TEST_STEP][PASSED] - Statement - PreSaveFile = new java.io.File(((pathPrefix + java.lang.Integer.toString(counter)) + .png)): null

2018-12-12 15:29:28 - [TEST_STEP][PASSED] - Statement - counter = counter + 1: null

2018-12-12 15:29:28 - [TEST_STEP][PASSED] - Statement - PreSaveFile = new java.io.File(((pathPrefix + java.lang.Integer.toString(counter)) + .png)): null

2018-12-12 15:29:28 - [TEST_STEP][PASSED] - Statement - counter = counter + 1: null

2018-12-12 15:29:28 - [TEST_STEP][PASSED] - Statement - PreSaveFile = new java.io.File(((pathPrefix + java.lang.Integer.toString(counter)) + .png)): null

2018-12-12 15:29:28 - [TEST_STEP][PASSED] - Statement - counter = counter + 1: null

2018-12-12 15:29:28 - [TEST_STEP][PASSED] - Statement - PreSaveFile = new java.io.File(((pathPrefix + java.lang.Integer.toString(counter)) + .png)): null

2018-12-12 15:29:28 - [TEST_STEP][PASSED] - Statement - counter = counter + 1: null

2018-12-12 15:29:28 - [TEST_STEP][PASSED] - Statement - PreSaveFile = new java.io.File(((pathPrefix + java.lang.Integer.toString(counter)) + .png)): null

2018-12-12 15:29:28 - [TEST_STEP][PASSED] - Statement - counter = counter + 1: null

2018-12-12 15:29:28 - [TEST_STEP][PASSED] - Statement - PreSaveFile = new java.io.File(((pathPrefix + java.lang.Integer.toString(counter)) + .png)): null

2018-12-12 15:29:28 - [TEST_STEP][PASSED] - Statement - counter = counter + 1: null

2018-12-12 15:29:28 - [TEST_STEP][PASSED] - Statement - PreSaveFile = new java.io.File(((pathPrefix + java.lang.Integer.toString(counter)) + .png)): null

2018-12-12 15:29:28 - [TEST_STEP][PASSED] - Statement - counter = counter + 1: null

2018-12-12 15:29:28 - [TEST_STEP][PASSED] - Statement - PreSaveFile = new java.io.File(((pathPrefix + java.lang.Integer.toString(counter)) + .png)): null

2018-12-12 15:29:28 - [TEST_STEP][PASSED] - Statement - counter = counter + 1: null

2018-12-12 15:29:28 - [TEST_STEP][PASSED] - Statement - PreSaveFile = new java.io.File(((pathPrefix + java.lang.Integer.toString(counter)) + .png)): null

2018-12-12 15:29:28 - [TEST_STEP][PASSED] - Statement - counter = counter + 1: null

2018-12-12 15:29:28 - [TEST_STEP][PASSED] - Statement - PreSaveFile = new java.io.File(((pathPrefix + java.lang.Integer.toString(counter)) + .png)): null

2018-12-12 15:29:28 - [TEST_STEP][PASSED] - Statement - counter = counter + 1: null

2018-12-12 15:29:28 - [TEST_STEP][PASSED] - Statement - PreSaveFile = new java.io.File(((pathPrefix + java.lang.Integer.toString(counter)) + .png)): null

2018-12-12 15:29:28 - [TEST_STEP][PASSED] - Statement - counter = counter + 1: null

2018-12-12 15:29:28 - [TEST_STEP][PASSED] - Statement - PreSaveFile = new java.io.File(((pathPrefix + java.lang.Integer.toString(counter)) + .png)): null

2018-12-12 15:29:28 - [TEST_STEP][PASSED] - Statement - counter = counter + 1: null

2018-12-12 15:29:28 - [TEST_STEP][PASSED] - Statement - PreSaveFile = new java.io.File(((pathPrefix + java.lang.Integer.toString(counter)) + .png)): null

2018-12-12 15:29:28 - [TEST_STEP][PASSED] - Statement - counter = counter + 1: null

2018-12-12 15:29:28 - [TEST_STEP][PASSED] - Statement - PreSaveFile = new java.io.File(((pathPrefix + java.lang.Integer.toString(counter)) + .png)): null

2018-12-12 15:29:28 - [TEST_STEP][PASSED] - Statement - counter = counter + 1: null

2018-12-12 15:29:28 - [TEST_STEP][PASSED] - Statement - PreSaveFile = new java.io.File(((pathPrefix + java.lang.Integer.toString(counter)) + .png)): null

2018-12-12 15:29:28 - [TEST_STEP][PASSED] - Statement - counter = counter + 1: null

2018-12-12 15:29:28 - [TEST_STEP][PASSED] - Statement - PreSaveFile = new java.io.File(((pathPrefix + java.lang.Integer.toString(counter)) + .png)): null

2018-12-12 15:29:28 - [TEST_STEP][PASSED] - Statement - counter = counter + 1: null

2018-12-12 15:29:28 - [TEST_STEP][PASSED] - Statement - PreSaveFile = new java.io.File(((pathPrefix + java.lang.Integer.toString(counter)) + .png)): null

2018-12-12 15:29:28 - [TEST_STEP][PASSED] - Statement - counter = counter + 1: null

2018-12-12 15:29:28 - [TEST_STEP][PASSED] - Statement - PreSaveFile = new java.io.File(((pathPrefix + java.lang.Integer.toString(counter)) + .png)): null

2018-12-12 15:29:28 - [TEST_STEP][PASSED] - Statement - counter = counter + 1: null

2018-12-12 15:29:28 - [TEST_STEP][PASSED] - Statement - PreSaveFile = new java.io.File(((pathPrefix + java.lang.Integer.toString(counter)) + .png)): null

2018-12-12 15:29:28 - [TEST_STEP][PASSED] - Statement - counter = counter + 1: null

2018-12-12 15:29:28 - [TEST_STEP][PASSED] - Statement - PreSaveFile = new java.io.File(((pathPrefix + java.lang.Integer.toString(counter)) + .png)): null

2018-12-12 15:29:28 - [TEST_STEP][PASSED] - Statement - counter = counter + 1: null

2018-12-12 15:29:28 - [TEST_STEP][PASSED] - Statement - PreSaveFile = new java.io.File(((pathPrefix + java.lang.Integer.toString(counter)) + .png)): null

2018-12-12 15:29:28 - [TEST_STEP][PASSED] - Statement - counter = counter + 1: null

2018-12-12 15:29:28 - [TEST_STEP][PASSED] - Statement - PreSaveFile = new java.io.File(((pathPrefix + java.lang.Integer.toString(counter)) + .png)): null

2018-12-12 15:29:28 - [TEST_STEP][PASSED] - Statement - counter = counter + 1: null

2018-12-12 15:29:28 - [TEST_STEP][PASSED] - Statement - PreSaveFile = new java.io.File(((pathPrefix + java.lang.Integer.toString(counter)) + .png)): null

2018-12-12 15:29:28 - [TEST_STEP][PASSED] - Statement - counter = counter + 1: null

2018-12-12 15:29:28 - [TEST_STEP][PASSED] - Statement - PreSaveFile = new java.io.File(((pathPrefix + java.lang.Integer.toString(counter)) + .png)): null

2018-12-12 15:29:28 - [TEST_STEP][PASSED] - Statement - counter = counter + 1: null

2018-12-12 15:29:28 - [TEST_STEP][PASSED] - Statement - PreSaveFile = new java.io.File(((pathPrefix + java.lang.Integer.toString(counter)) + .png)): null

2018-12-12 15:29:28 - [TEST_STEP][PASSED] - Statement - counter = counter + 1: null

2018-12-12 15:29:28 - [TEST_STEP][PASSED] - Statement - PreSaveFile = new java.io.File(((pathPrefix + java.lang.Integer.toString(counter)) + .png)): null

2018-12-12 15:29:28 - [TEST_STEP][PASSED] - Statement - counter = counter + 1: null

2018-12-12 15:29:28 - [TEST_STEP][PASSED] - Statement - PreSaveFile = new java.io.File(((pathPrefix + java.lang.Integer.toString(counter)) + .png)): null

2018-12-12 15:29:28 - [TEST_STEP][PASSED] - Statement - counter = counter + 1: null

2018-12-12 15:29:28 - [TEST_STEP][PASSED] - Statement - PreSaveFile = new java.io.File(((pathPrefix + java.lang.Integer.toString(counter)) + .png)): null

2018-12-12 15:29:28 - [TEST_STEP][PASSED] - Statement - counter = counter + 1: null

2018-12-12 15:29:28 - [TEST_STEP][PASSED] - Statement - PreSaveFile = new java.io.File(((pathPrefix + java.lang.Integer.toString(counter)) + .png)): null

2018-12-12 15:29:28 - [TEST_STEP][PASSED] - Statement - counter = counter + 1: null

2018-12-12 15:29:28 - [TEST_STEP][PASSED] - Statement - PreSaveFile = new java.io.File(((pathPrefix + java.lang.Integer.toString(counter)) + .png)): null

2018-12-12 15:29:28 - [TEST_STEP][PASSED] - Statement - counter = counter + 1: null

2018-12-12 15:29:28 - [TEST_STEP][PASSED] - Statement - PreSaveFile = new java.io.File(((pathPrefix + java.lang.Integer.toString(counter)) + .png)): null

2018-12-12 15:29:28 - [TEST_STEP][PASSED] - Statement - counter = counter + 1: null

2018-12-12 15:29:28 - [TEST_STEP][PASSED] - Statement - PreSaveFile = new java.io.File(((pathPrefix + java.lang.Integer.toString(counter)) + .png)): null

2018-12-12 15:29:28 - [TEST_STEP][PASSED] - Statement - counter = counter + 1: null

2018-12-12 15:29:28 - [TEST_STEP][PASSED] - Statement - PreSaveFile = new java.io.File(((pathPrefix + java.lang.Integer.toString(counter)) + .png)): null

2018-12-12 15:29:28 - [TEST_STEP][PASSED] - Statement - counter = counter + 1: null

2018-12-12 15:29:28 - [TEST_STEP][PASSED] - Statement - PreSaveFile = new java.io.File(((pathPrefix + java.lang.Integer.toString(counter)) + .png)): null

2018-12-12 15:29:28 - [TEST_STEP][PASSED] - Statement - counter = counter + 1: null

2018-12-12 15:29:28 - [TEST_STEP][PASSED] - Statement - PreSaveFile = new java.io.File(((pathPrefix + java.lang.Integer.toString(counter)) + .png)): null

2018-12-12 15:29:28 - [TEST_STEP][PASSED] - Statement - counter = counter + 1: null

2018-12-12 15:29:28 - [TEST_STEP][PASSED] - Statement - PreSaveFile = new java.io.File(((pathPrefix + java.lang.Integer.toString(counter)) + .png)): null

2018-12-12 15:29:28 - [TEST_STEP][PASSED] - Statement - counter = counter + 1: null

2018-12-12 15:29:28 - [TEST_STEP][PASSED] - Statement - PreSaveFile = new java.io.File(((pathPrefix + java.lang.Integer.toString(counter)) + .png)): null

2018-12-12 15:29:28 - [TEST_STEP][PASSED] - Statement - counter = counter + 1: null

2018-12-12 15:29:28 - [TEST_STEP][PASSED] - Statement - PreSaveFile = new java.io.File(((pathPrefix + java.lang.Integer.toString(counter)) + .png)): null

2018-12-12 15:29:28 - [TEST_STEP][PASSED] - Statement - counter = counter + 1: null

2018-12-12 15:29:28 - [TEST_STEP][PASSED] - Statement - PreSaveFile = new java.io.File(((pathPrefix + java.lang.Integer.toString(counter)) + .png)): null

2018-12-12 15:29:28 - [TEST_STEP][PASSED] - Statement - counter = counter + 1: null

2018-12-12 15:29:28 - [TEST_STEP][PASSED] - Statement - PreSaveFile = new java.io.File(((pathPrefix + java.lang.Integer.toString(counter)) + .png)): null

2018-12-12 15:29:28 - [TEST_STEP][PASSED] - Statement - counter = counter + 1: null

2018-12-12 15:29:28 - [TEST_STEP][PASSED] - Statement - PreSaveFile = new java.io.File(((pathPrefix + java.lang.Integer.toString(counter)) + .png)): null

2018-12-12 15:29:28 - [TEST_STEP][PASSED] - Statement - counter = counter + 1: null

2018-12-12 15:29:28 - [TEST_STEP][PASSED] - Statement - PreSaveFile = new java.io.File(((pathPrefix + java.lang.Integer.toString(counter)) + .png)): null

2018-12-12 15:29:28 - [TEST_STEP][PASSED] - Statement - counter = counter + 1: null

2018-12-12 15:29:28 - [TEST_STEP][PASSED] - Statement - PreSaveFile = new java.io.File(((pathPrefix + java.lang.Integer.toString(counter)) + .png)): null

2018-12-12 15:29:28 - [TEST_STEP][PASSED] - Statement - counter = counter + 1: null

2018-12-12 15:29:28 - [TEST_STEP][PASSED] - Statement - PreSaveFile = new java.io.File(((pathPrefix + java.lang.Integer.toString(counter)) + .png)): null

2018-12-12 15:29:28 - [TEST_STEP][PASSED] - Statement - counter = counter + 1: null

2018-12-12 15:29:28 - [TEST_STEP][PASSED] - Statement - PreSaveFile = new java.io.File(((pathPrefix + java.lang.Integer.toString(counter)) + .png)): null

2018-12-12 15:29:28 - [TEST_STEP][PASSED] - Statement - counter = counter + 1: null

2018-12-12 15:29:28 - [TEST_STEP][PASSED] - Statement - PreSaveFile = new java.io.File(((pathPrefix + java.lang.Integer.toString(counter)) + .png)): null

2018-12-12 15:29:28 - [TEST_STEP][PASSED] - Statement - counter = counter + 1: null

2018-12-12 15:29:28 - [TEST_STEP][PASSED] - Statement - PreSaveFile = new java.io.File(((pathPrefix + java.lang.Integer.toString(counter)) + .png)): null

2018-12-12 15:29:28 - [TEST_STEP][PASSED] - Statement - counter = counter + 1: null

2018-12-12 15:29:28 - [TEST_STEP][PASSED] - Statement - PreSaveFile = new java.io.File(((pathPrefix + java.lang.Integer.toString(counter)) + .png)): null

2018-12-12 15:29:28 - [TEST_STEP][PASSED] - Statement - counter = counter + 1: null

2018-12-12 15:29:28 - [TEST_STEP][PASSED] - Statement - PreSaveFile = new java.io.File(((pathPrefix + java.lang.Integer.toString(counter)) + .png)): null

2018-12-12 15:29:28 - [TEST_STEP][PASSED] - Statement - counter = counter + 1: null

2018-12-12 15:29:28 - [TEST_STEP][PASSED] - Statement - PreSaveFile = new java.io.File(((pathPrefix + java.lang.Integer.toString(counter)) + .png)): null

2018-12-12 15:29:28 - [TEST_STEP][PASSED] - Statement - counter = counter + 1: null

2018-12-12 15:29:28 - [TEST_STEP][PASSED] - Statement - PreSaveFile = new java.io.File(((pathPrefix + java.lang.Integer.toString(counter)) + .png)): null

2018-12-12 15:29:28 - [TEST_STEP][PASSED] - Statement - counter = counter + 1: null

2018-12-12 15:29:28 - [TEST_STEP][PASSED] - Statement - PreSaveFile = new java.io.File(((pathPrefix + java.lang.Integer.toString(counter)) + .png)): null

2018-12-12 15:29:28 - [TEST_STEP][PASSED] - Statement - counter = counter + 1: null

2018-12-12 15:29:28 - [TEST_STEP][PASSED] - Statement - PreSaveFile = new java.io.File(((pathPrefix + java.lang.Integer.toString(counter)) + .png)): null

2018-12-12 15:29:28 - [TEST_STEP][PASSED] - Statement - counter = counter + 1: null

2018-12-12 15:29:28 - [TEST_STEP][PASSED] - Statement - PreSaveFile = new java.io.File(((pathPrefix + java.lang.Integer.toString(counter)) + .png)): null

2018-12-12 15:29:28 - [TEST_STEP][PASSED] - Statement - counter = counter + 1: null

2018-12-12 15:29:28 - [TEST_STEP][PASSED] - Statement - PreSaveFile = new java.io.File(((pathPrefix + java.lang.Integer.toString(counter)) + .png)): null

2018-12-12 15:29:28 - [TEST_STEP][PASSED] - Statement - counter = counter + 1: null

2018-12-12 15:29:28 - [TEST_STEP][PASSED] - Statement - PreSaveFile = new java.io.File(((pathPrefix + java.lang.Integer.toString(counter)) + .png)): null

2018-12-12 15:29:28 - [TEST_STEP][PASSED] - Statement - counter = counter + 1: null

2018-12-12 15:29:28 - [TEST_STEP][PASSED] - Statement - PreSaveFile = new java.io.File(((pathPrefix + java.lang.Integer.toString(counter)) + .png)): null

2018-12-12 15:29:28 - [TEST_STEP][PASSED] - Statement - counter = counter + 1: null

2018-12-12 15:29:28 - [TEST_STEP][PASSED] - Statement - PreSaveFile = new java.io.File(((pathPrefix + java.lang.Integer.toString(counter)) + .png)): null

2018-12-12 15:29:28 - [TEST_STEP][PASSED] - Statement - counter = counter + 1: null

2018-12-12 15:29:28 - [TEST_STEP][PASSED] - Statement - PreSaveFile = new java.io.File(((pathPrefix + java.lang.Integer.toString(counter)) + .png)): null

2018-12-12 15:29:28 - [TEST_STEP][PASSED] - Statement - counter = counter + 1: null

2018-12-12 15:29:28 - [TEST_STEP][PASSED] - Statement - PreSaveFile = new java.io.File(((pathPrefix + java.lang.Integer.toString(counter)) + .png)): null

2018-12-12 15:29:28 - [TEST_STEP][PASSED] - Statement - counter = counter + 1: null

2018-12-12 15:29:28 - [TEST_STEP][PASSED] - Statement - PreSaveFile = new java.io.File(((pathPrefix + java.lang.Integer.toString(counter)) + .png)): null

2018-12-12 15:29:28 - [TEST_STEP][PASSED] - Statement - counter = counter + 1: null

2018-12-12 15:29:28 - [TEST_STEP][PASSED] - Statement - PreSaveFile = new java.io.File(((pathPrefix + java.lang.Integer.toString(counter)) + .png)): null

2018-12-12 15:29:28 - [TEST_STEP][PASSED] - Statement - counter = counter + 1: null

2018-12-12 15:29:28 - [TEST_STEP][PASSED] - Statement - PreSaveFile = new java.io.File(((pathPrefix + java.lang.Integer.toString(counter)) + .png)): null

2018-12-12 15:29:28 - [TEST_STEP][PASSED] - Statement - counter = counter + 1: null

2018-12-12 15:29:28 - [TEST_STEP][PASSED] - Statement - PreSaveFile = new java.io.File(((pathPrefix + java.lang.Integer.toString(counter)) + .png)): null

2018-12-12 15:29:28 - [TEST_STEP][PASSED] - Statement - counter = counter + 1: null

2018-12-12 15:29:28 - [TEST_STEP][PASSED] - Statement - PreSaveFile = new java.io.File(((pathPrefix + java.lang.Integer.toString(counter)) + .png)): null

2018-12-12 15:29:28 - [TEST_STEP][PASSED] - Statement - counter = counter + 1: null

2018-12-12 15:29:28 - [TEST_STEP][PASSED] - Statement - PreSaveFile = new java.io.File(((pathPrefix + java.lang.Integer.toString(counter)) + .png)): null

2018-12-12 15:29:28 - [TEST_STEP][PASSED] - Statement - counter = counter + 1: null

2018-12-12 15:29:28 - [TEST_STEP][PASSED] - Statement - PreSaveFile = new java.io.File(((pathPrefix + java.lang.Integer.toString(counter)) + .png)): null

2018-12-12 15:29:28 - [TEST_STEP][PASSED] - Statement - counter = counter + 1: null

2018-12-12 15:29:28 - [TEST_STEP][PASSED] - Statement - PreSaveFile = new java.io.File(((pathPrefix + java.lang.Integer.toString(counter)) + .png)): null

2018-12-12 15:29:28 - [TEST_STEP][PASSED] - Statement - counter = counter + 1: null

2018-12-12 15:29:28 - [TEST_STEP][PASSED] - Statement - PreSaveFile = new java.io.File(((pathPrefix + java.lang.Integer.toString(counter)) + .png)): null

2018-12-12 15:29:28 - [TEST_STEP][PASSED] - Statement - counter = counter + 1: null

2018-12-12 15:29:28 - [TEST_STEP][PASSED] - Statement - PreSaveFile = new java.io.File(((pathPrefix + java.lang.Integer.toString(counter)) + .png)): null

2018-12-12 15:29:28 - [TEST_STEP][PASSED] - Statement - counter = counter + 1: null

2018-12-12 15:29:28 - [TEST_STEP][PASSED] - Statement - PreSaveFile = new java.io.File(((pathPrefix + java.lang.Integer.toString(counter)) + .png)): null

2018-12-12 15:29:28 - [TEST_STEP][PASSED] - Statement - counter = counter + 1: null

2018-12-12 15:29:28 - [TEST_STEP][PASSED] - Statement - PreSaveFile = new java.io.File(((pathPrefix + java.lang.Integer.toString(counter)) + .png)): null

2018-12-12 15:29:28 - [TEST_STEP][PASSED] - Statement - counter = counter + 1: null

2018-12-12 15:29:28 - [TEST_STEP][PASSED] - Statement - PreSaveFile = new java.io.File(((pathPrefix + java.lang.Integer.toString(counter)) + .png)): null

2018-12-12 15:29:28 - [TEST_STEP][PASSED] - Statement - counter = counter + 1: null

2018-12-12 15:29:28 - [TEST_STEP][PASSED] - Statement - PreSaveFile = new java.io.File(((pathPrefix + java.lang.Integer.toString(counter)) + .png)): null

2018-12-12 15:29:28 - [TEST_STEP][PASSED] - Statement - counter = counter + 1: null

2018-12-12 15:29:28 - [TEST_STEP][PASSED] - Statement - PreSaveFile = new java.io.File(((pathPrefix + java.lang.Integer.toString(counter)) + .png)): null

2018-12-12 15:29:28 - [TEST_STEP][PASSED] - Statement - counter = counter + 1: null

2018-12-12 15:29:28 - [TEST_STEP][PASSED] - Statement - PreSaveFile = new java.io.File(((pathPrefix + java.lang.Integer.toString(counter)) + .png)): null

2018-12-12 15:29:28 - [TEST_STEP][PASSED] - Statement - counter = counter + 1: null

2018-12-12 15:29:28 - [TEST_STEP][PASSED] - Statement - PreSaveFile = new java.io.File(((pathPrefix + java.lang.Integer.toString(counter)) + .png)): null

2018-12-12 15:29:28 - [TEST_STEP][PASSED] - Statement - counter = counter + 1: null

2018-12-12 15:29:28 - [TEST_STEP][PASSED] - Statement - PreSaveFile = new java.io.File(((pathPrefix + java.lang.Integer.toString(counter)) + .png)): null

2018-12-12 15:29:28 - [TEST_STEP][PASSED] - Statement - counter = counter + 1: null

2018-12-12 15:29:28 - [TEST_STEP][PASSED] - Statement - PreSaveFile = new java.io.File(((pathPrefix + java.lang.Integer.toString(counter)) + .png)): null

2018-12-12 15:29:28 - [TEST_STEP][PASSED] - Statement - counter = counter + 1: null

2018-12-12 15:29:28 - [TEST_STEP][PASSED] - Statement - PreSaveFile = new java.io.File(((pathPrefix + java.lang.Integer.toString(counter)) + .png)): null

2018-12-12 15:29:28 - [TEST_STEP][PASSED] - Statement - counter = counter + 1: null

2018-12-12 15:29:28 - [TEST_STEP][PASSED] - Statement - PreSaveFile = new java.io.File(((pathPrefix + java.lang.Integer.toString(counter)) + .png)): null

2018-12-12 15:29:28 - [TEST_STEP][PASSED] - Statement - counter = counter + 1: null

2018-12-12 15:29:28 - [TEST_STEP][PASSED] - Statement - PreSaveFile = new java.io.File(((pathPrefix + java.lang.Integer.toString(counter)) + .png)): null

2018-12-12 15:29:28 - [TEST_STEP][PASSED] - Statement - counter = counter + 1: null

2018-12-12 15:29:28 - [TEST_STEP][PASSED] - Statement - PreSaveFile = new java.io.File(((pathPrefix + java.lang.Integer.toString(counter)) + .png)): null

2018-12-12 15:29:28 - [TEST_STEP][PASSED] - Statement - counter = counter + 1: null

2018-12-12 15:29:28 - [TEST_STEP][PASSED] - Statement - PreSaveFile = new java.io.File(((pathPrefix + java.lang.Integer.toString(counter)) + .png)): null

2018-12-12 15:29:28 - [TEST_STEP][PASSED] - Statement - counter = counter + 1: null

2018-12-12 15:29:28 - [TEST_STEP][PASSED] - Statement - PreSaveFile = new java.io.File(((pathPrefix + java.lang.Integer.toString(counter)) + .png)): null

2018-12-12 15:29:28 - [TEST_STEP][PASSED] - Statement - counter = counter + 1: null

2018-12-12 15:29:28 - [TEST_STEP][PASSED] - Statement - PreSaveFile = new java.io.File(((pathPrefix + java.lang.Integer.toString(counter)) + .png)): null

2018-12-12 15:29:28 - [TEST_STEP][PASSED] - Statement - counter = counter + 1: null

2018-12-12 15:29:28 - [TEST_STEP][PASSED] - Statement - PreSaveFile = new java.io.File(((pathPrefix + java.lang.Integer.toString(counter)) + .png)): null

2018-12-12 15:29:28 - [TEST_STEP][PASSED] - Statement - counter = counter + 1: null

2018-12-12 15:29:28 - [TEST_STEP][PASSED] - Statement - PreSaveFile = new java.io.File(((pathPrefix + java.lang.Integer.toString(counter)) + .png)): null

2018-12-12 15:29:28 - [TEST_STEP][PASSED] - Statement - counter = counter + 1: null

2018-12-12 15:29:28 - [TEST_STEP][PASSED] - Statement - PreSaveFile = new java.io.File(((pathPrefix + java.lang.Integer.toString(counter)) + .png)): null

2018-12-12 15:29:28 - [TEST_STEP][PASSED] - Statement - counter = counter + 1: null

2018-12-12 15:29:28 - [TEST_STEP][PASSED] - Statement - PreSaveFile = new java.io.File(((pathPrefix + java.lang.Integer.toString(counter)) + .png)): null

2018-12-12 15:29:28 - [TEST_STEP][PASSED] - Statement - counter = counter + 1: null

2018-12-12 15:29:28 - [TEST_STEP][PASSED] - Statement - PreSaveFile = new java.io.File(((pathPrefix + java.lang.Integer.toString(counter)) + .png)): null

2018-12-12 15:29:28 - [TEST_STEP][PASSED] - Statement - counter = counter + 1: null

2018-12-12 15:29:28 - [TEST_STEP][PASSED] - Statement - PreSaveFile = new java.io.File(((pathPrefix + java.lang.Integer.toString(counter)) + .png)): null

2018-12-12 15:29:28 - [TEST_STEP][PASSED] - Statement - counter = counter + 1: null

2018-12-12 15:29:28 - [TEST_STEP][PASSED] - Statement - PreSaveFile = new java.io.File(((pathPrefix + java.lang.Integer.toString(counter)) + .png)): null

2018-12-12 15:29:28 - [TEST_STEP][PASSED] - Statement - counter = counter + 1: null

2018-12-12 15:29:28 - [TEST_STEP][PASSED] - Statement - PreSaveFile = new java.io.File(((pathPrefix + java.lang.Integer.toString(counter)) + .png)): null

2018-12-12 15:29:28 - [TEST_STEP][PASSED] - Statement - counter = counter + 1: null

2018-12-12 15:29:28 - [TEST_STEP][PASSED] - Statement - PreSaveFile = new java.io.File(((pathPrefix + java.lang.Integer.toString(counter)) + .png)): null

2018-12-12 15:29:28 - [TEST_STEP][PASSED] - Statement - counter = counter + 1: null

2018-12-12 15:29:28 - [TEST_STEP][PASSED] - Statement - PreSaveFile = new java.io.File(((pathPrefix + java.lang.Integer.toString(counter)) + .png)): null

2018-12-12 15:29:28 - [TEST_STEP][PASSED] - Statement - counter = counter + 1: null

2018-12-12 15:29:28 - [TEST_STEP][PASSED] - Statement - PreSaveFile = new java.io.File(((pathPrefix + java.lang.Integer.toString(counter)) + .png)): null

2018-12-12 15:29:28 - [TEST_STEP][PASSED] - Statement - counter = counter + 1: null

2018-12-12 15:29:28 - [TEST_STEP][PASSED] - Statement - PreSaveFile = new java.io.File(((pathPrefix + java.lang.Integer.toString(counter)) + .png)): null

2018-12-12 15:29:28 - [TEST_STEP][PASSED] - Statement - counter = counter + 1: null

2018-12-12 15:29:28 - [TEST_STEP][PASSED] - Statement - PreSaveFile = new java.io.File(((pathPrefix + java.lang.Integer.toString(counter)) + .png)): null

2018-12-12 15:29:28 - [TEST_STEP][PASSED] - Statement - counter = counter + 1: null

2018-12-12 15:29:28 - [TEST_STEP][PASSED] - Statement - PreSaveFile = new java.io.File(((pathPrefix + java.lang.Integer.toString(counter)) + .png)): null

2018-12-12 15:29:28 - [TEST_STEP][PASSED] - Statement - counter = counter + 1: null

2018-12-12 15:29:28 - [TEST_STEP][PASSED] - Statement - PreSaveFile = new java.io.File(((pathPrefix + java.lang.Integer.toString(counter)) + .png)): null

2018-12-12 15:29:28 - [TEST_STEP][PASSED] - Statement - counter = counter + 1: null

2018-12-12 15:29:28 - [TEST_STEP][PASSED] - Statement - PreSaveFile = new java.io.File(((pathPrefix + java.lang.Integer.toString(counter)) + .png)): null

2018-12-12 15:29:28 - [TEST_STEP][PASSED] - Statement - counter = counter + 1: null

2018-12-12 15:29:28 - [TEST_STEP][PASSED] - Statement - PreSaveFile = new java.io.File(((pathPrefix + java.lang.Integer.toString(counter)) + .png)): null

2018-12-12 15:29:28 - [TEST_STEP][PASSED] - Statement - counter = counter + 1: null

2018-12-12 15:29:28 - [TEST_STEP][PASSED] - Statement - PreSaveFile = new java.io.File(((pathPrefix + java.lang.Integer.toString(counter)) + .png)): null

2018-12-12 15:29:28 - [TEST_STEP][PASSED] - Statement - finalPath = pathPrefix + java.lang.Integer.toString(counter) + ".png": null

2018-12-12 15:29:28 - [TEST_STEP][PASSED] - Statement - SaveFile = new java.io.File(finalPath): null

2018-12-12 15:29:28 - [TEST_STEP][PASSED] - Statement - Try: null

2018-12-12 15:29:28 - [TEST_STEP][PASSED] - Statement - org.apache.commons.io.FileUtils.copyFile(scrFile, SaveFile): null

2018-12-12 15:29:28 - [TEST_STEP][PASSED] - Statement - out.println("file kept"): null

2018-12-12 15:29:28 - [TEST_STEP][PASSED] - delay: Delayed 10 second(s)

2018-12-12 15:29:38 - [MESSAGE][PASSED] - Delayed 10 second(s)

2018-12-12 15:29:38 - [MESSAGE][PASSED] - Call Test Case 'Test Cases/Final Aug 2018 - PKS Automation/Registration Module/New Registration/Submit and Screenshot/Submit Registration and Screenshot' successfully]]></system-out>
         <system-err><![CDATA[]]></system-err>
      </testcase>
      <testcase name="Test Cases/Final Aug 2018 - PKS Automation/Registration Module/Critical Path/New Registration/Other - Business Representative" classname="Test Cases/Final Aug 2018 - PKS Automation/Registration Module/Critical Path/New Registration/Other - Business Representative" status="PASSED">
         <system-out><![CDATA[2018-12-12 15:29:38 - [TEST_CASE][PASSED] - Test Cases/Final Aug 2018 - PKS Automation/Registration Module/Critical Path/New Registration/Other - Business Representative: Test Cases/Final Aug 2018 - PKS Automation/Registration Module/Critical Path/New Registration/Other - Business Representative

2018-12-12 15:29:39 - [TEST_STEP][PASSED] - callTestCase: Call Test Case 'Test Cases/Final Aug 2018 - PKS Automation/Registration Module/New Registration/Form 1/Form 1 - Other - Businss Representative' successfully

2018-12-12 15:29:39 - [TEST_CASE][PASSED] - Test Cases/Final Aug 2018 - PKS Automation/Registration Module/New Registration/Form 1/Form 1 - Other - Businss Representative: Test Cases/Final Aug 2018 - PKS Automation/Registration Module/New Registration/Form 1/Form 1 - Other - Businss Representative

2018-12-12 15:29:39 - [TEST_STEP][PASSED] - openBrowser: Browser is opened with url: ''

2018-12-12 15:29:39 - [MESSAGE][WARNING] - A browser is already opened. Closing browser and opening a new one

2018-12-12 15:29:42 - [MESSAGE][PASSED] - Browser is opened with url: ''

2018-12-12 15:29:42 - [TEST_STEP][PASSED] - navigateToUrl: Navigate to 'https://assist2-uat.perkeso.gov.my/login' successfully

2018-12-12 15:29:43 - [MESSAGE][PASSED] - Navigate to 'https://assist2-uat.perkeso.gov.my/login' successfully

2018-12-12 15:29:43 - [TEST_STEP][PASSED] - setText: Text 'johorotc1@gmail.com' is set on object 'Object Repository/Final Object Repo/Login Page/Internal User/Email Address'

2018-12-12 15:29:43 - [MESSAGE][PASSED] - Text 'johorotc1@gmail.com' is set on object 'Object Repository/Final Object Repo/Login Page/Internal User/Email Address'

2018-12-12 15:29:43 - [TEST_STEP][PASSED] - click: Object: 'Object Repository/Final Object Repo/Login Page/Internal User/Next Button' is clicked on

2018-12-12 15:29:44 - [MESSAGE][PASSED] - Object: 'Object Repository/Final Object Repo/Login Page/Internal User/Next Button' is clicked on

2018-12-12 15:29:44 - [TEST_STEP][PASSED] - delay: Delayed 1 second(s)

2018-12-12 15:29:45 - [MESSAGE][PASSED] - Delayed 1 second(s)

2018-12-12 15:29:45 - [TEST_STEP][PASSED] - setEncryptedText: Text ****** has been set on object 'Object Repository/Final Object Repo/Login Page/Internal User/Password'

2018-12-12 15:29:45 - [MESSAGE][PASSED] - Text ****** has been set on object 'Object Repository/Final Object Repo/Login Page/Internal User/Password'

2018-12-12 15:29:45 - [TEST_STEP][PASSED] - click: Object: 'Object Repository/Final Object Repo/Login Page/Internal User/Login Button' is clicked on

2018-12-12 15:29:45 - [MESSAGE][PASSED] - Object: 'Object Repository/Final Object Repo/Login Page/Internal User/Login Button' is clicked on

2018-12-12 15:29:45 - [TEST_STEP][PASSED] - delay: Delayed 1 second(s)

2018-12-12 15:29:46 - [MESSAGE][PASSED] - Delayed 1 second(s)

2018-12-12 15:29:46 - [TEST_STEP][PASSED] - Statement - Try: Delayed 2 second(s)

2018-12-12 15:29:46 - [TEST_STEP][PASSED] - Statement - Checker = false: null

2018-12-12 15:29:46 - [TEST_STEP][PASSED] - Statement - Checker = com.kms.katalon.core.webui.keyword.WebUiBuiltInKeywords.verifyElementHasAttribute(com.kms.katalon.core.testobject.ObjectRepository.findTestObject(Final Object Repo/Landing Page/BM Detecting), "href", 20, OPTIONAL): Object 'Object Repository/Final Object Repo/Landing Page/BM Detecting' has attribute 'href'

2018-12-12 15:29:47 - [MESSAGE][PASSED] - Object 'Object Repository/Final Object Repo/Landing Page/BM Detecting' has attribute 'href'

2018-12-12 15:29:47 - [TEST_STEP][PASSED] - Statement - out.println(Checker): null

2018-12-12 15:29:47 - [TEST_STEP][PASSED] - Statement - If (Checker == false): null

2018-12-12 15:29:47 - [TEST_STEP][PASSED] - Statement - Else: null

2018-12-12 15:29:47 - [TEST_STEP][PASSED] - delay: Delayed 2 second(s)

2018-12-12 15:29:49 - [MESSAGE][PASSED] - Delayed 2 second(s)

2018-12-12 15:29:49 - [TEST_STEP][PASSED] - navigateToUrl: Navigate to 'https://assist2-uat.perkeso.gov.my/web/registration/registration' successfully

2018-12-12 15:29:51 - [MESSAGE][PASSED] - Navigate to 'https://assist2-uat.perkeso.gov.my/web/registration/registration' successfully

2018-12-12 15:29:51 - [TEST_STEP][PASSED] - click: Object: 'Object Repository/Final Object Repo/New Registration - Registration Module Pages/Form 1/AEC - No' is clicked on

2018-12-12 15:29:51 - [MESSAGE][PASSED] - Object: 'Object Repository/Final Object Repo/New Registration - Registration Module Pages/Form 1/AEC - No' is clicked on

2018-12-12 15:29:51 - [TEST_STEP][PASSED] - click: Object: 'Object Repository/Final Object Repo/New Registration - Registration Module Pages/Form 1/Business Entity' is clicked on

2018-12-12 15:29:51 - [MESSAGE][PASSED] - Object: 'Object Repository/Final Object Repo/New Registration - Registration Module Pages/Form 1/Business Entity' is clicked on

2018-12-12 15:29:51 - [TEST_STEP][PASSED] - click: Object: 'Object Repository/Final Object Repo/New Registration - Registration Module Pages/Form 1/Business Entity - Other' is clicked on

2018-12-12 15:29:51 - [MESSAGE][PASSED] - Object: 'Object Repository/Final Object Repo/New Registration - Registration Module Pages/Form 1/Business Entity - Other' is clicked on

2018-12-12 15:29:51 - [TEST_STEP][PASSED] - delay: Delayed 1 second(s)

2018-12-12 15:29:52 - [MESSAGE][PASSED] - Delayed 1 second(s)

2018-12-12 15:29:52 - [TEST_STEP][PASSED] - click: Object: 'Object Repository/Final Object Repo/New Registration - Registration Module Pages/Form 1/Sub Business Entity' is clicked on

2018-12-12 15:29:52 - [MESSAGE][PASSED] - Object: 'Object Repository/Final Object Repo/New Registration - Registration Module Pages/Form 1/Sub Business Entity' is clicked on

2018-12-12 15:29:52 - [TEST_STEP][PASSED] - click: Object: 'Object Repository/Final Object Repo/New Registration - Registration Module Pages/Form 1/Sub Business Entity - Other/Sub Business Entity  - Business Representative' is clicked on

2018-12-12 15:29:53 - [MESSAGE][PASSED] - Object: 'Object Repository/Final Object Repo/New Registration - Registration Module Pages/Form 1/Sub Business Entity - Other/Sub Business Entity  - Business Representative' is clicked on

2018-12-12 15:29:53 - [TEST_STEP][PASSED] - delay: Delayed 1 second(s)

2018-12-12 15:29:54 - [MESSAGE][PASSED] - Delayed 1 second(s)

2018-12-12 15:29:54 - [TEST_STEP][PASSED] - click: Object: 'Object Repository/Final Object Repo/New Registration - Registration Module Pages/Form 1/Sub Business Entity List' is clicked on

2018-12-12 15:29:54 - [MESSAGE][PASSED] - Object: 'Object Repository/Final Object Repo/New Registration - Registration Module Pages/Form 1/Sub Business Entity List' is clicked on

2018-12-12 15:29:54 - [TEST_STEP][PASSED] - click: Object: 'Object Repository/Final Object Repo/New Registration - Registration Module Pages/Form 1/Sub Business Entity List - Other/Sub Business Entity List - Others - Business Representative - Consulate' is clicked on

2018-12-12 15:29:54 - [MESSAGE][PASSED] - Object: 'Object Repository/Final Object Repo/New Registration - Registration Module Pages/Form 1/Sub Business Entity List - Other/Sub Business Entity List - Others - Business Representative - Consulate' is clicked on

2018-12-12 15:29:54 - [TEST_STEP][PASSED] - delay: Delayed 1 second(s)

2018-12-12 15:29:55 - [MESSAGE][PASSED] - Delayed 1 second(s)

2018-12-12 15:29:55 - [TEST_STEP][PASSED] - setText: Text '123' is set on object 'Object Repository/Final Object Repo/New Registration - Registration Module Pages/Form 1/Registration Number'

2018-12-12 15:29:55 - [MESSAGE][PASSED] - Text '123' is set on object 'Object Repository/Final Object Repo/New Registration - Registration Module Pages/Form 1/Registration Number'

2018-12-12 15:29:55 - [TEST_STEP][NOT_RUN] - click: NOT_RUN: click

2018-12-12 15:29:55 - [MESSAGE][NOT_RUN] - NOT_RUN: click

2018-12-12 15:29:55 - [TEST_STEP][PASSED] - click: Object: 'Object Repository/Final Object Repo/New Registration - Registration Module Pages/Form 1/Registered As a Branch - Yes' is clicked on

2018-12-12 15:29:55 - [MESSAGE][PASSED] - Object: 'Object Repository/Final Object Repo/New Registration - Registration Module Pages/Form 1/Registered As a Branch - Yes' is clicked on

2018-12-12 15:29:55 - [TEST_STEP][PASSED] - check: Object 'Object Repository/Final Object Repo/New Registration - Registration Module Pages/Form 1/Acknowledgement' is checked

2018-12-12 15:29:56 - [MESSAGE][PASSED] - Object 'Object Repository/Final Object Repo/New Registration - Registration Module Pages/Form 1/Acknowledgement' is checked

2018-12-12 15:29:56 - [TEST_STEP][PASSED] - setText: Text 'perkeso' is set on object 'Object Repository/Final Object Repo/New Registration - Registration Module Pages/Form 1/Industry name'

2018-12-12 15:29:56 - [MESSAGE][PASSED] - Text 'perkeso' is set on object 'Object Repository/Final Object Repo/New Registration - Registration Module Pages/Form 1/Industry name'

2018-12-12 15:29:56 - [TEST_STEP][PASSED] - setText: Text 'perkeso1' is set on object 'Object Repository/Final Object Repo/New Registration - Registration Module Pages/Form 1/Postal Address1'

2018-12-12 15:29:56 - [MESSAGE][PASSED] - Text 'perkeso1' is set on object 'Object Repository/Final Object Repo/New Registration - Registration Module Pages/Form 1/Postal Address1'

2018-12-12 15:29:56 - [TEST_STEP][PASSED] - setText: Text 'perkeso2' is set on object 'Object Repository/Final Object Repo/New Registration - Registration Module Pages/Form 1/Postal Address2'

2018-12-12 15:29:57 - [MESSAGE][PASSED] - Text 'perkeso2' is set on object 'Object Repository/Final Object Repo/New Registration - Registration Module Pages/Form 1/Postal Address2'

2018-12-12 15:29:57 - [TEST_STEP][PASSED] - setText: Text 'perkeso3' is set on object 'Object Repository/Final Object Repo/New Registration - Registration Module Pages/Form 1/Postal Address3'

2018-12-12 15:29:57 - [MESSAGE][PASSED] - Text 'perkeso3' is set on object 'Object Repository/Final Object Repo/New Registration - Registration Module Pages/Form 1/Postal Address3'

2018-12-12 15:29:57 - [TEST_STEP][PASSED] - click: Object: 'Object Repository/Final Object Repo/New Registration - Registration Module Pages/Form 1/State' is clicked on

2018-12-12 15:29:57 - [MESSAGE][PASSED] - Object: 'Object Repository/Final Object Repo/New Registration - Registration Module Pages/Form 1/State' is clicked on

2018-12-12 15:29:57 - [TEST_STEP][PASSED] - click: Object: 'Object Repository/Final Object Repo/New Registration - Registration Module Pages/Form 1/State - Johor' is clicked on

2018-12-12 15:29:58 - [MESSAGE][PASSED] - Object: 'Object Repository/Final Object Repo/New Registration - Registration Module Pages/Form 1/State - Johor' is clicked on

2018-12-12 15:29:58 - [TEST_STEP][PASSED] - delay: Delayed 1 second(s)

2018-12-12 15:29:59 - [MESSAGE][PASSED] - Delayed 1 second(s)

2018-12-12 15:29:59 - [TEST_STEP][PASSED] - click: Object: 'Object Repository/Final Object Repo/New Registration - Registration Module Pages/Form 1/City' is clicked on

2018-12-12 15:29:59 - [MESSAGE][PASSED] - Object: 'Object Repository/Final Object Repo/New Registration - Registration Module Pages/Form 1/City' is clicked on

2018-12-12 15:29:59 - [TEST_STEP][PASSED] - setText: Text 'joh' is set on object 'Object Repository/Final Object Repo/New Registration - Registration Module Pages/Form 1/Postcode - 810'

2018-12-12 15:29:59 - [MESSAGE][PASSED] - Text 'joh' is set on object 'Object Repository/Final Object Repo/New Registration - Registration Module Pages/Form 1/Postcode - 810'

2018-12-12 15:29:59 - [TEST_STEP][PASSED] - delay: Delayed 1 second(s)

2018-12-12 15:30:00 - [MESSAGE][PASSED] - Delayed 1 second(s)

2018-12-12 15:30:00 - [TEST_STEP][PASSED] - click: Object: 'Object Repository/Final Object Repo/New Registration - Registration Module Pages/Form 1/City - Johor Bharu' is clicked on

2018-12-12 15:30:00 - [MESSAGE][PASSED] - Object: 'Object Repository/Final Object Repo/New Registration - Registration Module Pages/Form 1/City - Johor Bharu' is clicked on

2018-12-12 15:30:00 - [TEST_STEP][PASSED] - delay: Delayed 1 second(s)

2018-12-12 15:30:01 - [MESSAGE][PASSED] - Delayed 1 second(s)

2018-12-12 15:30:01 - [TEST_STEP][PASSED] - click: Object: 'Object Repository/Final Object Repo/New Registration - Registration Module Pages/Form 1/Postcode' is clicked on

2018-12-12 15:30:01 - [MESSAGE][PASSED] - Object: 'Object Repository/Final Object Repo/New Registration - Registration Module Pages/Form 1/Postcode' is clicked on

2018-12-12 15:30:01 - [TEST_STEP][PASSED] - delay: Delayed 1 second(s)

2018-12-12 15:30:02 - [MESSAGE][PASSED] - Delayed 1 second(s)

2018-12-12 15:30:02 - [TEST_STEP][PASSED] - setText: Text '810' is set on object 'Object Repository/Final Object Repo/New Registration - Registration Module Pages/Form 1/Postcode - 810'

2018-12-12 15:30:03 - [MESSAGE][PASSED] - Text '810' is set on object 'Object Repository/Final Object Repo/New Registration - Registration Module Pages/Form 1/Postcode - 810'

2018-12-12 15:30:03 - [TEST_STEP][PASSED] - delay: Delayed 1 second(s)

2018-12-12 15:30:04 - [MESSAGE][PASSED] - Delayed 1 second(s)

2018-12-12 15:30:04 - [TEST_STEP][PASSED] - click: Object: 'Object Repository/Final Object Repo/New Registration - Registration Module Pages/Form 1/Postcode - 81000' is clicked on

2018-12-12 15:30:04 - [MESSAGE][PASSED] - Object: 'Object Repository/Final Object Repo/New Registration - Registration Module Pages/Form 1/Postcode - 81000' is clicked on

2018-12-12 15:30:04 - [TEST_STEP][PASSED] - delay: Delayed 1 second(s)

2018-12-12 15:30:05 - [MESSAGE][PASSED] - Delayed 1 second(s)

2018-12-12 15:30:05 - [TEST_STEP][PASSED] - setText: Text '100' is set on object 'Object Repository/Final Object Repo/New Registration - Registration Module Pages/Form 1/P.O.BOX'

2018-12-12 15:30:05 - [MESSAGE][PASSED] - Text '100' is set on object 'Object Repository/Final Object Repo/New Registration - Registration Module Pages/Form 1/P.O.BOX'

2018-12-12 15:30:05 - [TEST_STEP][PASSED] - setText: Text '100' is set on object 'Object Repository/Final Object Repo/New Registration - Registration Module Pages/Form 1/Locked Bag No'

2018-12-12 15:30:05 - [MESSAGE][PASSED] - Text '100' is set on object 'Object Repository/Final Object Repo/New Registration - Registration Module Pages/Form 1/Locked Bag No'

2018-12-12 15:30:05 - [TEST_STEP][PASSED] - click: Object: 'Object Repository/Final Object Repo/New Registration - Registration Module Pages/Form 1/SOCSO Office Location' is clicked on

2018-12-12 15:30:06 - [MESSAGE][PASSED] - Object: 'Object Repository/Final Object Repo/New Registration - Registration Module Pages/Form 1/SOCSO Office Location' is clicked on

2018-12-12 15:30:06 - [TEST_STEP][PASSED] - click: Object: 'Object Repository/Final Object Repo/New Registration - Registration Module Pages/Form 1/SOCSO Office Location - Pejabat PERKESO Negeri Johor' is clicked on

2018-12-12 15:30:06 - [MESSAGE][PASSED] - Object: 'Object Repository/Final Object Repo/New Registration - Registration Module Pages/Form 1/SOCSO Office Location - Pejabat PERKESO Negeri Johor' is clicked on

2018-12-12 15:30:06 - [TEST_STEP][PASSED] - delay: Delayed 1 second(s)

2018-12-12 15:30:07 - [MESSAGE][PASSED] - Delayed 1 second(s)

2018-12-12 15:30:07 - [TEST_STEP][PASSED] - check: Object 'Object Repository/Final Object Repo/New Registration - Registration Module Pages/Form 1/Indusrty Address Same As Postal Address' is checked

2018-12-12 15:30:07 - [MESSAGE][PASSED] - Object 'Object Repository/Final Object Repo/New Registration - Registration Module Pages/Form 1/Indusrty Address Same As Postal Address' is checked

2018-12-12 15:30:07 - [TEST_STEP][PASSED] - delay: Delayed 3 second(s)

2018-12-12 15:30:10 - [MESSAGE][PASSED] - Delayed 3 second(s)

2018-12-12 15:30:10 - [TEST_STEP][PASSED] - click: Object: 'Object Repository/Final Object Repo/New Registration - Registration Module Pages/Form 1/Indusry Address Same As Postal Address False' is clicked on

2018-12-12 15:30:10 - [MESSAGE][PASSED] - Object: 'Object Repository/Final Object Repo/New Registration - Registration Module Pages/Form 1/Indusry Address Same As Postal Address False' is clicked on

2018-12-12 15:30:10 - [TEST_STEP][PASSED] - delay: Delayed 1 second(s)

2018-12-12 15:30:11 - [MESSAGE][PASSED] - Delayed 1 second(s)

2018-12-12 15:30:11 - [TEST_STEP][PASSED] - setText: Text 'perkeso1' is set on object 'Object Repository/Final Object Repo/New Registration - Registration Module Pages/Form 1/Industry Address1'

2018-12-12 15:30:12 - [MESSAGE][PASSED] - Text 'perkeso1' is set on object 'Object Repository/Final Object Repo/New Registration - Registration Module Pages/Form 1/Industry Address1'

2018-12-12 15:30:12 - [TEST_STEP][PASSED] - setText: Text 'perkeso2' is set on object 'Object Repository/Final Object Repo/New Registration - Registration Module Pages/Form 1/Industry Address2'

2018-12-12 15:30:12 - [MESSAGE][PASSED] - Text 'perkeso2' is set on object 'Object Repository/Final Object Repo/New Registration - Registration Module Pages/Form 1/Industry Address2'

2018-12-12 15:30:12 - [TEST_STEP][PASSED] - setText: Text 'perkeso3' is set on object 'Object Repository/Final Object Repo/New Registration - Registration Module Pages/Form 1/Industry Address3'

2018-12-12 15:30:12 - [MESSAGE][PASSED] - Text 'perkeso3' is set on object 'Object Repository/Final Object Repo/New Registration - Registration Module Pages/Form 1/Industry Address3'

2018-12-12 15:30:12 - [TEST_STEP][PASSED] - click: Object: 'Object Repository/Final Object Repo/New Registration - Registration Module Pages/Form 1/Industry State' is clicked on

2018-12-12 15:30:13 - [MESSAGE][PASSED] - Object: 'Object Repository/Final Object Repo/New Registration - Registration Module Pages/Form 1/Industry State' is clicked on

2018-12-12 15:30:13 - [TEST_STEP][PASSED] - delay: Delayed 2 second(s)

2018-12-12 15:30:15 - [MESSAGE][PASSED] - Delayed 2 second(s)

2018-12-12 15:30:15 - [TEST_STEP][PASSED] - click: Object: 'Object Repository/Final Object Repo/New Registration - Registration Module Pages/Form 1/Industry State - Johor' is clicked on

2018-12-12 15:30:15 - [MESSAGE][PASSED] - Object: 'Object Repository/Final Object Repo/New Registration - Registration Module Pages/Form 1/Industry State - Johor' is clicked on

2018-12-12 15:30:15 - [TEST_STEP][PASSED] - delay: Delayed 2 second(s)

2018-12-12 15:30:17 - [MESSAGE][PASSED] - Delayed 2 second(s)

2018-12-12 15:30:17 - [TEST_STEP][PASSED] - click: Object: 'Object Repository/Final Object Repo/New Registration - Registration Module Pages/Form 1/Industry Ciry' is clicked on

2018-12-12 15:30:17 - [MESSAGE][PASSED] - Object: 'Object Repository/Final Object Repo/New Registration - Registration Module Pages/Form 1/Industry Ciry' is clicked on

2018-12-12 15:30:17 - [TEST_STEP][PASSED] - setText: Text 'joh' is set on object 'Object Repository/Final Object Repo/New Registration - Registration Module Pages/Form 1/Industry Ciry - joh'

2018-12-12 15:30:17 - [MESSAGE][PASSED] - Text 'joh' is set on object 'Object Repository/Final Object Repo/New Registration - Registration Module Pages/Form 1/Industry Ciry - joh'

2018-12-12 15:30:17 - [TEST_STEP][PASSED] - delay: Delayed 2 second(s)

2018-12-12 15:30:19 - [MESSAGE][PASSED] - Delayed 2 second(s)

2018-12-12 15:30:19 - [TEST_STEP][PASSED] - click: Object: 'Object Repository/Final Object Repo/New Registration - Registration Module Pages/Form 1/Industy State - Johor Bharu' is clicked on

2018-12-12 15:30:19 - [MESSAGE][PASSED] - Object: 'Object Repository/Final Object Repo/New Registration - Registration Module Pages/Form 1/Industy State - Johor Bharu' is clicked on

2018-12-12 15:30:19 - [TEST_STEP][PASSED] - delay: Delayed 1 second(s)

2018-12-12 15:30:20 - [MESSAGE][PASSED] - Delayed 1 second(s)

2018-12-12 15:30:20 - [TEST_STEP][PASSED] - click: Object: 'Object Repository/Final Object Repo/New Registration - Registration Module Pages/Form 1/Indusry PostCode' is clicked on

2018-12-12 15:30:21 - [MESSAGE][PASSED] - Object: 'Object Repository/Final Object Repo/New Registration - Registration Module Pages/Form 1/Indusry PostCode' is clicked on

2018-12-12 15:30:21 - [TEST_STEP][PASSED] - delay: Delayed 1 second(s)

2018-12-12 15:30:22 - [MESSAGE][PASSED] - Delayed 1 second(s)

2018-12-12 15:30:22 - [TEST_STEP][PASSED] - setText: Text '810' is set on object 'Object Repository/Final Object Repo/New Registration - Registration Module Pages/Form 1/Insutry Post Code - 810'

2018-12-12 15:30:22 - [MESSAGE][PASSED] - Text '810' is set on object 'Object Repository/Final Object Repo/New Registration - Registration Module Pages/Form 1/Insutry Post Code - 810'

2018-12-12 15:30:22 - [TEST_STEP][PASSED] - delay: Delayed 1 second(s)

2018-12-12 15:30:23 - [MESSAGE][PASSED] - Delayed 1 second(s)

2018-12-12 15:30:23 - [TEST_STEP][PASSED] - click: Object: 'Object Repository/Final Object Repo/New Registration - Registration Module Pages/Form 1/Insutry Post Code - 81000' is clicked on

2018-12-12 15:30:23 - [MESSAGE][PASSED] - Object: 'Object Repository/Final Object Repo/New Registration - Registration Module Pages/Form 1/Insutry Post Code - 81000' is clicked on

2018-12-12 15:30:23 - [TEST_STEP][PASSED] - delay: Delayed 1 second(s)

2018-12-12 15:30:24 - [MESSAGE][PASSED] - Delayed 1 second(s)

2018-12-12 15:30:24 - [TEST_STEP][PASSED] - setText: Text '100' is set on object 'Object Repository/Final Object Repo/New Registration - Registration Module Pages/Form 1/Industry P.O.BOX'

2018-12-12 15:30:24 - [MESSAGE][PASSED] - Text '100' is set on object 'Object Repository/Final Object Repo/New Registration - Registration Module Pages/Form 1/Industry P.O.BOX'

2018-12-12 15:30:24 - [TEST_STEP][PASSED] - setText: Text '100' is set on object 'Object Repository/Final Object Repo/New Registration - Registration Module Pages/Form 1/Industry Locked Bag No'

2018-12-12 15:30:25 - [MESSAGE][PASSED] - Text '100' is set on object 'Object Repository/Final Object Repo/New Registration - Registration Module Pages/Form 1/Industry Locked Bag No'

2018-12-12 15:30:25 - [TEST_STEP][PASSED] - setText: Text '123456789' is set on object 'Object Repository/Final Object Repo/New Registration - Registration Module Pages/Form 1/Telephone No'

2018-12-12 15:30:25 - [MESSAGE][PASSED] - Text '123456789' is set on object 'Object Repository/Final Object Repo/New Registration - Registration Module Pages/Form 1/Telephone No'

2018-12-12 15:30:25 - [TEST_STEP][PASSED] - setText: Text '123456789' is set on object 'Object Repository/Final Object Repo/New Registration - Registration Module Pages/Form 1/Mobile No'

2018-12-12 15:30:25 - [MESSAGE][PASSED] - Text '123456789' is set on object 'Object Repository/Final Object Repo/New Registration - Registration Module Pages/Form 1/Mobile No'

2018-12-12 15:30:25 - [TEST_STEP][PASSED] - setText: Text '123456789' is set on object 'Object Repository/Final Object Repo/New Registration - Registration Module Pages/Form 1/Fax No'

2018-12-12 15:30:26 - [MESSAGE][PASSED] - Text '123456789' is set on object 'Object Repository/Final Object Repo/New Registration - Registration Module Pages/Form 1/Fax No'

2018-12-12 15:30:26 - [TEST_STEP][PASSED] - click: Object: 'Object Repository/Final Object Repo/New Registration - Registration Module Pages/Form 1/Industry Code' is clicked on

2018-12-12 15:30:26 - [MESSAGE][PASSED] - Object: 'Object Repository/Final Object Repo/New Registration - Registration Module Pages/Form 1/Industry Code' is clicked on

2018-12-12 15:30:26 - [TEST_STEP][PASSED] - click: Object: 'Object Repository/Final Object Repo/New Registration - Registration Module Pages/Form 1/Indudustry Code - Crops and Animal' is clicked on

2018-12-12 15:30:26 - [MESSAGE][PASSED] - Object: 'Object Repository/Final Object Repo/New Registration - Registration Module Pages/Form 1/Indudustry Code - Crops and Animal' is clicked on

2018-12-12 15:30:26 - [TEST_STEP][PASSED] - delay: Delayed 1 second(s)

2018-12-12 15:30:27 - [MESSAGE][PASSED] - Delayed 1 second(s)

2018-12-12 15:30:27 - [TEST_STEP][PASSED] - click: Object: 'Object Repository/Final Object Repo/New Registration - Registration Module Pages/Form 1/Sub Industry Code List' is clicked on

2018-12-12 15:30:27 - [MESSAGE][PASSED] - Object: 'Object Repository/Final Object Repo/New Registration - Registration Module Pages/Form 1/Sub Industry Code List' is clicked on

2018-12-12 15:30:27 - [TEST_STEP][PASSED] - click: Object: 'Object Repository/Final Object Repo/New Registration - Registration Module Pages/Form 1/Sub Industry Code List - Growing of Maize' is clicked on

2018-12-12 15:30:28 - [MESSAGE][PASSED] - Object: 'Object Repository/Final Object Repo/New Registration - Registration Module Pages/Form 1/Sub Industry Code List - Growing of Maize' is clicked on

2018-12-12 15:30:28 - [TEST_STEP][PASSED] - setText: Text 'perkeso123@gmail.com' is set on object 'Object Repository/Final Object Repo/New Registration - Registration Module Pages/Form 1/Email'

2018-12-12 15:30:28 - [MESSAGE][PASSED] - Text 'perkeso123@gmail.com' is set on object 'Object Repository/Final Object Repo/New Registration - Registration Module Pages/Form 1/Email'

2018-12-12 15:30:28 - [TEST_STEP][PASSED] - click: Object: 'Object Repository/Final Object Repo/New Registration - Registration Module Pages/Form 1/Method of Contribution Payment' is clicked on

2018-12-12 15:30:29 - [MESSAGE][PASSED] - Object: 'Object Repository/Final Object Repo/New Registration - Registration Module Pages/Form 1/Method of Contribution Payment' is clicked on

2018-12-12 15:30:29 - [TEST_STEP][PASSED] - click: Object: 'Object Repository/Final Object Repo/New Registration - Registration Module Pages/Form 1/Method of Contribution Payment - Portal' is clicked on

2018-12-12 15:30:29 - [MESSAGE][PASSED] - Object: 'Object Repository/Final Object Repo/New Registration - Registration Module Pages/Form 1/Method of Contribution Payment - Portal' is clicked on

2018-12-12 15:30:29 - [TEST_STEP][PASSED] - click: Object: 'Object Repository/Final Object Repo/New Registration - Registration Module Pages/Form 1/Servide Type' is clicked on

2018-12-12 15:30:29 - [MESSAGE][PASSED] - Object: 'Object Repository/Final Object Repo/New Registration - Registration Module Pages/Form 1/Servide Type' is clicked on

2018-12-12 15:30:29 - [TEST_STEP][PASSED] - click: Object: 'Object Repository/Final Object Repo/New Registration - Registration Module Pages/Form 1/Servide Type - Professional Bodies' is clicked on

2018-12-12 15:30:29 - [MESSAGE][PASSED] - Object: 'Object Repository/Final Object Repo/New Registration - Registration Module Pages/Form 1/Servide Type - Professional Bodies' is clicked on

2018-12-12 15:30:29 - [TEST_STEP][PASSED] - click: Object: 'Object Repository/Final Object Repo/New Registration - Registration Module Pages/Form 1/Industry Venue' is clicked on

2018-12-12 15:30:29 - [MESSAGE][PASSED] - Object: 'Object Repository/Final Object Repo/New Registration - Registration Module Pages/Form 1/Industry Venue' is clicked on

2018-12-12 15:30:29 - [TEST_STEP][PASSED] - click: Object: 'Object Repository/Final Object Repo/New Registration - Registration Module Pages/Form 1/Industry Venue -  PPN JOHOR' is clicked on

2018-12-12 15:30:30 - [MESSAGE][PASSED] - Object: 'Object Repository/Final Object Repo/New Registration - Registration Module Pages/Form 1/Industry Venue -  PPN JOHOR' is clicked on

2018-12-12 15:30:30 - [TEST_STEP][PASSED] - click: Object: 'Object Repository/Final Object Repo/New Registration - Registration Module Pages/Form 1/Save  Continue' is clicked on

2018-12-12 15:30:30 - [MESSAGE][PASSED] - Object: 'Object Repository/Final Object Repo/New Registration - Registration Module Pages/Form 1/Save  Continue' is clicked on

2018-12-12 15:30:30 - [MESSAGE][PASSED] - Call Test Case 'Test Cases/Final Aug 2018 - PKS Automation/Registration Module/New Registration/Form 1/Form 1 - Other - Businss Representative' successfully

2018-12-12 15:30:30 - [TEST_STEP][PASSED] - callTestCase: Call Test Case 'Test Cases/Final Aug 2018 - PKS Automation/Registration Module/New Registration/Form 2/Add 2 Eligible 2 Not Eligible' successfully

2018-12-12 15:30:30 - [TEST_CASE][PASSED] - Test Cases/Final Aug 2018 - PKS Automation/Registration Module/New Registration/Form 2/Add 2 Eligible 2 Not Eligible: Test Cases/Final Aug 2018 - PKS Automation/Registration Module/New Registration/Form 2/Add 2 Eligible 2 Not Eligible

2018-12-12 15:30:30 - [TEST_STEP][PASSED] - delay: Delayed 2 second(s)

2018-12-12 15:30:32 - [MESSAGE][PASSED] - Delayed 2 second(s)

2018-12-12 15:30:32 - [TEST_STEP][PASSED] - callTestCase: Call Test Case 'Test Cases/Final Aug 2018 - PKS Automation/Registration Module/New Registration/Form 2/Date Updater' successfully

2018-12-12 15:30:32 - [TEST_CASE][PASSED] - Test Cases/Final Aug 2018 - PKS Automation/Registration Module/New Registration/Form 2/Date Updater: Test Cases/Final Aug 2018 - PKS Automation/Registration Module/New Registration/Form 2/Date Updater

2018-12-12 15:30:32 - [TEST_STEP][PASSED] - Statement - TodayDate = new java.util.Date(): null

2018-12-12 15:30:32 - [TEST_STEP][PASSED] - Statement - CurrentDateNoFilter = new java.text.SimpleDateFormat(): null

2018-12-12 15:30:32 - [TEST_STEP][PASSED] - Statement - CurrentDateNoFilter.applyPattern("MM"): null

2018-12-12 15:30:32 - [TEST_STEP][PASSED] - Statement - monthContainerMatcher = java.lang.Integer.parseInt(CurrentDateNoFilter.format(TodayDate)): null

2018-12-12 15:30:32 - [TEST_STEP][PASSED] - Statement - monthContainerMatcher = monthContainerMatcher - 1: null

2018-12-12 15:30:32 - [TEST_STEP][PASSED] - Statement - CurrentMonth = monthContainerMatcher.toString(): null

2018-12-12 15:30:32 - [TEST_STEP][PASSED] - Statement - CurrentMonth = CurrentMonth: null

2018-12-12 15:30:32 - [TEST_STEP][PASSED] - Statement - CurrentDateNoFilter.applyPattern("yyyy"): null

2018-12-12 15:30:32 - [TEST_STEP][PASSED] - Statement - CurrentYear = CurrentDateNoFilter.format(TodayDate): null

2018-12-12 15:30:32 - [TEST_STEP][PASSED] - Statement - CurrentYear = CurrentYear: null

2018-12-12 15:30:32 - [TEST_STEP][PASSED] - Statement - intCurrentYear = java.lang.Integer.parseInt(CurrentDateNoFilter.format(TodayDate)): null

2018-12-12 15:30:32 - [TEST_STEP][PASSED] - Statement - eighteenYrsAgo = intCurrentYear - 18: null

2018-12-12 15:30:32 - [TEST_STEP][PASSED] - Statement - eighteenYrsBeforeThisYr = eighteenYrsAgo.toString(): null

2018-12-12 15:30:32 - [TEST_STEP][PASSED] - Statement - EighteenYrsBefore = eighteenYrsBeforeThisYr: null

2018-12-12 15:30:32 - [TEST_STEP][PASSED] - Statement - fiftysevenYrsAgo = intCurrentYear - 57: null

2018-12-12 15:30:32 - [TEST_STEP][PASSED] - Statement - fiftysevenYrsBeforeThisYr = fiftysevenYrsAgo.toString(): null

2018-12-12 15:30:32 - [TEST_STEP][PASSED] - Statement - FiftysevenYrsBefore = fiftysevenYrsBeforeThisYr: null

2018-12-12 15:30:32 - [TEST_STEP][PASSED] - Statement - leapYear = false: null

2018-12-12 15:30:32 - [TEST_STEP][PASSED] - Statement - leapYear = intCurrentYear % 4 == 0: null

2018-12-12 15:30:32 - [TEST_STEP][PASSED] - Statement - CurrentDateNoFilter.applyPattern("dd"): null

2018-12-12 15:30:32 - [TEST_STEP][PASSED] - Statement - CurrentDate = CurrentDateNoFilter.format(TodayDate): null

2018-12-12 15:30:32 - [TEST_STEP][PASSED] - Statement - CurrentDate = java.lang.Integer.parseInt(CurrentDate): null

2018-12-12 15:30:32 - [TEST_STEP][PASSED] - Statement - CurrentDate = CurrentDate: null

2018-12-12 15:30:32 - [TEST_STEP][PASSED] - Statement - CurrentDay = java.lang.Integer.parseInt(CurrentDate): null

2018-12-12 15:30:32 - [TEST_STEP][PASSED] - Statement - ConfAdder = <not implemented yet for class: org.codehaus.groovy.ast.expr.EmptyExpression>: null

2018-12-12 15:30:32 - [TEST_STEP][PASSED] - Statement - out.println(CurrentMonth): null

2018-12-12 15:30:32 - [TEST_STEP][PASSED] - Statement - out.println(CurrentDate): null

2018-12-12 15:30:32 - [TEST_STEP][PASSED] - Statement - switch (CurrentDate): null

2018-12-12 15:30:32 - [TEST_STEP][PASSED] - Statement - Default: null

2018-12-12 15:30:32 - [TEST_STEP][PASSED] - Statement - ConfAdder = true: null

2018-12-12 15:30:32 - [TEST_STEP][PASSED] - Statement - Break: null

2018-12-12 15:30:32 - [TEST_STEP][PASSED] - Statement - aDayBefore = <not implemented yet for class: org.codehaus.groovy.ast.expr.EmptyExpression>: null

2018-12-12 15:30:32 - [TEST_STEP][PASSED] - Statement - out.println(ConfAdder): null

2018-12-12 15:30:32 - [TEST_STEP][PASSED] - Statement - If (ConfAdder == true): null

2018-12-12 15:30:32 - [TEST_STEP][PASSED] - Statement - aDayBefore = CurrentDay + 1: null

2018-12-12 15:30:32 - [TEST_STEP][PASSED] - Statement - out.println(aDayBefore): null

2018-12-12 15:30:32 - [TEST_STEP][PASSED] - Statement - If (aDayBefore == 1 && CurrentMonth == 11): null

2018-12-12 15:30:32 - [TEST_STEP][PASSED] - Statement - DayBefore = aDayBefore.toString(): null

2018-12-12 15:30:32 - [TEST_STEP][PASSED] - Statement - OneDayBefore = DayBefore: null

2018-12-12 15:30:32 - [MESSAGE][PASSED] - Call Test Case 'Test Cases/Final Aug 2018 - PKS Automation/Registration Module/New Registration/Form 2/Date Updater' successfully

2018-12-12 15:30:32 - [TEST_STEP][PASSED] - delay: Delayed 1 second(s)

2018-12-12 15:30:33 - [MESSAGE][PASSED] - Delayed 1 second(s)

2018-12-12 15:30:33 - [TEST_STEP][PASSED] - Statement - CaseReferenceNo = com.kms.katalon.core.webui.keyword.WebUiBuiltInKeywords.getText(com.kms.katalon.core.testobject.ObjectRepository.findTestObject(Final Object Repo/New Registration - Registration Module Pages/Form 2/RefNo Acquiring)): Text of object 'Object Repository/Final Object Repo/New Registration - Registration Module Pages/Form 2/RefNo Acquiring' is: 'CRN12201800123206'

2018-12-12 15:30:33 - [MESSAGE][PASSED] - Text of object 'Object Repository/Final Object Repo/New Registration - Registration Module Pages/Form 2/RefNo Acquiring' is: 'CRN12201800123206'

2018-12-12 15:30:33 - [TEST_STEP][PASSED] - delay: Delayed 1 second(s)

2018-12-12 15:30:34 - [MESSAGE][PASSED] - Delayed 1 second(s)

2018-12-12 15:30:34 - [TEST_STEP][PASSED] - click: Object: 'Object Repository/Final Object Repo/New Registration - Registration Module Pages/Form 2/Add Employee Button' is clicked on

2018-12-12 15:30:34 - [MESSAGE][PASSED] - Object: 'Object Repository/Final Object Repo/New Registration - Registration Module Pages/Form 2/Add Employee Button' is clicked on

2018-12-12 15:30:34 - [TEST_STEP][PASSED] - delay: Delayed 4 second(s)

2018-12-12 15:30:38 - [MESSAGE][PASSED] - Delayed 4 second(s)

2018-12-12 15:30:38 - [TEST_STEP][PASSED] - setText: Text '010903091927' is set on object 'Object Repository/Final Object Repo/New Registration - Registration Module Pages/Form 2/NRIC Input'

2018-12-12 15:30:39 - [MESSAGE][PASSED] - Text '010903091927' is set on object 'Object Repository/Final Object Repo/New Registration - Registration Module Pages/Form 2/NRIC Input'

2018-12-12 15:30:39 - [TEST_STEP][PASSED] - click: Object: 'Object Repository/Final Object Repo/New Registration - Registration Module Pages/Form 2/button for search for IC' is clicked on

2018-12-12 15:30:39 - [MESSAGE][PASSED] - Object: 'Object Repository/Final Object Repo/New Registration - Registration Module Pages/Form 2/button for search for IC' is clicked on

2018-12-12 15:30:39 - [TEST_STEP][PASSED] - delay: Delayed 2 second(s)

2018-12-12 15:30:41 - [MESSAGE][PASSED] - Delayed 2 second(s)

2018-12-12 15:30:41 - [TEST_STEP][PASSED] - setText: Text 'Automate001 eligible 1' is set on object 'Object Repository/Final Object Repo/New Registration - Registration Module Pages/Form 2/Employee Name Input'

2018-12-12 15:30:41 - [MESSAGE][PASSED] - Text 'Automate001 eligible 1' is set on object 'Object Repository/Final Object Repo/New Registration - Registration Module Pages/Form 2/Employee Name Input'

2018-12-12 15:30:41 - [TEST_STEP][PASSED] - delay: Delayed 2 second(s)

2018-12-12 15:30:43 - [MESSAGE][PASSED] - Delayed 2 second(s)

2018-12-12 15:30:43 - [TEST_STEP][PASSED] - click: Object: 'Object Repository/Final Object Repo/New Registration - Registration Module Pages/Form 2/DatePicker Pop Up' is clicked on

2018-12-12 15:30:44 - [MESSAGE][PASSED] - Object: 'Object Repository/Final Object Repo/New Registration - Registration Module Pages/Form 2/DatePicker Pop Up' is clicked on

2018-12-12 15:30:44 - [TEST_STEP][PASSED] - click: Object: 'Object Repository/Final Object Repo/New Registration - Registration Module Pages/Form 2/DOB Month' is clicked on

2018-12-12 15:30:44 - [MESSAGE][PASSED] - Object: 'Object Repository/Final Object Repo/New Registration - Registration Module Pages/Form 2/DOB Month' is clicked on

2018-12-12 15:30:44 - [TEST_STEP][PASSED] - Statement - CurrentMonth = CurrentMonth: null

2018-12-12 15:30:44 - [TEST_STEP][PASSED] - Statement - selectMonth = new com.kms.katalon.core.testobject.TestObject(): null

2018-12-12 15:30:44 - [TEST_STEP][PASSED] - Statement - selectMonth.addProperty("xpath", EQUALS, "//body/div/div/div/select/option[@value='" + CurrentMonth + "']", true): null

2018-12-12 15:30:44 - [TEST_STEP][PASSED] - click: Object: '' is clicked on

2018-12-12 15:30:44 - [MESSAGE][PASSED] - Object: '' is clicked on

2018-12-12 15:30:44 - [TEST_STEP][PASSED] - click: Object: 'Object Repository/Final Object Repo/New Registration - Registration Module Pages/Form 2/DOB Year' is clicked on

2018-12-12 15:30:44 - [MESSAGE][PASSED] - Object: 'Object Repository/Final Object Repo/New Registration - Registration Module Pages/Form 2/DOB Year' is clicked on

2018-12-12 15:30:44 - [TEST_STEP][PASSED] - Statement - Eyearsbf = EighteenYrsBefore: null

2018-12-12 15:30:44 - [TEST_STEP][PASSED] - Statement - selectYear = new com.kms.katalon.core.testobject.TestObject(): null

2018-12-12 15:30:44 - [TEST_STEP][PASSED] - Statement - selectYear.addProperty("xpath", EQUALS, "//div/div/div/select/option[@value='" + Eyearsbf + "']", true): null

2018-12-12 15:30:44 - [TEST_STEP][PASSED] - click: Object: '' is clicked on

2018-12-12 15:30:45 - [MESSAGE][PASSED] - Object: '' is clicked on

2018-12-12 15:30:45 - [TEST_STEP][PASSED] - Statement - UpdatedSelectDate = com.kms.katalon.core.webui.keyword.WebUiBuiltInKeywords.modifyObjectProperty(com.kms.katalon.core.testobject.ObjectRepository.findTestObject(Final Object Repo/New Registration - Registration Module Pages/Form 2/DOB Date), "xpath", "equals", "//body/div/table/tbody/tr/td/a[text()="" + CurrentDate + ""]", true): Modify property of object successfully

2018-12-12 15:30:45 - [MESSAGE][PASSED] - Modify property of object successfully

2018-12-12 15:30:45 - [TEST_STEP][PASSED] - delay: Delayed 3 second(s)

2018-12-12 15:30:48 - [MESSAGE][PASSED] - Delayed 3 second(s)

2018-12-12 15:30:48 - [TEST_STEP][PASSED] - click: Object: 'Object Repository/Final Object Repo/New Registration - Registration Module Pages/Form 2/DOB Date' is clicked on

2018-12-12 15:30:48 - [MESSAGE][PASSED] - Object: 'Object Repository/Final Object Repo/New Registration - Registration Module Pages/Form 2/DOB Date' is clicked on

2018-12-12 15:30:48 - [TEST_STEP][PASSED] - delay: Delayed 2 second(s)

2018-12-12 15:30:50 - [MESSAGE][PASSED] - Delayed 2 second(s)

2018-12-12 15:30:50 - [TEST_STEP][PASSED] - click: Object: 'Object Repository/Final Object Repo/New Registration - Registration Module Pages/Form 2/EmploymentStartDate Pop Up' is clicked on

2018-12-12 15:30:50 - [MESSAGE][PASSED] - Object: 'Object Repository/Final Object Repo/New Registration - Registration Module Pages/Form 2/EmploymentStartDate Pop Up' is clicked on

2018-12-12 15:30:50 - [TEST_STEP][PASSED] - delay: Delayed 2 second(s)

2018-12-12 15:30:52 - [MESSAGE][PASSED] - Delayed 2 second(s)

2018-12-12 15:30:52 - [TEST_STEP][PASSED] - click: Object: 'Object Repository/Final Object Repo/New Registration - Registration Module Pages/Form 2/Socso Employment StartDate Month' is clicked on

2018-12-12 15:30:52 - [MESSAGE][PASSED] - Object: 'Object Repository/Final Object Repo/New Registration - Registration Module Pages/Form 2/Socso Employment StartDate Month' is clicked on

2018-12-12 15:30:52 - [TEST_STEP][PASSED] - delay: Delayed 1 second(s)

2018-12-12 15:30:53 - [MESSAGE][PASSED] - Delayed 1 second(s)

2018-12-12 15:30:53 - [TEST_STEP][PASSED] - click: Object: 'Object Repository/Final Object Repo/New Registration - Registration Module Pages/Form 2/Select Socso Employement Startdate Month' is clicked on

2018-12-12 15:30:53 - [MESSAGE][PASSED] - Object: 'Object Repository/Final Object Repo/New Registration - Registration Module Pages/Form 2/Select Socso Employement Startdate Month' is clicked on

2018-12-12 15:30:53 - [TEST_STEP][PASSED] - delay: Delayed 2 second(s)

2018-12-12 15:30:55 - [MESSAGE][PASSED] - Delayed 2 second(s)

2018-12-12 15:30:55 - [TEST_STEP][PASSED] - click: Object: 'Object Repository/Final Object Repo/New Registration - Registration Module Pages/Form 2/Socso Employment StartDate Year' is clicked on

2018-12-12 15:30:55 - [MESSAGE][PASSED] - Object: 'Object Repository/Final Object Repo/New Registration - Registration Module Pages/Form 2/Socso Employment StartDate Year' is clicked on

2018-12-12 15:30:55 - [TEST_STEP][PASSED] - delay: Delayed 1 second(s)

2018-12-12 15:30:56 - [MESSAGE][PASSED] - Delayed 1 second(s)

2018-12-12 15:30:56 - [TEST_STEP][PASSED] - click: Object: 'Object Repository/Final Object Repo/New Registration - Registration Module Pages/Form 2/Select Socso Employment Startdate Year' is clicked on

2018-12-12 15:30:57 - [MESSAGE][PASSED] - Object: 'Object Repository/Final Object Repo/New Registration - Registration Module Pages/Form 2/Select Socso Employment Startdate Year' is clicked on

2018-12-12 15:30:57 - [TEST_STEP][PASSED] - delay: Delayed 2 second(s)

2018-12-12 15:30:59 - [MESSAGE][PASSED] - Delayed 2 second(s)

2018-12-12 15:30:59 - [TEST_STEP][PASSED] - click: Object: 'Object Repository/Final Object Repo/New Registration - Registration Module Pages/Form 2/Socso Employment Start Date Day' is clicked on

2018-12-12 15:30:59 - [MESSAGE][PASSED] - Object: 'Object Repository/Final Object Repo/New Registration - Registration Module Pages/Form 2/Socso Employment Start Date Day' is clicked on

2018-12-12 15:30:59 - [TEST_STEP][PASSED] - delay: Delayed 2 second(s)

2018-12-12 15:31:01 - [MESSAGE][PASSED] - Delayed 2 second(s)

2018-12-12 15:31:01 - [TEST_STEP][PASSED] - click: Object: 'Object Repository/Final Object Repo/New Registration - Registration Module Pages/Form 2/Save Button for Add Employee' is clicked on

2018-12-12 15:31:01 - [MESSAGE][PASSED] - Object: 'Object Repository/Final Object Repo/New Registration - Registration Module Pages/Form 2/Save Button for Add Employee' is clicked on

2018-12-12 15:31:01 - [TEST_STEP][PASSED] - delay: Delayed 6 second(s)

2018-12-12 15:31:07 - [MESSAGE][PASSED] - Delayed 6 second(s)

2018-12-12 15:31:07 - [TEST_STEP][PASSED] - click: Object: 'Object Repository/Final Object Repo/New Registration - Registration Module Pages/Form 2/Add Employee Button' is clicked on

2018-12-12 15:31:07 - [MESSAGE][PASSED] - Object: 'Object Repository/Final Object Repo/New Registration - Registration Module Pages/Form 2/Add Employee Button' is clicked on

2018-12-12 15:31:07 - [TEST_STEP][PASSED] - delay: Delayed 4 second(s)

2018-12-12 15:31:11 - [MESSAGE][PASSED] - Delayed 4 second(s)

2018-12-12 15:31:11 - [TEST_STEP][PASSED] - setText: Text '620904059691' is set on object 'Object Repository/Final Object Repo/New Registration - Registration Module Pages/Form 2/NRIC Input'

2018-12-12 15:31:12 - [MESSAGE][PASSED] - Text '620904059691' is set on object 'Object Repository/Final Object Repo/New Registration - Registration Module Pages/Form 2/NRIC Input'

2018-12-12 15:31:12 - [TEST_STEP][PASSED] - click: Object: 'Object Repository/Final Object Repo/New Registration - Registration Module Pages/Form 2/button for search for IC' is clicked on

2018-12-12 15:31:12 - [MESSAGE][PASSED] - Object: 'Object Repository/Final Object Repo/New Registration - Registration Module Pages/Form 2/button for search for IC' is clicked on

2018-12-12 15:31:12 - [TEST_STEP][PASSED] - delay: Delayed 2 second(s)

2018-12-12 15:31:14 - [MESSAGE][PASSED] - Delayed 2 second(s)

2018-12-12 15:31:14 - [TEST_STEP][PASSED] - setText: Text 'Automate001 eligible 2' is set on object 'Object Repository/Final Object Repo/New Registration - Registration Module Pages/Form 2/Employee Name Input'

2018-12-12 15:31:14 - [MESSAGE][PASSED] - Text 'Automate001 eligible 2' is set on object 'Object Repository/Final Object Repo/New Registration - Registration Module Pages/Form 2/Employee Name Input'

2018-12-12 15:31:14 - [TEST_STEP][PASSED] - delay: Delayed 2 second(s)

2018-12-12 15:31:16 - [MESSAGE][PASSED] - Delayed 2 second(s)

2018-12-12 15:31:16 - [TEST_STEP][PASSED] - click: Object: 'Object Repository/Final Object Repo/New Registration - Registration Module Pages/Form 2/DatePicker Pop Up' is clicked on

2018-12-12 15:31:16 - [MESSAGE][PASSED] - Object: 'Object Repository/Final Object Repo/New Registration - Registration Module Pages/Form 2/DatePicker Pop Up' is clicked on

2018-12-12 15:31:16 - [TEST_STEP][PASSED] - delay: Delayed 2 second(s)

2018-12-12 15:31:18 - [MESSAGE][PASSED] - Delayed 2 second(s)

2018-12-12 15:31:18 - [TEST_STEP][PASSED] - click: Object: 'Object Repository/Final Object Repo/New Registration - Registration Module Pages/Form 2/DOB Month' is clicked on

2018-12-12 15:31:19 - [MESSAGE][PASSED] - Object: 'Object Repository/Final Object Repo/New Registration - Registration Module Pages/Form 2/DOB Month' is clicked on

2018-12-12 15:31:19 - [TEST_STEP][PASSED] - Statement - selectMonth = com.kms.katalon.core.webui.keyword.WebUiBuiltInKeywords.modifyObjectProperty(selectMonth, "xpath", "equals", "//body/div/div/div/select/option[@value="" + CurrentMonth + ""]", true): Modify property of object successfully

2018-12-12 15:31:19 - [MESSAGE][PASSED] - Modify property of object successfully

2018-12-12 15:31:19 - [TEST_STEP][PASSED] - click: Object: '' is clicked on

2018-12-12 15:31:19 - [MESSAGE][PASSED] - Object: '' is clicked on

2018-12-12 15:31:19 - [TEST_STEP][PASSED] - click: Object: 'Object Repository/Final Object Repo/New Registration - Registration Module Pages/Form 2/DOB Year' is clicked on

2018-12-12 15:31:19 - [MESSAGE][PASSED] - Object: 'Object Repository/Final Object Repo/New Registration - Registration Module Pages/Form 2/DOB Year' is clicked on

2018-12-12 15:31:19 - [TEST_STEP][PASSED] - Statement - selectYear = com.kms.katalon.core.webui.keyword.WebUiBuiltInKeywords.modifyObjectProperty(selectYear, "xpath", "equals", "//div/div/div/select/option[@value="" + FiftysevenYrsBefore + ""]", true): Modify property of object successfully

2018-12-12 15:31:19 - [MESSAGE][PASSED] - Modify property of object successfully

2018-12-12 15:31:19 - [TEST_STEP][PASSED] - click: Object: '' is clicked on

2018-12-12 15:31:19 - [MESSAGE][PASSED] - Object: '' is clicked on

2018-12-12 15:31:19 - [TEST_STEP][PASSED] - Statement - UpdatedSelectDate = com.kms.katalon.core.webui.keyword.WebUiBuiltInKeywords.modifyObjectProperty(com.kms.katalon.core.testobject.ObjectRepository.findTestObject(Final Object Repo/New Registration - Registration Module Pages/Form 2/DOB Date), "xpath", "equals", "//body/div/table/tbody/tr/td/a[text()="" + OneDayBefore + ""]", true): Modify property of object successfully

2018-12-12 15:31:19 - [MESSAGE][PASSED] - Modify property of object successfully

2018-12-12 15:31:19 - [TEST_STEP][PASSED] - click: Object: 'Object Repository/Final Object Repo/New Registration - Registration Module Pages/Form 2/DOB Date' is clicked on

2018-12-12 15:31:19 - [MESSAGE][PASSED] - Object: 'Object Repository/Final Object Repo/New Registration - Registration Module Pages/Form 2/DOB Date' is clicked on

2018-12-12 15:31:19 - [TEST_STEP][PASSED] - delay: Delayed 2 second(s)

2018-12-12 15:31:21 - [MESSAGE][PASSED] - Delayed 2 second(s)

2018-12-12 15:31:21 - [TEST_STEP][PASSED] - click: Object: 'Object Repository/Final Object Repo/New Registration - Registration Module Pages/Form 2/EmploymentStartDate Pop Up' is clicked on

2018-12-12 15:31:21 - [MESSAGE][PASSED] - Object: 'Object Repository/Final Object Repo/New Registration - Registration Module Pages/Form 2/EmploymentStartDate Pop Up' is clicked on

2018-12-12 15:31:21 - [TEST_STEP][PASSED] - delay: Delayed 2 second(s)

2018-12-12 15:31:23 - [MESSAGE][PASSED] - Delayed 2 second(s)

2018-12-12 15:31:23 - [TEST_STEP][PASSED] - click: Object: 'Object Repository/Final Object Repo/New Registration - Registration Module Pages/Form 2/Socso Employment StartDate Month' is clicked on

2018-12-12 15:31:23 - [MESSAGE][PASSED] - Object: 'Object Repository/Final Object Repo/New Registration - Registration Module Pages/Form 2/Socso Employment StartDate Month' is clicked on

2018-12-12 15:31:23 - [TEST_STEP][PASSED] - delay: Delayed 1 second(s)

2018-12-12 15:31:24 - [MESSAGE][PASSED] - Delayed 1 second(s)

2018-12-12 15:31:24 - [TEST_STEP][PASSED] - click: Object: 'Object Repository/Final Object Repo/New Registration - Registration Module Pages/Form 2/Select Socso Employement Startdate Month' is clicked on

2018-12-12 15:31:25 - [MESSAGE][PASSED] - Object: 'Object Repository/Final Object Repo/New Registration - Registration Module Pages/Form 2/Select Socso Employement Startdate Month' is clicked on

2018-12-12 15:31:25 - [TEST_STEP][PASSED] - delay: Delayed 2 second(s)

2018-12-12 15:31:27 - [MESSAGE][PASSED] - Delayed 2 second(s)

2018-12-12 15:31:27 - [TEST_STEP][PASSED] - click: Object: 'Object Repository/Final Object Repo/New Registration - Registration Module Pages/Form 2/Socso Employment StartDate Year' is clicked on

2018-12-12 15:31:27 - [MESSAGE][PASSED] - Object: 'Object Repository/Final Object Repo/New Registration - Registration Module Pages/Form 2/Socso Employment StartDate Year' is clicked on

2018-12-12 15:31:27 - [TEST_STEP][PASSED] - delay: Delayed 1 second(s)

2018-12-12 15:31:28 - [MESSAGE][PASSED] - Delayed 1 second(s)

2018-12-12 15:31:28 - [TEST_STEP][PASSED] - click: Object: 'Object Repository/Final Object Repo/New Registration - Registration Module Pages/Form 2/Select Socso Employment Startdate Year' is clicked on

2018-12-12 15:31:28 - [MESSAGE][PASSED] - Object: 'Object Repository/Final Object Repo/New Registration - Registration Module Pages/Form 2/Select Socso Employment Startdate Year' is clicked on

2018-12-12 15:31:28 - [TEST_STEP][PASSED] - delay: Delayed 2 second(s)

2018-12-12 15:31:30 - [MESSAGE][PASSED] - Delayed 2 second(s)

2018-12-12 15:31:30 - [TEST_STEP][PASSED] - click: Object: 'Object Repository/Final Object Repo/New Registration - Registration Module Pages/Form 2/Socso Employment Start Date Day' is clicked on

2018-12-12 15:31:30 - [MESSAGE][PASSED] - Object: 'Object Repository/Final Object Repo/New Registration - Registration Module Pages/Form 2/Socso Employment Start Date Day' is clicked on

2018-12-12 15:31:30 - [TEST_STEP][PASSED] - delay: Delayed 2 second(s)

2018-12-12 15:31:32 - [MESSAGE][PASSED] - Delayed 2 second(s)

2018-12-12 15:31:32 - [TEST_STEP][PASSED] - click: Object: 'Object Repository/Final Object Repo/New Registration - Registration Module Pages/Form 2/Save Button for Add Employee' is clicked on

2018-12-12 15:31:32 - [MESSAGE][PASSED] - Object: 'Object Repository/Final Object Repo/New Registration - Registration Module Pages/Form 2/Save Button for Add Employee' is clicked on

2018-12-12 15:31:32 - [TEST_STEP][PASSED] - delay: Delayed 4 second(s)

2018-12-12 15:31:36 - [MESSAGE][PASSED] - Delayed 4 second(s)

2018-12-12 15:31:36 - [TEST_STEP][PASSED] - delay: Delayed 30 second(s)

2018-12-12 15:32:06 - [MESSAGE][PASSED] - Delayed 30 second(s)

2018-12-12 15:32:06 - [TEST_STEP][PASSED] - click: Object: 'Object Repository/Final Object Repo/New Registration - Registration Module Pages/Form 2/Add Employee Button' is clicked on

2018-12-12 15:32:07 - [MESSAGE][PASSED] - Object: 'Object Repository/Final Object Repo/New Registration - Registration Module Pages/Form 2/Add Employee Button' is clicked on

2018-12-12 15:32:07 - [TEST_STEP][PASSED] - delay: Delayed 4 second(s)

2018-12-12 15:32:11 - [MESSAGE][PASSED] - Delayed 4 second(s)

2018-12-12 15:32:11 - [TEST_STEP][PASSED] - setText: Text '000209039145' is set on object 'Object Repository/Final Object Repo/New Registration - Registration Module Pages/Form 2/NRIC Input'

2018-12-12 15:32:11 - [MESSAGE][PASSED] - Text '000209039145' is set on object 'Object Repository/Final Object Repo/New Registration - Registration Module Pages/Form 2/NRIC Input'

2018-12-12 15:32:11 - [TEST_STEP][PASSED] - click: Object: 'Object Repository/Final Object Repo/New Registration - Registration Module Pages/Form 2/button for search for IC' is clicked on

2018-12-12 15:32:11 - [MESSAGE][PASSED] - Object: 'Object Repository/Final Object Repo/New Registration - Registration Module Pages/Form 2/button for search for IC' is clicked on

2018-12-12 15:32:11 - [TEST_STEP][PASSED] - delay: Delayed 2 second(s)

2018-12-12 15:32:13 - [MESSAGE][PASSED] - Delayed 2 second(s)

2018-12-12 15:32:13 - [TEST_STEP][PASSED] - setText: Text 'Automate001 not eligible 1' is set on object 'Object Repository/Final Object Repo/New Registration - Registration Module Pages/Form 2/Employee Name Input'

2018-12-12 15:32:14 - [MESSAGE][PASSED] - Text 'Automate001 not eligible 1' is set on object 'Object Repository/Final Object Repo/New Registration - Registration Module Pages/Form 2/Employee Name Input'

2018-12-12 15:32:14 - [TEST_STEP][PASSED] - delay: Delayed 2 second(s)

2018-12-12 15:32:16 - [MESSAGE][PASSED] - Delayed 2 second(s)

2018-12-12 15:32:16 - [TEST_STEP][PASSED] - click: Object: 'Object Repository/Final Object Repo/New Registration - Registration Module Pages/Form 2/DatePicker Pop Up' is clicked on

2018-12-12 15:32:16 - [MESSAGE][PASSED] - Object: 'Object Repository/Final Object Repo/New Registration - Registration Module Pages/Form 2/DatePicker Pop Up' is clicked on

2018-12-12 15:32:16 - [TEST_STEP][PASSED] - delay: Delayed 2 second(s)

2018-12-12 15:32:18 - [MESSAGE][PASSED] - Delayed 2 second(s)

2018-12-12 15:32:18 - [TEST_STEP][PASSED] - click: Object: 'Object Repository/Final Object Repo/New Registration - Registration Module Pages/Form 2/DOB Month' is clicked on

2018-12-12 15:32:18 - [MESSAGE][PASSED] - Object: 'Object Repository/Final Object Repo/New Registration - Registration Module Pages/Form 2/DOB Month' is clicked on

2018-12-12 15:32:18 - [TEST_STEP][PASSED] - Statement - selectMonth = com.kms.katalon.core.webui.keyword.WebUiBuiltInKeywords.modifyObjectProperty(selectMonth, "xpath", "equals", "//body/div/div/div/select/option[@value="" + CurrentMonth + ""]", true): Modify property of object successfully

2018-12-12 15:32:18 - [MESSAGE][PASSED] - Modify property of object successfully

2018-12-12 15:32:18 - [TEST_STEP][PASSED] - click: Object: '' is clicked on

2018-12-12 15:32:18 - [MESSAGE][PASSED] - Object: '' is clicked on

2018-12-12 15:32:18 - [TEST_STEP][PASSED] - click: Object: 'Object Repository/Final Object Repo/New Registration - Registration Module Pages/Form 2/DOB Year' is clicked on

2018-12-12 15:32:18 - [MESSAGE][PASSED] - Object: 'Object Repository/Final Object Repo/New Registration - Registration Module Pages/Form 2/DOB Year' is clicked on

2018-12-12 15:32:18 - [TEST_STEP][PASSED] - Statement - selectYear = com.kms.katalon.core.webui.keyword.WebUiBuiltInKeywords.modifyObjectProperty(selectYear, "xpath", "equals", "//div/div/div/select/option[@value="" + EighteenYrsBefore + ""]", true): Modify property of object successfully

2018-12-12 15:32:18 - [MESSAGE][PASSED] - Modify property of object successfully

2018-12-12 15:32:18 - [TEST_STEP][PASSED] - click: Object: '' is clicked on

2018-12-12 15:32:18 - [MESSAGE][PASSED] - Object: '' is clicked on

2018-12-12 15:32:18 - [TEST_STEP][PASSED] - Statement - UpdatedSelectDate = com.kms.katalon.core.webui.keyword.WebUiBuiltInKeywords.modifyObjectProperty(com.kms.katalon.core.testobject.ObjectRepository.findTestObject(Final Object Repo/New Registration - Registration Module Pages/Form 2/DOB Date), "xpath", "equals", "//body/div/table/tbody/tr/td/a[text()="" + OneDayBefore + ""]", true): Modify property of object successfully

2018-12-12 15:32:18 - [MESSAGE][PASSED] - Modify property of object successfully

2018-12-12 15:32:18 - [TEST_STEP][PASSED] - click: Object: 'Object Repository/Final Object Repo/New Registration - Registration Module Pages/Form 2/DOB Date' is clicked on

2018-12-12 15:32:19 - [MESSAGE][PASSED] - Object: 'Object Repository/Final Object Repo/New Registration - Registration Module Pages/Form 2/DOB Date' is clicked on

2018-12-12 15:32:19 - [TEST_STEP][PASSED] - delay: Delayed 2 second(s)

2018-12-12 15:32:21 - [MESSAGE][PASSED] - Delayed 2 second(s)

2018-12-12 15:32:21 - [TEST_STEP][PASSED] - click: Object: 'Object Repository/Final Object Repo/New Registration - Registration Module Pages/Form 2/EmploymentStartDate Pop Up' is clicked on

2018-12-12 15:32:21 - [MESSAGE][PASSED] - Object: 'Object Repository/Final Object Repo/New Registration - Registration Module Pages/Form 2/EmploymentStartDate Pop Up' is clicked on

2018-12-12 15:32:21 - [TEST_STEP][PASSED] - delay: Delayed 2 second(s)

2018-12-12 15:32:23 - [MESSAGE][PASSED] - Delayed 2 second(s)

2018-12-12 15:32:23 - [TEST_STEP][PASSED] - click: Object: 'Object Repository/Final Object Repo/New Registration - Registration Module Pages/Form 2/Socso Employment StartDate Month' is clicked on

2018-12-12 15:32:23 - [MESSAGE][PASSED] - Object: 'Object Repository/Final Object Repo/New Registration - Registration Module Pages/Form 2/Socso Employment StartDate Month' is clicked on

2018-12-12 15:32:23 - [TEST_STEP][PASSED] - delay: Delayed 1 second(s)

2018-12-12 15:32:24 - [MESSAGE][PASSED] - Delayed 1 second(s)

2018-12-12 15:32:24 - [TEST_STEP][PASSED] - click: Object: 'Object Repository/Final Object Repo/New Registration - Registration Module Pages/Form 2/Select Socso Employement Startdate Month' is clicked on

2018-12-12 15:32:24 - [MESSAGE][PASSED] - Object: 'Object Repository/Final Object Repo/New Registration - Registration Module Pages/Form 2/Select Socso Employement Startdate Month' is clicked on

2018-12-12 15:32:24 - [TEST_STEP][PASSED] - delay: Delayed 2 second(s)

2018-12-12 15:32:26 - [MESSAGE][PASSED] - Delayed 2 second(s)

2018-12-12 15:32:26 - [TEST_STEP][PASSED] - click: Object: 'Object Repository/Final Object Repo/New Registration - Registration Module Pages/Form 2/Socso Employment StartDate Year' is clicked on

2018-12-12 15:32:26 - [MESSAGE][PASSED] - Object: 'Object Repository/Final Object Repo/New Registration - Registration Module Pages/Form 2/Socso Employment StartDate Year' is clicked on

2018-12-12 15:32:26 - [TEST_STEP][PASSED] - delay: Delayed 1 second(s)

2018-12-12 15:32:27 - [MESSAGE][PASSED] - Delayed 1 second(s)

2018-12-12 15:32:27 - [TEST_STEP][PASSED] - click: Object: 'Object Repository/Final Object Repo/New Registration - Registration Module Pages/Form 2/Select Socso Employment Startdate Year' is clicked on

2018-12-12 15:32:27 - [MESSAGE][PASSED] - Object: 'Object Repository/Final Object Repo/New Registration - Registration Module Pages/Form 2/Select Socso Employment Startdate Year' is clicked on

2018-12-12 15:32:27 - [TEST_STEP][PASSED] - delay: Delayed 2 second(s)

2018-12-12 15:32:29 - [MESSAGE][PASSED] - Delayed 2 second(s)

2018-12-12 15:32:29 - [TEST_STEP][PASSED] - click: Object: 'Object Repository/Final Object Repo/New Registration - Registration Module Pages/Form 2/Socso Employment Start Date Day' is clicked on

2018-12-12 15:32:30 - [MESSAGE][PASSED] - Object: 'Object Repository/Final Object Repo/New Registration - Registration Module Pages/Form 2/Socso Employment Start Date Day' is clicked on

2018-12-12 15:32:30 - [TEST_STEP][PASSED] - delay: Delayed 2 second(s)

2018-12-12 15:32:32 - [MESSAGE][PASSED] - Delayed 2 second(s)

2018-12-12 15:32:32 - [TEST_STEP][PASSED] - click: Object: 'Object Repository/Final Object Repo/New Registration - Registration Module Pages/Form 2/Save Button for Add Employee' is clicked on

2018-12-12 15:32:32 - [MESSAGE][PASSED] - Object: 'Object Repository/Final Object Repo/New Registration - Registration Module Pages/Form 2/Save Button for Add Employee' is clicked on

2018-12-12 15:32:32 - [TEST_STEP][PASSED] - delay: Delayed 6 second(s)

2018-12-12 15:32:38 - [MESSAGE][PASSED] - Delayed 6 second(s)

2018-12-12 15:32:38 - [TEST_STEP][PASSED] - click: Object: 'Object Repository/Final Object Repo/New Registration - Registration Module Pages/Form 2/Add Employee Button' is clicked on

2018-12-12 15:32:38 - [MESSAGE][PASSED] - Object: 'Object Repository/Final Object Repo/New Registration - Registration Module Pages/Form 2/Add Employee Button' is clicked on

2018-12-12 15:32:38 - [TEST_STEP][PASSED] - delay: Delayed 4 second(s)

2018-12-12 15:32:42 - [MESSAGE][PASSED] - Delayed 4 second(s)

2018-12-12 15:32:42 - [TEST_STEP][PASSED] - setText: Text '600203039154' is set on object 'Object Repository/Final Object Repo/New Registration - Registration Module Pages/Form 2/NRIC Input'

2018-12-12 15:32:42 - [MESSAGE][PASSED] - Text '600203039154' is set on object 'Object Repository/Final Object Repo/New Registration - Registration Module Pages/Form 2/NRIC Input'

2018-12-12 15:32:42 - [TEST_STEP][PASSED] - click: Object: 'Object Repository/Final Object Repo/New Registration - Registration Module Pages/Form 2/button for search for IC' is clicked on

2018-12-12 15:32:43 - [MESSAGE][PASSED] - Object: 'Object Repository/Final Object Repo/New Registration - Registration Module Pages/Form 2/button for search for IC' is clicked on

2018-12-12 15:32:43 - [TEST_STEP][PASSED] - delay: Delayed 2 second(s)

2018-12-12 15:32:45 - [MESSAGE][PASSED] - Delayed 2 second(s)

2018-12-12 15:32:45 - [TEST_STEP][PASSED] - setText: Text 'Automate001 not eligible 2' is set on object 'Object Repository/Final Object Repo/New Registration - Registration Module Pages/Form 2/Employee Name Input'

2018-12-12 15:32:45 - [MESSAGE][PASSED] - Text 'Automate001 not eligible 2' is set on object 'Object Repository/Final Object Repo/New Registration - Registration Module Pages/Form 2/Employee Name Input'

2018-12-12 15:32:45 - [TEST_STEP][PASSED] - delay: Delayed 2 second(s)

2018-12-12 15:32:47 - [MESSAGE][PASSED] - Delayed 2 second(s)

2018-12-12 15:32:47 - [TEST_STEP][PASSED] - click: Object: 'Object Repository/Final Object Repo/New Registration - Registration Module Pages/Form 2/DatePicker Pop Up' is clicked on

2018-12-12 15:32:47 - [MESSAGE][PASSED] - Object: 'Object Repository/Final Object Repo/New Registration - Registration Module Pages/Form 2/DatePicker Pop Up' is clicked on

2018-12-12 15:32:47 - [TEST_STEP][PASSED] - delay: Delayed 2 second(s)

2018-12-12 15:32:49 - [MESSAGE][PASSED] - Delayed 2 second(s)

2018-12-12 15:32:49 - [TEST_STEP][PASSED] - click: Object: 'Object Repository/Final Object Repo/New Registration - Registration Module Pages/Form 2/DOB Month' is clicked on

2018-12-12 15:32:49 - [MESSAGE][PASSED] - Object: 'Object Repository/Final Object Repo/New Registration - Registration Module Pages/Form 2/DOB Month' is clicked on

2018-12-12 15:32:49 - [TEST_STEP][PASSED] - Statement - selectMonth = com.kms.katalon.core.webui.keyword.WebUiBuiltInKeywords.modifyObjectProperty(selectMonth, "xpath", "equals", "//body/div/div/div/select/option[@value="" + CurrentMonth + ""]", true): Modify property of object successfully

2018-12-12 15:32:49 - [MESSAGE][PASSED] - Modify property of object successfully

2018-12-12 15:32:49 - [TEST_STEP][PASSED] - click: Object: '' is clicked on

2018-12-12 15:32:50 - [MESSAGE][PASSED] - Object: '' is clicked on

2018-12-12 15:32:50 - [TEST_STEP][PASSED] - click: Object: 'Object Repository/Final Object Repo/New Registration - Registration Module Pages/Form 2/DOB Year' is clicked on

2018-12-12 15:32:50 - [MESSAGE][PASSED] - Object: 'Object Repository/Final Object Repo/New Registration - Registration Module Pages/Form 2/DOB Year' is clicked on

2018-12-12 15:32:50 - [TEST_STEP][PASSED] - Statement - selectYear = com.kms.katalon.core.webui.keyword.WebUiBuiltInKeywords.modifyObjectProperty(selectYear, "xpath", "equals", "//div/div/div/select/option[@value="" + FiftysevenYrsBefore + ""]", true): Modify property of object successfully

2018-12-12 15:32:50 - [MESSAGE][PASSED] - Modify property of object successfully

2018-12-12 15:32:50 - [TEST_STEP][PASSED] - click: Object: '' is clicked on

2018-12-12 15:32:50 - [MESSAGE][PASSED] - Object: '' is clicked on

2018-12-12 15:32:50 - [TEST_STEP][PASSED] - Statement - UpdatedSelectDate = com.kms.katalon.core.webui.keyword.WebUiBuiltInKeywords.modifyObjectProperty(com.kms.katalon.core.testobject.ObjectRepository.findTestObject(Final Object Repo/New Registration - Registration Module Pages/Form 2/DOB Date), "xpath", "equals", "//body/div/table/tbody/tr/td/a[text()="" + CurrentDate + ""]", true): Modify property of object successfully

2018-12-12 15:32:50 - [MESSAGE][PASSED] - Modify property of object successfully

2018-12-12 15:32:50 - [TEST_STEP][PASSED] - click: Object: 'Object Repository/Final Object Repo/New Registration - Registration Module Pages/Form 2/DOB Date' is clicked on

2018-12-12 15:32:50 - [MESSAGE][PASSED] - Object: 'Object Repository/Final Object Repo/New Registration - Registration Module Pages/Form 2/DOB Date' is clicked on

2018-12-12 15:32:50 - [TEST_STEP][PASSED] - click: Object: 'Object Repository/Final Object Repo/New Registration - Registration Module Pages/Form 2/EmploymentStartDate Pop Up' is clicked on

2018-12-12 15:32:50 - [MESSAGE][PASSED] - Object: 'Object Repository/Final Object Repo/New Registration - Registration Module Pages/Form 2/EmploymentStartDate Pop Up' is clicked on

2018-12-12 15:32:50 - [TEST_STEP][PASSED] - delay: Delayed 2 second(s)

2018-12-12 15:32:52 - [MESSAGE][PASSED] - Delayed 2 second(s)

2018-12-12 15:32:52 - [TEST_STEP][PASSED] - click: Object: 'Object Repository/Final Object Repo/New Registration - Registration Module Pages/Form 2/Socso Employment StartDate Month' is clicked on

2018-12-12 15:32:52 - [MESSAGE][PASSED] - Object: 'Object Repository/Final Object Repo/New Registration - Registration Module Pages/Form 2/Socso Employment StartDate Month' is clicked on

2018-12-12 15:32:52 - [TEST_STEP][PASSED] - delay: Delayed 1 second(s)

2018-12-12 15:32:53 - [MESSAGE][PASSED] - Delayed 1 second(s)

2018-12-12 15:32:53 - [TEST_STEP][PASSED] - click: Object: 'Object Repository/Final Object Repo/New Registration - Registration Module Pages/Form 2/Select Socso Employement Startdate Month' is clicked on

2018-12-12 15:32:54 - [MESSAGE][PASSED] - Object: 'Object Repository/Final Object Repo/New Registration - Registration Module Pages/Form 2/Select Socso Employement Startdate Month' is clicked on

2018-12-12 15:32:54 - [TEST_STEP][PASSED] - delay: Delayed 2 second(s)

2018-12-12 15:32:56 - [MESSAGE][PASSED] - Delayed 2 second(s)

2018-12-12 15:32:56 - [TEST_STEP][PASSED] - click: Object: 'Object Repository/Final Object Repo/New Registration - Registration Module Pages/Form 2/Socso Employment StartDate Year' is clicked on

2018-12-12 15:32:56 - [MESSAGE][PASSED] - Object: 'Object Repository/Final Object Repo/New Registration - Registration Module Pages/Form 2/Socso Employment StartDate Year' is clicked on

2018-12-12 15:32:56 - [TEST_STEP][PASSED] - delay: Delayed 1 second(s)

2018-12-12 15:32:57 - [MESSAGE][PASSED] - Delayed 1 second(s)

2018-12-12 15:32:57 - [TEST_STEP][PASSED] - click: Object: 'Object Repository/Final Object Repo/New Registration - Registration Module Pages/Form 2/Select Socso Employment Startdate Year' is clicked on

2018-12-12 15:32:57 - [MESSAGE][PASSED] - Object: 'Object Repository/Final Object Repo/New Registration - Registration Module Pages/Form 2/Select Socso Employment Startdate Year' is clicked on

2018-12-12 15:32:57 - [TEST_STEP][PASSED] - delay: Delayed 2 second(s)

2018-12-12 15:32:59 - [MESSAGE][PASSED] - Delayed 2 second(s)

2018-12-12 15:32:59 - [TEST_STEP][PASSED] - click: Object: 'Object Repository/Final Object Repo/New Registration - Registration Module Pages/Form 2/Socso Employment Start Date Day' is clicked on

2018-12-12 15:32:59 - [MESSAGE][PASSED] - Object: 'Object Repository/Final Object Repo/New Registration - Registration Module Pages/Form 2/Socso Employment Start Date Day' is clicked on

2018-12-12 15:32:59 - [TEST_STEP][PASSED] - delay: Delayed 2 second(s)

2018-12-12 15:33:01 - [MESSAGE][PASSED] - Delayed 2 second(s)

2018-12-12 15:33:01 - [TEST_STEP][PASSED] - click: Object: 'Object Repository/Final Object Repo/New Registration - Registration Module Pages/Form 2/Save Button for Add Employee' is clicked on

2018-12-12 15:33:01 - [MESSAGE][PASSED] - Object: 'Object Repository/Final Object Repo/New Registration - Registration Module Pages/Form 2/Save Button for Add Employee' is clicked on

2018-12-12 15:33:01 - [TEST_STEP][PASSED] - delay: Delayed 2 second(s)

2018-12-12 15:33:03 - [MESSAGE][PASSED] - Delayed 2 second(s)

2018-12-12 15:33:03 - [TEST_STEP][PASSED] - click: Object: 'Object Repository/Final Object Repo/New Registration - Registration Module Pages/Form 2/Save and Continue Form 2' is clicked on

2018-12-12 15:33:04 - [MESSAGE][PASSED] - Object: 'Object Repository/Final Object Repo/New Registration - Registration Module Pages/Form 2/Save and Continue Form 2' is clicked on

2018-12-12 15:33:04 - [MESSAGE][PASSED] - Call Test Case 'Test Cases/Final Aug 2018 - PKS Automation/Registration Module/New Registration/Form 2/Add 2 Eligible 2 Not Eligible' successfully

2018-12-12 15:33:04 - [TEST_STEP][PASSED] - callTestCase: Call Test Case 'Test Cases/Final Aug 2018 - PKS Automation/Registration Module/New Registration/Flow of New Registration/Third Screen - Upload Supporting Doc - Preview' successfully

2018-12-12 15:33:04 - [TEST_CASE][PASSED] - Test Cases/Final Aug 2018 - PKS Automation/Registration Module/New Registration/Flow of New Registration/Third Screen - Upload Supporting Doc - Preview: Test Cases/Final Aug 2018 - PKS Automation/Registration Module/New Registration/Flow of New Registration/Third Screen - Upload Supporting Doc - Preview

2018-12-12 15:33:04 - [TEST_STEP][PASSED] - waitForPageLoad: Wait for page load successfully

2018-12-12 15:33:04 - [MESSAGE][PASSED] - Wait for page load successfully

2018-12-12 15:33:04 - [TEST_STEP][PASSED] - Statement - CaseReferenceNo = com.kms.katalon.core.webui.keyword.WebUiBuiltInKeywords.getText(com.kms.katalon.core.testobject.ObjectRepository.findTestObject(Final Object Repo/New Registration - Registration Module Pages/Third Screen - Upload Supporting Doc- Preview/RefNo Acquiring)): Text of object 'Object Repository/Final Object Repo/New Registration - Registration Module Pages/Third Screen - Upload Supporting Doc- Preview/RefNo Acquiring' is: 'CRN12201800123206'

2018-12-12 15:33:04 - [MESSAGE][PASSED] - Text of object 'Object Repository/Final Object Repo/New Registration - Registration Module Pages/Third Screen - Upload Supporting Doc- Preview/RefNo Acquiring' is: 'CRN12201800123206'

2018-12-12 15:33:04 - [TEST_STEP][PASSED] - delay: Delayed 2 second(s)

2018-12-12 15:33:06 - [MESSAGE][PASSED] - Delayed 2 second(s)

2018-12-12 15:33:06 - [TEST_STEP][PASSED] - callTestCase: Call Test Case 'Test Cases/Final Aug 2018 - PKS Automation/Common/Reference Number Setter' successfully

2018-12-12 15:33:06 - [TEST_CASE][PASSED] - Test Cases/Final Aug 2018 - PKS Automation/Common/Reference Number Setter: Test Cases/Final Aug 2018 - PKS Automation/Common/Reference Number Setter

2018-12-12 15:33:06 - [TEST_STEP][PASSED] - Statement - RefNoOldFile = new java.io.File(C://Users//Admin//Desktop//PKS//Automation Reference Point//KatalonReference.txt): null

2018-12-12 15:33:06 - [TEST_STEP][PASSED] - Statement - RefNoOldFile.delete(): null

2018-12-12 15:33:06 - [TEST_STEP][PASSED] - delay: Delayed 5 second(s)

2018-12-12 15:33:11 - [MESSAGE][PASSED] - Delayed 5 second(s)

2018-12-12 15:33:11 - [TEST_STEP][PASSED] - Statement - RefNo = new java.io.File(C://Users//Admin//Desktop//PKS//Automation Reference Point//KatalonReference.txt): null

2018-12-12 15:33:11 - [TEST_STEP][PASSED] - Statement - f2 = new java.io.FileWriter(RefNo, false): null

2018-12-12 15:33:11 - [TEST_STEP][PASSED] - Statement - f2.write(CaseReferenceNo): null

2018-12-12 15:33:11 - [TEST_STEP][PASSED] - Statement - f2.close(): null

2018-12-12 15:33:11 - [TEST_STEP][PASSED] - Statement - out.println("


" + CaseReferenceNo + "


"): null

2018-12-12 15:33:11 - [MESSAGE][PASSED] - Call Test Case 'Test Cases/Final Aug 2018 - PKS Automation/Common/Reference Number Setter' successfully

2018-12-12 15:33:11 - [TEST_STEP][PASSED] - waitForElementClickable: Object 'Object Repository/Final Object Repo/New Registration - Registration Module Pages/Third Screen - Upload Supporting Doc- Preview/Save n Continue in SIP Employee Listing Page' is clickable

2018-12-12 15:33:11 - [MESSAGE][PASSED] - Object 'Object Repository/Final Object Repo/New Registration - Registration Module Pages/Third Screen - Upload Supporting Doc- Preview/Save n Continue in SIP Employee Listing Page' is clickable

2018-12-12 15:33:11 - [TEST_STEP][PASSED] - click: Object: 'Object Repository/Final Object Repo/New Registration - Registration Module Pages/Third Screen - Upload Supporting Doc- Preview/Save n Continue in SIP Employee Listing Page' is clicked on

2018-12-12 15:33:17 - [MESSAGE][PASSED] - Object: 'Object Repository/Final Object Repo/New Registration - Registration Module Pages/Third Screen - Upload Supporting Doc- Preview/Save n Continue in SIP Employee Listing Page' is clicked on

2018-12-12 15:33:17 - [TEST_STEP][PASSED] - delay: Delayed 7 second(s)

2018-12-12 15:33:24 - [MESSAGE][PASSED] - Delayed 7 second(s)

2018-12-12 15:33:24 - [TEST_STEP][PASSED] - click: Object: 'Object Repository/Final Object Repo/New Registration - Registration Module Pages/Third Screen - Upload Supporting Doc- Preview/Add Document Button' is clicked on

2018-12-12 15:33:24 - [MESSAGE][PASSED] - Object: 'Object Repository/Final Object Repo/New Registration - Registration Module Pages/Third Screen - Upload Supporting Doc- Preview/Add Document Button' is clicked on

2018-12-12 15:33:24 - [TEST_STEP][PASSED] - delay: Delayed 30 second(s)

2018-12-12 15:33:54 - [MESSAGE][PASSED] - Delayed 30 second(s)

2018-12-12 15:33:54 - [TEST_STEP][PASSED] - click: Object: 'Object Repository/Final Object Repo/New Registration - Registration Module Pages/Third Screen - Upload Supporting Doc- Preview/Supporting Doc Please Select Drop Down' is clicked on

2018-12-12 15:33:54 - [MESSAGE][PASSED] - Object: 'Object Repository/Final Object Repo/New Registration - Registration Module Pages/Third Screen - Upload Supporting Doc- Preview/Supporting Doc Please Select Drop Down' is clicked on

2018-12-12 15:33:54 - [TEST_STEP][PASSED] - delay: Delayed 2 second(s)

2018-12-12 15:33:56 - [MESSAGE][PASSED] - Delayed 2 second(s)

2018-12-12 15:33:56 - [TEST_STEP][PASSED] - click: Object: 'Object Repository/Final Object Repo/New Registration - Registration Module Pages/Third Screen - Upload Supporting Doc- Preview/Select to Upload Form 1' is clicked on

2018-12-12 15:33:57 - [MESSAGE][PASSED] - Object: 'Object Repository/Final Object Repo/New Registration - Registration Module Pages/Third Screen - Upload Supporting Doc- Preview/Select to Upload Form 1' is clicked on

2018-12-12 15:33:57 - [TEST_STEP][PASSED] - delay: Delayed 2 second(s)

2018-12-12 15:33:59 - [MESSAGE][PASSED] - Delayed 2 second(s)

2018-12-12 15:33:59 - [TEST_STEP][PASSED] - uploadFile: File 'C:\Users\Public\Pictures\Sample Pictures\Koala.jpg' sent to object: 'Object Repository/Final Object Repo/New Registration - Registration Module Pages/Third Screen - Upload Supporting Doc- Preview/Upload File Adding'

2018-12-12 15:33:59 - [MESSAGE][PASSED] - File 'C:\Users\Public\Pictures\Sample Pictures\Koala.jpg' sent to object: 'Object Repository/Final Object Repo/New Registration - Registration Module Pages/Third Screen - Upload Supporting Doc- Preview/Upload File Adding'

2018-12-12 15:33:59 - [TEST_STEP][PASSED] - delay: Delayed 5 second(s)

2018-12-12 15:34:04 - [MESSAGE][PASSED] - Delayed 5 second(s)

2018-12-12 15:34:04 - [TEST_STEP][PASSED] - click: Object: 'Object Repository/Final Object Repo/New Registration - Registration Module Pages/Third Screen - Upload Supporting Doc- Preview/Inner Form Add Document Button' is clicked on

2018-12-12 15:34:04 - [MESSAGE][PASSED] - Object: 'Object Repository/Final Object Repo/New Registration - Registration Module Pages/Third Screen - Upload Supporting Doc- Preview/Inner Form Add Document Button' is clicked on

2018-12-12 15:34:04 - [TEST_STEP][PASSED] - delay: Delayed 3 second(s)

2018-12-12 15:34:07 - [MESSAGE][PASSED] - Delayed 3 second(s)

2018-12-12 15:34:07 - [TEST_STEP][PASSED] - click: Object: 'Object Repository/Final Object Repo/New Registration - Registration Module Pages/Third Screen - Upload Supporting Doc- Preview/Add Document Button' is clicked on

2018-12-12 15:34:08 - [MESSAGE][PASSED] - Object: 'Object Repository/Final Object Repo/New Registration - Registration Module Pages/Third Screen - Upload Supporting Doc- Preview/Add Document Button' is clicked on

2018-12-12 15:34:08 - [TEST_STEP][PASSED] - delay: Delayed 30 second(s)

2018-12-12 15:34:38 - [MESSAGE][PASSED] - Delayed 30 second(s)

2018-12-12 15:34:38 - [TEST_STEP][PASSED] - click: Object: 'Object Repository/Final Object Repo/New Registration - Registration Module Pages/Third Screen - Upload Supporting Doc- Preview/Supporting Doc Please Select Drop Down' is clicked on

2018-12-12 15:34:39 - [MESSAGE][PASSED] - Object: 'Object Repository/Final Object Repo/New Registration - Registration Module Pages/Third Screen - Upload Supporting Doc- Preview/Supporting Doc Please Select Drop Down' is clicked on

2018-12-12 15:34:39 - [TEST_STEP][PASSED] - delay: Delayed 4 second(s)

2018-12-12 15:34:43 - [MESSAGE][PASSED] - Delayed 4 second(s)

2018-12-12 15:34:43 - [TEST_STEP][PASSED] - click: Object: 'Object Repository/Final Object Repo/New Registration - Registration Module Pages/Third Screen - Upload Supporting Doc- Preview/Select to Upload Form 2' is clicked on

2018-12-12 15:34:43 - [MESSAGE][PASSED] - Object: 'Object Repository/Final Object Repo/New Registration - Registration Module Pages/Third Screen - Upload Supporting Doc- Preview/Select to Upload Form 2' is clicked on

2018-12-12 15:34:43 - [TEST_STEP][PASSED] - delay: Delayed 2 second(s)

2018-12-12 15:34:45 - [MESSAGE][PASSED] - Delayed 2 second(s)

2018-12-12 15:34:45 - [TEST_STEP][PASSED] - uploadFile: File 'C:\Users\Public\Pictures\Sample Pictures\Koala.jpg' sent to object: 'Object Repository/Final Object Repo/New Registration - Registration Module Pages/Third Screen - Upload Supporting Doc- Preview/Upload File Adding'

2018-12-12 15:34:45 - [MESSAGE][PASSED] - File 'C:\Users\Public\Pictures\Sample Pictures\Koala.jpg' sent to object: 'Object Repository/Final Object Repo/New Registration - Registration Module Pages/Third Screen - Upload Supporting Doc- Preview/Upload File Adding'

2018-12-12 15:34:45 - [TEST_STEP][PASSED] - click: Object: 'Object Repository/Final Object Repo/New Registration - Registration Module Pages/Third Screen - Upload Supporting Doc- Preview/Inner Form Add Document Button' is clicked on

2018-12-12 15:34:45 - [MESSAGE][PASSED] - Object: 'Object Repository/Final Object Repo/New Registration - Registration Module Pages/Third Screen - Upload Supporting Doc- Preview/Inner Form Add Document Button' is clicked on

2018-12-12 15:34:45 - [TEST_STEP][PASSED] - delay: Delayed 5 second(s)

2018-12-12 15:34:50 - [MESSAGE][PASSED] - Delayed 5 second(s)

2018-12-12 15:34:50 - [TEST_STEP][PASSED] - click: Object: 'Object Repository/Final Object Repo/New Registration - Registration Module Pages/Third Screen - Upload Supporting Doc- Preview/Add Document Button' is clicked on

2018-12-12 15:34:50 - [MESSAGE][PASSED] - Object: 'Object Repository/Final Object Repo/New Registration - Registration Module Pages/Third Screen - Upload Supporting Doc- Preview/Add Document Button' is clicked on

2018-12-12 15:34:50 - [TEST_STEP][PASSED] - delay: Delayed 30 second(s)

2018-12-12 15:35:20 - [MESSAGE][PASSED] - Delayed 30 second(s)

2018-12-12 15:35:20 - [TEST_STEP][PASSED] - click: Object: 'Object Repository/Final Object Repo/New Registration - Registration Module Pages/Third Screen - Upload Supporting Doc- Preview/Supporting Doc Please Select Drop Down' is clicked on

2018-12-12 15:35:20 - [MESSAGE][PASSED] - Object: 'Object Repository/Final Object Repo/New Registration - Registration Module Pages/Third Screen - Upload Supporting Doc- Preview/Supporting Doc Please Select Drop Down' is clicked on

2018-12-12 15:35:20 - [TEST_STEP][PASSED] - click: Object: 'Object Repository/Final Object Repo/New Registration - Registration Module Pages/Third Screen - Upload Supporting Doc- Preview/Select to Upload Borang SIP 1' is clicked on

2018-12-12 15:35:21 - [MESSAGE][PASSED] - Object: 'Object Repository/Final Object Repo/New Registration - Registration Module Pages/Third Screen - Upload Supporting Doc- Preview/Select to Upload Borang SIP 1' is clicked on

2018-12-12 15:35:21 - [TEST_STEP][PASSED] - delay: Delayed 2 second(s)

2018-12-12 15:35:23 - [MESSAGE][PASSED] - Delayed 2 second(s)

2018-12-12 15:35:23 - [TEST_STEP][PASSED] - uploadFile: File 'C:\Users\Public\Pictures\Sample Pictures\Koala.jpg' sent to object: 'Object Repository/Final Object Repo/New Registration - Registration Module Pages/Third Screen - Upload Supporting Doc- Preview/Upload File Adding'

2018-12-12 15:35:23 - [MESSAGE][PASSED] - File 'C:\Users\Public\Pictures\Sample Pictures\Koala.jpg' sent to object: 'Object Repository/Final Object Repo/New Registration - Registration Module Pages/Third Screen - Upload Supporting Doc- Preview/Upload File Adding'

2018-12-12 15:35:23 - [TEST_STEP][PASSED] - click: Object: 'Object Repository/Final Object Repo/New Registration - Registration Module Pages/Third Screen - Upload Supporting Doc- Preview/Inner Form Add Document Button' is clicked on

2018-12-12 15:35:23 - [MESSAGE][PASSED] - Object: 'Object Repository/Final Object Repo/New Registration - Registration Module Pages/Third Screen - Upload Supporting Doc- Preview/Inner Form Add Document Button' is clicked on

2018-12-12 15:35:23 - [TEST_STEP][PASSED] - delay: Delayed 5 second(s)

2018-12-12 15:35:28 - [MESSAGE][PASSED] - Delayed 5 second(s)

2018-12-12 15:35:28 - [TEST_STEP][PASSED] - click: Object: 'Object Repository/Final Object Repo/New Registration - Registration Module Pages/Third Screen - Upload Supporting Doc- Preview/Add Document Button' is clicked on

2018-12-12 15:35:28 - [MESSAGE][PASSED] - Object: 'Object Repository/Final Object Repo/New Registration - Registration Module Pages/Third Screen - Upload Supporting Doc- Preview/Add Document Button' is clicked on

2018-12-12 15:35:28 - [TEST_STEP][PASSED] - delay: Delayed 30 second(s)

2018-12-12 15:35:58 - [MESSAGE][PASSED] - Delayed 30 second(s)

2018-12-12 15:35:58 - [TEST_STEP][PASSED] - click: Object: 'Object Repository/Final Object Repo/New Registration - Registration Module Pages/Third Screen - Upload Supporting Doc- Preview/Supporting Doc Please Select Drop Down' is clicked on

2018-12-12 15:35:58 - [MESSAGE][PASSED] - Object: 'Object Repository/Final Object Repo/New Registration - Registration Module Pages/Third Screen - Upload Supporting Doc- Preview/Supporting Doc Please Select Drop Down' is clicked on

2018-12-12 15:35:58 - [TEST_STEP][PASSED] - delay: Delayed 3 second(s)

2018-12-12 15:36:01 - [MESSAGE][PASSED] - Delayed 3 second(s)

2018-12-12 15:36:01 - [TEST_STEP][PASSED] - click: Object: 'Object Repository/Final Object Repo/New Registration - Registration Module Pages/Third Screen - Upload Supporting Doc- Preview/Select to Upload Borang SIP 2' is clicked on

2018-12-12 15:36:01 - [MESSAGE][PASSED] - Object: 'Object Repository/Final Object Repo/New Registration - Registration Module Pages/Third Screen - Upload Supporting Doc- Preview/Select to Upload Borang SIP 2' is clicked on

2018-12-12 15:36:01 - [TEST_STEP][PASSED] - delay: Delayed 2 second(s)

2018-12-12 15:36:03 - [MESSAGE][PASSED] - Delayed 2 second(s)

2018-12-12 15:36:03 - [TEST_STEP][PASSED] - uploadFile: File 'C:\Users\Public\Pictures\Sample Pictures\Koala.jpg' sent to object: 'Object Repository/Final Object Repo/New Registration - Registration Module Pages/Third Screen - Upload Supporting Doc- Preview/Upload File Adding'

2018-12-12 15:36:03 - [MESSAGE][PASSED] - File 'C:\Users\Public\Pictures\Sample Pictures\Koala.jpg' sent to object: 'Object Repository/Final Object Repo/New Registration - Registration Module Pages/Third Screen - Upload Supporting Doc- Preview/Upload File Adding'

2018-12-12 15:36:03 - [TEST_STEP][PASSED] - delay: Delayed 5 second(s)

2018-12-12 15:36:08 - [MESSAGE][PASSED] - Delayed 5 second(s)

2018-12-12 15:36:08 - [TEST_STEP][PASSED] - click: Object: 'Object Repository/Final Object Repo/New Registration - Registration Module Pages/Third Screen - Upload Supporting Doc- Preview/Inner Form Add Document Button' is clicked on

2018-12-12 15:36:09 - [MESSAGE][PASSED] - Object: 'Object Repository/Final Object Repo/New Registration - Registration Module Pages/Third Screen - Upload Supporting Doc- Preview/Inner Form Add Document Button' is clicked on

2018-12-12 15:36:09 - [TEST_STEP][PASSED] - delay: Delayed 3 second(s)

2018-12-12 15:36:12 - [MESSAGE][PASSED] - Delayed 3 second(s)

2018-12-12 15:36:12 - [TEST_STEP][PASSED] - waitForElementClickable: Object 'Object Repository/Final Object Repo/New Registration - Registration Module Pages/Third Screen - Upload Supporting Doc- Preview/Save n Continue in Uploading Supporting Doc Page' is clickable

2018-12-12 15:36:13 - [MESSAGE][PASSED] - Object 'Object Repository/Final Object Repo/New Registration - Registration Module Pages/Third Screen - Upload Supporting Doc- Preview/Save n Continue in Uploading Supporting Doc Page' is clickable

2018-12-12 15:36:13 - [TEST_STEP][PASSED] - click: Object: 'Object Repository/Final Object Repo/New Registration - Registration Module Pages/Third Screen - Upload Supporting Doc- Preview/Save n Continue in Uploading Supporting Doc Page' is clicked on

2018-12-12 15:36:13 - [MESSAGE][PASSED] - Object: 'Object Repository/Final Object Repo/New Registration - Registration Module Pages/Third Screen - Upload Supporting Doc- Preview/Save n Continue in Uploading Supporting Doc Page' is clicked on

2018-12-12 15:36:13 - [MESSAGE][PASSED] - Call Test Case 'Test Cases/Final Aug 2018 - PKS Automation/Registration Module/New Registration/Flow of New Registration/Third Screen - Upload Supporting Doc - Preview' successfully

2018-12-12 15:36:13 - [TEST_STEP][PASSED] - callTestCase: Call Test Case 'Test Cases/Final Aug 2018 - PKS Automation/Registration Module/New Registration/Submit and Screenshot/Submit Registration and Screenshot' successfully

2018-12-12 15:36:13 - [TEST_CASE][PASSED] - Test Cases/Final Aug 2018 - PKS Automation/Registration Module/New Registration/Submit and Screenshot/Submit Registration and Screenshot: Test Cases/Final Aug 2018 - PKS Automation/Registration Module/New Registration/Submit and Screenshot/Submit Registration and Screenshot

2018-12-12 15:36:13 - [TEST_STEP][PASSED] - delay: Delayed 6 second(s)

2018-12-12 15:36:19 - [MESSAGE][PASSED] - Delayed 6 second(s)

2018-12-12 15:36:19 - [TEST_STEP][PASSED] - click: Object: 'Object Repository/Final Object Repo/New Registration - Registration Module Pages/Third Screen - Upload Supporting Doc- Preview/Preview Submit Button' is clicked on

2018-12-12 15:36:19 - [MESSAGE][PASSED] - Object: 'Object Repository/Final Object Repo/New Registration - Registration Module Pages/Third Screen - Upload Supporting Doc- Preview/Preview Submit Button' is clicked on

2018-12-12 15:36:19 - [TEST_STEP][PASSED] - delay: Delayed 2 second(s)

2018-12-12 15:36:21 - [MESSAGE][PASSED] - Delayed 2 second(s)

2018-12-12 15:36:21 - [TEST_STEP][PASSED] - click: Object: 'Object Repository/Final Object Repo/New Registration - Registration Module Pages/Third Screen - Upload Supporting Doc- Preview/Preview Submit - Confirm' is clicked on

2018-12-12 15:36:22 - [MESSAGE][PASSED] - Object: 'Object Repository/Final Object Repo/New Registration - Registration Module Pages/Third Screen - Upload Supporting Doc- Preview/Preview Submit - Confirm' is clicked on

2018-12-12 15:36:22 - [TEST_STEP][PASSED] - delay: Delayed 15 second(s)

2018-12-12 15:36:37 - [MESSAGE][PASSED] - Delayed 15 second(s)

2018-12-12 15:36:37 - [TEST_STEP][PASSED] - Statement - driver = com.kms.katalon.core.webui.driver.DriverFactory.getWebDriver(): null

2018-12-12 15:36:37 - [TEST_STEP][PASSED] - Statement - driver.manage().timeouts().implicitlyWait(10, SECONDS): null

2018-12-12 15:36:37 - [TEST_STEP][PASSED] - Statement - PresavePath = KatalonScreenshots: null

2018-12-12 15:36:37 - [TEST_STEP][PASSED] - Statement - pathPrefix = "C:\Users\Public\Pictures\Sample Pictures\Katalon Screenshots\Automate Ending Screen": null

2018-12-12 15:36:37 - [TEST_STEP][PASSED] - Statement - finalPath = <not implemented yet for class: org.codehaus.groovy.ast.expr.EmptyExpression>: null

2018-12-12 15:36:37 - [TEST_STEP][PASSED] - Statement - scrFile = driver.getScreenshotAs(FILE): null

2018-12-12 15:36:37 - [TEST_STEP][PASSED] - Statement - PreSaveFile = new java.io.File(PresavePath): null

2018-12-12 15:36:37 - [TEST_STEP][PASSED] - Statement - counter = 0: null

2018-12-12 15:36:37 - [TEST_STEP][PASSED] - Statement - If (PreSaveFile.exists()): null

2018-12-12 15:36:37 - [TEST_STEP][PASSED] - Statement - While (PreSaveFile.exists()): null

2018-12-12 15:36:37 - [TEST_STEP][PASSED] - Statement - counter = counter + 1: null

2018-12-12 15:36:37 - [TEST_STEP][PASSED] - Statement - PreSaveFile = new java.io.File(((pathPrefix + java.lang.Integer.toString(counter)) + .png)): null

2018-12-12 15:36:37 - [TEST_STEP][PASSED] - Statement - counter = counter + 1: null

2018-12-12 15:36:37 - [TEST_STEP][PASSED] - Statement - PreSaveFile = new java.io.File(((pathPrefix + java.lang.Integer.toString(counter)) + .png)): null

2018-12-12 15:36:37 - [TEST_STEP][PASSED] - Statement - counter = counter + 1: null

2018-12-12 15:36:37 - [TEST_STEP][PASSED] - Statement - PreSaveFile = new java.io.File(((pathPrefix + java.lang.Integer.toString(counter)) + .png)): null

2018-12-12 15:36:37 - [TEST_STEP][PASSED] - Statement - counter = counter + 1: null

2018-12-12 15:36:37 - [TEST_STEP][PASSED] - Statement - PreSaveFile = new java.io.File(((pathPrefix + java.lang.Integer.toString(counter)) + .png)): null

2018-12-12 15:36:37 - [TEST_STEP][PASSED] - Statement - counter = counter + 1: null

2018-12-12 15:36:37 - [TEST_STEP][PASSED] - Statement - PreSaveFile = new java.io.File(((pathPrefix + java.lang.Integer.toString(counter)) + .png)): null

2018-12-12 15:36:37 - [TEST_STEP][PASSED] - Statement - counter = counter + 1: null

2018-12-12 15:36:37 - [TEST_STEP][PASSED] - Statement - PreSaveFile = new java.io.File(((pathPrefix + java.lang.Integer.toString(counter)) + .png)): null

2018-12-12 15:36:37 - [TEST_STEP][PASSED] - Statement - counter = counter + 1: null

2018-12-12 15:36:37 - [TEST_STEP][PASSED] - Statement - PreSaveFile = new java.io.File(((pathPrefix + java.lang.Integer.toString(counter)) + .png)): null

2018-12-12 15:36:37 - [TEST_STEP][PASSED] - Statement - counter = counter + 1: null

2018-12-12 15:36:37 - [TEST_STEP][PASSED] - Statement - PreSaveFile = new java.io.File(((pathPrefix + java.lang.Integer.toString(counter)) + .png)): null

2018-12-12 15:36:37 - [TEST_STEP][PASSED] - Statement - counter = counter + 1: null

2018-12-12 15:36:37 - [TEST_STEP][PASSED] - Statement - PreSaveFile = new java.io.File(((pathPrefix + java.lang.Integer.toString(counter)) + .png)): null

2018-12-12 15:36:37 - [TEST_STEP][PASSED] - Statement - counter = counter + 1: null

2018-12-12 15:36:37 - [TEST_STEP][PASSED] - Statement - PreSaveFile = new java.io.File(((pathPrefix + java.lang.Integer.toString(counter)) + .png)): null

2018-12-12 15:36:37 - [TEST_STEP][PASSED] - Statement - counter = counter + 1: null

2018-12-12 15:36:37 - [TEST_STEP][PASSED] - Statement - PreSaveFile = new java.io.File(((pathPrefix + java.lang.Integer.toString(counter)) + .png)): null

2018-12-12 15:36:37 - [TEST_STEP][PASSED] - Statement - counter = counter + 1: null

2018-12-12 15:36:37 - [TEST_STEP][PASSED] - Statement - PreSaveFile = new java.io.File(((pathPrefix + java.lang.Integer.toString(counter)) + .png)): null

2018-12-12 15:36:37 - [TEST_STEP][PASSED] - Statement - counter = counter + 1: null

2018-12-12 15:36:37 - [TEST_STEP][PASSED] - Statement - PreSaveFile = new java.io.File(((pathPrefix + java.lang.Integer.toString(counter)) + .png)): null

2018-12-12 15:36:37 - [TEST_STEP][PASSED] - Statement - counter = counter + 1: null

2018-12-12 15:36:37 - [TEST_STEP][PASSED] - Statement - PreSaveFile = new java.io.File(((pathPrefix + java.lang.Integer.toString(counter)) + .png)): null

2018-12-12 15:36:37 - [TEST_STEP][PASSED] - Statement - counter = counter + 1: null

2018-12-12 15:36:37 - [TEST_STEP][PASSED] - Statement - PreSaveFile = new java.io.File(((pathPrefix + java.lang.Integer.toString(counter)) + .png)): null

2018-12-12 15:36:37 - [TEST_STEP][PASSED] - Statement - counter = counter + 1: null

2018-12-12 15:36:37 - [TEST_STEP][PASSED] - Statement - PreSaveFile = new java.io.File(((pathPrefix + java.lang.Integer.toString(counter)) + .png)): null

2018-12-12 15:36:37 - [TEST_STEP][PASSED] - Statement - counter = counter + 1: null

2018-12-12 15:36:37 - [TEST_STEP][PASSED] - Statement - PreSaveFile = new java.io.File(((pathPrefix + java.lang.Integer.toString(counter)) + .png)): null

2018-12-12 15:36:37 - [TEST_STEP][PASSED] - Statement - counter = counter + 1: null

2018-12-12 15:36:37 - [TEST_STEP][PASSED] - Statement - PreSaveFile = new java.io.File(((pathPrefix + java.lang.Integer.toString(counter)) + .png)): null

2018-12-12 15:36:37 - [TEST_STEP][PASSED] - Statement - counter = counter + 1: null

2018-12-12 15:36:37 - [TEST_STEP][PASSED] - Statement - PreSaveFile = new java.io.File(((pathPrefix + java.lang.Integer.toString(counter)) + .png)): null

2018-12-12 15:36:37 - [TEST_STEP][PASSED] - Statement - counter = counter + 1: null

2018-12-12 15:36:37 - [TEST_STEP][PASSED] - Statement - PreSaveFile = new java.io.File(((pathPrefix + java.lang.Integer.toString(counter)) + .png)): null

2018-12-12 15:36:37 - [TEST_STEP][PASSED] - Statement - counter = counter + 1: null

2018-12-12 15:36:37 - [TEST_STEP][PASSED] - Statement - PreSaveFile = new java.io.File(((pathPrefix + java.lang.Integer.toString(counter)) + .png)): null

2018-12-12 15:36:37 - [TEST_STEP][PASSED] - Statement - counter = counter + 1: null

2018-12-12 15:36:37 - [TEST_STEP][PASSED] - Statement - PreSaveFile = new java.io.File(((pathPrefix + java.lang.Integer.toString(counter)) + .png)): null

2018-12-12 15:36:37 - [TEST_STEP][PASSED] - Statement - counter = counter + 1: null

2018-12-12 15:36:37 - [TEST_STEP][PASSED] - Statement - PreSaveFile = new java.io.File(((pathPrefix + java.lang.Integer.toString(counter)) + .png)): null

2018-12-12 15:36:37 - [TEST_STEP][PASSED] - Statement - counter = counter + 1: null

2018-12-12 15:36:37 - [TEST_STEP][PASSED] - Statement - PreSaveFile = new java.io.File(((pathPrefix + java.lang.Integer.toString(counter)) + .png)): null

2018-12-12 15:36:37 - [TEST_STEP][PASSED] - Statement - counter = counter + 1: null

2018-12-12 15:36:37 - [TEST_STEP][PASSED] - Statement - PreSaveFile = new java.io.File(((pathPrefix + java.lang.Integer.toString(counter)) + .png)): null

2018-12-12 15:36:37 - [TEST_STEP][PASSED] - Statement - counter = counter + 1: null

2018-12-12 15:36:37 - [TEST_STEP][PASSED] - Statement - PreSaveFile = new java.io.File(((pathPrefix + java.lang.Integer.toString(counter)) + .png)): null

2018-12-12 15:36:37 - [TEST_STEP][PASSED] - Statement - counter = counter + 1: null

2018-12-12 15:36:37 - [TEST_STEP][PASSED] - Statement - PreSaveFile = new java.io.File(((pathPrefix + java.lang.Integer.toString(counter)) + .png)): null

2018-12-12 15:36:37 - [TEST_STEP][PASSED] - Statement - counter = counter + 1: null

2018-12-12 15:36:37 - [TEST_STEP][PASSED] - Statement - PreSaveFile = new java.io.File(((pathPrefix + java.lang.Integer.toString(counter)) + .png)): null

2018-12-12 15:36:37 - [TEST_STEP][PASSED] - Statement - counter = counter + 1: null

2018-12-12 15:36:37 - [TEST_STEP][PASSED] - Statement - PreSaveFile = new java.io.File(((pathPrefix + java.lang.Integer.toString(counter)) + .png)): null

2018-12-12 15:36:37 - [TEST_STEP][PASSED] - Statement - counter = counter + 1: null

2018-12-12 15:36:37 - [TEST_STEP][PASSED] - Statement - PreSaveFile = new java.io.File(((pathPrefix + java.lang.Integer.toString(counter)) + .png)): null

2018-12-12 15:36:37 - [TEST_STEP][PASSED] - Statement - counter = counter + 1: null

2018-12-12 15:36:37 - [TEST_STEP][PASSED] - Statement - PreSaveFile = new java.io.File(((pathPrefix + java.lang.Integer.toString(counter)) + .png)): null

2018-12-12 15:36:37 - [TEST_STEP][PASSED] - Statement - counter = counter + 1: null

2018-12-12 15:36:37 - [TEST_STEP][PASSED] - Statement - PreSaveFile = new java.io.File(((pathPrefix + java.lang.Integer.toString(counter)) + .png)): null

2018-12-12 15:36:37 - [TEST_STEP][PASSED] - Statement - counter = counter + 1: null

2018-12-12 15:36:37 - [TEST_STEP][PASSED] - Statement - PreSaveFile = new java.io.File(((pathPrefix + java.lang.Integer.toString(counter)) + .png)): null

2018-12-12 15:36:37 - [TEST_STEP][PASSED] - Statement - counter = counter + 1: null

2018-12-12 15:36:37 - [TEST_STEP][PASSED] - Statement - PreSaveFile = new java.io.File(((pathPrefix + java.lang.Integer.toString(counter)) + .png)): null

2018-12-12 15:36:37 - [TEST_STEP][PASSED] - Statement - counter = counter + 1: null

2018-12-12 15:36:37 - [TEST_STEP][PASSED] - Statement - PreSaveFile = new java.io.File(((pathPrefix + java.lang.Integer.toString(counter)) + .png)): null

2018-12-12 15:36:37 - [TEST_STEP][PASSED] - Statement - counter = counter + 1: null

2018-12-12 15:36:37 - [TEST_STEP][PASSED] - Statement - PreSaveFile = new java.io.File(((pathPrefix + java.lang.Integer.toString(counter)) + .png)): null

2018-12-12 15:36:37 - [TEST_STEP][PASSED] - Statement - counter = counter + 1: null

2018-12-12 15:36:37 - [TEST_STEP][PASSED] - Statement - PreSaveFile = new java.io.File(((pathPrefix + java.lang.Integer.toString(counter)) + .png)): null

2018-12-12 15:36:37 - [TEST_STEP][PASSED] - Statement - counter = counter + 1: null

2018-12-12 15:36:37 - [TEST_STEP][PASSED] - Statement - PreSaveFile = new java.io.File(((pathPrefix + java.lang.Integer.toString(counter)) + .png)): null

2018-12-12 15:36:37 - [TEST_STEP][PASSED] - Statement - counter = counter + 1: null

2018-12-12 15:36:37 - [TEST_STEP][PASSED] - Statement - PreSaveFile = new java.io.File(((pathPrefix + java.lang.Integer.toString(counter)) + .png)): null

2018-12-12 15:36:37 - [TEST_STEP][PASSED] - Statement - counter = counter + 1: null

2018-12-12 15:36:37 - [TEST_STEP][PASSED] - Statement - PreSaveFile = new java.io.File(((pathPrefix + java.lang.Integer.toString(counter)) + .png)): null

2018-12-12 15:36:37 - [TEST_STEP][PASSED] - Statement - counter = counter + 1: null

2018-12-12 15:36:37 - [TEST_STEP][PASSED] - Statement - PreSaveFile = new java.io.File(((pathPrefix + java.lang.Integer.toString(counter)) + .png)): null

2018-12-12 15:36:37 - [TEST_STEP][PASSED] - Statement - counter = counter + 1: null

2018-12-12 15:36:37 - [TEST_STEP][PASSED] - Statement - PreSaveFile = new java.io.File(((pathPrefix + java.lang.Integer.toString(counter)) + .png)): null

2018-12-12 15:36:37 - [TEST_STEP][PASSED] - Statement - counter = counter + 1: null

2018-12-12 15:36:37 - [TEST_STEP][PASSED] - Statement - PreSaveFile = new java.io.File(((pathPrefix + java.lang.Integer.toString(counter)) + .png)): null

2018-12-12 15:36:37 - [TEST_STEP][PASSED] - Statement - counter = counter + 1: null

2018-12-12 15:36:37 - [TEST_STEP][PASSED] - Statement - PreSaveFile = new java.io.File(((pathPrefix + java.lang.Integer.toString(counter)) + .png)): null

2018-12-12 15:36:37 - [TEST_STEP][PASSED] - Statement - counter = counter + 1: null

2018-12-12 15:36:37 - [TEST_STEP][PASSED] - Statement - PreSaveFile = new java.io.File(((pathPrefix + java.lang.Integer.toString(counter)) + .png)): null

2018-12-12 15:36:37 - [TEST_STEP][PASSED] - Statement - counter = counter + 1: null

2018-12-12 15:36:37 - [TEST_STEP][PASSED] - Statement - PreSaveFile = new java.io.File(((pathPrefix + java.lang.Integer.toString(counter)) + .png)): null

2018-12-12 15:36:37 - [TEST_STEP][PASSED] - Statement - counter = counter + 1: null

2018-12-12 15:36:37 - [TEST_STEP][PASSED] - Statement - PreSaveFile = new java.io.File(((pathPrefix + java.lang.Integer.toString(counter)) + .png)): null

2018-12-12 15:36:37 - [TEST_STEP][PASSED] - Statement - counter = counter + 1: null

2018-12-12 15:36:37 - [TEST_STEP][PASSED] - Statement - PreSaveFile = new java.io.File(((pathPrefix + java.lang.Integer.toString(counter)) + .png)): null

2018-12-12 15:36:37 - [TEST_STEP][PASSED] - Statement - counter = counter + 1: null

2018-12-12 15:36:37 - [TEST_STEP][PASSED] - Statement - PreSaveFile = new java.io.File(((pathPrefix + java.lang.Integer.toString(counter)) + .png)): null

2018-12-12 15:36:37 - [TEST_STEP][PASSED] - Statement - counter = counter + 1: null

2018-12-12 15:36:37 - [TEST_STEP][PASSED] - Statement - PreSaveFile = new java.io.File(((pathPrefix + java.lang.Integer.toString(counter)) + .png)): null

2018-12-12 15:36:37 - [TEST_STEP][PASSED] - Statement - counter = counter + 1: null

2018-12-12 15:36:37 - [TEST_STEP][PASSED] - Statement - PreSaveFile = new java.io.File(((pathPrefix + java.lang.Integer.toString(counter)) + .png)): null

2018-12-12 15:36:37 - [TEST_STEP][PASSED] - Statement - counter = counter + 1: null

2018-12-12 15:36:37 - [TEST_STEP][PASSED] - Statement - PreSaveFile = new java.io.File(((pathPrefix + java.lang.Integer.toString(counter)) + .png)): null

2018-12-12 15:36:37 - [TEST_STEP][PASSED] - Statement - counter = counter + 1: null

2018-12-12 15:36:37 - [TEST_STEP][PASSED] - Statement - PreSaveFile = new java.io.File(((pathPrefix + java.lang.Integer.toString(counter)) + .png)): null

2018-12-12 15:36:37 - [TEST_STEP][PASSED] - Statement - counter = counter + 1: null

2018-12-12 15:36:37 - [TEST_STEP][PASSED] - Statement - PreSaveFile = new java.io.File(((pathPrefix + java.lang.Integer.toString(counter)) + .png)): null

2018-12-12 15:36:37 - [TEST_STEP][PASSED] - Statement - counter = counter + 1: null

2018-12-12 15:36:37 - [TEST_STEP][PASSED] - Statement - PreSaveFile = new java.io.File(((pathPrefix + java.lang.Integer.toString(counter)) + .png)): null

2018-12-12 15:36:37 - [TEST_STEP][PASSED] - Statement - counter = counter + 1: null

2018-12-12 15:36:37 - [TEST_STEP][PASSED] - Statement - PreSaveFile = new java.io.File(((pathPrefix + java.lang.Integer.toString(counter)) + .png)): null

2018-12-12 15:36:37 - [TEST_STEP][PASSED] - Statement - counter = counter + 1: null

2018-12-12 15:36:37 - [TEST_STEP][PASSED] - Statement - PreSaveFile = new java.io.File(((pathPrefix + java.lang.Integer.toString(counter)) + .png)): null

2018-12-12 15:36:37 - [TEST_STEP][PASSED] - Statement - counter = counter + 1: null

2018-12-12 15:36:37 - [TEST_STEP][PASSED] - Statement - PreSaveFile = new java.io.File(((pathPrefix + java.lang.Integer.toString(counter)) + .png)): null

2018-12-12 15:36:37 - [TEST_STEP][PASSED] - Statement - counter = counter + 1: null

2018-12-12 15:36:37 - [TEST_STEP][PASSED] - Statement - PreSaveFile = new java.io.File(((pathPrefix + java.lang.Integer.toString(counter)) + .png)): null

2018-12-12 15:36:37 - [TEST_STEP][PASSED] - Statement - counter = counter + 1: null

2018-12-12 15:36:37 - [TEST_STEP][PASSED] - Statement - PreSaveFile = new java.io.File(((pathPrefix + java.lang.Integer.toString(counter)) + .png)): null

2018-12-12 15:36:37 - [TEST_STEP][PASSED] - Statement - counter = counter + 1: null

2018-12-12 15:36:37 - [TEST_STEP][PASSED] - Statement - PreSaveFile = new java.io.File(((pathPrefix + java.lang.Integer.toString(counter)) + .png)): null

2018-12-12 15:36:37 - [TEST_STEP][PASSED] - Statement - counter = counter + 1: null

2018-12-12 15:36:37 - [TEST_STEP][PASSED] - Statement - PreSaveFile = new java.io.File(((pathPrefix + java.lang.Integer.toString(counter)) + .png)): null

2018-12-12 15:36:37 - [TEST_STEP][PASSED] - Statement - counter = counter + 1: null

2018-12-12 15:36:37 - [TEST_STEP][PASSED] - Statement - PreSaveFile = new java.io.File(((pathPrefix + java.lang.Integer.toString(counter)) + .png)): null

2018-12-12 15:36:37 - [TEST_STEP][PASSED] - Statement - counter = counter + 1: null

2018-12-12 15:36:37 - [TEST_STEP][PASSED] - Statement - PreSaveFile = new java.io.File(((pathPrefix + java.lang.Integer.toString(counter)) + .png)): null

2018-12-12 15:36:37 - [TEST_STEP][PASSED] - Statement - counter = counter + 1: null

2018-12-12 15:36:37 - [TEST_STEP][PASSED] - Statement - PreSaveFile = new java.io.File(((pathPrefix + java.lang.Integer.toString(counter)) + .png)): null

2018-12-12 15:36:37 - [TEST_STEP][PASSED] - Statement - counter = counter + 1: null

2018-12-12 15:36:37 - [TEST_STEP][PASSED] - Statement - PreSaveFile = new java.io.File(((pathPrefix + java.lang.Integer.toString(counter)) + .png)): null

2018-12-12 15:36:37 - [TEST_STEP][PASSED] - Statement - counter = counter + 1: null

2018-12-12 15:36:37 - [TEST_STEP][PASSED] - Statement - PreSaveFile = new java.io.File(((pathPrefix + java.lang.Integer.toString(counter)) + .png)): null

2018-12-12 15:36:37 - [TEST_STEP][PASSED] - Statement - counter = counter + 1: null

2018-12-12 15:36:37 - [TEST_STEP][PASSED] - Statement - PreSaveFile = new java.io.File(((pathPrefix + java.lang.Integer.toString(counter)) + .png)): null

2018-12-12 15:36:37 - [TEST_STEP][PASSED] - Statement - counter = counter + 1: null

2018-12-12 15:36:37 - [TEST_STEP][PASSED] - Statement - PreSaveFile = new java.io.File(((pathPrefix + java.lang.Integer.toString(counter)) + .png)): null

2018-12-12 15:36:37 - [TEST_STEP][PASSED] - Statement - counter = counter + 1: null

2018-12-12 15:36:37 - [TEST_STEP][PASSED] - Statement - PreSaveFile = new java.io.File(((pathPrefix + java.lang.Integer.toString(counter)) + .png)): null

2018-12-12 15:36:37 - [TEST_STEP][PASSED] - Statement - counter = counter + 1: null

2018-12-12 15:36:37 - [TEST_STEP][PASSED] - Statement - PreSaveFile = new java.io.File(((pathPrefix + java.lang.Integer.toString(counter)) + .png)): null

2018-12-12 15:36:37 - [TEST_STEP][PASSED] - Statement - counter = counter + 1: null

2018-12-12 15:36:37 - [TEST_STEP][PASSED] - Statement - PreSaveFile = new java.io.File(((pathPrefix + java.lang.Integer.toString(counter)) + .png)): null

2018-12-12 15:36:37 - [TEST_STEP][PASSED] - Statement - counter = counter + 1: null

2018-12-12 15:36:37 - [TEST_STEP][PASSED] - Statement - PreSaveFile = new java.io.File(((pathPrefix + java.lang.Integer.toString(counter)) + .png)): null

2018-12-12 15:36:37 - [TEST_STEP][PASSED] - Statement - counter = counter + 1: null

2018-12-12 15:36:37 - [TEST_STEP][PASSED] - Statement - PreSaveFile = new java.io.File(((pathPrefix + java.lang.Integer.toString(counter)) + .png)): null

2018-12-12 15:36:37 - [TEST_STEP][PASSED] - Statement - counter = counter + 1: null

2018-12-12 15:36:37 - [TEST_STEP][PASSED] - Statement - PreSaveFile = new java.io.File(((pathPrefix + java.lang.Integer.toString(counter)) + .png)): null

2018-12-12 15:36:37 - [TEST_STEP][PASSED] - Statement - counter = counter + 1: null

2018-12-12 15:36:37 - [TEST_STEP][PASSED] - Statement - PreSaveFile = new java.io.File(((pathPrefix + java.lang.Integer.toString(counter)) + .png)): null

2018-12-12 15:36:37 - [TEST_STEP][PASSED] - Statement - counter = counter + 1: null

2018-12-12 15:36:37 - [TEST_STEP][PASSED] - Statement - PreSaveFile = new java.io.File(((pathPrefix + java.lang.Integer.toString(counter)) + .png)): null

2018-12-12 15:36:37 - [TEST_STEP][PASSED] - Statement - counter = counter + 1: null

2018-12-12 15:36:37 - [TEST_STEP][PASSED] - Statement - PreSaveFile = new java.io.File(((pathPrefix + java.lang.Integer.toString(counter)) + .png)): null

2018-12-12 15:36:37 - [TEST_STEP][PASSED] - Statement - counter = counter + 1: null

2018-12-12 15:36:37 - [TEST_STEP][PASSED] - Statement - PreSaveFile = new java.io.File(((pathPrefix + java.lang.Integer.toString(counter)) + .png)): null

2018-12-12 15:36:37 - [TEST_STEP][PASSED] - Statement - counter = counter + 1: null

2018-12-12 15:36:38 - [TEST_STEP][PASSED] - Statement - PreSaveFile = new java.io.File(((pathPrefix + java.lang.Integer.toString(counter)) + .png)): null

2018-12-12 15:36:38 - [TEST_STEP][PASSED] - Statement - counter = counter + 1: null

2018-12-12 15:36:38 - [TEST_STEP][PASSED] - Statement - PreSaveFile = new java.io.File(((pathPrefix + java.lang.Integer.toString(counter)) + .png)): null

2018-12-12 15:36:38 - [TEST_STEP][PASSED] - Statement - counter = counter + 1: null

2018-12-12 15:36:38 - [TEST_STEP][PASSED] - Statement - PreSaveFile = new java.io.File(((pathPrefix + java.lang.Integer.toString(counter)) + .png)): null

2018-12-12 15:36:38 - [TEST_STEP][PASSED] - Statement - counter = counter + 1: null

2018-12-12 15:36:38 - [TEST_STEP][PASSED] - Statement - PreSaveFile = new java.io.File(((pathPrefix + java.lang.Integer.toString(counter)) + .png)): null

2018-12-12 15:36:38 - [TEST_STEP][PASSED] - Statement - counter = counter + 1: null

2018-12-12 15:36:38 - [TEST_STEP][PASSED] - Statement - PreSaveFile = new java.io.File(((pathPrefix + java.lang.Integer.toString(counter)) + .png)): null

2018-12-12 15:36:38 - [TEST_STEP][PASSED] - Statement - counter = counter + 1: null

2018-12-12 15:36:38 - [TEST_STEP][PASSED] - Statement - PreSaveFile = new java.io.File(((pathPrefix + java.lang.Integer.toString(counter)) + .png)): null

2018-12-12 15:36:38 - [TEST_STEP][PASSED] - Statement - counter = counter + 1: null

2018-12-12 15:36:38 - [TEST_STEP][PASSED] - Statement - PreSaveFile = new java.io.File(((pathPrefix + java.lang.Integer.toString(counter)) + .png)): null

2018-12-12 15:36:38 - [TEST_STEP][PASSED] - Statement - counter = counter + 1: null

2018-12-12 15:36:38 - [TEST_STEP][PASSED] - Statement - PreSaveFile = new java.io.File(((pathPrefix + java.lang.Integer.toString(counter)) + .png)): null

2018-12-12 15:36:38 - [TEST_STEP][PASSED] - Statement - counter = counter + 1: null

2018-12-12 15:36:38 - [TEST_STEP][PASSED] - Statement - PreSaveFile = new java.io.File(((pathPrefix + java.lang.Integer.toString(counter)) + .png)): null

2018-12-12 15:36:38 - [TEST_STEP][PASSED] - Statement - counter = counter + 1: null

2018-12-12 15:36:38 - [TEST_STEP][PASSED] - Statement - PreSaveFile = new java.io.File(((pathPrefix + java.lang.Integer.toString(counter)) + .png)): null

2018-12-12 15:36:38 - [TEST_STEP][PASSED] - Statement - counter = counter + 1: null

2018-12-12 15:36:38 - [TEST_STEP][PASSED] - Statement - PreSaveFile = new java.io.File(((pathPrefix + java.lang.Integer.toString(counter)) + .png)): null

2018-12-12 15:36:38 - [TEST_STEP][PASSED] - Statement - counter = counter + 1: null

2018-12-12 15:36:38 - [TEST_STEP][PASSED] - Statement - PreSaveFile = new java.io.File(((pathPrefix + java.lang.Integer.toString(counter)) + .png)): null

2018-12-12 15:36:38 - [TEST_STEP][PASSED] - Statement - counter = counter + 1: null

2018-12-12 15:36:38 - [TEST_STEP][PASSED] - Statement - PreSaveFile = new java.io.File(((pathPrefix + java.lang.Integer.toString(counter)) + .png)): null

2018-12-12 15:36:38 - [TEST_STEP][PASSED] - Statement - counter = counter + 1: null

2018-12-12 15:36:38 - [TEST_STEP][PASSED] - Statement - PreSaveFile = new java.io.File(((pathPrefix + java.lang.Integer.toString(counter)) + .png)): null

2018-12-12 15:36:38 - [TEST_STEP][PASSED] - Statement - counter = counter + 1: null

2018-12-12 15:36:38 - [TEST_STEP][PASSED] - Statement - PreSaveFile = new java.io.File(((pathPrefix + java.lang.Integer.toString(counter)) + .png)): null

2018-12-12 15:36:38 - [TEST_STEP][PASSED] - Statement - counter = counter + 1: null

2018-12-12 15:36:38 - [TEST_STEP][PASSED] - Statement - PreSaveFile = new java.io.File(((pathPrefix + java.lang.Integer.toString(counter)) + .png)): null

2018-12-12 15:36:38 - [TEST_STEP][PASSED] - Statement - counter = counter + 1: null

2018-12-12 15:36:38 - [TEST_STEP][PASSED] - Statement - PreSaveFile = new java.io.File(((pathPrefix + java.lang.Integer.toString(counter)) + .png)): null

2018-12-12 15:36:38 - [TEST_STEP][PASSED] - Statement - counter = counter + 1: null

2018-12-12 15:36:38 - [TEST_STEP][PASSED] - Statement - PreSaveFile = new java.io.File(((pathPrefix + java.lang.Integer.toString(counter)) + .png)): null

2018-12-12 15:36:38 - [TEST_STEP][PASSED] - Statement - counter = counter + 1: null

2018-12-12 15:36:38 - [TEST_STEP][PASSED] - Statement - PreSaveFile = new java.io.File(((pathPrefix + java.lang.Integer.toString(counter)) + .png)): null

2018-12-12 15:36:38 - [TEST_STEP][PASSED] - Statement - counter = counter + 1: null

2018-12-12 15:36:38 - [TEST_STEP][PASSED] - Statement - PreSaveFile = new java.io.File(((pathPrefix + java.lang.Integer.toString(counter)) + .png)): null

2018-12-12 15:36:38 - [TEST_STEP][PASSED] - Statement - counter = counter + 1: null

2018-12-12 15:36:38 - [TEST_STEP][PASSED] - Statement - PreSaveFile = new java.io.File(((pathPrefix + java.lang.Integer.toString(counter)) + .png)): null

2018-12-12 15:36:38 - [TEST_STEP][PASSED] - Statement - counter = counter + 1: null

2018-12-12 15:36:38 - [TEST_STEP][PASSED] - Statement - PreSaveFile = new java.io.File(((pathPrefix + java.lang.Integer.toString(counter)) + .png)): null

2018-12-12 15:36:38 - [TEST_STEP][PASSED] - Statement - counter = counter + 1: null

2018-12-12 15:36:38 - [TEST_STEP][PASSED] - Statement - PreSaveFile = new java.io.File(((pathPrefix + java.lang.Integer.toString(counter)) + .png)): null

2018-12-12 15:36:38 - [TEST_STEP][PASSED] - Statement - counter = counter + 1: null

2018-12-12 15:36:38 - [TEST_STEP][PASSED] - Statement - PreSaveFile = new java.io.File(((pathPrefix + java.lang.Integer.toString(counter)) + .png)): null

2018-12-12 15:36:38 - [TEST_STEP][PASSED] - Statement - counter = counter + 1: null

2018-12-12 15:36:38 - [TEST_STEP][PASSED] - Statement - PreSaveFile = new java.io.File(((pathPrefix + java.lang.Integer.toString(counter)) + .png)): null

2018-12-12 15:36:38 - [TEST_STEP][PASSED] - Statement - counter = counter + 1: null

2018-12-12 15:36:38 - [TEST_STEP][PASSED] - Statement - PreSaveFile = new java.io.File(((pathPrefix + java.lang.Integer.toString(counter)) + .png)): null

2018-12-12 15:36:38 - [TEST_STEP][PASSED] - Statement - counter = counter + 1: null

2018-12-12 15:36:38 - [TEST_STEP][PASSED] - Statement - PreSaveFile = new java.io.File(((pathPrefix + java.lang.Integer.toString(counter)) + .png)): null

2018-12-12 15:36:38 - [TEST_STEP][PASSED] - Statement - counter = counter + 1: null

2018-12-12 15:36:38 - [TEST_STEP][PASSED] - Statement - PreSaveFile = new java.io.File(((pathPrefix + java.lang.Integer.toString(counter)) + .png)): null

2018-12-12 15:36:38 - [TEST_STEP][PASSED] - Statement - counter = counter + 1: null

2018-12-12 15:36:38 - [TEST_STEP][PASSED] - Statement - PreSaveFile = new java.io.File(((pathPrefix + java.lang.Integer.toString(counter)) + .png)): null

2018-12-12 15:36:38 - [TEST_STEP][PASSED] - Statement - counter = counter + 1: null

2018-12-12 15:36:38 - [TEST_STEP][PASSED] - Statement - PreSaveFile = new java.io.File(((pathPrefix + java.lang.Integer.toString(counter)) + .png)): null

2018-12-12 15:36:38 - [TEST_STEP][PASSED] - Statement - counter = counter + 1: null

2018-12-12 15:36:38 - [TEST_STEP][PASSED] - Statement - PreSaveFile = new java.io.File(((pathPrefix + java.lang.Integer.toString(counter)) + .png)): null

2018-12-12 15:36:38 - [TEST_STEP][PASSED] - Statement - counter = counter + 1: null

2018-12-12 15:36:38 - [TEST_STEP][PASSED] - Statement - PreSaveFile = new java.io.File(((pathPrefix + java.lang.Integer.toString(counter)) + .png)): null

2018-12-12 15:36:38 - [TEST_STEP][PASSED] - Statement - counter = counter + 1: null

2018-12-12 15:36:38 - [TEST_STEP][PASSED] - Statement - PreSaveFile = new java.io.File(((pathPrefix + java.lang.Integer.toString(counter)) + .png)): null

2018-12-12 15:36:38 - [TEST_STEP][PASSED] - Statement - counter = counter + 1: null

2018-12-12 15:36:38 - [TEST_STEP][PASSED] - Statement - PreSaveFile = new java.io.File(((pathPrefix + java.lang.Integer.toString(counter)) + .png)): null

2018-12-12 15:36:38 - [TEST_STEP][PASSED] - Statement - counter = counter + 1: null

2018-12-12 15:36:38 - [TEST_STEP][PASSED] - Statement - PreSaveFile = new java.io.File(((pathPrefix + java.lang.Integer.toString(counter)) + .png)): null

2018-12-12 15:36:38 - [TEST_STEP][PASSED] - Statement - counter = counter + 1: null

2018-12-12 15:36:38 - [TEST_STEP][PASSED] - Statement - PreSaveFile = new java.io.File(((pathPrefix + java.lang.Integer.toString(counter)) + .png)): null

2018-12-12 15:36:38 - [TEST_STEP][PASSED] - Statement - counter = counter + 1: null

2018-12-12 15:36:38 - [TEST_STEP][PASSED] - Statement - PreSaveFile = new java.io.File(((pathPrefix + java.lang.Integer.toString(counter)) + .png)): null

2018-12-12 15:36:38 - [TEST_STEP][PASSED] - Statement - counter = counter + 1: null

2018-12-12 15:36:38 - [TEST_STEP][PASSED] - Statement - PreSaveFile = new java.io.File(((pathPrefix + java.lang.Integer.toString(counter)) + .png)): null

2018-12-12 15:36:38 - [TEST_STEP][PASSED] - Statement - counter = counter + 1: null

2018-12-12 15:36:38 - [TEST_STEP][PASSED] - Statement - PreSaveFile = new java.io.File(((pathPrefix + java.lang.Integer.toString(counter)) + .png)): null

2018-12-12 15:36:38 - [TEST_STEP][PASSED] - Statement - counter = counter + 1: null

2018-12-12 15:36:38 - [TEST_STEP][PASSED] - Statement - PreSaveFile = new java.io.File(((pathPrefix + java.lang.Integer.toString(counter)) + .png)): null

2018-12-12 15:36:38 - [TEST_STEP][PASSED] - Statement - counter = counter + 1: null

2018-12-12 15:36:38 - [TEST_STEP][PASSED] - Statement - PreSaveFile = new java.io.File(((pathPrefix + java.lang.Integer.toString(counter)) + .png)): null

2018-12-12 15:36:38 - [TEST_STEP][PASSED] - Statement - counter = counter + 1: null

2018-12-12 15:36:38 - [TEST_STEP][PASSED] - Statement - PreSaveFile = new java.io.File(((pathPrefix + java.lang.Integer.toString(counter)) + .png)): null

2018-12-12 15:36:38 - [TEST_STEP][PASSED] - Statement - counter = counter + 1: null

2018-12-12 15:36:38 - [TEST_STEP][PASSED] - Statement - PreSaveFile = new java.io.File(((pathPrefix + java.lang.Integer.toString(counter)) + .png)): null

2018-12-12 15:36:38 - [TEST_STEP][PASSED] - Statement - counter = counter + 1: null

2018-12-12 15:36:38 - [TEST_STEP][PASSED] - Statement - PreSaveFile = new java.io.File(((pathPrefix + java.lang.Integer.toString(counter)) + .png)): null

2018-12-12 15:36:38 - [TEST_STEP][PASSED] - Statement - counter = counter + 1: null

2018-12-12 15:36:38 - [TEST_STEP][PASSED] - Statement - PreSaveFile = new java.io.File(((pathPrefix + java.lang.Integer.toString(counter)) + .png)): null

2018-12-12 15:36:38 - [TEST_STEP][PASSED] - Statement - counter = counter + 1: null

2018-12-12 15:36:38 - [TEST_STEP][PASSED] - Statement - PreSaveFile = new java.io.File(((pathPrefix + java.lang.Integer.toString(counter)) + .png)): null

2018-12-12 15:36:38 - [TEST_STEP][PASSED] - Statement - counter = counter + 1: null

2018-12-12 15:36:38 - [TEST_STEP][PASSED] - Statement - PreSaveFile = new java.io.File(((pathPrefix + java.lang.Integer.toString(counter)) + .png)): null

2018-12-12 15:36:38 - [TEST_STEP][PASSED] - Statement - counter = counter + 1: null

2018-12-12 15:36:38 - [TEST_STEP][PASSED] - Statement - PreSaveFile = new java.io.File(((pathPrefix + java.lang.Integer.toString(counter)) + .png)): null

2018-12-12 15:36:38 - [TEST_STEP][PASSED] - Statement - counter = counter + 1: null

2018-12-12 15:36:38 - [TEST_STEP][PASSED] - Statement - PreSaveFile = new java.io.File(((pathPrefix + java.lang.Integer.toString(counter)) + .png)): null

2018-12-12 15:36:38 - [TEST_STEP][PASSED] - Statement - counter = counter + 1: null

2018-12-12 15:36:38 - [TEST_STEP][PASSED] - Statement - PreSaveFile = new java.io.File(((pathPrefix + java.lang.Integer.toString(counter)) + .png)): null

2018-12-12 15:36:38 - [TEST_STEP][PASSED] - Statement - counter = counter + 1: null

2018-12-12 15:36:38 - [TEST_STEP][PASSED] - Statement - PreSaveFile = new java.io.File(((pathPrefix + java.lang.Integer.toString(counter)) + .png)): null

2018-12-12 15:36:38 - [TEST_STEP][PASSED] - Statement - counter = counter + 1: null

2018-12-12 15:36:38 - [TEST_STEP][PASSED] - Statement - PreSaveFile = new java.io.File(((pathPrefix + java.lang.Integer.toString(counter)) + .png)): null

2018-12-12 15:36:38 - [TEST_STEP][PASSED] - Statement - counter = counter + 1: null

2018-12-12 15:36:38 - [TEST_STEP][PASSED] - Statement - PreSaveFile = new java.io.File(((pathPrefix + java.lang.Integer.toString(counter)) + .png)): null

2018-12-12 15:36:38 - [TEST_STEP][PASSED] - Statement - counter = counter + 1: null

2018-12-12 15:36:38 - [TEST_STEP][PASSED] - Statement - PreSaveFile = new java.io.File(((pathPrefix + java.lang.Integer.toString(counter)) + .png)): null

2018-12-12 15:36:38 - [TEST_STEP][PASSED] - Statement - counter = counter + 1: null

2018-12-12 15:36:38 - [TEST_STEP][PASSED] - Statement - PreSaveFile = new java.io.File(((pathPrefix + java.lang.Integer.toString(counter)) + .png)): null

2018-12-12 15:36:38 - [TEST_STEP][PASSED] - Statement - counter = counter + 1: null

2018-12-12 15:36:38 - [TEST_STEP][PASSED] - Statement - PreSaveFile = new java.io.File(((pathPrefix + java.lang.Integer.toString(counter)) + .png)): null

2018-12-12 15:36:38 - [TEST_STEP][PASSED] - Statement - counter = counter + 1: null

2018-12-12 15:36:38 - [TEST_STEP][PASSED] - Statement - PreSaveFile = new java.io.File(((pathPrefix + java.lang.Integer.toString(counter)) + .png)): null

2018-12-12 15:36:38 - [TEST_STEP][PASSED] - Statement - counter = counter + 1: null

2018-12-12 15:36:38 - [TEST_STEP][PASSED] - Statement - PreSaveFile = new java.io.File(((pathPrefix + java.lang.Integer.toString(counter)) + .png)): null

2018-12-12 15:36:38 - [TEST_STEP][PASSED] - Statement - counter = counter + 1: null

2018-12-12 15:36:38 - [TEST_STEP][PASSED] - Statement - PreSaveFile = new java.io.File(((pathPrefix + java.lang.Integer.toString(counter)) + .png)): null

2018-12-12 15:36:38 - [TEST_STEP][PASSED] - Statement - counter = counter + 1: null

2018-12-12 15:36:38 - [TEST_STEP][PASSED] - Statement - PreSaveFile = new java.io.File(((pathPrefix + java.lang.Integer.toString(counter)) + .png)): null

2018-12-12 15:36:38 - [TEST_STEP][PASSED] - Statement - counter = counter + 1: null

2018-12-12 15:36:38 - [TEST_STEP][PASSED] - Statement - PreSaveFile = new java.io.File(((pathPrefix + java.lang.Integer.toString(counter)) + .png)): null

2018-12-12 15:36:38 - [TEST_STEP][PASSED] - Statement - finalPath = pathPrefix + java.lang.Integer.toString(counter) + ".png": null

2018-12-12 15:36:38 - [TEST_STEP][PASSED] - Statement - SaveFile = new java.io.File(finalPath): null

2018-12-12 15:36:38 - [TEST_STEP][PASSED] - Statement - Try: null

2018-12-12 15:36:38 - [TEST_STEP][PASSED] - Statement - org.apache.commons.io.FileUtils.copyFile(scrFile, SaveFile): null

2018-12-12 15:36:38 - [TEST_STEP][PASSED] - Statement - out.println("file kept"): null

2018-12-12 15:36:38 - [TEST_STEP][PASSED] - delay: Delayed 10 second(s)

2018-12-12 15:36:48 - [MESSAGE][PASSED] - Delayed 10 second(s)

2018-12-12 15:36:48 - [MESSAGE][PASSED] - Call Test Case 'Test Cases/Final Aug 2018 - PKS Automation/Registration Module/New Registration/Submit and Screenshot/Submit Registration and Screenshot' successfully]]></system-out>
         <system-err><![CDATA[]]></system-err>
      </testcase>
      <testcase name="Test Cases/Final Aug 2018 - PKS Automation/Registration Module/Critical Path/New Registration/Other - Cooperative" classname="Test Cases/Final Aug 2018 - PKS Automation/Registration Module/Critical Path/New Registration/Other - Cooperative" status="PASSED">
         <system-out><![CDATA[2018-12-12 15:36:48 - [TEST_CASE][PASSED] - Test Cases/Final Aug 2018 - PKS Automation/Registration Module/Critical Path/New Registration/Other - Cooperative: Test Cases/Final Aug 2018 - PKS Automation/Registration Module/Critical Path/New Registration/Other - Cooperative

2018-12-12 15:36:48 - [TEST_STEP][PASSED] - callTestCase: Call Test Case 'Test Cases/Final Aug 2018 - PKS Automation/Registration Module/New Registration/Form 1/Form 1 - Other - Cooperative' successfully

2018-12-12 15:36:48 - [TEST_CASE][PASSED] - Test Cases/Final Aug 2018 - PKS Automation/Registration Module/New Registration/Form 1/Form 1 - Other - Cooperative: Test Cases/Final Aug 2018 - PKS Automation/Registration Module/New Registration/Form 1/Form 1 - Other - Cooperative

2018-12-12 15:36:48 - [TEST_STEP][PASSED] - openBrowser: Browser is opened with url: ''

2018-12-12 15:36:48 - [MESSAGE][WARNING] - A browser is already opened. Closing browser and opening a new one

2018-12-12 15:36:51 - [MESSAGE][PASSED] - Browser is opened with url: ''

2018-12-12 15:36:51 - [TEST_STEP][PASSED] - navigateToUrl: Navigate to 'https://assist2-uat.perkeso.gov.my/login' successfully

2018-12-12 15:36:53 - [MESSAGE][PASSED] - Navigate to 'https://assist2-uat.perkeso.gov.my/login' successfully

2018-12-12 15:36:53 - [TEST_STEP][PASSED] - setText: Text 'johorotc1@gmail.com' is set on object 'Object Repository/Final Object Repo/Login Page/Internal User/Email Address'

2018-12-12 15:36:53 - [MESSAGE][PASSED] - Text 'johorotc1@gmail.com' is set on object 'Object Repository/Final Object Repo/Login Page/Internal User/Email Address'

2018-12-12 15:36:53 - [TEST_STEP][PASSED] - click: Object: 'Object Repository/Final Object Repo/Login Page/Internal User/Next Button' is clicked on

2018-12-12 15:36:53 - [MESSAGE][PASSED] - Object: 'Object Repository/Final Object Repo/Login Page/Internal User/Next Button' is clicked on

2018-12-12 15:36:53 - [TEST_STEP][PASSED] - delay: Delayed 1 second(s)

2018-12-12 15:36:54 - [MESSAGE][PASSED] - Delayed 1 second(s)

2018-12-12 15:36:54 - [TEST_STEP][PASSED] - setEncryptedText: Text ****** has been set on object 'Object Repository/Final Object Repo/Login Page/Internal User/Password'

2018-12-12 15:36:54 - [MESSAGE][PASSED] - Text ****** has been set on object 'Object Repository/Final Object Repo/Login Page/Internal User/Password'

2018-12-12 15:36:54 - [TEST_STEP][PASSED] - click: Object: 'Object Repository/Final Object Repo/Login Page/Internal User/Login Button' is clicked on

2018-12-12 15:36:55 - [MESSAGE][PASSED] - Object: 'Object Repository/Final Object Repo/Login Page/Internal User/Login Button' is clicked on

2018-12-12 15:36:55 - [TEST_STEP][PASSED] - delay: Delayed 1 second(s)

2018-12-12 15:36:56 - [MESSAGE][PASSED] - Delayed 1 second(s)

2018-12-12 15:36:56 - [TEST_STEP][PASSED] - Statement - Try: Delayed 2 second(s)

2018-12-12 15:36:56 - [TEST_STEP][PASSED] - Statement - Checker = false: null

2018-12-12 15:36:56 - [TEST_STEP][PASSED] - Statement - Checker = com.kms.katalon.core.webui.keyword.WebUiBuiltInKeywords.verifyElementHasAttribute(com.kms.katalon.core.testobject.ObjectRepository.findTestObject(Final Object Repo/Landing Page/BM Detecting), "href", 20, OPTIONAL): Object 'Object Repository/Final Object Repo/Landing Page/BM Detecting' has attribute 'href'

2018-12-12 15:36:57 - [MESSAGE][PASSED] - Object 'Object Repository/Final Object Repo/Landing Page/BM Detecting' has attribute 'href'

2018-12-12 15:36:57 - [TEST_STEP][PASSED] - Statement - out.println(Checker): null

2018-12-12 15:36:57 - [TEST_STEP][PASSED] - Statement - If (Checker == false): null

2018-12-12 15:36:57 - [TEST_STEP][PASSED] - Statement - Else: null

2018-12-12 15:36:57 - [TEST_STEP][PASSED] - delay: Delayed 2 second(s)

2018-12-12 15:36:59 - [MESSAGE][PASSED] - Delayed 2 second(s)

2018-12-12 15:36:59 - [TEST_STEP][PASSED] - navigateToUrl: Navigate to 'https://assist2-uat.perkeso.gov.my/web/registration/registration' successfully

2018-12-12 15:37:00 - [MESSAGE][PASSED] - Navigate to 'https://assist2-uat.perkeso.gov.my/web/registration/registration' successfully

2018-12-12 15:37:00 - [TEST_STEP][PASSED] - click: Object: 'Object Repository/Final Object Repo/New Registration - Registration Module Pages/Form 1/AEC - No' is clicked on

2018-12-12 15:37:00 - [MESSAGE][PASSED] - Object: 'Object Repository/Final Object Repo/New Registration - Registration Module Pages/Form 1/AEC - No' is clicked on

2018-12-12 15:37:00 - [TEST_STEP][PASSED] - click: Object: 'Object Repository/Final Object Repo/New Registration - Registration Module Pages/Form 1/Business Entity' is clicked on

2018-12-12 15:37:00 - [MESSAGE][PASSED] - Object: 'Object Repository/Final Object Repo/New Registration - Registration Module Pages/Form 1/Business Entity' is clicked on

2018-12-12 15:37:00 - [TEST_STEP][PASSED] - click: Object: 'Object Repository/Final Object Repo/New Registration - Registration Module Pages/Form 1/Business Entity - Other' is clicked on

2018-12-12 15:37:01 - [MESSAGE][PASSED] - Object: 'Object Repository/Final Object Repo/New Registration - Registration Module Pages/Form 1/Business Entity - Other' is clicked on

2018-12-12 15:37:01 - [TEST_STEP][PASSED] - delay: Delayed 1 second(s)

2018-12-12 15:37:02 - [MESSAGE][PASSED] - Delayed 1 second(s)

2018-12-12 15:37:02 - [TEST_STEP][PASSED] - click: Object: 'Object Repository/Final Object Repo/New Registration - Registration Module Pages/Form 1/Sub Business Entity' is clicked on

2018-12-12 15:37:02 - [MESSAGE][PASSED] - Object: 'Object Repository/Final Object Repo/New Registration - Registration Module Pages/Form 1/Sub Business Entity' is clicked on

2018-12-12 15:37:02 - [TEST_STEP][PASSED] - click: Object: 'Object Repository/Final Object Repo/New Registration - Registration Module Pages/Form 1/Sub Business Entity - Other/Sub Business Entity  - Cooperative' is clicked on

2018-12-12 15:37:02 - [MESSAGE][PASSED] - Object: 'Object Repository/Final Object Repo/New Registration - Registration Module Pages/Form 1/Sub Business Entity - Other/Sub Business Entity  - Cooperative' is clicked on

2018-12-12 15:37:02 - [TEST_STEP][PASSED] - delay: Delayed 1 second(s)

2018-12-12 15:37:03 - [MESSAGE][PASSED] - Delayed 1 second(s)

2018-12-12 15:37:03 - [TEST_STEP][NOT_RUN] - click: NOT_RUN: click

2018-12-12 15:37:03 - [MESSAGE][NOT_RUN] - NOT_RUN: click

2018-12-12 15:37:03 - [TEST_STEP][NOT_RUN] - click: NOT_RUN: click

2018-12-12 15:37:03 - [MESSAGE][NOT_RUN] - NOT_RUN: click

2018-12-12 15:37:03 - [TEST_STEP][NOT_RUN] - delay: NOT_RUN: delay

2018-12-12 15:37:03 - [MESSAGE][NOT_RUN] - NOT_RUN: delay

2018-12-12 15:37:03 - [TEST_STEP][PASSED] - setText: Text '123' is set on object 'Object Repository/Final Object Repo/New Registration - Registration Module Pages/Form 1/Registration Number'

2018-12-12 15:37:03 - [MESSAGE][PASSED] - Text '123' is set on object 'Object Repository/Final Object Repo/New Registration - Registration Module Pages/Form 1/Registration Number'

2018-12-12 15:37:03 - [TEST_STEP][NOT_RUN] - click: NOT_RUN: click

2018-12-12 15:37:03 - [MESSAGE][NOT_RUN] - NOT_RUN: click

2018-12-12 15:37:03 - [TEST_STEP][PASSED] - click: Object: 'Object Repository/Final Object Repo/New Registration - Registration Module Pages/Form 1/Registered As a Branch - Yes' is clicked on

2018-12-12 15:37:04 - [MESSAGE][PASSED] - Object: 'Object Repository/Final Object Repo/New Registration - Registration Module Pages/Form 1/Registered As a Branch - Yes' is clicked on

2018-12-12 15:37:04 - [TEST_STEP][NOT_RUN] - verifyElementPresent: NOT_RUN: verifyElementPresent

2018-12-12 15:37:04 - [MESSAGE][NOT_RUN] - NOT_RUN: verifyElementPresent

2018-12-12 15:37:04 - [TEST_STEP][PASSED] - check: Object 'Object Repository/Final Object Repo/New Registration - Registration Module Pages/Form 1/Acknowledgement' is checked

2018-12-12 15:37:04 - [MESSAGE][PASSED] - Object 'Object Repository/Final Object Repo/New Registration - Registration Module Pages/Form 1/Acknowledgement' is checked

2018-12-12 15:37:04 - [TEST_STEP][PASSED] - setText: Text 'perkeso' is set on object 'Object Repository/Final Object Repo/New Registration - Registration Module Pages/Form 1/Industry name'

2018-12-12 15:37:04 - [MESSAGE][PASSED] - Text 'perkeso' is set on object 'Object Repository/Final Object Repo/New Registration - Registration Module Pages/Form 1/Industry name'

2018-12-12 15:37:04 - [TEST_STEP][PASSED] - setText: Text 'perkeso1' is set on object 'Object Repository/Final Object Repo/New Registration - Registration Module Pages/Form 1/Postal Address1'

2018-12-12 15:37:05 - [MESSAGE][PASSED] - Text 'perkeso1' is set on object 'Object Repository/Final Object Repo/New Registration - Registration Module Pages/Form 1/Postal Address1'

2018-12-12 15:37:05 - [TEST_STEP][PASSED] - setText: Text 'perkeso2' is set on object 'Object Repository/Final Object Repo/New Registration - Registration Module Pages/Form 1/Postal Address2'

2018-12-12 15:37:05 - [MESSAGE][PASSED] - Text 'perkeso2' is set on object 'Object Repository/Final Object Repo/New Registration - Registration Module Pages/Form 1/Postal Address2'

2018-12-12 15:37:05 - [TEST_STEP][PASSED] - setText: Text 'perkeso3' is set on object 'Object Repository/Final Object Repo/New Registration - Registration Module Pages/Form 1/Postal Address3'

2018-12-12 15:37:05 - [MESSAGE][PASSED] - Text 'perkeso3' is set on object 'Object Repository/Final Object Repo/New Registration - Registration Module Pages/Form 1/Postal Address3'

2018-12-12 15:37:05 - [TEST_STEP][PASSED] - click: Object: 'Object Repository/Final Object Repo/New Registration - Registration Module Pages/Form 1/State' is clicked on

2018-12-12 15:37:05 - [MESSAGE][PASSED] - Object: 'Object Repository/Final Object Repo/New Registration - Registration Module Pages/Form 1/State' is clicked on

2018-12-12 15:37:05 - [TEST_STEP][PASSED] - click: Object: 'Object Repository/Final Object Repo/New Registration - Registration Module Pages/Form 1/State - Johor' is clicked on

2018-12-12 15:37:06 - [MESSAGE][PASSED] - Object: 'Object Repository/Final Object Repo/New Registration - Registration Module Pages/Form 1/State - Johor' is clicked on

2018-12-12 15:37:06 - [TEST_STEP][PASSED] - delay: Delayed 1 second(s)

2018-12-12 15:37:07 - [MESSAGE][PASSED] - Delayed 1 second(s)

2018-12-12 15:37:07 - [TEST_STEP][PASSED] - click: Object: 'Object Repository/Final Object Repo/New Registration - Registration Module Pages/Form 1/City' is clicked on

2018-12-12 15:37:07 - [MESSAGE][PASSED] - Object: 'Object Repository/Final Object Repo/New Registration - Registration Module Pages/Form 1/City' is clicked on

2018-12-12 15:37:07 - [TEST_STEP][PASSED] - setText: Text 'joh' is set on object 'Object Repository/Final Object Repo/New Registration - Registration Module Pages/Form 1/Postcode - 810'

2018-12-12 15:37:07 - [MESSAGE][PASSED] - Text 'joh' is set on object 'Object Repository/Final Object Repo/New Registration - Registration Module Pages/Form 1/Postcode - 810'

2018-12-12 15:37:07 - [TEST_STEP][PASSED] - delay: Delayed 1 second(s)

2018-12-12 15:37:08 - [MESSAGE][PASSED] - Delayed 1 second(s)

2018-12-12 15:37:08 - [TEST_STEP][PASSED] - click: Object: 'Object Repository/Final Object Repo/New Registration - Registration Module Pages/Form 1/City - Johor Bharu' is clicked on

2018-12-12 15:37:08 - [MESSAGE][PASSED] - Object: 'Object Repository/Final Object Repo/New Registration - Registration Module Pages/Form 1/City - Johor Bharu' is clicked on

2018-12-12 15:37:08 - [TEST_STEP][PASSED] - delay: Delayed 1 second(s)

2018-12-12 15:37:09 - [MESSAGE][PASSED] - Delayed 1 second(s)

2018-12-12 15:37:09 - [TEST_STEP][PASSED] - click: Object: 'Object Repository/Final Object Repo/New Registration - Registration Module Pages/Form 1/Postcode' is clicked on

2018-12-12 15:37:10 - [MESSAGE][PASSED] - Object: 'Object Repository/Final Object Repo/New Registration - Registration Module Pages/Form 1/Postcode' is clicked on

2018-12-12 15:37:10 - [TEST_STEP][PASSED] - delay: Delayed 1 second(s)

2018-12-12 15:37:11 - [MESSAGE][PASSED] - Delayed 1 second(s)

2018-12-12 15:37:11 - [TEST_STEP][PASSED] - setText: Text '810' is set on object 'Object Repository/Final Object Repo/New Registration - Registration Module Pages/Form 1/Postcode - 810'

2018-12-12 15:37:11 - [MESSAGE][PASSED] - Text '810' is set on object 'Object Repository/Final Object Repo/New Registration - Registration Module Pages/Form 1/Postcode - 810'

2018-12-12 15:37:11 - [TEST_STEP][PASSED] - delay: Delayed 1 second(s)

2018-12-12 15:37:12 - [MESSAGE][PASSED] - Delayed 1 second(s)

2018-12-12 15:37:12 - [TEST_STEP][PASSED] - click: Object: 'Object Repository/Final Object Repo/New Registration - Registration Module Pages/Form 1/Postcode - 81000' is clicked on

2018-12-12 15:37:12 - [MESSAGE][PASSED] - Object: 'Object Repository/Final Object Repo/New Registration - Registration Module Pages/Form 1/Postcode - 81000' is clicked on

2018-12-12 15:37:12 - [TEST_STEP][PASSED] - delay: Delayed 1 second(s)

2018-12-12 15:37:13 - [MESSAGE][PASSED] - Delayed 1 second(s)

2018-12-12 15:37:13 - [TEST_STEP][PASSED] - setText: Text '100' is set on object 'Object Repository/Final Object Repo/New Registration - Registration Module Pages/Form 1/P.O.BOX'

2018-12-12 15:37:13 - [MESSAGE][PASSED] - Text '100' is set on object 'Object Repository/Final Object Repo/New Registration - Registration Module Pages/Form 1/P.O.BOX'

2018-12-12 15:37:13 - [TEST_STEP][PASSED] - setText: Text '100' is set on object 'Object Repository/Final Object Repo/New Registration - Registration Module Pages/Form 1/Locked Bag No'

2018-12-12 15:37:14 - [MESSAGE][PASSED] - Text '100' is set on object 'Object Repository/Final Object Repo/New Registration - Registration Module Pages/Form 1/Locked Bag No'

2018-12-12 15:37:14 - [TEST_STEP][PASSED] - click: Object: 'Object Repository/Final Object Repo/New Registration - Registration Module Pages/Form 1/SOCSO Office Location' is clicked on

2018-12-12 15:37:14 - [MESSAGE][PASSED] - Object: 'Object Repository/Final Object Repo/New Registration - Registration Module Pages/Form 1/SOCSO Office Location' is clicked on

2018-12-12 15:37:14 - [TEST_STEP][PASSED] - click: Object: 'Object Repository/Final Object Repo/New Registration - Registration Module Pages/Form 1/SOCSO Office Location - Pejabat PERKESO Negeri Johor' is clicked on

2018-12-12 15:37:14 - [MESSAGE][PASSED] - Object: 'Object Repository/Final Object Repo/New Registration - Registration Module Pages/Form 1/SOCSO Office Location - Pejabat PERKESO Negeri Johor' is clicked on

2018-12-12 15:37:14 - [TEST_STEP][PASSED] - delay: Delayed 1 second(s)

2018-12-12 15:37:15 - [MESSAGE][PASSED] - Delayed 1 second(s)

2018-12-12 15:37:15 - [TEST_STEP][PASSED] - check: Object 'Object Repository/Final Object Repo/New Registration - Registration Module Pages/Form 1/Indusrty Address Same As Postal Address' is checked

2018-12-12 15:37:15 - [MESSAGE][PASSED] - Object 'Object Repository/Final Object Repo/New Registration - Registration Module Pages/Form 1/Indusrty Address Same As Postal Address' is checked

2018-12-12 15:37:15 - [TEST_STEP][PASSED] - delay: Delayed 3 second(s)

2018-12-12 15:37:18 - [MESSAGE][PASSED] - Delayed 3 second(s)

2018-12-12 15:37:18 - [TEST_STEP][PASSED] - click: Object: 'Object Repository/Final Object Repo/New Registration - Registration Module Pages/Form 1/Indusry Address Same As Postal Address False' is clicked on

2018-12-12 15:37:18 - [MESSAGE][PASSED] - Object: 'Object Repository/Final Object Repo/New Registration - Registration Module Pages/Form 1/Indusry Address Same As Postal Address False' is clicked on

2018-12-12 15:37:18 - [TEST_STEP][PASSED] - delay: Delayed 1 second(s)

2018-12-12 15:37:19 - [MESSAGE][PASSED] - Delayed 1 second(s)

2018-12-12 15:37:19 - [TEST_STEP][PASSED] - setText: Text 'perkeso1' is set on object 'Object Repository/Final Object Repo/New Registration - Registration Module Pages/Form 1/Industry Address1'

2018-12-12 15:37:20 - [MESSAGE][PASSED] - Text 'perkeso1' is set on object 'Object Repository/Final Object Repo/New Registration - Registration Module Pages/Form 1/Industry Address1'

2018-12-12 15:37:20 - [TEST_STEP][PASSED] - setText: Text 'perkeso2' is set on object 'Object Repository/Final Object Repo/New Registration - Registration Module Pages/Form 1/Industry Address2'

2018-12-12 15:37:20 - [MESSAGE][PASSED] - Text 'perkeso2' is set on object 'Object Repository/Final Object Repo/New Registration - Registration Module Pages/Form 1/Industry Address2'

2018-12-12 15:37:20 - [TEST_STEP][PASSED] - setText: Text 'perkeso3' is set on object 'Object Repository/Final Object Repo/New Registration - Registration Module Pages/Form 1/Industry Address3'

2018-12-12 15:37:21 - [MESSAGE][PASSED] - Text 'perkeso3' is set on object 'Object Repository/Final Object Repo/New Registration - Registration Module Pages/Form 1/Industry Address3'

2018-12-12 15:37:21 - [TEST_STEP][PASSED] - click: Object: 'Object Repository/Final Object Repo/New Registration - Registration Module Pages/Form 1/Industry State' is clicked on

2018-12-12 15:37:21 - [MESSAGE][PASSED] - Object: 'Object Repository/Final Object Repo/New Registration - Registration Module Pages/Form 1/Industry State' is clicked on

2018-12-12 15:37:21 - [TEST_STEP][PASSED] - delay: Delayed 2 second(s)

2018-12-12 15:37:23 - [MESSAGE][PASSED] - Delayed 2 second(s)

2018-12-12 15:37:23 - [TEST_STEP][PASSED] - click: Object: 'Object Repository/Final Object Repo/New Registration - Registration Module Pages/Form 1/Industry State - Johor' is clicked on

2018-12-12 15:37:23 - [MESSAGE][PASSED] - Object: 'Object Repository/Final Object Repo/New Registration - Registration Module Pages/Form 1/Industry State - Johor' is clicked on

2018-12-12 15:37:23 - [TEST_STEP][PASSED] - delay: Delayed 2 second(s)

2018-12-12 15:37:25 - [MESSAGE][PASSED] - Delayed 2 second(s)

2018-12-12 15:37:25 - [TEST_STEP][PASSED] - click: Object: 'Object Repository/Final Object Repo/New Registration - Registration Module Pages/Form 1/Industry Ciry' is clicked on

2018-12-12 15:37:25 - [MESSAGE][PASSED] - Object: 'Object Repository/Final Object Repo/New Registration - Registration Module Pages/Form 1/Industry Ciry' is clicked on

2018-12-12 15:37:25 - [TEST_STEP][PASSED] - setText: Text 'joh' is set on object 'Object Repository/Final Object Repo/New Registration - Registration Module Pages/Form 1/Industry Ciry - joh'

2018-12-12 15:37:25 - [MESSAGE][PASSED] - Text 'joh' is set on object 'Object Repository/Final Object Repo/New Registration - Registration Module Pages/Form 1/Industry Ciry - joh'

2018-12-12 15:37:25 - [TEST_STEP][PASSED] - delay: Delayed 2 second(s)

2018-12-12 15:37:27 - [MESSAGE][PASSED] - Delayed 2 second(s)

2018-12-12 15:37:27 - [TEST_STEP][PASSED] - click: Object: 'Object Repository/Final Object Repo/New Registration - Registration Module Pages/Form 1/Industy State - Johor Bharu' is clicked on

2018-12-12 15:37:28 - [MESSAGE][PASSED] - Object: 'Object Repository/Final Object Repo/New Registration - Registration Module Pages/Form 1/Industy State - Johor Bharu' is clicked on

2018-12-12 15:37:28 - [TEST_STEP][PASSED] - delay: Delayed 1 second(s)

2018-12-12 15:37:29 - [MESSAGE][PASSED] - Delayed 1 second(s)

2018-12-12 15:37:29 - [TEST_STEP][PASSED] - click: Object: 'Object Repository/Final Object Repo/New Registration - Registration Module Pages/Form 1/Indusry PostCode' is clicked on

2018-12-12 15:37:29 - [MESSAGE][PASSED] - Object: 'Object Repository/Final Object Repo/New Registration - Registration Module Pages/Form 1/Indusry PostCode' is clicked on

2018-12-12 15:37:29 - [TEST_STEP][PASSED] - delay: Delayed 1 second(s)

2018-12-12 15:37:30 - [MESSAGE][PASSED] - Delayed 1 second(s)

2018-12-12 15:37:30 - [TEST_STEP][PASSED] - setText: Text '810' is set on object 'Object Repository/Final Object Repo/New Registration - Registration Module Pages/Form 1/Insutry Post Code - 810'

2018-12-12 15:37:30 - [MESSAGE][PASSED] - Text '810' is set on object 'Object Repository/Final Object Repo/New Registration - Registration Module Pages/Form 1/Insutry Post Code - 810'

2018-12-12 15:37:30 - [TEST_STEP][PASSED] - delay: Delayed 1 second(s)

2018-12-12 15:37:31 - [MESSAGE][PASSED] - Delayed 1 second(s)

2018-12-12 15:37:31 - [TEST_STEP][PASSED] - click: Object: 'Object Repository/Final Object Repo/New Registration - Registration Module Pages/Form 1/Insutry Post Code - 81000' is clicked on

2018-12-12 15:37:31 - [MESSAGE][PASSED] - Object: 'Object Repository/Final Object Repo/New Registration - Registration Module Pages/Form 1/Insutry Post Code - 81000' is clicked on

2018-12-12 15:37:31 - [TEST_STEP][PASSED] - delay: Delayed 1 second(s)

2018-12-12 15:37:32 - [MESSAGE][PASSED] - Delayed 1 second(s)

2018-12-12 15:37:32 - [TEST_STEP][PASSED] - setText: Text '100' is set on object 'Object Repository/Final Object Repo/New Registration - Registration Module Pages/Form 1/Industry P.O.BOX'

2018-12-12 15:37:32 - [MESSAGE][PASSED] - Text '100' is set on object 'Object Repository/Final Object Repo/New Registration - Registration Module Pages/Form 1/Industry P.O.BOX'

2018-12-12 15:37:32 - [TEST_STEP][PASSED] - setText: Text '100' is set on object 'Object Repository/Final Object Repo/New Registration - Registration Module Pages/Form 1/Industry Locked Bag No'

2018-12-12 15:37:33 - [MESSAGE][PASSED] - Text '100' is set on object 'Object Repository/Final Object Repo/New Registration - Registration Module Pages/Form 1/Industry Locked Bag No'

2018-12-12 15:37:33 - [TEST_STEP][PASSED] - setText: Text '123456789' is set on object 'Object Repository/Final Object Repo/New Registration - Registration Module Pages/Form 1/Telephone No'

2018-12-12 15:37:33 - [MESSAGE][PASSED] - Text '123456789' is set on object 'Object Repository/Final Object Repo/New Registration - Registration Module Pages/Form 1/Telephone No'

2018-12-12 15:37:33 - [TEST_STEP][PASSED] - setText: Text '123456789' is set on object 'Object Repository/Final Object Repo/New Registration - Registration Module Pages/Form 1/Mobile No'

2018-12-12 15:37:34 - [MESSAGE][PASSED] - Text '123456789' is set on object 'Object Repository/Final Object Repo/New Registration - Registration Module Pages/Form 1/Mobile No'

2018-12-12 15:37:34 - [TEST_STEP][PASSED] - setText: Text '123456789' is set on object 'Object Repository/Final Object Repo/New Registration - Registration Module Pages/Form 1/Fax No'

2018-12-12 15:37:34 - [MESSAGE][PASSED] - Text '123456789' is set on object 'Object Repository/Final Object Repo/New Registration - Registration Module Pages/Form 1/Fax No'

2018-12-12 15:37:34 - [TEST_STEP][PASSED] - click: Object: 'Object Repository/Final Object Repo/New Registration - Registration Module Pages/Form 1/Industry Code' is clicked on

2018-12-12 15:37:34 - [MESSAGE][PASSED] - Object: 'Object Repository/Final Object Repo/New Registration - Registration Module Pages/Form 1/Industry Code' is clicked on

2018-12-12 15:37:34 - [TEST_STEP][PASSED] - click: Object: 'Object Repository/Final Object Repo/New Registration - Registration Module Pages/Form 1/Indudustry Code - Crops and Animal' is clicked on

2018-12-12 15:37:34 - [MESSAGE][PASSED] - Object: 'Object Repository/Final Object Repo/New Registration - Registration Module Pages/Form 1/Indudustry Code - Crops and Animal' is clicked on

2018-12-12 15:37:34 - [TEST_STEP][PASSED] - delay: Delayed 1 second(s)

2018-12-12 15:37:35 - [MESSAGE][PASSED] - Delayed 1 second(s)

2018-12-12 15:37:35 - [TEST_STEP][PASSED] - click: Object: 'Object Repository/Final Object Repo/New Registration - Registration Module Pages/Form 1/Sub Industry Code List' is clicked on

2018-12-12 15:37:36 - [MESSAGE][PASSED] - Object: 'Object Repository/Final Object Repo/New Registration - Registration Module Pages/Form 1/Sub Industry Code List' is clicked on

2018-12-12 15:37:36 - [TEST_STEP][PASSED] - click: Object: 'Object Repository/Final Object Repo/New Registration - Registration Module Pages/Form 1/Sub Industry Code List - Growing of Maize' is clicked on

2018-12-12 15:37:36 - [MESSAGE][PASSED] - Object: 'Object Repository/Final Object Repo/New Registration - Registration Module Pages/Form 1/Sub Industry Code List - Growing of Maize' is clicked on

2018-12-12 15:37:36 - [TEST_STEP][PASSED] - setText: Text 'perkeso123@gmail.com' is set on object 'Object Repository/Final Object Repo/New Registration - Registration Module Pages/Form 1/Email'

2018-12-12 15:37:37 - [MESSAGE][PASSED] - Text 'perkeso123@gmail.com' is set on object 'Object Repository/Final Object Repo/New Registration - Registration Module Pages/Form 1/Email'

2018-12-12 15:37:37 - [TEST_STEP][PASSED] - click: Object: 'Object Repository/Final Object Repo/New Registration - Registration Module Pages/Form 1/Method of Contribution Payment' is clicked on

2018-12-12 15:37:37 - [MESSAGE][PASSED] - Object: 'Object Repository/Final Object Repo/New Registration - Registration Module Pages/Form 1/Method of Contribution Payment' is clicked on

2018-12-12 15:37:37 - [TEST_STEP][PASSED] - click: Object: 'Object Repository/Final Object Repo/New Registration - Registration Module Pages/Form 1/Method of Contribution Payment - Portal' is clicked on

2018-12-12 15:37:37 - [MESSAGE][PASSED] - Object: 'Object Repository/Final Object Repo/New Registration - Registration Module Pages/Form 1/Method of Contribution Payment - Portal' is clicked on

2018-12-12 15:37:37 - [TEST_STEP][PASSED] - click: Object: 'Object Repository/Final Object Repo/New Registration - Registration Module Pages/Form 1/Servide Type' is clicked on

2018-12-12 15:37:37 - [MESSAGE][PASSED] - Object: 'Object Repository/Final Object Repo/New Registration - Registration Module Pages/Form 1/Servide Type' is clicked on

2018-12-12 15:37:37 - [TEST_STEP][PASSED] - click: Object: 'Object Repository/Final Object Repo/New Registration - Registration Module Pages/Form 1/Servide Type - Professional Bodies' is clicked on

2018-12-12 15:37:37 - [MESSAGE][PASSED] - Object: 'Object Repository/Final Object Repo/New Registration - Registration Module Pages/Form 1/Servide Type - Professional Bodies' is clicked on

2018-12-12 15:37:37 - [TEST_STEP][PASSED] - click: Object: 'Object Repository/Final Object Repo/New Registration - Registration Module Pages/Form 1/Industry Venue' is clicked on

2018-12-12 15:37:38 - [MESSAGE][PASSED] - Object: 'Object Repository/Final Object Repo/New Registration - Registration Module Pages/Form 1/Industry Venue' is clicked on

2018-12-12 15:37:38 - [TEST_STEP][PASSED] - click: Object: 'Object Repository/Final Object Repo/New Registration - Registration Module Pages/Form 1/Industry Venue -  PPN JOHOR' is clicked on

2018-12-12 15:37:38 - [MESSAGE][PASSED] - Object: 'Object Repository/Final Object Repo/New Registration - Registration Module Pages/Form 1/Industry Venue -  PPN JOHOR' is clicked on

2018-12-12 15:37:38 - [TEST_STEP][PASSED] - click: Object: 'Object Repository/Final Object Repo/New Registration - Registration Module Pages/Form 1/Save  Continue' is clicked on

2018-12-12 15:37:38 - [MESSAGE][PASSED] - Object: 'Object Repository/Final Object Repo/New Registration - Registration Module Pages/Form 1/Save  Continue' is clicked on

2018-12-12 15:37:38 - [MESSAGE][PASSED] - Call Test Case 'Test Cases/Final Aug 2018 - PKS Automation/Registration Module/New Registration/Form 1/Form 1 - Other - Cooperative' successfully

2018-12-12 15:37:38 - [TEST_STEP][PASSED] - callTestCase: Call Test Case 'Test Cases/Final Aug 2018 - PKS Automation/Registration Module/New Registration/Form 2/Add 2 Eligible 2 Not Eligible' successfully

2018-12-12 15:37:38 - [TEST_CASE][PASSED] - Test Cases/Final Aug 2018 - PKS Automation/Registration Module/New Registration/Form 2/Add 2 Eligible 2 Not Eligible: Test Cases/Final Aug 2018 - PKS Automation/Registration Module/New Registration/Form 2/Add 2 Eligible 2 Not Eligible

2018-12-12 15:37:38 - [TEST_STEP][PASSED] - delay: Delayed 2 second(s)

2018-12-12 15:37:40 - [MESSAGE][PASSED] - Delayed 2 second(s)

2018-12-12 15:37:40 - [TEST_STEP][PASSED] - callTestCase: Call Test Case 'Test Cases/Final Aug 2018 - PKS Automation/Registration Module/New Registration/Form 2/Date Updater' successfully

2018-12-12 15:37:40 - [TEST_CASE][PASSED] - Test Cases/Final Aug 2018 - PKS Automation/Registration Module/New Registration/Form 2/Date Updater: Test Cases/Final Aug 2018 - PKS Automation/Registration Module/New Registration/Form 2/Date Updater

2018-12-12 15:37:40 - [TEST_STEP][PASSED] - Statement - TodayDate = new java.util.Date(): null

2018-12-12 15:37:40 - [TEST_STEP][PASSED] - Statement - CurrentDateNoFilter = new java.text.SimpleDateFormat(): null

2018-12-12 15:37:40 - [TEST_STEP][PASSED] - Statement - CurrentDateNoFilter.applyPattern("MM"): null

2018-12-12 15:37:40 - [TEST_STEP][PASSED] - Statement - monthContainerMatcher = java.lang.Integer.parseInt(CurrentDateNoFilter.format(TodayDate)): null

2018-12-12 15:37:40 - [TEST_STEP][PASSED] - Statement - monthContainerMatcher = monthContainerMatcher - 1: null

2018-12-12 15:37:40 - [TEST_STEP][PASSED] - Statement - CurrentMonth = monthContainerMatcher.toString(): null

2018-12-12 15:37:40 - [TEST_STEP][PASSED] - Statement - CurrentMonth = CurrentMonth: null

2018-12-12 15:37:40 - [TEST_STEP][PASSED] - Statement - CurrentDateNoFilter.applyPattern("yyyy"): null

2018-12-12 15:37:40 - [TEST_STEP][PASSED] - Statement - CurrentYear = CurrentDateNoFilter.format(TodayDate): null

2018-12-12 15:37:40 - [TEST_STEP][PASSED] - Statement - CurrentYear = CurrentYear: null

2018-12-12 15:37:40 - [TEST_STEP][PASSED] - Statement - intCurrentYear = java.lang.Integer.parseInt(CurrentDateNoFilter.format(TodayDate)): null

2018-12-12 15:37:40 - [TEST_STEP][PASSED] - Statement - eighteenYrsAgo = intCurrentYear - 18: null

2018-12-12 15:37:40 - [TEST_STEP][PASSED] - Statement - eighteenYrsBeforeThisYr = eighteenYrsAgo.toString(): null

2018-12-12 15:37:40 - [TEST_STEP][PASSED] - Statement - EighteenYrsBefore = eighteenYrsBeforeThisYr: null

2018-12-12 15:37:40 - [TEST_STEP][PASSED] - Statement - fiftysevenYrsAgo = intCurrentYear - 57: null

2018-12-12 15:37:40 - [TEST_STEP][PASSED] - Statement - fiftysevenYrsBeforeThisYr = fiftysevenYrsAgo.toString(): null

2018-12-12 15:37:40 - [TEST_STEP][PASSED] - Statement - FiftysevenYrsBefore = fiftysevenYrsBeforeThisYr: null

2018-12-12 15:37:40 - [TEST_STEP][PASSED] - Statement - leapYear = false: null

2018-12-12 15:37:40 - [TEST_STEP][PASSED] - Statement - leapYear = intCurrentYear % 4 == 0: null

2018-12-12 15:37:40 - [TEST_STEP][PASSED] - Statement - CurrentDateNoFilter.applyPattern("dd"): null

2018-12-12 15:37:40 - [TEST_STEP][PASSED] - Statement - CurrentDate = CurrentDateNoFilter.format(TodayDate): null

2018-12-12 15:37:40 - [TEST_STEP][PASSED] - Statement - CurrentDate = java.lang.Integer.parseInt(CurrentDate): null

2018-12-12 15:37:40 - [TEST_STEP][PASSED] - Statement - CurrentDate = CurrentDate: null

2018-12-12 15:37:40 - [TEST_STEP][PASSED] - Statement - CurrentDay = java.lang.Integer.parseInt(CurrentDate): null

2018-12-12 15:37:40 - [TEST_STEP][PASSED] - Statement - ConfAdder = <not implemented yet for class: org.codehaus.groovy.ast.expr.EmptyExpression>: null

2018-12-12 15:37:40 - [TEST_STEP][PASSED] - Statement - out.println(CurrentMonth): null

2018-12-12 15:37:40 - [TEST_STEP][PASSED] - Statement - out.println(CurrentDate): null

2018-12-12 15:37:40 - [TEST_STEP][PASSED] - Statement - switch (CurrentDate): null

2018-12-12 15:37:40 - [TEST_STEP][PASSED] - Statement - Default: null

2018-12-12 15:37:40 - [TEST_STEP][PASSED] - Statement - ConfAdder = true: null

2018-12-12 15:37:40 - [TEST_STEP][PASSED] - Statement - Break: null

2018-12-12 15:37:40 - [TEST_STEP][PASSED] - Statement - aDayBefore = <not implemented yet for class: org.codehaus.groovy.ast.expr.EmptyExpression>: null

2018-12-12 15:37:40 - [TEST_STEP][PASSED] - Statement - out.println(ConfAdder): null

2018-12-12 15:37:40 - [TEST_STEP][PASSED] - Statement - If (ConfAdder == true): null

2018-12-12 15:37:40 - [TEST_STEP][PASSED] - Statement - aDayBefore = CurrentDay + 1: null

2018-12-12 15:37:40 - [TEST_STEP][PASSED] - Statement - out.println(aDayBefore): null

2018-12-12 15:37:40 - [TEST_STEP][PASSED] - Statement - If (aDayBefore == 1 && CurrentMonth == 11): null

2018-12-12 15:37:40 - [TEST_STEP][PASSED] - Statement - DayBefore = aDayBefore.toString(): null

2018-12-12 15:37:40 - [TEST_STEP][PASSED] - Statement - OneDayBefore = DayBefore: null

2018-12-12 15:37:40 - [MESSAGE][PASSED] - Call Test Case 'Test Cases/Final Aug 2018 - PKS Automation/Registration Module/New Registration/Form 2/Date Updater' successfully

2018-12-12 15:37:40 - [TEST_STEP][PASSED] - delay: Delayed 1 second(s)

2018-12-12 15:37:41 - [MESSAGE][PASSED] - Delayed 1 second(s)

2018-12-12 15:37:41 - [TEST_STEP][PASSED] - Statement - CaseReferenceNo = com.kms.katalon.core.webui.keyword.WebUiBuiltInKeywords.getText(com.kms.katalon.core.testobject.ObjectRepository.findTestObject(Final Object Repo/New Registration - Registration Module Pages/Form 2/RefNo Acquiring)): Text of object 'Object Repository/Final Object Repo/New Registration - Registration Module Pages/Form 2/RefNo Acquiring' is: 'CRN12201800123207'

2018-12-12 15:37:41 - [MESSAGE][PASSED] - Text of object 'Object Repository/Final Object Repo/New Registration - Registration Module Pages/Form 2/RefNo Acquiring' is: 'CRN12201800123207'

2018-12-12 15:37:41 - [TEST_STEP][PASSED] - delay: Delayed 1 second(s)

2018-12-12 15:37:42 - [MESSAGE][PASSED] - Delayed 1 second(s)

2018-12-12 15:37:42 - [TEST_STEP][PASSED] - click: Object: 'Object Repository/Final Object Repo/New Registration - Registration Module Pages/Form 2/Add Employee Button' is clicked on

2018-12-12 15:37:43 - [MESSAGE][PASSED] - Object: 'Object Repository/Final Object Repo/New Registration - Registration Module Pages/Form 2/Add Employee Button' is clicked on

2018-12-12 15:37:43 - [TEST_STEP][PASSED] - delay: Delayed 4 second(s)

2018-12-12 15:37:47 - [MESSAGE][PASSED] - Delayed 4 second(s)

2018-12-12 15:37:47 - [TEST_STEP][PASSED] - setText: Text '010903091927' is set on object 'Object Repository/Final Object Repo/New Registration - Registration Module Pages/Form 2/NRIC Input'

2018-12-12 15:37:47 - [MESSAGE][PASSED] - Text '010903091927' is set on object 'Object Repository/Final Object Repo/New Registration - Registration Module Pages/Form 2/NRIC Input'

2018-12-12 15:37:47 - [TEST_STEP][PASSED] - click: Object: 'Object Repository/Final Object Repo/New Registration - Registration Module Pages/Form 2/button for search for IC' is clicked on

2018-12-12 15:37:47 - [MESSAGE][PASSED] - Object: 'Object Repository/Final Object Repo/New Registration - Registration Module Pages/Form 2/button for search for IC' is clicked on

2018-12-12 15:37:47 - [TEST_STEP][PASSED] - delay: Delayed 2 second(s)

2018-12-12 15:37:49 - [MESSAGE][PASSED] - Delayed 2 second(s)

2018-12-12 15:37:49 - [TEST_STEP][PASSED] - setText: Text 'Automate001 eligible 1' is set on object 'Object Repository/Final Object Repo/New Registration - Registration Module Pages/Form 2/Employee Name Input'

2018-12-12 15:37:50 - [MESSAGE][PASSED] - Text 'Automate001 eligible 1' is set on object 'Object Repository/Final Object Repo/New Registration - Registration Module Pages/Form 2/Employee Name Input'

2018-12-12 15:37:50 - [TEST_STEP][PASSED] - delay: Delayed 2 second(s)

2018-12-12 15:37:52 - [MESSAGE][PASSED] - Delayed 2 second(s)

2018-12-12 15:37:52 - [TEST_STEP][PASSED] - click: Object: 'Object Repository/Final Object Repo/New Registration - Registration Module Pages/Form 2/DatePicker Pop Up' is clicked on

2018-12-12 15:37:52 - [MESSAGE][PASSED] - Object: 'Object Repository/Final Object Repo/New Registration - Registration Module Pages/Form 2/DatePicker Pop Up' is clicked on

2018-12-12 15:37:52 - [TEST_STEP][PASSED] - click: Object: 'Object Repository/Final Object Repo/New Registration - Registration Module Pages/Form 2/DOB Month' is clicked on

2018-12-12 15:37:52 - [MESSAGE][PASSED] - Object: 'Object Repository/Final Object Repo/New Registration - Registration Module Pages/Form 2/DOB Month' is clicked on

2018-12-12 15:37:52 - [TEST_STEP][PASSED] - Statement - CurrentMonth = CurrentMonth: null

2018-12-12 15:37:52 - [TEST_STEP][PASSED] - Statement - selectMonth = new com.kms.katalon.core.testobject.TestObject(): null

2018-12-12 15:37:52 - [TEST_STEP][PASSED] - Statement - selectMonth.addProperty("xpath", EQUALS, "//body/div/div/div/select/option[@value='" + CurrentMonth + "']", true): null

2018-12-12 15:37:52 - [TEST_STEP][PASSED] - click: Object: '' is clicked on

2018-12-12 15:37:52 - [MESSAGE][PASSED] - Object: '' is clicked on

2018-12-12 15:37:52 - [TEST_STEP][PASSED] - click: Object: 'Object Repository/Final Object Repo/New Registration - Registration Module Pages/Form 2/DOB Year' is clicked on

2018-12-12 15:37:52 - [MESSAGE][PASSED] - Object: 'Object Repository/Final Object Repo/New Registration - Registration Module Pages/Form 2/DOB Year' is clicked on

2018-12-12 15:37:52 - [TEST_STEP][PASSED] - Statement - Eyearsbf = EighteenYrsBefore: null

2018-12-12 15:37:52 - [TEST_STEP][PASSED] - Statement - selectYear = new com.kms.katalon.core.testobject.TestObject(): null

2018-12-12 15:37:52 - [TEST_STEP][PASSED] - Statement - selectYear.addProperty("xpath", EQUALS, "//div/div/div/select/option[@value='" + Eyearsbf + "']", true): null

2018-12-12 15:37:52 - [TEST_STEP][PASSED] - click: Object: '' is clicked on

2018-12-12 15:37:52 - [MESSAGE][PASSED] - Object: '' is clicked on

2018-12-12 15:37:52 - [TEST_STEP][PASSED] - Statement - UpdatedSelectDate = com.kms.katalon.core.webui.keyword.WebUiBuiltInKeywords.modifyObjectProperty(com.kms.katalon.core.testobject.ObjectRepository.findTestObject(Final Object Repo/New Registration - Registration Module Pages/Form 2/DOB Date), "xpath", "equals", "//body/div/table/tbody/tr/td/a[text()="" + CurrentDate + ""]", true): Modify property of object successfully

2018-12-12 15:37:52 - [MESSAGE][PASSED] - Modify property of object successfully

2018-12-12 15:37:52 - [TEST_STEP][PASSED] - delay: Delayed 3 second(s)

2018-12-12 15:37:55 - [MESSAGE][PASSED] - Delayed 3 second(s)

2018-12-12 15:37:55 - [TEST_STEP][PASSED] - click: Object: 'Object Repository/Final Object Repo/New Registration - Registration Module Pages/Form 2/DOB Date' is clicked on

2018-12-12 15:37:56 - [MESSAGE][PASSED] - Object: 'Object Repository/Final Object Repo/New Registration - Registration Module Pages/Form 2/DOB Date' is clicked on

2018-12-12 15:37:56 - [TEST_STEP][PASSED] - delay: Delayed 2 second(s)

2018-12-12 15:37:58 - [MESSAGE][PASSED] - Delayed 2 second(s)

2018-12-12 15:37:58 - [TEST_STEP][PASSED] - click: Object: 'Object Repository/Final Object Repo/New Registration - Registration Module Pages/Form 2/EmploymentStartDate Pop Up' is clicked on

2018-12-12 15:37:58 - [MESSAGE][PASSED] - Object: 'Object Repository/Final Object Repo/New Registration - Registration Module Pages/Form 2/EmploymentStartDate Pop Up' is clicked on

2018-12-12 15:37:58 - [TEST_STEP][PASSED] - delay: Delayed 2 second(s)

2018-12-12 15:38:00 - [MESSAGE][PASSED] - Delayed 2 second(s)

2018-12-12 15:38:00 - [TEST_STEP][PASSED] - click: Object: 'Object Repository/Final Object Repo/New Registration - Registration Module Pages/Form 2/Socso Employment StartDate Month' is clicked on

2018-12-12 15:38:00 - [MESSAGE][PASSED] - Object: 'Object Repository/Final Object Repo/New Registration - Registration Module Pages/Form 2/Socso Employment StartDate Month' is clicked on

2018-12-12 15:38:00 - [TEST_STEP][PASSED] - delay: Delayed 1 second(s)

2018-12-12 15:38:01 - [MESSAGE][PASSED] - Delayed 1 second(s)

2018-12-12 15:38:01 - [TEST_STEP][PASSED] - click: Object: 'Object Repository/Final Object Repo/New Registration - Registration Module Pages/Form 2/Select Socso Employement Startdate Month' is clicked on

2018-12-12 15:38:01 - [MESSAGE][PASSED] - Object: 'Object Repository/Final Object Repo/New Registration - Registration Module Pages/Form 2/Select Socso Employement Startdate Month' is clicked on

2018-12-12 15:38:01 - [TEST_STEP][PASSED] - delay: Delayed 2 second(s)

2018-12-12 15:38:03 - [MESSAGE][PASSED] - Delayed 2 second(s)

2018-12-12 15:38:03 - [TEST_STEP][PASSED] - click: Object: 'Object Repository/Final Object Repo/New Registration - Registration Module Pages/Form 2/Socso Employment StartDate Year' is clicked on

2018-12-12 15:38:03 - [MESSAGE][PASSED] - Object: 'Object Repository/Final Object Repo/New Registration - Registration Module Pages/Form 2/Socso Employment StartDate Year' is clicked on

2018-12-12 15:38:03 - [TEST_STEP][PASSED] - delay: Delayed 1 second(s)

2018-12-12 15:38:04 - [MESSAGE][PASSED] - Delayed 1 second(s)

2018-12-12 15:38:04 - [TEST_STEP][PASSED] - click: Object: 'Object Repository/Final Object Repo/New Registration - Registration Module Pages/Form 2/Select Socso Employment Startdate Year' is clicked on

2018-12-12 15:38:04 - [MESSAGE][PASSED] - Object: 'Object Repository/Final Object Repo/New Registration - Registration Module Pages/Form 2/Select Socso Employment Startdate Year' is clicked on

2018-12-12 15:38:04 - [TEST_STEP][PASSED] - delay: Delayed 2 second(s)

2018-12-12 15:38:06 - [MESSAGE][PASSED] - Delayed 2 second(s)

2018-12-12 15:38:06 - [TEST_STEP][PASSED] - click: Object: 'Object Repository/Final Object Repo/New Registration - Registration Module Pages/Form 2/Socso Employment Start Date Day' is clicked on

2018-12-12 15:38:07 - [MESSAGE][PASSED] - Object: 'Object Repository/Final Object Repo/New Registration - Registration Module Pages/Form 2/Socso Employment Start Date Day' is clicked on

2018-12-12 15:38:07 - [TEST_STEP][PASSED] - delay: Delayed 2 second(s)

2018-12-12 15:38:09 - [MESSAGE][PASSED] - Delayed 2 second(s)

2018-12-12 15:38:09 - [TEST_STEP][PASSED] - click: Object: 'Object Repository/Final Object Repo/New Registration - Registration Module Pages/Form 2/Save Button for Add Employee' is clicked on

2018-12-12 15:38:09 - [MESSAGE][PASSED] - Object: 'Object Repository/Final Object Repo/New Registration - Registration Module Pages/Form 2/Save Button for Add Employee' is clicked on

2018-12-12 15:38:09 - [TEST_STEP][PASSED] - delay: Delayed 6 second(s)

2018-12-12 15:38:15 - [MESSAGE][PASSED] - Delayed 6 second(s)

2018-12-12 15:38:15 - [TEST_STEP][PASSED] - click: Object: 'Object Repository/Final Object Repo/New Registration - Registration Module Pages/Form 2/Add Employee Button' is clicked on

2018-12-12 15:38:15 - [MESSAGE][PASSED] - Object: 'Object Repository/Final Object Repo/New Registration - Registration Module Pages/Form 2/Add Employee Button' is clicked on

2018-12-12 15:38:15 - [TEST_STEP][PASSED] - delay: Delayed 4 second(s)

2018-12-12 15:38:19 - [MESSAGE][PASSED] - Delayed 4 second(s)

2018-12-12 15:38:19 - [TEST_STEP][PASSED] - setText: Text '620904059691' is set on object 'Object Repository/Final Object Repo/New Registration - Registration Module Pages/Form 2/NRIC Input'

2018-12-12 15:38:19 - [MESSAGE][PASSED] - Text '620904059691' is set on object 'Object Repository/Final Object Repo/New Registration - Registration Module Pages/Form 2/NRIC Input'

2018-12-12 15:38:19 - [TEST_STEP][PASSED] - click: Object: 'Object Repository/Final Object Repo/New Registration - Registration Module Pages/Form 2/button for search for IC' is clicked on

2018-12-12 15:38:20 - [MESSAGE][PASSED] - Object: 'Object Repository/Final Object Repo/New Registration - Registration Module Pages/Form 2/button for search for IC' is clicked on

2018-12-12 15:38:20 - [TEST_STEP][PASSED] - delay: Delayed 2 second(s)

2018-12-12 15:38:22 - [MESSAGE][PASSED] - Delayed 2 second(s)

2018-12-12 15:38:22 - [TEST_STEP][PASSED] - setText: Text 'Automate001 eligible 2' is set on object 'Object Repository/Final Object Repo/New Registration - Registration Module Pages/Form 2/Employee Name Input'

2018-12-12 15:38:22 - [MESSAGE][PASSED] - Text 'Automate001 eligible 2' is set on object 'Object Repository/Final Object Repo/New Registration - Registration Module Pages/Form 2/Employee Name Input'

2018-12-12 15:38:22 - [TEST_STEP][PASSED] - delay: Delayed 2 second(s)

2018-12-12 15:38:24 - [MESSAGE][PASSED] - Delayed 2 second(s)

2018-12-12 15:38:24 - [TEST_STEP][PASSED] - click: Object: 'Object Repository/Final Object Repo/New Registration - Registration Module Pages/Form 2/DatePicker Pop Up' is clicked on

2018-12-12 15:38:24 - [MESSAGE][PASSED] - Object: 'Object Repository/Final Object Repo/New Registration - Registration Module Pages/Form 2/DatePicker Pop Up' is clicked on

2018-12-12 15:38:24 - [TEST_STEP][PASSED] - delay: Delayed 2 second(s)

2018-12-12 15:38:26 - [MESSAGE][PASSED] - Delayed 2 second(s)

2018-12-12 15:38:26 - [TEST_STEP][PASSED] - click: Object: 'Object Repository/Final Object Repo/New Registration - Registration Module Pages/Form 2/DOB Month' is clicked on

2018-12-12 15:38:26 - [MESSAGE][PASSED] - Object: 'Object Repository/Final Object Repo/New Registration - Registration Module Pages/Form 2/DOB Month' is clicked on

2018-12-12 15:38:26 - [TEST_STEP][PASSED] - Statement - selectMonth = com.kms.katalon.core.webui.keyword.WebUiBuiltInKeywords.modifyObjectProperty(selectMonth, "xpath", "equals", "//body/div/div/div/select/option[@value="" + CurrentMonth + ""]", true): Modify property of object successfully

2018-12-12 15:38:26 - [MESSAGE][PASSED] - Modify property of object successfully

2018-12-12 15:38:26 - [TEST_STEP][PASSED] - click: Object: '' is clicked on

2018-12-12 15:38:27 - [MESSAGE][PASSED] - Object: '' is clicked on

2018-12-12 15:38:27 - [TEST_STEP][PASSED] - click: Object: 'Object Repository/Final Object Repo/New Registration - Registration Module Pages/Form 2/DOB Year' is clicked on

2018-12-12 15:38:27 - [MESSAGE][PASSED] - Object: 'Object Repository/Final Object Repo/New Registration - Registration Module Pages/Form 2/DOB Year' is clicked on

2018-12-12 15:38:27 - [TEST_STEP][PASSED] - Statement - selectYear = com.kms.katalon.core.webui.keyword.WebUiBuiltInKeywords.modifyObjectProperty(selectYear, "xpath", "equals", "//div/div/div/select/option[@value="" + FiftysevenYrsBefore + ""]", true): Modify property of object successfully

2018-12-12 15:38:27 - [MESSAGE][PASSED] - Modify property of object successfully

2018-12-12 15:38:27 - [TEST_STEP][PASSED] - click: Object: '' is clicked on

2018-12-12 15:38:27 - [MESSAGE][PASSED] - Object: '' is clicked on

2018-12-12 15:38:27 - [TEST_STEP][PASSED] - Statement - UpdatedSelectDate = com.kms.katalon.core.webui.keyword.WebUiBuiltInKeywords.modifyObjectProperty(com.kms.katalon.core.testobject.ObjectRepository.findTestObject(Final Object Repo/New Registration - Registration Module Pages/Form 2/DOB Date), "xpath", "equals", "//body/div/table/tbody/tr/td/a[text()="" + OneDayBefore + ""]", true): Modify property of object successfully

2018-12-12 15:38:27 - [MESSAGE][PASSED] - Modify property of object successfully

2018-12-12 15:38:27 - [TEST_STEP][PASSED] - click: Object: 'Object Repository/Final Object Repo/New Registration - Registration Module Pages/Form 2/DOB Date' is clicked on

2018-12-12 15:38:27 - [MESSAGE][PASSED] - Object: 'Object Repository/Final Object Repo/New Registration - Registration Module Pages/Form 2/DOB Date' is clicked on

2018-12-12 15:38:27 - [TEST_STEP][PASSED] - delay: Delayed 2 second(s)

2018-12-12 15:38:29 - [MESSAGE][PASSED] - Delayed 2 second(s)

2018-12-12 15:38:29 - [TEST_STEP][PASSED] - click: Object: 'Object Repository/Final Object Repo/New Registration - Registration Module Pages/Form 2/EmploymentStartDate Pop Up' is clicked on

2018-12-12 15:38:29 - [MESSAGE][PASSED] - Object: 'Object Repository/Final Object Repo/New Registration - Registration Module Pages/Form 2/EmploymentStartDate Pop Up' is clicked on

2018-12-12 15:38:29 - [TEST_STEP][PASSED] - delay: Delayed 2 second(s)

2018-12-12 15:38:31 - [MESSAGE][PASSED] - Delayed 2 second(s)

2018-12-12 15:38:31 - [TEST_STEP][PASSED] - click: Object: 'Object Repository/Final Object Repo/New Registration - Registration Module Pages/Form 2/Socso Employment StartDate Month' is clicked on

2018-12-12 15:38:31 - [MESSAGE][PASSED] - Object: 'Object Repository/Final Object Repo/New Registration - Registration Module Pages/Form 2/Socso Employment StartDate Month' is clicked on

2018-12-12 15:38:31 - [TEST_STEP][PASSED] - delay: Delayed 1 second(s)

2018-12-12 15:38:32 - [MESSAGE][PASSED] - Delayed 1 second(s)

2018-12-12 15:38:32 - [TEST_STEP][PASSED] - click: Object: 'Object Repository/Final Object Repo/New Registration - Registration Module Pages/Form 2/Select Socso Employement Startdate Month' is clicked on

2018-12-12 15:38:32 - [MESSAGE][PASSED] - Object: 'Object Repository/Final Object Repo/New Registration - Registration Module Pages/Form 2/Select Socso Employement Startdate Month' is clicked on

2018-12-12 15:38:32 - [TEST_STEP][PASSED] - delay: Delayed 2 second(s)

2018-12-12 15:38:35 - [MESSAGE][PASSED] - Delayed 2 second(s)

2018-12-12 15:38:35 - [TEST_STEP][PASSED] - click: Object: 'Object Repository/Final Object Repo/New Registration - Registration Module Pages/Form 2/Socso Employment StartDate Year' is clicked on

2018-12-12 15:38:35 - [MESSAGE][PASSED] - Object: 'Object Repository/Final Object Repo/New Registration - Registration Module Pages/Form 2/Socso Employment StartDate Year' is clicked on

2018-12-12 15:38:35 - [TEST_STEP][PASSED] - delay: Delayed 1 second(s)

2018-12-12 15:38:36 - [MESSAGE][PASSED] - Delayed 1 second(s)

2018-12-12 15:38:36 - [TEST_STEP][PASSED] - click: Object: 'Object Repository/Final Object Repo/New Registration - Registration Module Pages/Form 2/Select Socso Employment Startdate Year' is clicked on

2018-12-12 15:38:36 - [MESSAGE][PASSED] - Object: 'Object Repository/Final Object Repo/New Registration - Registration Module Pages/Form 2/Select Socso Employment Startdate Year' is clicked on

2018-12-12 15:38:36 - [TEST_STEP][PASSED] - delay: Delayed 2 second(s)

2018-12-12 15:38:38 - [MESSAGE][PASSED] - Delayed 2 second(s)

2018-12-12 15:38:38 - [TEST_STEP][PASSED] - click: Object: 'Object Repository/Final Object Repo/New Registration - Registration Module Pages/Form 2/Socso Employment Start Date Day' is clicked on

2018-12-12 15:38:38 - [MESSAGE][PASSED] - Object: 'Object Repository/Final Object Repo/New Registration - Registration Module Pages/Form 2/Socso Employment Start Date Day' is clicked on

2018-12-12 15:38:38 - [TEST_STEP][PASSED] - delay: Delayed 2 second(s)

2018-12-12 15:38:40 - [MESSAGE][PASSED] - Delayed 2 second(s)

2018-12-12 15:38:40 - [TEST_STEP][PASSED] - click: Object: 'Object Repository/Final Object Repo/New Registration - Registration Module Pages/Form 2/Save Button for Add Employee' is clicked on

2018-12-12 15:38:40 - [MESSAGE][PASSED] - Object: 'Object Repository/Final Object Repo/New Registration - Registration Module Pages/Form 2/Save Button for Add Employee' is clicked on

2018-12-12 15:38:40 - [TEST_STEP][PASSED] - delay: Delayed 4 second(s)

2018-12-12 15:38:44 - [MESSAGE][PASSED] - Delayed 4 second(s)

2018-12-12 15:38:44 - [TEST_STEP][PASSED] - delay: Delayed 30 second(s)

2018-12-12 15:39:14 - [MESSAGE][PASSED] - Delayed 30 second(s)

2018-12-12 15:39:14 - [TEST_STEP][PASSED] - click: Object: 'Object Repository/Final Object Repo/New Registration - Registration Module Pages/Form 2/Add Employee Button' is clicked on

2018-12-12 15:39:14 - [MESSAGE][PASSED] - Object: 'Object Repository/Final Object Repo/New Registration - Registration Module Pages/Form 2/Add Employee Button' is clicked on

2018-12-12 15:39:14 - [TEST_STEP][PASSED] - delay: Delayed 4 second(s)

2018-12-12 15:39:18 - [MESSAGE][PASSED] - Delayed 4 second(s)

2018-12-12 15:39:18 - [TEST_STEP][PASSED] - setText: Text '000209039145' is set on object 'Object Repository/Final Object Repo/New Registration - Registration Module Pages/Form 2/NRIC Input'

2018-12-12 15:39:19 - [MESSAGE][PASSED] - Text '000209039145' is set on object 'Object Repository/Final Object Repo/New Registration - Registration Module Pages/Form 2/NRIC Input'

2018-12-12 15:39:19 - [TEST_STEP][PASSED] - click: Object: 'Object Repository/Final Object Repo/New Registration - Registration Module Pages/Form 2/button for search for IC' is clicked on

2018-12-12 15:39:19 - [MESSAGE][PASSED] - Object: 'Object Repository/Final Object Repo/New Registration - Registration Module Pages/Form 2/button for search for IC' is clicked on

2018-12-12 15:39:19 - [TEST_STEP][PASSED] - delay: Delayed 2 second(s)

2018-12-12 15:39:21 - [MESSAGE][PASSED] - Delayed 2 second(s)

2018-12-12 15:39:21 - [TEST_STEP][PASSED] - setText: Text 'Automate001 not eligible 1' is set on object 'Object Repository/Final Object Repo/New Registration - Registration Module Pages/Form 2/Employee Name Input'

2018-12-12 15:39:22 - [MESSAGE][PASSED] - Text 'Automate001 not eligible 1' is set on object 'Object Repository/Final Object Repo/New Registration - Registration Module Pages/Form 2/Employee Name Input'

2018-12-12 15:39:22 - [TEST_STEP][PASSED] - delay: Delayed 2 second(s)

2018-12-12 15:39:24 - [MESSAGE][PASSED] - Delayed 2 second(s)

2018-12-12 15:39:24 - [TEST_STEP][PASSED] - click: Object: 'Object Repository/Final Object Repo/New Registration - Registration Module Pages/Form 2/DatePicker Pop Up' is clicked on

2018-12-12 15:39:24 - [MESSAGE][PASSED] - Object: 'Object Repository/Final Object Repo/New Registration - Registration Module Pages/Form 2/DatePicker Pop Up' is clicked on

2018-12-12 15:39:24 - [TEST_STEP][PASSED] - delay: Delayed 2 second(s)

2018-12-12 15:39:26 - [MESSAGE][PASSED] - Delayed 2 second(s)

2018-12-12 15:39:26 - [TEST_STEP][PASSED] - click: Object: 'Object Repository/Final Object Repo/New Registration - Registration Module Pages/Form 2/DOB Month' is clicked on

2018-12-12 15:39:26 - [MESSAGE][PASSED] - Object: 'Object Repository/Final Object Repo/New Registration - Registration Module Pages/Form 2/DOB Month' is clicked on

2018-12-12 15:39:26 - [TEST_STEP][PASSED] - Statement - selectMonth = com.kms.katalon.core.webui.keyword.WebUiBuiltInKeywords.modifyObjectProperty(selectMonth, "xpath", "equals", "//body/div/div/div/select/option[@value="" + CurrentMonth + ""]", true): Modify property of object successfully

2018-12-12 15:39:26 - [MESSAGE][PASSED] - Modify property of object successfully

2018-12-12 15:39:26 - [TEST_STEP][PASSED] - click: Object: '' is clicked on

2018-12-12 15:39:26 - [MESSAGE][PASSED] - Object: '' is clicked on

2018-12-12 15:39:26 - [TEST_STEP][PASSED] - click: Object: 'Object Repository/Final Object Repo/New Registration - Registration Module Pages/Form 2/DOB Year' is clicked on

2018-12-12 15:39:26 - [MESSAGE][PASSED] - Object: 'Object Repository/Final Object Repo/New Registration - Registration Module Pages/Form 2/DOB Year' is clicked on

2018-12-12 15:39:26 - [TEST_STEP][PASSED] - Statement - selectYear = com.kms.katalon.core.webui.keyword.WebUiBuiltInKeywords.modifyObjectProperty(selectYear, "xpath", "equals", "//div/div/div/select/option[@value="" + EighteenYrsBefore + ""]", true): Modify property of object successfully

2018-12-12 15:39:26 - [MESSAGE][PASSED] - Modify property of object successfully

2018-12-12 15:39:26 - [TEST_STEP][PASSED] - click: Object: '' is clicked on

2018-12-12 15:39:26 - [MESSAGE][PASSED] - Object: '' is clicked on

2018-12-12 15:39:26 - [TEST_STEP][PASSED] - Statement - UpdatedSelectDate = com.kms.katalon.core.webui.keyword.WebUiBuiltInKeywords.modifyObjectProperty(com.kms.katalon.core.testobject.ObjectRepository.findTestObject(Final Object Repo/New Registration - Registration Module Pages/Form 2/DOB Date), "xpath", "equals", "//body/div/table/tbody/tr/td/a[text()="" + OneDayBefore + ""]", true): Modify property of object successfully

2018-12-12 15:39:26 - [MESSAGE][PASSED] - Modify property of object successfully

2018-12-12 15:39:26 - [TEST_STEP][PASSED] - click: Object: 'Object Repository/Final Object Repo/New Registration - Registration Module Pages/Form 2/DOB Date' is clicked on

2018-12-12 15:39:27 - [MESSAGE][PASSED] - Object: 'Object Repository/Final Object Repo/New Registration - Registration Module Pages/Form 2/DOB Date' is clicked on

2018-12-12 15:39:27 - [TEST_STEP][PASSED] - delay: Delayed 2 second(s)

2018-12-12 15:39:29 - [MESSAGE][PASSED] - Delayed 2 second(s)

2018-12-12 15:39:29 - [TEST_STEP][PASSED] - click: Object: 'Object Repository/Final Object Repo/New Registration - Registration Module Pages/Form 2/EmploymentStartDate Pop Up' is clicked on

2018-12-12 15:39:29 - [MESSAGE][PASSED] - Object: 'Object Repository/Final Object Repo/New Registration - Registration Module Pages/Form 2/EmploymentStartDate Pop Up' is clicked on

2018-12-12 15:39:29 - [TEST_STEP][PASSED] - delay: Delayed 2 second(s)

2018-12-12 15:39:31 - [MESSAGE][PASSED] - Delayed 2 second(s)

2018-12-12 15:39:31 - [TEST_STEP][PASSED] - click: Object: 'Object Repository/Final Object Repo/New Registration - Registration Module Pages/Form 2/Socso Employment StartDate Month' is clicked on

2018-12-12 15:39:31 - [MESSAGE][PASSED] - Object: 'Object Repository/Final Object Repo/New Registration - Registration Module Pages/Form 2/Socso Employment StartDate Month' is clicked on

2018-12-12 15:39:31 - [TEST_STEP][PASSED] - delay: Delayed 1 second(s)

2018-12-12 15:39:32 - [MESSAGE][PASSED] - Delayed 1 second(s)

2018-12-12 15:39:32 - [TEST_STEP][PASSED] - click: Object: 'Object Repository/Final Object Repo/New Registration - Registration Module Pages/Form 2/Select Socso Employement Startdate Month' is clicked on

2018-12-12 15:39:32 - [MESSAGE][PASSED] - Object: 'Object Repository/Final Object Repo/New Registration - Registration Module Pages/Form 2/Select Socso Employement Startdate Month' is clicked on

2018-12-12 15:39:32 - [TEST_STEP][PASSED] - delay: Delayed 2 second(s)

2018-12-12 15:39:34 - [MESSAGE][PASSED] - Delayed 2 second(s)

2018-12-12 15:39:34 - [TEST_STEP][PASSED] - click: Object: 'Object Repository/Final Object Repo/New Registration - Registration Module Pages/Form 2/Socso Employment StartDate Year' is clicked on

2018-12-12 15:39:34 - [MESSAGE][PASSED] - Object: 'Object Repository/Final Object Repo/New Registration - Registration Module Pages/Form 2/Socso Employment StartDate Year' is clicked on

2018-12-12 15:39:34 - [TEST_STEP][PASSED] - delay: Delayed 1 second(s)

2018-12-12 15:39:35 - [MESSAGE][PASSED] - Delayed 1 second(s)

2018-12-12 15:39:35 - [TEST_STEP][PASSED] - click: Object: 'Object Repository/Final Object Repo/New Registration - Registration Module Pages/Form 2/Select Socso Employment Startdate Year' is clicked on

2018-12-12 15:39:36 - [MESSAGE][PASSED] - Object: 'Object Repository/Final Object Repo/New Registration - Registration Module Pages/Form 2/Select Socso Employment Startdate Year' is clicked on

2018-12-12 15:39:36 - [TEST_STEP][PASSED] - delay: Delayed 2 second(s)

2018-12-12 15:39:38 - [MESSAGE][PASSED] - Delayed 2 second(s)

2018-12-12 15:39:38 - [TEST_STEP][PASSED] - click: Object: 'Object Repository/Final Object Repo/New Registration - Registration Module Pages/Form 2/Socso Employment Start Date Day' is clicked on

2018-12-12 15:39:38 - [MESSAGE][PASSED] - Object: 'Object Repository/Final Object Repo/New Registration - Registration Module Pages/Form 2/Socso Employment Start Date Day' is clicked on

2018-12-12 15:39:38 - [TEST_STEP][PASSED] - delay: Delayed 2 second(s)

2018-12-12 15:39:40 - [MESSAGE][PASSED] - Delayed 2 second(s)

2018-12-12 15:39:40 - [TEST_STEP][PASSED] - click: Object: 'Object Repository/Final Object Repo/New Registration - Registration Module Pages/Form 2/Save Button for Add Employee' is clicked on

2018-12-12 15:39:40 - [MESSAGE][PASSED] - Object: 'Object Repository/Final Object Repo/New Registration - Registration Module Pages/Form 2/Save Button for Add Employee' is clicked on

2018-12-12 15:39:40 - [TEST_STEP][PASSED] - delay: Delayed 6 second(s)

2018-12-12 15:39:46 - [MESSAGE][PASSED] - Delayed 6 second(s)

2018-12-12 15:39:46 - [TEST_STEP][PASSED] - click: Object: 'Object Repository/Final Object Repo/New Registration - Registration Module Pages/Form 2/Add Employee Button' is clicked on

2018-12-12 15:39:46 - [MESSAGE][PASSED] - Object: 'Object Repository/Final Object Repo/New Registration - Registration Module Pages/Form 2/Add Employee Button' is clicked on

2018-12-12 15:39:46 - [TEST_STEP][PASSED] - delay: Delayed 4 second(s)

2018-12-12 15:39:50 - [MESSAGE][PASSED] - Delayed 4 second(s)

2018-12-12 15:39:50 - [TEST_STEP][PASSED] - setText: Text '600203039154' is set on object 'Object Repository/Final Object Repo/New Registration - Registration Module Pages/Form 2/NRIC Input'

2018-12-12 15:39:50 - [MESSAGE][PASSED] - Text '600203039154' is set on object 'Object Repository/Final Object Repo/New Registration - Registration Module Pages/Form 2/NRIC Input'

2018-12-12 15:39:50 - [TEST_STEP][PASSED] - click: Object: 'Object Repository/Final Object Repo/New Registration - Registration Module Pages/Form 2/button for search for IC' is clicked on

2018-12-12 15:39:51 - [MESSAGE][PASSED] - Object: 'Object Repository/Final Object Repo/New Registration - Registration Module Pages/Form 2/button for search for IC' is clicked on

2018-12-12 15:39:51 - [TEST_STEP][PASSED] - delay: Delayed 2 second(s)

2018-12-12 15:39:53 - [MESSAGE][PASSED] - Delayed 2 second(s)

2018-12-12 15:39:53 - [TEST_STEP][PASSED] - setText: Text 'Automate001 not eligible 2' is set on object 'Object Repository/Final Object Repo/New Registration - Registration Module Pages/Form 2/Employee Name Input'

2018-12-12 15:39:53 - [MESSAGE][PASSED] - Text 'Automate001 not eligible 2' is set on object 'Object Repository/Final Object Repo/New Registration - Registration Module Pages/Form 2/Employee Name Input'

2018-12-12 15:39:53 - [TEST_STEP][PASSED] - delay: Delayed 2 second(s)

2018-12-12 15:39:55 - [MESSAGE][PASSED] - Delayed 2 second(s)

2018-12-12 15:39:55 - [TEST_STEP][PASSED] - click: Object: 'Object Repository/Final Object Repo/New Registration - Registration Module Pages/Form 2/DatePicker Pop Up' is clicked on

2018-12-12 15:39:55 - [MESSAGE][PASSED] - Object: 'Object Repository/Final Object Repo/New Registration - Registration Module Pages/Form 2/DatePicker Pop Up' is clicked on

2018-12-12 15:39:55 - [TEST_STEP][PASSED] - delay: Delayed 2 second(s)

2018-12-12 15:39:57 - [MESSAGE][PASSED] - Delayed 2 second(s)

2018-12-12 15:39:57 - [TEST_STEP][PASSED] - click: Object: 'Object Repository/Final Object Repo/New Registration - Registration Module Pages/Form 2/DOB Month' is clicked on

2018-12-12 15:39:58 - [MESSAGE][PASSED] - Object: 'Object Repository/Final Object Repo/New Registration - Registration Module Pages/Form 2/DOB Month' is clicked on

2018-12-12 15:39:58 - [TEST_STEP][PASSED] - Statement - selectMonth = com.kms.katalon.core.webui.keyword.WebUiBuiltInKeywords.modifyObjectProperty(selectMonth, "xpath", "equals", "//body/div/div/div/select/option[@value="" + CurrentMonth + ""]", true): Modify property of object successfully

2018-12-12 15:39:58 - [MESSAGE][PASSED] - Modify property of object successfully

2018-12-12 15:39:58 - [TEST_STEP][PASSED] - click: Object: '' is clicked on

2018-12-12 15:39:58 - [MESSAGE][PASSED] - Object: '' is clicked on

2018-12-12 15:39:58 - [TEST_STEP][PASSED] - click: Object: 'Object Repository/Final Object Repo/New Registration - Registration Module Pages/Form 2/DOB Year' is clicked on

2018-12-12 15:39:58 - [MESSAGE][PASSED] - Object: 'Object Repository/Final Object Repo/New Registration - Registration Module Pages/Form 2/DOB Year' is clicked on

2018-12-12 15:39:58 - [TEST_STEP][PASSED] - Statement - selectYear = com.kms.katalon.core.webui.keyword.WebUiBuiltInKeywords.modifyObjectProperty(selectYear, "xpath", "equals", "//div/div/div/select/option[@value="" + FiftysevenYrsBefore + ""]", true): Modify property of object successfully

2018-12-12 15:39:58 - [MESSAGE][PASSED] - Modify property of object successfully

2018-12-12 15:39:58 - [TEST_STEP][PASSED] - click: Object: '' is clicked on

2018-12-12 15:39:58 - [MESSAGE][PASSED] - Object: '' is clicked on

2018-12-12 15:39:58 - [TEST_STEP][PASSED] - Statement - UpdatedSelectDate = com.kms.katalon.core.webui.keyword.WebUiBuiltInKeywords.modifyObjectProperty(com.kms.katalon.core.testobject.ObjectRepository.findTestObject(Final Object Repo/New Registration - Registration Module Pages/Form 2/DOB Date), "xpath", "equals", "//body/div/table/tbody/tr/td/a[text()="" + CurrentDate + ""]", true): Modify property of object successfully

2018-12-12 15:39:58 - [MESSAGE][PASSED] - Modify property of object successfully

2018-12-12 15:39:58 - [TEST_STEP][PASSED] - click: Object: 'Object Repository/Final Object Repo/New Registration - Registration Module Pages/Form 2/DOB Date' is clicked on

2018-12-12 15:39:58 - [MESSAGE][PASSED] - Object: 'Object Repository/Final Object Repo/New Registration - Registration Module Pages/Form 2/DOB Date' is clicked on

2018-12-12 15:39:58 - [TEST_STEP][PASSED] - click: Object: 'Object Repository/Final Object Repo/New Registration - Registration Module Pages/Form 2/EmploymentStartDate Pop Up' is clicked on

2018-12-12 15:39:58 - [MESSAGE][PASSED] - Object: 'Object Repository/Final Object Repo/New Registration - Registration Module Pages/Form 2/EmploymentStartDate Pop Up' is clicked on

2018-12-12 15:39:58 - [TEST_STEP][PASSED] - delay: Delayed 2 second(s)

2018-12-12 15:40:00 - [MESSAGE][PASSED] - Delayed 2 second(s)

2018-12-12 15:40:00 - [TEST_STEP][PASSED] - click: Object: 'Object Repository/Final Object Repo/New Registration - Registration Module Pages/Form 2/Socso Employment StartDate Month' is clicked on

2018-12-12 15:40:01 - [MESSAGE][PASSED] - Object: 'Object Repository/Final Object Repo/New Registration - Registration Module Pages/Form 2/Socso Employment StartDate Month' is clicked on

2018-12-12 15:40:01 - [TEST_STEP][PASSED] - delay: Delayed 1 second(s)

2018-12-12 15:40:02 - [MESSAGE][PASSED] - Delayed 1 second(s)

2018-12-12 15:40:02 - [TEST_STEP][PASSED] - click: Object: 'Object Repository/Final Object Repo/New Registration - Registration Module Pages/Form 2/Select Socso Employement Startdate Month' is clicked on

2018-12-12 15:40:02 - [MESSAGE][PASSED] - Object: 'Object Repository/Final Object Repo/New Registration - Registration Module Pages/Form 2/Select Socso Employement Startdate Month' is clicked on

2018-12-12 15:40:02 - [TEST_STEP][PASSED] - delay: Delayed 2 second(s)

2018-12-12 15:40:04 - [MESSAGE][PASSED] - Delayed 2 second(s)

2018-12-12 15:40:04 - [TEST_STEP][PASSED] - click: Object: 'Object Repository/Final Object Repo/New Registration - Registration Module Pages/Form 2/Socso Employment StartDate Year' is clicked on

2018-12-12 15:40:04 - [MESSAGE][PASSED] - Object: 'Object Repository/Final Object Repo/New Registration - Registration Module Pages/Form 2/Socso Employment StartDate Year' is clicked on

2018-12-12 15:40:04 - [TEST_STEP][PASSED] - delay: Delayed 1 second(s)

2018-12-12 15:40:05 - [MESSAGE][PASSED] - Delayed 1 second(s)

2018-12-12 15:40:05 - [TEST_STEP][PASSED] - click: Object: 'Object Repository/Final Object Repo/New Registration - Registration Module Pages/Form 2/Select Socso Employment Startdate Year' is clicked on

2018-12-12 15:40:05 - [MESSAGE][PASSED] - Object: 'Object Repository/Final Object Repo/New Registration - Registration Module Pages/Form 2/Select Socso Employment Startdate Year' is clicked on

2018-12-12 15:40:05 - [TEST_STEP][PASSED] - delay: Delayed 2 second(s)

2018-12-12 15:40:07 - [MESSAGE][PASSED] - Delayed 2 second(s)

2018-12-12 15:40:07 - [TEST_STEP][PASSED] - click: Object: 'Object Repository/Final Object Repo/New Registration - Registration Module Pages/Form 2/Socso Employment Start Date Day' is clicked on

2018-12-12 15:40:07 - [MESSAGE][PASSED] - Object: 'Object Repository/Final Object Repo/New Registration - Registration Module Pages/Form 2/Socso Employment Start Date Day' is clicked on

2018-12-12 15:40:07 - [TEST_STEP][PASSED] - delay: Delayed 2 second(s)

2018-12-12 15:40:09 - [MESSAGE][PASSED] - Delayed 2 second(s)

2018-12-12 15:40:09 - [TEST_STEP][PASSED] - click: Object: 'Object Repository/Final Object Repo/New Registration - Registration Module Pages/Form 2/Save Button for Add Employee' is clicked on

2018-12-12 15:40:09 - [MESSAGE][PASSED] - Object: 'Object Repository/Final Object Repo/New Registration - Registration Module Pages/Form 2/Save Button for Add Employee' is clicked on

2018-12-12 15:40:09 - [TEST_STEP][PASSED] - delay: Delayed 2 second(s)

2018-12-12 15:40:11 - [MESSAGE][PASSED] - Delayed 2 second(s)

2018-12-12 15:40:11 - [TEST_STEP][PASSED] - click: Object: 'Object Repository/Final Object Repo/New Registration - Registration Module Pages/Form 2/Save and Continue Form 2' is clicked on

2018-12-12 15:40:12 - [MESSAGE][PASSED] - Object: 'Object Repository/Final Object Repo/New Registration - Registration Module Pages/Form 2/Save and Continue Form 2' is clicked on

2018-12-12 15:40:12 - [MESSAGE][PASSED] - Call Test Case 'Test Cases/Final Aug 2018 - PKS Automation/Registration Module/New Registration/Form 2/Add 2 Eligible 2 Not Eligible' successfully

2018-12-12 15:40:12 - [TEST_STEP][PASSED] - callTestCase: Call Test Case 'Test Cases/Final Aug 2018 - PKS Automation/Registration Module/New Registration/Flow of New Registration/Third Screen - Upload Supporting Doc - Preview' successfully

2018-12-12 15:40:12 - [TEST_CASE][PASSED] - Test Cases/Final Aug 2018 - PKS Automation/Registration Module/New Registration/Flow of New Registration/Third Screen - Upload Supporting Doc - Preview: Test Cases/Final Aug 2018 - PKS Automation/Registration Module/New Registration/Flow of New Registration/Third Screen - Upload Supporting Doc - Preview

2018-12-12 15:40:12 - [TEST_STEP][PASSED] - waitForPageLoad: Wait for page load successfully

2018-12-12 15:40:12 - [MESSAGE][PASSED] - Wait for page load successfully

2018-12-12 15:40:12 - [TEST_STEP][PASSED] - Statement - CaseReferenceNo = com.kms.katalon.core.webui.keyword.WebUiBuiltInKeywords.getText(com.kms.katalon.core.testobject.ObjectRepository.findTestObject(Final Object Repo/New Registration - Registration Module Pages/Third Screen - Upload Supporting Doc- Preview/RefNo Acquiring)): Text of object 'Object Repository/Final Object Repo/New Registration - Registration Module Pages/Third Screen - Upload Supporting Doc- Preview/RefNo Acquiring' is: 'CRN12201800123207'

2018-12-12 15:40:13 - [MESSAGE][PASSED] - Text of object 'Object Repository/Final Object Repo/New Registration - Registration Module Pages/Third Screen - Upload Supporting Doc- Preview/RefNo Acquiring' is: 'CRN12201800123207'

2018-12-12 15:40:13 - [TEST_STEP][PASSED] - delay: Delayed 2 second(s)

2018-12-12 15:40:15 - [MESSAGE][PASSED] - Delayed 2 second(s)

2018-12-12 15:40:15 - [TEST_STEP][PASSED] - callTestCase: Call Test Case 'Test Cases/Final Aug 2018 - PKS Automation/Common/Reference Number Setter' successfully

2018-12-12 15:40:15 - [TEST_CASE][PASSED] - Test Cases/Final Aug 2018 - PKS Automation/Common/Reference Number Setter: Test Cases/Final Aug 2018 - PKS Automation/Common/Reference Number Setter

2018-12-12 15:40:15 - [TEST_STEP][PASSED] - Statement - RefNoOldFile = new java.io.File(C://Users//Admin//Desktop//PKS//Automation Reference Point//KatalonReference.txt): null

2018-12-12 15:40:15 - [TEST_STEP][PASSED] - Statement - RefNoOldFile.delete(): null

2018-12-12 15:40:15 - [TEST_STEP][PASSED] - delay: Delayed 5 second(s)

2018-12-12 15:40:20 - [MESSAGE][PASSED] - Delayed 5 second(s)

2018-12-12 15:40:20 - [TEST_STEP][PASSED] - Statement - RefNo = new java.io.File(C://Users//Admin//Desktop//PKS//Automation Reference Point//KatalonReference.txt): null

2018-12-12 15:40:20 - [TEST_STEP][PASSED] - Statement - f2 = new java.io.FileWriter(RefNo, false): null

2018-12-12 15:40:20 - [TEST_STEP][PASSED] - Statement - f2.write(CaseReferenceNo): null

2018-12-12 15:40:20 - [TEST_STEP][PASSED] - Statement - f2.close(): null

2018-12-12 15:40:20 - [TEST_STEP][PASSED] - Statement - out.println("


" + CaseReferenceNo + "


"): null

2018-12-12 15:40:20 - [MESSAGE][PASSED] - Call Test Case 'Test Cases/Final Aug 2018 - PKS Automation/Common/Reference Number Setter' successfully

2018-12-12 15:40:20 - [TEST_STEP][PASSED] - waitForElementClickable: Object 'Object Repository/Final Object Repo/New Registration - Registration Module Pages/Third Screen - Upload Supporting Doc- Preview/Save n Continue in SIP Employee Listing Page' is clickable

2018-12-12 15:40:20 - [MESSAGE][PASSED] - Object 'Object Repository/Final Object Repo/New Registration - Registration Module Pages/Third Screen - Upload Supporting Doc- Preview/Save n Continue in SIP Employee Listing Page' is clickable

2018-12-12 15:40:20 - [TEST_STEP][PASSED] - click: Object: 'Object Repository/Final Object Repo/New Registration - Registration Module Pages/Third Screen - Upload Supporting Doc- Preview/Save n Continue in SIP Employee Listing Page' is clicked on

2018-12-12 15:40:25 - [MESSAGE][PASSED] - Object: 'Object Repository/Final Object Repo/New Registration - Registration Module Pages/Third Screen - Upload Supporting Doc- Preview/Save n Continue in SIP Employee Listing Page' is clicked on

2018-12-12 15:40:25 - [TEST_STEP][PASSED] - delay: Delayed 7 second(s)

2018-12-12 15:40:32 - [MESSAGE][PASSED] - Delayed 7 second(s)

2018-12-12 15:40:32 - [TEST_STEP][PASSED] - click: Object: 'Object Repository/Final Object Repo/New Registration - Registration Module Pages/Third Screen - Upload Supporting Doc- Preview/Add Document Button' is clicked on

2018-12-12 15:40:32 - [MESSAGE][PASSED] - Object: 'Object Repository/Final Object Repo/New Registration - Registration Module Pages/Third Screen - Upload Supporting Doc- Preview/Add Document Button' is clicked on

2018-12-12 15:40:32 - [TEST_STEP][PASSED] - delay: Delayed 30 second(s)

2018-12-12 15:41:02 - [MESSAGE][PASSED] - Delayed 30 second(s)

2018-12-12 15:41:02 - [TEST_STEP][PASSED] - click: Object: 'Object Repository/Final Object Repo/New Registration - Registration Module Pages/Third Screen - Upload Supporting Doc- Preview/Supporting Doc Please Select Drop Down' is clicked on

2018-12-12 15:41:02 - [MESSAGE][PASSED] - Object: 'Object Repository/Final Object Repo/New Registration - Registration Module Pages/Third Screen - Upload Supporting Doc- Preview/Supporting Doc Please Select Drop Down' is clicked on

2018-12-12 15:41:02 - [TEST_STEP][PASSED] - delay: Delayed 2 second(s)

2018-12-12 15:41:04 - [MESSAGE][PASSED] - Delayed 2 second(s)

2018-12-12 15:41:04 - [TEST_STEP][PASSED] - click: Object: 'Object Repository/Final Object Repo/New Registration - Registration Module Pages/Third Screen - Upload Supporting Doc- Preview/Select to Upload Form 1' is clicked on

2018-12-12 15:41:04 - [MESSAGE][PASSED] - Object: 'Object Repository/Final Object Repo/New Registration - Registration Module Pages/Third Screen - Upload Supporting Doc- Preview/Select to Upload Form 1' is clicked on

2018-12-12 15:41:04 - [TEST_STEP][PASSED] - delay: Delayed 2 second(s)

2018-12-12 15:41:06 - [MESSAGE][PASSED] - Delayed 2 second(s)

2018-12-12 15:41:06 - [TEST_STEP][PASSED] - uploadFile: File 'C:\Users\Public\Pictures\Sample Pictures\Koala.jpg' sent to object: 'Object Repository/Final Object Repo/New Registration - Registration Module Pages/Third Screen - Upload Supporting Doc- Preview/Upload File Adding'

2018-12-12 15:41:07 - [MESSAGE][PASSED] - File 'C:\Users\Public\Pictures\Sample Pictures\Koala.jpg' sent to object: 'Object Repository/Final Object Repo/New Registration - Registration Module Pages/Third Screen - Upload Supporting Doc- Preview/Upload File Adding'

2018-12-12 15:41:07 - [TEST_STEP][PASSED] - delay: Delayed 5 second(s)

2018-12-12 15:41:12 - [MESSAGE][PASSED] - Delayed 5 second(s)

2018-12-12 15:41:12 - [TEST_STEP][PASSED] - click: Object: 'Object Repository/Final Object Repo/New Registration - Registration Module Pages/Third Screen - Upload Supporting Doc- Preview/Inner Form Add Document Button' is clicked on

2018-12-12 15:41:12 - [MESSAGE][PASSED] - Object: 'Object Repository/Final Object Repo/New Registration - Registration Module Pages/Third Screen - Upload Supporting Doc- Preview/Inner Form Add Document Button' is clicked on

2018-12-12 15:41:12 - [TEST_STEP][PASSED] - delay: Delayed 3 second(s)

2018-12-12 15:41:15 - [MESSAGE][PASSED] - Delayed 3 second(s)

2018-12-12 15:41:15 - [TEST_STEP][PASSED] - click: Object: 'Object Repository/Final Object Repo/New Registration - Registration Module Pages/Third Screen - Upload Supporting Doc- Preview/Add Document Button' is clicked on

2018-12-12 15:41:16 - [MESSAGE][PASSED] - Object: 'Object Repository/Final Object Repo/New Registration - Registration Module Pages/Third Screen - Upload Supporting Doc- Preview/Add Document Button' is clicked on

2018-12-12 15:41:16 - [TEST_STEP][PASSED] - delay: Delayed 30 second(s)

2018-12-12 15:41:46 - [MESSAGE][PASSED] - Delayed 30 second(s)

2018-12-12 15:41:46 - [TEST_STEP][PASSED] - click: Object: 'Object Repository/Final Object Repo/New Registration - Registration Module Pages/Third Screen - Upload Supporting Doc- Preview/Supporting Doc Please Select Drop Down' is clicked on

2018-12-12 15:41:46 - [MESSAGE][PASSED] - Object: 'Object Repository/Final Object Repo/New Registration - Registration Module Pages/Third Screen - Upload Supporting Doc- Preview/Supporting Doc Please Select Drop Down' is clicked on

2018-12-12 15:41:46 - [TEST_STEP][PASSED] - delay: Delayed 4 second(s)

2018-12-12 15:41:50 - [MESSAGE][PASSED] - Delayed 4 second(s)

2018-12-12 15:41:50 - [TEST_STEP][PASSED] - click: Object: 'Object Repository/Final Object Repo/New Registration - Registration Module Pages/Third Screen - Upload Supporting Doc- Preview/Select to Upload Form 2' is clicked on

2018-12-12 15:41:50 - [MESSAGE][PASSED] - Object: 'Object Repository/Final Object Repo/New Registration - Registration Module Pages/Third Screen - Upload Supporting Doc- Preview/Select to Upload Form 2' is clicked on

2018-12-12 15:41:50 - [TEST_STEP][PASSED] - delay: Delayed 2 second(s)

2018-12-12 15:41:52 - [MESSAGE][PASSED] - Delayed 2 second(s)

2018-12-12 15:41:52 - [TEST_STEP][PASSED] - uploadFile: File 'C:\Users\Public\Pictures\Sample Pictures\Koala.jpg' sent to object: 'Object Repository/Final Object Repo/New Registration - Registration Module Pages/Third Screen - Upload Supporting Doc- Preview/Upload File Adding'

2018-12-12 15:41:52 - [MESSAGE][PASSED] - File 'C:\Users\Public\Pictures\Sample Pictures\Koala.jpg' sent to object: 'Object Repository/Final Object Repo/New Registration - Registration Module Pages/Third Screen - Upload Supporting Doc- Preview/Upload File Adding'

2018-12-12 15:41:52 - [TEST_STEP][PASSED] - click: Object: 'Object Repository/Final Object Repo/New Registration - Registration Module Pages/Third Screen - Upload Supporting Doc- Preview/Inner Form Add Document Button' is clicked on

2018-12-12 15:41:53 - [MESSAGE][PASSED] - Object: 'Object Repository/Final Object Repo/New Registration - Registration Module Pages/Third Screen - Upload Supporting Doc- Preview/Inner Form Add Document Button' is clicked on

2018-12-12 15:41:53 - [TEST_STEP][PASSED] - delay: Delayed 5 second(s)

2018-12-12 15:41:58 - [MESSAGE][PASSED] - Delayed 5 second(s)

2018-12-12 15:41:58 - [TEST_STEP][PASSED] - click: Object: 'Object Repository/Final Object Repo/New Registration - Registration Module Pages/Third Screen - Upload Supporting Doc- Preview/Add Document Button' is clicked on

2018-12-12 15:41:58 - [MESSAGE][PASSED] - Object: 'Object Repository/Final Object Repo/New Registration - Registration Module Pages/Third Screen - Upload Supporting Doc- Preview/Add Document Button' is clicked on

2018-12-12 15:41:58 - [TEST_STEP][PASSED] - delay: Delayed 30 second(s)

2018-12-12 15:42:28 - [MESSAGE][PASSED] - Delayed 30 second(s)

2018-12-12 15:42:28 - [TEST_STEP][PASSED] - click: Object: 'Object Repository/Final Object Repo/New Registration - Registration Module Pages/Third Screen - Upload Supporting Doc- Preview/Supporting Doc Please Select Drop Down' is clicked on

2018-12-12 15:42:29 - [MESSAGE][PASSED] - Object: 'Object Repository/Final Object Repo/New Registration - Registration Module Pages/Third Screen - Upload Supporting Doc- Preview/Supporting Doc Please Select Drop Down' is clicked on

2018-12-12 15:42:29 - [TEST_STEP][PASSED] - click: Object: 'Object Repository/Final Object Repo/New Registration - Registration Module Pages/Third Screen - Upload Supporting Doc- Preview/Select to Upload Borang SIP 1' is clicked on

2018-12-12 15:42:29 - [MESSAGE][PASSED] - Object: 'Object Repository/Final Object Repo/New Registration - Registration Module Pages/Third Screen - Upload Supporting Doc- Preview/Select to Upload Borang SIP 1' is clicked on

2018-12-12 15:42:29 - [TEST_STEP][PASSED] - delay: Delayed 2 second(s)

2018-12-12 15:42:31 - [MESSAGE][PASSED] - Delayed 2 second(s)

2018-12-12 15:42:31 - [TEST_STEP][PASSED] - uploadFile: File 'C:\Users\Public\Pictures\Sample Pictures\Koala.jpg' sent to object: 'Object Repository/Final Object Repo/New Registration - Registration Module Pages/Third Screen - Upload Supporting Doc- Preview/Upload File Adding'

2018-12-12 15:42:31 - [MESSAGE][PASSED] - File 'C:\Users\Public\Pictures\Sample Pictures\Koala.jpg' sent to object: 'Object Repository/Final Object Repo/New Registration - Registration Module Pages/Third Screen - Upload Supporting Doc- Preview/Upload File Adding'

2018-12-12 15:42:31 - [TEST_STEP][PASSED] - click: Object: 'Object Repository/Final Object Repo/New Registration - Registration Module Pages/Third Screen - Upload Supporting Doc- Preview/Inner Form Add Document Button' is clicked on

2018-12-12 15:42:31 - [MESSAGE][PASSED] - Object: 'Object Repository/Final Object Repo/New Registration - Registration Module Pages/Third Screen - Upload Supporting Doc- Preview/Inner Form Add Document Button' is clicked on

2018-12-12 15:42:31 - [TEST_STEP][PASSED] - delay: Delayed 5 second(s)

2018-12-12 15:42:36 - [MESSAGE][PASSED] - Delayed 5 second(s)

2018-12-12 15:42:36 - [TEST_STEP][PASSED] - click: Object: 'Object Repository/Final Object Repo/New Registration - Registration Module Pages/Third Screen - Upload Supporting Doc- Preview/Add Document Button' is clicked on

2018-12-12 15:42:36 - [MESSAGE][PASSED] - Object: 'Object Repository/Final Object Repo/New Registration - Registration Module Pages/Third Screen - Upload Supporting Doc- Preview/Add Document Button' is clicked on

2018-12-12 15:42:36 - [TEST_STEP][PASSED] - delay: Delayed 30 second(s)

2018-12-12 15:43:06 - [MESSAGE][PASSED] - Delayed 30 second(s)

2018-12-12 15:43:06 - [TEST_STEP][PASSED] - click: Object: 'Object Repository/Final Object Repo/New Registration - Registration Module Pages/Third Screen - Upload Supporting Doc- Preview/Supporting Doc Please Select Drop Down' is clicked on

2018-12-12 15:43:06 - [MESSAGE][PASSED] - Object: 'Object Repository/Final Object Repo/New Registration - Registration Module Pages/Third Screen - Upload Supporting Doc- Preview/Supporting Doc Please Select Drop Down' is clicked on

2018-12-12 15:43:06 - [TEST_STEP][PASSED] - delay: Delayed 3 second(s)

2018-12-12 15:43:09 - [MESSAGE][PASSED] - Delayed 3 second(s)

2018-12-12 15:43:09 - [TEST_STEP][PASSED] - click: Object: 'Object Repository/Final Object Repo/New Registration - Registration Module Pages/Third Screen - Upload Supporting Doc- Preview/Select to Upload Borang SIP 2' is clicked on

2018-12-12 15:43:10 - [MESSAGE][PASSED] - Object: 'Object Repository/Final Object Repo/New Registration - Registration Module Pages/Third Screen - Upload Supporting Doc- Preview/Select to Upload Borang SIP 2' is clicked on

2018-12-12 15:43:10 - [TEST_STEP][PASSED] - delay: Delayed 2 second(s)

2018-12-12 15:43:12 - [MESSAGE][PASSED] - Delayed 2 second(s)

2018-12-12 15:43:12 - [TEST_STEP][PASSED] - uploadFile: File 'C:\Users\Public\Pictures\Sample Pictures\Koala.jpg' sent to object: 'Object Repository/Final Object Repo/New Registration - Registration Module Pages/Third Screen - Upload Supporting Doc- Preview/Upload File Adding'

2018-12-12 15:43:12 - [MESSAGE][PASSED] - File 'C:\Users\Public\Pictures\Sample Pictures\Koala.jpg' sent to object: 'Object Repository/Final Object Repo/New Registration - Registration Module Pages/Third Screen - Upload Supporting Doc- Preview/Upload File Adding'

2018-12-12 15:43:12 - [TEST_STEP][PASSED] - delay: Delayed 5 second(s)

2018-12-12 15:43:17 - [MESSAGE][PASSED] - Delayed 5 second(s)

2018-12-12 15:43:17 - [TEST_STEP][PASSED] - click: Object: 'Object Repository/Final Object Repo/New Registration - Registration Module Pages/Third Screen - Upload Supporting Doc- Preview/Inner Form Add Document Button' is clicked on

2018-12-12 15:43:17 - [MESSAGE][PASSED] - Object: 'Object Repository/Final Object Repo/New Registration - Registration Module Pages/Third Screen - Upload Supporting Doc- Preview/Inner Form Add Document Button' is clicked on

2018-12-12 15:43:17 - [TEST_STEP][PASSED] - delay: Delayed 3 second(s)

2018-12-12 15:43:20 - [MESSAGE][PASSED] - Delayed 3 second(s)

2018-12-12 15:43:20 - [TEST_STEP][PASSED] - waitForElementClickable: Object 'Object Repository/Final Object Repo/New Registration - Registration Module Pages/Third Screen - Upload Supporting Doc- Preview/Save n Continue in Uploading Supporting Doc Page' is clickable

2018-12-12 15:43:21 - [MESSAGE][PASSED] - Object 'Object Repository/Final Object Repo/New Registration - Registration Module Pages/Third Screen - Upload Supporting Doc- Preview/Save n Continue in Uploading Supporting Doc Page' is clickable

2018-12-12 15:43:21 - [TEST_STEP][PASSED] - click: Object: 'Object Repository/Final Object Repo/New Registration - Registration Module Pages/Third Screen - Upload Supporting Doc- Preview/Save n Continue in Uploading Supporting Doc Page' is clicked on

2018-12-12 15:43:21 - [MESSAGE][PASSED] - Object: 'Object Repository/Final Object Repo/New Registration - Registration Module Pages/Third Screen - Upload Supporting Doc- Preview/Save n Continue in Uploading Supporting Doc Page' is clicked on

2018-12-12 15:43:21 - [MESSAGE][PASSED] - Call Test Case 'Test Cases/Final Aug 2018 - PKS Automation/Registration Module/New Registration/Flow of New Registration/Third Screen - Upload Supporting Doc - Preview' successfully

2018-12-12 15:43:21 - [TEST_STEP][PASSED] - callTestCase: Call Test Case 'Test Cases/Final Aug 2018 - PKS Automation/Registration Module/New Registration/Submit and Screenshot/Submit Registration and Screenshot' successfully

2018-12-12 15:43:21 - [TEST_CASE][PASSED] - Test Cases/Final Aug 2018 - PKS Automation/Registration Module/New Registration/Submit and Screenshot/Submit Registration and Screenshot: Test Cases/Final Aug 2018 - PKS Automation/Registration Module/New Registration/Submit and Screenshot/Submit Registration and Screenshot

2018-12-12 15:43:21 - [TEST_STEP][PASSED] - delay: Delayed 6 second(s)

2018-12-12 15:43:27 - [MESSAGE][PASSED] - Delayed 6 second(s)

2018-12-12 15:43:27 - [TEST_STEP][PASSED] - click: Object: 'Object Repository/Final Object Repo/New Registration - Registration Module Pages/Third Screen - Upload Supporting Doc- Preview/Preview Submit Button' is clicked on

2018-12-12 15:43:27 - [MESSAGE][PASSED] - Object: 'Object Repository/Final Object Repo/New Registration - Registration Module Pages/Third Screen - Upload Supporting Doc- Preview/Preview Submit Button' is clicked on

2018-12-12 15:43:27 - [TEST_STEP][PASSED] - delay: Delayed 2 second(s)

2018-12-12 15:43:29 - [MESSAGE][PASSED] - Delayed 2 second(s)

2018-12-12 15:43:29 - [TEST_STEP][PASSED] - click: Object: 'Object Repository/Final Object Repo/New Registration - Registration Module Pages/Third Screen - Upload Supporting Doc- Preview/Preview Submit - Confirm' is clicked on

2018-12-12 15:43:30 - [MESSAGE][PASSED] - Object: 'Object Repository/Final Object Repo/New Registration - Registration Module Pages/Third Screen - Upload Supporting Doc- Preview/Preview Submit - Confirm' is clicked on

2018-12-12 15:43:30 - [TEST_STEP][PASSED] - delay: Delayed 15 second(s)

2018-12-12 15:43:45 - [MESSAGE][PASSED] - Delayed 15 second(s)

2018-12-12 15:43:45 - [TEST_STEP][PASSED] - Statement - driver = com.kms.katalon.core.webui.driver.DriverFactory.getWebDriver(): null

2018-12-12 15:43:45 - [TEST_STEP][PASSED] - Statement - driver.manage().timeouts().implicitlyWait(10, SECONDS): null

2018-12-12 15:43:45 - [TEST_STEP][PASSED] - Statement - PresavePath = KatalonScreenshots: null

2018-12-12 15:43:45 - [TEST_STEP][PASSED] - Statement - pathPrefix = "C:\Users\Public\Pictures\Sample Pictures\Katalon Screenshots\Automate Ending Screen": null

2018-12-12 15:43:45 - [TEST_STEP][PASSED] - Statement - finalPath = <not implemented yet for class: org.codehaus.groovy.ast.expr.EmptyExpression>: null

2018-12-12 15:43:45 - [TEST_STEP][PASSED] - Statement - scrFile = driver.getScreenshotAs(FILE): null

2018-12-12 15:43:45 - [TEST_STEP][PASSED] - Statement - PreSaveFile = new java.io.File(PresavePath): null

2018-12-12 15:43:45 - [TEST_STEP][PASSED] - Statement - counter = 0: null

2018-12-12 15:43:45 - [TEST_STEP][PASSED] - Statement - If (PreSaveFile.exists()): null

2018-12-12 15:43:45 - [TEST_STEP][PASSED] - Statement - While (PreSaveFile.exists()): null

2018-12-12 15:43:45 - [TEST_STEP][PASSED] - Statement - counter = counter + 1: null

2018-12-12 15:43:45 - [TEST_STEP][PASSED] - Statement - PreSaveFile = new java.io.File(((pathPrefix + java.lang.Integer.toString(counter)) + .png)): null

2018-12-12 15:43:45 - [TEST_STEP][PASSED] - Statement - counter = counter + 1: null

2018-12-12 15:43:45 - [TEST_STEP][PASSED] - Statement - PreSaveFile = new java.io.File(((pathPrefix + java.lang.Integer.toString(counter)) + .png)): null

2018-12-12 15:43:45 - [TEST_STEP][PASSED] - Statement - counter = counter + 1: null

2018-12-12 15:43:45 - [TEST_STEP][PASSED] - Statement - PreSaveFile = new java.io.File(((pathPrefix + java.lang.Integer.toString(counter)) + .png)): null

2018-12-12 15:43:45 - [TEST_STEP][PASSED] - Statement - counter = counter + 1: null

2018-12-12 15:43:45 - [TEST_STEP][PASSED] - Statement - PreSaveFile = new java.io.File(((pathPrefix + java.lang.Integer.toString(counter)) + .png)): null

2018-12-12 15:43:45 - [TEST_STEP][PASSED] - Statement - counter = counter + 1: null

2018-12-12 15:43:45 - [TEST_STEP][PASSED] - Statement - PreSaveFile = new java.io.File(((pathPrefix + java.lang.Integer.toString(counter)) + .png)): null

2018-12-12 15:43:45 - [TEST_STEP][PASSED] - Statement - counter = counter + 1: null

2018-12-12 15:43:45 - [TEST_STEP][PASSED] - Statement - PreSaveFile = new java.io.File(((pathPrefix + java.lang.Integer.toString(counter)) + .png)): null

2018-12-12 15:43:45 - [TEST_STEP][PASSED] - Statement - counter = counter + 1: null

2018-12-12 15:43:45 - [TEST_STEP][PASSED] - Statement - PreSaveFile = new java.io.File(((pathPrefix + java.lang.Integer.toString(counter)) + .png)): null

2018-12-12 15:43:45 - [TEST_STEP][PASSED] - Statement - counter = counter + 1: null

2018-12-12 15:43:45 - [TEST_STEP][PASSED] - Statement - PreSaveFile = new java.io.File(((pathPrefix + java.lang.Integer.toString(counter)) + .png)): null

2018-12-12 15:43:45 - [TEST_STEP][PASSED] - Statement - counter = counter + 1: null

2018-12-12 15:43:45 - [TEST_STEP][PASSED] - Statement - PreSaveFile = new java.io.File(((pathPrefix + java.lang.Integer.toString(counter)) + .png)): null

2018-12-12 15:43:45 - [TEST_STEP][PASSED] - Statement - counter = counter + 1: null

2018-12-12 15:43:45 - [TEST_STEP][PASSED] - Statement - PreSaveFile = new java.io.File(((pathPrefix + java.lang.Integer.toString(counter)) + .png)): null

2018-12-12 15:43:45 - [TEST_STEP][PASSED] - Statement - counter = counter + 1: null

2018-12-12 15:43:45 - [TEST_STEP][PASSED] - Statement - PreSaveFile = new java.io.File(((pathPrefix + java.lang.Integer.toString(counter)) + .png)): null

2018-12-12 15:43:45 - [TEST_STEP][PASSED] - Statement - counter = counter + 1: null

2018-12-12 15:43:45 - [TEST_STEP][PASSED] - Statement - PreSaveFile = new java.io.File(((pathPrefix + java.lang.Integer.toString(counter)) + .png)): null

2018-12-12 15:43:45 - [TEST_STEP][PASSED] - Statement - counter = counter + 1: null

2018-12-12 15:43:45 - [TEST_STEP][PASSED] - Statement - PreSaveFile = new java.io.File(((pathPrefix + java.lang.Integer.toString(counter)) + .png)): null

2018-12-12 15:43:45 - [TEST_STEP][PASSED] - Statement - counter = counter + 1: null

2018-12-12 15:43:45 - [TEST_STEP][PASSED] - Statement - PreSaveFile = new java.io.File(((pathPrefix + java.lang.Integer.toString(counter)) + .png)): null

2018-12-12 15:43:45 - [TEST_STEP][PASSED] - Statement - counter = counter + 1: null

2018-12-12 15:43:45 - [TEST_STEP][PASSED] - Statement - PreSaveFile = new java.io.File(((pathPrefix + java.lang.Integer.toString(counter)) + .png)): null

2018-12-12 15:43:45 - [TEST_STEP][PASSED] - Statement - counter = counter + 1: null

2018-12-12 15:43:45 - [TEST_STEP][PASSED] - Statement - PreSaveFile = new java.io.File(((pathPrefix + java.lang.Integer.toString(counter)) + .png)): null

2018-12-12 15:43:45 - [TEST_STEP][PASSED] - Statement - counter = counter + 1: null

2018-12-12 15:43:45 - [TEST_STEP][PASSED] - Statement - PreSaveFile = new java.io.File(((pathPrefix + java.lang.Integer.toString(counter)) + .png)): null

2018-12-12 15:43:45 - [TEST_STEP][PASSED] - Statement - counter = counter + 1: null

2018-12-12 15:43:45 - [TEST_STEP][PASSED] - Statement - PreSaveFile = new java.io.File(((pathPrefix + java.lang.Integer.toString(counter)) + .png)): null

2018-12-12 15:43:45 - [TEST_STEP][PASSED] - Statement - counter = counter + 1: null

2018-12-12 15:43:45 - [TEST_STEP][PASSED] - Statement - PreSaveFile = new java.io.File(((pathPrefix + java.lang.Integer.toString(counter)) + .png)): null

2018-12-12 15:43:45 - [TEST_STEP][PASSED] - Statement - counter = counter + 1: null

2018-12-12 15:43:45 - [TEST_STEP][PASSED] - Statement - PreSaveFile = new java.io.File(((pathPrefix + java.lang.Integer.toString(counter)) + .png)): null

2018-12-12 15:43:45 - [TEST_STEP][PASSED] - Statement - counter = counter + 1: null

2018-12-12 15:43:45 - [TEST_STEP][PASSED] - Statement - PreSaveFile = new java.io.File(((pathPrefix + java.lang.Integer.toString(counter)) + .png)): null

2018-12-12 15:43:45 - [TEST_STEP][PASSED] - Statement - counter = counter + 1: null

2018-12-12 15:43:45 - [TEST_STEP][PASSED] - Statement - PreSaveFile = new java.io.File(((pathPrefix + java.lang.Integer.toString(counter)) + .png)): null

2018-12-12 15:43:45 - [TEST_STEP][PASSED] - Statement - counter = counter + 1: null

2018-12-12 15:43:45 - [TEST_STEP][PASSED] - Statement - PreSaveFile = new java.io.File(((pathPrefix + java.lang.Integer.toString(counter)) + .png)): null

2018-12-12 15:43:45 - [TEST_STEP][PASSED] - Statement - counter = counter + 1: null

2018-12-12 15:43:45 - [TEST_STEP][PASSED] - Statement - PreSaveFile = new java.io.File(((pathPrefix + java.lang.Integer.toString(counter)) + .png)): null

2018-12-12 15:43:45 - [TEST_STEP][PASSED] - Statement - counter = counter + 1: null

2018-12-12 15:43:45 - [TEST_STEP][PASSED] - Statement - PreSaveFile = new java.io.File(((pathPrefix + java.lang.Integer.toString(counter)) + .png)): null

2018-12-12 15:43:45 - [TEST_STEP][PASSED] - Statement - counter = counter + 1: null

2018-12-12 15:43:45 - [TEST_STEP][PASSED] - Statement - PreSaveFile = new java.io.File(((pathPrefix + java.lang.Integer.toString(counter)) + .png)): null

2018-12-12 15:43:45 - [TEST_STEP][PASSED] - Statement - counter = counter + 1: null

2018-12-12 15:43:45 - [TEST_STEP][PASSED] - Statement - PreSaveFile = new java.io.File(((pathPrefix + java.lang.Integer.toString(counter)) + .png)): null

2018-12-12 15:43:45 - [TEST_STEP][PASSED] - Statement - counter = counter + 1: null

2018-12-12 15:43:45 - [TEST_STEP][PASSED] - Statement - PreSaveFile = new java.io.File(((pathPrefix + java.lang.Integer.toString(counter)) + .png)): null

2018-12-12 15:43:45 - [TEST_STEP][PASSED] - Statement - counter = counter + 1: null

2018-12-12 15:43:45 - [TEST_STEP][PASSED] - Statement - PreSaveFile = new java.io.File(((pathPrefix + java.lang.Integer.toString(counter)) + .png)): null

2018-12-12 15:43:45 - [TEST_STEP][PASSED] - Statement - counter = counter + 1: null

2018-12-12 15:43:45 - [TEST_STEP][PASSED] - Statement - PreSaveFile = new java.io.File(((pathPrefix + java.lang.Integer.toString(counter)) + .png)): null

2018-12-12 15:43:45 - [TEST_STEP][PASSED] - Statement - counter = counter + 1: null

2018-12-12 15:43:45 - [TEST_STEP][PASSED] - Statement - PreSaveFile = new java.io.File(((pathPrefix + java.lang.Integer.toString(counter)) + .png)): null

2018-12-12 15:43:45 - [TEST_STEP][PASSED] - Statement - counter = counter + 1: null

2018-12-12 15:43:45 - [TEST_STEP][PASSED] - Statement - PreSaveFile = new java.io.File(((pathPrefix + java.lang.Integer.toString(counter)) + .png)): null

2018-12-12 15:43:45 - [TEST_STEP][PASSED] - Statement - counter = counter + 1: null

2018-12-12 15:43:45 - [TEST_STEP][PASSED] - Statement - PreSaveFile = new java.io.File(((pathPrefix + java.lang.Integer.toString(counter)) + .png)): null

2018-12-12 15:43:45 - [TEST_STEP][PASSED] - Statement - counter = counter + 1: null

2018-12-12 15:43:45 - [TEST_STEP][PASSED] - Statement - PreSaveFile = new java.io.File(((pathPrefix + java.lang.Integer.toString(counter)) + .png)): null

2018-12-12 15:43:45 - [TEST_STEP][PASSED] - Statement - counter = counter + 1: null

2018-12-12 15:43:45 - [TEST_STEP][PASSED] - Statement - PreSaveFile = new java.io.File(((pathPrefix + java.lang.Integer.toString(counter)) + .png)): null

2018-12-12 15:43:45 - [TEST_STEP][PASSED] - Statement - counter = counter + 1: null

2018-12-12 15:43:45 - [TEST_STEP][PASSED] - Statement - PreSaveFile = new java.io.File(((pathPrefix + java.lang.Integer.toString(counter)) + .png)): null

2018-12-12 15:43:45 - [TEST_STEP][PASSED] - Statement - counter = counter + 1: null

2018-12-12 15:43:45 - [TEST_STEP][PASSED] - Statement - PreSaveFile = new java.io.File(((pathPrefix + java.lang.Integer.toString(counter)) + .png)): null

2018-12-12 15:43:45 - [TEST_STEP][PASSED] - Statement - counter = counter + 1: null

2018-12-12 15:43:45 - [TEST_STEP][PASSED] - Statement - PreSaveFile = new java.io.File(((pathPrefix + java.lang.Integer.toString(counter)) + .png)): null

2018-12-12 15:43:45 - [TEST_STEP][PASSED] - Statement - counter = counter + 1: null

2018-12-12 15:43:45 - [TEST_STEP][PASSED] - Statement - PreSaveFile = new java.io.File(((pathPrefix + java.lang.Integer.toString(counter)) + .png)): null

2018-12-12 15:43:45 - [TEST_STEP][PASSED] - Statement - counter = counter + 1: null

2018-12-12 15:43:45 - [TEST_STEP][PASSED] - Statement - PreSaveFile = new java.io.File(((pathPrefix + java.lang.Integer.toString(counter)) + .png)): null

2018-12-12 15:43:45 - [TEST_STEP][PASSED] - Statement - counter = counter + 1: null

2018-12-12 15:43:45 - [TEST_STEP][PASSED] - Statement - PreSaveFile = new java.io.File(((pathPrefix + java.lang.Integer.toString(counter)) + .png)): null

2018-12-12 15:43:45 - [TEST_STEP][PASSED] - Statement - counter = counter + 1: null

2018-12-12 15:43:45 - [TEST_STEP][PASSED] - Statement - PreSaveFile = new java.io.File(((pathPrefix + java.lang.Integer.toString(counter)) + .png)): null

2018-12-12 15:43:45 - [TEST_STEP][PASSED] - Statement - counter = counter + 1: null

2018-12-12 15:43:45 - [TEST_STEP][PASSED] - Statement - PreSaveFile = new java.io.File(((pathPrefix + java.lang.Integer.toString(counter)) + .png)): null

2018-12-12 15:43:45 - [TEST_STEP][PASSED] - Statement - counter = counter + 1: null

2018-12-12 15:43:45 - [TEST_STEP][PASSED] - Statement - PreSaveFile = new java.io.File(((pathPrefix + java.lang.Integer.toString(counter)) + .png)): null

2018-12-12 15:43:45 - [TEST_STEP][PASSED] - Statement - counter = counter + 1: null

2018-12-12 15:43:45 - [TEST_STEP][PASSED] - Statement - PreSaveFile = new java.io.File(((pathPrefix + java.lang.Integer.toString(counter)) + .png)): null

2018-12-12 15:43:45 - [TEST_STEP][PASSED] - Statement - counter = counter + 1: null

2018-12-12 15:43:45 - [TEST_STEP][PASSED] - Statement - PreSaveFile = new java.io.File(((pathPrefix + java.lang.Integer.toString(counter)) + .png)): null

2018-12-12 15:43:45 - [TEST_STEP][PASSED] - Statement - counter = counter + 1: null

2018-12-12 15:43:45 - [TEST_STEP][PASSED] - Statement - PreSaveFile = new java.io.File(((pathPrefix + java.lang.Integer.toString(counter)) + .png)): null

2018-12-12 15:43:45 - [TEST_STEP][PASSED] - Statement - counter = counter + 1: null

2018-12-12 15:43:45 - [TEST_STEP][PASSED] - Statement - PreSaveFile = new java.io.File(((pathPrefix + java.lang.Integer.toString(counter)) + .png)): null

2018-12-12 15:43:45 - [TEST_STEP][PASSED] - Statement - counter = counter + 1: null

2018-12-12 15:43:45 - [TEST_STEP][PASSED] - Statement - PreSaveFile = new java.io.File(((pathPrefix + java.lang.Integer.toString(counter)) + .png)): null

2018-12-12 15:43:45 - [TEST_STEP][PASSED] - Statement - counter = counter + 1: null

2018-12-12 15:43:45 - [TEST_STEP][PASSED] - Statement - PreSaveFile = new java.io.File(((pathPrefix + java.lang.Integer.toString(counter)) + .png)): null

2018-12-12 15:43:45 - [TEST_STEP][PASSED] - Statement - counter = counter + 1: null

2018-12-12 15:43:45 - [TEST_STEP][PASSED] - Statement - PreSaveFile = new java.io.File(((pathPrefix + java.lang.Integer.toString(counter)) + .png)): null

2018-12-12 15:43:45 - [TEST_STEP][PASSED] - Statement - counter = counter + 1: null

2018-12-12 15:43:45 - [TEST_STEP][PASSED] - Statement - PreSaveFile = new java.io.File(((pathPrefix + java.lang.Integer.toString(counter)) + .png)): null

2018-12-12 15:43:45 - [TEST_STEP][PASSED] - Statement - counter = counter + 1: null

2018-12-12 15:43:45 - [TEST_STEP][PASSED] - Statement - PreSaveFile = new java.io.File(((pathPrefix + java.lang.Integer.toString(counter)) + .png)): null

2018-12-12 15:43:45 - [TEST_STEP][PASSED] - Statement - counter = counter + 1: null

2018-12-12 15:43:45 - [TEST_STEP][PASSED] - Statement - PreSaveFile = new java.io.File(((pathPrefix + java.lang.Integer.toString(counter)) + .png)): null

2018-12-12 15:43:45 - [TEST_STEP][PASSED] - Statement - counter = counter + 1: null

2018-12-12 15:43:45 - [TEST_STEP][PASSED] - Statement - PreSaveFile = new java.io.File(((pathPrefix + java.lang.Integer.toString(counter)) + .png)): null

2018-12-12 15:43:45 - [TEST_STEP][PASSED] - Statement - counter = counter + 1: null

2018-12-12 15:43:45 - [TEST_STEP][PASSED] - Statement - PreSaveFile = new java.io.File(((pathPrefix + java.lang.Integer.toString(counter)) + .png)): null

2018-12-12 15:43:45 - [TEST_STEP][PASSED] - Statement - counter = counter + 1: null

2018-12-12 15:43:45 - [TEST_STEP][PASSED] - Statement - PreSaveFile = new java.io.File(((pathPrefix + java.lang.Integer.toString(counter)) + .png)): null

2018-12-12 15:43:45 - [TEST_STEP][PASSED] - Statement - counter = counter + 1: null

2018-12-12 15:43:45 - [TEST_STEP][PASSED] - Statement - PreSaveFile = new java.io.File(((pathPrefix + java.lang.Integer.toString(counter)) + .png)): null

2018-12-12 15:43:45 - [TEST_STEP][PASSED] - Statement - counter = counter + 1: null

2018-12-12 15:43:45 - [TEST_STEP][PASSED] - Statement - PreSaveFile = new java.io.File(((pathPrefix + java.lang.Integer.toString(counter)) + .png)): null

2018-12-12 15:43:45 - [TEST_STEP][PASSED] - Statement - counter = counter + 1: null

2018-12-12 15:43:45 - [TEST_STEP][PASSED] - Statement - PreSaveFile = new java.io.File(((pathPrefix + java.lang.Integer.toString(counter)) + .png)): null

2018-12-12 15:43:45 - [TEST_STEP][PASSED] - Statement - counter = counter + 1: null

2018-12-12 15:43:45 - [TEST_STEP][PASSED] - Statement - PreSaveFile = new java.io.File(((pathPrefix + java.lang.Integer.toString(counter)) + .png)): null

2018-12-12 15:43:45 - [TEST_STEP][PASSED] - Statement - counter = counter + 1: null

2018-12-12 15:43:45 - [TEST_STEP][PASSED] - Statement - PreSaveFile = new java.io.File(((pathPrefix + java.lang.Integer.toString(counter)) + .png)): null

2018-12-12 15:43:45 - [TEST_STEP][PASSED] - Statement - counter = counter + 1: null

2018-12-12 15:43:45 - [TEST_STEP][PASSED] - Statement - PreSaveFile = new java.io.File(((pathPrefix + java.lang.Integer.toString(counter)) + .png)): null

2018-12-12 15:43:45 - [TEST_STEP][PASSED] - Statement - counter = counter + 1: null

2018-12-12 15:43:45 - [TEST_STEP][PASSED] - Statement - PreSaveFile = new java.io.File(((pathPrefix + java.lang.Integer.toString(counter)) + .png)): null

2018-12-12 15:43:45 - [TEST_STEP][PASSED] - Statement - counter = counter + 1: null

2018-12-12 15:43:45 - [TEST_STEP][PASSED] - Statement - PreSaveFile = new java.io.File(((pathPrefix + java.lang.Integer.toString(counter)) + .png)): null

2018-12-12 15:43:45 - [TEST_STEP][PASSED] - Statement - counter = counter + 1: null

2018-12-12 15:43:45 - [TEST_STEP][PASSED] - Statement - PreSaveFile = new java.io.File(((pathPrefix + java.lang.Integer.toString(counter)) + .png)): null

2018-12-12 15:43:45 - [TEST_STEP][PASSED] - Statement - counter = counter + 1: null

2018-12-12 15:43:45 - [TEST_STEP][PASSED] - Statement - PreSaveFile = new java.io.File(((pathPrefix + java.lang.Integer.toString(counter)) + .png)): null

2018-12-12 15:43:45 - [TEST_STEP][PASSED] - Statement - counter = counter + 1: null

2018-12-12 15:43:45 - [TEST_STEP][PASSED] - Statement - PreSaveFile = new java.io.File(((pathPrefix + java.lang.Integer.toString(counter)) + .png)): null

2018-12-12 15:43:45 - [TEST_STEP][PASSED] - Statement - counter = counter + 1: null

2018-12-12 15:43:45 - [TEST_STEP][PASSED] - Statement - PreSaveFile = new java.io.File(((pathPrefix + java.lang.Integer.toString(counter)) + .png)): null

2018-12-12 15:43:45 - [TEST_STEP][PASSED] - Statement - counter = counter + 1: null

2018-12-12 15:43:45 - [TEST_STEP][PASSED] - Statement - PreSaveFile = new java.io.File(((pathPrefix + java.lang.Integer.toString(counter)) + .png)): null

2018-12-12 15:43:45 - [TEST_STEP][PASSED] - Statement - counter = counter + 1: null

2018-12-12 15:43:45 - [TEST_STEP][PASSED] - Statement - PreSaveFile = new java.io.File(((pathPrefix + java.lang.Integer.toString(counter)) + .png)): null

2018-12-12 15:43:45 - [TEST_STEP][PASSED] - Statement - counter = counter + 1: null

2018-12-12 15:43:45 - [TEST_STEP][PASSED] - Statement - PreSaveFile = new java.io.File(((pathPrefix + java.lang.Integer.toString(counter)) + .png)): null

2018-12-12 15:43:45 - [TEST_STEP][PASSED] - Statement - counter = counter + 1: null

2018-12-12 15:43:45 - [TEST_STEP][PASSED] - Statement - PreSaveFile = new java.io.File(((pathPrefix + java.lang.Integer.toString(counter)) + .png)): null

2018-12-12 15:43:45 - [TEST_STEP][PASSED] - Statement - counter = counter + 1: null

2018-12-12 15:43:45 - [TEST_STEP][PASSED] - Statement - PreSaveFile = new java.io.File(((pathPrefix + java.lang.Integer.toString(counter)) + .png)): null

2018-12-12 15:43:45 - [TEST_STEP][PASSED] - Statement - counter = counter + 1: null

2018-12-12 15:43:45 - [TEST_STEP][PASSED] - Statement - PreSaveFile = new java.io.File(((pathPrefix + java.lang.Integer.toString(counter)) + .png)): null

2018-12-12 15:43:45 - [TEST_STEP][PASSED] - Statement - counter = counter + 1: null

2018-12-12 15:43:45 - [TEST_STEP][PASSED] - Statement - PreSaveFile = new java.io.File(((pathPrefix + java.lang.Integer.toString(counter)) + .png)): null

2018-12-12 15:43:45 - [TEST_STEP][PASSED] - Statement - counter = counter + 1: null

2018-12-12 15:43:45 - [TEST_STEP][PASSED] - Statement - PreSaveFile = new java.io.File(((pathPrefix + java.lang.Integer.toString(counter)) + .png)): null

2018-12-12 15:43:45 - [TEST_STEP][PASSED] - Statement - counter = counter + 1: null

2018-12-12 15:43:45 - [TEST_STEP][PASSED] - Statement - PreSaveFile = new java.io.File(((pathPrefix + java.lang.Integer.toString(counter)) + .png)): null

2018-12-12 15:43:45 - [TEST_STEP][PASSED] - Statement - counter = counter + 1: null

2018-12-12 15:43:45 - [TEST_STEP][PASSED] - Statement - PreSaveFile = new java.io.File(((pathPrefix + java.lang.Integer.toString(counter)) + .png)): null

2018-12-12 15:43:45 - [TEST_STEP][PASSED] - Statement - counter = counter + 1: null

2018-12-12 15:43:45 - [TEST_STEP][PASSED] - Statement - PreSaveFile = new java.io.File(((pathPrefix + java.lang.Integer.toString(counter)) + .png)): null

2018-12-12 15:43:45 - [TEST_STEP][PASSED] - Statement - counter = counter + 1: null

2018-12-12 15:43:45 - [TEST_STEP][PASSED] - Statement - PreSaveFile = new java.io.File(((pathPrefix + java.lang.Integer.toString(counter)) + .png)): null

2018-12-12 15:43:45 - [TEST_STEP][PASSED] - Statement - counter = counter + 1: null

2018-12-12 15:43:45 - [TEST_STEP][PASSED] - Statement - PreSaveFile = new java.io.File(((pathPrefix + java.lang.Integer.toString(counter)) + .png)): null

2018-12-12 15:43:45 - [TEST_STEP][PASSED] - Statement - counter = counter + 1: null

2018-12-12 15:43:45 - [TEST_STEP][PASSED] - Statement - PreSaveFile = new java.io.File(((pathPrefix + java.lang.Integer.toString(counter)) + .png)): null

2018-12-12 15:43:45 - [TEST_STEP][PASSED] - Statement - counter = counter + 1: null

2018-12-12 15:43:45 - [TEST_STEP][PASSED] - Statement - PreSaveFile = new java.io.File(((pathPrefix + java.lang.Integer.toString(counter)) + .png)): null

2018-12-12 15:43:45 - [TEST_STEP][PASSED] - Statement - counter = counter + 1: null

2018-12-12 15:43:45 - [TEST_STEP][PASSED] - Statement - PreSaveFile = new java.io.File(((pathPrefix + java.lang.Integer.toString(counter)) + .png)): null

2018-12-12 15:43:46 - [TEST_STEP][PASSED] - Statement - counter = counter + 1: null

2018-12-12 15:43:46 - [TEST_STEP][PASSED] - Statement - PreSaveFile = new java.io.File(((pathPrefix + java.lang.Integer.toString(counter)) + .png)): null

2018-12-12 15:43:46 - [TEST_STEP][PASSED] - Statement - counter = counter + 1: null

2018-12-12 15:43:46 - [TEST_STEP][PASSED] - Statement - PreSaveFile = new java.io.File(((pathPrefix + java.lang.Integer.toString(counter)) + .png)): null

2018-12-12 15:43:46 - [TEST_STEP][PASSED] - Statement - counter = counter + 1: null

2018-12-12 15:43:46 - [TEST_STEP][PASSED] - Statement - PreSaveFile = new java.io.File(((pathPrefix + java.lang.Integer.toString(counter)) + .png)): null

2018-12-12 15:43:46 - [TEST_STEP][PASSED] - Statement - counter = counter + 1: null

2018-12-12 15:43:46 - [TEST_STEP][PASSED] - Statement - PreSaveFile = new java.io.File(((pathPrefix + java.lang.Integer.toString(counter)) + .png)): null

2018-12-12 15:43:46 - [TEST_STEP][PASSED] - Statement - counter = counter + 1: null

2018-12-12 15:43:46 - [TEST_STEP][PASSED] - Statement - PreSaveFile = new java.io.File(((pathPrefix + java.lang.Integer.toString(counter)) + .png)): null

2018-12-12 15:43:46 - [TEST_STEP][PASSED] - Statement - counter = counter + 1: null

2018-12-12 15:43:46 - [TEST_STEP][PASSED] - Statement - PreSaveFile = new java.io.File(((pathPrefix + java.lang.Integer.toString(counter)) + .png)): null

2018-12-12 15:43:46 - [TEST_STEP][PASSED] - Statement - counter = counter + 1: null

2018-12-12 15:43:46 - [TEST_STEP][PASSED] - Statement - PreSaveFile = new java.io.File(((pathPrefix + java.lang.Integer.toString(counter)) + .png)): null

2018-12-12 15:43:46 - [TEST_STEP][PASSED] - Statement - counter = counter + 1: null

2018-12-12 15:43:46 - [TEST_STEP][PASSED] - Statement - PreSaveFile = new java.io.File(((pathPrefix + java.lang.Integer.toString(counter)) + .png)): null

2018-12-12 15:43:46 - [TEST_STEP][PASSED] - Statement - counter = counter + 1: null

2018-12-12 15:43:46 - [TEST_STEP][PASSED] - Statement - PreSaveFile = new java.io.File(((pathPrefix + java.lang.Integer.toString(counter)) + .png)): null

2018-12-12 15:43:46 - [TEST_STEP][PASSED] - Statement - counter = counter + 1: null

2018-12-12 15:43:46 - [TEST_STEP][PASSED] - Statement - PreSaveFile = new java.io.File(((pathPrefix + java.lang.Integer.toString(counter)) + .png)): null

2018-12-12 15:43:46 - [TEST_STEP][PASSED] - Statement - counter = counter + 1: null

2018-12-12 15:43:46 - [TEST_STEP][PASSED] - Statement - PreSaveFile = new java.io.File(((pathPrefix + java.lang.Integer.toString(counter)) + .png)): null

2018-12-12 15:43:46 - [TEST_STEP][PASSED] - Statement - counter = counter + 1: null

2018-12-12 15:43:46 - [TEST_STEP][PASSED] - Statement - PreSaveFile = new java.io.File(((pathPrefix + java.lang.Integer.toString(counter)) + .png)): null

2018-12-12 15:43:46 - [TEST_STEP][PASSED] - Statement - counter = counter + 1: null

2018-12-12 15:43:46 - [TEST_STEP][PASSED] - Statement - PreSaveFile = new java.io.File(((pathPrefix + java.lang.Integer.toString(counter)) + .png)): null

2018-12-12 15:43:46 - [TEST_STEP][PASSED] - Statement - counter = counter + 1: null

2018-12-12 15:43:46 - [TEST_STEP][PASSED] - Statement - PreSaveFile = new java.io.File(((pathPrefix + java.lang.Integer.toString(counter)) + .png)): null

2018-12-12 15:43:46 - [TEST_STEP][PASSED] - Statement - counter = counter + 1: null

2018-12-12 15:43:46 - [TEST_STEP][PASSED] - Statement - PreSaveFile = new java.io.File(((pathPrefix + java.lang.Integer.toString(counter)) + .png)): null

2018-12-12 15:43:46 - [TEST_STEP][PASSED] - Statement - counter = counter + 1: null

2018-12-12 15:43:46 - [TEST_STEP][PASSED] - Statement - PreSaveFile = new java.io.File(((pathPrefix + java.lang.Integer.toString(counter)) + .png)): null

2018-12-12 15:43:46 - [TEST_STEP][PASSED] - Statement - counter = counter + 1: null

2018-12-12 15:43:46 - [TEST_STEP][PASSED] - Statement - PreSaveFile = new java.io.File(((pathPrefix + java.lang.Integer.toString(counter)) + .png)): null

2018-12-12 15:43:46 - [TEST_STEP][PASSED] - Statement - counter = counter + 1: null

2018-12-12 15:43:46 - [TEST_STEP][PASSED] - Statement - PreSaveFile = new java.io.File(((pathPrefix + java.lang.Integer.toString(counter)) + .png)): null

2018-12-12 15:43:46 - [TEST_STEP][PASSED] - Statement - counter = counter + 1: null

2018-12-12 15:43:46 - [TEST_STEP][PASSED] - Statement - PreSaveFile = new java.io.File(((pathPrefix + java.lang.Integer.toString(counter)) + .png)): null

2018-12-12 15:43:46 - [TEST_STEP][PASSED] - Statement - counter = counter + 1: null

2018-12-12 15:43:46 - [TEST_STEP][PASSED] - Statement - PreSaveFile = new java.io.File(((pathPrefix + java.lang.Integer.toString(counter)) + .png)): null

2018-12-12 15:43:46 - [TEST_STEP][PASSED] - Statement - counter = counter + 1: null

2018-12-12 15:43:46 - [TEST_STEP][PASSED] - Statement - PreSaveFile = new java.io.File(((pathPrefix + java.lang.Integer.toString(counter)) + .png)): null

2018-12-12 15:43:46 - [TEST_STEP][PASSED] - Statement - counter = counter + 1: null

2018-12-12 15:43:46 - [TEST_STEP][PASSED] - Statement - PreSaveFile = new java.io.File(((pathPrefix + java.lang.Integer.toString(counter)) + .png)): null

2018-12-12 15:43:46 - [TEST_STEP][PASSED] - Statement - counter = counter + 1: null

2018-12-12 15:43:46 - [TEST_STEP][PASSED] - Statement - PreSaveFile = new java.io.File(((pathPrefix + java.lang.Integer.toString(counter)) + .png)): null

2018-12-12 15:43:46 - [TEST_STEP][PASSED] - Statement - counter = counter + 1: null

2018-12-12 15:43:46 - [TEST_STEP][PASSED] - Statement - PreSaveFile = new java.io.File(((pathPrefix + java.lang.Integer.toString(counter)) + .png)): null

2018-12-12 15:43:46 - [TEST_STEP][PASSED] - Statement - counter = counter + 1: null

2018-12-12 15:43:46 - [TEST_STEP][PASSED] - Statement - PreSaveFile = new java.io.File(((pathPrefix + java.lang.Integer.toString(counter)) + .png)): null

2018-12-12 15:43:46 - [TEST_STEP][PASSED] - Statement - counter = counter + 1: null

2018-12-12 15:43:46 - [TEST_STEP][PASSED] - Statement - PreSaveFile = new java.io.File(((pathPrefix + java.lang.Integer.toString(counter)) + .png)): null

2018-12-12 15:43:46 - [TEST_STEP][PASSED] - Statement - counter = counter + 1: null

2018-12-12 15:43:46 - [TEST_STEP][PASSED] - Statement - PreSaveFile = new java.io.File(((pathPrefix + java.lang.Integer.toString(counter)) + .png)): null

2018-12-12 15:43:46 - [TEST_STEP][PASSED] - Statement - counter = counter + 1: null

2018-12-12 15:43:46 - [TEST_STEP][PASSED] - Statement - PreSaveFile = new java.io.File(((pathPrefix + java.lang.Integer.toString(counter)) + .png)): null

2018-12-12 15:43:46 - [TEST_STEP][PASSED] - Statement - counter = counter + 1: null

2018-12-12 15:43:46 - [TEST_STEP][PASSED] - Statement - PreSaveFile = new java.io.File(((pathPrefix + java.lang.Integer.toString(counter)) + .png)): null

2018-12-12 15:43:46 - [TEST_STEP][PASSED] - Statement - counter = counter + 1: null

2018-12-12 15:43:46 - [TEST_STEP][PASSED] - Statement - PreSaveFile = new java.io.File(((pathPrefix + java.lang.Integer.toString(counter)) + .png)): null

2018-12-12 15:43:46 - [TEST_STEP][PASSED] - Statement - counter = counter + 1: null

2018-12-12 15:43:46 - [TEST_STEP][PASSED] - Statement - PreSaveFile = new java.io.File(((pathPrefix + java.lang.Integer.toString(counter)) + .png)): null

2018-12-12 15:43:46 - [TEST_STEP][PASSED] - Statement - counter = counter + 1: null

2018-12-12 15:43:46 - [TEST_STEP][PASSED] - Statement - PreSaveFile = new java.io.File(((pathPrefix + java.lang.Integer.toString(counter)) + .png)): null

2018-12-12 15:43:46 - [TEST_STEP][PASSED] - Statement - counter = counter + 1: null

2018-12-12 15:43:46 - [TEST_STEP][PASSED] - Statement - PreSaveFile = new java.io.File(((pathPrefix + java.lang.Integer.toString(counter)) + .png)): null

2018-12-12 15:43:46 - [TEST_STEP][PASSED] - Statement - counter = counter + 1: null

2018-12-12 15:43:46 - [TEST_STEP][PASSED] - Statement - PreSaveFile = new java.io.File(((pathPrefix + java.lang.Integer.toString(counter)) + .png)): null

2018-12-12 15:43:46 - [TEST_STEP][PASSED] - Statement - counter = counter + 1: null

2018-12-12 15:43:46 - [TEST_STEP][PASSED] - Statement - PreSaveFile = new java.io.File(((pathPrefix + java.lang.Integer.toString(counter)) + .png)): null

2018-12-12 15:43:46 - [TEST_STEP][PASSED] - Statement - counter = counter + 1: null

2018-12-12 15:43:46 - [TEST_STEP][PASSED] - Statement - PreSaveFile = new java.io.File(((pathPrefix + java.lang.Integer.toString(counter)) + .png)): null

2018-12-12 15:43:46 - [TEST_STEP][PASSED] - Statement - counter = counter + 1: null

2018-12-12 15:43:46 - [TEST_STEP][PASSED] - Statement - PreSaveFile = new java.io.File(((pathPrefix + java.lang.Integer.toString(counter)) + .png)): null

2018-12-12 15:43:46 - [TEST_STEP][PASSED] - Statement - counter = counter + 1: null

2018-12-12 15:43:46 - [TEST_STEP][PASSED] - Statement - PreSaveFile = new java.io.File(((pathPrefix + java.lang.Integer.toString(counter)) + .png)): null

2018-12-12 15:43:46 - [TEST_STEP][PASSED] - Statement - counter = counter + 1: null

2018-12-12 15:43:46 - [TEST_STEP][PASSED] - Statement - PreSaveFile = new java.io.File(((pathPrefix + java.lang.Integer.toString(counter)) + .png)): null

2018-12-12 15:43:46 - [TEST_STEP][PASSED] - Statement - counter = counter + 1: null

2018-12-12 15:43:46 - [TEST_STEP][PASSED] - Statement - PreSaveFile = new java.io.File(((pathPrefix + java.lang.Integer.toString(counter)) + .png)): null

2018-12-12 15:43:46 - [TEST_STEP][PASSED] - Statement - counter = counter + 1: null

2018-12-12 15:43:46 - [TEST_STEP][PASSED] - Statement - PreSaveFile = new java.io.File(((pathPrefix + java.lang.Integer.toString(counter)) + .png)): null

2018-12-12 15:43:46 - [TEST_STEP][PASSED] - Statement - counter = counter + 1: null

2018-12-12 15:43:46 - [TEST_STEP][PASSED] - Statement - PreSaveFile = new java.io.File(((pathPrefix + java.lang.Integer.toString(counter)) + .png)): null

2018-12-12 15:43:46 - [TEST_STEP][PASSED] - Statement - counter = counter + 1: null

2018-12-12 15:43:46 - [TEST_STEP][PASSED] - Statement - PreSaveFile = new java.io.File(((pathPrefix + java.lang.Integer.toString(counter)) + .png)): null

2018-12-12 15:43:46 - [TEST_STEP][PASSED] - Statement - counter = counter + 1: null

2018-12-12 15:43:46 - [TEST_STEP][PASSED] - Statement - PreSaveFile = new java.io.File(((pathPrefix + java.lang.Integer.toString(counter)) + .png)): null

2018-12-12 15:43:46 - [TEST_STEP][PASSED] - Statement - counter = counter + 1: null

2018-12-12 15:43:46 - [TEST_STEP][PASSED] - Statement - PreSaveFile = new java.io.File(((pathPrefix + java.lang.Integer.toString(counter)) + .png)): null

2018-12-12 15:43:46 - [TEST_STEP][PASSED] - Statement - counter = counter + 1: null

2018-12-12 15:43:46 - [TEST_STEP][PASSED] - Statement - PreSaveFile = new java.io.File(((pathPrefix + java.lang.Integer.toString(counter)) + .png)): null

2018-12-12 15:43:46 - [TEST_STEP][PASSED] - Statement - counter = counter + 1: null

2018-12-12 15:43:46 - [TEST_STEP][PASSED] - Statement - PreSaveFile = new java.io.File(((pathPrefix + java.lang.Integer.toString(counter)) + .png)): null

2018-12-12 15:43:46 - [TEST_STEP][PASSED] - Statement - counter = counter + 1: null

2018-12-12 15:43:46 - [TEST_STEP][PASSED] - Statement - PreSaveFile = new java.io.File(((pathPrefix + java.lang.Integer.toString(counter)) + .png)): null

2018-12-12 15:43:46 - [TEST_STEP][PASSED] - Statement - counter = counter + 1: null

2018-12-12 15:43:46 - [TEST_STEP][PASSED] - Statement - PreSaveFile = new java.io.File(((pathPrefix + java.lang.Integer.toString(counter)) + .png)): null

2018-12-12 15:43:46 - [TEST_STEP][PASSED] - Statement - counter = counter + 1: null

2018-12-12 15:43:46 - [TEST_STEP][PASSED] - Statement - PreSaveFile = new java.io.File(((pathPrefix + java.lang.Integer.toString(counter)) + .png)): null

2018-12-12 15:43:46 - [TEST_STEP][PASSED] - Statement - counter = counter + 1: null

2018-12-12 15:43:46 - [TEST_STEP][PASSED] - Statement - PreSaveFile = new java.io.File(((pathPrefix + java.lang.Integer.toString(counter)) + .png)): null

2018-12-12 15:43:46 - [TEST_STEP][PASSED] - Statement - counter = counter + 1: null

2018-12-12 15:43:46 - [TEST_STEP][PASSED] - Statement - PreSaveFile = new java.io.File(((pathPrefix + java.lang.Integer.toString(counter)) + .png)): null

2018-12-12 15:43:46 - [TEST_STEP][PASSED] - Statement - counter = counter + 1: null

2018-12-12 15:43:46 - [TEST_STEP][PASSED] - Statement - PreSaveFile = new java.io.File(((pathPrefix + java.lang.Integer.toString(counter)) + .png)): null

2018-12-12 15:43:46 - [TEST_STEP][PASSED] - Statement - counter = counter + 1: null

2018-12-12 15:43:46 - [TEST_STEP][PASSED] - Statement - PreSaveFile = new java.io.File(((pathPrefix + java.lang.Integer.toString(counter)) + .png)): null

2018-12-12 15:43:46 - [TEST_STEP][PASSED] - Statement - counter = counter + 1: null

2018-12-12 15:43:46 - [TEST_STEP][PASSED] - Statement - PreSaveFile = new java.io.File(((pathPrefix + java.lang.Integer.toString(counter)) + .png)): null

2018-12-12 15:43:46 - [TEST_STEP][PASSED] - Statement - counter = counter + 1: null

2018-12-12 15:43:46 - [TEST_STEP][PASSED] - Statement - PreSaveFile = new java.io.File(((pathPrefix + java.lang.Integer.toString(counter)) + .png)): null

2018-12-12 15:43:46 - [TEST_STEP][PASSED] - Statement - finalPath = pathPrefix + java.lang.Integer.toString(counter) + ".png": null

2018-12-12 15:43:46 - [TEST_STEP][PASSED] - Statement - SaveFile = new java.io.File(finalPath): null

2018-12-12 15:43:46 - [TEST_STEP][PASSED] - Statement - Try: null

2018-12-12 15:43:46 - [TEST_STEP][PASSED] - Statement - org.apache.commons.io.FileUtils.copyFile(scrFile, SaveFile): null

2018-12-12 15:43:46 - [TEST_STEP][PASSED] - Statement - out.println("file kept"): null

2018-12-12 15:43:46 - [TEST_STEP][PASSED] - delay: Delayed 10 second(s)

2018-12-12 15:43:56 - [MESSAGE][PASSED] - Delayed 10 second(s)

2018-12-12 15:43:56 - [MESSAGE][PASSED] - Call Test Case 'Test Cases/Final Aug 2018 - PKS Automation/Registration Module/New Registration/Submit and Screenshot/Submit Registration and Screenshot' successfully]]></system-out>
         <system-err><![CDATA[]]></system-err>
      </testcase>
      <testcase name="Test Cases/Final Aug 2018 - PKS Automation/Registration Module/Critical Path/New Registration/Other - IPTS" classname="Test Cases/Final Aug 2018 - PKS Automation/Registration Module/Critical Path/New Registration/Other - IPTS" status="PASSED">
         <system-out><![CDATA[2018-12-12 15:43:56 - [TEST_CASE][PASSED] - Test Cases/Final Aug 2018 - PKS Automation/Registration Module/Critical Path/New Registration/Other - IPTS: Test Cases/Final Aug 2018 - PKS Automation/Registration Module/Critical Path/New Registration/Other - IPTS

2018-12-12 15:43:56 - [TEST_STEP][PASSED] - callTestCase: Call Test Case 'Test Cases/Final Aug 2018 - PKS Automation/Registration Module/New Registration/Form 1/Form 1 - Other - IPTS' successfully

2018-12-12 15:43:56 - [TEST_CASE][PASSED] - Test Cases/Final Aug 2018 - PKS Automation/Registration Module/New Registration/Form 1/Form 1 - Other - IPTS: Test Cases/Final Aug 2018 - PKS Automation/Registration Module/New Registration/Form 1/Form 1 - Other - IPTS

2018-12-12 15:43:56 - [TEST_STEP][PASSED] - openBrowser: Browser is opened with url: ''

2018-12-12 15:43:56 - [MESSAGE][WARNING] - A browser is already opened. Closing browser and opening a new one

2018-12-12 15:43:59 - [MESSAGE][PASSED] - Browser is opened with url: ''

2018-12-12 15:43:59 - [TEST_STEP][PASSED] - navigateToUrl: Navigate to 'https://assist2-uat.perkeso.gov.my/login' successfully

2018-12-12 15:44:00 - [MESSAGE][PASSED] - Navigate to 'https://assist2-uat.perkeso.gov.my/login' successfully

2018-12-12 15:44:00 - [TEST_STEP][PASSED] - setText: Text 'johorotc1@gmail.com' is set on object 'Object Repository/Final Object Repo/Login Page/Internal User/Email Address'

2018-12-12 15:44:01 - [MESSAGE][PASSED] - Text 'johorotc1@gmail.com' is set on object 'Object Repository/Final Object Repo/Login Page/Internal User/Email Address'

2018-12-12 15:44:01 - [TEST_STEP][PASSED] - click: Object: 'Object Repository/Final Object Repo/Login Page/Internal User/Next Button' is clicked on

2018-12-12 15:44:01 - [MESSAGE][PASSED] - Object: 'Object Repository/Final Object Repo/Login Page/Internal User/Next Button' is clicked on

2018-12-12 15:44:01 - [TEST_STEP][PASSED] - delay: Delayed 1 second(s)

2018-12-12 15:44:02 - [MESSAGE][PASSED] - Delayed 1 second(s)

2018-12-12 15:44:02 - [TEST_STEP][PASSED] - setEncryptedText: Text ****** has been set on object 'Object Repository/Final Object Repo/Login Page/Internal User/Password'

2018-12-12 15:44:02 - [MESSAGE][PASSED] - Text ****** has been set on object 'Object Repository/Final Object Repo/Login Page/Internal User/Password'

2018-12-12 15:44:02 - [TEST_STEP][PASSED] - click: Object: 'Object Repository/Final Object Repo/Login Page/Internal User/Login Button' is clicked on

2018-12-12 15:44:02 - [MESSAGE][PASSED] - Object: 'Object Repository/Final Object Repo/Login Page/Internal User/Login Button' is clicked on

2018-12-12 15:44:02 - [TEST_STEP][PASSED] - delay: Delayed 1 second(s)

2018-12-12 15:44:03 - [MESSAGE][PASSED] - Delayed 1 second(s)

2018-12-12 15:44:03 - [TEST_STEP][PASSED] - Statement - Try: Delayed 2 second(s)

2018-12-12 15:44:03 - [TEST_STEP][PASSED] - Statement - Checker = false: null

2018-12-12 15:44:03 - [TEST_STEP][PASSED] - Statement - Checker = com.kms.katalon.core.webui.keyword.WebUiBuiltInKeywords.verifyElementHasAttribute(com.kms.katalon.core.testobject.ObjectRepository.findTestObject(Final Object Repo/Landing Page/BM Detecting), "href", 20, OPTIONAL): Object 'Object Repository/Final Object Repo/Landing Page/BM Detecting' has attribute 'href'

2018-12-12 15:44:04 - [MESSAGE][PASSED] - Object 'Object Repository/Final Object Repo/Landing Page/BM Detecting' has attribute 'href'

2018-12-12 15:44:04 - [TEST_STEP][PASSED] - Statement - out.println(Checker): null

2018-12-12 15:44:04 - [TEST_STEP][PASSED] - Statement - If (Checker == false): null

2018-12-12 15:44:04 - [TEST_STEP][PASSED] - Statement - Else: null

2018-12-12 15:44:04 - [TEST_STEP][PASSED] - delay: Delayed 2 second(s)

2018-12-12 15:44:06 - [MESSAGE][PASSED] - Delayed 2 second(s)

2018-12-12 15:44:06 - [TEST_STEP][PASSED] - navigateToUrl: Navigate to 'https://assist2-uat.perkeso.gov.my/web/registration/registration' successfully

2018-12-12 15:44:08 - [MESSAGE][PASSED] - Navigate to 'https://assist2-uat.perkeso.gov.my/web/registration/registration' successfully

2018-12-12 15:44:08 - [TEST_STEP][PASSED] - click: Object: 'Object Repository/Final Object Repo/New Registration - Registration Module Pages/Form 1/AEC - No' is clicked on

2018-12-12 15:44:08 - [MESSAGE][PASSED] - Object: 'Object Repository/Final Object Repo/New Registration - Registration Module Pages/Form 1/AEC - No' is clicked on

2018-12-12 15:44:08 - [TEST_STEP][PASSED] - click: Object: 'Object Repository/Final Object Repo/New Registration - Registration Module Pages/Form 1/Business Entity' is clicked on

2018-12-12 15:44:08 - [MESSAGE][PASSED] - Object: 'Object Repository/Final Object Repo/New Registration - Registration Module Pages/Form 1/Business Entity' is clicked on

2018-12-12 15:44:08 - [TEST_STEP][PASSED] - click: Object: 'Object Repository/Final Object Repo/New Registration - Registration Module Pages/Form 1/Business Entity - Other' is clicked on

2018-12-12 15:44:08 - [MESSAGE][PASSED] - Object: 'Object Repository/Final Object Repo/New Registration - Registration Module Pages/Form 1/Business Entity - Other' is clicked on

2018-12-12 15:44:08 - [TEST_STEP][PASSED] - delay: Delayed 1 second(s)

2018-12-12 15:44:09 - [MESSAGE][PASSED] - Delayed 1 second(s)

2018-12-12 15:44:09 - [TEST_STEP][PASSED] - click: Object: 'Object Repository/Final Object Repo/New Registration - Registration Module Pages/Form 1/Sub Business Entity' is clicked on

2018-12-12 15:44:10 - [MESSAGE][PASSED] - Object: 'Object Repository/Final Object Repo/New Registration - Registration Module Pages/Form 1/Sub Business Entity' is clicked on

2018-12-12 15:44:10 - [TEST_STEP][PASSED] - click: Object: 'Object Repository/Final Object Repo/New Registration - Registration Module Pages/Form 1/Sub Business Entity - Other/Sub Business Entity  - IPTS' is clicked on

2018-12-12 15:44:10 - [MESSAGE][PASSED] - Object: 'Object Repository/Final Object Repo/New Registration - Registration Module Pages/Form 1/Sub Business Entity - Other/Sub Business Entity  - IPTS' is clicked on

2018-12-12 15:44:10 - [TEST_STEP][PASSED] - delay: Delayed 1 second(s)

2018-12-12 15:44:11 - [MESSAGE][PASSED] - Delayed 1 second(s)

2018-12-12 15:44:11 - [TEST_STEP][NOT_RUN] - click: NOT_RUN: click

2018-12-12 15:44:11 - [MESSAGE][NOT_RUN] - NOT_RUN: click

2018-12-12 15:44:11 - [TEST_STEP][NOT_RUN] - click: NOT_RUN: click

2018-12-12 15:44:11 - [MESSAGE][NOT_RUN] - NOT_RUN: click

2018-12-12 15:44:11 - [TEST_STEP][NOT_RUN] - delay: NOT_RUN: delay

2018-12-12 15:44:11 - [MESSAGE][NOT_RUN] - NOT_RUN: delay

2018-12-12 15:44:11 - [TEST_STEP][PASSED] - setText: Text '123' is set on object 'Object Repository/Final Object Repo/New Registration - Registration Module Pages/Form 1/Registration Number'

2018-12-12 15:44:11 - [MESSAGE][PASSED] - Text '123' is set on object 'Object Repository/Final Object Repo/New Registration - Registration Module Pages/Form 1/Registration Number'

2018-12-12 15:44:11 - [TEST_STEP][NOT_RUN] - click: NOT_RUN: click

2018-12-12 15:44:11 - [MESSAGE][NOT_RUN] - NOT_RUN: click

2018-12-12 15:44:11 - [TEST_STEP][PASSED] - click: Object: 'Object Repository/Final Object Repo/New Registration - Registration Module Pages/Form 1/Registered As a Branch - Yes' is clicked on

2018-12-12 15:44:11 - [MESSAGE][PASSED] - Object: 'Object Repository/Final Object Repo/New Registration - Registration Module Pages/Form 1/Registered As a Branch - Yes' is clicked on

2018-12-12 15:44:11 - [TEST_STEP][PASSED] - check: Object 'Object Repository/Final Object Repo/New Registration - Registration Module Pages/Form 1/Acknowledgement' is checked

2018-12-12 15:44:11 - [MESSAGE][PASSED] - Object 'Object Repository/Final Object Repo/New Registration - Registration Module Pages/Form 1/Acknowledgement' is checked

2018-12-12 15:44:11 - [TEST_STEP][PASSED] - setText: Text 'perkeso' is set on object 'Object Repository/Final Object Repo/New Registration - Registration Module Pages/Form 1/Industry name'

2018-12-12 15:44:12 - [MESSAGE][PASSED] - Text 'perkeso' is set on object 'Object Repository/Final Object Repo/New Registration - Registration Module Pages/Form 1/Industry name'

2018-12-12 15:44:12 - [TEST_STEP][PASSED] - setText: Text 'perkeso1' is set on object 'Object Repository/Final Object Repo/New Registration - Registration Module Pages/Form 1/Postal Address1'

2018-12-12 15:44:12 - [MESSAGE][PASSED] - Text 'perkeso1' is set on object 'Object Repository/Final Object Repo/New Registration - Registration Module Pages/Form 1/Postal Address1'

2018-12-12 15:44:12 - [TEST_STEP][PASSED] - setText: Text 'perkeso2' is set on object 'Object Repository/Final Object Repo/New Registration - Registration Module Pages/Form 1/Postal Address2'

2018-12-12 15:44:13 - [MESSAGE][PASSED] - Text 'perkeso2' is set on object 'Object Repository/Final Object Repo/New Registration - Registration Module Pages/Form 1/Postal Address2'

2018-12-12 15:44:13 - [TEST_STEP][PASSED] - setText: Text 'perkeso3' is set on object 'Object Repository/Final Object Repo/New Registration - Registration Module Pages/Form 1/Postal Address3'

2018-12-12 15:44:13 - [MESSAGE][PASSED] - Text 'perkeso3' is set on object 'Object Repository/Final Object Repo/New Registration - Registration Module Pages/Form 1/Postal Address3'

2018-12-12 15:44:13 - [TEST_STEP][PASSED] - click: Object: 'Object Repository/Final Object Repo/New Registration - Registration Module Pages/Form 1/State' is clicked on

2018-12-12 15:44:13 - [MESSAGE][PASSED] - Object: 'Object Repository/Final Object Repo/New Registration - Registration Module Pages/Form 1/State' is clicked on

2018-12-12 15:44:13 - [TEST_STEP][PASSED] - click: Object: 'Object Repository/Final Object Repo/New Registration - Registration Module Pages/Form 1/State - Johor' is clicked on

2018-12-12 15:44:13 - [MESSAGE][PASSED] - Object: 'Object Repository/Final Object Repo/New Registration - Registration Module Pages/Form 1/State - Johor' is clicked on

2018-12-12 15:44:13 - [TEST_STEP][PASSED] - delay: Delayed 1 second(s)

2018-12-12 15:44:14 - [MESSAGE][PASSED] - Delayed 1 second(s)

2018-12-12 15:44:14 - [TEST_STEP][PASSED] - click: Object: 'Object Repository/Final Object Repo/New Registration - Registration Module Pages/Form 1/City' is clicked on

2018-12-12 15:44:15 - [MESSAGE][PASSED] - Object: 'Object Repository/Final Object Repo/New Registration - Registration Module Pages/Form 1/City' is clicked on

2018-12-12 15:44:15 - [TEST_STEP][PASSED] - setText: Text 'joh' is set on object 'Object Repository/Final Object Repo/New Registration - Registration Module Pages/Form 1/Postcode - 810'

2018-12-12 15:44:15 - [MESSAGE][PASSED] - Text 'joh' is set on object 'Object Repository/Final Object Repo/New Registration - Registration Module Pages/Form 1/Postcode - 810'

2018-12-12 15:44:15 - [TEST_STEP][PASSED] - delay: Delayed 1 second(s)

2018-12-12 15:44:16 - [MESSAGE][PASSED] - Delayed 1 second(s)

2018-12-12 15:44:16 - [TEST_STEP][PASSED] - click: Object: 'Object Repository/Final Object Repo/New Registration - Registration Module Pages/Form 1/City - Johor Bharu' is clicked on

2018-12-12 15:44:16 - [MESSAGE][PASSED] - Object: 'Object Repository/Final Object Repo/New Registration - Registration Module Pages/Form 1/City - Johor Bharu' is clicked on

2018-12-12 15:44:16 - [TEST_STEP][PASSED] - delay: Delayed 1 second(s)

2018-12-12 15:44:17 - [MESSAGE][PASSED] - Delayed 1 second(s)

2018-12-12 15:44:17 - [TEST_STEP][PASSED] - click: Object: 'Object Repository/Final Object Repo/New Registration - Registration Module Pages/Form 1/Postcode' is clicked on

2018-12-12 15:44:17 - [MESSAGE][PASSED] - Object: 'Object Repository/Final Object Repo/New Registration - Registration Module Pages/Form 1/Postcode' is clicked on

2018-12-12 15:44:17 - [TEST_STEP][PASSED] - delay: Delayed 1 second(s)

2018-12-12 15:44:18 - [MESSAGE][PASSED] - Delayed 1 second(s)

2018-12-12 15:44:18 - [TEST_STEP][PASSED] - setText: Text '810' is set on object 'Object Repository/Final Object Repo/New Registration - Registration Module Pages/Form 1/Postcode - 810'

2018-12-12 15:44:18 - [MESSAGE][PASSED] - Text '810' is set on object 'Object Repository/Final Object Repo/New Registration - Registration Module Pages/Form 1/Postcode - 810'

2018-12-12 15:44:18 - [TEST_STEP][PASSED] - delay: Delayed 1 second(s)

2018-12-12 15:44:19 - [MESSAGE][PASSED] - Delayed 1 second(s)

2018-12-12 15:44:19 - [TEST_STEP][PASSED] - click: Object: 'Object Repository/Final Object Repo/New Registration - Registration Module Pages/Form 1/Postcode - 81000' is clicked on

2018-12-12 15:44:20 - [MESSAGE][PASSED] - Object: 'Object Repository/Final Object Repo/New Registration - Registration Module Pages/Form 1/Postcode - 81000' is clicked on

2018-12-12 15:44:20 - [TEST_STEP][PASSED] - delay: Delayed 1 second(s)

2018-12-12 15:44:21 - [MESSAGE][PASSED] - Delayed 1 second(s)

2018-12-12 15:44:21 - [TEST_STEP][PASSED] - setText: Text '100' is set on object 'Object Repository/Final Object Repo/New Registration - Registration Module Pages/Form 1/P.O.BOX'

2018-12-12 15:44:21 - [MESSAGE][PASSED] - Text '100' is set on object 'Object Repository/Final Object Repo/New Registration - Registration Module Pages/Form 1/P.O.BOX'

2018-12-12 15:44:21 - [TEST_STEP][PASSED] - setText: Text '100' is set on object 'Object Repository/Final Object Repo/New Registration - Registration Module Pages/Form 1/Locked Bag No'

2018-12-12 15:44:21 - [MESSAGE][PASSED] - Text '100' is set on object 'Object Repository/Final Object Repo/New Registration - Registration Module Pages/Form 1/Locked Bag No'

2018-12-12 15:44:21 - [TEST_STEP][PASSED] - click: Object: 'Object Repository/Final Object Repo/New Registration - Registration Module Pages/Form 1/SOCSO Office Location' is clicked on

2018-12-12 15:44:21 - [MESSAGE][PASSED] - Object: 'Object Repository/Final Object Repo/New Registration - Registration Module Pages/Form 1/SOCSO Office Location' is clicked on

2018-12-12 15:44:21 - [TEST_STEP][PASSED] - click: Object: 'Object Repository/Final Object Repo/New Registration - Registration Module Pages/Form 1/SOCSO Office Location - Pejabat PERKESO Negeri Johor' is clicked on

2018-12-12 15:44:22 - [MESSAGE][PASSED] - Object: 'Object Repository/Final Object Repo/New Registration - Registration Module Pages/Form 1/SOCSO Office Location - Pejabat PERKESO Negeri Johor' is clicked on

2018-12-12 15:44:22 - [TEST_STEP][PASSED] - delay: Delayed 1 second(s)

2018-12-12 15:44:23 - [MESSAGE][PASSED] - Delayed 1 second(s)

2018-12-12 15:44:23 - [TEST_STEP][PASSED] - check: Object 'Object Repository/Final Object Repo/New Registration - Registration Module Pages/Form 1/Indusrty Address Same As Postal Address' is checked

2018-12-12 15:44:23 - [MESSAGE][PASSED] - Object 'Object Repository/Final Object Repo/New Registration - Registration Module Pages/Form 1/Indusrty Address Same As Postal Address' is checked

2018-12-12 15:44:23 - [TEST_STEP][PASSED] - delay: Delayed 3 second(s)

2018-12-12 15:44:26 - [MESSAGE][PASSED] - Delayed 3 second(s)

2018-12-12 15:44:26 - [TEST_STEP][PASSED] - click: Object: 'Object Repository/Final Object Repo/New Registration - Registration Module Pages/Form 1/Indusry Address Same As Postal Address False' is clicked on

2018-12-12 15:44:26 - [MESSAGE][PASSED] - Object: 'Object Repository/Final Object Repo/New Registration - Registration Module Pages/Form 1/Indusry Address Same As Postal Address False' is clicked on

2018-12-12 15:44:26 - [TEST_STEP][PASSED] - delay: Delayed 1 second(s)

2018-12-12 15:44:27 - [MESSAGE][PASSED] - Delayed 1 second(s)

2018-12-12 15:44:27 - [TEST_STEP][PASSED] - setText: Text 'perkeso1' is set on object 'Object Repository/Final Object Repo/New Registration - Registration Module Pages/Form 1/Industry Address1'

2018-12-12 15:44:27 - [MESSAGE][PASSED] - Text 'perkeso1' is set on object 'Object Repository/Final Object Repo/New Registration - Registration Module Pages/Form 1/Industry Address1'

2018-12-12 15:44:27 - [TEST_STEP][PASSED] - setText: Text 'perkeso2' is set on object 'Object Repository/Final Object Repo/New Registration - Registration Module Pages/Form 1/Industry Address2'

2018-12-12 15:44:28 - [MESSAGE][PASSED] - Text 'perkeso2' is set on object 'Object Repository/Final Object Repo/New Registration - Registration Module Pages/Form 1/Industry Address2'

2018-12-12 15:44:28 - [TEST_STEP][PASSED] - setText: Text 'perkeso3' is set on object 'Object Repository/Final Object Repo/New Registration - Registration Module Pages/Form 1/Industry Address3'

2018-12-12 15:44:28 - [MESSAGE][PASSED] - Text 'perkeso3' is set on object 'Object Repository/Final Object Repo/New Registration - Registration Module Pages/Form 1/Industry Address3'

2018-12-12 15:44:28 - [TEST_STEP][PASSED] - click: Object: 'Object Repository/Final Object Repo/New Registration - Registration Module Pages/Form 1/Industry State' is clicked on

2018-12-12 15:44:28 - [MESSAGE][PASSED] - Object: 'Object Repository/Final Object Repo/New Registration - Registration Module Pages/Form 1/Industry State' is clicked on

2018-12-12 15:44:28 - [TEST_STEP][PASSED] - delay: Delayed 2 second(s)

2018-12-12 15:44:30 - [MESSAGE][PASSED] - Delayed 2 second(s)

2018-12-12 15:44:30 - [TEST_STEP][PASSED] - click: Object: 'Object Repository/Final Object Repo/New Registration - Registration Module Pages/Form 1/Industry State - Johor' is clicked on

2018-12-12 15:44:31 - [MESSAGE][PASSED] - Object: 'Object Repository/Final Object Repo/New Registration - Registration Module Pages/Form 1/Industry State - Johor' is clicked on

2018-12-12 15:44:31 - [TEST_STEP][PASSED] - delay: Delayed 2 second(s)

2018-12-12 15:44:33 - [MESSAGE][PASSED] - Delayed 2 second(s)

2018-12-12 15:44:33 - [TEST_STEP][PASSED] - click: Object: 'Object Repository/Final Object Repo/New Registration - Registration Module Pages/Form 1/Industry Ciry' is clicked on

2018-12-12 15:44:33 - [MESSAGE][PASSED] - Object: 'Object Repository/Final Object Repo/New Registration - Registration Module Pages/Form 1/Industry Ciry' is clicked on

2018-12-12 15:44:33 - [TEST_STEP][PASSED] - setText: Text 'joh' is set on object 'Object Repository/Final Object Repo/New Registration - Registration Module Pages/Form 1/Industry Ciry - joh'

2018-12-12 15:44:33 - [MESSAGE][PASSED] - Text 'joh' is set on object 'Object Repository/Final Object Repo/New Registration - Registration Module Pages/Form 1/Industry Ciry - joh'

2018-12-12 15:44:33 - [TEST_STEP][PASSED] - delay: Delayed 2 second(s)

2018-12-12 15:44:35 - [MESSAGE][PASSED] - Delayed 2 second(s)

2018-12-12 15:44:35 - [TEST_STEP][PASSED] - click: Object: 'Object Repository/Final Object Repo/New Registration - Registration Module Pages/Form 1/Industy State - Johor Bharu' is clicked on

2018-12-12 15:44:35 - [MESSAGE][PASSED] - Object: 'Object Repository/Final Object Repo/New Registration - Registration Module Pages/Form 1/Industy State - Johor Bharu' is clicked on

2018-12-12 15:44:35 - [TEST_STEP][PASSED] - delay: Delayed 1 second(s)

2018-12-12 15:44:36 - [MESSAGE][PASSED] - Delayed 1 second(s)

2018-12-12 15:44:36 - [TEST_STEP][PASSED] - click: Object: 'Object Repository/Final Object Repo/New Registration - Registration Module Pages/Form 1/Indusry PostCode' is clicked on

2018-12-12 15:44:36 - [MESSAGE][PASSED] - Object: 'Object Repository/Final Object Repo/New Registration - Registration Module Pages/Form 1/Indusry PostCode' is clicked on

2018-12-12 15:44:36 - [TEST_STEP][PASSED] - delay: Delayed 1 second(s)

2018-12-12 15:44:37 - [MESSAGE][PASSED] - Delayed 1 second(s)

2018-12-12 15:44:37 - [TEST_STEP][PASSED] - setText: Text '810' is set on object 'Object Repository/Final Object Repo/New Registration - Registration Module Pages/Form 1/Insutry Post Code - 810'

2018-12-12 15:44:38 - [MESSAGE][PASSED] - Text '810' is set on object 'Object Repository/Final Object Repo/New Registration - Registration Module Pages/Form 1/Insutry Post Code - 810'

2018-12-12 15:44:38 - [TEST_STEP][PASSED] - delay: Delayed 1 second(s)

2018-12-12 15:44:39 - [MESSAGE][PASSED] - Delayed 1 second(s)

2018-12-12 15:44:39 - [TEST_STEP][PASSED] - click: Object: 'Object Repository/Final Object Repo/New Registration - Registration Module Pages/Form 1/Insutry Post Code - 81000' is clicked on

2018-12-12 15:44:39 - [MESSAGE][PASSED] - Object: 'Object Repository/Final Object Repo/New Registration - Registration Module Pages/Form 1/Insutry Post Code - 81000' is clicked on

2018-12-12 15:44:39 - [TEST_STEP][PASSED] - delay: Delayed 1 second(s)

2018-12-12 15:44:40 - [MESSAGE][PASSED] - Delayed 1 second(s)

2018-12-12 15:44:40 - [TEST_STEP][PASSED] - setText: Text '100' is set on object 'Object Repository/Final Object Repo/New Registration - Registration Module Pages/Form 1/Industry P.O.BOX'

2018-12-12 15:44:40 - [MESSAGE][PASSED] - Text '100' is set on object 'Object Repository/Final Object Repo/New Registration - Registration Module Pages/Form 1/Industry P.O.BOX'

2018-12-12 15:44:40 - [TEST_STEP][PASSED] - setText: Text '100' is set on object 'Object Repository/Final Object Repo/New Registration - Registration Module Pages/Form 1/Industry Locked Bag No'

2018-12-12 15:44:40 - [MESSAGE][PASSED] - Text '100' is set on object 'Object Repository/Final Object Repo/New Registration - Registration Module Pages/Form 1/Industry Locked Bag No'

2018-12-12 15:44:40 - [TEST_STEP][PASSED] - setText: Text '123456789' is set on object 'Object Repository/Final Object Repo/New Registration - Registration Module Pages/Form 1/Telephone No'

2018-12-12 15:44:41 - [MESSAGE][PASSED] - Text '123456789' is set on object 'Object Repository/Final Object Repo/New Registration - Registration Module Pages/Form 1/Telephone No'

2018-12-12 15:44:41 - [TEST_STEP][PASSED] - setText: Text '123456789' is set on object 'Object Repository/Final Object Repo/New Registration - Registration Module Pages/Form 1/Mobile No'

2018-12-12 15:44:41 - [MESSAGE][PASSED] - Text '123456789' is set on object 'Object Repository/Final Object Repo/New Registration - Registration Module Pages/Form 1/Mobile No'

2018-12-12 15:44:41 - [TEST_STEP][PASSED] - setText: Text '123456789' is set on object 'Object Repository/Final Object Repo/New Registration - Registration Module Pages/Form 1/Fax No'

2018-12-12 15:44:42 - [MESSAGE][PASSED] - Text '123456789' is set on object 'Object Repository/Final Object Repo/New Registration - Registration Module Pages/Form 1/Fax No'

2018-12-12 15:44:42 - [TEST_STEP][PASSED] - click: Object: 'Object Repository/Final Object Repo/New Registration - Registration Module Pages/Form 1/Industry Code' is clicked on

2018-12-12 15:44:42 - [MESSAGE][PASSED] - Object: 'Object Repository/Final Object Repo/New Registration - Registration Module Pages/Form 1/Industry Code' is clicked on

2018-12-12 15:44:42 - [TEST_STEP][PASSED] - click: Object: 'Object Repository/Final Object Repo/New Registration - Registration Module Pages/Form 1/Indudustry Code - Crops and Animal' is clicked on

2018-12-12 15:44:42 - [MESSAGE][PASSED] - Object: 'Object Repository/Final Object Repo/New Registration - Registration Module Pages/Form 1/Indudustry Code - Crops and Animal' is clicked on

2018-12-12 15:44:42 - [TEST_STEP][PASSED] - delay: Delayed 1 second(s)

2018-12-12 15:44:43 - [MESSAGE][PASSED] - Delayed 1 second(s)

2018-12-12 15:44:43 - [TEST_STEP][PASSED] - click: Object: 'Object Repository/Final Object Repo/New Registration - Registration Module Pages/Form 1/Sub Industry Code List' is clicked on

2018-12-12 15:44:43 - [MESSAGE][PASSED] - Object: 'Object Repository/Final Object Repo/New Registration - Registration Module Pages/Form 1/Sub Industry Code List' is clicked on

2018-12-12 15:44:43 - [TEST_STEP][PASSED] - click: Object: 'Object Repository/Final Object Repo/New Registration - Registration Module Pages/Form 1/Sub Industry Code List - Growing of Maize' is clicked on

2018-12-12 15:44:44 - [MESSAGE][PASSED] - Object: 'Object Repository/Final Object Repo/New Registration - Registration Module Pages/Form 1/Sub Industry Code List - Growing of Maize' is clicked on

2018-12-12 15:44:44 - [TEST_STEP][PASSED] - setText: Text 'perkeso123@gmail.com' is set on object 'Object Repository/Final Object Repo/New Registration - Registration Module Pages/Form 1/Email'

2018-12-12 15:44:44 - [MESSAGE][PASSED] - Text 'perkeso123@gmail.com' is set on object 'Object Repository/Final Object Repo/New Registration - Registration Module Pages/Form 1/Email'

2018-12-12 15:44:44 - [TEST_STEP][PASSED] - click: Object: 'Object Repository/Final Object Repo/New Registration - Registration Module Pages/Form 1/Method of Contribution Payment' is clicked on

2018-12-12 15:44:44 - [MESSAGE][PASSED] - Object: 'Object Repository/Final Object Repo/New Registration - Registration Module Pages/Form 1/Method of Contribution Payment' is clicked on

2018-12-12 15:44:44 - [TEST_STEP][PASSED] - click: Object: 'Object Repository/Final Object Repo/New Registration - Registration Module Pages/Form 1/Method of Contribution Payment - Portal' is clicked on

2018-12-12 15:44:45 - [MESSAGE][PASSED] - Object: 'Object Repository/Final Object Repo/New Registration - Registration Module Pages/Form 1/Method of Contribution Payment - Portal' is clicked on

2018-12-12 15:44:45 - [TEST_STEP][PASSED] - click: Object: 'Object Repository/Final Object Repo/New Registration - Registration Module Pages/Form 1/Servide Type' is clicked on

2018-12-12 15:44:45 - [MESSAGE][PASSED] - Object: 'Object Repository/Final Object Repo/New Registration - Registration Module Pages/Form 1/Servide Type' is clicked on

2018-12-12 15:44:45 - [TEST_STEP][PASSED] - click: Object: 'Object Repository/Final Object Repo/New Registration - Registration Module Pages/Form 1/Servide Type - Professional Bodies' is clicked on

2018-12-12 15:44:45 - [MESSAGE][PASSED] - Object: 'Object Repository/Final Object Repo/New Registration - Registration Module Pages/Form 1/Servide Type - Professional Bodies' is clicked on

2018-12-12 15:44:45 - [TEST_STEP][PASSED] - click: Object: 'Object Repository/Final Object Repo/New Registration - Registration Module Pages/Form 1/Industry Venue' is clicked on

2018-12-12 15:44:45 - [MESSAGE][PASSED] - Object: 'Object Repository/Final Object Repo/New Registration - Registration Module Pages/Form 1/Industry Venue' is clicked on

2018-12-12 15:44:45 - [TEST_STEP][PASSED] - click: Object: 'Object Repository/Final Object Repo/New Registration - Registration Module Pages/Form 1/Industry Venue -  PPN JOHOR' is clicked on

2018-12-12 15:44:45 - [MESSAGE][PASSED] - Object: 'Object Repository/Final Object Repo/New Registration - Registration Module Pages/Form 1/Industry Venue -  PPN JOHOR' is clicked on

2018-12-12 15:44:45 - [TEST_STEP][PASSED] - click: Object: 'Object Repository/Final Object Repo/New Registration - Registration Module Pages/Form 1/Save  Continue' is clicked on

2018-12-12 15:44:46 - [MESSAGE][PASSED] - Object: 'Object Repository/Final Object Repo/New Registration - Registration Module Pages/Form 1/Save  Continue' is clicked on

2018-12-12 15:44:46 - [MESSAGE][PASSED] - Call Test Case 'Test Cases/Final Aug 2018 - PKS Automation/Registration Module/New Registration/Form 1/Form 1 - Other - IPTS' successfully

2018-12-12 15:44:46 - [TEST_STEP][PASSED] - callTestCase: Call Test Case 'Test Cases/Final Aug 2018 - PKS Automation/Registration Module/New Registration/Form 2/Add 2 Eligible 2 Not Eligible' successfully

2018-12-12 15:44:46 - [TEST_CASE][PASSED] - Test Cases/Final Aug 2018 - PKS Automation/Registration Module/New Registration/Form 2/Add 2 Eligible 2 Not Eligible: Test Cases/Final Aug 2018 - PKS Automation/Registration Module/New Registration/Form 2/Add 2 Eligible 2 Not Eligible

2018-12-12 15:44:46 - [TEST_STEP][PASSED] - delay: Delayed 2 second(s)

2018-12-12 15:44:48 - [MESSAGE][PASSED] - Delayed 2 second(s)

2018-12-12 15:44:48 - [TEST_STEP][PASSED] - callTestCase: Call Test Case 'Test Cases/Final Aug 2018 - PKS Automation/Registration Module/New Registration/Form 2/Date Updater' successfully

2018-12-12 15:44:48 - [TEST_CASE][PASSED] - Test Cases/Final Aug 2018 - PKS Automation/Registration Module/New Registration/Form 2/Date Updater: Test Cases/Final Aug 2018 - PKS Automation/Registration Module/New Registration/Form 2/Date Updater

2018-12-12 15:44:48 - [TEST_STEP][PASSED] - Statement - TodayDate = new java.util.Date(): null

2018-12-12 15:44:48 - [TEST_STEP][PASSED] - Statement - CurrentDateNoFilter = new java.text.SimpleDateFormat(): null

2018-12-12 15:44:48 - [TEST_STEP][PASSED] - Statement - CurrentDateNoFilter.applyPattern("MM"): null

2018-12-12 15:44:48 - [TEST_STEP][PASSED] - Statement - monthContainerMatcher = java.lang.Integer.parseInt(CurrentDateNoFilter.format(TodayDate)): null

2018-12-12 15:44:48 - [TEST_STEP][PASSED] - Statement - monthContainerMatcher = monthContainerMatcher - 1: null

2018-12-12 15:44:48 - [TEST_STEP][PASSED] - Statement - CurrentMonth = monthContainerMatcher.toString(): null

2018-12-12 15:44:48 - [TEST_STEP][PASSED] - Statement - CurrentMonth = CurrentMonth: null

2018-12-12 15:44:48 - [TEST_STEP][PASSED] - Statement - CurrentDateNoFilter.applyPattern("yyyy"): null

2018-12-12 15:44:48 - [TEST_STEP][PASSED] - Statement - CurrentYear = CurrentDateNoFilter.format(TodayDate): null

2018-12-12 15:44:48 - [TEST_STEP][PASSED] - Statement - CurrentYear = CurrentYear: null

2018-12-12 15:44:48 - [TEST_STEP][PASSED] - Statement - intCurrentYear = java.lang.Integer.parseInt(CurrentDateNoFilter.format(TodayDate)): null

2018-12-12 15:44:48 - [TEST_STEP][PASSED] - Statement - eighteenYrsAgo = intCurrentYear - 18: null

2018-12-12 15:44:48 - [TEST_STEP][PASSED] - Statement - eighteenYrsBeforeThisYr = eighteenYrsAgo.toString(): null

2018-12-12 15:44:48 - [TEST_STEP][PASSED] - Statement - EighteenYrsBefore = eighteenYrsBeforeThisYr: null

2018-12-12 15:44:48 - [TEST_STEP][PASSED] - Statement - fiftysevenYrsAgo = intCurrentYear - 57: null

2018-12-12 15:44:48 - [TEST_STEP][PASSED] - Statement - fiftysevenYrsBeforeThisYr = fiftysevenYrsAgo.toString(): null

2018-12-12 15:44:48 - [TEST_STEP][PASSED] - Statement - FiftysevenYrsBefore = fiftysevenYrsBeforeThisYr: null

2018-12-12 15:44:48 - [TEST_STEP][PASSED] - Statement - leapYear = false: null

2018-12-12 15:44:48 - [TEST_STEP][PASSED] - Statement - leapYear = intCurrentYear % 4 == 0: null

2018-12-12 15:44:48 - [TEST_STEP][PASSED] - Statement - CurrentDateNoFilter.applyPattern("dd"): null

2018-12-12 15:44:48 - [TEST_STEP][PASSED] - Statement - CurrentDate = CurrentDateNoFilter.format(TodayDate): null

2018-12-12 15:44:48 - [TEST_STEP][PASSED] - Statement - CurrentDate = java.lang.Integer.parseInt(CurrentDate): null

2018-12-12 15:44:48 - [TEST_STEP][PASSED] - Statement - CurrentDate = CurrentDate: null

2018-12-12 15:44:48 - [TEST_STEP][PASSED] - Statement - CurrentDay = java.lang.Integer.parseInt(CurrentDate): null

2018-12-12 15:44:48 - [TEST_STEP][PASSED] - Statement - ConfAdder = <not implemented yet for class: org.codehaus.groovy.ast.expr.EmptyExpression>: null

2018-12-12 15:44:48 - [TEST_STEP][PASSED] - Statement - out.println(CurrentMonth): null

2018-12-12 15:44:48 - [TEST_STEP][PASSED] - Statement - out.println(CurrentDate): null

2018-12-12 15:44:48 - [TEST_STEP][PASSED] - Statement - switch (CurrentDate): null

2018-12-12 15:44:48 - [TEST_STEP][PASSED] - Statement - Default: null

2018-12-12 15:44:48 - [TEST_STEP][PASSED] - Statement - ConfAdder = true: null

2018-12-12 15:44:48 - [TEST_STEP][PASSED] - Statement - Break: null

2018-12-12 15:44:48 - [TEST_STEP][PASSED] - Statement - aDayBefore = <not implemented yet for class: org.codehaus.groovy.ast.expr.EmptyExpression>: null

2018-12-12 15:44:48 - [TEST_STEP][PASSED] - Statement - out.println(ConfAdder): null

2018-12-12 15:44:48 - [TEST_STEP][PASSED] - Statement - If (ConfAdder == true): null

2018-12-12 15:44:48 - [TEST_STEP][PASSED] - Statement - aDayBefore = CurrentDay + 1: null

2018-12-12 15:44:48 - [TEST_STEP][PASSED] - Statement - out.println(aDayBefore): null

2018-12-12 15:44:48 - [TEST_STEP][PASSED] - Statement - If (aDayBefore == 1 && CurrentMonth == 11): null

2018-12-12 15:44:48 - [TEST_STEP][PASSED] - Statement - DayBefore = aDayBefore.toString(): null

2018-12-12 15:44:48 - [TEST_STEP][PASSED] - Statement - OneDayBefore = DayBefore: null

2018-12-12 15:44:48 - [MESSAGE][PASSED] - Call Test Case 'Test Cases/Final Aug 2018 - PKS Automation/Registration Module/New Registration/Form 2/Date Updater' successfully

2018-12-12 15:44:48 - [TEST_STEP][PASSED] - delay: Delayed 1 second(s)

2018-12-12 15:44:49 - [MESSAGE][PASSED] - Delayed 1 second(s)

2018-12-12 15:44:49 - [TEST_STEP][PASSED] - Statement - CaseReferenceNo = com.kms.katalon.core.webui.keyword.WebUiBuiltInKeywords.getText(com.kms.katalon.core.testobject.ObjectRepository.findTestObject(Final Object Repo/New Registration - Registration Module Pages/Form 2/RefNo Acquiring)): Text of object 'Object Repository/Final Object Repo/New Registration - Registration Module Pages/Form 2/RefNo Acquiring' is: 'CRN12201800123208'

2018-12-12 15:44:49 - [MESSAGE][PASSED] - Text of object 'Object Repository/Final Object Repo/New Registration - Registration Module Pages/Form 2/RefNo Acquiring' is: 'CRN12201800123208'

2018-12-12 15:44:49 - [TEST_STEP][PASSED] - delay: Delayed 1 second(s)

2018-12-12 15:44:50 - [MESSAGE][PASSED] - Delayed 1 second(s)

2018-12-12 15:44:50 - [TEST_STEP][PASSED] - click: Object: 'Object Repository/Final Object Repo/New Registration - Registration Module Pages/Form 2/Add Employee Button' is clicked on

2018-12-12 15:44:50 - [MESSAGE][PASSED] - Object: 'Object Repository/Final Object Repo/New Registration - Registration Module Pages/Form 2/Add Employee Button' is clicked on

2018-12-12 15:44:50 - [TEST_STEP][PASSED] - delay: Delayed 4 second(s)

2018-12-12 15:44:54 - [MESSAGE][PASSED] - Delayed 4 second(s)

2018-12-12 15:44:54 - [TEST_STEP][PASSED] - setText: Text '010903091927' is set on object 'Object Repository/Final Object Repo/New Registration - Registration Module Pages/Form 2/NRIC Input'

2018-12-12 15:44:54 - [MESSAGE][PASSED] - Text '010903091927' is set on object 'Object Repository/Final Object Repo/New Registration - Registration Module Pages/Form 2/NRIC Input'

2018-12-12 15:44:54 - [TEST_STEP][PASSED] - click: Object: 'Object Repository/Final Object Repo/New Registration - Registration Module Pages/Form 2/button for search for IC' is clicked on

2018-12-12 15:44:55 - [MESSAGE][PASSED] - Object: 'Object Repository/Final Object Repo/New Registration - Registration Module Pages/Form 2/button for search for IC' is clicked on

2018-12-12 15:44:55 - [TEST_STEP][PASSED] - delay: Delayed 2 second(s)

2018-12-12 15:44:57 - [MESSAGE][PASSED] - Delayed 2 second(s)

2018-12-12 15:44:57 - [TEST_STEP][PASSED] - setText: Text 'Automate001 eligible 1' is set on object 'Object Repository/Final Object Repo/New Registration - Registration Module Pages/Form 2/Employee Name Input'

2018-12-12 15:44:57 - [MESSAGE][PASSED] - Text 'Automate001 eligible 1' is set on object 'Object Repository/Final Object Repo/New Registration - Registration Module Pages/Form 2/Employee Name Input'

2018-12-12 15:44:57 - [TEST_STEP][PASSED] - delay: Delayed 2 second(s)

2018-12-12 15:44:59 - [MESSAGE][PASSED] - Delayed 2 second(s)

2018-12-12 15:44:59 - [TEST_STEP][PASSED] - click: Object: 'Object Repository/Final Object Repo/New Registration - Registration Module Pages/Form 2/DatePicker Pop Up' is clicked on

2018-12-12 15:44:59 - [MESSAGE][PASSED] - Object: 'Object Repository/Final Object Repo/New Registration - Registration Module Pages/Form 2/DatePicker Pop Up' is clicked on

2018-12-12 15:44:59 - [TEST_STEP][PASSED] - click: Object: 'Object Repository/Final Object Repo/New Registration - Registration Module Pages/Form 2/DOB Month' is clicked on

2018-12-12 15:45:00 - [MESSAGE][PASSED] - Object: 'Object Repository/Final Object Repo/New Registration - Registration Module Pages/Form 2/DOB Month' is clicked on

2018-12-12 15:45:00 - [TEST_STEP][PASSED] - Statement - CurrentMonth = CurrentMonth: null

2018-12-12 15:45:00 - [TEST_STEP][PASSED] - Statement - selectMonth = new com.kms.katalon.core.testobject.TestObject(): null

2018-12-12 15:45:00 - [TEST_STEP][PASSED] - Statement - selectMonth.addProperty("xpath", EQUALS, "//body/div/div/div/select/option[@value='" + CurrentMonth + "']", true): null

2018-12-12 15:45:00 - [TEST_STEP][PASSED] - click: Object: '' is clicked on

2018-12-12 15:45:00 - [MESSAGE][PASSED] - Object: '' is clicked on

2018-12-12 15:45:00 - [TEST_STEP][PASSED] - click: Object: 'Object Repository/Final Object Repo/New Registration - Registration Module Pages/Form 2/DOB Year' is clicked on

2018-12-12 15:45:00 - [MESSAGE][PASSED] - Object: 'Object Repository/Final Object Repo/New Registration - Registration Module Pages/Form 2/DOB Year' is clicked on

2018-12-12 15:45:00 - [TEST_STEP][PASSED] - Statement - Eyearsbf = EighteenYrsBefore: null

2018-12-12 15:45:00 - [TEST_STEP][PASSED] - Statement - selectYear = new com.kms.katalon.core.testobject.TestObject(): null

2018-12-12 15:45:00 - [TEST_STEP][PASSED] - Statement - selectYear.addProperty("xpath", EQUALS, "//div/div/div/select/option[@value='" + Eyearsbf + "']", true): null

2018-12-12 15:45:00 - [TEST_STEP][PASSED] - click: Object: '' is clicked on

2018-12-12 15:45:00 - [MESSAGE][PASSED] - Object: '' is clicked on

2018-12-12 15:45:00 - [TEST_STEP][PASSED] - Statement - UpdatedSelectDate = com.kms.katalon.core.webui.keyword.WebUiBuiltInKeywords.modifyObjectProperty(com.kms.katalon.core.testobject.ObjectRepository.findTestObject(Final Object Repo/New Registration - Registration Module Pages/Form 2/DOB Date), "xpath", "equals", "//body/div/table/tbody/tr/td/a[text()="" + CurrentDate + ""]", true): Modify property of object successfully

2018-12-12 15:45:00 - [MESSAGE][PASSED] - Modify property of object successfully

2018-12-12 15:45:00 - [TEST_STEP][PASSED] - delay: Delayed 3 second(s)

2018-12-12 15:45:03 - [MESSAGE][PASSED] - Delayed 3 second(s)

2018-12-12 15:45:03 - [TEST_STEP][PASSED] - click: Object: 'Object Repository/Final Object Repo/New Registration - Registration Module Pages/Form 2/DOB Date' is clicked on

2018-12-12 15:45:03 - [MESSAGE][PASSED] - Object: 'Object Repository/Final Object Repo/New Registration - Registration Module Pages/Form 2/DOB Date' is clicked on

2018-12-12 15:45:03 - [TEST_STEP][PASSED] - delay: Delayed 2 second(s)

2018-12-12 15:45:05 - [MESSAGE][PASSED] - Delayed 2 second(s)

2018-12-12 15:45:05 - [TEST_STEP][PASSED] - click: Object: 'Object Repository/Final Object Repo/New Registration - Registration Module Pages/Form 2/EmploymentStartDate Pop Up' is clicked on

2018-12-12 15:45:05 - [MESSAGE][PASSED] - Object: 'Object Repository/Final Object Repo/New Registration - Registration Module Pages/Form 2/EmploymentStartDate Pop Up' is clicked on

2018-12-12 15:45:05 - [TEST_STEP][PASSED] - delay: Delayed 2 second(s)

2018-12-12 15:45:07 - [MESSAGE][PASSED] - Delayed 2 second(s)

2018-12-12 15:45:07 - [TEST_STEP][PASSED] - click: Object: 'Object Repository/Final Object Repo/New Registration - Registration Module Pages/Form 2/Socso Employment StartDate Month' is clicked on

2018-12-12 15:45:08 - [MESSAGE][PASSED] - Object: 'Object Repository/Final Object Repo/New Registration - Registration Module Pages/Form 2/Socso Employment StartDate Month' is clicked on

2018-12-12 15:45:08 - [TEST_STEP][PASSED] - delay: Delayed 1 second(s)

2018-12-12 15:45:09 - [MESSAGE][PASSED] - Delayed 1 second(s)

2018-12-12 15:45:09 - [TEST_STEP][PASSED] - click: Object: 'Object Repository/Final Object Repo/New Registration - Registration Module Pages/Form 2/Select Socso Employement Startdate Month' is clicked on

2018-12-12 15:45:09 - [MESSAGE][PASSED] - Object: 'Object Repository/Final Object Repo/New Registration - Registration Module Pages/Form 2/Select Socso Employement Startdate Month' is clicked on

2018-12-12 15:45:09 - [TEST_STEP][PASSED] - delay: Delayed 2 second(s)

2018-12-12 15:45:11 - [MESSAGE][PASSED] - Delayed 2 second(s)

2018-12-12 15:45:11 - [TEST_STEP][PASSED] - click: Object: 'Object Repository/Final Object Repo/New Registration - Registration Module Pages/Form 2/Socso Employment StartDate Year' is clicked on

2018-12-12 15:45:11 - [MESSAGE][PASSED] - Object: 'Object Repository/Final Object Repo/New Registration - Registration Module Pages/Form 2/Socso Employment StartDate Year' is clicked on

2018-12-12 15:45:11 - [TEST_STEP][PASSED] - delay: Delayed 1 second(s)

2018-12-12 15:45:12 - [MESSAGE][PASSED] - Delayed 1 second(s)

2018-12-12 15:45:12 - [TEST_STEP][PASSED] - click: Object: 'Object Repository/Final Object Repo/New Registration - Registration Module Pages/Form 2/Select Socso Employment Startdate Year' is clicked on

2018-12-12 15:45:12 - [MESSAGE][PASSED] - Object: 'Object Repository/Final Object Repo/New Registration - Registration Module Pages/Form 2/Select Socso Employment Startdate Year' is clicked on

2018-12-12 15:45:12 - [TEST_STEP][PASSED] - delay: Delayed 2 second(s)

2018-12-12 15:45:14 - [MESSAGE][PASSED] - Delayed 2 second(s)

2018-12-12 15:45:14 - [TEST_STEP][PASSED] - click: Object: 'Object Repository/Final Object Repo/New Registration - Registration Module Pages/Form 2/Socso Employment Start Date Day' is clicked on

2018-12-12 15:45:14 - [MESSAGE][PASSED] - Object: 'Object Repository/Final Object Repo/New Registration - Registration Module Pages/Form 2/Socso Employment Start Date Day' is clicked on

2018-12-12 15:45:14 - [TEST_STEP][PASSED] - delay: Delayed 2 second(s)

2018-12-12 15:45:16 - [MESSAGE][PASSED] - Delayed 2 second(s)

2018-12-12 15:45:16 - [TEST_STEP][PASSED] - click: Object: 'Object Repository/Final Object Repo/New Registration - Registration Module Pages/Form 2/Save Button for Add Employee' is clicked on

2018-12-12 15:45:16 - [MESSAGE][PASSED] - Object: 'Object Repository/Final Object Repo/New Registration - Registration Module Pages/Form 2/Save Button for Add Employee' is clicked on

2018-12-12 15:45:16 - [TEST_STEP][PASSED] - delay: Delayed 6 second(s)

2018-12-12 15:45:22 - [MESSAGE][PASSED] - Delayed 6 second(s)

2018-12-12 15:45:22 - [TEST_STEP][PASSED] - click: Object: 'Object Repository/Final Object Repo/New Registration - Registration Module Pages/Form 2/Add Employee Button' is clicked on

2018-12-12 15:45:23 - [MESSAGE][PASSED] - Object: 'Object Repository/Final Object Repo/New Registration - Registration Module Pages/Form 2/Add Employee Button' is clicked on

2018-12-12 15:45:23 - [TEST_STEP][PASSED] - delay: Delayed 4 second(s)

2018-12-12 15:45:27 - [MESSAGE][PASSED] - Delayed 4 second(s)

2018-12-12 15:45:27 - [TEST_STEP][PASSED] - setText: Text '620904059691' is set on object 'Object Repository/Final Object Repo/New Registration - Registration Module Pages/Form 2/NRIC Input'

2018-12-12 15:45:27 - [MESSAGE][PASSED] - Text '620904059691' is set on object 'Object Repository/Final Object Repo/New Registration - Registration Module Pages/Form 2/NRIC Input'

2018-12-12 15:45:27 - [TEST_STEP][PASSED] - click: Object: 'Object Repository/Final Object Repo/New Registration - Registration Module Pages/Form 2/button for search for IC' is clicked on

2018-12-12 15:45:27 - [MESSAGE][PASSED] - Object: 'Object Repository/Final Object Repo/New Registration - Registration Module Pages/Form 2/button for search for IC' is clicked on

2018-12-12 15:45:27 - [TEST_STEP][PASSED] - delay: Delayed 2 second(s)

2018-12-12 15:45:29 - [MESSAGE][PASSED] - Delayed 2 second(s)

2018-12-12 15:45:29 - [TEST_STEP][PASSED] - setText: Text 'Automate001 eligible 2' is set on object 'Object Repository/Final Object Repo/New Registration - Registration Module Pages/Form 2/Employee Name Input'

2018-12-12 15:45:30 - [MESSAGE][PASSED] - Text 'Automate001 eligible 2' is set on object 'Object Repository/Final Object Repo/New Registration - Registration Module Pages/Form 2/Employee Name Input'

2018-12-12 15:45:30 - [TEST_STEP][PASSED] - delay: Delayed 2 second(s)

2018-12-12 15:45:32 - [MESSAGE][PASSED] - Delayed 2 second(s)

2018-12-12 15:45:32 - [TEST_STEP][PASSED] - click: Object: 'Object Repository/Final Object Repo/New Registration - Registration Module Pages/Form 2/DatePicker Pop Up' is clicked on

2018-12-12 15:45:32 - [MESSAGE][PASSED] - Object: 'Object Repository/Final Object Repo/New Registration - Registration Module Pages/Form 2/DatePicker Pop Up' is clicked on

2018-12-12 15:45:32 - [TEST_STEP][PASSED] - delay: Delayed 2 second(s)

2018-12-12 15:45:34 - [MESSAGE][PASSED] - Delayed 2 second(s)

2018-12-12 15:45:34 - [TEST_STEP][PASSED] - click: Object: 'Object Repository/Final Object Repo/New Registration - Registration Module Pages/Form 2/DOB Month' is clicked on

2018-12-12 15:45:34 - [MESSAGE][PASSED] - Object: 'Object Repository/Final Object Repo/New Registration - Registration Module Pages/Form 2/DOB Month' is clicked on

2018-12-12 15:45:34 - [TEST_STEP][PASSED] - Statement - selectMonth = com.kms.katalon.core.webui.keyword.WebUiBuiltInKeywords.modifyObjectProperty(selectMonth, "xpath", "equals", "//body/div/div/div/select/option[@value="" + CurrentMonth + ""]", true): Modify property of object successfully

2018-12-12 15:45:34 - [MESSAGE][PASSED] - Modify property of object successfully

2018-12-12 15:45:34 - [TEST_STEP][PASSED] - click: Object: '' is clicked on

2018-12-12 15:45:34 - [MESSAGE][PASSED] - Object: '' is clicked on

2018-12-12 15:45:34 - [TEST_STEP][PASSED] - click: Object: 'Object Repository/Final Object Repo/New Registration - Registration Module Pages/Form 2/DOB Year' is clicked on

2018-12-12 15:45:34 - [MESSAGE][PASSED] - Object: 'Object Repository/Final Object Repo/New Registration - Registration Module Pages/Form 2/DOB Year' is clicked on

2018-12-12 15:45:34 - [TEST_STEP][PASSED] - Statement - selectYear = com.kms.katalon.core.webui.keyword.WebUiBuiltInKeywords.modifyObjectProperty(selectYear, "xpath", "equals", "//div/div/div/select/option[@value="" + FiftysevenYrsBefore + ""]", true): Modify property of object successfully

2018-12-12 15:45:34 - [MESSAGE][PASSED] - Modify property of object successfully

2018-12-12 15:45:34 - [TEST_STEP][PASSED] - click: Object: '' is clicked on

2018-12-12 15:45:34 - [MESSAGE][PASSED] - Object: '' is clicked on

2018-12-12 15:45:34 - [TEST_STEP][PASSED] - Statement - UpdatedSelectDate = com.kms.katalon.core.webui.keyword.WebUiBuiltInKeywords.modifyObjectProperty(com.kms.katalon.core.testobject.ObjectRepository.findTestObject(Final Object Repo/New Registration - Registration Module Pages/Form 2/DOB Date), "xpath", "equals", "//body/div/table/tbody/tr/td/a[text()="" + OneDayBefore + ""]", true): Modify property of object successfully

2018-12-12 15:45:34 - [MESSAGE][PASSED] - Modify property of object successfully

2018-12-12 15:45:34 - [TEST_STEP][PASSED] - click: Object: 'Object Repository/Final Object Repo/New Registration - Registration Module Pages/Form 2/DOB Date' is clicked on

2018-12-12 15:45:35 - [MESSAGE][PASSED] - Object: 'Object Repository/Final Object Repo/New Registration - Registration Module Pages/Form 2/DOB Date' is clicked on

2018-12-12 15:45:35 - [TEST_STEP][PASSED] - delay: Delayed 2 second(s)

2018-12-12 15:45:37 - [MESSAGE][PASSED] - Delayed 2 second(s)

2018-12-12 15:45:37 - [TEST_STEP][PASSED] - click: Object: 'Object Repository/Final Object Repo/New Registration - Registration Module Pages/Form 2/EmploymentStartDate Pop Up' is clicked on

2018-12-12 15:45:37 - [MESSAGE][PASSED] - Object: 'Object Repository/Final Object Repo/New Registration - Registration Module Pages/Form 2/EmploymentStartDate Pop Up' is clicked on

2018-12-12 15:45:37 - [TEST_STEP][PASSED] - delay: Delayed 2 second(s)

2018-12-12 15:45:39 - [MESSAGE][PASSED] - Delayed 2 second(s)

2018-12-12 15:45:39 - [TEST_STEP][PASSED] - click: Object: 'Object Repository/Final Object Repo/New Registration - Registration Module Pages/Form 2/Socso Employment StartDate Month' is clicked on

2018-12-12 15:45:39 - [MESSAGE][PASSED] - Object: 'Object Repository/Final Object Repo/New Registration - Registration Module Pages/Form 2/Socso Employment StartDate Month' is clicked on

2018-12-12 15:45:39 - [TEST_STEP][PASSED] - delay: Delayed 1 second(s)

2018-12-12 15:45:40 - [MESSAGE][PASSED] - Delayed 1 second(s)

2018-12-12 15:45:40 - [TEST_STEP][PASSED] - click: Object: 'Object Repository/Final Object Repo/New Registration - Registration Module Pages/Form 2/Select Socso Employement Startdate Month' is clicked on

2018-12-12 15:45:40 - [MESSAGE][PASSED] - Object: 'Object Repository/Final Object Repo/New Registration - Registration Module Pages/Form 2/Select Socso Employement Startdate Month' is clicked on

2018-12-12 15:45:40 - [TEST_STEP][PASSED] - delay: Delayed 2 second(s)

2018-12-12 15:45:42 - [MESSAGE][PASSED] - Delayed 2 second(s)

2018-12-12 15:45:42 - [TEST_STEP][PASSED] - click: Object: 'Object Repository/Final Object Repo/New Registration - Registration Module Pages/Form 2/Socso Employment StartDate Year' is clicked on

2018-12-12 15:45:42 - [MESSAGE][PASSED] - Object: 'Object Repository/Final Object Repo/New Registration - Registration Module Pages/Form 2/Socso Employment StartDate Year' is clicked on

2018-12-12 15:45:42 - [TEST_STEP][PASSED] - delay: Delayed 1 second(s)

2018-12-12 15:45:43 - [MESSAGE][PASSED] - Delayed 1 second(s)

2018-12-12 15:45:43 - [TEST_STEP][PASSED] - click: Object: 'Object Repository/Final Object Repo/New Registration - Registration Module Pages/Form 2/Select Socso Employment Startdate Year' is clicked on

2018-12-12 15:45:43 - [MESSAGE][PASSED] - Object: 'Object Repository/Final Object Repo/New Registration - Registration Module Pages/Form 2/Select Socso Employment Startdate Year' is clicked on

2018-12-12 15:45:43 - [TEST_STEP][PASSED] - delay: Delayed 2 second(s)

2018-12-12 15:45:45 - [MESSAGE][PASSED] - Delayed 2 second(s)

2018-12-12 15:45:45 - [TEST_STEP][PASSED] - click: Object: 'Object Repository/Final Object Repo/New Registration - Registration Module Pages/Form 2/Socso Employment Start Date Day' is clicked on

2018-12-12 15:45:46 - [MESSAGE][PASSED] - Object: 'Object Repository/Final Object Repo/New Registration - Registration Module Pages/Form 2/Socso Employment Start Date Day' is clicked on

2018-12-12 15:45:46 - [TEST_STEP][PASSED] - delay: Delayed 2 second(s)

2018-12-12 15:45:48 - [MESSAGE][PASSED] - Delayed 2 second(s)

2018-12-12 15:45:48 - [TEST_STEP][PASSED] - click: Object: 'Object Repository/Final Object Repo/New Registration - Registration Module Pages/Form 2/Save Button for Add Employee' is clicked on

2018-12-12 15:45:48 - [MESSAGE][PASSED] - Object: 'Object Repository/Final Object Repo/New Registration - Registration Module Pages/Form 2/Save Button for Add Employee' is clicked on

2018-12-12 15:45:48 - [TEST_STEP][PASSED] - delay: Delayed 4 second(s)

2018-12-12 15:45:52 - [MESSAGE][PASSED] - Delayed 4 second(s)

2018-12-12 15:45:52 - [TEST_STEP][PASSED] - delay: Delayed 30 second(s)

2018-12-12 15:46:22 - [MESSAGE][PASSED] - Delayed 30 second(s)

2018-12-12 15:46:22 - [TEST_STEP][PASSED] - click: Object: 'Object Repository/Final Object Repo/New Registration - Registration Module Pages/Form 2/Add Employee Button' is clicked on

2018-12-12 15:46:22 - [MESSAGE][PASSED] - Object: 'Object Repository/Final Object Repo/New Registration - Registration Module Pages/Form 2/Add Employee Button' is clicked on

2018-12-12 15:46:22 - [TEST_STEP][PASSED] - delay: Delayed 4 second(s)

2018-12-12 15:46:26 - [MESSAGE][PASSED] - Delayed 4 second(s)

2018-12-12 15:46:26 - [TEST_STEP][PASSED] - setText: Text '000209039145' is set on object 'Object Repository/Final Object Repo/New Registration - Registration Module Pages/Form 2/NRIC Input'

2018-12-12 15:46:26 - [MESSAGE][PASSED] - Text '000209039145' is set on object 'Object Repository/Final Object Repo/New Registration - Registration Module Pages/Form 2/NRIC Input'

2018-12-12 15:46:26 - [TEST_STEP][PASSED] - click: Object: 'Object Repository/Final Object Repo/New Registration - Registration Module Pages/Form 2/button for search for IC' is clicked on

2018-12-12 15:46:26 - [MESSAGE][PASSED] - Object: 'Object Repository/Final Object Repo/New Registration - Registration Module Pages/Form 2/button for search for IC' is clicked on

2018-12-12 15:46:26 - [TEST_STEP][PASSED] - delay: Delayed 2 second(s)

2018-12-12 15:46:28 - [MESSAGE][PASSED] - Delayed 2 second(s)

2018-12-12 15:46:28 - [TEST_STEP][PASSED] - setText: Text 'Automate001 not eligible 1' is set on object 'Object Repository/Final Object Repo/New Registration - Registration Module Pages/Form 2/Employee Name Input'

2018-12-12 15:46:29 - [MESSAGE][PASSED] - Text 'Automate001 not eligible 1' is set on object 'Object Repository/Final Object Repo/New Registration - Registration Module Pages/Form 2/Employee Name Input'

2018-12-12 15:46:29 - [TEST_STEP][PASSED] - delay: Delayed 2 second(s)

2018-12-12 15:46:31 - [MESSAGE][PASSED] - Delayed 2 second(s)

2018-12-12 15:46:31 - [TEST_STEP][PASSED] - click: Object: 'Object Repository/Final Object Repo/New Registration - Registration Module Pages/Form 2/DatePicker Pop Up' is clicked on

2018-12-12 15:46:31 - [MESSAGE][PASSED] - Object: 'Object Repository/Final Object Repo/New Registration - Registration Module Pages/Form 2/DatePicker Pop Up' is clicked on

2018-12-12 15:46:31 - [TEST_STEP][PASSED] - delay: Delayed 2 second(s)

2018-12-12 15:46:33 - [MESSAGE][PASSED] - Delayed 2 second(s)

2018-12-12 15:46:33 - [TEST_STEP][PASSED] - click: Object: 'Object Repository/Final Object Repo/New Registration - Registration Module Pages/Form 2/DOB Month' is clicked on

2018-12-12 15:46:33 - [MESSAGE][PASSED] - Object: 'Object Repository/Final Object Repo/New Registration - Registration Module Pages/Form 2/DOB Month' is clicked on

2018-12-12 15:46:33 - [TEST_STEP][PASSED] - Statement - selectMonth = com.kms.katalon.core.webui.keyword.WebUiBuiltInKeywords.modifyObjectProperty(selectMonth, "xpath", "equals", "//body/div/div/div/select/option[@value="" + CurrentMonth + ""]", true): Modify property of object successfully

2018-12-12 15:46:33 - [MESSAGE][PASSED] - Modify property of object successfully

2018-12-12 15:46:33 - [TEST_STEP][PASSED] - click: Object: '' is clicked on

2018-12-12 15:46:33 - [MESSAGE][PASSED] - Object: '' is clicked on

2018-12-12 15:46:34 - [TEST_STEP][PASSED] - click: Object: 'Object Repository/Final Object Repo/New Registration - Registration Module Pages/Form 2/DOB Year' is clicked on

2018-12-12 15:46:34 - [MESSAGE][PASSED] - Object: 'Object Repository/Final Object Repo/New Registration - Registration Module Pages/Form 2/DOB Year' is clicked on

2018-12-12 15:46:34 - [TEST_STEP][PASSED] - Statement - selectYear = com.kms.katalon.core.webui.keyword.WebUiBuiltInKeywords.modifyObjectProperty(selectYear, "xpath", "equals", "//div/div/div/select/option[@value="" + EighteenYrsBefore + ""]", true): Modify property of object successfully

2018-12-12 15:46:34 - [MESSAGE][PASSED] - Modify property of object successfully

2018-12-12 15:46:34 - [TEST_STEP][PASSED] - click: Object: '' is clicked on

2018-12-12 15:46:34 - [MESSAGE][PASSED] - Object: '' is clicked on

2018-12-12 15:46:34 - [TEST_STEP][PASSED] - Statement - UpdatedSelectDate = com.kms.katalon.core.webui.keyword.WebUiBuiltInKeywords.modifyObjectProperty(com.kms.katalon.core.testobject.ObjectRepository.findTestObject(Final Object Repo/New Registration - Registration Module Pages/Form 2/DOB Date), "xpath", "equals", "//body/div/table/tbody/tr/td/a[text()="" + OneDayBefore + ""]", true): Modify property of object successfully

2018-12-12 15:46:34 - [MESSAGE][PASSED] - Modify property of object successfully

2018-12-12 15:46:34 - [TEST_STEP][PASSED] - click: Object: 'Object Repository/Final Object Repo/New Registration - Registration Module Pages/Form 2/DOB Date' is clicked on

2018-12-12 15:46:34 - [MESSAGE][PASSED] - Object: 'Object Repository/Final Object Repo/New Registration - Registration Module Pages/Form 2/DOB Date' is clicked on

2018-12-12 15:46:34 - [TEST_STEP][PASSED] - delay: Delayed 2 second(s)

2018-12-12 15:46:36 - [MESSAGE][PASSED] - Delayed 2 second(s)

2018-12-12 15:46:36 - [TEST_STEP][PASSED] - click: Object: 'Object Repository/Final Object Repo/New Registration - Registration Module Pages/Form 2/EmploymentStartDate Pop Up' is clicked on

2018-12-12 15:46:36 - [MESSAGE][PASSED] - Object: 'Object Repository/Final Object Repo/New Registration - Registration Module Pages/Form 2/EmploymentStartDate Pop Up' is clicked on

2018-12-12 15:46:36 - [TEST_STEP][PASSED] - delay: Delayed 2 second(s)

2018-12-12 15:46:38 - [MESSAGE][PASSED] - Delayed 2 second(s)

2018-12-12 15:46:38 - [TEST_STEP][PASSED] - click: Object: 'Object Repository/Final Object Repo/New Registration - Registration Module Pages/Form 2/Socso Employment StartDate Month' is clicked on

2018-12-12 15:46:38 - [MESSAGE][PASSED] - Object: 'Object Repository/Final Object Repo/New Registration - Registration Module Pages/Form 2/Socso Employment StartDate Month' is clicked on

2018-12-12 15:46:38 - [TEST_STEP][PASSED] - delay: Delayed 1 second(s)

2018-12-12 15:46:39 - [MESSAGE][PASSED] - Delayed 1 second(s)

2018-12-12 15:46:39 - [TEST_STEP][PASSED] - click: Object: 'Object Repository/Final Object Repo/New Registration - Registration Module Pages/Form 2/Select Socso Employement Startdate Month' is clicked on

2018-12-12 15:46:39 - [MESSAGE][PASSED] - Object: 'Object Repository/Final Object Repo/New Registration - Registration Module Pages/Form 2/Select Socso Employement Startdate Month' is clicked on

2018-12-12 15:46:39 - [TEST_STEP][PASSED] - delay: Delayed 2 second(s)

2018-12-12 15:46:41 - [MESSAGE][PASSED] - Delayed 2 second(s)

2018-12-12 15:46:41 - [TEST_STEP][PASSED] - click: Object: 'Object Repository/Final Object Repo/New Registration - Registration Module Pages/Form 2/Socso Employment StartDate Year' is clicked on

2018-12-12 15:46:42 - [MESSAGE][PASSED] - Object: 'Object Repository/Final Object Repo/New Registration - Registration Module Pages/Form 2/Socso Employment StartDate Year' is clicked on

2018-12-12 15:46:42 - [TEST_STEP][PASSED] - delay: Delayed 1 second(s)

2018-12-12 15:46:43 - [MESSAGE][PASSED] - Delayed 1 second(s)

2018-12-12 15:46:43 - [TEST_STEP][PASSED] - click: Object: 'Object Repository/Final Object Repo/New Registration - Registration Module Pages/Form 2/Select Socso Employment Startdate Year' is clicked on

2018-12-12 15:46:43 - [MESSAGE][PASSED] - Object: 'Object Repository/Final Object Repo/New Registration - Registration Module Pages/Form 2/Select Socso Employment Startdate Year' is clicked on

2018-12-12 15:46:43 - [TEST_STEP][PASSED] - delay: Delayed 2 second(s)

2018-12-12 15:46:45 - [MESSAGE][PASSED] - Delayed 2 second(s)

2018-12-12 15:46:45 - [TEST_STEP][PASSED] - click: Object: 'Object Repository/Final Object Repo/New Registration - Registration Module Pages/Form 2/Socso Employment Start Date Day' is clicked on

2018-12-12 15:46:45 - [MESSAGE][PASSED] - Object: 'Object Repository/Final Object Repo/New Registration - Registration Module Pages/Form 2/Socso Employment Start Date Day' is clicked on

2018-12-12 15:46:45 - [TEST_STEP][PASSED] - delay: Delayed 2 second(s)

2018-12-12 15:46:47 - [MESSAGE][PASSED] - Delayed 2 second(s)

2018-12-12 15:46:47 - [TEST_STEP][PASSED] - click: Object: 'Object Repository/Final Object Repo/New Registration - Registration Module Pages/Form 2/Save Button for Add Employee' is clicked on

2018-12-12 15:46:47 - [MESSAGE][PASSED] - Object: 'Object Repository/Final Object Repo/New Registration - Registration Module Pages/Form 2/Save Button for Add Employee' is clicked on

2018-12-12 15:46:47 - [TEST_STEP][PASSED] - delay: Delayed 6 second(s)

2018-12-12 15:46:53 - [MESSAGE][PASSED] - Delayed 6 second(s)

2018-12-12 15:46:53 - [TEST_STEP][PASSED] - click: Object: 'Object Repository/Final Object Repo/New Registration - Registration Module Pages/Form 2/Add Employee Button' is clicked on

2018-12-12 15:46:53 - [MESSAGE][PASSED] - Object: 'Object Repository/Final Object Repo/New Registration - Registration Module Pages/Form 2/Add Employee Button' is clicked on

2018-12-12 15:46:53 - [TEST_STEP][PASSED] - delay: Delayed 4 second(s)

2018-12-12 15:46:57 - [MESSAGE][PASSED] - Delayed 4 second(s)

2018-12-12 15:46:57 - [TEST_STEP][PASSED] - setText: Text '600203039154' is set on object 'Object Repository/Final Object Repo/New Registration - Registration Module Pages/Form 2/NRIC Input'

2018-12-12 15:46:58 - [MESSAGE][PASSED] - Text '600203039154' is set on object 'Object Repository/Final Object Repo/New Registration - Registration Module Pages/Form 2/NRIC Input'

2018-12-12 15:46:58 - [TEST_STEP][PASSED] - click: Object: 'Object Repository/Final Object Repo/New Registration - Registration Module Pages/Form 2/button for search for IC' is clicked on

2018-12-12 15:46:58 - [MESSAGE][PASSED] - Object: 'Object Repository/Final Object Repo/New Registration - Registration Module Pages/Form 2/button for search for IC' is clicked on

2018-12-12 15:46:58 - [TEST_STEP][PASSED] - delay: Delayed 2 second(s)

2018-12-12 15:47:00 - [MESSAGE][PASSED] - Delayed 2 second(s)

2018-12-12 15:47:00 - [TEST_STEP][PASSED] - setText: Text 'Automate001 not eligible 2' is set on object 'Object Repository/Final Object Repo/New Registration - Registration Module Pages/Form 2/Employee Name Input'

2018-12-12 15:47:00 - [MESSAGE][PASSED] - Text 'Automate001 not eligible 2' is set on object 'Object Repository/Final Object Repo/New Registration - Registration Module Pages/Form 2/Employee Name Input'

2018-12-12 15:47:00 - [TEST_STEP][PASSED] - delay: Delayed 2 second(s)

2018-12-12 15:47:02 - [MESSAGE][PASSED] - Delayed 2 second(s)

2018-12-12 15:47:02 - [TEST_STEP][PASSED] - click: Object: 'Object Repository/Final Object Repo/New Registration - Registration Module Pages/Form 2/DatePicker Pop Up' is clicked on

2018-12-12 15:47:03 - [MESSAGE][PASSED] - Object: 'Object Repository/Final Object Repo/New Registration - Registration Module Pages/Form 2/DatePicker Pop Up' is clicked on

2018-12-12 15:47:03 - [TEST_STEP][PASSED] - delay: Delayed 2 second(s)

2018-12-12 15:47:05 - [MESSAGE][PASSED] - Delayed 2 second(s)

2018-12-12 15:47:05 - [TEST_STEP][PASSED] - click: Object: 'Object Repository/Final Object Repo/New Registration - Registration Module Pages/Form 2/DOB Month' is clicked on

2018-12-12 15:47:05 - [MESSAGE][PASSED] - Object: 'Object Repository/Final Object Repo/New Registration - Registration Module Pages/Form 2/DOB Month' is clicked on

2018-12-12 15:47:05 - [TEST_STEP][PASSED] - Statement - selectMonth = com.kms.katalon.core.webui.keyword.WebUiBuiltInKeywords.modifyObjectProperty(selectMonth, "xpath", "equals", "//body/div/div/div/select/option[@value="" + CurrentMonth + ""]", true): Modify property of object successfully

2018-12-12 15:47:05 - [MESSAGE][PASSED] - Modify property of object successfully

2018-12-12 15:47:05 - [TEST_STEP][PASSED] - click: Object: '' is clicked on

2018-12-12 15:47:05 - [MESSAGE][PASSED] - Object: '' is clicked on

2018-12-12 15:47:05 - [TEST_STEP][PASSED] - click: Object: 'Object Repository/Final Object Repo/New Registration - Registration Module Pages/Form 2/DOB Year' is clicked on

2018-12-12 15:47:05 - [MESSAGE][PASSED] - Object: 'Object Repository/Final Object Repo/New Registration - Registration Module Pages/Form 2/DOB Year' is clicked on

2018-12-12 15:47:05 - [TEST_STEP][PASSED] - Statement - selectYear = com.kms.katalon.core.webui.keyword.WebUiBuiltInKeywords.modifyObjectProperty(selectYear, "xpath", "equals", "//div/div/div/select/option[@value="" + FiftysevenYrsBefore + ""]", true): Modify property of object successfully

2018-12-12 15:47:05 - [MESSAGE][PASSED] - Modify property of object successfully

2018-12-12 15:47:05 - [TEST_STEP][PASSED] - click: Object: '' is clicked on

2018-12-12 15:47:05 - [MESSAGE][PASSED] - Object: '' is clicked on

2018-12-12 15:47:05 - [TEST_STEP][PASSED] - Statement - UpdatedSelectDate = com.kms.katalon.core.webui.keyword.WebUiBuiltInKeywords.modifyObjectProperty(com.kms.katalon.core.testobject.ObjectRepository.findTestObject(Final Object Repo/New Registration - Registration Module Pages/Form 2/DOB Date), "xpath", "equals", "//body/div/table/tbody/tr/td/a[text()="" + CurrentDate + ""]", true): Modify property of object successfully

2018-12-12 15:47:05 - [MESSAGE][PASSED] - Modify property of object successfully

2018-12-12 15:47:05 - [TEST_STEP][PASSED] - click: Object: 'Object Repository/Final Object Repo/New Registration - Registration Module Pages/Form 2/DOB Date' is clicked on

2018-12-12 15:47:05 - [MESSAGE][PASSED] - Object: 'Object Repository/Final Object Repo/New Registration - Registration Module Pages/Form 2/DOB Date' is clicked on

2018-12-12 15:47:05 - [TEST_STEP][PASSED] - click: Object: 'Object Repository/Final Object Repo/New Registration - Registration Module Pages/Form 2/EmploymentStartDate Pop Up' is clicked on

2018-12-12 15:47:06 - [MESSAGE][PASSED] - Object: 'Object Repository/Final Object Repo/New Registration - Registration Module Pages/Form 2/EmploymentStartDate Pop Up' is clicked on

2018-12-12 15:47:06 - [TEST_STEP][PASSED] - delay: Delayed 2 second(s)

2018-12-12 15:47:08 - [MESSAGE][PASSED] - Delayed 2 second(s)

2018-12-12 15:47:08 - [TEST_STEP][PASSED] - click: Object: 'Object Repository/Final Object Repo/New Registration - Registration Module Pages/Form 2/Socso Employment StartDate Month' is clicked on

2018-12-12 15:47:08 - [MESSAGE][PASSED] - Object: 'Object Repository/Final Object Repo/New Registration - Registration Module Pages/Form 2/Socso Employment StartDate Month' is clicked on

2018-12-12 15:47:08 - [TEST_STEP][PASSED] - delay: Delayed 1 second(s)

2018-12-12 15:47:09 - [MESSAGE][PASSED] - Delayed 1 second(s)

2018-12-12 15:47:09 - [TEST_STEP][PASSED] - click: Object: 'Object Repository/Final Object Repo/New Registration - Registration Module Pages/Form 2/Select Socso Employement Startdate Month' is clicked on

2018-12-12 15:47:09 - [MESSAGE][PASSED] - Object: 'Object Repository/Final Object Repo/New Registration - Registration Module Pages/Form 2/Select Socso Employement Startdate Month' is clicked on

2018-12-12 15:47:09 - [TEST_STEP][PASSED] - delay: Delayed 2 second(s)

2018-12-12 15:47:11 - [MESSAGE][PASSED] - Delayed 2 second(s)

2018-12-12 15:47:11 - [TEST_STEP][PASSED] - click: Object: 'Object Repository/Final Object Repo/New Registration - Registration Module Pages/Form 2/Socso Employment StartDate Year' is clicked on

2018-12-12 15:47:11 - [MESSAGE][PASSED] - Object: 'Object Repository/Final Object Repo/New Registration - Registration Module Pages/Form 2/Socso Employment StartDate Year' is clicked on

2018-12-12 15:47:11 - [TEST_STEP][PASSED] - delay: Delayed 1 second(s)

2018-12-12 15:47:12 - [MESSAGE][PASSED] - Delayed 1 second(s)

2018-12-12 15:47:12 - [TEST_STEP][PASSED] - click: Object: 'Object Repository/Final Object Repo/New Registration - Registration Module Pages/Form 2/Select Socso Employment Startdate Year' is clicked on

2018-12-12 15:47:12 - [MESSAGE][PASSED] - Object: 'Object Repository/Final Object Repo/New Registration - Registration Module Pages/Form 2/Select Socso Employment Startdate Year' is clicked on

2018-12-12 15:47:12 - [TEST_STEP][PASSED] - delay: Delayed 2 second(s)

2018-12-12 15:47:14 - [MESSAGE][PASSED] - Delayed 2 second(s)

2018-12-12 15:47:14 - [TEST_STEP][PASSED] - click: Object: 'Object Repository/Final Object Repo/New Registration - Registration Module Pages/Form 2/Socso Employment Start Date Day' is clicked on

2018-12-12 15:47:14 - [MESSAGE][PASSED] - Object: 'Object Repository/Final Object Repo/New Registration - Registration Module Pages/Form 2/Socso Employment Start Date Day' is clicked on

2018-12-12 15:47:14 - [TEST_STEP][PASSED] - delay: Delayed 2 second(s)

2018-12-12 15:47:16 - [MESSAGE][PASSED] - Delayed 2 second(s)

2018-12-12 15:47:16 - [TEST_STEP][PASSED] - click: Object: 'Object Repository/Final Object Repo/New Registration - Registration Module Pages/Form 2/Save Button for Add Employee' is clicked on

2018-12-12 15:47:17 - [MESSAGE][PASSED] - Object: 'Object Repository/Final Object Repo/New Registration - Registration Module Pages/Form 2/Save Button for Add Employee' is clicked on

2018-12-12 15:47:17 - [TEST_STEP][PASSED] - delay: Delayed 2 second(s)

2018-12-12 15:47:19 - [MESSAGE][PASSED] - Delayed 2 second(s)

2018-12-12 15:47:19 - [TEST_STEP][PASSED] - click: Object: 'Object Repository/Final Object Repo/New Registration - Registration Module Pages/Form 2/Save and Continue Form 2' is clicked on

2018-12-12 15:47:19 - [MESSAGE][PASSED] - Object: 'Object Repository/Final Object Repo/New Registration - Registration Module Pages/Form 2/Save and Continue Form 2' is clicked on

2018-12-12 15:47:19 - [MESSAGE][PASSED] - Call Test Case 'Test Cases/Final Aug 2018 - PKS Automation/Registration Module/New Registration/Form 2/Add 2 Eligible 2 Not Eligible' successfully

2018-12-12 15:47:19 - [TEST_STEP][PASSED] - callTestCase: Call Test Case 'Test Cases/Final Aug 2018 - PKS Automation/Registration Module/New Registration/Flow of New Registration/Third Screen - Upload Supporting Doc - Preview' successfully

2018-12-12 15:47:19 - [TEST_CASE][PASSED] - Test Cases/Final Aug 2018 - PKS Automation/Registration Module/New Registration/Flow of New Registration/Third Screen - Upload Supporting Doc - Preview: Test Cases/Final Aug 2018 - PKS Automation/Registration Module/New Registration/Flow of New Registration/Third Screen - Upload Supporting Doc - Preview

2018-12-12 15:47:19 - [TEST_STEP][PASSED] - waitForPageLoad: Wait for page load successfully

2018-12-12 15:47:20 - [MESSAGE][PASSED] - Wait for page load successfully

2018-12-12 15:47:20 - [TEST_STEP][PASSED] - Statement - CaseReferenceNo = com.kms.katalon.core.webui.keyword.WebUiBuiltInKeywords.getText(com.kms.katalon.core.testobject.ObjectRepository.findTestObject(Final Object Repo/New Registration - Registration Module Pages/Third Screen - Upload Supporting Doc- Preview/RefNo Acquiring)): Text of object 'Object Repository/Final Object Repo/New Registration - Registration Module Pages/Third Screen - Upload Supporting Doc- Preview/RefNo Acquiring' is: 'CRN12201800123208'

2018-12-12 15:47:20 - [MESSAGE][PASSED] - Text of object 'Object Repository/Final Object Repo/New Registration - Registration Module Pages/Third Screen - Upload Supporting Doc- Preview/RefNo Acquiring' is: 'CRN12201800123208'

2018-12-12 15:47:20 - [TEST_STEP][PASSED] - delay: Delayed 2 second(s)

2018-12-12 15:47:22 - [MESSAGE][PASSED] - Delayed 2 second(s)

2018-12-12 15:47:22 - [TEST_STEP][PASSED] - callTestCase: Call Test Case 'Test Cases/Final Aug 2018 - PKS Automation/Common/Reference Number Setter' successfully

2018-12-12 15:47:22 - [TEST_CASE][PASSED] - Test Cases/Final Aug 2018 - PKS Automation/Common/Reference Number Setter: Test Cases/Final Aug 2018 - PKS Automation/Common/Reference Number Setter

2018-12-12 15:47:22 - [TEST_STEP][PASSED] - Statement - RefNoOldFile = new java.io.File(C://Users//Admin//Desktop//PKS//Automation Reference Point//KatalonReference.txt): null

2018-12-12 15:47:22 - [TEST_STEP][PASSED] - Statement - RefNoOldFile.delete(): null

2018-12-12 15:47:22 - [TEST_STEP][PASSED] - delay: Delayed 5 second(s)

2018-12-12 15:47:27 - [MESSAGE][PASSED] - Delayed 5 second(s)

2018-12-12 15:47:27 - [TEST_STEP][PASSED] - Statement - RefNo = new java.io.File(C://Users//Admin//Desktop//PKS//Automation Reference Point//KatalonReference.txt): null

2018-12-12 15:47:27 - [TEST_STEP][PASSED] - Statement - f2 = new java.io.FileWriter(RefNo, false): null

2018-12-12 15:47:27 - [TEST_STEP][PASSED] - Statement - f2.write(CaseReferenceNo): null

2018-12-12 15:47:27 - [TEST_STEP][PASSED] - Statement - f2.close(): null

2018-12-12 15:47:27 - [TEST_STEP][PASSED] - Statement - out.println("


" + CaseReferenceNo + "


"): null

2018-12-12 15:47:27 - [MESSAGE][PASSED] - Call Test Case 'Test Cases/Final Aug 2018 - PKS Automation/Common/Reference Number Setter' successfully

2018-12-12 15:47:27 - [TEST_STEP][PASSED] - waitForElementClickable: Object 'Object Repository/Final Object Repo/New Registration - Registration Module Pages/Third Screen - Upload Supporting Doc- Preview/Save n Continue in SIP Employee Listing Page' is clickable

2018-12-12 15:47:27 - [MESSAGE][PASSED] - Object 'Object Repository/Final Object Repo/New Registration - Registration Module Pages/Third Screen - Upload Supporting Doc- Preview/Save n Continue in SIP Employee Listing Page' is clickable

2018-12-12 15:47:27 - [TEST_STEP][PASSED] - click: Object: 'Object Repository/Final Object Repo/New Registration - Registration Module Pages/Third Screen - Upload Supporting Doc- Preview/Save n Continue in SIP Employee Listing Page' is clicked on

2018-12-12 15:47:32 - [MESSAGE][PASSED] - Object: 'Object Repository/Final Object Repo/New Registration - Registration Module Pages/Third Screen - Upload Supporting Doc- Preview/Save n Continue in SIP Employee Listing Page' is clicked on

2018-12-12 15:47:32 - [TEST_STEP][PASSED] - delay: Delayed 7 second(s)

2018-12-12 15:47:39 - [MESSAGE][PASSED] - Delayed 7 second(s)

2018-12-12 15:47:39 - [TEST_STEP][PASSED] - click: Object: 'Object Repository/Final Object Repo/New Registration - Registration Module Pages/Third Screen - Upload Supporting Doc- Preview/Add Document Button' is clicked on

2018-12-12 15:47:40 - [MESSAGE][PASSED] - Object: 'Object Repository/Final Object Repo/New Registration - Registration Module Pages/Third Screen - Upload Supporting Doc- Preview/Add Document Button' is clicked on

2018-12-12 15:47:40 - [TEST_STEP][PASSED] - delay: Delayed 30 second(s)

2018-12-12 15:48:10 - [MESSAGE][PASSED] - Delayed 30 second(s)

2018-12-12 15:48:10 - [TEST_STEP][PASSED] - click: Object: 'Object Repository/Final Object Repo/New Registration - Registration Module Pages/Third Screen - Upload Supporting Doc- Preview/Supporting Doc Please Select Drop Down' is clicked on

2018-12-12 15:48:10 - [MESSAGE][PASSED] - Object: 'Object Repository/Final Object Repo/New Registration - Registration Module Pages/Third Screen - Upload Supporting Doc- Preview/Supporting Doc Please Select Drop Down' is clicked on

2018-12-12 15:48:10 - [TEST_STEP][PASSED] - delay: Delayed 2 second(s)

2018-12-12 15:48:12 - [MESSAGE][PASSED] - Delayed 2 second(s)

2018-12-12 15:48:12 - [TEST_STEP][PASSED] - click: Object: 'Object Repository/Final Object Repo/New Registration - Registration Module Pages/Third Screen - Upload Supporting Doc- Preview/Select to Upload Form 1' is clicked on

2018-12-12 15:48:12 - [MESSAGE][PASSED] - Object: 'Object Repository/Final Object Repo/New Registration - Registration Module Pages/Third Screen - Upload Supporting Doc- Preview/Select to Upload Form 1' is clicked on

2018-12-12 15:48:12 - [TEST_STEP][PASSED] - delay: Delayed 2 second(s)

2018-12-12 15:48:14 - [MESSAGE][PASSED] - Delayed 2 second(s)

2018-12-12 15:48:14 - [TEST_STEP][PASSED] - uploadFile: File 'C:\Users\Public\Pictures\Sample Pictures\Koala.jpg' sent to object: 'Object Repository/Final Object Repo/New Registration - Registration Module Pages/Third Screen - Upload Supporting Doc- Preview/Upload File Adding'

2018-12-12 15:48:14 - [MESSAGE][PASSED] - File 'C:\Users\Public\Pictures\Sample Pictures\Koala.jpg' sent to object: 'Object Repository/Final Object Repo/New Registration - Registration Module Pages/Third Screen - Upload Supporting Doc- Preview/Upload File Adding'

2018-12-12 15:48:14 - [TEST_STEP][PASSED] - delay: Delayed 5 second(s)

2018-12-12 15:48:19 - [MESSAGE][PASSED] - Delayed 5 second(s)

2018-12-12 15:48:19 - [TEST_STEP][PASSED] - click: Object: 'Object Repository/Final Object Repo/New Registration - Registration Module Pages/Third Screen - Upload Supporting Doc- Preview/Inner Form Add Document Button' is clicked on

2018-12-12 15:48:19 - [MESSAGE][PASSED] - Object: 'Object Repository/Final Object Repo/New Registration - Registration Module Pages/Third Screen - Upload Supporting Doc- Preview/Inner Form Add Document Button' is clicked on

2018-12-12 15:48:19 - [TEST_STEP][PASSED] - delay: Delayed 3 second(s)

2018-12-12 15:48:22 - [MESSAGE][PASSED] - Delayed 3 second(s)

2018-12-12 15:48:22 - [TEST_STEP][PASSED] - click: Object: 'Object Repository/Final Object Repo/New Registration - Registration Module Pages/Third Screen - Upload Supporting Doc- Preview/Add Document Button' is clicked on

2018-12-12 15:48:24 - [MESSAGE][PASSED] - Object: 'Object Repository/Final Object Repo/New Registration - Registration Module Pages/Third Screen - Upload Supporting Doc- Preview/Add Document Button' is clicked on

2018-12-12 15:48:24 - [TEST_STEP][PASSED] - delay: Delayed 30 second(s)

2018-12-12 15:48:54 - [MESSAGE][PASSED] - Delayed 30 second(s)

2018-12-12 15:48:54 - [TEST_STEP][PASSED] - click: Object: 'Object Repository/Final Object Repo/New Registration - Registration Module Pages/Third Screen - Upload Supporting Doc- Preview/Supporting Doc Please Select Drop Down' is clicked on

2018-12-12 15:48:55 - [MESSAGE][PASSED] - Object: 'Object Repository/Final Object Repo/New Registration - Registration Module Pages/Third Screen - Upload Supporting Doc- Preview/Supporting Doc Please Select Drop Down' is clicked on

2018-12-12 15:48:55 - [TEST_STEP][PASSED] - delay: Delayed 4 second(s)

2018-12-12 15:48:59 - [MESSAGE][PASSED] - Delayed 4 second(s)

2018-12-12 15:48:59 - [TEST_STEP][PASSED] - click: Object: 'Object Repository/Final Object Repo/New Registration - Registration Module Pages/Third Screen - Upload Supporting Doc- Preview/Select to Upload Form 2' is clicked on

2018-12-12 15:48:59 - [MESSAGE][PASSED] - Object: 'Object Repository/Final Object Repo/New Registration - Registration Module Pages/Third Screen - Upload Supporting Doc- Preview/Select to Upload Form 2' is clicked on

2018-12-12 15:48:59 - [TEST_STEP][PASSED] - delay: Delayed 2 second(s)

2018-12-12 15:49:01 - [MESSAGE][PASSED] - Delayed 2 second(s)

2018-12-12 15:49:01 - [TEST_STEP][PASSED] - uploadFile: File 'C:\Users\Public\Pictures\Sample Pictures\Koala.jpg' sent to object: 'Object Repository/Final Object Repo/New Registration - Registration Module Pages/Third Screen - Upload Supporting Doc- Preview/Upload File Adding'

2018-12-12 15:49:01 - [MESSAGE][PASSED] - File 'C:\Users\Public\Pictures\Sample Pictures\Koala.jpg' sent to object: 'Object Repository/Final Object Repo/New Registration - Registration Module Pages/Third Screen - Upload Supporting Doc- Preview/Upload File Adding'

2018-12-12 15:49:01 - [TEST_STEP][PASSED] - click: Object: 'Object Repository/Final Object Repo/New Registration - Registration Module Pages/Third Screen - Upload Supporting Doc- Preview/Inner Form Add Document Button' is clicked on

2018-12-12 15:49:01 - [MESSAGE][PASSED] - Object: 'Object Repository/Final Object Repo/New Registration - Registration Module Pages/Third Screen - Upload Supporting Doc- Preview/Inner Form Add Document Button' is clicked on

2018-12-12 15:49:01 - [TEST_STEP][PASSED] - delay: Delayed 5 second(s)

2018-12-12 15:49:06 - [MESSAGE][PASSED] - Delayed 5 second(s)

2018-12-12 15:49:06 - [TEST_STEP][PASSED] - click: Object: 'Object Repository/Final Object Repo/New Registration - Registration Module Pages/Third Screen - Upload Supporting Doc- Preview/Add Document Button' is clicked on

2018-12-12 15:49:06 - [MESSAGE][PASSED] - Object: 'Object Repository/Final Object Repo/New Registration - Registration Module Pages/Third Screen - Upload Supporting Doc- Preview/Add Document Button' is clicked on

2018-12-12 15:49:06 - [TEST_STEP][PASSED] - delay: Delayed 30 second(s)

2018-12-12 15:49:36 - [MESSAGE][PASSED] - Delayed 30 second(s)

2018-12-12 15:49:36 - [TEST_STEP][PASSED] - click: Object: 'Object Repository/Final Object Repo/New Registration - Registration Module Pages/Third Screen - Upload Supporting Doc- Preview/Supporting Doc Please Select Drop Down' is clicked on

2018-12-12 15:49:37 - [MESSAGE][PASSED] - Object: 'Object Repository/Final Object Repo/New Registration - Registration Module Pages/Third Screen - Upload Supporting Doc- Preview/Supporting Doc Please Select Drop Down' is clicked on

2018-12-12 15:49:37 - [TEST_STEP][PASSED] - click: Object: 'Object Repository/Final Object Repo/New Registration - Registration Module Pages/Third Screen - Upload Supporting Doc- Preview/Select to Upload Borang SIP 1' is clicked on

2018-12-12 15:49:37 - [MESSAGE][PASSED] - Object: 'Object Repository/Final Object Repo/New Registration - Registration Module Pages/Third Screen - Upload Supporting Doc- Preview/Select to Upload Borang SIP 1' is clicked on

2018-12-12 15:49:37 - [TEST_STEP][PASSED] - delay: Delayed 2 second(s)

2018-12-12 15:49:39 - [MESSAGE][PASSED] - Delayed 2 second(s)

2018-12-12 15:49:39 - [TEST_STEP][PASSED] - uploadFile: File 'C:\Users\Public\Pictures\Sample Pictures\Koala.jpg' sent to object: 'Object Repository/Final Object Repo/New Registration - Registration Module Pages/Third Screen - Upload Supporting Doc- Preview/Upload File Adding'

2018-12-12 15:49:39 - [MESSAGE][PASSED] - File 'C:\Users\Public\Pictures\Sample Pictures\Koala.jpg' sent to object: 'Object Repository/Final Object Repo/New Registration - Registration Module Pages/Third Screen - Upload Supporting Doc- Preview/Upload File Adding'

2018-12-12 15:49:39 - [TEST_STEP][PASSED] - click: Object: 'Object Repository/Final Object Repo/New Registration - Registration Module Pages/Third Screen - Upload Supporting Doc- Preview/Inner Form Add Document Button' is clicked on

2018-12-12 15:49:39 - [MESSAGE][PASSED] - Object: 'Object Repository/Final Object Repo/New Registration - Registration Module Pages/Third Screen - Upload Supporting Doc- Preview/Inner Form Add Document Button' is clicked on

2018-12-12 15:49:39 - [TEST_STEP][PASSED] - delay: Delayed 5 second(s)

2018-12-12 15:49:44 - [MESSAGE][PASSED] - Delayed 5 second(s)

2018-12-12 15:49:44 - [TEST_STEP][PASSED] - click: Object: 'Object Repository/Final Object Repo/New Registration - Registration Module Pages/Third Screen - Upload Supporting Doc- Preview/Add Document Button' is clicked on

2018-12-12 15:49:44 - [MESSAGE][PASSED] - Object: 'Object Repository/Final Object Repo/New Registration - Registration Module Pages/Third Screen - Upload Supporting Doc- Preview/Add Document Button' is clicked on

2018-12-12 15:49:44 - [TEST_STEP][PASSED] - delay: Delayed 30 second(s)

2018-12-12 15:50:14 - [MESSAGE][PASSED] - Delayed 30 second(s)

2018-12-12 15:50:14 - [TEST_STEP][PASSED] - click: Object: 'Object Repository/Final Object Repo/New Registration - Registration Module Pages/Third Screen - Upload Supporting Doc- Preview/Supporting Doc Please Select Drop Down' is clicked on

2018-12-12 15:50:14 - [MESSAGE][PASSED] - Object: 'Object Repository/Final Object Repo/New Registration - Registration Module Pages/Third Screen - Upload Supporting Doc- Preview/Supporting Doc Please Select Drop Down' is clicked on

2018-12-12 15:50:14 - [TEST_STEP][PASSED] - delay: Delayed 3 second(s)

2018-12-12 15:50:17 - [MESSAGE][PASSED] - Delayed 3 second(s)

2018-12-12 15:50:17 - [TEST_STEP][PASSED] - click: Object: 'Object Repository/Final Object Repo/New Registration - Registration Module Pages/Third Screen - Upload Supporting Doc- Preview/Select to Upload Borang SIP 2' is clicked on

2018-12-12 15:50:18 - [MESSAGE][PASSED] - Object: 'Object Repository/Final Object Repo/New Registration - Registration Module Pages/Third Screen - Upload Supporting Doc- Preview/Select to Upload Borang SIP 2' is clicked on

2018-12-12 15:50:18 - [TEST_STEP][PASSED] - delay: Delayed 2 second(s)

2018-12-12 15:50:20 - [MESSAGE][PASSED] - Delayed 2 second(s)

2018-12-12 15:50:20 - [TEST_STEP][PASSED] - uploadFile: File 'C:\Users\Public\Pictures\Sample Pictures\Koala.jpg' sent to object: 'Object Repository/Final Object Repo/New Registration - Registration Module Pages/Third Screen - Upload Supporting Doc- Preview/Upload File Adding'

2018-12-12 15:50:20 - [MESSAGE][PASSED] - File 'C:\Users\Public\Pictures\Sample Pictures\Koala.jpg' sent to object: 'Object Repository/Final Object Repo/New Registration - Registration Module Pages/Third Screen - Upload Supporting Doc- Preview/Upload File Adding'

2018-12-12 15:50:20 - [TEST_STEP][PASSED] - delay: Delayed 5 second(s)

2018-12-12 15:50:25 - [MESSAGE][PASSED] - Delayed 5 second(s)

2018-12-12 15:50:25 - [TEST_STEP][PASSED] - click: Object: 'Object Repository/Final Object Repo/New Registration - Registration Module Pages/Third Screen - Upload Supporting Doc- Preview/Inner Form Add Document Button' is clicked on

2018-12-12 15:50:25 - [MESSAGE][PASSED] - Object: 'Object Repository/Final Object Repo/New Registration - Registration Module Pages/Third Screen - Upload Supporting Doc- Preview/Inner Form Add Document Button' is clicked on

2018-12-12 15:50:25 - [TEST_STEP][PASSED] - delay: Delayed 3 second(s)

2018-12-12 15:50:28 - [MESSAGE][PASSED] - Delayed 3 second(s)

2018-12-12 15:50:28 - [TEST_STEP][PASSED] - waitForElementClickable: Object 'Object Repository/Final Object Repo/New Registration - Registration Module Pages/Third Screen - Upload Supporting Doc- Preview/Save n Continue in Uploading Supporting Doc Page' is clickable

2018-12-12 15:50:29 - [MESSAGE][PASSED] - Object 'Object Repository/Final Object Repo/New Registration - Registration Module Pages/Third Screen - Upload Supporting Doc- Preview/Save n Continue in Uploading Supporting Doc Page' is clickable

2018-12-12 15:50:29 - [TEST_STEP][PASSED] - click: Object: 'Object Repository/Final Object Repo/New Registration - Registration Module Pages/Third Screen - Upload Supporting Doc- Preview/Save n Continue in Uploading Supporting Doc Page' is clicked on

2018-12-12 15:50:29 - [MESSAGE][PASSED] - Object: 'Object Repository/Final Object Repo/New Registration - Registration Module Pages/Third Screen - Upload Supporting Doc- Preview/Save n Continue in Uploading Supporting Doc Page' is clicked on

2018-12-12 15:50:29 - [MESSAGE][PASSED] - Call Test Case 'Test Cases/Final Aug 2018 - PKS Automation/Registration Module/New Registration/Flow of New Registration/Third Screen - Upload Supporting Doc - Preview' successfully

2018-12-12 15:50:29 - [TEST_STEP][PASSED] - callTestCase: Call Test Case 'Test Cases/Final Aug 2018 - PKS Automation/Registration Module/New Registration/Submit and Screenshot/Submit Registration and Screenshot' successfully

2018-12-12 15:50:29 - [TEST_CASE][PASSED] - Test Cases/Final Aug 2018 - PKS Automation/Registration Module/New Registration/Submit and Screenshot/Submit Registration and Screenshot: Test Cases/Final Aug 2018 - PKS Automation/Registration Module/New Registration/Submit and Screenshot/Submit Registration and Screenshot

2018-12-12 15:50:29 - [TEST_STEP][PASSED] - delay: Delayed 6 second(s)

2018-12-12 15:50:35 - [MESSAGE][PASSED] - Delayed 6 second(s)

2018-12-12 15:50:35 - [TEST_STEP][PASSED] - click: Object: 'Object Repository/Final Object Repo/New Registration - Registration Module Pages/Third Screen - Upload Supporting Doc- Preview/Preview Submit Button' is clicked on

2018-12-12 15:50:36 - [MESSAGE][PASSED] - Object: 'Object Repository/Final Object Repo/New Registration - Registration Module Pages/Third Screen - Upload Supporting Doc- Preview/Preview Submit Button' is clicked on

2018-12-12 15:50:36 - [TEST_STEP][PASSED] - delay: Delayed 2 second(s)

2018-12-12 15:50:38 - [MESSAGE][PASSED] - Delayed 2 second(s)

2018-12-12 15:50:38 - [TEST_STEP][PASSED] - click: Object: 'Object Repository/Final Object Repo/New Registration - Registration Module Pages/Third Screen - Upload Supporting Doc- Preview/Preview Submit - Confirm' is clicked on

2018-12-12 15:50:38 - [MESSAGE][PASSED] - Object: 'Object Repository/Final Object Repo/New Registration - Registration Module Pages/Third Screen - Upload Supporting Doc- Preview/Preview Submit - Confirm' is clicked on

2018-12-12 15:50:38 - [TEST_STEP][PASSED] - delay: Delayed 15 second(s)

2018-12-12 15:50:53 - [MESSAGE][PASSED] - Delayed 15 second(s)

2018-12-12 15:50:53 - [TEST_STEP][PASSED] - Statement - driver = com.kms.katalon.core.webui.driver.DriverFactory.getWebDriver(): null

2018-12-12 15:50:53 - [TEST_STEP][PASSED] - Statement - driver.manage().timeouts().implicitlyWait(10, SECONDS): null

2018-12-12 15:50:53 - [TEST_STEP][PASSED] - Statement - PresavePath = KatalonScreenshots: null

2018-12-12 15:50:53 - [TEST_STEP][PASSED] - Statement - pathPrefix = "C:\Users\Public\Pictures\Sample Pictures\Katalon Screenshots\Automate Ending Screen": null

2018-12-12 15:50:53 - [TEST_STEP][PASSED] - Statement - finalPath = <not implemented yet for class: org.codehaus.groovy.ast.expr.EmptyExpression>: null

2018-12-12 15:50:53 - [TEST_STEP][PASSED] - Statement - scrFile = driver.getScreenshotAs(FILE): null

2018-12-12 15:50:53 - [TEST_STEP][PASSED] - Statement - PreSaveFile = new java.io.File(PresavePath): null

2018-12-12 15:50:53 - [TEST_STEP][PASSED] - Statement - counter = 0: null

2018-12-12 15:50:53 - [TEST_STEP][PASSED] - Statement - If (PreSaveFile.exists()): null

2018-12-12 15:50:53 - [TEST_STEP][PASSED] - Statement - While (PreSaveFile.exists()): null

2018-12-12 15:50:53 - [TEST_STEP][PASSED] - Statement - counter = counter + 1: null

2018-12-12 15:50:53 - [TEST_STEP][PASSED] - Statement - PreSaveFile = new java.io.File(((pathPrefix + java.lang.Integer.toString(counter)) + .png)): null

2018-12-12 15:50:53 - [TEST_STEP][PASSED] - Statement - counter = counter + 1: null

2018-12-12 15:50:53 - [TEST_STEP][PASSED] - Statement - PreSaveFile = new java.io.File(((pathPrefix + java.lang.Integer.toString(counter)) + .png)): null

2018-12-12 15:50:53 - [TEST_STEP][PASSED] - Statement - counter = counter + 1: null

2018-12-12 15:50:53 - [TEST_STEP][PASSED] - Statement - PreSaveFile = new java.io.File(((pathPrefix + java.lang.Integer.toString(counter)) + .png)): null

2018-12-12 15:50:53 - [TEST_STEP][PASSED] - Statement - counter = counter + 1: null

2018-12-12 15:50:53 - [TEST_STEP][PASSED] - Statement - PreSaveFile = new java.io.File(((pathPrefix + java.lang.Integer.toString(counter)) + .png)): null

2018-12-12 15:50:53 - [TEST_STEP][PASSED] - Statement - counter = counter + 1: null

2018-12-12 15:50:53 - [TEST_STEP][PASSED] - Statement - PreSaveFile = new java.io.File(((pathPrefix + java.lang.Integer.toString(counter)) + .png)): null

2018-12-12 15:50:53 - [TEST_STEP][PASSED] - Statement - counter = counter + 1: null

2018-12-12 15:50:53 - [TEST_STEP][PASSED] - Statement - PreSaveFile = new java.io.File(((pathPrefix + java.lang.Integer.toString(counter)) + .png)): null

2018-12-12 15:50:53 - [TEST_STEP][PASSED] - Statement - counter = counter + 1: null

2018-12-12 15:50:53 - [TEST_STEP][PASSED] - Statement - PreSaveFile = new java.io.File(((pathPrefix + java.lang.Integer.toString(counter)) + .png)): null

2018-12-12 15:50:53 - [TEST_STEP][PASSED] - Statement - counter = counter + 1: null

2018-12-12 15:50:53 - [TEST_STEP][PASSED] - Statement - PreSaveFile = new java.io.File(((pathPrefix + java.lang.Integer.toString(counter)) + .png)): null

2018-12-12 15:50:53 - [TEST_STEP][PASSED] - Statement - counter = counter + 1: null

2018-12-12 15:50:53 - [TEST_STEP][PASSED] - Statement - PreSaveFile = new java.io.File(((pathPrefix + java.lang.Integer.toString(counter)) + .png)): null

2018-12-12 15:50:53 - [TEST_STEP][PASSED] - Statement - counter = counter + 1: null

2018-12-12 15:50:53 - [TEST_STEP][PASSED] - Statement - PreSaveFile = new java.io.File(((pathPrefix + java.lang.Integer.toString(counter)) + .png)): null

2018-12-12 15:50:53 - [TEST_STEP][PASSED] - Statement - counter = counter + 1: null

2018-12-12 15:50:53 - [TEST_STEP][PASSED] - Statement - PreSaveFile = new java.io.File(((pathPrefix + java.lang.Integer.toString(counter)) + .png)): null

2018-12-12 15:50:53 - [TEST_STEP][PASSED] - Statement - counter = counter + 1: null

2018-12-12 15:50:53 - [TEST_STEP][PASSED] - Statement - PreSaveFile = new java.io.File(((pathPrefix + java.lang.Integer.toString(counter)) + .png)): null

2018-12-12 15:50:53 - [TEST_STEP][PASSED] - Statement - counter = counter + 1: null

2018-12-12 15:50:53 - [TEST_STEP][PASSED] - Statement - PreSaveFile = new java.io.File(((pathPrefix + java.lang.Integer.toString(counter)) + .png)): null

2018-12-12 15:50:53 - [TEST_STEP][PASSED] - Statement - counter = counter + 1: null

2018-12-12 15:50:53 - [TEST_STEP][PASSED] - Statement - PreSaveFile = new java.io.File(((pathPrefix + java.lang.Integer.toString(counter)) + .png)): null

2018-12-12 15:50:53 - [TEST_STEP][PASSED] - Statement - counter = counter + 1: null

2018-12-12 15:50:53 - [TEST_STEP][PASSED] - Statement - PreSaveFile = new java.io.File(((pathPrefix + java.lang.Integer.toString(counter)) + .png)): null

2018-12-12 15:50:53 - [TEST_STEP][PASSED] - Statement - counter = counter + 1: null

2018-12-12 15:50:53 - [TEST_STEP][PASSED] - Statement - PreSaveFile = new java.io.File(((pathPrefix + java.lang.Integer.toString(counter)) + .png)): null

2018-12-12 15:50:53 - [TEST_STEP][PASSED] - Statement - counter = counter + 1: null

2018-12-12 15:50:53 - [TEST_STEP][PASSED] - Statement - PreSaveFile = new java.io.File(((pathPrefix + java.lang.Integer.toString(counter)) + .png)): null

2018-12-12 15:50:53 - [TEST_STEP][PASSED] - Statement - counter = counter + 1: null

2018-12-12 15:50:53 - [TEST_STEP][PASSED] - Statement - PreSaveFile = new java.io.File(((pathPrefix + java.lang.Integer.toString(counter)) + .png)): null

2018-12-12 15:50:53 - [TEST_STEP][PASSED] - Statement - counter = counter + 1: null

2018-12-12 15:50:53 - [TEST_STEP][PASSED] - Statement - PreSaveFile = new java.io.File(((pathPrefix + java.lang.Integer.toString(counter)) + .png)): null

2018-12-12 15:50:53 - [TEST_STEP][PASSED] - Statement - counter = counter + 1: null

2018-12-12 15:50:53 - [TEST_STEP][PASSED] - Statement - PreSaveFile = new java.io.File(((pathPrefix + java.lang.Integer.toString(counter)) + .png)): null

2018-12-12 15:50:53 - [TEST_STEP][PASSED] - Statement - counter = counter + 1: null

2018-12-12 15:50:53 - [TEST_STEP][PASSED] - Statement - PreSaveFile = new java.io.File(((pathPrefix + java.lang.Integer.toString(counter)) + .png)): null

2018-12-12 15:50:53 - [TEST_STEP][PASSED] - Statement - counter = counter + 1: null

2018-12-12 15:50:53 - [TEST_STEP][PASSED] - Statement - PreSaveFile = new java.io.File(((pathPrefix + java.lang.Integer.toString(counter)) + .png)): null

2018-12-12 15:50:53 - [TEST_STEP][PASSED] - Statement - counter = counter + 1: null

2018-12-12 15:50:54 - [TEST_STEP][PASSED] - Statement - PreSaveFile = new java.io.File(((pathPrefix + java.lang.Integer.toString(counter)) + .png)): null

2018-12-12 15:50:54 - [TEST_STEP][PASSED] - Statement - counter = counter + 1: null

2018-12-12 15:50:54 - [TEST_STEP][PASSED] - Statement - PreSaveFile = new java.io.File(((pathPrefix + java.lang.Integer.toString(counter)) + .png)): null

2018-12-12 15:50:54 - [TEST_STEP][PASSED] - Statement - counter = counter + 1: null

2018-12-12 15:50:54 - [TEST_STEP][PASSED] - Statement - PreSaveFile = new java.io.File(((pathPrefix + java.lang.Integer.toString(counter)) + .png)): null

2018-12-12 15:50:54 - [TEST_STEP][PASSED] - Statement - counter = counter + 1: null

2018-12-12 15:50:54 - [TEST_STEP][PASSED] - Statement - PreSaveFile = new java.io.File(((pathPrefix + java.lang.Integer.toString(counter)) + .png)): null

2018-12-12 15:50:54 - [TEST_STEP][PASSED] - Statement - counter = counter + 1: null

2018-12-12 15:50:54 - [TEST_STEP][PASSED] - Statement - PreSaveFile = new java.io.File(((pathPrefix + java.lang.Integer.toString(counter)) + .png)): null

2018-12-12 15:50:54 - [TEST_STEP][PASSED] - Statement - counter = counter + 1: null

2018-12-12 15:50:54 - [TEST_STEP][PASSED] - Statement - PreSaveFile = new java.io.File(((pathPrefix + java.lang.Integer.toString(counter)) + .png)): null

2018-12-12 15:50:54 - [TEST_STEP][PASSED] - Statement - counter = counter + 1: null

2018-12-12 15:50:54 - [TEST_STEP][PASSED] - Statement - PreSaveFile = new java.io.File(((pathPrefix + java.lang.Integer.toString(counter)) + .png)): null

2018-12-12 15:50:54 - [TEST_STEP][PASSED] - Statement - counter = counter + 1: null

2018-12-12 15:50:54 - [TEST_STEP][PASSED] - Statement - PreSaveFile = new java.io.File(((pathPrefix + java.lang.Integer.toString(counter)) + .png)): null

2018-12-12 15:50:54 - [TEST_STEP][PASSED] - Statement - counter = counter + 1: null

2018-12-12 15:50:54 - [TEST_STEP][PASSED] - Statement - PreSaveFile = new java.io.File(((pathPrefix + java.lang.Integer.toString(counter)) + .png)): null

2018-12-12 15:50:54 - [TEST_STEP][PASSED] - Statement - counter = counter + 1: null

2018-12-12 15:50:54 - [TEST_STEP][PASSED] - Statement - PreSaveFile = new java.io.File(((pathPrefix + java.lang.Integer.toString(counter)) + .png)): null

2018-12-12 15:50:54 - [TEST_STEP][PASSED] - Statement - counter = counter + 1: null

2018-12-12 15:50:54 - [TEST_STEP][PASSED] - Statement - PreSaveFile = new java.io.File(((pathPrefix + java.lang.Integer.toString(counter)) + .png)): null

2018-12-12 15:50:54 - [TEST_STEP][PASSED] - Statement - counter = counter + 1: null

2018-12-12 15:50:54 - [TEST_STEP][PASSED] - Statement - PreSaveFile = new java.io.File(((pathPrefix + java.lang.Integer.toString(counter)) + .png)): null

2018-12-12 15:50:54 - [TEST_STEP][PASSED] - Statement - counter = counter + 1: null

2018-12-12 15:50:54 - [TEST_STEP][PASSED] - Statement - PreSaveFile = new java.io.File(((pathPrefix + java.lang.Integer.toString(counter)) + .png)): null

2018-12-12 15:50:54 - [TEST_STEP][PASSED] - Statement - counter = counter + 1: null

2018-12-12 15:50:54 - [TEST_STEP][PASSED] - Statement - PreSaveFile = new java.io.File(((pathPrefix + java.lang.Integer.toString(counter)) + .png)): null

2018-12-12 15:50:54 - [TEST_STEP][PASSED] - Statement - counter = counter + 1: null

2018-12-12 15:50:54 - [TEST_STEP][PASSED] - Statement - PreSaveFile = new java.io.File(((pathPrefix + java.lang.Integer.toString(counter)) + .png)): null

2018-12-12 15:50:54 - [TEST_STEP][PASSED] - Statement - counter = counter + 1: null

2018-12-12 15:50:54 - [TEST_STEP][PASSED] - Statement - PreSaveFile = new java.io.File(((pathPrefix + java.lang.Integer.toString(counter)) + .png)): null

2018-12-12 15:50:54 - [TEST_STEP][PASSED] - Statement - counter = counter + 1: null

2018-12-12 15:50:54 - [TEST_STEP][PASSED] - Statement - PreSaveFile = new java.io.File(((pathPrefix + java.lang.Integer.toString(counter)) + .png)): null

2018-12-12 15:50:54 - [TEST_STEP][PASSED] - Statement - counter = counter + 1: null

2018-12-12 15:50:54 - [TEST_STEP][PASSED] - Statement - PreSaveFile = new java.io.File(((pathPrefix + java.lang.Integer.toString(counter)) + .png)): null

2018-12-12 15:50:54 - [TEST_STEP][PASSED] - Statement - counter = counter + 1: null

2018-12-12 15:50:54 - [TEST_STEP][PASSED] - Statement - PreSaveFile = new java.io.File(((pathPrefix + java.lang.Integer.toString(counter)) + .png)): null

2018-12-12 15:50:54 - [TEST_STEP][PASSED] - Statement - counter = counter + 1: null

2018-12-12 15:50:54 - [TEST_STEP][PASSED] - Statement - PreSaveFile = new java.io.File(((pathPrefix + java.lang.Integer.toString(counter)) + .png)): null

2018-12-12 15:50:54 - [TEST_STEP][PASSED] - Statement - counter = counter + 1: null

2018-12-12 15:50:54 - [TEST_STEP][PASSED] - Statement - PreSaveFile = new java.io.File(((pathPrefix + java.lang.Integer.toString(counter)) + .png)): null

2018-12-12 15:50:54 - [TEST_STEP][PASSED] - Statement - counter = counter + 1: null

2018-12-12 15:50:54 - [TEST_STEP][PASSED] - Statement - PreSaveFile = new java.io.File(((pathPrefix + java.lang.Integer.toString(counter)) + .png)): null

2018-12-12 15:50:54 - [TEST_STEP][PASSED] - Statement - counter = counter + 1: null

2018-12-12 15:50:54 - [TEST_STEP][PASSED] - Statement - PreSaveFile = new java.io.File(((pathPrefix + java.lang.Integer.toString(counter)) + .png)): null

2018-12-12 15:50:54 - [TEST_STEP][PASSED] - Statement - counter = counter + 1: null

2018-12-12 15:50:54 - [TEST_STEP][PASSED] - Statement - PreSaveFile = new java.io.File(((pathPrefix + java.lang.Integer.toString(counter)) + .png)): null

2018-12-12 15:50:54 - [TEST_STEP][PASSED] - Statement - counter = counter + 1: null

2018-12-12 15:50:54 - [TEST_STEP][PASSED] - Statement - PreSaveFile = new java.io.File(((pathPrefix + java.lang.Integer.toString(counter)) + .png)): null

2018-12-12 15:50:54 - [TEST_STEP][PASSED] - Statement - counter = counter + 1: null

2018-12-12 15:50:54 - [TEST_STEP][PASSED] - Statement - PreSaveFile = new java.io.File(((pathPrefix + java.lang.Integer.toString(counter)) + .png)): null

2018-12-12 15:50:54 - [TEST_STEP][PASSED] - Statement - counter = counter + 1: null

2018-12-12 15:50:54 - [TEST_STEP][PASSED] - Statement - PreSaveFile = new java.io.File(((pathPrefix + java.lang.Integer.toString(counter)) + .png)): null

2018-12-12 15:50:54 - [TEST_STEP][PASSED] - Statement - counter = counter + 1: null

2018-12-12 15:50:54 - [TEST_STEP][PASSED] - Statement - PreSaveFile = new java.io.File(((pathPrefix + java.lang.Integer.toString(counter)) + .png)): null

2018-12-12 15:50:54 - [TEST_STEP][PASSED] - Statement - counter = counter + 1: null

2018-12-12 15:50:54 - [TEST_STEP][PASSED] - Statement - PreSaveFile = new java.io.File(((pathPrefix + java.lang.Integer.toString(counter)) + .png)): null

2018-12-12 15:50:54 - [TEST_STEP][PASSED] - Statement - counter = counter + 1: null

2018-12-12 15:50:54 - [TEST_STEP][PASSED] - Statement - PreSaveFile = new java.io.File(((pathPrefix + java.lang.Integer.toString(counter)) + .png)): null

2018-12-12 15:50:54 - [TEST_STEP][PASSED] - Statement - counter = counter + 1: null

2018-12-12 15:50:54 - [TEST_STEP][PASSED] - Statement - PreSaveFile = new java.io.File(((pathPrefix + java.lang.Integer.toString(counter)) + .png)): null

2018-12-12 15:50:54 - [TEST_STEP][PASSED] - Statement - counter = counter + 1: null

2018-12-12 15:50:54 - [TEST_STEP][PASSED] - Statement - PreSaveFile = new java.io.File(((pathPrefix + java.lang.Integer.toString(counter)) + .png)): null

2018-12-12 15:50:54 - [TEST_STEP][PASSED] - Statement - counter = counter + 1: null

2018-12-12 15:50:54 - [TEST_STEP][PASSED] - Statement - PreSaveFile = new java.io.File(((pathPrefix + java.lang.Integer.toString(counter)) + .png)): null

2018-12-12 15:50:54 - [TEST_STEP][PASSED] - Statement - counter = counter + 1: null

2018-12-12 15:50:54 - [TEST_STEP][PASSED] - Statement - PreSaveFile = new java.io.File(((pathPrefix + java.lang.Integer.toString(counter)) + .png)): null

2018-12-12 15:50:54 - [TEST_STEP][PASSED] - Statement - counter = counter + 1: null

2018-12-12 15:50:54 - [TEST_STEP][PASSED] - Statement - PreSaveFile = new java.io.File(((pathPrefix + java.lang.Integer.toString(counter)) + .png)): null

2018-12-12 15:50:54 - [TEST_STEP][PASSED] - Statement - counter = counter + 1: null

2018-12-12 15:50:54 - [TEST_STEP][PASSED] - Statement - PreSaveFile = new java.io.File(((pathPrefix + java.lang.Integer.toString(counter)) + .png)): null

2018-12-12 15:50:54 - [TEST_STEP][PASSED] - Statement - counter = counter + 1: null

2018-12-12 15:50:54 - [TEST_STEP][PASSED] - Statement - PreSaveFile = new java.io.File(((pathPrefix + java.lang.Integer.toString(counter)) + .png)): null

2018-12-12 15:50:54 - [TEST_STEP][PASSED] - Statement - counter = counter + 1: null

2018-12-12 15:50:54 - [TEST_STEP][PASSED] - Statement - PreSaveFile = new java.io.File(((pathPrefix + java.lang.Integer.toString(counter)) + .png)): null

2018-12-12 15:50:54 - [TEST_STEP][PASSED] - Statement - counter = counter + 1: null

2018-12-12 15:50:54 - [TEST_STEP][PASSED] - Statement - PreSaveFile = new java.io.File(((pathPrefix + java.lang.Integer.toString(counter)) + .png)): null

2018-12-12 15:50:54 - [TEST_STEP][PASSED] - Statement - counter = counter + 1: null

2018-12-12 15:50:54 - [TEST_STEP][PASSED] - Statement - PreSaveFile = new java.io.File(((pathPrefix + java.lang.Integer.toString(counter)) + .png)): null

2018-12-12 15:50:54 - [TEST_STEP][PASSED] - Statement - counter = counter + 1: null

2018-12-12 15:50:54 - [TEST_STEP][PASSED] - Statement - PreSaveFile = new java.io.File(((pathPrefix + java.lang.Integer.toString(counter)) + .png)): null

2018-12-12 15:50:54 - [TEST_STEP][PASSED] - Statement - counter = counter + 1: null

2018-12-12 15:50:54 - [TEST_STEP][PASSED] - Statement - PreSaveFile = new java.io.File(((pathPrefix + java.lang.Integer.toString(counter)) + .png)): null

2018-12-12 15:50:54 - [TEST_STEP][PASSED] - Statement - counter = counter + 1: null

2018-12-12 15:50:54 - [TEST_STEP][PASSED] - Statement - PreSaveFile = new java.io.File(((pathPrefix + java.lang.Integer.toString(counter)) + .png)): null

2018-12-12 15:50:54 - [TEST_STEP][PASSED] - Statement - counter = counter + 1: null

2018-12-12 15:50:54 - [TEST_STEP][PASSED] - Statement - PreSaveFile = new java.io.File(((pathPrefix + java.lang.Integer.toString(counter)) + .png)): null

2018-12-12 15:50:54 - [TEST_STEP][PASSED] - Statement - counter = counter + 1: null

2018-12-12 15:50:54 - [TEST_STEP][PASSED] - Statement - PreSaveFile = new java.io.File(((pathPrefix + java.lang.Integer.toString(counter)) + .png)): null

2018-12-12 15:50:54 - [TEST_STEP][PASSED] - Statement - counter = counter + 1: null

2018-12-12 15:50:54 - [TEST_STEP][PASSED] - Statement - PreSaveFile = new java.io.File(((pathPrefix + java.lang.Integer.toString(counter)) + .png)): null

2018-12-12 15:50:54 - [TEST_STEP][PASSED] - Statement - counter = counter + 1: null

2018-12-12 15:50:54 - [TEST_STEP][PASSED] - Statement - PreSaveFile = new java.io.File(((pathPrefix + java.lang.Integer.toString(counter)) + .png)): null

2018-12-12 15:50:54 - [TEST_STEP][PASSED] - Statement - counter = counter + 1: null

2018-12-12 15:50:54 - [TEST_STEP][PASSED] - Statement - PreSaveFile = new java.io.File(((pathPrefix + java.lang.Integer.toString(counter)) + .png)): null

2018-12-12 15:50:54 - [TEST_STEP][PASSED] - Statement - counter = counter + 1: null

2018-12-12 15:50:54 - [TEST_STEP][PASSED] - Statement - PreSaveFile = new java.io.File(((pathPrefix + java.lang.Integer.toString(counter)) + .png)): null

2018-12-12 15:50:54 - [TEST_STEP][PASSED] - Statement - counter = counter + 1: null

2018-12-12 15:50:54 - [TEST_STEP][PASSED] - Statement - PreSaveFile = new java.io.File(((pathPrefix + java.lang.Integer.toString(counter)) + .png)): null

2018-12-12 15:50:54 - [TEST_STEP][PASSED] - Statement - counter = counter + 1: null

2018-12-12 15:50:54 - [TEST_STEP][PASSED] - Statement - PreSaveFile = new java.io.File(((pathPrefix + java.lang.Integer.toString(counter)) + .png)): null

2018-12-12 15:50:54 - [TEST_STEP][PASSED] - Statement - counter = counter + 1: null

2018-12-12 15:50:54 - [TEST_STEP][PASSED] - Statement - PreSaveFile = new java.io.File(((pathPrefix + java.lang.Integer.toString(counter)) + .png)): null

2018-12-12 15:50:54 - [TEST_STEP][PASSED] - Statement - counter = counter + 1: null

2018-12-12 15:50:54 - [TEST_STEP][PASSED] - Statement - PreSaveFile = new java.io.File(((pathPrefix + java.lang.Integer.toString(counter)) + .png)): null

2018-12-12 15:50:54 - [TEST_STEP][PASSED] - Statement - counter = counter + 1: null

2018-12-12 15:50:54 - [TEST_STEP][PASSED] - Statement - PreSaveFile = new java.io.File(((pathPrefix + java.lang.Integer.toString(counter)) + .png)): null

2018-12-12 15:50:54 - [TEST_STEP][PASSED] - Statement - counter = counter + 1: null

2018-12-12 15:50:54 - [TEST_STEP][PASSED] - Statement - PreSaveFile = new java.io.File(((pathPrefix + java.lang.Integer.toString(counter)) + .png)): null

2018-12-12 15:50:54 - [TEST_STEP][PASSED] - Statement - counter = counter + 1: null

2018-12-12 15:50:54 - [TEST_STEP][PASSED] - Statement - PreSaveFile = new java.io.File(((pathPrefix + java.lang.Integer.toString(counter)) + .png)): null

2018-12-12 15:50:54 - [TEST_STEP][PASSED] - Statement - counter = counter + 1: null

2018-12-12 15:50:54 - [TEST_STEP][PASSED] - Statement - PreSaveFile = new java.io.File(((pathPrefix + java.lang.Integer.toString(counter)) + .png)): null

2018-12-12 15:50:54 - [TEST_STEP][PASSED] - Statement - counter = counter + 1: null

2018-12-12 15:50:54 - [TEST_STEP][PASSED] - Statement - PreSaveFile = new java.io.File(((pathPrefix + java.lang.Integer.toString(counter)) + .png)): null

2018-12-12 15:50:54 - [TEST_STEP][PASSED] - Statement - counter = counter + 1: null

2018-12-12 15:50:54 - [TEST_STEP][PASSED] - Statement - PreSaveFile = new java.io.File(((pathPrefix + java.lang.Integer.toString(counter)) + .png)): null

2018-12-12 15:50:54 - [TEST_STEP][PASSED] - Statement - counter = counter + 1: null

2018-12-12 15:50:54 - [TEST_STEP][PASSED] - Statement - PreSaveFile = new java.io.File(((pathPrefix + java.lang.Integer.toString(counter)) + .png)): null

2018-12-12 15:50:54 - [TEST_STEP][PASSED] - Statement - counter = counter + 1: null

2018-12-12 15:50:54 - [TEST_STEP][PASSED] - Statement - PreSaveFile = new java.io.File(((pathPrefix + java.lang.Integer.toString(counter)) + .png)): null

2018-12-12 15:50:54 - [TEST_STEP][PASSED] - Statement - counter = counter + 1: null

2018-12-12 15:50:54 - [TEST_STEP][PASSED] - Statement - PreSaveFile = new java.io.File(((pathPrefix + java.lang.Integer.toString(counter)) + .png)): null

2018-12-12 15:50:54 - [TEST_STEP][PASSED] - Statement - counter = counter + 1: null

2018-12-12 15:50:54 - [TEST_STEP][PASSED] - Statement - PreSaveFile = new java.io.File(((pathPrefix + java.lang.Integer.toString(counter)) + .png)): null

2018-12-12 15:50:54 - [TEST_STEP][PASSED] - Statement - counter = counter + 1: null

2018-12-12 15:50:54 - [TEST_STEP][PASSED] - Statement - PreSaveFile = new java.io.File(((pathPrefix + java.lang.Integer.toString(counter)) + .png)): null

2018-12-12 15:50:54 - [TEST_STEP][PASSED] - Statement - counter = counter + 1: null

2018-12-12 15:50:54 - [TEST_STEP][PASSED] - Statement - PreSaveFile = new java.io.File(((pathPrefix + java.lang.Integer.toString(counter)) + .png)): null

2018-12-12 15:50:54 - [TEST_STEP][PASSED] - Statement - counter = counter + 1: null

2018-12-12 15:50:54 - [TEST_STEP][PASSED] - Statement - PreSaveFile = new java.io.File(((pathPrefix + java.lang.Integer.toString(counter)) + .png)): null

2018-12-12 15:50:54 - [TEST_STEP][PASSED] - Statement - counter = counter + 1: null

2018-12-12 15:50:54 - [TEST_STEP][PASSED] - Statement - PreSaveFile = new java.io.File(((pathPrefix + java.lang.Integer.toString(counter)) + .png)): null

2018-12-12 15:50:54 - [TEST_STEP][PASSED] - Statement - counter = counter + 1: null

2018-12-12 15:50:54 - [TEST_STEP][PASSED] - Statement - PreSaveFile = new java.io.File(((pathPrefix + java.lang.Integer.toString(counter)) + .png)): null

2018-12-12 15:50:54 - [TEST_STEP][PASSED] - Statement - counter = counter + 1: null

2018-12-12 15:50:54 - [TEST_STEP][PASSED] - Statement - PreSaveFile = new java.io.File(((pathPrefix + java.lang.Integer.toString(counter)) + .png)): null

2018-12-12 15:50:54 - [TEST_STEP][PASSED] - Statement - counter = counter + 1: null

2018-12-12 15:50:54 - [TEST_STEP][PASSED] - Statement - PreSaveFile = new java.io.File(((pathPrefix + java.lang.Integer.toString(counter)) + .png)): null

2018-12-12 15:50:54 - [TEST_STEP][PASSED] - Statement - counter = counter + 1: null

2018-12-12 15:50:54 - [TEST_STEP][PASSED] - Statement - PreSaveFile = new java.io.File(((pathPrefix + java.lang.Integer.toString(counter)) + .png)): null

2018-12-12 15:50:54 - [TEST_STEP][PASSED] - Statement - counter = counter + 1: null

2018-12-12 15:50:54 - [TEST_STEP][PASSED] - Statement - PreSaveFile = new java.io.File(((pathPrefix + java.lang.Integer.toString(counter)) + .png)): null

2018-12-12 15:50:54 - [TEST_STEP][PASSED] - Statement - counter = counter + 1: null

2018-12-12 15:50:54 - [TEST_STEP][PASSED] - Statement - PreSaveFile = new java.io.File(((pathPrefix + java.lang.Integer.toString(counter)) + .png)): null

2018-12-12 15:50:54 - [TEST_STEP][PASSED] - Statement - counter = counter + 1: null

2018-12-12 15:50:54 - [TEST_STEP][PASSED] - Statement - PreSaveFile = new java.io.File(((pathPrefix + java.lang.Integer.toString(counter)) + .png)): null

2018-12-12 15:50:54 - [TEST_STEP][PASSED] - Statement - counter = counter + 1: null

2018-12-12 15:50:54 - [TEST_STEP][PASSED] - Statement - PreSaveFile = new java.io.File(((pathPrefix + java.lang.Integer.toString(counter)) + .png)): null

2018-12-12 15:50:54 - [TEST_STEP][PASSED] - Statement - counter = counter + 1: null

2018-12-12 15:50:54 - [TEST_STEP][PASSED] - Statement - PreSaveFile = new java.io.File(((pathPrefix + java.lang.Integer.toString(counter)) + .png)): null

2018-12-12 15:50:54 - [TEST_STEP][PASSED] - Statement - counter = counter + 1: null

2018-12-12 15:50:54 - [TEST_STEP][PASSED] - Statement - PreSaveFile = new java.io.File(((pathPrefix + java.lang.Integer.toString(counter)) + .png)): null

2018-12-12 15:50:54 - [TEST_STEP][PASSED] - Statement - counter = counter + 1: null

2018-12-12 15:50:54 - [TEST_STEP][PASSED] - Statement - PreSaveFile = new java.io.File(((pathPrefix + java.lang.Integer.toString(counter)) + .png)): null

2018-12-12 15:50:54 - [TEST_STEP][PASSED] - Statement - counter = counter + 1: null

2018-12-12 15:50:54 - [TEST_STEP][PASSED] - Statement - PreSaveFile = new java.io.File(((pathPrefix + java.lang.Integer.toString(counter)) + .png)): null

2018-12-12 15:50:54 - [TEST_STEP][PASSED] - Statement - counter = counter + 1: null

2018-12-12 15:50:54 - [TEST_STEP][PASSED] - Statement - PreSaveFile = new java.io.File(((pathPrefix + java.lang.Integer.toString(counter)) + .png)): null

2018-12-12 15:50:54 - [TEST_STEP][PASSED] - Statement - counter = counter + 1: null

2018-12-12 15:50:54 - [TEST_STEP][PASSED] - Statement - PreSaveFile = new java.io.File(((pathPrefix + java.lang.Integer.toString(counter)) + .png)): null

2018-12-12 15:50:54 - [TEST_STEP][PASSED] - Statement - counter = counter + 1: null

2018-12-12 15:50:54 - [TEST_STEP][PASSED] - Statement - PreSaveFile = new java.io.File(((pathPrefix + java.lang.Integer.toString(counter)) + .png)): null

2018-12-12 15:50:54 - [TEST_STEP][PASSED] - Statement - counter = counter + 1: null

2018-12-12 15:50:54 - [TEST_STEP][PASSED] - Statement - PreSaveFile = new java.io.File(((pathPrefix + java.lang.Integer.toString(counter)) + .png)): null

2018-12-12 15:50:54 - [TEST_STEP][PASSED] - Statement - counter = counter + 1: null

2018-12-12 15:50:54 - [TEST_STEP][PASSED] - Statement - PreSaveFile = new java.io.File(((pathPrefix + java.lang.Integer.toString(counter)) + .png)): null

2018-12-12 15:50:54 - [TEST_STEP][PASSED] - Statement - counter = counter + 1: null

2018-12-12 15:50:54 - [TEST_STEP][PASSED] - Statement - PreSaveFile = new java.io.File(((pathPrefix + java.lang.Integer.toString(counter)) + .png)): null

2018-12-12 15:50:54 - [TEST_STEP][PASSED] - Statement - counter = counter + 1: null

2018-12-12 15:50:54 - [TEST_STEP][PASSED] - Statement - PreSaveFile = new java.io.File(((pathPrefix + java.lang.Integer.toString(counter)) + .png)): null

2018-12-12 15:50:54 - [TEST_STEP][PASSED] - Statement - counter = counter + 1: null

2018-12-12 15:50:54 - [TEST_STEP][PASSED] - Statement - PreSaveFile = new java.io.File(((pathPrefix + java.lang.Integer.toString(counter)) + .png)): null

2018-12-12 15:50:54 - [TEST_STEP][PASSED] - Statement - counter = counter + 1: null

2018-12-12 15:50:54 - [TEST_STEP][PASSED] - Statement - PreSaveFile = new java.io.File(((pathPrefix + java.lang.Integer.toString(counter)) + .png)): null

2018-12-12 15:50:54 - [TEST_STEP][PASSED] - Statement - counter = counter + 1: null

2018-12-12 15:50:54 - [TEST_STEP][PASSED] - Statement - PreSaveFile = new java.io.File(((pathPrefix + java.lang.Integer.toString(counter)) + .png)): null

2018-12-12 15:50:54 - [TEST_STEP][PASSED] - Statement - counter = counter + 1: null

2018-12-12 15:50:54 - [TEST_STEP][PASSED] - Statement - PreSaveFile = new java.io.File(((pathPrefix + java.lang.Integer.toString(counter)) + .png)): null

2018-12-12 15:50:54 - [TEST_STEP][PASSED] - Statement - counter = counter + 1: null

2018-12-12 15:50:54 - [TEST_STEP][PASSED] - Statement - PreSaveFile = new java.io.File(((pathPrefix + java.lang.Integer.toString(counter)) + .png)): null

2018-12-12 15:50:54 - [TEST_STEP][PASSED] - Statement - counter = counter + 1: null

2018-12-12 15:50:54 - [TEST_STEP][PASSED] - Statement - PreSaveFile = new java.io.File(((pathPrefix + java.lang.Integer.toString(counter)) + .png)): null

2018-12-12 15:50:54 - [TEST_STEP][PASSED] - Statement - counter = counter + 1: null

2018-12-12 15:50:54 - [TEST_STEP][PASSED] - Statement - PreSaveFile = new java.io.File(((pathPrefix + java.lang.Integer.toString(counter)) + .png)): null

2018-12-12 15:50:54 - [TEST_STEP][PASSED] - Statement - counter = counter + 1: null

2018-12-12 15:50:54 - [TEST_STEP][PASSED] - Statement - PreSaveFile = new java.io.File(((pathPrefix + java.lang.Integer.toString(counter)) + .png)): null

2018-12-12 15:50:54 - [TEST_STEP][PASSED] - Statement - counter = counter + 1: null

2018-12-12 15:50:54 - [TEST_STEP][PASSED] - Statement - PreSaveFile = new java.io.File(((pathPrefix + java.lang.Integer.toString(counter)) + .png)): null

2018-12-12 15:50:54 - [TEST_STEP][PASSED] - Statement - counter = counter + 1: null

2018-12-12 15:50:54 - [TEST_STEP][PASSED] - Statement - PreSaveFile = new java.io.File(((pathPrefix + java.lang.Integer.toString(counter)) + .png)): null

2018-12-12 15:50:54 - [TEST_STEP][PASSED] - Statement - counter = counter + 1: null

2018-12-12 15:50:54 - [TEST_STEP][PASSED] - Statement - PreSaveFile = new java.io.File(((pathPrefix + java.lang.Integer.toString(counter)) + .png)): null

2018-12-12 15:50:54 - [TEST_STEP][PASSED] - Statement - counter = counter + 1: null

2018-12-12 15:50:54 - [TEST_STEP][PASSED] - Statement - PreSaveFile = new java.io.File(((pathPrefix + java.lang.Integer.toString(counter)) + .png)): null

2018-12-12 15:50:54 - [TEST_STEP][PASSED] - Statement - counter = counter + 1: null

2018-12-12 15:50:54 - [TEST_STEP][PASSED] - Statement - PreSaveFile = new java.io.File(((pathPrefix + java.lang.Integer.toString(counter)) + .png)): null

2018-12-12 15:50:54 - [TEST_STEP][PASSED] - Statement - counter = counter + 1: null

2018-12-12 15:50:54 - [TEST_STEP][PASSED] - Statement - PreSaveFile = new java.io.File(((pathPrefix + java.lang.Integer.toString(counter)) + .png)): null

2018-12-12 15:50:54 - [TEST_STEP][PASSED] - Statement - counter = counter + 1: null

2018-12-12 15:50:54 - [TEST_STEP][PASSED] - Statement - PreSaveFile = new java.io.File(((pathPrefix + java.lang.Integer.toString(counter)) + .png)): null

2018-12-12 15:50:54 - [TEST_STEP][PASSED] - Statement - counter = counter + 1: null

2018-12-12 15:50:54 - [TEST_STEP][PASSED] - Statement - PreSaveFile = new java.io.File(((pathPrefix + java.lang.Integer.toString(counter)) + .png)): null

2018-12-12 15:50:54 - [TEST_STEP][PASSED] - Statement - counter = counter + 1: null

2018-12-12 15:50:54 - [TEST_STEP][PASSED] - Statement - PreSaveFile = new java.io.File(((pathPrefix + java.lang.Integer.toString(counter)) + .png)): null

2018-12-12 15:50:54 - [TEST_STEP][PASSED] - Statement - counter = counter + 1: null

2018-12-12 15:50:54 - [TEST_STEP][PASSED] - Statement - PreSaveFile = new java.io.File(((pathPrefix + java.lang.Integer.toString(counter)) + .png)): null

2018-12-12 15:50:54 - [TEST_STEP][PASSED] - Statement - counter = counter + 1: null

2018-12-12 15:50:54 - [TEST_STEP][PASSED] - Statement - PreSaveFile = new java.io.File(((pathPrefix + java.lang.Integer.toString(counter)) + .png)): null

2018-12-12 15:50:54 - [TEST_STEP][PASSED] - Statement - counter = counter + 1: null

2018-12-12 15:50:54 - [TEST_STEP][PASSED] - Statement - PreSaveFile = new java.io.File(((pathPrefix + java.lang.Integer.toString(counter)) + .png)): null

2018-12-12 15:50:54 - [TEST_STEP][PASSED] - Statement - counter = counter + 1: null

2018-12-12 15:50:54 - [TEST_STEP][PASSED] - Statement - PreSaveFile = new java.io.File(((pathPrefix + java.lang.Integer.toString(counter)) + .png)): null

2018-12-12 15:50:54 - [TEST_STEP][PASSED] - Statement - counter = counter + 1: null

2018-12-12 15:50:54 - [TEST_STEP][PASSED] - Statement - PreSaveFile = new java.io.File(((pathPrefix + java.lang.Integer.toString(counter)) + .png)): null

2018-12-12 15:50:54 - [TEST_STEP][PASSED] - Statement - counter = counter + 1: null

2018-12-12 15:50:54 - [TEST_STEP][PASSED] - Statement - PreSaveFile = new java.io.File(((pathPrefix + java.lang.Integer.toString(counter)) + .png)): null

2018-12-12 15:50:54 - [TEST_STEP][PASSED] - Statement - counter = counter + 1: null

2018-12-12 15:50:54 - [TEST_STEP][PASSED] - Statement - PreSaveFile = new java.io.File(((pathPrefix + java.lang.Integer.toString(counter)) + .png)): null

2018-12-12 15:50:54 - [TEST_STEP][PASSED] - Statement - counter = counter + 1: null

2018-12-12 15:50:54 - [TEST_STEP][PASSED] - Statement - PreSaveFile = new java.io.File(((pathPrefix + java.lang.Integer.toString(counter)) + .png)): null

2018-12-12 15:50:54 - [TEST_STEP][PASSED] - Statement - counter = counter + 1: null

2018-12-12 15:50:54 - [TEST_STEP][PASSED] - Statement - PreSaveFile = new java.io.File(((pathPrefix + java.lang.Integer.toString(counter)) + .png)): null

2018-12-12 15:50:54 - [TEST_STEP][PASSED] - Statement - counter = counter + 1: null

2018-12-12 15:50:54 - [TEST_STEP][PASSED] - Statement - PreSaveFile = new java.io.File(((pathPrefix + java.lang.Integer.toString(counter)) + .png)): null

2018-12-12 15:50:54 - [TEST_STEP][PASSED] - Statement - counter = counter + 1: null

2018-12-12 15:50:54 - [TEST_STEP][PASSED] - Statement - PreSaveFile = new java.io.File(((pathPrefix + java.lang.Integer.toString(counter)) + .png)): null

2018-12-12 15:50:54 - [TEST_STEP][PASSED] - Statement - counter = counter + 1: null

2018-12-12 15:50:54 - [TEST_STEP][PASSED] - Statement - PreSaveFile = new java.io.File(((pathPrefix + java.lang.Integer.toString(counter)) + .png)): null

2018-12-12 15:50:54 - [TEST_STEP][PASSED] - Statement - counter = counter + 1: null

2018-12-12 15:50:54 - [TEST_STEP][PASSED] - Statement - PreSaveFile = new java.io.File(((pathPrefix + java.lang.Integer.toString(counter)) + .png)): null

2018-12-12 15:50:54 - [TEST_STEP][PASSED] - Statement - counter = counter + 1: null

2018-12-12 15:50:54 - [TEST_STEP][PASSED] - Statement - PreSaveFile = new java.io.File(((pathPrefix + java.lang.Integer.toString(counter)) + .png)): null

2018-12-12 15:50:54 - [TEST_STEP][PASSED] - Statement - counter = counter + 1: null

2018-12-12 15:50:54 - [TEST_STEP][PASSED] - Statement - PreSaveFile = new java.io.File(((pathPrefix + java.lang.Integer.toString(counter)) + .png)): null

2018-12-12 15:50:54 - [TEST_STEP][PASSED] - Statement - counter = counter + 1: null

2018-12-12 15:50:54 - [TEST_STEP][PASSED] - Statement - PreSaveFile = new java.io.File(((pathPrefix + java.lang.Integer.toString(counter)) + .png)): null

2018-12-12 15:50:54 - [TEST_STEP][PASSED] - Statement - counter = counter + 1: null

2018-12-12 15:50:54 - [TEST_STEP][PASSED] - Statement - PreSaveFile = new java.io.File(((pathPrefix + java.lang.Integer.toString(counter)) + .png)): null

2018-12-12 15:50:54 - [TEST_STEP][PASSED] - Statement - finalPath = pathPrefix + java.lang.Integer.toString(counter) + ".png": null

2018-12-12 15:50:54 - [TEST_STEP][PASSED] - Statement - SaveFile = new java.io.File(finalPath): null

2018-12-12 15:50:54 - [TEST_STEP][PASSED] - Statement - Try: null

2018-12-12 15:50:54 - [TEST_STEP][PASSED] - Statement - org.apache.commons.io.FileUtils.copyFile(scrFile, SaveFile): null

2018-12-12 15:50:54 - [TEST_STEP][PASSED] - Statement - out.println("file kept"): null

2018-12-12 15:50:54 - [TEST_STEP][PASSED] - delay: Delayed 10 second(s)

2018-12-12 15:51:04 - [MESSAGE][PASSED] - Delayed 10 second(s)

2018-12-12 15:51:04 - [MESSAGE][PASSED] - Call Test Case 'Test Cases/Final Aug 2018 - PKS Automation/Registration Module/New Registration/Submit and Screenshot/Submit Registration and Screenshot' successfully]]></system-out>
         <system-err><![CDATA[]]></system-err>
      </testcase>
      <testcase name="Test Cases/Final Aug 2018 - PKS Automation/Registration Module/Critical Path/New Registration/Other - NGO" classname="Test Cases/Final Aug 2018 - PKS Automation/Registration Module/Critical Path/New Registration/Other - NGO" status="PASSED">
         <system-out><![CDATA[2018-12-12 15:51:04 - [TEST_CASE][PASSED] - Test Cases/Final Aug 2018 - PKS Automation/Registration Module/Critical Path/New Registration/Other - NGO: Test Cases/Final Aug 2018 - PKS Automation/Registration Module/Critical Path/New Registration/Other - NGO

2018-12-12 15:51:04 - [TEST_STEP][PASSED] - callTestCase: Call Test Case 'Test Cases/Final Aug 2018 - PKS Automation/Registration Module/New Registration/Form 1/Form 1 - Other - NGO' successfully

2018-12-12 15:51:04 - [TEST_CASE][PASSED] - Test Cases/Final Aug 2018 - PKS Automation/Registration Module/New Registration/Form 1/Form 1 - Other - NGO: Test Cases/Final Aug 2018 - PKS Automation/Registration Module/New Registration/Form 1/Form 1 - Other - NGO

2018-12-12 15:51:05 - [TEST_STEP][PASSED] - openBrowser: Browser is opened with url: ''

2018-12-12 15:51:05 - [MESSAGE][WARNING] - A browser is already opened. Closing browser and opening a new one

2018-12-12 15:51:08 - [MESSAGE][PASSED] - Browser is opened with url: ''

2018-12-12 15:51:08 - [TEST_STEP][PASSED] - navigateToUrl: Navigate to 'https://assist2-uat.perkeso.gov.my/login' successfully

2018-12-12 15:51:09 - [MESSAGE][PASSED] - Navigate to 'https://assist2-uat.perkeso.gov.my/login' successfully

2018-12-12 15:51:09 - [TEST_STEP][PASSED] - setText: Text 'johorotc1@gmail.com' is set on object 'Object Repository/Final Object Repo/Login Page/Internal User/Email Address'

2018-12-12 15:51:09 - [MESSAGE][PASSED] - Text 'johorotc1@gmail.com' is set on object 'Object Repository/Final Object Repo/Login Page/Internal User/Email Address'

2018-12-12 15:51:09 - [TEST_STEP][PASSED] - click: Object: 'Object Repository/Final Object Repo/Login Page/Internal User/Next Button' is clicked on

2018-12-12 15:51:09 - [MESSAGE][PASSED] - Object: 'Object Repository/Final Object Repo/Login Page/Internal User/Next Button' is clicked on

2018-12-12 15:51:09 - [TEST_STEP][PASSED] - delay: Delayed 1 second(s)

2018-12-12 15:51:10 - [MESSAGE][PASSED] - Delayed 1 second(s)

2018-12-12 15:51:10 - [TEST_STEP][PASSED] - setEncryptedText: Text ****** has been set on object 'Object Repository/Final Object Repo/Login Page/Internal User/Password'

2018-12-12 15:51:11 - [MESSAGE][PASSED] - Text ****** has been set on object 'Object Repository/Final Object Repo/Login Page/Internal User/Password'

2018-12-12 15:51:11 - [TEST_STEP][PASSED] - click: Object: 'Object Repository/Final Object Repo/Login Page/Internal User/Login Button' is clicked on

2018-12-12 15:51:11 - [MESSAGE][PASSED] - Object: 'Object Repository/Final Object Repo/Login Page/Internal User/Login Button' is clicked on

2018-12-12 15:51:11 - [TEST_STEP][PASSED] - delay: Delayed 1 second(s)

2018-12-12 15:51:12 - [MESSAGE][PASSED] - Delayed 1 second(s)

2018-12-12 15:51:12 - [TEST_STEP][PASSED] - Statement - Try: Delayed 2 second(s)

2018-12-12 15:51:12 - [TEST_STEP][PASSED] - Statement - Checker = false: null

2018-12-12 15:51:12 - [TEST_STEP][PASSED] - Statement - Checker = com.kms.katalon.core.webui.keyword.WebUiBuiltInKeywords.verifyElementHasAttribute(com.kms.katalon.core.testobject.ObjectRepository.findTestObject(Final Object Repo/Landing Page/BM Detecting), "href", 20, OPTIONAL): Object 'Object Repository/Final Object Repo/Landing Page/BM Detecting' has attribute 'href'

2018-12-12 15:51:13 - [MESSAGE][PASSED] - Object 'Object Repository/Final Object Repo/Landing Page/BM Detecting' has attribute 'href'

2018-12-12 15:51:13 - [TEST_STEP][PASSED] - Statement - out.println(Checker): null

2018-12-12 15:51:13 - [TEST_STEP][PASSED] - Statement - If (Checker == false): null

2018-12-12 15:51:13 - [TEST_STEP][PASSED] - Statement - Else: null

2018-12-12 15:51:13 - [TEST_STEP][PASSED] - delay: Delayed 2 second(s)

2018-12-12 15:51:15 - [MESSAGE][PASSED] - Delayed 2 second(s)

2018-12-12 15:51:15 - [TEST_STEP][PASSED] - navigateToUrl: Navigate to 'https://assist2-uat.perkeso.gov.my/web/registration/registration' successfully

2018-12-12 15:51:16 - [MESSAGE][PASSED] - Navigate to 'https://assist2-uat.perkeso.gov.my/web/registration/registration' successfully

2018-12-12 15:51:16 - [TEST_STEP][PASSED] - click: Object: 'Object Repository/Final Object Repo/New Registration - Registration Module Pages/Form 1/AEC - No' is clicked on

2018-12-12 15:51:16 - [MESSAGE][PASSED] - Object: 'Object Repository/Final Object Repo/New Registration - Registration Module Pages/Form 1/AEC - No' is clicked on

2018-12-12 15:51:16 - [TEST_STEP][PASSED] - click: Object: 'Object Repository/Final Object Repo/New Registration - Registration Module Pages/Form 1/Business Entity' is clicked on

2018-12-12 15:51:17 - [MESSAGE][PASSED] - Object: 'Object Repository/Final Object Repo/New Registration - Registration Module Pages/Form 1/Business Entity' is clicked on

2018-12-12 15:51:17 - [TEST_STEP][PASSED] - click: Object: 'Object Repository/Final Object Repo/New Registration - Registration Module Pages/Form 1/Business Entity - Other' is clicked on

2018-12-12 15:51:17 - [MESSAGE][PASSED] - Object: 'Object Repository/Final Object Repo/New Registration - Registration Module Pages/Form 1/Business Entity - Other' is clicked on

2018-12-12 15:51:17 - [TEST_STEP][PASSED] - delay: Delayed 1 second(s)

2018-12-12 15:51:18 - [MESSAGE][PASSED] - Delayed 1 second(s)

2018-12-12 15:51:18 - [TEST_STEP][PASSED] - click: Object: 'Object Repository/Final Object Repo/New Registration - Registration Module Pages/Form 1/Sub Business Entity' is clicked on

2018-12-12 15:51:18 - [MESSAGE][PASSED] - Object: 'Object Repository/Final Object Repo/New Registration - Registration Module Pages/Form 1/Sub Business Entity' is clicked on

2018-12-12 15:51:18 - [TEST_STEP][PASSED] - click: Object: 'Object Repository/Final Object Repo/New Registration - Registration Module Pages/Form 1/Sub Business Entity - Other/Sub Business Entity  - NGO  Society' is clicked on

2018-12-12 15:51:18 - [MESSAGE][PASSED] - Object: 'Object Repository/Final Object Repo/New Registration - Registration Module Pages/Form 1/Sub Business Entity - Other/Sub Business Entity  - NGO  Society' is clicked on

2018-12-12 15:51:18 - [TEST_STEP][PASSED] - delay: Delayed 1 second(s)

2018-12-12 15:51:19 - [MESSAGE][PASSED] - Delayed 1 second(s)

2018-12-12 15:51:19 - [TEST_STEP][PASSED] - click: Object: 'Object Repository/Final Object Repo/New Registration - Registration Module Pages/Form 1/Sub Business Entity List' is clicked on

2018-12-12 15:51:19 - [MESSAGE][PASSED] - Object: 'Object Repository/Final Object Repo/New Registration - Registration Module Pages/Form 1/Sub Business Entity List' is clicked on

2018-12-12 15:51:19 - [TEST_STEP][PASSED] - click: Object: 'Object Repository/Final Object Repo/New Registration - Registration Module Pages/Form 1/Sub Business Entity List - Other/Sub Business Entity List - Others - NGO - Registered with Register of Society' is clicked on

2018-12-12 15:51:20 - [MESSAGE][PASSED] - Object: 'Object Repository/Final Object Repo/New Registration - Registration Module Pages/Form 1/Sub Business Entity List - Other/Sub Business Entity List - Others - NGO - Registered with Register of Society' is clicked on

2018-12-12 15:51:20 - [TEST_STEP][PASSED] - delay: Delayed 1 second(s)

2018-12-12 15:51:21 - [MESSAGE][PASSED] - Delayed 1 second(s)

2018-12-12 15:51:21 - [TEST_STEP][PASSED] - setText: Text '123' is set on object 'Object Repository/Final Object Repo/New Registration - Registration Module Pages/Form 1/Registration Number'

2018-12-12 15:51:21 - [MESSAGE][PASSED] - Text '123' is set on object 'Object Repository/Final Object Repo/New Registration - Registration Module Pages/Form 1/Registration Number'

2018-12-12 15:51:21 - [TEST_STEP][NOT_RUN] - click: NOT_RUN: click

2018-12-12 15:51:21 - [MESSAGE][NOT_RUN] - NOT_RUN: click

2018-12-12 15:51:21 - [TEST_STEP][PASSED] - click: Object: 'Object Repository/Final Object Repo/New Registration - Registration Module Pages/Form 1/Registered As a Branch - Yes' is clicked on

2018-12-12 15:51:21 - [MESSAGE][PASSED] - Object: 'Object Repository/Final Object Repo/New Registration - Registration Module Pages/Form 1/Registered As a Branch - Yes' is clicked on

2018-12-12 15:51:21 - [TEST_STEP][NOT_RUN] - verifyElementPresent: NOT_RUN: verifyElementPresent

2018-12-12 15:51:21 - [MESSAGE][NOT_RUN] - NOT_RUN: verifyElementPresent

2018-12-12 15:51:21 - [TEST_STEP][PASSED] - check: Object 'Object Repository/Final Object Repo/New Registration - Registration Module Pages/Form 1/Acknowledgement' is checked

2018-12-12 15:51:21 - [MESSAGE][PASSED] - Object 'Object Repository/Final Object Repo/New Registration - Registration Module Pages/Form 1/Acknowledgement' is checked

2018-12-12 15:51:21 - [TEST_STEP][PASSED] - setText: Text 'perkeso' is set on object 'Object Repository/Final Object Repo/New Registration - Registration Module Pages/Form 1/Industry name'

2018-12-12 15:51:22 - [MESSAGE][PASSED] - Text 'perkeso' is set on object 'Object Repository/Final Object Repo/New Registration - Registration Module Pages/Form 1/Industry name'

2018-12-12 15:51:22 - [TEST_STEP][PASSED] - setText: Text 'perkeso1' is set on object 'Object Repository/Final Object Repo/New Registration - Registration Module Pages/Form 1/Postal Address1'

2018-12-12 15:51:22 - [MESSAGE][PASSED] - Text 'perkeso1' is set on object 'Object Repository/Final Object Repo/New Registration - Registration Module Pages/Form 1/Postal Address1'

2018-12-12 15:51:22 - [TEST_STEP][PASSED] - setText: Text 'perkeso2' is set on object 'Object Repository/Final Object Repo/New Registration - Registration Module Pages/Form 1/Postal Address2'

2018-12-12 15:51:22 - [MESSAGE][PASSED] - Text 'perkeso2' is set on object 'Object Repository/Final Object Repo/New Registration - Registration Module Pages/Form 1/Postal Address2'

2018-12-12 15:51:22 - [TEST_STEP][PASSED] - setText: Text 'perkeso3' is set on object 'Object Repository/Final Object Repo/New Registration - Registration Module Pages/Form 1/Postal Address3'

2018-12-12 15:51:23 - [MESSAGE][PASSED] - Text 'perkeso3' is set on object 'Object Repository/Final Object Repo/New Registration - Registration Module Pages/Form 1/Postal Address3'

2018-12-12 15:51:23 - [TEST_STEP][PASSED] - click: Object: 'Object Repository/Final Object Repo/New Registration - Registration Module Pages/Form 1/State' is clicked on

2018-12-12 15:51:23 - [MESSAGE][PASSED] - Object: 'Object Repository/Final Object Repo/New Registration - Registration Module Pages/Form 1/State' is clicked on

2018-12-12 15:51:23 - [TEST_STEP][PASSED] - click: Object: 'Object Repository/Final Object Repo/New Registration - Registration Module Pages/Form 1/State - Johor' is clicked on

2018-12-12 15:51:23 - [MESSAGE][PASSED] - Object: 'Object Repository/Final Object Repo/New Registration - Registration Module Pages/Form 1/State - Johor' is clicked on

2018-12-12 15:51:23 - [TEST_STEP][PASSED] - delay: Delayed 1 second(s)

2018-12-12 15:51:24 - [MESSAGE][PASSED] - Delayed 1 second(s)

2018-12-12 15:51:24 - [TEST_STEP][PASSED] - click: Object: 'Object Repository/Final Object Repo/New Registration - Registration Module Pages/Form 1/City' is clicked on

2018-12-12 15:51:24 - [MESSAGE][PASSED] - Object: 'Object Repository/Final Object Repo/New Registration - Registration Module Pages/Form 1/City' is clicked on

2018-12-12 15:51:24 - [TEST_STEP][PASSED] - setText: Text 'joh' is set on object 'Object Repository/Final Object Repo/New Registration - Registration Module Pages/Form 1/Postcode - 810'

2018-12-12 15:51:25 - [MESSAGE][PASSED] - Text 'joh' is set on object 'Object Repository/Final Object Repo/New Registration - Registration Module Pages/Form 1/Postcode - 810'

2018-12-12 15:51:25 - [TEST_STEP][PASSED] - delay: Delayed 1 second(s)

2018-12-12 15:51:26 - [MESSAGE][PASSED] - Delayed 1 second(s)

2018-12-12 15:51:26 - [TEST_STEP][PASSED] - click: Object: 'Object Repository/Final Object Repo/New Registration - Registration Module Pages/Form 1/City - Johor Bharu' is clicked on

2018-12-12 15:51:26 - [MESSAGE][PASSED] - Object: 'Object Repository/Final Object Repo/New Registration - Registration Module Pages/Form 1/City - Johor Bharu' is clicked on

2018-12-12 15:51:26 - [TEST_STEP][PASSED] - delay: Delayed 1 second(s)

2018-12-12 15:51:27 - [MESSAGE][PASSED] - Delayed 1 second(s)

2018-12-12 15:51:27 - [TEST_STEP][PASSED] - click: Object: 'Object Repository/Final Object Repo/New Registration - Registration Module Pages/Form 1/Postcode' is clicked on

2018-12-12 15:51:27 - [MESSAGE][PASSED] - Object: 'Object Repository/Final Object Repo/New Registration - Registration Module Pages/Form 1/Postcode' is clicked on

2018-12-12 15:51:27 - [TEST_STEP][PASSED] - delay: Delayed 1 second(s)

2018-12-12 15:51:28 - [MESSAGE][PASSED] - Delayed 1 second(s)

2018-12-12 15:51:28 - [TEST_STEP][PASSED] - setText: Text '810' is set on object 'Object Repository/Final Object Repo/New Registration - Registration Module Pages/Form 1/Postcode - 810'

2018-12-12 15:51:28 - [MESSAGE][PASSED] - Text '810' is set on object 'Object Repository/Final Object Repo/New Registration - Registration Module Pages/Form 1/Postcode - 810'

2018-12-12 15:51:28 - [TEST_STEP][PASSED] - delay: Delayed 1 second(s)

2018-12-12 15:51:29 - [MESSAGE][PASSED] - Delayed 1 second(s)

2018-12-12 15:51:29 - [TEST_STEP][PASSED] - click: Object: 'Object Repository/Final Object Repo/New Registration - Registration Module Pages/Form 1/Postcode - 81000' is clicked on

2018-12-12 15:51:30 - [MESSAGE][PASSED] - Object: 'Object Repository/Final Object Repo/New Registration - Registration Module Pages/Form 1/Postcode - 81000' is clicked on

2018-12-12 15:51:30 - [TEST_STEP][PASSED] - delay: Delayed 1 second(s)

2018-12-12 15:51:31 - [MESSAGE][PASSED] - Delayed 1 second(s)

2018-12-12 15:51:31 - [TEST_STEP][PASSED] - setText: Text '100' is set on object 'Object Repository/Final Object Repo/New Registration - Registration Module Pages/Form 1/P.O.BOX'

2018-12-12 15:51:31 - [MESSAGE][PASSED] - Text '100' is set on object 'Object Repository/Final Object Repo/New Registration - Registration Module Pages/Form 1/P.O.BOX'

2018-12-12 15:51:31 - [TEST_STEP][PASSED] - setText: Text '100' is set on object 'Object Repository/Final Object Repo/New Registration - Registration Module Pages/Form 1/Locked Bag No'

2018-12-12 15:51:31 - [MESSAGE][PASSED] - Text '100' is set on object 'Object Repository/Final Object Repo/New Registration - Registration Module Pages/Form 1/Locked Bag No'

2018-12-12 15:51:31 - [TEST_STEP][PASSED] - click: Object: 'Object Repository/Final Object Repo/New Registration - Registration Module Pages/Form 1/SOCSO Office Location' is clicked on

2018-12-12 15:51:31 - [MESSAGE][PASSED] - Object: 'Object Repository/Final Object Repo/New Registration - Registration Module Pages/Form 1/SOCSO Office Location' is clicked on

2018-12-12 15:51:31 - [TEST_STEP][PASSED] - click: Object: 'Object Repository/Final Object Repo/New Registration - Registration Module Pages/Form 1/SOCSO Office Location - Pejabat PERKESO Negeri Johor' is clicked on

2018-12-12 15:51:32 - [MESSAGE][PASSED] - Object: 'Object Repository/Final Object Repo/New Registration - Registration Module Pages/Form 1/SOCSO Office Location - Pejabat PERKESO Negeri Johor' is clicked on

2018-12-12 15:51:32 - [TEST_STEP][PASSED] - delay: Delayed 1 second(s)

2018-12-12 15:51:33 - [MESSAGE][PASSED] - Delayed 1 second(s)

2018-12-12 15:51:33 - [TEST_STEP][PASSED] - check: Object 'Object Repository/Final Object Repo/New Registration - Registration Module Pages/Form 1/Indusrty Address Same As Postal Address' is checked

2018-12-12 15:51:33 - [MESSAGE][PASSED] - Object 'Object Repository/Final Object Repo/New Registration - Registration Module Pages/Form 1/Indusrty Address Same As Postal Address' is checked

2018-12-12 15:51:33 - [TEST_STEP][PASSED] - delay: Delayed 3 second(s)

2018-12-12 15:51:36 - [MESSAGE][PASSED] - Delayed 3 second(s)

2018-12-12 15:51:36 - [TEST_STEP][PASSED] - click: Object: 'Object Repository/Final Object Repo/New Registration - Registration Module Pages/Form 1/Indusry Address Same As Postal Address False' is clicked on

2018-12-12 15:51:36 - [MESSAGE][PASSED] - Object: 'Object Repository/Final Object Repo/New Registration - Registration Module Pages/Form 1/Indusry Address Same As Postal Address False' is clicked on

2018-12-12 15:51:36 - [TEST_STEP][PASSED] - delay: Delayed 1 second(s)

2018-12-12 15:51:37 - [MESSAGE][PASSED] - Delayed 1 second(s)

2018-12-12 15:51:37 - [TEST_STEP][PASSED] - setText: Text 'perkeso1' is set on object 'Object Repository/Final Object Repo/New Registration - Registration Module Pages/Form 1/Industry Address1'

2018-12-12 15:51:37 - [MESSAGE][PASSED] - Text 'perkeso1' is set on object 'Object Repository/Final Object Repo/New Registration - Registration Module Pages/Form 1/Industry Address1'

2018-12-12 15:51:37 - [TEST_STEP][PASSED] - setText: Text 'perkeso2' is set on object 'Object Repository/Final Object Repo/New Registration - Registration Module Pages/Form 1/Industry Address2'

2018-12-12 15:51:38 - [MESSAGE][PASSED] - Text 'perkeso2' is set on object 'Object Repository/Final Object Repo/New Registration - Registration Module Pages/Form 1/Industry Address2'

2018-12-12 15:51:38 - [TEST_STEP][PASSED] - setText: Text 'perkeso3' is set on object 'Object Repository/Final Object Repo/New Registration - Registration Module Pages/Form 1/Industry Address3'

2018-12-12 15:51:38 - [MESSAGE][PASSED] - Text 'perkeso3' is set on object 'Object Repository/Final Object Repo/New Registration - Registration Module Pages/Form 1/Industry Address3'

2018-12-12 15:51:38 - [TEST_STEP][PASSED] - click: Object: 'Object Repository/Final Object Repo/New Registration - Registration Module Pages/Form 1/Industry State' is clicked on

2018-12-12 15:51:38 - [MESSAGE][PASSED] - Object: 'Object Repository/Final Object Repo/New Registration - Registration Module Pages/Form 1/Industry State' is clicked on

2018-12-12 15:51:38 - [TEST_STEP][PASSED] - delay: Delayed 2 second(s)

2018-12-12 15:51:40 - [MESSAGE][PASSED] - Delayed 2 second(s)

2018-12-12 15:51:40 - [TEST_STEP][PASSED] - click: Object: 'Object Repository/Final Object Repo/New Registration - Registration Module Pages/Form 1/Industry State - Johor' is clicked on

2018-12-12 15:51:41 - [MESSAGE][PASSED] - Object: 'Object Repository/Final Object Repo/New Registration - Registration Module Pages/Form 1/Industry State - Johor' is clicked on

2018-12-12 15:51:41 - [TEST_STEP][PASSED] - delay: Delayed 2 second(s)

2018-12-12 15:51:43 - [MESSAGE][PASSED] - Delayed 2 second(s)

2018-12-12 15:51:43 - [TEST_STEP][PASSED] - click: Object: 'Object Repository/Final Object Repo/New Registration - Registration Module Pages/Form 1/Industry Ciry' is clicked on

2018-12-12 15:51:43 - [MESSAGE][PASSED] - Object: 'Object Repository/Final Object Repo/New Registration - Registration Module Pages/Form 1/Industry Ciry' is clicked on

2018-12-12 15:51:43 - [TEST_STEP][PASSED] - setText: Text 'joh' is set on object 'Object Repository/Final Object Repo/New Registration - Registration Module Pages/Form 1/Industry Ciry - joh'

2018-12-12 15:51:43 - [MESSAGE][PASSED] - Text 'joh' is set on object 'Object Repository/Final Object Repo/New Registration - Registration Module Pages/Form 1/Industry Ciry - joh'

2018-12-12 15:51:43 - [TEST_STEP][PASSED] - delay: Delayed 2 second(s)

2018-12-12 15:51:45 - [MESSAGE][PASSED] - Delayed 2 second(s)

2018-12-12 15:51:45 - [TEST_STEP][PASSED] - click: Object: 'Object Repository/Final Object Repo/New Registration - Registration Module Pages/Form 1/Industy State - Johor Bharu' is clicked on

2018-12-12 15:51:45 - [MESSAGE][PASSED] - Object: 'Object Repository/Final Object Repo/New Registration - Registration Module Pages/Form 1/Industy State - Johor Bharu' is clicked on

2018-12-12 15:51:45 - [TEST_STEP][PASSED] - delay: Delayed 1 second(s)

2018-12-12 15:51:46 - [MESSAGE][PASSED] - Delayed 1 second(s)

2018-12-12 15:51:46 - [TEST_STEP][PASSED] - click: Object: 'Object Repository/Final Object Repo/New Registration - Registration Module Pages/Form 1/Indusry PostCode' is clicked on

2018-12-12 15:51:46 - [MESSAGE][PASSED] - Object: 'Object Repository/Final Object Repo/New Registration - Registration Module Pages/Form 1/Indusry PostCode' is clicked on

2018-12-12 15:51:46 - [TEST_STEP][PASSED] - delay: Delayed 1 second(s)

2018-12-12 15:51:47 - [MESSAGE][PASSED] - Delayed 1 second(s)

2018-12-12 15:51:47 - [TEST_STEP][PASSED] - setText: Text '810' is set on object 'Object Repository/Final Object Repo/New Registration - Registration Module Pages/Form 1/Insutry Post Code - 810'

2018-12-12 15:51:48 - [MESSAGE][PASSED] - Text '810' is set on object 'Object Repository/Final Object Repo/New Registration - Registration Module Pages/Form 1/Insutry Post Code - 810'

2018-12-12 15:51:48 - [TEST_STEP][PASSED] - delay: Delayed 1 second(s)

2018-12-12 15:51:49 - [MESSAGE][PASSED] - Delayed 1 second(s)

2018-12-12 15:51:49 - [TEST_STEP][PASSED] - click: Object: 'Object Repository/Final Object Repo/New Registration - Registration Module Pages/Form 1/Insutry Post Code - 81000' is clicked on

2018-12-12 15:51:49 - [MESSAGE][PASSED] - Object: 'Object Repository/Final Object Repo/New Registration - Registration Module Pages/Form 1/Insutry Post Code - 81000' is clicked on

2018-12-12 15:51:49 - [TEST_STEP][PASSED] - delay: Delayed 1 second(s)

2018-12-12 15:51:50 - [MESSAGE][PASSED] - Delayed 1 second(s)

2018-12-12 15:51:50 - [TEST_STEP][PASSED] - setText: Text '100' is set on object 'Object Repository/Final Object Repo/New Registration - Registration Module Pages/Form 1/Industry P.O.BOX'

2018-12-12 15:51:50 - [MESSAGE][PASSED] - Text '100' is set on object 'Object Repository/Final Object Repo/New Registration - Registration Module Pages/Form 1/Industry P.O.BOX'

2018-12-12 15:51:50 - [TEST_STEP][PASSED] - setText: Text '100' is set on object 'Object Repository/Final Object Repo/New Registration - Registration Module Pages/Form 1/Industry Locked Bag No'

2018-12-12 15:51:50 - [MESSAGE][PASSED] - Text '100' is set on object 'Object Repository/Final Object Repo/New Registration - Registration Module Pages/Form 1/Industry Locked Bag No'

2018-12-12 15:51:50 - [TEST_STEP][PASSED] - setText: Text '123456789' is set on object 'Object Repository/Final Object Repo/New Registration - Registration Module Pages/Form 1/Telephone No'

2018-12-12 15:51:51 - [MESSAGE][PASSED] - Text '123456789' is set on object 'Object Repository/Final Object Repo/New Registration - Registration Module Pages/Form 1/Telephone No'

2018-12-12 15:51:51 - [TEST_STEP][PASSED] - setText: Text '123456789' is set on object 'Object Repository/Final Object Repo/New Registration - Registration Module Pages/Form 1/Mobile No'

2018-12-12 15:51:51 - [MESSAGE][PASSED] - Text '123456789' is set on object 'Object Repository/Final Object Repo/New Registration - Registration Module Pages/Form 1/Mobile No'

2018-12-12 15:51:51 - [TEST_STEP][PASSED] - setText: Text '123456789' is set on object 'Object Repository/Final Object Repo/New Registration - Registration Module Pages/Form 1/Fax No'

2018-12-12 15:51:52 - [MESSAGE][PASSED] - Text '123456789' is set on object 'Object Repository/Final Object Repo/New Registration - Registration Module Pages/Form 1/Fax No'

2018-12-12 15:51:52 - [TEST_STEP][PASSED] - click: Object: 'Object Repository/Final Object Repo/New Registration - Registration Module Pages/Form 1/Industry Code' is clicked on

2018-12-12 15:51:52 - [MESSAGE][PASSED] - Object: 'Object Repository/Final Object Repo/New Registration - Registration Module Pages/Form 1/Industry Code' is clicked on

2018-12-12 15:51:52 - [TEST_STEP][PASSED] - click: Object: 'Object Repository/Final Object Repo/New Registration - Registration Module Pages/Form 1/Indudustry Code - Crops and Animal' is clicked on

2018-12-12 15:51:52 - [MESSAGE][PASSED] - Object: 'Object Repository/Final Object Repo/New Registration - Registration Module Pages/Form 1/Indudustry Code - Crops and Animal' is clicked on

2018-12-12 15:51:52 - [TEST_STEP][PASSED] - delay: Delayed 1 second(s)

2018-12-12 15:51:53 - [MESSAGE][PASSED] - Delayed 1 second(s)

2018-12-12 15:51:53 - [TEST_STEP][PASSED] - click: Object: 'Object Repository/Final Object Repo/New Registration - Registration Module Pages/Form 1/Sub Industry Code List' is clicked on

2018-12-12 15:51:53 - [MESSAGE][PASSED] - Object: 'Object Repository/Final Object Repo/New Registration - Registration Module Pages/Form 1/Sub Industry Code List' is clicked on

2018-12-12 15:51:53 - [TEST_STEP][PASSED] - click: Object: 'Object Repository/Final Object Repo/New Registration - Registration Module Pages/Form 1/Sub Industry Code List - Growing of Maize' is clicked on

2018-12-12 15:51:54 - [MESSAGE][PASSED] - Object: 'Object Repository/Final Object Repo/New Registration - Registration Module Pages/Form 1/Sub Industry Code List - Growing of Maize' is clicked on

2018-12-12 15:51:54 - [TEST_STEP][PASSED] - setText: Text 'perkeso123@gmail.com' is set on object 'Object Repository/Final Object Repo/New Registration - Registration Module Pages/Form 1/Email'

2018-12-12 15:51:54 - [MESSAGE][PASSED] - Text 'perkeso123@gmail.com' is set on object 'Object Repository/Final Object Repo/New Registration - Registration Module Pages/Form 1/Email'

2018-12-12 15:51:54 - [TEST_STEP][PASSED] - click: Object: 'Object Repository/Final Object Repo/New Registration - Registration Module Pages/Form 1/Method of Contribution Payment' is clicked on

2018-12-12 15:51:54 - [MESSAGE][PASSED] - Object: 'Object Repository/Final Object Repo/New Registration - Registration Module Pages/Form 1/Method of Contribution Payment' is clicked on

2018-12-12 15:51:54 - [TEST_STEP][PASSED] - click: Object: 'Object Repository/Final Object Repo/New Registration - Registration Module Pages/Form 1/Method of Contribution Payment - Portal' is clicked on

2018-12-12 15:51:55 - [MESSAGE][PASSED] - Object: 'Object Repository/Final Object Repo/New Registration - Registration Module Pages/Form 1/Method of Contribution Payment - Portal' is clicked on

2018-12-12 15:51:55 - [TEST_STEP][PASSED] - click: Object: 'Object Repository/Final Object Repo/New Registration - Registration Module Pages/Form 1/Servide Type' is clicked on

2018-12-12 15:51:55 - [MESSAGE][PASSED] - Object: 'Object Repository/Final Object Repo/New Registration - Registration Module Pages/Form 1/Servide Type' is clicked on

2018-12-12 15:51:55 - [TEST_STEP][PASSED] - click: Object: 'Object Repository/Final Object Repo/New Registration - Registration Module Pages/Form 1/Servide Type - Professional Bodies' is clicked on

2018-12-12 15:51:55 - [MESSAGE][PASSED] - Object: 'Object Repository/Final Object Repo/New Registration - Registration Module Pages/Form 1/Servide Type - Professional Bodies' is clicked on

2018-12-12 15:51:55 - [TEST_STEP][PASSED] - click: Object: 'Object Repository/Final Object Repo/New Registration - Registration Module Pages/Form 1/Industry Venue' is clicked on

2018-12-12 15:51:55 - [MESSAGE][PASSED] - Object: 'Object Repository/Final Object Repo/New Registration - Registration Module Pages/Form 1/Industry Venue' is clicked on

2018-12-12 15:51:55 - [TEST_STEP][PASSED] - click: Object: 'Object Repository/Final Object Repo/New Registration - Registration Module Pages/Form 1/Industry Venue -  PPN JOHOR' is clicked on

2018-12-12 15:51:56 - [MESSAGE][PASSED] - Object: 'Object Repository/Final Object Repo/New Registration - Registration Module Pages/Form 1/Industry Venue -  PPN JOHOR' is clicked on

2018-12-12 15:51:56 - [TEST_STEP][PASSED] - click: Object: 'Object Repository/Final Object Repo/New Registration - Registration Module Pages/Form 1/Save  Continue' is clicked on

2018-12-12 15:51:56 - [MESSAGE][PASSED] - Object: 'Object Repository/Final Object Repo/New Registration - Registration Module Pages/Form 1/Save  Continue' is clicked on

2018-12-12 15:51:56 - [MESSAGE][PASSED] - Call Test Case 'Test Cases/Final Aug 2018 - PKS Automation/Registration Module/New Registration/Form 1/Form 1 - Other - NGO' successfully

2018-12-12 15:51:56 - [TEST_STEP][PASSED] - callTestCase: Call Test Case 'Test Cases/Final Aug 2018 - PKS Automation/Registration Module/New Registration/Form 2/Add 2 Eligible 2 Not Eligible' successfully

2018-12-12 15:51:56 - [TEST_CASE][PASSED] - Test Cases/Final Aug 2018 - PKS Automation/Registration Module/New Registration/Form 2/Add 2 Eligible 2 Not Eligible: Test Cases/Final Aug 2018 - PKS Automation/Registration Module/New Registration/Form 2/Add 2 Eligible 2 Not Eligible

2018-12-12 15:51:56 - [TEST_STEP][PASSED] - delay: Delayed 2 second(s)

2018-12-12 15:51:58 - [MESSAGE][PASSED] - Delayed 2 second(s)

2018-12-12 15:51:58 - [TEST_STEP][PASSED] - callTestCase: Call Test Case 'Test Cases/Final Aug 2018 - PKS Automation/Registration Module/New Registration/Form 2/Date Updater' successfully

2018-12-12 15:51:58 - [TEST_CASE][PASSED] - Test Cases/Final Aug 2018 - PKS Automation/Registration Module/New Registration/Form 2/Date Updater: Test Cases/Final Aug 2018 - PKS Automation/Registration Module/New Registration/Form 2/Date Updater

2018-12-12 15:51:58 - [TEST_STEP][PASSED] - Statement - TodayDate = new java.util.Date(): null

2018-12-12 15:51:58 - [TEST_STEP][PASSED] - Statement - CurrentDateNoFilter = new java.text.SimpleDateFormat(): null

2018-12-12 15:51:58 - [TEST_STEP][PASSED] - Statement - CurrentDateNoFilter.applyPattern("MM"): null

2018-12-12 15:51:58 - [TEST_STEP][PASSED] - Statement - monthContainerMatcher = java.lang.Integer.parseInt(CurrentDateNoFilter.format(TodayDate)): null

2018-12-12 15:51:58 - [TEST_STEP][PASSED] - Statement - monthContainerMatcher = monthContainerMatcher - 1: null

2018-12-12 15:51:58 - [TEST_STEP][PASSED] - Statement - CurrentMonth = monthContainerMatcher.toString(): null

2018-12-12 15:51:58 - [TEST_STEP][PASSED] - Statement - CurrentMonth = CurrentMonth: null

2018-12-12 15:51:58 - [TEST_STEP][PASSED] - Statement - CurrentDateNoFilter.applyPattern("yyyy"): null

2018-12-12 15:51:58 - [TEST_STEP][PASSED] - Statement - CurrentYear = CurrentDateNoFilter.format(TodayDate): null

2018-12-12 15:51:58 - [TEST_STEP][PASSED] - Statement - CurrentYear = CurrentYear: null

2018-12-12 15:51:58 - [TEST_STEP][PASSED] - Statement - intCurrentYear = java.lang.Integer.parseInt(CurrentDateNoFilter.format(TodayDate)): null

2018-12-12 15:51:58 - [TEST_STEP][PASSED] - Statement - eighteenYrsAgo = intCurrentYear - 18: null

2018-12-12 15:51:58 - [TEST_STEP][PASSED] - Statement - eighteenYrsBeforeThisYr = eighteenYrsAgo.toString(): null

2018-12-12 15:51:58 - [TEST_STEP][PASSED] - Statement - EighteenYrsBefore = eighteenYrsBeforeThisYr: null

2018-12-12 15:51:58 - [TEST_STEP][PASSED] - Statement - fiftysevenYrsAgo = intCurrentYear - 57: null

2018-12-12 15:51:58 - [TEST_STEP][PASSED] - Statement - fiftysevenYrsBeforeThisYr = fiftysevenYrsAgo.toString(): null

2018-12-12 15:51:58 - [TEST_STEP][PASSED] - Statement - FiftysevenYrsBefore = fiftysevenYrsBeforeThisYr: null

2018-12-12 15:51:58 - [TEST_STEP][PASSED] - Statement - leapYear = false: null

2018-12-12 15:51:58 - [TEST_STEP][PASSED] - Statement - leapYear = intCurrentYear % 4 == 0: null

2018-12-12 15:51:58 - [TEST_STEP][PASSED] - Statement - CurrentDateNoFilter.applyPattern("dd"): null

2018-12-12 15:51:58 - [TEST_STEP][PASSED] - Statement - CurrentDate = CurrentDateNoFilter.format(TodayDate): null

2018-12-12 15:51:58 - [TEST_STEP][PASSED] - Statement - CurrentDate = java.lang.Integer.parseInt(CurrentDate): null

2018-12-12 15:51:58 - [TEST_STEP][PASSED] - Statement - CurrentDate = CurrentDate: null

2018-12-12 15:51:58 - [TEST_STEP][PASSED] - Statement - CurrentDay = java.lang.Integer.parseInt(CurrentDate): null

2018-12-12 15:51:58 - [TEST_STEP][PASSED] - Statement - ConfAdder = <not implemented yet for class: org.codehaus.groovy.ast.expr.EmptyExpression>: null

2018-12-12 15:51:58 - [TEST_STEP][PASSED] - Statement - out.println(CurrentMonth): null

2018-12-12 15:51:58 - [TEST_STEP][PASSED] - Statement - out.println(CurrentDate): null

2018-12-12 15:51:58 - [TEST_STEP][PASSED] - Statement - switch (CurrentDate): null

2018-12-12 15:51:58 - [TEST_STEP][PASSED] - Statement - Default: null

2018-12-12 15:51:58 - [TEST_STEP][PASSED] - Statement - ConfAdder = true: null

2018-12-12 15:51:58 - [TEST_STEP][PASSED] - Statement - Break: null

2018-12-12 15:51:58 - [TEST_STEP][PASSED] - Statement - aDayBefore = <not implemented yet for class: org.codehaus.groovy.ast.expr.EmptyExpression>: null

2018-12-12 15:51:58 - [TEST_STEP][PASSED] - Statement - out.println(ConfAdder): null

2018-12-12 15:51:58 - [TEST_STEP][PASSED] - Statement - If (ConfAdder == true): null

2018-12-12 15:51:58 - [TEST_STEP][PASSED] - Statement - aDayBefore = CurrentDay + 1: null

2018-12-12 15:51:58 - [TEST_STEP][PASSED] - Statement - out.println(aDayBefore): null

2018-12-12 15:51:58 - [TEST_STEP][PASSED] - Statement - If (aDayBefore == 1 && CurrentMonth == 11): null

2018-12-12 15:51:58 - [TEST_STEP][PASSED] - Statement - DayBefore = aDayBefore.toString(): null

2018-12-12 15:51:58 - [TEST_STEP][PASSED] - Statement - OneDayBefore = DayBefore: null

2018-12-12 15:51:58 - [MESSAGE][PASSED] - Call Test Case 'Test Cases/Final Aug 2018 - PKS Automation/Registration Module/New Registration/Form 2/Date Updater' successfully

2018-12-12 15:51:58 - [TEST_STEP][PASSED] - delay: Delayed 1 second(s)

2018-12-12 15:51:59 - [MESSAGE][PASSED] - Delayed 1 second(s)

2018-12-12 15:51:59 - [TEST_STEP][PASSED] - Statement - CaseReferenceNo = com.kms.katalon.core.webui.keyword.WebUiBuiltInKeywords.getText(com.kms.katalon.core.testobject.ObjectRepository.findTestObject(Final Object Repo/New Registration - Registration Module Pages/Form 2/RefNo Acquiring)): Text of object 'Object Repository/Final Object Repo/New Registration - Registration Module Pages/Form 2/RefNo Acquiring' is: 'CRN12201800123209'

2018-12-12 15:51:59 - [MESSAGE][PASSED] - Text of object 'Object Repository/Final Object Repo/New Registration - Registration Module Pages/Form 2/RefNo Acquiring' is: 'CRN12201800123209'

2018-12-12 15:51:59 - [TEST_STEP][PASSED] - delay: Delayed 1 second(s)

2018-12-12 15:52:00 - [MESSAGE][PASSED] - Delayed 1 second(s)

2018-12-12 15:52:00 - [TEST_STEP][PASSED] - click: Object: 'Object Repository/Final Object Repo/New Registration - Registration Module Pages/Form 2/Add Employee Button' is clicked on

2018-12-12 15:52:00 - [MESSAGE][PASSED] - Object: 'Object Repository/Final Object Repo/New Registration - Registration Module Pages/Form 2/Add Employee Button' is clicked on

2018-12-12 15:52:00 - [TEST_STEP][PASSED] - delay: Delayed 4 second(s)

2018-12-12 15:52:04 - [MESSAGE][PASSED] - Delayed 4 second(s)

2018-12-12 15:52:04 - [TEST_STEP][PASSED] - setText: Text '010903091927' is set on object 'Object Repository/Final Object Repo/New Registration - Registration Module Pages/Form 2/NRIC Input'

2018-12-12 15:52:05 - [MESSAGE][PASSED] - Text '010903091927' is set on object 'Object Repository/Final Object Repo/New Registration - Registration Module Pages/Form 2/NRIC Input'

2018-12-12 15:52:05 - [TEST_STEP][PASSED] - click: Object: 'Object Repository/Final Object Repo/New Registration - Registration Module Pages/Form 2/button for search for IC' is clicked on

2018-12-12 15:52:05 - [MESSAGE][PASSED] - Object: 'Object Repository/Final Object Repo/New Registration - Registration Module Pages/Form 2/button for search for IC' is clicked on

2018-12-12 15:52:05 - [TEST_STEP][PASSED] - delay: Delayed 2 second(s)

2018-12-12 15:52:07 - [MESSAGE][PASSED] - Delayed 2 second(s)

2018-12-12 15:52:07 - [TEST_STEP][PASSED] - setText: Text 'Automate001 eligible 1' is set on object 'Object Repository/Final Object Repo/New Registration - Registration Module Pages/Form 2/Employee Name Input'

2018-12-12 15:52:07 - [MESSAGE][PASSED] - Text 'Automate001 eligible 1' is set on object 'Object Repository/Final Object Repo/New Registration - Registration Module Pages/Form 2/Employee Name Input'

2018-12-12 15:52:07 - [TEST_STEP][PASSED] - delay: Delayed 2 second(s)

2018-12-12 15:52:09 - [MESSAGE][PASSED] - Delayed 2 second(s)

2018-12-12 15:52:09 - [TEST_STEP][PASSED] - click: Object: 'Object Repository/Final Object Repo/New Registration - Registration Module Pages/Form 2/DatePicker Pop Up' is clicked on

2018-12-12 15:52:09 - [MESSAGE][PASSED] - Object: 'Object Repository/Final Object Repo/New Registration - Registration Module Pages/Form 2/DatePicker Pop Up' is clicked on

2018-12-12 15:52:09 - [TEST_STEP][PASSED] - click: Object: 'Object Repository/Final Object Repo/New Registration - Registration Module Pages/Form 2/DOB Month' is clicked on

2018-12-12 15:52:10 - [MESSAGE][PASSED] - Object: 'Object Repository/Final Object Repo/New Registration - Registration Module Pages/Form 2/DOB Month' is clicked on

2018-12-12 15:52:10 - [TEST_STEP][PASSED] - Statement - CurrentMonth = CurrentMonth: null

2018-12-12 15:52:10 - [TEST_STEP][PASSED] - Statement - selectMonth = new com.kms.katalon.core.testobject.TestObject(): null

2018-12-12 15:52:10 - [TEST_STEP][PASSED] - Statement - selectMonth.addProperty("xpath", EQUALS, "//body/div/div/div/select/option[@value='" + CurrentMonth + "']", true): null

2018-12-12 15:52:10 - [TEST_STEP][PASSED] - click: Object: '' is clicked on

2018-12-12 15:52:10 - [MESSAGE][PASSED] - Object: '' is clicked on

2018-12-12 15:52:10 - [TEST_STEP][PASSED] - click: Object: 'Object Repository/Final Object Repo/New Registration - Registration Module Pages/Form 2/DOB Year' is clicked on

2018-12-12 15:52:10 - [MESSAGE][PASSED] - Object: 'Object Repository/Final Object Repo/New Registration - Registration Module Pages/Form 2/DOB Year' is clicked on

2018-12-12 15:52:10 - [TEST_STEP][PASSED] - Statement - Eyearsbf = EighteenYrsBefore: null

2018-12-12 15:52:10 - [TEST_STEP][PASSED] - Statement - selectYear = new com.kms.katalon.core.testobject.TestObject(): null

2018-12-12 15:52:10 - [TEST_STEP][PASSED] - Statement - selectYear.addProperty("xpath", EQUALS, "//div/div/div/select/option[@value='" + Eyearsbf + "']", true): null

2018-12-12 15:52:10 - [TEST_STEP][PASSED] - click: Object: '' is clicked on

2018-12-12 15:52:10 - [MESSAGE][PASSED] - Object: '' is clicked on

2018-12-12 15:52:10 - [TEST_STEP][PASSED] - Statement - UpdatedSelectDate = com.kms.katalon.core.webui.keyword.WebUiBuiltInKeywords.modifyObjectProperty(com.kms.katalon.core.testobject.ObjectRepository.findTestObject(Final Object Repo/New Registration - Registration Module Pages/Form 2/DOB Date), "xpath", "equals", "//body/div/table/tbody/tr/td/a[text()="" + CurrentDate + ""]", true): Modify property of object successfully

2018-12-12 15:52:10 - [MESSAGE][PASSED] - Modify property of object successfully

2018-12-12 15:52:10 - [TEST_STEP][PASSED] - delay: Delayed 3 second(s)

2018-12-12 15:52:13 - [MESSAGE][PASSED] - Delayed 3 second(s)

2018-12-12 15:52:13 - [TEST_STEP][PASSED] - click: Object: 'Object Repository/Final Object Repo/New Registration - Registration Module Pages/Form 2/DOB Date' is clicked on

2018-12-12 15:52:13 - [MESSAGE][PASSED] - Object: 'Object Repository/Final Object Repo/New Registration - Registration Module Pages/Form 2/DOB Date' is clicked on

2018-12-12 15:52:13 - [TEST_STEP][PASSED] - delay: Delayed 2 second(s)

2018-12-12 15:52:15 - [MESSAGE][PASSED] - Delayed 2 second(s)

2018-12-12 15:52:15 - [TEST_STEP][PASSED] - click: Object: 'Object Repository/Final Object Repo/New Registration - Registration Module Pages/Form 2/EmploymentStartDate Pop Up' is clicked on

2018-12-12 15:52:15 - [MESSAGE][PASSED] - Object: 'Object Repository/Final Object Repo/New Registration - Registration Module Pages/Form 2/EmploymentStartDate Pop Up' is clicked on

2018-12-12 15:52:15 - [TEST_STEP][PASSED] - delay: Delayed 2 second(s)

2018-12-12 15:52:17 - [MESSAGE][PASSED] - Delayed 2 second(s)

2018-12-12 15:52:17 - [TEST_STEP][PASSED] - click: Object: 'Object Repository/Final Object Repo/New Registration - Registration Module Pages/Form 2/Socso Employment StartDate Month' is clicked on

2018-12-12 15:52:18 - [MESSAGE][PASSED] - Object: 'Object Repository/Final Object Repo/New Registration - Registration Module Pages/Form 2/Socso Employment StartDate Month' is clicked on

2018-12-12 15:52:18 - [TEST_STEP][PASSED] - delay: Delayed 1 second(s)

2018-12-12 15:52:19 - [MESSAGE][PASSED] - Delayed 1 second(s)

2018-12-12 15:52:19 - [TEST_STEP][PASSED] - click: Object: 'Object Repository/Final Object Repo/New Registration - Registration Module Pages/Form 2/Select Socso Employement Startdate Month' is clicked on

2018-12-12 15:52:19 - [MESSAGE][PASSED] - Object: 'Object Repository/Final Object Repo/New Registration - Registration Module Pages/Form 2/Select Socso Employement Startdate Month' is clicked on

2018-12-12 15:52:19 - [TEST_STEP][PASSED] - delay: Delayed 2 second(s)

2018-12-12 15:52:21 - [MESSAGE][PASSED] - Delayed 2 second(s)

2018-12-12 15:52:21 - [TEST_STEP][PASSED] - click: Object: 'Object Repository/Final Object Repo/New Registration - Registration Module Pages/Form 2/Socso Employment StartDate Year' is clicked on

2018-12-12 15:52:21 - [MESSAGE][PASSED] - Object: 'Object Repository/Final Object Repo/New Registration - Registration Module Pages/Form 2/Socso Employment StartDate Year' is clicked on

2018-12-12 15:52:21 - [TEST_STEP][PASSED] - delay: Delayed 1 second(s)

2018-12-12 15:52:22 - [MESSAGE][PASSED] - Delayed 1 second(s)

2018-12-12 15:52:22 - [TEST_STEP][PASSED] - click: Object: 'Object Repository/Final Object Repo/New Registration - Registration Module Pages/Form 2/Select Socso Employment Startdate Year' is clicked on

2018-12-12 15:52:22 - [MESSAGE][PASSED] - Object: 'Object Repository/Final Object Repo/New Registration - Registration Module Pages/Form 2/Select Socso Employment Startdate Year' is clicked on

2018-12-12 15:52:22 - [TEST_STEP][PASSED] - delay: Delayed 2 second(s)

2018-12-12 15:52:24 - [MESSAGE][PASSED] - Delayed 2 second(s)

2018-12-12 15:52:24 - [TEST_STEP][PASSED] - click: Object: 'Object Repository/Final Object Repo/New Registration - Registration Module Pages/Form 2/Socso Employment Start Date Day' is clicked on

2018-12-12 15:52:24 - [MESSAGE][PASSED] - Object: 'Object Repository/Final Object Repo/New Registration - Registration Module Pages/Form 2/Socso Employment Start Date Day' is clicked on

2018-12-12 15:52:24 - [TEST_STEP][PASSED] - delay: Delayed 2 second(s)

2018-12-12 15:52:26 - [MESSAGE][PASSED] - Delayed 2 second(s)

2018-12-12 15:52:26 - [TEST_STEP][PASSED] - click: Object: 'Object Repository/Final Object Repo/New Registration - Registration Module Pages/Form 2/Save Button for Add Employee' is clicked on

2018-12-12 15:52:26 - [MESSAGE][PASSED] - Object: 'Object Repository/Final Object Repo/New Registration - Registration Module Pages/Form 2/Save Button for Add Employee' is clicked on

2018-12-12 15:52:26 - [TEST_STEP][PASSED] - delay: Delayed 6 second(s)

2018-12-12 15:52:32 - [MESSAGE][PASSED] - Delayed 6 second(s)

2018-12-12 15:52:32 - [TEST_STEP][PASSED] - click: Object: 'Object Repository/Final Object Repo/New Registration - Registration Module Pages/Form 2/Add Employee Button' is clicked on

2018-12-12 15:52:33 - [MESSAGE][PASSED] - Object: 'Object Repository/Final Object Repo/New Registration - Registration Module Pages/Form 2/Add Employee Button' is clicked on

2018-12-12 15:52:33 - [TEST_STEP][PASSED] - delay: Delayed 4 second(s)

2018-12-12 15:52:37 - [MESSAGE][PASSED] - Delayed 4 second(s)

2018-12-12 15:52:37 - [TEST_STEP][PASSED] - setText: Text '620904059691' is set on object 'Object Repository/Final Object Repo/New Registration - Registration Module Pages/Form 2/NRIC Input'

2018-12-12 15:52:37 - [MESSAGE][PASSED] - Text '620904059691' is set on object 'Object Repository/Final Object Repo/New Registration - Registration Module Pages/Form 2/NRIC Input'

2018-12-12 15:52:37 - [TEST_STEP][PASSED] - click: Object: 'Object Repository/Final Object Repo/New Registration - Registration Module Pages/Form 2/button for search for IC' is clicked on

2018-12-12 15:52:37 - [MESSAGE][PASSED] - Object: 'Object Repository/Final Object Repo/New Registration - Registration Module Pages/Form 2/button for search for IC' is clicked on

2018-12-12 15:52:37 - [TEST_STEP][PASSED] - delay: Delayed 2 second(s)

2018-12-12 15:52:39 - [MESSAGE][PASSED] - Delayed 2 second(s)

2018-12-12 15:52:39 - [TEST_STEP][PASSED] - setText: Text 'Automate001 eligible 2' is set on object 'Object Repository/Final Object Repo/New Registration - Registration Module Pages/Form 2/Employee Name Input'

2018-12-12 15:52:40 - [MESSAGE][PASSED] - Text 'Automate001 eligible 2' is set on object 'Object Repository/Final Object Repo/New Registration - Registration Module Pages/Form 2/Employee Name Input'

2018-12-12 15:52:40 - [TEST_STEP][PASSED] - delay: Delayed 2 second(s)

2018-12-12 15:52:42 - [MESSAGE][PASSED] - Delayed 2 second(s)

2018-12-12 15:52:42 - [TEST_STEP][PASSED] - click: Object: 'Object Repository/Final Object Repo/New Registration - Registration Module Pages/Form 2/DatePicker Pop Up' is clicked on

2018-12-12 15:52:42 - [MESSAGE][PASSED] - Object: 'Object Repository/Final Object Repo/New Registration - Registration Module Pages/Form 2/DatePicker Pop Up' is clicked on

2018-12-12 15:52:42 - [TEST_STEP][PASSED] - delay: Delayed 2 second(s)

2018-12-12 15:52:44 - [MESSAGE][PASSED] - Delayed 2 second(s)

2018-12-12 15:52:44 - [TEST_STEP][PASSED] - click: Object: 'Object Repository/Final Object Repo/New Registration - Registration Module Pages/Form 2/DOB Month' is clicked on

2018-12-12 15:52:44 - [MESSAGE][PASSED] - Object: 'Object Repository/Final Object Repo/New Registration - Registration Module Pages/Form 2/DOB Month' is clicked on

2018-12-12 15:52:44 - [TEST_STEP][PASSED] - Statement - selectMonth = com.kms.katalon.core.webui.keyword.WebUiBuiltInKeywords.modifyObjectProperty(selectMonth, "xpath", "equals", "//body/div/div/div/select/option[@value="" + CurrentMonth + ""]", true): Modify property of object successfully

2018-12-12 15:52:44 - [MESSAGE][PASSED] - Modify property of object successfully

2018-12-12 15:52:44 - [TEST_STEP][PASSED] - click: Object: '' is clicked on

2018-12-12 15:52:44 - [MESSAGE][PASSED] - Object: '' is clicked on

2018-12-12 15:52:44 - [TEST_STEP][PASSED] - click: Object: 'Object Repository/Final Object Repo/New Registration - Registration Module Pages/Form 2/DOB Year' is clicked on

2018-12-12 15:52:44 - [MESSAGE][PASSED] - Object: 'Object Repository/Final Object Repo/New Registration - Registration Module Pages/Form 2/DOB Year' is clicked on

2018-12-12 15:52:44 - [TEST_STEP][PASSED] - Statement - selectYear = com.kms.katalon.core.webui.keyword.WebUiBuiltInKeywords.modifyObjectProperty(selectYear, "xpath", "equals", "//div/div/div/select/option[@value="" + FiftysevenYrsBefore + ""]", true): Modify property of object successfully

2018-12-12 15:52:44 - [MESSAGE][PASSED] - Modify property of object successfully

2018-12-12 15:52:44 - [TEST_STEP][PASSED] - click: Object: '' is clicked on

2018-12-12 15:52:45 - [MESSAGE][PASSED] - Object: '' is clicked on

2018-12-12 15:52:45 - [TEST_STEP][PASSED] - Statement - UpdatedSelectDate = com.kms.katalon.core.webui.keyword.WebUiBuiltInKeywords.modifyObjectProperty(com.kms.katalon.core.testobject.ObjectRepository.findTestObject(Final Object Repo/New Registration - Registration Module Pages/Form 2/DOB Date), "xpath", "equals", "//body/div/table/tbody/tr/td/a[text()="" + OneDayBefore + ""]", true): Modify property of object successfully

2018-12-12 15:52:45 - [MESSAGE][PASSED] - Modify property of object successfully

2018-12-12 15:52:45 - [TEST_STEP][PASSED] - click: Object: 'Object Repository/Final Object Repo/New Registration - Registration Module Pages/Form 2/DOB Date' is clicked on

2018-12-12 15:52:45 - [MESSAGE][PASSED] - Object: 'Object Repository/Final Object Repo/New Registration - Registration Module Pages/Form 2/DOB Date' is clicked on

2018-12-12 15:52:45 - [TEST_STEP][PASSED] - delay: Delayed 2 second(s)

2018-12-12 15:52:47 - [MESSAGE][PASSED] - Delayed 2 second(s)

2018-12-12 15:52:47 - [TEST_STEP][PASSED] - click: Object: 'Object Repository/Final Object Repo/New Registration - Registration Module Pages/Form 2/EmploymentStartDate Pop Up' is clicked on

2018-12-12 15:52:47 - [MESSAGE][PASSED] - Object: 'Object Repository/Final Object Repo/New Registration - Registration Module Pages/Form 2/EmploymentStartDate Pop Up' is clicked on

2018-12-12 15:52:47 - [TEST_STEP][PASSED] - delay: Delayed 2 second(s)

2018-12-12 15:52:49 - [MESSAGE][PASSED] - Delayed 2 second(s)

2018-12-12 15:52:49 - [TEST_STEP][PASSED] - click: Object: 'Object Repository/Final Object Repo/New Registration - Registration Module Pages/Form 2/Socso Employment StartDate Month' is clicked on

2018-12-12 15:52:49 - [MESSAGE][PASSED] - Object: 'Object Repository/Final Object Repo/New Registration - Registration Module Pages/Form 2/Socso Employment StartDate Month' is clicked on

2018-12-12 15:52:49 - [TEST_STEP][PASSED] - delay: Delayed 1 second(s)

2018-12-12 15:52:50 - [MESSAGE][PASSED] - Delayed 1 second(s)

2018-12-12 15:52:50 - [TEST_STEP][PASSED] - click: Object: 'Object Repository/Final Object Repo/New Registration - Registration Module Pages/Form 2/Select Socso Employement Startdate Month' is clicked on

2018-12-12 15:52:50 - [MESSAGE][PASSED] - Object: 'Object Repository/Final Object Repo/New Registration - Registration Module Pages/Form 2/Select Socso Employement Startdate Month' is clicked on

2018-12-12 15:52:50 - [TEST_STEP][PASSED] - delay: Delayed 2 second(s)

2018-12-12 15:52:52 - [MESSAGE][PASSED] - Delayed 2 second(s)

2018-12-12 15:52:52 - [TEST_STEP][PASSED] - click: Object: 'Object Repository/Final Object Repo/New Registration - Registration Module Pages/Form 2/Socso Employment StartDate Year' is clicked on

2018-12-12 15:52:52 - [MESSAGE][PASSED] - Object: 'Object Repository/Final Object Repo/New Registration - Registration Module Pages/Form 2/Socso Employment StartDate Year' is clicked on

2018-12-12 15:52:52 - [TEST_STEP][PASSED] - delay: Delayed 1 second(s)

2018-12-12 15:52:53 - [MESSAGE][PASSED] - Delayed 1 second(s)

2018-12-12 15:52:53 - [TEST_STEP][PASSED] - click: Object: 'Object Repository/Final Object Repo/New Registration - Registration Module Pages/Form 2/Select Socso Employment Startdate Year' is clicked on

2018-12-12 15:52:54 - [MESSAGE][PASSED] - Object: 'Object Repository/Final Object Repo/New Registration - Registration Module Pages/Form 2/Select Socso Employment Startdate Year' is clicked on

2018-12-12 15:52:54 - [TEST_STEP][PASSED] - delay: Delayed 2 second(s)

2018-12-12 15:52:56 - [MESSAGE][PASSED] - Delayed 2 second(s)

2018-12-12 15:52:56 - [TEST_STEP][PASSED] - click: Object: 'Object Repository/Final Object Repo/New Registration - Registration Module Pages/Form 2/Socso Employment Start Date Day' is clicked on

2018-12-12 15:52:56 - [MESSAGE][PASSED] - Object: 'Object Repository/Final Object Repo/New Registration - Registration Module Pages/Form 2/Socso Employment Start Date Day' is clicked on

2018-12-12 15:52:56 - [TEST_STEP][PASSED] - delay: Delayed 2 second(s)

2018-12-12 15:52:58 - [MESSAGE][PASSED] - Delayed 2 second(s)

2018-12-12 15:52:58 - [TEST_STEP][PASSED] - click: Object: 'Object Repository/Final Object Repo/New Registration - Registration Module Pages/Form 2/Save Button for Add Employee' is clicked on

2018-12-12 15:52:58 - [MESSAGE][PASSED] - Object: 'Object Repository/Final Object Repo/New Registration - Registration Module Pages/Form 2/Save Button for Add Employee' is clicked on

2018-12-12 15:52:58 - [TEST_STEP][PASSED] - delay: Delayed 4 second(s)

2018-12-12 15:53:02 - [MESSAGE][PASSED] - Delayed 4 second(s)

2018-12-12 15:53:02 - [TEST_STEP][PASSED] - delay: Delayed 30 second(s)

2018-12-12 15:53:32 - [MESSAGE][PASSED] - Delayed 30 second(s)

2018-12-12 15:53:32 - [TEST_STEP][PASSED] - click: Object: 'Object Repository/Final Object Repo/New Registration - Registration Module Pages/Form 2/Add Employee Button' is clicked on

2018-12-12 15:53:32 - [MESSAGE][PASSED] - Object: 'Object Repository/Final Object Repo/New Registration - Registration Module Pages/Form 2/Add Employee Button' is clicked on

2018-12-12 15:53:32 - [TEST_STEP][PASSED] - delay: Delayed 4 second(s)

2018-12-12 15:53:36 - [MESSAGE][PASSED] - Delayed 4 second(s)

2018-12-12 15:53:36 - [TEST_STEP][PASSED] - setText: Text '000209039145' is set on object 'Object Repository/Final Object Repo/New Registration - Registration Module Pages/Form 2/NRIC Input'

2018-12-12 15:53:37 - [MESSAGE][PASSED] - Text '000209039145' is set on object 'Object Repository/Final Object Repo/New Registration - Registration Module Pages/Form 2/NRIC Input'

2018-12-12 15:53:37 - [TEST_STEP][PASSED] - click: Object: 'Object Repository/Final Object Repo/New Registration - Registration Module Pages/Form 2/button for search for IC' is clicked on

2018-12-12 15:53:37 - [MESSAGE][PASSED] - Object: 'Object Repository/Final Object Repo/New Registration - Registration Module Pages/Form 2/button for search for IC' is clicked on

2018-12-12 15:53:37 - [TEST_STEP][PASSED] - delay: Delayed 2 second(s)

2018-12-12 15:53:39 - [MESSAGE][PASSED] - Delayed 2 second(s)

2018-12-12 15:53:39 - [TEST_STEP][PASSED] - setText: Text 'Automate001 not eligible 1' is set on object 'Object Repository/Final Object Repo/New Registration - Registration Module Pages/Form 2/Employee Name Input'

2018-12-12 15:53:39 - [MESSAGE][PASSED] - Text 'Automate001 not eligible 1' is set on object 'Object Repository/Final Object Repo/New Registration - Registration Module Pages/Form 2/Employee Name Input'

2018-12-12 15:53:39 - [TEST_STEP][PASSED] - delay: Delayed 2 second(s)

2018-12-12 15:53:41 - [MESSAGE][PASSED] - Delayed 2 second(s)

2018-12-12 15:53:41 - [TEST_STEP][PASSED] - click: Object: 'Object Repository/Final Object Repo/New Registration - Registration Module Pages/Form 2/DatePicker Pop Up' is clicked on

2018-12-12 15:53:41 - [MESSAGE][PASSED] - Object: 'Object Repository/Final Object Repo/New Registration - Registration Module Pages/Form 2/DatePicker Pop Up' is clicked on

2018-12-12 15:53:41 - [TEST_STEP][PASSED] - delay: Delayed 2 second(s)

2018-12-12 15:53:43 - [MESSAGE][PASSED] - Delayed 2 second(s)

2018-12-12 15:53:43 - [TEST_STEP][PASSED] - click: Object: 'Object Repository/Final Object Repo/New Registration - Registration Module Pages/Form 2/DOB Month' is clicked on

2018-12-12 15:53:44 - [MESSAGE][PASSED] - Object: 'Object Repository/Final Object Repo/New Registration - Registration Module Pages/Form 2/DOB Month' is clicked on

2018-12-12 15:53:44 - [TEST_STEP][PASSED] - Statement - selectMonth = com.kms.katalon.core.webui.keyword.WebUiBuiltInKeywords.modifyObjectProperty(selectMonth, "xpath", "equals", "//body/div/div/div/select/option[@value="" + CurrentMonth + ""]", true): Modify property of object successfully

2018-12-12 15:53:44 - [MESSAGE][PASSED] - Modify property of object successfully

2018-12-12 15:53:44 - [TEST_STEP][PASSED] - click: Object: '' is clicked on

2018-12-12 15:53:44 - [MESSAGE][PASSED] - Object: '' is clicked on

2018-12-12 15:53:44 - [TEST_STEP][PASSED] - click: Object: 'Object Repository/Final Object Repo/New Registration - Registration Module Pages/Form 2/DOB Year' is clicked on

2018-12-12 15:53:44 - [MESSAGE][PASSED] - Object: 'Object Repository/Final Object Repo/New Registration - Registration Module Pages/Form 2/DOB Year' is clicked on

2018-12-12 15:53:44 - [TEST_STEP][PASSED] - Statement - selectYear = com.kms.katalon.core.webui.keyword.WebUiBuiltInKeywords.modifyObjectProperty(selectYear, "xpath", "equals", "//div/div/div/select/option[@value="" + EighteenYrsBefore + ""]", true): Modify property of object successfully

2018-12-12 15:53:44 - [MESSAGE][PASSED] - Modify property of object successfully

2018-12-12 15:53:44 - [TEST_STEP][PASSED] - click: Object: '' is clicked on

2018-12-12 15:53:44 - [MESSAGE][PASSED] - Object: '' is clicked on

2018-12-12 15:53:44 - [TEST_STEP][PASSED] - Statement - UpdatedSelectDate = com.kms.katalon.core.webui.keyword.WebUiBuiltInKeywords.modifyObjectProperty(com.kms.katalon.core.testobject.ObjectRepository.findTestObject(Final Object Repo/New Registration - Registration Module Pages/Form 2/DOB Date), "xpath", "equals", "//body/div/table/tbody/tr/td/a[text()="" + OneDayBefore + ""]", true): Modify property of object successfully

2018-12-12 15:53:44 - [MESSAGE][PASSED] - Modify property of object successfully

2018-12-12 15:53:44 - [TEST_STEP][PASSED] - click: Object: 'Object Repository/Final Object Repo/New Registration - Registration Module Pages/Form 2/DOB Date' is clicked on

2018-12-12 15:53:44 - [MESSAGE][PASSED] - Object: 'Object Repository/Final Object Repo/New Registration - Registration Module Pages/Form 2/DOB Date' is clicked on

2018-12-12 15:53:44 - [TEST_STEP][PASSED] - delay: Delayed 2 second(s)

2018-12-12 15:53:46 - [MESSAGE][PASSED] - Delayed 2 second(s)

2018-12-12 15:53:46 - [TEST_STEP][PASSED] - click: Object: 'Object Repository/Final Object Repo/New Registration - Registration Module Pages/Form 2/EmploymentStartDate Pop Up' is clicked on

2018-12-12 15:53:46 - [MESSAGE][PASSED] - Object: 'Object Repository/Final Object Repo/New Registration - Registration Module Pages/Form 2/EmploymentStartDate Pop Up' is clicked on

2018-12-12 15:53:46 - [TEST_STEP][PASSED] - delay: Delayed 2 second(s)

2018-12-12 15:53:48 - [MESSAGE][PASSED] - Delayed 2 second(s)

2018-12-12 15:53:48 - [TEST_STEP][PASSED] - click: Object: 'Object Repository/Final Object Repo/New Registration - Registration Module Pages/Form 2/Socso Employment StartDate Month' is clicked on

2018-12-12 15:53:49 - [MESSAGE][PASSED] - Object: 'Object Repository/Final Object Repo/New Registration - Registration Module Pages/Form 2/Socso Employment StartDate Month' is clicked on

2018-12-12 15:53:49 - [TEST_STEP][PASSED] - delay: Delayed 1 second(s)

2018-12-12 15:53:50 - [MESSAGE][PASSED] - Delayed 1 second(s)

2018-12-12 15:53:50 - [TEST_STEP][PASSED] - click: Object: 'Object Repository/Final Object Repo/New Registration - Registration Module Pages/Form 2/Select Socso Employement Startdate Month' is clicked on

2018-12-12 15:53:50 - [MESSAGE][PASSED] - Object: 'Object Repository/Final Object Repo/New Registration - Registration Module Pages/Form 2/Select Socso Employement Startdate Month' is clicked on

2018-12-12 15:53:50 - [TEST_STEP][PASSED] - delay: Delayed 2 second(s)

2018-12-12 15:53:52 - [MESSAGE][PASSED] - Delayed 2 second(s)

2018-12-12 15:53:52 - [TEST_STEP][PASSED] - click: Object: 'Object Repository/Final Object Repo/New Registration - Registration Module Pages/Form 2/Socso Employment StartDate Year' is clicked on

2018-12-12 15:53:52 - [MESSAGE][PASSED] - Object: 'Object Repository/Final Object Repo/New Registration - Registration Module Pages/Form 2/Socso Employment StartDate Year' is clicked on

2018-12-12 15:53:52 - [TEST_STEP][PASSED] - delay: Delayed 1 second(s)

2018-12-12 15:53:53 - [MESSAGE][PASSED] - Delayed 1 second(s)

2018-12-12 15:53:53 - [TEST_STEP][PASSED] - click: Object: 'Object Repository/Final Object Repo/New Registration - Registration Module Pages/Form 2/Select Socso Employment Startdate Year' is clicked on

2018-12-12 15:53:53 - [MESSAGE][PASSED] - Object: 'Object Repository/Final Object Repo/New Registration - Registration Module Pages/Form 2/Select Socso Employment Startdate Year' is clicked on

2018-12-12 15:53:53 - [TEST_STEP][PASSED] - delay: Delayed 2 second(s)

2018-12-12 15:53:55 - [MESSAGE][PASSED] - Delayed 2 second(s)

2018-12-12 15:53:55 - [TEST_STEP][PASSED] - click: Object: 'Object Repository/Final Object Repo/New Registration - Registration Module Pages/Form 2/Socso Employment Start Date Day' is clicked on

2018-12-12 15:53:55 - [MESSAGE][PASSED] - Object: 'Object Repository/Final Object Repo/New Registration - Registration Module Pages/Form 2/Socso Employment Start Date Day' is clicked on

2018-12-12 15:53:55 - [TEST_STEP][PASSED] - delay: Delayed 2 second(s)

2018-12-12 15:53:57 - [MESSAGE][PASSED] - Delayed 2 second(s)

2018-12-12 15:53:57 - [TEST_STEP][PASSED] - click: Object: 'Object Repository/Final Object Repo/New Registration - Registration Module Pages/Form 2/Save Button for Add Employee' is clicked on

2018-12-12 15:53:57 - [MESSAGE][PASSED] - Object: 'Object Repository/Final Object Repo/New Registration - Registration Module Pages/Form 2/Save Button for Add Employee' is clicked on

2018-12-12 15:53:57 - [TEST_STEP][PASSED] - delay: Delayed 6 second(s)

2018-12-12 15:54:03 - [MESSAGE][PASSED] - Delayed 6 second(s)

2018-12-12 15:54:03 - [TEST_STEP][PASSED] - click: Object: 'Object Repository/Final Object Repo/New Registration - Registration Module Pages/Form 2/Add Employee Button' is clicked on

2018-12-12 15:54:04 - [MESSAGE][PASSED] - Object: 'Object Repository/Final Object Repo/New Registration - Registration Module Pages/Form 2/Add Employee Button' is clicked on

2018-12-12 15:54:04 - [TEST_STEP][PASSED] - delay: Delayed 4 second(s)

2018-12-12 15:54:08 - [MESSAGE][PASSED] - Delayed 4 second(s)

2018-12-12 15:54:08 - [TEST_STEP][PASSED] - setText: Text '600203039154' is set on object 'Object Repository/Final Object Repo/New Registration - Registration Module Pages/Form 2/NRIC Input'

2018-12-12 15:54:08 - [MESSAGE][PASSED] - Text '600203039154' is set on object 'Object Repository/Final Object Repo/New Registration - Registration Module Pages/Form 2/NRIC Input'

2018-12-12 15:54:08 - [TEST_STEP][PASSED] - click: Object: 'Object Repository/Final Object Repo/New Registration - Registration Module Pages/Form 2/button for search for IC' is clicked on

2018-12-12 15:54:08 - [MESSAGE][PASSED] - Object: 'Object Repository/Final Object Repo/New Registration - Registration Module Pages/Form 2/button for search for IC' is clicked on

2018-12-12 15:54:08 - [TEST_STEP][PASSED] - delay: Delayed 2 second(s)

2018-12-12 15:54:10 - [MESSAGE][PASSED] - Delayed 2 second(s)

2018-12-12 15:54:10 - [TEST_STEP][PASSED] - setText: Text 'Automate001 not eligible 2' is set on object 'Object Repository/Final Object Repo/New Registration - Registration Module Pages/Form 2/Employee Name Input'

2018-12-12 15:54:11 - [MESSAGE][PASSED] - Text 'Automate001 not eligible 2' is set on object 'Object Repository/Final Object Repo/New Registration - Registration Module Pages/Form 2/Employee Name Input'

2018-12-12 15:54:11 - [TEST_STEP][PASSED] - delay: Delayed 2 second(s)

2018-12-12 15:54:13 - [MESSAGE][PASSED] - Delayed 2 second(s)

2018-12-12 15:54:13 - [TEST_STEP][PASSED] - click: Object: 'Object Repository/Final Object Repo/New Registration - Registration Module Pages/Form 2/DatePicker Pop Up' is clicked on

2018-12-12 15:54:13 - [MESSAGE][PASSED] - Object: 'Object Repository/Final Object Repo/New Registration - Registration Module Pages/Form 2/DatePicker Pop Up' is clicked on

2018-12-12 15:54:13 - [TEST_STEP][PASSED] - delay: Delayed 2 second(s)

2018-12-12 15:54:15 - [MESSAGE][PASSED] - Delayed 2 second(s)

2018-12-12 15:54:15 - [TEST_STEP][PASSED] - click: Object: 'Object Repository/Final Object Repo/New Registration - Registration Module Pages/Form 2/DOB Month' is clicked on

2018-12-12 15:54:15 - [MESSAGE][PASSED] - Object: 'Object Repository/Final Object Repo/New Registration - Registration Module Pages/Form 2/DOB Month' is clicked on

2018-12-12 15:54:15 - [TEST_STEP][PASSED] - Statement - selectMonth = com.kms.katalon.core.webui.keyword.WebUiBuiltInKeywords.modifyObjectProperty(selectMonth, "xpath", "equals", "//body/div/div/div/select/option[@value="" + CurrentMonth + ""]", true): Modify property of object successfully

2018-12-12 15:54:15 - [MESSAGE][PASSED] - Modify property of object successfully

2018-12-12 15:54:15 - [TEST_STEP][PASSED] - click: Object: '' is clicked on

2018-12-12 15:54:15 - [MESSAGE][PASSED] - Object: '' is clicked on

2018-12-12 15:54:15 - [TEST_STEP][PASSED] - click: Object: 'Object Repository/Final Object Repo/New Registration - Registration Module Pages/Form 2/DOB Year' is clicked on

2018-12-12 15:54:15 - [MESSAGE][PASSED] - Object: 'Object Repository/Final Object Repo/New Registration - Registration Module Pages/Form 2/DOB Year' is clicked on

2018-12-12 15:54:15 - [TEST_STEP][PASSED] - Statement - selectYear = com.kms.katalon.core.webui.keyword.WebUiBuiltInKeywords.modifyObjectProperty(selectYear, "xpath", "equals", "//div/div/div/select/option[@value="" + FiftysevenYrsBefore + ""]", true): Modify property of object successfully

2018-12-12 15:54:15 - [MESSAGE][PASSED] - Modify property of object successfully

2018-12-12 15:54:15 - [TEST_STEP][PASSED] - click: Object: '' is clicked on

2018-12-12 15:54:16 - [MESSAGE][PASSED] - Object: '' is clicked on

2018-12-12 15:54:16 - [TEST_STEP][PASSED] - Statement - UpdatedSelectDate = com.kms.katalon.core.webui.keyword.WebUiBuiltInKeywords.modifyObjectProperty(com.kms.katalon.core.testobject.ObjectRepository.findTestObject(Final Object Repo/New Registration - Registration Module Pages/Form 2/DOB Date), "xpath", "equals", "//body/div/table/tbody/tr/td/a[text()="" + CurrentDate + ""]", true): Modify property of object successfully

2018-12-12 15:54:16 - [MESSAGE][PASSED] - Modify property of object successfully

2018-12-12 15:54:16 - [TEST_STEP][PASSED] - click: Object: 'Object Repository/Final Object Repo/New Registration - Registration Module Pages/Form 2/DOB Date' is clicked on

2018-12-12 15:54:16 - [MESSAGE][PASSED] - Object: 'Object Repository/Final Object Repo/New Registration - Registration Module Pages/Form 2/DOB Date' is clicked on

2018-12-12 15:54:16 - [TEST_STEP][PASSED] - click: Object: 'Object Repository/Final Object Repo/New Registration - Registration Module Pages/Form 2/EmploymentStartDate Pop Up' is clicked on

2018-12-12 15:54:16 - [MESSAGE][PASSED] - Object: 'Object Repository/Final Object Repo/New Registration - Registration Module Pages/Form 2/EmploymentStartDate Pop Up' is clicked on

2018-12-12 15:54:16 - [TEST_STEP][PASSED] - delay: Delayed 2 second(s)

2018-12-12 15:54:18 - [MESSAGE][PASSED] - Delayed 2 second(s)

2018-12-12 15:54:18 - [TEST_STEP][PASSED] - click: Object: 'Object Repository/Final Object Repo/New Registration - Registration Module Pages/Form 2/Socso Employment StartDate Month' is clicked on

2018-12-12 15:54:18 - [MESSAGE][PASSED] - Object: 'Object Repository/Final Object Repo/New Registration - Registration Module Pages/Form 2/Socso Employment StartDate Month' is clicked on

2018-12-12 15:54:18 - [TEST_STEP][PASSED] - delay: Delayed 1 second(s)

2018-12-12 15:54:19 - [MESSAGE][PASSED] - Delayed 1 second(s)

2018-12-12 15:54:19 - [TEST_STEP][PASSED] - click: Object: 'Object Repository/Final Object Repo/New Registration - Registration Module Pages/Form 2/Select Socso Employement Startdate Month' is clicked on

2018-12-12 15:54:19 - [MESSAGE][PASSED] - Object: 'Object Repository/Final Object Repo/New Registration - Registration Module Pages/Form 2/Select Socso Employement Startdate Month' is clicked on

2018-12-12 15:54:19 - [TEST_STEP][PASSED] - delay: Delayed 2 second(s)

2018-12-12 15:54:21 - [MESSAGE][PASSED] - Delayed 2 second(s)

2018-12-12 15:54:21 - [TEST_STEP][PASSED] - click: Object: 'Object Repository/Final Object Repo/New Registration - Registration Module Pages/Form 2/Socso Employment StartDate Year' is clicked on

2018-12-12 15:54:21 - [MESSAGE][PASSED] - Object: 'Object Repository/Final Object Repo/New Registration - Registration Module Pages/Form 2/Socso Employment StartDate Year' is clicked on

2018-12-12 15:54:21 - [TEST_STEP][PASSED] - delay: Delayed 1 second(s)

2018-12-12 15:54:22 - [MESSAGE][PASSED] - Delayed 1 second(s)

2018-12-12 15:54:22 - [TEST_STEP][PASSED] - click: Object: 'Object Repository/Final Object Repo/New Registration - Registration Module Pages/Form 2/Select Socso Employment Startdate Year' is clicked on

2018-12-12 15:54:23 - [MESSAGE][PASSED] - Object: 'Object Repository/Final Object Repo/New Registration - Registration Module Pages/Form 2/Select Socso Employment Startdate Year' is clicked on

2018-12-12 15:54:23 - [TEST_STEP][PASSED] - delay: Delayed 2 second(s)

2018-12-12 15:54:25 - [MESSAGE][PASSED] - Delayed 2 second(s)

2018-12-12 15:54:25 - [TEST_STEP][PASSED] - click: Object: 'Object Repository/Final Object Repo/New Registration - Registration Module Pages/Form 2/Socso Employment Start Date Day' is clicked on

2018-12-12 15:54:25 - [MESSAGE][PASSED] - Object: 'Object Repository/Final Object Repo/New Registration - Registration Module Pages/Form 2/Socso Employment Start Date Day' is clicked on

2018-12-12 15:54:25 - [TEST_STEP][PASSED] - delay: Delayed 2 second(s)

2018-12-12 15:54:27 - [MESSAGE][PASSED] - Delayed 2 second(s)

2018-12-12 15:54:27 - [TEST_STEP][PASSED] - click: Object: 'Object Repository/Final Object Repo/New Registration - Registration Module Pages/Form 2/Save Button for Add Employee' is clicked on

2018-12-12 15:54:27 - [MESSAGE][PASSED] - Object: 'Object Repository/Final Object Repo/New Registration - Registration Module Pages/Form 2/Save Button for Add Employee' is clicked on

2018-12-12 15:54:27 - [TEST_STEP][PASSED] - delay: Delayed 2 second(s)

2018-12-12 15:54:29 - [MESSAGE][PASSED] - Delayed 2 second(s)

2018-12-12 15:54:29 - [TEST_STEP][PASSED] - click: Object: 'Object Repository/Final Object Repo/New Registration - Registration Module Pages/Form 2/Save and Continue Form 2' is clicked on

2018-12-12 15:54:29 - [MESSAGE][PASSED] - Object: 'Object Repository/Final Object Repo/New Registration - Registration Module Pages/Form 2/Save and Continue Form 2' is clicked on

2018-12-12 15:54:29 - [MESSAGE][PASSED] - Call Test Case 'Test Cases/Final Aug 2018 - PKS Automation/Registration Module/New Registration/Form 2/Add 2 Eligible 2 Not Eligible' successfully

2018-12-12 15:54:29 - [TEST_STEP][PASSED] - callTestCase: Call Test Case 'Test Cases/Final Aug 2018 - PKS Automation/Registration Module/New Registration/Flow of New Registration/Third Screen - Upload Supporting Doc - Preview' successfully

2018-12-12 15:54:29 - [TEST_CASE][PASSED] - Test Cases/Final Aug 2018 - PKS Automation/Registration Module/New Registration/Flow of New Registration/Third Screen - Upload Supporting Doc - Preview: Test Cases/Final Aug 2018 - PKS Automation/Registration Module/New Registration/Flow of New Registration/Third Screen - Upload Supporting Doc - Preview

2018-12-12 15:54:29 - [TEST_STEP][PASSED] - waitForPageLoad: Wait for page load successfully

2018-12-12 15:54:30 - [MESSAGE][PASSED] - Wait for page load successfully

2018-12-12 15:54:30 - [TEST_STEP][PASSED] - Statement - CaseReferenceNo = com.kms.katalon.core.webui.keyword.WebUiBuiltInKeywords.getText(com.kms.katalon.core.testobject.ObjectRepository.findTestObject(Final Object Repo/New Registration - Registration Module Pages/Third Screen - Upload Supporting Doc- Preview/RefNo Acquiring)): Text of object 'Object Repository/Final Object Repo/New Registration - Registration Module Pages/Third Screen - Upload Supporting Doc- Preview/RefNo Acquiring' is: 'CRN12201800123209'

2018-12-12 15:54:30 - [MESSAGE][PASSED] - Text of object 'Object Repository/Final Object Repo/New Registration - Registration Module Pages/Third Screen - Upload Supporting Doc- Preview/RefNo Acquiring' is: 'CRN12201800123209'

2018-12-12 15:54:30 - [TEST_STEP][PASSED] - delay: Delayed 2 second(s)

2018-12-12 15:54:32 - [MESSAGE][PASSED] - Delayed 2 second(s)

2018-12-12 15:54:32 - [TEST_STEP][PASSED] - callTestCase: Call Test Case 'Test Cases/Final Aug 2018 - PKS Automation/Common/Reference Number Setter' successfully

2018-12-12 15:54:32 - [TEST_CASE][PASSED] - Test Cases/Final Aug 2018 - PKS Automation/Common/Reference Number Setter: Test Cases/Final Aug 2018 - PKS Automation/Common/Reference Number Setter

2018-12-12 15:54:32 - [TEST_STEP][PASSED] - Statement - RefNoOldFile = new java.io.File(C://Users//Admin//Desktop//PKS//Automation Reference Point//KatalonReference.txt): null

2018-12-12 15:54:32 - [TEST_STEP][PASSED] - Statement - RefNoOldFile.delete(): null

2018-12-12 15:54:32 - [TEST_STEP][PASSED] - delay: Delayed 5 second(s)

2018-12-12 15:54:37 - [MESSAGE][PASSED] - Delayed 5 second(s)

2018-12-12 15:54:37 - [TEST_STEP][PASSED] - Statement - RefNo = new java.io.File(C://Users//Admin//Desktop//PKS//Automation Reference Point//KatalonReference.txt): null

2018-12-12 15:54:37 - [TEST_STEP][PASSED] - Statement - f2 = new java.io.FileWriter(RefNo, false): null

2018-12-12 15:54:37 - [TEST_STEP][PASSED] - Statement - f2.write(CaseReferenceNo): null

2018-12-12 15:54:37 - [TEST_STEP][PASSED] - Statement - f2.close(): null

2018-12-12 15:54:37 - [TEST_STEP][PASSED] - Statement - out.println("


" + CaseReferenceNo + "


"): null

2018-12-12 15:54:37 - [MESSAGE][PASSED] - Call Test Case 'Test Cases/Final Aug 2018 - PKS Automation/Common/Reference Number Setter' successfully

2018-12-12 15:54:37 - [TEST_STEP][PASSED] - waitForElementClickable: Object 'Object Repository/Final Object Repo/New Registration - Registration Module Pages/Third Screen - Upload Supporting Doc- Preview/Save n Continue in SIP Employee Listing Page' is clickable

2018-12-12 15:54:37 - [MESSAGE][PASSED] - Object 'Object Repository/Final Object Repo/New Registration - Registration Module Pages/Third Screen - Upload Supporting Doc- Preview/Save n Continue in SIP Employee Listing Page' is clickable

2018-12-12 15:54:37 - [TEST_STEP][PASSED] - click: Object: 'Object Repository/Final Object Repo/New Registration - Registration Module Pages/Third Screen - Upload Supporting Doc- Preview/Save n Continue in SIP Employee Listing Page' is clicked on

2018-12-12 15:54:42 - [MESSAGE][PASSED] - Object: 'Object Repository/Final Object Repo/New Registration - Registration Module Pages/Third Screen - Upload Supporting Doc- Preview/Save n Continue in SIP Employee Listing Page' is clicked on

2018-12-12 15:54:42 - [TEST_STEP][PASSED] - delay: Delayed 7 second(s)

2018-12-12 15:54:49 - [MESSAGE][PASSED] - Delayed 7 second(s)

2018-12-12 15:54:49 - [TEST_STEP][PASSED] - click: Object: 'Object Repository/Final Object Repo/New Registration - Registration Module Pages/Third Screen - Upload Supporting Doc- Preview/Add Document Button' is clicked on

2018-12-12 15:54:50 - [MESSAGE][PASSED] - Object: 'Object Repository/Final Object Repo/New Registration - Registration Module Pages/Third Screen - Upload Supporting Doc- Preview/Add Document Button' is clicked on

2018-12-12 15:54:50 - [TEST_STEP][PASSED] - delay: Delayed 30 second(s)

2018-12-12 15:55:20 - [MESSAGE][PASSED] - Delayed 30 second(s)

2018-12-12 15:55:20 - [TEST_STEP][PASSED] - click: Object: 'Object Repository/Final Object Repo/New Registration - Registration Module Pages/Third Screen - Upload Supporting Doc- Preview/Supporting Doc Please Select Drop Down' is clicked on

2018-12-12 15:55:20 - [MESSAGE][PASSED] - Object: 'Object Repository/Final Object Repo/New Registration - Registration Module Pages/Third Screen - Upload Supporting Doc- Preview/Supporting Doc Please Select Drop Down' is clicked on

2018-12-12 15:55:20 - [TEST_STEP][PASSED] - delay: Delayed 2 second(s)

2018-12-12 15:55:22 - [MESSAGE][PASSED] - Delayed 2 second(s)

2018-12-12 15:55:22 - [TEST_STEP][PASSED] - click: Object: 'Object Repository/Final Object Repo/New Registration - Registration Module Pages/Third Screen - Upload Supporting Doc- Preview/Select to Upload Form 1' is clicked on

2018-12-12 15:55:22 - [MESSAGE][PASSED] - Object: 'Object Repository/Final Object Repo/New Registration - Registration Module Pages/Third Screen - Upload Supporting Doc- Preview/Select to Upload Form 1' is clicked on

2018-12-12 15:55:22 - [TEST_STEP][PASSED] - delay: Delayed 2 second(s)

2018-12-12 15:55:24 - [MESSAGE][PASSED] - Delayed 2 second(s)

2018-12-12 15:55:24 - [TEST_STEP][PASSED] - uploadFile: File 'C:\Users\Public\Pictures\Sample Pictures\Koala.jpg' sent to object: 'Object Repository/Final Object Repo/New Registration - Registration Module Pages/Third Screen - Upload Supporting Doc- Preview/Upload File Adding'

2018-12-12 15:55:24 - [MESSAGE][PASSED] - File 'C:\Users\Public\Pictures\Sample Pictures\Koala.jpg' sent to object: 'Object Repository/Final Object Repo/New Registration - Registration Module Pages/Third Screen - Upload Supporting Doc- Preview/Upload File Adding'

2018-12-12 15:55:24 - [TEST_STEP][PASSED] - delay: Delayed 5 second(s)

2018-12-12 15:55:29 - [MESSAGE][PASSED] - Delayed 5 second(s)

2018-12-12 15:55:29 - [TEST_STEP][PASSED] - click: Object: 'Object Repository/Final Object Repo/New Registration - Registration Module Pages/Third Screen - Upload Supporting Doc- Preview/Inner Form Add Document Button' is clicked on

2018-12-12 15:55:29 - [MESSAGE][PASSED] - Object: 'Object Repository/Final Object Repo/New Registration - Registration Module Pages/Third Screen - Upload Supporting Doc- Preview/Inner Form Add Document Button' is clicked on

2018-12-12 15:55:29 - [TEST_STEP][PASSED] - delay: Delayed 3 second(s)

2018-12-12 15:55:32 - [MESSAGE][PASSED] - Delayed 3 second(s)

2018-12-12 15:55:32 - [TEST_STEP][PASSED] - click: Object: 'Object Repository/Final Object Repo/New Registration - Registration Module Pages/Third Screen - Upload Supporting Doc- Preview/Add Document Button' is clicked on

2018-12-12 15:55:33 - [MESSAGE][PASSED] - Object: 'Object Repository/Final Object Repo/New Registration - Registration Module Pages/Third Screen - Upload Supporting Doc- Preview/Add Document Button' is clicked on

2018-12-12 15:55:33 - [TEST_STEP][PASSED] - delay: Delayed 30 second(s)

2018-12-12 15:56:03 - [MESSAGE][PASSED] - Delayed 30 second(s)

2018-12-12 15:56:03 - [TEST_STEP][PASSED] - click: Object: 'Object Repository/Final Object Repo/New Registration - Registration Module Pages/Third Screen - Upload Supporting Doc- Preview/Supporting Doc Please Select Drop Down' is clicked on

2018-12-12 15:56:04 - [MESSAGE][PASSED] - Object: 'Object Repository/Final Object Repo/New Registration - Registration Module Pages/Third Screen - Upload Supporting Doc- Preview/Supporting Doc Please Select Drop Down' is clicked on

2018-12-12 15:56:04 - [TEST_STEP][PASSED] - delay: Delayed 4 second(s)

2018-12-12 15:56:08 - [MESSAGE][PASSED] - Delayed 4 second(s)

2018-12-12 15:56:08 - [TEST_STEP][PASSED] - click: Object: 'Object Repository/Final Object Repo/New Registration - Registration Module Pages/Third Screen - Upload Supporting Doc- Preview/Select to Upload Form 2' is clicked on

2018-12-12 15:56:08 - [MESSAGE][PASSED] - Object: 'Object Repository/Final Object Repo/New Registration - Registration Module Pages/Third Screen - Upload Supporting Doc- Preview/Select to Upload Form 2' is clicked on

2018-12-12 15:56:08 - [TEST_STEP][PASSED] - delay: Delayed 2 second(s)

2018-12-12 15:56:10 - [MESSAGE][PASSED] - Delayed 2 second(s)

2018-12-12 15:56:10 - [TEST_STEP][PASSED] - uploadFile: File 'C:\Users\Public\Pictures\Sample Pictures\Koala.jpg' sent to object: 'Object Repository/Final Object Repo/New Registration - Registration Module Pages/Third Screen - Upload Supporting Doc- Preview/Upload File Adding'

2018-12-12 15:56:10 - [MESSAGE][PASSED] - File 'C:\Users\Public\Pictures\Sample Pictures\Koala.jpg' sent to object: 'Object Repository/Final Object Repo/New Registration - Registration Module Pages/Third Screen - Upload Supporting Doc- Preview/Upload File Adding'

2018-12-12 15:56:10 - [TEST_STEP][PASSED] - click: Object: 'Object Repository/Final Object Repo/New Registration - Registration Module Pages/Third Screen - Upload Supporting Doc- Preview/Inner Form Add Document Button' is clicked on

2018-12-12 15:56:10 - [MESSAGE][PASSED] - Object: 'Object Repository/Final Object Repo/New Registration - Registration Module Pages/Third Screen - Upload Supporting Doc- Preview/Inner Form Add Document Button' is clicked on

2018-12-12 15:56:10 - [TEST_STEP][PASSED] - delay: Delayed 5 second(s)

2018-12-12 15:56:15 - [MESSAGE][PASSED] - Delayed 5 second(s)

2018-12-12 15:56:15 - [TEST_STEP][PASSED] - click: Object: 'Object Repository/Final Object Repo/New Registration - Registration Module Pages/Third Screen - Upload Supporting Doc- Preview/Add Document Button' is clicked on

2018-12-12 15:56:15 - [MESSAGE][PASSED] - Object: 'Object Repository/Final Object Repo/New Registration - Registration Module Pages/Third Screen - Upload Supporting Doc- Preview/Add Document Button' is clicked on

2018-12-12 15:56:15 - [TEST_STEP][PASSED] - delay: Delayed 30 second(s)

2018-12-12 15:56:45 - [MESSAGE][PASSED] - Delayed 30 second(s)

2018-12-12 15:56:45 - [TEST_STEP][PASSED] - click: Object: 'Object Repository/Final Object Repo/New Registration - Registration Module Pages/Third Screen - Upload Supporting Doc- Preview/Supporting Doc Please Select Drop Down' is clicked on

2018-12-12 15:56:45 - [MESSAGE][PASSED] - Object: 'Object Repository/Final Object Repo/New Registration - Registration Module Pages/Third Screen - Upload Supporting Doc- Preview/Supporting Doc Please Select Drop Down' is clicked on

2018-12-12 15:56:45 - [TEST_STEP][PASSED] - click: Object: 'Object Repository/Final Object Repo/New Registration - Registration Module Pages/Third Screen - Upload Supporting Doc- Preview/Select to Upload Borang SIP 1' is clicked on

2018-12-12 15:56:46 - [MESSAGE][PASSED] - Object: 'Object Repository/Final Object Repo/New Registration - Registration Module Pages/Third Screen - Upload Supporting Doc- Preview/Select to Upload Borang SIP 1' is clicked on

2018-12-12 15:56:46 - [TEST_STEP][PASSED] - delay: Delayed 2 second(s)

2018-12-12 15:56:48 - [MESSAGE][PASSED] - Delayed 2 second(s)

2018-12-12 15:56:48 - [TEST_STEP][PASSED] - uploadFile: File 'C:\Users\Public\Pictures\Sample Pictures\Koala.jpg' sent to object: 'Object Repository/Final Object Repo/New Registration - Registration Module Pages/Third Screen - Upload Supporting Doc- Preview/Upload File Adding'

2018-12-12 15:56:48 - [MESSAGE][PASSED] - File 'C:\Users\Public\Pictures\Sample Pictures\Koala.jpg' sent to object: 'Object Repository/Final Object Repo/New Registration - Registration Module Pages/Third Screen - Upload Supporting Doc- Preview/Upload File Adding'

2018-12-12 15:56:48 - [TEST_STEP][PASSED] - click: Object: 'Object Repository/Final Object Repo/New Registration - Registration Module Pages/Third Screen - Upload Supporting Doc- Preview/Inner Form Add Document Button' is clicked on

2018-12-12 15:56:48 - [MESSAGE][PASSED] - Object: 'Object Repository/Final Object Repo/New Registration - Registration Module Pages/Third Screen - Upload Supporting Doc- Preview/Inner Form Add Document Button' is clicked on

2018-12-12 15:56:48 - [TEST_STEP][PASSED] - delay: Delayed 5 second(s)

2018-12-12 15:56:53 - [MESSAGE][PASSED] - Delayed 5 second(s)

2018-12-12 15:56:53 - [TEST_STEP][PASSED] - click: Object: 'Object Repository/Final Object Repo/New Registration - Registration Module Pages/Third Screen - Upload Supporting Doc- Preview/Add Document Button' is clicked on

2018-12-12 15:56:53 - [MESSAGE][PASSED] - Object: 'Object Repository/Final Object Repo/New Registration - Registration Module Pages/Third Screen - Upload Supporting Doc- Preview/Add Document Button' is clicked on

2018-12-12 15:56:53 - [TEST_STEP][PASSED] - delay: Delayed 30 second(s)

2018-12-12 15:57:23 - [MESSAGE][PASSED] - Delayed 30 second(s)

2018-12-12 15:57:23 - [TEST_STEP][PASSED] - click: Object: 'Object Repository/Final Object Repo/New Registration - Registration Module Pages/Third Screen - Upload Supporting Doc- Preview/Supporting Doc Please Select Drop Down' is clicked on

2018-12-12 15:57:23 - [MESSAGE][PASSED] - Object: 'Object Repository/Final Object Repo/New Registration - Registration Module Pages/Third Screen - Upload Supporting Doc- Preview/Supporting Doc Please Select Drop Down' is clicked on

2018-12-12 15:57:23 - [TEST_STEP][PASSED] - delay: Delayed 3 second(s)

2018-12-12 15:57:26 - [MESSAGE][PASSED] - Delayed 3 second(s)

2018-12-12 15:57:26 - [TEST_STEP][PASSED] - click: Object: 'Object Repository/Final Object Repo/New Registration - Registration Module Pages/Third Screen - Upload Supporting Doc- Preview/Select to Upload Borang SIP 2' is clicked on

2018-12-12 15:57:26 - [MESSAGE][PASSED] - Object: 'Object Repository/Final Object Repo/New Registration - Registration Module Pages/Third Screen - Upload Supporting Doc- Preview/Select to Upload Borang SIP 2' is clicked on

2018-12-12 15:57:26 - [TEST_STEP][PASSED] - delay: Delayed 2 second(s)

2018-12-12 15:57:28 - [MESSAGE][PASSED] - Delayed 2 second(s)

2018-12-12 15:57:28 - [TEST_STEP][PASSED] - uploadFile: File 'C:\Users\Public\Pictures\Sample Pictures\Koala.jpg' sent to object: 'Object Repository/Final Object Repo/New Registration - Registration Module Pages/Third Screen - Upload Supporting Doc- Preview/Upload File Adding'

2018-12-12 15:57:29 - [MESSAGE][PASSED] - File 'C:\Users\Public\Pictures\Sample Pictures\Koala.jpg' sent to object: 'Object Repository/Final Object Repo/New Registration - Registration Module Pages/Third Screen - Upload Supporting Doc- Preview/Upload File Adding'

2018-12-12 15:57:29 - [TEST_STEP][PASSED] - delay: Delayed 5 second(s)

2018-12-12 15:57:34 - [MESSAGE][PASSED] - Delayed 5 second(s)

2018-12-12 15:57:34 - [TEST_STEP][PASSED] - click: Object: 'Object Repository/Final Object Repo/New Registration - Registration Module Pages/Third Screen - Upload Supporting Doc- Preview/Inner Form Add Document Button' is clicked on

2018-12-12 15:57:34 - [MESSAGE][PASSED] - Object: 'Object Repository/Final Object Repo/New Registration - Registration Module Pages/Third Screen - Upload Supporting Doc- Preview/Inner Form Add Document Button' is clicked on

2018-12-12 15:57:34 - [TEST_STEP][PASSED] - delay: Delayed 3 second(s)

2018-12-12 15:57:37 - [MESSAGE][PASSED] - Delayed 3 second(s)

2018-12-12 15:57:37 - [TEST_STEP][PASSED] - waitForElementClickable: Object 'Object Repository/Final Object Repo/New Registration - Registration Module Pages/Third Screen - Upload Supporting Doc- Preview/Save n Continue in Uploading Supporting Doc Page' is clickable

2018-12-12 15:57:38 - [MESSAGE][PASSED] - Object 'Object Repository/Final Object Repo/New Registration - Registration Module Pages/Third Screen - Upload Supporting Doc- Preview/Save n Continue in Uploading Supporting Doc Page' is clickable

2018-12-12 15:57:38 - [TEST_STEP][PASSED] - click: Object: 'Object Repository/Final Object Repo/New Registration - Registration Module Pages/Third Screen - Upload Supporting Doc- Preview/Save n Continue in Uploading Supporting Doc Page' is clicked on

2018-12-12 15:57:42 - [MESSAGE][PASSED] - Object: 'Object Repository/Final Object Repo/New Registration - Registration Module Pages/Third Screen - Upload Supporting Doc- Preview/Save n Continue in Uploading Supporting Doc Page' is clicked on

2018-12-12 15:57:42 - [MESSAGE][PASSED] - Call Test Case 'Test Cases/Final Aug 2018 - PKS Automation/Registration Module/New Registration/Flow of New Registration/Third Screen - Upload Supporting Doc - Preview' successfully

2018-12-12 15:57:42 - [TEST_STEP][PASSED] - callTestCase: Call Test Case 'Test Cases/Final Aug 2018 - PKS Automation/Registration Module/New Registration/Submit and Screenshot/Submit Registration and Screenshot' successfully

2018-12-12 15:57:43 - [TEST_CASE][PASSED] - Test Cases/Final Aug 2018 - PKS Automation/Registration Module/New Registration/Submit and Screenshot/Submit Registration and Screenshot: Test Cases/Final Aug 2018 - PKS Automation/Registration Module/New Registration/Submit and Screenshot/Submit Registration and Screenshot

2018-12-12 15:57:43 - [TEST_STEP][PASSED] - delay: Delayed 6 second(s)

2018-12-12 15:57:49 - [MESSAGE][PASSED] - Delayed 6 second(s)

2018-12-12 15:57:49 - [TEST_STEP][PASSED] - click: Object: 'Object Repository/Final Object Repo/New Registration - Registration Module Pages/Third Screen - Upload Supporting Doc- Preview/Preview Submit Button' is clicked on

2018-12-12 15:57:49 - [MESSAGE][PASSED] - Object: 'Object Repository/Final Object Repo/New Registration - Registration Module Pages/Third Screen - Upload Supporting Doc- Preview/Preview Submit Button' is clicked on

2018-12-12 15:57:49 - [TEST_STEP][PASSED] - delay: Delayed 2 second(s)

2018-12-12 15:57:51 - [MESSAGE][PASSED] - Delayed 2 second(s)

2018-12-12 15:57:51 - [TEST_STEP][PASSED] - click: Object: 'Object Repository/Final Object Repo/New Registration - Registration Module Pages/Third Screen - Upload Supporting Doc- Preview/Preview Submit - Confirm' is clicked on

2018-12-12 15:57:51 - [MESSAGE][PASSED] - Object: 'Object Repository/Final Object Repo/New Registration - Registration Module Pages/Third Screen - Upload Supporting Doc- Preview/Preview Submit - Confirm' is clicked on

2018-12-12 15:57:51 - [TEST_STEP][PASSED] - delay: Delayed 15 second(s)

2018-12-12 15:58:06 - [MESSAGE][PASSED] - Delayed 15 second(s)

2018-12-12 15:58:06 - [TEST_STEP][PASSED] - Statement - driver = com.kms.katalon.core.webui.driver.DriverFactory.getWebDriver(): null

2018-12-12 15:58:06 - [TEST_STEP][PASSED] - Statement - driver.manage().timeouts().implicitlyWait(10, SECONDS): null

2018-12-12 15:58:06 - [TEST_STEP][PASSED] - Statement - PresavePath = KatalonScreenshots: null

2018-12-12 15:58:06 - [TEST_STEP][PASSED] - Statement - pathPrefix = "C:\Users\Public\Pictures\Sample Pictures\Katalon Screenshots\Automate Ending Screen": null

2018-12-12 15:58:06 - [TEST_STEP][PASSED] - Statement - finalPath = <not implemented yet for class: org.codehaus.groovy.ast.expr.EmptyExpression>: null

2018-12-12 15:58:06 - [TEST_STEP][PASSED] - Statement - scrFile = driver.getScreenshotAs(FILE): null

2018-12-12 15:58:07 - [TEST_STEP][PASSED] - Statement - PreSaveFile = new java.io.File(PresavePath): null

2018-12-12 15:58:07 - [TEST_STEP][PASSED] - Statement - counter = 0: null

2018-12-12 15:58:07 - [TEST_STEP][PASSED] - Statement - If (PreSaveFile.exists()): null

2018-12-12 15:58:07 - [TEST_STEP][PASSED] - Statement - While (PreSaveFile.exists()): null

2018-12-12 15:58:07 - [TEST_STEP][PASSED] - Statement - counter = counter + 1: null

2018-12-12 15:58:07 - [TEST_STEP][PASSED] - Statement - PreSaveFile = new java.io.File(((pathPrefix + java.lang.Integer.toString(counter)) + .png)): null

2018-12-12 15:58:07 - [TEST_STEP][PASSED] - Statement - counter = counter + 1: null

2018-12-12 15:58:07 - [TEST_STEP][PASSED] - Statement - PreSaveFile = new java.io.File(((pathPrefix + java.lang.Integer.toString(counter)) + .png)): null

2018-12-12 15:58:07 - [TEST_STEP][PASSED] - Statement - counter = counter + 1: null

2018-12-12 15:58:07 - [TEST_STEP][PASSED] - Statement - PreSaveFile = new java.io.File(((pathPrefix + java.lang.Integer.toString(counter)) + .png)): null

2018-12-12 15:58:07 - [TEST_STEP][PASSED] - Statement - counter = counter + 1: null

2018-12-12 15:58:07 - [TEST_STEP][PASSED] - Statement - PreSaveFile = new java.io.File(((pathPrefix + java.lang.Integer.toString(counter)) + .png)): null

2018-12-12 15:58:07 - [TEST_STEP][PASSED] - Statement - counter = counter + 1: null

2018-12-12 15:58:07 - [TEST_STEP][PASSED] - Statement - PreSaveFile = new java.io.File(((pathPrefix + java.lang.Integer.toString(counter)) + .png)): null

2018-12-12 15:58:07 - [TEST_STEP][PASSED] - Statement - counter = counter + 1: null

2018-12-12 15:58:07 - [TEST_STEP][PASSED] - Statement - PreSaveFile = new java.io.File(((pathPrefix + java.lang.Integer.toString(counter)) + .png)): null

2018-12-12 15:58:07 - [TEST_STEP][PASSED] - Statement - counter = counter + 1: null

2018-12-12 15:58:07 - [TEST_STEP][PASSED] - Statement - PreSaveFile = new java.io.File(((pathPrefix + java.lang.Integer.toString(counter)) + .png)): null

2018-12-12 15:58:07 - [TEST_STEP][PASSED] - Statement - counter = counter + 1: null

2018-12-12 15:58:07 - [TEST_STEP][PASSED] - Statement - PreSaveFile = new java.io.File(((pathPrefix + java.lang.Integer.toString(counter)) + .png)): null

2018-12-12 15:58:07 - [TEST_STEP][PASSED] - Statement - counter = counter + 1: null

2018-12-12 15:58:07 - [TEST_STEP][PASSED] - Statement - PreSaveFile = new java.io.File(((pathPrefix + java.lang.Integer.toString(counter)) + .png)): null

2018-12-12 15:58:07 - [TEST_STEP][PASSED] - Statement - counter = counter + 1: null

2018-12-12 15:58:07 - [TEST_STEP][PASSED] - Statement - PreSaveFile = new java.io.File(((pathPrefix + java.lang.Integer.toString(counter)) + .png)): null

2018-12-12 15:58:07 - [TEST_STEP][PASSED] - Statement - counter = counter + 1: null

2018-12-12 15:58:07 - [TEST_STEP][PASSED] - Statement - PreSaveFile = new java.io.File(((pathPrefix + java.lang.Integer.toString(counter)) + .png)): null

2018-12-12 15:58:07 - [TEST_STEP][PASSED] - Statement - counter = counter + 1: null

2018-12-12 15:58:07 - [TEST_STEP][PASSED] - Statement - PreSaveFile = new java.io.File(((pathPrefix + java.lang.Integer.toString(counter)) + .png)): null

2018-12-12 15:58:07 - [TEST_STEP][PASSED] - Statement - counter = counter + 1: null

2018-12-12 15:58:07 - [TEST_STEP][PASSED] - Statement - PreSaveFile = new java.io.File(((pathPrefix + java.lang.Integer.toString(counter)) + .png)): null

2018-12-12 15:58:07 - [TEST_STEP][PASSED] - Statement - counter = counter + 1: null

2018-12-12 15:58:07 - [TEST_STEP][PASSED] - Statement - PreSaveFile = new java.io.File(((pathPrefix + java.lang.Integer.toString(counter)) + .png)): null

2018-12-12 15:58:07 - [TEST_STEP][PASSED] - Statement - counter = counter + 1: null

2018-12-12 15:58:07 - [TEST_STEP][PASSED] - Statement - PreSaveFile = new java.io.File(((pathPrefix + java.lang.Integer.toString(counter)) + .png)): null

2018-12-12 15:58:07 - [TEST_STEP][PASSED] - Statement - counter = counter + 1: null

2018-12-12 15:58:07 - [TEST_STEP][PASSED] - Statement - PreSaveFile = new java.io.File(((pathPrefix + java.lang.Integer.toString(counter)) + .png)): null

2018-12-12 15:58:07 - [TEST_STEP][PASSED] - Statement - counter = counter + 1: null

2018-12-12 15:58:07 - [TEST_STEP][PASSED] - Statement - PreSaveFile = new java.io.File(((pathPrefix + java.lang.Integer.toString(counter)) + .png)): null

2018-12-12 15:58:07 - [TEST_STEP][PASSED] - Statement - counter = counter + 1: null

2018-12-12 15:58:07 - [TEST_STEP][PASSED] - Statement - PreSaveFile = new java.io.File(((pathPrefix + java.lang.Integer.toString(counter)) + .png)): null

2018-12-12 15:58:07 - [TEST_STEP][PASSED] - Statement - counter = counter + 1: null

2018-12-12 15:58:07 - [TEST_STEP][PASSED] - Statement - PreSaveFile = new java.io.File(((pathPrefix + java.lang.Integer.toString(counter)) + .png)): null

2018-12-12 15:58:07 - [TEST_STEP][PASSED] - Statement - counter = counter + 1: null

2018-12-12 15:58:07 - [TEST_STEP][PASSED] - Statement - PreSaveFile = new java.io.File(((pathPrefix + java.lang.Integer.toString(counter)) + .png)): null

2018-12-12 15:58:07 - [TEST_STEP][PASSED] - Statement - counter = counter + 1: null

2018-12-12 15:58:07 - [TEST_STEP][PASSED] - Statement - PreSaveFile = new java.io.File(((pathPrefix + java.lang.Integer.toString(counter)) + .png)): null

2018-12-12 15:58:07 - [TEST_STEP][PASSED] - Statement - counter = counter + 1: null

2018-12-12 15:58:07 - [TEST_STEP][PASSED] - Statement - PreSaveFile = new java.io.File(((pathPrefix + java.lang.Integer.toString(counter)) + .png)): null

2018-12-12 15:58:07 - [TEST_STEP][PASSED] - Statement - counter = counter + 1: null

2018-12-12 15:58:07 - [TEST_STEP][PASSED] - Statement - PreSaveFile = new java.io.File(((pathPrefix + java.lang.Integer.toString(counter)) + .png)): null

2018-12-12 15:58:07 - [TEST_STEP][PASSED] - Statement - counter = counter + 1: null

2018-12-12 15:58:07 - [TEST_STEP][PASSED] - Statement - PreSaveFile = new java.io.File(((pathPrefix + java.lang.Integer.toString(counter)) + .png)): null

2018-12-12 15:58:07 - [TEST_STEP][PASSED] - Statement - counter = counter + 1: null

2018-12-12 15:58:07 - [TEST_STEP][PASSED] - Statement - PreSaveFile = new java.io.File(((pathPrefix + java.lang.Integer.toString(counter)) + .png)): null

2018-12-12 15:58:07 - [TEST_STEP][PASSED] - Statement - counter = counter + 1: null

2018-12-12 15:58:07 - [TEST_STEP][PASSED] - Statement - PreSaveFile = new java.io.File(((pathPrefix + java.lang.Integer.toString(counter)) + .png)): null

2018-12-12 15:58:07 - [TEST_STEP][PASSED] - Statement - counter = counter + 1: null

2018-12-12 15:58:07 - [TEST_STEP][PASSED] - Statement - PreSaveFile = new java.io.File(((pathPrefix + java.lang.Integer.toString(counter)) + .png)): null

2018-12-12 15:58:07 - [TEST_STEP][PASSED] - Statement - counter = counter + 1: null

2018-12-12 15:58:07 - [TEST_STEP][PASSED] - Statement - PreSaveFile = new java.io.File(((pathPrefix + java.lang.Integer.toString(counter)) + .png)): null

2018-12-12 15:58:07 - [TEST_STEP][PASSED] - Statement - counter = counter + 1: null

2018-12-12 15:58:07 - [TEST_STEP][PASSED] - Statement - PreSaveFile = new java.io.File(((pathPrefix + java.lang.Integer.toString(counter)) + .png)): null

2018-12-12 15:58:07 - [TEST_STEP][PASSED] - Statement - counter = counter + 1: null

2018-12-12 15:58:07 - [TEST_STEP][PASSED] - Statement - PreSaveFile = new java.io.File(((pathPrefix + java.lang.Integer.toString(counter)) + .png)): null

2018-12-12 15:58:07 - [TEST_STEP][PASSED] - Statement - counter = counter + 1: null

2018-12-12 15:58:07 - [TEST_STEP][PASSED] - Statement - PreSaveFile = new java.io.File(((pathPrefix + java.lang.Integer.toString(counter)) + .png)): null

2018-12-12 15:58:07 - [TEST_STEP][PASSED] - Statement - counter = counter + 1: null

2018-12-12 15:58:07 - [TEST_STEP][PASSED] - Statement - PreSaveFile = new java.io.File(((pathPrefix + java.lang.Integer.toString(counter)) + .png)): null

2018-12-12 15:58:07 - [TEST_STEP][PASSED] - Statement - counter = counter + 1: null

2018-12-12 15:58:07 - [TEST_STEP][PASSED] - Statement - PreSaveFile = new java.io.File(((pathPrefix + java.lang.Integer.toString(counter)) + .png)): null

2018-12-12 15:58:07 - [TEST_STEP][PASSED] - Statement - counter = counter + 1: null

2018-12-12 15:58:07 - [TEST_STEP][PASSED] - Statement - PreSaveFile = new java.io.File(((pathPrefix + java.lang.Integer.toString(counter)) + .png)): null

2018-12-12 15:58:07 - [TEST_STEP][PASSED] - Statement - counter = counter + 1: null

2018-12-12 15:58:07 - [TEST_STEP][PASSED] - Statement - PreSaveFile = new java.io.File(((pathPrefix + java.lang.Integer.toString(counter)) + .png)): null

2018-12-12 15:58:07 - [TEST_STEP][PASSED] - Statement - counter = counter + 1: null

2018-12-12 15:58:07 - [TEST_STEP][PASSED] - Statement - PreSaveFile = new java.io.File(((pathPrefix + java.lang.Integer.toString(counter)) + .png)): null

2018-12-12 15:58:07 - [TEST_STEP][PASSED] - Statement - counter = counter + 1: null

2018-12-12 15:58:07 - [TEST_STEP][PASSED] - Statement - PreSaveFile = new java.io.File(((pathPrefix + java.lang.Integer.toString(counter)) + .png)): null

2018-12-12 15:58:07 - [TEST_STEP][PASSED] - Statement - counter = counter + 1: null

2018-12-12 15:58:07 - [TEST_STEP][PASSED] - Statement - PreSaveFile = new java.io.File(((pathPrefix + java.lang.Integer.toString(counter)) + .png)): null

2018-12-12 15:58:07 - [TEST_STEP][PASSED] - Statement - counter = counter + 1: null

2018-12-12 15:58:07 - [TEST_STEP][PASSED] - Statement - PreSaveFile = new java.io.File(((pathPrefix + java.lang.Integer.toString(counter)) + .png)): null

2018-12-12 15:58:07 - [TEST_STEP][PASSED] - Statement - counter = counter + 1: null

2018-12-12 15:58:07 - [TEST_STEP][PASSED] - Statement - PreSaveFile = new java.io.File(((pathPrefix + java.lang.Integer.toString(counter)) + .png)): null

2018-12-12 15:58:07 - [TEST_STEP][PASSED] - Statement - counter = counter + 1: null

2018-12-12 15:58:07 - [TEST_STEP][PASSED] - Statement - PreSaveFile = new java.io.File(((pathPrefix + java.lang.Integer.toString(counter)) + .png)): null

2018-12-12 15:58:07 - [TEST_STEP][PASSED] - Statement - counter = counter + 1: null

2018-12-12 15:58:07 - [TEST_STEP][PASSED] - Statement - PreSaveFile = new java.io.File(((pathPrefix + java.lang.Integer.toString(counter)) + .png)): null

2018-12-12 15:58:07 - [TEST_STEP][PASSED] - Statement - counter = counter + 1: null

2018-12-12 15:58:07 - [TEST_STEP][PASSED] - Statement - PreSaveFile = new java.io.File(((pathPrefix + java.lang.Integer.toString(counter)) + .png)): null

2018-12-12 15:58:07 - [TEST_STEP][PASSED] - Statement - counter = counter + 1: null

2018-12-12 15:58:07 - [TEST_STEP][PASSED] - Statement - PreSaveFile = new java.io.File(((pathPrefix + java.lang.Integer.toString(counter)) + .png)): null

2018-12-12 15:58:07 - [TEST_STEP][PASSED] - Statement - counter = counter + 1: null

2018-12-12 15:58:07 - [TEST_STEP][PASSED] - Statement - PreSaveFile = new java.io.File(((pathPrefix + java.lang.Integer.toString(counter)) + .png)): null

2018-12-12 15:58:07 - [TEST_STEP][PASSED] - Statement - counter = counter + 1: null

2018-12-12 15:58:07 - [TEST_STEP][PASSED] - Statement - PreSaveFile = new java.io.File(((pathPrefix + java.lang.Integer.toString(counter)) + .png)): null

2018-12-12 15:58:07 - [TEST_STEP][PASSED] - Statement - counter = counter + 1: null

2018-12-12 15:58:07 - [TEST_STEP][PASSED] - Statement - PreSaveFile = new java.io.File(((pathPrefix + java.lang.Integer.toString(counter)) + .png)): null

2018-12-12 15:58:07 - [TEST_STEP][PASSED] - Statement - counter = counter + 1: null

2018-12-12 15:58:07 - [TEST_STEP][PASSED] - Statement - PreSaveFile = new java.io.File(((pathPrefix + java.lang.Integer.toString(counter)) + .png)): null

2018-12-12 15:58:07 - [TEST_STEP][PASSED] - Statement - counter = counter + 1: null

2018-12-12 15:58:07 - [TEST_STEP][PASSED] - Statement - PreSaveFile = new java.io.File(((pathPrefix + java.lang.Integer.toString(counter)) + .png)): null

2018-12-12 15:58:07 - [TEST_STEP][PASSED] - Statement - counter = counter + 1: null

2018-12-12 15:58:07 - [TEST_STEP][PASSED] - Statement - PreSaveFile = new java.io.File(((pathPrefix + java.lang.Integer.toString(counter)) + .png)): null

2018-12-12 15:58:07 - [TEST_STEP][PASSED] - Statement - counter = counter + 1: null

2018-12-12 15:58:07 - [TEST_STEP][PASSED] - Statement - PreSaveFile = new java.io.File(((pathPrefix + java.lang.Integer.toString(counter)) + .png)): null

2018-12-12 15:58:07 - [TEST_STEP][PASSED] - Statement - counter = counter + 1: null

2018-12-12 15:58:07 - [TEST_STEP][PASSED] - Statement - PreSaveFile = new java.io.File(((pathPrefix + java.lang.Integer.toString(counter)) + .png)): null

2018-12-12 15:58:07 - [TEST_STEP][PASSED] - Statement - counter = counter + 1: null

2018-12-12 15:58:07 - [TEST_STEP][PASSED] - Statement - PreSaveFile = new java.io.File(((pathPrefix + java.lang.Integer.toString(counter)) + .png)): null

2018-12-12 15:58:07 - [TEST_STEP][PASSED] - Statement - counter = counter + 1: null

2018-12-12 15:58:07 - [TEST_STEP][PASSED] - Statement - PreSaveFile = new java.io.File(((pathPrefix + java.lang.Integer.toString(counter)) + .png)): null

2018-12-12 15:58:07 - [TEST_STEP][PASSED] - Statement - counter = counter + 1: null

2018-12-12 15:58:07 - [TEST_STEP][PASSED] - Statement - PreSaveFile = new java.io.File(((pathPrefix + java.lang.Integer.toString(counter)) + .png)): null

2018-12-12 15:58:07 - [TEST_STEP][PASSED] - Statement - counter = counter + 1: null

2018-12-12 15:58:07 - [TEST_STEP][PASSED] - Statement - PreSaveFile = new java.io.File(((pathPrefix + java.lang.Integer.toString(counter)) + .png)): null

2018-12-12 15:58:07 - [TEST_STEP][PASSED] - Statement - counter = counter + 1: null

2018-12-12 15:58:07 - [TEST_STEP][PASSED] - Statement - PreSaveFile = new java.io.File(((pathPrefix + java.lang.Integer.toString(counter)) + .png)): null

2018-12-12 15:58:07 - [TEST_STEP][PASSED] - Statement - counter = counter + 1: null

2018-12-12 15:58:07 - [TEST_STEP][PASSED] - Statement - PreSaveFile = new java.io.File(((pathPrefix + java.lang.Integer.toString(counter)) + .png)): null

2018-12-12 15:58:07 - [TEST_STEP][PASSED] - Statement - counter = counter + 1: null

2018-12-12 15:58:07 - [TEST_STEP][PASSED] - Statement - PreSaveFile = new java.io.File(((pathPrefix + java.lang.Integer.toString(counter)) + .png)): null

2018-12-12 15:58:07 - [TEST_STEP][PASSED] - Statement - counter = counter + 1: null

2018-12-12 15:58:07 - [TEST_STEP][PASSED] - Statement - PreSaveFile = new java.io.File(((pathPrefix + java.lang.Integer.toString(counter)) + .png)): null

2018-12-12 15:58:07 - [TEST_STEP][PASSED] - Statement - counter = counter + 1: null

2018-12-12 15:58:07 - [TEST_STEP][PASSED] - Statement - PreSaveFile = new java.io.File(((pathPrefix + java.lang.Integer.toString(counter)) + .png)): null

2018-12-12 15:58:07 - [TEST_STEP][PASSED] - Statement - counter = counter + 1: null

2018-12-12 15:58:07 - [TEST_STEP][PASSED] - Statement - PreSaveFile = new java.io.File(((pathPrefix + java.lang.Integer.toString(counter)) + .png)): null

2018-12-12 15:58:07 - [TEST_STEP][PASSED] - Statement - counter = counter + 1: null

2018-12-12 15:58:07 - [TEST_STEP][PASSED] - Statement - PreSaveFile = new java.io.File(((pathPrefix + java.lang.Integer.toString(counter)) + .png)): null

2018-12-12 15:58:07 - [TEST_STEP][PASSED] - Statement - counter = counter + 1: null

2018-12-12 15:58:07 - [TEST_STEP][PASSED] - Statement - PreSaveFile = new java.io.File(((pathPrefix + java.lang.Integer.toString(counter)) + .png)): null

2018-12-12 15:58:07 - [TEST_STEP][PASSED] - Statement - counter = counter + 1: null

2018-12-12 15:58:07 - [TEST_STEP][PASSED] - Statement - PreSaveFile = new java.io.File(((pathPrefix + java.lang.Integer.toString(counter)) + .png)): null

2018-12-12 15:58:07 - [TEST_STEP][PASSED] - Statement - counter = counter + 1: null

2018-12-12 15:58:07 - [TEST_STEP][PASSED] - Statement - PreSaveFile = new java.io.File(((pathPrefix + java.lang.Integer.toString(counter)) + .png)): null

2018-12-12 15:58:07 - [TEST_STEP][PASSED] - Statement - counter = counter + 1: null

2018-12-12 15:58:07 - [TEST_STEP][PASSED] - Statement - PreSaveFile = new java.io.File(((pathPrefix + java.lang.Integer.toString(counter)) + .png)): null

2018-12-12 15:58:07 - [TEST_STEP][PASSED] - Statement - counter = counter + 1: null

2018-12-12 15:58:07 - [TEST_STEP][PASSED] - Statement - PreSaveFile = new java.io.File(((pathPrefix + java.lang.Integer.toString(counter)) + .png)): null

2018-12-12 15:58:07 - [TEST_STEP][PASSED] - Statement - counter = counter + 1: null

2018-12-12 15:58:07 - [TEST_STEP][PASSED] - Statement - PreSaveFile = new java.io.File(((pathPrefix + java.lang.Integer.toString(counter)) + .png)): null

2018-12-12 15:58:07 - [TEST_STEP][PASSED] - Statement - counter = counter + 1: null

2018-12-12 15:58:07 - [TEST_STEP][PASSED] - Statement - PreSaveFile = new java.io.File(((pathPrefix + java.lang.Integer.toString(counter)) + .png)): null

2018-12-12 15:58:07 - [TEST_STEP][PASSED] - Statement - counter = counter + 1: null

2018-12-12 15:58:07 - [TEST_STEP][PASSED] - Statement - PreSaveFile = new java.io.File(((pathPrefix + java.lang.Integer.toString(counter)) + .png)): null

2018-12-12 15:58:07 - [TEST_STEP][PASSED] - Statement - counter = counter + 1: null

2018-12-12 15:58:07 - [TEST_STEP][PASSED] - Statement - PreSaveFile = new java.io.File(((pathPrefix + java.lang.Integer.toString(counter)) + .png)): null

2018-12-12 15:58:07 - [TEST_STEP][PASSED] - Statement - counter = counter + 1: null

2018-12-12 15:58:07 - [TEST_STEP][PASSED] - Statement - PreSaveFile = new java.io.File(((pathPrefix + java.lang.Integer.toString(counter)) + .png)): null

2018-12-12 15:58:07 - [TEST_STEP][PASSED] - Statement - counter = counter + 1: null

2018-12-12 15:58:07 - [TEST_STEP][PASSED] - Statement - PreSaveFile = new java.io.File(((pathPrefix + java.lang.Integer.toString(counter)) + .png)): null

2018-12-12 15:58:07 - [TEST_STEP][PASSED] - Statement - counter = counter + 1: null

2018-12-12 15:58:07 - [TEST_STEP][PASSED] - Statement - PreSaveFile = new java.io.File(((pathPrefix + java.lang.Integer.toString(counter)) + .png)): null

2018-12-12 15:58:07 - [TEST_STEP][PASSED] - Statement - counter = counter + 1: null

2018-12-12 15:58:07 - [TEST_STEP][PASSED] - Statement - PreSaveFile = new java.io.File(((pathPrefix + java.lang.Integer.toString(counter)) + .png)): null

2018-12-12 15:58:07 - [TEST_STEP][PASSED] - Statement - counter = counter + 1: null

2018-12-12 15:58:07 - [TEST_STEP][PASSED] - Statement - PreSaveFile = new java.io.File(((pathPrefix + java.lang.Integer.toString(counter)) + .png)): null

2018-12-12 15:58:07 - [TEST_STEP][PASSED] - Statement - counter = counter + 1: null

2018-12-12 15:58:07 - [TEST_STEP][PASSED] - Statement - PreSaveFile = new java.io.File(((pathPrefix + java.lang.Integer.toString(counter)) + .png)): null

2018-12-12 15:58:07 - [TEST_STEP][PASSED] - Statement - counter = counter + 1: null

2018-12-12 15:58:07 - [TEST_STEP][PASSED] - Statement - PreSaveFile = new java.io.File(((pathPrefix + java.lang.Integer.toString(counter)) + .png)): null

2018-12-12 15:58:07 - [TEST_STEP][PASSED] - Statement - counter = counter + 1: null

2018-12-12 15:58:07 - [TEST_STEP][PASSED] - Statement - PreSaveFile = new java.io.File(((pathPrefix + java.lang.Integer.toString(counter)) + .png)): null

2018-12-12 15:58:07 - [TEST_STEP][PASSED] - Statement - counter = counter + 1: null

2018-12-12 15:58:07 - [TEST_STEP][PASSED] - Statement - PreSaveFile = new java.io.File(((pathPrefix + java.lang.Integer.toString(counter)) + .png)): null

2018-12-12 15:58:07 - [TEST_STEP][PASSED] - Statement - counter = counter + 1: null

2018-12-12 15:58:07 - [TEST_STEP][PASSED] - Statement - PreSaveFile = new java.io.File(((pathPrefix + java.lang.Integer.toString(counter)) + .png)): null

2018-12-12 15:58:07 - [TEST_STEP][PASSED] - Statement - counter = counter + 1: null

2018-12-12 15:58:07 - [TEST_STEP][PASSED] - Statement - PreSaveFile = new java.io.File(((pathPrefix + java.lang.Integer.toString(counter)) + .png)): null

2018-12-12 15:58:07 - [TEST_STEP][PASSED] - Statement - counter = counter + 1: null

2018-12-12 15:58:07 - [TEST_STEP][PASSED] - Statement - PreSaveFile = new java.io.File(((pathPrefix + java.lang.Integer.toString(counter)) + .png)): null

2018-12-12 15:58:07 - [TEST_STEP][PASSED] - Statement - counter = counter + 1: null

2018-12-12 15:58:07 - [TEST_STEP][PASSED] - Statement - PreSaveFile = new java.io.File(((pathPrefix + java.lang.Integer.toString(counter)) + .png)): null

2018-12-12 15:58:07 - [TEST_STEP][PASSED] - Statement - counter = counter + 1: null

2018-12-12 15:58:07 - [TEST_STEP][PASSED] - Statement - PreSaveFile = new java.io.File(((pathPrefix + java.lang.Integer.toString(counter)) + .png)): null

2018-12-12 15:58:07 - [TEST_STEP][PASSED] - Statement - counter = counter + 1: null

2018-12-12 15:58:07 - [TEST_STEP][PASSED] - Statement - PreSaveFile = new java.io.File(((pathPrefix + java.lang.Integer.toString(counter)) + .png)): null

2018-12-12 15:58:07 - [TEST_STEP][PASSED] - Statement - counter = counter + 1: null

2018-12-12 15:58:07 - [TEST_STEP][PASSED] - Statement - PreSaveFile = new java.io.File(((pathPrefix + java.lang.Integer.toString(counter)) + .png)): null

2018-12-12 15:58:07 - [TEST_STEP][PASSED] - Statement - counter = counter + 1: null

2018-12-12 15:58:07 - [TEST_STEP][PASSED] - Statement - PreSaveFile = new java.io.File(((pathPrefix + java.lang.Integer.toString(counter)) + .png)): null

2018-12-12 15:58:07 - [TEST_STEP][PASSED] - Statement - counter = counter + 1: null

2018-12-12 15:58:07 - [TEST_STEP][PASSED] - Statement - PreSaveFile = new java.io.File(((pathPrefix + java.lang.Integer.toString(counter)) + .png)): null

2018-12-12 15:58:07 - [TEST_STEP][PASSED] - Statement - counter = counter + 1: null

2018-12-12 15:58:07 - [TEST_STEP][PASSED] - Statement - PreSaveFile = new java.io.File(((pathPrefix + java.lang.Integer.toString(counter)) + .png)): null

2018-12-12 15:58:07 - [TEST_STEP][PASSED] - Statement - counter = counter + 1: null

2018-12-12 15:58:07 - [TEST_STEP][PASSED] - Statement - PreSaveFile = new java.io.File(((pathPrefix + java.lang.Integer.toString(counter)) + .png)): null

2018-12-12 15:58:07 - [TEST_STEP][PASSED] - Statement - counter = counter + 1: null

2018-12-12 15:58:07 - [TEST_STEP][PASSED] - Statement - PreSaveFile = new java.io.File(((pathPrefix + java.lang.Integer.toString(counter)) + .png)): null

2018-12-12 15:58:07 - [TEST_STEP][PASSED] - Statement - counter = counter + 1: null

2018-12-12 15:58:07 - [TEST_STEP][PASSED] - Statement - PreSaveFile = new java.io.File(((pathPrefix + java.lang.Integer.toString(counter)) + .png)): null

2018-12-12 15:58:07 - [TEST_STEP][PASSED] - Statement - counter = counter + 1: null

2018-12-12 15:58:07 - [TEST_STEP][PASSED] - Statement - PreSaveFile = new java.io.File(((pathPrefix + java.lang.Integer.toString(counter)) + .png)): null

2018-12-12 15:58:07 - [TEST_STEP][PASSED] - Statement - counter = counter + 1: null

2018-12-12 15:58:07 - [TEST_STEP][PASSED] - Statement - PreSaveFile = new java.io.File(((pathPrefix + java.lang.Integer.toString(counter)) + .png)): null

2018-12-12 15:58:07 - [TEST_STEP][PASSED] - Statement - counter = counter + 1: null

2018-12-12 15:58:07 - [TEST_STEP][PASSED] - Statement - PreSaveFile = new java.io.File(((pathPrefix + java.lang.Integer.toString(counter)) + .png)): null

2018-12-12 15:58:07 - [TEST_STEP][PASSED] - Statement - counter = counter + 1: null

2018-12-12 15:58:07 - [TEST_STEP][PASSED] - Statement - PreSaveFile = new java.io.File(((pathPrefix + java.lang.Integer.toString(counter)) + .png)): null

2018-12-12 15:58:07 - [TEST_STEP][PASSED] - Statement - counter = counter + 1: null

2018-12-12 15:58:07 - [TEST_STEP][PASSED] - Statement - PreSaveFile = new java.io.File(((pathPrefix + java.lang.Integer.toString(counter)) + .png)): null

2018-12-12 15:58:07 - [TEST_STEP][PASSED] - Statement - counter = counter + 1: null

2018-12-12 15:58:07 - [TEST_STEP][PASSED] - Statement - PreSaveFile = new java.io.File(((pathPrefix + java.lang.Integer.toString(counter)) + .png)): null

2018-12-12 15:58:07 - [TEST_STEP][PASSED] - Statement - counter = counter + 1: null

2018-12-12 15:58:07 - [TEST_STEP][PASSED] - Statement - PreSaveFile = new java.io.File(((pathPrefix + java.lang.Integer.toString(counter)) + .png)): null

2018-12-12 15:58:07 - [TEST_STEP][PASSED] - Statement - counter = counter + 1: null

2018-12-12 15:58:07 - [TEST_STEP][PASSED] - Statement - PreSaveFile = new java.io.File(((pathPrefix + java.lang.Integer.toString(counter)) + .png)): null

2018-12-12 15:58:07 - [TEST_STEP][PASSED] - Statement - counter = counter + 1: null

2018-12-12 15:58:07 - [TEST_STEP][PASSED] - Statement - PreSaveFile = new java.io.File(((pathPrefix + java.lang.Integer.toString(counter)) + .png)): null

2018-12-12 15:58:07 - [TEST_STEP][PASSED] - Statement - counter = counter + 1: null

2018-12-12 15:58:07 - [TEST_STEP][PASSED] - Statement - PreSaveFile = new java.io.File(((pathPrefix + java.lang.Integer.toString(counter)) + .png)): null

2018-12-12 15:58:07 - [TEST_STEP][PASSED] - Statement - counter = counter + 1: null

2018-12-12 15:58:07 - [TEST_STEP][PASSED] - Statement - PreSaveFile = new java.io.File(((pathPrefix + java.lang.Integer.toString(counter)) + .png)): null

2018-12-12 15:58:07 - [TEST_STEP][PASSED] - Statement - counter = counter + 1: null

2018-12-12 15:58:07 - [TEST_STEP][PASSED] - Statement - PreSaveFile = new java.io.File(((pathPrefix + java.lang.Integer.toString(counter)) + .png)): null

2018-12-12 15:58:07 - [TEST_STEP][PASSED] - Statement - counter = counter + 1: null

2018-12-12 15:58:07 - [TEST_STEP][PASSED] - Statement - PreSaveFile = new java.io.File(((pathPrefix + java.lang.Integer.toString(counter)) + .png)): null

2018-12-12 15:58:07 - [TEST_STEP][PASSED] - Statement - counter = counter + 1: null

2018-12-12 15:58:07 - [TEST_STEP][PASSED] - Statement - PreSaveFile = new java.io.File(((pathPrefix + java.lang.Integer.toString(counter)) + .png)): null

2018-12-12 15:58:07 - [TEST_STEP][PASSED] - Statement - counter = counter + 1: null

2018-12-12 15:58:07 - [TEST_STEP][PASSED] - Statement - PreSaveFile = new java.io.File(((pathPrefix + java.lang.Integer.toString(counter)) + .png)): null

2018-12-12 15:58:07 - [TEST_STEP][PASSED] - Statement - counter = counter + 1: null

2018-12-12 15:58:07 - [TEST_STEP][PASSED] - Statement - PreSaveFile = new java.io.File(((pathPrefix + java.lang.Integer.toString(counter)) + .png)): null

2018-12-12 15:58:07 - [TEST_STEP][PASSED] - Statement - counter = counter + 1: null

2018-12-12 15:58:07 - [TEST_STEP][PASSED] - Statement - PreSaveFile = new java.io.File(((pathPrefix + java.lang.Integer.toString(counter)) + .png)): null

2018-12-12 15:58:07 - [TEST_STEP][PASSED] - Statement - counter = counter + 1: null

2018-12-12 15:58:07 - [TEST_STEP][PASSED] - Statement - PreSaveFile = new java.io.File(((pathPrefix + java.lang.Integer.toString(counter)) + .png)): null

2018-12-12 15:58:07 - [TEST_STEP][PASSED] - Statement - counter = counter + 1: null

2018-12-12 15:58:07 - [TEST_STEP][PASSED] - Statement - PreSaveFile = new java.io.File(((pathPrefix + java.lang.Integer.toString(counter)) + .png)): null

2018-12-12 15:58:07 - [TEST_STEP][PASSED] - Statement - counter = counter + 1: null

2018-12-12 15:58:07 - [TEST_STEP][PASSED] - Statement - PreSaveFile = new java.io.File(((pathPrefix + java.lang.Integer.toString(counter)) + .png)): null

2018-12-12 15:58:07 - [TEST_STEP][PASSED] - Statement - counter = counter + 1: null

2018-12-12 15:58:07 - [TEST_STEP][PASSED] - Statement - PreSaveFile = new java.io.File(((pathPrefix + java.lang.Integer.toString(counter)) + .png)): null

2018-12-12 15:58:07 - [TEST_STEP][PASSED] - Statement - counter = counter + 1: null

2018-12-12 15:58:07 - [TEST_STEP][PASSED] - Statement - PreSaveFile = new java.io.File(((pathPrefix + java.lang.Integer.toString(counter)) + .png)): null

2018-12-12 15:58:07 - [TEST_STEP][PASSED] - Statement - counter = counter + 1: null

2018-12-12 15:58:07 - [TEST_STEP][PASSED] - Statement - PreSaveFile = new java.io.File(((pathPrefix + java.lang.Integer.toString(counter)) + .png)): null

2018-12-12 15:58:07 - [TEST_STEP][PASSED] - Statement - counter = counter + 1: null

2018-12-12 15:58:07 - [TEST_STEP][PASSED] - Statement - PreSaveFile = new java.io.File(((pathPrefix + java.lang.Integer.toString(counter)) + .png)): null

2018-12-12 15:58:07 - [TEST_STEP][PASSED] - Statement - counter = counter + 1: null

2018-12-12 15:58:07 - [TEST_STEP][PASSED] - Statement - PreSaveFile = new java.io.File(((pathPrefix + java.lang.Integer.toString(counter)) + .png)): null

2018-12-12 15:58:07 - [TEST_STEP][PASSED] - Statement - counter = counter + 1: null

2018-12-12 15:58:07 - [TEST_STEP][PASSED] - Statement - PreSaveFile = new java.io.File(((pathPrefix + java.lang.Integer.toString(counter)) + .png)): null

2018-12-12 15:58:07 - [TEST_STEP][PASSED] - Statement - counter = counter + 1: null

2018-12-12 15:58:07 - [TEST_STEP][PASSED] - Statement - PreSaveFile = new java.io.File(((pathPrefix + java.lang.Integer.toString(counter)) + .png)): null

2018-12-12 15:58:07 - [TEST_STEP][PASSED] - Statement - counter = counter + 1: null

2018-12-12 15:58:07 - [TEST_STEP][PASSED] - Statement - PreSaveFile = new java.io.File(((pathPrefix + java.lang.Integer.toString(counter)) + .png)): null

2018-12-12 15:58:07 - [TEST_STEP][PASSED] - Statement - counter = counter + 1: null

2018-12-12 15:58:07 - [TEST_STEP][PASSED] - Statement - PreSaveFile = new java.io.File(((pathPrefix + java.lang.Integer.toString(counter)) + .png)): null

2018-12-12 15:58:07 - [TEST_STEP][PASSED] - Statement - counter = counter + 1: null

2018-12-12 15:58:07 - [TEST_STEP][PASSED] - Statement - PreSaveFile = new java.io.File(((pathPrefix + java.lang.Integer.toString(counter)) + .png)): null

2018-12-12 15:58:07 - [TEST_STEP][PASSED] - Statement - counter = counter + 1: null

2018-12-12 15:58:07 - [TEST_STEP][PASSED] - Statement - PreSaveFile = new java.io.File(((pathPrefix + java.lang.Integer.toString(counter)) + .png)): null

2018-12-12 15:58:07 - [TEST_STEP][PASSED] - Statement - counter = counter + 1: null

2018-12-12 15:58:07 - [TEST_STEP][PASSED] - Statement - PreSaveFile = new java.io.File(((pathPrefix + java.lang.Integer.toString(counter)) + .png)): null

2018-12-12 15:58:07 - [TEST_STEP][PASSED] - Statement - counter = counter + 1: null

2018-12-12 15:58:07 - [TEST_STEP][PASSED] - Statement - PreSaveFile = new java.io.File(((pathPrefix + java.lang.Integer.toString(counter)) + .png)): null

2018-12-12 15:58:07 - [TEST_STEP][PASSED] - Statement - counter = counter + 1: null

2018-12-12 15:58:07 - [TEST_STEP][PASSED] - Statement - PreSaveFile = new java.io.File(((pathPrefix + java.lang.Integer.toString(counter)) + .png)): null

2018-12-12 15:58:07 - [TEST_STEP][PASSED] - Statement - counter = counter + 1: null

2018-12-12 15:58:07 - [TEST_STEP][PASSED] - Statement - PreSaveFile = new java.io.File(((pathPrefix + java.lang.Integer.toString(counter)) + .png)): null

2018-12-12 15:58:07 - [TEST_STEP][PASSED] - Statement - counter = counter + 1: null

2018-12-12 15:58:07 - [TEST_STEP][PASSED] - Statement - PreSaveFile = new java.io.File(((pathPrefix + java.lang.Integer.toString(counter)) + .png)): null

2018-12-12 15:58:07 - [TEST_STEP][PASSED] - Statement - counter = counter + 1: null

2018-12-12 15:58:07 - [TEST_STEP][PASSED] - Statement - PreSaveFile = new java.io.File(((pathPrefix + java.lang.Integer.toString(counter)) + .png)): null

2018-12-12 15:58:07 - [TEST_STEP][PASSED] - Statement - counter = counter + 1: null

2018-12-12 15:58:07 - [TEST_STEP][PASSED] - Statement - PreSaveFile = new java.io.File(((pathPrefix + java.lang.Integer.toString(counter)) + .png)): null

2018-12-12 15:58:07 - [TEST_STEP][PASSED] - Statement - counter = counter + 1: null

2018-12-12 15:58:07 - [TEST_STEP][PASSED] - Statement - PreSaveFile = new java.io.File(((pathPrefix + java.lang.Integer.toString(counter)) + .png)): null

2018-12-12 15:58:07 - [TEST_STEP][PASSED] - Statement - counter = counter + 1: null

2018-12-12 15:58:07 - [TEST_STEP][PASSED] - Statement - PreSaveFile = new java.io.File(((pathPrefix + java.lang.Integer.toString(counter)) + .png)): null

2018-12-12 15:58:07 - [TEST_STEP][PASSED] - Statement - counter = counter + 1: null

2018-12-12 15:58:07 - [TEST_STEP][PASSED] - Statement - PreSaveFile = new java.io.File(((pathPrefix + java.lang.Integer.toString(counter)) + .png)): null

2018-12-12 15:58:07 - [TEST_STEP][PASSED] - Statement - counter = counter + 1: null

2018-12-12 15:58:07 - [TEST_STEP][PASSED] - Statement - PreSaveFile = new java.io.File(((pathPrefix + java.lang.Integer.toString(counter)) + .png)): null

2018-12-12 15:58:07 - [TEST_STEP][PASSED] - Statement - counter = counter + 1: null

2018-12-12 15:58:07 - [TEST_STEP][PASSED] - Statement - PreSaveFile = new java.io.File(((pathPrefix + java.lang.Integer.toString(counter)) + .png)): null

2018-12-12 15:58:07 - [TEST_STEP][PASSED] - Statement - counter = counter + 1: null

2018-12-12 15:58:07 - [TEST_STEP][PASSED] - Statement - PreSaveFile = new java.io.File(((pathPrefix + java.lang.Integer.toString(counter)) + .png)): null

2018-12-12 15:58:07 - [TEST_STEP][PASSED] - Statement - counter = counter + 1: null

2018-12-12 15:58:07 - [TEST_STEP][PASSED] - Statement - PreSaveFile = new java.io.File(((pathPrefix + java.lang.Integer.toString(counter)) + .png)): null

2018-12-12 15:58:07 - [TEST_STEP][PASSED] - Statement - counter = counter + 1: null

2018-12-12 15:58:07 - [TEST_STEP][PASSED] - Statement - PreSaveFile = new java.io.File(((pathPrefix + java.lang.Integer.toString(counter)) + .png)): null

2018-12-12 15:58:07 - [TEST_STEP][PASSED] - Statement - counter = counter + 1: null

2018-12-12 15:58:07 - [TEST_STEP][PASSED] - Statement - PreSaveFile = new java.io.File(((pathPrefix + java.lang.Integer.toString(counter)) + .png)): null

2018-12-12 15:58:07 - [TEST_STEP][PASSED] - Statement - counter = counter + 1: null

2018-12-12 15:58:07 - [TEST_STEP][PASSED] - Statement - PreSaveFile = new java.io.File(((pathPrefix + java.lang.Integer.toString(counter)) + .png)): null

2018-12-12 15:58:07 - [TEST_STEP][PASSED] - Statement - counter = counter + 1: null

2018-12-12 15:58:07 - [TEST_STEP][PASSED] - Statement - PreSaveFile = new java.io.File(((pathPrefix + java.lang.Integer.toString(counter)) + .png)): null

2018-12-12 15:58:07 - [TEST_STEP][PASSED] - Statement - finalPath = pathPrefix + java.lang.Integer.toString(counter) + ".png": null

2018-12-12 15:58:07 - [TEST_STEP][PASSED] - Statement - SaveFile = new java.io.File(finalPath): null

2018-12-12 15:58:07 - [TEST_STEP][PASSED] - Statement - Try: null

2018-12-12 15:58:07 - [TEST_STEP][PASSED] - Statement - org.apache.commons.io.FileUtils.copyFile(scrFile, SaveFile): null

2018-12-12 15:58:07 - [TEST_STEP][PASSED] - Statement - out.println("file kept"): null

2018-12-12 15:58:07 - [TEST_STEP][PASSED] - delay: Delayed 10 second(s)

2018-12-12 15:58:17 - [MESSAGE][PASSED] - Delayed 10 second(s)

2018-12-12 15:58:17 - [MESSAGE][PASSED] - Call Test Case 'Test Cases/Final Aug 2018 - PKS Automation/Registration Module/New Registration/Submit and Screenshot/Submit Registration and Screenshot' successfully]]></system-out>
         <system-err><![CDATA[]]></system-err>
      </testcase>
      <testcase name="Test Cases/Final Aug 2018 - PKS Automation/Registration Module/Critical Path/New Registration/Partnership - Not Registered" classname="Test Cases/Final Aug 2018 - PKS Automation/Registration Module/Critical Path/New Registration/Partnership - Not Registered" status="PASSED">
         <system-out><![CDATA[2018-12-12 15:58:17 - [TEST_CASE][PASSED] - Test Cases/Final Aug 2018 - PKS Automation/Registration Module/Critical Path/New Registration/Partnership - Not Registered: Test Cases/Final Aug 2018 - PKS Automation/Registration Module/Critical Path/New Registration/Partnership - Not Registered

2018-12-12 15:58:17 - [TEST_STEP][PASSED] - callTestCase: Call Test Case 'Test Cases/Final Aug 2018 - PKS Automation/Registration Module/New Registration/Form 1/Form 1 - Partnership - Not Registered' successfully

2018-12-12 15:58:17 - [TEST_CASE][PASSED] - Test Cases/Final Aug 2018 - PKS Automation/Registration Module/New Registration/Form 1/Form 1 - Partnership - Not Registered: Test Cases/Final Aug 2018 - PKS Automation/Registration Module/New Registration/Form 1/Form 1 - Partnership - Not Registered

2018-12-12 15:58:18 - [TEST_STEP][PASSED] - openBrowser: Browser is opened with url: ''

2018-12-12 15:58:18 - [MESSAGE][WARNING] - A browser is already opened. Closing browser and opening a new one

2018-12-12 15:58:21 - [MESSAGE][PASSED] - Browser is opened with url: ''

2018-12-12 15:58:21 - [TEST_STEP][PASSED] - navigateToUrl: Navigate to 'https://assist2-uat.perkeso.gov.my/login' successfully

2018-12-12 15:58:22 - [MESSAGE][PASSED] - Navigate to 'https://assist2-uat.perkeso.gov.my/login' successfully

2018-12-12 15:58:22 - [TEST_STEP][PASSED] - setText: Text 'johorotc1@gmail.com' is set on object 'Object Repository/Final Object Repo/Login Page/Internal User/Email Address'

2018-12-12 15:58:22 - [MESSAGE][PASSED] - Text 'johorotc1@gmail.com' is set on object 'Object Repository/Final Object Repo/Login Page/Internal User/Email Address'

2018-12-12 15:58:22 - [TEST_STEP][PASSED] - click: Object: 'Object Repository/Final Object Repo/Login Page/Internal User/Next Button' is clicked on

2018-12-12 15:58:22 - [MESSAGE][PASSED] - Object: 'Object Repository/Final Object Repo/Login Page/Internal User/Next Button' is clicked on

2018-12-12 15:58:22 - [TEST_STEP][PASSED] - delay: Delayed 1 second(s)

2018-12-12 15:58:23 - [MESSAGE][PASSED] - Delayed 1 second(s)

2018-12-12 15:58:23 - [TEST_STEP][PASSED] - setEncryptedText: Text ****** has been set on object 'Object Repository/Final Object Repo/Login Page/Internal User/Password'

2018-12-12 15:58:24 - [MESSAGE][PASSED] - Text ****** has been set on object 'Object Repository/Final Object Repo/Login Page/Internal User/Password'

2018-12-12 15:58:24 - [TEST_STEP][PASSED] - click: Object: 'Object Repository/Final Object Repo/Login Page/Internal User/Login Button' is clicked on

2018-12-12 15:58:24 - [MESSAGE][PASSED] - Object: 'Object Repository/Final Object Repo/Login Page/Internal User/Login Button' is clicked on

2018-12-12 15:58:24 - [TEST_STEP][PASSED] - delay: Delayed 1 second(s)

2018-12-12 15:58:25 - [MESSAGE][PASSED] - Delayed 1 second(s)

2018-12-12 15:58:25 - [TEST_STEP][PASSED] - Statement - Try: Delayed 2 second(s)

2018-12-12 15:58:25 - [TEST_STEP][PASSED] - Statement - Checker = false: null

2018-12-12 15:58:25 - [TEST_STEP][PASSED] - Statement - Checker = com.kms.katalon.core.webui.keyword.WebUiBuiltInKeywords.verifyElementHasAttribute(com.kms.katalon.core.testobject.ObjectRepository.findTestObject(Final Object Repo/Landing Page/BM Detecting), "href", 20, OPTIONAL): Object 'Object Repository/Final Object Repo/Landing Page/BM Detecting' has attribute 'href'

2018-12-12 15:58:26 - [MESSAGE][PASSED] - Object 'Object Repository/Final Object Repo/Landing Page/BM Detecting' has attribute 'href'

2018-12-12 15:58:26 - [TEST_STEP][PASSED] - Statement - out.println(Checker): null

2018-12-12 15:58:26 - [TEST_STEP][PASSED] - Statement - If (Checker == false): null

2018-12-12 15:58:26 - [TEST_STEP][PASSED] - Statement - Else: null

2018-12-12 15:58:26 - [TEST_STEP][PASSED] - delay: Delayed 2 second(s)

2018-12-12 15:58:28 - [MESSAGE][PASSED] - Delayed 2 second(s)

2018-12-12 15:58:28 - [TEST_STEP][PASSED] - navigateToUrl: Navigate to 'https://assist2-uat.perkeso.gov.my/web/registration/registration' successfully

2018-12-12 15:58:29 - [MESSAGE][PASSED] - Navigate to 'https://assist2-uat.perkeso.gov.my/web/registration/registration' successfully

2018-12-12 15:58:29 - [TEST_STEP][PASSED] - click: Object: 'Object Repository/Final Object Repo/New Registration - Registration Module Pages/Form 1/AEC - No' is clicked on

2018-12-12 15:58:30 - [MESSAGE][PASSED] - Object: 'Object Repository/Final Object Repo/New Registration - Registration Module Pages/Form 1/AEC - No' is clicked on

2018-12-12 15:58:30 - [TEST_STEP][PASSED] - click: Object: 'Object Repository/Final Object Repo/New Registration - Registration Module Pages/Form 1/Business Entity' is clicked on

2018-12-12 15:58:30 - [MESSAGE][PASSED] - Object: 'Object Repository/Final Object Repo/New Registration - Registration Module Pages/Form 1/Business Entity' is clicked on

2018-12-12 15:58:30 - [TEST_STEP][PASSED] - click: Object: 'Object Repository/Final Object Repo/New Registration - Registration Module Pages/Form 1/Business Entity - Partnership' is clicked on

2018-12-12 15:58:30 - [MESSAGE][PASSED] - Object: 'Object Repository/Final Object Repo/New Registration - Registration Module Pages/Form 1/Business Entity - Partnership' is clicked on

2018-12-12 15:58:30 - [TEST_STEP][PASSED] - delay: Delayed 1 second(s)

2018-12-12 15:58:31 - [MESSAGE][PASSED] - Delayed 1 second(s)

2018-12-12 15:58:31 - [TEST_STEP][PASSED] - click: Object: 'Object Repository/Final Object Repo/New Registration - Registration Module Pages/Form 1/Sub Business Entity' is clicked on

2018-12-12 15:58:31 - [MESSAGE][PASSED] - Object: 'Object Repository/Final Object Repo/New Registration - Registration Module Pages/Form 1/Sub Business Entity' is clicked on

2018-12-12 15:58:31 - [TEST_STEP][PASSED] - click: Object: 'Object Repository/Final Object Repo/New Registration - Registration Module Pages/Form 1/Sub Business Entity - Not Registered' is clicked on

2018-12-12 15:58:31 - [MESSAGE][PASSED] - Object: 'Object Repository/Final Object Repo/New Registration - Registration Module Pages/Form 1/Sub Business Entity - Not Registered' is clicked on

2018-12-12 15:58:31 - [TEST_STEP][PASSED] - delay: Delayed 1 second(s)

2018-12-12 15:58:32 - [MESSAGE][PASSED] - Delayed 1 second(s)

2018-12-12 15:58:32 - [TEST_STEP][PASSED] - setText: Text '123' is set on object 'Object Repository/Final Object Repo/New Registration - Registration Module Pages/Form 1/Registration Number'

2018-12-12 15:58:33 - [MESSAGE][PASSED] - Text '123' is set on object 'Object Repository/Final Object Repo/New Registration - Registration Module Pages/Form 1/Registration Number'

2018-12-12 15:58:33 - [TEST_STEP][NOT_RUN] - click: NOT_RUN: click

2018-12-12 15:58:33 - [MESSAGE][NOT_RUN] - NOT_RUN: click

2018-12-12 15:58:33 - [TEST_STEP][PASSED] - click: Object: 'Object Repository/Final Object Repo/New Registration - Registration Module Pages/Form 1/Registered As a Branch - Yes' is clicked on

2018-12-12 15:58:33 - [MESSAGE][PASSED] - Object: 'Object Repository/Final Object Repo/New Registration - Registration Module Pages/Form 1/Registered As a Branch - Yes' is clicked on

2018-12-12 15:58:33 - [TEST_STEP][PASSED] - click: Object: 'Object Repository/Final Object Repo/New Registration - Registration Module Pages/Form 1/Acknowledgement' is clicked on

2018-12-12 15:58:33 - [MESSAGE][PASSED] - Object: 'Object Repository/Final Object Repo/New Registration - Registration Module Pages/Form 1/Acknowledgement' is clicked on

2018-12-12 15:58:33 - [TEST_STEP][PASSED] - setText: Text 'perkeso' is set on object 'Object Repository/Final Object Repo/New Registration - Registration Module Pages/Form 1/Industry name'

2018-12-12 15:58:33 - [MESSAGE][PASSED] - Text 'perkeso' is set on object 'Object Repository/Final Object Repo/New Registration - Registration Module Pages/Form 1/Industry name'

2018-12-12 15:58:33 - [TEST_STEP][PASSED] - setText: Text 'perkeso1' is set on object 'Object Repository/Final Object Repo/New Registration - Registration Module Pages/Form 1/Postal Address1'

2018-12-12 15:58:34 - [MESSAGE][PASSED] - Text 'perkeso1' is set on object 'Object Repository/Final Object Repo/New Registration - Registration Module Pages/Form 1/Postal Address1'

2018-12-12 15:58:34 - [TEST_STEP][PASSED] - setText: Text 'perkeso2' is set on object 'Object Repository/Final Object Repo/New Registration - Registration Module Pages/Form 1/Postal Address2'

2018-12-12 15:58:34 - [MESSAGE][PASSED] - Text 'perkeso2' is set on object 'Object Repository/Final Object Repo/New Registration - Registration Module Pages/Form 1/Postal Address2'

2018-12-12 15:58:34 - [TEST_STEP][PASSED] - setText: Text 'perkeso3' is set on object 'Object Repository/Final Object Repo/New Registration - Registration Module Pages/Form 1/Postal Address3'

2018-12-12 15:58:35 - [MESSAGE][PASSED] - Text 'perkeso3' is set on object 'Object Repository/Final Object Repo/New Registration - Registration Module Pages/Form 1/Postal Address3'

2018-12-12 15:58:35 - [TEST_STEP][PASSED] - click: Object: 'Object Repository/Final Object Repo/New Registration - Registration Module Pages/Form 1/State' is clicked on

2018-12-12 15:58:35 - [MESSAGE][PASSED] - Object: 'Object Repository/Final Object Repo/New Registration - Registration Module Pages/Form 1/State' is clicked on

2018-12-12 15:58:35 - [TEST_STEP][PASSED] - click: Object: 'Object Repository/Final Object Repo/New Registration - Registration Module Pages/Form 1/State - Johor' is clicked on

2018-12-12 15:58:35 - [MESSAGE][PASSED] - Object: 'Object Repository/Final Object Repo/New Registration - Registration Module Pages/Form 1/State - Johor' is clicked on

2018-12-12 15:58:35 - [TEST_STEP][PASSED] - delay: Delayed 1 second(s)

2018-12-12 15:58:36 - [MESSAGE][PASSED] - Delayed 1 second(s)

2018-12-12 15:58:36 - [TEST_STEP][PASSED] - click: Object: 'Object Repository/Final Object Repo/New Registration - Registration Module Pages/Form 1/City' is clicked on

2018-12-12 15:58:36 - [MESSAGE][PASSED] - Object: 'Object Repository/Final Object Repo/New Registration - Registration Module Pages/Form 1/City' is clicked on

2018-12-12 15:58:36 - [TEST_STEP][PASSED] - setText: Text 'joh' is set on object 'Object Repository/Final Object Repo/New Registration - Registration Module Pages/Form 1/Postcode - 810'

2018-12-12 15:58:36 - [MESSAGE][PASSED] - Text 'joh' is set on object 'Object Repository/Final Object Repo/New Registration - Registration Module Pages/Form 1/Postcode - 810'

2018-12-12 15:58:36 - [TEST_STEP][PASSED] - delay: Delayed 1 second(s)

2018-12-12 15:58:37 - [MESSAGE][PASSED] - Delayed 1 second(s)

2018-12-12 15:58:37 - [TEST_STEP][PASSED] - click: Object: 'Object Repository/Final Object Repo/New Registration - Registration Module Pages/Form 1/City - Johor Bharu' is clicked on

2018-12-12 15:58:38 - [MESSAGE][PASSED] - Object: 'Object Repository/Final Object Repo/New Registration - Registration Module Pages/Form 1/City - Johor Bharu' is clicked on

2018-12-12 15:58:38 - [TEST_STEP][PASSED] - delay: Delayed 1 second(s)

2018-12-12 15:58:39 - [MESSAGE][PASSED] - Delayed 1 second(s)

2018-12-12 15:58:39 - [TEST_STEP][PASSED] - click: Object: 'Object Repository/Final Object Repo/New Registration - Registration Module Pages/Form 1/Postcode' is clicked on

2018-12-12 15:58:39 - [MESSAGE][PASSED] - Object: 'Object Repository/Final Object Repo/New Registration - Registration Module Pages/Form 1/Postcode' is clicked on

2018-12-12 15:58:39 - [TEST_STEP][PASSED] - delay: Delayed 1 second(s)

2018-12-12 15:58:40 - [MESSAGE][PASSED] - Delayed 1 second(s)

2018-12-12 15:58:40 - [TEST_STEP][PASSED] - setText: Text '810' is set on object 'Object Repository/Final Object Repo/New Registration - Registration Module Pages/Form 1/Postcode - 810'

2018-12-12 15:58:40 - [MESSAGE][PASSED] - Text '810' is set on object 'Object Repository/Final Object Repo/New Registration - Registration Module Pages/Form 1/Postcode - 810'

2018-12-12 15:58:40 - [TEST_STEP][PASSED] - delay: Delayed 1 second(s)

2018-12-12 15:58:41 - [MESSAGE][PASSED] - Delayed 1 second(s)

2018-12-12 15:58:41 - [TEST_STEP][PASSED] - click: Object: 'Object Repository/Final Object Repo/New Registration - Registration Module Pages/Form 1/Postcode - 81000' is clicked on

2018-12-12 15:58:41 - [MESSAGE][PASSED] - Object: 'Object Repository/Final Object Repo/New Registration - Registration Module Pages/Form 1/Postcode - 81000' is clicked on

2018-12-12 15:58:41 - [TEST_STEP][PASSED] - delay: Delayed 1 second(s)

2018-12-12 15:58:42 - [MESSAGE][PASSED] - Delayed 1 second(s)

2018-12-12 15:58:42 - [TEST_STEP][PASSED] - setText: Text '100' is set on object 'Object Repository/Final Object Repo/New Registration - Registration Module Pages/Form 1/P.O.BOX'

2018-12-12 15:58:43 - [MESSAGE][PASSED] - Text '100' is set on object 'Object Repository/Final Object Repo/New Registration - Registration Module Pages/Form 1/P.O.BOX'

2018-12-12 15:58:43 - [TEST_STEP][PASSED] - setText: Text '100' is set on object 'Object Repository/Final Object Repo/New Registration - Registration Module Pages/Form 1/Locked Bag No'

2018-12-12 15:58:43 - [MESSAGE][PASSED] - Text '100' is set on object 'Object Repository/Final Object Repo/New Registration - Registration Module Pages/Form 1/Locked Bag No'

2018-12-12 15:58:43 - [TEST_STEP][PASSED] - click: Object: 'Object Repository/Final Object Repo/New Registration - Registration Module Pages/Form 1/SOCSO Office Location' is clicked on

2018-12-12 15:58:43 - [MESSAGE][PASSED] - Object: 'Object Repository/Final Object Repo/New Registration - Registration Module Pages/Form 1/SOCSO Office Location' is clicked on

2018-12-12 15:58:43 - [TEST_STEP][PASSED] - click: Object: 'Object Repository/Final Object Repo/New Registration - Registration Module Pages/Form 1/SOCSO Office Location - Pejabat PERKESO Negeri Johor' is clicked on

2018-12-12 15:58:43 - [MESSAGE][PASSED] - Object: 'Object Repository/Final Object Repo/New Registration - Registration Module Pages/Form 1/SOCSO Office Location - Pejabat PERKESO Negeri Johor' is clicked on

2018-12-12 15:58:43 - [TEST_STEP][PASSED] - delay: Delayed 1 second(s)

2018-12-12 15:58:44 - [MESSAGE][PASSED] - Delayed 1 second(s)

2018-12-12 15:58:44 - [TEST_STEP][PASSED] - check: Object 'Object Repository/Final Object Repo/New Registration - Registration Module Pages/Form 1/Indusrty Address Same As Postal Address' is checked

2018-12-12 15:58:45 - [MESSAGE][PASSED] - Object 'Object Repository/Final Object Repo/New Registration - Registration Module Pages/Form 1/Indusrty Address Same As Postal Address' is checked

2018-12-12 15:58:45 - [TEST_STEP][PASSED] - delay: Delayed 3 second(s)

2018-12-12 15:58:48 - [MESSAGE][PASSED] - Delayed 3 second(s)

2018-12-12 15:58:48 - [TEST_STEP][PASSED] - click: Object: 'Object Repository/Final Object Repo/New Registration - Registration Module Pages/Form 1/Indusry Address Same As Postal Address False' is clicked on

2018-12-12 15:58:48 - [MESSAGE][PASSED] - Object: 'Object Repository/Final Object Repo/New Registration - Registration Module Pages/Form 1/Indusry Address Same As Postal Address False' is clicked on

2018-12-12 15:58:48 - [TEST_STEP][PASSED] - delay: Delayed 1 second(s)

2018-12-12 15:58:49 - [MESSAGE][PASSED] - Delayed 1 second(s)

2018-12-12 15:58:49 - [TEST_STEP][PASSED] - setText: Text 'perkeso1' is set on object 'Object Repository/Final Object Repo/New Registration - Registration Module Pages/Form 1/Industry Address1'

2018-12-12 15:58:49 - [MESSAGE][PASSED] - Text 'perkeso1' is set on object 'Object Repository/Final Object Repo/New Registration - Registration Module Pages/Form 1/Industry Address1'

2018-12-12 15:58:49 - [TEST_STEP][PASSED] - setText: Text 'perkeso2' is set on object 'Object Repository/Final Object Repo/New Registration - Registration Module Pages/Form 1/Industry Address2'

2018-12-12 15:58:50 - [MESSAGE][PASSED] - Text 'perkeso2' is set on object 'Object Repository/Final Object Repo/New Registration - Registration Module Pages/Form 1/Industry Address2'

2018-12-12 15:58:50 - [TEST_STEP][PASSED] - setText: Text 'perkeso3' is set on object 'Object Repository/Final Object Repo/New Registration - Registration Module Pages/Form 1/Industry Address3'

2018-12-12 15:58:50 - [MESSAGE][PASSED] - Text 'perkeso3' is set on object 'Object Repository/Final Object Repo/New Registration - Registration Module Pages/Form 1/Industry Address3'

2018-12-12 15:58:50 - [TEST_STEP][PASSED] - click: Object: 'Object Repository/Final Object Repo/New Registration - Registration Module Pages/Form 1/Industry State' is clicked on

2018-12-12 15:58:50 - [MESSAGE][PASSED] - Object: 'Object Repository/Final Object Repo/New Registration - Registration Module Pages/Form 1/Industry State' is clicked on

2018-12-12 15:58:50 - [TEST_STEP][PASSED] - delay: Delayed 2 second(s)

2018-12-12 15:58:52 - [MESSAGE][PASSED] - Delayed 2 second(s)

2018-12-12 15:58:52 - [TEST_STEP][PASSED] - click: Object: 'Object Repository/Final Object Repo/New Registration - Registration Module Pages/Form 1/Industry State - Johor' is clicked on

2018-12-12 15:58:52 - [MESSAGE][PASSED] - Object: 'Object Repository/Final Object Repo/New Registration - Registration Module Pages/Form 1/Industry State - Johor' is clicked on

2018-12-12 15:58:52 - [TEST_STEP][PASSED] - delay: Delayed 2 second(s)

2018-12-12 15:58:54 - [MESSAGE][PASSED] - Delayed 2 second(s)

2018-12-12 15:58:54 - [TEST_STEP][PASSED] - click: Object: 'Object Repository/Final Object Repo/New Registration - Registration Module Pages/Form 1/Industry Ciry' is clicked on

2018-12-12 15:58:54 - [MESSAGE][PASSED] - Object: 'Object Repository/Final Object Repo/New Registration - Registration Module Pages/Form 1/Industry Ciry' is clicked on

2018-12-12 15:58:54 - [TEST_STEP][PASSED] - setText: Text 'joh' is set on object 'Object Repository/Final Object Repo/New Registration - Registration Module Pages/Form 1/Industry Ciry - joh'

2018-12-12 15:58:55 - [MESSAGE][PASSED] - Text 'joh' is set on object 'Object Repository/Final Object Repo/New Registration - Registration Module Pages/Form 1/Industry Ciry - joh'

2018-12-12 15:58:55 - [TEST_STEP][PASSED] - delay: Delayed 2 second(s)

2018-12-12 15:58:57 - [MESSAGE][PASSED] - Delayed 2 second(s)

2018-12-12 15:58:57 - [TEST_STEP][PASSED] - click: Object: 'Object Repository/Final Object Repo/New Registration - Registration Module Pages/Form 1/Industy State - Johor Bharu' is clicked on

2018-12-12 15:58:57 - [MESSAGE][PASSED] - Object: 'Object Repository/Final Object Repo/New Registration - Registration Module Pages/Form 1/Industy State - Johor Bharu' is clicked on

2018-12-12 15:58:57 - [TEST_STEP][PASSED] - delay: Delayed 1 second(s)

2018-12-12 15:58:58 - [MESSAGE][PASSED] - Delayed 1 second(s)

2018-12-12 15:58:58 - [TEST_STEP][PASSED] - click: Object: 'Object Repository/Final Object Repo/New Registration - Registration Module Pages/Form 1/Indusry PostCode' is clicked on

2018-12-12 15:58:58 - [MESSAGE][PASSED] - Object: 'Object Repository/Final Object Repo/New Registration - Registration Module Pages/Form 1/Indusry PostCode' is clicked on

2018-12-12 15:58:58 - [TEST_STEP][PASSED] - delay: Delayed 1 second(s)

2018-12-12 15:58:59 - [MESSAGE][PASSED] - Delayed 1 second(s)

2018-12-12 15:58:59 - [TEST_STEP][PASSED] - setText: Text '810' is set on object 'Object Repository/Final Object Repo/New Registration - Registration Module Pages/Form 1/Insutry Post Code - 810'

2018-12-12 15:58:59 - [MESSAGE][PASSED] - Text '810' is set on object 'Object Repository/Final Object Repo/New Registration - Registration Module Pages/Form 1/Insutry Post Code - 810'

2018-12-12 15:58:59 - [TEST_STEP][PASSED] - delay: Delayed 1 second(s)

2018-12-12 15:59:00 - [MESSAGE][PASSED] - Delayed 1 second(s)

2018-12-12 15:59:00 - [TEST_STEP][PASSED] - click: Object: 'Object Repository/Final Object Repo/New Registration - Registration Module Pages/Form 1/Insutry Post Code - 81000' is clicked on

2018-12-12 15:59:01 - [MESSAGE][PASSED] - Object: 'Object Repository/Final Object Repo/New Registration - Registration Module Pages/Form 1/Insutry Post Code - 81000' is clicked on

2018-12-12 15:59:01 - [TEST_STEP][PASSED] - delay: Delayed 1 second(s)

2018-12-12 15:59:02 - [MESSAGE][PASSED] - Delayed 1 second(s)

2018-12-12 15:59:02 - [TEST_STEP][PASSED] - setText: Text '100' is set on object 'Object Repository/Final Object Repo/New Registration - Registration Module Pages/Form 1/Industry P.O.BOX'

2018-12-12 15:59:02 - [MESSAGE][PASSED] - Text '100' is set on object 'Object Repository/Final Object Repo/New Registration - Registration Module Pages/Form 1/Industry P.O.BOX'

2018-12-12 15:59:02 - [TEST_STEP][PASSED] - setText: Text '100' is set on object 'Object Repository/Final Object Repo/New Registration - Registration Module Pages/Form 1/Industry Locked Bag No'

2018-12-12 15:59:02 - [MESSAGE][PASSED] - Text '100' is set on object 'Object Repository/Final Object Repo/New Registration - Registration Module Pages/Form 1/Industry Locked Bag No'

2018-12-12 15:59:02 - [TEST_STEP][PASSED] - setText: Text '123456789' is set on object 'Object Repository/Final Object Repo/New Registration - Registration Module Pages/Form 1/Telephone No'

2018-12-12 15:59:03 - [MESSAGE][PASSED] - Text '123456789' is set on object 'Object Repository/Final Object Repo/New Registration - Registration Module Pages/Form 1/Telephone No'

2018-12-12 15:59:03 - [TEST_STEP][PASSED] - setText: Text '123456789' is set on object 'Object Repository/Final Object Repo/New Registration - Registration Module Pages/Form 1/Mobile No'

2018-12-12 15:59:03 - [MESSAGE][PASSED] - Text '123456789' is set on object 'Object Repository/Final Object Repo/New Registration - Registration Module Pages/Form 1/Mobile No'

2018-12-12 15:59:03 - [TEST_STEP][PASSED] - setText: Text '123456789' is set on object 'Object Repository/Final Object Repo/New Registration - Registration Module Pages/Form 1/Fax No'

2018-12-12 15:59:03 - [MESSAGE][PASSED] - Text '123456789' is set on object 'Object Repository/Final Object Repo/New Registration - Registration Module Pages/Form 1/Fax No'

2018-12-12 15:59:03 - [TEST_STEP][PASSED] - click: Object: 'Object Repository/Final Object Repo/New Registration - Registration Module Pages/Form 1/Industry Code' is clicked on

2018-12-12 15:59:03 - [MESSAGE][PASSED] - Object: 'Object Repository/Final Object Repo/New Registration - Registration Module Pages/Form 1/Industry Code' is clicked on

2018-12-12 15:59:03 - [TEST_STEP][PASSED] - click: Object: 'Object Repository/Final Object Repo/New Registration - Registration Module Pages/Form 1/Indudustry Code - Crops and Animal' is clicked on

2018-12-12 15:59:04 - [MESSAGE][PASSED] - Object: 'Object Repository/Final Object Repo/New Registration - Registration Module Pages/Form 1/Indudustry Code - Crops and Animal' is clicked on

2018-12-12 15:59:04 - [TEST_STEP][PASSED] - delay: Delayed 1 second(s)

2018-12-12 15:59:05 - [MESSAGE][PASSED] - Delayed 1 second(s)

2018-12-12 15:59:05 - [TEST_STEP][PASSED] - click: Object: 'Object Repository/Final Object Repo/New Registration - Registration Module Pages/Form 1/Sub Industry Code List' is clicked on

2018-12-12 15:59:05 - [MESSAGE][PASSED] - Object: 'Object Repository/Final Object Repo/New Registration - Registration Module Pages/Form 1/Sub Industry Code List' is clicked on

2018-12-12 15:59:05 - [TEST_STEP][PASSED] - click: Object: 'Object Repository/Final Object Repo/New Registration - Registration Module Pages/Form 1/Sub Industry Code List - Growing of Maize' is clicked on

2018-12-12 15:59:05 - [MESSAGE][PASSED] - Object: 'Object Repository/Final Object Repo/New Registration - Registration Module Pages/Form 1/Sub Industry Code List - Growing of Maize' is clicked on

2018-12-12 15:59:05 - [TEST_STEP][PASSED] - setText: Text 'perkeso123@gmail.com' is set on object 'Object Repository/Final Object Repo/New Registration - Registration Module Pages/Form 1/Email'

2018-12-12 15:59:06 - [MESSAGE][PASSED] - Text 'perkeso123@gmail.com' is set on object 'Object Repository/Final Object Repo/New Registration - Registration Module Pages/Form 1/Email'

2018-12-12 15:59:06 - [TEST_STEP][PASSED] - click: Object: 'Object Repository/Final Object Repo/New Registration - Registration Module Pages/Form 1/Method of Contribution Payment' is clicked on

2018-12-12 15:59:06 - [MESSAGE][PASSED] - Object: 'Object Repository/Final Object Repo/New Registration - Registration Module Pages/Form 1/Method of Contribution Payment' is clicked on

2018-12-12 15:59:06 - [TEST_STEP][PASSED] - click: Object: 'Object Repository/Final Object Repo/New Registration - Registration Module Pages/Form 1/Method of Contribution Payment - Portal' is clicked on

2018-12-12 15:59:06 - [MESSAGE][PASSED] - Object: 'Object Repository/Final Object Repo/New Registration - Registration Module Pages/Form 1/Method of Contribution Payment - Portal' is clicked on

2018-12-12 15:59:06 - [TEST_STEP][PASSED] - click: Object: 'Object Repository/Final Object Repo/New Registration - Registration Module Pages/Form 1/Servide Type' is clicked on

2018-12-12 15:59:07 - [MESSAGE][PASSED] - Object: 'Object Repository/Final Object Repo/New Registration - Registration Module Pages/Form 1/Servide Type' is clicked on

2018-12-12 15:59:07 - [TEST_STEP][PASSED] - click: Object: 'Object Repository/Final Object Repo/New Registration - Registration Module Pages/Form 1/Servide Type - Professional Bodies' is clicked on

2018-12-12 15:59:07 - [MESSAGE][PASSED] - Object: 'Object Repository/Final Object Repo/New Registration - Registration Module Pages/Form 1/Servide Type - Professional Bodies' is clicked on

2018-12-12 15:59:07 - [TEST_STEP][PASSED] - click: Object: 'Object Repository/Final Object Repo/New Registration - Registration Module Pages/Form 1/Industry Venue' is clicked on

2018-12-12 15:59:07 - [MESSAGE][PASSED] - Object: 'Object Repository/Final Object Repo/New Registration - Registration Module Pages/Form 1/Industry Venue' is clicked on

2018-12-12 15:59:07 - [TEST_STEP][PASSED] - click: Object: 'Object Repository/Final Object Repo/New Registration - Registration Module Pages/Form 1/Industry Venue -  PPN JOHOR' is clicked on

2018-12-12 15:59:07 - [MESSAGE][PASSED] - Object: 'Object Repository/Final Object Repo/New Registration - Registration Module Pages/Form 1/Industry Venue -  PPN JOHOR' is clicked on

2018-12-12 15:59:07 - [TEST_STEP][PASSED] - click: Object: 'Object Repository/Final Object Repo/New Registration - Registration Module Pages/Form 1/Save  Continue' is clicked on

2018-12-12 15:59:07 - [MESSAGE][PASSED] - Object: 'Object Repository/Final Object Repo/New Registration - Registration Module Pages/Form 1/Save  Continue' is clicked on

2018-12-12 15:59:07 - [MESSAGE][PASSED] - Call Test Case 'Test Cases/Final Aug 2018 - PKS Automation/Registration Module/New Registration/Form 1/Form 1 - Partnership - Not Registered' successfully

2018-12-12 15:59:07 - [TEST_STEP][PASSED] - callTestCase: Call Test Case 'Test Cases/Final Aug 2018 - PKS Automation/Registration Module/New Registration/Form 2/Add 2 Eligible 2 Not Eligible' successfully

2018-12-12 15:59:08 - [TEST_CASE][PASSED] - Test Cases/Final Aug 2018 - PKS Automation/Registration Module/New Registration/Form 2/Add 2 Eligible 2 Not Eligible: Test Cases/Final Aug 2018 - PKS Automation/Registration Module/New Registration/Form 2/Add 2 Eligible 2 Not Eligible

2018-12-12 15:59:08 - [TEST_STEP][PASSED] - delay: Delayed 2 second(s)

2018-12-12 15:59:10 - [MESSAGE][PASSED] - Delayed 2 second(s)

2018-12-12 15:59:10 - [TEST_STEP][PASSED] - callTestCase: Call Test Case 'Test Cases/Final Aug 2018 - PKS Automation/Registration Module/New Registration/Form 2/Date Updater' successfully

2018-12-12 15:59:10 - [TEST_CASE][PASSED] - Test Cases/Final Aug 2018 - PKS Automation/Registration Module/New Registration/Form 2/Date Updater: Test Cases/Final Aug 2018 - PKS Automation/Registration Module/New Registration/Form 2/Date Updater

2018-12-12 15:59:10 - [TEST_STEP][PASSED] - Statement - TodayDate = new java.util.Date(): null

2018-12-12 15:59:10 - [TEST_STEP][PASSED] - Statement - CurrentDateNoFilter = new java.text.SimpleDateFormat(): null

2018-12-12 15:59:10 - [TEST_STEP][PASSED] - Statement - CurrentDateNoFilter.applyPattern("MM"): null

2018-12-12 15:59:10 - [TEST_STEP][PASSED] - Statement - monthContainerMatcher = java.lang.Integer.parseInt(CurrentDateNoFilter.format(TodayDate)): null

2018-12-12 15:59:10 - [TEST_STEP][PASSED] - Statement - monthContainerMatcher = monthContainerMatcher - 1: null

2018-12-12 15:59:10 - [TEST_STEP][PASSED] - Statement - CurrentMonth = monthContainerMatcher.toString(): null

2018-12-12 15:59:10 - [TEST_STEP][PASSED] - Statement - CurrentMonth = CurrentMonth: null

2018-12-12 15:59:10 - [TEST_STEP][PASSED] - Statement - CurrentDateNoFilter.applyPattern("yyyy"): null

2018-12-12 15:59:10 - [TEST_STEP][PASSED] - Statement - CurrentYear = CurrentDateNoFilter.format(TodayDate): null

2018-12-12 15:59:10 - [TEST_STEP][PASSED] - Statement - CurrentYear = CurrentYear: null

2018-12-12 15:59:10 - [TEST_STEP][PASSED] - Statement - intCurrentYear = java.lang.Integer.parseInt(CurrentDateNoFilter.format(TodayDate)): null

2018-12-12 15:59:10 - [TEST_STEP][PASSED] - Statement - eighteenYrsAgo = intCurrentYear - 18: null

2018-12-12 15:59:10 - [TEST_STEP][PASSED] - Statement - eighteenYrsBeforeThisYr = eighteenYrsAgo.toString(): null

2018-12-12 15:59:10 - [TEST_STEP][PASSED] - Statement - EighteenYrsBefore = eighteenYrsBeforeThisYr: null

2018-12-12 15:59:10 - [TEST_STEP][PASSED] - Statement - fiftysevenYrsAgo = intCurrentYear - 57: null

2018-12-12 15:59:10 - [TEST_STEP][PASSED] - Statement - fiftysevenYrsBeforeThisYr = fiftysevenYrsAgo.toString(): null

2018-12-12 15:59:10 - [TEST_STEP][PASSED] - Statement - FiftysevenYrsBefore = fiftysevenYrsBeforeThisYr: null

2018-12-12 15:59:10 - [TEST_STEP][PASSED] - Statement - leapYear = false: null

2018-12-12 15:59:10 - [TEST_STEP][PASSED] - Statement - leapYear = intCurrentYear % 4 == 0: null

2018-12-12 15:59:10 - [TEST_STEP][PASSED] - Statement - CurrentDateNoFilter.applyPattern("dd"): null

2018-12-12 15:59:10 - [TEST_STEP][PASSED] - Statement - CurrentDate = CurrentDateNoFilter.format(TodayDate): null

2018-12-12 15:59:10 - [TEST_STEP][PASSED] - Statement - CurrentDate = java.lang.Integer.parseInt(CurrentDate): null

2018-12-12 15:59:10 - [TEST_STEP][PASSED] - Statement - CurrentDate = CurrentDate: null

2018-12-12 15:59:10 - [TEST_STEP][PASSED] - Statement - CurrentDay = java.lang.Integer.parseInt(CurrentDate): null

2018-12-12 15:59:10 - [TEST_STEP][PASSED] - Statement - ConfAdder = <not implemented yet for class: org.codehaus.groovy.ast.expr.EmptyExpression>: null

2018-12-12 15:59:10 - [TEST_STEP][PASSED] - Statement - out.println(CurrentMonth): null

2018-12-12 15:59:10 - [TEST_STEP][PASSED] - Statement - out.println(CurrentDate): null

2018-12-12 15:59:10 - [TEST_STEP][PASSED] - Statement - switch (CurrentDate): null

2018-12-12 15:59:10 - [TEST_STEP][PASSED] - Statement - Default: null

2018-12-12 15:59:10 - [TEST_STEP][PASSED] - Statement - ConfAdder = true: null

2018-12-12 15:59:10 - [TEST_STEP][PASSED] - Statement - Break: null

2018-12-12 15:59:10 - [TEST_STEP][PASSED] - Statement - aDayBefore = <not implemented yet for class: org.codehaus.groovy.ast.expr.EmptyExpression>: null

2018-12-12 15:59:10 - [TEST_STEP][PASSED] - Statement - out.println(ConfAdder): null

2018-12-12 15:59:10 - [TEST_STEP][PASSED] - Statement - If (ConfAdder == true): null

2018-12-12 15:59:10 - [TEST_STEP][PASSED] - Statement - aDayBefore = CurrentDay + 1: null

2018-12-12 15:59:10 - [TEST_STEP][PASSED] - Statement - out.println(aDayBefore): null

2018-12-12 15:59:10 - [TEST_STEP][PASSED] - Statement - If (aDayBefore == 1 && CurrentMonth == 11): null

2018-12-12 15:59:10 - [TEST_STEP][PASSED] - Statement - DayBefore = aDayBefore.toString(): null

2018-12-12 15:59:10 - [TEST_STEP][PASSED] - Statement - OneDayBefore = DayBefore: null

2018-12-12 15:59:10 - [MESSAGE][PASSED] - Call Test Case 'Test Cases/Final Aug 2018 - PKS Automation/Registration Module/New Registration/Form 2/Date Updater' successfully

2018-12-12 15:59:10 - [TEST_STEP][PASSED] - delay: Delayed 1 second(s)

2018-12-12 15:59:11 - [MESSAGE][PASSED] - Delayed 1 second(s)

2018-12-12 15:59:11 - [TEST_STEP][PASSED] - Statement - CaseReferenceNo = com.kms.katalon.core.webui.keyword.WebUiBuiltInKeywords.getText(com.kms.katalon.core.testobject.ObjectRepository.findTestObject(Final Object Repo/New Registration - Registration Module Pages/Form 2/RefNo Acquiring)): Text of object 'Object Repository/Final Object Repo/New Registration - Registration Module Pages/Form 2/RefNo Acquiring' is: 'CRN12201800123210'

2018-12-12 15:59:11 - [MESSAGE][PASSED] - Text of object 'Object Repository/Final Object Repo/New Registration - Registration Module Pages/Form 2/RefNo Acquiring' is: 'CRN12201800123210'

2018-12-12 15:59:11 - [TEST_STEP][PASSED] - delay: Delayed 1 second(s)

2018-12-12 15:59:12 - [MESSAGE][PASSED] - Delayed 1 second(s)

2018-12-12 15:59:12 - [TEST_STEP][PASSED] - click: Object: 'Object Repository/Final Object Repo/New Registration - Registration Module Pages/Form 2/Add Employee Button' is clicked on

2018-12-12 15:59:12 - [MESSAGE][PASSED] - Object: 'Object Repository/Final Object Repo/New Registration - Registration Module Pages/Form 2/Add Employee Button' is clicked on

2018-12-12 15:59:12 - [TEST_STEP][PASSED] - delay: Delayed 4 second(s)

2018-12-12 15:59:16 - [MESSAGE][PASSED] - Delayed 4 second(s)

2018-12-12 15:59:16 - [TEST_STEP][PASSED] - setText: Text '010903091927' is set on object 'Object Repository/Final Object Repo/New Registration - Registration Module Pages/Form 2/NRIC Input'

2018-12-12 15:59:16 - [MESSAGE][PASSED] - Text '010903091927' is set on object 'Object Repository/Final Object Repo/New Registration - Registration Module Pages/Form 2/NRIC Input'

2018-12-12 15:59:16 - [TEST_STEP][PASSED] - click: Object: 'Object Repository/Final Object Repo/New Registration - Registration Module Pages/Form 2/button for search for IC' is clicked on

2018-12-12 15:59:17 - [MESSAGE][PASSED] - Object: 'Object Repository/Final Object Repo/New Registration - Registration Module Pages/Form 2/button for search for IC' is clicked on

2018-12-12 15:59:17 - [TEST_STEP][PASSED] - delay: Delayed 2 second(s)

2018-12-12 15:59:19 - [MESSAGE][PASSED] - Delayed 2 second(s)

2018-12-12 15:59:19 - [TEST_STEP][PASSED] - setText: Text 'Automate001 eligible 1' is set on object 'Object Repository/Final Object Repo/New Registration - Registration Module Pages/Form 2/Employee Name Input'

2018-12-12 15:59:19 - [MESSAGE][PASSED] - Text 'Automate001 eligible 1' is set on object 'Object Repository/Final Object Repo/New Registration - Registration Module Pages/Form 2/Employee Name Input'

2018-12-12 15:59:19 - [TEST_STEP][PASSED] - delay: Delayed 2 second(s)

2018-12-12 15:59:21 - [MESSAGE][PASSED] - Delayed 2 second(s)

2018-12-12 15:59:21 - [TEST_STEP][PASSED] - click: Object: 'Object Repository/Final Object Repo/New Registration - Registration Module Pages/Form 2/DatePicker Pop Up' is clicked on

2018-12-12 15:59:21 - [MESSAGE][PASSED] - Object: 'Object Repository/Final Object Repo/New Registration - Registration Module Pages/Form 2/DatePicker Pop Up' is clicked on

2018-12-12 15:59:21 - [TEST_STEP][PASSED] - click: Object: 'Object Repository/Final Object Repo/New Registration - Registration Module Pages/Form 2/DOB Month' is clicked on

2018-12-12 15:59:22 - [MESSAGE][PASSED] - Object: 'Object Repository/Final Object Repo/New Registration - Registration Module Pages/Form 2/DOB Month' is clicked on

2018-12-12 15:59:22 - [TEST_STEP][PASSED] - Statement - CurrentMonth = CurrentMonth: null

2018-12-12 15:59:22 - [TEST_STEP][PASSED] - Statement - selectMonth = new com.kms.katalon.core.testobject.TestObject(): null

2018-12-12 15:59:22 - [TEST_STEP][PASSED] - Statement - selectMonth.addProperty("xpath", EQUALS, "//body/div/div/div/select/option[@value='" + CurrentMonth + "']", true): null

2018-12-12 15:59:22 - [TEST_STEP][PASSED] - click: Object: '' is clicked on

2018-12-12 15:59:22 - [MESSAGE][PASSED] - Object: '' is clicked on

2018-12-12 15:59:22 - [TEST_STEP][PASSED] - click: Object: 'Object Repository/Final Object Repo/New Registration - Registration Module Pages/Form 2/DOB Year' is clicked on

2018-12-12 15:59:22 - [MESSAGE][PASSED] - Object: 'Object Repository/Final Object Repo/New Registration - Registration Module Pages/Form 2/DOB Year' is clicked on

2018-12-12 15:59:22 - [TEST_STEP][PASSED] - Statement - Eyearsbf = EighteenYrsBefore: null

2018-12-12 15:59:22 - [TEST_STEP][PASSED] - Statement - selectYear = new com.kms.katalon.core.testobject.TestObject(): null

2018-12-12 15:59:22 - [TEST_STEP][PASSED] - Statement - selectYear.addProperty("xpath", EQUALS, "//div/div/div/select/option[@value='" + Eyearsbf + "']", true): null

2018-12-12 15:59:22 - [TEST_STEP][PASSED] - click: Object: '' is clicked on

2018-12-12 15:59:22 - [MESSAGE][PASSED] - Object: '' is clicked on

2018-12-12 15:59:22 - [TEST_STEP][PASSED] - Statement - UpdatedSelectDate = com.kms.katalon.core.webui.keyword.WebUiBuiltInKeywords.modifyObjectProperty(com.kms.katalon.core.testobject.ObjectRepository.findTestObject(Final Object Repo/New Registration - Registration Module Pages/Form 2/DOB Date), "xpath", "equals", "//body/div/table/tbody/tr/td/a[text()="" + CurrentDate + ""]", true): Modify property of object successfully

2018-12-12 15:59:22 - [MESSAGE][PASSED] - Modify property of object successfully

2018-12-12 15:59:22 - [TEST_STEP][PASSED] - delay: Delayed 3 second(s)

2018-12-12 15:59:25 - [MESSAGE][PASSED] - Delayed 3 second(s)

2018-12-12 15:59:25 - [TEST_STEP][PASSED] - click: Object: 'Object Repository/Final Object Repo/New Registration - Registration Module Pages/Form 2/DOB Date' is clicked on

2018-12-12 15:59:25 - [MESSAGE][PASSED] - Object: 'Object Repository/Final Object Repo/New Registration - Registration Module Pages/Form 2/DOB Date' is clicked on

2018-12-12 15:59:25 - [TEST_STEP][PASSED] - delay: Delayed 2 second(s)

2018-12-12 15:59:27 - [MESSAGE][PASSED] - Delayed 2 second(s)

2018-12-12 15:59:27 - [TEST_STEP][PASSED] - click: Object: 'Object Repository/Final Object Repo/New Registration - Registration Module Pages/Form 2/EmploymentStartDate Pop Up' is clicked on

2018-12-12 15:59:27 - [MESSAGE][PASSED] - Object: 'Object Repository/Final Object Repo/New Registration - Registration Module Pages/Form 2/EmploymentStartDate Pop Up' is clicked on

2018-12-12 15:59:27 - [TEST_STEP][PASSED] - delay: Delayed 2 second(s)

2018-12-12 15:59:29 - [MESSAGE][PASSED] - Delayed 2 second(s)

2018-12-12 15:59:29 - [TEST_STEP][PASSED] - click: Object: 'Object Repository/Final Object Repo/New Registration - Registration Module Pages/Form 2/Socso Employment StartDate Month' is clicked on

2018-12-12 15:59:29 - [MESSAGE][PASSED] - Object: 'Object Repository/Final Object Repo/New Registration - Registration Module Pages/Form 2/Socso Employment StartDate Month' is clicked on

2018-12-12 15:59:29 - [TEST_STEP][PASSED] - delay: Delayed 1 second(s)

2018-12-12 15:59:30 - [MESSAGE][PASSED] - Delayed 1 second(s)

2018-12-12 15:59:30 - [TEST_STEP][PASSED] - click: Object: 'Object Repository/Final Object Repo/New Registration - Registration Module Pages/Form 2/Select Socso Employement Startdate Month' is clicked on

2018-12-12 15:59:31 - [MESSAGE][PASSED] - Object: 'Object Repository/Final Object Repo/New Registration - Registration Module Pages/Form 2/Select Socso Employement Startdate Month' is clicked on

2018-12-12 15:59:31 - [TEST_STEP][PASSED] - delay: Delayed 2 second(s)

2018-12-12 15:59:33 - [MESSAGE][PASSED] - Delayed 2 second(s)

2018-12-12 15:59:33 - [TEST_STEP][PASSED] - click: Object: 'Object Repository/Final Object Repo/New Registration - Registration Module Pages/Form 2/Socso Employment StartDate Year' is clicked on

2018-12-12 15:59:33 - [MESSAGE][PASSED] - Object: 'Object Repository/Final Object Repo/New Registration - Registration Module Pages/Form 2/Socso Employment StartDate Year' is clicked on

2018-12-12 15:59:33 - [TEST_STEP][PASSED] - delay: Delayed 1 second(s)

2018-12-12 15:59:34 - [MESSAGE][PASSED] - Delayed 1 second(s)

2018-12-12 15:59:34 - [TEST_STEP][PASSED] - click: Object: 'Object Repository/Final Object Repo/New Registration - Registration Module Pages/Form 2/Select Socso Employment Startdate Year' is clicked on

2018-12-12 15:59:34 - [MESSAGE][PASSED] - Object: 'Object Repository/Final Object Repo/New Registration - Registration Module Pages/Form 2/Select Socso Employment Startdate Year' is clicked on

2018-12-12 15:59:34 - [TEST_STEP][PASSED] - delay: Delayed 2 second(s)

2018-12-12 15:59:36 - [MESSAGE][PASSED] - Delayed 2 second(s)

2018-12-12 15:59:36 - [TEST_STEP][PASSED] - click: Object: 'Object Repository/Final Object Repo/New Registration - Registration Module Pages/Form 2/Socso Employment Start Date Day' is clicked on

2018-12-12 15:59:36 - [MESSAGE][PASSED] - Object: 'Object Repository/Final Object Repo/New Registration - Registration Module Pages/Form 2/Socso Employment Start Date Day' is clicked on

2018-12-12 15:59:36 - [TEST_STEP][PASSED] - delay: Delayed 2 second(s)

2018-12-12 15:59:38 - [MESSAGE][PASSED] - Delayed 2 second(s)

2018-12-12 15:59:38 - [TEST_STEP][PASSED] - click: Object: 'Object Repository/Final Object Repo/New Registration - Registration Module Pages/Form 2/Save Button for Add Employee' is clicked on

2018-12-12 15:59:38 - [MESSAGE][PASSED] - Object: 'Object Repository/Final Object Repo/New Registration - Registration Module Pages/Form 2/Save Button for Add Employee' is clicked on

2018-12-12 15:59:38 - [TEST_STEP][PASSED] - delay: Delayed 6 second(s)

2018-12-12 15:59:44 - [MESSAGE][PASSED] - Delayed 6 second(s)

2018-12-12 15:59:44 - [TEST_STEP][PASSED] - click: Object: 'Object Repository/Final Object Repo/New Registration - Registration Module Pages/Form 2/Add Employee Button' is clicked on

2018-12-12 15:59:45 - [MESSAGE][PASSED] - Object: 'Object Repository/Final Object Repo/New Registration - Registration Module Pages/Form 2/Add Employee Button' is clicked on

2018-12-12 15:59:45 - [TEST_STEP][PASSED] - delay: Delayed 4 second(s)

2018-12-12 15:59:49 - [MESSAGE][PASSED] - Delayed 4 second(s)

2018-12-12 15:59:49 - [TEST_STEP][PASSED] - setText: Text '620904059691' is set on object 'Object Repository/Final Object Repo/New Registration - Registration Module Pages/Form 2/NRIC Input'

2018-12-12 15:59:49 - [MESSAGE][PASSED] - Text '620904059691' is set on object 'Object Repository/Final Object Repo/New Registration - Registration Module Pages/Form 2/NRIC Input'

2018-12-12 15:59:49 - [TEST_STEP][PASSED] - click: Object: 'Object Repository/Final Object Repo/New Registration - Registration Module Pages/Form 2/button for search for IC' is clicked on

2018-12-12 15:59:49 - [MESSAGE][PASSED] - Object: 'Object Repository/Final Object Repo/New Registration - Registration Module Pages/Form 2/button for search for IC' is clicked on

2018-12-12 15:59:49 - [TEST_STEP][PASSED] - delay: Delayed 2 second(s)

2018-12-12 15:59:51 - [MESSAGE][PASSED] - Delayed 2 second(s)

2018-12-12 15:59:51 - [TEST_STEP][PASSED] - setText: Text 'Automate001 eligible 2' is set on object 'Object Repository/Final Object Repo/New Registration - Registration Module Pages/Form 2/Employee Name Input'

2018-12-12 15:59:52 - [MESSAGE][PASSED] - Text 'Automate001 eligible 2' is set on object 'Object Repository/Final Object Repo/New Registration - Registration Module Pages/Form 2/Employee Name Input'

2018-12-12 15:59:52 - [TEST_STEP][PASSED] - delay: Delayed 2 second(s)

2018-12-12 15:59:54 - [MESSAGE][PASSED] - Delayed 2 second(s)

2018-12-12 15:59:54 - [TEST_STEP][PASSED] - click: Object: 'Object Repository/Final Object Repo/New Registration - Registration Module Pages/Form 2/DatePicker Pop Up' is clicked on

2018-12-12 15:59:54 - [MESSAGE][PASSED] - Object: 'Object Repository/Final Object Repo/New Registration - Registration Module Pages/Form 2/DatePicker Pop Up' is clicked on

2018-12-12 15:59:54 - [TEST_STEP][PASSED] - delay: Delayed 2 second(s)

2018-12-12 15:59:56 - [MESSAGE][PASSED] - Delayed 2 second(s)

2018-12-12 15:59:56 - [TEST_STEP][PASSED] - click: Object: 'Object Repository/Final Object Repo/New Registration - Registration Module Pages/Form 2/DOB Month' is clicked on

2018-12-12 15:59:56 - [MESSAGE][PASSED] - Object: 'Object Repository/Final Object Repo/New Registration - Registration Module Pages/Form 2/DOB Month' is clicked on

2018-12-12 15:59:56 - [TEST_STEP][PASSED] - Statement - selectMonth = com.kms.katalon.core.webui.keyword.WebUiBuiltInKeywords.modifyObjectProperty(selectMonth, "xpath", "equals", "//body/div/div/div/select/option[@value="" + CurrentMonth + ""]", true): Modify property of object successfully

2018-12-12 15:59:56 - [MESSAGE][PASSED] - Modify property of object successfully

2018-12-12 15:59:56 - [TEST_STEP][PASSED] - click: Object: '' is clicked on

2018-12-12 15:59:56 - [MESSAGE][PASSED] - Object: '' is clicked on

2018-12-12 15:59:56 - [TEST_STEP][PASSED] - click: Object: 'Object Repository/Final Object Repo/New Registration - Registration Module Pages/Form 2/DOB Year' is clicked on

2018-12-12 15:59:56 - [MESSAGE][PASSED] - Object: 'Object Repository/Final Object Repo/New Registration - Registration Module Pages/Form 2/DOB Year' is clicked on

2018-12-12 15:59:56 - [TEST_STEP][PASSED] - Statement - selectYear = com.kms.katalon.core.webui.keyword.WebUiBuiltInKeywords.modifyObjectProperty(selectYear, "xpath", "equals", "//div/div/div/select/option[@value="" + FiftysevenYrsBefore + ""]", true): Modify property of object successfully

2018-12-12 15:59:56 - [MESSAGE][PASSED] - Modify property of object successfully

2018-12-12 15:59:56 - [TEST_STEP][PASSED] - click: Object: '' is clicked on

2018-12-12 15:59:56 - [MESSAGE][PASSED] - Object: '' is clicked on

2018-12-12 15:59:56 - [TEST_STEP][PASSED] - Statement - UpdatedSelectDate = com.kms.katalon.core.webui.keyword.WebUiBuiltInKeywords.modifyObjectProperty(com.kms.katalon.core.testobject.ObjectRepository.findTestObject(Final Object Repo/New Registration - Registration Module Pages/Form 2/DOB Date), "xpath", "equals", "//body/div/table/tbody/tr/td/a[text()="" + OneDayBefore + ""]", true): Modify property of object successfully

2018-12-12 15:59:56 - [MESSAGE][PASSED] - Modify property of object successfully

2018-12-12 15:59:56 - [TEST_STEP][PASSED] - click: Object: 'Object Repository/Final Object Repo/New Registration - Registration Module Pages/Form 2/DOB Date' is clicked on

2018-12-12 15:59:57 - [MESSAGE][PASSED] - Object: 'Object Repository/Final Object Repo/New Registration - Registration Module Pages/Form 2/DOB Date' is clicked on

2018-12-12 15:59:57 - [TEST_STEP][PASSED] - delay: Delayed 2 second(s)

2018-12-12 15:59:59 - [MESSAGE][PASSED] - Delayed 2 second(s)

2018-12-12 15:59:59 - [TEST_STEP][PASSED] - click: Object: 'Object Repository/Final Object Repo/New Registration - Registration Module Pages/Form 2/EmploymentStartDate Pop Up' is clicked on

2018-12-12 15:59:59 - [MESSAGE][PASSED] - Object: 'Object Repository/Final Object Repo/New Registration - Registration Module Pages/Form 2/EmploymentStartDate Pop Up' is clicked on

2018-12-12 15:59:59 - [TEST_STEP][PASSED] - delay: Delayed 2 second(s)

2018-12-12 16:00:01 - [MESSAGE][PASSED] - Delayed 2 second(s)

2018-12-12 16:00:01 - [TEST_STEP][PASSED] - click: Object: 'Object Repository/Final Object Repo/New Registration - Registration Module Pages/Form 2/Socso Employment StartDate Month' is clicked on

2018-12-12 16:00:01 - [MESSAGE][PASSED] - Object: 'Object Repository/Final Object Repo/New Registration - Registration Module Pages/Form 2/Socso Employment StartDate Month' is clicked on

2018-12-12 16:00:01 - [TEST_STEP][PASSED] - delay: Delayed 1 second(s)

2018-12-12 16:00:02 - [MESSAGE][PASSED] - Delayed 1 second(s)

2018-12-12 16:00:02 - [TEST_STEP][PASSED] - click: Object: 'Object Repository/Final Object Repo/New Registration - Registration Module Pages/Form 2/Select Socso Employement Startdate Month' is clicked on

2018-12-12 16:00:02 - [MESSAGE][PASSED] - Object: 'Object Repository/Final Object Repo/New Registration - Registration Module Pages/Form 2/Select Socso Employement Startdate Month' is clicked on

2018-12-12 16:00:02 - [TEST_STEP][PASSED] - delay: Delayed 2 second(s)

2018-12-12 16:00:04 - [MESSAGE][PASSED] - Delayed 2 second(s)

2018-12-12 16:00:04 - [TEST_STEP][PASSED] - click: Object: 'Object Repository/Final Object Repo/New Registration - Registration Module Pages/Form 2/Socso Employment StartDate Year' is clicked on

2018-12-12 16:00:04 - [MESSAGE][PASSED] - Object: 'Object Repository/Final Object Repo/New Registration - Registration Module Pages/Form 2/Socso Employment StartDate Year' is clicked on

2018-12-12 16:00:04 - [TEST_STEP][PASSED] - delay: Delayed 1 second(s)

2018-12-12 16:00:05 - [MESSAGE][PASSED] - Delayed 1 second(s)

2018-12-12 16:00:05 - [TEST_STEP][PASSED] - click: Object: 'Object Repository/Final Object Repo/New Registration - Registration Module Pages/Form 2/Select Socso Employment Startdate Year' is clicked on

2018-12-12 16:00:05 - [MESSAGE][PASSED] - Object: 'Object Repository/Final Object Repo/New Registration - Registration Module Pages/Form 2/Select Socso Employment Startdate Year' is clicked on

2018-12-12 16:00:05 - [TEST_STEP][PASSED] - delay: Delayed 2 second(s)

2018-12-12 16:00:07 - [MESSAGE][PASSED] - Delayed 2 second(s)

2018-12-12 16:00:07 - [TEST_STEP][PASSED] - click: Object: 'Object Repository/Final Object Repo/New Registration - Registration Module Pages/Form 2/Socso Employment Start Date Day' is clicked on

2018-12-12 16:00:08 - [MESSAGE][PASSED] - Object: 'Object Repository/Final Object Repo/New Registration - Registration Module Pages/Form 2/Socso Employment Start Date Day' is clicked on

2018-12-12 16:00:08 - [TEST_STEP][PASSED] - delay: Delayed 2 second(s)

2018-12-12 16:00:10 - [MESSAGE][PASSED] - Delayed 2 second(s)

2018-12-12 16:00:10 - [TEST_STEP][PASSED] - click: Object: 'Object Repository/Final Object Repo/New Registration - Registration Module Pages/Form 2/Save Button for Add Employee' is clicked on

2018-12-12 16:00:10 - [MESSAGE][PASSED] - Object: 'Object Repository/Final Object Repo/New Registration - Registration Module Pages/Form 2/Save Button for Add Employee' is clicked on

2018-12-12 16:00:10 - [TEST_STEP][PASSED] - delay: Delayed 4 second(s)

2018-12-12 16:00:14 - [MESSAGE][PASSED] - Delayed 4 second(s)

2018-12-12 16:00:14 - [TEST_STEP][PASSED] - delay: Delayed 30 second(s)

2018-12-12 16:00:44 - [MESSAGE][PASSED] - Delayed 30 second(s)

2018-12-12 16:00:44 - [TEST_STEP][PASSED] - click: Object: 'Object Repository/Final Object Repo/New Registration - Registration Module Pages/Form 2/Add Employee Button' is clicked on

2018-12-12 16:00:44 - [MESSAGE][PASSED] - Object: 'Object Repository/Final Object Repo/New Registration - Registration Module Pages/Form 2/Add Employee Button' is clicked on

2018-12-12 16:00:44 - [TEST_STEP][PASSED] - delay: Delayed 4 second(s)

2018-12-12 16:00:48 - [MESSAGE][PASSED] - Delayed 4 second(s)

2018-12-12 16:00:48 - [TEST_STEP][PASSED] - setText: Text '000209039145' is set on object 'Object Repository/Final Object Repo/New Registration - Registration Module Pages/Form 2/NRIC Input'

2018-12-12 16:00:48 - [MESSAGE][PASSED] - Text '000209039145' is set on object 'Object Repository/Final Object Repo/New Registration - Registration Module Pages/Form 2/NRIC Input'

2018-12-12 16:00:48 - [TEST_STEP][PASSED] - click: Object: 'Object Repository/Final Object Repo/New Registration - Registration Module Pages/Form 2/button for search for IC' is clicked on

2018-12-12 16:00:49 - [MESSAGE][PASSED] - Object: 'Object Repository/Final Object Repo/New Registration - Registration Module Pages/Form 2/button for search for IC' is clicked on

2018-12-12 16:00:49 - [TEST_STEP][PASSED] - delay: Delayed 2 second(s)

2018-12-12 16:00:51 - [MESSAGE][PASSED] - Delayed 2 second(s)

2018-12-12 16:00:51 - [TEST_STEP][PASSED] - setText: Text 'Automate001 not eligible 1' is set on object 'Object Repository/Final Object Repo/New Registration - Registration Module Pages/Form 2/Employee Name Input'

2018-12-12 16:00:51 - [MESSAGE][PASSED] - Text 'Automate001 not eligible 1' is set on object 'Object Repository/Final Object Repo/New Registration - Registration Module Pages/Form 2/Employee Name Input'

2018-12-12 16:00:51 - [TEST_STEP][PASSED] - delay: Delayed 2 second(s)

2018-12-12 16:00:53 - [MESSAGE][PASSED] - Delayed 2 second(s)

2018-12-12 16:00:53 - [TEST_STEP][PASSED] - click: Object: 'Object Repository/Final Object Repo/New Registration - Registration Module Pages/Form 2/DatePicker Pop Up' is clicked on

2018-12-12 16:00:53 - [MESSAGE][PASSED] - Object: 'Object Repository/Final Object Repo/New Registration - Registration Module Pages/Form 2/DatePicker Pop Up' is clicked on

2018-12-12 16:00:53 - [TEST_STEP][PASSED] - delay: Delayed 2 second(s)

2018-12-12 16:00:55 - [MESSAGE][PASSED] - Delayed 2 second(s)

2018-12-12 16:00:55 - [TEST_STEP][PASSED] - click: Object: 'Object Repository/Final Object Repo/New Registration - Registration Module Pages/Form 2/DOB Month' is clicked on

2018-12-12 16:00:55 - [MESSAGE][PASSED] - Object: 'Object Repository/Final Object Repo/New Registration - Registration Module Pages/Form 2/DOB Month' is clicked on

2018-12-12 16:00:56 - [TEST_STEP][PASSED] - Statement - selectMonth = com.kms.katalon.core.webui.keyword.WebUiBuiltInKeywords.modifyObjectProperty(selectMonth, "xpath", "equals", "//body/div/div/div/select/option[@value="" + CurrentMonth + ""]", true): Modify property of object successfully

2018-12-12 16:00:56 - [MESSAGE][PASSED] - Modify property of object successfully

2018-12-12 16:00:56 - [TEST_STEP][PASSED] - click: Object: '' is clicked on

2018-12-12 16:00:56 - [MESSAGE][PASSED] - Object: '' is clicked on

2018-12-12 16:00:56 - [TEST_STEP][PASSED] - click: Object: 'Object Repository/Final Object Repo/New Registration - Registration Module Pages/Form 2/DOB Year' is clicked on

2018-12-12 16:00:56 - [MESSAGE][PASSED] - Object: 'Object Repository/Final Object Repo/New Registration - Registration Module Pages/Form 2/DOB Year' is clicked on

2018-12-12 16:00:56 - [TEST_STEP][PASSED] - Statement - selectYear = com.kms.katalon.core.webui.keyword.WebUiBuiltInKeywords.modifyObjectProperty(selectYear, "xpath", "equals", "//div/div/div/select/option[@value="" + EighteenYrsBefore + ""]", true): Modify property of object successfully

2018-12-12 16:00:56 - [MESSAGE][PASSED] - Modify property of object successfully

2018-12-12 16:00:56 - [TEST_STEP][PASSED] - click: Object: '' is clicked on

2018-12-12 16:00:56 - [MESSAGE][PASSED] - Object: '' is clicked on

2018-12-12 16:00:56 - [TEST_STEP][PASSED] - Statement - UpdatedSelectDate = com.kms.katalon.core.webui.keyword.WebUiBuiltInKeywords.modifyObjectProperty(com.kms.katalon.core.testobject.ObjectRepository.findTestObject(Final Object Repo/New Registration - Registration Module Pages/Form 2/DOB Date), "xpath", "equals", "//body/div/table/tbody/tr/td/a[text()="" + OneDayBefore + ""]", true): Modify property of object successfully

2018-12-12 16:00:56 - [MESSAGE][PASSED] - Modify property of object successfully

2018-12-12 16:00:56 - [TEST_STEP][PASSED] - click: Object: 'Object Repository/Final Object Repo/New Registration - Registration Module Pages/Form 2/DOB Date' is clicked on

2018-12-12 16:00:56 - [MESSAGE][PASSED] - Object: 'Object Repository/Final Object Repo/New Registration - Registration Module Pages/Form 2/DOB Date' is clicked on

2018-12-12 16:00:56 - [TEST_STEP][PASSED] - delay: Delayed 2 second(s)

2018-12-12 16:00:58 - [MESSAGE][PASSED] - Delayed 2 second(s)

2018-12-12 16:00:58 - [TEST_STEP][PASSED] - click: Object: 'Object Repository/Final Object Repo/New Registration - Registration Module Pages/Form 2/EmploymentStartDate Pop Up' is clicked on

2018-12-12 16:00:58 - [MESSAGE][PASSED] - Object: 'Object Repository/Final Object Repo/New Registration - Registration Module Pages/Form 2/EmploymentStartDate Pop Up' is clicked on

2018-12-12 16:00:58 - [TEST_STEP][PASSED] - delay: Delayed 2 second(s)

2018-12-12 16:01:00 - [MESSAGE][PASSED] - Delayed 2 second(s)

2018-12-12 16:01:00 - [TEST_STEP][PASSED] - click: Object: 'Object Repository/Final Object Repo/New Registration - Registration Module Pages/Form 2/Socso Employment StartDate Month' is clicked on

2018-12-12 16:01:00 - [MESSAGE][PASSED] - Object: 'Object Repository/Final Object Repo/New Registration - Registration Module Pages/Form 2/Socso Employment StartDate Month' is clicked on

2018-12-12 16:01:00 - [TEST_STEP][PASSED] - delay: Delayed 1 second(s)

2018-12-12 16:01:01 - [MESSAGE][PASSED] - Delayed 1 second(s)

2018-12-12 16:01:01 - [TEST_STEP][PASSED] - click: Object: 'Object Repository/Final Object Repo/New Registration - Registration Module Pages/Form 2/Select Socso Employement Startdate Month' is clicked on

2018-12-12 16:01:02 - [MESSAGE][PASSED] - Object: 'Object Repository/Final Object Repo/New Registration - Registration Module Pages/Form 2/Select Socso Employement Startdate Month' is clicked on

2018-12-12 16:01:02 - [TEST_STEP][PASSED] - delay: Delayed 2 second(s)

2018-12-12 16:01:04 - [MESSAGE][PASSED] - Delayed 2 second(s)

2018-12-12 16:01:04 - [TEST_STEP][PASSED] - click: Object: 'Object Repository/Final Object Repo/New Registration - Registration Module Pages/Form 2/Socso Employment StartDate Year' is clicked on

2018-12-12 16:01:04 - [MESSAGE][PASSED] - Object: 'Object Repository/Final Object Repo/New Registration - Registration Module Pages/Form 2/Socso Employment StartDate Year' is clicked on

2018-12-12 16:01:04 - [TEST_STEP][PASSED] - delay: Delayed 1 second(s)

2018-12-12 16:01:05 - [MESSAGE][PASSED] - Delayed 1 second(s)

2018-12-12 16:01:05 - [TEST_STEP][PASSED] - click: Object: 'Object Repository/Final Object Repo/New Registration - Registration Module Pages/Form 2/Select Socso Employment Startdate Year' is clicked on

2018-12-12 16:01:05 - [MESSAGE][PASSED] - Object: 'Object Repository/Final Object Repo/New Registration - Registration Module Pages/Form 2/Select Socso Employment Startdate Year' is clicked on

2018-12-12 16:01:05 - [TEST_STEP][PASSED] - delay: Delayed 2 second(s)

2018-12-12 16:01:07 - [MESSAGE][PASSED] - Delayed 2 second(s)

2018-12-12 16:01:07 - [TEST_STEP][PASSED] - click: Object: 'Object Repository/Final Object Repo/New Registration - Registration Module Pages/Form 2/Socso Employment Start Date Day' is clicked on

2018-12-12 16:01:07 - [MESSAGE][PASSED] - Object: 'Object Repository/Final Object Repo/New Registration - Registration Module Pages/Form 2/Socso Employment Start Date Day' is clicked on

2018-12-12 16:01:07 - [TEST_STEP][PASSED] - delay: Delayed 2 second(s)

2018-12-12 16:01:09 - [MESSAGE][PASSED] - Delayed 2 second(s)

2018-12-12 16:01:09 - [TEST_STEP][PASSED] - click: Object: 'Object Repository/Final Object Repo/New Registration - Registration Module Pages/Form 2/Save Button for Add Employee' is clicked on

2018-12-12 16:01:09 - [MESSAGE][PASSED] - Object: 'Object Repository/Final Object Repo/New Registration - Registration Module Pages/Form 2/Save Button for Add Employee' is clicked on

2018-12-12 16:01:09 - [TEST_STEP][PASSED] - delay: Delayed 6 second(s)

2018-12-12 16:01:15 - [MESSAGE][PASSED] - Delayed 6 second(s)

2018-12-12 16:01:15 - [TEST_STEP][PASSED] - click: Object: 'Object Repository/Final Object Repo/New Registration - Registration Module Pages/Form 2/Add Employee Button' is clicked on

2018-12-12 16:01:16 - [MESSAGE][PASSED] - Object: 'Object Repository/Final Object Repo/New Registration - Registration Module Pages/Form 2/Add Employee Button' is clicked on

2018-12-12 16:01:16 - [TEST_STEP][PASSED] - delay: Delayed 4 second(s)

2018-12-12 16:01:20 - [MESSAGE][PASSED] - Delayed 4 second(s)

2018-12-12 16:01:20 - [TEST_STEP][PASSED] - setText: Text '600203039154' is set on object 'Object Repository/Final Object Repo/New Registration - Registration Module Pages/Form 2/NRIC Input'

2018-12-12 16:01:20 - [MESSAGE][PASSED] - Text '600203039154' is set on object 'Object Repository/Final Object Repo/New Registration - Registration Module Pages/Form 2/NRIC Input'

2018-12-12 16:01:20 - [TEST_STEP][PASSED] - click: Object: 'Object Repository/Final Object Repo/New Registration - Registration Module Pages/Form 2/button for search for IC' is clicked on

2018-12-12 16:01:20 - [MESSAGE][PASSED] - Object: 'Object Repository/Final Object Repo/New Registration - Registration Module Pages/Form 2/button for search for IC' is clicked on

2018-12-12 16:01:20 - [TEST_STEP][PASSED] - delay: Delayed 2 second(s)

2018-12-12 16:01:22 - [MESSAGE][PASSED] - Delayed 2 second(s)

2018-12-12 16:01:22 - [TEST_STEP][PASSED] - setText: Text 'Automate001 not eligible 2' is set on object 'Object Repository/Final Object Repo/New Registration - Registration Module Pages/Form 2/Employee Name Input'

2018-12-12 16:01:23 - [MESSAGE][PASSED] - Text 'Automate001 not eligible 2' is set on object 'Object Repository/Final Object Repo/New Registration - Registration Module Pages/Form 2/Employee Name Input'

2018-12-12 16:01:23 - [TEST_STEP][PASSED] - delay: Delayed 2 second(s)

2018-12-12 16:01:25 - [MESSAGE][PASSED] - Delayed 2 second(s)

2018-12-12 16:01:25 - [TEST_STEP][PASSED] - click: Object: 'Object Repository/Final Object Repo/New Registration - Registration Module Pages/Form 2/DatePicker Pop Up' is clicked on

2018-12-12 16:01:25 - [MESSAGE][PASSED] - Object: 'Object Repository/Final Object Repo/New Registration - Registration Module Pages/Form 2/DatePicker Pop Up' is clicked on

2018-12-12 16:01:25 - [TEST_STEP][PASSED] - delay: Delayed 2 second(s)

2018-12-12 16:01:27 - [MESSAGE][PASSED] - Delayed 2 second(s)

2018-12-12 16:01:27 - [TEST_STEP][PASSED] - click: Object: 'Object Repository/Final Object Repo/New Registration - Registration Module Pages/Form 2/DOB Month' is clicked on

2018-12-12 16:01:27 - [MESSAGE][PASSED] - Object: 'Object Repository/Final Object Repo/New Registration - Registration Module Pages/Form 2/DOB Month' is clicked on

2018-12-12 16:01:27 - [TEST_STEP][PASSED] - Statement - selectMonth = com.kms.katalon.core.webui.keyword.WebUiBuiltInKeywords.modifyObjectProperty(selectMonth, "xpath", "equals", "//body/div/div/div/select/option[@value="" + CurrentMonth + ""]", true): Modify property of object successfully

2018-12-12 16:01:27 - [MESSAGE][PASSED] - Modify property of object successfully

2018-12-12 16:01:27 - [TEST_STEP][PASSED] - click: Object: '' is clicked on

2018-12-12 16:01:27 - [MESSAGE][PASSED] - Object: '' is clicked on

2018-12-12 16:01:27 - [TEST_STEP][PASSED] - click: Object: 'Object Repository/Final Object Repo/New Registration - Registration Module Pages/Form 2/DOB Year' is clicked on

2018-12-12 16:01:27 - [MESSAGE][PASSED] - Object: 'Object Repository/Final Object Repo/New Registration - Registration Module Pages/Form 2/DOB Year' is clicked on

2018-12-12 16:01:27 - [TEST_STEP][PASSED] - Statement - selectYear = com.kms.katalon.core.webui.keyword.WebUiBuiltInKeywords.modifyObjectProperty(selectYear, "xpath", "equals", "//div/div/div/select/option[@value="" + FiftysevenYrsBefore + ""]", true): Modify property of object successfully

2018-12-12 16:01:27 - [MESSAGE][PASSED] - Modify property of object successfully

2018-12-12 16:01:27 - [TEST_STEP][PASSED] - click: Object: '' is clicked on

2018-12-12 16:01:28 - [MESSAGE][PASSED] - Object: '' is clicked on

2018-12-12 16:01:28 - [TEST_STEP][PASSED] - Statement - UpdatedSelectDate = com.kms.katalon.core.webui.keyword.WebUiBuiltInKeywords.modifyObjectProperty(com.kms.katalon.core.testobject.ObjectRepository.findTestObject(Final Object Repo/New Registration - Registration Module Pages/Form 2/DOB Date), "xpath", "equals", "//body/div/table/tbody/tr/td/a[text()="" + CurrentDate + ""]", true): Modify property of object successfully

2018-12-12 16:01:28 - [MESSAGE][PASSED] - Modify property of object successfully

2018-12-12 16:01:28 - [TEST_STEP][PASSED] - click: Object: 'Object Repository/Final Object Repo/New Registration - Registration Module Pages/Form 2/DOB Date' is clicked on

2018-12-12 16:01:28 - [MESSAGE][PASSED] - Object: 'Object Repository/Final Object Repo/New Registration - Registration Module Pages/Form 2/DOB Date' is clicked on

2018-12-12 16:01:28 - [TEST_STEP][PASSED] - click: Object: 'Object Repository/Final Object Repo/New Registration - Registration Module Pages/Form 2/EmploymentStartDate Pop Up' is clicked on

2018-12-12 16:01:28 - [MESSAGE][PASSED] - Object: 'Object Repository/Final Object Repo/New Registration - Registration Module Pages/Form 2/EmploymentStartDate Pop Up' is clicked on

2018-12-12 16:01:28 - [TEST_STEP][PASSED] - delay: Delayed 2 second(s)

2018-12-12 16:01:30 - [MESSAGE][PASSED] - Delayed 2 second(s)

2018-12-12 16:01:30 - [TEST_STEP][PASSED] - click: Object: 'Object Repository/Final Object Repo/New Registration - Registration Module Pages/Form 2/Socso Employment StartDate Month' is clicked on

2018-12-12 16:01:30 - [MESSAGE][PASSED] - Object: 'Object Repository/Final Object Repo/New Registration - Registration Module Pages/Form 2/Socso Employment StartDate Month' is clicked on

2018-12-12 16:01:30 - [TEST_STEP][PASSED] - delay: Delayed 1 second(s)

2018-12-12 16:01:31 - [MESSAGE][PASSED] - Delayed 1 second(s)

2018-12-12 16:01:31 - [TEST_STEP][PASSED] - click: Object: 'Object Repository/Final Object Repo/New Registration - Registration Module Pages/Form 2/Select Socso Employement Startdate Month' is clicked on

2018-12-12 16:01:31 - [MESSAGE][PASSED] - Object: 'Object Repository/Final Object Repo/New Registration - Registration Module Pages/Form 2/Select Socso Employement Startdate Month' is clicked on

2018-12-12 16:01:31 - [TEST_STEP][PASSED] - delay: Delayed 2 second(s)

2018-12-12 16:01:33 - [MESSAGE][PASSED] - Delayed 2 second(s)

2018-12-12 16:01:33 - [TEST_STEP][PASSED] - click: Object: 'Object Repository/Final Object Repo/New Registration - Registration Module Pages/Form 2/Socso Employment StartDate Year' is clicked on

2018-12-12 16:01:33 - [MESSAGE][PASSED] - Object: 'Object Repository/Final Object Repo/New Registration - Registration Module Pages/Form 2/Socso Employment StartDate Year' is clicked on

2018-12-12 16:01:33 - [TEST_STEP][PASSED] - delay: Delayed 1 second(s)

2018-12-12 16:01:34 - [MESSAGE][PASSED] - Delayed 1 second(s)

2018-12-12 16:01:34 - [TEST_STEP][PASSED] - click: Object: 'Object Repository/Final Object Repo/New Registration - Registration Module Pages/Form 2/Select Socso Employment Startdate Year' is clicked on

2018-12-12 16:01:35 - [MESSAGE][PASSED] - Object: 'Object Repository/Final Object Repo/New Registration - Registration Module Pages/Form 2/Select Socso Employment Startdate Year' is clicked on

2018-12-12 16:01:35 - [TEST_STEP][PASSED] - delay: Delayed 2 second(s)

2018-12-12 16:01:37 - [MESSAGE][PASSED] - Delayed 2 second(s)

2018-12-12 16:01:37 - [TEST_STEP][PASSED] - click: Object: 'Object Repository/Final Object Repo/New Registration - Registration Module Pages/Form 2/Socso Employment Start Date Day' is clicked on

2018-12-12 16:01:37 - [MESSAGE][PASSED] - Object: 'Object Repository/Final Object Repo/New Registration - Registration Module Pages/Form 2/Socso Employment Start Date Day' is clicked on

2018-12-12 16:01:37 - [TEST_STEP][PASSED] - delay: Delayed 2 second(s)

2018-12-12 16:01:39 - [MESSAGE][PASSED] - Delayed 2 second(s)

2018-12-12 16:01:39 - [TEST_STEP][PASSED] - click: Object: 'Object Repository/Final Object Repo/New Registration - Registration Module Pages/Form 2/Save Button for Add Employee' is clicked on

2018-12-12 16:01:39 - [MESSAGE][PASSED] - Object: 'Object Repository/Final Object Repo/New Registration - Registration Module Pages/Form 2/Save Button for Add Employee' is clicked on

2018-12-12 16:01:39 - [TEST_STEP][PASSED] - delay: Delayed 2 second(s)

2018-12-12 16:01:41 - [MESSAGE][PASSED] - Delayed 2 second(s)

2018-12-12 16:01:41 - [TEST_STEP][PASSED] - click: Object: 'Object Repository/Final Object Repo/New Registration - Registration Module Pages/Form 2/Save and Continue Form 2' is clicked on

2018-12-12 16:01:43 - [MESSAGE][PASSED] - Object: 'Object Repository/Final Object Repo/New Registration - Registration Module Pages/Form 2/Save and Continue Form 2' is clicked on

2018-12-12 16:01:43 - [MESSAGE][PASSED] - Call Test Case 'Test Cases/Final Aug 2018 - PKS Automation/Registration Module/New Registration/Form 2/Add 2 Eligible 2 Not Eligible' successfully

2018-12-12 16:01:43 - [TEST_STEP][PASSED] - callTestCase: Call Test Case 'Test Cases/Final Aug 2018 - PKS Automation/Registration Module/New Registration/Flow of New Registration/Third Screen - Upload Supporting Doc - Preview' successfully

2018-12-12 16:01:43 - [TEST_CASE][PASSED] - Test Cases/Final Aug 2018 - PKS Automation/Registration Module/New Registration/Flow of New Registration/Third Screen - Upload Supporting Doc - Preview: Test Cases/Final Aug 2018 - PKS Automation/Registration Module/New Registration/Flow of New Registration/Third Screen - Upload Supporting Doc - Preview

2018-12-12 16:01:43 - [TEST_STEP][PASSED] - waitForPageLoad: Wait for page load successfully

2018-12-12 16:01:44 - [MESSAGE][PASSED] - Wait for page load successfully

2018-12-12 16:01:44 - [TEST_STEP][PASSED] - Statement - CaseReferenceNo = com.kms.katalon.core.webui.keyword.WebUiBuiltInKeywords.getText(com.kms.katalon.core.testobject.ObjectRepository.findTestObject(Final Object Repo/New Registration - Registration Module Pages/Third Screen - Upload Supporting Doc- Preview/RefNo Acquiring)): Text of object 'Object Repository/Final Object Repo/New Registration - Registration Module Pages/Third Screen - Upload Supporting Doc- Preview/RefNo Acquiring' is: 'CRN12201800123210'

2018-12-12 16:01:44 - [MESSAGE][PASSED] - Text of object 'Object Repository/Final Object Repo/New Registration - Registration Module Pages/Third Screen - Upload Supporting Doc- Preview/RefNo Acquiring' is: 'CRN12201800123210'

2018-12-12 16:01:44 - [TEST_STEP][PASSED] - delay: Delayed 2 second(s)

2018-12-12 16:01:46 - [MESSAGE][PASSED] - Delayed 2 second(s)

2018-12-12 16:01:46 - [TEST_STEP][PASSED] - callTestCase: Call Test Case 'Test Cases/Final Aug 2018 - PKS Automation/Common/Reference Number Setter' successfully

2018-12-12 16:01:46 - [TEST_CASE][PASSED] - Test Cases/Final Aug 2018 - PKS Automation/Common/Reference Number Setter: Test Cases/Final Aug 2018 - PKS Automation/Common/Reference Number Setter

2018-12-12 16:01:46 - [TEST_STEP][PASSED] - Statement - RefNoOldFile = new java.io.File(C://Users//Admin//Desktop//PKS//Automation Reference Point//KatalonReference.txt): null

2018-12-12 16:01:46 - [TEST_STEP][PASSED] - Statement - RefNoOldFile.delete(): null

2018-12-12 16:01:46 - [TEST_STEP][PASSED] - delay: Delayed 5 second(s)

2018-12-12 16:01:51 - [MESSAGE][PASSED] - Delayed 5 second(s)

2018-12-12 16:01:51 - [TEST_STEP][PASSED] - Statement - RefNo = new java.io.File(C://Users//Admin//Desktop//PKS//Automation Reference Point//KatalonReference.txt): null

2018-12-12 16:01:51 - [TEST_STEP][PASSED] - Statement - f2 = new java.io.FileWriter(RefNo, false): null

2018-12-12 16:01:51 - [TEST_STEP][PASSED] - Statement - f2.write(CaseReferenceNo): null

2018-12-12 16:01:51 - [TEST_STEP][PASSED] - Statement - f2.close(): null

2018-12-12 16:01:51 - [TEST_STEP][PASSED] - Statement - out.println("


" + CaseReferenceNo + "


"): null

2018-12-12 16:01:51 - [MESSAGE][PASSED] - Call Test Case 'Test Cases/Final Aug 2018 - PKS Automation/Common/Reference Number Setter' successfully

2018-12-12 16:01:51 - [TEST_STEP][PASSED] - waitForElementClickable: Object 'Object Repository/Final Object Repo/New Registration - Registration Module Pages/Third Screen - Upload Supporting Doc- Preview/Save n Continue in SIP Employee Listing Page' is clickable

2018-12-12 16:01:51 - [MESSAGE][PASSED] - Object 'Object Repository/Final Object Repo/New Registration - Registration Module Pages/Third Screen - Upload Supporting Doc- Preview/Save n Continue in SIP Employee Listing Page' is clickable

2018-12-12 16:01:51 - [TEST_STEP][PASSED] - click: Object: 'Object Repository/Final Object Repo/New Registration - Registration Module Pages/Third Screen - Upload Supporting Doc- Preview/Save n Continue in SIP Employee Listing Page' is clicked on

2018-12-12 16:01:56 - [MESSAGE][PASSED] - Object: 'Object Repository/Final Object Repo/New Registration - Registration Module Pages/Third Screen - Upload Supporting Doc- Preview/Save n Continue in SIP Employee Listing Page' is clicked on

2018-12-12 16:01:56 - [TEST_STEP][PASSED] - delay: Delayed 7 second(s)

2018-12-12 16:02:03 - [MESSAGE][PASSED] - Delayed 7 second(s)

2018-12-12 16:02:03 - [TEST_STEP][PASSED] - click: Object: 'Object Repository/Final Object Repo/New Registration - Registration Module Pages/Third Screen - Upload Supporting Doc- Preview/Add Document Button' is clicked on

2018-12-12 16:02:03 - [MESSAGE][PASSED] - Object: 'Object Repository/Final Object Repo/New Registration - Registration Module Pages/Third Screen - Upload Supporting Doc- Preview/Add Document Button' is clicked on

2018-12-12 16:02:03 - [TEST_STEP][PASSED] - delay: Delayed 30 second(s)

2018-12-12 16:02:33 - [MESSAGE][PASSED] - Delayed 30 second(s)

2018-12-12 16:02:33 - [TEST_STEP][PASSED] - click: Object: 'Object Repository/Final Object Repo/New Registration - Registration Module Pages/Third Screen - Upload Supporting Doc- Preview/Supporting Doc Please Select Drop Down' is clicked on

2018-12-12 16:02:34 - [MESSAGE][PASSED] - Object: 'Object Repository/Final Object Repo/New Registration - Registration Module Pages/Third Screen - Upload Supporting Doc- Preview/Supporting Doc Please Select Drop Down' is clicked on

2018-12-12 16:02:34 - [TEST_STEP][PASSED] - delay: Delayed 2 second(s)

2018-12-12 16:02:36 - [MESSAGE][PASSED] - Delayed 2 second(s)

2018-12-12 16:02:36 - [TEST_STEP][PASSED] - click: Object: 'Object Repository/Final Object Repo/New Registration - Registration Module Pages/Third Screen - Upload Supporting Doc- Preview/Select to Upload Form 1' is clicked on

2018-12-12 16:02:36 - [MESSAGE][PASSED] - Object: 'Object Repository/Final Object Repo/New Registration - Registration Module Pages/Third Screen - Upload Supporting Doc- Preview/Select to Upload Form 1' is clicked on

2018-12-12 16:02:36 - [TEST_STEP][PASSED] - delay: Delayed 2 second(s)

2018-12-12 16:02:38 - [MESSAGE][PASSED] - Delayed 2 second(s)

2018-12-12 16:02:38 - [TEST_STEP][PASSED] - uploadFile: File 'C:\Users\Public\Pictures\Sample Pictures\Koala.jpg' sent to object: 'Object Repository/Final Object Repo/New Registration - Registration Module Pages/Third Screen - Upload Supporting Doc- Preview/Upload File Adding'

2018-12-12 16:02:38 - [MESSAGE][PASSED] - File 'C:\Users\Public\Pictures\Sample Pictures\Koala.jpg' sent to object: 'Object Repository/Final Object Repo/New Registration - Registration Module Pages/Third Screen - Upload Supporting Doc- Preview/Upload File Adding'

2018-12-12 16:02:38 - [TEST_STEP][PASSED] - delay: Delayed 5 second(s)

2018-12-12 16:02:43 - [MESSAGE][PASSED] - Delayed 5 second(s)

2018-12-12 16:02:43 - [TEST_STEP][PASSED] - click: Object: 'Object Repository/Final Object Repo/New Registration - Registration Module Pages/Third Screen - Upload Supporting Doc- Preview/Inner Form Add Document Button' is clicked on

2018-12-12 16:02:43 - [MESSAGE][PASSED] - Object: 'Object Repository/Final Object Repo/New Registration - Registration Module Pages/Third Screen - Upload Supporting Doc- Preview/Inner Form Add Document Button' is clicked on

2018-12-12 16:02:43 - [TEST_STEP][PASSED] - delay: Delayed 3 second(s)

2018-12-12 16:02:46 - [MESSAGE][PASSED] - Delayed 3 second(s)

2018-12-12 16:02:46 - [TEST_STEP][PASSED] - click: Object: 'Object Repository/Final Object Repo/New Registration - Registration Module Pages/Third Screen - Upload Supporting Doc- Preview/Add Document Button' is clicked on

2018-12-12 16:02:47 - [MESSAGE][PASSED] - Object: 'Object Repository/Final Object Repo/New Registration - Registration Module Pages/Third Screen - Upload Supporting Doc- Preview/Add Document Button' is clicked on

2018-12-12 16:02:47 - [TEST_STEP][PASSED] - delay: Delayed 30 second(s)

2018-12-12 16:03:17 - [MESSAGE][PASSED] - Delayed 30 second(s)

2018-12-12 16:03:17 - [TEST_STEP][PASSED] - click: Object: 'Object Repository/Final Object Repo/New Registration - Registration Module Pages/Third Screen - Upload Supporting Doc- Preview/Supporting Doc Please Select Drop Down' is clicked on

2018-12-12 16:03:18 - [MESSAGE][PASSED] - Object: 'Object Repository/Final Object Repo/New Registration - Registration Module Pages/Third Screen - Upload Supporting Doc- Preview/Supporting Doc Please Select Drop Down' is clicked on

2018-12-12 16:03:18 - [TEST_STEP][PASSED] - delay: Delayed 4 second(s)

2018-12-12 16:03:22 - [MESSAGE][PASSED] - Delayed 4 second(s)

2018-12-12 16:03:22 - [TEST_STEP][PASSED] - click: Object: 'Object Repository/Final Object Repo/New Registration - Registration Module Pages/Third Screen - Upload Supporting Doc- Preview/Select to Upload Form 2' is clicked on

2018-12-12 16:03:22 - [MESSAGE][PASSED] - Object: 'Object Repository/Final Object Repo/New Registration - Registration Module Pages/Third Screen - Upload Supporting Doc- Preview/Select to Upload Form 2' is clicked on

2018-12-12 16:03:22 - [TEST_STEP][PASSED] - delay: Delayed 2 second(s)

2018-12-12 16:03:24 - [MESSAGE][PASSED] - Delayed 2 second(s)

2018-12-12 16:03:24 - [TEST_STEP][PASSED] - uploadFile: File 'C:\Users\Public\Pictures\Sample Pictures\Koala.jpg' sent to object: 'Object Repository/Final Object Repo/New Registration - Registration Module Pages/Third Screen - Upload Supporting Doc- Preview/Upload File Adding'

2018-12-12 16:03:24 - [MESSAGE][PASSED] - File 'C:\Users\Public\Pictures\Sample Pictures\Koala.jpg' sent to object: 'Object Repository/Final Object Repo/New Registration - Registration Module Pages/Third Screen - Upload Supporting Doc- Preview/Upload File Adding'

2018-12-12 16:03:24 - [TEST_STEP][PASSED] - click: Object: 'Object Repository/Final Object Repo/New Registration - Registration Module Pages/Third Screen - Upload Supporting Doc- Preview/Inner Form Add Document Button' is clicked on

2018-12-12 16:03:24 - [MESSAGE][PASSED] - Object: 'Object Repository/Final Object Repo/New Registration - Registration Module Pages/Third Screen - Upload Supporting Doc- Preview/Inner Form Add Document Button' is clicked on

2018-12-12 16:03:24 - [TEST_STEP][PASSED] - delay: Delayed 5 second(s)

2018-12-12 16:03:29 - [MESSAGE][PASSED] - Delayed 5 second(s)

2018-12-12 16:03:29 - [TEST_STEP][PASSED] - click: Object: 'Object Repository/Final Object Repo/New Registration - Registration Module Pages/Third Screen - Upload Supporting Doc- Preview/Add Document Button' is clicked on

2018-12-12 16:03:29 - [MESSAGE][PASSED] - Object: 'Object Repository/Final Object Repo/New Registration - Registration Module Pages/Third Screen - Upload Supporting Doc- Preview/Add Document Button' is clicked on

2018-12-12 16:03:29 - [TEST_STEP][PASSED] - delay: Delayed 30 second(s)

2018-12-12 16:03:59 - [MESSAGE][PASSED] - Delayed 30 second(s)

2018-12-12 16:03:59 - [TEST_STEP][PASSED] - click: Object: 'Object Repository/Final Object Repo/New Registration - Registration Module Pages/Third Screen - Upload Supporting Doc- Preview/Supporting Doc Please Select Drop Down' is clicked on

2018-12-12 16:03:59 - [MESSAGE][PASSED] - Object: 'Object Repository/Final Object Repo/New Registration - Registration Module Pages/Third Screen - Upload Supporting Doc- Preview/Supporting Doc Please Select Drop Down' is clicked on

2018-12-12 16:03:59 - [TEST_STEP][PASSED] - click: Object: 'Object Repository/Final Object Repo/New Registration - Registration Module Pages/Third Screen - Upload Supporting Doc- Preview/Select to Upload Borang SIP 1' is clicked on

2018-12-12 16:04:00 - [MESSAGE][PASSED] - Object: 'Object Repository/Final Object Repo/New Registration - Registration Module Pages/Third Screen - Upload Supporting Doc- Preview/Select to Upload Borang SIP 1' is clicked on

2018-12-12 16:04:00 - [TEST_STEP][PASSED] - delay: Delayed 2 second(s)

2018-12-12 16:04:02 - [MESSAGE][PASSED] - Delayed 2 second(s)

2018-12-12 16:04:02 - [TEST_STEP][PASSED] - uploadFile: File 'C:\Users\Public\Pictures\Sample Pictures\Koala.jpg' sent to object: 'Object Repository/Final Object Repo/New Registration - Registration Module Pages/Third Screen - Upload Supporting Doc- Preview/Upload File Adding'

2018-12-12 16:04:02 - [MESSAGE][PASSED] - File 'C:\Users\Public\Pictures\Sample Pictures\Koala.jpg' sent to object: 'Object Repository/Final Object Repo/New Registration - Registration Module Pages/Third Screen - Upload Supporting Doc- Preview/Upload File Adding'

2018-12-12 16:04:02 - [TEST_STEP][PASSED] - click: Object: 'Object Repository/Final Object Repo/New Registration - Registration Module Pages/Third Screen - Upload Supporting Doc- Preview/Inner Form Add Document Button' is clicked on

2018-12-12 16:04:02 - [MESSAGE][PASSED] - Object: 'Object Repository/Final Object Repo/New Registration - Registration Module Pages/Third Screen - Upload Supporting Doc- Preview/Inner Form Add Document Button' is clicked on

2018-12-12 16:04:02 - [TEST_STEP][PASSED] - delay: Delayed 5 second(s)

2018-12-12 16:04:07 - [MESSAGE][PASSED] - Delayed 5 second(s)

2018-12-12 16:04:07 - [TEST_STEP][PASSED] - click: Object: 'Object Repository/Final Object Repo/New Registration - Registration Module Pages/Third Screen - Upload Supporting Doc- Preview/Add Document Button' is clicked on

2018-12-12 16:04:07 - [MESSAGE][PASSED] - Object: 'Object Repository/Final Object Repo/New Registration - Registration Module Pages/Third Screen - Upload Supporting Doc- Preview/Add Document Button' is clicked on

2018-12-12 16:04:07 - [TEST_STEP][PASSED] - delay: Delayed 30 second(s)

2018-12-12 16:04:37 - [MESSAGE][PASSED] - Delayed 30 second(s)

2018-12-12 16:04:37 - [TEST_STEP][PASSED] - click: Object: 'Object Repository/Final Object Repo/New Registration - Registration Module Pages/Third Screen - Upload Supporting Doc- Preview/Supporting Doc Please Select Drop Down' is clicked on

2018-12-12 16:04:37 - [MESSAGE][PASSED] - Object: 'Object Repository/Final Object Repo/New Registration - Registration Module Pages/Third Screen - Upload Supporting Doc- Preview/Supporting Doc Please Select Drop Down' is clicked on

2018-12-12 16:04:37 - [TEST_STEP][PASSED] - delay: Delayed 3 second(s)

2018-12-12 16:04:40 - [MESSAGE][PASSED] - Delayed 3 second(s)

2018-12-12 16:04:40 - [TEST_STEP][PASSED] - click: Object: 'Object Repository/Final Object Repo/New Registration - Registration Module Pages/Third Screen - Upload Supporting Doc- Preview/Select to Upload Borang SIP 2' is clicked on

2018-12-12 16:04:40 - [MESSAGE][PASSED] - Object: 'Object Repository/Final Object Repo/New Registration - Registration Module Pages/Third Screen - Upload Supporting Doc- Preview/Select to Upload Borang SIP 2' is clicked on

2018-12-12 16:04:40 - [TEST_STEP][PASSED] - delay: Delayed 2 second(s)

2018-12-12 16:04:42 - [MESSAGE][PASSED] - Delayed 2 second(s)

2018-12-12 16:04:42 - [TEST_STEP][PASSED] - uploadFile: File 'C:\Users\Public\Pictures\Sample Pictures\Koala.jpg' sent to object: 'Object Repository/Final Object Repo/New Registration - Registration Module Pages/Third Screen - Upload Supporting Doc- Preview/Upload File Adding'

2018-12-12 16:04:43 - [MESSAGE][PASSED] - File 'C:\Users\Public\Pictures\Sample Pictures\Koala.jpg' sent to object: 'Object Repository/Final Object Repo/New Registration - Registration Module Pages/Third Screen - Upload Supporting Doc- Preview/Upload File Adding'

2018-12-12 16:04:43 - [TEST_STEP][PASSED] - delay: Delayed 5 second(s)

2018-12-12 16:04:48 - [MESSAGE][PASSED] - Delayed 5 second(s)

2018-12-12 16:04:48 - [TEST_STEP][PASSED] - click: Object: 'Object Repository/Final Object Repo/New Registration - Registration Module Pages/Third Screen - Upload Supporting Doc- Preview/Inner Form Add Document Button' is clicked on

2018-12-12 16:04:48 - [MESSAGE][PASSED] - Object: 'Object Repository/Final Object Repo/New Registration - Registration Module Pages/Third Screen - Upload Supporting Doc- Preview/Inner Form Add Document Button' is clicked on

2018-12-12 16:04:48 - [TEST_STEP][PASSED] - delay: Delayed 3 second(s)

2018-12-12 16:04:51 - [MESSAGE][PASSED] - Delayed 3 second(s)

2018-12-12 16:04:51 - [TEST_STEP][PASSED] - waitForElementClickable: Object 'Object Repository/Final Object Repo/New Registration - Registration Module Pages/Third Screen - Upload Supporting Doc- Preview/Save n Continue in Uploading Supporting Doc Page' is clickable

2018-12-12 16:04:53 - [MESSAGE][PASSED] - Object 'Object Repository/Final Object Repo/New Registration - Registration Module Pages/Third Screen - Upload Supporting Doc- Preview/Save n Continue in Uploading Supporting Doc Page' is clickable

2018-12-12 16:04:53 - [TEST_STEP][PASSED] - click: Object: 'Object Repository/Final Object Repo/New Registration - Registration Module Pages/Third Screen - Upload Supporting Doc- Preview/Save n Continue in Uploading Supporting Doc Page' is clicked on

2018-12-12 16:04:56 - [MESSAGE][PASSED] - Object: 'Object Repository/Final Object Repo/New Registration - Registration Module Pages/Third Screen - Upload Supporting Doc- Preview/Save n Continue in Uploading Supporting Doc Page' is clicked on

2018-12-12 16:04:56 - [MESSAGE][PASSED] - Call Test Case 'Test Cases/Final Aug 2018 - PKS Automation/Registration Module/New Registration/Flow of New Registration/Third Screen - Upload Supporting Doc - Preview' successfully

2018-12-12 16:04:56 - [TEST_STEP][PASSED] - callTestCase: Call Test Case 'Test Cases/Final Aug 2018 - PKS Automation/Registration Module/New Registration/Submit and Screenshot/Submit Registration and Screenshot' successfully

2018-12-12 16:04:56 - [TEST_CASE][PASSED] - Test Cases/Final Aug 2018 - PKS Automation/Registration Module/New Registration/Submit and Screenshot/Submit Registration and Screenshot: Test Cases/Final Aug 2018 - PKS Automation/Registration Module/New Registration/Submit and Screenshot/Submit Registration and Screenshot

2018-12-12 16:04:56 - [TEST_STEP][PASSED] - delay: Delayed 6 second(s)

2018-12-12 16:05:02 - [MESSAGE][PASSED] - Delayed 6 second(s)

2018-12-12 16:05:02 - [TEST_STEP][PASSED] - click: Object: 'Object Repository/Final Object Repo/New Registration - Registration Module Pages/Third Screen - Upload Supporting Doc- Preview/Preview Submit Button' is clicked on

2018-12-12 16:05:03 - [MESSAGE][PASSED] - Object: 'Object Repository/Final Object Repo/New Registration - Registration Module Pages/Third Screen - Upload Supporting Doc- Preview/Preview Submit Button' is clicked on

2018-12-12 16:05:03 - [TEST_STEP][PASSED] - delay: Delayed 2 second(s)

2018-12-12 16:05:05 - [MESSAGE][PASSED] - Delayed 2 second(s)

2018-12-12 16:05:05 - [TEST_STEP][PASSED] - click: Object: 'Object Repository/Final Object Repo/New Registration - Registration Module Pages/Third Screen - Upload Supporting Doc- Preview/Preview Submit - Confirm' is clicked on

2018-12-12 16:05:05 - [MESSAGE][PASSED] - Object: 'Object Repository/Final Object Repo/New Registration - Registration Module Pages/Third Screen - Upload Supporting Doc- Preview/Preview Submit - Confirm' is clicked on

2018-12-12 16:05:05 - [TEST_STEP][PASSED] - delay: Delayed 15 second(s)

2018-12-12 16:05:20 - [MESSAGE][PASSED] - Delayed 15 second(s)

2018-12-12 16:05:20 - [TEST_STEP][PASSED] - Statement - driver = com.kms.katalon.core.webui.driver.DriverFactory.getWebDriver(): null

2018-12-12 16:05:20 - [TEST_STEP][PASSED] - Statement - driver.manage().timeouts().implicitlyWait(10, SECONDS): null

2018-12-12 16:05:20 - [TEST_STEP][PASSED] - Statement - PresavePath = KatalonScreenshots: null

2018-12-12 16:05:20 - [TEST_STEP][PASSED] - Statement - pathPrefix = "C:\Users\Public\Pictures\Sample Pictures\Katalon Screenshots\Automate Ending Screen": null

2018-12-12 16:05:20 - [TEST_STEP][PASSED] - Statement - finalPath = <not implemented yet for class: org.codehaus.groovy.ast.expr.EmptyExpression>: null

2018-12-12 16:05:20 - [TEST_STEP][PASSED] - Statement - scrFile = driver.getScreenshotAs(FILE): null

2018-12-12 16:05:20 - [TEST_STEP][PASSED] - Statement - PreSaveFile = new java.io.File(PresavePath): null

2018-12-12 16:05:20 - [TEST_STEP][PASSED] - Statement - counter = 0: null

2018-12-12 16:05:20 - [TEST_STEP][PASSED] - Statement - If (PreSaveFile.exists()): null

2018-12-12 16:05:20 - [TEST_STEP][PASSED] - Statement - While (PreSaveFile.exists()): null

2018-12-12 16:05:20 - [TEST_STEP][PASSED] - Statement - counter = counter + 1: null

2018-12-12 16:05:20 - [TEST_STEP][PASSED] - Statement - PreSaveFile = new java.io.File(((pathPrefix + java.lang.Integer.toString(counter)) + .png)): null

2018-12-12 16:05:20 - [TEST_STEP][PASSED] - Statement - counter = counter + 1: null

2018-12-12 16:05:20 - [TEST_STEP][PASSED] - Statement - PreSaveFile = new java.io.File(((pathPrefix + java.lang.Integer.toString(counter)) + .png)): null

2018-12-12 16:05:20 - [TEST_STEP][PASSED] - Statement - counter = counter + 1: null

2018-12-12 16:05:20 - [TEST_STEP][PASSED] - Statement - PreSaveFile = new java.io.File(((pathPrefix + java.lang.Integer.toString(counter)) + .png)): null

2018-12-12 16:05:20 - [TEST_STEP][PASSED] - Statement - counter = counter + 1: null

2018-12-12 16:05:20 - [TEST_STEP][PASSED] - Statement - PreSaveFile = new java.io.File(((pathPrefix + java.lang.Integer.toString(counter)) + .png)): null

2018-12-12 16:05:20 - [TEST_STEP][PASSED] - Statement - counter = counter + 1: null

2018-12-12 16:05:20 - [TEST_STEP][PASSED] - Statement - PreSaveFile = new java.io.File(((pathPrefix + java.lang.Integer.toString(counter)) + .png)): null

2018-12-12 16:05:20 - [TEST_STEP][PASSED] - Statement - counter = counter + 1: null

2018-12-12 16:05:20 - [TEST_STEP][PASSED] - Statement - PreSaveFile = new java.io.File(((pathPrefix + java.lang.Integer.toString(counter)) + .png)): null

2018-12-12 16:05:20 - [TEST_STEP][PASSED] - Statement - counter = counter + 1: null

2018-12-12 16:05:20 - [TEST_STEP][PASSED] - Statement - PreSaveFile = new java.io.File(((pathPrefix + java.lang.Integer.toString(counter)) + .png)): null

2018-12-12 16:05:20 - [TEST_STEP][PASSED] - Statement - counter = counter + 1: null

2018-12-12 16:05:20 - [TEST_STEP][PASSED] - Statement - PreSaveFile = new java.io.File(((pathPrefix + java.lang.Integer.toString(counter)) + .png)): null

2018-12-12 16:05:20 - [TEST_STEP][PASSED] - Statement - counter = counter + 1: null

2018-12-12 16:05:20 - [TEST_STEP][PASSED] - Statement - PreSaveFile = new java.io.File(((pathPrefix + java.lang.Integer.toString(counter)) + .png)): null

2018-12-12 16:05:20 - [TEST_STEP][PASSED] - Statement - counter = counter + 1: null

2018-12-12 16:05:20 - [TEST_STEP][PASSED] - Statement - PreSaveFile = new java.io.File(((pathPrefix + java.lang.Integer.toString(counter)) + .png)): null

2018-12-12 16:05:20 - [TEST_STEP][PASSED] - Statement - counter = counter + 1: null

2018-12-12 16:05:20 - [TEST_STEP][PASSED] - Statement - PreSaveFile = new java.io.File(((pathPrefix + java.lang.Integer.toString(counter)) + .png)): null

2018-12-12 16:05:20 - [TEST_STEP][PASSED] - Statement - counter = counter + 1: null

2018-12-12 16:05:20 - [TEST_STEP][PASSED] - Statement - PreSaveFile = new java.io.File(((pathPrefix + java.lang.Integer.toString(counter)) + .png)): null

2018-12-12 16:05:20 - [TEST_STEP][PASSED] - Statement - counter = counter + 1: null

2018-12-12 16:05:20 - [TEST_STEP][PASSED] - Statement - PreSaveFile = new java.io.File(((pathPrefix + java.lang.Integer.toString(counter)) + .png)): null

2018-12-12 16:05:20 - [TEST_STEP][PASSED] - Statement - counter = counter + 1: null

2018-12-12 16:05:20 - [TEST_STEP][PASSED] - Statement - PreSaveFile = new java.io.File(((pathPrefix + java.lang.Integer.toString(counter)) + .png)): null

2018-12-12 16:05:20 - [TEST_STEP][PASSED] - Statement - counter = counter + 1: null

2018-12-12 16:05:20 - [TEST_STEP][PASSED] - Statement - PreSaveFile = new java.io.File(((pathPrefix + java.lang.Integer.toString(counter)) + .png)): null

2018-12-12 16:05:20 - [TEST_STEP][PASSED] - Statement - counter = counter + 1: null

2018-12-12 16:05:20 - [TEST_STEP][PASSED] - Statement - PreSaveFile = new java.io.File(((pathPrefix + java.lang.Integer.toString(counter)) + .png)): null

2018-12-12 16:05:20 - [TEST_STEP][PASSED] - Statement - counter = counter + 1: null

2018-12-12 16:05:20 - [TEST_STEP][PASSED] - Statement - PreSaveFile = new java.io.File(((pathPrefix + java.lang.Integer.toString(counter)) + .png)): null

2018-12-12 16:05:20 - [TEST_STEP][PASSED] - Statement - counter = counter + 1: null

2018-12-12 16:05:20 - [TEST_STEP][PASSED] - Statement - PreSaveFile = new java.io.File(((pathPrefix + java.lang.Integer.toString(counter)) + .png)): null

2018-12-12 16:05:20 - [TEST_STEP][PASSED] - Statement - counter = counter + 1: null

2018-12-12 16:05:20 - [TEST_STEP][PASSED] - Statement - PreSaveFile = new java.io.File(((pathPrefix + java.lang.Integer.toString(counter)) + .png)): null

2018-12-12 16:05:20 - [TEST_STEP][PASSED] - Statement - counter = counter + 1: null

2018-12-12 16:05:20 - [TEST_STEP][PASSED] - Statement - PreSaveFile = new java.io.File(((pathPrefix + java.lang.Integer.toString(counter)) + .png)): null

2018-12-12 16:05:20 - [TEST_STEP][PASSED] - Statement - counter = counter + 1: null

2018-12-12 16:05:20 - [TEST_STEP][PASSED] - Statement - PreSaveFile = new java.io.File(((pathPrefix + java.lang.Integer.toString(counter)) + .png)): null

2018-12-12 16:05:20 - [TEST_STEP][PASSED] - Statement - counter = counter + 1: null

2018-12-12 16:05:20 - [TEST_STEP][PASSED] - Statement - PreSaveFile = new java.io.File(((pathPrefix + java.lang.Integer.toString(counter)) + .png)): null

2018-12-12 16:05:20 - [TEST_STEP][PASSED] - Statement - counter = counter + 1: null

2018-12-12 16:05:20 - [TEST_STEP][PASSED] - Statement - PreSaveFile = new java.io.File(((pathPrefix + java.lang.Integer.toString(counter)) + .png)): null

2018-12-12 16:05:20 - [TEST_STEP][PASSED] - Statement - counter = counter + 1: null

2018-12-12 16:05:20 - [TEST_STEP][PASSED] - Statement - PreSaveFile = new java.io.File(((pathPrefix + java.lang.Integer.toString(counter)) + .png)): null

2018-12-12 16:05:20 - [TEST_STEP][PASSED] - Statement - counter = counter + 1: null

2018-12-12 16:05:20 - [TEST_STEP][PASSED] - Statement - PreSaveFile = new java.io.File(((pathPrefix + java.lang.Integer.toString(counter)) + .png)): null

2018-12-12 16:05:20 - [TEST_STEP][PASSED] - Statement - counter = counter + 1: null

2018-12-12 16:05:20 - [TEST_STEP][PASSED] - Statement - PreSaveFile = new java.io.File(((pathPrefix + java.lang.Integer.toString(counter)) + .png)): null

2018-12-12 16:05:20 - [TEST_STEP][PASSED] - Statement - counter = counter + 1: null

2018-12-12 16:05:20 - [TEST_STEP][PASSED] - Statement - PreSaveFile = new java.io.File(((pathPrefix + java.lang.Integer.toString(counter)) + .png)): null

2018-12-12 16:05:20 - [TEST_STEP][PASSED] - Statement - counter = counter + 1: null

2018-12-12 16:05:20 - [TEST_STEP][PASSED] - Statement - PreSaveFile = new java.io.File(((pathPrefix + java.lang.Integer.toString(counter)) + .png)): null

2018-12-12 16:05:20 - [TEST_STEP][PASSED] - Statement - counter = counter + 1: null

2018-12-12 16:05:20 - [TEST_STEP][PASSED] - Statement - PreSaveFile = new java.io.File(((pathPrefix + java.lang.Integer.toString(counter)) + .png)): null

2018-12-12 16:05:20 - [TEST_STEP][PASSED] - Statement - counter = counter + 1: null

2018-12-12 16:05:20 - [TEST_STEP][PASSED] - Statement - PreSaveFile = new java.io.File(((pathPrefix + java.lang.Integer.toString(counter)) + .png)): null

2018-12-12 16:05:20 - [TEST_STEP][PASSED] - Statement - counter = counter + 1: null

2018-12-12 16:05:20 - [TEST_STEP][PASSED] - Statement - PreSaveFile = new java.io.File(((pathPrefix + java.lang.Integer.toString(counter)) + .png)): null

2018-12-12 16:05:20 - [TEST_STEP][PASSED] - Statement - counter = counter + 1: null

2018-12-12 16:05:20 - [TEST_STEP][PASSED] - Statement - PreSaveFile = new java.io.File(((pathPrefix + java.lang.Integer.toString(counter)) + .png)): null

2018-12-12 16:05:20 - [TEST_STEP][PASSED] - Statement - counter = counter + 1: null

2018-12-12 16:05:20 - [TEST_STEP][PASSED] - Statement - PreSaveFile = new java.io.File(((pathPrefix + java.lang.Integer.toString(counter)) + .png)): null

2018-12-12 16:05:20 - [TEST_STEP][PASSED] - Statement - counter = counter + 1: null

2018-12-12 16:05:20 - [TEST_STEP][PASSED] - Statement - PreSaveFile = new java.io.File(((pathPrefix + java.lang.Integer.toString(counter)) + .png)): null

2018-12-12 16:05:20 - [TEST_STEP][PASSED] - Statement - counter = counter + 1: null

2018-12-12 16:05:20 - [TEST_STEP][PASSED] - Statement - PreSaveFile = new java.io.File(((pathPrefix + java.lang.Integer.toString(counter)) + .png)): null

2018-12-12 16:05:20 - [TEST_STEP][PASSED] - Statement - counter = counter + 1: null

2018-12-12 16:05:20 - [TEST_STEP][PASSED] - Statement - PreSaveFile = new java.io.File(((pathPrefix + java.lang.Integer.toString(counter)) + .png)): null

2018-12-12 16:05:20 - [TEST_STEP][PASSED] - Statement - counter = counter + 1: null

2018-12-12 16:05:20 - [TEST_STEP][PASSED] - Statement - PreSaveFile = new java.io.File(((pathPrefix + java.lang.Integer.toString(counter)) + .png)): null

2018-12-12 16:05:20 - [TEST_STEP][PASSED] - Statement - counter = counter + 1: null

2018-12-12 16:05:20 - [TEST_STEP][PASSED] - Statement - PreSaveFile = new java.io.File(((pathPrefix + java.lang.Integer.toString(counter)) + .png)): null

2018-12-12 16:05:20 - [TEST_STEP][PASSED] - Statement - counter = counter + 1: null

2018-12-12 16:05:20 - [TEST_STEP][PASSED] - Statement - PreSaveFile = new java.io.File(((pathPrefix + java.lang.Integer.toString(counter)) + .png)): null

2018-12-12 16:05:20 - [TEST_STEP][PASSED] - Statement - counter = counter + 1: null

2018-12-12 16:05:20 - [TEST_STEP][PASSED] - Statement - PreSaveFile = new java.io.File(((pathPrefix + java.lang.Integer.toString(counter)) + .png)): null

2018-12-12 16:05:20 - [TEST_STEP][PASSED] - Statement - counter = counter + 1: null

2018-12-12 16:05:20 - [TEST_STEP][PASSED] - Statement - PreSaveFile = new java.io.File(((pathPrefix + java.lang.Integer.toString(counter)) + .png)): null

2018-12-12 16:05:20 - [TEST_STEP][PASSED] - Statement - counter = counter + 1: null

2018-12-12 16:05:20 - [TEST_STEP][PASSED] - Statement - PreSaveFile = new java.io.File(((pathPrefix + java.lang.Integer.toString(counter)) + .png)): null

2018-12-12 16:05:20 - [TEST_STEP][PASSED] - Statement - counter = counter + 1: null

2018-12-12 16:05:20 - [TEST_STEP][PASSED] - Statement - PreSaveFile = new java.io.File(((pathPrefix + java.lang.Integer.toString(counter)) + .png)): null

2018-12-12 16:05:20 - [TEST_STEP][PASSED] - Statement - counter = counter + 1: null

2018-12-12 16:05:20 - [TEST_STEP][PASSED] - Statement - PreSaveFile = new java.io.File(((pathPrefix + java.lang.Integer.toString(counter)) + .png)): null

2018-12-12 16:05:21 - [TEST_STEP][PASSED] - Statement - counter = counter + 1: null

2018-12-12 16:05:21 - [TEST_STEP][PASSED] - Statement - PreSaveFile = new java.io.File(((pathPrefix + java.lang.Integer.toString(counter)) + .png)): null

2018-12-12 16:05:21 - [TEST_STEP][PASSED] - Statement - counter = counter + 1: null

2018-12-12 16:05:21 - [TEST_STEP][PASSED] - Statement - PreSaveFile = new java.io.File(((pathPrefix + java.lang.Integer.toString(counter)) + .png)): null

2018-12-12 16:05:21 - [TEST_STEP][PASSED] - Statement - counter = counter + 1: null

2018-12-12 16:05:21 - [TEST_STEP][PASSED] - Statement - PreSaveFile = new java.io.File(((pathPrefix + java.lang.Integer.toString(counter)) + .png)): null

2018-12-12 16:05:21 - [TEST_STEP][PASSED] - Statement - counter = counter + 1: null

2018-12-12 16:05:21 - [TEST_STEP][PASSED] - Statement - PreSaveFile = new java.io.File(((pathPrefix + java.lang.Integer.toString(counter)) + .png)): null

2018-12-12 16:05:21 - [TEST_STEP][PASSED] - Statement - counter = counter + 1: null

2018-12-12 16:05:21 - [TEST_STEP][PASSED] - Statement - PreSaveFile = new java.io.File(((pathPrefix + java.lang.Integer.toString(counter)) + .png)): null

2018-12-12 16:05:21 - [TEST_STEP][PASSED] - Statement - counter = counter + 1: null

2018-12-12 16:05:21 - [TEST_STEP][PASSED] - Statement - PreSaveFile = new java.io.File(((pathPrefix + java.lang.Integer.toString(counter)) + .png)): null

2018-12-12 16:05:21 - [TEST_STEP][PASSED] - Statement - counter = counter + 1: null

2018-12-12 16:05:21 - [TEST_STEP][PASSED] - Statement - PreSaveFile = new java.io.File(((pathPrefix + java.lang.Integer.toString(counter)) + .png)): null

2018-12-12 16:05:21 - [TEST_STEP][PASSED] - Statement - counter = counter + 1: null

2018-12-12 16:05:21 - [TEST_STEP][PASSED] - Statement - PreSaveFile = new java.io.File(((pathPrefix + java.lang.Integer.toString(counter)) + .png)): null

2018-12-12 16:05:21 - [TEST_STEP][PASSED] - Statement - counter = counter + 1: null

2018-12-12 16:05:21 - [TEST_STEP][PASSED] - Statement - PreSaveFile = new java.io.File(((pathPrefix + java.lang.Integer.toString(counter)) + .png)): null

2018-12-12 16:05:21 - [TEST_STEP][PASSED] - Statement - counter = counter + 1: null

2018-12-12 16:05:21 - [TEST_STEP][PASSED] - Statement - PreSaveFile = new java.io.File(((pathPrefix + java.lang.Integer.toString(counter)) + .png)): null

2018-12-12 16:05:21 - [TEST_STEP][PASSED] - Statement - counter = counter + 1: null

2018-12-12 16:05:21 - [TEST_STEP][PASSED] - Statement - PreSaveFile = new java.io.File(((pathPrefix + java.lang.Integer.toString(counter)) + .png)): null

2018-12-12 16:05:21 - [TEST_STEP][PASSED] - Statement - counter = counter + 1: null

2018-12-12 16:05:21 - [TEST_STEP][PASSED] - Statement - PreSaveFile = new java.io.File(((pathPrefix + java.lang.Integer.toString(counter)) + .png)): null

2018-12-12 16:05:21 - [TEST_STEP][PASSED] - Statement - counter = counter + 1: null

2018-12-12 16:05:21 - [TEST_STEP][PASSED] - Statement - PreSaveFile = new java.io.File(((pathPrefix + java.lang.Integer.toString(counter)) + .png)): null

2018-12-12 16:05:21 - [TEST_STEP][PASSED] - Statement - counter = counter + 1: null

2018-12-12 16:05:21 - [TEST_STEP][PASSED] - Statement - PreSaveFile = new java.io.File(((pathPrefix + java.lang.Integer.toString(counter)) + .png)): null

2018-12-12 16:05:21 - [TEST_STEP][PASSED] - Statement - counter = counter + 1: null

2018-12-12 16:05:21 - [TEST_STEP][PASSED] - Statement - PreSaveFile = new java.io.File(((pathPrefix + java.lang.Integer.toString(counter)) + .png)): null

2018-12-12 16:05:21 - [TEST_STEP][PASSED] - Statement - counter = counter + 1: null

2018-12-12 16:05:21 - [TEST_STEP][PASSED] - Statement - PreSaveFile = new java.io.File(((pathPrefix + java.lang.Integer.toString(counter)) + .png)): null

2018-12-12 16:05:21 - [TEST_STEP][PASSED] - Statement - counter = counter + 1: null

2018-12-12 16:05:21 - [TEST_STEP][PASSED] - Statement - PreSaveFile = new java.io.File(((pathPrefix + java.lang.Integer.toString(counter)) + .png)): null

2018-12-12 16:05:21 - [TEST_STEP][PASSED] - Statement - counter = counter + 1: null

2018-12-12 16:05:21 - [TEST_STEP][PASSED] - Statement - PreSaveFile = new java.io.File(((pathPrefix + java.lang.Integer.toString(counter)) + .png)): null

2018-12-12 16:05:21 - [TEST_STEP][PASSED] - Statement - counter = counter + 1: null

2018-12-12 16:05:21 - [TEST_STEP][PASSED] - Statement - PreSaveFile = new java.io.File(((pathPrefix + java.lang.Integer.toString(counter)) + .png)): null

2018-12-12 16:05:21 - [TEST_STEP][PASSED] - Statement - counter = counter + 1: null

2018-12-12 16:05:21 - [TEST_STEP][PASSED] - Statement - PreSaveFile = new java.io.File(((pathPrefix + java.lang.Integer.toString(counter)) + .png)): null

2018-12-12 16:05:21 - [TEST_STEP][PASSED] - Statement - counter = counter + 1: null

2018-12-12 16:05:21 - [TEST_STEP][PASSED] - Statement - PreSaveFile = new java.io.File(((pathPrefix + java.lang.Integer.toString(counter)) + .png)): null

2018-12-12 16:05:21 - [TEST_STEP][PASSED] - Statement - counter = counter + 1: null

2018-12-12 16:05:21 - [TEST_STEP][PASSED] - Statement - PreSaveFile = new java.io.File(((pathPrefix + java.lang.Integer.toString(counter)) + .png)): null

2018-12-12 16:05:21 - [TEST_STEP][PASSED] - Statement - counter = counter + 1: null

2018-12-12 16:05:21 - [TEST_STEP][PASSED] - Statement - PreSaveFile = new java.io.File(((pathPrefix + java.lang.Integer.toString(counter)) + .png)): null

2018-12-12 16:05:21 - [TEST_STEP][PASSED] - Statement - counter = counter + 1: null

2018-12-12 16:05:21 - [TEST_STEP][PASSED] - Statement - PreSaveFile = new java.io.File(((pathPrefix + java.lang.Integer.toString(counter)) + .png)): null

2018-12-12 16:05:21 - [TEST_STEP][PASSED] - Statement - counter = counter + 1: null

2018-12-12 16:05:21 - [TEST_STEP][PASSED] - Statement - PreSaveFile = new java.io.File(((pathPrefix + java.lang.Integer.toString(counter)) + .png)): null

2018-12-12 16:05:21 - [TEST_STEP][PASSED] - Statement - counter = counter + 1: null

2018-12-12 16:05:21 - [TEST_STEP][PASSED] - Statement - PreSaveFile = new java.io.File(((pathPrefix + java.lang.Integer.toString(counter)) + .png)): null

2018-12-12 16:05:21 - [TEST_STEP][PASSED] - Statement - counter = counter + 1: null

2018-12-12 16:05:21 - [TEST_STEP][PASSED] - Statement - PreSaveFile = new java.io.File(((pathPrefix + java.lang.Integer.toString(counter)) + .png)): null

2018-12-12 16:05:21 - [TEST_STEP][PASSED] - Statement - counter = counter + 1: null

2018-12-12 16:05:21 - [TEST_STEP][PASSED] - Statement - PreSaveFile = new java.io.File(((pathPrefix + java.lang.Integer.toString(counter)) + .png)): null

2018-12-12 16:05:21 - [TEST_STEP][PASSED] - Statement - counter = counter + 1: null

2018-12-12 16:05:21 - [TEST_STEP][PASSED] - Statement - PreSaveFile = new java.io.File(((pathPrefix + java.lang.Integer.toString(counter)) + .png)): null

2018-12-12 16:05:21 - [TEST_STEP][PASSED] - Statement - counter = counter + 1: null

2018-12-12 16:05:21 - [TEST_STEP][PASSED] - Statement - PreSaveFile = new java.io.File(((pathPrefix + java.lang.Integer.toString(counter)) + .png)): null

2018-12-12 16:05:21 - [TEST_STEP][PASSED] - Statement - counter = counter + 1: null

2018-12-12 16:05:21 - [TEST_STEP][PASSED] - Statement - PreSaveFile = new java.io.File(((pathPrefix + java.lang.Integer.toString(counter)) + .png)): null

2018-12-12 16:05:21 - [TEST_STEP][PASSED] - Statement - counter = counter + 1: null

2018-12-12 16:05:21 - [TEST_STEP][PASSED] - Statement - PreSaveFile = new java.io.File(((pathPrefix + java.lang.Integer.toString(counter)) + .png)): null

2018-12-12 16:05:21 - [TEST_STEP][PASSED] - Statement - counter = counter + 1: null

2018-12-12 16:05:21 - [TEST_STEP][PASSED] - Statement - PreSaveFile = new java.io.File(((pathPrefix + java.lang.Integer.toString(counter)) + .png)): null

2018-12-12 16:05:21 - [TEST_STEP][PASSED] - Statement - counter = counter + 1: null

2018-12-12 16:05:21 - [TEST_STEP][PASSED] - Statement - PreSaveFile = new java.io.File(((pathPrefix + java.lang.Integer.toString(counter)) + .png)): null

2018-12-12 16:05:21 - [TEST_STEP][PASSED] - Statement - counter = counter + 1: null

2018-12-12 16:05:21 - [TEST_STEP][PASSED] - Statement - PreSaveFile = new java.io.File(((pathPrefix + java.lang.Integer.toString(counter)) + .png)): null

2018-12-12 16:05:21 - [TEST_STEP][PASSED] - Statement - counter = counter + 1: null

2018-12-12 16:05:21 - [TEST_STEP][PASSED] - Statement - PreSaveFile = new java.io.File(((pathPrefix + java.lang.Integer.toString(counter)) + .png)): null

2018-12-12 16:05:21 - [TEST_STEP][PASSED] - Statement - counter = counter + 1: null

2018-12-12 16:05:21 - [TEST_STEP][PASSED] - Statement - PreSaveFile = new java.io.File(((pathPrefix + java.lang.Integer.toString(counter)) + .png)): null

2018-12-12 16:05:21 - [TEST_STEP][PASSED] - Statement - counter = counter + 1: null

2018-12-12 16:05:21 - [TEST_STEP][PASSED] - Statement - PreSaveFile = new java.io.File(((pathPrefix + java.lang.Integer.toString(counter)) + .png)): null

2018-12-12 16:05:21 - [TEST_STEP][PASSED] - Statement - counter = counter + 1: null

2018-12-12 16:05:21 - [TEST_STEP][PASSED] - Statement - PreSaveFile = new java.io.File(((pathPrefix + java.lang.Integer.toString(counter)) + .png)): null

2018-12-12 16:05:21 - [TEST_STEP][PASSED] - Statement - counter = counter + 1: null

2018-12-12 16:05:21 - [TEST_STEP][PASSED] - Statement - PreSaveFile = new java.io.File(((pathPrefix + java.lang.Integer.toString(counter)) + .png)): null

2018-12-12 16:05:21 - [TEST_STEP][PASSED] - Statement - counter = counter + 1: null

2018-12-12 16:05:21 - [TEST_STEP][PASSED] - Statement - PreSaveFile = new java.io.File(((pathPrefix + java.lang.Integer.toString(counter)) + .png)): null

2018-12-12 16:05:21 - [TEST_STEP][PASSED] - Statement - counter = counter + 1: null

2018-12-12 16:05:21 - [TEST_STEP][PASSED] - Statement - PreSaveFile = new java.io.File(((pathPrefix + java.lang.Integer.toString(counter)) + .png)): null

2018-12-12 16:05:21 - [TEST_STEP][PASSED] - Statement - counter = counter + 1: null

2018-12-12 16:05:21 - [TEST_STEP][PASSED] - Statement - PreSaveFile = new java.io.File(((pathPrefix + java.lang.Integer.toString(counter)) + .png)): null

2018-12-12 16:05:21 - [TEST_STEP][PASSED] - Statement - counter = counter + 1: null

2018-12-12 16:05:21 - [TEST_STEP][PASSED] - Statement - PreSaveFile = new java.io.File(((pathPrefix + java.lang.Integer.toString(counter)) + .png)): null

2018-12-12 16:05:21 - [TEST_STEP][PASSED] - Statement - counter = counter + 1: null

2018-12-12 16:05:21 - [TEST_STEP][PASSED] - Statement - PreSaveFile = new java.io.File(((pathPrefix + java.lang.Integer.toString(counter)) + .png)): null

2018-12-12 16:05:21 - [TEST_STEP][PASSED] - Statement - counter = counter + 1: null

2018-12-12 16:05:21 - [TEST_STEP][PASSED] - Statement - PreSaveFile = new java.io.File(((pathPrefix + java.lang.Integer.toString(counter)) + .png)): null

2018-12-12 16:05:21 - [TEST_STEP][PASSED] - Statement - counter = counter + 1: null

2018-12-12 16:05:21 - [TEST_STEP][PASSED] - Statement - PreSaveFile = new java.io.File(((pathPrefix + java.lang.Integer.toString(counter)) + .png)): null

2018-12-12 16:05:21 - [TEST_STEP][PASSED] - Statement - counter = counter + 1: null

2018-12-12 16:05:21 - [TEST_STEP][PASSED] - Statement - PreSaveFile = new java.io.File(((pathPrefix + java.lang.Integer.toString(counter)) + .png)): null

2018-12-12 16:05:21 - [TEST_STEP][PASSED] - Statement - counter = counter + 1: null

2018-12-12 16:05:21 - [TEST_STEP][PASSED] - Statement - PreSaveFile = new java.io.File(((pathPrefix + java.lang.Integer.toString(counter)) + .png)): null

2018-12-12 16:05:21 - [TEST_STEP][PASSED] - Statement - counter = counter + 1: null

2018-12-12 16:05:21 - [TEST_STEP][PASSED] - Statement - PreSaveFile = new java.io.File(((pathPrefix + java.lang.Integer.toString(counter)) + .png)): null

2018-12-12 16:05:21 - [TEST_STEP][PASSED] - Statement - counter = counter + 1: null

2018-12-12 16:05:21 - [TEST_STEP][PASSED] - Statement - PreSaveFile = new java.io.File(((pathPrefix + java.lang.Integer.toString(counter)) + .png)): null

2018-12-12 16:05:21 - [TEST_STEP][PASSED] - Statement - counter = counter + 1: null

2018-12-12 16:05:21 - [TEST_STEP][PASSED] - Statement - PreSaveFile = new java.io.File(((pathPrefix + java.lang.Integer.toString(counter)) + .png)): null

2018-12-12 16:05:21 - [TEST_STEP][PASSED] - Statement - counter = counter + 1: null

2018-12-12 16:05:21 - [TEST_STEP][PASSED] - Statement - PreSaveFile = new java.io.File(((pathPrefix + java.lang.Integer.toString(counter)) + .png)): null

2018-12-12 16:05:21 - [TEST_STEP][PASSED] - Statement - counter = counter + 1: null

2018-12-12 16:05:21 - [TEST_STEP][PASSED] - Statement - PreSaveFile = new java.io.File(((pathPrefix + java.lang.Integer.toString(counter)) + .png)): null

2018-12-12 16:05:21 - [TEST_STEP][PASSED] - Statement - counter = counter + 1: null

2018-12-12 16:05:21 - [TEST_STEP][PASSED] - Statement - PreSaveFile = new java.io.File(((pathPrefix + java.lang.Integer.toString(counter)) + .png)): null

2018-12-12 16:05:21 - [TEST_STEP][PASSED] - Statement - counter = counter + 1: null

2018-12-12 16:05:21 - [TEST_STEP][PASSED] - Statement - PreSaveFile = new java.io.File(((pathPrefix + java.lang.Integer.toString(counter)) + .png)): null

2018-12-12 16:05:21 - [TEST_STEP][PASSED] - Statement - counter = counter + 1: null

2018-12-12 16:05:21 - [TEST_STEP][PASSED] - Statement - PreSaveFile = new java.io.File(((pathPrefix + java.lang.Integer.toString(counter)) + .png)): null

2018-12-12 16:05:21 - [TEST_STEP][PASSED] - Statement - counter = counter + 1: null

2018-12-12 16:05:21 - [TEST_STEP][PASSED] - Statement - PreSaveFile = new java.io.File(((pathPrefix + java.lang.Integer.toString(counter)) + .png)): null

2018-12-12 16:05:21 - [TEST_STEP][PASSED] - Statement - counter = counter + 1: null

2018-12-12 16:05:21 - [TEST_STEP][PASSED] - Statement - PreSaveFile = new java.io.File(((pathPrefix + java.lang.Integer.toString(counter)) + .png)): null

2018-12-12 16:05:21 - [TEST_STEP][PASSED] - Statement - counter = counter + 1: null

2018-12-12 16:05:21 - [TEST_STEP][PASSED] - Statement - PreSaveFile = new java.io.File(((pathPrefix + java.lang.Integer.toString(counter)) + .png)): null

2018-12-12 16:05:21 - [TEST_STEP][PASSED] - Statement - counter = counter + 1: null

2018-12-12 16:05:21 - [TEST_STEP][PASSED] - Statement - PreSaveFile = new java.io.File(((pathPrefix + java.lang.Integer.toString(counter)) + .png)): null

2018-12-12 16:05:21 - [TEST_STEP][PASSED] - Statement - counter = counter + 1: null

2018-12-12 16:05:21 - [TEST_STEP][PASSED] - Statement - PreSaveFile = new java.io.File(((pathPrefix + java.lang.Integer.toString(counter)) + .png)): null

2018-12-12 16:05:21 - [TEST_STEP][PASSED] - Statement - counter = counter + 1: null

2018-12-12 16:05:21 - [TEST_STEP][PASSED] - Statement - PreSaveFile = new java.io.File(((pathPrefix + java.lang.Integer.toString(counter)) + .png)): null

2018-12-12 16:05:21 - [TEST_STEP][PASSED] - Statement - counter = counter + 1: null

2018-12-12 16:05:21 - [TEST_STEP][PASSED] - Statement - PreSaveFile = new java.io.File(((pathPrefix + java.lang.Integer.toString(counter)) + .png)): null

2018-12-12 16:05:21 - [TEST_STEP][PASSED] - Statement - counter = counter + 1: null

2018-12-12 16:05:21 - [TEST_STEP][PASSED] - Statement - PreSaveFile = new java.io.File(((pathPrefix + java.lang.Integer.toString(counter)) + .png)): null

2018-12-12 16:05:21 - [TEST_STEP][PASSED] - Statement - counter = counter + 1: null

2018-12-12 16:05:21 - [TEST_STEP][PASSED] - Statement - PreSaveFile = new java.io.File(((pathPrefix + java.lang.Integer.toString(counter)) + .png)): null

2018-12-12 16:05:21 - [TEST_STEP][PASSED] - Statement - counter = counter + 1: null

2018-12-12 16:05:21 - [TEST_STEP][PASSED] - Statement - PreSaveFile = new java.io.File(((pathPrefix + java.lang.Integer.toString(counter)) + .png)): null

2018-12-12 16:05:21 - [TEST_STEP][PASSED] - Statement - counter = counter + 1: null

2018-12-12 16:05:21 - [TEST_STEP][PASSED] - Statement - PreSaveFile = new java.io.File(((pathPrefix + java.lang.Integer.toString(counter)) + .png)): null

2018-12-12 16:05:21 - [TEST_STEP][PASSED] - Statement - counter = counter + 1: null

2018-12-12 16:05:21 - [TEST_STEP][PASSED] - Statement - PreSaveFile = new java.io.File(((pathPrefix + java.lang.Integer.toString(counter)) + .png)): null

2018-12-12 16:05:21 - [TEST_STEP][PASSED] - Statement - counter = counter + 1: null

2018-12-12 16:05:21 - [TEST_STEP][PASSED] - Statement - PreSaveFile = new java.io.File(((pathPrefix + java.lang.Integer.toString(counter)) + .png)): null

2018-12-12 16:05:21 - [TEST_STEP][PASSED] - Statement - counter = counter + 1: null

2018-12-12 16:05:21 - [TEST_STEP][PASSED] - Statement - PreSaveFile = new java.io.File(((pathPrefix + java.lang.Integer.toString(counter)) + .png)): null

2018-12-12 16:05:21 - [TEST_STEP][PASSED] - Statement - counter = counter + 1: null

2018-12-12 16:05:21 - [TEST_STEP][PASSED] - Statement - PreSaveFile = new java.io.File(((pathPrefix + java.lang.Integer.toString(counter)) + .png)): null

2018-12-12 16:05:21 - [TEST_STEP][PASSED] - Statement - counter = counter + 1: null

2018-12-12 16:05:21 - [TEST_STEP][PASSED] - Statement - PreSaveFile = new java.io.File(((pathPrefix + java.lang.Integer.toString(counter)) + .png)): null

2018-12-12 16:05:21 - [TEST_STEP][PASSED] - Statement - counter = counter + 1: null

2018-12-12 16:05:21 - [TEST_STEP][PASSED] - Statement - PreSaveFile = new java.io.File(((pathPrefix + java.lang.Integer.toString(counter)) + .png)): null

2018-12-12 16:05:21 - [TEST_STEP][PASSED] - Statement - counter = counter + 1: null

2018-12-12 16:05:21 - [TEST_STEP][PASSED] - Statement - PreSaveFile = new java.io.File(((pathPrefix + java.lang.Integer.toString(counter)) + .png)): null

2018-12-12 16:05:21 - [TEST_STEP][PASSED] - Statement - counter = counter + 1: null

2018-12-12 16:05:21 - [TEST_STEP][PASSED] - Statement - PreSaveFile = new java.io.File(((pathPrefix + java.lang.Integer.toString(counter)) + .png)): null

2018-12-12 16:05:21 - [TEST_STEP][PASSED] - Statement - counter = counter + 1: null

2018-12-12 16:05:21 - [TEST_STEP][PASSED] - Statement - PreSaveFile = new java.io.File(((pathPrefix + java.lang.Integer.toString(counter)) + .png)): null

2018-12-12 16:05:21 - [TEST_STEP][PASSED] - Statement - counter = counter + 1: null

2018-12-12 16:05:21 - [TEST_STEP][PASSED] - Statement - PreSaveFile = new java.io.File(((pathPrefix + java.lang.Integer.toString(counter)) + .png)): null

2018-12-12 16:05:21 - [TEST_STEP][PASSED] - Statement - counter = counter + 1: null

2018-12-12 16:05:21 - [TEST_STEP][PASSED] - Statement - PreSaveFile = new java.io.File(((pathPrefix + java.lang.Integer.toString(counter)) + .png)): null

2018-12-12 16:05:21 - [TEST_STEP][PASSED] - Statement - counter = counter + 1: null

2018-12-12 16:05:21 - [TEST_STEP][PASSED] - Statement - PreSaveFile = new java.io.File(((pathPrefix + java.lang.Integer.toString(counter)) + .png)): null

2018-12-12 16:05:21 - [TEST_STEP][PASSED] - Statement - counter = counter + 1: null

2018-12-12 16:05:21 - [TEST_STEP][PASSED] - Statement - PreSaveFile = new java.io.File(((pathPrefix + java.lang.Integer.toString(counter)) + .png)): null

2018-12-12 16:05:21 - [TEST_STEP][PASSED] - Statement - counter = counter + 1: null

2018-12-12 16:05:21 - [TEST_STEP][PASSED] - Statement - PreSaveFile = new java.io.File(((pathPrefix + java.lang.Integer.toString(counter)) + .png)): null

2018-12-12 16:05:21 - [TEST_STEP][PASSED] - Statement - counter = counter + 1: null

2018-12-12 16:05:21 - [TEST_STEP][PASSED] - Statement - PreSaveFile = new java.io.File(((pathPrefix + java.lang.Integer.toString(counter)) + .png)): null

2018-12-12 16:05:21 - [TEST_STEP][PASSED] - Statement - counter = counter + 1: null

2018-12-12 16:05:21 - [TEST_STEP][PASSED] - Statement - PreSaveFile = new java.io.File(((pathPrefix + java.lang.Integer.toString(counter)) + .png)): null

2018-12-12 16:05:21 - [TEST_STEP][PASSED] - Statement - counter = counter + 1: null

2018-12-12 16:05:21 - [TEST_STEP][PASSED] - Statement - PreSaveFile = new java.io.File(((pathPrefix + java.lang.Integer.toString(counter)) + .png)): null

2018-12-12 16:05:21 - [TEST_STEP][PASSED] - Statement - counter = counter + 1: null

2018-12-12 16:05:21 - [TEST_STEP][PASSED] - Statement - PreSaveFile = new java.io.File(((pathPrefix + java.lang.Integer.toString(counter)) + .png)): null

2018-12-12 16:05:21 - [TEST_STEP][PASSED] - Statement - counter = counter + 1: null

2018-12-12 16:05:21 - [TEST_STEP][PASSED] - Statement - PreSaveFile = new java.io.File(((pathPrefix + java.lang.Integer.toString(counter)) + .png)): null

2018-12-12 16:05:21 - [TEST_STEP][PASSED] - Statement - counter = counter + 1: null

2018-12-12 16:05:21 - [TEST_STEP][PASSED] - Statement - PreSaveFile = new java.io.File(((pathPrefix + java.lang.Integer.toString(counter)) + .png)): null

2018-12-12 16:05:21 - [TEST_STEP][PASSED] - Statement - counter = counter + 1: null

2018-12-12 16:05:21 - [TEST_STEP][PASSED] - Statement - PreSaveFile = new java.io.File(((pathPrefix + java.lang.Integer.toString(counter)) + .png)): null

2018-12-12 16:05:21 - [TEST_STEP][PASSED] - Statement - counter = counter + 1: null

2018-12-12 16:05:21 - [TEST_STEP][PASSED] - Statement - PreSaveFile = new java.io.File(((pathPrefix + java.lang.Integer.toString(counter)) + .png)): null

2018-12-12 16:05:21 - [TEST_STEP][PASSED] - Statement - counter = counter + 1: null

2018-12-12 16:05:21 - [TEST_STEP][PASSED] - Statement - PreSaveFile = new java.io.File(((pathPrefix + java.lang.Integer.toString(counter)) + .png)): null

2018-12-12 16:05:21 - [TEST_STEP][PASSED] - Statement - counter = counter + 1: null

2018-12-12 16:05:21 - [TEST_STEP][PASSED] - Statement - PreSaveFile = new java.io.File(((pathPrefix + java.lang.Integer.toString(counter)) + .png)): null

2018-12-12 16:05:21 - [TEST_STEP][PASSED] - Statement - counter = counter + 1: null

2018-12-12 16:05:21 - [TEST_STEP][PASSED] - Statement - PreSaveFile = new java.io.File(((pathPrefix + java.lang.Integer.toString(counter)) + .png)): null

2018-12-12 16:05:21 - [TEST_STEP][PASSED] - Statement - counter = counter + 1: null

2018-12-12 16:05:21 - [TEST_STEP][PASSED] - Statement - PreSaveFile = new java.io.File(((pathPrefix + java.lang.Integer.toString(counter)) + .png)): null

2018-12-12 16:05:21 - [TEST_STEP][PASSED] - Statement - counter = counter + 1: null

2018-12-12 16:05:21 - [TEST_STEP][PASSED] - Statement - PreSaveFile = new java.io.File(((pathPrefix + java.lang.Integer.toString(counter)) + .png)): null

2018-12-12 16:05:21 - [TEST_STEP][PASSED] - Statement - counter = counter + 1: null

2018-12-12 16:05:21 - [TEST_STEP][PASSED] - Statement - PreSaveFile = new java.io.File(((pathPrefix + java.lang.Integer.toString(counter)) + .png)): null

2018-12-12 16:05:21 - [TEST_STEP][PASSED] - Statement - counter = counter + 1: null

2018-12-12 16:05:21 - [TEST_STEP][PASSED] - Statement - PreSaveFile = new java.io.File(((pathPrefix + java.lang.Integer.toString(counter)) + .png)): null

2018-12-12 16:05:21 - [TEST_STEP][PASSED] - Statement - counter = counter + 1: null

2018-12-12 16:05:21 - [TEST_STEP][PASSED] - Statement - PreSaveFile = new java.io.File(((pathPrefix + java.lang.Integer.toString(counter)) + .png)): null

2018-12-12 16:05:21 - [TEST_STEP][PASSED] - Statement - counter = counter + 1: null

2018-12-12 16:05:21 - [TEST_STEP][PASSED] - Statement - PreSaveFile = new java.io.File(((pathPrefix + java.lang.Integer.toString(counter)) + .png)): null

2018-12-12 16:05:21 - [TEST_STEP][PASSED] - Statement - counter = counter + 1: null

2018-12-12 16:05:21 - [TEST_STEP][PASSED] - Statement - PreSaveFile = new java.io.File(((pathPrefix + java.lang.Integer.toString(counter)) + .png)): null

2018-12-12 16:05:21 - [TEST_STEP][PASSED] - Statement - finalPath = pathPrefix + java.lang.Integer.toString(counter) + ".png": null

2018-12-12 16:05:21 - [TEST_STEP][PASSED] - Statement - SaveFile = new java.io.File(finalPath): null

2018-12-12 16:05:21 - [TEST_STEP][PASSED] - Statement - Try: null

2018-12-12 16:05:21 - [TEST_STEP][PASSED] - Statement - org.apache.commons.io.FileUtils.copyFile(scrFile, SaveFile): null

2018-12-12 16:05:21 - [TEST_STEP][PASSED] - Statement - out.println("file kept"): null

2018-12-12 16:05:21 - [TEST_STEP][PASSED] - delay: Delayed 10 second(s)

2018-12-12 16:05:31 - [MESSAGE][PASSED] - Delayed 10 second(s)

2018-12-12 16:05:31 - [MESSAGE][PASSED] - Call Test Case 'Test Cases/Final Aug 2018 - PKS Automation/Registration Module/New Registration/Submit and Screenshot/Submit Registration and Screenshot' successfully]]></system-out>
         <system-err><![CDATA[]]></system-err>
      </testcase>
      <testcase name="Test Cases/Final Aug 2018 - PKS Automation/Registration Module/Critical Path/New Registration/Partnership - Registered with Agency" classname="Test Cases/Final Aug 2018 - PKS Automation/Registration Module/Critical Path/New Registration/Partnership - Registered with Agency" status="PASSED">
         <system-out><![CDATA[2018-12-12 16:05:31 - [TEST_CASE][PASSED] - Test Cases/Final Aug 2018 - PKS Automation/Registration Module/Critical Path/New Registration/Partnership - Registered with Agency: Test Cases/Final Aug 2018 - PKS Automation/Registration Module/Critical Path/New Registration/Partnership - Registered with Agency

2018-12-12 16:05:31 - [TEST_STEP][PASSED] - callTestCase: Call Test Case 'Test Cases/Final Aug 2018 - PKS Automation/Registration Module/New Registration/Form 1/Form 1 - Partnership - Registered with other Agencies' successfully

2018-12-12 16:05:31 - [TEST_CASE][PASSED] - Test Cases/Final Aug 2018 - PKS Automation/Registration Module/New Registration/Form 1/Form 1 - Partnership - Registered with other Agencies: Test Cases/Final Aug 2018 - PKS Automation/Registration Module/New Registration/Form 1/Form 1 - Partnership - Registered with other Agencies

2018-12-12 16:05:31 - [TEST_STEP][PASSED] - openBrowser: Browser is opened with url: ''

2018-12-12 16:05:31 - [MESSAGE][WARNING] - A browser is already opened. Closing browser and opening a new one

2018-12-12 16:05:34 - [MESSAGE][PASSED] - Browser is opened with url: ''

2018-12-12 16:05:34 - [TEST_STEP][PASSED] - navigateToUrl: Navigate to 'https://assist2-uat.perkeso.gov.my/login' successfully

2018-12-12 16:05:37 - [MESSAGE][PASSED] - Navigate to 'https://assist2-uat.perkeso.gov.my/login' successfully

2018-12-12 16:05:37 - [TEST_STEP][PASSED] - setText: Text 'johorotc1@gmail.com' is set on object 'Object Repository/Final Object Repo/Login Page/Internal User/Email Address'

2018-12-12 16:05:39 - [MESSAGE][PASSED] - Text 'johorotc1@gmail.com' is set on object 'Object Repository/Final Object Repo/Login Page/Internal User/Email Address'

2018-12-12 16:05:39 - [TEST_STEP][PASSED] - click: Object: 'Object Repository/Final Object Repo/Login Page/Internal User/Next Button' is clicked on

2018-12-12 16:05:39 - [MESSAGE][PASSED] - Object: 'Object Repository/Final Object Repo/Login Page/Internal User/Next Button' is clicked on

2018-12-12 16:05:39 - [TEST_STEP][PASSED] - delay: Delayed 1 second(s)

2018-12-12 16:05:40 - [MESSAGE][PASSED] - Delayed 1 second(s)

2018-12-12 16:05:40 - [TEST_STEP][PASSED] - setEncryptedText: Text ****** has been set on object 'Object Repository/Final Object Repo/Login Page/Internal User/Password'

2018-12-12 16:05:43 - [MESSAGE][PASSED] - Text ****** has been set on object 'Object Repository/Final Object Repo/Login Page/Internal User/Password'

2018-12-12 16:05:43 - [TEST_STEP][PASSED] - click: Object: 'Object Repository/Final Object Repo/Login Page/Internal User/Login Button' is clicked on

2018-12-12 16:05:43 - [MESSAGE][PASSED] - Object: 'Object Repository/Final Object Repo/Login Page/Internal User/Login Button' is clicked on

2018-12-12 16:05:43 - [TEST_STEP][PASSED] - delay: Delayed 1 second(s)

2018-12-12 16:05:44 - [MESSAGE][PASSED] - Delayed 1 second(s)

2018-12-12 16:05:44 - [TEST_STEP][PASSED] - Statement - Try: Delayed 2 second(s)

2018-12-12 16:05:44 - [TEST_STEP][PASSED] - Statement - Checker = false: null

2018-12-12 16:05:44 - [TEST_STEP][PASSED] - Statement - Checker = com.kms.katalon.core.webui.keyword.WebUiBuiltInKeywords.verifyElementHasAttribute(com.kms.katalon.core.testobject.ObjectRepository.findTestObject(Final Object Repo/Landing Page/BM Detecting), "href", 20, OPTIONAL): Object 'Object Repository/Final Object Repo/Landing Page/BM Detecting' has attribute 'href'

2018-12-12 16:05:47 - [MESSAGE][PASSED] - Object 'Object Repository/Final Object Repo/Landing Page/BM Detecting' has attribute 'href'

2018-12-12 16:05:47 - [TEST_STEP][PASSED] - Statement - out.println(Checker): null

2018-12-12 16:05:47 - [TEST_STEP][PASSED] - Statement - If (Checker == false): null

2018-12-12 16:05:47 - [TEST_STEP][PASSED] - Statement - Else: null

2018-12-12 16:05:47 - [TEST_STEP][PASSED] - delay: Delayed 2 second(s)

2018-12-12 16:05:49 - [MESSAGE][PASSED] - Delayed 2 second(s)

2018-12-12 16:05:49 - [TEST_STEP][PASSED] - navigateToUrl: Navigate to 'https://assist2-uat.perkeso.gov.my/web/registration/registration' successfully

2018-12-12 16:05:50 - [MESSAGE][PASSED] - Navigate to 'https://assist2-uat.perkeso.gov.my/web/registration/registration' successfully

2018-12-12 16:05:50 - [TEST_STEP][PASSED] - click: Object: 'Object Repository/Final Object Repo/New Registration - Registration Module Pages/Form 1/AEC - No' is clicked on

2018-12-12 16:05:50 - [MESSAGE][PASSED] - Object: 'Object Repository/Final Object Repo/New Registration - Registration Module Pages/Form 1/AEC - No' is clicked on

2018-12-12 16:05:50 - [TEST_STEP][PASSED] - click: Object: 'Object Repository/Final Object Repo/New Registration - Registration Module Pages/Form 1/Business Entity' is clicked on

2018-12-12 16:05:51 - [MESSAGE][PASSED] - Object: 'Object Repository/Final Object Repo/New Registration - Registration Module Pages/Form 1/Business Entity' is clicked on

2018-12-12 16:05:51 - [TEST_STEP][PASSED] - click: Object: 'Object Repository/Final Object Repo/New Registration - Registration Module Pages/Form 1/Business Entity - Partnership' is clicked on

2018-12-12 16:05:52 - [MESSAGE][PASSED] - Object: 'Object Repository/Final Object Repo/New Registration - Registration Module Pages/Form 1/Business Entity - Partnership' is clicked on

2018-12-12 16:05:52 - [TEST_STEP][PASSED] - delay: Delayed 1 second(s)

2018-12-12 16:05:53 - [MESSAGE][PASSED] - Delayed 1 second(s)

2018-12-12 16:05:53 - [TEST_STEP][PASSED] - click: Object: 'Object Repository/Final Object Repo/New Registration - Registration Module Pages/Form 1/Sub Business Entity' is clicked on

2018-12-12 16:05:53 - [MESSAGE][PASSED] - Object: 'Object Repository/Final Object Repo/New Registration - Registration Module Pages/Form 1/Sub Business Entity' is clicked on

2018-12-12 16:05:53 - [TEST_STEP][PASSED] - click: Object: 'Object Repository/Final Object Repo/New Registration - Registration Module Pages/Form 1/Sub Business Entity - Registered with other Age' is clicked on

2018-12-12 16:05:53 - [MESSAGE][PASSED] - Object: 'Object Repository/Final Object Repo/New Registration - Registration Module Pages/Form 1/Sub Business Entity - Registered with other Age' is clicked on

2018-12-12 16:05:53 - [TEST_STEP][PASSED] - delay: Delayed 1 second(s)

2018-12-12 16:05:54 - [MESSAGE][PASSED] - Delayed 1 second(s)

2018-12-12 16:05:54 - [TEST_STEP][PASSED] - setText: Text '123' is set on object 'Object Repository/Final Object Repo/New Registration - Registration Module Pages/Form 1/Registration Number'

2018-12-12 16:05:55 - [MESSAGE][PASSED] - Text '123' is set on object 'Object Repository/Final Object Repo/New Registration - Registration Module Pages/Form 1/Registration Number'

2018-12-12 16:05:55 - [TEST_STEP][NOT_RUN] - click: NOT_RUN: click

2018-12-12 16:05:55 - [MESSAGE][NOT_RUN] - NOT_RUN: click

2018-12-12 16:05:55 - [TEST_STEP][PASSED] - click: Object: 'Object Repository/Final Object Repo/New Registration - Registration Module Pages/Form 1/Registered As a Branch - Yes' is clicked on

2018-12-12 16:05:55 - [MESSAGE][PASSED] - Object: 'Object Repository/Final Object Repo/New Registration - Registration Module Pages/Form 1/Registered As a Branch - Yes' is clicked on

2018-12-12 16:05:55 - [TEST_STEP][PASSED] - click: Object: 'Object Repository/Final Object Repo/New Registration - Registration Module Pages/Form 1/Acknowledgement' is clicked on

2018-12-12 16:05:55 - [MESSAGE][PASSED] - Object: 'Object Repository/Final Object Repo/New Registration - Registration Module Pages/Form 1/Acknowledgement' is clicked on

2018-12-12 16:05:55 - [TEST_STEP][PASSED] - setText: Text 'perkeso' is set on object 'Object Repository/Final Object Repo/New Registration - Registration Module Pages/Form 1/Industry name'

2018-12-12 16:05:55 - [MESSAGE][PASSED] - Text 'perkeso' is set on object 'Object Repository/Final Object Repo/New Registration - Registration Module Pages/Form 1/Industry name'

2018-12-12 16:05:55 - [TEST_STEP][PASSED] - setText: Text 'perkeso1' is set on object 'Object Repository/Final Object Repo/New Registration - Registration Module Pages/Form 1/Postal Address1'

2018-12-12 16:05:56 - [MESSAGE][PASSED] - Text 'perkeso1' is set on object 'Object Repository/Final Object Repo/New Registration - Registration Module Pages/Form 1/Postal Address1'

2018-12-12 16:05:56 - [TEST_STEP][PASSED] - setText: Text 'perkeso2' is set on object 'Object Repository/Final Object Repo/New Registration - Registration Module Pages/Form 1/Postal Address2'

2018-12-12 16:05:56 - [MESSAGE][PASSED] - Text 'perkeso2' is set on object 'Object Repository/Final Object Repo/New Registration - Registration Module Pages/Form 1/Postal Address2'

2018-12-12 16:05:56 - [TEST_STEP][PASSED] - setText: Text 'perkeso3' is set on object 'Object Repository/Final Object Repo/New Registration - Registration Module Pages/Form 1/Postal Address3'

2018-12-12 16:05:56 - [MESSAGE][PASSED] - Text 'perkeso3' is set on object 'Object Repository/Final Object Repo/New Registration - Registration Module Pages/Form 1/Postal Address3'

2018-12-12 16:05:56 - [TEST_STEP][PASSED] - click: Object: 'Object Repository/Final Object Repo/New Registration - Registration Module Pages/Form 1/State' is clicked on

2018-12-12 16:05:57 - [MESSAGE][PASSED] - Object: 'Object Repository/Final Object Repo/New Registration - Registration Module Pages/Form 1/State' is clicked on

2018-12-12 16:05:57 - [TEST_STEP][PASSED] - click: Object: 'Object Repository/Final Object Repo/New Registration - Registration Module Pages/Form 1/State - Johor' is clicked on

2018-12-12 16:05:57 - [MESSAGE][PASSED] - Object: 'Object Repository/Final Object Repo/New Registration - Registration Module Pages/Form 1/State - Johor' is clicked on

2018-12-12 16:05:57 - [TEST_STEP][PASSED] - delay: Delayed 1 second(s)

2018-12-12 16:05:58 - [MESSAGE][PASSED] - Delayed 1 second(s)

2018-12-12 16:05:58 - [TEST_STEP][PASSED] - click: Object: 'Object Repository/Final Object Repo/New Registration - Registration Module Pages/Form 1/City' is clicked on

2018-12-12 16:05:58 - [MESSAGE][PASSED] - Object: 'Object Repository/Final Object Repo/New Registration - Registration Module Pages/Form 1/City' is clicked on

2018-12-12 16:05:58 - [TEST_STEP][PASSED] - setText: Text 'joh' is set on object 'Object Repository/Final Object Repo/New Registration - Registration Module Pages/Form 1/Postcode - 810'

2018-12-12 16:05:58 - [MESSAGE][PASSED] - Text 'joh' is set on object 'Object Repository/Final Object Repo/New Registration - Registration Module Pages/Form 1/Postcode - 810'

2018-12-12 16:05:58 - [TEST_STEP][PASSED] - delay: Delayed 1 second(s)

2018-12-12 16:05:59 - [MESSAGE][PASSED] - Delayed 1 second(s)

2018-12-12 16:05:59 - [TEST_STEP][PASSED] - click: Object: 'Object Repository/Final Object Repo/New Registration - Registration Module Pages/Form 1/City - Johor Bharu' is clicked on

2018-12-12 16:06:00 - [MESSAGE][PASSED] - Object: 'Object Repository/Final Object Repo/New Registration - Registration Module Pages/Form 1/City - Johor Bharu' is clicked on

2018-12-12 16:06:00 - [TEST_STEP][PASSED] - delay: Delayed 1 second(s)

2018-12-12 16:06:01 - [MESSAGE][PASSED] - Delayed 1 second(s)

2018-12-12 16:06:01 - [TEST_STEP][PASSED] - click: Object: 'Object Repository/Final Object Repo/New Registration - Registration Module Pages/Form 1/Postcode' is clicked on

2018-12-12 16:06:01 - [MESSAGE][PASSED] - Object: 'Object Repository/Final Object Repo/New Registration - Registration Module Pages/Form 1/Postcode' is clicked on

2018-12-12 16:06:01 - [TEST_STEP][PASSED] - delay: Delayed 1 second(s)

2018-12-12 16:06:02 - [MESSAGE][PASSED] - Delayed 1 second(s)

2018-12-12 16:06:02 - [TEST_STEP][PASSED] - setText: Text '810' is set on object 'Object Repository/Final Object Repo/New Registration - Registration Module Pages/Form 1/Postcode - 810'

2018-12-12 16:06:02 - [MESSAGE][PASSED] - Text '810' is set on object 'Object Repository/Final Object Repo/New Registration - Registration Module Pages/Form 1/Postcode - 810'

2018-12-12 16:06:02 - [TEST_STEP][PASSED] - delay: Delayed 1 second(s)

2018-12-12 16:06:03 - [MESSAGE][PASSED] - Delayed 1 second(s)

2018-12-12 16:06:03 - [TEST_STEP][PASSED] - click: Object: 'Object Repository/Final Object Repo/New Registration - Registration Module Pages/Form 1/Postcode - 81000' is clicked on

2018-12-12 16:06:04 - [MESSAGE][PASSED] - Object: 'Object Repository/Final Object Repo/New Registration - Registration Module Pages/Form 1/Postcode - 81000' is clicked on

2018-12-12 16:06:04 - [TEST_STEP][PASSED] - delay: Delayed 1 second(s)

2018-12-12 16:06:05 - [MESSAGE][PASSED] - Delayed 1 second(s)

2018-12-12 16:06:05 - [TEST_STEP][PASSED] - setText: Text '100' is set on object 'Object Repository/Final Object Repo/New Registration - Registration Module Pages/Form 1/P.O.BOX'

2018-12-12 16:06:06 - [MESSAGE][PASSED] - Text '100' is set on object 'Object Repository/Final Object Repo/New Registration - Registration Module Pages/Form 1/P.O.BOX'

2018-12-12 16:06:06 - [TEST_STEP][PASSED] - setText: Text '100' is set on object 'Object Repository/Final Object Repo/New Registration - Registration Module Pages/Form 1/Locked Bag No'

2018-12-12 16:06:07 - [MESSAGE][PASSED] - Text '100' is set on object 'Object Repository/Final Object Repo/New Registration - Registration Module Pages/Form 1/Locked Bag No'

2018-12-12 16:06:07 - [TEST_STEP][PASSED] - click: Object: 'Object Repository/Final Object Repo/New Registration - Registration Module Pages/Form 1/SOCSO Office Location' is clicked on

2018-12-12 16:06:07 - [MESSAGE][PASSED] - Object: 'Object Repository/Final Object Repo/New Registration - Registration Module Pages/Form 1/SOCSO Office Location' is clicked on

2018-12-12 16:06:07 - [TEST_STEP][PASSED] - click: Object: 'Object Repository/Final Object Repo/New Registration - Registration Module Pages/Form 1/SOCSO Office Location - Pejabat PERKESO Negeri Johor' is clicked on

2018-12-12 16:06:07 - [MESSAGE][PASSED] - Object: 'Object Repository/Final Object Repo/New Registration - Registration Module Pages/Form 1/SOCSO Office Location - Pejabat PERKESO Negeri Johor' is clicked on

2018-12-12 16:06:07 - [TEST_STEP][PASSED] - delay: Delayed 1 second(s)

2018-12-12 16:06:08 - [MESSAGE][PASSED] - Delayed 1 second(s)

2018-12-12 16:06:08 - [TEST_STEP][PASSED] - check: Object 'Object Repository/Final Object Repo/New Registration - Registration Module Pages/Form 1/Indusrty Address Same As Postal Address' is checked

2018-12-12 16:06:08 - [MESSAGE][PASSED] - Object 'Object Repository/Final Object Repo/New Registration - Registration Module Pages/Form 1/Indusrty Address Same As Postal Address' is checked

2018-12-12 16:06:08 - [TEST_STEP][PASSED] - delay: Delayed 3 second(s)

2018-12-12 16:06:11 - [MESSAGE][PASSED] - Delayed 3 second(s)

2018-12-12 16:06:11 - [TEST_STEP][PASSED] - click: Object: 'Object Repository/Final Object Repo/New Registration - Registration Module Pages/Form 1/Indusry Address Same As Postal Address False' is clicked on

2018-12-12 16:06:12 - [MESSAGE][PASSED] - Object: 'Object Repository/Final Object Repo/New Registration - Registration Module Pages/Form 1/Indusry Address Same As Postal Address False' is clicked on

2018-12-12 16:06:12 - [TEST_STEP][PASSED] - delay: Delayed 1 second(s)

2018-12-12 16:06:13 - [MESSAGE][PASSED] - Delayed 1 second(s)

2018-12-12 16:06:13 - [TEST_STEP][PASSED] - setText: Text 'perkeso1' is set on object 'Object Repository/Final Object Repo/New Registration - Registration Module Pages/Form 1/Industry Address1'

2018-12-12 16:06:13 - [MESSAGE][PASSED] - Text 'perkeso1' is set on object 'Object Repository/Final Object Repo/New Registration - Registration Module Pages/Form 1/Industry Address1'

2018-12-12 16:06:13 - [TEST_STEP][PASSED] - setText: Text 'perkeso2' is set on object 'Object Repository/Final Object Repo/New Registration - Registration Module Pages/Form 1/Industry Address2'

2018-12-12 16:06:13 - [MESSAGE][PASSED] - Text 'perkeso2' is set on object 'Object Repository/Final Object Repo/New Registration - Registration Module Pages/Form 1/Industry Address2'

2018-12-12 16:06:13 - [TEST_STEP][PASSED] - setText: Text 'perkeso3' is set on object 'Object Repository/Final Object Repo/New Registration - Registration Module Pages/Form 1/Industry Address3'

2018-12-12 16:06:14 - [MESSAGE][PASSED] - Text 'perkeso3' is set on object 'Object Repository/Final Object Repo/New Registration - Registration Module Pages/Form 1/Industry Address3'

2018-12-12 16:06:14 - [TEST_STEP][PASSED] - click: Object: 'Object Repository/Final Object Repo/New Registration - Registration Module Pages/Form 1/Industry State' is clicked on

2018-12-12 16:06:14 - [MESSAGE][PASSED] - Object: 'Object Repository/Final Object Repo/New Registration - Registration Module Pages/Form 1/Industry State' is clicked on

2018-12-12 16:06:14 - [TEST_STEP][PASSED] - delay: Delayed 2 second(s)

2018-12-12 16:06:16 - [MESSAGE][PASSED] - Delayed 2 second(s)

2018-12-12 16:06:16 - [TEST_STEP][PASSED] - click: Object: 'Object Repository/Final Object Repo/New Registration - Registration Module Pages/Form 1/Industry State - Johor' is clicked on

2018-12-12 16:06:16 - [MESSAGE][PASSED] - Object: 'Object Repository/Final Object Repo/New Registration - Registration Module Pages/Form 1/Industry State - Johor' is clicked on

2018-12-12 16:06:16 - [TEST_STEP][PASSED] - delay: Delayed 2 second(s)

2018-12-12 16:06:18 - [MESSAGE][PASSED] - Delayed 2 second(s)

2018-12-12 16:06:18 - [TEST_STEP][PASSED] - click: Object: 'Object Repository/Final Object Repo/New Registration - Registration Module Pages/Form 1/Industry Ciry' is clicked on

2018-12-12 16:06:18 - [MESSAGE][PASSED] - Object: 'Object Repository/Final Object Repo/New Registration - Registration Module Pages/Form 1/Industry Ciry' is clicked on

2018-12-12 16:06:18 - [TEST_STEP][PASSED] - setText: Text 'joh' is set on object 'Object Repository/Final Object Repo/New Registration - Registration Module Pages/Form 1/Industry Ciry - joh'

2018-12-12 16:06:19 - [MESSAGE][PASSED] - Text 'joh' is set on object 'Object Repository/Final Object Repo/New Registration - Registration Module Pages/Form 1/Industry Ciry - joh'

2018-12-12 16:06:19 - [TEST_STEP][PASSED] - delay: Delayed 2 second(s)

2018-12-12 16:06:21 - [MESSAGE][PASSED] - Delayed 2 second(s)

2018-12-12 16:06:21 - [TEST_STEP][PASSED] - click: Object: 'Object Repository/Final Object Repo/New Registration - Registration Module Pages/Form 1/Industy State - Johor Bharu' is clicked on

2018-12-12 16:06:21 - [MESSAGE][PASSED] - Object: 'Object Repository/Final Object Repo/New Registration - Registration Module Pages/Form 1/Industy State - Johor Bharu' is clicked on

2018-12-12 16:06:21 - [TEST_STEP][PASSED] - delay: Delayed 1 second(s)

2018-12-12 16:06:22 - [MESSAGE][PASSED] - Delayed 1 second(s)

2018-12-12 16:06:22 - [TEST_STEP][PASSED] - click: Object: 'Object Repository/Final Object Repo/New Registration - Registration Module Pages/Form 1/Indusry PostCode' is clicked on

2018-12-12 16:06:22 - [MESSAGE][PASSED] - Object: 'Object Repository/Final Object Repo/New Registration - Registration Module Pages/Form 1/Indusry PostCode' is clicked on

2018-12-12 16:06:22 - [TEST_STEP][PASSED] - delay: Delayed 1 second(s)

2018-12-12 16:06:23 - [MESSAGE][PASSED] - Delayed 1 second(s)

2018-12-12 16:06:23 - [TEST_STEP][PASSED] - setText: Text '810' is set on object 'Object Repository/Final Object Repo/New Registration - Registration Module Pages/Form 1/Insutry Post Code - 810'

2018-12-12 16:06:23 - [MESSAGE][PASSED] - Text '810' is set on object 'Object Repository/Final Object Repo/New Registration - Registration Module Pages/Form 1/Insutry Post Code - 810'

2018-12-12 16:06:23 - [TEST_STEP][PASSED] - delay: Delayed 1 second(s)

2018-12-12 16:06:24 - [MESSAGE][PASSED] - Delayed 1 second(s)

2018-12-12 16:06:24 - [TEST_STEP][PASSED] - click: Object: 'Object Repository/Final Object Repo/New Registration - Registration Module Pages/Form 1/Insutry Post Code - 81000' is clicked on

2018-12-12 16:06:25 - [MESSAGE][PASSED] - Object: 'Object Repository/Final Object Repo/New Registration - Registration Module Pages/Form 1/Insutry Post Code - 81000' is clicked on

2018-12-12 16:06:25 - [TEST_STEP][PASSED] - delay: Delayed 1 second(s)

2018-12-12 16:06:26 - [MESSAGE][PASSED] - Delayed 1 second(s)

2018-12-12 16:06:26 - [TEST_STEP][PASSED] - setText: Text '100' is set on object 'Object Repository/Final Object Repo/New Registration - Registration Module Pages/Form 1/Industry P.O.BOX'

2018-12-12 16:06:26 - [MESSAGE][PASSED] - Text '100' is set on object 'Object Repository/Final Object Repo/New Registration - Registration Module Pages/Form 1/Industry P.O.BOX'

2018-12-12 16:06:26 - [TEST_STEP][PASSED] - setText: Text '100' is set on object 'Object Repository/Final Object Repo/New Registration - Registration Module Pages/Form 1/Industry Locked Bag No'

2018-12-12 16:06:26 - [MESSAGE][PASSED] - Text '100' is set on object 'Object Repository/Final Object Repo/New Registration - Registration Module Pages/Form 1/Industry Locked Bag No'

2018-12-12 16:06:26 - [TEST_STEP][PASSED] - setText: Text '123456789' is set on object 'Object Repository/Final Object Repo/New Registration - Registration Module Pages/Form 1/Telephone No'

2018-12-12 16:06:27 - [MESSAGE][PASSED] - Text '123456789' is set on object 'Object Repository/Final Object Repo/New Registration - Registration Module Pages/Form 1/Telephone No'

2018-12-12 16:06:27 - [TEST_STEP][PASSED] - setText: Text '123456789' is set on object 'Object Repository/Final Object Repo/New Registration - Registration Module Pages/Form 1/Mobile No'

2018-12-12 16:06:27 - [MESSAGE][PASSED] - Text '123456789' is set on object 'Object Repository/Final Object Repo/New Registration - Registration Module Pages/Form 1/Mobile No'

2018-12-12 16:06:27 - [TEST_STEP][PASSED] - setText: Text '123456789' is set on object 'Object Repository/Final Object Repo/New Registration - Registration Module Pages/Form 1/Fax No'

2018-12-12 16:06:28 - [MESSAGE][PASSED] - Text '123456789' is set on object 'Object Repository/Final Object Repo/New Registration - Registration Module Pages/Form 1/Fax No'

2018-12-12 16:06:28 - [TEST_STEP][PASSED] - click: Object: 'Object Repository/Final Object Repo/New Registration - Registration Module Pages/Form 1/Industry Code' is clicked on

2018-12-12 16:06:28 - [MESSAGE][PASSED] - Object: 'Object Repository/Final Object Repo/New Registration - Registration Module Pages/Form 1/Industry Code' is clicked on

2018-12-12 16:06:28 - [TEST_STEP][PASSED] - click: Object: 'Object Repository/Final Object Repo/New Registration - Registration Module Pages/Form 1/Indudustry Code - Crops and Animal' is clicked on

2018-12-12 16:06:28 - [MESSAGE][PASSED] - Object: 'Object Repository/Final Object Repo/New Registration - Registration Module Pages/Form 1/Indudustry Code - Crops and Animal' is clicked on

2018-12-12 16:06:28 - [TEST_STEP][PASSED] - delay: Delayed 1 second(s)

2018-12-12 16:06:29 - [MESSAGE][PASSED] - Delayed 1 second(s)

2018-12-12 16:06:29 - [TEST_STEP][PASSED] - click: Object: 'Object Repository/Final Object Repo/New Registration - Registration Module Pages/Form 1/Sub Industry Code List' is clicked on

2018-12-12 16:06:29 - [MESSAGE][PASSED] - Object: 'Object Repository/Final Object Repo/New Registration - Registration Module Pages/Form 1/Sub Industry Code List' is clicked on

2018-12-12 16:06:29 - [TEST_STEP][PASSED] - click: Object: 'Object Repository/Final Object Repo/New Registration - Registration Module Pages/Form 1/Sub Industry Code List - Growing of Maize' is clicked on

2018-12-12 16:06:30 - [MESSAGE][PASSED] - Object: 'Object Repository/Final Object Repo/New Registration - Registration Module Pages/Form 1/Sub Industry Code List - Growing of Maize' is clicked on

2018-12-12 16:06:30 - [TEST_STEP][PASSED] - setText: Text 'perkeso123@gmail.com' is set on object 'Object Repository/Final Object Repo/New Registration - Registration Module Pages/Form 1/Email'

2018-12-12 16:06:31 - [MESSAGE][PASSED] - Text 'perkeso123@gmail.com' is set on object 'Object Repository/Final Object Repo/New Registration - Registration Module Pages/Form 1/Email'

2018-12-12 16:06:31 - [TEST_STEP][PASSED] - click: Object: 'Object Repository/Final Object Repo/New Registration - Registration Module Pages/Form 1/Method of Contribution Payment' is clicked on

2018-12-12 16:06:32 - [MESSAGE][PASSED] - Object: 'Object Repository/Final Object Repo/New Registration - Registration Module Pages/Form 1/Method of Contribution Payment' is clicked on

2018-12-12 16:06:32 - [TEST_STEP][PASSED] - click: Object: 'Object Repository/Final Object Repo/New Registration - Registration Module Pages/Form 1/Method of Contribution Payment - Portal' is clicked on

2018-12-12 16:06:33 - [MESSAGE][PASSED] - Object: 'Object Repository/Final Object Repo/New Registration - Registration Module Pages/Form 1/Method of Contribution Payment - Portal' is clicked on

2018-12-12 16:06:33 - [TEST_STEP][PASSED] - click: Object: 'Object Repository/Final Object Repo/New Registration - Registration Module Pages/Form 1/Servide Type' is clicked on

2018-12-12 16:06:33 - [MESSAGE][PASSED] - Object: 'Object Repository/Final Object Repo/New Registration - Registration Module Pages/Form 1/Servide Type' is clicked on

2018-12-12 16:06:33 - [TEST_STEP][PASSED] - click: Object: 'Object Repository/Final Object Repo/New Registration - Registration Module Pages/Form 1/Servide Type - Professional Bodies' is clicked on

2018-12-12 16:06:33 - [MESSAGE][PASSED] - Object: 'Object Repository/Final Object Repo/New Registration - Registration Module Pages/Form 1/Servide Type - Professional Bodies' is clicked on

2018-12-12 16:06:33 - [TEST_STEP][PASSED] - click: Object: 'Object Repository/Final Object Repo/New Registration - Registration Module Pages/Form 1/Industry Venue' is clicked on

2018-12-12 16:06:34 - [MESSAGE][PASSED] - Object: 'Object Repository/Final Object Repo/New Registration - Registration Module Pages/Form 1/Industry Venue' is clicked on

2018-12-12 16:06:34 - [TEST_STEP][PASSED] - click: Object: 'Object Repository/Final Object Repo/New Registration - Registration Module Pages/Form 1/Industry Venue -  PPN JOHOR' is clicked on

2018-12-12 16:06:34 - [MESSAGE][PASSED] - Object: 'Object Repository/Final Object Repo/New Registration - Registration Module Pages/Form 1/Industry Venue -  PPN JOHOR' is clicked on

2018-12-12 16:06:34 - [TEST_STEP][PASSED] - click: Object: 'Object Repository/Final Object Repo/New Registration - Registration Module Pages/Form 1/Save  Continue' is clicked on

2018-12-12 16:06:34 - [MESSAGE][PASSED] - Object: 'Object Repository/Final Object Repo/New Registration - Registration Module Pages/Form 1/Save  Continue' is clicked on

2018-12-12 16:06:34 - [MESSAGE][PASSED] - Call Test Case 'Test Cases/Final Aug 2018 - PKS Automation/Registration Module/New Registration/Form 1/Form 1 - Partnership - Registered with other Agencies' successfully

2018-12-12 16:06:34 - [TEST_STEP][PASSED] - callTestCase: Call Test Case 'Test Cases/Final Aug 2018 - PKS Automation/Registration Module/New Registration/Form 2/Add 2 Eligible 2 Not Eligible' successfully

2018-12-12 16:06:34 - [TEST_CASE][PASSED] - Test Cases/Final Aug 2018 - PKS Automation/Registration Module/New Registration/Form 2/Add 2 Eligible 2 Not Eligible: Test Cases/Final Aug 2018 - PKS Automation/Registration Module/New Registration/Form 2/Add 2 Eligible 2 Not Eligible

2018-12-12 16:06:34 - [TEST_STEP][PASSED] - delay: Delayed 2 second(s)

2018-12-12 16:06:36 - [MESSAGE][PASSED] - Delayed 2 second(s)

2018-12-12 16:06:36 - [TEST_STEP][PASSED] - callTestCase: Call Test Case 'Test Cases/Final Aug 2018 - PKS Automation/Registration Module/New Registration/Form 2/Date Updater' successfully

2018-12-12 16:06:36 - [TEST_CASE][PASSED] - Test Cases/Final Aug 2018 - PKS Automation/Registration Module/New Registration/Form 2/Date Updater: Test Cases/Final Aug 2018 - PKS Automation/Registration Module/New Registration/Form 2/Date Updater

2018-12-12 16:06:36 - [TEST_STEP][PASSED] - Statement - TodayDate = new java.util.Date(): null

2018-12-12 16:06:36 - [TEST_STEP][PASSED] - Statement - CurrentDateNoFilter = new java.text.SimpleDateFormat(): null

2018-12-12 16:06:36 - [TEST_STEP][PASSED] - Statement - CurrentDateNoFilter.applyPattern("MM"): null

2018-12-12 16:06:36 - [TEST_STEP][PASSED] - Statement - monthContainerMatcher = java.lang.Integer.parseInt(CurrentDateNoFilter.format(TodayDate)): null

2018-12-12 16:06:36 - [TEST_STEP][PASSED] - Statement - monthContainerMatcher = monthContainerMatcher - 1: null

2018-12-12 16:06:36 - [TEST_STEP][PASSED] - Statement - CurrentMonth = monthContainerMatcher.toString(): null

2018-12-12 16:06:36 - [TEST_STEP][PASSED] - Statement - CurrentMonth = CurrentMonth: null

2018-12-12 16:06:36 - [TEST_STEP][PASSED] - Statement - CurrentDateNoFilter.applyPattern("yyyy"): null

2018-12-12 16:06:36 - [TEST_STEP][PASSED] - Statement - CurrentYear = CurrentDateNoFilter.format(TodayDate): null

2018-12-12 16:06:36 - [TEST_STEP][PASSED] - Statement - CurrentYear = CurrentYear: null

2018-12-12 16:06:36 - [TEST_STEP][PASSED] - Statement - intCurrentYear = java.lang.Integer.parseInt(CurrentDateNoFilter.format(TodayDate)): null

2018-12-12 16:06:36 - [TEST_STEP][PASSED] - Statement - eighteenYrsAgo = intCurrentYear - 18: null

2018-12-12 16:06:36 - [TEST_STEP][PASSED] - Statement - eighteenYrsBeforeThisYr = eighteenYrsAgo.toString(): null

2018-12-12 16:06:36 - [TEST_STEP][PASSED] - Statement - EighteenYrsBefore = eighteenYrsBeforeThisYr: null

2018-12-12 16:06:36 - [TEST_STEP][PASSED] - Statement - fiftysevenYrsAgo = intCurrentYear - 57: null

2018-12-12 16:06:36 - [TEST_STEP][PASSED] - Statement - fiftysevenYrsBeforeThisYr = fiftysevenYrsAgo.toString(): null

2018-12-12 16:06:36 - [TEST_STEP][PASSED] - Statement - FiftysevenYrsBefore = fiftysevenYrsBeforeThisYr: null

2018-12-12 16:06:36 - [TEST_STEP][PASSED] - Statement - leapYear = false: null

2018-12-12 16:06:36 - [TEST_STEP][PASSED] - Statement - leapYear = intCurrentYear % 4 == 0: null

2018-12-12 16:06:36 - [TEST_STEP][PASSED] - Statement - CurrentDateNoFilter.applyPattern("dd"): null

2018-12-12 16:06:36 - [TEST_STEP][PASSED] - Statement - CurrentDate = CurrentDateNoFilter.format(TodayDate): null

2018-12-12 16:06:36 - [TEST_STEP][PASSED] - Statement - CurrentDate = java.lang.Integer.parseInt(CurrentDate): null

2018-12-12 16:06:36 - [TEST_STEP][PASSED] - Statement - CurrentDate = CurrentDate: null

2018-12-12 16:06:36 - [TEST_STEP][PASSED] - Statement - CurrentDay = java.lang.Integer.parseInt(CurrentDate): null

2018-12-12 16:06:36 - [TEST_STEP][PASSED] - Statement - ConfAdder = <not implemented yet for class: org.codehaus.groovy.ast.expr.EmptyExpression>: null

2018-12-12 16:06:36 - [TEST_STEP][PASSED] - Statement - out.println(CurrentMonth): null

2018-12-12 16:06:36 - [TEST_STEP][PASSED] - Statement - out.println(CurrentDate): null

2018-12-12 16:06:36 - [TEST_STEP][PASSED] - Statement - switch (CurrentDate): null

2018-12-12 16:06:36 - [TEST_STEP][PASSED] - Statement - Default: null

2018-12-12 16:06:36 - [TEST_STEP][PASSED] - Statement - ConfAdder = true: null

2018-12-12 16:06:36 - [TEST_STEP][PASSED] - Statement - Break: null

2018-12-12 16:06:36 - [TEST_STEP][PASSED] - Statement - aDayBefore = <not implemented yet for class: org.codehaus.groovy.ast.expr.EmptyExpression>: null

2018-12-12 16:06:36 - [TEST_STEP][PASSED] - Statement - out.println(ConfAdder): null

2018-12-12 16:06:36 - [TEST_STEP][PASSED] - Statement - If (ConfAdder == true): null

2018-12-12 16:06:36 - [TEST_STEP][PASSED] - Statement - aDayBefore = CurrentDay + 1: null

2018-12-12 16:06:36 - [TEST_STEP][PASSED] - Statement - out.println(aDayBefore): null

2018-12-12 16:06:36 - [TEST_STEP][PASSED] - Statement - If (aDayBefore == 1 && CurrentMonth == 11): null

2018-12-12 16:06:36 - [TEST_STEP][PASSED] - Statement - DayBefore = aDayBefore.toString(): null

2018-12-12 16:06:36 - [TEST_STEP][PASSED] - Statement - OneDayBefore = DayBefore: null

2018-12-12 16:06:36 - [MESSAGE][PASSED] - Call Test Case 'Test Cases/Final Aug 2018 - PKS Automation/Registration Module/New Registration/Form 2/Date Updater' successfully

2018-12-12 16:06:36 - [TEST_STEP][PASSED] - delay: Delayed 1 second(s)

2018-12-12 16:06:37 - [MESSAGE][PASSED] - Delayed 1 second(s)

2018-12-12 16:06:37 - [TEST_STEP][PASSED] - Statement - CaseReferenceNo = com.kms.katalon.core.webui.keyword.WebUiBuiltInKeywords.getText(com.kms.katalon.core.testobject.ObjectRepository.findTestObject(Final Object Repo/New Registration - Registration Module Pages/Form 2/RefNo Acquiring)): Text of object 'Object Repository/Final Object Repo/New Registration - Registration Module Pages/Form 2/RefNo Acquiring' is: 'CRN12201800123211'

2018-12-12 16:06:38 - [MESSAGE][PASSED] - Text of object 'Object Repository/Final Object Repo/New Registration - Registration Module Pages/Form 2/RefNo Acquiring' is: 'CRN12201800123211'

2018-12-12 16:06:38 - [TEST_STEP][PASSED] - delay: Delayed 1 second(s)

2018-12-12 16:06:39 - [MESSAGE][PASSED] - Delayed 1 second(s)

2018-12-12 16:06:39 - [TEST_STEP][PASSED] - click: Object: 'Object Repository/Final Object Repo/New Registration - Registration Module Pages/Form 2/Add Employee Button' is clicked on

2018-12-12 16:06:40 - [MESSAGE][PASSED] - Object: 'Object Repository/Final Object Repo/New Registration - Registration Module Pages/Form 2/Add Employee Button' is clicked on

2018-12-12 16:06:40 - [TEST_STEP][PASSED] - delay: Delayed 4 second(s)

2018-12-12 16:06:44 - [MESSAGE][PASSED] - Delayed 4 second(s)

2018-12-12 16:06:44 - [TEST_STEP][PASSED] - setText: Text '010903091927' is set on object 'Object Repository/Final Object Repo/New Registration - Registration Module Pages/Form 2/NRIC Input'

2018-12-12 16:06:47 - [MESSAGE][PASSED] - Text '010903091927' is set on object 'Object Repository/Final Object Repo/New Registration - Registration Module Pages/Form 2/NRIC Input'

2018-12-12 16:06:47 - [TEST_STEP][PASSED] - click: Object: 'Object Repository/Final Object Repo/New Registration - Registration Module Pages/Form 2/button for search for IC' is clicked on

2018-12-12 16:06:47 - [MESSAGE][PASSED] - Object: 'Object Repository/Final Object Repo/New Registration - Registration Module Pages/Form 2/button for search for IC' is clicked on

2018-12-12 16:06:47 - [TEST_STEP][PASSED] - delay: Delayed 2 second(s)

2018-12-12 16:06:49 - [MESSAGE][PASSED] - Delayed 2 second(s)

2018-12-12 16:06:49 - [TEST_STEP][PASSED] - setText: Text 'Automate001 eligible 1' is set on object 'Object Repository/Final Object Repo/New Registration - Registration Module Pages/Form 2/Employee Name Input'

2018-12-12 16:06:49 - [MESSAGE][PASSED] - Text 'Automate001 eligible 1' is set on object 'Object Repository/Final Object Repo/New Registration - Registration Module Pages/Form 2/Employee Name Input'

2018-12-12 16:06:49 - [TEST_STEP][PASSED] - delay: Delayed 2 second(s)

2018-12-12 16:06:51 - [MESSAGE][PASSED] - Delayed 2 second(s)

2018-12-12 16:06:51 - [TEST_STEP][PASSED] - click: Object: 'Object Repository/Final Object Repo/New Registration - Registration Module Pages/Form 2/DatePicker Pop Up' is clicked on

2018-12-12 16:06:52 - [MESSAGE][PASSED] - Object: 'Object Repository/Final Object Repo/New Registration - Registration Module Pages/Form 2/DatePicker Pop Up' is clicked on

2018-12-12 16:06:52 - [TEST_STEP][PASSED] - click: Object: 'Object Repository/Final Object Repo/New Registration - Registration Module Pages/Form 2/DOB Month' is clicked on

2018-12-12 16:06:53 - [MESSAGE][PASSED] - Object: 'Object Repository/Final Object Repo/New Registration - Registration Module Pages/Form 2/DOB Month' is clicked on

2018-12-12 16:06:53 - [TEST_STEP][PASSED] - Statement - CurrentMonth = CurrentMonth: null

2018-12-12 16:06:53 - [TEST_STEP][PASSED] - Statement - selectMonth = new com.kms.katalon.core.testobject.TestObject(): null

2018-12-12 16:06:53 - [TEST_STEP][PASSED] - Statement - selectMonth.addProperty("xpath", EQUALS, "//body/div/div/div/select/option[@value='" + CurrentMonth + "']", true): null

2018-12-12 16:06:53 - [TEST_STEP][PASSED] - click: Object: '' is clicked on

2018-12-12 16:06:54 - [MESSAGE][PASSED] - Object: '' is clicked on

2018-12-12 16:06:54 - [TEST_STEP][PASSED] - click: Object: 'Object Repository/Final Object Repo/New Registration - Registration Module Pages/Form 2/DOB Year' is clicked on

2018-12-12 16:06:54 - [MESSAGE][PASSED] - Object: 'Object Repository/Final Object Repo/New Registration - Registration Module Pages/Form 2/DOB Year' is clicked on

2018-12-12 16:06:54 - [TEST_STEP][PASSED] - Statement - Eyearsbf = EighteenYrsBefore: null

2018-12-12 16:06:54 - [TEST_STEP][PASSED] - Statement - selectYear = new com.kms.katalon.core.testobject.TestObject(): null

2018-12-12 16:06:54 - [TEST_STEP][PASSED] - Statement - selectYear.addProperty("xpath", EQUALS, "//div/div/div/select/option[@value='" + Eyearsbf + "']", true): null

2018-12-12 16:06:54 - [TEST_STEP][PASSED] - click: Object: '' is clicked on

2018-12-12 16:06:55 - [MESSAGE][PASSED] - Object: '' is clicked on

2018-12-12 16:06:55 - [TEST_STEP][PASSED] - Statement - UpdatedSelectDate = com.kms.katalon.core.webui.keyword.WebUiBuiltInKeywords.modifyObjectProperty(com.kms.katalon.core.testobject.ObjectRepository.findTestObject(Final Object Repo/New Registration - Registration Module Pages/Form 2/DOB Date), "xpath", "equals", "//body/div/table/tbody/tr/td/a[text()="" + CurrentDate + ""]", true): Modify property of object successfully

2018-12-12 16:06:55 - [MESSAGE][PASSED] - Modify property of object successfully

2018-12-12 16:06:55 - [TEST_STEP][PASSED] - delay: Delayed 3 second(s)

2018-12-12 16:06:58 - [MESSAGE][PASSED] - Delayed 3 second(s)

2018-12-12 16:06:58 - [TEST_STEP][PASSED] - click: Object: 'Object Repository/Final Object Repo/New Registration - Registration Module Pages/Form 2/DOB Date' is clicked on

2018-12-12 16:06:58 - [MESSAGE][PASSED] - Object: 'Object Repository/Final Object Repo/New Registration - Registration Module Pages/Form 2/DOB Date' is clicked on

2018-12-12 16:06:58 - [TEST_STEP][PASSED] - delay: Delayed 2 second(s)

2018-12-12 16:07:00 - [MESSAGE][PASSED] - Delayed 2 second(s)

2018-12-12 16:07:00 - [TEST_STEP][PASSED] - click: Object: 'Object Repository/Final Object Repo/New Registration - Registration Module Pages/Form 2/EmploymentStartDate Pop Up' is clicked on

2018-12-12 16:07:00 - [MESSAGE][PASSED] - Object: 'Object Repository/Final Object Repo/New Registration - Registration Module Pages/Form 2/EmploymentStartDate Pop Up' is clicked on

2018-12-12 16:07:00 - [TEST_STEP][PASSED] - delay: Delayed 2 second(s)

2018-12-12 16:07:02 - [MESSAGE][PASSED] - Delayed 2 second(s)

2018-12-12 16:07:02 - [TEST_STEP][PASSED] - click: Object: 'Object Repository/Final Object Repo/New Registration - Registration Module Pages/Form 2/Socso Employment StartDate Month' is clicked on

2018-12-12 16:07:02 - [MESSAGE][PASSED] - Object: 'Object Repository/Final Object Repo/New Registration - Registration Module Pages/Form 2/Socso Employment StartDate Month' is clicked on

2018-12-12 16:07:02 - [TEST_STEP][PASSED] - delay: Delayed 1 second(s)

2018-12-12 16:07:03 - [MESSAGE][PASSED] - Delayed 1 second(s)

2018-12-12 16:07:03 - [TEST_STEP][PASSED] - click: Object: 'Object Repository/Final Object Repo/New Registration - Registration Module Pages/Form 2/Select Socso Employement Startdate Month' is clicked on

2018-12-12 16:07:03 - [MESSAGE][PASSED] - Object: 'Object Repository/Final Object Repo/New Registration - Registration Module Pages/Form 2/Select Socso Employement Startdate Month' is clicked on

2018-12-12 16:07:03 - [TEST_STEP][PASSED] - delay: Delayed 2 second(s)

2018-12-12 16:07:05 - [MESSAGE][PASSED] - Delayed 2 second(s)

2018-12-12 16:07:05 - [TEST_STEP][PASSED] - click: Object: 'Object Repository/Final Object Repo/New Registration - Registration Module Pages/Form 2/Socso Employment StartDate Year' is clicked on

2018-12-12 16:07:06 - [MESSAGE][PASSED] - Object: 'Object Repository/Final Object Repo/New Registration - Registration Module Pages/Form 2/Socso Employment StartDate Year' is clicked on

2018-12-12 16:07:06 - [TEST_STEP][PASSED] - delay: Delayed 1 second(s)

2018-12-12 16:07:07 - [MESSAGE][PASSED] - Delayed 1 second(s)

2018-12-12 16:07:07 - [TEST_STEP][PASSED] - click: Object: 'Object Repository/Final Object Repo/New Registration - Registration Module Pages/Form 2/Select Socso Employment Startdate Year' is clicked on

2018-12-12 16:07:07 - [MESSAGE][PASSED] - Object: 'Object Repository/Final Object Repo/New Registration - Registration Module Pages/Form 2/Select Socso Employment Startdate Year' is clicked on

2018-12-12 16:07:07 - [TEST_STEP][PASSED] - delay: Delayed 2 second(s)

2018-12-12 16:07:09 - [MESSAGE][PASSED] - Delayed 2 second(s)

2018-12-12 16:07:09 - [TEST_STEP][PASSED] - click: Object: 'Object Repository/Final Object Repo/New Registration - Registration Module Pages/Form 2/Socso Employment Start Date Day' is clicked on

2018-12-12 16:07:09 - [MESSAGE][PASSED] - Object: 'Object Repository/Final Object Repo/New Registration - Registration Module Pages/Form 2/Socso Employment Start Date Day' is clicked on

2018-12-12 16:07:09 - [TEST_STEP][PASSED] - delay: Delayed 2 second(s)

2018-12-12 16:07:11 - [MESSAGE][PASSED] - Delayed 2 second(s)

2018-12-12 16:07:11 - [TEST_STEP][PASSED] - click: Object: 'Object Repository/Final Object Repo/New Registration - Registration Module Pages/Form 2/Save Button for Add Employee' is clicked on

2018-12-12 16:07:11 - [MESSAGE][PASSED] - Object: 'Object Repository/Final Object Repo/New Registration - Registration Module Pages/Form 2/Save Button for Add Employee' is clicked on

2018-12-12 16:07:11 - [TEST_STEP][PASSED] - delay: Delayed 6 second(s)

2018-12-12 16:07:17 - [MESSAGE][PASSED] - Delayed 6 second(s)

2018-12-12 16:07:17 - [TEST_STEP][PASSED] - click: Object: 'Object Repository/Final Object Repo/New Registration - Registration Module Pages/Form 2/Add Employee Button' is clicked on

2018-12-12 16:07:17 - [MESSAGE][PASSED] - Object: 'Object Repository/Final Object Repo/New Registration - Registration Module Pages/Form 2/Add Employee Button' is clicked on

2018-12-12 16:07:17 - [TEST_STEP][PASSED] - delay: Delayed 4 second(s)

2018-12-12 16:07:21 - [MESSAGE][PASSED] - Delayed 4 second(s)

2018-12-12 16:07:21 - [TEST_STEP][PASSED] - setText: Text '620904059691' is set on object 'Object Repository/Final Object Repo/New Registration - Registration Module Pages/Form 2/NRIC Input'

2018-12-12 16:07:23 - [MESSAGE][PASSED] - Text '620904059691' is set on object 'Object Repository/Final Object Repo/New Registration - Registration Module Pages/Form 2/NRIC Input'

2018-12-12 16:07:23 - [TEST_STEP][PASSED] - click: Object: 'Object Repository/Final Object Repo/New Registration - Registration Module Pages/Form 2/button for search for IC' is clicked on

2018-12-12 16:07:23 - [MESSAGE][PASSED] - Object: 'Object Repository/Final Object Repo/New Registration - Registration Module Pages/Form 2/button for search for IC' is clicked on

2018-12-12 16:07:23 - [TEST_STEP][PASSED] - delay: Delayed 2 second(s)

2018-12-12 16:07:25 - [MESSAGE][PASSED] - Delayed 2 second(s)

2018-12-12 16:07:25 - [TEST_STEP][PASSED] - setText: Text 'Automate001 eligible 2' is set on object 'Object Repository/Final Object Repo/New Registration - Registration Module Pages/Form 2/Employee Name Input'

2018-12-12 16:07:31 - [MESSAGE][PASSED] - Text 'Automate001 eligible 2' is set on object 'Object Repository/Final Object Repo/New Registration - Registration Module Pages/Form 2/Employee Name Input'

2018-12-12 16:07:31 - [TEST_STEP][PASSED] - delay: Delayed 2 second(s)

2018-12-12 16:07:33 - [MESSAGE][PASSED] - Delayed 2 second(s)

2018-12-12 16:07:33 - [TEST_STEP][PASSED] - click: Object: 'Object Repository/Final Object Repo/New Registration - Registration Module Pages/Form 2/DatePicker Pop Up' is clicked on

2018-12-12 16:07:33 - [MESSAGE][PASSED] - Object: 'Object Repository/Final Object Repo/New Registration - Registration Module Pages/Form 2/DatePicker Pop Up' is clicked on

2018-12-12 16:07:33 - [TEST_STEP][PASSED] - delay: Delayed 2 second(s)

2018-12-12 16:07:35 - [MESSAGE][PASSED] - Delayed 2 second(s)

2018-12-12 16:07:35 - [TEST_STEP][PASSED] - click: Object: 'Object Repository/Final Object Repo/New Registration - Registration Module Pages/Form 2/DOB Month' is clicked on

2018-12-12 16:07:35 - [MESSAGE][PASSED] - Object: 'Object Repository/Final Object Repo/New Registration - Registration Module Pages/Form 2/DOB Month' is clicked on

2018-12-12 16:07:35 - [TEST_STEP][PASSED] - Statement - selectMonth = com.kms.katalon.core.webui.keyword.WebUiBuiltInKeywords.modifyObjectProperty(selectMonth, "xpath", "equals", "//body/div/div/div/select/option[@value="" + CurrentMonth + ""]", true): Modify property of object successfully

2018-12-12 16:07:35 - [MESSAGE][PASSED] - Modify property of object successfully

2018-12-12 16:07:35 - [TEST_STEP][PASSED] - click: Object: '' is clicked on

2018-12-12 16:07:35 - [MESSAGE][PASSED] - Object: '' is clicked on

2018-12-12 16:07:35 - [TEST_STEP][PASSED] - click: Object: 'Object Repository/Final Object Repo/New Registration - Registration Module Pages/Form 2/DOB Year' is clicked on

2018-12-12 16:07:35 - [MESSAGE][PASSED] - Object: 'Object Repository/Final Object Repo/New Registration - Registration Module Pages/Form 2/DOB Year' is clicked on

2018-12-12 16:07:35 - [TEST_STEP][PASSED] - Statement - selectYear = com.kms.katalon.core.webui.keyword.WebUiBuiltInKeywords.modifyObjectProperty(selectYear, "xpath", "equals", "//div/div/div/select/option[@value="" + FiftysevenYrsBefore + ""]", true): Modify property of object successfully

2018-12-12 16:07:35 - [MESSAGE][PASSED] - Modify property of object successfully

2018-12-12 16:07:35 - [TEST_STEP][PASSED] - click: Object: '' is clicked on

2018-12-12 16:07:36 - [MESSAGE][PASSED] - Object: '' is clicked on

2018-12-12 16:07:36 - [TEST_STEP][PASSED] - Statement - UpdatedSelectDate = com.kms.katalon.core.webui.keyword.WebUiBuiltInKeywords.modifyObjectProperty(com.kms.katalon.core.testobject.ObjectRepository.findTestObject(Final Object Repo/New Registration - Registration Module Pages/Form 2/DOB Date), "xpath", "equals", "//body/div/table/tbody/tr/td/a[text()="" + OneDayBefore + ""]", true): Modify property of object successfully

2018-12-12 16:07:36 - [MESSAGE][PASSED] - Modify property of object successfully

2018-12-12 16:07:36 - [TEST_STEP][PASSED] - click: Object: 'Object Repository/Final Object Repo/New Registration - Registration Module Pages/Form 2/DOB Date' is clicked on

2018-12-12 16:07:36 - [MESSAGE][PASSED] - Object: 'Object Repository/Final Object Repo/New Registration - Registration Module Pages/Form 2/DOB Date' is clicked on

2018-12-12 16:07:36 - [TEST_STEP][PASSED] - delay: Delayed 2 second(s)

2018-12-12 16:07:38 - [MESSAGE][PASSED] - Delayed 2 second(s)

2018-12-12 16:07:38 - [TEST_STEP][PASSED] - click: Object: 'Object Repository/Final Object Repo/New Registration - Registration Module Pages/Form 2/EmploymentStartDate Pop Up' is clicked on

2018-12-12 16:07:38 - [MESSAGE][PASSED] - Object: 'Object Repository/Final Object Repo/New Registration - Registration Module Pages/Form 2/EmploymentStartDate Pop Up' is clicked on

2018-12-12 16:07:38 - [TEST_STEP][PASSED] - delay: Delayed 2 second(s)

2018-12-12 16:07:40 - [MESSAGE][PASSED] - Delayed 2 second(s)

2018-12-12 16:07:40 - [TEST_STEP][PASSED] - click: Object: 'Object Repository/Final Object Repo/New Registration - Registration Module Pages/Form 2/Socso Employment StartDate Month' is clicked on

2018-12-12 16:07:40 - [MESSAGE][PASSED] - Object: 'Object Repository/Final Object Repo/New Registration - Registration Module Pages/Form 2/Socso Employment StartDate Month' is clicked on

2018-12-12 16:07:40 - [TEST_STEP][PASSED] - delay: Delayed 1 second(s)

2018-12-12 16:07:41 - [MESSAGE][PASSED] - Delayed 1 second(s)

2018-12-12 16:07:41 - [TEST_STEP][PASSED] - click: Object: 'Object Repository/Final Object Repo/New Registration - Registration Module Pages/Form 2/Select Socso Employement Startdate Month' is clicked on

2018-12-12 16:07:41 - [MESSAGE][PASSED] - Object: 'Object Repository/Final Object Repo/New Registration - Registration Module Pages/Form 2/Select Socso Employement Startdate Month' is clicked on

2018-12-12 16:07:41 - [TEST_STEP][PASSED] - delay: Delayed 2 second(s)

2018-12-12 16:07:43 - [MESSAGE][PASSED] - Delayed 2 second(s)

2018-12-12 16:07:43 - [TEST_STEP][PASSED] - click: Object: 'Object Repository/Final Object Repo/New Registration - Registration Module Pages/Form 2/Socso Employment StartDate Year' is clicked on

2018-12-12 16:07:43 - [MESSAGE][PASSED] - Object: 'Object Repository/Final Object Repo/New Registration - Registration Module Pages/Form 2/Socso Employment StartDate Year' is clicked on

2018-12-12 16:07:43 - [TEST_STEP][PASSED] - delay: Delayed 1 second(s)

2018-12-12 16:07:44 - [MESSAGE][PASSED] - Delayed 1 second(s)

2018-12-12 16:07:44 - [TEST_STEP][PASSED] - click: Object: 'Object Repository/Final Object Repo/New Registration - Registration Module Pages/Form 2/Select Socso Employment Startdate Year' is clicked on

2018-12-12 16:07:45 - [MESSAGE][PASSED] - Object: 'Object Repository/Final Object Repo/New Registration - Registration Module Pages/Form 2/Select Socso Employment Startdate Year' is clicked on

2018-12-12 16:07:45 - [TEST_STEP][PASSED] - delay: Delayed 2 second(s)

2018-12-12 16:07:47 - [MESSAGE][PASSED] - Delayed 2 second(s)

2018-12-12 16:07:47 - [TEST_STEP][PASSED] - click: Object: 'Object Repository/Final Object Repo/New Registration - Registration Module Pages/Form 2/Socso Employment Start Date Day' is clicked on

2018-12-12 16:07:47 - [MESSAGE][PASSED] - Object: 'Object Repository/Final Object Repo/New Registration - Registration Module Pages/Form 2/Socso Employment Start Date Day' is clicked on

2018-12-12 16:07:47 - [TEST_STEP][PASSED] - delay: Delayed 2 second(s)

2018-12-12 16:07:49 - [MESSAGE][PASSED] - Delayed 2 second(s)

2018-12-12 16:07:49 - [TEST_STEP][PASSED] - click: Object: 'Object Repository/Final Object Repo/New Registration - Registration Module Pages/Form 2/Save Button for Add Employee' is clicked on

2018-12-12 16:07:49 - [MESSAGE][PASSED] - Object: 'Object Repository/Final Object Repo/New Registration - Registration Module Pages/Form 2/Save Button for Add Employee' is clicked on

2018-12-12 16:07:49 - [TEST_STEP][PASSED] - delay: Delayed 4 second(s)

2018-12-12 16:07:53 - [MESSAGE][PASSED] - Delayed 4 second(s)

2018-12-12 16:07:53 - [TEST_STEP][PASSED] - delay: Delayed 30 second(s)

2018-12-12 16:08:23 - [MESSAGE][PASSED] - Delayed 30 second(s)

2018-12-12 16:08:23 - [TEST_STEP][PASSED] - click: Object: 'Object Repository/Final Object Repo/New Registration - Registration Module Pages/Form 2/Add Employee Button' is clicked on

2018-12-12 16:08:23 - [MESSAGE][PASSED] - Object: 'Object Repository/Final Object Repo/New Registration - Registration Module Pages/Form 2/Add Employee Button' is clicked on

2018-12-12 16:08:23 - [TEST_STEP][PASSED] - delay: Delayed 4 second(s)

2018-12-12 16:08:27 - [MESSAGE][PASSED] - Delayed 4 second(s)

2018-12-12 16:08:27 - [TEST_STEP][PASSED] - setText: Text '000209039145' is set on object 'Object Repository/Final Object Repo/New Registration - Registration Module Pages/Form 2/NRIC Input'

2018-12-12 16:08:29 - [MESSAGE][PASSED] - Text '000209039145' is set on object 'Object Repository/Final Object Repo/New Registration - Registration Module Pages/Form 2/NRIC Input'

2018-12-12 16:08:29 - [TEST_STEP][PASSED] - click: Object: 'Object Repository/Final Object Repo/New Registration - Registration Module Pages/Form 2/button for search for IC' is clicked on

2018-12-12 16:08:29 - [MESSAGE][PASSED] - Object: 'Object Repository/Final Object Repo/New Registration - Registration Module Pages/Form 2/button for search for IC' is clicked on

2018-12-12 16:08:29 - [TEST_STEP][PASSED] - delay: Delayed 2 second(s)

2018-12-12 16:08:31 - [MESSAGE][PASSED] - Delayed 2 second(s)

2018-12-12 16:08:31 - [TEST_STEP][PASSED] - setText: Text 'Automate001 not eligible 1' is set on object 'Object Repository/Final Object Repo/New Registration - Registration Module Pages/Form 2/Employee Name Input'

2018-12-12 16:08:32 - [MESSAGE][PASSED] - Text 'Automate001 not eligible 1' is set on object 'Object Repository/Final Object Repo/New Registration - Registration Module Pages/Form 2/Employee Name Input'

2018-12-12 16:08:32 - [TEST_STEP][PASSED] - delay: Delayed 2 second(s)

2018-12-12 16:08:34 - [MESSAGE][PASSED] - Delayed 2 second(s)

2018-12-12 16:08:34 - [TEST_STEP][PASSED] - click: Object: 'Object Repository/Final Object Repo/New Registration - Registration Module Pages/Form 2/DatePicker Pop Up' is clicked on

2018-12-12 16:08:34 - [MESSAGE][PASSED] - Object: 'Object Repository/Final Object Repo/New Registration - Registration Module Pages/Form 2/DatePicker Pop Up' is clicked on

2018-12-12 16:08:34 - [TEST_STEP][PASSED] - delay: Delayed 2 second(s)

2018-12-12 16:08:36 - [MESSAGE][PASSED] - Delayed 2 second(s)

2018-12-12 16:08:36 - [TEST_STEP][PASSED] - click: Object: 'Object Repository/Final Object Repo/New Registration - Registration Module Pages/Form 2/DOB Month' is clicked on

2018-12-12 16:08:36 - [MESSAGE][PASSED] - Object: 'Object Repository/Final Object Repo/New Registration - Registration Module Pages/Form 2/DOB Month' is clicked on

2018-12-12 16:08:36 - [TEST_STEP][PASSED] - Statement - selectMonth = com.kms.katalon.core.webui.keyword.WebUiBuiltInKeywords.modifyObjectProperty(selectMonth, "xpath", "equals", "//body/div/div/div/select/option[@value="" + CurrentMonth + ""]", true): Modify property of object successfully

2018-12-12 16:08:36 - [MESSAGE][PASSED] - Modify property of object successfully

2018-12-12 16:08:36 - [TEST_STEP][PASSED] - click: Object: '' is clicked on

2018-12-12 16:08:37 - [MESSAGE][PASSED] - Object: '' is clicked on

2018-12-12 16:08:37 - [TEST_STEP][PASSED] - click: Object: 'Object Repository/Final Object Repo/New Registration - Registration Module Pages/Form 2/DOB Year' is clicked on

2018-12-12 16:08:37 - [MESSAGE][PASSED] - Object: 'Object Repository/Final Object Repo/New Registration - Registration Module Pages/Form 2/DOB Year' is clicked on

2018-12-12 16:08:37 - [TEST_STEP][PASSED] - Statement - selectYear = com.kms.katalon.core.webui.keyword.WebUiBuiltInKeywords.modifyObjectProperty(selectYear, "xpath", "equals", "//div/div/div/select/option[@value="" + EighteenYrsBefore + ""]", true): Modify property of object successfully

2018-12-12 16:08:37 - [MESSAGE][PASSED] - Modify property of object successfully

2018-12-12 16:08:37 - [TEST_STEP][PASSED] - click: Object: '' is clicked on

2018-12-12 16:08:37 - [MESSAGE][PASSED] - Object: '' is clicked on

2018-12-12 16:08:37 - [TEST_STEP][PASSED] - Statement - UpdatedSelectDate = com.kms.katalon.core.webui.keyword.WebUiBuiltInKeywords.modifyObjectProperty(com.kms.katalon.core.testobject.ObjectRepository.findTestObject(Final Object Repo/New Registration - Registration Module Pages/Form 2/DOB Date), "xpath", "equals", "//body/div/table/tbody/tr/td/a[text()="" + OneDayBefore + ""]", true): Modify property of object successfully

2018-12-12 16:08:37 - [MESSAGE][PASSED] - Modify property of object successfully

2018-12-12 16:08:37 - [TEST_STEP][PASSED] - click: Object: 'Object Repository/Final Object Repo/New Registration - Registration Module Pages/Form 2/DOB Date' is clicked on

2018-12-12 16:08:37 - [MESSAGE][PASSED] - Object: 'Object Repository/Final Object Repo/New Registration - Registration Module Pages/Form 2/DOB Date' is clicked on

2018-12-12 16:08:37 - [TEST_STEP][PASSED] - delay: Delayed 2 second(s)

2018-12-12 16:08:39 - [MESSAGE][PASSED] - Delayed 2 second(s)

2018-12-12 16:08:39 - [TEST_STEP][PASSED] - click: Object: 'Object Repository/Final Object Repo/New Registration - Registration Module Pages/Form 2/EmploymentStartDate Pop Up' is clicked on

2018-12-12 16:08:39 - [MESSAGE][PASSED] - Object: 'Object Repository/Final Object Repo/New Registration - Registration Module Pages/Form 2/EmploymentStartDate Pop Up' is clicked on

2018-12-12 16:08:39 - [TEST_STEP][PASSED] - delay: Delayed 2 second(s)

2018-12-12 16:08:41 - [MESSAGE][PASSED] - Delayed 2 second(s)

2018-12-12 16:08:41 - [TEST_STEP][PASSED] - click: Object: 'Object Repository/Final Object Repo/New Registration - Registration Module Pages/Form 2/Socso Employment StartDate Month' is clicked on

2018-12-12 16:08:41 - [MESSAGE][PASSED] - Object: 'Object Repository/Final Object Repo/New Registration - Registration Module Pages/Form 2/Socso Employment StartDate Month' is clicked on

2018-12-12 16:08:41 - [TEST_STEP][PASSED] - delay: Delayed 1 second(s)

2018-12-12 16:08:42 - [MESSAGE][PASSED] - Delayed 1 second(s)

2018-12-12 16:08:42 - [TEST_STEP][PASSED] - click: Object: 'Object Repository/Final Object Repo/New Registration - Registration Module Pages/Form 2/Select Socso Employement Startdate Month' is clicked on

2018-12-12 16:08:43 - [MESSAGE][PASSED] - Object: 'Object Repository/Final Object Repo/New Registration - Registration Module Pages/Form 2/Select Socso Employement Startdate Month' is clicked on

2018-12-12 16:08:43 - [TEST_STEP][PASSED] - delay: Delayed 2 second(s)

2018-12-12 16:08:45 - [MESSAGE][PASSED] - Delayed 2 second(s)

2018-12-12 16:08:45 - [TEST_STEP][PASSED] - click: Object: 'Object Repository/Final Object Repo/New Registration - Registration Module Pages/Form 2/Socso Employment StartDate Year' is clicked on

2018-12-12 16:08:45 - [MESSAGE][PASSED] - Object: 'Object Repository/Final Object Repo/New Registration - Registration Module Pages/Form 2/Socso Employment StartDate Year' is clicked on

2018-12-12 16:08:45 - [TEST_STEP][PASSED] - delay: Delayed 1 second(s)

2018-12-12 16:08:46 - [MESSAGE][PASSED] - Delayed 1 second(s)

2018-12-12 16:08:46 - [TEST_STEP][PASSED] - click: Object: 'Object Repository/Final Object Repo/New Registration - Registration Module Pages/Form 2/Select Socso Employment Startdate Year' is clicked on

2018-12-12 16:08:46 - [MESSAGE][PASSED] - Object: 'Object Repository/Final Object Repo/New Registration - Registration Module Pages/Form 2/Select Socso Employment Startdate Year' is clicked on

2018-12-12 16:08:46 - [TEST_STEP][PASSED] - delay: Delayed 2 second(s)

2018-12-12 16:08:48 - [MESSAGE][PASSED] - Delayed 2 second(s)

2018-12-12 16:08:48 - [TEST_STEP][PASSED] - click: Object: 'Object Repository/Final Object Repo/New Registration - Registration Module Pages/Form 2/Socso Employment Start Date Day' is clicked on

2018-12-12 16:08:48 - [MESSAGE][PASSED] - Object: 'Object Repository/Final Object Repo/New Registration - Registration Module Pages/Form 2/Socso Employment Start Date Day' is clicked on

2018-12-12 16:08:48 - [TEST_STEP][PASSED] - delay: Delayed 2 second(s)

2018-12-12 16:08:50 - [MESSAGE][PASSED] - Delayed 2 second(s)

2018-12-12 16:08:50 - [TEST_STEP][PASSED] - click: Object: 'Object Repository/Final Object Repo/New Registration - Registration Module Pages/Form 2/Save Button for Add Employee' is clicked on

2018-12-12 16:08:50 - [MESSAGE][PASSED] - Object: 'Object Repository/Final Object Repo/New Registration - Registration Module Pages/Form 2/Save Button for Add Employee' is clicked on

2018-12-12 16:08:50 - [TEST_STEP][PASSED] - delay: Delayed 6 second(s)

2018-12-12 16:08:56 - [MESSAGE][PASSED] - Delayed 6 second(s)

2018-12-12 16:08:56 - [TEST_STEP][PASSED] - click: Object: 'Object Repository/Final Object Repo/New Registration - Registration Module Pages/Form 2/Add Employee Button' is clicked on

2018-12-12 16:08:57 - [MESSAGE][PASSED] - Object: 'Object Repository/Final Object Repo/New Registration - Registration Module Pages/Form 2/Add Employee Button' is clicked on

2018-12-12 16:08:57 - [TEST_STEP][PASSED] - delay: Delayed 4 second(s)

2018-12-12 16:09:01 - [MESSAGE][PASSED] - Delayed 4 second(s)

2018-12-12 16:09:01 - [TEST_STEP][PASSED] - setText: Text '600203039154' is set on object 'Object Repository/Final Object Repo/New Registration - Registration Module Pages/Form 2/NRIC Input'

2018-12-12 16:09:04 - [MESSAGE][PASSED] - Text '600203039154' is set on object 'Object Repository/Final Object Repo/New Registration - Registration Module Pages/Form 2/NRIC Input'

2018-12-12 16:09:04 - [TEST_STEP][PASSED] - click: Object: 'Object Repository/Final Object Repo/New Registration - Registration Module Pages/Form 2/button for search for IC' is clicked on

2018-12-12 16:09:05 - [MESSAGE][PASSED] - Object: 'Object Repository/Final Object Repo/New Registration - Registration Module Pages/Form 2/button for search for IC' is clicked on

2018-12-12 16:09:05 - [TEST_STEP][PASSED] - delay: Delayed 2 second(s)

2018-12-12 16:09:07 - [MESSAGE][PASSED] - Delayed 2 second(s)

2018-12-12 16:09:07 - [TEST_STEP][PASSED] - setText: Text 'Automate001 not eligible 2' is set on object 'Object Repository/Final Object Repo/New Registration - Registration Module Pages/Form 2/Employee Name Input'

2018-12-12 16:09:09 - [MESSAGE][PASSED] - Text 'Automate001 not eligible 2' is set on object 'Object Repository/Final Object Repo/New Registration - Registration Module Pages/Form 2/Employee Name Input'

2018-12-12 16:09:09 - [TEST_STEP][PASSED] - delay: Delayed 2 second(s)

2018-12-12 16:09:11 - [MESSAGE][PASSED] - Delayed 2 second(s)

2018-12-12 16:09:11 - [TEST_STEP][PASSED] - click: Object: 'Object Repository/Final Object Repo/New Registration - Registration Module Pages/Form 2/DatePicker Pop Up' is clicked on

2018-12-12 16:09:11 - [MESSAGE][PASSED] - Object: 'Object Repository/Final Object Repo/New Registration - Registration Module Pages/Form 2/DatePicker Pop Up' is clicked on

2018-12-12 16:09:11 - [TEST_STEP][PASSED] - delay: Delayed 2 second(s)

2018-12-12 16:09:13 - [MESSAGE][PASSED] - Delayed 2 second(s)

2018-12-12 16:09:13 - [TEST_STEP][PASSED] - click: Object: 'Object Repository/Final Object Repo/New Registration - Registration Module Pages/Form 2/DOB Month' is clicked on

2018-12-12 16:09:14 - [MESSAGE][PASSED] - Object: 'Object Repository/Final Object Repo/New Registration - Registration Module Pages/Form 2/DOB Month' is clicked on

2018-12-12 16:09:14 - [TEST_STEP][PASSED] - Statement - selectMonth = com.kms.katalon.core.webui.keyword.WebUiBuiltInKeywords.modifyObjectProperty(selectMonth, "xpath", "equals", "//body/div/div/div/select/option[@value="" + CurrentMonth + ""]", true): Modify property of object successfully

2018-12-12 16:09:14 - [MESSAGE][PASSED] - Modify property of object successfully

2018-12-12 16:09:14 - [TEST_STEP][PASSED] - click: Object: '' is clicked on

2018-12-12 16:09:15 - [MESSAGE][PASSED] - Object: '' is clicked on

2018-12-12 16:09:15 - [TEST_STEP][PASSED] - click: Object: 'Object Repository/Final Object Repo/New Registration - Registration Module Pages/Form 2/DOB Year' is clicked on

2018-12-12 16:09:15 - [MESSAGE][PASSED] - Object: 'Object Repository/Final Object Repo/New Registration - Registration Module Pages/Form 2/DOB Year' is clicked on

2018-12-12 16:09:15 - [TEST_STEP][PASSED] - Statement - selectYear = com.kms.katalon.core.webui.keyword.WebUiBuiltInKeywords.modifyObjectProperty(selectYear, "xpath", "equals", "//div/div/div/select/option[@value="" + FiftysevenYrsBefore + ""]", true): Modify property of object successfully

2018-12-12 16:09:15 - [MESSAGE][PASSED] - Modify property of object successfully

2018-12-12 16:09:15 - [TEST_STEP][PASSED] - click: Object: '' is clicked on

2018-12-12 16:09:15 - [MESSAGE][PASSED] - Object: '' is clicked on

2018-12-12 16:09:15 - [TEST_STEP][PASSED] - Statement - UpdatedSelectDate = com.kms.katalon.core.webui.keyword.WebUiBuiltInKeywords.modifyObjectProperty(com.kms.katalon.core.testobject.ObjectRepository.findTestObject(Final Object Repo/New Registration - Registration Module Pages/Form 2/DOB Date), "xpath", "equals", "//body/div/table/tbody/tr/td/a[text()="" + CurrentDate + ""]", true): Modify property of object successfully

2018-12-12 16:09:15 - [MESSAGE][PASSED] - Modify property of object successfully

2018-12-12 16:09:15 - [TEST_STEP][PASSED] - click: Object: 'Object Repository/Final Object Repo/New Registration - Registration Module Pages/Form 2/DOB Date' is clicked on

2018-12-12 16:09:15 - [MESSAGE][PASSED] - Object: 'Object Repository/Final Object Repo/New Registration - Registration Module Pages/Form 2/DOB Date' is clicked on

2018-12-12 16:09:15 - [TEST_STEP][PASSED] - click: Object: 'Object Repository/Final Object Repo/New Registration - Registration Module Pages/Form 2/EmploymentStartDate Pop Up' is clicked on

2018-12-12 16:09:16 - [MESSAGE][PASSED] - Object: 'Object Repository/Final Object Repo/New Registration - Registration Module Pages/Form 2/EmploymentStartDate Pop Up' is clicked on

2018-12-12 16:09:16 - [TEST_STEP][PASSED] - delay: Delayed 2 second(s)

2018-12-12 16:09:18 - [MESSAGE][PASSED] - Delayed 2 second(s)

2018-12-12 16:09:18 - [TEST_STEP][PASSED] - click: Object: 'Object Repository/Final Object Repo/New Registration - Registration Module Pages/Form 2/Socso Employment StartDate Month' is clicked on

2018-12-12 16:09:18 - [MESSAGE][PASSED] - Object: 'Object Repository/Final Object Repo/New Registration - Registration Module Pages/Form 2/Socso Employment StartDate Month' is clicked on

2018-12-12 16:09:18 - [TEST_STEP][PASSED] - delay: Delayed 1 second(s)

2018-12-12 16:09:19 - [MESSAGE][PASSED] - Delayed 1 second(s)

2018-12-12 16:09:19 - [TEST_STEP][PASSED] - click: Object: 'Object Repository/Final Object Repo/New Registration - Registration Module Pages/Form 2/Select Socso Employement Startdate Month' is clicked on

2018-12-12 16:09:19 - [MESSAGE][PASSED] - Object: 'Object Repository/Final Object Repo/New Registration - Registration Module Pages/Form 2/Select Socso Employement Startdate Month' is clicked on

2018-12-12 16:09:19 - [TEST_STEP][PASSED] - delay: Delayed 2 second(s)

2018-12-12 16:09:21 - [MESSAGE][PASSED] - Delayed 2 second(s)

2018-12-12 16:09:21 - [TEST_STEP][PASSED] - click: Object: 'Object Repository/Final Object Repo/New Registration - Registration Module Pages/Form 2/Socso Employment StartDate Year' is clicked on

2018-12-12 16:09:21 - [MESSAGE][PASSED] - Object: 'Object Repository/Final Object Repo/New Registration - Registration Module Pages/Form 2/Socso Employment StartDate Year' is clicked on

2018-12-12 16:09:21 - [TEST_STEP][PASSED] - delay: Delayed 1 second(s)

2018-12-12 16:09:22 - [MESSAGE][PASSED] - Delayed 1 second(s)

2018-12-12 16:09:22 - [TEST_STEP][PASSED] - click: Object: 'Object Repository/Final Object Repo/New Registration - Registration Module Pages/Form 2/Select Socso Employment Startdate Year' is clicked on

2018-12-12 16:09:22 - [MESSAGE][PASSED] - Object: 'Object Repository/Final Object Repo/New Registration - Registration Module Pages/Form 2/Select Socso Employment Startdate Year' is clicked on

2018-12-12 16:09:22 - [TEST_STEP][PASSED] - delay: Delayed 2 second(s)

2018-12-12 16:09:24 - [MESSAGE][PASSED] - Delayed 2 second(s)

2018-12-12 16:09:24 - [TEST_STEP][PASSED] - click: Object: 'Object Repository/Final Object Repo/New Registration - Registration Module Pages/Form 2/Socso Employment Start Date Day' is clicked on

2018-12-12 16:09:24 - [MESSAGE][PASSED] - Object: 'Object Repository/Final Object Repo/New Registration - Registration Module Pages/Form 2/Socso Employment Start Date Day' is clicked on

2018-12-12 16:09:24 - [TEST_STEP][PASSED] - delay: Delayed 2 second(s)

2018-12-12 16:09:26 - [MESSAGE][PASSED] - Delayed 2 second(s)

2018-12-12 16:09:26 - [TEST_STEP][PASSED] - click: Object: 'Object Repository/Final Object Repo/New Registration - Registration Module Pages/Form 2/Save Button for Add Employee' is clicked on

2018-12-12 16:09:27 - [MESSAGE][PASSED] - Object: 'Object Repository/Final Object Repo/New Registration - Registration Module Pages/Form 2/Save Button for Add Employee' is clicked on

2018-12-12 16:09:27 - [TEST_STEP][PASSED] - delay: Delayed 2 second(s)

2018-12-12 16:09:29 - [MESSAGE][PASSED] - Delayed 2 second(s)

2018-12-12 16:09:29 - [TEST_STEP][PASSED] - click: Object: 'Object Repository/Final Object Repo/New Registration - Registration Module Pages/Form 2/Save and Continue Form 2' is clicked on

2018-12-12 16:09:31 - [MESSAGE][PASSED] - Object: 'Object Repository/Final Object Repo/New Registration - Registration Module Pages/Form 2/Save and Continue Form 2' is clicked on

2018-12-12 16:09:31 - [MESSAGE][PASSED] - Call Test Case 'Test Cases/Final Aug 2018 - PKS Automation/Registration Module/New Registration/Form 2/Add 2 Eligible 2 Not Eligible' successfully

2018-12-12 16:09:31 - [TEST_STEP][PASSED] - callTestCase: Call Test Case 'Test Cases/Final Aug 2018 - PKS Automation/Registration Module/New Registration/Flow of New Registration/Third Screen - Upload Supporting Doc - Preview' successfully

2018-12-12 16:09:32 - [TEST_CASE][PASSED] - Test Cases/Final Aug 2018 - PKS Automation/Registration Module/New Registration/Flow of New Registration/Third Screen - Upload Supporting Doc - Preview: Test Cases/Final Aug 2018 - PKS Automation/Registration Module/New Registration/Flow of New Registration/Third Screen - Upload Supporting Doc - Preview

2018-12-12 16:09:32 - [TEST_STEP][PASSED] - waitForPageLoad: Wait for page load successfully

2018-12-12 16:09:35 - [MESSAGE][PASSED] - Wait for page load successfully

2018-12-12 16:09:35 - [TEST_STEP][PASSED] - Statement - CaseReferenceNo = com.kms.katalon.core.webui.keyword.WebUiBuiltInKeywords.getText(com.kms.katalon.core.testobject.ObjectRepository.findTestObject(Final Object Repo/New Registration - Registration Module Pages/Third Screen - Upload Supporting Doc- Preview/RefNo Acquiring)): Text of object 'Object Repository/Final Object Repo/New Registration - Registration Module Pages/Third Screen - Upload Supporting Doc- Preview/RefNo Acquiring' is: 'CRN12201800123211'

2018-12-12 16:09:35 - [MESSAGE][PASSED] - Text of object 'Object Repository/Final Object Repo/New Registration - Registration Module Pages/Third Screen - Upload Supporting Doc- Preview/RefNo Acquiring' is: 'CRN12201800123211'

2018-12-12 16:09:35 - [TEST_STEP][PASSED] - delay: Delayed 2 second(s)

2018-12-12 16:09:37 - [MESSAGE][PASSED] - Delayed 2 second(s)

2018-12-12 16:09:37 - [TEST_STEP][PASSED] - callTestCase: Call Test Case 'Test Cases/Final Aug 2018 - PKS Automation/Common/Reference Number Setter' successfully

2018-12-12 16:09:37 - [TEST_CASE][PASSED] - Test Cases/Final Aug 2018 - PKS Automation/Common/Reference Number Setter: Test Cases/Final Aug 2018 - PKS Automation/Common/Reference Number Setter

2018-12-12 16:09:37 - [TEST_STEP][PASSED] - Statement - RefNoOldFile = new java.io.File(C://Users//Admin//Desktop//PKS//Automation Reference Point//KatalonReference.txt): null

2018-12-12 16:09:37 - [TEST_STEP][PASSED] - Statement - RefNoOldFile.delete(): null

2018-12-12 16:09:37 - [TEST_STEP][PASSED] - delay: Delayed 5 second(s)

2018-12-12 16:09:42 - [MESSAGE][PASSED] - Delayed 5 second(s)

2018-12-12 16:09:42 - [TEST_STEP][PASSED] - Statement - RefNo = new java.io.File(C://Users//Admin//Desktop//PKS//Automation Reference Point//KatalonReference.txt): null

2018-12-12 16:09:42 - [TEST_STEP][PASSED] - Statement - f2 = new java.io.FileWriter(RefNo, false): null

2018-12-12 16:09:42 - [TEST_STEP][PASSED] - Statement - f2.write(CaseReferenceNo): null

2018-12-12 16:09:42 - [TEST_STEP][PASSED] - Statement - f2.close(): null

2018-12-12 16:09:42 - [TEST_STEP][PASSED] - Statement - out.println("


" + CaseReferenceNo + "


"): null

2018-12-12 16:09:42 - [MESSAGE][PASSED] - Call Test Case 'Test Cases/Final Aug 2018 - PKS Automation/Common/Reference Number Setter' successfully

2018-12-12 16:09:42 - [TEST_STEP][PASSED] - waitForElementClickable: Object 'Object Repository/Final Object Repo/New Registration - Registration Module Pages/Third Screen - Upload Supporting Doc- Preview/Save n Continue in SIP Employee Listing Page' is clickable

2018-12-12 16:09:42 - [MESSAGE][PASSED] - Object 'Object Repository/Final Object Repo/New Registration - Registration Module Pages/Third Screen - Upload Supporting Doc- Preview/Save n Continue in SIP Employee Listing Page' is clickable

2018-12-12 16:09:42 - [TEST_STEP][PASSED] - click: Object: 'Object Repository/Final Object Repo/New Registration - Registration Module Pages/Third Screen - Upload Supporting Doc- Preview/Save n Continue in SIP Employee Listing Page' is clicked on

2018-12-12 16:09:50 - [MESSAGE][PASSED] - Object: 'Object Repository/Final Object Repo/New Registration - Registration Module Pages/Third Screen - Upload Supporting Doc- Preview/Save n Continue in SIP Employee Listing Page' is clicked on

2018-12-12 16:09:50 - [TEST_STEP][PASSED] - delay: Delayed 7 second(s)

2018-12-12 16:09:57 - [MESSAGE][PASSED] - Delayed 7 second(s)

2018-12-12 16:09:57 - [TEST_STEP][PASSED] - click: Object: 'Object Repository/Final Object Repo/New Registration - Registration Module Pages/Third Screen - Upload Supporting Doc- Preview/Add Document Button' is clicked on

2018-12-12 16:09:57 - [MESSAGE][PASSED] - Object: 'Object Repository/Final Object Repo/New Registration - Registration Module Pages/Third Screen - Upload Supporting Doc- Preview/Add Document Button' is clicked on

2018-12-12 16:09:57 - [TEST_STEP][PASSED] - delay: Delayed 30 second(s)

2018-12-12 16:10:27 - [MESSAGE][PASSED] - Delayed 30 second(s)

2018-12-12 16:10:27 - [TEST_STEP][PASSED] - click: Object: 'Object Repository/Final Object Repo/New Registration - Registration Module Pages/Third Screen - Upload Supporting Doc- Preview/Supporting Doc Please Select Drop Down' is clicked on

2018-12-12 16:10:27 - [MESSAGE][PASSED] - Object: 'Object Repository/Final Object Repo/New Registration - Registration Module Pages/Third Screen - Upload Supporting Doc- Preview/Supporting Doc Please Select Drop Down' is clicked on

2018-12-12 16:10:27 - [TEST_STEP][PASSED] - delay: Delayed 2 second(s)

2018-12-12 16:10:29 - [MESSAGE][PASSED] - Delayed 2 second(s)

2018-12-12 16:10:29 - [TEST_STEP][PASSED] - click: Object: 'Object Repository/Final Object Repo/New Registration - Registration Module Pages/Third Screen - Upload Supporting Doc- Preview/Select to Upload Form 1' is clicked on

2018-12-12 16:10:30 - [MESSAGE][PASSED] - Object: 'Object Repository/Final Object Repo/New Registration - Registration Module Pages/Third Screen - Upload Supporting Doc- Preview/Select to Upload Form 1' is clicked on

2018-12-12 16:10:30 - [TEST_STEP][PASSED] - delay: Delayed 2 second(s)

2018-12-12 16:10:32 - [MESSAGE][PASSED] - Delayed 2 second(s)

2018-12-12 16:10:32 - [TEST_STEP][PASSED] - uploadFile: File 'C:\Users\Public\Pictures\Sample Pictures\Koala.jpg' sent to object: 'Object Repository/Final Object Repo/New Registration - Registration Module Pages/Third Screen - Upload Supporting Doc- Preview/Upload File Adding'

2018-12-12 16:10:32 - [MESSAGE][PASSED] - File 'C:\Users\Public\Pictures\Sample Pictures\Koala.jpg' sent to object: 'Object Repository/Final Object Repo/New Registration - Registration Module Pages/Third Screen - Upload Supporting Doc- Preview/Upload File Adding'

2018-12-12 16:10:32 - [TEST_STEP][PASSED] - delay: Delayed 5 second(s)

2018-12-12 16:10:37 - [MESSAGE][PASSED] - Delayed 5 second(s)

2018-12-12 16:10:37 - [TEST_STEP][PASSED] - click: Object: 'Object Repository/Final Object Repo/New Registration - Registration Module Pages/Third Screen - Upload Supporting Doc- Preview/Inner Form Add Document Button' is clicked on

2018-12-12 16:10:37 - [MESSAGE][PASSED] - Object: 'Object Repository/Final Object Repo/New Registration - Registration Module Pages/Third Screen - Upload Supporting Doc- Preview/Inner Form Add Document Button' is clicked on

2018-12-12 16:10:37 - [TEST_STEP][PASSED] - delay: Delayed 3 second(s)

2018-12-12 16:10:40 - [MESSAGE][PASSED] - Delayed 3 second(s)

2018-12-12 16:10:40 - [TEST_STEP][PASSED] - click: Object: 'Object Repository/Final Object Repo/New Registration - Registration Module Pages/Third Screen - Upload Supporting Doc- Preview/Add Document Button' is clicked on

2018-12-12 16:10:43 - [MESSAGE][PASSED] - Object: 'Object Repository/Final Object Repo/New Registration - Registration Module Pages/Third Screen - Upload Supporting Doc- Preview/Add Document Button' is clicked on

2018-12-12 16:10:43 - [TEST_STEP][PASSED] - delay: Delayed 30 second(s)

2018-12-12 16:11:13 - [MESSAGE][PASSED] - Delayed 30 second(s)

2018-12-12 16:11:13 - [TEST_STEP][PASSED] - click: Object: 'Object Repository/Final Object Repo/New Registration - Registration Module Pages/Third Screen - Upload Supporting Doc- Preview/Supporting Doc Please Select Drop Down' is clicked on

2018-12-12 16:11:13 - [MESSAGE][PASSED] - Object: 'Object Repository/Final Object Repo/New Registration - Registration Module Pages/Third Screen - Upload Supporting Doc- Preview/Supporting Doc Please Select Drop Down' is clicked on

2018-12-12 16:11:13 - [TEST_STEP][PASSED] - delay: Delayed 4 second(s)

2018-12-12 16:11:17 - [MESSAGE][PASSED] - Delayed 4 second(s)

2018-12-12 16:11:17 - [TEST_STEP][PASSED] - click: Object: 'Object Repository/Final Object Repo/New Registration - Registration Module Pages/Third Screen - Upload Supporting Doc- Preview/Select to Upload Form 2' is clicked on

2018-12-12 16:11:17 - [MESSAGE][PASSED] - Object: 'Object Repository/Final Object Repo/New Registration - Registration Module Pages/Third Screen - Upload Supporting Doc- Preview/Select to Upload Form 2' is clicked on

2018-12-12 16:11:17 - [TEST_STEP][PASSED] - delay: Delayed 2 second(s)

2018-12-12 16:11:19 - [MESSAGE][PASSED] - Delayed 2 second(s)

2018-12-12 16:11:19 - [TEST_STEP][PASSED] - uploadFile: File 'C:\Users\Public\Pictures\Sample Pictures\Koala.jpg' sent to object: 'Object Repository/Final Object Repo/New Registration - Registration Module Pages/Third Screen - Upload Supporting Doc- Preview/Upload File Adding'

2018-12-12 16:11:19 - [MESSAGE][PASSED] - File 'C:\Users\Public\Pictures\Sample Pictures\Koala.jpg' sent to object: 'Object Repository/Final Object Repo/New Registration - Registration Module Pages/Third Screen - Upload Supporting Doc- Preview/Upload File Adding'

2018-12-12 16:11:19 - [TEST_STEP][PASSED] - click: Object: 'Object Repository/Final Object Repo/New Registration - Registration Module Pages/Third Screen - Upload Supporting Doc- Preview/Inner Form Add Document Button' is clicked on

2018-12-12 16:11:19 - [MESSAGE][PASSED] - Object: 'Object Repository/Final Object Repo/New Registration - Registration Module Pages/Third Screen - Upload Supporting Doc- Preview/Inner Form Add Document Button' is clicked on

2018-12-12 16:11:19 - [TEST_STEP][PASSED] - delay: Delayed 5 second(s)

2018-12-12 16:11:24 - [MESSAGE][PASSED] - Delayed 5 second(s)

2018-12-12 16:11:24 - [TEST_STEP][PASSED] - click: Object: 'Object Repository/Final Object Repo/New Registration - Registration Module Pages/Third Screen - Upload Supporting Doc- Preview/Add Document Button' is clicked on

2018-12-12 16:11:25 - [MESSAGE][PASSED] - Object: 'Object Repository/Final Object Repo/New Registration - Registration Module Pages/Third Screen - Upload Supporting Doc- Preview/Add Document Button' is clicked on

2018-12-12 16:11:25 - [TEST_STEP][PASSED] - delay: Delayed 30 second(s)

2018-12-12 16:11:55 - [MESSAGE][PASSED] - Delayed 30 second(s)

2018-12-12 16:11:55 - [TEST_STEP][PASSED] - click: Object: 'Object Repository/Final Object Repo/New Registration - Registration Module Pages/Third Screen - Upload Supporting Doc- Preview/Supporting Doc Please Select Drop Down' is clicked on

2018-12-12 16:11:55 - [MESSAGE][PASSED] - Object: 'Object Repository/Final Object Repo/New Registration - Registration Module Pages/Third Screen - Upload Supporting Doc- Preview/Supporting Doc Please Select Drop Down' is clicked on

2018-12-12 16:11:55 - [TEST_STEP][PASSED] - click: Object: 'Object Repository/Final Object Repo/New Registration - Registration Module Pages/Third Screen - Upload Supporting Doc- Preview/Select to Upload Borang SIP 1' is clicked on

2018-12-12 16:11:55 - [MESSAGE][PASSED] - Object: 'Object Repository/Final Object Repo/New Registration - Registration Module Pages/Third Screen - Upload Supporting Doc- Preview/Select to Upload Borang SIP 1' is clicked on

2018-12-12 16:11:55 - [TEST_STEP][PASSED] - delay: Delayed 2 second(s)

2018-12-12 16:11:57 - [MESSAGE][PASSED] - Delayed 2 second(s)

2018-12-12 16:11:57 - [TEST_STEP][PASSED] - uploadFile: File 'C:\Users\Public\Pictures\Sample Pictures\Koala.jpg' sent to object: 'Object Repository/Final Object Repo/New Registration - Registration Module Pages/Third Screen - Upload Supporting Doc- Preview/Upload File Adding'

2018-12-12 16:11:57 - [MESSAGE][PASSED] - File 'C:\Users\Public\Pictures\Sample Pictures\Koala.jpg' sent to object: 'Object Repository/Final Object Repo/New Registration - Registration Module Pages/Third Screen - Upload Supporting Doc- Preview/Upload File Adding'

2018-12-12 16:11:57 - [TEST_STEP][PASSED] - click: Object: 'Object Repository/Final Object Repo/New Registration - Registration Module Pages/Third Screen - Upload Supporting Doc- Preview/Inner Form Add Document Button' is clicked on

2018-12-12 16:11:57 - [MESSAGE][PASSED] - Object: 'Object Repository/Final Object Repo/New Registration - Registration Module Pages/Third Screen - Upload Supporting Doc- Preview/Inner Form Add Document Button' is clicked on

2018-12-12 16:11:57 - [TEST_STEP][PASSED] - delay: Delayed 5 second(s)

2018-12-12 16:12:02 - [MESSAGE][PASSED] - Delayed 5 second(s)

2018-12-12 16:12:02 - [TEST_STEP][PASSED] - click: Object: 'Object Repository/Final Object Repo/New Registration - Registration Module Pages/Third Screen - Upload Supporting Doc- Preview/Add Document Button' is clicked on

2018-12-12 16:12:02 - [MESSAGE][PASSED] - Object: 'Object Repository/Final Object Repo/New Registration - Registration Module Pages/Third Screen - Upload Supporting Doc- Preview/Add Document Button' is clicked on

2018-12-12 16:12:02 - [TEST_STEP][PASSED] - delay: Delayed 30 second(s)

2018-12-12 16:12:32 - [MESSAGE][PASSED] - Delayed 30 second(s)

2018-12-12 16:12:32 - [TEST_STEP][PASSED] - click: Object: 'Object Repository/Final Object Repo/New Registration - Registration Module Pages/Third Screen - Upload Supporting Doc- Preview/Supporting Doc Please Select Drop Down' is clicked on

2018-12-12 16:12:33 - [MESSAGE][PASSED] - Object: 'Object Repository/Final Object Repo/New Registration - Registration Module Pages/Third Screen - Upload Supporting Doc- Preview/Supporting Doc Please Select Drop Down' is clicked on

2018-12-12 16:12:33 - [TEST_STEP][PASSED] - delay: Delayed 3 second(s)

2018-12-12 16:12:36 - [MESSAGE][PASSED] - Delayed 3 second(s)

2018-12-12 16:12:36 - [TEST_STEP][PASSED] - click: Object: 'Object Repository/Final Object Repo/New Registration - Registration Module Pages/Third Screen - Upload Supporting Doc- Preview/Select to Upload Borang SIP 2' is clicked on

2018-12-12 16:12:36 - [MESSAGE][PASSED] - Object: 'Object Repository/Final Object Repo/New Registration - Registration Module Pages/Third Screen - Upload Supporting Doc- Preview/Select to Upload Borang SIP 2' is clicked on

2018-12-12 16:12:36 - [TEST_STEP][PASSED] - delay: Delayed 2 second(s)

2018-12-12 16:12:38 - [MESSAGE][PASSED] - Delayed 2 second(s)

2018-12-12 16:12:38 - [TEST_STEP][PASSED] - uploadFile: File 'C:\Users\Public\Pictures\Sample Pictures\Koala.jpg' sent to object: 'Object Repository/Final Object Repo/New Registration - Registration Module Pages/Third Screen - Upload Supporting Doc- Preview/Upload File Adding'

2018-12-12 16:12:38 - [MESSAGE][PASSED] - File 'C:\Users\Public\Pictures\Sample Pictures\Koala.jpg' sent to object: 'Object Repository/Final Object Repo/New Registration - Registration Module Pages/Third Screen - Upload Supporting Doc- Preview/Upload File Adding'

2018-12-12 16:12:38 - [TEST_STEP][PASSED] - delay: Delayed 5 second(s)

2018-12-12 16:12:43 - [MESSAGE][PASSED] - Delayed 5 second(s)

2018-12-12 16:12:43 - [TEST_STEP][PASSED] - click: Object: 'Object Repository/Final Object Repo/New Registration - Registration Module Pages/Third Screen - Upload Supporting Doc- Preview/Inner Form Add Document Button' is clicked on

2018-12-12 16:12:43 - [MESSAGE][PASSED] - Object: 'Object Repository/Final Object Repo/New Registration - Registration Module Pages/Third Screen - Upload Supporting Doc- Preview/Inner Form Add Document Button' is clicked on

2018-12-12 16:12:43 - [TEST_STEP][PASSED] - delay: Delayed 3 second(s)

2018-12-12 16:12:46 - [MESSAGE][PASSED] - Delayed 3 second(s)

2018-12-12 16:12:46 - [TEST_STEP][PASSED] - waitForElementClickable: Object 'Object Repository/Final Object Repo/New Registration - Registration Module Pages/Third Screen - Upload Supporting Doc- Preview/Save n Continue in Uploading Supporting Doc Page' is clickable

2018-12-12 16:12:48 - [MESSAGE][PASSED] - Object 'Object Repository/Final Object Repo/New Registration - Registration Module Pages/Third Screen - Upload Supporting Doc- Preview/Save n Continue in Uploading Supporting Doc Page' is clickable

2018-12-12 16:12:48 - [TEST_STEP][PASSED] - click: Object: 'Object Repository/Final Object Repo/New Registration - Registration Module Pages/Third Screen - Upload Supporting Doc- Preview/Save n Continue in Uploading Supporting Doc Page' is clicked on

2018-12-12 16:12:48 - [MESSAGE][PASSED] - Object: 'Object Repository/Final Object Repo/New Registration - Registration Module Pages/Third Screen - Upload Supporting Doc- Preview/Save n Continue in Uploading Supporting Doc Page' is clicked on

2018-12-12 16:12:48 - [MESSAGE][PASSED] - Call Test Case 'Test Cases/Final Aug 2018 - PKS Automation/Registration Module/New Registration/Flow of New Registration/Third Screen - Upload Supporting Doc - Preview' successfully

2018-12-12 16:12:48 - [TEST_STEP][PASSED] - callTestCase: Call Test Case 'Test Cases/Final Aug 2018 - PKS Automation/Registration Module/New Registration/Submit and Screenshot/Submit Registration and Screenshot' successfully

2018-12-12 16:12:48 - [TEST_CASE][PASSED] - Test Cases/Final Aug 2018 - PKS Automation/Registration Module/New Registration/Submit and Screenshot/Submit Registration and Screenshot: Test Cases/Final Aug 2018 - PKS Automation/Registration Module/New Registration/Submit and Screenshot/Submit Registration and Screenshot

2018-12-12 16:12:48 - [TEST_STEP][PASSED] - delay: Delayed 6 second(s)

2018-12-12 16:12:54 - [MESSAGE][PASSED] - Delayed 6 second(s)

2018-12-12 16:12:54 - [TEST_STEP][PASSED] - click: Object: 'Object Repository/Final Object Repo/New Registration - Registration Module Pages/Third Screen - Upload Supporting Doc- Preview/Preview Submit Button' is clicked on

2018-12-12 16:12:55 - [MESSAGE][PASSED] - Object: 'Object Repository/Final Object Repo/New Registration - Registration Module Pages/Third Screen - Upload Supporting Doc- Preview/Preview Submit Button' is clicked on

2018-12-12 16:12:55 - [TEST_STEP][PASSED] - delay: Delayed 2 second(s)

2018-12-12 16:12:57 - [MESSAGE][PASSED] - Delayed 2 second(s)

2018-12-12 16:12:57 - [TEST_STEP][PASSED] - click: Object: 'Object Repository/Final Object Repo/New Registration - Registration Module Pages/Third Screen - Upload Supporting Doc- Preview/Preview Submit - Confirm' is clicked on

2018-12-12 16:13:02 - [MESSAGE][PASSED] - Object: 'Object Repository/Final Object Repo/New Registration - Registration Module Pages/Third Screen - Upload Supporting Doc- Preview/Preview Submit - Confirm' is clicked on

2018-12-12 16:13:02 - [TEST_STEP][PASSED] - delay: Delayed 15 second(s)

2018-12-12 16:13:17 - [MESSAGE][PASSED] - Delayed 15 second(s)

2018-12-12 16:13:17 - [TEST_STEP][PASSED] - Statement - driver = com.kms.katalon.core.webui.driver.DriverFactory.getWebDriver(): null

2018-12-12 16:13:17 - [TEST_STEP][PASSED] - Statement - driver.manage().timeouts().implicitlyWait(10, SECONDS): null

2018-12-12 16:13:17 - [TEST_STEP][PASSED] - Statement - PresavePath = KatalonScreenshots: null

2018-12-12 16:13:17 - [TEST_STEP][PASSED] - Statement - pathPrefix = "C:\Users\Public\Pictures\Sample Pictures\Katalon Screenshots\Automate Ending Screen": null

2018-12-12 16:13:17 - [TEST_STEP][PASSED] - Statement - finalPath = <not implemented yet for class: org.codehaus.groovy.ast.expr.EmptyExpression>: null

2018-12-12 16:13:17 - [TEST_STEP][PASSED] - Statement - scrFile = driver.getScreenshotAs(FILE): null

2018-12-12 16:13:18 - [TEST_STEP][PASSED] - Statement - PreSaveFile = new java.io.File(PresavePath): null

2018-12-12 16:13:18 - [TEST_STEP][PASSED] - Statement - counter = 0: null

2018-12-12 16:13:18 - [TEST_STEP][PASSED] - Statement - If (PreSaveFile.exists()): null

2018-12-12 16:13:18 - [TEST_STEP][PASSED] - Statement - While (PreSaveFile.exists()): null

2018-12-12 16:13:18 - [TEST_STEP][PASSED] - Statement - counter = counter + 1: null

2018-12-12 16:13:18 - [TEST_STEP][PASSED] - Statement - PreSaveFile = new java.io.File(((pathPrefix + java.lang.Integer.toString(counter)) + .png)): null

2018-12-12 16:13:18 - [TEST_STEP][PASSED] - Statement - counter = counter + 1: null

2018-12-12 16:13:18 - [TEST_STEP][PASSED] - Statement - PreSaveFile = new java.io.File(((pathPrefix + java.lang.Integer.toString(counter)) + .png)): null

2018-12-12 16:13:18 - [TEST_STEP][PASSED] - Statement - counter = counter + 1: null

2018-12-12 16:13:18 - [TEST_STEP][PASSED] - Statement - PreSaveFile = new java.io.File(((pathPrefix + java.lang.Integer.toString(counter)) + .png)): null

2018-12-12 16:13:18 - [TEST_STEP][PASSED] - Statement - counter = counter + 1: null

2018-12-12 16:13:18 - [TEST_STEP][PASSED] - Statement - PreSaveFile = new java.io.File(((pathPrefix + java.lang.Integer.toString(counter)) + .png)): null

2018-12-12 16:13:18 - [TEST_STEP][PASSED] - Statement - counter = counter + 1: null

2018-12-12 16:13:18 - [TEST_STEP][PASSED] - Statement - PreSaveFile = new java.io.File(((pathPrefix + java.lang.Integer.toString(counter)) + .png)): null

2018-12-12 16:13:18 - [TEST_STEP][PASSED] - Statement - counter = counter + 1: null

2018-12-12 16:13:18 - [TEST_STEP][PASSED] - Statement - PreSaveFile = new java.io.File(((pathPrefix + java.lang.Integer.toString(counter)) + .png)): null

2018-12-12 16:13:18 - [TEST_STEP][PASSED] - Statement - counter = counter + 1: null

2018-12-12 16:13:18 - [TEST_STEP][PASSED] - Statement - PreSaveFile = new java.io.File(((pathPrefix + java.lang.Integer.toString(counter)) + .png)): null

2018-12-12 16:13:18 - [TEST_STEP][PASSED] - Statement - counter = counter + 1: null

2018-12-12 16:13:18 - [TEST_STEP][PASSED] - Statement - PreSaveFile = new java.io.File(((pathPrefix + java.lang.Integer.toString(counter)) + .png)): null

2018-12-12 16:13:18 - [TEST_STEP][PASSED] - Statement - counter = counter + 1: null

2018-12-12 16:13:18 - [TEST_STEP][PASSED] - Statement - PreSaveFile = new java.io.File(((pathPrefix + java.lang.Integer.toString(counter)) + .png)): null

2018-12-12 16:13:18 - [TEST_STEP][PASSED] - Statement - counter = counter + 1: null

2018-12-12 16:13:18 - [TEST_STEP][PASSED] - Statement - PreSaveFile = new java.io.File(((pathPrefix + java.lang.Integer.toString(counter)) + .png)): null

2018-12-12 16:13:18 - [TEST_STEP][PASSED] - Statement - counter = counter + 1: null

2018-12-12 16:13:18 - [TEST_STEP][PASSED] - Statement - PreSaveFile = new java.io.File(((pathPrefix + java.lang.Integer.toString(counter)) + .png)): null

2018-12-12 16:13:18 - [TEST_STEP][PASSED] - Statement - counter = counter + 1: null

2018-12-12 16:13:18 - [TEST_STEP][PASSED] - Statement - PreSaveFile = new java.io.File(((pathPrefix + java.lang.Integer.toString(counter)) + .png)): null

2018-12-12 16:13:18 - [TEST_STEP][PASSED] - Statement - counter = counter + 1: null

2018-12-12 16:13:18 - [TEST_STEP][PASSED] - Statement - PreSaveFile = new java.io.File(((pathPrefix + java.lang.Integer.toString(counter)) + .png)): null

2018-12-12 16:13:18 - [TEST_STEP][PASSED] - Statement - counter = counter + 1: null

2018-12-12 16:13:18 - [TEST_STEP][PASSED] - Statement - PreSaveFile = new java.io.File(((pathPrefix + java.lang.Integer.toString(counter)) + .png)): null

2018-12-12 16:13:18 - [TEST_STEP][PASSED] - Statement - counter = counter + 1: null

2018-12-12 16:13:18 - [TEST_STEP][PASSED] - Statement - PreSaveFile = new java.io.File(((pathPrefix + java.lang.Integer.toString(counter)) + .png)): null

2018-12-12 16:13:18 - [TEST_STEP][PASSED] - Statement - counter = counter + 1: null

2018-12-12 16:13:18 - [TEST_STEP][PASSED] - Statement - PreSaveFile = new java.io.File(((pathPrefix + java.lang.Integer.toString(counter)) + .png)): null

2018-12-12 16:13:18 - [TEST_STEP][PASSED] - Statement - counter = counter + 1: null

2018-12-12 16:13:18 - [TEST_STEP][PASSED] - Statement - PreSaveFile = new java.io.File(((pathPrefix + java.lang.Integer.toString(counter)) + .png)): null

2018-12-12 16:13:18 - [TEST_STEP][PASSED] - Statement - counter = counter + 1: null

2018-12-12 16:13:18 - [TEST_STEP][PASSED] - Statement - PreSaveFile = new java.io.File(((pathPrefix + java.lang.Integer.toString(counter)) + .png)): null

2018-12-12 16:13:18 - [TEST_STEP][PASSED] - Statement - counter = counter + 1: null

2018-12-12 16:13:18 - [TEST_STEP][PASSED] - Statement - PreSaveFile = new java.io.File(((pathPrefix + java.lang.Integer.toString(counter)) + .png)): null

2018-12-12 16:13:18 - [TEST_STEP][PASSED] - Statement - counter = counter + 1: null

2018-12-12 16:13:18 - [TEST_STEP][PASSED] - Statement - PreSaveFile = new java.io.File(((pathPrefix + java.lang.Integer.toString(counter)) + .png)): null

2018-12-12 16:13:18 - [TEST_STEP][PASSED] - Statement - counter = counter + 1: null

2018-12-12 16:13:18 - [TEST_STEP][PASSED] - Statement - PreSaveFile = new java.io.File(((pathPrefix + java.lang.Integer.toString(counter)) + .png)): null

2018-12-12 16:13:18 - [TEST_STEP][PASSED] - Statement - counter = counter + 1: null

2018-12-12 16:13:18 - [TEST_STEP][PASSED] - Statement - PreSaveFile = new java.io.File(((pathPrefix + java.lang.Integer.toString(counter)) + .png)): null

2018-12-12 16:13:18 - [TEST_STEP][PASSED] - Statement - counter = counter + 1: null

2018-12-12 16:13:18 - [TEST_STEP][PASSED] - Statement - PreSaveFile = new java.io.File(((pathPrefix + java.lang.Integer.toString(counter)) + .png)): null

2018-12-12 16:13:18 - [TEST_STEP][PASSED] - Statement - counter = counter + 1: null

2018-12-12 16:13:18 - [TEST_STEP][PASSED] - Statement - PreSaveFile = new java.io.File(((pathPrefix + java.lang.Integer.toString(counter)) + .png)): null

2018-12-12 16:13:18 - [TEST_STEP][PASSED] - Statement - counter = counter + 1: null

2018-12-12 16:13:18 - [TEST_STEP][PASSED] - Statement - PreSaveFile = new java.io.File(((pathPrefix + java.lang.Integer.toString(counter)) + .png)): null

2018-12-12 16:13:18 - [TEST_STEP][PASSED] - Statement - counter = counter + 1: null

2018-12-12 16:13:18 - [TEST_STEP][PASSED] - Statement - PreSaveFile = new java.io.File(((pathPrefix + java.lang.Integer.toString(counter)) + .png)): null

2018-12-12 16:13:18 - [TEST_STEP][PASSED] - Statement - counter = counter + 1: null

2018-12-12 16:13:18 - [TEST_STEP][PASSED] - Statement - PreSaveFile = new java.io.File(((pathPrefix + java.lang.Integer.toString(counter)) + .png)): null

2018-12-12 16:13:18 - [TEST_STEP][PASSED] - Statement - counter = counter + 1: null

2018-12-12 16:13:18 - [TEST_STEP][PASSED] - Statement - PreSaveFile = new java.io.File(((pathPrefix + java.lang.Integer.toString(counter)) + .png)): null

2018-12-12 16:13:18 - [TEST_STEP][PASSED] - Statement - counter = counter + 1: null

2018-12-12 16:13:18 - [TEST_STEP][PASSED] - Statement - PreSaveFile = new java.io.File(((pathPrefix + java.lang.Integer.toString(counter)) + .png)): null

2018-12-12 16:13:18 - [TEST_STEP][PASSED] - Statement - counter = counter + 1: null

2018-12-12 16:13:18 - [TEST_STEP][PASSED] - Statement - PreSaveFile = new java.io.File(((pathPrefix + java.lang.Integer.toString(counter)) + .png)): null

2018-12-12 16:13:18 - [TEST_STEP][PASSED] - Statement - counter = counter + 1: null

2018-12-12 16:13:18 - [TEST_STEP][PASSED] - Statement - PreSaveFile = new java.io.File(((pathPrefix + java.lang.Integer.toString(counter)) + .png)): null

2018-12-12 16:13:18 - [TEST_STEP][PASSED] - Statement - counter = counter + 1: null

2018-12-12 16:13:18 - [TEST_STEP][PASSED] - Statement - PreSaveFile = new java.io.File(((pathPrefix + java.lang.Integer.toString(counter)) + .png)): null

2018-12-12 16:13:18 - [TEST_STEP][PASSED] - Statement - counter = counter + 1: null

2018-12-12 16:13:18 - [TEST_STEP][PASSED] - Statement - PreSaveFile = new java.io.File(((pathPrefix + java.lang.Integer.toString(counter)) + .png)): null

2018-12-12 16:13:18 - [TEST_STEP][PASSED] - Statement - counter = counter + 1: null

2018-12-12 16:13:18 - [TEST_STEP][PASSED] - Statement - PreSaveFile = new java.io.File(((pathPrefix + java.lang.Integer.toString(counter)) + .png)): null

2018-12-12 16:13:18 - [TEST_STEP][PASSED] - Statement - counter = counter + 1: null

2018-12-12 16:13:18 - [TEST_STEP][PASSED] - Statement - PreSaveFile = new java.io.File(((pathPrefix + java.lang.Integer.toString(counter)) + .png)): null

2018-12-12 16:13:18 - [TEST_STEP][PASSED] - Statement - counter = counter + 1: null

2018-12-12 16:13:18 - [TEST_STEP][PASSED] - Statement - PreSaveFile = new java.io.File(((pathPrefix + java.lang.Integer.toString(counter)) + .png)): null

2018-12-12 16:13:18 - [TEST_STEP][PASSED] - Statement - counter = counter + 1: null

2018-12-12 16:13:18 - [TEST_STEP][PASSED] - Statement - PreSaveFile = new java.io.File(((pathPrefix + java.lang.Integer.toString(counter)) + .png)): null

2018-12-12 16:13:18 - [TEST_STEP][PASSED] - Statement - counter = counter + 1: null

2018-12-12 16:13:18 - [TEST_STEP][PASSED] - Statement - PreSaveFile = new java.io.File(((pathPrefix + java.lang.Integer.toString(counter)) + .png)): null

2018-12-12 16:13:18 - [TEST_STEP][PASSED] - Statement - counter = counter + 1: null

2018-12-12 16:13:18 - [TEST_STEP][PASSED] - Statement - PreSaveFile = new java.io.File(((pathPrefix + java.lang.Integer.toString(counter)) + .png)): null

2018-12-12 16:13:18 - [TEST_STEP][PASSED] - Statement - counter = counter + 1: null

2018-12-12 16:13:18 - [TEST_STEP][PASSED] - Statement - PreSaveFile = new java.io.File(((pathPrefix + java.lang.Integer.toString(counter)) + .png)): null

2018-12-12 16:13:18 - [TEST_STEP][PASSED] - Statement - counter = counter + 1: null

2018-12-12 16:13:18 - [TEST_STEP][PASSED] - Statement - PreSaveFile = new java.io.File(((pathPrefix + java.lang.Integer.toString(counter)) + .png)): null

2018-12-12 16:13:18 - [TEST_STEP][PASSED] - Statement - counter = counter + 1: null

2018-12-12 16:13:18 - [TEST_STEP][PASSED] - Statement - PreSaveFile = new java.io.File(((pathPrefix + java.lang.Integer.toString(counter)) + .png)): null

2018-12-12 16:13:18 - [TEST_STEP][PASSED] - Statement - counter = counter + 1: null

2018-12-12 16:13:18 - [TEST_STEP][PASSED] - Statement - PreSaveFile = new java.io.File(((pathPrefix + java.lang.Integer.toString(counter)) + .png)): null

2018-12-12 16:13:18 - [TEST_STEP][PASSED] - Statement - counter = counter + 1: null

2018-12-12 16:13:18 - [TEST_STEP][PASSED] - Statement - PreSaveFile = new java.io.File(((pathPrefix + java.lang.Integer.toString(counter)) + .png)): null

2018-12-12 16:13:18 - [TEST_STEP][PASSED] - Statement - counter = counter + 1: null

2018-12-12 16:13:18 - [TEST_STEP][PASSED] - Statement - PreSaveFile = new java.io.File(((pathPrefix + java.lang.Integer.toString(counter)) + .png)): null

2018-12-12 16:13:18 - [TEST_STEP][PASSED] - Statement - counter = counter + 1: null

2018-12-12 16:13:18 - [TEST_STEP][PASSED] - Statement - PreSaveFile = new java.io.File(((pathPrefix + java.lang.Integer.toString(counter)) + .png)): null

2018-12-12 16:13:18 - [TEST_STEP][PASSED] - Statement - counter = counter + 1: null

2018-12-12 16:13:18 - [TEST_STEP][PASSED] - Statement - PreSaveFile = new java.io.File(((pathPrefix + java.lang.Integer.toString(counter)) + .png)): null

2018-12-12 16:13:18 - [TEST_STEP][PASSED] - Statement - counter = counter + 1: null

2018-12-12 16:13:18 - [TEST_STEP][PASSED] - Statement - PreSaveFile = new java.io.File(((pathPrefix + java.lang.Integer.toString(counter)) + .png)): null

2018-12-12 16:13:18 - [TEST_STEP][PASSED] - Statement - counter = counter + 1: null

2018-12-12 16:13:18 - [TEST_STEP][PASSED] - Statement - PreSaveFile = new java.io.File(((pathPrefix + java.lang.Integer.toString(counter)) + .png)): null

2018-12-12 16:13:18 - [TEST_STEP][PASSED] - Statement - counter = counter + 1: null

2018-12-12 16:13:18 - [TEST_STEP][PASSED] - Statement - PreSaveFile = new java.io.File(((pathPrefix + java.lang.Integer.toString(counter)) + .png)): null

2018-12-12 16:13:18 - [TEST_STEP][PASSED] - Statement - counter = counter + 1: null

2018-12-12 16:13:18 - [TEST_STEP][PASSED] - Statement - PreSaveFile = new java.io.File(((pathPrefix + java.lang.Integer.toString(counter)) + .png)): null

2018-12-12 16:13:18 - [TEST_STEP][PASSED] - Statement - counter = counter + 1: null

2018-12-12 16:13:18 - [TEST_STEP][PASSED] - Statement - PreSaveFile = new java.io.File(((pathPrefix + java.lang.Integer.toString(counter)) + .png)): null

2018-12-12 16:13:18 - [TEST_STEP][PASSED] - Statement - counter = counter + 1: null

2018-12-12 16:13:18 - [TEST_STEP][PASSED] - Statement - PreSaveFile = new java.io.File(((pathPrefix + java.lang.Integer.toString(counter)) + .png)): null

2018-12-12 16:13:18 - [TEST_STEP][PASSED] - Statement - counter = counter + 1: null

2018-12-12 16:13:18 - [TEST_STEP][PASSED] - Statement - PreSaveFile = new java.io.File(((pathPrefix + java.lang.Integer.toString(counter)) + .png)): null

2018-12-12 16:13:18 - [TEST_STEP][PASSED] - Statement - counter = counter + 1: null

2018-12-12 16:13:18 - [TEST_STEP][PASSED] - Statement - PreSaveFile = new java.io.File(((pathPrefix + java.lang.Integer.toString(counter)) + .png)): null

2018-12-12 16:13:18 - [TEST_STEP][PASSED] - Statement - counter = counter + 1: null

2018-12-12 16:13:18 - [TEST_STEP][PASSED] - Statement - PreSaveFile = new java.io.File(((pathPrefix + java.lang.Integer.toString(counter)) + .png)): null

2018-12-12 16:13:18 - [TEST_STEP][PASSED] - Statement - counter = counter + 1: null

2018-12-12 16:13:18 - [TEST_STEP][PASSED] - Statement - PreSaveFile = new java.io.File(((pathPrefix + java.lang.Integer.toString(counter)) + .png)): null

2018-12-12 16:13:18 - [TEST_STEP][PASSED] - Statement - counter = counter + 1: null

2018-12-12 16:13:18 - [TEST_STEP][PASSED] - Statement - PreSaveFile = new java.io.File(((pathPrefix + java.lang.Integer.toString(counter)) + .png)): null

2018-12-12 16:13:18 - [TEST_STEP][PASSED] - Statement - counter = counter + 1: null

2018-12-12 16:13:18 - [TEST_STEP][PASSED] - Statement - PreSaveFile = new java.io.File(((pathPrefix + java.lang.Integer.toString(counter)) + .png)): null

2018-12-12 16:13:18 - [TEST_STEP][PASSED] - Statement - counter = counter + 1: null

2018-12-12 16:13:18 - [TEST_STEP][PASSED] - Statement - PreSaveFile = new java.io.File(((pathPrefix + java.lang.Integer.toString(counter)) + .png)): null

2018-12-12 16:13:18 - [TEST_STEP][PASSED] - Statement - counter = counter + 1: null

2018-12-12 16:13:18 - [TEST_STEP][PASSED] - Statement - PreSaveFile = new java.io.File(((pathPrefix + java.lang.Integer.toString(counter)) + .png)): null

2018-12-12 16:13:18 - [TEST_STEP][PASSED] - Statement - counter = counter + 1: null

2018-12-12 16:13:18 - [TEST_STEP][PASSED] - Statement - PreSaveFile = new java.io.File(((pathPrefix + java.lang.Integer.toString(counter)) + .png)): null

2018-12-12 16:13:18 - [TEST_STEP][PASSED] - Statement - counter = counter + 1: null

2018-12-12 16:13:18 - [TEST_STEP][PASSED] - Statement - PreSaveFile = new java.io.File(((pathPrefix + java.lang.Integer.toString(counter)) + .png)): null

2018-12-12 16:13:18 - [TEST_STEP][PASSED] - Statement - counter = counter + 1: null

2018-12-12 16:13:18 - [TEST_STEP][PASSED] - Statement - PreSaveFile = new java.io.File(((pathPrefix + java.lang.Integer.toString(counter)) + .png)): null

2018-12-12 16:13:18 - [TEST_STEP][PASSED] - Statement - counter = counter + 1: null

2018-12-12 16:13:18 - [TEST_STEP][PASSED] - Statement - PreSaveFile = new java.io.File(((pathPrefix + java.lang.Integer.toString(counter)) + .png)): null

2018-12-12 16:13:18 - [TEST_STEP][PASSED] - Statement - counter = counter + 1: null

2018-12-12 16:13:18 - [TEST_STEP][PASSED] - Statement - PreSaveFile = new java.io.File(((pathPrefix + java.lang.Integer.toString(counter)) + .png)): null

2018-12-12 16:13:18 - [TEST_STEP][PASSED] - Statement - counter = counter + 1: null

2018-12-12 16:13:18 - [TEST_STEP][PASSED] - Statement - PreSaveFile = new java.io.File(((pathPrefix + java.lang.Integer.toString(counter)) + .png)): null

2018-12-12 16:13:18 - [TEST_STEP][PASSED] - Statement - counter = counter + 1: null

2018-12-12 16:13:18 - [TEST_STEP][PASSED] - Statement - PreSaveFile = new java.io.File(((pathPrefix + java.lang.Integer.toString(counter)) + .png)): null

2018-12-12 16:13:18 - [TEST_STEP][PASSED] - Statement - counter = counter + 1: null

2018-12-12 16:13:18 - [TEST_STEP][PASSED] - Statement - PreSaveFile = new java.io.File(((pathPrefix + java.lang.Integer.toString(counter)) + .png)): null

2018-12-12 16:13:18 - [TEST_STEP][PASSED] - Statement - counter = counter + 1: null

2018-12-12 16:13:18 - [TEST_STEP][PASSED] - Statement - PreSaveFile = new java.io.File(((pathPrefix + java.lang.Integer.toString(counter)) + .png)): null

2018-12-12 16:13:18 - [TEST_STEP][PASSED] - Statement - counter = counter + 1: null

2018-12-12 16:13:18 - [TEST_STEP][PASSED] - Statement - PreSaveFile = new java.io.File(((pathPrefix + java.lang.Integer.toString(counter)) + .png)): null

2018-12-12 16:13:18 - [TEST_STEP][PASSED] - Statement - counter = counter + 1: null

2018-12-12 16:13:18 - [TEST_STEP][PASSED] - Statement - PreSaveFile = new java.io.File(((pathPrefix + java.lang.Integer.toString(counter)) + .png)): null

2018-12-12 16:13:18 - [TEST_STEP][PASSED] - Statement - counter = counter + 1: null

2018-12-12 16:13:18 - [TEST_STEP][PASSED] - Statement - PreSaveFile = new java.io.File(((pathPrefix + java.lang.Integer.toString(counter)) + .png)): null

2018-12-12 16:13:18 - [TEST_STEP][PASSED] - Statement - counter = counter + 1: null

2018-12-12 16:13:18 - [TEST_STEP][PASSED] - Statement - PreSaveFile = new java.io.File(((pathPrefix + java.lang.Integer.toString(counter)) + .png)): null

2018-12-12 16:13:18 - [TEST_STEP][PASSED] - Statement - counter = counter + 1: null

2018-12-12 16:13:18 - [TEST_STEP][PASSED] - Statement - PreSaveFile = new java.io.File(((pathPrefix + java.lang.Integer.toString(counter)) + .png)): null

2018-12-12 16:13:18 - [TEST_STEP][PASSED] - Statement - counter = counter + 1: null

2018-12-12 16:13:18 - [TEST_STEP][PASSED] - Statement - PreSaveFile = new java.io.File(((pathPrefix + java.lang.Integer.toString(counter)) + .png)): null

2018-12-12 16:13:18 - [TEST_STEP][PASSED] - Statement - counter = counter + 1: null

2018-12-12 16:13:18 - [TEST_STEP][PASSED] - Statement - PreSaveFile = new java.io.File(((pathPrefix + java.lang.Integer.toString(counter)) + .png)): null

2018-12-12 16:13:18 - [TEST_STEP][PASSED] - Statement - counter = counter + 1: null

2018-12-12 16:13:18 - [TEST_STEP][PASSED] - Statement - PreSaveFile = new java.io.File(((pathPrefix + java.lang.Integer.toString(counter)) + .png)): null

2018-12-12 16:13:18 - [TEST_STEP][PASSED] - Statement - counter = counter + 1: null

2018-12-12 16:13:18 - [TEST_STEP][PASSED] - Statement - PreSaveFile = new java.io.File(((pathPrefix + java.lang.Integer.toString(counter)) + .png)): null

2018-12-12 16:13:18 - [TEST_STEP][PASSED] - Statement - counter = counter + 1: null

2018-12-12 16:13:18 - [TEST_STEP][PASSED] - Statement - PreSaveFile = new java.io.File(((pathPrefix + java.lang.Integer.toString(counter)) + .png)): null

2018-12-12 16:13:18 - [TEST_STEP][PASSED] - Statement - counter = counter + 1: null

2018-12-12 16:13:18 - [TEST_STEP][PASSED] - Statement - PreSaveFile = new java.io.File(((pathPrefix + java.lang.Integer.toString(counter)) + .png)): null

2018-12-12 16:13:18 - [TEST_STEP][PASSED] - Statement - counter = counter + 1: null

2018-12-12 16:13:18 - [TEST_STEP][PASSED] - Statement - PreSaveFile = new java.io.File(((pathPrefix + java.lang.Integer.toString(counter)) + .png)): null

2018-12-12 16:13:18 - [TEST_STEP][PASSED] - Statement - counter = counter + 1: null

2018-12-12 16:13:18 - [TEST_STEP][PASSED] - Statement - PreSaveFile = new java.io.File(((pathPrefix + java.lang.Integer.toString(counter)) + .png)): null

2018-12-12 16:13:18 - [TEST_STEP][PASSED] - Statement - counter = counter + 1: null

2018-12-12 16:13:18 - [TEST_STEP][PASSED] - Statement - PreSaveFile = new java.io.File(((pathPrefix + java.lang.Integer.toString(counter)) + .png)): null

2018-12-12 16:13:18 - [TEST_STEP][PASSED] - Statement - counter = counter + 1: null

2018-12-12 16:13:18 - [TEST_STEP][PASSED] - Statement - PreSaveFile = new java.io.File(((pathPrefix + java.lang.Integer.toString(counter)) + .png)): null

2018-12-12 16:13:18 - [TEST_STEP][PASSED] - Statement - counter = counter + 1: null

2018-12-12 16:13:18 - [TEST_STEP][PASSED] - Statement - PreSaveFile = new java.io.File(((pathPrefix + java.lang.Integer.toString(counter)) + .png)): null

2018-12-12 16:13:18 - [TEST_STEP][PASSED] - Statement - counter = counter + 1: null

2018-12-12 16:13:18 - [TEST_STEP][PASSED] - Statement - PreSaveFile = new java.io.File(((pathPrefix + java.lang.Integer.toString(counter)) + .png)): null

2018-12-12 16:13:18 - [TEST_STEP][PASSED] - Statement - counter = counter + 1: null

2018-12-12 16:13:18 - [TEST_STEP][PASSED] - Statement - PreSaveFile = new java.io.File(((pathPrefix + java.lang.Integer.toString(counter)) + .png)): null

2018-12-12 16:13:18 - [TEST_STEP][PASSED] - Statement - counter = counter + 1: null

2018-12-12 16:13:18 - [TEST_STEP][PASSED] - Statement - PreSaveFile = new java.io.File(((pathPrefix + java.lang.Integer.toString(counter)) + .png)): null

2018-12-12 16:13:18 - [TEST_STEP][PASSED] - Statement - counter = counter + 1: null

2018-12-12 16:13:18 - [TEST_STEP][PASSED] - Statement - PreSaveFile = new java.io.File(((pathPrefix + java.lang.Integer.toString(counter)) + .png)): null

2018-12-12 16:13:18 - [TEST_STEP][PASSED] - Statement - counter = counter + 1: null

2018-12-12 16:13:18 - [TEST_STEP][PASSED] - Statement - PreSaveFile = new java.io.File(((pathPrefix + java.lang.Integer.toString(counter)) + .png)): null

2018-12-12 16:13:18 - [TEST_STEP][PASSED] - Statement - counter = counter + 1: null

2018-12-12 16:13:18 - [TEST_STEP][PASSED] - Statement - PreSaveFile = new java.io.File(((pathPrefix + java.lang.Integer.toString(counter)) + .png)): null

2018-12-12 16:13:18 - [TEST_STEP][PASSED] - Statement - counter = counter + 1: null

2018-12-12 16:13:18 - [TEST_STEP][PASSED] - Statement - PreSaveFile = new java.io.File(((pathPrefix + java.lang.Integer.toString(counter)) + .png)): null

2018-12-12 16:13:18 - [TEST_STEP][PASSED] - Statement - counter = counter + 1: null

2018-12-12 16:13:18 - [TEST_STEP][PASSED] - Statement - PreSaveFile = new java.io.File(((pathPrefix + java.lang.Integer.toString(counter)) + .png)): null

2018-12-12 16:13:18 - [TEST_STEP][PASSED] - Statement - counter = counter + 1: null

2018-12-12 16:13:18 - [TEST_STEP][PASSED] - Statement - PreSaveFile = new java.io.File(((pathPrefix + java.lang.Integer.toString(counter)) + .png)): null

2018-12-12 16:13:18 - [TEST_STEP][PASSED] - Statement - counter = counter + 1: null

2018-12-12 16:13:18 - [TEST_STEP][PASSED] - Statement - PreSaveFile = new java.io.File(((pathPrefix + java.lang.Integer.toString(counter)) + .png)): null

2018-12-12 16:13:18 - [TEST_STEP][PASSED] - Statement - counter = counter + 1: null

2018-12-12 16:13:18 - [TEST_STEP][PASSED] - Statement - PreSaveFile = new java.io.File(((pathPrefix + java.lang.Integer.toString(counter)) + .png)): null

2018-12-12 16:13:18 - [TEST_STEP][PASSED] - Statement - counter = counter + 1: null

2018-12-12 16:13:18 - [TEST_STEP][PASSED] - Statement - PreSaveFile = new java.io.File(((pathPrefix + java.lang.Integer.toString(counter)) + .png)): null

2018-12-12 16:13:18 - [TEST_STEP][PASSED] - Statement - counter = counter + 1: null

2018-12-12 16:13:18 - [TEST_STEP][PASSED] - Statement - PreSaveFile = new java.io.File(((pathPrefix + java.lang.Integer.toString(counter)) + .png)): null

2018-12-12 16:13:18 - [TEST_STEP][PASSED] - Statement - counter = counter + 1: null

2018-12-12 16:13:18 - [TEST_STEP][PASSED] - Statement - PreSaveFile = new java.io.File(((pathPrefix + java.lang.Integer.toString(counter)) + .png)): null

2018-12-12 16:13:18 - [TEST_STEP][PASSED] - Statement - counter = counter + 1: null

2018-12-12 16:13:18 - [TEST_STEP][PASSED] - Statement - PreSaveFile = new java.io.File(((pathPrefix + java.lang.Integer.toString(counter)) + .png)): null

2018-12-12 16:13:18 - [TEST_STEP][PASSED] - Statement - counter = counter + 1: null

2018-12-12 16:13:18 - [TEST_STEP][PASSED] - Statement - PreSaveFile = new java.io.File(((pathPrefix + java.lang.Integer.toString(counter)) + .png)): null

2018-12-12 16:13:18 - [TEST_STEP][PASSED] - Statement - counter = counter + 1: null

2018-12-12 16:13:18 - [TEST_STEP][PASSED] - Statement - PreSaveFile = new java.io.File(((pathPrefix + java.lang.Integer.toString(counter)) + .png)): null

2018-12-12 16:13:18 - [TEST_STEP][PASSED] - Statement - counter = counter + 1: null

2018-12-12 16:13:18 - [TEST_STEP][PASSED] - Statement - PreSaveFile = new java.io.File(((pathPrefix + java.lang.Integer.toString(counter)) + .png)): null

2018-12-12 16:13:18 - [TEST_STEP][PASSED] - Statement - counter = counter + 1: null

2018-12-12 16:13:18 - [TEST_STEP][PASSED] - Statement - PreSaveFile = new java.io.File(((pathPrefix + java.lang.Integer.toString(counter)) + .png)): null

2018-12-12 16:13:18 - [TEST_STEP][PASSED] - Statement - counter = counter + 1: null

2018-12-12 16:13:18 - [TEST_STEP][PASSED] - Statement - PreSaveFile = new java.io.File(((pathPrefix + java.lang.Integer.toString(counter)) + .png)): null

2018-12-12 16:13:18 - [TEST_STEP][PASSED] - Statement - counter = counter + 1: null

2018-12-12 16:13:18 - [TEST_STEP][PASSED] - Statement - PreSaveFile = new java.io.File(((pathPrefix + java.lang.Integer.toString(counter)) + .png)): null

2018-12-12 16:13:18 - [TEST_STEP][PASSED] - Statement - counter = counter + 1: null

2018-12-12 16:13:18 - [TEST_STEP][PASSED] - Statement - PreSaveFile = new java.io.File(((pathPrefix + java.lang.Integer.toString(counter)) + .png)): null

2018-12-12 16:13:18 - [TEST_STEP][PASSED] - Statement - counter = counter + 1: null

2018-12-12 16:13:18 - [TEST_STEP][PASSED] - Statement - PreSaveFile = new java.io.File(((pathPrefix + java.lang.Integer.toString(counter)) + .png)): null

2018-12-12 16:13:18 - [TEST_STEP][PASSED] - Statement - counter = counter + 1: null

2018-12-12 16:13:18 - [TEST_STEP][PASSED] - Statement - PreSaveFile = new java.io.File(((pathPrefix + java.lang.Integer.toString(counter)) + .png)): null

2018-12-12 16:13:18 - [TEST_STEP][PASSED] - Statement - counter = counter + 1: null

2018-12-12 16:13:18 - [TEST_STEP][PASSED] - Statement - PreSaveFile = new java.io.File(((pathPrefix + java.lang.Integer.toString(counter)) + .png)): null

2018-12-12 16:13:18 - [TEST_STEP][PASSED] - Statement - counter = counter + 1: null

2018-12-12 16:13:18 - [TEST_STEP][PASSED] - Statement - PreSaveFile = new java.io.File(((pathPrefix + java.lang.Integer.toString(counter)) + .png)): null

2018-12-12 16:13:18 - [TEST_STEP][PASSED] - Statement - counter = counter + 1: null

2018-12-12 16:13:18 - [TEST_STEP][PASSED] - Statement - PreSaveFile = new java.io.File(((pathPrefix + java.lang.Integer.toString(counter)) + .png)): null

2018-12-12 16:13:18 - [TEST_STEP][PASSED] - Statement - counter = counter + 1: null

2018-12-12 16:13:18 - [TEST_STEP][PASSED] - Statement - PreSaveFile = new java.io.File(((pathPrefix + java.lang.Integer.toString(counter)) + .png)): null

2018-12-12 16:13:18 - [TEST_STEP][PASSED] - Statement - counter = counter + 1: null

2018-12-12 16:13:18 - [TEST_STEP][PASSED] - Statement - PreSaveFile = new java.io.File(((pathPrefix + java.lang.Integer.toString(counter)) + .png)): null

2018-12-12 16:13:18 - [TEST_STEP][PASSED] - Statement - counter = counter + 1: null

2018-12-12 16:13:18 - [TEST_STEP][PASSED] - Statement - PreSaveFile = new java.io.File(((pathPrefix + java.lang.Integer.toString(counter)) + .png)): null

2018-12-12 16:13:18 - [TEST_STEP][PASSED] - Statement - counter = counter + 1: null

2018-12-12 16:13:18 - [TEST_STEP][PASSED] - Statement - PreSaveFile = new java.io.File(((pathPrefix + java.lang.Integer.toString(counter)) + .png)): null

2018-12-12 16:13:18 - [TEST_STEP][PASSED] - Statement - counter = counter + 1: null

2018-12-12 16:13:18 - [TEST_STEP][PASSED] - Statement - PreSaveFile = new java.io.File(((pathPrefix + java.lang.Integer.toString(counter)) + .png)): null

2018-12-12 16:13:18 - [TEST_STEP][PASSED] - Statement - counter = counter + 1: null

2018-12-12 16:13:18 - [TEST_STEP][PASSED] - Statement - PreSaveFile = new java.io.File(((pathPrefix + java.lang.Integer.toString(counter)) + .png)): null

2018-12-12 16:13:18 - [TEST_STEP][PASSED] - Statement - counter = counter + 1: null

2018-12-12 16:13:18 - [TEST_STEP][PASSED] - Statement - PreSaveFile = new java.io.File(((pathPrefix + java.lang.Integer.toString(counter)) + .png)): null

2018-12-12 16:13:18 - [TEST_STEP][PASSED] - Statement - counter = counter + 1: null

2018-12-12 16:13:18 - [TEST_STEP][PASSED] - Statement - PreSaveFile = new java.io.File(((pathPrefix + java.lang.Integer.toString(counter)) + .png)): null

2018-12-12 16:13:18 - [TEST_STEP][PASSED] - Statement - counter = counter + 1: null

2018-12-12 16:13:18 - [TEST_STEP][PASSED] - Statement - PreSaveFile = new java.io.File(((pathPrefix + java.lang.Integer.toString(counter)) + .png)): null

2018-12-12 16:13:18 - [TEST_STEP][PASSED] - Statement - counter = counter + 1: null

2018-12-12 16:13:18 - [TEST_STEP][PASSED] - Statement - PreSaveFile = new java.io.File(((pathPrefix + java.lang.Integer.toString(counter)) + .png)): null

2018-12-12 16:13:18 - [TEST_STEP][PASSED] - Statement - counter = counter + 1: null

2018-12-12 16:13:18 - [TEST_STEP][PASSED] - Statement - PreSaveFile = new java.io.File(((pathPrefix + java.lang.Integer.toString(counter)) + .png)): null

2018-12-12 16:13:18 - [TEST_STEP][PASSED] - Statement - counter = counter + 1: null

2018-12-12 16:13:18 - [TEST_STEP][PASSED] - Statement - PreSaveFile = new java.io.File(((pathPrefix + java.lang.Integer.toString(counter)) + .png)): null

2018-12-12 16:13:18 - [TEST_STEP][PASSED] - Statement - counter = counter + 1: null

2018-12-12 16:13:18 - [TEST_STEP][PASSED] - Statement - PreSaveFile = new java.io.File(((pathPrefix + java.lang.Integer.toString(counter)) + .png)): null

2018-12-12 16:13:18 - [TEST_STEP][PASSED] - Statement - counter = counter + 1: null

2018-12-12 16:13:18 - [TEST_STEP][PASSED] - Statement - PreSaveFile = new java.io.File(((pathPrefix + java.lang.Integer.toString(counter)) + .png)): null

2018-12-12 16:13:18 - [TEST_STEP][PASSED] - Statement - counter = counter + 1: null

2018-12-12 16:13:18 - [TEST_STEP][PASSED] - Statement - PreSaveFile = new java.io.File(((pathPrefix + java.lang.Integer.toString(counter)) + .png)): null

2018-12-12 16:13:18 - [TEST_STEP][PASSED] - Statement - counter = counter + 1: null

2018-12-12 16:13:18 - [TEST_STEP][PASSED] - Statement - PreSaveFile = new java.io.File(((pathPrefix + java.lang.Integer.toString(counter)) + .png)): null

2018-12-12 16:13:18 - [TEST_STEP][PASSED] - Statement - counter = counter + 1: null

2018-12-12 16:13:18 - [TEST_STEP][PASSED] - Statement - PreSaveFile = new java.io.File(((pathPrefix + java.lang.Integer.toString(counter)) + .png)): null

2018-12-12 16:13:18 - [TEST_STEP][PASSED] - Statement - counter = counter + 1: null

2018-12-12 16:13:18 - [TEST_STEP][PASSED] - Statement - PreSaveFile = new java.io.File(((pathPrefix + java.lang.Integer.toString(counter)) + .png)): null

2018-12-12 16:13:18 - [TEST_STEP][PASSED] - Statement - counter = counter + 1: null

2018-12-12 16:13:18 - [TEST_STEP][PASSED] - Statement - PreSaveFile = new java.io.File(((pathPrefix + java.lang.Integer.toString(counter)) + .png)): null

2018-12-12 16:13:18 - [TEST_STEP][PASSED] - Statement - counter = counter + 1: null

2018-12-12 16:13:18 - [TEST_STEP][PASSED] - Statement - PreSaveFile = new java.io.File(((pathPrefix + java.lang.Integer.toString(counter)) + .png)): null

2018-12-12 16:13:18 - [TEST_STEP][PASSED] - Statement - counter = counter + 1: null

2018-12-12 16:13:18 - [TEST_STEP][PASSED] - Statement - PreSaveFile = new java.io.File(((pathPrefix + java.lang.Integer.toString(counter)) + .png)): null

2018-12-12 16:13:18 - [TEST_STEP][PASSED] - Statement - counter = counter + 1: null

2018-12-12 16:13:18 - [TEST_STEP][PASSED] - Statement - PreSaveFile = new java.io.File(((pathPrefix + java.lang.Integer.toString(counter)) + .png)): null

2018-12-12 16:13:18 - [TEST_STEP][PASSED] - Statement - counter = counter + 1: null

2018-12-12 16:13:18 - [TEST_STEP][PASSED] - Statement - PreSaveFile = new java.io.File(((pathPrefix + java.lang.Integer.toString(counter)) + .png)): null

2018-12-12 16:13:18 - [TEST_STEP][PASSED] - Statement - counter = counter + 1: null

2018-12-12 16:13:18 - [TEST_STEP][PASSED] - Statement - PreSaveFile = new java.io.File(((pathPrefix + java.lang.Integer.toString(counter)) + .png)): null

2018-12-12 16:13:18 - [TEST_STEP][PASSED] - Statement - counter = counter + 1: null

2018-12-12 16:13:18 - [TEST_STEP][PASSED] - Statement - PreSaveFile = new java.io.File(((pathPrefix + java.lang.Integer.toString(counter)) + .png)): null

2018-12-12 16:13:18 - [TEST_STEP][PASSED] - Statement - counter = counter + 1: null

2018-12-12 16:13:18 - [TEST_STEP][PASSED] - Statement - PreSaveFile = new java.io.File(((pathPrefix + java.lang.Integer.toString(counter)) + .png)): null

2018-12-12 16:13:18 - [TEST_STEP][PASSED] - Statement - counter = counter + 1: null

2018-12-12 16:13:18 - [TEST_STEP][PASSED] - Statement - PreSaveFile = new java.io.File(((pathPrefix + java.lang.Integer.toString(counter)) + .png)): null

2018-12-12 16:13:18 - [TEST_STEP][PASSED] - Statement - counter = counter + 1: null

2018-12-12 16:13:18 - [TEST_STEP][PASSED] - Statement - PreSaveFile = new java.io.File(((pathPrefix + java.lang.Integer.toString(counter)) + .png)): null

2018-12-12 16:13:18 - [TEST_STEP][PASSED] - Statement - counter = counter + 1: null

2018-12-12 16:13:18 - [TEST_STEP][PASSED] - Statement - PreSaveFile = new java.io.File(((pathPrefix + java.lang.Integer.toString(counter)) + .png)): null

2018-12-12 16:13:18 - [TEST_STEP][PASSED] - Statement - counter = counter + 1: null

2018-12-12 16:13:18 - [TEST_STEP][PASSED] - Statement - PreSaveFile = new java.io.File(((pathPrefix + java.lang.Integer.toString(counter)) + .png)): null

2018-12-12 16:13:18 - [TEST_STEP][PASSED] - Statement - counter = counter + 1: null

2018-12-12 16:13:18 - [TEST_STEP][PASSED] - Statement - PreSaveFile = new java.io.File(((pathPrefix + java.lang.Integer.toString(counter)) + .png)): null

2018-12-12 16:13:18 - [TEST_STEP][PASSED] - Statement - counter = counter + 1: null

2018-12-12 16:13:18 - [TEST_STEP][PASSED] - Statement - PreSaveFile = new java.io.File(((pathPrefix + java.lang.Integer.toString(counter)) + .png)): null

2018-12-12 16:13:18 - [TEST_STEP][PASSED] - Statement - finalPath = pathPrefix + java.lang.Integer.toString(counter) + ".png": null

2018-12-12 16:13:18 - [TEST_STEP][PASSED] - Statement - SaveFile = new java.io.File(finalPath): null

2018-12-12 16:13:18 - [TEST_STEP][PASSED] - Statement - Try: null

2018-12-12 16:13:18 - [TEST_STEP][PASSED] - Statement - org.apache.commons.io.FileUtils.copyFile(scrFile, SaveFile): null

2018-12-12 16:13:18 - [TEST_STEP][PASSED] - Statement - out.println("file kept"): null

2018-12-12 16:13:18 - [TEST_STEP][PASSED] - delay: Delayed 10 second(s)

2018-12-12 16:13:28 - [MESSAGE][PASSED] - Delayed 10 second(s)

2018-12-12 16:13:28 - [MESSAGE][PASSED] - Call Test Case 'Test Cases/Final Aug 2018 - PKS Automation/Registration Module/New Registration/Submit and Screenshot/Submit Registration and Screenshot' successfully]]></system-out>
         <system-err><![CDATA[]]></system-err>
      </testcase>
      <testcase name="Test Cases/Final Aug 2018 - PKS Automation/Registration Module/Critical Path/New Registration/Partnership - Registered with SSM" classname="Test Cases/Final Aug 2018 - PKS Automation/Registration Module/Critical Path/New Registration/Partnership - Registered with SSM" status="PASSED">
         <system-out><![CDATA[2018-12-12 16:13:28 - [TEST_CASE][PASSED] - Test Cases/Final Aug 2018 - PKS Automation/Registration Module/Critical Path/New Registration/Partnership - Registered with SSM: Test Cases/Final Aug 2018 - PKS Automation/Registration Module/Critical Path/New Registration/Partnership - Registered with SSM

2018-12-12 16:13:28 - [TEST_STEP][PASSED] - callTestCase: Call Test Case 'Test Cases/Final Aug 2018 - PKS Automation/Registration Module/New Registration/Form 1/Form 1 - Partnership - Registered with SSM' successfully

2018-12-12 16:13:28 - [TEST_CASE][PASSED] - Test Cases/Final Aug 2018 - PKS Automation/Registration Module/New Registration/Form 1/Form 1 - Partnership - Registered with SSM: Test Cases/Final Aug 2018 - PKS Automation/Registration Module/New Registration/Form 1/Form 1 - Partnership - Registered with SSM

2018-12-12 16:13:29 - [TEST_STEP][PASSED] - openBrowser: Browser is opened with url: ''

2018-12-12 16:13:29 - [MESSAGE][WARNING] - A browser is already opened. Closing browser and opening a new one

2018-12-12 16:13:32 - [MESSAGE][PASSED] - Browser is opened with url: ''

2018-12-12 16:13:32 - [TEST_STEP][PASSED] - navigateToUrl: Navigate to 'https://assist2-uat.perkeso.gov.my/login' successfully

2018-12-12 16:13:34 - [MESSAGE][PASSED] - Navigate to 'https://assist2-uat.perkeso.gov.my/login' successfully

2018-12-12 16:13:34 - [TEST_STEP][PASSED] - setText: Text 'johorotc1@gmail.com' is set on object 'Object Repository/Final Object Repo/Login Page/Internal User/Email Address'

2018-12-12 16:13:34 - [MESSAGE][PASSED] - Text 'johorotc1@gmail.com' is set on object 'Object Repository/Final Object Repo/Login Page/Internal User/Email Address'

2018-12-12 16:13:34 - [TEST_STEP][PASSED] - click: Object: 'Object Repository/Final Object Repo/Login Page/Internal User/Next Button' is clicked on

2018-12-12 16:13:35 - [MESSAGE][PASSED] - Object: 'Object Repository/Final Object Repo/Login Page/Internal User/Next Button' is clicked on

2018-12-12 16:13:35 - [TEST_STEP][PASSED] - delay: Delayed 1 second(s)

2018-12-12 16:13:36 - [MESSAGE][PASSED] - Delayed 1 second(s)

2018-12-12 16:13:36 - [TEST_STEP][PASSED] - setEncryptedText: Text ****** has been set on object 'Object Repository/Final Object Repo/Login Page/Internal User/Password'

2018-12-12 16:13:36 - [MESSAGE][PASSED] - Text ****** has been set on object 'Object Repository/Final Object Repo/Login Page/Internal User/Password'

2018-12-12 16:13:36 - [TEST_STEP][PASSED] - click: Object: 'Object Repository/Final Object Repo/Login Page/Internal User/Login Button' is clicked on

2018-12-12 16:13:37 - [MESSAGE][PASSED] - Object: 'Object Repository/Final Object Repo/Login Page/Internal User/Login Button' is clicked on

2018-12-12 16:13:37 - [TEST_STEP][PASSED] - delay: Delayed 1 second(s)

2018-12-12 16:13:38 - [MESSAGE][PASSED] - Delayed 1 second(s)

2018-12-12 16:13:38 - [TEST_STEP][PASSED] - Statement - Try: Delayed 2 second(s)

2018-12-12 16:13:38 - [TEST_STEP][PASSED] - Statement - Checker = false: null

2018-12-12 16:13:38 - [TEST_STEP][PASSED] - Statement - Checker = com.kms.katalon.core.webui.keyword.WebUiBuiltInKeywords.verifyElementHasAttribute(com.kms.katalon.core.testobject.ObjectRepository.findTestObject(Final Object Repo/Landing Page/BM Detecting), "href", 20, OPTIONAL): Object 'Object Repository/Final Object Repo/Landing Page/BM Detecting' has attribute 'href'

2018-12-12 16:13:42 - [MESSAGE][PASSED] - Object 'Object Repository/Final Object Repo/Landing Page/BM Detecting' has attribute 'href'

2018-12-12 16:13:42 - [TEST_STEP][PASSED] - Statement - out.println(Checker): null

2018-12-12 16:13:42 - [TEST_STEP][PASSED] - Statement - If (Checker == false): null

2018-12-12 16:13:42 - [TEST_STEP][PASSED] - Statement - Else: null

2018-12-12 16:13:42 - [TEST_STEP][PASSED] - delay: Delayed 2 second(s)

2018-12-12 16:13:44 - [MESSAGE][PASSED] - Delayed 2 second(s)

2018-12-12 16:13:44 - [TEST_STEP][PASSED] - navigateToUrl: Navigate to 'https://assist2-uat.perkeso.gov.my/web/registration/registration' successfully

2018-12-12 16:13:46 - [MESSAGE][PASSED] - Navigate to 'https://assist2-uat.perkeso.gov.my/web/registration/registration' successfully

2018-12-12 16:13:46 - [TEST_STEP][PASSED] - click: Object: 'Object Repository/Final Object Repo/New Registration - Registration Module Pages/Form 1/AEC - No' is clicked on

2018-12-12 16:13:46 - [MESSAGE][PASSED] - Object: 'Object Repository/Final Object Repo/New Registration - Registration Module Pages/Form 1/AEC - No' is clicked on

2018-12-12 16:13:46 - [TEST_STEP][PASSED] - click: Object: 'Object Repository/Final Object Repo/New Registration - Registration Module Pages/Form 1/Business Entity' is clicked on

2018-12-12 16:13:46 - [MESSAGE][PASSED] - Object: 'Object Repository/Final Object Repo/New Registration - Registration Module Pages/Form 1/Business Entity' is clicked on

2018-12-12 16:13:46 - [TEST_STEP][PASSED] - click: Object: 'Object Repository/Final Object Repo/New Registration - Registration Module Pages/Form 1/Business Entity - Partnership' is clicked on

2018-12-12 16:13:47 - [MESSAGE][PASSED] - Object: 'Object Repository/Final Object Repo/New Registration - Registration Module Pages/Form 1/Business Entity - Partnership' is clicked on

2018-12-12 16:13:47 - [TEST_STEP][PASSED] - delay: Delayed 1 second(s)

2018-12-12 16:13:48 - [MESSAGE][PASSED] - Delayed 1 second(s)

2018-12-12 16:13:48 - [TEST_STEP][PASSED] - click: Object: 'Object Repository/Final Object Repo/New Registration - Registration Module Pages/Form 1/Sub Business Entity' is clicked on

2018-12-12 16:13:48 - [MESSAGE][PASSED] - Object: 'Object Repository/Final Object Repo/New Registration - Registration Module Pages/Form 1/Sub Business Entity' is clicked on

2018-12-12 16:13:48 - [TEST_STEP][PASSED] - click: Object: 'Object Repository/Final Object Repo/New Registration - Registration Module Pages/Form 1/Sub Business Entity - Registered with SSM' is clicked on

2018-12-12 16:13:48 - [MESSAGE][PASSED] - Object: 'Object Repository/Final Object Repo/New Registration - Registration Module Pages/Form 1/Sub Business Entity - Registered with SSM' is clicked on

2018-12-12 16:13:48 - [TEST_STEP][PASSED] - delay: Delayed 1 second(s)

2018-12-12 16:13:49 - [MESSAGE][PASSED] - Delayed 1 second(s)

2018-12-12 16:13:49 - [TEST_STEP][PASSED] - setText: Text '123' is set on object 'Object Repository/Final Object Repo/New Registration - Registration Module Pages/Form 1/Registration Number'

2018-12-12 16:13:49 - [MESSAGE][PASSED] - Text '123' is set on object 'Object Repository/Final Object Repo/New Registration - Registration Module Pages/Form 1/Registration Number'

2018-12-12 16:13:49 - [TEST_STEP][NOT_RUN] - click: NOT_RUN: click

2018-12-12 16:13:49 - [MESSAGE][NOT_RUN] - NOT_RUN: click

2018-12-12 16:13:49 - [TEST_STEP][PASSED] - click: Object: 'Object Repository/Final Object Repo/New Registration - Registration Module Pages/Form 1/Registered As a Branch - Yes' is clicked on

2018-12-12 16:13:49 - [MESSAGE][PASSED] - Object: 'Object Repository/Final Object Repo/New Registration - Registration Module Pages/Form 1/Registered As a Branch - Yes' is clicked on

2018-12-12 16:13:49 - [TEST_STEP][PASSED] - click: Object: 'Object Repository/Final Object Repo/New Registration - Registration Module Pages/Form 1/Acknowledgement' is clicked on

2018-12-12 16:13:50 - [MESSAGE][PASSED] - Object: 'Object Repository/Final Object Repo/New Registration - Registration Module Pages/Form 1/Acknowledgement' is clicked on

2018-12-12 16:13:50 - [TEST_STEP][PASSED] - setText: Text 'perkeso' is set on object 'Object Repository/Final Object Repo/New Registration - Registration Module Pages/Form 1/Industry name'

2018-12-12 16:13:50 - [MESSAGE][PASSED] - Text 'perkeso' is set on object 'Object Repository/Final Object Repo/New Registration - Registration Module Pages/Form 1/Industry name'

2018-12-12 16:13:50 - [TEST_STEP][PASSED] - setText: Text 'perkeso1' is set on object 'Object Repository/Final Object Repo/New Registration - Registration Module Pages/Form 1/Postal Address1'

2018-12-12 16:13:50 - [MESSAGE][PASSED] - Text 'perkeso1' is set on object 'Object Repository/Final Object Repo/New Registration - Registration Module Pages/Form 1/Postal Address1'

2018-12-12 16:13:50 - [TEST_STEP][PASSED] - setText: Text 'perkeso2' is set on object 'Object Repository/Final Object Repo/New Registration - Registration Module Pages/Form 1/Postal Address2'

2018-12-12 16:13:52 - [MESSAGE][PASSED] - Text 'perkeso2' is set on object 'Object Repository/Final Object Repo/New Registration - Registration Module Pages/Form 1/Postal Address2'

2018-12-12 16:13:52 - [TEST_STEP][PASSED] - setText: Text 'perkeso3' is set on object 'Object Repository/Final Object Repo/New Registration - Registration Module Pages/Form 1/Postal Address3'

2018-12-12 16:13:52 - [MESSAGE][PASSED] - Text 'perkeso3' is set on object 'Object Repository/Final Object Repo/New Registration - Registration Module Pages/Form 1/Postal Address3'

2018-12-12 16:13:52 - [TEST_STEP][PASSED] - click: Object: 'Object Repository/Final Object Repo/New Registration - Registration Module Pages/Form 1/State' is clicked on

2018-12-12 16:13:52 - [MESSAGE][PASSED] - Object: 'Object Repository/Final Object Repo/New Registration - Registration Module Pages/Form 1/State' is clicked on

2018-12-12 16:13:52 - [TEST_STEP][PASSED] - click: Object: 'Object Repository/Final Object Repo/New Registration - Registration Module Pages/Form 1/State - Johor' is clicked on

2018-12-12 16:13:53 - [MESSAGE][PASSED] - Object: 'Object Repository/Final Object Repo/New Registration - Registration Module Pages/Form 1/State - Johor' is clicked on

2018-12-12 16:13:53 - [TEST_STEP][PASSED] - delay: Delayed 1 second(s)

2018-12-12 16:13:54 - [MESSAGE][PASSED] - Delayed 1 second(s)

2018-12-12 16:13:54 - [TEST_STEP][PASSED] - click: Object: 'Object Repository/Final Object Repo/New Registration - Registration Module Pages/Form 1/City' is clicked on

2018-12-12 16:13:54 - [MESSAGE][PASSED] - Object: 'Object Repository/Final Object Repo/New Registration - Registration Module Pages/Form 1/City' is clicked on

2018-12-12 16:13:54 - [TEST_STEP][PASSED] - setText: Text 'joh' is set on object 'Object Repository/Final Object Repo/New Registration - Registration Module Pages/Form 1/Postcode - 810'

2018-12-12 16:13:56 - [MESSAGE][PASSED] - Text 'joh' is set on object 'Object Repository/Final Object Repo/New Registration - Registration Module Pages/Form 1/Postcode - 810'

2018-12-12 16:13:56 - [TEST_STEP][PASSED] - delay: Delayed 1 second(s)

2018-12-12 16:13:57 - [MESSAGE][PASSED] - Delayed 1 second(s)

2018-12-12 16:13:57 - [TEST_STEP][PASSED] - click: Object: 'Object Repository/Final Object Repo/New Registration - Registration Module Pages/Form 1/City - Johor Bharu' is clicked on

2018-12-12 16:13:57 - [MESSAGE][PASSED] - Object: 'Object Repository/Final Object Repo/New Registration - Registration Module Pages/Form 1/City - Johor Bharu' is clicked on

2018-12-12 16:13:57 - [TEST_STEP][PASSED] - delay: Delayed 1 second(s)

2018-12-12 16:13:58 - [MESSAGE][PASSED] - Delayed 1 second(s)

2018-12-12 16:13:58 - [TEST_STEP][PASSED] - click: Object: 'Object Repository/Final Object Repo/New Registration - Registration Module Pages/Form 1/Postcode' is clicked on

2018-12-12 16:13:58 - [MESSAGE][PASSED] - Object: 'Object Repository/Final Object Repo/New Registration - Registration Module Pages/Form 1/Postcode' is clicked on

2018-12-12 16:13:58 - [TEST_STEP][PASSED] - delay: Delayed 1 second(s)

2018-12-12 16:13:59 - [MESSAGE][PASSED] - Delayed 1 second(s)

2018-12-12 16:13:59 - [TEST_STEP][PASSED] - setText: Text '810' is set on object 'Object Repository/Final Object Repo/New Registration - Registration Module Pages/Form 1/Postcode - 810'

2018-12-12 16:14:00 - [MESSAGE][PASSED] - Text '810' is set on object 'Object Repository/Final Object Repo/New Registration - Registration Module Pages/Form 1/Postcode - 810'

2018-12-12 16:14:00 - [TEST_STEP][PASSED] - delay: Delayed 1 second(s)

2018-12-12 16:14:01 - [MESSAGE][PASSED] - Delayed 1 second(s)

2018-12-12 16:14:01 - [TEST_STEP][PASSED] - click: Object: 'Object Repository/Final Object Repo/New Registration - Registration Module Pages/Form 1/Postcode - 81000' is clicked on

2018-12-12 16:14:02 - [MESSAGE][PASSED] - Object: 'Object Repository/Final Object Repo/New Registration - Registration Module Pages/Form 1/Postcode - 81000' is clicked on

2018-12-12 16:14:02 - [TEST_STEP][PASSED] - delay: Delayed 1 second(s)

2018-12-12 16:14:03 - [MESSAGE][PASSED] - Delayed 1 second(s)

2018-12-12 16:14:03 - [TEST_STEP][PASSED] - setText: Text '100' is set on object 'Object Repository/Final Object Repo/New Registration - Registration Module Pages/Form 1/P.O.BOX'

2018-12-12 16:14:03 - [MESSAGE][PASSED] - Text '100' is set on object 'Object Repository/Final Object Repo/New Registration - Registration Module Pages/Form 1/P.O.BOX'

2018-12-12 16:14:03 - [TEST_STEP][PASSED] - setText: Text '100' is set on object 'Object Repository/Final Object Repo/New Registration - Registration Module Pages/Form 1/Locked Bag No'

2018-12-12 16:14:03 - [MESSAGE][PASSED] - Text '100' is set on object 'Object Repository/Final Object Repo/New Registration - Registration Module Pages/Form 1/Locked Bag No'

2018-12-12 16:14:03 - [TEST_STEP][PASSED] - click: Object: 'Object Repository/Final Object Repo/New Registration - Registration Module Pages/Form 1/SOCSO Office Location' is clicked on

2018-12-12 16:14:03 - [MESSAGE][PASSED] - Object: 'Object Repository/Final Object Repo/New Registration - Registration Module Pages/Form 1/SOCSO Office Location' is clicked on

2018-12-12 16:14:03 - [TEST_STEP][PASSED] - click: Object: 'Object Repository/Final Object Repo/New Registration - Registration Module Pages/Form 1/SOCSO Office Location - Pejabat PERKESO Negeri Johor' is clicked on

2018-12-12 16:14:04 - [MESSAGE][PASSED] - Object: 'Object Repository/Final Object Repo/New Registration - Registration Module Pages/Form 1/SOCSO Office Location - Pejabat PERKESO Negeri Johor' is clicked on

2018-12-12 16:14:04 - [TEST_STEP][PASSED] - delay: Delayed 1 second(s)

2018-12-12 16:14:05 - [MESSAGE][PASSED] - Delayed 1 second(s)

2018-12-12 16:14:05 - [TEST_STEP][PASSED] - check: Object 'Object Repository/Final Object Repo/New Registration - Registration Module Pages/Form 1/Indusrty Address Same As Postal Address' is checked

2018-12-12 16:14:05 - [MESSAGE][PASSED] - Object 'Object Repository/Final Object Repo/New Registration - Registration Module Pages/Form 1/Indusrty Address Same As Postal Address' is checked

2018-12-12 16:14:05 - [TEST_STEP][PASSED] - delay: Delayed 3 second(s)

2018-12-12 16:14:08 - [MESSAGE][PASSED] - Delayed 3 second(s)

2018-12-12 16:14:08 - [TEST_STEP][PASSED] - click: Object: 'Object Repository/Final Object Repo/New Registration - Registration Module Pages/Form 1/Indusry Address Same As Postal Address False' is clicked on

2018-12-12 16:14:08 - [MESSAGE][PASSED] - Object: 'Object Repository/Final Object Repo/New Registration - Registration Module Pages/Form 1/Indusry Address Same As Postal Address False' is clicked on

2018-12-12 16:14:08 - [TEST_STEP][PASSED] - delay: Delayed 1 second(s)

2018-12-12 16:14:09 - [MESSAGE][PASSED] - Delayed 1 second(s)

2018-12-12 16:14:09 - [TEST_STEP][PASSED] - setText: Text 'perkeso1' is set on object 'Object Repository/Final Object Repo/New Registration - Registration Module Pages/Form 1/Industry Address1'

2018-12-12 16:14:10 - [MESSAGE][PASSED] - Text 'perkeso1' is set on object 'Object Repository/Final Object Repo/New Registration - Registration Module Pages/Form 1/Industry Address1'

2018-12-12 16:14:10 - [TEST_STEP][PASSED] - setText: Text 'perkeso2' is set on object 'Object Repository/Final Object Repo/New Registration - Registration Module Pages/Form 1/Industry Address2'

2018-12-12 16:14:10 - [MESSAGE][PASSED] - Text 'perkeso2' is set on object 'Object Repository/Final Object Repo/New Registration - Registration Module Pages/Form 1/Industry Address2'

2018-12-12 16:14:10 - [TEST_STEP][PASSED] - setText: Text 'perkeso3' is set on object 'Object Repository/Final Object Repo/New Registration - Registration Module Pages/Form 1/Industry Address3'

2018-12-12 16:14:10 - [MESSAGE][PASSED] - Text 'perkeso3' is set on object 'Object Repository/Final Object Repo/New Registration - Registration Module Pages/Form 1/Industry Address3'

2018-12-12 16:14:10 - [TEST_STEP][PASSED] - click: Object: 'Object Repository/Final Object Repo/New Registration - Registration Module Pages/Form 1/Industry State' is clicked on

2018-12-12 16:14:10 - [MESSAGE][PASSED] - Object: 'Object Repository/Final Object Repo/New Registration - Registration Module Pages/Form 1/Industry State' is clicked on

2018-12-12 16:14:10 - [TEST_STEP][PASSED] - delay: Delayed 2 second(s)

2018-12-12 16:14:12 - [MESSAGE][PASSED] - Delayed 2 second(s)

2018-12-12 16:14:12 - [TEST_STEP][PASSED] - click: Object: 'Object Repository/Final Object Repo/New Registration - Registration Module Pages/Form 1/Industry State - Johor' is clicked on

2018-12-12 16:14:13 - [MESSAGE][PASSED] - Object: 'Object Repository/Final Object Repo/New Registration - Registration Module Pages/Form 1/Industry State - Johor' is clicked on

2018-12-12 16:14:13 - [TEST_STEP][PASSED] - delay: Delayed 2 second(s)

2018-12-12 16:14:15 - [MESSAGE][PASSED] - Delayed 2 second(s)

2018-12-12 16:14:15 - [TEST_STEP][PASSED] - click: Object: 'Object Repository/Final Object Repo/New Registration - Registration Module Pages/Form 1/Industry Ciry' is clicked on

2018-12-12 16:14:15 - [MESSAGE][PASSED] - Object: 'Object Repository/Final Object Repo/New Registration - Registration Module Pages/Form 1/Industry Ciry' is clicked on

2018-12-12 16:14:15 - [TEST_STEP][PASSED] - setText: Text 'joh' is set on object 'Object Repository/Final Object Repo/New Registration - Registration Module Pages/Form 1/Industry Ciry - joh'

2018-12-12 16:14:15 - [MESSAGE][PASSED] - Text 'joh' is set on object 'Object Repository/Final Object Repo/New Registration - Registration Module Pages/Form 1/Industry Ciry - joh'

2018-12-12 16:14:15 - [TEST_STEP][PASSED] - delay: Delayed 2 second(s)

2018-12-12 16:14:17 - [MESSAGE][PASSED] - Delayed 2 second(s)

2018-12-12 16:14:17 - [TEST_STEP][PASSED] - click: Object: 'Object Repository/Final Object Repo/New Registration - Registration Module Pages/Form 1/Industy State - Johor Bharu' is clicked on

2018-12-12 16:14:17 - [MESSAGE][PASSED] - Object: 'Object Repository/Final Object Repo/New Registration - Registration Module Pages/Form 1/Industy State - Johor Bharu' is clicked on

2018-12-12 16:14:17 - [TEST_STEP][PASSED] - delay: Delayed 1 second(s)

2018-12-12 16:14:18 - [MESSAGE][PASSED] - Delayed 1 second(s)

2018-12-12 16:14:18 - [TEST_STEP][PASSED] - click: Object: 'Object Repository/Final Object Repo/New Registration - Registration Module Pages/Form 1/Indusry PostCode' is clicked on

2018-12-12 16:14:18 - [MESSAGE][PASSED] - Object: 'Object Repository/Final Object Repo/New Registration - Registration Module Pages/Form 1/Indusry PostCode' is clicked on

2018-12-12 16:14:18 - [TEST_STEP][PASSED] - delay: Delayed 1 second(s)

2018-12-12 16:14:19 - [MESSAGE][PASSED] - Delayed 1 second(s)

2018-12-12 16:14:19 - [TEST_STEP][PASSED] - setText: Text '810' is set on object 'Object Repository/Final Object Repo/New Registration - Registration Module Pages/Form 1/Insutry Post Code - 810'

2018-12-12 16:14:20 - [MESSAGE][PASSED] - Text '810' is set on object 'Object Repository/Final Object Repo/New Registration - Registration Module Pages/Form 1/Insutry Post Code - 810'

2018-12-12 16:14:20 - [TEST_STEP][PASSED] - delay: Delayed 1 second(s)

2018-12-12 16:14:21 - [MESSAGE][PASSED] - Delayed 1 second(s)

2018-12-12 16:14:21 - [TEST_STEP][PASSED] - click: Object: 'Object Repository/Final Object Repo/New Registration - Registration Module Pages/Form 1/Insutry Post Code - 81000' is clicked on

2018-12-12 16:14:23 - [MESSAGE][PASSED] - Object: 'Object Repository/Final Object Repo/New Registration - Registration Module Pages/Form 1/Insutry Post Code - 81000' is clicked on

2018-12-12 16:14:23 - [TEST_STEP][PASSED] - delay: Delayed 1 second(s)

2018-12-12 16:14:24 - [MESSAGE][PASSED] - Delayed 1 second(s)

2018-12-12 16:14:24 - [TEST_STEP][PASSED] - setText: Text '100' is set on object 'Object Repository/Final Object Repo/New Registration - Registration Module Pages/Form 1/Industry P.O.BOX'

2018-12-12 16:14:25 - [MESSAGE][PASSED] - Text '100' is set on object 'Object Repository/Final Object Repo/New Registration - Registration Module Pages/Form 1/Industry P.O.BOX'

2018-12-12 16:14:25 - [TEST_STEP][PASSED] - setText: Text '100' is set on object 'Object Repository/Final Object Repo/New Registration - Registration Module Pages/Form 1/Industry Locked Bag No'

2018-12-12 16:14:25 - [MESSAGE][PASSED] - Text '100' is set on object 'Object Repository/Final Object Repo/New Registration - Registration Module Pages/Form 1/Industry Locked Bag No'

2018-12-12 16:14:25 - [TEST_STEP][PASSED] - setText: Text '123456789' is set on object 'Object Repository/Final Object Repo/New Registration - Registration Module Pages/Form 1/Telephone No'

2018-12-12 16:14:25 - [MESSAGE][PASSED] - Text '123456789' is set on object 'Object Repository/Final Object Repo/New Registration - Registration Module Pages/Form 1/Telephone No'

2018-12-12 16:14:25 - [TEST_STEP][PASSED] - setText: Text '123456789' is set on object 'Object Repository/Final Object Repo/New Registration - Registration Module Pages/Form 1/Mobile No'

2018-12-12 16:14:26 - [MESSAGE][PASSED] - Text '123456789' is set on object 'Object Repository/Final Object Repo/New Registration - Registration Module Pages/Form 1/Mobile No'

2018-12-12 16:14:26 - [TEST_STEP][PASSED] - setText: Text '123456789' is set on object 'Object Repository/Final Object Repo/New Registration - Registration Module Pages/Form 1/Fax No'

2018-12-12 16:14:26 - [MESSAGE][PASSED] - Text '123456789' is set on object 'Object Repository/Final Object Repo/New Registration - Registration Module Pages/Form 1/Fax No'

2018-12-12 16:14:26 - [TEST_STEP][PASSED] - click: Object: 'Object Repository/Final Object Repo/New Registration - Registration Module Pages/Form 1/Industry Code' is clicked on

2018-12-12 16:14:26 - [MESSAGE][PASSED] - Object: 'Object Repository/Final Object Repo/New Registration - Registration Module Pages/Form 1/Industry Code' is clicked on

2018-12-12 16:14:26 - [TEST_STEP][PASSED] - click: Object: 'Object Repository/Final Object Repo/New Registration - Registration Module Pages/Form 1/Indudustry Code - Crops and Animal' is clicked on

2018-12-12 16:14:27 - [MESSAGE][PASSED] - Object: 'Object Repository/Final Object Repo/New Registration - Registration Module Pages/Form 1/Indudustry Code - Crops and Animal' is clicked on

2018-12-12 16:14:27 - [TEST_STEP][PASSED] - delay: Delayed 1 second(s)

2018-12-12 16:14:28 - [MESSAGE][PASSED] - Delayed 1 second(s)

2018-12-12 16:14:28 - [TEST_STEP][PASSED] - click: Object: 'Object Repository/Final Object Repo/New Registration - Registration Module Pages/Form 1/Sub Industry Code List' is clicked on

2018-12-12 16:14:28 - [MESSAGE][PASSED] - Object: 'Object Repository/Final Object Repo/New Registration - Registration Module Pages/Form 1/Sub Industry Code List' is clicked on

2018-12-12 16:14:28 - [TEST_STEP][PASSED] - click: Object: 'Object Repository/Final Object Repo/New Registration - Registration Module Pages/Form 1/Sub Industry Code List - Growing of Maize' is clicked on

2018-12-12 16:14:28 - [MESSAGE][PASSED] - Object: 'Object Repository/Final Object Repo/New Registration - Registration Module Pages/Form 1/Sub Industry Code List - Growing of Maize' is clicked on

2018-12-12 16:14:28 - [TEST_STEP][PASSED] - setText: Text 'perkeso123@gmail.com' is set on object 'Object Repository/Final Object Repo/New Registration - Registration Module Pages/Form 1/Email'

2018-12-12 16:14:29 - [MESSAGE][PASSED] - Text 'perkeso123@gmail.com' is set on object 'Object Repository/Final Object Repo/New Registration - Registration Module Pages/Form 1/Email'

2018-12-12 16:14:29 - [TEST_STEP][PASSED] - click: Object: 'Object Repository/Final Object Repo/New Registration - Registration Module Pages/Form 1/Method of Contribution Payment' is clicked on

2018-12-12 16:14:29 - [MESSAGE][PASSED] - Object: 'Object Repository/Final Object Repo/New Registration - Registration Module Pages/Form 1/Method of Contribution Payment' is clicked on

2018-12-12 16:14:29 - [TEST_STEP][PASSED] - click: Object: 'Object Repository/Final Object Repo/New Registration - Registration Module Pages/Form 1/Method of Contribution Payment - Portal' is clicked on

2018-12-12 16:14:29 - [MESSAGE][PASSED] - Object: 'Object Repository/Final Object Repo/New Registration - Registration Module Pages/Form 1/Method of Contribution Payment - Portal' is clicked on

2018-12-12 16:14:29 - [TEST_STEP][PASSED] - click: Object: 'Object Repository/Final Object Repo/New Registration - Registration Module Pages/Form 1/Servide Type' is clicked on

2018-12-12 16:14:29 - [MESSAGE][PASSED] - Object: 'Object Repository/Final Object Repo/New Registration - Registration Module Pages/Form 1/Servide Type' is clicked on

2018-12-12 16:14:29 - [TEST_STEP][PASSED] - click: Object: 'Object Repository/Final Object Repo/New Registration - Registration Module Pages/Form 1/Servide Type - Professional Bodies' is clicked on

2018-12-12 16:14:30 - [MESSAGE][PASSED] - Object: 'Object Repository/Final Object Repo/New Registration - Registration Module Pages/Form 1/Servide Type - Professional Bodies' is clicked on

2018-12-12 16:14:30 - [TEST_STEP][PASSED] - click: Object: 'Object Repository/Final Object Repo/New Registration - Registration Module Pages/Form 1/Industry Venue' is clicked on

2018-12-12 16:14:30 - [MESSAGE][PASSED] - Object: 'Object Repository/Final Object Repo/New Registration - Registration Module Pages/Form 1/Industry Venue' is clicked on

2018-12-12 16:14:30 - [TEST_STEP][PASSED] - click: Object: 'Object Repository/Final Object Repo/New Registration - Registration Module Pages/Form 1/Industry Venue -  PPN JOHOR' is clicked on

2018-12-12 16:14:30 - [MESSAGE][PASSED] - Object: 'Object Repository/Final Object Repo/New Registration - Registration Module Pages/Form 1/Industry Venue -  PPN JOHOR' is clicked on

2018-12-12 16:14:30 - [TEST_STEP][PASSED] - click: Object: 'Object Repository/Final Object Repo/New Registration - Registration Module Pages/Form 1/Save  Continue' is clicked on

2018-12-12 16:14:30 - [MESSAGE][PASSED] - Object: 'Object Repository/Final Object Repo/New Registration - Registration Module Pages/Form 1/Save  Continue' is clicked on

2018-12-12 16:14:30 - [MESSAGE][PASSED] - Call Test Case 'Test Cases/Final Aug 2018 - PKS Automation/Registration Module/New Registration/Form 1/Form 1 - Partnership - Registered with SSM' successfully

2018-12-12 16:14:30 - [TEST_STEP][PASSED] - callTestCase: Call Test Case 'Test Cases/Final Aug 2018 - PKS Automation/Registration Module/New Registration/Form 2/Add 2 Eligible 2 Not Eligible' successfully

2018-12-12 16:14:30 - [TEST_CASE][PASSED] - Test Cases/Final Aug 2018 - PKS Automation/Registration Module/New Registration/Form 2/Add 2 Eligible 2 Not Eligible: Test Cases/Final Aug 2018 - PKS Automation/Registration Module/New Registration/Form 2/Add 2 Eligible 2 Not Eligible

2018-12-12 16:14:30 - [TEST_STEP][PASSED] - delay: Delayed 2 second(s)

2018-12-12 16:14:32 - [MESSAGE][PASSED] - Delayed 2 second(s)

2018-12-12 16:14:32 - [TEST_STEP][PASSED] - callTestCase: Call Test Case 'Test Cases/Final Aug 2018 - PKS Automation/Registration Module/New Registration/Form 2/Date Updater' successfully

2018-12-12 16:14:32 - [TEST_CASE][PASSED] - Test Cases/Final Aug 2018 - PKS Automation/Registration Module/New Registration/Form 2/Date Updater: Test Cases/Final Aug 2018 - PKS Automation/Registration Module/New Registration/Form 2/Date Updater

2018-12-12 16:14:32 - [TEST_STEP][PASSED] - Statement - TodayDate = new java.util.Date(): null

2018-12-12 16:14:32 - [TEST_STEP][PASSED] - Statement - CurrentDateNoFilter = new java.text.SimpleDateFormat(): null

2018-12-12 16:14:32 - [TEST_STEP][PASSED] - Statement - CurrentDateNoFilter.applyPattern("MM"): null

2018-12-12 16:14:32 - [TEST_STEP][PASSED] - Statement - monthContainerMatcher = java.lang.Integer.parseInt(CurrentDateNoFilter.format(TodayDate)): null

2018-12-12 16:14:32 - [TEST_STEP][PASSED] - Statement - monthContainerMatcher = monthContainerMatcher - 1: null

2018-12-12 16:14:32 - [TEST_STEP][PASSED] - Statement - CurrentMonth = monthContainerMatcher.toString(): null

2018-12-12 16:14:32 - [TEST_STEP][PASSED] - Statement - CurrentMonth = CurrentMonth: null

2018-12-12 16:14:32 - [TEST_STEP][PASSED] - Statement - CurrentDateNoFilter.applyPattern("yyyy"): null

2018-12-12 16:14:32 - [TEST_STEP][PASSED] - Statement - CurrentYear = CurrentDateNoFilter.format(TodayDate): null

2018-12-12 16:14:32 - [TEST_STEP][PASSED] - Statement - CurrentYear = CurrentYear: null

2018-12-12 16:14:32 - [TEST_STEP][PASSED] - Statement - intCurrentYear = java.lang.Integer.parseInt(CurrentDateNoFilter.format(TodayDate)): null

2018-12-12 16:14:32 - [TEST_STEP][PASSED] - Statement - eighteenYrsAgo = intCurrentYear - 18: null

2018-12-12 16:14:32 - [TEST_STEP][PASSED] - Statement - eighteenYrsBeforeThisYr = eighteenYrsAgo.toString(): null

2018-12-12 16:14:32 - [TEST_STEP][PASSED] - Statement - EighteenYrsBefore = eighteenYrsBeforeThisYr: null

2018-12-12 16:14:32 - [TEST_STEP][PASSED] - Statement - fiftysevenYrsAgo = intCurrentYear - 57: null

2018-12-12 16:14:32 - [TEST_STEP][PASSED] - Statement - fiftysevenYrsBeforeThisYr = fiftysevenYrsAgo.toString(): null

2018-12-12 16:14:32 - [TEST_STEP][PASSED] - Statement - FiftysevenYrsBefore = fiftysevenYrsBeforeThisYr: null

2018-12-12 16:14:32 - [TEST_STEP][PASSED] - Statement - leapYear = false: null

2018-12-12 16:14:32 - [TEST_STEP][PASSED] - Statement - leapYear = intCurrentYear % 4 == 0: null

2018-12-12 16:14:32 - [TEST_STEP][PASSED] - Statement - CurrentDateNoFilter.applyPattern("dd"): null

2018-12-12 16:14:32 - [TEST_STEP][PASSED] - Statement - CurrentDate = CurrentDateNoFilter.format(TodayDate): null

2018-12-12 16:14:32 - [TEST_STEP][PASSED] - Statement - CurrentDate = java.lang.Integer.parseInt(CurrentDate): null

2018-12-12 16:14:32 - [TEST_STEP][PASSED] - Statement - CurrentDate = CurrentDate: null

2018-12-12 16:14:32 - [TEST_STEP][PASSED] - Statement - CurrentDay = java.lang.Integer.parseInt(CurrentDate): null

2018-12-12 16:14:32 - [TEST_STEP][PASSED] - Statement - ConfAdder = <not implemented yet for class: org.codehaus.groovy.ast.expr.EmptyExpression>: null

2018-12-12 16:14:32 - [TEST_STEP][PASSED] - Statement - out.println(CurrentMonth): null

2018-12-12 16:14:32 - [TEST_STEP][PASSED] - Statement - out.println(CurrentDate): null

2018-12-12 16:14:32 - [TEST_STEP][PASSED] - Statement - switch (CurrentDate): null

2018-12-12 16:14:32 - [TEST_STEP][PASSED] - Statement - Default: null

2018-12-12 16:14:32 - [TEST_STEP][PASSED] - Statement - ConfAdder = true: null

2018-12-12 16:14:32 - [TEST_STEP][PASSED] - Statement - Break: null

2018-12-12 16:14:32 - [TEST_STEP][PASSED] - Statement - aDayBefore = <not implemented yet for class: org.codehaus.groovy.ast.expr.EmptyExpression>: null

2018-12-12 16:14:32 - [TEST_STEP][PASSED] - Statement - out.println(ConfAdder): null

2018-12-12 16:14:32 - [TEST_STEP][PASSED] - Statement - If (ConfAdder == true): null

2018-12-12 16:14:32 - [TEST_STEP][PASSED] - Statement - aDayBefore = CurrentDay + 1: null

2018-12-12 16:14:32 - [TEST_STEP][PASSED] - Statement - out.println(aDayBefore): null

2018-12-12 16:14:32 - [TEST_STEP][PASSED] - Statement - If (aDayBefore == 1 && CurrentMonth == 11): null

2018-12-12 16:14:32 - [TEST_STEP][PASSED] - Statement - DayBefore = aDayBefore.toString(): null

2018-12-12 16:14:32 - [TEST_STEP][PASSED] - Statement - OneDayBefore = DayBefore: null

2018-12-12 16:14:32 - [MESSAGE][PASSED] - Call Test Case 'Test Cases/Final Aug 2018 - PKS Automation/Registration Module/New Registration/Form 2/Date Updater' successfully

2018-12-12 16:14:32 - [TEST_STEP][PASSED] - delay: Delayed 1 second(s)

2018-12-12 16:14:33 - [MESSAGE][PASSED] - Delayed 1 second(s)

2018-12-12 16:14:33 - [TEST_STEP][PASSED] - Statement - CaseReferenceNo = com.kms.katalon.core.webui.keyword.WebUiBuiltInKeywords.getText(com.kms.katalon.core.testobject.ObjectRepository.findTestObject(Final Object Repo/New Registration - Registration Module Pages/Form 2/RefNo Acquiring)): Text of object 'Object Repository/Final Object Repo/New Registration - Registration Module Pages/Form 2/RefNo Acquiring' is: 'CRN12201800123212'

2018-12-12 16:14:37 - [MESSAGE][PASSED] - Text of object 'Object Repository/Final Object Repo/New Registration - Registration Module Pages/Form 2/RefNo Acquiring' is: 'CRN12201800123212'

2018-12-12 16:14:37 - [TEST_STEP][PASSED] - delay: Delayed 1 second(s)

2018-12-12 16:14:38 - [MESSAGE][PASSED] - Delayed 1 second(s)

2018-12-12 16:14:38 - [TEST_STEP][PASSED] - click: Object: 'Object Repository/Final Object Repo/New Registration - Registration Module Pages/Form 2/Add Employee Button' is clicked on

2018-12-12 16:14:38 - [MESSAGE][PASSED] - Object: 'Object Repository/Final Object Repo/New Registration - Registration Module Pages/Form 2/Add Employee Button' is clicked on

2018-12-12 16:14:38 - [TEST_STEP][PASSED] - delay: Delayed 4 second(s)

2018-12-12 16:14:42 - [MESSAGE][PASSED] - Delayed 4 second(s)

2018-12-12 16:14:42 - [TEST_STEP][PASSED] - setText: Text '010903091927' is set on object 'Object Repository/Final Object Repo/New Registration - Registration Module Pages/Form 2/NRIC Input'

2018-12-12 16:14:42 - [MESSAGE][PASSED] - Text '010903091927' is set on object 'Object Repository/Final Object Repo/New Registration - Registration Module Pages/Form 2/NRIC Input'

2018-12-12 16:14:42 - [TEST_STEP][PASSED] - click: Object: 'Object Repository/Final Object Repo/New Registration - Registration Module Pages/Form 2/button for search for IC' is clicked on

2018-12-12 16:14:43 - [MESSAGE][PASSED] - Object: 'Object Repository/Final Object Repo/New Registration - Registration Module Pages/Form 2/button for search for IC' is clicked on

2018-12-12 16:14:43 - [TEST_STEP][PASSED] - delay: Delayed 2 second(s)

2018-12-12 16:14:45 - [MESSAGE][PASSED] - Delayed 2 second(s)

2018-12-12 16:14:45 - [TEST_STEP][PASSED] - setText: Text 'Automate001 eligible 1' is set on object 'Object Repository/Final Object Repo/New Registration - Registration Module Pages/Form 2/Employee Name Input'

2018-12-12 16:14:49 - [MESSAGE][PASSED] - Text 'Automate001 eligible 1' is set on object 'Object Repository/Final Object Repo/New Registration - Registration Module Pages/Form 2/Employee Name Input'

2018-12-12 16:14:49 - [TEST_STEP][PASSED] - delay: Delayed 2 second(s)

2018-12-12 16:14:51 - [MESSAGE][PASSED] - Delayed 2 second(s)

2018-12-12 16:14:51 - [TEST_STEP][PASSED] - click: Object: 'Object Repository/Final Object Repo/New Registration - Registration Module Pages/Form 2/DatePicker Pop Up' is clicked on

2018-12-12 16:14:51 - [MESSAGE][PASSED] - Object: 'Object Repository/Final Object Repo/New Registration - Registration Module Pages/Form 2/DatePicker Pop Up' is clicked on

2018-12-12 16:14:51 - [TEST_STEP][PASSED] - click: Object: 'Object Repository/Final Object Repo/New Registration - Registration Module Pages/Form 2/DOB Month' is clicked on

2018-12-12 16:14:52 - [MESSAGE][PASSED] - Object: 'Object Repository/Final Object Repo/New Registration - Registration Module Pages/Form 2/DOB Month' is clicked on

2018-12-12 16:14:52 - [TEST_STEP][PASSED] - Statement - CurrentMonth = CurrentMonth: null

2018-12-12 16:14:52 - [TEST_STEP][PASSED] - Statement - selectMonth = new com.kms.katalon.core.testobject.TestObject(): null

2018-12-12 16:14:52 - [TEST_STEP][PASSED] - Statement - selectMonth.addProperty("xpath", EQUALS, "//body/div/div/div/select/option[@value='" + CurrentMonth + "']", true): null

2018-12-12 16:14:52 - [TEST_STEP][PASSED] - click: Object: '' is clicked on

2018-12-12 16:14:53 - [MESSAGE][PASSED] - Object: '' is clicked on

2018-12-12 16:14:53 - [TEST_STEP][PASSED] - click: Object: 'Object Repository/Final Object Repo/New Registration - Registration Module Pages/Form 2/DOB Year' is clicked on

2018-12-12 16:14:54 - [MESSAGE][PASSED] - Object: 'Object Repository/Final Object Repo/New Registration - Registration Module Pages/Form 2/DOB Year' is clicked on

2018-12-12 16:14:54 - [TEST_STEP][PASSED] - Statement - Eyearsbf = EighteenYrsBefore: null

2018-12-12 16:14:54 - [TEST_STEP][PASSED] - Statement - selectYear = new com.kms.katalon.core.testobject.TestObject(): null

2018-12-12 16:14:54 - [TEST_STEP][PASSED] - Statement - selectYear.addProperty("xpath", EQUALS, "//div/div/div/select/option[@value='" + Eyearsbf + "']", true): null

2018-12-12 16:14:54 - [TEST_STEP][PASSED] - click: Object: '' is clicked on

2018-12-12 16:14:55 - [MESSAGE][PASSED] - Object: '' is clicked on

2018-12-12 16:14:55 - [TEST_STEP][PASSED] - Statement - UpdatedSelectDate = com.kms.katalon.core.webui.keyword.WebUiBuiltInKeywords.modifyObjectProperty(com.kms.katalon.core.testobject.ObjectRepository.findTestObject(Final Object Repo/New Registration - Registration Module Pages/Form 2/DOB Date), "xpath", "equals", "//body/div/table/tbody/tr/td/a[text()="" + CurrentDate + ""]", true): Modify property of object successfully

2018-12-12 16:14:55 - [MESSAGE][PASSED] - Modify property of object successfully

2018-12-12 16:14:55 - [TEST_STEP][PASSED] - delay: Delayed 3 second(s)

2018-12-12 16:14:58 - [MESSAGE][PASSED] - Delayed 3 second(s)

2018-12-12 16:14:58 - [TEST_STEP][PASSED] - click: Object: 'Object Repository/Final Object Repo/New Registration - Registration Module Pages/Form 2/DOB Date' is clicked on

2018-12-12 16:14:58 - [MESSAGE][PASSED] - Object: 'Object Repository/Final Object Repo/New Registration - Registration Module Pages/Form 2/DOB Date' is clicked on

2018-12-12 16:14:58 - [TEST_STEP][PASSED] - delay: Delayed 2 second(s)

2018-12-12 16:15:00 - [MESSAGE][PASSED] - Delayed 2 second(s)

2018-12-12 16:15:00 - [TEST_STEP][PASSED] - click: Object: 'Object Repository/Final Object Repo/New Registration - Registration Module Pages/Form 2/EmploymentStartDate Pop Up' is clicked on

2018-12-12 16:15:00 - [MESSAGE][PASSED] - Object: 'Object Repository/Final Object Repo/New Registration - Registration Module Pages/Form 2/EmploymentStartDate Pop Up' is clicked on

2018-12-12 16:15:00 - [TEST_STEP][PASSED] - delay: Delayed 2 second(s)

2018-12-12 16:15:02 - [MESSAGE][PASSED] - Delayed 2 second(s)

2018-12-12 16:15:02 - [TEST_STEP][PASSED] - click: Object: 'Object Repository/Final Object Repo/New Registration - Registration Module Pages/Form 2/Socso Employment StartDate Month' is clicked on

2018-12-12 16:15:02 - [MESSAGE][PASSED] - Object: 'Object Repository/Final Object Repo/New Registration - Registration Module Pages/Form 2/Socso Employment StartDate Month' is clicked on

2018-12-12 16:15:02 - [TEST_STEP][PASSED] - delay: Delayed 1 second(s)

2018-12-12 16:15:03 - [MESSAGE][PASSED] - Delayed 1 second(s)

2018-12-12 16:15:03 - [TEST_STEP][PASSED] - click: Object: 'Object Repository/Final Object Repo/New Registration - Registration Module Pages/Form 2/Select Socso Employement Startdate Month' is clicked on

2018-12-12 16:15:04 - [MESSAGE][PASSED] - Object: 'Object Repository/Final Object Repo/New Registration - Registration Module Pages/Form 2/Select Socso Employement Startdate Month' is clicked on

2018-12-12 16:15:04 - [TEST_STEP][PASSED] - delay: Delayed 2 second(s)

2018-12-12 16:15:06 - [MESSAGE][PASSED] - Delayed 2 second(s)

2018-12-12 16:15:06 - [TEST_STEP][PASSED] - click: Object: 'Object Repository/Final Object Repo/New Registration - Registration Module Pages/Form 2/Socso Employment StartDate Year' is clicked on

2018-12-12 16:15:06 - [MESSAGE][PASSED] - Object: 'Object Repository/Final Object Repo/New Registration - Registration Module Pages/Form 2/Socso Employment StartDate Year' is clicked on

2018-12-12 16:15:06 - [TEST_STEP][PASSED] - delay: Delayed 1 second(s)

2018-12-12 16:15:07 - [MESSAGE][PASSED] - Delayed 1 second(s)

2018-12-12 16:15:07 - [TEST_STEP][PASSED] - click: Object: 'Object Repository/Final Object Repo/New Registration - Registration Module Pages/Form 2/Select Socso Employment Startdate Year' is clicked on

2018-12-12 16:15:07 - [MESSAGE][PASSED] - Object: 'Object Repository/Final Object Repo/New Registration - Registration Module Pages/Form 2/Select Socso Employment Startdate Year' is clicked on

2018-12-12 16:15:07 - [TEST_STEP][PASSED] - delay: Delayed 2 second(s)

2018-12-12 16:15:09 - [MESSAGE][PASSED] - Delayed 2 second(s)

2018-12-12 16:15:09 - [TEST_STEP][PASSED] - click: Object: 'Object Repository/Final Object Repo/New Registration - Registration Module Pages/Form 2/Socso Employment Start Date Day' is clicked on

2018-12-12 16:15:09 - [MESSAGE][PASSED] - Object: 'Object Repository/Final Object Repo/New Registration - Registration Module Pages/Form 2/Socso Employment Start Date Day' is clicked on

2018-12-12 16:15:09 - [TEST_STEP][PASSED] - delay: Delayed 2 second(s)

2018-12-12 16:15:11 - [MESSAGE][PASSED] - Delayed 2 second(s)

2018-12-12 16:15:11 - [TEST_STEP][PASSED] - click: Object: 'Object Repository/Final Object Repo/New Registration - Registration Module Pages/Form 2/Save Button for Add Employee' is clicked on

2018-12-12 16:15:11 - [MESSAGE][PASSED] - Object: 'Object Repository/Final Object Repo/New Registration - Registration Module Pages/Form 2/Save Button for Add Employee' is clicked on

2018-12-12 16:15:11 - [TEST_STEP][PASSED] - delay: Delayed 6 second(s)

2018-12-12 16:15:17 - [MESSAGE][PASSED] - Delayed 6 second(s)

2018-12-12 16:15:17 - [TEST_STEP][PASSED] - click: Object: 'Object Repository/Final Object Repo/New Registration - Registration Module Pages/Form 2/Add Employee Button' is clicked on

2018-12-12 16:15:18 - [MESSAGE][PASSED] - Object: 'Object Repository/Final Object Repo/New Registration - Registration Module Pages/Form 2/Add Employee Button' is clicked on

2018-12-12 16:15:18 - [TEST_STEP][PASSED] - delay: Delayed 4 second(s)

2018-12-12 16:15:22 - [MESSAGE][PASSED] - Delayed 4 second(s)

2018-12-12 16:15:22 - [TEST_STEP][PASSED] - setText: Text '620904059691' is set on object 'Object Repository/Final Object Repo/New Registration - Registration Module Pages/Form 2/NRIC Input'

2018-12-12 16:15:22 - [MESSAGE][PASSED] - Text '620904059691' is set on object 'Object Repository/Final Object Repo/New Registration - Registration Module Pages/Form 2/NRIC Input'

2018-12-12 16:15:22 - [TEST_STEP][PASSED] - click: Object: 'Object Repository/Final Object Repo/New Registration - Registration Module Pages/Form 2/button for search for IC' is clicked on

2018-12-12 16:15:22 - [MESSAGE][PASSED] - Object: 'Object Repository/Final Object Repo/New Registration - Registration Module Pages/Form 2/button for search for IC' is clicked on

2018-12-12 16:15:22 - [TEST_STEP][PASSED] - delay: Delayed 2 second(s)

2018-12-12 16:15:24 - [MESSAGE][PASSED] - Delayed 2 second(s)

2018-12-12 16:15:24 - [TEST_STEP][PASSED] - setText: Text 'Automate001 eligible 2' is set on object 'Object Repository/Final Object Repo/New Registration - Registration Module Pages/Form 2/Employee Name Input'

2018-12-12 16:15:25 - [MESSAGE][PASSED] - Text 'Automate001 eligible 2' is set on object 'Object Repository/Final Object Repo/New Registration - Registration Module Pages/Form 2/Employee Name Input'

2018-12-12 16:15:25 - [TEST_STEP][PASSED] - delay: Delayed 2 second(s)

2018-12-12 16:15:27 - [MESSAGE][PASSED] - Delayed 2 second(s)

2018-12-12 16:15:27 - [TEST_STEP][PASSED] - click: Object: 'Object Repository/Final Object Repo/New Registration - Registration Module Pages/Form 2/DatePicker Pop Up' is clicked on

2018-12-12 16:15:28 - [MESSAGE][PASSED] - Object: 'Object Repository/Final Object Repo/New Registration - Registration Module Pages/Form 2/DatePicker Pop Up' is clicked on

2018-12-12 16:15:28 - [TEST_STEP][PASSED] - delay: Delayed 2 second(s)

2018-12-12 16:15:30 - [MESSAGE][PASSED] - Delayed 2 second(s)

2018-12-12 16:15:30 - [TEST_STEP][PASSED] - click: Object: 'Object Repository/Final Object Repo/New Registration - Registration Module Pages/Form 2/DOB Month' is clicked on

2018-12-12 16:15:30 - [MESSAGE][PASSED] - Object: 'Object Repository/Final Object Repo/New Registration - Registration Module Pages/Form 2/DOB Month' is clicked on

2018-12-12 16:15:30 - [TEST_STEP][PASSED] - Statement - selectMonth = com.kms.katalon.core.webui.keyword.WebUiBuiltInKeywords.modifyObjectProperty(selectMonth, "xpath", "equals", "//body/div/div/div/select/option[@value="" + CurrentMonth + ""]", true): Modify property of object successfully

2018-12-12 16:15:30 - [MESSAGE][PASSED] - Modify property of object successfully

2018-12-12 16:15:30 - [TEST_STEP][PASSED] - click: Object: '' is clicked on

2018-12-12 16:15:30 - [MESSAGE][PASSED] - Object: '' is clicked on

2018-12-12 16:15:30 - [TEST_STEP][PASSED] - click: Object: 'Object Repository/Final Object Repo/New Registration - Registration Module Pages/Form 2/DOB Year' is clicked on

2018-12-12 16:15:30 - [MESSAGE][PASSED] - Object: 'Object Repository/Final Object Repo/New Registration - Registration Module Pages/Form 2/DOB Year' is clicked on

2018-12-12 16:15:30 - [TEST_STEP][PASSED] - Statement - selectYear = com.kms.katalon.core.webui.keyword.WebUiBuiltInKeywords.modifyObjectProperty(selectYear, "xpath", "equals", "//div/div/div/select/option[@value="" + FiftysevenYrsBefore + ""]", true): Modify property of object successfully

2018-12-12 16:15:30 - [MESSAGE][PASSED] - Modify property of object successfully

2018-12-12 16:15:30 - [TEST_STEP][PASSED] - click: Object: '' is clicked on

2018-12-12 16:15:30 - [MESSAGE][PASSED] - Object: '' is clicked on

2018-12-12 16:15:30 - [TEST_STEP][PASSED] - Statement - UpdatedSelectDate = com.kms.katalon.core.webui.keyword.WebUiBuiltInKeywords.modifyObjectProperty(com.kms.katalon.core.testobject.ObjectRepository.findTestObject(Final Object Repo/New Registration - Registration Module Pages/Form 2/DOB Date), "xpath", "equals", "//body/div/table/tbody/tr/td/a[text()="" + OneDayBefore + ""]", true): Modify property of object successfully

2018-12-12 16:15:30 - [MESSAGE][PASSED] - Modify property of object successfully

2018-12-12 16:15:30 - [TEST_STEP][PASSED] - click: Object: 'Object Repository/Final Object Repo/New Registration - Registration Module Pages/Form 2/DOB Date' is clicked on

2018-12-12 16:15:30 - [MESSAGE][PASSED] - Object: 'Object Repository/Final Object Repo/New Registration - Registration Module Pages/Form 2/DOB Date' is clicked on

2018-12-12 16:15:30 - [TEST_STEP][PASSED] - delay: Delayed 2 second(s)

2018-12-12 16:15:32 - [MESSAGE][PASSED] - Delayed 2 second(s)

2018-12-12 16:15:32 - [TEST_STEP][PASSED] - click: Object: 'Object Repository/Final Object Repo/New Registration - Registration Module Pages/Form 2/EmploymentStartDate Pop Up' is clicked on

2018-12-12 16:15:32 - [MESSAGE][PASSED] - Object: 'Object Repository/Final Object Repo/New Registration - Registration Module Pages/Form 2/EmploymentStartDate Pop Up' is clicked on

2018-12-12 16:15:32 - [TEST_STEP][PASSED] - delay: Delayed 2 second(s)

2018-12-12 16:15:34 - [MESSAGE][PASSED] - Delayed 2 second(s)

2018-12-12 16:15:34 - [TEST_STEP][PASSED] - click: Object: 'Object Repository/Final Object Repo/New Registration - Registration Module Pages/Form 2/Socso Employment StartDate Month' is clicked on

2018-12-12 16:15:35 - [MESSAGE][PASSED] - Object: 'Object Repository/Final Object Repo/New Registration - Registration Module Pages/Form 2/Socso Employment StartDate Month' is clicked on

2018-12-12 16:15:35 - [TEST_STEP][PASSED] - delay: Delayed 1 second(s)

2018-12-12 16:15:36 - [MESSAGE][PASSED] - Delayed 1 second(s)

2018-12-12 16:15:36 - [TEST_STEP][PASSED] - click: Object: 'Object Repository/Final Object Repo/New Registration - Registration Module Pages/Form 2/Select Socso Employement Startdate Month' is clicked on

2018-12-12 16:15:36 - [MESSAGE][PASSED] - Object: 'Object Repository/Final Object Repo/New Registration - Registration Module Pages/Form 2/Select Socso Employement Startdate Month' is clicked on

2018-12-12 16:15:36 - [TEST_STEP][PASSED] - delay: Delayed 2 second(s)

2018-12-12 16:15:38 - [MESSAGE][PASSED] - Delayed 2 second(s)

2018-12-12 16:15:38 - [TEST_STEP][PASSED] - click: Object: 'Object Repository/Final Object Repo/New Registration - Registration Module Pages/Form 2/Socso Employment StartDate Year' is clicked on

2018-12-12 16:15:38 - [MESSAGE][PASSED] - Object: 'Object Repository/Final Object Repo/New Registration - Registration Module Pages/Form 2/Socso Employment StartDate Year' is clicked on

2018-12-12 16:15:38 - [TEST_STEP][PASSED] - delay: Delayed 1 second(s)

2018-12-12 16:15:39 - [MESSAGE][PASSED] - Delayed 1 second(s)

2018-12-12 16:15:39 - [TEST_STEP][PASSED] - click: Object: 'Object Repository/Final Object Repo/New Registration - Registration Module Pages/Form 2/Select Socso Employment Startdate Year' is clicked on

2018-12-12 16:15:39 - [MESSAGE][PASSED] - Object: 'Object Repository/Final Object Repo/New Registration - Registration Module Pages/Form 2/Select Socso Employment Startdate Year' is clicked on

2018-12-12 16:15:39 - [TEST_STEP][PASSED] - delay: Delayed 2 second(s)

2018-12-12 16:15:41 - [MESSAGE][PASSED] - Delayed 2 second(s)

2018-12-12 16:15:41 - [TEST_STEP][PASSED] - click: Object: 'Object Repository/Final Object Repo/New Registration - Registration Module Pages/Form 2/Socso Employment Start Date Day' is clicked on

2018-12-12 16:15:41 - [MESSAGE][PASSED] - Object: 'Object Repository/Final Object Repo/New Registration - Registration Module Pages/Form 2/Socso Employment Start Date Day' is clicked on

2018-12-12 16:15:41 - [TEST_STEP][PASSED] - delay: Delayed 2 second(s)

2018-12-12 16:15:43 - [MESSAGE][PASSED] - Delayed 2 second(s)

2018-12-12 16:15:43 - [TEST_STEP][PASSED] - click: Object: 'Object Repository/Final Object Repo/New Registration - Registration Module Pages/Form 2/Save Button for Add Employee' is clicked on

2018-12-12 16:15:43 - [MESSAGE][PASSED] - Object: 'Object Repository/Final Object Repo/New Registration - Registration Module Pages/Form 2/Save Button for Add Employee' is clicked on

2018-12-12 16:15:43 - [TEST_STEP][PASSED] - delay: Delayed 4 second(s)

2018-12-12 16:15:47 - [MESSAGE][PASSED] - Delayed 4 second(s)

2018-12-12 16:15:47 - [TEST_STEP][PASSED] - delay: Delayed 30 second(s)

2018-12-12 16:16:17 - [MESSAGE][PASSED] - Delayed 30 second(s)

2018-12-12 16:16:17 - [TEST_STEP][PASSED] - click: Object: 'Object Repository/Final Object Repo/New Registration - Registration Module Pages/Form 2/Add Employee Button' is clicked on

2018-12-12 16:16:18 - [MESSAGE][PASSED] - Object: 'Object Repository/Final Object Repo/New Registration - Registration Module Pages/Form 2/Add Employee Button' is clicked on

2018-12-12 16:16:18 - [TEST_STEP][PASSED] - delay: Delayed 4 second(s)

2018-12-12 16:16:22 - [MESSAGE][PASSED] - Delayed 4 second(s)

2018-12-12 16:16:22 - [TEST_STEP][PASSED] - setText: Text '000209039145' is set on object 'Object Repository/Final Object Repo/New Registration - Registration Module Pages/Form 2/NRIC Input'

2018-12-12 16:16:29 - [MESSAGE][PASSED] - Text '000209039145' is set on object 'Object Repository/Final Object Repo/New Registration - Registration Module Pages/Form 2/NRIC Input'

2018-12-12 16:16:29 - [TEST_STEP][PASSED] - click: Object: 'Object Repository/Final Object Repo/New Registration - Registration Module Pages/Form 2/button for search for IC' is clicked on

2018-12-12 16:16:29 - [MESSAGE][PASSED] - Object: 'Object Repository/Final Object Repo/New Registration - Registration Module Pages/Form 2/button for search for IC' is clicked on

2018-12-12 16:16:29 - [TEST_STEP][PASSED] - delay: Delayed 2 second(s)

2018-12-12 16:16:31 - [MESSAGE][PASSED] - Delayed 2 second(s)

2018-12-12 16:16:31 - [TEST_STEP][PASSED] - setText: Text 'Automate001 not eligible 1' is set on object 'Object Repository/Final Object Repo/New Registration - Registration Module Pages/Form 2/Employee Name Input'

2018-12-12 16:16:32 - [MESSAGE][PASSED] - Text 'Automate001 not eligible 1' is set on object 'Object Repository/Final Object Repo/New Registration - Registration Module Pages/Form 2/Employee Name Input'

2018-12-12 16:16:32 - [TEST_STEP][PASSED] - delay: Delayed 2 second(s)

2018-12-12 16:16:34 - [MESSAGE][PASSED] - Delayed 2 second(s)

2018-12-12 16:16:34 - [TEST_STEP][PASSED] - click: Object: 'Object Repository/Final Object Repo/New Registration - Registration Module Pages/Form 2/DatePicker Pop Up' is clicked on

2018-12-12 16:16:34 - [MESSAGE][PASSED] - Object: 'Object Repository/Final Object Repo/New Registration - Registration Module Pages/Form 2/DatePicker Pop Up' is clicked on

2018-12-12 16:16:34 - [TEST_STEP][PASSED] - delay: Delayed 2 second(s)

2018-12-12 16:16:36 - [MESSAGE][PASSED] - Delayed 2 second(s)

2018-12-12 16:16:36 - [TEST_STEP][PASSED] - click: Object: 'Object Repository/Final Object Repo/New Registration - Registration Module Pages/Form 2/DOB Month' is clicked on

2018-12-12 16:16:36 - [MESSAGE][PASSED] - Object: 'Object Repository/Final Object Repo/New Registration - Registration Module Pages/Form 2/DOB Month' is clicked on

2018-12-12 16:16:36 - [TEST_STEP][PASSED] - Statement - selectMonth = com.kms.katalon.core.webui.keyword.WebUiBuiltInKeywords.modifyObjectProperty(selectMonth, "xpath", "equals", "//body/div/div/div/select/option[@value="" + CurrentMonth + ""]", true): Modify property of object successfully

2018-12-12 16:16:36 - [MESSAGE][PASSED] - Modify property of object successfully

2018-12-12 16:16:36 - [TEST_STEP][PASSED] - click: Object: '' is clicked on

2018-12-12 16:16:39 - [MESSAGE][PASSED] - Object: '' is clicked on

2018-12-12 16:16:39 - [TEST_STEP][PASSED] - click: Object: 'Object Repository/Final Object Repo/New Registration - Registration Module Pages/Form 2/DOB Year' is clicked on

2018-12-12 16:16:40 - [MESSAGE][PASSED] - Object: 'Object Repository/Final Object Repo/New Registration - Registration Module Pages/Form 2/DOB Year' is clicked on

2018-12-12 16:16:40 - [TEST_STEP][PASSED] - Statement - selectYear = com.kms.katalon.core.webui.keyword.WebUiBuiltInKeywords.modifyObjectProperty(selectYear, "xpath", "equals", "//div/div/div/select/option[@value="" + EighteenYrsBefore + ""]", true): Modify property of object successfully

2018-12-12 16:16:40 - [MESSAGE][PASSED] - Modify property of object successfully

2018-12-12 16:16:40 - [TEST_STEP][PASSED] - click: Object: '' is clicked on

2018-12-12 16:16:40 - [MESSAGE][PASSED] - Object: '' is clicked on

2018-12-12 16:16:40 - [TEST_STEP][PASSED] - Statement - UpdatedSelectDate = com.kms.katalon.core.webui.keyword.WebUiBuiltInKeywords.modifyObjectProperty(com.kms.katalon.core.testobject.ObjectRepository.findTestObject(Final Object Repo/New Registration - Registration Module Pages/Form 2/DOB Date), "xpath", "equals", "//body/div/table/tbody/tr/td/a[text()="" + OneDayBefore + ""]", true): Modify property of object successfully

2018-12-12 16:16:40 - [MESSAGE][PASSED] - Modify property of object successfully

2018-12-12 16:16:40 - [TEST_STEP][PASSED] - click: Object: 'Object Repository/Final Object Repo/New Registration - Registration Module Pages/Form 2/DOB Date' is clicked on

2018-12-12 16:16:40 - [MESSAGE][PASSED] - Object: 'Object Repository/Final Object Repo/New Registration - Registration Module Pages/Form 2/DOB Date' is clicked on

2018-12-12 16:16:40 - [TEST_STEP][PASSED] - delay: Delayed 2 second(s)

2018-12-12 16:16:42 - [MESSAGE][PASSED] - Delayed 2 second(s)

2018-12-12 16:16:42 - [TEST_STEP][PASSED] - click: Object: 'Object Repository/Final Object Repo/New Registration - Registration Module Pages/Form 2/EmploymentStartDate Pop Up' is clicked on

2018-12-12 16:16:42 - [MESSAGE][PASSED] - Object: 'Object Repository/Final Object Repo/New Registration - Registration Module Pages/Form 2/EmploymentStartDate Pop Up' is clicked on

2018-12-12 16:16:42 - [TEST_STEP][PASSED] - delay: Delayed 2 second(s)

2018-12-12 16:16:44 - [MESSAGE][PASSED] - Delayed 2 second(s)

2018-12-12 16:16:44 - [TEST_STEP][PASSED] - click: Object: 'Object Repository/Final Object Repo/New Registration - Registration Module Pages/Form 2/Socso Employment StartDate Month' is clicked on

2018-12-12 16:16:44 - [MESSAGE][PASSED] - Object: 'Object Repository/Final Object Repo/New Registration - Registration Module Pages/Form 2/Socso Employment StartDate Month' is clicked on

2018-12-12 16:16:44 - [TEST_STEP][PASSED] - delay: Delayed 1 second(s)

2018-12-12 16:16:45 - [MESSAGE][PASSED] - Delayed 1 second(s)

2018-12-12 16:16:45 - [TEST_STEP][PASSED] - click: Object: 'Object Repository/Final Object Repo/New Registration - Registration Module Pages/Form 2/Select Socso Employement Startdate Month' is clicked on

2018-12-12 16:16:45 - [MESSAGE][PASSED] - Object: 'Object Repository/Final Object Repo/New Registration - Registration Module Pages/Form 2/Select Socso Employement Startdate Month' is clicked on

2018-12-12 16:16:45 - [TEST_STEP][PASSED] - delay: Delayed 2 second(s)

2018-12-12 16:16:47 - [MESSAGE][PASSED] - Delayed 2 second(s)

2018-12-12 16:16:47 - [TEST_STEP][PASSED] - click: Object: 'Object Repository/Final Object Repo/New Registration - Registration Module Pages/Form 2/Socso Employment StartDate Year' is clicked on

2018-12-12 16:16:48 - [MESSAGE][PASSED] - Object: 'Object Repository/Final Object Repo/New Registration - Registration Module Pages/Form 2/Socso Employment StartDate Year' is clicked on

2018-12-12 16:16:48 - [TEST_STEP][PASSED] - delay: Delayed 1 second(s)

2018-12-12 16:16:49 - [MESSAGE][PASSED] - Delayed 1 second(s)

2018-12-12 16:16:49 - [TEST_STEP][PASSED] - click: Object: 'Object Repository/Final Object Repo/New Registration - Registration Module Pages/Form 2/Select Socso Employment Startdate Year' is clicked on

2018-12-12 16:16:49 - [MESSAGE][PASSED] - Object: 'Object Repository/Final Object Repo/New Registration - Registration Module Pages/Form 2/Select Socso Employment Startdate Year' is clicked on

2018-12-12 16:16:49 - [TEST_STEP][PASSED] - delay: Delayed 2 second(s)

2018-12-12 16:16:51 - [MESSAGE][PASSED] - Delayed 2 second(s)

2018-12-12 16:16:51 - [TEST_STEP][PASSED] - click: Object: 'Object Repository/Final Object Repo/New Registration - Registration Module Pages/Form 2/Socso Employment Start Date Day' is clicked on

2018-12-12 16:16:51 - [MESSAGE][PASSED] - Object: 'Object Repository/Final Object Repo/New Registration - Registration Module Pages/Form 2/Socso Employment Start Date Day' is clicked on

2018-12-12 16:16:51 - [TEST_STEP][PASSED] - delay: Delayed 2 second(s)

2018-12-12 16:16:53 - [MESSAGE][PASSED] - Delayed 2 second(s)

2018-12-12 16:16:53 - [TEST_STEP][PASSED] - click: Object: 'Object Repository/Final Object Repo/New Registration - Registration Module Pages/Form 2/Save Button for Add Employee' is clicked on

2018-12-12 16:16:53 - [MESSAGE][PASSED] - Object: 'Object Repository/Final Object Repo/New Registration - Registration Module Pages/Form 2/Save Button for Add Employee' is clicked on

2018-12-12 16:16:53 - [TEST_STEP][PASSED] - delay: Delayed 6 second(s)

2018-12-12 16:16:59 - [MESSAGE][PASSED] - Delayed 6 second(s)

2018-12-12 16:16:59 - [TEST_STEP][PASSED] - click: Object: 'Object Repository/Final Object Repo/New Registration - Registration Module Pages/Form 2/Add Employee Button' is clicked on

2018-12-12 16:16:59 - [MESSAGE][PASSED] - Object: 'Object Repository/Final Object Repo/New Registration - Registration Module Pages/Form 2/Add Employee Button' is clicked on

2018-12-12 16:16:59 - [TEST_STEP][PASSED] - delay: Delayed 4 second(s)

2018-12-12 16:17:03 - [MESSAGE][PASSED] - Delayed 4 second(s)

2018-12-12 16:17:03 - [TEST_STEP][PASSED] - setText: Text '600203039154' is set on object 'Object Repository/Final Object Repo/New Registration - Registration Module Pages/Form 2/NRIC Input'

2018-12-12 16:17:11 - [MESSAGE][PASSED] - Text '600203039154' is set on object 'Object Repository/Final Object Repo/New Registration - Registration Module Pages/Form 2/NRIC Input'

2018-12-12 16:17:11 - [TEST_STEP][PASSED] - click: Object: 'Object Repository/Final Object Repo/New Registration - Registration Module Pages/Form 2/button for search for IC' is clicked on

2018-12-12 16:17:11 - [MESSAGE][PASSED] - Object: 'Object Repository/Final Object Repo/New Registration - Registration Module Pages/Form 2/button for search for IC' is clicked on

2018-12-12 16:17:11 - [TEST_STEP][PASSED] - delay: Delayed 2 second(s)

2018-12-12 16:17:13 - [MESSAGE][PASSED] - Delayed 2 second(s)

2018-12-12 16:17:13 - [TEST_STEP][PASSED] - setText: Text 'Automate001 not eligible 2' is set on object 'Object Repository/Final Object Repo/New Registration - Registration Module Pages/Form 2/Employee Name Input'

2018-12-12 16:17:14 - [MESSAGE][PASSED] - Text 'Automate001 not eligible 2' is set on object 'Object Repository/Final Object Repo/New Registration - Registration Module Pages/Form 2/Employee Name Input'

2018-12-12 16:17:14 - [TEST_STEP][PASSED] - delay: Delayed 2 second(s)

2018-12-12 16:17:16 - [MESSAGE][PASSED] - Delayed 2 second(s)

2018-12-12 16:17:16 - [TEST_STEP][PASSED] - click: Object: 'Object Repository/Final Object Repo/New Registration - Registration Module Pages/Form 2/DatePicker Pop Up' is clicked on

2018-12-12 16:17:16 - [MESSAGE][PASSED] - Object: 'Object Repository/Final Object Repo/New Registration - Registration Module Pages/Form 2/DatePicker Pop Up' is clicked on

2018-12-12 16:17:16 - [TEST_STEP][PASSED] - delay: Delayed 2 second(s)

2018-12-12 16:17:18 - [MESSAGE][PASSED] - Delayed 2 second(s)

2018-12-12 16:17:18 - [TEST_STEP][PASSED] - click: Object: 'Object Repository/Final Object Repo/New Registration - Registration Module Pages/Form 2/DOB Month' is clicked on

2018-12-12 16:17:18 - [MESSAGE][PASSED] - Object: 'Object Repository/Final Object Repo/New Registration - Registration Module Pages/Form 2/DOB Month' is clicked on

2018-12-12 16:17:18 - [TEST_STEP][PASSED] - Statement - selectMonth = com.kms.katalon.core.webui.keyword.WebUiBuiltInKeywords.modifyObjectProperty(selectMonth, "xpath", "equals", "//body/div/div/div/select/option[@value="" + CurrentMonth + ""]", true): Modify property of object successfully

2018-12-12 16:17:18 - [MESSAGE][PASSED] - Modify property of object successfully

2018-12-12 16:17:18 - [TEST_STEP][PASSED] - click: Object: '' is clicked on

2018-12-12 16:17:18 - [MESSAGE][PASSED] - Object: '' is clicked on

2018-12-12 16:17:18 - [TEST_STEP][PASSED] - click: Object: 'Object Repository/Final Object Repo/New Registration - Registration Module Pages/Form 2/DOB Year' is clicked on

2018-12-12 16:17:19 - [MESSAGE][PASSED] - Object: 'Object Repository/Final Object Repo/New Registration - Registration Module Pages/Form 2/DOB Year' is clicked on

2018-12-12 16:17:19 - [TEST_STEP][PASSED] - Statement - selectYear = com.kms.katalon.core.webui.keyword.WebUiBuiltInKeywords.modifyObjectProperty(selectYear, "xpath", "equals", "//div/div/div/select/option[@value="" + FiftysevenYrsBefore + ""]", true): Modify property of object successfully

2018-12-12 16:17:19 - [MESSAGE][PASSED] - Modify property of object successfully

2018-12-12 16:17:19 - [TEST_STEP][PASSED] - click: Object: '' is clicked on

2018-12-12 16:17:19 - [MESSAGE][PASSED] - Object: '' is clicked on

2018-12-12 16:17:19 - [TEST_STEP][PASSED] - Statement - UpdatedSelectDate = com.kms.katalon.core.webui.keyword.WebUiBuiltInKeywords.modifyObjectProperty(com.kms.katalon.core.testobject.ObjectRepository.findTestObject(Final Object Repo/New Registration - Registration Module Pages/Form 2/DOB Date), "xpath", "equals", "//body/div/table/tbody/tr/td/a[text()="" + CurrentDate + ""]", true): Modify property of object successfully

2018-12-12 16:17:19 - [MESSAGE][PASSED] - Modify property of object successfully

2018-12-12 16:17:19 - [TEST_STEP][PASSED] - click: Object: 'Object Repository/Final Object Repo/New Registration - Registration Module Pages/Form 2/DOB Date' is clicked on

2018-12-12 16:17:19 - [MESSAGE][PASSED] - Object: 'Object Repository/Final Object Repo/New Registration - Registration Module Pages/Form 2/DOB Date' is clicked on

2018-12-12 16:17:19 - [TEST_STEP][PASSED] - click: Object: 'Object Repository/Final Object Repo/New Registration - Registration Module Pages/Form 2/EmploymentStartDate Pop Up' is clicked on

2018-12-12 16:17:19 - [MESSAGE][PASSED] - Object: 'Object Repository/Final Object Repo/New Registration - Registration Module Pages/Form 2/EmploymentStartDate Pop Up' is clicked on

2018-12-12 16:17:19 - [TEST_STEP][PASSED] - delay: Delayed 2 second(s)

2018-12-12 16:17:21 - [MESSAGE][PASSED] - Delayed 2 second(s)

2018-12-12 16:17:21 - [TEST_STEP][PASSED] - click: Object: 'Object Repository/Final Object Repo/New Registration - Registration Module Pages/Form 2/Socso Employment StartDate Month' is clicked on

2018-12-12 16:17:21 - [MESSAGE][PASSED] - Object: 'Object Repository/Final Object Repo/New Registration - Registration Module Pages/Form 2/Socso Employment StartDate Month' is clicked on

2018-12-12 16:17:21 - [TEST_STEP][PASSED] - delay: Delayed 1 second(s)

2018-12-12 16:17:22 - [MESSAGE][PASSED] - Delayed 1 second(s)

2018-12-12 16:17:22 - [TEST_STEP][PASSED] - click: Object: 'Object Repository/Final Object Repo/New Registration - Registration Module Pages/Form 2/Select Socso Employement Startdate Month' is clicked on

2018-12-12 16:17:23 - [MESSAGE][PASSED] - Object: 'Object Repository/Final Object Repo/New Registration - Registration Module Pages/Form 2/Select Socso Employement Startdate Month' is clicked on

2018-12-12 16:17:23 - [TEST_STEP][PASSED] - delay: Delayed 2 second(s)

2018-12-12 16:17:25 - [MESSAGE][PASSED] - Delayed 2 second(s)

2018-12-12 16:17:25 - [TEST_STEP][PASSED] - click: Object: 'Object Repository/Final Object Repo/New Registration - Registration Module Pages/Form 2/Socso Employment StartDate Year' is clicked on

2018-12-12 16:17:25 - [MESSAGE][PASSED] - Object: 'Object Repository/Final Object Repo/New Registration - Registration Module Pages/Form 2/Socso Employment StartDate Year' is clicked on

2018-12-12 16:17:25 - [TEST_STEP][PASSED] - delay: Delayed 1 second(s)

2018-12-12 16:17:26 - [MESSAGE][PASSED] - Delayed 1 second(s)

2018-12-12 16:17:26 - [TEST_STEP][PASSED] - click: Object: 'Object Repository/Final Object Repo/New Registration - Registration Module Pages/Form 2/Select Socso Employment Startdate Year' is clicked on

2018-12-12 16:17:26 - [MESSAGE][PASSED] - Object: 'Object Repository/Final Object Repo/New Registration - Registration Module Pages/Form 2/Select Socso Employment Startdate Year' is clicked on

2018-12-12 16:17:26 - [TEST_STEP][PASSED] - delay: Delayed 2 second(s)

2018-12-12 16:17:28 - [MESSAGE][PASSED] - Delayed 2 second(s)

2018-12-12 16:17:28 - [TEST_STEP][PASSED] - click: Object: 'Object Repository/Final Object Repo/New Registration - Registration Module Pages/Form 2/Socso Employment Start Date Day' is clicked on

2018-12-12 16:17:28 - [MESSAGE][PASSED] - Object: 'Object Repository/Final Object Repo/New Registration - Registration Module Pages/Form 2/Socso Employment Start Date Day' is clicked on

2018-12-12 16:17:28 - [TEST_STEP][PASSED] - delay: Delayed 2 second(s)

2018-12-12 16:17:30 - [MESSAGE][PASSED] - Delayed 2 second(s)

2018-12-12 16:17:30 - [TEST_STEP][PASSED] - click: Object: 'Object Repository/Final Object Repo/New Registration - Registration Module Pages/Form 2/Save Button for Add Employee' is clicked on

2018-12-12 16:17:30 - [MESSAGE][PASSED] - Object: 'Object Repository/Final Object Repo/New Registration - Registration Module Pages/Form 2/Save Button for Add Employee' is clicked on

2018-12-12 16:17:30 - [TEST_STEP][PASSED] - delay: Delayed 2 second(s)

2018-12-12 16:17:32 - [MESSAGE][PASSED] - Delayed 2 second(s)

2018-12-12 16:17:32 - [TEST_STEP][PASSED] - click: Object: 'Object Repository/Final Object Repo/New Registration - Registration Module Pages/Form 2/Save and Continue Form 2' is clicked on

2018-12-12 16:17:34 - [MESSAGE][PASSED] - Object: 'Object Repository/Final Object Repo/New Registration - Registration Module Pages/Form 2/Save and Continue Form 2' is clicked on

2018-12-12 16:17:34 - [MESSAGE][PASSED] - Call Test Case 'Test Cases/Final Aug 2018 - PKS Automation/Registration Module/New Registration/Form 2/Add 2 Eligible 2 Not Eligible' successfully

2018-12-12 16:17:34 - [TEST_STEP][PASSED] - callTestCase: Call Test Case 'Test Cases/Final Aug 2018 - PKS Automation/Registration Module/New Registration/Flow of New Registration/Third Screen - Upload Supporting Doc - Preview' successfully

2018-12-12 16:17:34 - [TEST_CASE][PASSED] - Test Cases/Final Aug 2018 - PKS Automation/Registration Module/New Registration/Flow of New Registration/Third Screen - Upload Supporting Doc - Preview: Test Cases/Final Aug 2018 - PKS Automation/Registration Module/New Registration/Flow of New Registration/Third Screen - Upload Supporting Doc - Preview

2018-12-12 16:17:34 - [TEST_STEP][PASSED] - waitForPageLoad: Wait for page load successfully

2018-12-12 16:17:37 - [MESSAGE][PASSED] - Wait for page load successfully

2018-12-12 16:17:37 - [TEST_STEP][PASSED] - Statement - CaseReferenceNo = com.kms.katalon.core.webui.keyword.WebUiBuiltInKeywords.getText(com.kms.katalon.core.testobject.ObjectRepository.findTestObject(Final Object Repo/New Registration - Registration Module Pages/Third Screen - Upload Supporting Doc- Preview/RefNo Acquiring)): Text of object 'Object Repository/Final Object Repo/New Registration - Registration Module Pages/Third Screen - Upload Supporting Doc- Preview/RefNo Acquiring' is: 'CRN12201800123212'

2018-12-12 16:17:39 - [MESSAGE][PASSED] - Text of object 'Object Repository/Final Object Repo/New Registration - Registration Module Pages/Third Screen - Upload Supporting Doc- Preview/RefNo Acquiring' is: 'CRN12201800123212'

2018-12-12 16:17:39 - [TEST_STEP][PASSED] - delay: Delayed 2 second(s)

2018-12-12 16:17:41 - [MESSAGE][PASSED] - Delayed 2 second(s)

2018-12-12 16:17:41 - [TEST_STEP][PASSED] - callTestCase: Call Test Case 'Test Cases/Final Aug 2018 - PKS Automation/Common/Reference Number Setter' successfully

2018-12-12 16:17:41 - [TEST_CASE][PASSED] - Test Cases/Final Aug 2018 - PKS Automation/Common/Reference Number Setter: Test Cases/Final Aug 2018 - PKS Automation/Common/Reference Number Setter

2018-12-12 16:17:41 - [TEST_STEP][PASSED] - Statement - RefNoOldFile = new java.io.File(C://Users//Admin//Desktop//PKS//Automation Reference Point//KatalonReference.txt): null

2018-12-12 16:17:41 - [TEST_STEP][PASSED] - Statement - RefNoOldFile.delete(): null

2018-12-12 16:17:41 - [TEST_STEP][PASSED] - delay: Delayed 5 second(s)

2018-12-12 16:17:46 - [MESSAGE][PASSED] - Delayed 5 second(s)

2018-12-12 16:17:46 - [TEST_STEP][PASSED] - Statement - RefNo = new java.io.File(C://Users//Admin//Desktop//PKS//Automation Reference Point//KatalonReference.txt): null

2018-12-12 16:17:46 - [TEST_STEP][PASSED] - Statement - f2 = new java.io.FileWriter(RefNo, false): null

2018-12-12 16:17:46 - [TEST_STEP][PASSED] - Statement - f2.write(CaseReferenceNo): null

2018-12-12 16:17:46 - [TEST_STEP][PASSED] - Statement - f2.close(): null

2018-12-12 16:17:46 - [TEST_STEP][PASSED] - Statement - out.println("


" + CaseReferenceNo + "


"): null

2018-12-12 16:17:46 - [MESSAGE][PASSED] - Call Test Case 'Test Cases/Final Aug 2018 - PKS Automation/Common/Reference Number Setter' successfully

2018-12-12 16:17:46 - [TEST_STEP][PASSED] - waitForElementClickable: Object 'Object Repository/Final Object Repo/New Registration - Registration Module Pages/Third Screen - Upload Supporting Doc- Preview/Save n Continue in SIP Employee Listing Page' is clickable

2018-12-12 16:17:46 - [MESSAGE][PASSED] - Object 'Object Repository/Final Object Repo/New Registration - Registration Module Pages/Third Screen - Upload Supporting Doc- Preview/Save n Continue in SIP Employee Listing Page' is clickable

2018-12-12 16:17:46 - [TEST_STEP][PASSED] - click: Object: 'Object Repository/Final Object Repo/New Registration - Registration Module Pages/Third Screen - Upload Supporting Doc- Preview/Save n Continue in SIP Employee Listing Page' is clicked on

2018-12-12 16:17:53 - [MESSAGE][PASSED] - Object: 'Object Repository/Final Object Repo/New Registration - Registration Module Pages/Third Screen - Upload Supporting Doc- Preview/Save n Continue in SIP Employee Listing Page' is clicked on

2018-12-12 16:17:53 - [TEST_STEP][PASSED] - delay: Delayed 7 second(s)

2018-12-12 16:18:00 - [MESSAGE][PASSED] - Delayed 7 second(s)

2018-12-12 16:18:00 - [TEST_STEP][PASSED] - click: Object: 'Object Repository/Final Object Repo/New Registration - Registration Module Pages/Third Screen - Upload Supporting Doc- Preview/Add Document Button' is clicked on

2018-12-12 16:18:00 - [MESSAGE][PASSED] - Object: 'Object Repository/Final Object Repo/New Registration - Registration Module Pages/Third Screen - Upload Supporting Doc- Preview/Add Document Button' is clicked on

2018-12-12 16:18:00 - [TEST_STEP][PASSED] - delay: Delayed 30 second(s)

2018-12-12 16:18:30 - [MESSAGE][PASSED] - Delayed 30 second(s)

2018-12-12 16:18:30 - [TEST_STEP][PASSED] - click: Object: 'Object Repository/Final Object Repo/New Registration - Registration Module Pages/Third Screen - Upload Supporting Doc- Preview/Supporting Doc Please Select Drop Down' is clicked on

2018-12-12 16:18:30 - [MESSAGE][PASSED] - Object: 'Object Repository/Final Object Repo/New Registration - Registration Module Pages/Third Screen - Upload Supporting Doc- Preview/Supporting Doc Please Select Drop Down' is clicked on

2018-12-12 16:18:30 - [TEST_STEP][PASSED] - delay: Delayed 2 second(s)

2018-12-12 16:18:32 - [MESSAGE][PASSED] - Delayed 2 second(s)

2018-12-12 16:18:32 - [TEST_STEP][PASSED] - click: Object: 'Object Repository/Final Object Repo/New Registration - Registration Module Pages/Third Screen - Upload Supporting Doc- Preview/Select to Upload Form 1' is clicked on

2018-12-12 16:18:32 - [MESSAGE][PASSED] - Object: 'Object Repository/Final Object Repo/New Registration - Registration Module Pages/Third Screen - Upload Supporting Doc- Preview/Select to Upload Form 1' is clicked on

2018-12-12 16:18:32 - [TEST_STEP][PASSED] - delay: Delayed 2 second(s)

2018-12-12 16:18:34 - [MESSAGE][PASSED] - Delayed 2 second(s)

2018-12-12 16:18:34 - [TEST_STEP][PASSED] - uploadFile: File 'C:\Users\Public\Pictures\Sample Pictures\Koala.jpg' sent to object: 'Object Repository/Final Object Repo/New Registration - Registration Module Pages/Third Screen - Upload Supporting Doc- Preview/Upload File Adding'

2018-12-12 16:18:34 - [MESSAGE][PASSED] - File 'C:\Users\Public\Pictures\Sample Pictures\Koala.jpg' sent to object: 'Object Repository/Final Object Repo/New Registration - Registration Module Pages/Third Screen - Upload Supporting Doc- Preview/Upload File Adding'

2018-12-12 16:18:34 - [TEST_STEP][PASSED] - delay: Delayed 5 second(s)

2018-12-12 16:18:39 - [MESSAGE][PASSED] - Delayed 5 second(s)

2018-12-12 16:18:39 - [TEST_STEP][PASSED] - click: Object: 'Object Repository/Final Object Repo/New Registration - Registration Module Pages/Third Screen - Upload Supporting Doc- Preview/Inner Form Add Document Button' is clicked on

2018-12-12 16:18:40 - [MESSAGE][PASSED] - Object: 'Object Repository/Final Object Repo/New Registration - Registration Module Pages/Third Screen - Upload Supporting Doc- Preview/Inner Form Add Document Button' is clicked on

2018-12-12 16:18:40 - [TEST_STEP][PASSED] - delay: Delayed 3 second(s)

2018-12-12 16:18:43 - [MESSAGE][PASSED] - Delayed 3 second(s)

2018-12-12 16:18:43 - [TEST_STEP][PASSED] - click: Object: 'Object Repository/Final Object Repo/New Registration - Registration Module Pages/Third Screen - Upload Supporting Doc- Preview/Add Document Button' is clicked on

2018-12-12 16:18:48 - [MESSAGE][PASSED] - Object: 'Object Repository/Final Object Repo/New Registration - Registration Module Pages/Third Screen - Upload Supporting Doc- Preview/Add Document Button' is clicked on

2018-12-12 16:18:48 - [TEST_STEP][PASSED] - delay: Delayed 30 second(s)

2018-12-12 16:19:18 - [MESSAGE][PASSED] - Delayed 30 second(s)

2018-12-12 16:19:18 - [TEST_STEP][PASSED] - click: Object: 'Object Repository/Final Object Repo/New Registration - Registration Module Pages/Third Screen - Upload Supporting Doc- Preview/Supporting Doc Please Select Drop Down' is clicked on

2018-12-12 16:19:18 - [MESSAGE][PASSED] - Object: 'Object Repository/Final Object Repo/New Registration - Registration Module Pages/Third Screen - Upload Supporting Doc- Preview/Supporting Doc Please Select Drop Down' is clicked on

2018-12-12 16:19:18 - [TEST_STEP][PASSED] - delay: Delayed 4 second(s)

2018-12-12 16:19:22 - [MESSAGE][PASSED] - Delayed 4 second(s)

2018-12-12 16:19:22 - [TEST_STEP][PASSED] - click: Object: 'Object Repository/Final Object Repo/New Registration - Registration Module Pages/Third Screen - Upload Supporting Doc- Preview/Select to Upload Form 2' is clicked on

2018-12-12 16:19:22 - [MESSAGE][PASSED] - Object: 'Object Repository/Final Object Repo/New Registration - Registration Module Pages/Third Screen - Upload Supporting Doc- Preview/Select to Upload Form 2' is clicked on

2018-12-12 16:19:22 - [TEST_STEP][PASSED] - delay: Delayed 2 second(s)

2018-12-12 16:19:24 - [MESSAGE][PASSED] - Delayed 2 second(s)

2018-12-12 16:19:24 - [TEST_STEP][PASSED] - uploadFile: File 'C:\Users\Public\Pictures\Sample Pictures\Koala.jpg' sent to object: 'Object Repository/Final Object Repo/New Registration - Registration Module Pages/Third Screen - Upload Supporting Doc- Preview/Upload File Adding'

2018-12-12 16:19:24 - [MESSAGE][PASSED] - File 'C:\Users\Public\Pictures\Sample Pictures\Koala.jpg' sent to object: 'Object Repository/Final Object Repo/New Registration - Registration Module Pages/Third Screen - Upload Supporting Doc- Preview/Upload File Adding'

2018-12-12 16:19:24 - [TEST_STEP][PASSED] - click: Object: 'Object Repository/Final Object Repo/New Registration - Registration Module Pages/Third Screen - Upload Supporting Doc- Preview/Inner Form Add Document Button' is clicked on

2018-12-12 16:19:25 - [MESSAGE][PASSED] - Object: 'Object Repository/Final Object Repo/New Registration - Registration Module Pages/Third Screen - Upload Supporting Doc- Preview/Inner Form Add Document Button' is clicked on

2018-12-12 16:19:25 - [TEST_STEP][PASSED] - delay: Delayed 5 second(s)

2018-12-12 16:19:30 - [MESSAGE][PASSED] - Delayed 5 second(s)

2018-12-12 16:19:30 - [TEST_STEP][PASSED] - click: Object: 'Object Repository/Final Object Repo/New Registration - Registration Module Pages/Third Screen - Upload Supporting Doc- Preview/Add Document Button' is clicked on

2018-12-12 16:19:30 - [MESSAGE][PASSED] - Object: 'Object Repository/Final Object Repo/New Registration - Registration Module Pages/Third Screen - Upload Supporting Doc- Preview/Add Document Button' is clicked on

2018-12-12 16:19:30 - [TEST_STEP][PASSED] - delay: Delayed 30 second(s)

2018-12-12 16:20:00 - [MESSAGE][PASSED] - Delayed 30 second(s)

2018-12-12 16:20:00 - [TEST_STEP][PASSED] - click: Object: 'Object Repository/Final Object Repo/New Registration - Registration Module Pages/Third Screen - Upload Supporting Doc- Preview/Supporting Doc Please Select Drop Down' is clicked on

2018-12-12 16:20:00 - [MESSAGE][PASSED] - Object: 'Object Repository/Final Object Repo/New Registration - Registration Module Pages/Third Screen - Upload Supporting Doc- Preview/Supporting Doc Please Select Drop Down' is clicked on

2018-12-12 16:20:00 - [TEST_STEP][PASSED] - click: Object: 'Object Repository/Final Object Repo/New Registration - Registration Module Pages/Third Screen - Upload Supporting Doc- Preview/Select to Upload Borang SIP 1' is clicked on

2018-12-12 16:20:00 - [MESSAGE][PASSED] - Object: 'Object Repository/Final Object Repo/New Registration - Registration Module Pages/Third Screen - Upload Supporting Doc- Preview/Select to Upload Borang SIP 1' is clicked on

2018-12-12 16:20:00 - [TEST_STEP][PASSED] - delay: Delayed 2 second(s)

2018-12-12 16:20:02 - [MESSAGE][PASSED] - Delayed 2 second(s)

2018-12-12 16:20:02 - [TEST_STEP][PASSED] - uploadFile: File 'C:\Users\Public\Pictures\Sample Pictures\Koala.jpg' sent to object: 'Object Repository/Final Object Repo/New Registration - Registration Module Pages/Third Screen - Upload Supporting Doc- Preview/Upload File Adding'

2018-12-12 16:20:02 - [MESSAGE][PASSED] - File 'C:\Users\Public\Pictures\Sample Pictures\Koala.jpg' sent to object: 'Object Repository/Final Object Repo/New Registration - Registration Module Pages/Third Screen - Upload Supporting Doc- Preview/Upload File Adding'

2018-12-12 16:20:02 - [TEST_STEP][PASSED] - click: Object: 'Object Repository/Final Object Repo/New Registration - Registration Module Pages/Third Screen - Upload Supporting Doc- Preview/Inner Form Add Document Button' is clicked on

2018-12-12 16:20:02 - [MESSAGE][PASSED] - Object: 'Object Repository/Final Object Repo/New Registration - Registration Module Pages/Third Screen - Upload Supporting Doc- Preview/Inner Form Add Document Button' is clicked on

2018-12-12 16:20:02 - [TEST_STEP][PASSED] - delay: Delayed 5 second(s)

2018-12-12 16:20:07 - [MESSAGE][PASSED] - Delayed 5 second(s)

2018-12-12 16:20:07 - [TEST_STEP][PASSED] - click: Object: 'Object Repository/Final Object Repo/New Registration - Registration Module Pages/Third Screen - Upload Supporting Doc- Preview/Add Document Button' is clicked on

2018-12-12 16:20:08 - [MESSAGE][PASSED] - Object: 'Object Repository/Final Object Repo/New Registration - Registration Module Pages/Third Screen - Upload Supporting Doc- Preview/Add Document Button' is clicked on

2018-12-12 16:20:08 - [TEST_STEP][PASSED] - delay: Delayed 30 second(s)

2018-12-12 16:20:38 - [MESSAGE][PASSED] - Delayed 30 second(s)

2018-12-12 16:20:38 - [TEST_STEP][PASSED] - click: Object: 'Object Repository/Final Object Repo/New Registration - Registration Module Pages/Third Screen - Upload Supporting Doc- Preview/Supporting Doc Please Select Drop Down' is clicked on

2018-12-12 16:20:38 - [MESSAGE][PASSED] - Object: 'Object Repository/Final Object Repo/New Registration - Registration Module Pages/Third Screen - Upload Supporting Doc- Preview/Supporting Doc Please Select Drop Down' is clicked on

2018-12-12 16:20:38 - [TEST_STEP][PASSED] - delay: Delayed 3 second(s)

2018-12-12 16:20:41 - [MESSAGE][PASSED] - Delayed 3 second(s)

2018-12-12 16:20:41 - [TEST_STEP][PASSED] - click: Object: 'Object Repository/Final Object Repo/New Registration - Registration Module Pages/Third Screen - Upload Supporting Doc- Preview/Select to Upload Borang SIP 2' is clicked on

2018-12-12 16:20:41 - [MESSAGE][PASSED] - Object: 'Object Repository/Final Object Repo/New Registration - Registration Module Pages/Third Screen - Upload Supporting Doc- Preview/Select to Upload Borang SIP 2' is clicked on

2018-12-12 16:20:41 - [TEST_STEP][PASSED] - delay: Delayed 2 second(s)

2018-12-12 16:20:43 - [MESSAGE][PASSED] - Delayed 2 second(s)

2018-12-12 16:20:43 - [TEST_STEP][PASSED] - uploadFile: File 'C:\Users\Public\Pictures\Sample Pictures\Koala.jpg' sent to object: 'Object Repository/Final Object Repo/New Registration - Registration Module Pages/Third Screen - Upload Supporting Doc- Preview/Upload File Adding'

2018-12-12 16:20:43 - [MESSAGE][PASSED] - File 'C:\Users\Public\Pictures\Sample Pictures\Koala.jpg' sent to object: 'Object Repository/Final Object Repo/New Registration - Registration Module Pages/Third Screen - Upload Supporting Doc- Preview/Upload File Adding'

2018-12-12 16:20:43 - [TEST_STEP][PASSED] - delay: Delayed 5 second(s)

2018-12-12 16:20:48 - [MESSAGE][PASSED] - Delayed 5 second(s)

2018-12-12 16:20:48 - [TEST_STEP][PASSED] - click: Object: 'Object Repository/Final Object Repo/New Registration - Registration Module Pages/Third Screen - Upload Supporting Doc- Preview/Inner Form Add Document Button' is clicked on

2018-12-12 16:20:48 - [MESSAGE][PASSED] - Object: 'Object Repository/Final Object Repo/New Registration - Registration Module Pages/Third Screen - Upload Supporting Doc- Preview/Inner Form Add Document Button' is clicked on

2018-12-12 16:20:48 - [TEST_STEP][PASSED] - delay: Delayed 3 second(s)

2018-12-12 16:20:51 - [MESSAGE][PASSED] - Delayed 3 second(s)

2018-12-12 16:20:51 - [TEST_STEP][PASSED] - waitForElementClickable: Object 'Object Repository/Final Object Repo/New Registration - Registration Module Pages/Third Screen - Upload Supporting Doc- Preview/Save n Continue in Uploading Supporting Doc Page' is clickable

2018-12-12 16:20:54 - [MESSAGE][PASSED] - Object 'Object Repository/Final Object Repo/New Registration - Registration Module Pages/Third Screen - Upload Supporting Doc- Preview/Save n Continue in Uploading Supporting Doc Page' is clickable

2018-12-12 16:20:54 - [TEST_STEP][PASSED] - click: Object: 'Object Repository/Final Object Repo/New Registration - Registration Module Pages/Third Screen - Upload Supporting Doc- Preview/Save n Continue in Uploading Supporting Doc Page' is clicked on

2018-12-12 16:20:54 - [MESSAGE][PASSED] - Object: 'Object Repository/Final Object Repo/New Registration - Registration Module Pages/Third Screen - Upload Supporting Doc- Preview/Save n Continue in Uploading Supporting Doc Page' is clicked on

2018-12-12 16:20:54 - [MESSAGE][PASSED] - Call Test Case 'Test Cases/Final Aug 2018 - PKS Automation/Registration Module/New Registration/Flow of New Registration/Third Screen - Upload Supporting Doc - Preview' successfully

2018-12-12 16:20:54 - [TEST_STEP][PASSED] - callTestCase: Call Test Case 'Test Cases/Final Aug 2018 - PKS Automation/Registration Module/New Registration/Submit and Screenshot/Submit Registration and Screenshot' successfully

2018-12-12 16:20:54 - [TEST_CASE][PASSED] - Test Cases/Final Aug 2018 - PKS Automation/Registration Module/New Registration/Submit and Screenshot/Submit Registration and Screenshot: Test Cases/Final Aug 2018 - PKS Automation/Registration Module/New Registration/Submit and Screenshot/Submit Registration and Screenshot

2018-12-12 16:20:54 - [TEST_STEP][PASSED] - delay: Delayed 6 second(s)

2018-12-12 16:21:00 - [MESSAGE][PASSED] - Delayed 6 second(s)

2018-12-12 16:21:00 - [TEST_STEP][PASSED] - click: Object: 'Object Repository/Final Object Repo/New Registration - Registration Module Pages/Third Screen - Upload Supporting Doc- Preview/Preview Submit Button' is clicked on

2018-12-12 16:21:00 - [MESSAGE][PASSED] - Object: 'Object Repository/Final Object Repo/New Registration - Registration Module Pages/Third Screen - Upload Supporting Doc- Preview/Preview Submit Button' is clicked on

2018-12-12 16:21:00 - [TEST_STEP][PASSED] - delay: Delayed 2 second(s)

2018-12-12 16:21:02 - [MESSAGE][PASSED] - Delayed 2 second(s)

2018-12-12 16:21:02 - [TEST_STEP][PASSED] - click: Object: 'Object Repository/Final Object Repo/New Registration - Registration Module Pages/Third Screen - Upload Supporting Doc- Preview/Preview Submit - Confirm' is clicked on

2018-12-12 16:21:03 - [MESSAGE][PASSED] - Object: 'Object Repository/Final Object Repo/New Registration - Registration Module Pages/Third Screen - Upload Supporting Doc- Preview/Preview Submit - Confirm' is clicked on

2018-12-12 16:21:03 - [TEST_STEP][PASSED] - delay: Delayed 15 second(s)

2018-12-12 16:21:18 - [MESSAGE][PASSED] - Delayed 15 second(s)

2018-12-12 16:21:18 - [TEST_STEP][PASSED] - Statement - driver = com.kms.katalon.core.webui.driver.DriverFactory.getWebDriver(): null

2018-12-12 16:21:18 - [TEST_STEP][PASSED] - Statement - driver.manage().timeouts().implicitlyWait(10, SECONDS): null

2018-12-12 16:21:18 - [TEST_STEP][PASSED] - Statement - PresavePath = KatalonScreenshots: null

2018-12-12 16:21:18 - [TEST_STEP][PASSED] - Statement - pathPrefix = "C:\Users\Public\Pictures\Sample Pictures\Katalon Screenshots\Automate Ending Screen": null

2018-12-12 16:21:18 - [TEST_STEP][PASSED] - Statement - finalPath = <not implemented yet for class: org.codehaus.groovy.ast.expr.EmptyExpression>: null

2018-12-12 16:21:18 - [TEST_STEP][PASSED] - Statement - scrFile = driver.getScreenshotAs(FILE): null

2018-12-12 16:21:18 - [TEST_STEP][PASSED] - Statement - PreSaveFile = new java.io.File(PresavePath): null

2018-12-12 16:21:18 - [TEST_STEP][PASSED] - Statement - counter = 0: null

2018-12-12 16:21:18 - [TEST_STEP][PASSED] - Statement - If (PreSaveFile.exists()): null

2018-12-12 16:21:18 - [TEST_STEP][PASSED] - Statement - While (PreSaveFile.exists()): null

2018-12-12 16:21:18 - [TEST_STEP][PASSED] - Statement - counter = counter + 1: null

2018-12-12 16:21:18 - [TEST_STEP][PASSED] - Statement - PreSaveFile = new java.io.File(((pathPrefix + java.lang.Integer.toString(counter)) + .png)): null

2018-12-12 16:21:18 - [TEST_STEP][PASSED] - Statement - counter = counter + 1: null

2018-12-12 16:21:18 - [TEST_STEP][PASSED] - Statement - PreSaveFile = new java.io.File(((pathPrefix + java.lang.Integer.toString(counter)) + .png)): null

2018-12-12 16:21:18 - [TEST_STEP][PASSED] - Statement - counter = counter + 1: null

2018-12-12 16:21:18 - [TEST_STEP][PASSED] - Statement - PreSaveFile = new java.io.File(((pathPrefix + java.lang.Integer.toString(counter)) + .png)): null

2018-12-12 16:21:18 - [TEST_STEP][PASSED] - Statement - counter = counter + 1: null

2018-12-12 16:21:18 - [TEST_STEP][PASSED] - Statement - PreSaveFile = new java.io.File(((pathPrefix + java.lang.Integer.toString(counter)) + .png)): null

2018-12-12 16:21:18 - [TEST_STEP][PASSED] - Statement - counter = counter + 1: null

2018-12-12 16:21:18 - [TEST_STEP][PASSED] - Statement - PreSaveFile = new java.io.File(((pathPrefix + java.lang.Integer.toString(counter)) + .png)): null

2018-12-12 16:21:18 - [TEST_STEP][PASSED] - Statement - counter = counter + 1: null

2018-12-12 16:21:18 - [TEST_STEP][PASSED] - Statement - PreSaveFile = new java.io.File(((pathPrefix + java.lang.Integer.toString(counter)) + .png)): null

2018-12-12 16:21:18 - [TEST_STEP][PASSED] - Statement - counter = counter + 1: null

2018-12-12 16:21:18 - [TEST_STEP][PASSED] - Statement - PreSaveFile = new java.io.File(((pathPrefix + java.lang.Integer.toString(counter)) + .png)): null

2018-12-12 16:21:18 - [TEST_STEP][PASSED] - Statement - counter = counter + 1: null

2018-12-12 16:21:18 - [TEST_STEP][PASSED] - Statement - PreSaveFile = new java.io.File(((pathPrefix + java.lang.Integer.toString(counter)) + .png)): null

2018-12-12 16:21:18 - [TEST_STEP][PASSED] - Statement - counter = counter + 1: null

2018-12-12 16:21:18 - [TEST_STEP][PASSED] - Statement - PreSaveFile = new java.io.File(((pathPrefix + java.lang.Integer.toString(counter)) + .png)): null

2018-12-12 16:21:18 - [TEST_STEP][PASSED] - Statement - counter = counter + 1: null

2018-12-12 16:21:18 - [TEST_STEP][PASSED] - Statement - PreSaveFile = new java.io.File(((pathPrefix + java.lang.Integer.toString(counter)) + .png)): null

2018-12-12 16:21:18 - [TEST_STEP][PASSED] - Statement - counter = counter + 1: null

2018-12-12 16:21:18 - [TEST_STEP][PASSED] - Statement - PreSaveFile = new java.io.File(((pathPrefix + java.lang.Integer.toString(counter)) + .png)): null

2018-12-12 16:21:18 - [TEST_STEP][PASSED] - Statement - counter = counter + 1: null

2018-12-12 16:21:18 - [TEST_STEP][PASSED] - Statement - PreSaveFile = new java.io.File(((pathPrefix + java.lang.Integer.toString(counter)) + .png)): null

2018-12-12 16:21:18 - [TEST_STEP][PASSED] - Statement - counter = counter + 1: null

2018-12-12 16:21:18 - [TEST_STEP][PASSED] - Statement - PreSaveFile = new java.io.File(((pathPrefix + java.lang.Integer.toString(counter)) + .png)): null

2018-12-12 16:21:18 - [TEST_STEP][PASSED] - Statement - counter = counter + 1: null

2018-12-12 16:21:18 - [TEST_STEP][PASSED] - Statement - PreSaveFile = new java.io.File(((pathPrefix + java.lang.Integer.toString(counter)) + .png)): null

2018-12-12 16:21:18 - [TEST_STEP][PASSED] - Statement - counter = counter + 1: null

2018-12-12 16:21:18 - [TEST_STEP][PASSED] - Statement - PreSaveFile = new java.io.File(((pathPrefix + java.lang.Integer.toString(counter)) + .png)): null

2018-12-12 16:21:18 - [TEST_STEP][PASSED] - Statement - counter = counter + 1: null

2018-12-12 16:21:18 - [TEST_STEP][PASSED] - Statement - PreSaveFile = new java.io.File(((pathPrefix + java.lang.Integer.toString(counter)) + .png)): null

2018-12-12 16:21:18 - [TEST_STEP][PASSED] - Statement - counter = counter + 1: null

2018-12-12 16:21:18 - [TEST_STEP][PASSED] - Statement - PreSaveFile = new java.io.File(((pathPrefix + java.lang.Integer.toString(counter)) + .png)): null

2018-12-12 16:21:18 - [TEST_STEP][PASSED] - Statement - counter = counter + 1: null

2018-12-12 16:21:18 - [TEST_STEP][PASSED] - Statement - PreSaveFile = new java.io.File(((pathPrefix + java.lang.Integer.toString(counter)) + .png)): null

2018-12-12 16:21:18 - [TEST_STEP][PASSED] - Statement - counter = counter + 1: null

2018-12-12 16:21:18 - [TEST_STEP][PASSED] - Statement - PreSaveFile = new java.io.File(((pathPrefix + java.lang.Integer.toString(counter)) + .png)): null

2018-12-12 16:21:18 - [TEST_STEP][PASSED] - Statement - counter = counter + 1: null

2018-12-12 16:21:18 - [TEST_STEP][PASSED] - Statement - PreSaveFile = new java.io.File(((pathPrefix + java.lang.Integer.toString(counter)) + .png)): null

2018-12-12 16:21:18 - [TEST_STEP][PASSED] - Statement - counter = counter + 1: null

2018-12-12 16:21:18 - [TEST_STEP][PASSED] - Statement - PreSaveFile = new java.io.File(((pathPrefix + java.lang.Integer.toString(counter)) + .png)): null

2018-12-12 16:21:18 - [TEST_STEP][PASSED] - Statement - counter = counter + 1: null

2018-12-12 16:21:18 - [TEST_STEP][PASSED] - Statement - PreSaveFile = new java.io.File(((pathPrefix + java.lang.Integer.toString(counter)) + .png)): null

2018-12-12 16:21:18 - [TEST_STEP][PASSED] - Statement - counter = counter + 1: null

2018-12-12 16:21:18 - [TEST_STEP][PASSED] - Statement - PreSaveFile = new java.io.File(((pathPrefix + java.lang.Integer.toString(counter)) + .png)): null

2018-12-12 16:21:18 - [TEST_STEP][PASSED] - Statement - counter = counter + 1: null

2018-12-12 16:21:18 - [TEST_STEP][PASSED] - Statement - PreSaveFile = new java.io.File(((pathPrefix + java.lang.Integer.toString(counter)) + .png)): null

2018-12-12 16:21:18 - [TEST_STEP][PASSED] - Statement - counter = counter + 1: null

2018-12-12 16:21:18 - [TEST_STEP][PASSED] - Statement - PreSaveFile = new java.io.File(((pathPrefix + java.lang.Integer.toString(counter)) + .png)): null

2018-12-12 16:21:18 - [TEST_STEP][PASSED] - Statement - counter = counter + 1: null

2018-12-12 16:21:18 - [TEST_STEP][PASSED] - Statement - PreSaveFile = new java.io.File(((pathPrefix + java.lang.Integer.toString(counter)) + .png)): null

2018-12-12 16:21:18 - [TEST_STEP][PASSED] - Statement - counter = counter + 1: null

2018-12-12 16:21:18 - [TEST_STEP][PASSED] - Statement - PreSaveFile = new java.io.File(((pathPrefix + java.lang.Integer.toString(counter)) + .png)): null

2018-12-12 16:21:18 - [TEST_STEP][PASSED] - Statement - counter = counter + 1: null

2018-12-12 16:21:18 - [TEST_STEP][PASSED] - Statement - PreSaveFile = new java.io.File(((pathPrefix + java.lang.Integer.toString(counter)) + .png)): null

2018-12-12 16:21:18 - [TEST_STEP][PASSED] - Statement - counter = counter + 1: null

2018-12-12 16:21:18 - [TEST_STEP][PASSED] - Statement - PreSaveFile = new java.io.File(((pathPrefix + java.lang.Integer.toString(counter)) + .png)): null

2018-12-12 16:21:18 - [TEST_STEP][PASSED] - Statement - counter = counter + 1: null

2018-12-12 16:21:18 - [TEST_STEP][PASSED] - Statement - PreSaveFile = new java.io.File(((pathPrefix + java.lang.Integer.toString(counter)) + .png)): null

2018-12-12 16:21:18 - [TEST_STEP][PASSED] - Statement - counter = counter + 1: null

2018-12-12 16:21:18 - [TEST_STEP][PASSED] - Statement - PreSaveFile = new java.io.File(((pathPrefix + java.lang.Integer.toString(counter)) + .png)): null

2018-12-12 16:21:18 - [TEST_STEP][PASSED] - Statement - counter = counter + 1: null

2018-12-12 16:21:18 - [TEST_STEP][PASSED] - Statement - PreSaveFile = new java.io.File(((pathPrefix + java.lang.Integer.toString(counter)) + .png)): null

2018-12-12 16:21:18 - [TEST_STEP][PASSED] - Statement - counter = counter + 1: null

2018-12-12 16:21:18 - [TEST_STEP][PASSED] - Statement - PreSaveFile = new java.io.File(((pathPrefix + java.lang.Integer.toString(counter)) + .png)): null

2018-12-12 16:21:18 - [TEST_STEP][PASSED] - Statement - counter = counter + 1: null

2018-12-12 16:21:18 - [TEST_STEP][PASSED] - Statement - PreSaveFile = new java.io.File(((pathPrefix + java.lang.Integer.toString(counter)) + .png)): null

2018-12-12 16:21:18 - [TEST_STEP][PASSED] - Statement - counter = counter + 1: null

2018-12-12 16:21:18 - [TEST_STEP][PASSED] - Statement - PreSaveFile = new java.io.File(((pathPrefix + java.lang.Integer.toString(counter)) + .png)): null

2018-12-12 16:21:18 - [TEST_STEP][PASSED] - Statement - counter = counter + 1: null

2018-12-12 16:21:18 - [TEST_STEP][PASSED] - Statement - PreSaveFile = new java.io.File(((pathPrefix + java.lang.Integer.toString(counter)) + .png)): null

2018-12-12 16:21:18 - [TEST_STEP][PASSED] - Statement - counter = counter + 1: null

2018-12-12 16:21:18 - [TEST_STEP][PASSED] - Statement - PreSaveFile = new java.io.File(((pathPrefix + java.lang.Integer.toString(counter)) + .png)): null

2018-12-12 16:21:18 - [TEST_STEP][PASSED] - Statement - counter = counter + 1: null

2018-12-12 16:21:18 - [TEST_STEP][PASSED] - Statement - PreSaveFile = new java.io.File(((pathPrefix + java.lang.Integer.toString(counter)) + .png)): null

2018-12-12 16:21:18 - [TEST_STEP][PASSED] - Statement - counter = counter + 1: null

2018-12-12 16:21:18 - [TEST_STEP][PASSED] - Statement - PreSaveFile = new java.io.File(((pathPrefix + java.lang.Integer.toString(counter)) + .png)): null

2018-12-12 16:21:18 - [TEST_STEP][PASSED] - Statement - counter = counter + 1: null

2018-12-12 16:21:18 - [TEST_STEP][PASSED] - Statement - PreSaveFile = new java.io.File(((pathPrefix + java.lang.Integer.toString(counter)) + .png)): null

2018-12-12 16:21:18 - [TEST_STEP][PASSED] - Statement - counter = counter + 1: null

2018-12-12 16:21:18 - [TEST_STEP][PASSED] - Statement - PreSaveFile = new java.io.File(((pathPrefix + java.lang.Integer.toString(counter)) + .png)): null

2018-12-12 16:21:18 - [TEST_STEP][PASSED] - Statement - counter = counter + 1: null

2018-12-12 16:21:18 - [TEST_STEP][PASSED] - Statement - PreSaveFile = new java.io.File(((pathPrefix + java.lang.Integer.toString(counter)) + .png)): null

2018-12-12 16:21:18 - [TEST_STEP][PASSED] - Statement - counter = counter + 1: null

2018-12-12 16:21:18 - [TEST_STEP][PASSED] - Statement - PreSaveFile = new java.io.File(((pathPrefix + java.lang.Integer.toString(counter)) + .png)): null

2018-12-12 16:21:18 - [TEST_STEP][PASSED] - Statement - counter = counter + 1: null

2018-12-12 16:21:18 - [TEST_STEP][PASSED] - Statement - PreSaveFile = new java.io.File(((pathPrefix + java.lang.Integer.toString(counter)) + .png)): null

2018-12-12 16:21:18 - [TEST_STEP][PASSED] - Statement - counter = counter + 1: null

2018-12-12 16:21:18 - [TEST_STEP][PASSED] - Statement - PreSaveFile = new java.io.File(((pathPrefix + java.lang.Integer.toString(counter)) + .png)): null

2018-12-12 16:21:18 - [TEST_STEP][PASSED] - Statement - counter = counter + 1: null

2018-12-12 16:21:18 - [TEST_STEP][PASSED] - Statement - PreSaveFile = new java.io.File(((pathPrefix + java.lang.Integer.toString(counter)) + .png)): null

2018-12-12 16:21:18 - [TEST_STEP][PASSED] - Statement - counter = counter + 1: null

2018-12-12 16:21:18 - [TEST_STEP][PASSED] - Statement - PreSaveFile = new java.io.File(((pathPrefix + java.lang.Integer.toString(counter)) + .png)): null

2018-12-12 16:21:18 - [TEST_STEP][PASSED] - Statement - counter = counter + 1: null

2018-12-12 16:21:18 - [TEST_STEP][PASSED] - Statement - PreSaveFile = new java.io.File(((pathPrefix + java.lang.Integer.toString(counter)) + .png)): null

2018-12-12 16:21:18 - [TEST_STEP][PASSED] - Statement - counter = counter + 1: null

2018-12-12 16:21:18 - [TEST_STEP][PASSED] - Statement - PreSaveFile = new java.io.File(((pathPrefix + java.lang.Integer.toString(counter)) + .png)): null

2018-12-12 16:21:18 - [TEST_STEP][PASSED] - Statement - counter = counter + 1: null

2018-12-12 16:21:18 - [TEST_STEP][PASSED] - Statement - PreSaveFile = new java.io.File(((pathPrefix + java.lang.Integer.toString(counter)) + .png)): null

2018-12-12 16:21:18 - [TEST_STEP][PASSED] - Statement - counter = counter + 1: null

2018-12-12 16:21:18 - [TEST_STEP][PASSED] - Statement - PreSaveFile = new java.io.File(((pathPrefix + java.lang.Integer.toString(counter)) + .png)): null

2018-12-12 16:21:18 - [TEST_STEP][PASSED] - Statement - counter = counter + 1: null

2018-12-12 16:21:18 - [TEST_STEP][PASSED] - Statement - PreSaveFile = new java.io.File(((pathPrefix + java.lang.Integer.toString(counter)) + .png)): null

2018-12-12 16:21:18 - [TEST_STEP][PASSED] - Statement - counter = counter + 1: null

2018-12-12 16:21:18 - [TEST_STEP][PASSED] - Statement - PreSaveFile = new java.io.File(((pathPrefix + java.lang.Integer.toString(counter)) + .png)): null

2018-12-12 16:21:18 - [TEST_STEP][PASSED] - Statement - counter = counter + 1: null

2018-12-12 16:21:18 - [TEST_STEP][PASSED] - Statement - PreSaveFile = new java.io.File(((pathPrefix + java.lang.Integer.toString(counter)) + .png)): null

2018-12-12 16:21:18 - [TEST_STEP][PASSED] - Statement - counter = counter + 1: null

2018-12-12 16:21:18 - [TEST_STEP][PASSED] - Statement - PreSaveFile = new java.io.File(((pathPrefix + java.lang.Integer.toString(counter)) + .png)): null

2018-12-12 16:21:18 - [TEST_STEP][PASSED] - Statement - counter = counter + 1: null

2018-12-12 16:21:18 - [TEST_STEP][PASSED] - Statement - PreSaveFile = new java.io.File(((pathPrefix + java.lang.Integer.toString(counter)) + .png)): null

2018-12-12 16:21:18 - [TEST_STEP][PASSED] - Statement - counter = counter + 1: null

2018-12-12 16:21:18 - [TEST_STEP][PASSED] - Statement - PreSaveFile = new java.io.File(((pathPrefix + java.lang.Integer.toString(counter)) + .png)): null

2018-12-12 16:21:18 - [TEST_STEP][PASSED] - Statement - counter = counter + 1: null

2018-12-12 16:21:18 - [TEST_STEP][PASSED] - Statement - PreSaveFile = new java.io.File(((pathPrefix + java.lang.Integer.toString(counter)) + .png)): null

2018-12-12 16:21:18 - [TEST_STEP][PASSED] - Statement - counter = counter + 1: null

2018-12-12 16:21:18 - [TEST_STEP][PASSED] - Statement - PreSaveFile = new java.io.File(((pathPrefix + java.lang.Integer.toString(counter)) + .png)): null

2018-12-12 16:21:18 - [TEST_STEP][PASSED] - Statement - counter = counter + 1: null

2018-12-12 16:21:18 - [TEST_STEP][PASSED] - Statement - PreSaveFile = new java.io.File(((pathPrefix + java.lang.Integer.toString(counter)) + .png)): null

2018-12-12 16:21:18 - [TEST_STEP][PASSED] - Statement - counter = counter + 1: null

2018-12-12 16:21:18 - [TEST_STEP][PASSED] - Statement - PreSaveFile = new java.io.File(((pathPrefix + java.lang.Integer.toString(counter)) + .png)): null

2018-12-12 16:21:18 - [TEST_STEP][PASSED] - Statement - counter = counter + 1: null

2018-12-12 16:21:18 - [TEST_STEP][PASSED] - Statement - PreSaveFile = new java.io.File(((pathPrefix + java.lang.Integer.toString(counter)) + .png)): null

2018-12-12 16:21:18 - [TEST_STEP][PASSED] - Statement - counter = counter + 1: null

2018-12-12 16:21:18 - [TEST_STEP][PASSED] - Statement - PreSaveFile = new java.io.File(((pathPrefix + java.lang.Integer.toString(counter)) + .png)): null

2018-12-12 16:21:18 - [TEST_STEP][PASSED] - Statement - counter = counter + 1: null

2018-12-12 16:21:18 - [TEST_STEP][PASSED] - Statement - PreSaveFile = new java.io.File(((pathPrefix + java.lang.Integer.toString(counter)) + .png)): null

2018-12-12 16:21:18 - [TEST_STEP][PASSED] - Statement - counter = counter + 1: null

2018-12-12 16:21:18 - [TEST_STEP][PASSED] - Statement - PreSaveFile = new java.io.File(((pathPrefix + java.lang.Integer.toString(counter)) + .png)): null

2018-12-12 16:21:18 - [TEST_STEP][PASSED] - Statement - counter = counter + 1: null

2018-12-12 16:21:18 - [TEST_STEP][PASSED] - Statement - PreSaveFile = new java.io.File(((pathPrefix + java.lang.Integer.toString(counter)) + .png)): null

2018-12-12 16:21:18 - [TEST_STEP][PASSED] - Statement - counter = counter + 1: null

2018-12-12 16:21:18 - [TEST_STEP][PASSED] - Statement - PreSaveFile = new java.io.File(((pathPrefix + java.lang.Integer.toString(counter)) + .png)): null

2018-12-12 16:21:18 - [TEST_STEP][PASSED] - Statement - counter = counter + 1: null

2018-12-12 16:21:18 - [TEST_STEP][PASSED] - Statement - PreSaveFile = new java.io.File(((pathPrefix + java.lang.Integer.toString(counter)) + .png)): null

2018-12-12 16:21:18 - [TEST_STEP][PASSED] - Statement - counter = counter + 1: null

2018-12-12 16:21:19 - [TEST_STEP][PASSED] - Statement - PreSaveFile = new java.io.File(((pathPrefix + java.lang.Integer.toString(counter)) + .png)): null

2018-12-12 16:21:19 - [TEST_STEP][PASSED] - Statement - counter = counter + 1: null

2018-12-12 16:21:19 - [TEST_STEP][PASSED] - Statement - PreSaveFile = new java.io.File(((pathPrefix + java.lang.Integer.toString(counter)) + .png)): null

2018-12-12 16:21:19 - [TEST_STEP][PASSED] - Statement - counter = counter + 1: null

2018-12-12 16:21:19 - [TEST_STEP][PASSED] - Statement - PreSaveFile = new java.io.File(((pathPrefix + java.lang.Integer.toString(counter)) + .png)): null

2018-12-12 16:21:19 - [TEST_STEP][PASSED] - Statement - counter = counter + 1: null

2018-12-12 16:21:19 - [TEST_STEP][PASSED] - Statement - PreSaveFile = new java.io.File(((pathPrefix + java.lang.Integer.toString(counter)) + .png)): null

2018-12-12 16:21:19 - [TEST_STEP][PASSED] - Statement - counter = counter + 1: null

2018-12-12 16:21:19 - [TEST_STEP][PASSED] - Statement - PreSaveFile = new java.io.File(((pathPrefix + java.lang.Integer.toString(counter)) + .png)): null

2018-12-12 16:21:19 - [TEST_STEP][PASSED] - Statement - counter = counter + 1: null

2018-12-12 16:21:19 - [TEST_STEP][PASSED] - Statement - PreSaveFile = new java.io.File(((pathPrefix + java.lang.Integer.toString(counter)) + .png)): null

2018-12-12 16:21:19 - [TEST_STEP][PASSED] - Statement - counter = counter + 1: null

2018-12-12 16:21:19 - [TEST_STEP][PASSED] - Statement - PreSaveFile = new java.io.File(((pathPrefix + java.lang.Integer.toString(counter)) + .png)): null

2018-12-12 16:21:19 - [TEST_STEP][PASSED] - Statement - counter = counter + 1: null

2018-12-12 16:21:19 - [TEST_STEP][PASSED] - Statement - PreSaveFile = new java.io.File(((pathPrefix + java.lang.Integer.toString(counter)) + .png)): null

2018-12-12 16:21:19 - [TEST_STEP][PASSED] - Statement - counter = counter + 1: null

2018-12-12 16:21:19 - [TEST_STEP][PASSED] - Statement - PreSaveFile = new java.io.File(((pathPrefix + java.lang.Integer.toString(counter)) + .png)): null

2018-12-12 16:21:19 - [TEST_STEP][PASSED] - Statement - counter = counter + 1: null

2018-12-12 16:21:19 - [TEST_STEP][PASSED] - Statement - PreSaveFile = new java.io.File(((pathPrefix + java.lang.Integer.toString(counter)) + .png)): null

2018-12-12 16:21:19 - [TEST_STEP][PASSED] - Statement - counter = counter + 1: null

2018-12-12 16:21:19 - [TEST_STEP][PASSED] - Statement - PreSaveFile = new java.io.File(((pathPrefix + java.lang.Integer.toString(counter)) + .png)): null

2018-12-12 16:21:19 - [TEST_STEP][PASSED] - Statement - counter = counter + 1: null

2018-12-12 16:21:19 - [TEST_STEP][PASSED] - Statement - PreSaveFile = new java.io.File(((pathPrefix + java.lang.Integer.toString(counter)) + .png)): null

2018-12-12 16:21:19 - [TEST_STEP][PASSED] - Statement - counter = counter + 1: null

2018-12-12 16:21:19 - [TEST_STEP][PASSED] - Statement - PreSaveFile = new java.io.File(((pathPrefix + java.lang.Integer.toString(counter)) + .png)): null

2018-12-12 16:21:19 - [TEST_STEP][PASSED] - Statement - counter = counter + 1: null

2018-12-12 16:21:19 - [TEST_STEP][PASSED] - Statement - PreSaveFile = new java.io.File(((pathPrefix + java.lang.Integer.toString(counter)) + .png)): null

2018-12-12 16:21:19 - [TEST_STEP][PASSED] - Statement - counter = counter + 1: null

2018-12-12 16:21:19 - [TEST_STEP][PASSED] - Statement - PreSaveFile = new java.io.File(((pathPrefix + java.lang.Integer.toString(counter)) + .png)): null

2018-12-12 16:21:19 - [TEST_STEP][PASSED] - Statement - counter = counter + 1: null

2018-12-12 16:21:19 - [TEST_STEP][PASSED] - Statement - PreSaveFile = new java.io.File(((pathPrefix + java.lang.Integer.toString(counter)) + .png)): null

2018-12-12 16:21:19 - [TEST_STEP][PASSED] - Statement - counter = counter + 1: null

2018-12-12 16:21:19 - [TEST_STEP][PASSED] - Statement - PreSaveFile = new java.io.File(((pathPrefix + java.lang.Integer.toString(counter)) + .png)): null

2018-12-12 16:21:19 - [TEST_STEP][PASSED] - Statement - counter = counter + 1: null

2018-12-12 16:21:19 - [TEST_STEP][PASSED] - Statement - PreSaveFile = new java.io.File(((pathPrefix + java.lang.Integer.toString(counter)) + .png)): null

2018-12-12 16:21:19 - [TEST_STEP][PASSED] - Statement - counter = counter + 1: null

2018-12-12 16:21:19 - [TEST_STEP][PASSED] - Statement - PreSaveFile = new java.io.File(((pathPrefix + java.lang.Integer.toString(counter)) + .png)): null

2018-12-12 16:21:19 - [TEST_STEP][PASSED] - Statement - counter = counter + 1: null

2018-12-12 16:21:19 - [TEST_STEP][PASSED] - Statement - PreSaveFile = new java.io.File(((pathPrefix + java.lang.Integer.toString(counter)) + .png)): null

2018-12-12 16:21:19 - [TEST_STEP][PASSED] - Statement - counter = counter + 1: null

2018-12-12 16:21:19 - [TEST_STEP][PASSED] - Statement - PreSaveFile = new java.io.File(((pathPrefix + java.lang.Integer.toString(counter)) + .png)): null

2018-12-12 16:21:19 - [TEST_STEP][PASSED] - Statement - counter = counter + 1: null

2018-12-12 16:21:19 - [TEST_STEP][PASSED] - Statement - PreSaveFile = new java.io.File(((pathPrefix + java.lang.Integer.toString(counter)) + .png)): null

2018-12-12 16:21:19 - [TEST_STEP][PASSED] - Statement - counter = counter + 1: null

2018-12-12 16:21:19 - [TEST_STEP][PASSED] - Statement - PreSaveFile = new java.io.File(((pathPrefix + java.lang.Integer.toString(counter)) + .png)): null

2018-12-12 16:21:19 - [TEST_STEP][PASSED] - Statement - counter = counter + 1: null

2018-12-12 16:21:19 - [TEST_STEP][PASSED] - Statement - PreSaveFile = new java.io.File(((pathPrefix + java.lang.Integer.toString(counter)) + .png)): null

2018-12-12 16:21:19 - [TEST_STEP][PASSED] - Statement - counter = counter + 1: null

2018-12-12 16:21:19 - [TEST_STEP][PASSED] - Statement - PreSaveFile = new java.io.File(((pathPrefix + java.lang.Integer.toString(counter)) + .png)): null

2018-12-12 16:21:19 - [TEST_STEP][PASSED] - Statement - counter = counter + 1: null

2018-12-12 16:21:19 - [TEST_STEP][PASSED] - Statement - PreSaveFile = new java.io.File(((pathPrefix + java.lang.Integer.toString(counter)) + .png)): null

2018-12-12 16:21:19 - [TEST_STEP][PASSED] - Statement - counter = counter + 1: null

2018-12-12 16:21:19 - [TEST_STEP][PASSED] - Statement - PreSaveFile = new java.io.File(((pathPrefix + java.lang.Integer.toString(counter)) + .png)): null

2018-12-12 16:21:19 - [TEST_STEP][PASSED] - Statement - counter = counter + 1: null

2018-12-12 16:21:19 - [TEST_STEP][PASSED] - Statement - PreSaveFile = new java.io.File(((pathPrefix + java.lang.Integer.toString(counter)) + .png)): null

2018-12-12 16:21:19 - [TEST_STEP][PASSED] - Statement - counter = counter + 1: null

2018-12-12 16:21:19 - [TEST_STEP][PASSED] - Statement - PreSaveFile = new java.io.File(((pathPrefix + java.lang.Integer.toString(counter)) + .png)): null

2018-12-12 16:21:19 - [TEST_STEP][PASSED] - Statement - counter = counter + 1: null

2018-12-12 16:21:19 - [TEST_STEP][PASSED] - Statement - PreSaveFile = new java.io.File(((pathPrefix + java.lang.Integer.toString(counter)) + .png)): null

2018-12-12 16:21:19 - [TEST_STEP][PASSED] - Statement - counter = counter + 1: null

2018-12-12 16:21:19 - [TEST_STEP][PASSED] - Statement - PreSaveFile = new java.io.File(((pathPrefix + java.lang.Integer.toString(counter)) + .png)): null

2018-12-12 16:21:19 - [TEST_STEP][PASSED] - Statement - counter = counter + 1: null

2018-12-12 16:21:19 - [TEST_STEP][PASSED] - Statement - PreSaveFile = new java.io.File(((pathPrefix + java.lang.Integer.toString(counter)) + .png)): null

2018-12-12 16:21:19 - [TEST_STEP][PASSED] - Statement - counter = counter + 1: null

2018-12-12 16:21:19 - [TEST_STEP][PASSED] - Statement - PreSaveFile = new java.io.File(((pathPrefix + java.lang.Integer.toString(counter)) + .png)): null

2018-12-12 16:21:19 - [TEST_STEP][PASSED] - Statement - counter = counter + 1: null

2018-12-12 16:21:19 - [TEST_STEP][PASSED] - Statement - PreSaveFile = new java.io.File(((pathPrefix + java.lang.Integer.toString(counter)) + .png)): null

2018-12-12 16:21:19 - [TEST_STEP][PASSED] - Statement - counter = counter + 1: null

2018-12-12 16:21:19 - [TEST_STEP][PASSED] - Statement - PreSaveFile = new java.io.File(((pathPrefix + java.lang.Integer.toString(counter)) + .png)): null

2018-12-12 16:21:19 - [TEST_STEP][PASSED] - Statement - counter = counter + 1: null

2018-12-12 16:21:19 - [TEST_STEP][PASSED] - Statement - PreSaveFile = new java.io.File(((pathPrefix + java.lang.Integer.toString(counter)) + .png)): null

2018-12-12 16:21:19 - [TEST_STEP][PASSED] - Statement - counter = counter + 1: null

2018-12-12 16:21:19 - [TEST_STEP][PASSED] - Statement - PreSaveFile = new java.io.File(((pathPrefix + java.lang.Integer.toString(counter)) + .png)): null

2018-12-12 16:21:19 - [TEST_STEP][PASSED] - Statement - counter = counter + 1: null

2018-12-12 16:21:19 - [TEST_STEP][PASSED] - Statement - PreSaveFile = new java.io.File(((pathPrefix + java.lang.Integer.toString(counter)) + .png)): null

2018-12-12 16:21:19 - [TEST_STEP][PASSED] - Statement - counter = counter + 1: null

2018-12-12 16:21:19 - [TEST_STEP][PASSED] - Statement - PreSaveFile = new java.io.File(((pathPrefix + java.lang.Integer.toString(counter)) + .png)): null

2018-12-12 16:21:19 - [TEST_STEP][PASSED] - Statement - counter = counter + 1: null

2018-12-12 16:21:19 - [TEST_STEP][PASSED] - Statement - PreSaveFile = new java.io.File(((pathPrefix + java.lang.Integer.toString(counter)) + .png)): null

2018-12-12 16:21:19 - [TEST_STEP][PASSED] - Statement - counter = counter + 1: null

2018-12-12 16:21:19 - [TEST_STEP][PASSED] - Statement - PreSaveFile = new java.io.File(((pathPrefix + java.lang.Integer.toString(counter)) + .png)): null

2018-12-12 16:21:19 - [TEST_STEP][PASSED] - Statement - counter = counter + 1: null

2018-12-12 16:21:19 - [TEST_STEP][PASSED] - Statement - PreSaveFile = new java.io.File(((pathPrefix + java.lang.Integer.toString(counter)) + .png)): null

2018-12-12 16:21:19 - [TEST_STEP][PASSED] - Statement - counter = counter + 1: null

2018-12-12 16:21:19 - [TEST_STEP][PASSED] - Statement - PreSaveFile = new java.io.File(((pathPrefix + java.lang.Integer.toString(counter)) + .png)): null

2018-12-12 16:21:19 - [TEST_STEP][PASSED] - Statement - counter = counter + 1: null

2018-12-12 16:21:19 - [TEST_STEP][PASSED] - Statement - PreSaveFile = new java.io.File(((pathPrefix + java.lang.Integer.toString(counter)) + .png)): null

2018-12-12 16:21:19 - [TEST_STEP][PASSED] - Statement - counter = counter + 1: null

2018-12-12 16:21:19 - [TEST_STEP][PASSED] - Statement - PreSaveFile = new java.io.File(((pathPrefix + java.lang.Integer.toString(counter)) + .png)): null

2018-12-12 16:21:19 - [TEST_STEP][PASSED] - Statement - counter = counter + 1: null

2018-12-12 16:21:19 - [TEST_STEP][PASSED] - Statement - PreSaveFile = new java.io.File(((pathPrefix + java.lang.Integer.toString(counter)) + .png)): null

2018-12-12 16:21:19 - [TEST_STEP][PASSED] - Statement - counter = counter + 1: null

2018-12-12 16:21:19 - [TEST_STEP][PASSED] - Statement - PreSaveFile = new java.io.File(((pathPrefix + java.lang.Integer.toString(counter)) + .png)): null

2018-12-12 16:21:19 - [TEST_STEP][PASSED] - Statement - counter = counter + 1: null

2018-12-12 16:21:19 - [TEST_STEP][PASSED] - Statement - PreSaveFile = new java.io.File(((pathPrefix + java.lang.Integer.toString(counter)) + .png)): null

2018-12-12 16:21:19 - [TEST_STEP][PASSED] - Statement - counter = counter + 1: null

2018-12-12 16:21:19 - [TEST_STEP][PASSED] - Statement - PreSaveFile = new java.io.File(((pathPrefix + java.lang.Integer.toString(counter)) + .png)): null

2018-12-12 16:21:19 - [TEST_STEP][PASSED] - Statement - counter = counter + 1: null

2018-12-12 16:21:19 - [TEST_STEP][PASSED] - Statement - PreSaveFile = new java.io.File(((pathPrefix + java.lang.Integer.toString(counter)) + .png)): null

2018-12-12 16:21:19 - [TEST_STEP][PASSED] - Statement - counter = counter + 1: null

2018-12-12 16:21:19 - [TEST_STEP][PASSED] - Statement - PreSaveFile = new java.io.File(((pathPrefix + java.lang.Integer.toString(counter)) + .png)): null

2018-12-12 16:21:19 - [TEST_STEP][PASSED] - Statement - counter = counter + 1: null

2018-12-12 16:21:19 - [TEST_STEP][PASSED] - Statement - PreSaveFile = new java.io.File(((pathPrefix + java.lang.Integer.toString(counter)) + .png)): null

2018-12-12 16:21:19 - [TEST_STEP][PASSED] - Statement - counter = counter + 1: null

2018-12-12 16:21:19 - [TEST_STEP][PASSED] - Statement - PreSaveFile = new java.io.File(((pathPrefix + java.lang.Integer.toString(counter)) + .png)): null

2018-12-12 16:21:19 - [TEST_STEP][PASSED] - Statement - counter = counter + 1: null

2018-12-12 16:21:19 - [TEST_STEP][PASSED] - Statement - PreSaveFile = new java.io.File(((pathPrefix + java.lang.Integer.toString(counter)) + .png)): null

2018-12-12 16:21:19 - [TEST_STEP][PASSED] - Statement - counter = counter + 1: null

2018-12-12 16:21:19 - [TEST_STEP][PASSED] - Statement - PreSaveFile = new java.io.File(((pathPrefix + java.lang.Integer.toString(counter)) + .png)): null

2018-12-12 16:21:19 - [TEST_STEP][PASSED] - Statement - counter = counter + 1: null

2018-12-12 16:21:19 - [TEST_STEP][PASSED] - Statement - PreSaveFile = new java.io.File(((pathPrefix + java.lang.Integer.toString(counter)) + .png)): null

2018-12-12 16:21:19 - [TEST_STEP][PASSED] - Statement - counter = counter + 1: null

2018-12-12 16:21:19 - [TEST_STEP][PASSED] - Statement - PreSaveFile = new java.io.File(((pathPrefix + java.lang.Integer.toString(counter)) + .png)): null

2018-12-12 16:21:19 - [TEST_STEP][PASSED] - Statement - counter = counter + 1: null

2018-12-12 16:21:19 - [TEST_STEP][PASSED] - Statement - PreSaveFile = new java.io.File(((pathPrefix + java.lang.Integer.toString(counter)) + .png)): null

2018-12-12 16:21:19 - [TEST_STEP][PASSED] - Statement - counter = counter + 1: null

2018-12-12 16:21:19 - [TEST_STEP][PASSED] - Statement - PreSaveFile = new java.io.File(((pathPrefix + java.lang.Integer.toString(counter)) + .png)): null

2018-12-12 16:21:19 - [TEST_STEP][PASSED] - Statement - counter = counter + 1: null

2018-12-12 16:21:19 - [TEST_STEP][PASSED] - Statement - PreSaveFile = new java.io.File(((pathPrefix + java.lang.Integer.toString(counter)) + .png)): null

2018-12-12 16:21:19 - [TEST_STEP][PASSED] - Statement - counter = counter + 1: null

2018-12-12 16:21:19 - [TEST_STEP][PASSED] - Statement - PreSaveFile = new java.io.File(((pathPrefix + java.lang.Integer.toString(counter)) + .png)): null

2018-12-12 16:21:19 - [TEST_STEP][PASSED] - Statement - counter = counter + 1: null

2018-12-12 16:21:19 - [TEST_STEP][PASSED] - Statement - PreSaveFile = new java.io.File(((pathPrefix + java.lang.Integer.toString(counter)) + .png)): null

2018-12-12 16:21:19 - [TEST_STEP][PASSED] - Statement - counter = counter + 1: null

2018-12-12 16:21:19 - [TEST_STEP][PASSED] - Statement - PreSaveFile = new java.io.File(((pathPrefix + java.lang.Integer.toString(counter)) + .png)): null

2018-12-12 16:21:19 - [TEST_STEP][PASSED] - Statement - counter = counter + 1: null

2018-12-12 16:21:19 - [TEST_STEP][PASSED] - Statement - PreSaveFile = new java.io.File(((pathPrefix + java.lang.Integer.toString(counter)) + .png)): null

2018-12-12 16:21:19 - [TEST_STEP][PASSED] - Statement - counter = counter + 1: null

2018-12-12 16:21:19 - [TEST_STEP][PASSED] - Statement - PreSaveFile = new java.io.File(((pathPrefix + java.lang.Integer.toString(counter)) + .png)): null

2018-12-12 16:21:19 - [TEST_STEP][PASSED] - Statement - counter = counter + 1: null

2018-12-12 16:21:19 - [TEST_STEP][PASSED] - Statement - PreSaveFile = new java.io.File(((pathPrefix + java.lang.Integer.toString(counter)) + .png)): null

2018-12-12 16:21:19 - [TEST_STEP][PASSED] - Statement - counter = counter + 1: null

2018-12-12 16:21:19 - [TEST_STEP][PASSED] - Statement - PreSaveFile = new java.io.File(((pathPrefix + java.lang.Integer.toString(counter)) + .png)): null

2018-12-12 16:21:19 - [TEST_STEP][PASSED] - Statement - counter = counter + 1: null

2018-12-12 16:21:19 - [TEST_STEP][PASSED] - Statement - PreSaveFile = new java.io.File(((pathPrefix + java.lang.Integer.toString(counter)) + .png)): null

2018-12-12 16:21:19 - [TEST_STEP][PASSED] - Statement - counter = counter + 1: null

2018-12-12 16:21:19 - [TEST_STEP][PASSED] - Statement - PreSaveFile = new java.io.File(((pathPrefix + java.lang.Integer.toString(counter)) + .png)): null

2018-12-12 16:21:19 - [TEST_STEP][PASSED] - Statement - counter = counter + 1: null

2018-12-12 16:21:19 - [TEST_STEP][PASSED] - Statement - PreSaveFile = new java.io.File(((pathPrefix + java.lang.Integer.toString(counter)) + .png)): null

2018-12-12 16:21:19 - [TEST_STEP][PASSED] - Statement - counter = counter + 1: null

2018-12-12 16:21:19 - [TEST_STEP][PASSED] - Statement - PreSaveFile = new java.io.File(((pathPrefix + java.lang.Integer.toString(counter)) + .png)): null

2018-12-12 16:21:19 - [TEST_STEP][PASSED] - Statement - counter = counter + 1: null

2018-12-12 16:21:19 - [TEST_STEP][PASSED] - Statement - PreSaveFile = new java.io.File(((pathPrefix + java.lang.Integer.toString(counter)) + .png)): null

2018-12-12 16:21:19 - [TEST_STEP][PASSED] - Statement - counter = counter + 1: null

2018-12-12 16:21:19 - [TEST_STEP][PASSED] - Statement - PreSaveFile = new java.io.File(((pathPrefix + java.lang.Integer.toString(counter)) + .png)): null

2018-12-12 16:21:19 - [TEST_STEP][PASSED] - Statement - counter = counter + 1: null

2018-12-12 16:21:19 - [TEST_STEP][PASSED] - Statement - PreSaveFile = new java.io.File(((pathPrefix + java.lang.Integer.toString(counter)) + .png)): null

2018-12-12 16:21:19 - [TEST_STEP][PASSED] - Statement - counter = counter + 1: null

2018-12-12 16:21:19 - [TEST_STEP][PASSED] - Statement - PreSaveFile = new java.io.File(((pathPrefix + java.lang.Integer.toString(counter)) + .png)): null

2018-12-12 16:21:19 - [TEST_STEP][PASSED] - Statement - counter = counter + 1: null

2018-12-12 16:21:19 - [TEST_STEP][PASSED] - Statement - PreSaveFile = new java.io.File(((pathPrefix + java.lang.Integer.toString(counter)) + .png)): null

2018-12-12 16:21:19 - [TEST_STEP][PASSED] - Statement - counter = counter + 1: null

2018-12-12 16:21:19 - [TEST_STEP][PASSED] - Statement - PreSaveFile = new java.io.File(((pathPrefix + java.lang.Integer.toString(counter)) + .png)): null

2018-12-12 16:21:19 - [TEST_STEP][PASSED] - Statement - counter = counter + 1: null

2018-12-12 16:21:19 - [TEST_STEP][PASSED] - Statement - PreSaveFile = new java.io.File(((pathPrefix + java.lang.Integer.toString(counter)) + .png)): null

2018-12-12 16:21:19 - [TEST_STEP][PASSED] - Statement - finalPath = pathPrefix + java.lang.Integer.toString(counter) + ".png": null

2018-12-12 16:21:19 - [TEST_STEP][PASSED] - Statement - SaveFile = new java.io.File(finalPath): null

2018-12-12 16:21:19 - [TEST_STEP][PASSED] - Statement - Try: null

2018-12-12 16:21:19 - [TEST_STEP][PASSED] - Statement - org.apache.commons.io.FileUtils.copyFile(scrFile, SaveFile): null

2018-12-12 16:21:19 - [TEST_STEP][PASSED] - Statement - out.println("file kept"): null

2018-12-12 16:21:19 - [TEST_STEP][PASSED] - delay: Delayed 10 second(s)

2018-12-12 16:21:29 - [MESSAGE][PASSED] - Delayed 10 second(s)

2018-12-12 16:21:29 - [MESSAGE][PASSED] - Call Test Case 'Test Cases/Final Aug 2018 - PKS Automation/Registration Module/New Registration/Submit and Screenshot/Submit Registration and Screenshot' successfully]]></system-out>
         <system-err><![CDATA[]]></system-err>
      </testcase>
      <testcase name="Test Cases/Final Aug 2018 - PKS Automation/Registration Module/Critical Path/New Registration/Sole Proprietor - Registered with SSM" classname="Test Cases/Final Aug 2018 - PKS Automation/Registration Module/Critical Path/New Registration/Sole Proprietor - Registered with SSM" status="PASSED">
         <system-out><![CDATA[2018-12-12 16:21:29 - [TEST_CASE][PASSED] - Test Cases/Final Aug 2018 - PKS Automation/Registration Module/Critical Path/New Registration/Sole Proprietor - Registered with SSM: Test Cases/Final Aug 2018 - PKS Automation/Registration Module/Critical Path/New Registration/Sole Proprietor - Registered with SSM

2018-12-12 16:21:29 - [TEST_STEP][PASSED] - callTestCase: Call Test Case 'Test Cases/Final Aug 2018 - PKS Automation/Registration Module/New Registration/Form 1/Form 1 - Sole Proprietor - Registered with SSM' successfully

2018-12-12 16:21:29 - [TEST_CASE][PASSED] - Test Cases/Final Aug 2018 - PKS Automation/Registration Module/New Registration/Form 1/Form 1 - Sole Proprietor - Registered with SSM: Test Cases/Final Aug 2018 - PKS Automation/Registration Module/New Registration/Form 1/Form 1 - Sole Proprietor - Registered with SSM

2018-12-12 16:21:30 - [TEST_STEP][PASSED] - openBrowser: Browser is opened with url: ''

2018-12-12 16:21:30 - [MESSAGE][WARNING] - A browser is already opened. Closing browser and opening a new one

2018-12-12 16:21:32 - [MESSAGE][PASSED] - Browser is opened with url: ''

2018-12-12 16:21:32 - [TEST_STEP][PASSED] - navigateToUrl: Navigate to 'https://assist2-uat.perkeso.gov.my/login' successfully

2018-12-12 16:21:33 - [MESSAGE][PASSED] - Navigate to 'https://assist2-uat.perkeso.gov.my/login' successfully

2018-12-12 16:21:33 - [TEST_STEP][PASSED] - setText: Text 'johorotc1@gmail.com' is set on object 'Object Repository/Final Object Repo/Login Page/Internal User/Email Address'

2018-12-12 16:21:35 - [MESSAGE][PASSED] - Text 'johorotc1@gmail.com' is set on object 'Object Repository/Final Object Repo/Login Page/Internal User/Email Address'

2018-12-12 16:21:35 - [TEST_STEP][PASSED] - click: Object: 'Object Repository/Final Object Repo/Login Page/Internal User/Next Button' is clicked on

2018-12-12 16:21:35 - [MESSAGE][PASSED] - Object: 'Object Repository/Final Object Repo/Login Page/Internal User/Next Button' is clicked on

2018-12-12 16:21:35 - [TEST_STEP][PASSED] - delay: Delayed 1 second(s)

2018-12-12 16:21:36 - [MESSAGE][PASSED] - Delayed 1 second(s)

2018-12-12 16:21:36 - [TEST_STEP][PASSED] - setEncryptedText: Text ****** has been set on object 'Object Repository/Final Object Repo/Login Page/Internal User/Password'

2018-12-12 16:21:38 - [MESSAGE][PASSED] - Text ****** has been set on object 'Object Repository/Final Object Repo/Login Page/Internal User/Password'

2018-12-12 16:21:38 - [TEST_STEP][PASSED] - click: Object: 'Object Repository/Final Object Repo/Login Page/Internal User/Login Button' is clicked on

2018-12-12 16:21:38 - [MESSAGE][PASSED] - Object: 'Object Repository/Final Object Repo/Login Page/Internal User/Login Button' is clicked on

2018-12-12 16:21:38 - [TEST_STEP][PASSED] - delay: Delayed 1 second(s)

2018-12-12 16:21:39 - [MESSAGE][PASSED] - Delayed 1 second(s)

2018-12-12 16:21:39 - [TEST_STEP][PASSED] - Statement - Try: Delayed 2 second(s)

2018-12-12 16:21:39 - [TEST_STEP][PASSED] - Statement - Checker = false: null

2018-12-12 16:21:39 - [TEST_STEP][PASSED] - Statement - Checker = com.kms.katalon.core.webui.keyword.WebUiBuiltInKeywords.verifyElementHasAttribute(com.kms.katalon.core.testobject.ObjectRepository.findTestObject(Final Object Repo/Landing Page/BM Detecting), "href", 20, OPTIONAL): Object 'Object Repository/Final Object Repo/Landing Page/BM Detecting' has attribute 'href'

2018-12-12 16:21:44 - [MESSAGE][PASSED] - Object 'Object Repository/Final Object Repo/Landing Page/BM Detecting' has attribute 'href'

2018-12-12 16:21:44 - [TEST_STEP][PASSED] - Statement - out.println(Checker): null

2018-12-12 16:21:44 - [TEST_STEP][PASSED] - Statement - If (Checker == false): null

2018-12-12 16:21:44 - [TEST_STEP][PASSED] - Statement - Else: null

2018-12-12 16:21:44 - [TEST_STEP][PASSED] - delay: Delayed 2 second(s)

2018-12-12 16:21:46 - [MESSAGE][PASSED] - Delayed 2 second(s)

2018-12-12 16:21:46 - [TEST_STEP][PASSED] - navigateToUrl: Navigate to 'https://assist2-uat.perkeso.gov.my/web/registration/registration' successfully

2018-12-12 16:21:48 - [MESSAGE][PASSED] - Navigate to 'https://assist2-uat.perkeso.gov.my/web/registration/registration' successfully

2018-12-12 16:21:48 - [TEST_STEP][PASSED] - click: Object: 'Object Repository/Final Object Repo/New Registration - Registration Module Pages/Form 1/AEC - No' is clicked on

2018-12-12 16:21:48 - [MESSAGE][PASSED] - Object: 'Object Repository/Final Object Repo/New Registration - Registration Module Pages/Form 1/AEC - No' is clicked on

2018-12-12 16:21:48 - [TEST_STEP][PASSED] - click: Object: 'Object Repository/Final Object Repo/New Registration - Registration Module Pages/Form 1/Business Entity' is clicked on

2018-12-12 16:21:49 - [MESSAGE][PASSED] - Object: 'Object Repository/Final Object Repo/New Registration - Registration Module Pages/Form 1/Business Entity' is clicked on

2018-12-12 16:21:49 - [TEST_STEP][PASSED] - click: Object: 'Object Repository/Final Object Repo/New Registration - Registration Module Pages/Form 1/Business Entity - Sole Proprietor ' is clicked on

2018-12-12 16:21:52 - [MESSAGE][PASSED] - Object: 'Object Repository/Final Object Repo/New Registration - Registration Module Pages/Form 1/Business Entity - Sole Proprietor ' is clicked on

2018-12-12 16:21:52 - [TEST_STEP][PASSED] - delay: Delayed 1 second(s)

2018-12-12 16:21:53 - [MESSAGE][PASSED] - Delayed 1 second(s)

2018-12-12 16:21:53 - [TEST_STEP][PASSED] - click: Object: 'Object Repository/Final Object Repo/New Registration - Registration Module Pages/Form 1/Sub Business Entity' is clicked on

2018-12-12 16:21:53 - [MESSAGE][PASSED] - Object: 'Object Repository/Final Object Repo/New Registration - Registration Module Pages/Form 1/Sub Business Entity' is clicked on

2018-12-12 16:21:53 - [TEST_STEP][PASSED] - click: Object: 'Object Repository/Final Object Repo/New Registration - Registration Module Pages/Form 1/Sub Business Entity - Registered with SSM' is clicked on

2018-12-12 16:21:53 - [MESSAGE][PASSED] - Object: 'Object Repository/Final Object Repo/New Registration - Registration Module Pages/Form 1/Sub Business Entity - Registered with SSM' is clicked on

2018-12-12 16:21:53 - [TEST_STEP][PASSED] - delay: Delayed 1 second(s)

2018-12-12 16:21:54 - [MESSAGE][PASSED] - Delayed 1 second(s)

2018-12-12 16:21:54 - [TEST_STEP][PASSED] - setText: Text '123' is set on object 'Object Repository/Final Object Repo/New Registration - Registration Module Pages/Form 1/Registration Number'

2018-12-12 16:21:54 - [MESSAGE][PASSED] - Text '123' is set on object 'Object Repository/Final Object Repo/New Registration - Registration Module Pages/Form 1/Registration Number'

2018-12-12 16:21:54 - [TEST_STEP][NOT_RUN] - click: NOT_RUN: click

2018-12-12 16:21:54 - [MESSAGE][NOT_RUN] - NOT_RUN: click

2018-12-12 16:21:54 - [TEST_STEP][PASSED] - click: Object: 'Object Repository/Final Object Repo/New Registration - Registration Module Pages/Form 1/Registered As a Branch - Yes' is clicked on

2018-12-12 16:21:54 - [MESSAGE][PASSED] - Object: 'Object Repository/Final Object Repo/New Registration - Registration Module Pages/Form 1/Registered As a Branch - Yes' is clicked on

2018-12-12 16:21:54 - [TEST_STEP][PASSED] - click: Object: 'Object Repository/Final Object Repo/New Registration - Registration Module Pages/Form 1/Acknowledgement' is clicked on

2018-12-12 16:21:55 - [MESSAGE][PASSED] - Object: 'Object Repository/Final Object Repo/New Registration - Registration Module Pages/Form 1/Acknowledgement' is clicked on

2018-12-12 16:21:55 - [TEST_STEP][PASSED] - setText: Text 'perkeso' is set on object 'Object Repository/Final Object Repo/New Registration - Registration Module Pages/Form 1/Industry name'

2018-12-12 16:21:55 - [MESSAGE][PASSED] - Text 'perkeso' is set on object 'Object Repository/Final Object Repo/New Registration - Registration Module Pages/Form 1/Industry name'

2018-12-12 16:21:55 - [TEST_STEP][PASSED] - setText: Text 'perkeso1' is set on object 'Object Repository/Final Object Repo/New Registration - Registration Module Pages/Form 1/Postal Address1'

2018-12-12 16:21:55 - [MESSAGE][PASSED] - Text 'perkeso1' is set on object 'Object Repository/Final Object Repo/New Registration - Registration Module Pages/Form 1/Postal Address1'

2018-12-12 16:21:55 - [TEST_STEP][PASSED] - setText: Text 'perkeso2' is set on object 'Object Repository/Final Object Repo/New Registration - Registration Module Pages/Form 1/Postal Address2'

2018-12-12 16:21:56 - [MESSAGE][PASSED] - Text 'perkeso2' is set on object 'Object Repository/Final Object Repo/New Registration - Registration Module Pages/Form 1/Postal Address2'

2018-12-12 16:21:56 - [TEST_STEP][PASSED] - setText: Text 'perkeso3' is set on object 'Object Repository/Final Object Repo/New Registration - Registration Module Pages/Form 1/Postal Address3'

2018-12-12 16:21:56 - [MESSAGE][PASSED] - Text 'perkeso3' is set on object 'Object Repository/Final Object Repo/New Registration - Registration Module Pages/Form 1/Postal Address3'

2018-12-12 16:21:56 - [TEST_STEP][PASSED] - click: Object: 'Object Repository/Final Object Repo/New Registration - Registration Module Pages/Form 1/State' is clicked on

2018-12-12 16:21:56 - [MESSAGE][PASSED] - Object: 'Object Repository/Final Object Repo/New Registration - Registration Module Pages/Form 1/State' is clicked on

2018-12-12 16:21:56 - [TEST_STEP][PASSED] - click: Object: 'Object Repository/Final Object Repo/New Registration - Registration Module Pages/Form 1/State - Johor' is clicked on

2018-12-12 16:21:57 - [MESSAGE][PASSED] - Object: 'Object Repository/Final Object Repo/New Registration - Registration Module Pages/Form 1/State - Johor' is clicked on

2018-12-12 16:21:57 - [TEST_STEP][PASSED] - delay: Delayed 1 second(s)

2018-12-12 16:21:58 - [MESSAGE][PASSED] - Delayed 1 second(s)

2018-12-12 16:21:58 - [TEST_STEP][PASSED] - click: Object: 'Object Repository/Final Object Repo/New Registration - Registration Module Pages/Form 1/City' is clicked on

2018-12-12 16:21:58 - [MESSAGE][PASSED] - Object: 'Object Repository/Final Object Repo/New Registration - Registration Module Pages/Form 1/City' is clicked on

2018-12-12 16:21:58 - [TEST_STEP][PASSED] - setText: Text 'joh' is set on object 'Object Repository/Final Object Repo/New Registration - Registration Module Pages/Form 1/Postcode - 810'

2018-12-12 16:21:58 - [MESSAGE][PASSED] - Text 'joh' is set on object 'Object Repository/Final Object Repo/New Registration - Registration Module Pages/Form 1/Postcode - 810'

2018-12-12 16:21:58 - [TEST_STEP][PASSED] - delay: Delayed 1 second(s)

2018-12-12 16:21:59 - [MESSAGE][PASSED] - Delayed 1 second(s)

2018-12-12 16:21:59 - [TEST_STEP][PASSED] - click: Object: 'Object Repository/Final Object Repo/New Registration - Registration Module Pages/Form 1/City - Johor Bharu' is clicked on

2018-12-12 16:22:00 - [MESSAGE][PASSED] - Object: 'Object Repository/Final Object Repo/New Registration - Registration Module Pages/Form 1/City - Johor Bharu' is clicked on

2018-12-12 16:22:00 - [TEST_STEP][PASSED] - delay: Delayed 1 second(s)

2018-12-12 16:22:01 - [MESSAGE][PASSED] - Delayed 1 second(s)

2018-12-12 16:22:01 - [TEST_STEP][PASSED] - click: Object: 'Object Repository/Final Object Repo/New Registration - Registration Module Pages/Form 1/Postcode' is clicked on

2018-12-12 16:22:01 - [MESSAGE][PASSED] - Object: 'Object Repository/Final Object Repo/New Registration - Registration Module Pages/Form 1/Postcode' is clicked on

2018-12-12 16:22:01 - [TEST_STEP][PASSED] - delay: Delayed 1 second(s)

2018-12-12 16:22:02 - [MESSAGE][PASSED] - Delayed 1 second(s)

2018-12-12 16:22:02 - [TEST_STEP][PASSED] - setText: Text '810' is set on object 'Object Repository/Final Object Repo/New Registration - Registration Module Pages/Form 1/Postcode - 810'

2018-12-12 16:22:02 - [MESSAGE][PASSED] - Text '810' is set on object 'Object Repository/Final Object Repo/New Registration - Registration Module Pages/Form 1/Postcode - 810'

2018-12-12 16:22:02 - [TEST_STEP][PASSED] - delay: Delayed 1 second(s)

2018-12-12 16:22:03 - [MESSAGE][PASSED] - Delayed 1 second(s)

2018-12-12 16:22:03 - [TEST_STEP][PASSED] - click: Object: 'Object Repository/Final Object Repo/New Registration - Registration Module Pages/Form 1/Postcode - 81000' is clicked on

2018-12-12 16:22:04 - [MESSAGE][PASSED] - Object: 'Object Repository/Final Object Repo/New Registration - Registration Module Pages/Form 1/Postcode - 81000' is clicked on

2018-12-12 16:22:04 - [TEST_STEP][PASSED] - delay: Delayed 1 second(s)

2018-12-12 16:22:05 - [MESSAGE][PASSED] - Delayed 1 second(s)

2018-12-12 16:22:05 - [TEST_STEP][PASSED] - setText: Text '100' is set on object 'Object Repository/Final Object Repo/New Registration - Registration Module Pages/Form 1/P.O.BOX'

2018-12-12 16:22:05 - [MESSAGE][PASSED] - Text '100' is set on object 'Object Repository/Final Object Repo/New Registration - Registration Module Pages/Form 1/P.O.BOX'

2018-12-12 16:22:05 - [TEST_STEP][PASSED] - setText: Text '100' is set on object 'Object Repository/Final Object Repo/New Registration - Registration Module Pages/Form 1/Locked Bag No'

2018-12-12 16:22:07 - [MESSAGE][PASSED] - Text '100' is set on object 'Object Repository/Final Object Repo/New Registration - Registration Module Pages/Form 1/Locked Bag No'

2018-12-12 16:22:07 - [TEST_STEP][PASSED] - click: Object: 'Object Repository/Final Object Repo/New Registration - Registration Module Pages/Form 1/SOCSO Office Location' is clicked on

2018-12-12 16:22:08 - [MESSAGE][PASSED] - Object: 'Object Repository/Final Object Repo/New Registration - Registration Module Pages/Form 1/SOCSO Office Location' is clicked on

2018-12-12 16:22:08 - [TEST_STEP][PASSED] - click: Object: 'Object Repository/Final Object Repo/New Registration - Registration Module Pages/Form 1/SOCSO Office Location - Pejabat PERKESO Negeri Johor' is clicked on

2018-12-12 16:22:08 - [MESSAGE][PASSED] - Object: 'Object Repository/Final Object Repo/New Registration - Registration Module Pages/Form 1/SOCSO Office Location - Pejabat PERKESO Negeri Johor' is clicked on

2018-12-12 16:22:08 - [TEST_STEP][PASSED] - delay: Delayed 1 second(s)

2018-12-12 16:22:09 - [MESSAGE][PASSED] - Delayed 1 second(s)

2018-12-12 16:22:09 - [TEST_STEP][PASSED] - check: Object 'Object Repository/Final Object Repo/New Registration - Registration Module Pages/Form 1/Indusrty Address Same As Postal Address' is checked

2018-12-12 16:22:09 - [MESSAGE][PASSED] - Object 'Object Repository/Final Object Repo/New Registration - Registration Module Pages/Form 1/Indusrty Address Same As Postal Address' is checked

2018-12-12 16:22:09 - [TEST_STEP][PASSED] - delay: Delayed 3 second(s)

2018-12-12 16:22:12 - [MESSAGE][PASSED] - Delayed 3 second(s)

2018-12-12 16:22:12 - [TEST_STEP][PASSED] - click: Object: 'Object Repository/Final Object Repo/New Registration - Registration Module Pages/Form 1/Indusry Address Same As Postal Address False' is clicked on

2018-12-12 16:22:12 - [MESSAGE][PASSED] - Object: 'Object Repository/Final Object Repo/New Registration - Registration Module Pages/Form 1/Indusry Address Same As Postal Address False' is clicked on

2018-12-12 16:22:12 - [TEST_STEP][PASSED] - delay: Delayed 1 second(s)

2018-12-12 16:22:13 - [MESSAGE][PASSED] - Delayed 1 second(s)

2018-12-12 16:22:13 - [TEST_STEP][PASSED] - setText: Text 'perkeso1' is set on object 'Object Repository/Final Object Repo/New Registration - Registration Module Pages/Form 1/Industry Address1'

2018-12-12 16:22:14 - [MESSAGE][PASSED] - Text 'perkeso1' is set on object 'Object Repository/Final Object Repo/New Registration - Registration Module Pages/Form 1/Industry Address1'

2018-12-12 16:22:14 - [TEST_STEP][PASSED] - setText: Text 'perkeso2' is set on object 'Object Repository/Final Object Repo/New Registration - Registration Module Pages/Form 1/Industry Address2'

2018-12-12 16:22:14 - [MESSAGE][PASSED] - Text 'perkeso2' is set on object 'Object Repository/Final Object Repo/New Registration - Registration Module Pages/Form 1/Industry Address2'

2018-12-12 16:22:14 - [TEST_STEP][PASSED] - setText: Text 'perkeso3' is set on object 'Object Repository/Final Object Repo/New Registration - Registration Module Pages/Form 1/Industry Address3'

2018-12-12 16:22:14 - [MESSAGE][PASSED] - Text 'perkeso3' is set on object 'Object Repository/Final Object Repo/New Registration - Registration Module Pages/Form 1/Industry Address3'

2018-12-12 16:22:14 - [TEST_STEP][PASSED] - click: Object: 'Object Repository/Final Object Repo/New Registration - Registration Module Pages/Form 1/Industry State' is clicked on

2018-12-12 16:22:15 - [MESSAGE][PASSED] - Object: 'Object Repository/Final Object Repo/New Registration - Registration Module Pages/Form 1/Industry State' is clicked on

2018-12-12 16:22:15 - [TEST_STEP][PASSED] - delay: Delayed 2 second(s)

2018-12-12 16:22:17 - [MESSAGE][PASSED] - Delayed 2 second(s)

2018-12-12 16:22:17 - [TEST_STEP][PASSED] - click: Object: 'Object Repository/Final Object Repo/New Registration - Registration Module Pages/Form 1/Industry State - Johor' is clicked on

2018-12-12 16:22:17 - [MESSAGE][PASSED] - Object: 'Object Repository/Final Object Repo/New Registration - Registration Module Pages/Form 1/Industry State - Johor' is clicked on

2018-12-12 16:22:17 - [TEST_STEP][PASSED] - delay: Delayed 2 second(s)

2018-12-12 16:22:19 - [MESSAGE][PASSED] - Delayed 2 second(s)

2018-12-12 16:22:19 - [TEST_STEP][PASSED] - click: Object: 'Object Repository/Final Object Repo/New Registration - Registration Module Pages/Form 1/Industry Ciry' is clicked on

2018-12-12 16:22:19 - [MESSAGE][PASSED] - Object: 'Object Repository/Final Object Repo/New Registration - Registration Module Pages/Form 1/Industry Ciry' is clicked on

2018-12-12 16:22:19 - [TEST_STEP][PASSED] - setText: Text 'joh' is set on object 'Object Repository/Final Object Repo/New Registration - Registration Module Pages/Form 1/Industry Ciry - joh'

2018-12-12 16:22:19 - [MESSAGE][PASSED] - Text 'joh' is set on object 'Object Repository/Final Object Repo/New Registration - Registration Module Pages/Form 1/Industry Ciry - joh'

2018-12-12 16:22:19 - [TEST_STEP][PASSED] - delay: Delayed 2 second(s)

2018-12-12 16:22:21 - [MESSAGE][PASSED] - Delayed 2 second(s)

2018-12-12 16:22:21 - [TEST_STEP][PASSED] - click: Object: 'Object Repository/Final Object Repo/New Registration - Registration Module Pages/Form 1/Industy State - Johor Bharu' is clicked on

2018-12-12 16:22:24 - [MESSAGE][PASSED] - Object: 'Object Repository/Final Object Repo/New Registration - Registration Module Pages/Form 1/Industy State - Johor Bharu' is clicked on

2018-12-12 16:22:24 - [TEST_STEP][PASSED] - delay: Delayed 1 second(s)

2018-12-12 16:22:25 - [MESSAGE][PASSED] - Delayed 1 second(s)

2018-12-12 16:22:25 - [TEST_STEP][PASSED] - click: Object: 'Object Repository/Final Object Repo/New Registration - Registration Module Pages/Form 1/Indusry PostCode' is clicked on

2018-12-12 16:22:25 - [MESSAGE][PASSED] - Object: 'Object Repository/Final Object Repo/New Registration - Registration Module Pages/Form 1/Indusry PostCode' is clicked on

2018-12-12 16:22:25 - [TEST_STEP][PASSED] - delay: Delayed 1 second(s)

2018-12-12 16:22:26 - [MESSAGE][PASSED] - Delayed 1 second(s)

2018-12-12 16:22:26 - [TEST_STEP][PASSED] - setText: Text '810' is set on object 'Object Repository/Final Object Repo/New Registration - Registration Module Pages/Form 1/Insutry Post Code - 810'

2018-12-12 16:22:26 - [MESSAGE][PASSED] - Text '810' is set on object 'Object Repository/Final Object Repo/New Registration - Registration Module Pages/Form 1/Insutry Post Code - 810'

2018-12-12 16:22:26 - [TEST_STEP][PASSED] - delay: Delayed 1 second(s)

2018-12-12 16:22:27 - [MESSAGE][PASSED] - Delayed 1 second(s)

2018-12-12 16:22:27 - [TEST_STEP][PASSED] - click: Object: 'Object Repository/Final Object Repo/New Registration - Registration Module Pages/Form 1/Insutry Post Code - 81000' is clicked on

2018-12-12 16:22:30 - [MESSAGE][PASSED] - Object: 'Object Repository/Final Object Repo/New Registration - Registration Module Pages/Form 1/Insutry Post Code - 81000' is clicked on

2018-12-12 16:22:30 - [TEST_STEP][PASSED] - delay: Delayed 1 second(s)

2018-12-12 16:22:31 - [MESSAGE][PASSED] - Delayed 1 second(s)

2018-12-12 16:22:31 - [TEST_STEP][PASSED] - setText: Text '100' is set on object 'Object Repository/Final Object Repo/New Registration - Registration Module Pages/Form 1/Industry P.O.BOX'

2018-12-12 16:22:31 - [MESSAGE][PASSED] - Text '100' is set on object 'Object Repository/Final Object Repo/New Registration - Registration Module Pages/Form 1/Industry P.O.BOX'

2018-12-12 16:22:31 - [TEST_STEP][PASSED] - setText: Text '100' is set on object 'Object Repository/Final Object Repo/New Registration - Registration Module Pages/Form 1/Industry Locked Bag No'

2018-12-12 16:22:31 - [MESSAGE][PASSED] - Text '100' is set on object 'Object Repository/Final Object Repo/New Registration - Registration Module Pages/Form 1/Industry Locked Bag No'

2018-12-12 16:22:31 - [TEST_STEP][PASSED] - setText: Text '123456789' is set on object 'Object Repository/Final Object Repo/New Registration - Registration Module Pages/Form 1/Telephone No'

2018-12-12 16:22:32 - [MESSAGE][PASSED] - Text '123456789' is set on object 'Object Repository/Final Object Repo/New Registration - Registration Module Pages/Form 1/Telephone No'

2018-12-12 16:22:32 - [TEST_STEP][PASSED] - setText: Text '123456789' is set on object 'Object Repository/Final Object Repo/New Registration - Registration Module Pages/Form 1/Mobile No'

2018-12-12 16:22:32 - [MESSAGE][PASSED] - Text '123456789' is set on object 'Object Repository/Final Object Repo/New Registration - Registration Module Pages/Form 1/Mobile No'

2018-12-12 16:22:32 - [TEST_STEP][PASSED] - setText: Text '123456789' is set on object 'Object Repository/Final Object Repo/New Registration - Registration Module Pages/Form 1/Fax No'

2018-12-12 16:22:32 - [MESSAGE][PASSED] - Text '123456789' is set on object 'Object Repository/Final Object Repo/New Registration - Registration Module Pages/Form 1/Fax No'

2018-12-12 16:22:32 - [TEST_STEP][PASSED] - click: Object: 'Object Repository/Final Object Repo/New Registration - Registration Module Pages/Form 1/Industry Code' is clicked on

2018-12-12 16:22:33 - [MESSAGE][PASSED] - Object: 'Object Repository/Final Object Repo/New Registration - Registration Module Pages/Form 1/Industry Code' is clicked on

2018-12-12 16:22:33 - [TEST_STEP][PASSED] - click: Object: 'Object Repository/Final Object Repo/New Registration - Registration Module Pages/Form 1/Indudustry Code - Crops and Animal' is clicked on

2018-12-12 16:22:33 - [MESSAGE][PASSED] - Object: 'Object Repository/Final Object Repo/New Registration - Registration Module Pages/Form 1/Indudustry Code - Crops and Animal' is clicked on

2018-12-12 16:22:33 - [TEST_STEP][PASSED] - delay: Delayed 1 second(s)

2018-12-12 16:22:34 - [MESSAGE][PASSED] - Delayed 1 second(s)

2018-12-12 16:22:34 - [TEST_STEP][PASSED] - click: Object: 'Object Repository/Final Object Repo/New Registration - Registration Module Pages/Form 1/Sub Industry Code List' is clicked on

2018-12-12 16:22:36 - [MESSAGE][PASSED] - Object: 'Object Repository/Final Object Repo/New Registration - Registration Module Pages/Form 1/Sub Industry Code List' is clicked on

2018-12-12 16:22:36 - [TEST_STEP][PASSED] - click: Object: 'Object Repository/Final Object Repo/New Registration - Registration Module Pages/Form 1/Sub Industry Code List - Growing of Maize' is clicked on

2018-12-12 16:22:36 - [MESSAGE][PASSED] - Object: 'Object Repository/Final Object Repo/New Registration - Registration Module Pages/Form 1/Sub Industry Code List - Growing of Maize' is clicked on

2018-12-12 16:22:36 - [TEST_STEP][PASSED] - setText: Text 'perkeso123@gmail.com' is set on object 'Object Repository/Final Object Repo/New Registration - Registration Module Pages/Form 1/Email'

2018-12-12 16:22:37 - [MESSAGE][PASSED] - Text 'perkeso123@gmail.com' is set on object 'Object Repository/Final Object Repo/New Registration - Registration Module Pages/Form 1/Email'

2018-12-12 16:22:37 - [TEST_STEP][PASSED] - click: Object: 'Object Repository/Final Object Repo/New Registration - Registration Module Pages/Form 1/Method of Contribution Payment' is clicked on

2018-12-12 16:22:37 - [MESSAGE][PASSED] - Object: 'Object Repository/Final Object Repo/New Registration - Registration Module Pages/Form 1/Method of Contribution Payment' is clicked on

2018-12-12 16:22:37 - [TEST_STEP][PASSED] - click: Object: 'Object Repository/Final Object Repo/New Registration - Registration Module Pages/Form 1/Method of Contribution Payment - Portal' is clicked on

2018-12-12 16:22:37 - [MESSAGE][PASSED] - Object: 'Object Repository/Final Object Repo/New Registration - Registration Module Pages/Form 1/Method of Contribution Payment - Portal' is clicked on

2018-12-12 16:22:37 - [TEST_STEP][PASSED] - click: Object: 'Object Repository/Final Object Repo/New Registration - Registration Module Pages/Form 1/Servide Type' is clicked on

2018-12-12 16:22:37 - [MESSAGE][PASSED] - Object: 'Object Repository/Final Object Repo/New Registration - Registration Module Pages/Form 1/Servide Type' is clicked on

2018-12-12 16:22:37 - [TEST_STEP][PASSED] - click: Object: 'Object Repository/Final Object Repo/New Registration - Registration Module Pages/Form 1/Servide Type - Professional Bodies' is clicked on

2018-12-12 16:22:37 - [MESSAGE][PASSED] - Object: 'Object Repository/Final Object Repo/New Registration - Registration Module Pages/Form 1/Servide Type - Professional Bodies' is clicked on

2018-12-12 16:22:37 - [TEST_STEP][PASSED] - click: Object: 'Object Repository/Final Object Repo/New Registration - Registration Module Pages/Form 1/Industry Venue' is clicked on

2018-12-12 16:22:38 - [MESSAGE][PASSED] - Object: 'Object Repository/Final Object Repo/New Registration - Registration Module Pages/Form 1/Industry Venue' is clicked on

2018-12-12 16:22:38 - [TEST_STEP][PASSED] - click: Object: 'Object Repository/Final Object Repo/New Registration - Registration Module Pages/Form 1/Industry Venue -  PPN JOHOR' is clicked on

2018-12-12 16:22:38 - [MESSAGE][PASSED] - Object: 'Object Repository/Final Object Repo/New Registration - Registration Module Pages/Form 1/Industry Venue -  PPN JOHOR' is clicked on

2018-12-12 16:22:38 - [TEST_STEP][PASSED] - click: Object: 'Object Repository/Final Object Repo/New Registration - Registration Module Pages/Form 1/Save  Continue' is clicked on

2018-12-12 16:22:38 - [MESSAGE][PASSED] - Object: 'Object Repository/Final Object Repo/New Registration - Registration Module Pages/Form 1/Save  Continue' is clicked on

2018-12-12 16:22:38 - [MESSAGE][PASSED] - Call Test Case 'Test Cases/Final Aug 2018 - PKS Automation/Registration Module/New Registration/Form 1/Form 1 - Sole Proprietor - Registered with SSM' successfully

2018-12-12 16:22:38 - [TEST_STEP][PASSED] - callTestCase: Call Test Case 'Test Cases/Final Aug 2018 - PKS Automation/Registration Module/New Registration/Form 2/Add 2 Eligible 2 Not Eligible' successfully

2018-12-12 16:22:38 - [TEST_CASE][PASSED] - Test Cases/Final Aug 2018 - PKS Automation/Registration Module/New Registration/Form 2/Add 2 Eligible 2 Not Eligible: Test Cases/Final Aug 2018 - PKS Automation/Registration Module/New Registration/Form 2/Add 2 Eligible 2 Not Eligible

2018-12-12 16:22:38 - [TEST_STEP][PASSED] - delay: Delayed 2 second(s)

2018-12-12 16:22:40 - [MESSAGE][PASSED] - Delayed 2 second(s)

2018-12-12 16:22:40 - [TEST_STEP][PASSED] - callTestCase: Call Test Case 'Test Cases/Final Aug 2018 - PKS Automation/Registration Module/New Registration/Form 2/Date Updater' successfully

2018-12-12 16:22:40 - [TEST_CASE][PASSED] - Test Cases/Final Aug 2018 - PKS Automation/Registration Module/New Registration/Form 2/Date Updater: Test Cases/Final Aug 2018 - PKS Automation/Registration Module/New Registration/Form 2/Date Updater

2018-12-12 16:22:40 - [TEST_STEP][PASSED] - Statement - TodayDate = new java.util.Date(): null

2018-12-12 16:22:40 - [TEST_STEP][PASSED] - Statement - CurrentDateNoFilter = new java.text.SimpleDateFormat(): null

2018-12-12 16:22:40 - [TEST_STEP][PASSED] - Statement - CurrentDateNoFilter.applyPattern("MM"): null

2018-12-12 16:22:40 - [TEST_STEP][PASSED] - Statement - monthContainerMatcher = java.lang.Integer.parseInt(CurrentDateNoFilter.format(TodayDate)): null

2018-12-12 16:22:40 - [TEST_STEP][PASSED] - Statement - monthContainerMatcher = monthContainerMatcher - 1: null

2018-12-12 16:22:40 - [TEST_STEP][PASSED] - Statement - CurrentMonth = monthContainerMatcher.toString(): null

2018-12-12 16:22:40 - [TEST_STEP][PASSED] - Statement - CurrentMonth = CurrentMonth: null

2018-12-12 16:22:40 - [TEST_STEP][PASSED] - Statement - CurrentDateNoFilter.applyPattern("yyyy"): null

2018-12-12 16:22:40 - [TEST_STEP][PASSED] - Statement - CurrentYear = CurrentDateNoFilter.format(TodayDate): null

2018-12-12 16:22:40 - [TEST_STEP][PASSED] - Statement - CurrentYear = CurrentYear: null

2018-12-12 16:22:40 - [TEST_STEP][PASSED] - Statement - intCurrentYear = java.lang.Integer.parseInt(CurrentDateNoFilter.format(TodayDate)): null

2018-12-12 16:22:40 - [TEST_STEP][PASSED] - Statement - eighteenYrsAgo = intCurrentYear - 18: null

2018-12-12 16:22:40 - [TEST_STEP][PASSED] - Statement - eighteenYrsBeforeThisYr = eighteenYrsAgo.toString(): null

2018-12-12 16:22:40 - [TEST_STEP][PASSED] - Statement - EighteenYrsBefore = eighteenYrsBeforeThisYr: null

2018-12-12 16:22:40 - [TEST_STEP][PASSED] - Statement - fiftysevenYrsAgo = intCurrentYear - 57: null

2018-12-12 16:22:40 - [TEST_STEP][PASSED] - Statement - fiftysevenYrsBeforeThisYr = fiftysevenYrsAgo.toString(): null

2018-12-12 16:22:40 - [TEST_STEP][PASSED] - Statement - FiftysevenYrsBefore = fiftysevenYrsBeforeThisYr: null

2018-12-12 16:22:40 - [TEST_STEP][PASSED] - Statement - leapYear = false: null

2018-12-12 16:22:40 - [TEST_STEP][PASSED] - Statement - leapYear = intCurrentYear % 4 == 0: null

2018-12-12 16:22:40 - [TEST_STEP][PASSED] - Statement - CurrentDateNoFilter.applyPattern("dd"): null

2018-12-12 16:22:40 - [TEST_STEP][PASSED] - Statement - CurrentDate = CurrentDateNoFilter.format(TodayDate): null

2018-12-12 16:22:40 - [TEST_STEP][PASSED] - Statement - CurrentDate = java.lang.Integer.parseInt(CurrentDate): null

2018-12-12 16:22:40 - [TEST_STEP][PASSED] - Statement - CurrentDate = CurrentDate: null

2018-12-12 16:22:40 - [TEST_STEP][PASSED] - Statement - CurrentDay = java.lang.Integer.parseInt(CurrentDate): null

2018-12-12 16:22:40 - [TEST_STEP][PASSED] - Statement - ConfAdder = <not implemented yet for class: org.codehaus.groovy.ast.expr.EmptyExpression>: null

2018-12-12 16:22:40 - [TEST_STEP][PASSED] - Statement - out.println(CurrentMonth): null

2018-12-12 16:22:40 - [TEST_STEP][PASSED] - Statement - out.println(CurrentDate): null

2018-12-12 16:22:40 - [TEST_STEP][PASSED] - Statement - switch (CurrentDate): null

2018-12-12 16:22:40 - [TEST_STEP][PASSED] - Statement - Default: null

2018-12-12 16:22:40 - [TEST_STEP][PASSED] - Statement - ConfAdder = true: null

2018-12-12 16:22:40 - [TEST_STEP][PASSED] - Statement - Break: null

2018-12-12 16:22:40 - [TEST_STEP][PASSED] - Statement - aDayBefore = <not implemented yet for class: org.codehaus.groovy.ast.expr.EmptyExpression>: null

2018-12-12 16:22:40 - [TEST_STEP][PASSED] - Statement - out.println(ConfAdder): null

2018-12-12 16:22:40 - [TEST_STEP][PASSED] - Statement - If (ConfAdder == true): null

2018-12-12 16:22:40 - [TEST_STEP][PASSED] - Statement - aDayBefore = CurrentDay + 1: null

2018-12-12 16:22:40 - [TEST_STEP][PASSED] - Statement - out.println(aDayBefore): null

2018-12-12 16:22:40 - [TEST_STEP][PASSED] - Statement - If (aDayBefore == 1 && CurrentMonth == 11): null

2018-12-12 16:22:40 - [TEST_STEP][PASSED] - Statement - DayBefore = aDayBefore.toString(): null

2018-12-12 16:22:40 - [TEST_STEP][PASSED] - Statement - OneDayBefore = DayBefore: null

2018-12-12 16:22:40 - [MESSAGE][PASSED] - Call Test Case 'Test Cases/Final Aug 2018 - PKS Automation/Registration Module/New Registration/Form 2/Date Updater' successfully

2018-12-12 16:22:40 - [TEST_STEP][PASSED] - delay: Delayed 1 second(s)

2018-12-12 16:22:41 - [MESSAGE][PASSED] - Delayed 1 second(s)

2018-12-12 16:22:41 - [TEST_STEP][PASSED] - Statement - CaseReferenceNo = com.kms.katalon.core.webui.keyword.WebUiBuiltInKeywords.getText(com.kms.katalon.core.testobject.ObjectRepository.findTestObject(Final Object Repo/New Registration - Registration Module Pages/Form 2/RefNo Acquiring)): Text of object 'Object Repository/Final Object Repo/New Registration - Registration Module Pages/Form 2/RefNo Acquiring' is: 'CRN12201800123213'

2018-12-12 16:22:41 - [MESSAGE][PASSED] - Text of object 'Object Repository/Final Object Repo/New Registration - Registration Module Pages/Form 2/RefNo Acquiring' is: 'CRN12201800123213'

2018-12-12 16:22:41 - [TEST_STEP][PASSED] - delay: Delayed 1 second(s)

2018-12-12 16:22:42 - [MESSAGE][PASSED] - Delayed 1 second(s)

2018-12-12 16:22:42 - [TEST_STEP][PASSED] - click: Object: 'Object Repository/Final Object Repo/New Registration - Registration Module Pages/Form 2/Add Employee Button' is clicked on

2018-12-12 16:22:43 - [MESSAGE][PASSED] - Object: 'Object Repository/Final Object Repo/New Registration - Registration Module Pages/Form 2/Add Employee Button' is clicked on

2018-12-12 16:22:43 - [TEST_STEP][PASSED] - delay: Delayed 4 second(s)

2018-12-12 16:22:47 - [MESSAGE][PASSED] - Delayed 4 second(s)

2018-12-12 16:22:47 - [TEST_STEP][PASSED] - setText: Text '010903091927' is set on object 'Object Repository/Final Object Repo/New Registration - Registration Module Pages/Form 2/NRIC Input'

2018-12-12 16:22:47 - [MESSAGE][PASSED] - Text '010903091927' is set on object 'Object Repository/Final Object Repo/New Registration - Registration Module Pages/Form 2/NRIC Input'

2018-12-12 16:22:47 - [TEST_STEP][PASSED] - click: Object: 'Object Repository/Final Object Repo/New Registration - Registration Module Pages/Form 2/button for search for IC' is clicked on

2018-12-12 16:22:47 - [MESSAGE][PASSED] - Object: 'Object Repository/Final Object Repo/New Registration - Registration Module Pages/Form 2/button for search for IC' is clicked on

2018-12-12 16:22:47 - [TEST_STEP][PASSED] - delay: Delayed 2 second(s)

2018-12-12 16:22:49 - [MESSAGE][PASSED] - Delayed 2 second(s)

2018-12-12 16:22:49 - [TEST_STEP][PASSED] - setText: Text 'Automate001 eligible 1' is set on object 'Object Repository/Final Object Repo/New Registration - Registration Module Pages/Form 2/Employee Name Input'

2018-12-12 16:22:52 - [MESSAGE][PASSED] - Text 'Automate001 eligible 1' is set on object 'Object Repository/Final Object Repo/New Registration - Registration Module Pages/Form 2/Employee Name Input'

2018-12-12 16:22:52 - [TEST_STEP][PASSED] - delay: Delayed 2 second(s)

2018-12-12 16:22:54 - [MESSAGE][PASSED] - Delayed 2 second(s)

2018-12-12 16:22:54 - [TEST_STEP][PASSED] - click: Object: 'Object Repository/Final Object Repo/New Registration - Registration Module Pages/Form 2/DatePicker Pop Up' is clicked on

2018-12-12 16:22:55 - [MESSAGE][PASSED] - Object: 'Object Repository/Final Object Repo/New Registration - Registration Module Pages/Form 2/DatePicker Pop Up' is clicked on

2018-12-12 16:22:55 - [TEST_STEP][PASSED] - click: Object: 'Object Repository/Final Object Repo/New Registration - Registration Module Pages/Form 2/DOB Month' is clicked on

2018-12-12 16:22:55 - [MESSAGE][PASSED] - Object: 'Object Repository/Final Object Repo/New Registration - Registration Module Pages/Form 2/DOB Month' is clicked on

2018-12-12 16:22:55 - [TEST_STEP][PASSED] - Statement - CurrentMonth = CurrentMonth: null

2018-12-12 16:22:55 - [TEST_STEP][PASSED] - Statement - selectMonth = new com.kms.katalon.core.testobject.TestObject(): null

2018-12-12 16:22:55 - [TEST_STEP][PASSED] - Statement - selectMonth.addProperty("xpath", EQUALS, "//body/div/div/div/select/option[@value='" + CurrentMonth + "']", true): null

2018-12-12 16:22:55 - [TEST_STEP][PASSED] - click: Object: '' is clicked on

2018-12-12 16:22:55 - [MESSAGE][PASSED] - Object: '' is clicked on

2018-12-12 16:22:55 - [TEST_STEP][PASSED] - click: Object: 'Object Repository/Final Object Repo/New Registration - Registration Module Pages/Form 2/DOB Year' is clicked on

2018-12-12 16:22:55 - [MESSAGE][PASSED] - Object: 'Object Repository/Final Object Repo/New Registration - Registration Module Pages/Form 2/DOB Year' is clicked on

2018-12-12 16:22:55 - [TEST_STEP][PASSED] - Statement - Eyearsbf = EighteenYrsBefore: null

2018-12-12 16:22:55 - [TEST_STEP][PASSED] - Statement - selectYear = new com.kms.katalon.core.testobject.TestObject(): null

2018-12-12 16:22:55 - [TEST_STEP][PASSED] - Statement - selectYear.addProperty("xpath", EQUALS, "//div/div/div/select/option[@value='" + Eyearsbf + "']", true): null

2018-12-12 16:22:55 - [TEST_STEP][PASSED] - click: Object: '' is clicked on

2018-12-12 16:22:55 - [MESSAGE][PASSED] - Object: '' is clicked on

2018-12-12 16:22:55 - [TEST_STEP][PASSED] - Statement - UpdatedSelectDate = com.kms.katalon.core.webui.keyword.WebUiBuiltInKeywords.modifyObjectProperty(com.kms.katalon.core.testobject.ObjectRepository.findTestObject(Final Object Repo/New Registration - Registration Module Pages/Form 2/DOB Date), "xpath", "equals", "//body/div/table/tbody/tr/td/a[text()="" + CurrentDate + ""]", true): Modify property of object successfully

2018-12-12 16:22:55 - [MESSAGE][PASSED] - Modify property of object successfully

2018-12-12 16:22:55 - [TEST_STEP][PASSED] - delay: Delayed 3 second(s)

2018-12-12 16:22:58 - [MESSAGE][PASSED] - Delayed 3 second(s)

2018-12-12 16:22:58 - [TEST_STEP][PASSED] - click: Object: 'Object Repository/Final Object Repo/New Registration - Registration Module Pages/Form 2/DOB Date' is clicked on

2018-12-12 16:22:59 - [MESSAGE][PASSED] - Object: 'Object Repository/Final Object Repo/New Registration - Registration Module Pages/Form 2/DOB Date' is clicked on

2018-12-12 16:22:59 - [TEST_STEP][PASSED] - delay: Delayed 2 second(s)

2018-12-12 16:23:01 - [MESSAGE][PASSED] - Delayed 2 second(s)

2018-12-12 16:23:01 - [TEST_STEP][PASSED] - click: Object: 'Object Repository/Final Object Repo/New Registration - Registration Module Pages/Form 2/EmploymentStartDate Pop Up' is clicked on

2018-12-12 16:23:01 - [MESSAGE][PASSED] - Object: 'Object Repository/Final Object Repo/New Registration - Registration Module Pages/Form 2/EmploymentStartDate Pop Up' is clicked on

2018-12-12 16:23:01 - [TEST_STEP][PASSED] - delay: Delayed 2 second(s)

2018-12-12 16:23:03 - [MESSAGE][PASSED] - Delayed 2 second(s)

2018-12-12 16:23:03 - [TEST_STEP][PASSED] - click: Object: 'Object Repository/Final Object Repo/New Registration - Registration Module Pages/Form 2/Socso Employment StartDate Month' is clicked on

2018-12-12 16:23:03 - [MESSAGE][PASSED] - Object: 'Object Repository/Final Object Repo/New Registration - Registration Module Pages/Form 2/Socso Employment StartDate Month' is clicked on

2018-12-12 16:23:03 - [TEST_STEP][PASSED] - delay: Delayed 1 second(s)

2018-12-12 16:23:04 - [MESSAGE][PASSED] - Delayed 1 second(s)

2018-12-12 16:23:04 - [TEST_STEP][PASSED] - click: Object: 'Object Repository/Final Object Repo/New Registration - Registration Module Pages/Form 2/Select Socso Employement Startdate Month' is clicked on

2018-12-12 16:23:04 - [MESSAGE][PASSED] - Object: 'Object Repository/Final Object Repo/New Registration - Registration Module Pages/Form 2/Select Socso Employement Startdate Month' is clicked on

2018-12-12 16:23:04 - [TEST_STEP][PASSED] - delay: Delayed 2 second(s)

2018-12-12 16:23:06 - [MESSAGE][PASSED] - Delayed 2 second(s)

2018-12-12 16:23:06 - [TEST_STEP][PASSED] - click: Object: 'Object Repository/Final Object Repo/New Registration - Registration Module Pages/Form 2/Socso Employment StartDate Year' is clicked on

2018-12-12 16:23:06 - [MESSAGE][PASSED] - Object: 'Object Repository/Final Object Repo/New Registration - Registration Module Pages/Form 2/Socso Employment StartDate Year' is clicked on

2018-12-12 16:23:06 - [TEST_STEP][PASSED] - delay: Delayed 1 second(s)

2018-12-12 16:23:07 - [MESSAGE][PASSED] - Delayed 1 second(s)

2018-12-12 16:23:07 - [TEST_STEP][PASSED] - click: Object: 'Object Repository/Final Object Repo/New Registration - Registration Module Pages/Form 2/Select Socso Employment Startdate Year' is clicked on

2018-12-12 16:23:07 - [MESSAGE][PASSED] - Object: 'Object Repository/Final Object Repo/New Registration - Registration Module Pages/Form 2/Select Socso Employment Startdate Year' is clicked on

2018-12-12 16:23:07 - [TEST_STEP][PASSED] - delay: Delayed 2 second(s)

2018-12-12 16:23:09 - [MESSAGE][PASSED] - Delayed 2 second(s)

2018-12-12 16:23:09 - [TEST_STEP][PASSED] - click: Object: 'Object Repository/Final Object Repo/New Registration - Registration Module Pages/Form 2/Socso Employment Start Date Day' is clicked on

2018-12-12 16:23:10 - [MESSAGE][PASSED] - Object: 'Object Repository/Final Object Repo/New Registration - Registration Module Pages/Form 2/Socso Employment Start Date Day' is clicked on

2018-12-12 16:23:10 - [TEST_STEP][PASSED] - delay: Delayed 2 second(s)

2018-12-12 16:23:12 - [MESSAGE][PASSED] - Delayed 2 second(s)

2018-12-12 16:23:12 - [TEST_STEP][PASSED] - click: Object: 'Object Repository/Final Object Repo/New Registration - Registration Module Pages/Form 2/Save Button for Add Employee' is clicked on

2018-12-12 16:23:12 - [MESSAGE][PASSED] - Object: 'Object Repository/Final Object Repo/New Registration - Registration Module Pages/Form 2/Save Button for Add Employee' is clicked on

2018-12-12 16:23:12 - [TEST_STEP][PASSED] - delay: Delayed 6 second(s)

2018-12-12 16:23:18 - [MESSAGE][PASSED] - Delayed 6 second(s)

2018-12-12 16:23:18 - [TEST_STEP][PASSED] - click: Object: 'Object Repository/Final Object Repo/New Registration - Registration Module Pages/Form 2/Add Employee Button' is clicked on

2018-12-12 16:23:18 - [MESSAGE][PASSED] - Object: 'Object Repository/Final Object Repo/New Registration - Registration Module Pages/Form 2/Add Employee Button' is clicked on

2018-12-12 16:23:18 - [TEST_STEP][PASSED] - delay: Delayed 4 second(s)

2018-12-12 16:23:22 - [MESSAGE][PASSED] - Delayed 4 second(s)

2018-12-12 16:23:22 - [TEST_STEP][PASSED] - setText: Text '620904059691' is set on object 'Object Repository/Final Object Repo/New Registration - Registration Module Pages/Form 2/NRIC Input'

2018-12-12 16:23:23 - [MESSAGE][PASSED] - Text '620904059691' is set on object 'Object Repository/Final Object Repo/New Registration - Registration Module Pages/Form 2/NRIC Input'

2018-12-12 16:23:23 - [TEST_STEP][PASSED] - click: Object: 'Object Repository/Final Object Repo/New Registration - Registration Module Pages/Form 2/button for search for IC' is clicked on

2018-12-12 16:23:23 - [MESSAGE][PASSED] - Object: 'Object Repository/Final Object Repo/New Registration - Registration Module Pages/Form 2/button for search for IC' is clicked on

2018-12-12 16:23:23 - [TEST_STEP][PASSED] - delay: Delayed 2 second(s)

2018-12-12 16:23:25 - [MESSAGE][PASSED] - Delayed 2 second(s)

2018-12-12 16:23:25 - [TEST_STEP][PASSED] - setText: Text 'Automate001 eligible 2' is set on object 'Object Repository/Final Object Repo/New Registration - Registration Module Pages/Form 2/Employee Name Input'

2018-12-12 16:23:26 - [MESSAGE][PASSED] - Text 'Automate001 eligible 2' is set on object 'Object Repository/Final Object Repo/New Registration - Registration Module Pages/Form 2/Employee Name Input'

2018-12-12 16:23:26 - [TEST_STEP][PASSED] - delay: Delayed 2 second(s)

2018-12-12 16:23:28 - [MESSAGE][PASSED] - Delayed 2 second(s)

2018-12-12 16:23:28 - [TEST_STEP][PASSED] - click: Object: 'Object Repository/Final Object Repo/New Registration - Registration Module Pages/Form 2/DatePicker Pop Up' is clicked on

2018-12-12 16:23:29 - [MESSAGE][PASSED] - Object: 'Object Repository/Final Object Repo/New Registration - Registration Module Pages/Form 2/DatePicker Pop Up' is clicked on

2018-12-12 16:23:29 - [TEST_STEP][PASSED] - delay: Delayed 2 second(s)

2018-12-12 16:23:31 - [MESSAGE][PASSED] - Delayed 2 second(s)

2018-12-12 16:23:31 - [TEST_STEP][PASSED] - click: Object: 'Object Repository/Final Object Repo/New Registration - Registration Module Pages/Form 2/DOB Month' is clicked on

2018-12-12 16:23:31 - [MESSAGE][PASSED] - Object: 'Object Repository/Final Object Repo/New Registration - Registration Module Pages/Form 2/DOB Month' is clicked on

2018-12-12 16:23:31 - [TEST_STEP][PASSED] - Statement - selectMonth = com.kms.katalon.core.webui.keyword.WebUiBuiltInKeywords.modifyObjectProperty(selectMonth, "xpath", "equals", "//body/div/div/div/select/option[@value="" + CurrentMonth + ""]", true): Modify property of object successfully

2018-12-12 16:23:31 - [MESSAGE][PASSED] - Modify property of object successfully

2018-12-12 16:23:31 - [TEST_STEP][PASSED] - click: Object: '' is clicked on

2018-12-12 16:23:31 - [MESSAGE][PASSED] - Object: '' is clicked on

2018-12-12 16:23:31 - [TEST_STEP][PASSED] - click: Object: 'Object Repository/Final Object Repo/New Registration - Registration Module Pages/Form 2/DOB Year' is clicked on

2018-12-12 16:23:31 - [MESSAGE][PASSED] - Object: 'Object Repository/Final Object Repo/New Registration - Registration Module Pages/Form 2/DOB Year' is clicked on

2018-12-12 16:23:31 - [TEST_STEP][PASSED] - Statement - selectYear = com.kms.katalon.core.webui.keyword.WebUiBuiltInKeywords.modifyObjectProperty(selectYear, "xpath", "equals", "//div/div/div/select/option[@value="" + FiftysevenYrsBefore + ""]", true): Modify property of object successfully

2018-12-12 16:23:31 - [MESSAGE][PASSED] - Modify property of object successfully

2018-12-12 16:23:31 - [TEST_STEP][PASSED] - click: Object: '' is clicked on

2018-12-12 16:23:31 - [MESSAGE][PASSED] - Object: '' is clicked on

2018-12-12 16:23:31 - [TEST_STEP][PASSED] - Statement - UpdatedSelectDate = com.kms.katalon.core.webui.keyword.WebUiBuiltInKeywords.modifyObjectProperty(com.kms.katalon.core.testobject.ObjectRepository.findTestObject(Final Object Repo/New Registration - Registration Module Pages/Form 2/DOB Date), "xpath", "equals", "//body/div/table/tbody/tr/td/a[text()="" + OneDayBefore + ""]", true): Modify property of object successfully

2018-12-12 16:23:31 - [MESSAGE][PASSED] - Modify property of object successfully

2018-12-12 16:23:31 - [TEST_STEP][PASSED] - click: Object: 'Object Repository/Final Object Repo/New Registration - Registration Module Pages/Form 2/DOB Date' is clicked on

2018-12-12 16:23:31 - [MESSAGE][PASSED] - Object: 'Object Repository/Final Object Repo/New Registration - Registration Module Pages/Form 2/DOB Date' is clicked on

2018-12-12 16:23:31 - [TEST_STEP][PASSED] - delay: Delayed 2 second(s)

2018-12-12 16:23:33 - [MESSAGE][PASSED] - Delayed 2 second(s)

2018-12-12 16:23:33 - [TEST_STEP][PASSED] - click: Object: 'Object Repository/Final Object Repo/New Registration - Registration Module Pages/Form 2/EmploymentStartDate Pop Up' is clicked on

2018-12-12 16:23:34 - [MESSAGE][PASSED] - Object: 'Object Repository/Final Object Repo/New Registration - Registration Module Pages/Form 2/EmploymentStartDate Pop Up' is clicked on

2018-12-12 16:23:34 - [TEST_STEP][PASSED] - delay: Delayed 2 second(s)

2018-12-12 16:23:36 - [MESSAGE][PASSED] - Delayed 2 second(s)

2018-12-12 16:23:36 - [TEST_STEP][PASSED] - click: Object: 'Object Repository/Final Object Repo/New Registration - Registration Module Pages/Form 2/Socso Employment StartDate Month' is clicked on

2018-12-12 16:23:36 - [MESSAGE][PASSED] - Object: 'Object Repository/Final Object Repo/New Registration - Registration Module Pages/Form 2/Socso Employment StartDate Month' is clicked on

2018-12-12 16:23:36 - [TEST_STEP][PASSED] - delay: Delayed 1 second(s)

2018-12-12 16:23:37 - [MESSAGE][PASSED] - Delayed 1 second(s)

2018-12-12 16:23:37 - [TEST_STEP][PASSED] - click: Object: 'Object Repository/Final Object Repo/New Registration - Registration Module Pages/Form 2/Select Socso Employement Startdate Month' is clicked on

2018-12-12 16:23:37 - [MESSAGE][PASSED] - Object: 'Object Repository/Final Object Repo/New Registration - Registration Module Pages/Form 2/Select Socso Employement Startdate Month' is clicked on

2018-12-12 16:23:37 - [TEST_STEP][PASSED] - delay: Delayed 2 second(s)

2018-12-12 16:23:39 - [MESSAGE][PASSED] - Delayed 2 second(s)

2018-12-12 16:23:39 - [TEST_STEP][PASSED] - click: Object: 'Object Repository/Final Object Repo/New Registration - Registration Module Pages/Form 2/Socso Employment StartDate Year' is clicked on

2018-12-12 16:23:40 - [MESSAGE][PASSED] - Object: 'Object Repository/Final Object Repo/New Registration - Registration Module Pages/Form 2/Socso Employment StartDate Year' is clicked on

2018-12-12 16:23:40 - [TEST_STEP][PASSED] - delay: Delayed 1 second(s)

2018-12-12 16:23:41 - [MESSAGE][PASSED] - Delayed 1 second(s)

2018-12-12 16:23:41 - [TEST_STEP][PASSED] - click: Object: 'Object Repository/Final Object Repo/New Registration - Registration Module Pages/Form 2/Select Socso Employment Startdate Year' is clicked on

2018-12-12 16:23:41 - [MESSAGE][PASSED] - Object: 'Object Repository/Final Object Repo/New Registration - Registration Module Pages/Form 2/Select Socso Employment Startdate Year' is clicked on

2018-12-12 16:23:41 - [TEST_STEP][PASSED] - delay: Delayed 2 second(s)

2018-12-12 16:23:43 - [MESSAGE][PASSED] - Delayed 2 second(s)

2018-12-12 16:23:43 - [TEST_STEP][PASSED] - click: Object: 'Object Repository/Final Object Repo/New Registration - Registration Module Pages/Form 2/Socso Employment Start Date Day' is clicked on

2018-12-12 16:23:43 - [MESSAGE][PASSED] - Object: 'Object Repository/Final Object Repo/New Registration - Registration Module Pages/Form 2/Socso Employment Start Date Day' is clicked on

2018-12-12 16:23:43 - [TEST_STEP][PASSED] - delay: Delayed 2 second(s)

2018-12-12 16:23:45 - [MESSAGE][PASSED] - Delayed 2 second(s)

2018-12-12 16:23:45 - [TEST_STEP][PASSED] - click: Object: 'Object Repository/Final Object Repo/New Registration - Registration Module Pages/Form 2/Save Button for Add Employee' is clicked on

2018-12-12 16:23:45 - [MESSAGE][PASSED] - Object: 'Object Repository/Final Object Repo/New Registration - Registration Module Pages/Form 2/Save Button for Add Employee' is clicked on

2018-12-12 16:23:45 - [TEST_STEP][PASSED] - delay: Delayed 4 second(s)

2018-12-12 16:23:49 - [MESSAGE][PASSED] - Delayed 4 second(s)

2018-12-12 16:23:49 - [TEST_STEP][PASSED] - delay: Delayed 30 second(s)

2018-12-12 16:24:19 - [MESSAGE][PASSED] - Delayed 30 second(s)

2018-12-12 16:24:19 - [TEST_STEP][PASSED] - click: Object: 'Object Repository/Final Object Repo/New Registration - Registration Module Pages/Form 2/Add Employee Button' is clicked on

2018-12-12 16:24:19 - [MESSAGE][PASSED] - Object: 'Object Repository/Final Object Repo/New Registration - Registration Module Pages/Form 2/Add Employee Button' is clicked on

2018-12-12 16:24:19 - [TEST_STEP][PASSED] - delay: Delayed 4 second(s)

2018-12-12 16:24:23 - [MESSAGE][PASSED] - Delayed 4 second(s)

2018-12-12 16:24:23 - [TEST_STEP][PASSED] - setText: Text '000209039145' is set on object 'Object Repository/Final Object Repo/New Registration - Registration Module Pages/Form 2/NRIC Input'

2018-12-12 16:24:24 - [MESSAGE][PASSED] - Text '000209039145' is set on object 'Object Repository/Final Object Repo/New Registration - Registration Module Pages/Form 2/NRIC Input'

2018-12-12 16:24:24 - [TEST_STEP][PASSED] - click: Object: 'Object Repository/Final Object Repo/New Registration - Registration Module Pages/Form 2/button for search for IC' is clicked on

2018-12-12 16:24:24 - [MESSAGE][PASSED] - Object: 'Object Repository/Final Object Repo/New Registration - Registration Module Pages/Form 2/button for search for IC' is clicked on

2018-12-12 16:24:24 - [TEST_STEP][PASSED] - delay: Delayed 2 second(s)

2018-12-12 16:24:26 - [MESSAGE][PASSED] - Delayed 2 second(s)

2018-12-12 16:24:26 - [TEST_STEP][PASSED] - setText: Text 'Automate001 not eligible 1' is set on object 'Object Repository/Final Object Repo/New Registration - Registration Module Pages/Form 2/Employee Name Input'

2018-12-12 16:24:26 - [MESSAGE][PASSED] - Text 'Automate001 not eligible 1' is set on object 'Object Repository/Final Object Repo/New Registration - Registration Module Pages/Form 2/Employee Name Input'

2018-12-12 16:24:26 - [TEST_STEP][PASSED] - delay: Delayed 2 second(s)

2018-12-12 16:24:28 - [MESSAGE][PASSED] - Delayed 2 second(s)

2018-12-12 16:24:28 - [TEST_STEP][PASSED] - click: Object: 'Object Repository/Final Object Repo/New Registration - Registration Module Pages/Form 2/DatePicker Pop Up' is clicked on

2018-12-12 16:24:29 - [MESSAGE][PASSED] - Object: 'Object Repository/Final Object Repo/New Registration - Registration Module Pages/Form 2/DatePicker Pop Up' is clicked on

2018-12-12 16:24:29 - [TEST_STEP][PASSED] - delay: Delayed 2 second(s)

2018-12-12 16:24:31 - [MESSAGE][PASSED] - Delayed 2 second(s)

2018-12-12 16:24:31 - [TEST_STEP][PASSED] - click: Object: 'Object Repository/Final Object Repo/New Registration - Registration Module Pages/Form 2/DOB Month' is clicked on

2018-12-12 16:24:31 - [MESSAGE][PASSED] - Object: 'Object Repository/Final Object Repo/New Registration - Registration Module Pages/Form 2/DOB Month' is clicked on

2018-12-12 16:24:31 - [TEST_STEP][PASSED] - Statement - selectMonth = com.kms.katalon.core.webui.keyword.WebUiBuiltInKeywords.modifyObjectProperty(selectMonth, "xpath", "equals", "//body/div/div/div/select/option[@value="" + CurrentMonth + ""]", true): Modify property of object successfully

2018-12-12 16:24:31 - [MESSAGE][PASSED] - Modify property of object successfully

2018-12-12 16:24:31 - [TEST_STEP][PASSED] - click: Object: '' is clicked on

2018-12-12 16:24:31 - [MESSAGE][PASSED] - Object: '' is clicked on

2018-12-12 16:24:31 - [TEST_STEP][PASSED] - click: Object: 'Object Repository/Final Object Repo/New Registration - Registration Module Pages/Form 2/DOB Year' is clicked on

2018-12-12 16:24:31 - [MESSAGE][PASSED] - Object: 'Object Repository/Final Object Repo/New Registration - Registration Module Pages/Form 2/DOB Year' is clicked on

2018-12-12 16:24:31 - [TEST_STEP][PASSED] - Statement - selectYear = com.kms.katalon.core.webui.keyword.WebUiBuiltInKeywords.modifyObjectProperty(selectYear, "xpath", "equals", "//div/div/div/select/option[@value="" + EighteenYrsBefore + ""]", true): Modify property of object successfully

2018-12-12 16:24:31 - [MESSAGE][PASSED] - Modify property of object successfully

2018-12-12 16:24:31 - [TEST_STEP][PASSED] - click: Object: '' is clicked on

2018-12-12 16:24:31 - [MESSAGE][PASSED] - Object: '' is clicked on

2018-12-12 16:24:31 - [TEST_STEP][PASSED] - Statement - UpdatedSelectDate = com.kms.katalon.core.webui.keyword.WebUiBuiltInKeywords.modifyObjectProperty(com.kms.katalon.core.testobject.ObjectRepository.findTestObject(Final Object Repo/New Registration - Registration Module Pages/Form 2/DOB Date), "xpath", "equals", "//body/div/table/tbody/tr/td/a[text()="" + OneDayBefore + ""]", true): Modify property of object successfully

2018-12-12 16:24:31 - [MESSAGE][PASSED] - Modify property of object successfully

2018-12-12 16:24:31 - [TEST_STEP][PASSED] - click: Object: 'Object Repository/Final Object Repo/New Registration - Registration Module Pages/Form 2/DOB Date' is clicked on

2018-12-12 16:24:31 - [MESSAGE][PASSED] - Object: 'Object Repository/Final Object Repo/New Registration - Registration Module Pages/Form 2/DOB Date' is clicked on

2018-12-12 16:24:31 - [TEST_STEP][PASSED] - delay: Delayed 2 second(s)

2018-12-12 16:24:33 - [MESSAGE][PASSED] - Delayed 2 second(s)

2018-12-12 16:24:33 - [TEST_STEP][PASSED] - click: Object: 'Object Repository/Final Object Repo/New Registration - Registration Module Pages/Form 2/EmploymentStartDate Pop Up' is clicked on

2018-12-12 16:24:34 - [MESSAGE][PASSED] - Object: 'Object Repository/Final Object Repo/New Registration - Registration Module Pages/Form 2/EmploymentStartDate Pop Up' is clicked on

2018-12-12 16:24:34 - [TEST_STEP][PASSED] - delay: Delayed 2 second(s)

2018-12-12 16:24:36 - [MESSAGE][PASSED] - Delayed 2 second(s)

2018-12-12 16:24:36 - [TEST_STEP][PASSED] - click: Object: 'Object Repository/Final Object Repo/New Registration - Registration Module Pages/Form 2/Socso Employment StartDate Month' is clicked on

2018-12-12 16:24:36 - [MESSAGE][PASSED] - Object: 'Object Repository/Final Object Repo/New Registration - Registration Module Pages/Form 2/Socso Employment StartDate Month' is clicked on

2018-12-12 16:24:36 - [TEST_STEP][PASSED] - delay: Delayed 1 second(s)

2018-12-12 16:24:37 - [MESSAGE][PASSED] - Delayed 1 second(s)

2018-12-12 16:24:37 - [TEST_STEP][PASSED] - click: Object: 'Object Repository/Final Object Repo/New Registration - Registration Module Pages/Form 2/Select Socso Employement Startdate Month' is clicked on

2018-12-12 16:24:37 - [MESSAGE][PASSED] - Object: 'Object Repository/Final Object Repo/New Registration - Registration Module Pages/Form 2/Select Socso Employement Startdate Month' is clicked on

2018-12-12 16:24:37 - [TEST_STEP][PASSED] - delay: Delayed 2 second(s)

2018-12-12 16:24:39 - [MESSAGE][PASSED] - Delayed 2 second(s)

2018-12-12 16:24:39 - [TEST_STEP][PASSED] - click: Object: 'Object Repository/Final Object Repo/New Registration - Registration Module Pages/Form 2/Socso Employment StartDate Year' is clicked on

2018-12-12 16:24:39 - [MESSAGE][PASSED] - Object: 'Object Repository/Final Object Repo/New Registration - Registration Module Pages/Form 2/Socso Employment StartDate Year' is clicked on

2018-12-12 16:24:39 - [TEST_STEP][PASSED] - delay: Delayed 1 second(s)

2018-12-12 16:24:40 - [MESSAGE][PASSED] - Delayed 1 second(s)

2018-12-12 16:24:40 - [TEST_STEP][PASSED] - click: Object: 'Object Repository/Final Object Repo/New Registration - Registration Module Pages/Form 2/Select Socso Employment Startdate Year' is clicked on

2018-12-12 16:24:40 - [MESSAGE][PASSED] - Object: 'Object Repository/Final Object Repo/New Registration - Registration Module Pages/Form 2/Select Socso Employment Startdate Year' is clicked on

2018-12-12 16:24:40 - [TEST_STEP][PASSED] - delay: Delayed 2 second(s)

2018-12-12 16:24:42 - [MESSAGE][PASSED] - Delayed 2 second(s)

2018-12-12 16:24:42 - [TEST_STEP][PASSED] - click: Object: 'Object Repository/Final Object Repo/New Registration - Registration Module Pages/Form 2/Socso Employment Start Date Day' is clicked on

2018-12-12 16:24:42 - [MESSAGE][PASSED] - Object: 'Object Repository/Final Object Repo/New Registration - Registration Module Pages/Form 2/Socso Employment Start Date Day' is clicked on

2018-12-12 16:24:42 - [TEST_STEP][PASSED] - delay: Delayed 2 second(s)

2018-12-12 16:24:44 - [MESSAGE][PASSED] - Delayed 2 second(s)

2018-12-12 16:24:44 - [TEST_STEP][PASSED] - click: Object: 'Object Repository/Final Object Repo/New Registration - Registration Module Pages/Form 2/Save Button for Add Employee' is clicked on

2018-12-12 16:24:45 - [MESSAGE][PASSED] - Object: 'Object Repository/Final Object Repo/New Registration - Registration Module Pages/Form 2/Save Button for Add Employee' is clicked on

2018-12-12 16:24:45 - [TEST_STEP][PASSED] - delay: Delayed 6 second(s)

2018-12-12 16:24:51 - [MESSAGE][PASSED] - Delayed 6 second(s)

2018-12-12 16:24:51 - [TEST_STEP][PASSED] - click: Object: 'Object Repository/Final Object Repo/New Registration - Registration Module Pages/Form 2/Add Employee Button' is clicked on

2018-12-12 16:24:51 - [MESSAGE][PASSED] - Object: 'Object Repository/Final Object Repo/New Registration - Registration Module Pages/Form 2/Add Employee Button' is clicked on

2018-12-12 16:24:51 - [TEST_STEP][PASSED] - delay: Delayed 4 second(s)

2018-12-12 16:24:55 - [MESSAGE][PASSED] - Delayed 4 second(s)

2018-12-12 16:24:55 - [TEST_STEP][PASSED] - setText: Text '600203039154' is set on object 'Object Repository/Final Object Repo/New Registration - Registration Module Pages/Form 2/NRIC Input'

2018-12-12 16:24:56 - [MESSAGE][PASSED] - Text '600203039154' is set on object 'Object Repository/Final Object Repo/New Registration - Registration Module Pages/Form 2/NRIC Input'

2018-12-12 16:24:56 - [TEST_STEP][PASSED] - click: Object: 'Object Repository/Final Object Repo/New Registration - Registration Module Pages/Form 2/button for search for IC' is clicked on

2018-12-12 16:24:56 - [MESSAGE][PASSED] - Object: 'Object Repository/Final Object Repo/New Registration - Registration Module Pages/Form 2/button for search for IC' is clicked on

2018-12-12 16:24:56 - [TEST_STEP][PASSED] - delay: Delayed 2 second(s)

2018-12-12 16:24:58 - [MESSAGE][PASSED] - Delayed 2 second(s)

2018-12-12 16:24:58 - [TEST_STEP][PASSED] - setText: Text 'Automate001 not eligible 2' is set on object 'Object Repository/Final Object Repo/New Registration - Registration Module Pages/Form 2/Employee Name Input'

2018-12-12 16:24:59 - [MESSAGE][PASSED] - Text 'Automate001 not eligible 2' is set on object 'Object Repository/Final Object Repo/New Registration - Registration Module Pages/Form 2/Employee Name Input'

2018-12-12 16:24:59 - [TEST_STEP][PASSED] - delay: Delayed 2 second(s)

2018-12-12 16:25:01 - [MESSAGE][PASSED] - Delayed 2 second(s)

2018-12-12 16:25:01 - [TEST_STEP][PASSED] - click: Object: 'Object Repository/Final Object Repo/New Registration - Registration Module Pages/Form 2/DatePicker Pop Up' is clicked on

2018-12-12 16:25:01 - [MESSAGE][PASSED] - Object: 'Object Repository/Final Object Repo/New Registration - Registration Module Pages/Form 2/DatePicker Pop Up' is clicked on

2018-12-12 16:25:01 - [TEST_STEP][PASSED] - delay: Delayed 2 second(s)

2018-12-12 16:25:03 - [MESSAGE][PASSED] - Delayed 2 second(s)

2018-12-12 16:25:03 - [TEST_STEP][PASSED] - click: Object: 'Object Repository/Final Object Repo/New Registration - Registration Module Pages/Form 2/DOB Month' is clicked on

2018-12-12 16:25:03 - [MESSAGE][PASSED] - Object: 'Object Repository/Final Object Repo/New Registration - Registration Module Pages/Form 2/DOB Month' is clicked on

2018-12-12 16:25:03 - [TEST_STEP][PASSED] - Statement - selectMonth = com.kms.katalon.core.webui.keyword.WebUiBuiltInKeywords.modifyObjectProperty(selectMonth, "xpath", "equals", "//body/div/div/div/select/option[@value="" + CurrentMonth + ""]", true): Modify property of object successfully

2018-12-12 16:25:03 - [MESSAGE][PASSED] - Modify property of object successfully

2018-12-12 16:25:03 - [TEST_STEP][PASSED] - click: Object: '' is clicked on

2018-12-12 16:25:03 - [MESSAGE][PASSED] - Object: '' is clicked on

2018-12-12 16:25:03 - [TEST_STEP][PASSED] - click: Object: 'Object Repository/Final Object Repo/New Registration - Registration Module Pages/Form 2/DOB Year' is clicked on

2018-12-12 16:25:04 - [MESSAGE][PASSED] - Object: 'Object Repository/Final Object Repo/New Registration - Registration Module Pages/Form 2/DOB Year' is clicked on

2018-12-12 16:25:04 - [TEST_STEP][PASSED] - Statement - selectYear = com.kms.katalon.core.webui.keyword.WebUiBuiltInKeywords.modifyObjectProperty(selectYear, "xpath", "equals", "//div/div/div/select/option[@value="" + FiftysevenYrsBefore + ""]", true): Modify property of object successfully

2018-12-12 16:25:04 - [MESSAGE][PASSED] - Modify property of object successfully

2018-12-12 16:25:04 - [TEST_STEP][PASSED] - click: Object: '' is clicked on

2018-12-12 16:25:04 - [MESSAGE][PASSED] - Object: '' is clicked on

2018-12-12 16:25:04 - [TEST_STEP][PASSED] - Statement - UpdatedSelectDate = com.kms.katalon.core.webui.keyword.WebUiBuiltInKeywords.modifyObjectProperty(com.kms.katalon.core.testobject.ObjectRepository.findTestObject(Final Object Repo/New Registration - Registration Module Pages/Form 2/DOB Date), "xpath", "equals", "//body/div/table/tbody/tr/td/a[text()="" + CurrentDate + ""]", true): Modify property of object successfully

2018-12-12 16:25:04 - [MESSAGE][PASSED] - Modify property of object successfully

2018-12-12 16:25:04 - [TEST_STEP][PASSED] - click: Object: 'Object Repository/Final Object Repo/New Registration - Registration Module Pages/Form 2/DOB Date' is clicked on

2018-12-12 16:25:04 - [MESSAGE][PASSED] - Object: 'Object Repository/Final Object Repo/New Registration - Registration Module Pages/Form 2/DOB Date' is clicked on

2018-12-12 16:25:04 - [TEST_STEP][PASSED] - click: Object: 'Object Repository/Final Object Repo/New Registration - Registration Module Pages/Form 2/EmploymentStartDate Pop Up' is clicked on

2018-12-12 16:25:04 - [MESSAGE][PASSED] - Object: 'Object Repository/Final Object Repo/New Registration - Registration Module Pages/Form 2/EmploymentStartDate Pop Up' is clicked on

2018-12-12 16:25:04 - [TEST_STEP][PASSED] - delay: Delayed 2 second(s)

2018-12-12 16:25:06 - [MESSAGE][PASSED] - Delayed 2 second(s)

2018-12-12 16:25:06 - [TEST_STEP][PASSED] - click: Object: 'Object Repository/Final Object Repo/New Registration - Registration Module Pages/Form 2/Socso Employment StartDate Month' is clicked on

2018-12-12 16:25:06 - [MESSAGE][PASSED] - Object: 'Object Repository/Final Object Repo/New Registration - Registration Module Pages/Form 2/Socso Employment StartDate Month' is clicked on

2018-12-12 16:25:06 - [TEST_STEP][PASSED] - delay: Delayed 1 second(s)

2018-12-12 16:25:07 - [MESSAGE][PASSED] - Delayed 1 second(s)

2018-12-12 16:25:07 - [TEST_STEP][PASSED] - click: Object: 'Object Repository/Final Object Repo/New Registration - Registration Module Pages/Form 2/Select Socso Employement Startdate Month' is clicked on

2018-12-12 16:25:07 - [MESSAGE][PASSED] - Object: 'Object Repository/Final Object Repo/New Registration - Registration Module Pages/Form 2/Select Socso Employement Startdate Month' is clicked on

2018-12-12 16:25:07 - [TEST_STEP][PASSED] - delay: Delayed 2 second(s)

2018-12-12 16:25:09 - [MESSAGE][PASSED] - Delayed 2 second(s)

2018-12-12 16:25:09 - [TEST_STEP][PASSED] - click: Object: 'Object Repository/Final Object Repo/New Registration - Registration Module Pages/Form 2/Socso Employment StartDate Year' is clicked on

2018-12-12 16:25:10 - [MESSAGE][PASSED] - Object: 'Object Repository/Final Object Repo/New Registration - Registration Module Pages/Form 2/Socso Employment StartDate Year' is clicked on

2018-12-12 16:25:10 - [TEST_STEP][PASSED] - delay: Delayed 1 second(s)

2018-12-12 16:25:11 - [MESSAGE][PASSED] - Delayed 1 second(s)

2018-12-12 16:25:11 - [TEST_STEP][PASSED] - click: Object: 'Object Repository/Final Object Repo/New Registration - Registration Module Pages/Form 2/Select Socso Employment Startdate Year' is clicked on

2018-12-12 16:25:11 - [MESSAGE][PASSED] - Object: 'Object Repository/Final Object Repo/New Registration - Registration Module Pages/Form 2/Select Socso Employment Startdate Year' is clicked on

2018-12-12 16:25:11 - [TEST_STEP][PASSED] - delay: Delayed 2 second(s)

2018-12-12 16:25:13 - [MESSAGE][PASSED] - Delayed 2 second(s)

2018-12-12 16:25:13 - [TEST_STEP][PASSED] - click: Object: 'Object Repository/Final Object Repo/New Registration - Registration Module Pages/Form 2/Socso Employment Start Date Day' is clicked on

2018-12-12 16:25:13 - [MESSAGE][PASSED] - Object: 'Object Repository/Final Object Repo/New Registration - Registration Module Pages/Form 2/Socso Employment Start Date Day' is clicked on

2018-12-12 16:25:13 - [TEST_STEP][PASSED] - delay: Delayed 2 second(s)

2018-12-12 16:25:15 - [MESSAGE][PASSED] - Delayed 2 second(s)

2018-12-12 16:25:15 - [TEST_STEP][PASSED] - click: Object: 'Object Repository/Final Object Repo/New Registration - Registration Module Pages/Form 2/Save Button for Add Employee' is clicked on

2018-12-12 16:25:15 - [MESSAGE][PASSED] - Object: 'Object Repository/Final Object Repo/New Registration - Registration Module Pages/Form 2/Save Button for Add Employee' is clicked on

2018-12-12 16:25:15 - [TEST_STEP][PASSED] - delay: Delayed 2 second(s)

2018-12-12 16:25:17 - [MESSAGE][PASSED] - Delayed 2 second(s)

2018-12-12 16:25:17 - [TEST_STEP][PASSED] - click: Object: 'Object Repository/Final Object Repo/New Registration - Registration Module Pages/Form 2/Save and Continue Form 2' is clicked on

2018-12-12 16:25:18 - [MESSAGE][PASSED] - Object: 'Object Repository/Final Object Repo/New Registration - Registration Module Pages/Form 2/Save and Continue Form 2' is clicked on

2018-12-12 16:25:18 - [MESSAGE][PASSED] - Call Test Case 'Test Cases/Final Aug 2018 - PKS Automation/Registration Module/New Registration/Form 2/Add 2 Eligible 2 Not Eligible' successfully

2018-12-12 16:25:18 - [TEST_STEP][PASSED] - callTestCase: Call Test Case 'Test Cases/Final Aug 2018 - PKS Automation/Registration Module/New Registration/Flow of New Registration/Third Screen - Upload Supporting Doc - Preview' successfully

2018-12-12 16:25:18 - [TEST_CASE][PASSED] - Test Cases/Final Aug 2018 - PKS Automation/Registration Module/New Registration/Flow of New Registration/Third Screen - Upload Supporting Doc - Preview: Test Cases/Final Aug 2018 - PKS Automation/Registration Module/New Registration/Flow of New Registration/Third Screen - Upload Supporting Doc - Preview

2018-12-12 16:25:18 - [TEST_STEP][PASSED] - waitForPageLoad: Wait for page load successfully

2018-12-12 16:25:21 - [MESSAGE][PASSED] - Wait for page load successfully

2018-12-12 16:25:21 - [TEST_STEP][PASSED] - Statement - CaseReferenceNo = com.kms.katalon.core.webui.keyword.WebUiBuiltInKeywords.getText(com.kms.katalon.core.testobject.ObjectRepository.findTestObject(Final Object Repo/New Registration - Registration Module Pages/Third Screen - Upload Supporting Doc- Preview/RefNo Acquiring)): Text of object 'Object Repository/Final Object Repo/New Registration - Registration Module Pages/Third Screen - Upload Supporting Doc- Preview/RefNo Acquiring' is: 'CRN12201800123213'

2018-12-12 16:25:21 - [MESSAGE][PASSED] - Text of object 'Object Repository/Final Object Repo/New Registration - Registration Module Pages/Third Screen - Upload Supporting Doc- Preview/RefNo Acquiring' is: 'CRN12201800123213'

2018-12-12 16:25:21 - [TEST_STEP][PASSED] - delay: Delayed 2 second(s)

2018-12-12 16:25:23 - [MESSAGE][PASSED] - Delayed 2 second(s)

2018-12-12 16:25:23 - [TEST_STEP][PASSED] - callTestCase: Call Test Case 'Test Cases/Final Aug 2018 - PKS Automation/Common/Reference Number Setter' successfully

2018-12-12 16:25:23 - [TEST_CASE][PASSED] - Test Cases/Final Aug 2018 - PKS Automation/Common/Reference Number Setter: Test Cases/Final Aug 2018 - PKS Automation/Common/Reference Number Setter

2018-12-12 16:25:23 - [TEST_STEP][PASSED] - Statement - RefNoOldFile = new java.io.File(C://Users//Admin//Desktop//PKS//Automation Reference Point//KatalonReference.txt): null

2018-12-12 16:25:23 - [TEST_STEP][PASSED] - Statement - RefNoOldFile.delete(): null

2018-12-12 16:25:23 - [TEST_STEP][PASSED] - delay: Delayed 5 second(s)

2018-12-12 16:25:28 - [MESSAGE][PASSED] - Delayed 5 second(s)

2018-12-12 16:25:28 - [TEST_STEP][PASSED] - Statement - RefNo = new java.io.File(C://Users//Admin//Desktop//PKS//Automation Reference Point//KatalonReference.txt): null

2018-12-12 16:25:28 - [TEST_STEP][PASSED] - Statement - f2 = new java.io.FileWriter(RefNo, false): null

2018-12-12 16:25:28 - [TEST_STEP][PASSED] - Statement - f2.write(CaseReferenceNo): null

2018-12-12 16:25:28 - [TEST_STEP][PASSED] - Statement - f2.close(): null

2018-12-12 16:25:28 - [TEST_STEP][PASSED] - Statement - out.println("


" + CaseReferenceNo + "


"): null

2018-12-12 16:25:28 - [MESSAGE][PASSED] - Call Test Case 'Test Cases/Final Aug 2018 - PKS Automation/Common/Reference Number Setter' successfully

2018-12-12 16:25:28 - [TEST_STEP][PASSED] - waitForElementClickable: Object 'Object Repository/Final Object Repo/New Registration - Registration Module Pages/Third Screen - Upload Supporting Doc- Preview/Save n Continue in SIP Employee Listing Page' is clickable

2018-12-12 16:25:28 - [MESSAGE][PASSED] - Object 'Object Repository/Final Object Repo/New Registration - Registration Module Pages/Third Screen - Upload Supporting Doc- Preview/Save n Continue in SIP Employee Listing Page' is clickable

2018-12-12 16:25:28 - [TEST_STEP][PASSED] - click: Object: 'Object Repository/Final Object Repo/New Registration - Registration Module Pages/Third Screen - Upload Supporting Doc- Preview/Save n Continue in SIP Employee Listing Page' is clicked on

2018-12-12 16:25:34 - [MESSAGE][PASSED] - Object: 'Object Repository/Final Object Repo/New Registration - Registration Module Pages/Third Screen - Upload Supporting Doc- Preview/Save n Continue in SIP Employee Listing Page' is clicked on

2018-12-12 16:25:34 - [TEST_STEP][PASSED] - delay: Delayed 7 second(s)

2018-12-12 16:25:41 - [MESSAGE][PASSED] - Delayed 7 second(s)

2018-12-12 16:25:41 - [TEST_STEP][PASSED] - click: Object: 'Object Repository/Final Object Repo/New Registration - Registration Module Pages/Third Screen - Upload Supporting Doc- Preview/Add Document Button' is clicked on

2018-12-12 16:25:41 - [MESSAGE][PASSED] - Object: 'Object Repository/Final Object Repo/New Registration - Registration Module Pages/Third Screen - Upload Supporting Doc- Preview/Add Document Button' is clicked on

2018-12-12 16:25:41 - [TEST_STEP][PASSED] - delay: Delayed 30 second(s)

2018-12-12 16:26:11 - [MESSAGE][PASSED] - Delayed 30 second(s)

2018-12-12 16:26:11 - [TEST_STEP][PASSED] - click: Object: 'Object Repository/Final Object Repo/New Registration - Registration Module Pages/Third Screen - Upload Supporting Doc- Preview/Supporting Doc Please Select Drop Down' is clicked on

2018-12-12 16:26:11 - [MESSAGE][PASSED] - Object: 'Object Repository/Final Object Repo/New Registration - Registration Module Pages/Third Screen - Upload Supporting Doc- Preview/Supporting Doc Please Select Drop Down' is clicked on

2018-12-12 16:26:11 - [TEST_STEP][PASSED] - delay: Delayed 2 second(s)

2018-12-12 16:26:13 - [MESSAGE][PASSED] - Delayed 2 second(s)

2018-12-12 16:26:13 - [TEST_STEP][PASSED] - click: Object: 'Object Repository/Final Object Repo/New Registration - Registration Module Pages/Third Screen - Upload Supporting Doc- Preview/Select to Upload Form 1' is clicked on

2018-12-12 16:26:14 - [MESSAGE][PASSED] - Object: 'Object Repository/Final Object Repo/New Registration - Registration Module Pages/Third Screen - Upload Supporting Doc- Preview/Select to Upload Form 1' is clicked on

2018-12-12 16:26:14 - [TEST_STEP][PASSED] - delay: Delayed 2 second(s)

2018-12-12 16:26:16 - [MESSAGE][PASSED] - Delayed 2 second(s)

2018-12-12 16:26:16 - [TEST_STEP][PASSED] - uploadFile: File 'C:\Users\Public\Pictures\Sample Pictures\Koala.jpg' sent to object: 'Object Repository/Final Object Repo/New Registration - Registration Module Pages/Third Screen - Upload Supporting Doc- Preview/Upload File Adding'

2018-12-12 16:26:16 - [MESSAGE][PASSED] - File 'C:\Users\Public\Pictures\Sample Pictures\Koala.jpg' sent to object: 'Object Repository/Final Object Repo/New Registration - Registration Module Pages/Third Screen - Upload Supporting Doc- Preview/Upload File Adding'

2018-12-12 16:26:16 - [TEST_STEP][PASSED] - delay: Delayed 5 second(s)

2018-12-12 16:26:21 - [MESSAGE][PASSED] - Delayed 5 second(s)

2018-12-12 16:26:21 - [TEST_STEP][PASSED] - click: Object: 'Object Repository/Final Object Repo/New Registration - Registration Module Pages/Third Screen - Upload Supporting Doc- Preview/Inner Form Add Document Button' is clicked on

2018-12-12 16:26:21 - [MESSAGE][PASSED] - Object: 'Object Repository/Final Object Repo/New Registration - Registration Module Pages/Third Screen - Upload Supporting Doc- Preview/Inner Form Add Document Button' is clicked on

2018-12-12 16:26:21 - [TEST_STEP][PASSED] - delay: Delayed 3 second(s)

2018-12-12 16:26:24 - [MESSAGE][PASSED] - Delayed 3 second(s)

2018-12-12 16:26:24 - [TEST_STEP][PASSED] - click: Object: 'Object Repository/Final Object Repo/New Registration - Registration Module Pages/Third Screen - Upload Supporting Doc- Preview/Add Document Button' is clicked on

2018-12-12 16:26:28 - [MESSAGE][PASSED] - Object: 'Object Repository/Final Object Repo/New Registration - Registration Module Pages/Third Screen - Upload Supporting Doc- Preview/Add Document Button' is clicked on

2018-12-12 16:26:28 - [TEST_STEP][PASSED] - delay: Delayed 30 second(s)

2018-12-12 16:26:58 - [MESSAGE][PASSED] - Delayed 30 second(s)

2018-12-12 16:26:58 - [TEST_STEP][PASSED] - click: Object: 'Object Repository/Final Object Repo/New Registration - Registration Module Pages/Third Screen - Upload Supporting Doc- Preview/Supporting Doc Please Select Drop Down' is clicked on

2018-12-12 16:26:58 - [MESSAGE][PASSED] - Object: 'Object Repository/Final Object Repo/New Registration - Registration Module Pages/Third Screen - Upload Supporting Doc- Preview/Supporting Doc Please Select Drop Down' is clicked on

2018-12-12 16:26:58 - [TEST_STEP][PASSED] - delay: Delayed 4 second(s)

2018-12-12 16:27:02 - [MESSAGE][PASSED] - Delayed 4 second(s)

2018-12-12 16:27:02 - [TEST_STEP][PASSED] - click: Object: 'Object Repository/Final Object Repo/New Registration - Registration Module Pages/Third Screen - Upload Supporting Doc- Preview/Select to Upload Form 2' is clicked on

2018-12-12 16:27:02 - [MESSAGE][PASSED] - Object: 'Object Repository/Final Object Repo/New Registration - Registration Module Pages/Third Screen - Upload Supporting Doc- Preview/Select to Upload Form 2' is clicked on

2018-12-12 16:27:02 - [TEST_STEP][PASSED] - delay: Delayed 2 second(s)

2018-12-12 16:27:04 - [MESSAGE][PASSED] - Delayed 2 second(s)

2018-12-12 16:27:04 - [TEST_STEP][PASSED] - uploadFile: File 'C:\Users\Public\Pictures\Sample Pictures\Koala.jpg' sent to object: 'Object Repository/Final Object Repo/New Registration - Registration Module Pages/Third Screen - Upload Supporting Doc- Preview/Upload File Adding'

2018-12-12 16:27:04 - [MESSAGE][PASSED] - File 'C:\Users\Public\Pictures\Sample Pictures\Koala.jpg' sent to object: 'Object Repository/Final Object Repo/New Registration - Registration Module Pages/Third Screen - Upload Supporting Doc- Preview/Upload File Adding'

2018-12-12 16:27:04 - [TEST_STEP][PASSED] - click: Object: 'Object Repository/Final Object Repo/New Registration - Registration Module Pages/Third Screen - Upload Supporting Doc- Preview/Inner Form Add Document Button' is clicked on

2018-12-12 16:27:04 - [MESSAGE][PASSED] - Object: 'Object Repository/Final Object Repo/New Registration - Registration Module Pages/Third Screen - Upload Supporting Doc- Preview/Inner Form Add Document Button' is clicked on

2018-12-12 16:27:04 - [TEST_STEP][PASSED] - delay: Delayed 5 second(s)

2018-12-12 16:27:09 - [MESSAGE][PASSED] - Delayed 5 second(s)

2018-12-12 16:27:09 - [TEST_STEP][PASSED] - click: Object: 'Object Repository/Final Object Repo/New Registration - Registration Module Pages/Third Screen - Upload Supporting Doc- Preview/Add Document Button' is clicked on

2018-12-12 16:27:11 - [MESSAGE][PASSED] - Object: 'Object Repository/Final Object Repo/New Registration - Registration Module Pages/Third Screen - Upload Supporting Doc- Preview/Add Document Button' is clicked on

2018-12-12 16:27:11 - [TEST_STEP][PASSED] - delay: Delayed 30 second(s)

2018-12-12 16:27:41 - [MESSAGE][PASSED] - Delayed 30 second(s)

2018-12-12 16:27:41 - [TEST_STEP][PASSED] - click: Object: 'Object Repository/Final Object Repo/New Registration - Registration Module Pages/Third Screen - Upload Supporting Doc- Preview/Supporting Doc Please Select Drop Down' is clicked on

2018-12-12 16:27:41 - [MESSAGE][PASSED] - Object: 'Object Repository/Final Object Repo/New Registration - Registration Module Pages/Third Screen - Upload Supporting Doc- Preview/Supporting Doc Please Select Drop Down' is clicked on

2018-12-12 16:27:41 - [TEST_STEP][PASSED] - click: Object: 'Object Repository/Final Object Repo/New Registration - Registration Module Pages/Third Screen - Upload Supporting Doc- Preview/Select to Upload Borang SIP 1' is clicked on

2018-12-12 16:27:41 - [MESSAGE][PASSED] - Object: 'Object Repository/Final Object Repo/New Registration - Registration Module Pages/Third Screen - Upload Supporting Doc- Preview/Select to Upload Borang SIP 1' is clicked on

2018-12-12 16:27:41 - [TEST_STEP][PASSED] - delay: Delayed 2 second(s)

2018-12-12 16:27:43 - [MESSAGE][PASSED] - Delayed 2 second(s)

2018-12-12 16:27:43 - [TEST_STEP][PASSED] - uploadFile: File 'C:\Users\Public\Pictures\Sample Pictures\Koala.jpg' sent to object: 'Object Repository/Final Object Repo/New Registration - Registration Module Pages/Third Screen - Upload Supporting Doc- Preview/Upload File Adding'

2018-12-12 16:27:44 - [MESSAGE][PASSED] - File 'C:\Users\Public\Pictures\Sample Pictures\Koala.jpg' sent to object: 'Object Repository/Final Object Repo/New Registration - Registration Module Pages/Third Screen - Upload Supporting Doc- Preview/Upload File Adding'

2018-12-12 16:27:44 - [TEST_STEP][PASSED] - click: Object: 'Object Repository/Final Object Repo/New Registration - Registration Module Pages/Third Screen - Upload Supporting Doc- Preview/Inner Form Add Document Button' is clicked on

2018-12-12 16:27:44 - [MESSAGE][PASSED] - Object: 'Object Repository/Final Object Repo/New Registration - Registration Module Pages/Third Screen - Upload Supporting Doc- Preview/Inner Form Add Document Button' is clicked on

2018-12-12 16:27:44 - [TEST_STEP][PASSED] - delay: Delayed 5 second(s)

2018-12-12 16:27:49 - [MESSAGE][PASSED] - Delayed 5 second(s)

2018-12-12 16:27:49 - [TEST_STEP][PASSED] - click: Object: 'Object Repository/Final Object Repo/New Registration - Registration Module Pages/Third Screen - Upload Supporting Doc- Preview/Add Document Button' is clicked on

2018-12-12 16:27:49 - [MESSAGE][PASSED] - Object: 'Object Repository/Final Object Repo/New Registration - Registration Module Pages/Third Screen - Upload Supporting Doc- Preview/Add Document Button' is clicked on

2018-12-12 16:27:49 - [TEST_STEP][PASSED] - delay: Delayed 30 second(s)

2018-12-12 16:28:19 - [MESSAGE][PASSED] - Delayed 30 second(s)

2018-12-12 16:28:19 - [TEST_STEP][PASSED] - click: Object: 'Object Repository/Final Object Repo/New Registration - Registration Module Pages/Third Screen - Upload Supporting Doc- Preview/Supporting Doc Please Select Drop Down' is clicked on

2018-12-12 16:28:19 - [MESSAGE][PASSED] - Object: 'Object Repository/Final Object Repo/New Registration - Registration Module Pages/Third Screen - Upload Supporting Doc- Preview/Supporting Doc Please Select Drop Down' is clicked on

2018-12-12 16:28:19 - [TEST_STEP][PASSED] - delay: Delayed 3 second(s)

2018-12-12 16:28:22 - [MESSAGE][PASSED] - Delayed 3 second(s)

2018-12-12 16:28:22 - [TEST_STEP][PASSED] - click: Object: 'Object Repository/Final Object Repo/New Registration - Registration Module Pages/Third Screen - Upload Supporting Doc- Preview/Select to Upload Borang SIP 2' is clicked on

2018-12-12 16:28:22 - [MESSAGE][PASSED] - Object: 'Object Repository/Final Object Repo/New Registration - Registration Module Pages/Third Screen - Upload Supporting Doc- Preview/Select to Upload Borang SIP 2' is clicked on

2018-12-12 16:28:22 - [TEST_STEP][PASSED] - delay: Delayed 2 second(s)

2018-12-12 16:28:24 - [MESSAGE][PASSED] - Delayed 2 second(s)

2018-12-12 16:28:24 - [TEST_STEP][PASSED] - uploadFile: File 'C:\Users\Public\Pictures\Sample Pictures\Koala.jpg' sent to object: 'Object Repository/Final Object Repo/New Registration - Registration Module Pages/Third Screen - Upload Supporting Doc- Preview/Upload File Adding'

2018-12-12 16:28:24 - [MESSAGE][PASSED] - File 'C:\Users\Public\Pictures\Sample Pictures\Koala.jpg' sent to object: 'Object Repository/Final Object Repo/New Registration - Registration Module Pages/Third Screen - Upload Supporting Doc- Preview/Upload File Adding'

2018-12-12 16:28:24 - [TEST_STEP][PASSED] - delay: Delayed 5 second(s)

2018-12-12 16:28:29 - [MESSAGE][PASSED] - Delayed 5 second(s)

2018-12-12 16:28:29 - [TEST_STEP][PASSED] - click: Object: 'Object Repository/Final Object Repo/New Registration - Registration Module Pages/Third Screen - Upload Supporting Doc- Preview/Inner Form Add Document Button' is clicked on

2018-12-12 16:28:30 - [MESSAGE][PASSED] - Object: 'Object Repository/Final Object Repo/New Registration - Registration Module Pages/Third Screen - Upload Supporting Doc- Preview/Inner Form Add Document Button' is clicked on

2018-12-12 16:28:30 - [TEST_STEP][PASSED] - delay: Delayed 3 second(s)

2018-12-12 16:28:33 - [MESSAGE][PASSED] - Delayed 3 second(s)

2018-12-12 16:28:33 - [TEST_STEP][PASSED] - waitForElementClickable: Object 'Object Repository/Final Object Repo/New Registration - Registration Module Pages/Third Screen - Upload Supporting Doc- Preview/Save n Continue in Uploading Supporting Doc Page' is clickable

2018-12-12 16:28:34 - [MESSAGE][PASSED] - Object 'Object Repository/Final Object Repo/New Registration - Registration Module Pages/Third Screen - Upload Supporting Doc- Preview/Save n Continue in Uploading Supporting Doc Page' is clickable

2018-12-12 16:28:34 - [TEST_STEP][PASSED] - click: Object: 'Object Repository/Final Object Repo/New Registration - Registration Module Pages/Third Screen - Upload Supporting Doc- Preview/Save n Continue in Uploading Supporting Doc Page' is clicked on

2018-12-12 16:28:35 - [MESSAGE][PASSED] - Object: 'Object Repository/Final Object Repo/New Registration - Registration Module Pages/Third Screen - Upload Supporting Doc- Preview/Save n Continue in Uploading Supporting Doc Page' is clicked on

2018-12-12 16:28:35 - [MESSAGE][PASSED] - Call Test Case 'Test Cases/Final Aug 2018 - PKS Automation/Registration Module/New Registration/Flow of New Registration/Third Screen - Upload Supporting Doc - Preview' successfully

2018-12-12 16:28:35 - [TEST_STEP][PASSED] - callTestCase: Call Test Case 'Test Cases/Final Aug 2018 - PKS Automation/Registration Module/New Registration/Submit and Screenshot/Submit Registration and Screenshot' successfully

2018-12-12 16:28:35 - [TEST_CASE][PASSED] - Test Cases/Final Aug 2018 - PKS Automation/Registration Module/New Registration/Submit and Screenshot/Submit Registration and Screenshot: Test Cases/Final Aug 2018 - PKS Automation/Registration Module/New Registration/Submit and Screenshot/Submit Registration and Screenshot

2018-12-12 16:28:35 - [TEST_STEP][PASSED] - delay: Delayed 6 second(s)

2018-12-12 16:28:41 - [MESSAGE][PASSED] - Delayed 6 second(s)

2018-12-12 16:28:41 - [TEST_STEP][PASSED] - click: Object: 'Object Repository/Final Object Repo/New Registration - Registration Module Pages/Third Screen - Upload Supporting Doc- Preview/Preview Submit Button' is clicked on

2018-12-12 16:28:41 - [MESSAGE][PASSED] - Object: 'Object Repository/Final Object Repo/New Registration - Registration Module Pages/Third Screen - Upload Supporting Doc- Preview/Preview Submit Button' is clicked on

2018-12-12 16:28:41 - [TEST_STEP][PASSED] - delay: Delayed 2 second(s)

2018-12-12 16:28:43 - [MESSAGE][PASSED] - Delayed 2 second(s)

2018-12-12 16:28:43 - [TEST_STEP][PASSED] - click: Object: 'Object Repository/Final Object Repo/New Registration - Registration Module Pages/Third Screen - Upload Supporting Doc- Preview/Preview Submit - Confirm' is clicked on

2018-12-12 16:28:43 - [MESSAGE][PASSED] - Object: 'Object Repository/Final Object Repo/New Registration - Registration Module Pages/Third Screen - Upload Supporting Doc- Preview/Preview Submit - Confirm' is clicked on

2018-12-12 16:28:43 - [TEST_STEP][PASSED] - delay: Delayed 15 second(s)

2018-12-12 16:28:58 - [MESSAGE][PASSED] - Delayed 15 second(s)

2018-12-12 16:28:58 - [TEST_STEP][PASSED] - Statement - driver = com.kms.katalon.core.webui.driver.DriverFactory.getWebDriver(): null

2018-12-12 16:28:58 - [TEST_STEP][PASSED] - Statement - driver.manage().timeouts().implicitlyWait(10, SECONDS): null

2018-12-12 16:28:58 - [TEST_STEP][PASSED] - Statement - PresavePath = KatalonScreenshots: null

2018-12-12 16:28:58 - [TEST_STEP][PASSED] - Statement - pathPrefix = "C:\Users\Public\Pictures\Sample Pictures\Katalon Screenshots\Automate Ending Screen": null

2018-12-12 16:28:58 - [TEST_STEP][PASSED] - Statement - finalPath = <not implemented yet for class: org.codehaus.groovy.ast.expr.EmptyExpression>: null

2018-12-12 16:28:58 - [TEST_STEP][PASSED] - Statement - scrFile = driver.getScreenshotAs(FILE): null

2018-12-12 16:28:59 - [TEST_STEP][PASSED] - Statement - PreSaveFile = new java.io.File(PresavePath): null

2018-12-12 16:28:59 - [TEST_STEP][PASSED] - Statement - counter = 0: null

2018-12-12 16:28:59 - [TEST_STEP][PASSED] - Statement - If (PreSaveFile.exists()): null

2018-12-12 16:28:59 - [TEST_STEP][PASSED] - Statement - While (PreSaveFile.exists()): null

2018-12-12 16:28:59 - [TEST_STEP][PASSED] - Statement - counter = counter + 1: null

2018-12-12 16:28:59 - [TEST_STEP][PASSED] - Statement - PreSaveFile = new java.io.File(((pathPrefix + java.lang.Integer.toString(counter)) + .png)): null

2018-12-12 16:28:59 - [TEST_STEP][PASSED] - Statement - counter = counter + 1: null

2018-12-12 16:28:59 - [TEST_STEP][PASSED] - Statement - PreSaveFile = new java.io.File(((pathPrefix + java.lang.Integer.toString(counter)) + .png)): null

2018-12-12 16:28:59 - [TEST_STEP][PASSED] - Statement - counter = counter + 1: null

2018-12-12 16:28:59 - [TEST_STEP][PASSED] - Statement - PreSaveFile = new java.io.File(((pathPrefix + java.lang.Integer.toString(counter)) + .png)): null

2018-12-12 16:28:59 - [TEST_STEP][PASSED] - Statement - counter = counter + 1: null

2018-12-12 16:28:59 - [TEST_STEP][PASSED] - Statement - PreSaveFile = new java.io.File(((pathPrefix + java.lang.Integer.toString(counter)) + .png)): null

2018-12-12 16:28:59 - [TEST_STEP][PASSED] - Statement - counter = counter + 1: null

2018-12-12 16:28:59 - [TEST_STEP][PASSED] - Statement - PreSaveFile = new java.io.File(((pathPrefix + java.lang.Integer.toString(counter)) + .png)): null

2018-12-12 16:28:59 - [TEST_STEP][PASSED] - Statement - counter = counter + 1: null

2018-12-12 16:28:59 - [TEST_STEP][PASSED] - Statement - PreSaveFile = new java.io.File(((pathPrefix + java.lang.Integer.toString(counter)) + .png)): null

2018-12-12 16:28:59 - [TEST_STEP][PASSED] - Statement - counter = counter + 1: null

2018-12-12 16:28:59 - [TEST_STEP][PASSED] - Statement - PreSaveFile = new java.io.File(((pathPrefix + java.lang.Integer.toString(counter)) + .png)): null

2018-12-12 16:28:59 - [TEST_STEP][PASSED] - Statement - counter = counter + 1: null

2018-12-12 16:28:59 - [TEST_STEP][PASSED] - Statement - PreSaveFile = new java.io.File(((pathPrefix + java.lang.Integer.toString(counter)) + .png)): null

2018-12-12 16:28:59 - [TEST_STEP][PASSED] - Statement - counter = counter + 1: null

2018-12-12 16:28:59 - [TEST_STEP][PASSED] - Statement - PreSaveFile = new java.io.File(((pathPrefix + java.lang.Integer.toString(counter)) + .png)): null

2018-12-12 16:28:59 - [TEST_STEP][PASSED] - Statement - counter = counter + 1: null

2018-12-12 16:28:59 - [TEST_STEP][PASSED] - Statement - PreSaveFile = new java.io.File(((pathPrefix + java.lang.Integer.toString(counter)) + .png)): null

2018-12-12 16:28:59 - [TEST_STEP][PASSED] - Statement - counter = counter + 1: null

2018-12-12 16:28:59 - [TEST_STEP][PASSED] - Statement - PreSaveFile = new java.io.File(((pathPrefix + java.lang.Integer.toString(counter)) + .png)): null

2018-12-12 16:28:59 - [TEST_STEP][PASSED] - Statement - counter = counter + 1: null

2018-12-12 16:28:59 - [TEST_STEP][PASSED] - Statement - PreSaveFile = new java.io.File(((pathPrefix + java.lang.Integer.toString(counter)) + .png)): null

2018-12-12 16:28:59 - [TEST_STEP][PASSED] - Statement - counter = counter + 1: null

2018-12-12 16:28:59 - [TEST_STEP][PASSED] - Statement - PreSaveFile = new java.io.File(((pathPrefix + java.lang.Integer.toString(counter)) + .png)): null

2018-12-12 16:28:59 - [TEST_STEP][PASSED] - Statement - counter = counter + 1: null

2018-12-12 16:28:59 - [TEST_STEP][PASSED] - Statement - PreSaveFile = new java.io.File(((pathPrefix + java.lang.Integer.toString(counter)) + .png)): null

2018-12-12 16:28:59 - [TEST_STEP][PASSED] - Statement - counter = counter + 1: null

2018-12-12 16:28:59 - [TEST_STEP][PASSED] - Statement - PreSaveFile = new java.io.File(((pathPrefix + java.lang.Integer.toString(counter)) + .png)): null

2018-12-12 16:28:59 - [TEST_STEP][PASSED] - Statement - counter = counter + 1: null

2018-12-12 16:28:59 - [TEST_STEP][PASSED] - Statement - PreSaveFile = new java.io.File(((pathPrefix + java.lang.Integer.toString(counter)) + .png)): null

2018-12-12 16:28:59 - [TEST_STEP][PASSED] - Statement - counter = counter + 1: null

2018-12-12 16:28:59 - [TEST_STEP][PASSED] - Statement - PreSaveFile = new java.io.File(((pathPrefix + java.lang.Integer.toString(counter)) + .png)): null

2018-12-12 16:28:59 - [TEST_STEP][PASSED] - Statement - counter = counter + 1: null

2018-12-12 16:28:59 - [TEST_STEP][PASSED] - Statement - PreSaveFile = new java.io.File(((pathPrefix + java.lang.Integer.toString(counter)) + .png)): null

2018-12-12 16:28:59 - [TEST_STEP][PASSED] - Statement - counter = counter + 1: null

2018-12-12 16:28:59 - [TEST_STEP][PASSED] - Statement - PreSaveFile = new java.io.File(((pathPrefix + java.lang.Integer.toString(counter)) + .png)): null

2018-12-12 16:28:59 - [TEST_STEP][PASSED] - Statement - counter = counter + 1: null

2018-12-12 16:28:59 - [TEST_STEP][PASSED] - Statement - PreSaveFile = new java.io.File(((pathPrefix + java.lang.Integer.toString(counter)) + .png)): null

2018-12-12 16:28:59 - [TEST_STEP][PASSED] - Statement - counter = counter + 1: null

2018-12-12 16:28:59 - [TEST_STEP][PASSED] - Statement - PreSaveFile = new java.io.File(((pathPrefix + java.lang.Integer.toString(counter)) + .png)): null

2018-12-12 16:28:59 - [TEST_STEP][PASSED] - Statement - counter = counter + 1: null

2018-12-12 16:28:59 - [TEST_STEP][PASSED] - Statement - PreSaveFile = new java.io.File(((pathPrefix + java.lang.Integer.toString(counter)) + .png)): null

2018-12-12 16:28:59 - [TEST_STEP][PASSED] - Statement - counter = counter + 1: null

2018-12-12 16:28:59 - [TEST_STEP][PASSED] - Statement - PreSaveFile = new java.io.File(((pathPrefix + java.lang.Integer.toString(counter)) + .png)): null

2018-12-12 16:28:59 - [TEST_STEP][PASSED] - Statement - counter = counter + 1: null

2018-12-12 16:28:59 - [TEST_STEP][PASSED] - Statement - PreSaveFile = new java.io.File(((pathPrefix + java.lang.Integer.toString(counter)) + .png)): null

2018-12-12 16:28:59 - [TEST_STEP][PASSED] - Statement - counter = counter + 1: null

2018-12-12 16:28:59 - [TEST_STEP][PASSED] - Statement - PreSaveFile = new java.io.File(((pathPrefix + java.lang.Integer.toString(counter)) + .png)): null

2018-12-12 16:28:59 - [TEST_STEP][PASSED] - Statement - counter = counter + 1: null

2018-12-12 16:28:59 - [TEST_STEP][PASSED] - Statement - PreSaveFile = new java.io.File(((pathPrefix + java.lang.Integer.toString(counter)) + .png)): null

2018-12-12 16:28:59 - [TEST_STEP][PASSED] - Statement - counter = counter + 1: null

2018-12-12 16:28:59 - [TEST_STEP][PASSED] - Statement - PreSaveFile = new java.io.File(((pathPrefix + java.lang.Integer.toString(counter)) + .png)): null

2018-12-12 16:28:59 - [TEST_STEP][PASSED] - Statement - counter = counter + 1: null

2018-12-12 16:28:59 - [TEST_STEP][PASSED] - Statement - PreSaveFile = new java.io.File(((pathPrefix + java.lang.Integer.toString(counter)) + .png)): null

2018-12-12 16:28:59 - [TEST_STEP][PASSED] - Statement - counter = counter + 1: null

2018-12-12 16:28:59 - [TEST_STEP][PASSED] - Statement - PreSaveFile = new java.io.File(((pathPrefix + java.lang.Integer.toString(counter)) + .png)): null

2018-12-12 16:28:59 - [TEST_STEP][PASSED] - Statement - counter = counter + 1: null

2018-12-12 16:28:59 - [TEST_STEP][PASSED] - Statement - PreSaveFile = new java.io.File(((pathPrefix + java.lang.Integer.toString(counter)) + .png)): null

2018-12-12 16:28:59 - [TEST_STEP][PASSED] - Statement - counter = counter + 1: null

2018-12-12 16:28:59 - [TEST_STEP][PASSED] - Statement - PreSaveFile = new java.io.File(((pathPrefix + java.lang.Integer.toString(counter)) + .png)): null

2018-12-12 16:28:59 - [TEST_STEP][PASSED] - Statement - counter = counter + 1: null

2018-12-12 16:28:59 - [TEST_STEP][PASSED] - Statement - PreSaveFile = new java.io.File(((pathPrefix + java.lang.Integer.toString(counter)) + .png)): null

2018-12-12 16:28:59 - [TEST_STEP][PASSED] - Statement - counter = counter + 1: null

2018-12-12 16:28:59 - [TEST_STEP][PASSED] - Statement - PreSaveFile = new java.io.File(((pathPrefix + java.lang.Integer.toString(counter)) + .png)): null

2018-12-12 16:28:59 - [TEST_STEP][PASSED] - Statement - counter = counter + 1: null

2018-12-12 16:28:59 - [TEST_STEP][PASSED] - Statement - PreSaveFile = new java.io.File(((pathPrefix + java.lang.Integer.toString(counter)) + .png)): null

2018-12-12 16:28:59 - [TEST_STEP][PASSED] - Statement - counter = counter + 1: null

2018-12-12 16:28:59 - [TEST_STEP][PASSED] - Statement - PreSaveFile = new java.io.File(((pathPrefix + java.lang.Integer.toString(counter)) + .png)): null

2018-12-12 16:28:59 - [TEST_STEP][PASSED] - Statement - counter = counter + 1: null

2018-12-12 16:28:59 - [TEST_STEP][PASSED] - Statement - PreSaveFile = new java.io.File(((pathPrefix + java.lang.Integer.toString(counter)) + .png)): null

2018-12-12 16:28:59 - [TEST_STEP][PASSED] - Statement - counter = counter + 1: null

2018-12-12 16:28:59 - [TEST_STEP][PASSED] - Statement - PreSaveFile = new java.io.File(((pathPrefix + java.lang.Integer.toString(counter)) + .png)): null

2018-12-12 16:28:59 - [TEST_STEP][PASSED] - Statement - counter = counter + 1: null

2018-12-12 16:28:59 - [TEST_STEP][PASSED] - Statement - PreSaveFile = new java.io.File(((pathPrefix + java.lang.Integer.toString(counter)) + .png)): null

2018-12-12 16:28:59 - [TEST_STEP][PASSED] - Statement - counter = counter + 1: null

2018-12-12 16:28:59 - [TEST_STEP][PASSED] - Statement - PreSaveFile = new java.io.File(((pathPrefix + java.lang.Integer.toString(counter)) + .png)): null

2018-12-12 16:28:59 - [TEST_STEP][PASSED] - Statement - counter = counter + 1: null

2018-12-12 16:28:59 - [TEST_STEP][PASSED] - Statement - PreSaveFile = new java.io.File(((pathPrefix + java.lang.Integer.toString(counter)) + .png)): null

2018-12-12 16:28:59 - [TEST_STEP][PASSED] - Statement - counter = counter + 1: null

2018-12-12 16:28:59 - [TEST_STEP][PASSED] - Statement - PreSaveFile = new java.io.File(((pathPrefix + java.lang.Integer.toString(counter)) + .png)): null

2018-12-12 16:28:59 - [TEST_STEP][PASSED] - Statement - counter = counter + 1: null

2018-12-12 16:28:59 - [TEST_STEP][PASSED] - Statement - PreSaveFile = new java.io.File(((pathPrefix + java.lang.Integer.toString(counter)) + .png)): null

2018-12-12 16:28:59 - [TEST_STEP][PASSED] - Statement - counter = counter + 1: null

2018-12-12 16:28:59 - [TEST_STEP][PASSED] - Statement - PreSaveFile = new java.io.File(((pathPrefix + java.lang.Integer.toString(counter)) + .png)): null

2018-12-12 16:28:59 - [TEST_STEP][PASSED] - Statement - counter = counter + 1: null

2018-12-12 16:28:59 - [TEST_STEP][PASSED] - Statement - PreSaveFile = new java.io.File(((pathPrefix + java.lang.Integer.toString(counter)) + .png)): null

2018-12-12 16:28:59 - [TEST_STEP][PASSED] - Statement - counter = counter + 1: null

2018-12-12 16:28:59 - [TEST_STEP][PASSED] - Statement - PreSaveFile = new java.io.File(((pathPrefix + java.lang.Integer.toString(counter)) + .png)): null

2018-12-12 16:28:59 - [TEST_STEP][PASSED] - Statement - counter = counter + 1: null

2018-12-12 16:28:59 - [TEST_STEP][PASSED] - Statement - PreSaveFile = new java.io.File(((pathPrefix + java.lang.Integer.toString(counter)) + .png)): null

2018-12-12 16:28:59 - [TEST_STEP][PASSED] - Statement - counter = counter + 1: null

2018-12-12 16:28:59 - [TEST_STEP][PASSED] - Statement - PreSaveFile = new java.io.File(((pathPrefix + java.lang.Integer.toString(counter)) + .png)): null

2018-12-12 16:28:59 - [TEST_STEP][PASSED] - Statement - counter = counter + 1: null

2018-12-12 16:28:59 - [TEST_STEP][PASSED] - Statement - PreSaveFile = new java.io.File(((pathPrefix + java.lang.Integer.toString(counter)) + .png)): null

2018-12-12 16:28:59 - [TEST_STEP][PASSED] - Statement - counter = counter + 1: null

2018-12-12 16:28:59 - [TEST_STEP][PASSED] - Statement - PreSaveFile = new java.io.File(((pathPrefix + java.lang.Integer.toString(counter)) + .png)): null

2018-12-12 16:28:59 - [TEST_STEP][PASSED] - Statement - counter = counter + 1: null

2018-12-12 16:28:59 - [TEST_STEP][PASSED] - Statement - PreSaveFile = new java.io.File(((pathPrefix + java.lang.Integer.toString(counter)) + .png)): null

2018-12-12 16:28:59 - [TEST_STEP][PASSED] - Statement - counter = counter + 1: null

2018-12-12 16:28:59 - [TEST_STEP][PASSED] - Statement - PreSaveFile = new java.io.File(((pathPrefix + java.lang.Integer.toString(counter)) + .png)): null

2018-12-12 16:28:59 - [TEST_STEP][PASSED] - Statement - counter = counter + 1: null

2018-12-12 16:28:59 - [TEST_STEP][PASSED] - Statement - PreSaveFile = new java.io.File(((pathPrefix + java.lang.Integer.toString(counter)) + .png)): null

2018-12-12 16:28:59 - [TEST_STEP][PASSED] - Statement - counter = counter + 1: null

2018-12-12 16:28:59 - [TEST_STEP][PASSED] - Statement - PreSaveFile = new java.io.File(((pathPrefix + java.lang.Integer.toString(counter)) + .png)): null

2018-12-12 16:28:59 - [TEST_STEP][PASSED] - Statement - counter = counter + 1: null

2018-12-12 16:28:59 - [TEST_STEP][PASSED] - Statement - PreSaveFile = new java.io.File(((pathPrefix + java.lang.Integer.toString(counter)) + .png)): null

2018-12-12 16:28:59 - [TEST_STEP][PASSED] - Statement - counter = counter + 1: null

2018-12-12 16:28:59 - [TEST_STEP][PASSED] - Statement - PreSaveFile = new java.io.File(((pathPrefix + java.lang.Integer.toString(counter)) + .png)): null

2018-12-12 16:28:59 - [TEST_STEP][PASSED] - Statement - counter = counter + 1: null

2018-12-12 16:28:59 - [TEST_STEP][PASSED] - Statement - PreSaveFile = new java.io.File(((pathPrefix + java.lang.Integer.toString(counter)) + .png)): null

2018-12-12 16:28:59 - [TEST_STEP][PASSED] - Statement - counter = counter + 1: null

2018-12-12 16:28:59 - [TEST_STEP][PASSED] - Statement - PreSaveFile = new java.io.File(((pathPrefix + java.lang.Integer.toString(counter)) + .png)): null

2018-12-12 16:28:59 - [TEST_STEP][PASSED] - Statement - counter = counter + 1: null

2018-12-12 16:28:59 - [TEST_STEP][PASSED] - Statement - PreSaveFile = new java.io.File(((pathPrefix + java.lang.Integer.toString(counter)) + .png)): null

2018-12-12 16:28:59 - [TEST_STEP][PASSED] - Statement - counter = counter + 1: null

2018-12-12 16:28:59 - [TEST_STEP][PASSED] - Statement - PreSaveFile = new java.io.File(((pathPrefix + java.lang.Integer.toString(counter)) + .png)): null

2018-12-12 16:28:59 - [TEST_STEP][PASSED] - Statement - counter = counter + 1: null

2018-12-12 16:28:59 - [TEST_STEP][PASSED] - Statement - PreSaveFile = new java.io.File(((pathPrefix + java.lang.Integer.toString(counter)) + .png)): null

2018-12-12 16:28:59 - [TEST_STEP][PASSED] - Statement - counter = counter + 1: null

2018-12-12 16:28:59 - [TEST_STEP][PASSED] - Statement - PreSaveFile = new java.io.File(((pathPrefix + java.lang.Integer.toString(counter)) + .png)): null

2018-12-12 16:28:59 - [TEST_STEP][PASSED] - Statement - counter = counter + 1: null

2018-12-12 16:28:59 - [TEST_STEP][PASSED] - Statement - PreSaveFile = new java.io.File(((pathPrefix + java.lang.Integer.toString(counter)) + .png)): null

2018-12-12 16:28:59 - [TEST_STEP][PASSED] - Statement - counter = counter + 1: null

2018-12-12 16:28:59 - [TEST_STEP][PASSED] - Statement - PreSaveFile = new java.io.File(((pathPrefix + java.lang.Integer.toString(counter)) + .png)): null

2018-12-12 16:28:59 - [TEST_STEP][PASSED] - Statement - counter = counter + 1: null

2018-12-12 16:28:59 - [TEST_STEP][PASSED] - Statement - PreSaveFile = new java.io.File(((pathPrefix + java.lang.Integer.toString(counter)) + .png)): null

2018-12-12 16:28:59 - [TEST_STEP][PASSED] - Statement - counter = counter + 1: null

2018-12-12 16:28:59 - [TEST_STEP][PASSED] - Statement - PreSaveFile = new java.io.File(((pathPrefix + java.lang.Integer.toString(counter)) + .png)): null

2018-12-12 16:28:59 - [TEST_STEP][PASSED] - Statement - counter = counter + 1: null

2018-12-12 16:28:59 - [TEST_STEP][PASSED] - Statement - PreSaveFile = new java.io.File(((pathPrefix + java.lang.Integer.toString(counter)) + .png)): null

2018-12-12 16:28:59 - [TEST_STEP][PASSED] - Statement - counter = counter + 1: null

2018-12-12 16:28:59 - [TEST_STEP][PASSED] - Statement - PreSaveFile = new java.io.File(((pathPrefix + java.lang.Integer.toString(counter)) + .png)): null

2018-12-12 16:28:59 - [TEST_STEP][PASSED] - Statement - counter = counter + 1: null

2018-12-12 16:28:59 - [TEST_STEP][PASSED] - Statement - PreSaveFile = new java.io.File(((pathPrefix + java.lang.Integer.toString(counter)) + .png)): null

2018-12-12 16:28:59 - [TEST_STEP][PASSED] - Statement - counter = counter + 1: null

2018-12-12 16:28:59 - [TEST_STEP][PASSED] - Statement - PreSaveFile = new java.io.File(((pathPrefix + java.lang.Integer.toString(counter)) + .png)): null

2018-12-12 16:28:59 - [TEST_STEP][PASSED] - Statement - counter = counter + 1: null

2018-12-12 16:28:59 - [TEST_STEP][PASSED] - Statement - PreSaveFile = new java.io.File(((pathPrefix + java.lang.Integer.toString(counter)) + .png)): null

2018-12-12 16:28:59 - [TEST_STEP][PASSED] - Statement - counter = counter + 1: null

2018-12-12 16:28:59 - [TEST_STEP][PASSED] - Statement - PreSaveFile = new java.io.File(((pathPrefix + java.lang.Integer.toString(counter)) + .png)): null

2018-12-12 16:28:59 - [TEST_STEP][PASSED] - Statement - counter = counter + 1: null

2018-12-12 16:28:59 - [TEST_STEP][PASSED] - Statement - PreSaveFile = new java.io.File(((pathPrefix + java.lang.Integer.toString(counter)) + .png)): null

2018-12-12 16:28:59 - [TEST_STEP][PASSED] - Statement - counter = counter + 1: null

2018-12-12 16:28:59 - [TEST_STEP][PASSED] - Statement - PreSaveFile = new java.io.File(((pathPrefix + java.lang.Integer.toString(counter)) + .png)): null

2018-12-12 16:28:59 - [TEST_STEP][PASSED] - Statement - counter = counter + 1: null

2018-12-12 16:28:59 - [TEST_STEP][PASSED] - Statement - PreSaveFile = new java.io.File(((pathPrefix + java.lang.Integer.toString(counter)) + .png)): null

2018-12-12 16:28:59 - [TEST_STEP][PASSED] - Statement - counter = counter + 1: null

2018-12-12 16:28:59 - [TEST_STEP][PASSED] - Statement - PreSaveFile = new java.io.File(((pathPrefix + java.lang.Integer.toString(counter)) + .png)): null

2018-12-12 16:28:59 - [TEST_STEP][PASSED] - Statement - counter = counter + 1: null

2018-12-12 16:28:59 - [TEST_STEP][PASSED] - Statement - PreSaveFile = new java.io.File(((pathPrefix + java.lang.Integer.toString(counter)) + .png)): null

2018-12-12 16:28:59 - [TEST_STEP][PASSED] - Statement - counter = counter + 1: null

2018-12-12 16:28:59 - [TEST_STEP][PASSED] - Statement - PreSaveFile = new java.io.File(((pathPrefix + java.lang.Integer.toString(counter)) + .png)): null

2018-12-12 16:28:59 - [TEST_STEP][PASSED] - Statement - counter = counter + 1: null

2018-12-12 16:28:59 - [TEST_STEP][PASSED] - Statement - PreSaveFile = new java.io.File(((pathPrefix + java.lang.Integer.toString(counter)) + .png)): null

2018-12-12 16:28:59 - [TEST_STEP][PASSED] - Statement - counter = counter + 1: null

2018-12-12 16:28:59 - [TEST_STEP][PASSED] - Statement - PreSaveFile = new java.io.File(((pathPrefix + java.lang.Integer.toString(counter)) + .png)): null

2018-12-12 16:28:59 - [TEST_STEP][PASSED] - Statement - counter = counter + 1: null

2018-12-12 16:28:59 - [TEST_STEP][PASSED] - Statement - PreSaveFile = new java.io.File(((pathPrefix + java.lang.Integer.toString(counter)) + .png)): null

2018-12-12 16:28:59 - [TEST_STEP][PASSED] - Statement - counter = counter + 1: null

2018-12-12 16:28:59 - [TEST_STEP][PASSED] - Statement - PreSaveFile = new java.io.File(((pathPrefix + java.lang.Integer.toString(counter)) + .png)): null

2018-12-12 16:28:59 - [TEST_STEP][PASSED] - Statement - counter = counter + 1: null

2018-12-12 16:28:59 - [TEST_STEP][PASSED] - Statement - PreSaveFile = new java.io.File(((pathPrefix + java.lang.Integer.toString(counter)) + .png)): null

2018-12-12 16:28:59 - [TEST_STEP][PASSED] - Statement - counter = counter + 1: null

2018-12-12 16:28:59 - [TEST_STEP][PASSED] - Statement - PreSaveFile = new java.io.File(((pathPrefix + java.lang.Integer.toString(counter)) + .png)): null

2018-12-12 16:28:59 - [TEST_STEP][PASSED] - Statement - counter = counter + 1: null

2018-12-12 16:28:59 - [TEST_STEP][PASSED] - Statement - PreSaveFile = new java.io.File(((pathPrefix + java.lang.Integer.toString(counter)) + .png)): null

2018-12-12 16:28:59 - [TEST_STEP][PASSED] - Statement - counter = counter + 1: null

2018-12-12 16:28:59 - [TEST_STEP][PASSED] - Statement - PreSaveFile = new java.io.File(((pathPrefix + java.lang.Integer.toString(counter)) + .png)): null

2018-12-12 16:28:59 - [TEST_STEP][PASSED] - Statement - counter = counter + 1: null

2018-12-12 16:28:59 - [TEST_STEP][PASSED] - Statement - PreSaveFile = new java.io.File(((pathPrefix + java.lang.Integer.toString(counter)) + .png)): null

2018-12-12 16:28:59 - [TEST_STEP][PASSED] - Statement - counter = counter + 1: null

2018-12-12 16:28:59 - [TEST_STEP][PASSED] - Statement - PreSaveFile = new java.io.File(((pathPrefix + java.lang.Integer.toString(counter)) + .png)): null

2018-12-12 16:28:59 - [TEST_STEP][PASSED] - Statement - counter = counter + 1: null

2018-12-12 16:28:59 - [TEST_STEP][PASSED] - Statement - PreSaveFile = new java.io.File(((pathPrefix + java.lang.Integer.toString(counter)) + .png)): null

2018-12-12 16:28:59 - [TEST_STEP][PASSED] - Statement - counter = counter + 1: null

2018-12-12 16:28:59 - [TEST_STEP][PASSED] - Statement - PreSaveFile = new java.io.File(((pathPrefix + java.lang.Integer.toString(counter)) + .png)): null

2018-12-12 16:28:59 - [TEST_STEP][PASSED] - Statement - counter = counter + 1: null

2018-12-12 16:28:59 - [TEST_STEP][PASSED] - Statement - PreSaveFile = new java.io.File(((pathPrefix + java.lang.Integer.toString(counter)) + .png)): null

2018-12-12 16:28:59 - [TEST_STEP][PASSED] - Statement - counter = counter + 1: null

2018-12-12 16:28:59 - [TEST_STEP][PASSED] - Statement - PreSaveFile = new java.io.File(((pathPrefix + java.lang.Integer.toString(counter)) + .png)): null

2018-12-12 16:28:59 - [TEST_STEP][PASSED] - Statement - counter = counter + 1: null

2018-12-12 16:28:59 - [TEST_STEP][PASSED] - Statement - PreSaveFile = new java.io.File(((pathPrefix + java.lang.Integer.toString(counter)) + .png)): null

2018-12-12 16:28:59 - [TEST_STEP][PASSED] - Statement - counter = counter + 1: null

2018-12-12 16:28:59 - [TEST_STEP][PASSED] - Statement - PreSaveFile = new java.io.File(((pathPrefix + java.lang.Integer.toString(counter)) + .png)): null

2018-12-12 16:28:59 - [TEST_STEP][PASSED] - Statement - counter = counter + 1: null

2018-12-12 16:28:59 - [TEST_STEP][PASSED] - Statement - PreSaveFile = new java.io.File(((pathPrefix + java.lang.Integer.toString(counter)) + .png)): null

2018-12-12 16:28:59 - [TEST_STEP][PASSED] - Statement - counter = counter + 1: null

2018-12-12 16:28:59 - [TEST_STEP][PASSED] - Statement - PreSaveFile = new java.io.File(((pathPrefix + java.lang.Integer.toString(counter)) + .png)): null

2018-12-12 16:28:59 - [TEST_STEP][PASSED] - Statement - counter = counter + 1: null

2018-12-12 16:28:59 - [TEST_STEP][PASSED] - Statement - PreSaveFile = new java.io.File(((pathPrefix + java.lang.Integer.toString(counter)) + .png)): null

2018-12-12 16:28:59 - [TEST_STEP][PASSED] - Statement - counter = counter + 1: null

2018-12-12 16:28:59 - [TEST_STEP][PASSED] - Statement - PreSaveFile = new java.io.File(((pathPrefix + java.lang.Integer.toString(counter)) + .png)): null

2018-12-12 16:28:59 - [TEST_STEP][PASSED] - Statement - counter = counter + 1: null

2018-12-12 16:28:59 - [TEST_STEP][PASSED] - Statement - PreSaveFile = new java.io.File(((pathPrefix + java.lang.Integer.toString(counter)) + .png)): null

2018-12-12 16:28:59 - [TEST_STEP][PASSED] - Statement - counter = counter + 1: null

2018-12-12 16:28:59 - [TEST_STEP][PASSED] - Statement - PreSaveFile = new java.io.File(((pathPrefix + java.lang.Integer.toString(counter)) + .png)): null

2018-12-12 16:28:59 - [TEST_STEP][PASSED] - Statement - counter = counter + 1: null

2018-12-12 16:28:59 - [TEST_STEP][PASSED] - Statement - PreSaveFile = new java.io.File(((pathPrefix + java.lang.Integer.toString(counter)) + .png)): null

2018-12-12 16:28:59 - [TEST_STEP][PASSED] - Statement - counter = counter + 1: null

2018-12-12 16:28:59 - [TEST_STEP][PASSED] - Statement - PreSaveFile = new java.io.File(((pathPrefix + java.lang.Integer.toString(counter)) + .png)): null

2018-12-12 16:28:59 - [TEST_STEP][PASSED] - Statement - counter = counter + 1: null

2018-12-12 16:28:59 - [TEST_STEP][PASSED] - Statement - PreSaveFile = new java.io.File(((pathPrefix + java.lang.Integer.toString(counter)) + .png)): null

2018-12-12 16:28:59 - [TEST_STEP][PASSED] - Statement - counter = counter + 1: null

2018-12-12 16:28:59 - [TEST_STEP][PASSED] - Statement - PreSaveFile = new java.io.File(((pathPrefix + java.lang.Integer.toString(counter)) + .png)): null

2018-12-12 16:28:59 - [TEST_STEP][PASSED] - Statement - counter = counter + 1: null

2018-12-12 16:28:59 - [TEST_STEP][PASSED] - Statement - PreSaveFile = new java.io.File(((pathPrefix + java.lang.Integer.toString(counter)) + .png)): null

2018-12-12 16:28:59 - [TEST_STEP][PASSED] - Statement - counter = counter + 1: null

2018-12-12 16:28:59 - [TEST_STEP][PASSED] - Statement - PreSaveFile = new java.io.File(((pathPrefix + java.lang.Integer.toString(counter)) + .png)): null

2018-12-12 16:28:59 - [TEST_STEP][PASSED] - Statement - counter = counter + 1: null

2018-12-12 16:28:59 - [TEST_STEP][PASSED] - Statement - PreSaveFile = new java.io.File(((pathPrefix + java.lang.Integer.toString(counter)) + .png)): null

2018-12-12 16:28:59 - [TEST_STEP][PASSED] - Statement - counter = counter + 1: null

2018-12-12 16:28:59 - [TEST_STEP][PASSED] - Statement - PreSaveFile = new java.io.File(((pathPrefix + java.lang.Integer.toString(counter)) + .png)): null

2018-12-12 16:28:59 - [TEST_STEP][PASSED] - Statement - counter = counter + 1: null

2018-12-12 16:28:59 - [TEST_STEP][PASSED] - Statement - PreSaveFile = new java.io.File(((pathPrefix + java.lang.Integer.toString(counter)) + .png)): null

2018-12-12 16:28:59 - [TEST_STEP][PASSED] - Statement - counter = counter + 1: null

2018-12-12 16:28:59 - [TEST_STEP][PASSED] - Statement - PreSaveFile = new java.io.File(((pathPrefix + java.lang.Integer.toString(counter)) + .png)): null

2018-12-12 16:28:59 - [TEST_STEP][PASSED] - Statement - counter = counter + 1: null

2018-12-12 16:28:59 - [TEST_STEP][PASSED] - Statement - PreSaveFile = new java.io.File(((pathPrefix + java.lang.Integer.toString(counter)) + .png)): null

2018-12-12 16:28:59 - [TEST_STEP][PASSED] - Statement - counter = counter + 1: null

2018-12-12 16:28:59 - [TEST_STEP][PASSED] - Statement - PreSaveFile = new java.io.File(((pathPrefix + java.lang.Integer.toString(counter)) + .png)): null

2018-12-12 16:28:59 - [TEST_STEP][PASSED] - Statement - counter = counter + 1: null

2018-12-12 16:28:59 - [TEST_STEP][PASSED] - Statement - PreSaveFile = new java.io.File(((pathPrefix + java.lang.Integer.toString(counter)) + .png)): null

2018-12-12 16:28:59 - [TEST_STEP][PASSED] - Statement - counter = counter + 1: null

2018-12-12 16:28:59 - [TEST_STEP][PASSED] - Statement - PreSaveFile = new java.io.File(((pathPrefix + java.lang.Integer.toString(counter)) + .png)): null

2018-12-12 16:28:59 - [TEST_STEP][PASSED] - Statement - counter = counter + 1: null

2018-12-12 16:28:59 - [TEST_STEP][PASSED] - Statement - PreSaveFile = new java.io.File(((pathPrefix + java.lang.Integer.toString(counter)) + .png)): null

2018-12-12 16:28:59 - [TEST_STEP][PASSED] - Statement - counter = counter + 1: null

2018-12-12 16:28:59 - [TEST_STEP][PASSED] - Statement - PreSaveFile = new java.io.File(((pathPrefix + java.lang.Integer.toString(counter)) + .png)): null

2018-12-12 16:28:59 - [TEST_STEP][PASSED] - Statement - counter = counter + 1: null

2018-12-12 16:28:59 - [TEST_STEP][PASSED] - Statement - PreSaveFile = new java.io.File(((pathPrefix + java.lang.Integer.toString(counter)) + .png)): null

2018-12-12 16:28:59 - [TEST_STEP][PASSED] - Statement - counter = counter + 1: null

2018-12-12 16:28:59 - [TEST_STEP][PASSED] - Statement - PreSaveFile = new java.io.File(((pathPrefix + java.lang.Integer.toString(counter)) + .png)): null

2018-12-12 16:28:59 - [TEST_STEP][PASSED] - Statement - counter = counter + 1: null

2018-12-12 16:28:59 - [TEST_STEP][PASSED] - Statement - PreSaveFile = new java.io.File(((pathPrefix + java.lang.Integer.toString(counter)) + .png)): null

2018-12-12 16:28:59 - [TEST_STEP][PASSED] - Statement - counter = counter + 1: null

2018-12-12 16:28:59 - [TEST_STEP][PASSED] - Statement - PreSaveFile = new java.io.File(((pathPrefix + java.lang.Integer.toString(counter)) + .png)): null

2018-12-12 16:28:59 - [TEST_STEP][PASSED] - Statement - counter = counter + 1: null

2018-12-12 16:28:59 - [TEST_STEP][PASSED] - Statement - PreSaveFile = new java.io.File(((pathPrefix + java.lang.Integer.toString(counter)) + .png)): null

2018-12-12 16:28:59 - [TEST_STEP][PASSED] - Statement - counter = counter + 1: null

2018-12-12 16:28:59 - [TEST_STEP][PASSED] - Statement - PreSaveFile = new java.io.File(((pathPrefix + java.lang.Integer.toString(counter)) + .png)): null

2018-12-12 16:28:59 - [TEST_STEP][PASSED] - Statement - counter = counter + 1: null

2018-12-12 16:28:59 - [TEST_STEP][PASSED] - Statement - PreSaveFile = new java.io.File(((pathPrefix + java.lang.Integer.toString(counter)) + .png)): null

2018-12-12 16:28:59 - [TEST_STEP][PASSED] - Statement - counter = counter + 1: null

2018-12-12 16:28:59 - [TEST_STEP][PASSED] - Statement - PreSaveFile = new java.io.File(((pathPrefix + java.lang.Integer.toString(counter)) + .png)): null

2018-12-12 16:28:59 - [TEST_STEP][PASSED] - Statement - counter = counter + 1: null

2018-12-12 16:28:59 - [TEST_STEP][PASSED] - Statement - PreSaveFile = new java.io.File(((pathPrefix + java.lang.Integer.toString(counter)) + .png)): null

2018-12-12 16:28:59 - [TEST_STEP][PASSED] - Statement - counter = counter + 1: null

2018-12-12 16:28:59 - [TEST_STEP][PASSED] - Statement - PreSaveFile = new java.io.File(((pathPrefix + java.lang.Integer.toString(counter)) + .png)): null

2018-12-12 16:28:59 - [TEST_STEP][PASSED] - Statement - counter = counter + 1: null

2018-12-12 16:28:59 - [TEST_STEP][PASSED] - Statement - PreSaveFile = new java.io.File(((pathPrefix + java.lang.Integer.toString(counter)) + .png)): null

2018-12-12 16:28:59 - [TEST_STEP][PASSED] - Statement - counter = counter + 1: null

2018-12-12 16:28:59 - [TEST_STEP][PASSED] - Statement - PreSaveFile = new java.io.File(((pathPrefix + java.lang.Integer.toString(counter)) + .png)): null

2018-12-12 16:28:59 - [TEST_STEP][PASSED] - Statement - counter = counter + 1: null

2018-12-12 16:28:59 - [TEST_STEP][PASSED] - Statement - PreSaveFile = new java.io.File(((pathPrefix + java.lang.Integer.toString(counter)) + .png)): null

2018-12-12 16:28:59 - [TEST_STEP][PASSED] - Statement - counter = counter + 1: null

2018-12-12 16:28:59 - [TEST_STEP][PASSED] - Statement - PreSaveFile = new java.io.File(((pathPrefix + java.lang.Integer.toString(counter)) + .png)): null

2018-12-12 16:28:59 - [TEST_STEP][PASSED] - Statement - counter = counter + 1: null

2018-12-12 16:28:59 - [TEST_STEP][PASSED] - Statement - PreSaveFile = new java.io.File(((pathPrefix + java.lang.Integer.toString(counter)) + .png)): null

2018-12-12 16:28:59 - [TEST_STEP][PASSED] - Statement - counter = counter + 1: null

2018-12-12 16:28:59 - [TEST_STEP][PASSED] - Statement - PreSaveFile = new java.io.File(((pathPrefix + java.lang.Integer.toString(counter)) + .png)): null

2018-12-12 16:28:59 - [TEST_STEP][PASSED] - Statement - counter = counter + 1: null

2018-12-12 16:28:59 - [TEST_STEP][PASSED] - Statement - PreSaveFile = new java.io.File(((pathPrefix + java.lang.Integer.toString(counter)) + .png)): null

2018-12-12 16:28:59 - [TEST_STEP][PASSED] - Statement - counter = counter + 1: null

2018-12-12 16:28:59 - [TEST_STEP][PASSED] - Statement - PreSaveFile = new java.io.File(((pathPrefix + java.lang.Integer.toString(counter)) + .png)): null

2018-12-12 16:28:59 - [TEST_STEP][PASSED] - Statement - counter = counter + 1: null

2018-12-12 16:28:59 - [TEST_STEP][PASSED] - Statement - PreSaveFile = new java.io.File(((pathPrefix + java.lang.Integer.toString(counter)) + .png)): null

2018-12-12 16:28:59 - [TEST_STEP][PASSED] - Statement - counter = counter + 1: null

2018-12-12 16:28:59 - [TEST_STEP][PASSED] - Statement - PreSaveFile = new java.io.File(((pathPrefix + java.lang.Integer.toString(counter)) + .png)): null

2018-12-12 16:28:59 - [TEST_STEP][PASSED] - Statement - counter = counter + 1: null

2018-12-12 16:28:59 - [TEST_STEP][PASSED] - Statement - PreSaveFile = new java.io.File(((pathPrefix + java.lang.Integer.toString(counter)) + .png)): null

2018-12-12 16:28:59 - [TEST_STEP][PASSED] - Statement - counter = counter + 1: null

2018-12-12 16:28:59 - [TEST_STEP][PASSED] - Statement - PreSaveFile = new java.io.File(((pathPrefix + java.lang.Integer.toString(counter)) + .png)): null

2018-12-12 16:28:59 - [TEST_STEP][PASSED] - Statement - counter = counter + 1: null

2018-12-12 16:28:59 - [TEST_STEP][PASSED] - Statement - PreSaveFile = new java.io.File(((pathPrefix + java.lang.Integer.toString(counter)) + .png)): null

2018-12-12 16:28:59 - [TEST_STEP][PASSED] - Statement - counter = counter + 1: null

2018-12-12 16:28:59 - [TEST_STEP][PASSED] - Statement - PreSaveFile = new java.io.File(((pathPrefix + java.lang.Integer.toString(counter)) + .png)): null

2018-12-12 16:28:59 - [TEST_STEP][PASSED] - Statement - counter = counter + 1: null

2018-12-12 16:28:59 - [TEST_STEP][PASSED] - Statement - PreSaveFile = new java.io.File(((pathPrefix + java.lang.Integer.toString(counter)) + .png)): null

2018-12-12 16:28:59 - [TEST_STEP][PASSED] - Statement - counter = counter + 1: null

2018-12-12 16:28:59 - [TEST_STEP][PASSED] - Statement - PreSaveFile = new java.io.File(((pathPrefix + java.lang.Integer.toString(counter)) + .png)): null

2018-12-12 16:28:59 - [TEST_STEP][PASSED] - Statement - counter = counter + 1: null

2018-12-12 16:28:59 - [TEST_STEP][PASSED] - Statement - PreSaveFile = new java.io.File(((pathPrefix + java.lang.Integer.toString(counter)) + .png)): null

2018-12-12 16:28:59 - [TEST_STEP][PASSED] - Statement - counter = counter + 1: null

2018-12-12 16:28:59 - [TEST_STEP][PASSED] - Statement - PreSaveFile = new java.io.File(((pathPrefix + java.lang.Integer.toString(counter)) + .png)): null

2018-12-12 16:28:59 - [TEST_STEP][PASSED] - Statement - counter = counter + 1: null

2018-12-12 16:28:59 - [TEST_STEP][PASSED] - Statement - PreSaveFile = new java.io.File(((pathPrefix + java.lang.Integer.toString(counter)) + .png)): null

2018-12-12 16:28:59 - [TEST_STEP][PASSED] - Statement - counter = counter + 1: null

2018-12-12 16:28:59 - [TEST_STEP][PASSED] - Statement - PreSaveFile = new java.io.File(((pathPrefix + java.lang.Integer.toString(counter)) + .png)): null

2018-12-12 16:28:59 - [TEST_STEP][PASSED] - Statement - counter = counter + 1: null

2018-12-12 16:28:59 - [TEST_STEP][PASSED] - Statement - PreSaveFile = new java.io.File(((pathPrefix + java.lang.Integer.toString(counter)) + .png)): null

2018-12-12 16:28:59 - [TEST_STEP][PASSED] - Statement - counter = counter + 1: null

2018-12-12 16:28:59 - [TEST_STEP][PASSED] - Statement - PreSaveFile = new java.io.File(((pathPrefix + java.lang.Integer.toString(counter)) + .png)): null

2018-12-12 16:28:59 - [TEST_STEP][PASSED] - Statement - finalPath = pathPrefix + java.lang.Integer.toString(counter) + ".png": null

2018-12-12 16:28:59 - [TEST_STEP][PASSED] - Statement - SaveFile = new java.io.File(finalPath): null

2018-12-12 16:28:59 - [TEST_STEP][PASSED] - Statement - Try: null

2018-12-12 16:28:59 - [TEST_STEP][PASSED] - Statement - org.apache.commons.io.FileUtils.copyFile(scrFile, SaveFile): null

2018-12-12 16:28:59 - [TEST_STEP][PASSED] - Statement - out.println("file kept"): null

2018-12-12 16:28:59 - [TEST_STEP][PASSED] - delay: Delayed 10 second(s)

2018-12-12 16:29:09 - [MESSAGE][PASSED] - Delayed 10 second(s)

2018-12-12 16:29:09 - [MESSAGE][PASSED] - Call Test Case 'Test Cases/Final Aug 2018 - PKS Automation/Registration Module/New Registration/Submit and Screenshot/Submit Registration and Screenshot' successfully]]></system-out>
         <system-err><![CDATA[]]></system-err>
      </testcase>
      <testcase name="Test Cases/Final Aug 2018 - PKS Automation/Registration Module/Critical Path/New Registration/Sole Proprietor - Registered with Agency" classname="Test Cases/Final Aug 2018 - PKS Automation/Registration Module/Critical Path/New Registration/Sole Proprietor - Registered with Agency" status="PASSED">
         <system-out><![CDATA[2018-12-12 16:29:09 - [TEST_CASE][PASSED] - Test Cases/Final Aug 2018 - PKS Automation/Registration Module/Critical Path/New Registration/Sole Proprietor - Registered with Agency: Test Cases/Final Aug 2018 - PKS Automation/Registration Module/Critical Path/New Registration/Sole Proprietor - Registered with Agency

2018-12-12 16:29:10 - [TEST_STEP][PASSED] - callTestCase: Call Test Case 'Test Cases/Final Aug 2018 - PKS Automation/Registration Module/New Registration/Form 1/Form 1 - Sole Proprietor - Registered with Agencies' successfully

2018-12-12 16:29:10 - [TEST_CASE][PASSED] - Test Cases/Final Aug 2018 - PKS Automation/Registration Module/New Registration/Form 1/Form 1 - Sole Proprietor - Registered with Agencies: Test Cases/Final Aug 2018 - PKS Automation/Registration Module/New Registration/Form 1/Form 1 - Sole Proprietor - Registered with Agencies

2018-12-12 16:29:10 - [TEST_STEP][PASSED] - openBrowser: Browser is opened with url: ''

2018-12-12 16:29:10 - [MESSAGE][WARNING] - A browser is already opened. Closing browser and opening a new one

2018-12-12 16:29:13 - [MESSAGE][PASSED] - Browser is opened with url: ''

2018-12-12 16:29:13 - [TEST_STEP][PASSED] - navigateToUrl: Navigate to 'https://assist2-uat.perkeso.gov.my/login' successfully

2018-12-12 16:29:14 - [MESSAGE][PASSED] - Navigate to 'https://assist2-uat.perkeso.gov.my/login' successfully

2018-12-12 16:29:14 - [TEST_STEP][PASSED] - setText: Text 'johorotc1@gmail.com' is set on object 'Object Repository/Final Object Repo/Login Page/Internal User/Email Address'

2018-12-12 16:29:14 - [MESSAGE][PASSED] - Text 'johorotc1@gmail.com' is set on object 'Object Repository/Final Object Repo/Login Page/Internal User/Email Address'

2018-12-12 16:29:14 - [TEST_STEP][PASSED] - click: Object: 'Object Repository/Final Object Repo/Login Page/Internal User/Next Button' is clicked on

2018-12-12 16:29:14 - [MESSAGE][PASSED] - Object: 'Object Repository/Final Object Repo/Login Page/Internal User/Next Button' is clicked on

2018-12-12 16:29:14 - [TEST_STEP][PASSED] - delay: Delayed 1 second(s)

2018-12-12 16:29:15 - [MESSAGE][PASSED] - Delayed 1 second(s)

2018-12-12 16:29:15 - [TEST_STEP][PASSED] - setEncryptedText: Text ****** has been set on object 'Object Repository/Final Object Repo/Login Page/Internal User/Password'

2018-12-12 16:29:16 - [MESSAGE][PASSED] - Text ****** has been set on object 'Object Repository/Final Object Repo/Login Page/Internal User/Password'

2018-12-12 16:29:16 - [TEST_STEP][PASSED] - click: Object: 'Object Repository/Final Object Repo/Login Page/Internal User/Login Button' is clicked on

2018-12-12 16:29:16 - [MESSAGE][PASSED] - Object: 'Object Repository/Final Object Repo/Login Page/Internal User/Login Button' is clicked on

2018-12-12 16:29:16 - [TEST_STEP][PASSED] - delay: Delayed 1 second(s)

2018-12-12 16:29:17 - [MESSAGE][PASSED] - Delayed 1 second(s)

2018-12-12 16:29:17 - [TEST_STEP][PASSED] - Statement - Try: Delayed 2 second(s)

2018-12-12 16:29:17 - [TEST_STEP][PASSED] - Statement - Checker = false: null

2018-12-12 16:29:17 - [TEST_STEP][PASSED] - Statement - Checker = com.kms.katalon.core.webui.keyword.WebUiBuiltInKeywords.verifyElementHasAttribute(com.kms.katalon.core.testobject.ObjectRepository.findTestObject(Final Object Repo/Landing Page/BM Detecting), "href", 20, OPTIONAL): Object 'Object Repository/Final Object Repo/Landing Page/BM Detecting' has attribute 'href'

2018-12-12 16:29:24 - [MESSAGE][PASSED] - Object 'Object Repository/Final Object Repo/Landing Page/BM Detecting' has attribute 'href'

2018-12-12 16:29:24 - [TEST_STEP][PASSED] - Statement - out.println(Checker): null

2018-12-12 16:29:24 - [TEST_STEP][PASSED] - Statement - If (Checker == false): null

2018-12-12 16:29:24 - [TEST_STEP][PASSED] - Statement - Else: null

2018-12-12 16:29:24 - [TEST_STEP][PASSED] - delay: Delayed 2 second(s)

2018-12-12 16:29:26 - [MESSAGE][PASSED] - Delayed 2 second(s)

2018-12-12 16:29:26 - [TEST_STEP][PASSED] - navigateToUrl: Navigate to 'https://assist2-uat.perkeso.gov.my/web/registration/registration' successfully

2018-12-12 16:29:27 - [MESSAGE][PASSED] - Navigate to 'https://assist2-uat.perkeso.gov.my/web/registration/registration' successfully

2018-12-12 16:29:27 - [TEST_STEP][PASSED] - click: Object: 'Object Repository/Final Object Repo/New Registration - Registration Module Pages/Form 1/AEC - No' is clicked on

2018-12-12 16:29:27 - [MESSAGE][PASSED] - Object: 'Object Repository/Final Object Repo/New Registration - Registration Module Pages/Form 1/AEC - No' is clicked on

2018-12-12 16:29:27 - [TEST_STEP][PASSED] - click: Object: 'Object Repository/Final Object Repo/New Registration - Registration Module Pages/Form 1/Business Entity' is clicked on

2018-12-12 16:29:28 - [MESSAGE][PASSED] - Object: 'Object Repository/Final Object Repo/New Registration - Registration Module Pages/Form 1/Business Entity' is clicked on

2018-12-12 16:29:28 - [TEST_STEP][PASSED] - click: Object: 'Object Repository/Final Object Repo/New Registration - Registration Module Pages/Form 1/Business Entity - Sole Proprietor ' is clicked on

2018-12-12 16:29:28 - [MESSAGE][PASSED] - Object: 'Object Repository/Final Object Repo/New Registration - Registration Module Pages/Form 1/Business Entity - Sole Proprietor ' is clicked on

2018-12-12 16:29:28 - [TEST_STEP][PASSED] - delay: Delayed 1 second(s)

2018-12-12 16:29:29 - [MESSAGE][PASSED] - Delayed 1 second(s)

2018-12-12 16:29:29 - [TEST_STEP][PASSED] - click: Object: 'Object Repository/Final Object Repo/New Registration - Registration Module Pages/Form 1/Sub Business Entity' is clicked on

2018-12-12 16:29:29 - [MESSAGE][PASSED] - Object: 'Object Repository/Final Object Repo/New Registration - Registration Module Pages/Form 1/Sub Business Entity' is clicked on

2018-12-12 16:29:29 - [TEST_STEP][PASSED] - click: Object: 'Object Repository/Final Object Repo/New Registration - Registration Module Pages/Form 1/Sub Business Entity - Registered with other Age' is clicked on

2018-12-12 16:29:29 - [MESSAGE][PASSED] - Object: 'Object Repository/Final Object Repo/New Registration - Registration Module Pages/Form 1/Sub Business Entity - Registered with other Age' is clicked on

2018-12-12 16:29:29 - [TEST_STEP][PASSED] - delay: Delayed 1 second(s)

2018-12-12 16:29:30 - [MESSAGE][PASSED] - Delayed 1 second(s)

2018-12-12 16:29:30 - [TEST_STEP][PASSED] - setText: Text '123' is set on object 'Object Repository/Final Object Repo/New Registration - Registration Module Pages/Form 1/Registration Number'

2018-12-12 16:29:31 - [MESSAGE][PASSED] - Text '123' is set on object 'Object Repository/Final Object Repo/New Registration - Registration Module Pages/Form 1/Registration Number'

2018-12-12 16:29:31 - [TEST_STEP][NOT_RUN] - click: NOT_RUN: click

2018-12-12 16:29:31 - [MESSAGE][NOT_RUN] - NOT_RUN: click

2018-12-12 16:29:31 - [TEST_STEP][PASSED] - click: Object: 'Object Repository/Final Object Repo/New Registration - Registration Module Pages/Form 1/Registered As a Branch - Yes' is clicked on

2018-12-12 16:29:31 - [MESSAGE][PASSED] - Object: 'Object Repository/Final Object Repo/New Registration - Registration Module Pages/Form 1/Registered As a Branch - Yes' is clicked on

2018-12-12 16:29:31 - [TEST_STEP][PASSED] - click: Object: 'Object Repository/Final Object Repo/New Registration - Registration Module Pages/Form 1/Acknowledgement' is clicked on

2018-12-12 16:29:31 - [MESSAGE][PASSED] - Object: 'Object Repository/Final Object Repo/New Registration - Registration Module Pages/Form 1/Acknowledgement' is clicked on

2018-12-12 16:29:31 - [TEST_STEP][PASSED] - setText: Text 'perkeso' is set on object 'Object Repository/Final Object Repo/New Registration - Registration Module Pages/Form 1/Industry name'

2018-12-12 16:29:31 - [MESSAGE][PASSED] - Text 'perkeso' is set on object 'Object Repository/Final Object Repo/New Registration - Registration Module Pages/Form 1/Industry name'

2018-12-12 16:29:31 - [TEST_STEP][PASSED] - setText: Text 'perkeso1' is set on object 'Object Repository/Final Object Repo/New Registration - Registration Module Pages/Form 1/Postal Address1'

2018-12-12 16:29:32 - [MESSAGE][PASSED] - Text 'perkeso1' is set on object 'Object Repository/Final Object Repo/New Registration - Registration Module Pages/Form 1/Postal Address1'

2018-12-12 16:29:32 - [TEST_STEP][PASSED] - setText: Text 'perkeso2' is set on object 'Object Repository/Final Object Repo/New Registration - Registration Module Pages/Form 1/Postal Address2'

2018-12-12 16:29:32 - [MESSAGE][PASSED] - Text 'perkeso2' is set on object 'Object Repository/Final Object Repo/New Registration - Registration Module Pages/Form 1/Postal Address2'

2018-12-12 16:29:32 - [TEST_STEP][PASSED] - setText: Text 'perkeso3' is set on object 'Object Repository/Final Object Repo/New Registration - Registration Module Pages/Form 1/Postal Address3'

2018-12-12 16:29:32 - [MESSAGE][PASSED] - Text 'perkeso3' is set on object 'Object Repository/Final Object Repo/New Registration - Registration Module Pages/Form 1/Postal Address3'

2018-12-12 16:29:32 - [TEST_STEP][PASSED] - click: Object: 'Object Repository/Final Object Repo/New Registration - Registration Module Pages/Form 1/State' is clicked on

2018-12-12 16:29:34 - [MESSAGE][PASSED] - Object: 'Object Repository/Final Object Repo/New Registration - Registration Module Pages/Form 1/State' is clicked on

2018-12-12 16:29:34 - [TEST_STEP][PASSED] - click: Object: 'Object Repository/Final Object Repo/New Registration - Registration Module Pages/Form 1/State - Johor' is clicked on

2018-12-12 16:29:34 - [MESSAGE][PASSED] - Object: 'Object Repository/Final Object Repo/New Registration - Registration Module Pages/Form 1/State - Johor' is clicked on

2018-12-12 16:29:34 - [TEST_STEP][PASSED] - delay: Delayed 1 second(s)

2018-12-12 16:29:35 - [MESSAGE][PASSED] - Delayed 1 second(s)

2018-12-12 16:29:35 - [TEST_STEP][PASSED] - click: Object: 'Object Repository/Final Object Repo/New Registration - Registration Module Pages/Form 1/City' is clicked on

2018-12-12 16:29:35 - [MESSAGE][PASSED] - Object: 'Object Repository/Final Object Repo/New Registration - Registration Module Pages/Form 1/City' is clicked on

2018-12-12 16:29:35 - [TEST_STEP][PASSED] - setText: Text 'joh' is set on object 'Object Repository/Final Object Repo/New Registration - Registration Module Pages/Form 1/Postcode - 810'

2018-12-12 16:29:35 - [MESSAGE][PASSED] - Text 'joh' is set on object 'Object Repository/Final Object Repo/New Registration - Registration Module Pages/Form 1/Postcode - 810'

2018-12-12 16:29:35 - [TEST_STEP][PASSED] - delay: Delayed 1 second(s)

2018-12-12 16:29:36 - [MESSAGE][PASSED] - Delayed 1 second(s)

2018-12-12 16:29:36 - [TEST_STEP][PASSED] - click: Object: 'Object Repository/Final Object Repo/New Registration - Registration Module Pages/Form 1/City - Johor Bharu' is clicked on

2018-12-12 16:29:37 - [MESSAGE][PASSED] - Object: 'Object Repository/Final Object Repo/New Registration - Registration Module Pages/Form 1/City - Johor Bharu' is clicked on

2018-12-12 16:29:37 - [TEST_STEP][PASSED] - delay: Delayed 1 second(s)

2018-12-12 16:29:38 - [MESSAGE][PASSED] - Delayed 1 second(s)

2018-12-12 16:29:38 - [TEST_STEP][PASSED] - click: Object: 'Object Repository/Final Object Repo/New Registration - Registration Module Pages/Form 1/Postcode' is clicked on

2018-12-12 16:29:38 - [MESSAGE][PASSED] - Object: 'Object Repository/Final Object Repo/New Registration - Registration Module Pages/Form 1/Postcode' is clicked on

2018-12-12 16:29:38 - [TEST_STEP][PASSED] - delay: Delayed 1 second(s)

2018-12-12 16:29:39 - [MESSAGE][PASSED] - Delayed 1 second(s)

2018-12-12 16:29:39 - [TEST_STEP][PASSED] - setText: Text '810' is set on object 'Object Repository/Final Object Repo/New Registration - Registration Module Pages/Form 1/Postcode - 810'

2018-12-12 16:29:39 - [MESSAGE][PASSED] - Text '810' is set on object 'Object Repository/Final Object Repo/New Registration - Registration Module Pages/Form 1/Postcode - 810'

2018-12-12 16:29:39 - [TEST_STEP][PASSED] - delay: Delayed 1 second(s)

2018-12-12 16:29:40 - [MESSAGE][PASSED] - Delayed 1 second(s)

2018-12-12 16:29:40 - [TEST_STEP][PASSED] - click: Object: 'Object Repository/Final Object Repo/New Registration - Registration Module Pages/Form 1/Postcode - 81000' is clicked on

2018-12-12 16:29:41 - [MESSAGE][PASSED] - Object: 'Object Repository/Final Object Repo/New Registration - Registration Module Pages/Form 1/Postcode - 81000' is clicked on

2018-12-12 16:29:41 - [TEST_STEP][PASSED] - delay: Delayed 1 second(s)

2018-12-12 16:29:42 - [MESSAGE][PASSED] - Delayed 1 second(s)

2018-12-12 16:29:42 - [TEST_STEP][PASSED] - setText: Text '100' is set on object 'Object Repository/Final Object Repo/New Registration - Registration Module Pages/Form 1/P.O.BOX'

2018-12-12 16:29:43 - [MESSAGE][PASSED] - Text '100' is set on object 'Object Repository/Final Object Repo/New Registration - Registration Module Pages/Form 1/P.O.BOX'

2018-12-12 16:29:43 - [TEST_STEP][PASSED] - setText: Text '100' is set on object 'Object Repository/Final Object Repo/New Registration - Registration Module Pages/Form 1/Locked Bag No'

2018-12-12 16:29:43 - [MESSAGE][PASSED] - Text '100' is set on object 'Object Repository/Final Object Repo/New Registration - Registration Module Pages/Form 1/Locked Bag No'

2018-12-12 16:29:43 - [TEST_STEP][PASSED] - click: Object: 'Object Repository/Final Object Repo/New Registration - Registration Module Pages/Form 1/SOCSO Office Location' is clicked on

2018-12-12 16:29:43 - [MESSAGE][PASSED] - Object: 'Object Repository/Final Object Repo/New Registration - Registration Module Pages/Form 1/SOCSO Office Location' is clicked on

2018-12-12 16:29:43 - [TEST_STEP][PASSED] - click: Object: 'Object Repository/Final Object Repo/New Registration - Registration Module Pages/Form 1/SOCSO Office Location - Pejabat PERKESO Negeri Johor' is clicked on

2018-12-12 16:29:43 - [MESSAGE][PASSED] - Object: 'Object Repository/Final Object Repo/New Registration - Registration Module Pages/Form 1/SOCSO Office Location - Pejabat PERKESO Negeri Johor' is clicked on

2018-12-12 16:29:43 - [TEST_STEP][PASSED] - delay: Delayed 1 second(s)

2018-12-12 16:29:44 - [MESSAGE][PASSED] - Delayed 1 second(s)

2018-12-12 16:29:44 - [TEST_STEP][PASSED] - check: Object 'Object Repository/Final Object Repo/New Registration - Registration Module Pages/Form 1/Indusrty Address Same As Postal Address' is checked

2018-12-12 16:29:45 - [MESSAGE][PASSED] - Object 'Object Repository/Final Object Repo/New Registration - Registration Module Pages/Form 1/Indusrty Address Same As Postal Address' is checked

2018-12-12 16:29:45 - [TEST_STEP][PASSED] - delay: Delayed 3 second(s)

2018-12-12 16:29:48 - [MESSAGE][PASSED] - Delayed 3 second(s)

2018-12-12 16:29:48 - [TEST_STEP][PASSED] - click: Object: 'Object Repository/Final Object Repo/New Registration - Registration Module Pages/Form 1/Indusry Address Same As Postal Address False' is clicked on

2018-12-12 16:29:48 - [MESSAGE][PASSED] - Object: 'Object Repository/Final Object Repo/New Registration - Registration Module Pages/Form 1/Indusry Address Same As Postal Address False' is clicked on

2018-12-12 16:29:48 - [TEST_STEP][PASSED] - delay: Delayed 1 second(s)

2018-12-12 16:29:49 - [MESSAGE][PASSED] - Delayed 1 second(s)

2018-12-12 16:29:49 - [TEST_STEP][PASSED] - setText: Text 'perkeso1' is set on object 'Object Repository/Final Object Repo/New Registration - Registration Module Pages/Form 1/Industry Address1'

2018-12-12 16:29:49 - [MESSAGE][PASSED] - Text 'perkeso1' is set on object 'Object Repository/Final Object Repo/New Registration - Registration Module Pages/Form 1/Industry Address1'

2018-12-12 16:29:49 - [TEST_STEP][PASSED] - setText: Text 'perkeso2' is set on object 'Object Repository/Final Object Repo/New Registration - Registration Module Pages/Form 1/Industry Address2'

2018-12-12 16:29:50 - [MESSAGE][PASSED] - Text 'perkeso2' is set on object 'Object Repository/Final Object Repo/New Registration - Registration Module Pages/Form 1/Industry Address2'

2018-12-12 16:29:50 - [TEST_STEP][PASSED] - setText: Text 'perkeso3' is set on object 'Object Repository/Final Object Repo/New Registration - Registration Module Pages/Form 1/Industry Address3'

2018-12-12 16:29:50 - [MESSAGE][PASSED] - Text 'perkeso3' is set on object 'Object Repository/Final Object Repo/New Registration - Registration Module Pages/Form 1/Industry Address3'

2018-12-12 16:29:50 - [TEST_STEP][PASSED] - click: Object: 'Object Repository/Final Object Repo/New Registration - Registration Module Pages/Form 1/Industry State' is clicked on

2018-12-12 16:29:50 - [MESSAGE][PASSED] - Object: 'Object Repository/Final Object Repo/New Registration - Registration Module Pages/Form 1/Industry State' is clicked on

2018-12-12 16:29:50 - [TEST_STEP][PASSED] - delay: Delayed 2 second(s)

2018-12-12 16:29:52 - [MESSAGE][PASSED] - Delayed 2 second(s)

2018-12-12 16:29:52 - [TEST_STEP][PASSED] - click: Object: 'Object Repository/Final Object Repo/New Registration - Registration Module Pages/Form 1/Industry State - Johor' is clicked on

2018-12-12 16:29:52 - [MESSAGE][PASSED] - Object: 'Object Repository/Final Object Repo/New Registration - Registration Module Pages/Form 1/Industry State - Johor' is clicked on

2018-12-12 16:29:52 - [TEST_STEP][PASSED] - delay: Delayed 2 second(s)

2018-12-12 16:29:54 - [MESSAGE][PASSED] - Delayed 2 second(s)

2018-12-12 16:29:54 - [TEST_STEP][PASSED] - click: Object: 'Object Repository/Final Object Repo/New Registration - Registration Module Pages/Form 1/Industry Ciry' is clicked on

2018-12-12 16:29:55 - [MESSAGE][PASSED] - Object: 'Object Repository/Final Object Repo/New Registration - Registration Module Pages/Form 1/Industry Ciry' is clicked on

2018-12-12 16:29:55 - [TEST_STEP][PASSED] - setText: Text 'joh' is set on object 'Object Repository/Final Object Repo/New Registration - Registration Module Pages/Form 1/Industry Ciry - joh'

2018-12-12 16:29:55 - [MESSAGE][PASSED] - Text 'joh' is set on object 'Object Repository/Final Object Repo/New Registration - Registration Module Pages/Form 1/Industry Ciry - joh'

2018-12-12 16:29:55 - [TEST_STEP][PASSED] - delay: Delayed 2 second(s)

2018-12-12 16:29:57 - [MESSAGE][PASSED] - Delayed 2 second(s)

2018-12-12 16:29:57 - [TEST_STEP][PASSED] - click: Object: 'Object Repository/Final Object Repo/New Registration - Registration Module Pages/Form 1/Industy State - Johor Bharu' is clicked on

2018-12-12 16:29:57 - [MESSAGE][PASSED] - Object: 'Object Repository/Final Object Repo/New Registration - Registration Module Pages/Form 1/Industy State - Johor Bharu' is clicked on

2018-12-12 16:29:57 - [TEST_STEP][PASSED] - delay: Delayed 1 second(s)

2018-12-12 16:29:58 - [MESSAGE][PASSED] - Delayed 1 second(s)

2018-12-12 16:29:58 - [TEST_STEP][PASSED] - click: Object: 'Object Repository/Final Object Repo/New Registration - Registration Module Pages/Form 1/Indusry PostCode' is clicked on

2018-12-12 16:29:58 - [MESSAGE][PASSED] - Object: 'Object Repository/Final Object Repo/New Registration - Registration Module Pages/Form 1/Indusry PostCode' is clicked on

2018-12-12 16:29:58 - [TEST_STEP][PASSED] - delay: Delayed 1 second(s)

2018-12-12 16:29:59 - [MESSAGE][PASSED] - Delayed 1 second(s)

2018-12-12 16:29:59 - [TEST_STEP][PASSED] - setText: Text '810' is set on object 'Object Repository/Final Object Repo/New Registration - Registration Module Pages/Form 1/Insutry Post Code - 810'

2018-12-12 16:29:59 - [MESSAGE][PASSED] - Text '810' is set on object 'Object Repository/Final Object Repo/New Registration - Registration Module Pages/Form 1/Insutry Post Code - 810'

2018-12-12 16:29:59 - [TEST_STEP][PASSED] - delay: Delayed 3 second(s)

2018-12-12 16:30:02 - [MESSAGE][PASSED] - Delayed 3 second(s)

2018-12-12 16:30:02 - [TEST_STEP][PASSED] - click: Object: 'Object Repository/Final Object Repo/New Registration - Registration Module Pages/Form 1/Insutry Post Code - 81000' is clicked on

2018-12-12 16:30:03 - [MESSAGE][PASSED] - Object: 'Object Repository/Final Object Repo/New Registration - Registration Module Pages/Form 1/Insutry Post Code - 81000' is clicked on

2018-12-12 16:30:03 - [TEST_STEP][PASSED] - delay: Delayed 1 second(s)

2018-12-12 16:30:04 - [MESSAGE][PASSED] - Delayed 1 second(s)

2018-12-12 16:30:04 - [TEST_STEP][PASSED] - setText: Text '100' is set on object 'Object Repository/Final Object Repo/New Registration - Registration Module Pages/Form 1/Industry P.O.BOX'

2018-12-12 16:30:04 - [MESSAGE][PASSED] - Text '100' is set on object 'Object Repository/Final Object Repo/New Registration - Registration Module Pages/Form 1/Industry P.O.BOX'

2018-12-12 16:30:04 - [TEST_STEP][PASSED] - setText: Text '100' is set on object 'Object Repository/Final Object Repo/New Registration - Registration Module Pages/Form 1/Industry Locked Bag No'

2018-12-12 16:30:04 - [MESSAGE][PASSED] - Text '100' is set on object 'Object Repository/Final Object Repo/New Registration - Registration Module Pages/Form 1/Industry Locked Bag No'

2018-12-12 16:30:04 - [TEST_STEP][PASSED] - setText: Text '123456789' is set on object 'Object Repository/Final Object Repo/New Registration - Registration Module Pages/Form 1/Telephone No'

2018-12-12 16:30:05 - [MESSAGE][PASSED] - Text '123456789' is set on object 'Object Repository/Final Object Repo/New Registration - Registration Module Pages/Form 1/Telephone No'

2018-12-12 16:30:05 - [TEST_STEP][PASSED] - setText: Text '123456789' is set on object 'Object Repository/Final Object Repo/New Registration - Registration Module Pages/Form 1/Mobile No'

2018-12-12 16:30:05 - [MESSAGE][PASSED] - Text '123456789' is set on object 'Object Repository/Final Object Repo/New Registration - Registration Module Pages/Form 1/Mobile No'

2018-12-12 16:30:05 - [TEST_STEP][PASSED] - setText: Text '123456789' is set on object 'Object Repository/Final Object Repo/New Registration - Registration Module Pages/Form 1/Fax No'

2018-12-12 16:30:05 - [MESSAGE][PASSED] - Text '123456789' is set on object 'Object Repository/Final Object Repo/New Registration - Registration Module Pages/Form 1/Fax No'

2018-12-12 16:30:05 - [TEST_STEP][PASSED] - click: Object: 'Object Repository/Final Object Repo/New Registration - Registration Module Pages/Form 1/Industry Code' is clicked on

2018-12-12 16:30:06 - [MESSAGE][PASSED] - Object: 'Object Repository/Final Object Repo/New Registration - Registration Module Pages/Form 1/Industry Code' is clicked on

2018-12-12 16:30:06 - [TEST_STEP][PASSED] - click: Object: 'Object Repository/Final Object Repo/New Registration - Registration Module Pages/Form 1/Indudustry Code - Crops and Animal' is clicked on

2018-12-12 16:30:06 - [MESSAGE][PASSED] - Object: 'Object Repository/Final Object Repo/New Registration - Registration Module Pages/Form 1/Indudustry Code - Crops and Animal' is clicked on

2018-12-12 16:30:06 - [TEST_STEP][PASSED] - delay: Delayed 1 second(s)

2018-12-12 16:30:07 - [MESSAGE][PASSED] - Delayed 1 second(s)

2018-12-12 16:30:07 - [TEST_STEP][PASSED] - click: Object: 'Object Repository/Final Object Repo/New Registration - Registration Module Pages/Form 1/Sub Industry Code List' is clicked on

2018-12-12 16:30:07 - [MESSAGE][PASSED] - Object: 'Object Repository/Final Object Repo/New Registration - Registration Module Pages/Form 1/Sub Industry Code List' is clicked on

2018-12-12 16:30:07 - [TEST_STEP][PASSED] - click: Object: 'Object Repository/Final Object Repo/New Registration - Registration Module Pages/Form 1/Sub Industry Code List - Growing of Maize' is clicked on

2018-12-12 16:30:07 - [MESSAGE][PASSED] - Object: 'Object Repository/Final Object Repo/New Registration - Registration Module Pages/Form 1/Sub Industry Code List - Growing of Maize' is clicked on

2018-12-12 16:30:07 - [TEST_STEP][PASSED] - setText: Text 'perkeso123@gmail.com' is set on object 'Object Repository/Final Object Repo/New Registration - Registration Module Pages/Form 1/Email'

2018-12-12 16:30:08 - [MESSAGE][PASSED] - Text 'perkeso123@gmail.com' is set on object 'Object Repository/Final Object Repo/New Registration - Registration Module Pages/Form 1/Email'

2018-12-12 16:30:08 - [TEST_STEP][PASSED] - click: Object: 'Object Repository/Final Object Repo/New Registration - Registration Module Pages/Form 1/Method of Contribution Payment' is clicked on

2018-12-12 16:30:08 - [MESSAGE][PASSED] - Object: 'Object Repository/Final Object Repo/New Registration - Registration Module Pages/Form 1/Method of Contribution Payment' is clicked on

2018-12-12 16:30:08 - [TEST_STEP][PASSED] - click: Object: 'Object Repository/Final Object Repo/New Registration - Registration Module Pages/Form 1/Method of Contribution Payment - Portal' is clicked on

2018-12-12 16:30:08 - [MESSAGE][PASSED] - Object: 'Object Repository/Final Object Repo/New Registration - Registration Module Pages/Form 1/Method of Contribution Payment - Portal' is clicked on

2018-12-12 16:30:08 - [TEST_STEP][PASSED] - click: Object: 'Object Repository/Final Object Repo/New Registration - Registration Module Pages/Form 1/Servide Type' is clicked on

2018-12-12 16:30:09 - [MESSAGE][PASSED] - Object: 'Object Repository/Final Object Repo/New Registration - Registration Module Pages/Form 1/Servide Type' is clicked on

2018-12-12 16:30:09 - [TEST_STEP][PASSED] - click: Object: 'Object Repository/Final Object Repo/New Registration - Registration Module Pages/Form 1/Servide Type - Professional Bodies' is clicked on

2018-12-12 16:30:09 - [MESSAGE][PASSED] - Object: 'Object Repository/Final Object Repo/New Registration - Registration Module Pages/Form 1/Servide Type - Professional Bodies' is clicked on

2018-12-12 16:30:09 - [TEST_STEP][PASSED] - click: Object: 'Object Repository/Final Object Repo/New Registration - Registration Module Pages/Form 1/Industry Venue' is clicked on

2018-12-12 16:30:09 - [MESSAGE][PASSED] - Object: 'Object Repository/Final Object Repo/New Registration - Registration Module Pages/Form 1/Industry Venue' is clicked on

2018-12-12 16:30:09 - [TEST_STEP][PASSED] - click: Object: 'Object Repository/Final Object Repo/New Registration - Registration Module Pages/Form 1/Industry Venue -  PPN JOHOR' is clicked on

2018-12-12 16:30:09 - [MESSAGE][PASSED] - Object: 'Object Repository/Final Object Repo/New Registration - Registration Module Pages/Form 1/Industry Venue -  PPN JOHOR' is clicked on

2018-12-12 16:30:09 - [TEST_STEP][PASSED] - click: Object: 'Object Repository/Final Object Repo/New Registration - Registration Module Pages/Form 1/Save  Continue' is clicked on

2018-12-12 16:30:09 - [MESSAGE][PASSED] - Object: 'Object Repository/Final Object Repo/New Registration - Registration Module Pages/Form 1/Save  Continue' is clicked on

2018-12-12 16:30:09 - [MESSAGE][PASSED] - Call Test Case 'Test Cases/Final Aug 2018 - PKS Automation/Registration Module/New Registration/Form 1/Form 1 - Sole Proprietor - Registered with Agencies' successfully

2018-12-12 16:30:09 - [TEST_STEP][PASSED] - callTestCase: Call Test Case 'Test Cases/Final Aug 2018 - PKS Automation/Registration Module/New Registration/Form 2/Add 2 Eligible 2 Not Eligible' successfully

2018-12-12 16:30:10 - [TEST_CASE][PASSED] - Test Cases/Final Aug 2018 - PKS Automation/Registration Module/New Registration/Form 2/Add 2 Eligible 2 Not Eligible: Test Cases/Final Aug 2018 - PKS Automation/Registration Module/New Registration/Form 2/Add 2 Eligible 2 Not Eligible

2018-12-12 16:30:10 - [TEST_STEP][PASSED] - delay: Delayed 2 second(s)

2018-12-12 16:30:12 - [MESSAGE][PASSED] - Delayed 2 second(s)

2018-12-12 16:30:12 - [TEST_STEP][PASSED] - callTestCase: Call Test Case 'Test Cases/Final Aug 2018 - PKS Automation/Registration Module/New Registration/Form 2/Date Updater' successfully

2018-12-12 16:30:12 - [TEST_CASE][PASSED] - Test Cases/Final Aug 2018 - PKS Automation/Registration Module/New Registration/Form 2/Date Updater: Test Cases/Final Aug 2018 - PKS Automation/Registration Module/New Registration/Form 2/Date Updater

2018-12-12 16:30:12 - [TEST_STEP][PASSED] - Statement - TodayDate = new java.util.Date(): null

2018-12-12 16:30:12 - [TEST_STEP][PASSED] - Statement - CurrentDateNoFilter = new java.text.SimpleDateFormat(): null

2018-12-12 16:30:12 - [TEST_STEP][PASSED] - Statement - CurrentDateNoFilter.applyPattern("MM"): null

2018-12-12 16:30:12 - [TEST_STEP][PASSED] - Statement - monthContainerMatcher = java.lang.Integer.parseInt(CurrentDateNoFilter.format(TodayDate)): null

2018-12-12 16:30:12 - [TEST_STEP][PASSED] - Statement - monthContainerMatcher = monthContainerMatcher - 1: null

2018-12-12 16:30:12 - [TEST_STEP][PASSED] - Statement - CurrentMonth = monthContainerMatcher.toString(): null

2018-12-12 16:30:12 - [TEST_STEP][PASSED] - Statement - CurrentMonth = CurrentMonth: null

2018-12-12 16:30:12 - [TEST_STEP][PASSED] - Statement - CurrentDateNoFilter.applyPattern("yyyy"): null

2018-12-12 16:30:12 - [TEST_STEP][PASSED] - Statement - CurrentYear = CurrentDateNoFilter.format(TodayDate): null

2018-12-12 16:30:12 - [TEST_STEP][PASSED] - Statement - CurrentYear = CurrentYear: null

2018-12-12 16:30:12 - [TEST_STEP][PASSED] - Statement - intCurrentYear = java.lang.Integer.parseInt(CurrentDateNoFilter.format(TodayDate)): null

2018-12-12 16:30:12 - [TEST_STEP][PASSED] - Statement - eighteenYrsAgo = intCurrentYear - 18: null

2018-12-12 16:30:12 - [TEST_STEP][PASSED] - Statement - eighteenYrsBeforeThisYr = eighteenYrsAgo.toString(): null

2018-12-12 16:30:12 - [TEST_STEP][PASSED] - Statement - EighteenYrsBefore = eighteenYrsBeforeThisYr: null

2018-12-12 16:30:12 - [TEST_STEP][PASSED] - Statement - fiftysevenYrsAgo = intCurrentYear - 57: null

2018-12-12 16:30:12 - [TEST_STEP][PASSED] - Statement - fiftysevenYrsBeforeThisYr = fiftysevenYrsAgo.toString(): null

2018-12-12 16:30:12 - [TEST_STEP][PASSED] - Statement - FiftysevenYrsBefore = fiftysevenYrsBeforeThisYr: null

2018-12-12 16:30:12 - [TEST_STEP][PASSED] - Statement - leapYear = false: null

2018-12-12 16:30:12 - [TEST_STEP][PASSED] - Statement - leapYear = intCurrentYear % 4 == 0: null

2018-12-12 16:30:12 - [TEST_STEP][PASSED] - Statement - CurrentDateNoFilter.applyPattern("dd"): null

2018-12-12 16:30:12 - [TEST_STEP][PASSED] - Statement - CurrentDate = CurrentDateNoFilter.format(TodayDate): null

2018-12-12 16:30:12 - [TEST_STEP][PASSED] - Statement - CurrentDate = java.lang.Integer.parseInt(CurrentDate): null

2018-12-12 16:30:12 - [TEST_STEP][PASSED] - Statement - CurrentDate = CurrentDate: null

2018-12-12 16:30:12 - [TEST_STEP][PASSED] - Statement - CurrentDay = java.lang.Integer.parseInt(CurrentDate): null

2018-12-12 16:30:12 - [TEST_STEP][PASSED] - Statement - ConfAdder = <not implemented yet for class: org.codehaus.groovy.ast.expr.EmptyExpression>: null

2018-12-12 16:30:12 - [TEST_STEP][PASSED] - Statement - out.println(CurrentMonth): null

2018-12-12 16:30:12 - [TEST_STEP][PASSED] - Statement - out.println(CurrentDate): null

2018-12-12 16:30:12 - [TEST_STEP][PASSED] - Statement - switch (CurrentDate): null

2018-12-12 16:30:12 - [TEST_STEP][PASSED] - Statement - Default: null

2018-12-12 16:30:12 - [TEST_STEP][PASSED] - Statement - ConfAdder = true: null

2018-12-12 16:30:12 - [TEST_STEP][PASSED] - Statement - Break: null

2018-12-12 16:30:12 - [TEST_STEP][PASSED] - Statement - aDayBefore = <not implemented yet for class: org.codehaus.groovy.ast.expr.EmptyExpression>: null

2018-12-12 16:30:12 - [TEST_STEP][PASSED] - Statement - out.println(ConfAdder): null

2018-12-12 16:30:12 - [TEST_STEP][PASSED] - Statement - If (ConfAdder == true): null

2018-12-12 16:30:12 - [TEST_STEP][PASSED] - Statement - aDayBefore = CurrentDay + 1: null

2018-12-12 16:30:12 - [TEST_STEP][PASSED] - Statement - out.println(aDayBefore): null

2018-12-12 16:30:12 - [TEST_STEP][PASSED] - Statement - If (aDayBefore == 1 && CurrentMonth == 11): null

2018-12-12 16:30:12 - [TEST_STEP][PASSED] - Statement - DayBefore = aDayBefore.toString(): null

2018-12-12 16:30:12 - [TEST_STEP][PASSED] - Statement - OneDayBefore = DayBefore: null

2018-12-12 16:30:12 - [MESSAGE][PASSED] - Call Test Case 'Test Cases/Final Aug 2018 - PKS Automation/Registration Module/New Registration/Form 2/Date Updater' successfully

2018-12-12 16:30:12 - [TEST_STEP][PASSED] - delay: Delayed 1 second(s)

2018-12-12 16:30:13 - [MESSAGE][PASSED] - Delayed 1 second(s)

2018-12-12 16:30:13 - [TEST_STEP][PASSED] - Statement - CaseReferenceNo = com.kms.katalon.core.webui.keyword.WebUiBuiltInKeywords.getText(com.kms.katalon.core.testobject.ObjectRepository.findTestObject(Final Object Repo/New Registration - Registration Module Pages/Form 2/RefNo Acquiring)): Text of object 'Object Repository/Final Object Repo/New Registration - Registration Module Pages/Form 2/RefNo Acquiring' is: 'CRN12201800123214'

2018-12-12 16:30:13 - [MESSAGE][PASSED] - Text of object 'Object Repository/Final Object Repo/New Registration - Registration Module Pages/Form 2/RefNo Acquiring' is: 'CRN12201800123214'

2018-12-12 16:30:13 - [TEST_STEP][PASSED] - delay: Delayed 1 second(s)

2018-12-12 16:30:14 - [MESSAGE][PASSED] - Delayed 1 second(s)

2018-12-12 16:30:14 - [TEST_STEP][PASSED] - click: Object: 'Object Repository/Final Object Repo/New Registration - Registration Module Pages/Form 2/Add Employee Button' is clicked on

2018-12-12 16:30:14 - [MESSAGE][PASSED] - Object: 'Object Repository/Final Object Repo/New Registration - Registration Module Pages/Form 2/Add Employee Button' is clicked on

2018-12-12 16:30:14 - [TEST_STEP][PASSED] - delay: Delayed 4 second(s)

2018-12-12 16:30:18 - [MESSAGE][PASSED] - Delayed 4 second(s)

2018-12-12 16:30:18 - [TEST_STEP][PASSED] - setText: Text '010903091927' is set on object 'Object Repository/Final Object Repo/New Registration - Registration Module Pages/Form 2/NRIC Input'

2018-12-12 16:30:18 - [MESSAGE][PASSED] - Text '010903091927' is set on object 'Object Repository/Final Object Repo/New Registration - Registration Module Pages/Form 2/NRIC Input'

2018-12-12 16:30:18 - [TEST_STEP][PASSED] - click: Object: 'Object Repository/Final Object Repo/New Registration - Registration Module Pages/Form 2/button for search for IC' is clicked on

2018-12-12 16:30:18 - [MESSAGE][PASSED] - Object: 'Object Repository/Final Object Repo/New Registration - Registration Module Pages/Form 2/button for search for IC' is clicked on

2018-12-12 16:30:18 - [TEST_STEP][PASSED] - delay: Delayed 2 second(s)

2018-12-12 16:30:20 - [MESSAGE][PASSED] - Delayed 2 second(s)

2018-12-12 16:30:20 - [TEST_STEP][PASSED] - setText: Text 'Automate001 eligible 1' is set on object 'Object Repository/Final Object Repo/New Registration - Registration Module Pages/Form 2/Employee Name Input'

2018-12-12 16:30:22 - [MESSAGE][PASSED] - Text 'Automate001 eligible 1' is set on object 'Object Repository/Final Object Repo/New Registration - Registration Module Pages/Form 2/Employee Name Input'

2018-12-12 16:30:22 - [TEST_STEP][PASSED] - delay: Delayed 2 second(s)

2018-12-12 16:30:24 - [MESSAGE][PASSED] - Delayed 2 second(s)

2018-12-12 16:30:24 - [TEST_STEP][PASSED] - click: Object: 'Object Repository/Final Object Repo/New Registration - Registration Module Pages/Form 2/DatePicker Pop Up' is clicked on

2018-12-12 16:30:24 - [MESSAGE][PASSED] - Object: 'Object Repository/Final Object Repo/New Registration - Registration Module Pages/Form 2/DatePicker Pop Up' is clicked on

2018-12-12 16:30:24 - [TEST_STEP][PASSED] - click: Object: 'Object Repository/Final Object Repo/New Registration - Registration Module Pages/Form 2/DOB Month' is clicked on

2018-12-12 16:30:25 - [MESSAGE][PASSED] - Object: 'Object Repository/Final Object Repo/New Registration - Registration Module Pages/Form 2/DOB Month' is clicked on

2018-12-12 16:30:25 - [TEST_STEP][PASSED] - Statement - CurrentMonth = CurrentMonth: null

2018-12-12 16:30:25 - [TEST_STEP][PASSED] - Statement - selectMonth = new com.kms.katalon.core.testobject.TestObject(): null

2018-12-12 16:30:25 - [TEST_STEP][PASSED] - Statement - selectMonth.addProperty("xpath", EQUALS, "//body/div/div/div/select/option[@value='" + CurrentMonth + "']", true): null

2018-12-12 16:30:25 - [TEST_STEP][PASSED] - click: Object: '' is clicked on

2018-12-12 16:30:25 - [MESSAGE][PASSED] - Object: '' is clicked on

2018-12-12 16:30:25 - [TEST_STEP][PASSED] - click: Object: 'Object Repository/Final Object Repo/New Registration - Registration Module Pages/Form 2/DOB Year' is clicked on

2018-12-12 16:30:25 - [MESSAGE][PASSED] - Object: 'Object Repository/Final Object Repo/New Registration - Registration Module Pages/Form 2/DOB Year' is clicked on

2018-12-12 16:30:25 - [TEST_STEP][PASSED] - Statement - Eyearsbf = EighteenYrsBefore: null

2018-12-12 16:30:25 - [TEST_STEP][PASSED] - Statement - selectYear = new com.kms.katalon.core.testobject.TestObject(): null

2018-12-12 16:30:25 - [TEST_STEP][PASSED] - Statement - selectYear.addProperty("xpath", EQUALS, "//div/div/div/select/option[@value='" + Eyearsbf + "']", true): null

2018-12-12 16:30:25 - [TEST_STEP][PASSED] - click: Object: '' is clicked on

2018-12-12 16:30:25 - [MESSAGE][PASSED] - Object: '' is clicked on

2018-12-12 16:30:25 - [TEST_STEP][PASSED] - Statement - UpdatedSelectDate = com.kms.katalon.core.webui.keyword.WebUiBuiltInKeywords.modifyObjectProperty(com.kms.katalon.core.testobject.ObjectRepository.findTestObject(Final Object Repo/New Registration - Registration Module Pages/Form 2/DOB Date), "xpath", "equals", "//body/div/table/tbody/tr/td/a[text()="" + CurrentDate + ""]", true): Modify property of object successfully

2018-12-12 16:30:25 - [MESSAGE][PASSED] - Modify property of object successfully

2018-12-12 16:30:25 - [TEST_STEP][PASSED] - delay: Delayed 3 second(s)

2018-12-12 16:30:28 - [MESSAGE][PASSED] - Delayed 3 second(s)

2018-12-12 16:30:28 - [TEST_STEP][PASSED] - click: Object: 'Object Repository/Final Object Repo/New Registration - Registration Module Pages/Form 2/DOB Date' is clicked on

2018-12-12 16:30:28 - [MESSAGE][PASSED] - Object: 'Object Repository/Final Object Repo/New Registration - Registration Module Pages/Form 2/DOB Date' is clicked on

2018-12-12 16:30:28 - [TEST_STEP][PASSED] - delay: Delayed 2 second(s)

2018-12-12 16:30:30 - [MESSAGE][PASSED] - Delayed 2 second(s)

2018-12-12 16:30:30 - [TEST_STEP][PASSED] - click: Object: 'Object Repository/Final Object Repo/New Registration - Registration Module Pages/Form 2/EmploymentStartDate Pop Up' is clicked on

2018-12-12 16:30:30 - [MESSAGE][PASSED] - Object: 'Object Repository/Final Object Repo/New Registration - Registration Module Pages/Form 2/EmploymentStartDate Pop Up' is clicked on

2018-12-12 16:30:30 - [TEST_STEP][PASSED] - delay: Delayed 2 second(s)

2018-12-12 16:30:32 - [MESSAGE][PASSED] - Delayed 2 second(s)

2018-12-12 16:30:32 - [TEST_STEP][PASSED] - click: Object: 'Object Repository/Final Object Repo/New Registration - Registration Module Pages/Form 2/Socso Employment StartDate Month' is clicked on

2018-12-12 16:30:33 - [MESSAGE][PASSED] - Object: 'Object Repository/Final Object Repo/New Registration - Registration Module Pages/Form 2/Socso Employment StartDate Month' is clicked on

2018-12-12 16:30:33 - [TEST_STEP][PASSED] - delay: Delayed 1 second(s)

2018-12-12 16:30:34 - [MESSAGE][PASSED] - Delayed 1 second(s)

2018-12-12 16:30:34 - [TEST_STEP][PASSED] - click: Object: 'Object Repository/Final Object Repo/New Registration - Registration Module Pages/Form 2/Select Socso Employement Startdate Month' is clicked on

2018-12-12 16:30:34 - [MESSAGE][PASSED] - Object: 'Object Repository/Final Object Repo/New Registration - Registration Module Pages/Form 2/Select Socso Employement Startdate Month' is clicked on

2018-12-12 16:30:34 - [TEST_STEP][PASSED] - delay: Delayed 2 second(s)

2018-12-12 16:30:36 - [MESSAGE][PASSED] - Delayed 2 second(s)

2018-12-12 16:30:36 - [TEST_STEP][PASSED] - click: Object: 'Object Repository/Final Object Repo/New Registration - Registration Module Pages/Form 2/Socso Employment StartDate Year' is clicked on

2018-12-12 16:30:36 - [MESSAGE][PASSED] - Object: 'Object Repository/Final Object Repo/New Registration - Registration Module Pages/Form 2/Socso Employment StartDate Year' is clicked on

2018-12-12 16:30:36 - [TEST_STEP][PASSED] - delay: Delayed 1 second(s)

2018-12-12 16:30:37 - [MESSAGE][PASSED] - Delayed 1 second(s)

2018-12-12 16:30:37 - [TEST_STEP][PASSED] - click: Object: 'Object Repository/Final Object Repo/New Registration - Registration Module Pages/Form 2/Select Socso Employment Startdate Year' is clicked on

2018-12-12 16:30:37 - [MESSAGE][PASSED] - Object: 'Object Repository/Final Object Repo/New Registration - Registration Module Pages/Form 2/Select Socso Employment Startdate Year' is clicked on

2018-12-12 16:30:37 - [TEST_STEP][PASSED] - delay: Delayed 2 second(s)

2018-12-12 16:30:39 - [MESSAGE][PASSED] - Delayed 2 second(s)

2018-12-12 16:30:39 - [TEST_STEP][PASSED] - click: Object: 'Object Repository/Final Object Repo/New Registration - Registration Module Pages/Form 2/Socso Employment Start Date Day' is clicked on

2018-12-12 16:30:39 - [MESSAGE][PASSED] - Object: 'Object Repository/Final Object Repo/New Registration - Registration Module Pages/Form 2/Socso Employment Start Date Day' is clicked on

2018-12-12 16:30:39 - [TEST_STEP][PASSED] - delay: Delayed 2 second(s)

2018-12-12 16:30:41 - [MESSAGE][PASSED] - Delayed 2 second(s)

2018-12-12 16:30:41 - [TEST_STEP][PASSED] - click: Object: 'Object Repository/Final Object Repo/New Registration - Registration Module Pages/Form 2/Save Button for Add Employee' is clicked on

2018-12-12 16:30:42 - [MESSAGE][PASSED] - Object: 'Object Repository/Final Object Repo/New Registration - Registration Module Pages/Form 2/Save Button for Add Employee' is clicked on

2018-12-12 16:30:42 - [TEST_STEP][PASSED] - delay: Delayed 6 second(s)

2018-12-12 16:30:48 - [MESSAGE][PASSED] - Delayed 6 second(s)

2018-12-12 16:30:48 - [TEST_STEP][PASSED] - click: Object: 'Object Repository/Final Object Repo/New Registration - Registration Module Pages/Form 2/Add Employee Button' is clicked on

2018-12-12 16:30:48 - [MESSAGE][PASSED] - Object: 'Object Repository/Final Object Repo/New Registration - Registration Module Pages/Form 2/Add Employee Button' is clicked on

2018-12-12 16:30:48 - [TEST_STEP][PASSED] - delay: Delayed 4 second(s)

2018-12-12 16:30:52 - [MESSAGE][PASSED] - Delayed 4 second(s)

2018-12-12 16:30:52 - [TEST_STEP][PASSED] - setText: Text '620904059691' is set on object 'Object Repository/Final Object Repo/New Registration - Registration Module Pages/Form 2/NRIC Input'

2018-12-12 16:30:52 - [MESSAGE][PASSED] - Text '620904059691' is set on object 'Object Repository/Final Object Repo/New Registration - Registration Module Pages/Form 2/NRIC Input'

2018-12-12 16:30:52 - [TEST_STEP][PASSED] - click: Object: 'Object Repository/Final Object Repo/New Registration - Registration Module Pages/Form 2/button for search for IC' is clicked on

2018-12-12 16:30:52 - [MESSAGE][PASSED] - Object: 'Object Repository/Final Object Repo/New Registration - Registration Module Pages/Form 2/button for search for IC' is clicked on

2018-12-12 16:30:52 - [TEST_STEP][PASSED] - delay: Delayed 2 second(s)

2018-12-12 16:30:54 - [MESSAGE][PASSED] - Delayed 2 second(s)

2018-12-12 16:30:54 - [TEST_STEP][PASSED] - setText: Text 'Automate001 eligible 2' is set on object 'Object Repository/Final Object Repo/New Registration - Registration Module Pages/Form 2/Employee Name Input'

2018-12-12 16:30:55 - [MESSAGE][PASSED] - Text 'Automate001 eligible 2' is set on object 'Object Repository/Final Object Repo/New Registration - Registration Module Pages/Form 2/Employee Name Input'

2018-12-12 16:30:55 - [TEST_STEP][PASSED] - delay: Delayed 2 second(s)

2018-12-12 16:30:57 - [MESSAGE][PASSED] - Delayed 2 second(s)

2018-12-12 16:30:57 - [TEST_STEP][PASSED] - click: Object: 'Object Repository/Final Object Repo/New Registration - Registration Module Pages/Form 2/DatePicker Pop Up' is clicked on

2018-12-12 16:30:57 - [MESSAGE][PASSED] - Object: 'Object Repository/Final Object Repo/New Registration - Registration Module Pages/Form 2/DatePicker Pop Up' is clicked on

2018-12-12 16:30:57 - [TEST_STEP][PASSED] - delay: Delayed 2 second(s)

2018-12-12 16:30:59 - [MESSAGE][PASSED] - Delayed 2 second(s)

2018-12-12 16:30:59 - [TEST_STEP][PASSED] - click: Object: 'Object Repository/Final Object Repo/New Registration - Registration Module Pages/Form 2/DOB Month' is clicked on

2018-12-12 16:30:59 - [MESSAGE][PASSED] - Object: 'Object Repository/Final Object Repo/New Registration - Registration Module Pages/Form 2/DOB Month' is clicked on

2018-12-12 16:30:59 - [TEST_STEP][PASSED] - Statement - selectMonth = com.kms.katalon.core.webui.keyword.WebUiBuiltInKeywords.modifyObjectProperty(selectMonth, "xpath", "equals", "//body/div/div/div/select/option[@value="" + CurrentMonth + ""]", true): Modify property of object successfully

2018-12-12 16:30:59 - [MESSAGE][PASSED] - Modify property of object successfully

2018-12-12 16:30:59 - [TEST_STEP][PASSED] - click: Object: '' is clicked on

2018-12-12 16:30:59 - [MESSAGE][PASSED] - Object: '' is clicked on

2018-12-12 16:30:59 - [TEST_STEP][PASSED] - click: Object: 'Object Repository/Final Object Repo/New Registration - Registration Module Pages/Form 2/DOB Year' is clicked on

2018-12-12 16:30:59 - [MESSAGE][PASSED] - Object: 'Object Repository/Final Object Repo/New Registration - Registration Module Pages/Form 2/DOB Year' is clicked on

2018-12-12 16:30:59 - [TEST_STEP][PASSED] - Statement - selectYear = com.kms.katalon.core.webui.keyword.WebUiBuiltInKeywords.modifyObjectProperty(selectYear, "xpath", "equals", "//div/div/div/select/option[@value="" + FiftysevenYrsBefore + ""]", true): Modify property of object successfully

2018-12-12 16:30:59 - [MESSAGE][PASSED] - Modify property of object successfully

2018-12-12 16:30:59 - [TEST_STEP][PASSED] - click: Object: '' is clicked on

2018-12-12 16:31:00 - [MESSAGE][PASSED] - Object: '' is clicked on

2018-12-12 16:31:00 - [TEST_STEP][PASSED] - Statement - UpdatedSelectDate = com.kms.katalon.core.webui.keyword.WebUiBuiltInKeywords.modifyObjectProperty(com.kms.katalon.core.testobject.ObjectRepository.findTestObject(Final Object Repo/New Registration - Registration Module Pages/Form 2/DOB Date), "xpath", "equals", "//body/div/table/tbody/tr/td/a[text()="" + OneDayBefore + ""]", true): Modify property of object successfully

2018-12-12 16:31:00 - [MESSAGE][PASSED] - Modify property of object successfully

2018-12-12 16:31:00 - [TEST_STEP][PASSED] - click: Object: 'Object Repository/Final Object Repo/New Registration - Registration Module Pages/Form 2/DOB Date' is clicked on

2018-12-12 16:31:00 - [MESSAGE][PASSED] - Object: 'Object Repository/Final Object Repo/New Registration - Registration Module Pages/Form 2/DOB Date' is clicked on

2018-12-12 16:31:00 - [TEST_STEP][PASSED] - delay: Delayed 2 second(s)

2018-12-12 16:31:02 - [MESSAGE][PASSED] - Delayed 2 second(s)

2018-12-12 16:31:02 - [TEST_STEP][PASSED] - click: Object: 'Object Repository/Final Object Repo/New Registration - Registration Module Pages/Form 2/EmploymentStartDate Pop Up' is clicked on

2018-12-12 16:31:02 - [MESSAGE][PASSED] - Object: 'Object Repository/Final Object Repo/New Registration - Registration Module Pages/Form 2/EmploymentStartDate Pop Up' is clicked on

2018-12-12 16:31:02 - [TEST_STEP][PASSED] - delay: Delayed 2 second(s)

2018-12-12 16:31:04 - [MESSAGE][PASSED] - Delayed 2 second(s)

2018-12-12 16:31:04 - [TEST_STEP][PASSED] - click: Object: 'Object Repository/Final Object Repo/New Registration - Registration Module Pages/Form 2/Socso Employment StartDate Month' is clicked on

2018-12-12 16:31:04 - [MESSAGE][PASSED] - Object: 'Object Repository/Final Object Repo/New Registration - Registration Module Pages/Form 2/Socso Employment StartDate Month' is clicked on

2018-12-12 16:31:04 - [TEST_STEP][PASSED] - delay: Delayed 1 second(s)

2018-12-12 16:31:05 - [MESSAGE][PASSED] - Delayed 1 second(s)

2018-12-12 16:31:05 - [TEST_STEP][PASSED] - click: Object: 'Object Repository/Final Object Repo/New Registration - Registration Module Pages/Form 2/Select Socso Employement Startdate Month' is clicked on

2018-12-12 16:31:05 - [MESSAGE][PASSED] - Object: 'Object Repository/Final Object Repo/New Registration - Registration Module Pages/Form 2/Select Socso Employement Startdate Month' is clicked on

2018-12-12 16:31:05 - [TEST_STEP][PASSED] - delay: Delayed 2 second(s)

2018-12-12 16:31:07 - [MESSAGE][PASSED] - Delayed 2 second(s)

2018-12-12 16:31:07 - [TEST_STEP][PASSED] - click: Object: 'Object Repository/Final Object Repo/New Registration - Registration Module Pages/Form 2/Socso Employment StartDate Year' is clicked on

2018-12-12 16:31:07 - [MESSAGE][PASSED] - Object: 'Object Repository/Final Object Repo/New Registration - Registration Module Pages/Form 2/Socso Employment StartDate Year' is clicked on

2018-12-12 16:31:07 - [TEST_STEP][PASSED] - delay: Delayed 1 second(s)

2018-12-12 16:31:08 - [MESSAGE][PASSED] - Delayed 1 second(s)

2018-12-12 16:31:08 - [TEST_STEP][PASSED] - click: Object: 'Object Repository/Final Object Repo/New Registration - Registration Module Pages/Form 2/Select Socso Employment Startdate Year' is clicked on

2018-12-12 16:31:09 - [MESSAGE][PASSED] - Object: 'Object Repository/Final Object Repo/New Registration - Registration Module Pages/Form 2/Select Socso Employment Startdate Year' is clicked on

2018-12-12 16:31:09 - [TEST_STEP][PASSED] - delay: Delayed 2 second(s)

2018-12-12 16:31:11 - [MESSAGE][PASSED] - Delayed 2 second(s)

2018-12-12 16:31:11 - [TEST_STEP][PASSED] - click: Object: 'Object Repository/Final Object Repo/New Registration - Registration Module Pages/Form 2/Socso Employment Start Date Day' is clicked on

2018-12-12 16:31:11 - [MESSAGE][PASSED] - Object: 'Object Repository/Final Object Repo/New Registration - Registration Module Pages/Form 2/Socso Employment Start Date Day' is clicked on

2018-12-12 16:31:11 - [TEST_STEP][PASSED] - delay: Delayed 2 second(s)

2018-12-12 16:31:13 - [MESSAGE][PASSED] - Delayed 2 second(s)

2018-12-12 16:31:13 - [TEST_STEP][PASSED] - click: Object: 'Object Repository/Final Object Repo/New Registration - Registration Module Pages/Form 2/Save Button for Add Employee' is clicked on

2018-12-12 16:31:13 - [MESSAGE][PASSED] - Object: 'Object Repository/Final Object Repo/New Registration - Registration Module Pages/Form 2/Save Button for Add Employee' is clicked on

2018-12-12 16:31:13 - [TEST_STEP][PASSED] - delay: Delayed 4 second(s)

2018-12-12 16:31:17 - [MESSAGE][PASSED] - Delayed 4 second(s)

2018-12-12 16:31:17 - [TEST_STEP][PASSED] - delay: Delayed 30 second(s)

2018-12-12 16:31:47 - [MESSAGE][PASSED] - Delayed 30 second(s)

2018-12-12 16:31:47 - [TEST_STEP][PASSED] - click: Object: 'Object Repository/Final Object Repo/New Registration - Registration Module Pages/Form 2/Add Employee Button' is clicked on

2018-12-12 16:31:47 - [MESSAGE][PASSED] - Object: 'Object Repository/Final Object Repo/New Registration - Registration Module Pages/Form 2/Add Employee Button' is clicked on

2018-12-12 16:31:47 - [TEST_STEP][PASSED] - delay: Delayed 4 second(s)

2018-12-12 16:31:51 - [MESSAGE][PASSED] - Delayed 4 second(s)

2018-12-12 16:31:51 - [TEST_STEP][PASSED] - setText: Text '000209039145' is set on object 'Object Repository/Final Object Repo/New Registration - Registration Module Pages/Form 2/NRIC Input'

2018-12-12 16:31:52 - [MESSAGE][PASSED] - Text '000209039145' is set on object 'Object Repository/Final Object Repo/New Registration - Registration Module Pages/Form 2/NRIC Input'

2018-12-12 16:31:52 - [TEST_STEP][PASSED] - click: Object: 'Object Repository/Final Object Repo/New Registration - Registration Module Pages/Form 2/button for search for IC' is clicked on

2018-12-12 16:31:52 - [MESSAGE][PASSED] - Object: 'Object Repository/Final Object Repo/New Registration - Registration Module Pages/Form 2/button for search for IC' is clicked on

2018-12-12 16:31:52 - [TEST_STEP][PASSED] - delay: Delayed 2 second(s)

2018-12-12 16:31:54 - [MESSAGE][PASSED] - Delayed 2 second(s)

2018-12-12 16:31:54 - [TEST_STEP][PASSED] - setText: Text 'Automate001 not eligible 1' is set on object 'Object Repository/Final Object Repo/New Registration - Registration Module Pages/Form 2/Employee Name Input'

2018-12-12 16:31:54 - [MESSAGE][PASSED] - Text 'Automate001 not eligible 1' is set on object 'Object Repository/Final Object Repo/New Registration - Registration Module Pages/Form 2/Employee Name Input'

2018-12-12 16:31:54 - [TEST_STEP][PASSED] - delay: Delayed 2 second(s)

2018-12-12 16:31:56 - [MESSAGE][PASSED] - Delayed 2 second(s)

2018-12-12 16:31:56 - [TEST_STEP][PASSED] - click: Object: 'Object Repository/Final Object Repo/New Registration - Registration Module Pages/Form 2/DatePicker Pop Up' is clicked on

2018-12-12 16:31:56 - [MESSAGE][PASSED] - Object: 'Object Repository/Final Object Repo/New Registration - Registration Module Pages/Form 2/DatePicker Pop Up' is clicked on

2018-12-12 16:31:56 - [TEST_STEP][PASSED] - delay: Delayed 2 second(s)

2018-12-12 16:31:58 - [MESSAGE][PASSED] - Delayed 2 second(s)

2018-12-12 16:31:58 - [TEST_STEP][PASSED] - click: Object: 'Object Repository/Final Object Repo/New Registration - Registration Module Pages/Form 2/DOB Month' is clicked on

2018-12-12 16:31:59 - [MESSAGE][PASSED] - Object: 'Object Repository/Final Object Repo/New Registration - Registration Module Pages/Form 2/DOB Month' is clicked on

2018-12-12 16:31:59 - [TEST_STEP][PASSED] - Statement - selectMonth = com.kms.katalon.core.webui.keyword.WebUiBuiltInKeywords.modifyObjectProperty(selectMonth, "xpath", "equals", "//body/div/div/div/select/option[@value="" + CurrentMonth + ""]", true): Modify property of object successfully

2018-12-12 16:31:59 - [MESSAGE][PASSED] - Modify property of object successfully

2018-12-12 16:31:59 - [TEST_STEP][PASSED] - click: Object: '' is clicked on

2018-12-12 16:31:59 - [MESSAGE][PASSED] - Object: '' is clicked on

2018-12-12 16:31:59 - [TEST_STEP][PASSED] - click: Object: 'Object Repository/Final Object Repo/New Registration - Registration Module Pages/Form 2/DOB Year' is clicked on

2018-12-12 16:31:59 - [MESSAGE][PASSED] - Object: 'Object Repository/Final Object Repo/New Registration - Registration Module Pages/Form 2/DOB Year' is clicked on

2018-12-12 16:31:59 - [TEST_STEP][PASSED] - Statement - selectYear = com.kms.katalon.core.webui.keyword.WebUiBuiltInKeywords.modifyObjectProperty(selectYear, "xpath", "equals", "//div/div/div/select/option[@value="" + EighteenYrsBefore + ""]", true): Modify property of object successfully

2018-12-12 16:31:59 - [MESSAGE][PASSED] - Modify property of object successfully

2018-12-12 16:31:59 - [TEST_STEP][PASSED] - click: Object: '' is clicked on

2018-12-12 16:31:59 - [MESSAGE][PASSED] - Object: '' is clicked on

2018-12-12 16:31:59 - [TEST_STEP][PASSED] - Statement - UpdatedSelectDate = com.kms.katalon.core.webui.keyword.WebUiBuiltInKeywords.modifyObjectProperty(com.kms.katalon.core.testobject.ObjectRepository.findTestObject(Final Object Repo/New Registration - Registration Module Pages/Form 2/DOB Date), "xpath", "equals", "//body/div/table/tbody/tr/td/a[text()="" + OneDayBefore + ""]", true): Modify property of object successfully

2018-12-12 16:31:59 - [MESSAGE][PASSED] - Modify property of object successfully

2018-12-12 16:31:59 - [TEST_STEP][PASSED] - click: Object: 'Object Repository/Final Object Repo/New Registration - Registration Module Pages/Form 2/DOB Date' is clicked on

2018-12-12 16:31:59 - [MESSAGE][PASSED] - Object: 'Object Repository/Final Object Repo/New Registration - Registration Module Pages/Form 2/DOB Date' is clicked on

2018-12-12 16:31:59 - [TEST_STEP][PASSED] - delay: Delayed 2 second(s)

2018-12-12 16:32:01 - [MESSAGE][PASSED] - Delayed 2 second(s)

2018-12-12 16:32:01 - [TEST_STEP][PASSED] - click: Object: 'Object Repository/Final Object Repo/New Registration - Registration Module Pages/Form 2/EmploymentStartDate Pop Up' is clicked on

2018-12-12 16:32:01 - [MESSAGE][PASSED] - Object: 'Object Repository/Final Object Repo/New Registration - Registration Module Pages/Form 2/EmploymentStartDate Pop Up' is clicked on

2018-12-12 16:32:01 - [TEST_STEP][PASSED] - delay: Delayed 2 second(s)

2018-12-12 16:32:03 - [MESSAGE][PASSED] - Delayed 2 second(s)

2018-12-12 16:32:03 - [TEST_STEP][PASSED] - click: Object: 'Object Repository/Final Object Repo/New Registration - Registration Module Pages/Form 2/Socso Employment StartDate Month' is clicked on

2018-12-12 16:32:04 - [MESSAGE][PASSED] - Object: 'Object Repository/Final Object Repo/New Registration - Registration Module Pages/Form 2/Socso Employment StartDate Month' is clicked on

2018-12-12 16:32:04 - [TEST_STEP][PASSED] - delay: Delayed 1 second(s)

2018-12-12 16:32:05 - [MESSAGE][PASSED] - Delayed 1 second(s)

2018-12-12 16:32:05 - [TEST_STEP][PASSED] - click: Object: 'Object Repository/Final Object Repo/New Registration - Registration Module Pages/Form 2/Select Socso Employement Startdate Month' is clicked on

2018-12-12 16:32:05 - [MESSAGE][PASSED] - Object: 'Object Repository/Final Object Repo/New Registration - Registration Module Pages/Form 2/Select Socso Employement Startdate Month' is clicked on

2018-12-12 16:32:05 - [TEST_STEP][PASSED] - delay: Delayed 2 second(s)

2018-12-12 16:32:07 - [MESSAGE][PASSED] - Delayed 2 second(s)

2018-12-12 16:32:07 - [TEST_STEP][PASSED] - click: Object: 'Object Repository/Final Object Repo/New Registration - Registration Module Pages/Form 2/Socso Employment StartDate Year' is clicked on

2018-12-12 16:32:07 - [MESSAGE][PASSED] - Object: 'Object Repository/Final Object Repo/New Registration - Registration Module Pages/Form 2/Socso Employment StartDate Year' is clicked on

2018-12-12 16:32:07 - [TEST_STEP][PASSED] - delay: Delayed 1 second(s)

2018-12-12 16:32:08 - [MESSAGE][PASSED] - Delayed 1 second(s)

2018-12-12 16:32:08 - [TEST_STEP][PASSED] - click: Object: 'Object Repository/Final Object Repo/New Registration - Registration Module Pages/Form 2/Select Socso Employment Startdate Year' is clicked on

2018-12-12 16:32:08 - [MESSAGE][PASSED] - Object: 'Object Repository/Final Object Repo/New Registration - Registration Module Pages/Form 2/Select Socso Employment Startdate Year' is clicked on

2018-12-12 16:32:08 - [TEST_STEP][PASSED] - delay: Delayed 2 second(s)

2018-12-12 16:32:10 - [MESSAGE][PASSED] - Delayed 2 second(s)

2018-12-12 16:32:10 - [TEST_STEP][PASSED] - click: Object: 'Object Repository/Final Object Repo/New Registration - Registration Module Pages/Form 2/Socso Employment Start Date Day' is clicked on

2018-12-12 16:32:10 - [MESSAGE][PASSED] - Object: 'Object Repository/Final Object Repo/New Registration - Registration Module Pages/Form 2/Socso Employment Start Date Day' is clicked on

2018-12-12 16:32:10 - [TEST_STEP][PASSED] - delay: Delayed 2 second(s)

2018-12-12 16:32:12 - [MESSAGE][PASSED] - Delayed 2 second(s)

2018-12-12 16:32:12 - [TEST_STEP][PASSED] - click: Object: 'Object Repository/Final Object Repo/New Registration - Registration Module Pages/Form 2/Save Button for Add Employee' is clicked on

2018-12-12 16:32:12 - [MESSAGE][PASSED] - Object: 'Object Repository/Final Object Repo/New Registration - Registration Module Pages/Form 2/Save Button for Add Employee' is clicked on

2018-12-12 16:32:12 - [TEST_STEP][PASSED] - delay: Delayed 6 second(s)

2018-12-12 16:32:18 - [MESSAGE][PASSED] - Delayed 6 second(s)

2018-12-12 16:32:18 - [TEST_STEP][PASSED] - click: Object: 'Object Repository/Final Object Repo/New Registration - Registration Module Pages/Form 2/Add Employee Button' is clicked on

2018-12-12 16:32:19 - [MESSAGE][PASSED] - Object: 'Object Repository/Final Object Repo/New Registration - Registration Module Pages/Form 2/Add Employee Button' is clicked on

2018-12-12 16:32:19 - [TEST_STEP][PASSED] - delay: Delayed 4 second(s)

2018-12-12 16:32:23 - [MESSAGE][PASSED] - Delayed 4 second(s)

2018-12-12 16:32:23 - [TEST_STEP][PASSED] - setText: Text '600203039154' is set on object 'Object Repository/Final Object Repo/New Registration - Registration Module Pages/Form 2/NRIC Input'

2018-12-12 16:32:23 - [MESSAGE][PASSED] - Text '600203039154' is set on object 'Object Repository/Final Object Repo/New Registration - Registration Module Pages/Form 2/NRIC Input'

2018-12-12 16:32:23 - [TEST_STEP][PASSED] - click: Object: 'Object Repository/Final Object Repo/New Registration - Registration Module Pages/Form 2/button for search for IC' is clicked on

2018-12-12 16:32:23 - [MESSAGE][PASSED] - Object: 'Object Repository/Final Object Repo/New Registration - Registration Module Pages/Form 2/button for search for IC' is clicked on

2018-12-12 16:32:23 - [TEST_STEP][PASSED] - delay: Delayed 2 second(s)

2018-12-12 16:32:25 - [MESSAGE][PASSED] - Delayed 2 second(s)

2018-12-12 16:32:25 - [TEST_STEP][PASSED] - setText: Text 'Automate001 not eligible 2' is set on object 'Object Repository/Final Object Repo/New Registration - Registration Module Pages/Form 2/Employee Name Input'

2018-12-12 16:32:26 - [MESSAGE][PASSED] - Text 'Automate001 not eligible 2' is set on object 'Object Repository/Final Object Repo/New Registration - Registration Module Pages/Form 2/Employee Name Input'

2018-12-12 16:32:26 - [TEST_STEP][PASSED] - delay: Delayed 2 second(s)

2018-12-12 16:32:28 - [MESSAGE][PASSED] - Delayed 2 second(s)

2018-12-12 16:32:28 - [TEST_STEP][PASSED] - click: Object: 'Object Repository/Final Object Repo/New Registration - Registration Module Pages/Form 2/DatePicker Pop Up' is clicked on

2018-12-12 16:32:28 - [MESSAGE][PASSED] - Object: 'Object Repository/Final Object Repo/New Registration - Registration Module Pages/Form 2/DatePicker Pop Up' is clicked on

2018-12-12 16:32:28 - [TEST_STEP][PASSED] - delay: Delayed 2 second(s)

2018-12-12 16:32:30 - [MESSAGE][PASSED] - Delayed 2 second(s)

2018-12-12 16:32:30 - [TEST_STEP][PASSED] - click: Object: 'Object Repository/Final Object Repo/New Registration - Registration Module Pages/Form 2/DOB Month' is clicked on

2018-12-12 16:32:30 - [MESSAGE][PASSED] - Object: 'Object Repository/Final Object Repo/New Registration - Registration Module Pages/Form 2/DOB Month' is clicked on

2018-12-12 16:32:30 - [TEST_STEP][PASSED] - Statement - selectMonth = com.kms.katalon.core.webui.keyword.WebUiBuiltInKeywords.modifyObjectProperty(selectMonth, "xpath", "equals", "//body/div/div/div/select/option[@value="" + CurrentMonth + ""]", true): Modify property of object successfully

2018-12-12 16:32:30 - [MESSAGE][PASSED] - Modify property of object successfully

2018-12-12 16:32:30 - [TEST_STEP][PASSED] - click: Object: '' is clicked on

2018-12-12 16:32:30 - [MESSAGE][PASSED] - Object: '' is clicked on

2018-12-12 16:32:30 - [TEST_STEP][PASSED] - click: Object: 'Object Repository/Final Object Repo/New Registration - Registration Module Pages/Form 2/DOB Year' is clicked on

2018-12-12 16:32:30 - [MESSAGE][PASSED] - Object: 'Object Repository/Final Object Repo/New Registration - Registration Module Pages/Form 2/DOB Year' is clicked on

2018-12-12 16:32:30 - [TEST_STEP][PASSED] - Statement - selectYear = com.kms.katalon.core.webui.keyword.WebUiBuiltInKeywords.modifyObjectProperty(selectYear, "xpath", "equals", "//div/div/div/select/option[@value="" + FiftysevenYrsBefore + ""]", true): Modify property of object successfully

2018-12-12 16:32:30 - [MESSAGE][PASSED] - Modify property of object successfully

2018-12-12 16:32:30 - [TEST_STEP][PASSED] - click: Object: '' is clicked on

2018-12-12 16:32:31 - [MESSAGE][PASSED] - Object: '' is clicked on

2018-12-12 16:32:31 - [TEST_STEP][PASSED] - Statement - UpdatedSelectDate = com.kms.katalon.core.webui.keyword.WebUiBuiltInKeywords.modifyObjectProperty(com.kms.katalon.core.testobject.ObjectRepository.findTestObject(Final Object Repo/New Registration - Registration Module Pages/Form 2/DOB Date), "xpath", "equals", "//body/div/table/tbody/tr/td/a[text()="" + CurrentDate + ""]", true): Modify property of object successfully

2018-12-12 16:32:31 - [MESSAGE][PASSED] - Modify property of object successfully

2018-12-12 16:32:31 - [TEST_STEP][PASSED] - click: Object: 'Object Repository/Final Object Repo/New Registration - Registration Module Pages/Form 2/DOB Date' is clicked on

2018-12-12 16:32:31 - [MESSAGE][PASSED] - Object: 'Object Repository/Final Object Repo/New Registration - Registration Module Pages/Form 2/DOB Date' is clicked on

2018-12-12 16:32:31 - [TEST_STEP][PASSED] - click: Object: 'Object Repository/Final Object Repo/New Registration - Registration Module Pages/Form 2/EmploymentStartDate Pop Up' is clicked on

2018-12-12 16:32:31 - [MESSAGE][PASSED] - Object: 'Object Repository/Final Object Repo/New Registration - Registration Module Pages/Form 2/EmploymentStartDate Pop Up' is clicked on

2018-12-12 16:32:31 - [TEST_STEP][PASSED] - delay: Delayed 2 second(s)

2018-12-12 16:32:33 - [MESSAGE][PASSED] - Delayed 2 second(s)

2018-12-12 16:32:33 - [TEST_STEP][PASSED] - click: Object: 'Object Repository/Final Object Repo/New Registration - Registration Module Pages/Form 2/Socso Employment StartDate Month' is clicked on

2018-12-12 16:32:33 - [MESSAGE][PASSED] - Object: 'Object Repository/Final Object Repo/New Registration - Registration Module Pages/Form 2/Socso Employment StartDate Month' is clicked on

2018-12-12 16:32:33 - [TEST_STEP][PASSED] - delay: Delayed 1 second(s)

2018-12-12 16:32:34 - [MESSAGE][PASSED] - Delayed 1 second(s)

2018-12-12 16:32:34 - [TEST_STEP][PASSED] - click: Object: 'Object Repository/Final Object Repo/New Registration - Registration Module Pages/Form 2/Select Socso Employement Startdate Month' is clicked on

2018-12-12 16:32:34 - [MESSAGE][PASSED] - Object: 'Object Repository/Final Object Repo/New Registration - Registration Module Pages/Form 2/Select Socso Employement Startdate Month' is clicked on

2018-12-12 16:32:34 - [TEST_STEP][PASSED] - delay: Delayed 2 second(s)

2018-12-12 16:32:36 - [MESSAGE][PASSED] - Delayed 2 second(s)

2018-12-12 16:32:36 - [TEST_STEP][PASSED] - click: Object: 'Object Repository/Final Object Repo/New Registration - Registration Module Pages/Form 2/Socso Employment StartDate Year' is clicked on

2018-12-12 16:32:36 - [MESSAGE][PASSED] - Object: 'Object Repository/Final Object Repo/New Registration - Registration Module Pages/Form 2/Socso Employment StartDate Year' is clicked on

2018-12-12 16:32:36 - [TEST_STEP][PASSED] - delay: Delayed 1 second(s)

2018-12-12 16:32:37 - [MESSAGE][PASSED] - Delayed 1 second(s)

2018-12-12 16:32:37 - [TEST_STEP][PASSED] - click: Object: 'Object Repository/Final Object Repo/New Registration - Registration Module Pages/Form 2/Select Socso Employment Startdate Year' is clicked on

2018-12-12 16:32:38 - [MESSAGE][PASSED] - Object: 'Object Repository/Final Object Repo/New Registration - Registration Module Pages/Form 2/Select Socso Employment Startdate Year' is clicked on

2018-12-12 16:32:38 - [TEST_STEP][PASSED] - delay: Delayed 2 second(s)

2018-12-12 16:32:40 - [MESSAGE][PASSED] - Delayed 2 second(s)

2018-12-12 16:32:40 - [TEST_STEP][PASSED] - click: Object: 'Object Repository/Final Object Repo/New Registration - Registration Module Pages/Form 2/Socso Employment Start Date Day' is clicked on

2018-12-12 16:32:40 - [MESSAGE][PASSED] - Object: 'Object Repository/Final Object Repo/New Registration - Registration Module Pages/Form 2/Socso Employment Start Date Day' is clicked on

2018-12-12 16:32:40 - [TEST_STEP][PASSED] - delay: Delayed 2 second(s)

2018-12-12 16:32:42 - [MESSAGE][PASSED] - Delayed 2 second(s)

2018-12-12 16:32:42 - [TEST_STEP][PASSED] - click: Object: 'Object Repository/Final Object Repo/New Registration - Registration Module Pages/Form 2/Save Button for Add Employee' is clicked on

2018-12-12 16:32:42 - [MESSAGE][PASSED] - Object: 'Object Repository/Final Object Repo/New Registration - Registration Module Pages/Form 2/Save Button for Add Employee' is clicked on

2018-12-12 16:32:42 - [TEST_STEP][PASSED] - delay: Delayed 2 second(s)

2018-12-12 16:32:44 - [MESSAGE][PASSED] - Delayed 2 second(s)

2018-12-12 16:32:44 - [TEST_STEP][PASSED] - click: Object: 'Object Repository/Final Object Repo/New Registration - Registration Module Pages/Form 2/Save and Continue Form 2' is clicked on

2018-12-12 16:32:44 - [MESSAGE][PASSED] - Object: 'Object Repository/Final Object Repo/New Registration - Registration Module Pages/Form 2/Save and Continue Form 2' is clicked on

2018-12-12 16:32:44 - [MESSAGE][PASSED] - Call Test Case 'Test Cases/Final Aug 2018 - PKS Automation/Registration Module/New Registration/Form 2/Add 2 Eligible 2 Not Eligible' successfully

2018-12-12 16:32:44 - [TEST_STEP][PASSED] - callTestCase: Call Test Case 'Test Cases/Final Aug 2018 - PKS Automation/Registration Module/New Registration/Flow of New Registration/Third Screen - Upload Supporting Doc - Preview' successfully

2018-12-12 16:32:44 - [TEST_CASE][PASSED] - Test Cases/Final Aug 2018 - PKS Automation/Registration Module/New Registration/Flow of New Registration/Third Screen - Upload Supporting Doc - Preview: Test Cases/Final Aug 2018 - PKS Automation/Registration Module/New Registration/Flow of New Registration/Third Screen - Upload Supporting Doc - Preview

2018-12-12 16:32:44 - [TEST_STEP][PASSED] - waitForPageLoad: Wait for page load successfully

2018-12-12 16:32:45 - [MESSAGE][PASSED] - Wait for page load successfully

2018-12-12 16:32:45 - [TEST_STEP][PASSED] - Statement - CaseReferenceNo = com.kms.katalon.core.webui.keyword.WebUiBuiltInKeywords.getText(com.kms.katalon.core.testobject.ObjectRepository.findTestObject(Final Object Repo/New Registration - Registration Module Pages/Third Screen - Upload Supporting Doc- Preview/RefNo Acquiring)): Text of object 'Object Repository/Final Object Repo/New Registration - Registration Module Pages/Third Screen - Upload Supporting Doc- Preview/RefNo Acquiring' is: 'CRN12201800123214'

2018-12-12 16:32:45 - [MESSAGE][PASSED] - Text of object 'Object Repository/Final Object Repo/New Registration - Registration Module Pages/Third Screen - Upload Supporting Doc- Preview/RefNo Acquiring' is: 'CRN12201800123214'

2018-12-12 16:32:45 - [TEST_STEP][PASSED] - delay: Delayed 2 second(s)

2018-12-12 16:32:47 - [MESSAGE][PASSED] - Delayed 2 second(s)

2018-12-12 16:32:47 - [TEST_STEP][PASSED] - callTestCase: Call Test Case 'Test Cases/Final Aug 2018 - PKS Automation/Common/Reference Number Setter' successfully

2018-12-12 16:32:47 - [TEST_CASE][PASSED] - Test Cases/Final Aug 2018 - PKS Automation/Common/Reference Number Setter: Test Cases/Final Aug 2018 - PKS Automation/Common/Reference Number Setter

2018-12-12 16:32:47 - [TEST_STEP][PASSED] - Statement - RefNoOldFile = new java.io.File(C://Users//Admin//Desktop//PKS//Automation Reference Point//KatalonReference.txt): null

2018-12-12 16:32:47 - [TEST_STEP][PASSED] - Statement - RefNoOldFile.delete(): null

2018-12-12 16:32:47 - [TEST_STEP][PASSED] - delay: Delayed 5 second(s)

2018-12-12 16:32:52 - [MESSAGE][PASSED] - Delayed 5 second(s)

2018-12-12 16:32:52 - [TEST_STEP][PASSED] - Statement - RefNo = new java.io.File(C://Users//Admin//Desktop//PKS//Automation Reference Point//KatalonReference.txt): null

2018-12-12 16:32:52 - [TEST_STEP][PASSED] - Statement - f2 = new java.io.FileWriter(RefNo, false): null

2018-12-12 16:32:52 - [TEST_STEP][PASSED] - Statement - f2.write(CaseReferenceNo): null

2018-12-12 16:32:52 - [TEST_STEP][PASSED] - Statement - f2.close(): null

2018-12-12 16:32:52 - [TEST_STEP][PASSED] - Statement - out.println("


" + CaseReferenceNo + "


"): null

2018-12-12 16:32:52 - [MESSAGE][PASSED] - Call Test Case 'Test Cases/Final Aug 2018 - PKS Automation/Common/Reference Number Setter' successfully

2018-12-12 16:32:52 - [TEST_STEP][PASSED] - waitForElementClickable: Object 'Object Repository/Final Object Repo/New Registration - Registration Module Pages/Third Screen - Upload Supporting Doc- Preview/Save n Continue in SIP Employee Listing Page' is clickable

2018-12-12 16:32:52 - [MESSAGE][PASSED] - Object 'Object Repository/Final Object Repo/New Registration - Registration Module Pages/Third Screen - Upload Supporting Doc- Preview/Save n Continue in SIP Employee Listing Page' is clickable

2018-12-12 16:32:52 - [TEST_STEP][PASSED] - click: Object: 'Object Repository/Final Object Repo/New Registration - Registration Module Pages/Third Screen - Upload Supporting Doc- Preview/Save n Continue in SIP Employee Listing Page' is clicked on

2018-12-12 16:32:58 - [MESSAGE][PASSED] - Object: 'Object Repository/Final Object Repo/New Registration - Registration Module Pages/Third Screen - Upload Supporting Doc- Preview/Save n Continue in SIP Employee Listing Page' is clicked on

2018-12-12 16:32:58 - [TEST_STEP][PASSED] - delay: Delayed 7 second(s)

2018-12-12 16:33:05 - [MESSAGE][PASSED] - Delayed 7 second(s)

2018-12-12 16:33:05 - [TEST_STEP][PASSED] - click: Object: 'Object Repository/Final Object Repo/New Registration - Registration Module Pages/Third Screen - Upload Supporting Doc- Preview/Add Document Button' is clicked on

2018-12-12 16:33:05 - [MESSAGE][PASSED] - Object: 'Object Repository/Final Object Repo/New Registration - Registration Module Pages/Third Screen - Upload Supporting Doc- Preview/Add Document Button' is clicked on

2018-12-12 16:33:05 - [TEST_STEP][PASSED] - delay: Delayed 30 second(s)

2018-12-12 16:33:35 - [MESSAGE][PASSED] - Delayed 30 second(s)

2018-12-12 16:33:35 - [TEST_STEP][PASSED] - click: Object: 'Object Repository/Final Object Repo/New Registration - Registration Module Pages/Third Screen - Upload Supporting Doc- Preview/Supporting Doc Please Select Drop Down' is clicked on

2018-12-12 16:33:35 - [MESSAGE][PASSED] - Object: 'Object Repository/Final Object Repo/New Registration - Registration Module Pages/Third Screen - Upload Supporting Doc- Preview/Supporting Doc Please Select Drop Down' is clicked on

2018-12-12 16:33:35 - [TEST_STEP][PASSED] - delay: Delayed 2 second(s)

2018-12-12 16:33:37 - [MESSAGE][PASSED] - Delayed 2 second(s)

2018-12-12 16:33:37 - [TEST_STEP][PASSED] - click: Object: 'Object Repository/Final Object Repo/New Registration - Registration Module Pages/Third Screen - Upload Supporting Doc- Preview/Select to Upload Form 1' is clicked on

2018-12-12 16:33:37 - [MESSAGE][PASSED] - Object: 'Object Repository/Final Object Repo/New Registration - Registration Module Pages/Third Screen - Upload Supporting Doc- Preview/Select to Upload Form 1' is clicked on

2018-12-12 16:33:37 - [TEST_STEP][PASSED] - delay: Delayed 2 second(s)

2018-12-12 16:33:39 - [MESSAGE][PASSED] - Delayed 2 second(s)

2018-12-12 16:33:39 - [TEST_STEP][PASSED] - uploadFile: File 'C:\Users\Public\Pictures\Sample Pictures\Koala.jpg' sent to object: 'Object Repository/Final Object Repo/New Registration - Registration Module Pages/Third Screen - Upload Supporting Doc- Preview/Upload File Adding'

2018-12-12 16:33:39 - [MESSAGE][PASSED] - File 'C:\Users\Public\Pictures\Sample Pictures\Koala.jpg' sent to object: 'Object Repository/Final Object Repo/New Registration - Registration Module Pages/Third Screen - Upload Supporting Doc- Preview/Upload File Adding'

2018-12-12 16:33:39 - [TEST_STEP][PASSED] - delay: Delayed 5 second(s)

2018-12-12 16:33:44 - [MESSAGE][PASSED] - Delayed 5 second(s)

2018-12-12 16:33:44 - [TEST_STEP][PASSED] - click: Object: 'Object Repository/Final Object Repo/New Registration - Registration Module Pages/Third Screen - Upload Supporting Doc- Preview/Inner Form Add Document Button' is clicked on

2018-12-12 16:33:44 - [MESSAGE][PASSED] - Object: 'Object Repository/Final Object Repo/New Registration - Registration Module Pages/Third Screen - Upload Supporting Doc- Preview/Inner Form Add Document Button' is clicked on

2018-12-12 16:33:44 - [TEST_STEP][PASSED] - delay: Delayed 3 second(s)

2018-12-12 16:33:47 - [MESSAGE][PASSED] - Delayed 3 second(s)

2018-12-12 16:33:47 - [TEST_STEP][PASSED] - click: Object: 'Object Repository/Final Object Repo/New Registration - Registration Module Pages/Third Screen - Upload Supporting Doc- Preview/Add Document Button' is clicked on

2018-12-12 16:33:49 - [MESSAGE][PASSED] - Object: 'Object Repository/Final Object Repo/New Registration - Registration Module Pages/Third Screen - Upload Supporting Doc- Preview/Add Document Button' is clicked on

2018-12-12 16:33:49 - [TEST_STEP][PASSED] - delay: Delayed 30 second(s)

2018-12-12 16:34:19 - [MESSAGE][PASSED] - Delayed 30 second(s)

2018-12-12 16:34:19 - [TEST_STEP][PASSED] - click: Object: 'Object Repository/Final Object Repo/New Registration - Registration Module Pages/Third Screen - Upload Supporting Doc- Preview/Supporting Doc Please Select Drop Down' is clicked on

2018-12-12 16:34:19 - [MESSAGE][PASSED] - Object: 'Object Repository/Final Object Repo/New Registration - Registration Module Pages/Third Screen - Upload Supporting Doc- Preview/Supporting Doc Please Select Drop Down' is clicked on

2018-12-12 16:34:19 - [TEST_STEP][PASSED] - delay: Delayed 4 second(s)

2018-12-12 16:34:23 - [MESSAGE][PASSED] - Delayed 4 second(s)

2018-12-12 16:34:23 - [TEST_STEP][PASSED] - click: Object: 'Object Repository/Final Object Repo/New Registration - Registration Module Pages/Third Screen - Upload Supporting Doc- Preview/Select to Upload Form 2' is clicked on

2018-12-12 16:34:23 - [MESSAGE][PASSED] - Object: 'Object Repository/Final Object Repo/New Registration - Registration Module Pages/Third Screen - Upload Supporting Doc- Preview/Select to Upload Form 2' is clicked on

2018-12-12 16:34:23 - [TEST_STEP][PASSED] - delay: Delayed 2 second(s)

2018-12-12 16:34:25 - [MESSAGE][PASSED] - Delayed 2 second(s)

2018-12-12 16:34:25 - [TEST_STEP][PASSED] - uploadFile: File 'C:\Users\Public\Pictures\Sample Pictures\Koala.jpg' sent to object: 'Object Repository/Final Object Repo/New Registration - Registration Module Pages/Third Screen - Upload Supporting Doc- Preview/Upload File Adding'

2018-12-12 16:34:25 - [MESSAGE][PASSED] - File 'C:\Users\Public\Pictures\Sample Pictures\Koala.jpg' sent to object: 'Object Repository/Final Object Repo/New Registration - Registration Module Pages/Third Screen - Upload Supporting Doc- Preview/Upload File Adding'

2018-12-12 16:34:25 - [TEST_STEP][PASSED] - click: Object: 'Object Repository/Final Object Repo/New Registration - Registration Module Pages/Third Screen - Upload Supporting Doc- Preview/Inner Form Add Document Button' is clicked on

2018-12-12 16:34:26 - [MESSAGE][PASSED] - Object: 'Object Repository/Final Object Repo/New Registration - Registration Module Pages/Third Screen - Upload Supporting Doc- Preview/Inner Form Add Document Button' is clicked on

2018-12-12 16:34:26 - [TEST_STEP][PASSED] - delay: Delayed 5 second(s)

2018-12-12 16:34:31 - [MESSAGE][PASSED] - Delayed 5 second(s)

2018-12-12 16:34:31 - [TEST_STEP][PASSED] - click: Object: 'Object Repository/Final Object Repo/New Registration - Registration Module Pages/Third Screen - Upload Supporting Doc- Preview/Add Document Button' is clicked on

2018-12-12 16:34:31 - [MESSAGE][PASSED] - Object: 'Object Repository/Final Object Repo/New Registration - Registration Module Pages/Third Screen - Upload Supporting Doc- Preview/Add Document Button' is clicked on

2018-12-12 16:34:31 - [TEST_STEP][PASSED] - delay: Delayed 30 second(s)

2018-12-12 16:35:01 - [MESSAGE][PASSED] - Delayed 30 second(s)

2018-12-12 16:35:01 - [TEST_STEP][PASSED] - click: Object: 'Object Repository/Final Object Repo/New Registration - Registration Module Pages/Third Screen - Upload Supporting Doc- Preview/Supporting Doc Please Select Drop Down' is clicked on

2018-12-12 16:35:01 - [MESSAGE][PASSED] - Object: 'Object Repository/Final Object Repo/New Registration - Registration Module Pages/Third Screen - Upload Supporting Doc- Preview/Supporting Doc Please Select Drop Down' is clicked on

2018-12-12 16:35:01 - [TEST_STEP][PASSED] - click: Object: 'Object Repository/Final Object Repo/New Registration - Registration Module Pages/Third Screen - Upload Supporting Doc- Preview/Select to Upload Borang SIP 1' is clicked on

2018-12-12 16:35:01 - [MESSAGE][PASSED] - Object: 'Object Repository/Final Object Repo/New Registration - Registration Module Pages/Third Screen - Upload Supporting Doc- Preview/Select to Upload Borang SIP 1' is clicked on

2018-12-12 16:35:01 - [TEST_STEP][PASSED] - delay: Delayed 2 second(s)

2018-12-12 16:35:03 - [MESSAGE][PASSED] - Delayed 2 second(s)

2018-12-12 16:35:03 - [TEST_STEP][PASSED] - uploadFile: File 'C:\Users\Public\Pictures\Sample Pictures\Koala.jpg' sent to object: 'Object Repository/Final Object Repo/New Registration - Registration Module Pages/Third Screen - Upload Supporting Doc- Preview/Upload File Adding'

2018-12-12 16:35:03 - [MESSAGE][PASSED] - File 'C:\Users\Public\Pictures\Sample Pictures\Koala.jpg' sent to object: 'Object Repository/Final Object Repo/New Registration - Registration Module Pages/Third Screen - Upload Supporting Doc- Preview/Upload File Adding'

2018-12-12 16:35:03 - [TEST_STEP][PASSED] - click: Object: 'Object Repository/Final Object Repo/New Registration - Registration Module Pages/Third Screen - Upload Supporting Doc- Preview/Inner Form Add Document Button' is clicked on

2018-12-12 16:35:03 - [MESSAGE][PASSED] - Object: 'Object Repository/Final Object Repo/New Registration - Registration Module Pages/Third Screen - Upload Supporting Doc- Preview/Inner Form Add Document Button' is clicked on

2018-12-12 16:35:03 - [TEST_STEP][PASSED] - delay: Delayed 5 second(s)

2018-12-12 16:35:08 - [MESSAGE][PASSED] - Delayed 5 second(s)

2018-12-12 16:35:08 - [TEST_STEP][PASSED] - click: Object: 'Object Repository/Final Object Repo/New Registration - Registration Module Pages/Third Screen - Upload Supporting Doc- Preview/Add Document Button' is clicked on

2018-12-12 16:35:09 - [MESSAGE][PASSED] - Object: 'Object Repository/Final Object Repo/New Registration - Registration Module Pages/Third Screen - Upload Supporting Doc- Preview/Add Document Button' is clicked on

2018-12-12 16:35:09 - [TEST_STEP][PASSED] - delay: Delayed 30 second(s)

2018-12-12 16:35:39 - [MESSAGE][PASSED] - Delayed 30 second(s)

2018-12-12 16:35:39 - [TEST_STEP][PASSED] - click: Object: 'Object Repository/Final Object Repo/New Registration - Registration Module Pages/Third Screen - Upload Supporting Doc- Preview/Supporting Doc Please Select Drop Down' is clicked on

2018-12-12 16:35:39 - [MESSAGE][PASSED] - Object: 'Object Repository/Final Object Repo/New Registration - Registration Module Pages/Third Screen - Upload Supporting Doc- Preview/Supporting Doc Please Select Drop Down' is clicked on

2018-12-12 16:35:39 - [TEST_STEP][PASSED] - delay: Delayed 3 second(s)

2018-12-12 16:35:42 - [MESSAGE][PASSED] - Delayed 3 second(s)

2018-12-12 16:35:42 - [TEST_STEP][PASSED] - click: Object: 'Object Repository/Final Object Repo/New Registration - Registration Module Pages/Third Screen - Upload Supporting Doc- Preview/Select to Upload Borang SIP 2' is clicked on

2018-12-12 16:35:42 - [MESSAGE][PASSED] - Object: 'Object Repository/Final Object Repo/New Registration - Registration Module Pages/Third Screen - Upload Supporting Doc- Preview/Select to Upload Borang SIP 2' is clicked on

2018-12-12 16:35:42 - [TEST_STEP][PASSED] - delay: Delayed 2 second(s)

2018-12-12 16:35:44 - [MESSAGE][PASSED] - Delayed 2 second(s)

2018-12-12 16:35:44 - [TEST_STEP][PASSED] - uploadFile: File 'C:\Users\Public\Pictures\Sample Pictures\Koala.jpg' sent to object: 'Object Repository/Final Object Repo/New Registration - Registration Module Pages/Third Screen - Upload Supporting Doc- Preview/Upload File Adding'

2018-12-12 16:35:44 - [MESSAGE][PASSED] - File 'C:\Users\Public\Pictures\Sample Pictures\Koala.jpg' sent to object: 'Object Repository/Final Object Repo/New Registration - Registration Module Pages/Third Screen - Upload Supporting Doc- Preview/Upload File Adding'

2018-12-12 16:35:44 - [TEST_STEP][PASSED] - delay: Delayed 5 second(s)

2018-12-12 16:35:49 - [MESSAGE][PASSED] - Delayed 5 second(s)

2018-12-12 16:35:49 - [TEST_STEP][PASSED] - click: Object: 'Object Repository/Final Object Repo/New Registration - Registration Module Pages/Third Screen - Upload Supporting Doc- Preview/Inner Form Add Document Button' is clicked on

2018-12-12 16:35:49 - [MESSAGE][PASSED] - Object: 'Object Repository/Final Object Repo/New Registration - Registration Module Pages/Third Screen - Upload Supporting Doc- Preview/Inner Form Add Document Button' is clicked on

2018-12-12 16:35:49 - [TEST_STEP][PASSED] - delay: Delayed 3 second(s)

2018-12-12 16:35:52 - [MESSAGE][PASSED] - Delayed 3 second(s)

2018-12-12 16:35:52 - [TEST_STEP][PASSED] - waitForElementClickable: Object 'Object Repository/Final Object Repo/New Registration - Registration Module Pages/Third Screen - Upload Supporting Doc- Preview/Save n Continue in Uploading Supporting Doc Page' is clickable

2018-12-12 16:35:53 - [MESSAGE][PASSED] - Object 'Object Repository/Final Object Repo/New Registration - Registration Module Pages/Third Screen - Upload Supporting Doc- Preview/Save n Continue in Uploading Supporting Doc Page' is clickable

2018-12-12 16:35:53 - [TEST_STEP][PASSED] - click: Object: 'Object Repository/Final Object Repo/New Registration - Registration Module Pages/Third Screen - Upload Supporting Doc- Preview/Save n Continue in Uploading Supporting Doc Page' is clicked on

2018-12-12 16:35:53 - [MESSAGE][PASSED] - Object: 'Object Repository/Final Object Repo/New Registration - Registration Module Pages/Third Screen - Upload Supporting Doc- Preview/Save n Continue in Uploading Supporting Doc Page' is clicked on

2018-12-12 16:35:53 - [MESSAGE][PASSED] - Call Test Case 'Test Cases/Final Aug 2018 - PKS Automation/Registration Module/New Registration/Flow of New Registration/Third Screen - Upload Supporting Doc - Preview' successfully

2018-12-12 16:35:53 - [TEST_STEP][PASSED] - callTestCase: Call Test Case 'Test Cases/Final Aug 2018 - PKS Automation/Registration Module/New Registration/Submit and Screenshot/Submit Registration and Screenshot' successfully

2018-12-12 16:35:53 - [TEST_CASE][PASSED] - Test Cases/Final Aug 2018 - PKS Automation/Registration Module/New Registration/Submit and Screenshot/Submit Registration and Screenshot: Test Cases/Final Aug 2018 - PKS Automation/Registration Module/New Registration/Submit and Screenshot/Submit Registration and Screenshot

2018-12-12 16:35:53 - [TEST_STEP][PASSED] - delay: Delayed 6 second(s)

2018-12-12 16:35:59 - [MESSAGE][PASSED] - Delayed 6 second(s)

2018-12-12 16:35:59 - [TEST_STEP][PASSED] - click: Object: 'Object Repository/Final Object Repo/New Registration - Registration Module Pages/Third Screen - Upload Supporting Doc- Preview/Preview Submit Button' is clicked on

2018-12-12 16:36:00 - [MESSAGE][PASSED] - Object: 'Object Repository/Final Object Repo/New Registration - Registration Module Pages/Third Screen - Upload Supporting Doc- Preview/Preview Submit Button' is clicked on

2018-12-12 16:36:00 - [TEST_STEP][PASSED] - delay: Delayed 2 second(s)

2018-12-12 16:36:02 - [MESSAGE][PASSED] - Delayed 2 second(s)

2018-12-12 16:36:02 - [TEST_STEP][PASSED] - click: Object: 'Object Repository/Final Object Repo/New Registration - Registration Module Pages/Third Screen - Upload Supporting Doc- Preview/Preview Submit - Confirm' is clicked on

2018-12-12 16:36:02 - [MESSAGE][PASSED] - Object: 'Object Repository/Final Object Repo/New Registration - Registration Module Pages/Third Screen - Upload Supporting Doc- Preview/Preview Submit - Confirm' is clicked on

2018-12-12 16:36:02 - [TEST_STEP][PASSED] - delay: Delayed 15 second(s)

2018-12-12 16:36:17 - [MESSAGE][PASSED] - Delayed 15 second(s)

2018-12-12 16:36:17 - [TEST_STEP][PASSED] - Statement - driver = com.kms.katalon.core.webui.driver.DriverFactory.getWebDriver(): null

2018-12-12 16:36:17 - [TEST_STEP][PASSED] - Statement - driver.manage().timeouts().implicitlyWait(10, SECONDS): null

2018-12-12 16:36:17 - [TEST_STEP][PASSED] - Statement - PresavePath = KatalonScreenshots: null

2018-12-12 16:36:17 - [TEST_STEP][PASSED] - Statement - pathPrefix = "C:\Users\Public\Pictures\Sample Pictures\Katalon Screenshots\Automate Ending Screen": null

2018-12-12 16:36:17 - [TEST_STEP][PASSED] - Statement - finalPath = <not implemented yet for class: org.codehaus.groovy.ast.expr.EmptyExpression>: null

2018-12-12 16:36:17 - [TEST_STEP][PASSED] - Statement - scrFile = driver.getScreenshotAs(FILE): null

2018-12-12 16:36:17 - [TEST_STEP][PASSED] - Statement - PreSaveFile = new java.io.File(PresavePath): null

2018-12-12 16:36:17 - [TEST_STEP][PASSED] - Statement - counter = 0: null

2018-12-12 16:36:17 - [TEST_STEP][PASSED] - Statement - If (PreSaveFile.exists()): null

2018-12-12 16:36:17 - [TEST_STEP][PASSED] - Statement - While (PreSaveFile.exists()): null

2018-12-12 16:36:17 - [TEST_STEP][PASSED] - Statement - counter = counter + 1: null

2018-12-12 16:36:17 - [TEST_STEP][PASSED] - Statement - PreSaveFile = new java.io.File(((pathPrefix + java.lang.Integer.toString(counter)) + .png)): null

2018-12-12 16:36:17 - [TEST_STEP][PASSED] - Statement - counter = counter + 1: null

2018-12-12 16:36:17 - [TEST_STEP][PASSED] - Statement - PreSaveFile = new java.io.File(((pathPrefix + java.lang.Integer.toString(counter)) + .png)): null

2018-12-12 16:36:17 - [TEST_STEP][PASSED] - Statement - counter = counter + 1: null

2018-12-12 16:36:17 - [TEST_STEP][PASSED] - Statement - PreSaveFile = new java.io.File(((pathPrefix + java.lang.Integer.toString(counter)) + .png)): null

2018-12-12 16:36:17 - [TEST_STEP][PASSED] - Statement - counter = counter + 1: null

2018-12-12 16:36:17 - [TEST_STEP][PASSED] - Statement - PreSaveFile = new java.io.File(((pathPrefix + java.lang.Integer.toString(counter)) + .png)): null

2018-12-12 16:36:17 - [TEST_STEP][PASSED] - Statement - counter = counter + 1: null

2018-12-12 16:36:17 - [TEST_STEP][PASSED] - Statement - PreSaveFile = new java.io.File(((pathPrefix + java.lang.Integer.toString(counter)) + .png)): null

2018-12-12 16:36:17 - [TEST_STEP][PASSED] - Statement - counter = counter + 1: null

2018-12-12 16:36:17 - [TEST_STEP][PASSED] - Statement - PreSaveFile = new java.io.File(((pathPrefix + java.lang.Integer.toString(counter)) + .png)): null

2018-12-12 16:36:17 - [TEST_STEP][PASSED] - Statement - counter = counter + 1: null

2018-12-12 16:36:17 - [TEST_STEP][PASSED] - Statement - PreSaveFile = new java.io.File(((pathPrefix + java.lang.Integer.toString(counter)) + .png)): null

2018-12-12 16:36:17 - [TEST_STEP][PASSED] - Statement - counter = counter + 1: null

2018-12-12 16:36:17 - [TEST_STEP][PASSED] - Statement - PreSaveFile = new java.io.File(((pathPrefix + java.lang.Integer.toString(counter)) + .png)): null

2018-12-12 16:36:17 - [TEST_STEP][PASSED] - Statement - counter = counter + 1: null

2018-12-12 16:36:17 - [TEST_STEP][PASSED] - Statement - PreSaveFile = new java.io.File(((pathPrefix + java.lang.Integer.toString(counter)) + .png)): null

2018-12-12 16:36:17 - [TEST_STEP][PASSED] - Statement - counter = counter + 1: null

2018-12-12 16:36:17 - [TEST_STEP][PASSED] - Statement - PreSaveFile = new java.io.File(((pathPrefix + java.lang.Integer.toString(counter)) + .png)): null

2018-12-12 16:36:17 - [TEST_STEP][PASSED] - Statement - counter = counter + 1: null

2018-12-12 16:36:17 - [TEST_STEP][PASSED] - Statement - PreSaveFile = new java.io.File(((pathPrefix + java.lang.Integer.toString(counter)) + .png)): null

2018-12-12 16:36:17 - [TEST_STEP][PASSED] - Statement - counter = counter + 1: null

2018-12-12 16:36:17 - [TEST_STEP][PASSED] - Statement - PreSaveFile = new java.io.File(((pathPrefix + java.lang.Integer.toString(counter)) + .png)): null

2018-12-12 16:36:17 - [TEST_STEP][PASSED] - Statement - counter = counter + 1: null

2018-12-12 16:36:17 - [TEST_STEP][PASSED] - Statement - PreSaveFile = new java.io.File(((pathPrefix + java.lang.Integer.toString(counter)) + .png)): null

2018-12-12 16:36:17 - [TEST_STEP][PASSED] - Statement - counter = counter + 1: null

2018-12-12 16:36:17 - [TEST_STEP][PASSED] - Statement - PreSaveFile = new java.io.File(((pathPrefix + java.lang.Integer.toString(counter)) + .png)): null

2018-12-12 16:36:17 - [TEST_STEP][PASSED] - Statement - counter = counter + 1: null

2018-12-12 16:36:17 - [TEST_STEP][PASSED] - Statement - PreSaveFile = new java.io.File(((pathPrefix + java.lang.Integer.toString(counter)) + .png)): null

2018-12-12 16:36:17 - [TEST_STEP][PASSED] - Statement - counter = counter + 1: null

2018-12-12 16:36:17 - [TEST_STEP][PASSED] - Statement - PreSaveFile = new java.io.File(((pathPrefix + java.lang.Integer.toString(counter)) + .png)): null

2018-12-12 16:36:17 - [TEST_STEP][PASSED] - Statement - counter = counter + 1: null

2018-12-12 16:36:17 - [TEST_STEP][PASSED] - Statement - PreSaveFile = new java.io.File(((pathPrefix + java.lang.Integer.toString(counter)) + .png)): null

2018-12-12 16:36:17 - [TEST_STEP][PASSED] - Statement - counter = counter + 1: null

2018-12-12 16:36:17 - [TEST_STEP][PASSED] - Statement - PreSaveFile = new java.io.File(((pathPrefix + java.lang.Integer.toString(counter)) + .png)): null

2018-12-12 16:36:17 - [TEST_STEP][PASSED] - Statement - counter = counter + 1: null

2018-12-12 16:36:17 - [TEST_STEP][PASSED] - Statement - PreSaveFile = new java.io.File(((pathPrefix + java.lang.Integer.toString(counter)) + .png)): null

2018-12-12 16:36:17 - [TEST_STEP][PASSED] - Statement - counter = counter + 1: null

2018-12-12 16:36:17 - [TEST_STEP][PASSED] - Statement - PreSaveFile = new java.io.File(((pathPrefix + java.lang.Integer.toString(counter)) + .png)): null

2018-12-12 16:36:17 - [TEST_STEP][PASSED] - Statement - counter = counter + 1: null

2018-12-12 16:36:17 - [TEST_STEP][PASSED] - Statement - PreSaveFile = new java.io.File(((pathPrefix + java.lang.Integer.toString(counter)) + .png)): null

2018-12-12 16:36:17 - [TEST_STEP][PASSED] - Statement - counter = counter + 1: null

2018-12-12 16:36:17 - [TEST_STEP][PASSED] - Statement - PreSaveFile = new java.io.File(((pathPrefix + java.lang.Integer.toString(counter)) + .png)): null

2018-12-12 16:36:17 - [TEST_STEP][PASSED] - Statement - counter = counter + 1: null

2018-12-12 16:36:17 - [TEST_STEP][PASSED] - Statement - PreSaveFile = new java.io.File(((pathPrefix + java.lang.Integer.toString(counter)) + .png)): null

2018-12-12 16:36:18 - [TEST_STEP][PASSED] - Statement - counter = counter + 1: null

2018-12-12 16:36:18 - [TEST_STEP][PASSED] - Statement - PreSaveFile = new java.io.File(((pathPrefix + java.lang.Integer.toString(counter)) + .png)): null

2018-12-12 16:36:18 - [TEST_STEP][PASSED] - Statement - counter = counter + 1: null

2018-12-12 16:36:18 - [TEST_STEP][PASSED] - Statement - PreSaveFile = new java.io.File(((pathPrefix + java.lang.Integer.toString(counter)) + .png)): null

2018-12-12 16:36:18 - [TEST_STEP][PASSED] - Statement - counter = counter + 1: null

2018-12-12 16:36:18 - [TEST_STEP][PASSED] - Statement - PreSaveFile = new java.io.File(((pathPrefix + java.lang.Integer.toString(counter)) + .png)): null

2018-12-12 16:36:18 - [TEST_STEP][PASSED] - Statement - counter = counter + 1: null

2018-12-12 16:36:18 - [TEST_STEP][PASSED] - Statement - PreSaveFile = new java.io.File(((pathPrefix + java.lang.Integer.toString(counter)) + .png)): null

2018-12-12 16:36:18 - [TEST_STEP][PASSED] - Statement - counter = counter + 1: null

2018-12-12 16:36:18 - [TEST_STEP][PASSED] - Statement - PreSaveFile = new java.io.File(((pathPrefix + java.lang.Integer.toString(counter)) + .png)): null

2018-12-12 16:36:18 - [TEST_STEP][PASSED] - Statement - counter = counter + 1: null

2018-12-12 16:36:18 - [TEST_STEP][PASSED] - Statement - PreSaveFile = new java.io.File(((pathPrefix + java.lang.Integer.toString(counter)) + .png)): null

2018-12-12 16:36:18 - [TEST_STEP][PASSED] - Statement - counter = counter + 1: null

2018-12-12 16:36:18 - [TEST_STEP][PASSED] - Statement - PreSaveFile = new java.io.File(((pathPrefix + java.lang.Integer.toString(counter)) + .png)): null

2018-12-12 16:36:18 - [TEST_STEP][PASSED] - Statement - counter = counter + 1: null

2018-12-12 16:36:18 - [TEST_STEP][PASSED] - Statement - PreSaveFile = new java.io.File(((pathPrefix + java.lang.Integer.toString(counter)) + .png)): null

2018-12-12 16:36:18 - [TEST_STEP][PASSED] - Statement - counter = counter + 1: null

2018-12-12 16:36:18 - [TEST_STEP][PASSED] - Statement - PreSaveFile = new java.io.File(((pathPrefix + java.lang.Integer.toString(counter)) + .png)): null

2018-12-12 16:36:18 - [TEST_STEP][PASSED] - Statement - counter = counter + 1: null

2018-12-12 16:36:18 - [TEST_STEP][PASSED] - Statement - PreSaveFile = new java.io.File(((pathPrefix + java.lang.Integer.toString(counter)) + .png)): null

2018-12-12 16:36:18 - [TEST_STEP][PASSED] - Statement - counter = counter + 1: null

2018-12-12 16:36:18 - [TEST_STEP][PASSED] - Statement - PreSaveFile = new java.io.File(((pathPrefix + java.lang.Integer.toString(counter)) + .png)): null

2018-12-12 16:36:18 - [TEST_STEP][PASSED] - Statement - counter = counter + 1: null

2018-12-12 16:36:18 - [TEST_STEP][PASSED] - Statement - PreSaveFile = new java.io.File(((pathPrefix + java.lang.Integer.toString(counter)) + .png)): null

2018-12-12 16:36:18 - [TEST_STEP][PASSED] - Statement - counter = counter + 1: null

2018-12-12 16:36:18 - [TEST_STEP][PASSED] - Statement - PreSaveFile = new java.io.File(((pathPrefix + java.lang.Integer.toString(counter)) + .png)): null

2018-12-12 16:36:18 - [TEST_STEP][PASSED] - Statement - counter = counter + 1: null

2018-12-12 16:36:18 - [TEST_STEP][PASSED] - Statement - PreSaveFile = new java.io.File(((pathPrefix + java.lang.Integer.toString(counter)) + .png)): null

2018-12-12 16:36:18 - [TEST_STEP][PASSED] - Statement - counter = counter + 1: null

2018-12-12 16:36:18 - [TEST_STEP][PASSED] - Statement - PreSaveFile = new java.io.File(((pathPrefix + java.lang.Integer.toString(counter)) + .png)): null

2018-12-12 16:36:18 - [TEST_STEP][PASSED] - Statement - counter = counter + 1: null

2018-12-12 16:36:18 - [TEST_STEP][PASSED] - Statement - PreSaveFile = new java.io.File(((pathPrefix + java.lang.Integer.toString(counter)) + .png)): null

2018-12-12 16:36:18 - [TEST_STEP][PASSED] - Statement - counter = counter + 1: null

2018-12-12 16:36:18 - [TEST_STEP][PASSED] - Statement - PreSaveFile = new java.io.File(((pathPrefix + java.lang.Integer.toString(counter)) + .png)): null

2018-12-12 16:36:18 - [TEST_STEP][PASSED] - Statement - counter = counter + 1: null

2018-12-12 16:36:18 - [TEST_STEP][PASSED] - Statement - PreSaveFile = new java.io.File(((pathPrefix + java.lang.Integer.toString(counter)) + .png)): null

2018-12-12 16:36:18 - [TEST_STEP][PASSED] - Statement - counter = counter + 1: null

2018-12-12 16:36:18 - [TEST_STEP][PASSED] - Statement - PreSaveFile = new java.io.File(((pathPrefix + java.lang.Integer.toString(counter)) + .png)): null

2018-12-12 16:36:18 - [TEST_STEP][PASSED] - Statement - counter = counter + 1: null

2018-12-12 16:36:18 - [TEST_STEP][PASSED] - Statement - PreSaveFile = new java.io.File(((pathPrefix + java.lang.Integer.toString(counter)) + .png)): null

2018-12-12 16:36:18 - [TEST_STEP][PASSED] - Statement - counter = counter + 1: null

2018-12-12 16:36:18 - [TEST_STEP][PASSED] - Statement - PreSaveFile = new java.io.File(((pathPrefix + java.lang.Integer.toString(counter)) + .png)): null

2018-12-12 16:36:18 - [TEST_STEP][PASSED] - Statement - counter = counter + 1: null

2018-12-12 16:36:18 - [TEST_STEP][PASSED] - Statement - PreSaveFile = new java.io.File(((pathPrefix + java.lang.Integer.toString(counter)) + .png)): null

2018-12-12 16:36:18 - [TEST_STEP][PASSED] - Statement - counter = counter + 1: null

2018-12-12 16:36:18 - [TEST_STEP][PASSED] - Statement - PreSaveFile = new java.io.File(((pathPrefix + java.lang.Integer.toString(counter)) + .png)): null

2018-12-12 16:36:18 - [TEST_STEP][PASSED] - Statement - counter = counter + 1: null

2018-12-12 16:36:18 - [TEST_STEP][PASSED] - Statement - PreSaveFile = new java.io.File(((pathPrefix + java.lang.Integer.toString(counter)) + .png)): null

2018-12-12 16:36:18 - [TEST_STEP][PASSED] - Statement - counter = counter + 1: null

2018-12-12 16:36:18 - [TEST_STEP][PASSED] - Statement - PreSaveFile = new java.io.File(((pathPrefix + java.lang.Integer.toString(counter)) + .png)): null

2018-12-12 16:36:18 - [TEST_STEP][PASSED] - Statement - counter = counter + 1: null

2018-12-12 16:36:18 - [TEST_STEP][PASSED] - Statement - PreSaveFile = new java.io.File(((pathPrefix + java.lang.Integer.toString(counter)) + .png)): null

2018-12-12 16:36:18 - [TEST_STEP][PASSED] - Statement - counter = counter + 1: null

2018-12-12 16:36:18 - [TEST_STEP][PASSED] - Statement - PreSaveFile = new java.io.File(((pathPrefix + java.lang.Integer.toString(counter)) + .png)): null

2018-12-12 16:36:18 - [TEST_STEP][PASSED] - Statement - counter = counter + 1: null

2018-12-12 16:36:18 - [TEST_STEP][PASSED] - Statement - PreSaveFile = new java.io.File(((pathPrefix + java.lang.Integer.toString(counter)) + .png)): null

2018-12-12 16:36:18 - [TEST_STEP][PASSED] - Statement - counter = counter + 1: null

2018-12-12 16:36:18 - [TEST_STEP][PASSED] - Statement - PreSaveFile = new java.io.File(((pathPrefix + java.lang.Integer.toString(counter)) + .png)): null

2018-12-12 16:36:18 - [TEST_STEP][PASSED] - Statement - counter = counter + 1: null

2018-12-12 16:36:18 - [TEST_STEP][PASSED] - Statement - PreSaveFile = new java.io.File(((pathPrefix + java.lang.Integer.toString(counter)) + .png)): null

2018-12-12 16:36:18 - [TEST_STEP][PASSED] - Statement - counter = counter + 1: null

2018-12-12 16:36:18 - [TEST_STEP][PASSED] - Statement - PreSaveFile = new java.io.File(((pathPrefix + java.lang.Integer.toString(counter)) + .png)): null

2018-12-12 16:36:18 - [TEST_STEP][PASSED] - Statement - counter = counter + 1: null

2018-12-12 16:36:18 - [TEST_STEP][PASSED] - Statement - PreSaveFile = new java.io.File(((pathPrefix + java.lang.Integer.toString(counter)) + .png)): null

2018-12-12 16:36:18 - [TEST_STEP][PASSED] - Statement - counter = counter + 1: null

2018-12-12 16:36:18 - [TEST_STEP][PASSED] - Statement - PreSaveFile = new java.io.File(((pathPrefix + java.lang.Integer.toString(counter)) + .png)): null

2018-12-12 16:36:18 - [TEST_STEP][PASSED] - Statement - counter = counter + 1: null

2018-12-12 16:36:18 - [TEST_STEP][PASSED] - Statement - PreSaveFile = new java.io.File(((pathPrefix + java.lang.Integer.toString(counter)) + .png)): null

2018-12-12 16:36:18 - [TEST_STEP][PASSED] - Statement - counter = counter + 1: null

2018-12-12 16:36:18 - [TEST_STEP][PASSED] - Statement - PreSaveFile = new java.io.File(((pathPrefix + java.lang.Integer.toString(counter)) + .png)): null

2018-12-12 16:36:18 - [TEST_STEP][PASSED] - Statement - counter = counter + 1: null

2018-12-12 16:36:18 - [TEST_STEP][PASSED] - Statement - PreSaveFile = new java.io.File(((pathPrefix + java.lang.Integer.toString(counter)) + .png)): null

2018-12-12 16:36:18 - [TEST_STEP][PASSED] - Statement - counter = counter + 1: null

2018-12-12 16:36:18 - [TEST_STEP][PASSED] - Statement - PreSaveFile = new java.io.File(((pathPrefix + java.lang.Integer.toString(counter)) + .png)): null

2018-12-12 16:36:18 - [TEST_STEP][PASSED] - Statement - counter = counter + 1: null

2018-12-12 16:36:18 - [TEST_STEP][PASSED] - Statement - PreSaveFile = new java.io.File(((pathPrefix + java.lang.Integer.toString(counter)) + .png)): null

2018-12-12 16:36:18 - [TEST_STEP][PASSED] - Statement - counter = counter + 1: null

2018-12-12 16:36:18 - [TEST_STEP][PASSED] - Statement - PreSaveFile = new java.io.File(((pathPrefix + java.lang.Integer.toString(counter)) + .png)): null

2018-12-12 16:36:18 - [TEST_STEP][PASSED] - Statement - counter = counter + 1: null

2018-12-12 16:36:18 - [TEST_STEP][PASSED] - Statement - PreSaveFile = new java.io.File(((pathPrefix + java.lang.Integer.toString(counter)) + .png)): null

2018-12-12 16:36:18 - [TEST_STEP][PASSED] - Statement - counter = counter + 1: null

2018-12-12 16:36:18 - [TEST_STEP][PASSED] - Statement - PreSaveFile = new java.io.File(((pathPrefix + java.lang.Integer.toString(counter)) + .png)): null

2018-12-12 16:36:18 - [TEST_STEP][PASSED] - Statement - counter = counter + 1: null

2018-12-12 16:36:18 - [TEST_STEP][PASSED] - Statement - PreSaveFile = new java.io.File(((pathPrefix + java.lang.Integer.toString(counter)) + .png)): null

2018-12-12 16:36:18 - [TEST_STEP][PASSED] - Statement - counter = counter + 1: null

2018-12-12 16:36:18 - [TEST_STEP][PASSED] - Statement - PreSaveFile = new java.io.File(((pathPrefix + java.lang.Integer.toString(counter)) + .png)): null

2018-12-12 16:36:18 - [TEST_STEP][PASSED] - Statement - counter = counter + 1: null

2018-12-12 16:36:18 - [TEST_STEP][PASSED] - Statement - PreSaveFile = new java.io.File(((pathPrefix + java.lang.Integer.toString(counter)) + .png)): null

2018-12-12 16:36:18 - [TEST_STEP][PASSED] - Statement - counter = counter + 1: null

2018-12-12 16:36:18 - [TEST_STEP][PASSED] - Statement - PreSaveFile = new java.io.File(((pathPrefix + java.lang.Integer.toString(counter)) + .png)): null

2018-12-12 16:36:18 - [TEST_STEP][PASSED] - Statement - counter = counter + 1: null

2018-12-12 16:36:18 - [TEST_STEP][PASSED] - Statement - PreSaveFile = new java.io.File(((pathPrefix + java.lang.Integer.toString(counter)) + .png)): null

2018-12-12 16:36:18 - [TEST_STEP][PASSED] - Statement - counter = counter + 1: null

2018-12-12 16:36:18 - [TEST_STEP][PASSED] - Statement - PreSaveFile = new java.io.File(((pathPrefix + java.lang.Integer.toString(counter)) + .png)): null

2018-12-12 16:36:18 - [TEST_STEP][PASSED] - Statement - counter = counter + 1: null

2018-12-12 16:36:18 - [TEST_STEP][PASSED] - Statement - PreSaveFile = new java.io.File(((pathPrefix + java.lang.Integer.toString(counter)) + .png)): null

2018-12-12 16:36:18 - [TEST_STEP][PASSED] - Statement - counter = counter + 1: null

2018-12-12 16:36:18 - [TEST_STEP][PASSED] - Statement - PreSaveFile = new java.io.File(((pathPrefix + java.lang.Integer.toString(counter)) + .png)): null

2018-12-12 16:36:18 - [TEST_STEP][PASSED] - Statement - counter = counter + 1: null

2018-12-12 16:36:18 - [TEST_STEP][PASSED] - Statement - PreSaveFile = new java.io.File(((pathPrefix + java.lang.Integer.toString(counter)) + .png)): null

2018-12-12 16:36:18 - [TEST_STEP][PASSED] - Statement - counter = counter + 1: null

2018-12-12 16:36:18 - [TEST_STEP][PASSED] - Statement - PreSaveFile = new java.io.File(((pathPrefix + java.lang.Integer.toString(counter)) + .png)): null

2018-12-12 16:36:18 - [TEST_STEP][PASSED] - Statement - counter = counter + 1: null

2018-12-12 16:36:18 - [TEST_STEP][PASSED] - Statement - PreSaveFile = new java.io.File(((pathPrefix + java.lang.Integer.toString(counter)) + .png)): null

2018-12-12 16:36:18 - [TEST_STEP][PASSED] - Statement - counter = counter + 1: null

2018-12-12 16:36:18 - [TEST_STEP][PASSED] - Statement - PreSaveFile = new java.io.File(((pathPrefix + java.lang.Integer.toString(counter)) + .png)): null

2018-12-12 16:36:18 - [TEST_STEP][PASSED] - Statement - counter = counter + 1: null

2018-12-12 16:36:18 - [TEST_STEP][PASSED] - Statement - PreSaveFile = new java.io.File(((pathPrefix + java.lang.Integer.toString(counter)) + .png)): null

2018-12-12 16:36:18 - [TEST_STEP][PASSED] - Statement - counter = counter + 1: null

2018-12-12 16:36:18 - [TEST_STEP][PASSED] - Statement - PreSaveFile = new java.io.File(((pathPrefix + java.lang.Integer.toString(counter)) + .png)): null

2018-12-12 16:36:18 - [TEST_STEP][PASSED] - Statement - counter = counter + 1: null

2018-12-12 16:36:18 - [TEST_STEP][PASSED] - Statement - PreSaveFile = new java.io.File(((pathPrefix + java.lang.Integer.toString(counter)) + .png)): null

2018-12-12 16:36:18 - [TEST_STEP][PASSED] - Statement - counter = counter + 1: null

2018-12-12 16:36:18 - [TEST_STEP][PASSED] - Statement - PreSaveFile = new java.io.File(((pathPrefix + java.lang.Integer.toString(counter)) + .png)): null

2018-12-12 16:36:18 - [TEST_STEP][PASSED] - Statement - counter = counter + 1: null

2018-12-12 16:36:18 - [TEST_STEP][PASSED] - Statement - PreSaveFile = new java.io.File(((pathPrefix + java.lang.Integer.toString(counter)) + .png)): null

2018-12-12 16:36:18 - [TEST_STEP][PASSED] - Statement - counter = counter + 1: null

2018-12-12 16:36:18 - [TEST_STEP][PASSED] - Statement - PreSaveFile = new java.io.File(((pathPrefix + java.lang.Integer.toString(counter)) + .png)): null

2018-12-12 16:36:18 - [TEST_STEP][PASSED] - Statement - counter = counter + 1: null

2018-12-12 16:36:18 - [TEST_STEP][PASSED] - Statement - PreSaveFile = new java.io.File(((pathPrefix + java.lang.Integer.toString(counter)) + .png)): null

2018-12-12 16:36:18 - [TEST_STEP][PASSED] - Statement - counter = counter + 1: null

2018-12-12 16:36:18 - [TEST_STEP][PASSED] - Statement - PreSaveFile = new java.io.File(((pathPrefix + java.lang.Integer.toString(counter)) + .png)): null

2018-12-12 16:36:18 - [TEST_STEP][PASSED] - Statement - counter = counter + 1: null

2018-12-12 16:36:18 - [TEST_STEP][PASSED] - Statement - PreSaveFile = new java.io.File(((pathPrefix + java.lang.Integer.toString(counter)) + .png)): null

2018-12-12 16:36:18 - [TEST_STEP][PASSED] - Statement - counter = counter + 1: null

2018-12-12 16:36:18 - [TEST_STEP][PASSED] - Statement - PreSaveFile = new java.io.File(((pathPrefix + java.lang.Integer.toString(counter)) + .png)): null

2018-12-12 16:36:18 - [TEST_STEP][PASSED] - Statement - counter = counter + 1: null

2018-12-12 16:36:18 - [TEST_STEP][PASSED] - Statement - PreSaveFile = new java.io.File(((pathPrefix + java.lang.Integer.toString(counter)) + .png)): null

2018-12-12 16:36:18 - [TEST_STEP][PASSED] - Statement - counter = counter + 1: null

2018-12-12 16:36:18 - [TEST_STEP][PASSED] - Statement - PreSaveFile = new java.io.File(((pathPrefix + java.lang.Integer.toString(counter)) + .png)): null

2018-12-12 16:36:18 - [TEST_STEP][PASSED] - Statement - counter = counter + 1: null

2018-12-12 16:36:18 - [TEST_STEP][PASSED] - Statement - PreSaveFile = new java.io.File(((pathPrefix + java.lang.Integer.toString(counter)) + .png)): null

2018-12-12 16:36:18 - [TEST_STEP][PASSED] - Statement - counter = counter + 1: null

2018-12-12 16:36:18 - [TEST_STEP][PASSED] - Statement - PreSaveFile = new java.io.File(((pathPrefix + java.lang.Integer.toString(counter)) + .png)): null

2018-12-12 16:36:18 - [TEST_STEP][PASSED] - Statement - counter = counter + 1: null

2018-12-12 16:36:18 - [TEST_STEP][PASSED] - Statement - PreSaveFile = new java.io.File(((pathPrefix + java.lang.Integer.toString(counter)) + .png)): null

2018-12-12 16:36:18 - [TEST_STEP][PASSED] - Statement - counter = counter + 1: null

2018-12-12 16:36:18 - [TEST_STEP][PASSED] - Statement - PreSaveFile = new java.io.File(((pathPrefix + java.lang.Integer.toString(counter)) + .png)): null

2018-12-12 16:36:18 - [TEST_STEP][PASSED] - Statement - counter = counter + 1: null

2018-12-12 16:36:18 - [TEST_STEP][PASSED] - Statement - PreSaveFile = new java.io.File(((pathPrefix + java.lang.Integer.toString(counter)) + .png)): null

2018-12-12 16:36:18 - [TEST_STEP][PASSED] - Statement - counter = counter + 1: null

2018-12-12 16:36:18 - [TEST_STEP][PASSED] - Statement - PreSaveFile = new java.io.File(((pathPrefix + java.lang.Integer.toString(counter)) + .png)): null

2018-12-12 16:36:18 - [TEST_STEP][PASSED] - Statement - counter = counter + 1: null

2018-12-12 16:36:18 - [TEST_STEP][PASSED] - Statement - PreSaveFile = new java.io.File(((pathPrefix + java.lang.Integer.toString(counter)) + .png)): null

2018-12-12 16:36:18 - [TEST_STEP][PASSED] - Statement - counter = counter + 1: null

2018-12-12 16:36:18 - [TEST_STEP][PASSED] - Statement - PreSaveFile = new java.io.File(((pathPrefix + java.lang.Integer.toString(counter)) + .png)): null

2018-12-12 16:36:18 - [TEST_STEP][PASSED] - Statement - counter = counter + 1: null

2018-12-12 16:36:18 - [TEST_STEP][PASSED] - Statement - PreSaveFile = new java.io.File(((pathPrefix + java.lang.Integer.toString(counter)) + .png)): null

2018-12-12 16:36:18 - [TEST_STEP][PASSED] - Statement - counter = counter + 1: null

2018-12-12 16:36:18 - [TEST_STEP][PASSED] - Statement - PreSaveFile = new java.io.File(((pathPrefix + java.lang.Integer.toString(counter)) + .png)): null

2018-12-12 16:36:18 - [TEST_STEP][PASSED] - Statement - counter = counter + 1: null

2018-12-12 16:36:18 - [TEST_STEP][PASSED] - Statement - PreSaveFile = new java.io.File(((pathPrefix + java.lang.Integer.toString(counter)) + .png)): null

2018-12-12 16:36:18 - [TEST_STEP][PASSED] - Statement - counter = counter + 1: null

2018-12-12 16:36:18 - [TEST_STEP][PASSED] - Statement - PreSaveFile = new java.io.File(((pathPrefix + java.lang.Integer.toString(counter)) + .png)): null

2018-12-12 16:36:18 - [TEST_STEP][PASSED] - Statement - counter = counter + 1: null

2018-12-12 16:36:18 - [TEST_STEP][PASSED] - Statement - PreSaveFile = new java.io.File(((pathPrefix + java.lang.Integer.toString(counter)) + .png)): null

2018-12-12 16:36:18 - [TEST_STEP][PASSED] - Statement - counter = counter + 1: null

2018-12-12 16:36:18 - [TEST_STEP][PASSED] - Statement - PreSaveFile = new java.io.File(((pathPrefix + java.lang.Integer.toString(counter)) + .png)): null

2018-12-12 16:36:18 - [TEST_STEP][PASSED] - Statement - counter = counter + 1: null

2018-12-12 16:36:18 - [TEST_STEP][PASSED] - Statement - PreSaveFile = new java.io.File(((pathPrefix + java.lang.Integer.toString(counter)) + .png)): null

2018-12-12 16:36:18 - [TEST_STEP][PASSED] - Statement - counter = counter + 1: null

2018-12-12 16:36:18 - [TEST_STEP][PASSED] - Statement - PreSaveFile = new java.io.File(((pathPrefix + java.lang.Integer.toString(counter)) + .png)): null

2018-12-12 16:36:18 - [TEST_STEP][PASSED] - Statement - counter = counter + 1: null

2018-12-12 16:36:18 - [TEST_STEP][PASSED] - Statement - PreSaveFile = new java.io.File(((pathPrefix + java.lang.Integer.toString(counter)) + .png)): null

2018-12-12 16:36:18 - [TEST_STEP][PASSED] - Statement - counter = counter + 1: null

2018-12-12 16:36:18 - [TEST_STEP][PASSED] - Statement - PreSaveFile = new java.io.File(((pathPrefix + java.lang.Integer.toString(counter)) + .png)): null

2018-12-12 16:36:18 - [TEST_STEP][PASSED] - Statement - counter = counter + 1: null

2018-12-12 16:36:18 - [TEST_STEP][PASSED] - Statement - PreSaveFile = new java.io.File(((pathPrefix + java.lang.Integer.toString(counter)) + .png)): null

2018-12-12 16:36:18 - [TEST_STEP][PASSED] - Statement - counter = counter + 1: null

2018-12-12 16:36:18 - [TEST_STEP][PASSED] - Statement - PreSaveFile = new java.io.File(((pathPrefix + java.lang.Integer.toString(counter)) + .png)): null

2018-12-12 16:36:18 - [TEST_STEP][PASSED] - Statement - counter = counter + 1: null

2018-12-12 16:36:18 - [TEST_STEP][PASSED] - Statement - PreSaveFile = new java.io.File(((pathPrefix + java.lang.Integer.toString(counter)) + .png)): null

2018-12-12 16:36:18 - [TEST_STEP][PASSED] - Statement - counter = counter + 1: null

2018-12-12 16:36:18 - [TEST_STEP][PASSED] - Statement - PreSaveFile = new java.io.File(((pathPrefix + java.lang.Integer.toString(counter)) + .png)): null

2018-12-12 16:36:18 - [TEST_STEP][PASSED] - Statement - counter = counter + 1: null

2018-12-12 16:36:18 - [TEST_STEP][PASSED] - Statement - PreSaveFile = new java.io.File(((pathPrefix + java.lang.Integer.toString(counter)) + .png)): null

2018-12-12 16:36:18 - [TEST_STEP][PASSED] - Statement - counter = counter + 1: null

2018-12-12 16:36:18 - [TEST_STEP][PASSED] - Statement - PreSaveFile = new java.io.File(((pathPrefix + java.lang.Integer.toString(counter)) + .png)): null

2018-12-12 16:36:18 - [TEST_STEP][PASSED] - Statement - counter = counter + 1: null

2018-12-12 16:36:18 - [TEST_STEP][PASSED] - Statement - PreSaveFile = new java.io.File(((pathPrefix + java.lang.Integer.toString(counter)) + .png)): null

2018-12-12 16:36:18 - [TEST_STEP][PASSED] - Statement - counter = counter + 1: null

2018-12-12 16:36:18 - [TEST_STEP][PASSED] - Statement - PreSaveFile = new java.io.File(((pathPrefix + java.lang.Integer.toString(counter)) + .png)): null

2018-12-12 16:36:18 - [TEST_STEP][PASSED] - Statement - counter = counter + 1: null

2018-12-12 16:36:18 - [TEST_STEP][PASSED] - Statement - PreSaveFile = new java.io.File(((pathPrefix + java.lang.Integer.toString(counter)) + .png)): null

2018-12-12 16:36:18 - [TEST_STEP][PASSED] - Statement - counter = counter + 1: null

2018-12-12 16:36:18 - [TEST_STEP][PASSED] - Statement - PreSaveFile = new java.io.File(((pathPrefix + java.lang.Integer.toString(counter)) + .png)): null

2018-12-12 16:36:18 - [TEST_STEP][PASSED] - Statement - counter = counter + 1: null

2018-12-12 16:36:18 - [TEST_STEP][PASSED] - Statement - PreSaveFile = new java.io.File(((pathPrefix + java.lang.Integer.toString(counter)) + .png)): null

2018-12-12 16:36:18 - [TEST_STEP][PASSED] - Statement - counter = counter + 1: null

2018-12-12 16:36:18 - [TEST_STEP][PASSED] - Statement - PreSaveFile = new java.io.File(((pathPrefix + java.lang.Integer.toString(counter)) + .png)): null

2018-12-12 16:36:18 - [TEST_STEP][PASSED] - Statement - counter = counter + 1: null

2018-12-12 16:36:18 - [TEST_STEP][PASSED] - Statement - PreSaveFile = new java.io.File(((pathPrefix + java.lang.Integer.toString(counter)) + .png)): null

2018-12-12 16:36:18 - [TEST_STEP][PASSED] - Statement - counter = counter + 1: null

2018-12-12 16:36:18 - [TEST_STEP][PASSED] - Statement - PreSaveFile = new java.io.File(((pathPrefix + java.lang.Integer.toString(counter)) + .png)): null

2018-12-12 16:36:18 - [TEST_STEP][PASSED] - Statement - counter = counter + 1: null

2018-12-12 16:36:18 - [TEST_STEP][PASSED] - Statement - PreSaveFile = new java.io.File(((pathPrefix + java.lang.Integer.toString(counter)) + .png)): null

2018-12-12 16:36:18 - [TEST_STEP][PASSED] - Statement - counter = counter + 1: null

2018-12-12 16:36:18 - [TEST_STEP][PASSED] - Statement - PreSaveFile = new java.io.File(((pathPrefix + java.lang.Integer.toString(counter)) + .png)): null

2018-12-12 16:36:18 - [TEST_STEP][PASSED] - Statement - counter = counter + 1: null

2018-12-12 16:36:18 - [TEST_STEP][PASSED] - Statement - PreSaveFile = new java.io.File(((pathPrefix + java.lang.Integer.toString(counter)) + .png)): null

2018-12-12 16:36:18 - [TEST_STEP][PASSED] - Statement - counter = counter + 1: null

2018-12-12 16:36:18 - [TEST_STEP][PASSED] - Statement - PreSaveFile = new java.io.File(((pathPrefix + java.lang.Integer.toString(counter)) + .png)): null

2018-12-12 16:36:18 - [TEST_STEP][PASSED] - Statement - counter = counter + 1: null

2018-12-12 16:36:18 - [TEST_STEP][PASSED] - Statement - PreSaveFile = new java.io.File(((pathPrefix + java.lang.Integer.toString(counter)) + .png)): null

2018-12-12 16:36:18 - [TEST_STEP][PASSED] - Statement - counter = counter + 1: null

2018-12-12 16:36:18 - [TEST_STEP][PASSED] - Statement - PreSaveFile = new java.io.File(((pathPrefix + java.lang.Integer.toString(counter)) + .png)): null

2018-12-12 16:36:18 - [TEST_STEP][PASSED] - Statement - counter = counter + 1: null

2018-12-12 16:36:18 - [TEST_STEP][PASSED] - Statement - PreSaveFile = new java.io.File(((pathPrefix + java.lang.Integer.toString(counter)) + .png)): null

2018-12-12 16:36:18 - [TEST_STEP][PASSED] - Statement - counter = counter + 1: null

2018-12-12 16:36:18 - [TEST_STEP][PASSED] - Statement - PreSaveFile = new java.io.File(((pathPrefix + java.lang.Integer.toString(counter)) + .png)): null

2018-12-12 16:36:18 - [TEST_STEP][PASSED] - Statement - counter = counter + 1: null

2018-12-12 16:36:18 - [TEST_STEP][PASSED] - Statement - PreSaveFile = new java.io.File(((pathPrefix + java.lang.Integer.toString(counter)) + .png)): null

2018-12-12 16:36:18 - [TEST_STEP][PASSED] - Statement - counter = counter + 1: null

2018-12-12 16:36:18 - [TEST_STEP][PASSED] - Statement - PreSaveFile = new java.io.File(((pathPrefix + java.lang.Integer.toString(counter)) + .png)): null

2018-12-12 16:36:18 - [TEST_STEP][PASSED] - Statement - counter = counter + 1: null

2018-12-12 16:36:18 - [TEST_STEP][PASSED] - Statement - PreSaveFile = new java.io.File(((pathPrefix + java.lang.Integer.toString(counter)) + .png)): null

2018-12-12 16:36:18 - [TEST_STEP][PASSED] - Statement - counter = counter + 1: null

2018-12-12 16:36:18 - [TEST_STEP][PASSED] - Statement - PreSaveFile = new java.io.File(((pathPrefix + java.lang.Integer.toString(counter)) + .png)): null

2018-12-12 16:36:18 - [TEST_STEP][PASSED] - Statement - counter = counter + 1: null

2018-12-12 16:36:18 - [TEST_STEP][PASSED] - Statement - PreSaveFile = new java.io.File(((pathPrefix + java.lang.Integer.toString(counter)) + .png)): null

2018-12-12 16:36:18 - [TEST_STEP][PASSED] - Statement - counter = counter + 1: null

2018-12-12 16:36:18 - [TEST_STEP][PASSED] - Statement - PreSaveFile = new java.io.File(((pathPrefix + java.lang.Integer.toString(counter)) + .png)): null

2018-12-12 16:36:18 - [TEST_STEP][PASSED] - Statement - counter = counter + 1: null

2018-12-12 16:36:18 - [TEST_STEP][PASSED] - Statement - PreSaveFile = new java.io.File(((pathPrefix + java.lang.Integer.toString(counter)) + .png)): null

2018-12-12 16:36:18 - [TEST_STEP][PASSED] - Statement - counter = counter + 1: null

2018-12-12 16:36:18 - [TEST_STEP][PASSED] - Statement - PreSaveFile = new java.io.File(((pathPrefix + java.lang.Integer.toString(counter)) + .png)): null

2018-12-12 16:36:18 - [TEST_STEP][PASSED] - Statement - counter = counter + 1: null

2018-12-12 16:36:18 - [TEST_STEP][PASSED] - Statement - PreSaveFile = new java.io.File(((pathPrefix + java.lang.Integer.toString(counter)) + .png)): null

2018-12-12 16:36:18 - [TEST_STEP][PASSED] - Statement - counter = counter + 1: null

2018-12-12 16:36:18 - [TEST_STEP][PASSED] - Statement - PreSaveFile = new java.io.File(((pathPrefix + java.lang.Integer.toString(counter)) + .png)): null

2018-12-12 16:36:18 - [TEST_STEP][PASSED] - Statement - counter = counter + 1: null

2018-12-12 16:36:18 - [TEST_STEP][PASSED] - Statement - PreSaveFile = new java.io.File(((pathPrefix + java.lang.Integer.toString(counter)) + .png)): null

2018-12-12 16:36:18 - [TEST_STEP][PASSED] - Statement - counter = counter + 1: null

2018-12-12 16:36:18 - [TEST_STEP][PASSED] - Statement - PreSaveFile = new java.io.File(((pathPrefix + java.lang.Integer.toString(counter)) + .png)): null

2018-12-12 16:36:18 - [TEST_STEP][PASSED] - Statement - counter = counter + 1: null

2018-12-12 16:36:18 - [TEST_STEP][PASSED] - Statement - PreSaveFile = new java.io.File(((pathPrefix + java.lang.Integer.toString(counter)) + .png)): null

2018-12-12 16:36:18 - [TEST_STEP][PASSED] - Statement - counter = counter + 1: null

2018-12-12 16:36:18 - [TEST_STEP][PASSED] - Statement - PreSaveFile = new java.io.File(((pathPrefix + java.lang.Integer.toString(counter)) + .png)): null

2018-12-12 16:36:18 - [TEST_STEP][PASSED] - Statement - counter = counter + 1: null

2018-12-12 16:36:18 - [TEST_STEP][PASSED] - Statement - PreSaveFile = new java.io.File(((pathPrefix + java.lang.Integer.toString(counter)) + .png)): null

2018-12-12 16:36:18 - [TEST_STEP][PASSED] - Statement - counter = counter + 1: null

2018-12-12 16:36:18 - [TEST_STEP][PASSED] - Statement - PreSaveFile = new java.io.File(((pathPrefix + java.lang.Integer.toString(counter)) + .png)): null

2018-12-12 16:36:18 - [TEST_STEP][PASSED] - Statement - counter = counter + 1: null

2018-12-12 16:36:18 - [TEST_STEP][PASSED] - Statement - PreSaveFile = new java.io.File(((pathPrefix + java.lang.Integer.toString(counter)) + .png)): null

2018-12-12 16:36:18 - [TEST_STEP][PASSED] - Statement - counter = counter + 1: null

2018-12-12 16:36:18 - [TEST_STEP][PASSED] - Statement - PreSaveFile = new java.io.File(((pathPrefix + java.lang.Integer.toString(counter)) + .png)): null

2018-12-12 16:36:18 - [TEST_STEP][PASSED] - Statement - counter = counter + 1: null

2018-12-12 16:36:18 - [TEST_STEP][PASSED] - Statement - PreSaveFile = new java.io.File(((pathPrefix + java.lang.Integer.toString(counter)) + .png)): null

2018-12-12 16:36:18 - [TEST_STEP][PASSED] - Statement - counter = counter + 1: null

2018-12-12 16:36:18 - [TEST_STEP][PASSED] - Statement - PreSaveFile = new java.io.File(((pathPrefix + java.lang.Integer.toString(counter)) + .png)): null

2018-12-12 16:36:18 - [TEST_STEP][PASSED] - Statement - finalPath = pathPrefix + java.lang.Integer.toString(counter) + ".png": null

2018-12-12 16:36:18 - [TEST_STEP][PASSED] - Statement - SaveFile = new java.io.File(finalPath): null

2018-12-12 16:36:18 - [TEST_STEP][PASSED] - Statement - Try: null

2018-12-12 16:36:18 - [TEST_STEP][PASSED] - Statement - org.apache.commons.io.FileUtils.copyFile(scrFile, SaveFile): null

2018-12-12 16:36:18 - [TEST_STEP][PASSED] - Statement - out.println("file kept"): null

2018-12-12 16:36:18 - [TEST_STEP][PASSED] - delay: Delayed 10 second(s)

2018-12-12 16:36:28 - [MESSAGE][PASSED] - Delayed 10 second(s)

2018-12-12 16:36:28 - [MESSAGE][PASSED] - Call Test Case 'Test Cases/Final Aug 2018 - PKS Automation/Registration Module/New Registration/Submit and Screenshot/Submit Registration and Screenshot' successfully]]></system-out>
         <system-err><![CDATA[]]></system-err>
      </testcase>
      <testcase name="Test Cases/Final Aug 2018 - PKS Automation/Registration Module/Critical Path/New Registration/Sole Proprietor - Not Registered" classname="Test Cases/Final Aug 2018 - PKS Automation/Registration Module/Critical Path/New Registration/Sole Proprietor - Not Registered" status="PASSED">
         <system-out><![CDATA[2018-12-12 16:36:28 - [TEST_CASE][PASSED] - Test Cases/Final Aug 2018 - PKS Automation/Registration Module/Critical Path/New Registration/Sole Proprietor - Not Registered: Test Cases/Final Aug 2018 - PKS Automation/Registration Module/Critical Path/New Registration/Sole Proprietor - Not Registered

2018-12-12 16:36:28 - [TEST_STEP][PASSED] - callTestCase: Call Test Case 'Test Cases/Final Aug 2018 - PKS Automation/Registration Module/New Registration/Form 1/Form 1 - Sole Proprietor - Not Registered' successfully

2018-12-12 16:36:28 - [TEST_CASE][PASSED] - Test Cases/Final Aug 2018 - PKS Automation/Registration Module/New Registration/Form 1/Form 1 - Sole Proprietor - Not Registered: Test Cases/Final Aug 2018 - PKS Automation/Registration Module/New Registration/Form 1/Form 1 - Sole Proprietor - Not Registered

2018-12-12 16:36:29 - [TEST_STEP][PASSED] - openBrowser: Browser is opened with url: ''

2018-12-12 16:36:29 - [MESSAGE][WARNING] - A browser is already opened. Closing browser and opening a new one

2018-12-12 16:36:31 - [MESSAGE][PASSED] - Browser is opened with url: ''

2018-12-12 16:36:31 - [TEST_STEP][PASSED] - navigateToUrl: Navigate to 'https://assist2-uat.perkeso.gov.my/login' successfully

2018-12-12 16:36:32 - [MESSAGE][PASSED] - Navigate to 'https://assist2-uat.perkeso.gov.my/login' successfully

2018-12-12 16:36:32 - [TEST_STEP][PASSED] - setText: Text 'johorotc1@gmail.com' is set on object 'Object Repository/Final Object Repo/Login Page/Internal User/Email Address'

2018-12-12 16:36:33 - [MESSAGE][PASSED] - Text 'johorotc1@gmail.com' is set on object 'Object Repository/Final Object Repo/Login Page/Internal User/Email Address'

2018-12-12 16:36:33 - [TEST_STEP][PASSED] - click: Object: 'Object Repository/Final Object Repo/Login Page/Internal User/Next Button' is clicked on

2018-12-12 16:36:33 - [MESSAGE][PASSED] - Object: 'Object Repository/Final Object Repo/Login Page/Internal User/Next Button' is clicked on

2018-12-12 16:36:33 - [TEST_STEP][PASSED] - delay: Delayed 1 second(s)

2018-12-12 16:36:34 - [MESSAGE][PASSED] - Delayed 1 second(s)

2018-12-12 16:36:34 - [TEST_STEP][PASSED] - setEncryptedText: Text ****** has been set on object 'Object Repository/Final Object Repo/Login Page/Internal User/Password'

2018-12-12 16:36:34 - [MESSAGE][PASSED] - Text ****** has been set on object 'Object Repository/Final Object Repo/Login Page/Internal User/Password'

2018-12-12 16:36:34 - [TEST_STEP][PASSED] - click: Object: 'Object Repository/Final Object Repo/Login Page/Internal User/Login Button' is clicked on

2018-12-12 16:36:34 - [MESSAGE][PASSED] - Object: 'Object Repository/Final Object Repo/Login Page/Internal User/Login Button' is clicked on

2018-12-12 16:36:34 - [TEST_STEP][PASSED] - delay: Delayed 1 second(s)

2018-12-12 16:36:35 - [MESSAGE][PASSED] - Delayed 1 second(s)

2018-12-12 16:36:35 - [TEST_STEP][PASSED] - Statement - Try: Delayed 2 second(s)

2018-12-12 16:36:35 - [TEST_STEP][PASSED] - Statement - Checker = false: null

2018-12-12 16:36:35 - [TEST_STEP][PASSED] - Statement - Checker = com.kms.katalon.core.webui.keyword.WebUiBuiltInKeywords.verifyElementHasAttribute(com.kms.katalon.core.testobject.ObjectRepository.findTestObject(Final Object Repo/Landing Page/BM Detecting), "href", 20, OPTIONAL): Object 'Object Repository/Final Object Repo/Landing Page/BM Detecting' has attribute 'href'

2018-12-12 16:36:36 - [MESSAGE][PASSED] - Object 'Object Repository/Final Object Repo/Landing Page/BM Detecting' has attribute 'href'

2018-12-12 16:36:36 - [TEST_STEP][PASSED] - Statement - out.println(Checker): null

2018-12-12 16:36:36 - [TEST_STEP][PASSED] - Statement - If (Checker == false): null

2018-12-12 16:36:36 - [TEST_STEP][PASSED] - Statement - Else: null

2018-12-12 16:36:36 - [TEST_STEP][PASSED] - delay: Delayed 2 second(s)

2018-12-12 16:36:38 - [MESSAGE][PASSED] - Delayed 2 second(s)

2018-12-12 16:36:38 - [TEST_STEP][PASSED] - navigateToUrl: Navigate to 'https://assist2-uat.perkeso.gov.my/web/registration/registration' successfully

2018-12-12 16:36:40 - [MESSAGE][PASSED] - Navigate to 'https://assist2-uat.perkeso.gov.my/web/registration/registration' successfully

2018-12-12 16:36:40 - [TEST_STEP][PASSED] - click: Object: 'Object Repository/Final Object Repo/New Registration - Registration Module Pages/Form 1/AEC - No' is clicked on

2018-12-12 16:36:40 - [MESSAGE][PASSED] - Object: 'Object Repository/Final Object Repo/New Registration - Registration Module Pages/Form 1/AEC - No' is clicked on

2018-12-12 16:36:40 - [TEST_STEP][PASSED] - click: Object: 'Object Repository/Final Object Repo/New Registration - Registration Module Pages/Form 1/Business Entity' is clicked on

2018-12-12 16:36:40 - [MESSAGE][PASSED] - Object: 'Object Repository/Final Object Repo/New Registration - Registration Module Pages/Form 1/Business Entity' is clicked on

2018-12-12 16:36:40 - [TEST_STEP][PASSED] - click: Object: 'Object Repository/Final Object Repo/New Registration - Registration Module Pages/Form 1/Business Entity - Sole Proprietor ' is clicked on

2018-12-12 16:36:40 - [MESSAGE][PASSED] - Object: 'Object Repository/Final Object Repo/New Registration - Registration Module Pages/Form 1/Business Entity - Sole Proprietor ' is clicked on

2018-12-12 16:36:40 - [TEST_STEP][PASSED] - delay: Delayed 1 second(s)

2018-12-12 16:36:41 - [MESSAGE][PASSED] - Delayed 1 second(s)

2018-12-12 16:36:41 - [TEST_STEP][PASSED] - click: Object: 'Object Repository/Final Object Repo/New Registration - Registration Module Pages/Form 1/Sub Business Entity' is clicked on

2018-12-12 16:36:42 - [MESSAGE][PASSED] - Object: 'Object Repository/Final Object Repo/New Registration - Registration Module Pages/Form 1/Sub Business Entity' is clicked on

2018-12-12 16:36:42 - [TEST_STEP][PASSED] - click: Object: 'Object Repository/Final Object Repo/New Registration - Registration Module Pages/Form 1/Sub Business Entity - Not Registered' is clicked on

2018-12-12 16:36:42 - [MESSAGE][PASSED] - Object: 'Object Repository/Final Object Repo/New Registration - Registration Module Pages/Form 1/Sub Business Entity - Not Registered' is clicked on

2018-12-12 16:36:42 - [TEST_STEP][PASSED] - delay: Delayed 1 second(s)

2018-12-12 16:36:43 - [MESSAGE][PASSED] - Delayed 1 second(s)

2018-12-12 16:36:43 - [TEST_STEP][PASSED] - setText: Text '123' is set on object 'Object Repository/Final Object Repo/New Registration - Registration Module Pages/Form 1/Registration Number'

2018-12-12 16:36:43 - [MESSAGE][PASSED] - Text '123' is set on object 'Object Repository/Final Object Repo/New Registration - Registration Module Pages/Form 1/Registration Number'

2018-12-12 16:36:43 - [TEST_STEP][NOT_RUN] - click: NOT_RUN: click

2018-12-12 16:36:43 - [MESSAGE][NOT_RUN] - NOT_RUN: click

2018-12-12 16:36:43 - [TEST_STEP][PASSED] - click: Object: 'Object Repository/Final Object Repo/New Registration - Registration Module Pages/Form 1/Registered As a Branch - Yes' is clicked on

2018-12-12 16:36:43 - [MESSAGE][PASSED] - Object: 'Object Repository/Final Object Repo/New Registration - Registration Module Pages/Form 1/Registered As a Branch - Yes' is clicked on

2018-12-12 16:36:43 - [TEST_STEP][PASSED] - click: Object: 'Object Repository/Final Object Repo/New Registration - Registration Module Pages/Form 1/Acknowledgement' is clicked on

2018-12-12 16:36:43 - [MESSAGE][PASSED] - Object: 'Object Repository/Final Object Repo/New Registration - Registration Module Pages/Form 1/Acknowledgement' is clicked on

2018-12-12 16:36:43 - [TEST_STEP][PASSED] - setText: Text 'perkeso' is set on object 'Object Repository/Final Object Repo/New Registration - Registration Module Pages/Form 1/Industry name'

2018-12-12 16:36:44 - [MESSAGE][PASSED] - Text 'perkeso' is set on object 'Object Repository/Final Object Repo/New Registration - Registration Module Pages/Form 1/Industry name'

2018-12-12 16:36:44 - [TEST_STEP][PASSED] - setText: Text 'perkeso1' is set on object 'Object Repository/Final Object Repo/New Registration - Registration Module Pages/Form 1/Postal Address1'

2018-12-12 16:36:44 - [MESSAGE][PASSED] - Text 'perkeso1' is set on object 'Object Repository/Final Object Repo/New Registration - Registration Module Pages/Form 1/Postal Address1'

2018-12-12 16:36:44 - [TEST_STEP][PASSED] - setText: Text 'perkeso2' is set on object 'Object Repository/Final Object Repo/New Registration - Registration Module Pages/Form 1/Postal Address2'

2018-12-12 16:36:45 - [MESSAGE][PASSED] - Text 'perkeso2' is set on object 'Object Repository/Final Object Repo/New Registration - Registration Module Pages/Form 1/Postal Address2'

2018-12-12 16:36:45 - [TEST_STEP][PASSED] - setText: Text 'perkeso3' is set on object 'Object Repository/Final Object Repo/New Registration - Registration Module Pages/Form 1/Postal Address3'

2018-12-12 16:36:45 - [MESSAGE][PASSED] - Text 'perkeso3' is set on object 'Object Repository/Final Object Repo/New Registration - Registration Module Pages/Form 1/Postal Address3'

2018-12-12 16:36:45 - [TEST_STEP][PASSED] - click: Object: 'Object Repository/Final Object Repo/New Registration - Registration Module Pages/Form 1/State' is clicked on

2018-12-12 16:36:45 - [MESSAGE][PASSED] - Object: 'Object Repository/Final Object Repo/New Registration - Registration Module Pages/Form 1/State' is clicked on

2018-12-12 16:36:45 - [TEST_STEP][PASSED] - click: Object: 'Object Repository/Final Object Repo/New Registration - Registration Module Pages/Form 1/State - Johor' is clicked on

2018-12-12 16:36:45 - [MESSAGE][PASSED] - Object: 'Object Repository/Final Object Repo/New Registration - Registration Module Pages/Form 1/State - Johor' is clicked on

2018-12-12 16:36:45 - [TEST_STEP][PASSED] - delay: Delayed 2 second(s)

2018-12-12 16:36:47 - [MESSAGE][PASSED] - Delayed 2 second(s)

2018-12-12 16:36:47 - [TEST_STEP][PASSED] - click: Object: 'Object Repository/Final Object Repo/New Registration - Registration Module Pages/Form 1/City' is clicked on

2018-12-12 16:36:48 - [MESSAGE][PASSED] - Object: 'Object Repository/Final Object Repo/New Registration - Registration Module Pages/Form 1/City' is clicked on

2018-12-12 16:36:48 - [TEST_STEP][PASSED] - setText: Text 'joh' is set on object 'Object Repository/Final Object Repo/New Registration - Registration Module Pages/Form 1/Postcode - 810'

2018-12-12 16:36:48 - [MESSAGE][PASSED] - Text 'joh' is set on object 'Object Repository/Final Object Repo/New Registration - Registration Module Pages/Form 1/Postcode - 810'

2018-12-12 16:36:48 - [TEST_STEP][PASSED] - delay: Delayed 2 second(s)

2018-12-12 16:36:50 - [MESSAGE][PASSED] - Delayed 2 second(s)

2018-12-12 16:36:50 - [TEST_STEP][PASSED] - click: Object: 'Object Repository/Final Object Repo/New Registration - Registration Module Pages/Form 1/City - Johor Bharu' is clicked on

2018-12-12 16:36:50 - [MESSAGE][PASSED] - Object: 'Object Repository/Final Object Repo/New Registration - Registration Module Pages/Form 1/City - Johor Bharu' is clicked on

2018-12-12 16:36:50 - [TEST_STEP][PASSED] - delay: Delayed 1 second(s)

2018-12-12 16:36:51 - [MESSAGE][PASSED] - Delayed 1 second(s)

2018-12-12 16:36:51 - [TEST_STEP][PASSED] - click: Object: 'Object Repository/Final Object Repo/New Registration - Registration Module Pages/Form 1/Postcode' is clicked on

2018-12-12 16:36:51 - [MESSAGE][PASSED] - Object: 'Object Repository/Final Object Repo/New Registration - Registration Module Pages/Form 1/Postcode' is clicked on

2018-12-12 16:36:51 - [TEST_STEP][PASSED] - delay: Delayed 2 second(s)

2018-12-12 16:36:53 - [MESSAGE][PASSED] - Delayed 2 second(s)

2018-12-12 16:36:53 - [TEST_STEP][PASSED] - setText: Text '810' is set on object 'Object Repository/Final Object Repo/New Registration - Registration Module Pages/Form 1/Postcode - 810'

2018-12-12 16:36:53 - [MESSAGE][PASSED] - Text '810' is set on object 'Object Repository/Final Object Repo/New Registration - Registration Module Pages/Form 1/Postcode - 810'

2018-12-12 16:36:53 - [TEST_STEP][PASSED] - delay: Delayed 1 second(s)

2018-12-12 16:36:54 - [MESSAGE][PASSED] - Delayed 1 second(s)

2018-12-12 16:36:54 - [TEST_STEP][PASSED] - click: Object: 'Object Repository/Final Object Repo/New Registration - Registration Module Pages/Form 1/Postcode - 81000' is clicked on

2018-12-12 16:36:55 - [MESSAGE][PASSED] - Object: 'Object Repository/Final Object Repo/New Registration - Registration Module Pages/Form 1/Postcode - 81000' is clicked on

2018-12-12 16:36:55 - [TEST_STEP][PASSED] - delay: Delayed 1 second(s)

2018-12-12 16:36:56 - [MESSAGE][PASSED] - Delayed 1 second(s)

2018-12-12 16:36:56 - [TEST_STEP][PASSED] - setText: Text '100' is set on object 'Object Repository/Final Object Repo/New Registration - Registration Module Pages/Form 1/P.O.BOX'

2018-12-12 16:36:56 - [MESSAGE][PASSED] - Text '100' is set on object 'Object Repository/Final Object Repo/New Registration - Registration Module Pages/Form 1/P.O.BOX'

2018-12-12 16:36:56 - [TEST_STEP][PASSED] - setText: Text '100' is set on object 'Object Repository/Final Object Repo/New Registration - Registration Module Pages/Form 1/Locked Bag No'

2018-12-12 16:36:56 - [MESSAGE][PASSED] - Text '100' is set on object 'Object Repository/Final Object Repo/New Registration - Registration Module Pages/Form 1/Locked Bag No'

2018-12-12 16:36:56 - [TEST_STEP][PASSED] - click: Object: 'Object Repository/Final Object Repo/New Registration - Registration Module Pages/Form 1/SOCSO Office Location' is clicked on

2018-12-12 16:36:56 - [MESSAGE][PASSED] - Object: 'Object Repository/Final Object Repo/New Registration - Registration Module Pages/Form 1/SOCSO Office Location' is clicked on

2018-12-12 16:36:56 - [TEST_STEP][PASSED] - click: Object: 'Object Repository/Final Object Repo/New Registration - Registration Module Pages/Form 1/SOCSO Office Location - Pejabat PERKESO Negeri Johor' is clicked on

2018-12-12 16:36:57 - [MESSAGE][PASSED] - Object: 'Object Repository/Final Object Repo/New Registration - Registration Module Pages/Form 1/SOCSO Office Location - Pejabat PERKESO Negeri Johor' is clicked on

2018-12-12 16:36:57 - [TEST_STEP][PASSED] - delay: Delayed 1 second(s)

2018-12-12 16:36:58 - [MESSAGE][PASSED] - Delayed 1 second(s)

2018-12-12 16:36:58 - [TEST_STEP][PASSED] - check: Object 'Object Repository/Final Object Repo/New Registration - Registration Module Pages/Form 1/Indusrty Address Same As Postal Address' is checked

2018-12-12 16:36:58 - [MESSAGE][PASSED] - Object 'Object Repository/Final Object Repo/New Registration - Registration Module Pages/Form 1/Indusrty Address Same As Postal Address' is checked

2018-12-12 16:36:58 - [TEST_STEP][PASSED] - delay: Delayed 3 second(s)

2018-12-12 16:37:01 - [MESSAGE][PASSED] - Delayed 3 second(s)

2018-12-12 16:37:01 - [TEST_STEP][PASSED] - click: Object: 'Object Repository/Final Object Repo/New Registration - Registration Module Pages/Form 1/Indusry Address Same As Postal Address False' is clicked on

2018-12-12 16:37:01 - [MESSAGE][PASSED] - Object: 'Object Repository/Final Object Repo/New Registration - Registration Module Pages/Form 1/Indusry Address Same As Postal Address False' is clicked on

2018-12-12 16:37:01 - [TEST_STEP][PASSED] - delay: Delayed 1 second(s)

2018-12-12 16:37:02 - [MESSAGE][PASSED] - Delayed 1 second(s)

2018-12-12 16:37:02 - [TEST_STEP][PASSED] - setText: Text 'perkeso1' is set on object 'Object Repository/Final Object Repo/New Registration - Registration Module Pages/Form 1/Industry Address1'

2018-12-12 16:37:02 - [MESSAGE][PASSED] - Text 'perkeso1' is set on object 'Object Repository/Final Object Repo/New Registration - Registration Module Pages/Form 1/Industry Address1'

2018-12-12 16:37:02 - [TEST_STEP][PASSED] - setText: Text 'perkeso2' is set on object 'Object Repository/Final Object Repo/New Registration - Registration Module Pages/Form 1/Industry Address2'

2018-12-12 16:37:03 - [MESSAGE][PASSED] - Text 'perkeso2' is set on object 'Object Repository/Final Object Repo/New Registration - Registration Module Pages/Form 1/Industry Address2'

2018-12-12 16:37:03 - [TEST_STEP][PASSED] - setText: Text 'perkeso3' is set on object 'Object Repository/Final Object Repo/New Registration - Registration Module Pages/Form 1/Industry Address3'

2018-12-12 16:37:03 - [MESSAGE][PASSED] - Text 'perkeso3' is set on object 'Object Repository/Final Object Repo/New Registration - Registration Module Pages/Form 1/Industry Address3'

2018-12-12 16:37:03 - [TEST_STEP][PASSED] - click: Object: 'Object Repository/Final Object Repo/New Registration - Registration Module Pages/Form 1/Industry State' is clicked on

2018-12-12 16:37:04 - [MESSAGE][PASSED] - Object: 'Object Repository/Final Object Repo/New Registration - Registration Module Pages/Form 1/Industry State' is clicked on

2018-12-12 16:37:04 - [TEST_STEP][PASSED] - delay: Delayed 2 second(s)

2018-12-12 16:37:06 - [MESSAGE][PASSED] - Delayed 2 second(s)

2018-12-12 16:37:06 - [TEST_STEP][PASSED] - click: Object: 'Object Repository/Final Object Repo/New Registration - Registration Module Pages/Form 1/Industry State - Johor' is clicked on

2018-12-12 16:37:06 - [MESSAGE][PASSED] - Object: 'Object Repository/Final Object Repo/New Registration - Registration Module Pages/Form 1/Industry State - Johor' is clicked on

2018-12-12 16:37:06 - [TEST_STEP][PASSED] - delay: Delayed 2 second(s)

2018-12-12 16:37:08 - [MESSAGE][PASSED] - Delayed 2 second(s)

2018-12-12 16:37:08 - [TEST_STEP][PASSED] - click: Object: 'Object Repository/Final Object Repo/New Registration - Registration Module Pages/Form 1/Industry Ciry' is clicked on

2018-12-12 16:37:08 - [MESSAGE][PASSED] - Object: 'Object Repository/Final Object Repo/New Registration - Registration Module Pages/Form 1/Industry Ciry' is clicked on

2018-12-12 16:37:08 - [TEST_STEP][PASSED] - setText: Text 'joh' is set on object 'Object Repository/Final Object Repo/New Registration - Registration Module Pages/Form 1/Industry Ciry - joh'

2018-12-12 16:37:08 - [MESSAGE][PASSED] - Text 'joh' is set on object 'Object Repository/Final Object Repo/New Registration - Registration Module Pages/Form 1/Industry Ciry - joh'

2018-12-12 16:37:08 - [TEST_STEP][PASSED] - delay: Delayed 2 second(s)

2018-12-12 16:37:10 - [MESSAGE][PASSED] - Delayed 2 second(s)

2018-12-12 16:37:10 - [TEST_STEP][PASSED] - click: Object: 'Object Repository/Final Object Repo/New Registration - Registration Module Pages/Form 1/Industy State - Johor Bharu' is clicked on

2018-12-12 16:37:10 - [MESSAGE][PASSED] - Object: 'Object Repository/Final Object Repo/New Registration - Registration Module Pages/Form 1/Industy State - Johor Bharu' is clicked on

2018-12-12 16:37:10 - [TEST_STEP][PASSED] - delay: Delayed 1 second(s)

2018-12-12 16:37:11 - [MESSAGE][PASSED] - Delayed 1 second(s)

2018-12-12 16:37:11 - [TEST_STEP][PASSED] - click: Object: 'Object Repository/Final Object Repo/New Registration - Registration Module Pages/Form 1/Indusry PostCode' is clicked on

2018-12-12 16:37:12 - [MESSAGE][PASSED] - Object: 'Object Repository/Final Object Repo/New Registration - Registration Module Pages/Form 1/Indusry PostCode' is clicked on

2018-12-12 16:37:12 - [TEST_STEP][PASSED] - delay: Delayed 1 second(s)

2018-12-12 16:37:13 - [MESSAGE][PASSED] - Delayed 1 second(s)

2018-12-12 16:37:13 - [TEST_STEP][PASSED] - setText: Text '810' is set on object 'Object Repository/Final Object Repo/New Registration - Registration Module Pages/Form 1/Insutry Post Code - 810'

2018-12-12 16:37:13 - [MESSAGE][PASSED] - Text '810' is set on object 'Object Repository/Final Object Repo/New Registration - Registration Module Pages/Form 1/Insutry Post Code - 810'

2018-12-12 16:37:13 - [TEST_STEP][PASSED] - delay: Delayed 1 second(s)

2018-12-12 16:37:14 - [MESSAGE][PASSED] - Delayed 1 second(s)

2018-12-12 16:37:14 - [TEST_STEP][PASSED] - click: Object: 'Object Repository/Final Object Repo/New Registration - Registration Module Pages/Form 1/Insutry Post Code - 81000' is clicked on

2018-12-12 16:37:14 - [MESSAGE][PASSED] - Object: 'Object Repository/Final Object Repo/New Registration - Registration Module Pages/Form 1/Insutry Post Code - 81000' is clicked on

2018-12-12 16:37:14 - [TEST_STEP][PASSED] - delay: Delayed 1 second(s)

2018-12-12 16:37:15 - [MESSAGE][PASSED] - Delayed 1 second(s)

2018-12-12 16:37:15 - [TEST_STEP][PASSED] - setText: Text '100' is set on object 'Object Repository/Final Object Repo/New Registration - Registration Module Pages/Form 1/Industry P.O.BOX'

2018-12-12 16:37:15 - [MESSAGE][PASSED] - Text '100' is set on object 'Object Repository/Final Object Repo/New Registration - Registration Module Pages/Form 1/Industry P.O.BOX'

2018-12-12 16:37:15 - [TEST_STEP][PASSED] - setText: Text '100' is set on object 'Object Repository/Final Object Repo/New Registration - Registration Module Pages/Form 1/Industry Locked Bag No'

2018-12-12 16:37:15 - [MESSAGE][PASSED] - Text '100' is set on object 'Object Repository/Final Object Repo/New Registration - Registration Module Pages/Form 1/Industry Locked Bag No'

2018-12-12 16:37:15 - [TEST_STEP][PASSED] - setText: Text '123456789' is set on object 'Object Repository/Final Object Repo/New Registration - Registration Module Pages/Form 1/Telephone No'

2018-12-12 16:37:16 - [MESSAGE][PASSED] - Text '123456789' is set on object 'Object Repository/Final Object Repo/New Registration - Registration Module Pages/Form 1/Telephone No'

2018-12-12 16:37:16 - [TEST_STEP][PASSED] - setText: Text '123456789' is set on object 'Object Repository/Final Object Repo/New Registration - Registration Module Pages/Form 1/Mobile No'

2018-12-12 16:37:16 - [MESSAGE][PASSED] - Text '123456789' is set on object 'Object Repository/Final Object Repo/New Registration - Registration Module Pages/Form 1/Mobile No'

2018-12-12 16:37:16 - [TEST_STEP][PASSED] - setText: Text '123456789' is set on object 'Object Repository/Final Object Repo/New Registration - Registration Module Pages/Form 1/Fax No'

2018-12-12 16:37:17 - [MESSAGE][PASSED] - Text '123456789' is set on object 'Object Repository/Final Object Repo/New Registration - Registration Module Pages/Form 1/Fax No'

2018-12-12 16:37:17 - [TEST_STEP][PASSED] - click: Object: 'Object Repository/Final Object Repo/New Registration - Registration Module Pages/Form 1/Industry Code' is clicked on

2018-12-12 16:37:17 - [MESSAGE][PASSED] - Object: 'Object Repository/Final Object Repo/New Registration - Registration Module Pages/Form 1/Industry Code' is clicked on

2018-12-12 16:37:17 - [TEST_STEP][PASSED] - click: Object: 'Object Repository/Final Object Repo/New Registration - Registration Module Pages/Form 1/Indudustry Code - Crops and Animal' is clicked on

2018-12-12 16:37:17 - [MESSAGE][PASSED] - Object: 'Object Repository/Final Object Repo/New Registration - Registration Module Pages/Form 1/Indudustry Code - Crops and Animal' is clicked on

2018-12-12 16:37:17 - [TEST_STEP][PASSED] - delay: Delayed 1 second(s)

2018-12-12 16:37:18 - [MESSAGE][PASSED] - Delayed 1 second(s)

2018-12-12 16:37:18 - [TEST_STEP][PASSED] - click: Object: 'Object Repository/Final Object Repo/New Registration - Registration Module Pages/Form 1/Sub Industry Code List' is clicked on

2018-12-12 16:37:18 - [MESSAGE][PASSED] - Object: 'Object Repository/Final Object Repo/New Registration - Registration Module Pages/Form 1/Sub Industry Code List' is clicked on

2018-12-12 16:37:18 - [TEST_STEP][PASSED] - click: Object: 'Object Repository/Final Object Repo/New Registration - Registration Module Pages/Form 1/Sub Industry Code List - Growing of Maize' is clicked on

2018-12-12 16:37:19 - [MESSAGE][PASSED] - Object: 'Object Repository/Final Object Repo/New Registration - Registration Module Pages/Form 1/Sub Industry Code List - Growing of Maize' is clicked on

2018-12-12 16:37:19 - [TEST_STEP][PASSED] - setText: Text 'perkeso123@gmail.com' is set on object 'Object Repository/Final Object Repo/New Registration - Registration Module Pages/Form 1/Email'

2018-12-12 16:37:19 - [MESSAGE][PASSED] - Text 'perkeso123@gmail.com' is set on object 'Object Repository/Final Object Repo/New Registration - Registration Module Pages/Form 1/Email'

2018-12-12 16:37:19 - [TEST_STEP][PASSED] - click: Object: 'Object Repository/Final Object Repo/New Registration - Registration Module Pages/Form 1/Method of Contribution Payment' is clicked on

2018-12-12 16:37:20 - [MESSAGE][PASSED] - Object: 'Object Repository/Final Object Repo/New Registration - Registration Module Pages/Form 1/Method of Contribution Payment' is clicked on

2018-12-12 16:37:20 - [TEST_STEP][PASSED] - click: Object: 'Object Repository/Final Object Repo/New Registration - Registration Module Pages/Form 1/Method of Contribution Payment - Portal' is clicked on

2018-12-12 16:37:20 - [MESSAGE][PASSED] - Object: 'Object Repository/Final Object Repo/New Registration - Registration Module Pages/Form 1/Method of Contribution Payment - Portal' is clicked on

2018-12-12 16:37:20 - [TEST_STEP][PASSED] - click: Object: 'Object Repository/Final Object Repo/New Registration - Registration Module Pages/Form 1/Servide Type' is clicked on

2018-12-12 16:37:20 - [MESSAGE][PASSED] - Object: 'Object Repository/Final Object Repo/New Registration - Registration Module Pages/Form 1/Servide Type' is clicked on

2018-12-12 16:37:20 - [TEST_STEP][PASSED] - click: Object: 'Object Repository/Final Object Repo/New Registration - Registration Module Pages/Form 1/Servide Type - Professional Bodies' is clicked on

2018-12-12 16:37:20 - [MESSAGE][PASSED] - Object: 'Object Repository/Final Object Repo/New Registration - Registration Module Pages/Form 1/Servide Type - Professional Bodies' is clicked on

2018-12-12 16:37:20 - [TEST_STEP][PASSED] - click: Object: 'Object Repository/Final Object Repo/New Registration - Registration Module Pages/Form 1/Industry Venue' is clicked on

2018-12-12 16:37:20 - [MESSAGE][PASSED] - Object: 'Object Repository/Final Object Repo/New Registration - Registration Module Pages/Form 1/Industry Venue' is clicked on

2018-12-12 16:37:20 - [TEST_STEP][PASSED] - click: Object: 'Object Repository/Final Object Repo/New Registration - Registration Module Pages/Form 1/Industry Venue -  PPN JOHOR' is clicked on

2018-12-12 16:37:21 - [MESSAGE][PASSED] - Object: 'Object Repository/Final Object Repo/New Registration - Registration Module Pages/Form 1/Industry Venue -  PPN JOHOR' is clicked on

2018-12-12 16:37:21 - [TEST_STEP][PASSED] - click: Object: 'Object Repository/Final Object Repo/New Registration - Registration Module Pages/Form 1/Save  Continue' is clicked on

2018-12-12 16:37:21 - [MESSAGE][PASSED] - Object: 'Object Repository/Final Object Repo/New Registration - Registration Module Pages/Form 1/Save  Continue' is clicked on

2018-12-12 16:37:21 - [MESSAGE][PASSED] - Call Test Case 'Test Cases/Final Aug 2018 - PKS Automation/Registration Module/New Registration/Form 1/Form 1 - Sole Proprietor - Not Registered' successfully

2018-12-12 16:37:21 - [TEST_STEP][PASSED] - callTestCase: Call Test Case 'Test Cases/Final Aug 2018 - PKS Automation/Registration Module/New Registration/Form 2/Add 2 Eligible 2 Not Eligible' successfully

2018-12-12 16:37:21 - [TEST_CASE][PASSED] - Test Cases/Final Aug 2018 - PKS Automation/Registration Module/New Registration/Form 2/Add 2 Eligible 2 Not Eligible: Test Cases/Final Aug 2018 - PKS Automation/Registration Module/New Registration/Form 2/Add 2 Eligible 2 Not Eligible

2018-12-12 16:37:21 - [TEST_STEP][PASSED] - delay: Delayed 2 second(s)

2018-12-12 16:37:23 - [MESSAGE][PASSED] - Delayed 2 second(s)

2018-12-12 16:37:23 - [TEST_STEP][PASSED] - callTestCase: Call Test Case 'Test Cases/Final Aug 2018 - PKS Automation/Registration Module/New Registration/Form 2/Date Updater' successfully

2018-12-12 16:37:23 - [TEST_CASE][PASSED] - Test Cases/Final Aug 2018 - PKS Automation/Registration Module/New Registration/Form 2/Date Updater: Test Cases/Final Aug 2018 - PKS Automation/Registration Module/New Registration/Form 2/Date Updater

2018-12-12 16:37:23 - [TEST_STEP][PASSED] - Statement - TodayDate = new java.util.Date(): null

2018-12-12 16:37:23 - [TEST_STEP][PASSED] - Statement - CurrentDateNoFilter = new java.text.SimpleDateFormat(): null

2018-12-12 16:37:23 - [TEST_STEP][PASSED] - Statement - CurrentDateNoFilter.applyPattern("MM"): null

2018-12-12 16:37:23 - [TEST_STEP][PASSED] - Statement - monthContainerMatcher = java.lang.Integer.parseInt(CurrentDateNoFilter.format(TodayDate)): null

2018-12-12 16:37:23 - [TEST_STEP][PASSED] - Statement - monthContainerMatcher = monthContainerMatcher - 1: null

2018-12-12 16:37:23 - [TEST_STEP][PASSED] - Statement - CurrentMonth = monthContainerMatcher.toString(): null

2018-12-12 16:37:23 - [TEST_STEP][PASSED] - Statement - CurrentMonth = CurrentMonth: null

2018-12-12 16:37:23 - [TEST_STEP][PASSED] - Statement - CurrentDateNoFilter.applyPattern("yyyy"): null

2018-12-12 16:37:23 - [TEST_STEP][PASSED] - Statement - CurrentYear = CurrentDateNoFilter.format(TodayDate): null

2018-12-12 16:37:23 - [TEST_STEP][PASSED] - Statement - CurrentYear = CurrentYear: null

2018-12-12 16:37:23 - [TEST_STEP][PASSED] - Statement - intCurrentYear = java.lang.Integer.parseInt(CurrentDateNoFilter.format(TodayDate)): null

2018-12-12 16:37:23 - [TEST_STEP][PASSED] - Statement - eighteenYrsAgo = intCurrentYear - 18: null

2018-12-12 16:37:23 - [TEST_STEP][PASSED] - Statement - eighteenYrsBeforeThisYr = eighteenYrsAgo.toString(): null

2018-12-12 16:37:23 - [TEST_STEP][PASSED] - Statement - EighteenYrsBefore = eighteenYrsBeforeThisYr: null

2018-12-12 16:37:23 - [TEST_STEP][PASSED] - Statement - fiftysevenYrsAgo = intCurrentYear - 57: null

2018-12-12 16:37:23 - [TEST_STEP][PASSED] - Statement - fiftysevenYrsBeforeThisYr = fiftysevenYrsAgo.toString(): null

2018-12-12 16:37:23 - [TEST_STEP][PASSED] - Statement - FiftysevenYrsBefore = fiftysevenYrsBeforeThisYr: null

2018-12-12 16:37:23 - [TEST_STEP][PASSED] - Statement - leapYear = false: null

2018-12-12 16:37:23 - [TEST_STEP][PASSED] - Statement - leapYear = intCurrentYear % 4 == 0: null

2018-12-12 16:37:23 - [TEST_STEP][PASSED] - Statement - CurrentDateNoFilter.applyPattern("dd"): null

2018-12-12 16:37:23 - [TEST_STEP][PASSED] - Statement - CurrentDate = CurrentDateNoFilter.format(TodayDate): null

2018-12-12 16:37:23 - [TEST_STEP][PASSED] - Statement - CurrentDate = java.lang.Integer.parseInt(CurrentDate): null

2018-12-12 16:37:23 - [TEST_STEP][PASSED] - Statement - CurrentDate = CurrentDate: null

2018-12-12 16:37:23 - [TEST_STEP][PASSED] - Statement - CurrentDay = java.lang.Integer.parseInt(CurrentDate): null

2018-12-12 16:37:23 - [TEST_STEP][PASSED] - Statement - ConfAdder = <not implemented yet for class: org.codehaus.groovy.ast.expr.EmptyExpression>: null

2018-12-12 16:37:23 - [TEST_STEP][PASSED] - Statement - out.println(CurrentMonth): null

2018-12-12 16:37:23 - [TEST_STEP][PASSED] - Statement - out.println(CurrentDate): null

2018-12-12 16:37:23 - [TEST_STEP][PASSED] - Statement - switch (CurrentDate): null

2018-12-12 16:37:23 - [TEST_STEP][PASSED] - Statement - Default: null

2018-12-12 16:37:23 - [TEST_STEP][PASSED] - Statement - ConfAdder = true: null

2018-12-12 16:37:23 - [TEST_STEP][PASSED] - Statement - Break: null

2018-12-12 16:37:23 - [TEST_STEP][PASSED] - Statement - aDayBefore = <not implemented yet for class: org.codehaus.groovy.ast.expr.EmptyExpression>: null

2018-12-12 16:37:23 - [TEST_STEP][PASSED] - Statement - out.println(ConfAdder): null

2018-12-12 16:37:23 - [TEST_STEP][PASSED] - Statement - If (ConfAdder == true): null

2018-12-12 16:37:23 - [TEST_STEP][PASSED] - Statement - aDayBefore = CurrentDay + 1: null

2018-12-12 16:37:23 - [TEST_STEP][PASSED] - Statement - out.println(aDayBefore): null

2018-12-12 16:37:23 - [TEST_STEP][PASSED] - Statement - If (aDayBefore == 1 && CurrentMonth == 11): null

2018-12-12 16:37:23 - [TEST_STEP][PASSED] - Statement - DayBefore = aDayBefore.toString(): null

2018-12-12 16:37:23 - [TEST_STEP][PASSED] - Statement - OneDayBefore = DayBefore: null

2018-12-12 16:37:23 - [MESSAGE][PASSED] - Call Test Case 'Test Cases/Final Aug 2018 - PKS Automation/Registration Module/New Registration/Form 2/Date Updater' successfully

2018-12-12 16:37:23 - [TEST_STEP][PASSED] - delay: Delayed 1 second(s)

2018-12-12 16:37:24 - [MESSAGE][PASSED] - Delayed 1 second(s)

2018-12-12 16:37:24 - [TEST_STEP][PASSED] - Statement - CaseReferenceNo = com.kms.katalon.core.webui.keyword.WebUiBuiltInKeywords.getText(com.kms.katalon.core.testobject.ObjectRepository.findTestObject(Final Object Repo/New Registration - Registration Module Pages/Form 2/RefNo Acquiring)): Text of object 'Object Repository/Final Object Repo/New Registration - Registration Module Pages/Form 2/RefNo Acquiring' is: 'CRN12201800123215'

2018-12-12 16:37:24 - [MESSAGE][PASSED] - Text of object 'Object Repository/Final Object Repo/New Registration - Registration Module Pages/Form 2/RefNo Acquiring' is: 'CRN12201800123215'

2018-12-12 16:37:24 - [TEST_STEP][PASSED] - delay: Delayed 1 second(s)

2018-12-12 16:37:25 - [MESSAGE][PASSED] - Delayed 1 second(s)

2018-12-12 16:37:25 - [TEST_STEP][PASSED] - click: Object: 'Object Repository/Final Object Repo/New Registration - Registration Module Pages/Form 2/Add Employee Button' is clicked on

2018-12-12 16:37:25 - [MESSAGE][PASSED] - Object: 'Object Repository/Final Object Repo/New Registration - Registration Module Pages/Form 2/Add Employee Button' is clicked on

2018-12-12 16:37:25 - [TEST_STEP][PASSED] - delay: Delayed 4 second(s)

2018-12-12 16:37:29 - [MESSAGE][PASSED] - Delayed 4 second(s)

2018-12-12 16:37:29 - [TEST_STEP][PASSED] - setText: Text '010903091927' is set on object 'Object Repository/Final Object Repo/New Registration - Registration Module Pages/Form 2/NRIC Input'

2018-12-12 16:37:30 - [MESSAGE][PASSED] - Text '010903091927' is set on object 'Object Repository/Final Object Repo/New Registration - Registration Module Pages/Form 2/NRIC Input'

2018-12-12 16:37:30 - [TEST_STEP][PASSED] - click: Object: 'Object Repository/Final Object Repo/New Registration - Registration Module Pages/Form 2/button for search for IC' is clicked on

2018-12-12 16:37:30 - [MESSAGE][PASSED] - Object: 'Object Repository/Final Object Repo/New Registration - Registration Module Pages/Form 2/button for search for IC' is clicked on

2018-12-12 16:37:30 - [TEST_STEP][PASSED] - delay: Delayed 2 second(s)

2018-12-12 16:37:32 - [MESSAGE][PASSED] - Delayed 2 second(s)

2018-12-12 16:37:32 - [TEST_STEP][PASSED] - setText: Text 'Automate001 eligible 1' is set on object 'Object Repository/Final Object Repo/New Registration - Registration Module Pages/Form 2/Employee Name Input'

2018-12-12 16:37:32 - [MESSAGE][PASSED] - Text 'Automate001 eligible 1' is set on object 'Object Repository/Final Object Repo/New Registration - Registration Module Pages/Form 2/Employee Name Input'

2018-12-12 16:37:32 - [TEST_STEP][PASSED] - delay: Delayed 2 second(s)

2018-12-12 16:37:34 - [MESSAGE][PASSED] - Delayed 2 second(s)

2018-12-12 16:37:34 - [TEST_STEP][PASSED] - click: Object: 'Object Repository/Final Object Repo/New Registration - Registration Module Pages/Form 2/DatePicker Pop Up' is clicked on

2018-12-12 16:37:35 - [MESSAGE][PASSED] - Object: 'Object Repository/Final Object Repo/New Registration - Registration Module Pages/Form 2/DatePicker Pop Up' is clicked on

2018-12-12 16:37:35 - [TEST_STEP][PASSED] - click: Object: 'Object Repository/Final Object Repo/New Registration - Registration Module Pages/Form 2/DOB Month' is clicked on

2018-12-12 16:37:35 - [MESSAGE][PASSED] - Object: 'Object Repository/Final Object Repo/New Registration - Registration Module Pages/Form 2/DOB Month' is clicked on

2018-12-12 16:37:35 - [TEST_STEP][PASSED] - Statement - CurrentMonth = CurrentMonth: null

2018-12-12 16:37:35 - [TEST_STEP][PASSED] - Statement - selectMonth = new com.kms.katalon.core.testobject.TestObject(): null

2018-12-12 16:37:35 - [TEST_STEP][PASSED] - Statement - selectMonth.addProperty("xpath", EQUALS, "//body/div/div/div/select/option[@value='" + CurrentMonth + "']", true): null

2018-12-12 16:37:35 - [TEST_STEP][PASSED] - click: Object: '' is clicked on

2018-12-12 16:37:35 - [MESSAGE][PASSED] - Object: '' is clicked on

2018-12-12 16:37:35 - [TEST_STEP][PASSED] - click: Object: 'Object Repository/Final Object Repo/New Registration - Registration Module Pages/Form 2/DOB Year' is clicked on

2018-12-12 16:37:35 - [MESSAGE][PASSED] - Object: 'Object Repository/Final Object Repo/New Registration - Registration Module Pages/Form 2/DOB Year' is clicked on

2018-12-12 16:37:35 - [TEST_STEP][PASSED] - Statement - Eyearsbf = EighteenYrsBefore: null

2018-12-12 16:37:35 - [TEST_STEP][PASSED] - Statement - selectYear = new com.kms.katalon.core.testobject.TestObject(): null

2018-12-12 16:37:35 - [TEST_STEP][PASSED] - Statement - selectYear.addProperty("xpath", EQUALS, "//div/div/div/select/option[@value='" + Eyearsbf + "']", true): null

2018-12-12 16:37:35 - [TEST_STEP][PASSED] - click: Object: '' is clicked on

2018-12-12 16:37:35 - [MESSAGE][PASSED] - Object: '' is clicked on

2018-12-12 16:37:35 - [TEST_STEP][PASSED] - Statement - UpdatedSelectDate = com.kms.katalon.core.webui.keyword.WebUiBuiltInKeywords.modifyObjectProperty(com.kms.katalon.core.testobject.ObjectRepository.findTestObject(Final Object Repo/New Registration - Registration Module Pages/Form 2/DOB Date), "xpath", "equals", "//body/div/table/tbody/tr/td/a[text()="" + CurrentDate + ""]", true): Modify property of object successfully

2018-12-12 16:37:35 - [MESSAGE][PASSED] - Modify property of object successfully

2018-12-12 16:37:35 - [TEST_STEP][PASSED] - delay: Delayed 3 second(s)

2018-12-12 16:37:38 - [MESSAGE][PASSED] - Delayed 3 second(s)

2018-12-12 16:37:38 - [TEST_STEP][PASSED] - click: Object: 'Object Repository/Final Object Repo/New Registration - Registration Module Pages/Form 2/DOB Date' is clicked on

2018-12-12 16:37:38 - [MESSAGE][PASSED] - Object: 'Object Repository/Final Object Repo/New Registration - Registration Module Pages/Form 2/DOB Date' is clicked on

2018-12-12 16:37:38 - [TEST_STEP][PASSED] - delay: Delayed 2 second(s)

2018-12-12 16:37:40 - [MESSAGE][PASSED] - Delayed 2 second(s)

2018-12-12 16:37:40 - [TEST_STEP][PASSED] - click: Object: 'Object Repository/Final Object Repo/New Registration - Registration Module Pages/Form 2/EmploymentStartDate Pop Up' is clicked on

2018-12-12 16:37:41 - [MESSAGE][PASSED] - Object: 'Object Repository/Final Object Repo/New Registration - Registration Module Pages/Form 2/EmploymentStartDate Pop Up' is clicked on

2018-12-12 16:37:41 - [TEST_STEP][PASSED] - delay: Delayed 2 second(s)

2018-12-12 16:37:43 - [MESSAGE][PASSED] - Delayed 2 second(s)

2018-12-12 16:37:43 - [TEST_STEP][PASSED] - click: Object: 'Object Repository/Final Object Repo/New Registration - Registration Module Pages/Form 2/Socso Employment StartDate Month' is clicked on

2018-12-12 16:37:43 - [MESSAGE][PASSED] - Object: 'Object Repository/Final Object Repo/New Registration - Registration Module Pages/Form 2/Socso Employment StartDate Month' is clicked on

2018-12-12 16:37:43 - [TEST_STEP][PASSED] - delay: Delayed 1 second(s)

2018-12-12 16:37:44 - [MESSAGE][PASSED] - Delayed 1 second(s)

2018-12-12 16:37:44 - [TEST_STEP][PASSED] - click: Object: 'Object Repository/Final Object Repo/New Registration - Registration Module Pages/Form 2/Select Socso Employement Startdate Month' is clicked on

2018-12-12 16:37:44 - [MESSAGE][PASSED] - Object: 'Object Repository/Final Object Repo/New Registration - Registration Module Pages/Form 2/Select Socso Employement Startdate Month' is clicked on

2018-12-12 16:37:44 - [TEST_STEP][PASSED] - delay: Delayed 2 second(s)

2018-12-12 16:37:46 - [MESSAGE][PASSED] - Delayed 2 second(s)

2018-12-12 16:37:46 - [TEST_STEP][PASSED] - click: Object: 'Object Repository/Final Object Repo/New Registration - Registration Module Pages/Form 2/Socso Employment StartDate Year' is clicked on

2018-12-12 16:37:46 - [MESSAGE][PASSED] - Object: 'Object Repository/Final Object Repo/New Registration - Registration Module Pages/Form 2/Socso Employment StartDate Year' is clicked on

2018-12-12 16:37:46 - [TEST_STEP][PASSED] - delay: Delayed 1 second(s)

2018-12-12 16:37:47 - [MESSAGE][PASSED] - Delayed 1 second(s)

2018-12-12 16:37:47 - [TEST_STEP][PASSED] - click: Object: 'Object Repository/Final Object Repo/New Registration - Registration Module Pages/Form 2/Select Socso Employment Startdate Year' is clicked on

2018-12-12 16:37:47 - [MESSAGE][PASSED] - Object: 'Object Repository/Final Object Repo/New Registration - Registration Module Pages/Form 2/Select Socso Employment Startdate Year' is clicked on

2018-12-12 16:37:47 - [TEST_STEP][PASSED] - delay: Delayed 2 second(s)

2018-12-12 16:37:49 - [MESSAGE][PASSED] - Delayed 2 second(s)

2018-12-12 16:37:49 - [TEST_STEP][PASSED] - click: Object: 'Object Repository/Final Object Repo/New Registration - Registration Module Pages/Form 2/Socso Employment Start Date Day' is clicked on

2018-12-12 16:37:49 - [MESSAGE][PASSED] - Object: 'Object Repository/Final Object Repo/New Registration - Registration Module Pages/Form 2/Socso Employment Start Date Day' is clicked on

2018-12-12 16:37:49 - [TEST_STEP][PASSED] - delay: Delayed 2 second(s)

2018-12-12 16:37:51 - [MESSAGE][PASSED] - Delayed 2 second(s)

2018-12-12 16:37:51 - [TEST_STEP][PASSED] - click: Object: 'Object Repository/Final Object Repo/New Registration - Registration Module Pages/Form 2/Save Button for Add Employee' is clicked on

2018-12-12 16:37:52 - [MESSAGE][PASSED] - Object: 'Object Repository/Final Object Repo/New Registration - Registration Module Pages/Form 2/Save Button for Add Employee' is clicked on

2018-12-12 16:37:52 - [TEST_STEP][PASSED] - delay: Delayed 6 second(s)

2018-12-12 16:37:58 - [MESSAGE][PASSED] - Delayed 6 second(s)

2018-12-12 16:37:58 - [TEST_STEP][PASSED] - click: Object: 'Object Repository/Final Object Repo/New Registration - Registration Module Pages/Form 2/Add Employee Button' is clicked on

2018-12-12 16:37:58 - [MESSAGE][PASSED] - Object: 'Object Repository/Final Object Repo/New Registration - Registration Module Pages/Form 2/Add Employee Button' is clicked on

2018-12-12 16:37:58 - [TEST_STEP][PASSED] - delay: Delayed 4 second(s)

2018-12-12 16:38:02 - [MESSAGE][PASSED] - Delayed 4 second(s)

2018-12-12 16:38:02 - [TEST_STEP][PASSED] - setText: Text '620904059691' is set on object 'Object Repository/Final Object Repo/New Registration - Registration Module Pages/Form 2/NRIC Input'

2018-12-12 16:38:02 - [MESSAGE][PASSED] - Text '620904059691' is set on object 'Object Repository/Final Object Repo/New Registration - Registration Module Pages/Form 2/NRIC Input'

2018-12-12 16:38:02 - [TEST_STEP][PASSED] - click: Object: 'Object Repository/Final Object Repo/New Registration - Registration Module Pages/Form 2/button for search for IC' is clicked on

2018-12-12 16:38:02 - [MESSAGE][PASSED] - Object: 'Object Repository/Final Object Repo/New Registration - Registration Module Pages/Form 2/button for search for IC' is clicked on

2018-12-12 16:38:02 - [TEST_STEP][PASSED] - delay: Delayed 2 second(s)

2018-12-12 16:38:04 - [MESSAGE][PASSED] - Delayed 2 second(s)

2018-12-12 16:38:04 - [TEST_STEP][PASSED] - setText: Text 'Automate001 eligible 2' is set on object 'Object Repository/Final Object Repo/New Registration - Registration Module Pages/Form 2/Employee Name Input'

2018-12-12 16:38:05 - [MESSAGE][PASSED] - Text 'Automate001 eligible 2' is set on object 'Object Repository/Final Object Repo/New Registration - Registration Module Pages/Form 2/Employee Name Input'

2018-12-12 16:38:05 - [TEST_STEP][PASSED] - delay: Delayed 2 second(s)

2018-12-12 16:38:07 - [MESSAGE][PASSED] - Delayed 2 second(s)

2018-12-12 16:38:07 - [TEST_STEP][PASSED] - click: Object: 'Object Repository/Final Object Repo/New Registration - Registration Module Pages/Form 2/DatePicker Pop Up' is clicked on

2018-12-12 16:38:07 - [MESSAGE][PASSED] - Object: 'Object Repository/Final Object Repo/New Registration - Registration Module Pages/Form 2/DatePicker Pop Up' is clicked on

2018-12-12 16:38:07 - [TEST_STEP][PASSED] - delay: Delayed 2 second(s)

2018-12-12 16:38:09 - [MESSAGE][PASSED] - Delayed 2 second(s)

2018-12-12 16:38:09 - [TEST_STEP][PASSED] - click: Object: 'Object Repository/Final Object Repo/New Registration - Registration Module Pages/Form 2/DOB Month' is clicked on

2018-12-12 16:38:09 - [MESSAGE][PASSED] - Object: 'Object Repository/Final Object Repo/New Registration - Registration Module Pages/Form 2/DOB Month' is clicked on

2018-12-12 16:38:09 - [TEST_STEP][PASSED] - Statement - selectMonth = com.kms.katalon.core.webui.keyword.WebUiBuiltInKeywords.modifyObjectProperty(selectMonth, "xpath", "equals", "//body/div/div/div/select/option[@value="" + CurrentMonth + ""]", true): Modify property of object successfully

2018-12-12 16:38:09 - [MESSAGE][PASSED] - Modify property of object successfully

2018-12-12 16:38:09 - [TEST_STEP][PASSED] - click: Object: '' is clicked on

2018-12-12 16:38:09 - [MESSAGE][PASSED] - Object: '' is clicked on

2018-12-12 16:38:09 - [TEST_STEP][PASSED] - click: Object: 'Object Repository/Final Object Repo/New Registration - Registration Module Pages/Form 2/DOB Year' is clicked on

2018-12-12 16:38:10 - [MESSAGE][PASSED] - Object: 'Object Repository/Final Object Repo/New Registration - Registration Module Pages/Form 2/DOB Year' is clicked on

2018-12-12 16:38:10 - [TEST_STEP][PASSED] - Statement - selectYear = com.kms.katalon.core.webui.keyword.WebUiBuiltInKeywords.modifyObjectProperty(selectYear, "xpath", "equals", "//div/div/div/select/option[@value="" + FiftysevenYrsBefore + ""]", true): Modify property of object successfully

2018-12-12 16:38:10 - [MESSAGE][PASSED] - Modify property of object successfully

2018-12-12 16:38:10 - [TEST_STEP][PASSED] - click: Object: '' is clicked on

2018-12-12 16:38:10 - [MESSAGE][PASSED] - Object: '' is clicked on

2018-12-12 16:38:10 - [TEST_STEP][PASSED] - Statement - UpdatedSelectDate = com.kms.katalon.core.webui.keyword.WebUiBuiltInKeywords.modifyObjectProperty(com.kms.katalon.core.testobject.ObjectRepository.findTestObject(Final Object Repo/New Registration - Registration Module Pages/Form 2/DOB Date), "xpath", "equals", "//body/div/table/tbody/tr/td/a[text()="" + OneDayBefore + ""]", true): Modify property of object successfully

2018-12-12 16:38:10 - [MESSAGE][PASSED] - Modify property of object successfully

2018-12-12 16:38:10 - [TEST_STEP][PASSED] - click: Object: 'Object Repository/Final Object Repo/New Registration - Registration Module Pages/Form 2/DOB Date' is clicked on

2018-12-12 16:38:10 - [MESSAGE][PASSED] - Object: 'Object Repository/Final Object Repo/New Registration - Registration Module Pages/Form 2/DOB Date' is clicked on

2018-12-12 16:38:10 - [TEST_STEP][PASSED] - delay: Delayed 2 second(s)

2018-12-12 16:38:12 - [MESSAGE][PASSED] - Delayed 2 second(s)

2018-12-12 16:38:12 - [TEST_STEP][PASSED] - click: Object: 'Object Repository/Final Object Repo/New Registration - Registration Module Pages/Form 2/EmploymentStartDate Pop Up' is clicked on

2018-12-12 16:38:12 - [MESSAGE][PASSED] - Object: 'Object Repository/Final Object Repo/New Registration - Registration Module Pages/Form 2/EmploymentStartDate Pop Up' is clicked on

2018-12-12 16:38:12 - [TEST_STEP][PASSED] - delay: Delayed 2 second(s)

2018-12-12 16:38:14 - [MESSAGE][PASSED] - Delayed 2 second(s)

2018-12-12 16:38:14 - [TEST_STEP][PASSED] - click: Object: 'Object Repository/Final Object Repo/New Registration - Registration Module Pages/Form 2/Socso Employment StartDate Month' is clicked on

2018-12-12 16:38:14 - [MESSAGE][PASSED] - Object: 'Object Repository/Final Object Repo/New Registration - Registration Module Pages/Form 2/Socso Employment StartDate Month' is clicked on

2018-12-12 16:38:14 - [TEST_STEP][PASSED] - delay: Delayed 1 second(s)

2018-12-12 16:38:15 - [MESSAGE][PASSED] - Delayed 1 second(s)

2018-12-12 16:38:15 - [TEST_STEP][PASSED] - click: Object: 'Object Repository/Final Object Repo/New Registration - Registration Module Pages/Form 2/Select Socso Employement Startdate Month' is clicked on

2018-12-12 16:38:15 - [MESSAGE][PASSED] - Object: 'Object Repository/Final Object Repo/New Registration - Registration Module Pages/Form 2/Select Socso Employement Startdate Month' is clicked on

2018-12-12 16:38:15 - [TEST_STEP][PASSED] - delay: Delayed 2 second(s)

2018-12-12 16:38:17 - [MESSAGE][PASSED] - Delayed 2 second(s)

2018-12-12 16:38:17 - [TEST_STEP][PASSED] - click: Object: 'Object Repository/Final Object Repo/New Registration - Registration Module Pages/Form 2/Socso Employment StartDate Year' is clicked on

2018-12-12 16:38:18 - [MESSAGE][PASSED] - Object: 'Object Repository/Final Object Repo/New Registration - Registration Module Pages/Form 2/Socso Employment StartDate Year' is clicked on

2018-12-12 16:38:18 - [TEST_STEP][PASSED] - delay: Delayed 1 second(s)

2018-12-12 16:38:19 - [MESSAGE][PASSED] - Delayed 1 second(s)

2018-12-12 16:38:19 - [TEST_STEP][PASSED] - click: Object: 'Object Repository/Final Object Repo/New Registration - Registration Module Pages/Form 2/Select Socso Employment Startdate Year' is clicked on

2018-12-12 16:38:19 - [MESSAGE][PASSED] - Object: 'Object Repository/Final Object Repo/New Registration - Registration Module Pages/Form 2/Select Socso Employment Startdate Year' is clicked on

2018-12-12 16:38:19 - [TEST_STEP][PASSED] - delay: Delayed 2 second(s)

2018-12-12 16:38:21 - [MESSAGE][PASSED] - Delayed 2 second(s)

2018-12-12 16:38:21 - [TEST_STEP][PASSED] - click: Object: 'Object Repository/Final Object Repo/New Registration - Registration Module Pages/Form 2/Socso Employment Start Date Day' is clicked on

2018-12-12 16:38:21 - [MESSAGE][PASSED] - Object: 'Object Repository/Final Object Repo/New Registration - Registration Module Pages/Form 2/Socso Employment Start Date Day' is clicked on

2018-12-12 16:38:21 - [TEST_STEP][PASSED] - delay: Delayed 2 second(s)

2018-12-12 16:38:23 - [MESSAGE][PASSED] - Delayed 2 second(s)

2018-12-12 16:38:23 - [TEST_STEP][PASSED] - click: Object: 'Object Repository/Final Object Repo/New Registration - Registration Module Pages/Form 2/Save Button for Add Employee' is clicked on

2018-12-12 16:38:23 - [MESSAGE][PASSED] - Object: 'Object Repository/Final Object Repo/New Registration - Registration Module Pages/Form 2/Save Button for Add Employee' is clicked on

2018-12-12 16:38:23 - [TEST_STEP][PASSED] - delay: Delayed 4 second(s)

2018-12-12 16:38:27 - [MESSAGE][PASSED] - Delayed 4 second(s)

2018-12-12 16:38:27 - [TEST_STEP][PASSED] - delay: Delayed 30 second(s)

2018-12-12 16:38:57 - [MESSAGE][PASSED] - Delayed 30 second(s)

2018-12-12 16:38:57 - [TEST_STEP][PASSED] - click: Object: 'Object Repository/Final Object Repo/New Registration - Registration Module Pages/Form 2/Add Employee Button' is clicked on

2018-12-12 16:38:57 - [MESSAGE][PASSED] - Object: 'Object Repository/Final Object Repo/New Registration - Registration Module Pages/Form 2/Add Employee Button' is clicked on

2018-12-12 16:38:57 - [TEST_STEP][PASSED] - delay: Delayed 4 second(s)

2018-12-12 16:39:01 - [MESSAGE][PASSED] - Delayed 4 second(s)

2018-12-12 16:39:01 - [TEST_STEP][PASSED] - setText: Text '000209039145' is set on object 'Object Repository/Final Object Repo/New Registration - Registration Module Pages/Form 2/NRIC Input'

2018-12-12 16:39:02 - [MESSAGE][PASSED] - Text '000209039145' is set on object 'Object Repository/Final Object Repo/New Registration - Registration Module Pages/Form 2/NRIC Input'

2018-12-12 16:39:02 - [TEST_STEP][PASSED] - click: Object: 'Object Repository/Final Object Repo/New Registration - Registration Module Pages/Form 2/button for search for IC' is clicked on

2018-12-12 16:39:02 - [MESSAGE][PASSED] - Object: 'Object Repository/Final Object Repo/New Registration - Registration Module Pages/Form 2/button for search for IC' is clicked on

2018-12-12 16:39:02 - [TEST_STEP][PASSED] - delay: Delayed 2 second(s)

2018-12-12 16:39:04 - [MESSAGE][PASSED] - Delayed 2 second(s)

2018-12-12 16:39:04 - [TEST_STEP][PASSED] - setText: Text 'Automate001 not eligible 1' is set on object 'Object Repository/Final Object Repo/New Registration - Registration Module Pages/Form 2/Employee Name Input'

2018-12-12 16:39:04 - [MESSAGE][PASSED] - Text 'Automate001 not eligible 1' is set on object 'Object Repository/Final Object Repo/New Registration - Registration Module Pages/Form 2/Employee Name Input'

2018-12-12 16:39:04 - [TEST_STEP][PASSED] - delay: Delayed 2 second(s)

2018-12-12 16:39:06 - [MESSAGE][PASSED] - Delayed 2 second(s)

2018-12-12 16:39:06 - [TEST_STEP][PASSED] - click: Object: 'Object Repository/Final Object Repo/New Registration - Registration Module Pages/Form 2/DatePicker Pop Up' is clicked on

2018-12-12 16:39:07 - [MESSAGE][PASSED] - Object: 'Object Repository/Final Object Repo/New Registration - Registration Module Pages/Form 2/DatePicker Pop Up' is clicked on

2018-12-12 16:39:07 - [TEST_STEP][PASSED] - delay: Delayed 2 second(s)

2018-12-12 16:39:09 - [MESSAGE][PASSED] - Delayed 2 second(s)

2018-12-12 16:39:09 - [TEST_STEP][PASSED] - click: Object: 'Object Repository/Final Object Repo/New Registration - Registration Module Pages/Form 2/DOB Month' is clicked on

2018-12-12 16:39:09 - [MESSAGE][PASSED] - Object: 'Object Repository/Final Object Repo/New Registration - Registration Module Pages/Form 2/DOB Month' is clicked on

2018-12-12 16:39:09 - [TEST_STEP][PASSED] - Statement - selectMonth = com.kms.katalon.core.webui.keyword.WebUiBuiltInKeywords.modifyObjectProperty(selectMonth, "xpath", "equals", "//body/div/div/div/select/option[@value="" + CurrentMonth + ""]", true): Modify property of object successfully

2018-12-12 16:39:09 - [MESSAGE][PASSED] - Modify property of object successfully

2018-12-12 16:39:09 - [TEST_STEP][PASSED] - click: Object: '' is clicked on

2018-12-12 16:39:09 - [MESSAGE][PASSED] - Object: '' is clicked on

2018-12-12 16:39:09 - [TEST_STEP][PASSED] - click: Object: 'Object Repository/Final Object Repo/New Registration - Registration Module Pages/Form 2/DOB Year' is clicked on

2018-12-12 16:39:09 - [MESSAGE][PASSED] - Object: 'Object Repository/Final Object Repo/New Registration - Registration Module Pages/Form 2/DOB Year' is clicked on

2018-12-12 16:39:09 - [TEST_STEP][PASSED] - Statement - selectYear = com.kms.katalon.core.webui.keyword.WebUiBuiltInKeywords.modifyObjectProperty(selectYear, "xpath", "equals", "//div/div/div/select/option[@value="" + EighteenYrsBefore + ""]", true): Modify property of object successfully

2018-12-12 16:39:09 - [MESSAGE][PASSED] - Modify property of object successfully

2018-12-12 16:39:09 - [TEST_STEP][PASSED] - click: Object: '' is clicked on

2018-12-12 16:39:09 - [MESSAGE][PASSED] - Object: '' is clicked on

2018-12-12 16:39:09 - [TEST_STEP][PASSED] - Statement - UpdatedSelectDate = com.kms.katalon.core.webui.keyword.WebUiBuiltInKeywords.modifyObjectProperty(com.kms.katalon.core.testobject.ObjectRepository.findTestObject(Final Object Repo/New Registration - Registration Module Pages/Form 2/DOB Date), "xpath", "equals", "//body/div/table/tbody/tr/td/a[text()="" + OneDayBefore + ""]", true): Modify property of object successfully

2018-12-12 16:39:09 - [MESSAGE][PASSED] - Modify property of object successfully

2018-12-12 16:39:09 - [TEST_STEP][PASSED] - click: Object: 'Object Repository/Final Object Repo/New Registration - Registration Module Pages/Form 2/DOB Date' is clicked on

2018-12-12 16:39:09 - [MESSAGE][PASSED] - Object: 'Object Repository/Final Object Repo/New Registration - Registration Module Pages/Form 2/DOB Date' is clicked on

2018-12-12 16:39:09 - [TEST_STEP][PASSED] - delay: Delayed 2 second(s)

2018-12-12 16:39:11 - [MESSAGE][PASSED] - Delayed 2 second(s)

2018-12-12 16:39:11 - [TEST_STEP][PASSED] - click: Object: 'Object Repository/Final Object Repo/New Registration - Registration Module Pages/Form 2/EmploymentStartDate Pop Up' is clicked on

2018-12-12 16:39:11 - [MESSAGE][PASSED] - Object: 'Object Repository/Final Object Repo/New Registration - Registration Module Pages/Form 2/EmploymentStartDate Pop Up' is clicked on

2018-12-12 16:39:11 - [TEST_STEP][PASSED] - delay: Delayed 2 second(s)

2018-12-12 16:39:13 - [MESSAGE][PASSED] - Delayed 2 second(s)

2018-12-12 16:39:13 - [TEST_STEP][PASSED] - click: Object: 'Object Repository/Final Object Repo/New Registration - Registration Module Pages/Form 2/Socso Employment StartDate Month' is clicked on

2018-12-12 16:39:14 - [MESSAGE][PASSED] - Object: 'Object Repository/Final Object Repo/New Registration - Registration Module Pages/Form 2/Socso Employment StartDate Month' is clicked on

2018-12-12 16:39:14 - [TEST_STEP][PASSED] - delay: Delayed 1 second(s)

2018-12-12 16:39:15 - [MESSAGE][PASSED] - Delayed 1 second(s)

2018-12-12 16:39:15 - [TEST_STEP][PASSED] - click: Object: 'Object Repository/Final Object Repo/New Registration - Registration Module Pages/Form 2/Select Socso Employement Startdate Month' is clicked on

2018-12-12 16:39:15 - [MESSAGE][PASSED] - Object: 'Object Repository/Final Object Repo/New Registration - Registration Module Pages/Form 2/Select Socso Employement Startdate Month' is clicked on

2018-12-12 16:39:15 - [TEST_STEP][PASSED] - delay: Delayed 2 second(s)

2018-12-12 16:39:17 - [MESSAGE][PASSED] - Delayed 2 second(s)

2018-12-12 16:39:17 - [TEST_STEP][PASSED] - click: Object: 'Object Repository/Final Object Repo/New Registration - Registration Module Pages/Form 2/Socso Employment StartDate Year' is clicked on

2018-12-12 16:39:17 - [MESSAGE][PASSED] - Object: 'Object Repository/Final Object Repo/New Registration - Registration Module Pages/Form 2/Socso Employment StartDate Year' is clicked on

2018-12-12 16:39:17 - [TEST_STEP][PASSED] - delay: Delayed 1 second(s)

2018-12-12 16:39:18 - [MESSAGE][PASSED] - Delayed 1 second(s)

2018-12-12 16:39:18 - [TEST_STEP][PASSED] - click: Object: 'Object Repository/Final Object Repo/New Registration - Registration Module Pages/Form 2/Select Socso Employment Startdate Year' is clicked on

2018-12-12 16:39:18 - [MESSAGE][PASSED] - Object: 'Object Repository/Final Object Repo/New Registration - Registration Module Pages/Form 2/Select Socso Employment Startdate Year' is clicked on

2018-12-12 16:39:18 - [TEST_STEP][PASSED] - delay: Delayed 2 second(s)

2018-12-12 16:39:20 - [MESSAGE][PASSED] - Delayed 2 second(s)

2018-12-12 16:39:20 - [TEST_STEP][PASSED] - click: Object: 'Object Repository/Final Object Repo/New Registration - Registration Module Pages/Form 2/Socso Employment Start Date Day' is clicked on

2018-12-12 16:39:20 - [MESSAGE][PASSED] - Object: 'Object Repository/Final Object Repo/New Registration - Registration Module Pages/Form 2/Socso Employment Start Date Day' is clicked on

2018-12-12 16:39:20 - [TEST_STEP][PASSED] - delay: Delayed 2 second(s)

2018-12-12 16:39:22 - [MESSAGE][PASSED] - Delayed 2 second(s)

2018-12-12 16:39:22 - [TEST_STEP][PASSED] - click: Object: 'Object Repository/Final Object Repo/New Registration - Registration Module Pages/Form 2/Save Button for Add Employee' is clicked on

2018-12-12 16:39:22 - [MESSAGE][PASSED] - Object: 'Object Repository/Final Object Repo/New Registration - Registration Module Pages/Form 2/Save Button for Add Employee' is clicked on

2018-12-12 16:39:22 - [TEST_STEP][PASSED] - delay: Delayed 6 second(s)

2018-12-12 16:39:28 - [MESSAGE][PASSED] - Delayed 6 second(s)

2018-12-12 16:39:28 - [TEST_STEP][PASSED] - click: Object: 'Object Repository/Final Object Repo/New Registration - Registration Module Pages/Form 2/Add Employee Button' is clicked on

2018-12-12 16:39:29 - [MESSAGE][PASSED] - Object: 'Object Repository/Final Object Repo/New Registration - Registration Module Pages/Form 2/Add Employee Button' is clicked on

2018-12-12 16:39:29 - [TEST_STEP][PASSED] - delay: Delayed 4 second(s)

2018-12-12 16:39:33 - [MESSAGE][PASSED] - Delayed 4 second(s)

2018-12-12 16:39:33 - [TEST_STEP][PASSED] - setText: Text '600203039154' is set on object 'Object Repository/Final Object Repo/New Registration - Registration Module Pages/Form 2/NRIC Input'

2018-12-12 16:39:33 - [MESSAGE][PASSED] - Text '600203039154' is set on object 'Object Repository/Final Object Repo/New Registration - Registration Module Pages/Form 2/NRIC Input'

2018-12-12 16:39:33 - [TEST_STEP][PASSED] - click: Object: 'Object Repository/Final Object Repo/New Registration - Registration Module Pages/Form 2/button for search for IC' is clicked on

2018-12-12 16:39:33 - [MESSAGE][PASSED] - Object: 'Object Repository/Final Object Repo/New Registration - Registration Module Pages/Form 2/button for search for IC' is clicked on

2018-12-12 16:39:33 - [TEST_STEP][PASSED] - delay: Delayed 2 second(s)

2018-12-12 16:39:35 - [MESSAGE][PASSED] - Delayed 2 second(s)

2018-12-12 16:39:35 - [TEST_STEP][PASSED] - setText: Text 'Automate001 not eligible 2' is set on object 'Object Repository/Final Object Repo/New Registration - Registration Module Pages/Form 2/Employee Name Input'

2018-12-12 16:39:36 - [MESSAGE][PASSED] - Text 'Automate001 not eligible 2' is set on object 'Object Repository/Final Object Repo/New Registration - Registration Module Pages/Form 2/Employee Name Input'

2018-12-12 16:39:36 - [TEST_STEP][PASSED] - delay: Delayed 2 second(s)

2018-12-12 16:39:38 - [MESSAGE][PASSED] - Delayed 2 second(s)

2018-12-12 16:39:38 - [TEST_STEP][PASSED] - click: Object: 'Object Repository/Final Object Repo/New Registration - Registration Module Pages/Form 2/DatePicker Pop Up' is clicked on

2018-12-12 16:39:38 - [MESSAGE][PASSED] - Object: 'Object Repository/Final Object Repo/New Registration - Registration Module Pages/Form 2/DatePicker Pop Up' is clicked on

2018-12-12 16:39:38 - [TEST_STEP][PASSED] - delay: Delayed 2 second(s)

2018-12-12 16:39:40 - [MESSAGE][PASSED] - Delayed 2 second(s)

2018-12-12 16:39:40 - [TEST_STEP][PASSED] - click: Object: 'Object Repository/Final Object Repo/New Registration - Registration Module Pages/Form 2/DOB Month' is clicked on

2018-12-12 16:39:40 - [MESSAGE][PASSED] - Object: 'Object Repository/Final Object Repo/New Registration - Registration Module Pages/Form 2/DOB Month' is clicked on

2018-12-12 16:39:40 - [TEST_STEP][PASSED] - Statement - selectMonth = com.kms.katalon.core.webui.keyword.WebUiBuiltInKeywords.modifyObjectProperty(selectMonth, "xpath", "equals", "//body/div/div/div/select/option[@value="" + CurrentMonth + ""]", true): Modify property of object successfully

2018-12-12 16:39:40 - [MESSAGE][PASSED] - Modify property of object successfully

2018-12-12 16:39:40 - [TEST_STEP][PASSED] - click: Object: '' is clicked on

2018-12-12 16:39:40 - [MESSAGE][PASSED] - Object: '' is clicked on

2018-12-12 16:39:40 - [TEST_STEP][PASSED] - click: Object: 'Object Repository/Final Object Repo/New Registration - Registration Module Pages/Form 2/DOB Year' is clicked on

2018-12-12 16:39:40 - [MESSAGE][PASSED] - Object: 'Object Repository/Final Object Repo/New Registration - Registration Module Pages/Form 2/DOB Year' is clicked on

2018-12-12 16:39:40 - [TEST_STEP][PASSED] - Statement - selectYear = com.kms.katalon.core.webui.keyword.WebUiBuiltInKeywords.modifyObjectProperty(selectYear, "xpath", "equals", "//div/div/div/select/option[@value="" + FiftysevenYrsBefore + ""]", true): Modify property of object successfully

2018-12-12 16:39:40 - [MESSAGE][PASSED] - Modify property of object successfully

2018-12-12 16:39:40 - [TEST_STEP][PASSED] - click: Object: '' is clicked on

2018-12-12 16:39:41 - [MESSAGE][PASSED] - Object: '' is clicked on

2018-12-12 16:39:41 - [TEST_STEP][PASSED] - Statement - UpdatedSelectDate = com.kms.katalon.core.webui.keyword.WebUiBuiltInKeywords.modifyObjectProperty(com.kms.katalon.core.testobject.ObjectRepository.findTestObject(Final Object Repo/New Registration - Registration Module Pages/Form 2/DOB Date), "xpath", "equals", "//body/div/table/tbody/tr/td/a[text()="" + CurrentDate + ""]", true): Modify property of object successfully

2018-12-12 16:39:41 - [MESSAGE][PASSED] - Modify property of object successfully

2018-12-12 16:39:41 - [TEST_STEP][PASSED] - click: Object: 'Object Repository/Final Object Repo/New Registration - Registration Module Pages/Form 2/DOB Date' is clicked on

2018-12-12 16:39:41 - [MESSAGE][PASSED] - Object: 'Object Repository/Final Object Repo/New Registration - Registration Module Pages/Form 2/DOB Date' is clicked on

2018-12-12 16:39:41 - [TEST_STEP][PASSED] - click: Object: 'Object Repository/Final Object Repo/New Registration - Registration Module Pages/Form 2/EmploymentStartDate Pop Up' is clicked on

2018-12-12 16:39:41 - [MESSAGE][PASSED] - Object: 'Object Repository/Final Object Repo/New Registration - Registration Module Pages/Form 2/EmploymentStartDate Pop Up' is clicked on

2018-12-12 16:39:41 - [TEST_STEP][PASSED] - delay: Delayed 2 second(s)

2018-12-12 16:39:43 - [MESSAGE][PASSED] - Delayed 2 second(s)

2018-12-12 16:39:43 - [TEST_STEP][PASSED] - click: Object: 'Object Repository/Final Object Repo/New Registration - Registration Module Pages/Form 2/Socso Employment StartDate Month' is clicked on

2018-12-12 16:39:43 - [MESSAGE][PASSED] - Object: 'Object Repository/Final Object Repo/New Registration - Registration Module Pages/Form 2/Socso Employment StartDate Month' is clicked on

2018-12-12 16:39:43 - [TEST_STEP][PASSED] - delay: Delayed 1 second(s)

2018-12-12 16:39:44 - [MESSAGE][PASSED] - Delayed 1 second(s)

2018-12-12 16:39:44 - [TEST_STEP][PASSED] - click: Object: 'Object Repository/Final Object Repo/New Registration - Registration Module Pages/Form 2/Select Socso Employement Startdate Month' is clicked on

2018-12-12 16:39:44 - [MESSAGE][PASSED] - Object: 'Object Repository/Final Object Repo/New Registration - Registration Module Pages/Form 2/Select Socso Employement Startdate Month' is clicked on

2018-12-12 16:39:44 - [TEST_STEP][PASSED] - delay: Delayed 2 second(s)

2018-12-12 16:39:46 - [MESSAGE][PASSED] - Delayed 2 second(s)

2018-12-12 16:39:46 - [TEST_STEP][PASSED] - click: Object: 'Object Repository/Final Object Repo/New Registration - Registration Module Pages/Form 2/Socso Employment StartDate Year' is clicked on

2018-12-12 16:39:47 - [MESSAGE][PASSED] - Object: 'Object Repository/Final Object Repo/New Registration - Registration Module Pages/Form 2/Socso Employment StartDate Year' is clicked on

2018-12-12 16:39:47 - [TEST_STEP][PASSED] - delay: Delayed 1 second(s)

2018-12-12 16:39:48 - [MESSAGE][PASSED] - Delayed 1 second(s)

2018-12-12 16:39:48 - [TEST_STEP][PASSED] - click: Object: 'Object Repository/Final Object Repo/New Registration - Registration Module Pages/Form 2/Select Socso Employment Startdate Year' is clicked on

2018-12-12 16:39:48 - [MESSAGE][PASSED] - Object: 'Object Repository/Final Object Repo/New Registration - Registration Module Pages/Form 2/Select Socso Employment Startdate Year' is clicked on

2018-12-12 16:39:48 - [TEST_STEP][PASSED] - delay: Delayed 2 second(s)

2018-12-12 16:39:50 - [MESSAGE][PASSED] - Delayed 2 second(s)

2018-12-12 16:39:50 - [TEST_STEP][PASSED] - click: Object: 'Object Repository/Final Object Repo/New Registration - Registration Module Pages/Form 2/Socso Employment Start Date Day' is clicked on

2018-12-12 16:39:50 - [MESSAGE][PASSED] - Object: 'Object Repository/Final Object Repo/New Registration - Registration Module Pages/Form 2/Socso Employment Start Date Day' is clicked on

2018-12-12 16:39:50 - [TEST_STEP][PASSED] - delay: Delayed 2 second(s)

2018-12-12 16:39:52 - [MESSAGE][PASSED] - Delayed 2 second(s)

2018-12-12 16:39:52 - [TEST_STEP][PASSED] - click: Object: 'Object Repository/Final Object Repo/New Registration - Registration Module Pages/Form 2/Save Button for Add Employee' is clicked on

2018-12-12 16:39:52 - [MESSAGE][PASSED] - Object: 'Object Repository/Final Object Repo/New Registration - Registration Module Pages/Form 2/Save Button for Add Employee' is clicked on

2018-12-12 16:39:52 - [TEST_STEP][PASSED] - delay: Delayed 2 second(s)

2018-12-12 16:39:54 - [MESSAGE][PASSED] - Delayed 2 second(s)

2018-12-12 16:39:54 - [TEST_STEP][PASSED] - click: Object: 'Object Repository/Final Object Repo/New Registration - Registration Module Pages/Form 2/Save and Continue Form 2' is clicked on

2018-12-12 16:39:54 - [MESSAGE][PASSED] - Object: 'Object Repository/Final Object Repo/New Registration - Registration Module Pages/Form 2/Save and Continue Form 2' is clicked on

2018-12-12 16:39:54 - [MESSAGE][PASSED] - Call Test Case 'Test Cases/Final Aug 2018 - PKS Automation/Registration Module/New Registration/Form 2/Add 2 Eligible 2 Not Eligible' successfully

2018-12-12 16:39:54 - [TEST_STEP][PASSED] - callTestCase: Call Test Case 'Test Cases/Final Aug 2018 - PKS Automation/Registration Module/New Registration/Flow of New Registration/Third Screen - Upload Supporting Doc - Preview' successfully

2018-12-12 16:39:54 - [TEST_CASE][PASSED] - Test Cases/Final Aug 2018 - PKS Automation/Registration Module/New Registration/Flow of New Registration/Third Screen - Upload Supporting Doc - Preview: Test Cases/Final Aug 2018 - PKS Automation/Registration Module/New Registration/Flow of New Registration/Third Screen - Upload Supporting Doc - Preview

2018-12-12 16:39:54 - [TEST_STEP][PASSED] - waitForPageLoad: Wait for page load successfully

2018-12-12 16:39:55 - [MESSAGE][PASSED] - Wait for page load successfully

2018-12-12 16:39:55 - [TEST_STEP][PASSED] - Statement - CaseReferenceNo = com.kms.katalon.core.webui.keyword.WebUiBuiltInKeywords.getText(com.kms.katalon.core.testobject.ObjectRepository.findTestObject(Final Object Repo/New Registration - Registration Module Pages/Third Screen - Upload Supporting Doc- Preview/RefNo Acquiring)): Text of object 'Object Repository/Final Object Repo/New Registration - Registration Module Pages/Third Screen - Upload Supporting Doc- Preview/RefNo Acquiring' is: 'CRN12201800123215'

2018-12-12 16:39:55 - [MESSAGE][PASSED] - Text of object 'Object Repository/Final Object Repo/New Registration - Registration Module Pages/Third Screen - Upload Supporting Doc- Preview/RefNo Acquiring' is: 'CRN12201800123215'

2018-12-12 16:39:55 - [TEST_STEP][PASSED] - delay: Delayed 2 second(s)

2018-12-12 16:39:57 - [MESSAGE][PASSED] - Delayed 2 second(s)

2018-12-12 16:39:57 - [TEST_STEP][PASSED] - callTestCase: Call Test Case 'Test Cases/Final Aug 2018 - PKS Automation/Common/Reference Number Setter' successfully

2018-12-12 16:39:57 - [TEST_CASE][PASSED] - Test Cases/Final Aug 2018 - PKS Automation/Common/Reference Number Setter: Test Cases/Final Aug 2018 - PKS Automation/Common/Reference Number Setter

2018-12-12 16:39:57 - [TEST_STEP][PASSED] - Statement - RefNoOldFile = new java.io.File(C://Users//Admin//Desktop//PKS//Automation Reference Point//KatalonReference.txt): null

2018-12-12 16:39:57 - [TEST_STEP][PASSED] - Statement - RefNoOldFile.delete(): null

2018-12-12 16:39:57 - [TEST_STEP][PASSED] - delay: Delayed 5 second(s)

2018-12-12 16:40:02 - [MESSAGE][PASSED] - Delayed 5 second(s)

2018-12-12 16:40:02 - [TEST_STEP][PASSED] - Statement - RefNo = new java.io.File(C://Users//Admin//Desktop//PKS//Automation Reference Point//KatalonReference.txt): null

2018-12-12 16:40:02 - [TEST_STEP][PASSED] - Statement - f2 = new java.io.FileWriter(RefNo, false): null

2018-12-12 16:40:02 - [TEST_STEP][PASSED] - Statement - f2.write(CaseReferenceNo): null

2018-12-12 16:40:02 - [TEST_STEP][PASSED] - Statement - f2.close(): null

2018-12-12 16:40:02 - [TEST_STEP][PASSED] - Statement - out.println("


" + CaseReferenceNo + "


"): null

2018-12-12 16:40:02 - [MESSAGE][PASSED] - Call Test Case 'Test Cases/Final Aug 2018 - PKS Automation/Common/Reference Number Setter' successfully

2018-12-12 16:40:02 - [TEST_STEP][PASSED] - waitForElementClickable: Object 'Object Repository/Final Object Repo/New Registration - Registration Module Pages/Third Screen - Upload Supporting Doc- Preview/Save n Continue in SIP Employee Listing Page' is clickable

2018-12-12 16:40:02 - [MESSAGE][PASSED] - Object 'Object Repository/Final Object Repo/New Registration - Registration Module Pages/Third Screen - Upload Supporting Doc- Preview/Save n Continue in SIP Employee Listing Page' is clickable

2018-12-12 16:40:02 - [TEST_STEP][PASSED] - click: Object: 'Object Repository/Final Object Repo/New Registration - Registration Module Pages/Third Screen - Upload Supporting Doc- Preview/Save n Continue in SIP Employee Listing Page' is clicked on

2018-12-12 16:40:07 - [MESSAGE][PASSED] - Object: 'Object Repository/Final Object Repo/New Registration - Registration Module Pages/Third Screen - Upload Supporting Doc- Preview/Save n Continue in SIP Employee Listing Page' is clicked on

2018-12-12 16:40:07 - [TEST_STEP][PASSED] - delay: Delayed 7 second(s)

2018-12-12 16:40:14 - [MESSAGE][PASSED] - Delayed 7 second(s)

2018-12-12 16:40:14 - [TEST_STEP][PASSED] - click: Object: 'Object Repository/Final Object Repo/New Registration - Registration Module Pages/Third Screen - Upload Supporting Doc- Preview/Add Document Button' is clicked on

2018-12-12 16:40:15 - [MESSAGE][PASSED] - Object: 'Object Repository/Final Object Repo/New Registration - Registration Module Pages/Third Screen - Upload Supporting Doc- Preview/Add Document Button' is clicked on

2018-12-12 16:40:15 - [TEST_STEP][PASSED] - delay: Delayed 30 second(s)

2018-12-12 16:40:45 - [MESSAGE][PASSED] - Delayed 30 second(s)

2018-12-12 16:40:45 - [TEST_STEP][PASSED] - click: Object: 'Object Repository/Final Object Repo/New Registration - Registration Module Pages/Third Screen - Upload Supporting Doc- Preview/Supporting Doc Please Select Drop Down' is clicked on

2018-12-12 16:40:45 - [MESSAGE][PASSED] - Object: 'Object Repository/Final Object Repo/New Registration - Registration Module Pages/Third Screen - Upload Supporting Doc- Preview/Supporting Doc Please Select Drop Down' is clicked on

2018-12-12 16:40:45 - [TEST_STEP][PASSED] - delay: Delayed 2 second(s)

2018-12-12 16:40:47 - [MESSAGE][PASSED] - Delayed 2 second(s)

2018-12-12 16:40:47 - [TEST_STEP][PASSED] - click: Object: 'Object Repository/Final Object Repo/New Registration - Registration Module Pages/Third Screen - Upload Supporting Doc- Preview/Select to Upload Form 1' is clicked on

2018-12-12 16:40:47 - [MESSAGE][PASSED] - Object: 'Object Repository/Final Object Repo/New Registration - Registration Module Pages/Third Screen - Upload Supporting Doc- Preview/Select to Upload Form 1' is clicked on

2018-12-12 16:40:47 - [TEST_STEP][PASSED] - delay: Delayed 2 second(s)

2018-12-12 16:40:49 - [MESSAGE][PASSED] - Delayed 2 second(s)

2018-12-12 16:40:49 - [TEST_STEP][PASSED] - uploadFile: File 'C:\Users\Public\Pictures\Sample Pictures\Koala.jpg' sent to object: 'Object Repository/Final Object Repo/New Registration - Registration Module Pages/Third Screen - Upload Supporting Doc- Preview/Upload File Adding'

2018-12-12 16:40:49 - [MESSAGE][PASSED] - File 'C:\Users\Public\Pictures\Sample Pictures\Koala.jpg' sent to object: 'Object Repository/Final Object Repo/New Registration - Registration Module Pages/Third Screen - Upload Supporting Doc- Preview/Upload File Adding'

2018-12-12 16:40:49 - [TEST_STEP][PASSED] - delay: Delayed 5 second(s)

2018-12-12 16:40:54 - [MESSAGE][PASSED] - Delayed 5 second(s)

2018-12-12 16:40:54 - [TEST_STEP][PASSED] - click: Object: 'Object Repository/Final Object Repo/New Registration - Registration Module Pages/Third Screen - Upload Supporting Doc- Preview/Inner Form Add Document Button' is clicked on

2018-12-12 16:40:54 - [MESSAGE][PASSED] - Object: 'Object Repository/Final Object Repo/New Registration - Registration Module Pages/Third Screen - Upload Supporting Doc- Preview/Inner Form Add Document Button' is clicked on

2018-12-12 16:40:54 - [TEST_STEP][PASSED] - delay: Delayed 3 second(s)

2018-12-12 16:40:57 - [MESSAGE][PASSED] - Delayed 3 second(s)

2018-12-12 16:40:57 - [TEST_STEP][PASSED] - click: Object: 'Object Repository/Final Object Repo/New Registration - Registration Module Pages/Third Screen - Upload Supporting Doc- Preview/Add Document Button' is clicked on

2018-12-12 16:40:59 - [MESSAGE][PASSED] - Object: 'Object Repository/Final Object Repo/New Registration - Registration Module Pages/Third Screen - Upload Supporting Doc- Preview/Add Document Button' is clicked on

2018-12-12 16:40:59 - [TEST_STEP][PASSED] - delay: Delayed 30 second(s)

2018-12-12 16:41:29 - [MESSAGE][PASSED] - Delayed 30 second(s)

2018-12-12 16:41:29 - [TEST_STEP][PASSED] - click: Object: 'Object Repository/Final Object Repo/New Registration - Registration Module Pages/Third Screen - Upload Supporting Doc- Preview/Supporting Doc Please Select Drop Down' is clicked on

2018-12-12 16:41:29 - [MESSAGE][PASSED] - Object: 'Object Repository/Final Object Repo/New Registration - Registration Module Pages/Third Screen - Upload Supporting Doc- Preview/Supporting Doc Please Select Drop Down' is clicked on

2018-12-12 16:41:29 - [TEST_STEP][PASSED] - delay: Delayed 4 second(s)

2018-12-12 16:41:33 - [MESSAGE][PASSED] - Delayed 4 second(s)

2018-12-12 16:41:33 - [TEST_STEP][PASSED] - click: Object: 'Object Repository/Final Object Repo/New Registration - Registration Module Pages/Third Screen - Upload Supporting Doc- Preview/Select to Upload Form 2' is clicked on

2018-12-12 16:41:33 - [MESSAGE][PASSED] - Object: 'Object Repository/Final Object Repo/New Registration - Registration Module Pages/Third Screen - Upload Supporting Doc- Preview/Select to Upload Form 2' is clicked on

2018-12-12 16:41:33 - [TEST_STEP][PASSED] - delay: Delayed 2 second(s)

2018-12-12 16:41:35 - [MESSAGE][PASSED] - Delayed 2 second(s)

2018-12-12 16:41:35 - [TEST_STEP][PASSED] - uploadFile: File 'C:\Users\Public\Pictures\Sample Pictures\Koala.jpg' sent to object: 'Object Repository/Final Object Repo/New Registration - Registration Module Pages/Third Screen - Upload Supporting Doc- Preview/Upload File Adding'

2018-12-12 16:41:35 - [MESSAGE][PASSED] - File 'C:\Users\Public\Pictures\Sample Pictures\Koala.jpg' sent to object: 'Object Repository/Final Object Repo/New Registration - Registration Module Pages/Third Screen - Upload Supporting Doc- Preview/Upload File Adding'

2018-12-12 16:41:35 - [TEST_STEP][PASSED] - click: Object: 'Object Repository/Final Object Repo/New Registration - Registration Module Pages/Third Screen - Upload Supporting Doc- Preview/Inner Form Add Document Button' is clicked on

2018-12-12 16:41:35 - [MESSAGE][PASSED] - Object: 'Object Repository/Final Object Repo/New Registration - Registration Module Pages/Third Screen - Upload Supporting Doc- Preview/Inner Form Add Document Button' is clicked on

2018-12-12 16:41:35 - [TEST_STEP][PASSED] - delay: Delayed 5 second(s)

2018-12-12 16:41:40 - [MESSAGE][PASSED] - Delayed 5 second(s)

2018-12-12 16:41:40 - [TEST_STEP][PASSED] - click: Object: 'Object Repository/Final Object Repo/New Registration - Registration Module Pages/Third Screen - Upload Supporting Doc- Preview/Add Document Button' is clicked on

2018-12-12 16:41:41 - [MESSAGE][PASSED] - Object: 'Object Repository/Final Object Repo/New Registration - Registration Module Pages/Third Screen - Upload Supporting Doc- Preview/Add Document Button' is clicked on

2018-12-12 16:41:41 - [TEST_STEP][PASSED] - delay: Delayed 30 second(s)

2018-12-12 16:42:11 - [MESSAGE][PASSED] - Delayed 30 second(s)

2018-12-12 16:42:11 - [TEST_STEP][PASSED] - click: Object: 'Object Repository/Final Object Repo/New Registration - Registration Module Pages/Third Screen - Upload Supporting Doc- Preview/Supporting Doc Please Select Drop Down' is clicked on

2018-12-12 16:42:11 - [MESSAGE][PASSED] - Object: 'Object Repository/Final Object Repo/New Registration - Registration Module Pages/Third Screen - Upload Supporting Doc- Preview/Supporting Doc Please Select Drop Down' is clicked on

2018-12-12 16:42:11 - [TEST_STEP][PASSED] - click: Object: 'Object Repository/Final Object Repo/New Registration - Registration Module Pages/Third Screen - Upload Supporting Doc- Preview/Select to Upload Borang SIP 1' is clicked on

2018-12-12 16:42:11 - [MESSAGE][PASSED] - Object: 'Object Repository/Final Object Repo/New Registration - Registration Module Pages/Third Screen - Upload Supporting Doc- Preview/Select to Upload Borang SIP 1' is clicked on

2018-12-12 16:42:11 - [TEST_STEP][PASSED] - delay: Delayed 2 second(s)

2018-12-12 16:42:13 - [MESSAGE][PASSED] - Delayed 2 second(s)

2018-12-12 16:42:13 - [TEST_STEP][PASSED] - uploadFile: File 'C:\Users\Public\Pictures\Sample Pictures\Koala.jpg' sent to object: 'Object Repository/Final Object Repo/New Registration - Registration Module Pages/Third Screen - Upload Supporting Doc- Preview/Upload File Adding'

2018-12-12 16:42:13 - [MESSAGE][PASSED] - File 'C:\Users\Public\Pictures\Sample Pictures\Koala.jpg' sent to object: 'Object Repository/Final Object Repo/New Registration - Registration Module Pages/Third Screen - Upload Supporting Doc- Preview/Upload File Adding'

2018-12-12 16:42:13 - [TEST_STEP][PASSED] - click: Object: 'Object Repository/Final Object Repo/New Registration - Registration Module Pages/Third Screen - Upload Supporting Doc- Preview/Inner Form Add Document Button' is clicked on

2018-12-12 16:42:13 - [MESSAGE][PASSED] - Object: 'Object Repository/Final Object Repo/New Registration - Registration Module Pages/Third Screen - Upload Supporting Doc- Preview/Inner Form Add Document Button' is clicked on

2018-12-12 16:42:13 - [TEST_STEP][PASSED] - delay: Delayed 5 second(s)

2018-12-12 16:42:18 - [MESSAGE][PASSED] - Delayed 5 second(s)

2018-12-12 16:42:18 - [TEST_STEP][PASSED] - click: Object: 'Object Repository/Final Object Repo/New Registration - Registration Module Pages/Third Screen - Upload Supporting Doc- Preview/Add Document Button' is clicked on

2018-12-12 16:42:18 - [MESSAGE][PASSED] - Object: 'Object Repository/Final Object Repo/New Registration - Registration Module Pages/Third Screen - Upload Supporting Doc- Preview/Add Document Button' is clicked on

2018-12-12 16:42:18 - [TEST_STEP][PASSED] - delay: Delayed 30 second(s)

2018-12-12 16:42:48 - [MESSAGE][PASSED] - Delayed 30 second(s)

2018-12-12 16:42:48 - [TEST_STEP][PASSED] - click: Object: 'Object Repository/Final Object Repo/New Registration - Registration Module Pages/Third Screen - Upload Supporting Doc- Preview/Supporting Doc Please Select Drop Down' is clicked on

2018-12-12 16:42:49 - [MESSAGE][PASSED] - Object: 'Object Repository/Final Object Repo/New Registration - Registration Module Pages/Third Screen - Upload Supporting Doc- Preview/Supporting Doc Please Select Drop Down' is clicked on

2018-12-12 16:42:49 - [TEST_STEP][PASSED] - delay: Delayed 3 second(s)

2018-12-12 16:42:52 - [MESSAGE][PASSED] - Delayed 3 second(s)

2018-12-12 16:42:52 - [TEST_STEP][PASSED] - click: Object: 'Object Repository/Final Object Repo/New Registration - Registration Module Pages/Third Screen - Upload Supporting Doc- Preview/Select to Upload Borang SIP 2' is clicked on

2018-12-12 16:42:52 - [MESSAGE][PASSED] - Object: 'Object Repository/Final Object Repo/New Registration - Registration Module Pages/Third Screen - Upload Supporting Doc- Preview/Select to Upload Borang SIP 2' is clicked on

2018-12-12 16:42:52 - [TEST_STEP][PASSED] - delay: Delayed 2 second(s)

2018-12-12 16:42:54 - [MESSAGE][PASSED] - Delayed 2 second(s)

2018-12-12 16:42:54 - [TEST_STEP][PASSED] - uploadFile: File 'C:\Users\Public\Pictures\Sample Pictures\Koala.jpg' sent to object: 'Object Repository/Final Object Repo/New Registration - Registration Module Pages/Third Screen - Upload Supporting Doc- Preview/Upload File Adding'

2018-12-12 16:42:54 - [MESSAGE][PASSED] - File 'C:\Users\Public\Pictures\Sample Pictures\Koala.jpg' sent to object: 'Object Repository/Final Object Repo/New Registration - Registration Module Pages/Third Screen - Upload Supporting Doc- Preview/Upload File Adding'

2018-12-12 16:42:54 - [TEST_STEP][PASSED] - delay: Delayed 5 second(s)

2018-12-12 16:42:59 - [MESSAGE][PASSED] - Delayed 5 second(s)

2018-12-12 16:42:59 - [TEST_STEP][PASSED] - click: Object: 'Object Repository/Final Object Repo/New Registration - Registration Module Pages/Third Screen - Upload Supporting Doc- Preview/Inner Form Add Document Button' is clicked on

2018-12-12 16:42:59 - [MESSAGE][PASSED] - Object: 'Object Repository/Final Object Repo/New Registration - Registration Module Pages/Third Screen - Upload Supporting Doc- Preview/Inner Form Add Document Button' is clicked on

2018-12-12 16:42:59 - [TEST_STEP][PASSED] - delay: Delayed 3 second(s)

2018-12-12 16:43:02 - [MESSAGE][PASSED] - Delayed 3 second(s)

2018-12-12 16:43:02 - [TEST_STEP][PASSED] - waitForElementClickable: Object 'Object Repository/Final Object Repo/New Registration - Registration Module Pages/Third Screen - Upload Supporting Doc- Preview/Save n Continue in Uploading Supporting Doc Page' is clickable

2018-12-12 16:43:03 - [MESSAGE][PASSED] - Object 'Object Repository/Final Object Repo/New Registration - Registration Module Pages/Third Screen - Upload Supporting Doc- Preview/Save n Continue in Uploading Supporting Doc Page' is clickable

2018-12-12 16:43:03 - [TEST_STEP][PASSED] - click: Object: 'Object Repository/Final Object Repo/New Registration - Registration Module Pages/Third Screen - Upload Supporting Doc- Preview/Save n Continue in Uploading Supporting Doc Page' is clicked on

2018-12-12 16:43:04 - [MESSAGE][PASSED] - Object: 'Object Repository/Final Object Repo/New Registration - Registration Module Pages/Third Screen - Upload Supporting Doc- Preview/Save n Continue in Uploading Supporting Doc Page' is clicked on

2018-12-12 16:43:04 - [MESSAGE][PASSED] - Call Test Case 'Test Cases/Final Aug 2018 - PKS Automation/Registration Module/New Registration/Flow of New Registration/Third Screen - Upload Supporting Doc - Preview' successfully

2018-12-12 16:43:04 - [TEST_STEP][PASSED] - callTestCase: Call Test Case 'Test Cases/Final Aug 2018 - PKS Automation/Registration Module/New Registration/Submit and Screenshot/Submit Registration and Screenshot' successfully

2018-12-12 16:43:04 - [TEST_CASE][PASSED] - Test Cases/Final Aug 2018 - PKS Automation/Registration Module/New Registration/Submit and Screenshot/Submit Registration and Screenshot: Test Cases/Final Aug 2018 - PKS Automation/Registration Module/New Registration/Submit and Screenshot/Submit Registration and Screenshot

2018-12-12 16:43:04 - [TEST_STEP][PASSED] - delay: Delayed 6 second(s)

2018-12-12 16:43:10 - [MESSAGE][PASSED] - Delayed 6 second(s)

2018-12-12 16:43:10 - [TEST_STEP][PASSED] - click: Object: 'Object Repository/Final Object Repo/New Registration - Registration Module Pages/Third Screen - Upload Supporting Doc- Preview/Preview Submit Button' is clicked on

2018-12-12 16:43:10 - [MESSAGE][PASSED] - Object: 'Object Repository/Final Object Repo/New Registration - Registration Module Pages/Third Screen - Upload Supporting Doc- Preview/Preview Submit Button' is clicked on

2018-12-12 16:43:10 - [TEST_STEP][PASSED] - delay: Delayed 2 second(s)

2018-12-12 16:43:12 - [MESSAGE][PASSED] - Delayed 2 second(s)

2018-12-12 16:43:12 - [TEST_STEP][PASSED] - click: Object: 'Object Repository/Final Object Repo/New Registration - Registration Module Pages/Third Screen - Upload Supporting Doc- Preview/Preview Submit - Confirm' is clicked on

2018-12-12 16:43:12 - [MESSAGE][PASSED] - Object: 'Object Repository/Final Object Repo/New Registration - Registration Module Pages/Third Screen - Upload Supporting Doc- Preview/Preview Submit - Confirm' is clicked on

2018-12-12 16:43:12 - [TEST_STEP][PASSED] - delay: Delayed 15 second(s)

2018-12-12 16:43:27 - [MESSAGE][PASSED] - Delayed 15 second(s)

2018-12-12 16:43:27 - [TEST_STEP][PASSED] - Statement - driver = com.kms.katalon.core.webui.driver.DriverFactory.getWebDriver(): null

2018-12-12 16:43:27 - [TEST_STEP][PASSED] - Statement - driver.manage().timeouts().implicitlyWait(10, SECONDS): null

2018-12-12 16:43:27 - [TEST_STEP][PASSED] - Statement - PresavePath = KatalonScreenshots: null

2018-12-12 16:43:27 - [TEST_STEP][PASSED] - Statement - pathPrefix = "C:\Users\Public\Pictures\Sample Pictures\Katalon Screenshots\Automate Ending Screen": null

2018-12-12 16:43:27 - [TEST_STEP][PASSED] - Statement - finalPath = <not implemented yet for class: org.codehaus.groovy.ast.expr.EmptyExpression>: null

2018-12-12 16:43:27 - [TEST_STEP][PASSED] - Statement - scrFile = driver.getScreenshotAs(FILE): null

2018-12-12 16:43:28 - [TEST_STEP][PASSED] - Statement - PreSaveFile = new java.io.File(PresavePath): null

2018-12-12 16:43:28 - [TEST_STEP][PASSED] - Statement - counter = 0: null

2018-12-12 16:43:28 - [TEST_STEP][PASSED] - Statement - If (PreSaveFile.exists()): null

2018-12-12 16:43:28 - [TEST_STEP][PASSED] - Statement - While (PreSaveFile.exists()): null

2018-12-12 16:43:28 - [TEST_STEP][PASSED] - Statement - counter = counter + 1: null

2018-12-12 16:43:28 - [TEST_STEP][PASSED] - Statement - PreSaveFile = new java.io.File(((pathPrefix + java.lang.Integer.toString(counter)) + .png)): null

2018-12-12 16:43:28 - [TEST_STEP][PASSED] - Statement - counter = counter + 1: null

2018-12-12 16:43:28 - [TEST_STEP][PASSED] - Statement - PreSaveFile = new java.io.File(((pathPrefix + java.lang.Integer.toString(counter)) + .png)): null

2018-12-12 16:43:28 - [TEST_STEP][PASSED] - Statement - counter = counter + 1: null

2018-12-12 16:43:28 - [TEST_STEP][PASSED] - Statement - PreSaveFile = new java.io.File(((pathPrefix + java.lang.Integer.toString(counter)) + .png)): null

2018-12-12 16:43:28 - [TEST_STEP][PASSED] - Statement - counter = counter + 1: null

2018-12-12 16:43:28 - [TEST_STEP][PASSED] - Statement - PreSaveFile = new java.io.File(((pathPrefix + java.lang.Integer.toString(counter)) + .png)): null

2018-12-12 16:43:28 - [TEST_STEP][PASSED] - Statement - counter = counter + 1: null

2018-12-12 16:43:28 - [TEST_STEP][PASSED] - Statement - PreSaveFile = new java.io.File(((pathPrefix + java.lang.Integer.toString(counter)) + .png)): null

2018-12-12 16:43:28 - [TEST_STEP][PASSED] - Statement - counter = counter + 1: null

2018-12-12 16:43:28 - [TEST_STEP][PASSED] - Statement - PreSaveFile = new java.io.File(((pathPrefix + java.lang.Integer.toString(counter)) + .png)): null

2018-12-12 16:43:28 - [TEST_STEP][PASSED] - Statement - counter = counter + 1: null

2018-12-12 16:43:28 - [TEST_STEP][PASSED] - Statement - PreSaveFile = new java.io.File(((pathPrefix + java.lang.Integer.toString(counter)) + .png)): null

2018-12-12 16:43:28 - [TEST_STEP][PASSED] - Statement - counter = counter + 1: null

2018-12-12 16:43:28 - [TEST_STEP][PASSED] - Statement - PreSaveFile = new java.io.File(((pathPrefix + java.lang.Integer.toString(counter)) + .png)): null

2018-12-12 16:43:28 - [TEST_STEP][PASSED] - Statement - counter = counter + 1: null

2018-12-12 16:43:28 - [TEST_STEP][PASSED] - Statement - PreSaveFile = new java.io.File(((pathPrefix + java.lang.Integer.toString(counter)) + .png)): null

2018-12-12 16:43:28 - [TEST_STEP][PASSED] - Statement - counter = counter + 1: null

2018-12-12 16:43:28 - [TEST_STEP][PASSED] - Statement - PreSaveFile = new java.io.File(((pathPrefix + java.lang.Integer.toString(counter)) + .png)): null

2018-12-12 16:43:28 - [TEST_STEP][PASSED] - Statement - counter = counter + 1: null

2018-12-12 16:43:28 - [TEST_STEP][PASSED] - Statement - PreSaveFile = new java.io.File(((pathPrefix + java.lang.Integer.toString(counter)) + .png)): null

2018-12-12 16:43:28 - [TEST_STEP][PASSED] - Statement - counter = counter + 1: null

2018-12-12 16:43:28 - [TEST_STEP][PASSED] - Statement - PreSaveFile = new java.io.File(((pathPrefix + java.lang.Integer.toString(counter)) + .png)): null

2018-12-12 16:43:28 - [TEST_STEP][PASSED] - Statement - counter = counter + 1: null

2018-12-12 16:43:28 - [TEST_STEP][PASSED] - Statement - PreSaveFile = new java.io.File(((pathPrefix + java.lang.Integer.toString(counter)) + .png)): null

2018-12-12 16:43:28 - [TEST_STEP][PASSED] - Statement - counter = counter + 1: null

2018-12-12 16:43:28 - [TEST_STEP][PASSED] - Statement - PreSaveFile = new java.io.File(((pathPrefix + java.lang.Integer.toString(counter)) + .png)): null

2018-12-12 16:43:28 - [TEST_STEP][PASSED] - Statement - counter = counter + 1: null

2018-12-12 16:43:28 - [TEST_STEP][PASSED] - Statement - PreSaveFile = new java.io.File(((pathPrefix + java.lang.Integer.toString(counter)) + .png)): null

2018-12-12 16:43:28 - [TEST_STEP][PASSED] - Statement - counter = counter + 1: null

2018-12-12 16:43:28 - [TEST_STEP][PASSED] - Statement - PreSaveFile = new java.io.File(((pathPrefix + java.lang.Integer.toString(counter)) + .png)): null

2018-12-12 16:43:28 - [TEST_STEP][PASSED] - Statement - counter = counter + 1: null

2018-12-12 16:43:28 - [TEST_STEP][PASSED] - Statement - PreSaveFile = new java.io.File(((pathPrefix + java.lang.Integer.toString(counter)) + .png)): null

2018-12-12 16:43:28 - [TEST_STEP][PASSED] - Statement - counter = counter + 1: null

2018-12-12 16:43:28 - [TEST_STEP][PASSED] - Statement - PreSaveFile = new java.io.File(((pathPrefix + java.lang.Integer.toString(counter)) + .png)): null

2018-12-12 16:43:28 - [TEST_STEP][PASSED] - Statement - counter = counter + 1: null

2018-12-12 16:43:28 - [TEST_STEP][PASSED] - Statement - PreSaveFile = new java.io.File(((pathPrefix + java.lang.Integer.toString(counter)) + .png)): null

2018-12-12 16:43:28 - [TEST_STEP][PASSED] - Statement - counter = counter + 1: null

2018-12-12 16:43:28 - [TEST_STEP][PASSED] - Statement - PreSaveFile = new java.io.File(((pathPrefix + java.lang.Integer.toString(counter)) + .png)): null

2018-12-12 16:43:28 - [TEST_STEP][PASSED] - Statement - counter = counter + 1: null

2018-12-12 16:43:28 - [TEST_STEP][PASSED] - Statement - PreSaveFile = new java.io.File(((pathPrefix + java.lang.Integer.toString(counter)) + .png)): null

2018-12-12 16:43:28 - [TEST_STEP][PASSED] - Statement - counter = counter + 1: null

2018-12-12 16:43:28 - [TEST_STEP][PASSED] - Statement - PreSaveFile = new java.io.File(((pathPrefix + java.lang.Integer.toString(counter)) + .png)): null

2018-12-12 16:43:28 - [TEST_STEP][PASSED] - Statement - counter = counter + 1: null

2018-12-12 16:43:28 - [TEST_STEP][PASSED] - Statement - PreSaveFile = new java.io.File(((pathPrefix + java.lang.Integer.toString(counter)) + .png)): null

2018-12-12 16:43:28 - [TEST_STEP][PASSED] - Statement - counter = counter + 1: null

2018-12-12 16:43:28 - [TEST_STEP][PASSED] - Statement - PreSaveFile = new java.io.File(((pathPrefix + java.lang.Integer.toString(counter)) + .png)): null

2018-12-12 16:43:28 - [TEST_STEP][PASSED] - Statement - counter = counter + 1: null

2018-12-12 16:43:28 - [TEST_STEP][PASSED] - Statement - PreSaveFile = new java.io.File(((pathPrefix + java.lang.Integer.toString(counter)) + .png)): null

2018-12-12 16:43:28 - [TEST_STEP][PASSED] - Statement - counter = counter + 1: null

2018-12-12 16:43:28 - [TEST_STEP][PASSED] - Statement - PreSaveFile = new java.io.File(((pathPrefix + java.lang.Integer.toString(counter)) + .png)): null

2018-12-12 16:43:28 - [TEST_STEP][PASSED] - Statement - counter = counter + 1: null

2018-12-12 16:43:28 - [TEST_STEP][PASSED] - Statement - PreSaveFile = new java.io.File(((pathPrefix + java.lang.Integer.toString(counter)) + .png)): null

2018-12-12 16:43:28 - [TEST_STEP][PASSED] - Statement - counter = counter + 1: null

2018-12-12 16:43:28 - [TEST_STEP][PASSED] - Statement - PreSaveFile = new java.io.File(((pathPrefix + java.lang.Integer.toString(counter)) + .png)): null

2018-12-12 16:43:28 - [TEST_STEP][PASSED] - Statement - counter = counter + 1: null

2018-12-12 16:43:28 - [TEST_STEP][PASSED] - Statement - PreSaveFile = new java.io.File(((pathPrefix + java.lang.Integer.toString(counter)) + .png)): null

2018-12-12 16:43:28 - [TEST_STEP][PASSED] - Statement - counter = counter + 1: null

2018-12-12 16:43:28 - [TEST_STEP][PASSED] - Statement - PreSaveFile = new java.io.File(((pathPrefix + java.lang.Integer.toString(counter)) + .png)): null

2018-12-12 16:43:28 - [TEST_STEP][PASSED] - Statement - counter = counter + 1: null

2018-12-12 16:43:28 - [TEST_STEP][PASSED] - Statement - PreSaveFile = new java.io.File(((pathPrefix + java.lang.Integer.toString(counter)) + .png)): null

2018-12-12 16:43:28 - [TEST_STEP][PASSED] - Statement - counter = counter + 1: null

2018-12-12 16:43:28 - [TEST_STEP][PASSED] - Statement - PreSaveFile = new java.io.File(((pathPrefix + java.lang.Integer.toString(counter)) + .png)): null

2018-12-12 16:43:28 - [TEST_STEP][PASSED] - Statement - counter = counter + 1: null

2018-12-12 16:43:28 - [TEST_STEP][PASSED] - Statement - PreSaveFile = new java.io.File(((pathPrefix + java.lang.Integer.toString(counter)) + .png)): null

2018-12-12 16:43:28 - [TEST_STEP][PASSED] - Statement - counter = counter + 1: null

2018-12-12 16:43:28 - [TEST_STEP][PASSED] - Statement - PreSaveFile = new java.io.File(((pathPrefix + java.lang.Integer.toString(counter)) + .png)): null

2018-12-12 16:43:28 - [TEST_STEP][PASSED] - Statement - counter = counter + 1: null

2018-12-12 16:43:28 - [TEST_STEP][PASSED] - Statement - PreSaveFile = new java.io.File(((pathPrefix + java.lang.Integer.toString(counter)) + .png)): null

2018-12-12 16:43:28 - [TEST_STEP][PASSED] - Statement - counter = counter + 1: null

2018-12-12 16:43:28 - [TEST_STEP][PASSED] - Statement - PreSaveFile = new java.io.File(((pathPrefix + java.lang.Integer.toString(counter)) + .png)): null

2018-12-12 16:43:28 - [TEST_STEP][PASSED] - Statement - counter = counter + 1: null

2018-12-12 16:43:28 - [TEST_STEP][PASSED] - Statement - PreSaveFile = new java.io.File(((pathPrefix + java.lang.Integer.toString(counter)) + .png)): null

2018-12-12 16:43:28 - [TEST_STEP][PASSED] - Statement - counter = counter + 1: null

2018-12-12 16:43:28 - [TEST_STEP][PASSED] - Statement - PreSaveFile = new java.io.File(((pathPrefix + java.lang.Integer.toString(counter)) + .png)): null

2018-12-12 16:43:28 - [TEST_STEP][PASSED] - Statement - counter = counter + 1: null

2018-12-12 16:43:28 - [TEST_STEP][PASSED] - Statement - PreSaveFile = new java.io.File(((pathPrefix + java.lang.Integer.toString(counter)) + .png)): null

2018-12-12 16:43:28 - [TEST_STEP][PASSED] - Statement - counter = counter + 1: null

2018-12-12 16:43:28 - [TEST_STEP][PASSED] - Statement - PreSaveFile = new java.io.File(((pathPrefix + java.lang.Integer.toString(counter)) + .png)): null

2018-12-12 16:43:28 - [TEST_STEP][PASSED] - Statement - counter = counter + 1: null

2018-12-12 16:43:28 - [TEST_STEP][PASSED] - Statement - PreSaveFile = new java.io.File(((pathPrefix + java.lang.Integer.toString(counter)) + .png)): null

2018-12-12 16:43:28 - [TEST_STEP][PASSED] - Statement - counter = counter + 1: null

2018-12-12 16:43:28 - [TEST_STEP][PASSED] - Statement - PreSaveFile = new java.io.File(((pathPrefix + java.lang.Integer.toString(counter)) + .png)): null

2018-12-12 16:43:28 - [TEST_STEP][PASSED] - Statement - counter = counter + 1: null

2018-12-12 16:43:28 - [TEST_STEP][PASSED] - Statement - PreSaveFile = new java.io.File(((pathPrefix + java.lang.Integer.toString(counter)) + .png)): null

2018-12-12 16:43:28 - [TEST_STEP][PASSED] - Statement - counter = counter + 1: null

2018-12-12 16:43:28 - [TEST_STEP][PASSED] - Statement - PreSaveFile = new java.io.File(((pathPrefix + java.lang.Integer.toString(counter)) + .png)): null

2018-12-12 16:43:28 - [TEST_STEP][PASSED] - Statement - counter = counter + 1: null

2018-12-12 16:43:28 - [TEST_STEP][PASSED] - Statement - PreSaveFile = new java.io.File(((pathPrefix + java.lang.Integer.toString(counter)) + .png)): null

2018-12-12 16:43:28 - [TEST_STEP][PASSED] - Statement - counter = counter + 1: null

2018-12-12 16:43:28 - [TEST_STEP][PASSED] - Statement - PreSaveFile = new java.io.File(((pathPrefix + java.lang.Integer.toString(counter)) + .png)): null

2018-12-12 16:43:28 - [TEST_STEP][PASSED] - Statement - counter = counter + 1: null

2018-12-12 16:43:28 - [TEST_STEP][PASSED] - Statement - PreSaveFile = new java.io.File(((pathPrefix + java.lang.Integer.toString(counter)) + .png)): null

2018-12-12 16:43:28 - [TEST_STEP][PASSED] - Statement - counter = counter + 1: null

2018-12-12 16:43:28 - [TEST_STEP][PASSED] - Statement - PreSaveFile = new java.io.File(((pathPrefix + java.lang.Integer.toString(counter)) + .png)): null

2018-12-12 16:43:28 - [TEST_STEP][PASSED] - Statement - counter = counter + 1: null

2018-12-12 16:43:28 - [TEST_STEP][PASSED] - Statement - PreSaveFile = new java.io.File(((pathPrefix + java.lang.Integer.toString(counter)) + .png)): null

2018-12-12 16:43:28 - [TEST_STEP][PASSED] - Statement - counter = counter + 1: null

2018-12-12 16:43:28 - [TEST_STEP][PASSED] - Statement - PreSaveFile = new java.io.File(((pathPrefix + java.lang.Integer.toString(counter)) + .png)): null

2018-12-12 16:43:28 - [TEST_STEP][PASSED] - Statement - counter = counter + 1: null

2018-12-12 16:43:28 - [TEST_STEP][PASSED] - Statement - PreSaveFile = new java.io.File(((pathPrefix + java.lang.Integer.toString(counter)) + .png)): null

2018-12-12 16:43:28 - [TEST_STEP][PASSED] - Statement - counter = counter + 1: null

2018-12-12 16:43:28 - [TEST_STEP][PASSED] - Statement - PreSaveFile = new java.io.File(((pathPrefix + java.lang.Integer.toString(counter)) + .png)): null

2018-12-12 16:43:28 - [TEST_STEP][PASSED] - Statement - counter = counter + 1: null

2018-12-12 16:43:28 - [TEST_STEP][PASSED] - Statement - PreSaveFile = new java.io.File(((pathPrefix + java.lang.Integer.toString(counter)) + .png)): null

2018-12-12 16:43:28 - [TEST_STEP][PASSED] - Statement - counter = counter + 1: null

2018-12-12 16:43:28 - [TEST_STEP][PASSED] - Statement - PreSaveFile = new java.io.File(((pathPrefix + java.lang.Integer.toString(counter)) + .png)): null

2018-12-12 16:43:28 - [TEST_STEP][PASSED] - Statement - counter = counter + 1: null

2018-12-12 16:43:28 - [TEST_STEP][PASSED] - Statement - PreSaveFile = new java.io.File(((pathPrefix + java.lang.Integer.toString(counter)) + .png)): null

2018-12-12 16:43:28 - [TEST_STEP][PASSED] - Statement - counter = counter + 1: null

2018-12-12 16:43:28 - [TEST_STEP][PASSED] - Statement - PreSaveFile = new java.io.File(((pathPrefix + java.lang.Integer.toString(counter)) + .png)): null

2018-12-12 16:43:28 - [TEST_STEP][PASSED] - Statement - counter = counter + 1: null

2018-12-12 16:43:28 - [TEST_STEP][PASSED] - Statement - PreSaveFile = new java.io.File(((pathPrefix + java.lang.Integer.toString(counter)) + .png)): null

2018-12-12 16:43:28 - [TEST_STEP][PASSED] - Statement - counter = counter + 1: null

2018-12-12 16:43:28 - [TEST_STEP][PASSED] - Statement - PreSaveFile = new java.io.File(((pathPrefix + java.lang.Integer.toString(counter)) + .png)): null

2018-12-12 16:43:28 - [TEST_STEP][PASSED] - Statement - counter = counter + 1: null

2018-12-12 16:43:28 - [TEST_STEP][PASSED] - Statement - PreSaveFile = new java.io.File(((pathPrefix + java.lang.Integer.toString(counter)) + .png)): null

2018-12-12 16:43:28 - [TEST_STEP][PASSED] - Statement - counter = counter + 1: null

2018-12-12 16:43:28 - [TEST_STEP][PASSED] - Statement - PreSaveFile = new java.io.File(((pathPrefix + java.lang.Integer.toString(counter)) + .png)): null

2018-12-12 16:43:28 - [TEST_STEP][PASSED] - Statement - counter = counter + 1: null

2018-12-12 16:43:28 - [TEST_STEP][PASSED] - Statement - PreSaveFile = new java.io.File(((pathPrefix + java.lang.Integer.toString(counter)) + .png)): null

2018-12-12 16:43:28 - [TEST_STEP][PASSED] - Statement - counter = counter + 1: null

2018-12-12 16:43:28 - [TEST_STEP][PASSED] - Statement - PreSaveFile = new java.io.File(((pathPrefix + java.lang.Integer.toString(counter)) + .png)): null

2018-12-12 16:43:28 - [TEST_STEP][PASSED] - Statement - counter = counter + 1: null

2018-12-12 16:43:28 - [TEST_STEP][PASSED] - Statement - PreSaveFile = new java.io.File(((pathPrefix + java.lang.Integer.toString(counter)) + .png)): null

2018-12-12 16:43:28 - [TEST_STEP][PASSED] - Statement - counter = counter + 1: null

2018-12-12 16:43:28 - [TEST_STEP][PASSED] - Statement - PreSaveFile = new java.io.File(((pathPrefix + java.lang.Integer.toString(counter)) + .png)): null

2018-12-12 16:43:28 - [TEST_STEP][PASSED] - Statement - counter = counter + 1: null

2018-12-12 16:43:28 - [TEST_STEP][PASSED] - Statement - PreSaveFile = new java.io.File(((pathPrefix + java.lang.Integer.toString(counter)) + .png)): null

2018-12-12 16:43:28 - [TEST_STEP][PASSED] - Statement - counter = counter + 1: null

2018-12-12 16:43:28 - [TEST_STEP][PASSED] - Statement - PreSaveFile = new java.io.File(((pathPrefix + java.lang.Integer.toString(counter)) + .png)): null

2018-12-12 16:43:28 - [TEST_STEP][PASSED] - Statement - counter = counter + 1: null

2018-12-12 16:43:28 - [TEST_STEP][PASSED] - Statement - PreSaveFile = new java.io.File(((pathPrefix + java.lang.Integer.toString(counter)) + .png)): null

2018-12-12 16:43:28 - [TEST_STEP][PASSED] - Statement - counter = counter + 1: null

2018-12-12 16:43:28 - [TEST_STEP][PASSED] - Statement - PreSaveFile = new java.io.File(((pathPrefix + java.lang.Integer.toString(counter)) + .png)): null

2018-12-12 16:43:28 - [TEST_STEP][PASSED] - Statement - counter = counter + 1: null

2018-12-12 16:43:28 - [TEST_STEP][PASSED] - Statement - PreSaveFile = new java.io.File(((pathPrefix + java.lang.Integer.toString(counter)) + .png)): null

2018-12-12 16:43:28 - [TEST_STEP][PASSED] - Statement - counter = counter + 1: null

2018-12-12 16:43:28 - [TEST_STEP][PASSED] - Statement - PreSaveFile = new java.io.File(((pathPrefix + java.lang.Integer.toString(counter)) + .png)): null

2018-12-12 16:43:28 - [TEST_STEP][PASSED] - Statement - counter = counter + 1: null

2018-12-12 16:43:28 - [TEST_STEP][PASSED] - Statement - PreSaveFile = new java.io.File(((pathPrefix + java.lang.Integer.toString(counter)) + .png)): null

2018-12-12 16:43:28 - [TEST_STEP][PASSED] - Statement - counter = counter + 1: null

2018-12-12 16:43:28 - [TEST_STEP][PASSED] - Statement - PreSaveFile = new java.io.File(((pathPrefix + java.lang.Integer.toString(counter)) + .png)): null

2018-12-12 16:43:28 - [TEST_STEP][PASSED] - Statement - counter = counter + 1: null

2018-12-12 16:43:28 - [TEST_STEP][PASSED] - Statement - PreSaveFile = new java.io.File(((pathPrefix + java.lang.Integer.toString(counter)) + .png)): null

2018-12-12 16:43:28 - [TEST_STEP][PASSED] - Statement - counter = counter + 1: null

2018-12-12 16:43:28 - [TEST_STEP][PASSED] - Statement - PreSaveFile = new java.io.File(((pathPrefix + java.lang.Integer.toString(counter)) + .png)): null

2018-12-12 16:43:28 - [TEST_STEP][PASSED] - Statement - counter = counter + 1: null

2018-12-12 16:43:28 - [TEST_STEP][PASSED] - Statement - PreSaveFile = new java.io.File(((pathPrefix + java.lang.Integer.toString(counter)) + .png)): null

2018-12-12 16:43:28 - [TEST_STEP][PASSED] - Statement - counter = counter + 1: null

2018-12-12 16:43:28 - [TEST_STEP][PASSED] - Statement - PreSaveFile = new java.io.File(((pathPrefix + java.lang.Integer.toString(counter)) + .png)): null

2018-12-12 16:43:28 - [TEST_STEP][PASSED] - Statement - counter = counter + 1: null

2018-12-12 16:43:28 - [TEST_STEP][PASSED] - Statement - PreSaveFile = new java.io.File(((pathPrefix + java.lang.Integer.toString(counter)) + .png)): null

2018-12-12 16:43:28 - [TEST_STEP][PASSED] - Statement - counter = counter + 1: null

2018-12-12 16:43:28 - [TEST_STEP][PASSED] - Statement - PreSaveFile = new java.io.File(((pathPrefix + java.lang.Integer.toString(counter)) + .png)): null

2018-12-12 16:43:28 - [TEST_STEP][PASSED] - Statement - counter = counter + 1: null

2018-12-12 16:43:28 - [TEST_STEP][PASSED] - Statement - PreSaveFile = new java.io.File(((pathPrefix + java.lang.Integer.toString(counter)) + .png)): null

2018-12-12 16:43:28 - [TEST_STEP][PASSED] - Statement - counter = counter + 1: null

2018-12-12 16:43:28 - [TEST_STEP][PASSED] - Statement - PreSaveFile = new java.io.File(((pathPrefix + java.lang.Integer.toString(counter)) + .png)): null

2018-12-12 16:43:28 - [TEST_STEP][PASSED] - Statement - counter = counter + 1: null

2018-12-12 16:43:28 - [TEST_STEP][PASSED] - Statement - PreSaveFile = new java.io.File(((pathPrefix + java.lang.Integer.toString(counter)) + .png)): null

2018-12-12 16:43:28 - [TEST_STEP][PASSED] - Statement - counter = counter + 1: null

2018-12-12 16:43:28 - [TEST_STEP][PASSED] - Statement - PreSaveFile = new java.io.File(((pathPrefix + java.lang.Integer.toString(counter)) + .png)): null

2018-12-12 16:43:28 - [TEST_STEP][PASSED] - Statement - counter = counter + 1: null

2018-12-12 16:43:28 - [TEST_STEP][PASSED] - Statement - PreSaveFile = new java.io.File(((pathPrefix + java.lang.Integer.toString(counter)) + .png)): null

2018-12-12 16:43:28 - [TEST_STEP][PASSED] - Statement - counter = counter + 1: null

2018-12-12 16:43:28 - [TEST_STEP][PASSED] - Statement - PreSaveFile = new java.io.File(((pathPrefix + java.lang.Integer.toString(counter)) + .png)): null

2018-12-12 16:43:28 - [TEST_STEP][PASSED] - Statement - counter = counter + 1: null

2018-12-12 16:43:28 - [TEST_STEP][PASSED] - Statement - PreSaveFile = new java.io.File(((pathPrefix + java.lang.Integer.toString(counter)) + .png)): null

2018-12-12 16:43:28 - [TEST_STEP][PASSED] - Statement - counter = counter + 1: null

2018-12-12 16:43:28 - [TEST_STEP][PASSED] - Statement - PreSaveFile = new java.io.File(((pathPrefix + java.lang.Integer.toString(counter)) + .png)): null

2018-12-12 16:43:28 - [TEST_STEP][PASSED] - Statement - counter = counter + 1: null

2018-12-12 16:43:28 - [TEST_STEP][PASSED] - Statement - PreSaveFile = new java.io.File(((pathPrefix + java.lang.Integer.toString(counter)) + .png)): null

2018-12-12 16:43:28 - [TEST_STEP][PASSED] - Statement - counter = counter + 1: null

2018-12-12 16:43:28 - [TEST_STEP][PASSED] - Statement - PreSaveFile = new java.io.File(((pathPrefix + java.lang.Integer.toString(counter)) + .png)): null

2018-12-12 16:43:28 - [TEST_STEP][PASSED] - Statement - counter = counter + 1: null

2018-12-12 16:43:28 - [TEST_STEP][PASSED] - Statement - PreSaveFile = new java.io.File(((pathPrefix + java.lang.Integer.toString(counter)) + .png)): null

2018-12-12 16:43:28 - [TEST_STEP][PASSED] - Statement - counter = counter + 1: null

2018-12-12 16:43:28 - [TEST_STEP][PASSED] - Statement - PreSaveFile = new java.io.File(((pathPrefix + java.lang.Integer.toString(counter)) + .png)): null

2018-12-12 16:43:28 - [TEST_STEP][PASSED] - Statement - counter = counter + 1: null

2018-12-12 16:43:28 - [TEST_STEP][PASSED] - Statement - PreSaveFile = new java.io.File(((pathPrefix + java.lang.Integer.toString(counter)) + .png)): null

2018-12-12 16:43:28 - [TEST_STEP][PASSED] - Statement - counter = counter + 1: null

2018-12-12 16:43:28 - [TEST_STEP][PASSED] - Statement - PreSaveFile = new java.io.File(((pathPrefix + java.lang.Integer.toString(counter)) + .png)): null

2018-12-12 16:43:28 - [TEST_STEP][PASSED] - Statement - counter = counter + 1: null

2018-12-12 16:43:28 - [TEST_STEP][PASSED] - Statement - PreSaveFile = new java.io.File(((pathPrefix + java.lang.Integer.toString(counter)) + .png)): null

2018-12-12 16:43:28 - [TEST_STEP][PASSED] - Statement - counter = counter + 1: null

2018-12-12 16:43:28 - [TEST_STEP][PASSED] - Statement - PreSaveFile = new java.io.File(((pathPrefix + java.lang.Integer.toString(counter)) + .png)): null

2018-12-12 16:43:28 - [TEST_STEP][PASSED] - Statement - counter = counter + 1: null

2018-12-12 16:43:28 - [TEST_STEP][PASSED] - Statement - PreSaveFile = new java.io.File(((pathPrefix + java.lang.Integer.toString(counter)) + .png)): null

2018-12-12 16:43:28 - [TEST_STEP][PASSED] - Statement - counter = counter + 1: null

2018-12-12 16:43:28 - [TEST_STEP][PASSED] - Statement - PreSaveFile = new java.io.File(((pathPrefix + java.lang.Integer.toString(counter)) + .png)): null

2018-12-12 16:43:28 - [TEST_STEP][PASSED] - Statement - counter = counter + 1: null

2018-12-12 16:43:28 - [TEST_STEP][PASSED] - Statement - PreSaveFile = new java.io.File(((pathPrefix + java.lang.Integer.toString(counter)) + .png)): null

2018-12-12 16:43:28 - [TEST_STEP][PASSED] - Statement - counter = counter + 1: null

2018-12-12 16:43:28 - [TEST_STEP][PASSED] - Statement - PreSaveFile = new java.io.File(((pathPrefix + java.lang.Integer.toString(counter)) + .png)): null

2018-12-12 16:43:28 - [TEST_STEP][PASSED] - Statement - counter = counter + 1: null

2018-12-12 16:43:28 - [TEST_STEP][PASSED] - Statement - PreSaveFile = new java.io.File(((pathPrefix + java.lang.Integer.toString(counter)) + .png)): null

2018-12-12 16:43:28 - [TEST_STEP][PASSED] - Statement - counter = counter + 1: null

2018-12-12 16:43:28 - [TEST_STEP][PASSED] - Statement - PreSaveFile = new java.io.File(((pathPrefix + java.lang.Integer.toString(counter)) + .png)): null

2018-12-12 16:43:28 - [TEST_STEP][PASSED] - Statement - counter = counter + 1: null

2018-12-12 16:43:28 - [TEST_STEP][PASSED] - Statement - PreSaveFile = new java.io.File(((pathPrefix + java.lang.Integer.toString(counter)) + .png)): null

2018-12-12 16:43:28 - [TEST_STEP][PASSED] - Statement - counter = counter + 1: null

2018-12-12 16:43:28 - [TEST_STEP][PASSED] - Statement - PreSaveFile = new java.io.File(((pathPrefix + java.lang.Integer.toString(counter)) + .png)): null

2018-12-12 16:43:28 - [TEST_STEP][PASSED] - Statement - counter = counter + 1: null

2018-12-12 16:43:28 - [TEST_STEP][PASSED] - Statement - PreSaveFile = new java.io.File(((pathPrefix + java.lang.Integer.toString(counter)) + .png)): null

2018-12-12 16:43:28 - [TEST_STEP][PASSED] - Statement - counter = counter + 1: null

2018-12-12 16:43:28 - [TEST_STEP][PASSED] - Statement - PreSaveFile = new java.io.File(((pathPrefix + java.lang.Integer.toString(counter)) + .png)): null

2018-12-12 16:43:28 - [TEST_STEP][PASSED] - Statement - counter = counter + 1: null

2018-12-12 16:43:28 - [TEST_STEP][PASSED] - Statement - PreSaveFile = new java.io.File(((pathPrefix + java.lang.Integer.toString(counter)) + .png)): null

2018-12-12 16:43:28 - [TEST_STEP][PASSED] - Statement - counter = counter + 1: null

2018-12-12 16:43:28 - [TEST_STEP][PASSED] - Statement - PreSaveFile = new java.io.File(((pathPrefix + java.lang.Integer.toString(counter)) + .png)): null

2018-12-12 16:43:28 - [TEST_STEP][PASSED] - Statement - counter = counter + 1: null

2018-12-12 16:43:28 - [TEST_STEP][PASSED] - Statement - PreSaveFile = new java.io.File(((pathPrefix + java.lang.Integer.toString(counter)) + .png)): null

2018-12-12 16:43:28 - [TEST_STEP][PASSED] - Statement - counter = counter + 1: null

2018-12-12 16:43:28 - [TEST_STEP][PASSED] - Statement - PreSaveFile = new java.io.File(((pathPrefix + java.lang.Integer.toString(counter)) + .png)): null

2018-12-12 16:43:28 - [TEST_STEP][PASSED] - Statement - counter = counter + 1: null

2018-12-12 16:43:28 - [TEST_STEP][PASSED] - Statement - PreSaveFile = new java.io.File(((pathPrefix + java.lang.Integer.toString(counter)) + .png)): null

2018-12-12 16:43:28 - [TEST_STEP][PASSED] - Statement - counter = counter + 1: null

2018-12-12 16:43:28 - [TEST_STEP][PASSED] - Statement - PreSaveFile = new java.io.File(((pathPrefix + java.lang.Integer.toString(counter)) + .png)): null

2018-12-12 16:43:28 - [TEST_STEP][PASSED] - Statement - counter = counter + 1: null

2018-12-12 16:43:28 - [TEST_STEP][PASSED] - Statement - PreSaveFile = new java.io.File(((pathPrefix + java.lang.Integer.toString(counter)) + .png)): null

2018-12-12 16:43:28 - [TEST_STEP][PASSED] - Statement - counter = counter + 1: null

2018-12-12 16:43:28 - [TEST_STEP][PASSED] - Statement - PreSaveFile = new java.io.File(((pathPrefix + java.lang.Integer.toString(counter)) + .png)): null

2018-12-12 16:43:28 - [TEST_STEP][PASSED] - Statement - counter = counter + 1: null

2018-12-12 16:43:28 - [TEST_STEP][PASSED] - Statement - PreSaveFile = new java.io.File(((pathPrefix + java.lang.Integer.toString(counter)) + .png)): null

2018-12-12 16:43:28 - [TEST_STEP][PASSED] - Statement - counter = counter + 1: null

2018-12-12 16:43:28 - [TEST_STEP][PASSED] - Statement - PreSaveFile = new java.io.File(((pathPrefix + java.lang.Integer.toString(counter)) + .png)): null

2018-12-12 16:43:28 - [TEST_STEP][PASSED] - Statement - counter = counter + 1: null

2018-12-12 16:43:28 - [TEST_STEP][PASSED] - Statement - PreSaveFile = new java.io.File(((pathPrefix + java.lang.Integer.toString(counter)) + .png)): null

2018-12-12 16:43:28 - [TEST_STEP][PASSED] - Statement - counter = counter + 1: null

2018-12-12 16:43:28 - [TEST_STEP][PASSED] - Statement - PreSaveFile = new java.io.File(((pathPrefix + java.lang.Integer.toString(counter)) + .png)): null

2018-12-12 16:43:28 - [TEST_STEP][PASSED] - Statement - counter = counter + 1: null

2018-12-12 16:43:28 - [TEST_STEP][PASSED] - Statement - PreSaveFile = new java.io.File(((pathPrefix + java.lang.Integer.toString(counter)) + .png)): null

2018-12-12 16:43:28 - [TEST_STEP][PASSED] - Statement - counter = counter + 1: null

2018-12-12 16:43:28 - [TEST_STEP][PASSED] - Statement - PreSaveFile = new java.io.File(((pathPrefix + java.lang.Integer.toString(counter)) + .png)): null

2018-12-12 16:43:28 - [TEST_STEP][PASSED] - Statement - counter = counter + 1: null

2018-12-12 16:43:28 - [TEST_STEP][PASSED] - Statement - PreSaveFile = new java.io.File(((pathPrefix + java.lang.Integer.toString(counter)) + .png)): null

2018-12-12 16:43:28 - [TEST_STEP][PASSED] - Statement - counter = counter + 1: null

2018-12-12 16:43:28 - [TEST_STEP][PASSED] - Statement - PreSaveFile = new java.io.File(((pathPrefix + java.lang.Integer.toString(counter)) + .png)): null

2018-12-12 16:43:28 - [TEST_STEP][PASSED] - Statement - counter = counter + 1: null

2018-12-12 16:43:28 - [TEST_STEP][PASSED] - Statement - PreSaveFile = new java.io.File(((pathPrefix + java.lang.Integer.toString(counter)) + .png)): null

2018-12-12 16:43:28 - [TEST_STEP][PASSED] - Statement - counter = counter + 1: null

2018-12-12 16:43:28 - [TEST_STEP][PASSED] - Statement - PreSaveFile = new java.io.File(((pathPrefix + java.lang.Integer.toString(counter)) + .png)): null

2018-12-12 16:43:28 - [TEST_STEP][PASSED] - Statement - counter = counter + 1: null

2018-12-12 16:43:28 - [TEST_STEP][PASSED] - Statement - PreSaveFile = new java.io.File(((pathPrefix + java.lang.Integer.toString(counter)) + .png)): null

2018-12-12 16:43:28 - [TEST_STEP][PASSED] - Statement - counter = counter + 1: null

2018-12-12 16:43:28 - [TEST_STEP][PASSED] - Statement - PreSaveFile = new java.io.File(((pathPrefix + java.lang.Integer.toString(counter)) + .png)): null

2018-12-12 16:43:28 - [TEST_STEP][PASSED] - Statement - counter = counter + 1: null

2018-12-12 16:43:28 - [TEST_STEP][PASSED] - Statement - PreSaveFile = new java.io.File(((pathPrefix + java.lang.Integer.toString(counter)) + .png)): null

2018-12-12 16:43:28 - [TEST_STEP][PASSED] - Statement - counter = counter + 1: null

2018-12-12 16:43:28 - [TEST_STEP][PASSED] - Statement - PreSaveFile = new java.io.File(((pathPrefix + java.lang.Integer.toString(counter)) + .png)): null

2018-12-12 16:43:28 - [TEST_STEP][PASSED] - Statement - counter = counter + 1: null

2018-12-12 16:43:28 - [TEST_STEP][PASSED] - Statement - PreSaveFile = new java.io.File(((pathPrefix + java.lang.Integer.toString(counter)) + .png)): null

2018-12-12 16:43:28 - [TEST_STEP][PASSED] - Statement - counter = counter + 1: null

2018-12-12 16:43:28 - [TEST_STEP][PASSED] - Statement - PreSaveFile = new java.io.File(((pathPrefix + java.lang.Integer.toString(counter)) + .png)): null

2018-12-12 16:43:28 - [TEST_STEP][PASSED] - Statement - counter = counter + 1: null

2018-12-12 16:43:28 - [TEST_STEP][PASSED] - Statement - PreSaveFile = new java.io.File(((pathPrefix + java.lang.Integer.toString(counter)) + .png)): null

2018-12-12 16:43:28 - [TEST_STEP][PASSED] - Statement - counter = counter + 1: null

2018-12-12 16:43:28 - [TEST_STEP][PASSED] - Statement - PreSaveFile = new java.io.File(((pathPrefix + java.lang.Integer.toString(counter)) + .png)): null

2018-12-12 16:43:28 - [TEST_STEP][PASSED] - Statement - counter = counter + 1: null

2018-12-12 16:43:28 - [TEST_STEP][PASSED] - Statement - PreSaveFile = new java.io.File(((pathPrefix + java.lang.Integer.toString(counter)) + .png)): null

2018-12-12 16:43:28 - [TEST_STEP][PASSED] - Statement - counter = counter + 1: null

2018-12-12 16:43:28 - [TEST_STEP][PASSED] - Statement - PreSaveFile = new java.io.File(((pathPrefix + java.lang.Integer.toString(counter)) + .png)): null

2018-12-12 16:43:28 - [TEST_STEP][PASSED] - Statement - counter = counter + 1: null

2018-12-12 16:43:28 - [TEST_STEP][PASSED] - Statement - PreSaveFile = new java.io.File(((pathPrefix + java.lang.Integer.toString(counter)) + .png)): null

2018-12-12 16:43:28 - [TEST_STEP][PASSED] - Statement - counter = counter + 1: null

2018-12-12 16:43:28 - [TEST_STEP][PASSED] - Statement - PreSaveFile = new java.io.File(((pathPrefix + java.lang.Integer.toString(counter)) + .png)): null

2018-12-12 16:43:28 - [TEST_STEP][PASSED] - Statement - counter = counter + 1: null

2018-12-12 16:43:28 - [TEST_STEP][PASSED] - Statement - PreSaveFile = new java.io.File(((pathPrefix + java.lang.Integer.toString(counter)) + .png)): null

2018-12-12 16:43:28 - [TEST_STEP][PASSED] - Statement - counter = counter + 1: null

2018-12-12 16:43:28 - [TEST_STEP][PASSED] - Statement - PreSaveFile = new java.io.File(((pathPrefix + java.lang.Integer.toString(counter)) + .png)): null

2018-12-12 16:43:28 - [TEST_STEP][PASSED] - Statement - counter = counter + 1: null

2018-12-12 16:43:28 - [TEST_STEP][PASSED] - Statement - PreSaveFile = new java.io.File(((pathPrefix + java.lang.Integer.toString(counter)) + .png)): null

2018-12-12 16:43:28 - [TEST_STEP][PASSED] - Statement - counter = counter + 1: null

2018-12-12 16:43:28 - [TEST_STEP][PASSED] - Statement - PreSaveFile = new java.io.File(((pathPrefix + java.lang.Integer.toString(counter)) + .png)): null

2018-12-12 16:43:28 - [TEST_STEP][PASSED] - Statement - counter = counter + 1: null

2018-12-12 16:43:28 - [TEST_STEP][PASSED] - Statement - PreSaveFile = new java.io.File(((pathPrefix + java.lang.Integer.toString(counter)) + .png)): null

2018-12-12 16:43:28 - [TEST_STEP][PASSED] - Statement - counter = counter + 1: null

2018-12-12 16:43:28 - [TEST_STEP][PASSED] - Statement - PreSaveFile = new java.io.File(((pathPrefix + java.lang.Integer.toString(counter)) + .png)): null

2018-12-12 16:43:28 - [TEST_STEP][PASSED] - Statement - counter = counter + 1: null

2018-12-12 16:43:28 - [TEST_STEP][PASSED] - Statement - PreSaveFile = new java.io.File(((pathPrefix + java.lang.Integer.toString(counter)) + .png)): null

2018-12-12 16:43:28 - [TEST_STEP][PASSED] - Statement - counter = counter + 1: null

2018-12-12 16:43:28 - [TEST_STEP][PASSED] - Statement - PreSaveFile = new java.io.File(((pathPrefix + java.lang.Integer.toString(counter)) + .png)): null

2018-12-12 16:43:28 - [TEST_STEP][PASSED] - Statement - counter = counter + 1: null

2018-12-12 16:43:28 - [TEST_STEP][PASSED] - Statement - PreSaveFile = new java.io.File(((pathPrefix + java.lang.Integer.toString(counter)) + .png)): null

2018-12-12 16:43:28 - [TEST_STEP][PASSED] - Statement - counter = counter + 1: null

2018-12-12 16:43:28 - [TEST_STEP][PASSED] - Statement - PreSaveFile = new java.io.File(((pathPrefix + java.lang.Integer.toString(counter)) + .png)): null

2018-12-12 16:43:28 - [TEST_STEP][PASSED] - Statement - counter = counter + 1: null

2018-12-12 16:43:28 - [TEST_STEP][PASSED] - Statement - PreSaveFile = new java.io.File(((pathPrefix + java.lang.Integer.toString(counter)) + .png)): null

2018-12-12 16:43:28 - [TEST_STEP][PASSED] - Statement - counter = counter + 1: null

2018-12-12 16:43:28 - [TEST_STEP][PASSED] - Statement - PreSaveFile = new java.io.File(((pathPrefix + java.lang.Integer.toString(counter)) + .png)): null

2018-12-12 16:43:28 - [TEST_STEP][PASSED] - Statement - counter = counter + 1: null

2018-12-12 16:43:28 - [TEST_STEP][PASSED] - Statement - PreSaveFile = new java.io.File(((pathPrefix + java.lang.Integer.toString(counter)) + .png)): null

2018-12-12 16:43:28 - [TEST_STEP][PASSED] - Statement - counter = counter + 1: null

2018-12-12 16:43:28 - [TEST_STEP][PASSED] - Statement - PreSaveFile = new java.io.File(((pathPrefix + java.lang.Integer.toString(counter)) + .png)): null

2018-12-12 16:43:28 - [TEST_STEP][PASSED] - Statement - counter = counter + 1: null

2018-12-12 16:43:28 - [TEST_STEP][PASSED] - Statement - PreSaveFile = new java.io.File(((pathPrefix + java.lang.Integer.toString(counter)) + .png)): null

2018-12-12 16:43:28 - [TEST_STEP][PASSED] - Statement - finalPath = pathPrefix + java.lang.Integer.toString(counter) + ".png": null

2018-12-12 16:43:28 - [TEST_STEP][PASSED] - Statement - SaveFile = new java.io.File(finalPath): null

2018-12-12 16:43:28 - [TEST_STEP][PASSED] - Statement - Try: null

2018-12-12 16:43:28 - [TEST_STEP][PASSED] - Statement - org.apache.commons.io.FileUtils.copyFile(scrFile, SaveFile): null

2018-12-12 16:43:28 - [TEST_STEP][PASSED] - Statement - out.println("file kept"): null

2018-12-12 16:43:28 - [TEST_STEP][PASSED] - delay: Delayed 10 second(s)

2018-12-12 16:43:38 - [MESSAGE][PASSED] - Delayed 10 second(s)

2018-12-12 16:43:38 - [MESSAGE][PASSED] - Call Test Case 'Test Cases/Final Aug 2018 - PKS Automation/Registration Module/New Registration/Submit and Screenshot/Submit Registration and Screenshot' successfully]]></system-out>
         <system-err><![CDATA[]]></system-err>
      </testcase>
      <testcase name="Test Cases/Final Aug 2018 - PKS Automation/Registration Module/Critical Path/New Registration/Register ASSIST Only/Other - Federal Government Agency" classname="Test Cases/Final Aug 2018 - PKS Automation/Registration Module/Critical Path/New Registration/Register ASSIST Only/Other - Federal Government Agency" status="PASSED">
         <system-out><![CDATA[2018-12-12 16:43:38 - [TEST_CASE][PASSED] - Test Cases/Final Aug 2018 - PKS Automation/Registration Module/Critical Path/New Registration/Register ASSIST Only/Other - Federal Government Agency: Test Cases/Final Aug 2018 - PKS Automation/Registration Module/Critical Path/New Registration/Register ASSIST Only/Other - Federal Government Agency

2018-12-12 16:43:39 - [TEST_STEP][PASSED] - callTestCase: Call Test Case 'Test Cases/Final Aug 2018 - PKS Automation/Registration Module/New Registration/Form 1/Form 1 - Other - Federal Government Agency' successfully

2018-12-12 16:43:39 - [TEST_CASE][PASSED] - Test Cases/Final Aug 2018 - PKS Automation/Registration Module/New Registration/Form 1/Form 1 - Other - Federal Government Agency: Test Cases/Final Aug 2018 - PKS Automation/Registration Module/New Registration/Form 1/Form 1 - Other - Federal Government Agency

2018-12-12 16:43:39 - [TEST_STEP][PASSED] - openBrowser: Browser is opened with url: ''

2018-12-12 16:43:39 - [MESSAGE][WARNING] - A browser is already opened. Closing browser and opening a new one

2018-12-12 16:43:42 - [MESSAGE][PASSED] - Browser is opened with url: ''

2018-12-12 16:43:42 - [TEST_STEP][PASSED] - navigateToUrl: Navigate to 'https://assist2-uat.perkeso.gov.my/login' successfully

2018-12-12 16:43:43 - [MESSAGE][PASSED] - Navigate to 'https://assist2-uat.perkeso.gov.my/login' successfully

2018-12-12 16:43:43 - [TEST_STEP][PASSED] - setText: Text 'klotc2@gmail.com' is set on object 'Object Repository/Final Object Repo/Login Page/Internal User/Email Address'

2018-12-12 16:43:43 - [MESSAGE][PASSED] - Text 'klotc2@gmail.com' is set on object 'Object Repository/Final Object Repo/Login Page/Internal User/Email Address'

2018-12-12 16:43:43 - [TEST_STEP][PASSED] - click: Object: 'Object Repository/Final Object Repo/Login Page/Internal User/Next Button' is clicked on

2018-12-12 16:43:43 - [MESSAGE][PASSED] - Object: 'Object Repository/Final Object Repo/Login Page/Internal User/Next Button' is clicked on

2018-12-12 16:43:43 - [TEST_STEP][PASSED] - delay: Delayed 1 second(s)

2018-12-12 16:43:44 - [MESSAGE][PASSED] - Delayed 1 second(s)

2018-12-12 16:43:44 - [TEST_STEP][PASSED] - setEncryptedText: Text ****** has been set on object 'Object Repository/Final Object Repo/Login Page/Internal User/Password'

2018-12-12 16:43:45 - [MESSAGE][PASSED] - Text ****** has been set on object 'Object Repository/Final Object Repo/Login Page/Internal User/Password'

2018-12-12 16:43:45 - [TEST_STEP][PASSED] - click: Object: 'Object Repository/Final Object Repo/Login Page/Internal User/Login Button' is clicked on

2018-12-12 16:43:45 - [MESSAGE][PASSED] - Object: 'Object Repository/Final Object Repo/Login Page/Internal User/Login Button' is clicked on

2018-12-12 16:43:45 - [TEST_STEP][PASSED] - delay: Delayed 1 second(s)

2018-12-12 16:43:46 - [MESSAGE][PASSED] - Delayed 1 second(s)

2018-12-12 16:43:46 - [TEST_STEP][PASSED] - Statement - Try: Delayed 2 second(s)

2018-12-12 16:43:46 - [TEST_STEP][PASSED] - Statement - Checker = false: null

2018-12-12 16:43:46 - [TEST_STEP][PASSED] - Statement - Checker = com.kms.katalon.core.webui.keyword.WebUiBuiltInKeywords.verifyElementHasAttribute(com.kms.katalon.core.testobject.ObjectRepository.findTestObject(Final Object Repo/Landing Page/BM Detecting), "href", 20, OPTIONAL): Object 'Object Repository/Final Object Repo/Landing Page/BM Detecting' has attribute 'href'

2018-12-12 16:43:47 - [MESSAGE][PASSED] - Object 'Object Repository/Final Object Repo/Landing Page/BM Detecting' has attribute 'href'

2018-12-12 16:43:47 - [TEST_STEP][PASSED] - Statement - out.println(Checker): null

2018-12-12 16:43:47 - [TEST_STEP][PASSED] - Statement - If (Checker == false): null

2018-12-12 16:43:47 - [TEST_STEP][PASSED] - Statement - Else: null

2018-12-12 16:43:47 - [TEST_STEP][PASSED] - delay: Delayed 2 second(s)

2018-12-12 16:43:49 - [MESSAGE][PASSED] - Delayed 2 second(s)

2018-12-12 16:43:49 - [TEST_STEP][PASSED] - navigateToUrl: Navigate to 'https://assist2-uat.perkeso.gov.my/web/registration/registration' successfully

2018-12-12 16:43:50 - [MESSAGE][PASSED] - Navigate to 'https://assist2-uat.perkeso.gov.my/web/registration/registration' successfully

2018-12-12 16:43:50 - [TEST_STEP][PASSED] - click: Object: 'Object Repository/Final Object Repo/New Registration - Registration Module Pages/Form 1/AEC - No' is clicked on

2018-12-12 16:43:51 - [MESSAGE][PASSED] - Object: 'Object Repository/Final Object Repo/New Registration - Registration Module Pages/Form 1/AEC - No' is clicked on

2018-12-12 16:43:51 - [TEST_STEP][PASSED] - click: Object: 'Object Repository/Final Object Repo/New Registration - Registration Module Pages/Form 1/Business Entity' is clicked on

2018-12-12 16:43:51 - [MESSAGE][PASSED] - Object: 'Object Repository/Final Object Repo/New Registration - Registration Module Pages/Form 1/Business Entity' is clicked on

2018-12-12 16:43:51 - [TEST_STEP][PASSED] - click: Object: 'Object Repository/Final Object Repo/New Registration - Registration Module Pages/Form 1/Business Entity - Other' is clicked on

2018-12-12 16:43:51 - [MESSAGE][PASSED] - Object: 'Object Repository/Final Object Repo/New Registration - Registration Module Pages/Form 1/Business Entity - Other' is clicked on

2018-12-12 16:43:51 - [TEST_STEP][PASSED] - delay: Delayed 1 second(s)

2018-12-12 16:43:52 - [MESSAGE][PASSED] - Delayed 1 second(s)

2018-12-12 16:43:52 - [TEST_STEP][PASSED] - click: Object: 'Object Repository/Final Object Repo/New Registration - Registration Module Pages/Form 1/Sub Business Entity' is clicked on

2018-12-12 16:43:52 - [MESSAGE][PASSED] - Object: 'Object Repository/Final Object Repo/New Registration - Registration Module Pages/Form 1/Sub Business Entity' is clicked on

2018-12-12 16:43:52 - [TEST_STEP][PASSED] - click: Object: 'Object Repository/Final Object Repo/New Registration - Registration Module Pages/Form 1/Sub Business Entity - Other/Sub Business Entity - Federal Government Agency' is clicked on

2018-12-12 16:43:52 - [MESSAGE][PASSED] - Object: 'Object Repository/Final Object Repo/New Registration - Registration Module Pages/Form 1/Sub Business Entity - Other/Sub Business Entity - Federal Government Agency' is clicked on

2018-12-12 16:43:52 - [TEST_STEP][PASSED] - delay: Delayed 1 second(s)

2018-12-12 16:43:53 - [MESSAGE][PASSED] - Delayed 1 second(s)

2018-12-12 16:43:53 - [TEST_STEP][PASSED] - click: Object: 'Object Repository/Final Object Repo/New Registration - Registration Module Pages/Form 1/Sub Business Entity List' is clicked on

2018-12-12 16:43:54 - [MESSAGE][PASSED] - Object: 'Object Repository/Final Object Repo/New Registration - Registration Module Pages/Form 1/Sub Business Entity List' is clicked on

2018-12-12 16:43:54 - [TEST_STEP][PASSED] - click: Object: 'Object Repository/Final Object Repo/New Registration - Registration Module Pages/Form 1/Sub Business Entity List - Other/Sub Business Entity List - Others - Federal Government Agency - Kementerian Pelajaran' is clicked on

2018-12-12 16:43:54 - [MESSAGE][PASSED] - Object: 'Object Repository/Final Object Repo/New Registration - Registration Module Pages/Form 1/Sub Business Entity List - Other/Sub Business Entity List - Others - Federal Government Agency - Kementerian Pelajaran' is clicked on

2018-12-12 16:43:54 - [TEST_STEP][PASSED] - delay: Delayed 1 second(s)

2018-12-12 16:43:55 - [MESSAGE][PASSED] - Delayed 1 second(s)

2018-12-12 16:43:55 - [TEST_STEP][PASSED] - setText: Text '123' is set on object 'Object Repository/Final Object Repo/New Registration - Registration Module Pages/Form 1/Registration Number'

2018-12-12 16:43:55 - [MESSAGE][PASSED] - Text '123' is set on object 'Object Repository/Final Object Repo/New Registration - Registration Module Pages/Form 1/Registration Number'

2018-12-12 16:43:55 - [TEST_STEP][NOT_RUN] - click: NOT_RUN: click

2018-12-12 16:43:55 - [MESSAGE][NOT_RUN] - NOT_RUN: click

2018-12-12 16:43:55 - [TEST_STEP][PASSED] - click: Object: 'Object Repository/Final Object Repo/New Registration - Registration Module Pages/Form 1/Registered As a Branch - Yes' is clicked on

2018-12-12 16:43:55 - [MESSAGE][PASSED] - Object: 'Object Repository/Final Object Repo/New Registration - Registration Module Pages/Form 1/Registered As a Branch - Yes' is clicked on

2018-12-12 16:43:55 - [TEST_STEP][NOT_RUN] - verifyElementNotClickable: NOT_RUN: verifyElementNotClickable

2018-12-12 16:43:55 - [MESSAGE][NOT_RUN] - NOT_RUN: verifyElementNotClickable

2018-12-12 16:43:55 - [TEST_STEP][PASSED] - verifyElementPresent: Object 'Object Repository/Final Object Repo/New Registration - Registration Module Pages/Form 1/Acknowledgement Disabled' is present

2018-12-12 16:43:55 - [MESSAGE][WARNING] - Timeout '0' is invalid. Using default page load timeout: '30'

2018-12-12 16:43:55 - [MESSAGE][PASSED] - Object 'Object Repository/Final Object Repo/New Registration - Registration Module Pages/Form 1/Acknowledgement Disabled' is present

2018-12-12 16:43:55 - [TEST_STEP][PASSED] - setText: Text 'perkeso' is set on object 'Object Repository/Final Object Repo/New Registration - Registration Module Pages/Form 1/Industry name'

2018-12-12 16:43:56 - [MESSAGE][PASSED] - Text 'perkeso' is set on object 'Object Repository/Final Object Repo/New Registration - Registration Module Pages/Form 1/Industry name'

2018-12-12 16:43:56 - [TEST_STEP][PASSED] - setText: Text 'perkeso1' is set on object 'Object Repository/Final Object Repo/New Registration - Registration Module Pages/Form 1/Postal Address1'

2018-12-12 16:43:56 - [MESSAGE][PASSED] - Text 'perkeso1' is set on object 'Object Repository/Final Object Repo/New Registration - Registration Module Pages/Form 1/Postal Address1'

2018-12-12 16:43:56 - [TEST_STEP][PASSED] - setText: Text 'perkeso2' is set on object 'Object Repository/Final Object Repo/New Registration - Registration Module Pages/Form 1/Postal Address2'

2018-12-12 16:43:56 - [MESSAGE][PASSED] - Text 'perkeso2' is set on object 'Object Repository/Final Object Repo/New Registration - Registration Module Pages/Form 1/Postal Address2'

2018-12-12 16:43:56 - [TEST_STEP][PASSED] - setText: Text 'perkeso3' is set on object 'Object Repository/Final Object Repo/New Registration - Registration Module Pages/Form 1/Postal Address3'

2018-12-12 16:43:57 - [MESSAGE][PASSED] - Text 'perkeso3' is set on object 'Object Repository/Final Object Repo/New Registration - Registration Module Pages/Form 1/Postal Address3'

2018-12-12 16:43:57 - [TEST_STEP][PASSED] - click: Object: 'Object Repository/Final Object Repo/New Registration - Registration Module Pages/Form 1/State' is clicked on

2018-12-12 16:43:57 - [MESSAGE][PASSED] - Object: 'Object Repository/Final Object Repo/New Registration - Registration Module Pages/Form 1/State' is clicked on

2018-12-12 16:43:57 - [TEST_STEP][PASSED] - click: Object: 'Object Repository/Final Object Repo/New Registration - Registration Module Pages/Form 1/State - Johor' is clicked on

2018-12-12 16:43:57 - [MESSAGE][PASSED] - Object: 'Object Repository/Final Object Repo/New Registration - Registration Module Pages/Form 1/State - Johor' is clicked on

2018-12-12 16:43:57 - [TEST_STEP][PASSED] - delay: Delayed 1 second(s)

2018-12-12 16:43:58 - [MESSAGE][PASSED] - Delayed 1 second(s)

2018-12-12 16:43:58 - [TEST_STEP][PASSED] - click: Object: 'Object Repository/Final Object Repo/New Registration - Registration Module Pages/Form 1/City' is clicked on

2018-12-12 16:43:58 - [MESSAGE][PASSED] - Object: 'Object Repository/Final Object Repo/New Registration - Registration Module Pages/Form 1/City' is clicked on

2018-12-12 16:43:58 - [TEST_STEP][PASSED] - setText: Text 'joh' is set on object 'Object Repository/Final Object Repo/New Registration - Registration Module Pages/Form 1/Postcode - 810'

2018-12-12 16:43:59 - [MESSAGE][PASSED] - Text 'joh' is set on object 'Object Repository/Final Object Repo/New Registration - Registration Module Pages/Form 1/Postcode - 810'

2018-12-12 16:43:59 - [TEST_STEP][PASSED] - delay: Delayed 1 second(s)

2018-12-12 16:44:00 - [MESSAGE][PASSED] - Delayed 1 second(s)

2018-12-12 16:44:00 - [TEST_STEP][PASSED] - click: Object: 'Object Repository/Final Object Repo/New Registration - Registration Module Pages/Form 1/City - Johor Bharu' is clicked on

2018-12-12 16:44:00 - [MESSAGE][PASSED] - Object: 'Object Repository/Final Object Repo/New Registration - Registration Module Pages/Form 1/City - Johor Bharu' is clicked on

2018-12-12 16:44:00 - [TEST_STEP][PASSED] - delay: Delayed 1 second(s)

2018-12-12 16:44:01 - [MESSAGE][PASSED] - Delayed 1 second(s)

2018-12-12 16:44:01 - [TEST_STEP][PASSED] - click: Object: 'Object Repository/Final Object Repo/New Registration - Registration Module Pages/Form 1/Postcode' is clicked on

2018-12-12 16:44:01 - [MESSAGE][PASSED] - Object: 'Object Repository/Final Object Repo/New Registration - Registration Module Pages/Form 1/Postcode' is clicked on

2018-12-12 16:44:01 - [TEST_STEP][PASSED] - delay: Delayed 1 second(s)

2018-12-12 16:44:02 - [MESSAGE][PASSED] - Delayed 1 second(s)

2018-12-12 16:44:02 - [TEST_STEP][PASSED] - setText: Text '810' is set on object 'Object Repository/Final Object Repo/New Registration - Registration Module Pages/Form 1/Postcode - 810'

2018-12-12 16:44:02 - [MESSAGE][PASSED] - Text '810' is set on object 'Object Repository/Final Object Repo/New Registration - Registration Module Pages/Form 1/Postcode - 810'

2018-12-12 16:44:02 - [TEST_STEP][PASSED] - delay: Delayed 1 second(s)

2018-12-12 16:44:03 - [MESSAGE][PASSED] - Delayed 1 second(s)

2018-12-12 16:44:03 - [TEST_STEP][PASSED] - click: Object: 'Object Repository/Final Object Repo/New Registration - Registration Module Pages/Form 1/Postcode - 81000' is clicked on

2018-12-12 16:44:03 - [MESSAGE][PASSED] - Object: 'Object Repository/Final Object Repo/New Registration - Registration Module Pages/Form 1/Postcode - 81000' is clicked on

2018-12-12 16:44:03 - [TEST_STEP][PASSED] - delay: Delayed 1 second(s)

2018-12-12 16:44:04 - [MESSAGE][PASSED] - Delayed 1 second(s)

2018-12-12 16:44:04 - [TEST_STEP][PASSED] - setText: Text '100' is set on object 'Object Repository/Final Object Repo/New Registration - Registration Module Pages/Form 1/P.O.BOX'

2018-12-12 16:44:05 - [MESSAGE][PASSED] - Text '100' is set on object 'Object Repository/Final Object Repo/New Registration - Registration Module Pages/Form 1/P.O.BOX'

2018-12-12 16:44:05 - [TEST_STEP][PASSED] - setText: Text '100' is set on object 'Object Repository/Final Object Repo/New Registration - Registration Module Pages/Form 1/Locked Bag No'

2018-12-12 16:44:05 - [MESSAGE][PASSED] - Text '100' is set on object 'Object Repository/Final Object Repo/New Registration - Registration Module Pages/Form 1/Locked Bag No'

2018-12-12 16:44:05 - [TEST_STEP][PASSED] - click: Object: 'Object Repository/Final Object Repo/New Registration - Registration Module Pages/Form 1/SOCSO Office Location' is clicked on

2018-12-12 16:44:05 - [MESSAGE][PASSED] - Object: 'Object Repository/Final Object Repo/New Registration - Registration Module Pages/Form 1/SOCSO Office Location' is clicked on

2018-12-12 16:44:05 - [TEST_STEP][PASSED] - click: Object: 'Object Repository/Final Object Repo/New Registration - Registration Module Pages/Form 1/SOCSO Office Location - Pejabat PERKESO Negeri Johor' is clicked on

2018-12-12 16:44:06 - [MESSAGE][PASSED] - Object: 'Object Repository/Final Object Repo/New Registration - Registration Module Pages/Form 1/SOCSO Office Location - Pejabat PERKESO Negeri Johor' is clicked on

2018-12-12 16:44:06 - [TEST_STEP][PASSED] - delay: Delayed 1 second(s)

2018-12-12 16:44:07 - [MESSAGE][PASSED] - Delayed 1 second(s)

2018-12-12 16:44:07 - [TEST_STEP][PASSED] - check: Object 'Object Repository/Final Object Repo/New Registration - Registration Module Pages/Form 1/Indusrty Address Same As Postal Address' is checked

2018-12-12 16:44:07 - [MESSAGE][PASSED] - Object 'Object Repository/Final Object Repo/New Registration - Registration Module Pages/Form 1/Indusrty Address Same As Postal Address' is checked

2018-12-12 16:44:07 - [TEST_STEP][PASSED] - delay: Delayed 3 second(s)

2018-12-12 16:44:10 - [MESSAGE][PASSED] - Delayed 3 second(s)

2018-12-12 16:44:10 - [TEST_STEP][PASSED] - click: Object: 'Object Repository/Final Object Repo/New Registration - Registration Module Pages/Form 1/Indusry Address Same As Postal Address False' is clicked on

2018-12-12 16:44:10 - [MESSAGE][PASSED] - Object: 'Object Repository/Final Object Repo/New Registration - Registration Module Pages/Form 1/Indusry Address Same As Postal Address False' is clicked on

2018-12-12 16:44:10 - [TEST_STEP][PASSED] - delay: Delayed 1 second(s)

2018-12-12 16:44:11 - [MESSAGE][PASSED] - Delayed 1 second(s)

2018-12-12 16:44:11 - [TEST_STEP][PASSED] - setText: Text 'perkeso1' is set on object 'Object Repository/Final Object Repo/New Registration - Registration Module Pages/Form 1/Industry Address1'

2018-12-12 16:44:11 - [MESSAGE][PASSED] - Text 'perkeso1' is set on object 'Object Repository/Final Object Repo/New Registration - Registration Module Pages/Form 1/Industry Address1'

2018-12-12 16:44:11 - [TEST_STEP][PASSED] - setText: Text 'perkeso2' is set on object 'Object Repository/Final Object Repo/New Registration - Registration Module Pages/Form 1/Industry Address2'

2018-12-12 16:44:12 - [MESSAGE][PASSED] - Text 'perkeso2' is set on object 'Object Repository/Final Object Repo/New Registration - Registration Module Pages/Form 1/Industry Address2'

2018-12-12 16:44:12 - [TEST_STEP][PASSED] - setText: Text 'perkeso3' is set on object 'Object Repository/Final Object Repo/New Registration - Registration Module Pages/Form 1/Industry Address3'

2018-12-12 16:44:12 - [MESSAGE][PASSED] - Text 'perkeso3' is set on object 'Object Repository/Final Object Repo/New Registration - Registration Module Pages/Form 1/Industry Address3'

2018-12-12 16:44:12 - [TEST_STEP][PASSED] - click: Object: 'Object Repository/Final Object Repo/New Registration - Registration Module Pages/Form 1/Industry State' is clicked on

2018-12-12 16:44:12 - [MESSAGE][PASSED] - Object: 'Object Repository/Final Object Repo/New Registration - Registration Module Pages/Form 1/Industry State' is clicked on

2018-12-12 16:44:12 - [TEST_STEP][PASSED] - delay: Delayed 2 second(s)

2018-12-12 16:44:14 - [MESSAGE][PASSED] - Delayed 2 second(s)

2018-12-12 16:44:14 - [TEST_STEP][PASSED] - click: Object: 'Object Repository/Final Object Repo/New Registration - Registration Module Pages/Form 1/Industry State - Johor' is clicked on

2018-12-12 16:44:14 - [MESSAGE][PASSED] - Object: 'Object Repository/Final Object Repo/New Registration - Registration Module Pages/Form 1/Industry State - Johor' is clicked on

2018-12-12 16:44:14 - [TEST_STEP][PASSED] - delay: Delayed 2 second(s)

2018-12-12 16:44:16 - [MESSAGE][PASSED] - Delayed 2 second(s)

2018-12-12 16:44:16 - [TEST_STEP][PASSED] - click: Object: 'Object Repository/Final Object Repo/New Registration - Registration Module Pages/Form 1/Industry Ciry' is clicked on

2018-12-12 16:44:17 - [MESSAGE][PASSED] - Object: 'Object Repository/Final Object Repo/New Registration - Registration Module Pages/Form 1/Industry Ciry' is clicked on

2018-12-12 16:44:17 - [TEST_STEP][PASSED] - setText: Text 'joh' is set on object 'Object Repository/Final Object Repo/New Registration - Registration Module Pages/Form 1/Industry Ciry - joh'

2018-12-12 16:44:17 - [MESSAGE][PASSED] - Text 'joh' is set on object 'Object Repository/Final Object Repo/New Registration - Registration Module Pages/Form 1/Industry Ciry - joh'

2018-12-12 16:44:17 - [TEST_STEP][PASSED] - delay: Delayed 2 second(s)

2018-12-12 16:44:19 - [MESSAGE][PASSED] - Delayed 2 second(s)

2018-12-12 16:44:19 - [TEST_STEP][PASSED] - click: Object: 'Object Repository/Final Object Repo/New Registration - Registration Module Pages/Form 1/Industy State - Johor Bharu' is clicked on

2018-12-12 16:44:19 - [MESSAGE][PASSED] - Object: 'Object Repository/Final Object Repo/New Registration - Registration Module Pages/Form 1/Industy State - Johor Bharu' is clicked on

2018-12-12 16:44:19 - [TEST_STEP][PASSED] - delay: Delayed 1 second(s)

2018-12-12 16:44:20 - [MESSAGE][PASSED] - Delayed 1 second(s)

2018-12-12 16:44:20 - [TEST_STEP][PASSED] - click: Object: 'Object Repository/Final Object Repo/New Registration - Registration Module Pages/Form 1/Indusry PostCode' is clicked on

2018-12-12 16:44:20 - [MESSAGE][PASSED] - Object: 'Object Repository/Final Object Repo/New Registration - Registration Module Pages/Form 1/Indusry PostCode' is clicked on

2018-12-12 16:44:20 - [TEST_STEP][PASSED] - delay: Delayed 1 second(s)

2018-12-12 16:44:21 - [MESSAGE][PASSED] - Delayed 1 second(s)

2018-12-12 16:44:21 - [TEST_STEP][PASSED] - setText: Text '810' is set on object 'Object Repository/Final Object Repo/New Registration - Registration Module Pages/Form 1/Insutry Post Code - 810'

2018-12-12 16:44:21 - [MESSAGE][PASSED] - Text '810' is set on object 'Object Repository/Final Object Repo/New Registration - Registration Module Pages/Form 1/Insutry Post Code - 810'

2018-12-12 16:44:21 - [TEST_STEP][PASSED] - delay: Delayed 1 second(s)

2018-12-12 16:44:22 - [MESSAGE][PASSED] - Delayed 1 second(s)

2018-12-12 16:44:22 - [TEST_STEP][PASSED] - click: Object: 'Object Repository/Final Object Repo/New Registration - Registration Module Pages/Form 1/Insutry Post Code - 81000' is clicked on

2018-12-12 16:44:23 - [MESSAGE][PASSED] - Object: 'Object Repository/Final Object Repo/New Registration - Registration Module Pages/Form 1/Insutry Post Code - 81000' is clicked on

2018-12-12 16:44:23 - [TEST_STEP][PASSED] - delay: Delayed 1 second(s)

2018-12-12 16:44:24 - [MESSAGE][PASSED] - Delayed 1 second(s)

2018-12-12 16:44:24 - [TEST_STEP][PASSED] - setText: Text '100' is set on object 'Object Repository/Final Object Repo/New Registration - Registration Module Pages/Form 1/Industry P.O.BOX'

2018-12-12 16:44:24 - [MESSAGE][PASSED] - Text '100' is set on object 'Object Repository/Final Object Repo/New Registration - Registration Module Pages/Form 1/Industry P.O.BOX'

2018-12-12 16:44:24 - [TEST_STEP][PASSED] - setText: Text '100' is set on object 'Object Repository/Final Object Repo/New Registration - Registration Module Pages/Form 1/Industry Locked Bag No'

2018-12-12 16:44:24 - [MESSAGE][PASSED] - Text '100' is set on object 'Object Repository/Final Object Repo/New Registration - Registration Module Pages/Form 1/Industry Locked Bag No'

2018-12-12 16:44:24 - [TEST_STEP][PASSED] - setText: Text '123456789' is set on object 'Object Repository/Final Object Repo/New Registration - Registration Module Pages/Form 1/Telephone No'

2018-12-12 16:44:25 - [MESSAGE][PASSED] - Text '123456789' is set on object 'Object Repository/Final Object Repo/New Registration - Registration Module Pages/Form 1/Telephone No'

2018-12-12 16:44:25 - [TEST_STEP][PASSED] - setText: Text '123456789' is set on object 'Object Repository/Final Object Repo/New Registration - Registration Module Pages/Form 1/Mobile No'

2018-12-12 16:44:25 - [MESSAGE][PASSED] - Text '123456789' is set on object 'Object Repository/Final Object Repo/New Registration - Registration Module Pages/Form 1/Mobile No'

2018-12-12 16:44:25 - [TEST_STEP][PASSED] - setText: Text '123456789' is set on object 'Object Repository/Final Object Repo/New Registration - Registration Module Pages/Form 1/Fax No'

2018-12-12 16:44:25 - [MESSAGE][PASSED] - Text '123456789' is set on object 'Object Repository/Final Object Repo/New Registration - Registration Module Pages/Form 1/Fax No'

2018-12-12 16:44:25 - [TEST_STEP][PASSED] - click: Object: 'Object Repository/Final Object Repo/New Registration - Registration Module Pages/Form 1/Industry Code' is clicked on

2018-12-12 16:44:26 - [MESSAGE][PASSED] - Object: 'Object Repository/Final Object Repo/New Registration - Registration Module Pages/Form 1/Industry Code' is clicked on

2018-12-12 16:44:26 - [TEST_STEP][PASSED] - click: Object: 'Object Repository/Final Object Repo/New Registration - Registration Module Pages/Form 1/Indudustry Code - Crops and Animal' is clicked on

2018-12-12 16:44:26 - [MESSAGE][PASSED] - Object: 'Object Repository/Final Object Repo/New Registration - Registration Module Pages/Form 1/Indudustry Code - Crops and Animal' is clicked on

2018-12-12 16:44:26 - [TEST_STEP][PASSED] - delay: Delayed 1 second(s)

2018-12-12 16:44:27 - [MESSAGE][PASSED] - Delayed 1 second(s)

2018-12-12 16:44:27 - [TEST_STEP][PASSED] - click: Object: 'Object Repository/Final Object Repo/New Registration - Registration Module Pages/Form 1/Sub Industry Code List' is clicked on

2018-12-12 16:44:27 - [MESSAGE][PASSED] - Object: 'Object Repository/Final Object Repo/New Registration - Registration Module Pages/Form 1/Sub Industry Code List' is clicked on

2018-12-12 16:44:27 - [TEST_STEP][PASSED] - click: Object: 'Object Repository/Final Object Repo/New Registration - Registration Module Pages/Form 1/Sub Industry Code List - Growing of Maize' is clicked on

2018-12-12 16:44:28 - [MESSAGE][PASSED] - Object: 'Object Repository/Final Object Repo/New Registration - Registration Module Pages/Form 1/Sub Industry Code List - Growing of Maize' is clicked on

2018-12-12 16:44:28 - [TEST_STEP][PASSED] - setText: Text 'perkeso123@gmail.com' is set on object 'Object Repository/Final Object Repo/New Registration - Registration Module Pages/Form 1/Email'

2018-12-12 16:44:28 - [MESSAGE][PASSED] - Text 'perkeso123@gmail.com' is set on object 'Object Repository/Final Object Repo/New Registration - Registration Module Pages/Form 1/Email'

2018-12-12 16:44:28 - [TEST_STEP][PASSED] - click: Object: 'Object Repository/Final Object Repo/New Registration - Registration Module Pages/Form 1/Method of Contribution Payment' is clicked on

2018-12-12 16:44:28 - [MESSAGE][PASSED] - Object: 'Object Repository/Final Object Repo/New Registration - Registration Module Pages/Form 1/Method of Contribution Payment' is clicked on

2018-12-12 16:44:28 - [TEST_STEP][PASSED] - click: Object: 'Object Repository/Final Object Repo/New Registration - Registration Module Pages/Form 1/Method of Contribution Payment - Portal' is clicked on

2018-12-12 16:44:29 - [MESSAGE][PASSED] - Object: 'Object Repository/Final Object Repo/New Registration - Registration Module Pages/Form 1/Method of Contribution Payment - Portal' is clicked on

2018-12-12 16:44:29 - [TEST_STEP][PASSED] - click: Object: 'Object Repository/Final Object Repo/New Registration - Registration Module Pages/Form 1/Servide Type' is clicked on

2018-12-12 16:44:29 - [MESSAGE][PASSED] - Object: 'Object Repository/Final Object Repo/New Registration - Registration Module Pages/Form 1/Servide Type' is clicked on

2018-12-12 16:44:29 - [TEST_STEP][PASSED] - click: Object: 'Object Repository/Final Object Repo/New Registration - Registration Module Pages/Form 1/Servide Type - Professional Bodies' is clicked on

2018-12-12 16:44:29 - [MESSAGE][PASSED] - Object: 'Object Repository/Final Object Repo/New Registration - Registration Module Pages/Form 1/Servide Type - Professional Bodies' is clicked on

2018-12-12 16:44:29 - [TEST_STEP][PASSED] - click: Object: 'Object Repository/Final Object Repo/New Registration - Registration Module Pages/Form 1/Industry Venue' is clicked on

2018-12-12 16:44:29 - [MESSAGE][PASSED] - Object: 'Object Repository/Final Object Repo/New Registration - Registration Module Pages/Form 1/Industry Venue' is clicked on

2018-12-12 16:44:29 - [TEST_STEP][PASSED] - click: Object: 'Object Repository/Final Object Repo/New Registration - Registration Module Pages/Form 1/Industry Venue -  PPN JOHOR' is clicked on

2018-12-12 16:44:29 - [MESSAGE][PASSED] - Object: 'Object Repository/Final Object Repo/New Registration - Registration Module Pages/Form 1/Industry Venue -  PPN JOHOR' is clicked on

2018-12-12 16:44:29 - [TEST_STEP][PASSED] - click: Object: 'Object Repository/Final Object Repo/New Registration - Registration Module Pages/Form 1/Save  Continue' is clicked on

2018-12-12 16:44:30 - [MESSAGE][PASSED] - Object: 'Object Repository/Final Object Repo/New Registration - Registration Module Pages/Form 1/Save  Continue' is clicked on

2018-12-12 16:44:30 - [MESSAGE][PASSED] - Call Test Case 'Test Cases/Final Aug 2018 - PKS Automation/Registration Module/New Registration/Form 1/Form 1 - Other - Federal Government Agency' successfully

2018-12-12 16:44:30 - [TEST_STEP][PASSED] - callTestCase: Call Test Case 'Test Cases/Final Aug 2018 - PKS Automation/Registration Module/New Registration/Form 2/Add 2 Not Eligible - No 3rd Screen' successfully

2018-12-12 16:44:30 - [TEST_CASE][PASSED] - Test Cases/Final Aug 2018 - PKS Automation/Registration Module/New Registration/Form 2/Add 2 Not Eligible - No 3rd Screen: Test Cases/Final Aug 2018 - PKS Automation/Registration Module/New Registration/Form 2/Add 2 Not Eligible - No 3rd Screen

2018-12-12 16:44:30 - [TEST_STEP][PASSED] - delay: Delayed 2 second(s)

2018-12-12 16:44:32 - [MESSAGE][PASSED] - Delayed 2 second(s)

2018-12-12 16:44:32 - [TEST_STEP][PASSED] - callTestCase: Call Test Case 'Test Cases/Final Aug 2018 - PKS Automation/Registration Module/New Registration/Form 2/Date Updater' successfully

2018-12-12 16:44:32 - [TEST_CASE][PASSED] - Test Cases/Final Aug 2018 - PKS Automation/Registration Module/New Registration/Form 2/Date Updater: Test Cases/Final Aug 2018 - PKS Automation/Registration Module/New Registration/Form 2/Date Updater

2018-12-12 16:44:32 - [TEST_STEP][PASSED] - Statement - TodayDate = new java.util.Date(): null

2018-12-12 16:44:32 - [TEST_STEP][PASSED] - Statement - CurrentDateNoFilter = new java.text.SimpleDateFormat(): null

2018-12-12 16:44:32 - [TEST_STEP][PASSED] - Statement - CurrentDateNoFilter.applyPattern("MM"): null

2018-12-12 16:44:32 - [TEST_STEP][PASSED] - Statement - monthContainerMatcher = java.lang.Integer.parseInt(CurrentDateNoFilter.format(TodayDate)): null

2018-12-12 16:44:32 - [TEST_STEP][PASSED] - Statement - monthContainerMatcher = monthContainerMatcher - 1: null

2018-12-12 16:44:32 - [TEST_STEP][PASSED] - Statement - CurrentMonth = monthContainerMatcher.toString(): null

2018-12-12 16:44:32 - [TEST_STEP][PASSED] - Statement - CurrentMonth = CurrentMonth: null

2018-12-12 16:44:32 - [TEST_STEP][PASSED] - Statement - CurrentDateNoFilter.applyPattern("yyyy"): null

2018-12-12 16:44:32 - [TEST_STEP][PASSED] - Statement - CurrentYear = CurrentDateNoFilter.format(TodayDate): null

2018-12-12 16:44:32 - [TEST_STEP][PASSED] - Statement - CurrentYear = CurrentYear: null

2018-12-12 16:44:32 - [TEST_STEP][PASSED] - Statement - intCurrentYear = java.lang.Integer.parseInt(CurrentDateNoFilter.format(TodayDate)): null

2018-12-12 16:44:32 - [TEST_STEP][PASSED] - Statement - eighteenYrsAgo = intCurrentYear - 18: null

2018-12-12 16:44:32 - [TEST_STEP][PASSED] - Statement - eighteenYrsBeforeThisYr = eighteenYrsAgo.toString(): null

2018-12-12 16:44:32 - [TEST_STEP][PASSED] - Statement - EighteenYrsBefore = eighteenYrsBeforeThisYr: null

2018-12-12 16:44:32 - [TEST_STEP][PASSED] - Statement - fiftysevenYrsAgo = intCurrentYear - 57: null

2018-12-12 16:44:32 - [TEST_STEP][PASSED] - Statement - fiftysevenYrsBeforeThisYr = fiftysevenYrsAgo.toString(): null

2018-12-12 16:44:32 - [TEST_STEP][PASSED] - Statement - FiftysevenYrsBefore = fiftysevenYrsBeforeThisYr: null

2018-12-12 16:44:32 - [TEST_STEP][PASSED] - Statement - leapYear = false: null

2018-12-12 16:44:32 - [TEST_STEP][PASSED] - Statement - leapYear = intCurrentYear % 4 == 0: null

2018-12-12 16:44:32 - [TEST_STEP][PASSED] - Statement - CurrentDateNoFilter.applyPattern("dd"): null

2018-12-12 16:44:32 - [TEST_STEP][PASSED] - Statement - CurrentDate = CurrentDateNoFilter.format(TodayDate): null

2018-12-12 16:44:32 - [TEST_STEP][PASSED] - Statement - CurrentDate = java.lang.Integer.parseInt(CurrentDate): null

2018-12-12 16:44:32 - [TEST_STEP][PASSED] - Statement - CurrentDate = CurrentDate: null

2018-12-12 16:44:32 - [TEST_STEP][PASSED] - Statement - CurrentDay = java.lang.Integer.parseInt(CurrentDate): null

2018-12-12 16:44:32 - [TEST_STEP][PASSED] - Statement - ConfAdder = <not implemented yet for class: org.codehaus.groovy.ast.expr.EmptyExpression>: null

2018-12-12 16:44:32 - [TEST_STEP][PASSED] - Statement - out.println(CurrentMonth): null

2018-12-12 16:44:32 - [TEST_STEP][PASSED] - Statement - out.println(CurrentDate): null

2018-12-12 16:44:32 - [TEST_STEP][PASSED] - Statement - switch (CurrentDate): null

2018-12-12 16:44:32 - [TEST_STEP][PASSED] - Statement - Default: null

2018-12-12 16:44:32 - [TEST_STEP][PASSED] - Statement - ConfAdder = true: null

2018-12-12 16:44:32 - [TEST_STEP][PASSED] - Statement - Break: null

2018-12-12 16:44:32 - [TEST_STEP][PASSED] - Statement - aDayBefore = <not implemented yet for class: org.codehaus.groovy.ast.expr.EmptyExpression>: null

2018-12-12 16:44:32 - [TEST_STEP][PASSED] - Statement - out.println(ConfAdder): null

2018-12-12 16:44:32 - [TEST_STEP][PASSED] - Statement - If (ConfAdder == true): null

2018-12-12 16:44:32 - [TEST_STEP][PASSED] - Statement - aDayBefore = CurrentDay + 1: null

2018-12-12 16:44:32 - [TEST_STEP][PASSED] - Statement - out.println(aDayBefore): null

2018-12-12 16:44:32 - [TEST_STEP][PASSED] - Statement - If (aDayBefore == 1 && CurrentMonth == 11): null

2018-12-12 16:44:32 - [TEST_STEP][PASSED] - Statement - DayBefore = aDayBefore.toString(): null

2018-12-12 16:44:32 - [TEST_STEP][PASSED] - Statement - OneDayBefore = DayBefore: null

2018-12-12 16:44:32 - [MESSAGE][PASSED] - Call Test Case 'Test Cases/Final Aug 2018 - PKS Automation/Registration Module/New Registration/Form 2/Date Updater' successfully

2018-12-12 16:44:32 - [TEST_STEP][PASSED] - Statement - CaseReferenceNo = com.kms.katalon.core.webui.keyword.WebUiBuiltInKeywords.getText(com.kms.katalon.core.testobject.ObjectRepository.findTestObject(Final Object Repo/New Registration - Registration Module Pages/Form 2/RefNo Acquiring)): Text of object 'Object Repository/Final Object Repo/New Registration - Registration Module Pages/Form 2/RefNo Acquiring' is: 'CRN12201800123216'

2018-12-12 16:44:32 - [MESSAGE][PASSED] - Text of object 'Object Repository/Final Object Repo/New Registration - Registration Module Pages/Form 2/RefNo Acquiring' is: 'CRN12201800123216'

2018-12-12 16:44:32 - [TEST_STEP][PASSED] - delay: Delayed 6 second(s)

2018-12-12 16:44:38 - [MESSAGE][PASSED] - Delayed 6 second(s)

2018-12-12 16:44:38 - [TEST_STEP][PASSED] - click: Object: 'Object Repository/Final Object Repo/New Registration - Registration Module Pages/Form 2/Add Employee Button' is clicked on

2018-12-12 16:44:38 - [MESSAGE][PASSED] - Object: 'Object Repository/Final Object Repo/New Registration - Registration Module Pages/Form 2/Add Employee Button' is clicked on

2018-12-12 16:44:38 - [TEST_STEP][PASSED] - delay: Delayed 4 second(s)

2018-12-12 16:44:42 - [MESSAGE][PASSED] - Delayed 4 second(s)

2018-12-12 16:44:42 - [TEST_STEP][PASSED] - setText: Text '000209039189' is set on object 'Object Repository/Final Object Repo/New Registration - Registration Module Pages/Form 2/NRIC Input'

2018-12-12 16:44:43 - [MESSAGE][PASSED] - Text '000209039189' is set on object 'Object Repository/Final Object Repo/New Registration - Registration Module Pages/Form 2/NRIC Input'

2018-12-12 16:44:43 - [TEST_STEP][PASSED] - click: Object: 'Object Repository/Final Object Repo/New Registration - Registration Module Pages/Form 2/button for search for IC' is clicked on

2018-12-12 16:44:43 - [MESSAGE][PASSED] - Object: 'Object Repository/Final Object Repo/New Registration - Registration Module Pages/Form 2/button for search for IC' is clicked on

2018-12-12 16:44:43 - [TEST_STEP][PASSED] - delay: Delayed 2 second(s)

2018-12-12 16:44:45 - [MESSAGE][PASSED] - Delayed 2 second(s)

2018-12-12 16:44:45 - [TEST_STEP][PASSED] - setText: Text 'Automate001 not eligible 1' is set on object 'Object Repository/Final Object Repo/New Registration - Registration Module Pages/Form 2/Employee Name Input'

2018-12-12 16:44:45 - [MESSAGE][PASSED] - Text 'Automate001 not eligible 1' is set on object 'Object Repository/Final Object Repo/New Registration - Registration Module Pages/Form 2/Employee Name Input'

2018-12-12 16:44:45 - [TEST_STEP][PASSED] - delay: Delayed 2 second(s)

2018-12-12 16:44:47 - [MESSAGE][PASSED] - Delayed 2 second(s)

2018-12-12 16:44:47 - [TEST_STEP][PASSED] - click: Object: 'Object Repository/Final Object Repo/New Registration - Registration Module Pages/Form 2/DatePicker Pop Up' is clicked on

2018-12-12 16:44:48 - [MESSAGE][PASSED] - Object: 'Object Repository/Final Object Repo/New Registration - Registration Module Pages/Form 2/DatePicker Pop Up' is clicked on

2018-12-12 16:44:48 - [TEST_STEP][PASSED] - click: Object: 'Object Repository/Final Object Repo/New Registration - Registration Module Pages/Form 2/DOB Month' is clicked on

2018-12-12 16:44:48 - [MESSAGE][PASSED] - Object: 'Object Repository/Final Object Repo/New Registration - Registration Module Pages/Form 2/DOB Month' is clicked on

2018-12-12 16:44:48 - [TEST_STEP][PASSED] - Statement - CurrentMonth = CurrentMonth: null

2018-12-12 16:44:48 - [TEST_STEP][PASSED] - Statement - selectMonth = new com.kms.katalon.core.testobject.TestObject(): null

2018-12-12 16:44:48 - [TEST_STEP][PASSED] - Statement - selectMonth.addProperty("xpath", EQUALS, "//body/div/div/div/select/option[@value='" + CurrentMonth + "']", true): null

2018-12-12 16:44:48 - [TEST_STEP][PASSED] - click: Object: '' is clicked on

2018-12-12 16:44:48 - [MESSAGE][PASSED] - Object: '' is clicked on

2018-12-12 16:44:48 - [TEST_STEP][PASSED] - delay: Delayed 2 second(s)

2018-12-12 16:44:50 - [MESSAGE][PASSED] - Delayed 2 second(s)

2018-12-12 16:44:50 - [TEST_STEP][PASSED] - click: Object: 'Object Repository/Final Object Repo/New Registration - Registration Module Pages/Form 2/DOB Year' is clicked on

2018-12-12 16:44:50 - [MESSAGE][PASSED] - Object: 'Object Repository/Final Object Repo/New Registration - Registration Module Pages/Form 2/DOB Year' is clicked on

2018-12-12 16:44:50 - [TEST_STEP][PASSED] - Statement - Eyearsbf = EighteenYrsBefore: null

2018-12-12 16:44:50 - [TEST_STEP][PASSED] - Statement - selectYear = new com.kms.katalon.core.testobject.TestObject(): null

2018-12-12 16:44:50 - [TEST_STEP][PASSED] - Statement - selectYear.addProperty("xpath", EQUALS, "//div/div/div/select/option[@value='" + Eyearsbf + "']", true): null

2018-12-12 16:44:50 - [TEST_STEP][PASSED] - click: Object: '' is clicked on

2018-12-12 16:44:50 - [MESSAGE][PASSED] - Object: '' is clicked on

2018-12-12 16:44:50 - [TEST_STEP][PASSED] - delay: Delayed 3 second(s)

2018-12-12 16:44:53 - [MESSAGE][PASSED] - Delayed 3 second(s)

2018-12-12 16:44:53 - [TEST_STEP][PASSED] - Statement - UpdatedSelectDate = com.kms.katalon.core.webui.keyword.WebUiBuiltInKeywords.modifyObjectProperty(com.kms.katalon.core.testobject.ObjectRepository.findTestObject(Final Object Repo/New Registration - Registration Module Pages/Form 2/DOB Date), "xpath", "equals", "//body/div/table/tbody/tr/td/a[text()="" + OneDayBefore + ""]", true): Modify property of object successfully

2018-12-12 16:44:53 - [MESSAGE][PASSED] - Modify property of object successfully

2018-12-12 16:44:53 - [TEST_STEP][PASSED] - delay: Delayed 3 second(s)

2018-12-12 16:44:56 - [MESSAGE][PASSED] - Delayed 3 second(s)

2018-12-12 16:44:56 - [TEST_STEP][PASSED] - click: Object: 'Object Repository/Final Object Repo/New Registration - Registration Module Pages/Form 2/DOB Date' is clicked on

2018-12-12 16:44:57 - [MESSAGE][PASSED] - Object: 'Object Repository/Final Object Repo/New Registration - Registration Module Pages/Form 2/DOB Date' is clicked on

2018-12-12 16:44:57 - [TEST_STEP][PASSED] - delay: Delayed 2 second(s)

2018-12-12 16:44:59 - [MESSAGE][PASSED] - Delayed 2 second(s)

2018-12-12 16:44:59 - [TEST_STEP][PASSED] - click: Object: 'Object Repository/Final Object Repo/New Registration - Registration Module Pages/Form 2/EmploymentStartDate Pop Up' is clicked on

2018-12-12 16:44:59 - [MESSAGE][PASSED] - Object: 'Object Repository/Final Object Repo/New Registration - Registration Module Pages/Form 2/EmploymentStartDate Pop Up' is clicked on

2018-12-12 16:44:59 - [TEST_STEP][PASSED] - delay: Delayed 2 second(s)

2018-12-12 16:45:01 - [MESSAGE][PASSED] - Delayed 2 second(s)

2018-12-12 16:45:01 - [TEST_STEP][PASSED] - click: Object: 'Object Repository/Final Object Repo/New Registration - Registration Module Pages/Form 2/Socso Employment StartDate Month' is clicked on

2018-12-12 16:45:01 - [MESSAGE][PASSED] - Object: 'Object Repository/Final Object Repo/New Registration - Registration Module Pages/Form 2/Socso Employment StartDate Month' is clicked on

2018-12-12 16:45:01 - [TEST_STEP][PASSED] - delay: Delayed 1 second(s)

2018-12-12 16:45:02 - [MESSAGE][PASSED] - Delayed 1 second(s)

2018-12-12 16:45:02 - [TEST_STEP][PASSED] - click: Object: 'Object Repository/Final Object Repo/New Registration - Registration Module Pages/Form 2/Select Socso Employement Startdate Month' is clicked on

2018-12-12 16:45:02 - [MESSAGE][PASSED] - Object: 'Object Repository/Final Object Repo/New Registration - Registration Module Pages/Form 2/Select Socso Employement Startdate Month' is clicked on

2018-12-12 16:45:02 - [TEST_STEP][PASSED] - delay: Delayed 2 second(s)

2018-12-12 16:45:04 - [MESSAGE][PASSED] - Delayed 2 second(s)

2018-12-12 16:45:04 - [TEST_STEP][PASSED] - click: Object: 'Object Repository/Final Object Repo/New Registration - Registration Module Pages/Form 2/Socso Employment StartDate Year' is clicked on

2018-12-12 16:45:04 - [MESSAGE][PASSED] - Object: 'Object Repository/Final Object Repo/New Registration - Registration Module Pages/Form 2/Socso Employment StartDate Year' is clicked on

2018-12-12 16:45:04 - [TEST_STEP][PASSED] - delay: Delayed 1 second(s)

2018-12-12 16:45:05 - [MESSAGE][PASSED] - Delayed 1 second(s)

2018-12-12 16:45:05 - [TEST_STEP][PASSED] - click: Object: 'Object Repository/Final Object Repo/New Registration - Registration Module Pages/Form 2/Select Socso Employment Startdate Year' is clicked on

2018-12-12 16:45:05 - [MESSAGE][PASSED] - Object: 'Object Repository/Final Object Repo/New Registration - Registration Module Pages/Form 2/Select Socso Employment Startdate Year' is clicked on

2018-12-12 16:45:05 - [TEST_STEP][PASSED] - delay: Delayed 2 second(s)

2018-12-12 16:45:07 - [MESSAGE][PASSED] - Delayed 2 second(s)

2018-12-12 16:45:07 - [TEST_STEP][PASSED] - click: Object: 'Object Repository/Final Object Repo/New Registration - Registration Module Pages/Form 2/Socso Employment Start Date Day' is clicked on

2018-12-12 16:45:08 - [MESSAGE][PASSED] - Object: 'Object Repository/Final Object Repo/New Registration - Registration Module Pages/Form 2/Socso Employment Start Date Day' is clicked on

2018-12-12 16:45:08 - [TEST_STEP][PASSED] - delay: Delayed 2 second(s)

2018-12-12 16:45:10 - [MESSAGE][PASSED] - Delayed 2 second(s)

2018-12-12 16:45:10 - [TEST_STEP][PASSED] - click: Object: 'Object Repository/Final Object Repo/New Registration - Registration Module Pages/Form 2/Save Button for Add Employee' is clicked on

2018-12-12 16:45:10 - [MESSAGE][PASSED] - Object: 'Object Repository/Final Object Repo/New Registration - Registration Module Pages/Form 2/Save Button for Add Employee' is clicked on

2018-12-12 16:45:10 - [TEST_STEP][PASSED] - delay: Delayed 6 second(s)

2018-12-12 16:45:16 - [MESSAGE][PASSED] - Delayed 6 second(s)

2018-12-12 16:45:16 - [TEST_STEP][PASSED] - click: Object: 'Object Repository/Final Object Repo/New Registration - Registration Module Pages/Form 2/Add Employee Button' is clicked on

2018-12-12 16:45:16 - [MESSAGE][PASSED] - Object: 'Object Repository/Final Object Repo/New Registration - Registration Module Pages/Form 2/Add Employee Button' is clicked on

2018-12-12 16:45:16 - [TEST_STEP][PASSED] - delay: Delayed 4 second(s)

2018-12-12 16:45:20 - [MESSAGE][PASSED] - Delayed 4 second(s)

2018-12-12 16:45:20 - [TEST_STEP][PASSED] - setText: Text '600203039194' is set on object 'Object Repository/Final Object Repo/New Registration - Registration Module Pages/Form 2/NRIC Input'

2018-12-12 16:45:20 - [MESSAGE][PASSED] - Text '600203039194' is set on object 'Object Repository/Final Object Repo/New Registration - Registration Module Pages/Form 2/NRIC Input'

2018-12-12 16:45:20 - [TEST_STEP][PASSED] - click: Object: 'Object Repository/Final Object Repo/New Registration - Registration Module Pages/Form 2/button for search for IC' is clicked on

2018-12-12 16:45:21 - [MESSAGE][PASSED] - Object: 'Object Repository/Final Object Repo/New Registration - Registration Module Pages/Form 2/button for search for IC' is clicked on

2018-12-12 16:45:21 - [TEST_STEP][PASSED] - delay: Delayed 2 second(s)

2018-12-12 16:45:23 - [MESSAGE][PASSED] - Delayed 2 second(s)

2018-12-12 16:45:23 - [TEST_STEP][PASSED] - setText: Text 'Automate001 not eligible 2' is set on object 'Object Repository/Final Object Repo/New Registration - Registration Module Pages/Form 2/Employee Name Input'

2018-12-12 16:45:23 - [MESSAGE][PASSED] - Text 'Automate001 not eligible 2' is set on object 'Object Repository/Final Object Repo/New Registration - Registration Module Pages/Form 2/Employee Name Input'

2018-12-12 16:45:23 - [TEST_STEP][PASSED] - delay: Delayed 2 second(s)

2018-12-12 16:45:25 - [MESSAGE][PASSED] - Delayed 2 second(s)

2018-12-12 16:45:25 - [TEST_STEP][PASSED] - click: Object: 'Object Repository/Final Object Repo/New Registration - Registration Module Pages/Form 2/DatePicker Pop Up' is clicked on

2018-12-12 16:45:25 - [MESSAGE][PASSED] - Object: 'Object Repository/Final Object Repo/New Registration - Registration Module Pages/Form 2/DatePicker Pop Up' is clicked on

2018-12-12 16:45:25 - [TEST_STEP][PASSED] - delay: Delayed 1 second(s)

2018-12-12 16:45:26 - [MESSAGE][PASSED] - Delayed 1 second(s)

2018-12-12 16:45:26 - [TEST_STEP][PASSED] - click: Object: 'Object Repository/Final Object Repo/New Registration - Registration Module Pages/Form 2/DOB Month' is clicked on

2018-12-12 16:45:26 - [MESSAGE][PASSED] - Object: 'Object Repository/Final Object Repo/New Registration - Registration Module Pages/Form 2/DOB Month' is clicked on

2018-12-12 16:45:26 - [TEST_STEP][PASSED] - Statement - selectMonth = com.kms.katalon.core.webui.keyword.WebUiBuiltInKeywords.modifyObjectProperty(selectMonth, "xpath", "equals", "//body/div/div/div/select/option[@value="" + CurrentMonth + ""]", true): Modify property of object successfully

2018-12-12 16:45:26 - [MESSAGE][PASSED] - Modify property of object successfully

2018-12-12 16:45:26 - [TEST_STEP][PASSED] - click: Object: '' is clicked on

2018-12-12 16:45:27 - [MESSAGE][PASSED] - Object: '' is clicked on

2018-12-12 16:45:27 - [TEST_STEP][PASSED] - click: Object: 'Object Repository/Final Object Repo/New Registration - Registration Module Pages/Form 2/DOB Year' is clicked on

2018-12-12 16:45:27 - [MESSAGE][PASSED] - Object: 'Object Repository/Final Object Repo/New Registration - Registration Module Pages/Form 2/DOB Year' is clicked on

2018-12-12 16:45:27 - [TEST_STEP][PASSED] - Statement - selectYear = com.kms.katalon.core.webui.keyword.WebUiBuiltInKeywords.modifyObjectProperty(selectYear, "xpath", "equals", "//div/div/div/select/option[@value="" + FiftysevenYrsBefore + ""]", true): Modify property of object successfully

2018-12-12 16:45:27 - [MESSAGE][PASSED] - Modify property of object successfully

2018-12-12 16:45:27 - [TEST_STEP][PASSED] - click: Object: '' is clicked on

2018-12-12 16:45:27 - [MESSAGE][PASSED] - Object: '' is clicked on

2018-12-12 16:45:27 - [TEST_STEP][PASSED] - Statement - UpdatedSelectDate = com.kms.katalon.core.webui.keyword.WebUiBuiltInKeywords.modifyObjectProperty(com.kms.katalon.core.testobject.ObjectRepository.findTestObject(Final Object Repo/New Registration - Registration Module Pages/Form 2/DOB Date), "xpath", "equals", "//body/div/table/tbody/tr/td/a[text()="" + CurrentDate + ""]", true): Modify property of object successfully

2018-12-12 16:45:27 - [MESSAGE][PASSED] - Modify property of object successfully

2018-12-12 16:45:27 - [TEST_STEP][PASSED] - delay: Delayed 3 second(s)

2018-12-12 16:45:30 - [MESSAGE][PASSED] - Delayed 3 second(s)

2018-12-12 16:45:30 - [TEST_STEP][PASSED] - click: Object: 'Object Repository/Final Object Repo/New Registration - Registration Module Pages/Form 2/DOB Date' is clicked on

2018-12-12 16:45:30 - [MESSAGE][PASSED] - Object: 'Object Repository/Final Object Repo/New Registration - Registration Module Pages/Form 2/DOB Date' is clicked on

2018-12-12 16:45:30 - [TEST_STEP][PASSED] - delay: Delayed 2 second(s)

2018-12-12 16:45:32 - [MESSAGE][PASSED] - Delayed 2 second(s)

2018-12-12 16:45:32 - [TEST_STEP][PASSED] - click: Object: 'Object Repository/Final Object Repo/New Registration - Registration Module Pages/Form 2/EmploymentStartDate Pop Up' is clicked on

2018-12-12 16:45:32 - [MESSAGE][PASSED] - Object: 'Object Repository/Final Object Repo/New Registration - Registration Module Pages/Form 2/EmploymentStartDate Pop Up' is clicked on

2018-12-12 16:45:32 - [TEST_STEP][PASSED] - delay: Delayed 2 second(s)

2018-12-12 16:45:34 - [MESSAGE][PASSED] - Delayed 2 second(s)

2018-12-12 16:45:34 - [TEST_STEP][PASSED] - click: Object: 'Object Repository/Final Object Repo/New Registration - Registration Module Pages/Form 2/Socso Employment StartDate Month' is clicked on

2018-12-12 16:45:34 - [MESSAGE][PASSED] - Object: 'Object Repository/Final Object Repo/New Registration - Registration Module Pages/Form 2/Socso Employment StartDate Month' is clicked on

2018-12-12 16:45:34 - [TEST_STEP][PASSED] - delay: Delayed 1 second(s)

2018-12-12 16:45:35 - [MESSAGE][PASSED] - Delayed 1 second(s)

2018-12-12 16:45:35 - [TEST_STEP][PASSED] - click: Object: 'Object Repository/Final Object Repo/New Registration - Registration Module Pages/Form 2/Select Socso Employement Startdate Month' is clicked on

2018-12-12 16:45:36 - [MESSAGE][PASSED] - Object: 'Object Repository/Final Object Repo/New Registration - Registration Module Pages/Form 2/Select Socso Employement Startdate Month' is clicked on

2018-12-12 16:45:36 - [TEST_STEP][PASSED] - delay: Delayed 2 second(s)

2018-12-12 16:45:38 - [MESSAGE][PASSED] - Delayed 2 second(s)

2018-12-12 16:45:38 - [TEST_STEP][PASSED] - click: Object: 'Object Repository/Final Object Repo/New Registration - Registration Module Pages/Form 2/Socso Employment StartDate Year' is clicked on

2018-12-12 16:45:38 - [MESSAGE][PASSED] - Object: 'Object Repository/Final Object Repo/New Registration - Registration Module Pages/Form 2/Socso Employment StartDate Year' is clicked on

2018-12-12 16:45:38 - [TEST_STEP][PASSED] - click: Object: 'Object Repository/Final Object Repo/New Registration - Registration Module Pages/Form 2/Select Socso Employment Startdate Year' is clicked on

2018-12-12 16:45:38 - [MESSAGE][PASSED] - Object: 'Object Repository/Final Object Repo/New Registration - Registration Module Pages/Form 2/Select Socso Employment Startdate Year' is clicked on

2018-12-12 16:45:38 - [TEST_STEP][PASSED] - delay: Delayed 2 second(s)

2018-12-12 16:45:40 - [MESSAGE][PASSED] - Delayed 2 second(s)

2018-12-12 16:45:40 - [TEST_STEP][PASSED] - click: Object: 'Object Repository/Final Object Repo/New Registration - Registration Module Pages/Form 2/Socso Employment Start Date Day' is clicked on

2018-12-12 16:45:40 - [MESSAGE][PASSED] - Object: 'Object Repository/Final Object Repo/New Registration - Registration Module Pages/Form 2/Socso Employment Start Date Day' is clicked on

2018-12-12 16:45:40 - [TEST_STEP][PASSED] - delay: Delayed 2 second(s)

2018-12-12 16:45:42 - [MESSAGE][PASSED] - Delayed 2 second(s)

2018-12-12 16:45:42 - [TEST_STEP][PASSED] - click: Object: 'Object Repository/Final Object Repo/New Registration - Registration Module Pages/Form 2/Save Button for Add Employee' is clicked on

2018-12-12 16:45:42 - [MESSAGE][PASSED] - Object: 'Object Repository/Final Object Repo/New Registration - Registration Module Pages/Form 2/Save Button for Add Employee' is clicked on

2018-12-12 16:45:42 - [TEST_STEP][PASSED] - delay: Delayed 2 second(s)

2018-12-12 16:45:44 - [MESSAGE][PASSED] - Delayed 2 second(s)

2018-12-12 16:45:44 - [TEST_STEP][PASSED] - click: Object: 'Object Repository/Final Object Repo/New Registration - Registration Module Pages/Form 2/Save and Continue Form 2' is clicked on

2018-12-12 16:45:45 - [MESSAGE][PASSED] - Object: 'Object Repository/Final Object Repo/New Registration - Registration Module Pages/Form 2/Save and Continue Form 2' is clicked on

2018-12-12 16:45:45 - [MESSAGE][PASSED] - Call Test Case 'Test Cases/Final Aug 2018 - PKS Automation/Registration Module/New Registration/Form 2/Add 2 Not Eligible - No 3rd Screen' successfully

2018-12-12 16:45:45 - [TEST_STEP][PASSED] - callTestCase: Call Test Case 'Test Cases/Final Aug 2018 - PKS Automation/Registration Module/New Registration/Flow of New Registration/No Third Screen - Upload 2 Supporting Doc - Preview' successfully

2018-12-12 16:45:45 - [TEST_CASE][PASSED] - Test Cases/Final Aug 2018 - PKS Automation/Registration Module/New Registration/Flow of New Registration/No Third Screen - Upload 2 Supporting Doc - Preview: Test Cases/Final Aug 2018 - PKS Automation/Registration Module/New Registration/Flow of New Registration/No Third Screen - Upload 2 Supporting Doc - Preview

2018-12-12 16:45:45 - [TEST_STEP][PASSED] - delay: Delayed 4 second(s)

2018-12-12 16:45:49 - [MESSAGE][PASSED] - Delayed 4 second(s)

2018-12-12 16:45:49 - [TEST_STEP][PASSED] - click: Object: 'Object Repository/Final Object Repo/New Registration - Registration Module Pages/Third Screen - Upload Supporting Doc- Preview/Add Document Button' is clicked on

2018-12-12 16:45:49 - [MESSAGE][PASSED] - Object: 'Object Repository/Final Object Repo/New Registration - Registration Module Pages/Third Screen - Upload Supporting Doc- Preview/Add Document Button' is clicked on

2018-12-12 16:45:49 - [TEST_STEP][PASSED] - delay: Delayed 4 second(s)

2018-12-12 16:45:53 - [MESSAGE][PASSED] - Delayed 4 second(s)

2018-12-12 16:45:53 - [TEST_STEP][PASSED] - click: Object: 'Object Repository/Final Object Repo/New Registration - Registration Module Pages/Third Screen - Upload Supporting Doc- Preview/Supporting Doc Please Select Drop Down' is clicked on

2018-12-12 16:45:53 - [MESSAGE][PASSED] - Object: 'Object Repository/Final Object Repo/New Registration - Registration Module Pages/Third Screen - Upload Supporting Doc- Preview/Supporting Doc Please Select Drop Down' is clicked on

2018-12-12 16:45:53 - [TEST_STEP][PASSED] - delay: Delayed 2 second(s)

2018-12-12 16:45:55 - [MESSAGE][PASSED] - Delayed 2 second(s)

2018-12-12 16:45:55 - [TEST_STEP][PASSED] - click: Object: 'Object Repository/Final Object Repo/New Registration - Registration Module Pages/Third Screen - Upload Supporting Doc- Preview/Select to Upload Form 1' is clicked on

2018-12-12 16:45:55 - [MESSAGE][PASSED] - Object: 'Object Repository/Final Object Repo/New Registration - Registration Module Pages/Third Screen - Upload Supporting Doc- Preview/Select to Upload Form 1' is clicked on

2018-12-12 16:45:55 - [TEST_STEP][PASSED] - delay: Delayed 2 second(s)

2018-12-12 16:45:57 - [MESSAGE][PASSED] - Delayed 2 second(s)

2018-12-12 16:45:57 - [TEST_STEP][PASSED] - uploadFile: File 'C:\Users\Public\Pictures\Sample Pictures\Koala.jpg' sent to object: 'Object Repository/Final Object Repo/New Registration - Registration Module Pages/Third Screen - Upload Supporting Doc- Preview/Upload File Adding'

2018-12-12 16:45:58 - [MESSAGE][PASSED] - File 'C:\Users\Public\Pictures\Sample Pictures\Koala.jpg' sent to object: 'Object Repository/Final Object Repo/New Registration - Registration Module Pages/Third Screen - Upload Supporting Doc- Preview/Upload File Adding'

2018-12-12 16:45:58 - [TEST_STEP][PASSED] - delay: Delayed 5 second(s)

2018-12-12 16:46:03 - [MESSAGE][PASSED] - Delayed 5 second(s)

2018-12-12 16:46:03 - [TEST_STEP][PASSED] - click: Object: 'Object Repository/Final Object Repo/New Registration - Registration Module Pages/Third Screen - Upload Supporting Doc- Preview/Inner Form Add Document Button' is clicked on

2018-12-12 16:46:03 - [MESSAGE][PASSED] - Object: 'Object Repository/Final Object Repo/New Registration - Registration Module Pages/Third Screen - Upload Supporting Doc- Preview/Inner Form Add Document Button' is clicked on

2018-12-12 16:46:03 - [TEST_STEP][PASSED] - delay: Delayed 3 second(s)

2018-12-12 16:46:06 - [MESSAGE][PASSED] - Delayed 3 second(s)

2018-12-12 16:46:06 - [TEST_STEP][PASSED] - click: Object: 'Object Repository/Final Object Repo/New Registration - Registration Module Pages/Third Screen - Upload Supporting Doc- Preview/Add Document Button' is clicked on

2018-12-12 16:46:07 - [MESSAGE][PASSED] - Object: 'Object Repository/Final Object Repo/New Registration - Registration Module Pages/Third Screen - Upload Supporting Doc- Preview/Add Document Button' is clicked on

2018-12-12 16:46:07 - [TEST_STEP][PASSED] - delay: Delayed 4 second(s)

2018-12-12 16:46:11 - [MESSAGE][PASSED] - Delayed 4 second(s)

2018-12-12 16:46:11 - [TEST_STEP][PASSED] - click: Object: 'Object Repository/Final Object Repo/New Registration - Registration Module Pages/Third Screen - Upload Supporting Doc- Preview/Supporting Doc Please Select Drop Down' is clicked on

2018-12-12 16:46:11 - [MESSAGE][PASSED] - Object: 'Object Repository/Final Object Repo/New Registration - Registration Module Pages/Third Screen - Upload Supporting Doc- Preview/Supporting Doc Please Select Drop Down' is clicked on

2018-12-12 16:46:11 - [TEST_STEP][PASSED] - delay: Delayed 2 second(s)

2018-12-12 16:46:13 - [MESSAGE][PASSED] - Delayed 2 second(s)

2018-12-12 16:46:13 - [TEST_STEP][PASSED] - click: Object: 'Object Repository/Final Object Repo/New Registration - Registration Module Pages/Third Screen - Upload Supporting Doc- Preview/Select to Upload Form 2' is clicked on

2018-12-12 16:46:13 - [MESSAGE][PASSED] - Object: 'Object Repository/Final Object Repo/New Registration - Registration Module Pages/Third Screen - Upload Supporting Doc- Preview/Select to Upload Form 2' is clicked on

2018-12-12 16:46:13 - [TEST_STEP][PASSED] - delay: Delayed 2 second(s)

2018-12-12 16:46:15 - [MESSAGE][PASSED] - Delayed 2 second(s)

2018-12-12 16:46:15 - [TEST_STEP][PASSED] - uploadFile: File 'C:\Users\Public\Pictures\Sample Pictures\Koala.jpg' sent to object: 'Object Repository/Final Object Repo/New Registration - Registration Module Pages/Third Screen - Upload Supporting Doc- Preview/Upload File Adding'

2018-12-12 16:46:16 - [MESSAGE][PASSED] - File 'C:\Users\Public\Pictures\Sample Pictures\Koala.jpg' sent to object: 'Object Repository/Final Object Repo/New Registration - Registration Module Pages/Third Screen - Upload Supporting Doc- Preview/Upload File Adding'

2018-12-12 16:46:16 - [TEST_STEP][PASSED] - delay: Delayed 5 second(s)

2018-12-12 16:46:21 - [MESSAGE][PASSED] - Delayed 5 second(s)

2018-12-12 16:46:21 - [TEST_STEP][PASSED] - click: Object: 'Object Repository/Final Object Repo/New Registration - Registration Module Pages/Third Screen - Upload Supporting Doc- Preview/Inner Form Add Document Button' is clicked on

2018-12-12 16:46:21 - [MESSAGE][PASSED] - Object: 'Object Repository/Final Object Repo/New Registration - Registration Module Pages/Third Screen - Upload Supporting Doc- Preview/Inner Form Add Document Button' is clicked on

2018-12-12 16:46:21 - [TEST_STEP][PASSED] - delay: Delayed 3 second(s)

2018-12-12 16:46:24 - [MESSAGE][PASSED] - Delayed 3 second(s)

2018-12-12 16:46:24 - [TEST_STEP][PASSED] - click: Object: 'Object Repository/Final Object Repo/New Registration - Registration Module Pages/Third Screen - Upload Supporting Doc- Preview/Save n Continue in Uploading Supporting Doc Page' is clicked on

2018-12-12 16:46:25 - [MESSAGE][PASSED] - Object: 'Object Repository/Final Object Repo/New Registration - Registration Module Pages/Third Screen - Upload Supporting Doc- Preview/Save n Continue in Uploading Supporting Doc Page' is clicked on

2018-12-12 16:46:25 - [MESSAGE][PASSED] - Call Test Case 'Test Cases/Final Aug 2018 - PKS Automation/Registration Module/New Registration/Flow of New Registration/No Third Screen - Upload 2 Supporting Doc - Preview' successfully

2018-12-12 16:46:25 - [TEST_STEP][PASSED] - callTestCase: Call Test Case 'Test Cases/Final Aug 2018 - PKS Automation/Registration Module/New Registration/Submit and Screenshot/Submit Registration and Screenshot' successfully

2018-12-12 16:46:25 - [TEST_CASE][PASSED] - Test Cases/Final Aug 2018 - PKS Automation/Registration Module/New Registration/Submit and Screenshot/Submit Registration and Screenshot: Test Cases/Final Aug 2018 - PKS Automation/Registration Module/New Registration/Submit and Screenshot/Submit Registration and Screenshot

2018-12-12 16:46:25 - [TEST_STEP][PASSED] - delay: Delayed 6 second(s)

2018-12-12 16:46:31 - [MESSAGE][PASSED] - Delayed 6 second(s)

2018-12-12 16:46:31 - [TEST_STEP][PASSED] - click: Object: 'Object Repository/Final Object Repo/New Registration - Registration Module Pages/Third Screen - Upload Supporting Doc- Preview/Preview Submit Button' is clicked on

2018-12-12 16:46:31 - [MESSAGE][PASSED] - Object: 'Object Repository/Final Object Repo/New Registration - Registration Module Pages/Third Screen - Upload Supporting Doc- Preview/Preview Submit Button' is clicked on

2018-12-12 16:46:31 - [TEST_STEP][PASSED] - delay: Delayed 2 second(s)

2018-12-12 16:46:33 - [MESSAGE][PASSED] - Delayed 2 second(s)

2018-12-12 16:46:33 - [TEST_STEP][PASSED] - click: Object: 'Object Repository/Final Object Repo/New Registration - Registration Module Pages/Third Screen - Upload Supporting Doc- Preview/Preview Submit - Confirm' is clicked on

2018-12-12 16:46:33 - [MESSAGE][PASSED] - Object: 'Object Repository/Final Object Repo/New Registration - Registration Module Pages/Third Screen - Upload Supporting Doc- Preview/Preview Submit - Confirm' is clicked on

2018-12-12 16:46:33 - [TEST_STEP][PASSED] - delay: Delayed 15 second(s)

2018-12-12 16:46:48 - [MESSAGE][PASSED] - Delayed 15 second(s)

2018-12-12 16:46:48 - [TEST_STEP][PASSED] - Statement - driver = com.kms.katalon.core.webui.driver.DriverFactory.getWebDriver(): null

2018-12-12 16:46:48 - [TEST_STEP][PASSED] - Statement - driver.manage().timeouts().implicitlyWait(10, SECONDS): null

2018-12-12 16:46:48 - [TEST_STEP][PASSED] - Statement - PresavePath = KatalonScreenshots: null

2018-12-12 16:46:48 - [TEST_STEP][PASSED] - Statement - pathPrefix = "C:\Users\Public\Pictures\Sample Pictures\Katalon Screenshots\Automate Ending Screen": null

2018-12-12 16:46:48 - [TEST_STEP][PASSED] - Statement - finalPath = <not implemented yet for class: org.codehaus.groovy.ast.expr.EmptyExpression>: null

2018-12-12 16:46:48 - [TEST_STEP][PASSED] - Statement - scrFile = driver.getScreenshotAs(FILE): null

2018-12-12 16:46:49 - [TEST_STEP][PASSED] - Statement - PreSaveFile = new java.io.File(PresavePath): null

2018-12-12 16:46:49 - [TEST_STEP][PASSED] - Statement - counter = 0: null

2018-12-12 16:46:49 - [TEST_STEP][PASSED] - Statement - If (PreSaveFile.exists()): null

2018-12-12 16:46:49 - [TEST_STEP][PASSED] - Statement - While (PreSaveFile.exists()): null

2018-12-12 16:46:49 - [TEST_STEP][PASSED] - Statement - counter = counter + 1: null

2018-12-12 16:46:49 - [TEST_STEP][PASSED] - Statement - PreSaveFile = new java.io.File(((pathPrefix + java.lang.Integer.toString(counter)) + .png)): null

2018-12-12 16:46:49 - [TEST_STEP][PASSED] - Statement - counter = counter + 1: null

2018-12-12 16:46:49 - [TEST_STEP][PASSED] - Statement - PreSaveFile = new java.io.File(((pathPrefix + java.lang.Integer.toString(counter)) + .png)): null

2018-12-12 16:46:49 - [TEST_STEP][PASSED] - Statement - counter = counter + 1: null

2018-12-12 16:46:49 - [TEST_STEP][PASSED] - Statement - PreSaveFile = new java.io.File(((pathPrefix + java.lang.Integer.toString(counter)) + .png)): null

2018-12-12 16:46:49 - [TEST_STEP][PASSED] - Statement - counter = counter + 1: null

2018-12-12 16:46:49 - [TEST_STEP][PASSED] - Statement - PreSaveFile = new java.io.File(((pathPrefix + java.lang.Integer.toString(counter)) + .png)): null

2018-12-12 16:46:49 - [TEST_STEP][PASSED] - Statement - counter = counter + 1: null

2018-12-12 16:46:49 - [TEST_STEP][PASSED] - Statement - PreSaveFile = new java.io.File(((pathPrefix + java.lang.Integer.toString(counter)) + .png)): null

2018-12-12 16:46:49 - [TEST_STEP][PASSED] - Statement - counter = counter + 1: null

2018-12-12 16:46:49 - [TEST_STEP][PASSED] - Statement - PreSaveFile = new java.io.File(((pathPrefix + java.lang.Integer.toString(counter)) + .png)): null

2018-12-12 16:46:49 - [TEST_STEP][PASSED] - Statement - counter = counter + 1: null

2018-12-12 16:46:49 - [TEST_STEP][PASSED] - Statement - PreSaveFile = new java.io.File(((pathPrefix + java.lang.Integer.toString(counter)) + .png)): null

2018-12-12 16:46:49 - [TEST_STEP][PASSED] - Statement - counter = counter + 1: null

2018-12-12 16:46:49 - [TEST_STEP][PASSED] - Statement - PreSaveFile = new java.io.File(((pathPrefix + java.lang.Integer.toString(counter)) + .png)): null

2018-12-12 16:46:49 - [TEST_STEP][PASSED] - Statement - counter = counter + 1: null

2018-12-12 16:46:49 - [TEST_STEP][PASSED] - Statement - PreSaveFile = new java.io.File(((pathPrefix + java.lang.Integer.toString(counter)) + .png)): null

2018-12-12 16:46:49 - [TEST_STEP][PASSED] - Statement - counter = counter + 1: null

2018-12-12 16:46:49 - [TEST_STEP][PASSED] - Statement - PreSaveFile = new java.io.File(((pathPrefix + java.lang.Integer.toString(counter)) + .png)): null

2018-12-12 16:46:49 - [TEST_STEP][PASSED] - Statement - counter = counter + 1: null

2018-12-12 16:46:49 - [TEST_STEP][PASSED] - Statement - PreSaveFile = new java.io.File(((pathPrefix + java.lang.Integer.toString(counter)) + .png)): null

2018-12-12 16:46:49 - [TEST_STEP][PASSED] - Statement - counter = counter + 1: null

2018-12-12 16:46:49 - [TEST_STEP][PASSED] - Statement - PreSaveFile = new java.io.File(((pathPrefix + java.lang.Integer.toString(counter)) + .png)): null

2018-12-12 16:46:49 - [TEST_STEP][PASSED] - Statement - counter = counter + 1: null

2018-12-12 16:46:49 - [TEST_STEP][PASSED] - Statement - PreSaveFile = new java.io.File(((pathPrefix + java.lang.Integer.toString(counter)) + .png)): null

2018-12-12 16:46:49 - [TEST_STEP][PASSED] - Statement - counter = counter + 1: null

2018-12-12 16:46:49 - [TEST_STEP][PASSED] - Statement - PreSaveFile = new java.io.File(((pathPrefix + java.lang.Integer.toString(counter)) + .png)): null

2018-12-12 16:46:49 - [TEST_STEP][PASSED] - Statement - counter = counter + 1: null

2018-12-12 16:46:49 - [TEST_STEP][PASSED] - Statement - PreSaveFile = new java.io.File(((pathPrefix + java.lang.Integer.toString(counter)) + .png)): null

2018-12-12 16:46:49 - [TEST_STEP][PASSED] - Statement - counter = counter + 1: null

2018-12-12 16:46:49 - [TEST_STEP][PASSED] - Statement - PreSaveFile = new java.io.File(((pathPrefix + java.lang.Integer.toString(counter)) + .png)): null

2018-12-12 16:46:49 - [TEST_STEP][PASSED] - Statement - counter = counter + 1: null

2018-12-12 16:46:49 - [TEST_STEP][PASSED] - Statement - PreSaveFile = new java.io.File(((pathPrefix + java.lang.Integer.toString(counter)) + .png)): null

2018-12-12 16:46:49 - [TEST_STEP][PASSED] - Statement - counter = counter + 1: null

2018-12-12 16:46:49 - [TEST_STEP][PASSED] - Statement - PreSaveFile = new java.io.File(((pathPrefix + java.lang.Integer.toString(counter)) + .png)): null

2018-12-12 16:46:49 - [TEST_STEP][PASSED] - Statement - counter = counter + 1: null

2018-12-12 16:46:49 - [TEST_STEP][PASSED] - Statement - PreSaveFile = new java.io.File(((pathPrefix + java.lang.Integer.toString(counter)) + .png)): null

2018-12-12 16:46:49 - [TEST_STEP][PASSED] - Statement - counter = counter + 1: null

2018-12-12 16:46:49 - [TEST_STEP][PASSED] - Statement - PreSaveFile = new java.io.File(((pathPrefix + java.lang.Integer.toString(counter)) + .png)): null

2018-12-12 16:46:49 - [TEST_STEP][PASSED] - Statement - counter = counter + 1: null

2018-12-12 16:46:49 - [TEST_STEP][PASSED] - Statement - PreSaveFile = new java.io.File(((pathPrefix + java.lang.Integer.toString(counter)) + .png)): null

2018-12-12 16:46:49 - [TEST_STEP][PASSED] - Statement - counter = counter + 1: null

2018-12-12 16:46:49 - [TEST_STEP][PASSED] - Statement - PreSaveFile = new java.io.File(((pathPrefix + java.lang.Integer.toString(counter)) + .png)): null

2018-12-12 16:46:49 - [TEST_STEP][PASSED] - Statement - counter = counter + 1: null

2018-12-12 16:46:49 - [TEST_STEP][PASSED] - Statement - PreSaveFile = new java.io.File(((pathPrefix + java.lang.Integer.toString(counter)) + .png)): null

2018-12-12 16:46:49 - [TEST_STEP][PASSED] - Statement - counter = counter + 1: null

2018-12-12 16:46:49 - [TEST_STEP][PASSED] - Statement - PreSaveFile = new java.io.File(((pathPrefix + java.lang.Integer.toString(counter)) + .png)): null

2018-12-12 16:46:49 - [TEST_STEP][PASSED] - Statement - counter = counter + 1: null

2018-12-12 16:46:49 - [TEST_STEP][PASSED] - Statement - PreSaveFile = new java.io.File(((pathPrefix + java.lang.Integer.toString(counter)) + .png)): null

2018-12-12 16:46:49 - [TEST_STEP][PASSED] - Statement - counter = counter + 1: null

2018-12-12 16:46:49 - [TEST_STEP][PASSED] - Statement - PreSaveFile = new java.io.File(((pathPrefix + java.lang.Integer.toString(counter)) + .png)): null

2018-12-12 16:46:49 - [TEST_STEP][PASSED] - Statement - counter = counter + 1: null

2018-12-12 16:46:49 - [TEST_STEP][PASSED] - Statement - PreSaveFile = new java.io.File(((pathPrefix + java.lang.Integer.toString(counter)) + .png)): null

2018-12-12 16:46:49 - [TEST_STEP][PASSED] - Statement - counter = counter + 1: null

2018-12-12 16:46:49 - [TEST_STEP][PASSED] - Statement - PreSaveFile = new java.io.File(((pathPrefix + java.lang.Integer.toString(counter)) + .png)): null

2018-12-12 16:46:49 - [TEST_STEP][PASSED] - Statement - counter = counter + 1: null

2018-12-12 16:46:49 - [TEST_STEP][PASSED] - Statement - PreSaveFile = new java.io.File(((pathPrefix + java.lang.Integer.toString(counter)) + .png)): null

2018-12-12 16:46:49 - [TEST_STEP][PASSED] - Statement - counter = counter + 1: null

2018-12-12 16:46:49 - [TEST_STEP][PASSED] - Statement - PreSaveFile = new java.io.File(((pathPrefix + java.lang.Integer.toString(counter)) + .png)): null

2018-12-12 16:46:49 - [TEST_STEP][PASSED] - Statement - counter = counter + 1: null

2018-12-12 16:46:49 - [TEST_STEP][PASSED] - Statement - PreSaveFile = new java.io.File(((pathPrefix + java.lang.Integer.toString(counter)) + .png)): null

2018-12-12 16:46:49 - [TEST_STEP][PASSED] - Statement - counter = counter + 1: null

2018-12-12 16:46:49 - [TEST_STEP][PASSED] - Statement - PreSaveFile = new java.io.File(((pathPrefix + java.lang.Integer.toString(counter)) + .png)): null

2018-12-12 16:46:49 - [TEST_STEP][PASSED] - Statement - counter = counter + 1: null

2018-12-12 16:46:49 - [TEST_STEP][PASSED] - Statement - PreSaveFile = new java.io.File(((pathPrefix + java.lang.Integer.toString(counter)) + .png)): null

2018-12-12 16:46:49 - [TEST_STEP][PASSED] - Statement - counter = counter + 1: null

2018-12-12 16:46:49 - [TEST_STEP][PASSED] - Statement - PreSaveFile = new java.io.File(((pathPrefix + java.lang.Integer.toString(counter)) + .png)): null

2018-12-12 16:46:49 - [TEST_STEP][PASSED] - Statement - counter = counter + 1: null

2018-12-12 16:46:49 - [TEST_STEP][PASSED] - Statement - PreSaveFile = new java.io.File(((pathPrefix + java.lang.Integer.toString(counter)) + .png)): null

2018-12-12 16:46:49 - [TEST_STEP][PASSED] - Statement - counter = counter + 1: null

2018-12-12 16:46:49 - [TEST_STEP][PASSED] - Statement - PreSaveFile = new java.io.File(((pathPrefix + java.lang.Integer.toString(counter)) + .png)): null

2018-12-12 16:46:49 - [TEST_STEP][PASSED] - Statement - counter = counter + 1: null

2018-12-12 16:46:49 - [TEST_STEP][PASSED] - Statement - PreSaveFile = new java.io.File(((pathPrefix + java.lang.Integer.toString(counter)) + .png)): null

2018-12-12 16:46:49 - [TEST_STEP][PASSED] - Statement - counter = counter + 1: null

2018-12-12 16:46:49 - [TEST_STEP][PASSED] - Statement - PreSaveFile = new java.io.File(((pathPrefix + java.lang.Integer.toString(counter)) + .png)): null

2018-12-12 16:46:49 - [TEST_STEP][PASSED] - Statement - counter = counter + 1: null

2018-12-12 16:46:49 - [TEST_STEP][PASSED] - Statement - PreSaveFile = new java.io.File(((pathPrefix + java.lang.Integer.toString(counter)) + .png)): null

2018-12-12 16:46:49 - [TEST_STEP][PASSED] - Statement - counter = counter + 1: null

2018-12-12 16:46:49 - [TEST_STEP][PASSED] - Statement - PreSaveFile = new java.io.File(((pathPrefix + java.lang.Integer.toString(counter)) + .png)): null

2018-12-12 16:46:49 - [TEST_STEP][PASSED] - Statement - counter = counter + 1: null

2018-12-12 16:46:49 - [TEST_STEP][PASSED] - Statement - PreSaveFile = new java.io.File(((pathPrefix + java.lang.Integer.toString(counter)) + .png)): null

2018-12-12 16:46:49 - [TEST_STEP][PASSED] - Statement - counter = counter + 1: null

2018-12-12 16:46:49 - [TEST_STEP][PASSED] - Statement - PreSaveFile = new java.io.File(((pathPrefix + java.lang.Integer.toString(counter)) + .png)): null

2018-12-12 16:46:49 - [TEST_STEP][PASSED] - Statement - counter = counter + 1: null

2018-12-12 16:46:49 - [TEST_STEP][PASSED] - Statement - PreSaveFile = new java.io.File(((pathPrefix + java.lang.Integer.toString(counter)) + .png)): null

2018-12-12 16:46:49 - [TEST_STEP][PASSED] - Statement - counter = counter + 1: null

2018-12-12 16:46:49 - [TEST_STEP][PASSED] - Statement - PreSaveFile = new java.io.File(((pathPrefix + java.lang.Integer.toString(counter)) + .png)): null

2018-12-12 16:46:49 - [TEST_STEP][PASSED] - Statement - counter = counter + 1: null

2018-12-12 16:46:49 - [TEST_STEP][PASSED] - Statement - PreSaveFile = new java.io.File(((pathPrefix + java.lang.Integer.toString(counter)) + .png)): null

2018-12-12 16:46:49 - [TEST_STEP][PASSED] - Statement - counter = counter + 1: null

2018-12-12 16:46:49 - [TEST_STEP][PASSED] - Statement - PreSaveFile = new java.io.File(((pathPrefix + java.lang.Integer.toString(counter)) + .png)): null

2018-12-12 16:46:49 - [TEST_STEP][PASSED] - Statement - counter = counter + 1: null

2018-12-12 16:46:49 - [TEST_STEP][PASSED] - Statement - PreSaveFile = new java.io.File(((pathPrefix + java.lang.Integer.toString(counter)) + .png)): null

2018-12-12 16:46:49 - [TEST_STEP][PASSED] - Statement - counter = counter + 1: null

2018-12-12 16:46:49 - [TEST_STEP][PASSED] - Statement - PreSaveFile = new java.io.File(((pathPrefix + java.lang.Integer.toString(counter)) + .png)): null

2018-12-12 16:46:49 - [TEST_STEP][PASSED] - Statement - counter = counter + 1: null

2018-12-12 16:46:49 - [TEST_STEP][PASSED] - Statement - PreSaveFile = new java.io.File(((pathPrefix + java.lang.Integer.toString(counter)) + .png)): null

2018-12-12 16:46:49 - [TEST_STEP][PASSED] - Statement - counter = counter + 1: null

2018-12-12 16:46:49 - [TEST_STEP][PASSED] - Statement - PreSaveFile = new java.io.File(((pathPrefix + java.lang.Integer.toString(counter)) + .png)): null

2018-12-12 16:46:49 - [TEST_STEP][PASSED] - Statement - counter = counter + 1: null

2018-12-12 16:46:49 - [TEST_STEP][PASSED] - Statement - PreSaveFile = new java.io.File(((pathPrefix + java.lang.Integer.toString(counter)) + .png)): null

2018-12-12 16:46:49 - [TEST_STEP][PASSED] - Statement - counter = counter + 1: null

2018-12-12 16:46:49 - [TEST_STEP][PASSED] - Statement - PreSaveFile = new java.io.File(((pathPrefix + java.lang.Integer.toString(counter)) + .png)): null

2018-12-12 16:46:49 - [TEST_STEP][PASSED] - Statement - counter = counter + 1: null

2018-12-12 16:46:49 - [TEST_STEP][PASSED] - Statement - PreSaveFile = new java.io.File(((pathPrefix + java.lang.Integer.toString(counter)) + .png)): null

2018-12-12 16:46:49 - [TEST_STEP][PASSED] - Statement - counter = counter + 1: null

2018-12-12 16:46:49 - [TEST_STEP][PASSED] - Statement - PreSaveFile = new java.io.File(((pathPrefix + java.lang.Integer.toString(counter)) + .png)): null

2018-12-12 16:46:49 - [TEST_STEP][PASSED] - Statement - counter = counter + 1: null

2018-12-12 16:46:49 - [TEST_STEP][PASSED] - Statement - PreSaveFile = new java.io.File(((pathPrefix + java.lang.Integer.toString(counter)) + .png)): null

2018-12-12 16:46:49 - [TEST_STEP][PASSED] - Statement - counter = counter + 1: null

2018-12-12 16:46:49 - [TEST_STEP][PASSED] - Statement - PreSaveFile = new java.io.File(((pathPrefix + java.lang.Integer.toString(counter)) + .png)): null

2018-12-12 16:46:49 - [TEST_STEP][PASSED] - Statement - counter = counter + 1: null

2018-12-12 16:46:49 - [TEST_STEP][PASSED] - Statement - PreSaveFile = new java.io.File(((pathPrefix + java.lang.Integer.toString(counter)) + .png)): null

2018-12-12 16:46:49 - [TEST_STEP][PASSED] - Statement - counter = counter + 1: null

2018-12-12 16:46:49 - [TEST_STEP][PASSED] - Statement - PreSaveFile = new java.io.File(((pathPrefix + java.lang.Integer.toString(counter)) + .png)): null

2018-12-12 16:46:49 - [TEST_STEP][PASSED] - Statement - counter = counter + 1: null

2018-12-12 16:46:49 - [TEST_STEP][PASSED] - Statement - PreSaveFile = new java.io.File(((pathPrefix + java.lang.Integer.toString(counter)) + .png)): null

2018-12-12 16:46:49 - [TEST_STEP][PASSED] - Statement - counter = counter + 1: null

2018-12-12 16:46:49 - [TEST_STEP][PASSED] - Statement - PreSaveFile = new java.io.File(((pathPrefix + java.lang.Integer.toString(counter)) + .png)): null

2018-12-12 16:46:49 - [TEST_STEP][PASSED] - Statement - counter = counter + 1: null

2018-12-12 16:46:49 - [TEST_STEP][PASSED] - Statement - PreSaveFile = new java.io.File(((pathPrefix + java.lang.Integer.toString(counter)) + .png)): null

2018-12-12 16:46:49 - [TEST_STEP][PASSED] - Statement - counter = counter + 1: null

2018-12-12 16:46:49 - [TEST_STEP][PASSED] - Statement - PreSaveFile = new java.io.File(((pathPrefix + java.lang.Integer.toString(counter)) + .png)): null

2018-12-12 16:46:49 - [TEST_STEP][PASSED] - Statement - counter = counter + 1: null

2018-12-12 16:46:49 - [TEST_STEP][PASSED] - Statement - PreSaveFile = new java.io.File(((pathPrefix + java.lang.Integer.toString(counter)) + .png)): null

2018-12-12 16:46:49 - [TEST_STEP][PASSED] - Statement - counter = counter + 1: null

2018-12-12 16:46:49 - [TEST_STEP][PASSED] - Statement - PreSaveFile = new java.io.File(((pathPrefix + java.lang.Integer.toString(counter)) + .png)): null

2018-12-12 16:46:49 - [TEST_STEP][PASSED] - Statement - counter = counter + 1: null

2018-12-12 16:46:49 - [TEST_STEP][PASSED] - Statement - PreSaveFile = new java.io.File(((pathPrefix + java.lang.Integer.toString(counter)) + .png)): null

2018-12-12 16:46:49 - [TEST_STEP][PASSED] - Statement - counter = counter + 1: null

2018-12-12 16:46:49 - [TEST_STEP][PASSED] - Statement - PreSaveFile = new java.io.File(((pathPrefix + java.lang.Integer.toString(counter)) + .png)): null

2018-12-12 16:46:49 - [TEST_STEP][PASSED] - Statement - counter = counter + 1: null

2018-12-12 16:46:49 - [TEST_STEP][PASSED] - Statement - PreSaveFile = new java.io.File(((pathPrefix + java.lang.Integer.toString(counter)) + .png)): null

2018-12-12 16:46:49 - [TEST_STEP][PASSED] - Statement - counter = counter + 1: null

2018-12-12 16:46:49 - [TEST_STEP][PASSED] - Statement - PreSaveFile = new java.io.File(((pathPrefix + java.lang.Integer.toString(counter)) + .png)): null

2018-12-12 16:46:49 - [TEST_STEP][PASSED] - Statement - counter = counter + 1: null

2018-12-12 16:46:49 - [TEST_STEP][PASSED] - Statement - PreSaveFile = new java.io.File(((pathPrefix + java.lang.Integer.toString(counter)) + .png)): null

2018-12-12 16:46:49 - [TEST_STEP][PASSED] - Statement - counter = counter + 1: null

2018-12-12 16:46:49 - [TEST_STEP][PASSED] - Statement - PreSaveFile = new java.io.File(((pathPrefix + java.lang.Integer.toString(counter)) + .png)): null

2018-12-12 16:46:49 - [TEST_STEP][PASSED] - Statement - counter = counter + 1: null

2018-12-12 16:46:49 - [TEST_STEP][PASSED] - Statement - PreSaveFile = new java.io.File(((pathPrefix + java.lang.Integer.toString(counter)) + .png)): null

2018-12-12 16:46:49 - [TEST_STEP][PASSED] - Statement - counter = counter + 1: null

2018-12-12 16:46:49 - [TEST_STEP][PASSED] - Statement - PreSaveFile = new java.io.File(((pathPrefix + java.lang.Integer.toString(counter)) + .png)): null

2018-12-12 16:46:49 - [TEST_STEP][PASSED] - Statement - counter = counter + 1: null

2018-12-12 16:46:49 - [TEST_STEP][PASSED] - Statement - PreSaveFile = new java.io.File(((pathPrefix + java.lang.Integer.toString(counter)) + .png)): null

2018-12-12 16:46:49 - [TEST_STEP][PASSED] - Statement - counter = counter + 1: null

2018-12-12 16:46:49 - [TEST_STEP][PASSED] - Statement - PreSaveFile = new java.io.File(((pathPrefix + java.lang.Integer.toString(counter)) + .png)): null

2018-12-12 16:46:49 - [TEST_STEP][PASSED] - Statement - counter = counter + 1: null

2018-12-12 16:46:49 - [TEST_STEP][PASSED] - Statement - PreSaveFile = new java.io.File(((pathPrefix + java.lang.Integer.toString(counter)) + .png)): null

2018-12-12 16:46:49 - [TEST_STEP][PASSED] - Statement - counter = counter + 1: null

2018-12-12 16:46:49 - [TEST_STEP][PASSED] - Statement - PreSaveFile = new java.io.File(((pathPrefix + java.lang.Integer.toString(counter)) + .png)): null

2018-12-12 16:46:49 - [TEST_STEP][PASSED] - Statement - counter = counter + 1: null

2018-12-12 16:46:49 - [TEST_STEP][PASSED] - Statement - PreSaveFile = new java.io.File(((pathPrefix + java.lang.Integer.toString(counter)) + .png)): null

2018-12-12 16:46:49 - [TEST_STEP][PASSED] - Statement - counter = counter + 1: null

2018-12-12 16:46:49 - [TEST_STEP][PASSED] - Statement - PreSaveFile = new java.io.File(((pathPrefix + java.lang.Integer.toString(counter)) + .png)): null

2018-12-12 16:46:49 - [TEST_STEP][PASSED] - Statement - counter = counter + 1: null

2018-12-12 16:46:49 - [TEST_STEP][PASSED] - Statement - PreSaveFile = new java.io.File(((pathPrefix + java.lang.Integer.toString(counter)) + .png)): null

2018-12-12 16:46:49 - [TEST_STEP][PASSED] - Statement - counter = counter + 1: null

2018-12-12 16:46:49 - [TEST_STEP][PASSED] - Statement - PreSaveFile = new java.io.File(((pathPrefix + java.lang.Integer.toString(counter)) + .png)): null

2018-12-12 16:46:49 - [TEST_STEP][PASSED] - Statement - counter = counter + 1: null

2018-12-12 16:46:49 - [TEST_STEP][PASSED] - Statement - PreSaveFile = new java.io.File(((pathPrefix + java.lang.Integer.toString(counter)) + .png)): null

2018-12-12 16:46:49 - [TEST_STEP][PASSED] - Statement - counter = counter + 1: null

2018-12-12 16:46:49 - [TEST_STEP][PASSED] - Statement - PreSaveFile = new java.io.File(((pathPrefix + java.lang.Integer.toString(counter)) + .png)): null

2018-12-12 16:46:49 - [TEST_STEP][PASSED] - Statement - counter = counter + 1: null

2018-12-12 16:46:49 - [TEST_STEP][PASSED] - Statement - PreSaveFile = new java.io.File(((pathPrefix + java.lang.Integer.toString(counter)) + .png)): null

2018-12-12 16:46:49 - [TEST_STEP][PASSED] - Statement - counter = counter + 1: null

2018-12-12 16:46:49 - [TEST_STEP][PASSED] - Statement - PreSaveFile = new java.io.File(((pathPrefix + java.lang.Integer.toString(counter)) + .png)): null

2018-12-12 16:46:49 - [TEST_STEP][PASSED] - Statement - counter = counter + 1: null

2018-12-12 16:46:49 - [TEST_STEP][PASSED] - Statement - PreSaveFile = new java.io.File(((pathPrefix + java.lang.Integer.toString(counter)) + .png)): null

2018-12-12 16:46:49 - [TEST_STEP][PASSED] - Statement - counter = counter + 1: null

2018-12-12 16:46:49 - [TEST_STEP][PASSED] - Statement - PreSaveFile = new java.io.File(((pathPrefix + java.lang.Integer.toString(counter)) + .png)): null

2018-12-12 16:46:49 - [TEST_STEP][PASSED] - Statement - counter = counter + 1: null

2018-12-12 16:46:49 - [TEST_STEP][PASSED] - Statement - PreSaveFile = new java.io.File(((pathPrefix + java.lang.Integer.toString(counter)) + .png)): null

2018-12-12 16:46:49 - [TEST_STEP][PASSED] - Statement - counter = counter + 1: null

2018-12-12 16:46:49 - [TEST_STEP][PASSED] - Statement - PreSaveFile = new java.io.File(((pathPrefix + java.lang.Integer.toString(counter)) + .png)): null

2018-12-12 16:46:49 - [TEST_STEP][PASSED] - Statement - counter = counter + 1: null

2018-12-12 16:46:49 - [TEST_STEP][PASSED] - Statement - PreSaveFile = new java.io.File(((pathPrefix + java.lang.Integer.toString(counter)) + .png)): null

2018-12-12 16:46:49 - [TEST_STEP][PASSED] - Statement - counter = counter + 1: null

2018-12-12 16:46:49 - [TEST_STEP][PASSED] - Statement - PreSaveFile = new java.io.File(((pathPrefix + java.lang.Integer.toString(counter)) + .png)): null

2018-12-12 16:46:49 - [TEST_STEP][PASSED] - Statement - counter = counter + 1: null

2018-12-12 16:46:49 - [TEST_STEP][PASSED] - Statement - PreSaveFile = new java.io.File(((pathPrefix + java.lang.Integer.toString(counter)) + .png)): null

2018-12-12 16:46:49 - [TEST_STEP][PASSED] - Statement - counter = counter + 1: null

2018-12-12 16:46:49 - [TEST_STEP][PASSED] - Statement - PreSaveFile = new java.io.File(((pathPrefix + java.lang.Integer.toString(counter)) + .png)): null

2018-12-12 16:46:49 - [TEST_STEP][PASSED] - Statement - counter = counter + 1: null

2018-12-12 16:46:49 - [TEST_STEP][PASSED] - Statement - PreSaveFile = new java.io.File(((pathPrefix + java.lang.Integer.toString(counter)) + .png)): null

2018-12-12 16:46:49 - [TEST_STEP][PASSED] - Statement - counter = counter + 1: null

2018-12-12 16:46:49 - [TEST_STEP][PASSED] - Statement - PreSaveFile = new java.io.File(((pathPrefix + java.lang.Integer.toString(counter)) + .png)): null

2018-12-12 16:46:49 - [TEST_STEP][PASSED] - Statement - counter = counter + 1: null

2018-12-12 16:46:49 - [TEST_STEP][PASSED] - Statement - PreSaveFile = new java.io.File(((pathPrefix + java.lang.Integer.toString(counter)) + .png)): null

2018-12-12 16:46:49 - [TEST_STEP][PASSED] - Statement - counter = counter + 1: null

2018-12-12 16:46:49 - [TEST_STEP][PASSED] - Statement - PreSaveFile = new java.io.File(((pathPrefix + java.lang.Integer.toString(counter)) + .png)): null

2018-12-12 16:46:49 - [TEST_STEP][PASSED] - Statement - counter = counter + 1: null

2018-12-12 16:46:49 - [TEST_STEP][PASSED] - Statement - PreSaveFile = new java.io.File(((pathPrefix + java.lang.Integer.toString(counter)) + .png)): null

2018-12-12 16:46:49 - [TEST_STEP][PASSED] - Statement - counter = counter + 1: null

2018-12-12 16:46:49 - [TEST_STEP][PASSED] - Statement - PreSaveFile = new java.io.File(((pathPrefix + java.lang.Integer.toString(counter)) + .png)): null

2018-12-12 16:46:49 - [TEST_STEP][PASSED] - Statement - counter = counter + 1: null

2018-12-12 16:46:49 - [TEST_STEP][PASSED] - Statement - PreSaveFile = new java.io.File(((pathPrefix + java.lang.Integer.toString(counter)) + .png)): null

2018-12-12 16:46:49 - [TEST_STEP][PASSED] - Statement - counter = counter + 1: null

2018-12-12 16:46:49 - [TEST_STEP][PASSED] - Statement - PreSaveFile = new java.io.File(((pathPrefix + java.lang.Integer.toString(counter)) + .png)): null

2018-12-12 16:46:49 - [TEST_STEP][PASSED] - Statement - counter = counter + 1: null

2018-12-12 16:46:49 - [TEST_STEP][PASSED] - Statement - PreSaveFile = new java.io.File(((pathPrefix + java.lang.Integer.toString(counter)) + .png)): null

2018-12-12 16:46:49 - [TEST_STEP][PASSED] - Statement - counter = counter + 1: null

2018-12-12 16:46:49 - [TEST_STEP][PASSED] - Statement - PreSaveFile = new java.io.File(((pathPrefix + java.lang.Integer.toString(counter)) + .png)): null

2018-12-12 16:46:49 - [TEST_STEP][PASSED] - Statement - counter = counter + 1: null

2018-12-12 16:46:49 - [TEST_STEP][PASSED] - Statement - PreSaveFile = new java.io.File(((pathPrefix + java.lang.Integer.toString(counter)) + .png)): null

2018-12-12 16:46:49 - [TEST_STEP][PASSED] - Statement - counter = counter + 1: null

2018-12-12 16:46:49 - [TEST_STEP][PASSED] - Statement - PreSaveFile = new java.io.File(((pathPrefix + java.lang.Integer.toString(counter)) + .png)): null

2018-12-12 16:46:49 - [TEST_STEP][PASSED] - Statement - counter = counter + 1: null

2018-12-12 16:46:49 - [TEST_STEP][PASSED] - Statement - PreSaveFile = new java.io.File(((pathPrefix + java.lang.Integer.toString(counter)) + .png)): null

2018-12-12 16:46:49 - [TEST_STEP][PASSED] - Statement - counter = counter + 1: null

2018-12-12 16:46:49 - [TEST_STEP][PASSED] - Statement - PreSaveFile = new java.io.File(((pathPrefix + java.lang.Integer.toString(counter)) + .png)): null

2018-12-12 16:46:49 - [TEST_STEP][PASSED] - Statement - counter = counter + 1: null

2018-12-12 16:46:49 - [TEST_STEP][PASSED] - Statement - PreSaveFile = new java.io.File(((pathPrefix + java.lang.Integer.toString(counter)) + .png)): null

2018-12-12 16:46:49 - [TEST_STEP][PASSED] - Statement - counter = counter + 1: null

2018-12-12 16:46:49 - [TEST_STEP][PASSED] - Statement - PreSaveFile = new java.io.File(((pathPrefix + java.lang.Integer.toString(counter)) + .png)): null

2018-12-12 16:46:49 - [TEST_STEP][PASSED] - Statement - counter = counter + 1: null

2018-12-12 16:46:49 - [TEST_STEP][PASSED] - Statement - PreSaveFile = new java.io.File(((pathPrefix + java.lang.Integer.toString(counter)) + .png)): null

2018-12-12 16:46:49 - [TEST_STEP][PASSED] - Statement - counter = counter + 1: null

2018-12-12 16:46:49 - [TEST_STEP][PASSED] - Statement - PreSaveFile = new java.io.File(((pathPrefix + java.lang.Integer.toString(counter)) + .png)): null

2018-12-12 16:46:49 - [TEST_STEP][PASSED] - Statement - counter = counter + 1: null

2018-12-12 16:46:49 - [TEST_STEP][PASSED] - Statement - PreSaveFile = new java.io.File(((pathPrefix + java.lang.Integer.toString(counter)) + .png)): null

2018-12-12 16:46:49 - [TEST_STEP][PASSED] - Statement - counter = counter + 1: null

2018-12-12 16:46:49 - [TEST_STEP][PASSED] - Statement - PreSaveFile = new java.io.File(((pathPrefix + java.lang.Integer.toString(counter)) + .png)): null

2018-12-12 16:46:49 - [TEST_STEP][PASSED] - Statement - counter = counter + 1: null

2018-12-12 16:46:49 - [TEST_STEP][PASSED] - Statement - PreSaveFile = new java.io.File(((pathPrefix + java.lang.Integer.toString(counter)) + .png)): null

2018-12-12 16:46:49 - [TEST_STEP][PASSED] - Statement - counter = counter + 1: null

2018-12-12 16:46:49 - [TEST_STEP][PASSED] - Statement - PreSaveFile = new java.io.File(((pathPrefix + java.lang.Integer.toString(counter)) + .png)): null

2018-12-12 16:46:49 - [TEST_STEP][PASSED] - Statement - counter = counter + 1: null

2018-12-12 16:46:49 - [TEST_STEP][PASSED] - Statement - PreSaveFile = new java.io.File(((pathPrefix + java.lang.Integer.toString(counter)) + .png)): null

2018-12-12 16:46:49 - [TEST_STEP][PASSED] - Statement - counter = counter + 1: null

2018-12-12 16:46:49 - [TEST_STEP][PASSED] - Statement - PreSaveFile = new java.io.File(((pathPrefix + java.lang.Integer.toString(counter)) + .png)): null

2018-12-12 16:46:49 - [TEST_STEP][PASSED] - Statement - counter = counter + 1: null

2018-12-12 16:46:49 - [TEST_STEP][PASSED] - Statement - PreSaveFile = new java.io.File(((pathPrefix + java.lang.Integer.toString(counter)) + .png)): null

2018-12-12 16:46:49 - [TEST_STEP][PASSED] - Statement - counter = counter + 1: null

2018-12-12 16:46:49 - [TEST_STEP][PASSED] - Statement - PreSaveFile = new java.io.File(((pathPrefix + java.lang.Integer.toString(counter)) + .png)): null

2018-12-12 16:46:49 - [TEST_STEP][PASSED] - Statement - counter = counter + 1: null

2018-12-12 16:46:49 - [TEST_STEP][PASSED] - Statement - PreSaveFile = new java.io.File(((pathPrefix + java.lang.Integer.toString(counter)) + .png)): null

2018-12-12 16:46:49 - [TEST_STEP][PASSED] - Statement - counter = counter + 1: null

2018-12-12 16:46:49 - [TEST_STEP][PASSED] - Statement - PreSaveFile = new java.io.File(((pathPrefix + java.lang.Integer.toString(counter)) + .png)): null

2018-12-12 16:46:49 - [TEST_STEP][PASSED] - Statement - counter = counter + 1: null

2018-12-12 16:46:49 - [TEST_STEP][PASSED] - Statement - PreSaveFile = new java.io.File(((pathPrefix + java.lang.Integer.toString(counter)) + .png)): null

2018-12-12 16:46:49 - [TEST_STEP][PASSED] - Statement - counter = counter + 1: null

2018-12-12 16:46:49 - [TEST_STEP][PASSED] - Statement - PreSaveFile = new java.io.File(((pathPrefix + java.lang.Integer.toString(counter)) + .png)): null

2018-12-12 16:46:49 - [TEST_STEP][PASSED] - Statement - counter = counter + 1: null

2018-12-12 16:46:49 - [TEST_STEP][PASSED] - Statement - PreSaveFile = new java.io.File(((pathPrefix + java.lang.Integer.toString(counter)) + .png)): null

2018-12-12 16:46:49 - [TEST_STEP][PASSED] - Statement - counter = counter + 1: null

2018-12-12 16:46:49 - [TEST_STEP][PASSED] - Statement - PreSaveFile = new java.io.File(((pathPrefix + java.lang.Integer.toString(counter)) + .png)): null

2018-12-12 16:46:49 - [TEST_STEP][PASSED] - Statement - counter = counter + 1: null

2018-12-12 16:46:49 - [TEST_STEP][PASSED] - Statement - PreSaveFile = new java.io.File(((pathPrefix + java.lang.Integer.toString(counter)) + .png)): null

2018-12-12 16:46:49 - [TEST_STEP][PASSED] - Statement - counter = counter + 1: null

2018-12-12 16:46:49 - [TEST_STEP][PASSED] - Statement - PreSaveFile = new java.io.File(((pathPrefix + java.lang.Integer.toString(counter)) + .png)): null

2018-12-12 16:46:49 - [TEST_STEP][PASSED] - Statement - counter = counter + 1: null

2018-12-12 16:46:49 - [TEST_STEP][PASSED] - Statement - PreSaveFile = new java.io.File(((pathPrefix + java.lang.Integer.toString(counter)) + .png)): null

2018-12-12 16:46:49 - [TEST_STEP][PASSED] - Statement - counter = counter + 1: null

2018-12-12 16:46:49 - [TEST_STEP][PASSED] - Statement - PreSaveFile = new java.io.File(((pathPrefix + java.lang.Integer.toString(counter)) + .png)): null

2018-12-12 16:46:49 - [TEST_STEP][PASSED] - Statement - counter = counter + 1: null

2018-12-12 16:46:49 - [TEST_STEP][PASSED] - Statement - PreSaveFile = new java.io.File(((pathPrefix + java.lang.Integer.toString(counter)) + .png)): null

2018-12-12 16:46:49 - [TEST_STEP][PASSED] - Statement - counter = counter + 1: null

2018-12-12 16:46:49 - [TEST_STEP][PASSED] - Statement - PreSaveFile = new java.io.File(((pathPrefix + java.lang.Integer.toString(counter)) + .png)): null

2018-12-12 16:46:49 - [TEST_STEP][PASSED] - Statement - counter = counter + 1: null

2018-12-12 16:46:49 - [TEST_STEP][PASSED] - Statement - PreSaveFile = new java.io.File(((pathPrefix + java.lang.Integer.toString(counter)) + .png)): null

2018-12-12 16:46:49 - [TEST_STEP][PASSED] - Statement - counter = counter + 1: null

2018-12-12 16:46:49 - [TEST_STEP][PASSED] - Statement - PreSaveFile = new java.io.File(((pathPrefix + java.lang.Integer.toString(counter)) + .png)): null

2018-12-12 16:46:49 - [TEST_STEP][PASSED] - Statement - counter = counter + 1: null

2018-12-12 16:46:49 - [TEST_STEP][PASSED] - Statement - PreSaveFile = new java.io.File(((pathPrefix + java.lang.Integer.toString(counter)) + .png)): null

2018-12-12 16:46:49 - [TEST_STEP][PASSED] - Statement - counter = counter + 1: null

2018-12-12 16:46:49 - [TEST_STEP][PASSED] - Statement - PreSaveFile = new java.io.File(((pathPrefix + java.lang.Integer.toString(counter)) + .png)): null

2018-12-12 16:46:49 - [TEST_STEP][PASSED] - Statement - counter = counter + 1: null

2018-12-12 16:46:49 - [TEST_STEP][PASSED] - Statement - PreSaveFile = new java.io.File(((pathPrefix + java.lang.Integer.toString(counter)) + .png)): null

2018-12-12 16:46:49 - [TEST_STEP][PASSED] - Statement - counter = counter + 1: null

2018-12-12 16:46:49 - [TEST_STEP][PASSED] - Statement - PreSaveFile = new java.io.File(((pathPrefix + java.lang.Integer.toString(counter)) + .png)): null

2018-12-12 16:46:49 - [TEST_STEP][PASSED] - Statement - counter = counter + 1: null

2018-12-12 16:46:49 - [TEST_STEP][PASSED] - Statement - PreSaveFile = new java.io.File(((pathPrefix + java.lang.Integer.toString(counter)) + .png)): null

2018-12-12 16:46:49 - [TEST_STEP][PASSED] - Statement - counter = counter + 1: null

2018-12-12 16:46:49 - [TEST_STEP][PASSED] - Statement - PreSaveFile = new java.io.File(((pathPrefix + java.lang.Integer.toString(counter)) + .png)): null

2018-12-12 16:46:49 - [TEST_STEP][PASSED] - Statement - counter = counter + 1: null

2018-12-12 16:46:49 - [TEST_STEP][PASSED] - Statement - PreSaveFile = new java.io.File(((pathPrefix + java.lang.Integer.toString(counter)) + .png)): null

2018-12-12 16:46:49 - [TEST_STEP][PASSED] - Statement - counter = counter + 1: null

2018-12-12 16:46:49 - [TEST_STEP][PASSED] - Statement - PreSaveFile = new java.io.File(((pathPrefix + java.lang.Integer.toString(counter)) + .png)): null

2018-12-12 16:46:49 - [TEST_STEP][PASSED] - Statement - counter = counter + 1: null

2018-12-12 16:46:49 - [TEST_STEP][PASSED] - Statement - PreSaveFile = new java.io.File(((pathPrefix + java.lang.Integer.toString(counter)) + .png)): null

2018-12-12 16:46:49 - [TEST_STEP][PASSED] - Statement - counter = counter + 1: null

2018-12-12 16:46:49 - [TEST_STEP][PASSED] - Statement - PreSaveFile = new java.io.File(((pathPrefix + java.lang.Integer.toString(counter)) + .png)): null

2018-12-12 16:46:49 - [TEST_STEP][PASSED] - Statement - counter = counter + 1: null

2018-12-12 16:46:49 - [TEST_STEP][PASSED] - Statement - PreSaveFile = new java.io.File(((pathPrefix + java.lang.Integer.toString(counter)) + .png)): null

2018-12-12 16:46:49 - [TEST_STEP][PASSED] - Statement - counter = counter + 1: null

2018-12-12 16:46:49 - [TEST_STEP][PASSED] - Statement - PreSaveFile = new java.io.File(((pathPrefix + java.lang.Integer.toString(counter)) + .png)): null

2018-12-12 16:46:49 - [TEST_STEP][PASSED] - Statement - counter = counter + 1: null

2018-12-12 16:46:49 - [TEST_STEP][PASSED] - Statement - PreSaveFile = new java.io.File(((pathPrefix + java.lang.Integer.toString(counter)) + .png)): null

2018-12-12 16:46:49 - [TEST_STEP][PASSED] - Statement - counter = counter + 1: null

2018-12-12 16:46:49 - [TEST_STEP][PASSED] - Statement - PreSaveFile = new java.io.File(((pathPrefix + java.lang.Integer.toString(counter)) + .png)): null

2018-12-12 16:46:49 - [TEST_STEP][PASSED] - Statement - counter = counter + 1: null

2018-12-12 16:46:49 - [TEST_STEP][PASSED] - Statement - PreSaveFile = new java.io.File(((pathPrefix + java.lang.Integer.toString(counter)) + .png)): null

2018-12-12 16:46:49 - [TEST_STEP][PASSED] - Statement - counter = counter + 1: null

2018-12-12 16:46:49 - [TEST_STEP][PASSED] - Statement - PreSaveFile = new java.io.File(((pathPrefix + java.lang.Integer.toString(counter)) + .png)): null

2018-12-12 16:46:49 - [TEST_STEP][PASSED] - Statement - counter = counter + 1: null

2018-12-12 16:46:49 - [TEST_STEP][PASSED] - Statement - PreSaveFile = new java.io.File(((pathPrefix + java.lang.Integer.toString(counter)) + .png)): null

2018-12-12 16:46:49 - [TEST_STEP][PASSED] - Statement - counter = counter + 1: null

2018-12-12 16:46:49 - [TEST_STEP][PASSED] - Statement - PreSaveFile = new java.io.File(((pathPrefix + java.lang.Integer.toString(counter)) + .png)): null

2018-12-12 16:46:49 - [TEST_STEP][PASSED] - Statement - finalPath = pathPrefix + java.lang.Integer.toString(counter) + ".png": null

2018-12-12 16:46:49 - [TEST_STEP][PASSED] - Statement - SaveFile = new java.io.File(finalPath): null

2018-12-12 16:46:49 - [TEST_STEP][PASSED] - Statement - Try: null

2018-12-12 16:46:49 - [TEST_STEP][PASSED] - Statement - org.apache.commons.io.FileUtils.copyFile(scrFile, SaveFile): null

2018-12-12 16:46:49 - [TEST_STEP][PASSED] - Statement - out.println("file kept"): null

2018-12-12 16:46:49 - [TEST_STEP][PASSED] - delay: Delayed 10 second(s)

2018-12-12 16:46:59 - [MESSAGE][PASSED] - Delayed 10 second(s)

2018-12-12 16:46:59 - [MESSAGE][PASSED] - Call Test Case 'Test Cases/Final Aug 2018 - PKS Automation/Registration Module/New Registration/Submit and Screenshot/Submit Registration and Screenshot' successfully]]></system-out>
         <system-err><![CDATA[]]></system-err>
      </testcase>
      <testcase name="Test Cases/Final Aug 2018 - PKS Automation/Registration Module/Critical Path/New Registration/Register ASSIST Only/Other - Federal Statutory Body" classname="Test Cases/Final Aug 2018 - PKS Automation/Registration Module/Critical Path/New Registration/Register ASSIST Only/Other - Federal Statutory Body" status="PASSED">
         <system-out><![CDATA[2018-12-12 16:46:59 - [TEST_CASE][PASSED] - Test Cases/Final Aug 2018 - PKS Automation/Registration Module/Critical Path/New Registration/Register ASSIST Only/Other - Federal Statutory Body: Test Cases/Final Aug 2018 - PKS Automation/Registration Module/Critical Path/New Registration/Register ASSIST Only/Other - Federal Statutory Body

2018-12-12 16:46:59 - [TEST_STEP][PASSED] - callTestCase: Call Test Case 'Test Cases/Final Aug 2018 - PKS Automation/Registration Module/New Registration/Form 1/Form 1 - Other - Federal Statutory Body' successfully

2018-12-12 16:46:59 - [TEST_CASE][PASSED] - Test Cases/Final Aug 2018 - PKS Automation/Registration Module/New Registration/Form 1/Form 1 - Other - Federal Statutory Body: Test Cases/Final Aug 2018 - PKS Automation/Registration Module/New Registration/Form 1/Form 1 - Other - Federal Statutory Body

2018-12-12 16:47:00 - [TEST_STEP][PASSED] - openBrowser: Browser is opened with url: ''

2018-12-12 16:47:00 - [MESSAGE][WARNING] - A browser is already opened. Closing browser and opening a new one

2018-12-12 16:47:03 - [MESSAGE][PASSED] - Browser is opened with url: ''

2018-12-12 16:47:03 - [TEST_STEP][PASSED] - navigateToUrl: Navigate to 'https://assist2-uat.perkeso.gov.my/login' successfully

2018-12-12 16:47:04 - [MESSAGE][PASSED] - Navigate to 'https://assist2-uat.perkeso.gov.my/login' successfully

2018-12-12 16:47:04 - [TEST_STEP][PASSED] - setText: Text 'klotc3@gmail.com' is set on object 'Object Repository/Final Object Repo/Login Page/Internal User/Email Address'

2018-12-12 16:47:04 - [MESSAGE][PASSED] - Text 'klotc3@gmail.com' is set on object 'Object Repository/Final Object Repo/Login Page/Internal User/Email Address'

2018-12-12 16:47:04 - [TEST_STEP][PASSED] - click: Object: 'Object Repository/Final Object Repo/Login Page/Internal User/Next Button' is clicked on

2018-12-12 16:47:04 - [MESSAGE][PASSED] - Object: 'Object Repository/Final Object Repo/Login Page/Internal User/Next Button' is clicked on

2018-12-12 16:47:04 - [TEST_STEP][PASSED] - delay: Delayed 1 second(s)

2018-12-12 16:47:05 - [MESSAGE][PASSED] - Delayed 1 second(s)

2018-12-12 16:47:05 - [TEST_STEP][PASSED] - setEncryptedText: Text ****** has been set on object 'Object Repository/Final Object Repo/Login Page/Internal User/Password'

2018-12-12 16:47:06 - [MESSAGE][PASSED] - Text ****** has been set on object 'Object Repository/Final Object Repo/Login Page/Internal User/Password'

2018-12-12 16:47:06 - [TEST_STEP][PASSED] - click: Object: 'Object Repository/Final Object Repo/Login Page/Internal User/Login Button' is clicked on

2018-12-12 16:47:06 - [MESSAGE][PASSED] - Object: 'Object Repository/Final Object Repo/Login Page/Internal User/Login Button' is clicked on

2018-12-12 16:47:06 - [TEST_STEP][PASSED] - delay: Delayed 1 second(s)

2018-12-12 16:47:07 - [MESSAGE][PASSED] - Delayed 1 second(s)

2018-12-12 16:47:07 - [TEST_STEP][PASSED] - Statement - Try: Delayed 2 second(s)

2018-12-12 16:47:07 - [TEST_STEP][PASSED] - Statement - Checker = false: null

2018-12-12 16:47:07 - [TEST_STEP][PASSED] - Statement - Checker = com.kms.katalon.core.webui.keyword.WebUiBuiltInKeywords.verifyElementHasAttribute(com.kms.katalon.core.testobject.ObjectRepository.findTestObject(Final Object Repo/Landing Page/BM Detecting), "href", 20, OPTIONAL): Object 'Object Repository/Final Object Repo/Landing Page/BM Detecting' has attribute 'href'

2018-12-12 16:47:08 - [MESSAGE][PASSED] - Object 'Object Repository/Final Object Repo/Landing Page/BM Detecting' has attribute 'href'

2018-12-12 16:47:08 - [TEST_STEP][PASSED] - Statement - out.println(Checker): null

2018-12-12 16:47:08 - [TEST_STEP][PASSED] - Statement - If (Checker == false): null

2018-12-12 16:47:08 - [TEST_STEP][PASSED] - Statement - Else: null

2018-12-12 16:47:08 - [TEST_STEP][PASSED] - delay: Delayed 2 second(s)

2018-12-12 16:47:10 - [MESSAGE][PASSED] - Delayed 2 second(s)

2018-12-12 16:47:10 - [TEST_STEP][PASSED] - navigateToUrl: Navigate to 'https://assist2-uat.perkeso.gov.my/web/registration/registration' successfully

2018-12-12 16:47:12 - [MESSAGE][PASSED] - Navigate to 'https://assist2-uat.perkeso.gov.my/web/registration/registration' successfully

2018-12-12 16:47:12 - [TEST_STEP][PASSED] - click: Object: 'Object Repository/Final Object Repo/New Registration - Registration Module Pages/Form 1/AEC - No' is clicked on

2018-12-12 16:47:12 - [MESSAGE][PASSED] - Object: 'Object Repository/Final Object Repo/New Registration - Registration Module Pages/Form 1/AEC - No' is clicked on

2018-12-12 16:47:12 - [TEST_STEP][PASSED] - click: Object: 'Object Repository/Final Object Repo/New Registration - Registration Module Pages/Form 1/Business Entity' is clicked on

2018-12-12 16:47:12 - [MESSAGE][PASSED] - Object: 'Object Repository/Final Object Repo/New Registration - Registration Module Pages/Form 1/Business Entity' is clicked on

2018-12-12 16:47:12 - [TEST_STEP][PASSED] - click: Object: 'Object Repository/Final Object Repo/New Registration - Registration Module Pages/Form 1/Business Entity - Other' is clicked on

2018-12-12 16:47:12 - [MESSAGE][PASSED] - Object: 'Object Repository/Final Object Repo/New Registration - Registration Module Pages/Form 1/Business Entity - Other' is clicked on

2018-12-12 16:47:12 - [TEST_STEP][PASSED] - delay: Delayed 1 second(s)

2018-12-12 16:47:13 - [MESSAGE][PASSED] - Delayed 1 second(s)

2018-12-12 16:47:13 - [TEST_STEP][PASSED] - click: Object: 'Object Repository/Final Object Repo/New Registration - Registration Module Pages/Form 1/Sub Business Entity' is clicked on

2018-12-12 16:47:13 - [MESSAGE][PASSED] - Object: 'Object Repository/Final Object Repo/New Registration - Registration Module Pages/Form 1/Sub Business Entity' is clicked on

2018-12-12 16:47:13 - [TEST_STEP][PASSED] - click: Object: 'Object Repository/Final Object Repo/New Registration - Registration Module Pages/Form 1/Sub Business Entity - Other/Sub Business Entity  - Federal Statutory Body' is clicked on

2018-12-12 16:47:14 - [MESSAGE][PASSED] - Object: 'Object Repository/Final Object Repo/New Registration - Registration Module Pages/Form 1/Sub Business Entity - Other/Sub Business Entity  - Federal Statutory Body' is clicked on

2018-12-12 16:47:14 - [TEST_STEP][PASSED] - delay: Delayed 1 second(s)

2018-12-12 16:47:15 - [MESSAGE][PASSED] - Delayed 1 second(s)

2018-12-12 16:47:15 - [TEST_STEP][PASSED] - click: Object: 'Object Repository/Final Object Repo/New Registration - Registration Module Pages/Form 1/Sub Business Entity List' is clicked on

2018-12-12 16:47:15 - [MESSAGE][PASSED] - Object: 'Object Repository/Final Object Repo/New Registration - Registration Module Pages/Form 1/Sub Business Entity List' is clicked on

2018-12-12 16:47:15 - [TEST_STEP][PASSED] - click: Object: 'Object Repository/Final Object Repo/New Registration - Registration Module Pages/Form 1/Sub Business Entity List - Other/Sub Business Entity List - Others - Federal Statutory Body - Kementerian pelajaran' is clicked on

2018-12-12 16:47:15 - [MESSAGE][PASSED] - Object: 'Object Repository/Final Object Repo/New Registration - Registration Module Pages/Form 1/Sub Business Entity List - Other/Sub Business Entity List - Others - Federal Statutory Body - Kementerian pelajaran' is clicked on

2018-12-12 16:47:15 - [TEST_STEP][PASSED] - delay: Delayed 1 second(s)

2018-12-12 16:47:16 - [MESSAGE][PASSED] - Delayed 1 second(s)

2018-12-12 16:47:16 - [TEST_STEP][NOT_RUN] - setText: NOT_RUN: setText

2018-12-12 16:47:16 - [MESSAGE][NOT_RUN] - NOT_RUN: setText

2018-12-12 16:47:16 - [TEST_STEP][NOT_RUN] - click: NOT_RUN: click

2018-12-12 16:47:16 - [MESSAGE][NOT_RUN] - NOT_RUN: click

2018-12-12 16:47:16 - [TEST_STEP][PASSED] - click: Object: 'Object Repository/Final Object Repo/New Registration - Registration Module Pages/Form 1/Registered As a Branch - Yes' is clicked on

2018-12-12 16:47:16 - [MESSAGE][PASSED] - Object: 'Object Repository/Final Object Repo/New Registration - Registration Module Pages/Form 1/Registered As a Branch - Yes' is clicked on

2018-12-12 16:47:16 - [TEST_STEP][PASSED] - verifyElementPresent: Object 'Object Repository/Final Object Repo/New Registration - Registration Module Pages/Form 1/Acknowledgement Disabled' is present

2018-12-12 16:47:16 - [MESSAGE][WARNING] - Timeout '0' is invalid. Using default page load timeout: '30'

2018-12-12 16:47:16 - [MESSAGE][PASSED] - Object 'Object Repository/Final Object Repo/New Registration - Registration Module Pages/Form 1/Acknowledgement Disabled' is present

2018-12-12 16:47:16 - [TEST_STEP][NOT_RUN] - verifyElementNotClickable: NOT_RUN: verifyElementNotClickable

2018-12-12 16:47:16 - [MESSAGE][NOT_RUN] - NOT_RUN: verifyElementNotClickable

2018-12-12 16:47:16 - [TEST_STEP][PASSED] - click: Object: 'Object Repository/Final Object Repo/New Registration - Registration Module Pages/Form 1/Industry Name Selection' is clicked on

2018-12-12 16:47:17 - [MESSAGE][PASSED] - Object: 'Object Repository/Final Object Repo/New Registration - Registration Module Pages/Form 1/Industry Name Selection' is clicked on

2018-12-12 16:47:17 - [TEST_STEP][PASSED] - click: Object: 'Object Repository/Final Object Repo/New Registration - Registration Module Pages/Form 1/Industry Name List - Other/Others - Federal Statutory Body - Kementerian pelajaran - UNIVERSITI' is clicked on

2018-12-12 16:47:17 - [MESSAGE][PASSED] - Object: 'Object Repository/Final Object Repo/New Registration - Registration Module Pages/Form 1/Industry Name List - Other/Others - Federal Statutory Body - Kementerian pelajaran - UNIVERSITI' is clicked on

2018-12-12 16:47:17 - [TEST_STEP][PASSED] - setText: Text 'perkeso1' is set on object 'Object Repository/Final Object Repo/New Registration - Registration Module Pages/Form 1/Postal Address1'

2018-12-12 16:47:17 - [MESSAGE][PASSED] - Text 'perkeso1' is set on object 'Object Repository/Final Object Repo/New Registration - Registration Module Pages/Form 1/Postal Address1'

2018-12-12 16:47:17 - [TEST_STEP][PASSED] - setText: Text 'perkeso2' is set on object 'Object Repository/Final Object Repo/New Registration - Registration Module Pages/Form 1/Postal Address2'

2018-12-12 16:47:18 - [MESSAGE][PASSED] - Text 'perkeso2' is set on object 'Object Repository/Final Object Repo/New Registration - Registration Module Pages/Form 1/Postal Address2'

2018-12-12 16:47:18 - [TEST_STEP][PASSED] - setText: Text 'perkeso3' is set on object 'Object Repository/Final Object Repo/New Registration - Registration Module Pages/Form 1/Postal Address3'

2018-12-12 16:47:18 - [MESSAGE][PASSED] - Text 'perkeso3' is set on object 'Object Repository/Final Object Repo/New Registration - Registration Module Pages/Form 1/Postal Address3'

2018-12-12 16:47:18 - [TEST_STEP][PASSED] - click: Object: 'Object Repository/Final Object Repo/New Registration - Registration Module Pages/Form 1/State' is clicked on

2018-12-12 16:47:18 - [MESSAGE][PASSED] - Object: 'Object Repository/Final Object Repo/New Registration - Registration Module Pages/Form 1/State' is clicked on

2018-12-12 16:47:18 - [TEST_STEP][PASSED] - click: Object: 'Object Repository/Final Object Repo/New Registration - Registration Module Pages/Form 1/State - Johor' is clicked on

2018-12-12 16:47:18 - [MESSAGE][PASSED] - Object: 'Object Repository/Final Object Repo/New Registration - Registration Module Pages/Form 1/State - Johor' is clicked on

2018-12-12 16:47:18 - [TEST_STEP][PASSED] - delay: Delayed 1 second(s)

2018-12-12 16:47:19 - [MESSAGE][PASSED] - Delayed 1 second(s)

2018-12-12 16:47:19 - [TEST_STEP][PASSED] - click: Object: 'Object Repository/Final Object Repo/New Registration - Registration Module Pages/Form 1/City' is clicked on

2018-12-12 16:47:20 - [MESSAGE][PASSED] - Object: 'Object Repository/Final Object Repo/New Registration - Registration Module Pages/Form 1/City' is clicked on

2018-12-12 16:47:20 - [TEST_STEP][PASSED] - setText: Text 'joh' is set on object 'Object Repository/Final Object Repo/New Registration - Registration Module Pages/Form 1/Postcode - 810'

2018-12-12 16:47:20 - [MESSAGE][PASSED] - Text 'joh' is set on object 'Object Repository/Final Object Repo/New Registration - Registration Module Pages/Form 1/Postcode - 810'

2018-12-12 16:47:20 - [TEST_STEP][PASSED] - delay: Delayed 1 second(s)

2018-12-12 16:47:21 - [MESSAGE][PASSED] - Delayed 1 second(s)

2018-12-12 16:47:21 - [TEST_STEP][PASSED] - click: Object: 'Object Repository/Final Object Repo/New Registration - Registration Module Pages/Form 1/City - Johor Bharu' is clicked on

2018-12-12 16:47:21 - [MESSAGE][PASSED] - Object: 'Object Repository/Final Object Repo/New Registration - Registration Module Pages/Form 1/City - Johor Bharu' is clicked on

2018-12-12 16:47:21 - [TEST_STEP][PASSED] - delay: Delayed 1 second(s)

2018-12-12 16:47:22 - [MESSAGE][PASSED] - Delayed 1 second(s)

2018-12-12 16:47:22 - [TEST_STEP][PASSED] - click: Object: 'Object Repository/Final Object Repo/New Registration - Registration Module Pages/Form 1/Postcode' is clicked on

2018-12-12 16:47:22 - [MESSAGE][PASSED] - Object: 'Object Repository/Final Object Repo/New Registration - Registration Module Pages/Form 1/Postcode' is clicked on

2018-12-12 16:47:22 - [TEST_STEP][PASSED] - delay: Delayed 1 second(s)

2018-12-12 16:47:23 - [MESSAGE][PASSED] - Delayed 1 second(s)

2018-12-12 16:47:23 - [TEST_STEP][PASSED] - setText: Text '810' is set on object 'Object Repository/Final Object Repo/New Registration - Registration Module Pages/Form 1/Postcode - 810'

2018-12-12 16:47:23 - [MESSAGE][PASSED] - Text '810' is set on object 'Object Repository/Final Object Repo/New Registration - Registration Module Pages/Form 1/Postcode - 810'

2018-12-12 16:47:23 - [TEST_STEP][PASSED] - delay: Delayed 1 second(s)

2018-12-12 16:47:24 - [MESSAGE][PASSED] - Delayed 1 second(s)

2018-12-12 16:47:24 - [TEST_STEP][PASSED] - click: Object: 'Object Repository/Final Object Repo/New Registration - Registration Module Pages/Form 1/Postcode - 81000' is clicked on

2018-12-12 16:47:25 - [MESSAGE][PASSED] - Object: 'Object Repository/Final Object Repo/New Registration - Registration Module Pages/Form 1/Postcode - 81000' is clicked on

2018-12-12 16:47:25 - [TEST_STEP][PASSED] - delay: Delayed 1 second(s)

2018-12-12 16:47:26 - [MESSAGE][PASSED] - Delayed 1 second(s)

2018-12-12 16:47:26 - [TEST_STEP][PASSED] - setText: Text '100' is set on object 'Object Repository/Final Object Repo/New Registration - Registration Module Pages/Form 1/P.O.BOX'

2018-12-12 16:47:26 - [MESSAGE][PASSED] - Text '100' is set on object 'Object Repository/Final Object Repo/New Registration - Registration Module Pages/Form 1/P.O.BOX'

2018-12-12 16:47:26 - [TEST_STEP][PASSED] - setText: Text '100' is set on object 'Object Repository/Final Object Repo/New Registration - Registration Module Pages/Form 1/Locked Bag No'

2018-12-12 16:47:26 - [MESSAGE][PASSED] - Text '100' is set on object 'Object Repository/Final Object Repo/New Registration - Registration Module Pages/Form 1/Locked Bag No'

2018-12-12 16:47:26 - [TEST_STEP][PASSED] - click: Object: 'Object Repository/Final Object Repo/New Registration - Registration Module Pages/Form 1/SOCSO Office Location' is clicked on

2018-12-12 16:47:26 - [MESSAGE][PASSED] - Object: 'Object Repository/Final Object Repo/New Registration - Registration Module Pages/Form 1/SOCSO Office Location' is clicked on

2018-12-12 16:47:26 - [TEST_STEP][PASSED] - click: Object: 'Object Repository/Final Object Repo/New Registration - Registration Module Pages/Form 1/SOCSO Office Location - Pejabat PERKESO Negeri Johor' is clicked on

2018-12-12 16:47:27 - [MESSAGE][PASSED] - Object: 'Object Repository/Final Object Repo/New Registration - Registration Module Pages/Form 1/SOCSO Office Location - Pejabat PERKESO Negeri Johor' is clicked on

2018-12-12 16:47:27 - [TEST_STEP][PASSED] - delay: Delayed 1 second(s)

2018-12-12 16:47:28 - [MESSAGE][PASSED] - Delayed 1 second(s)

2018-12-12 16:47:28 - [TEST_STEP][PASSED] - check: Object 'Object Repository/Final Object Repo/New Registration - Registration Module Pages/Form 1/Indusrty Address Same As Postal Address' is checked

2018-12-12 16:47:28 - [MESSAGE][PASSED] - Object 'Object Repository/Final Object Repo/New Registration - Registration Module Pages/Form 1/Indusrty Address Same As Postal Address' is checked

2018-12-12 16:47:28 - [TEST_STEP][PASSED] - delay: Delayed 3 second(s)

2018-12-12 16:47:31 - [MESSAGE][PASSED] - Delayed 3 second(s)

2018-12-12 16:47:31 - [TEST_STEP][PASSED] - click: Object: 'Object Repository/Final Object Repo/New Registration - Registration Module Pages/Form 1/Indusry Address Same As Postal Address False' is clicked on

2018-12-12 16:47:31 - [MESSAGE][PASSED] - Object: 'Object Repository/Final Object Repo/New Registration - Registration Module Pages/Form 1/Indusry Address Same As Postal Address False' is clicked on

2018-12-12 16:47:31 - [TEST_STEP][PASSED] - delay: Delayed 1 second(s)

2018-12-12 16:47:32 - [MESSAGE][PASSED] - Delayed 1 second(s)

2018-12-12 16:47:32 - [TEST_STEP][PASSED] - setText: Text 'perkeso1' is set on object 'Object Repository/Final Object Repo/New Registration - Registration Module Pages/Form 1/Industry Address1'

2018-12-12 16:47:32 - [MESSAGE][PASSED] - Text 'perkeso1' is set on object 'Object Repository/Final Object Repo/New Registration - Registration Module Pages/Form 1/Industry Address1'

2018-12-12 16:47:32 - [TEST_STEP][PASSED] - setText: Text 'perkeso2' is set on object 'Object Repository/Final Object Repo/New Registration - Registration Module Pages/Form 1/Industry Address2'

2018-12-12 16:47:33 - [MESSAGE][PASSED] - Text 'perkeso2' is set on object 'Object Repository/Final Object Repo/New Registration - Registration Module Pages/Form 1/Industry Address2'

2018-12-12 16:47:33 - [TEST_STEP][PASSED] - setText: Text 'perkeso3' is set on object 'Object Repository/Final Object Repo/New Registration - Registration Module Pages/Form 1/Industry Address3'

2018-12-12 16:47:33 - [MESSAGE][PASSED] - Text 'perkeso3' is set on object 'Object Repository/Final Object Repo/New Registration - Registration Module Pages/Form 1/Industry Address3'

2018-12-12 16:47:33 - [TEST_STEP][PASSED] - click: Object: 'Object Repository/Final Object Repo/New Registration - Registration Module Pages/Form 1/Industry State' is clicked on

2018-12-12 16:47:33 - [MESSAGE][PASSED] - Object: 'Object Repository/Final Object Repo/New Registration - Registration Module Pages/Form 1/Industry State' is clicked on

2018-12-12 16:47:33 - [TEST_STEP][PASSED] - delay: Delayed 2 second(s)

2018-12-12 16:47:35 - [MESSAGE][PASSED] - Delayed 2 second(s)

2018-12-12 16:47:35 - [TEST_STEP][PASSED] - click: Object: 'Object Repository/Final Object Repo/New Registration - Registration Module Pages/Form 1/Industry State - Johor' is clicked on

2018-12-12 16:47:36 - [MESSAGE][PASSED] - Object: 'Object Repository/Final Object Repo/New Registration - Registration Module Pages/Form 1/Industry State - Johor' is clicked on

2018-12-12 16:47:36 - [TEST_STEP][PASSED] - delay: Delayed 2 second(s)

2018-12-12 16:47:38 - [MESSAGE][PASSED] - Delayed 2 second(s)

2018-12-12 16:47:38 - [TEST_STEP][PASSED] - click: Object: 'Object Repository/Final Object Repo/New Registration - Registration Module Pages/Form 1/Industry Ciry' is clicked on

2018-12-12 16:47:38 - [MESSAGE][PASSED] - Object: 'Object Repository/Final Object Repo/New Registration - Registration Module Pages/Form 1/Industry Ciry' is clicked on

2018-12-12 16:47:38 - [TEST_STEP][PASSED] - setText: Text 'joh' is set on object 'Object Repository/Final Object Repo/New Registration - Registration Module Pages/Form 1/Industry Ciry - joh'

2018-12-12 16:47:38 - [MESSAGE][PASSED] - Text 'joh' is set on object 'Object Repository/Final Object Repo/New Registration - Registration Module Pages/Form 1/Industry Ciry - joh'

2018-12-12 16:47:38 - [TEST_STEP][PASSED] - delay: Delayed 2 second(s)

2018-12-12 16:47:40 - [MESSAGE][PASSED] - Delayed 2 second(s)

2018-12-12 16:47:40 - [TEST_STEP][PASSED] - click: Object: 'Object Repository/Final Object Repo/New Registration - Registration Module Pages/Form 1/Industy State - Johor Bharu' is clicked on

2018-12-12 16:47:40 - [MESSAGE][PASSED] - Object: 'Object Repository/Final Object Repo/New Registration - Registration Module Pages/Form 1/Industy State - Johor Bharu' is clicked on

2018-12-12 16:47:40 - [TEST_STEP][PASSED] - delay: Delayed 1 second(s)

2018-12-12 16:47:41 - [MESSAGE][PASSED] - Delayed 1 second(s)

2018-12-12 16:47:41 - [TEST_STEP][PASSED] - click: Object: 'Object Repository/Final Object Repo/New Registration - Registration Module Pages/Form 1/Indusry PostCode' is clicked on

2018-12-12 16:47:41 - [MESSAGE][PASSED] - Object: 'Object Repository/Final Object Repo/New Registration - Registration Module Pages/Form 1/Indusry PostCode' is clicked on

2018-12-12 16:47:41 - [TEST_STEP][PASSED] - delay: Delayed 1 second(s)

2018-12-12 16:47:42 - [MESSAGE][PASSED] - Delayed 1 second(s)

2018-12-12 16:47:42 - [TEST_STEP][PASSED] - setText: Text '810' is set on object 'Object Repository/Final Object Repo/New Registration - Registration Module Pages/Form 1/Insutry Post Code - 810'

2018-12-12 16:47:43 - [MESSAGE][PASSED] - Text '810' is set on object 'Object Repository/Final Object Repo/New Registration - Registration Module Pages/Form 1/Insutry Post Code - 810'

2018-12-12 16:47:43 - [TEST_STEP][PASSED] - delay: Delayed 1 second(s)

2018-12-12 16:47:44 - [MESSAGE][PASSED] - Delayed 1 second(s)

2018-12-12 16:47:44 - [TEST_STEP][PASSED] - click: Object: 'Object Repository/Final Object Repo/New Registration - Registration Module Pages/Form 1/Insutry Post Code - 81000' is clicked on

2018-12-12 16:47:44 - [MESSAGE][PASSED] - Object: 'Object Repository/Final Object Repo/New Registration - Registration Module Pages/Form 1/Insutry Post Code - 81000' is clicked on

2018-12-12 16:47:44 - [TEST_STEP][PASSED] - delay: Delayed 1 second(s)

2018-12-12 16:47:45 - [MESSAGE][PASSED] - Delayed 1 second(s)

2018-12-12 16:47:45 - [TEST_STEP][PASSED] - setText: Text '100' is set on object 'Object Repository/Final Object Repo/New Registration - Registration Module Pages/Form 1/Industry P.O.BOX'

2018-12-12 16:47:45 - [MESSAGE][PASSED] - Text '100' is set on object 'Object Repository/Final Object Repo/New Registration - Registration Module Pages/Form 1/Industry P.O.BOX'

2018-12-12 16:47:45 - [TEST_STEP][PASSED] - setText: Text '100' is set on object 'Object Repository/Final Object Repo/New Registration - Registration Module Pages/Form 1/Industry Locked Bag No'

2018-12-12 16:47:45 - [MESSAGE][PASSED] - Text '100' is set on object 'Object Repository/Final Object Repo/New Registration - Registration Module Pages/Form 1/Industry Locked Bag No'

2018-12-12 16:47:45 - [TEST_STEP][PASSED] - setText: Text '123456789' is set on object 'Object Repository/Final Object Repo/New Registration - Registration Module Pages/Form 1/Telephone No'

2018-12-12 16:47:46 - [MESSAGE][PASSED] - Text '123456789' is set on object 'Object Repository/Final Object Repo/New Registration - Registration Module Pages/Form 1/Telephone No'

2018-12-12 16:47:46 - [TEST_STEP][PASSED] - setText: Text '123456789' is set on object 'Object Repository/Final Object Repo/New Registration - Registration Module Pages/Form 1/Mobile No'

2018-12-12 16:47:46 - [MESSAGE][PASSED] - Text '123456789' is set on object 'Object Repository/Final Object Repo/New Registration - Registration Module Pages/Form 1/Mobile No'

2018-12-12 16:47:46 - [TEST_STEP][PASSED] - setText: Text '123456789' is set on object 'Object Repository/Final Object Repo/New Registration - Registration Module Pages/Form 1/Fax No'

2018-12-12 16:47:46 - [MESSAGE][PASSED] - Text '123456789' is set on object 'Object Repository/Final Object Repo/New Registration - Registration Module Pages/Form 1/Fax No'

2018-12-12 16:47:46 - [TEST_STEP][PASSED] - click: Object: 'Object Repository/Final Object Repo/New Registration - Registration Module Pages/Form 1/Industry Code' is clicked on

2018-12-12 16:47:47 - [MESSAGE][PASSED] - Object: 'Object Repository/Final Object Repo/New Registration - Registration Module Pages/Form 1/Industry Code' is clicked on

2018-12-12 16:47:47 - [TEST_STEP][PASSED] - click: Object: 'Object Repository/Final Object Repo/New Registration - Registration Module Pages/Form 1/Indudustry Code - Crops and Animal' is clicked on

2018-12-12 16:47:47 - [MESSAGE][PASSED] - Object: 'Object Repository/Final Object Repo/New Registration - Registration Module Pages/Form 1/Indudustry Code - Crops and Animal' is clicked on

2018-12-12 16:47:47 - [TEST_STEP][PASSED] - delay: Delayed 1 second(s)

2018-12-12 16:47:48 - [MESSAGE][PASSED] - Delayed 1 second(s)

2018-12-12 16:47:48 - [TEST_STEP][PASSED] - click: Object: 'Object Repository/Final Object Repo/New Registration - Registration Module Pages/Form 1/Sub Industry Code List' is clicked on

2018-12-12 16:47:48 - [MESSAGE][PASSED] - Object: 'Object Repository/Final Object Repo/New Registration - Registration Module Pages/Form 1/Sub Industry Code List' is clicked on

2018-12-12 16:47:48 - [TEST_STEP][PASSED] - click: Object: 'Object Repository/Final Object Repo/New Registration - Registration Module Pages/Form 1/Sub Industry Code List - Growing of Maize' is clicked on

2018-12-12 16:47:48 - [MESSAGE][PASSED] - Object: 'Object Repository/Final Object Repo/New Registration - Registration Module Pages/Form 1/Sub Industry Code List - Growing of Maize' is clicked on

2018-12-12 16:47:48 - [TEST_STEP][PASSED] - setText: Text 'perkeso123@gmail.com' is set on object 'Object Repository/Final Object Repo/New Registration - Registration Module Pages/Form 1/Email'

2018-12-12 16:47:49 - [MESSAGE][PASSED] - Text 'perkeso123@gmail.com' is set on object 'Object Repository/Final Object Repo/New Registration - Registration Module Pages/Form 1/Email'

2018-12-12 16:47:49 - [TEST_STEP][PASSED] - click: Object: 'Object Repository/Final Object Repo/New Registration - Registration Module Pages/Form 1/Method of Contribution Payment' is clicked on

2018-12-12 16:47:49 - [MESSAGE][PASSED] - Object: 'Object Repository/Final Object Repo/New Registration - Registration Module Pages/Form 1/Method of Contribution Payment' is clicked on

2018-12-12 16:47:49 - [TEST_STEP][PASSED] - click: Object: 'Object Repository/Final Object Repo/New Registration - Registration Module Pages/Form 1/Method of Contribution Payment - Portal' is clicked on

2018-12-12 16:47:50 - [MESSAGE][PASSED] - Object: 'Object Repository/Final Object Repo/New Registration - Registration Module Pages/Form 1/Method of Contribution Payment - Portal' is clicked on

2018-12-12 16:47:50 - [TEST_STEP][PASSED] - click: Object: 'Object Repository/Final Object Repo/New Registration - Registration Module Pages/Form 1/Servide Type' is clicked on

2018-12-12 16:47:50 - [MESSAGE][PASSED] - Object: 'Object Repository/Final Object Repo/New Registration - Registration Module Pages/Form 1/Servide Type' is clicked on

2018-12-12 16:47:50 - [TEST_STEP][PASSED] - click: Object: 'Object Repository/Final Object Repo/New Registration - Registration Module Pages/Form 1/Servide Type - Professional Bodies' is clicked on

2018-12-12 16:47:50 - [MESSAGE][PASSED] - Object: 'Object Repository/Final Object Repo/New Registration - Registration Module Pages/Form 1/Servide Type - Professional Bodies' is clicked on

2018-12-12 16:47:50 - [TEST_STEP][PASSED] - click: Object: 'Object Repository/Final Object Repo/New Registration - Registration Module Pages/Form 1/Industry Venue' is clicked on

2018-12-12 16:47:50 - [MESSAGE][PASSED] - Object: 'Object Repository/Final Object Repo/New Registration - Registration Module Pages/Form 1/Industry Venue' is clicked on

2018-12-12 16:47:50 - [TEST_STEP][PASSED] - click: Object: 'Object Repository/Final Object Repo/New Registration - Registration Module Pages/Form 1/Industry Venue -  PPN JOHOR' is clicked on

2018-12-12 16:47:50 - [MESSAGE][PASSED] - Object: 'Object Repository/Final Object Repo/New Registration - Registration Module Pages/Form 1/Industry Venue -  PPN JOHOR' is clicked on

2018-12-12 16:47:50 - [TEST_STEP][PASSED] - click: Object: 'Object Repository/Final Object Repo/New Registration - Registration Module Pages/Form 1/Save  Continue' is clicked on

2018-12-12 16:47:51 - [MESSAGE][PASSED] - Object: 'Object Repository/Final Object Repo/New Registration - Registration Module Pages/Form 1/Save  Continue' is clicked on

2018-12-12 16:47:51 - [MESSAGE][PASSED] - Call Test Case 'Test Cases/Final Aug 2018 - PKS Automation/Registration Module/New Registration/Form 1/Form 1 - Other - Federal Statutory Body' successfully

2018-12-12 16:47:51 - [TEST_STEP][PASSED] - callTestCase: Call Test Case 'Test Cases/Final Aug 2018 - PKS Automation/Registration Module/New Registration/Form 2/Add 2 Not Eligible - No 3rd Screen' successfully

2018-12-12 16:47:51 - [TEST_CASE][PASSED] - Test Cases/Final Aug 2018 - PKS Automation/Registration Module/New Registration/Form 2/Add 2 Not Eligible - No 3rd Screen: Test Cases/Final Aug 2018 - PKS Automation/Registration Module/New Registration/Form 2/Add 2 Not Eligible - No 3rd Screen

2018-12-12 16:47:51 - [TEST_STEP][PASSED] - delay: Delayed 2 second(s)

2018-12-12 16:47:53 - [MESSAGE][PASSED] - Delayed 2 second(s)

2018-12-12 16:47:53 - [TEST_STEP][PASSED] - callTestCase: Call Test Case 'Test Cases/Final Aug 2018 - PKS Automation/Registration Module/New Registration/Form 2/Date Updater' successfully

2018-12-12 16:47:53 - [TEST_CASE][PASSED] - Test Cases/Final Aug 2018 - PKS Automation/Registration Module/New Registration/Form 2/Date Updater: Test Cases/Final Aug 2018 - PKS Automation/Registration Module/New Registration/Form 2/Date Updater

2018-12-12 16:47:53 - [TEST_STEP][PASSED] - Statement - TodayDate = new java.util.Date(): null

2018-12-12 16:47:53 - [TEST_STEP][PASSED] - Statement - CurrentDateNoFilter = new java.text.SimpleDateFormat(): null

2018-12-12 16:47:53 - [TEST_STEP][PASSED] - Statement - CurrentDateNoFilter.applyPattern("MM"): null

2018-12-12 16:47:53 - [TEST_STEP][PASSED] - Statement - monthContainerMatcher = java.lang.Integer.parseInt(CurrentDateNoFilter.format(TodayDate)): null

2018-12-12 16:47:53 - [TEST_STEP][PASSED] - Statement - monthContainerMatcher = monthContainerMatcher - 1: null

2018-12-12 16:47:53 - [TEST_STEP][PASSED] - Statement - CurrentMonth = monthContainerMatcher.toString(): null

2018-12-12 16:47:53 - [TEST_STEP][PASSED] - Statement - CurrentMonth = CurrentMonth: null

2018-12-12 16:47:53 - [TEST_STEP][PASSED] - Statement - CurrentDateNoFilter.applyPattern("yyyy"): null

2018-12-12 16:47:53 - [TEST_STEP][PASSED] - Statement - CurrentYear = CurrentDateNoFilter.format(TodayDate): null

2018-12-12 16:47:53 - [TEST_STEP][PASSED] - Statement - CurrentYear = CurrentYear: null

2018-12-12 16:47:53 - [TEST_STEP][PASSED] - Statement - intCurrentYear = java.lang.Integer.parseInt(CurrentDateNoFilter.format(TodayDate)): null

2018-12-12 16:47:53 - [TEST_STEP][PASSED] - Statement - eighteenYrsAgo = intCurrentYear - 18: null

2018-12-12 16:47:53 - [TEST_STEP][PASSED] - Statement - eighteenYrsBeforeThisYr = eighteenYrsAgo.toString(): null

2018-12-12 16:47:53 - [TEST_STEP][PASSED] - Statement - EighteenYrsBefore = eighteenYrsBeforeThisYr: null

2018-12-12 16:47:53 - [TEST_STEP][PASSED] - Statement - fiftysevenYrsAgo = intCurrentYear - 57: null

2018-12-12 16:47:53 - [TEST_STEP][PASSED] - Statement - fiftysevenYrsBeforeThisYr = fiftysevenYrsAgo.toString(): null

2018-12-12 16:47:53 - [TEST_STEP][PASSED] - Statement - FiftysevenYrsBefore = fiftysevenYrsBeforeThisYr: null

2018-12-12 16:47:53 - [TEST_STEP][PASSED] - Statement - leapYear = false: null

2018-12-12 16:47:53 - [TEST_STEP][PASSED] - Statement - leapYear = intCurrentYear % 4 == 0: null

2018-12-12 16:47:53 - [TEST_STEP][PASSED] - Statement - CurrentDateNoFilter.applyPattern("dd"): null

2018-12-12 16:47:53 - [TEST_STEP][PASSED] - Statement - CurrentDate = CurrentDateNoFilter.format(TodayDate): null

2018-12-12 16:47:53 - [TEST_STEP][PASSED] - Statement - CurrentDate = java.lang.Integer.parseInt(CurrentDate): null

2018-12-12 16:47:53 - [TEST_STEP][PASSED] - Statement - CurrentDate = CurrentDate: null

2018-12-12 16:47:53 - [TEST_STEP][PASSED] - Statement - CurrentDay = java.lang.Integer.parseInt(CurrentDate): null

2018-12-12 16:47:53 - [TEST_STEP][PASSED] - Statement - ConfAdder = <not implemented yet for class: org.codehaus.groovy.ast.expr.EmptyExpression>: null

2018-12-12 16:47:53 - [TEST_STEP][PASSED] - Statement - out.println(CurrentMonth): null

2018-12-12 16:47:53 - [TEST_STEP][PASSED] - Statement - out.println(CurrentDate): null

2018-12-12 16:47:53 - [TEST_STEP][PASSED] - Statement - switch (CurrentDate): null

2018-12-12 16:47:53 - [TEST_STEP][PASSED] - Statement - Default: null

2018-12-12 16:47:53 - [TEST_STEP][PASSED] - Statement - ConfAdder = true: null

2018-12-12 16:47:53 - [TEST_STEP][PASSED] - Statement - Break: null

2018-12-12 16:47:53 - [TEST_STEP][PASSED] - Statement - aDayBefore = <not implemented yet for class: org.codehaus.groovy.ast.expr.EmptyExpression>: null

2018-12-12 16:47:53 - [TEST_STEP][PASSED] - Statement - out.println(ConfAdder): null

2018-12-12 16:47:53 - [TEST_STEP][PASSED] - Statement - If (ConfAdder == true): null

2018-12-12 16:47:53 - [TEST_STEP][PASSED] - Statement - aDayBefore = CurrentDay + 1: null

2018-12-12 16:47:53 - [TEST_STEP][PASSED] - Statement - out.println(aDayBefore): null

2018-12-12 16:47:53 - [TEST_STEP][PASSED] - Statement - If (aDayBefore == 1 && CurrentMonth == 11): null

2018-12-12 16:47:53 - [TEST_STEP][PASSED] - Statement - DayBefore = aDayBefore.toString(): null

2018-12-12 16:47:53 - [TEST_STEP][PASSED] - Statement - OneDayBefore = DayBefore: null

2018-12-12 16:47:53 - [MESSAGE][PASSED] - Call Test Case 'Test Cases/Final Aug 2018 - PKS Automation/Registration Module/New Registration/Form 2/Date Updater' successfully

2018-12-12 16:47:53 - [TEST_STEP][PASSED] - Statement - CaseReferenceNo = com.kms.katalon.core.webui.keyword.WebUiBuiltInKeywords.getText(com.kms.katalon.core.testobject.ObjectRepository.findTestObject(Final Object Repo/New Registration - Registration Module Pages/Form 2/RefNo Acquiring)): Text of object 'Object Repository/Final Object Repo/New Registration - Registration Module Pages/Form 2/RefNo Acquiring' is: 'CRN12201800123217'

2018-12-12 16:47:53 - [MESSAGE][PASSED] - Text of object 'Object Repository/Final Object Repo/New Registration - Registration Module Pages/Form 2/RefNo Acquiring' is: 'CRN12201800123217'

2018-12-12 16:47:53 - [TEST_STEP][PASSED] - delay: Delayed 6 second(s)

2018-12-12 16:47:59 - [MESSAGE][PASSED] - Delayed 6 second(s)

2018-12-12 16:47:59 - [TEST_STEP][PASSED] - click: Object: 'Object Repository/Final Object Repo/New Registration - Registration Module Pages/Form 2/Add Employee Button' is clicked on

2018-12-12 16:47:59 - [MESSAGE][PASSED] - Object: 'Object Repository/Final Object Repo/New Registration - Registration Module Pages/Form 2/Add Employee Button' is clicked on

2018-12-12 16:47:59 - [TEST_STEP][PASSED] - delay: Delayed 4 second(s)

2018-12-12 16:48:03 - [MESSAGE][PASSED] - Delayed 4 second(s)

2018-12-12 16:48:03 - [TEST_STEP][PASSED] - setText: Text '000209039189' is set on object 'Object Repository/Final Object Repo/New Registration - Registration Module Pages/Form 2/NRIC Input'

2018-12-12 16:48:03 - [MESSAGE][PASSED] - Text '000209039189' is set on object 'Object Repository/Final Object Repo/New Registration - Registration Module Pages/Form 2/NRIC Input'

2018-12-12 16:48:03 - [TEST_STEP][PASSED] - click: Object: 'Object Repository/Final Object Repo/New Registration - Registration Module Pages/Form 2/button for search for IC' is clicked on

2018-12-12 16:48:04 - [MESSAGE][PASSED] - Object: 'Object Repository/Final Object Repo/New Registration - Registration Module Pages/Form 2/button for search for IC' is clicked on

2018-12-12 16:48:04 - [TEST_STEP][PASSED] - delay: Delayed 2 second(s)

2018-12-12 16:48:06 - [MESSAGE][PASSED] - Delayed 2 second(s)

2018-12-12 16:48:06 - [TEST_STEP][PASSED] - setText: Text 'Automate001 not eligible 1' is set on object 'Object Repository/Final Object Repo/New Registration - Registration Module Pages/Form 2/Employee Name Input'

2018-12-12 16:48:06 - [MESSAGE][PASSED] - Text 'Automate001 not eligible 1' is set on object 'Object Repository/Final Object Repo/New Registration - Registration Module Pages/Form 2/Employee Name Input'

2018-12-12 16:48:06 - [TEST_STEP][PASSED] - delay: Delayed 2 second(s)

2018-12-12 16:48:08 - [MESSAGE][PASSED] - Delayed 2 second(s)

2018-12-12 16:48:08 - [TEST_STEP][PASSED] - click: Object: 'Object Repository/Final Object Repo/New Registration - Registration Module Pages/Form 2/DatePicker Pop Up' is clicked on

2018-12-12 16:48:08 - [MESSAGE][PASSED] - Object: 'Object Repository/Final Object Repo/New Registration - Registration Module Pages/Form 2/DatePicker Pop Up' is clicked on

2018-12-12 16:48:08 - [TEST_STEP][PASSED] - click: Object: 'Object Repository/Final Object Repo/New Registration - Registration Module Pages/Form 2/DOB Month' is clicked on

2018-12-12 16:48:09 - [MESSAGE][PASSED] - Object: 'Object Repository/Final Object Repo/New Registration - Registration Module Pages/Form 2/DOB Month' is clicked on

2018-12-12 16:48:09 - [TEST_STEP][PASSED] - Statement - CurrentMonth = CurrentMonth: null

2018-12-12 16:48:09 - [TEST_STEP][PASSED] - Statement - selectMonth = new com.kms.katalon.core.testobject.TestObject(): null

2018-12-12 16:48:09 - [TEST_STEP][PASSED] - Statement - selectMonth.addProperty("xpath", EQUALS, "//body/div/div/div/select/option[@value='" + CurrentMonth + "']", true): null

2018-12-12 16:48:09 - [TEST_STEP][PASSED] - click: Object: '' is clicked on

2018-12-12 16:48:09 - [MESSAGE][PASSED] - Object: '' is clicked on

2018-12-12 16:48:09 - [TEST_STEP][PASSED] - delay: Delayed 2 second(s)

2018-12-12 16:48:11 - [MESSAGE][PASSED] - Delayed 2 second(s)

2018-12-12 16:48:11 - [TEST_STEP][PASSED] - click: Object: 'Object Repository/Final Object Repo/New Registration - Registration Module Pages/Form 2/DOB Year' is clicked on

2018-12-12 16:48:11 - [MESSAGE][PASSED] - Object: 'Object Repository/Final Object Repo/New Registration - Registration Module Pages/Form 2/DOB Year' is clicked on

2018-12-12 16:48:11 - [TEST_STEP][PASSED] - Statement - Eyearsbf = EighteenYrsBefore: null

2018-12-12 16:48:11 - [TEST_STEP][PASSED] - Statement - selectYear = new com.kms.katalon.core.testobject.TestObject(): null

2018-12-12 16:48:11 - [TEST_STEP][PASSED] - Statement - selectYear.addProperty("xpath", EQUALS, "//div/div/div/select/option[@value='" + Eyearsbf + "']", true): null

2018-12-12 16:48:11 - [TEST_STEP][PASSED] - click: Object: '' is clicked on

2018-12-12 16:48:11 - [MESSAGE][PASSED] - Object: '' is clicked on

2018-12-12 16:48:11 - [TEST_STEP][PASSED] - delay: Delayed 3 second(s)

2018-12-12 16:48:14 - [MESSAGE][PASSED] - Delayed 3 second(s)

2018-12-12 16:48:14 - [TEST_STEP][PASSED] - Statement - UpdatedSelectDate = com.kms.katalon.core.webui.keyword.WebUiBuiltInKeywords.modifyObjectProperty(com.kms.katalon.core.testobject.ObjectRepository.findTestObject(Final Object Repo/New Registration - Registration Module Pages/Form 2/DOB Date), "xpath", "equals", "//body/div/table/tbody/tr/td/a[text()="" + OneDayBefore + ""]", true): Modify property of object successfully

2018-12-12 16:48:14 - [MESSAGE][PASSED] - Modify property of object successfully

2018-12-12 16:48:14 - [TEST_STEP][PASSED] - delay: Delayed 3 second(s)

2018-12-12 16:48:17 - [MESSAGE][PASSED] - Delayed 3 second(s)

2018-12-12 16:48:17 - [TEST_STEP][PASSED] - click: Object: 'Object Repository/Final Object Repo/New Registration - Registration Module Pages/Form 2/DOB Date' is clicked on

2018-12-12 16:48:17 - [MESSAGE][PASSED] - Object: 'Object Repository/Final Object Repo/New Registration - Registration Module Pages/Form 2/DOB Date' is clicked on

2018-12-12 16:48:17 - [TEST_STEP][PASSED] - delay: Delayed 2 second(s)

2018-12-12 16:48:19 - [MESSAGE][PASSED] - Delayed 2 second(s)

2018-12-12 16:48:19 - [TEST_STEP][PASSED] - click: Object: 'Object Repository/Final Object Repo/New Registration - Registration Module Pages/Form 2/EmploymentStartDate Pop Up' is clicked on

2018-12-12 16:48:19 - [MESSAGE][PASSED] - Object: 'Object Repository/Final Object Repo/New Registration - Registration Module Pages/Form 2/EmploymentStartDate Pop Up' is clicked on

2018-12-12 16:48:19 - [TEST_STEP][PASSED] - delay: Delayed 2 second(s)

2018-12-12 16:48:21 - [MESSAGE][PASSED] - Delayed 2 second(s)

2018-12-12 16:48:21 - [TEST_STEP][PASSED] - click: Object: 'Object Repository/Final Object Repo/New Registration - Registration Module Pages/Form 2/Socso Employment StartDate Month' is clicked on

2018-12-12 16:48:22 - [MESSAGE][PASSED] - Object: 'Object Repository/Final Object Repo/New Registration - Registration Module Pages/Form 2/Socso Employment StartDate Month' is clicked on

2018-12-12 16:48:22 - [TEST_STEP][PASSED] - delay: Delayed 1 second(s)

2018-12-12 16:48:23 - [MESSAGE][PASSED] - Delayed 1 second(s)

2018-12-12 16:48:23 - [TEST_STEP][PASSED] - click: Object: 'Object Repository/Final Object Repo/New Registration - Registration Module Pages/Form 2/Select Socso Employement Startdate Month' is clicked on

2018-12-12 16:48:23 - [MESSAGE][PASSED] - Object: 'Object Repository/Final Object Repo/New Registration - Registration Module Pages/Form 2/Select Socso Employement Startdate Month' is clicked on

2018-12-12 16:48:23 - [TEST_STEP][PASSED] - delay: Delayed 2 second(s)

2018-12-12 16:48:25 - [MESSAGE][PASSED] - Delayed 2 second(s)

2018-12-12 16:48:25 - [TEST_STEP][PASSED] - click: Object: 'Object Repository/Final Object Repo/New Registration - Registration Module Pages/Form 2/Socso Employment StartDate Year' is clicked on

2018-12-12 16:48:25 - [MESSAGE][PASSED] - Object: 'Object Repository/Final Object Repo/New Registration - Registration Module Pages/Form 2/Socso Employment StartDate Year' is clicked on

2018-12-12 16:48:25 - [TEST_STEP][PASSED] - delay: Delayed 1 second(s)

2018-12-12 16:48:26 - [MESSAGE][PASSED] - Delayed 1 second(s)

2018-12-12 16:48:26 - [TEST_STEP][PASSED] - click: Object: 'Object Repository/Final Object Repo/New Registration - Registration Module Pages/Form 2/Select Socso Employment Startdate Year' is clicked on

2018-12-12 16:48:26 - [MESSAGE][PASSED] - Object: 'Object Repository/Final Object Repo/New Registration - Registration Module Pages/Form 2/Select Socso Employment Startdate Year' is clicked on

2018-12-12 16:48:26 - [TEST_STEP][PASSED] - delay: Delayed 2 second(s)

2018-12-12 16:48:28 - [MESSAGE][PASSED] - Delayed 2 second(s)

2018-12-12 16:48:28 - [TEST_STEP][PASSED] - click: Object: 'Object Repository/Final Object Repo/New Registration - Registration Module Pages/Form 2/Socso Employment Start Date Day' is clicked on

2018-12-12 16:48:28 - [MESSAGE][PASSED] - Object: 'Object Repository/Final Object Repo/New Registration - Registration Module Pages/Form 2/Socso Employment Start Date Day' is clicked on

2018-12-12 16:48:28 - [TEST_STEP][PASSED] - delay: Delayed 2 second(s)

2018-12-12 16:48:30 - [MESSAGE][PASSED] - Delayed 2 second(s)

2018-12-12 16:48:30 - [TEST_STEP][PASSED] - click: Object: 'Object Repository/Final Object Repo/New Registration - Registration Module Pages/Form 2/Save Button for Add Employee' is clicked on

2018-12-12 16:48:30 - [MESSAGE][PASSED] - Object: 'Object Repository/Final Object Repo/New Registration - Registration Module Pages/Form 2/Save Button for Add Employee' is clicked on

2018-12-12 16:48:30 - [TEST_STEP][PASSED] - delay: Delayed 6 second(s)

2018-12-12 16:48:36 - [MESSAGE][PASSED] - Delayed 6 second(s)

2018-12-12 16:48:36 - [TEST_STEP][PASSED] - click: Object: 'Object Repository/Final Object Repo/New Registration - Registration Module Pages/Form 2/Add Employee Button' is clicked on

2018-12-12 16:48:37 - [MESSAGE][PASSED] - Object: 'Object Repository/Final Object Repo/New Registration - Registration Module Pages/Form 2/Add Employee Button' is clicked on

2018-12-12 16:48:37 - [TEST_STEP][PASSED] - delay: Delayed 4 second(s)

2018-12-12 16:48:41 - [MESSAGE][PASSED] - Delayed 4 second(s)

2018-12-12 16:48:41 - [TEST_STEP][PASSED] - setText: Text '600203039194' is set on object 'Object Repository/Final Object Repo/New Registration - Registration Module Pages/Form 2/NRIC Input'

2018-12-12 16:48:41 - [MESSAGE][PASSED] - Text '600203039194' is set on object 'Object Repository/Final Object Repo/New Registration - Registration Module Pages/Form 2/NRIC Input'

2018-12-12 16:48:41 - [TEST_STEP][PASSED] - click: Object: 'Object Repository/Final Object Repo/New Registration - Registration Module Pages/Form 2/button for search for IC' is clicked on

2018-12-12 16:48:41 - [MESSAGE][PASSED] - Object: 'Object Repository/Final Object Repo/New Registration - Registration Module Pages/Form 2/button for search for IC' is clicked on

2018-12-12 16:48:41 - [TEST_STEP][PASSED] - delay: Delayed 2 second(s)

2018-12-12 16:48:43 - [MESSAGE][PASSED] - Delayed 2 second(s)

2018-12-12 16:48:43 - [TEST_STEP][PASSED] - setText: Text 'Automate001 not eligible 2' is set on object 'Object Repository/Final Object Repo/New Registration - Registration Module Pages/Form 2/Employee Name Input'

2018-12-12 16:48:44 - [MESSAGE][PASSED] - Text 'Automate001 not eligible 2' is set on object 'Object Repository/Final Object Repo/New Registration - Registration Module Pages/Form 2/Employee Name Input'

2018-12-12 16:48:44 - [TEST_STEP][PASSED] - delay: Delayed 2 second(s)

2018-12-12 16:48:46 - [MESSAGE][PASSED] - Delayed 2 second(s)

2018-12-12 16:48:46 - [TEST_STEP][PASSED] - click: Object: 'Object Repository/Final Object Repo/New Registration - Registration Module Pages/Form 2/DatePicker Pop Up' is clicked on

2018-12-12 16:48:46 - [MESSAGE][PASSED] - Object: 'Object Repository/Final Object Repo/New Registration - Registration Module Pages/Form 2/DatePicker Pop Up' is clicked on

2018-12-12 16:48:46 - [TEST_STEP][PASSED] - delay: Delayed 1 second(s)

2018-12-12 16:48:47 - [MESSAGE][PASSED] - Delayed 1 second(s)

2018-12-12 16:48:47 - [TEST_STEP][PASSED] - click: Object: 'Object Repository/Final Object Repo/New Registration - Registration Module Pages/Form 2/DOB Month' is clicked on

2018-12-12 16:48:47 - [MESSAGE][PASSED] - Object: 'Object Repository/Final Object Repo/New Registration - Registration Module Pages/Form 2/DOB Month' is clicked on

2018-12-12 16:48:47 - [TEST_STEP][PASSED] - Statement - selectMonth = com.kms.katalon.core.webui.keyword.WebUiBuiltInKeywords.modifyObjectProperty(selectMonth, "xpath", "equals", "//body/div/div/div/select/option[@value="" + CurrentMonth + ""]", true): Modify property of object successfully

2018-12-12 16:48:47 - [MESSAGE][PASSED] - Modify property of object successfully

2018-12-12 16:48:47 - [TEST_STEP][PASSED] - click: Object: '' is clicked on

2018-12-12 16:48:47 - [MESSAGE][PASSED] - Object: '' is clicked on

2018-12-12 16:48:47 - [TEST_STEP][PASSED] - click: Object: 'Object Repository/Final Object Repo/New Registration - Registration Module Pages/Form 2/DOB Year' is clicked on

2018-12-12 16:48:47 - [MESSAGE][PASSED] - Object: 'Object Repository/Final Object Repo/New Registration - Registration Module Pages/Form 2/DOB Year' is clicked on

2018-12-12 16:48:47 - [TEST_STEP][PASSED] - Statement - selectYear = com.kms.katalon.core.webui.keyword.WebUiBuiltInKeywords.modifyObjectProperty(selectYear, "xpath", "equals", "//div/div/div/select/option[@value="" + FiftysevenYrsBefore + ""]", true): Modify property of object successfully

2018-12-12 16:48:47 - [MESSAGE][PASSED] - Modify property of object successfully

2018-12-12 16:48:47 - [TEST_STEP][PASSED] - click: Object: '' is clicked on

2018-12-12 16:48:48 - [MESSAGE][PASSED] - Object: '' is clicked on

2018-12-12 16:48:48 - [TEST_STEP][PASSED] - Statement - UpdatedSelectDate = com.kms.katalon.core.webui.keyword.WebUiBuiltInKeywords.modifyObjectProperty(com.kms.katalon.core.testobject.ObjectRepository.findTestObject(Final Object Repo/New Registration - Registration Module Pages/Form 2/DOB Date), "xpath", "equals", "//body/div/table/tbody/tr/td/a[text()="" + CurrentDate + ""]", true): Modify property of object successfully

2018-12-12 16:48:48 - [MESSAGE][PASSED] - Modify property of object successfully

2018-12-12 16:48:48 - [TEST_STEP][PASSED] - delay: Delayed 3 second(s)

2018-12-12 16:48:51 - [MESSAGE][PASSED] - Delayed 3 second(s)

2018-12-12 16:48:51 - [TEST_STEP][PASSED] - click: Object: 'Object Repository/Final Object Repo/New Registration - Registration Module Pages/Form 2/DOB Date' is clicked on

2018-12-12 16:48:51 - [MESSAGE][PASSED] - Object: 'Object Repository/Final Object Repo/New Registration - Registration Module Pages/Form 2/DOB Date' is clicked on

2018-12-12 16:48:51 - [TEST_STEP][PASSED] - delay: Delayed 2 second(s)

2018-12-12 16:48:53 - [MESSAGE][PASSED] - Delayed 2 second(s)

2018-12-12 16:48:53 - [TEST_STEP][PASSED] - click: Object: 'Object Repository/Final Object Repo/New Registration - Registration Module Pages/Form 2/EmploymentStartDate Pop Up' is clicked on

2018-12-12 16:48:53 - [MESSAGE][PASSED] - Object: 'Object Repository/Final Object Repo/New Registration - Registration Module Pages/Form 2/EmploymentStartDate Pop Up' is clicked on

2018-12-12 16:48:53 - [TEST_STEP][PASSED] - delay: Delayed 2 second(s)

2018-12-12 16:48:55 - [MESSAGE][PASSED] - Delayed 2 second(s)

2018-12-12 16:48:55 - [TEST_STEP][PASSED] - click: Object: 'Object Repository/Final Object Repo/New Registration - Registration Module Pages/Form 2/Socso Employment StartDate Month' is clicked on

2018-12-12 16:48:55 - [MESSAGE][PASSED] - Object: 'Object Repository/Final Object Repo/New Registration - Registration Module Pages/Form 2/Socso Employment StartDate Month' is clicked on

2018-12-12 16:48:55 - [TEST_STEP][PASSED] - delay: Delayed 1 second(s)

2018-12-12 16:48:56 - [MESSAGE][PASSED] - Delayed 1 second(s)

2018-12-12 16:48:56 - [TEST_STEP][PASSED] - click: Object: 'Object Repository/Final Object Repo/New Registration - Registration Module Pages/Form 2/Select Socso Employement Startdate Month' is clicked on

2018-12-12 16:48:56 - [MESSAGE][PASSED] - Object: 'Object Repository/Final Object Repo/New Registration - Registration Module Pages/Form 2/Select Socso Employement Startdate Month' is clicked on

2018-12-12 16:48:56 - [TEST_STEP][PASSED] - delay: Delayed 2 second(s)

2018-12-12 16:48:58 - [MESSAGE][PASSED] - Delayed 2 second(s)

2018-12-12 16:48:58 - [TEST_STEP][PASSED] - click: Object: 'Object Repository/Final Object Repo/New Registration - Registration Module Pages/Form 2/Socso Employment StartDate Year' is clicked on

2018-12-12 16:48:58 - [MESSAGE][PASSED] - Object: 'Object Repository/Final Object Repo/New Registration - Registration Module Pages/Form 2/Socso Employment StartDate Year' is clicked on

2018-12-12 16:48:58 - [TEST_STEP][PASSED] - click: Object: 'Object Repository/Final Object Repo/New Registration - Registration Module Pages/Form 2/Select Socso Employment Startdate Year' is clicked on

2018-12-12 16:48:59 - [MESSAGE][PASSED] - Object: 'Object Repository/Final Object Repo/New Registration - Registration Module Pages/Form 2/Select Socso Employment Startdate Year' is clicked on

2018-12-12 16:48:59 - [TEST_STEP][PASSED] - delay: Delayed 2 second(s)

2018-12-12 16:49:01 - [MESSAGE][PASSED] - Delayed 2 second(s)

2018-12-12 16:49:01 - [TEST_STEP][PASSED] - click: Object: 'Object Repository/Final Object Repo/New Registration - Registration Module Pages/Form 2/Socso Employment Start Date Day' is clicked on

2018-12-12 16:49:01 - [MESSAGE][PASSED] - Object: 'Object Repository/Final Object Repo/New Registration - Registration Module Pages/Form 2/Socso Employment Start Date Day' is clicked on

2018-12-12 16:49:01 - [TEST_STEP][PASSED] - delay: Delayed 2 second(s)

2018-12-12 16:49:03 - [MESSAGE][PASSED] - Delayed 2 second(s)

2018-12-12 16:49:03 - [TEST_STEP][PASSED] - click: Object: 'Object Repository/Final Object Repo/New Registration - Registration Module Pages/Form 2/Save Button for Add Employee' is clicked on

2018-12-12 16:49:03 - [MESSAGE][PASSED] - Object: 'Object Repository/Final Object Repo/New Registration - Registration Module Pages/Form 2/Save Button for Add Employee' is clicked on

2018-12-12 16:49:03 - [TEST_STEP][PASSED] - delay: Delayed 2 second(s)

2018-12-12 16:49:05 - [MESSAGE][PASSED] - Delayed 2 second(s)

2018-12-12 16:49:05 - [TEST_STEP][PASSED] - click: Object: 'Object Repository/Final Object Repo/New Registration - Registration Module Pages/Form 2/Save and Continue Form 2' is clicked on

2018-12-12 16:49:05 - [MESSAGE][PASSED] - Object: 'Object Repository/Final Object Repo/New Registration - Registration Module Pages/Form 2/Save and Continue Form 2' is clicked on

2018-12-12 16:49:05 - [MESSAGE][PASSED] - Call Test Case 'Test Cases/Final Aug 2018 - PKS Automation/Registration Module/New Registration/Form 2/Add 2 Not Eligible - No 3rd Screen' successfully

2018-12-12 16:49:05 - [TEST_STEP][PASSED] - callTestCase: Call Test Case 'Test Cases/Final Aug 2018 - PKS Automation/Registration Module/New Registration/Flow of New Registration/No Third Screen - Upload 2 Supporting Doc - Preview' successfully

2018-12-12 16:49:05 - [TEST_CASE][PASSED] - Test Cases/Final Aug 2018 - PKS Automation/Registration Module/New Registration/Flow of New Registration/No Third Screen - Upload 2 Supporting Doc - Preview: Test Cases/Final Aug 2018 - PKS Automation/Registration Module/New Registration/Flow of New Registration/No Third Screen - Upload 2 Supporting Doc - Preview

2018-12-12 16:49:05 - [TEST_STEP][PASSED] - delay: Delayed 4 second(s)

2018-12-12 16:49:09 - [MESSAGE][PASSED] - Delayed 4 second(s)

2018-12-12 16:49:09 - [TEST_STEP][PASSED] - click: Object: 'Object Repository/Final Object Repo/New Registration - Registration Module Pages/Third Screen - Upload Supporting Doc- Preview/Add Document Button' is clicked on

2018-12-12 16:49:09 - [MESSAGE][PASSED] - Object: 'Object Repository/Final Object Repo/New Registration - Registration Module Pages/Third Screen - Upload Supporting Doc- Preview/Add Document Button' is clicked on

2018-12-12 16:49:09 - [TEST_STEP][PASSED] - delay: Delayed 4 second(s)

2018-12-12 16:49:13 - [MESSAGE][PASSED] - Delayed 4 second(s)

2018-12-12 16:49:13 - [TEST_STEP][PASSED] - click: Object: 'Object Repository/Final Object Repo/New Registration - Registration Module Pages/Third Screen - Upload Supporting Doc- Preview/Supporting Doc Please Select Drop Down' is clicked on

2018-12-12 16:49:14 - [MESSAGE][PASSED] - Object: 'Object Repository/Final Object Repo/New Registration - Registration Module Pages/Third Screen - Upload Supporting Doc- Preview/Supporting Doc Please Select Drop Down' is clicked on

2018-12-12 16:49:14 - [TEST_STEP][PASSED] - delay: Delayed 2 second(s)

2018-12-12 16:49:16 - [MESSAGE][PASSED] - Delayed 2 second(s)

2018-12-12 16:49:16 - [TEST_STEP][PASSED] - click: Object: 'Object Repository/Final Object Repo/New Registration - Registration Module Pages/Third Screen - Upload Supporting Doc- Preview/Select to Upload Form 1' is clicked on

2018-12-12 16:49:16 - [MESSAGE][PASSED] - Object: 'Object Repository/Final Object Repo/New Registration - Registration Module Pages/Third Screen - Upload Supporting Doc- Preview/Select to Upload Form 1' is clicked on

2018-12-12 16:49:16 - [TEST_STEP][PASSED] - delay: Delayed 2 second(s)

2018-12-12 16:49:18 - [MESSAGE][PASSED] - Delayed 2 second(s)

2018-12-12 16:49:18 - [TEST_STEP][PASSED] - uploadFile: File 'C:\Users\Public\Pictures\Sample Pictures\Koala.jpg' sent to object: 'Object Repository/Final Object Repo/New Registration - Registration Module Pages/Third Screen - Upload Supporting Doc- Preview/Upload File Adding'

2018-12-12 16:49:18 - [MESSAGE][PASSED] - File 'C:\Users\Public\Pictures\Sample Pictures\Koala.jpg' sent to object: 'Object Repository/Final Object Repo/New Registration - Registration Module Pages/Third Screen - Upload Supporting Doc- Preview/Upload File Adding'

2018-12-12 16:49:18 - [TEST_STEP][PASSED] - delay: Delayed 5 second(s)

2018-12-12 16:49:23 - [MESSAGE][PASSED] - Delayed 5 second(s)

2018-12-12 16:49:23 - [TEST_STEP][PASSED] - click: Object: 'Object Repository/Final Object Repo/New Registration - Registration Module Pages/Third Screen - Upload Supporting Doc- Preview/Inner Form Add Document Button' is clicked on

2018-12-12 16:49:23 - [MESSAGE][PASSED] - Object: 'Object Repository/Final Object Repo/New Registration - Registration Module Pages/Third Screen - Upload Supporting Doc- Preview/Inner Form Add Document Button' is clicked on

2018-12-12 16:49:23 - [TEST_STEP][PASSED] - delay: Delayed 3 second(s)

2018-12-12 16:49:26 - [MESSAGE][PASSED] - Delayed 3 second(s)

2018-12-12 16:49:26 - [TEST_STEP][PASSED] - click: Object: 'Object Repository/Final Object Repo/New Registration - Registration Module Pages/Third Screen - Upload Supporting Doc- Preview/Add Document Button' is clicked on

2018-12-12 16:49:27 - [MESSAGE][PASSED] - Object: 'Object Repository/Final Object Repo/New Registration - Registration Module Pages/Third Screen - Upload Supporting Doc- Preview/Add Document Button' is clicked on

2018-12-12 16:49:27 - [TEST_STEP][PASSED] - delay: Delayed 4 second(s)

2018-12-12 16:49:31 - [MESSAGE][PASSED] - Delayed 4 second(s)

2018-12-12 16:49:31 - [TEST_STEP][PASSED] - click: Object: 'Object Repository/Final Object Repo/New Registration - Registration Module Pages/Third Screen - Upload Supporting Doc- Preview/Supporting Doc Please Select Drop Down' is clicked on

2018-12-12 16:49:31 - [MESSAGE][PASSED] - Object: 'Object Repository/Final Object Repo/New Registration - Registration Module Pages/Third Screen - Upload Supporting Doc- Preview/Supporting Doc Please Select Drop Down' is clicked on

2018-12-12 16:49:31 - [TEST_STEP][PASSED] - delay: Delayed 2 second(s)

2018-12-12 16:49:33 - [MESSAGE][PASSED] - Delayed 2 second(s)

2018-12-12 16:49:33 - [TEST_STEP][PASSED] - click: Object: 'Object Repository/Final Object Repo/New Registration - Registration Module Pages/Third Screen - Upload Supporting Doc- Preview/Select to Upload Form 2' is clicked on

2018-12-12 16:49:33 - [MESSAGE][PASSED] - Object: 'Object Repository/Final Object Repo/New Registration - Registration Module Pages/Third Screen - Upload Supporting Doc- Preview/Select to Upload Form 2' is clicked on

2018-12-12 16:49:33 - [TEST_STEP][PASSED] - delay: Delayed 2 second(s)

2018-12-12 16:49:35 - [MESSAGE][PASSED] - Delayed 2 second(s)

2018-12-12 16:49:35 - [TEST_STEP][PASSED] - uploadFile: File 'C:\Users\Public\Pictures\Sample Pictures\Koala.jpg' sent to object: 'Object Repository/Final Object Repo/New Registration - Registration Module Pages/Third Screen - Upload Supporting Doc- Preview/Upload File Adding'

2018-12-12 16:49:36 - [MESSAGE][PASSED] - File 'C:\Users\Public\Pictures\Sample Pictures\Koala.jpg' sent to object: 'Object Repository/Final Object Repo/New Registration - Registration Module Pages/Third Screen - Upload Supporting Doc- Preview/Upload File Adding'

2018-12-12 16:49:36 - [TEST_STEP][PASSED] - delay: Delayed 5 second(s)

2018-12-12 16:49:41 - [MESSAGE][PASSED] - Delayed 5 second(s)

2018-12-12 16:49:41 - [TEST_STEP][PASSED] - click: Object: 'Object Repository/Final Object Repo/New Registration - Registration Module Pages/Third Screen - Upload Supporting Doc- Preview/Inner Form Add Document Button' is clicked on

2018-12-12 16:49:41 - [MESSAGE][PASSED] - Object: 'Object Repository/Final Object Repo/New Registration - Registration Module Pages/Third Screen - Upload Supporting Doc- Preview/Inner Form Add Document Button' is clicked on

2018-12-12 16:49:41 - [TEST_STEP][PASSED] - delay: Delayed 3 second(s)

2018-12-12 16:49:44 - [MESSAGE][PASSED] - Delayed 3 second(s)

2018-12-12 16:49:44 - [TEST_STEP][PASSED] - click: Object: 'Object Repository/Final Object Repo/New Registration - Registration Module Pages/Third Screen - Upload Supporting Doc- Preview/Save n Continue in Uploading Supporting Doc Page' is clicked on

2018-12-12 16:49:45 - [MESSAGE][PASSED] - Object: 'Object Repository/Final Object Repo/New Registration - Registration Module Pages/Third Screen - Upload Supporting Doc- Preview/Save n Continue in Uploading Supporting Doc Page' is clicked on

2018-12-12 16:49:45 - [MESSAGE][PASSED] - Call Test Case 'Test Cases/Final Aug 2018 - PKS Automation/Registration Module/New Registration/Flow of New Registration/No Third Screen - Upload 2 Supporting Doc - Preview' successfully

2018-12-12 16:49:45 - [TEST_STEP][PASSED] - callTestCase: Call Test Case 'Test Cases/Final Aug 2018 - PKS Automation/Registration Module/New Registration/Submit and Screenshot/Submit Registration and Screenshot' successfully

2018-12-12 16:49:45 - [TEST_CASE][PASSED] - Test Cases/Final Aug 2018 - PKS Automation/Registration Module/New Registration/Submit and Screenshot/Submit Registration and Screenshot: Test Cases/Final Aug 2018 - PKS Automation/Registration Module/New Registration/Submit and Screenshot/Submit Registration and Screenshot

2018-12-12 16:49:45 - [TEST_STEP][PASSED] - delay: Delayed 6 second(s)

2018-12-12 16:49:51 - [MESSAGE][PASSED] - Delayed 6 second(s)

2018-12-12 16:49:51 - [TEST_STEP][PASSED] - click: Object: 'Object Repository/Final Object Repo/New Registration - Registration Module Pages/Third Screen - Upload Supporting Doc- Preview/Preview Submit Button' is clicked on

2018-12-12 16:49:51 - [MESSAGE][PASSED] - Object: 'Object Repository/Final Object Repo/New Registration - Registration Module Pages/Third Screen - Upload Supporting Doc- Preview/Preview Submit Button' is clicked on

2018-12-12 16:49:51 - [TEST_STEP][PASSED] - delay: Delayed 2 second(s)

2018-12-12 16:49:53 - [MESSAGE][PASSED] - Delayed 2 second(s)

2018-12-12 16:49:53 - [TEST_STEP][PASSED] - click: Object: 'Object Repository/Final Object Repo/New Registration - Registration Module Pages/Third Screen - Upload Supporting Doc- Preview/Preview Submit - Confirm' is clicked on

2018-12-12 16:49:54 - [MESSAGE][PASSED] - Object: 'Object Repository/Final Object Repo/New Registration - Registration Module Pages/Third Screen - Upload Supporting Doc- Preview/Preview Submit - Confirm' is clicked on

2018-12-12 16:49:54 - [TEST_STEP][PASSED] - delay: Delayed 15 second(s)

2018-12-12 16:50:09 - [MESSAGE][PASSED] - Delayed 15 second(s)

2018-12-12 16:50:09 - [TEST_STEP][PASSED] - Statement - driver = com.kms.katalon.core.webui.driver.DriverFactory.getWebDriver(): null

2018-12-12 16:50:09 - [TEST_STEP][PASSED] - Statement - driver.manage().timeouts().implicitlyWait(10, SECONDS): null

2018-12-12 16:50:09 - [TEST_STEP][PASSED] - Statement - PresavePath = KatalonScreenshots: null

2018-12-12 16:50:09 - [TEST_STEP][PASSED] - Statement - pathPrefix = "C:\Users\Public\Pictures\Sample Pictures\Katalon Screenshots\Automate Ending Screen": null

2018-12-12 16:50:09 - [TEST_STEP][PASSED] - Statement - finalPath = <not implemented yet for class: org.codehaus.groovy.ast.expr.EmptyExpression>: null

2018-12-12 16:50:09 - [TEST_STEP][PASSED] - Statement - scrFile = driver.getScreenshotAs(FILE): null

2018-12-12 16:50:09 - [TEST_STEP][PASSED] - Statement - PreSaveFile = new java.io.File(PresavePath): null

2018-12-12 16:50:09 - [TEST_STEP][PASSED] - Statement - counter = 0: null

2018-12-12 16:50:09 - [TEST_STEP][PASSED] - Statement - If (PreSaveFile.exists()): null

2018-12-12 16:50:09 - [TEST_STEP][PASSED] - Statement - While (PreSaveFile.exists()): null

2018-12-12 16:50:09 - [TEST_STEP][PASSED] - Statement - counter = counter + 1: null

2018-12-12 16:50:09 - [TEST_STEP][PASSED] - Statement - PreSaveFile = new java.io.File(((pathPrefix + java.lang.Integer.toString(counter)) + .png)): null

2018-12-12 16:50:09 - [TEST_STEP][PASSED] - Statement - counter = counter + 1: null

2018-12-12 16:50:09 - [TEST_STEP][PASSED] - Statement - PreSaveFile = new java.io.File(((pathPrefix + java.lang.Integer.toString(counter)) + .png)): null

2018-12-12 16:50:09 - [TEST_STEP][PASSED] - Statement - counter = counter + 1: null

2018-12-12 16:50:09 - [TEST_STEP][PASSED] - Statement - PreSaveFile = new java.io.File(((pathPrefix + java.lang.Integer.toString(counter)) + .png)): null

2018-12-12 16:50:09 - [TEST_STEP][PASSED] - Statement - counter = counter + 1: null

2018-12-12 16:50:09 - [TEST_STEP][PASSED] - Statement - PreSaveFile = new java.io.File(((pathPrefix + java.lang.Integer.toString(counter)) + .png)): null

2018-12-12 16:50:09 - [TEST_STEP][PASSED] - Statement - counter = counter + 1: null

2018-12-12 16:50:09 - [TEST_STEP][PASSED] - Statement - PreSaveFile = new java.io.File(((pathPrefix + java.lang.Integer.toString(counter)) + .png)): null

2018-12-12 16:50:09 - [TEST_STEP][PASSED] - Statement - counter = counter + 1: null

2018-12-12 16:50:09 - [TEST_STEP][PASSED] - Statement - PreSaveFile = new java.io.File(((pathPrefix + java.lang.Integer.toString(counter)) + .png)): null

2018-12-12 16:50:09 - [TEST_STEP][PASSED] - Statement - counter = counter + 1: null

2018-12-12 16:50:09 - [TEST_STEP][PASSED] - Statement - PreSaveFile = new java.io.File(((pathPrefix + java.lang.Integer.toString(counter)) + .png)): null

2018-12-12 16:50:09 - [TEST_STEP][PASSED] - Statement - counter = counter + 1: null

2018-12-12 16:50:09 - [TEST_STEP][PASSED] - Statement - PreSaveFile = new java.io.File(((pathPrefix + java.lang.Integer.toString(counter)) + .png)): null

2018-12-12 16:50:09 - [TEST_STEP][PASSED] - Statement - counter = counter + 1: null

2018-12-12 16:50:09 - [TEST_STEP][PASSED] - Statement - PreSaveFile = new java.io.File(((pathPrefix + java.lang.Integer.toString(counter)) + .png)): null

2018-12-12 16:50:09 - [TEST_STEP][PASSED] - Statement - counter = counter + 1: null

2018-12-12 16:50:09 - [TEST_STEP][PASSED] - Statement - PreSaveFile = new java.io.File(((pathPrefix + java.lang.Integer.toString(counter)) + .png)): null

2018-12-12 16:50:09 - [TEST_STEP][PASSED] - Statement - counter = counter + 1: null

2018-12-12 16:50:09 - [TEST_STEP][PASSED] - Statement - PreSaveFile = new java.io.File(((pathPrefix + java.lang.Integer.toString(counter)) + .png)): null

2018-12-12 16:50:09 - [TEST_STEP][PASSED] - Statement - counter = counter + 1: null

2018-12-12 16:50:09 - [TEST_STEP][PASSED] - Statement - PreSaveFile = new java.io.File(((pathPrefix + java.lang.Integer.toString(counter)) + .png)): null

2018-12-12 16:50:09 - [TEST_STEP][PASSED] - Statement - counter = counter + 1: null

2018-12-12 16:50:09 - [TEST_STEP][PASSED] - Statement - PreSaveFile = new java.io.File(((pathPrefix + java.lang.Integer.toString(counter)) + .png)): null

2018-12-12 16:50:09 - [TEST_STEP][PASSED] - Statement - counter = counter + 1: null

2018-12-12 16:50:09 - [TEST_STEP][PASSED] - Statement - PreSaveFile = new java.io.File(((pathPrefix + java.lang.Integer.toString(counter)) + .png)): null

2018-12-12 16:50:09 - [TEST_STEP][PASSED] - Statement - counter = counter + 1: null

2018-12-12 16:50:09 - [TEST_STEP][PASSED] - Statement - PreSaveFile = new java.io.File(((pathPrefix + java.lang.Integer.toString(counter)) + .png)): null

2018-12-12 16:50:09 - [TEST_STEP][PASSED] - Statement - counter = counter + 1: null

2018-12-12 16:50:09 - [TEST_STEP][PASSED] - Statement - PreSaveFile = new java.io.File(((pathPrefix + java.lang.Integer.toString(counter)) + .png)): null

2018-12-12 16:50:09 - [TEST_STEP][PASSED] - Statement - counter = counter + 1: null

2018-12-12 16:50:09 - [TEST_STEP][PASSED] - Statement - PreSaveFile = new java.io.File(((pathPrefix + java.lang.Integer.toString(counter)) + .png)): null

2018-12-12 16:50:09 - [TEST_STEP][PASSED] - Statement - counter = counter + 1: null

2018-12-12 16:50:09 - [TEST_STEP][PASSED] - Statement - PreSaveFile = new java.io.File(((pathPrefix + java.lang.Integer.toString(counter)) + .png)): null

2018-12-12 16:50:09 - [TEST_STEP][PASSED] - Statement - counter = counter + 1: null

2018-12-12 16:50:09 - [TEST_STEP][PASSED] - Statement - PreSaveFile = new java.io.File(((pathPrefix + java.lang.Integer.toString(counter)) + .png)): null

2018-12-12 16:50:09 - [TEST_STEP][PASSED] - Statement - counter = counter + 1: null

2018-12-12 16:50:09 - [TEST_STEP][PASSED] - Statement - PreSaveFile = new java.io.File(((pathPrefix + java.lang.Integer.toString(counter)) + .png)): null

2018-12-12 16:50:09 - [TEST_STEP][PASSED] - Statement - counter = counter + 1: null

2018-12-12 16:50:09 - [TEST_STEP][PASSED] - Statement - PreSaveFile = new java.io.File(((pathPrefix + java.lang.Integer.toString(counter)) + .png)): null

2018-12-12 16:50:09 - [TEST_STEP][PASSED] - Statement - counter = counter + 1: null

2018-12-12 16:50:09 - [TEST_STEP][PASSED] - Statement - PreSaveFile = new java.io.File(((pathPrefix + java.lang.Integer.toString(counter)) + .png)): null

2018-12-12 16:50:09 - [TEST_STEP][PASSED] - Statement - counter = counter + 1: null

2018-12-12 16:50:09 - [TEST_STEP][PASSED] - Statement - PreSaveFile = new java.io.File(((pathPrefix + java.lang.Integer.toString(counter)) + .png)): null

2018-12-12 16:50:09 - [TEST_STEP][PASSED] - Statement - counter = counter + 1: null

2018-12-12 16:50:09 - [TEST_STEP][PASSED] - Statement - PreSaveFile = new java.io.File(((pathPrefix + java.lang.Integer.toString(counter)) + .png)): null

2018-12-12 16:50:09 - [TEST_STEP][PASSED] - Statement - counter = counter + 1: null

2018-12-12 16:50:09 - [TEST_STEP][PASSED] - Statement - PreSaveFile = new java.io.File(((pathPrefix + java.lang.Integer.toString(counter)) + .png)): null

2018-12-12 16:50:09 - [TEST_STEP][PASSED] - Statement - counter = counter + 1: null

2018-12-12 16:50:09 - [TEST_STEP][PASSED] - Statement - PreSaveFile = new java.io.File(((pathPrefix + java.lang.Integer.toString(counter)) + .png)): null

2018-12-12 16:50:09 - [TEST_STEP][PASSED] - Statement - counter = counter + 1: null

2018-12-12 16:50:09 - [TEST_STEP][PASSED] - Statement - PreSaveFile = new java.io.File(((pathPrefix + java.lang.Integer.toString(counter)) + .png)): null

2018-12-12 16:50:09 - [TEST_STEP][PASSED] - Statement - counter = counter + 1: null

2018-12-12 16:50:09 - [TEST_STEP][PASSED] - Statement - PreSaveFile = new java.io.File(((pathPrefix + java.lang.Integer.toString(counter)) + .png)): null

2018-12-12 16:50:09 - [TEST_STEP][PASSED] - Statement - counter = counter + 1: null

2018-12-12 16:50:09 - [TEST_STEP][PASSED] - Statement - PreSaveFile = new java.io.File(((pathPrefix + java.lang.Integer.toString(counter)) + .png)): null

2018-12-12 16:50:09 - [TEST_STEP][PASSED] - Statement - counter = counter + 1: null

2018-12-12 16:50:09 - [TEST_STEP][PASSED] - Statement - PreSaveFile = new java.io.File(((pathPrefix + java.lang.Integer.toString(counter)) + .png)): null

2018-12-12 16:50:09 - [TEST_STEP][PASSED] - Statement - counter = counter + 1: null

2018-12-12 16:50:09 - [TEST_STEP][PASSED] - Statement - PreSaveFile = new java.io.File(((pathPrefix + java.lang.Integer.toString(counter)) + .png)): null

2018-12-12 16:50:09 - [TEST_STEP][PASSED] - Statement - counter = counter + 1: null

2018-12-12 16:50:09 - [TEST_STEP][PASSED] - Statement - PreSaveFile = new java.io.File(((pathPrefix + java.lang.Integer.toString(counter)) + .png)): null

2018-12-12 16:50:09 - [TEST_STEP][PASSED] - Statement - counter = counter + 1: null

2018-12-12 16:50:09 - [TEST_STEP][PASSED] - Statement - PreSaveFile = new java.io.File(((pathPrefix + java.lang.Integer.toString(counter)) + .png)): null

2018-12-12 16:50:09 - [TEST_STEP][PASSED] - Statement - counter = counter + 1: null

2018-12-12 16:50:09 - [TEST_STEP][PASSED] - Statement - PreSaveFile = new java.io.File(((pathPrefix + java.lang.Integer.toString(counter)) + .png)): null

2018-12-12 16:50:09 - [TEST_STEP][PASSED] - Statement - counter = counter + 1: null

2018-12-12 16:50:09 - [TEST_STEP][PASSED] - Statement - PreSaveFile = new java.io.File(((pathPrefix + java.lang.Integer.toString(counter)) + .png)): null

2018-12-12 16:50:09 - [TEST_STEP][PASSED] - Statement - counter = counter + 1: null

2018-12-12 16:50:09 - [TEST_STEP][PASSED] - Statement - PreSaveFile = new java.io.File(((pathPrefix + java.lang.Integer.toString(counter)) + .png)): null

2018-12-12 16:50:09 - [TEST_STEP][PASSED] - Statement - counter = counter + 1: null

2018-12-12 16:50:09 - [TEST_STEP][PASSED] - Statement - PreSaveFile = new java.io.File(((pathPrefix + java.lang.Integer.toString(counter)) + .png)): null

2018-12-12 16:50:09 - [TEST_STEP][PASSED] - Statement - counter = counter + 1: null

2018-12-12 16:50:09 - [TEST_STEP][PASSED] - Statement - PreSaveFile = new java.io.File(((pathPrefix + java.lang.Integer.toString(counter)) + .png)): null

2018-12-12 16:50:09 - [TEST_STEP][PASSED] - Statement - counter = counter + 1: null

2018-12-12 16:50:09 - [TEST_STEP][PASSED] - Statement - PreSaveFile = new java.io.File(((pathPrefix + java.lang.Integer.toString(counter)) + .png)): null

2018-12-12 16:50:09 - [TEST_STEP][PASSED] - Statement - counter = counter + 1: null

2018-12-12 16:50:09 - [TEST_STEP][PASSED] - Statement - PreSaveFile = new java.io.File(((pathPrefix + java.lang.Integer.toString(counter)) + .png)): null

2018-12-12 16:50:09 - [TEST_STEP][PASSED] - Statement - counter = counter + 1: null

2018-12-12 16:50:09 - [TEST_STEP][PASSED] - Statement - PreSaveFile = new java.io.File(((pathPrefix + java.lang.Integer.toString(counter)) + .png)): null

2018-12-12 16:50:09 - [TEST_STEP][PASSED] - Statement - counter = counter + 1: null

2018-12-12 16:50:09 - [TEST_STEP][PASSED] - Statement - PreSaveFile = new java.io.File(((pathPrefix + java.lang.Integer.toString(counter)) + .png)): null

2018-12-12 16:50:09 - [TEST_STEP][PASSED] - Statement - counter = counter + 1: null

2018-12-12 16:50:09 - [TEST_STEP][PASSED] - Statement - PreSaveFile = new java.io.File(((pathPrefix + java.lang.Integer.toString(counter)) + .png)): null

2018-12-12 16:50:09 - [TEST_STEP][PASSED] - Statement - counter = counter + 1: null

2018-12-12 16:50:09 - [TEST_STEP][PASSED] - Statement - PreSaveFile = new java.io.File(((pathPrefix + java.lang.Integer.toString(counter)) + .png)): null

2018-12-12 16:50:09 - [TEST_STEP][PASSED] - Statement - counter = counter + 1: null

2018-12-12 16:50:09 - [TEST_STEP][PASSED] - Statement - PreSaveFile = new java.io.File(((pathPrefix + java.lang.Integer.toString(counter)) + .png)): null

2018-12-12 16:50:09 - [TEST_STEP][PASSED] - Statement - counter = counter + 1: null

2018-12-12 16:50:09 - [TEST_STEP][PASSED] - Statement - PreSaveFile = new java.io.File(((pathPrefix + java.lang.Integer.toString(counter)) + .png)): null

2018-12-12 16:50:09 - [TEST_STEP][PASSED] - Statement - counter = counter + 1: null

2018-12-12 16:50:09 - [TEST_STEP][PASSED] - Statement - PreSaveFile = new java.io.File(((pathPrefix + java.lang.Integer.toString(counter)) + .png)): null

2018-12-12 16:50:09 - [TEST_STEP][PASSED] - Statement - counter = counter + 1: null

2018-12-12 16:50:09 - [TEST_STEP][PASSED] - Statement - PreSaveFile = new java.io.File(((pathPrefix + java.lang.Integer.toString(counter)) + .png)): null

2018-12-12 16:50:09 - [TEST_STEP][PASSED] - Statement - counter = counter + 1: null

2018-12-12 16:50:09 - [TEST_STEP][PASSED] - Statement - PreSaveFile = new java.io.File(((pathPrefix + java.lang.Integer.toString(counter)) + .png)): null

2018-12-12 16:50:09 - [TEST_STEP][PASSED] - Statement - counter = counter + 1: null

2018-12-12 16:50:09 - [TEST_STEP][PASSED] - Statement - PreSaveFile = new java.io.File(((pathPrefix + java.lang.Integer.toString(counter)) + .png)): null

2018-12-12 16:50:09 - [TEST_STEP][PASSED] - Statement - counter = counter + 1: null

2018-12-12 16:50:09 - [TEST_STEP][PASSED] - Statement - PreSaveFile = new java.io.File(((pathPrefix + java.lang.Integer.toString(counter)) + .png)): null

2018-12-12 16:50:09 - [TEST_STEP][PASSED] - Statement - counter = counter + 1: null

2018-12-12 16:50:09 - [TEST_STEP][PASSED] - Statement - PreSaveFile = new java.io.File(((pathPrefix + java.lang.Integer.toString(counter)) + .png)): null

2018-12-12 16:50:09 - [TEST_STEP][PASSED] - Statement - counter = counter + 1: null

2018-12-12 16:50:09 - [TEST_STEP][PASSED] - Statement - PreSaveFile = new java.io.File(((pathPrefix + java.lang.Integer.toString(counter)) + .png)): null

2018-12-12 16:50:09 - [TEST_STEP][PASSED] - Statement - counter = counter + 1: null

2018-12-12 16:50:09 - [TEST_STEP][PASSED] - Statement - PreSaveFile = new java.io.File(((pathPrefix + java.lang.Integer.toString(counter)) + .png)): null

2018-12-12 16:50:09 - [TEST_STEP][PASSED] - Statement - counter = counter + 1: null

2018-12-12 16:50:09 - [TEST_STEP][PASSED] - Statement - PreSaveFile = new java.io.File(((pathPrefix + java.lang.Integer.toString(counter)) + .png)): null

2018-12-12 16:50:09 - [TEST_STEP][PASSED] - Statement - counter = counter + 1: null

2018-12-12 16:50:09 - [TEST_STEP][PASSED] - Statement - PreSaveFile = new java.io.File(((pathPrefix + java.lang.Integer.toString(counter)) + .png)): null

2018-12-12 16:50:09 - [TEST_STEP][PASSED] - Statement - counter = counter + 1: null

2018-12-12 16:50:09 - [TEST_STEP][PASSED] - Statement - PreSaveFile = new java.io.File(((pathPrefix + java.lang.Integer.toString(counter)) + .png)): null

2018-12-12 16:50:09 - [TEST_STEP][PASSED] - Statement - counter = counter + 1: null

2018-12-12 16:50:09 - [TEST_STEP][PASSED] - Statement - PreSaveFile = new java.io.File(((pathPrefix + java.lang.Integer.toString(counter)) + .png)): null

2018-12-12 16:50:09 - [TEST_STEP][PASSED] - Statement - counter = counter + 1: null

2018-12-12 16:50:09 - [TEST_STEP][PASSED] - Statement - PreSaveFile = new java.io.File(((pathPrefix + java.lang.Integer.toString(counter)) + .png)): null

2018-12-12 16:50:09 - [TEST_STEP][PASSED] - Statement - counter = counter + 1: null

2018-12-12 16:50:09 - [TEST_STEP][PASSED] - Statement - PreSaveFile = new java.io.File(((pathPrefix + java.lang.Integer.toString(counter)) + .png)): null

2018-12-12 16:50:09 - [TEST_STEP][PASSED] - Statement - counter = counter + 1: null

2018-12-12 16:50:09 - [TEST_STEP][PASSED] - Statement - PreSaveFile = new java.io.File(((pathPrefix + java.lang.Integer.toString(counter)) + .png)): null

2018-12-12 16:50:09 - [TEST_STEP][PASSED] - Statement - counter = counter + 1: null

2018-12-12 16:50:09 - [TEST_STEP][PASSED] - Statement - PreSaveFile = new java.io.File(((pathPrefix + java.lang.Integer.toString(counter)) + .png)): null

2018-12-12 16:50:09 - [TEST_STEP][PASSED] - Statement - counter = counter + 1: null

2018-12-12 16:50:09 - [TEST_STEP][PASSED] - Statement - PreSaveFile = new java.io.File(((pathPrefix + java.lang.Integer.toString(counter)) + .png)): null

2018-12-12 16:50:09 - [TEST_STEP][PASSED] - Statement - counter = counter + 1: null

2018-12-12 16:50:09 - [TEST_STEP][PASSED] - Statement - PreSaveFile = new java.io.File(((pathPrefix + java.lang.Integer.toString(counter)) + .png)): null

2018-12-12 16:50:09 - [TEST_STEP][PASSED] - Statement - counter = counter + 1: null

2018-12-12 16:50:09 - [TEST_STEP][PASSED] - Statement - PreSaveFile = new java.io.File(((pathPrefix + java.lang.Integer.toString(counter)) + .png)): null

2018-12-12 16:50:09 - [TEST_STEP][PASSED] - Statement - counter = counter + 1: null

2018-12-12 16:50:09 - [TEST_STEP][PASSED] - Statement - PreSaveFile = new java.io.File(((pathPrefix + java.lang.Integer.toString(counter)) + .png)): null

2018-12-12 16:50:09 - [TEST_STEP][PASSED] - Statement - counter = counter + 1: null

2018-12-12 16:50:09 - [TEST_STEP][PASSED] - Statement - PreSaveFile = new java.io.File(((pathPrefix + java.lang.Integer.toString(counter)) + .png)): null

2018-12-12 16:50:09 - [TEST_STEP][PASSED] - Statement - counter = counter + 1: null

2018-12-12 16:50:09 - [TEST_STEP][PASSED] - Statement - PreSaveFile = new java.io.File(((pathPrefix + java.lang.Integer.toString(counter)) + .png)): null

2018-12-12 16:50:09 - [TEST_STEP][PASSED] - Statement - counter = counter + 1: null

2018-12-12 16:50:09 - [TEST_STEP][PASSED] - Statement - PreSaveFile = new java.io.File(((pathPrefix + java.lang.Integer.toString(counter)) + .png)): null

2018-12-12 16:50:09 - [TEST_STEP][PASSED] - Statement - counter = counter + 1: null

2018-12-12 16:50:09 - [TEST_STEP][PASSED] - Statement - PreSaveFile = new java.io.File(((pathPrefix + java.lang.Integer.toString(counter)) + .png)): null

2018-12-12 16:50:09 - [TEST_STEP][PASSED] - Statement - counter = counter + 1: null

2018-12-12 16:50:09 - [TEST_STEP][PASSED] - Statement - PreSaveFile = new java.io.File(((pathPrefix + java.lang.Integer.toString(counter)) + .png)): null

2018-12-12 16:50:09 - [TEST_STEP][PASSED] - Statement - counter = counter + 1: null

2018-12-12 16:50:09 - [TEST_STEP][PASSED] - Statement - PreSaveFile = new java.io.File(((pathPrefix + java.lang.Integer.toString(counter)) + .png)): null

2018-12-12 16:50:09 - [TEST_STEP][PASSED] - Statement - counter = counter + 1: null

2018-12-12 16:50:09 - [TEST_STEP][PASSED] - Statement - PreSaveFile = new java.io.File(((pathPrefix + java.lang.Integer.toString(counter)) + .png)): null

2018-12-12 16:50:09 - [TEST_STEP][PASSED] - Statement - counter = counter + 1: null

2018-12-12 16:50:09 - [TEST_STEP][PASSED] - Statement - PreSaveFile = new java.io.File(((pathPrefix + java.lang.Integer.toString(counter)) + .png)): null

2018-12-12 16:50:09 - [TEST_STEP][PASSED] - Statement - counter = counter + 1: null

2018-12-12 16:50:09 - [TEST_STEP][PASSED] - Statement - PreSaveFile = new java.io.File(((pathPrefix + java.lang.Integer.toString(counter)) + .png)): null

2018-12-12 16:50:09 - [TEST_STEP][PASSED] - Statement - counter = counter + 1: null

2018-12-12 16:50:09 - [TEST_STEP][PASSED] - Statement - PreSaveFile = new java.io.File(((pathPrefix + java.lang.Integer.toString(counter)) + .png)): null

2018-12-12 16:50:09 - [TEST_STEP][PASSED] - Statement - counter = counter + 1: null

2018-12-12 16:50:09 - [TEST_STEP][PASSED] - Statement - PreSaveFile = new java.io.File(((pathPrefix + java.lang.Integer.toString(counter)) + .png)): null

2018-12-12 16:50:09 - [TEST_STEP][PASSED] - Statement - counter = counter + 1: null

2018-12-12 16:50:09 - [TEST_STEP][PASSED] - Statement - PreSaveFile = new java.io.File(((pathPrefix + java.lang.Integer.toString(counter)) + .png)): null

2018-12-12 16:50:09 - [TEST_STEP][PASSED] - Statement - counter = counter + 1: null

2018-12-12 16:50:09 - [TEST_STEP][PASSED] - Statement - PreSaveFile = new java.io.File(((pathPrefix + java.lang.Integer.toString(counter)) + .png)): null

2018-12-12 16:50:09 - [TEST_STEP][PASSED] - Statement - counter = counter + 1: null

2018-12-12 16:50:09 - [TEST_STEP][PASSED] - Statement - PreSaveFile = new java.io.File(((pathPrefix + java.lang.Integer.toString(counter)) + .png)): null

2018-12-12 16:50:09 - [TEST_STEP][PASSED] - Statement - counter = counter + 1: null

2018-12-12 16:50:09 - [TEST_STEP][PASSED] - Statement - PreSaveFile = new java.io.File(((pathPrefix + java.lang.Integer.toString(counter)) + .png)): null

2018-12-12 16:50:09 - [TEST_STEP][PASSED] - Statement - counter = counter + 1: null

2018-12-12 16:50:09 - [TEST_STEP][PASSED] - Statement - PreSaveFile = new java.io.File(((pathPrefix + java.lang.Integer.toString(counter)) + .png)): null

2018-12-12 16:50:09 - [TEST_STEP][PASSED] - Statement - counter = counter + 1: null

2018-12-12 16:50:09 - [TEST_STEP][PASSED] - Statement - PreSaveFile = new java.io.File(((pathPrefix + java.lang.Integer.toString(counter)) + .png)): null

2018-12-12 16:50:09 - [TEST_STEP][PASSED] - Statement - counter = counter + 1: null

2018-12-12 16:50:09 - [TEST_STEP][PASSED] - Statement - PreSaveFile = new java.io.File(((pathPrefix + java.lang.Integer.toString(counter)) + .png)): null

2018-12-12 16:50:09 - [TEST_STEP][PASSED] - Statement - counter = counter + 1: null

2018-12-12 16:50:09 - [TEST_STEP][PASSED] - Statement - PreSaveFile = new java.io.File(((pathPrefix + java.lang.Integer.toString(counter)) + .png)): null

2018-12-12 16:50:09 - [TEST_STEP][PASSED] - Statement - counter = counter + 1: null

2018-12-12 16:50:09 - [TEST_STEP][PASSED] - Statement - PreSaveFile = new java.io.File(((pathPrefix + java.lang.Integer.toString(counter)) + .png)): null

2018-12-12 16:50:09 - [TEST_STEP][PASSED] - Statement - counter = counter + 1: null

2018-12-12 16:50:09 - [TEST_STEP][PASSED] - Statement - PreSaveFile = new java.io.File(((pathPrefix + java.lang.Integer.toString(counter)) + .png)): null

2018-12-12 16:50:09 - [TEST_STEP][PASSED] - Statement - counter = counter + 1: null

2018-12-12 16:50:09 - [TEST_STEP][PASSED] - Statement - PreSaveFile = new java.io.File(((pathPrefix + java.lang.Integer.toString(counter)) + .png)): null

2018-12-12 16:50:09 - [TEST_STEP][PASSED] - Statement - counter = counter + 1: null

2018-12-12 16:50:09 - [TEST_STEP][PASSED] - Statement - PreSaveFile = new java.io.File(((pathPrefix + java.lang.Integer.toString(counter)) + .png)): null

2018-12-12 16:50:09 - [TEST_STEP][PASSED] - Statement - counter = counter + 1: null

2018-12-12 16:50:09 - [TEST_STEP][PASSED] - Statement - PreSaveFile = new java.io.File(((pathPrefix + java.lang.Integer.toString(counter)) + .png)): null

2018-12-12 16:50:09 - [TEST_STEP][PASSED] - Statement - counter = counter + 1: null

2018-12-12 16:50:09 - [TEST_STEP][PASSED] - Statement - PreSaveFile = new java.io.File(((pathPrefix + java.lang.Integer.toString(counter)) + .png)): null

2018-12-12 16:50:09 - [TEST_STEP][PASSED] - Statement - counter = counter + 1: null

2018-12-12 16:50:09 - [TEST_STEP][PASSED] - Statement - PreSaveFile = new java.io.File(((pathPrefix + java.lang.Integer.toString(counter)) + .png)): null

2018-12-12 16:50:09 - [TEST_STEP][PASSED] - Statement - counter = counter + 1: null

2018-12-12 16:50:09 - [TEST_STEP][PASSED] - Statement - PreSaveFile = new java.io.File(((pathPrefix + java.lang.Integer.toString(counter)) + .png)): null

2018-12-12 16:50:09 - [TEST_STEP][PASSED] - Statement - counter = counter + 1: null

2018-12-12 16:50:09 - [TEST_STEP][PASSED] - Statement - PreSaveFile = new java.io.File(((pathPrefix + java.lang.Integer.toString(counter)) + .png)): null

2018-12-12 16:50:09 - [TEST_STEP][PASSED] - Statement - counter = counter + 1: null

2018-12-12 16:50:09 - [TEST_STEP][PASSED] - Statement - PreSaveFile = new java.io.File(((pathPrefix + java.lang.Integer.toString(counter)) + .png)): null

2018-12-12 16:50:09 - [TEST_STEP][PASSED] - Statement - counter = counter + 1: null

2018-12-12 16:50:09 - [TEST_STEP][PASSED] - Statement - PreSaveFile = new java.io.File(((pathPrefix + java.lang.Integer.toString(counter)) + .png)): null

2018-12-12 16:50:09 - [TEST_STEP][PASSED] - Statement - counter = counter + 1: null

2018-12-12 16:50:09 - [TEST_STEP][PASSED] - Statement - PreSaveFile = new java.io.File(((pathPrefix + java.lang.Integer.toString(counter)) + .png)): null

2018-12-12 16:50:09 - [TEST_STEP][PASSED] - Statement - counter = counter + 1: null

2018-12-12 16:50:09 - [TEST_STEP][PASSED] - Statement - PreSaveFile = new java.io.File(((pathPrefix + java.lang.Integer.toString(counter)) + .png)): null

2018-12-12 16:50:09 - [TEST_STEP][PASSED] - Statement - counter = counter + 1: null

2018-12-12 16:50:09 - [TEST_STEP][PASSED] - Statement - PreSaveFile = new java.io.File(((pathPrefix + java.lang.Integer.toString(counter)) + .png)): null

2018-12-12 16:50:09 - [TEST_STEP][PASSED] - Statement - counter = counter + 1: null

2018-12-12 16:50:09 - [TEST_STEP][PASSED] - Statement - PreSaveFile = new java.io.File(((pathPrefix + java.lang.Integer.toString(counter)) + .png)): null

2018-12-12 16:50:09 - [TEST_STEP][PASSED] - Statement - counter = counter + 1: null

2018-12-12 16:50:09 - [TEST_STEP][PASSED] - Statement - PreSaveFile = new java.io.File(((pathPrefix + java.lang.Integer.toString(counter)) + .png)): null

2018-12-12 16:50:09 - [TEST_STEP][PASSED] - Statement - counter = counter + 1: null

2018-12-12 16:50:09 - [TEST_STEP][PASSED] - Statement - PreSaveFile = new java.io.File(((pathPrefix + java.lang.Integer.toString(counter)) + .png)): null

2018-12-12 16:50:09 - [TEST_STEP][PASSED] - Statement - counter = counter + 1: null

2018-12-12 16:50:09 - [TEST_STEP][PASSED] - Statement - PreSaveFile = new java.io.File(((pathPrefix + java.lang.Integer.toString(counter)) + .png)): null

2018-12-12 16:50:09 - [TEST_STEP][PASSED] - Statement - counter = counter + 1: null

2018-12-12 16:50:09 - [TEST_STEP][PASSED] - Statement - PreSaveFile = new java.io.File(((pathPrefix + java.lang.Integer.toString(counter)) + .png)): null

2018-12-12 16:50:09 - [TEST_STEP][PASSED] - Statement - counter = counter + 1: null

2018-12-12 16:50:09 - [TEST_STEP][PASSED] - Statement - PreSaveFile = new java.io.File(((pathPrefix + java.lang.Integer.toString(counter)) + .png)): null

2018-12-12 16:50:09 - [TEST_STEP][PASSED] - Statement - counter = counter + 1: null

2018-12-12 16:50:09 - [TEST_STEP][PASSED] - Statement - PreSaveFile = new java.io.File(((pathPrefix + java.lang.Integer.toString(counter)) + .png)): null

2018-12-12 16:50:09 - [TEST_STEP][PASSED] - Statement - counter = counter + 1: null

2018-12-12 16:50:09 - [TEST_STEP][PASSED] - Statement - PreSaveFile = new java.io.File(((pathPrefix + java.lang.Integer.toString(counter)) + .png)): null

2018-12-12 16:50:09 - [TEST_STEP][PASSED] - Statement - counter = counter + 1: null

2018-12-12 16:50:09 - [TEST_STEP][PASSED] - Statement - PreSaveFile = new java.io.File(((pathPrefix + java.lang.Integer.toString(counter)) + .png)): null

2018-12-12 16:50:09 - [TEST_STEP][PASSED] - Statement - counter = counter + 1: null

2018-12-12 16:50:09 - [TEST_STEP][PASSED] - Statement - PreSaveFile = new java.io.File(((pathPrefix + java.lang.Integer.toString(counter)) + .png)): null

2018-12-12 16:50:09 - [TEST_STEP][PASSED] - Statement - counter = counter + 1: null

2018-12-12 16:50:09 - [TEST_STEP][PASSED] - Statement - PreSaveFile = new java.io.File(((pathPrefix + java.lang.Integer.toString(counter)) + .png)): null

2018-12-12 16:50:09 - [TEST_STEP][PASSED] - Statement - counter = counter + 1: null

2018-12-12 16:50:09 - [TEST_STEP][PASSED] - Statement - PreSaveFile = new java.io.File(((pathPrefix + java.lang.Integer.toString(counter)) + .png)): null

2018-12-12 16:50:09 - [TEST_STEP][PASSED] - Statement - counter = counter + 1: null

2018-12-12 16:50:09 - [TEST_STEP][PASSED] - Statement - PreSaveFile = new java.io.File(((pathPrefix + java.lang.Integer.toString(counter)) + .png)): null

2018-12-12 16:50:09 - [TEST_STEP][PASSED] - Statement - counter = counter + 1: null

2018-12-12 16:50:09 - [TEST_STEP][PASSED] - Statement - PreSaveFile = new java.io.File(((pathPrefix + java.lang.Integer.toString(counter)) + .png)): null

2018-12-12 16:50:09 - [TEST_STEP][PASSED] - Statement - counter = counter + 1: null

2018-12-12 16:50:09 - [TEST_STEP][PASSED] - Statement - PreSaveFile = new java.io.File(((pathPrefix + java.lang.Integer.toString(counter)) + .png)): null

2018-12-12 16:50:09 - [TEST_STEP][PASSED] - Statement - counter = counter + 1: null

2018-12-12 16:50:09 - [TEST_STEP][PASSED] - Statement - PreSaveFile = new java.io.File(((pathPrefix + java.lang.Integer.toString(counter)) + .png)): null

2018-12-12 16:50:09 - [TEST_STEP][PASSED] - Statement - counter = counter + 1: null

2018-12-12 16:50:09 - [TEST_STEP][PASSED] - Statement - PreSaveFile = new java.io.File(((pathPrefix + java.lang.Integer.toString(counter)) + .png)): null

2018-12-12 16:50:09 - [TEST_STEP][PASSED] - Statement - counter = counter + 1: null

2018-12-12 16:50:09 - [TEST_STEP][PASSED] - Statement - PreSaveFile = new java.io.File(((pathPrefix + java.lang.Integer.toString(counter)) + .png)): null

2018-12-12 16:50:09 - [TEST_STEP][PASSED] - Statement - counter = counter + 1: null

2018-12-12 16:50:09 - [TEST_STEP][PASSED] - Statement - PreSaveFile = new java.io.File(((pathPrefix + java.lang.Integer.toString(counter)) + .png)): null

2018-12-12 16:50:09 - [TEST_STEP][PASSED] - Statement - counter = counter + 1: null

2018-12-12 16:50:09 - [TEST_STEP][PASSED] - Statement - PreSaveFile = new java.io.File(((pathPrefix + java.lang.Integer.toString(counter)) + .png)): null

2018-12-12 16:50:09 - [TEST_STEP][PASSED] - Statement - counter = counter + 1: null

2018-12-12 16:50:09 - [TEST_STEP][PASSED] - Statement - PreSaveFile = new java.io.File(((pathPrefix + java.lang.Integer.toString(counter)) + .png)): null

2018-12-12 16:50:09 - [TEST_STEP][PASSED] - Statement - counter = counter + 1: null

2018-12-12 16:50:09 - [TEST_STEP][PASSED] - Statement - PreSaveFile = new java.io.File(((pathPrefix + java.lang.Integer.toString(counter)) + .png)): null

2018-12-12 16:50:09 - [TEST_STEP][PASSED] - Statement - counter = counter + 1: null

2018-12-12 16:50:09 - [TEST_STEP][PASSED] - Statement - PreSaveFile = new java.io.File(((pathPrefix + java.lang.Integer.toString(counter)) + .png)): null

2018-12-12 16:50:09 - [TEST_STEP][PASSED] - Statement - counter = counter + 1: null

2018-12-12 16:50:09 - [TEST_STEP][PASSED] - Statement - PreSaveFile = new java.io.File(((pathPrefix + java.lang.Integer.toString(counter)) + .png)): null

2018-12-12 16:50:09 - [TEST_STEP][PASSED] - Statement - counter = counter + 1: null

2018-12-12 16:50:09 - [TEST_STEP][PASSED] - Statement - PreSaveFile = new java.io.File(((pathPrefix + java.lang.Integer.toString(counter)) + .png)): null

2018-12-12 16:50:09 - [TEST_STEP][PASSED] - Statement - counter = counter + 1: null

2018-12-12 16:50:09 - [TEST_STEP][PASSED] - Statement - PreSaveFile = new java.io.File(((pathPrefix + java.lang.Integer.toString(counter)) + .png)): null

2018-12-12 16:50:09 - [TEST_STEP][PASSED] - Statement - counter = counter + 1: null

2018-12-12 16:50:09 - [TEST_STEP][PASSED] - Statement - PreSaveFile = new java.io.File(((pathPrefix + java.lang.Integer.toString(counter)) + .png)): null

2018-12-12 16:50:09 - [TEST_STEP][PASSED] - Statement - counter = counter + 1: null

2018-12-12 16:50:09 - [TEST_STEP][PASSED] - Statement - PreSaveFile = new java.io.File(((pathPrefix + java.lang.Integer.toString(counter)) + .png)): null

2018-12-12 16:50:09 - [TEST_STEP][PASSED] - Statement - counter = counter + 1: null

2018-12-12 16:50:09 - [TEST_STEP][PASSED] - Statement - PreSaveFile = new java.io.File(((pathPrefix + java.lang.Integer.toString(counter)) + .png)): null

2018-12-12 16:50:09 - [TEST_STEP][PASSED] - Statement - counter = counter + 1: null

2018-12-12 16:50:09 - [TEST_STEP][PASSED] - Statement - PreSaveFile = new java.io.File(((pathPrefix + java.lang.Integer.toString(counter)) + .png)): null

2018-12-12 16:50:09 - [TEST_STEP][PASSED] - Statement - counter = counter + 1: null

2018-12-12 16:50:09 - [TEST_STEP][PASSED] - Statement - PreSaveFile = new java.io.File(((pathPrefix + java.lang.Integer.toString(counter)) + .png)): null

2018-12-12 16:50:09 - [TEST_STEP][PASSED] - Statement - counter = counter + 1: null

2018-12-12 16:50:09 - [TEST_STEP][PASSED] - Statement - PreSaveFile = new java.io.File(((pathPrefix + java.lang.Integer.toString(counter)) + .png)): null

2018-12-12 16:50:09 - [TEST_STEP][PASSED] - Statement - counter = counter + 1: null

2018-12-12 16:50:09 - [TEST_STEP][PASSED] - Statement - PreSaveFile = new java.io.File(((pathPrefix + java.lang.Integer.toString(counter)) + .png)): null

2018-12-12 16:50:09 - [TEST_STEP][PASSED] - Statement - counter = counter + 1: null

2018-12-12 16:50:09 - [TEST_STEP][PASSED] - Statement - PreSaveFile = new java.io.File(((pathPrefix + java.lang.Integer.toString(counter)) + .png)): null

2018-12-12 16:50:09 - [TEST_STEP][PASSED] - Statement - counter = counter + 1: null

2018-12-12 16:50:09 - [TEST_STEP][PASSED] - Statement - PreSaveFile = new java.io.File(((pathPrefix + java.lang.Integer.toString(counter)) + .png)): null

2018-12-12 16:50:09 - [TEST_STEP][PASSED] - Statement - counter = counter + 1: null

2018-12-12 16:50:09 - [TEST_STEP][PASSED] - Statement - PreSaveFile = new java.io.File(((pathPrefix + java.lang.Integer.toString(counter)) + .png)): null

2018-12-12 16:50:09 - [TEST_STEP][PASSED] - Statement - counter = counter + 1: null

2018-12-12 16:50:09 - [TEST_STEP][PASSED] - Statement - PreSaveFile = new java.io.File(((pathPrefix + java.lang.Integer.toString(counter)) + .png)): null

2018-12-12 16:50:09 - [TEST_STEP][PASSED] - Statement - counter = counter + 1: null

2018-12-12 16:50:09 - [TEST_STEP][PASSED] - Statement - PreSaveFile = new java.io.File(((pathPrefix + java.lang.Integer.toString(counter)) + .png)): null

2018-12-12 16:50:09 - [TEST_STEP][PASSED] - Statement - counter = counter + 1: null

2018-12-12 16:50:09 - [TEST_STEP][PASSED] - Statement - PreSaveFile = new java.io.File(((pathPrefix + java.lang.Integer.toString(counter)) + .png)): null

2018-12-12 16:50:09 - [TEST_STEP][PASSED] - Statement - counter = counter + 1: null

2018-12-12 16:50:09 - [TEST_STEP][PASSED] - Statement - PreSaveFile = new java.io.File(((pathPrefix + java.lang.Integer.toString(counter)) + .png)): null

2018-12-12 16:50:09 - [TEST_STEP][PASSED] - Statement - counter = counter + 1: null

2018-12-12 16:50:09 - [TEST_STEP][PASSED] - Statement - PreSaveFile = new java.io.File(((pathPrefix + java.lang.Integer.toString(counter)) + .png)): null

2018-12-12 16:50:09 - [TEST_STEP][PASSED] - Statement - counter = counter + 1: null

2018-12-12 16:50:09 - [TEST_STEP][PASSED] - Statement - PreSaveFile = new java.io.File(((pathPrefix + java.lang.Integer.toString(counter)) + .png)): null

2018-12-12 16:50:09 - [TEST_STEP][PASSED] - Statement - counter = counter + 1: null

2018-12-12 16:50:09 - [TEST_STEP][PASSED] - Statement - PreSaveFile = new java.io.File(((pathPrefix + java.lang.Integer.toString(counter)) + .png)): null

2018-12-12 16:50:09 - [TEST_STEP][PASSED] - Statement - counter = counter + 1: null

2018-12-12 16:50:09 - [TEST_STEP][PASSED] - Statement - PreSaveFile = new java.io.File(((pathPrefix + java.lang.Integer.toString(counter)) + .png)): null

2018-12-12 16:50:09 - [TEST_STEP][PASSED] - Statement - counter = counter + 1: null

2018-12-12 16:50:09 - [TEST_STEP][PASSED] - Statement - PreSaveFile = new java.io.File(((pathPrefix + java.lang.Integer.toString(counter)) + .png)): null

2018-12-12 16:50:09 - [TEST_STEP][PASSED] - Statement - counter = counter + 1: null

2018-12-12 16:50:09 - [TEST_STEP][PASSED] - Statement - PreSaveFile = new java.io.File(((pathPrefix + java.lang.Integer.toString(counter)) + .png)): null

2018-12-12 16:50:09 - [TEST_STEP][PASSED] - Statement - counter = counter + 1: null

2018-12-12 16:50:09 - [TEST_STEP][PASSED] - Statement - PreSaveFile = new java.io.File(((pathPrefix + java.lang.Integer.toString(counter)) + .png)): null

2018-12-12 16:50:09 - [TEST_STEP][PASSED] - Statement - counter = counter + 1: null

2018-12-12 16:50:09 - [TEST_STEP][PASSED] - Statement - PreSaveFile = new java.io.File(((pathPrefix + java.lang.Integer.toString(counter)) + .png)): null

2018-12-12 16:50:09 - [TEST_STEP][PASSED] - Statement - counter = counter + 1: null

2018-12-12 16:50:09 - [TEST_STEP][PASSED] - Statement - PreSaveFile = new java.io.File(((pathPrefix + java.lang.Integer.toString(counter)) + .png)): null

2018-12-12 16:50:09 - [TEST_STEP][PASSED] - Statement - counter = counter + 1: null

2018-12-12 16:50:09 - [TEST_STEP][PASSED] - Statement - PreSaveFile = new java.io.File(((pathPrefix + java.lang.Integer.toString(counter)) + .png)): null

2018-12-12 16:50:09 - [TEST_STEP][PASSED] - Statement - counter = counter + 1: null

2018-12-12 16:50:09 - [TEST_STEP][PASSED] - Statement - PreSaveFile = new java.io.File(((pathPrefix + java.lang.Integer.toString(counter)) + .png)): null

2018-12-12 16:50:09 - [TEST_STEP][PASSED] - Statement - counter = counter + 1: null

2018-12-12 16:50:09 - [TEST_STEP][PASSED] - Statement - PreSaveFile = new java.io.File(((pathPrefix + java.lang.Integer.toString(counter)) + .png)): null

2018-12-12 16:50:09 - [TEST_STEP][PASSED] - Statement - finalPath = pathPrefix + java.lang.Integer.toString(counter) + ".png": null

2018-12-12 16:50:09 - [TEST_STEP][PASSED] - Statement - SaveFile = new java.io.File(finalPath): null

2018-12-12 16:50:09 - [TEST_STEP][PASSED] - Statement - Try: null

2018-12-12 16:50:09 - [TEST_STEP][PASSED] - Statement - org.apache.commons.io.FileUtils.copyFile(scrFile, SaveFile): null

2018-12-12 16:50:09 - [TEST_STEP][PASSED] - Statement - out.println("file kept"): null

2018-12-12 16:50:09 - [TEST_STEP][PASSED] - delay: Delayed 10 second(s)

2018-12-12 16:50:19 - [MESSAGE][PASSED] - Delayed 10 second(s)

2018-12-12 16:50:19 - [MESSAGE][PASSED] - Call Test Case 'Test Cases/Final Aug 2018 - PKS Automation/Registration Module/New Registration/Submit and Screenshot/Submit Registration and Screenshot' successfully]]></system-out>
         <system-err><![CDATA[]]></system-err>
      </testcase>
      <testcase name="Test Cases/Final Aug 2018 - PKS Automation/Registration Module/Critical Path/New Registration/Register ASSIST Only/Other - Local Authority" classname="Test Cases/Final Aug 2018 - PKS Automation/Registration Module/Critical Path/New Registration/Register ASSIST Only/Other - Local Authority" status="PASSED">
         <system-out><![CDATA[2018-12-12 16:50:19 - [TEST_CASE][PASSED] - Test Cases/Final Aug 2018 - PKS Automation/Registration Module/Critical Path/New Registration/Register ASSIST Only/Other - Local Authority: Test Cases/Final Aug 2018 - PKS Automation/Registration Module/Critical Path/New Registration/Register ASSIST Only/Other - Local Authority

2018-12-12 16:50:20 - [TEST_STEP][PASSED] - callTestCase: Call Test Case 'Test Cases/Final Aug 2018 - PKS Automation/Registration Module/New Registration/Form 1/Form 1 - Other - Local Authority' successfully

2018-12-12 16:50:20 - [TEST_CASE][PASSED] - Test Cases/Final Aug 2018 - PKS Automation/Registration Module/New Registration/Form 1/Form 1 - Other - Local Authority: Test Cases/Final Aug 2018 - PKS Automation/Registration Module/New Registration/Form 1/Form 1 - Other - Local Authority

2018-12-12 16:50:20 - [TEST_STEP][PASSED] - openBrowser: Browser is opened with url: ''

2018-12-12 16:50:20 - [MESSAGE][WARNING] - A browser is already opened. Closing browser and opening a new one

2018-12-12 16:50:23 - [MESSAGE][PASSED] - Browser is opened with url: ''

2018-12-12 16:50:23 - [TEST_STEP][PASSED] - navigateToUrl: Navigate to 'https://assist2-uat.perkeso.gov.my/login' successfully

2018-12-12 16:50:24 - [MESSAGE][PASSED] - Navigate to 'https://assist2-uat.perkeso.gov.my/login' successfully

2018-12-12 16:50:24 - [TEST_STEP][PASSED] - setText: Text 'johorotc1@gmail.com' is set on object 'Object Repository/Final Object Repo/Login Page/Internal User/Email Address'

2018-12-12 16:50:25 - [MESSAGE][PASSED] - Text 'johorotc1@gmail.com' is set on object 'Object Repository/Final Object Repo/Login Page/Internal User/Email Address'

2018-12-12 16:50:25 - [TEST_STEP][PASSED] - click: Object: 'Object Repository/Final Object Repo/Login Page/Internal User/Next Button' is clicked on

2018-12-12 16:50:25 - [MESSAGE][PASSED] - Object: 'Object Repository/Final Object Repo/Login Page/Internal User/Next Button' is clicked on

2018-12-12 16:50:25 - [TEST_STEP][PASSED] - delay: Delayed 1 second(s)

2018-12-12 16:50:26 - [MESSAGE][PASSED] - Delayed 1 second(s)

2018-12-12 16:50:26 - [TEST_STEP][PASSED] - setEncryptedText: Text ****** has been set on object 'Object Repository/Final Object Repo/Login Page/Internal User/Password'

2018-12-12 16:50:26 - [MESSAGE][PASSED] - Text ****** has been set on object 'Object Repository/Final Object Repo/Login Page/Internal User/Password'

2018-12-12 16:50:26 - [TEST_STEP][PASSED] - click: Object: 'Object Repository/Final Object Repo/Login Page/Internal User/Login Button' is clicked on

2018-12-12 16:50:26 - [MESSAGE][PASSED] - Object: 'Object Repository/Final Object Repo/Login Page/Internal User/Login Button' is clicked on

2018-12-12 16:50:26 - [TEST_STEP][PASSED] - delay: Delayed 1 second(s)

2018-12-12 16:50:27 - [MESSAGE][PASSED] - Delayed 1 second(s)

2018-12-12 16:50:27 - [TEST_STEP][PASSED] - Statement - Try: Delayed 2 second(s)

2018-12-12 16:50:27 - [TEST_STEP][PASSED] - Statement - Checker = false: null

2018-12-12 16:50:27 - [TEST_STEP][PASSED] - Statement - Checker = com.kms.katalon.core.webui.keyword.WebUiBuiltInKeywords.verifyElementHasAttribute(com.kms.katalon.core.testobject.ObjectRepository.findTestObject(Final Object Repo/Landing Page/BM Detecting), "href", 20, OPTIONAL): Object 'Object Repository/Final Object Repo/Landing Page/BM Detecting' has attribute 'href'

2018-12-12 16:50:28 - [MESSAGE][PASSED] - Object 'Object Repository/Final Object Repo/Landing Page/BM Detecting' has attribute 'href'

2018-12-12 16:50:28 - [TEST_STEP][PASSED] - Statement - out.println(Checker): null

2018-12-12 16:50:28 - [TEST_STEP][PASSED] - Statement - If (Checker == false): null

2018-12-12 16:50:28 - [TEST_STEP][PASSED] - Statement - Else: null

2018-12-12 16:50:28 - [TEST_STEP][PASSED] - delay: Delayed 2 second(s)

2018-12-12 16:50:30 - [MESSAGE][PASSED] - Delayed 2 second(s)

2018-12-12 16:50:30 - [TEST_STEP][PASSED] - navigateToUrl: Navigate to 'https://assist2-uat.perkeso.gov.my/web/registration/registration' successfully

2018-12-12 16:50:32 - [MESSAGE][PASSED] - Navigate to 'https://assist2-uat.perkeso.gov.my/web/registration/registration' successfully

2018-12-12 16:50:32 - [TEST_STEP][PASSED] - click: Object: 'Object Repository/Final Object Repo/New Registration - Registration Module Pages/Form 1/AEC - No' is clicked on

2018-12-12 16:50:33 - [MESSAGE][PASSED] - Object: 'Object Repository/Final Object Repo/New Registration - Registration Module Pages/Form 1/AEC - No' is clicked on

2018-12-12 16:50:33 - [TEST_STEP][PASSED] - click: Object: 'Object Repository/Final Object Repo/New Registration - Registration Module Pages/Form 1/Business Entity' is clicked on

2018-12-12 16:50:33 - [MESSAGE][PASSED] - Object: 'Object Repository/Final Object Repo/New Registration - Registration Module Pages/Form 1/Business Entity' is clicked on

2018-12-12 16:50:33 - [TEST_STEP][PASSED] - click: Object: 'Object Repository/Final Object Repo/New Registration - Registration Module Pages/Form 1/Business Entity - Other' is clicked on

2018-12-12 16:50:33 - [MESSAGE][PASSED] - Object: 'Object Repository/Final Object Repo/New Registration - Registration Module Pages/Form 1/Business Entity - Other' is clicked on

2018-12-12 16:50:33 - [TEST_STEP][PASSED] - delay: Delayed 1 second(s)

2018-12-12 16:50:34 - [MESSAGE][PASSED] - Delayed 1 second(s)

2018-12-12 16:50:34 - [TEST_STEP][PASSED] - click: Object: 'Object Repository/Final Object Repo/New Registration - Registration Module Pages/Form 1/Sub Business Entity' is clicked on

2018-12-12 16:50:34 - [MESSAGE][PASSED] - Object: 'Object Repository/Final Object Repo/New Registration - Registration Module Pages/Form 1/Sub Business Entity' is clicked on

2018-12-12 16:50:34 - [TEST_STEP][PASSED] - click: Object: 'Object Repository/Final Object Repo/New Registration - Registration Module Pages/Form 1/Sub Business Entity - Other/Sub Business Entity  - Local Authority' is clicked on

2018-12-12 16:50:34 - [MESSAGE][PASSED] - Object: 'Object Repository/Final Object Repo/New Registration - Registration Module Pages/Form 1/Sub Business Entity - Other/Sub Business Entity  - Local Authority' is clicked on

2018-12-12 16:50:34 - [TEST_STEP][PASSED] - delay: Delayed 1 second(s)

2018-12-12 16:50:35 - [MESSAGE][PASSED] - Delayed 1 second(s)

2018-12-12 16:50:35 - [TEST_STEP][PASSED] - click: Object: 'Object Repository/Final Object Repo/New Registration - Registration Module Pages/Form 1/Sub Business Entity List' is clicked on

2018-12-12 16:50:36 - [MESSAGE][PASSED] - Object: 'Object Repository/Final Object Repo/New Registration - Registration Module Pages/Form 1/Sub Business Entity List' is clicked on

2018-12-12 16:50:36 - [TEST_STEP][PASSED] - click: Object: 'Object Repository/Final Object Repo/New Registration - Registration Module Pages/Form 1/Sub Business Entity List - Other/Sub Business Entity List - Others - Local Authority - Perak' is clicked on

2018-12-12 16:50:36 - [MESSAGE][PASSED] - Object: 'Object Repository/Final Object Repo/New Registration - Registration Module Pages/Form 1/Sub Business Entity List - Other/Sub Business Entity List - Others - Local Authority - Perak' is clicked on

2018-12-12 16:50:36 - [TEST_STEP][PASSED] - delay: Delayed 1 second(s)

2018-12-12 16:50:37 - [MESSAGE][PASSED] - Delayed 1 second(s)

2018-12-12 16:50:37 - [TEST_STEP][NOT_RUN] - setText: NOT_RUN: setText

2018-12-12 16:50:37 - [MESSAGE][NOT_RUN] - NOT_RUN: setText

2018-12-12 16:50:37 - [TEST_STEP][NOT_RUN] - click: NOT_RUN: click

2018-12-12 16:50:37 - [MESSAGE][NOT_RUN] - NOT_RUN: click

2018-12-12 16:50:37 - [TEST_STEP][PASSED] - click: Object: 'Object Repository/Final Object Repo/New Registration - Registration Module Pages/Form 1/Registered As a Branch - Yes' is clicked on

2018-12-12 16:50:37 - [MESSAGE][PASSED] - Object: 'Object Repository/Final Object Repo/New Registration - Registration Module Pages/Form 1/Registered As a Branch - Yes' is clicked on

2018-12-12 16:50:37 - [TEST_STEP][PASSED] - delay: Delayed 1 second(s)

2018-12-12 16:50:38 - [MESSAGE][PASSED] - Delayed 1 second(s)

2018-12-12 16:50:38 - [TEST_STEP][NOT_RUN] - verifyElementNotClickable: NOT_RUN: verifyElementNotClickable

2018-12-12 16:50:38 - [MESSAGE][NOT_RUN] - NOT_RUN: verifyElementNotClickable

2018-12-12 16:50:38 - [TEST_STEP][PASSED] - verifyElementPresent: Object 'Object Repository/Final Object Repo/New Registration - Registration Module Pages/Form 1/Acknowledgement Disabled' is present

2018-12-12 16:50:38 - [MESSAGE][WARNING] - Timeout '0' is invalid. Using default page load timeout: '30'

2018-12-12 16:50:38 - [MESSAGE][PASSED] - Object 'Object Repository/Final Object Repo/New Registration - Registration Module Pages/Form 1/Acknowledgement Disabled' is present

2018-12-12 16:50:38 - [TEST_STEP][PASSED] - click: Object: 'Object Repository/Final Object Repo/New Registration - Registration Module Pages/Form 1/Industry Name Selection' is clicked on

2018-12-12 16:50:38 - [MESSAGE][PASSED] - Object: 'Object Repository/Final Object Repo/New Registration - Registration Module Pages/Form 1/Industry Name Selection' is clicked on

2018-12-12 16:50:38 - [TEST_STEP][PASSED] - click: Object: 'Object Repository/Final Object Repo/New Registration - Registration Module Pages/Form 1/Industry Name List - Other/Others - Local Authority - Perak - MAJLIS' is clicked on

2018-12-12 16:50:39 - [MESSAGE][PASSED] - Object: 'Object Repository/Final Object Repo/New Registration - Registration Module Pages/Form 1/Industry Name List - Other/Others - Local Authority - Perak - MAJLIS' is clicked on

2018-12-12 16:50:39 - [TEST_STEP][PASSED] - delay: Delayed 1 second(s)

2018-12-12 16:50:40 - [MESSAGE][PASSED] - Delayed 1 second(s)

2018-12-12 16:50:40 - [TEST_STEP][PASSED] - setText: Text 'perkeso1' is set on object 'Object Repository/Final Object Repo/New Registration - Registration Module Pages/Form 1/Postal Address1'

2018-12-12 16:50:40 - [MESSAGE][PASSED] - Text 'perkeso1' is set on object 'Object Repository/Final Object Repo/New Registration - Registration Module Pages/Form 1/Postal Address1'

2018-12-12 16:50:40 - [TEST_STEP][PASSED] - setText: Text 'perkeso2' is set on object 'Object Repository/Final Object Repo/New Registration - Registration Module Pages/Form 1/Postal Address2'

2018-12-12 16:50:40 - [MESSAGE][PASSED] - Text 'perkeso2' is set on object 'Object Repository/Final Object Repo/New Registration - Registration Module Pages/Form 1/Postal Address2'

2018-12-12 16:50:40 - [TEST_STEP][PASSED] - setText: Text 'perkeso3' is set on object 'Object Repository/Final Object Repo/New Registration - Registration Module Pages/Form 1/Postal Address3'

2018-12-12 16:50:41 - [MESSAGE][PASSED] - Text 'perkeso3' is set on object 'Object Repository/Final Object Repo/New Registration - Registration Module Pages/Form 1/Postal Address3'

2018-12-12 16:50:41 - [TEST_STEP][PASSED] - click: Object: 'Object Repository/Final Object Repo/New Registration - Registration Module Pages/Form 1/State' is clicked on

2018-12-12 16:50:41 - [MESSAGE][PASSED] - Object: 'Object Repository/Final Object Repo/New Registration - Registration Module Pages/Form 1/State' is clicked on

2018-12-12 16:50:41 - [TEST_STEP][PASSED] - click: Object: 'Object Repository/Final Object Repo/New Registration - Registration Module Pages/Form 1/State - Johor' is clicked on

2018-12-12 16:50:41 - [MESSAGE][PASSED] - Object: 'Object Repository/Final Object Repo/New Registration - Registration Module Pages/Form 1/State - Johor' is clicked on

2018-12-12 16:50:41 - [TEST_STEP][PASSED] - delay: Delayed 1 second(s)

2018-12-12 16:50:42 - [MESSAGE][PASSED] - Delayed 1 second(s)

2018-12-12 16:50:42 - [TEST_STEP][PASSED] - click: Object: 'Object Repository/Final Object Repo/New Registration - Registration Module Pages/Form 1/City' is clicked on

2018-12-12 16:50:42 - [MESSAGE][PASSED] - Object: 'Object Repository/Final Object Repo/New Registration - Registration Module Pages/Form 1/City' is clicked on

2018-12-12 16:50:42 - [TEST_STEP][PASSED] - setText: Text 'joh' is set on object 'Object Repository/Final Object Repo/New Registration - Registration Module Pages/Form 1/Postcode - 810'

2018-12-12 16:50:43 - [MESSAGE][PASSED] - Text 'joh' is set on object 'Object Repository/Final Object Repo/New Registration - Registration Module Pages/Form 1/Postcode - 810'

2018-12-12 16:50:43 - [TEST_STEP][PASSED] - delay: Delayed 1 second(s)

2018-12-12 16:50:44 - [MESSAGE][PASSED] - Delayed 1 second(s)

2018-12-12 16:50:44 - [TEST_STEP][PASSED] - click: Object: 'Object Repository/Final Object Repo/New Registration - Registration Module Pages/Form 1/City - Johor Bharu' is clicked on

2018-12-12 16:50:44 - [MESSAGE][PASSED] - Object: 'Object Repository/Final Object Repo/New Registration - Registration Module Pages/Form 1/City - Johor Bharu' is clicked on

2018-12-12 16:50:44 - [TEST_STEP][PASSED] - delay: Delayed 1 second(s)

2018-12-12 16:50:45 - [MESSAGE][PASSED] - Delayed 1 second(s)

2018-12-12 16:50:45 - [TEST_STEP][PASSED] - click: Object: 'Object Repository/Final Object Repo/New Registration - Registration Module Pages/Form 1/Postcode' is clicked on

2018-12-12 16:50:45 - [MESSAGE][PASSED] - Object: 'Object Repository/Final Object Repo/New Registration - Registration Module Pages/Form 1/Postcode' is clicked on

2018-12-12 16:50:45 - [TEST_STEP][PASSED] - delay: Delayed 1 second(s)

2018-12-12 16:50:46 - [MESSAGE][PASSED] - Delayed 1 second(s)

2018-12-12 16:50:46 - [TEST_STEP][PASSED] - setText: Text '810' is set on object 'Object Repository/Final Object Repo/New Registration - Registration Module Pages/Form 1/Postcode - 810'

2018-12-12 16:50:46 - [MESSAGE][PASSED] - Text '810' is set on object 'Object Repository/Final Object Repo/New Registration - Registration Module Pages/Form 1/Postcode - 810'

2018-12-12 16:50:46 - [TEST_STEP][PASSED] - delay: Delayed 1 second(s)

2018-12-12 16:50:47 - [MESSAGE][PASSED] - Delayed 1 second(s)

2018-12-12 16:50:47 - [TEST_STEP][PASSED] - click: Object: 'Object Repository/Final Object Repo/New Registration - Registration Module Pages/Form 1/Postcode - 81000' is clicked on

2018-12-12 16:50:47 - [MESSAGE][PASSED] - Object: 'Object Repository/Final Object Repo/New Registration - Registration Module Pages/Form 1/Postcode - 81000' is clicked on

2018-12-12 16:50:47 - [TEST_STEP][PASSED] - delay: Delayed 1 second(s)

2018-12-12 16:50:48 - [MESSAGE][PASSED] - Delayed 1 second(s)

2018-12-12 16:50:48 - [TEST_STEP][PASSED] - setText: Text '100' is set on object 'Object Repository/Final Object Repo/New Registration - Registration Module Pages/Form 1/P.O.BOX'

2018-12-12 16:50:49 - [MESSAGE][PASSED] - Text '100' is set on object 'Object Repository/Final Object Repo/New Registration - Registration Module Pages/Form 1/P.O.BOX'

2018-12-12 16:50:49 - [TEST_STEP][PASSED] - setText: Text '100' is set on object 'Object Repository/Final Object Repo/New Registration - Registration Module Pages/Form 1/Locked Bag No'

2018-12-12 16:50:49 - [MESSAGE][PASSED] - Text '100' is set on object 'Object Repository/Final Object Repo/New Registration - Registration Module Pages/Form 1/Locked Bag No'

2018-12-12 16:50:49 - [TEST_STEP][PASSED] - click: Object: 'Object Repository/Final Object Repo/New Registration - Registration Module Pages/Form 1/SOCSO Office Location' is clicked on

2018-12-12 16:50:49 - [MESSAGE][PASSED] - Object: 'Object Repository/Final Object Repo/New Registration - Registration Module Pages/Form 1/SOCSO Office Location' is clicked on

2018-12-12 16:50:49 - [TEST_STEP][PASSED] - click: Object: 'Object Repository/Final Object Repo/New Registration - Registration Module Pages/Form 1/SOCSO Office Location - Pejabat PERKESO Negeri Johor' is clicked on

2018-12-12 16:50:49 - [MESSAGE][PASSED] - Object: 'Object Repository/Final Object Repo/New Registration - Registration Module Pages/Form 1/SOCSO Office Location - Pejabat PERKESO Negeri Johor' is clicked on

2018-12-12 16:50:49 - [TEST_STEP][PASSED] - delay: Delayed 1 second(s)

2018-12-12 16:50:50 - [MESSAGE][PASSED] - Delayed 1 second(s)

2018-12-12 16:50:50 - [TEST_STEP][PASSED] - check: Object 'Object Repository/Final Object Repo/New Registration - Registration Module Pages/Form 1/Indusrty Address Same As Postal Address' is checked

2018-12-12 16:50:51 - [MESSAGE][PASSED] - Object 'Object Repository/Final Object Repo/New Registration - Registration Module Pages/Form 1/Indusrty Address Same As Postal Address' is checked

2018-12-12 16:50:51 - [TEST_STEP][PASSED] - delay: Delayed 3 second(s)

2018-12-12 16:50:54 - [MESSAGE][PASSED] - Delayed 3 second(s)

2018-12-12 16:50:54 - [TEST_STEP][PASSED] - click: Object: 'Object Repository/Final Object Repo/New Registration - Registration Module Pages/Form 1/Indusry Address Same As Postal Address False' is clicked on

2018-12-12 16:50:54 - [MESSAGE][PASSED] - Object: 'Object Repository/Final Object Repo/New Registration - Registration Module Pages/Form 1/Indusry Address Same As Postal Address False' is clicked on

2018-12-12 16:50:54 - [TEST_STEP][PASSED] - delay: Delayed 1 second(s)

2018-12-12 16:50:55 - [MESSAGE][PASSED] - Delayed 1 second(s)

2018-12-12 16:50:55 - [TEST_STEP][PASSED] - setText: Text 'perkeso1' is set on object 'Object Repository/Final Object Repo/New Registration - Registration Module Pages/Form 1/Industry Address1'

2018-12-12 16:50:55 - [MESSAGE][PASSED] - Text 'perkeso1' is set on object 'Object Repository/Final Object Repo/New Registration - Registration Module Pages/Form 1/Industry Address1'

2018-12-12 16:50:55 - [TEST_STEP][PASSED] - setText: Text 'perkeso2' is set on object 'Object Repository/Final Object Repo/New Registration - Registration Module Pages/Form 1/Industry Address2'

2018-12-12 16:50:56 - [MESSAGE][PASSED] - Text 'perkeso2' is set on object 'Object Repository/Final Object Repo/New Registration - Registration Module Pages/Form 1/Industry Address2'

2018-12-12 16:50:56 - [TEST_STEP][PASSED] - setText: Text 'perkeso3' is set on object 'Object Repository/Final Object Repo/New Registration - Registration Module Pages/Form 1/Industry Address3'

2018-12-12 16:50:56 - [MESSAGE][PASSED] - Text 'perkeso3' is set on object 'Object Repository/Final Object Repo/New Registration - Registration Module Pages/Form 1/Industry Address3'

2018-12-12 16:50:56 - [TEST_STEP][PASSED] - click: Object: 'Object Repository/Final Object Repo/New Registration - Registration Module Pages/Form 1/Industry State' is clicked on

2018-12-12 16:50:56 - [MESSAGE][PASSED] - Object: 'Object Repository/Final Object Repo/New Registration - Registration Module Pages/Form 1/Industry State' is clicked on

2018-12-12 16:50:56 - [TEST_STEP][PASSED] - delay: Delayed 2 second(s)

2018-12-12 16:50:58 - [MESSAGE][PASSED] - Delayed 2 second(s)

2018-12-12 16:50:58 - [TEST_STEP][PASSED] - click: Object: 'Object Repository/Final Object Repo/New Registration - Registration Module Pages/Form 1/Industry State - Johor' is clicked on

2018-12-12 16:50:58 - [MESSAGE][PASSED] - Object: 'Object Repository/Final Object Repo/New Registration - Registration Module Pages/Form 1/Industry State - Johor' is clicked on

2018-12-12 16:50:58 - [TEST_STEP][PASSED] - delay: Delayed 2 second(s)

2018-12-12 16:51:00 - [MESSAGE][PASSED] - Delayed 2 second(s)

2018-12-12 16:51:00 - [TEST_STEP][PASSED] - click: Object: 'Object Repository/Final Object Repo/New Registration - Registration Module Pages/Form 1/Industry Ciry' is clicked on

2018-12-12 16:51:01 - [MESSAGE][PASSED] - Object: 'Object Repository/Final Object Repo/New Registration - Registration Module Pages/Form 1/Industry Ciry' is clicked on

2018-12-12 16:51:01 - [TEST_STEP][PASSED] - setText: Text 'joh' is set on object 'Object Repository/Final Object Repo/New Registration - Registration Module Pages/Form 1/Industry Ciry - joh'

2018-12-12 16:51:01 - [MESSAGE][PASSED] - Text 'joh' is set on object 'Object Repository/Final Object Repo/New Registration - Registration Module Pages/Form 1/Industry Ciry - joh'

2018-12-12 16:51:01 - [TEST_STEP][PASSED] - delay: Delayed 2 second(s)

2018-12-12 16:51:03 - [MESSAGE][PASSED] - Delayed 2 second(s)

2018-12-12 16:51:03 - [TEST_STEP][PASSED] - click: Object: 'Object Repository/Final Object Repo/New Registration - Registration Module Pages/Form 1/Industy State - Johor Bharu' is clicked on

2018-12-12 16:51:03 - [MESSAGE][PASSED] - Object: 'Object Repository/Final Object Repo/New Registration - Registration Module Pages/Form 1/Industy State - Johor Bharu' is clicked on

2018-12-12 16:51:03 - [TEST_STEP][PASSED] - delay: Delayed 2 second(s)

2018-12-12 16:51:05 - [MESSAGE][PASSED] - Delayed 2 second(s)

2018-12-12 16:51:05 - [TEST_STEP][PASSED] - click: Object: 'Object Repository/Final Object Repo/New Registration - Registration Module Pages/Form 1/Indusry PostCode' is clicked on

2018-12-12 16:51:05 - [MESSAGE][PASSED] - Object: 'Object Repository/Final Object Repo/New Registration - Registration Module Pages/Form 1/Indusry PostCode' is clicked on

2018-12-12 16:51:05 - [TEST_STEP][PASSED] - delay: Delayed 2 second(s)

2018-12-12 16:51:07 - [MESSAGE][PASSED] - Delayed 2 second(s)

2018-12-12 16:51:07 - [TEST_STEP][PASSED] - setText: Text '810' is set on object 'Object Repository/Final Object Repo/New Registration - Registration Module Pages/Form 1/Insutry Post Code - 810'

2018-12-12 16:51:07 - [MESSAGE][PASSED] - Text '810' is set on object 'Object Repository/Final Object Repo/New Registration - Registration Module Pages/Form 1/Insutry Post Code - 810'

2018-12-12 16:51:07 - [TEST_STEP][PASSED] - delay: Delayed 1 second(s)

2018-12-12 16:51:08 - [MESSAGE][PASSED] - Delayed 1 second(s)

2018-12-12 16:51:08 - [TEST_STEP][PASSED] - click: Object: 'Object Repository/Final Object Repo/New Registration - Registration Module Pages/Form 1/Insutry Post Code - 81000' is clicked on

2018-12-12 16:51:09 - [MESSAGE][PASSED] - Object: 'Object Repository/Final Object Repo/New Registration - Registration Module Pages/Form 1/Insutry Post Code - 81000' is clicked on

2018-12-12 16:51:09 - [TEST_STEP][PASSED] - delay: Delayed 1 second(s)

2018-12-12 16:51:10 - [MESSAGE][PASSED] - Delayed 1 second(s)

2018-12-12 16:51:10 - [TEST_STEP][PASSED] - setText: Text '100' is set on object 'Object Repository/Final Object Repo/New Registration - Registration Module Pages/Form 1/Industry P.O.BOX'

2018-12-12 16:51:10 - [MESSAGE][PASSED] - Text '100' is set on object 'Object Repository/Final Object Repo/New Registration - Registration Module Pages/Form 1/Industry P.O.BOX'

2018-12-12 16:51:10 - [TEST_STEP][PASSED] - setText: Text '100' is set on object 'Object Repository/Final Object Repo/New Registration - Registration Module Pages/Form 1/Industry Locked Bag No'

2018-12-12 16:51:10 - [MESSAGE][PASSED] - Text '100' is set on object 'Object Repository/Final Object Repo/New Registration - Registration Module Pages/Form 1/Industry Locked Bag No'

2018-12-12 16:51:10 - [TEST_STEP][PASSED] - setText: Text '123456789' is set on object 'Object Repository/Final Object Repo/New Registration - Registration Module Pages/Form 1/Telephone No'

2018-12-12 16:51:11 - [MESSAGE][PASSED] - Text '123456789' is set on object 'Object Repository/Final Object Repo/New Registration - Registration Module Pages/Form 1/Telephone No'

2018-12-12 16:51:11 - [TEST_STEP][PASSED] - setText: Text '123456789' is set on object 'Object Repository/Final Object Repo/New Registration - Registration Module Pages/Form 1/Mobile No'

2018-12-12 16:51:11 - [MESSAGE][PASSED] - Text '123456789' is set on object 'Object Repository/Final Object Repo/New Registration - Registration Module Pages/Form 1/Mobile No'

2018-12-12 16:51:11 - [TEST_STEP][PASSED] - setText: Text '123456789' is set on object 'Object Repository/Final Object Repo/New Registration - Registration Module Pages/Form 1/Fax No'

2018-12-12 16:51:11 - [MESSAGE][PASSED] - Text '123456789' is set on object 'Object Repository/Final Object Repo/New Registration - Registration Module Pages/Form 1/Fax No'

2018-12-12 16:51:11 - [TEST_STEP][PASSED] - click: Object: 'Object Repository/Final Object Repo/New Registration - Registration Module Pages/Form 1/Industry Code' is clicked on

2018-12-12 16:51:12 - [MESSAGE][PASSED] - Object: 'Object Repository/Final Object Repo/New Registration - Registration Module Pages/Form 1/Industry Code' is clicked on

2018-12-12 16:51:12 - [TEST_STEP][PASSED] - click: Object: 'Object Repository/Final Object Repo/New Registration - Registration Module Pages/Form 1/Indudustry Code - Crops and Animal' is clicked on

2018-12-12 16:51:12 - [MESSAGE][PASSED] - Object: 'Object Repository/Final Object Repo/New Registration - Registration Module Pages/Form 1/Indudustry Code - Crops and Animal' is clicked on

2018-12-12 16:51:12 - [TEST_STEP][PASSED] - delay: Delayed 1 second(s)

2018-12-12 16:51:13 - [MESSAGE][PASSED] - Delayed 1 second(s)

2018-12-12 16:51:13 - [TEST_STEP][PASSED] - click: Object: 'Object Repository/Final Object Repo/New Registration - Registration Module Pages/Form 1/Sub Industry Code List' is clicked on

2018-12-12 16:51:13 - [MESSAGE][PASSED] - Object: 'Object Repository/Final Object Repo/New Registration - Registration Module Pages/Form 1/Sub Industry Code List' is clicked on

2018-12-12 16:51:13 - [TEST_STEP][PASSED] - click: Object: 'Object Repository/Final Object Repo/New Registration - Registration Module Pages/Form 1/Sub Industry Code List - Growing of Maize' is clicked on

2018-12-12 16:51:13 - [MESSAGE][PASSED] - Object: 'Object Repository/Final Object Repo/New Registration - Registration Module Pages/Form 1/Sub Industry Code List - Growing of Maize' is clicked on

2018-12-12 16:51:13 - [TEST_STEP][PASSED] - setText: Text 'perkeso123@gmail.com' is set on object 'Object Repository/Final Object Repo/New Registration - Registration Module Pages/Form 1/Email'

2018-12-12 16:51:14 - [MESSAGE][PASSED] - Text 'perkeso123@gmail.com' is set on object 'Object Repository/Final Object Repo/New Registration - Registration Module Pages/Form 1/Email'

2018-12-12 16:51:14 - [TEST_STEP][PASSED] - click: Object: 'Object Repository/Final Object Repo/New Registration - Registration Module Pages/Form 1/Method of Contribution Payment' is clicked on

2018-12-12 16:51:14 - [MESSAGE][PASSED] - Object: 'Object Repository/Final Object Repo/New Registration - Registration Module Pages/Form 1/Method of Contribution Payment' is clicked on

2018-12-12 16:51:14 - [TEST_STEP][PASSED] - click: Object: 'Object Repository/Final Object Repo/New Registration - Registration Module Pages/Form 1/Method of Contribution Payment - Portal' is clicked on

2018-12-12 16:51:14 - [MESSAGE][PASSED] - Object: 'Object Repository/Final Object Repo/New Registration - Registration Module Pages/Form 1/Method of Contribution Payment - Portal' is clicked on

2018-12-12 16:51:14 - [TEST_STEP][PASSED] - click: Object: 'Object Repository/Final Object Repo/New Registration - Registration Module Pages/Form 1/Servide Type' is clicked on

2018-12-12 16:51:15 - [MESSAGE][PASSED] - Object: 'Object Repository/Final Object Repo/New Registration - Registration Module Pages/Form 1/Servide Type' is clicked on

2018-12-12 16:51:15 - [TEST_STEP][PASSED] - click: Object: 'Object Repository/Final Object Repo/New Registration - Registration Module Pages/Form 1/Servide Type - Professional Bodies' is clicked on

2018-12-12 16:51:15 - [MESSAGE][PASSED] - Object: 'Object Repository/Final Object Repo/New Registration - Registration Module Pages/Form 1/Servide Type - Professional Bodies' is clicked on

2018-12-12 16:51:15 - [TEST_STEP][PASSED] - click: Object: 'Object Repository/Final Object Repo/New Registration - Registration Module Pages/Form 1/Industry Venue' is clicked on

2018-12-12 16:51:15 - [MESSAGE][PASSED] - Object: 'Object Repository/Final Object Repo/New Registration - Registration Module Pages/Form 1/Industry Venue' is clicked on

2018-12-12 16:51:15 - [TEST_STEP][PASSED] - click: Object: 'Object Repository/Final Object Repo/New Registration - Registration Module Pages/Form 1/Industry Venue -  PPN JOHOR' is clicked on

2018-12-12 16:51:15 - [MESSAGE][PASSED] - Object: 'Object Repository/Final Object Repo/New Registration - Registration Module Pages/Form 1/Industry Venue -  PPN JOHOR' is clicked on

2018-12-12 16:51:15 - [TEST_STEP][PASSED] - click: Object: 'Object Repository/Final Object Repo/New Registration - Registration Module Pages/Form 1/Save  Continue' is clicked on

2018-12-12 16:51:16 - [MESSAGE][PASSED] - Object: 'Object Repository/Final Object Repo/New Registration - Registration Module Pages/Form 1/Save  Continue' is clicked on

2018-12-12 16:51:16 - [MESSAGE][PASSED] - Call Test Case 'Test Cases/Final Aug 2018 - PKS Automation/Registration Module/New Registration/Form 1/Form 1 - Other - Local Authority' successfully

2018-12-12 16:51:16 - [TEST_STEP][PASSED] - callTestCase: Call Test Case 'Test Cases/Final Aug 2018 - PKS Automation/Registration Module/New Registration/Form 2/Add 2 Not Eligible - No 3rd Screen' successfully

2018-12-12 16:51:16 - [TEST_CASE][PASSED] - Test Cases/Final Aug 2018 - PKS Automation/Registration Module/New Registration/Form 2/Add 2 Not Eligible - No 3rd Screen: Test Cases/Final Aug 2018 - PKS Automation/Registration Module/New Registration/Form 2/Add 2 Not Eligible - No 3rd Screen

2018-12-12 16:51:16 - [TEST_STEP][PASSED] - delay: Delayed 2 second(s)

2018-12-12 16:51:18 - [MESSAGE][PASSED] - Delayed 2 second(s)

2018-12-12 16:51:18 - [TEST_STEP][PASSED] - callTestCase: Call Test Case 'Test Cases/Final Aug 2018 - PKS Automation/Registration Module/New Registration/Form 2/Date Updater' successfully

2018-12-12 16:51:18 - [TEST_CASE][PASSED] - Test Cases/Final Aug 2018 - PKS Automation/Registration Module/New Registration/Form 2/Date Updater: Test Cases/Final Aug 2018 - PKS Automation/Registration Module/New Registration/Form 2/Date Updater

2018-12-12 16:51:18 - [TEST_STEP][PASSED] - Statement - TodayDate = new java.util.Date(): null

2018-12-12 16:51:18 - [TEST_STEP][PASSED] - Statement - CurrentDateNoFilter = new java.text.SimpleDateFormat(): null

2018-12-12 16:51:18 - [TEST_STEP][PASSED] - Statement - CurrentDateNoFilter.applyPattern("MM"): null

2018-12-12 16:51:18 - [TEST_STEP][PASSED] - Statement - monthContainerMatcher = java.lang.Integer.parseInt(CurrentDateNoFilter.format(TodayDate)): null

2018-12-12 16:51:18 - [TEST_STEP][PASSED] - Statement - monthContainerMatcher = monthContainerMatcher - 1: null

2018-12-12 16:51:18 - [TEST_STEP][PASSED] - Statement - CurrentMonth = monthContainerMatcher.toString(): null

2018-12-12 16:51:18 - [TEST_STEP][PASSED] - Statement - CurrentMonth = CurrentMonth: null

2018-12-12 16:51:18 - [TEST_STEP][PASSED] - Statement - CurrentDateNoFilter.applyPattern("yyyy"): null

2018-12-12 16:51:18 - [TEST_STEP][PASSED] - Statement - CurrentYear = CurrentDateNoFilter.format(TodayDate): null

2018-12-12 16:51:18 - [TEST_STEP][PASSED] - Statement - CurrentYear = CurrentYear: null

2018-12-12 16:51:18 - [TEST_STEP][PASSED] - Statement - intCurrentYear = java.lang.Integer.parseInt(CurrentDateNoFilter.format(TodayDate)): null

2018-12-12 16:51:18 - [TEST_STEP][PASSED] - Statement - eighteenYrsAgo = intCurrentYear - 18: null

2018-12-12 16:51:18 - [TEST_STEP][PASSED] - Statement - eighteenYrsBeforeThisYr = eighteenYrsAgo.toString(): null

2018-12-12 16:51:18 - [TEST_STEP][PASSED] - Statement - EighteenYrsBefore = eighteenYrsBeforeThisYr: null

2018-12-12 16:51:18 - [TEST_STEP][PASSED] - Statement - fiftysevenYrsAgo = intCurrentYear - 57: null

2018-12-12 16:51:18 - [TEST_STEP][PASSED] - Statement - fiftysevenYrsBeforeThisYr = fiftysevenYrsAgo.toString(): null

2018-12-12 16:51:18 - [TEST_STEP][PASSED] - Statement - FiftysevenYrsBefore = fiftysevenYrsBeforeThisYr: null

2018-12-12 16:51:18 - [TEST_STEP][PASSED] - Statement - leapYear = false: null

2018-12-12 16:51:18 - [TEST_STEP][PASSED] - Statement - leapYear = intCurrentYear % 4 == 0: null

2018-12-12 16:51:18 - [TEST_STEP][PASSED] - Statement - CurrentDateNoFilter.applyPattern("dd"): null

2018-12-12 16:51:18 - [TEST_STEP][PASSED] - Statement - CurrentDate = CurrentDateNoFilter.format(TodayDate): null

2018-12-12 16:51:18 - [TEST_STEP][PASSED] - Statement - CurrentDate = java.lang.Integer.parseInt(CurrentDate): null

2018-12-12 16:51:18 - [TEST_STEP][PASSED] - Statement - CurrentDate = CurrentDate: null

2018-12-12 16:51:18 - [TEST_STEP][PASSED] - Statement - CurrentDay = java.lang.Integer.parseInt(CurrentDate): null

2018-12-12 16:51:18 - [TEST_STEP][PASSED] - Statement - ConfAdder = <not implemented yet for class: org.codehaus.groovy.ast.expr.EmptyExpression>: null

2018-12-12 16:51:18 - [TEST_STEP][PASSED] - Statement - out.println(CurrentMonth): null

2018-12-12 16:51:18 - [TEST_STEP][PASSED] - Statement - out.println(CurrentDate): null

2018-12-12 16:51:18 - [TEST_STEP][PASSED] - Statement - switch (CurrentDate): null

2018-12-12 16:51:18 - [TEST_STEP][PASSED] - Statement - Default: null

2018-12-12 16:51:18 - [TEST_STEP][PASSED] - Statement - ConfAdder = true: null

2018-12-12 16:51:18 - [TEST_STEP][PASSED] - Statement - Break: null

2018-12-12 16:51:18 - [TEST_STEP][PASSED] - Statement - aDayBefore = <not implemented yet for class: org.codehaus.groovy.ast.expr.EmptyExpression>: null

2018-12-12 16:51:18 - [TEST_STEP][PASSED] - Statement - out.println(ConfAdder): null

2018-12-12 16:51:18 - [TEST_STEP][PASSED] - Statement - If (ConfAdder == true): null

2018-12-12 16:51:18 - [TEST_STEP][PASSED] - Statement - aDayBefore = CurrentDay + 1: null

2018-12-12 16:51:18 - [TEST_STEP][PASSED] - Statement - out.println(aDayBefore): null

2018-12-12 16:51:18 - [TEST_STEP][PASSED] - Statement - If (aDayBefore == 1 && CurrentMonth == 11): null

2018-12-12 16:51:18 - [TEST_STEP][PASSED] - Statement - DayBefore = aDayBefore.toString(): null

2018-12-12 16:51:18 - [TEST_STEP][PASSED] - Statement - OneDayBefore = DayBefore: null

2018-12-12 16:51:18 - [MESSAGE][PASSED] - Call Test Case 'Test Cases/Final Aug 2018 - PKS Automation/Registration Module/New Registration/Form 2/Date Updater' successfully

2018-12-12 16:51:18 - [TEST_STEP][PASSED] - Statement - CaseReferenceNo = com.kms.katalon.core.webui.keyword.WebUiBuiltInKeywords.getText(com.kms.katalon.core.testobject.ObjectRepository.findTestObject(Final Object Repo/New Registration - Registration Module Pages/Form 2/RefNo Acquiring)): Text of object 'Object Repository/Final Object Repo/New Registration - Registration Module Pages/Form 2/RefNo Acquiring' is: 'CRN12201800123218'

2018-12-12 16:51:18 - [MESSAGE][PASSED] - Text of object 'Object Repository/Final Object Repo/New Registration - Registration Module Pages/Form 2/RefNo Acquiring' is: 'CRN12201800123218'

2018-12-12 16:51:18 - [TEST_STEP][PASSED] - delay: Delayed 6 second(s)

2018-12-12 16:51:24 - [MESSAGE][PASSED] - Delayed 6 second(s)

2018-12-12 16:51:24 - [TEST_STEP][PASSED] - click: Object: 'Object Repository/Final Object Repo/New Registration - Registration Module Pages/Form 2/Add Employee Button' is clicked on

2018-12-12 16:51:24 - [MESSAGE][PASSED] - Object: 'Object Repository/Final Object Repo/New Registration - Registration Module Pages/Form 2/Add Employee Button' is clicked on

2018-12-12 16:51:24 - [TEST_STEP][PASSED] - delay: Delayed 4 second(s)

2018-12-12 16:51:28 - [MESSAGE][PASSED] - Delayed 4 second(s)

2018-12-12 16:51:28 - [TEST_STEP][PASSED] - setText: Text '000209039189' is set on object 'Object Repository/Final Object Repo/New Registration - Registration Module Pages/Form 2/NRIC Input'

2018-12-12 16:51:28 - [MESSAGE][PASSED] - Text '000209039189' is set on object 'Object Repository/Final Object Repo/New Registration - Registration Module Pages/Form 2/NRIC Input'

2018-12-12 16:51:28 - [TEST_STEP][PASSED] - click: Object: 'Object Repository/Final Object Repo/New Registration - Registration Module Pages/Form 2/button for search for IC' is clicked on

2018-12-12 16:51:29 - [MESSAGE][PASSED] - Object: 'Object Repository/Final Object Repo/New Registration - Registration Module Pages/Form 2/button for search for IC' is clicked on

2018-12-12 16:51:29 - [TEST_STEP][PASSED] - delay: Delayed 2 second(s)

2018-12-12 16:51:31 - [MESSAGE][PASSED] - Delayed 2 second(s)

2018-12-12 16:51:31 - [TEST_STEP][PASSED] - setText: Text 'Automate001 not eligible 1' is set on object 'Object Repository/Final Object Repo/New Registration - Registration Module Pages/Form 2/Employee Name Input'

2018-12-12 16:51:31 - [MESSAGE][PASSED] - Text 'Automate001 not eligible 1' is set on object 'Object Repository/Final Object Repo/New Registration - Registration Module Pages/Form 2/Employee Name Input'

2018-12-12 16:51:31 - [TEST_STEP][PASSED] - delay: Delayed 2 second(s)

2018-12-12 16:51:33 - [MESSAGE][PASSED] - Delayed 2 second(s)

2018-12-12 16:51:33 - [TEST_STEP][PASSED] - click: Object: 'Object Repository/Final Object Repo/New Registration - Registration Module Pages/Form 2/DatePicker Pop Up' is clicked on

2018-12-12 16:51:34 - [MESSAGE][PASSED] - Object: 'Object Repository/Final Object Repo/New Registration - Registration Module Pages/Form 2/DatePicker Pop Up' is clicked on

2018-12-12 16:51:34 - [TEST_STEP][PASSED] - click: Object: 'Object Repository/Final Object Repo/New Registration - Registration Module Pages/Form 2/DOB Month' is clicked on

2018-12-12 16:51:34 - [MESSAGE][PASSED] - Object: 'Object Repository/Final Object Repo/New Registration - Registration Module Pages/Form 2/DOB Month' is clicked on

2018-12-12 16:51:34 - [TEST_STEP][PASSED] - Statement - CurrentMonth = CurrentMonth: null

2018-12-12 16:51:34 - [TEST_STEP][PASSED] - Statement - selectMonth = new com.kms.katalon.core.testobject.TestObject(): null

2018-12-12 16:51:34 - [TEST_STEP][PASSED] - Statement - selectMonth.addProperty("xpath", EQUALS, "//body/div/div/div/select/option[@value='" + CurrentMonth + "']", true): null

2018-12-12 16:51:34 - [TEST_STEP][PASSED] - click: Object: '' is clicked on

2018-12-12 16:51:34 - [MESSAGE][PASSED] - Object: '' is clicked on

2018-12-12 16:51:34 - [TEST_STEP][PASSED] - delay: Delayed 2 second(s)

2018-12-12 16:51:36 - [MESSAGE][PASSED] - Delayed 2 second(s)

2018-12-12 16:51:36 - [TEST_STEP][PASSED] - click: Object: 'Object Repository/Final Object Repo/New Registration - Registration Module Pages/Form 2/DOB Year' is clicked on

2018-12-12 16:51:36 - [MESSAGE][PASSED] - Object: 'Object Repository/Final Object Repo/New Registration - Registration Module Pages/Form 2/DOB Year' is clicked on

2018-12-12 16:51:36 - [TEST_STEP][PASSED] - Statement - Eyearsbf = EighteenYrsBefore: null

2018-12-12 16:51:36 - [TEST_STEP][PASSED] - Statement - selectYear = new com.kms.katalon.core.testobject.TestObject(): null

2018-12-12 16:51:36 - [TEST_STEP][PASSED] - Statement - selectYear.addProperty("xpath", EQUALS, "//div/div/div/select/option[@value='" + Eyearsbf + "']", true): null

2018-12-12 16:51:36 - [TEST_STEP][PASSED] - click: Object: '' is clicked on

2018-12-12 16:51:36 - [MESSAGE][PASSED] - Object: '' is clicked on

2018-12-12 16:51:36 - [TEST_STEP][PASSED] - delay: Delayed 3 second(s)

2018-12-12 16:51:39 - [MESSAGE][PASSED] - Delayed 3 second(s)

2018-12-12 16:51:39 - [TEST_STEP][PASSED] - Statement - UpdatedSelectDate = com.kms.katalon.core.webui.keyword.WebUiBuiltInKeywords.modifyObjectProperty(com.kms.katalon.core.testobject.ObjectRepository.findTestObject(Final Object Repo/New Registration - Registration Module Pages/Form 2/DOB Date), "xpath", "equals", "//body/div/table/tbody/tr/td/a[text()="" + OneDayBefore + ""]", true): Modify property of object successfully

2018-12-12 16:51:39 - [MESSAGE][PASSED] - Modify property of object successfully

2018-12-12 16:51:39 - [TEST_STEP][PASSED] - delay: Delayed 3 second(s)

2018-12-12 16:51:42 - [MESSAGE][PASSED] - Delayed 3 second(s)

2018-12-12 16:51:42 - [TEST_STEP][PASSED] - click: Object: 'Object Repository/Final Object Repo/New Registration - Registration Module Pages/Form 2/DOB Date' is clicked on

2018-12-12 16:51:43 - [MESSAGE][PASSED] - Object: 'Object Repository/Final Object Repo/New Registration - Registration Module Pages/Form 2/DOB Date' is clicked on

2018-12-12 16:51:43 - [TEST_STEP][PASSED] - delay: Delayed 2 second(s)

2018-12-12 16:51:45 - [MESSAGE][PASSED] - Delayed 2 second(s)

2018-12-12 16:51:45 - [TEST_STEP][PASSED] - click: Object: 'Object Repository/Final Object Repo/New Registration - Registration Module Pages/Form 2/EmploymentStartDate Pop Up' is clicked on

2018-12-12 16:51:45 - [MESSAGE][PASSED] - Object: 'Object Repository/Final Object Repo/New Registration - Registration Module Pages/Form 2/EmploymentStartDate Pop Up' is clicked on

2018-12-12 16:51:45 - [TEST_STEP][PASSED] - delay: Delayed 2 second(s)

2018-12-12 16:51:47 - [MESSAGE][PASSED] - Delayed 2 second(s)

2018-12-12 16:51:47 - [TEST_STEP][PASSED] - click: Object: 'Object Repository/Final Object Repo/New Registration - Registration Module Pages/Form 2/Socso Employment StartDate Month' is clicked on

2018-12-12 16:51:47 - [MESSAGE][PASSED] - Object: 'Object Repository/Final Object Repo/New Registration - Registration Module Pages/Form 2/Socso Employment StartDate Month' is clicked on

2018-12-12 16:51:47 - [TEST_STEP][PASSED] - delay: Delayed 1 second(s)

2018-12-12 16:51:48 - [MESSAGE][PASSED] - Delayed 1 second(s)

2018-12-12 16:51:48 - [TEST_STEP][PASSED] - click: Object: 'Object Repository/Final Object Repo/New Registration - Registration Module Pages/Form 2/Select Socso Employement Startdate Month' is clicked on

2018-12-12 16:51:48 - [MESSAGE][PASSED] - Object: 'Object Repository/Final Object Repo/New Registration - Registration Module Pages/Form 2/Select Socso Employement Startdate Month' is clicked on

2018-12-12 16:51:48 - [TEST_STEP][PASSED] - delay: Delayed 2 second(s)

2018-12-12 16:51:50 - [MESSAGE][PASSED] - Delayed 2 second(s)

2018-12-12 16:51:50 - [TEST_STEP][PASSED] - click: Object: 'Object Repository/Final Object Repo/New Registration - Registration Module Pages/Form 2/Socso Employment StartDate Year' is clicked on

2018-12-12 16:51:50 - [MESSAGE][PASSED] - Object: 'Object Repository/Final Object Repo/New Registration - Registration Module Pages/Form 2/Socso Employment StartDate Year' is clicked on

2018-12-12 16:51:50 - [TEST_STEP][PASSED] - delay: Delayed 1 second(s)

2018-12-12 16:51:51 - [MESSAGE][PASSED] - Delayed 1 second(s)

2018-12-12 16:51:51 - [TEST_STEP][PASSED] - click: Object: 'Object Repository/Final Object Repo/New Registration - Registration Module Pages/Form 2/Select Socso Employment Startdate Year' is clicked on

2018-12-12 16:51:51 - [MESSAGE][PASSED] - Object: 'Object Repository/Final Object Repo/New Registration - Registration Module Pages/Form 2/Select Socso Employment Startdate Year' is clicked on

2018-12-12 16:51:51 - [TEST_STEP][PASSED] - delay: Delayed 2 second(s)

2018-12-12 16:51:53 - [MESSAGE][PASSED] - Delayed 2 second(s)

2018-12-12 16:51:53 - [TEST_STEP][PASSED] - click: Object: 'Object Repository/Final Object Repo/New Registration - Registration Module Pages/Form 2/Socso Employment Start Date Day' is clicked on

2018-12-12 16:51:54 - [MESSAGE][PASSED] - Object: 'Object Repository/Final Object Repo/New Registration - Registration Module Pages/Form 2/Socso Employment Start Date Day' is clicked on

2018-12-12 16:51:54 - [TEST_STEP][PASSED] - delay: Delayed 2 second(s)

2018-12-12 16:51:56 - [MESSAGE][PASSED] - Delayed 2 second(s)

2018-12-12 16:51:56 - [TEST_STEP][PASSED] - click: Object: 'Object Repository/Final Object Repo/New Registration - Registration Module Pages/Form 2/Save Button for Add Employee' is clicked on

2018-12-12 16:51:56 - [MESSAGE][PASSED] - Object: 'Object Repository/Final Object Repo/New Registration - Registration Module Pages/Form 2/Save Button for Add Employee' is clicked on

2018-12-12 16:51:56 - [TEST_STEP][PASSED] - delay: Delayed 6 second(s)

2018-12-12 16:52:02 - [MESSAGE][PASSED] - Delayed 6 second(s)

2018-12-12 16:52:02 - [TEST_STEP][PASSED] - click: Object: 'Object Repository/Final Object Repo/New Registration - Registration Module Pages/Form 2/Add Employee Button' is clicked on

2018-12-12 16:52:02 - [MESSAGE][PASSED] - Object: 'Object Repository/Final Object Repo/New Registration - Registration Module Pages/Form 2/Add Employee Button' is clicked on

2018-12-12 16:52:02 - [TEST_STEP][PASSED] - delay: Delayed 4 second(s)

2018-12-12 16:52:06 - [MESSAGE][PASSED] - Delayed 4 second(s)

2018-12-12 16:52:06 - [TEST_STEP][PASSED] - setText: Text '600203039194' is set on object 'Object Repository/Final Object Repo/New Registration - Registration Module Pages/Form 2/NRIC Input'

2018-12-12 16:52:06 - [MESSAGE][PASSED] - Text '600203039194' is set on object 'Object Repository/Final Object Repo/New Registration - Registration Module Pages/Form 2/NRIC Input'

2018-12-12 16:52:06 - [TEST_STEP][PASSED] - click: Object: 'Object Repository/Final Object Repo/New Registration - Registration Module Pages/Form 2/button for search for IC' is clicked on

2018-12-12 16:52:07 - [MESSAGE][PASSED] - Object: 'Object Repository/Final Object Repo/New Registration - Registration Module Pages/Form 2/button for search for IC' is clicked on

2018-12-12 16:52:07 - [TEST_STEP][PASSED] - delay: Delayed 2 second(s)

2018-12-12 16:52:09 - [MESSAGE][PASSED] - Delayed 2 second(s)

2018-12-12 16:52:09 - [TEST_STEP][PASSED] - setText: Text 'Automate001 not eligible 2' is set on object 'Object Repository/Final Object Repo/New Registration - Registration Module Pages/Form 2/Employee Name Input'

2018-12-12 16:52:09 - [MESSAGE][PASSED] - Text 'Automate001 not eligible 2' is set on object 'Object Repository/Final Object Repo/New Registration - Registration Module Pages/Form 2/Employee Name Input'

2018-12-12 16:52:09 - [TEST_STEP][PASSED] - delay: Delayed 2 second(s)

2018-12-12 16:52:11 - [MESSAGE][PASSED] - Delayed 2 second(s)

2018-12-12 16:52:11 - [TEST_STEP][PASSED] - click: Object: 'Object Repository/Final Object Repo/New Registration - Registration Module Pages/Form 2/DatePicker Pop Up' is clicked on

2018-12-12 16:52:11 - [MESSAGE][PASSED] - Object: 'Object Repository/Final Object Repo/New Registration - Registration Module Pages/Form 2/DatePicker Pop Up' is clicked on

2018-12-12 16:52:11 - [TEST_STEP][PASSED] - delay: Delayed 1 second(s)

2018-12-12 16:52:12 - [MESSAGE][PASSED] - Delayed 1 second(s)

2018-12-12 16:52:12 - [TEST_STEP][PASSED] - click: Object: 'Object Repository/Final Object Repo/New Registration - Registration Module Pages/Form 2/DOB Month' is clicked on

2018-12-12 16:52:13 - [MESSAGE][PASSED] - Object: 'Object Repository/Final Object Repo/New Registration - Registration Module Pages/Form 2/DOB Month' is clicked on

2018-12-12 16:52:13 - [TEST_STEP][PASSED] - Statement - selectMonth = com.kms.katalon.core.webui.keyword.WebUiBuiltInKeywords.modifyObjectProperty(selectMonth, "xpath", "equals", "//body/div/div/div/select/option[@value="" + CurrentMonth + ""]", true): Modify property of object successfully

2018-12-12 16:52:13 - [MESSAGE][PASSED] - Modify property of object successfully

2018-12-12 16:52:13 - [TEST_STEP][PASSED] - click: Object: '' is clicked on

2018-12-12 16:52:13 - [MESSAGE][PASSED] - Object: '' is clicked on

2018-12-12 16:52:13 - [TEST_STEP][PASSED] - click: Object: 'Object Repository/Final Object Repo/New Registration - Registration Module Pages/Form 2/DOB Year' is clicked on

2018-12-12 16:52:13 - [MESSAGE][PASSED] - Object: 'Object Repository/Final Object Repo/New Registration - Registration Module Pages/Form 2/DOB Year' is clicked on

2018-12-12 16:52:13 - [TEST_STEP][PASSED] - Statement - selectYear = com.kms.katalon.core.webui.keyword.WebUiBuiltInKeywords.modifyObjectProperty(selectYear, "xpath", "equals", "//div/div/div/select/option[@value="" + FiftysevenYrsBefore + ""]", true): Modify property of object successfully

2018-12-12 16:52:13 - [MESSAGE][PASSED] - Modify property of object successfully

2018-12-12 16:52:13 - [TEST_STEP][PASSED] - click: Object: '' is clicked on

2018-12-12 16:52:13 - [MESSAGE][PASSED] - Object: '' is clicked on

2018-12-12 16:52:13 - [TEST_STEP][PASSED] - Statement - UpdatedSelectDate = com.kms.katalon.core.webui.keyword.WebUiBuiltInKeywords.modifyObjectProperty(com.kms.katalon.core.testobject.ObjectRepository.findTestObject(Final Object Repo/New Registration - Registration Module Pages/Form 2/DOB Date), "xpath", "equals", "//body/div/table/tbody/tr/td/a[text()="" + CurrentDate + ""]", true): Modify property of object successfully

2018-12-12 16:52:13 - [MESSAGE][PASSED] - Modify property of object successfully

2018-12-12 16:52:13 - [TEST_STEP][PASSED] - delay: Delayed 3 second(s)

2018-12-12 16:52:16 - [MESSAGE][PASSED] - Delayed 3 second(s)

2018-12-12 16:52:16 - [TEST_STEP][PASSED] - click: Object: 'Object Repository/Final Object Repo/New Registration - Registration Module Pages/Form 2/DOB Date' is clicked on

2018-12-12 16:52:16 - [MESSAGE][PASSED] - Object: 'Object Repository/Final Object Repo/New Registration - Registration Module Pages/Form 2/DOB Date' is clicked on

2018-12-12 16:52:16 - [TEST_STEP][PASSED] - delay: Delayed 2 second(s)

2018-12-12 16:52:18 - [MESSAGE][PASSED] - Delayed 2 second(s)

2018-12-12 16:52:18 - [TEST_STEP][PASSED] - click: Object: 'Object Repository/Final Object Repo/New Registration - Registration Module Pages/Form 2/EmploymentStartDate Pop Up' is clicked on

2018-12-12 16:52:18 - [MESSAGE][PASSED] - Object: 'Object Repository/Final Object Repo/New Registration - Registration Module Pages/Form 2/EmploymentStartDate Pop Up' is clicked on

2018-12-12 16:52:18 - [TEST_STEP][PASSED] - delay: Delayed 2 second(s)

2018-12-12 16:52:20 - [MESSAGE][PASSED] - Delayed 2 second(s)

2018-12-12 16:52:20 - [TEST_STEP][PASSED] - click: Object: 'Object Repository/Final Object Repo/New Registration - Registration Module Pages/Form 2/Socso Employment StartDate Month' is clicked on

2018-12-12 16:52:21 - [MESSAGE][PASSED] - Object: 'Object Repository/Final Object Repo/New Registration - Registration Module Pages/Form 2/Socso Employment StartDate Month' is clicked on

2018-12-12 16:52:21 - [TEST_STEP][PASSED] - delay: Delayed 1 second(s)

2018-12-12 16:52:22 - [MESSAGE][PASSED] - Delayed 1 second(s)

2018-12-12 16:52:22 - [TEST_STEP][PASSED] - click: Object: 'Object Repository/Final Object Repo/New Registration - Registration Module Pages/Form 2/Select Socso Employement Startdate Month' is clicked on

2018-12-12 16:52:22 - [MESSAGE][PASSED] - Object: 'Object Repository/Final Object Repo/New Registration - Registration Module Pages/Form 2/Select Socso Employement Startdate Month' is clicked on

2018-12-12 16:52:22 - [TEST_STEP][PASSED] - delay: Delayed 2 second(s)

2018-12-12 16:52:24 - [MESSAGE][PASSED] - Delayed 2 second(s)

2018-12-12 16:52:24 - [TEST_STEP][PASSED] - click: Object: 'Object Repository/Final Object Repo/New Registration - Registration Module Pages/Form 2/Socso Employment StartDate Year' is clicked on

2018-12-12 16:52:24 - [MESSAGE][PASSED] - Object: 'Object Repository/Final Object Repo/New Registration - Registration Module Pages/Form 2/Socso Employment StartDate Year' is clicked on

2018-12-12 16:52:24 - [TEST_STEP][PASSED] - click: Object: 'Object Repository/Final Object Repo/New Registration - Registration Module Pages/Form 2/Select Socso Employment Startdate Year' is clicked on

2018-12-12 16:52:24 - [MESSAGE][PASSED] - Object: 'Object Repository/Final Object Repo/New Registration - Registration Module Pages/Form 2/Select Socso Employment Startdate Year' is clicked on

2018-12-12 16:52:24 - [TEST_STEP][PASSED] - delay: Delayed 2 second(s)

2018-12-12 16:52:26 - [MESSAGE][PASSED] - Delayed 2 second(s)

2018-12-12 16:52:26 - [TEST_STEP][PASSED] - click: Object: 'Object Repository/Final Object Repo/New Registration - Registration Module Pages/Form 2/Socso Employment Start Date Day' is clicked on

2018-12-12 16:52:26 - [MESSAGE][PASSED] - Object: 'Object Repository/Final Object Repo/New Registration - Registration Module Pages/Form 2/Socso Employment Start Date Day' is clicked on

2018-12-12 16:52:26 - [TEST_STEP][PASSED] - delay: Delayed 2 second(s)

2018-12-12 16:52:28 - [MESSAGE][PASSED] - Delayed 2 second(s)

2018-12-12 16:52:28 - [TEST_STEP][PASSED] - click: Object: 'Object Repository/Final Object Repo/New Registration - Registration Module Pages/Form 2/Save Button for Add Employee' is clicked on

2018-12-12 16:52:28 - [MESSAGE][PASSED] - Object: 'Object Repository/Final Object Repo/New Registration - Registration Module Pages/Form 2/Save Button for Add Employee' is clicked on

2018-12-12 16:52:28 - [TEST_STEP][PASSED] - delay: Delayed 2 second(s)

2018-12-12 16:52:30 - [MESSAGE][PASSED] - Delayed 2 second(s)

2018-12-12 16:52:30 - [TEST_STEP][PASSED] - click: Object: 'Object Repository/Final Object Repo/New Registration - Registration Module Pages/Form 2/Save and Continue Form 2' is clicked on

2018-12-12 16:52:31 - [MESSAGE][PASSED] - Object: 'Object Repository/Final Object Repo/New Registration - Registration Module Pages/Form 2/Save and Continue Form 2' is clicked on

2018-12-12 16:52:31 - [MESSAGE][PASSED] - Call Test Case 'Test Cases/Final Aug 2018 - PKS Automation/Registration Module/New Registration/Form 2/Add 2 Not Eligible - No 3rd Screen' successfully

2018-12-12 16:52:31 - [TEST_STEP][PASSED] - callTestCase: Call Test Case 'Test Cases/Final Aug 2018 - PKS Automation/Registration Module/New Registration/Flow of New Registration/No Third Screen - Upload 2 Supporting Doc - Preview' successfully

2018-12-12 16:52:31 - [TEST_CASE][PASSED] - Test Cases/Final Aug 2018 - PKS Automation/Registration Module/New Registration/Flow of New Registration/No Third Screen - Upload 2 Supporting Doc - Preview: Test Cases/Final Aug 2018 - PKS Automation/Registration Module/New Registration/Flow of New Registration/No Third Screen - Upload 2 Supporting Doc - Preview

2018-12-12 16:52:31 - [TEST_STEP][PASSED] - delay: Delayed 4 second(s)

2018-12-12 16:52:35 - [MESSAGE][PASSED] - Delayed 4 second(s)

2018-12-12 16:52:35 - [TEST_STEP][PASSED] - click: Object: 'Object Repository/Final Object Repo/New Registration - Registration Module Pages/Third Screen - Upload Supporting Doc- Preview/Add Document Button' is clicked on

2018-12-12 16:52:35 - [MESSAGE][PASSED] - Object: 'Object Repository/Final Object Repo/New Registration - Registration Module Pages/Third Screen - Upload Supporting Doc- Preview/Add Document Button' is clicked on

2018-12-12 16:52:35 - [TEST_STEP][PASSED] - delay: Delayed 4 second(s)

2018-12-12 16:52:39 - [MESSAGE][PASSED] - Delayed 4 second(s)

2018-12-12 16:52:39 - [TEST_STEP][PASSED] - click: Object: 'Object Repository/Final Object Repo/New Registration - Registration Module Pages/Third Screen - Upload Supporting Doc- Preview/Supporting Doc Please Select Drop Down' is clicked on

2018-12-12 16:52:39 - [MESSAGE][PASSED] - Object: 'Object Repository/Final Object Repo/New Registration - Registration Module Pages/Third Screen - Upload Supporting Doc- Preview/Supporting Doc Please Select Drop Down' is clicked on

2018-12-12 16:52:39 - [TEST_STEP][PASSED] - delay: Delayed 2 second(s)

2018-12-12 16:52:41 - [MESSAGE][PASSED] - Delayed 2 second(s)

2018-12-12 16:52:41 - [TEST_STEP][PASSED] - click: Object: 'Object Repository/Final Object Repo/New Registration - Registration Module Pages/Third Screen - Upload Supporting Doc- Preview/Select to Upload Form 1' is clicked on

2018-12-12 16:52:41 - [MESSAGE][PASSED] - Object: 'Object Repository/Final Object Repo/New Registration - Registration Module Pages/Third Screen - Upload Supporting Doc- Preview/Select to Upload Form 1' is clicked on

2018-12-12 16:52:41 - [TEST_STEP][PASSED] - delay: Delayed 2 second(s)

2018-12-12 16:52:43 - [MESSAGE][PASSED] - Delayed 2 second(s)

2018-12-12 16:52:43 - [TEST_STEP][PASSED] - uploadFile: File 'C:\Users\Public\Pictures\Sample Pictures\Koala.jpg' sent to object: 'Object Repository/Final Object Repo/New Registration - Registration Module Pages/Third Screen - Upload Supporting Doc- Preview/Upload File Adding'

2018-12-12 16:52:44 - [MESSAGE][PASSED] - File 'C:\Users\Public\Pictures\Sample Pictures\Koala.jpg' sent to object: 'Object Repository/Final Object Repo/New Registration - Registration Module Pages/Third Screen - Upload Supporting Doc- Preview/Upload File Adding'

2018-12-12 16:52:44 - [TEST_STEP][PASSED] - delay: Delayed 5 second(s)

2018-12-12 16:52:49 - [MESSAGE][PASSED] - Delayed 5 second(s)

2018-12-12 16:52:49 - [TEST_STEP][PASSED] - click: Object: 'Object Repository/Final Object Repo/New Registration - Registration Module Pages/Third Screen - Upload Supporting Doc- Preview/Inner Form Add Document Button' is clicked on

2018-12-12 16:52:49 - [MESSAGE][PASSED] - Object: 'Object Repository/Final Object Repo/New Registration - Registration Module Pages/Third Screen - Upload Supporting Doc- Preview/Inner Form Add Document Button' is clicked on

2018-12-12 16:52:49 - [TEST_STEP][PASSED] - delay: Delayed 3 second(s)

2018-12-12 16:52:52 - [MESSAGE][PASSED] - Delayed 3 second(s)

2018-12-12 16:52:52 - [TEST_STEP][PASSED] - click: Object: 'Object Repository/Final Object Repo/New Registration - Registration Module Pages/Third Screen - Upload Supporting Doc- Preview/Add Document Button' is clicked on

2018-12-12 16:52:53 - [MESSAGE][PASSED] - Object: 'Object Repository/Final Object Repo/New Registration - Registration Module Pages/Third Screen - Upload Supporting Doc- Preview/Add Document Button' is clicked on

2018-12-12 16:52:53 - [TEST_STEP][PASSED] - delay: Delayed 4 second(s)

2018-12-12 16:52:57 - [MESSAGE][PASSED] - Delayed 4 second(s)

2018-12-12 16:52:57 - [TEST_STEP][PASSED] - click: Object: 'Object Repository/Final Object Repo/New Registration - Registration Module Pages/Third Screen - Upload Supporting Doc- Preview/Supporting Doc Please Select Drop Down' is clicked on

2018-12-12 16:52:58 - [MESSAGE][PASSED] - Object: 'Object Repository/Final Object Repo/New Registration - Registration Module Pages/Third Screen - Upload Supporting Doc- Preview/Supporting Doc Please Select Drop Down' is clicked on

2018-12-12 16:52:58 - [TEST_STEP][PASSED] - delay: Delayed 2 second(s)

2018-12-12 16:53:00 - [MESSAGE][PASSED] - Delayed 2 second(s)

2018-12-12 16:53:00 - [TEST_STEP][PASSED] - click: Object: 'Object Repository/Final Object Repo/New Registration - Registration Module Pages/Third Screen - Upload Supporting Doc- Preview/Select to Upload Form 2' is clicked on

2018-12-12 16:53:00 - [MESSAGE][PASSED] - Object: 'Object Repository/Final Object Repo/New Registration - Registration Module Pages/Third Screen - Upload Supporting Doc- Preview/Select to Upload Form 2' is clicked on

2018-12-12 16:53:00 - [TEST_STEP][PASSED] - delay: Delayed 2 second(s)

2018-12-12 16:53:02 - [MESSAGE][PASSED] - Delayed 2 second(s)

2018-12-12 16:53:02 - [TEST_STEP][PASSED] - uploadFile: File 'C:\Users\Public\Pictures\Sample Pictures\Koala.jpg' sent to object: 'Object Repository/Final Object Repo/New Registration - Registration Module Pages/Third Screen - Upload Supporting Doc- Preview/Upload File Adding'

2018-12-12 16:53:02 - [MESSAGE][PASSED] - File 'C:\Users\Public\Pictures\Sample Pictures\Koala.jpg' sent to object: 'Object Repository/Final Object Repo/New Registration - Registration Module Pages/Third Screen - Upload Supporting Doc- Preview/Upload File Adding'

2018-12-12 16:53:02 - [TEST_STEP][PASSED] - delay: Delayed 5 second(s)

2018-12-12 16:53:07 - [MESSAGE][PASSED] - Delayed 5 second(s)

2018-12-12 16:53:07 - [TEST_STEP][PASSED] - click: Object: 'Object Repository/Final Object Repo/New Registration - Registration Module Pages/Third Screen - Upload Supporting Doc- Preview/Inner Form Add Document Button' is clicked on

2018-12-12 16:53:07 - [MESSAGE][PASSED] - Object: 'Object Repository/Final Object Repo/New Registration - Registration Module Pages/Third Screen - Upload Supporting Doc- Preview/Inner Form Add Document Button' is clicked on

2018-12-12 16:53:07 - [TEST_STEP][PASSED] - delay: Delayed 3 second(s)

2018-12-12 16:53:10 - [MESSAGE][PASSED] - Delayed 3 second(s)

2018-12-12 16:53:10 - [TEST_STEP][PASSED] - click: Object: 'Object Repository/Final Object Repo/New Registration - Registration Module Pages/Third Screen - Upload Supporting Doc- Preview/Save n Continue in Uploading Supporting Doc Page' is clicked on

2018-12-12 16:53:11 - [MESSAGE][PASSED] - Object: 'Object Repository/Final Object Repo/New Registration - Registration Module Pages/Third Screen - Upload Supporting Doc- Preview/Save n Continue in Uploading Supporting Doc Page' is clicked on

2018-12-12 16:53:11 - [MESSAGE][PASSED] - Call Test Case 'Test Cases/Final Aug 2018 - PKS Automation/Registration Module/New Registration/Flow of New Registration/No Third Screen - Upload 2 Supporting Doc - Preview' successfully

2018-12-12 16:53:11 - [TEST_STEP][PASSED] - callTestCase: Call Test Case 'Test Cases/Final Aug 2018 - PKS Automation/Registration Module/New Registration/Submit and Screenshot/Submit Registration and Screenshot' successfully

2018-12-12 16:53:11 - [TEST_CASE][PASSED] - Test Cases/Final Aug 2018 - PKS Automation/Registration Module/New Registration/Submit and Screenshot/Submit Registration and Screenshot: Test Cases/Final Aug 2018 - PKS Automation/Registration Module/New Registration/Submit and Screenshot/Submit Registration and Screenshot

2018-12-12 16:53:11 - [TEST_STEP][PASSED] - delay: Delayed 6 second(s)

2018-12-12 16:53:17 - [MESSAGE][PASSED] - Delayed 6 second(s)

2018-12-12 16:53:17 - [TEST_STEP][PASSED] - click: Object: 'Object Repository/Final Object Repo/New Registration - Registration Module Pages/Third Screen - Upload Supporting Doc- Preview/Preview Submit Button' is clicked on

2018-12-12 16:53:17 - [MESSAGE][PASSED] - Object: 'Object Repository/Final Object Repo/New Registration - Registration Module Pages/Third Screen - Upload Supporting Doc- Preview/Preview Submit Button' is clicked on

2018-12-12 16:53:17 - [TEST_STEP][PASSED] - delay: Delayed 2 second(s)

2018-12-12 16:53:19 - [MESSAGE][PASSED] - Delayed 2 second(s)

2018-12-12 16:53:19 - [TEST_STEP][PASSED] - click: Object: 'Object Repository/Final Object Repo/New Registration - Registration Module Pages/Third Screen - Upload Supporting Doc- Preview/Preview Submit - Confirm' is clicked on

2018-12-12 16:53:19 - [MESSAGE][PASSED] - Object: 'Object Repository/Final Object Repo/New Registration - Registration Module Pages/Third Screen - Upload Supporting Doc- Preview/Preview Submit - Confirm' is clicked on

2018-12-12 16:53:19 - [TEST_STEP][PASSED] - delay: Delayed 15 second(s)

2018-12-12 16:53:34 - [MESSAGE][PASSED] - Delayed 15 second(s)

2018-12-12 16:53:34 - [TEST_STEP][PASSED] - Statement - driver = com.kms.katalon.core.webui.driver.DriverFactory.getWebDriver(): null

2018-12-12 16:53:34 - [TEST_STEP][PASSED] - Statement - driver.manage().timeouts().implicitlyWait(10, SECONDS): null

2018-12-12 16:53:34 - [TEST_STEP][PASSED] - Statement - PresavePath = KatalonScreenshots: null

2018-12-12 16:53:34 - [TEST_STEP][PASSED] - Statement - pathPrefix = "C:\Users\Public\Pictures\Sample Pictures\Katalon Screenshots\Automate Ending Screen": null

2018-12-12 16:53:34 - [TEST_STEP][PASSED] - Statement - finalPath = <not implemented yet for class: org.codehaus.groovy.ast.expr.EmptyExpression>: null

2018-12-12 16:53:34 - [TEST_STEP][PASSED] - Statement - scrFile = driver.getScreenshotAs(FILE): null

2018-12-12 16:53:35 - [TEST_STEP][PASSED] - Statement - PreSaveFile = new java.io.File(PresavePath): null

2018-12-12 16:53:35 - [TEST_STEP][PASSED] - Statement - counter = 0: null

2018-12-12 16:53:35 - [TEST_STEP][PASSED] - Statement - If (PreSaveFile.exists()): null

2018-12-12 16:53:35 - [TEST_STEP][PASSED] - Statement - While (PreSaveFile.exists()): null

2018-12-12 16:53:35 - [TEST_STEP][PASSED] - Statement - counter = counter + 1: null

2018-12-12 16:53:35 - [TEST_STEP][PASSED] - Statement - PreSaveFile = new java.io.File(((pathPrefix + java.lang.Integer.toString(counter)) + .png)): null

2018-12-12 16:53:35 - [TEST_STEP][PASSED] - Statement - counter = counter + 1: null

2018-12-12 16:53:35 - [TEST_STEP][PASSED] - Statement - PreSaveFile = new java.io.File(((pathPrefix + java.lang.Integer.toString(counter)) + .png)): null

2018-12-12 16:53:35 - [TEST_STEP][PASSED] - Statement - counter = counter + 1: null

2018-12-12 16:53:35 - [TEST_STEP][PASSED] - Statement - PreSaveFile = new java.io.File(((pathPrefix + java.lang.Integer.toString(counter)) + .png)): null

2018-12-12 16:53:35 - [TEST_STEP][PASSED] - Statement - counter = counter + 1: null

2018-12-12 16:53:35 - [TEST_STEP][PASSED] - Statement - PreSaveFile = new java.io.File(((pathPrefix + java.lang.Integer.toString(counter)) + .png)): null

2018-12-12 16:53:35 - [TEST_STEP][PASSED] - Statement - counter = counter + 1: null

2018-12-12 16:53:35 - [TEST_STEP][PASSED] - Statement - PreSaveFile = new java.io.File(((pathPrefix + java.lang.Integer.toString(counter)) + .png)): null

2018-12-12 16:53:35 - [TEST_STEP][PASSED] - Statement - counter = counter + 1: null

2018-12-12 16:53:35 - [TEST_STEP][PASSED] - Statement - PreSaveFile = new java.io.File(((pathPrefix + java.lang.Integer.toString(counter)) + .png)): null

2018-12-12 16:53:35 - [TEST_STEP][PASSED] - Statement - counter = counter + 1: null

2018-12-12 16:53:35 - [TEST_STEP][PASSED] - Statement - PreSaveFile = new java.io.File(((pathPrefix + java.lang.Integer.toString(counter)) + .png)): null

2018-12-12 16:53:35 - [TEST_STEP][PASSED] - Statement - counter = counter + 1: null

2018-12-12 16:53:35 - [TEST_STEP][PASSED] - Statement - PreSaveFile = new java.io.File(((pathPrefix + java.lang.Integer.toString(counter)) + .png)): null

2018-12-12 16:53:35 - [TEST_STEP][PASSED] - Statement - counter = counter + 1: null

2018-12-12 16:53:35 - [TEST_STEP][PASSED] - Statement - PreSaveFile = new java.io.File(((pathPrefix + java.lang.Integer.toString(counter)) + .png)): null

2018-12-12 16:53:35 - [TEST_STEP][PASSED] - Statement - counter = counter + 1: null

2018-12-12 16:53:35 - [TEST_STEP][PASSED] - Statement - PreSaveFile = new java.io.File(((pathPrefix + java.lang.Integer.toString(counter)) + .png)): null

2018-12-12 16:53:35 - [TEST_STEP][PASSED] - Statement - counter = counter + 1: null

2018-12-12 16:53:35 - [TEST_STEP][PASSED] - Statement - PreSaveFile = new java.io.File(((pathPrefix + java.lang.Integer.toString(counter)) + .png)): null

2018-12-12 16:53:35 - [TEST_STEP][PASSED] - Statement - counter = counter + 1: null

2018-12-12 16:53:35 - [TEST_STEP][PASSED] - Statement - PreSaveFile = new java.io.File(((pathPrefix + java.lang.Integer.toString(counter)) + .png)): null

2018-12-12 16:53:35 - [TEST_STEP][PASSED] - Statement - counter = counter + 1: null

2018-12-12 16:53:35 - [TEST_STEP][PASSED] - Statement - PreSaveFile = new java.io.File(((pathPrefix + java.lang.Integer.toString(counter)) + .png)): null

2018-12-12 16:53:35 - [TEST_STEP][PASSED] - Statement - counter = counter + 1: null

2018-12-12 16:53:35 - [TEST_STEP][PASSED] - Statement - PreSaveFile = new java.io.File(((pathPrefix + java.lang.Integer.toString(counter)) + .png)): null

2018-12-12 16:53:35 - [TEST_STEP][PASSED] - Statement - counter = counter + 1: null

2018-12-12 16:53:35 - [TEST_STEP][PASSED] - Statement - PreSaveFile = new java.io.File(((pathPrefix + java.lang.Integer.toString(counter)) + .png)): null

2018-12-12 16:53:35 - [TEST_STEP][PASSED] - Statement - counter = counter + 1: null

2018-12-12 16:53:35 - [TEST_STEP][PASSED] - Statement - PreSaveFile = new java.io.File(((pathPrefix + java.lang.Integer.toString(counter)) + .png)): null

2018-12-12 16:53:35 - [TEST_STEP][PASSED] - Statement - counter = counter + 1: null

2018-12-12 16:53:35 - [TEST_STEP][PASSED] - Statement - PreSaveFile = new java.io.File(((pathPrefix + java.lang.Integer.toString(counter)) + .png)): null

2018-12-12 16:53:35 - [TEST_STEP][PASSED] - Statement - counter = counter + 1: null

2018-12-12 16:53:35 - [TEST_STEP][PASSED] - Statement - PreSaveFile = new java.io.File(((pathPrefix + java.lang.Integer.toString(counter)) + .png)): null

2018-12-12 16:53:35 - [TEST_STEP][PASSED] - Statement - counter = counter + 1: null

2018-12-12 16:53:35 - [TEST_STEP][PASSED] - Statement - PreSaveFile = new java.io.File(((pathPrefix + java.lang.Integer.toString(counter)) + .png)): null

2018-12-12 16:53:35 - [TEST_STEP][PASSED] - Statement - counter = counter + 1: null

2018-12-12 16:53:35 - [TEST_STEP][PASSED] - Statement - PreSaveFile = new java.io.File(((pathPrefix + java.lang.Integer.toString(counter)) + .png)): null

2018-12-12 16:53:35 - [TEST_STEP][PASSED] - Statement - counter = counter + 1: null

2018-12-12 16:53:35 - [TEST_STEP][PASSED] - Statement - PreSaveFile = new java.io.File(((pathPrefix + java.lang.Integer.toString(counter)) + .png)): null

2018-12-12 16:53:35 - [TEST_STEP][PASSED] - Statement - counter = counter + 1: null

2018-12-12 16:53:35 - [TEST_STEP][PASSED] - Statement - PreSaveFile = new java.io.File(((pathPrefix + java.lang.Integer.toString(counter)) + .png)): null

2018-12-12 16:53:35 - [TEST_STEP][PASSED] - Statement - counter = counter + 1: null

2018-12-12 16:53:35 - [TEST_STEP][PASSED] - Statement - PreSaveFile = new java.io.File(((pathPrefix + java.lang.Integer.toString(counter)) + .png)): null

2018-12-12 16:53:35 - [TEST_STEP][PASSED] - Statement - counter = counter + 1: null

2018-12-12 16:53:35 - [TEST_STEP][PASSED] - Statement - PreSaveFile = new java.io.File(((pathPrefix + java.lang.Integer.toString(counter)) + .png)): null

2018-12-12 16:53:35 - [TEST_STEP][PASSED] - Statement - counter = counter + 1: null

2018-12-12 16:53:35 - [TEST_STEP][PASSED] - Statement - PreSaveFile = new java.io.File(((pathPrefix + java.lang.Integer.toString(counter)) + .png)): null

2018-12-12 16:53:35 - [TEST_STEP][PASSED] - Statement - counter = counter + 1: null

2018-12-12 16:53:35 - [TEST_STEP][PASSED] - Statement - PreSaveFile = new java.io.File(((pathPrefix + java.lang.Integer.toString(counter)) + .png)): null

2018-12-12 16:53:35 - [TEST_STEP][PASSED] - Statement - counter = counter + 1: null

2018-12-12 16:53:35 - [TEST_STEP][PASSED] - Statement - PreSaveFile = new java.io.File(((pathPrefix + java.lang.Integer.toString(counter)) + .png)): null

2018-12-12 16:53:35 - [TEST_STEP][PASSED] - Statement - counter = counter + 1: null

2018-12-12 16:53:35 - [TEST_STEP][PASSED] - Statement - PreSaveFile = new java.io.File(((pathPrefix + java.lang.Integer.toString(counter)) + .png)): null

2018-12-12 16:53:35 - [TEST_STEP][PASSED] - Statement - counter = counter + 1: null

2018-12-12 16:53:35 - [TEST_STEP][PASSED] - Statement - PreSaveFile = new java.io.File(((pathPrefix + java.lang.Integer.toString(counter)) + .png)): null

2018-12-12 16:53:35 - [TEST_STEP][PASSED] - Statement - counter = counter + 1: null

2018-12-12 16:53:35 - [TEST_STEP][PASSED] - Statement - PreSaveFile = new java.io.File(((pathPrefix + java.lang.Integer.toString(counter)) + .png)): null

2018-12-12 16:53:35 - [TEST_STEP][PASSED] - Statement - counter = counter + 1: null

2018-12-12 16:53:35 - [TEST_STEP][PASSED] - Statement - PreSaveFile = new java.io.File(((pathPrefix + java.lang.Integer.toString(counter)) + .png)): null

2018-12-12 16:53:35 - [TEST_STEP][PASSED] - Statement - counter = counter + 1: null

2018-12-12 16:53:35 - [TEST_STEP][PASSED] - Statement - PreSaveFile = new java.io.File(((pathPrefix + java.lang.Integer.toString(counter)) + .png)): null

2018-12-12 16:53:35 - [TEST_STEP][PASSED] - Statement - counter = counter + 1: null

2018-12-12 16:53:35 - [TEST_STEP][PASSED] - Statement - PreSaveFile = new java.io.File(((pathPrefix + java.lang.Integer.toString(counter)) + .png)): null

2018-12-12 16:53:35 - [TEST_STEP][PASSED] - Statement - counter = counter + 1: null

2018-12-12 16:53:35 - [TEST_STEP][PASSED] - Statement - PreSaveFile = new java.io.File(((pathPrefix + java.lang.Integer.toString(counter)) + .png)): null

2018-12-12 16:53:35 - [TEST_STEP][PASSED] - Statement - counter = counter + 1: null

2018-12-12 16:53:35 - [TEST_STEP][PASSED] - Statement - PreSaveFile = new java.io.File(((pathPrefix + java.lang.Integer.toString(counter)) + .png)): null

2018-12-12 16:53:35 - [TEST_STEP][PASSED] - Statement - counter = counter + 1: null

2018-12-12 16:53:35 - [TEST_STEP][PASSED] - Statement - PreSaveFile = new java.io.File(((pathPrefix + java.lang.Integer.toString(counter)) + .png)): null

2018-12-12 16:53:35 - [TEST_STEP][PASSED] - Statement - counter = counter + 1: null

2018-12-12 16:53:35 - [TEST_STEP][PASSED] - Statement - PreSaveFile = new java.io.File(((pathPrefix + java.lang.Integer.toString(counter)) + .png)): null

2018-12-12 16:53:35 - [TEST_STEP][PASSED] - Statement - counter = counter + 1: null

2018-12-12 16:53:35 - [TEST_STEP][PASSED] - Statement - PreSaveFile = new java.io.File(((pathPrefix + java.lang.Integer.toString(counter)) + .png)): null

2018-12-12 16:53:35 - [TEST_STEP][PASSED] - Statement - counter = counter + 1: null

2018-12-12 16:53:35 - [TEST_STEP][PASSED] - Statement - PreSaveFile = new java.io.File(((pathPrefix + java.lang.Integer.toString(counter)) + .png)): null

2018-12-12 16:53:35 - [TEST_STEP][PASSED] - Statement - counter = counter + 1: null

2018-12-12 16:53:35 - [TEST_STEP][PASSED] - Statement - PreSaveFile = new java.io.File(((pathPrefix + java.lang.Integer.toString(counter)) + .png)): null

2018-12-12 16:53:35 - [TEST_STEP][PASSED] - Statement - counter = counter + 1: null

2018-12-12 16:53:35 - [TEST_STEP][PASSED] - Statement - PreSaveFile = new java.io.File(((pathPrefix + java.lang.Integer.toString(counter)) + .png)): null

2018-12-12 16:53:35 - [TEST_STEP][PASSED] - Statement - counter = counter + 1: null

2018-12-12 16:53:35 - [TEST_STEP][PASSED] - Statement - PreSaveFile = new java.io.File(((pathPrefix + java.lang.Integer.toString(counter)) + .png)): null

2018-12-12 16:53:35 - [TEST_STEP][PASSED] - Statement - counter = counter + 1: null

2018-12-12 16:53:35 - [TEST_STEP][PASSED] - Statement - PreSaveFile = new java.io.File(((pathPrefix + java.lang.Integer.toString(counter)) + .png)): null

2018-12-12 16:53:35 - [TEST_STEP][PASSED] - Statement - counter = counter + 1: null

2018-12-12 16:53:35 - [TEST_STEP][PASSED] - Statement - PreSaveFile = new java.io.File(((pathPrefix + java.lang.Integer.toString(counter)) + .png)): null

2018-12-12 16:53:35 - [TEST_STEP][PASSED] - Statement - counter = counter + 1: null

2018-12-12 16:53:35 - [TEST_STEP][PASSED] - Statement - PreSaveFile = new java.io.File(((pathPrefix + java.lang.Integer.toString(counter)) + .png)): null

2018-12-12 16:53:35 - [TEST_STEP][PASSED] - Statement - counter = counter + 1: null

2018-12-12 16:53:35 - [TEST_STEP][PASSED] - Statement - PreSaveFile = new java.io.File(((pathPrefix + java.lang.Integer.toString(counter)) + .png)): null

2018-12-12 16:53:35 - [TEST_STEP][PASSED] - Statement - counter = counter + 1: null

2018-12-12 16:53:35 - [TEST_STEP][PASSED] - Statement - PreSaveFile = new java.io.File(((pathPrefix + java.lang.Integer.toString(counter)) + .png)): null

2018-12-12 16:53:35 - [TEST_STEP][PASSED] - Statement - counter = counter + 1: null

2018-12-12 16:53:35 - [TEST_STEP][PASSED] - Statement - PreSaveFile = new java.io.File(((pathPrefix + java.lang.Integer.toString(counter)) + .png)): null

2018-12-12 16:53:35 - [TEST_STEP][PASSED] - Statement - counter = counter + 1: null

2018-12-12 16:53:35 - [TEST_STEP][PASSED] - Statement - PreSaveFile = new java.io.File(((pathPrefix + java.lang.Integer.toString(counter)) + .png)): null

2018-12-12 16:53:35 - [TEST_STEP][PASSED] - Statement - counter = counter + 1: null

2018-12-12 16:53:35 - [TEST_STEP][PASSED] - Statement - PreSaveFile = new java.io.File(((pathPrefix + java.lang.Integer.toString(counter)) + .png)): null

2018-12-12 16:53:35 - [TEST_STEP][PASSED] - Statement - counter = counter + 1: null

2018-12-12 16:53:35 - [TEST_STEP][PASSED] - Statement - PreSaveFile = new java.io.File(((pathPrefix + java.lang.Integer.toString(counter)) + .png)): null

2018-12-12 16:53:35 - [TEST_STEP][PASSED] - Statement - counter = counter + 1: null

2018-12-12 16:53:35 - [TEST_STEP][PASSED] - Statement - PreSaveFile = new java.io.File(((pathPrefix + java.lang.Integer.toString(counter)) + .png)): null

2018-12-12 16:53:35 - [TEST_STEP][PASSED] - Statement - counter = counter + 1: null

2018-12-12 16:53:35 - [TEST_STEP][PASSED] - Statement - PreSaveFile = new java.io.File(((pathPrefix + java.lang.Integer.toString(counter)) + .png)): null

2018-12-12 16:53:35 - [TEST_STEP][PASSED] - Statement - counter = counter + 1: null

2018-12-12 16:53:35 - [TEST_STEP][PASSED] - Statement - PreSaveFile = new java.io.File(((pathPrefix + java.lang.Integer.toString(counter)) + .png)): null

2018-12-12 16:53:35 - [TEST_STEP][PASSED] - Statement - counter = counter + 1: null

2018-12-12 16:53:35 - [TEST_STEP][PASSED] - Statement - PreSaveFile = new java.io.File(((pathPrefix + java.lang.Integer.toString(counter)) + .png)): null

2018-12-12 16:53:35 - [TEST_STEP][PASSED] - Statement - counter = counter + 1: null

2018-12-12 16:53:35 - [TEST_STEP][PASSED] - Statement - PreSaveFile = new java.io.File(((pathPrefix + java.lang.Integer.toString(counter)) + .png)): null

2018-12-12 16:53:35 - [TEST_STEP][PASSED] - Statement - counter = counter + 1: null

2018-12-12 16:53:35 - [TEST_STEP][PASSED] - Statement - PreSaveFile = new java.io.File(((pathPrefix + java.lang.Integer.toString(counter)) + .png)): null

2018-12-12 16:53:35 - [TEST_STEP][PASSED] - Statement - counter = counter + 1: null

2018-12-12 16:53:35 - [TEST_STEP][PASSED] - Statement - PreSaveFile = new java.io.File(((pathPrefix + java.lang.Integer.toString(counter)) + .png)): null

2018-12-12 16:53:35 - [TEST_STEP][PASSED] - Statement - counter = counter + 1: null

2018-12-12 16:53:35 - [TEST_STEP][PASSED] - Statement - PreSaveFile = new java.io.File(((pathPrefix + java.lang.Integer.toString(counter)) + .png)): null

2018-12-12 16:53:35 - [TEST_STEP][PASSED] - Statement - counter = counter + 1: null

2018-12-12 16:53:35 - [TEST_STEP][PASSED] - Statement - PreSaveFile = new java.io.File(((pathPrefix + java.lang.Integer.toString(counter)) + .png)): null

2018-12-12 16:53:35 - [TEST_STEP][PASSED] - Statement - counter = counter + 1: null

2018-12-12 16:53:35 - [TEST_STEP][PASSED] - Statement - PreSaveFile = new java.io.File(((pathPrefix + java.lang.Integer.toString(counter)) + .png)): null

2018-12-12 16:53:35 - [TEST_STEP][PASSED] - Statement - counter = counter + 1: null

2018-12-12 16:53:35 - [TEST_STEP][PASSED] - Statement - PreSaveFile = new java.io.File(((pathPrefix + java.lang.Integer.toString(counter)) + .png)): null

2018-12-12 16:53:35 - [TEST_STEP][PASSED] - Statement - counter = counter + 1: null

2018-12-12 16:53:35 - [TEST_STEP][PASSED] - Statement - PreSaveFile = new java.io.File(((pathPrefix + java.lang.Integer.toString(counter)) + .png)): null

2018-12-12 16:53:35 - [TEST_STEP][PASSED] - Statement - counter = counter + 1: null

2018-12-12 16:53:35 - [TEST_STEP][PASSED] - Statement - PreSaveFile = new java.io.File(((pathPrefix + java.lang.Integer.toString(counter)) + .png)): null

2018-12-12 16:53:35 - [TEST_STEP][PASSED] - Statement - counter = counter + 1: null

2018-12-12 16:53:35 - [TEST_STEP][PASSED] - Statement - PreSaveFile = new java.io.File(((pathPrefix + java.lang.Integer.toString(counter)) + .png)): null

2018-12-12 16:53:35 - [TEST_STEP][PASSED] - Statement - counter = counter + 1: null

2018-12-12 16:53:35 - [TEST_STEP][PASSED] - Statement - PreSaveFile = new java.io.File(((pathPrefix + java.lang.Integer.toString(counter)) + .png)): null

2018-12-12 16:53:35 - [TEST_STEP][PASSED] - Statement - counter = counter + 1: null

2018-12-12 16:53:35 - [TEST_STEP][PASSED] - Statement - PreSaveFile = new java.io.File(((pathPrefix + java.lang.Integer.toString(counter)) + .png)): null

2018-12-12 16:53:35 - [TEST_STEP][PASSED] - Statement - counter = counter + 1: null

2018-12-12 16:53:35 - [TEST_STEP][PASSED] - Statement - PreSaveFile = new java.io.File(((pathPrefix + java.lang.Integer.toString(counter)) + .png)): null

2018-12-12 16:53:35 - [TEST_STEP][PASSED] - Statement - counter = counter + 1: null

2018-12-12 16:53:35 - [TEST_STEP][PASSED] - Statement - PreSaveFile = new java.io.File(((pathPrefix + java.lang.Integer.toString(counter)) + .png)): null

2018-12-12 16:53:35 - [TEST_STEP][PASSED] - Statement - counter = counter + 1: null

2018-12-12 16:53:35 - [TEST_STEP][PASSED] - Statement - PreSaveFile = new java.io.File(((pathPrefix + java.lang.Integer.toString(counter)) + .png)): null

2018-12-12 16:53:35 - [TEST_STEP][PASSED] - Statement - counter = counter + 1: null

2018-12-12 16:53:35 - [TEST_STEP][PASSED] - Statement - PreSaveFile = new java.io.File(((pathPrefix + java.lang.Integer.toString(counter)) + .png)): null

2018-12-12 16:53:35 - [TEST_STEP][PASSED] - Statement - counter = counter + 1: null

2018-12-12 16:53:35 - [TEST_STEP][PASSED] - Statement - PreSaveFile = new java.io.File(((pathPrefix + java.lang.Integer.toString(counter)) + .png)): null

2018-12-12 16:53:35 - [TEST_STEP][PASSED] - Statement - counter = counter + 1: null

2018-12-12 16:53:35 - [TEST_STEP][PASSED] - Statement - PreSaveFile = new java.io.File(((pathPrefix + java.lang.Integer.toString(counter)) + .png)): null

2018-12-12 16:53:35 - [TEST_STEP][PASSED] - Statement - counter = counter + 1: null

2018-12-12 16:53:35 - [TEST_STEP][PASSED] - Statement - PreSaveFile = new java.io.File(((pathPrefix + java.lang.Integer.toString(counter)) + .png)): null

2018-12-12 16:53:35 - [TEST_STEP][PASSED] - Statement - counter = counter + 1: null

2018-12-12 16:53:35 - [TEST_STEP][PASSED] - Statement - PreSaveFile = new java.io.File(((pathPrefix + java.lang.Integer.toString(counter)) + .png)): null

2018-12-12 16:53:35 - [TEST_STEP][PASSED] - Statement - counter = counter + 1: null

2018-12-12 16:53:35 - [TEST_STEP][PASSED] - Statement - PreSaveFile = new java.io.File(((pathPrefix + java.lang.Integer.toString(counter)) + .png)): null

2018-12-12 16:53:35 - [TEST_STEP][PASSED] - Statement - counter = counter + 1: null

2018-12-12 16:53:35 - [TEST_STEP][PASSED] - Statement - PreSaveFile = new java.io.File(((pathPrefix + java.lang.Integer.toString(counter)) + .png)): null

2018-12-12 16:53:35 - [TEST_STEP][PASSED] - Statement - counter = counter + 1: null

2018-12-12 16:53:35 - [TEST_STEP][PASSED] - Statement - PreSaveFile = new java.io.File(((pathPrefix + java.lang.Integer.toString(counter)) + .png)): null

2018-12-12 16:53:35 - [TEST_STEP][PASSED] - Statement - counter = counter + 1: null

2018-12-12 16:53:35 - [TEST_STEP][PASSED] - Statement - PreSaveFile = new java.io.File(((pathPrefix + java.lang.Integer.toString(counter)) + .png)): null

2018-12-12 16:53:35 - [TEST_STEP][PASSED] - Statement - counter = counter + 1: null

2018-12-12 16:53:35 - [TEST_STEP][PASSED] - Statement - PreSaveFile = new java.io.File(((pathPrefix + java.lang.Integer.toString(counter)) + .png)): null

2018-12-12 16:53:35 - [TEST_STEP][PASSED] - Statement - counter = counter + 1: null

2018-12-12 16:53:35 - [TEST_STEP][PASSED] - Statement - PreSaveFile = new java.io.File(((pathPrefix + java.lang.Integer.toString(counter)) + .png)): null

2018-12-12 16:53:35 - [TEST_STEP][PASSED] - Statement - counter = counter + 1: null

2018-12-12 16:53:35 - [TEST_STEP][PASSED] - Statement - PreSaveFile = new java.io.File(((pathPrefix + java.lang.Integer.toString(counter)) + .png)): null

2018-12-12 16:53:35 - [TEST_STEP][PASSED] - Statement - counter = counter + 1: null

2018-12-12 16:53:35 - [TEST_STEP][PASSED] - Statement - PreSaveFile = new java.io.File(((pathPrefix + java.lang.Integer.toString(counter)) + .png)): null

2018-12-12 16:53:35 - [TEST_STEP][PASSED] - Statement - counter = counter + 1: null

2018-12-12 16:53:35 - [TEST_STEP][PASSED] - Statement - PreSaveFile = new java.io.File(((pathPrefix + java.lang.Integer.toString(counter)) + .png)): null

2018-12-12 16:53:35 - [TEST_STEP][PASSED] - Statement - counter = counter + 1: null

2018-12-12 16:53:35 - [TEST_STEP][PASSED] - Statement - PreSaveFile = new java.io.File(((pathPrefix + java.lang.Integer.toString(counter)) + .png)): null

2018-12-12 16:53:35 - [TEST_STEP][PASSED] - Statement - counter = counter + 1: null

2018-12-12 16:53:35 - [TEST_STEP][PASSED] - Statement - PreSaveFile = new java.io.File(((pathPrefix + java.lang.Integer.toString(counter)) + .png)): null

2018-12-12 16:53:35 - [TEST_STEP][PASSED] - Statement - counter = counter + 1: null

2018-12-12 16:53:35 - [TEST_STEP][PASSED] - Statement - PreSaveFile = new java.io.File(((pathPrefix + java.lang.Integer.toString(counter)) + .png)): null

2018-12-12 16:53:35 - [TEST_STEP][PASSED] - Statement - counter = counter + 1: null

2018-12-12 16:53:35 - [TEST_STEP][PASSED] - Statement - PreSaveFile = new java.io.File(((pathPrefix + java.lang.Integer.toString(counter)) + .png)): null

2018-12-12 16:53:35 - [TEST_STEP][PASSED] - Statement - counter = counter + 1: null

2018-12-12 16:53:35 - [TEST_STEP][PASSED] - Statement - PreSaveFile = new java.io.File(((pathPrefix + java.lang.Integer.toString(counter)) + .png)): null

2018-12-12 16:53:35 - [TEST_STEP][PASSED] - Statement - counter = counter + 1: null

2018-12-12 16:53:35 - [TEST_STEP][PASSED] - Statement - PreSaveFile = new java.io.File(((pathPrefix + java.lang.Integer.toString(counter)) + .png)): null

2018-12-12 16:53:35 - [TEST_STEP][PASSED] - Statement - counter = counter + 1: null

2018-12-12 16:53:35 - [TEST_STEP][PASSED] - Statement - PreSaveFile = new java.io.File(((pathPrefix + java.lang.Integer.toString(counter)) + .png)): null

2018-12-12 16:53:35 - [TEST_STEP][PASSED] - Statement - counter = counter + 1: null

2018-12-12 16:53:35 - [TEST_STEP][PASSED] - Statement - PreSaveFile = new java.io.File(((pathPrefix + java.lang.Integer.toString(counter)) + .png)): null

2018-12-12 16:53:35 - [TEST_STEP][PASSED] - Statement - counter = counter + 1: null

2018-12-12 16:53:35 - [TEST_STEP][PASSED] - Statement - PreSaveFile = new java.io.File(((pathPrefix + java.lang.Integer.toString(counter)) + .png)): null

2018-12-12 16:53:35 - [TEST_STEP][PASSED] - Statement - counter = counter + 1: null

2018-12-12 16:53:35 - [TEST_STEP][PASSED] - Statement - PreSaveFile = new java.io.File(((pathPrefix + java.lang.Integer.toString(counter)) + .png)): null

2018-12-12 16:53:35 - [TEST_STEP][PASSED] - Statement - counter = counter + 1: null

2018-12-12 16:53:35 - [TEST_STEP][PASSED] - Statement - PreSaveFile = new java.io.File(((pathPrefix + java.lang.Integer.toString(counter)) + .png)): null

2018-12-12 16:53:35 - [TEST_STEP][PASSED] - Statement - counter = counter + 1: null

2018-12-12 16:53:35 - [TEST_STEP][PASSED] - Statement - PreSaveFile = new java.io.File(((pathPrefix + java.lang.Integer.toString(counter)) + .png)): null

2018-12-12 16:53:35 - [TEST_STEP][PASSED] - Statement - counter = counter + 1: null

2018-12-12 16:53:35 - [TEST_STEP][PASSED] - Statement - PreSaveFile = new java.io.File(((pathPrefix + java.lang.Integer.toString(counter)) + .png)): null

2018-12-12 16:53:35 - [TEST_STEP][PASSED] - Statement - counter = counter + 1: null

2018-12-12 16:53:35 - [TEST_STEP][PASSED] - Statement - PreSaveFile = new java.io.File(((pathPrefix + java.lang.Integer.toString(counter)) + .png)): null

2018-12-12 16:53:35 - [TEST_STEP][PASSED] - Statement - counter = counter + 1: null

2018-12-12 16:53:35 - [TEST_STEP][PASSED] - Statement - PreSaveFile = new java.io.File(((pathPrefix + java.lang.Integer.toString(counter)) + .png)): null

2018-12-12 16:53:35 - [TEST_STEP][PASSED] - Statement - counter = counter + 1: null

2018-12-12 16:53:35 - [TEST_STEP][PASSED] - Statement - PreSaveFile = new java.io.File(((pathPrefix + java.lang.Integer.toString(counter)) + .png)): null

2018-12-12 16:53:35 - [TEST_STEP][PASSED] - Statement - counter = counter + 1: null

2018-12-12 16:53:35 - [TEST_STEP][PASSED] - Statement - PreSaveFile = new java.io.File(((pathPrefix + java.lang.Integer.toString(counter)) + .png)): null

2018-12-12 16:53:35 - [TEST_STEP][PASSED] - Statement - counter = counter + 1: null

2018-12-12 16:53:35 - [TEST_STEP][PASSED] - Statement - PreSaveFile = new java.io.File(((pathPrefix + java.lang.Integer.toString(counter)) + .png)): null

2018-12-12 16:53:35 - [TEST_STEP][PASSED] - Statement - counter = counter + 1: null

2018-12-12 16:53:35 - [TEST_STEP][PASSED] - Statement - PreSaveFile = new java.io.File(((pathPrefix + java.lang.Integer.toString(counter)) + .png)): null

2018-12-12 16:53:35 - [TEST_STEP][PASSED] - Statement - counter = counter + 1: null

2018-12-12 16:53:35 - [TEST_STEP][PASSED] - Statement - PreSaveFile = new java.io.File(((pathPrefix + java.lang.Integer.toString(counter)) + .png)): null

2018-12-12 16:53:35 - [TEST_STEP][PASSED] - Statement - counter = counter + 1: null

2018-12-12 16:53:35 - [TEST_STEP][PASSED] - Statement - PreSaveFile = new java.io.File(((pathPrefix + java.lang.Integer.toString(counter)) + .png)): null

2018-12-12 16:53:35 - [TEST_STEP][PASSED] - Statement - counter = counter + 1: null

2018-12-12 16:53:35 - [TEST_STEP][PASSED] - Statement - PreSaveFile = new java.io.File(((pathPrefix + java.lang.Integer.toString(counter)) + .png)): null

2018-12-12 16:53:35 - [TEST_STEP][PASSED] - Statement - counter = counter + 1: null

2018-12-12 16:53:35 - [TEST_STEP][PASSED] - Statement - PreSaveFile = new java.io.File(((pathPrefix + java.lang.Integer.toString(counter)) + .png)): null

2018-12-12 16:53:35 - [TEST_STEP][PASSED] - Statement - counter = counter + 1: null

2018-12-12 16:53:35 - [TEST_STEP][PASSED] - Statement - PreSaveFile = new java.io.File(((pathPrefix + java.lang.Integer.toString(counter)) + .png)): null

2018-12-12 16:53:35 - [TEST_STEP][PASSED] - Statement - counter = counter + 1: null

2018-12-12 16:53:35 - [TEST_STEP][PASSED] - Statement - PreSaveFile = new java.io.File(((pathPrefix + java.lang.Integer.toString(counter)) + .png)): null

2018-12-12 16:53:35 - [TEST_STEP][PASSED] - Statement - counter = counter + 1: null

2018-12-12 16:53:35 - [TEST_STEP][PASSED] - Statement - PreSaveFile = new java.io.File(((pathPrefix + java.lang.Integer.toString(counter)) + .png)): null

2018-12-12 16:53:35 - [TEST_STEP][PASSED] - Statement - counter = counter + 1: null

2018-12-12 16:53:35 - [TEST_STEP][PASSED] - Statement - PreSaveFile = new java.io.File(((pathPrefix + java.lang.Integer.toString(counter)) + .png)): null

2018-12-12 16:53:35 - [TEST_STEP][PASSED] - Statement - counter = counter + 1: null

2018-12-12 16:53:35 - [TEST_STEP][PASSED] - Statement - PreSaveFile = new java.io.File(((pathPrefix + java.lang.Integer.toString(counter)) + .png)): null

2018-12-12 16:53:35 - [TEST_STEP][PASSED] - Statement - counter = counter + 1: null

2018-12-12 16:53:35 - [TEST_STEP][PASSED] - Statement - PreSaveFile = new java.io.File(((pathPrefix + java.lang.Integer.toString(counter)) + .png)): null

2018-12-12 16:53:35 - [TEST_STEP][PASSED] - Statement - counter = counter + 1: null

2018-12-12 16:53:35 - [TEST_STEP][PASSED] - Statement - PreSaveFile = new java.io.File(((pathPrefix + java.lang.Integer.toString(counter)) + .png)): null

2018-12-12 16:53:35 - [TEST_STEP][PASSED] - Statement - counter = counter + 1: null

2018-12-12 16:53:35 - [TEST_STEP][PASSED] - Statement - PreSaveFile = new java.io.File(((pathPrefix + java.lang.Integer.toString(counter)) + .png)): null

2018-12-12 16:53:35 - [TEST_STEP][PASSED] - Statement - counter = counter + 1: null

2018-12-12 16:53:35 - [TEST_STEP][PASSED] - Statement - PreSaveFile = new java.io.File(((pathPrefix + java.lang.Integer.toString(counter)) + .png)): null

2018-12-12 16:53:35 - [TEST_STEP][PASSED] - Statement - counter = counter + 1: null

2018-12-12 16:53:35 - [TEST_STEP][PASSED] - Statement - PreSaveFile = new java.io.File(((pathPrefix + java.lang.Integer.toString(counter)) + .png)): null

2018-12-12 16:53:35 - [TEST_STEP][PASSED] - Statement - counter = counter + 1: null

2018-12-12 16:53:35 - [TEST_STEP][PASSED] - Statement - PreSaveFile = new java.io.File(((pathPrefix + java.lang.Integer.toString(counter)) + .png)): null

2018-12-12 16:53:35 - [TEST_STEP][PASSED] - Statement - counter = counter + 1: null

2018-12-12 16:53:35 - [TEST_STEP][PASSED] - Statement - PreSaveFile = new java.io.File(((pathPrefix + java.lang.Integer.toString(counter)) + .png)): null

2018-12-12 16:53:35 - [TEST_STEP][PASSED] - Statement - counter = counter + 1: null

2018-12-12 16:53:35 - [TEST_STEP][PASSED] - Statement - PreSaveFile = new java.io.File(((pathPrefix + java.lang.Integer.toString(counter)) + .png)): null

2018-12-12 16:53:35 - [TEST_STEP][PASSED] - Statement - counter = counter + 1: null

2018-12-12 16:53:35 - [TEST_STEP][PASSED] - Statement - PreSaveFile = new java.io.File(((pathPrefix + java.lang.Integer.toString(counter)) + .png)): null

2018-12-12 16:53:35 - [TEST_STEP][PASSED] - Statement - counter = counter + 1: null

2018-12-12 16:53:35 - [TEST_STEP][PASSED] - Statement - PreSaveFile = new java.io.File(((pathPrefix + java.lang.Integer.toString(counter)) + .png)): null

2018-12-12 16:53:35 - [TEST_STEP][PASSED] - Statement - counter = counter + 1: null

2018-12-12 16:53:35 - [TEST_STEP][PASSED] - Statement - PreSaveFile = new java.io.File(((pathPrefix + java.lang.Integer.toString(counter)) + .png)): null

2018-12-12 16:53:35 - [TEST_STEP][PASSED] - Statement - counter = counter + 1: null

2018-12-12 16:53:35 - [TEST_STEP][PASSED] - Statement - PreSaveFile = new java.io.File(((pathPrefix + java.lang.Integer.toString(counter)) + .png)): null

2018-12-12 16:53:35 - [TEST_STEP][PASSED] - Statement - counter = counter + 1: null

2018-12-12 16:53:35 - [TEST_STEP][PASSED] - Statement - PreSaveFile = new java.io.File(((pathPrefix + java.lang.Integer.toString(counter)) + .png)): null

2018-12-12 16:53:35 - [TEST_STEP][PASSED] - Statement - counter = counter + 1: null

2018-12-12 16:53:35 - [TEST_STEP][PASSED] - Statement - PreSaveFile = new java.io.File(((pathPrefix + java.lang.Integer.toString(counter)) + .png)): null

2018-12-12 16:53:35 - [TEST_STEP][PASSED] - Statement - counter = counter + 1: null

2018-12-12 16:53:35 - [TEST_STEP][PASSED] - Statement - PreSaveFile = new java.io.File(((pathPrefix + java.lang.Integer.toString(counter)) + .png)): null

2018-12-12 16:53:35 - [TEST_STEP][PASSED] - Statement - counter = counter + 1: null

2018-12-12 16:53:35 - [TEST_STEP][PASSED] - Statement - PreSaveFile = new java.io.File(((pathPrefix + java.lang.Integer.toString(counter)) + .png)): null

2018-12-12 16:53:35 - [TEST_STEP][PASSED] - Statement - counter = counter + 1: null

2018-12-12 16:53:35 - [TEST_STEP][PASSED] - Statement - PreSaveFile = new java.io.File(((pathPrefix + java.lang.Integer.toString(counter)) + .png)): null

2018-12-12 16:53:35 - [TEST_STEP][PASSED] - Statement - counter = counter + 1: null

2018-12-12 16:53:35 - [TEST_STEP][PASSED] - Statement - PreSaveFile = new java.io.File(((pathPrefix + java.lang.Integer.toString(counter)) + .png)): null

2018-12-12 16:53:35 - [TEST_STEP][PASSED] - Statement - counter = counter + 1: null

2018-12-12 16:53:35 - [TEST_STEP][PASSED] - Statement - PreSaveFile = new java.io.File(((pathPrefix + java.lang.Integer.toString(counter)) + .png)): null

2018-12-12 16:53:35 - [TEST_STEP][PASSED] - Statement - counter = counter + 1: null

2018-12-12 16:53:35 - [TEST_STEP][PASSED] - Statement - PreSaveFile = new java.io.File(((pathPrefix + java.lang.Integer.toString(counter)) + .png)): null

2018-12-12 16:53:35 - [TEST_STEP][PASSED] - Statement - counter = counter + 1: null

2018-12-12 16:53:35 - [TEST_STEP][PASSED] - Statement - PreSaveFile = new java.io.File(((pathPrefix + java.lang.Integer.toString(counter)) + .png)): null

2018-12-12 16:53:35 - [TEST_STEP][PASSED] - Statement - counter = counter + 1: null

2018-12-12 16:53:35 - [TEST_STEP][PASSED] - Statement - PreSaveFile = new java.io.File(((pathPrefix + java.lang.Integer.toString(counter)) + .png)): null

2018-12-12 16:53:35 - [TEST_STEP][PASSED] - Statement - counter = counter + 1: null

2018-12-12 16:53:35 - [TEST_STEP][PASSED] - Statement - PreSaveFile = new java.io.File(((pathPrefix + java.lang.Integer.toString(counter)) + .png)): null

2018-12-12 16:53:35 - [TEST_STEP][PASSED] - Statement - counter = counter + 1: null

2018-12-12 16:53:35 - [TEST_STEP][PASSED] - Statement - PreSaveFile = new java.io.File(((pathPrefix + java.lang.Integer.toString(counter)) + .png)): null

2018-12-12 16:53:35 - [TEST_STEP][PASSED] - Statement - counter = counter + 1: null

2018-12-12 16:53:35 - [TEST_STEP][PASSED] - Statement - PreSaveFile = new java.io.File(((pathPrefix + java.lang.Integer.toString(counter)) + .png)): null

2018-12-12 16:53:35 - [TEST_STEP][PASSED] - Statement - counter = counter + 1: null

2018-12-12 16:53:35 - [TEST_STEP][PASSED] - Statement - PreSaveFile = new java.io.File(((pathPrefix + java.lang.Integer.toString(counter)) + .png)): null

2018-12-12 16:53:35 - [TEST_STEP][PASSED] - Statement - counter = counter + 1: null

2018-12-12 16:53:35 - [TEST_STEP][PASSED] - Statement - PreSaveFile = new java.io.File(((pathPrefix + java.lang.Integer.toString(counter)) + .png)): null

2018-12-12 16:53:35 - [TEST_STEP][PASSED] - Statement - counter = counter + 1: null

2018-12-12 16:53:35 - [TEST_STEP][PASSED] - Statement - PreSaveFile = new java.io.File(((pathPrefix + java.lang.Integer.toString(counter)) + .png)): null

2018-12-12 16:53:35 - [TEST_STEP][PASSED] - Statement - counter = counter + 1: null

2018-12-12 16:53:35 - [TEST_STEP][PASSED] - Statement - PreSaveFile = new java.io.File(((pathPrefix + java.lang.Integer.toString(counter)) + .png)): null

2018-12-12 16:53:35 - [TEST_STEP][PASSED] - Statement - counter = counter + 1: null

2018-12-12 16:53:35 - [TEST_STEP][PASSED] - Statement - PreSaveFile = new java.io.File(((pathPrefix + java.lang.Integer.toString(counter)) + .png)): null

2018-12-12 16:53:35 - [TEST_STEP][PASSED] - Statement - counter = counter + 1: null

2018-12-12 16:53:35 - [TEST_STEP][PASSED] - Statement - PreSaveFile = new java.io.File(((pathPrefix + java.lang.Integer.toString(counter)) + .png)): null

2018-12-12 16:53:35 - [TEST_STEP][PASSED] - Statement - counter = counter + 1: null

2018-12-12 16:53:35 - [TEST_STEP][PASSED] - Statement - PreSaveFile = new java.io.File(((pathPrefix + java.lang.Integer.toString(counter)) + .png)): null

2018-12-12 16:53:35 - [TEST_STEP][PASSED] - Statement - counter = counter + 1: null

2018-12-12 16:53:35 - [TEST_STEP][PASSED] - Statement - PreSaveFile = new java.io.File(((pathPrefix + java.lang.Integer.toString(counter)) + .png)): null

2018-12-12 16:53:35 - [TEST_STEP][PASSED] - Statement - counter = counter + 1: null

2018-12-12 16:53:35 - [TEST_STEP][PASSED] - Statement - PreSaveFile = new java.io.File(((pathPrefix + java.lang.Integer.toString(counter)) + .png)): null

2018-12-12 16:53:35 - [TEST_STEP][PASSED] - Statement - counter = counter + 1: null

2018-12-12 16:53:35 - [TEST_STEP][PASSED] - Statement - PreSaveFile = new java.io.File(((pathPrefix + java.lang.Integer.toString(counter)) + .png)): null

2018-12-12 16:53:35 - [TEST_STEP][PASSED] - Statement - counter = counter + 1: null

2018-12-12 16:53:35 - [TEST_STEP][PASSED] - Statement - PreSaveFile = new java.io.File(((pathPrefix + java.lang.Integer.toString(counter)) + .png)): null

2018-12-12 16:53:35 - [TEST_STEP][PASSED] - Statement - counter = counter + 1: null

2018-12-12 16:53:35 - [TEST_STEP][PASSED] - Statement - PreSaveFile = new java.io.File(((pathPrefix + java.lang.Integer.toString(counter)) + .png)): null

2018-12-12 16:53:35 - [TEST_STEP][PASSED] - Statement - counter = counter + 1: null

2018-12-12 16:53:35 - [TEST_STEP][PASSED] - Statement - PreSaveFile = new java.io.File(((pathPrefix + java.lang.Integer.toString(counter)) + .png)): null

2018-12-12 16:53:35 - [TEST_STEP][PASSED] - Statement - counter = counter + 1: null

2018-12-12 16:53:35 - [TEST_STEP][PASSED] - Statement - PreSaveFile = new java.io.File(((pathPrefix + java.lang.Integer.toString(counter)) + .png)): null

2018-12-12 16:53:35 - [TEST_STEP][PASSED] - Statement - counter = counter + 1: null

2018-12-12 16:53:35 - [TEST_STEP][PASSED] - Statement - PreSaveFile = new java.io.File(((pathPrefix + java.lang.Integer.toString(counter)) + .png)): null

2018-12-12 16:53:35 - [TEST_STEP][PASSED] - Statement - finalPath = pathPrefix + java.lang.Integer.toString(counter) + ".png": null

2018-12-12 16:53:35 - [TEST_STEP][PASSED] - Statement - SaveFile = new java.io.File(finalPath): null

2018-12-12 16:53:35 - [TEST_STEP][PASSED] - Statement - Try: null

2018-12-12 16:53:35 - [TEST_STEP][PASSED] - Statement - org.apache.commons.io.FileUtils.copyFile(scrFile, SaveFile): null

2018-12-12 16:53:35 - [TEST_STEP][PASSED] - Statement - out.println("file kept"): null

2018-12-12 16:53:35 - [TEST_STEP][PASSED] - delay: Delayed 10 second(s)

2018-12-12 16:53:45 - [MESSAGE][PASSED] - Delayed 10 second(s)

2018-12-12 16:53:45 - [MESSAGE][PASSED] - Call Test Case 'Test Cases/Final Aug 2018 - PKS Automation/Registration Module/New Registration/Submit and Screenshot/Submit Registration and Screenshot' successfully]]></system-out>
         <system-err><![CDATA[]]></system-err>
      </testcase>
      <testcase name="Test Cases/Final Aug 2018 - PKS Automation/Registration Module/Critical Path/New Registration/Register ASSIST Only/Other - State Government Body" classname="Test Cases/Final Aug 2018 - PKS Automation/Registration Module/Critical Path/New Registration/Register ASSIST Only/Other - State Government Body" status="PASSED">
         <system-out><![CDATA[2018-12-12 16:53:45 - [TEST_CASE][PASSED] - Test Cases/Final Aug 2018 - PKS Automation/Registration Module/Critical Path/New Registration/Register ASSIST Only/Other - State Government Body: Test Cases/Final Aug 2018 - PKS Automation/Registration Module/Critical Path/New Registration/Register ASSIST Only/Other - State Government Body

2018-12-12 16:53:46 - [TEST_STEP][PASSED] - callTestCase: Call Test Case 'Test Cases/Final Aug 2018 - PKS Automation/Registration Module/New Registration/Form 1/Form 1 - Other - State Government Agency' successfully

2018-12-12 16:53:46 - [TEST_CASE][PASSED] - Test Cases/Final Aug 2018 - PKS Automation/Registration Module/New Registration/Form 1/Form 1 - Other - State Government Agency: Test Cases/Final Aug 2018 - PKS Automation/Registration Module/New Registration/Form 1/Form 1 - Other - State Government Agency

2018-12-12 16:53:46 - [TEST_STEP][PASSED] - openBrowser: Browser is opened with url: ''

2018-12-12 16:53:46 - [MESSAGE][WARNING] - A browser is already opened. Closing browser and opening a new one

2018-12-12 16:53:49 - [MESSAGE][PASSED] - Browser is opened with url: ''

2018-12-12 16:53:49 - [TEST_STEP][PASSED] - navigateToUrl: Navigate to 'https://assist2-uat.perkeso.gov.my/login' successfully

2018-12-12 16:53:50 - [MESSAGE][PASSED] - Navigate to 'https://assist2-uat.perkeso.gov.my/login' successfully

2018-12-12 16:53:50 - [TEST_STEP][PASSED] - delay: Delayed 3 second(s)

2018-12-12 16:53:53 - [MESSAGE][PASSED] - Delayed 3 second(s)

2018-12-12 16:53:53 - [TEST_STEP][PASSED] - setText: Text 'johorotc1@gmail.com' is set on object 'Object Repository/Final Object Repo/Login Page/Internal User/Email Address'

2018-12-12 16:53:53 - [MESSAGE][PASSED] - Text 'johorotc1@gmail.com' is set on object 'Object Repository/Final Object Repo/Login Page/Internal User/Email Address'

2018-12-12 16:53:53 - [TEST_STEP][PASSED] - click: Object: 'Object Repository/Final Object Repo/Login Page/Internal User/Next Button' is clicked on

2018-12-12 16:53:53 - [MESSAGE][PASSED] - Object: 'Object Repository/Final Object Repo/Login Page/Internal User/Next Button' is clicked on

2018-12-12 16:53:53 - [TEST_STEP][PASSED] - delay: Delayed 1 second(s)

2018-12-12 16:53:54 - [MESSAGE][PASSED] - Delayed 1 second(s)

2018-12-12 16:53:54 - [TEST_STEP][PASSED] - setEncryptedText: Text ****** has been set on object 'Object Repository/Final Object Repo/Login Page/Internal User/Password'

2018-12-12 16:53:55 - [MESSAGE][PASSED] - Text ****** has been set on object 'Object Repository/Final Object Repo/Login Page/Internal User/Password'

2018-12-12 16:53:55 - [TEST_STEP][PASSED] - click: Object: 'Object Repository/Final Object Repo/Login Page/Internal User/Login Button' is clicked on

2018-12-12 16:53:55 - [MESSAGE][PASSED] - Object: 'Object Repository/Final Object Repo/Login Page/Internal User/Login Button' is clicked on

2018-12-12 16:53:55 - [TEST_STEP][PASSED] - delay: Delayed 1 second(s)

2018-12-12 16:53:56 - [MESSAGE][PASSED] - Delayed 1 second(s)

2018-12-12 16:53:56 - [TEST_STEP][PASSED] - Statement - Try: Delayed 2 second(s)

2018-12-12 16:53:56 - [TEST_STEP][PASSED] - Statement - Checker = false: null

2018-12-12 16:53:56 - [TEST_STEP][PASSED] - Statement - Checker = com.kms.katalon.core.webui.keyword.WebUiBuiltInKeywords.verifyElementHasAttribute(com.kms.katalon.core.testobject.ObjectRepository.findTestObject(Final Object Repo/Landing Page/BM Detecting), "href", 20, OPTIONAL): Object 'Object Repository/Final Object Repo/Landing Page/BM Detecting' has attribute 'href'

2018-12-12 16:53:57 - [MESSAGE][PASSED] - Object 'Object Repository/Final Object Repo/Landing Page/BM Detecting' has attribute 'href'

2018-12-12 16:53:57 - [TEST_STEP][PASSED] - Statement - out.println(Checker): null

2018-12-12 16:53:57 - [TEST_STEP][PASSED] - Statement - If (Checker == false): null

2018-12-12 16:53:57 - [TEST_STEP][PASSED] - Statement - Else: null

2018-12-12 16:53:57 - [TEST_STEP][PASSED] - delay: Delayed 2 second(s)

2018-12-12 16:53:59 - [MESSAGE][PASSED] - Delayed 2 second(s)

2018-12-12 16:53:59 - [TEST_STEP][PASSED] - navigateToUrl: Navigate to 'https://assist2-uat.perkeso.gov.my/web/registration/registration' successfully

2018-12-12 16:54:01 - [MESSAGE][PASSED] - Navigate to 'https://assist2-uat.perkeso.gov.my/web/registration/registration' successfully

2018-12-12 16:54:01 - [TEST_STEP][PASSED] - click: Object: 'Object Repository/Final Object Repo/New Registration - Registration Module Pages/Form 1/AEC - No' is clicked on

2018-12-12 16:54:01 - [MESSAGE][PASSED] - Object: 'Object Repository/Final Object Repo/New Registration - Registration Module Pages/Form 1/AEC - No' is clicked on

2018-12-12 16:54:01 - [TEST_STEP][PASSED] - click: Object: 'Object Repository/Final Object Repo/New Registration - Registration Module Pages/Form 1/Business Entity' is clicked on

2018-12-12 16:54:01 - [MESSAGE][PASSED] - Object: 'Object Repository/Final Object Repo/New Registration - Registration Module Pages/Form 1/Business Entity' is clicked on

2018-12-12 16:54:01 - [TEST_STEP][PASSED] - click: Object: 'Object Repository/Final Object Repo/New Registration - Registration Module Pages/Form 1/Business Entity - Other' is clicked on

2018-12-12 16:54:01 - [MESSAGE][PASSED] - Object: 'Object Repository/Final Object Repo/New Registration - Registration Module Pages/Form 1/Business Entity - Other' is clicked on

2018-12-12 16:54:01 - [TEST_STEP][PASSED] - delay: Delayed 1 second(s)

2018-12-12 16:54:02 - [MESSAGE][PASSED] - Delayed 1 second(s)

2018-12-12 16:54:02 - [TEST_STEP][PASSED] - click: Object: 'Object Repository/Final Object Repo/New Registration - Registration Module Pages/Form 1/Sub Business Entity' is clicked on

2018-12-12 16:54:02 - [MESSAGE][PASSED] - Object: 'Object Repository/Final Object Repo/New Registration - Registration Module Pages/Form 1/Sub Business Entity' is clicked on

2018-12-12 16:54:02 - [TEST_STEP][PASSED] - click: Object: 'Object Repository/Final Object Repo/New Registration - Registration Module Pages/Form 1/Sub Business Entity - Other/Sub Business Entity  - State Government Agency' is clicked on

2018-12-12 16:54:03 - [MESSAGE][PASSED] - Object: 'Object Repository/Final Object Repo/New Registration - Registration Module Pages/Form 1/Sub Business Entity - Other/Sub Business Entity  - State Government Agency' is clicked on

2018-12-12 16:54:03 - [TEST_STEP][PASSED] - delay: Delayed 1 second(s)

2018-12-12 16:54:04 - [MESSAGE][PASSED] - Delayed 1 second(s)

2018-12-12 16:54:04 - [TEST_STEP][PASSED] - click: Object: 'Object Repository/Final Object Repo/New Registration - Registration Module Pages/Form 1/Sub Business Entity List' is clicked on

2018-12-12 16:54:04 - [MESSAGE][PASSED] - Object: 'Object Repository/Final Object Repo/New Registration - Registration Module Pages/Form 1/Sub Business Entity List' is clicked on

2018-12-12 16:54:04 - [TEST_STEP][PASSED] - click: Object: 'Object Repository/Final Object Repo/New Registration - Registration Module Pages/Form 1/Sub Business Entity List - Other/Sub Business Entity List - Others - State Government Agency - Perlis' is clicked on

2018-12-12 16:54:04 - [MESSAGE][PASSED] - Object: 'Object Repository/Final Object Repo/New Registration - Registration Module Pages/Form 1/Sub Business Entity List - Other/Sub Business Entity List - Others - State Government Agency - Perlis' is clicked on

2018-12-12 16:54:04 - [TEST_STEP][PASSED] - delay: Delayed 1 second(s)

2018-12-12 16:54:05 - [MESSAGE][PASSED] - Delayed 1 second(s)

2018-12-12 16:54:05 - [TEST_STEP][PASSED] - setText: Text '123' is set on object 'Object Repository/Final Object Repo/New Registration - Registration Module Pages/Form 1/Registration Number'

2018-12-12 16:54:05 - [MESSAGE][PASSED] - Text '123' is set on object 'Object Repository/Final Object Repo/New Registration - Registration Module Pages/Form 1/Registration Number'

2018-12-12 16:54:05 - [TEST_STEP][NOT_RUN] - click: NOT_RUN: click

2018-12-12 16:54:05 - [MESSAGE][NOT_RUN] - NOT_RUN: click

2018-12-12 16:54:05 - [TEST_STEP][PASSED] - click: Object: 'Object Repository/Final Object Repo/New Registration - Registration Module Pages/Form 1/Registered As a Branch - Yes' is clicked on

2018-12-12 16:54:06 - [MESSAGE][PASSED] - Object: 'Object Repository/Final Object Repo/New Registration - Registration Module Pages/Form 1/Registered As a Branch - Yes' is clicked on

2018-12-12 16:54:06 - [TEST_STEP][PASSED] - verifyElementPresent: Object 'Object Repository/Final Object Repo/New Registration - Registration Module Pages/Form 1/Acknowledgement Disabled' is present

2018-12-12 16:54:06 - [MESSAGE][WARNING] - Timeout '0' is invalid. Using default page load timeout: '30'

2018-12-12 16:54:06 - [MESSAGE][PASSED] - Object 'Object Repository/Final Object Repo/New Registration - Registration Module Pages/Form 1/Acknowledgement Disabled' is present

2018-12-12 16:54:06 - [TEST_STEP][NOT_RUN] - verifyElementNotClickable: NOT_RUN: verifyElementNotClickable

2018-12-12 16:54:06 - [MESSAGE][NOT_RUN] - NOT_RUN: verifyElementNotClickable

2018-12-12 16:54:06 - [TEST_STEP][PASSED] - setText: Text 'perkeso' is set on object 'Object Repository/Final Object Repo/New Registration - Registration Module Pages/Form 1/Industry name'

2018-12-12 16:54:06 - [MESSAGE][PASSED] - Text 'perkeso' is set on object 'Object Repository/Final Object Repo/New Registration - Registration Module Pages/Form 1/Industry name'

2018-12-12 16:54:06 - [TEST_STEP][PASSED] - setText: Text 'perkeso1' is set on object 'Object Repository/Final Object Repo/New Registration - Registration Module Pages/Form 1/Postal Address1'

2018-12-12 16:54:06 - [MESSAGE][PASSED] - Text 'perkeso1' is set on object 'Object Repository/Final Object Repo/New Registration - Registration Module Pages/Form 1/Postal Address1'

2018-12-12 16:54:06 - [TEST_STEP][PASSED] - setText: Text 'perkeso2' is set on object 'Object Repository/Final Object Repo/New Registration - Registration Module Pages/Form 1/Postal Address2'

2018-12-12 16:54:07 - [MESSAGE][PASSED] - Text 'perkeso2' is set on object 'Object Repository/Final Object Repo/New Registration - Registration Module Pages/Form 1/Postal Address2'

2018-12-12 16:54:07 - [TEST_STEP][PASSED] - setText: Text 'perkeso3' is set on object 'Object Repository/Final Object Repo/New Registration - Registration Module Pages/Form 1/Postal Address3'

2018-12-12 16:54:07 - [MESSAGE][PASSED] - Text 'perkeso3' is set on object 'Object Repository/Final Object Repo/New Registration - Registration Module Pages/Form 1/Postal Address3'

2018-12-12 16:54:07 - [TEST_STEP][PASSED] - click: Object: 'Object Repository/Final Object Repo/New Registration - Registration Module Pages/Form 1/State' is clicked on

2018-12-12 16:54:07 - [MESSAGE][PASSED] - Object: 'Object Repository/Final Object Repo/New Registration - Registration Module Pages/Form 1/State' is clicked on

2018-12-12 16:54:07 - [TEST_STEP][PASSED] - click: Object: 'Object Repository/Final Object Repo/New Registration - Registration Module Pages/Form 1/State - Johor' is clicked on

2018-12-12 16:54:07 - [MESSAGE][PASSED] - Object: 'Object Repository/Final Object Repo/New Registration - Registration Module Pages/Form 1/State - Johor' is clicked on

2018-12-12 16:54:07 - [TEST_STEP][PASSED] - delay: Delayed 1 second(s)

2018-12-12 16:54:08 - [MESSAGE][PASSED] - Delayed 1 second(s)

2018-12-12 16:54:08 - [TEST_STEP][PASSED] - click: Object: 'Object Repository/Final Object Repo/New Registration - Registration Module Pages/Form 1/City' is clicked on

2018-12-12 16:54:09 - [MESSAGE][PASSED] - Object: 'Object Repository/Final Object Repo/New Registration - Registration Module Pages/Form 1/City' is clicked on

2018-12-12 16:54:09 - [TEST_STEP][PASSED] - setText: Text 'joh' is set on object 'Object Repository/Final Object Repo/New Registration - Registration Module Pages/Form 1/Postcode - 810'

2018-12-12 16:54:09 - [MESSAGE][PASSED] - Text 'joh' is set on object 'Object Repository/Final Object Repo/New Registration - Registration Module Pages/Form 1/Postcode - 810'

2018-12-12 16:54:09 - [TEST_STEP][PASSED] - delay: Delayed 1 second(s)

2018-12-12 16:54:10 - [MESSAGE][PASSED] - Delayed 1 second(s)

2018-12-12 16:54:10 - [TEST_STEP][PASSED] - click: Object: 'Object Repository/Final Object Repo/New Registration - Registration Module Pages/Form 1/City - Johor Bharu' is clicked on

2018-12-12 16:54:10 - [MESSAGE][PASSED] - Object: 'Object Repository/Final Object Repo/New Registration - Registration Module Pages/Form 1/City - Johor Bharu' is clicked on

2018-12-12 16:54:10 - [TEST_STEP][PASSED] - delay: Delayed 1 second(s)

2018-12-12 16:54:11 - [MESSAGE][PASSED] - Delayed 1 second(s)

2018-12-12 16:54:11 - [TEST_STEP][PASSED] - click: Object: 'Object Repository/Final Object Repo/New Registration - Registration Module Pages/Form 1/Postcode' is clicked on

2018-12-12 16:54:11 - [MESSAGE][PASSED] - Object: 'Object Repository/Final Object Repo/New Registration - Registration Module Pages/Form 1/Postcode' is clicked on

2018-12-12 16:54:11 - [TEST_STEP][PASSED] - delay: Delayed 1 second(s)

2018-12-12 16:54:12 - [MESSAGE][PASSED] - Delayed 1 second(s)

2018-12-12 16:54:12 - [TEST_STEP][PASSED] - setText: Text '810' is set on object 'Object Repository/Final Object Repo/New Registration - Registration Module Pages/Form 1/Postcode - 810'

2018-12-12 16:54:13 - [MESSAGE][PASSED] - Text '810' is set on object 'Object Repository/Final Object Repo/New Registration - Registration Module Pages/Form 1/Postcode - 810'

2018-12-12 16:54:13 - [TEST_STEP][PASSED] - delay: Delayed 3 second(s)

2018-12-12 16:54:16 - [MESSAGE][PASSED] - Delayed 3 second(s)

2018-12-12 16:54:16 - [TEST_STEP][PASSED] - click: Object: 'Object Repository/Final Object Repo/New Registration - Registration Module Pages/Form 1/Postcode - 81000' is clicked on

2018-12-12 16:54:16 - [MESSAGE][PASSED] - Object: 'Object Repository/Final Object Repo/New Registration - Registration Module Pages/Form 1/Postcode - 81000' is clicked on

2018-12-12 16:54:16 - [TEST_STEP][PASSED] - delay: Delayed 1 second(s)

2018-12-12 16:54:17 - [MESSAGE][PASSED] - Delayed 1 second(s)

2018-12-12 16:54:17 - [TEST_STEP][PASSED] - setText: Text '100' is set on object 'Object Repository/Final Object Repo/New Registration - Registration Module Pages/Form 1/P.O.BOX'

2018-12-12 16:54:17 - [MESSAGE][PASSED] - Text '100' is set on object 'Object Repository/Final Object Repo/New Registration - Registration Module Pages/Form 1/P.O.BOX'

2018-12-12 16:54:17 - [TEST_STEP][PASSED] - setText: Text '100' is set on object 'Object Repository/Final Object Repo/New Registration - Registration Module Pages/Form 1/Locked Bag No'

2018-12-12 16:54:17 - [MESSAGE][PASSED] - Text '100' is set on object 'Object Repository/Final Object Repo/New Registration - Registration Module Pages/Form 1/Locked Bag No'

2018-12-12 16:54:17 - [TEST_STEP][PASSED] - click: Object: 'Object Repository/Final Object Repo/New Registration - Registration Module Pages/Form 1/SOCSO Office Location' is clicked on

2018-12-12 16:54:17 - [MESSAGE][PASSED] - Object: 'Object Repository/Final Object Repo/New Registration - Registration Module Pages/Form 1/SOCSO Office Location' is clicked on

2018-12-12 16:54:17 - [TEST_STEP][PASSED] - click: Object: 'Object Repository/Final Object Repo/New Registration - Registration Module Pages/Form 1/SOCSO Office Location - Pejabat PERKESO Negeri Johor' is clicked on

2018-12-12 16:54:18 - [MESSAGE][PASSED] - Object: 'Object Repository/Final Object Repo/New Registration - Registration Module Pages/Form 1/SOCSO Office Location - Pejabat PERKESO Negeri Johor' is clicked on

2018-12-12 16:54:18 - [TEST_STEP][PASSED] - delay: Delayed 1 second(s)

2018-12-12 16:54:19 - [MESSAGE][PASSED] - Delayed 1 second(s)

2018-12-12 16:54:19 - [TEST_STEP][PASSED] - check: Object 'Object Repository/Final Object Repo/New Registration - Registration Module Pages/Form 1/Indusrty Address Same As Postal Address' is checked

2018-12-12 16:54:19 - [MESSAGE][PASSED] - Object 'Object Repository/Final Object Repo/New Registration - Registration Module Pages/Form 1/Indusrty Address Same As Postal Address' is checked

2018-12-12 16:54:19 - [TEST_STEP][PASSED] - delay: Delayed 3 second(s)

2018-12-12 16:54:22 - [MESSAGE][PASSED] - Delayed 3 second(s)

2018-12-12 16:54:22 - [TEST_STEP][PASSED] - click: Object: 'Object Repository/Final Object Repo/New Registration - Registration Module Pages/Form 1/Indusry Address Same As Postal Address False' is clicked on

2018-12-12 16:54:22 - [MESSAGE][PASSED] - Object: 'Object Repository/Final Object Repo/New Registration - Registration Module Pages/Form 1/Indusry Address Same As Postal Address False' is clicked on

2018-12-12 16:54:22 - [TEST_STEP][PASSED] - delay: Delayed 1 second(s)

2018-12-12 16:54:23 - [MESSAGE][PASSED] - Delayed 1 second(s)

2018-12-12 16:54:23 - [TEST_STEP][PASSED] - setText: Text 'perkeso1' is set on object 'Object Repository/Final Object Repo/New Registration - Registration Module Pages/Form 1/Industry Address1'

2018-12-12 16:54:24 - [MESSAGE][PASSED] - Text 'perkeso1' is set on object 'Object Repository/Final Object Repo/New Registration - Registration Module Pages/Form 1/Industry Address1'

2018-12-12 16:54:24 - [TEST_STEP][PASSED] - setText: Text 'perkeso2' is set on object 'Object Repository/Final Object Repo/New Registration - Registration Module Pages/Form 1/Industry Address2'

2018-12-12 16:54:24 - [MESSAGE][PASSED] - Text 'perkeso2' is set on object 'Object Repository/Final Object Repo/New Registration - Registration Module Pages/Form 1/Industry Address2'

2018-12-12 16:54:24 - [TEST_STEP][PASSED] - setText: Text 'perkeso3' is set on object 'Object Repository/Final Object Repo/New Registration - Registration Module Pages/Form 1/Industry Address3'

2018-12-12 16:54:24 - [MESSAGE][PASSED] - Text 'perkeso3' is set on object 'Object Repository/Final Object Repo/New Registration - Registration Module Pages/Form 1/Industry Address3'

2018-12-12 16:54:24 - [TEST_STEP][PASSED] - click: Object: 'Object Repository/Final Object Repo/New Registration - Registration Module Pages/Form 1/Industry State' is clicked on

2018-12-12 16:54:25 - [MESSAGE][PASSED] - Object: 'Object Repository/Final Object Repo/New Registration - Registration Module Pages/Form 1/Industry State' is clicked on

2018-12-12 16:54:25 - [TEST_STEP][PASSED] - delay: Delayed 2 second(s)

2018-12-12 16:54:27 - [MESSAGE][PASSED] - Delayed 2 second(s)

2018-12-12 16:54:27 - [TEST_STEP][PASSED] - click: Object: 'Object Repository/Final Object Repo/New Registration - Registration Module Pages/Form 1/Industry State - Johor' is clicked on

2018-12-12 16:54:27 - [MESSAGE][PASSED] - Object: 'Object Repository/Final Object Repo/New Registration - Registration Module Pages/Form 1/Industry State - Johor' is clicked on

2018-12-12 16:54:27 - [TEST_STEP][PASSED] - delay: Delayed 2 second(s)

2018-12-12 16:54:29 - [MESSAGE][PASSED] - Delayed 2 second(s)

2018-12-12 16:54:29 - [TEST_STEP][PASSED] - click: Object: 'Object Repository/Final Object Repo/New Registration - Registration Module Pages/Form 1/Industry Ciry' is clicked on

2018-12-12 16:54:29 - [MESSAGE][PASSED] - Object: 'Object Repository/Final Object Repo/New Registration - Registration Module Pages/Form 1/Industry Ciry' is clicked on

2018-12-12 16:54:29 - [TEST_STEP][PASSED] - setText: Text 'joh' is set on object 'Object Repository/Final Object Repo/New Registration - Registration Module Pages/Form 1/Industry Ciry - joh'

2018-12-12 16:54:29 - [MESSAGE][PASSED] - Text 'joh' is set on object 'Object Repository/Final Object Repo/New Registration - Registration Module Pages/Form 1/Industry Ciry - joh'

2018-12-12 16:54:29 - [TEST_STEP][PASSED] - delay: Delayed 2 second(s)

2018-12-12 16:54:31 - [MESSAGE][PASSED] - Delayed 2 second(s)

2018-12-12 16:54:31 - [TEST_STEP][PASSED] - click: Object: 'Object Repository/Final Object Repo/New Registration - Registration Module Pages/Form 1/Industy State - Johor Bharu' is clicked on

2018-12-12 16:54:31 - [MESSAGE][PASSED] - Object: 'Object Repository/Final Object Repo/New Registration - Registration Module Pages/Form 1/Industy State - Johor Bharu' is clicked on

2018-12-12 16:54:31 - [TEST_STEP][PASSED] - delay: Delayed 1 second(s)

2018-12-12 16:54:32 - [MESSAGE][PASSED] - Delayed 1 second(s)

2018-12-12 16:54:32 - [TEST_STEP][PASSED] - click: Object: 'Object Repository/Final Object Repo/New Registration - Registration Module Pages/Form 1/Indusry PostCode' is clicked on

2018-12-12 16:54:33 - [MESSAGE][PASSED] - Object: 'Object Repository/Final Object Repo/New Registration - Registration Module Pages/Form 1/Indusry PostCode' is clicked on

2018-12-12 16:54:33 - [TEST_STEP][PASSED] - delay: Delayed 1 second(s)

2018-12-12 16:54:34 - [MESSAGE][PASSED] - Delayed 1 second(s)

2018-12-12 16:54:34 - [TEST_STEP][PASSED] - setText: Text '810' is set on object 'Object Repository/Final Object Repo/New Registration - Registration Module Pages/Form 1/Insutry Post Code - 810'

2018-12-12 16:54:34 - [MESSAGE][PASSED] - Text '810' is set on object 'Object Repository/Final Object Repo/New Registration - Registration Module Pages/Form 1/Insutry Post Code - 810'

2018-12-12 16:54:34 - [TEST_STEP][PASSED] - delay: Delayed 1 second(s)

2018-12-12 16:54:35 - [MESSAGE][PASSED] - Delayed 1 second(s)

2018-12-12 16:54:35 - [TEST_STEP][PASSED] - click: Object: 'Object Repository/Final Object Repo/New Registration - Registration Module Pages/Form 1/Insutry Post Code - 81000' is clicked on

2018-12-12 16:54:35 - [MESSAGE][PASSED] - Object: 'Object Repository/Final Object Repo/New Registration - Registration Module Pages/Form 1/Insutry Post Code - 81000' is clicked on

2018-12-12 16:54:35 - [TEST_STEP][PASSED] - delay: Delayed 1 second(s)

2018-12-12 16:54:36 - [MESSAGE][PASSED] - Delayed 1 second(s)

2018-12-12 16:54:36 - [TEST_STEP][PASSED] - setText: Text '100' is set on object 'Object Repository/Final Object Repo/New Registration - Registration Module Pages/Form 1/Industry P.O.BOX'

2018-12-12 16:54:36 - [MESSAGE][PASSED] - Text '100' is set on object 'Object Repository/Final Object Repo/New Registration - Registration Module Pages/Form 1/Industry P.O.BOX'

2018-12-12 16:54:36 - [TEST_STEP][PASSED] - setText: Text '100' is set on object 'Object Repository/Final Object Repo/New Registration - Registration Module Pages/Form 1/Industry Locked Bag No'

2018-12-12 16:54:36 - [MESSAGE][PASSED] - Text '100' is set on object 'Object Repository/Final Object Repo/New Registration - Registration Module Pages/Form 1/Industry Locked Bag No'

2018-12-12 16:54:36 - [TEST_STEP][PASSED] - setText: Text '123456789' is set on object 'Object Repository/Final Object Repo/New Registration - Registration Module Pages/Form 1/Telephone No'

2018-12-12 16:54:37 - [MESSAGE][PASSED] - Text '123456789' is set on object 'Object Repository/Final Object Repo/New Registration - Registration Module Pages/Form 1/Telephone No'

2018-12-12 16:54:37 - [TEST_STEP][PASSED] - setText: Text '123456789' is set on object 'Object Repository/Final Object Repo/New Registration - Registration Module Pages/Form 1/Mobile No'

2018-12-12 16:54:37 - [MESSAGE][PASSED] - Text '123456789' is set on object 'Object Repository/Final Object Repo/New Registration - Registration Module Pages/Form 1/Mobile No'

2018-12-12 16:54:37 - [TEST_STEP][PASSED] - setText: Text '123456789' is set on object 'Object Repository/Final Object Repo/New Registration - Registration Module Pages/Form 1/Fax No'

2018-12-12 16:54:38 - [MESSAGE][PASSED] - Text '123456789' is set on object 'Object Repository/Final Object Repo/New Registration - Registration Module Pages/Form 1/Fax No'

2018-12-12 16:54:38 - [TEST_STEP][PASSED] - click: Object: 'Object Repository/Final Object Repo/New Registration - Registration Module Pages/Form 1/Industry Code' is clicked on

2018-12-12 16:54:38 - [MESSAGE][PASSED] - Object: 'Object Repository/Final Object Repo/New Registration - Registration Module Pages/Form 1/Industry Code' is clicked on

2018-12-12 16:54:38 - [TEST_STEP][PASSED] - click: Object: 'Object Repository/Final Object Repo/New Registration - Registration Module Pages/Form 1/Indudustry Code - Crops and Animal' is clicked on

2018-12-12 16:54:38 - [MESSAGE][PASSED] - Object: 'Object Repository/Final Object Repo/New Registration - Registration Module Pages/Form 1/Indudustry Code - Crops and Animal' is clicked on

2018-12-12 16:54:38 - [TEST_STEP][PASSED] - delay: Delayed 1 second(s)

2018-12-12 16:54:39 - [MESSAGE][PASSED] - Delayed 1 second(s)

2018-12-12 16:54:39 - [TEST_STEP][PASSED] - click: Object: 'Object Repository/Final Object Repo/New Registration - Registration Module Pages/Form 1/Sub Industry Code List' is clicked on

2018-12-12 16:54:39 - [MESSAGE][PASSED] - Object: 'Object Repository/Final Object Repo/New Registration - Registration Module Pages/Form 1/Sub Industry Code List' is clicked on

2018-12-12 16:54:39 - [TEST_STEP][PASSED] - click: Object: 'Object Repository/Final Object Repo/New Registration - Registration Module Pages/Form 1/Sub Industry Code List - Growing of Maize' is clicked on

2018-12-12 16:54:40 - [MESSAGE][PASSED] - Object: 'Object Repository/Final Object Repo/New Registration - Registration Module Pages/Form 1/Sub Industry Code List - Growing of Maize' is clicked on

2018-12-12 16:54:40 - [TEST_STEP][PASSED] - setText: Text 'perkeso123@gmail.com' is set on object 'Object Repository/Final Object Repo/New Registration - Registration Module Pages/Form 1/Email'

2018-12-12 16:54:40 - [MESSAGE][PASSED] - Text 'perkeso123@gmail.com' is set on object 'Object Repository/Final Object Repo/New Registration - Registration Module Pages/Form 1/Email'

2018-12-12 16:54:40 - [TEST_STEP][PASSED] - click: Object: 'Object Repository/Final Object Repo/New Registration - Registration Module Pages/Form 1/Method of Contribution Payment' is clicked on

2018-12-12 16:54:40 - [MESSAGE][PASSED] - Object: 'Object Repository/Final Object Repo/New Registration - Registration Module Pages/Form 1/Method of Contribution Payment' is clicked on

2018-12-12 16:54:40 - [TEST_STEP][PASSED] - click: Object: 'Object Repository/Final Object Repo/New Registration - Registration Module Pages/Form 1/Method of Contribution Payment - Portal' is clicked on

2018-12-12 16:54:41 - [MESSAGE][PASSED] - Object: 'Object Repository/Final Object Repo/New Registration - Registration Module Pages/Form 1/Method of Contribution Payment - Portal' is clicked on

2018-12-12 16:54:41 - [TEST_STEP][PASSED] - click: Object: 'Object Repository/Final Object Repo/New Registration - Registration Module Pages/Form 1/Servide Type' is clicked on

2018-12-12 16:54:41 - [MESSAGE][PASSED] - Object: 'Object Repository/Final Object Repo/New Registration - Registration Module Pages/Form 1/Servide Type' is clicked on

2018-12-12 16:54:41 - [TEST_STEP][PASSED] - click: Object: 'Object Repository/Final Object Repo/New Registration - Registration Module Pages/Form 1/Servide Type - Professional Bodies' is clicked on

2018-12-12 16:54:41 - [MESSAGE][PASSED] - Object: 'Object Repository/Final Object Repo/New Registration - Registration Module Pages/Form 1/Servide Type - Professional Bodies' is clicked on

2018-12-12 16:54:41 - [TEST_STEP][PASSED] - click: Object: 'Object Repository/Final Object Repo/New Registration - Registration Module Pages/Form 1/Industry Venue' is clicked on

2018-12-12 16:54:41 - [MESSAGE][PASSED] - Object: 'Object Repository/Final Object Repo/New Registration - Registration Module Pages/Form 1/Industry Venue' is clicked on

2018-12-12 16:54:41 - [TEST_STEP][PASSED] - click: Object: 'Object Repository/Final Object Repo/New Registration - Registration Module Pages/Form 1/Industry Venue -  PPN JOHOR' is clicked on

2018-12-12 16:54:42 - [MESSAGE][PASSED] - Object: 'Object Repository/Final Object Repo/New Registration - Registration Module Pages/Form 1/Industry Venue -  PPN JOHOR' is clicked on

2018-12-12 16:54:42 - [TEST_STEP][PASSED] - click: Object: 'Object Repository/Final Object Repo/New Registration - Registration Module Pages/Form 1/Save  Continue' is clicked on

2018-12-12 16:54:42 - [MESSAGE][PASSED] - Object: 'Object Repository/Final Object Repo/New Registration - Registration Module Pages/Form 1/Save  Continue' is clicked on

2018-12-12 16:54:42 - [MESSAGE][PASSED] - Call Test Case 'Test Cases/Final Aug 2018 - PKS Automation/Registration Module/New Registration/Form 1/Form 1 - Other - State Government Agency' successfully

2018-12-12 16:54:42 - [TEST_STEP][PASSED] - callTestCase: Call Test Case 'Test Cases/Final Aug 2018 - PKS Automation/Registration Module/New Registration/Form 2/Add 2 Not Eligible - No 3rd Screen' successfully

2018-12-12 16:54:42 - [TEST_CASE][PASSED] - Test Cases/Final Aug 2018 - PKS Automation/Registration Module/New Registration/Form 2/Add 2 Not Eligible - No 3rd Screen: Test Cases/Final Aug 2018 - PKS Automation/Registration Module/New Registration/Form 2/Add 2 Not Eligible - No 3rd Screen

2018-12-12 16:54:42 - [TEST_STEP][PASSED] - delay: Delayed 2 second(s)

2018-12-12 16:54:44 - [MESSAGE][PASSED] - Delayed 2 second(s)

2018-12-12 16:54:44 - [TEST_STEP][PASSED] - callTestCase: Call Test Case 'Test Cases/Final Aug 2018 - PKS Automation/Registration Module/New Registration/Form 2/Date Updater' successfully

2018-12-12 16:54:44 - [TEST_CASE][PASSED] - Test Cases/Final Aug 2018 - PKS Automation/Registration Module/New Registration/Form 2/Date Updater: Test Cases/Final Aug 2018 - PKS Automation/Registration Module/New Registration/Form 2/Date Updater

2018-12-12 16:54:44 - [TEST_STEP][PASSED] - Statement - TodayDate = new java.util.Date(): null

2018-12-12 16:54:44 - [TEST_STEP][PASSED] - Statement - CurrentDateNoFilter = new java.text.SimpleDateFormat(): null

2018-12-12 16:54:44 - [TEST_STEP][PASSED] - Statement - CurrentDateNoFilter.applyPattern("MM"): null

2018-12-12 16:54:44 - [TEST_STEP][PASSED] - Statement - monthContainerMatcher = java.lang.Integer.parseInt(CurrentDateNoFilter.format(TodayDate)): null

2018-12-12 16:54:44 - [TEST_STEP][PASSED] - Statement - monthContainerMatcher = monthContainerMatcher - 1: null

2018-12-12 16:54:44 - [TEST_STEP][PASSED] - Statement - CurrentMonth = monthContainerMatcher.toString(): null

2018-12-12 16:54:44 - [TEST_STEP][PASSED] - Statement - CurrentMonth = CurrentMonth: null

2018-12-12 16:54:44 - [TEST_STEP][PASSED] - Statement - CurrentDateNoFilter.applyPattern("yyyy"): null

2018-12-12 16:54:44 - [TEST_STEP][PASSED] - Statement - CurrentYear = CurrentDateNoFilter.format(TodayDate): null

2018-12-12 16:54:44 - [TEST_STEP][PASSED] - Statement - CurrentYear = CurrentYear: null

2018-12-12 16:54:44 - [TEST_STEP][PASSED] - Statement - intCurrentYear = java.lang.Integer.parseInt(CurrentDateNoFilter.format(TodayDate)): null

2018-12-12 16:54:44 - [TEST_STEP][PASSED] - Statement - eighteenYrsAgo = intCurrentYear - 18: null

2018-12-12 16:54:44 - [TEST_STEP][PASSED] - Statement - eighteenYrsBeforeThisYr = eighteenYrsAgo.toString(): null

2018-12-12 16:54:44 - [TEST_STEP][PASSED] - Statement - EighteenYrsBefore = eighteenYrsBeforeThisYr: null

2018-12-12 16:54:44 - [TEST_STEP][PASSED] - Statement - fiftysevenYrsAgo = intCurrentYear - 57: null

2018-12-12 16:54:44 - [TEST_STEP][PASSED] - Statement - fiftysevenYrsBeforeThisYr = fiftysevenYrsAgo.toString(): null

2018-12-12 16:54:44 - [TEST_STEP][PASSED] - Statement - FiftysevenYrsBefore = fiftysevenYrsBeforeThisYr: null

2018-12-12 16:54:44 - [TEST_STEP][PASSED] - Statement - leapYear = false: null

2018-12-12 16:54:44 - [TEST_STEP][PASSED] - Statement - leapYear = intCurrentYear % 4 == 0: null

2018-12-12 16:54:44 - [TEST_STEP][PASSED] - Statement - CurrentDateNoFilter.applyPattern("dd"): null

2018-12-12 16:54:44 - [TEST_STEP][PASSED] - Statement - CurrentDate = CurrentDateNoFilter.format(TodayDate): null

2018-12-12 16:54:44 - [TEST_STEP][PASSED] - Statement - CurrentDate = java.lang.Integer.parseInt(CurrentDate): null

2018-12-12 16:54:44 - [TEST_STEP][PASSED] - Statement - CurrentDate = CurrentDate: null

2018-12-12 16:54:44 - [TEST_STEP][PASSED] - Statement - CurrentDay = java.lang.Integer.parseInt(CurrentDate): null

2018-12-12 16:54:44 - [TEST_STEP][PASSED] - Statement - ConfAdder = <not implemented yet for class: org.codehaus.groovy.ast.expr.EmptyExpression>: null

2018-12-12 16:54:44 - [TEST_STEP][PASSED] - Statement - out.println(CurrentMonth): null

2018-12-12 16:54:44 - [TEST_STEP][PASSED] - Statement - out.println(CurrentDate): null

2018-12-12 16:54:44 - [TEST_STEP][PASSED] - Statement - switch (CurrentDate): null

2018-12-12 16:54:44 - [TEST_STEP][PASSED] - Statement - Default: null

2018-12-12 16:54:44 - [TEST_STEP][PASSED] - Statement - ConfAdder = true: null

2018-12-12 16:54:44 - [TEST_STEP][PASSED] - Statement - Break: null

2018-12-12 16:54:44 - [TEST_STEP][PASSED] - Statement - aDayBefore = <not implemented yet for class: org.codehaus.groovy.ast.expr.EmptyExpression>: null

2018-12-12 16:54:44 - [TEST_STEP][PASSED] - Statement - out.println(ConfAdder): null

2018-12-12 16:54:44 - [TEST_STEP][PASSED] - Statement - If (ConfAdder == true): null

2018-12-12 16:54:44 - [TEST_STEP][PASSED] - Statement - aDayBefore = CurrentDay + 1: null

2018-12-12 16:54:44 - [TEST_STEP][PASSED] - Statement - out.println(aDayBefore): null

2018-12-12 16:54:44 - [TEST_STEP][PASSED] - Statement - If (aDayBefore == 1 && CurrentMonth == 11): null

2018-12-12 16:54:44 - [TEST_STEP][PASSED] - Statement - DayBefore = aDayBefore.toString(): null

2018-12-12 16:54:44 - [TEST_STEP][PASSED] - Statement - OneDayBefore = DayBefore: null

2018-12-12 16:54:44 - [MESSAGE][PASSED] - Call Test Case 'Test Cases/Final Aug 2018 - PKS Automation/Registration Module/New Registration/Form 2/Date Updater' successfully

2018-12-12 16:54:44 - [TEST_STEP][PASSED] - Statement - CaseReferenceNo = com.kms.katalon.core.webui.keyword.WebUiBuiltInKeywords.getText(com.kms.katalon.core.testobject.ObjectRepository.findTestObject(Final Object Repo/New Registration - Registration Module Pages/Form 2/RefNo Acquiring)): Text of object 'Object Repository/Final Object Repo/New Registration - Registration Module Pages/Form 2/RefNo Acquiring' is: 'CRN12201800123219'

2018-12-12 16:54:44 - [MESSAGE][PASSED] - Text of object 'Object Repository/Final Object Repo/New Registration - Registration Module Pages/Form 2/RefNo Acquiring' is: 'CRN12201800123219'

2018-12-12 16:54:44 - [TEST_STEP][PASSED] - delay: Delayed 6 second(s)

2018-12-12 16:54:50 - [MESSAGE][PASSED] - Delayed 6 second(s)

2018-12-12 16:54:50 - [TEST_STEP][PASSED] - click: Object: 'Object Repository/Final Object Repo/New Registration - Registration Module Pages/Form 2/Add Employee Button' is clicked on

2018-12-12 16:54:50 - [MESSAGE][PASSED] - Object: 'Object Repository/Final Object Repo/New Registration - Registration Module Pages/Form 2/Add Employee Button' is clicked on

2018-12-12 16:54:50 - [TEST_STEP][PASSED] - delay: Delayed 4 second(s)

2018-12-12 16:54:54 - [MESSAGE][PASSED] - Delayed 4 second(s)

2018-12-12 16:54:54 - [TEST_STEP][PASSED] - setText: Text '000209039189' is set on object 'Object Repository/Final Object Repo/New Registration - Registration Module Pages/Form 2/NRIC Input'

2018-12-12 16:54:55 - [MESSAGE][PASSED] - Text '000209039189' is set on object 'Object Repository/Final Object Repo/New Registration - Registration Module Pages/Form 2/NRIC Input'

2018-12-12 16:54:55 - [TEST_STEP][PASSED] - click: Object: 'Object Repository/Final Object Repo/New Registration - Registration Module Pages/Form 2/button for search for IC' is clicked on

2018-12-12 16:54:55 - [MESSAGE][PASSED] - Object: 'Object Repository/Final Object Repo/New Registration - Registration Module Pages/Form 2/button for search for IC' is clicked on

2018-12-12 16:54:55 - [TEST_STEP][PASSED] - delay: Delayed 2 second(s)

2018-12-12 16:54:57 - [MESSAGE][PASSED] - Delayed 2 second(s)

2018-12-12 16:54:57 - [TEST_STEP][PASSED] - setText: Text 'Automate001 not eligible 1' is set on object 'Object Repository/Final Object Repo/New Registration - Registration Module Pages/Form 2/Employee Name Input'

2018-12-12 16:54:57 - [MESSAGE][PASSED] - Text 'Automate001 not eligible 1' is set on object 'Object Repository/Final Object Repo/New Registration - Registration Module Pages/Form 2/Employee Name Input'

2018-12-12 16:54:57 - [TEST_STEP][PASSED] - delay: Delayed 2 second(s)

2018-12-12 16:54:59 - [MESSAGE][PASSED] - Delayed 2 second(s)

2018-12-12 16:54:59 - [TEST_STEP][PASSED] - click: Object: 'Object Repository/Final Object Repo/New Registration - Registration Module Pages/Form 2/DatePicker Pop Up' is clicked on

2018-12-12 16:55:00 - [MESSAGE][PASSED] - Object: 'Object Repository/Final Object Repo/New Registration - Registration Module Pages/Form 2/DatePicker Pop Up' is clicked on

2018-12-12 16:55:00 - [TEST_STEP][PASSED] - click: Object: 'Object Repository/Final Object Repo/New Registration - Registration Module Pages/Form 2/DOB Month' is clicked on

2018-12-12 16:55:00 - [MESSAGE][PASSED] - Object: 'Object Repository/Final Object Repo/New Registration - Registration Module Pages/Form 2/DOB Month' is clicked on

2018-12-12 16:55:00 - [TEST_STEP][PASSED] - Statement - CurrentMonth = CurrentMonth: null

2018-12-12 16:55:00 - [TEST_STEP][PASSED] - Statement - selectMonth = new com.kms.katalon.core.testobject.TestObject(): null

2018-12-12 16:55:00 - [TEST_STEP][PASSED] - Statement - selectMonth.addProperty("xpath", EQUALS, "//body/div/div/div/select/option[@value='" + CurrentMonth + "']", true): null

2018-12-12 16:55:00 - [TEST_STEP][PASSED] - click: Object: '' is clicked on

2018-12-12 16:55:00 - [MESSAGE][PASSED] - Object: '' is clicked on

2018-12-12 16:55:00 - [TEST_STEP][PASSED] - delay: Delayed 2 second(s)

2018-12-12 16:55:02 - [MESSAGE][PASSED] - Delayed 2 second(s)

2018-12-12 16:55:02 - [TEST_STEP][PASSED] - click: Object: 'Object Repository/Final Object Repo/New Registration - Registration Module Pages/Form 2/DOB Year' is clicked on

2018-12-12 16:55:02 - [MESSAGE][PASSED] - Object: 'Object Repository/Final Object Repo/New Registration - Registration Module Pages/Form 2/DOB Year' is clicked on

2018-12-12 16:55:02 - [TEST_STEP][PASSED] - Statement - Eyearsbf = EighteenYrsBefore: null

2018-12-12 16:55:02 - [TEST_STEP][PASSED] - Statement - selectYear = new com.kms.katalon.core.testobject.TestObject(): null

2018-12-12 16:55:02 - [TEST_STEP][PASSED] - Statement - selectYear.addProperty("xpath", EQUALS, "//div/div/div/select/option[@value='" + Eyearsbf + "']", true): null

2018-12-12 16:55:02 - [TEST_STEP][PASSED] - click: Object: '' is clicked on

2018-12-12 16:55:02 - [MESSAGE][PASSED] - Object: '' is clicked on

2018-12-12 16:55:02 - [TEST_STEP][PASSED] - delay: Delayed 3 second(s)

2018-12-12 16:55:05 - [MESSAGE][PASSED] - Delayed 3 second(s)

2018-12-12 16:55:05 - [TEST_STEP][PASSED] - Statement - UpdatedSelectDate = com.kms.katalon.core.webui.keyword.WebUiBuiltInKeywords.modifyObjectProperty(com.kms.katalon.core.testobject.ObjectRepository.findTestObject(Final Object Repo/New Registration - Registration Module Pages/Form 2/DOB Date), "xpath", "equals", "//body/div/table/tbody/tr/td/a[text()="" + OneDayBefore + ""]", true): Modify property of object successfully

2018-12-12 16:55:05 - [MESSAGE][PASSED] - Modify property of object successfully

2018-12-12 16:55:05 - [TEST_STEP][PASSED] - delay: Delayed 3 second(s)

2018-12-12 16:55:08 - [MESSAGE][PASSED] - Delayed 3 second(s)

2018-12-12 16:55:08 - [TEST_STEP][PASSED] - click: Object: 'Object Repository/Final Object Repo/New Registration - Registration Module Pages/Form 2/DOB Date' is clicked on

2018-12-12 16:55:08 - [MESSAGE][PASSED] - Object: 'Object Repository/Final Object Repo/New Registration - Registration Module Pages/Form 2/DOB Date' is clicked on

2018-12-12 16:55:08 - [TEST_STEP][PASSED] - delay: Delayed 2 second(s)

2018-12-12 16:55:10 - [MESSAGE][PASSED] - Delayed 2 second(s)

2018-12-12 16:55:10 - [TEST_STEP][PASSED] - click: Object: 'Object Repository/Final Object Repo/New Registration - Registration Module Pages/Form 2/EmploymentStartDate Pop Up' is clicked on

2018-12-12 16:55:11 - [MESSAGE][PASSED] - Object: 'Object Repository/Final Object Repo/New Registration - Registration Module Pages/Form 2/EmploymentStartDate Pop Up' is clicked on

2018-12-12 16:55:11 - [TEST_STEP][PASSED] - delay: Delayed 2 second(s)

2018-12-12 16:55:13 - [MESSAGE][PASSED] - Delayed 2 second(s)

2018-12-12 16:55:13 - [TEST_STEP][PASSED] - click: Object: 'Object Repository/Final Object Repo/New Registration - Registration Module Pages/Form 2/Socso Employment StartDate Month' is clicked on

2018-12-12 16:55:13 - [MESSAGE][PASSED] - Object: 'Object Repository/Final Object Repo/New Registration - Registration Module Pages/Form 2/Socso Employment StartDate Month' is clicked on

2018-12-12 16:55:13 - [TEST_STEP][PASSED] - delay: Delayed 1 second(s)

2018-12-12 16:55:14 - [MESSAGE][PASSED] - Delayed 1 second(s)

2018-12-12 16:55:14 - [TEST_STEP][PASSED] - click: Object: 'Object Repository/Final Object Repo/New Registration - Registration Module Pages/Form 2/Select Socso Employement Startdate Month' is clicked on

2018-12-12 16:55:14 - [MESSAGE][PASSED] - Object: 'Object Repository/Final Object Repo/New Registration - Registration Module Pages/Form 2/Select Socso Employement Startdate Month' is clicked on

2018-12-12 16:55:14 - [TEST_STEP][PASSED] - delay: Delayed 2 second(s)

2018-12-12 16:55:16 - [MESSAGE][PASSED] - Delayed 2 second(s)

2018-12-12 16:55:16 - [TEST_STEP][PASSED] - click: Object: 'Object Repository/Final Object Repo/New Registration - Registration Module Pages/Form 2/Socso Employment StartDate Year' is clicked on

2018-12-12 16:55:16 - [MESSAGE][PASSED] - Object: 'Object Repository/Final Object Repo/New Registration - Registration Module Pages/Form 2/Socso Employment StartDate Year' is clicked on

2018-12-12 16:55:16 - [TEST_STEP][PASSED] - delay: Delayed 1 second(s)

2018-12-12 16:55:17 - [MESSAGE][PASSED] - Delayed 1 second(s)

2018-12-12 16:55:17 - [TEST_STEP][PASSED] - click: Object: 'Object Repository/Final Object Repo/New Registration - Registration Module Pages/Form 2/Select Socso Employment Startdate Year' is clicked on

2018-12-12 16:55:17 - [MESSAGE][PASSED] - Object: 'Object Repository/Final Object Repo/New Registration - Registration Module Pages/Form 2/Select Socso Employment Startdate Year' is clicked on

2018-12-12 16:55:17 - [TEST_STEP][PASSED] - delay: Delayed 2 second(s)

2018-12-12 16:55:19 - [MESSAGE][PASSED] - Delayed 2 second(s)

2018-12-12 16:55:19 - [TEST_STEP][PASSED] - click: Object: 'Object Repository/Final Object Repo/New Registration - Registration Module Pages/Form 2/Socso Employment Start Date Day' is clicked on

2018-12-12 16:55:19 - [MESSAGE][PASSED] - Object: 'Object Repository/Final Object Repo/New Registration - Registration Module Pages/Form 2/Socso Employment Start Date Day' is clicked on

2018-12-12 16:55:19 - [TEST_STEP][PASSED] - delay: Delayed 2 second(s)

2018-12-12 16:55:21 - [MESSAGE][PASSED] - Delayed 2 second(s)

2018-12-12 16:55:21 - [TEST_STEP][PASSED] - click: Object: 'Object Repository/Final Object Repo/New Registration - Registration Module Pages/Form 2/Save Button for Add Employee' is clicked on

2018-12-12 16:55:22 - [MESSAGE][PASSED] - Object: 'Object Repository/Final Object Repo/New Registration - Registration Module Pages/Form 2/Save Button for Add Employee' is clicked on

2018-12-12 16:55:22 - [TEST_STEP][PASSED] - delay: Delayed 6 second(s)

2018-12-12 16:55:28 - [MESSAGE][PASSED] - Delayed 6 second(s)

2018-12-12 16:55:28 - [TEST_STEP][PASSED] - click: Object: 'Object Repository/Final Object Repo/New Registration - Registration Module Pages/Form 2/Add Employee Button' is clicked on

2018-12-12 16:55:28 - [MESSAGE][PASSED] - Object: 'Object Repository/Final Object Repo/New Registration - Registration Module Pages/Form 2/Add Employee Button' is clicked on

2018-12-12 16:55:28 - [TEST_STEP][PASSED] - delay: Delayed 4 second(s)

2018-12-12 16:55:32 - [MESSAGE][PASSED] - Delayed 4 second(s)

2018-12-12 16:55:32 - [TEST_STEP][PASSED] - setText: Text '600203039194' is set on object 'Object Repository/Final Object Repo/New Registration - Registration Module Pages/Form 2/NRIC Input'

2018-12-12 16:55:32 - [MESSAGE][PASSED] - Text '600203039194' is set on object 'Object Repository/Final Object Repo/New Registration - Registration Module Pages/Form 2/NRIC Input'

2018-12-12 16:55:32 - [TEST_STEP][PASSED] - click: Object: 'Object Repository/Final Object Repo/New Registration - Registration Module Pages/Form 2/button for search for IC' is clicked on

2018-12-12 16:55:32 - [MESSAGE][PASSED] - Object: 'Object Repository/Final Object Repo/New Registration - Registration Module Pages/Form 2/button for search for IC' is clicked on

2018-12-12 16:55:32 - [TEST_STEP][PASSED] - delay: Delayed 2 second(s)

2018-12-12 16:55:34 - [MESSAGE][PASSED] - Delayed 2 second(s)

2018-12-12 16:55:34 - [TEST_STEP][PASSED] - setText: Text 'Automate001 not eligible 2' is set on object 'Object Repository/Final Object Repo/New Registration - Registration Module Pages/Form 2/Employee Name Input'

2018-12-12 16:55:35 - [MESSAGE][PASSED] - Text 'Automate001 not eligible 2' is set on object 'Object Repository/Final Object Repo/New Registration - Registration Module Pages/Form 2/Employee Name Input'

2018-12-12 16:55:35 - [TEST_STEP][PASSED] - delay: Delayed 2 second(s)

2018-12-12 16:55:37 - [MESSAGE][PASSED] - Delayed 2 second(s)

2018-12-12 16:55:37 - [TEST_STEP][PASSED] - click: Object: 'Object Repository/Final Object Repo/New Registration - Registration Module Pages/Form 2/DatePicker Pop Up' is clicked on

2018-12-12 16:55:37 - [MESSAGE][PASSED] - Object: 'Object Repository/Final Object Repo/New Registration - Registration Module Pages/Form 2/DatePicker Pop Up' is clicked on

2018-12-12 16:55:37 - [TEST_STEP][PASSED] - delay: Delayed 1 second(s)

2018-12-12 16:55:38 - [MESSAGE][PASSED] - Delayed 1 second(s)

2018-12-12 16:55:38 - [TEST_STEP][PASSED] - click: Object: 'Object Repository/Final Object Repo/New Registration - Registration Module Pages/Form 2/DOB Month' is clicked on

2018-12-12 16:55:39 - [MESSAGE][PASSED] - Object: 'Object Repository/Final Object Repo/New Registration - Registration Module Pages/Form 2/DOB Month' is clicked on

2018-12-12 16:55:39 - [TEST_STEP][PASSED] - Statement - selectMonth = com.kms.katalon.core.webui.keyword.WebUiBuiltInKeywords.modifyObjectProperty(selectMonth, "xpath", "equals", "//body/div/div/div/select/option[@value="" + CurrentMonth + ""]", true): Modify property of object successfully

2018-12-12 16:55:39 - [MESSAGE][PASSED] - Modify property of object successfully

2018-12-12 16:55:39 - [TEST_STEP][PASSED] - click: Object: '' is clicked on

2018-12-12 16:55:39 - [MESSAGE][PASSED] - Object: '' is clicked on

2018-12-12 16:55:39 - [TEST_STEP][PASSED] - click: Object: 'Object Repository/Final Object Repo/New Registration - Registration Module Pages/Form 2/DOB Year' is clicked on

2018-12-12 16:55:40 - [MESSAGE][PASSED] - Object: 'Object Repository/Final Object Repo/New Registration - Registration Module Pages/Form 2/DOB Year' is clicked on

2018-12-12 16:55:40 - [TEST_STEP][PASSED] - Statement - selectYear = com.kms.katalon.core.webui.keyword.WebUiBuiltInKeywords.modifyObjectProperty(selectYear, "xpath", "equals", "//div/div/div/select/option[@value="" + FiftysevenYrsBefore + ""]", true): Modify property of object successfully

2018-12-12 16:55:40 - [MESSAGE][PASSED] - Modify property of object successfully

2018-12-12 16:55:40 - [TEST_STEP][PASSED] - click: Object: '' is clicked on

2018-12-12 16:55:40 - [MESSAGE][PASSED] - Object: '' is clicked on

2018-12-12 16:55:40 - [TEST_STEP][PASSED] - Statement - UpdatedSelectDate = com.kms.katalon.core.webui.keyword.WebUiBuiltInKeywords.modifyObjectProperty(com.kms.katalon.core.testobject.ObjectRepository.findTestObject(Final Object Repo/New Registration - Registration Module Pages/Form 2/DOB Date), "xpath", "equals", "//body/div/table/tbody/tr/td/a[text()="" + CurrentDate + ""]", true): Modify property of object successfully

2018-12-12 16:55:40 - [MESSAGE][PASSED] - Modify property of object successfully

2018-12-12 16:55:40 - [TEST_STEP][PASSED] - delay: Delayed 3 second(s)

2018-12-12 16:55:43 - [MESSAGE][PASSED] - Delayed 3 second(s)

2018-12-12 16:55:43 - [TEST_STEP][PASSED] - click: Object: 'Object Repository/Final Object Repo/New Registration - Registration Module Pages/Form 2/DOB Date' is clicked on

2018-12-12 16:55:43 - [MESSAGE][PASSED] - Object: 'Object Repository/Final Object Repo/New Registration - Registration Module Pages/Form 2/DOB Date' is clicked on

2018-12-12 16:55:43 - [TEST_STEP][PASSED] - delay: Delayed 2 second(s)

2018-12-12 16:55:45 - [MESSAGE][PASSED] - Delayed 2 second(s)

2018-12-12 16:55:45 - [TEST_STEP][PASSED] - click: Object: 'Object Repository/Final Object Repo/New Registration - Registration Module Pages/Form 2/EmploymentStartDate Pop Up' is clicked on

2018-12-12 16:55:45 - [MESSAGE][PASSED] - Object: 'Object Repository/Final Object Repo/New Registration - Registration Module Pages/Form 2/EmploymentStartDate Pop Up' is clicked on

2018-12-12 16:55:45 - [TEST_STEP][PASSED] - delay: Delayed 2 second(s)

2018-12-12 16:55:47 - [MESSAGE][PASSED] - Delayed 2 second(s)

2018-12-12 16:55:47 - [TEST_STEP][PASSED] - click: Object: 'Object Repository/Final Object Repo/New Registration - Registration Module Pages/Form 2/Socso Employment StartDate Month' is clicked on

2018-12-12 16:55:48 - [MESSAGE][PASSED] - Object: 'Object Repository/Final Object Repo/New Registration - Registration Module Pages/Form 2/Socso Employment StartDate Month' is clicked on

2018-12-12 16:55:48 - [TEST_STEP][PASSED] - delay: Delayed 1 second(s)

2018-12-12 16:55:49 - [MESSAGE][PASSED] - Delayed 1 second(s)

2018-12-12 16:55:49 - [TEST_STEP][PASSED] - click: Object: 'Object Repository/Final Object Repo/New Registration - Registration Module Pages/Form 2/Select Socso Employement Startdate Month' is clicked on

2018-12-12 16:55:49 - [MESSAGE][PASSED] - Object: 'Object Repository/Final Object Repo/New Registration - Registration Module Pages/Form 2/Select Socso Employement Startdate Month' is clicked on

2018-12-12 16:55:49 - [TEST_STEP][PASSED] - delay: Delayed 2 second(s)

2018-12-12 16:55:51 - [MESSAGE][PASSED] - Delayed 2 second(s)

2018-12-12 16:55:51 - [TEST_STEP][PASSED] - click: Object: 'Object Repository/Final Object Repo/New Registration - Registration Module Pages/Form 2/Socso Employment StartDate Year' is clicked on

2018-12-12 16:55:51 - [MESSAGE][PASSED] - Object: 'Object Repository/Final Object Repo/New Registration - Registration Module Pages/Form 2/Socso Employment StartDate Year' is clicked on

2018-12-12 16:55:51 - [TEST_STEP][PASSED] - click: Object: 'Object Repository/Final Object Repo/New Registration - Registration Module Pages/Form 2/Select Socso Employment Startdate Year' is clicked on

2018-12-12 16:55:51 - [MESSAGE][PASSED] - Object: 'Object Repository/Final Object Repo/New Registration - Registration Module Pages/Form 2/Select Socso Employment Startdate Year' is clicked on

2018-12-12 16:55:51 - [TEST_STEP][PASSED] - delay: Delayed 2 second(s)

2018-12-12 16:55:53 - [MESSAGE][PASSED] - Delayed 2 second(s)

2018-12-12 16:55:53 - [TEST_STEP][PASSED] - click: Object: 'Object Repository/Final Object Repo/New Registration - Registration Module Pages/Form 2/Socso Employment Start Date Day' is clicked on

2018-12-12 16:55:53 - [MESSAGE][PASSED] - Object: 'Object Repository/Final Object Repo/New Registration - Registration Module Pages/Form 2/Socso Employment Start Date Day' is clicked on

2018-12-12 16:55:53 - [TEST_STEP][PASSED] - delay: Delayed 2 second(s)

2018-12-12 16:55:55 - [MESSAGE][PASSED] - Delayed 2 second(s)

2018-12-12 16:55:55 - [TEST_STEP][PASSED] - click: Object: 'Object Repository/Final Object Repo/New Registration - Registration Module Pages/Form 2/Save Button for Add Employee' is clicked on

2018-12-12 16:55:55 - [MESSAGE][PASSED] - Object: 'Object Repository/Final Object Repo/New Registration - Registration Module Pages/Form 2/Save Button for Add Employee' is clicked on

2018-12-12 16:55:55 - [TEST_STEP][PASSED] - delay: Delayed 2 second(s)

2018-12-12 16:55:57 - [MESSAGE][PASSED] - Delayed 2 second(s)

2018-12-12 16:55:57 - [TEST_STEP][PASSED] - click: Object: 'Object Repository/Final Object Repo/New Registration - Registration Module Pages/Form 2/Save and Continue Form 2' is clicked on

2018-12-12 16:55:58 - [MESSAGE][PASSED] - Object: 'Object Repository/Final Object Repo/New Registration - Registration Module Pages/Form 2/Save and Continue Form 2' is clicked on

2018-12-12 16:55:58 - [MESSAGE][PASSED] - Call Test Case 'Test Cases/Final Aug 2018 - PKS Automation/Registration Module/New Registration/Form 2/Add 2 Not Eligible - No 3rd Screen' successfully

2018-12-12 16:55:58 - [TEST_STEP][PASSED] - callTestCase: Call Test Case 'Test Cases/Final Aug 2018 - PKS Automation/Registration Module/New Registration/Flow of New Registration/No Third Screen - Upload 2 Supporting Doc - Preview' successfully

2018-12-12 16:55:58 - [TEST_CASE][PASSED] - Test Cases/Final Aug 2018 - PKS Automation/Registration Module/New Registration/Flow of New Registration/No Third Screen - Upload 2 Supporting Doc - Preview: Test Cases/Final Aug 2018 - PKS Automation/Registration Module/New Registration/Flow of New Registration/No Third Screen - Upload 2 Supporting Doc - Preview

2018-12-12 16:55:58 - [TEST_STEP][PASSED] - delay: Delayed 4 second(s)

2018-12-12 16:56:02 - [MESSAGE][PASSED] - Delayed 4 second(s)

2018-12-12 16:56:02 - [TEST_STEP][PASSED] - click: Object: 'Object Repository/Final Object Repo/New Registration - Registration Module Pages/Third Screen - Upload Supporting Doc- Preview/Add Document Button' is clicked on

2018-12-12 16:56:02 - [MESSAGE][PASSED] - Object: 'Object Repository/Final Object Repo/New Registration - Registration Module Pages/Third Screen - Upload Supporting Doc- Preview/Add Document Button' is clicked on

2018-12-12 16:56:02 - [TEST_STEP][PASSED] - delay: Delayed 4 second(s)

2018-12-12 16:56:06 - [MESSAGE][PASSED] - Delayed 4 second(s)

2018-12-12 16:56:06 - [TEST_STEP][PASSED] - click: Object: 'Object Repository/Final Object Repo/New Registration - Registration Module Pages/Third Screen - Upload Supporting Doc- Preview/Supporting Doc Please Select Drop Down' is clicked on

2018-12-12 16:56:06 - [MESSAGE][PASSED] - Object: 'Object Repository/Final Object Repo/New Registration - Registration Module Pages/Third Screen - Upload Supporting Doc- Preview/Supporting Doc Please Select Drop Down' is clicked on

2018-12-12 16:56:06 - [TEST_STEP][PASSED] - delay: Delayed 2 second(s)

2018-12-12 16:56:08 - [MESSAGE][PASSED] - Delayed 2 second(s)

2018-12-12 16:56:08 - [TEST_STEP][PASSED] - click: Object: 'Object Repository/Final Object Repo/New Registration - Registration Module Pages/Third Screen - Upload Supporting Doc- Preview/Select to Upload Form 1' is clicked on

2018-12-12 16:56:08 - [MESSAGE][PASSED] - Object: 'Object Repository/Final Object Repo/New Registration - Registration Module Pages/Third Screen - Upload Supporting Doc- Preview/Select to Upload Form 1' is clicked on

2018-12-12 16:56:08 - [TEST_STEP][PASSED] - delay: Delayed 2 second(s)

2018-12-12 16:56:10 - [MESSAGE][PASSED] - Delayed 2 second(s)

2018-12-12 16:56:10 - [TEST_STEP][PASSED] - uploadFile: File 'C:\Users\Public\Pictures\Sample Pictures\Koala.jpg' sent to object: 'Object Repository/Final Object Repo/New Registration - Registration Module Pages/Third Screen - Upload Supporting Doc- Preview/Upload File Adding'

2018-12-12 16:56:10 - [MESSAGE][PASSED] - File 'C:\Users\Public\Pictures\Sample Pictures\Koala.jpg' sent to object: 'Object Repository/Final Object Repo/New Registration - Registration Module Pages/Third Screen - Upload Supporting Doc- Preview/Upload File Adding'

2018-12-12 16:56:10 - [TEST_STEP][PASSED] - delay: Delayed 5 second(s)

2018-12-12 16:56:15 - [MESSAGE][PASSED] - Delayed 5 second(s)

2018-12-12 16:56:15 - [TEST_STEP][PASSED] - click: Object: 'Object Repository/Final Object Repo/New Registration - Registration Module Pages/Third Screen - Upload Supporting Doc- Preview/Inner Form Add Document Button' is clicked on

2018-12-12 16:56:16 - [MESSAGE][PASSED] - Object: 'Object Repository/Final Object Repo/New Registration - Registration Module Pages/Third Screen - Upload Supporting Doc- Preview/Inner Form Add Document Button' is clicked on

2018-12-12 16:56:16 - [TEST_STEP][PASSED] - delay: Delayed 3 second(s)

2018-12-12 16:56:19 - [MESSAGE][PASSED] - Delayed 3 second(s)

2018-12-12 16:56:19 - [TEST_STEP][PASSED] - click: Object: 'Object Repository/Final Object Repo/New Registration - Registration Module Pages/Third Screen - Upload Supporting Doc- Preview/Add Document Button' is clicked on

2018-12-12 16:56:20 - [MESSAGE][PASSED] - Object: 'Object Repository/Final Object Repo/New Registration - Registration Module Pages/Third Screen - Upload Supporting Doc- Preview/Add Document Button' is clicked on

2018-12-12 16:56:20 - [TEST_STEP][PASSED] - delay: Delayed 4 second(s)

2018-12-12 16:56:24 - [MESSAGE][PASSED] - Delayed 4 second(s)

2018-12-12 16:56:24 - [TEST_STEP][PASSED] - click: Object: 'Object Repository/Final Object Repo/New Registration - Registration Module Pages/Third Screen - Upload Supporting Doc- Preview/Supporting Doc Please Select Drop Down' is clicked on

2018-12-12 16:56:24 - [MESSAGE][PASSED] - Object: 'Object Repository/Final Object Repo/New Registration - Registration Module Pages/Third Screen - Upload Supporting Doc- Preview/Supporting Doc Please Select Drop Down' is clicked on

2018-12-12 16:56:24 - [TEST_STEP][PASSED] - delay: Delayed 2 second(s)

2018-12-12 16:56:26 - [MESSAGE][PASSED] - Delayed 2 second(s)

2018-12-12 16:56:26 - [TEST_STEP][PASSED] - click: Object: 'Object Repository/Final Object Repo/New Registration - Registration Module Pages/Third Screen - Upload Supporting Doc- Preview/Select to Upload Form 2' is clicked on

2018-12-12 16:56:26 - [MESSAGE][PASSED] - Object: 'Object Repository/Final Object Repo/New Registration - Registration Module Pages/Third Screen - Upload Supporting Doc- Preview/Select to Upload Form 2' is clicked on

2018-12-12 16:56:26 - [TEST_STEP][PASSED] - delay: Delayed 2 second(s)

2018-12-12 16:56:28 - [MESSAGE][PASSED] - Delayed 2 second(s)

2018-12-12 16:56:28 - [TEST_STEP][PASSED] - uploadFile: File 'C:\Users\Public\Pictures\Sample Pictures\Koala.jpg' sent to object: 'Object Repository/Final Object Repo/New Registration - Registration Module Pages/Third Screen - Upload Supporting Doc- Preview/Upload File Adding'

2018-12-12 16:56:28 - [MESSAGE][PASSED] - File 'C:\Users\Public\Pictures\Sample Pictures\Koala.jpg' sent to object: 'Object Repository/Final Object Repo/New Registration - Registration Module Pages/Third Screen - Upload Supporting Doc- Preview/Upload File Adding'

2018-12-12 16:56:28 - [TEST_STEP][PASSED] - delay: Delayed 5 second(s)

2018-12-12 16:56:33 - [MESSAGE][PASSED] - Delayed 5 second(s)

2018-12-12 16:56:33 - [TEST_STEP][PASSED] - click: Object: 'Object Repository/Final Object Repo/New Registration - Registration Module Pages/Third Screen - Upload Supporting Doc- Preview/Inner Form Add Document Button' is clicked on

2018-12-12 16:56:33 - [MESSAGE][PASSED] - Object: 'Object Repository/Final Object Repo/New Registration - Registration Module Pages/Third Screen - Upload Supporting Doc- Preview/Inner Form Add Document Button' is clicked on

2018-12-12 16:56:33 - [TEST_STEP][PASSED] - delay: Delayed 3 second(s)

2018-12-12 16:56:36 - [MESSAGE][PASSED] - Delayed 3 second(s)

2018-12-12 16:56:36 - [TEST_STEP][PASSED] - click: Object: 'Object Repository/Final Object Repo/New Registration - Registration Module Pages/Third Screen - Upload Supporting Doc- Preview/Save n Continue in Uploading Supporting Doc Page' is clicked on

2018-12-12 16:56:37 - [MESSAGE][PASSED] - Object: 'Object Repository/Final Object Repo/New Registration - Registration Module Pages/Third Screen - Upload Supporting Doc- Preview/Save n Continue in Uploading Supporting Doc Page' is clicked on

2018-12-12 16:56:37 - [MESSAGE][PASSED] - Call Test Case 'Test Cases/Final Aug 2018 - PKS Automation/Registration Module/New Registration/Flow of New Registration/No Third Screen - Upload 2 Supporting Doc - Preview' successfully

2018-12-12 16:56:37 - [TEST_STEP][PASSED] - callTestCase: Call Test Case 'Test Cases/Final Aug 2018 - PKS Automation/Registration Module/New Registration/Submit and Screenshot/Submit Registration and Screenshot' successfully

2018-12-12 16:56:37 - [TEST_CASE][PASSED] - Test Cases/Final Aug 2018 - PKS Automation/Registration Module/New Registration/Submit and Screenshot/Submit Registration and Screenshot: Test Cases/Final Aug 2018 - PKS Automation/Registration Module/New Registration/Submit and Screenshot/Submit Registration and Screenshot

2018-12-12 16:56:37 - [TEST_STEP][PASSED] - delay: Delayed 6 second(s)

2018-12-12 16:56:43 - [MESSAGE][PASSED] - Delayed 6 second(s)

2018-12-12 16:56:43 - [TEST_STEP][PASSED] - click: Object: 'Object Repository/Final Object Repo/New Registration - Registration Module Pages/Third Screen - Upload Supporting Doc- Preview/Preview Submit Button' is clicked on

2018-12-12 16:56:44 - [MESSAGE][PASSED] - Object: 'Object Repository/Final Object Repo/New Registration - Registration Module Pages/Third Screen - Upload Supporting Doc- Preview/Preview Submit Button' is clicked on

2018-12-12 16:56:44 - [TEST_STEP][PASSED] - delay: Delayed 2 second(s)

2018-12-12 16:56:46 - [MESSAGE][PASSED] - Delayed 2 second(s)

2018-12-12 16:56:46 - [TEST_STEP][PASSED] - click: Object: 'Object Repository/Final Object Repo/New Registration - Registration Module Pages/Third Screen - Upload Supporting Doc- Preview/Preview Submit - Confirm' is clicked on

2018-12-12 16:56:46 - [MESSAGE][PASSED] - Object: 'Object Repository/Final Object Repo/New Registration - Registration Module Pages/Third Screen - Upload Supporting Doc- Preview/Preview Submit - Confirm' is clicked on

2018-12-12 16:56:46 - [TEST_STEP][PASSED] - delay: Delayed 15 second(s)

2018-12-12 16:57:01 - [MESSAGE][PASSED] - Delayed 15 second(s)

2018-12-12 16:57:01 - [TEST_STEP][PASSED] - Statement - driver = com.kms.katalon.core.webui.driver.DriverFactory.getWebDriver(): null

2018-12-12 16:57:01 - [TEST_STEP][PASSED] - Statement - driver.manage().timeouts().implicitlyWait(10, SECONDS): null

2018-12-12 16:57:01 - [TEST_STEP][PASSED] - Statement - PresavePath = KatalonScreenshots: null

2018-12-12 16:57:01 - [TEST_STEP][PASSED] - Statement - pathPrefix = "C:\Users\Public\Pictures\Sample Pictures\Katalon Screenshots\Automate Ending Screen": null

2018-12-12 16:57:01 - [TEST_STEP][PASSED] - Statement - finalPath = <not implemented yet for class: org.codehaus.groovy.ast.expr.EmptyExpression>: null

2018-12-12 16:57:01 - [TEST_STEP][PASSED] - Statement - scrFile = driver.getScreenshotAs(FILE): null

2018-12-12 16:57:01 - [TEST_STEP][PASSED] - Statement - PreSaveFile = new java.io.File(PresavePath): null

2018-12-12 16:57:01 - [TEST_STEP][PASSED] - Statement - counter = 0: null

2018-12-12 16:57:01 - [TEST_STEP][PASSED] - Statement - If (PreSaveFile.exists()): null

2018-12-12 16:57:01 - [TEST_STEP][PASSED] - Statement - While (PreSaveFile.exists()): null

2018-12-12 16:57:01 - [TEST_STEP][PASSED] - Statement - counter = counter + 1: null

2018-12-12 16:57:01 - [TEST_STEP][PASSED] - Statement - PreSaveFile = new java.io.File(((pathPrefix + java.lang.Integer.toString(counter)) + .png)): null

2018-12-12 16:57:01 - [TEST_STEP][PASSED] - Statement - counter = counter + 1: null

2018-12-12 16:57:01 - [TEST_STEP][PASSED] - Statement - PreSaveFile = new java.io.File(((pathPrefix + java.lang.Integer.toString(counter)) + .png)): null

2018-12-12 16:57:01 - [TEST_STEP][PASSED] - Statement - counter = counter + 1: null

2018-12-12 16:57:01 - [TEST_STEP][PASSED] - Statement - PreSaveFile = new java.io.File(((pathPrefix + java.lang.Integer.toString(counter)) + .png)): null

2018-12-12 16:57:01 - [TEST_STEP][PASSED] - Statement - counter = counter + 1: null

2018-12-12 16:57:01 - [TEST_STEP][PASSED] - Statement - PreSaveFile = new java.io.File(((pathPrefix + java.lang.Integer.toString(counter)) + .png)): null

2018-12-12 16:57:01 - [TEST_STEP][PASSED] - Statement - counter = counter + 1: null

2018-12-12 16:57:01 - [TEST_STEP][PASSED] - Statement - PreSaveFile = new java.io.File(((pathPrefix + java.lang.Integer.toString(counter)) + .png)): null

2018-12-12 16:57:01 - [TEST_STEP][PASSED] - Statement - counter = counter + 1: null

2018-12-12 16:57:01 - [TEST_STEP][PASSED] - Statement - PreSaveFile = new java.io.File(((pathPrefix + java.lang.Integer.toString(counter)) + .png)): null

2018-12-12 16:57:01 - [TEST_STEP][PASSED] - Statement - counter = counter + 1: null

2018-12-12 16:57:01 - [TEST_STEP][PASSED] - Statement - PreSaveFile = new java.io.File(((pathPrefix + java.lang.Integer.toString(counter)) + .png)): null

2018-12-12 16:57:01 - [TEST_STEP][PASSED] - Statement - counter = counter + 1: null

2018-12-12 16:57:01 - [TEST_STEP][PASSED] - Statement - PreSaveFile = new java.io.File(((pathPrefix + java.lang.Integer.toString(counter)) + .png)): null

2018-12-12 16:57:01 - [TEST_STEP][PASSED] - Statement - counter = counter + 1: null

2018-12-12 16:57:01 - [TEST_STEP][PASSED] - Statement - PreSaveFile = new java.io.File(((pathPrefix + java.lang.Integer.toString(counter)) + .png)): null

2018-12-12 16:57:01 - [TEST_STEP][PASSED] - Statement - counter = counter + 1: null

2018-12-12 16:57:01 - [TEST_STEP][PASSED] - Statement - PreSaveFile = new java.io.File(((pathPrefix + java.lang.Integer.toString(counter)) + .png)): null

2018-12-12 16:57:01 - [TEST_STEP][PASSED] - Statement - counter = counter + 1: null

2018-12-12 16:57:01 - [TEST_STEP][PASSED] - Statement - PreSaveFile = new java.io.File(((pathPrefix + java.lang.Integer.toString(counter)) + .png)): null

2018-12-12 16:57:01 - [TEST_STEP][PASSED] - Statement - counter = counter + 1: null

2018-12-12 16:57:01 - [TEST_STEP][PASSED] - Statement - PreSaveFile = new java.io.File(((pathPrefix + java.lang.Integer.toString(counter)) + .png)): null

2018-12-12 16:57:01 - [TEST_STEP][PASSED] - Statement - counter = counter + 1: null

2018-12-12 16:57:01 - [TEST_STEP][PASSED] - Statement - PreSaveFile = new java.io.File(((pathPrefix + java.lang.Integer.toString(counter)) + .png)): null

2018-12-12 16:57:01 - [TEST_STEP][PASSED] - Statement - counter = counter + 1: null

2018-12-12 16:57:01 - [TEST_STEP][PASSED] - Statement - PreSaveFile = new java.io.File(((pathPrefix + java.lang.Integer.toString(counter)) + .png)): null

2018-12-12 16:57:01 - [TEST_STEP][PASSED] - Statement - counter = counter + 1: null

2018-12-12 16:57:01 - [TEST_STEP][PASSED] - Statement - PreSaveFile = new java.io.File(((pathPrefix + java.lang.Integer.toString(counter)) + .png)): null

2018-12-12 16:57:01 - [TEST_STEP][PASSED] - Statement - counter = counter + 1: null

2018-12-12 16:57:01 - [TEST_STEP][PASSED] - Statement - PreSaveFile = new java.io.File(((pathPrefix + java.lang.Integer.toString(counter)) + .png)): null

2018-12-12 16:57:01 - [TEST_STEP][PASSED] - Statement - counter = counter + 1: null

2018-12-12 16:57:01 - [TEST_STEP][PASSED] - Statement - PreSaveFile = new java.io.File(((pathPrefix + java.lang.Integer.toString(counter)) + .png)): null

2018-12-12 16:57:01 - [TEST_STEP][PASSED] - Statement - counter = counter + 1: null

2018-12-12 16:57:01 - [TEST_STEP][PASSED] - Statement - PreSaveFile = new java.io.File(((pathPrefix + java.lang.Integer.toString(counter)) + .png)): null

2018-12-12 16:57:01 - [TEST_STEP][PASSED] - Statement - counter = counter + 1: null

2018-12-12 16:57:01 - [TEST_STEP][PASSED] - Statement - PreSaveFile = new java.io.File(((pathPrefix + java.lang.Integer.toString(counter)) + .png)): null

2018-12-12 16:57:01 - [TEST_STEP][PASSED] - Statement - counter = counter + 1: null

2018-12-12 16:57:01 - [TEST_STEP][PASSED] - Statement - PreSaveFile = new java.io.File(((pathPrefix + java.lang.Integer.toString(counter)) + .png)): null

2018-12-12 16:57:01 - [TEST_STEP][PASSED] - Statement - counter = counter + 1: null

2018-12-12 16:57:01 - [TEST_STEP][PASSED] - Statement - PreSaveFile = new java.io.File(((pathPrefix + java.lang.Integer.toString(counter)) + .png)): null

2018-12-12 16:57:01 - [TEST_STEP][PASSED] - Statement - counter = counter + 1: null

2018-12-12 16:57:01 - [TEST_STEP][PASSED] - Statement - PreSaveFile = new java.io.File(((pathPrefix + java.lang.Integer.toString(counter)) + .png)): null

2018-12-12 16:57:01 - [TEST_STEP][PASSED] - Statement - counter = counter + 1: null

2018-12-12 16:57:01 - [TEST_STEP][PASSED] - Statement - PreSaveFile = new java.io.File(((pathPrefix + java.lang.Integer.toString(counter)) + .png)): null

2018-12-12 16:57:01 - [TEST_STEP][PASSED] - Statement - counter = counter + 1: null

2018-12-12 16:57:01 - [TEST_STEP][PASSED] - Statement - PreSaveFile = new java.io.File(((pathPrefix + java.lang.Integer.toString(counter)) + .png)): null

2018-12-12 16:57:01 - [TEST_STEP][PASSED] - Statement - counter = counter + 1: null

2018-12-12 16:57:01 - [TEST_STEP][PASSED] - Statement - PreSaveFile = new java.io.File(((pathPrefix + java.lang.Integer.toString(counter)) + .png)): null

2018-12-12 16:57:01 - [TEST_STEP][PASSED] - Statement - counter = counter + 1: null

2018-12-12 16:57:01 - [TEST_STEP][PASSED] - Statement - PreSaveFile = new java.io.File(((pathPrefix + java.lang.Integer.toString(counter)) + .png)): null

2018-12-12 16:57:01 - [TEST_STEP][PASSED] - Statement - counter = counter + 1: null

2018-12-12 16:57:01 - [TEST_STEP][PASSED] - Statement - PreSaveFile = new java.io.File(((pathPrefix + java.lang.Integer.toString(counter)) + .png)): null

2018-12-12 16:57:01 - [TEST_STEP][PASSED] - Statement - counter = counter + 1: null

2018-12-12 16:57:01 - [TEST_STEP][PASSED] - Statement - PreSaveFile = new java.io.File(((pathPrefix + java.lang.Integer.toString(counter)) + .png)): null

2018-12-12 16:57:01 - [TEST_STEP][PASSED] - Statement - counter = counter + 1: null

2018-12-12 16:57:01 - [TEST_STEP][PASSED] - Statement - PreSaveFile = new java.io.File(((pathPrefix + java.lang.Integer.toString(counter)) + .png)): null

2018-12-12 16:57:01 - [TEST_STEP][PASSED] - Statement - counter = counter + 1: null

2018-12-12 16:57:01 - [TEST_STEP][PASSED] - Statement - PreSaveFile = new java.io.File(((pathPrefix + java.lang.Integer.toString(counter)) + .png)): null

2018-12-12 16:57:01 - [TEST_STEP][PASSED] - Statement - counter = counter + 1: null

2018-12-12 16:57:01 - [TEST_STEP][PASSED] - Statement - PreSaveFile = new java.io.File(((pathPrefix + java.lang.Integer.toString(counter)) + .png)): null

2018-12-12 16:57:01 - [TEST_STEP][PASSED] - Statement - counter = counter + 1: null

2018-12-12 16:57:01 - [TEST_STEP][PASSED] - Statement - PreSaveFile = new java.io.File(((pathPrefix + java.lang.Integer.toString(counter)) + .png)): null

2018-12-12 16:57:01 - [TEST_STEP][PASSED] - Statement - counter = counter + 1: null

2018-12-12 16:57:01 - [TEST_STEP][PASSED] - Statement - PreSaveFile = new java.io.File(((pathPrefix + java.lang.Integer.toString(counter)) + .png)): null

2018-12-12 16:57:01 - [TEST_STEP][PASSED] - Statement - counter = counter + 1: null

2018-12-12 16:57:01 - [TEST_STEP][PASSED] - Statement - PreSaveFile = new java.io.File(((pathPrefix + java.lang.Integer.toString(counter)) + .png)): null

2018-12-12 16:57:01 - [TEST_STEP][PASSED] - Statement - counter = counter + 1: null

2018-12-12 16:57:01 - [TEST_STEP][PASSED] - Statement - PreSaveFile = new java.io.File(((pathPrefix + java.lang.Integer.toString(counter)) + .png)): null

2018-12-12 16:57:01 - [TEST_STEP][PASSED] - Statement - counter = counter + 1: null

2018-12-12 16:57:01 - [TEST_STEP][PASSED] - Statement - PreSaveFile = new java.io.File(((pathPrefix + java.lang.Integer.toString(counter)) + .png)): null

2018-12-12 16:57:01 - [TEST_STEP][PASSED] - Statement - counter = counter + 1: null

2018-12-12 16:57:01 - [TEST_STEP][PASSED] - Statement - PreSaveFile = new java.io.File(((pathPrefix + java.lang.Integer.toString(counter)) + .png)): null

2018-12-12 16:57:01 - [TEST_STEP][PASSED] - Statement - counter = counter + 1: null

2018-12-12 16:57:01 - [TEST_STEP][PASSED] - Statement - PreSaveFile = new java.io.File(((pathPrefix + java.lang.Integer.toString(counter)) + .png)): null

2018-12-12 16:57:01 - [TEST_STEP][PASSED] - Statement - counter = counter + 1: null

2018-12-12 16:57:01 - [TEST_STEP][PASSED] - Statement - PreSaveFile = new java.io.File(((pathPrefix + java.lang.Integer.toString(counter)) + .png)): null

2018-12-12 16:57:01 - [TEST_STEP][PASSED] - Statement - counter = counter + 1: null

2018-12-12 16:57:01 - [TEST_STEP][PASSED] - Statement - PreSaveFile = new java.io.File(((pathPrefix + java.lang.Integer.toString(counter)) + .png)): null

2018-12-12 16:57:01 - [TEST_STEP][PASSED] - Statement - counter = counter + 1: null

2018-12-12 16:57:01 - [TEST_STEP][PASSED] - Statement - PreSaveFile = new java.io.File(((pathPrefix + java.lang.Integer.toString(counter)) + .png)): null

2018-12-12 16:57:01 - [TEST_STEP][PASSED] - Statement - counter = counter + 1: null

2018-12-12 16:57:01 - [TEST_STEP][PASSED] - Statement - PreSaveFile = new java.io.File(((pathPrefix + java.lang.Integer.toString(counter)) + .png)): null

2018-12-12 16:57:01 - [TEST_STEP][PASSED] - Statement - counter = counter + 1: null

2018-12-12 16:57:01 - [TEST_STEP][PASSED] - Statement - PreSaveFile = new java.io.File(((pathPrefix + java.lang.Integer.toString(counter)) + .png)): null

2018-12-12 16:57:01 - [TEST_STEP][PASSED] - Statement - counter = counter + 1: null

2018-12-12 16:57:01 - [TEST_STEP][PASSED] - Statement - PreSaveFile = new java.io.File(((pathPrefix + java.lang.Integer.toString(counter)) + .png)): null

2018-12-12 16:57:01 - [TEST_STEP][PASSED] - Statement - counter = counter + 1: null

2018-12-12 16:57:01 - [TEST_STEP][PASSED] - Statement - PreSaveFile = new java.io.File(((pathPrefix + java.lang.Integer.toString(counter)) + .png)): null

2018-12-12 16:57:01 - [TEST_STEP][PASSED] - Statement - counter = counter + 1: null

2018-12-12 16:57:01 - [TEST_STEP][PASSED] - Statement - PreSaveFile = new java.io.File(((pathPrefix + java.lang.Integer.toString(counter)) + .png)): null

2018-12-12 16:57:01 - [TEST_STEP][PASSED] - Statement - counter = counter + 1: null

2018-12-12 16:57:01 - [TEST_STEP][PASSED] - Statement - PreSaveFile = new java.io.File(((pathPrefix + java.lang.Integer.toString(counter)) + .png)): null

2018-12-12 16:57:01 - [TEST_STEP][PASSED] - Statement - counter = counter + 1: null

2018-12-12 16:57:01 - [TEST_STEP][PASSED] - Statement - PreSaveFile = new java.io.File(((pathPrefix + java.lang.Integer.toString(counter)) + .png)): null

2018-12-12 16:57:01 - [TEST_STEP][PASSED] - Statement - counter = counter + 1: null

2018-12-12 16:57:01 - [TEST_STEP][PASSED] - Statement - PreSaveFile = new java.io.File(((pathPrefix + java.lang.Integer.toString(counter)) + .png)): null

2018-12-12 16:57:01 - [TEST_STEP][PASSED] - Statement - counter = counter + 1: null

2018-12-12 16:57:01 - [TEST_STEP][PASSED] - Statement - PreSaveFile = new java.io.File(((pathPrefix + java.lang.Integer.toString(counter)) + .png)): null

2018-12-12 16:57:01 - [TEST_STEP][PASSED] - Statement - counter = counter + 1: null

2018-12-12 16:57:01 - [TEST_STEP][PASSED] - Statement - PreSaveFile = new java.io.File(((pathPrefix + java.lang.Integer.toString(counter)) + .png)): null

2018-12-12 16:57:01 - [TEST_STEP][PASSED] - Statement - counter = counter + 1: null

2018-12-12 16:57:01 - [TEST_STEP][PASSED] - Statement - PreSaveFile = new java.io.File(((pathPrefix + java.lang.Integer.toString(counter)) + .png)): null

2018-12-12 16:57:01 - [TEST_STEP][PASSED] - Statement - counter = counter + 1: null

2018-12-12 16:57:01 - [TEST_STEP][PASSED] - Statement - PreSaveFile = new java.io.File(((pathPrefix + java.lang.Integer.toString(counter)) + .png)): null

2018-12-12 16:57:01 - [TEST_STEP][PASSED] - Statement - counter = counter + 1: null

2018-12-12 16:57:01 - [TEST_STEP][PASSED] - Statement - PreSaveFile = new java.io.File(((pathPrefix + java.lang.Integer.toString(counter)) + .png)): null

2018-12-12 16:57:01 - [TEST_STEP][PASSED] - Statement - counter = counter + 1: null

2018-12-12 16:57:01 - [TEST_STEP][PASSED] - Statement - PreSaveFile = new java.io.File(((pathPrefix + java.lang.Integer.toString(counter)) + .png)): null

2018-12-12 16:57:01 - [TEST_STEP][PASSED] - Statement - counter = counter + 1: null

2018-12-12 16:57:01 - [TEST_STEP][PASSED] - Statement - PreSaveFile = new java.io.File(((pathPrefix + java.lang.Integer.toString(counter)) + .png)): null

2018-12-12 16:57:01 - [TEST_STEP][PASSED] - Statement - counter = counter + 1: null

2018-12-12 16:57:01 - [TEST_STEP][PASSED] - Statement - PreSaveFile = new java.io.File(((pathPrefix + java.lang.Integer.toString(counter)) + .png)): null

2018-12-12 16:57:01 - [TEST_STEP][PASSED] - Statement - counter = counter + 1: null

2018-12-12 16:57:01 - [TEST_STEP][PASSED] - Statement - PreSaveFile = new java.io.File(((pathPrefix + java.lang.Integer.toString(counter)) + .png)): null

2018-12-12 16:57:01 - [TEST_STEP][PASSED] - Statement - counter = counter + 1: null

2018-12-12 16:57:01 - [TEST_STEP][PASSED] - Statement - PreSaveFile = new java.io.File(((pathPrefix + java.lang.Integer.toString(counter)) + .png)): null

2018-12-12 16:57:01 - [TEST_STEP][PASSED] - Statement - counter = counter + 1: null

2018-12-12 16:57:01 - [TEST_STEP][PASSED] - Statement - PreSaveFile = new java.io.File(((pathPrefix + java.lang.Integer.toString(counter)) + .png)): null

2018-12-12 16:57:01 - [TEST_STEP][PASSED] - Statement - counter = counter + 1: null

2018-12-12 16:57:01 - [TEST_STEP][PASSED] - Statement - PreSaveFile = new java.io.File(((pathPrefix + java.lang.Integer.toString(counter)) + .png)): null

2018-12-12 16:57:01 - [TEST_STEP][PASSED] - Statement - counter = counter + 1: null

2018-12-12 16:57:01 - [TEST_STEP][PASSED] - Statement - PreSaveFile = new java.io.File(((pathPrefix + java.lang.Integer.toString(counter)) + .png)): null

2018-12-12 16:57:01 - [TEST_STEP][PASSED] - Statement - counter = counter + 1: null

2018-12-12 16:57:01 - [TEST_STEP][PASSED] - Statement - PreSaveFile = new java.io.File(((pathPrefix + java.lang.Integer.toString(counter)) + .png)): null

2018-12-12 16:57:01 - [TEST_STEP][PASSED] - Statement - counter = counter + 1: null

2018-12-12 16:57:01 - [TEST_STEP][PASSED] - Statement - PreSaveFile = new java.io.File(((pathPrefix + java.lang.Integer.toString(counter)) + .png)): null

2018-12-12 16:57:01 - [TEST_STEP][PASSED] - Statement - counter = counter + 1: null

2018-12-12 16:57:01 - [TEST_STEP][PASSED] - Statement - PreSaveFile = new java.io.File(((pathPrefix + java.lang.Integer.toString(counter)) + .png)): null

2018-12-12 16:57:01 - [TEST_STEP][PASSED] - Statement - counter = counter + 1: null

2018-12-12 16:57:01 - [TEST_STEP][PASSED] - Statement - PreSaveFile = new java.io.File(((pathPrefix + java.lang.Integer.toString(counter)) + .png)): null

2018-12-12 16:57:01 - [TEST_STEP][PASSED] - Statement - counter = counter + 1: null

2018-12-12 16:57:01 - [TEST_STEP][PASSED] - Statement - PreSaveFile = new java.io.File(((pathPrefix + java.lang.Integer.toString(counter)) + .png)): null

2018-12-12 16:57:01 - [TEST_STEP][PASSED] - Statement - counter = counter + 1: null

2018-12-12 16:57:01 - [TEST_STEP][PASSED] - Statement - PreSaveFile = new java.io.File(((pathPrefix + java.lang.Integer.toString(counter)) + .png)): null

2018-12-12 16:57:01 - [TEST_STEP][PASSED] - Statement - counter = counter + 1: null

2018-12-12 16:57:01 - [TEST_STEP][PASSED] - Statement - PreSaveFile = new java.io.File(((pathPrefix + java.lang.Integer.toString(counter)) + .png)): null

2018-12-12 16:57:01 - [TEST_STEP][PASSED] - Statement - counter = counter + 1: null

2018-12-12 16:57:01 - [TEST_STEP][PASSED] - Statement - PreSaveFile = new java.io.File(((pathPrefix + java.lang.Integer.toString(counter)) + .png)): null

2018-12-12 16:57:01 - [TEST_STEP][PASSED] - Statement - counter = counter + 1: null

2018-12-12 16:57:01 - [TEST_STEP][PASSED] - Statement - PreSaveFile = new java.io.File(((pathPrefix + java.lang.Integer.toString(counter)) + .png)): null

2018-12-12 16:57:01 - [TEST_STEP][PASSED] - Statement - counter = counter + 1: null

2018-12-12 16:57:01 - [TEST_STEP][PASSED] - Statement - PreSaveFile = new java.io.File(((pathPrefix + java.lang.Integer.toString(counter)) + .png)): null

2018-12-12 16:57:01 - [TEST_STEP][PASSED] - Statement - counter = counter + 1: null

2018-12-12 16:57:01 - [TEST_STEP][PASSED] - Statement - PreSaveFile = new java.io.File(((pathPrefix + java.lang.Integer.toString(counter)) + .png)): null

2018-12-12 16:57:01 - [TEST_STEP][PASSED] - Statement - counter = counter + 1: null

2018-12-12 16:57:01 - [TEST_STEP][PASSED] - Statement - PreSaveFile = new java.io.File(((pathPrefix + java.lang.Integer.toString(counter)) + .png)): null

2018-12-12 16:57:01 - [TEST_STEP][PASSED] - Statement - counter = counter + 1: null

2018-12-12 16:57:01 - [TEST_STEP][PASSED] - Statement - PreSaveFile = new java.io.File(((pathPrefix + java.lang.Integer.toString(counter)) + .png)): null

2018-12-12 16:57:01 - [TEST_STEP][PASSED] - Statement - counter = counter + 1: null

2018-12-12 16:57:01 - [TEST_STEP][PASSED] - Statement - PreSaveFile = new java.io.File(((pathPrefix + java.lang.Integer.toString(counter)) + .png)): null

2018-12-12 16:57:01 - [TEST_STEP][PASSED] - Statement - counter = counter + 1: null

2018-12-12 16:57:01 - [TEST_STEP][PASSED] - Statement - PreSaveFile = new java.io.File(((pathPrefix + java.lang.Integer.toString(counter)) + .png)): null

2018-12-12 16:57:01 - [TEST_STEP][PASSED] - Statement - counter = counter + 1: null

2018-12-12 16:57:01 - [TEST_STEP][PASSED] - Statement - PreSaveFile = new java.io.File(((pathPrefix + java.lang.Integer.toString(counter)) + .png)): null

2018-12-12 16:57:01 - [TEST_STEP][PASSED] - Statement - counter = counter + 1: null

2018-12-12 16:57:01 - [TEST_STEP][PASSED] - Statement - PreSaveFile = new java.io.File(((pathPrefix + java.lang.Integer.toString(counter)) + .png)): null

2018-12-12 16:57:01 - [TEST_STEP][PASSED] - Statement - counter = counter + 1: null

2018-12-12 16:57:01 - [TEST_STEP][PASSED] - Statement - PreSaveFile = new java.io.File(((pathPrefix + java.lang.Integer.toString(counter)) + .png)): null

2018-12-12 16:57:01 - [TEST_STEP][PASSED] - Statement - counter = counter + 1: null

2018-12-12 16:57:01 - [TEST_STEP][PASSED] - Statement - PreSaveFile = new java.io.File(((pathPrefix + java.lang.Integer.toString(counter)) + .png)): null

2018-12-12 16:57:01 - [TEST_STEP][PASSED] - Statement - counter = counter + 1: null

2018-12-12 16:57:01 - [TEST_STEP][PASSED] - Statement - PreSaveFile = new java.io.File(((pathPrefix + java.lang.Integer.toString(counter)) + .png)): null

2018-12-12 16:57:01 - [TEST_STEP][PASSED] - Statement - counter = counter + 1: null

2018-12-12 16:57:01 - [TEST_STEP][PASSED] - Statement - PreSaveFile = new java.io.File(((pathPrefix + java.lang.Integer.toString(counter)) + .png)): null

2018-12-12 16:57:01 - [TEST_STEP][PASSED] - Statement - counter = counter + 1: null

2018-12-12 16:57:01 - [TEST_STEP][PASSED] - Statement - PreSaveFile = new java.io.File(((pathPrefix + java.lang.Integer.toString(counter)) + .png)): null

2018-12-12 16:57:01 - [TEST_STEP][PASSED] - Statement - counter = counter + 1: null

2018-12-12 16:57:01 - [TEST_STEP][PASSED] - Statement - PreSaveFile = new java.io.File(((pathPrefix + java.lang.Integer.toString(counter)) + .png)): null

2018-12-12 16:57:01 - [TEST_STEP][PASSED] - Statement - counter = counter + 1: null

2018-12-12 16:57:01 - [TEST_STEP][PASSED] - Statement - PreSaveFile = new java.io.File(((pathPrefix + java.lang.Integer.toString(counter)) + .png)): null

2018-12-12 16:57:01 - [TEST_STEP][PASSED] - Statement - counter = counter + 1: null

2018-12-12 16:57:01 - [TEST_STEP][PASSED] - Statement - PreSaveFile = new java.io.File(((pathPrefix + java.lang.Integer.toString(counter)) + .png)): null

2018-12-12 16:57:01 - [TEST_STEP][PASSED] - Statement - counter = counter + 1: null

2018-12-12 16:57:01 - [TEST_STEP][PASSED] - Statement - PreSaveFile = new java.io.File(((pathPrefix + java.lang.Integer.toString(counter)) + .png)): null

2018-12-12 16:57:01 - [TEST_STEP][PASSED] - Statement - counter = counter + 1: null

2018-12-12 16:57:01 - [TEST_STEP][PASSED] - Statement - PreSaveFile = new java.io.File(((pathPrefix + java.lang.Integer.toString(counter)) + .png)): null

2018-12-12 16:57:01 - [TEST_STEP][PASSED] - Statement - counter = counter + 1: null

2018-12-12 16:57:01 - [TEST_STEP][PASSED] - Statement - PreSaveFile = new java.io.File(((pathPrefix + java.lang.Integer.toString(counter)) + .png)): null

2018-12-12 16:57:01 - [TEST_STEP][PASSED] - Statement - counter = counter + 1: null

2018-12-12 16:57:01 - [TEST_STEP][PASSED] - Statement - PreSaveFile = new java.io.File(((pathPrefix + java.lang.Integer.toString(counter)) + .png)): null

2018-12-12 16:57:01 - [TEST_STEP][PASSED] - Statement - counter = counter + 1: null

2018-12-12 16:57:01 - [TEST_STEP][PASSED] - Statement - PreSaveFile = new java.io.File(((pathPrefix + java.lang.Integer.toString(counter)) + .png)): null

2018-12-12 16:57:01 - [TEST_STEP][PASSED] - Statement - counter = counter + 1: null

2018-12-12 16:57:01 - [TEST_STEP][PASSED] - Statement - PreSaveFile = new java.io.File(((pathPrefix + java.lang.Integer.toString(counter)) + .png)): null

2018-12-12 16:57:01 - [TEST_STEP][PASSED] - Statement - counter = counter + 1: null

2018-12-12 16:57:01 - [TEST_STEP][PASSED] - Statement - PreSaveFile = new java.io.File(((pathPrefix + java.lang.Integer.toString(counter)) + .png)): null

2018-12-12 16:57:01 - [TEST_STEP][PASSED] - Statement - counter = counter + 1: null

2018-12-12 16:57:01 - [TEST_STEP][PASSED] - Statement - PreSaveFile = new java.io.File(((pathPrefix + java.lang.Integer.toString(counter)) + .png)): null

2018-12-12 16:57:01 - [TEST_STEP][PASSED] - Statement - counter = counter + 1: null

2018-12-12 16:57:01 - [TEST_STEP][PASSED] - Statement - PreSaveFile = new java.io.File(((pathPrefix + java.lang.Integer.toString(counter)) + .png)): null

2018-12-12 16:57:01 - [TEST_STEP][PASSED] - Statement - counter = counter + 1: null

2018-12-12 16:57:01 - [TEST_STEP][PASSED] - Statement - PreSaveFile = new java.io.File(((pathPrefix + java.lang.Integer.toString(counter)) + .png)): null

2018-12-12 16:57:01 - [TEST_STEP][PASSED] - Statement - counter = counter + 1: null

2018-12-12 16:57:01 - [TEST_STEP][PASSED] - Statement - PreSaveFile = new java.io.File(((pathPrefix + java.lang.Integer.toString(counter)) + .png)): null

2018-12-12 16:57:01 - [TEST_STEP][PASSED] - Statement - counter = counter + 1: null

2018-12-12 16:57:01 - [TEST_STEP][PASSED] - Statement - PreSaveFile = new java.io.File(((pathPrefix + java.lang.Integer.toString(counter)) + .png)): null

2018-12-12 16:57:01 - [TEST_STEP][PASSED] - Statement - counter = counter + 1: null

2018-12-12 16:57:01 - [TEST_STEP][PASSED] - Statement - PreSaveFile = new java.io.File(((pathPrefix + java.lang.Integer.toString(counter)) + .png)): null

2018-12-12 16:57:01 - [TEST_STEP][PASSED] - Statement - counter = counter + 1: null

2018-12-12 16:57:01 - [TEST_STEP][PASSED] - Statement - PreSaveFile = new java.io.File(((pathPrefix + java.lang.Integer.toString(counter)) + .png)): null

2018-12-12 16:57:01 - [TEST_STEP][PASSED] - Statement - counter = counter + 1: null

2018-12-12 16:57:01 - [TEST_STEP][PASSED] - Statement - PreSaveFile = new java.io.File(((pathPrefix + java.lang.Integer.toString(counter)) + .png)): null

2018-12-12 16:57:01 - [TEST_STEP][PASSED] - Statement - counter = counter + 1: null

2018-12-12 16:57:01 - [TEST_STEP][PASSED] - Statement - PreSaveFile = new java.io.File(((pathPrefix + java.lang.Integer.toString(counter)) + .png)): null

2018-12-12 16:57:01 - [TEST_STEP][PASSED] - Statement - counter = counter + 1: null

2018-12-12 16:57:01 - [TEST_STEP][PASSED] - Statement - PreSaveFile = new java.io.File(((pathPrefix + java.lang.Integer.toString(counter)) + .png)): null

2018-12-12 16:57:01 - [TEST_STEP][PASSED] - Statement - counter = counter + 1: null

2018-12-12 16:57:01 - [TEST_STEP][PASSED] - Statement - PreSaveFile = new java.io.File(((pathPrefix + java.lang.Integer.toString(counter)) + .png)): null

2018-12-12 16:57:01 - [TEST_STEP][PASSED] - Statement - counter = counter + 1: null

2018-12-12 16:57:01 - [TEST_STEP][PASSED] - Statement - PreSaveFile = new java.io.File(((pathPrefix + java.lang.Integer.toString(counter)) + .png)): null

2018-12-12 16:57:01 - [TEST_STEP][PASSED] - Statement - counter = counter + 1: null

2018-12-12 16:57:01 - [TEST_STEP][PASSED] - Statement - PreSaveFile = new java.io.File(((pathPrefix + java.lang.Integer.toString(counter)) + .png)): null

2018-12-12 16:57:01 - [TEST_STEP][PASSED] - Statement - counter = counter + 1: null

2018-12-12 16:57:01 - [TEST_STEP][PASSED] - Statement - PreSaveFile = new java.io.File(((pathPrefix + java.lang.Integer.toString(counter)) + .png)): null

2018-12-12 16:57:01 - [TEST_STEP][PASSED] - Statement - counter = counter + 1: null

2018-12-12 16:57:01 - [TEST_STEP][PASSED] - Statement - PreSaveFile = new java.io.File(((pathPrefix + java.lang.Integer.toString(counter)) + .png)): null

2018-12-12 16:57:01 - [TEST_STEP][PASSED] - Statement - counter = counter + 1: null

2018-12-12 16:57:01 - [TEST_STEP][PASSED] - Statement - PreSaveFile = new java.io.File(((pathPrefix + java.lang.Integer.toString(counter)) + .png)): null

2018-12-12 16:57:01 - [TEST_STEP][PASSED] - Statement - counter = counter + 1: null

2018-12-12 16:57:01 - [TEST_STEP][PASSED] - Statement - PreSaveFile = new java.io.File(((pathPrefix + java.lang.Integer.toString(counter)) + .png)): null

2018-12-12 16:57:01 - [TEST_STEP][PASSED] - Statement - counter = counter + 1: null

2018-12-12 16:57:01 - [TEST_STEP][PASSED] - Statement - PreSaveFile = new java.io.File(((pathPrefix + java.lang.Integer.toString(counter)) + .png)): null

2018-12-12 16:57:01 - [TEST_STEP][PASSED] - Statement - counter = counter + 1: null

2018-12-12 16:57:01 - [TEST_STEP][PASSED] - Statement - PreSaveFile = new java.io.File(((pathPrefix + java.lang.Integer.toString(counter)) + .png)): null

2018-12-12 16:57:01 - [TEST_STEP][PASSED] - Statement - counter = counter + 1: null

2018-12-12 16:57:01 - [TEST_STEP][PASSED] - Statement - PreSaveFile = new java.io.File(((pathPrefix + java.lang.Integer.toString(counter)) + .png)): null

2018-12-12 16:57:01 - [TEST_STEP][PASSED] - Statement - counter = counter + 1: null

2018-12-12 16:57:01 - [TEST_STEP][PASSED] - Statement - PreSaveFile = new java.io.File(((pathPrefix + java.lang.Integer.toString(counter)) + .png)): null

2018-12-12 16:57:01 - [TEST_STEP][PASSED] - Statement - counter = counter + 1: null

2018-12-12 16:57:01 - [TEST_STEP][PASSED] - Statement - PreSaveFile = new java.io.File(((pathPrefix + java.lang.Integer.toString(counter)) + .png)): null

2018-12-12 16:57:01 - [TEST_STEP][PASSED] - Statement - counter = counter + 1: null

2018-12-12 16:57:01 - [TEST_STEP][PASSED] - Statement - PreSaveFile = new java.io.File(((pathPrefix + java.lang.Integer.toString(counter)) + .png)): null

2018-12-12 16:57:01 - [TEST_STEP][PASSED] - Statement - counter = counter + 1: null

2018-12-12 16:57:01 - [TEST_STEP][PASSED] - Statement - PreSaveFile = new java.io.File(((pathPrefix + java.lang.Integer.toString(counter)) + .png)): null

2018-12-12 16:57:01 - [TEST_STEP][PASSED] - Statement - counter = counter + 1: null

2018-12-12 16:57:01 - [TEST_STEP][PASSED] - Statement - PreSaveFile = new java.io.File(((pathPrefix + java.lang.Integer.toString(counter)) + .png)): null

2018-12-12 16:57:01 - [TEST_STEP][PASSED] - Statement - counter = counter + 1: null

2018-12-12 16:57:01 - [TEST_STEP][PASSED] - Statement - PreSaveFile = new java.io.File(((pathPrefix + java.lang.Integer.toString(counter)) + .png)): null

2018-12-12 16:57:01 - [TEST_STEP][PASSED] - Statement - counter = counter + 1: null

2018-12-12 16:57:01 - [TEST_STEP][PASSED] - Statement - PreSaveFile = new java.io.File(((pathPrefix + java.lang.Integer.toString(counter)) + .png)): null

2018-12-12 16:57:01 - [TEST_STEP][PASSED] - Statement - counter = counter + 1: null

2018-12-12 16:57:01 - [TEST_STEP][PASSED] - Statement - PreSaveFile = new java.io.File(((pathPrefix + java.lang.Integer.toString(counter)) + .png)): null

2018-12-12 16:57:01 - [TEST_STEP][PASSED] - Statement - counter = counter + 1: null

2018-12-12 16:57:01 - [TEST_STEP][PASSED] - Statement - PreSaveFile = new java.io.File(((pathPrefix + java.lang.Integer.toString(counter)) + .png)): null

2018-12-12 16:57:01 - [TEST_STEP][PASSED] - Statement - counter = counter + 1: null

2018-12-12 16:57:01 - [TEST_STEP][PASSED] - Statement - PreSaveFile = new java.io.File(((pathPrefix + java.lang.Integer.toString(counter)) + .png)): null

2018-12-12 16:57:01 - [TEST_STEP][PASSED] - Statement - counter = counter + 1: null

2018-12-12 16:57:01 - [TEST_STEP][PASSED] - Statement - PreSaveFile = new java.io.File(((pathPrefix + java.lang.Integer.toString(counter)) + .png)): null

2018-12-12 16:57:01 - [TEST_STEP][PASSED] - Statement - counter = counter + 1: null

2018-12-12 16:57:01 - [TEST_STEP][PASSED] - Statement - PreSaveFile = new java.io.File(((pathPrefix + java.lang.Integer.toString(counter)) + .png)): null

2018-12-12 16:57:01 - [TEST_STEP][PASSED] - Statement - counter = counter + 1: null

2018-12-12 16:57:01 - [TEST_STEP][PASSED] - Statement - PreSaveFile = new java.io.File(((pathPrefix + java.lang.Integer.toString(counter)) + .png)): null

2018-12-12 16:57:01 - [TEST_STEP][PASSED] - Statement - counter = counter + 1: null

2018-12-12 16:57:01 - [TEST_STEP][PASSED] - Statement - PreSaveFile = new java.io.File(((pathPrefix + java.lang.Integer.toString(counter)) + .png)): null

2018-12-12 16:57:01 - [TEST_STEP][PASSED] - Statement - counter = counter + 1: null

2018-12-12 16:57:01 - [TEST_STEP][PASSED] - Statement - PreSaveFile = new java.io.File(((pathPrefix + java.lang.Integer.toString(counter)) + .png)): null

2018-12-12 16:57:01 - [TEST_STEP][PASSED] - Statement - counter = counter + 1: null

2018-12-12 16:57:02 - [TEST_STEP][PASSED] - Statement - PreSaveFile = new java.io.File(((pathPrefix + java.lang.Integer.toString(counter)) + .png)): null

2018-12-12 16:57:02 - [TEST_STEP][PASSED] - Statement - counter = counter + 1: null

2018-12-12 16:57:02 - [TEST_STEP][PASSED] - Statement - PreSaveFile = new java.io.File(((pathPrefix + java.lang.Integer.toString(counter)) + .png)): null

2018-12-12 16:57:02 - [TEST_STEP][PASSED] - Statement - counter = counter + 1: null

2018-12-12 16:57:02 - [TEST_STEP][PASSED] - Statement - PreSaveFile = new java.io.File(((pathPrefix + java.lang.Integer.toString(counter)) + .png)): null

2018-12-12 16:57:02 - [TEST_STEP][PASSED] - Statement - counter = counter + 1: null

2018-12-12 16:57:02 - [TEST_STEP][PASSED] - Statement - PreSaveFile = new java.io.File(((pathPrefix + java.lang.Integer.toString(counter)) + .png)): null

2018-12-12 16:57:02 - [TEST_STEP][PASSED] - Statement - counter = counter + 1: null

2018-12-12 16:57:02 - [TEST_STEP][PASSED] - Statement - PreSaveFile = new java.io.File(((pathPrefix + java.lang.Integer.toString(counter)) + .png)): null

2018-12-12 16:57:02 - [TEST_STEP][PASSED] - Statement - counter = counter + 1: null

2018-12-12 16:57:02 - [TEST_STEP][PASSED] - Statement - PreSaveFile = new java.io.File(((pathPrefix + java.lang.Integer.toString(counter)) + .png)): null

2018-12-12 16:57:02 - [TEST_STEP][PASSED] - Statement - counter = counter + 1: null

2018-12-12 16:57:02 - [TEST_STEP][PASSED] - Statement - PreSaveFile = new java.io.File(((pathPrefix + java.lang.Integer.toString(counter)) + .png)): null

2018-12-12 16:57:02 - [TEST_STEP][PASSED] - Statement - counter = counter + 1: null

2018-12-12 16:57:02 - [TEST_STEP][PASSED] - Statement - PreSaveFile = new java.io.File(((pathPrefix + java.lang.Integer.toString(counter)) + .png)): null

2018-12-12 16:57:02 - [TEST_STEP][PASSED] - Statement - counter = counter + 1: null

2018-12-12 16:57:02 - [TEST_STEP][PASSED] - Statement - PreSaveFile = new java.io.File(((pathPrefix + java.lang.Integer.toString(counter)) + .png)): null

2018-12-12 16:57:02 - [TEST_STEP][PASSED] - Statement - counter = counter + 1: null

2018-12-12 16:57:02 - [TEST_STEP][PASSED] - Statement - PreSaveFile = new java.io.File(((pathPrefix + java.lang.Integer.toString(counter)) + .png)): null

2018-12-12 16:57:02 - [TEST_STEP][PASSED] - Statement - counter = counter + 1: null

2018-12-12 16:57:02 - [TEST_STEP][PASSED] - Statement - PreSaveFile = new java.io.File(((pathPrefix + java.lang.Integer.toString(counter)) + .png)): null

2018-12-12 16:57:02 - [TEST_STEP][PASSED] - Statement - counter = counter + 1: null

2018-12-12 16:57:02 - [TEST_STEP][PASSED] - Statement - PreSaveFile = new java.io.File(((pathPrefix + java.lang.Integer.toString(counter)) + .png)): null

2018-12-12 16:57:02 - [TEST_STEP][PASSED] - Statement - counter = counter + 1: null

2018-12-12 16:57:02 - [TEST_STEP][PASSED] - Statement - PreSaveFile = new java.io.File(((pathPrefix + java.lang.Integer.toString(counter)) + .png)): null

2018-12-12 16:57:02 - [TEST_STEP][PASSED] - Statement - counter = counter + 1: null

2018-12-12 16:57:02 - [TEST_STEP][PASSED] - Statement - PreSaveFile = new java.io.File(((pathPrefix + java.lang.Integer.toString(counter)) + .png)): null

2018-12-12 16:57:02 - [TEST_STEP][PASSED] - Statement - counter = counter + 1: null

2018-12-12 16:57:02 - [TEST_STEP][PASSED] - Statement - PreSaveFile = new java.io.File(((pathPrefix + java.lang.Integer.toString(counter)) + .png)): null

2018-12-12 16:57:02 - [TEST_STEP][PASSED] - Statement - counter = counter + 1: null

2018-12-12 16:57:02 - [TEST_STEP][PASSED] - Statement - PreSaveFile = new java.io.File(((pathPrefix + java.lang.Integer.toString(counter)) + .png)): null

2018-12-12 16:57:02 - [TEST_STEP][PASSED] - Statement - counter = counter + 1: null

2018-12-12 16:57:02 - [TEST_STEP][PASSED] - Statement - PreSaveFile = new java.io.File(((pathPrefix + java.lang.Integer.toString(counter)) + .png)): null

2018-12-12 16:57:02 - [TEST_STEP][PASSED] - Statement - counter = counter + 1: null

2018-12-12 16:57:02 - [TEST_STEP][PASSED] - Statement - PreSaveFile = new java.io.File(((pathPrefix + java.lang.Integer.toString(counter)) + .png)): null

2018-12-12 16:57:02 - [TEST_STEP][PASSED] - Statement - counter = counter + 1: null

2018-12-12 16:57:02 - [TEST_STEP][PASSED] - Statement - PreSaveFile = new java.io.File(((pathPrefix + java.lang.Integer.toString(counter)) + .png)): null

2018-12-12 16:57:02 - [TEST_STEP][PASSED] - Statement - counter = counter + 1: null

2018-12-12 16:57:02 - [TEST_STEP][PASSED] - Statement - PreSaveFile = new java.io.File(((pathPrefix + java.lang.Integer.toString(counter)) + .png)): null

2018-12-12 16:57:02 - [TEST_STEP][PASSED] - Statement - counter = counter + 1: null

2018-12-12 16:57:02 - [TEST_STEP][PASSED] - Statement - PreSaveFile = new java.io.File(((pathPrefix + java.lang.Integer.toString(counter)) + .png)): null

2018-12-12 16:57:02 - [TEST_STEP][PASSED] - Statement - counter = counter + 1: null

2018-12-12 16:57:02 - [TEST_STEP][PASSED] - Statement - PreSaveFile = new java.io.File(((pathPrefix + java.lang.Integer.toString(counter)) + .png)): null

2018-12-12 16:57:02 - [TEST_STEP][PASSED] - Statement - counter = counter + 1: null

2018-12-12 16:57:02 - [TEST_STEP][PASSED] - Statement - PreSaveFile = new java.io.File(((pathPrefix + java.lang.Integer.toString(counter)) + .png)): null

2018-12-12 16:57:02 - [TEST_STEP][PASSED] - Statement - counter = counter + 1: null

2018-12-12 16:57:02 - [TEST_STEP][PASSED] - Statement - PreSaveFile = new java.io.File(((pathPrefix + java.lang.Integer.toString(counter)) + .png)): null

2018-12-12 16:57:02 - [TEST_STEP][PASSED] - Statement - finalPath = pathPrefix + java.lang.Integer.toString(counter) + ".png": null

2018-12-12 16:57:02 - [TEST_STEP][PASSED] - Statement - SaveFile = new java.io.File(finalPath): null

2018-12-12 16:57:02 - [TEST_STEP][PASSED] - Statement - Try: null

2018-12-12 16:57:02 - [TEST_STEP][PASSED] - Statement - org.apache.commons.io.FileUtils.copyFile(scrFile, SaveFile): null

2018-12-12 16:57:02 - [TEST_STEP][PASSED] - Statement - out.println("file kept"): null

2018-12-12 16:57:02 - [TEST_STEP][PASSED] - delay: Delayed 10 second(s)

2018-12-12 16:57:12 - [MESSAGE][PASSED] - Delayed 10 second(s)

2018-12-12 16:57:12 - [MESSAGE][PASSED] - Call Test Case 'Test Cases/Final Aug 2018 - PKS Automation/Registration Module/New Registration/Submit and Screenshot/Submit Registration and Screenshot' successfully]]></system-out>
         <system-err><![CDATA[]]></system-err>
      </testcase>
      <testcase name="Test Cases/Final Aug 2018 - PKS Automation/Registration Module/Critical Path/New Registration/Register ASSIST Only/Other - State Statutory Body" classname="Test Cases/Final Aug 2018 - PKS Automation/Registration Module/Critical Path/New Registration/Register ASSIST Only/Other - State Statutory Body" status="PASSED">
         <system-out><![CDATA[2018-12-12 16:57:12 - [TEST_CASE][PASSED] - Test Cases/Final Aug 2018 - PKS Automation/Registration Module/Critical Path/New Registration/Register ASSIST Only/Other - State Statutory Body: Test Cases/Final Aug 2018 - PKS Automation/Registration Module/Critical Path/New Registration/Register ASSIST Only/Other - State Statutory Body

2018-12-12 16:57:12 - [TEST_STEP][PASSED] - callTestCase: Call Test Case 'Test Cases/Final Aug 2018 - PKS Automation/Registration Module/New Registration/Form 1/Form 1 - Other - State Statutory Body' successfully

2018-12-12 16:57:12 - [TEST_CASE][PASSED] - Test Cases/Final Aug 2018 - PKS Automation/Registration Module/New Registration/Form 1/Form 1 - Other - State Statutory Body: Test Cases/Final Aug 2018 - PKS Automation/Registration Module/New Registration/Form 1/Form 1 - Other - State Statutory Body

2018-12-12 16:57:12 - [TEST_STEP][PASSED] - openBrowser: Browser is opened with url: ''

2018-12-12 16:57:12 - [MESSAGE][WARNING] - A browser is already opened. Closing browser and opening a new one

2018-12-12 16:57:15 - [MESSAGE][PASSED] - Browser is opened with url: ''

2018-12-12 16:57:15 - [TEST_STEP][PASSED] - navigateToUrl: Navigate to 'https://assist2-uat.perkeso.gov.my/login' successfully

2018-12-12 16:57:16 - [MESSAGE][PASSED] - Navigate to 'https://assist2-uat.perkeso.gov.my/login' successfully

2018-12-12 16:57:16 - [TEST_STEP][PASSED] - setText: Text 'johorotc1@gmail.com' is set on object 'Object Repository/Final Object Repo/Login Page/Internal User/Email Address'

2018-12-12 16:57:16 - [MESSAGE][PASSED] - Text 'johorotc1@gmail.com' is set on object 'Object Repository/Final Object Repo/Login Page/Internal User/Email Address'

2018-12-12 16:57:16 - [TEST_STEP][PASSED] - click: Object: 'Object Repository/Final Object Repo/Login Page/Internal User/Next Button' is clicked on

2018-12-12 16:57:17 - [MESSAGE][PASSED] - Object: 'Object Repository/Final Object Repo/Login Page/Internal User/Next Button' is clicked on

2018-12-12 16:57:17 - [TEST_STEP][PASSED] - delay: Delayed 1 second(s)

2018-12-12 16:57:18 - [MESSAGE][PASSED] - Delayed 1 second(s)

2018-12-12 16:57:18 - [TEST_STEP][PASSED] - setEncryptedText: Text ****** has been set on object 'Object Repository/Final Object Repo/Login Page/Internal User/Password'

2018-12-12 16:57:18 - [MESSAGE][PASSED] - Text ****** has been set on object 'Object Repository/Final Object Repo/Login Page/Internal User/Password'

2018-12-12 16:57:18 - [TEST_STEP][PASSED] - click: Object: 'Object Repository/Final Object Repo/Login Page/Internal User/Login Button' is clicked on

2018-12-12 16:57:18 - [MESSAGE][PASSED] - Object: 'Object Repository/Final Object Repo/Login Page/Internal User/Login Button' is clicked on

2018-12-12 16:57:18 - [TEST_STEP][PASSED] - delay: Delayed 1 second(s)

2018-12-12 16:57:19 - [MESSAGE][PASSED] - Delayed 1 second(s)

2018-12-12 16:57:19 - [TEST_STEP][PASSED] - Statement - Try: Delayed 2 second(s)

2018-12-12 16:57:19 - [TEST_STEP][PASSED] - Statement - Checker = false: null

2018-12-12 16:57:19 - [TEST_STEP][PASSED] - Statement - Checker = com.kms.katalon.core.webui.keyword.WebUiBuiltInKeywords.verifyElementHasAttribute(com.kms.katalon.core.testobject.ObjectRepository.findTestObject(Final Object Repo/Landing Page/BM Detecting), "href", 20, OPTIONAL): Object 'Object Repository/Final Object Repo/Landing Page/BM Detecting' has attribute 'href'

2018-12-12 16:57:20 - [MESSAGE][PASSED] - Object 'Object Repository/Final Object Repo/Landing Page/BM Detecting' has attribute 'href'

2018-12-12 16:57:20 - [TEST_STEP][PASSED] - Statement - out.println(Checker): null

2018-12-12 16:57:20 - [TEST_STEP][PASSED] - Statement - If (Checker == false): null

2018-12-12 16:57:20 - [TEST_STEP][PASSED] - Statement - Else: null

2018-12-12 16:57:20 - [TEST_STEP][PASSED] - delay: Delayed 2 second(s)

2018-12-12 16:57:22 - [MESSAGE][PASSED] - Delayed 2 second(s)

2018-12-12 16:57:22 - [TEST_STEP][PASSED] - navigateToUrl: Navigate to 'https://assist2-uat.perkeso.gov.my/web/registration/registration' successfully

2018-12-12 16:57:24 - [MESSAGE][PASSED] - Navigate to 'https://assist2-uat.perkeso.gov.my/web/registration/registration' successfully

2018-12-12 16:57:24 - [TEST_STEP][PASSED] - click: Object: 'Object Repository/Final Object Repo/New Registration - Registration Module Pages/Form 1/AEC - No' is clicked on

2018-12-12 16:57:24 - [MESSAGE][PASSED] - Object: 'Object Repository/Final Object Repo/New Registration - Registration Module Pages/Form 1/AEC - No' is clicked on

2018-12-12 16:57:24 - [TEST_STEP][PASSED] - click: Object: 'Object Repository/Final Object Repo/New Registration - Registration Module Pages/Form 1/Business Entity' is clicked on

2018-12-12 16:57:24 - [MESSAGE][PASSED] - Object: 'Object Repository/Final Object Repo/New Registration - Registration Module Pages/Form 1/Business Entity' is clicked on

2018-12-12 16:57:24 - [TEST_STEP][PASSED] - click: Object: 'Object Repository/Final Object Repo/New Registration - Registration Module Pages/Form 1/Business Entity - Other' is clicked on

2018-12-12 16:57:24 - [MESSAGE][PASSED] - Object: 'Object Repository/Final Object Repo/New Registration - Registration Module Pages/Form 1/Business Entity - Other' is clicked on

2018-12-12 16:57:24 - [TEST_STEP][PASSED] - delay: Delayed 1 second(s)

2018-12-12 16:57:25 - [MESSAGE][PASSED] - Delayed 1 second(s)

2018-12-12 16:57:25 - [TEST_STEP][PASSED] - click: Object: 'Object Repository/Final Object Repo/New Registration - Registration Module Pages/Form 1/Sub Business Entity' is clicked on

2018-12-12 16:57:26 - [MESSAGE][PASSED] - Object: 'Object Repository/Final Object Repo/New Registration - Registration Module Pages/Form 1/Sub Business Entity' is clicked on

2018-12-12 16:57:26 - [TEST_STEP][PASSED] - click: Object: 'Object Repository/Final Object Repo/New Registration - Registration Module Pages/Form 1/Sub Business Entity - Other/Sub Business Entity - State Statutory Body' is clicked on

2018-12-12 16:57:26 - [MESSAGE][PASSED] - Object: 'Object Repository/Final Object Repo/New Registration - Registration Module Pages/Form 1/Sub Business Entity - Other/Sub Business Entity - State Statutory Body' is clicked on

2018-12-12 16:57:26 - [TEST_STEP][PASSED] - delay: Delayed 1 second(s)

2018-12-12 16:57:27 - [MESSAGE][PASSED] - Delayed 1 second(s)

2018-12-12 16:57:27 - [TEST_STEP][PASSED] - click: Object: 'Object Repository/Final Object Repo/New Registration - Registration Module Pages/Form 1/Sub Business Entity List' is clicked on

2018-12-12 16:57:27 - [MESSAGE][PASSED] - Object: 'Object Repository/Final Object Repo/New Registration - Registration Module Pages/Form 1/Sub Business Entity List' is clicked on

2018-12-12 16:57:27 - [TEST_STEP][PASSED] - click: Object: 'Object Repository/Final Object Repo/New Registration - Registration Module Pages/Form 1/Sub Business Entity List - Other/Sub Business Entity List - Others - State Statutory Body -Selangor' is clicked on

2018-12-12 16:57:27 - [MESSAGE][PASSED] - Object: 'Object Repository/Final Object Repo/New Registration - Registration Module Pages/Form 1/Sub Business Entity List - Other/Sub Business Entity List - Others - State Statutory Body -Selangor' is clicked on

2018-12-12 16:57:27 - [TEST_STEP][PASSED] - delay: Delayed 1 second(s)

2018-12-12 16:57:28 - [MESSAGE][PASSED] - Delayed 1 second(s)

2018-12-12 16:57:28 - [TEST_STEP][NOT_RUN] - setText: NOT_RUN: setText

2018-12-12 16:57:28 - [MESSAGE][NOT_RUN] - NOT_RUN: setText

2018-12-12 16:57:28 - [TEST_STEP][NOT_RUN] - click: NOT_RUN: click

2018-12-12 16:57:28 - [MESSAGE][NOT_RUN] - NOT_RUN: click

2018-12-12 16:57:28 - [TEST_STEP][PASSED] - click: Object: 'Object Repository/Final Object Repo/New Registration - Registration Module Pages/Form 1/Registered As a Branch - Yes' is clicked on

2018-12-12 16:57:28 - [MESSAGE][PASSED] - Object: 'Object Repository/Final Object Repo/New Registration - Registration Module Pages/Form 1/Registered As a Branch - Yes' is clicked on

2018-12-12 16:57:28 - [TEST_STEP][PASSED] - verifyElementPresent: Object 'Object Repository/Final Object Repo/New Registration - Registration Module Pages/Form 1/Acknowledgement Disabled' is present

2018-12-12 16:57:28 - [MESSAGE][WARNING] - Timeout '0' is invalid. Using default page load timeout: '30'

2018-12-12 16:57:29 - [MESSAGE][PASSED] - Object 'Object Repository/Final Object Repo/New Registration - Registration Module Pages/Form 1/Acknowledgement Disabled' is present

2018-12-12 16:57:29 - [TEST_STEP][NOT_RUN] - verifyElementNotChecked: NOT_RUN: verifyElementNotChecked

2018-12-12 16:57:29 - [MESSAGE][NOT_RUN] - NOT_RUN: verifyElementNotChecked

2018-12-12 16:57:29 - [TEST_STEP][PASSED] - click: Object: 'Object Repository/Final Object Repo/New Registration - Registration Module Pages/Form 1/Industry Name Selection' is clicked on

2018-12-12 16:57:29 - [MESSAGE][PASSED] - Object: 'Object Repository/Final Object Repo/New Registration - Registration Module Pages/Form 1/Industry Name Selection' is clicked on

2018-12-12 16:57:29 - [TEST_STEP][PASSED] - click: Object: 'Object Repository/Final Object Repo/New Registration - Registration Module Pages/Form 1/Industry Name List - Other/Others - State Statutory Body -Jabatan Ketua Menteri Sab - Perbadanan' is clicked on

2018-12-12 16:57:29 - [MESSAGE][PASSED] - Object: 'Object Repository/Final Object Repo/New Registration - Registration Module Pages/Form 1/Industry Name List - Other/Others - State Statutory Body -Jabatan Ketua Menteri Sab - Perbadanan' is clicked on

2018-12-12 16:57:29 - [TEST_STEP][PASSED] - setText: Text 'perkeso1' is set on object 'Object Repository/Final Object Repo/New Registration - Registration Module Pages/Form 1/Postal Address1'

2018-12-12 16:57:29 - [MESSAGE][PASSED] - Text 'perkeso1' is set on object 'Object Repository/Final Object Repo/New Registration - Registration Module Pages/Form 1/Postal Address1'

2018-12-12 16:57:29 - [TEST_STEP][PASSED] - setText: Text 'perkeso2' is set on object 'Object Repository/Final Object Repo/New Registration - Registration Module Pages/Form 1/Postal Address2'

2018-12-12 16:57:30 - [MESSAGE][PASSED] - Text 'perkeso2' is set on object 'Object Repository/Final Object Repo/New Registration - Registration Module Pages/Form 1/Postal Address2'

2018-12-12 16:57:30 - [TEST_STEP][PASSED] - setText: Text 'perkeso3' is set on object 'Object Repository/Final Object Repo/New Registration - Registration Module Pages/Form 1/Postal Address3'

2018-12-12 16:57:30 - [MESSAGE][PASSED] - Text 'perkeso3' is set on object 'Object Repository/Final Object Repo/New Registration - Registration Module Pages/Form 1/Postal Address3'

2018-12-12 16:57:30 - [TEST_STEP][PASSED] - click: Object: 'Object Repository/Final Object Repo/New Registration - Registration Module Pages/Form 1/State' is clicked on

2018-12-12 16:57:30 - [MESSAGE][PASSED] - Object: 'Object Repository/Final Object Repo/New Registration - Registration Module Pages/Form 1/State' is clicked on

2018-12-12 16:57:30 - [TEST_STEP][PASSED] - click: Object: 'Object Repository/Final Object Repo/New Registration - Registration Module Pages/Form 1/State - Johor' is clicked on

2018-12-12 16:57:31 - [MESSAGE][PASSED] - Object: 'Object Repository/Final Object Repo/New Registration - Registration Module Pages/Form 1/State - Johor' is clicked on

2018-12-12 16:57:31 - [TEST_STEP][PASSED] - delay: Delayed 2 second(s)

2018-12-12 16:57:33 - [MESSAGE][PASSED] - Delayed 2 second(s)

2018-12-12 16:57:33 - [TEST_STEP][PASSED] - click: Object: 'Object Repository/Final Object Repo/New Registration - Registration Module Pages/Form 1/City' is clicked on

2018-12-12 16:57:33 - [MESSAGE][PASSED] - Object: 'Object Repository/Final Object Repo/New Registration - Registration Module Pages/Form 1/City' is clicked on

2018-12-12 16:57:33 - [TEST_STEP][PASSED] - setText: Text 'joh' is set on object 'Object Repository/Final Object Repo/New Registration - Registration Module Pages/Form 1/Postcode - 810'

2018-12-12 16:57:33 - [MESSAGE][PASSED] - Text 'joh' is set on object 'Object Repository/Final Object Repo/New Registration - Registration Module Pages/Form 1/Postcode - 810'

2018-12-12 16:57:33 - [TEST_STEP][PASSED] - delay: Delayed 2 second(s)

2018-12-12 16:57:35 - [MESSAGE][PASSED] - Delayed 2 second(s)

2018-12-12 16:57:35 - [TEST_STEP][PASSED] - click: Object: 'Object Repository/Final Object Repo/New Registration - Registration Module Pages/Form 1/City - Johor Bharu' is clicked on

2018-12-12 16:57:35 - [MESSAGE][PASSED] - Object: 'Object Repository/Final Object Repo/New Registration - Registration Module Pages/Form 1/City - Johor Bharu' is clicked on

2018-12-12 16:57:35 - [TEST_STEP][PASSED] - delay: Delayed 1 second(s)

2018-12-12 16:57:36 - [MESSAGE][PASSED] - Delayed 1 second(s)

2018-12-12 16:57:36 - [TEST_STEP][PASSED] - click: Object: 'Object Repository/Final Object Repo/New Registration - Registration Module Pages/Form 1/Postcode' is clicked on

2018-12-12 16:57:36 - [MESSAGE][PASSED] - Object: 'Object Repository/Final Object Repo/New Registration - Registration Module Pages/Form 1/Postcode' is clicked on

2018-12-12 16:57:36 - [TEST_STEP][PASSED] - delay: Delayed 1 second(s)

2018-12-12 16:57:37 - [MESSAGE][PASSED] - Delayed 1 second(s)

2018-12-12 16:57:37 - [TEST_STEP][PASSED] - setText: Text '810' is set on object 'Object Repository/Final Object Repo/New Registration - Registration Module Pages/Form 1/Postcode - 810'

2018-12-12 16:57:38 - [MESSAGE][PASSED] - Text '810' is set on object 'Object Repository/Final Object Repo/New Registration - Registration Module Pages/Form 1/Postcode - 810'

2018-12-12 16:57:38 - [TEST_STEP][PASSED] - delay: Delayed 2 second(s)

2018-12-12 16:57:40 - [MESSAGE][PASSED] - Delayed 2 second(s)

2018-12-12 16:57:40 - [TEST_STEP][PASSED] - click: Object: 'Object Repository/Final Object Repo/New Registration - Registration Module Pages/Form 1/Postcode - 81000' is clicked on

2018-12-12 16:57:40 - [MESSAGE][PASSED] - Object: 'Object Repository/Final Object Repo/New Registration - Registration Module Pages/Form 1/Postcode - 81000' is clicked on

2018-12-12 16:57:40 - [TEST_STEP][PASSED] - delay: Delayed 1 second(s)

2018-12-12 16:57:41 - [MESSAGE][PASSED] - Delayed 1 second(s)

2018-12-12 16:57:41 - [TEST_STEP][PASSED] - setText: Text '100' is set on object 'Object Repository/Final Object Repo/New Registration - Registration Module Pages/Form 1/P.O.BOX'

2018-12-12 16:57:41 - [MESSAGE][PASSED] - Text '100' is set on object 'Object Repository/Final Object Repo/New Registration - Registration Module Pages/Form 1/P.O.BOX'

2018-12-12 16:57:41 - [TEST_STEP][PASSED] - setText: Text '100' is set on object 'Object Repository/Final Object Repo/New Registration - Registration Module Pages/Form 1/Locked Bag No'

2018-12-12 16:57:41 - [MESSAGE][PASSED] - Text '100' is set on object 'Object Repository/Final Object Repo/New Registration - Registration Module Pages/Form 1/Locked Bag No'

2018-12-12 16:57:41 - [TEST_STEP][PASSED] - click: Object: 'Object Repository/Final Object Repo/New Registration - Registration Module Pages/Form 1/SOCSO Office Location' is clicked on

2018-12-12 16:57:42 - [MESSAGE][PASSED] - Object: 'Object Repository/Final Object Repo/New Registration - Registration Module Pages/Form 1/SOCSO Office Location' is clicked on

2018-12-12 16:57:42 - [TEST_STEP][PASSED] - click: Object: 'Object Repository/Final Object Repo/New Registration - Registration Module Pages/Form 1/SOCSO Office Location - Pejabat PERKESO Negeri Johor' is clicked on

2018-12-12 16:57:42 - [MESSAGE][PASSED] - Object: 'Object Repository/Final Object Repo/New Registration - Registration Module Pages/Form 1/SOCSO Office Location - Pejabat PERKESO Negeri Johor' is clicked on

2018-12-12 16:57:42 - [TEST_STEP][PASSED] - delay: Delayed 1 second(s)

2018-12-12 16:57:43 - [MESSAGE][PASSED] - Delayed 1 second(s)

2018-12-12 16:57:43 - [TEST_STEP][PASSED] - check: Object 'Object Repository/Final Object Repo/New Registration - Registration Module Pages/Form 1/Indusrty Address Same As Postal Address' is checked

2018-12-12 16:57:43 - [MESSAGE][PASSED] - Object 'Object Repository/Final Object Repo/New Registration - Registration Module Pages/Form 1/Indusrty Address Same As Postal Address' is checked

2018-12-12 16:57:43 - [TEST_STEP][PASSED] - delay: Delayed 3 second(s)

2018-12-12 16:57:46 - [MESSAGE][PASSED] - Delayed 3 second(s)

2018-12-12 16:57:46 - [TEST_STEP][PASSED] - click: Object: 'Object Repository/Final Object Repo/New Registration - Registration Module Pages/Form 1/Indusry Address Same As Postal Address False' is clicked on

2018-12-12 16:57:46 - [MESSAGE][PASSED] - Object: 'Object Repository/Final Object Repo/New Registration - Registration Module Pages/Form 1/Indusry Address Same As Postal Address False' is clicked on

2018-12-12 16:57:46 - [TEST_STEP][PASSED] - delay: Delayed 1 second(s)

2018-12-12 16:57:47 - [MESSAGE][PASSED] - Delayed 1 second(s)

2018-12-12 16:57:47 - [TEST_STEP][PASSED] - setText: Text 'perkeso1' is set on object 'Object Repository/Final Object Repo/New Registration - Registration Module Pages/Form 1/Industry Address1'

2018-12-12 16:57:48 - [MESSAGE][PASSED] - Text 'perkeso1' is set on object 'Object Repository/Final Object Repo/New Registration - Registration Module Pages/Form 1/Industry Address1'

2018-12-12 16:57:48 - [TEST_STEP][PASSED] - setText: Text 'perkeso2' is set on object 'Object Repository/Final Object Repo/New Registration - Registration Module Pages/Form 1/Industry Address2'

2018-12-12 16:57:48 - [MESSAGE][PASSED] - Text 'perkeso2' is set on object 'Object Repository/Final Object Repo/New Registration - Registration Module Pages/Form 1/Industry Address2'

2018-12-12 16:57:48 - [TEST_STEP][PASSED] - setText: Text 'perkeso3' is set on object 'Object Repository/Final Object Repo/New Registration - Registration Module Pages/Form 1/Industry Address3'

2018-12-12 16:57:48 - [MESSAGE][PASSED] - Text 'perkeso3' is set on object 'Object Repository/Final Object Repo/New Registration - Registration Module Pages/Form 1/Industry Address3'

2018-12-12 16:57:48 - [TEST_STEP][PASSED] - click: Object: 'Object Repository/Final Object Repo/New Registration - Registration Module Pages/Form 1/Industry State' is clicked on

2018-12-12 16:57:49 - [MESSAGE][PASSED] - Object: 'Object Repository/Final Object Repo/New Registration - Registration Module Pages/Form 1/Industry State' is clicked on

2018-12-12 16:57:49 - [TEST_STEP][PASSED] - delay: Delayed 2 second(s)

2018-12-12 16:57:51 - [MESSAGE][PASSED] - Delayed 2 second(s)

2018-12-12 16:57:51 - [TEST_STEP][PASSED] - click: Object: 'Object Repository/Final Object Repo/New Registration - Registration Module Pages/Form 1/Industry State - Johor' is clicked on

2018-12-12 16:57:51 - [MESSAGE][PASSED] - Object: 'Object Repository/Final Object Repo/New Registration - Registration Module Pages/Form 1/Industry State - Johor' is clicked on

2018-12-12 16:57:51 - [TEST_STEP][PASSED] - delay: Delayed 2 second(s)

2018-12-12 16:57:53 - [MESSAGE][PASSED] - Delayed 2 second(s)

2018-12-12 16:57:53 - [TEST_STEP][PASSED] - click: Object: 'Object Repository/Final Object Repo/New Registration - Registration Module Pages/Form 1/Industry Ciry' is clicked on

2018-12-12 16:57:53 - [MESSAGE][PASSED] - Object: 'Object Repository/Final Object Repo/New Registration - Registration Module Pages/Form 1/Industry Ciry' is clicked on

2018-12-12 16:57:53 - [TEST_STEP][PASSED] - setText: Text 'joh' is set on object 'Object Repository/Final Object Repo/New Registration - Registration Module Pages/Form 1/Industry Ciry - joh'

2018-12-12 16:57:53 - [MESSAGE][PASSED] - Text 'joh' is set on object 'Object Repository/Final Object Repo/New Registration - Registration Module Pages/Form 1/Industry Ciry - joh'

2018-12-12 16:57:53 - [TEST_STEP][PASSED] - delay: Delayed 2 second(s)

2018-12-12 16:57:55 - [MESSAGE][PASSED] - Delayed 2 second(s)

2018-12-12 16:57:55 - [TEST_STEP][PASSED] - click: Object: 'Object Repository/Final Object Repo/New Registration - Registration Module Pages/Form 1/Industy State - Johor Bharu' is clicked on

2018-12-12 16:57:56 - [MESSAGE][PASSED] - Object: 'Object Repository/Final Object Repo/New Registration - Registration Module Pages/Form 1/Industy State - Johor Bharu' is clicked on

2018-12-12 16:57:56 - [TEST_STEP][PASSED] - delay: Delayed 1 second(s)

2018-12-12 16:57:57 - [MESSAGE][PASSED] - Delayed 1 second(s)

2018-12-12 16:57:57 - [TEST_STEP][PASSED] - click: Object: 'Object Repository/Final Object Repo/New Registration - Registration Module Pages/Form 1/Indusry PostCode' is clicked on

2018-12-12 16:57:57 - [MESSAGE][PASSED] - Object: 'Object Repository/Final Object Repo/New Registration - Registration Module Pages/Form 1/Indusry PostCode' is clicked on

2018-12-12 16:57:57 - [TEST_STEP][PASSED] - delay: Delayed 1 second(s)

2018-12-12 16:57:58 - [MESSAGE][PASSED] - Delayed 1 second(s)

2018-12-12 16:57:58 - [TEST_STEP][PASSED] - setText: Text '810' is set on object 'Object Repository/Final Object Repo/New Registration - Registration Module Pages/Form 1/Insutry Post Code - 810'

2018-12-12 16:57:58 - [MESSAGE][PASSED] - Text '810' is set on object 'Object Repository/Final Object Repo/New Registration - Registration Module Pages/Form 1/Insutry Post Code - 810'

2018-12-12 16:57:58 - [TEST_STEP][PASSED] - delay: Delayed 1 second(s)

2018-12-12 16:57:59 - [MESSAGE][PASSED] - Delayed 1 second(s)

2018-12-12 16:57:59 - [TEST_STEP][PASSED] - click: Object: 'Object Repository/Final Object Repo/New Registration - Registration Module Pages/Form 1/Insutry Post Code - 81000' is clicked on

2018-12-12 16:57:59 - [MESSAGE][PASSED] - Object: 'Object Repository/Final Object Repo/New Registration - Registration Module Pages/Form 1/Insutry Post Code - 81000' is clicked on

2018-12-12 16:57:59 - [TEST_STEP][PASSED] - delay: Delayed 1 second(s)

2018-12-12 16:58:00 - [MESSAGE][PASSED] - Delayed 1 second(s)

2018-12-12 16:58:00 - [TEST_STEP][PASSED] - setText: Text '100' is set on object 'Object Repository/Final Object Repo/New Registration - Registration Module Pages/Form 1/Industry P.O.BOX'

2018-12-12 16:58:00 - [MESSAGE][PASSED] - Text '100' is set on object 'Object Repository/Final Object Repo/New Registration - Registration Module Pages/Form 1/Industry P.O.BOX'

2018-12-12 16:58:00 - [TEST_STEP][PASSED] - setText: Text '100' is set on object 'Object Repository/Final Object Repo/New Registration - Registration Module Pages/Form 1/Industry Locked Bag No'

2018-12-12 16:58:01 - [MESSAGE][PASSED] - Text '100' is set on object 'Object Repository/Final Object Repo/New Registration - Registration Module Pages/Form 1/Industry Locked Bag No'

2018-12-12 16:58:01 - [TEST_STEP][PASSED] - setText: Text '123456789' is set on object 'Object Repository/Final Object Repo/New Registration - Registration Module Pages/Form 1/Telephone No'

2018-12-12 16:58:01 - [MESSAGE][PASSED] - Text '123456789' is set on object 'Object Repository/Final Object Repo/New Registration - Registration Module Pages/Form 1/Telephone No'

2018-12-12 16:58:01 - [TEST_STEP][PASSED] - setText: Text '123456789' is set on object 'Object Repository/Final Object Repo/New Registration - Registration Module Pages/Form 1/Mobile No'

2018-12-12 16:58:02 - [MESSAGE][PASSED] - Text '123456789' is set on object 'Object Repository/Final Object Repo/New Registration - Registration Module Pages/Form 1/Mobile No'

2018-12-12 16:58:02 - [TEST_STEP][PASSED] - setText: Text '123456789' is set on object 'Object Repository/Final Object Repo/New Registration - Registration Module Pages/Form 1/Fax No'

2018-12-12 16:58:02 - [MESSAGE][PASSED] - Text '123456789' is set on object 'Object Repository/Final Object Repo/New Registration - Registration Module Pages/Form 1/Fax No'

2018-12-12 16:58:02 - [TEST_STEP][PASSED] - click: Object: 'Object Repository/Final Object Repo/New Registration - Registration Module Pages/Form 1/Industry Code' is clicked on

2018-12-12 16:58:02 - [MESSAGE][PASSED] - Object: 'Object Repository/Final Object Repo/New Registration - Registration Module Pages/Form 1/Industry Code' is clicked on

2018-12-12 16:58:02 - [TEST_STEP][PASSED] - click: Object: 'Object Repository/Final Object Repo/New Registration - Registration Module Pages/Form 1/Indudustry Code - Crops and Animal' is clicked on

2018-12-12 16:58:02 - [MESSAGE][PASSED] - Object: 'Object Repository/Final Object Repo/New Registration - Registration Module Pages/Form 1/Indudustry Code - Crops and Animal' is clicked on

2018-12-12 16:58:02 - [TEST_STEP][PASSED] - delay: Delayed 1 second(s)

2018-12-12 16:58:03 - [MESSAGE][PASSED] - Delayed 1 second(s)

2018-12-12 16:58:03 - [TEST_STEP][PASSED] - click: Object: 'Object Repository/Final Object Repo/New Registration - Registration Module Pages/Form 1/Sub Industry Code List' is clicked on

2018-12-12 16:58:04 - [MESSAGE][PASSED] - Object: 'Object Repository/Final Object Repo/New Registration - Registration Module Pages/Form 1/Sub Industry Code List' is clicked on

2018-12-12 16:58:04 - [TEST_STEP][PASSED] - click: Object: 'Object Repository/Final Object Repo/New Registration - Registration Module Pages/Form 1/Sub Industry Code List - Growing of Maize' is clicked on

2018-12-12 16:58:04 - [MESSAGE][PASSED] - Object: 'Object Repository/Final Object Repo/New Registration - Registration Module Pages/Form 1/Sub Industry Code List - Growing of Maize' is clicked on

2018-12-12 16:58:04 - [TEST_STEP][PASSED] - setText: Text 'perkeso123@gmail.com' is set on object 'Object Repository/Final Object Repo/New Registration - Registration Module Pages/Form 1/Email'

2018-12-12 16:58:05 - [MESSAGE][PASSED] - Text 'perkeso123@gmail.com' is set on object 'Object Repository/Final Object Repo/New Registration - Registration Module Pages/Form 1/Email'

2018-12-12 16:58:05 - [TEST_STEP][PASSED] - click: Object: 'Object Repository/Final Object Repo/New Registration - Registration Module Pages/Form 1/Method of Contribution Payment' is clicked on

2018-12-12 16:58:05 - [MESSAGE][PASSED] - Object: 'Object Repository/Final Object Repo/New Registration - Registration Module Pages/Form 1/Method of Contribution Payment' is clicked on

2018-12-12 16:58:05 - [TEST_STEP][PASSED] - click: Object: 'Object Repository/Final Object Repo/New Registration - Registration Module Pages/Form 1/Method of Contribution Payment - Portal' is clicked on

2018-12-12 16:58:05 - [MESSAGE][PASSED] - Object: 'Object Repository/Final Object Repo/New Registration - Registration Module Pages/Form 1/Method of Contribution Payment - Portal' is clicked on

2018-12-12 16:58:05 - [TEST_STEP][PASSED] - click: Object: 'Object Repository/Final Object Repo/New Registration - Registration Module Pages/Form 1/Servide Type' is clicked on

2018-12-12 16:58:05 - [MESSAGE][PASSED] - Object: 'Object Repository/Final Object Repo/New Registration - Registration Module Pages/Form 1/Servide Type' is clicked on

2018-12-12 16:58:05 - [TEST_STEP][PASSED] - click: Object: 'Object Repository/Final Object Repo/New Registration - Registration Module Pages/Form 1/Servide Type - Professional Bodies' is clicked on

2018-12-12 16:58:06 - [MESSAGE][PASSED] - Object: 'Object Repository/Final Object Repo/New Registration - Registration Module Pages/Form 1/Servide Type - Professional Bodies' is clicked on

2018-12-12 16:58:06 - [TEST_STEP][PASSED] - click: Object: 'Object Repository/Final Object Repo/New Registration - Registration Module Pages/Form 1/Industry Venue' is clicked on

2018-12-12 16:58:06 - [MESSAGE][PASSED] - Object: 'Object Repository/Final Object Repo/New Registration - Registration Module Pages/Form 1/Industry Venue' is clicked on

2018-12-12 16:58:06 - [TEST_STEP][PASSED] - click: Object: 'Object Repository/Final Object Repo/New Registration - Registration Module Pages/Form 1/Industry Venue -  PPN JOHOR' is clicked on

2018-12-12 16:58:06 - [MESSAGE][PASSED] - Object: 'Object Repository/Final Object Repo/New Registration - Registration Module Pages/Form 1/Industry Venue -  PPN JOHOR' is clicked on

2018-12-12 16:58:06 - [TEST_STEP][PASSED] - click: Object: 'Object Repository/Final Object Repo/New Registration - Registration Module Pages/Form 1/Save  Continue' is clicked on

2018-12-12 16:58:06 - [MESSAGE][PASSED] - Object: 'Object Repository/Final Object Repo/New Registration - Registration Module Pages/Form 1/Save  Continue' is clicked on

2018-12-12 16:58:06 - [MESSAGE][PASSED] - Call Test Case 'Test Cases/Final Aug 2018 - PKS Automation/Registration Module/New Registration/Form 1/Form 1 - Other - State Statutory Body' successfully

2018-12-12 16:58:06 - [TEST_STEP][PASSED] - callTestCase: Call Test Case 'Test Cases/Final Aug 2018 - PKS Automation/Registration Module/New Registration/Form 2/Add 2 Not Eligible - No 3rd Screen' successfully

2018-12-12 16:58:06 - [TEST_CASE][PASSED] - Test Cases/Final Aug 2018 - PKS Automation/Registration Module/New Registration/Form 2/Add 2 Not Eligible - No 3rd Screen: Test Cases/Final Aug 2018 - PKS Automation/Registration Module/New Registration/Form 2/Add 2 Not Eligible - No 3rd Screen

2018-12-12 16:58:06 - [TEST_STEP][PASSED] - delay: Delayed 2 second(s)

2018-12-12 16:58:08 - [MESSAGE][PASSED] - Delayed 2 second(s)

2018-12-12 16:58:08 - [TEST_STEP][PASSED] - callTestCase: Call Test Case 'Test Cases/Final Aug 2018 - PKS Automation/Registration Module/New Registration/Form 2/Date Updater' successfully

2018-12-12 16:58:08 - [TEST_CASE][PASSED] - Test Cases/Final Aug 2018 - PKS Automation/Registration Module/New Registration/Form 2/Date Updater: Test Cases/Final Aug 2018 - PKS Automation/Registration Module/New Registration/Form 2/Date Updater

2018-12-12 16:58:08 - [TEST_STEP][PASSED] - Statement - TodayDate = new java.util.Date(): null

2018-12-12 16:58:08 - [TEST_STEP][PASSED] - Statement - CurrentDateNoFilter = new java.text.SimpleDateFormat(): null

2018-12-12 16:58:08 - [TEST_STEP][PASSED] - Statement - CurrentDateNoFilter.applyPattern("MM"): null

2018-12-12 16:58:08 - [TEST_STEP][PASSED] - Statement - monthContainerMatcher = java.lang.Integer.parseInt(CurrentDateNoFilter.format(TodayDate)): null

2018-12-12 16:58:08 - [TEST_STEP][PASSED] - Statement - monthContainerMatcher = monthContainerMatcher - 1: null

2018-12-12 16:58:08 - [TEST_STEP][PASSED] - Statement - CurrentMonth = monthContainerMatcher.toString(): null

2018-12-12 16:58:08 - [TEST_STEP][PASSED] - Statement - CurrentMonth = CurrentMonth: null

2018-12-12 16:58:08 - [TEST_STEP][PASSED] - Statement - CurrentDateNoFilter.applyPattern("yyyy"): null

2018-12-12 16:58:08 - [TEST_STEP][PASSED] - Statement - CurrentYear = CurrentDateNoFilter.format(TodayDate): null

2018-12-12 16:58:08 - [TEST_STEP][PASSED] - Statement - CurrentYear = CurrentYear: null

2018-12-12 16:58:08 - [TEST_STEP][PASSED] - Statement - intCurrentYear = java.lang.Integer.parseInt(CurrentDateNoFilter.format(TodayDate)): null

2018-12-12 16:58:08 - [TEST_STEP][PASSED] - Statement - eighteenYrsAgo = intCurrentYear - 18: null

2018-12-12 16:58:08 - [TEST_STEP][PASSED] - Statement - eighteenYrsBeforeThisYr = eighteenYrsAgo.toString(): null

2018-12-12 16:58:08 - [TEST_STEP][PASSED] - Statement - EighteenYrsBefore = eighteenYrsBeforeThisYr: null

2018-12-12 16:58:08 - [TEST_STEP][PASSED] - Statement - fiftysevenYrsAgo = intCurrentYear - 57: null

2018-12-12 16:58:08 - [TEST_STEP][PASSED] - Statement - fiftysevenYrsBeforeThisYr = fiftysevenYrsAgo.toString(): null

2018-12-12 16:58:08 - [TEST_STEP][PASSED] - Statement - FiftysevenYrsBefore = fiftysevenYrsBeforeThisYr: null

2018-12-12 16:58:08 - [TEST_STEP][PASSED] - Statement - leapYear = false: null

2018-12-12 16:58:08 - [TEST_STEP][PASSED] - Statement - leapYear = intCurrentYear % 4 == 0: null

2018-12-12 16:58:08 - [TEST_STEP][PASSED] - Statement - CurrentDateNoFilter.applyPattern("dd"): null

2018-12-12 16:58:08 - [TEST_STEP][PASSED] - Statement - CurrentDate = CurrentDateNoFilter.format(TodayDate): null

2018-12-12 16:58:08 - [TEST_STEP][PASSED] - Statement - CurrentDate = java.lang.Integer.parseInt(CurrentDate): null

2018-12-12 16:58:08 - [TEST_STEP][PASSED] - Statement - CurrentDate = CurrentDate: null

2018-12-12 16:58:08 - [TEST_STEP][PASSED] - Statement - CurrentDay = java.lang.Integer.parseInt(CurrentDate): null

2018-12-12 16:58:08 - [TEST_STEP][PASSED] - Statement - ConfAdder = <not implemented yet for class: org.codehaus.groovy.ast.expr.EmptyExpression>: null

2018-12-12 16:58:08 - [TEST_STEP][PASSED] - Statement - out.println(CurrentMonth): null

2018-12-12 16:58:08 - [TEST_STEP][PASSED] - Statement - out.println(CurrentDate): null

2018-12-12 16:58:08 - [TEST_STEP][PASSED] - Statement - switch (CurrentDate): null

2018-12-12 16:58:08 - [TEST_STEP][PASSED] - Statement - Default: null

2018-12-12 16:58:08 - [TEST_STEP][PASSED] - Statement - ConfAdder = true: null

2018-12-12 16:58:08 - [TEST_STEP][PASSED] - Statement - Break: null

2018-12-12 16:58:08 - [TEST_STEP][PASSED] - Statement - aDayBefore = <not implemented yet for class: org.codehaus.groovy.ast.expr.EmptyExpression>: null

2018-12-12 16:58:08 - [TEST_STEP][PASSED] - Statement - out.println(ConfAdder): null

2018-12-12 16:58:08 - [TEST_STEP][PASSED] - Statement - If (ConfAdder == true): null

2018-12-12 16:58:08 - [TEST_STEP][PASSED] - Statement - aDayBefore = CurrentDay + 1: null

2018-12-12 16:58:08 - [TEST_STEP][PASSED] - Statement - out.println(aDayBefore): null

2018-12-12 16:58:08 - [TEST_STEP][PASSED] - Statement - If (aDayBefore == 1 && CurrentMonth == 11): null

2018-12-12 16:58:08 - [TEST_STEP][PASSED] - Statement - DayBefore = aDayBefore.toString(): null

2018-12-12 16:58:08 - [TEST_STEP][PASSED] - Statement - OneDayBefore = DayBefore: null

2018-12-12 16:58:08 - [MESSAGE][PASSED] - Call Test Case 'Test Cases/Final Aug 2018 - PKS Automation/Registration Module/New Registration/Form 2/Date Updater' successfully

2018-12-12 16:58:08 - [TEST_STEP][PASSED] - Statement - CaseReferenceNo = com.kms.katalon.core.webui.keyword.WebUiBuiltInKeywords.getText(com.kms.katalon.core.testobject.ObjectRepository.findTestObject(Final Object Repo/New Registration - Registration Module Pages/Form 2/RefNo Acquiring)): Text of object 'Object Repository/Final Object Repo/New Registration - Registration Module Pages/Form 2/RefNo Acquiring' is: 'CRN12201800123220'

2018-12-12 16:58:08 - [MESSAGE][PASSED] - Text of object 'Object Repository/Final Object Repo/New Registration - Registration Module Pages/Form 2/RefNo Acquiring' is: 'CRN12201800123220'

2018-12-12 16:58:08 - [TEST_STEP][PASSED] - delay: Delayed 6 second(s)

2018-12-12 16:58:14 - [MESSAGE][PASSED] - Delayed 6 second(s)

2018-12-12 16:58:14 - [TEST_STEP][PASSED] - click: Object: 'Object Repository/Final Object Repo/New Registration - Registration Module Pages/Form 2/Add Employee Button' is clicked on

2018-12-12 16:58:15 - [MESSAGE][PASSED] - Object: 'Object Repository/Final Object Repo/New Registration - Registration Module Pages/Form 2/Add Employee Button' is clicked on

2018-12-12 16:58:15 - [TEST_STEP][PASSED] - delay: Delayed 4 second(s)

2018-12-12 16:58:19 - [MESSAGE][PASSED] - Delayed 4 second(s)

2018-12-12 16:58:19 - [TEST_STEP][PASSED] - setText: Text '000209039189' is set on object 'Object Repository/Final Object Repo/New Registration - Registration Module Pages/Form 2/NRIC Input'

2018-12-12 16:58:19 - [MESSAGE][PASSED] - Text '000209039189' is set on object 'Object Repository/Final Object Repo/New Registration - Registration Module Pages/Form 2/NRIC Input'

2018-12-12 16:58:19 - [TEST_STEP][PASSED] - click: Object: 'Object Repository/Final Object Repo/New Registration - Registration Module Pages/Form 2/button for search for IC' is clicked on

2018-12-12 16:58:19 - [MESSAGE][PASSED] - Object: 'Object Repository/Final Object Repo/New Registration - Registration Module Pages/Form 2/button for search for IC' is clicked on

2018-12-12 16:58:19 - [TEST_STEP][PASSED] - delay: Delayed 2 second(s)

2018-12-12 16:58:21 - [MESSAGE][PASSED] - Delayed 2 second(s)

2018-12-12 16:58:21 - [TEST_STEP][PASSED] - setText: Text 'Automate001 not eligible 1' is set on object 'Object Repository/Final Object Repo/New Registration - Registration Module Pages/Form 2/Employee Name Input'

2018-12-12 16:58:22 - [MESSAGE][PASSED] - Text 'Automate001 not eligible 1' is set on object 'Object Repository/Final Object Repo/New Registration - Registration Module Pages/Form 2/Employee Name Input'

2018-12-12 16:58:22 - [TEST_STEP][PASSED] - delay: Delayed 2 second(s)

2018-12-12 16:58:24 - [MESSAGE][PASSED] - Delayed 2 second(s)

2018-12-12 16:58:24 - [TEST_STEP][PASSED] - click: Object: 'Object Repository/Final Object Repo/New Registration - Registration Module Pages/Form 2/DatePicker Pop Up' is clicked on

2018-12-12 16:58:24 - [MESSAGE][PASSED] - Object: 'Object Repository/Final Object Repo/New Registration - Registration Module Pages/Form 2/DatePicker Pop Up' is clicked on

2018-12-12 16:58:24 - [TEST_STEP][PASSED] - click: Object: 'Object Repository/Final Object Repo/New Registration - Registration Module Pages/Form 2/DOB Month' is clicked on

2018-12-12 16:58:24 - [MESSAGE][PASSED] - Object: 'Object Repository/Final Object Repo/New Registration - Registration Module Pages/Form 2/DOB Month' is clicked on

2018-12-12 16:58:24 - [TEST_STEP][PASSED] - Statement - CurrentMonth = CurrentMonth: null

2018-12-12 16:58:24 - [TEST_STEP][PASSED] - Statement - selectMonth = new com.kms.katalon.core.testobject.TestObject(): null

2018-12-12 16:58:24 - [TEST_STEP][PASSED] - Statement - selectMonth.addProperty("xpath", EQUALS, "//body/div/div/div/select/option[@value='" + CurrentMonth + "']", true): null

2018-12-12 16:58:24 - [TEST_STEP][PASSED] - click: Object: '' is clicked on

2018-12-12 16:58:24 - [MESSAGE][PASSED] - Object: '' is clicked on

2018-12-12 16:58:24 - [TEST_STEP][PASSED] - delay: Delayed 2 second(s)

2018-12-12 16:58:26 - [MESSAGE][PASSED] - Delayed 2 second(s)

2018-12-12 16:58:26 - [TEST_STEP][PASSED] - click: Object: 'Object Repository/Final Object Repo/New Registration - Registration Module Pages/Form 2/DOB Year' is clicked on

2018-12-12 16:58:27 - [MESSAGE][PASSED] - Object: 'Object Repository/Final Object Repo/New Registration - Registration Module Pages/Form 2/DOB Year' is clicked on

2018-12-12 16:58:27 - [TEST_STEP][PASSED] - Statement - Eyearsbf = EighteenYrsBefore: null

2018-12-12 16:58:27 - [TEST_STEP][PASSED] - Statement - selectYear = new com.kms.katalon.core.testobject.TestObject(): null

2018-12-12 16:58:27 - [TEST_STEP][PASSED] - Statement - selectYear.addProperty("xpath", EQUALS, "//div/div/div/select/option[@value='" + Eyearsbf + "']", true): null

2018-12-12 16:58:27 - [TEST_STEP][PASSED] - click: Object: '' is clicked on

2018-12-12 16:58:27 - [MESSAGE][PASSED] - Object: '' is clicked on

2018-12-12 16:58:27 - [TEST_STEP][PASSED] - delay: Delayed 3 second(s)

2018-12-12 16:58:30 - [MESSAGE][PASSED] - Delayed 3 second(s)

2018-12-12 16:58:30 - [TEST_STEP][PASSED] - Statement - UpdatedSelectDate = com.kms.katalon.core.webui.keyword.WebUiBuiltInKeywords.modifyObjectProperty(com.kms.katalon.core.testobject.ObjectRepository.findTestObject(Final Object Repo/New Registration - Registration Module Pages/Form 2/DOB Date), "xpath", "equals", "//body/div/table/tbody/tr/td/a[text()="" + OneDayBefore + ""]", true): Modify property of object successfully

2018-12-12 16:58:30 - [MESSAGE][PASSED] - Modify property of object successfully

2018-12-12 16:58:30 - [TEST_STEP][PASSED] - delay: Delayed 3 second(s)

2018-12-12 16:58:33 - [MESSAGE][PASSED] - Delayed 3 second(s)

2018-12-12 16:58:33 - [TEST_STEP][PASSED] - click: Object: 'Object Repository/Final Object Repo/New Registration - Registration Module Pages/Form 2/DOB Date' is clicked on

2018-12-12 16:58:33 - [MESSAGE][PASSED] - Object: 'Object Repository/Final Object Repo/New Registration - Registration Module Pages/Form 2/DOB Date' is clicked on

2018-12-12 16:58:33 - [TEST_STEP][PASSED] - delay: Delayed 2 second(s)

2018-12-12 16:58:35 - [MESSAGE][PASSED] - Delayed 2 second(s)

2018-12-12 16:58:35 - [TEST_STEP][PASSED] - click: Object: 'Object Repository/Final Object Repo/New Registration - Registration Module Pages/Form 2/EmploymentStartDate Pop Up' is clicked on

2018-12-12 16:58:35 - [MESSAGE][PASSED] - Object: 'Object Repository/Final Object Repo/New Registration - Registration Module Pages/Form 2/EmploymentStartDate Pop Up' is clicked on

2018-12-12 16:58:35 - [TEST_STEP][PASSED] - delay: Delayed 2 second(s)

2018-12-12 16:58:37 - [MESSAGE][PASSED] - Delayed 2 second(s)

2018-12-12 16:58:37 - [TEST_STEP][PASSED] - click: Object: 'Object Repository/Final Object Repo/New Registration - Registration Module Pages/Form 2/Socso Employment StartDate Month' is clicked on

2018-12-12 16:58:37 - [MESSAGE][PASSED] - Object: 'Object Repository/Final Object Repo/New Registration - Registration Module Pages/Form 2/Socso Employment StartDate Month' is clicked on

2018-12-12 16:58:37 - [TEST_STEP][PASSED] - delay: Delayed 1 second(s)

2018-12-12 16:58:38 - [MESSAGE][PASSED] - Delayed 1 second(s)

2018-12-12 16:58:38 - [TEST_STEP][PASSED] - click: Object: 'Object Repository/Final Object Repo/New Registration - Registration Module Pages/Form 2/Select Socso Employement Startdate Month' is clicked on

2018-12-12 16:58:38 - [MESSAGE][PASSED] - Object: 'Object Repository/Final Object Repo/New Registration - Registration Module Pages/Form 2/Select Socso Employement Startdate Month' is clicked on

2018-12-12 16:58:38 - [TEST_STEP][PASSED] - delay: Delayed 2 second(s)

2018-12-12 16:58:40 - [MESSAGE][PASSED] - Delayed 2 second(s)

2018-12-12 16:58:40 - [TEST_STEP][PASSED] - click: Object: 'Object Repository/Final Object Repo/New Registration - Registration Module Pages/Form 2/Socso Employment StartDate Year' is clicked on

2018-12-12 16:58:41 - [MESSAGE][PASSED] - Object: 'Object Repository/Final Object Repo/New Registration - Registration Module Pages/Form 2/Socso Employment StartDate Year' is clicked on

2018-12-12 16:58:41 - [TEST_STEP][PASSED] - delay: Delayed 1 second(s)

2018-12-12 16:58:42 - [MESSAGE][PASSED] - Delayed 1 second(s)

2018-12-12 16:58:42 - [TEST_STEP][PASSED] - click: Object: 'Object Repository/Final Object Repo/New Registration - Registration Module Pages/Form 2/Select Socso Employment Startdate Year' is clicked on

2018-12-12 16:58:42 - [MESSAGE][PASSED] - Object: 'Object Repository/Final Object Repo/New Registration - Registration Module Pages/Form 2/Select Socso Employment Startdate Year' is clicked on

2018-12-12 16:58:42 - [TEST_STEP][PASSED] - delay: Delayed 2 second(s)

2018-12-12 16:58:44 - [MESSAGE][PASSED] - Delayed 2 second(s)

2018-12-12 16:58:44 - [TEST_STEP][PASSED] - click: Object: 'Object Repository/Final Object Repo/New Registration - Registration Module Pages/Form 2/Socso Employment Start Date Day' is clicked on

2018-12-12 16:58:44 - [MESSAGE][PASSED] - Object: 'Object Repository/Final Object Repo/New Registration - Registration Module Pages/Form 2/Socso Employment Start Date Day' is clicked on

2018-12-12 16:58:44 - [TEST_STEP][PASSED] - delay: Delayed 2 second(s)

2018-12-12 16:58:46 - [MESSAGE][PASSED] - Delayed 2 second(s)

2018-12-12 16:58:46 - [TEST_STEP][PASSED] - click: Object: 'Object Repository/Final Object Repo/New Registration - Registration Module Pages/Form 2/Save Button for Add Employee' is clicked on

2018-12-12 16:58:46 - [MESSAGE][PASSED] - Object: 'Object Repository/Final Object Repo/New Registration - Registration Module Pages/Form 2/Save Button for Add Employee' is clicked on

2018-12-12 16:58:46 - [TEST_STEP][PASSED] - delay: Delayed 6 second(s)

2018-12-12 16:58:52 - [MESSAGE][PASSED] - Delayed 6 second(s)

2018-12-12 16:58:52 - [TEST_STEP][PASSED] - click: Object: 'Object Repository/Final Object Repo/New Registration - Registration Module Pages/Form 2/Add Employee Button' is clicked on

2018-12-12 16:58:52 - [MESSAGE][PASSED] - Object: 'Object Repository/Final Object Repo/New Registration - Registration Module Pages/Form 2/Add Employee Button' is clicked on

2018-12-12 16:58:52 - [TEST_STEP][PASSED] - delay: Delayed 4 second(s)

2018-12-12 16:58:56 - [MESSAGE][PASSED] - Delayed 4 second(s)

2018-12-12 16:58:56 - [TEST_STEP][PASSED] - setText: Text '600203039194' is set on object 'Object Repository/Final Object Repo/New Registration - Registration Module Pages/Form 2/NRIC Input'

2018-12-12 16:58:57 - [MESSAGE][PASSED] - Text '600203039194' is set on object 'Object Repository/Final Object Repo/New Registration - Registration Module Pages/Form 2/NRIC Input'

2018-12-12 16:58:57 - [TEST_STEP][PASSED] - click: Object: 'Object Repository/Final Object Repo/New Registration - Registration Module Pages/Form 2/button for search for IC' is clicked on

2018-12-12 16:58:57 - [MESSAGE][PASSED] - Object: 'Object Repository/Final Object Repo/New Registration - Registration Module Pages/Form 2/button for search for IC' is clicked on

2018-12-12 16:58:57 - [TEST_STEP][PASSED] - delay: Delayed 2 second(s)

2018-12-12 16:58:59 - [MESSAGE][PASSED] - Delayed 2 second(s)

2018-12-12 16:58:59 - [TEST_STEP][PASSED] - setText: Text 'Automate001 not eligible 2' is set on object 'Object Repository/Final Object Repo/New Registration - Registration Module Pages/Form 2/Employee Name Input'

2018-12-12 16:58:59 - [MESSAGE][PASSED] - Text 'Automate001 not eligible 2' is set on object 'Object Repository/Final Object Repo/New Registration - Registration Module Pages/Form 2/Employee Name Input'

2018-12-12 16:58:59 - [TEST_STEP][PASSED] - delay: Delayed 2 second(s)

2018-12-12 16:59:01 - [MESSAGE][PASSED] - Delayed 2 second(s)

2018-12-12 16:59:01 - [TEST_STEP][PASSED] - click: Object: 'Object Repository/Final Object Repo/New Registration - Registration Module Pages/Form 2/DatePicker Pop Up' is clicked on

2018-12-12 16:59:02 - [MESSAGE][PASSED] - Object: 'Object Repository/Final Object Repo/New Registration - Registration Module Pages/Form 2/DatePicker Pop Up' is clicked on

2018-12-12 16:59:02 - [TEST_STEP][PASSED] - delay: Delayed 1 second(s)

2018-12-12 16:59:03 - [MESSAGE][PASSED] - Delayed 1 second(s)

2018-12-12 16:59:03 - [TEST_STEP][PASSED] - click: Object: 'Object Repository/Final Object Repo/New Registration - Registration Module Pages/Form 2/DOB Month' is clicked on

2018-12-12 16:59:03 - [MESSAGE][PASSED] - Object: 'Object Repository/Final Object Repo/New Registration - Registration Module Pages/Form 2/DOB Month' is clicked on

2018-12-12 16:59:03 - [TEST_STEP][PASSED] - Statement - selectMonth = com.kms.katalon.core.webui.keyword.WebUiBuiltInKeywords.modifyObjectProperty(selectMonth, "xpath", "equals", "//body/div/div/div/select/option[@value="" + CurrentMonth + ""]", true): Modify property of object successfully

2018-12-12 16:59:03 - [MESSAGE][PASSED] - Modify property of object successfully

2018-12-12 16:59:03 - [TEST_STEP][PASSED] - click: Object: '' is clicked on

2018-12-12 16:59:03 - [MESSAGE][PASSED] - Object: '' is clicked on

2018-12-12 16:59:03 - [TEST_STEP][PASSED] - click: Object: 'Object Repository/Final Object Repo/New Registration - Registration Module Pages/Form 2/DOB Year' is clicked on

2018-12-12 16:59:03 - [MESSAGE][PASSED] - Object: 'Object Repository/Final Object Repo/New Registration - Registration Module Pages/Form 2/DOB Year' is clicked on

2018-12-12 16:59:03 - [TEST_STEP][PASSED] - Statement - selectYear = com.kms.katalon.core.webui.keyword.WebUiBuiltInKeywords.modifyObjectProperty(selectYear, "xpath", "equals", "//div/div/div/select/option[@value="" + FiftysevenYrsBefore + ""]", true): Modify property of object successfully

2018-12-12 16:59:03 - [MESSAGE][PASSED] - Modify property of object successfully

2018-12-12 16:59:03 - [TEST_STEP][PASSED] - click: Object: '' is clicked on

2018-12-12 16:59:03 - [MESSAGE][PASSED] - Object: '' is clicked on

2018-12-12 16:59:03 - [TEST_STEP][PASSED] - Statement - UpdatedSelectDate = com.kms.katalon.core.webui.keyword.WebUiBuiltInKeywords.modifyObjectProperty(com.kms.katalon.core.testobject.ObjectRepository.findTestObject(Final Object Repo/New Registration - Registration Module Pages/Form 2/DOB Date), "xpath", "equals", "//body/div/table/tbody/tr/td/a[text()="" + CurrentDate + ""]", true): Modify property of object successfully

2018-12-12 16:59:03 - [MESSAGE][PASSED] - Modify property of object successfully

2018-12-12 16:59:03 - [TEST_STEP][PASSED] - delay: Delayed 3 second(s)

2018-12-12 16:59:06 - [MESSAGE][PASSED] - Delayed 3 second(s)

2018-12-12 16:59:06 - [TEST_STEP][PASSED] - click: Object: 'Object Repository/Final Object Repo/New Registration - Registration Module Pages/Form 2/DOB Date' is clicked on

2018-12-12 16:59:06 - [MESSAGE][PASSED] - Object: 'Object Repository/Final Object Repo/New Registration - Registration Module Pages/Form 2/DOB Date' is clicked on

2018-12-12 16:59:06 - [TEST_STEP][PASSED] - delay: Delayed 2 second(s)

2018-12-12 16:59:08 - [MESSAGE][PASSED] - Delayed 2 second(s)

2018-12-12 16:59:08 - [TEST_STEP][PASSED] - click: Object: 'Object Repository/Final Object Repo/New Registration - Registration Module Pages/Form 2/EmploymentStartDate Pop Up' is clicked on

2018-12-12 16:59:09 - [MESSAGE][PASSED] - Object: 'Object Repository/Final Object Repo/New Registration - Registration Module Pages/Form 2/EmploymentStartDate Pop Up' is clicked on

2018-12-12 16:59:09 - [TEST_STEP][PASSED] - delay: Delayed 2 second(s)

2018-12-12 16:59:11 - [MESSAGE][PASSED] - Delayed 2 second(s)

2018-12-12 16:59:11 - [TEST_STEP][PASSED] - click: Object: 'Object Repository/Final Object Repo/New Registration - Registration Module Pages/Form 2/Socso Employment StartDate Month' is clicked on

2018-12-12 16:59:11 - [MESSAGE][PASSED] - Object: 'Object Repository/Final Object Repo/New Registration - Registration Module Pages/Form 2/Socso Employment StartDate Month' is clicked on

2018-12-12 16:59:11 - [TEST_STEP][PASSED] - delay: Delayed 1 second(s)

2018-12-12 16:59:12 - [MESSAGE][PASSED] - Delayed 1 second(s)

2018-12-12 16:59:12 - [TEST_STEP][PASSED] - click: Object: 'Object Repository/Final Object Repo/New Registration - Registration Module Pages/Form 2/Select Socso Employement Startdate Month' is clicked on

2018-12-12 16:59:12 - [MESSAGE][PASSED] - Object: 'Object Repository/Final Object Repo/New Registration - Registration Module Pages/Form 2/Select Socso Employement Startdate Month' is clicked on

2018-12-12 16:59:12 - [TEST_STEP][PASSED] - delay: Delayed 2 second(s)

2018-12-12 16:59:14 - [MESSAGE][PASSED] - Delayed 2 second(s)

2018-12-12 16:59:14 - [TEST_STEP][PASSED] - click: Object: 'Object Repository/Final Object Repo/New Registration - Registration Module Pages/Form 2/Socso Employment StartDate Year' is clicked on

2018-12-12 16:59:14 - [MESSAGE][PASSED] - Object: 'Object Repository/Final Object Repo/New Registration - Registration Module Pages/Form 2/Socso Employment StartDate Year' is clicked on

2018-12-12 16:59:14 - [TEST_STEP][PASSED] - click: Object: 'Object Repository/Final Object Repo/New Registration - Registration Module Pages/Form 2/Select Socso Employment Startdate Year' is clicked on

2018-12-12 16:59:14 - [MESSAGE][PASSED] - Object: 'Object Repository/Final Object Repo/New Registration - Registration Module Pages/Form 2/Select Socso Employment Startdate Year' is clicked on

2018-12-12 16:59:14 - [TEST_STEP][PASSED] - delay: Delayed 2 second(s)

2018-12-12 16:59:16 - [MESSAGE][PASSED] - Delayed 2 second(s)

2018-12-12 16:59:16 - [TEST_STEP][PASSED] - click: Object: 'Object Repository/Final Object Repo/New Registration - Registration Module Pages/Form 2/Socso Employment Start Date Day' is clicked on

2018-12-12 16:59:17 - [MESSAGE][PASSED] - Object: 'Object Repository/Final Object Repo/New Registration - Registration Module Pages/Form 2/Socso Employment Start Date Day' is clicked on

2018-12-12 16:59:17 - [TEST_STEP][PASSED] - delay: Delayed 2 second(s)

2018-12-12 16:59:19 - [MESSAGE][PASSED] - Delayed 2 second(s)

2018-12-12 16:59:19 - [TEST_STEP][PASSED] - click: Object: 'Object Repository/Final Object Repo/New Registration - Registration Module Pages/Form 2/Save Button for Add Employee' is clicked on

2018-12-12 16:59:19 - [MESSAGE][PASSED] - Object: 'Object Repository/Final Object Repo/New Registration - Registration Module Pages/Form 2/Save Button for Add Employee' is clicked on

2018-12-12 16:59:19 - [TEST_STEP][PASSED] - delay: Delayed 2 second(s)

2018-12-12 16:59:21 - [MESSAGE][PASSED] - Delayed 2 second(s)

2018-12-12 16:59:21 - [TEST_STEP][PASSED] - click: Object: 'Object Repository/Final Object Repo/New Registration - Registration Module Pages/Form 2/Save and Continue Form 2' is clicked on

2018-12-12 16:59:21 - [MESSAGE][PASSED] - Object: 'Object Repository/Final Object Repo/New Registration - Registration Module Pages/Form 2/Save and Continue Form 2' is clicked on

2018-12-12 16:59:21 - [MESSAGE][PASSED] - Call Test Case 'Test Cases/Final Aug 2018 - PKS Automation/Registration Module/New Registration/Form 2/Add 2 Not Eligible - No 3rd Screen' successfully

2018-12-12 16:59:21 - [TEST_STEP][PASSED] - callTestCase: Call Test Case 'Test Cases/Final Aug 2018 - PKS Automation/Registration Module/New Registration/Flow of New Registration/No Third Screen - Upload 2 Supporting Doc - Preview' successfully

2018-12-12 16:59:21 - [TEST_CASE][PASSED] - Test Cases/Final Aug 2018 - PKS Automation/Registration Module/New Registration/Flow of New Registration/No Third Screen - Upload 2 Supporting Doc - Preview: Test Cases/Final Aug 2018 - PKS Automation/Registration Module/New Registration/Flow of New Registration/No Third Screen - Upload 2 Supporting Doc - Preview

2018-12-12 16:59:21 - [TEST_STEP][PASSED] - delay: Delayed 4 second(s)

2018-12-12 16:59:25 - [MESSAGE][PASSED] - Delayed 4 second(s)

2018-12-12 16:59:25 - [TEST_STEP][PASSED] - click: Object: 'Object Repository/Final Object Repo/New Registration - Registration Module Pages/Third Screen - Upload Supporting Doc- Preview/Add Document Button' is clicked on

2018-12-12 16:59:25 - [MESSAGE][PASSED] - Object: 'Object Repository/Final Object Repo/New Registration - Registration Module Pages/Third Screen - Upload Supporting Doc- Preview/Add Document Button' is clicked on

2018-12-12 16:59:25 - [TEST_STEP][PASSED] - delay: Delayed 4 second(s)

2018-12-12 16:59:29 - [MESSAGE][PASSED] - Delayed 4 second(s)

2018-12-12 16:59:29 - [TEST_STEP][PASSED] - click: Object: 'Object Repository/Final Object Repo/New Registration - Registration Module Pages/Third Screen - Upload Supporting Doc- Preview/Supporting Doc Please Select Drop Down' is clicked on

2018-12-12 16:59:29 - [MESSAGE][PASSED] - Object: 'Object Repository/Final Object Repo/New Registration - Registration Module Pages/Third Screen - Upload Supporting Doc- Preview/Supporting Doc Please Select Drop Down' is clicked on

2018-12-12 16:59:29 - [TEST_STEP][PASSED] - delay: Delayed 2 second(s)

2018-12-12 16:59:31 - [MESSAGE][PASSED] - Delayed 2 second(s)

2018-12-12 16:59:31 - [TEST_STEP][PASSED] - click: Object: 'Object Repository/Final Object Repo/New Registration - Registration Module Pages/Third Screen - Upload Supporting Doc- Preview/Select to Upload Form 1' is clicked on

2018-12-12 16:59:32 - [MESSAGE][PASSED] - Object: 'Object Repository/Final Object Repo/New Registration - Registration Module Pages/Third Screen - Upload Supporting Doc- Preview/Select to Upload Form 1' is clicked on

2018-12-12 16:59:32 - [TEST_STEP][PASSED] - delay: Delayed 2 second(s)

2018-12-12 16:59:34 - [MESSAGE][PASSED] - Delayed 2 second(s)

2018-12-12 16:59:34 - [TEST_STEP][PASSED] - uploadFile: File 'C:\Users\Public\Pictures\Sample Pictures\Koala.jpg' sent to object: 'Object Repository/Final Object Repo/New Registration - Registration Module Pages/Third Screen - Upload Supporting Doc- Preview/Upload File Adding'

2018-12-12 16:59:34 - [MESSAGE][PASSED] - File 'C:\Users\Public\Pictures\Sample Pictures\Koala.jpg' sent to object: 'Object Repository/Final Object Repo/New Registration - Registration Module Pages/Third Screen - Upload Supporting Doc- Preview/Upload File Adding'

2018-12-12 16:59:34 - [TEST_STEP][PASSED] - delay: Delayed 5 second(s)

2018-12-12 16:59:39 - [MESSAGE][PASSED] - Delayed 5 second(s)

2018-12-12 16:59:39 - [TEST_STEP][PASSED] - click: Object: 'Object Repository/Final Object Repo/New Registration - Registration Module Pages/Third Screen - Upload Supporting Doc- Preview/Inner Form Add Document Button' is clicked on

2018-12-12 16:59:39 - [MESSAGE][PASSED] - Object: 'Object Repository/Final Object Repo/New Registration - Registration Module Pages/Third Screen - Upload Supporting Doc- Preview/Inner Form Add Document Button' is clicked on

2018-12-12 16:59:39 - [TEST_STEP][PASSED] - delay: Delayed 3 second(s)

2018-12-12 16:59:42 - [MESSAGE][PASSED] - Delayed 3 second(s)

2018-12-12 16:59:42 - [TEST_STEP][PASSED] - click: Object: 'Object Repository/Final Object Repo/New Registration - Registration Module Pages/Third Screen - Upload Supporting Doc- Preview/Add Document Button' is clicked on

2018-12-12 16:59:43 - [MESSAGE][PASSED] - Object: 'Object Repository/Final Object Repo/New Registration - Registration Module Pages/Third Screen - Upload Supporting Doc- Preview/Add Document Button' is clicked on

2018-12-12 16:59:43 - [TEST_STEP][PASSED] - delay: Delayed 4 second(s)

2018-12-12 16:59:47 - [MESSAGE][PASSED] - Delayed 4 second(s)

2018-12-12 16:59:47 - [TEST_STEP][PASSED] - click: Object: 'Object Repository/Final Object Repo/New Registration - Registration Module Pages/Third Screen - Upload Supporting Doc- Preview/Supporting Doc Please Select Drop Down' is clicked on

2018-12-12 16:59:47 - [MESSAGE][PASSED] - Object: 'Object Repository/Final Object Repo/New Registration - Registration Module Pages/Third Screen - Upload Supporting Doc- Preview/Supporting Doc Please Select Drop Down' is clicked on

2018-12-12 16:59:47 - [TEST_STEP][PASSED] - delay: Delayed 2 second(s)

2018-12-12 16:59:49 - [MESSAGE][PASSED] - Delayed 2 second(s)

2018-12-12 16:59:49 - [TEST_STEP][PASSED] - click: Object: 'Object Repository/Final Object Repo/New Registration - Registration Module Pages/Third Screen - Upload Supporting Doc- Preview/Select to Upload Form 2' is clicked on

2018-12-12 16:59:50 - [MESSAGE][PASSED] - Object: 'Object Repository/Final Object Repo/New Registration - Registration Module Pages/Third Screen - Upload Supporting Doc- Preview/Select to Upload Form 2' is clicked on

2018-12-12 16:59:50 - [TEST_STEP][PASSED] - delay: Delayed 2 second(s)

2018-12-12 16:59:52 - [MESSAGE][PASSED] - Delayed 2 second(s)

2018-12-12 16:59:52 - [TEST_STEP][PASSED] - uploadFile: File 'C:\Users\Public\Pictures\Sample Pictures\Koala.jpg' sent to object: 'Object Repository/Final Object Repo/New Registration - Registration Module Pages/Third Screen - Upload Supporting Doc- Preview/Upload File Adding'

2018-12-12 16:59:52 - [MESSAGE][PASSED] - File 'C:\Users\Public\Pictures\Sample Pictures\Koala.jpg' sent to object: 'Object Repository/Final Object Repo/New Registration - Registration Module Pages/Third Screen - Upload Supporting Doc- Preview/Upload File Adding'

2018-12-12 16:59:52 - [TEST_STEP][PASSED] - delay: Delayed 5 second(s)

2018-12-12 16:59:57 - [MESSAGE][PASSED] - Delayed 5 second(s)

2018-12-12 16:59:57 - [TEST_STEP][PASSED] - click: Object: 'Object Repository/Final Object Repo/New Registration - Registration Module Pages/Third Screen - Upload Supporting Doc- Preview/Inner Form Add Document Button' is clicked on

2018-12-12 16:59:57 - [MESSAGE][PASSED] - Object: 'Object Repository/Final Object Repo/New Registration - Registration Module Pages/Third Screen - Upload Supporting Doc- Preview/Inner Form Add Document Button' is clicked on

2018-12-12 16:59:57 - [TEST_STEP][PASSED] - delay: Delayed 3 second(s)

2018-12-12 17:00:00 - [MESSAGE][PASSED] - Delayed 3 second(s)

2018-12-12 17:00:00 - [TEST_STEP][PASSED] - click: Object: 'Object Repository/Final Object Repo/New Registration - Registration Module Pages/Third Screen - Upload Supporting Doc- Preview/Save n Continue in Uploading Supporting Doc Page' is clicked on

2018-12-12 17:00:01 - [MESSAGE][PASSED] - Object: 'Object Repository/Final Object Repo/New Registration - Registration Module Pages/Third Screen - Upload Supporting Doc- Preview/Save n Continue in Uploading Supporting Doc Page' is clicked on

2018-12-12 17:00:01 - [MESSAGE][PASSED] - Call Test Case 'Test Cases/Final Aug 2018 - PKS Automation/Registration Module/New Registration/Flow of New Registration/No Third Screen - Upload 2 Supporting Doc - Preview' successfully

2018-12-12 17:00:01 - [TEST_STEP][PASSED] - callTestCase: Call Test Case 'Test Cases/Final Aug 2018 - PKS Automation/Registration Module/New Registration/Submit and Screenshot/Submit Registration and Screenshot' successfully

2018-12-12 17:00:01 - [TEST_CASE][PASSED] - Test Cases/Final Aug 2018 - PKS Automation/Registration Module/New Registration/Submit and Screenshot/Submit Registration and Screenshot: Test Cases/Final Aug 2018 - PKS Automation/Registration Module/New Registration/Submit and Screenshot/Submit Registration and Screenshot

2018-12-12 17:00:01 - [TEST_STEP][PASSED] - delay: Delayed 6 second(s)

2018-12-12 17:00:07 - [MESSAGE][PASSED] - Delayed 6 second(s)

2018-12-12 17:00:07 - [TEST_STEP][PASSED] - click: Object: 'Object Repository/Final Object Repo/New Registration - Registration Module Pages/Third Screen - Upload Supporting Doc- Preview/Preview Submit Button' is clicked on

2018-12-12 17:00:07 - [MESSAGE][PASSED] - Object: 'Object Repository/Final Object Repo/New Registration - Registration Module Pages/Third Screen - Upload Supporting Doc- Preview/Preview Submit Button' is clicked on

2018-12-12 17:00:07 - [TEST_STEP][PASSED] - delay: Delayed 2 second(s)

2018-12-12 17:00:09 - [MESSAGE][PASSED] - Delayed 2 second(s)

2018-12-12 17:00:09 - [TEST_STEP][PASSED] - click: Object: 'Object Repository/Final Object Repo/New Registration - Registration Module Pages/Third Screen - Upload Supporting Doc- Preview/Preview Submit - Confirm' is clicked on

2018-12-12 17:00:10 - [MESSAGE][PASSED] - Object: 'Object Repository/Final Object Repo/New Registration - Registration Module Pages/Third Screen - Upload Supporting Doc- Preview/Preview Submit - Confirm' is clicked on

2018-12-12 17:00:10 - [TEST_STEP][PASSED] - delay: Delayed 15 second(s)

2018-12-12 17:00:25 - [MESSAGE][PASSED] - Delayed 15 second(s)

2018-12-12 17:00:25 - [TEST_STEP][PASSED] - Statement - driver = com.kms.katalon.core.webui.driver.DriverFactory.getWebDriver(): null

2018-12-12 17:00:25 - [TEST_STEP][PASSED] - Statement - driver.manage().timeouts().implicitlyWait(10, SECONDS): null

2018-12-12 17:00:25 - [TEST_STEP][PASSED] - Statement - PresavePath = KatalonScreenshots: null

2018-12-12 17:00:25 - [TEST_STEP][PASSED] - Statement - pathPrefix = "C:\Users\Public\Pictures\Sample Pictures\Katalon Screenshots\Automate Ending Screen": null

2018-12-12 17:00:25 - [TEST_STEP][PASSED] - Statement - finalPath = <not implemented yet for class: org.codehaus.groovy.ast.expr.EmptyExpression>: null

2018-12-12 17:00:25 - [TEST_STEP][PASSED] - Statement - scrFile = driver.getScreenshotAs(FILE): null

2018-12-12 17:00:25 - [TEST_STEP][PASSED] - Statement - PreSaveFile = new java.io.File(PresavePath): null

2018-12-12 17:00:25 - [TEST_STEP][PASSED] - Statement - counter = 0: null

2018-12-12 17:00:25 - [TEST_STEP][PASSED] - Statement - If (PreSaveFile.exists()): null

2018-12-12 17:00:25 - [TEST_STEP][PASSED] - Statement - While (PreSaveFile.exists()): null

2018-12-12 17:00:25 - [TEST_STEP][PASSED] - Statement - counter = counter + 1: null

2018-12-12 17:00:25 - [TEST_STEP][PASSED] - Statement - PreSaveFile = new java.io.File(((pathPrefix + java.lang.Integer.toString(counter)) + .png)): null

2018-12-12 17:00:25 - [TEST_STEP][PASSED] - Statement - counter = counter + 1: null

2018-12-12 17:00:25 - [TEST_STEP][PASSED] - Statement - PreSaveFile = new java.io.File(((pathPrefix + java.lang.Integer.toString(counter)) + .png)): null

2018-12-12 17:00:25 - [TEST_STEP][PASSED] - Statement - counter = counter + 1: null

2018-12-12 17:00:25 - [TEST_STEP][PASSED] - Statement - PreSaveFile = new java.io.File(((pathPrefix + java.lang.Integer.toString(counter)) + .png)): null

2018-12-12 17:00:25 - [TEST_STEP][PASSED] - Statement - counter = counter + 1: null

2018-12-12 17:00:25 - [TEST_STEP][PASSED] - Statement - PreSaveFile = new java.io.File(((pathPrefix + java.lang.Integer.toString(counter)) + .png)): null

2018-12-12 17:00:25 - [TEST_STEP][PASSED] - Statement - counter = counter + 1: null

2018-12-12 17:00:25 - [TEST_STEP][PASSED] - Statement - PreSaveFile = new java.io.File(((pathPrefix + java.lang.Integer.toString(counter)) + .png)): null

2018-12-12 17:00:25 - [TEST_STEP][PASSED] - Statement - counter = counter + 1: null

2018-12-12 17:00:25 - [TEST_STEP][PASSED] - Statement - PreSaveFile = new java.io.File(((pathPrefix + java.lang.Integer.toString(counter)) + .png)): null

2018-12-12 17:00:25 - [TEST_STEP][PASSED] - Statement - counter = counter + 1: null

2018-12-12 17:00:25 - [TEST_STEP][PASSED] - Statement - PreSaveFile = new java.io.File(((pathPrefix + java.lang.Integer.toString(counter)) + .png)): null

2018-12-12 17:00:25 - [TEST_STEP][PASSED] - Statement - counter = counter + 1: null

2018-12-12 17:00:25 - [TEST_STEP][PASSED] - Statement - PreSaveFile = new java.io.File(((pathPrefix + java.lang.Integer.toString(counter)) + .png)): null

2018-12-12 17:00:25 - [TEST_STEP][PASSED] - Statement - counter = counter + 1: null

2018-12-12 17:00:25 - [TEST_STEP][PASSED] - Statement - PreSaveFile = new java.io.File(((pathPrefix + java.lang.Integer.toString(counter)) + .png)): null

2018-12-12 17:00:25 - [TEST_STEP][PASSED] - Statement - counter = counter + 1: null

2018-12-12 17:00:25 - [TEST_STEP][PASSED] - Statement - PreSaveFile = new java.io.File(((pathPrefix + java.lang.Integer.toString(counter)) + .png)): null

2018-12-12 17:00:25 - [TEST_STEP][PASSED] - Statement - counter = counter + 1: null

2018-12-12 17:00:25 - [TEST_STEP][PASSED] - Statement - PreSaveFile = new java.io.File(((pathPrefix + java.lang.Integer.toString(counter)) + .png)): null

2018-12-12 17:00:25 - [TEST_STEP][PASSED] - Statement - counter = counter + 1: null

2018-12-12 17:00:25 - [TEST_STEP][PASSED] - Statement - PreSaveFile = new java.io.File(((pathPrefix + java.lang.Integer.toString(counter)) + .png)): null

2018-12-12 17:00:25 - [TEST_STEP][PASSED] - Statement - counter = counter + 1: null

2018-12-12 17:00:25 - [TEST_STEP][PASSED] - Statement - PreSaveFile = new java.io.File(((pathPrefix + java.lang.Integer.toString(counter)) + .png)): null

2018-12-12 17:00:25 - [TEST_STEP][PASSED] - Statement - counter = counter + 1: null

2018-12-12 17:00:25 - [TEST_STEP][PASSED] - Statement - PreSaveFile = new java.io.File(((pathPrefix + java.lang.Integer.toString(counter)) + .png)): null

2018-12-12 17:00:25 - [TEST_STEP][PASSED] - Statement - counter = counter + 1: null

2018-12-12 17:00:25 - [TEST_STEP][PASSED] - Statement - PreSaveFile = new java.io.File(((pathPrefix + java.lang.Integer.toString(counter)) + .png)): null

2018-12-12 17:00:25 - [TEST_STEP][PASSED] - Statement - counter = counter + 1: null

2018-12-12 17:00:25 - [TEST_STEP][PASSED] - Statement - PreSaveFile = new java.io.File(((pathPrefix + java.lang.Integer.toString(counter)) + .png)): null

2018-12-12 17:00:25 - [TEST_STEP][PASSED] - Statement - counter = counter + 1: null

2018-12-12 17:00:25 - [TEST_STEP][PASSED] - Statement - PreSaveFile = new java.io.File(((pathPrefix + java.lang.Integer.toString(counter)) + .png)): null

2018-12-12 17:00:25 - [TEST_STEP][PASSED] - Statement - counter = counter + 1: null

2018-12-12 17:00:25 - [TEST_STEP][PASSED] - Statement - PreSaveFile = new java.io.File(((pathPrefix + java.lang.Integer.toString(counter)) + .png)): null

2018-12-12 17:00:25 - [TEST_STEP][PASSED] - Statement - counter = counter + 1: null

2018-12-12 17:00:25 - [TEST_STEP][PASSED] - Statement - PreSaveFile = new java.io.File(((pathPrefix + java.lang.Integer.toString(counter)) + .png)): null

2018-12-12 17:00:25 - [TEST_STEP][PASSED] - Statement - counter = counter + 1: null

2018-12-12 17:00:25 - [TEST_STEP][PASSED] - Statement - PreSaveFile = new java.io.File(((pathPrefix + java.lang.Integer.toString(counter)) + .png)): null

2018-12-12 17:00:25 - [TEST_STEP][PASSED] - Statement - counter = counter + 1: null

2018-12-12 17:00:25 - [TEST_STEP][PASSED] - Statement - PreSaveFile = new java.io.File(((pathPrefix + java.lang.Integer.toString(counter)) + .png)): null

2018-12-12 17:00:25 - [TEST_STEP][PASSED] - Statement - counter = counter + 1: null

2018-12-12 17:00:25 - [TEST_STEP][PASSED] - Statement - PreSaveFile = new java.io.File(((pathPrefix + java.lang.Integer.toString(counter)) + .png)): null

2018-12-12 17:00:25 - [TEST_STEP][PASSED] - Statement - counter = counter + 1: null

2018-12-12 17:00:25 - [TEST_STEP][PASSED] - Statement - PreSaveFile = new java.io.File(((pathPrefix + java.lang.Integer.toString(counter)) + .png)): null

2018-12-12 17:00:25 - [TEST_STEP][PASSED] - Statement - counter = counter + 1: null

2018-12-12 17:00:25 - [TEST_STEP][PASSED] - Statement - PreSaveFile = new java.io.File(((pathPrefix + java.lang.Integer.toString(counter)) + .png)): null

2018-12-12 17:00:25 - [TEST_STEP][PASSED] - Statement - counter = counter + 1: null

2018-12-12 17:00:25 - [TEST_STEP][PASSED] - Statement - PreSaveFile = new java.io.File(((pathPrefix + java.lang.Integer.toString(counter)) + .png)): null

2018-12-12 17:00:25 - [TEST_STEP][PASSED] - Statement - counter = counter + 1: null

2018-12-12 17:00:25 - [TEST_STEP][PASSED] - Statement - PreSaveFile = new java.io.File(((pathPrefix + java.lang.Integer.toString(counter)) + .png)): null

2018-12-12 17:00:25 - [TEST_STEP][PASSED] - Statement - counter = counter + 1: null

2018-12-12 17:00:25 - [TEST_STEP][PASSED] - Statement - PreSaveFile = new java.io.File(((pathPrefix + java.lang.Integer.toString(counter)) + .png)): null

2018-12-12 17:00:25 - [TEST_STEP][PASSED] - Statement - counter = counter + 1: null

2018-12-12 17:00:25 - [TEST_STEP][PASSED] - Statement - PreSaveFile = new java.io.File(((pathPrefix + java.lang.Integer.toString(counter)) + .png)): null

2018-12-12 17:00:25 - [TEST_STEP][PASSED] - Statement - counter = counter + 1: null

2018-12-12 17:00:25 - [TEST_STEP][PASSED] - Statement - PreSaveFile = new java.io.File(((pathPrefix + java.lang.Integer.toString(counter)) + .png)): null

2018-12-12 17:00:25 - [TEST_STEP][PASSED] - Statement - counter = counter + 1: null

2018-12-12 17:00:25 - [TEST_STEP][PASSED] - Statement - PreSaveFile = new java.io.File(((pathPrefix + java.lang.Integer.toString(counter)) + .png)): null

2018-12-12 17:00:25 - [TEST_STEP][PASSED] - Statement - counter = counter + 1: null

2018-12-12 17:00:25 - [TEST_STEP][PASSED] - Statement - PreSaveFile = new java.io.File(((pathPrefix + java.lang.Integer.toString(counter)) + .png)): null

2018-12-12 17:00:25 - [TEST_STEP][PASSED] - Statement - counter = counter + 1: null

2018-12-12 17:00:25 - [TEST_STEP][PASSED] - Statement - PreSaveFile = new java.io.File(((pathPrefix + java.lang.Integer.toString(counter)) + .png)): null

2018-12-12 17:00:25 - [TEST_STEP][PASSED] - Statement - counter = counter + 1: null

2018-12-12 17:00:25 - [TEST_STEP][PASSED] - Statement - PreSaveFile = new java.io.File(((pathPrefix + java.lang.Integer.toString(counter)) + .png)): null

2018-12-12 17:00:25 - [TEST_STEP][PASSED] - Statement - counter = counter + 1: null

2018-12-12 17:00:25 - [TEST_STEP][PASSED] - Statement - PreSaveFile = new java.io.File(((pathPrefix + java.lang.Integer.toString(counter)) + .png)): null

2018-12-12 17:00:25 - [TEST_STEP][PASSED] - Statement - counter = counter + 1: null

2018-12-12 17:00:25 - [TEST_STEP][PASSED] - Statement - PreSaveFile = new java.io.File(((pathPrefix + java.lang.Integer.toString(counter)) + .png)): null

2018-12-12 17:00:25 - [TEST_STEP][PASSED] - Statement - counter = counter + 1: null

2018-12-12 17:00:25 - [TEST_STEP][PASSED] - Statement - PreSaveFile = new java.io.File(((pathPrefix + java.lang.Integer.toString(counter)) + .png)): null

2018-12-12 17:00:25 - [TEST_STEP][PASSED] - Statement - counter = counter + 1: null

2018-12-12 17:00:25 - [TEST_STEP][PASSED] - Statement - PreSaveFile = new java.io.File(((pathPrefix + java.lang.Integer.toString(counter)) + .png)): null

2018-12-12 17:00:25 - [TEST_STEP][PASSED] - Statement - counter = counter + 1: null

2018-12-12 17:00:25 - [TEST_STEP][PASSED] - Statement - PreSaveFile = new java.io.File(((pathPrefix + java.lang.Integer.toString(counter)) + .png)): null

2018-12-12 17:00:25 - [TEST_STEP][PASSED] - Statement - counter = counter + 1: null

2018-12-12 17:00:25 - [TEST_STEP][PASSED] - Statement - PreSaveFile = new java.io.File(((pathPrefix + java.lang.Integer.toString(counter)) + .png)): null

2018-12-12 17:00:25 - [TEST_STEP][PASSED] - Statement - counter = counter + 1: null

2018-12-12 17:00:25 - [TEST_STEP][PASSED] - Statement - PreSaveFile = new java.io.File(((pathPrefix + java.lang.Integer.toString(counter)) + .png)): null

2018-12-12 17:00:25 - [TEST_STEP][PASSED] - Statement - counter = counter + 1: null

2018-12-12 17:00:25 - [TEST_STEP][PASSED] - Statement - PreSaveFile = new java.io.File(((pathPrefix + java.lang.Integer.toString(counter)) + .png)): null

2018-12-12 17:00:25 - [TEST_STEP][PASSED] - Statement - counter = counter + 1: null

2018-12-12 17:00:25 - [TEST_STEP][PASSED] - Statement - PreSaveFile = new java.io.File(((pathPrefix + java.lang.Integer.toString(counter)) + .png)): null

2018-12-12 17:00:25 - [TEST_STEP][PASSED] - Statement - counter = counter + 1: null

2018-12-12 17:00:25 - [TEST_STEP][PASSED] - Statement - PreSaveFile = new java.io.File(((pathPrefix + java.lang.Integer.toString(counter)) + .png)): null

2018-12-12 17:00:25 - [TEST_STEP][PASSED] - Statement - counter = counter + 1: null

2018-12-12 17:00:25 - [TEST_STEP][PASSED] - Statement - PreSaveFile = new java.io.File(((pathPrefix + java.lang.Integer.toString(counter)) + .png)): null

2018-12-12 17:00:25 - [TEST_STEP][PASSED] - Statement - counter = counter + 1: null

2018-12-12 17:00:25 - [TEST_STEP][PASSED] - Statement - PreSaveFile = new java.io.File(((pathPrefix + java.lang.Integer.toString(counter)) + .png)): null

2018-12-12 17:00:25 - [TEST_STEP][PASSED] - Statement - counter = counter + 1: null

2018-12-12 17:00:25 - [TEST_STEP][PASSED] - Statement - PreSaveFile = new java.io.File(((pathPrefix + java.lang.Integer.toString(counter)) + .png)): null

2018-12-12 17:00:25 - [TEST_STEP][PASSED] - Statement - counter = counter + 1: null

2018-12-12 17:00:25 - [TEST_STEP][PASSED] - Statement - PreSaveFile = new java.io.File(((pathPrefix + java.lang.Integer.toString(counter)) + .png)): null

2018-12-12 17:00:25 - [TEST_STEP][PASSED] - Statement - counter = counter + 1: null

2018-12-12 17:00:25 - [TEST_STEP][PASSED] - Statement - PreSaveFile = new java.io.File(((pathPrefix + java.lang.Integer.toString(counter)) + .png)): null

2018-12-12 17:00:25 - [TEST_STEP][PASSED] - Statement - counter = counter + 1: null

2018-12-12 17:00:25 - [TEST_STEP][PASSED] - Statement - PreSaveFile = new java.io.File(((pathPrefix + java.lang.Integer.toString(counter)) + .png)): null

2018-12-12 17:00:25 - [TEST_STEP][PASSED] - Statement - counter = counter + 1: null

2018-12-12 17:00:25 - [TEST_STEP][PASSED] - Statement - PreSaveFile = new java.io.File(((pathPrefix + java.lang.Integer.toString(counter)) + .png)): null

2018-12-12 17:00:25 - [TEST_STEP][PASSED] - Statement - counter = counter + 1: null

2018-12-12 17:00:25 - [TEST_STEP][PASSED] - Statement - PreSaveFile = new java.io.File(((pathPrefix + java.lang.Integer.toString(counter)) + .png)): null

2018-12-12 17:00:25 - [TEST_STEP][PASSED] - Statement - counter = counter + 1: null

2018-12-12 17:00:25 - [TEST_STEP][PASSED] - Statement - PreSaveFile = new java.io.File(((pathPrefix + java.lang.Integer.toString(counter)) + .png)): null

2018-12-12 17:00:25 - [TEST_STEP][PASSED] - Statement - counter = counter + 1: null

2018-12-12 17:00:25 - [TEST_STEP][PASSED] - Statement - PreSaveFile = new java.io.File(((pathPrefix + java.lang.Integer.toString(counter)) + .png)): null

2018-12-12 17:00:25 - [TEST_STEP][PASSED] - Statement - counter = counter + 1: null

2018-12-12 17:00:25 - [TEST_STEP][PASSED] - Statement - PreSaveFile = new java.io.File(((pathPrefix + java.lang.Integer.toString(counter)) + .png)): null

2018-12-12 17:00:25 - [TEST_STEP][PASSED] - Statement - counter = counter + 1: null

2018-12-12 17:00:25 - [TEST_STEP][PASSED] - Statement - PreSaveFile = new java.io.File(((pathPrefix + java.lang.Integer.toString(counter)) + .png)): null

2018-12-12 17:00:25 - [TEST_STEP][PASSED] - Statement - counter = counter + 1: null

2018-12-12 17:00:25 - [TEST_STEP][PASSED] - Statement - PreSaveFile = new java.io.File(((pathPrefix + java.lang.Integer.toString(counter)) + .png)): null

2018-12-12 17:00:25 - [TEST_STEP][PASSED] - Statement - counter = counter + 1: null

2018-12-12 17:00:25 - [TEST_STEP][PASSED] - Statement - PreSaveFile = new java.io.File(((pathPrefix + java.lang.Integer.toString(counter)) + .png)): null

2018-12-12 17:00:25 - [TEST_STEP][PASSED] - Statement - counter = counter + 1: null

2018-12-12 17:00:25 - [TEST_STEP][PASSED] - Statement - PreSaveFile = new java.io.File(((pathPrefix + java.lang.Integer.toString(counter)) + .png)): null

2018-12-12 17:00:25 - [TEST_STEP][PASSED] - Statement - counter = counter + 1: null

2018-12-12 17:00:25 - [TEST_STEP][PASSED] - Statement - PreSaveFile = new java.io.File(((pathPrefix + java.lang.Integer.toString(counter)) + .png)): null

2018-12-12 17:00:25 - [TEST_STEP][PASSED] - Statement - counter = counter + 1: null

2018-12-12 17:00:25 - [TEST_STEP][PASSED] - Statement - PreSaveFile = new java.io.File(((pathPrefix + java.lang.Integer.toString(counter)) + .png)): null

2018-12-12 17:00:25 - [TEST_STEP][PASSED] - Statement - counter = counter + 1: null

2018-12-12 17:00:25 - [TEST_STEP][PASSED] - Statement - PreSaveFile = new java.io.File(((pathPrefix + java.lang.Integer.toString(counter)) + .png)): null

2018-12-12 17:00:25 - [TEST_STEP][PASSED] - Statement - counter = counter + 1: null

2018-12-12 17:00:25 - [TEST_STEP][PASSED] - Statement - PreSaveFile = new java.io.File(((pathPrefix + java.lang.Integer.toString(counter)) + .png)): null

2018-12-12 17:00:25 - [TEST_STEP][PASSED] - Statement - counter = counter + 1: null

2018-12-12 17:00:25 - [TEST_STEP][PASSED] - Statement - PreSaveFile = new java.io.File(((pathPrefix + java.lang.Integer.toString(counter)) + .png)): null

2018-12-12 17:00:25 - [TEST_STEP][PASSED] - Statement - counter = counter + 1: null

2018-12-12 17:00:25 - [TEST_STEP][PASSED] - Statement - PreSaveFile = new java.io.File(((pathPrefix + java.lang.Integer.toString(counter)) + .png)): null

2018-12-12 17:00:25 - [TEST_STEP][PASSED] - Statement - counter = counter + 1: null

2018-12-12 17:00:25 - [TEST_STEP][PASSED] - Statement - PreSaveFile = new java.io.File(((pathPrefix + java.lang.Integer.toString(counter)) + .png)): null

2018-12-12 17:00:25 - [TEST_STEP][PASSED] - Statement - counter = counter + 1: null

2018-12-12 17:00:25 - [TEST_STEP][PASSED] - Statement - PreSaveFile = new java.io.File(((pathPrefix + java.lang.Integer.toString(counter)) + .png)): null

2018-12-12 17:00:25 - [TEST_STEP][PASSED] - Statement - counter = counter + 1: null

2018-12-12 17:00:25 - [TEST_STEP][PASSED] - Statement - PreSaveFile = new java.io.File(((pathPrefix + java.lang.Integer.toString(counter)) + .png)): null

2018-12-12 17:00:25 - [TEST_STEP][PASSED] - Statement - counter = counter + 1: null

2018-12-12 17:00:25 - [TEST_STEP][PASSED] - Statement - PreSaveFile = new java.io.File(((pathPrefix + java.lang.Integer.toString(counter)) + .png)): null

2018-12-12 17:00:25 - [TEST_STEP][PASSED] - Statement - counter = counter + 1: null

2018-12-12 17:00:25 - [TEST_STEP][PASSED] - Statement - PreSaveFile = new java.io.File(((pathPrefix + java.lang.Integer.toString(counter)) + .png)): null

2018-12-12 17:00:25 - [TEST_STEP][PASSED] - Statement - counter = counter + 1: null

2018-12-12 17:00:25 - [TEST_STEP][PASSED] - Statement - PreSaveFile = new java.io.File(((pathPrefix + java.lang.Integer.toString(counter)) + .png)): null

2018-12-12 17:00:25 - [TEST_STEP][PASSED] - Statement - counter = counter + 1: null

2018-12-12 17:00:25 - [TEST_STEP][PASSED] - Statement - PreSaveFile = new java.io.File(((pathPrefix + java.lang.Integer.toString(counter)) + .png)): null

2018-12-12 17:00:25 - [TEST_STEP][PASSED] - Statement - counter = counter + 1: null

2018-12-12 17:00:25 - [TEST_STEP][PASSED] - Statement - PreSaveFile = new java.io.File(((pathPrefix + java.lang.Integer.toString(counter)) + .png)): null

2018-12-12 17:00:25 - [TEST_STEP][PASSED] - Statement - counter = counter + 1: null

2018-12-12 17:00:25 - [TEST_STEP][PASSED] - Statement - PreSaveFile = new java.io.File(((pathPrefix + java.lang.Integer.toString(counter)) + .png)): null

2018-12-12 17:00:25 - [TEST_STEP][PASSED] - Statement - counter = counter + 1: null

2018-12-12 17:00:25 - [TEST_STEP][PASSED] - Statement - PreSaveFile = new java.io.File(((pathPrefix + java.lang.Integer.toString(counter)) + .png)): null

2018-12-12 17:00:25 - [TEST_STEP][PASSED] - Statement - counter = counter + 1: null

2018-12-12 17:00:25 - [TEST_STEP][PASSED] - Statement - PreSaveFile = new java.io.File(((pathPrefix + java.lang.Integer.toString(counter)) + .png)): null

2018-12-12 17:00:25 - [TEST_STEP][PASSED] - Statement - counter = counter + 1: null

2018-12-12 17:00:25 - [TEST_STEP][PASSED] - Statement - PreSaveFile = new java.io.File(((pathPrefix + java.lang.Integer.toString(counter)) + .png)): null

2018-12-12 17:00:25 - [TEST_STEP][PASSED] - Statement - counter = counter + 1: null

2018-12-12 17:00:25 - [TEST_STEP][PASSED] - Statement - PreSaveFile = new java.io.File(((pathPrefix + java.lang.Integer.toString(counter)) + .png)): null

2018-12-12 17:00:25 - [TEST_STEP][PASSED] - Statement - counter = counter + 1: null

2018-12-12 17:00:25 - [TEST_STEP][PASSED] - Statement - PreSaveFile = new java.io.File(((pathPrefix + java.lang.Integer.toString(counter)) + .png)): null

2018-12-12 17:00:25 - [TEST_STEP][PASSED] - Statement - counter = counter + 1: null

2018-12-12 17:00:25 - [TEST_STEP][PASSED] - Statement - PreSaveFile = new java.io.File(((pathPrefix + java.lang.Integer.toString(counter)) + .png)): null

2018-12-12 17:00:25 - [TEST_STEP][PASSED] - Statement - counter = counter + 1: null

2018-12-12 17:00:25 - [TEST_STEP][PASSED] - Statement - PreSaveFile = new java.io.File(((pathPrefix + java.lang.Integer.toString(counter)) + .png)): null

2018-12-12 17:00:25 - [TEST_STEP][PASSED] - Statement - counter = counter + 1: null

2018-12-12 17:00:25 - [TEST_STEP][PASSED] - Statement - PreSaveFile = new java.io.File(((pathPrefix + java.lang.Integer.toString(counter)) + .png)): null

2018-12-12 17:00:25 - [TEST_STEP][PASSED] - Statement - counter = counter + 1: null

2018-12-12 17:00:25 - [TEST_STEP][PASSED] - Statement - PreSaveFile = new java.io.File(((pathPrefix + java.lang.Integer.toString(counter)) + .png)): null

2018-12-12 17:00:25 - [TEST_STEP][PASSED] - Statement - counter = counter + 1: null

2018-12-12 17:00:25 - [TEST_STEP][PASSED] - Statement - PreSaveFile = new java.io.File(((pathPrefix + java.lang.Integer.toString(counter)) + .png)): null

2018-12-12 17:00:25 - [TEST_STEP][PASSED] - Statement - counter = counter + 1: null

2018-12-12 17:00:25 - [TEST_STEP][PASSED] - Statement - PreSaveFile = new java.io.File(((pathPrefix + java.lang.Integer.toString(counter)) + .png)): null

2018-12-12 17:00:25 - [TEST_STEP][PASSED] - Statement - counter = counter + 1: null

2018-12-12 17:00:25 - [TEST_STEP][PASSED] - Statement - PreSaveFile = new java.io.File(((pathPrefix + java.lang.Integer.toString(counter)) + .png)): null

2018-12-12 17:00:25 - [TEST_STEP][PASSED] - Statement - counter = counter + 1: null

2018-12-12 17:00:25 - [TEST_STEP][PASSED] - Statement - PreSaveFile = new java.io.File(((pathPrefix + java.lang.Integer.toString(counter)) + .png)): null

2018-12-12 17:00:25 - [TEST_STEP][PASSED] - Statement - counter = counter + 1: null

2018-12-12 17:00:25 - [TEST_STEP][PASSED] - Statement - PreSaveFile = new java.io.File(((pathPrefix + java.lang.Integer.toString(counter)) + .png)): null

2018-12-12 17:00:25 - [TEST_STEP][PASSED] - Statement - counter = counter + 1: null

2018-12-12 17:00:25 - [TEST_STEP][PASSED] - Statement - PreSaveFile = new java.io.File(((pathPrefix + java.lang.Integer.toString(counter)) + .png)): null

2018-12-12 17:00:25 - [TEST_STEP][PASSED] - Statement - counter = counter + 1: null

2018-12-12 17:00:25 - [TEST_STEP][PASSED] - Statement - PreSaveFile = new java.io.File(((pathPrefix + java.lang.Integer.toString(counter)) + .png)): null

2018-12-12 17:00:25 - [TEST_STEP][PASSED] - Statement - counter = counter + 1: null

2018-12-12 17:00:25 - [TEST_STEP][PASSED] - Statement - PreSaveFile = new java.io.File(((pathPrefix + java.lang.Integer.toString(counter)) + .png)): null

2018-12-12 17:00:25 - [TEST_STEP][PASSED] - Statement - counter = counter + 1: null

2018-12-12 17:00:25 - [TEST_STEP][PASSED] - Statement - PreSaveFile = new java.io.File(((pathPrefix + java.lang.Integer.toString(counter)) + .png)): null

2018-12-12 17:00:25 - [TEST_STEP][PASSED] - Statement - counter = counter + 1: null

2018-12-12 17:00:25 - [TEST_STEP][PASSED] - Statement - PreSaveFile = new java.io.File(((pathPrefix + java.lang.Integer.toString(counter)) + .png)): null

2018-12-12 17:00:25 - [TEST_STEP][PASSED] - Statement - counter = counter + 1: null

2018-12-12 17:00:25 - [TEST_STEP][PASSED] - Statement - PreSaveFile = new java.io.File(((pathPrefix + java.lang.Integer.toString(counter)) + .png)): null

2018-12-12 17:00:25 - [TEST_STEP][PASSED] - Statement - counter = counter + 1: null

2018-12-12 17:00:25 - [TEST_STEP][PASSED] - Statement - PreSaveFile = new java.io.File(((pathPrefix + java.lang.Integer.toString(counter)) + .png)): null

2018-12-12 17:00:25 - [TEST_STEP][PASSED] - Statement - counter = counter + 1: null

2018-12-12 17:00:25 - [TEST_STEP][PASSED] - Statement - PreSaveFile = new java.io.File(((pathPrefix + java.lang.Integer.toString(counter)) + .png)): null

2018-12-12 17:00:25 - [TEST_STEP][PASSED] - Statement - counter = counter + 1: null

2018-12-12 17:00:25 - [TEST_STEP][PASSED] - Statement - PreSaveFile = new java.io.File(((pathPrefix + java.lang.Integer.toString(counter)) + .png)): null

2018-12-12 17:00:25 - [TEST_STEP][PASSED] - Statement - counter = counter + 1: null

2018-12-12 17:00:25 - [TEST_STEP][PASSED] - Statement - PreSaveFile = new java.io.File(((pathPrefix + java.lang.Integer.toString(counter)) + .png)): null

2018-12-12 17:00:25 - [TEST_STEP][PASSED] - Statement - counter = counter + 1: null

2018-12-12 17:00:25 - [TEST_STEP][PASSED] - Statement - PreSaveFile = new java.io.File(((pathPrefix + java.lang.Integer.toString(counter)) + .png)): null

2018-12-12 17:00:25 - [TEST_STEP][PASSED] - Statement - counter = counter + 1: null

2018-12-12 17:00:25 - [TEST_STEP][PASSED] - Statement - PreSaveFile = new java.io.File(((pathPrefix + java.lang.Integer.toString(counter)) + .png)): null

2018-12-12 17:00:25 - [TEST_STEP][PASSED] - Statement - counter = counter + 1: null

2018-12-12 17:00:25 - [TEST_STEP][PASSED] - Statement - PreSaveFile = new java.io.File(((pathPrefix + java.lang.Integer.toString(counter)) + .png)): null

2018-12-12 17:00:25 - [TEST_STEP][PASSED] - Statement - counter = counter + 1: null

2018-12-12 17:00:25 - [TEST_STEP][PASSED] - Statement - PreSaveFile = new java.io.File(((pathPrefix + java.lang.Integer.toString(counter)) + .png)): null

2018-12-12 17:00:25 - [TEST_STEP][PASSED] - Statement - counter = counter + 1: null

2018-12-12 17:00:25 - [TEST_STEP][PASSED] - Statement - PreSaveFile = new java.io.File(((pathPrefix + java.lang.Integer.toString(counter)) + .png)): null

2018-12-12 17:00:25 - [TEST_STEP][PASSED] - Statement - counter = counter + 1: null

2018-12-12 17:00:25 - [TEST_STEP][PASSED] - Statement - PreSaveFile = new java.io.File(((pathPrefix + java.lang.Integer.toString(counter)) + .png)): null

2018-12-12 17:00:25 - [TEST_STEP][PASSED] - Statement - counter = counter + 1: null

2018-12-12 17:00:25 - [TEST_STEP][PASSED] - Statement - PreSaveFile = new java.io.File(((pathPrefix + java.lang.Integer.toString(counter)) + .png)): null

2018-12-12 17:00:25 - [TEST_STEP][PASSED] - Statement - counter = counter + 1: null

2018-12-12 17:00:25 - [TEST_STEP][PASSED] - Statement - PreSaveFile = new java.io.File(((pathPrefix + java.lang.Integer.toString(counter)) + .png)): null

2018-12-12 17:00:25 - [TEST_STEP][PASSED] - Statement - counter = counter + 1: null

2018-12-12 17:00:25 - [TEST_STEP][PASSED] - Statement - PreSaveFile = new java.io.File(((pathPrefix + java.lang.Integer.toString(counter)) + .png)): null

2018-12-12 17:00:25 - [TEST_STEP][PASSED] - Statement - counter = counter + 1: null

2018-12-12 17:00:25 - [TEST_STEP][PASSED] - Statement - PreSaveFile = new java.io.File(((pathPrefix + java.lang.Integer.toString(counter)) + .png)): null

2018-12-12 17:00:25 - [TEST_STEP][PASSED] - Statement - counter = counter + 1: null

2018-12-12 17:00:25 - [TEST_STEP][PASSED] - Statement - PreSaveFile = new java.io.File(((pathPrefix + java.lang.Integer.toString(counter)) + .png)): null

2018-12-12 17:00:25 - [TEST_STEP][PASSED] - Statement - counter = counter + 1: null

2018-12-12 17:00:25 - [TEST_STEP][PASSED] - Statement - PreSaveFile = new java.io.File(((pathPrefix + java.lang.Integer.toString(counter)) + .png)): null

2018-12-12 17:00:25 - [TEST_STEP][PASSED] - Statement - counter = counter + 1: null

2018-12-12 17:00:25 - [TEST_STEP][PASSED] - Statement - PreSaveFile = new java.io.File(((pathPrefix + java.lang.Integer.toString(counter)) + .png)): null

2018-12-12 17:00:25 - [TEST_STEP][PASSED] - Statement - counter = counter + 1: null

2018-12-12 17:00:25 - [TEST_STEP][PASSED] - Statement - PreSaveFile = new java.io.File(((pathPrefix + java.lang.Integer.toString(counter)) + .png)): null

2018-12-12 17:00:25 - [TEST_STEP][PASSED] - Statement - counter = counter + 1: null

2018-12-12 17:00:25 - [TEST_STEP][PASSED] - Statement - PreSaveFile = new java.io.File(((pathPrefix + java.lang.Integer.toString(counter)) + .png)): null

2018-12-12 17:00:25 - [TEST_STEP][PASSED] - Statement - counter = counter + 1: null

2018-12-12 17:00:25 - [TEST_STEP][PASSED] - Statement - PreSaveFile = new java.io.File(((pathPrefix + java.lang.Integer.toString(counter)) + .png)): null

2018-12-12 17:00:25 - [TEST_STEP][PASSED] - Statement - counter = counter + 1: null

2018-12-12 17:00:25 - [TEST_STEP][PASSED] - Statement - PreSaveFile = new java.io.File(((pathPrefix + java.lang.Integer.toString(counter)) + .png)): null

2018-12-12 17:00:25 - [TEST_STEP][PASSED] - Statement - counter = counter + 1: null

2018-12-12 17:00:25 - [TEST_STEP][PASSED] - Statement - PreSaveFile = new java.io.File(((pathPrefix + java.lang.Integer.toString(counter)) + .png)): null

2018-12-12 17:00:25 - [TEST_STEP][PASSED] - Statement - counter = counter + 1: null

2018-12-12 17:00:25 - [TEST_STEP][PASSED] - Statement - PreSaveFile = new java.io.File(((pathPrefix + java.lang.Integer.toString(counter)) + .png)): null

2018-12-12 17:00:25 - [TEST_STEP][PASSED] - Statement - counter = counter + 1: null

2018-12-12 17:00:25 - [TEST_STEP][PASSED] - Statement - PreSaveFile = new java.io.File(((pathPrefix + java.lang.Integer.toString(counter)) + .png)): null

2018-12-12 17:00:25 - [TEST_STEP][PASSED] - Statement - counter = counter + 1: null

2018-12-12 17:00:25 - [TEST_STEP][PASSED] - Statement - PreSaveFile = new java.io.File(((pathPrefix + java.lang.Integer.toString(counter)) + .png)): null

2018-12-12 17:00:25 - [TEST_STEP][PASSED] - Statement - counter = counter + 1: null

2018-12-12 17:00:25 - [TEST_STEP][PASSED] - Statement - PreSaveFile = new java.io.File(((pathPrefix + java.lang.Integer.toString(counter)) + .png)): null

2018-12-12 17:00:25 - [TEST_STEP][PASSED] - Statement - counter = counter + 1: null

2018-12-12 17:00:25 - [TEST_STEP][PASSED] - Statement - PreSaveFile = new java.io.File(((pathPrefix + java.lang.Integer.toString(counter)) + .png)): null

2018-12-12 17:00:25 - [TEST_STEP][PASSED] - Statement - counter = counter + 1: null

2018-12-12 17:00:25 - [TEST_STEP][PASSED] - Statement - PreSaveFile = new java.io.File(((pathPrefix + java.lang.Integer.toString(counter)) + .png)): null

2018-12-12 17:00:25 - [TEST_STEP][PASSED] - Statement - counter = counter + 1: null

2018-12-12 17:00:25 - [TEST_STEP][PASSED] - Statement - PreSaveFile = new java.io.File(((pathPrefix + java.lang.Integer.toString(counter)) + .png)): null

2018-12-12 17:00:25 - [TEST_STEP][PASSED] - Statement - counter = counter + 1: null

2018-12-12 17:00:25 - [TEST_STEP][PASSED] - Statement - PreSaveFile = new java.io.File(((pathPrefix + java.lang.Integer.toString(counter)) + .png)): null

2018-12-12 17:00:25 - [TEST_STEP][PASSED] - Statement - counter = counter + 1: null

2018-12-12 17:00:25 - [TEST_STEP][PASSED] - Statement - PreSaveFile = new java.io.File(((pathPrefix + java.lang.Integer.toString(counter)) + .png)): null

2018-12-12 17:00:25 - [TEST_STEP][PASSED] - Statement - counter = counter + 1: null

2018-12-12 17:00:25 - [TEST_STEP][PASSED] - Statement - PreSaveFile = new java.io.File(((pathPrefix + java.lang.Integer.toString(counter)) + .png)): null

2018-12-12 17:00:25 - [TEST_STEP][PASSED] - Statement - counter = counter + 1: null

2018-12-12 17:00:25 - [TEST_STEP][PASSED] - Statement - PreSaveFile = new java.io.File(((pathPrefix + java.lang.Integer.toString(counter)) + .png)): null

2018-12-12 17:00:25 - [TEST_STEP][PASSED] - Statement - counter = counter + 1: null

2018-12-12 17:00:25 - [TEST_STEP][PASSED] - Statement - PreSaveFile = new java.io.File(((pathPrefix + java.lang.Integer.toString(counter)) + .png)): null

2018-12-12 17:00:25 - [TEST_STEP][PASSED] - Statement - counter = counter + 1: null

2018-12-12 17:00:25 - [TEST_STEP][PASSED] - Statement - PreSaveFile = new java.io.File(((pathPrefix + java.lang.Integer.toString(counter)) + .png)): null

2018-12-12 17:00:25 - [TEST_STEP][PASSED] - Statement - counter = counter + 1: null

2018-12-12 17:00:25 - [TEST_STEP][PASSED] - Statement - PreSaveFile = new java.io.File(((pathPrefix + java.lang.Integer.toString(counter)) + .png)): null

2018-12-12 17:00:25 - [TEST_STEP][PASSED] - Statement - counter = counter + 1: null

2018-12-12 17:00:25 - [TEST_STEP][PASSED] - Statement - PreSaveFile = new java.io.File(((pathPrefix + java.lang.Integer.toString(counter)) + .png)): null

2018-12-12 17:00:25 - [TEST_STEP][PASSED] - Statement - counter = counter + 1: null

2018-12-12 17:00:25 - [TEST_STEP][PASSED] - Statement - PreSaveFile = new java.io.File(((pathPrefix + java.lang.Integer.toString(counter)) + .png)): null

2018-12-12 17:00:25 - [TEST_STEP][PASSED] - Statement - counter = counter + 1: null

2018-12-12 17:00:25 - [TEST_STEP][PASSED] - Statement - PreSaveFile = new java.io.File(((pathPrefix + java.lang.Integer.toString(counter)) + .png)): null

2018-12-12 17:00:25 - [TEST_STEP][PASSED] - Statement - counter = counter + 1: null

2018-12-12 17:00:25 - [TEST_STEP][PASSED] - Statement - PreSaveFile = new java.io.File(((pathPrefix + java.lang.Integer.toString(counter)) + .png)): null

2018-12-12 17:00:25 - [TEST_STEP][PASSED] - Statement - counter = counter + 1: null

2018-12-12 17:00:25 - [TEST_STEP][PASSED] - Statement - PreSaveFile = new java.io.File(((pathPrefix + java.lang.Integer.toString(counter)) + .png)): null

2018-12-12 17:00:25 - [TEST_STEP][PASSED] - Statement - counter = counter + 1: null

2018-12-12 17:00:25 - [TEST_STEP][PASSED] - Statement - PreSaveFile = new java.io.File(((pathPrefix + java.lang.Integer.toString(counter)) + .png)): null

2018-12-12 17:00:25 - [TEST_STEP][PASSED] - Statement - counter = counter + 1: null

2018-12-12 17:00:25 - [TEST_STEP][PASSED] - Statement - PreSaveFile = new java.io.File(((pathPrefix + java.lang.Integer.toString(counter)) + .png)): null

2018-12-12 17:00:25 - [TEST_STEP][PASSED] - Statement - counter = counter + 1: null

2018-12-12 17:00:25 - [TEST_STEP][PASSED] - Statement - PreSaveFile = new java.io.File(((pathPrefix + java.lang.Integer.toString(counter)) + .png)): null

2018-12-12 17:00:25 - [TEST_STEP][PASSED] - Statement - counter = counter + 1: null

2018-12-12 17:00:25 - [TEST_STEP][PASSED] - Statement - PreSaveFile = new java.io.File(((pathPrefix + java.lang.Integer.toString(counter)) + .png)): null

2018-12-12 17:00:25 - [TEST_STEP][PASSED] - Statement - counter = counter + 1: null

2018-12-12 17:00:25 - [TEST_STEP][PASSED] - Statement - PreSaveFile = new java.io.File(((pathPrefix + java.lang.Integer.toString(counter)) + .png)): null

2018-12-12 17:00:25 - [TEST_STEP][PASSED] - Statement - counter = counter + 1: null

2018-12-12 17:00:25 - [TEST_STEP][PASSED] - Statement - PreSaveFile = new java.io.File(((pathPrefix + java.lang.Integer.toString(counter)) + .png)): null

2018-12-12 17:00:25 - [TEST_STEP][PASSED] - Statement - counter = counter + 1: null

2018-12-12 17:00:25 - [TEST_STEP][PASSED] - Statement - PreSaveFile = new java.io.File(((pathPrefix + java.lang.Integer.toString(counter)) + .png)): null

2018-12-12 17:00:25 - [TEST_STEP][PASSED] - Statement - counter = counter + 1: null

2018-12-12 17:00:26 - [TEST_STEP][PASSED] - Statement - PreSaveFile = new java.io.File(((pathPrefix + java.lang.Integer.toString(counter)) + .png)): null

2018-12-12 17:00:26 - [TEST_STEP][PASSED] - Statement - counter = counter + 1: null

2018-12-12 17:00:26 - [TEST_STEP][PASSED] - Statement - PreSaveFile = new java.io.File(((pathPrefix + java.lang.Integer.toString(counter)) + .png)): null

2018-12-12 17:00:26 - [TEST_STEP][PASSED] - Statement - counter = counter + 1: null

2018-12-12 17:00:26 - [TEST_STEP][PASSED] - Statement - PreSaveFile = new java.io.File(((pathPrefix + java.lang.Integer.toString(counter)) + .png)): null

2018-12-12 17:00:26 - [TEST_STEP][PASSED] - Statement - counter = counter + 1: null

2018-12-12 17:00:26 - [TEST_STEP][PASSED] - Statement - PreSaveFile = new java.io.File(((pathPrefix + java.lang.Integer.toString(counter)) + .png)): null

2018-12-12 17:00:26 - [TEST_STEP][PASSED] - Statement - counter = counter + 1: null

2018-12-12 17:00:26 - [TEST_STEP][PASSED] - Statement - PreSaveFile = new java.io.File(((pathPrefix + java.lang.Integer.toString(counter)) + .png)): null

2018-12-12 17:00:26 - [TEST_STEP][PASSED] - Statement - counter = counter + 1: null

2018-12-12 17:00:26 - [TEST_STEP][PASSED] - Statement - PreSaveFile = new java.io.File(((pathPrefix + java.lang.Integer.toString(counter)) + .png)): null

2018-12-12 17:00:26 - [TEST_STEP][PASSED] - Statement - counter = counter + 1: null

2018-12-12 17:00:26 - [TEST_STEP][PASSED] - Statement - PreSaveFile = new java.io.File(((pathPrefix + java.lang.Integer.toString(counter)) + .png)): null

2018-12-12 17:00:26 - [TEST_STEP][PASSED] - Statement - counter = counter + 1: null

2018-12-12 17:00:26 - [TEST_STEP][PASSED] - Statement - PreSaveFile = new java.io.File(((pathPrefix + java.lang.Integer.toString(counter)) + .png)): null

2018-12-12 17:00:26 - [TEST_STEP][PASSED] - Statement - counter = counter + 1: null

2018-12-12 17:00:26 - [TEST_STEP][PASSED] - Statement - PreSaveFile = new java.io.File(((pathPrefix + java.lang.Integer.toString(counter)) + .png)): null

2018-12-12 17:00:26 - [TEST_STEP][PASSED] - Statement - counter = counter + 1: null

2018-12-12 17:00:26 - [TEST_STEP][PASSED] - Statement - PreSaveFile = new java.io.File(((pathPrefix + java.lang.Integer.toString(counter)) + .png)): null

2018-12-12 17:00:26 - [TEST_STEP][PASSED] - Statement - counter = counter + 1: null

2018-12-12 17:00:26 - [TEST_STEP][PASSED] - Statement - PreSaveFile = new java.io.File(((pathPrefix + java.lang.Integer.toString(counter)) + .png)): null

2018-12-12 17:00:26 - [TEST_STEP][PASSED] - Statement - counter = counter + 1: null

2018-12-12 17:00:26 - [TEST_STEP][PASSED] - Statement - PreSaveFile = new java.io.File(((pathPrefix + java.lang.Integer.toString(counter)) + .png)): null

2018-12-12 17:00:26 - [TEST_STEP][PASSED] - Statement - counter = counter + 1: null

2018-12-12 17:00:26 - [TEST_STEP][PASSED] - Statement - PreSaveFile = new java.io.File(((pathPrefix + java.lang.Integer.toString(counter)) + .png)): null

2018-12-12 17:00:26 - [TEST_STEP][PASSED] - Statement - finalPath = pathPrefix + java.lang.Integer.toString(counter) + ".png": null

2018-12-12 17:00:26 - [TEST_STEP][PASSED] - Statement - SaveFile = new java.io.File(finalPath): null

2018-12-12 17:00:26 - [TEST_STEP][PASSED] - Statement - Try: null

2018-12-12 17:00:26 - [TEST_STEP][PASSED] - Statement - org.apache.commons.io.FileUtils.copyFile(scrFile, SaveFile): null

2018-12-12 17:00:26 - [TEST_STEP][PASSED] - Statement - out.println("file kept"): null

2018-12-12 17:00:26 - [TEST_STEP][PASSED] - delay: Delayed 10 second(s)

2018-12-12 17:00:36 - [MESSAGE][PASSED] - Delayed 10 second(s)

2018-12-12 17:00:36 - [MESSAGE][PASSED] - Call Test Case 'Test Cases/Final Aug 2018 - PKS Automation/Registration Module/New Registration/Submit and Screenshot/Submit Registration and Screenshot' successfully]]></system-out>
         <system-err><![CDATA[]]></system-err>
      </testcase>
      <testcase name="Test Cases/Final Aug 2018 - PKS Automation/Registration Module/Critical Path/Update Add New Employee/Update Add New Employee With Eligible Employee" classname="Test Cases/Final Aug 2018 - PKS Automation/Registration Module/Critical Path/Update Add New Employee/Update Add New Employee With Eligible Employee" status="PASSED">
         <system-out><![CDATA[2018-12-12 17:00:36 - [TEST_CASE][PASSED] - Test Cases/Final Aug 2018 - PKS Automation/Registration Module/Critical Path/Update Add New Employee/Update Add New Employee With Eligible Employee: Test Cases/Final Aug 2018 - PKS Automation/Registration Module/Critical Path/Update Add New Employee/Update Add New Employee With Eligible Employee

2018-12-12 17:00:36 - [TEST_STEP][PASSED] - openBrowser: Browser is opened with url: ''

2018-12-12 17:00:36 - [MESSAGE][WARNING] - A browser is already opened. Closing browser and opening a new one

2018-12-12 17:00:39 - [MESSAGE][PASSED] - Browser is opened with url: ''

2018-12-12 17:00:39 - [TEST_STEP][PASSED] - navigateToUrl: Navigate to 'https://assist2-uat.perkeso.gov.my/login' successfully

2018-12-12 17:00:40 - [MESSAGE][PASSED] - Navigate to 'https://assist2-uat.perkeso.gov.my/login' successfully

2018-12-12 17:00:40 - [TEST_STEP][PASSED] - callTestCase: Call Test Case 'Test Cases/Final Aug 2018 - PKS Automation/Registration Module/New Registration/Form 2/Date Updater' successfully

2018-12-12 17:00:40 - [TEST_CASE][PASSED] - Test Cases/Final Aug 2018 - PKS Automation/Registration Module/New Registration/Form 2/Date Updater: Test Cases/Final Aug 2018 - PKS Automation/Registration Module/New Registration/Form 2/Date Updater

2018-12-12 17:00:40 - [TEST_STEP][PASSED] - Statement - TodayDate = new java.util.Date(): null

2018-12-12 17:00:40 - [TEST_STEP][PASSED] - Statement - CurrentDateNoFilter = new java.text.SimpleDateFormat(): null

2018-12-12 17:00:40 - [TEST_STEP][PASSED] - Statement - CurrentDateNoFilter.applyPattern("MM"): null

2018-12-12 17:00:40 - [TEST_STEP][PASSED] - Statement - monthContainerMatcher = java.lang.Integer.parseInt(CurrentDateNoFilter.format(TodayDate)): null

2018-12-12 17:00:40 - [TEST_STEP][PASSED] - Statement - monthContainerMatcher = monthContainerMatcher - 1: null

2018-12-12 17:00:40 - [TEST_STEP][PASSED] - Statement - CurrentMonth = monthContainerMatcher.toString(): null

2018-12-12 17:00:40 - [TEST_STEP][PASSED] - Statement - CurrentMonth = CurrentMonth: null

2018-12-12 17:00:40 - [TEST_STEP][PASSED] - Statement - CurrentDateNoFilter.applyPattern("yyyy"): null

2018-12-12 17:00:40 - [TEST_STEP][PASSED] - Statement - CurrentYear = CurrentDateNoFilter.format(TodayDate): null

2018-12-12 17:00:40 - [TEST_STEP][PASSED] - Statement - CurrentYear = CurrentYear: null

2018-12-12 17:00:40 - [TEST_STEP][PASSED] - Statement - intCurrentYear = java.lang.Integer.parseInt(CurrentDateNoFilter.format(TodayDate)): null

2018-12-12 17:00:40 - [TEST_STEP][PASSED] - Statement - eighteenYrsAgo = intCurrentYear - 18: null

2018-12-12 17:00:40 - [TEST_STEP][PASSED] - Statement - eighteenYrsBeforeThisYr = eighteenYrsAgo.toString(): null

2018-12-12 17:00:40 - [TEST_STEP][PASSED] - Statement - EighteenYrsBefore = eighteenYrsBeforeThisYr: null

2018-12-12 17:00:40 - [TEST_STEP][PASSED] - Statement - fiftysevenYrsAgo = intCurrentYear - 57: null

2018-12-12 17:00:40 - [TEST_STEP][PASSED] - Statement - fiftysevenYrsBeforeThisYr = fiftysevenYrsAgo.toString(): null

2018-12-12 17:00:40 - [TEST_STEP][PASSED] - Statement - FiftysevenYrsBefore = fiftysevenYrsBeforeThisYr: null

2018-12-12 17:00:40 - [TEST_STEP][PASSED] - Statement - leapYear = false: null

2018-12-12 17:00:40 - [TEST_STEP][PASSED] - Statement - leapYear = intCurrentYear % 4 == 0: null

2018-12-12 17:00:40 - [TEST_STEP][PASSED] - Statement - CurrentDateNoFilter.applyPattern("dd"): null

2018-12-12 17:00:40 - [TEST_STEP][PASSED] - Statement - CurrentDate = CurrentDateNoFilter.format(TodayDate): null

2018-12-12 17:00:40 - [TEST_STEP][PASSED] - Statement - CurrentDate = java.lang.Integer.parseInt(CurrentDate): null

2018-12-12 17:00:40 - [TEST_STEP][PASSED] - Statement - CurrentDate = CurrentDate: null

2018-12-12 17:00:40 - [TEST_STEP][PASSED] - Statement - CurrentDay = java.lang.Integer.parseInt(CurrentDate): null

2018-12-12 17:00:40 - [TEST_STEP][PASSED] - Statement - ConfAdder = <not implemented yet for class: org.codehaus.groovy.ast.expr.EmptyExpression>: null

2018-12-12 17:00:40 - [TEST_STEP][PASSED] - Statement - out.println(CurrentMonth): null

2018-12-12 17:00:40 - [TEST_STEP][PASSED] - Statement - out.println(CurrentDate): null

2018-12-12 17:00:40 - [TEST_STEP][PASSED] - Statement - switch (CurrentDate): null

2018-12-12 17:00:40 - [TEST_STEP][PASSED] - Statement - Default: null

2018-12-12 17:00:40 - [TEST_STEP][PASSED] - Statement - ConfAdder = true: null

2018-12-12 17:00:40 - [TEST_STEP][PASSED] - Statement - Break: null

2018-12-12 17:00:40 - [TEST_STEP][PASSED] - Statement - aDayBefore = <not implemented yet for class: org.codehaus.groovy.ast.expr.EmptyExpression>: null

2018-12-12 17:00:40 - [TEST_STEP][PASSED] - Statement - out.println(ConfAdder): null

2018-12-12 17:00:40 - [TEST_STEP][PASSED] - Statement - If (ConfAdder == true): null

2018-12-12 17:00:40 - [TEST_STEP][PASSED] - Statement - aDayBefore = CurrentDay + 1: null

2018-12-12 17:00:40 - [TEST_STEP][PASSED] - Statement - out.println(aDayBefore): null

2018-12-12 17:00:40 - [TEST_STEP][PASSED] - Statement - If (aDayBefore == 1 && CurrentMonth == 11): null

2018-12-12 17:00:40 - [TEST_STEP][PASSED] - Statement - DayBefore = aDayBefore.toString(): null

2018-12-12 17:00:40 - [TEST_STEP][PASSED] - Statement - OneDayBefore = DayBefore: null

2018-12-12 17:00:40 - [MESSAGE][PASSED] - Call Test Case 'Test Cases/Final Aug 2018 - PKS Automation/Registration Module/New Registration/Form 2/Date Updater' successfully

2018-12-12 17:00:40 - [TEST_STEP][PASSED] - delay: Delayed 2 second(s)

2018-12-12 17:00:42 - [MESSAGE][PASSED] - Delayed 2 second(s)

2018-12-12 17:00:42 - [TEST_STEP][PASSED] - setText: Text 'klotc2@gmail.com' is set on object 'Object Repository/Final Object Repo/Page_Update Add New Employee - ASSIST/Email TextBox'

2018-12-12 17:00:42 - [MESSAGE][PASSED] - Text 'klotc2@gmail.com' is set on object 'Object Repository/Final Object Repo/Page_Update Add New Employee - ASSIST/Email TextBox'

2018-12-12 17:00:42 - [TEST_STEP][PASSED] - click: Object: 'Object Repository/Final Object Repo/Page_Update Add New Employee - ASSIST/Next Button' is clicked on

2018-12-12 17:00:42 - [MESSAGE][PASSED] - Object: 'Object Repository/Final Object Repo/Page_Update Add New Employee - ASSIST/Next Button' is clicked on

2018-12-12 17:00:42 - [TEST_STEP][PASSED] - delay: Delayed 2 second(s)

2018-12-12 17:00:44 - [MESSAGE][PASSED] - Delayed 2 second(s)

2018-12-12 17:00:44 - [TEST_STEP][PASSED] - setText: Text 'Test1@3456789' is set on object 'Object Repository/Final Object Repo/Page_Update Add New Employee - ASSIST/Password TextBox'

2018-12-12 17:00:45 - [MESSAGE][PASSED] - Text 'Test1@3456789' is set on object 'Object Repository/Final Object Repo/Page_Update Add New Employee - ASSIST/Password TextBox'

2018-12-12 17:00:45 - [TEST_STEP][PASSED] - delay: Delayed 2 second(s)

2018-12-12 17:00:47 - [MESSAGE][PASSED] - Delayed 2 second(s)

2018-12-12 17:00:47 - [TEST_STEP][PASSED] - click: Object: 'Object Repository/Final Object Repo/Page_Update Add New Employee - ASSIST/Login Button' is clicked on

2018-12-12 17:00:47 - [MESSAGE][PASSED] - Object: 'Object Repository/Final Object Repo/Page_Update Add New Employee - ASSIST/Login Button' is clicked on

2018-12-12 17:00:47 - [TEST_STEP][PASSED] - Statement - Try: null

2018-12-12 17:00:47 - [TEST_STEP][PASSED] - Statement - Checker = com.kms.katalon.core.webui.keyword.WebUiBuiltInKeywords.verifyElementNotPresent("Final Object Repo/Landing Page/Select to English", 3): null

2018-12-12 17:00:47 - [TEST_STEP][PASSED] - Statement - Catch (Exception e): null

2018-12-12 17:00:47 - [TEST_STEP][PASSED] - Statement - e.printStackTrace(): null

2018-12-12 17:00:47 - [TEST_STEP][PASSED] - delay: Delayed 5 second(s)

2018-12-12 17:00:52 - [MESSAGE][PASSED] - Delayed 5 second(s)

2018-12-12 17:00:52 - [TEST_STEP][PASSED] - click: Object: 'Object Repository/Final Object Repo/Page_Update Add New Employee - ASSIST/My Sites Drop Down' is clicked on

2018-12-12 17:00:52 - [MESSAGE][PASSED] - Object: 'Object Repository/Final Object Repo/Page_Update Add New Employee - ASSIST/My Sites Drop Down' is clicked on

2018-12-12 17:00:52 - [TEST_STEP][PASSED] - click: Object: 'Object Repository/Final Object Repo/Page_Update Add New Employee - ASSIST/Select to Registration Module' is clicked on

2018-12-12 17:00:53 - [MESSAGE][PASSED] - Object: 'Object Repository/Final Object Repo/Page_Update Add New Employee - ASSIST/Select to Registration Module' is clicked on

2018-12-12 17:00:53 - [TEST_STEP][PASSED] - navigateToUrl: Navigate to 'https://assist2-uat.perkeso.gov.my/web/registration/myassist' successfully

2018-12-12 17:00:54 - [MESSAGE][PASSED] - Navigate to 'https://assist2-uat.perkeso.gov.my/web/registration/myassist' successfully

2018-12-12 17:00:54 - [TEST_STEP][PASSED] - mouseOver: Object: 'Object Repository/Final Object Repo/Page_Update Add New Employee - ASSIST/Select to Update Akta 4 Tab' is hovered

2018-12-12 17:00:54 - [MESSAGE][PASSED] - Object: 'Object Repository/Final Object Repo/Page_Update Add New Employee - ASSIST/Select to Update Akta 4 Tab' is hovered

2018-12-12 17:00:54 - [TEST_STEP][PASSED] - delay: Delayed 2 second(s)

2018-12-12 17:00:56 - [MESSAGE][PASSED] - Delayed 2 second(s)

2018-12-12 17:00:56 - [TEST_STEP][PASSED] - click: Object: 'Object Repository/Final Object Repo/Page_Update Add New Employee - ASSIST/Select to Update Add New Employee' is clicked on

2018-12-12 17:00:57 - [MESSAGE][PASSED] - Object: 'Object Repository/Final Object Repo/Page_Update Add New Employee - ASSIST/Select to Update Add New Employee' is clicked on

2018-12-12 17:00:57 - [TEST_STEP][PASSED] - delay: Delayed 2 second(s)

2018-12-12 17:00:59 - [MESSAGE][PASSED] - Delayed 2 second(s)

2018-12-12 17:00:59 - [TEST_STEP][PASSED] - setText: Text 'E1102069801V' is set on object 'Object Repository/Final Object Repo/Page_Update Add New Employee - ASSIST/Employer Code input textbox'

2018-12-12 17:00:59 - [MESSAGE][PASSED] - Text 'E1102069801V' is set on object 'Object Repository/Final Object Repo/Page_Update Add New Employee - ASSIST/Employer Code input textbox'

2018-12-12 17:00:59 - [TEST_STEP][PASSED] - delay: Delayed 2 second(s)

2018-12-12 17:01:01 - [MESSAGE][PASSED] - Delayed 2 second(s)

2018-12-12 17:01:01 - [TEST_STEP][PASSED] - click: Object: 'Object Repository/Final Object Repo/Page_Update Add New Employee - ASSIST/Search Button for Employer Code' is clicked on

2018-12-12 17:01:01 - [MESSAGE][PASSED] - Object: 'Object Repository/Final Object Repo/Page_Update Add New Employee - ASSIST/Search Button for Employer Code' is clicked on

2018-12-12 17:01:01 - [TEST_STEP][PASSED] - delay: Delayed 4 second(s)

2018-12-12 17:01:05 - [MESSAGE][PASSED] - Delayed 4 second(s)

2018-12-12 17:01:05 - [TEST_STEP][PASSED] - click: Object: 'Object Repository/Final Object Repo/Page_Update Add New Employee - ASSIST/Click to Edit Case' is clicked on

2018-12-12 17:01:08 - [MESSAGE][PASSED] - Object: 'Object Repository/Final Object Repo/Page_Update Add New Employee - ASSIST/Click to Edit Case' is clicked on

2018-12-12 17:01:08 - [TEST_STEP][PASSED] - callTestCase: Call Test Case 'Test Cases/Final Aug 2018 - PKS Automation/Registration Module/Workflow/Update Add New Employee/Template/Employee Adding/Employee Adding Action No Repeat IC' successfully

2018-12-12 17:01:08 - [TEST_CASE][PASSED] - Test Cases/Final Aug 2018 - PKS Automation/Registration Module/Workflow/Update Add New Employee/Template/Employee Adding/Employee Adding Action No Repeat IC: Test Cases/Final Aug 2018 - PKS Automation/Registration Module/Workflow/Update Add New Employee/Template/Employee Adding/Employee Adding Action No Repeat IC

2018-12-12 17:01:08 - [TEST_STEP][PASSED] - delay: Delayed 4 second(s)

2018-12-12 17:01:12 - [MESSAGE][PASSED] - Delayed 4 second(s)

2018-12-12 17:01:12 - [TEST_STEP][PASSED] - click: Object: 'Object Repository/Final Object Repo/Page_Update Add New Employee - ASSIST/Add Employee Button' is clicked on

2018-12-12 17:01:12 - [MESSAGE][PASSED] - Object: 'Object Repository/Final Object Repo/Page_Update Add New Employee - ASSIST/Add Employee Button' is clicked on

2018-12-12 17:01:12 - [TEST_STEP][PASSED] - delay: Delayed 3 second(s)

2018-12-12 17:01:15 - [MESSAGE][PASSED] - Delayed 3 second(s)

2018-12-12 17:01:15 - [TEST_STEP][PASSED] - Statement - While (com.kms.katalon.core.webui.keyword.WebUiBuiltInKeywords.verifyElementNotVisible(com.kms.katalon.core.testobject.ObjectRepository.findTestObject(Final Object Repo/Page_Update Add New Employee - ASSIST/No Duplicate Employee Cross), OPTIONAL)): Object 'Object Repository/Final Object Repo/Page_Update Add New Employee - ASSIST/No Duplicate Employee Cross' is visible

2018-12-12 17:01:15 - [MESSAGE][PASSED] - Object 'Object Repository/Final Object Repo/Page_Update Add New Employee - ASSIST/No Duplicate Employee Cross' is NOT visible

2018-12-12 17:01:15 - [TEST_STEP][PASSED] - callTestCase: Call Test Case 'Test Cases/Final Aug 2018 - PKS Automation/Common/IC Generator' successfully

2018-12-12 17:01:15 - [TEST_CASE][PASSED] - Test Cases/Final Aug 2018 - PKS Automation/Common/IC Generator: Test Cases/Final Aug 2018 - PKS Automation/Common/IC Generator

2018-12-12 17:01:16 - [TEST_STEP][PASSED] - Statement - rnd = new java.util.Random(): null

2018-12-12 17:01:16 - [TEST_STEP][PASSED] - Statement - snum = rnd.nextInt(899999 + 1) + 100000: null

2018-12-12 17:01:16 - [TEST_STEP][PASSED] - Statement - tnum = rnd.nextInt(899999 + 1) + 100000: null

2018-12-12 17:01:16 - [TEST_STEP][PASSED] - Statement - IC = java.lang.Integer.toString(snum) + java.lang.Integer.toString(tnum): null

2018-12-12 17:01:16 - [TEST_STEP][PASSED] - Statement - ICtoAdd = IC: null

2018-12-12 17:01:16 - [TEST_STEP][PASSED] - Statement - out.println(ICtoAdd): null

2018-12-12 17:01:16 - [MESSAGE][PASSED] - Call Test Case 'Test Cases/Final Aug 2018 - PKS Automation/Common/IC Generator' successfully

2018-12-12 17:01:16 - [TEST_STEP][PASSED] - delay: Delayed 1 second(s)

2018-12-12 17:01:17 - [MESSAGE][PASSED] - Delayed 1 second(s)

2018-12-12 17:01:17 - [TEST_STEP][PASSED] - setText: Text '686323119668' is set on object 'Object Repository/Final Object Repo/Page_Update Add New Employee - ASSIST/NRIC Input'

2018-12-12 17:01:17 - [MESSAGE][PASSED] - Text '686323119668' is set on object 'Object Repository/Final Object Repo/Page_Update Add New Employee - ASSIST/NRIC Input'

2018-12-12 17:01:17 - [TEST_STEP][PASSED] - delay: Delayed 2 second(s)

2018-12-12 17:01:19 - [MESSAGE][PASSED] - Delayed 2 second(s)

2018-12-12 17:01:19 - [TEST_STEP][PASSED] - click: Object: 'Object Repository/Final Object Repo/Page_Update Add New Employee - ASSIST/button for search for IC' is clicked on

2018-12-12 17:01:19 - [MESSAGE][PASSED] - Object: 'Object Repository/Final Object Repo/Page_Update Add New Employee - ASSIST/button for search for IC' is clicked on

2018-12-12 17:01:19 - [TEST_STEP][PASSED] - delay: Object 'Object Repository/Final Object Repo/Page_Update Add New Employee - ASSIST/No Duplicate Employee Cross' is visible

2018-12-12 17:01:20 - [MESSAGE][PASSED] - Delayed 1 second(s)

2018-12-12 17:01:21 - [MESSAGE][WARNING] - Object 'Object Repository/Final Object Repo/Page_Update Add New Employee - ASSIST/No Duplicate Employee Cross' is visible
[[ATTACHMENT|C:\\Users\\Admin\\Desktop\\PKS\\Perkeso Phase A\\Reports\\Critical Path\\20181212_150048\\1544605280800.png]]

2018-12-12 17:01:21 - [TEST_STEP][PASSED] - delay: Delayed 2 second(s)

2018-12-12 17:01:23 - [MESSAGE][PASSED] - Delayed 2 second(s)

2018-12-12 17:01:23 - [TEST_STEP][PASSED] - setText: Text 'Automate002 eligible 1' is set on object 'Object Repository/Final Object Repo/Page_Update Add New Employee - ASSIST/Employee Name Input'

2018-12-12 17:01:23 - [MESSAGE][PASSED] - Text 'Automate002 eligible 1' is set on object 'Object Repository/Final Object Repo/Page_Update Add New Employee - ASSIST/Employee Name Input'

2018-12-12 17:01:23 - [TEST_STEP][PASSED] - delay: Delayed 2 second(s)

2018-12-12 17:01:25 - [MESSAGE][PASSED] - Delayed 2 second(s)

2018-12-12 17:01:25 - [TEST_STEP][PASSED] - click: Object: 'Object Repository/Final Object Repo/Page_Update Add New Employee - ASSIST/DatePicker Pop Up' is clicked on

2018-12-12 17:01:25 - [MESSAGE][PASSED] - Object: 'Object Repository/Final Object Repo/Page_Update Add New Employee - ASSIST/DatePicker Pop Up' is clicked on

2018-12-12 17:01:25 - [TEST_STEP][PASSED] - click: Object: 'Object Repository/Final Object Repo/Page_Update Add New Employee - ASSIST/DOB Month' is clicked on

2018-12-12 17:01:26 - [MESSAGE][PASSED] - Object: 'Object Repository/Final Object Repo/Page_Update Add New Employee - ASSIST/DOB Month' is clicked on

2018-12-12 17:01:26 - [TEST_STEP][PASSED] - Statement - CurrentMonth = CurrentMonth: null

2018-12-12 17:01:26 - [TEST_STEP][PASSED] - Statement - selectMonth = new com.kms.katalon.core.testobject.TestObject(): null

2018-12-12 17:01:26 - [TEST_STEP][PASSED] - Statement - selectMonth.addProperty("xpath", EQUALS, "//body/div/div/div/select/option[@value='" + CurrentMonth + "']", true): null

2018-12-12 17:01:26 - [TEST_STEP][PASSED] - click: Object: '' is clicked on

2018-12-12 17:01:26 - [MESSAGE][PASSED] - Object: '' is clicked on

2018-12-12 17:01:26 - [TEST_STEP][PASSED] - click: Object: 'Object Repository/Final Object Repo/Page_Update Add New Employee - ASSIST/DOB Year' is clicked on

2018-12-12 17:01:26 - [MESSAGE][PASSED] - Object: 'Object Repository/Final Object Repo/Page_Update Add New Employee - ASSIST/DOB Year' is clicked on

2018-12-12 17:01:26 - [TEST_STEP][PASSED] - Statement - Eyearsbf = EighteenYrsBefore: null

2018-12-12 17:01:26 - [TEST_STEP][PASSED] - Statement - selectYear = new com.kms.katalon.core.testobject.TestObject(): null

2018-12-12 17:01:26 - [TEST_STEP][PASSED] - Statement - selectYear.addProperty("xpath", EQUALS, "//div/div/div/select/option[@value='" + Eyearsbf + "']", true): null

2018-12-12 17:01:26 - [TEST_STEP][PASSED] - click: Object: '' is clicked on

2018-12-12 17:01:26 - [MESSAGE][PASSED] - Object: '' is clicked on

2018-12-12 17:01:26 - [TEST_STEP][PASSED] - Statement - UpdatedSelectDate = com.kms.katalon.core.webui.keyword.WebUiBuiltInKeywords.modifyObjectProperty(com.kms.katalon.core.testobject.ObjectRepository.findTestObject(Final Object Repo/Page_Update Add New Employee - ASSIST/DOB Date), "xpath", "equals", "//body/div/table/tbody/tr/td/a[text()="" + CurrentDate + ""]", true): Modify property of object successfully

2018-12-12 17:01:26 - [MESSAGE][PASSED] - Modify property of object successfully

2018-12-12 17:01:26 - [TEST_STEP][PASSED] - delay: Delayed 3 second(s)

2018-12-12 17:01:29 - [MESSAGE][PASSED] - Delayed 3 second(s)

2018-12-12 17:01:29 - [TEST_STEP][PASSED] - click: Object: 'Object Repository/Final Object Repo/Page_Update Add New Employee - ASSIST/DOB Date' is clicked on

2018-12-12 17:01:29 - [MESSAGE][PASSED] - Object: 'Object Repository/Final Object Repo/Page_Update Add New Employee - ASSIST/DOB Date' is clicked on

2018-12-12 17:01:29 - [TEST_STEP][PASSED] - delay: Delayed 2 second(s)

2018-12-12 17:01:31 - [MESSAGE][PASSED] - Delayed 2 second(s)

2018-12-12 17:01:31 - [TEST_STEP][PASSED] - click: Object: 'Object Repository/Final Object Repo/Page_Update Add New Employee - ASSIST/EmploymentStartDate Pop Up' is clicked on

2018-12-12 17:01:32 - [MESSAGE][PASSED] - Object: 'Object Repository/Final Object Repo/Page_Update Add New Employee - ASSIST/EmploymentStartDate Pop Up' is clicked on

2018-12-12 17:01:32 - [TEST_STEP][PASSED] - delay: Delayed 2 second(s)

2018-12-12 17:01:34 - [MESSAGE][PASSED] - Delayed 2 second(s)

2018-12-12 17:01:34 - [TEST_STEP][PASSED] - click: Object: 'Object Repository/Final Object Repo/Page_Update Add New Employee - ASSIST/Socso Employment StartDate Month' is clicked on

2018-12-12 17:01:34 - [MESSAGE][PASSED] - Object: 'Object Repository/Final Object Repo/Page_Update Add New Employee - ASSIST/Socso Employment StartDate Month' is clicked on

2018-12-12 17:01:34 - [TEST_STEP][PASSED] - delay: Delayed 1 second(s)

2018-12-12 17:01:35 - [MESSAGE][PASSED] - Delayed 1 second(s)

2018-12-12 17:01:35 - [TEST_STEP][PASSED] - click: Object: 'Object Repository/Final Object Repo/Page_Update Add New Employee - ASSIST/Select Socso Employement Startdate Month' is clicked on

2018-12-12 17:01:35 - [MESSAGE][PASSED] - Object: 'Object Repository/Final Object Repo/Page_Update Add New Employee - ASSIST/Select Socso Employement Startdate Month' is clicked on

2018-12-12 17:01:35 - [TEST_STEP][PASSED] - delay: Delayed 2 second(s)

2018-12-12 17:01:37 - [MESSAGE][PASSED] - Delayed 2 second(s)

2018-12-12 17:01:37 - [TEST_STEP][PASSED] - click: Object: 'Object Repository/Final Object Repo/Page_Update Add New Employee - ASSIST/Socso Employment StartDate Year' is clicked on

2018-12-12 17:01:37 - [MESSAGE][PASSED] - Object: 'Object Repository/Final Object Repo/Page_Update Add New Employee - ASSIST/Socso Employment StartDate Year' is clicked on

2018-12-12 17:01:37 - [TEST_STEP][PASSED] - delay: Delayed 1 second(s)

2018-12-12 17:01:38 - [MESSAGE][PASSED] - Delayed 1 second(s)

2018-12-12 17:01:38 - [TEST_STEP][PASSED] - click: Object: 'Object Repository/Final Object Repo/Page_Update Add New Employee - ASSIST/Select Socso Employment Startdate Year' is clicked on

2018-12-12 17:01:38 - [MESSAGE][PASSED] - Object: 'Object Repository/Final Object Repo/Page_Update Add New Employee - ASSIST/Select Socso Employment Startdate Year' is clicked on

2018-12-12 17:01:38 - [TEST_STEP][PASSED] - delay: Delayed 2 second(s)

2018-12-12 17:01:40 - [MESSAGE][PASSED] - Delayed 2 second(s)

2018-12-12 17:01:40 - [TEST_STEP][PASSED] - click: Object: 'Object Repository/Final Object Repo/Page_Update Add New Employee - ASSIST/Socso Employment Start Date Day' is clicked on

2018-12-12 17:01:40 - [MESSAGE][PASSED] - Object: 'Object Repository/Final Object Repo/Page_Update Add New Employee - ASSIST/Socso Employment Start Date Day' is clicked on

2018-12-12 17:01:40 - [TEST_STEP][PASSED] - delay: Delayed 2 second(s)

2018-12-12 17:01:42 - [MESSAGE][PASSED] - Delayed 2 second(s)

2018-12-12 17:01:42 - [TEST_STEP][PASSED] - click: Object: 'Object Repository/Final Object Repo/Page_Update Add New Employee - ASSIST/Save Button for Add Employee' is clicked on

2018-12-12 17:01:43 - [MESSAGE][PASSED] - Object: 'Object Repository/Final Object Repo/Page_Update Add New Employee - ASSIST/Save Button for Add Employee' is clicked on

2018-12-12 17:01:43 - [TEST_STEP][PASSED] - delay: Delayed 20 second(s)

2018-12-12 17:02:03 - [MESSAGE][PASSED] - Delayed 20 second(s)

2018-12-12 17:02:03 - [TEST_STEP][PASSED] - click: Object: 'Object Repository/Final Object Repo/Page_Update Add New Employee - ASSIST/Add Employee Button' is clicked on

2018-12-12 17:02:03 - [MESSAGE][PASSED] - Object: 'Object Repository/Final Object Repo/Page_Update Add New Employee - ASSIST/Add Employee Button' is clicked on

2018-12-12 17:02:03 - [TEST_STEP][PASSED] - delay: Delayed 4 second(s)

2018-12-12 17:02:07 - [MESSAGE][PASSED] - Delayed 4 second(s)

2018-12-12 17:02:07 - [TEST_STEP][PASSED] - Statement - While (com.kms.katalon.core.webui.keyword.WebUiBuiltInKeywords.verifyElementNotVisible(com.kms.katalon.core.testobject.ObjectRepository.findTestObject(Final Object Repo/Page_Update Add New Employee - ASSIST/No Duplicate Employee Cross), OPTIONAL)): Object 'Object Repository/Final Object Repo/Page_Update Add New Employee - ASSIST/No Duplicate Employee Cross' is visible

2018-12-12 17:02:07 - [MESSAGE][PASSED] - Object 'Object Repository/Final Object Repo/Page_Update Add New Employee - ASSIST/No Duplicate Employee Cross' is NOT visible

2018-12-12 17:02:07 - [TEST_STEP][PASSED] - callTestCase: Call Test Case 'Test Cases/Final Aug 2018 - PKS Automation/Common/IC Generator' successfully

2018-12-12 17:02:07 - [TEST_CASE][PASSED] - Test Cases/Final Aug 2018 - PKS Automation/Common/IC Generator: Test Cases/Final Aug 2018 - PKS Automation/Common/IC Generator

2018-12-12 17:02:07 - [TEST_STEP][PASSED] - Statement - rnd = new java.util.Random(): null

2018-12-12 17:02:07 - [TEST_STEP][PASSED] - Statement - snum = rnd.nextInt(899999 + 1) + 100000: null

2018-12-12 17:02:07 - [TEST_STEP][PASSED] - Statement - tnum = rnd.nextInt(899999 + 1) + 100000: null

2018-12-12 17:02:07 - [TEST_STEP][PASSED] - Statement - IC = java.lang.Integer.toString(snum) + java.lang.Integer.toString(tnum): null

2018-12-12 17:02:07 - [TEST_STEP][PASSED] - Statement - ICtoAdd = IC: null

2018-12-12 17:02:07 - [TEST_STEP][PASSED] - Statement - out.println(ICtoAdd): null

2018-12-12 17:02:07 - [MESSAGE][PASSED] - Call Test Case 'Test Cases/Final Aug 2018 - PKS Automation/Common/IC Generator' successfully

2018-12-12 17:02:07 - [TEST_STEP][PASSED] - delay: Delayed 1 second(s)

2018-12-12 17:02:08 - [MESSAGE][PASSED] - Delayed 1 second(s)

2018-12-12 17:02:08 - [TEST_STEP][PASSED] - setText: Text '193734369478' is set on object 'Object Repository/Final Object Repo/Page_Update Add New Employee - ASSIST/NRIC Input'

2018-12-12 17:02:08 - [MESSAGE][PASSED] - Text '193734369478' is set on object 'Object Repository/Final Object Repo/Page_Update Add New Employee - ASSIST/NRIC Input'

2018-12-12 17:02:08 - [TEST_STEP][PASSED] - delay: Delayed 2 second(s)

2018-12-12 17:02:10 - [MESSAGE][PASSED] - Delayed 2 second(s)

2018-12-12 17:02:10 - [TEST_STEP][PASSED] - click: Object: 'Object Repository/Final Object Repo/Page_Update Add New Employee - ASSIST/button for search for IC' is clicked on

2018-12-12 17:02:10 - [MESSAGE][PASSED] - Object: 'Object Repository/Final Object Repo/Page_Update Add New Employee - ASSIST/button for search for IC' is clicked on

2018-12-12 17:02:10 - [TEST_STEP][PASSED] - delay: Object 'Object Repository/Final Object Repo/Page_Update Add New Employee - ASSIST/No Duplicate Employee Cross' is visible

2018-12-12 17:02:11 - [MESSAGE][PASSED] - Delayed 1 second(s)

2018-12-12 17:02:12 - [MESSAGE][WARNING] - Object 'Object Repository/Final Object Repo/Page_Update Add New Employee - ASSIST/No Duplicate Employee Cross' is visible
[[ATTACHMENT|C:\\Users\\Admin\\Desktop\\PKS\\Perkeso Phase A\\Reports\\Critical Path\\20181212_150048\\1544605332018.png]]

2018-12-12 17:02:12 - [TEST_STEP][PASSED] - delay: Delayed 2 second(s)

2018-12-12 17:02:14 - [MESSAGE][PASSED] - Delayed 2 second(s)

2018-12-12 17:02:14 - [TEST_STEP][PASSED] - setText: Text 'Automate002 eligible 2' is set on object 'Object Repository/Final Object Repo/Page_Update Add New Employee - ASSIST/Employee Name Input'

2018-12-12 17:02:14 - [MESSAGE][PASSED] - Text 'Automate002 eligible 2' is set on object 'Object Repository/Final Object Repo/Page_Update Add New Employee - ASSIST/Employee Name Input'

2018-12-12 17:02:14 - [TEST_STEP][PASSED] - delay: Delayed 3 second(s)

2018-12-12 17:02:17 - [MESSAGE][PASSED] - Delayed 3 second(s)

2018-12-12 17:02:17 - [TEST_STEP][PASSED] - click: Object: 'Object Repository/Final Object Repo/Page_Update Add New Employee - ASSIST/DatePicker Pop Up' is clicked on

2018-12-12 17:02:18 - [MESSAGE][PASSED] - Object: 'Object Repository/Final Object Repo/Page_Update Add New Employee - ASSIST/DatePicker Pop Up' is clicked on

2018-12-12 17:02:18 - [TEST_STEP][PASSED] - delay: Delayed 2 second(s)

2018-12-12 17:02:20 - [MESSAGE][PASSED] - Delayed 2 second(s)

2018-12-12 17:02:20 - [TEST_STEP][PASSED] - click: Object: 'Object Repository/Final Object Repo/Page_Update Add New Employee - ASSIST/DOB Month' is clicked on

2018-12-12 17:02:20 - [MESSAGE][PASSED] - Object: 'Object Repository/Final Object Repo/Page_Update Add New Employee - ASSIST/DOB Month' is clicked on

2018-12-12 17:02:20 - [TEST_STEP][PASSED] - Statement - selectMonth = com.kms.katalon.core.webui.keyword.WebUiBuiltInKeywords.modifyObjectProperty(selectMonth, "xpath", "equals", "//body/div/div/div/select/option[@value="" + CurrentMonth + ""]", true): Modify property of object successfully

2018-12-12 17:02:20 - [MESSAGE][PASSED] - Modify property of object successfully

2018-12-12 17:02:20 - [TEST_STEP][PASSED] - click: Object: '' is clicked on

2018-12-12 17:02:20 - [MESSAGE][PASSED] - Object: '' is clicked on

2018-12-12 17:02:20 - [TEST_STEP][PASSED] - delay: Delayed 2 second(s)

2018-12-12 17:02:22 - [MESSAGE][PASSED] - Delayed 2 second(s)

2018-12-12 17:02:22 - [TEST_STEP][PASSED] - click: Object: 'Object Repository/Final Object Repo/Page_Update Add New Employee - ASSIST/DOB Year' is clicked on

2018-12-12 17:02:22 - [MESSAGE][PASSED] - Object: 'Object Repository/Final Object Repo/Page_Update Add New Employee - ASSIST/DOB Year' is clicked on

2018-12-12 17:02:22 - [TEST_STEP][PASSED] - Statement - selectYear = com.kms.katalon.core.webui.keyword.WebUiBuiltInKeywords.modifyObjectProperty(selectYear, "xpath", "equals", "//div/div/div/select/option[@value="" + FiftysevenYrsBefore + ""]", true): Modify property of object successfully

2018-12-12 17:02:22 - [MESSAGE][PASSED] - Modify property of object successfully

2018-12-12 17:02:22 - [TEST_STEP][PASSED] - click: Object: '' is clicked on

2018-12-12 17:02:22 - [MESSAGE][PASSED] - Object: '' is clicked on

2018-12-12 17:02:22 - [TEST_STEP][PASSED] - delay: Delayed 2 second(s)

2018-12-12 17:02:24 - [MESSAGE][PASSED] - Delayed 2 second(s)

2018-12-12 17:02:24 - [TEST_STEP][PASSED] - Statement - UpdatedSelectDate = com.kms.katalon.core.webui.keyword.WebUiBuiltInKeywords.modifyObjectProperty(com.kms.katalon.core.testobject.ObjectRepository.findTestObject(Final Object Repo/Page_Update Add New Employee - ASSIST/DOB Date), "xpath", "equals", "//body/div/table/tbody/tr/td/a[text()="" + OneDayBefore + ""]", true): Modify property of object successfully

2018-12-12 17:02:24 - [MESSAGE][PASSED] - Modify property of object successfully

2018-12-12 17:02:24 - [TEST_STEP][PASSED] - click: Object: 'Object Repository/Final Object Repo/Page_Update Add New Employee - ASSIST/DOB Date' is clicked on

2018-12-12 17:02:24 - [MESSAGE][PASSED] - Object: 'Object Repository/Final Object Repo/Page_Update Add New Employee - ASSIST/DOB Date' is clicked on

2018-12-12 17:02:24 - [TEST_STEP][PASSED] - delay: Delayed 2 second(s)

2018-12-12 17:02:26 - [MESSAGE][PASSED] - Delayed 2 second(s)

2018-12-12 17:02:26 - [TEST_STEP][PASSED] - click: Object: 'Object Repository/Final Object Repo/Page_Update Add New Employee - ASSIST/EmploymentStartDate Pop Up' is clicked on

2018-12-12 17:02:27 - [MESSAGE][PASSED] - Object: 'Object Repository/Final Object Repo/Page_Update Add New Employee - ASSIST/EmploymentStartDate Pop Up' is clicked on

2018-12-12 17:02:27 - [TEST_STEP][PASSED] - delay: Delayed 2 second(s)

2018-12-12 17:02:29 - [MESSAGE][PASSED] - Delayed 2 second(s)

2018-12-12 17:02:29 - [TEST_STEP][PASSED] - click: Object: 'Object Repository/Final Object Repo/Page_Update Add New Employee - ASSIST/Socso Employment StartDate Month' is clicked on

2018-12-12 17:02:29 - [MESSAGE][PASSED] - Object: 'Object Repository/Final Object Repo/Page_Update Add New Employee - ASSIST/Socso Employment StartDate Month' is clicked on

2018-12-12 17:02:29 - [TEST_STEP][PASSED] - delay: Delayed 1 second(s)

2018-12-12 17:02:30 - [MESSAGE][PASSED] - Delayed 1 second(s)

2018-12-12 17:02:30 - [TEST_STEP][PASSED] - click: Object: 'Object Repository/Final Object Repo/Page_Update Add New Employee - ASSIST/Select Socso Employement Startdate Month' is clicked on

2018-12-12 17:02:30 - [MESSAGE][PASSED] - Object: 'Object Repository/Final Object Repo/Page_Update Add New Employee - ASSIST/Select Socso Employement Startdate Month' is clicked on

2018-12-12 17:02:30 - [TEST_STEP][PASSED] - delay: Delayed 2 second(s)

2018-12-12 17:02:32 - [MESSAGE][PASSED] - Delayed 2 second(s)

2018-12-12 17:02:32 - [TEST_STEP][PASSED] - click: Object: 'Object Repository/Final Object Repo/Page_Update Add New Employee - ASSIST/Socso Employment StartDate Year' is clicked on

2018-12-12 17:02:32 - [MESSAGE][PASSED] - Object: 'Object Repository/Final Object Repo/Page_Update Add New Employee - ASSIST/Socso Employment StartDate Year' is clicked on

2018-12-12 17:02:32 - [TEST_STEP][PASSED] - delay: Delayed 1 second(s)

2018-12-12 17:02:33 - [MESSAGE][PASSED] - Delayed 1 second(s)

2018-12-12 17:02:33 - [TEST_STEP][PASSED] - click: Object: 'Object Repository/Final Object Repo/Page_Update Add New Employee - ASSIST/Select Socso Employment Startdate Year' is clicked on

2018-12-12 17:02:33 - [MESSAGE][PASSED] - Object: 'Object Repository/Final Object Repo/Page_Update Add New Employee - ASSIST/Select Socso Employment Startdate Year' is clicked on

2018-12-12 17:02:33 - [TEST_STEP][PASSED] - delay: Delayed 2 second(s)

2018-12-12 17:02:35 - [MESSAGE][PASSED] - Delayed 2 second(s)

2018-12-12 17:02:35 - [TEST_STEP][PASSED] - click: Object: 'Object Repository/Final Object Repo/Page_Update Add New Employee - ASSIST/Socso Employment Start Date Day' is clicked on

2018-12-12 17:02:35 - [MESSAGE][PASSED] - Object: 'Object Repository/Final Object Repo/Page_Update Add New Employee - ASSIST/Socso Employment Start Date Day' is clicked on

2018-12-12 17:02:35 - [TEST_STEP][PASSED] - delay: Delayed 2 second(s)

2018-12-12 17:02:37 - [MESSAGE][PASSED] - Delayed 2 second(s)

2018-12-12 17:02:37 - [TEST_STEP][PASSED] - click: Object: 'Object Repository/Final Object Repo/Page_Update Add New Employee - ASSIST/Save Button for Add Employee' is clicked on

2018-12-12 17:02:38 - [MESSAGE][PASSED] - Object: 'Object Repository/Final Object Repo/Page_Update Add New Employee - ASSIST/Save Button for Add Employee' is clicked on

2018-12-12 17:02:38 - [TEST_STEP][PASSED] - delay: Delayed 20 second(s)

2018-12-12 17:02:58 - [MESSAGE][PASSED] - Delayed 20 second(s)

2018-12-12 17:02:58 - [TEST_STEP][PASSED] - waitForElementClickable: Object 'Object Repository/Final Object Repo/Page_Update Add New Employee - ASSIST/Add Employee Button' is clickable

2018-12-12 17:02:58 - [MESSAGE][PASSED] - Object 'Object Repository/Final Object Repo/Page_Update Add New Employee - ASSIST/Add Employee Button' is clickable

2018-12-12 17:02:58 - [TEST_STEP][PASSED] - click: Object: 'Object Repository/Final Object Repo/Page_Update Add New Employee - ASSIST/Add Employee Button' is clicked on

2018-12-12 17:02:58 - [MESSAGE][PASSED] - Object: 'Object Repository/Final Object Repo/Page_Update Add New Employee - ASSIST/Add Employee Button' is clicked on

2018-12-12 17:02:58 - [TEST_STEP][PASSED] - delay: Delayed 4 second(s)

2018-12-12 17:03:02 - [MESSAGE][PASSED] - Delayed 4 second(s)

2018-12-12 17:03:02 - [TEST_STEP][PASSED] - Statement - While (com.kms.katalon.core.webui.keyword.WebUiBuiltInKeywords.verifyElementNotVisible(com.kms.katalon.core.testobject.ObjectRepository.findTestObject(Final Object Repo/Page_Update Add New Employee - ASSIST/No Duplicate Employee Cross), OPTIONAL)): Object 'Object Repository/Final Object Repo/Page_Update Add New Employee - ASSIST/No Duplicate Employee Cross' is visible

2018-12-12 17:03:02 - [MESSAGE][PASSED] - Object 'Object Repository/Final Object Repo/Page_Update Add New Employee - ASSIST/No Duplicate Employee Cross' is NOT visible

2018-12-12 17:03:02 - [TEST_STEP][PASSED] - callTestCase: Call Test Case 'Test Cases/Final Aug 2018 - PKS Automation/Common/IC Generator' successfully

2018-12-12 17:03:02 - [TEST_CASE][PASSED] - Test Cases/Final Aug 2018 - PKS Automation/Common/IC Generator: Test Cases/Final Aug 2018 - PKS Automation/Common/IC Generator

2018-12-12 17:03:02 - [TEST_STEP][PASSED] - Statement - rnd = new java.util.Random(): null

2018-12-12 17:03:02 - [TEST_STEP][PASSED] - Statement - snum = rnd.nextInt(899999 + 1) + 100000: null

2018-12-12 17:03:02 - [TEST_STEP][PASSED] - Statement - tnum = rnd.nextInt(899999 + 1) + 100000: null

2018-12-12 17:03:02 - [TEST_STEP][PASSED] - Statement - IC = java.lang.Integer.toString(snum) + java.lang.Integer.toString(tnum): null

2018-12-12 17:03:02 - [TEST_STEP][PASSED] - Statement - ICtoAdd = IC: null

2018-12-12 17:03:02 - [TEST_STEP][PASSED] - Statement - out.println(ICtoAdd): null

2018-12-12 17:03:02 - [MESSAGE][PASSED] - Call Test Case 'Test Cases/Final Aug 2018 - PKS Automation/Common/IC Generator' successfully

2018-12-12 17:03:02 - [TEST_STEP][PASSED] - delay: Delayed 1 second(s)

2018-12-12 17:03:03 - [MESSAGE][PASSED] - Delayed 1 second(s)

2018-12-12 17:03:03 - [TEST_STEP][PASSED] - setText: Text '656618280830' is set on object 'Object Repository/Final Object Repo/Page_Update Add New Employee - ASSIST/NRIC Input'

2018-12-12 17:03:03 - [MESSAGE][PASSED] - Text '656618280830' is set on object 'Object Repository/Final Object Repo/Page_Update Add New Employee - ASSIST/NRIC Input'

2018-12-12 17:03:03 - [TEST_STEP][PASSED] - delay: Delayed 2 second(s)

2018-12-12 17:03:05 - [MESSAGE][PASSED] - Delayed 2 second(s)

2018-12-12 17:03:05 - [TEST_STEP][PASSED] - click: Object: 'Object Repository/Final Object Repo/Page_Update Add New Employee - ASSIST/button for search for IC' is clicked on

2018-12-12 17:03:06 - [MESSAGE][PASSED] - Object: 'Object Repository/Final Object Repo/Page_Update Add New Employee - ASSIST/button for search for IC' is clicked on

2018-12-12 17:03:06 - [TEST_STEP][PASSED] - delay: Object 'Object Repository/Final Object Repo/Page_Update Add New Employee - ASSIST/No Duplicate Employee Cross' is visible

2018-12-12 17:03:07 - [MESSAGE][PASSED] - Delayed 1 second(s)

2018-12-12 17:03:07 - [MESSAGE][WARNING] - Object 'Object Repository/Final Object Repo/Page_Update Add New Employee - ASSIST/No Duplicate Employee Cross' is visible
[[ATTACHMENT|C:\\Users\\Admin\\Desktop\\PKS\\Perkeso Phase A\\Reports\\Critical Path\\20181212_150048\\1544605387192.png]]

2018-12-12 17:03:07 - [TEST_STEP][PASSED] - delay: Delayed 2 second(s)

2018-12-12 17:03:09 - [MESSAGE][PASSED] - Delayed 2 second(s)

2018-12-12 17:03:09 - [TEST_STEP][PASSED] - setText: Text 'Automate002 not eligible 1' is set on object 'Object Repository/Final Object Repo/Page_Update Add New Employee - ASSIST/Employee Name Input'

2018-12-12 17:03:10 - [MESSAGE][PASSED] - Text 'Automate002 not eligible 1' is set on object 'Object Repository/Final Object Repo/Page_Update Add New Employee - ASSIST/Employee Name Input'

2018-12-12 17:03:10 - [TEST_STEP][PASSED] - delay: Delayed 2 second(s)

2018-12-12 17:03:12 - [MESSAGE][PASSED] - Delayed 2 second(s)

2018-12-12 17:03:12 - [TEST_STEP][PASSED] - click: Object: 'Object Repository/Final Object Repo/Page_Update Add New Employee - ASSIST/DatePicker Pop Up' is clicked on

2018-12-12 17:03:12 - [MESSAGE][PASSED] - Object: 'Object Repository/Final Object Repo/Page_Update Add New Employee - ASSIST/DatePicker Pop Up' is clicked on

2018-12-12 17:03:12 - [TEST_STEP][PASSED] - delay: Delayed 2 second(s)

2018-12-12 17:03:14 - [MESSAGE][PASSED] - Delayed 2 second(s)

2018-12-12 17:03:14 - [TEST_STEP][PASSED] - click: Object: 'Object Repository/Final Object Repo/Page_Update Add New Employee - ASSIST/DOB Month' is clicked on

2018-12-12 17:03:14 - [MESSAGE][PASSED] - Object: 'Object Repository/Final Object Repo/Page_Update Add New Employee - ASSIST/DOB Month' is clicked on

2018-12-12 17:03:14 - [TEST_STEP][PASSED] - Statement - selectMonth = com.kms.katalon.core.webui.keyword.WebUiBuiltInKeywords.modifyObjectProperty(selectMonth, "xpath", "equals", "//body/div/div/div/select/option[@value="" + CurrentMonth + ""]", true): Modify property of object successfully

2018-12-12 17:03:14 - [MESSAGE][PASSED] - Modify property of object successfully

2018-12-12 17:03:14 - [TEST_STEP][PASSED] - click: Object: '' is clicked on

2018-12-12 17:03:14 - [MESSAGE][PASSED] - Object: '' is clicked on

2018-12-12 17:03:14 - [TEST_STEP][PASSED] - delay: Delayed 2 second(s)

2018-12-12 17:03:16 - [MESSAGE][PASSED] - Delayed 2 second(s)

2018-12-12 17:03:16 - [TEST_STEP][PASSED] - click: Object: 'Object Repository/Final Object Repo/Page_Update Add New Employee - ASSIST/DOB Year' is clicked on

2018-12-12 17:03:16 - [MESSAGE][PASSED] - Object: 'Object Repository/Final Object Repo/Page_Update Add New Employee - ASSIST/DOB Year' is clicked on

2018-12-12 17:03:16 - [TEST_STEP][PASSED] - Statement - selectYear = com.kms.katalon.core.webui.keyword.WebUiBuiltInKeywords.modifyObjectProperty(selectYear, "xpath", "equals", "//div/div/div/select/option[@value="" + EighteenYrsBefore + ""]", true): Modify property of object successfully

2018-12-12 17:03:16 - [MESSAGE][PASSED] - Modify property of object successfully

2018-12-12 17:03:16 - [TEST_STEP][PASSED] - click: Object: '' is clicked on

2018-12-12 17:03:16 - [MESSAGE][PASSED] - Object: '' is clicked on

2018-12-12 17:03:16 - [TEST_STEP][PASSED] - delay: Delayed 2 second(s)

2018-12-12 17:03:18 - [MESSAGE][PASSED] - Delayed 2 second(s)

2018-12-12 17:03:18 - [TEST_STEP][PASSED] - Statement - UpdatedSelectDate = com.kms.katalon.core.webui.keyword.WebUiBuiltInKeywords.modifyObjectProperty(com.kms.katalon.core.testobject.ObjectRepository.findTestObject(Final Object Repo/Page_Update Add New Employee - ASSIST/DOB Date), "xpath", "equals", "//body/div/table/tbody/tr/td/a[text()="" + OneDayBefore + ""]", true): Modify property of object successfully

2018-12-12 17:03:18 - [MESSAGE][PASSED] - Modify property of object successfully

2018-12-12 17:03:18 - [TEST_STEP][PASSED] - click: Object: 'Object Repository/Final Object Repo/Page_Update Add New Employee - ASSIST/DOB Date' is clicked on

2018-12-12 17:03:19 - [MESSAGE][PASSED] - Object: 'Object Repository/Final Object Repo/Page_Update Add New Employee - ASSIST/DOB Date' is clicked on

2018-12-12 17:03:19 - [TEST_STEP][PASSED] - delay: Delayed 2 second(s)

2018-12-12 17:03:21 - [MESSAGE][PASSED] - Delayed 2 second(s)

2018-12-12 17:03:21 - [TEST_STEP][PASSED] - click: Object: 'Object Repository/Final Object Repo/Page_Update Add New Employee - ASSIST/EmploymentStartDate Pop Up' is clicked on

2018-12-12 17:03:21 - [MESSAGE][PASSED] - Object: 'Object Repository/Final Object Repo/Page_Update Add New Employee - ASSIST/EmploymentStartDate Pop Up' is clicked on

2018-12-12 17:03:21 - [TEST_STEP][PASSED] - delay: Delayed 2 second(s)

2018-12-12 17:03:23 - [MESSAGE][PASSED] - Delayed 2 second(s)

2018-12-12 17:03:23 - [TEST_STEP][PASSED] - click: Object: 'Object Repository/Final Object Repo/Page_Update Add New Employee - ASSIST/Socso Employment StartDate Month' is clicked on

2018-12-12 17:03:23 - [MESSAGE][PASSED] - Object: 'Object Repository/Final Object Repo/Page_Update Add New Employee - ASSIST/Socso Employment StartDate Month' is clicked on

2018-12-12 17:03:23 - [TEST_STEP][PASSED] - delay: Delayed 1 second(s)

2018-12-12 17:03:24 - [MESSAGE][PASSED] - Delayed 1 second(s)

2018-12-12 17:03:24 - [TEST_STEP][PASSED] - click: Object: 'Object Repository/Final Object Repo/Page_Update Add New Employee - ASSIST/Select Socso Employement Startdate Month' is clicked on

2018-12-12 17:03:24 - [MESSAGE][PASSED] - Object: 'Object Repository/Final Object Repo/Page_Update Add New Employee - ASSIST/Select Socso Employement Startdate Month' is clicked on

2018-12-12 17:03:24 - [TEST_STEP][PASSED] - delay: Delayed 2 second(s)

2018-12-12 17:03:26 - [MESSAGE][PASSED] - Delayed 2 second(s)

2018-12-12 17:03:26 - [TEST_STEP][PASSED] - click: Object: 'Object Repository/Final Object Repo/Page_Update Add New Employee - ASSIST/Socso Employment StartDate Year' is clicked on

2018-12-12 17:03:26 - [MESSAGE][PASSED] - Object: 'Object Repository/Final Object Repo/Page_Update Add New Employee - ASSIST/Socso Employment StartDate Year' is clicked on

2018-12-12 17:03:26 - [TEST_STEP][PASSED] - delay: Delayed 1 second(s)

2018-12-12 17:03:27 - [MESSAGE][PASSED] - Delayed 1 second(s)

2018-12-12 17:03:27 - [TEST_STEP][PASSED] - click: Object: 'Object Repository/Final Object Repo/Page_Update Add New Employee - ASSIST/Select Socso Employment Startdate Year' is clicked on

2018-12-12 17:03:28 - [MESSAGE][PASSED] - Object: 'Object Repository/Final Object Repo/Page_Update Add New Employee - ASSIST/Select Socso Employment Startdate Year' is clicked on

2018-12-12 17:03:28 - [TEST_STEP][PASSED] - delay: Delayed 2 second(s)

2018-12-12 17:03:30 - [MESSAGE][PASSED] - Delayed 2 second(s)

2018-12-12 17:03:30 - [TEST_STEP][PASSED] - click: Object: 'Object Repository/Final Object Repo/Page_Update Add New Employee - ASSIST/Socso Employment Start Date Day' is clicked on

2018-12-12 17:03:30 - [MESSAGE][PASSED] - Object: 'Object Repository/Final Object Repo/Page_Update Add New Employee - ASSIST/Socso Employment Start Date Day' is clicked on

2018-12-12 17:03:30 - [TEST_STEP][PASSED] - delay: Delayed 2 second(s)

2018-12-12 17:03:32 - [MESSAGE][PASSED] - Delayed 2 second(s)

2018-12-12 17:03:32 - [TEST_STEP][PASSED] - click: Object: 'Object Repository/Final Object Repo/Page_Update Add New Employee - ASSIST/Save Button for Add Employee' is clicked on

2018-12-12 17:03:32 - [MESSAGE][PASSED] - Object: 'Object Repository/Final Object Repo/Page_Update Add New Employee - ASSIST/Save Button for Add Employee' is clicked on

2018-12-12 17:03:32 - [TEST_STEP][PASSED] - delay: Delayed 20 second(s)

2018-12-12 17:03:52 - [MESSAGE][PASSED] - Delayed 20 second(s)

2018-12-12 17:03:52 - [TEST_STEP][PASSED] - click: Object: 'Object Repository/Final Object Repo/Page_Update Add New Employee - ASSIST/Add Employee Button' is clicked on

2018-12-12 17:03:52 - [MESSAGE][PASSED] - Object: 'Object Repository/Final Object Repo/Page_Update Add New Employee - ASSIST/Add Employee Button' is clicked on

2018-12-12 17:03:52 - [TEST_STEP][PASSED] - delay: Delayed 4 second(s)

2018-12-12 17:03:56 - [MESSAGE][PASSED] - Delayed 4 second(s)

2018-12-12 17:03:56 - [TEST_STEP][PASSED] - Statement - While (com.kms.katalon.core.webui.keyword.WebUiBuiltInKeywords.verifyElementNotVisible(com.kms.katalon.core.testobject.ObjectRepository.findTestObject(Final Object Repo/Page_Update Add New Employee - ASSIST/No Duplicate Employee Cross), OPTIONAL)): Object 'Object Repository/Final Object Repo/Page_Update Add New Employee - ASSIST/No Duplicate Employee Cross' is visible

2018-12-12 17:03:56 - [MESSAGE][PASSED] - Object 'Object Repository/Final Object Repo/Page_Update Add New Employee - ASSIST/No Duplicate Employee Cross' is NOT visible

2018-12-12 17:03:56 - [TEST_STEP][PASSED] - callTestCase: Call Test Case 'Test Cases/Final Aug 2018 - PKS Automation/Common/IC Generator' successfully

2018-12-12 17:03:56 - [TEST_CASE][PASSED] - Test Cases/Final Aug 2018 - PKS Automation/Common/IC Generator: Test Cases/Final Aug 2018 - PKS Automation/Common/IC Generator

2018-12-12 17:03:56 - [TEST_STEP][PASSED] - Statement - rnd = new java.util.Random(): null

2018-12-12 17:03:56 - [TEST_STEP][PASSED] - Statement - snum = rnd.nextInt(899999 + 1) + 100000: null

2018-12-12 17:03:56 - [TEST_STEP][PASSED] - Statement - tnum = rnd.nextInt(899999 + 1) + 100000: null

2018-12-12 17:03:56 - [TEST_STEP][PASSED] - Statement - IC = java.lang.Integer.toString(snum) + java.lang.Integer.toString(tnum): null

2018-12-12 17:03:56 - [TEST_STEP][PASSED] - Statement - ICtoAdd = IC: null

2018-12-12 17:03:56 - [TEST_STEP][PASSED] - Statement - out.println(ICtoAdd): null

2018-12-12 17:03:56 - [MESSAGE][PASSED] - Call Test Case 'Test Cases/Final Aug 2018 - PKS Automation/Common/IC Generator' successfully

2018-12-12 17:03:56 - [TEST_STEP][PASSED] - delay: Delayed 1 second(s)

2018-12-12 17:03:57 - [MESSAGE][PASSED] - Delayed 1 second(s)

2018-12-12 17:03:57 - [TEST_STEP][PASSED] - setText: Text '810565440782' is set on object 'Object Repository/Final Object Repo/Page_Update Add New Employee - ASSIST/NRIC Input'

2018-12-12 17:03:58 - [MESSAGE][PASSED] - Text '810565440782' is set on object 'Object Repository/Final Object Repo/Page_Update Add New Employee - ASSIST/NRIC Input'

2018-12-12 17:03:58 - [TEST_STEP][PASSED] - delay: Delayed 2 second(s)

2018-12-12 17:04:00 - [MESSAGE][PASSED] - Delayed 2 second(s)

2018-12-12 17:04:00 - [TEST_STEP][PASSED] - click: Object: 'Object Repository/Final Object Repo/Page_Update Add New Employee - ASSIST/button for search for IC' is clicked on

2018-12-12 17:04:00 - [MESSAGE][PASSED] - Object: 'Object Repository/Final Object Repo/Page_Update Add New Employee - ASSIST/button for search for IC' is clicked on

2018-12-12 17:04:00 - [TEST_STEP][PASSED] - delay: Object 'Object Repository/Final Object Repo/Page_Update Add New Employee - ASSIST/No Duplicate Employee Cross' is visible

2018-12-12 17:04:01 - [MESSAGE][PASSED] - Delayed 1 second(s)

2018-12-12 17:04:01 - [MESSAGE][WARNING] - Object 'Object Repository/Final Object Repo/Page_Update Add New Employee - ASSIST/No Duplicate Employee Cross' is visible
[[ATTACHMENT|C:\\Users\\Admin\\Desktop\\PKS\\Perkeso Phase A\\Reports\\Critical Path\\20181212_150048\\1544605441395.png]]

2018-12-12 17:04:01 - [TEST_STEP][PASSED] - delay: Delayed 2 second(s)

2018-12-12 17:04:03 - [MESSAGE][PASSED] - Delayed 2 second(s)

2018-12-12 17:04:03 - [TEST_STEP][PASSED] - setText: Text 'Automate002 not eligible 2' is set on object 'Object Repository/Final Object Repo/Page_Update Add New Employee - ASSIST/Employee Name Input'

2018-12-12 17:04:04 - [MESSAGE][PASSED] - Text 'Automate002 not eligible 2' is set on object 'Object Repository/Final Object Repo/Page_Update Add New Employee - ASSIST/Employee Name Input'

2018-12-12 17:04:04 - [TEST_STEP][PASSED] - delay: Delayed 2 second(s)

2018-12-12 17:04:06 - [MESSAGE][PASSED] - Delayed 2 second(s)

2018-12-12 17:04:06 - [TEST_STEP][PASSED] - click: Object: 'Object Repository/Final Object Repo/Page_Update Add New Employee - ASSIST/DatePicker Pop Up' is clicked on

2018-12-12 17:04:06 - [MESSAGE][PASSED] - Object: 'Object Repository/Final Object Repo/Page_Update Add New Employee - ASSIST/DatePicker Pop Up' is clicked on

2018-12-12 17:04:06 - [TEST_STEP][PASSED] - delay: Delayed 2 second(s)

2018-12-12 17:04:08 - [MESSAGE][PASSED] - Delayed 2 second(s)

2018-12-12 17:04:08 - [TEST_STEP][PASSED] - click: Object: 'Object Repository/Final Object Repo/Page_Update Add New Employee - ASSIST/DOB Month' is clicked on

2018-12-12 17:04:08 - [MESSAGE][PASSED] - Object: 'Object Repository/Final Object Repo/Page_Update Add New Employee - ASSIST/DOB Month' is clicked on

2018-12-12 17:04:08 - [TEST_STEP][PASSED] - Statement - selectMonth = com.kms.katalon.core.webui.keyword.WebUiBuiltInKeywords.modifyObjectProperty(selectMonth, "xpath", "equals", "//body/div/div/div/select/option[@value="" + CurrentMonth + ""]", true): Modify property of object successfully

2018-12-12 17:04:08 - [MESSAGE][PASSED] - Modify property of object successfully

2018-12-12 17:04:08 - [TEST_STEP][PASSED] - click: Object: '' is clicked on

2018-12-12 17:04:08 - [MESSAGE][PASSED] - Object: '' is clicked on

2018-12-12 17:04:08 - [TEST_STEP][PASSED] - delay: Delayed 2 second(s)

2018-12-12 17:04:10 - [MESSAGE][PASSED] - Delayed 2 second(s)

2018-12-12 17:04:10 - [TEST_STEP][PASSED] - click: Object: 'Object Repository/Final Object Repo/Page_Update Add New Employee - ASSIST/DOB Year' is clicked on

2018-12-12 17:04:11 - [MESSAGE][PASSED] - Object: 'Object Repository/Final Object Repo/Page_Update Add New Employee - ASSIST/DOB Year' is clicked on

2018-12-12 17:04:11 - [TEST_STEP][PASSED] - Statement - selectYear = com.kms.katalon.core.webui.keyword.WebUiBuiltInKeywords.modifyObjectProperty(selectYear, "xpath", "equals", "//div/div/div/select/option[@value="" + FiftysevenYrsBefore + ""]", true): Modify property of object successfully

2018-12-12 17:04:11 - [MESSAGE][PASSED] - Modify property of object successfully

2018-12-12 17:04:11 - [TEST_STEP][PASSED] - click: Object: '' is clicked on

2018-12-12 17:04:11 - [MESSAGE][PASSED] - Object: '' is clicked on

2018-12-12 17:04:11 - [TEST_STEP][PASSED] - delay: Delayed 2 second(s)

2018-12-12 17:04:13 - [MESSAGE][PASSED] - Delayed 2 second(s)

2018-12-12 17:04:13 - [TEST_STEP][PASSED] - Statement - UpdatedSelectDate = com.kms.katalon.core.webui.keyword.WebUiBuiltInKeywords.modifyObjectProperty(com.kms.katalon.core.testobject.ObjectRepository.findTestObject(Final Object Repo/Page_Update Add New Employee - ASSIST/DOB Date), "xpath", "equals", "//body/div/table/tbody/tr/td/a[text()="" + CurrentDate + ""]", true): Modify property of object successfully

2018-12-12 17:04:13 - [MESSAGE][PASSED] - Modify property of object successfully

2018-12-12 17:04:13 - [TEST_STEP][PASSED] - click: Object: 'Object Repository/Final Object Repo/Page_Update Add New Employee - ASSIST/DOB Date' is clicked on

2018-12-12 17:04:13 - [MESSAGE][PASSED] - Object: 'Object Repository/Final Object Repo/Page_Update Add New Employee - ASSIST/DOB Date' is clicked on

2018-12-12 17:04:13 - [TEST_STEP][PASSED] - click: Object: 'Object Repository/Final Object Repo/Page_Update Add New Employee - ASSIST/EmploymentStartDate Pop Up' is clicked on

2018-12-12 17:04:13 - [MESSAGE][PASSED] - Object: 'Object Repository/Final Object Repo/Page_Update Add New Employee - ASSIST/EmploymentStartDate Pop Up' is clicked on

2018-12-12 17:04:13 - [TEST_STEP][PASSED] - delay: Delayed 2 second(s)

2018-12-12 17:04:15 - [MESSAGE][PASSED] - Delayed 2 second(s)

2018-12-12 17:04:15 - [TEST_STEP][PASSED] - click: Object: 'Object Repository/Final Object Repo/Page_Update Add New Employee - ASSIST/Socso Employment StartDate Month' is clicked on

2018-12-12 17:04:15 - [MESSAGE][PASSED] - Object: 'Object Repository/Final Object Repo/Page_Update Add New Employee - ASSIST/Socso Employment StartDate Month' is clicked on

2018-12-12 17:04:15 - [TEST_STEP][PASSED] - delay: Delayed 1 second(s)

2018-12-12 17:04:16 - [MESSAGE][PASSED] - Delayed 1 second(s)

2018-12-12 17:04:16 - [TEST_STEP][PASSED] - click: Object: 'Object Repository/Final Object Repo/Page_Update Add New Employee - ASSIST/Select Socso Employement Startdate Month' is clicked on

2018-12-12 17:04:16 - [MESSAGE][PASSED] - Object: 'Object Repository/Final Object Repo/Page_Update Add New Employee - ASSIST/Select Socso Employement Startdate Month' is clicked on

2018-12-12 17:04:16 - [TEST_STEP][PASSED] - delay: Delayed 2 second(s)

2018-12-12 17:04:18 - [MESSAGE][PASSED] - Delayed 2 second(s)

2018-12-12 17:04:18 - [TEST_STEP][PASSED] - click: Object: 'Object Repository/Final Object Repo/Page_Update Add New Employee - ASSIST/Socso Employment StartDate Year' is clicked on

2018-12-12 17:04:19 - [MESSAGE][PASSED] - Object: 'Object Repository/Final Object Repo/Page_Update Add New Employee - ASSIST/Socso Employment StartDate Year' is clicked on

2018-12-12 17:04:19 - [TEST_STEP][PASSED] - delay: Delayed 1 second(s)

2018-12-12 17:04:20 - [MESSAGE][PASSED] - Delayed 1 second(s)

2018-12-12 17:04:20 - [TEST_STEP][PASSED] - click: Object: 'Object Repository/Final Object Repo/Page_Update Add New Employee - ASSIST/Select Socso Employment Startdate Year' is clicked on

2018-12-12 17:04:20 - [MESSAGE][PASSED] - Object: 'Object Repository/Final Object Repo/Page_Update Add New Employee - ASSIST/Select Socso Employment Startdate Year' is clicked on

2018-12-12 17:04:20 - [TEST_STEP][PASSED] - delay: Delayed 2 second(s)

2018-12-12 17:04:22 - [MESSAGE][PASSED] - Delayed 2 second(s)

2018-12-12 17:04:22 - [TEST_STEP][PASSED] - click: Object: 'Object Repository/Final Object Repo/Page_Update Add New Employee - ASSIST/Socso Employment Start Date Day' is clicked on

2018-12-12 17:04:22 - [MESSAGE][PASSED] - Object: 'Object Repository/Final Object Repo/Page_Update Add New Employee - ASSIST/Socso Employment Start Date Day' is clicked on

2018-12-12 17:04:22 - [TEST_STEP][PASSED] - delay: Delayed 2 second(s)

2018-12-12 17:04:24 - [MESSAGE][PASSED] - Delayed 2 second(s)

2018-12-12 17:04:24 - [TEST_STEP][PASSED] - click: Object: 'Object Repository/Final Object Repo/Page_Update Add New Employee - ASSIST/Save Button for Add Employee' is clicked on

2018-12-12 17:04:24 - [MESSAGE][PASSED] - Object: 'Object Repository/Final Object Repo/Page_Update Add New Employee - ASSIST/Save Button for Add Employee' is clicked on

2018-12-12 17:04:24 - [MESSAGE][PASSED] - Call Test Case 'Test Cases/Final Aug 2018 - PKS Automation/Registration Module/Workflow/Update Add New Employee/Template/Employee Adding/Employee Adding Action No Repeat IC' successfully

2018-12-12 17:04:24 - [TEST_STEP][PASSED] - delay: Delayed 4 second(s)

2018-12-12 17:04:28 - [MESSAGE][PASSED] - Delayed 4 second(s)

2018-12-12 17:04:28 - [TEST_STEP][PASSED] - Statement - CaseReferenceNo = com.kms.katalon.core.webui.keyword.WebUiBuiltInKeywords.getText(com.kms.katalon.core.testobject.ObjectRepository.findTestObject(Final Object Repo/Page_Update Add New Employee - ASSIST/RefNo)): Text of object 'Object Repository/Final Object Repo/Page_Update Add New Employee - ASSIST/RefNo' is: 'CAN12201800002312'

2018-12-12 17:04:28 - [MESSAGE][PASSED] - Text of object 'Object Repository/Final Object Repo/Page_Update Add New Employee - ASSIST/RefNo' is: 'CAN12201800002312'

2018-12-12 17:04:28 - [TEST_STEP][PASSED] - callTestCase: Call Test Case 'Test Cases/Final Aug 2018 - PKS Automation/Common/Reference Number Setter' successfully

2018-12-12 17:04:28 - [TEST_CASE][PASSED] - Test Cases/Final Aug 2018 - PKS Automation/Common/Reference Number Setter: Test Cases/Final Aug 2018 - PKS Automation/Common/Reference Number Setter

2018-12-12 17:04:28 - [TEST_STEP][PASSED] - Statement - RefNoOldFile = new java.io.File(C://Users//Admin//Desktop//PKS//Automation Reference Point//KatalonReference.txt): null

2018-12-12 17:04:28 - [TEST_STEP][PASSED] - Statement - RefNoOldFile.delete(): null

2018-12-12 17:04:28 - [TEST_STEP][PASSED] - delay: Delayed 5 second(s)

2018-12-12 17:04:33 - [MESSAGE][PASSED] - Delayed 5 second(s)

2018-12-12 17:04:33 - [TEST_STEP][PASSED] - Statement - RefNo = new java.io.File(C://Users//Admin//Desktop//PKS//Automation Reference Point//KatalonReference.txt): null

2018-12-12 17:04:33 - [TEST_STEP][PASSED] - Statement - f2 = new java.io.FileWriter(RefNo, false): null

2018-12-12 17:04:33 - [TEST_STEP][PASSED] - Statement - f2.write(CaseReferenceNo): null

2018-12-12 17:04:33 - [TEST_STEP][PASSED] - Statement - f2.close(): null

2018-12-12 17:04:33 - [TEST_STEP][PASSED] - Statement - out.println("


" + CaseReferenceNo + "


"): null

2018-12-12 17:04:33 - [MESSAGE][PASSED] - Call Test Case 'Test Cases/Final Aug 2018 - PKS Automation/Common/Reference Number Setter' successfully

2018-12-12 17:04:33 - [TEST_STEP][PASSED] - delay: Delayed 5 second(s)

2018-12-12 17:04:38 - [MESSAGE][PASSED] - Delayed 5 second(s)

2018-12-12 17:04:38 - [TEST_STEP][PASSED] - click: Object: 'Object Repository/Final Object Repo/Page_Update Add New Employee - ASSIST/Save  Continue Button' is clicked on

2018-12-12 17:04:38 - [MESSAGE][PASSED] - Object: 'Object Repository/Final Object Repo/Page_Update Add New Employee - ASSIST/Save  Continue Button' is clicked on

2018-12-12 17:04:38 - [TEST_STEP][PASSED] - delay: Delayed 4 second(s)

2018-12-12 17:04:42 - [MESSAGE][PASSED] - Delayed 4 second(s)

2018-12-12 17:04:42 - [TEST_STEP][PASSED] - click: Object: 'Object Repository/Final Object Repo/Page_Update Add New Employee - ASSIST/Save  Continue Third Screen' is clicked on

2018-12-12 17:04:45 - [MESSAGE][PASSED] - Object: 'Object Repository/Final Object Repo/Page_Update Add New Employee - ASSIST/Save  Continue Third Screen' is clicked on

2018-12-12 17:04:45 - [TEST_STEP][PASSED] - delay: Delayed 10 second(s)

2018-12-12 17:04:55 - [MESSAGE][PASSED] - Delayed 10 second(s)

2018-12-12 17:04:55 - [TEST_STEP][PASSED] - click: Object: 'Object Repository/Final Object Repo/Page_Update Add New Employee - ASSIST/Save   Continue Supporting Doc Page' is clicked on

2018-12-12 17:04:56 - [MESSAGE][PASSED] - Object: 'Object Repository/Final Object Repo/Page_Update Add New Employee - ASSIST/Save   Continue Supporting Doc Page' is clicked on

2018-12-12 17:04:56 - [TEST_STEP][PASSED] - delay: Delayed 4 second(s)

2018-12-12 17:05:00 - [MESSAGE][PASSED] - Delayed 4 second(s)

2018-12-12 17:05:00 - [TEST_STEP][PASSED] - click: Object: 'Object Repository/Final Object Repo/Page_Update Add New Employee - ASSIST/Submit Button' is clicked on

2018-12-12 17:05:00 - [MESSAGE][PASSED] - Object: 'Object Repository/Final Object Repo/Page_Update Add New Employee - ASSIST/Submit Button' is clicked on

2018-12-12 17:05:00 - [TEST_STEP][PASSED] - delay: Delayed 4 second(s)

2018-12-12 17:05:04 - [MESSAGE][PASSED] - Delayed 4 second(s)

2018-12-12 17:05:04 - [TEST_STEP][PASSED] - click: Object: 'Object Repository/Final Object Repo/Page_Update Add New Employee - ASSIST/Confirm Submit Button' is clicked on

2018-12-12 17:05:04 - [MESSAGE][PASSED] - Object: 'Object Repository/Final Object Repo/Page_Update Add New Employee - ASSIST/Confirm Submit Button' is clicked on

2018-12-12 17:05:04 - [TEST_STEP][PASSED] - delay: Delayed 30 second(s)

2018-12-12 17:05:34 - [MESSAGE][PASSED] - Delayed 30 second(s)

2018-12-12 17:05:34 - [TEST_STEP][PASSED] - callTestCase: Call Test Case 'Test Cases/Final Aug 2018 - PKS Automation/Common/Screenshoting tool' successfully

2018-12-12 17:05:34 - [TEST_CASE][PASSED] - Test Cases/Final Aug 2018 - PKS Automation/Common/Screenshoting tool: Test Cases/Final Aug 2018 - PKS Automation/Common/Screenshoting tool

2018-12-12 17:05:35 - [TEST_STEP][PASSED] - delay: Delayed 15 second(s)

2018-12-12 17:05:50 - [MESSAGE][PASSED] - Delayed 15 second(s)

2018-12-12 17:05:50 - [TEST_STEP][PASSED] - Statement - driver = com.kms.katalon.core.webui.driver.DriverFactory.getWebDriver(): null

2018-12-12 17:05:50 - [TEST_STEP][PASSED] - Statement - driver.manage().timeouts().implicitlyWait(10, SECONDS): null

2018-12-12 17:05:50 - [TEST_STEP][PASSED] - Statement - PresavePath = KatalonScreenshots: null

2018-12-12 17:05:50 - [TEST_STEP][PASSED] - Statement - pathPrefix = "C:\Users\Public\Pictures\Sample Pictures\Katalon Screenshots\Automate Ending Screen": null

2018-12-12 17:05:50 - [TEST_STEP][PASSED] - Statement - finalPath = <not implemented yet for class: org.codehaus.groovy.ast.expr.EmptyExpression>: null

2018-12-12 17:05:50 - [TEST_STEP][PASSED] - Statement - scrFile = driver.getScreenshotAs(FILE): null

2018-12-12 17:05:50 - [TEST_STEP][PASSED] - Statement - PreSaveFile = new java.io.File(PresavePath): null

2018-12-12 17:05:50 - [TEST_STEP][PASSED] - Statement - counter = 0: null

2018-12-12 17:05:50 - [TEST_STEP][PASSED] - Statement - If (PreSaveFile.exists()): null

2018-12-12 17:05:50 - [TEST_STEP][PASSED] - Statement - While (PreSaveFile.exists()): null

2018-12-12 17:05:50 - [TEST_STEP][PASSED] - Statement - counter = counter + 1: null

2018-12-12 17:05:50 - [TEST_STEP][PASSED] - Statement - PreSaveFile = new java.io.File(((pathPrefix + java.lang.Integer.toString(counter)) + .png)): null

2018-12-12 17:05:50 - [TEST_STEP][PASSED] - Statement - counter = counter + 1: null

2018-12-12 17:05:50 - [TEST_STEP][PASSED] - Statement - PreSaveFile = new java.io.File(((pathPrefix + java.lang.Integer.toString(counter)) + .png)): null

2018-12-12 17:05:50 - [TEST_STEP][PASSED] - Statement - counter = counter + 1: null

2018-12-12 17:05:50 - [TEST_STEP][PASSED] - Statement - PreSaveFile = new java.io.File(((pathPrefix + java.lang.Integer.toString(counter)) + .png)): null

2018-12-12 17:05:50 - [TEST_STEP][PASSED] - Statement - counter = counter + 1: null

2018-12-12 17:05:50 - [TEST_STEP][PASSED] - Statement - PreSaveFile = new java.io.File(((pathPrefix + java.lang.Integer.toString(counter)) + .png)): null

2018-12-12 17:05:50 - [TEST_STEP][PASSED] - Statement - counter = counter + 1: null

2018-12-12 17:05:50 - [TEST_STEP][PASSED] - Statement - PreSaveFile = new java.io.File(((pathPrefix + java.lang.Integer.toString(counter)) + .png)): null

2018-12-12 17:05:50 - [TEST_STEP][PASSED] - Statement - counter = counter + 1: null

2018-12-12 17:05:50 - [TEST_STEP][PASSED] - Statement - PreSaveFile = new java.io.File(((pathPrefix + java.lang.Integer.toString(counter)) + .png)): null

2018-12-12 17:05:50 - [TEST_STEP][PASSED] - Statement - counter = counter + 1: null

2018-12-12 17:05:50 - [TEST_STEP][PASSED] - Statement - PreSaveFile = new java.io.File(((pathPrefix + java.lang.Integer.toString(counter)) + .png)): null

2018-12-12 17:05:50 - [TEST_STEP][PASSED] - Statement - counter = counter + 1: null

2018-12-12 17:05:50 - [TEST_STEP][PASSED] - Statement - PreSaveFile = new java.io.File(((pathPrefix + java.lang.Integer.toString(counter)) + .png)): null

2018-12-12 17:05:50 - [TEST_STEP][PASSED] - Statement - counter = counter + 1: null

2018-12-12 17:05:50 - [TEST_STEP][PASSED] - Statement - PreSaveFile = new java.io.File(((pathPrefix + java.lang.Integer.toString(counter)) + .png)): null

2018-12-12 17:05:50 - [TEST_STEP][PASSED] - Statement - counter = counter + 1: null

2018-12-12 17:05:50 - [TEST_STEP][PASSED] - Statement - PreSaveFile = new java.io.File(((pathPrefix + java.lang.Integer.toString(counter)) + .png)): null

2018-12-12 17:05:50 - [TEST_STEP][PASSED] - Statement - counter = counter + 1: null

2018-12-12 17:05:50 - [TEST_STEP][PASSED] - Statement - PreSaveFile = new java.io.File(((pathPrefix + java.lang.Integer.toString(counter)) + .png)): null

2018-12-12 17:05:50 - [TEST_STEP][PASSED] - Statement - counter = counter + 1: null

2018-12-12 17:05:50 - [TEST_STEP][PASSED] - Statement - PreSaveFile = new java.io.File(((pathPrefix + java.lang.Integer.toString(counter)) + .png)): null

2018-12-12 17:05:50 - [TEST_STEP][PASSED] - Statement - counter = counter + 1: null

2018-12-12 17:05:50 - [TEST_STEP][PASSED] - Statement - PreSaveFile = new java.io.File(((pathPrefix + java.lang.Integer.toString(counter)) + .png)): null

2018-12-12 17:05:50 - [TEST_STEP][PASSED] - Statement - counter = counter + 1: null

2018-12-12 17:05:50 - [TEST_STEP][PASSED] - Statement - PreSaveFile = new java.io.File(((pathPrefix + java.lang.Integer.toString(counter)) + .png)): null

2018-12-12 17:05:50 - [TEST_STEP][PASSED] - Statement - counter = counter + 1: null

2018-12-12 17:05:50 - [TEST_STEP][PASSED] - Statement - PreSaveFile = new java.io.File(((pathPrefix + java.lang.Integer.toString(counter)) + .png)): null

2018-12-12 17:05:50 - [TEST_STEP][PASSED] - Statement - counter = counter + 1: null

2018-12-12 17:05:50 - [TEST_STEP][PASSED] - Statement - PreSaveFile = new java.io.File(((pathPrefix + java.lang.Integer.toString(counter)) + .png)): null

2018-12-12 17:05:50 - [TEST_STEP][PASSED] - Statement - counter = counter + 1: null

2018-12-12 17:05:50 - [TEST_STEP][PASSED] - Statement - PreSaveFile = new java.io.File(((pathPrefix + java.lang.Integer.toString(counter)) + .png)): null

2018-12-12 17:05:50 - [TEST_STEP][PASSED] - Statement - counter = counter + 1: null

2018-12-12 17:05:50 - [TEST_STEP][PASSED] - Statement - PreSaveFile = new java.io.File(((pathPrefix + java.lang.Integer.toString(counter)) + .png)): null

2018-12-12 17:05:50 - [TEST_STEP][PASSED] - Statement - counter = counter + 1: null

2018-12-12 17:05:50 - [TEST_STEP][PASSED] - Statement - PreSaveFile = new java.io.File(((pathPrefix + java.lang.Integer.toString(counter)) + .png)): null

2018-12-12 17:05:50 - [TEST_STEP][PASSED] - Statement - counter = counter + 1: null

2018-12-12 17:05:50 - [TEST_STEP][PASSED] - Statement - PreSaveFile = new java.io.File(((pathPrefix + java.lang.Integer.toString(counter)) + .png)): null

2018-12-12 17:05:50 - [TEST_STEP][PASSED] - Statement - counter = counter + 1: null

2018-12-12 17:05:50 - [TEST_STEP][PASSED] - Statement - PreSaveFile = new java.io.File(((pathPrefix + java.lang.Integer.toString(counter)) + .png)): null

2018-12-12 17:05:50 - [TEST_STEP][PASSED] - Statement - counter = counter + 1: null

2018-12-12 17:05:50 - [TEST_STEP][PASSED] - Statement - PreSaveFile = new java.io.File(((pathPrefix + java.lang.Integer.toString(counter)) + .png)): null

2018-12-12 17:05:50 - [TEST_STEP][PASSED] - Statement - counter = counter + 1: null

2018-12-12 17:05:50 - [TEST_STEP][PASSED] - Statement - PreSaveFile = new java.io.File(((pathPrefix + java.lang.Integer.toString(counter)) + .png)): null

2018-12-12 17:05:50 - [TEST_STEP][PASSED] - Statement - counter = counter + 1: null

2018-12-12 17:05:50 - [TEST_STEP][PASSED] - Statement - PreSaveFile = new java.io.File(((pathPrefix + java.lang.Integer.toString(counter)) + .png)): null

2018-12-12 17:05:50 - [TEST_STEP][PASSED] - Statement - counter = counter + 1: null

2018-12-12 17:05:50 - [TEST_STEP][PASSED] - Statement - PreSaveFile = new java.io.File(((pathPrefix + java.lang.Integer.toString(counter)) + .png)): null

2018-12-12 17:05:50 - [TEST_STEP][PASSED] - Statement - counter = counter + 1: null

2018-12-12 17:05:50 - [TEST_STEP][PASSED] - Statement - PreSaveFile = new java.io.File(((pathPrefix + java.lang.Integer.toString(counter)) + .png)): null

2018-12-12 17:05:50 - [TEST_STEP][PASSED] - Statement - counter = counter + 1: null

2018-12-12 17:05:50 - [TEST_STEP][PASSED] - Statement - PreSaveFile = new java.io.File(((pathPrefix + java.lang.Integer.toString(counter)) + .png)): null

2018-12-12 17:05:50 - [TEST_STEP][PASSED] - Statement - counter = counter + 1: null

2018-12-12 17:05:50 - [TEST_STEP][PASSED] - Statement - PreSaveFile = new java.io.File(((pathPrefix + java.lang.Integer.toString(counter)) + .png)): null

2018-12-12 17:05:50 - [TEST_STEP][PASSED] - Statement - counter = counter + 1: null

2018-12-12 17:05:50 - [TEST_STEP][PASSED] - Statement - PreSaveFile = new java.io.File(((pathPrefix + java.lang.Integer.toString(counter)) + .png)): null

2018-12-12 17:05:50 - [TEST_STEP][PASSED] - Statement - counter = counter + 1: null

2018-12-12 17:05:50 - [TEST_STEP][PASSED] - Statement - PreSaveFile = new java.io.File(((pathPrefix + java.lang.Integer.toString(counter)) + .png)): null

2018-12-12 17:05:50 - [TEST_STEP][PASSED] - Statement - counter = counter + 1: null

2018-12-12 17:05:50 - [TEST_STEP][PASSED] - Statement - PreSaveFile = new java.io.File(((pathPrefix + java.lang.Integer.toString(counter)) + .png)): null

2018-12-12 17:05:50 - [TEST_STEP][PASSED] - Statement - counter = counter + 1: null

2018-12-12 17:05:50 - [TEST_STEP][PASSED] - Statement - PreSaveFile = new java.io.File(((pathPrefix + java.lang.Integer.toString(counter)) + .png)): null

2018-12-12 17:05:50 - [TEST_STEP][PASSED] - Statement - counter = counter + 1: null

2018-12-12 17:05:50 - [TEST_STEP][PASSED] - Statement - PreSaveFile = new java.io.File(((pathPrefix + java.lang.Integer.toString(counter)) + .png)): null

2018-12-12 17:05:50 - [TEST_STEP][PASSED] - Statement - counter = counter + 1: null

2018-12-12 17:05:50 - [TEST_STEP][PASSED] - Statement - PreSaveFile = new java.io.File(((pathPrefix + java.lang.Integer.toString(counter)) + .png)): null

2018-12-12 17:05:50 - [TEST_STEP][PASSED] - Statement - counter = counter + 1: null

2018-12-12 17:05:50 - [TEST_STEP][PASSED] - Statement - PreSaveFile = new java.io.File(((pathPrefix + java.lang.Integer.toString(counter)) + .png)): null

2018-12-12 17:05:50 - [TEST_STEP][PASSED] - Statement - counter = counter + 1: null

2018-12-12 17:05:50 - [TEST_STEP][PASSED] - Statement - PreSaveFile = new java.io.File(((pathPrefix + java.lang.Integer.toString(counter)) + .png)): null

2018-12-12 17:05:50 - [TEST_STEP][PASSED] - Statement - counter = counter + 1: null

2018-12-12 17:05:50 - [TEST_STEP][PASSED] - Statement - PreSaveFile = new java.io.File(((pathPrefix + java.lang.Integer.toString(counter)) + .png)): null

2018-12-12 17:05:50 - [TEST_STEP][PASSED] - Statement - counter = counter + 1: null

2018-12-12 17:05:50 - [TEST_STEP][PASSED] - Statement - PreSaveFile = new java.io.File(((pathPrefix + java.lang.Integer.toString(counter)) + .png)): null

2018-12-12 17:05:50 - [TEST_STEP][PASSED] - Statement - counter = counter + 1: null

2018-12-12 17:05:50 - [TEST_STEP][PASSED] - Statement - PreSaveFile = new java.io.File(((pathPrefix + java.lang.Integer.toString(counter)) + .png)): null

2018-12-12 17:05:50 - [TEST_STEP][PASSED] - Statement - counter = counter + 1: null

2018-12-12 17:05:50 - [TEST_STEP][PASSED] - Statement - PreSaveFile = new java.io.File(((pathPrefix + java.lang.Integer.toString(counter)) + .png)): null

2018-12-12 17:05:50 - [TEST_STEP][PASSED] - Statement - counter = counter + 1: null

2018-12-12 17:05:50 - [TEST_STEP][PASSED] - Statement - PreSaveFile = new java.io.File(((pathPrefix + java.lang.Integer.toString(counter)) + .png)): null

2018-12-12 17:05:50 - [TEST_STEP][PASSED] - Statement - counter = counter + 1: null

2018-12-12 17:05:50 - [TEST_STEP][PASSED] - Statement - PreSaveFile = new java.io.File(((pathPrefix + java.lang.Integer.toString(counter)) + .png)): null

2018-12-12 17:05:50 - [TEST_STEP][PASSED] - Statement - counter = counter + 1: null

2018-12-12 17:05:50 - [TEST_STEP][PASSED] - Statement - PreSaveFile = new java.io.File(((pathPrefix + java.lang.Integer.toString(counter)) + .png)): null

2018-12-12 17:05:50 - [TEST_STEP][PASSED] - Statement - counter = counter + 1: null

2018-12-12 17:05:50 - [TEST_STEP][PASSED] - Statement - PreSaveFile = new java.io.File(((pathPrefix + java.lang.Integer.toString(counter)) + .png)): null

2018-12-12 17:05:50 - [TEST_STEP][PASSED] - Statement - counter = counter + 1: null

2018-12-12 17:05:50 - [TEST_STEP][PASSED] - Statement - PreSaveFile = new java.io.File(((pathPrefix + java.lang.Integer.toString(counter)) + .png)): null

2018-12-12 17:05:50 - [TEST_STEP][PASSED] - Statement - counter = counter + 1: null

2018-12-12 17:05:50 - [TEST_STEP][PASSED] - Statement - PreSaveFile = new java.io.File(((pathPrefix + java.lang.Integer.toString(counter)) + .png)): null

2018-12-12 17:05:50 - [TEST_STEP][PASSED] - Statement - counter = counter + 1: null

2018-12-12 17:05:50 - [TEST_STEP][PASSED] - Statement - PreSaveFile = new java.io.File(((pathPrefix + java.lang.Integer.toString(counter)) + .png)): null

2018-12-12 17:05:50 - [TEST_STEP][PASSED] - Statement - counter = counter + 1: null

2018-12-12 17:05:50 - [TEST_STEP][PASSED] - Statement - PreSaveFile = new java.io.File(((pathPrefix + java.lang.Integer.toString(counter)) + .png)): null

2018-12-12 17:05:50 - [TEST_STEP][PASSED] - Statement - counter = counter + 1: null

2018-12-12 17:05:50 - [TEST_STEP][PASSED] - Statement - PreSaveFile = new java.io.File(((pathPrefix + java.lang.Integer.toString(counter)) + .png)): null

2018-12-12 17:05:50 - [TEST_STEP][PASSED] - Statement - counter = counter + 1: null

2018-12-12 17:05:50 - [TEST_STEP][PASSED] - Statement - PreSaveFile = new java.io.File(((pathPrefix + java.lang.Integer.toString(counter)) + .png)): null

2018-12-12 17:05:50 - [TEST_STEP][PASSED] - Statement - counter = counter + 1: null

2018-12-12 17:05:50 - [TEST_STEP][PASSED] - Statement - PreSaveFile = new java.io.File(((pathPrefix + java.lang.Integer.toString(counter)) + .png)): null

2018-12-12 17:05:50 - [TEST_STEP][PASSED] - Statement - counter = counter + 1: null

2018-12-12 17:05:50 - [TEST_STEP][PASSED] - Statement - PreSaveFile = new java.io.File(((pathPrefix + java.lang.Integer.toString(counter)) + .png)): null

2018-12-12 17:05:50 - [TEST_STEP][PASSED] - Statement - counter = counter + 1: null

2018-12-12 17:05:50 - [TEST_STEP][PASSED] - Statement - PreSaveFile = new java.io.File(((pathPrefix + java.lang.Integer.toString(counter)) + .png)): null

2018-12-12 17:05:50 - [TEST_STEP][PASSED] - Statement - counter = counter + 1: null

2018-12-12 17:05:50 - [TEST_STEP][PASSED] - Statement - PreSaveFile = new java.io.File(((pathPrefix + java.lang.Integer.toString(counter)) + .png)): null

2018-12-12 17:05:50 - [TEST_STEP][PASSED] - Statement - counter = counter + 1: null

2018-12-12 17:05:50 - [TEST_STEP][PASSED] - Statement - PreSaveFile = new java.io.File(((pathPrefix + java.lang.Integer.toString(counter)) + .png)): null

2018-12-12 17:05:50 - [TEST_STEP][PASSED] - Statement - counter = counter + 1: null

2018-12-12 17:05:50 - [TEST_STEP][PASSED] - Statement - PreSaveFile = new java.io.File(((pathPrefix + java.lang.Integer.toString(counter)) + .png)): null

2018-12-12 17:05:50 - [TEST_STEP][PASSED] - Statement - counter = counter + 1: null

2018-12-12 17:05:50 - [TEST_STEP][PASSED] - Statement - PreSaveFile = new java.io.File(((pathPrefix + java.lang.Integer.toString(counter)) + .png)): null

2018-12-12 17:05:50 - [TEST_STEP][PASSED] - Statement - counter = counter + 1: null

2018-12-12 17:05:50 - [TEST_STEP][PASSED] - Statement - PreSaveFile = new java.io.File(((pathPrefix + java.lang.Integer.toString(counter)) + .png)): null

2018-12-12 17:05:50 - [TEST_STEP][PASSED] - Statement - counter = counter + 1: null

2018-12-12 17:05:50 - [TEST_STEP][PASSED] - Statement - PreSaveFile = new java.io.File(((pathPrefix + java.lang.Integer.toString(counter)) + .png)): null

2018-12-12 17:05:50 - [TEST_STEP][PASSED] - Statement - counter = counter + 1: null

2018-12-12 17:05:50 - [TEST_STEP][PASSED] - Statement - PreSaveFile = new java.io.File(((pathPrefix + java.lang.Integer.toString(counter)) + .png)): null

2018-12-12 17:05:50 - [TEST_STEP][PASSED] - Statement - counter = counter + 1: null

2018-12-12 17:05:50 - [TEST_STEP][PASSED] - Statement - PreSaveFile = new java.io.File(((pathPrefix + java.lang.Integer.toString(counter)) + .png)): null

2018-12-12 17:05:50 - [TEST_STEP][PASSED] - Statement - counter = counter + 1: null

2018-12-12 17:05:50 - [TEST_STEP][PASSED] - Statement - PreSaveFile = new java.io.File(((pathPrefix + java.lang.Integer.toString(counter)) + .png)): null

2018-12-12 17:05:50 - [TEST_STEP][PASSED] - Statement - counter = counter + 1: null

2018-12-12 17:05:50 - [TEST_STEP][PASSED] - Statement - PreSaveFile = new java.io.File(((pathPrefix + java.lang.Integer.toString(counter)) + .png)): null

2018-12-12 17:05:50 - [TEST_STEP][PASSED] - Statement - counter = counter + 1: null

2018-12-12 17:05:50 - [TEST_STEP][PASSED] - Statement - PreSaveFile = new java.io.File(((pathPrefix + java.lang.Integer.toString(counter)) + .png)): null

2018-12-12 17:05:50 - [TEST_STEP][PASSED] - Statement - counter = counter + 1: null

2018-12-12 17:05:50 - [TEST_STEP][PASSED] - Statement - PreSaveFile = new java.io.File(((pathPrefix + java.lang.Integer.toString(counter)) + .png)): null

2018-12-12 17:05:50 - [TEST_STEP][PASSED] - Statement - counter = counter + 1: null

2018-12-12 17:05:50 - [TEST_STEP][PASSED] - Statement - PreSaveFile = new java.io.File(((pathPrefix + java.lang.Integer.toString(counter)) + .png)): null

2018-12-12 17:05:50 - [TEST_STEP][PASSED] - Statement - counter = counter + 1: null

2018-12-12 17:05:50 - [TEST_STEP][PASSED] - Statement - PreSaveFile = new java.io.File(((pathPrefix + java.lang.Integer.toString(counter)) + .png)): null

2018-12-12 17:05:50 - [TEST_STEP][PASSED] - Statement - counter = counter + 1: null

2018-12-12 17:05:50 - [TEST_STEP][PASSED] - Statement - PreSaveFile = new java.io.File(((pathPrefix + java.lang.Integer.toString(counter)) + .png)): null

2018-12-12 17:05:50 - [TEST_STEP][PASSED] - Statement - counter = counter + 1: null

2018-12-12 17:05:50 - [TEST_STEP][PASSED] - Statement - PreSaveFile = new java.io.File(((pathPrefix + java.lang.Integer.toString(counter)) + .png)): null

2018-12-12 17:05:50 - [TEST_STEP][PASSED] - Statement - counter = counter + 1: null

2018-12-12 17:05:50 - [TEST_STEP][PASSED] - Statement - PreSaveFile = new java.io.File(((pathPrefix + java.lang.Integer.toString(counter)) + .png)): null

2018-12-12 17:05:50 - [TEST_STEP][PASSED] - Statement - counter = counter + 1: null

2018-12-12 17:05:50 - [TEST_STEP][PASSED] - Statement - PreSaveFile = new java.io.File(((pathPrefix + java.lang.Integer.toString(counter)) + .png)): null

2018-12-12 17:05:50 - [TEST_STEP][PASSED] - Statement - counter = counter + 1: null

2018-12-12 17:05:50 - [TEST_STEP][PASSED] - Statement - PreSaveFile = new java.io.File(((pathPrefix + java.lang.Integer.toString(counter)) + .png)): null

2018-12-12 17:05:50 - [TEST_STEP][PASSED] - Statement - counter = counter + 1: null

2018-12-12 17:05:50 - [TEST_STEP][PASSED] - Statement - PreSaveFile = new java.io.File(((pathPrefix + java.lang.Integer.toString(counter)) + .png)): null

2018-12-12 17:05:50 - [TEST_STEP][PASSED] - Statement - counter = counter + 1: null

2018-12-12 17:05:50 - [TEST_STEP][PASSED] - Statement - PreSaveFile = new java.io.File(((pathPrefix + java.lang.Integer.toString(counter)) + .png)): null

2018-12-12 17:05:50 - [TEST_STEP][PASSED] - Statement - counter = counter + 1: null

2018-12-12 17:05:50 - [TEST_STEP][PASSED] - Statement - PreSaveFile = new java.io.File(((pathPrefix + java.lang.Integer.toString(counter)) + .png)): null

2018-12-12 17:05:50 - [TEST_STEP][PASSED] - Statement - counter = counter + 1: null

2018-12-12 17:05:50 - [TEST_STEP][PASSED] - Statement - PreSaveFile = new java.io.File(((pathPrefix + java.lang.Integer.toString(counter)) + .png)): null

2018-12-12 17:05:50 - [TEST_STEP][PASSED] - Statement - counter = counter + 1: null

2018-12-12 17:05:50 - [TEST_STEP][PASSED] - Statement - PreSaveFile = new java.io.File(((pathPrefix + java.lang.Integer.toString(counter)) + .png)): null

2018-12-12 17:05:50 - [TEST_STEP][PASSED] - Statement - counter = counter + 1: null

2018-12-12 17:05:50 - [TEST_STEP][PASSED] - Statement - PreSaveFile = new java.io.File(((pathPrefix + java.lang.Integer.toString(counter)) + .png)): null

2018-12-12 17:05:50 - [TEST_STEP][PASSED] - Statement - counter = counter + 1: null

2018-12-12 17:05:50 - [TEST_STEP][PASSED] - Statement - PreSaveFile = new java.io.File(((pathPrefix + java.lang.Integer.toString(counter)) + .png)): null

2018-12-12 17:05:50 - [TEST_STEP][PASSED] - Statement - counter = counter + 1: null

2018-12-12 17:05:50 - [TEST_STEP][PASSED] - Statement - PreSaveFile = new java.io.File(((pathPrefix + java.lang.Integer.toString(counter)) + .png)): null

2018-12-12 17:05:50 - [TEST_STEP][PASSED] - Statement - counter = counter + 1: null

2018-12-12 17:05:50 - [TEST_STEP][PASSED] - Statement - PreSaveFile = new java.io.File(((pathPrefix + java.lang.Integer.toString(counter)) + .png)): null

2018-12-12 17:05:50 - [TEST_STEP][PASSED] - Statement - counter = counter + 1: null

2018-12-12 17:05:50 - [TEST_STEP][PASSED] - Statement - PreSaveFile = new java.io.File(((pathPrefix + java.lang.Integer.toString(counter)) + .png)): null

2018-12-12 17:05:50 - [TEST_STEP][PASSED] - Statement - counter = counter + 1: null

2018-12-12 17:05:50 - [TEST_STEP][PASSED] - Statement - PreSaveFile = new java.io.File(((pathPrefix + java.lang.Integer.toString(counter)) + .png)): null

2018-12-12 17:05:50 - [TEST_STEP][PASSED] - Statement - counter = counter + 1: null

2018-12-12 17:05:50 - [TEST_STEP][PASSED] - Statement - PreSaveFile = new java.io.File(((pathPrefix + java.lang.Integer.toString(counter)) + .png)): null

2018-12-12 17:05:50 - [TEST_STEP][PASSED] - Statement - counter = counter + 1: null

2018-12-12 17:05:50 - [TEST_STEP][PASSED] - Statement - PreSaveFile = new java.io.File(((pathPrefix + java.lang.Integer.toString(counter)) + .png)): null

2018-12-12 17:05:50 - [TEST_STEP][PASSED] - Statement - counter = counter + 1: null

2018-12-12 17:05:50 - [TEST_STEP][PASSED] - Statement - PreSaveFile = new java.io.File(((pathPrefix + java.lang.Integer.toString(counter)) + .png)): null

2018-12-12 17:05:50 - [TEST_STEP][PASSED] - Statement - counter = counter + 1: null

2018-12-12 17:05:50 - [TEST_STEP][PASSED] - Statement - PreSaveFile = new java.io.File(((pathPrefix + java.lang.Integer.toString(counter)) + .png)): null

2018-12-12 17:05:50 - [TEST_STEP][PASSED] - Statement - counter = counter + 1: null

2018-12-12 17:05:50 - [TEST_STEP][PASSED] - Statement - PreSaveFile = new java.io.File(((pathPrefix + java.lang.Integer.toString(counter)) + .png)): null

2018-12-12 17:05:50 - [TEST_STEP][PASSED] - Statement - counter = counter + 1: null

2018-12-12 17:05:50 - [TEST_STEP][PASSED] - Statement - PreSaveFile = new java.io.File(((pathPrefix + java.lang.Integer.toString(counter)) + .png)): null

2018-12-12 17:05:50 - [TEST_STEP][PASSED] - Statement - counter = counter + 1: null

2018-12-12 17:05:50 - [TEST_STEP][PASSED] - Statement - PreSaveFile = new java.io.File(((pathPrefix + java.lang.Integer.toString(counter)) + .png)): null

2018-12-12 17:05:50 - [TEST_STEP][PASSED] - Statement - counter = counter + 1: null

2018-12-12 17:05:50 - [TEST_STEP][PASSED] - Statement - PreSaveFile = new java.io.File(((pathPrefix + java.lang.Integer.toString(counter)) + .png)): null

2018-12-12 17:05:50 - [TEST_STEP][PASSED] - Statement - counter = counter + 1: null

2018-12-12 17:05:50 - [TEST_STEP][PASSED] - Statement - PreSaveFile = new java.io.File(((pathPrefix + java.lang.Integer.toString(counter)) + .png)): null

2018-12-12 17:05:50 - [TEST_STEP][PASSED] - Statement - counter = counter + 1: null

2018-12-12 17:05:50 - [TEST_STEP][PASSED] - Statement - PreSaveFile = new java.io.File(((pathPrefix + java.lang.Integer.toString(counter)) + .png)): null

2018-12-12 17:05:50 - [TEST_STEP][PASSED] - Statement - counter = counter + 1: null

2018-12-12 17:05:50 - [TEST_STEP][PASSED] - Statement - PreSaveFile = new java.io.File(((pathPrefix + java.lang.Integer.toString(counter)) + .png)): null

2018-12-12 17:05:50 - [TEST_STEP][PASSED] - Statement - counter = counter + 1: null

2018-12-12 17:05:50 - [TEST_STEP][PASSED] - Statement - PreSaveFile = new java.io.File(((pathPrefix + java.lang.Integer.toString(counter)) + .png)): null

2018-12-12 17:05:50 - [TEST_STEP][PASSED] - Statement - counter = counter + 1: null

2018-12-12 17:05:50 - [TEST_STEP][PASSED] - Statement - PreSaveFile = new java.io.File(((pathPrefix + java.lang.Integer.toString(counter)) + .png)): null

2018-12-12 17:05:50 - [TEST_STEP][PASSED] - Statement - counter = counter + 1: null

2018-12-12 17:05:50 - [TEST_STEP][PASSED] - Statement - PreSaveFile = new java.io.File(((pathPrefix + java.lang.Integer.toString(counter)) + .png)): null

2018-12-12 17:05:50 - [TEST_STEP][PASSED] - Statement - counter = counter + 1: null

2018-12-12 17:05:50 - [TEST_STEP][PASSED] - Statement - PreSaveFile = new java.io.File(((pathPrefix + java.lang.Integer.toString(counter)) + .png)): null

2018-12-12 17:05:50 - [TEST_STEP][PASSED] - Statement - counter = counter + 1: null

2018-12-12 17:05:50 - [TEST_STEP][PASSED] - Statement - PreSaveFile = new java.io.File(((pathPrefix + java.lang.Integer.toString(counter)) + .png)): null

2018-12-12 17:05:50 - [TEST_STEP][PASSED] - Statement - counter = counter + 1: null

2018-12-12 17:05:50 - [TEST_STEP][PASSED] - Statement - PreSaveFile = new java.io.File(((pathPrefix + java.lang.Integer.toString(counter)) + .png)): null

2018-12-12 17:05:50 - [TEST_STEP][PASSED] - Statement - counter = counter + 1: null

2018-12-12 17:05:50 - [TEST_STEP][PASSED] - Statement - PreSaveFile = new java.io.File(((pathPrefix + java.lang.Integer.toString(counter)) + .png)): null

2018-12-12 17:05:50 - [TEST_STEP][PASSED] - Statement - counter = counter + 1: null

2018-12-12 17:05:50 - [TEST_STEP][PASSED] - Statement - PreSaveFile = new java.io.File(((pathPrefix + java.lang.Integer.toString(counter)) + .png)): null

2018-12-12 17:05:50 - [TEST_STEP][PASSED] - Statement - counter = counter + 1: null

2018-12-12 17:05:50 - [TEST_STEP][PASSED] - Statement - PreSaveFile = new java.io.File(((pathPrefix + java.lang.Integer.toString(counter)) + .png)): null

2018-12-12 17:05:50 - [TEST_STEP][PASSED] - Statement - counter = counter + 1: null

2018-12-12 17:05:50 - [TEST_STEP][PASSED] - Statement - PreSaveFile = new java.io.File(((pathPrefix + java.lang.Integer.toString(counter)) + .png)): null

2018-12-12 17:05:50 - [TEST_STEP][PASSED] - Statement - counter = counter + 1: null

2018-12-12 17:05:50 - [TEST_STEP][PASSED] - Statement - PreSaveFile = new java.io.File(((pathPrefix + java.lang.Integer.toString(counter)) + .png)): null

2018-12-12 17:05:50 - [TEST_STEP][PASSED] - Statement - counter = counter + 1: null

2018-12-12 17:05:50 - [TEST_STEP][PASSED] - Statement - PreSaveFile = new java.io.File(((pathPrefix + java.lang.Integer.toString(counter)) + .png)): null

2018-12-12 17:05:50 - [TEST_STEP][PASSED] - Statement - counter = counter + 1: null

2018-12-12 17:05:50 - [TEST_STEP][PASSED] - Statement - PreSaveFile = new java.io.File(((pathPrefix + java.lang.Integer.toString(counter)) + .png)): null

2018-12-12 17:05:50 - [TEST_STEP][PASSED] - Statement - counter = counter + 1: null

2018-12-12 17:05:50 - [TEST_STEP][PASSED] - Statement - PreSaveFile = new java.io.File(((pathPrefix + java.lang.Integer.toString(counter)) + .png)): null

2018-12-12 17:05:50 - [TEST_STEP][PASSED] - Statement - counter = counter + 1: null

2018-12-12 17:05:50 - [TEST_STEP][PASSED] - Statement - PreSaveFile = new java.io.File(((pathPrefix + java.lang.Integer.toString(counter)) + .png)): null

2018-12-12 17:05:50 - [TEST_STEP][PASSED] - Statement - counter = counter + 1: null

2018-12-12 17:05:50 - [TEST_STEP][PASSED] - Statement - PreSaveFile = new java.io.File(((pathPrefix + java.lang.Integer.toString(counter)) + .png)): null

2018-12-12 17:05:50 - [TEST_STEP][PASSED] - Statement - counter = counter + 1: null

2018-12-12 17:05:50 - [TEST_STEP][PASSED] - Statement - PreSaveFile = new java.io.File(((pathPrefix + java.lang.Integer.toString(counter)) + .png)): null

2018-12-12 17:05:50 - [TEST_STEP][PASSED] - Statement - counter = counter + 1: null

2018-12-12 17:05:50 - [TEST_STEP][PASSED] - Statement - PreSaveFile = new java.io.File(((pathPrefix + java.lang.Integer.toString(counter)) + .png)): null

2018-12-12 17:05:50 - [TEST_STEP][PASSED] - Statement - counter = counter + 1: null

2018-12-12 17:05:50 - [TEST_STEP][PASSED] - Statement - PreSaveFile = new java.io.File(((pathPrefix + java.lang.Integer.toString(counter)) + .png)): null

2018-12-12 17:05:50 - [TEST_STEP][PASSED] - Statement - counter = counter + 1: null

2018-12-12 17:05:50 - [TEST_STEP][PASSED] - Statement - PreSaveFile = new java.io.File(((pathPrefix + java.lang.Integer.toString(counter)) + .png)): null

2018-12-12 17:05:50 - [TEST_STEP][PASSED] - Statement - counter = counter + 1: null

2018-12-12 17:05:50 - [TEST_STEP][PASSED] - Statement - PreSaveFile = new java.io.File(((pathPrefix + java.lang.Integer.toString(counter)) + .png)): null

2018-12-12 17:05:50 - [TEST_STEP][PASSED] - Statement - counter = counter + 1: null

2018-12-12 17:05:50 - [TEST_STEP][PASSED] - Statement - PreSaveFile = new java.io.File(((pathPrefix + java.lang.Integer.toString(counter)) + .png)): null

2018-12-12 17:05:50 - [TEST_STEP][PASSED] - Statement - counter = counter + 1: null

2018-12-12 17:05:50 - [TEST_STEP][PASSED] - Statement - PreSaveFile = new java.io.File(((pathPrefix + java.lang.Integer.toString(counter)) + .png)): null

2018-12-12 17:05:50 - [TEST_STEP][PASSED] - Statement - counter = counter + 1: null

2018-12-12 17:05:50 - [TEST_STEP][PASSED] - Statement - PreSaveFile = new java.io.File(((pathPrefix + java.lang.Integer.toString(counter)) + .png)): null

2018-12-12 17:05:50 - [TEST_STEP][PASSED] - Statement - counter = counter + 1: null

2018-12-12 17:05:50 - [TEST_STEP][PASSED] - Statement - PreSaveFile = new java.io.File(((pathPrefix + java.lang.Integer.toString(counter)) + .png)): null

2018-12-12 17:05:50 - [TEST_STEP][PASSED] - Statement - counter = counter + 1: null

2018-12-12 17:05:50 - [TEST_STEP][PASSED] - Statement - PreSaveFile = new java.io.File(((pathPrefix + java.lang.Integer.toString(counter)) + .png)): null

2018-12-12 17:05:50 - [TEST_STEP][PASSED] - Statement - counter = counter + 1: null

2018-12-12 17:05:50 - [TEST_STEP][PASSED] - Statement - PreSaveFile = new java.io.File(((pathPrefix + java.lang.Integer.toString(counter)) + .png)): null

2018-12-12 17:05:50 - [TEST_STEP][PASSED] - Statement - counter = counter + 1: null

2018-12-12 17:05:50 - [TEST_STEP][PASSED] - Statement - PreSaveFile = new java.io.File(((pathPrefix + java.lang.Integer.toString(counter)) + .png)): null

2018-12-12 17:05:50 - [TEST_STEP][PASSED] - Statement - counter = counter + 1: null

2018-12-12 17:05:50 - [TEST_STEP][PASSED] - Statement - PreSaveFile = new java.io.File(((pathPrefix + java.lang.Integer.toString(counter)) + .png)): null

2018-12-12 17:05:50 - [TEST_STEP][PASSED] - Statement - counter = counter + 1: null

2018-12-12 17:05:50 - [TEST_STEP][PASSED] - Statement - PreSaveFile = new java.io.File(((pathPrefix + java.lang.Integer.toString(counter)) + .png)): null

2018-12-12 17:05:50 - [TEST_STEP][PASSED] - Statement - counter = counter + 1: null

2018-12-12 17:05:50 - [TEST_STEP][PASSED] - Statement - PreSaveFile = new java.io.File(((pathPrefix + java.lang.Integer.toString(counter)) + .png)): null

2018-12-12 17:05:50 - [TEST_STEP][PASSED] - Statement - counter = counter + 1: null

2018-12-12 17:05:50 - [TEST_STEP][PASSED] - Statement - PreSaveFile = new java.io.File(((pathPrefix + java.lang.Integer.toString(counter)) + .png)): null

2018-12-12 17:05:50 - [TEST_STEP][PASSED] - Statement - counter = counter + 1: null

2018-12-12 17:05:50 - [TEST_STEP][PASSED] - Statement - PreSaveFile = new java.io.File(((pathPrefix + java.lang.Integer.toString(counter)) + .png)): null

2018-12-12 17:05:50 - [TEST_STEP][PASSED] - Statement - counter = counter + 1: null

2018-12-12 17:05:50 - [TEST_STEP][PASSED] - Statement - PreSaveFile = new java.io.File(((pathPrefix + java.lang.Integer.toString(counter)) + .png)): null

2018-12-12 17:05:50 - [TEST_STEP][PASSED] - Statement - counter = counter + 1: null

2018-12-12 17:05:50 - [TEST_STEP][PASSED] - Statement - PreSaveFile = new java.io.File(((pathPrefix + java.lang.Integer.toString(counter)) + .png)): null

2018-12-12 17:05:50 - [TEST_STEP][PASSED] - Statement - counter = counter + 1: null

2018-12-12 17:05:50 - [TEST_STEP][PASSED] - Statement - PreSaveFile = new java.io.File(((pathPrefix + java.lang.Integer.toString(counter)) + .png)): null

2018-12-12 17:05:50 - [TEST_STEP][PASSED] - Statement - counter = counter + 1: null

2018-12-12 17:05:50 - [TEST_STEP][PASSED] - Statement - PreSaveFile = new java.io.File(((pathPrefix + java.lang.Integer.toString(counter)) + .png)): null

2018-12-12 17:05:50 - [TEST_STEP][PASSED] - Statement - counter = counter + 1: null

2018-12-12 17:05:50 - [TEST_STEP][PASSED] - Statement - PreSaveFile = new java.io.File(((pathPrefix + java.lang.Integer.toString(counter)) + .png)): null

2018-12-12 17:05:50 - [TEST_STEP][PASSED] - Statement - counter = counter + 1: null

2018-12-12 17:05:50 - [TEST_STEP][PASSED] - Statement - PreSaveFile = new java.io.File(((pathPrefix + java.lang.Integer.toString(counter)) + .png)): null

2018-12-12 17:05:50 - [TEST_STEP][PASSED] - Statement - counter = counter + 1: null

2018-12-12 17:05:50 - [TEST_STEP][PASSED] - Statement - PreSaveFile = new java.io.File(((pathPrefix + java.lang.Integer.toString(counter)) + .png)): null

2018-12-12 17:05:50 - [TEST_STEP][PASSED] - Statement - counter = counter + 1: null

2018-12-12 17:05:50 - [TEST_STEP][PASSED] - Statement - PreSaveFile = new java.io.File(((pathPrefix + java.lang.Integer.toString(counter)) + .png)): null

2018-12-12 17:05:50 - [TEST_STEP][PASSED] - Statement - counter = counter + 1: null

2018-12-12 17:05:50 - [TEST_STEP][PASSED] - Statement - PreSaveFile = new java.io.File(((pathPrefix + java.lang.Integer.toString(counter)) + .png)): null

2018-12-12 17:05:50 - [TEST_STEP][PASSED] - Statement - counter = counter + 1: null

2018-12-12 17:05:50 - [TEST_STEP][PASSED] - Statement - PreSaveFile = new java.io.File(((pathPrefix + java.lang.Integer.toString(counter)) + .png)): null

2018-12-12 17:05:50 - [TEST_STEP][PASSED] - Statement - counter = counter + 1: null

2018-12-12 17:05:50 - [TEST_STEP][PASSED] - Statement - PreSaveFile = new java.io.File(((pathPrefix + java.lang.Integer.toString(counter)) + .png)): null

2018-12-12 17:05:50 - [TEST_STEP][PASSED] - Statement - counter = counter + 1: null

2018-12-12 17:05:50 - [TEST_STEP][PASSED] - Statement - PreSaveFile = new java.io.File(((pathPrefix + java.lang.Integer.toString(counter)) + .png)): null

2018-12-12 17:05:50 - [TEST_STEP][PASSED] - Statement - counter = counter + 1: null

2018-12-12 17:05:50 - [TEST_STEP][PASSED] - Statement - PreSaveFile = new java.io.File(((pathPrefix + java.lang.Integer.toString(counter)) + .png)): null

2018-12-12 17:05:50 - [TEST_STEP][PASSED] - Statement - counter = counter + 1: null

2018-12-12 17:05:50 - [TEST_STEP][PASSED] - Statement - PreSaveFile = new java.io.File(((pathPrefix + java.lang.Integer.toString(counter)) + .png)): null

2018-12-12 17:05:50 - [TEST_STEP][PASSED] - Statement - counter = counter + 1: null

2018-12-12 17:05:50 - [TEST_STEP][PASSED] - Statement - PreSaveFile = new java.io.File(((pathPrefix + java.lang.Integer.toString(counter)) + .png)): null

2018-12-12 17:05:50 - [TEST_STEP][PASSED] - Statement - counter = counter + 1: null

2018-12-12 17:05:50 - [TEST_STEP][PASSED] - Statement - PreSaveFile = new java.io.File(((pathPrefix + java.lang.Integer.toString(counter)) + .png)): null

2018-12-12 17:05:50 - [TEST_STEP][PASSED] - Statement - counter = counter + 1: null

2018-12-12 17:05:50 - [TEST_STEP][PASSED] - Statement - PreSaveFile = new java.io.File(((pathPrefix + java.lang.Integer.toString(counter)) + .png)): null

2018-12-12 17:05:50 - [TEST_STEP][PASSED] - Statement - counter = counter + 1: null

2018-12-12 17:05:50 - [TEST_STEP][PASSED] - Statement - PreSaveFile = new java.io.File(((pathPrefix + java.lang.Integer.toString(counter)) + .png)): null

2018-12-12 17:05:50 - [TEST_STEP][PASSED] - Statement - counter = counter + 1: null

2018-12-12 17:05:50 - [TEST_STEP][PASSED] - Statement - PreSaveFile = new java.io.File(((pathPrefix + java.lang.Integer.toString(counter)) + .png)): null

2018-12-12 17:05:50 - [TEST_STEP][PASSED] - Statement - counter = counter + 1: null

2018-12-12 17:05:50 - [TEST_STEP][PASSED] - Statement - PreSaveFile = new java.io.File(((pathPrefix + java.lang.Integer.toString(counter)) + .png)): null

2018-12-12 17:05:50 - [TEST_STEP][PASSED] - Statement - counter = counter + 1: null

2018-12-12 17:05:50 - [TEST_STEP][PASSED] - Statement - PreSaveFile = new java.io.File(((pathPrefix + java.lang.Integer.toString(counter)) + .png)): null

2018-12-12 17:05:50 - [TEST_STEP][PASSED] - Statement - counter = counter + 1: null

2018-12-12 17:05:50 - [TEST_STEP][PASSED] - Statement - PreSaveFile = new java.io.File(((pathPrefix + java.lang.Integer.toString(counter)) + .png)): null

2018-12-12 17:05:50 - [TEST_STEP][PASSED] - Statement - counter = counter + 1: null

2018-12-12 17:05:50 - [TEST_STEP][PASSED] - Statement - PreSaveFile = new java.io.File(((pathPrefix + java.lang.Integer.toString(counter)) + .png)): null

2018-12-12 17:05:50 - [TEST_STEP][PASSED] - Statement - counter = counter + 1: null

2018-12-12 17:05:50 - [TEST_STEP][PASSED] - Statement - PreSaveFile = new java.io.File(((pathPrefix + java.lang.Integer.toString(counter)) + .png)): null

2018-12-12 17:05:50 - [TEST_STEP][PASSED] - Statement - counter = counter + 1: null

2018-12-12 17:05:50 - [TEST_STEP][PASSED] - Statement - PreSaveFile = new java.io.File(((pathPrefix + java.lang.Integer.toString(counter)) + .png)): null

2018-12-12 17:05:50 - [TEST_STEP][PASSED] - Statement - counter = counter + 1: null

2018-12-12 17:05:50 - [TEST_STEP][PASSED] - Statement - PreSaveFile = new java.io.File(((pathPrefix + java.lang.Integer.toString(counter)) + .png)): null

2018-12-12 17:05:50 - [TEST_STEP][PASSED] - Statement - counter = counter + 1: null

2018-12-12 17:05:50 - [TEST_STEP][PASSED] - Statement - PreSaveFile = new java.io.File(((pathPrefix + java.lang.Integer.toString(counter)) + .png)): null

2018-12-12 17:05:50 - [TEST_STEP][PASSED] - Statement - counter = counter + 1: null

2018-12-12 17:05:50 - [TEST_STEP][PASSED] - Statement - PreSaveFile = new java.io.File(((pathPrefix + java.lang.Integer.toString(counter)) + .png)): null

2018-12-12 17:05:50 - [TEST_STEP][PASSED] - Statement - finalPath = pathPrefix + java.lang.Integer.toString(counter) + ".png": null

2018-12-12 17:05:51 - [TEST_STEP][PASSED] - Statement - SaveFile = new java.io.File(finalPath): null

2018-12-12 17:05:51 - [TEST_STEP][PASSED] - Statement - Try: null

2018-12-12 17:05:51 - [TEST_STEP][PASSED] - Statement - org.apache.commons.io.FileUtils.copyFile(scrFile, SaveFile): null

2018-12-12 17:05:51 - [TEST_STEP][PASSED] - Statement - out.println("file kept"): null

2018-12-12 17:05:51 - [TEST_STEP][PASSED] - delay: Delayed 10 second(s)

2018-12-12 17:06:01 - [MESSAGE][PASSED] - Delayed 10 second(s)

2018-12-12 17:06:01 - [MESSAGE][PASSED] - Call Test Case 'Test Cases/Final Aug 2018 - PKS Automation/Common/Screenshoting tool' successfully

2018-12-12 17:06:01 - [TEST_STEP][PASSED] - callTestCase: Call Test Case 'Test Cases/Final Aug 2018 - PKS Automation/Registration Module/Log Out/log out avoiding katalon tagging' successfully

2018-12-12 17:06:01 - [TEST_CASE][PASSED] - Test Cases/Final Aug 2018 - PKS Automation/Registration Module/Log Out/log out avoiding katalon tagging: Test Cases/Final Aug 2018 - PKS Automation/Registration Module/Log Out/log out avoiding katalon tagging

2018-12-12 17:06:01 - [TEST_STEP][PASSED] - navigateToUrl: Navigate to 'https://assist2-uat.perkeso.gov.my/c/portal/logout' successfully

2018-12-12 17:06:02 - [MESSAGE][PASSED] - Navigate to 'https://assist2-uat.perkeso.gov.my/c/portal/logout' successfully

2018-12-12 17:06:02 - [MESSAGE][PASSED] - Call Test Case 'Test Cases/Final Aug 2018 - PKS Automation/Registration Module/Log Out/log out avoiding katalon tagging' successfully]]></system-out>
         <system-err><![CDATA[]]></system-err>
      </testcase>
      <testcase name="Test Cases/Final Aug 2018 - PKS Automation/Registration Module/Critical Path/Update Add New Employee/Update Add New Employee Without Eligible Employee" classname="Test Cases/Final Aug 2018 - PKS Automation/Registration Module/Critical Path/Update Add New Employee/Update Add New Employee Without Eligible Employee" status="PASSED">
         <system-out><![CDATA[2018-12-12 17:06:02 - [TEST_CASE][PASSED] - Test Cases/Final Aug 2018 - PKS Automation/Registration Module/Critical Path/Update Add New Employee/Update Add New Employee Without Eligible Employee: Test Cases/Final Aug 2018 - PKS Automation/Registration Module/Critical Path/Update Add New Employee/Update Add New Employee Without Eligible Employee

2018-12-12 17:06:02 - [TEST_STEP][PASSED] - openBrowser: Browser is opened with url: ''

2018-12-12 17:06:02 - [MESSAGE][WARNING] - A browser is already opened. Closing browser and opening a new one

2018-12-12 17:06:05 - [MESSAGE][PASSED] - Browser is opened with url: ''

2018-12-12 17:06:05 - [TEST_STEP][PASSED] - navigateToUrl: Navigate to 'https://assist2-uat.perkeso.gov.my/login' successfully

2018-12-12 17:06:06 - [MESSAGE][PASSED] - Navigate to 'https://assist2-uat.perkeso.gov.my/login' successfully

2018-12-12 17:06:06 - [TEST_STEP][PASSED] - delay: Delayed 2 second(s)

2018-12-12 17:06:08 - [MESSAGE][PASSED] - Delayed 2 second(s)

2018-12-12 17:06:08 - [TEST_STEP][PASSED] - callTestCase: Call Test Case 'Test Cases/Final Aug 2018 - PKS Automation/Registration Module/New Registration/Form 2/Date Updater' successfully

2018-12-12 17:06:08 - [TEST_CASE][PASSED] - Test Cases/Final Aug 2018 - PKS Automation/Registration Module/New Registration/Form 2/Date Updater: Test Cases/Final Aug 2018 - PKS Automation/Registration Module/New Registration/Form 2/Date Updater

2018-12-12 17:06:08 - [TEST_STEP][PASSED] - Statement - TodayDate = new java.util.Date(): null

2018-12-12 17:06:08 - [TEST_STEP][PASSED] - Statement - CurrentDateNoFilter = new java.text.SimpleDateFormat(): null

2018-12-12 17:06:08 - [TEST_STEP][PASSED] - Statement - CurrentDateNoFilter.applyPattern("MM"): null

2018-12-12 17:06:08 - [TEST_STEP][PASSED] - Statement - monthContainerMatcher = java.lang.Integer.parseInt(CurrentDateNoFilter.format(TodayDate)): null

2018-12-12 17:06:08 - [TEST_STEP][PASSED] - Statement - monthContainerMatcher = monthContainerMatcher - 1: null

2018-12-12 17:06:08 - [TEST_STEP][PASSED] - Statement - CurrentMonth = monthContainerMatcher.toString(): null

2018-12-12 17:06:08 - [TEST_STEP][PASSED] - Statement - CurrentMonth = CurrentMonth: null

2018-12-12 17:06:08 - [TEST_STEP][PASSED] - Statement - CurrentDateNoFilter.applyPattern("yyyy"): null

2018-12-12 17:06:08 - [TEST_STEP][PASSED] - Statement - CurrentYear = CurrentDateNoFilter.format(TodayDate): null

2018-12-12 17:06:08 - [TEST_STEP][PASSED] - Statement - CurrentYear = CurrentYear: null

2018-12-12 17:06:08 - [TEST_STEP][PASSED] - Statement - intCurrentYear = java.lang.Integer.parseInt(CurrentDateNoFilter.format(TodayDate)): null

2018-12-12 17:06:08 - [TEST_STEP][PASSED] - Statement - eighteenYrsAgo = intCurrentYear - 18: null

2018-12-12 17:06:08 - [TEST_STEP][PASSED] - Statement - eighteenYrsBeforeThisYr = eighteenYrsAgo.toString(): null

2018-12-12 17:06:08 - [TEST_STEP][PASSED] - Statement - EighteenYrsBefore = eighteenYrsBeforeThisYr: null

2018-12-12 17:06:08 - [TEST_STEP][PASSED] - Statement - fiftysevenYrsAgo = intCurrentYear - 57: null

2018-12-12 17:06:08 - [TEST_STEP][PASSED] - Statement - fiftysevenYrsBeforeThisYr = fiftysevenYrsAgo.toString(): null

2018-12-12 17:06:08 - [TEST_STEP][PASSED] - Statement - FiftysevenYrsBefore = fiftysevenYrsBeforeThisYr: null

2018-12-12 17:06:08 - [TEST_STEP][PASSED] - Statement - leapYear = false: null

2018-12-12 17:06:08 - [TEST_STEP][PASSED] - Statement - leapYear = intCurrentYear % 4 == 0: null

2018-12-12 17:06:08 - [TEST_STEP][PASSED] - Statement - CurrentDateNoFilter.applyPattern("dd"): null

2018-12-12 17:06:08 - [TEST_STEP][PASSED] - Statement - CurrentDate = CurrentDateNoFilter.format(TodayDate): null

2018-12-12 17:06:08 - [TEST_STEP][PASSED] - Statement - CurrentDate = java.lang.Integer.parseInt(CurrentDate): null

2018-12-12 17:06:08 - [TEST_STEP][PASSED] - Statement - CurrentDate = CurrentDate: null

2018-12-12 17:06:08 - [TEST_STEP][PASSED] - Statement - CurrentDay = java.lang.Integer.parseInt(CurrentDate): null

2018-12-12 17:06:08 - [TEST_STEP][PASSED] - Statement - ConfAdder = <not implemented yet for class: org.codehaus.groovy.ast.expr.EmptyExpression>: null

2018-12-12 17:06:08 - [TEST_STEP][PASSED] - Statement - out.println(CurrentMonth): null

2018-12-12 17:06:08 - [TEST_STEP][PASSED] - Statement - out.println(CurrentDate): null

2018-12-12 17:06:08 - [TEST_STEP][PASSED] - Statement - switch (CurrentDate): null

2018-12-12 17:06:08 - [TEST_STEP][PASSED] - Statement - Default: null

2018-12-12 17:06:08 - [TEST_STEP][PASSED] - Statement - ConfAdder = true: null

2018-12-12 17:06:08 - [TEST_STEP][PASSED] - Statement - Break: null

2018-12-12 17:06:08 - [TEST_STEP][PASSED] - Statement - aDayBefore = <not implemented yet for class: org.codehaus.groovy.ast.expr.EmptyExpression>: null

2018-12-12 17:06:08 - [TEST_STEP][PASSED] - Statement - out.println(ConfAdder): null

2018-12-12 17:06:08 - [TEST_STEP][PASSED] - Statement - If (ConfAdder == true): null

2018-12-12 17:06:08 - [TEST_STEP][PASSED] - Statement - aDayBefore = CurrentDay + 1: null

2018-12-12 17:06:08 - [TEST_STEP][PASSED] - Statement - out.println(aDayBefore): null

2018-12-12 17:06:08 - [TEST_STEP][PASSED] - Statement - If (aDayBefore == 1 && CurrentMonth == 11): null

2018-12-12 17:06:08 - [TEST_STEP][PASSED] - Statement - DayBefore = aDayBefore.toString(): null

2018-12-12 17:06:08 - [TEST_STEP][PASSED] - Statement - OneDayBefore = DayBefore: null

2018-12-12 17:06:08 - [MESSAGE][PASSED] - Call Test Case 'Test Cases/Final Aug 2018 - PKS Automation/Registration Module/New Registration/Form 2/Date Updater' successfully

2018-12-12 17:06:08 - [TEST_STEP][PASSED] - delay: Delayed 2 second(s)

2018-12-12 17:06:10 - [MESSAGE][PASSED] - Delayed 2 second(s)

2018-12-12 17:06:10 - [TEST_STEP][PASSED] - setText: Text 'klotc2@gmail.com' is set on object 'Object Repository/Final Object Repo/Page_Update Add New Employee - ASSIST/Email TextBox'

2018-12-12 17:06:10 - [MESSAGE][PASSED] - Text 'klotc2@gmail.com' is set on object 'Object Repository/Final Object Repo/Page_Update Add New Employee - ASSIST/Email TextBox'

2018-12-12 17:06:10 - [TEST_STEP][PASSED] - click: Object: 'Object Repository/Final Object Repo/Page_Update Add New Employee - ASSIST/Next Button' is clicked on

2018-12-12 17:06:11 - [MESSAGE][PASSED] - Object: 'Object Repository/Final Object Repo/Page_Update Add New Employee - ASSIST/Next Button' is clicked on

2018-12-12 17:06:11 - [TEST_STEP][PASSED] - delay: Delayed 2 second(s)

2018-12-12 17:06:13 - [MESSAGE][PASSED] - Delayed 2 second(s)

2018-12-12 17:06:13 - [TEST_STEP][PASSED] - setText: Text 'Test1@3456789' is set on object 'Object Repository/Final Object Repo/Page_Update Add New Employee - ASSIST/Password TextBox'

2018-12-12 17:06:13 - [MESSAGE][PASSED] - Text 'Test1@3456789' is set on object 'Object Repository/Final Object Repo/Page_Update Add New Employee - ASSIST/Password TextBox'

2018-12-12 17:06:13 - [TEST_STEP][PASSED] - delay: Delayed 2 second(s)

2018-12-12 17:06:15 - [MESSAGE][PASSED] - Delayed 2 second(s)

2018-12-12 17:06:15 - [TEST_STEP][PASSED] - click: Object: 'Object Repository/Final Object Repo/Page_Update Add New Employee - ASSIST/Login Button' is clicked on

2018-12-12 17:06:15 - [MESSAGE][PASSED] - Object: 'Object Repository/Final Object Repo/Page_Update Add New Employee - ASSIST/Login Button' is clicked on

2018-12-12 17:06:15 - [TEST_STEP][PASSED] - Statement - Try: null

2018-12-12 17:06:15 - [TEST_STEP][PASSED] - Statement - Checker = com.kms.katalon.core.webui.keyword.WebUiBuiltInKeywords.verifyElementNotPresent("Final Object Repo/Landing Page/Select to English", 3): null

2018-12-12 17:06:15 - [TEST_STEP][PASSED] - Statement - Catch (Exception e): null

2018-12-12 17:06:15 - [TEST_STEP][PASSED] - Statement - e.printStackTrace(): null

2018-12-12 17:06:15 - [TEST_STEP][PASSED] - delay: Delayed 4 second(s)

2018-12-12 17:06:19 - [MESSAGE][PASSED] - Delayed 4 second(s)

2018-12-12 17:06:19 - [TEST_STEP][PASSED] - click: Object: 'Object Repository/Final Object Repo/Page_Update Add New Employee - ASSIST/My Sites Drop Down' is clicked on

2018-12-12 17:06:19 - [MESSAGE][PASSED] - Object: 'Object Repository/Final Object Repo/Page_Update Add New Employee - ASSIST/My Sites Drop Down' is clicked on

2018-12-12 17:06:19 - [TEST_STEP][PASSED] - click: Object: 'Object Repository/Final Object Repo/Page_Update Add New Employee - ASSIST/Select to Registration Module' is clicked on

2018-12-12 17:06:20 - [MESSAGE][PASSED] - Object: 'Object Repository/Final Object Repo/Page_Update Add New Employee - ASSIST/Select to Registration Module' is clicked on

2018-12-12 17:06:20 - [TEST_STEP][PASSED] - navigateToUrl: Navigate to 'https://assist2-uat.perkeso.gov.my/web/registration/myassist' successfully

2018-12-12 17:06:21 - [MESSAGE][PASSED] - Navigate to 'https://assist2-uat.perkeso.gov.my/web/registration/myassist' successfully

2018-12-12 17:06:21 - [TEST_STEP][PASSED] - mouseOver: Object: 'Object Repository/Final Object Repo/Page_Update Add New Employee - ASSIST/Select to Update Akta 4 Tab' is hovered

2018-12-12 17:06:21 - [MESSAGE][PASSED] - Object: 'Object Repository/Final Object Repo/Page_Update Add New Employee - ASSIST/Select to Update Akta 4 Tab' is hovered

2018-12-12 17:06:21 - [TEST_STEP][PASSED] - delay: Delayed 2 second(s)

2018-12-12 17:06:23 - [MESSAGE][PASSED] - Delayed 2 second(s)

2018-12-12 17:06:23 - [TEST_STEP][PASSED] - click: Object: 'Object Repository/Final Object Repo/Page_Update Add New Employee - ASSIST/Select to Update Add New Employee' is clicked on

2018-12-12 17:06:24 - [MESSAGE][PASSED] - Object: 'Object Repository/Final Object Repo/Page_Update Add New Employee - ASSIST/Select to Update Add New Employee' is clicked on

2018-12-12 17:06:24 - [TEST_STEP][PASSED] - delay: Delayed 2 second(s)

2018-12-12 17:06:26 - [MESSAGE][PASSED] - Delayed 2 second(s)

2018-12-12 17:06:26 - [TEST_STEP][PASSED] - setText: Text 'E1102069801V' is set on object 'Object Repository/Final Object Repo/Page_Update Add New Employee - ASSIST/Employer Code input textbox'

2018-12-12 17:06:26 - [MESSAGE][PASSED] - Text 'E1102069801V' is set on object 'Object Repository/Final Object Repo/Page_Update Add New Employee - ASSIST/Employer Code input textbox'

2018-12-12 17:06:26 - [TEST_STEP][PASSED] - delay: Delayed 2 second(s)

2018-12-12 17:06:28 - [MESSAGE][PASSED] - Delayed 2 second(s)

2018-12-12 17:06:28 - [TEST_STEP][PASSED] - click: Object: 'Object Repository/Final Object Repo/Page_Update Add New Employee - ASSIST/Search Button for Employer Code' is clicked on

2018-12-12 17:06:28 - [MESSAGE][PASSED] - Object: 'Object Repository/Final Object Repo/Page_Update Add New Employee - ASSIST/Search Button for Employer Code' is clicked on

2018-12-12 17:06:28 - [TEST_STEP][PASSED] - delay: Delayed 4 second(s)

2018-12-12 17:06:32 - [MESSAGE][PASSED] - Delayed 4 second(s)

2018-12-12 17:06:32 - [TEST_STEP][PASSED] - click: Object: 'Object Repository/Final Object Repo/Page_Update Add New Employee - ASSIST/Click to Edit Case' is clicked on

2018-12-12 17:06:35 - [MESSAGE][PASSED] - Object: 'Object Repository/Final Object Repo/Page_Update Add New Employee - ASSIST/Click to Edit Case' is clicked on

2018-12-12 17:06:35 - [TEST_STEP][PASSED] - callTestCase: Call Test Case 'Test Cases/Final Aug 2018 - PKS Automation/Registration Module/Workflow/Update Add New Employee/Template/Employee Adding/Employee Adding Action No Repeat IC - No Eligible Only' successfully

2018-12-12 17:06:35 - [TEST_CASE][PASSED] - Test Cases/Final Aug 2018 - PKS Automation/Registration Module/Workflow/Update Add New Employee/Template/Employee Adding/Employee Adding Action No Repeat IC - No Eligible Only: Test Cases/Final Aug 2018 - PKS Automation/Registration Module/Workflow/Update Add New Employee/Template/Employee Adding/Employee Adding Action No Repeat IC - No Eligible Only

2018-12-12 17:06:35 - [TEST_STEP][PASSED] - delay: Delayed 4 second(s)

2018-12-12 17:06:39 - [MESSAGE][PASSED] - Delayed 4 second(s)

2018-12-12 17:06:39 - [TEST_STEP][PASSED] - click: Object: 'Object Repository/Final Object Repo/Page_Update Add New Employee - ASSIST/Add Employee Button' is clicked on

2018-12-12 17:06:40 - [MESSAGE][PASSED] - Object: 'Object Repository/Final Object Repo/Page_Update Add New Employee - ASSIST/Add Employee Button' is clicked on

2018-12-12 17:06:40 - [TEST_STEP][PASSED] - Statement - CurrentMonth = CurrentMonth: null

2018-12-12 17:06:40 - [TEST_STEP][PASSED] - Statement - selectMonth = new com.kms.katalon.core.testobject.TestObject(): null

2018-12-12 17:06:40 - [TEST_STEP][PASSED] - Statement - selectYear = new com.kms.katalon.core.testobject.TestObject(): null

2018-12-12 17:06:40 - [TEST_STEP][PASSED] - delay: Delayed 4 second(s)

2018-12-12 17:06:44 - [MESSAGE][PASSED] - Delayed 4 second(s)

2018-12-12 17:06:44 - [TEST_STEP][PASSED] - Statement - While (com.kms.katalon.core.webui.keyword.WebUiBuiltInKeywords.verifyElementNotVisible(com.kms.katalon.core.testobject.ObjectRepository.findTestObject(Final Object Repo/Page_Update Add New Employee - ASSIST/No Duplicate Employee Cross), OPTIONAL)): Object 'Object Repository/Final Object Repo/Page_Update Add New Employee - ASSIST/No Duplicate Employee Cross' is visible

2018-12-12 17:06:44 - [MESSAGE][PASSED] - Object 'Object Repository/Final Object Repo/Page_Update Add New Employee - ASSIST/No Duplicate Employee Cross' is NOT visible

2018-12-12 17:06:44 - [TEST_STEP][PASSED] - callTestCase: Call Test Case 'Test Cases/Final Aug 2018 - PKS Automation/Common/IC Generator' successfully

2018-12-12 17:06:44 - [TEST_CASE][PASSED] - Test Cases/Final Aug 2018 - PKS Automation/Common/IC Generator: Test Cases/Final Aug 2018 - PKS Automation/Common/IC Generator

2018-12-12 17:06:44 - [TEST_STEP][PASSED] - Statement - rnd = new java.util.Random(): null

2018-12-12 17:06:44 - [TEST_STEP][PASSED] - Statement - snum = rnd.nextInt(899999 + 1) + 100000: null

2018-12-12 17:06:44 - [TEST_STEP][PASSED] - Statement - tnum = rnd.nextInt(899999 + 1) + 100000: null

2018-12-12 17:06:44 - [TEST_STEP][PASSED] - Statement - IC = java.lang.Integer.toString(snum) + java.lang.Integer.toString(tnum): null

2018-12-12 17:06:44 - [TEST_STEP][PASSED] - Statement - ICtoAdd = IC: null

2018-12-12 17:06:44 - [TEST_STEP][PASSED] - Statement - out.println(ICtoAdd): null

2018-12-12 17:06:44 - [MESSAGE][PASSED] - Call Test Case 'Test Cases/Final Aug 2018 - PKS Automation/Common/IC Generator' successfully

2018-12-12 17:06:44 - [TEST_STEP][PASSED] - delay: Delayed 1 second(s)

2018-12-12 17:06:45 - [MESSAGE][PASSED] - Delayed 1 second(s)

2018-12-12 17:06:45 - [TEST_STEP][PASSED] - setText: Text '711447696939' is set on object 'Object Repository/Final Object Repo/Page_Update Add New Employee - ASSIST/NRIC Input'

2018-12-12 17:06:45 - [MESSAGE][PASSED] - Text '711447696939' is set on object 'Object Repository/Final Object Repo/Page_Update Add New Employee - ASSIST/NRIC Input'

2018-12-12 17:06:45 - [TEST_STEP][PASSED] - delay: Delayed 2 second(s)

2018-12-12 17:06:47 - [MESSAGE][PASSED] - Delayed 2 second(s)

2018-12-12 17:06:47 - [TEST_STEP][PASSED] - click: Object: 'Object Repository/Final Object Repo/Page_Update Add New Employee - ASSIST/button for search for IC' is clicked on

2018-12-12 17:06:47 - [MESSAGE][PASSED] - Object: 'Object Repository/Final Object Repo/Page_Update Add New Employee - ASSIST/button for search for IC' is clicked on

2018-12-12 17:06:47 - [TEST_STEP][PASSED] - delay: Object 'Object Repository/Final Object Repo/Page_Update Add New Employee - ASSIST/No Duplicate Employee Cross' is visible

2018-12-12 17:06:48 - [MESSAGE][PASSED] - Delayed 1 second(s)

2018-12-12 17:06:49 - [MESSAGE][WARNING] - Object 'Object Repository/Final Object Repo/Page_Update Add New Employee - ASSIST/No Duplicate Employee Cross' is visible
[[ATTACHMENT|C:\\Users\\Admin\\Desktop\\PKS\\Perkeso Phase A\\Reports\\Critical Path\\20181212_150048\\1544605608853.png]]

2018-12-12 17:06:49 - [TEST_STEP][PASSED] - delay: Delayed 2 second(s)

2018-12-12 17:06:51 - [MESSAGE][PASSED] - Delayed 2 second(s)

2018-12-12 17:06:51 - [TEST_STEP][PASSED] - setText: Text 'Automate002 not eligible 1' is set on object 'Object Repository/Final Object Repo/Page_Update Add New Employee - ASSIST/Employee Name Input'

2018-12-12 17:06:51 - [MESSAGE][PASSED] - Text 'Automate002 not eligible 1' is set on object 'Object Repository/Final Object Repo/Page_Update Add New Employee - ASSIST/Employee Name Input'

2018-12-12 17:06:51 - [TEST_STEP][PASSED] - delay: Delayed 2 second(s)

2018-12-12 17:06:53 - [MESSAGE][PASSED] - Delayed 2 second(s)

2018-12-12 17:06:53 - [TEST_STEP][PASSED] - click: Object: 'Object Repository/Final Object Repo/Page_Update Add New Employee - ASSIST/DatePicker Pop Up' is clicked on

2018-12-12 17:06:54 - [MESSAGE][PASSED] - Object: 'Object Repository/Final Object Repo/Page_Update Add New Employee - ASSIST/DatePicker Pop Up' is clicked on

2018-12-12 17:06:54 - [TEST_STEP][PASSED] - delay: Delayed 2 second(s)

2018-12-12 17:06:56 - [MESSAGE][PASSED] - Delayed 2 second(s)

2018-12-12 17:06:56 - [TEST_STEP][PASSED] - click: Object: 'Object Repository/Final Object Repo/Page_Update Add New Employee - ASSIST/DOB Month' is clicked on

2018-12-12 17:06:56 - [MESSAGE][PASSED] - Object: 'Object Repository/Final Object Repo/Page_Update Add New Employee - ASSIST/DOB Month' is clicked on

2018-12-12 17:06:56 - [TEST_STEP][PASSED] - Statement - selectMonth = com.kms.katalon.core.webui.keyword.WebUiBuiltInKeywords.modifyObjectProperty(selectMonth, "xpath", "equals", "//body/div/div/div/select/option[@value="" + CurrentMonth + ""]", true): Modify property of object successfully

2018-12-12 17:06:56 - [MESSAGE][PASSED] - Modify property of object successfully

2018-12-12 17:06:56 - [TEST_STEP][PASSED] - click: Object: '' is clicked on

2018-12-12 17:06:56 - [MESSAGE][PASSED] - Object: '' is clicked on

2018-12-12 17:06:56 - [TEST_STEP][PASSED] - click: Object: 'Object Repository/Final Object Repo/Page_Update Add New Employee - ASSIST/DOB Year' is clicked on

2018-12-12 17:06:56 - [MESSAGE][PASSED] - Object: 'Object Repository/Final Object Repo/Page_Update Add New Employee - ASSIST/DOB Year' is clicked on

2018-12-12 17:06:56 - [TEST_STEP][PASSED] - Statement - selectYear = com.kms.katalon.core.webui.keyword.WebUiBuiltInKeywords.modifyObjectProperty(selectYear, "xpath", "equals", "//div/div/div/select/option[@value="" + EighteenYrsBefore + ""]", true): Modify property of object successfully

2018-12-12 17:06:56 - [MESSAGE][PASSED] - Modify property of object successfully

2018-12-12 17:06:56 - [TEST_STEP][PASSED] - click: Object: '' is clicked on

2018-12-12 17:06:56 - [MESSAGE][PASSED] - Object: '' is clicked on

2018-12-12 17:06:56 - [TEST_STEP][PASSED] - Statement - UpdatedSelectDate = com.kms.katalon.core.webui.keyword.WebUiBuiltInKeywords.modifyObjectProperty(com.kms.katalon.core.testobject.ObjectRepository.findTestObject(Final Object Repo/Page_Update Add New Employee - ASSIST/DOB Date), "xpath", "equals", "//body/div/table/tbody/tr/td/a[text()="" + OneDayBefore + ""]", true): Modify property of object successfully

2018-12-12 17:06:56 - [MESSAGE][PASSED] - Modify property of object successfully

2018-12-12 17:06:56 - [TEST_STEP][PASSED] - click: Object: 'Object Repository/Final Object Repo/Page_Update Add New Employee - ASSIST/DOB Date' is clicked on

2018-12-12 17:06:56 - [MESSAGE][PASSED] - Object: 'Object Repository/Final Object Repo/Page_Update Add New Employee - ASSIST/DOB Date' is clicked on

2018-12-12 17:06:56 - [TEST_STEP][PASSED] - delay: Delayed 2 second(s)

2018-12-12 17:06:58 - [MESSAGE][PASSED] - Delayed 2 second(s)

2018-12-12 17:06:58 - [TEST_STEP][PASSED] - click: Object: 'Object Repository/Final Object Repo/Page_Update Add New Employee - ASSIST/EmploymentStartDate Pop Up' is clicked on

2018-12-12 17:06:59 - [MESSAGE][PASSED] - Object: 'Object Repository/Final Object Repo/Page_Update Add New Employee - ASSIST/EmploymentStartDate Pop Up' is clicked on

2018-12-12 17:06:59 - [TEST_STEP][PASSED] - delay: Delayed 2 second(s)

2018-12-12 17:07:01 - [MESSAGE][PASSED] - Delayed 2 second(s)

2018-12-12 17:07:01 - [TEST_STEP][PASSED] - click: Object: 'Object Repository/Final Object Repo/Page_Update Add New Employee - ASSIST/Socso Employment StartDate Month' is clicked on

2018-12-12 17:07:01 - [MESSAGE][PASSED] - Object: 'Object Repository/Final Object Repo/Page_Update Add New Employee - ASSIST/Socso Employment StartDate Month' is clicked on

2018-12-12 17:07:01 - [TEST_STEP][PASSED] - delay: Delayed 1 second(s)

2018-12-12 17:07:02 - [MESSAGE][PASSED] - Delayed 1 second(s)

2018-12-12 17:07:02 - [TEST_STEP][PASSED] - click: Object: 'Object Repository/Final Object Repo/Page_Update Add New Employee - ASSIST/Select Socso Employement Startdate Month' is clicked on

2018-12-12 17:07:02 - [MESSAGE][PASSED] - Object: 'Object Repository/Final Object Repo/Page_Update Add New Employee - ASSIST/Select Socso Employement Startdate Month' is clicked on

2018-12-12 17:07:02 - [TEST_STEP][PASSED] - delay: Delayed 2 second(s)

2018-12-12 17:07:04 - [MESSAGE][PASSED] - Delayed 2 second(s)

2018-12-12 17:07:04 - [TEST_STEP][PASSED] - click: Object: 'Object Repository/Final Object Repo/Page_Update Add New Employee - ASSIST/Socso Employment StartDate Year' is clicked on

2018-12-12 17:07:04 - [MESSAGE][PASSED] - Object: 'Object Repository/Final Object Repo/Page_Update Add New Employee - ASSIST/Socso Employment StartDate Year' is clicked on

2018-12-12 17:07:04 - [TEST_STEP][PASSED] - delay: Delayed 1 second(s)

2018-12-12 17:07:05 - [MESSAGE][PASSED] - Delayed 1 second(s)

2018-12-12 17:07:05 - [TEST_STEP][PASSED] - click: Object: 'Object Repository/Final Object Repo/Page_Update Add New Employee - ASSIST/Select Socso Employment Startdate Year' is clicked on

2018-12-12 17:07:05 - [MESSAGE][PASSED] - Object: 'Object Repository/Final Object Repo/Page_Update Add New Employee - ASSIST/Select Socso Employment Startdate Year' is clicked on

2018-12-12 17:07:05 - [TEST_STEP][PASSED] - delay: Delayed 2 second(s)

2018-12-12 17:07:07 - [MESSAGE][PASSED] - Delayed 2 second(s)

2018-12-12 17:07:07 - [TEST_STEP][PASSED] - click: Object: 'Object Repository/Final Object Repo/Page_Update Add New Employee - ASSIST/Socso Employment Start Date Day' is clicked on

2018-12-12 17:07:07 - [MESSAGE][PASSED] - Object: 'Object Repository/Final Object Repo/Page_Update Add New Employee - ASSIST/Socso Employment Start Date Day' is clicked on

2018-12-12 17:07:07 - [TEST_STEP][PASSED] - delay: Delayed 2 second(s)

2018-12-12 17:07:09 - [MESSAGE][PASSED] - Delayed 2 second(s)

2018-12-12 17:07:09 - [TEST_STEP][PASSED] - click: Object: 'Object Repository/Final Object Repo/Page_Update Add New Employee - ASSIST/Save Button for Add Employee' is clicked on

2018-12-12 17:07:10 - [MESSAGE][PASSED] - Object: 'Object Repository/Final Object Repo/Page_Update Add New Employee - ASSIST/Save Button for Add Employee' is clicked on

2018-12-12 17:07:10 - [TEST_STEP][PASSED] - delay: Delayed 10 second(s)

2018-12-12 17:07:20 - [MESSAGE][PASSED] - Delayed 10 second(s)

2018-12-12 17:07:20 - [TEST_STEP][PASSED] - click: Object: 'Object Repository/Final Object Repo/Page_Update Add New Employee - ASSIST/Add Employee Button' is clicked on

2018-12-12 17:07:20 - [MESSAGE][PASSED] - Object: 'Object Repository/Final Object Repo/Page_Update Add New Employee - ASSIST/Add Employee Button' is clicked on

2018-12-12 17:07:20 - [TEST_STEP][PASSED] - delay: Delayed 4 second(s)

2018-12-12 17:07:24 - [MESSAGE][PASSED] - Delayed 4 second(s)

2018-12-12 17:07:24 - [TEST_STEP][PASSED] - Statement - While (com.kms.katalon.core.webui.keyword.WebUiBuiltInKeywords.verifyElementNotVisible(com.kms.katalon.core.testobject.ObjectRepository.findTestObject(Final Object Repo/Page_Update Add New Employee - ASSIST/No Duplicate Employee Cross), OPTIONAL)): Object 'Object Repository/Final Object Repo/Page_Update Add New Employee - ASSIST/No Duplicate Employee Cross' is visible

2018-12-12 17:07:24 - [MESSAGE][PASSED] - Object 'Object Repository/Final Object Repo/Page_Update Add New Employee - ASSIST/No Duplicate Employee Cross' is NOT visible

2018-12-12 17:07:24 - [TEST_STEP][PASSED] - callTestCase: Call Test Case 'Test Cases/Final Aug 2018 - PKS Automation/Common/IC Generator' successfully

2018-12-12 17:07:24 - [TEST_CASE][PASSED] - Test Cases/Final Aug 2018 - PKS Automation/Common/IC Generator: Test Cases/Final Aug 2018 - PKS Automation/Common/IC Generator

2018-12-12 17:07:24 - [TEST_STEP][PASSED] - Statement - rnd = new java.util.Random(): null

2018-12-12 17:07:24 - [TEST_STEP][PASSED] - Statement - snum = rnd.nextInt(899999 + 1) + 100000: null

2018-12-12 17:07:24 - [TEST_STEP][PASSED] - Statement - tnum = rnd.nextInt(899999 + 1) + 100000: null

2018-12-12 17:07:24 - [TEST_STEP][PASSED] - Statement - IC = java.lang.Integer.toString(snum) + java.lang.Integer.toString(tnum): null

2018-12-12 17:07:24 - [TEST_STEP][PASSED] - Statement - ICtoAdd = IC: null

2018-12-12 17:07:24 - [TEST_STEP][PASSED] - Statement - out.println(ICtoAdd): null

2018-12-12 17:07:24 - [MESSAGE][PASSED] - Call Test Case 'Test Cases/Final Aug 2018 - PKS Automation/Common/IC Generator' successfully

2018-12-12 17:07:24 - [TEST_STEP][PASSED] - delay: Delayed 1 second(s)

2018-12-12 17:07:25 - [MESSAGE][PASSED] - Delayed 1 second(s)

2018-12-12 17:07:25 - [TEST_STEP][PASSED] - setText: Text '294956303086' is set on object 'Object Repository/Final Object Repo/Page_Update Add New Employee - ASSIST/NRIC Input'

2018-12-12 17:07:25 - [MESSAGE][PASSED] - Text '294956303086' is set on object 'Object Repository/Final Object Repo/Page_Update Add New Employee - ASSIST/NRIC Input'

2018-12-12 17:07:25 - [TEST_STEP][PASSED] - delay: Delayed 2 second(s)

2018-12-12 17:07:27 - [MESSAGE][PASSED] - Delayed 2 second(s)

2018-12-12 17:07:27 - [TEST_STEP][PASSED] - click: Object: 'Object Repository/Final Object Repo/Page_Update Add New Employee - ASSIST/button for search for IC' is clicked on

2018-12-12 17:07:28 - [MESSAGE][PASSED] - Object: 'Object Repository/Final Object Repo/Page_Update Add New Employee - ASSIST/button for search for IC' is clicked on

2018-12-12 17:07:28 - [TEST_STEP][PASSED] - delay: Object 'Object Repository/Final Object Repo/Page_Update Add New Employee - ASSIST/No Duplicate Employee Cross' is visible

2018-12-12 17:07:29 - [MESSAGE][PASSED] - Delayed 1 second(s)

2018-12-12 17:07:29 - [MESSAGE][WARNING] - Object 'Object Repository/Final Object Repo/Page_Update Add New Employee - ASSIST/No Duplicate Employee Cross' is visible
[[ATTACHMENT|C:\\Users\\Admin\\Desktop\\PKS\\Perkeso Phase A\\Reports\\Critical Path\\20181212_150048\\1544605649092.png]]

2018-12-12 17:07:29 - [TEST_STEP][PASSED] - delay: Delayed 2 second(s)

2018-12-12 17:07:31 - [MESSAGE][PASSED] - Delayed 2 second(s)

2018-12-12 17:07:31 - [TEST_STEP][PASSED] - setText: Text 'Automate002 not eligible 2' is set on object 'Object Repository/Final Object Repo/Page_Update Add New Employee - ASSIST/Employee Name Input'

2018-12-12 17:07:31 - [MESSAGE][PASSED] - Text 'Automate002 not eligible 2' is set on object 'Object Repository/Final Object Repo/Page_Update Add New Employee - ASSIST/Employee Name Input'

2018-12-12 17:07:31 - [TEST_STEP][PASSED] - delay: Delayed 2 second(s)

2018-12-12 17:07:33 - [MESSAGE][PASSED] - Delayed 2 second(s)

2018-12-12 17:07:33 - [TEST_STEP][PASSED] - click: Object: 'Object Repository/Final Object Repo/Page_Update Add New Employee - ASSIST/DatePicker Pop Up' is clicked on

2018-12-12 17:07:34 - [MESSAGE][PASSED] - Object: 'Object Repository/Final Object Repo/Page_Update Add New Employee - ASSIST/DatePicker Pop Up' is clicked on

2018-12-12 17:07:34 - [TEST_STEP][PASSED] - delay: Delayed 2 second(s)

2018-12-12 17:07:36 - [MESSAGE][PASSED] - Delayed 2 second(s)

2018-12-12 17:07:36 - [TEST_STEP][PASSED] - click: Object: 'Object Repository/Final Object Repo/Page_Update Add New Employee - ASSIST/DOB Month' is clicked on

2018-12-12 17:07:36 - [MESSAGE][PASSED] - Object: 'Object Repository/Final Object Repo/Page_Update Add New Employee - ASSIST/DOB Month' is clicked on

2018-12-12 17:07:36 - [TEST_STEP][PASSED] - Statement - selectMonth = com.kms.katalon.core.webui.keyword.WebUiBuiltInKeywords.modifyObjectProperty(selectMonth, "xpath", "equals", "//body/div/div/div/select/option[@value="" + CurrentMonth + ""]", true): Modify property of object successfully

2018-12-12 17:07:36 - [MESSAGE][PASSED] - Modify property of object successfully

2018-12-12 17:07:36 - [TEST_STEP][PASSED] - click: Object: '' is clicked on

2018-12-12 17:07:36 - [MESSAGE][PASSED] - Object: '' is clicked on

2018-12-12 17:07:36 - [TEST_STEP][PASSED] - click: Object: 'Object Repository/Final Object Repo/Page_Update Add New Employee - ASSIST/DOB Year' is clicked on

2018-12-12 17:07:36 - [MESSAGE][PASSED] - Object: 'Object Repository/Final Object Repo/Page_Update Add New Employee - ASSIST/DOB Year' is clicked on

2018-12-12 17:07:36 - [TEST_STEP][PASSED] - Statement - selectYear = com.kms.katalon.core.webui.keyword.WebUiBuiltInKeywords.modifyObjectProperty(selectYear, "xpath", "equals", "//div/div/div/select/option[@value="" + FiftysevenYrsBefore + ""]", true): Modify property of object successfully

2018-12-12 17:07:36 - [MESSAGE][PASSED] - Modify property of object successfully

2018-12-12 17:07:36 - [TEST_STEP][PASSED] - click: Object: '' is clicked on

2018-12-12 17:07:36 - [MESSAGE][PASSED] - Object: '' is clicked on

2018-12-12 17:07:36 - [TEST_STEP][PASSED] - Statement - UpdatedSelectDate = com.kms.katalon.core.webui.keyword.WebUiBuiltInKeywords.modifyObjectProperty(com.kms.katalon.core.testobject.ObjectRepository.findTestObject(Final Object Repo/Page_Update Add New Employee - ASSIST/DOB Date), "xpath", "equals", "//body/div/table/tbody/tr/td/a[text()="" + CurrentDate + ""]", true): Modify property of object successfully

2018-12-12 17:07:36 - [MESSAGE][PASSED] - Modify property of object successfully

2018-12-12 17:07:36 - [TEST_STEP][PASSED] - click: Object: 'Object Repository/Final Object Repo/Page_Update Add New Employee - ASSIST/DOB Date' is clicked on

2018-12-12 17:07:37 - [MESSAGE][PASSED] - Object: 'Object Repository/Final Object Repo/Page_Update Add New Employee - ASSIST/DOB Date' is clicked on

2018-12-12 17:07:37 - [TEST_STEP][PASSED] - click: Object: 'Object Repository/Final Object Repo/Page_Update Add New Employee - ASSIST/EmploymentStartDate Pop Up' is clicked on

2018-12-12 17:07:37 - [MESSAGE][PASSED] - Object: 'Object Repository/Final Object Repo/Page_Update Add New Employee - ASSIST/EmploymentStartDate Pop Up' is clicked on

2018-12-12 17:07:37 - [TEST_STEP][PASSED] - delay: Delayed 2 second(s)

2018-12-12 17:07:39 - [MESSAGE][PASSED] - Delayed 2 second(s)

2018-12-12 17:07:39 - [TEST_STEP][PASSED] - click: Object: 'Object Repository/Final Object Repo/Page_Update Add New Employee - ASSIST/Socso Employment StartDate Month' is clicked on

2018-12-12 17:07:39 - [MESSAGE][PASSED] - Object: 'Object Repository/Final Object Repo/Page_Update Add New Employee - ASSIST/Socso Employment StartDate Month' is clicked on

2018-12-12 17:07:39 - [TEST_STEP][PASSED] - delay: Delayed 1 second(s)

2018-12-12 17:07:40 - [MESSAGE][PASSED] - Delayed 1 second(s)

2018-12-12 17:07:40 - [TEST_STEP][PASSED] - click: Object: 'Object Repository/Final Object Repo/Page_Update Add New Employee - ASSIST/Select Socso Employement Startdate Month' is clicked on

2018-12-12 17:07:40 - [MESSAGE][PASSED] - Object: 'Object Repository/Final Object Repo/Page_Update Add New Employee - ASSIST/Select Socso Employement Startdate Month' is clicked on

2018-12-12 17:07:40 - [TEST_STEP][PASSED] - delay: Delayed 2 second(s)

2018-12-12 17:07:42 - [MESSAGE][PASSED] - Delayed 2 second(s)

2018-12-12 17:07:42 - [TEST_STEP][PASSED] - click: Object: 'Object Repository/Final Object Repo/Page_Update Add New Employee - ASSIST/Socso Employment StartDate Year' is clicked on

2018-12-12 17:07:42 - [MESSAGE][PASSED] - Object: 'Object Repository/Final Object Repo/Page_Update Add New Employee - ASSIST/Socso Employment StartDate Year' is clicked on

2018-12-12 17:07:42 - [TEST_STEP][PASSED] - delay: Delayed 1 second(s)

2018-12-12 17:07:43 - [MESSAGE][PASSED] - Delayed 1 second(s)

2018-12-12 17:07:43 - [TEST_STEP][PASSED] - click: Object: 'Object Repository/Final Object Repo/Page_Update Add New Employee - ASSIST/Select Socso Employment Startdate Year' is clicked on

2018-12-12 17:07:43 - [MESSAGE][PASSED] - Object: 'Object Repository/Final Object Repo/Page_Update Add New Employee - ASSIST/Select Socso Employment Startdate Year' is clicked on

2018-12-12 17:07:43 - [TEST_STEP][PASSED] - delay: Delayed 2 second(s)

2018-12-12 17:07:45 - [MESSAGE][PASSED] - Delayed 2 second(s)

2018-12-12 17:07:45 - [TEST_STEP][PASSED] - click: Object: 'Object Repository/Final Object Repo/Page_Update Add New Employee - ASSIST/Socso Employment Start Date Day' is clicked on

2018-12-12 17:07:46 - [MESSAGE][PASSED] - Object: 'Object Repository/Final Object Repo/Page_Update Add New Employee - ASSIST/Socso Employment Start Date Day' is clicked on

2018-12-12 17:07:46 - [TEST_STEP][PASSED] - delay: Delayed 4 second(s)

2018-12-12 17:07:50 - [MESSAGE][PASSED] - Delayed 4 second(s)

2018-12-12 17:07:50 - [TEST_STEP][PASSED] - click: Object: 'Object Repository/Final Object Repo/Page_Update Add New Employee - ASSIST/Save Button for Add Employee' is clicked on

2018-12-12 17:07:50 - [MESSAGE][PASSED] - Object: 'Object Repository/Final Object Repo/Page_Update Add New Employee - ASSIST/Save Button for Add Employee' is clicked on

2018-12-12 17:07:50 - [MESSAGE][PASSED] - Call Test Case 'Test Cases/Final Aug 2018 - PKS Automation/Registration Module/Workflow/Update Add New Employee/Template/Employee Adding/Employee Adding Action No Repeat IC - No Eligible Only' successfully

2018-12-12 17:07:50 - [TEST_STEP][PASSED] - delay: Delayed 4 second(s)

2018-12-12 17:07:54 - [MESSAGE][PASSED] - Delayed 4 second(s)

2018-12-12 17:07:54 - [TEST_STEP][PASSED] - Statement - CaseReferenceNo = com.kms.katalon.core.webui.keyword.WebUiBuiltInKeywords.getText(com.kms.katalon.core.testobject.ObjectRepository.findTestObject(Final Object Repo/Page_Update Add New Employee - ASSIST/RefNo)): Text of object 'Object Repository/Final Object Repo/Page_Update Add New Employee - ASSIST/RefNo' is: 'CAN12201800002313'

2018-12-12 17:07:54 - [MESSAGE][PASSED] - Text of object 'Object Repository/Final Object Repo/Page_Update Add New Employee - ASSIST/RefNo' is: 'CAN12201800002313'

2018-12-12 17:07:54 - [TEST_STEP][PASSED] - callTestCase: Call Test Case 'Test Cases/Final Aug 2018 - PKS Automation/Common/Reference Number Setter' successfully

2018-12-12 17:07:54 - [TEST_CASE][PASSED] - Test Cases/Final Aug 2018 - PKS Automation/Common/Reference Number Setter: Test Cases/Final Aug 2018 - PKS Automation/Common/Reference Number Setter

2018-12-12 17:07:54 - [TEST_STEP][PASSED] - Statement - RefNoOldFile = new java.io.File(C://Users//Admin//Desktop//PKS//Automation Reference Point//KatalonReference.txt): null

2018-12-12 17:07:54 - [TEST_STEP][PASSED] - Statement - RefNoOldFile.delete(): null

2018-12-12 17:07:54 - [TEST_STEP][PASSED] - delay: Delayed 5 second(s)

2018-12-12 17:07:59 - [MESSAGE][PASSED] - Delayed 5 second(s)

2018-12-12 17:07:59 - [TEST_STEP][PASSED] - Statement - RefNo = new java.io.File(C://Users//Admin//Desktop//PKS//Automation Reference Point//KatalonReference.txt): null

2018-12-12 17:07:59 - [TEST_STEP][PASSED] - Statement - f2 = new java.io.FileWriter(RefNo, false): null

2018-12-12 17:07:59 - [TEST_STEP][PASSED] - Statement - f2.write(CaseReferenceNo): null

2018-12-12 17:07:59 - [TEST_STEP][PASSED] - Statement - f2.close(): null

2018-12-12 17:07:59 - [TEST_STEP][PASSED] - Statement - out.println("


" + CaseReferenceNo + "


"): null

2018-12-12 17:07:59 - [MESSAGE][PASSED] - Call Test Case 'Test Cases/Final Aug 2018 - PKS Automation/Common/Reference Number Setter' successfully

2018-12-12 17:07:59 - [TEST_STEP][PASSED] - delay: Delayed 5 second(s)

2018-12-12 17:08:04 - [MESSAGE][PASSED] - Delayed 5 second(s)

2018-12-12 17:08:04 - [TEST_STEP][PASSED] - click: Object: 'Object Repository/Final Object Repo/Page_Update Add New Employee - ASSIST/Save  Continue Button' is clicked on

2018-12-12 17:08:04 - [MESSAGE][PASSED] - Object: 'Object Repository/Final Object Repo/Page_Update Add New Employee - ASSIST/Save  Continue Button' is clicked on

2018-12-12 17:08:04 - [TEST_STEP][PASSED] - delay: Delayed 10 second(s)

2018-12-12 17:08:14 - [MESSAGE][PASSED] - Delayed 10 second(s)

2018-12-12 17:08:14 - [TEST_STEP][PASSED] - click: Object: 'Object Repository/Final Object Repo/Page_Update Add New Employee - ASSIST/Save   Continue Supporting Doc Page' is clicked on

2018-12-12 17:08:14 - [MESSAGE][PASSED] - Object: 'Object Repository/Final Object Repo/Page_Update Add New Employee - ASSIST/Save   Continue Supporting Doc Page' is clicked on

2018-12-12 17:08:14 - [TEST_STEP][PASSED] - delay: Delayed 4 second(s)

2018-12-12 17:08:18 - [MESSAGE][PASSED] - Delayed 4 second(s)

2018-12-12 17:08:18 - [TEST_STEP][PASSED] - click: Object: 'Object Repository/Final Object Repo/Page_Update Add New Employee - ASSIST/Submit Button' is clicked on

2018-12-12 17:08:19 - [MESSAGE][PASSED] - Object: 'Object Repository/Final Object Repo/Page_Update Add New Employee - ASSIST/Submit Button' is clicked on

2018-12-12 17:08:19 - [TEST_STEP][PASSED] - delay: Delayed 4 second(s)

2018-12-12 17:08:23 - [MESSAGE][PASSED] - Delayed 4 second(s)

2018-12-12 17:08:23 - [TEST_STEP][PASSED] - click: Object: 'Object Repository/Final Object Repo/Page_Update Add New Employee - ASSIST/Confirm Submit Button' is clicked on

2018-12-12 17:08:23 - [MESSAGE][PASSED] - Object: 'Object Repository/Final Object Repo/Page_Update Add New Employee - ASSIST/Confirm Submit Button' is clicked on

2018-12-12 17:08:23 - [TEST_STEP][PASSED] - delay: Delayed 30 second(s)

2018-12-12 17:08:53 - [MESSAGE][PASSED] - Delayed 30 second(s)

2018-12-12 17:08:53 - [TEST_STEP][PASSED] - callTestCase: Call Test Case 'Test Cases/Final Aug 2018 - PKS Automation/Common/Screenshoting tool' successfully

2018-12-12 17:08:53 - [TEST_CASE][PASSED] - Test Cases/Final Aug 2018 - PKS Automation/Common/Screenshoting tool: Test Cases/Final Aug 2018 - PKS Automation/Common/Screenshoting tool

2018-12-12 17:08:53 - [TEST_STEP][PASSED] - delay: Delayed 15 second(s)

2018-12-12 17:09:08 - [MESSAGE][PASSED] - Delayed 15 second(s)

2018-12-12 17:09:08 - [TEST_STEP][PASSED] - Statement - driver = com.kms.katalon.core.webui.driver.DriverFactory.getWebDriver(): null

2018-12-12 17:09:08 - [TEST_STEP][PASSED] - Statement - driver.manage().timeouts().implicitlyWait(10, SECONDS): null

2018-12-12 17:09:08 - [TEST_STEP][PASSED] - Statement - PresavePath = KatalonScreenshots: null

2018-12-12 17:09:08 - [TEST_STEP][PASSED] - Statement - pathPrefix = "C:\Users\Public\Pictures\Sample Pictures\Katalon Screenshots\Automate Ending Screen": null

2018-12-12 17:09:08 - [TEST_STEP][PASSED] - Statement - finalPath = <not implemented yet for class: org.codehaus.groovy.ast.expr.EmptyExpression>: null

2018-12-12 17:09:08 - [TEST_STEP][PASSED] - Statement - scrFile = driver.getScreenshotAs(FILE): null

2018-12-12 17:09:08 - [TEST_STEP][PASSED] - Statement - PreSaveFile = new java.io.File(PresavePath): null

2018-12-12 17:09:08 - [TEST_STEP][PASSED] - Statement - counter = 0: null

2018-12-12 17:09:08 - [TEST_STEP][PASSED] - Statement - If (PreSaveFile.exists()): null

2018-12-12 17:09:08 - [TEST_STEP][PASSED] - Statement - While (PreSaveFile.exists()): null

2018-12-12 17:09:08 - [TEST_STEP][PASSED] - Statement - counter = counter + 1: null

2018-12-12 17:09:08 - [TEST_STEP][PASSED] - Statement - PreSaveFile = new java.io.File(((pathPrefix + java.lang.Integer.toString(counter)) + .png)): null

2018-12-12 17:09:08 - [TEST_STEP][PASSED] - Statement - counter = counter + 1: null

2018-12-12 17:09:08 - [TEST_STEP][PASSED] - Statement - PreSaveFile = new java.io.File(((pathPrefix + java.lang.Integer.toString(counter)) + .png)): null

2018-12-12 17:09:08 - [TEST_STEP][PASSED] - Statement - counter = counter + 1: null

2018-12-12 17:09:08 - [TEST_STEP][PASSED] - Statement - PreSaveFile = new java.io.File(((pathPrefix + java.lang.Integer.toString(counter)) + .png)): null

2018-12-12 17:09:08 - [TEST_STEP][PASSED] - Statement - counter = counter + 1: null

2018-12-12 17:09:08 - [TEST_STEP][PASSED] - Statement - PreSaveFile = new java.io.File(((pathPrefix + java.lang.Integer.toString(counter)) + .png)): null

2018-12-12 17:09:08 - [TEST_STEP][PASSED] - Statement - counter = counter + 1: null

2018-12-12 17:09:08 - [TEST_STEP][PASSED] - Statement - PreSaveFile = new java.io.File(((pathPrefix + java.lang.Integer.toString(counter)) + .png)): null

2018-12-12 17:09:08 - [TEST_STEP][PASSED] - Statement - counter = counter + 1: null

2018-12-12 17:09:08 - [TEST_STEP][PASSED] - Statement - PreSaveFile = new java.io.File(((pathPrefix + java.lang.Integer.toString(counter)) + .png)): null

2018-12-12 17:09:08 - [TEST_STEP][PASSED] - Statement - counter = counter + 1: null

2018-12-12 17:09:08 - [TEST_STEP][PASSED] - Statement - PreSaveFile = new java.io.File(((pathPrefix + java.lang.Integer.toString(counter)) + .png)): null

2018-12-12 17:09:08 - [TEST_STEP][PASSED] - Statement - counter = counter + 1: null

2018-12-12 17:09:08 - [TEST_STEP][PASSED] - Statement - PreSaveFile = new java.io.File(((pathPrefix + java.lang.Integer.toString(counter)) + .png)): null

2018-12-12 17:09:08 - [TEST_STEP][PASSED] - Statement - counter = counter + 1: null

2018-12-12 17:09:08 - [TEST_STEP][PASSED] - Statement - PreSaveFile = new java.io.File(((pathPrefix + java.lang.Integer.toString(counter)) + .png)): null

2018-12-12 17:09:08 - [TEST_STEP][PASSED] - Statement - counter = counter + 1: null

2018-12-12 17:09:08 - [TEST_STEP][PASSED] - Statement - PreSaveFile = new java.io.File(((pathPrefix + java.lang.Integer.toString(counter)) + .png)): null

2018-12-12 17:09:08 - [TEST_STEP][PASSED] - Statement - counter = counter + 1: null

2018-12-12 17:09:08 - [TEST_STEP][PASSED] - Statement - PreSaveFile = new java.io.File(((pathPrefix + java.lang.Integer.toString(counter)) + .png)): null

2018-12-12 17:09:08 - [TEST_STEP][PASSED] - Statement - counter = counter + 1: null

2018-12-12 17:09:08 - [TEST_STEP][PASSED] - Statement - PreSaveFile = new java.io.File(((pathPrefix + java.lang.Integer.toString(counter)) + .png)): null

2018-12-12 17:09:08 - [TEST_STEP][PASSED] - Statement - counter = counter + 1: null

2018-12-12 17:09:08 - [TEST_STEP][PASSED] - Statement - PreSaveFile = new java.io.File(((pathPrefix + java.lang.Integer.toString(counter)) + .png)): null

2018-12-12 17:09:08 - [TEST_STEP][PASSED] - Statement - counter = counter + 1: null

2018-12-12 17:09:08 - [TEST_STEP][PASSED] - Statement - PreSaveFile = new java.io.File(((pathPrefix + java.lang.Integer.toString(counter)) + .png)): null

2018-12-12 17:09:08 - [TEST_STEP][PASSED] - Statement - counter = counter + 1: null

2018-12-12 17:09:08 - [TEST_STEP][PASSED] - Statement - PreSaveFile = new java.io.File(((pathPrefix + java.lang.Integer.toString(counter)) + .png)): null

2018-12-12 17:09:08 - [TEST_STEP][PASSED] - Statement - counter = counter + 1: null

2018-12-12 17:09:08 - [TEST_STEP][PASSED] - Statement - PreSaveFile = new java.io.File(((pathPrefix + java.lang.Integer.toString(counter)) + .png)): null

2018-12-12 17:09:08 - [TEST_STEP][PASSED] - Statement - counter = counter + 1: null

2018-12-12 17:09:08 - [TEST_STEP][PASSED] - Statement - PreSaveFile = new java.io.File(((pathPrefix + java.lang.Integer.toString(counter)) + .png)): null

2018-12-12 17:09:08 - [TEST_STEP][PASSED] - Statement - counter = counter + 1: null

2018-12-12 17:09:08 - [TEST_STEP][PASSED] - Statement - PreSaveFile = new java.io.File(((pathPrefix + java.lang.Integer.toString(counter)) + .png)): null

2018-12-12 17:09:08 - [TEST_STEP][PASSED] - Statement - counter = counter + 1: null

2018-12-12 17:09:08 - [TEST_STEP][PASSED] - Statement - PreSaveFile = new java.io.File(((pathPrefix + java.lang.Integer.toString(counter)) + .png)): null

2018-12-12 17:09:08 - [TEST_STEP][PASSED] - Statement - counter = counter + 1: null

2018-12-12 17:09:08 - [TEST_STEP][PASSED] - Statement - PreSaveFile = new java.io.File(((pathPrefix + java.lang.Integer.toString(counter)) + .png)): null

2018-12-12 17:09:08 - [TEST_STEP][PASSED] - Statement - counter = counter + 1: null

2018-12-12 17:09:08 - [TEST_STEP][PASSED] - Statement - PreSaveFile = new java.io.File(((pathPrefix + java.lang.Integer.toString(counter)) + .png)): null

2018-12-12 17:09:08 - [TEST_STEP][PASSED] - Statement - counter = counter + 1: null

2018-12-12 17:09:08 - [TEST_STEP][PASSED] - Statement - PreSaveFile = new java.io.File(((pathPrefix + java.lang.Integer.toString(counter)) + .png)): null

2018-12-12 17:09:08 - [TEST_STEP][PASSED] - Statement - counter = counter + 1: null

2018-12-12 17:09:08 - [TEST_STEP][PASSED] - Statement - PreSaveFile = new java.io.File(((pathPrefix + java.lang.Integer.toString(counter)) + .png)): null

2018-12-12 17:09:08 - [TEST_STEP][PASSED] - Statement - counter = counter + 1: null

2018-12-12 17:09:08 - [TEST_STEP][PASSED] - Statement - PreSaveFile = new java.io.File(((pathPrefix + java.lang.Integer.toString(counter)) + .png)): null

2018-12-12 17:09:08 - [TEST_STEP][PASSED] - Statement - counter = counter + 1: null

2018-12-12 17:09:08 - [TEST_STEP][PASSED] - Statement - PreSaveFile = new java.io.File(((pathPrefix + java.lang.Integer.toString(counter)) + .png)): null

2018-12-12 17:09:08 - [TEST_STEP][PASSED] - Statement - counter = counter + 1: null

2018-12-12 17:09:08 - [TEST_STEP][PASSED] - Statement - PreSaveFile = new java.io.File(((pathPrefix + java.lang.Integer.toString(counter)) + .png)): null

2018-12-12 17:09:08 - [TEST_STEP][PASSED] - Statement - counter = counter + 1: null

2018-12-12 17:09:08 - [TEST_STEP][PASSED] - Statement - PreSaveFile = new java.io.File(((pathPrefix + java.lang.Integer.toString(counter)) + .png)): null

2018-12-12 17:09:08 - [TEST_STEP][PASSED] - Statement - counter = counter + 1: null

2018-12-12 17:09:08 - [TEST_STEP][PASSED] - Statement - PreSaveFile = new java.io.File(((pathPrefix + java.lang.Integer.toString(counter)) + .png)): null

2018-12-12 17:09:08 - [TEST_STEP][PASSED] - Statement - counter = counter + 1: null

2018-12-12 17:09:08 - [TEST_STEP][PASSED] - Statement - PreSaveFile = new java.io.File(((pathPrefix + java.lang.Integer.toString(counter)) + .png)): null

2018-12-12 17:09:08 - [TEST_STEP][PASSED] - Statement - counter = counter + 1: null

2018-12-12 17:09:08 - [TEST_STEP][PASSED] - Statement - PreSaveFile = new java.io.File(((pathPrefix + java.lang.Integer.toString(counter)) + .png)): null

2018-12-12 17:09:08 - [TEST_STEP][PASSED] - Statement - counter = counter + 1: null

2018-12-12 17:09:08 - [TEST_STEP][PASSED] - Statement - PreSaveFile = new java.io.File(((pathPrefix + java.lang.Integer.toString(counter)) + .png)): null

2018-12-12 17:09:08 - [TEST_STEP][PASSED] - Statement - counter = counter + 1: null

2018-12-12 17:09:08 - [TEST_STEP][PASSED] - Statement - PreSaveFile = new java.io.File(((pathPrefix + java.lang.Integer.toString(counter)) + .png)): null

2018-12-12 17:09:08 - [TEST_STEP][PASSED] - Statement - counter = counter + 1: null

2018-12-12 17:09:08 - [TEST_STEP][PASSED] - Statement - PreSaveFile = new java.io.File(((pathPrefix + java.lang.Integer.toString(counter)) + .png)): null

2018-12-12 17:09:08 - [TEST_STEP][PASSED] - Statement - counter = counter + 1: null

2018-12-12 17:09:08 - [TEST_STEP][PASSED] - Statement - PreSaveFile = new java.io.File(((pathPrefix + java.lang.Integer.toString(counter)) + .png)): null

2018-12-12 17:09:08 - [TEST_STEP][PASSED] - Statement - counter = counter + 1: null

2018-12-12 17:09:08 - [TEST_STEP][PASSED] - Statement - PreSaveFile = new java.io.File(((pathPrefix + java.lang.Integer.toString(counter)) + .png)): null

2018-12-12 17:09:08 - [TEST_STEP][PASSED] - Statement - counter = counter + 1: null

2018-12-12 17:09:08 - [TEST_STEP][PASSED] - Statement - PreSaveFile = new java.io.File(((pathPrefix + java.lang.Integer.toString(counter)) + .png)): null

2018-12-12 17:09:08 - [TEST_STEP][PASSED] - Statement - counter = counter + 1: null

2018-12-12 17:09:08 - [TEST_STEP][PASSED] - Statement - PreSaveFile = new java.io.File(((pathPrefix + java.lang.Integer.toString(counter)) + .png)): null

2018-12-12 17:09:08 - [TEST_STEP][PASSED] - Statement - counter = counter + 1: null

2018-12-12 17:09:08 - [TEST_STEP][PASSED] - Statement - PreSaveFile = new java.io.File(((pathPrefix + java.lang.Integer.toString(counter)) + .png)): null

2018-12-12 17:09:08 - [TEST_STEP][PASSED] - Statement - counter = counter + 1: null

2018-12-12 17:09:08 - [TEST_STEP][PASSED] - Statement - PreSaveFile = new java.io.File(((pathPrefix + java.lang.Integer.toString(counter)) + .png)): null

2018-12-12 17:09:08 - [TEST_STEP][PASSED] - Statement - counter = counter + 1: null

2018-12-12 17:09:08 - [TEST_STEP][PASSED] - Statement - PreSaveFile = new java.io.File(((pathPrefix + java.lang.Integer.toString(counter)) + .png)): null

2018-12-12 17:09:08 - [TEST_STEP][PASSED] - Statement - counter = counter + 1: null

2018-12-12 17:09:08 - [TEST_STEP][PASSED] - Statement - PreSaveFile = new java.io.File(((pathPrefix + java.lang.Integer.toString(counter)) + .png)): null

2018-12-12 17:09:08 - [TEST_STEP][PASSED] - Statement - counter = counter + 1: null

2018-12-12 17:09:08 - [TEST_STEP][PASSED] - Statement - PreSaveFile = new java.io.File(((pathPrefix + java.lang.Integer.toString(counter)) + .png)): null

2018-12-12 17:09:08 - [TEST_STEP][PASSED] - Statement - counter = counter + 1: null

2018-12-12 17:09:08 - [TEST_STEP][PASSED] - Statement - PreSaveFile = new java.io.File(((pathPrefix + java.lang.Integer.toString(counter)) + .png)): null

2018-12-12 17:09:08 - [TEST_STEP][PASSED] - Statement - counter = counter + 1: null

2018-12-12 17:09:08 - [TEST_STEP][PASSED] - Statement - PreSaveFile = new java.io.File(((pathPrefix + java.lang.Integer.toString(counter)) + .png)): null

2018-12-12 17:09:08 - [TEST_STEP][PASSED] - Statement - counter = counter + 1: null

2018-12-12 17:09:08 - [TEST_STEP][PASSED] - Statement - PreSaveFile = new java.io.File(((pathPrefix + java.lang.Integer.toString(counter)) + .png)): null

2018-12-12 17:09:08 - [TEST_STEP][PASSED] - Statement - counter = counter + 1: null

2018-12-12 17:09:08 - [TEST_STEP][PASSED] - Statement - PreSaveFile = new java.io.File(((pathPrefix + java.lang.Integer.toString(counter)) + .png)): null

2018-12-12 17:09:08 - [TEST_STEP][PASSED] - Statement - counter = counter + 1: null

2018-12-12 17:09:08 - [TEST_STEP][PASSED] - Statement - PreSaveFile = new java.io.File(((pathPrefix + java.lang.Integer.toString(counter)) + .png)): null

2018-12-12 17:09:08 - [TEST_STEP][PASSED] - Statement - counter = counter + 1: null

2018-12-12 17:09:08 - [TEST_STEP][PASSED] - Statement - PreSaveFile = new java.io.File(((pathPrefix + java.lang.Integer.toString(counter)) + .png)): null

2018-12-12 17:09:08 - [TEST_STEP][PASSED] - Statement - counter = counter + 1: null

2018-12-12 17:09:08 - [TEST_STEP][PASSED] - Statement - PreSaveFile = new java.io.File(((pathPrefix + java.lang.Integer.toString(counter)) + .png)): null

2018-12-12 17:09:08 - [TEST_STEP][PASSED] - Statement - counter = counter + 1: null

2018-12-12 17:09:08 - [TEST_STEP][PASSED] - Statement - PreSaveFile = new java.io.File(((pathPrefix + java.lang.Integer.toString(counter)) + .png)): null

2018-12-12 17:09:08 - [TEST_STEP][PASSED] - Statement - counter = counter + 1: null

2018-12-12 17:09:08 - [TEST_STEP][PASSED] - Statement - PreSaveFile = new java.io.File(((pathPrefix + java.lang.Integer.toString(counter)) + .png)): null

2018-12-12 17:09:08 - [TEST_STEP][PASSED] - Statement - counter = counter + 1: null

2018-12-12 17:09:08 - [TEST_STEP][PASSED] - Statement - PreSaveFile = new java.io.File(((pathPrefix + java.lang.Integer.toString(counter)) + .png)): null

2018-12-12 17:09:08 - [TEST_STEP][PASSED] - Statement - counter = counter + 1: null

2018-12-12 17:09:08 - [TEST_STEP][PASSED] - Statement - PreSaveFile = new java.io.File(((pathPrefix + java.lang.Integer.toString(counter)) + .png)): null

2018-12-12 17:09:08 - [TEST_STEP][PASSED] - Statement - counter = counter + 1: null

2018-12-12 17:09:08 - [TEST_STEP][PASSED] - Statement - PreSaveFile = new java.io.File(((pathPrefix + java.lang.Integer.toString(counter)) + .png)): null

2018-12-12 17:09:08 - [TEST_STEP][PASSED] - Statement - counter = counter + 1: null

2018-12-12 17:09:08 - [TEST_STEP][PASSED] - Statement - PreSaveFile = new java.io.File(((pathPrefix + java.lang.Integer.toString(counter)) + .png)): null

2018-12-12 17:09:08 - [TEST_STEP][PASSED] - Statement - counter = counter + 1: null

2018-12-12 17:09:08 - [TEST_STEP][PASSED] - Statement - PreSaveFile = new java.io.File(((pathPrefix + java.lang.Integer.toString(counter)) + .png)): null

2018-12-12 17:09:08 - [TEST_STEP][PASSED] - Statement - counter = counter + 1: null

2018-12-12 17:09:08 - [TEST_STEP][PASSED] - Statement - PreSaveFile = new java.io.File(((pathPrefix + java.lang.Integer.toString(counter)) + .png)): null

2018-12-12 17:09:08 - [TEST_STEP][PASSED] - Statement - counter = counter + 1: null

2018-12-12 17:09:08 - [TEST_STEP][PASSED] - Statement - PreSaveFile = new java.io.File(((pathPrefix + java.lang.Integer.toString(counter)) + .png)): null

2018-12-12 17:09:08 - [TEST_STEP][PASSED] - Statement - counter = counter + 1: null

2018-12-12 17:09:08 - [TEST_STEP][PASSED] - Statement - PreSaveFile = new java.io.File(((pathPrefix + java.lang.Integer.toString(counter)) + .png)): null

2018-12-12 17:09:08 - [TEST_STEP][PASSED] - Statement - counter = counter + 1: null

2018-12-12 17:09:08 - [TEST_STEP][PASSED] - Statement - PreSaveFile = new java.io.File(((pathPrefix + java.lang.Integer.toString(counter)) + .png)): null

2018-12-12 17:09:08 - [TEST_STEP][PASSED] - Statement - counter = counter + 1: null

2018-12-12 17:09:08 - [TEST_STEP][PASSED] - Statement - PreSaveFile = new java.io.File(((pathPrefix + java.lang.Integer.toString(counter)) + .png)): null

2018-12-12 17:09:08 - [TEST_STEP][PASSED] - Statement - counter = counter + 1: null

2018-12-12 17:09:08 - [TEST_STEP][PASSED] - Statement - PreSaveFile = new java.io.File(((pathPrefix + java.lang.Integer.toString(counter)) + .png)): null

2018-12-12 17:09:08 - [TEST_STEP][PASSED] - Statement - counter = counter + 1: null

2018-12-12 17:09:08 - [TEST_STEP][PASSED] - Statement - PreSaveFile = new java.io.File(((pathPrefix + java.lang.Integer.toString(counter)) + .png)): null

2018-12-12 17:09:08 - [TEST_STEP][PASSED] - Statement - counter = counter + 1: null

2018-12-12 17:09:08 - [TEST_STEP][PASSED] - Statement - PreSaveFile = new java.io.File(((pathPrefix + java.lang.Integer.toString(counter)) + .png)): null

2018-12-12 17:09:08 - [TEST_STEP][PASSED] - Statement - counter = counter + 1: null

2018-12-12 17:09:08 - [TEST_STEP][PASSED] - Statement - PreSaveFile = new java.io.File(((pathPrefix + java.lang.Integer.toString(counter)) + .png)): null

2018-12-12 17:09:08 - [TEST_STEP][PASSED] - Statement - counter = counter + 1: null

2018-12-12 17:09:08 - [TEST_STEP][PASSED] - Statement - PreSaveFile = new java.io.File(((pathPrefix + java.lang.Integer.toString(counter)) + .png)): null

2018-12-12 17:09:08 - [TEST_STEP][PASSED] - Statement - counter = counter + 1: null

2018-12-12 17:09:08 - [TEST_STEP][PASSED] - Statement - PreSaveFile = new java.io.File(((pathPrefix + java.lang.Integer.toString(counter)) + .png)): null

2018-12-12 17:09:08 - [TEST_STEP][PASSED] - Statement - counter = counter + 1: null

2018-12-12 17:09:08 - [TEST_STEP][PASSED] - Statement - PreSaveFile = new java.io.File(((pathPrefix + java.lang.Integer.toString(counter)) + .png)): null

2018-12-12 17:09:08 - [TEST_STEP][PASSED] - Statement - counter = counter + 1: null

2018-12-12 17:09:08 - [TEST_STEP][PASSED] - Statement - PreSaveFile = new java.io.File(((pathPrefix + java.lang.Integer.toString(counter)) + .png)): null

2018-12-12 17:09:08 - [TEST_STEP][PASSED] - Statement - counter = counter + 1: null

2018-12-12 17:09:08 - [TEST_STEP][PASSED] - Statement - PreSaveFile = new java.io.File(((pathPrefix + java.lang.Integer.toString(counter)) + .png)): null

2018-12-12 17:09:08 - [TEST_STEP][PASSED] - Statement - counter = counter + 1: null

2018-12-12 17:09:08 - [TEST_STEP][PASSED] - Statement - PreSaveFile = new java.io.File(((pathPrefix + java.lang.Integer.toString(counter)) + .png)): null

2018-12-12 17:09:08 - [TEST_STEP][PASSED] - Statement - counter = counter + 1: null

2018-12-12 17:09:08 - [TEST_STEP][PASSED] - Statement - PreSaveFile = new java.io.File(((pathPrefix + java.lang.Integer.toString(counter)) + .png)): null

2018-12-12 17:09:08 - [TEST_STEP][PASSED] - Statement - counter = counter + 1: null

2018-12-12 17:09:08 - [TEST_STEP][PASSED] - Statement - PreSaveFile = new java.io.File(((pathPrefix + java.lang.Integer.toString(counter)) + .png)): null

2018-12-12 17:09:08 - [TEST_STEP][PASSED] - Statement - counter = counter + 1: null

2018-12-12 17:09:08 - [TEST_STEP][PASSED] - Statement - PreSaveFile = new java.io.File(((pathPrefix + java.lang.Integer.toString(counter)) + .png)): null

2018-12-12 17:09:08 - [TEST_STEP][PASSED] - Statement - counter = counter + 1: null

2018-12-12 17:09:08 - [TEST_STEP][PASSED] - Statement - PreSaveFile = new java.io.File(((pathPrefix + java.lang.Integer.toString(counter)) + .png)): null

2018-12-12 17:09:08 - [TEST_STEP][PASSED] - Statement - counter = counter + 1: null

2018-12-12 17:09:08 - [TEST_STEP][PASSED] - Statement - PreSaveFile = new java.io.File(((pathPrefix + java.lang.Integer.toString(counter)) + .png)): null

2018-12-12 17:09:08 - [TEST_STEP][PASSED] - Statement - counter = counter + 1: null

2018-12-12 17:09:08 - [TEST_STEP][PASSED] - Statement - PreSaveFile = new java.io.File(((pathPrefix + java.lang.Integer.toString(counter)) + .png)): null

2018-12-12 17:09:08 - [TEST_STEP][PASSED] - Statement - counter = counter + 1: null

2018-12-12 17:09:08 - [TEST_STEP][PASSED] - Statement - PreSaveFile = new java.io.File(((pathPrefix + java.lang.Integer.toString(counter)) + .png)): null

2018-12-12 17:09:08 - [TEST_STEP][PASSED] - Statement - counter = counter + 1: null

2018-12-12 17:09:08 - [TEST_STEP][PASSED] - Statement - PreSaveFile = new java.io.File(((pathPrefix + java.lang.Integer.toString(counter)) + .png)): null

2018-12-12 17:09:08 - [TEST_STEP][PASSED] - Statement - counter = counter + 1: null

2018-12-12 17:09:08 - [TEST_STEP][PASSED] - Statement - PreSaveFile = new java.io.File(((pathPrefix + java.lang.Integer.toString(counter)) + .png)): null

2018-12-12 17:09:08 - [TEST_STEP][PASSED] - Statement - counter = counter + 1: null

2018-12-12 17:09:08 - [TEST_STEP][PASSED] - Statement - PreSaveFile = new java.io.File(((pathPrefix + java.lang.Integer.toString(counter)) + .png)): null

2018-12-12 17:09:08 - [TEST_STEP][PASSED] - Statement - counter = counter + 1: null

2018-12-12 17:09:08 - [TEST_STEP][PASSED] - Statement - PreSaveFile = new java.io.File(((pathPrefix + java.lang.Integer.toString(counter)) + .png)): null

2018-12-12 17:09:08 - [TEST_STEP][PASSED] - Statement - counter = counter + 1: null

2018-12-12 17:09:08 - [TEST_STEP][PASSED] - Statement - PreSaveFile = new java.io.File(((pathPrefix + java.lang.Integer.toString(counter)) + .png)): null

2018-12-12 17:09:08 - [TEST_STEP][PASSED] - Statement - counter = counter + 1: null

2018-12-12 17:09:08 - [TEST_STEP][PASSED] - Statement - PreSaveFile = new java.io.File(((pathPrefix + java.lang.Integer.toString(counter)) + .png)): null

2018-12-12 17:09:08 - [TEST_STEP][PASSED] - Statement - counter = counter + 1: null

2018-12-12 17:09:08 - [TEST_STEP][PASSED] - Statement - PreSaveFile = new java.io.File(((pathPrefix + java.lang.Integer.toString(counter)) + .png)): null

2018-12-12 17:09:08 - [TEST_STEP][PASSED] - Statement - counter = counter + 1: null

2018-12-12 17:09:08 - [TEST_STEP][PASSED] - Statement - PreSaveFile = new java.io.File(((pathPrefix + java.lang.Integer.toString(counter)) + .png)): null

2018-12-12 17:09:08 - [TEST_STEP][PASSED] - Statement - counter = counter + 1: null

2018-12-12 17:09:08 - [TEST_STEP][PASSED] - Statement - PreSaveFile = new java.io.File(((pathPrefix + java.lang.Integer.toString(counter)) + .png)): null

2018-12-12 17:09:08 - [TEST_STEP][PASSED] - Statement - counter = counter + 1: null

2018-12-12 17:09:08 - [TEST_STEP][PASSED] - Statement - PreSaveFile = new java.io.File(((pathPrefix + java.lang.Integer.toString(counter)) + .png)): null

2018-12-12 17:09:08 - [TEST_STEP][PASSED] - Statement - counter = counter + 1: null

2018-12-12 17:09:08 - [TEST_STEP][PASSED] - Statement - PreSaveFile = new java.io.File(((pathPrefix + java.lang.Integer.toString(counter)) + .png)): null

2018-12-12 17:09:08 - [TEST_STEP][PASSED] - Statement - counter = counter + 1: null

2018-12-12 17:09:08 - [TEST_STEP][PASSED] - Statement - PreSaveFile = new java.io.File(((pathPrefix + java.lang.Integer.toString(counter)) + .png)): null

2018-12-12 17:09:08 - [TEST_STEP][PASSED] - Statement - counter = counter + 1: null

2018-12-12 17:09:08 - [TEST_STEP][PASSED] - Statement - PreSaveFile = new java.io.File(((pathPrefix + java.lang.Integer.toString(counter)) + .png)): null

2018-12-12 17:09:08 - [TEST_STEP][PASSED] - Statement - counter = counter + 1: null

2018-12-12 17:09:08 - [TEST_STEP][PASSED] - Statement - PreSaveFile = new java.io.File(((pathPrefix + java.lang.Integer.toString(counter)) + .png)): null

2018-12-12 17:09:08 - [TEST_STEP][PASSED] - Statement - counter = counter + 1: null

2018-12-12 17:09:09 - [TEST_STEP][PASSED] - Statement - PreSaveFile = new java.io.File(((pathPrefix + java.lang.Integer.toString(counter)) + .png)): null

2018-12-12 17:09:09 - [TEST_STEP][PASSED] - Statement - counter = counter + 1: null

2018-12-12 17:09:09 - [TEST_STEP][PASSED] - Statement - PreSaveFile = new java.io.File(((pathPrefix + java.lang.Integer.toString(counter)) + .png)): null

2018-12-12 17:09:09 - [TEST_STEP][PASSED] - Statement - counter = counter + 1: null

2018-12-12 17:09:09 - [TEST_STEP][PASSED] - Statement - PreSaveFile = new java.io.File(((pathPrefix + java.lang.Integer.toString(counter)) + .png)): null

2018-12-12 17:09:09 - [TEST_STEP][PASSED] - Statement - counter = counter + 1: null

2018-12-12 17:09:09 - [TEST_STEP][PASSED] - Statement - PreSaveFile = new java.io.File(((pathPrefix + java.lang.Integer.toString(counter)) + .png)): null

2018-12-12 17:09:09 - [TEST_STEP][PASSED] - Statement - counter = counter + 1: null

2018-12-12 17:09:09 - [TEST_STEP][PASSED] - Statement - PreSaveFile = new java.io.File(((pathPrefix + java.lang.Integer.toString(counter)) + .png)): null

2018-12-12 17:09:09 - [TEST_STEP][PASSED] - Statement - counter = counter + 1: null

2018-12-12 17:09:09 - [TEST_STEP][PASSED] - Statement - PreSaveFile = new java.io.File(((pathPrefix + java.lang.Integer.toString(counter)) + .png)): null

2018-12-12 17:09:09 - [TEST_STEP][PASSED] - Statement - counter = counter + 1: null

2018-12-12 17:09:09 - [TEST_STEP][PASSED] - Statement - PreSaveFile = new java.io.File(((pathPrefix + java.lang.Integer.toString(counter)) + .png)): null

2018-12-12 17:09:09 - [TEST_STEP][PASSED] - Statement - counter = counter + 1: null

2018-12-12 17:09:09 - [TEST_STEP][PASSED] - Statement - PreSaveFile = new java.io.File(((pathPrefix + java.lang.Integer.toString(counter)) + .png)): null

2018-12-12 17:09:09 - [TEST_STEP][PASSED] - Statement - counter = counter + 1: null

2018-12-12 17:09:09 - [TEST_STEP][PASSED] - Statement - PreSaveFile = new java.io.File(((pathPrefix + java.lang.Integer.toString(counter)) + .png)): null

2018-12-12 17:09:09 - [TEST_STEP][PASSED] - Statement - counter = counter + 1: null

2018-12-12 17:09:09 - [TEST_STEP][PASSED] - Statement - PreSaveFile = new java.io.File(((pathPrefix + java.lang.Integer.toString(counter)) + .png)): null

2018-12-12 17:09:09 - [TEST_STEP][PASSED] - Statement - counter = counter + 1: null

2018-12-12 17:09:09 - [TEST_STEP][PASSED] - Statement - PreSaveFile = new java.io.File(((pathPrefix + java.lang.Integer.toString(counter)) + .png)): null

2018-12-12 17:09:09 - [TEST_STEP][PASSED] - Statement - counter = counter + 1: null

2018-12-12 17:09:09 - [TEST_STEP][PASSED] - Statement - PreSaveFile = new java.io.File(((pathPrefix + java.lang.Integer.toString(counter)) + .png)): null

2018-12-12 17:09:09 - [TEST_STEP][PASSED] - Statement - counter = counter + 1: null

2018-12-12 17:09:09 - [TEST_STEP][PASSED] - Statement - PreSaveFile = new java.io.File(((pathPrefix + java.lang.Integer.toString(counter)) + .png)): null

2018-12-12 17:09:09 - [TEST_STEP][PASSED] - Statement - counter = counter + 1: null

2018-12-12 17:09:09 - [TEST_STEP][PASSED] - Statement - PreSaveFile = new java.io.File(((pathPrefix + java.lang.Integer.toString(counter)) + .png)): null

2018-12-12 17:09:09 - [TEST_STEP][PASSED] - Statement - counter = counter + 1: null

2018-12-12 17:09:09 - [TEST_STEP][PASSED] - Statement - PreSaveFile = new java.io.File(((pathPrefix + java.lang.Integer.toString(counter)) + .png)): null

2018-12-12 17:09:09 - [TEST_STEP][PASSED] - Statement - counter = counter + 1: null

2018-12-12 17:09:09 - [TEST_STEP][PASSED] - Statement - PreSaveFile = new java.io.File(((pathPrefix + java.lang.Integer.toString(counter)) + .png)): null

2018-12-12 17:09:09 - [TEST_STEP][PASSED] - Statement - counter = counter + 1: null

2018-12-12 17:09:09 - [TEST_STEP][PASSED] - Statement - PreSaveFile = new java.io.File(((pathPrefix + java.lang.Integer.toString(counter)) + .png)): null

2018-12-12 17:09:09 - [TEST_STEP][PASSED] - Statement - counter = counter + 1: null

2018-12-12 17:09:09 - [TEST_STEP][PASSED] - Statement - PreSaveFile = new java.io.File(((pathPrefix + java.lang.Integer.toString(counter)) + .png)): null

2018-12-12 17:09:09 - [TEST_STEP][PASSED] - Statement - counter = counter + 1: null

2018-12-12 17:09:09 - [TEST_STEP][PASSED] - Statement - PreSaveFile = new java.io.File(((pathPrefix + java.lang.Integer.toString(counter)) + .png)): null

2018-12-12 17:09:09 - [TEST_STEP][PASSED] - Statement - counter = counter + 1: null

2018-12-12 17:09:09 - [TEST_STEP][PASSED] - Statement - PreSaveFile = new java.io.File(((pathPrefix + java.lang.Integer.toString(counter)) + .png)): null

2018-12-12 17:09:09 - [TEST_STEP][PASSED] - Statement - counter = counter + 1: null

2018-12-12 17:09:09 - [TEST_STEP][PASSED] - Statement - PreSaveFile = new java.io.File(((pathPrefix + java.lang.Integer.toString(counter)) + .png)): null

2018-12-12 17:09:09 - [TEST_STEP][PASSED] - Statement - counter = counter + 1: null

2018-12-12 17:09:09 - [TEST_STEP][PASSED] - Statement - PreSaveFile = new java.io.File(((pathPrefix + java.lang.Integer.toString(counter)) + .png)): null

2018-12-12 17:09:09 - [TEST_STEP][PASSED] - Statement - counter = counter + 1: null

2018-12-12 17:09:09 - [TEST_STEP][PASSED] - Statement - PreSaveFile = new java.io.File(((pathPrefix + java.lang.Integer.toString(counter)) + .png)): null

2018-12-12 17:09:09 - [TEST_STEP][PASSED] - Statement - counter = counter + 1: null

2018-12-12 17:09:09 - [TEST_STEP][PASSED] - Statement - PreSaveFile = new java.io.File(((pathPrefix + java.lang.Integer.toString(counter)) + .png)): null

2018-12-12 17:09:09 - [TEST_STEP][PASSED] - Statement - counter = counter + 1: null

2018-12-12 17:09:09 - [TEST_STEP][PASSED] - Statement - PreSaveFile = new java.io.File(((pathPrefix + java.lang.Integer.toString(counter)) + .png)): null

2018-12-12 17:09:09 - [TEST_STEP][PASSED] - Statement - counter = counter + 1: null

2018-12-12 17:09:09 - [TEST_STEP][PASSED] - Statement - PreSaveFile = new java.io.File(((pathPrefix + java.lang.Integer.toString(counter)) + .png)): null

2018-12-12 17:09:09 - [TEST_STEP][PASSED] - Statement - counter = counter + 1: null

2018-12-12 17:09:09 - [TEST_STEP][PASSED] - Statement - PreSaveFile = new java.io.File(((pathPrefix + java.lang.Integer.toString(counter)) + .png)): null

2018-12-12 17:09:09 - [TEST_STEP][PASSED] - Statement - counter = counter + 1: null

2018-12-12 17:09:09 - [TEST_STEP][PASSED] - Statement - PreSaveFile = new java.io.File(((pathPrefix + java.lang.Integer.toString(counter)) + .png)): null

2018-12-12 17:09:09 - [TEST_STEP][PASSED] - Statement - counter = counter + 1: null

2018-12-12 17:09:09 - [TEST_STEP][PASSED] - Statement - PreSaveFile = new java.io.File(((pathPrefix + java.lang.Integer.toString(counter)) + .png)): null

2018-12-12 17:09:09 - [TEST_STEP][PASSED] - Statement - counter = counter + 1: null

2018-12-12 17:09:09 - [TEST_STEP][PASSED] - Statement - PreSaveFile = new java.io.File(((pathPrefix + java.lang.Integer.toString(counter)) + .png)): null

2018-12-12 17:09:09 - [TEST_STEP][PASSED] - Statement - counter = counter + 1: null

2018-12-12 17:09:09 - [TEST_STEP][PASSED] - Statement - PreSaveFile = new java.io.File(((pathPrefix + java.lang.Integer.toString(counter)) + .png)): null

2018-12-12 17:09:09 - [TEST_STEP][PASSED] - Statement - counter = counter + 1: null

2018-12-12 17:09:09 - [TEST_STEP][PASSED] - Statement - PreSaveFile = new java.io.File(((pathPrefix + java.lang.Integer.toString(counter)) + .png)): null

2018-12-12 17:09:09 - [TEST_STEP][PASSED] - Statement - counter = counter + 1: null

2018-12-12 17:09:09 - [TEST_STEP][PASSED] - Statement - PreSaveFile = new java.io.File(((pathPrefix + java.lang.Integer.toString(counter)) + .png)): null

2018-12-12 17:09:09 - [TEST_STEP][PASSED] - Statement - counter = counter + 1: null

2018-12-12 17:09:09 - [TEST_STEP][PASSED] - Statement - PreSaveFile = new java.io.File(((pathPrefix + java.lang.Integer.toString(counter)) + .png)): null

2018-12-12 17:09:09 - [TEST_STEP][PASSED] - Statement - counter = counter + 1: null

2018-12-12 17:09:09 - [TEST_STEP][PASSED] - Statement - PreSaveFile = new java.io.File(((pathPrefix + java.lang.Integer.toString(counter)) + .png)): null

2018-12-12 17:09:09 - [TEST_STEP][PASSED] - Statement - counter = counter + 1: null

2018-12-12 17:09:09 - [TEST_STEP][PASSED] - Statement - PreSaveFile = new java.io.File(((pathPrefix + java.lang.Integer.toString(counter)) + .png)): null

2018-12-12 17:09:09 - [TEST_STEP][PASSED] - Statement - counter = counter + 1: null

2018-12-12 17:09:09 - [TEST_STEP][PASSED] - Statement - PreSaveFile = new java.io.File(((pathPrefix + java.lang.Integer.toString(counter)) + .png)): null

2018-12-12 17:09:09 - [TEST_STEP][PASSED] - Statement - counter = counter + 1: null

2018-12-12 17:09:09 - [TEST_STEP][PASSED] - Statement - PreSaveFile = new java.io.File(((pathPrefix + java.lang.Integer.toString(counter)) + .png)): null

2018-12-12 17:09:09 - [TEST_STEP][PASSED] - Statement - counter = counter + 1: null

2018-12-12 17:09:09 - [TEST_STEP][PASSED] - Statement - PreSaveFile = new java.io.File(((pathPrefix + java.lang.Integer.toString(counter)) + .png)): null

2018-12-12 17:09:09 - [TEST_STEP][PASSED] - Statement - counter = counter + 1: null

2018-12-12 17:09:09 - [TEST_STEP][PASSED] - Statement - PreSaveFile = new java.io.File(((pathPrefix + java.lang.Integer.toString(counter)) + .png)): null

2018-12-12 17:09:09 - [TEST_STEP][PASSED] - Statement - counter = counter + 1: null

2018-12-12 17:09:09 - [TEST_STEP][PASSED] - Statement - PreSaveFile = new java.io.File(((pathPrefix + java.lang.Integer.toString(counter)) + .png)): null

2018-12-12 17:09:09 - [TEST_STEP][PASSED] - Statement - counter = counter + 1: null

2018-12-12 17:09:09 - [TEST_STEP][PASSED] - Statement - PreSaveFile = new java.io.File(((pathPrefix + java.lang.Integer.toString(counter)) + .png)): null

2018-12-12 17:09:09 - [TEST_STEP][PASSED] - Statement - counter = counter + 1: null

2018-12-12 17:09:09 - [TEST_STEP][PASSED] - Statement - PreSaveFile = new java.io.File(((pathPrefix + java.lang.Integer.toString(counter)) + .png)): null

2018-12-12 17:09:09 - [TEST_STEP][PASSED] - Statement - counter = counter + 1: null

2018-12-12 17:09:09 - [TEST_STEP][PASSED] - Statement - PreSaveFile = new java.io.File(((pathPrefix + java.lang.Integer.toString(counter)) + .png)): null

2018-12-12 17:09:09 - [TEST_STEP][PASSED] - Statement - counter = counter + 1: null

2018-12-12 17:09:09 - [TEST_STEP][PASSED] - Statement - PreSaveFile = new java.io.File(((pathPrefix + java.lang.Integer.toString(counter)) + .png)): null

2018-12-12 17:09:09 - [TEST_STEP][PASSED] - Statement - counter = counter + 1: null

2018-12-12 17:09:09 - [TEST_STEP][PASSED] - Statement - PreSaveFile = new java.io.File(((pathPrefix + java.lang.Integer.toString(counter)) + .png)): null

2018-12-12 17:09:09 - [TEST_STEP][PASSED] - Statement - counter = counter + 1: null

2018-12-12 17:09:09 - [TEST_STEP][PASSED] - Statement - PreSaveFile = new java.io.File(((pathPrefix + java.lang.Integer.toString(counter)) + .png)): null

2018-12-12 17:09:09 - [TEST_STEP][PASSED] - Statement - counter = counter + 1: null

2018-12-12 17:09:09 - [TEST_STEP][PASSED] - Statement - PreSaveFile = new java.io.File(((pathPrefix + java.lang.Integer.toString(counter)) + .png)): null

2018-12-12 17:09:09 - [TEST_STEP][PASSED] - Statement - counter = counter + 1: null

2018-12-12 17:09:09 - [TEST_STEP][PASSED] - Statement - PreSaveFile = new java.io.File(((pathPrefix + java.lang.Integer.toString(counter)) + .png)): null

2018-12-12 17:09:09 - [TEST_STEP][PASSED] - Statement - counter = counter + 1: null

2018-12-12 17:09:09 - [TEST_STEP][PASSED] - Statement - PreSaveFile = new java.io.File(((pathPrefix + java.lang.Integer.toString(counter)) + .png)): null

2018-12-12 17:09:09 - [TEST_STEP][PASSED] - Statement - counter = counter + 1: null

2018-12-12 17:09:09 - [TEST_STEP][PASSED] - Statement - PreSaveFile = new java.io.File(((pathPrefix + java.lang.Integer.toString(counter)) + .png)): null

2018-12-12 17:09:09 - [TEST_STEP][PASSED] - Statement - counter = counter + 1: null

2018-12-12 17:09:09 - [TEST_STEP][PASSED] - Statement - PreSaveFile = new java.io.File(((pathPrefix + java.lang.Integer.toString(counter)) + .png)): null

2018-12-12 17:09:09 - [TEST_STEP][PASSED] - Statement - counter = counter + 1: null

2018-12-12 17:09:09 - [TEST_STEP][PASSED] - Statement - PreSaveFile = new java.io.File(((pathPrefix + java.lang.Integer.toString(counter)) + .png)): null

2018-12-12 17:09:09 - [TEST_STEP][PASSED] - Statement - counter = counter + 1: null

2018-12-12 17:09:09 - [TEST_STEP][PASSED] - Statement - PreSaveFile = new java.io.File(((pathPrefix + java.lang.Integer.toString(counter)) + .png)): null

2018-12-12 17:09:09 - [TEST_STEP][PASSED] - Statement - counter = counter + 1: null

2018-12-12 17:09:09 - [TEST_STEP][PASSED] - Statement - PreSaveFile = new java.io.File(((pathPrefix + java.lang.Integer.toString(counter)) + .png)): null

2018-12-12 17:09:09 - [TEST_STEP][PASSED] - Statement - counter = counter + 1: null

2018-12-12 17:09:09 - [TEST_STEP][PASSED] - Statement - PreSaveFile = new java.io.File(((pathPrefix + java.lang.Integer.toString(counter)) + .png)): null

2018-12-12 17:09:09 - [TEST_STEP][PASSED] - Statement - counter = counter + 1: null

2018-12-12 17:09:09 - [TEST_STEP][PASSED] - Statement - PreSaveFile = new java.io.File(((pathPrefix + java.lang.Integer.toString(counter)) + .png)): null

2018-12-12 17:09:09 - [TEST_STEP][PASSED] - Statement - counter = counter + 1: null

2018-12-12 17:09:09 - [TEST_STEP][PASSED] - Statement - PreSaveFile = new java.io.File(((pathPrefix + java.lang.Integer.toString(counter)) + .png)): null

2018-12-12 17:09:09 - [TEST_STEP][PASSED] - Statement - counter = counter + 1: null

2018-12-12 17:09:09 - [TEST_STEP][PASSED] - Statement - PreSaveFile = new java.io.File(((pathPrefix + java.lang.Integer.toString(counter)) + .png)): null

2018-12-12 17:09:09 - [TEST_STEP][PASSED] - Statement - counter = counter + 1: null

2018-12-12 17:09:09 - [TEST_STEP][PASSED] - Statement - PreSaveFile = new java.io.File(((pathPrefix + java.lang.Integer.toString(counter)) + .png)): null

2018-12-12 17:09:09 - [TEST_STEP][PASSED] - Statement - counter = counter + 1: null

2018-12-12 17:09:09 - [TEST_STEP][PASSED] - Statement - PreSaveFile = new java.io.File(((pathPrefix + java.lang.Integer.toString(counter)) + .png)): null

2018-12-12 17:09:09 - [TEST_STEP][PASSED] - Statement - counter = counter + 1: null

2018-12-12 17:09:09 - [TEST_STEP][PASSED] - Statement - PreSaveFile = new java.io.File(((pathPrefix + java.lang.Integer.toString(counter)) + .png)): null

2018-12-12 17:09:09 - [TEST_STEP][PASSED] - Statement - counter = counter + 1: null

2018-12-12 17:09:09 - [TEST_STEP][PASSED] - Statement - PreSaveFile = new java.io.File(((pathPrefix + java.lang.Integer.toString(counter)) + .png)): null

2018-12-12 17:09:09 - [TEST_STEP][PASSED] - Statement - counter = counter + 1: null

2018-12-12 17:09:09 - [TEST_STEP][PASSED] - Statement - PreSaveFile = new java.io.File(((pathPrefix + java.lang.Integer.toString(counter)) + .png)): null

2018-12-12 17:09:09 - [TEST_STEP][PASSED] - Statement - finalPath = pathPrefix + java.lang.Integer.toString(counter) + ".png": null

2018-12-12 17:09:09 - [TEST_STEP][PASSED] - Statement - SaveFile = new java.io.File(finalPath): null

2018-12-12 17:09:09 - [TEST_STEP][PASSED] - Statement - Try: null

2018-12-12 17:09:09 - [TEST_STEP][PASSED] - Statement - org.apache.commons.io.FileUtils.copyFile(scrFile, SaveFile): null

2018-12-12 17:09:09 - [TEST_STEP][PASSED] - Statement - out.println("file kept"): null

2018-12-12 17:09:09 - [TEST_STEP][PASSED] - delay: Delayed 10 second(s)

2018-12-12 17:09:19 - [MESSAGE][PASSED] - Delayed 10 second(s)

2018-12-12 17:09:19 - [MESSAGE][PASSED] - Call Test Case 'Test Cases/Final Aug 2018 - PKS Automation/Common/Screenshoting tool' successfully

2018-12-12 17:09:19 - [TEST_STEP][PASSED] - callTestCase: Call Test Case 'Test Cases/Final Aug 2018 - PKS Automation/Registration Module/Log Out/log out avoiding katalon tagging' successfully

2018-12-12 17:09:19 - [TEST_CASE][PASSED] - Test Cases/Final Aug 2018 - PKS Automation/Registration Module/Log Out/log out avoiding katalon tagging: Test Cases/Final Aug 2018 - PKS Automation/Registration Module/Log Out/log out avoiding katalon tagging

2018-12-12 17:09:19 - [TEST_STEP][PASSED] - navigateToUrl: Navigate to 'https://assist2-uat.perkeso.gov.my/c/portal/logout' successfully

2018-12-12 17:09:20 - [MESSAGE][PASSED] - Navigate to 'https://assist2-uat.perkeso.gov.my/c/portal/logout' successfully

2018-12-12 17:09:20 - [MESSAGE][PASSED] - Call Test Case 'Test Cases/Final Aug 2018 - PKS Automation/Registration Module/Log Out/log out avoiding katalon tagging' successfully]]></system-out>
         <system-err><![CDATA[]]></system-err>
      </testcase>
      <testcase name="Test Cases/Final Aug 2018 - PKS Automation/Registration Module/Critical Path/Update Employee Info by Employer" classname="Test Cases/Final Aug 2018 - PKS Automation/Registration Module/Critical Path/Update Employee Info by Employer" status="PASSED">
         <system-out><![CDATA[2018-12-12 17:09:20 - [TEST_CASE][PASSED] - Test Cases/Final Aug 2018 - PKS Automation/Registration Module/Critical Path/Update Employee Info by Employer: Test Cases/Final Aug 2018 - PKS Automation/Registration Module/Critical Path/Update Employee Info by Employer

2018-12-12 17:09:20 - [TEST_STEP][PASSED] - openBrowser: Browser is opened with url: ''

2018-12-12 17:09:20 - [MESSAGE][WARNING] - A browser is already opened. Closing browser and opening a new one

2018-12-12 17:09:23 - [MESSAGE][PASSED] - Browser is opened with url: ''

2018-12-12 17:09:23 - [TEST_STEP][PASSED] - navigateToUrl: Navigate to 'https://assist2-uat.perkeso.gov.my/login' successfully

2018-12-12 17:09:24 - [MESSAGE][PASSED] - Navigate to 'https://assist2-uat.perkeso.gov.my/login' successfully

2018-12-12 17:09:24 - [TEST_STEP][PASSED] - setText: Text 'johorotc1@gmail.com' is set on object 'Object Repository/Final Object Repo/Login Page/Internal User/Email Address'

2018-12-12 17:09:24 - [MESSAGE][PASSED] - Text 'johorotc1@gmail.com' is set on object 'Object Repository/Final Object Repo/Login Page/Internal User/Email Address'

2018-12-12 17:09:24 - [TEST_STEP][PASSED] - click: Object: 'Object Repository/Final Object Repo/Login Page/Internal User/Next Button' is clicked on

2018-12-12 17:09:24 - [MESSAGE][PASSED] - Object: 'Object Repository/Final Object Repo/Login Page/Internal User/Next Button' is clicked on

2018-12-12 17:09:24 - [TEST_STEP][PASSED] - delay: Delayed 1 second(s)

2018-12-12 17:09:25 - [MESSAGE][PASSED] - Delayed 1 second(s)

2018-12-12 17:09:25 - [TEST_STEP][PASSED] - setEncryptedText: Text ****** has been set on object 'Object Repository/Final Object Repo/Login Page/Internal User/Password'

2018-12-12 17:09:26 - [MESSAGE][PASSED] - Text ****** has been set on object 'Object Repository/Final Object Repo/Login Page/Internal User/Password'

2018-12-12 17:09:26 - [TEST_STEP][PASSED] - click: Object: 'Object Repository/Final Object Repo/Login Page/Internal User/Login Button' is clicked on

2018-12-12 17:09:26 - [MESSAGE][PASSED] - Object: 'Object Repository/Final Object Repo/Login Page/Internal User/Login Button' is clicked on

2018-12-12 17:09:26 - [TEST_STEP][PASSED] - Statement - Try: null

2018-12-12 17:09:26 - [TEST_STEP][PASSED] - Statement - Checker = com.kms.katalon.core.webui.keyword.WebUiBuiltInKeywords.verifyElementNotPresent("Final Object Repo/Landing Page/Select to English", 3): null

2018-12-12 17:09:26 - [TEST_STEP][PASSED] - Statement - Catch (Exception e): null

2018-12-12 17:09:26 - [TEST_STEP][PASSED] - Statement - e.printStackTrace(): null

2018-12-12 17:09:26 - [TEST_STEP][PASSED] - delay: Delayed 4 second(s)

2018-12-12 17:09:30 - [MESSAGE][PASSED] - Delayed 4 second(s)

2018-12-12 17:09:30 - [TEST_STEP][PASSED] - navigateToUrl: Navigate to 'https://assist2-uat.perkeso.gov.my/web/registration/update/update-employee-information-employer-' successfully

2018-12-12 17:09:31 - [MESSAGE][PASSED] - Navigate to 'https://assist2-uat.perkeso.gov.my/web/registration/update/update-employee-information-employer-' successfully

2018-12-12 17:09:31 - [TEST_STEP][PASSED] - setText: Text 'E1102001065V' is set on object 'Object Repository/Final Object Repo/Page_Update Employee Information By Employer/Employer Code'

2018-12-12 17:09:31 - [MESSAGE][PASSED] - Text 'E1102001065V' is set on object 'Object Repository/Final Object Repo/Page_Update Employee Information By Employer/Employer Code'

2018-12-12 17:09:31 - [TEST_STEP][PASSED] - click: Object: 'Object Repository/Final Object Repo/Page_Update Employee Information By Employer/Search Employer Code' is clicked on

2018-12-12 17:09:31 - [MESSAGE][PASSED] - Object: 'Object Repository/Final Object Repo/Page_Update Employee Information By Employer/Search Employer Code' is clicked on

2018-12-12 17:09:31 - [TEST_STEP][PASSED] - click: Object: 'Object Repository/Final Object Repo/Page_Update Employee Information By Employer/Edit Button' is clicked on

2018-12-12 17:09:35 - [MESSAGE][PASSED] - Object: 'Object Repository/Final Object Repo/Page_Update Employee Information By Employer/Edit Button' is clicked on

2018-12-12 17:09:35 - [TEST_STEP][PASSED] - click: Object: 'Object Repository/Final Object Repo/Page_Update Employee Information By Employer/Employee Name or New Identification' is clicked on

2018-12-12 17:09:35 - [MESSAGE][PASSED] - Object: 'Object Repository/Final Object Repo/Page_Update Employee Information By Employer/Employee Name or New Identification' is clicked on

2018-12-12 17:09:35 - [TEST_STEP][PASSED] - delay: Delayed 1 second(s)

2018-12-12 17:09:36 - [MESSAGE][PASSED] - Delayed 1 second(s)

2018-12-12 17:09:36 - [TEST_STEP][PASSED] - click: Object: 'Object Repository/Final Object Repo/Page_Update Employee Information By Employer/Selection - Employee Name' is clicked on

2018-12-12 17:09:36 - [MESSAGE][PASSED] - Object: 'Object Repository/Final Object Repo/Page_Update Employee Information By Employer/Selection - Employee Name' is clicked on

2018-12-12 17:09:36 - [TEST_STEP][PASSED] - delay: Delayed 1 second(s)

2018-12-12 17:09:37 - [MESSAGE][PASSED] - Delayed 1 second(s)

2018-12-12 17:09:37 - [TEST_STEP][PASSED] - setText: Text 'FFFC' is set on object 'Object Repository/Final Object Repo/Page_Update Employee Information By Employer/Employee Name'

2018-12-12 17:09:38 - [MESSAGE][PASSED] - Text 'FFFC' is set on object 'Object Repository/Final Object Repo/Page_Update Employee Information By Employer/Employee Name'

2018-12-12 17:09:38 - [TEST_STEP][PASSED] - delay: Delayed 2 second(s)

2018-12-12 17:09:40 - [MESSAGE][PASSED] - Delayed 2 second(s)

2018-12-12 17:09:40 - [TEST_STEP][PASSED] - click: Object: 'Object Repository/Final Object Repo/Page_Update Employee Information By Employer/Search Employee' is clicked on

2018-12-12 17:09:40 - [MESSAGE][PASSED] - Object: 'Object Repository/Final Object Repo/Page_Update Employee Information By Employer/Search Employee' is clicked on

2018-12-12 17:09:40 - [TEST_STEP][PASSED] - delay: Delayed 3 second(s)

2018-12-12 17:09:43 - [MESSAGE][PASSED] - Delayed 3 second(s)

2018-12-12 17:09:43 - [TEST_STEP][PASSED] - click: Object: 'Object Repository/Final Object Repo/Page_Update Employee Information By Employer/Employee Edit Button' is clicked on

2018-12-12 17:09:43 - [MESSAGE][PASSED] - Object: 'Object Repository/Final Object Repo/Page_Update Employee Information By Employer/Employee Edit Button' is clicked on

2018-12-12 17:09:43 - [TEST_STEP][PASSED] - delay: Delayed 3 second(s)

2018-12-12 17:09:46 - [MESSAGE][PASSED] - Delayed 3 second(s)

2018-12-12 17:09:46 - [TEST_STEP][PASSED] - clearText: Text of object 'Object Repository/Final Object Repo/Page_Update Employee Information By Employer/Page_Update Employee Information by Employer (Normal Flow)/Old ID' is cleared

2018-12-12 17:09:46 - [MESSAGE][PASSED] - Text of object 'Object Repository/Final Object Repo/Page_Update Employee Information By Employer/Page_Update Employee Information by Employer (Normal Flow)/Old ID' is cleared

2018-12-12 17:09:46 - [TEST_STEP][PASSED] - setText: Text '12345678' is set on object 'Object Repository/Final Object Repo/Page_Update Employee Information By Employer/Page_Update Employee Information by Employer (Normal Flow)/Old ID'

2018-12-12 17:09:47 - [MESSAGE][PASSED] - Text '12345678' is set on object 'Object Repository/Final Object Repo/Page_Update Employee Information By Employer/Page_Update Employee Information by Employer (Normal Flow)/Old ID'

2018-12-12 17:09:47 - [TEST_STEP][PASSED] - clearText: Text of object 'Object Repository/Final Object Repo/Page_Update Employee Information By Employer/Page_Update Employee Information by Employer (Normal Flow)/Employee Name' is cleared

2018-12-12 17:09:47 - [MESSAGE][PASSED] - Text of object 'Object Repository/Final Object Repo/Page_Update Employee Information By Employer/Page_Update Employee Information by Employer (Normal Flow)/Employee Name' is cleared

2018-12-12 17:09:47 - [TEST_STEP][PASSED] - setText: Text 'fffc' is set on object 'Object Repository/Final Object Repo/Page_Update Employee Information By Employer/Page_Update Employee Information by Employer (Normal Flow)/Employee Name'

2018-12-12 17:09:47 - [MESSAGE][PASSED] - Text 'fffc' is set on object 'Object Repository/Final Object Repo/Page_Update Employee Information By Employer/Page_Update Employee Information by Employer (Normal Flow)/Employee Name'

2018-12-12 17:09:47 - [TEST_STEP][PASSED] - click: Object: 'Object Repository/Final Object Repo/Page_Update Employee Information By Employer/Page_Update Employee Information by Employer (Normal Flow)/Male' is clicked on

2018-12-12 17:09:47 - [MESSAGE][PASSED] - Object: 'Object Repository/Final Object Repo/Page_Update Employee Information By Employer/Page_Update Employee Information by Employer (Normal Flow)/Male' is clicked on

2018-12-12 17:09:47 - [TEST_STEP][PASSED] - click: Object: 'Object Repository/Final Object Repo/Page_Update Employee Information By Employer/Save' is clicked on

2018-12-12 17:09:47 - [MESSAGE][PASSED] - Object: 'Object Repository/Final Object Repo/Page_Update Employee Information By Employer/Save' is clicked on

2018-12-12 17:09:47 - [TEST_STEP][PASSED] - delay: Delayed 5 second(s)

2018-12-12 17:09:52 - [MESSAGE][PASSED] - Delayed 5 second(s)

2018-12-12 17:09:52 - [TEST_STEP][PASSED] - click: Object: 'Object Repository/Final Object Repo/Page_Update Employee Information By Employer/Save  Continue in  Employee Information Page' is clicked on

2018-12-12 17:09:53 - [MESSAGE][PASSED] - Object: 'Object Repository/Final Object Repo/Page_Update Employee Information By Employer/Save  Continue in  Employee Information Page' is clicked on

2018-12-12 17:09:53 - [TEST_STEP][PASSED] - delay: Delayed 5 second(s)

2018-12-12 17:09:58 - [MESSAGE][PASSED] - Delayed 5 second(s)

2018-12-12 17:09:58 - [TEST_STEP][PASSED] - click: Object: 'Object Repository/Final Object Repo/Page_Update Employee Information By Employer/Save  Continue in Uploading Page 1' is clicked on

2018-12-12 17:09:58 - [MESSAGE][PASSED] - Object: 'Object Repository/Final Object Repo/Page_Update Employee Information By Employer/Save  Continue in Uploading Page 1' is clicked on

2018-12-12 17:09:58 - [TEST_STEP][PASSED] - delay: Delayed 5 second(s)

2018-12-12 17:10:03 - [MESSAGE][PASSED] - Delayed 5 second(s)

2018-12-12 17:10:03 - [TEST_STEP][PASSED] - click: Object: 'Object Repository/Final Object Repo/Page_Update Employee Information By Employer/Submit' is clicked on

2018-12-12 17:10:03 - [MESSAGE][PASSED] - Object: 'Object Repository/Final Object Repo/Page_Update Employee Information By Employer/Submit' is clicked on

2018-12-12 17:10:03 - [TEST_STEP][PASSED] - delay: Delayed 5 second(s)

2018-12-12 17:10:08 - [MESSAGE][PASSED] - Delayed 5 second(s)

2018-12-12 17:10:08 - [TEST_STEP][PASSED] - click: Object: 'Object Repository/Final Object Repo/Page_Update Employee Information By Employer/Confirm' is clicked on

2018-12-12 17:10:08 - [MESSAGE][PASSED] - Object: 'Object Repository/Final Object Repo/Page_Update Employee Information By Employer/Confirm' is clicked on]]></system-out>
         <system-err><![CDATA[]]></system-err>
      </testcase>
      <testcase name="Test Cases/Final Aug 2018 - PKS Automation/Registration Module/Critical Path/Update Employer Information" classname="Test Cases/Final Aug 2018 - PKS Automation/Registration Module/Critical Path/Update Employer Information" status="PASSED">
         <system-out><![CDATA[2018-12-12 17:10:08 - [TEST_CASE][PASSED] - Test Cases/Final Aug 2018 - PKS Automation/Registration Module/Critical Path/Update Employer Information: Test Cases/Final Aug 2018 - PKS Automation/Registration Module/Critical Path/Update Employer Information

2018-12-12 17:10:08 - [TEST_STEP][PASSED] - openBrowser: Browser is opened with url: ''

2018-12-12 17:10:08 - [MESSAGE][WARNING] - A browser is already opened. Closing browser and opening a new one

2018-12-12 17:10:11 - [MESSAGE][PASSED] - Browser is opened with url: ''

2018-12-12 17:10:11 - [TEST_STEP][PASSED] - navigateToUrl: Navigate to 'https://assist2-uat.perkeso.gov.my/login' successfully

2018-12-12 17:10:12 - [MESSAGE][PASSED] - Navigate to 'https://assist2-uat.perkeso.gov.my/login' successfully

2018-12-12 17:10:12 - [TEST_STEP][PASSED] - setText: Text 'johorotc1@gmail.com' is set on object 'Object Repository/Final Object Repo/Login Page/Internal User/Email Address'

2018-12-12 17:10:13 - [MESSAGE][PASSED] - Text 'johorotc1@gmail.com' is set on object 'Object Repository/Final Object Repo/Login Page/Internal User/Email Address'

2018-12-12 17:10:13 - [TEST_STEP][PASSED] - click: Object: 'Object Repository/Final Object Repo/Login Page/Internal User/Next Button' is clicked on

2018-12-12 17:10:13 - [MESSAGE][PASSED] - Object: 'Object Repository/Final Object Repo/Login Page/Internal User/Next Button' is clicked on

2018-12-12 17:10:13 - [TEST_STEP][PASSED] - delay: Delayed 1 second(s)

2018-12-12 17:10:14 - [MESSAGE][PASSED] - Delayed 1 second(s)

2018-12-12 17:10:14 - [TEST_STEP][PASSED] - setEncryptedText: Text ****** has been set on object 'Object Repository/Final Object Repo/Login Page/Internal User/Password'

2018-12-12 17:10:14 - [MESSAGE][PASSED] - Text ****** has been set on object 'Object Repository/Final Object Repo/Login Page/Internal User/Password'

2018-12-12 17:10:14 - [TEST_STEP][PASSED] - click: Object: 'Object Repository/Final Object Repo/Login Page/Internal User/Login Button' is clicked on

2018-12-12 17:10:14 - [MESSAGE][PASSED] - Object: 'Object Repository/Final Object Repo/Login Page/Internal User/Login Button' is clicked on

2018-12-12 17:10:14 - [TEST_STEP][PASSED] - Statement - Try: null

2018-12-12 17:10:14 - [TEST_STEP][PASSED] - Statement - Checker = com.kms.katalon.core.webui.keyword.WebUiBuiltInKeywords.verifyElementNotPresent("Final Object Repo/Landing Page/Select to English", 3): null

2018-12-12 17:10:14 - [TEST_STEP][PASSED] - Statement - Catch (Exception e): null

2018-12-12 17:10:14 - [TEST_STEP][PASSED] - Statement - e.printStackTrace(): null

2018-12-12 17:10:14 - [TEST_STEP][PASSED] - delay: Delayed 4 second(s)

2018-12-12 17:10:18 - [MESSAGE][PASSED] - Delayed 4 second(s)

2018-12-12 17:10:18 - [TEST_STEP][PASSED] - navigateToUrl: Navigate to 'https://assist2-uat.perkeso.gov.my/web/registration/update/update-employer-information' successfully

2018-12-12 17:10:19 - [MESSAGE][PASSED] - Navigate to 'https://assist2-uat.perkeso.gov.my/web/registration/update/update-employer-information' successfully

2018-12-12 17:10:19 - [TEST_STEP][PASSED] - setText: Text 'E1102001065V ' is set on object 'Object Repository/Final Object Repo/Page_Update Employer Information/Employer Code'

2018-12-12 17:10:19 - [MESSAGE][PASSED] - Text 'E1102001065V ' is set on object 'Object Repository/Final Object Repo/Page_Update Employer Information/Employer Code'

2018-12-12 17:10:19 - [TEST_STEP][PASSED] - click: Object: 'Object Repository/Final Object Repo/Page_Update Employer Information/Search Button' is clicked on

2018-12-12 17:10:20 - [MESSAGE][PASSED] - Object: 'Object Repository/Final Object Repo/Page_Update Employer Information/Search Button' is clicked on

2018-12-12 17:10:20 - [TEST_STEP][PASSED] - click: Object: 'Object Repository/Final Object Repo/Page_Update Employer Information/Edit Button' is clicked on

2018-12-12 17:10:24 - [MESSAGE][PASSED] - Object: 'Object Repository/Final Object Repo/Page_Update Employer Information/Edit Button' is clicked on

2018-12-12 17:10:24 - [TEST_STEP][NOT_RUN] - clearText: NOT_RUN: clearText

2018-12-12 17:10:24 - [MESSAGE][NOT_RUN] - NOT_RUN: clearText

2018-12-12 17:10:24 - [TEST_STEP][NOT_RUN] - setText: NOT_RUN: setText

2018-12-12 17:10:24 - [MESSAGE][NOT_RUN] - NOT_RUN: setText

2018-12-12 17:10:24 - [TEST_STEP][PASSED] - clearText: Text of object 'Object Repository/Final Object Repo/Page_Update Employer Information/Page_Update Employer Information (Normal Flow)/Address' is cleared

2018-12-12 17:10:24 - [MESSAGE][PASSED] - Text of object 'Object Repository/Final Object Repo/Page_Update Employer Information/Page_Update Employer Information (Normal Flow)/Address' is cleared

2018-12-12 17:10:24 - [TEST_STEP][PASSED] - setText: Text 'address' is set on object 'Object Repository/Final Object Repo/Page_Update Employer Information/Page_Update Employer Information (Normal Flow)/Address'

2018-12-12 17:10:24 - [MESSAGE][PASSED] - Text 'address' is set on object 'Object Repository/Final Object Repo/Page_Update Employer Information/Page_Update Employer Information (Normal Flow)/Address'

2018-12-12 17:10:24 - [TEST_STEP][PASSED] - clearText: Text of object 'Object Repository/Final Object Repo/Page_Update Employer Information/Page_Update Employer Information (Normal Flow)/input_P.O. Box' is cleared

2018-12-12 17:10:24 - [MESSAGE][PASSED] - Text of object 'Object Repository/Final Object Repo/Page_Update Employer Information/Page_Update Employer Information (Normal Flow)/input_P.O. Box' is cleared

2018-12-12 17:10:24 - [TEST_STEP][PASSED] - setText: Text '100' is set on object 'Object Repository/Final Object Repo/Page_Update Employer Information/Page_Update Employer Information (Normal Flow)/input_P.O. Box'

2018-12-12 17:10:24 - [MESSAGE][PASSED] - Text '100' is set on object 'Object Repository/Final Object Repo/Page_Update Employer Information/Page_Update Employer Information (Normal Flow)/input_P.O. Box'

2018-12-12 17:10:24 - [TEST_STEP][PASSED] - clearText: Text of object 'Object Repository/Final Object Repo/Page_Update Employer Information/Page_Update Employer Information (Normal Flow)/Locked Bag No' is cleared

2018-12-12 17:10:24 - [MESSAGE][PASSED] - Text of object 'Object Repository/Final Object Repo/Page_Update Employer Information/Page_Update Employer Information (Normal Flow)/Locked Bag No' is cleared

2018-12-12 17:10:24 - [TEST_STEP][PASSED] - setText: Text '100' is set on object 'Object Repository/Final Object Repo/Page_Update Employer Information/Page_Update Employer Information (Normal Flow)/Locked Bag No'

2018-12-12 17:10:25 - [MESSAGE][PASSED] - Text '100' is set on object 'Object Repository/Final Object Repo/Page_Update Employer Information/Page_Update Employer Information (Normal Flow)/Locked Bag No'

2018-12-12 17:10:25 - [TEST_STEP][PASSED] - clearText: Text of object 'Object Repository/Final Object Repo/Page_Update Employer Information/Page_Update Employer Information (Normal Flow)/Email' is cleared

2018-12-12 17:10:25 - [MESSAGE][PASSED] - Text of object 'Object Repository/Final Object Repo/Page_Update Employer Information/Page_Update Employer Information (Normal Flow)/Email' is cleared

2018-12-12 17:10:25 - [TEST_STEP][PASSED] - setText: Text 'perkeso@gmail.com' is set on object 'Object Repository/Final Object Repo/Page_Update Employer Information/Page_Update Employer Information (Normal Flow)/Email'

2018-12-12 17:10:25 - [MESSAGE][PASSED] - Text 'perkeso@gmail.com' is set on object 'Object Repository/Final Object Repo/Page_Update Employer Information/Page_Update Employer Information (Normal Flow)/Email'

2018-12-12 17:10:25 - [TEST_STEP][PASSED] - delay: Delayed 4 second(s)

2018-12-12 17:10:29 - [MESSAGE][PASSED] - Delayed 4 second(s)

2018-12-12 17:10:29 - [TEST_STEP][PASSED] - click: Object: 'Object Repository/Final Object Repo/Page_Update Employer Information/Save  Continue' is clicked on

2018-12-12 17:10:30 - [MESSAGE][PASSED] - Object: 'Object Repository/Final Object Repo/Page_Update Employer Information/Save  Continue' is clicked on

2018-12-12 17:10:30 - [TEST_STEP][PASSED] - delay: Delayed 4 second(s)

2018-12-12 17:10:34 - [MESSAGE][PASSED] - Delayed 4 second(s)

2018-12-12 17:10:34 - [TEST_STEP][PASSED] - click: Object: 'Object Repository/Final Object Repo/Page_Update Employer Information/Page_Update Employer Information UO (Query -OTC -UO)/Add Document' is clicked on

2018-12-12 17:10:34 - [MESSAGE][PASSED] - Object: 'Object Repository/Final Object Repo/Page_Update Employer Information/Page_Update Employer Information UO (Query -OTC -UO)/Add Document' is clicked on

2018-12-12 17:10:34 - [TEST_STEP][PASSED] - delay: Delayed 3 second(s)

2018-12-12 17:10:37 - [MESSAGE][PASSED] - Delayed 3 second(s)

2018-12-12 17:10:37 - [TEST_STEP][PASSED] - click: Object: 'Object Repository/Final Object Repo/Page_Update Employer Information/Page_Update Employer Information UO (Query -OTC -UO)/Document Type' is clicked on

2018-12-12 17:10:37 - [MESSAGE][PASSED] - Object: 'Object Repository/Final Object Repo/Page_Update Employer Information/Page_Update Employer Information UO (Query -OTC -UO)/Document Type' is clicked on

2018-12-12 17:10:37 - [TEST_STEP][PASSED] - click: Object: 'Object Repository/Final Object Repo/Page_Update Employer Information/Page_Update Employer Information UO (Query -OTC -UO)/Document Type - Other' is clicked on

2018-12-12 17:10:37 - [MESSAGE][PASSED] - Object: 'Object Repository/Final Object Repo/Page_Update Employer Information/Page_Update Employer Information UO (Query -OTC -UO)/Document Type - Other' is clicked on

2018-12-12 17:10:37 - [TEST_STEP][PASSED] - delay: Delayed 2 second(s)

2018-12-12 17:10:39 - [MESSAGE][PASSED] - Delayed 2 second(s)

2018-12-12 17:10:39 - [TEST_STEP][PASSED] - sendKeys: Keys 'C:\Users\Public\Pictures\Sample Pictures\Koala.jpg' sent to object: 'Object Repository/Final Object Repo/Page_Update Employer Information/Page_Update Employer Information UO (Query -OTC -UO)/Uploading File'

2018-12-12 17:10:39 - [MESSAGE][PASSED] - Keys 'C:\Users\Public\Pictures\Sample Pictures\Koala.jpg' sent to object: 'Object Repository/Final Object Repo/Page_Update Employer Information/Page_Update Employer Information UO (Query -OTC -UO)/Uploading File'

2018-12-12 17:10:39 - [TEST_STEP][PASSED] - delay: Delayed 2 second(s)

2018-12-12 17:10:41 - [MESSAGE][PASSED] - Delayed 2 second(s)

2018-12-12 17:10:41 - [TEST_STEP][PASSED] - click: Object: 'Object Repository/Final Object Repo/Page_Update Employer Information/Page_Update Employer Information UO (Query -OTC -UO)/Add Document in Uploading Page' is clicked on

2018-12-12 17:10:41 - [MESSAGE][PASSED] - Object: 'Object Repository/Final Object Repo/Page_Update Employer Information/Page_Update Employer Information UO (Query -OTC -UO)/Add Document in Uploading Page' is clicked on

2018-12-12 17:10:41 - [TEST_STEP][PASSED] - delay: Delayed 4 second(s)

2018-12-12 17:10:45 - [MESSAGE][PASSED] - Delayed 4 second(s)

2018-12-12 17:10:45 - [TEST_STEP][PASSED] - click: Object: 'Object Repository/Final Object Repo/Page_Update Employer Information/Save  Continue (1)' is clicked on

2018-12-12 17:10:46 - [MESSAGE][PASSED] - Object: 'Object Repository/Final Object Repo/Page_Update Employer Information/Save  Continue (1)' is clicked on

2018-12-12 17:10:46 - [TEST_STEP][PASSED] - delay: Delayed 4 second(s)

2018-12-12 17:10:50 - [MESSAGE][PASSED] - Delayed 4 second(s)

2018-12-12 17:10:50 - [TEST_STEP][PASSED] - click: Object: 'Object Repository/Final Object Repo/Page_Update Employer Information/Submit - Copy' is clicked on

2018-12-12 17:10:50 - [MESSAGE][PASSED] - Object: 'Object Repository/Final Object Repo/Page_Update Employer Information/Submit - Copy' is clicked on

2018-12-12 17:10:50 - [TEST_STEP][PASSED] - delay: Delayed 2 second(s)

2018-12-12 17:10:52 - [MESSAGE][PASSED] - Delayed 2 second(s)

2018-12-12 17:10:52 - [TEST_STEP][PASSED] - click: Object: 'Object Repository/Final Object Repo/Page_Update Employer Information/Confirm' is clicked on

2018-12-12 17:10:52 - [MESSAGE][PASSED] - Object: 'Object Repository/Final Object Repo/Page_Update Employer Information/Confirm' is clicked on]]></system-out>
         <system-err><![CDATA[]]></system-err>
      </testcase>
      <testcase name="Test Cases/Final Aug 2018 - PKS Automation/Registration Module/Critical Path/Update Add Supporting Document" classname="Test Cases/Final Aug 2018 - PKS Automation/Registration Module/Critical Path/Update Add Supporting Document" status="PASSED">
         <system-out><![CDATA[2018-12-12 17:10:52 - [TEST_CASE][PASSED] - Test Cases/Final Aug 2018 - PKS Automation/Registration Module/Critical Path/Update Add Supporting Document: Test Cases/Final Aug 2018 - PKS Automation/Registration Module/Critical Path/Update Add Supporting Document

2018-12-12 17:10:52 - [TEST_STEP][PASSED] - openBrowser: Browser is opened with url: ''

2018-12-12 17:10:52 - [MESSAGE][WARNING] - A browser is already opened. Closing browser and opening a new one

2018-12-12 17:10:55 - [MESSAGE][PASSED] - Browser is opened with url: ''

2018-12-12 17:10:55 - [TEST_STEP][PASSED] - navigateToUrl: Navigate to 'https://assist2-uat.perkeso.gov.my/login' successfully

2018-12-12 17:10:56 - [MESSAGE][PASSED] - Navigate to 'https://assist2-uat.perkeso.gov.my/login' successfully

2018-12-12 17:10:56 - [TEST_STEP][PASSED] - setText: Text 'johorotc1@gmail.com' is set on object 'Object Repository/Final Object Repo/Login Page/Internal User/Email Address'

2018-12-12 17:10:56 - [MESSAGE][PASSED] - Text 'johorotc1@gmail.com' is set on object 'Object Repository/Final Object Repo/Login Page/Internal User/Email Address'

2018-12-12 17:10:56 - [TEST_STEP][PASSED] - click: Object: 'Object Repository/Final Object Repo/Login Page/Internal User/Next Button' is clicked on

2018-12-12 17:10:57 - [MESSAGE][PASSED] - Object: 'Object Repository/Final Object Repo/Login Page/Internal User/Next Button' is clicked on

2018-12-12 17:10:57 - [TEST_STEP][PASSED] - delay: Delayed 1 second(s)

2018-12-12 17:10:58 - [MESSAGE][PASSED] - Delayed 1 second(s)

2018-12-12 17:10:58 - [TEST_STEP][PASSED] - setEncryptedText: Text ****** has been set on object 'Object Repository/Final Object Repo/Login Page/Internal User/Password'

2018-12-12 17:10:58 - [MESSAGE][PASSED] - Text ****** has been set on object 'Object Repository/Final Object Repo/Login Page/Internal User/Password'

2018-12-12 17:10:58 - [TEST_STEP][PASSED] - click: Object: 'Object Repository/Final Object Repo/Login Page/Internal User/Login Button' is clicked on

2018-12-12 17:10:58 - [MESSAGE][PASSED] - Object: 'Object Repository/Final Object Repo/Login Page/Internal User/Login Button' is clicked on

2018-12-12 17:10:58 - [TEST_STEP][PASSED] - Statement - Try: null

2018-12-12 17:10:58 - [TEST_STEP][PASSED] - Statement - Checker = com.kms.katalon.core.webui.keyword.WebUiBuiltInKeywords.verifyElementNotPresent("Final Object Repo/Landing Page/Select to English", 3): null

2018-12-12 17:10:58 - [TEST_STEP][PASSED] - Statement - Catch (Exception e): null

2018-12-12 17:10:58 - [TEST_STEP][PASSED] - Statement - e.printStackTrace(): null

2018-12-12 17:10:58 - [TEST_STEP][PASSED] - delay: Delayed 4 second(s)

2018-12-12 17:11:02 - [MESSAGE][PASSED] - Delayed 4 second(s)

2018-12-12 17:11:02 - [TEST_STEP][PASSED] - navigateToUrl: Navigate to 'https://assist2-uat.perkeso.gov.my/web/registration/update/update-add-supporting-document' successfully

2018-12-12 17:11:03 - [MESSAGE][PASSED] - Navigate to 'https://assist2-uat.perkeso.gov.my/web/registration/update/update-add-supporting-document' successfully

2018-12-12 17:11:03 - [TEST_STEP][PASSED] - setText: Text 'E1102001065V' is set on object 'Object Repository/Final Object Repo/Page_Update Add Supporting Document/Employer Code'

2018-12-12 17:11:03 - [MESSAGE][PASSED] - Text 'E1102001065V' is set on object 'Object Repository/Final Object Repo/Page_Update Add Supporting Document/Employer Code'

2018-12-12 17:11:03 - [TEST_STEP][PASSED] - click: Object: 'Object Repository/Final Object Repo/Page_Update Add Supporting Document/Search' is clicked on

2018-12-12 17:11:03 - [MESSAGE][PASSED] - Object: 'Object Repository/Final Object Repo/Page_Update Add Supporting Document/Search' is clicked on

2018-12-12 17:11:03 - [TEST_STEP][PASSED] - click: Object: 'Object Repository/Final Object Repo/Page_Update Add Supporting Document/Edit' is clicked on

2018-12-12 17:11:06 - [MESSAGE][PASSED] - Object: 'Object Repository/Final Object Repo/Page_Update Add Supporting Document/Edit' is clicked on

2018-12-12 17:11:06 - [TEST_STEP][PASSED] - click: Object: 'Object Repository/Final Object Repo/Page_Update Add Supporting Document/Add Document' is clicked on

2018-12-12 17:11:06 - [MESSAGE][PASSED] - Object: 'Object Repository/Final Object Repo/Page_Update Add Supporting Document/Add Document' is clicked on

2018-12-12 17:11:06 - [TEST_STEP][PASSED] - delay: Delayed 2 second(s)

2018-12-12 17:11:08 - [MESSAGE][PASSED] - Delayed 2 second(s)

2018-12-12 17:11:08 - [TEST_STEP][PASSED] - click: Object: 'Object Repository/Final Object Repo/Page_Update Add Supporting Document/Document Type' is clicked on

2018-12-12 17:11:08 - [MESSAGE][PASSED] - Object: 'Object Repository/Final Object Repo/Page_Update Add Supporting Document/Document Type' is clicked on

2018-12-12 17:11:08 - [TEST_STEP][PASSED] - delay: Delayed 2 second(s)

2018-12-12 17:11:10 - [MESSAGE][PASSED] - Delayed 2 second(s)

2018-12-12 17:11:10 - [TEST_STEP][PASSED] - click: Object: 'Object Repository/Final Object Repo/Page_Update Add Supporting Document/Document Type - Other' is clicked on

2018-12-12 17:11:11 - [MESSAGE][PASSED] - Object: 'Object Repository/Final Object Repo/Page_Update Add Supporting Document/Document Type - Other' is clicked on

2018-12-12 17:11:11 - [TEST_STEP][PASSED] - delay: Delayed 2 second(s)

2018-12-12 17:11:13 - [MESSAGE][PASSED] - Delayed 2 second(s)

2018-12-12 17:11:13 - [TEST_STEP][PASSED] - sendKeys: Keys 'C:\Users\Public\Pictures\Sample Pictures\Koala.jpg' sent to object: 'Object Repository/Final Object Repo/Page_Update Add Supporting Document/Uploading File'

2018-12-12 17:11:13 - [MESSAGE][PASSED] - Keys 'C:\Users\Public\Pictures\Sample Pictures\Koala.jpg' sent to object: 'Object Repository/Final Object Repo/Page_Update Add Supporting Document/Uploading File'

2018-12-12 17:11:13 - [TEST_STEP][PASSED] - delay: Delayed 2 second(s)

2018-12-12 17:11:15 - [MESSAGE][PASSED] - Delayed 2 second(s)

2018-12-12 17:11:15 - [TEST_STEP][PASSED] - click: Object: 'Object Repository/Final Object Repo/Page_Update Add Supporting Document/Add Document in uploading page' is clicked on

2018-12-12 17:11:15 - [MESSAGE][PASSED] - Object: 'Object Repository/Final Object Repo/Page_Update Add Supporting Document/Add Document in uploading page' is clicked on

2018-12-12 17:11:15 - [TEST_STEP][PASSED] - delay: Delayed 2 second(s)

2018-12-12 17:11:17 - [MESSAGE][PASSED] - Delayed 2 second(s)

2018-12-12 17:11:17 - [TEST_STEP][PASSED] - click: Object: 'Object Repository/Final Object Repo/Page_Update Add Supporting Document/Save and Continue in Uploading Page' is clicked on

2018-12-12 17:11:19 - [MESSAGE][PASSED] - Object: 'Object Repository/Final Object Repo/Page_Update Add Supporting Document/Save and Continue in Uploading Page' is clicked on

2018-12-12 17:11:19 - [TEST_STEP][PASSED] - delay: Delayed 2 second(s)

2018-12-12 17:11:21 - [MESSAGE][PASSED] - Delayed 2 second(s)

2018-12-12 17:11:21 - [TEST_STEP][PASSED] - click: Object: 'Object Repository/Final Object Repo/Page_Update Add Supporting Document/Submit' is clicked on

2018-12-12 17:11:23 - [MESSAGE][PASSED] - Object: 'Object Repository/Final Object Repo/Page_Update Add Supporting Document/Submit' is clicked on]]></system-out>
         <system-err><![CDATA[]]></system-err>
      </testcase>
      <testcase name="Test Cases/Final Aug 2018 - PKS Automation/Registration Module/Update Director and Owner Information/Update Director and Owner Information" classname="Test Cases/Final Aug 2018 - PKS Automation/Registration Module/Update Director and Owner Information/Update Director and Owner Information" status="PASSED">
         <system-out><![CDATA[2018-12-12 17:11:23 - [TEST_CASE][PASSED] - Test Cases/Final Aug 2018 - PKS Automation/Registration Module/Update Director and Owner Information/Update Director and Owner Information: Test Cases/Final Aug 2018 - PKS Automation/Registration Module/Update Director and Owner Information/Update Director and Owner Information

2018-12-12 17:11:23 - [TEST_STEP][PASSED] - openBrowser: Browser is opened with url: ''

2018-12-12 17:11:23 - [MESSAGE][WARNING] - A browser is already opened. Closing browser and opening a new one

2018-12-12 17:11:26 - [MESSAGE][PASSED] - Browser is opened with url: ''

2018-12-12 17:11:26 - [TEST_STEP][PASSED] - navigateToUrl: Navigate to 'https://assist2-uat.perkeso.gov.my/login' successfully

2018-12-12 17:11:27 - [MESSAGE][PASSED] - Navigate to 'https://assist2-uat.perkeso.gov.my/login' successfully

2018-12-12 17:11:27 - [TEST_STEP][PASSED] - setText: Text 'johorotc1@gmail.com' is set on object 'Object Repository/Final Object Repo/Login Page/Internal User/Email Address'

2018-12-12 17:11:27 - [MESSAGE][PASSED] - Text 'johorotc1@gmail.com' is set on object 'Object Repository/Final Object Repo/Login Page/Internal User/Email Address'

2018-12-12 17:11:27 - [TEST_STEP][PASSED] - click: Object: 'Object Repository/Final Object Repo/Login Page/Internal User/Next Button' is clicked on

2018-12-12 17:11:28 - [MESSAGE][PASSED] - Object: 'Object Repository/Final Object Repo/Login Page/Internal User/Next Button' is clicked on

2018-12-12 17:11:28 - [TEST_STEP][PASSED] - delay: Delayed 1 second(s)

2018-12-12 17:11:29 - [MESSAGE][PASSED] - Delayed 1 second(s)

2018-12-12 17:11:29 - [TEST_STEP][PASSED] - setEncryptedText: Text ****** has been set on object 'Object Repository/Final Object Repo/Login Page/Internal User/Password'

2018-12-12 17:11:29 - [MESSAGE][PASSED] - Text ****** has been set on object 'Object Repository/Final Object Repo/Login Page/Internal User/Password'

2018-12-12 17:11:29 - [TEST_STEP][PASSED] - click: Object: 'Object Repository/Final Object Repo/Login Page/Internal User/Login Button' is clicked on

2018-12-12 17:11:29 - [MESSAGE][PASSED] - Object: 'Object Repository/Final Object Repo/Login Page/Internal User/Login Button' is clicked on

2018-12-12 17:11:29 - [TEST_STEP][PASSED] - delay: Delayed 1 second(s)

2018-12-12 17:11:30 - [MESSAGE][PASSED] - Delayed 1 second(s)

2018-12-12 17:11:30 - [TEST_STEP][PASSED] - Statement - Try: Delayed 2 second(s)

2018-12-12 17:11:30 - [TEST_STEP][PASSED] - Statement - Checker = false: null

2018-12-12 17:11:30 - [TEST_STEP][PASSED] - Statement - Checker = com.kms.katalon.core.webui.keyword.WebUiBuiltInKeywords.verifyElementHasAttribute(com.kms.katalon.core.testobject.ObjectRepository.findTestObject(Final Object Repo/Landing Page/BM Detecting), "href", 20, OPTIONAL): Object 'Object Repository/Final Object Repo/Landing Page/BM Detecting' has attribute 'href'

2018-12-12 17:11:31 - [MESSAGE][PASSED] - Object 'Object Repository/Final Object Repo/Landing Page/BM Detecting' has attribute 'href'

2018-12-12 17:11:31 - [TEST_STEP][PASSED] - Statement - out.println(Checker): null

2018-12-12 17:11:31 - [TEST_STEP][PASSED] - Statement - If (Checker == false): null

2018-12-12 17:11:31 - [TEST_STEP][PASSED] - Statement - Else: null

2018-12-12 17:11:31 - [TEST_STEP][PASSED] - delay: Delayed 2 second(s)

2018-12-12 17:11:33 - [MESSAGE][PASSED] - Delayed 2 second(s)

2018-12-12 17:11:33 - [TEST_STEP][PASSED] - navigateToUrl: Navigate to 'https://assist2-uat.perkeso.gov.my/web/registration/update/update-director/owner-information' successfully

2018-12-12 17:11:34 - [MESSAGE][PASSED] - Navigate to 'https://assist2-uat.perkeso.gov.my/web/registration/update/update-director/owner-information' successfully

2018-12-12 17:11:34 - [TEST_STEP][PASSED] - setText: Text 'E1102001065V' is set on object 'Object Repository/Final Object Repo/Page_Update DirectorOwner Information/Employer Code'

2018-12-12 17:11:34 - [MESSAGE][PASSED] - Text 'E1102001065V' is set on object 'Object Repository/Final Object Repo/Page_Update DirectorOwner Information/Employer Code'

2018-12-12 17:11:34 - [TEST_STEP][PASSED] - click: Object: 'Object Repository/Final Object Repo/Page_Update DirectorOwner Information/Search' is clicked on

2018-12-12 17:11:34 - [MESSAGE][PASSED] - Object: 'Object Repository/Final Object Repo/Page_Update DirectorOwner Information/Search' is clicked on

2018-12-12 17:11:34 - [TEST_STEP][PASSED] - click: Object: 'Object Repository/Final Object Repo/Page_Update DirectorOwner Information/Edit' is clicked on

2018-12-12 17:11:38 - [MESSAGE][PASSED] - Object: 'Object Repository/Final Object Repo/Page_Update DirectorOwner Information/Edit' is clicked on

2018-12-12 17:11:38 - [TEST_STEP][PASSED] - delay: Delayed 3 second(s)

2018-12-12 17:11:41 - [MESSAGE][PASSED] - Delayed 3 second(s)

2018-12-12 17:11:41 - [TEST_STEP][PASSED] - click: Object: 'Object Repository/Final Object Repo/Page_Update DirectorOwner Information/Add Director' is clicked on

2018-12-12 17:11:41 - [MESSAGE][PASSED] - Object: 'Object Repository/Final Object Repo/Page_Update DirectorOwner Information/Add Director' is clicked on

2018-12-12 17:11:41 - [TEST_STEP][PASSED] - click: Object: 'Object Repository/Final Object Repo/Page_Update DirectorOwner Information/Identification Type' is clicked on

2018-12-12 17:11:43 - [MESSAGE][PASSED] - Object: 'Object Repository/Final Object Repo/Page_Update DirectorOwner Information/Identification Type' is clicked on

2018-12-12 17:11:43 - [TEST_STEP][PASSED] - click: Object: 'Object Repository/Final Object Repo/Page_Update DirectorOwner Information/Identification Type - IC' is clicked on

2018-12-12 17:11:43 - [MESSAGE][PASSED] - Object: 'Object Repository/Final Object Repo/Page_Update DirectorOwner Information/Identification Type - IC' is clicked on

2018-12-12 17:11:43 - [TEST_STEP][PASSED] - setText: Text '123456789012' is set on object 'Object Repository/Final Object Repo/Page_Update DirectorOwner Information/IC Number'

2018-12-12 17:11:44 - [MESSAGE][PASSED] - Text '123456789012' is set on object 'Object Repository/Final Object Repo/Page_Update DirectorOwner Information/IC Number'

2018-12-12 17:11:44 - [TEST_STEP][PASSED] - setText: Text 'perkeso' is set on object 'Object Repository/Final Object Repo/Page_Update DirectorOwner Information/input_DirectorOwner Name__sear'

2018-12-12 17:11:44 - [MESSAGE][PASSED] - Text 'perkeso' is set on object 'Object Repository/Final Object Repo/Page_Update DirectorOwner Information/input_DirectorOwner Name__sear'

2018-12-12 17:11:44 - [TEST_STEP][PASSED] - sendKeys: Keys 'address1' sent to object: 'Object Repository/Final Object Repo/Page_Update DirectorOwner Information/Address1'

2018-12-12 17:11:45 - [MESSAGE][PASSED] - Keys 'address1' sent to object: 'Object Repository/Final Object Repo/Page_Update DirectorOwner Information/Address1'

2018-12-12 17:11:45 - [TEST_STEP][PASSED] - sendKeys: Keys 'address2' sent to object: 'Object Repository/Final Object Repo/Page_Update DirectorOwner Information/Address2'

2018-12-12 17:11:45 - [MESSAGE][PASSED] - Keys 'address2' sent to object: 'Object Repository/Final Object Repo/Page_Update DirectorOwner Information/Address2'

2018-12-12 17:11:45 - [TEST_STEP][PASSED] - setText: Text 'address3' is set on object 'Object Repository/Final Object Repo/Page_Update DirectorOwner Information/Address3'

2018-12-12 17:11:45 - [MESSAGE][PASSED] - Text 'address3' is set on object 'Object Repository/Final Object Repo/Page_Update DirectorOwner Information/Address3'

2018-12-12 17:11:45 - [TEST_STEP][PASSED] - click: Object: 'Object Repository/Final Object Repo/Page_Update DirectorOwner Information/State' is clicked on

2018-12-12 17:11:45 - [MESSAGE][PASSED] - Object: 'Object Repository/Final Object Repo/Page_Update DirectorOwner Information/State' is clicked on

2018-12-12 17:11:45 - [TEST_STEP][PASSED] - delay: Delayed 2 second(s)

2018-12-12 17:11:47 - [MESSAGE][PASSED] - Delayed 2 second(s)

2018-12-12 17:11:47 - [TEST_STEP][PASSED] - click: Object: 'Object Repository/Final Object Repo/Page_Update DirectorOwner Information/State - Johor' is clicked on

2018-12-12 17:11:48 - [MESSAGE][PASSED] - Object: 'Object Repository/Final Object Repo/Page_Update DirectorOwner Information/State - Johor' is clicked on

2018-12-12 17:11:48 - [TEST_STEP][PASSED] - click: Object: 'Object Repository/Final Object Repo/Page_Update DirectorOwner Information/City' is clicked on

2018-12-12 17:11:48 - [MESSAGE][PASSED] - Object: 'Object Repository/Final Object Repo/Page_Update DirectorOwner Information/City' is clicked on

2018-12-12 17:11:48 - [TEST_STEP][PASSED] - delay: Delayed 2 second(s)

2018-12-12 17:11:50 - [MESSAGE][PASSED] - Delayed 2 second(s)

2018-12-12 17:11:50 - [TEST_STEP][PASSED] - setText: Text 'joh' is set on object 'Object Repository/Final Object Repo/Page_Update DirectorOwner Information/City - joh'

2018-12-12 17:11:50 - [MESSAGE][PASSED] - Text 'joh' is set on object 'Object Repository/Final Object Repo/Page_Update DirectorOwner Information/City - joh'

2018-12-12 17:11:50 - [TEST_STEP][PASSED] - delay: Delayed 2 second(s)

2018-12-12 17:11:52 - [MESSAGE][PASSED] - Delayed 2 second(s)

2018-12-12 17:11:52 - [TEST_STEP][PASSED] - click: Object: 'Object Repository/Final Object Repo/Page_Update DirectorOwner Information/span_JOHOR BAHRU' is clicked on

2018-12-12 17:11:53 - [MESSAGE][PASSED] - Object: 'Object Repository/Final Object Repo/Page_Update DirectorOwner Information/span_JOHOR BAHRU' is clicked on

2018-12-12 17:11:53 - [TEST_STEP][PASSED] - click: Object: 'Object Repository/Final Object Repo/Page_Update DirectorOwner Information/PostCode' is clicked on

2018-12-12 17:11:53 - [MESSAGE][PASSED] - Object: 'Object Repository/Final Object Repo/Page_Update DirectorOwner Information/PostCode' is clicked on

2018-12-12 17:11:53 - [TEST_STEP][PASSED] - delay: Delayed 2 second(s)

2018-12-12 17:11:55 - [MESSAGE][PASSED] - Delayed 2 second(s)

2018-12-12 17:11:55 - [TEST_STEP][PASSED] - setText: Text '810' is set on object 'Object Repository/Final Object Repo/Page_Update DirectorOwner Information/Post Code'

2018-12-12 17:11:55 - [MESSAGE][PASSED] - Text '810' is set on object 'Object Repository/Final Object Repo/Page_Update DirectorOwner Information/Post Code'

2018-12-12 17:11:55 - [TEST_STEP][PASSED] - delay: Delayed 3 second(s)

2018-12-12 17:11:58 - [MESSAGE][PASSED] - Delayed 3 second(s)

2018-12-12 17:11:58 - [TEST_STEP][PASSED] - click: Object: 'Object Repository/Final Object Repo/Page_Update DirectorOwner Information/span_81000' is clicked on

2018-12-12 17:11:59 - [MESSAGE][PASSED] - Object: 'Object Repository/Final Object Repo/Page_Update DirectorOwner Information/span_81000' is clicked on

2018-12-12 17:11:59 - [TEST_STEP][PASSED] - setText: Text '100' is set on object 'Object Repository/Final Object Repo/Page_Update DirectorOwner Information/input_P.O. Box'

2018-12-12 17:11:59 - [MESSAGE][PASSED] - Text '100' is set on object 'Object Repository/Final Object Repo/Page_Update DirectorOwner Information/input_P.O. Box'

2018-12-12 17:11:59 - [TEST_STEP][PASSED] - setText: Text '100' is set on object 'Object Repository/Final Object Repo/Page_Update DirectorOwner Information/Locked Bag No'

2018-12-12 17:11:59 - [MESSAGE][PASSED] - Text '100' is set on object 'Object Repository/Final Object Repo/Page_Update DirectorOwner Information/Locked Bag No'

2018-12-12 17:11:59 - [TEST_STEP][PASSED] - setText: Text '123456789' is set on object 'Object Repository/Final Object Repo/Page_Update DirectorOwner Information/Telephone Number'

2018-12-12 17:12:00 - [MESSAGE][PASSED] - Text '123456789' is set on object 'Object Repository/Final Object Repo/Page_Update DirectorOwner Information/Telephone Number'

2018-12-12 17:12:00 - [TEST_STEP][PASSED] - setText: Text '123456789' is set on object 'Object Repository/Final Object Repo/Page_Update DirectorOwner Information/Mobile Number'

2018-12-12 17:12:00 - [MESSAGE][PASSED] - Text '123456789' is set on object 'Object Repository/Final Object Repo/Page_Update DirectorOwner Information/Mobile Number'

2018-12-12 17:12:00 - [TEST_STEP][PASSED] - setText: Text '123456789' is set on object 'Object Repository/Final Object Repo/Page_Update DirectorOwner Information/Fax Number'

2018-12-12 17:12:01 - [MESSAGE][PASSED] - Text '123456789' is set on object 'Object Repository/Final Object Repo/Page_Update DirectorOwner Information/Fax Number'

2018-12-12 17:12:01 - [TEST_STEP][PASSED] - setText: Text 'perkeso@gmail.com' is set on object 'Object Repository/Final Object Repo/Page_Update DirectorOwner Information/Email'

2018-12-12 17:12:01 - [MESSAGE][PASSED] - Text 'perkeso@gmail.com' is set on object 'Object Repository/Final Object Repo/Page_Update DirectorOwner Information/Email'

2018-12-12 17:12:01 - [TEST_STEP][PASSED] - click: Object: 'Object Repository/Final Object Repo/Page_Update DirectorOwner Information/Marital Status' is clicked on

2018-12-12 17:12:01 - [MESSAGE][PASSED] - Object: 'Object Repository/Final Object Repo/Page_Update DirectorOwner Information/Marital Status' is clicked on

2018-12-12 17:12:01 - [TEST_STEP][PASSED] - click: Object: 'Object Repository/Final Object Repo/Page_Update DirectorOwner Information/span_Widow  Widower' is clicked on

2018-12-12 17:12:02 - [MESSAGE][PASSED] - Object: 'Object Repository/Final Object Repo/Page_Update DirectorOwner Information/span_Widow  Widower' is clicked on

2018-12-12 17:12:02 - [TEST_STEP][PASSED] - click: Object: 'Object Repository/Final Object Repo/Page_Update DirectorOwner Information/a_SAVE' is clicked on

2018-12-12 17:12:02 - [MESSAGE][PASSED] - Object: 'Object Repository/Final Object Repo/Page_Update DirectorOwner Information/a_SAVE' is clicked on]]></system-out>
         <system-err><![CDATA[]]></system-err>
      </testcase>
      <testcase name="Test Cases/Final Aug 2018 - PKS Automation/Registration Module/Workflow/Update Add New Employee/Template/New Company for Update Add New - Employer" classname="Test Cases/Final Aug 2018 - PKS Automation/Registration Module/Workflow/Update Add New Employee/Template/New Company for Update Add New - Employer" status="PASSED">
         <system-out><![CDATA[2018-12-12 17:12:02 - [TEST_CASE][PASSED] - Test Cases/Final Aug 2018 - PKS Automation/Registration Module/Workflow/Update Add New Employee/Template/New Company for Update Add New - Employer: Test Cases/Final Aug 2018 - PKS Automation/Registration Module/Workflow/Update Add New Employee/Template/New Company for Update Add New - Employer

2018-12-12 17:12:02 - [TEST_STEP][PASSED] - callTestCase: Call Test Case 'Test Cases/Final Aug 2018 - PKS Automation/Create Employer Acc/Create Employer Account' successfully

2018-12-12 17:12:02 - [TEST_CASE][PASSED] - Test Cases/Final Aug 2018 - PKS Automation/Create Employer Acc/Create Employer Account: Test Cases/Final Aug 2018 - PKS Automation/Create Employer Acc/Create Employer Account

2018-12-12 17:12:03 - [TEST_STEP][PASSED] - callTestCase: Call Test Case 'Test Cases/Final Aug 2018 - PKS Automation/Create Employer Acc/Template/Register Employer' successfully

2018-12-12 17:12:03 - [TEST_CASE][PASSED] - Test Cases/Final Aug 2018 - PKS Automation/Create Employer Acc/Template/Register Employer: Test Cases/Final Aug 2018 - PKS Automation/Create Employer Acc/Template/Register Employer

2018-12-12 17:12:03 - [TEST_STEP][PASSED] - openBrowser: Browser is opened with url: ''

2018-12-12 17:12:03 - [MESSAGE][WARNING] - A browser is already opened. Closing browser and opening a new one

2018-12-12 17:12:06 - [MESSAGE][PASSED] - Browser is opened with url: ''

2018-12-12 17:12:06 - [TEST_STEP][PASSED] - navigateToUrl: Navigate to 'https://assist2-uat.perkeso.gov.my/login' successfully

2018-12-12 17:12:07 - [MESSAGE][PASSED] - Navigate to 'https://assist2-uat.perkeso.gov.my/login' successfully

2018-12-12 17:12:07 - [TEST_STEP][PASSED] - setText: Text 'johorotc1@gmail.com' is set on object 'Object Repository/Final Object Repo/Login Page/Internal User/Email Address'

2018-12-12 17:12:07 - [MESSAGE][PASSED] - Text 'johorotc1@gmail.com' is set on object 'Object Repository/Final Object Repo/Login Page/Internal User/Email Address'

2018-12-12 17:12:07 - [TEST_STEP][PASSED] - click: Object: 'Object Repository/Final Object Repo/Login Page/Internal User/Next Button' is clicked on

2018-12-12 17:12:07 - [MESSAGE][PASSED] - Object: 'Object Repository/Final Object Repo/Login Page/Internal User/Next Button' is clicked on

2018-12-12 17:12:07 - [TEST_STEP][PASSED] - delay: Delayed 1 second(s)

2018-12-12 17:12:08 - [MESSAGE][PASSED] - Delayed 1 second(s)

2018-12-12 17:12:08 - [TEST_STEP][PASSED] - setEncryptedText: Text ****** has been set on object 'Object Repository/Final Object Repo/Login Page/Internal User/Password'

2018-12-12 17:12:09 - [MESSAGE][PASSED] - Text ****** has been set on object 'Object Repository/Final Object Repo/Login Page/Internal User/Password'

2018-12-12 17:12:09 - [TEST_STEP][PASSED] - click: Object: 'Object Repository/Final Object Repo/Login Page/Internal User/Login Button' is clicked on

2018-12-12 17:12:09 - [MESSAGE][PASSED] - Object: 'Object Repository/Final Object Repo/Login Page/Internal User/Login Button' is clicked on

2018-12-12 17:12:09 - [TEST_STEP][PASSED] - delay: Delayed 1 second(s)

2018-12-12 17:12:10 - [MESSAGE][PASSED] - Delayed 1 second(s)

2018-12-12 17:12:10 - [TEST_STEP][PASSED] - navigateToUrl: Navigate to 'https://assist2-uat.perkeso.gov.my/web/base/portal-id/registration' successfully

2018-12-12 17:12:11 - [MESSAGE][PASSED] - Navigate to 'https://assist2-uat.perkeso.gov.my/web/base/portal-id/registration' successfully

2018-12-12 17:12:11 - [TEST_STEP][PASSED] - setText: Text 'AUTOMATION EMPLOYER' is set on object 'Object Repository/Final Object Repo/Creating Employer Account/Page_Registration - ASSIST (Base)/Employer Name'

2018-12-12 17:12:12 - [MESSAGE][PASSED] - Text 'AUTOMATION EMPLOYER' is set on object 'Object Repository/Final Object Repo/Creating Employer Account/Page_Registration - ASSIST (Base)/Employer Name'

2018-12-12 17:12:12 - [TEST_STEP][PASSED] - delay: Delayed 2 second(s)

2018-12-12 17:12:14 - [MESSAGE][PASSED] - Delayed 2 second(s)

2018-12-12 17:12:14 - [TEST_STEP][PASSED] - click: Object: 'Object Repository/Final Object Repo/Creating Employer Account/Page_Registration - ASSIST (Base)/Registration Type' is clicked on

2018-12-12 17:12:14 - [MESSAGE][PASSED] - Object: 'Object Repository/Final Object Repo/Creating Employer Account/Page_Registration - ASSIST (Base)/Registration Type' is clicked on

2018-12-12 17:12:14 - [TEST_STEP][PASSED] - delay: Delayed 2 second(s)

2018-12-12 17:12:16 - [MESSAGE][PASSED] - Delayed 2 second(s)

2018-12-12 17:12:16 - [TEST_STEP][PASSED] - click: Object: 'Object Repository/Final Object Repo/Creating Employer Account/Page_Registration - ASSIST (Base)/Registration Type - Registration No' is clicked on

2018-12-12 17:12:16 - [MESSAGE][PASSED] - Object: 'Object Repository/Final Object Repo/Creating Employer Account/Page_Registration - ASSIST (Base)/Registration Type - Registration No' is clicked on

2018-12-12 17:12:16 - [TEST_STEP][PASSED] - delay: Delayed 2 second(s)

2018-12-12 17:12:18 - [MESSAGE][PASSED] - Delayed 2 second(s)

2018-12-12 17:12:18 - [TEST_STEP][PASSED] - setText: Text 'AUTOMATE001' is set on object 'Object Repository/Final Object Repo/Creating Employer Account/Page_Registration - ASSIST (Base)/Registration Number'

2018-12-12 17:12:19 - [MESSAGE][PASSED] - Text 'AUTOMATE001' is set on object 'Object Repository/Final Object Repo/Creating Employer Account/Page_Registration - ASSIST (Base)/Registration Number'

2018-12-12 17:12:19 - [TEST_STEP][PASSED] - delay: Delayed 2 second(s)

2018-12-12 17:12:21 - [MESSAGE][PASSED] - Delayed 2 second(s)

2018-12-12 17:12:21 - [TEST_STEP][PASSED] - setText: Text 'ADDRESS 1' is set on object 'Object Repository/Final Object Repo/Creating Employer Account/Page_Registration - ASSIST (Base)/Postal Address 1'

2018-12-12 17:12:21 - [MESSAGE][PASSED] - Text 'ADDRESS 1' is set on object 'Object Repository/Final Object Repo/Creating Employer Account/Page_Registration - ASSIST (Base)/Postal Address 1'

2018-12-12 17:12:21 - [TEST_STEP][PASSED] - setText: Text 'ADDRESS 2' is set on object 'Object Repository/Final Object Repo/Creating Employer Account/Page_Registration - ASSIST (Base)/Postal Address 2'

2018-12-12 17:12:21 - [MESSAGE][PASSED] - Text 'ADDRESS 2' is set on object 'Object Repository/Final Object Repo/Creating Employer Account/Page_Registration - ASSIST (Base)/Postal Address 2'

2018-12-12 17:12:21 - [TEST_STEP][PASSED] - click: Object: 'Object Repository/Final Object Repo/Creating Employer Account/Page_Registration - ASSIST (Base)/State' is clicked on

2018-12-12 17:12:21 - [MESSAGE][PASSED] - Object: 'Object Repository/Final Object Repo/Creating Employer Account/Page_Registration - ASSIST (Base)/State' is clicked on

2018-12-12 17:12:21 - [TEST_STEP][PASSED] - delay: Delayed 2 second(s)

2018-12-12 17:12:23 - [MESSAGE][PASSED] - Delayed 2 second(s)

2018-12-12 17:12:23 - [TEST_STEP][PASSED] - click: Object: 'Object Repository/Final Object Repo/Creating Employer Account/Page_Registration - ASSIST (Base)/State - Johor' is clicked on

2018-12-12 17:12:24 - [MESSAGE][PASSED] - Object: 'Object Repository/Final Object Repo/Creating Employer Account/Page_Registration - ASSIST (Base)/State - Johor' is clicked on

2018-12-12 17:12:24 - [TEST_STEP][PASSED] - delay: Delayed 2 second(s)

2018-12-12 17:12:26 - [MESSAGE][PASSED] - Delayed 2 second(s)

2018-12-12 17:12:26 - [TEST_STEP][PASSED] - click: Object: 'Object Repository/Final Object Repo/Creating Employer Account/Page_Registration - ASSIST (Base)/City' is clicked on

2018-12-12 17:12:26 - [MESSAGE][PASSED] - Object: 'Object Repository/Final Object Repo/Creating Employer Account/Page_Registration - ASSIST (Base)/City' is clicked on

2018-12-12 17:12:26 - [TEST_STEP][PASSED] - delay: Delayed 2 second(s)

2018-12-12 17:12:28 - [MESSAGE][PASSED] - Delayed 2 second(s)

2018-12-12 17:12:28 - [TEST_STEP][PASSED] - setText: Text 'joh' is set on object 'Object Repository/Final Object Repo/Creating Employer Account/Page_Registration - ASSIST (Base)/City - joh'

2018-12-12 17:12:28 - [MESSAGE][PASSED] - Text 'joh' is set on object 'Object Repository/Final Object Repo/Creating Employer Account/Page_Registration - ASSIST (Base)/City - joh'

2018-12-12 17:12:28 - [TEST_STEP][PASSED] - delay: Delayed 2 second(s)

2018-12-12 17:12:30 - [MESSAGE][PASSED] - Delayed 2 second(s)

2018-12-12 17:12:30 - [TEST_STEP][PASSED] - click: Object: 'Object Repository/Final Object Repo/Creating Employer Account/Page_Registration - ASSIST (Base)/City - Johor Bharu' is clicked on

2018-12-12 17:12:30 - [MESSAGE][PASSED] - Object: 'Object Repository/Final Object Repo/Creating Employer Account/Page_Registration - ASSIST (Base)/City - Johor Bharu' is clicked on

2018-12-12 17:12:30 - [TEST_STEP][PASSED] - delay: Delayed 2 second(s)

2018-12-12 17:12:32 - [MESSAGE][PASSED] - Delayed 2 second(s)

2018-12-12 17:12:32 - [TEST_STEP][PASSED] - click: Object: 'Object Repository/Final Object Repo/Creating Employer Account/Page_Registration - ASSIST (Base)/Post Code' is clicked on

2018-12-12 17:12:32 - [MESSAGE][PASSED] - Object: 'Object Repository/Final Object Repo/Creating Employer Account/Page_Registration - ASSIST (Base)/Post Code' is clicked on

2018-12-12 17:12:32 - [TEST_STEP][PASSED] - delay: Delayed 2 second(s)

2018-12-12 17:12:34 - [MESSAGE][PASSED] - Delayed 2 second(s)

2018-12-12 17:12:34 - [TEST_STEP][PASSED] - setText: Text '810' is set on object 'Object Repository/Final Object Repo/Creating Employer Account/Page_Registration - ASSIST (Base)/Post Code - 810'

2018-12-12 17:12:35 - [MESSAGE][PASSED] - Text '810' is set on object 'Object Repository/Final Object Repo/Creating Employer Account/Page_Registration - ASSIST (Base)/Post Code - 810'

2018-12-12 17:12:35 - [TEST_STEP][PASSED] - delay: Delayed 2 second(s)

2018-12-12 17:12:37 - [MESSAGE][PASSED] - Delayed 2 second(s)

2018-12-12 17:12:37 - [TEST_STEP][PASSED] - click: Object: 'Object Repository/Final Object Repo/Creating Employer Account/Page_Registration - ASSIST (Base)/Post Code - 81000' is clicked on

2018-12-12 17:12:37 - [MESSAGE][PASSED] - Object: 'Object Repository/Final Object Repo/Creating Employer Account/Page_Registration - ASSIST (Base)/Post Code - 81000' is clicked on

2018-12-12 17:12:37 - [TEST_STEP][PASSED] - delay: Delayed 2 second(s)

2018-12-12 17:12:39 - [MESSAGE][PASSED] - Delayed 2 second(s)

2018-12-12 17:12:39 - [TEST_STEP][PASSED] - setText: Text 'PERKESO' is set on object 'Object Repository/Final Object Repo/Creating Employer Account/Page_Registration - ASSIST (Base)/Full Name'

2018-12-12 17:12:39 - [MESSAGE][PASSED] - Text 'PERKESO' is set on object 'Object Repository/Final Object Repo/Creating Employer Account/Page_Registration - ASSIST (Base)/Full Name'

2018-12-12 17:12:39 - [TEST_STEP][PASSED] - Statement - rnd = new java.util.Random(): null

2018-12-12 17:12:39 - [TEST_STEP][PASSED] - Statement - snum = rnd.nextInt(899999 + 1) + 100000: null

2018-12-12 17:12:39 - [TEST_STEP][PASSED] - Statement - tnum = rnd.nextInt(899999 + 1) + 100000: null

2018-12-12 17:12:39 - [TEST_STEP][PASSED] - Statement - IC = java.lang.Integer.toString(snum) + java.lang.Integer.toString(tnum): null

2018-12-12 17:12:39 - [TEST_STEP][PASSED] - Statement - out.println(IC): null

2018-12-12 17:12:39 - [TEST_STEP][PASSED] - setText: Text '575997156336' is set on object 'Object Repository/Final Object Repo/Creating Employer Account/Page_Registration - ASSIST (Base)/Identification Number'

2018-12-12 17:12:39 - [MESSAGE][PASSED] - Text '575997156336' is set on object 'Object Repository/Final Object Repo/Creating Employer Account/Page_Registration - ASSIST (Base)/Identification Number'

2018-12-12 17:12:39 - [TEST_STEP][PASSED] - delay: Delayed 2 second(s)

2018-12-12 17:12:41 - [MESSAGE][PASSED] - Delayed 2 second(s)

2018-12-12 17:12:41 - [TEST_STEP][PASSED] - setText: Text '123456789012' is set on object 'Object Repository/Final Object Repo/Creating Employer Account/Page_Registration - ASSIST (Base)/Contact Number'

2018-12-12 17:12:42 - [MESSAGE][PASSED] - Text '123456789012' is set on object 'Object Repository/Final Object Repo/Creating Employer Account/Page_Registration - ASSIST (Base)/Contact Number'

2018-12-12 17:12:42 - [TEST_STEP][PASSED] - Statement - Email = "perkeso" + IC + "@gmail.com": null

2018-12-12 17:12:42 - [TEST_STEP][PASSED] - delay: Delayed 2 second(s)

2018-12-12 17:12:44 - [MESSAGE][PASSED] - Delayed 2 second(s)

2018-12-12 17:12:44 - [TEST_STEP][PASSED] - callTestCase: Call Test Case 'Test Cases/Final Aug 2018 - PKS Automation/Create Employer Acc/Template/Employer Email Settler' successfully

2018-12-12 17:12:44 - [TEST_CASE][PASSED] - Test Cases/Final Aug 2018 - PKS Automation/Create Employer Acc/Template/Employer Email Settler: Test Cases/Final Aug 2018 - PKS Automation/Create Employer Acc/Template/Employer Email Settler

2018-12-12 17:12:44 - [TEST_STEP][PASSED] - Statement - EmpEmailOld = new java.io.File(C://Users//Admin//Desktop//PKS//Automation Reference Point//EmpEmail.txt): null

2018-12-12 17:12:44 - [TEST_STEP][PASSED] - Statement - EmpEmailOld.delete(): null

2018-12-12 17:12:44 - [TEST_STEP][PASSED] - delay: Delayed 5 second(s)

2018-12-12 17:12:49 - [MESSAGE][PASSED] - Delayed 5 second(s)

2018-12-12 17:12:49 - [TEST_STEP][PASSED] - Statement - EmpEmail = new java.io.File(C://Users//Admin//Desktop//PKS//Automation Reference Point//EmpEmail.txt): null

2018-12-12 17:12:49 - [TEST_STEP][PASSED] - Statement - f2 = new java.io.FileWriter(EmpEmail, false): null

2018-12-12 17:12:49 - [TEST_STEP][PASSED] - Statement - f2.write(Email): null

2018-12-12 17:12:49 - [TEST_STEP][PASSED] - Statement - f2.close(): null

2018-12-12 17:12:49 - [TEST_STEP][PASSED] - Statement - out.println(Email): null

2018-12-12 17:12:49 - [MESSAGE][PASSED] - Call Test Case 'Test Cases/Final Aug 2018 - PKS Automation/Create Employer Acc/Template/Employer Email Settler' successfully

2018-12-12 17:12:49 - [TEST_STEP][PASSED] - delay: Delayed 2 second(s)

2018-12-12 17:12:51 - [MESSAGE][PASSED] - Delayed 2 second(s)

2018-12-12 17:12:51 - [TEST_STEP][PASSED] - setText: Text 'perkeso575997156336@gmail.com' is set on object 'Object Repository/Final Object Repo/Creating Employer Account/Page_Registration - ASSIST (Base)/Email'

2018-12-12 17:12:52 - [MESSAGE][PASSED] - Text 'perkeso575997156336@gmail.com' is set on object 'Object Repository/Final Object Repo/Creating Employer Account/Page_Registration - ASSIST (Base)/Email'

2018-12-12 17:12:52 - [TEST_STEP][PASSED] - setText: Text '123' is set on object 'Object Repository/Final Object Repo/Creating Employer Account/Page_Registration - ASSIST (Base)/Security Phase'

2018-12-12 17:12:52 - [MESSAGE][PASSED] - Text '123' is set on object 'Object Repository/Final Object Repo/Creating Employer Account/Page_Registration - ASSIST (Base)/Security Phase'

2018-12-12 17:12:52 - [TEST_STEP][PASSED] - click: Object: 'Object Repository/Final Object Repo/Creating Employer Account/Page_Registration - ASSIST (Base)/Save  Continue' is clicked on

2018-12-12 17:12:52 - [MESSAGE][PASSED] - Object: 'Object Repository/Final Object Repo/Creating Employer Account/Page_Registration - ASSIST (Base)/Save  Continue' is clicked on

2018-12-12 17:12:52 - [TEST_STEP][PASSED] - delay: Delayed 2 second(s)

2018-12-12 17:12:54 - [MESSAGE][PASSED] - Delayed 2 second(s)

2018-12-12 17:12:54 - [TEST_STEP][PASSED] - click: Object: 'Object Repository/Final Object Repo/Creating Employer Account/Page_Registration - ASSIST (Base)/Add Document' is clicked on

2018-12-12 17:12:54 - [MESSAGE][PASSED] - Object: 'Object Repository/Final Object Repo/Creating Employer Account/Page_Registration - ASSIST (Base)/Add Document' is clicked on

2018-12-12 17:12:54 - [TEST_STEP][PASSED] - delay: Delayed 2 second(s)

2018-12-12 17:12:56 - [MESSAGE][PASSED] - Delayed 2 second(s)

2018-12-12 17:12:56 - [TEST_STEP][PASSED] - click: Object: 'Object Repository/Final Object Repo/Creating Employer Account/Page_Registration - ASSIST (Base)/Document Type' is clicked on

2018-12-12 17:12:56 - [MESSAGE][PASSED] - Object: 'Object Repository/Final Object Repo/Creating Employer Account/Page_Registration - ASSIST (Base)/Document Type' is clicked on

2018-12-12 17:12:56 - [TEST_STEP][PASSED] - delay: Delayed 2 second(s)

2018-12-12 17:12:58 - [MESSAGE][PASSED] - Delayed 2 second(s)

2018-12-12 17:12:58 - [TEST_STEP][PASSED] - click: Object: 'Object Repository/Final Object Repo/Creating Employer Account/Page_Registration - ASSIST (Base)/Document Type - Letter of Authorization' is clicked on

2018-12-12 17:12:59 - [MESSAGE][PASSED] - Object: 'Object Repository/Final Object Repo/Creating Employer Account/Page_Registration - ASSIST (Base)/Document Type - Letter of Authorization' is clicked on

2018-12-12 17:12:59 - [TEST_STEP][PASSED] - delay: Delayed 2 second(s)

2018-12-12 17:13:01 - [MESSAGE][PASSED] - Delayed 2 second(s)

2018-12-12 17:13:01 - [TEST_STEP][PASSED] - sendKeys: Keys 'C:\Users\Public\Pictures\Sample Pictures\Koala.jpg' sent to object: 'Object Repository/Final Object Repo/Creating Employer Account/Page_Registration - ASSIST (Base)/Uploading File'

2018-12-12 17:13:01 - [MESSAGE][PASSED] - Keys 'C:\Users\Public\Pictures\Sample Pictures\Koala.jpg' sent to object: 'Object Repository/Final Object Repo/Creating Employer Account/Page_Registration - ASSIST (Base)/Uploading File'

2018-12-12 17:13:01 - [TEST_STEP][PASSED] - delay: Delayed 2 second(s)

2018-12-12 17:13:03 - [MESSAGE][PASSED] - Delayed 2 second(s)

2018-12-12 17:13:03 - [TEST_STEP][PASSED] - click: Object: 'Object Repository/Final Object Repo/Creating Employer Account/Page_Registration - ASSIST (Base)/Add Document in Uploading File' is clicked on

2018-12-12 17:13:03 - [MESSAGE][PASSED] - Object: 'Object Repository/Final Object Repo/Creating Employer Account/Page_Registration - ASSIST (Base)/Add Document in Uploading File' is clicked on

2018-12-12 17:13:03 - [TEST_STEP][PASSED] - delay: Delayed 2 second(s)

2018-12-12 17:13:05 - [MESSAGE][PASSED] - Delayed 2 second(s)

2018-12-12 17:13:05 - [TEST_STEP][PASSED] - click: Object: 'Object Repository/Final Object Repo/Creating Employer Account/Page_Registration - ASSIST (Base)/Save' is clicked on

2018-12-12 17:13:05 - [MESSAGE][PASSED] - Object: 'Object Repository/Final Object Repo/Creating Employer Account/Page_Registration - ASSIST (Base)/Save' is clicked on

2018-12-12 17:13:05 - [TEST_STEP][PASSED] - delay: Delayed 2 second(s)

2018-12-12 17:13:07 - [MESSAGE][PASSED] - Delayed 2 second(s)

2018-12-12 17:13:07 - [TEST_STEP][PASSED] - click: Object: 'Object Repository/Final Object Repo/Creating Employer Account/Page_Registration - ASSIST (Base)/Submit' is clicked on

2018-12-12 17:13:07 - [MESSAGE][PASSED] - Object: 'Object Repository/Final Object Repo/Creating Employer Account/Page_Registration - ASSIST (Base)/Submit' is clicked on

2018-12-12 17:13:07 - [TEST_STEP][PASSED] - delay: Delayed 2 second(s)

2018-12-12 17:13:09 - [MESSAGE][PASSED] - Delayed 2 second(s)

2018-12-12 17:13:09 - [TEST_STEP][PASSED] - click: Object: 'Object Repository/Final Object Repo/Creating Employer Account/Page_Registration - ASSIST (Base)/Confirm' is clicked on

2018-12-12 17:13:09 - [MESSAGE][PASSED] - Object: 'Object Repository/Final Object Repo/Creating Employer Account/Page_Registration - ASSIST (Base)/Confirm' is clicked on

2018-12-12 17:13:09 - [MESSAGE][PASSED] - Call Test Case 'Test Cases/Final Aug 2018 - PKS Automation/Create Employer Acc/Template/Register Employer' successfully

2018-12-12 17:13:09 - [TEST_STEP][PASSED] - delay: Delayed 1 second(s)

2018-12-12 17:13:10 - [MESSAGE][PASSED] - Delayed 1 second(s)

2018-12-12 17:13:10 - [TEST_STEP][PASSED] - navigateToUrl: Navigate to 'https://assist2-uat.perkeso.gov.my/c/portal/logout' successfully

2018-12-12 17:13:12 - [MESSAGE][PASSED] - Navigate to 'https://assist2-uat.perkeso.gov.my/c/portal/logout' successfully

2018-12-12 17:13:12 - [TEST_STEP][PASSED] - delay: Delayed 1 second(s)

2018-12-12 17:13:13 - [MESSAGE][PASSED] - Delayed 1 second(s)

2018-12-12 17:13:13 - [TEST_STEP][PASSED] - callTestCase: Call Test Case 'Test Cases/Final Aug 2018 - PKS Automation/Create Employer Acc/Template/Change Password of Employer' successfully

2018-12-12 17:13:13 - [TEST_CASE][PASSED] - Test Cases/Final Aug 2018 - PKS Automation/Create Employer Acc/Template/Change Password of Employer: Test Cases/Final Aug 2018 - PKS Automation/Create Employer Acc/Template/Change Password of Employer

2018-12-12 17:13:13 - [TEST_STEP][PASSED] - openBrowser: Browser is opened with url: ''

2018-12-12 17:13:13 - [MESSAGE][WARNING] - A browser is already opened. Closing browser and opening a new one

2018-12-12 17:13:16 - [MESSAGE][PASSED] - Browser is opened with url: ''

2018-12-12 17:13:16 - [TEST_STEP][PASSED] - navigateToUrl: Navigate to 'https://assist2-uat.perkeso.gov.my/login' successfully

2018-12-12 17:13:17 - [MESSAGE][PASSED] - Navigate to 'https://assist2-uat.perkeso.gov.my/login' successfully

2018-12-12 17:13:17 - [TEST_STEP][PASSED] - delay: Delayed 5 second(s)

2018-12-12 17:13:22 - [MESSAGE][PASSED] - Delayed 5 second(s)

2018-12-12 17:13:22 - [TEST_STEP][PASSED] - setText: Text 'test@liferay.com' is set on object 'Object Repository/Final Object Repo/Login Page/Internal User/Email Address'

2018-12-12 17:13:23 - [MESSAGE][PASSED] - Text 'test@liferay.com' is set on object 'Object Repository/Final Object Repo/Login Page/Internal User/Email Address'

2018-12-12 17:13:23 - [TEST_STEP][PASSED] - click: Object: 'Object Repository/Final Object Repo/Login Page/Internal User/Next Button' is clicked on

2018-12-12 17:13:23 - [MESSAGE][PASSED] - Object: 'Object Repository/Final Object Repo/Login Page/Internal User/Next Button' is clicked on

2018-12-12 17:13:23 - [TEST_STEP][PASSED] - delay: Delayed 2 second(s)

2018-12-12 17:13:25 - [MESSAGE][PASSED] - Delayed 2 second(s)

2018-12-12 17:13:25 - [TEST_STEP][PASSED] - setText: Text 'test' is set on object 'Object Repository/Final Object Repo/Login Page/Internal User/Password'

2018-12-12 17:13:25 - [MESSAGE][PASSED] - Text 'test' is set on object 'Object Repository/Final Object Repo/Login Page/Internal User/Password'

2018-12-12 17:13:25 - [TEST_STEP][PASSED] - delay: Delayed 2 second(s)

2018-12-12 17:13:27 - [MESSAGE][PASSED] - Delayed 2 second(s)

2018-12-12 17:13:27 - [TEST_STEP][PASSED] - click: Object: 'Object Repository/Final Object Repo/Login Page/Internal User/Login Button' is clicked on

2018-12-12 17:13:27 - [MESSAGE][PASSED] - Object: 'Object Repository/Final Object Repo/Login Page/Internal User/Login Button' is clicked on

2018-12-12 17:13:27 - [TEST_STEP][PASSED] - delay: Delayed 3 second(s)

2018-12-12 17:13:30 - [MESSAGE][PASSED] - Delayed 3 second(s)

2018-12-12 17:13:30 - [TEST_STEP][PASSED] - navigateToUrl: Navigate to 'https://assist2-uat.perkeso.gov.my/group/control_panel/manage?p_p_id=125&p_p_lifecycle=0&p_p_state=maximized&p_p_mode=view&refererPlid=20455&_125_usersListView=flat-users&_125_toolbarItem=view-all-users&_125_saveUsersListView=true&_125_struts_action=%2Fusers_admin%2Fview' successfully

2018-12-12 17:13:32 - [MESSAGE][PASSED] - Navigate to 'https://assist2-uat.perkeso.gov.my/group/control_panel/manage?p_p_id=125&p_p_lifecycle=0&p_p_state=maximized&p_p_mode=view&refererPlid=20455&_125_usersListView=flat-users&_125_toolbarItem=view-all-users&_125_saveUsersListView=true&_125_struts_action=%2Fusers_admin%2Fview' successfully

2018-12-12 17:13:32 - [TEST_STEP][PASSED] - delay: Delayed 3 second(s)

2018-12-12 17:13:35 - [MESSAGE][PASSED] - Delayed 3 second(s)

2018-12-12 17:13:35 - [TEST_STEP][PASSED] - setText: Text 'perkeso575997156336@gmail.com' is set on object 'Object Repository/Final Object Repo/Creating Employer Account/Page_Users and Organizations - ASSIST/Employer name'

2018-12-12 17:13:36 - [MESSAGE][PASSED] - Text 'perkeso575997156336@gmail.com' is set on object 'Object Repository/Final Object Repo/Creating Employer Account/Page_Users and Organizations - ASSIST/Employer name'

2018-12-12 17:13:36 - [TEST_STEP][PASSED] - delay: Delayed 3 second(s)

2018-12-12 17:13:39 - [MESSAGE][PASSED] - Delayed 3 second(s)

2018-12-12 17:13:39 - [TEST_STEP][PASSED] - click: Object: 'Object Repository/Final Object Repo/Creating Employer Account/Page_Users and Organizations - ASSIST/Search' is clicked on

2018-12-12 17:13:39 - [MESSAGE][PASSED] - Object: 'Object Repository/Final Object Repo/Creating Employer Account/Page_Users and Organizations - ASSIST/Search' is clicked on

2018-12-12 17:13:39 - [TEST_STEP][PASSED] - delay: Delayed 3 second(s)

2018-12-12 17:13:42 - [MESSAGE][PASSED] - Delayed 3 second(s)

2018-12-12 17:13:42 - [TEST_STEP][PASSED] - click: Object: 'Object Repository/Final Object Repo/Creating Employer Account/Page_Users and Organizations - ASSIST/Action' is clicked on

2018-12-12 17:13:42 - [MESSAGE][PASSED] - Object: 'Object Repository/Final Object Repo/Creating Employer Account/Page_Users and Organizations - ASSIST/Action' is clicked on

2018-12-12 17:13:42 - [TEST_STEP][PASSED] - delay: Delayed 3 second(s)

2018-12-12 17:13:45 - [MESSAGE][PASSED] - Delayed 3 second(s)

2018-12-12 17:13:45 - [TEST_STEP][PASSED] - click: Object: 'Object Repository/Final Object Repo/Creating Employer Account/Page_Users and Organizations - ASSIST/Edit' is clicked on

2018-12-12 17:13:46 - [MESSAGE][PASSED] - Object: 'Object Repository/Final Object Repo/Creating Employer Account/Page_Users and Organizations - ASSIST/Edit' is clicked on

2018-12-12 17:13:46 - [TEST_STEP][PASSED] - delay: Delayed 3 second(s)

2018-12-12 17:13:49 - [MESSAGE][PASSED] - Delayed 3 second(s)

2018-12-12 17:13:49 - [TEST_STEP][PASSED] - click: Object: 'Object Repository/Final Object Repo/Creating Employer Account/Page_PERKESO - Users and Organizati/a_Password (Modified)' is clicked on

2018-12-12 17:13:50 - [MESSAGE][PASSED] - Object: 'Object Repository/Final Object Repo/Creating Employer Account/Page_PERKESO - Users and Organizati/a_Password (Modified)' is clicked on

2018-12-12 17:13:50 - [TEST_STEP][PASSED] - delay: Delayed 3 second(s)

2018-12-12 17:13:53 - [MESSAGE][PASSED] - Delayed 3 second(s)

2018-12-12 17:13:53 - [TEST_STEP][PASSED] - setEncryptedText: Text ****** has been set on object 'Object Repository/Final Object Repo/Creating Employer Account/Page_PERKESO - Users and Organizati/input__125_password1'

2018-12-12 17:13:53 - [MESSAGE][PASSED] - Text ****** has been set on object 'Object Repository/Final Object Repo/Creating Employer Account/Page_PERKESO - Users and Organizati/input__125_password1'

2018-12-12 17:13:53 - [TEST_STEP][PASSED] - delay: Delayed 3 second(s)

2018-12-12 17:13:56 - [MESSAGE][PASSED] - Delayed 3 second(s)

2018-12-12 17:13:56 - [TEST_STEP][PASSED] - setEncryptedText: Text ****** has been set on object 'Object Repository/Final Object Repo/Creating Employer Account/Page_PERKESO - Users and Organizati/input__125_password2'

2018-12-12 17:13:56 - [MESSAGE][PASSED] - Text ****** has been set on object 'Object Repository/Final Object Repo/Creating Employer Account/Page_PERKESO - Users and Organizati/input__125_password2'

2018-12-12 17:13:56 - [TEST_STEP][PASSED] - delay: Delayed 3 second(s)

2018-12-12 17:13:59 - [MESSAGE][PASSED] - Delayed 3 second(s)

2018-12-12 17:13:59 - [TEST_STEP][PASSED] - click: Object: 'Object Repository/Final Object Repo/Creating Employer Account/Page_PERKESO - Users and Organizati/Save' is clicked on

2018-12-12 17:14:01 - [MESSAGE][PASSED] - Object: 'Object Repository/Final Object Repo/Creating Employer Account/Page_PERKESO - Users and Organizati/Save' is clicked on

2018-12-12 17:14:01 - [MESSAGE][PASSED] - Call Test Case 'Test Cases/Final Aug 2018 - PKS Automation/Create Employer Acc/Template/Change Password of Employer' successfully

2018-12-12 17:14:01 - [TEST_STEP][PASSED] - delay: Delayed 1 second(s)

2018-12-12 17:14:02 - [MESSAGE][PASSED] - Delayed 1 second(s)

2018-12-12 17:14:02 - [TEST_STEP][PASSED] - navigateToUrl: Navigate to 'https://assist2-uat.perkeso.gov.my/c/portal/logout' successfully

2018-12-12 17:14:03 - [MESSAGE][PASSED] - Navigate to 'https://assist2-uat.perkeso.gov.my/c/portal/logout' successfully

2018-12-12 17:14:03 - [TEST_STEP][PASSED] - delay: Delayed 1 second(s)

2018-12-12 17:14:04 - [MESSAGE][PASSED] - Delayed 1 second(s)

2018-12-12 17:14:04 - [TEST_STEP][PASSED] - callTestCase: Call Test Case 'Test Cases/Final Aug 2018 - PKS Automation/Create Employer Acc/Template/Login to Employer Account (First Time)' successfully

2018-12-12 17:14:04 - [TEST_CASE][PASSED] - Test Cases/Final Aug 2018 - PKS Automation/Create Employer Acc/Template/Login to Employer Account (First Time): Test Cases/Final Aug 2018 - PKS Automation/Create Employer Acc/Template/Login to Employer Account (First Time)

2018-12-12 17:14:04 - [TEST_STEP][PASSED] - openBrowser: Browser is opened with url: ''

2018-12-12 17:14:04 - [MESSAGE][WARNING] - A browser is already opened. Closing browser and opening a new one

2018-12-12 17:14:07 - [MESSAGE][PASSED] - Browser is opened with url: ''

2018-12-12 17:14:07 - [TEST_STEP][PASSED] - navigateToUrl: Navigate to 'https://assist2-uat.perkeso.gov.my/employer/login' successfully

2018-12-12 17:14:08 - [MESSAGE][PASSED] - Navigate to 'https://assist2-uat.perkeso.gov.my/employer/login' successfully

2018-12-12 17:14:08 - [TEST_STEP][PASSED] - delay: Delayed 3 second(s)

2018-12-12 17:14:11 - [MESSAGE][PASSED] - Delayed 3 second(s)

2018-12-12 17:14:11 - [TEST_STEP][PASSED] - callTestCase: Call Test Case 'Test Cases/Final Aug 2018 - PKS Automation/Create Employer Acc/Template/Employer Email Getter' successfully

2018-12-12 17:14:11 - [TEST_CASE][PASSED] - Test Cases/Final Aug 2018 - PKS Automation/Create Employer Acc/Template/Employer Email Getter: Test Cases/Final Aug 2018 - PKS Automation/Create Employer Acc/Template/Employer Email Getter

2018-12-12 17:14:11 - [TEST_STEP][PASSED] - Statement - Try: null

2018-12-12 17:14:11 - [TEST_STEP][PASSED] - Statement - EmpEmail = new java.io.File(C://Users//Admin//Desktop//PKS//Automation Reference Point//EmpEmail.txt): null

2018-12-12 17:14:11 - [TEST_STEP][PASSED] - Statement - bufferread = new java.io.BufferedReader(new java.io.FileReader(EmpEmail)): null

2018-12-12 17:14:11 - [TEST_STEP][PASSED] - Statement - readedVal = bufferread.readLine(): null

2018-12-12 17:14:11 - [TEST_STEP][PASSED] - Statement - out.println(readedVal): null

2018-12-12 17:14:11 - [TEST_STEP][PASSED] - Statement - Email = readedVal: null

2018-12-12 17:14:11 - [MESSAGE][PASSED] - Call Test Case 'Test Cases/Final Aug 2018 - PKS Automation/Create Employer Acc/Template/Employer Email Getter' successfully

2018-12-12 17:14:11 - [TEST_STEP][PASSED] - setText: Text 'perkeso575997156336@gmail.com' is set on object 'Object Repository/Final Object Repo/Login Page/External Login Page/Email'

2018-12-12 17:14:12 - [MESSAGE][PASSED] - Text 'perkeso575997156336@gmail.com' is set on object 'Object Repository/Final Object Repo/Login Page/External Login Page/Email'

2018-12-12 17:14:12 - [TEST_STEP][PASSED] - click: Object: 'Object Repository/Final Object Repo/Login Page/External Login Page/Next' is clicked on

2018-12-12 17:14:12 - [MESSAGE][PASSED] - Object: 'Object Repository/Final Object Repo/Login Page/External Login Page/Next' is clicked on

2018-12-12 17:14:12 - [TEST_STEP][PASSED] - delay: Delayed 3 second(s)

2018-12-12 17:14:15 - [MESSAGE][PASSED] - Delayed 3 second(s)

2018-12-12 17:14:15 - [TEST_STEP][PASSED] - setEncryptedText: Text ****** has been set on object 'Object Repository/Final Object Repo/Login Page/External Login Page/Password'

2018-12-12 17:14:15 - [MESSAGE][PASSED] - Text ****** has been set on object 'Object Repository/Final Object Repo/Login Page/External Login Page/Password'

2018-12-12 17:14:15 - [TEST_STEP][PASSED] - click: Object: 'Object Repository/Final Object Repo/Login Page/External Login Page/Login' is clicked on

2018-12-12 17:14:15 - [MESSAGE][PASSED] - Object: 'Object Repository/Final Object Repo/Login Page/External Login Page/Login' is clicked on

2018-12-12 17:14:15 - [TEST_STEP][PASSED] - delay: Delayed 3 second(s)

2018-12-12 17:14:18 - [MESSAGE][PASSED] - Delayed 3 second(s)

2018-12-12 17:14:18 - [TEST_STEP][PASSED] - click: Object: 'Object Repository/Final Object Repo/Creating Employer Account/Page_Terms of Use - ASSIST/button_I Agree' is clicked on

2018-12-12 17:14:18 - [MESSAGE][PASSED] - Object: 'Object Repository/Final Object Repo/Creating Employer Account/Page_Terms of Use - ASSIST/button_I Agree' is clicked on

2018-12-12 17:14:18 - [TEST_STEP][PASSED] - delay: Delayed 2 second(s)

2018-12-12 17:14:20 - [MESSAGE][PASSED] - Delayed 2 second(s)

2018-12-12 17:14:20 - [TEST_STEP][PASSED] - setEncryptedText: Text ****** has been set on object 'Object Repository/Final Object Repo/Creating Employer Account/Page_New Password - ASSIST/input_password1'

2018-12-12 17:14:21 - [MESSAGE][PASSED] - Text ****** has been set on object 'Object Repository/Final Object Repo/Creating Employer Account/Page_New Password - ASSIST/input_password1'

2018-12-12 17:14:21 - [TEST_STEP][PASSED] - setEncryptedText: Text ****** has been set on object 'Object Repository/Final Object Repo/Creating Employer Account/Page_New Password - ASSIST/input_password2'

2018-12-12 17:14:21 - [MESSAGE][PASSED] - Text ****** has been set on object 'Object Repository/Final Object Repo/Creating Employer Account/Page_New Password - ASSIST/input_password2'

2018-12-12 17:14:21 - [TEST_STEP][PASSED] - delay: Delayed 2 second(s)

2018-12-12 17:14:23 - [MESSAGE][PASSED] - Delayed 2 second(s)

2018-12-12 17:14:23 - [TEST_STEP][PASSED] - click: Object: 'Object Repository/Final Object Repo/Creating Employer Account/Page_New Password - ASSIST/Save' is clicked on

2018-12-12 17:14:23 - [MESSAGE][PASSED] - Object: 'Object Repository/Final Object Repo/Creating Employer Account/Page_New Password - ASSIST/Save' is clicked on

2018-12-12 17:14:23 - [TEST_STEP][PASSED] - delay: Delayed 2 second(s)

2018-12-12 17:14:25 - [MESSAGE][PASSED] - Delayed 2 second(s)

2018-12-12 17:14:25 - [TEST_STEP][PASSED] - setText: Text 'test' is set on object 'Object Repository/Final Object Repo/Creating Employer Account/Page_Password Reminder - ASSIST/Reminder Query Answer'

2018-12-12 17:14:25 - [MESSAGE][PASSED] - Text 'test' is set on object 'Object Repository/Final Object Repo/Creating Employer Account/Page_Password Reminder - ASSIST/Reminder Query Answer'

2018-12-12 17:14:25 - [TEST_STEP][PASSED] - delay: Delayed 2 second(s)

2018-12-12 17:14:27 - [MESSAGE][PASSED] - Delayed 2 second(s)

2018-12-12 17:14:27 - [TEST_STEP][PASSED] - doubleClick: Object: 'Object Repository/Final Object Repo/Creating Employer Account/Page_Password Reminder - ASSIST/Save' is double clicked on

2018-12-12 17:14:27 - [MESSAGE][PASSED] - Object: 'Object Repository/Final Object Repo/Creating Employer Account/Page_Password Reminder - ASSIST/Save' is double clicked on

2018-12-12 17:14:27 - [MESSAGE][PASSED] - Call Test Case 'Test Cases/Final Aug 2018 - PKS Automation/Create Employer Acc/Template/Login to Employer Account (First Time)' successfully

2018-12-12 17:14:27 - [MESSAGE][PASSED] - Call Test Case 'Test Cases/Final Aug 2018 - PKS Automation/Create Employer Acc/Create Employer Account' successfully

2018-12-12 17:14:27 - [TEST_STEP][PASSED] - callTestCase: Call Test Case 'Test Cases/Final Aug 2018 - PKS Automation/Registration Module/Log Out/log out avoiding katalon tagging' successfully

2018-12-12 17:14:27 - [TEST_CASE][PASSED] - Test Cases/Final Aug 2018 - PKS Automation/Registration Module/Log Out/log out avoiding katalon tagging: Test Cases/Final Aug 2018 - PKS Automation/Registration Module/Log Out/log out avoiding katalon tagging

2018-12-12 17:14:27 - [TEST_STEP][PASSED] - navigateToUrl: Navigate to 'https://assist2-uat.perkeso.gov.my/c/portal/logout' successfully

2018-12-12 17:14:30 - [MESSAGE][PASSED] - Navigate to 'https://assist2-uat.perkeso.gov.my/c/portal/logout' successfully

2018-12-12 17:14:30 - [MESSAGE][PASSED] - Call Test Case 'Test Cases/Final Aug 2018 - PKS Automation/Registration Module/Log Out/log out avoiding katalon tagging' successfully

2018-12-12 17:14:30 - [TEST_STEP][PASSED] - callTestCase: Call Test Case 'Test Cases/Final Aug 2018 - PKS Automation/Create Employer Acc/Login to Employer Account (Second time)' successfully

2018-12-12 17:14:30 - [TEST_CASE][PASSED] - Test Cases/Final Aug 2018 - PKS Automation/Create Employer Acc/Login to Employer Account (Second time): Test Cases/Final Aug 2018 - PKS Automation/Create Employer Acc/Login to Employer Account (Second time)

2018-12-12 17:14:30 - [TEST_STEP][PASSED] - openBrowser: Browser is opened with url: ''

2018-12-12 17:14:30 - [MESSAGE][WARNING] - A browser is already opened. Closing browser and opening a new one

2018-12-12 17:14:33 - [MESSAGE][PASSED] - Browser is opened with url: ''

2018-12-12 17:14:33 - [TEST_STEP][PASSED] - navigateToUrl: Navigate to 'https://assist2-uat.perkeso.gov.my/employer/login' successfully

2018-12-12 17:14:34 - [MESSAGE][PASSED] - Navigate to 'https://assist2-uat.perkeso.gov.my/employer/login' successfully

2018-12-12 17:14:34 - [TEST_STEP][PASSED] - delay: Delayed 3 second(s)

2018-12-12 17:14:37 - [MESSAGE][PASSED] - Delayed 3 second(s)

2018-12-12 17:14:37 - [TEST_STEP][PASSED] - callTestCase: Call Test Case 'Test Cases/Final Aug 2018 - PKS Automation/Create Employer Acc/Template/Employer Email Getter' successfully

2018-12-12 17:14:37 - [TEST_CASE][PASSED] - Test Cases/Final Aug 2018 - PKS Automation/Create Employer Acc/Template/Employer Email Getter: Test Cases/Final Aug 2018 - PKS Automation/Create Employer Acc/Template/Employer Email Getter

2018-12-12 17:14:37 - [TEST_STEP][PASSED] - Statement - Try: null

2018-12-12 17:14:37 - [TEST_STEP][PASSED] - Statement - EmpEmail = new java.io.File(C://Users//Admin//Desktop//PKS//Automation Reference Point//EmpEmail.txt): null

2018-12-12 17:14:37 - [TEST_STEP][PASSED] - Statement - bufferread = new java.io.BufferedReader(new java.io.FileReader(EmpEmail)): null

2018-12-12 17:14:37 - [TEST_STEP][PASSED] - Statement - readedVal = bufferread.readLine(): null

2018-12-12 17:14:37 - [TEST_STEP][PASSED] - Statement - out.println(readedVal): null

2018-12-12 17:14:37 - [TEST_STEP][PASSED] - Statement - Email = readedVal: null

2018-12-12 17:14:37 - [MESSAGE][PASSED] - Call Test Case 'Test Cases/Final Aug 2018 - PKS Automation/Create Employer Acc/Template/Employer Email Getter' successfully

2018-12-12 17:14:37 - [TEST_STEP][PASSED] - setText: Text 'perkeso575997156336@gmail.com' is set on object 'Object Repository/Final Object Repo/Login Page/External Login Page/Email'

2018-12-12 17:14:38 - [MESSAGE][PASSED] - Text 'perkeso575997156336@gmail.com' is set on object 'Object Repository/Final Object Repo/Login Page/External Login Page/Email'

2018-12-12 17:14:38 - [TEST_STEP][PASSED] - click: Object: 'Object Repository/Final Object Repo/Login Page/External Login Page/Next' is clicked on

2018-12-12 17:14:38 - [MESSAGE][PASSED] - Object: 'Object Repository/Final Object Repo/Login Page/External Login Page/Next' is clicked on

2018-12-12 17:14:38 - [TEST_STEP][PASSED] - delay: Delayed 3 second(s)

2018-12-12 17:14:41 - [MESSAGE][PASSED] - Delayed 3 second(s)

2018-12-12 17:14:41 - [TEST_STEP][PASSED] - setEncryptedText: Text ****** has been set on object 'Object Repository/Final Object Repo/Login Page/External Login Page/Password'

2018-12-12 17:14:41 - [MESSAGE][PASSED] - Text ****** has been set on object 'Object Repository/Final Object Repo/Login Page/External Login Page/Password'

2018-12-12 17:14:41 - [TEST_STEP][PASSED] - click: Object: 'Object Repository/Final Object Repo/Login Page/External Login Page/Login' is clicked on

2018-12-12 17:14:41 - [MESSAGE][PASSED] - Object: 'Object Repository/Final Object Repo/Login Page/External Login Page/Login' is clicked on

2018-12-12 17:14:41 - [TEST_STEP][PASSED] - delay: Delayed 5 second(s)

2018-12-12 17:14:46 - [MESSAGE][PASSED] - Delayed 5 second(s)

2018-12-12 17:14:46 - [MESSAGE][PASSED] - Call Test Case 'Test Cases/Final Aug 2018 - PKS Automation/Create Employer Acc/Login to Employer Account (Second time)' successfully

2018-12-12 17:14:46 - [TEST_STEP][PASSED] - delay: Delayed 4 second(s)

2018-12-12 17:14:50 - [MESSAGE][PASSED] - Delayed 4 second(s)

2018-12-12 17:14:50 - [TEST_STEP][PASSED] - Statement - Try: Delayed 2 second(s)

2018-12-12 17:14:50 - [TEST_STEP][PASSED] - Statement - Checker = false: null

2018-12-12 17:14:50 - [TEST_STEP][PASSED] - Statement - Checker = com.kms.katalon.core.webui.keyword.WebUiBuiltInKeywords.verifyElementHasAttribute(com.kms.katalon.core.testobject.ObjectRepository.findTestObject(Final Object Repo/Landing Page/BM Detecting), "href", 20, OPTIONAL): Object 'Object Repository/Final Object Repo/Landing Page/BM Detecting' has attribute 'href'

2018-12-12 17:14:50 - [MESSAGE][PASSED] - Object 'Object Repository/Final Object Repo/Landing Page/BM Detecting' has attribute 'href'

2018-12-12 17:14:50 - [TEST_STEP][PASSED] - Statement - out.println(Checker): null

2018-12-12 17:14:50 - [TEST_STEP][PASSED] - Statement - If (Checker == false): null

2018-12-12 17:14:50 - [TEST_STEP][PASSED] - Statement - Else: null

2018-12-12 17:14:50 - [TEST_STEP][PASSED] - delay: Delayed 2 second(s)

2018-12-12 17:14:52 - [MESSAGE][PASSED] - Delayed 2 second(s)

2018-12-12 17:14:52 - [TEST_STEP][PASSED] - delay: Delayed 4 second(s)

2018-12-12 17:14:56 - [MESSAGE][PASSED] - Delayed 4 second(s)

2018-12-12 17:14:56 - [TEST_STEP][PASSED] - click: Object: 'Object Repository/Final Object Repo/Landing Page/My Sites Drop Down' is clicked on

2018-12-12 17:14:57 - [MESSAGE][PASSED] - Object: 'Object Repository/Final Object Repo/Landing Page/My Sites Drop Down' is clicked on

2018-12-12 17:14:57 - [TEST_STEP][PASSED] - click: Object: 'Object Repository/Final Object Repo/Landing Page/Select to Registration Module' is clicked on

2018-12-12 17:14:59 - [MESSAGE][PASSED] - Object: 'Object Repository/Final Object Repo/Landing Page/Select to Registration Module' is clicked on

2018-12-12 17:14:59 - [TEST_STEP][PASSED] - click: Object: 'Object Repository/Final Object Repo/Landing Page/Registration Button' is clicked on

2018-12-12 17:15:01 - [MESSAGE][PASSED] - Object: 'Object Repository/Final Object Repo/Landing Page/Registration Button' is clicked on

2018-12-12 17:15:01 - [TEST_STEP][PASSED] - delay: Delayed 2 second(s)

2018-12-12 17:15:03 - [MESSAGE][PASSED] - Delayed 2 second(s)

2018-12-12 17:15:03 - [TEST_STEP][PASSED] - click: Object: 'Object Repository/Final Object Repo/New Registration - Registration Module Pages/New Reg - OTC to RO/Special Case - OTC - Form 1/AEC NO' is clicked on

2018-12-12 17:15:03 - [MESSAGE][PASSED] - Object: 'Object Repository/Final Object Repo/New Registration - Registration Module Pages/New Reg - OTC to RO/Special Case - OTC - Form 1/AEC NO' is clicked on

2018-12-12 17:15:03 - [TEST_STEP][PASSED] - click: Object: 'Object Repository/Final Object Repo/New Registration - Registration Module Pages/New Reg - OTC to RO/Special Case - OTC - Form 1/Business Entity - Please Select' is clicked on

2018-12-12 17:15:03 - [MESSAGE][PASSED] - Object: 'Object Repository/Final Object Repo/New Registration - Registration Module Pages/New Reg - OTC to RO/Special Case - OTC - Form 1/Business Entity - Please Select' is clicked on

2018-12-12 17:15:03 - [TEST_STEP][PASSED] - click: Object: 'Object Repository/Final Object Repo/New Registration - Registration Module Pages/New Reg - OTC to RO/Special Case - OTC - Form 1/Selected - Corporation' is clicked on

2018-12-12 17:15:03 - [MESSAGE][PASSED] - Object: 'Object Repository/Final Object Repo/New Registration - Registration Module Pages/New Reg - OTC to RO/Special Case - OTC - Form 1/Selected - Corporation' is clicked on

2018-12-12 17:15:03 - [TEST_STEP][PASSED] - delay: Delayed 2 second(s)

2018-12-12 17:15:05 - [MESSAGE][PASSED] - Delayed 2 second(s)

2018-12-12 17:15:05 - [TEST_STEP][PASSED] - click: Object: 'Object Repository/Final Object Repo/New Registration - Registration Module Pages/New Reg - OTC to RO/Special Case - OTC - Form 1/Sub Business Entity - Please Select' is clicked on

2018-12-12 17:15:06 - [MESSAGE][PASSED] - Object: 'Object Repository/Final Object Repo/New Registration - Registration Module Pages/New Reg - OTC to RO/Special Case - OTC - Form 1/Sub Business Entity - Please Select' is clicked on

2018-12-12 17:15:06 - [TEST_STEP][PASSED] - delay: Delayed 2 second(s)

2018-12-12 17:15:08 - [MESSAGE][PASSED] - Delayed 2 second(s)

2018-12-12 17:15:08 - [TEST_STEP][PASSED] - click: Object: 'Object Repository/Final Object Repo/New Registration - Registration Module Pages/New Reg - OTC to RO/Special Case - OTC - Form 1/Selected - Sendirian Berhad' is clicked on

2018-12-12 17:15:08 - [MESSAGE][PASSED] - Object: 'Object Repository/Final Object Repo/New Registration - Registration Module Pages/New Reg - OTC to RO/Special Case - OTC - Form 1/Selected - Sendirian Berhad' is clicked on

2018-12-12 17:15:08 - [TEST_STEP][PASSED] - setText: Text 'AUTOMATE001' is set on object 'Object Repository/Final Object Repo/New Registration - Registration Module Pages/New Reg - OTC to RO/Special Case - OTC - Form 1/Input BRN Number'

2018-12-12 17:15:08 - [MESSAGE][PASSED] - Text 'AUTOMATE001' is set on object 'Object Repository/Final Object Repo/New Registration - Registration Module Pages/New Reg - OTC to RO/Special Case - OTC - Form 1/Input BRN Number'

2018-12-12 17:15:08 - [TEST_STEP][PASSED] - delay: Delayed 2 second(s)

2018-12-12 17:15:10 - [MESSAGE][PASSED] - Delayed 2 second(s)

2018-12-12 17:15:10 - [TEST_STEP][PASSED] - click: Object: 'Object Repository/Final Object Repo/New Registration - Registration Module Pages/New Reg - OTC to RO/Special Case - OTC - Form 1/BRN Search' is clicked on

2018-12-12 17:15:10 - [MESSAGE][PASSED] - Object: 'Object Repository/Final Object Repo/New Registration - Registration Module Pages/New Reg - OTC to RO/Special Case - OTC - Form 1/BRN Search' is clicked on

2018-12-12 17:15:10 - [TEST_STEP][PASSED] - delay: Delayed 4 second(s)

2018-12-12 17:15:14 - [MESSAGE][PASSED] - Delayed 4 second(s)

2018-12-12 17:15:14 - [TEST_STEP][PASSED] - click: Object: 'Object Repository/Final Object Repo/New Registration - Registration Module Pages/New Reg - OTC to RO/Special Case - OTC - Form 1/Registered with SSM - After Feb 2017' is clicked on

2018-12-12 17:15:15 - [MESSAGE][PASSED] - Object: 'Object Repository/Final Object Repo/New Registration - Registration Module Pages/New Reg - OTC to RO/Special Case - OTC - Form 1/Registered with SSM - After Feb 2017' is clicked on

2018-12-12 17:15:15 - [TEST_STEP][PASSED] - delay: Delayed 2 second(s)

2018-12-12 17:15:17 - [MESSAGE][PASSED] - Delayed 2 second(s)

2018-12-12 17:15:17 - [TEST_STEP][PASSED] - click: Object: 'Object Repository/Final Object Repo/New Registration - Registration Module Pages/Form 1/Registered As a Branch - Yes' is clicked on

2018-12-12 17:15:17 - [MESSAGE][PASSED] - Object: 'Object Repository/Final Object Repo/New Registration - Registration Module Pages/Form 1/Registered As a Branch - Yes' is clicked on

2018-12-12 17:15:17 - [TEST_STEP][PASSED] - click: Object: 'Object Repository/Final Object Repo/New Registration - Registration Module Pages/New Reg - OTC to RO/Special Case - OTC - Form 1/Acknowledgement Ticked' is clicked on

2018-12-12 17:15:17 - [MESSAGE][PASSED] - Object: 'Object Repository/Final Object Repo/New Registration - Registration Module Pages/New Reg - OTC to RO/Special Case - OTC - Form 1/Acknowledgement Ticked' is clicked on

2018-12-12 17:15:17 - [TEST_STEP][PASSED] - setText: Text 'perkeso575997156336@gmail.com' is set on object 'Object Repository/Final Object Repo/New Registration - Registration Module Pages/Form 1/Email'

2018-12-12 17:15:18 - [MESSAGE][PASSED] - Text 'perkeso575997156336@gmail.com' is set on object 'Object Repository/Final Object Repo/New Registration - Registration Module Pages/Form 1/Email'

2018-12-12 17:15:18 - [TEST_STEP][PASSED] - click: Object: 'Object Repository/Final Object Repo/New Registration - Registration Module Pages/New Reg - OTC to RO/Special Case - OTC - Form 1/Submit Button' is clicked on

2018-12-12 17:15:18 - [MESSAGE][PASSED] - Object: 'Object Repository/Final Object Repo/New Registration - Registration Module Pages/New Reg - OTC to RO/Special Case - OTC - Form 1/Submit Button' is clicked on

2018-12-12 17:15:18 - [TEST_STEP][PASSED] - callTestCase: Call Test Case 'Test Cases/Final Aug 2018 - PKS Automation/Registration Module/New Registration/Form 2/Add 1 Eligible - Employer Account Use' successfully

2018-12-12 17:15:18 - [TEST_CASE][PASSED] - Test Cases/Final Aug 2018 - PKS Automation/Registration Module/New Registration/Form 2/Add 1 Eligible - Employer Account Use: Test Cases/Final Aug 2018 - PKS Automation/Registration Module/New Registration/Form 2/Add 1 Eligible - Employer Account Use

2018-12-12 17:15:18 - [TEST_STEP][PASSED] - delay: Delayed 2 second(s)

2018-12-12 17:15:20 - [MESSAGE][PASSED] - Delayed 2 second(s)

2018-12-12 17:15:20 - [TEST_STEP][PASSED] - callTestCase: Call Test Case 'Test Cases/Final Aug 2018 - PKS Automation/Registration Module/New Registration/Form 2/Date Updater' successfully

2018-12-12 17:15:20 - [TEST_CASE][PASSED] - Test Cases/Final Aug 2018 - PKS Automation/Registration Module/New Registration/Form 2/Date Updater: Test Cases/Final Aug 2018 - PKS Automation/Registration Module/New Registration/Form 2/Date Updater

2018-12-12 17:15:20 - [TEST_STEP][PASSED] - Statement - TodayDate = new java.util.Date(): null

2018-12-12 17:15:20 - [TEST_STEP][PASSED] - Statement - CurrentDateNoFilter = new java.text.SimpleDateFormat(): null

2018-12-12 17:15:20 - [TEST_STEP][PASSED] - Statement - CurrentDateNoFilter.applyPattern("MM"): null

2018-12-12 17:15:20 - [TEST_STEP][PASSED] - Statement - monthContainerMatcher = java.lang.Integer.parseInt(CurrentDateNoFilter.format(TodayDate)): null

2018-12-12 17:15:20 - [TEST_STEP][PASSED] - Statement - monthContainerMatcher = monthContainerMatcher - 1: null

2018-12-12 17:15:20 - [TEST_STEP][PASSED] - Statement - CurrentMonth = monthContainerMatcher.toString(): null

2018-12-12 17:15:20 - [TEST_STEP][PASSED] - Statement - CurrentMonth = CurrentMonth: null

2018-12-12 17:15:20 - [TEST_STEP][PASSED] - Statement - CurrentDateNoFilter.applyPattern("yyyy"): null

2018-12-12 17:15:20 - [TEST_STEP][PASSED] - Statement - CurrentYear = CurrentDateNoFilter.format(TodayDate): null

2018-12-12 17:15:20 - [TEST_STEP][PASSED] - Statement - CurrentYear = CurrentYear: null

2018-12-12 17:15:20 - [TEST_STEP][PASSED] - Statement - intCurrentYear = java.lang.Integer.parseInt(CurrentDateNoFilter.format(TodayDate)): null

2018-12-12 17:15:20 - [TEST_STEP][PASSED] - Statement - eighteenYrsAgo = intCurrentYear - 18: null

2018-12-12 17:15:20 - [TEST_STEP][PASSED] - Statement - eighteenYrsBeforeThisYr = eighteenYrsAgo.toString(): null

2018-12-12 17:15:20 - [TEST_STEP][PASSED] - Statement - EighteenYrsBefore = eighteenYrsBeforeThisYr: null

2018-12-12 17:15:20 - [TEST_STEP][PASSED] - Statement - fiftysevenYrsAgo = intCurrentYear - 57: null

2018-12-12 17:15:20 - [TEST_STEP][PASSED] - Statement - fiftysevenYrsBeforeThisYr = fiftysevenYrsAgo.toString(): null

2018-12-12 17:15:20 - [TEST_STEP][PASSED] - Statement - FiftysevenYrsBefore = fiftysevenYrsBeforeThisYr: null

2018-12-12 17:15:20 - [TEST_STEP][PASSED] - Statement - leapYear = false: null

2018-12-12 17:15:20 - [TEST_STEP][PASSED] - Statement - leapYear = intCurrentYear % 4 == 0: null

2018-12-12 17:15:20 - [TEST_STEP][PASSED] - Statement - CurrentDateNoFilter.applyPattern("dd"): null

2018-12-12 17:15:20 - [TEST_STEP][PASSED] - Statement - CurrentDate = CurrentDateNoFilter.format(TodayDate): null

2018-12-12 17:15:20 - [TEST_STEP][PASSED] - Statement - CurrentDate = java.lang.Integer.parseInt(CurrentDate): null

2018-12-12 17:15:20 - [TEST_STEP][PASSED] - Statement - CurrentDate = CurrentDate: null

2018-12-12 17:15:20 - [TEST_STEP][PASSED] - Statement - CurrentDay = java.lang.Integer.parseInt(CurrentDate): null

2018-12-12 17:15:20 - [TEST_STEP][PASSED] - Statement - ConfAdder = <not implemented yet for class: org.codehaus.groovy.ast.expr.EmptyExpression>: null

2018-12-12 17:15:20 - [TEST_STEP][PASSED] - Statement - out.println(CurrentMonth): null

2018-12-12 17:15:20 - [TEST_STEP][PASSED] - Statement - out.println(CurrentDate): null

2018-12-12 17:15:20 - [TEST_STEP][PASSED] - Statement - switch (CurrentDate): null

2018-12-12 17:15:20 - [TEST_STEP][PASSED] - Statement - Default: null

2018-12-12 17:15:20 - [TEST_STEP][PASSED] - Statement - ConfAdder = true: null

2018-12-12 17:15:20 - [TEST_STEP][PASSED] - Statement - Break: null

2018-12-12 17:15:20 - [TEST_STEP][PASSED] - Statement - aDayBefore = <not implemented yet for class: org.codehaus.groovy.ast.expr.EmptyExpression>: null

2018-12-12 17:15:20 - [TEST_STEP][PASSED] - Statement - out.println(ConfAdder): null

2018-12-12 17:15:20 - [TEST_STEP][PASSED] - Statement - If (ConfAdder == true): null

2018-12-12 17:15:20 - [TEST_STEP][PASSED] - Statement - aDayBefore = CurrentDay + 1: null

2018-12-12 17:15:20 - [TEST_STEP][PASSED] - Statement - out.println(aDayBefore): null

2018-12-12 17:15:20 - [TEST_STEP][PASSED] - Statement - If (aDayBefore == 1 && CurrentMonth == 11): null

2018-12-12 17:15:20 - [TEST_STEP][PASSED] - Statement - DayBefore = aDayBefore.toString(): null

2018-12-12 17:15:20 - [TEST_STEP][PASSED] - Statement - OneDayBefore = DayBefore: null

2018-12-12 17:15:20 - [MESSAGE][PASSED] - Call Test Case 'Test Cases/Final Aug 2018 - PKS Automation/Registration Module/New Registration/Form 2/Date Updater' successfully

2018-12-12 17:15:20 - [TEST_STEP][PASSED] - delay: Delayed 1 second(s)

2018-12-12 17:15:21 - [MESSAGE][PASSED] - Delayed 1 second(s)

2018-12-12 17:15:21 - [TEST_STEP][PASSED] - Statement - CaseReferenceNo = com.kms.katalon.core.webui.keyword.WebUiBuiltInKeywords.getText(com.kms.katalon.core.testobject.ObjectRepository.findTestObject(Final Object Repo/New Registration - Registration Module Pages/Form 2/RefNo Acquiring)): Text of object 'Object Repository/Final Object Repo/New Registration - Registration Module Pages/Form 2/RefNo Acquiring' is: 'CRN12201800123221'

2018-12-12 17:15:21 - [MESSAGE][PASSED] - Text of object 'Object Repository/Final Object Repo/New Registration - Registration Module Pages/Form 2/RefNo Acquiring' is: 'CRN12201800123221'

2018-12-12 17:15:21 - [TEST_STEP][PASSED] - delay: Delayed 1 second(s)

2018-12-12 17:15:22 - [MESSAGE][PASSED] - Delayed 1 second(s)

2018-12-12 17:15:22 - [TEST_STEP][PASSED] - click: Object: 'Object Repository/Final Object Repo/New Registration - Registration Module Pages/Form 2/Add Employee Button' is clicked on

2018-12-12 17:15:23 - [MESSAGE][PASSED] - Object: 'Object Repository/Final Object Repo/New Registration - Registration Module Pages/Form 2/Add Employee Button' is clicked on

2018-12-12 17:15:23 - [TEST_STEP][PASSED] - delay: Delayed 1 second(s)

2018-12-12 17:15:24 - [MESSAGE][PASSED] - Delayed 1 second(s)

2018-12-12 17:15:24 - [TEST_STEP][PASSED] - setText: Text '010903091948' is set on object 'Object Repository/Final Object Repo/New Registration - Registration Module Pages/Form 2/NRIC Input'

2018-12-12 17:15:24 - [MESSAGE][PASSED] - Text '010903091948' is set on object 'Object Repository/Final Object Repo/New Registration - Registration Module Pages/Form 2/NRIC Input'

2018-12-12 17:15:24 - [TEST_STEP][PASSED] - delay: Delayed 2 second(s)

2018-12-12 17:15:26 - [MESSAGE][PASSED] - Delayed 2 second(s)

2018-12-12 17:15:26 - [TEST_STEP][PASSED] - setText: Text 'Automate001 eligible 1' is set on object 'Object Repository/Final Object Repo/New Registration - Registration Module Pages/Form 2/Employee Name Input'

2018-12-12 17:15:26 - [MESSAGE][PASSED] - Text 'Automate001 eligible 1' is set on object 'Object Repository/Final Object Repo/New Registration - Registration Module Pages/Form 2/Employee Name Input'

2018-12-12 17:15:26 - [TEST_STEP][PASSED] - delay: Delayed 2 second(s)

2018-12-12 17:15:28 - [MESSAGE][PASSED] - Delayed 2 second(s)

2018-12-12 17:15:28 - [TEST_STEP][PASSED] - click: Object: 'Object Repository/Final Object Repo/New Registration - Registration Module Pages/Form 2/DatePicker Pop Up' is clicked on

2018-12-12 17:15:28 - [MESSAGE][PASSED] - Object: 'Object Repository/Final Object Repo/New Registration - Registration Module Pages/Form 2/DatePicker Pop Up' is clicked on

2018-12-12 17:15:28 - [TEST_STEP][PASSED] - click: Object: 'Object Repository/Final Object Repo/New Registration - Registration Module Pages/Form 2/DOB Month' is clicked on

2018-12-12 17:15:29 - [MESSAGE][PASSED] - Object: 'Object Repository/Final Object Repo/New Registration - Registration Module Pages/Form 2/DOB Month' is clicked on

2018-12-12 17:15:29 - [TEST_STEP][PASSED] - Statement - CurrentMonth = CurrentMonth: null

2018-12-12 17:15:29 - [TEST_STEP][PASSED] - Statement - selectMonth = new com.kms.katalon.core.testobject.TestObject(): null

2018-12-12 17:15:29 - [TEST_STEP][PASSED] - Statement - selectMonth.addProperty("xpath", EQUALS, "//body/div/div/div/select/option[@value='" + CurrentMonth + "']", true): null

2018-12-12 17:15:29 - [TEST_STEP][PASSED] - click: Object: '' is clicked on

2018-12-12 17:15:29 - [MESSAGE][PASSED] - Object: '' is clicked on

2018-12-12 17:15:29 - [TEST_STEP][PASSED] - click: Object: 'Object Repository/Final Object Repo/New Registration - Registration Module Pages/Form 2/DOB Year' is clicked on

2018-12-12 17:15:29 - [MESSAGE][PASSED] - Object: 'Object Repository/Final Object Repo/New Registration - Registration Module Pages/Form 2/DOB Year' is clicked on

2018-12-12 17:15:29 - [TEST_STEP][PASSED] - Statement - Eyearsbf = EighteenYrsBefore: null

2018-12-12 17:15:29 - [TEST_STEP][PASSED] - Statement - selectYear = new com.kms.katalon.core.testobject.TestObject(): null

2018-12-12 17:15:29 - [TEST_STEP][PASSED] - Statement - selectYear.addProperty("xpath", EQUALS, "//div/div/div/select/option[@value='" + Eyearsbf + "']", true): null

2018-12-12 17:15:29 - [TEST_STEP][PASSED] - click: Object: '' is clicked on

2018-12-12 17:15:29 - [MESSAGE][PASSED] - Object: '' is clicked on

2018-12-12 17:15:29 - [TEST_STEP][PASSED] - Statement - UpdatedSelectDate = com.kms.katalon.core.webui.keyword.WebUiBuiltInKeywords.modifyObjectProperty(com.kms.katalon.core.testobject.ObjectRepository.findTestObject(Final Object Repo/New Registration - Registration Module Pages/Form 2/DOB Date), "xpath", "equals", "//body/div/table/tbody/tr/td/a[text()="" + CurrentDate + ""]", true): Modify property of object successfully

2018-12-12 17:15:29 - [MESSAGE][PASSED] - Modify property of object successfully

2018-12-12 17:15:29 - [TEST_STEP][PASSED] - delay: Delayed 3 second(s)

2018-12-12 17:15:32 - [MESSAGE][PASSED] - Delayed 3 second(s)

2018-12-12 17:15:32 - [TEST_STEP][PASSED] - click: Object: 'Object Repository/Final Object Repo/New Registration - Registration Module Pages/Form 2/DOB Date' is clicked on

2018-12-12 17:15:32 - [MESSAGE][PASSED] - Object: 'Object Repository/Final Object Repo/New Registration - Registration Module Pages/Form 2/DOB Date' is clicked on

2018-12-12 17:15:32 - [TEST_STEP][PASSED] - delay: Delayed 2 second(s)

2018-12-12 17:15:34 - [MESSAGE][PASSED] - Delayed 2 second(s)

2018-12-12 17:15:34 - [TEST_STEP][PASSED] - click: Object: 'Object Repository/Final Object Repo/New Registration - Registration Module Pages/Form 2/EmploymentStartDate Pop Up' is clicked on

2018-12-12 17:15:34 - [MESSAGE][PASSED] - Object: 'Object Repository/Final Object Repo/New Registration - Registration Module Pages/Form 2/EmploymentStartDate Pop Up' is clicked on

2018-12-12 17:15:34 - [TEST_STEP][PASSED] - delay: Delayed 2 second(s)

2018-12-12 17:15:36 - [MESSAGE][PASSED] - Delayed 2 second(s)

2018-12-12 17:15:36 - [TEST_STEP][PASSED] - click: Object: 'Object Repository/Final Object Repo/New Registration - Registration Module Pages/Form 2/Socso Employment StartDate Month' is clicked on

2018-12-12 17:15:37 - [MESSAGE][PASSED] - Object: 'Object Repository/Final Object Repo/New Registration - Registration Module Pages/Form 2/Socso Employment StartDate Month' is clicked on

2018-12-12 17:15:37 - [TEST_STEP][PASSED] - delay: Delayed 1 second(s)

2018-12-12 17:15:38 - [MESSAGE][PASSED] - Delayed 1 second(s)

2018-12-12 17:15:38 - [TEST_STEP][PASSED] - click: Object: 'Object Repository/Final Object Repo/New Registration - Registration Module Pages/Form 2/Select Socso Employement Startdate Month' is clicked on

2018-12-12 17:15:38 - [MESSAGE][PASSED] - Object: 'Object Repository/Final Object Repo/New Registration - Registration Module Pages/Form 2/Select Socso Employement Startdate Month' is clicked on

2018-12-12 17:15:38 - [TEST_STEP][PASSED] - delay: Delayed 2 second(s)

2018-12-12 17:15:40 - [MESSAGE][PASSED] - Delayed 2 second(s)

2018-12-12 17:15:40 - [TEST_STEP][PASSED] - click: Object: 'Object Repository/Final Object Repo/New Registration - Registration Module Pages/Form 2/Socso Employment StartDate Year' is clicked on

2018-12-12 17:15:40 - [MESSAGE][PASSED] - Object: 'Object Repository/Final Object Repo/New Registration - Registration Module Pages/Form 2/Socso Employment StartDate Year' is clicked on

2018-12-12 17:15:40 - [TEST_STEP][PASSED] - delay: Delayed 1 second(s)

2018-12-12 17:15:41 - [MESSAGE][PASSED] - Delayed 1 second(s)

2018-12-12 17:15:41 - [TEST_STEP][PASSED] - click: Object: 'Object Repository/Final Object Repo/New Registration - Registration Module Pages/Form 2/Select Socso Employment Startdate Year' is clicked on

2018-12-12 17:15:41 - [MESSAGE][PASSED] - Object: 'Object Repository/Final Object Repo/New Registration - Registration Module Pages/Form 2/Select Socso Employment Startdate Year' is clicked on

2018-12-12 17:15:41 - [TEST_STEP][PASSED] - delay: Delayed 2 second(s)

2018-12-12 17:15:43 - [MESSAGE][PASSED] - Delayed 2 second(s)

2018-12-12 17:15:43 - [TEST_STEP][PASSED] - click: Object: 'Object Repository/Final Object Repo/New Registration - Registration Module Pages/Form 2/Socso Employment Start Date Day' is clicked on

2018-12-12 17:15:43 - [MESSAGE][PASSED] - Object: 'Object Repository/Final Object Repo/New Registration - Registration Module Pages/Form 2/Socso Employment Start Date Day' is clicked on

2018-12-12 17:15:43 - [TEST_STEP][PASSED] - delay: Delayed 2 second(s)

2018-12-12 17:15:45 - [MESSAGE][PASSED] - Delayed 2 second(s)

2018-12-12 17:15:45 - [TEST_STEP][PASSED] - click: Object: 'Object Repository/Final Object Repo/New Registration - Registration Module Pages/Form 2/Save Button for Add Employee' is clicked on

2018-12-12 17:15:45 - [MESSAGE][PASSED] - Object: 'Object Repository/Final Object Repo/New Registration - Registration Module Pages/Form 2/Save Button for Add Employee' is clicked on

2018-12-12 17:15:45 - [TEST_STEP][PASSED] - delay: Delayed 6 second(s)

2018-12-12 17:15:51 - [MESSAGE][PASSED] - Delayed 6 second(s)

2018-12-12 17:15:51 - [TEST_STEP][PASSED] - click: Object: 'Object Repository/Final Object Repo/New Registration - Registration Module Pages/Form 2/Save and Continue Form 2' is clicked on

2018-12-12 17:15:52 - [MESSAGE][PASSED] - Object: 'Object Repository/Final Object Repo/New Registration - Registration Module Pages/Form 2/Save and Continue Form 2' is clicked on

2018-12-12 17:15:52 - [MESSAGE][PASSED] - Call Test Case 'Test Cases/Final Aug 2018 - PKS Automation/Registration Module/New Registration/Form 2/Add 1 Eligible - Employer Account Use' successfully

2018-12-12 17:15:52 - [TEST_STEP][PASSED] - callTestCase: Call Test Case 'Test Cases/Final Aug 2018 - PKS Automation/Registration Module/New Registration/Flow of New Registration/Third Screen - Upload Supporting Doc - Preview' successfully

2018-12-12 17:15:52 - [TEST_CASE][PASSED] - Test Cases/Final Aug 2018 - PKS Automation/Registration Module/New Registration/Flow of New Registration/Third Screen - Upload Supporting Doc - Preview: Test Cases/Final Aug 2018 - PKS Automation/Registration Module/New Registration/Flow of New Registration/Third Screen - Upload Supporting Doc - Preview

2018-12-12 17:15:52 - [TEST_STEP][PASSED] - waitForPageLoad: Wait for page load successfully

2018-12-12 17:15:52 - [MESSAGE][PASSED] - Wait for page load successfully

2018-12-12 17:15:52 - [TEST_STEP][PASSED] - Statement - CaseReferenceNo = com.kms.katalon.core.webui.keyword.WebUiBuiltInKeywords.getText(com.kms.katalon.core.testobject.ObjectRepository.findTestObject(Final Object Repo/New Registration - Registration Module Pages/Third Screen - Upload Supporting Doc- Preview/RefNo Acquiring)): Text of object 'Object Repository/Final Object Repo/New Registration - Registration Module Pages/Third Screen - Upload Supporting Doc- Preview/RefNo Acquiring' is: 'CRN12201800123221'

2018-12-12 17:15:53 - [MESSAGE][PASSED] - Text of object 'Object Repository/Final Object Repo/New Registration - Registration Module Pages/Third Screen - Upload Supporting Doc- Preview/RefNo Acquiring' is: 'CRN12201800123221'

2018-12-12 17:15:53 - [TEST_STEP][PASSED] - delay: Delayed 2 second(s)

2018-12-12 17:15:55 - [MESSAGE][PASSED] - Delayed 2 second(s)

2018-12-12 17:15:55 - [TEST_STEP][PASSED] - callTestCase: Call Test Case 'Test Cases/Final Aug 2018 - PKS Automation/Common/Reference Number Setter' successfully

2018-12-12 17:15:55 - [TEST_CASE][PASSED] - Test Cases/Final Aug 2018 - PKS Automation/Common/Reference Number Setter: Test Cases/Final Aug 2018 - PKS Automation/Common/Reference Number Setter

2018-12-12 17:15:55 - [TEST_STEP][PASSED] - Statement - RefNoOldFile = new java.io.File(C://Users//Admin//Desktop//PKS//Automation Reference Point//KatalonReference.txt): null

2018-12-12 17:15:55 - [TEST_STEP][PASSED] - Statement - RefNoOldFile.delete(): null

2018-12-12 17:15:55 - [TEST_STEP][PASSED] - delay: Delayed 5 second(s)

2018-12-12 17:16:00 - [MESSAGE][PASSED] - Delayed 5 second(s)

2018-12-12 17:16:00 - [TEST_STEP][PASSED] - Statement - RefNo = new java.io.File(C://Users//Admin//Desktop//PKS//Automation Reference Point//KatalonReference.txt): null

2018-12-12 17:16:00 - [TEST_STEP][PASSED] - Statement - f2 = new java.io.FileWriter(RefNo, false): null

2018-12-12 17:16:00 - [TEST_STEP][PASSED] - Statement - f2.write(CaseReferenceNo): null

2018-12-12 17:16:00 - [TEST_STEP][PASSED] - Statement - f2.close(): null

2018-12-12 17:16:00 - [TEST_STEP][PASSED] - Statement - out.println("


" + CaseReferenceNo + "


"): null

2018-12-12 17:16:00 - [MESSAGE][PASSED] - Call Test Case 'Test Cases/Final Aug 2018 - PKS Automation/Common/Reference Number Setter' successfully

2018-12-12 17:16:00 - [TEST_STEP][PASSED] - waitForElementClickable: Object 'Object Repository/Final Object Repo/New Registration - Registration Module Pages/Third Screen - Upload Supporting Doc- Preview/Save n Continue in SIP Employee Listing Page' is clickable

2018-12-12 17:16:00 - [MESSAGE][PASSED] - Object 'Object Repository/Final Object Repo/New Registration - Registration Module Pages/Third Screen - Upload Supporting Doc- Preview/Save n Continue in SIP Employee Listing Page' is clickable

2018-12-12 17:16:00 - [TEST_STEP][PASSED] - click: Object: 'Object Repository/Final Object Repo/New Registration - Registration Module Pages/Third Screen - Upload Supporting Doc- Preview/Save n Continue in SIP Employee Listing Page' is clicked on

2018-12-12 17:16:05 - [MESSAGE][PASSED] - Object: 'Object Repository/Final Object Repo/New Registration - Registration Module Pages/Third Screen - Upload Supporting Doc- Preview/Save n Continue in SIP Employee Listing Page' is clicked on

2018-12-12 17:16:05 - [TEST_STEP][PASSED] - delay: Delayed 7 second(s)

2018-12-12 17:16:12 - [MESSAGE][PASSED] - Delayed 7 second(s)

2018-12-12 17:16:12 - [TEST_STEP][PASSED] - click: Object: 'Object Repository/Final Object Repo/New Registration - Registration Module Pages/Third Screen - Upload Supporting Doc- Preview/Add Document Button' is clicked on

2018-12-12 17:16:13 - [MESSAGE][PASSED] - Object: 'Object Repository/Final Object Repo/New Registration - Registration Module Pages/Third Screen - Upload Supporting Doc- Preview/Add Document Button' is clicked on

2018-12-12 17:16:13 - [TEST_STEP][PASSED] - delay: Delayed 30 second(s)

2018-12-12 17:16:43 - [MESSAGE][PASSED] - Delayed 30 second(s)

2018-12-12 17:16:43 - [TEST_STEP][PASSED] - click: Object: 'Object Repository/Final Object Repo/New Registration - Registration Module Pages/Third Screen - Upload Supporting Doc- Preview/Supporting Doc Please Select Drop Down' is clicked on

2018-12-12 17:16:43 - [MESSAGE][PASSED] - Object: 'Object Repository/Final Object Repo/New Registration - Registration Module Pages/Third Screen - Upload Supporting Doc- Preview/Supporting Doc Please Select Drop Down' is clicked on

2018-12-12 17:16:43 - [TEST_STEP][PASSED] - delay: Delayed 2 second(s)

2018-12-12 17:16:45 - [MESSAGE][PASSED] - Delayed 2 second(s)

2018-12-12 17:16:45 - [TEST_STEP][PASSED] - click: Object: 'Object Repository/Final Object Repo/New Registration - Registration Module Pages/Third Screen - Upload Supporting Doc- Preview/Select to Upload Form 1' is clicked on

2018-12-12 17:16:45 - [MESSAGE][PASSED] - Object: 'Object Repository/Final Object Repo/New Registration - Registration Module Pages/Third Screen - Upload Supporting Doc- Preview/Select to Upload Form 1' is clicked on

2018-12-12 17:16:45 - [TEST_STEP][PASSED] - delay: Delayed 2 second(s)

2018-12-12 17:16:47 - [MESSAGE][PASSED] - Delayed 2 second(s)

2018-12-12 17:16:47 - [TEST_STEP][PASSED] - uploadFile: File 'C:\Users\Public\Pictures\Sample Pictures\Koala.jpg' sent to object: 'Object Repository/Final Object Repo/New Registration - Registration Module Pages/Third Screen - Upload Supporting Doc- Preview/Upload File Adding'

2018-12-12 17:16:47 - [MESSAGE][PASSED] - File 'C:\Users\Public\Pictures\Sample Pictures\Koala.jpg' sent to object: 'Object Repository/Final Object Repo/New Registration - Registration Module Pages/Third Screen - Upload Supporting Doc- Preview/Upload File Adding'

2018-12-12 17:16:47 - [TEST_STEP][PASSED] - delay: Delayed 5 second(s)

2018-12-12 17:16:52 - [MESSAGE][PASSED] - Delayed 5 second(s)

2018-12-12 17:16:52 - [TEST_STEP][PASSED] - click: Object: 'Object Repository/Final Object Repo/New Registration - Registration Module Pages/Third Screen - Upload Supporting Doc- Preview/Inner Form Add Document Button' is clicked on

2018-12-12 17:16:52 - [MESSAGE][PASSED] - Object: 'Object Repository/Final Object Repo/New Registration - Registration Module Pages/Third Screen - Upload Supporting Doc- Preview/Inner Form Add Document Button' is clicked on

2018-12-12 17:16:52 - [TEST_STEP][PASSED] - delay: Delayed 3 second(s)

2018-12-12 17:16:55 - [MESSAGE][PASSED] - Delayed 3 second(s)

2018-12-12 17:16:55 - [TEST_STEP][PASSED] - click: Object: 'Object Repository/Final Object Repo/New Registration - Registration Module Pages/Third Screen - Upload Supporting Doc- Preview/Add Document Button' is clicked on

2018-12-12 17:16:57 - [MESSAGE][PASSED] - Object: 'Object Repository/Final Object Repo/New Registration - Registration Module Pages/Third Screen - Upload Supporting Doc- Preview/Add Document Button' is clicked on

2018-12-12 17:16:57 - [TEST_STEP][PASSED] - delay: Delayed 30 second(s)

2018-12-12 17:17:27 - [MESSAGE][PASSED] - Delayed 30 second(s)

2018-12-12 17:17:27 - [TEST_STEP][PASSED] - click: Object: 'Object Repository/Final Object Repo/New Registration - Registration Module Pages/Third Screen - Upload Supporting Doc- Preview/Supporting Doc Please Select Drop Down' is clicked on

2018-12-12 17:17:27 - [MESSAGE][PASSED] - Object: 'Object Repository/Final Object Repo/New Registration - Registration Module Pages/Third Screen - Upload Supporting Doc- Preview/Supporting Doc Please Select Drop Down' is clicked on

2018-12-12 17:17:27 - [TEST_STEP][PASSED] - delay: Delayed 4 second(s)

2018-12-12 17:17:31 - [MESSAGE][PASSED] - Delayed 4 second(s)

2018-12-12 17:17:31 - [TEST_STEP][PASSED] - click: Object: 'Object Repository/Final Object Repo/New Registration - Registration Module Pages/Third Screen - Upload Supporting Doc- Preview/Select to Upload Form 2' is clicked on

2018-12-12 17:17:31 - [MESSAGE][PASSED] - Object: 'Object Repository/Final Object Repo/New Registration - Registration Module Pages/Third Screen - Upload Supporting Doc- Preview/Select to Upload Form 2' is clicked on

2018-12-12 17:17:31 - [TEST_STEP][PASSED] - delay: Delayed 2 second(s)

2018-12-12 17:17:33 - [MESSAGE][PASSED] - Delayed 2 second(s)

2018-12-12 17:17:33 - [TEST_STEP][PASSED] - uploadFile: File 'C:\Users\Public\Pictures\Sample Pictures\Koala.jpg' sent to object: 'Object Repository/Final Object Repo/New Registration - Registration Module Pages/Third Screen - Upload Supporting Doc- Preview/Upload File Adding'

2018-12-12 17:17:33 - [MESSAGE][PASSED] - File 'C:\Users\Public\Pictures\Sample Pictures\Koala.jpg' sent to object: 'Object Repository/Final Object Repo/New Registration - Registration Module Pages/Third Screen - Upload Supporting Doc- Preview/Upload File Adding'

2018-12-12 17:17:33 - [TEST_STEP][PASSED] - click: Object: 'Object Repository/Final Object Repo/New Registration - Registration Module Pages/Third Screen - Upload Supporting Doc- Preview/Inner Form Add Document Button' is clicked on

2018-12-12 17:17:33 - [MESSAGE][PASSED] - Object: 'Object Repository/Final Object Repo/New Registration - Registration Module Pages/Third Screen - Upload Supporting Doc- Preview/Inner Form Add Document Button' is clicked on

2018-12-12 17:17:33 - [TEST_STEP][PASSED] - delay: Delayed 5 second(s)

2018-12-12 17:17:38 - [MESSAGE][PASSED] - Delayed 5 second(s)

2018-12-12 17:17:38 - [TEST_STEP][PASSED] - click: Object: 'Object Repository/Final Object Repo/New Registration - Registration Module Pages/Third Screen - Upload Supporting Doc- Preview/Add Document Button' is clicked on

2018-12-12 17:17:39 - [MESSAGE][PASSED] - Object: 'Object Repository/Final Object Repo/New Registration - Registration Module Pages/Third Screen - Upload Supporting Doc- Preview/Add Document Button' is clicked on

2018-12-12 17:17:39 - [TEST_STEP][PASSED] - delay: Delayed 30 second(s)

2018-12-12 17:18:09 - [MESSAGE][PASSED] - Delayed 30 second(s)

2018-12-12 17:18:09 - [TEST_STEP][PASSED] - click: Object: 'Object Repository/Final Object Repo/New Registration - Registration Module Pages/Third Screen - Upload Supporting Doc- Preview/Supporting Doc Please Select Drop Down' is clicked on

2018-12-12 17:18:09 - [MESSAGE][PASSED] - Object: 'Object Repository/Final Object Repo/New Registration - Registration Module Pages/Third Screen - Upload Supporting Doc- Preview/Supporting Doc Please Select Drop Down' is clicked on

2018-12-12 17:18:09 - [TEST_STEP][PASSED] - click: Object: 'Object Repository/Final Object Repo/New Registration - Registration Module Pages/Third Screen - Upload Supporting Doc- Preview/Select to Upload Borang SIP 1' is clicked on

2018-12-12 17:18:09 - [MESSAGE][PASSED] - Object: 'Object Repository/Final Object Repo/New Registration - Registration Module Pages/Third Screen - Upload Supporting Doc- Preview/Select to Upload Borang SIP 1' is clicked on

2018-12-12 17:18:09 - [TEST_STEP][PASSED] - delay: Delayed 2 second(s)

2018-12-12 17:18:11 - [MESSAGE][PASSED] - Delayed 2 second(s)

2018-12-12 17:18:11 - [TEST_STEP][PASSED] - uploadFile: File 'C:\Users\Public\Pictures\Sample Pictures\Koala.jpg' sent to object: 'Object Repository/Final Object Repo/New Registration - Registration Module Pages/Third Screen - Upload Supporting Doc- Preview/Upload File Adding'

2018-12-12 17:18:11 - [MESSAGE][PASSED] - File 'C:\Users\Public\Pictures\Sample Pictures\Koala.jpg' sent to object: 'Object Repository/Final Object Repo/New Registration - Registration Module Pages/Third Screen - Upload Supporting Doc- Preview/Upload File Adding'

2018-12-12 17:18:11 - [TEST_STEP][PASSED] - click: Object: 'Object Repository/Final Object Repo/New Registration - Registration Module Pages/Third Screen - Upload Supporting Doc- Preview/Inner Form Add Document Button' is clicked on

2018-12-12 17:18:11 - [MESSAGE][PASSED] - Object: 'Object Repository/Final Object Repo/New Registration - Registration Module Pages/Third Screen - Upload Supporting Doc- Preview/Inner Form Add Document Button' is clicked on

2018-12-12 17:18:11 - [TEST_STEP][PASSED] - delay: Delayed 5 second(s)

2018-12-12 17:18:16 - [MESSAGE][PASSED] - Delayed 5 second(s)

2018-12-12 17:18:16 - [TEST_STEP][PASSED] - click: Object: 'Object Repository/Final Object Repo/New Registration - Registration Module Pages/Third Screen - Upload Supporting Doc- Preview/Add Document Button' is clicked on

2018-12-12 17:18:16 - [MESSAGE][PASSED] - Object: 'Object Repository/Final Object Repo/New Registration - Registration Module Pages/Third Screen - Upload Supporting Doc- Preview/Add Document Button' is clicked on

2018-12-12 17:18:16 - [TEST_STEP][PASSED] - delay: Delayed 30 second(s)

2018-12-12 17:18:46 - [MESSAGE][PASSED] - Delayed 30 second(s)

2018-12-12 17:18:46 - [TEST_STEP][PASSED] - click: Object: 'Object Repository/Final Object Repo/New Registration - Registration Module Pages/Third Screen - Upload Supporting Doc- Preview/Supporting Doc Please Select Drop Down' is clicked on

2018-12-12 17:18:47 - [MESSAGE][PASSED] - Object: 'Object Repository/Final Object Repo/New Registration - Registration Module Pages/Third Screen - Upload Supporting Doc- Preview/Supporting Doc Please Select Drop Down' is clicked on

2018-12-12 17:18:47 - [TEST_STEP][PASSED] - delay: Delayed 3 second(s)

2018-12-12 17:18:50 - [MESSAGE][PASSED] - Delayed 3 second(s)

2018-12-12 17:18:50 - [TEST_STEP][PASSED] - click: Object: 'Object Repository/Final Object Repo/New Registration - Registration Module Pages/Third Screen - Upload Supporting Doc- Preview/Select to Upload Borang SIP 2' is clicked on

2018-12-12 17:18:50 - [MESSAGE][PASSED] - Object: 'Object Repository/Final Object Repo/New Registration - Registration Module Pages/Third Screen - Upload Supporting Doc- Preview/Select to Upload Borang SIP 2' is clicked on

2018-12-12 17:18:50 - [TEST_STEP][PASSED] - delay: Delayed 2 second(s)

2018-12-12 17:18:52 - [MESSAGE][PASSED] - Delayed 2 second(s)

2018-12-12 17:18:52 - [TEST_STEP][PASSED] - uploadFile: File 'C:\Users\Public\Pictures\Sample Pictures\Koala.jpg' sent to object: 'Object Repository/Final Object Repo/New Registration - Registration Module Pages/Third Screen - Upload Supporting Doc- Preview/Upload File Adding'

2018-12-12 17:18:52 - [MESSAGE][PASSED] - File 'C:\Users\Public\Pictures\Sample Pictures\Koala.jpg' sent to object: 'Object Repository/Final Object Repo/New Registration - Registration Module Pages/Third Screen - Upload Supporting Doc- Preview/Upload File Adding'

2018-12-12 17:18:52 - [TEST_STEP][PASSED] - delay: Delayed 5 second(s)

2018-12-12 17:18:57 - [MESSAGE][PASSED] - Delayed 5 second(s)

2018-12-12 17:18:57 - [TEST_STEP][PASSED] - click: Object: 'Object Repository/Final Object Repo/New Registration - Registration Module Pages/Third Screen - Upload Supporting Doc- Preview/Inner Form Add Document Button' is clicked on

2018-12-12 17:18:57 - [MESSAGE][PASSED] - Object: 'Object Repository/Final Object Repo/New Registration - Registration Module Pages/Third Screen - Upload Supporting Doc- Preview/Inner Form Add Document Button' is clicked on

2018-12-12 17:18:57 - [TEST_STEP][PASSED] - delay: Delayed 3 second(s)

2018-12-12 17:19:00 - [MESSAGE][PASSED] - Delayed 3 second(s)

2018-12-12 17:19:00 - [TEST_STEP][PASSED] - waitForElementClickable: Object 'Object Repository/Final Object Repo/New Registration - Registration Module Pages/Third Screen - Upload Supporting Doc- Preview/Save n Continue in Uploading Supporting Doc Page' is clickable

2018-12-12 17:19:01 - [MESSAGE][PASSED] - Object 'Object Repository/Final Object Repo/New Registration - Registration Module Pages/Third Screen - Upload Supporting Doc- Preview/Save n Continue in Uploading Supporting Doc Page' is clickable

2018-12-12 17:19:01 - [TEST_STEP][PASSED] - click: Object: 'Object Repository/Final Object Repo/New Registration - Registration Module Pages/Third Screen - Upload Supporting Doc- Preview/Save n Continue in Uploading Supporting Doc Page' is clicked on

2018-12-12 17:19:01 - [MESSAGE][PASSED] - Object: 'Object Repository/Final Object Repo/New Registration - Registration Module Pages/Third Screen - Upload Supporting Doc- Preview/Save n Continue in Uploading Supporting Doc Page' is clicked on

2018-12-12 17:19:01 - [MESSAGE][PASSED] - Call Test Case 'Test Cases/Final Aug 2018 - PKS Automation/Registration Module/New Registration/Flow of New Registration/Third Screen - Upload Supporting Doc - Preview' successfully

2018-12-12 17:19:01 - [TEST_STEP][PASSED] - setText: Text 'Tester' is set on object 'Object Repository/Final Object Repo/New Registration - Registration Module Pages/New Reg - OTC to RO/Special Case - All Related Objects/Employer Preview Name'

2018-12-12 17:19:06 - [MESSAGE][PASSED] - Text 'Tester' is set on object 'Object Repository/Final Object Repo/New Registration - Registration Module Pages/New Reg - OTC to RO/Special Case - All Related Objects/Employer Preview Name'

2018-12-12 17:19:06 - [TEST_STEP][PASSED] - click: Object: 'Object Repository/Final Object Repo/New Registration - Registration Module Pages/New Reg - OTC to RO/Special Case - All Related Objects/IC Type Drop Down' is clicked on

2018-12-12 17:19:06 - [MESSAGE][PASSED] - Object: 'Object Repository/Final Object Repo/New Registration - Registration Module Pages/New Reg - OTC to RO/Special Case - All Related Objects/IC Type Drop Down' is clicked on

2018-12-12 17:19:06 - [TEST_STEP][PASSED] - click: Object: 'Object Repository/Final Object Repo/New Registration - Registration Module Pages/New Reg - OTC to RO/Special Case - All Related Objects/Select to NRIC' is clicked on

2018-12-12 17:19:06 - [MESSAGE][PASSED] - Object: 'Object Repository/Final Object Repo/New Registration - Registration Module Pages/New Reg - OTC to RO/Special Case - All Related Objects/Select to NRIC' is clicked on

2018-12-12 17:19:06 - [TEST_STEP][PASSED] - setText: Text '133245561223' is set on object 'Object Repository/Final Object Repo/New Registration - Registration Module Pages/New Reg - OTC to RO/Special Case - All Related Objects/IC Value'

2018-12-12 17:19:06 - [MESSAGE][PASSED] - Text '133245561223' is set on object 'Object Repository/Final Object Repo/New Registration - Registration Module Pages/New Reg - OTC to RO/Special Case - All Related Objects/IC Value'

2018-12-12 17:19:06 - [TEST_STEP][PASSED] - setText: Text 'Auto' is set on object 'Object Repository/Final Object Repo/New Registration - Registration Module Pages/New Reg - OTC to RO/Special Case - All Related Objects/Designation'

2018-12-12 17:19:07 - [MESSAGE][PASSED] - Text 'Auto' is set on object 'Object Repository/Final Object Repo/New Registration - Registration Module Pages/New Reg - OTC to RO/Special Case - All Related Objects/Designation'

2018-12-12 17:19:07 - [TEST_STEP][PASSED] - callTestCase: Call Test Case 'Test Cases/Final Aug 2018 - PKS Automation/Registration Module/New Registration/Submit and Screenshot/Submit Registration and Screenshot - Copy' successfully

2018-12-12 17:19:07 - [TEST_CASE][PASSED] - Test Cases/Final Aug 2018 - PKS Automation/Registration Module/New Registration/Submit and Screenshot/Submit Registration and Screenshot - Copy: Test Cases/Final Aug 2018 - PKS Automation/Registration Module/New Registration/Submit and Screenshot/Submit Registration and Screenshot - Copy

2018-12-12 17:19:07 - [TEST_STEP][PASSED] - delay: Delayed 6 second(s)

2018-12-12 17:19:13 - [MESSAGE][PASSED] - Delayed 6 second(s)

2018-12-12 17:19:13 - [TEST_STEP][PASSED] - click: Object: 'Object Repository/Final Object Repo/New Registration - Registration Module Pages/Third Screen - Upload Supporting Doc- Preview/Preview Submit Button' is clicked on

2018-12-12 17:19:13 - [MESSAGE][PASSED] - Object: 'Object Repository/Final Object Repo/New Registration - Registration Module Pages/Third Screen - Upload Supporting Doc- Preview/Preview Submit Button' is clicked on

2018-12-12 17:19:13 - [TEST_STEP][PASSED] - delay: Delayed 2 second(s)

2018-12-12 17:19:15 - [MESSAGE][PASSED] - Delayed 2 second(s)

2018-12-12 17:19:15 - [TEST_STEP][PASSED] - click: Object: 'Object Repository/Final Object Repo/New Registration - Registration Module Pages/Third Screen - Upload Supporting Doc- Preview/Preview Submit - Confirm' is clicked on

2018-12-12 17:19:15 - [MESSAGE][PASSED] - Object: 'Object Repository/Final Object Repo/New Registration - Registration Module Pages/Third Screen - Upload Supporting Doc- Preview/Preview Submit - Confirm' is clicked on

2018-12-12 17:19:15 - [TEST_STEP][PASSED] - delay: Delayed 15 second(s)

2018-12-12 17:19:30 - [MESSAGE][PASSED] - Delayed 15 second(s)

2018-12-12 17:19:30 - [TEST_STEP][PASSED] - Statement - driver = com.kms.katalon.core.webui.driver.DriverFactory.getWebDriver(): null

2018-12-12 17:19:30 - [TEST_STEP][PASSED] - Statement - driver.manage().timeouts().implicitlyWait(10, SECONDS): null

2018-12-12 17:19:30 - [TEST_STEP][PASSED] - Statement - PresavePath = KatalonScreenshots: null

2018-12-12 17:19:30 - [TEST_STEP][PASSED] - Statement - pathPrefix = "C:\Users\Public\Pictures\Sample Pictures\Katalon Screenshots\Automate Ending Screen": null

2018-12-12 17:19:30 - [TEST_STEP][PASSED] - Statement - finalPath = <not implemented yet for class: org.codehaus.groovy.ast.expr.EmptyExpression>: null

2018-12-12 17:19:30 - [TEST_STEP][PASSED] - Statement - scrFile = driver.getScreenshotAs(FILE): null

2018-12-12 17:19:31 - [TEST_STEP][PASSED] - Statement - PreSaveFile = new java.io.File(PresavePath): null

2018-12-12 17:19:31 - [TEST_STEP][PASSED] - Statement - counter = 0: null

2018-12-12 17:19:31 - [TEST_STEP][PASSED] - Statement - If (PreSaveFile.exists()): null

2018-12-12 17:19:31 - [TEST_STEP][PASSED] - Statement - While (PreSaveFile.exists()): null

2018-12-12 17:19:31 - [TEST_STEP][PASSED] - Statement - counter = counter + 1: null

2018-12-12 17:19:31 - [TEST_STEP][PASSED] - Statement - PreSaveFile = new java.io.File(((pathPrefix + java.lang.Integer.toString(counter)) + .png)): null

2018-12-12 17:19:31 - [TEST_STEP][PASSED] - Statement - counter = counter + 1: null

2018-12-12 17:19:31 - [TEST_STEP][PASSED] - Statement - PreSaveFile = new java.io.File(((pathPrefix + java.lang.Integer.toString(counter)) + .png)): null

2018-12-12 17:19:31 - [TEST_STEP][PASSED] - Statement - counter = counter + 1: null

2018-12-12 17:19:31 - [TEST_STEP][PASSED] - Statement - PreSaveFile = new java.io.File(((pathPrefix + java.lang.Integer.toString(counter)) + .png)): null

2018-12-12 17:19:31 - [TEST_STEP][PASSED] - Statement - counter = counter + 1: null

2018-12-12 17:19:31 - [TEST_STEP][PASSED] - Statement - PreSaveFile = new java.io.File(((pathPrefix + java.lang.Integer.toString(counter)) + .png)): null

2018-12-12 17:19:31 - [TEST_STEP][PASSED] - Statement - counter = counter + 1: null

2018-12-12 17:19:31 - [TEST_STEP][PASSED] - Statement - PreSaveFile = new java.io.File(((pathPrefix + java.lang.Integer.toString(counter)) + .png)): null

2018-12-12 17:19:31 - [TEST_STEP][PASSED] - Statement - counter = counter + 1: null

2018-12-12 17:19:31 - [TEST_STEP][PASSED] - Statement - PreSaveFile = new java.io.File(((pathPrefix + java.lang.Integer.toString(counter)) + .png)): null

2018-12-12 17:19:31 - [TEST_STEP][PASSED] - Statement - counter = counter + 1: null

2018-12-12 17:19:31 - [TEST_STEP][PASSED] - Statement - PreSaveFile = new java.io.File(((pathPrefix + java.lang.Integer.toString(counter)) + .png)): null

2018-12-12 17:19:31 - [TEST_STEP][PASSED] - Statement - counter = counter + 1: null

2018-12-12 17:19:31 - [TEST_STEP][PASSED] - Statement - PreSaveFile = new java.io.File(((pathPrefix + java.lang.Integer.toString(counter)) + .png)): null

2018-12-12 17:19:31 - [TEST_STEP][PASSED] - Statement - counter = counter + 1: null

2018-12-12 17:19:31 - [TEST_STEP][PASSED] - Statement - PreSaveFile = new java.io.File(((pathPrefix + java.lang.Integer.toString(counter)) + .png)): null

2018-12-12 17:19:31 - [TEST_STEP][PASSED] - Statement - counter = counter + 1: null

2018-12-12 17:19:31 - [TEST_STEP][PASSED] - Statement - PreSaveFile = new java.io.File(((pathPrefix + java.lang.Integer.toString(counter)) + .png)): null

2018-12-12 17:19:31 - [TEST_STEP][PASSED] - Statement - counter = counter + 1: null

2018-12-12 17:19:31 - [TEST_STEP][PASSED] - Statement - PreSaveFile = new java.io.File(((pathPrefix + java.lang.Integer.toString(counter)) + .png)): null

2018-12-12 17:19:31 - [TEST_STEP][PASSED] - Statement - counter = counter + 1: null

2018-12-12 17:19:31 - [TEST_STEP][PASSED] - Statement - PreSaveFile = new java.io.File(((pathPrefix + java.lang.Integer.toString(counter)) + .png)): null

2018-12-12 17:19:31 - [TEST_STEP][PASSED] - Statement - counter = counter + 1: null

2018-12-12 17:19:31 - [TEST_STEP][PASSED] - Statement - PreSaveFile = new java.io.File(((pathPrefix + java.lang.Integer.toString(counter)) + .png)): null

2018-12-12 17:19:31 - [TEST_STEP][PASSED] - Statement - counter = counter + 1: null

2018-12-12 17:19:31 - [TEST_STEP][PASSED] - Statement - PreSaveFile = new java.io.File(((pathPrefix + java.lang.Integer.toString(counter)) + .png)): null

2018-12-12 17:19:31 - [TEST_STEP][PASSED] - Statement - counter = counter + 1: null

2018-12-12 17:19:31 - [TEST_STEP][PASSED] - Statement - PreSaveFile = new java.io.File(((pathPrefix + java.lang.Integer.toString(counter)) + .png)): null

2018-12-12 17:19:31 - [TEST_STEP][PASSED] - Statement - counter = counter + 1: null

2018-12-12 17:19:31 - [TEST_STEP][PASSED] - Statement - PreSaveFile = new java.io.File(((pathPrefix + java.lang.Integer.toString(counter)) + .png)): null

2018-12-12 17:19:31 - [TEST_STEP][PASSED] - Statement - counter = counter + 1: null

2018-12-12 17:19:31 - [TEST_STEP][PASSED] - Statement - PreSaveFile = new java.io.File(((pathPrefix + java.lang.Integer.toString(counter)) + .png)): null

2018-12-12 17:19:31 - [TEST_STEP][PASSED] - Statement - counter = counter + 1: null

2018-12-12 17:19:31 - [TEST_STEP][PASSED] - Statement - PreSaveFile = new java.io.File(((pathPrefix + java.lang.Integer.toString(counter)) + .png)): null

2018-12-12 17:19:31 - [TEST_STEP][PASSED] - Statement - counter = counter + 1: null

2018-12-12 17:19:31 - [TEST_STEP][PASSED] - Statement - PreSaveFile = new java.io.File(((pathPrefix + java.lang.Integer.toString(counter)) + .png)): null

2018-12-12 17:19:31 - [TEST_STEP][PASSED] - Statement - counter = counter + 1: null

2018-12-12 17:19:31 - [TEST_STEP][PASSED] - Statement - PreSaveFile = new java.io.File(((pathPrefix + java.lang.Integer.toString(counter)) + .png)): null

2018-12-12 17:19:31 - [TEST_STEP][PASSED] - Statement - counter = counter + 1: null

2018-12-12 17:19:31 - [TEST_STEP][PASSED] - Statement - PreSaveFile = new java.io.File(((pathPrefix + java.lang.Integer.toString(counter)) + .png)): null

2018-12-12 17:19:31 - [TEST_STEP][PASSED] - Statement - counter = counter + 1: null

2018-12-12 17:19:31 - [TEST_STEP][PASSED] - Statement - PreSaveFile = new java.io.File(((pathPrefix + java.lang.Integer.toString(counter)) + .png)): null

2018-12-12 17:19:31 - [TEST_STEP][PASSED] - Statement - counter = counter + 1: null

2018-12-12 17:19:31 - [TEST_STEP][PASSED] - Statement - PreSaveFile = new java.io.File(((pathPrefix + java.lang.Integer.toString(counter)) + .png)): null

2018-12-12 17:19:31 - [TEST_STEP][PASSED] - Statement - counter = counter + 1: null

2018-12-12 17:19:31 - [TEST_STEP][PASSED] - Statement - PreSaveFile = new java.io.File(((pathPrefix + java.lang.Integer.toString(counter)) + .png)): null

2018-12-12 17:19:31 - [TEST_STEP][PASSED] - Statement - counter = counter + 1: null

2018-12-12 17:19:31 - [TEST_STEP][PASSED] - Statement - PreSaveFile = new java.io.File(((pathPrefix + java.lang.Integer.toString(counter)) + .png)): null

2018-12-12 17:19:31 - [TEST_STEP][PASSED] - Statement - counter = counter + 1: null

2018-12-12 17:19:31 - [TEST_STEP][PASSED] - Statement - PreSaveFile = new java.io.File(((pathPrefix + java.lang.Integer.toString(counter)) + .png)): null

2018-12-12 17:19:31 - [TEST_STEP][PASSED] - Statement - counter = counter + 1: null

2018-12-12 17:19:31 - [TEST_STEP][PASSED] - Statement - PreSaveFile = new java.io.File(((pathPrefix + java.lang.Integer.toString(counter)) + .png)): null

2018-12-12 17:19:31 - [TEST_STEP][PASSED] - Statement - counter = counter + 1: null

2018-12-12 17:19:31 - [TEST_STEP][PASSED] - Statement - PreSaveFile = new java.io.File(((pathPrefix + java.lang.Integer.toString(counter)) + .png)): null

2018-12-12 17:19:31 - [TEST_STEP][PASSED] - Statement - counter = counter + 1: null

2018-12-12 17:19:31 - [TEST_STEP][PASSED] - Statement - PreSaveFile = new java.io.File(((pathPrefix + java.lang.Integer.toString(counter)) + .png)): null

2018-12-12 17:19:31 - [TEST_STEP][PASSED] - Statement - counter = counter + 1: null

2018-12-12 17:19:31 - [TEST_STEP][PASSED] - Statement - PreSaveFile = new java.io.File(((pathPrefix + java.lang.Integer.toString(counter)) + .png)): null

2018-12-12 17:19:31 - [TEST_STEP][PASSED] - Statement - counter = counter + 1: null

2018-12-12 17:19:31 - [TEST_STEP][PASSED] - Statement - PreSaveFile = new java.io.File(((pathPrefix + java.lang.Integer.toString(counter)) + .png)): null

2018-12-12 17:19:31 - [TEST_STEP][PASSED] - Statement - counter = counter + 1: null

2018-12-12 17:19:31 - [TEST_STEP][PASSED] - Statement - PreSaveFile = new java.io.File(((pathPrefix + java.lang.Integer.toString(counter)) + .png)): null

2018-12-12 17:19:31 - [TEST_STEP][PASSED] - Statement - counter = counter + 1: null

2018-12-12 17:19:31 - [TEST_STEP][PASSED] - Statement - PreSaveFile = new java.io.File(((pathPrefix + java.lang.Integer.toString(counter)) + .png)): null

2018-12-12 17:19:31 - [TEST_STEP][PASSED] - Statement - counter = counter + 1: null

2018-12-12 17:19:31 - [TEST_STEP][PASSED] - Statement - PreSaveFile = new java.io.File(((pathPrefix + java.lang.Integer.toString(counter)) + .png)): null

2018-12-12 17:19:31 - [TEST_STEP][PASSED] - Statement - counter = counter + 1: null

2018-12-12 17:19:31 - [TEST_STEP][PASSED] - Statement - PreSaveFile = new java.io.File(((pathPrefix + java.lang.Integer.toString(counter)) + .png)): null

2018-12-12 17:19:31 - [TEST_STEP][PASSED] - Statement - counter = counter + 1: null

2018-12-12 17:19:31 - [TEST_STEP][PASSED] - Statement - PreSaveFile = new java.io.File(((pathPrefix + java.lang.Integer.toString(counter)) + .png)): null

2018-12-12 17:19:31 - [TEST_STEP][PASSED] - Statement - counter = counter + 1: null

2018-12-12 17:19:31 - [TEST_STEP][PASSED] - Statement - PreSaveFile = new java.io.File(((pathPrefix + java.lang.Integer.toString(counter)) + .png)): null

2018-12-12 17:19:31 - [TEST_STEP][PASSED] - Statement - counter = counter + 1: null

2018-12-12 17:19:31 - [TEST_STEP][PASSED] - Statement - PreSaveFile = new java.io.File(((pathPrefix + java.lang.Integer.toString(counter)) + .png)): null

2018-12-12 17:19:31 - [TEST_STEP][PASSED] - Statement - counter = counter + 1: null

2018-12-12 17:19:31 - [TEST_STEP][PASSED] - Statement - PreSaveFile = new java.io.File(((pathPrefix + java.lang.Integer.toString(counter)) + .png)): null

2018-12-12 17:19:31 - [TEST_STEP][PASSED] - Statement - counter = counter + 1: null

2018-12-12 17:19:31 - [TEST_STEP][PASSED] - Statement - PreSaveFile = new java.io.File(((pathPrefix + java.lang.Integer.toString(counter)) + .png)): null

2018-12-12 17:19:31 - [TEST_STEP][PASSED] - Statement - counter = counter + 1: null

2018-12-12 17:19:31 - [TEST_STEP][PASSED] - Statement - PreSaveFile = new java.io.File(((pathPrefix + java.lang.Integer.toString(counter)) + .png)): null

2018-12-12 17:19:31 - [TEST_STEP][PASSED] - Statement - counter = counter + 1: null

2018-12-12 17:19:31 - [TEST_STEP][PASSED] - Statement - PreSaveFile = new java.io.File(((pathPrefix + java.lang.Integer.toString(counter)) + .png)): null

2018-12-12 17:19:31 - [TEST_STEP][PASSED] - Statement - counter = counter + 1: null

2018-12-12 17:19:31 - [TEST_STEP][PASSED] - Statement - PreSaveFile = new java.io.File(((pathPrefix + java.lang.Integer.toString(counter)) + .png)): null

2018-12-12 17:19:31 - [TEST_STEP][PASSED] - Statement - counter = counter + 1: null

2018-12-12 17:19:31 - [TEST_STEP][PASSED] - Statement - PreSaveFile = new java.io.File(((pathPrefix + java.lang.Integer.toString(counter)) + .png)): null

2018-12-12 17:19:31 - [TEST_STEP][PASSED] - Statement - counter = counter + 1: null

2018-12-12 17:19:31 - [TEST_STEP][PASSED] - Statement - PreSaveFile = new java.io.File(((pathPrefix + java.lang.Integer.toString(counter)) + .png)): null

2018-12-12 17:19:31 - [TEST_STEP][PASSED] - Statement - counter = counter + 1: null

2018-12-12 17:19:31 - [TEST_STEP][PASSED] - Statement - PreSaveFile = new java.io.File(((pathPrefix + java.lang.Integer.toString(counter)) + .png)): null

2018-12-12 17:19:31 - [TEST_STEP][PASSED] - Statement - counter = counter + 1: null

2018-12-12 17:19:31 - [TEST_STEP][PASSED] - Statement - PreSaveFile = new java.io.File(((pathPrefix + java.lang.Integer.toString(counter)) + .png)): null

2018-12-12 17:19:31 - [TEST_STEP][PASSED] - Statement - counter = counter + 1: null

2018-12-12 17:19:31 - [TEST_STEP][PASSED] - Statement - PreSaveFile = new java.io.File(((pathPrefix + java.lang.Integer.toString(counter)) + .png)): null

2018-12-12 17:19:31 - [TEST_STEP][PASSED] - Statement - counter = counter + 1: null

2018-12-12 17:19:31 - [TEST_STEP][PASSED] - Statement - PreSaveFile = new java.io.File(((pathPrefix + java.lang.Integer.toString(counter)) + .png)): null

2018-12-12 17:19:31 - [TEST_STEP][PASSED] - Statement - counter = counter + 1: null

2018-12-12 17:19:31 - [TEST_STEP][PASSED] - Statement - PreSaveFile = new java.io.File(((pathPrefix + java.lang.Integer.toString(counter)) + .png)): null

2018-12-12 17:19:31 - [TEST_STEP][PASSED] - Statement - counter = counter + 1: null

2018-12-12 17:19:31 - [TEST_STEP][PASSED] - Statement - PreSaveFile = new java.io.File(((pathPrefix + java.lang.Integer.toString(counter)) + .png)): null

2018-12-12 17:19:31 - [TEST_STEP][PASSED] - Statement - counter = counter + 1: null

2018-12-12 17:19:31 - [TEST_STEP][PASSED] - Statement - PreSaveFile = new java.io.File(((pathPrefix + java.lang.Integer.toString(counter)) + .png)): null

2018-12-12 17:19:31 - [TEST_STEP][PASSED] - Statement - counter = counter + 1: null

2018-12-12 17:19:31 - [TEST_STEP][PASSED] - Statement - PreSaveFile = new java.io.File(((pathPrefix + java.lang.Integer.toString(counter)) + .png)): null

2018-12-12 17:19:31 - [TEST_STEP][PASSED] - Statement - counter = counter + 1: null

2018-12-12 17:19:31 - [TEST_STEP][PASSED] - Statement - PreSaveFile = new java.io.File(((pathPrefix + java.lang.Integer.toString(counter)) + .png)): null

2018-12-12 17:19:31 - [TEST_STEP][PASSED] - Statement - counter = counter + 1: null

2018-12-12 17:19:31 - [TEST_STEP][PASSED] - Statement - PreSaveFile = new java.io.File(((pathPrefix + java.lang.Integer.toString(counter)) + .png)): null

2018-12-12 17:19:31 - [TEST_STEP][PASSED] - Statement - counter = counter + 1: null

2018-12-12 17:19:31 - [TEST_STEP][PASSED] - Statement - PreSaveFile = new java.io.File(((pathPrefix + java.lang.Integer.toString(counter)) + .png)): null

2018-12-12 17:19:31 - [TEST_STEP][PASSED] - Statement - counter = counter + 1: null

2018-12-12 17:19:31 - [TEST_STEP][PASSED] - Statement - PreSaveFile = new java.io.File(((pathPrefix + java.lang.Integer.toString(counter)) + .png)): null

2018-12-12 17:19:31 - [TEST_STEP][PASSED] - Statement - counter = counter + 1: null

2018-12-12 17:19:31 - [TEST_STEP][PASSED] - Statement - PreSaveFile = new java.io.File(((pathPrefix + java.lang.Integer.toString(counter)) + .png)): null

2018-12-12 17:19:31 - [TEST_STEP][PASSED] - Statement - counter = counter + 1: null

2018-12-12 17:19:31 - [TEST_STEP][PASSED] - Statement - PreSaveFile = new java.io.File(((pathPrefix + java.lang.Integer.toString(counter)) + .png)): null

2018-12-12 17:19:31 - [TEST_STEP][PASSED] - Statement - counter = counter + 1: null

2018-12-12 17:19:31 - [TEST_STEP][PASSED] - Statement - PreSaveFile = new java.io.File(((pathPrefix + java.lang.Integer.toString(counter)) + .png)): null

2018-12-12 17:19:31 - [TEST_STEP][PASSED] - Statement - counter = counter + 1: null

2018-12-12 17:19:31 - [TEST_STEP][PASSED] - Statement - PreSaveFile = new java.io.File(((pathPrefix + java.lang.Integer.toString(counter)) + .png)): null

2018-12-12 17:19:31 - [TEST_STEP][PASSED] - Statement - counter = counter + 1: null

2018-12-12 17:19:31 - [TEST_STEP][PASSED] - Statement - PreSaveFile = new java.io.File(((pathPrefix + java.lang.Integer.toString(counter)) + .png)): null

2018-12-12 17:19:31 - [TEST_STEP][PASSED] - Statement - counter = counter + 1: null

2018-12-12 17:19:31 - [TEST_STEP][PASSED] - Statement - PreSaveFile = new java.io.File(((pathPrefix + java.lang.Integer.toString(counter)) + .png)): null

2018-12-12 17:19:31 - [TEST_STEP][PASSED] - Statement - counter = counter + 1: null

2018-12-12 17:19:31 - [TEST_STEP][PASSED] - Statement - PreSaveFile = new java.io.File(((pathPrefix + java.lang.Integer.toString(counter)) + .png)): null

2018-12-12 17:19:31 - [TEST_STEP][PASSED] - Statement - counter = counter + 1: null

2018-12-12 17:19:31 - [TEST_STEP][PASSED] - Statement - PreSaveFile = new java.io.File(((pathPrefix + java.lang.Integer.toString(counter)) + .png)): null

2018-12-12 17:19:31 - [TEST_STEP][PASSED] - Statement - counter = counter + 1: null

2018-12-12 17:19:31 - [TEST_STEP][PASSED] - Statement - PreSaveFile = new java.io.File(((pathPrefix + java.lang.Integer.toString(counter)) + .png)): null

2018-12-12 17:19:31 - [TEST_STEP][PASSED] - Statement - counter = counter + 1: null

2018-12-12 17:19:31 - [TEST_STEP][PASSED] - Statement - PreSaveFile = new java.io.File(((pathPrefix + java.lang.Integer.toString(counter)) + .png)): null

2018-12-12 17:19:31 - [TEST_STEP][PASSED] - Statement - counter = counter + 1: null

2018-12-12 17:19:31 - [TEST_STEP][PASSED] - Statement - PreSaveFile = new java.io.File(((pathPrefix + java.lang.Integer.toString(counter)) + .png)): null

2018-12-12 17:19:31 - [TEST_STEP][PASSED] - Statement - counter = counter + 1: null

2018-12-12 17:19:31 - [TEST_STEP][PASSED] - Statement - PreSaveFile = new java.io.File(((pathPrefix + java.lang.Integer.toString(counter)) + .png)): null

2018-12-12 17:19:31 - [TEST_STEP][PASSED] - Statement - counter = counter + 1: null

2018-12-12 17:19:31 - [TEST_STEP][PASSED] - Statement - PreSaveFile = new java.io.File(((pathPrefix + java.lang.Integer.toString(counter)) + .png)): null

2018-12-12 17:19:31 - [TEST_STEP][PASSED] - Statement - counter = counter + 1: null

2018-12-12 17:19:31 - [TEST_STEP][PASSED] - Statement - PreSaveFile = new java.io.File(((pathPrefix + java.lang.Integer.toString(counter)) + .png)): null

2018-12-12 17:19:31 - [TEST_STEP][PASSED] - Statement - counter = counter + 1: null

2018-12-12 17:19:31 - [TEST_STEP][PASSED] - Statement - PreSaveFile = new java.io.File(((pathPrefix + java.lang.Integer.toString(counter)) + .png)): null

2018-12-12 17:19:31 - [TEST_STEP][PASSED] - Statement - counter = counter + 1: null

2018-12-12 17:19:31 - [TEST_STEP][PASSED] - Statement - PreSaveFile = new java.io.File(((pathPrefix + java.lang.Integer.toString(counter)) + .png)): null

2018-12-12 17:19:31 - [TEST_STEP][PASSED] - Statement - counter = counter + 1: null

2018-12-12 17:19:31 - [TEST_STEP][PASSED] - Statement - PreSaveFile = new java.io.File(((pathPrefix + java.lang.Integer.toString(counter)) + .png)): null

2018-12-12 17:19:31 - [TEST_STEP][PASSED] - Statement - counter = counter + 1: null

2018-12-12 17:19:31 - [TEST_STEP][PASSED] - Statement - PreSaveFile = new java.io.File(((pathPrefix + java.lang.Integer.toString(counter)) + .png)): null

2018-12-12 17:19:31 - [TEST_STEP][PASSED] - Statement - counter = counter + 1: null

2018-12-12 17:19:31 - [TEST_STEP][PASSED] - Statement - PreSaveFile = new java.io.File(((pathPrefix + java.lang.Integer.toString(counter)) + .png)): null

2018-12-12 17:19:31 - [TEST_STEP][PASSED] - Statement - counter = counter + 1: null

2018-12-12 17:19:31 - [TEST_STEP][PASSED] - Statement - PreSaveFile = new java.io.File(((pathPrefix + java.lang.Integer.toString(counter)) + .png)): null

2018-12-12 17:19:31 - [TEST_STEP][PASSED] - Statement - counter = counter + 1: null

2018-12-12 17:19:31 - [TEST_STEP][PASSED] - Statement - PreSaveFile = new java.io.File(((pathPrefix + java.lang.Integer.toString(counter)) + .png)): null

2018-12-12 17:19:31 - [TEST_STEP][PASSED] - Statement - counter = counter + 1: null

2018-12-12 17:19:31 - [TEST_STEP][PASSED] - Statement - PreSaveFile = new java.io.File(((pathPrefix + java.lang.Integer.toString(counter)) + .png)): null

2018-12-12 17:19:31 - [TEST_STEP][PASSED] - Statement - counter = counter + 1: null

2018-12-12 17:19:31 - [TEST_STEP][PASSED] - Statement - PreSaveFile = new java.io.File(((pathPrefix + java.lang.Integer.toString(counter)) + .png)): null

2018-12-12 17:19:31 - [TEST_STEP][PASSED] - Statement - counter = counter + 1: null

2018-12-12 17:19:31 - [TEST_STEP][PASSED] - Statement - PreSaveFile = new java.io.File(((pathPrefix + java.lang.Integer.toString(counter)) + .png)): null

2018-12-12 17:19:31 - [TEST_STEP][PASSED] - Statement - counter = counter + 1: null

2018-12-12 17:19:31 - [TEST_STEP][PASSED] - Statement - PreSaveFile = new java.io.File(((pathPrefix + java.lang.Integer.toString(counter)) + .png)): null

2018-12-12 17:19:31 - [TEST_STEP][PASSED] - Statement - counter = counter + 1: null

2018-12-12 17:19:31 - [TEST_STEP][PASSED] - Statement - PreSaveFile = new java.io.File(((pathPrefix + java.lang.Integer.toString(counter)) + .png)): null

2018-12-12 17:19:31 - [TEST_STEP][PASSED] - Statement - counter = counter + 1: null

2018-12-12 17:19:31 - [TEST_STEP][PASSED] - Statement - PreSaveFile = new java.io.File(((pathPrefix + java.lang.Integer.toString(counter)) + .png)): null

2018-12-12 17:19:31 - [TEST_STEP][PASSED] - Statement - counter = counter + 1: null

2018-12-12 17:19:31 - [TEST_STEP][PASSED] - Statement - PreSaveFile = new java.io.File(((pathPrefix + java.lang.Integer.toString(counter)) + .png)): null

2018-12-12 17:19:31 - [TEST_STEP][PASSED] - Statement - counter = counter + 1: null

2018-12-12 17:19:31 - [TEST_STEP][PASSED] - Statement - PreSaveFile = new java.io.File(((pathPrefix + java.lang.Integer.toString(counter)) + .png)): null

2018-12-12 17:19:31 - [TEST_STEP][PASSED] - Statement - counter = counter + 1: null

2018-12-12 17:19:31 - [TEST_STEP][PASSED] - Statement - PreSaveFile = new java.io.File(((pathPrefix + java.lang.Integer.toString(counter)) + .png)): null

2018-12-12 17:19:31 - [TEST_STEP][PASSED] - Statement - counter = counter + 1: null

2018-12-12 17:19:31 - [TEST_STEP][PASSED] - Statement - PreSaveFile = new java.io.File(((pathPrefix + java.lang.Integer.toString(counter)) + .png)): null

2018-12-12 17:19:31 - [TEST_STEP][PASSED] - Statement - counter = counter + 1: null

2018-12-12 17:19:31 - [TEST_STEP][PASSED] - Statement - PreSaveFile = new java.io.File(((pathPrefix + java.lang.Integer.toString(counter)) + .png)): null

2018-12-12 17:19:31 - [TEST_STEP][PASSED] - Statement - counter = counter + 1: null

2018-12-12 17:19:31 - [TEST_STEP][PASSED] - Statement - PreSaveFile = new java.io.File(((pathPrefix + java.lang.Integer.toString(counter)) + .png)): null

2018-12-12 17:19:31 - [TEST_STEP][PASSED] - Statement - counter = counter + 1: null

2018-12-12 17:19:31 - [TEST_STEP][PASSED] - Statement - PreSaveFile = new java.io.File(((pathPrefix + java.lang.Integer.toString(counter)) + .png)): null

2018-12-12 17:19:31 - [TEST_STEP][PASSED] - Statement - counter = counter + 1: null

2018-12-12 17:19:31 - [TEST_STEP][PASSED] - Statement - PreSaveFile = new java.io.File(((pathPrefix + java.lang.Integer.toString(counter)) + .png)): null

2018-12-12 17:19:31 - [TEST_STEP][PASSED] - Statement - counter = counter + 1: null

2018-12-12 17:19:31 - [TEST_STEP][PASSED] - Statement - PreSaveFile = new java.io.File(((pathPrefix + java.lang.Integer.toString(counter)) + .png)): null

2018-12-12 17:19:31 - [TEST_STEP][PASSED] - Statement - counter = counter + 1: null

2018-12-12 17:19:31 - [TEST_STEP][PASSED] - Statement - PreSaveFile = new java.io.File(((pathPrefix + java.lang.Integer.toString(counter)) + .png)): null

2018-12-12 17:19:31 - [TEST_STEP][PASSED] - Statement - counter = counter + 1: null

2018-12-12 17:19:31 - [TEST_STEP][PASSED] - Statement - PreSaveFile = new java.io.File(((pathPrefix + java.lang.Integer.toString(counter)) + .png)): null

2018-12-12 17:19:31 - [TEST_STEP][PASSED] - Statement - counter = counter + 1: null

2018-12-12 17:19:31 - [TEST_STEP][PASSED] - Statement - PreSaveFile = new java.io.File(((pathPrefix + java.lang.Integer.toString(counter)) + .png)): null

2018-12-12 17:19:31 - [TEST_STEP][PASSED] - Statement - counter = counter + 1: null

2018-12-12 17:19:31 - [TEST_STEP][PASSED] - Statement - PreSaveFile = new java.io.File(((pathPrefix + java.lang.Integer.toString(counter)) + .png)): null

2018-12-12 17:19:31 - [TEST_STEP][PASSED] - Statement - counter = counter + 1: null

2018-12-12 17:19:31 - [TEST_STEP][PASSED] - Statement - PreSaveFile = new java.io.File(((pathPrefix + java.lang.Integer.toString(counter)) + .png)): null

2018-12-12 17:19:31 - [TEST_STEP][PASSED] - Statement - counter = counter + 1: null

2018-12-12 17:19:31 - [TEST_STEP][PASSED] - Statement - PreSaveFile = new java.io.File(((pathPrefix + java.lang.Integer.toString(counter)) + .png)): null

2018-12-12 17:19:31 - [TEST_STEP][PASSED] - Statement - counter = counter + 1: null

2018-12-12 17:19:31 - [TEST_STEP][PASSED] - Statement - PreSaveFile = new java.io.File(((pathPrefix + java.lang.Integer.toString(counter)) + .png)): null

2018-12-12 17:19:31 - [TEST_STEP][PASSED] - Statement - counter = counter + 1: null

2018-12-12 17:19:31 - [TEST_STEP][PASSED] - Statement - PreSaveFile = new java.io.File(((pathPrefix + java.lang.Integer.toString(counter)) + .png)): null

2018-12-12 17:19:31 - [TEST_STEP][PASSED] - Statement - counter = counter + 1: null

2018-12-12 17:19:31 - [TEST_STEP][PASSED] - Statement - PreSaveFile = new java.io.File(((pathPrefix + java.lang.Integer.toString(counter)) + .png)): null

2018-12-12 17:19:31 - [TEST_STEP][PASSED] - Statement - counter = counter + 1: null

2018-12-12 17:19:31 - [TEST_STEP][PASSED] - Statement - PreSaveFile = new java.io.File(((pathPrefix + java.lang.Integer.toString(counter)) + .png)): null

2018-12-12 17:19:31 - [TEST_STEP][PASSED] - Statement - counter = counter + 1: null

2018-12-12 17:19:31 - [TEST_STEP][PASSED] - Statement - PreSaveFile = new java.io.File(((pathPrefix + java.lang.Integer.toString(counter)) + .png)): null

2018-12-12 17:19:31 - [TEST_STEP][PASSED] - Statement - counter = counter + 1: null

2018-12-12 17:19:31 - [TEST_STEP][PASSED] - Statement - PreSaveFile = new java.io.File(((pathPrefix + java.lang.Integer.toString(counter)) + .png)): null

2018-12-12 17:19:31 - [TEST_STEP][PASSED] - Statement - counter = counter + 1: null

2018-12-12 17:19:31 - [TEST_STEP][PASSED] - Statement - PreSaveFile = new java.io.File(((pathPrefix + java.lang.Integer.toString(counter)) + .png)): null

2018-12-12 17:19:31 - [TEST_STEP][PASSED] - Statement - counter = counter + 1: null

2018-12-12 17:19:31 - [TEST_STEP][PASSED] - Statement - PreSaveFile = new java.io.File(((pathPrefix + java.lang.Integer.toString(counter)) + .png)): null

2018-12-12 17:19:31 - [TEST_STEP][PASSED] - Statement - counter = counter + 1: null

2018-12-12 17:19:31 - [TEST_STEP][PASSED] - Statement - PreSaveFile = new java.io.File(((pathPrefix + java.lang.Integer.toString(counter)) + .png)): null

2018-12-12 17:19:31 - [TEST_STEP][PASSED] - Statement - counter = counter + 1: null

2018-12-12 17:19:31 - [TEST_STEP][PASSED] - Statement - PreSaveFile = new java.io.File(((pathPrefix + java.lang.Integer.toString(counter)) + .png)): null

2018-12-12 17:19:31 - [TEST_STEP][PASSED] - Statement - counter = counter + 1: null

2018-12-12 17:19:31 - [TEST_STEP][PASSED] - Statement - PreSaveFile = new java.io.File(((pathPrefix + java.lang.Integer.toString(counter)) + .png)): null

2018-12-12 17:19:31 - [TEST_STEP][PASSED] - Statement - counter = counter + 1: null

2018-12-12 17:19:31 - [TEST_STEP][PASSED] - Statement - PreSaveFile = new java.io.File(((pathPrefix + java.lang.Integer.toString(counter)) + .png)): null

2018-12-12 17:19:31 - [TEST_STEP][PASSED] - Statement - counter = counter + 1: null

2018-12-12 17:19:31 - [TEST_STEP][PASSED] - Statement - PreSaveFile = new java.io.File(((pathPrefix + java.lang.Integer.toString(counter)) + .png)): null

2018-12-12 17:19:31 - [TEST_STEP][PASSED] - Statement - counter = counter + 1: null

2018-12-12 17:19:31 - [TEST_STEP][PASSED] - Statement - PreSaveFile = new java.io.File(((pathPrefix + java.lang.Integer.toString(counter)) + .png)): null

2018-12-12 17:19:31 - [TEST_STEP][PASSED] - Statement - counter = counter + 1: null

2018-12-12 17:19:31 - [TEST_STEP][PASSED] - Statement - PreSaveFile = new java.io.File(((pathPrefix + java.lang.Integer.toString(counter)) + .png)): null

2018-12-12 17:19:31 - [TEST_STEP][PASSED] - Statement - counter = counter + 1: null

2018-12-12 17:19:31 - [TEST_STEP][PASSED] - Statement - PreSaveFile = new java.io.File(((pathPrefix + java.lang.Integer.toString(counter)) + .png)): null

2018-12-12 17:19:31 - [TEST_STEP][PASSED] - Statement - counter = counter + 1: null

2018-12-12 17:19:31 - [TEST_STEP][PASSED] - Statement - PreSaveFile = new java.io.File(((pathPrefix + java.lang.Integer.toString(counter)) + .png)): null

2018-12-12 17:19:31 - [TEST_STEP][PASSED] - Statement - counter = counter + 1: null

2018-12-12 17:19:31 - [TEST_STEP][PASSED] - Statement - PreSaveFile = new java.io.File(((pathPrefix + java.lang.Integer.toString(counter)) + .png)): null

2018-12-12 17:19:31 - [TEST_STEP][PASSED] - Statement - counter = counter + 1: null

2018-12-12 17:19:31 - [TEST_STEP][PASSED] - Statement - PreSaveFile = new java.io.File(((pathPrefix + java.lang.Integer.toString(counter)) + .png)): null

2018-12-12 17:19:31 - [TEST_STEP][PASSED] - Statement - counter = counter + 1: null

2018-12-12 17:19:31 - [TEST_STEP][PASSED] - Statement - PreSaveFile = new java.io.File(((pathPrefix + java.lang.Integer.toString(counter)) + .png)): null

2018-12-12 17:19:31 - [TEST_STEP][PASSED] - Statement - counter = counter + 1: null

2018-12-12 17:19:31 - [TEST_STEP][PASSED] - Statement - PreSaveFile = new java.io.File(((pathPrefix + java.lang.Integer.toString(counter)) + .png)): null

2018-12-12 17:19:31 - [TEST_STEP][PASSED] - Statement - counter = counter + 1: null

2018-12-12 17:19:31 - [TEST_STEP][PASSED] - Statement - PreSaveFile = new java.io.File(((pathPrefix + java.lang.Integer.toString(counter)) + .png)): null

2018-12-12 17:19:31 - [TEST_STEP][PASSED] - Statement - counter = counter + 1: null

2018-12-12 17:19:31 - [TEST_STEP][PASSED] - Statement - PreSaveFile = new java.io.File(((pathPrefix + java.lang.Integer.toString(counter)) + .png)): null

2018-12-12 17:19:31 - [TEST_STEP][PASSED] - Statement - counter = counter + 1: null

2018-12-12 17:19:31 - [TEST_STEP][PASSED] - Statement - PreSaveFile = new java.io.File(((pathPrefix + java.lang.Integer.toString(counter)) + .png)): null

2018-12-12 17:19:31 - [TEST_STEP][PASSED] - Statement - counter = counter + 1: null

2018-12-12 17:19:31 - [TEST_STEP][PASSED] - Statement - PreSaveFile = new java.io.File(((pathPrefix + java.lang.Integer.toString(counter)) + .png)): null

2018-12-12 17:19:31 - [TEST_STEP][PASSED] - Statement - counter = counter + 1: null

2018-12-12 17:19:31 - [TEST_STEP][PASSED] - Statement - PreSaveFile = new java.io.File(((pathPrefix + java.lang.Integer.toString(counter)) + .png)): null

2018-12-12 17:19:31 - [TEST_STEP][PASSED] - Statement - counter = counter + 1: null

2018-12-12 17:19:31 - [TEST_STEP][PASSED] - Statement - PreSaveFile = new java.io.File(((pathPrefix + java.lang.Integer.toString(counter)) + .png)): null

2018-12-12 17:19:31 - [TEST_STEP][PASSED] - Statement - counter = counter + 1: null

2018-12-12 17:19:31 - [TEST_STEP][PASSED] - Statement - PreSaveFile = new java.io.File(((pathPrefix + java.lang.Integer.toString(counter)) + .png)): null

2018-12-12 17:19:31 - [TEST_STEP][PASSED] - Statement - counter = counter + 1: null

2018-12-12 17:19:31 - [TEST_STEP][PASSED] - Statement - PreSaveFile = new java.io.File(((pathPrefix + java.lang.Integer.toString(counter)) + .png)): null

2018-12-12 17:19:31 - [TEST_STEP][PASSED] - Statement - counter = counter + 1: null

2018-12-12 17:19:31 - [TEST_STEP][PASSED] - Statement - PreSaveFile = new java.io.File(((pathPrefix + java.lang.Integer.toString(counter)) + .png)): null

2018-12-12 17:19:31 - [TEST_STEP][PASSED] - Statement - counter = counter + 1: null

2018-12-12 17:19:31 - [TEST_STEP][PASSED] - Statement - PreSaveFile = new java.io.File(((pathPrefix + java.lang.Integer.toString(counter)) + .png)): null

2018-12-12 17:19:31 - [TEST_STEP][PASSED] - Statement - counter = counter + 1: null

2018-12-12 17:19:31 - [TEST_STEP][PASSED] - Statement - PreSaveFile = new java.io.File(((pathPrefix + java.lang.Integer.toString(counter)) + .png)): null

2018-12-12 17:19:31 - [TEST_STEP][PASSED] - Statement - counter = counter + 1: null

2018-12-12 17:19:31 - [TEST_STEP][PASSED] - Statement - PreSaveFile = new java.io.File(((pathPrefix + java.lang.Integer.toString(counter)) + .png)): null

2018-12-12 17:19:31 - [TEST_STEP][PASSED] - Statement - counter = counter + 1: null

2018-12-12 17:19:31 - [TEST_STEP][PASSED] - Statement - PreSaveFile = new java.io.File(((pathPrefix + java.lang.Integer.toString(counter)) + .png)): null

2018-12-12 17:19:31 - [TEST_STEP][PASSED] - Statement - counter = counter + 1: null

2018-12-12 17:19:31 - [TEST_STEP][PASSED] - Statement - PreSaveFile = new java.io.File(((pathPrefix + java.lang.Integer.toString(counter)) + .png)): null

2018-12-12 17:19:31 - [TEST_STEP][PASSED] - Statement - counter = counter + 1: null

2018-12-12 17:19:31 - [TEST_STEP][PASSED] - Statement - PreSaveFile = new java.io.File(((pathPrefix + java.lang.Integer.toString(counter)) + .png)): null

2018-12-12 17:19:31 - [TEST_STEP][PASSED] - Statement - counter = counter + 1: null

2018-12-12 17:19:31 - [TEST_STEP][PASSED] - Statement - PreSaveFile = new java.io.File(((pathPrefix + java.lang.Integer.toString(counter)) + .png)): null

2018-12-12 17:19:31 - [TEST_STEP][PASSED] - Statement - counter = counter + 1: null

2018-12-12 17:19:31 - [TEST_STEP][PASSED] - Statement - PreSaveFile = new java.io.File(((pathPrefix + java.lang.Integer.toString(counter)) + .png)): null

2018-12-12 17:19:31 - [TEST_STEP][PASSED] - Statement - counter = counter + 1: null

2018-12-12 17:19:31 - [TEST_STEP][PASSED] - Statement - PreSaveFile = new java.io.File(((pathPrefix + java.lang.Integer.toString(counter)) + .png)): null

2018-12-12 17:19:31 - [TEST_STEP][PASSED] - Statement - counter = counter + 1: null

2018-12-12 17:19:31 - [TEST_STEP][PASSED] - Statement - PreSaveFile = new java.io.File(((pathPrefix + java.lang.Integer.toString(counter)) + .png)): null

2018-12-12 17:19:31 - [TEST_STEP][PASSED] - Statement - counter = counter + 1: null

2018-12-12 17:19:31 - [TEST_STEP][PASSED] - Statement - PreSaveFile = new java.io.File(((pathPrefix + java.lang.Integer.toString(counter)) + .png)): null

2018-12-12 17:19:31 - [TEST_STEP][PASSED] - Statement - counter = counter + 1: null

2018-12-12 17:19:31 - [TEST_STEP][PASSED] - Statement - PreSaveFile = new java.io.File(((pathPrefix + java.lang.Integer.toString(counter)) + .png)): null

2018-12-12 17:19:31 - [TEST_STEP][PASSED] - Statement - counter = counter + 1: null

2018-12-12 17:19:31 - [TEST_STEP][PASSED] - Statement - PreSaveFile = new java.io.File(((pathPrefix + java.lang.Integer.toString(counter)) + .png)): null

2018-12-12 17:19:31 - [TEST_STEP][PASSED] - Statement - counter = counter + 1: null

2018-12-12 17:19:31 - [TEST_STEP][PASSED] - Statement - PreSaveFile = new java.io.File(((pathPrefix + java.lang.Integer.toString(counter)) + .png)): null

2018-12-12 17:19:31 - [TEST_STEP][PASSED] - Statement - counter = counter + 1: null

2018-12-12 17:19:31 - [TEST_STEP][PASSED] - Statement - PreSaveFile = new java.io.File(((pathPrefix + java.lang.Integer.toString(counter)) + .png)): null

2018-12-12 17:19:31 - [TEST_STEP][PASSED] - Statement - counter = counter + 1: null

2018-12-12 17:19:31 - [TEST_STEP][PASSED] - Statement - PreSaveFile = new java.io.File(((pathPrefix + java.lang.Integer.toString(counter)) + .png)): null

2018-12-12 17:19:31 - [TEST_STEP][PASSED] - Statement - counter = counter + 1: null

2018-12-12 17:19:31 - [TEST_STEP][PASSED] - Statement - PreSaveFile = new java.io.File(((pathPrefix + java.lang.Integer.toString(counter)) + .png)): null

2018-12-12 17:19:31 - [TEST_STEP][PASSED] - Statement - counter = counter + 1: null

2018-12-12 17:19:31 - [TEST_STEP][PASSED] - Statement - PreSaveFile = new java.io.File(((pathPrefix + java.lang.Integer.toString(counter)) + .png)): null

2018-12-12 17:19:31 - [TEST_STEP][PASSED] - Statement - counter = counter + 1: null

2018-12-12 17:19:31 - [TEST_STEP][PASSED] - Statement - PreSaveFile = new java.io.File(((pathPrefix + java.lang.Integer.toString(counter)) + .png)): null

2018-12-12 17:19:31 - [TEST_STEP][PASSED] - Statement - counter = counter + 1: null

2018-12-12 17:19:31 - [TEST_STEP][PASSED] - Statement - PreSaveFile = new java.io.File(((pathPrefix + java.lang.Integer.toString(counter)) + .png)): null

2018-12-12 17:19:31 - [TEST_STEP][PASSED] - Statement - counter = counter + 1: null

2018-12-12 17:19:31 - [TEST_STEP][PASSED] - Statement - PreSaveFile = new java.io.File(((pathPrefix + java.lang.Integer.toString(counter)) + .png)): null

2018-12-12 17:19:31 - [TEST_STEP][PASSED] - Statement - counter = counter + 1: null

2018-12-12 17:19:31 - [TEST_STEP][PASSED] - Statement - PreSaveFile = new java.io.File(((pathPrefix + java.lang.Integer.toString(counter)) + .png)): null

2018-12-12 17:19:31 - [TEST_STEP][PASSED] - Statement - counter = counter + 1: null

2018-12-12 17:19:31 - [TEST_STEP][PASSED] - Statement - PreSaveFile = new java.io.File(((pathPrefix + java.lang.Integer.toString(counter)) + .png)): null

2018-12-12 17:19:31 - [TEST_STEP][PASSED] - Statement - counter = counter + 1: null

2018-12-12 17:19:31 - [TEST_STEP][PASSED] - Statement - PreSaveFile = new java.io.File(((pathPrefix + java.lang.Integer.toString(counter)) + .png)): null

2018-12-12 17:19:31 - [TEST_STEP][PASSED] - Statement - counter = counter + 1: null

2018-12-12 17:19:31 - [TEST_STEP][PASSED] - Statement - PreSaveFile = new java.io.File(((pathPrefix + java.lang.Integer.toString(counter)) + .png)): null

2018-12-12 17:19:31 - [TEST_STEP][PASSED] - Statement - counter = counter + 1: null

2018-12-12 17:19:31 - [TEST_STEP][PASSED] - Statement - PreSaveFile = new java.io.File(((pathPrefix + java.lang.Integer.toString(counter)) + .png)): null

2018-12-12 17:19:31 - [TEST_STEP][PASSED] - Statement - counter = counter + 1: null

2018-12-12 17:19:31 - [TEST_STEP][PASSED] - Statement - PreSaveFile = new java.io.File(((pathPrefix + java.lang.Integer.toString(counter)) + .png)): null

2018-12-12 17:19:31 - [TEST_STEP][PASSED] - Statement - counter = counter + 1: null

2018-12-12 17:19:31 - [TEST_STEP][PASSED] - Statement - PreSaveFile = new java.io.File(((pathPrefix + java.lang.Integer.toString(counter)) + .png)): null

2018-12-12 17:19:31 - [TEST_STEP][PASSED] - Statement - finalPath = pathPrefix + java.lang.Integer.toString(counter) + ".png": null

2018-12-12 17:19:31 - [TEST_STEP][PASSED] - Statement - SaveFile = new java.io.File(finalPath): null

2018-12-12 17:19:31 - [TEST_STEP][PASSED] - Statement - Try: null

2018-12-12 17:19:31 - [TEST_STEP][PASSED] - Statement - org.apache.commons.io.FileUtils.copyFile(scrFile, SaveFile): null

2018-12-12 17:19:31 - [TEST_STEP][PASSED] - Statement - out.println("file kept"): null

2018-12-12 17:19:31 - [TEST_STEP][PASSED] - delay: Delayed 10 second(s)

2018-12-12 17:19:41 - [MESSAGE][PASSED] - Delayed 10 second(s)

2018-12-12 17:19:41 - [MESSAGE][PASSED] - Call Test Case 'Test Cases/Final Aug 2018 - PKS Automation/Registration Module/New Registration/Submit and Screenshot/Submit Registration and Screenshot - Copy' successfully

2018-12-12 17:19:41 - [TEST_STEP][PASSED] - Statement - UpdateAddNewECode = com.kms.katalon.core.webui.keyword.WebUiBuiltInKeywords.getText(com.kms.katalon.core.testobject.ObjectRepository.findTestObject(Object Repository/Final Object Repo/Page_Update Add New Employee - ASSIST/getEmpCode)): Text of object 'Object Repository/Final Object Repo/Page_Update Add New Employee - ASSIST/getEmpCode' is: 'E1102070796K'

2018-12-12 17:19:41 - [MESSAGE][PASSED] - Text of object 'Object Repository/Final Object Repo/Page_Update Add New Employee - ASSIST/getEmpCode' is: 'E1102070796K'

2018-12-12 17:19:41 - [TEST_STEP][PASSED] - callTestCase: Call Test Case 'Test Cases/Final Aug 2018 - PKS Automation/Common/Emp Code Setter' successfully

2018-12-12 17:19:41 - [TEST_CASE][PASSED] - Test Cases/Final Aug 2018 - PKS Automation/Common/Emp Code Setter: Test Cases/Final Aug 2018 - PKS Automation/Common/Emp Code Setter

2018-12-12 17:19:42 - [TEST_STEP][PASSED] - Statement - EmpCodeOld = new java.io.File(C://Users//Admin//Desktop//PKS//Automation Reference Point//EmpCode.txt): null

2018-12-12 17:19:42 - [TEST_STEP][PASSED] - Statement - EmpCodeOld.delete(): null

2018-12-12 17:19:42 - [TEST_STEP][PASSED] - Statement - EmpCode = new java.io.File(C://Users//Admin//Desktop//PKS//Automation Reference Point//EmpCode.txt): null

2018-12-12 17:19:42 - [TEST_STEP][PASSED] - Statement - f2 = new java.io.FileWriter(EmpCode, false): null

2018-12-12 17:19:42 - [TEST_STEP][PASSED] - Statement - f2.write(UpdateAddNewECode): null

2018-12-12 17:19:42 - [TEST_STEP][PASSED] - Statement - f2.close(): null

2018-12-12 17:19:42 - [TEST_STEP][PASSED] - Statement - out.println("


" + UpdateAddNewECode + "


"): null

2018-12-12 17:19:42 - [MESSAGE][PASSED] - Call Test Case 'Test Cases/Final Aug 2018 - PKS Automation/Common/Emp Code Setter' successfully]]></system-out>
         <system-err><![CDATA[]]></system-err>
      </testcase>
      <system-out><![CDATA[2018-12-12 15:00:52 - [TEST_SUITE][PASSED] - Critical Path: Test Cases/Final Aug 2018 - PKS Automation/Registration Module/Workflow/Update Add New Employee/Template/New Company for Update Add New - Employer]]></system-out>
      <system-err><![CDATA[]]></system-err>
   </testsuite>
</testsuites>
