<?xml version="1.0" encoding="UTF-8"?>
<testsuites name="Form 3 EIS - Cessation as Employer" time="3391" tests="12" failures="0" errors="0">
   <testsuite name="Form 3 EIS - Cessation as Employer" tests="12" failures="0" errors="0" time="3391" timestamp="2018-12-20 16:12:06" hostname="Admin - Win7Test02" id="Test Suites/Workflow/Form 3 EIS - Cessation as Employer">
      <properties>
         <property name="deviceName" value=""/>
         <property name="devicePlatform" value=""/>
         <property name="logFolder" value="C:\\Users\\Admin\\Desktop\\PKS\\Perkeso Phase A\\Reports\\Workflow\\Form 3 EIS - Cessation as Employer\\20181220_161204"/>
         <property name="logFiles" value="C:\\Users\\Admin\\Desktop\\PKS\\Perkeso Phase A\\Reports\\Workflow\\Form 3 EIS - Cessation as Employer\\20181220_161204\\execution0.log"/>
         <property name="attachments" value=""/>
         <property name="hostName" value="Admin - Win7Test02"/>
         <property name="os" value="Windows 7 64bit"/>
         <property name="katalonVersion" value="5.8.6.1"/>
         <property name="browser" value="Chrome 71.0.3578.98"/>
         <property name="hostAddress" value="10.20.3.72"/>
         <property name="sessionId" value="2cbb36e7230509729aea20a5b6116a3b"/>
         <property name="seleniumVersion" value="3.7.1"/>
         <property name="proxyInformation" value="ProxyInformation{proxyOption=NO_PROXY, proxyServerType=HTTP, password=, proxyServerAddress=, proxyServerPort=0}"/>
         <property name="platform" value="Windows 7"/>
      </properties>
      <testcase name="Test Cases/Final Aug 2018 - PKS Automation/Registration Module/Workflow/Form 3 EIS - Cessation As Employer/Employer to UO (Approve)" classname="Test Cases/Final Aug 2018 - PKS Automation/Registration Module/Workflow/Form 3 EIS - Cessation As Employer/Employer to UO (Approve)" status="PASSED">
         <system-out><![CDATA[2018-12-20 16:12:07 - [TEST_CASE][PASSED] - Test Cases/Final Aug 2018 - PKS Automation/Registration Module/Workflow/Form 3 EIS - Cessation As Employer/Employer to UO (Approve): Test Cases/Final Aug 2018 - PKS Automation/Registration Module/Workflow/Form 3 EIS - Cessation As Employer/Employer to UO (Approve)

2018-12-20 16:12:07 - [TEST_STEP][PASSED] - callTestCase: Call Test Case 'Test Cases/Final Aug 2018 - PKS Automation/Registration Module/Workflow/Form 3 EIS - Cessation As Employer/Template/Form 3 A - Cessation As Employer (Employer)' successfully

2018-12-20 16:12:07 - [TEST_CASE][PASSED] - Test Cases/Final Aug 2018 - PKS Automation/Registration Module/Workflow/Form 3 EIS - Cessation As Employer/Template/Form 3 A - Cessation As Employer (Employer): Test Cases/Final Aug 2018 - PKS Automation/Registration Module/Workflow/Form 3 EIS - Cessation As Employer/Template/Form 3 A - Cessation As Employer (Employer)

2018-12-20 16:12:08 - [TEST_STEP][PASSED] - callTestCase: Call Test Case 'Test Cases/Final Aug 2018 - PKS Automation/Registration Module/Workflow/Update Add New Employee/Template/New Company for Update Add New - Employer' successfully

2018-12-20 16:12:08 - [TEST_CASE][PASSED] - Test Cases/Final Aug 2018 - PKS Automation/Registration Module/Workflow/Update Add New Employee/Template/New Company for Update Add New - Employer: Test Cases/Final Aug 2018 - PKS Automation/Registration Module/Workflow/Update Add New Employee/Template/New Company for Update Add New - Employer

2018-12-20 16:12:08 - [TEST_STEP][PASSED] - callTestCase: Call Test Case 'Test Cases/Final Aug 2018 - PKS Automation/Create Employer Acc/Create Employer Account' successfully

2018-12-20 16:12:08 - [TEST_CASE][PASSED] - Test Cases/Final Aug 2018 - PKS Automation/Create Employer Acc/Create Employer Account: Test Cases/Final Aug 2018 - PKS Automation/Create Employer Acc/Create Employer Account

2018-12-20 16:12:08 - [TEST_STEP][PASSED] - callTestCase: Call Test Case 'Test Cases/Final Aug 2018 - PKS Automation/Create Employer Acc/Template/Register Employer' successfully

2018-12-20 16:12:08 - [TEST_CASE][PASSED] - Test Cases/Final Aug 2018 - PKS Automation/Create Employer Acc/Template/Register Employer: Test Cases/Final Aug 2018 - PKS Automation/Create Employer Acc/Template/Register Employer

2018-12-20 16:12:09 - [TEST_STEP][PASSED] - openBrowser: Browser is opened with url: ''

2018-12-20 16:12:13 - [MESSAGE][PASSED] - Browser is opened with url: ''

2018-12-20 16:12:13 - [TEST_STEP][PASSED] - navigateToUrl: Navigate to 'https://assist2-uat.perkeso.gov.my/login' successfully

2018-12-20 16:12:14 - [MESSAGE][PASSED] - Navigate to 'https://assist2-uat.perkeso.gov.my/login' successfully

2018-12-20 16:12:14 - [TEST_STEP][PASSED] - setText: Text 'johorotc1@gmail.com' is set on object 'Object Repository/Final Object Repo/Login Page/Internal User/Email Address'

2018-12-20 16:12:14 - [MESSAGE][PASSED] - Text 'johorotc1@gmail.com' is set on object 'Object Repository/Final Object Repo/Login Page/Internal User/Email Address'

2018-12-20 16:12:14 - [TEST_STEP][PASSED] - click: Object: 'Object Repository/Final Object Repo/Login Page/Internal User/Next Button' is clicked on

2018-12-20 16:12:14 - [MESSAGE][PASSED] - Object: 'Object Repository/Final Object Repo/Login Page/Internal User/Next Button' is clicked on

2018-12-20 16:12:14 - [TEST_STEP][PASSED] - delay: Delayed 1 second(s)

2018-12-20 16:12:15 - [MESSAGE][PASSED] - Delayed 1 second(s)

2018-12-20 16:12:15 - [TEST_STEP][PASSED] - setEncryptedText: Text ****** has been set on object 'Object Repository/Final Object Repo/Login Page/Internal User/Password'

2018-12-20 16:12:16 - [MESSAGE][PASSED] - Text ****** has been set on object 'Object Repository/Final Object Repo/Login Page/Internal User/Password'

2018-12-20 16:12:16 - [TEST_STEP][PASSED] - click: Object: 'Object Repository/Final Object Repo/Login Page/Internal User/Login Button' is clicked on

2018-12-20 16:12:16 - [MESSAGE][PASSED] - Object: 'Object Repository/Final Object Repo/Login Page/Internal User/Login Button' is clicked on

2018-12-20 16:12:16 - [TEST_STEP][PASSED] - delay: Delayed 1 second(s)

2018-12-20 16:12:17 - [MESSAGE][PASSED] - Delayed 1 second(s)

2018-12-20 16:12:17 - [TEST_STEP][PASSED] - navigateToUrl: Navigate to 'https://assist2-uat.perkeso.gov.my/web/base/portal-id/registration' successfully

2018-12-20 16:12:20 - [MESSAGE][PASSED] - Navigate to 'https://assist2-uat.perkeso.gov.my/web/base/portal-id/registration' successfully

2018-12-20 16:12:20 - [TEST_STEP][PASSED] - setText: Text 'AUTOMATION EMPLOYER' is set on object 'Object Repository/Final Object Repo/Creating Employer Account/Page_Registration - ASSIST (Base)/Employer Name'

2018-12-20 16:12:20 - [MESSAGE][PASSED] - Text 'AUTOMATION EMPLOYER' is set on object 'Object Repository/Final Object Repo/Creating Employer Account/Page_Registration - ASSIST (Base)/Employer Name'

2018-12-20 16:12:20 - [TEST_STEP][PASSED] - delay: Delayed 2 second(s)

2018-12-20 16:12:22 - [MESSAGE][PASSED] - Delayed 2 second(s)

2018-12-20 16:12:22 - [TEST_STEP][PASSED] - click: Object: 'Object Repository/Final Object Repo/Creating Employer Account/Page_Registration - ASSIST (Base)/Registration Type' is clicked on

2018-12-20 16:12:22 - [MESSAGE][PASSED] - Object: 'Object Repository/Final Object Repo/Creating Employer Account/Page_Registration - ASSIST (Base)/Registration Type' is clicked on

2018-12-20 16:12:22 - [TEST_STEP][PASSED] - delay: Delayed 2 second(s)

2018-12-20 16:12:24 - [MESSAGE][PASSED] - Delayed 2 second(s)

2018-12-20 16:12:24 - [TEST_STEP][PASSED] - click: Object: 'Object Repository/Final Object Repo/Creating Employer Account/Page_Registration - ASSIST (Base)/Registration Type - Registration No' is clicked on

2018-12-20 16:12:24 - [MESSAGE][PASSED] - Object: 'Object Repository/Final Object Repo/Creating Employer Account/Page_Registration - ASSIST (Base)/Registration Type - Registration No' is clicked on

2018-12-20 16:12:24 - [TEST_STEP][PASSED] - delay: Delayed 2 second(s)

2018-12-20 16:12:26 - [MESSAGE][PASSED] - Delayed 2 second(s)

2018-12-20 16:12:26 - [TEST_STEP][PASSED] - setText: Text 'AUTOMATE001' is set on object 'Object Repository/Final Object Repo/Creating Employer Account/Page_Registration - ASSIST (Base)/Registration Number'

2018-12-20 16:12:27 - [MESSAGE][PASSED] - Text 'AUTOMATE001' is set on object 'Object Repository/Final Object Repo/Creating Employer Account/Page_Registration - ASSIST (Base)/Registration Number'

2018-12-20 16:12:27 - [TEST_STEP][PASSED] - delay: Delayed 2 second(s)

2018-12-20 16:12:29 - [MESSAGE][PASSED] - Delayed 2 second(s)

2018-12-20 16:12:29 - [TEST_STEP][PASSED] - setText: Text 'ADDRESS 1' is set on object 'Object Repository/Final Object Repo/Creating Employer Account/Page_Registration - ASSIST (Base)/Postal Address 1'

2018-12-20 16:12:29 - [MESSAGE][PASSED] - Text 'ADDRESS 1' is set on object 'Object Repository/Final Object Repo/Creating Employer Account/Page_Registration - ASSIST (Base)/Postal Address 1'

2018-12-20 16:12:29 - [TEST_STEP][PASSED] - setText: Text 'ADDRESS 2' is set on object 'Object Repository/Final Object Repo/Creating Employer Account/Page_Registration - ASSIST (Base)/Postal Address 2'

2018-12-20 16:12:30 - [MESSAGE][PASSED] - Text 'ADDRESS 2' is set on object 'Object Repository/Final Object Repo/Creating Employer Account/Page_Registration - ASSIST (Base)/Postal Address 2'

2018-12-20 16:12:30 - [TEST_STEP][PASSED] - click: Object: 'Object Repository/Final Object Repo/Creating Employer Account/Page_Registration - ASSIST (Base)/State' is clicked on

2018-12-20 16:12:30 - [MESSAGE][PASSED] - Object: 'Object Repository/Final Object Repo/Creating Employer Account/Page_Registration - ASSIST (Base)/State' is clicked on

2018-12-20 16:12:30 - [TEST_STEP][PASSED] - delay: Delayed 2 second(s)

2018-12-20 16:12:32 - [MESSAGE][PASSED] - Delayed 2 second(s)

2018-12-20 16:12:32 - [TEST_STEP][PASSED] - click: Object: 'Object Repository/Final Object Repo/Creating Employer Account/Page_Registration - ASSIST (Base)/State - Johor' is clicked on

2018-12-20 16:12:32 - [MESSAGE][PASSED] - Object: 'Object Repository/Final Object Repo/Creating Employer Account/Page_Registration - ASSIST (Base)/State - Johor' is clicked on

2018-12-20 16:12:32 - [TEST_STEP][PASSED] - delay: Delayed 2 second(s)

2018-12-20 16:12:34 - [MESSAGE][PASSED] - Delayed 2 second(s)

2018-12-20 16:12:34 - [TEST_STEP][PASSED] - click: Object: 'Object Repository/Final Object Repo/Creating Employer Account/Page_Registration - ASSIST (Base)/City' is clicked on

2018-12-20 16:12:34 - [MESSAGE][PASSED] - Object: 'Object Repository/Final Object Repo/Creating Employer Account/Page_Registration - ASSIST (Base)/City' is clicked on

2018-12-20 16:12:34 - [TEST_STEP][PASSED] - delay: Delayed 2 second(s)

2018-12-20 16:12:36 - [MESSAGE][PASSED] - Delayed 2 second(s)

2018-12-20 16:12:36 - [TEST_STEP][PASSED] - setText: Text 'joh' is set on object 'Object Repository/Final Object Repo/Creating Employer Account/Page_Registration - ASSIST (Base)/City - joh'

2018-12-20 16:12:37 - [MESSAGE][PASSED] - Text 'joh' is set on object 'Object Repository/Final Object Repo/Creating Employer Account/Page_Registration - ASSIST (Base)/City - joh'

2018-12-20 16:12:37 - [TEST_STEP][PASSED] - delay: Delayed 2 second(s)

2018-12-20 16:12:39 - [MESSAGE][PASSED] - Delayed 2 second(s)

2018-12-20 16:12:39 - [TEST_STEP][PASSED] - click: Object: 'Object Repository/Final Object Repo/Creating Employer Account/Page_Registration - ASSIST (Base)/City - Johor Bharu' is clicked on

2018-12-20 16:12:39 - [MESSAGE][PASSED] - Object: 'Object Repository/Final Object Repo/Creating Employer Account/Page_Registration - ASSIST (Base)/City - Johor Bharu' is clicked on

2018-12-20 16:12:39 - [TEST_STEP][PASSED] - delay: Delayed 2 second(s)

2018-12-20 16:12:41 - [MESSAGE][PASSED] - Delayed 2 second(s)

2018-12-20 16:12:41 - [TEST_STEP][PASSED] - click: Object: 'Object Repository/Final Object Repo/Creating Employer Account/Page_Registration - ASSIST (Base)/Post Code' is clicked on

2018-12-20 16:12:41 - [MESSAGE][PASSED] - Object: 'Object Repository/Final Object Repo/Creating Employer Account/Page_Registration - ASSIST (Base)/Post Code' is clicked on

2018-12-20 16:12:41 - [TEST_STEP][PASSED] - delay: Delayed 2 second(s)

2018-12-20 16:12:43 - [MESSAGE][PASSED] - Delayed 2 second(s)

2018-12-20 16:12:43 - [TEST_STEP][PASSED] - setText: Text '810' is set on object 'Object Repository/Final Object Repo/Creating Employer Account/Page_Registration - ASSIST (Base)/Post Code - 810'

2018-12-20 16:12:43 - [MESSAGE][PASSED] - Text '810' is set on object 'Object Repository/Final Object Repo/Creating Employer Account/Page_Registration - ASSIST (Base)/Post Code - 810'

2018-12-20 16:12:43 - [TEST_STEP][PASSED] - delay: Delayed 2 second(s)

2018-12-20 16:12:45 - [MESSAGE][PASSED] - Delayed 2 second(s)

2018-12-20 16:12:45 - [TEST_STEP][PASSED] - click: Object: 'Object Repository/Final Object Repo/Creating Employer Account/Page_Registration - ASSIST (Base)/Post Code - 81000' is clicked on

2018-12-20 16:12:45 - [MESSAGE][PASSED] - Object: 'Object Repository/Final Object Repo/Creating Employer Account/Page_Registration - ASSIST (Base)/Post Code - 81000' is clicked on

2018-12-20 16:12:45 - [TEST_STEP][PASSED] - delay: Delayed 2 second(s)

2018-12-20 16:12:47 - [MESSAGE][PASSED] - Delayed 2 second(s)

2018-12-20 16:12:47 - [TEST_STEP][PASSED] - setText: Text 'PERKESO' is set on object 'Object Repository/Final Object Repo/Creating Employer Account/Page_Registration - ASSIST (Base)/Full Name'

2018-12-20 16:12:48 - [MESSAGE][PASSED] - Text 'PERKESO' is set on object 'Object Repository/Final Object Repo/Creating Employer Account/Page_Registration - ASSIST (Base)/Full Name'

2018-12-20 16:12:48 - [TEST_STEP][PASSED] - Statement - rnd = new java.util.Random(): null

2018-12-20 16:12:48 - [TEST_STEP][PASSED] - Statement - snum = rnd.nextInt(899999 + 1) + 100000: null

2018-12-20 16:12:48 - [TEST_STEP][PASSED] - Statement - tnum = rnd.nextInt(899999 + 1) + 100000: null

2018-12-20 16:12:48 - [TEST_STEP][PASSED] - Statement - IC = java.lang.Integer.toString(snum) + java.lang.Integer.toString(tnum): null

2018-12-20 16:12:48 - [TEST_STEP][PASSED] - Statement - out.println(IC): null

2018-12-20 16:12:48 - [TEST_STEP][PASSED] - setText: Text '162956354351' is set on object 'Object Repository/Final Object Repo/Creating Employer Account/Page_Registration - ASSIST (Base)/Identification Number'

2018-12-20 16:12:48 - [MESSAGE][PASSED] - Text '162956354351' is set on object 'Object Repository/Final Object Repo/Creating Employer Account/Page_Registration - ASSIST (Base)/Identification Number'

2018-12-20 16:12:48 - [TEST_STEP][PASSED] - delay: Delayed 2 second(s)

2018-12-20 16:12:50 - [MESSAGE][PASSED] - Delayed 2 second(s)

2018-12-20 16:12:50 - [TEST_STEP][PASSED] - setText: Text '123456789012' is set on object 'Object Repository/Final Object Repo/Creating Employer Account/Page_Registration - ASSIST (Base)/Contact Number'

2018-12-20 16:12:51 - [MESSAGE][PASSED] - Text '123456789012' is set on object 'Object Repository/Final Object Repo/Creating Employer Account/Page_Registration - ASSIST (Base)/Contact Number'

2018-12-20 16:12:51 - [TEST_STEP][PASSED] - Statement - Email = "perkeso" + IC + "@gmail.com": null

2018-12-20 16:12:51 - [TEST_STEP][PASSED] - delay: Delayed 2 second(s)

2018-12-20 16:12:53 - [MESSAGE][PASSED] - Delayed 2 second(s)

2018-12-20 16:12:53 - [TEST_STEP][PASSED] - callTestCase: Call Test Case 'Test Cases/Final Aug 2018 - PKS Automation/Create Employer Acc/Template/Employer Email Settler' successfully

2018-12-20 16:12:53 - [TEST_CASE][PASSED] - Test Cases/Final Aug 2018 - PKS Automation/Create Employer Acc/Template/Employer Email Settler: Test Cases/Final Aug 2018 - PKS Automation/Create Employer Acc/Template/Employer Email Settler

2018-12-20 16:12:53 - [TEST_STEP][PASSED] - Statement - EmpEmailOld = new java.io.File(C://Users//Admin//Desktop//PKS//Automation Reference Point//EmpEmail.txt): null

2018-12-20 16:12:53 - [TEST_STEP][PASSED] - Statement - EmpEmailOld.delete(): null

2018-12-20 16:12:53 - [TEST_STEP][PASSED] - delay: Delayed 5 second(s)

2018-12-20 16:12:58 - [MESSAGE][PASSED] - Delayed 5 second(s)

2018-12-20 16:12:58 - [TEST_STEP][PASSED] - Statement - EmpEmail = new java.io.File(C://Users//Admin//Desktop//PKS//Automation Reference Point//EmpEmail.txt): null

2018-12-20 16:12:58 - [TEST_STEP][PASSED] - Statement - f2 = new java.io.FileWriter(EmpEmail, false): null

2018-12-20 16:12:58 - [TEST_STEP][PASSED] - Statement - f2.write(Email): null

2018-12-20 16:12:58 - [TEST_STEP][PASSED] - Statement - f2.close(): null

2018-12-20 16:12:58 - [TEST_STEP][PASSED] - Statement - out.println(Email): null

2018-12-20 16:12:58 - [MESSAGE][PASSED] - Call Test Case 'Test Cases/Final Aug 2018 - PKS Automation/Create Employer Acc/Template/Employer Email Settler' successfully

2018-12-20 16:12:58 - [TEST_STEP][PASSED] - delay: Delayed 2 second(s)

2018-12-20 16:13:00 - [MESSAGE][PASSED] - Delayed 2 second(s)

2018-12-20 16:13:00 - [TEST_STEP][PASSED] - setText: Text 'perkeso162956354351@gmail.com' is set on object 'Object Repository/Final Object Repo/Creating Employer Account/Page_Registration - ASSIST (Base)/Email'

2018-12-20 16:13:01 - [MESSAGE][PASSED] - Text 'perkeso162956354351@gmail.com' is set on object 'Object Repository/Final Object Repo/Creating Employer Account/Page_Registration - ASSIST (Base)/Email'

2018-12-20 16:13:01 - [TEST_STEP][PASSED] - setText: Text '123' is set on object 'Object Repository/Final Object Repo/Creating Employer Account/Page_Registration - ASSIST (Base)/Security Phase'

2018-12-20 16:13:01 - [MESSAGE][PASSED] - Text '123' is set on object 'Object Repository/Final Object Repo/Creating Employer Account/Page_Registration - ASSIST (Base)/Security Phase'

2018-12-20 16:13:01 - [TEST_STEP][PASSED] - click: Object: 'Object Repository/Final Object Repo/Creating Employer Account/Page_Registration - ASSIST (Base)/Save  Continue' is clicked on

2018-12-20 16:13:01 - [MESSAGE][PASSED] - Object: 'Object Repository/Final Object Repo/Creating Employer Account/Page_Registration - ASSIST (Base)/Save  Continue' is clicked on

2018-12-20 16:13:01 - [TEST_STEP][PASSED] - delay: Delayed 2 second(s)

2018-12-20 16:13:03 - [MESSAGE][PASSED] - Delayed 2 second(s)

2018-12-20 16:13:03 - [TEST_STEP][PASSED] - click: Object: 'Object Repository/Final Object Repo/Creating Employer Account/Page_Registration - ASSIST (Base)/Add Document' is clicked on

2018-12-20 16:13:03 - [MESSAGE][PASSED] - Object: 'Object Repository/Final Object Repo/Creating Employer Account/Page_Registration - ASSIST (Base)/Add Document' is clicked on

2018-12-20 16:13:03 - [TEST_STEP][PASSED] - delay: Delayed 2 second(s)

2018-12-20 16:13:05 - [MESSAGE][PASSED] - Delayed 2 second(s)

2018-12-20 16:13:05 - [TEST_STEP][PASSED] - click: Object: 'Object Repository/Final Object Repo/Creating Employer Account/Page_Registration - ASSIST (Base)/Document Type' is clicked on

2018-12-20 16:13:05 - [MESSAGE][PASSED] - Object: 'Object Repository/Final Object Repo/Creating Employer Account/Page_Registration - ASSIST (Base)/Document Type' is clicked on

2018-12-20 16:13:05 - [TEST_STEP][PASSED] - delay: Delayed 2 second(s)

2018-12-20 16:13:07 - [MESSAGE][PASSED] - Delayed 2 second(s)

2018-12-20 16:13:07 - [TEST_STEP][PASSED] - click: Object: 'Object Repository/Final Object Repo/Creating Employer Account/Page_Registration - ASSIST (Base)/Document Type - Letter of Authorization' is clicked on

2018-12-20 16:13:08 - [MESSAGE][PASSED] - Object: 'Object Repository/Final Object Repo/Creating Employer Account/Page_Registration - ASSIST (Base)/Document Type - Letter of Authorization' is clicked on

2018-12-20 16:13:08 - [TEST_STEP][PASSED] - delay: Delayed 2 second(s)

2018-12-20 16:13:10 - [MESSAGE][PASSED] - Delayed 2 second(s)

2018-12-20 16:13:10 - [TEST_STEP][PASSED] - sendKeys: Keys 'C:\Users\Public\Pictures\Sample Pictures\Koala.jpg' sent to object: 'Object Repository/Final Object Repo/Creating Employer Account/Page_Registration - ASSIST (Base)/Uploading File'

2018-12-20 16:13:10 - [MESSAGE][PASSED] - Keys 'C:\Users\Public\Pictures\Sample Pictures\Koala.jpg' sent to object: 'Object Repository/Final Object Repo/Creating Employer Account/Page_Registration - ASSIST (Base)/Uploading File'

2018-12-20 16:13:10 - [TEST_STEP][PASSED] - delay: Delayed 2 second(s)

2018-12-20 16:13:12 - [MESSAGE][PASSED] - Delayed 2 second(s)

2018-12-20 16:13:12 - [TEST_STEP][PASSED] - click: Object: 'Object Repository/Final Object Repo/Creating Employer Account/Page_Registration - ASSIST (Base)/Add Document in Uploading File' is clicked on

2018-12-20 16:13:12 - [MESSAGE][PASSED] - Object: 'Object Repository/Final Object Repo/Creating Employer Account/Page_Registration - ASSIST (Base)/Add Document in Uploading File' is clicked on

2018-12-20 16:13:12 - [TEST_STEP][PASSED] - delay: Delayed 2 second(s)

2018-12-20 16:13:14 - [MESSAGE][PASSED] - Delayed 2 second(s)

2018-12-20 16:13:14 - [TEST_STEP][PASSED] - click: Object: 'Object Repository/Final Object Repo/Creating Employer Account/Page_Registration - ASSIST (Base)/Save' is clicked on

2018-12-20 16:13:14 - [MESSAGE][PASSED] - Object: 'Object Repository/Final Object Repo/Creating Employer Account/Page_Registration - ASSIST (Base)/Save' is clicked on

2018-12-20 16:13:14 - [TEST_STEP][PASSED] - delay: Delayed 2 second(s)

2018-12-20 16:13:16 - [MESSAGE][PASSED] - Delayed 2 second(s)

2018-12-20 16:13:16 - [TEST_STEP][PASSED] - click: Object: 'Object Repository/Final Object Repo/Creating Employer Account/Page_Registration - ASSIST (Base)/Submit' is clicked on

2018-12-20 16:13:16 - [MESSAGE][PASSED] - Object: 'Object Repository/Final Object Repo/Creating Employer Account/Page_Registration - ASSIST (Base)/Submit' is clicked on

2018-12-20 16:13:16 - [TEST_STEP][PASSED] - delay: Delayed 2 second(s)

2018-12-20 16:13:18 - [MESSAGE][PASSED] - Delayed 2 second(s)

2018-12-20 16:13:18 - [TEST_STEP][PASSED] - click: Object: 'Object Repository/Final Object Repo/Creating Employer Account/Page_Registration - ASSIST (Base)/Confirm' is clicked on

2018-12-20 16:13:18 - [MESSAGE][PASSED] - Object: 'Object Repository/Final Object Repo/Creating Employer Account/Page_Registration - ASSIST (Base)/Confirm' is clicked on

2018-12-20 16:13:19 - [MESSAGE][PASSED] - Call Test Case 'Test Cases/Final Aug 2018 - PKS Automation/Create Employer Acc/Template/Register Employer' successfully

2018-12-20 16:13:19 - [TEST_STEP][PASSED] - delay: Delayed 1 second(s)

2018-12-20 16:13:20 - [MESSAGE][PASSED] - Delayed 1 second(s)

2018-12-20 16:13:20 - [TEST_STEP][PASSED] - navigateToUrl: Navigate to 'https://assist2-uat.perkeso.gov.my/c/portal/logout' successfully

2018-12-20 16:13:22 - [MESSAGE][PASSED] - Navigate to 'https://assist2-uat.perkeso.gov.my/c/portal/logout' successfully

2018-12-20 16:13:22 - [TEST_STEP][PASSED] - delay: Delayed 1 second(s)

2018-12-20 16:13:23 - [MESSAGE][PASSED] - Delayed 1 second(s)

2018-12-20 16:13:23 - [TEST_STEP][PASSED] - callTestCase: Call Test Case 'Test Cases/Final Aug 2018 - PKS Automation/Create Employer Acc/Template/Change Password of Employer' successfully

2018-12-20 16:13:23 - [TEST_CASE][PASSED] - Test Cases/Final Aug 2018 - PKS Automation/Create Employer Acc/Template/Change Password of Employer: Test Cases/Final Aug 2018 - PKS Automation/Create Employer Acc/Template/Change Password of Employer

2018-12-20 16:13:23 - [TEST_STEP][PASSED] - openBrowser: Browser is opened with url: ''

2018-12-20 16:13:23 - [MESSAGE][WARNING] - A browser is already opened. Closing browser and opening a new one

2018-12-20 16:13:26 - [MESSAGE][PASSED] - Browser is opened with url: ''

2018-12-20 16:13:26 - [TEST_STEP][PASSED] - navigateToUrl: Navigate to 'https://assist2-uat.perkeso.gov.my/login' successfully

2018-12-20 16:13:27 - [MESSAGE][PASSED] - Navigate to 'https://assist2-uat.perkeso.gov.my/login' successfully

2018-12-20 16:13:27 - [TEST_STEP][PASSED] - delay: Delayed 5 second(s)

2018-12-20 16:13:32 - [MESSAGE][PASSED] - Delayed 5 second(s)

2018-12-20 16:13:32 - [TEST_STEP][PASSED] - setText: Text 'test@liferay.com' is set on object 'Object Repository/Final Object Repo/Login Page/Internal User/Email Address'

2018-12-20 16:13:32 - [MESSAGE][PASSED] - Text 'test@liferay.com' is set on object 'Object Repository/Final Object Repo/Login Page/Internal User/Email Address'

2018-12-20 16:13:32 - [TEST_STEP][PASSED] - click: Object: 'Object Repository/Final Object Repo/Login Page/Internal User/Next Button' is clicked on

2018-12-20 16:13:32 - [MESSAGE][PASSED] - Object: 'Object Repository/Final Object Repo/Login Page/Internal User/Next Button' is clicked on

2018-12-20 16:13:32 - [TEST_STEP][PASSED] - delay: Delayed 2 second(s)

2018-12-20 16:13:34 - [MESSAGE][PASSED] - Delayed 2 second(s)

2018-12-20 16:13:34 - [TEST_STEP][PASSED] - setText: Text 'test' is set on object 'Object Repository/Final Object Repo/Login Page/Internal User/Password'

2018-12-20 16:13:35 - [MESSAGE][PASSED] - Text 'test' is set on object 'Object Repository/Final Object Repo/Login Page/Internal User/Password'

2018-12-20 16:13:35 - [TEST_STEP][PASSED] - delay: Delayed 2 second(s)

2018-12-20 16:13:37 - [MESSAGE][PASSED] - Delayed 2 second(s)

2018-12-20 16:13:37 - [TEST_STEP][PASSED] - click: Object: 'Object Repository/Final Object Repo/Login Page/Internal User/Login Button' is clicked on

2018-12-20 16:13:37 - [MESSAGE][PASSED] - Object: 'Object Repository/Final Object Repo/Login Page/Internal User/Login Button' is clicked on

2018-12-20 16:13:37 - [TEST_STEP][PASSED] - delay: Delayed 3 second(s)

2018-12-20 16:13:40 - [MESSAGE][PASSED] - Delayed 3 second(s)

2018-12-20 16:13:40 - [TEST_STEP][PASSED] - navigateToUrl: Navigate to 'https://assist2-uat.perkeso.gov.my/group/control_panel/manage?p_p_id=125&p_p_lifecycle=0&p_p_state=maximized&p_p_mode=view&refererPlid=20455&_125_usersListView=flat-users&_125_toolbarItem=view-all-users&_125_saveUsersListView=true&_125_struts_action=%2Fusers_admin%2Fview' successfully

2018-12-20 16:13:41 - [MESSAGE][PASSED] - Navigate to 'https://assist2-uat.perkeso.gov.my/group/control_panel/manage?p_p_id=125&p_p_lifecycle=0&p_p_state=maximized&p_p_mode=view&refererPlid=20455&_125_usersListView=flat-users&_125_toolbarItem=view-all-users&_125_saveUsersListView=true&_125_struts_action=%2Fusers_admin%2Fview' successfully

2018-12-20 16:13:41 - [TEST_STEP][PASSED] - delay: Delayed 3 second(s)

2018-12-20 16:13:44 - [MESSAGE][PASSED] - Delayed 3 second(s)

2018-12-20 16:13:44 - [TEST_STEP][PASSED] - setText: Text 'perkeso162956354351@gmail.com' is set on object 'Object Repository/Final Object Repo/Creating Employer Account/Page_Users and Organizations - ASSIST/Employer name'

2018-12-20 16:13:45 - [MESSAGE][PASSED] - Text 'perkeso162956354351@gmail.com' is set on object 'Object Repository/Final Object Repo/Creating Employer Account/Page_Users and Organizations - ASSIST/Employer name'

2018-12-20 16:13:45 - [TEST_STEP][PASSED] - delay: Delayed 3 second(s)

2018-12-20 16:13:48 - [MESSAGE][PASSED] - Delayed 3 second(s)

2018-12-20 16:13:48 - [TEST_STEP][PASSED] - click: Object: 'Object Repository/Final Object Repo/Creating Employer Account/Page_Users and Organizations - ASSIST/Search' is clicked on

2018-12-20 16:13:48 - [MESSAGE][PASSED] - Object: 'Object Repository/Final Object Repo/Creating Employer Account/Page_Users and Organizations - ASSIST/Search' is clicked on

2018-12-20 16:13:48 - [TEST_STEP][PASSED] - delay: Delayed 3 second(s)

2018-12-20 16:13:51 - [MESSAGE][PASSED] - Delayed 3 second(s)

2018-12-20 16:13:51 - [TEST_STEP][PASSED] - click: Object: 'Object Repository/Final Object Repo/Creating Employer Account/Page_Users and Organizations - ASSIST/Action' is clicked on

2018-12-20 16:13:52 - [MESSAGE][PASSED] - Object: 'Object Repository/Final Object Repo/Creating Employer Account/Page_Users and Organizations - ASSIST/Action' is clicked on

2018-12-20 16:13:52 - [TEST_STEP][PASSED] - delay: Delayed 3 second(s)

2018-12-20 16:13:55 - [MESSAGE][PASSED] - Delayed 3 second(s)

2018-12-20 16:13:55 - [TEST_STEP][PASSED] - click: Object: 'Object Repository/Final Object Repo/Creating Employer Account/Page_Users and Organizations - ASSIST/Edit' is clicked on

2018-12-20 16:13:56 - [MESSAGE][PASSED] - Object: 'Object Repository/Final Object Repo/Creating Employer Account/Page_Users and Organizations - ASSIST/Edit' is clicked on

2018-12-20 16:13:56 - [TEST_STEP][PASSED] - delay: Delayed 3 second(s)

2018-12-20 16:13:59 - [MESSAGE][PASSED] - Delayed 3 second(s)

2018-12-20 16:13:59 - [TEST_STEP][PASSED] - click: Object: 'Object Repository/Final Object Repo/Creating Employer Account/Page_PERKESO - Users and Organizati/a_Password (Modified)' is clicked on

2018-12-20 16:13:59 - [MESSAGE][PASSED] - Object: 'Object Repository/Final Object Repo/Creating Employer Account/Page_PERKESO - Users and Organizati/a_Password (Modified)' is clicked on

2018-12-20 16:13:59 - [TEST_STEP][PASSED] - delay: Delayed 3 second(s)

2018-12-20 16:14:02 - [MESSAGE][PASSED] - Delayed 3 second(s)

2018-12-20 16:14:02 - [TEST_STEP][PASSED] - setEncryptedText: Text ****** has been set on object 'Object Repository/Final Object Repo/Creating Employer Account/Page_PERKESO - Users and Organizati/input__125_password1'

2018-12-20 16:14:02 - [MESSAGE][PASSED] - Text ****** has been set on object 'Object Repository/Final Object Repo/Creating Employer Account/Page_PERKESO - Users and Organizati/input__125_password1'

2018-12-20 16:14:02 - [TEST_STEP][PASSED] - delay: Delayed 3 second(s)

2018-12-20 16:14:05 - [MESSAGE][PASSED] - Delayed 3 second(s)

2018-12-20 16:14:05 - [TEST_STEP][PASSED] - setEncryptedText: Text ****** has been set on object 'Object Repository/Final Object Repo/Creating Employer Account/Page_PERKESO - Users and Organizati/input__125_password2'

2018-12-20 16:14:06 - [MESSAGE][PASSED] - Text ****** has been set on object 'Object Repository/Final Object Repo/Creating Employer Account/Page_PERKESO - Users and Organizati/input__125_password2'

2018-12-20 16:14:06 - [TEST_STEP][PASSED] - delay: Delayed 3 second(s)

2018-12-20 16:14:09 - [MESSAGE][PASSED] - Delayed 3 second(s)

2018-12-20 16:14:09 - [TEST_STEP][PASSED] - click: Object: 'Object Repository/Final Object Repo/Creating Employer Account/Page_PERKESO - Users and Organizati/Save' is clicked on

2018-12-20 16:14:10 - [MESSAGE][PASSED] - Object: 'Object Repository/Final Object Repo/Creating Employer Account/Page_PERKESO - Users and Organizati/Save' is clicked on

2018-12-20 16:14:10 - [MESSAGE][PASSED] - Call Test Case 'Test Cases/Final Aug 2018 - PKS Automation/Create Employer Acc/Template/Change Password of Employer' successfully

2018-12-20 16:14:10 - [TEST_STEP][PASSED] - delay: Delayed 1 second(s)

2018-12-20 16:14:11 - [MESSAGE][PASSED] - Delayed 1 second(s)

2018-12-20 16:14:11 - [TEST_STEP][PASSED] - navigateToUrl: Navigate to 'https://assist2-uat.perkeso.gov.my/c/portal/logout' successfully

2018-12-20 16:14:12 - [MESSAGE][PASSED] - Navigate to 'https://assist2-uat.perkeso.gov.my/c/portal/logout' successfully

2018-12-20 16:14:12 - [TEST_STEP][PASSED] - delay: Delayed 1 second(s)

2018-12-20 16:14:13 - [MESSAGE][PASSED] - Delayed 1 second(s)

2018-12-20 16:14:13 - [TEST_STEP][PASSED] - callTestCase: Call Test Case 'Test Cases/Final Aug 2018 - PKS Automation/Create Employer Acc/Template/Login to Employer Account (First Time)' successfully

2018-12-20 16:14:13 - [TEST_CASE][PASSED] - Test Cases/Final Aug 2018 - PKS Automation/Create Employer Acc/Template/Login to Employer Account (First Time): Test Cases/Final Aug 2018 - PKS Automation/Create Employer Acc/Template/Login to Employer Account (First Time)

2018-12-20 16:14:14 - [TEST_STEP][PASSED] - openBrowser: Browser is opened with url: ''

2018-12-20 16:14:14 - [MESSAGE][WARNING] - A browser is already opened. Closing browser and opening a new one

2018-12-20 16:14:17 - [MESSAGE][PASSED] - Browser is opened with url: ''

2018-12-20 16:14:17 - [TEST_STEP][PASSED] - navigateToUrl: Navigate to 'https://assist2-uat.perkeso.gov.my/employer/login' successfully

2018-12-20 16:14:18 - [MESSAGE][PASSED] - Navigate to 'https://assist2-uat.perkeso.gov.my/employer/login' successfully

2018-12-20 16:14:18 - [TEST_STEP][PASSED] - delay: Delayed 3 second(s)

2018-12-20 16:14:21 - [MESSAGE][PASSED] - Delayed 3 second(s)

2018-12-20 16:14:21 - [TEST_STEP][PASSED] - callTestCase: Call Test Case 'Test Cases/Final Aug 2018 - PKS Automation/Create Employer Acc/Template/Employer Email Getter' successfully

2018-12-20 16:14:21 - [TEST_CASE][PASSED] - Test Cases/Final Aug 2018 - PKS Automation/Create Employer Acc/Template/Employer Email Getter: Test Cases/Final Aug 2018 - PKS Automation/Create Employer Acc/Template/Employer Email Getter

2018-12-20 16:14:21 - [TEST_STEP][PASSED] - Statement - Try: null

2018-12-20 16:14:21 - [TEST_STEP][PASSED] - Statement - EmpEmail = new java.io.File(C://Users//Admin//Desktop//PKS//Automation Reference Point//EmpEmail.txt): null

2018-12-20 16:14:21 - [TEST_STEP][PASSED] - Statement - bufferread = new java.io.BufferedReader(new java.io.FileReader(EmpEmail)): null

2018-12-20 16:14:21 - [TEST_STEP][PASSED] - Statement - readedVal = bufferread.readLine(): null

2018-12-20 16:14:21 - [TEST_STEP][PASSED] - Statement - out.println(readedVal): null

2018-12-20 16:14:21 - [TEST_STEP][PASSED] - Statement - Email = readedVal: null

2018-12-20 16:14:21 - [MESSAGE][PASSED] - Call Test Case 'Test Cases/Final Aug 2018 - PKS Automation/Create Employer Acc/Template/Employer Email Getter' successfully

2018-12-20 16:14:21 - [TEST_STEP][PASSED] - setText: Text 'perkeso162956354351@gmail.com' is set on object 'Object Repository/Final Object Repo/Login Page/External Login Page/Email'

2018-12-20 16:14:22 - [MESSAGE][PASSED] - Text 'perkeso162956354351@gmail.com' is set on object 'Object Repository/Final Object Repo/Login Page/External Login Page/Email'

2018-12-20 16:14:22 - [TEST_STEP][PASSED] - click: Object: 'Object Repository/Final Object Repo/Login Page/External Login Page/Next' is clicked on

2018-12-20 16:14:22 - [MESSAGE][PASSED] - Object: 'Object Repository/Final Object Repo/Login Page/External Login Page/Next' is clicked on

2018-12-20 16:14:22 - [TEST_STEP][PASSED] - delay: Delayed 3 second(s)

2018-12-20 16:14:25 - [MESSAGE][PASSED] - Delayed 3 second(s)

2018-12-20 16:14:25 - [TEST_STEP][PASSED] - setEncryptedText: Text ****** has been set on object 'Object Repository/Final Object Repo/Login Page/External Login Page/Password'

2018-12-20 16:14:25 - [MESSAGE][PASSED] - Text ****** has been set on object 'Object Repository/Final Object Repo/Login Page/External Login Page/Password'

2018-12-20 16:14:25 - [TEST_STEP][PASSED] - click: Object: 'Object Repository/Final Object Repo/Login Page/External Login Page/Login' is clicked on

2018-12-20 16:14:25 - [MESSAGE][PASSED] - Object: 'Object Repository/Final Object Repo/Login Page/External Login Page/Login' is clicked on

2018-12-20 16:14:25 - [TEST_STEP][PASSED] - delay: Delayed 3 second(s)

2018-12-20 16:14:28 - [MESSAGE][PASSED] - Delayed 3 second(s)

2018-12-20 16:14:28 - [TEST_STEP][PASSED] - click: Object: 'Object Repository/Final Object Repo/Creating Employer Account/Page_Terms of Use - ASSIST/button_I Agree' is clicked on

2018-12-20 16:14:29 - [MESSAGE][PASSED] - Object: 'Object Repository/Final Object Repo/Creating Employer Account/Page_Terms of Use - ASSIST/button_I Agree' is clicked on

2018-12-20 16:14:29 - [TEST_STEP][PASSED] - delay: Delayed 2 second(s)

2018-12-20 16:14:31 - [MESSAGE][PASSED] - Delayed 2 second(s)

2018-12-20 16:14:31 - [TEST_STEP][PASSED] - setEncryptedText: Text ****** has been set on object 'Object Repository/Final Object Repo/Creating Employer Account/Page_New Password - ASSIST/input_password1'

2018-12-20 16:14:32 - [MESSAGE][PASSED] - Text ****** has been set on object 'Object Repository/Final Object Repo/Creating Employer Account/Page_New Password - ASSIST/input_password1'

2018-12-20 16:14:32 - [TEST_STEP][PASSED] - setEncryptedText: Text ****** has been set on object 'Object Repository/Final Object Repo/Creating Employer Account/Page_New Password - ASSIST/input_password2'

2018-12-20 16:14:32 - [MESSAGE][PASSED] - Text ****** has been set on object 'Object Repository/Final Object Repo/Creating Employer Account/Page_New Password - ASSIST/input_password2'

2018-12-20 16:14:32 - [TEST_STEP][PASSED] - delay: Delayed 2 second(s)

2018-12-20 16:14:34 - [MESSAGE][PASSED] - Delayed 2 second(s)

2018-12-20 16:14:34 - [TEST_STEP][PASSED] - click: Object: 'Object Repository/Final Object Repo/Creating Employer Account/Page_New Password - ASSIST/Save' is clicked on

2018-12-20 16:14:34 - [MESSAGE][PASSED] - Object: 'Object Repository/Final Object Repo/Creating Employer Account/Page_New Password - ASSIST/Save' is clicked on

2018-12-20 16:14:34 - [TEST_STEP][PASSED] - delay: Delayed 2 second(s)

2018-12-20 16:14:36 - [MESSAGE][PASSED] - Delayed 2 second(s)

2018-12-20 16:14:36 - [TEST_STEP][PASSED] - setText: Text 'test' is set on object 'Object Repository/Final Object Repo/Creating Employer Account/Page_Password Reminder - ASSIST/Reminder Query Answer'

2018-12-20 16:14:36 - [MESSAGE][PASSED] - Text 'test' is set on object 'Object Repository/Final Object Repo/Creating Employer Account/Page_Password Reminder - ASSIST/Reminder Query Answer'

2018-12-20 16:14:36 - [TEST_STEP][PASSED] - delay: Delayed 2 second(s)

2018-12-20 16:14:38 - [MESSAGE][PASSED] - Delayed 2 second(s)

2018-12-20 16:14:38 - [TEST_STEP][PASSED] - doubleClick: Object: 'Object Repository/Final Object Repo/Creating Employer Account/Page_Password Reminder - ASSIST/Save' is double clicked on

2018-12-20 16:14:39 - [MESSAGE][PASSED] - Object: 'Object Repository/Final Object Repo/Creating Employer Account/Page_Password Reminder - ASSIST/Save' is double clicked on

2018-12-20 16:14:39 - [MESSAGE][PASSED] - Call Test Case 'Test Cases/Final Aug 2018 - PKS Automation/Create Employer Acc/Template/Login to Employer Account (First Time)' successfully

2018-12-20 16:14:39 - [MESSAGE][PASSED] - Call Test Case 'Test Cases/Final Aug 2018 - PKS Automation/Create Employer Acc/Create Employer Account' successfully

2018-12-20 16:14:39 - [TEST_STEP][PASSED] - callTestCase: Call Test Case 'Test Cases/Final Aug 2018 - PKS Automation/Registration Module/Log Out/log out avoiding katalon tagging' successfully

2018-12-20 16:14:39 - [TEST_CASE][PASSED] - Test Cases/Final Aug 2018 - PKS Automation/Registration Module/Log Out/log out avoiding katalon tagging: Test Cases/Final Aug 2018 - PKS Automation/Registration Module/Log Out/log out avoiding katalon tagging

2018-12-20 16:14:39 - [TEST_STEP][PASSED] - navigateToUrl: Navigate to 'https://assist2-uat.perkeso.gov.my/c/portal/logout' successfully

2018-12-20 16:14:42 - [MESSAGE][PASSED] - Navigate to 'https://assist2-uat.perkeso.gov.my/c/portal/logout' successfully

2018-12-20 16:14:42 - [MESSAGE][PASSED] - Call Test Case 'Test Cases/Final Aug 2018 - PKS Automation/Registration Module/Log Out/log out avoiding katalon tagging' successfully

2018-12-20 16:14:42 - [TEST_STEP][PASSED] - callTestCase: Call Test Case 'Test Cases/Final Aug 2018 - PKS Automation/Create Employer Acc/Login to Employer Account (Second time)' successfully

2018-12-20 16:14:42 - [TEST_CASE][PASSED] - Test Cases/Final Aug 2018 - PKS Automation/Create Employer Acc/Login to Employer Account (Second time): Test Cases/Final Aug 2018 - PKS Automation/Create Employer Acc/Login to Employer Account (Second time)

2018-12-20 16:14:42 - [TEST_STEP][PASSED] - openBrowser: Browser is opened with url: ''

2018-12-20 16:14:42 - [MESSAGE][WARNING] - A browser is already opened. Closing browser and opening a new one

2018-12-20 16:14:45 - [MESSAGE][PASSED] - Browser is opened with url: ''

2018-12-20 16:14:45 - [TEST_STEP][PASSED] - navigateToUrl: Navigate to 'https://assist2-uat.perkeso.gov.my/employer/login' successfully

2018-12-20 16:14:46 - [MESSAGE][PASSED] - Navigate to 'https://assist2-uat.perkeso.gov.my/employer/login' successfully

2018-12-20 16:14:46 - [TEST_STEP][PASSED] - delay: Delayed 3 second(s)

2018-12-20 16:14:49 - [MESSAGE][PASSED] - Delayed 3 second(s)

2018-12-20 16:14:49 - [TEST_STEP][PASSED] - callTestCase: Call Test Case 'Test Cases/Final Aug 2018 - PKS Automation/Create Employer Acc/Template/Employer Email Getter' successfully

2018-12-20 16:14:49 - [TEST_CASE][PASSED] - Test Cases/Final Aug 2018 - PKS Automation/Create Employer Acc/Template/Employer Email Getter: Test Cases/Final Aug 2018 - PKS Automation/Create Employer Acc/Template/Employer Email Getter

2018-12-20 16:14:49 - [TEST_STEP][PASSED] - Statement - Try: null

2018-12-20 16:14:49 - [TEST_STEP][PASSED] - Statement - EmpEmail = new java.io.File(C://Users//Admin//Desktop//PKS//Automation Reference Point//EmpEmail.txt): null

2018-12-20 16:14:49 - [TEST_STEP][PASSED] - Statement - bufferread = new java.io.BufferedReader(new java.io.FileReader(EmpEmail)): null

2018-12-20 16:14:49 - [TEST_STEP][PASSED] - Statement - readedVal = bufferread.readLine(): null

2018-12-20 16:14:49 - [TEST_STEP][PASSED] - Statement - out.println(readedVal): null

2018-12-20 16:14:49 - [TEST_STEP][PASSED] - Statement - Email = readedVal: null

2018-12-20 16:14:49 - [MESSAGE][PASSED] - Call Test Case 'Test Cases/Final Aug 2018 - PKS Automation/Create Employer Acc/Template/Employer Email Getter' successfully

2018-12-20 16:14:49 - [TEST_STEP][PASSED] - setText: Text 'perkeso162956354351@gmail.com' is set on object 'Object Repository/Final Object Repo/Login Page/External Login Page/Email'

2018-12-20 16:14:50 - [MESSAGE][PASSED] - Text 'perkeso162956354351@gmail.com' is set on object 'Object Repository/Final Object Repo/Login Page/External Login Page/Email'

2018-12-20 16:14:50 - [TEST_STEP][PASSED] - click: Object: 'Object Repository/Final Object Repo/Login Page/External Login Page/Next' is clicked on

2018-12-20 16:14:50 - [MESSAGE][PASSED] - Object: 'Object Repository/Final Object Repo/Login Page/External Login Page/Next' is clicked on

2018-12-20 16:14:50 - [TEST_STEP][PASSED] - delay: Delayed 3 second(s)

2018-12-20 16:14:53 - [MESSAGE][PASSED] - Delayed 3 second(s)

2018-12-20 16:14:53 - [TEST_STEP][PASSED] - setEncryptedText: Text ****** has been set on object 'Object Repository/Final Object Repo/Login Page/External Login Page/Password'

2018-12-20 16:14:53 - [MESSAGE][PASSED] - Text ****** has been set on object 'Object Repository/Final Object Repo/Login Page/External Login Page/Password'

2018-12-20 16:14:53 - [TEST_STEP][PASSED] - click: Object: 'Object Repository/Final Object Repo/Login Page/External Login Page/Login' is clicked on

2018-12-20 16:14:53 - [MESSAGE][PASSED] - Object: 'Object Repository/Final Object Repo/Login Page/External Login Page/Login' is clicked on

2018-12-20 16:14:53 - [TEST_STEP][PASSED] - delay: Delayed 5 second(s)

2018-12-20 16:14:58 - [MESSAGE][PASSED] - Delayed 5 second(s)

2018-12-20 16:14:58 - [MESSAGE][PASSED] - Call Test Case 'Test Cases/Final Aug 2018 - PKS Automation/Create Employer Acc/Login to Employer Account (Second time)' successfully

2018-12-20 16:14:58 - [TEST_STEP][PASSED] - delay: Delayed 4 second(s)

2018-12-20 16:15:02 - [MESSAGE][PASSED] - Delayed 4 second(s)

2018-12-20 16:15:02 - [TEST_STEP][PASSED] - Statement - Try: Delayed 2 second(s)

2018-12-20 16:15:02 - [TEST_STEP][PASSED] - Statement - Checker = false: null

2018-12-20 16:15:02 - [TEST_STEP][PASSED] - Statement - Checker = com.kms.katalon.core.webui.keyword.WebUiBuiltInKeywords.verifyElementHasAttribute(com.kms.katalon.core.testobject.ObjectRepository.findTestObject(Final Object Repo/Landing Page/BM Detecting), "href", 20, OPTIONAL): Object 'Object Repository/Final Object Repo/Landing Page/BM Detecting' has attribute 'href'

2018-12-20 16:15:03 - [MESSAGE][PASSED] - Object 'Object Repository/Final Object Repo/Landing Page/BM Detecting' has attribute 'href'

2018-12-20 16:15:03 - [TEST_STEP][PASSED] - Statement - out.println(Checker): null

2018-12-20 16:15:03 - [TEST_STEP][PASSED] - Statement - If (Checker == false): null

2018-12-20 16:15:03 - [TEST_STEP][PASSED] - Statement - Else: null

2018-12-20 16:15:03 - [TEST_STEP][PASSED] - delay: Delayed 2 second(s)

2018-12-20 16:15:05 - [MESSAGE][PASSED] - Delayed 2 second(s)

2018-12-20 16:15:05 - [TEST_STEP][PASSED] - delay: Delayed 4 second(s)

2018-12-20 16:15:09 - [MESSAGE][PASSED] - Delayed 4 second(s)

2018-12-20 16:15:09 - [TEST_STEP][PASSED] - click: Object: 'Object Repository/Final Object Repo/Landing Page/My Sites Drop Down' is clicked on

2018-12-20 16:15:09 - [MESSAGE][PASSED] - Object: 'Object Repository/Final Object Repo/Landing Page/My Sites Drop Down' is clicked on

2018-12-20 16:15:09 - [TEST_STEP][PASSED] - click: Object: 'Object Repository/Final Object Repo/Landing Page/Select to Registration Module' is clicked on

2018-12-20 16:15:11 - [MESSAGE][PASSED] - Object: 'Object Repository/Final Object Repo/Landing Page/Select to Registration Module' is clicked on

2018-12-20 16:15:11 - [TEST_STEP][PASSED] - click: Object: 'Object Repository/Final Object Repo/Landing Page/Registration Button' is clicked on

2018-12-20 16:15:13 - [MESSAGE][PASSED] - Object: 'Object Repository/Final Object Repo/Landing Page/Registration Button' is clicked on

2018-12-20 16:15:13 - [TEST_STEP][PASSED] - delay: Delayed 2 second(s)

2018-12-20 16:15:15 - [MESSAGE][PASSED] - Delayed 2 second(s)

2018-12-20 16:15:15 - [TEST_STEP][PASSED] - click: Object: 'Object Repository/Final Object Repo/New Registration - Registration Module Pages/New Reg - OTC to RO/Special Case - OTC - Form 1/AEC NO' is clicked on

2018-12-20 16:15:15 - [MESSAGE][PASSED] - Object: 'Object Repository/Final Object Repo/New Registration - Registration Module Pages/New Reg - OTC to RO/Special Case - OTC - Form 1/AEC NO' is clicked on

2018-12-20 16:15:15 - [TEST_STEP][PASSED] - click: Object: 'Object Repository/Final Object Repo/New Registration - Registration Module Pages/New Reg - OTC to RO/Special Case - OTC - Form 1/Business Entity - Please Select' is clicked on

2018-12-20 16:15:15 - [MESSAGE][PASSED] - Object: 'Object Repository/Final Object Repo/New Registration - Registration Module Pages/New Reg - OTC to RO/Special Case - OTC - Form 1/Business Entity - Please Select' is clicked on

2018-12-20 16:15:15 - [TEST_STEP][PASSED] - click: Object: 'Object Repository/Final Object Repo/New Registration - Registration Module Pages/New Reg - OTC to RO/Special Case - OTC - Form 1/Selected - Corporation' is clicked on

2018-12-20 16:15:15 - [MESSAGE][PASSED] - Object: 'Object Repository/Final Object Repo/New Registration - Registration Module Pages/New Reg - OTC to RO/Special Case - OTC - Form 1/Selected - Corporation' is clicked on

2018-12-20 16:15:15 - [TEST_STEP][PASSED] - delay: Delayed 2 second(s)

2018-12-20 16:15:17 - [MESSAGE][PASSED] - Delayed 2 second(s)

2018-12-20 16:15:17 - [TEST_STEP][PASSED] - click: Object: 'Object Repository/Final Object Repo/New Registration - Registration Module Pages/New Reg - OTC to RO/Special Case - OTC - Form 1/Sub Business Entity - Please Select' is clicked on

2018-12-20 16:15:18 - [MESSAGE][PASSED] - Object: 'Object Repository/Final Object Repo/New Registration - Registration Module Pages/New Reg - OTC to RO/Special Case - OTC - Form 1/Sub Business Entity - Please Select' is clicked on

2018-12-20 16:15:18 - [TEST_STEP][PASSED] - delay: Delayed 2 second(s)

2018-12-20 16:15:20 - [MESSAGE][PASSED] - Delayed 2 second(s)

2018-12-20 16:15:20 - [TEST_STEP][PASSED] - click: Object: 'Object Repository/Final Object Repo/New Registration - Registration Module Pages/New Reg - OTC to RO/Special Case - OTC - Form 1/Selected - Sendirian Berhad' is clicked on

2018-12-20 16:15:20 - [MESSAGE][PASSED] - Object: 'Object Repository/Final Object Repo/New Registration - Registration Module Pages/New Reg - OTC to RO/Special Case - OTC - Form 1/Selected - Sendirian Berhad' is clicked on

2018-12-20 16:15:20 - [TEST_STEP][PASSED] - setText: Text 'AUTOMATE001' is set on object 'Object Repository/Final Object Repo/New Registration - Registration Module Pages/New Reg - OTC to RO/Special Case - OTC - Form 1/Input BRN Number'

2018-12-20 16:15:20 - [MESSAGE][PASSED] - Text 'AUTOMATE001' is set on object 'Object Repository/Final Object Repo/New Registration - Registration Module Pages/New Reg - OTC to RO/Special Case - OTC - Form 1/Input BRN Number'

2018-12-20 16:15:20 - [TEST_STEP][PASSED] - delay: Delayed 2 second(s)

2018-12-20 16:15:22 - [MESSAGE][PASSED] - Delayed 2 second(s)

2018-12-20 16:15:22 - [TEST_STEP][PASSED] - click: Object: 'Object Repository/Final Object Repo/New Registration - Registration Module Pages/New Reg - OTC to RO/Special Case - OTC - Form 1/BRN Search' is clicked on

2018-12-20 16:15:22 - [MESSAGE][PASSED] - Object: 'Object Repository/Final Object Repo/New Registration - Registration Module Pages/New Reg - OTC to RO/Special Case - OTC - Form 1/BRN Search' is clicked on

2018-12-20 16:15:22 - [TEST_STEP][PASSED] - delay: Delayed 4 second(s)

2018-12-20 16:15:26 - [MESSAGE][PASSED] - Delayed 4 second(s)

2018-12-20 16:15:26 - [TEST_STEP][PASSED] - click: Object: 'Object Repository/Final Object Repo/New Registration - Registration Module Pages/New Reg - OTC to RO/Special Case - OTC - Form 1/Registered with SSM - After Feb 2017' is clicked on

2018-12-20 16:15:27 - [MESSAGE][PASSED] - Object: 'Object Repository/Final Object Repo/New Registration - Registration Module Pages/New Reg - OTC to RO/Special Case - OTC - Form 1/Registered with SSM - After Feb 2017' is clicked on

2018-12-20 16:15:27 - [TEST_STEP][PASSED] - delay: Delayed 2 second(s)

2018-12-20 16:15:29 - [MESSAGE][PASSED] - Delayed 2 second(s)

2018-12-20 16:15:29 - [TEST_STEP][PASSED] - click: Object: 'Object Repository/Final Object Repo/New Registration - Registration Module Pages/Form 1/Registered As a Branch - Yes' is clicked on

2018-12-20 16:15:29 - [MESSAGE][PASSED] - Object: 'Object Repository/Final Object Repo/New Registration - Registration Module Pages/Form 1/Registered As a Branch - Yes' is clicked on

2018-12-20 16:15:29 - [TEST_STEP][PASSED] - click: Object: 'Object Repository/Final Object Repo/New Registration - Registration Module Pages/New Reg - OTC to RO/Special Case - OTC - Form 1/Acknowledgement Ticked' is clicked on

2018-12-20 16:15:29 - [MESSAGE][PASSED] - Object: 'Object Repository/Final Object Repo/New Registration - Registration Module Pages/New Reg - OTC to RO/Special Case - OTC - Form 1/Acknowledgement Ticked' is clicked on

2018-12-20 16:15:29 - [TEST_STEP][PASSED] - setText: Text 'perkeso162956354351@gmail.com' is set on object 'Object Repository/Final Object Repo/New Registration - Registration Module Pages/Form 1/Email'

2018-12-20 16:15:30 - [MESSAGE][PASSED] - Text 'perkeso162956354351@gmail.com' is set on object 'Object Repository/Final Object Repo/New Registration - Registration Module Pages/Form 1/Email'

2018-12-20 16:15:30 - [TEST_STEP][PASSED] - click: Object: 'Object Repository/Final Object Repo/New Registration - Registration Module Pages/New Reg - OTC to RO/Special Case - OTC - Form 1/Submit Button' is clicked on

2018-12-20 16:15:30 - [MESSAGE][PASSED] - Object: 'Object Repository/Final Object Repo/New Registration - Registration Module Pages/New Reg - OTC to RO/Special Case - OTC - Form 1/Submit Button' is clicked on

2018-12-20 16:15:30 - [TEST_STEP][PASSED] - callTestCase: Call Test Case 'Test Cases/Final Aug 2018 - PKS Automation/Registration Module/New Registration/Form 2/Add 1 Eligible - Employer Account Use' successfully

2018-12-20 16:15:30 - [TEST_CASE][PASSED] - Test Cases/Final Aug 2018 - PKS Automation/Registration Module/New Registration/Form 2/Add 1 Eligible - Employer Account Use: Test Cases/Final Aug 2018 - PKS Automation/Registration Module/New Registration/Form 2/Add 1 Eligible - Employer Account Use

2018-12-20 16:15:30 - [TEST_STEP][PASSED] - delay: Delayed 2 second(s)

2018-12-20 16:15:32 - [MESSAGE][PASSED] - Delayed 2 second(s)

2018-12-20 16:15:32 - [TEST_STEP][PASSED] - callTestCase: Call Test Case 'Test Cases/Final Aug 2018 - PKS Automation/Registration Module/New Registration/Form 2/Date Updater' successfully

2018-12-20 16:15:32 - [TEST_CASE][PASSED] - Test Cases/Final Aug 2018 - PKS Automation/Registration Module/New Registration/Form 2/Date Updater: Test Cases/Final Aug 2018 - PKS Automation/Registration Module/New Registration/Form 2/Date Updater

2018-12-20 16:15:33 - [TEST_STEP][PASSED] - Statement - TodayDate = new java.util.Date(): null

2018-12-20 16:15:33 - [TEST_STEP][PASSED] - Statement - CurrentDateNoFilter = new java.text.SimpleDateFormat(): null

2018-12-20 16:15:33 - [TEST_STEP][PASSED] - Statement - CurrentDateNoFilter.applyPattern("MM"): null

2018-12-20 16:15:33 - [TEST_STEP][PASSED] - Statement - monthContainerMatcher = java.lang.Integer.parseInt(CurrentDateNoFilter.format(TodayDate)): null

2018-12-20 16:15:33 - [TEST_STEP][PASSED] - Statement - monthContainerMatcher = monthContainerMatcher - 1: null

2018-12-20 16:15:33 - [TEST_STEP][PASSED] - Statement - CurrentMonth = monthContainerMatcher.toString(): null

2018-12-20 16:15:33 - [TEST_STEP][PASSED] - Statement - CurrentMonth = CurrentMonth: null

2018-12-20 16:15:33 - [TEST_STEP][PASSED] - Statement - CurrentDateNoFilter.applyPattern("yyyy"): null

2018-12-20 16:15:33 - [TEST_STEP][PASSED] - Statement - CurrentYear = CurrentDateNoFilter.format(TodayDate): null

2018-12-20 16:15:33 - [TEST_STEP][PASSED] - Statement - CurrentYear = CurrentYear: null

2018-12-20 16:15:33 - [TEST_STEP][PASSED] - Statement - intCurrentYear = java.lang.Integer.parseInt(CurrentDateNoFilter.format(TodayDate)): null

2018-12-20 16:15:33 - [TEST_STEP][PASSED] - Statement - eighteenYrsAgo = intCurrentYear - 18: null

2018-12-20 16:15:33 - [TEST_STEP][PASSED] - Statement - eighteenYrsBeforeThisYr = eighteenYrsAgo.toString(): null

2018-12-20 16:15:33 - [TEST_STEP][PASSED] - Statement - EighteenYrsBefore = eighteenYrsBeforeThisYr: null

2018-12-20 16:15:33 - [TEST_STEP][PASSED] - Statement - fiftysevenYrsAgo = intCurrentYear - 57: null

2018-12-20 16:15:33 - [TEST_STEP][PASSED] - Statement - fiftysevenYrsBeforeThisYr = fiftysevenYrsAgo.toString(): null

2018-12-20 16:15:33 - [TEST_STEP][PASSED] - Statement - FiftysevenYrsBefore = fiftysevenYrsBeforeThisYr: null

2018-12-20 16:15:33 - [TEST_STEP][PASSED] - Statement - leapYear = false: null

2018-12-20 16:15:33 - [TEST_STEP][PASSED] - Statement - leapYear = intCurrentYear % 4 == 0: null

2018-12-20 16:15:33 - [TEST_STEP][PASSED] - Statement - CurrentDateNoFilter.applyPattern("dd"): null

2018-12-20 16:15:33 - [TEST_STEP][PASSED] - Statement - CurrentDate = CurrentDateNoFilter.format(TodayDate): null

2018-12-20 16:15:33 - [TEST_STEP][PASSED] - Statement - CurrentDate = java.lang.Integer.parseInt(CurrentDate): null

2018-12-20 16:15:33 - [TEST_STEP][PASSED] - Statement - CurrentDate = CurrentDate: null

2018-12-20 16:15:33 - [TEST_STEP][PASSED] - Statement - CurrentDay = java.lang.Integer.parseInt(CurrentDate): null

2018-12-20 16:15:33 - [TEST_STEP][PASSED] - Statement - ConfAdder = <not implemented yet for class: org.codehaus.groovy.ast.expr.EmptyExpression>: null

2018-12-20 16:15:33 - [TEST_STEP][PASSED] - Statement - out.println(CurrentMonth): null

2018-12-20 16:15:33 - [TEST_STEP][PASSED] - Statement - out.println(CurrentDate): null

2018-12-20 16:15:33 - [TEST_STEP][PASSED] - Statement - switch (CurrentDate): null

2018-12-20 16:15:33 - [TEST_STEP][PASSED] - Statement - Default: null

2018-12-20 16:15:33 - [TEST_STEP][PASSED] - Statement - ConfAdder = true: null

2018-12-20 16:15:33 - [TEST_STEP][PASSED] - Statement - Break: null

2018-12-20 16:15:33 - [TEST_STEP][PASSED] - Statement - aDayBefore = <not implemented yet for class: org.codehaus.groovy.ast.expr.EmptyExpression>: null

2018-12-20 16:15:33 - [TEST_STEP][PASSED] - Statement - out.println(ConfAdder): null

2018-12-20 16:15:33 - [TEST_STEP][PASSED] - Statement - If (ConfAdder == true): null

2018-12-20 16:15:33 - [TEST_STEP][PASSED] - Statement - aDayBefore = CurrentDay + 1: null

2018-12-20 16:15:33 - [TEST_STEP][PASSED] - Statement - out.println(aDayBefore): null

2018-12-20 16:15:33 - [TEST_STEP][PASSED] - Statement - If (aDayBefore == 1 && CurrentMonth == 11): null

2018-12-20 16:15:33 - [TEST_STEP][PASSED] - Statement - DayBefore = aDayBefore.toString(): null

2018-12-20 16:15:33 - [TEST_STEP][PASSED] - Statement - OneDayBefore = DayBefore: null

2018-12-20 16:15:33 - [MESSAGE][PASSED] - Call Test Case 'Test Cases/Final Aug 2018 - PKS Automation/Registration Module/New Registration/Form 2/Date Updater' successfully

2018-12-20 16:15:33 - [TEST_STEP][PASSED] - delay: Delayed 1 second(s)

2018-12-20 16:15:34 - [MESSAGE][PASSED] - Delayed 1 second(s)

2018-12-20 16:15:34 - [TEST_STEP][PASSED] - Statement - CaseReferenceNo = com.kms.katalon.core.webui.keyword.WebUiBuiltInKeywords.getText(com.kms.katalon.core.testobject.ObjectRepository.findTestObject(Final Object Repo/New Registration - Registration Module Pages/Form 2/RefNo Acquiring)): Text of object 'Object Repository/Final Object Repo/New Registration - Registration Module Pages/Form 2/RefNo Acquiring' is: 'CRN12201800123409'

2018-12-20 16:15:34 - [MESSAGE][PASSED] - Text of object 'Object Repository/Final Object Repo/New Registration - Registration Module Pages/Form 2/RefNo Acquiring' is: 'CRN12201800123409'

2018-12-20 16:15:34 - [TEST_STEP][PASSED] - delay: Delayed 1 second(s)

2018-12-20 16:15:35 - [MESSAGE][PASSED] - Delayed 1 second(s)

2018-12-20 16:15:35 - [TEST_STEP][PASSED] - click: Object: 'Object Repository/Final Object Repo/New Registration - Registration Module Pages/Form 2/Add Employee Button' is clicked on

2018-12-20 16:15:36 - [MESSAGE][PASSED] - Object: 'Object Repository/Final Object Repo/New Registration - Registration Module Pages/Form 2/Add Employee Button' is clicked on

2018-12-20 16:15:36 - [TEST_STEP][PASSED] - delay: Delayed 1 second(s)

2018-12-20 16:15:37 - [MESSAGE][PASSED] - Delayed 1 second(s)

2018-12-20 16:15:37 - [TEST_STEP][PASSED] - setText: Text '010903091948' is set on object 'Object Repository/Final Object Repo/New Registration - Registration Module Pages/Form 2/NRIC Input'

2018-12-20 16:15:37 - [MESSAGE][PASSED] - Text '010903091948' is set on object 'Object Repository/Final Object Repo/New Registration - Registration Module Pages/Form 2/NRIC Input'

2018-12-20 16:15:37 - [TEST_STEP][PASSED] - delay: Delayed 2 second(s)

2018-12-20 16:15:39 - [MESSAGE][PASSED] - Delayed 2 second(s)

2018-12-20 16:15:39 - [TEST_STEP][PASSED] - setText: Text 'Automate001 eligible 1' is set on object 'Object Repository/Final Object Repo/New Registration - Registration Module Pages/Form 2/Employee Name Input'

2018-12-20 16:15:39 - [MESSAGE][PASSED] - Text 'Automate001 eligible 1' is set on object 'Object Repository/Final Object Repo/New Registration - Registration Module Pages/Form 2/Employee Name Input'

2018-12-20 16:15:39 - [TEST_STEP][PASSED] - delay: Delayed 2 second(s)

2018-12-20 16:15:41 - [MESSAGE][PASSED] - Delayed 2 second(s)

2018-12-20 16:15:41 - [TEST_STEP][PASSED] - click: Object: 'Object Repository/Final Object Repo/New Registration - Registration Module Pages/Form 2/DatePicker Pop Up' is clicked on

2018-12-20 16:15:42 - [MESSAGE][PASSED] - Object: 'Object Repository/Final Object Repo/New Registration - Registration Module Pages/Form 2/DatePicker Pop Up' is clicked on

2018-12-20 16:15:42 - [TEST_STEP][PASSED] - click: Object: 'Object Repository/Final Object Repo/New Registration - Registration Module Pages/Form 2/DOB Month' is clicked on

2018-12-20 16:15:42 - [MESSAGE][PASSED] - Object: 'Object Repository/Final Object Repo/New Registration - Registration Module Pages/Form 2/DOB Month' is clicked on

2018-12-20 16:15:42 - [TEST_STEP][PASSED] - Statement - CurrentMonth = CurrentMonth: null

2018-12-20 16:15:42 - [TEST_STEP][PASSED] - Statement - selectMonth = new com.kms.katalon.core.testobject.TestObject(): null

2018-12-20 16:15:42 - [TEST_STEP][PASSED] - Statement - selectMonth.addProperty("xpath", EQUALS, "//body/div/div/div/select/option[@value='" + CurrentMonth + "']", true): null

2018-12-20 16:15:42 - [TEST_STEP][PASSED] - click: Object: '' is clicked on

2018-12-20 16:15:42 - [MESSAGE][PASSED] - Object: '' is clicked on

2018-12-20 16:15:42 - [TEST_STEP][PASSED] - click: Object: 'Object Repository/Final Object Repo/New Registration - Registration Module Pages/Form 2/DOB Year' is clicked on

2018-12-20 16:15:42 - [MESSAGE][PASSED] - Object: 'Object Repository/Final Object Repo/New Registration - Registration Module Pages/Form 2/DOB Year' is clicked on

2018-12-20 16:15:42 - [TEST_STEP][PASSED] - Statement - Eyearsbf = EighteenYrsBefore: null

2018-12-20 16:15:42 - [TEST_STEP][PASSED] - Statement - selectYear = new com.kms.katalon.core.testobject.TestObject(): null

2018-12-20 16:15:42 - [TEST_STEP][PASSED] - Statement - selectYear.addProperty("xpath", EQUALS, "//div/div/div/select/option[@value='" + Eyearsbf + "']", true): null

2018-12-20 16:15:42 - [TEST_STEP][PASSED] - click: Object: '' is clicked on

2018-12-20 16:15:42 - [MESSAGE][PASSED] - Object: '' is clicked on

2018-12-20 16:15:42 - [TEST_STEP][PASSED] - Statement - UpdatedSelectDate = com.kms.katalon.core.webui.keyword.WebUiBuiltInKeywords.modifyObjectProperty(com.kms.katalon.core.testobject.ObjectRepository.findTestObject(Final Object Repo/New Registration - Registration Module Pages/Form 2/DOB Date), "xpath", "equals", "//body/div/table/tbody/tr/td/a[text()="" + CurrentDate + ""]", true): Modify property of object successfully

2018-12-20 16:15:42 - [MESSAGE][PASSED] - Modify property of object successfully

2018-12-20 16:15:42 - [TEST_STEP][PASSED] - delay: Delayed 3 second(s)

2018-12-20 16:15:45 - [MESSAGE][PASSED] - Delayed 3 second(s)

2018-12-20 16:15:45 - [TEST_STEP][PASSED] - click: Object: 'Object Repository/Final Object Repo/New Registration - Registration Module Pages/Form 2/DOB Date' is clicked on

2018-12-20 16:15:46 - [MESSAGE][PASSED] - Object: 'Object Repository/Final Object Repo/New Registration - Registration Module Pages/Form 2/DOB Date' is clicked on

2018-12-20 16:15:46 - [TEST_STEP][PASSED] - delay: Delayed 2 second(s)

2018-12-20 16:15:48 - [MESSAGE][PASSED] - Delayed 2 second(s)

2018-12-20 16:15:48 - [TEST_STEP][PASSED] - click: Object: 'Object Repository/Final Object Repo/New Registration - Registration Module Pages/Form 2/EmploymentStartDate Pop Up' is clicked on

2018-12-20 16:15:48 - [MESSAGE][PASSED] - Object: 'Object Repository/Final Object Repo/New Registration - Registration Module Pages/Form 2/EmploymentStartDate Pop Up' is clicked on

2018-12-20 16:15:48 - [TEST_STEP][PASSED] - delay: Delayed 2 second(s)

2018-12-20 16:15:50 - [MESSAGE][PASSED] - Delayed 2 second(s)

2018-12-20 16:15:50 - [TEST_STEP][PASSED] - click: Object: 'Object Repository/Final Object Repo/New Registration - Registration Module Pages/Form 2/Socso Employment StartDate Month' is clicked on

2018-12-20 16:15:50 - [MESSAGE][PASSED] - Object: 'Object Repository/Final Object Repo/New Registration - Registration Module Pages/Form 2/Socso Employment StartDate Month' is clicked on

2018-12-20 16:15:50 - [TEST_STEP][PASSED] - delay: Delayed 1 second(s)

2018-12-20 16:15:51 - [MESSAGE][PASSED] - Delayed 1 second(s)

2018-12-20 16:15:51 - [TEST_STEP][PASSED] - click: Object: 'Object Repository/Final Object Repo/New Registration - Registration Module Pages/Form 2/Select Socso Employement Startdate Month' is clicked on

2018-12-20 16:15:51 - [MESSAGE][PASSED] - Object: 'Object Repository/Final Object Repo/New Registration - Registration Module Pages/Form 2/Select Socso Employement Startdate Month' is clicked on

2018-12-20 16:15:51 - [TEST_STEP][PASSED] - delay: Delayed 2 second(s)

2018-12-20 16:15:53 - [MESSAGE][PASSED] - Delayed 2 second(s)

2018-12-20 16:15:53 - [TEST_STEP][PASSED] - click: Object: 'Object Repository/Final Object Repo/New Registration - Registration Module Pages/Form 2/Socso Employment StartDate Year' is clicked on

2018-12-20 16:15:53 - [MESSAGE][PASSED] - Object: 'Object Repository/Final Object Repo/New Registration - Registration Module Pages/Form 2/Socso Employment StartDate Year' is clicked on

2018-12-20 16:15:53 - [TEST_STEP][PASSED] - delay: Delayed 1 second(s)

2018-12-20 16:15:54 - [MESSAGE][PASSED] - Delayed 1 second(s)

2018-12-20 16:15:54 - [TEST_STEP][PASSED] - click: Object: 'Object Repository/Final Object Repo/New Registration - Registration Module Pages/Form 2/Select Socso Employment Startdate Year' is clicked on

2018-12-20 16:15:55 - [MESSAGE][PASSED] - Object: 'Object Repository/Final Object Repo/New Registration - Registration Module Pages/Form 2/Select Socso Employment Startdate Year' is clicked on

2018-12-20 16:15:55 - [TEST_STEP][PASSED] - delay: Delayed 2 second(s)

2018-12-20 16:15:57 - [MESSAGE][PASSED] - Delayed 2 second(s)

2018-12-20 16:15:57 - [TEST_STEP][PASSED] - click: Object: 'Object Repository/Final Object Repo/New Registration - Registration Module Pages/Form 2/Socso Employment Start Date Day' is clicked on

2018-12-20 16:15:57 - [MESSAGE][PASSED] - Object: 'Object Repository/Final Object Repo/New Registration - Registration Module Pages/Form 2/Socso Employment Start Date Day' is clicked on

2018-12-20 16:15:57 - [TEST_STEP][PASSED] - delay: Delayed 2 second(s)

2018-12-20 16:15:59 - [MESSAGE][PASSED] - Delayed 2 second(s)

2018-12-20 16:15:59 - [TEST_STEP][PASSED] - click: Object: 'Object Repository/Final Object Repo/New Registration - Registration Module Pages/Form 2/Save Button for Add Employee' is clicked on

2018-12-20 16:15:59 - [MESSAGE][PASSED] - Object: 'Object Repository/Final Object Repo/New Registration - Registration Module Pages/Form 2/Save Button for Add Employee' is clicked on

2018-12-20 16:15:59 - [TEST_STEP][PASSED] - delay: Delayed 6 second(s)

2018-12-20 16:16:05 - [MESSAGE][PASSED] - Delayed 6 second(s)

2018-12-20 16:16:05 - [TEST_STEP][PASSED] - click: Object: 'Object Repository/Final Object Repo/New Registration - Registration Module Pages/Form 2/Save and Continue Form 2' is clicked on

2018-12-20 16:16:05 - [MESSAGE][PASSED] - Object: 'Object Repository/Final Object Repo/New Registration - Registration Module Pages/Form 2/Save and Continue Form 2' is clicked on

2018-12-20 16:16:05 - [MESSAGE][PASSED] - Call Test Case 'Test Cases/Final Aug 2018 - PKS Automation/Registration Module/New Registration/Form 2/Add 1 Eligible - Employer Account Use' successfully

2018-12-20 16:16:05 - [TEST_STEP][PASSED] - callTestCase: Call Test Case 'Test Cases/Final Aug 2018 - PKS Automation/Registration Module/New Registration/Flow of New Registration/Third Screen - Upload Supporting Doc - Preview' successfully

2018-12-20 16:16:05 - [TEST_CASE][PASSED] - Test Cases/Final Aug 2018 - PKS Automation/Registration Module/New Registration/Flow of New Registration/Third Screen - Upload Supporting Doc - Preview: Test Cases/Final Aug 2018 - PKS Automation/Registration Module/New Registration/Flow of New Registration/Third Screen - Upload Supporting Doc - Preview

2018-12-20 16:16:06 - [TEST_STEP][PASSED] - waitForPageLoad: Wait for page load successfully

2018-12-20 16:16:06 - [MESSAGE][PASSED] - Wait for page load successfully

2018-12-20 16:16:06 - [TEST_STEP][PASSED] - Statement - CaseReferenceNo = com.kms.katalon.core.webui.keyword.WebUiBuiltInKeywords.getText(com.kms.katalon.core.testobject.ObjectRepository.findTestObject(Final Object Repo/New Registration - Registration Module Pages/Third Screen - Upload Supporting Doc- Preview/RefNo Acquiring)): Text of object 'Object Repository/Final Object Repo/New Registration - Registration Module Pages/Third Screen - Upload Supporting Doc- Preview/RefNo Acquiring' is: 'CRN12201800123409'

2018-12-20 16:16:06 - [MESSAGE][PASSED] - Text of object 'Object Repository/Final Object Repo/New Registration - Registration Module Pages/Third Screen - Upload Supporting Doc- Preview/RefNo Acquiring' is: 'CRN12201800123409'

2018-12-20 16:16:06 - [TEST_STEP][PASSED] - delay: Delayed 2 second(s)

2018-12-20 16:16:08 - [MESSAGE][PASSED] - Delayed 2 second(s)

2018-12-20 16:16:08 - [TEST_STEP][PASSED] - callTestCase: Call Test Case 'Test Cases/Final Aug 2018 - PKS Automation/Common/Reference Number Setter' successfully

2018-12-20 16:16:08 - [TEST_CASE][PASSED] - Test Cases/Final Aug 2018 - PKS Automation/Common/Reference Number Setter: Test Cases/Final Aug 2018 - PKS Automation/Common/Reference Number Setter

2018-12-20 16:16:09 - [TEST_STEP][PASSED] - Statement - RefNoOldFile = new java.io.File(C://Users//Admin//Desktop//PKS//Automation Reference Point//KatalonReference.txt): null

2018-12-20 16:16:09 - [TEST_STEP][PASSED] - Statement - RefNoOldFile.delete(): null

2018-12-20 16:16:09 - [TEST_STEP][PASSED] - delay: Delayed 5 second(s)

2018-12-20 16:16:14 - [MESSAGE][PASSED] - Delayed 5 second(s)

2018-12-20 16:16:14 - [TEST_STEP][PASSED] - Statement - RefNo = new java.io.File(C://Users//Admin//Desktop//PKS//Automation Reference Point//KatalonReference.txt): null

2018-12-20 16:16:14 - [TEST_STEP][PASSED] - Statement - f2 = new java.io.FileWriter(RefNo, false): null

2018-12-20 16:16:14 - [TEST_STEP][PASSED] - Statement - f2.write(CaseReferenceNo): null

2018-12-20 16:16:14 - [TEST_STEP][PASSED] - Statement - f2.close(): null

2018-12-20 16:16:14 - [TEST_STEP][PASSED] - Statement - out.println("


" + CaseReferenceNo + "


"): null

2018-12-20 16:16:14 - [MESSAGE][PASSED] - Call Test Case 'Test Cases/Final Aug 2018 - PKS Automation/Common/Reference Number Setter' successfully

2018-12-20 16:16:14 - [TEST_STEP][PASSED] - waitForElementClickable: Object 'Object Repository/Final Object Repo/New Registration - Registration Module Pages/Third Screen - Upload Supporting Doc- Preview/Save n Continue in SIP Employee Listing Page' is clickable

2018-12-20 16:16:14 - [MESSAGE][PASSED] - Object 'Object Repository/Final Object Repo/New Registration - Registration Module Pages/Third Screen - Upload Supporting Doc- Preview/Save n Continue in SIP Employee Listing Page' is clickable

2018-12-20 16:16:14 - [TEST_STEP][PASSED] - click: Object: 'Object Repository/Final Object Repo/New Registration - Registration Module Pages/Third Screen - Upload Supporting Doc- Preview/Save n Continue in SIP Employee Listing Page' is clicked on

2018-12-20 16:16:19 - [MESSAGE][PASSED] - Object: 'Object Repository/Final Object Repo/New Registration - Registration Module Pages/Third Screen - Upload Supporting Doc- Preview/Save n Continue in SIP Employee Listing Page' is clicked on

2018-12-20 16:16:19 - [TEST_STEP][PASSED] - delay: Delayed 7 second(s)

2018-12-20 16:16:26 - [MESSAGE][PASSED] - Delayed 7 second(s)

2018-12-20 16:16:26 - [TEST_STEP][PASSED] - click: Object: 'Object Repository/Final Object Repo/New Registration - Registration Module Pages/Third Screen - Upload Supporting Doc- Preview/Add Document Button' is clicked on

2018-12-20 16:16:26 - [MESSAGE][PASSED] - Object: 'Object Repository/Final Object Repo/New Registration - Registration Module Pages/Third Screen - Upload Supporting Doc- Preview/Add Document Button' is clicked on

2018-12-20 16:16:26 - [TEST_STEP][PASSED] - delay: Delayed 30 second(s)

2018-12-20 16:16:56 - [MESSAGE][PASSED] - Delayed 30 second(s)

2018-12-20 16:16:56 - [TEST_STEP][PASSED] - click: Object: 'Object Repository/Final Object Repo/New Registration - Registration Module Pages/Third Screen - Upload Supporting Doc- Preview/Supporting Doc Please Select Drop Down' is clicked on

2018-12-20 16:16:56 - [MESSAGE][PASSED] - Object: 'Object Repository/Final Object Repo/New Registration - Registration Module Pages/Third Screen - Upload Supporting Doc- Preview/Supporting Doc Please Select Drop Down' is clicked on

2018-12-20 16:16:56 - [TEST_STEP][PASSED] - delay: Delayed 2 second(s)

2018-12-20 16:16:58 - [MESSAGE][PASSED] - Delayed 2 second(s)

2018-12-20 16:16:58 - [TEST_STEP][PASSED] - click: Object: 'Object Repository/Final Object Repo/New Registration - Registration Module Pages/Third Screen - Upload Supporting Doc- Preview/Select to Upload Form 1' is clicked on

2018-12-20 16:16:59 - [MESSAGE][PASSED] - Object: 'Object Repository/Final Object Repo/New Registration - Registration Module Pages/Third Screen - Upload Supporting Doc- Preview/Select to Upload Form 1' is clicked on

2018-12-20 16:16:59 - [TEST_STEP][PASSED] - delay: Delayed 2 second(s)

2018-12-20 16:17:01 - [MESSAGE][PASSED] - Delayed 2 second(s)

2018-12-20 16:17:01 - [TEST_STEP][PASSED] - uploadFile: File 'C:\Users\Public\Pictures\Sample Pictures\Koala.jpg' sent to object: 'Object Repository/Final Object Repo/New Registration - Registration Module Pages/Third Screen - Upload Supporting Doc- Preview/Upload File Adding'

2018-12-20 16:17:01 - [MESSAGE][PASSED] - File 'C:\Users\Public\Pictures\Sample Pictures\Koala.jpg' sent to object: 'Object Repository/Final Object Repo/New Registration - Registration Module Pages/Third Screen - Upload Supporting Doc- Preview/Upload File Adding'

2018-12-20 16:17:01 - [TEST_STEP][PASSED] - delay: Delayed 5 second(s)

2018-12-20 16:17:06 - [MESSAGE][PASSED] - Delayed 5 second(s)

2018-12-20 16:17:06 - [TEST_STEP][PASSED] - click: Object: 'Object Repository/Final Object Repo/New Registration - Registration Module Pages/Third Screen - Upload Supporting Doc- Preview/Inner Form Add Document Button' is clicked on

2018-12-20 16:17:06 - [MESSAGE][PASSED] - Object: 'Object Repository/Final Object Repo/New Registration - Registration Module Pages/Third Screen - Upload Supporting Doc- Preview/Inner Form Add Document Button' is clicked on

2018-12-20 16:17:06 - [TEST_STEP][PASSED] - delay: Delayed 3 second(s)

2018-12-20 16:17:09 - [MESSAGE][PASSED] - Delayed 3 second(s)

2018-12-20 16:17:09 - [TEST_STEP][PASSED] - click: Object: 'Object Repository/Final Object Repo/New Registration - Registration Module Pages/Third Screen - Upload Supporting Doc- Preview/Add Document Button' is clicked on

2018-12-20 16:17:10 - [MESSAGE][PASSED] - Object: 'Object Repository/Final Object Repo/New Registration - Registration Module Pages/Third Screen - Upload Supporting Doc- Preview/Add Document Button' is clicked on

2018-12-20 16:17:10 - [TEST_STEP][PASSED] - delay: Delayed 30 second(s)

2018-12-20 16:17:40 - [MESSAGE][PASSED] - Delayed 30 second(s)

2018-12-20 16:17:40 - [TEST_STEP][PASSED] - click: Object: 'Object Repository/Final Object Repo/New Registration - Registration Module Pages/Third Screen - Upload Supporting Doc- Preview/Supporting Doc Please Select Drop Down' is clicked on

2018-12-20 16:17:40 - [MESSAGE][PASSED] - Object: 'Object Repository/Final Object Repo/New Registration - Registration Module Pages/Third Screen - Upload Supporting Doc- Preview/Supporting Doc Please Select Drop Down' is clicked on

2018-12-20 16:17:41 - [TEST_STEP][PASSED] - delay: Delayed 4 second(s)

2018-12-20 16:17:45 - [MESSAGE][PASSED] - Delayed 4 second(s)

2018-12-20 16:17:45 - [TEST_STEP][PASSED] - click: Object: 'Object Repository/Final Object Repo/New Registration - Registration Module Pages/Third Screen - Upload Supporting Doc- Preview/Select to Upload Form 2' is clicked on

2018-12-20 16:17:45 - [MESSAGE][PASSED] - Object: 'Object Repository/Final Object Repo/New Registration - Registration Module Pages/Third Screen - Upload Supporting Doc- Preview/Select to Upload Form 2' is clicked on

2018-12-20 16:17:45 - [TEST_STEP][PASSED] - delay: Delayed 2 second(s)

2018-12-20 16:17:47 - [MESSAGE][PASSED] - Delayed 2 second(s)

2018-12-20 16:17:47 - [TEST_STEP][PASSED] - uploadFile: File 'C:\Users\Public\Pictures\Sample Pictures\Koala.jpg' sent to object: 'Object Repository/Final Object Repo/New Registration - Registration Module Pages/Third Screen - Upload Supporting Doc- Preview/Upload File Adding'

2018-12-20 16:17:47 - [MESSAGE][PASSED] - File 'C:\Users\Public\Pictures\Sample Pictures\Koala.jpg' sent to object: 'Object Repository/Final Object Repo/New Registration - Registration Module Pages/Third Screen - Upload Supporting Doc- Preview/Upload File Adding'

2018-12-20 16:17:47 - [TEST_STEP][PASSED] - click: Object: 'Object Repository/Final Object Repo/New Registration - Registration Module Pages/Third Screen - Upload Supporting Doc- Preview/Inner Form Add Document Button' is clicked on

2018-12-20 16:17:47 - [MESSAGE][PASSED] - Object: 'Object Repository/Final Object Repo/New Registration - Registration Module Pages/Third Screen - Upload Supporting Doc- Preview/Inner Form Add Document Button' is clicked on

2018-12-20 16:17:47 - [TEST_STEP][PASSED] - delay: Delayed 5 second(s)

2018-12-20 16:17:52 - [MESSAGE][PASSED] - Delayed 5 second(s)

2018-12-20 16:17:52 - [TEST_STEP][PASSED] - click: Object: 'Object Repository/Final Object Repo/New Registration - Registration Module Pages/Third Screen - Upload Supporting Doc- Preview/Add Document Button' is clicked on

2018-12-20 16:17:52 - [MESSAGE][PASSED] - Object: 'Object Repository/Final Object Repo/New Registration - Registration Module Pages/Third Screen - Upload Supporting Doc- Preview/Add Document Button' is clicked on

2018-12-20 16:17:52 - [TEST_STEP][PASSED] - delay: Delayed 30 second(s)

2018-12-20 16:18:22 - [MESSAGE][PASSED] - Delayed 30 second(s)

2018-12-20 16:18:22 - [TEST_STEP][PASSED] - click: Object: 'Object Repository/Final Object Repo/New Registration - Registration Module Pages/Third Screen - Upload Supporting Doc- Preview/Supporting Doc Please Select Drop Down' is clicked on

2018-12-20 16:18:22 - [MESSAGE][PASSED] - Object: 'Object Repository/Final Object Repo/New Registration - Registration Module Pages/Third Screen - Upload Supporting Doc- Preview/Supporting Doc Please Select Drop Down' is clicked on

2018-12-20 16:18:22 - [TEST_STEP][PASSED] - click: Object: 'Object Repository/Final Object Repo/New Registration - Registration Module Pages/Third Screen - Upload Supporting Doc- Preview/Select to Upload Borang SIP 1' is clicked on

2018-12-20 16:18:23 - [MESSAGE][PASSED] - Object: 'Object Repository/Final Object Repo/New Registration - Registration Module Pages/Third Screen - Upload Supporting Doc- Preview/Select to Upload Borang SIP 1' is clicked on

2018-12-20 16:18:23 - [TEST_STEP][PASSED] - delay: Delayed 2 second(s)

2018-12-20 16:18:25 - [MESSAGE][PASSED] - Delayed 2 second(s)

2018-12-20 16:18:25 - [TEST_STEP][PASSED] - uploadFile: File 'C:\Users\Public\Pictures\Sample Pictures\Koala.jpg' sent to object: 'Object Repository/Final Object Repo/New Registration - Registration Module Pages/Third Screen - Upload Supporting Doc- Preview/Upload File Adding'

2018-12-20 16:18:25 - [MESSAGE][PASSED] - File 'C:\Users\Public\Pictures\Sample Pictures\Koala.jpg' sent to object: 'Object Repository/Final Object Repo/New Registration - Registration Module Pages/Third Screen - Upload Supporting Doc- Preview/Upload File Adding'

2018-12-20 16:18:25 - [TEST_STEP][PASSED] - click: Object: 'Object Repository/Final Object Repo/New Registration - Registration Module Pages/Third Screen - Upload Supporting Doc- Preview/Inner Form Add Document Button' is clicked on

2018-12-20 16:18:25 - [MESSAGE][PASSED] - Object: 'Object Repository/Final Object Repo/New Registration - Registration Module Pages/Third Screen - Upload Supporting Doc- Preview/Inner Form Add Document Button' is clicked on

2018-12-20 16:18:25 - [TEST_STEP][PASSED] - delay: Delayed 5 second(s)

2018-12-20 16:18:30 - [MESSAGE][PASSED] - Delayed 5 second(s)

2018-12-20 16:18:30 - [TEST_STEP][PASSED] - click: Object: 'Object Repository/Final Object Repo/New Registration - Registration Module Pages/Third Screen - Upload Supporting Doc- Preview/Add Document Button' is clicked on

2018-12-20 16:18:30 - [MESSAGE][PASSED] - Object: 'Object Repository/Final Object Repo/New Registration - Registration Module Pages/Third Screen - Upload Supporting Doc- Preview/Add Document Button' is clicked on

2018-12-20 16:18:30 - [TEST_STEP][PASSED] - delay: Delayed 30 second(s)

2018-12-20 16:19:00 - [MESSAGE][PASSED] - Delayed 30 second(s)

2018-12-20 16:19:00 - [TEST_STEP][PASSED] - click: Object: 'Object Repository/Final Object Repo/New Registration - Registration Module Pages/Third Screen - Upload Supporting Doc- Preview/Supporting Doc Please Select Drop Down' is clicked on

2018-12-20 16:19:00 - [MESSAGE][PASSED] - Object: 'Object Repository/Final Object Repo/New Registration - Registration Module Pages/Third Screen - Upload Supporting Doc- Preview/Supporting Doc Please Select Drop Down' is clicked on

2018-12-20 16:19:00 - [TEST_STEP][PASSED] - delay: Delayed 3 second(s)

2018-12-20 16:19:03 - [MESSAGE][PASSED] - Delayed 3 second(s)

2018-12-20 16:19:03 - [TEST_STEP][PASSED] - click: Object: 'Object Repository/Final Object Repo/New Registration - Registration Module Pages/Third Screen - Upload Supporting Doc- Preview/Select to Upload Borang SIP 2' is clicked on

2018-12-20 16:19:04 - [MESSAGE][PASSED] - Object: 'Object Repository/Final Object Repo/New Registration - Registration Module Pages/Third Screen - Upload Supporting Doc- Preview/Select to Upload Borang SIP 2' is clicked on

2018-12-20 16:19:04 - [TEST_STEP][PASSED] - delay: Delayed 2 second(s)

2018-12-20 16:19:06 - [MESSAGE][PASSED] - Delayed 2 second(s)

2018-12-20 16:19:06 - [TEST_STEP][PASSED] - uploadFile: File 'C:\Users\Public\Pictures\Sample Pictures\Koala.jpg' sent to object: 'Object Repository/Final Object Repo/New Registration - Registration Module Pages/Third Screen - Upload Supporting Doc- Preview/Upload File Adding'

2018-12-20 16:19:06 - [MESSAGE][PASSED] - File 'C:\Users\Public\Pictures\Sample Pictures\Koala.jpg' sent to object: 'Object Repository/Final Object Repo/New Registration - Registration Module Pages/Third Screen - Upload Supporting Doc- Preview/Upload File Adding'

2018-12-20 16:19:06 - [TEST_STEP][PASSED] - delay: Delayed 5 second(s)

2018-12-20 16:19:11 - [MESSAGE][PASSED] - Delayed 5 second(s)

2018-12-20 16:19:11 - [TEST_STEP][PASSED] - click: Object: 'Object Repository/Final Object Repo/New Registration - Registration Module Pages/Third Screen - Upload Supporting Doc- Preview/Inner Form Add Document Button' is clicked on

2018-12-20 16:19:11 - [MESSAGE][PASSED] - Object: 'Object Repository/Final Object Repo/New Registration - Registration Module Pages/Third Screen - Upload Supporting Doc- Preview/Inner Form Add Document Button' is clicked on

2018-12-20 16:19:11 - [TEST_STEP][PASSED] - delay: Delayed 3 second(s)

2018-12-20 16:19:14 - [MESSAGE][PASSED] - Delayed 3 second(s)

2018-12-20 16:19:14 - [TEST_STEP][PASSED] - waitForElementClickable: Object 'Object Repository/Final Object Repo/New Registration - Registration Module Pages/Third Screen - Upload Supporting Doc- Preview/Save n Continue in Uploading Supporting Doc Page' is clickable

2018-12-20 16:19:16 - [MESSAGE][PASSED] - Object 'Object Repository/Final Object Repo/New Registration - Registration Module Pages/Third Screen - Upload Supporting Doc- Preview/Save n Continue in Uploading Supporting Doc Page' is clickable

2018-12-20 16:19:16 - [TEST_STEP][PASSED] - click: Object: 'Object Repository/Final Object Repo/New Registration - Registration Module Pages/Third Screen - Upload Supporting Doc- Preview/Save n Continue in Uploading Supporting Doc Page' is clicked on

2018-12-20 16:19:16 - [MESSAGE][PASSED] - Object: 'Object Repository/Final Object Repo/New Registration - Registration Module Pages/Third Screen - Upload Supporting Doc- Preview/Save n Continue in Uploading Supporting Doc Page' is clicked on

2018-12-20 16:19:16 - [MESSAGE][PASSED] - Call Test Case 'Test Cases/Final Aug 2018 - PKS Automation/Registration Module/New Registration/Flow of New Registration/Third Screen - Upload Supporting Doc - Preview' successfully

2018-12-20 16:19:16 - [TEST_STEP][PASSED] - setText: Text 'Tester' is set on object 'Object Repository/Final Object Repo/New Registration - Registration Module Pages/New Reg - OTC to RO/Special Case - All Related Objects/Employer Preview Name'

2018-12-20 16:19:20 - [MESSAGE][PASSED] - Text 'Tester' is set on object 'Object Repository/Final Object Repo/New Registration - Registration Module Pages/New Reg - OTC to RO/Special Case - All Related Objects/Employer Preview Name'

2018-12-20 16:19:20 - [TEST_STEP][PASSED] - click: Object: 'Object Repository/Final Object Repo/New Registration - Registration Module Pages/New Reg - OTC to RO/Special Case - All Related Objects/IC Type Drop Down' is clicked on

2018-12-20 16:19:20 - [MESSAGE][PASSED] - Object: 'Object Repository/Final Object Repo/New Registration - Registration Module Pages/New Reg - OTC to RO/Special Case - All Related Objects/IC Type Drop Down' is clicked on

2018-12-20 16:19:20 - [TEST_STEP][PASSED] - click: Object: 'Object Repository/Final Object Repo/New Registration - Registration Module Pages/New Reg - OTC to RO/Special Case - All Related Objects/Select to NRIC' is clicked on

2018-12-20 16:19:21 - [MESSAGE][PASSED] - Object: 'Object Repository/Final Object Repo/New Registration - Registration Module Pages/New Reg - OTC to RO/Special Case - All Related Objects/Select to NRIC' is clicked on

2018-12-20 16:19:21 - [TEST_STEP][PASSED] - setText: Text '133245561223' is set on object 'Object Repository/Final Object Repo/New Registration - Registration Module Pages/New Reg - OTC to RO/Special Case - All Related Objects/IC Value'

2018-12-20 16:19:21 - [MESSAGE][PASSED] - Text '133245561223' is set on object 'Object Repository/Final Object Repo/New Registration - Registration Module Pages/New Reg - OTC to RO/Special Case - All Related Objects/IC Value'

2018-12-20 16:19:21 - [TEST_STEP][PASSED] - setText: Text 'Auto' is set on object 'Object Repository/Final Object Repo/New Registration - Registration Module Pages/New Reg - OTC to RO/Special Case - All Related Objects/Designation'

2018-12-20 16:19:21 - [MESSAGE][PASSED] - Text 'Auto' is set on object 'Object Repository/Final Object Repo/New Registration - Registration Module Pages/New Reg - OTC to RO/Special Case - All Related Objects/Designation'

2018-12-20 16:19:21 - [TEST_STEP][PASSED] - callTestCase: Call Test Case 'Test Cases/Final Aug 2018 - PKS Automation/Registration Module/New Registration/Submit and Screenshot/Submit Registration and Screenshot - Copy' successfully

2018-12-20 16:19:21 - [TEST_CASE][PASSED] - Test Cases/Final Aug 2018 - PKS Automation/Registration Module/New Registration/Submit and Screenshot/Submit Registration and Screenshot - Copy: Test Cases/Final Aug 2018 - PKS Automation/Registration Module/New Registration/Submit and Screenshot/Submit Registration and Screenshot - Copy

2018-12-20 16:19:22 - [TEST_STEP][PASSED] - delay: Delayed 6 second(s)

2018-12-20 16:19:28 - [MESSAGE][PASSED] - Delayed 6 second(s)

2018-12-20 16:19:28 - [TEST_STEP][PASSED] - click: Object: 'Object Repository/Final Object Repo/New Registration - Registration Module Pages/Third Screen - Upload Supporting Doc- Preview/Preview Submit Button' is clicked on

2018-12-20 16:19:28 - [MESSAGE][PASSED] - Object: 'Object Repository/Final Object Repo/New Registration - Registration Module Pages/Third Screen - Upload Supporting Doc- Preview/Preview Submit Button' is clicked on

2018-12-20 16:19:28 - [TEST_STEP][PASSED] - delay: Delayed 2 second(s)

2018-12-20 16:19:30 - [MESSAGE][PASSED] - Delayed 2 second(s)

2018-12-20 16:19:30 - [TEST_STEP][PASSED] - click: Object: 'Object Repository/Final Object Repo/New Registration - Registration Module Pages/Third Screen - Upload Supporting Doc- Preview/Preview Submit - Confirm' is clicked on

2018-12-20 16:19:30 - [MESSAGE][PASSED] - Object: 'Object Repository/Final Object Repo/New Registration - Registration Module Pages/Third Screen - Upload Supporting Doc- Preview/Preview Submit - Confirm' is clicked on

2018-12-20 16:19:30 - [TEST_STEP][PASSED] - delay: Delayed 15 second(s)

2018-12-20 16:19:45 - [MESSAGE][PASSED] - Delayed 15 second(s)

2018-12-20 16:19:45 - [TEST_STEP][PASSED] - Statement - driver = com.kms.katalon.core.webui.driver.DriverFactory.getWebDriver(): null

2018-12-20 16:19:45 - [TEST_STEP][PASSED] - Statement - driver.manage().timeouts().implicitlyWait(10, SECONDS): null

2018-12-20 16:19:45 - [TEST_STEP][PASSED] - Statement - PresavePath = KatalonScreenshots: null

2018-12-20 16:19:45 - [TEST_STEP][PASSED] - Statement - pathPrefix = "C:\Users\Public\Pictures\Sample Pictures\Katalon Screenshots\Automate Ending Screen": null

2018-12-20 16:19:45 - [TEST_STEP][PASSED] - Statement - finalPath = <not implemented yet for class: org.codehaus.groovy.ast.expr.EmptyExpression>: null

2018-12-20 16:19:45 - [TEST_STEP][PASSED] - Statement - scrFile = driver.getScreenshotAs(FILE): null

2018-12-20 16:19:46 - [TEST_STEP][PASSED] - Statement - PreSaveFile = new java.io.File(PresavePath): null

2018-12-20 16:19:46 - [TEST_STEP][PASSED] - Statement - counter = 0: null

2018-12-20 16:19:46 - [TEST_STEP][PASSED] - Statement - If (PreSaveFile.exists()): null

2018-12-20 16:19:46 - [TEST_STEP][PASSED] - Statement - While (PreSaveFile.exists()): null

2018-12-20 16:19:46 - [TEST_STEP][PASSED] - Statement - counter = counter + 1: null

2018-12-20 16:19:46 - [TEST_STEP][PASSED] - Statement - PreSaveFile = new java.io.File(((pathPrefix + java.lang.Integer.toString(counter)) + .png)): null

2018-12-20 16:19:46 - [TEST_STEP][PASSED] - Statement - counter = counter + 1: null

2018-12-20 16:19:46 - [TEST_STEP][PASSED] - Statement - PreSaveFile = new java.io.File(((pathPrefix + java.lang.Integer.toString(counter)) + .png)): null

2018-12-20 16:19:46 - [TEST_STEP][PASSED] - Statement - counter = counter + 1: null

2018-12-20 16:19:46 - [TEST_STEP][PASSED] - Statement - PreSaveFile = new java.io.File(((pathPrefix + java.lang.Integer.toString(counter)) + .png)): null

2018-12-20 16:19:46 - [TEST_STEP][PASSED] - Statement - counter = counter + 1: null

2018-12-20 16:19:46 - [TEST_STEP][PASSED] - Statement - PreSaveFile = new java.io.File(((pathPrefix + java.lang.Integer.toString(counter)) + .png)): null

2018-12-20 16:19:46 - [TEST_STEP][PASSED] - Statement - counter = counter + 1: null

2018-12-20 16:19:46 - [TEST_STEP][PASSED] - Statement - PreSaveFile = new java.io.File(((pathPrefix + java.lang.Integer.toString(counter)) + .png)): null

2018-12-20 16:19:46 - [TEST_STEP][PASSED] - Statement - counter = counter + 1: null

2018-12-20 16:19:46 - [TEST_STEP][PASSED] - Statement - PreSaveFile = new java.io.File(((pathPrefix + java.lang.Integer.toString(counter)) + .png)): null

2018-12-20 16:19:46 - [TEST_STEP][PASSED] - Statement - counter = counter + 1: null

2018-12-20 16:19:46 - [TEST_STEP][PASSED] - Statement - PreSaveFile = new java.io.File(((pathPrefix + java.lang.Integer.toString(counter)) + .png)): null

2018-12-20 16:19:46 - [TEST_STEP][PASSED] - Statement - counter = counter + 1: null

2018-12-20 16:19:46 - [TEST_STEP][PASSED] - Statement - PreSaveFile = new java.io.File(((pathPrefix + java.lang.Integer.toString(counter)) + .png)): null

2018-12-20 16:19:46 - [TEST_STEP][PASSED] - Statement - counter = counter + 1: null

2018-12-20 16:19:46 - [TEST_STEP][PASSED] - Statement - PreSaveFile = new java.io.File(((pathPrefix + java.lang.Integer.toString(counter)) + .png)): null

2018-12-20 16:19:46 - [TEST_STEP][PASSED] - Statement - counter = counter + 1: null

2018-12-20 16:19:46 - [TEST_STEP][PASSED] - Statement - PreSaveFile = new java.io.File(((pathPrefix + java.lang.Integer.toString(counter)) + .png)): null

2018-12-20 16:19:46 - [TEST_STEP][PASSED] - Statement - counter = counter + 1: null

2018-12-20 16:19:46 - [TEST_STEP][PASSED] - Statement - PreSaveFile = new java.io.File(((pathPrefix + java.lang.Integer.toString(counter)) + .png)): null

2018-12-20 16:19:46 - [TEST_STEP][PASSED] - Statement - counter = counter + 1: null

2018-12-20 16:19:46 - [TEST_STEP][PASSED] - Statement - PreSaveFile = new java.io.File(((pathPrefix + java.lang.Integer.toString(counter)) + .png)): null

2018-12-20 16:19:46 - [TEST_STEP][PASSED] - Statement - counter = counter + 1: null

2018-12-20 16:19:46 - [TEST_STEP][PASSED] - Statement - PreSaveFile = new java.io.File(((pathPrefix + java.lang.Integer.toString(counter)) + .png)): null

2018-12-20 16:19:46 - [TEST_STEP][PASSED] - Statement - counter = counter + 1: null

2018-12-20 16:19:46 - [TEST_STEP][PASSED] - Statement - PreSaveFile = new java.io.File(((pathPrefix + java.lang.Integer.toString(counter)) + .png)): null

2018-12-20 16:19:46 - [TEST_STEP][PASSED] - Statement - counter = counter + 1: null

2018-12-20 16:19:46 - [TEST_STEP][PASSED] - Statement - PreSaveFile = new java.io.File(((pathPrefix + java.lang.Integer.toString(counter)) + .png)): null

2018-12-20 16:19:46 - [TEST_STEP][PASSED] - Statement - counter = counter + 1: null

2018-12-20 16:19:46 - [TEST_STEP][PASSED] - Statement - PreSaveFile = new java.io.File(((pathPrefix + java.lang.Integer.toString(counter)) + .png)): null

2018-12-20 16:19:46 - [TEST_STEP][PASSED] - Statement - counter = counter + 1: null

2018-12-20 16:19:46 - [TEST_STEP][PASSED] - Statement - PreSaveFile = new java.io.File(((pathPrefix + java.lang.Integer.toString(counter)) + .png)): null

2018-12-20 16:19:46 - [TEST_STEP][PASSED] - Statement - counter = counter + 1: null

2018-12-20 16:19:46 - [TEST_STEP][PASSED] - Statement - PreSaveFile = new java.io.File(((pathPrefix + java.lang.Integer.toString(counter)) + .png)): null

2018-12-20 16:19:46 - [TEST_STEP][PASSED] - Statement - counter = counter + 1: null

2018-12-20 16:19:46 - [TEST_STEP][PASSED] - Statement - PreSaveFile = new java.io.File(((pathPrefix + java.lang.Integer.toString(counter)) + .png)): null

2018-12-20 16:19:46 - [TEST_STEP][PASSED] - Statement - counter = counter + 1: null

2018-12-20 16:19:46 - [TEST_STEP][PASSED] - Statement - PreSaveFile = new java.io.File(((pathPrefix + java.lang.Integer.toString(counter)) + .png)): null

2018-12-20 16:19:46 - [TEST_STEP][PASSED] - Statement - counter = counter + 1: null

2018-12-20 16:19:46 - [TEST_STEP][PASSED] - Statement - PreSaveFile = new java.io.File(((pathPrefix + java.lang.Integer.toString(counter)) + .png)): null

2018-12-20 16:19:46 - [TEST_STEP][PASSED] - Statement - counter = counter + 1: null

2018-12-20 16:19:46 - [TEST_STEP][PASSED] - Statement - PreSaveFile = new java.io.File(((pathPrefix + java.lang.Integer.toString(counter)) + .png)): null

2018-12-20 16:19:46 - [TEST_STEP][PASSED] - Statement - counter = counter + 1: null

2018-12-20 16:19:46 - [TEST_STEP][PASSED] - Statement - PreSaveFile = new java.io.File(((pathPrefix + java.lang.Integer.toString(counter)) + .png)): null

2018-12-20 16:19:46 - [TEST_STEP][PASSED] - Statement - counter = counter + 1: null

2018-12-20 16:19:47 - [TEST_STEP][PASSED] - Statement - PreSaveFile = new java.io.File(((pathPrefix + java.lang.Integer.toString(counter)) + .png)): null

2018-12-20 16:19:47 - [TEST_STEP][PASSED] - Statement - counter = counter + 1: null

2018-12-20 16:19:47 - [TEST_STEP][PASSED] - Statement - PreSaveFile = new java.io.File(((pathPrefix + java.lang.Integer.toString(counter)) + .png)): null

2018-12-20 16:19:47 - [TEST_STEP][PASSED] - Statement - counter = counter + 1: null

2018-12-20 16:19:47 - [TEST_STEP][PASSED] - Statement - PreSaveFile = new java.io.File(((pathPrefix + java.lang.Integer.toString(counter)) + .png)): null

2018-12-20 16:19:47 - [TEST_STEP][PASSED] - Statement - counter = counter + 1: null

2018-12-20 16:19:47 - [TEST_STEP][PASSED] - Statement - PreSaveFile = new java.io.File(((pathPrefix + java.lang.Integer.toString(counter)) + .png)): null

2018-12-20 16:19:47 - [TEST_STEP][PASSED] - Statement - counter = counter + 1: null

2018-12-20 16:19:47 - [TEST_STEP][PASSED] - Statement - PreSaveFile = new java.io.File(((pathPrefix + java.lang.Integer.toString(counter)) + .png)): null

2018-12-20 16:19:47 - [TEST_STEP][PASSED] - Statement - counter = counter + 1: null

2018-12-20 16:19:47 - [TEST_STEP][PASSED] - Statement - PreSaveFile = new java.io.File(((pathPrefix + java.lang.Integer.toString(counter)) + .png)): null

2018-12-20 16:19:47 - [TEST_STEP][PASSED] - Statement - counter = counter + 1: null

2018-12-20 16:19:47 - [TEST_STEP][PASSED] - Statement - PreSaveFile = new java.io.File(((pathPrefix + java.lang.Integer.toString(counter)) + .png)): null

2018-12-20 16:19:47 - [TEST_STEP][PASSED] - Statement - counter = counter + 1: null

2018-12-20 16:19:47 - [TEST_STEP][PASSED] - Statement - PreSaveFile = new java.io.File(((pathPrefix + java.lang.Integer.toString(counter)) + .png)): null

2018-12-20 16:19:47 - [TEST_STEP][PASSED] - Statement - counter = counter + 1: null

2018-12-20 16:19:47 - [TEST_STEP][PASSED] - Statement - PreSaveFile = new java.io.File(((pathPrefix + java.lang.Integer.toString(counter)) + .png)): null

2018-12-20 16:19:47 - [TEST_STEP][PASSED] - Statement - counter = counter + 1: null

2018-12-20 16:19:47 - [TEST_STEP][PASSED] - Statement - PreSaveFile = new java.io.File(((pathPrefix + java.lang.Integer.toString(counter)) + .png)): null

2018-12-20 16:19:47 - [TEST_STEP][PASSED] - Statement - counter = counter + 1: null

2018-12-20 16:19:47 - [TEST_STEP][PASSED] - Statement - PreSaveFile = new java.io.File(((pathPrefix + java.lang.Integer.toString(counter)) + .png)): null

2018-12-20 16:19:47 - [TEST_STEP][PASSED] - Statement - counter = counter + 1: null

2018-12-20 16:19:47 - [TEST_STEP][PASSED] - Statement - PreSaveFile = new java.io.File(((pathPrefix + java.lang.Integer.toString(counter)) + .png)): null

2018-12-20 16:19:47 - [TEST_STEP][PASSED] - Statement - counter = counter + 1: null

2018-12-20 16:19:47 - [TEST_STEP][PASSED] - Statement - PreSaveFile = new java.io.File(((pathPrefix + java.lang.Integer.toString(counter)) + .png)): null

2018-12-20 16:19:47 - [TEST_STEP][PASSED] - Statement - counter = counter + 1: null

2018-12-20 16:19:47 - [TEST_STEP][PASSED] - Statement - PreSaveFile = new java.io.File(((pathPrefix + java.lang.Integer.toString(counter)) + .png)): null

2018-12-20 16:19:47 - [TEST_STEP][PASSED] - Statement - counter = counter + 1: null

2018-12-20 16:19:47 - [TEST_STEP][PASSED] - Statement - PreSaveFile = new java.io.File(((pathPrefix + java.lang.Integer.toString(counter)) + .png)): null

2018-12-20 16:19:47 - [TEST_STEP][PASSED] - Statement - counter = counter + 1: null

2018-12-20 16:19:47 - [TEST_STEP][PASSED] - Statement - PreSaveFile = new java.io.File(((pathPrefix + java.lang.Integer.toString(counter)) + .png)): null

2018-12-20 16:19:47 - [TEST_STEP][PASSED] - Statement - counter = counter + 1: null

2018-12-20 16:19:47 - [TEST_STEP][PASSED] - Statement - PreSaveFile = new java.io.File(((pathPrefix + java.lang.Integer.toString(counter)) + .png)): null

2018-12-20 16:19:47 - [TEST_STEP][PASSED] - Statement - counter = counter + 1: null

2018-12-20 16:19:47 - [TEST_STEP][PASSED] - Statement - PreSaveFile = new java.io.File(((pathPrefix + java.lang.Integer.toString(counter)) + .png)): null

2018-12-20 16:19:47 - [TEST_STEP][PASSED] - Statement - counter = counter + 1: null

2018-12-20 16:19:47 - [TEST_STEP][PASSED] - Statement - PreSaveFile = new java.io.File(((pathPrefix + java.lang.Integer.toString(counter)) + .png)): null

2018-12-20 16:19:47 - [TEST_STEP][PASSED] - Statement - counter = counter + 1: null

2018-12-20 16:19:48 - [TEST_STEP][PASSED] - Statement - PreSaveFile = new java.io.File(((pathPrefix + java.lang.Integer.toString(counter)) + .png)): null

2018-12-20 16:19:48 - [TEST_STEP][PASSED] - Statement - counter = counter + 1: null

2018-12-20 16:19:48 - [TEST_STEP][PASSED] - Statement - PreSaveFile = new java.io.File(((pathPrefix + java.lang.Integer.toString(counter)) + .png)): null

2018-12-20 16:19:48 - [TEST_STEP][PASSED] - Statement - counter = counter + 1: null

2018-12-20 16:19:48 - [TEST_STEP][PASSED] - Statement - PreSaveFile = new java.io.File(((pathPrefix + java.lang.Integer.toString(counter)) + .png)): null

2018-12-20 16:19:48 - [TEST_STEP][PASSED] - Statement - counter = counter + 1: null

2018-12-20 16:19:48 - [TEST_STEP][PASSED] - Statement - PreSaveFile = new java.io.File(((pathPrefix + java.lang.Integer.toString(counter)) + .png)): null

2018-12-20 16:19:48 - [TEST_STEP][PASSED] - Statement - counter = counter + 1: null

2018-12-20 16:19:48 - [TEST_STEP][PASSED] - Statement - PreSaveFile = new java.io.File(((pathPrefix + java.lang.Integer.toString(counter)) + .png)): null

2018-12-20 16:19:48 - [TEST_STEP][PASSED] - Statement - counter = counter + 1: null

2018-12-20 16:19:48 - [TEST_STEP][PASSED] - Statement - PreSaveFile = new java.io.File(((pathPrefix + java.lang.Integer.toString(counter)) + .png)): null

2018-12-20 16:19:48 - [TEST_STEP][PASSED] - Statement - counter = counter + 1: null

2018-12-20 16:19:48 - [TEST_STEP][PASSED] - Statement - PreSaveFile = new java.io.File(((pathPrefix + java.lang.Integer.toString(counter)) + .png)): null

2018-12-20 16:19:48 - [TEST_STEP][PASSED] - Statement - counter = counter + 1: null

2018-12-20 16:19:48 - [TEST_STEP][PASSED] - Statement - PreSaveFile = new java.io.File(((pathPrefix + java.lang.Integer.toString(counter)) + .png)): null

2018-12-20 16:19:48 - [TEST_STEP][PASSED] - Statement - counter = counter + 1: null

2018-12-20 16:19:48 - [TEST_STEP][PASSED] - Statement - PreSaveFile = new java.io.File(((pathPrefix + java.lang.Integer.toString(counter)) + .png)): null

2018-12-20 16:19:48 - [TEST_STEP][PASSED] - Statement - counter = counter + 1: null

2018-12-20 16:19:48 - [TEST_STEP][PASSED] - Statement - PreSaveFile = new java.io.File(((pathPrefix + java.lang.Integer.toString(counter)) + .png)): null

2018-12-20 16:19:48 - [TEST_STEP][PASSED] - Statement - counter = counter + 1: null

2018-12-20 16:19:48 - [TEST_STEP][PASSED] - Statement - PreSaveFile = new java.io.File(((pathPrefix + java.lang.Integer.toString(counter)) + .png)): null

2018-12-20 16:19:48 - [TEST_STEP][PASSED] - Statement - counter = counter + 1: null

2018-12-20 16:19:48 - [TEST_STEP][PASSED] - Statement - PreSaveFile = new java.io.File(((pathPrefix + java.lang.Integer.toString(counter)) + .png)): null

2018-12-20 16:19:48 - [TEST_STEP][PASSED] - Statement - counter = counter + 1: null

2018-12-20 16:19:48 - [TEST_STEP][PASSED] - Statement - PreSaveFile = new java.io.File(((pathPrefix + java.lang.Integer.toString(counter)) + .png)): null

2018-12-20 16:19:48 - [TEST_STEP][PASSED] - Statement - counter = counter + 1: null

2018-12-20 16:19:48 - [TEST_STEP][PASSED] - Statement - PreSaveFile = new java.io.File(((pathPrefix + java.lang.Integer.toString(counter)) + .png)): null

2018-12-20 16:19:48 - [TEST_STEP][PASSED] - Statement - counter = counter + 1: null

2018-12-20 16:19:48 - [TEST_STEP][PASSED] - Statement - PreSaveFile = new java.io.File(((pathPrefix + java.lang.Integer.toString(counter)) + .png)): null

2018-12-20 16:19:49 - [TEST_STEP][PASSED] - Statement - counter = counter + 1: null

2018-12-20 16:19:49 - [TEST_STEP][PASSED] - Statement - PreSaveFile = new java.io.File(((pathPrefix + java.lang.Integer.toString(counter)) + .png)): null

2018-12-20 16:19:49 - [TEST_STEP][PASSED] - Statement - counter = counter + 1: null

2018-12-20 16:19:49 - [TEST_STEP][PASSED] - Statement - PreSaveFile = new java.io.File(((pathPrefix + java.lang.Integer.toString(counter)) + .png)): null

2018-12-20 16:19:49 - [TEST_STEP][PASSED] - Statement - counter = counter + 1: null

2018-12-20 16:19:49 - [TEST_STEP][PASSED] - Statement - PreSaveFile = new java.io.File(((pathPrefix + java.lang.Integer.toString(counter)) + .png)): null

2018-12-20 16:19:49 - [TEST_STEP][PASSED] - Statement - counter = counter + 1: null

2018-12-20 16:19:49 - [TEST_STEP][PASSED] - Statement - PreSaveFile = new java.io.File(((pathPrefix + java.lang.Integer.toString(counter)) + .png)): null

2018-12-20 16:19:49 - [TEST_STEP][PASSED] - Statement - counter = counter + 1: null

2018-12-20 16:19:49 - [TEST_STEP][PASSED] - Statement - PreSaveFile = new java.io.File(((pathPrefix + java.lang.Integer.toString(counter)) + .png)): null

2018-12-20 16:19:49 - [TEST_STEP][PASSED] - Statement - counter = counter + 1: null

2018-12-20 16:19:49 - [TEST_STEP][PASSED] - Statement - PreSaveFile = new java.io.File(((pathPrefix + java.lang.Integer.toString(counter)) + .png)): null

2018-12-20 16:19:49 - [TEST_STEP][PASSED] - Statement - counter = counter + 1: null

2018-12-20 16:19:49 - [TEST_STEP][PASSED] - Statement - PreSaveFile = new java.io.File(((pathPrefix + java.lang.Integer.toString(counter)) + .png)): null

2018-12-20 16:19:49 - [TEST_STEP][PASSED] - Statement - counter = counter + 1: null

2018-12-20 16:19:49 - [TEST_STEP][PASSED] - Statement - PreSaveFile = new java.io.File(((pathPrefix + java.lang.Integer.toString(counter)) + .png)): null

2018-12-20 16:19:49 - [TEST_STEP][PASSED] - Statement - counter = counter + 1: null

2018-12-20 16:19:49 - [TEST_STEP][PASSED] - Statement - PreSaveFile = new java.io.File(((pathPrefix + java.lang.Integer.toString(counter)) + .png)): null

2018-12-20 16:19:49 - [TEST_STEP][PASSED] - Statement - counter = counter + 1: null

2018-12-20 16:19:49 - [TEST_STEP][PASSED] - Statement - PreSaveFile = new java.io.File(((pathPrefix + java.lang.Integer.toString(counter)) + .png)): null

2018-12-20 16:19:49 - [TEST_STEP][PASSED] - Statement - counter = counter + 1: null

2018-12-20 16:19:49 - [TEST_STEP][PASSED] - Statement - PreSaveFile = new java.io.File(((pathPrefix + java.lang.Integer.toString(counter)) + .png)): null

2018-12-20 16:19:49 - [TEST_STEP][PASSED] - Statement - counter = counter + 1: null

2018-12-20 16:19:49 - [TEST_STEP][PASSED] - Statement - PreSaveFile = new java.io.File(((pathPrefix + java.lang.Integer.toString(counter)) + .png)): null

2018-12-20 16:19:49 - [TEST_STEP][PASSED] - Statement - counter = counter + 1: null

2018-12-20 16:19:49 - [TEST_STEP][PASSED] - Statement - PreSaveFile = new java.io.File(((pathPrefix + java.lang.Integer.toString(counter)) + .png)): null

2018-12-20 16:19:49 - [TEST_STEP][PASSED] - Statement - counter = counter + 1: null

2018-12-20 16:19:49 - [TEST_STEP][PASSED] - Statement - PreSaveFile = new java.io.File(((pathPrefix + java.lang.Integer.toString(counter)) + .png)): null

2018-12-20 16:19:49 - [TEST_STEP][PASSED] - Statement - counter = counter + 1: null

2018-12-20 16:19:49 - [TEST_STEP][PASSED] - Statement - PreSaveFile = new java.io.File(((pathPrefix + java.lang.Integer.toString(counter)) + .png)): null

2018-12-20 16:19:50 - [TEST_STEP][PASSED] - Statement - counter = counter + 1: null

2018-12-20 16:19:50 - [TEST_STEP][PASSED] - Statement - PreSaveFile = new java.io.File(((pathPrefix + java.lang.Integer.toString(counter)) + .png)): null

2018-12-20 16:19:50 - [TEST_STEP][PASSED] - Statement - counter = counter + 1: null

2018-12-20 16:19:50 - [TEST_STEP][PASSED] - Statement - PreSaveFile = new java.io.File(((pathPrefix + java.lang.Integer.toString(counter)) + .png)): null

2018-12-20 16:19:50 - [TEST_STEP][PASSED] - Statement - counter = counter + 1: null

2018-12-20 16:19:50 - [TEST_STEP][PASSED] - Statement - PreSaveFile = new java.io.File(((pathPrefix + java.lang.Integer.toString(counter)) + .png)): null

2018-12-20 16:19:50 - [TEST_STEP][PASSED] - Statement - counter = counter + 1: null

2018-12-20 16:19:50 - [TEST_STEP][PASSED] - Statement - PreSaveFile = new java.io.File(((pathPrefix + java.lang.Integer.toString(counter)) + .png)): null

2018-12-20 16:19:50 - [TEST_STEP][PASSED] - Statement - counter = counter + 1: null

2018-12-20 16:19:50 - [TEST_STEP][PASSED] - Statement - PreSaveFile = new java.io.File(((pathPrefix + java.lang.Integer.toString(counter)) + .png)): null

2018-12-20 16:19:50 - [TEST_STEP][PASSED] - Statement - counter = counter + 1: null

2018-12-20 16:19:50 - [TEST_STEP][PASSED] - Statement - PreSaveFile = new java.io.File(((pathPrefix + java.lang.Integer.toString(counter)) + .png)): null

2018-12-20 16:19:50 - [TEST_STEP][PASSED] - Statement - counter = counter + 1: null

2018-12-20 16:19:50 - [TEST_STEP][PASSED] - Statement - PreSaveFile = new java.io.File(((pathPrefix + java.lang.Integer.toString(counter)) + .png)): null

2018-12-20 16:19:50 - [TEST_STEP][PASSED] - Statement - counter = counter + 1: null

2018-12-20 16:19:50 - [TEST_STEP][PASSED] - Statement - PreSaveFile = new java.io.File(((pathPrefix + java.lang.Integer.toString(counter)) + .png)): null

2018-12-20 16:19:50 - [TEST_STEP][PASSED] - Statement - counter = counter + 1: null

2018-12-20 16:19:50 - [TEST_STEP][PASSED] - Statement - PreSaveFile = new java.io.File(((pathPrefix + java.lang.Integer.toString(counter)) + .png)): null

2018-12-20 16:19:50 - [TEST_STEP][PASSED] - Statement - counter = counter + 1: null

2018-12-20 16:19:50 - [TEST_STEP][PASSED] - Statement - PreSaveFile = new java.io.File(((pathPrefix + java.lang.Integer.toString(counter)) + .png)): null

2018-12-20 16:19:50 - [TEST_STEP][PASSED] - Statement - counter = counter + 1: null

2018-12-20 16:19:50 - [TEST_STEP][PASSED] - Statement - PreSaveFile = new java.io.File(((pathPrefix + java.lang.Integer.toString(counter)) + .png)): null

2018-12-20 16:19:50 - [TEST_STEP][PASSED] - Statement - counter = counter + 1: null

2018-12-20 16:19:50 - [TEST_STEP][PASSED] - Statement - PreSaveFile = new java.io.File(((pathPrefix + java.lang.Integer.toString(counter)) + .png)): null

2018-12-20 16:19:50 - [TEST_STEP][PASSED] - Statement - counter = counter + 1: null

2018-12-20 16:19:50 - [TEST_STEP][PASSED] - Statement - PreSaveFile = new java.io.File(((pathPrefix + java.lang.Integer.toString(counter)) + .png)): null

2018-12-20 16:19:50 - [TEST_STEP][PASSED] - Statement - counter = counter + 1: null

2018-12-20 16:19:50 - [TEST_STEP][PASSED] - Statement - PreSaveFile = new java.io.File(((pathPrefix + java.lang.Integer.toString(counter)) + .png)): null

2018-12-20 16:19:50 - [TEST_STEP][PASSED] - Statement - counter = counter + 1: null

2018-12-20 16:19:50 - [TEST_STEP][PASSED] - Statement - PreSaveFile = new java.io.File(((pathPrefix + java.lang.Integer.toString(counter)) + .png)): null

2018-12-20 16:19:50 - [TEST_STEP][PASSED] - Statement - counter = counter + 1: null

2018-12-20 16:19:50 - [TEST_STEP][PASSED] - Statement - PreSaveFile = new java.io.File(((pathPrefix + java.lang.Integer.toString(counter)) + .png)): null

2018-12-20 16:19:50 - [TEST_STEP][PASSED] - Statement - counter = counter + 1: null

2018-12-20 16:19:50 - [TEST_STEP][PASSED] - Statement - PreSaveFile = new java.io.File(((pathPrefix + java.lang.Integer.toString(counter)) + .png)): null

2018-12-20 16:19:50 - [TEST_STEP][PASSED] - Statement - counter = counter + 1: null

2018-12-20 16:19:50 - [TEST_STEP][PASSED] - Statement - PreSaveFile = new java.io.File(((pathPrefix + java.lang.Integer.toString(counter)) + .png)): null

2018-12-20 16:19:50 - [TEST_STEP][PASSED] - Statement - counter = counter + 1: null

2018-12-20 16:19:50 - [TEST_STEP][PASSED] - Statement - PreSaveFile = new java.io.File(((pathPrefix + java.lang.Integer.toString(counter)) + .png)): null

2018-12-20 16:19:51 - [TEST_STEP][PASSED] - Statement - counter = counter + 1: null

2018-12-20 16:19:51 - [TEST_STEP][PASSED] - Statement - PreSaveFile = new java.io.File(((pathPrefix + java.lang.Integer.toString(counter)) + .png)): null

2018-12-20 16:19:51 - [TEST_STEP][PASSED] - Statement - counter = counter + 1: null

2018-12-20 16:19:51 - [TEST_STEP][PASSED] - Statement - PreSaveFile = new java.io.File(((pathPrefix + java.lang.Integer.toString(counter)) + .png)): null

2018-12-20 16:19:51 - [TEST_STEP][PASSED] - Statement - counter = counter + 1: null

2018-12-20 16:19:51 - [TEST_STEP][PASSED] - Statement - PreSaveFile = new java.io.File(((pathPrefix + java.lang.Integer.toString(counter)) + .png)): null

2018-12-20 16:19:51 - [TEST_STEP][PASSED] - Statement - counter = counter + 1: null

2018-12-20 16:19:51 - [TEST_STEP][PASSED] - Statement - PreSaveFile = new java.io.File(((pathPrefix + java.lang.Integer.toString(counter)) + .png)): null

2018-12-20 16:19:51 - [TEST_STEP][PASSED] - Statement - counter = counter + 1: null

2018-12-20 16:19:51 - [TEST_STEP][PASSED] - Statement - PreSaveFile = new java.io.File(((pathPrefix + java.lang.Integer.toString(counter)) + .png)): null

2018-12-20 16:19:51 - [TEST_STEP][PASSED] - Statement - counter = counter + 1: null

2018-12-20 16:19:51 - [TEST_STEP][PASSED] - Statement - PreSaveFile = new java.io.File(((pathPrefix + java.lang.Integer.toString(counter)) + .png)): null

2018-12-20 16:19:51 - [TEST_STEP][PASSED] - Statement - counter = counter + 1: null

2018-12-20 16:19:51 - [TEST_STEP][PASSED] - Statement - PreSaveFile = new java.io.File(((pathPrefix + java.lang.Integer.toString(counter)) + .png)): null

2018-12-20 16:19:51 - [TEST_STEP][PASSED] - Statement - counter = counter + 1: null

2018-12-20 16:19:51 - [TEST_STEP][PASSED] - Statement - PreSaveFile = new java.io.File(((pathPrefix + java.lang.Integer.toString(counter)) + .png)): null

2018-12-20 16:19:51 - [TEST_STEP][PASSED] - Statement - counter = counter + 1: null

2018-12-20 16:19:51 - [TEST_STEP][PASSED] - Statement - PreSaveFile = new java.io.File(((pathPrefix + java.lang.Integer.toString(counter)) + .png)): null

2018-12-20 16:19:51 - [TEST_STEP][PASSED] - Statement - counter = counter + 1: null

2018-12-20 16:19:51 - [TEST_STEP][PASSED] - Statement - PreSaveFile = new java.io.File(((pathPrefix + java.lang.Integer.toString(counter)) + .png)): null

2018-12-20 16:19:51 - [TEST_STEP][PASSED] - Statement - counter = counter + 1: null

2018-12-20 16:19:51 - [TEST_STEP][PASSED] - Statement - PreSaveFile = new java.io.File(((pathPrefix + java.lang.Integer.toString(counter)) + .png)): null

2018-12-20 16:19:51 - [TEST_STEP][PASSED] - Statement - counter = counter + 1: null

2018-12-20 16:19:51 - [TEST_STEP][PASSED] - Statement - PreSaveFile = new java.io.File(((pathPrefix + java.lang.Integer.toString(counter)) + .png)): null

2018-12-20 16:19:51 - [TEST_STEP][PASSED] - Statement - counter = counter + 1: null

2018-12-20 16:19:51 - [TEST_STEP][PASSED] - Statement - PreSaveFile = new java.io.File(((pathPrefix + java.lang.Integer.toString(counter)) + .png)): null

2018-12-20 16:19:51 - [TEST_STEP][PASSED] - Statement - counter = counter + 1: null

2018-12-20 16:19:51 - [TEST_STEP][PASSED] - Statement - PreSaveFile = new java.io.File(((pathPrefix + java.lang.Integer.toString(counter)) + .png)): null

2018-12-20 16:19:51 - [TEST_STEP][PASSED] - Statement - counter = counter + 1: null

2018-12-20 16:19:52 - [TEST_STEP][PASSED] - Statement - PreSaveFile = new java.io.File(((pathPrefix + java.lang.Integer.toString(counter)) + .png)): null

2018-12-20 16:19:52 - [TEST_STEP][PASSED] - Statement - counter = counter + 1: null

2018-12-20 16:19:52 - [TEST_STEP][PASSED] - Statement - PreSaveFile = new java.io.File(((pathPrefix + java.lang.Integer.toString(counter)) + .png)): null

2018-12-20 16:19:52 - [TEST_STEP][PASSED] - Statement - counter = counter + 1: null

2018-12-20 16:19:52 - [TEST_STEP][PASSED] - Statement - PreSaveFile = new java.io.File(((pathPrefix + java.lang.Integer.toString(counter)) + .png)): null

2018-12-20 16:19:52 - [TEST_STEP][PASSED] - Statement - counter = counter + 1: null

2018-12-20 16:19:52 - [TEST_STEP][PASSED] - Statement - PreSaveFile = new java.io.File(((pathPrefix + java.lang.Integer.toString(counter)) + .png)): null

2018-12-20 16:19:52 - [TEST_STEP][PASSED] - Statement - counter = counter + 1: null

2018-12-20 16:19:52 - [TEST_STEP][PASSED] - Statement - PreSaveFile = new java.io.File(((pathPrefix + java.lang.Integer.toString(counter)) + .png)): null

2018-12-20 16:19:52 - [TEST_STEP][PASSED] - Statement - counter = counter + 1: null

2018-12-20 16:19:52 - [TEST_STEP][PASSED] - Statement - PreSaveFile = new java.io.File(((pathPrefix + java.lang.Integer.toString(counter)) + .png)): null

2018-12-20 16:19:52 - [TEST_STEP][PASSED] - Statement - counter = counter + 1: null

2018-12-20 16:19:52 - [TEST_STEP][PASSED] - Statement - PreSaveFile = new java.io.File(((pathPrefix + java.lang.Integer.toString(counter)) + .png)): null

2018-12-20 16:19:52 - [TEST_STEP][PASSED] - Statement - counter = counter + 1: null

2018-12-20 16:19:52 - [TEST_STEP][PASSED] - Statement - PreSaveFile = new java.io.File(((pathPrefix + java.lang.Integer.toString(counter)) + .png)): null

2018-12-20 16:19:52 - [TEST_STEP][PASSED] - Statement - counter = counter + 1: null

2018-12-20 16:19:52 - [TEST_STEP][PASSED] - Statement - PreSaveFile = new java.io.File(((pathPrefix + java.lang.Integer.toString(counter)) + .png)): null

2018-12-20 16:19:52 - [TEST_STEP][PASSED] - Statement - counter = counter + 1: null

2018-12-20 16:19:52 - [TEST_STEP][PASSED] - Statement - PreSaveFile = new java.io.File(((pathPrefix + java.lang.Integer.toString(counter)) + .png)): null

2018-12-20 16:19:52 - [TEST_STEP][PASSED] - Statement - counter = counter + 1: null

2018-12-20 16:19:52 - [TEST_STEP][PASSED] - Statement - PreSaveFile = new java.io.File(((pathPrefix + java.lang.Integer.toString(counter)) + .png)): null

2018-12-20 16:19:52 - [TEST_STEP][PASSED] - Statement - counter = counter + 1: null

2018-12-20 16:19:52 - [TEST_STEP][PASSED] - Statement - PreSaveFile = new java.io.File(((pathPrefix + java.lang.Integer.toString(counter)) + .png)): null

2018-12-20 16:19:52 - [TEST_STEP][PASSED] - Statement - counter = counter + 1: null

2018-12-20 16:19:52 - [TEST_STEP][PASSED] - Statement - PreSaveFile = new java.io.File(((pathPrefix + java.lang.Integer.toString(counter)) + .png)): null

2018-12-20 16:19:52 - [TEST_STEP][PASSED] - Statement - counter = counter + 1: null

2018-12-20 16:19:52 - [TEST_STEP][PASSED] - Statement - PreSaveFile = new java.io.File(((pathPrefix + java.lang.Integer.toString(counter)) + .png)): null

2018-12-20 16:19:52 - [TEST_STEP][PASSED] - Statement - counter = counter + 1: null

2018-12-20 16:19:53 - [TEST_STEP][PASSED] - Statement - PreSaveFile = new java.io.File(((pathPrefix + java.lang.Integer.toString(counter)) + .png)): null

2018-12-20 16:19:53 - [TEST_STEP][PASSED] - Statement - counter = counter + 1: null

2018-12-20 16:19:53 - [TEST_STEP][PASSED] - Statement - PreSaveFile = new java.io.File(((pathPrefix + java.lang.Integer.toString(counter)) + .png)): null

2018-12-20 16:19:53 - [TEST_STEP][PASSED] - Statement - counter = counter + 1: null

2018-12-20 16:19:53 - [TEST_STEP][PASSED] - Statement - PreSaveFile = new java.io.File(((pathPrefix + java.lang.Integer.toString(counter)) + .png)): null

2018-12-20 16:19:53 - [TEST_STEP][PASSED] - Statement - counter = counter + 1: null

2018-12-20 16:19:53 - [TEST_STEP][PASSED] - Statement - PreSaveFile = new java.io.File(((pathPrefix + java.lang.Integer.toString(counter)) + .png)): null

2018-12-20 16:19:53 - [TEST_STEP][PASSED] - Statement - counter = counter + 1: null

2018-12-20 16:19:53 - [TEST_STEP][PASSED] - Statement - PreSaveFile = new java.io.File(((pathPrefix + java.lang.Integer.toString(counter)) + .png)): null

2018-12-20 16:19:53 - [TEST_STEP][PASSED] - Statement - counter = counter + 1: null

2018-12-20 16:19:53 - [TEST_STEP][PASSED] - Statement - PreSaveFile = new java.io.File(((pathPrefix + java.lang.Integer.toString(counter)) + .png)): null

2018-12-20 16:19:53 - [TEST_STEP][PASSED] - Statement - counter = counter + 1: null

2018-12-20 16:19:53 - [TEST_STEP][PASSED] - Statement - PreSaveFile = new java.io.File(((pathPrefix + java.lang.Integer.toString(counter)) + .png)): null

2018-12-20 16:19:53 - [TEST_STEP][PASSED] - Statement - counter = counter + 1: null

2018-12-20 16:19:53 - [TEST_STEP][PASSED] - Statement - PreSaveFile = new java.io.File(((pathPrefix + java.lang.Integer.toString(counter)) + .png)): null

2018-12-20 16:19:53 - [TEST_STEP][PASSED] - Statement - counter = counter + 1: null

2018-12-20 16:19:53 - [TEST_STEP][PASSED] - Statement - PreSaveFile = new java.io.File(((pathPrefix + java.lang.Integer.toString(counter)) + .png)): null

2018-12-20 16:19:53 - [TEST_STEP][PASSED] - Statement - counter = counter + 1: null

2018-12-20 16:19:53 - [TEST_STEP][PASSED] - Statement - PreSaveFile = new java.io.File(((pathPrefix + java.lang.Integer.toString(counter)) + .png)): null

2018-12-20 16:19:53 - [TEST_STEP][PASSED] - Statement - counter = counter + 1: null

2018-12-20 16:19:53 - [TEST_STEP][PASSED] - Statement - PreSaveFile = new java.io.File(((pathPrefix + java.lang.Integer.toString(counter)) + .png)): null

2018-12-20 16:19:53 - [TEST_STEP][PASSED] - Statement - counter = counter + 1: null

2018-12-20 16:19:53 - [TEST_STEP][PASSED] - Statement - PreSaveFile = new java.io.File(((pathPrefix + java.lang.Integer.toString(counter)) + .png)): null

2018-12-20 16:19:53 - [TEST_STEP][PASSED] - Statement - counter = counter + 1: null

2018-12-20 16:19:53 - [TEST_STEP][PASSED] - Statement - PreSaveFile = new java.io.File(((pathPrefix + java.lang.Integer.toString(counter)) + .png)): null

2018-12-20 16:19:53 - [TEST_STEP][PASSED] - Statement - counter = counter + 1: null

2018-12-20 16:19:53 - [TEST_STEP][PASSED] - Statement - PreSaveFile = new java.io.File(((pathPrefix + java.lang.Integer.toString(counter)) + .png)): null

2018-12-20 16:19:53 - [TEST_STEP][PASSED] - Statement - counter = counter + 1: null

2018-12-20 16:19:53 - [TEST_STEP][PASSED] - Statement - PreSaveFile = new java.io.File(((pathPrefix + java.lang.Integer.toString(counter)) + .png)): null

2018-12-20 16:19:54 - [TEST_STEP][PASSED] - Statement - counter = counter + 1: null

2018-12-20 16:19:54 - [TEST_STEP][PASSED] - Statement - PreSaveFile = new java.io.File(((pathPrefix + java.lang.Integer.toString(counter)) + .png)): null

2018-12-20 16:19:54 - [TEST_STEP][PASSED] - Statement - counter = counter + 1: null

2018-12-20 16:19:54 - [TEST_STEP][PASSED] - Statement - PreSaveFile = new java.io.File(((pathPrefix + java.lang.Integer.toString(counter)) + .png)): null

2018-12-20 16:19:54 - [TEST_STEP][PASSED] - Statement - counter = counter + 1: null

2018-12-20 16:19:54 - [TEST_STEP][PASSED] - Statement - PreSaveFile = new java.io.File(((pathPrefix + java.lang.Integer.toString(counter)) + .png)): null

2018-12-20 16:19:54 - [TEST_STEP][PASSED] - Statement - counter = counter + 1: null

2018-12-20 16:19:54 - [TEST_STEP][PASSED] - Statement - PreSaveFile = new java.io.File(((pathPrefix + java.lang.Integer.toString(counter)) + .png)): null

2018-12-20 16:19:54 - [TEST_STEP][PASSED] - Statement - counter = counter + 1: null

2018-12-20 16:19:54 - [TEST_STEP][PASSED] - Statement - PreSaveFile = new java.io.File(((pathPrefix + java.lang.Integer.toString(counter)) + .png)): null

2018-12-20 16:19:54 - [TEST_STEP][PASSED] - Statement - counter = counter + 1: null

2018-12-20 16:19:54 - [TEST_STEP][PASSED] - Statement - PreSaveFile = new java.io.File(((pathPrefix + java.lang.Integer.toString(counter)) + .png)): null

2018-12-20 16:19:54 - [TEST_STEP][PASSED] - Statement - counter = counter + 1: null

2018-12-20 16:19:54 - [TEST_STEP][PASSED] - Statement - PreSaveFile = new java.io.File(((pathPrefix + java.lang.Integer.toString(counter)) + .png)): null

2018-12-20 16:19:54 - [TEST_STEP][PASSED] - Statement - counter = counter + 1: null

2018-12-20 16:19:54 - [TEST_STEP][PASSED] - Statement - PreSaveFile = new java.io.File(((pathPrefix + java.lang.Integer.toString(counter)) + .png)): null

2018-12-20 16:19:54 - [TEST_STEP][PASSED] - Statement - counter = counter + 1: null

2018-12-20 16:19:54 - [TEST_STEP][PASSED] - Statement - PreSaveFile = new java.io.File(((pathPrefix + java.lang.Integer.toString(counter)) + .png)): null

2018-12-20 16:19:54 - [TEST_STEP][PASSED] - Statement - counter = counter + 1: null

2018-12-20 16:19:54 - [TEST_STEP][PASSED] - Statement - PreSaveFile = new java.io.File(((pathPrefix + java.lang.Integer.toString(counter)) + .png)): null

2018-12-20 16:19:54 - [TEST_STEP][PASSED] - Statement - counter = counter + 1: null

2018-12-20 16:19:54 - [TEST_STEP][PASSED] - Statement - PreSaveFile = new java.io.File(((pathPrefix + java.lang.Integer.toString(counter)) + .png)): null

2018-12-20 16:19:54 - [TEST_STEP][PASSED] - Statement - counter = counter + 1: null

2018-12-20 16:19:54 - [TEST_STEP][PASSED] - Statement - PreSaveFile = new java.io.File(((pathPrefix + java.lang.Integer.toString(counter)) + .png)): null

2018-12-20 16:19:54 - [TEST_STEP][PASSED] - Statement - counter = counter + 1: null

2018-12-20 16:19:54 - [TEST_STEP][PASSED] - Statement - PreSaveFile = new java.io.File(((pathPrefix + java.lang.Integer.toString(counter)) + .png)): null

2018-12-20 16:19:54 - [TEST_STEP][PASSED] - Statement - counter = counter + 1: null

2018-12-20 16:19:54 - [TEST_STEP][PASSED] - Statement - PreSaveFile = new java.io.File(((pathPrefix + java.lang.Integer.toString(counter)) + .png)): null

2018-12-20 16:19:54 - [TEST_STEP][PASSED] - Statement - counter = counter + 1: null

2018-12-20 16:19:55 - [TEST_STEP][PASSED] - Statement - PreSaveFile = new java.io.File(((pathPrefix + java.lang.Integer.toString(counter)) + .png)): null

2018-12-20 16:19:55 - [TEST_STEP][PASSED] - Statement - counter = counter + 1: null

2018-12-20 16:19:55 - [TEST_STEP][PASSED] - Statement - PreSaveFile = new java.io.File(((pathPrefix + java.lang.Integer.toString(counter)) + .png)): null

2018-12-20 16:19:55 - [TEST_STEP][PASSED] - Statement - counter = counter + 1: null

2018-12-20 16:19:55 - [TEST_STEP][PASSED] - Statement - PreSaveFile = new java.io.File(((pathPrefix + java.lang.Integer.toString(counter)) + .png)): null

2018-12-20 16:19:55 - [TEST_STEP][PASSED] - Statement - counter = counter + 1: null

2018-12-20 16:19:55 - [TEST_STEP][PASSED] - Statement - PreSaveFile = new java.io.File(((pathPrefix + java.lang.Integer.toString(counter)) + .png)): null

2018-12-20 16:19:55 - [TEST_STEP][PASSED] - Statement - counter = counter + 1: null

2018-12-20 16:19:55 - [TEST_STEP][PASSED] - Statement - PreSaveFile = new java.io.File(((pathPrefix + java.lang.Integer.toString(counter)) + .png)): null

2018-12-20 16:19:55 - [TEST_STEP][PASSED] - Statement - counter = counter + 1: null

2018-12-20 16:19:55 - [TEST_STEP][PASSED] - Statement - PreSaveFile = new java.io.File(((pathPrefix + java.lang.Integer.toString(counter)) + .png)): null

2018-12-20 16:19:55 - [TEST_STEP][PASSED] - Statement - counter = counter + 1: null

2018-12-20 16:19:55 - [TEST_STEP][PASSED] - Statement - PreSaveFile = new java.io.File(((pathPrefix + java.lang.Integer.toString(counter)) + .png)): null

2018-12-20 16:19:55 - [TEST_STEP][PASSED] - Statement - counter = counter + 1: null

2018-12-20 16:19:55 - [TEST_STEP][PASSED] - Statement - PreSaveFile = new java.io.File(((pathPrefix + java.lang.Integer.toString(counter)) + .png)): null

2018-12-20 16:19:55 - [TEST_STEP][PASSED] - Statement - counter = counter + 1: null

2018-12-20 16:19:55 - [TEST_STEP][PASSED] - Statement - PreSaveFile = new java.io.File(((pathPrefix + java.lang.Integer.toString(counter)) + .png)): null

2018-12-20 16:19:55 - [TEST_STEP][PASSED] - Statement - counter = counter + 1: null

2018-12-20 16:19:55 - [TEST_STEP][PASSED] - Statement - PreSaveFile = new java.io.File(((pathPrefix + java.lang.Integer.toString(counter)) + .png)): null

2018-12-20 16:19:55 - [TEST_STEP][PASSED] - Statement - counter = counter + 1: null

2018-12-20 16:19:55 - [TEST_STEP][PASSED] - Statement - PreSaveFile = new java.io.File(((pathPrefix + java.lang.Integer.toString(counter)) + .png)): null

2018-12-20 16:19:55 - [TEST_STEP][PASSED] - Statement - counter = counter + 1: null

2018-12-20 16:19:55 - [TEST_STEP][PASSED] - Statement - PreSaveFile = new java.io.File(((pathPrefix + java.lang.Integer.toString(counter)) + .png)): null

2018-12-20 16:19:55 - [TEST_STEP][PASSED] - Statement - counter = counter + 1: null

2018-12-20 16:19:55 - [TEST_STEP][PASSED] - Statement - PreSaveFile = new java.io.File(((pathPrefix + java.lang.Integer.toString(counter)) + .png)): null

2018-12-20 16:19:55 - [TEST_STEP][PASSED] - Statement - counter = counter + 1: null

2018-12-20 16:19:55 - [TEST_STEP][PASSED] - Statement - PreSaveFile = new java.io.File(((pathPrefix + java.lang.Integer.toString(counter)) + .png)): null

2018-12-20 16:19:55 - [TEST_STEP][PASSED] - Statement - counter = counter + 1: null

2018-12-20 16:19:55 - [TEST_STEP][PASSED] - Statement - PreSaveFile = new java.io.File(((pathPrefix + java.lang.Integer.toString(counter)) + .png)): null

2018-12-20 16:19:55 - [TEST_STEP][PASSED] - Statement - counter = counter + 1: null

2018-12-20 16:19:55 - [TEST_STEP][PASSED] - Statement - PreSaveFile = new java.io.File(((pathPrefix + java.lang.Integer.toString(counter)) + .png)): null

2018-12-20 16:19:55 - [TEST_STEP][PASSED] - Statement - counter = counter + 1: null

2018-12-20 16:19:55 - [TEST_STEP][PASSED] - Statement - PreSaveFile = new java.io.File(((pathPrefix + java.lang.Integer.toString(counter)) + .png)): null

2018-12-20 16:19:55 - [TEST_STEP][PASSED] - Statement - counter = counter + 1: null

2018-12-20 16:19:55 - [TEST_STEP][PASSED] - Statement - PreSaveFile = new java.io.File(((pathPrefix + java.lang.Integer.toString(counter)) + .png)): null

2018-12-20 16:19:55 - [TEST_STEP][PASSED] - Statement - counter = counter + 1: null

2018-12-20 16:19:55 - [TEST_STEP][PASSED] - Statement - PreSaveFile = new java.io.File(((pathPrefix + java.lang.Integer.toString(counter)) + .png)): null

2018-12-20 16:19:55 - [TEST_STEP][PASSED] - Statement - counter = counter + 1: null

2018-12-20 16:19:56 - [TEST_STEP][PASSED] - Statement - PreSaveFile = new java.io.File(((pathPrefix + java.lang.Integer.toString(counter)) + .png)): null

2018-12-20 16:19:56 - [TEST_STEP][PASSED] - Statement - counter = counter + 1: null

2018-12-20 16:19:56 - [TEST_STEP][PASSED] - Statement - PreSaveFile = new java.io.File(((pathPrefix + java.lang.Integer.toString(counter)) + .png)): null

2018-12-20 16:19:56 - [TEST_STEP][PASSED] - Statement - counter = counter + 1: null

2018-12-20 16:19:56 - [TEST_STEP][PASSED] - Statement - PreSaveFile = new java.io.File(((pathPrefix + java.lang.Integer.toString(counter)) + .png)): null

2018-12-20 16:19:56 - [TEST_STEP][PASSED] - Statement - counter = counter + 1: null

2018-12-20 16:19:56 - [TEST_STEP][PASSED] - Statement - PreSaveFile = new java.io.File(((pathPrefix + java.lang.Integer.toString(counter)) + .png)): null

2018-12-20 16:19:56 - [TEST_STEP][PASSED] - Statement - counter = counter + 1: null

2018-12-20 16:19:56 - [TEST_STEP][PASSED] - Statement - PreSaveFile = new java.io.File(((pathPrefix + java.lang.Integer.toString(counter)) + .png)): null

2018-12-20 16:19:56 - [TEST_STEP][PASSED] - Statement - counter = counter + 1: null

2018-12-20 16:19:56 - [TEST_STEP][PASSED] - Statement - PreSaveFile = new java.io.File(((pathPrefix + java.lang.Integer.toString(counter)) + .png)): null

2018-12-20 16:19:56 - [TEST_STEP][PASSED] - Statement - counter = counter + 1: null

2018-12-20 16:19:56 - [TEST_STEP][PASSED] - Statement - PreSaveFile = new java.io.File(((pathPrefix + java.lang.Integer.toString(counter)) + .png)): null

2018-12-20 16:19:56 - [TEST_STEP][PASSED] - Statement - counter = counter + 1: null

2018-12-20 16:19:56 - [TEST_STEP][PASSED] - Statement - PreSaveFile = new java.io.File(((pathPrefix + java.lang.Integer.toString(counter)) + .png)): null

2018-12-20 16:19:56 - [TEST_STEP][PASSED] - Statement - counter = counter + 1: null

2018-12-20 16:19:56 - [TEST_STEP][PASSED] - Statement - PreSaveFile = new java.io.File(((pathPrefix + java.lang.Integer.toString(counter)) + .png)): null

2018-12-20 16:19:56 - [TEST_STEP][PASSED] - Statement - counter = counter + 1: null

2018-12-20 16:19:56 - [TEST_STEP][PASSED] - Statement - PreSaveFile = new java.io.File(((pathPrefix + java.lang.Integer.toString(counter)) + .png)): null

2018-12-20 16:19:56 - [TEST_STEP][PASSED] - Statement - counter = counter + 1: null

2018-12-20 16:19:56 - [TEST_STEP][PASSED] - Statement - PreSaveFile = new java.io.File(((pathPrefix + java.lang.Integer.toString(counter)) + .png)): null

2018-12-20 16:19:56 - [TEST_STEP][PASSED] - Statement - counter = counter + 1: null

2018-12-20 16:19:56 - [TEST_STEP][PASSED] - Statement - PreSaveFile = new java.io.File(((pathPrefix + java.lang.Integer.toString(counter)) + .png)): null

2018-12-20 16:19:56 - [TEST_STEP][PASSED] - Statement - counter = counter + 1: null

2018-12-20 16:19:56 - [TEST_STEP][PASSED] - Statement - PreSaveFile = new java.io.File(((pathPrefix + java.lang.Integer.toString(counter)) + .png)): null

2018-12-20 16:19:56 - [TEST_STEP][PASSED] - Statement - counter = counter + 1: null

2018-12-20 16:19:56 - [TEST_STEP][PASSED] - Statement - PreSaveFile = new java.io.File(((pathPrefix + java.lang.Integer.toString(counter)) + .png)): null

2018-12-20 16:19:56 - [TEST_STEP][PASSED] - Statement - counter = counter + 1: null

2018-12-20 16:19:56 - [TEST_STEP][PASSED] - Statement - PreSaveFile = new java.io.File(((pathPrefix + java.lang.Integer.toString(counter)) + .png)): null

2018-12-20 16:19:57 - [TEST_STEP][PASSED] - Statement - counter = counter + 1: null

2018-12-20 16:19:57 - [TEST_STEP][PASSED] - Statement - PreSaveFile = new java.io.File(((pathPrefix + java.lang.Integer.toString(counter)) + .png)): null

2018-12-20 16:19:57 - [TEST_STEP][PASSED] - Statement - counter = counter + 1: null

2018-12-20 16:19:57 - [TEST_STEP][PASSED] - Statement - PreSaveFile = new java.io.File(((pathPrefix + java.lang.Integer.toString(counter)) + .png)): null

2018-12-20 16:19:57 - [TEST_STEP][PASSED] - Statement - counter = counter + 1: null

2018-12-20 16:19:57 - [TEST_STEP][PASSED] - Statement - PreSaveFile = new java.io.File(((pathPrefix + java.lang.Integer.toString(counter)) + .png)): null

2018-12-20 16:19:57 - [TEST_STEP][PASSED] - Statement - counter = counter + 1: null

2018-12-20 16:19:57 - [TEST_STEP][PASSED] - Statement - PreSaveFile = new java.io.File(((pathPrefix + java.lang.Integer.toString(counter)) + .png)): null

2018-12-20 16:19:57 - [TEST_STEP][PASSED] - Statement - counter = counter + 1: null

2018-12-20 16:19:57 - [TEST_STEP][PASSED] - Statement - PreSaveFile = new java.io.File(((pathPrefix + java.lang.Integer.toString(counter)) + .png)): null

2018-12-20 16:19:57 - [TEST_STEP][PASSED] - Statement - counter = counter + 1: null

2018-12-20 16:19:57 - [TEST_STEP][PASSED] - Statement - PreSaveFile = new java.io.File(((pathPrefix + java.lang.Integer.toString(counter)) + .png)): null

2018-12-20 16:19:57 - [TEST_STEP][PASSED] - Statement - counter = counter + 1: null

2018-12-20 16:19:57 - [TEST_STEP][PASSED] - Statement - PreSaveFile = new java.io.File(((pathPrefix + java.lang.Integer.toString(counter)) + .png)): null

2018-12-20 16:19:57 - [TEST_STEP][PASSED] - Statement - counter = counter + 1: null

2018-12-20 16:19:57 - [TEST_STEP][PASSED] - Statement - PreSaveFile = new java.io.File(((pathPrefix + java.lang.Integer.toString(counter)) + .png)): null

2018-12-20 16:19:57 - [TEST_STEP][PASSED] - Statement - counter = counter + 1: null

2018-12-20 16:19:57 - [TEST_STEP][PASSED] - Statement - PreSaveFile = new java.io.File(((pathPrefix + java.lang.Integer.toString(counter)) + .png)): null

2018-12-20 16:19:57 - [TEST_STEP][PASSED] - Statement - counter = counter + 1: null

2018-12-20 16:19:57 - [TEST_STEP][PASSED] - Statement - PreSaveFile = new java.io.File(((pathPrefix + java.lang.Integer.toString(counter)) + .png)): null

2018-12-20 16:19:57 - [TEST_STEP][PASSED] - Statement - counter = counter + 1: null

2018-12-20 16:19:57 - [TEST_STEP][PASSED] - Statement - PreSaveFile = new java.io.File(((pathPrefix + java.lang.Integer.toString(counter)) + .png)): null

2018-12-20 16:19:57 - [TEST_STEP][PASSED] - Statement - counter = counter + 1: null

2018-12-20 16:19:57 - [TEST_STEP][PASSED] - Statement - PreSaveFile = new java.io.File(((pathPrefix + java.lang.Integer.toString(counter)) + .png)): null

2018-12-20 16:19:57 - [TEST_STEP][PASSED] - Statement - counter = counter + 1: null

2018-12-20 16:19:57 - [TEST_STEP][PASSED] - Statement - PreSaveFile = new java.io.File(((pathPrefix + java.lang.Integer.toString(counter)) + .png)): null

2018-12-20 16:19:57 - [TEST_STEP][PASSED] - Statement - counter = counter + 1: null

2018-12-20 16:19:57 - [TEST_STEP][PASSED] - Statement - PreSaveFile = new java.io.File(((pathPrefix + java.lang.Integer.toString(counter)) + .png)): null

2018-12-20 16:19:57 - [TEST_STEP][PASSED] - Statement - counter = counter + 1: null

2018-12-20 16:19:58 - [TEST_STEP][PASSED] - Statement - PreSaveFile = new java.io.File(((pathPrefix + java.lang.Integer.toString(counter)) + .png)): null

2018-12-20 16:19:58 - [TEST_STEP][PASSED] - Statement - counter = counter + 1: null

2018-12-20 16:19:58 - [TEST_STEP][PASSED] - Statement - PreSaveFile = new java.io.File(((pathPrefix + java.lang.Integer.toString(counter)) + .png)): null

2018-12-20 16:19:58 - [TEST_STEP][PASSED] - Statement - counter = counter + 1: null

2018-12-20 16:19:58 - [TEST_STEP][PASSED] - Statement - PreSaveFile = new java.io.File(((pathPrefix + java.lang.Integer.toString(counter)) + .png)): null

2018-12-20 16:19:58 - [TEST_STEP][PASSED] - Statement - counter = counter + 1: null

2018-12-20 16:19:58 - [TEST_STEP][PASSED] - Statement - PreSaveFile = new java.io.File(((pathPrefix + java.lang.Integer.toString(counter)) + .png)): null

2018-12-20 16:19:58 - [TEST_STEP][PASSED] - Statement - counter = counter + 1: null

2018-12-20 16:19:58 - [TEST_STEP][PASSED] - Statement - PreSaveFile = new java.io.File(((pathPrefix + java.lang.Integer.toString(counter)) + .png)): null

2018-12-20 16:19:58 - [TEST_STEP][PASSED] - Statement - counter = counter + 1: null

2018-12-20 16:19:58 - [TEST_STEP][PASSED] - Statement - PreSaveFile = new java.io.File(((pathPrefix + java.lang.Integer.toString(counter)) + .png)): null

2018-12-20 16:19:58 - [TEST_STEP][PASSED] - Statement - counter = counter + 1: null

2018-12-20 16:19:58 - [TEST_STEP][PASSED] - Statement - PreSaveFile = new java.io.File(((pathPrefix + java.lang.Integer.toString(counter)) + .png)): null

2018-12-20 16:19:58 - [TEST_STEP][PASSED] - Statement - counter = counter + 1: null

2018-12-20 16:19:58 - [TEST_STEP][PASSED] - Statement - PreSaveFile = new java.io.File(((pathPrefix + java.lang.Integer.toString(counter)) + .png)): null

2018-12-20 16:19:58 - [TEST_STEP][PASSED] - Statement - counter = counter + 1: null

2018-12-20 16:19:58 - [TEST_STEP][PASSED] - Statement - PreSaveFile = new java.io.File(((pathPrefix + java.lang.Integer.toString(counter)) + .png)): null

2018-12-20 16:19:58 - [TEST_STEP][PASSED] - Statement - counter = counter + 1: null

2018-12-20 16:19:58 - [TEST_STEP][PASSED] - Statement - PreSaveFile = new java.io.File(((pathPrefix + java.lang.Integer.toString(counter)) + .png)): null

2018-12-20 16:19:58 - [TEST_STEP][PASSED] - Statement - counter = counter + 1: null

2018-12-20 16:19:58 - [TEST_STEP][PASSED] - Statement - PreSaveFile = new java.io.File(((pathPrefix + java.lang.Integer.toString(counter)) + .png)): null

2018-12-20 16:19:58 - [TEST_STEP][PASSED] - Statement - counter = counter + 1: null

2018-12-20 16:19:58 - [TEST_STEP][PASSED] - Statement - PreSaveFile = new java.io.File(((pathPrefix + java.lang.Integer.toString(counter)) + .png)): null

2018-12-20 16:19:58 - [TEST_STEP][PASSED] - Statement - counter = counter + 1: null

2018-12-20 16:19:58 - [TEST_STEP][PASSED] - Statement - PreSaveFile = new java.io.File(((pathPrefix + java.lang.Integer.toString(counter)) + .png)): null

2018-12-20 16:19:58 - [TEST_STEP][PASSED] - Statement - counter = counter + 1: null

2018-12-20 16:19:58 - [TEST_STEP][PASSED] - Statement - PreSaveFile = new java.io.File(((pathPrefix + java.lang.Integer.toString(counter)) + .png)): null

2018-12-20 16:19:58 - [TEST_STEP][PASSED] - Statement - counter = counter + 1: null

2018-12-20 16:19:58 - [TEST_STEP][PASSED] - Statement - PreSaveFile = new java.io.File(((pathPrefix + java.lang.Integer.toString(counter)) + .png)): null

2018-12-20 16:19:59 - [TEST_STEP][PASSED] - Statement - counter = counter + 1: null

2018-12-20 16:19:59 - [TEST_STEP][PASSED] - Statement - PreSaveFile = new java.io.File(((pathPrefix + java.lang.Integer.toString(counter)) + .png)): null

2018-12-20 16:19:59 - [TEST_STEP][PASSED] - Statement - counter = counter + 1: null

2018-12-20 16:19:59 - [TEST_STEP][PASSED] - Statement - PreSaveFile = new java.io.File(((pathPrefix + java.lang.Integer.toString(counter)) + .png)): null

2018-12-20 16:19:59 - [TEST_STEP][PASSED] - Statement - counter = counter + 1: null

2018-12-20 16:19:59 - [TEST_STEP][PASSED] - Statement - PreSaveFile = new java.io.File(((pathPrefix + java.lang.Integer.toString(counter)) + .png)): null

2018-12-20 16:19:59 - [TEST_STEP][PASSED] - Statement - counter = counter + 1: null

2018-12-20 16:19:59 - [TEST_STEP][PASSED] - Statement - PreSaveFile = new java.io.File(((pathPrefix + java.lang.Integer.toString(counter)) + .png)): null

2018-12-20 16:19:59 - [TEST_STEP][PASSED] - Statement - counter = counter + 1: null

2018-12-20 16:19:59 - [TEST_STEP][PASSED] - Statement - PreSaveFile = new java.io.File(((pathPrefix + java.lang.Integer.toString(counter)) + .png)): null

2018-12-20 16:19:59 - [TEST_STEP][PASSED] - Statement - counter = counter + 1: null

2018-12-20 16:19:59 - [TEST_STEP][PASSED] - Statement - PreSaveFile = new java.io.File(((pathPrefix + java.lang.Integer.toString(counter)) + .png)): null

2018-12-20 16:19:59 - [TEST_STEP][PASSED] - Statement - counter = counter + 1: null

2018-12-20 16:19:59 - [TEST_STEP][PASSED] - Statement - PreSaveFile = new java.io.File(((pathPrefix + java.lang.Integer.toString(counter)) + .png)): null

2018-12-20 16:19:59 - [TEST_STEP][PASSED] - Statement - counter = counter + 1: null

2018-12-20 16:19:59 - [TEST_STEP][PASSED] - Statement - PreSaveFile = new java.io.File(((pathPrefix + java.lang.Integer.toString(counter)) + .png)): null

2018-12-20 16:19:59 - [TEST_STEP][PASSED] - Statement - counter = counter + 1: null

2018-12-20 16:19:59 - [TEST_STEP][PASSED] - Statement - PreSaveFile = new java.io.File(((pathPrefix + java.lang.Integer.toString(counter)) + .png)): null

2018-12-20 16:19:59 - [TEST_STEP][PASSED] - Statement - counter = counter + 1: null

2018-12-20 16:19:59 - [TEST_STEP][PASSED] - Statement - PreSaveFile = new java.io.File(((pathPrefix + java.lang.Integer.toString(counter)) + .png)): null

2018-12-20 16:19:59 - [TEST_STEP][PASSED] - Statement - counter = counter + 1: null

2018-12-20 16:19:59 - [TEST_STEP][PASSED] - Statement - PreSaveFile = new java.io.File(((pathPrefix + java.lang.Integer.toString(counter)) + .png)): null

2018-12-20 16:19:59 - [TEST_STEP][PASSED] - Statement - counter = counter + 1: null

2018-12-20 16:19:59 - [TEST_STEP][PASSED] - Statement - PreSaveFile = new java.io.File(((pathPrefix + java.lang.Integer.toString(counter)) + .png)): null

2018-12-20 16:19:59 - [TEST_STEP][PASSED] - Statement - counter = counter + 1: null

2018-12-20 16:19:59 - [TEST_STEP][PASSED] - Statement - PreSaveFile = new java.io.File(((pathPrefix + java.lang.Integer.toString(counter)) + .png)): null

2018-12-20 16:19:59 - [TEST_STEP][PASSED] - Statement - counter = counter + 1: null

2018-12-20 16:19:59 - [TEST_STEP][PASSED] - Statement - PreSaveFile = new java.io.File(((pathPrefix + java.lang.Integer.toString(counter)) + .png)): null

2018-12-20 16:19:59 - [TEST_STEP][PASSED] - Statement - counter = counter + 1: null

2018-12-20 16:20:00 - [TEST_STEP][PASSED] - Statement - PreSaveFile = new java.io.File(((pathPrefix + java.lang.Integer.toString(counter)) + .png)): null

2018-12-20 16:20:00 - [TEST_STEP][PASSED] - Statement - counter = counter + 1: null

2018-12-20 16:20:00 - [TEST_STEP][PASSED] - Statement - PreSaveFile = new java.io.File(((pathPrefix + java.lang.Integer.toString(counter)) + .png)): null

2018-12-20 16:20:00 - [TEST_STEP][PASSED] - Statement - counter = counter + 1: null

2018-12-20 16:20:00 - [TEST_STEP][PASSED] - Statement - PreSaveFile = new java.io.File(((pathPrefix + java.lang.Integer.toString(counter)) + .png)): null

2018-12-20 16:20:00 - [TEST_STEP][PASSED] - Statement - counter = counter + 1: null

2018-12-20 16:20:00 - [TEST_STEP][PASSED] - Statement - PreSaveFile = new java.io.File(((pathPrefix + java.lang.Integer.toString(counter)) + .png)): null

2018-12-20 16:20:00 - [TEST_STEP][PASSED] - Statement - counter = counter + 1: null

2018-12-20 16:20:00 - [TEST_STEP][PASSED] - Statement - PreSaveFile = new java.io.File(((pathPrefix + java.lang.Integer.toString(counter)) + .png)): null

2018-12-20 16:20:00 - [TEST_STEP][PASSED] - Statement - counter = counter + 1: null

2018-12-20 16:20:00 - [TEST_STEP][PASSED] - Statement - PreSaveFile = new java.io.File(((pathPrefix + java.lang.Integer.toString(counter)) + .png)): null

2018-12-20 16:20:00 - [TEST_STEP][PASSED] - Statement - counter = counter + 1: null

2018-12-20 16:20:00 - [TEST_STEP][PASSED] - Statement - PreSaveFile = new java.io.File(((pathPrefix + java.lang.Integer.toString(counter)) + .png)): null

2018-12-20 16:20:00 - [TEST_STEP][PASSED] - Statement - counter = counter + 1: null

2018-12-20 16:20:00 - [TEST_STEP][PASSED] - Statement - PreSaveFile = new java.io.File(((pathPrefix + java.lang.Integer.toString(counter)) + .png)): null

2018-12-20 16:20:00 - [TEST_STEP][PASSED] - Statement - counter = counter + 1: null

2018-12-20 16:20:00 - [TEST_STEP][PASSED] - Statement - PreSaveFile = new java.io.File(((pathPrefix + java.lang.Integer.toString(counter)) + .png)): null

2018-12-20 16:20:00 - [TEST_STEP][PASSED] - Statement - counter = counter + 1: null

2018-12-20 16:20:00 - [TEST_STEP][PASSED] - Statement - PreSaveFile = new java.io.File(((pathPrefix + java.lang.Integer.toString(counter)) + .png)): null

2018-12-20 16:20:00 - [TEST_STEP][PASSED] - Statement - counter = counter + 1: null

2018-12-20 16:20:00 - [TEST_STEP][PASSED] - Statement - PreSaveFile = new java.io.File(((pathPrefix + java.lang.Integer.toString(counter)) + .png)): null

2018-12-20 16:20:00 - [TEST_STEP][PASSED] - Statement - counter = counter + 1: null

2018-12-20 16:20:00 - [TEST_STEP][PASSED] - Statement - PreSaveFile = new java.io.File(((pathPrefix + java.lang.Integer.toString(counter)) + .png)): null

2018-12-20 16:20:00 - [TEST_STEP][PASSED] - Statement - counter = counter + 1: null

2018-12-20 16:20:00 - [TEST_STEP][PASSED] - Statement - PreSaveFile = new java.io.File(((pathPrefix + java.lang.Integer.toString(counter)) + .png)): null

2018-12-20 16:20:00 - [TEST_STEP][PASSED] - Statement - counter = counter + 1: null

2018-12-20 16:20:00 - [TEST_STEP][PASSED] - Statement - PreSaveFile = new java.io.File(((pathPrefix + java.lang.Integer.toString(counter)) + .png)): null

2018-12-20 16:20:00 - [TEST_STEP][PASSED] - Statement - counter = counter + 1: null

2018-12-20 16:20:00 - [TEST_STEP][PASSED] - Statement - PreSaveFile = new java.io.File(((pathPrefix + java.lang.Integer.toString(counter)) + .png)): null

2018-12-20 16:20:01 - [TEST_STEP][PASSED] - Statement - counter = counter + 1: null

2018-12-20 16:20:01 - [TEST_STEP][PASSED] - Statement - PreSaveFile = new java.io.File(((pathPrefix + java.lang.Integer.toString(counter)) + .png)): null

2018-12-20 16:20:01 - [TEST_STEP][PASSED] - Statement - counter = counter + 1: null

2018-12-20 16:20:01 - [TEST_STEP][PASSED] - Statement - PreSaveFile = new java.io.File(((pathPrefix + java.lang.Integer.toString(counter)) + .png)): null

2018-12-20 16:20:01 - [TEST_STEP][PASSED] - Statement - counter = counter + 1: null

2018-12-20 16:20:01 - [TEST_STEP][PASSED] - Statement - PreSaveFile = new java.io.File(((pathPrefix + java.lang.Integer.toString(counter)) + .png)): null

2018-12-20 16:20:01 - [TEST_STEP][PASSED] - Statement - counter = counter + 1: null

2018-12-20 16:20:01 - [TEST_STEP][PASSED] - Statement - PreSaveFile = new java.io.File(((pathPrefix + java.lang.Integer.toString(counter)) + .png)): null

2018-12-20 16:20:01 - [TEST_STEP][PASSED] - Statement - counter = counter + 1: null

2018-12-20 16:20:01 - [TEST_STEP][PASSED] - Statement - PreSaveFile = new java.io.File(((pathPrefix + java.lang.Integer.toString(counter)) + .png)): null

2018-12-20 16:20:01 - [TEST_STEP][PASSED] - Statement - counter = counter + 1: null

2018-12-20 16:20:01 - [TEST_STEP][PASSED] - Statement - PreSaveFile = new java.io.File(((pathPrefix + java.lang.Integer.toString(counter)) + .png)): null

2018-12-20 16:20:01 - [TEST_STEP][PASSED] - Statement - counter = counter + 1: null

2018-12-20 16:20:01 - [TEST_STEP][PASSED] - Statement - PreSaveFile = new java.io.File(((pathPrefix + java.lang.Integer.toString(counter)) + .png)): null

2018-12-20 16:20:01 - [TEST_STEP][PASSED] - Statement - counter = counter + 1: null

2018-12-20 16:20:01 - [TEST_STEP][PASSED] - Statement - PreSaveFile = new java.io.File(((pathPrefix + java.lang.Integer.toString(counter)) + .png)): null

2018-12-20 16:20:01 - [TEST_STEP][PASSED] - Statement - counter = counter + 1: null

2018-12-20 16:20:01 - [TEST_STEP][PASSED] - Statement - PreSaveFile = new java.io.File(((pathPrefix + java.lang.Integer.toString(counter)) + .png)): null

2018-12-20 16:20:01 - [TEST_STEP][PASSED] - Statement - counter = counter + 1: null

2018-12-20 16:20:01 - [TEST_STEP][PASSED] - Statement - PreSaveFile = new java.io.File(((pathPrefix + java.lang.Integer.toString(counter)) + .png)): null

2018-12-20 16:20:01 - [TEST_STEP][PASSED] - Statement - counter = counter + 1: null

2018-12-20 16:20:01 - [TEST_STEP][PASSED] - Statement - PreSaveFile = new java.io.File(((pathPrefix + java.lang.Integer.toString(counter)) + .png)): null

2018-12-20 16:20:01 - [TEST_STEP][PASSED] - Statement - counter = counter + 1: null

2018-12-20 16:20:01 - [TEST_STEP][PASSED] - Statement - PreSaveFile = new java.io.File(((pathPrefix + java.lang.Integer.toString(counter)) + .png)): null

2018-12-20 16:20:01 - [TEST_STEP][PASSED] - Statement - counter = counter + 1: null

2018-12-20 16:20:01 - [TEST_STEP][PASSED] - Statement - PreSaveFile = new java.io.File(((pathPrefix + java.lang.Integer.toString(counter)) + .png)): null

2018-12-20 16:20:01 - [TEST_STEP][PASSED] - Statement - counter = counter + 1: null

2018-12-20 16:20:01 - [TEST_STEP][PASSED] - Statement - PreSaveFile = new java.io.File(((pathPrefix + java.lang.Integer.toString(counter)) + .png)): null

2018-12-20 16:20:02 - [TEST_STEP][PASSED] - Statement - counter = counter + 1: null

2018-12-20 16:20:02 - [TEST_STEP][PASSED] - Statement - PreSaveFile = new java.io.File(((pathPrefix + java.lang.Integer.toString(counter)) + .png)): null

2018-12-20 16:20:02 - [TEST_STEP][PASSED] - Statement - counter = counter + 1: null

2018-12-20 16:20:02 - [TEST_STEP][PASSED] - Statement - PreSaveFile = new java.io.File(((pathPrefix + java.lang.Integer.toString(counter)) + .png)): null

2018-12-20 16:20:02 - [TEST_STEP][PASSED] - Statement - counter = counter + 1: null

2018-12-20 16:20:02 - [TEST_STEP][PASSED] - Statement - PreSaveFile = new java.io.File(((pathPrefix + java.lang.Integer.toString(counter)) + .png)): null

2018-12-20 16:20:02 - [TEST_STEP][PASSED] - Statement - counter = counter + 1: null

2018-12-20 16:20:02 - [TEST_STEP][PASSED] - Statement - PreSaveFile = new java.io.File(((pathPrefix + java.lang.Integer.toString(counter)) + .png)): null

2018-12-20 16:20:02 - [TEST_STEP][PASSED] - Statement - counter = counter + 1: null

2018-12-20 16:20:02 - [TEST_STEP][PASSED] - Statement - PreSaveFile = new java.io.File(((pathPrefix + java.lang.Integer.toString(counter)) + .png)): null

2018-12-20 16:20:02 - [TEST_STEP][PASSED] - Statement - counter = counter + 1: null

2018-12-20 16:20:02 - [TEST_STEP][PASSED] - Statement - PreSaveFile = new java.io.File(((pathPrefix + java.lang.Integer.toString(counter)) + .png)): null

2018-12-20 16:20:02 - [TEST_STEP][PASSED] - Statement - counter = counter + 1: null

2018-12-20 16:20:02 - [TEST_STEP][PASSED] - Statement - PreSaveFile = new java.io.File(((pathPrefix + java.lang.Integer.toString(counter)) + .png)): null

2018-12-20 16:20:02 - [TEST_STEP][PASSED] - Statement - counter = counter + 1: null

2018-12-20 16:20:02 - [TEST_STEP][PASSED] - Statement - PreSaveFile = new java.io.File(((pathPrefix + java.lang.Integer.toString(counter)) + .png)): null

2018-12-20 16:20:02 - [TEST_STEP][PASSED] - Statement - counter = counter + 1: null

2018-12-20 16:20:02 - [TEST_STEP][PASSED] - Statement - PreSaveFile = new java.io.File(((pathPrefix + java.lang.Integer.toString(counter)) + .png)): null

2018-12-20 16:20:02 - [TEST_STEP][PASSED] - Statement - counter = counter + 1: null

2018-12-20 16:20:02 - [TEST_STEP][PASSED] - Statement - PreSaveFile = new java.io.File(((pathPrefix + java.lang.Integer.toString(counter)) + .png)): null

2018-12-20 16:20:02 - [TEST_STEP][PASSED] - Statement - counter = counter + 1: null

2018-12-20 16:20:02 - [TEST_STEP][PASSED] - Statement - PreSaveFile = new java.io.File(((pathPrefix + java.lang.Integer.toString(counter)) + .png)): null

2018-12-20 16:20:02 - [TEST_STEP][PASSED] - Statement - counter = counter + 1: null

2018-12-20 16:20:02 - [TEST_STEP][PASSED] - Statement - PreSaveFile = new java.io.File(((pathPrefix + java.lang.Integer.toString(counter)) + .png)): null

2018-12-20 16:20:02 - [TEST_STEP][PASSED] - Statement - counter = counter + 1: null

2018-12-20 16:20:02 - [TEST_STEP][PASSED] - Statement - PreSaveFile = new java.io.File(((pathPrefix + java.lang.Integer.toString(counter)) + .png)): null

2018-12-20 16:20:02 - [TEST_STEP][PASSED] - Statement - counter = counter + 1: null

2018-12-20 16:20:02 - [TEST_STEP][PASSED] - Statement - PreSaveFile = new java.io.File(((pathPrefix + java.lang.Integer.toString(counter)) + .png)): null

2018-12-20 16:20:02 - [TEST_STEP][PASSED] - Statement - counter = counter + 1: null

2018-12-20 16:20:02 - [TEST_STEP][PASSED] - Statement - PreSaveFile = new java.io.File(((pathPrefix + java.lang.Integer.toString(counter)) + .png)): null

2018-12-20 16:20:02 - [TEST_STEP][PASSED] - Statement - counter = counter + 1: null

2018-12-20 16:20:02 - [TEST_STEP][PASSED] - Statement - PreSaveFile = new java.io.File(((pathPrefix + java.lang.Integer.toString(counter)) + .png)): null

2018-12-20 16:20:02 - [TEST_STEP][PASSED] - Statement - counter = counter + 1: null

2018-12-20 16:20:02 - [TEST_STEP][PASSED] - Statement - PreSaveFile = new java.io.File(((pathPrefix + java.lang.Integer.toString(counter)) + .png)): null

2018-12-20 16:20:02 - [TEST_STEP][PASSED] - Statement - counter = counter + 1: null

2018-12-20 16:20:02 - [TEST_STEP][PASSED] - Statement - PreSaveFile = new java.io.File(((pathPrefix + java.lang.Integer.toString(counter)) + .png)): null

2018-12-20 16:20:02 - [TEST_STEP][PASSED] - Statement - counter = counter + 1: null

2018-12-20 16:20:02 - [TEST_STEP][PASSED] - Statement - PreSaveFile = new java.io.File(((pathPrefix + java.lang.Integer.toString(counter)) + .png)): null

2018-12-20 16:20:02 - [TEST_STEP][PASSED] - Statement - counter = counter + 1: null

2018-12-20 16:20:03 - [TEST_STEP][PASSED] - Statement - PreSaveFile = new java.io.File(((pathPrefix + java.lang.Integer.toString(counter)) + .png)): null

2018-12-20 16:20:03 - [TEST_STEP][PASSED] - Statement - counter = counter + 1: null

2018-12-20 16:20:03 - [TEST_STEP][PASSED] - Statement - PreSaveFile = new java.io.File(((pathPrefix + java.lang.Integer.toString(counter)) + .png)): null

2018-12-20 16:20:03 - [TEST_STEP][PASSED] - Statement - counter = counter + 1: null

2018-12-20 16:20:03 - [TEST_STEP][PASSED] - Statement - PreSaveFile = new java.io.File(((pathPrefix + java.lang.Integer.toString(counter)) + .png)): null

2018-12-20 16:20:03 - [TEST_STEP][PASSED] - Statement - counter = counter + 1: null

2018-12-20 16:20:03 - [TEST_STEP][PASSED] - Statement - PreSaveFile = new java.io.File(((pathPrefix + java.lang.Integer.toString(counter)) + .png)): null

2018-12-20 16:20:03 - [TEST_STEP][PASSED] - Statement - counter = counter + 1: null

2018-12-20 16:20:03 - [TEST_STEP][PASSED] - Statement - PreSaveFile = new java.io.File(((pathPrefix + java.lang.Integer.toString(counter)) + .png)): null

2018-12-20 16:20:03 - [TEST_STEP][PASSED] - Statement - counter = counter + 1: null

2018-12-20 16:20:03 - [TEST_STEP][PASSED] - Statement - PreSaveFile = new java.io.File(((pathPrefix + java.lang.Integer.toString(counter)) + .png)): null

2018-12-20 16:20:03 - [TEST_STEP][PASSED] - Statement - counter = counter + 1: null

2018-12-20 16:20:03 - [TEST_STEP][PASSED] - Statement - PreSaveFile = new java.io.File(((pathPrefix + java.lang.Integer.toString(counter)) + .png)): null

2018-12-20 16:20:03 - [TEST_STEP][PASSED] - Statement - counter = counter + 1: null

2018-12-20 16:20:03 - [TEST_STEP][PASSED] - Statement - PreSaveFile = new java.io.File(((pathPrefix + java.lang.Integer.toString(counter)) + .png)): null

2018-12-20 16:20:03 - [TEST_STEP][PASSED] - Statement - counter = counter + 1: null

2018-12-20 16:20:03 - [TEST_STEP][PASSED] - Statement - PreSaveFile = new java.io.File(((pathPrefix + java.lang.Integer.toString(counter)) + .png)): null

2018-12-20 16:20:03 - [TEST_STEP][PASSED] - Statement - counter = counter + 1: null

2018-12-20 16:20:03 - [TEST_STEP][PASSED] - Statement - PreSaveFile = new java.io.File(((pathPrefix + java.lang.Integer.toString(counter)) + .png)): null

2018-12-20 16:20:03 - [TEST_STEP][PASSED] - Statement - counter = counter + 1: null

2018-12-20 16:20:03 - [TEST_STEP][PASSED] - Statement - PreSaveFile = new java.io.File(((pathPrefix + java.lang.Integer.toString(counter)) + .png)): null

2018-12-20 16:20:03 - [TEST_STEP][PASSED] - Statement - counter = counter + 1: null

2018-12-20 16:20:03 - [TEST_STEP][PASSED] - Statement - PreSaveFile = new java.io.File(((pathPrefix + java.lang.Integer.toString(counter)) + .png)): null

2018-12-20 16:20:03 - [TEST_STEP][PASSED] - Statement - counter = counter + 1: null

2018-12-20 16:20:03 - [TEST_STEP][PASSED] - Statement - PreSaveFile = new java.io.File(((pathPrefix + java.lang.Integer.toString(counter)) + .png)): null

2018-12-20 16:20:03 - [TEST_STEP][PASSED] - Statement - counter = counter + 1: null

2018-12-20 16:20:03 - [TEST_STEP][PASSED] - Statement - PreSaveFile = new java.io.File(((pathPrefix + java.lang.Integer.toString(counter)) + .png)): null

2018-12-20 16:20:03 - [TEST_STEP][PASSED] - Statement - counter = counter + 1: null

2018-12-20 16:20:03 - [TEST_STEP][PASSED] - Statement - PreSaveFile = new java.io.File(((pathPrefix + java.lang.Integer.toString(counter)) + .png)): null

2018-12-20 16:20:04 - [TEST_STEP][PASSED] - Statement - counter = counter + 1: null

2018-12-20 16:20:04 - [TEST_STEP][PASSED] - Statement - PreSaveFile = new java.io.File(((pathPrefix + java.lang.Integer.toString(counter)) + .png)): null

2018-12-20 16:20:04 - [TEST_STEP][PASSED] - Statement - counter = counter + 1: null

2018-12-20 16:20:04 - [TEST_STEP][PASSED] - Statement - PreSaveFile = new java.io.File(((pathPrefix + java.lang.Integer.toString(counter)) + .png)): null

2018-12-20 16:20:04 - [TEST_STEP][PASSED] - Statement - counter = counter + 1: null

2018-12-20 16:20:04 - [TEST_STEP][PASSED] - Statement - PreSaveFile = new java.io.File(((pathPrefix + java.lang.Integer.toString(counter)) + .png)): null

2018-12-20 16:20:04 - [TEST_STEP][PASSED] - Statement - counter = counter + 1: null

2018-12-20 16:20:04 - [TEST_STEP][PASSED] - Statement - PreSaveFile = new java.io.File(((pathPrefix + java.lang.Integer.toString(counter)) + .png)): null

2018-12-20 16:20:04 - [TEST_STEP][PASSED] - Statement - counter = counter + 1: null

2018-12-20 16:20:04 - [TEST_STEP][PASSED] - Statement - PreSaveFile = new java.io.File(((pathPrefix + java.lang.Integer.toString(counter)) + .png)): null

2018-12-20 16:20:04 - [TEST_STEP][PASSED] - Statement - counter = counter + 1: null

2018-12-20 16:20:04 - [TEST_STEP][PASSED] - Statement - PreSaveFile = new java.io.File(((pathPrefix + java.lang.Integer.toString(counter)) + .png)): null

2018-12-20 16:20:04 - [TEST_STEP][PASSED] - Statement - counter = counter + 1: null

2018-12-20 16:20:04 - [TEST_STEP][PASSED] - Statement - PreSaveFile = new java.io.File(((pathPrefix + java.lang.Integer.toString(counter)) + .png)): null

2018-12-20 16:20:04 - [TEST_STEP][PASSED] - Statement - counter = counter + 1: null

2018-12-20 16:20:04 - [TEST_STEP][PASSED] - Statement - PreSaveFile = new java.io.File(((pathPrefix + java.lang.Integer.toString(counter)) + .png)): null

2018-12-20 16:20:04 - [TEST_STEP][PASSED] - Statement - counter = counter + 1: null

2018-12-20 16:20:04 - [TEST_STEP][PASSED] - Statement - PreSaveFile = new java.io.File(((pathPrefix + java.lang.Integer.toString(counter)) + .png)): null

2018-12-20 16:20:04 - [TEST_STEP][PASSED] - Statement - counter = counter + 1: null

2018-12-20 16:20:04 - [TEST_STEP][PASSED] - Statement - PreSaveFile = new java.io.File(((pathPrefix + java.lang.Integer.toString(counter)) + .png)): null

2018-12-20 16:20:04 - [TEST_STEP][PASSED] - Statement - counter = counter + 1: null

2018-12-20 16:20:04 - [TEST_STEP][PASSED] - Statement - PreSaveFile = new java.io.File(((pathPrefix + java.lang.Integer.toString(counter)) + .png)): null

2018-12-20 16:20:04 - [TEST_STEP][PASSED] - Statement - counter = counter + 1: null

2018-12-20 16:20:04 - [TEST_STEP][PASSED] - Statement - PreSaveFile = new java.io.File(((pathPrefix + java.lang.Integer.toString(counter)) + .png)): null

2018-12-20 16:20:04 - [TEST_STEP][PASSED] - Statement - counter = counter + 1: null

2018-12-20 16:20:04 - [TEST_STEP][PASSED] - Statement - PreSaveFile = new java.io.File(((pathPrefix + java.lang.Integer.toString(counter)) + .png)): null

2018-12-20 16:20:04 - [TEST_STEP][PASSED] - Statement - counter = counter + 1: null

2018-12-20 16:20:04 - [TEST_STEP][PASSED] - Statement - PreSaveFile = new java.io.File(((pathPrefix + java.lang.Integer.toString(counter)) + .png)): null

2018-12-20 16:20:05 - [TEST_STEP][PASSED] - Statement - counter = counter + 1: null

2018-12-20 16:20:05 - [TEST_STEP][PASSED] - Statement - PreSaveFile = new java.io.File(((pathPrefix + java.lang.Integer.toString(counter)) + .png)): null

2018-12-20 16:20:05 - [TEST_STEP][PASSED] - Statement - counter = counter + 1: null

2018-12-20 16:20:05 - [TEST_STEP][PASSED] - Statement - PreSaveFile = new java.io.File(((pathPrefix + java.lang.Integer.toString(counter)) + .png)): null

2018-12-20 16:20:05 - [TEST_STEP][PASSED] - Statement - counter = counter + 1: null

2018-12-20 16:20:05 - [TEST_STEP][PASSED] - Statement - PreSaveFile = new java.io.File(((pathPrefix + java.lang.Integer.toString(counter)) + .png)): null

2018-12-20 16:20:05 - [TEST_STEP][PASSED] - Statement - counter = counter + 1: null

2018-12-20 16:20:05 - [TEST_STEP][PASSED] - Statement - PreSaveFile = new java.io.File(((pathPrefix + java.lang.Integer.toString(counter)) + .png)): null

2018-12-20 16:20:05 - [TEST_STEP][PASSED] - Statement - counter = counter + 1: null

2018-12-20 16:20:05 - [TEST_STEP][PASSED] - Statement - PreSaveFile = new java.io.File(((pathPrefix + java.lang.Integer.toString(counter)) + .png)): null

2018-12-20 16:20:05 - [TEST_STEP][PASSED] - Statement - counter = counter + 1: null

2018-12-20 16:20:05 - [TEST_STEP][PASSED] - Statement - PreSaveFile = new java.io.File(((pathPrefix + java.lang.Integer.toString(counter)) + .png)): null

2018-12-20 16:20:05 - [TEST_STEP][PASSED] - Statement - counter = counter + 1: null

2018-12-20 16:20:05 - [TEST_STEP][PASSED] - Statement - PreSaveFile = new java.io.File(((pathPrefix + java.lang.Integer.toString(counter)) + .png)): null

2018-12-20 16:20:05 - [TEST_STEP][PASSED] - Statement - counter = counter + 1: null

2018-12-20 16:20:05 - [TEST_STEP][PASSED] - Statement - PreSaveFile = new java.io.File(((pathPrefix + java.lang.Integer.toString(counter)) + .png)): null

2018-12-20 16:20:05 - [TEST_STEP][PASSED] - Statement - counter = counter + 1: null

2018-12-20 16:20:05 - [TEST_STEP][PASSED] - Statement - PreSaveFile = new java.io.File(((pathPrefix + java.lang.Integer.toString(counter)) + .png)): null

2018-12-20 16:20:05 - [TEST_STEP][PASSED] - Statement - counter = counter + 1: null

2018-12-20 16:20:05 - [TEST_STEP][PASSED] - Statement - PreSaveFile = new java.io.File(((pathPrefix + java.lang.Integer.toString(counter)) + .png)): null

2018-12-20 16:20:05 - [TEST_STEP][PASSED] - Statement - counter = counter + 1: null

2018-12-20 16:20:05 - [TEST_STEP][PASSED] - Statement - PreSaveFile = new java.io.File(((pathPrefix + java.lang.Integer.toString(counter)) + .png)): null

2018-12-20 16:20:05 - [TEST_STEP][PASSED] - Statement - counter = counter + 1: null

2018-12-20 16:20:05 - [TEST_STEP][PASSED] - Statement - PreSaveFile = new java.io.File(((pathPrefix + java.lang.Integer.toString(counter)) + .png)): null

2018-12-20 16:20:05 - [TEST_STEP][PASSED] - Statement - counter = counter + 1: null

2018-12-20 16:20:05 - [TEST_STEP][PASSED] - Statement - PreSaveFile = new java.io.File(((pathPrefix + java.lang.Integer.toString(counter)) + .png)): null

2018-12-20 16:20:05 - [TEST_STEP][PASSED] - Statement - counter = counter + 1: null

2018-12-20 16:20:05 - [TEST_STEP][PASSED] - Statement - PreSaveFile = new java.io.File(((pathPrefix + java.lang.Integer.toString(counter)) + .png)): null

2018-12-20 16:20:05 - [TEST_STEP][PASSED] - Statement - counter = counter + 1: null

2018-12-20 16:20:06 - [TEST_STEP][PASSED] - Statement - PreSaveFile = new java.io.File(((pathPrefix + java.lang.Integer.toString(counter)) + .png)): null

2018-12-20 16:20:06 - [TEST_STEP][PASSED] - Statement - counter = counter + 1: null

2018-12-20 16:20:06 - [TEST_STEP][PASSED] - Statement - PreSaveFile = new java.io.File(((pathPrefix + java.lang.Integer.toString(counter)) + .png)): null

2018-12-20 16:20:06 - [TEST_STEP][PASSED] - Statement - counter = counter + 1: null

2018-12-20 16:20:06 - [TEST_STEP][PASSED] - Statement - PreSaveFile = new java.io.File(((pathPrefix + java.lang.Integer.toString(counter)) + .png)): null

2018-12-20 16:20:06 - [TEST_STEP][PASSED] - Statement - counter = counter + 1: null

2018-12-20 16:20:06 - [TEST_STEP][PASSED] - Statement - PreSaveFile = new java.io.File(((pathPrefix + java.lang.Integer.toString(counter)) + .png)): null

2018-12-20 16:20:06 - [TEST_STEP][PASSED] - Statement - counter = counter + 1: null

2018-12-20 16:20:06 - [TEST_STEP][PASSED] - Statement - PreSaveFile = new java.io.File(((pathPrefix + java.lang.Integer.toString(counter)) + .png)): null

2018-12-20 16:20:06 - [TEST_STEP][PASSED] - Statement - counter = counter + 1: null

2018-12-20 16:20:06 - [TEST_STEP][PASSED] - Statement - PreSaveFile = new java.io.File(((pathPrefix + java.lang.Integer.toString(counter)) + .png)): null

2018-12-20 16:20:06 - [TEST_STEP][PASSED] - Statement - counter = counter + 1: null

2018-12-20 16:20:06 - [TEST_STEP][PASSED] - Statement - PreSaveFile = new java.io.File(((pathPrefix + java.lang.Integer.toString(counter)) + .png)): null

2018-12-20 16:20:06 - [TEST_STEP][PASSED] - Statement - counter = counter + 1: null

2018-12-20 16:20:06 - [TEST_STEP][PASSED] - Statement - PreSaveFile = new java.io.File(((pathPrefix + java.lang.Integer.toString(counter)) + .png)): null

2018-12-20 16:20:06 - [TEST_STEP][PASSED] - Statement - counter = counter + 1: null

2018-12-20 16:20:06 - [TEST_STEP][PASSED] - Statement - PreSaveFile = new java.io.File(((pathPrefix + java.lang.Integer.toString(counter)) + .png)): null

2018-12-20 16:20:06 - [TEST_STEP][PASSED] - Statement - counter = counter + 1: null

2018-12-20 16:20:06 - [TEST_STEP][PASSED] - Statement - PreSaveFile = new java.io.File(((pathPrefix + java.lang.Integer.toString(counter)) + .png)): null

2018-12-20 16:20:06 - [TEST_STEP][PASSED] - Statement - counter = counter + 1: null

2018-12-20 16:20:06 - [TEST_STEP][PASSED] - Statement - PreSaveFile = new java.io.File(((pathPrefix + java.lang.Integer.toString(counter)) + .png)): null

2018-12-20 16:20:06 - [TEST_STEP][PASSED] - Statement - counter = counter + 1: null

2018-12-20 16:20:06 - [TEST_STEP][PASSED] - Statement - PreSaveFile = new java.io.File(((pathPrefix + java.lang.Integer.toString(counter)) + .png)): null

2018-12-20 16:20:06 - [TEST_STEP][PASSED] - Statement - counter = counter + 1: null

2018-12-20 16:20:06 - [TEST_STEP][PASSED] - Statement - PreSaveFile = new java.io.File(((pathPrefix + java.lang.Integer.toString(counter)) + .png)): null

2018-12-20 16:20:06 - [TEST_STEP][PASSED] - Statement - counter = counter + 1: null

2018-12-20 16:20:06 - [TEST_STEP][PASSED] - Statement - PreSaveFile = new java.io.File(((pathPrefix + java.lang.Integer.toString(counter)) + .png)): null

2018-12-20 16:20:06 - [TEST_STEP][PASSED] - Statement - counter = counter + 1: null

2018-12-20 16:20:06 - [TEST_STEP][PASSED] - Statement - PreSaveFile = new java.io.File(((pathPrefix + java.lang.Integer.toString(counter)) + .png)): null

2018-12-20 16:20:07 - [TEST_STEP][PASSED] - Statement - counter = counter + 1: null

2018-12-20 16:20:07 - [TEST_STEP][PASSED] - Statement - PreSaveFile = new java.io.File(((pathPrefix + java.lang.Integer.toString(counter)) + .png)): null

2018-12-20 16:20:07 - [TEST_STEP][PASSED] - Statement - counter = counter + 1: null

2018-12-20 16:20:07 - [TEST_STEP][PASSED] - Statement - PreSaveFile = new java.io.File(((pathPrefix + java.lang.Integer.toString(counter)) + .png)): null

2018-12-20 16:20:07 - [TEST_STEP][PASSED] - Statement - counter = counter + 1: null

2018-12-20 16:20:07 - [TEST_STEP][PASSED] - Statement - PreSaveFile = new java.io.File(((pathPrefix + java.lang.Integer.toString(counter)) + .png)): null

2018-12-20 16:20:07 - [TEST_STEP][PASSED] - Statement - counter = counter + 1: null

2018-12-20 16:20:07 - [TEST_STEP][PASSED] - Statement - PreSaveFile = new java.io.File(((pathPrefix + java.lang.Integer.toString(counter)) + .png)): null

2018-12-20 16:20:07 - [TEST_STEP][PASSED] - Statement - counter = counter + 1: null

2018-12-20 16:20:07 - [TEST_STEP][PASSED] - Statement - PreSaveFile = new java.io.File(((pathPrefix + java.lang.Integer.toString(counter)) + .png)): null

2018-12-20 16:20:07 - [TEST_STEP][PASSED] - Statement - counter = counter + 1: null

2018-12-20 16:20:07 - [TEST_STEP][PASSED] - Statement - PreSaveFile = new java.io.File(((pathPrefix + java.lang.Integer.toString(counter)) + .png)): null

2018-12-20 16:20:07 - [TEST_STEP][PASSED] - Statement - counter = counter + 1: null

2018-12-20 16:20:07 - [TEST_STEP][PASSED] - Statement - PreSaveFile = new java.io.File(((pathPrefix + java.lang.Integer.toString(counter)) + .png)): null

2018-12-20 16:20:07 - [TEST_STEP][PASSED] - Statement - counter = counter + 1: null

2018-12-20 16:20:07 - [TEST_STEP][PASSED] - Statement - PreSaveFile = new java.io.File(((pathPrefix + java.lang.Integer.toString(counter)) + .png)): null

2018-12-20 16:20:07 - [TEST_STEP][PASSED] - Statement - counter = counter + 1: null

2018-12-20 16:20:07 - [TEST_STEP][PASSED] - Statement - PreSaveFile = new java.io.File(((pathPrefix + java.lang.Integer.toString(counter)) + .png)): null

2018-12-20 16:20:07 - [TEST_STEP][PASSED] - Statement - counter = counter + 1: null

2018-12-20 16:20:07 - [TEST_STEP][PASSED] - Statement - PreSaveFile = new java.io.File(((pathPrefix + java.lang.Integer.toString(counter)) + .png)): null

2018-12-20 16:20:07 - [TEST_STEP][PASSED] - Statement - counter = counter + 1: null

2018-12-20 16:20:07 - [TEST_STEP][PASSED] - Statement - PreSaveFile = new java.io.File(((pathPrefix + java.lang.Integer.toString(counter)) + .png)): null

2018-12-20 16:20:07 - [TEST_STEP][PASSED] - Statement - counter = counter + 1: null

2018-12-20 16:20:07 - [TEST_STEP][PASSED] - Statement - PreSaveFile = new java.io.File(((pathPrefix + java.lang.Integer.toString(counter)) + .png)): null

2018-12-20 16:20:07 - [TEST_STEP][PASSED] - Statement - counter = counter + 1: null

2018-12-20 16:20:07 - [TEST_STEP][PASSED] - Statement - PreSaveFile = new java.io.File(((pathPrefix + java.lang.Integer.toString(counter)) + .png)): null

2018-12-20 16:20:07 - [TEST_STEP][PASSED] - Statement - counter = counter + 1: null

2018-12-20 16:20:07 - [TEST_STEP][PASSED] - Statement - PreSaveFile = new java.io.File(((pathPrefix + java.lang.Integer.toString(counter)) + .png)): null

2018-12-20 16:20:07 - [TEST_STEP][PASSED] - Statement - counter = counter + 1: null

2018-12-20 16:20:08 - [TEST_STEP][PASSED] - Statement - PreSaveFile = new java.io.File(((pathPrefix + java.lang.Integer.toString(counter)) + .png)): null

2018-12-20 16:20:08 - [TEST_STEP][PASSED] - Statement - counter = counter + 1: null

2018-12-20 16:20:08 - [TEST_STEP][PASSED] - Statement - PreSaveFile = new java.io.File(((pathPrefix + java.lang.Integer.toString(counter)) + .png)): null

2018-12-20 16:20:08 - [TEST_STEP][PASSED] - Statement - counter = counter + 1: null

2018-12-20 16:20:08 - [TEST_STEP][PASSED] - Statement - PreSaveFile = new java.io.File(((pathPrefix + java.lang.Integer.toString(counter)) + .png)): null

2018-12-20 16:20:08 - [TEST_STEP][PASSED] - Statement - counter = counter + 1: null

2018-12-20 16:20:08 - [TEST_STEP][PASSED] - Statement - PreSaveFile = new java.io.File(((pathPrefix + java.lang.Integer.toString(counter)) + .png)): null

2018-12-20 16:20:08 - [TEST_STEP][PASSED] - Statement - counter = counter + 1: null

2018-12-20 16:20:08 - [TEST_STEP][PASSED] - Statement - PreSaveFile = new java.io.File(((pathPrefix + java.lang.Integer.toString(counter)) + .png)): null

2018-12-20 16:20:08 - [TEST_STEP][PASSED] - Statement - counter = counter + 1: null

2018-12-20 16:20:08 - [TEST_STEP][PASSED] - Statement - PreSaveFile = new java.io.File(((pathPrefix + java.lang.Integer.toString(counter)) + .png)): null

2018-12-20 16:20:08 - [TEST_STEP][PASSED] - Statement - counter = counter + 1: null

2018-12-20 16:20:08 - [TEST_STEP][PASSED] - Statement - PreSaveFile = new java.io.File(((pathPrefix + java.lang.Integer.toString(counter)) + .png)): null

2018-12-20 16:20:08 - [TEST_STEP][PASSED] - Statement - counter = counter + 1: null

2018-12-20 16:20:08 - [TEST_STEP][PASSED] - Statement - PreSaveFile = new java.io.File(((pathPrefix + java.lang.Integer.toString(counter)) + .png)): null

2018-12-20 16:20:08 - [TEST_STEP][PASSED] - Statement - counter = counter + 1: null

2018-12-20 16:20:08 - [TEST_STEP][PASSED] - Statement - PreSaveFile = new java.io.File(((pathPrefix + java.lang.Integer.toString(counter)) + .png)): null

2018-12-20 16:20:08 - [TEST_STEP][PASSED] - Statement - counter = counter + 1: null

2018-12-20 16:20:08 - [TEST_STEP][PASSED] - Statement - PreSaveFile = new java.io.File(((pathPrefix + java.lang.Integer.toString(counter)) + .png)): null

2018-12-20 16:20:08 - [TEST_STEP][PASSED] - Statement - counter = counter + 1: null

2018-12-20 16:20:08 - [TEST_STEP][PASSED] - Statement - PreSaveFile = new java.io.File(((pathPrefix + java.lang.Integer.toString(counter)) + .png)): null

2018-12-20 16:20:08 - [TEST_STEP][PASSED] - Statement - counter = counter + 1: null

2018-12-20 16:20:08 - [TEST_STEP][PASSED] - Statement - PreSaveFile = new java.io.File(((pathPrefix + java.lang.Integer.toString(counter)) + .png)): null

2018-12-20 16:20:08 - [TEST_STEP][PASSED] - Statement - counter = counter + 1: null

2018-12-20 16:20:08 - [TEST_STEP][PASSED] - Statement - PreSaveFile = new java.io.File(((pathPrefix + java.lang.Integer.toString(counter)) + .png)): null

2018-12-20 16:20:08 - [TEST_STEP][PASSED] - Statement - counter = counter + 1: null

2018-12-20 16:20:08 - [TEST_STEP][PASSED] - Statement - PreSaveFile = new java.io.File(((pathPrefix + java.lang.Integer.toString(counter)) + .png)): null

2018-12-20 16:20:08 - [TEST_STEP][PASSED] - Statement - counter = counter + 1: null

2018-12-20 16:20:08 - [TEST_STEP][PASSED] - Statement - PreSaveFile = new java.io.File(((pathPrefix + java.lang.Integer.toString(counter)) + .png)): null

2018-12-20 16:20:09 - [TEST_STEP][PASSED] - Statement - counter = counter + 1: null

2018-12-20 16:20:09 - [TEST_STEP][PASSED] - Statement - PreSaveFile = new java.io.File(((pathPrefix + java.lang.Integer.toString(counter)) + .png)): null

2018-12-20 16:20:09 - [TEST_STEP][PASSED] - Statement - counter = counter + 1: null

2018-12-20 16:20:09 - [TEST_STEP][PASSED] - Statement - PreSaveFile = new java.io.File(((pathPrefix + java.lang.Integer.toString(counter)) + .png)): null

2018-12-20 16:20:09 - [TEST_STEP][PASSED] - Statement - counter = counter + 1: null

2018-12-20 16:20:09 - [TEST_STEP][PASSED] - Statement - PreSaveFile = new java.io.File(((pathPrefix + java.lang.Integer.toString(counter)) + .png)): null

2018-12-20 16:20:09 - [TEST_STEP][PASSED] - Statement - counter = counter + 1: null

2018-12-20 16:20:09 - [TEST_STEP][PASSED] - Statement - PreSaveFile = new java.io.File(((pathPrefix + java.lang.Integer.toString(counter)) + .png)): null

2018-12-20 16:20:09 - [TEST_STEP][PASSED] - Statement - counter = counter + 1: null

2018-12-20 16:20:09 - [TEST_STEP][PASSED] - Statement - PreSaveFile = new java.io.File(((pathPrefix + java.lang.Integer.toString(counter)) + .png)): null

2018-12-20 16:20:09 - [TEST_STEP][PASSED] - Statement - counter = counter + 1: null

2018-12-20 16:20:09 - [TEST_STEP][PASSED] - Statement - PreSaveFile = new java.io.File(((pathPrefix + java.lang.Integer.toString(counter)) + .png)): null

2018-12-20 16:20:09 - [TEST_STEP][PASSED] - Statement - counter = counter + 1: null

2018-12-20 16:20:09 - [TEST_STEP][PASSED] - Statement - PreSaveFile = new java.io.File(((pathPrefix + java.lang.Integer.toString(counter)) + .png)): null

2018-12-20 16:20:09 - [TEST_STEP][PASSED] - Statement - counter = counter + 1: null

2018-12-20 16:20:09 - [TEST_STEP][PASSED] - Statement - PreSaveFile = new java.io.File(((pathPrefix + java.lang.Integer.toString(counter)) + .png)): null

2018-12-20 16:20:09 - [TEST_STEP][PASSED] - Statement - counter = counter + 1: null

2018-12-20 16:20:09 - [TEST_STEP][PASSED] - Statement - PreSaveFile = new java.io.File(((pathPrefix + java.lang.Integer.toString(counter)) + .png)): null

2018-12-20 16:20:09 - [TEST_STEP][PASSED] - Statement - counter = counter + 1: null

2018-12-20 16:20:09 - [TEST_STEP][PASSED] - Statement - PreSaveFile = new java.io.File(((pathPrefix + java.lang.Integer.toString(counter)) + .png)): null

2018-12-20 16:20:09 - [TEST_STEP][PASSED] - Statement - counter = counter + 1: null

2018-12-20 16:20:09 - [TEST_STEP][PASSED] - Statement - PreSaveFile = new java.io.File(((pathPrefix + java.lang.Integer.toString(counter)) + .png)): null

2018-12-20 16:20:09 - [TEST_STEP][PASSED] - Statement - counter = counter + 1: null

2018-12-20 16:20:09 - [TEST_STEP][PASSED] - Statement - PreSaveFile = new java.io.File(((pathPrefix + java.lang.Integer.toString(counter)) + .png)): null

2018-12-20 16:20:09 - [TEST_STEP][PASSED] - Statement - counter = counter + 1: null

2018-12-20 16:20:09 - [TEST_STEP][PASSED] - Statement - PreSaveFile = new java.io.File(((pathPrefix + java.lang.Integer.toString(counter)) + .png)): null

2018-12-20 16:20:09 - [TEST_STEP][PASSED] - Statement - counter = counter + 1: null

2018-12-20 16:20:09 - [TEST_STEP][PASSED] - Statement - PreSaveFile = new java.io.File(((pathPrefix + java.lang.Integer.toString(counter)) + .png)): null

2018-12-20 16:20:10 - [TEST_STEP][PASSED] - Statement - counter = counter + 1: null

2018-12-20 16:20:10 - [TEST_STEP][PASSED] - Statement - PreSaveFile = new java.io.File(((pathPrefix + java.lang.Integer.toString(counter)) + .png)): null

2018-12-20 16:20:10 - [TEST_STEP][PASSED] - Statement - counter = counter + 1: null

2018-12-20 16:20:10 - [TEST_STEP][PASSED] - Statement - PreSaveFile = new java.io.File(((pathPrefix + java.lang.Integer.toString(counter)) + .png)): null

2018-12-20 16:20:10 - [TEST_STEP][PASSED] - Statement - counter = counter + 1: null

2018-12-20 16:20:10 - [TEST_STEP][PASSED] - Statement - PreSaveFile = new java.io.File(((pathPrefix + java.lang.Integer.toString(counter)) + .png)): null

2018-12-20 16:20:10 - [TEST_STEP][PASSED] - Statement - counter = counter + 1: null

2018-12-20 16:20:10 - [TEST_STEP][PASSED] - Statement - PreSaveFile = new java.io.File(((pathPrefix + java.lang.Integer.toString(counter)) + .png)): null

2018-12-20 16:20:10 - [TEST_STEP][PASSED] - Statement - counter = counter + 1: null

2018-12-20 16:20:10 - [TEST_STEP][PASSED] - Statement - PreSaveFile = new java.io.File(((pathPrefix + java.lang.Integer.toString(counter)) + .png)): null

2018-12-20 16:20:10 - [TEST_STEP][PASSED] - Statement - counter = counter + 1: null

2018-12-20 16:20:10 - [TEST_STEP][PASSED] - Statement - PreSaveFile = new java.io.File(((pathPrefix + java.lang.Integer.toString(counter)) + .png)): null

2018-12-20 16:20:10 - [TEST_STEP][PASSED] - Statement - counter = counter + 1: null

2018-12-20 16:20:10 - [TEST_STEP][PASSED] - Statement - PreSaveFile = new java.io.File(((pathPrefix + java.lang.Integer.toString(counter)) + .png)): null

2018-12-20 16:20:10 - [TEST_STEP][PASSED] - Statement - counter = counter + 1: null

2018-12-20 16:20:10 - [TEST_STEP][PASSED] - Statement - PreSaveFile = new java.io.File(((pathPrefix + java.lang.Integer.toString(counter)) + .png)): null

2018-12-20 16:20:10 - [TEST_STEP][PASSED] - Statement - counter = counter + 1: null

2018-12-20 16:20:10 - [TEST_STEP][PASSED] - Statement - PreSaveFile = new java.io.File(((pathPrefix + java.lang.Integer.toString(counter)) + .png)): null

2018-12-20 16:20:10 - [TEST_STEP][PASSED] - Statement - counter = counter + 1: null

2018-12-20 16:20:10 - [TEST_STEP][PASSED] - Statement - PreSaveFile = new java.io.File(((pathPrefix + java.lang.Integer.toString(counter)) + .png)): null

2018-12-20 16:20:10 - [TEST_STEP][PASSED] - Statement - counter = counter + 1: null

2018-12-20 16:20:10 - [TEST_STEP][PASSED] - Statement - PreSaveFile = new java.io.File(((pathPrefix + java.lang.Integer.toString(counter)) + .png)): null

2018-12-20 16:20:10 - [TEST_STEP][PASSED] - Statement - counter = counter + 1: null

2018-12-20 16:20:10 - [TEST_STEP][PASSED] - Statement - PreSaveFile = new java.io.File(((pathPrefix + java.lang.Integer.toString(counter)) + .png)): null

2018-12-20 16:20:10 - [TEST_STEP][PASSED] - Statement - counter = counter + 1: null

2018-12-20 16:20:10 - [TEST_STEP][PASSED] - Statement - PreSaveFile = new java.io.File(((pathPrefix + java.lang.Integer.toString(counter)) + .png)): null

2018-12-20 16:20:10 - [TEST_STEP][PASSED] - Statement - counter = counter + 1: null

2018-12-20 16:20:10 - [TEST_STEP][PASSED] - Statement - PreSaveFile = new java.io.File(((pathPrefix + java.lang.Integer.toString(counter)) + .png)): null

2018-12-20 16:20:10 - [TEST_STEP][PASSED] - Statement - counter = counter + 1: null

2018-12-20 16:20:11 - [TEST_STEP][PASSED] - Statement - PreSaveFile = new java.io.File(((pathPrefix + java.lang.Integer.toString(counter)) + .png)): null

2018-12-20 16:20:11 - [TEST_STEP][PASSED] - Statement - counter = counter + 1: null

2018-12-20 16:20:11 - [TEST_STEP][PASSED] - Statement - PreSaveFile = new java.io.File(((pathPrefix + java.lang.Integer.toString(counter)) + .png)): null

2018-12-20 16:20:11 - [TEST_STEP][PASSED] - Statement - counter = counter + 1: null

2018-12-20 16:20:11 - [TEST_STEP][PASSED] - Statement - PreSaveFile = new java.io.File(((pathPrefix + java.lang.Integer.toString(counter)) + .png)): null

2018-12-20 16:20:11 - [TEST_STEP][PASSED] - Statement - counter = counter + 1: null

2018-12-20 16:20:11 - [TEST_STEP][PASSED] - Statement - PreSaveFile = new java.io.File(((pathPrefix + java.lang.Integer.toString(counter)) + .png)): null

2018-12-20 16:20:11 - [TEST_STEP][PASSED] - Statement - counter = counter + 1: null

2018-12-20 16:20:11 - [TEST_STEP][PASSED] - Statement - PreSaveFile = new java.io.File(((pathPrefix + java.lang.Integer.toString(counter)) + .png)): null

2018-12-20 16:20:11 - [TEST_STEP][PASSED] - Statement - counter = counter + 1: null

2018-12-20 16:20:11 - [TEST_STEP][PASSED] - Statement - PreSaveFile = new java.io.File(((pathPrefix + java.lang.Integer.toString(counter)) + .png)): null

2018-12-20 16:20:11 - [TEST_STEP][PASSED] - Statement - counter = counter + 1: null

2018-12-20 16:20:11 - [TEST_STEP][PASSED] - Statement - PreSaveFile = new java.io.File(((pathPrefix + java.lang.Integer.toString(counter)) + .png)): null

2018-12-20 16:20:11 - [TEST_STEP][PASSED] - Statement - counter = counter + 1: null

2018-12-20 16:20:11 - [TEST_STEP][PASSED] - Statement - PreSaveFile = new java.io.File(((pathPrefix + java.lang.Integer.toString(counter)) + .png)): null

2018-12-20 16:20:11 - [TEST_STEP][PASSED] - Statement - counter = counter + 1: null

2018-12-20 16:20:11 - [TEST_STEP][PASSED] - Statement - PreSaveFile = new java.io.File(((pathPrefix + java.lang.Integer.toString(counter)) + .png)): null

2018-12-20 16:20:11 - [TEST_STEP][PASSED] - Statement - counter = counter + 1: null

2018-12-20 16:20:11 - [TEST_STEP][PASSED] - Statement - PreSaveFile = new java.io.File(((pathPrefix + java.lang.Integer.toString(counter)) + .png)): null

2018-12-20 16:20:11 - [TEST_STEP][PASSED] - Statement - counter = counter + 1: null

2018-12-20 16:20:11 - [TEST_STEP][PASSED] - Statement - PreSaveFile = new java.io.File(((pathPrefix + java.lang.Integer.toString(counter)) + .png)): null

2018-12-20 16:20:11 - [TEST_STEP][PASSED] - Statement - counter = counter + 1: null

2018-12-20 16:20:11 - [TEST_STEP][PASSED] - Statement - PreSaveFile = new java.io.File(((pathPrefix + java.lang.Integer.toString(counter)) + .png)): null

2018-12-20 16:20:11 - [TEST_STEP][PASSED] - Statement - counter = counter + 1: null

2018-12-20 16:20:11 - [TEST_STEP][PASSED] - Statement - PreSaveFile = new java.io.File(((pathPrefix + java.lang.Integer.toString(counter)) + .png)): null

2018-12-20 16:20:11 - [TEST_STEP][PASSED] - Statement - counter = counter + 1: null

2018-12-20 16:20:11 - [TEST_STEP][PASSED] - Statement - PreSaveFile = new java.io.File(((pathPrefix + java.lang.Integer.toString(counter)) + .png)): null

2018-12-20 16:20:11 - [TEST_STEP][PASSED] - Statement - counter = counter + 1: null

2018-12-20 16:20:11 - [TEST_STEP][PASSED] - Statement - PreSaveFile = new java.io.File(((pathPrefix + java.lang.Integer.toString(counter)) + .png)): null

2018-12-20 16:20:12 - [TEST_STEP][PASSED] - Statement - counter = counter + 1: null

2018-12-20 16:20:12 - [TEST_STEP][PASSED] - Statement - PreSaveFile = new java.io.File(((pathPrefix + java.lang.Integer.toString(counter)) + .png)): null

2018-12-20 16:20:12 - [TEST_STEP][PASSED] - Statement - counter = counter + 1: null

2018-12-20 16:20:12 - [TEST_STEP][PASSED] - Statement - PreSaveFile = new java.io.File(((pathPrefix + java.lang.Integer.toString(counter)) + .png)): null

2018-12-20 16:20:12 - [TEST_STEP][PASSED] - Statement - counter = counter + 1: null

2018-12-20 16:20:12 - [TEST_STEP][PASSED] - Statement - PreSaveFile = new java.io.File(((pathPrefix + java.lang.Integer.toString(counter)) + .png)): null

2018-12-20 16:20:12 - [TEST_STEP][PASSED] - Statement - counter = counter + 1: null

2018-12-20 16:20:12 - [TEST_STEP][PASSED] - Statement - PreSaveFile = new java.io.File(((pathPrefix + java.lang.Integer.toString(counter)) + .png)): null

2018-12-20 16:20:12 - [TEST_STEP][PASSED] - Statement - counter = counter + 1: null

2018-12-20 16:20:12 - [TEST_STEP][PASSED] - Statement - PreSaveFile = new java.io.File(((pathPrefix + java.lang.Integer.toString(counter)) + .png)): null

2018-12-20 16:20:12 - [TEST_STEP][PASSED] - Statement - counter = counter + 1: null

2018-12-20 16:20:12 - [TEST_STEP][PASSED] - Statement - PreSaveFile = new java.io.File(((pathPrefix + java.lang.Integer.toString(counter)) + .png)): null

2018-12-20 16:20:12 - [TEST_STEP][PASSED] - Statement - counter = counter + 1: null

2018-12-20 16:20:12 - [TEST_STEP][PASSED] - Statement - PreSaveFile = new java.io.File(((pathPrefix + java.lang.Integer.toString(counter)) + .png)): null

2018-12-20 16:20:12 - [TEST_STEP][PASSED] - Statement - counter = counter + 1: null

2018-12-20 16:20:12 - [TEST_STEP][PASSED] - Statement - PreSaveFile = new java.io.File(((pathPrefix + java.lang.Integer.toString(counter)) + .png)): null

2018-12-20 16:20:12 - [TEST_STEP][PASSED] - Statement - counter = counter + 1: null

2018-12-20 16:20:12 - [TEST_STEP][PASSED] - Statement - PreSaveFile = new java.io.File(((pathPrefix + java.lang.Integer.toString(counter)) + .png)): null

2018-12-20 16:20:12 - [TEST_STEP][PASSED] - Statement - counter = counter + 1: null

2018-12-20 16:20:12 - [TEST_STEP][PASSED] - Statement - PreSaveFile = new java.io.File(((pathPrefix + java.lang.Integer.toString(counter)) + .png)): null

2018-12-20 16:20:12 - [TEST_STEP][PASSED] - Statement - counter = counter + 1: null

2018-12-20 16:20:12 - [TEST_STEP][PASSED] - Statement - PreSaveFile = new java.io.File(((pathPrefix + java.lang.Integer.toString(counter)) + .png)): null

2018-12-20 16:20:12 - [TEST_STEP][PASSED] - Statement - counter = counter + 1: null

2018-12-20 16:20:12 - [TEST_STEP][PASSED] - Statement - PreSaveFile = new java.io.File(((pathPrefix + java.lang.Integer.toString(counter)) + .png)): null

2018-12-20 16:20:12 - [TEST_STEP][PASSED] - Statement - counter = counter + 1: null

2018-12-20 16:20:12 - [TEST_STEP][PASSED] - Statement - PreSaveFile = new java.io.File(((pathPrefix + java.lang.Integer.toString(counter)) + .png)): null

2018-12-20 16:20:12 - [TEST_STEP][PASSED] - Statement - counter = counter + 1: null

2018-12-20 16:20:12 - [TEST_STEP][PASSED] - Statement - PreSaveFile = new java.io.File(((pathPrefix + java.lang.Integer.toString(counter)) + .png)): null

2018-12-20 16:20:12 - [TEST_STEP][PASSED] - Statement - counter = counter + 1: null

2018-12-20 16:20:13 - [TEST_STEP][PASSED] - Statement - PreSaveFile = new java.io.File(((pathPrefix + java.lang.Integer.toString(counter)) + .png)): null

2018-12-20 16:20:13 - [TEST_STEP][PASSED] - Statement - counter = counter + 1: null

2018-12-20 16:20:13 - [TEST_STEP][PASSED] - Statement - PreSaveFile = new java.io.File(((pathPrefix + java.lang.Integer.toString(counter)) + .png)): null

2018-12-20 16:20:13 - [TEST_STEP][PASSED] - Statement - counter = counter + 1: null

2018-12-20 16:20:13 - [TEST_STEP][PASSED] - Statement - PreSaveFile = new java.io.File(((pathPrefix + java.lang.Integer.toString(counter)) + .png)): null

2018-12-20 16:20:13 - [TEST_STEP][PASSED] - Statement - counter = counter + 1: null

2018-12-20 16:20:13 - [TEST_STEP][PASSED] - Statement - PreSaveFile = new java.io.File(((pathPrefix + java.lang.Integer.toString(counter)) + .png)): null

2018-12-20 16:20:13 - [TEST_STEP][PASSED] - Statement - counter = counter + 1: null

2018-12-20 16:20:13 - [TEST_STEP][PASSED] - Statement - PreSaveFile = new java.io.File(((pathPrefix + java.lang.Integer.toString(counter)) + .png)): null

2018-12-20 16:20:13 - [TEST_STEP][PASSED] - Statement - counter = counter + 1: null

2018-12-20 16:20:13 - [TEST_STEP][PASSED] - Statement - PreSaveFile = new java.io.File(((pathPrefix + java.lang.Integer.toString(counter)) + .png)): null

2018-12-20 16:20:13 - [TEST_STEP][PASSED] - Statement - counter = counter + 1: null

2018-12-20 16:20:13 - [TEST_STEP][PASSED] - Statement - PreSaveFile = new java.io.File(((pathPrefix + java.lang.Integer.toString(counter)) + .png)): null

2018-12-20 16:20:13 - [TEST_STEP][PASSED] - Statement - counter = counter + 1: null

2018-12-20 16:20:13 - [TEST_STEP][PASSED] - Statement - PreSaveFile = new java.io.File(((pathPrefix + java.lang.Integer.toString(counter)) + .png)): null

2018-12-20 16:20:13 - [TEST_STEP][PASSED] - Statement - counter = counter + 1: null

2018-12-20 16:20:13 - [TEST_STEP][PASSED] - Statement - PreSaveFile = new java.io.File(((pathPrefix + java.lang.Integer.toString(counter)) + .png)): null

2018-12-20 16:20:13 - [TEST_STEP][PASSED] - Statement - counter = counter + 1: null

2018-12-20 16:20:13 - [TEST_STEP][PASSED] - Statement - PreSaveFile = new java.io.File(((pathPrefix + java.lang.Integer.toString(counter)) + .png)): null

2018-12-20 16:20:13 - [TEST_STEP][PASSED] - Statement - counter = counter + 1: null

2018-12-20 16:20:13 - [TEST_STEP][PASSED] - Statement - PreSaveFile = new java.io.File(((pathPrefix + java.lang.Integer.toString(counter)) + .png)): null

2018-12-20 16:20:13 - [TEST_STEP][PASSED] - Statement - counter = counter + 1: null

2018-12-20 16:20:13 - [TEST_STEP][PASSED] - Statement - PreSaveFile = new java.io.File(((pathPrefix + java.lang.Integer.toString(counter)) + .png)): null

2018-12-20 16:20:13 - [TEST_STEP][PASSED] - Statement - counter = counter + 1: null

2018-12-20 16:20:13 - [TEST_STEP][PASSED] - Statement - PreSaveFile = new java.io.File(((pathPrefix + java.lang.Integer.toString(counter)) + .png)): null

2018-12-20 16:20:13 - [TEST_STEP][PASSED] - Statement - counter = counter + 1: null

2018-12-20 16:20:13 - [TEST_STEP][PASSED] - Statement - PreSaveFile = new java.io.File(((pathPrefix + java.lang.Integer.toString(counter)) + .png)): null

2018-12-20 16:20:13 - [TEST_STEP][PASSED] - Statement - counter = counter + 1: null

2018-12-20 16:20:13 - [TEST_STEP][PASSED] - Statement - PreSaveFile = new java.io.File(((pathPrefix + java.lang.Integer.toString(counter)) + .png)): null

2018-12-20 16:20:14 - [TEST_STEP][PASSED] - Statement - counter = counter + 1: null

2018-12-20 16:20:14 - [TEST_STEP][PASSED] - Statement - PreSaveFile = new java.io.File(((pathPrefix + java.lang.Integer.toString(counter)) + .png)): null

2018-12-20 16:20:14 - [TEST_STEP][PASSED] - Statement - counter = counter + 1: null

2018-12-20 16:20:14 - [TEST_STEP][PASSED] - Statement - PreSaveFile = new java.io.File(((pathPrefix + java.lang.Integer.toString(counter)) + .png)): null

2018-12-20 16:20:14 - [TEST_STEP][PASSED] - Statement - counter = counter + 1: null

2018-12-20 16:20:14 - [TEST_STEP][PASSED] - Statement - PreSaveFile = new java.io.File(((pathPrefix + java.lang.Integer.toString(counter)) + .png)): null

2018-12-20 16:20:14 - [TEST_STEP][PASSED] - Statement - counter = counter + 1: null

2018-12-20 16:20:14 - [TEST_STEP][PASSED] - Statement - PreSaveFile = new java.io.File(((pathPrefix + java.lang.Integer.toString(counter)) + .png)): null

2018-12-20 16:20:14 - [TEST_STEP][PASSED] - Statement - counter = counter + 1: null

2018-12-20 16:20:14 - [TEST_STEP][PASSED] - Statement - PreSaveFile = new java.io.File(((pathPrefix + java.lang.Integer.toString(counter)) + .png)): null

2018-12-20 16:20:14 - [TEST_STEP][PASSED] - Statement - counter = counter + 1: null

2018-12-20 16:20:14 - [TEST_STEP][PASSED] - Statement - PreSaveFile = new java.io.File(((pathPrefix + java.lang.Integer.toString(counter)) + .png)): null

2018-12-20 16:20:14 - [TEST_STEP][PASSED] - Statement - counter = counter + 1: null

2018-12-20 16:20:14 - [TEST_STEP][PASSED] - Statement - PreSaveFile = new java.io.File(((pathPrefix + java.lang.Integer.toString(counter)) + .png)): null

2018-12-20 16:20:14 - [TEST_STEP][PASSED] - Statement - counter = counter + 1: null

2018-12-20 16:20:14 - [TEST_STEP][PASSED] - Statement - PreSaveFile = new java.io.File(((pathPrefix + java.lang.Integer.toString(counter)) + .png)): null

2018-12-20 16:20:14 - [TEST_STEP][PASSED] - Statement - counter = counter + 1: null

2018-12-20 16:20:14 - [TEST_STEP][PASSED] - Statement - PreSaveFile = new java.io.File(((pathPrefix + java.lang.Integer.toString(counter)) + .png)): null

2018-12-20 16:20:14 - [TEST_STEP][PASSED] - Statement - counter = counter + 1: null

2018-12-20 16:20:14 - [TEST_STEP][PASSED] - Statement - PreSaveFile = new java.io.File(((pathPrefix + java.lang.Integer.toString(counter)) + .png)): null

2018-12-20 16:20:14 - [TEST_STEP][PASSED] - Statement - counter = counter + 1: null

2018-12-20 16:20:14 - [TEST_STEP][PASSED] - Statement - PreSaveFile = new java.io.File(((pathPrefix + java.lang.Integer.toString(counter)) + .png)): null

2018-12-20 16:20:14 - [TEST_STEP][PASSED] - Statement - counter = counter + 1: null

2018-12-20 16:20:14 - [TEST_STEP][PASSED] - Statement - PreSaveFile = new java.io.File(((pathPrefix + java.lang.Integer.toString(counter)) + .png)): null

2018-12-20 16:20:14 - [TEST_STEP][PASSED] - Statement - counter = counter + 1: null

2018-12-20 16:20:14 - [TEST_STEP][PASSED] - Statement - PreSaveFile = new java.io.File(((pathPrefix + java.lang.Integer.toString(counter)) + .png)): null

2018-12-20 16:20:14 - [TEST_STEP][PASSED] - Statement - counter = counter + 1: null

2018-12-20 16:20:14 - [TEST_STEP][PASSED] - Statement - PreSaveFile = new java.io.File(((pathPrefix + java.lang.Integer.toString(counter)) + .png)): null

2018-12-20 16:20:15 - [TEST_STEP][PASSED] - Statement - counter = counter + 1: null

2018-12-20 16:20:15 - [TEST_STEP][PASSED] - Statement - PreSaveFile = new java.io.File(((pathPrefix + java.lang.Integer.toString(counter)) + .png)): null

2018-12-20 16:20:15 - [TEST_STEP][PASSED] - Statement - counter = counter + 1: null

2018-12-20 16:20:15 - [TEST_STEP][PASSED] - Statement - PreSaveFile = new java.io.File(((pathPrefix + java.lang.Integer.toString(counter)) + .png)): null

2018-12-20 16:20:15 - [TEST_STEP][PASSED] - Statement - counter = counter + 1: null

2018-12-20 16:20:15 - [TEST_STEP][PASSED] - Statement - PreSaveFile = new java.io.File(((pathPrefix + java.lang.Integer.toString(counter)) + .png)): null

2018-12-20 16:20:15 - [TEST_STEP][PASSED] - Statement - counter = counter + 1: null

2018-12-20 16:20:15 - [TEST_STEP][PASSED] - Statement - PreSaveFile = new java.io.File(((pathPrefix + java.lang.Integer.toString(counter)) + .png)): null

2018-12-20 16:20:15 - [TEST_STEP][PASSED] - Statement - counter = counter + 1: null

2018-12-20 16:20:15 - [TEST_STEP][PASSED] - Statement - PreSaveFile = new java.io.File(((pathPrefix + java.lang.Integer.toString(counter)) + .png)): null

2018-12-20 16:20:15 - [TEST_STEP][PASSED] - Statement - counter = counter + 1: null

2018-12-20 16:20:15 - [TEST_STEP][PASSED] - Statement - PreSaveFile = new java.io.File(((pathPrefix + java.lang.Integer.toString(counter)) + .png)): null

2018-12-20 16:20:15 - [TEST_STEP][PASSED] - Statement - counter = counter + 1: null

2018-12-20 16:20:15 - [TEST_STEP][PASSED] - Statement - PreSaveFile = new java.io.File(((pathPrefix + java.lang.Integer.toString(counter)) + .png)): null

2018-12-20 16:20:15 - [TEST_STEP][PASSED] - Statement - counter = counter + 1: null

2018-12-20 16:20:15 - [TEST_STEP][PASSED] - Statement - PreSaveFile = new java.io.File(((pathPrefix + java.lang.Integer.toString(counter)) + .png)): null

2018-12-20 16:20:15 - [TEST_STEP][PASSED] - Statement - counter = counter + 1: null

2018-12-20 16:20:15 - [TEST_STEP][PASSED] - Statement - PreSaveFile = new java.io.File(((pathPrefix + java.lang.Integer.toString(counter)) + .png)): null

2018-12-20 16:20:15 - [TEST_STEP][PASSED] - Statement - counter = counter + 1: null

2018-12-20 16:20:15 - [TEST_STEP][PASSED] - Statement - PreSaveFile = new java.io.File(((pathPrefix + java.lang.Integer.toString(counter)) + .png)): null

2018-12-20 16:20:15 - [TEST_STEP][PASSED] - Statement - counter = counter + 1: null

2018-12-20 16:20:15 - [TEST_STEP][PASSED] - Statement - PreSaveFile = new java.io.File(((pathPrefix + java.lang.Integer.toString(counter)) + .png)): null

2018-12-20 16:20:15 - [TEST_STEP][PASSED] - Statement - counter = counter + 1: null

2018-12-20 16:20:15 - [TEST_STEP][PASSED] - Statement - PreSaveFile = new java.io.File(((pathPrefix + java.lang.Integer.toString(counter)) + .png)): null

2018-12-20 16:20:15 - [TEST_STEP][PASSED] - Statement - counter = counter + 1: null

2018-12-20 16:20:15 - [TEST_STEP][PASSED] - Statement - PreSaveFile = new java.io.File(((pathPrefix + java.lang.Integer.toString(counter)) + .png)): null

2018-12-20 16:20:15 - [TEST_STEP][PASSED] - Statement - counter = counter + 1: null

2018-12-20 16:20:15 - [TEST_STEP][PASSED] - Statement - PreSaveFile = new java.io.File(((pathPrefix + java.lang.Integer.toString(counter)) + .png)): null

2018-12-20 16:20:15 - [TEST_STEP][PASSED] - Statement - counter = counter + 1: null

2018-12-20 16:20:16 - [TEST_STEP][PASSED] - Statement - PreSaveFile = new java.io.File(((pathPrefix + java.lang.Integer.toString(counter)) + .png)): null

2018-12-20 16:20:16 - [TEST_STEP][PASSED] - Statement - counter = counter + 1: null

2018-12-20 16:20:16 - [TEST_STEP][PASSED] - Statement - PreSaveFile = new java.io.File(((pathPrefix + java.lang.Integer.toString(counter)) + .png)): null

2018-12-20 16:20:16 - [TEST_STEP][PASSED] - Statement - counter = counter + 1: null

2018-12-20 16:20:16 - [TEST_STEP][PASSED] - Statement - PreSaveFile = new java.io.File(((pathPrefix + java.lang.Integer.toString(counter)) + .png)): null

2018-12-20 16:20:16 - [TEST_STEP][PASSED] - Statement - counter = counter + 1: null

2018-12-20 16:20:16 - [TEST_STEP][PASSED] - Statement - PreSaveFile = new java.io.File(((pathPrefix + java.lang.Integer.toString(counter)) + .png)): null

2018-12-20 16:20:16 - [TEST_STEP][PASSED] - Statement - counter = counter + 1: null

2018-12-20 16:20:16 - [TEST_STEP][PASSED] - Statement - PreSaveFile = new java.io.File(((pathPrefix + java.lang.Integer.toString(counter)) + .png)): null

2018-12-20 16:20:16 - [TEST_STEP][PASSED] - Statement - counter = counter + 1: null

2018-12-20 16:20:16 - [TEST_STEP][PASSED] - Statement - PreSaveFile = new java.io.File(((pathPrefix + java.lang.Integer.toString(counter)) + .png)): null

2018-12-20 16:20:16 - [TEST_STEP][PASSED] - Statement - counter = counter + 1: null

2018-12-20 16:20:16 - [TEST_STEP][PASSED] - Statement - PreSaveFile = new java.io.File(((pathPrefix + java.lang.Integer.toString(counter)) + .png)): null

2018-12-20 16:20:16 - [TEST_STEP][PASSED] - Statement - counter = counter + 1: null

2018-12-20 16:20:16 - [TEST_STEP][PASSED] - Statement - PreSaveFile = new java.io.File(((pathPrefix + java.lang.Integer.toString(counter)) + .png)): null

2018-12-20 16:20:16 - [TEST_STEP][PASSED] - Statement - counter = counter + 1: null

2018-12-20 16:20:16 - [TEST_STEP][PASSED] - Statement - PreSaveFile = new java.io.File(((pathPrefix + java.lang.Integer.toString(counter)) + .png)): null

2018-12-20 16:20:16 - [TEST_STEP][PASSED] - Statement - counter = counter + 1: null

2018-12-20 16:20:16 - [TEST_STEP][PASSED] - Statement - PreSaveFile = new java.io.File(((pathPrefix + java.lang.Integer.toString(counter)) + .png)): null

2018-12-20 16:20:17 - [TEST_STEP][PASSED] - Statement - counter = counter + 1: null

2018-12-20 16:20:17 - [TEST_STEP][PASSED] - Statement - PreSaveFile = new java.io.File(((pathPrefix + java.lang.Integer.toString(counter)) + .png)): null

2018-12-20 16:20:17 - [TEST_STEP][PASSED] - Statement - counter = counter + 1: null

2018-12-20 16:20:17 - [TEST_STEP][PASSED] - Statement - PreSaveFile = new java.io.File(((pathPrefix + java.lang.Integer.toString(counter)) + .png)): null

2018-12-20 16:20:17 - [TEST_STEP][PASSED] - Statement - counter = counter + 1: null

2018-12-20 16:20:17 - [TEST_STEP][PASSED] - Statement - PreSaveFile = new java.io.File(((pathPrefix + java.lang.Integer.toString(counter)) + .png)): null

2018-12-20 16:20:17 - [TEST_STEP][PASSED] - Statement - counter = counter + 1: null

2018-12-20 16:20:17 - [TEST_STEP][PASSED] - Statement - PreSaveFile = new java.io.File(((pathPrefix + java.lang.Integer.toString(counter)) + .png)): null

2018-12-20 16:20:17 - [TEST_STEP][PASSED] - Statement - counter = counter + 1: null

2018-12-20 16:20:17 - [TEST_STEP][PASSED] - Statement - PreSaveFile = new java.io.File(((pathPrefix + java.lang.Integer.toString(counter)) + .png)): null

2018-12-20 16:20:17 - [TEST_STEP][PASSED] - Statement - counter = counter + 1: null

2018-12-20 16:20:17 - [TEST_STEP][PASSED] - Statement - PreSaveFile = new java.io.File(((pathPrefix + java.lang.Integer.toString(counter)) + .png)): null

2018-12-20 16:20:17 - [TEST_STEP][PASSED] - Statement - counter = counter + 1: null

2018-12-20 16:20:17 - [TEST_STEP][PASSED] - Statement - PreSaveFile = new java.io.File(((pathPrefix + java.lang.Integer.toString(counter)) + .png)): null

2018-12-20 16:20:17 - [TEST_STEP][PASSED] - Statement - counter = counter + 1: null

2018-12-20 16:20:17 - [TEST_STEP][PASSED] - Statement - PreSaveFile = new java.io.File(((pathPrefix + java.lang.Integer.toString(counter)) + .png)): null

2018-12-20 16:20:17 - [TEST_STEP][PASSED] - Statement - counter = counter + 1: null

2018-12-20 16:20:17 - [TEST_STEP][PASSED] - Statement - PreSaveFile = new java.io.File(((pathPrefix + java.lang.Integer.toString(counter)) + .png)): null

2018-12-20 16:20:17 - [TEST_STEP][PASSED] - Statement - counter = counter + 1: null

2018-12-20 16:20:17 - [TEST_STEP][PASSED] - Statement - PreSaveFile = new java.io.File(((pathPrefix + java.lang.Integer.toString(counter)) + .png)): null

2018-12-20 16:20:18 - [TEST_STEP][PASSED] - Statement - counter = counter + 1: null

2018-12-20 16:20:18 - [TEST_STEP][PASSED] - Statement - PreSaveFile = new java.io.File(((pathPrefix + java.lang.Integer.toString(counter)) + .png)): null

2018-12-20 16:20:18 - [TEST_STEP][PASSED] - Statement - counter = counter + 1: null

2018-12-20 16:20:18 - [TEST_STEP][PASSED] - Statement - PreSaveFile = new java.io.File(((pathPrefix + java.lang.Integer.toString(counter)) + .png)): null

2018-12-20 16:20:18 - [TEST_STEP][PASSED] - Statement - counter = counter + 1: null

2018-12-20 16:20:18 - [TEST_STEP][PASSED] - Statement - PreSaveFile = new java.io.File(((pathPrefix + java.lang.Integer.toString(counter)) + .png)): null

2018-12-20 16:20:18 - [TEST_STEP][PASSED] - Statement - counter = counter + 1: null

2018-12-20 16:20:18 - [TEST_STEP][PASSED] - Statement - PreSaveFile = new java.io.File(((pathPrefix + java.lang.Integer.toString(counter)) + .png)): null

2018-12-20 16:20:18 - [TEST_STEP][PASSED] - Statement - counter = counter + 1: null

2018-12-20 16:20:18 - [TEST_STEP][PASSED] - Statement - PreSaveFile = new java.io.File(((pathPrefix + java.lang.Integer.toString(counter)) + .png)): null

2018-12-20 16:20:18 - [TEST_STEP][PASSED] - Statement - counter = counter + 1: null

2018-12-20 16:20:18 - [TEST_STEP][PASSED] - Statement - PreSaveFile = new java.io.File(((pathPrefix + java.lang.Integer.toString(counter)) + .png)): null

2018-12-20 16:20:18 - [TEST_STEP][PASSED] - Statement - counter = counter + 1: null

2018-12-20 16:20:18 - [TEST_STEP][PASSED] - Statement - PreSaveFile = new java.io.File(((pathPrefix + java.lang.Integer.toString(counter)) + .png)): null

2018-12-20 16:20:18 - [TEST_STEP][PASSED] - Statement - counter = counter + 1: null

2018-12-20 16:20:18 - [TEST_STEP][PASSED] - Statement - PreSaveFile = new java.io.File(((pathPrefix + java.lang.Integer.toString(counter)) + .png)): null

2018-12-20 16:20:18 - [TEST_STEP][PASSED] - Statement - counter = counter + 1: null

2018-12-20 16:20:18 - [TEST_STEP][PASSED] - Statement - PreSaveFile = new java.io.File(((pathPrefix + java.lang.Integer.toString(counter)) + .png)): null

2018-12-20 16:20:18 - [TEST_STEP][PASSED] - Statement - counter = counter + 1: null

2018-12-20 16:20:18 - [TEST_STEP][PASSED] - Statement - PreSaveFile = new java.io.File(((pathPrefix + java.lang.Integer.toString(counter)) + .png)): null

2018-12-20 16:20:18 - [TEST_STEP][PASSED] - Statement - counter = counter + 1: null

2018-12-20 16:20:18 - [TEST_STEP][PASSED] - Statement - PreSaveFile = new java.io.File(((pathPrefix + java.lang.Integer.toString(counter)) + .png)): null

2018-12-20 16:20:18 - [TEST_STEP][PASSED] - Statement - counter = counter + 1: null

2018-12-20 16:20:18 - [TEST_STEP][PASSED] - Statement - PreSaveFile = new java.io.File(((pathPrefix + java.lang.Integer.toString(counter)) + .png)): null

2018-12-20 16:20:18 - [TEST_STEP][PASSED] - Statement - counter = counter + 1: null

2018-12-20 16:20:18 - [TEST_STEP][PASSED] - Statement - PreSaveFile = new java.io.File(((pathPrefix + java.lang.Integer.toString(counter)) + .png)): null

2018-12-20 16:20:18 - [TEST_STEP][PASSED] - Statement - counter = counter + 1: null

2018-12-20 16:20:18 - [TEST_STEP][PASSED] - Statement - PreSaveFile = new java.io.File(((pathPrefix + java.lang.Integer.toString(counter)) + .png)): null

2018-12-20 16:20:19 - [TEST_STEP][PASSED] - Statement - counter = counter + 1: null

2018-12-20 16:20:19 - [TEST_STEP][PASSED] - Statement - PreSaveFile = new java.io.File(((pathPrefix + java.lang.Integer.toString(counter)) + .png)): null

2018-12-20 16:20:19 - [TEST_STEP][PASSED] - Statement - counter = counter + 1: null

2018-12-20 16:20:19 - [TEST_STEP][PASSED] - Statement - PreSaveFile = new java.io.File(((pathPrefix + java.lang.Integer.toString(counter)) + .png)): null

2018-12-20 16:20:19 - [TEST_STEP][PASSED] - Statement - counter = counter + 1: null

2018-12-20 16:20:19 - [TEST_STEP][PASSED] - Statement - PreSaveFile = new java.io.File(((pathPrefix + java.lang.Integer.toString(counter)) + .png)): null

2018-12-20 16:20:19 - [TEST_STEP][PASSED] - Statement - counter = counter + 1: null

2018-12-20 16:20:19 - [TEST_STEP][PASSED] - Statement - PreSaveFile = new java.io.File(((pathPrefix + java.lang.Integer.toString(counter)) + .png)): null

2018-12-20 16:20:19 - [TEST_STEP][PASSED] - Statement - counter = counter + 1: null

2018-12-20 16:20:19 - [TEST_STEP][PASSED] - Statement - PreSaveFile = new java.io.File(((pathPrefix + java.lang.Integer.toString(counter)) + .png)): null

2018-12-20 16:20:19 - [TEST_STEP][PASSED] - Statement - counter = counter + 1: null

2018-12-20 16:20:19 - [TEST_STEP][PASSED] - Statement - PreSaveFile = new java.io.File(((pathPrefix + java.lang.Integer.toString(counter)) + .png)): null

2018-12-20 16:20:19 - [TEST_STEP][PASSED] - Statement - counter = counter + 1: null

2018-12-20 16:20:19 - [TEST_STEP][PASSED] - Statement - PreSaveFile = new java.io.File(((pathPrefix + java.lang.Integer.toString(counter)) + .png)): null

2018-12-20 16:20:19 - [TEST_STEP][PASSED] - Statement - counter = counter + 1: null

2018-12-20 16:20:19 - [TEST_STEP][PASSED] - Statement - PreSaveFile = new java.io.File(((pathPrefix + java.lang.Integer.toString(counter)) + .png)): null

2018-12-20 16:20:19 - [TEST_STEP][PASSED] - Statement - counter = counter + 1: null

2018-12-20 16:20:19 - [TEST_STEP][PASSED] - Statement - PreSaveFile = new java.io.File(((pathPrefix + java.lang.Integer.toString(counter)) + .png)): null

2018-12-20 16:20:19 - [TEST_STEP][PASSED] - Statement - counter = counter + 1: null

2018-12-20 16:20:19 - [TEST_STEP][PASSED] - Statement - PreSaveFile = new java.io.File(((pathPrefix + java.lang.Integer.toString(counter)) + .png)): null

2018-12-20 16:20:19 - [TEST_STEP][PASSED] - Statement - counter = counter + 1: null

2018-12-20 16:20:19 - [TEST_STEP][PASSED] - Statement - PreSaveFile = new java.io.File(((pathPrefix + java.lang.Integer.toString(counter)) + .png)): null

2018-12-20 16:20:19 - [TEST_STEP][PASSED] - Statement - counter = counter + 1: null

2018-12-20 16:20:19 - [TEST_STEP][PASSED] - Statement - PreSaveFile = new java.io.File(((pathPrefix + java.lang.Integer.toString(counter)) + .png)): null

2018-12-20 16:20:19 - [TEST_STEP][PASSED] - Statement - counter = counter + 1: null

2018-12-20 16:20:19 - [TEST_STEP][PASSED] - Statement - PreSaveFile = new java.io.File(((pathPrefix + java.lang.Integer.toString(counter)) + .png)): null

2018-12-20 16:20:19 - [TEST_STEP][PASSED] - Statement - counter = counter + 1: null

2018-12-20 16:20:19 - [TEST_STEP][PASSED] - Statement - PreSaveFile = new java.io.File(((pathPrefix + java.lang.Integer.toString(counter)) + .png)): null

2018-12-20 16:20:19 - [TEST_STEP][PASSED] - Statement - counter = counter + 1: null

2018-12-20 16:20:20 - [TEST_STEP][PASSED] - Statement - PreSaveFile = new java.io.File(((pathPrefix + java.lang.Integer.toString(counter)) + .png)): null

2018-12-20 16:20:20 - [TEST_STEP][PASSED] - Statement - counter = counter + 1: null

2018-12-20 16:20:20 - [TEST_STEP][PASSED] - Statement - PreSaveFile = new java.io.File(((pathPrefix + java.lang.Integer.toString(counter)) + .png)): null

2018-12-20 16:20:20 - [TEST_STEP][PASSED] - Statement - counter = counter + 1: null

2018-12-20 16:20:20 - [TEST_STEP][PASSED] - Statement - PreSaveFile = new java.io.File(((pathPrefix + java.lang.Integer.toString(counter)) + .png)): null

2018-12-20 16:20:20 - [TEST_STEP][PASSED] - Statement - counter = counter + 1: null

2018-12-20 16:20:20 - [TEST_STEP][PASSED] - Statement - PreSaveFile = new java.io.File(((pathPrefix + java.lang.Integer.toString(counter)) + .png)): null

2018-12-20 16:20:20 - [TEST_STEP][PASSED] - Statement - counter = counter + 1: null

2018-12-20 16:20:20 - [TEST_STEP][PASSED] - Statement - PreSaveFile = new java.io.File(((pathPrefix + java.lang.Integer.toString(counter)) + .png)): null

2018-12-20 16:20:20 - [TEST_STEP][PASSED] - Statement - counter = counter + 1: null

2018-12-20 16:20:20 - [TEST_STEP][PASSED] - Statement - PreSaveFile = new java.io.File(((pathPrefix + java.lang.Integer.toString(counter)) + .png)): null

2018-12-20 16:20:20 - [TEST_STEP][PASSED] - Statement - counter = counter + 1: null

2018-12-20 16:20:20 - [TEST_STEP][PASSED] - Statement - PreSaveFile = new java.io.File(((pathPrefix + java.lang.Integer.toString(counter)) + .png)): null

2018-12-20 16:20:20 - [TEST_STEP][PASSED] - Statement - counter = counter + 1: null

2018-12-20 16:20:20 - [TEST_STEP][PASSED] - Statement - PreSaveFile = new java.io.File(((pathPrefix + java.lang.Integer.toString(counter)) + .png)): null

2018-12-20 16:20:20 - [TEST_STEP][PASSED] - Statement - counter = counter + 1: null

2018-12-20 16:20:20 - [TEST_STEP][PASSED] - Statement - PreSaveFile = new java.io.File(((pathPrefix + java.lang.Integer.toString(counter)) + .png)): null

2018-12-20 16:20:20 - [TEST_STEP][PASSED] - Statement - counter = counter + 1: null

2018-12-20 16:20:20 - [TEST_STEP][PASSED] - Statement - PreSaveFile = new java.io.File(((pathPrefix + java.lang.Integer.toString(counter)) + .png)): null

2018-12-20 16:20:21 - [TEST_STEP][PASSED] - Statement - counter = counter + 1: null

2018-12-20 16:20:21 - [TEST_STEP][PASSED] - Statement - PreSaveFile = new java.io.File(((pathPrefix + java.lang.Integer.toString(counter)) + .png)): null

2018-12-20 16:20:21 - [TEST_STEP][PASSED] - Statement - counter = counter + 1: null

2018-12-20 16:20:21 - [TEST_STEP][PASSED] - Statement - PreSaveFile = new java.io.File(((pathPrefix + java.lang.Integer.toString(counter)) + .png)): null

2018-12-20 16:20:21 - [TEST_STEP][PASSED] - Statement - counter = counter + 1: null

2018-12-20 16:20:21 - [TEST_STEP][PASSED] - Statement - PreSaveFile = new java.io.File(((pathPrefix + java.lang.Integer.toString(counter)) + .png)): null

2018-12-20 16:20:21 - [TEST_STEP][PASSED] - Statement - counter = counter + 1: null

2018-12-20 16:20:21 - [TEST_STEP][PASSED] - Statement - PreSaveFile = new java.io.File(((pathPrefix + java.lang.Integer.toString(counter)) + .png)): null

2018-12-20 16:20:21 - [TEST_STEP][PASSED] - Statement - counter = counter + 1: null

2018-12-20 16:20:21 - [TEST_STEP][PASSED] - Statement - PreSaveFile = new java.io.File(((pathPrefix + java.lang.Integer.toString(counter)) + .png)): null

2018-12-20 16:20:21 - [TEST_STEP][PASSED] - Statement - counter = counter + 1: null

2018-12-20 16:20:21 - [TEST_STEP][PASSED] - Statement - PreSaveFile = new java.io.File(((pathPrefix + java.lang.Integer.toString(counter)) + .png)): null

2018-12-20 16:20:21 - [TEST_STEP][PASSED] - Statement - counter = counter + 1: null

2018-12-20 16:20:21 - [TEST_STEP][PASSED] - Statement - PreSaveFile = new java.io.File(((pathPrefix + java.lang.Integer.toString(counter)) + .png)): null

2018-12-20 16:20:21 - [TEST_STEP][PASSED] - Statement - counter = counter + 1: null

2018-12-20 16:20:21 - [TEST_STEP][PASSED] - Statement - PreSaveFile = new java.io.File(((pathPrefix + java.lang.Integer.toString(counter)) + .png)): null

2018-12-20 16:20:21 - [TEST_STEP][PASSED] - Statement - counter = counter + 1: null

2018-12-20 16:20:21 - [TEST_STEP][PASSED] - Statement - PreSaveFile = new java.io.File(((pathPrefix + java.lang.Integer.toString(counter)) + .png)): null

2018-12-20 16:20:21 - [TEST_STEP][PASSED] - Statement - counter = counter + 1: null

2018-12-20 16:20:21 - [TEST_STEP][PASSED] - Statement - PreSaveFile = new java.io.File(((pathPrefix + java.lang.Integer.toString(counter)) + .png)): null

2018-12-20 16:20:21 - [TEST_STEP][PASSED] - Statement - counter = counter + 1: null

2018-12-20 16:20:21 - [TEST_STEP][PASSED] - Statement - PreSaveFile = new java.io.File(((pathPrefix + java.lang.Integer.toString(counter)) + .png)): null

2018-12-20 16:20:21 - [TEST_STEP][PASSED] - Statement - counter = counter + 1: null

2018-12-20 16:20:21 - [TEST_STEP][PASSED] - Statement - PreSaveFile = new java.io.File(((pathPrefix + java.lang.Integer.toString(counter)) + .png)): null

2018-12-20 16:20:21 - [TEST_STEP][PASSED] - Statement - counter = counter + 1: null

2018-12-20 16:20:21 - [TEST_STEP][PASSED] - Statement - PreSaveFile = new java.io.File(((pathPrefix + java.lang.Integer.toString(counter)) + .png)): null

2018-12-20 16:20:21 - [TEST_STEP][PASSED] - Statement - counter = counter + 1: null

2018-12-20 16:20:21 - [TEST_STEP][PASSED] - Statement - PreSaveFile = new java.io.File(((pathPrefix + java.lang.Integer.toString(counter)) + .png)): null

2018-12-20 16:20:21 - [TEST_STEP][PASSED] - Statement - counter = counter + 1: null

2018-12-20 16:20:22 - [TEST_STEP][PASSED] - Statement - PreSaveFile = new java.io.File(((pathPrefix + java.lang.Integer.toString(counter)) + .png)): null

2018-12-20 16:20:22 - [TEST_STEP][PASSED] - Statement - counter = counter + 1: null

2018-12-20 16:20:22 - [TEST_STEP][PASSED] - Statement - PreSaveFile = new java.io.File(((pathPrefix + java.lang.Integer.toString(counter)) + .png)): null

2018-12-20 16:20:22 - [TEST_STEP][PASSED] - Statement - counter = counter + 1: null

2018-12-20 16:20:22 - [TEST_STEP][PASSED] - Statement - PreSaveFile = new java.io.File(((pathPrefix + java.lang.Integer.toString(counter)) + .png)): null

2018-12-20 16:20:22 - [TEST_STEP][PASSED] - Statement - counter = counter + 1: null

2018-12-20 16:20:22 - [TEST_STEP][PASSED] - Statement - PreSaveFile = new java.io.File(((pathPrefix + java.lang.Integer.toString(counter)) + .png)): null

2018-12-20 16:20:22 - [TEST_STEP][PASSED] - Statement - counter = counter + 1: null

2018-12-20 16:20:22 - [TEST_STEP][PASSED] - Statement - PreSaveFile = new java.io.File(((pathPrefix + java.lang.Integer.toString(counter)) + .png)): null

2018-12-20 16:20:22 - [TEST_STEP][PASSED] - Statement - counter = counter + 1: null

2018-12-20 16:20:22 - [TEST_STEP][PASSED] - Statement - PreSaveFile = new java.io.File(((pathPrefix + java.lang.Integer.toString(counter)) + .png)): null

2018-12-20 16:20:22 - [TEST_STEP][PASSED] - Statement - counter = counter + 1: null

2018-12-20 16:20:22 - [TEST_STEP][PASSED] - Statement - PreSaveFile = new java.io.File(((pathPrefix + java.lang.Integer.toString(counter)) + .png)): null

2018-12-20 16:20:22 - [TEST_STEP][PASSED] - Statement - counter = counter + 1: null

2018-12-20 16:20:22 - [TEST_STEP][PASSED] - Statement - PreSaveFile = new java.io.File(((pathPrefix + java.lang.Integer.toString(counter)) + .png)): null

2018-12-20 16:20:22 - [TEST_STEP][PASSED] - Statement - counter = counter + 1: null

2018-12-20 16:20:22 - [TEST_STEP][PASSED] - Statement - PreSaveFile = new java.io.File(((pathPrefix + java.lang.Integer.toString(counter)) + .png)): null

2018-12-20 16:20:22 - [TEST_STEP][PASSED] - Statement - counter = counter + 1: null

2018-12-20 16:20:22 - [TEST_STEP][PASSED] - Statement - PreSaveFile = new java.io.File(((pathPrefix + java.lang.Integer.toString(counter)) + .png)): null

2018-12-20 16:20:23 - [TEST_STEP][PASSED] - Statement - counter = counter + 1: null

2018-12-20 16:20:23 - [TEST_STEP][PASSED] - Statement - PreSaveFile = new java.io.File(((pathPrefix + java.lang.Integer.toString(counter)) + .png)): null

2018-12-20 16:20:23 - [TEST_STEP][PASSED] - Statement - counter = counter + 1: null

2018-12-20 16:20:23 - [TEST_STEP][PASSED] - Statement - PreSaveFile = new java.io.File(((pathPrefix + java.lang.Integer.toString(counter)) + .png)): null

2018-12-20 16:20:23 - [TEST_STEP][PASSED] - Statement - counter = counter + 1: null

2018-12-20 16:20:23 - [TEST_STEP][PASSED] - Statement - PreSaveFile = new java.io.File(((pathPrefix + java.lang.Integer.toString(counter)) + .png)): null

2018-12-20 16:20:23 - [TEST_STEP][PASSED] - Statement - counter = counter + 1: null

2018-12-20 16:20:23 - [TEST_STEP][PASSED] - Statement - PreSaveFile = new java.io.File(((pathPrefix + java.lang.Integer.toString(counter)) + .png)): null

2018-12-20 16:20:23 - [TEST_STEP][PASSED] - Statement - counter = counter + 1: null

2018-12-20 16:20:23 - [TEST_STEP][PASSED] - Statement - PreSaveFile = new java.io.File(((pathPrefix + java.lang.Integer.toString(counter)) + .png)): null

2018-12-20 16:20:23 - [TEST_STEP][PASSED] - Statement - counter = counter + 1: null

2018-12-20 16:20:23 - [TEST_STEP][PASSED] - Statement - PreSaveFile = new java.io.File(((pathPrefix + java.lang.Integer.toString(counter)) + .png)): null

2018-12-20 16:20:23 - [TEST_STEP][PASSED] - Statement - counter = counter + 1: null

2018-12-20 16:20:23 - [TEST_STEP][PASSED] - Statement - PreSaveFile = new java.io.File(((pathPrefix + java.lang.Integer.toString(counter)) + .png)): null

2018-12-20 16:20:23 - [TEST_STEP][PASSED] - Statement - counter = counter + 1: null

2018-12-20 16:20:23 - [TEST_STEP][PASSED] - Statement - PreSaveFile = new java.io.File(((pathPrefix + java.lang.Integer.toString(counter)) + .png)): null

2018-12-20 16:20:23 - [TEST_STEP][PASSED] - Statement - counter = counter + 1: null

2018-12-20 16:20:23 - [TEST_STEP][PASSED] - Statement - PreSaveFile = new java.io.File(((pathPrefix + java.lang.Integer.toString(counter)) + .png)): null

2018-12-20 16:20:23 - [TEST_STEP][PASSED] - Statement - counter = counter + 1: null

2018-12-20 16:20:23 - [TEST_STEP][PASSED] - Statement - PreSaveFile = new java.io.File(((pathPrefix + java.lang.Integer.toString(counter)) + .png)): null

2018-12-20 16:20:23 - [TEST_STEP][PASSED] - Statement - counter = counter + 1: null

2018-12-20 16:20:23 - [TEST_STEP][PASSED] - Statement - PreSaveFile = new java.io.File(((pathPrefix + java.lang.Integer.toString(counter)) + .png)): null

2018-12-20 16:20:23 - [TEST_STEP][PASSED] - Statement - counter = counter + 1: null

2018-12-20 16:20:23 - [TEST_STEP][PASSED] - Statement - PreSaveFile = new java.io.File(((pathPrefix + java.lang.Integer.toString(counter)) + .png)): null

2018-12-20 16:20:23 - [TEST_STEP][PASSED] - Statement - counter = counter + 1: null

2018-12-20 16:20:23 - [TEST_STEP][PASSED] - Statement - PreSaveFile = new java.io.File(((pathPrefix + java.lang.Integer.toString(counter)) + .png)): null

2018-12-20 16:20:23 - [TEST_STEP][PASSED] - Statement - counter = counter + 1: null

2018-12-20 16:20:23 - [TEST_STEP][PASSED] - Statement - PreSaveFile = new java.io.File(((pathPrefix + java.lang.Integer.toString(counter)) + .png)): null

2018-12-20 16:20:23 - [TEST_STEP][PASSED] - Statement - counter = counter + 1: null

2018-12-20 16:20:24 - [TEST_STEP][PASSED] - Statement - PreSaveFile = new java.io.File(((pathPrefix + java.lang.Integer.toString(counter)) + .png)): null

2018-12-20 16:20:24 - [TEST_STEP][PASSED] - Statement - counter = counter + 1: null

2018-12-20 16:20:24 - [TEST_STEP][PASSED] - Statement - PreSaveFile = new java.io.File(((pathPrefix + java.lang.Integer.toString(counter)) + .png)): null

2018-12-20 16:20:24 - [TEST_STEP][PASSED] - Statement - finalPath = pathPrefix + java.lang.Integer.toString(counter) + ".png": null

2018-12-20 16:20:24 - [TEST_STEP][PASSED] - Statement - SaveFile = new java.io.File(finalPath): null

2018-12-20 16:20:24 - [TEST_STEP][PASSED] - Statement - Try: null

2018-12-20 16:20:24 - [TEST_STEP][PASSED] - Statement - org.apache.commons.io.FileUtils.copyFile(scrFile, SaveFile): null

2018-12-20 16:20:24 - [TEST_STEP][PASSED] - Statement - out.println("file kept"): null

2018-12-20 16:20:24 - [TEST_STEP][PASSED] - delay: Delayed 10 second(s)

2018-12-20 16:20:34 - [MESSAGE][PASSED] - Delayed 10 second(s)

2018-12-20 16:20:34 - [MESSAGE][PASSED] - Call Test Case 'Test Cases/Final Aug 2018 - PKS Automation/Registration Module/New Registration/Submit and Screenshot/Submit Registration and Screenshot - Copy' successfully

2018-12-20 16:20:34 - [TEST_STEP][PASSED] - Statement - UpdateAddNewECode = com.kms.katalon.core.webui.keyword.WebUiBuiltInKeywords.getText(com.kms.katalon.core.testobject.ObjectRepository.findTestObject(Object Repository/Final Object Repo/Page_Update Add New Employee - ASSIST/getEmpCode)): Text of object 'Object Repository/Final Object Repo/Page_Update Add New Employee - ASSIST/getEmpCode' is: 'E1102070957B'

2018-12-20 16:20:35 - [MESSAGE][PASSED] - Text of object 'Object Repository/Final Object Repo/Page_Update Add New Employee - ASSIST/getEmpCode' is: 'E1102070957B'

2018-12-20 16:20:35 - [TEST_STEP][PASSED] - callTestCase: Call Test Case 'Test Cases/Final Aug 2018 - PKS Automation/Common/Emp Code Setter' successfully

2018-12-20 16:20:35 - [TEST_CASE][PASSED] - Test Cases/Final Aug 2018 - PKS Automation/Common/Emp Code Setter: Test Cases/Final Aug 2018 - PKS Automation/Common/Emp Code Setter

2018-12-20 16:20:35 - [TEST_STEP][PASSED] - Statement - EmpCodeOld = new java.io.File(C://Users//Admin//Desktop//PKS//Automation Reference Point//EmpCode.txt): null

2018-12-20 16:20:35 - [TEST_STEP][PASSED] - Statement - EmpCodeOld.delete(): null

2018-12-20 16:20:35 - [TEST_STEP][PASSED] - Statement - EmpCode = new java.io.File(C://Users//Admin//Desktop//PKS//Automation Reference Point//EmpCode.txt): null

2018-12-20 16:20:35 - [TEST_STEP][PASSED] - Statement - f2 = new java.io.FileWriter(EmpCode, false): null

2018-12-20 16:20:35 - [TEST_STEP][PASSED] - Statement - f2.write(UpdateAddNewECode): null

2018-12-20 16:20:35 - [TEST_STEP][PASSED] - Statement - f2.close(): null

2018-12-20 16:20:35 - [TEST_STEP][PASSED] - Statement - out.println("


" + UpdateAddNewECode + "


"): null

2018-12-20 16:20:35 - [MESSAGE][PASSED] - Call Test Case 'Test Cases/Final Aug 2018 - PKS Automation/Common/Emp Code Setter' successfully

2018-12-20 16:20:35 - [MESSAGE][PASSED] - Call Test Case 'Test Cases/Final Aug 2018 - PKS Automation/Registration Module/Workflow/Update Add New Employee/Template/New Company for Update Add New - Employer' successfully

2018-12-20 16:20:35 - [TEST_STEP][PASSED] - callTestCase: Call Test Case 'Test Cases/Final Aug 2018 - PKS Automation/Create Employer Acc/Login to Employer Account (Second time)' successfully

2018-12-20 16:20:35 - [TEST_CASE][PASSED] - Test Cases/Final Aug 2018 - PKS Automation/Create Employer Acc/Login to Employer Account (Second time): Test Cases/Final Aug 2018 - PKS Automation/Create Employer Acc/Login to Employer Account (Second time)

2018-12-20 16:20:35 - [TEST_STEP][PASSED] - openBrowser: Browser is opened with url: ''

2018-12-20 16:20:35 - [MESSAGE][WARNING] - A browser is already opened. Closing browser and opening a new one

2018-12-20 16:20:38 - [MESSAGE][PASSED] - Browser is opened with url: ''

2018-12-20 16:20:38 - [TEST_STEP][PASSED] - navigateToUrl: Navigate to 'https://assist2-uat.perkeso.gov.my/employer/login' successfully

2018-12-20 16:20:39 - [MESSAGE][PASSED] - Navigate to 'https://assist2-uat.perkeso.gov.my/employer/login' successfully

2018-12-20 16:20:39 - [TEST_STEP][PASSED] - delay: Delayed 3 second(s)

2018-12-20 16:20:42 - [MESSAGE][PASSED] - Delayed 3 second(s)

2018-12-20 16:20:42 - [TEST_STEP][PASSED] - callTestCase: Call Test Case 'Test Cases/Final Aug 2018 - PKS Automation/Create Employer Acc/Template/Employer Email Getter' successfully

2018-12-20 16:20:42 - [TEST_CASE][PASSED] - Test Cases/Final Aug 2018 - PKS Automation/Create Employer Acc/Template/Employer Email Getter: Test Cases/Final Aug 2018 - PKS Automation/Create Employer Acc/Template/Employer Email Getter

2018-12-20 16:20:42 - [TEST_STEP][PASSED] - Statement - Try: null

2018-12-20 16:20:42 - [TEST_STEP][PASSED] - Statement - EmpEmail = new java.io.File(C://Users//Admin//Desktop//PKS//Automation Reference Point//EmpEmail.txt): null

2018-12-20 16:20:42 - [TEST_STEP][PASSED] - Statement - bufferread = new java.io.BufferedReader(new java.io.FileReader(EmpEmail)): null

2018-12-20 16:20:42 - [TEST_STEP][PASSED] - Statement - readedVal = bufferread.readLine(): null

2018-12-20 16:20:42 - [TEST_STEP][PASSED] - Statement - out.println(readedVal): null

2018-12-20 16:20:42 - [TEST_STEP][PASSED] - Statement - Email = readedVal: null

2018-12-20 16:20:42 - [MESSAGE][PASSED] - Call Test Case 'Test Cases/Final Aug 2018 - PKS Automation/Create Employer Acc/Template/Employer Email Getter' successfully

2018-12-20 16:20:42 - [TEST_STEP][PASSED] - setText: Text 'perkeso162956354351@gmail.com' is set on object 'Object Repository/Final Object Repo/Login Page/External Login Page/Email'

2018-12-20 16:20:43 - [MESSAGE][PASSED] - Text 'perkeso162956354351@gmail.com' is set on object 'Object Repository/Final Object Repo/Login Page/External Login Page/Email'

2018-12-20 16:20:43 - [TEST_STEP][PASSED] - click: Object: 'Object Repository/Final Object Repo/Login Page/External Login Page/Next' is clicked on

2018-12-20 16:20:43 - [MESSAGE][PASSED] - Object: 'Object Repository/Final Object Repo/Login Page/External Login Page/Next' is clicked on

2018-12-20 16:20:43 - [TEST_STEP][PASSED] - delay: Delayed 3 second(s)

2018-12-20 16:20:46 - [MESSAGE][PASSED] - Delayed 3 second(s)

2018-12-20 16:20:46 - [TEST_STEP][PASSED] - setEncryptedText: Text ****** has been set on object 'Object Repository/Final Object Repo/Login Page/External Login Page/Password'

2018-12-20 16:20:46 - [MESSAGE][PASSED] - Text ****** has been set on object 'Object Repository/Final Object Repo/Login Page/External Login Page/Password'

2018-12-20 16:20:46 - [TEST_STEP][PASSED] - click: Object: 'Object Repository/Final Object Repo/Login Page/External Login Page/Login' is clicked on

2018-12-20 16:20:46 - [MESSAGE][PASSED] - Object: 'Object Repository/Final Object Repo/Login Page/External Login Page/Login' is clicked on

2018-12-20 16:20:46 - [TEST_STEP][PASSED] - delay: Delayed 5 second(s)

2018-12-20 16:20:51 - [MESSAGE][PASSED] - Delayed 5 second(s)

2018-12-20 16:20:51 - [MESSAGE][PASSED] - Call Test Case 'Test Cases/Final Aug 2018 - PKS Automation/Create Employer Acc/Login to Employer Account (Second time)' successfully

2018-12-20 16:20:51 - [TEST_STEP][PASSED] - navigateToUrl: Navigate to 'https://assist2-uat.perkeso.gov.my/web/registration/eis-update/form-3-eis-cessation-as-employer' successfully

2018-12-20 16:20:53 - [MESSAGE][PASSED] - Navigate to 'https://assist2-uat.perkeso.gov.my/web/registration/eis-update/form-3-eis-cessation-as-employer' successfully

2018-12-20 16:20:53 - [TEST_STEP][PASSED] - delay: Delayed 1 second(s)

2018-12-20 16:20:54 - [MESSAGE][PASSED] - Delayed 1 second(s)

2018-12-20 16:20:54 - [TEST_STEP][PASSED] - click: Object: 'Object Repository/Final Object Repo/Page_Form 3 EIS - Cessation as Employer/Edit' is clicked on

2018-12-20 16:20:55 - [MESSAGE][PASSED] - Object: 'Object Repository/Final Object Repo/Page_Form 3 EIS - Cessation as Employer/Edit' is clicked on

2018-12-20 16:20:55 - [TEST_STEP][PASSED] - delay: Delayed 1 second(s)

2018-12-20 16:20:56 - [MESSAGE][PASSED] - Delayed 1 second(s)

2018-12-20 16:20:56 - [TEST_STEP][PASSED] - Statement - abc = com.kms.katalon.core.webui.keyword.WebUiBuiltInKeywords.getAttribute(com.kms.katalon.core.testobject.ObjectRepository.findTestObject(Final Object Repo/Page_Form 3 EIS - Cessation as Employer/Employer Status), "value"): Attribute 'value' of object 'Object Repository/Final Object Repo/Page_Form 3 EIS - Cessation as Employer/Employer Status' is: 'Active'

2018-12-20 16:20:56 - [MESSAGE][PASSED] - Attribute 'value' of object 'Object Repository/Final Object Repo/Page_Form 3 EIS - Cessation as Employer/Employer Status' is: 'Active'

2018-12-20 16:20:56 - [TEST_STEP][PASSED] - Statement - out.println(abc): null

2018-12-20 16:20:56 - [TEST_STEP][PASSED] - Statement - If (abc == "Active"): Object: 'Object Repository/Final Object Repo/Page_Form 3 EIS - Cessation as Employer/Dormant EIS' is clicked on

2018-12-20 16:20:56 - [TEST_STEP][PASSED] - click: Object: 'Object Repository/Final Object Repo/Page_Form 3 EIS - Cessation as Employer/Change Employer Status to' is clicked on

2018-12-20 16:20:57 - [MESSAGE][PASSED] - Object: 'Object Repository/Final Object Repo/Page_Form 3 EIS - Cessation as Employer/Change Employer Status to' is clicked on

2018-12-20 16:20:57 - [TEST_STEP][PASSED] - click: Object: 'Object Repository/Final Object Repo/Page_Form 3 EIS - Cessation as Employer/Dormant EIS' is clicked on

2018-12-20 16:20:57 - [MESSAGE][PASSED] - Object: 'Object Repository/Final Object Repo/Page_Form 3 EIS - Cessation as Employer/Dormant EIS' is clicked on

2018-12-20 16:20:57 - [TEST_STEP][PASSED] - click: Object: 'Object Repository/Final Object Repo/Page_Form 3 EIS - Cessation as Employer/Calender' is clicked on

2018-12-20 16:20:57 - [MESSAGE][PASSED] - Object: 'Object Repository/Final Object Repo/Page_Form 3 EIS - Cessation as Employer/Calender' is clicked on

2018-12-20 16:20:57 - [TEST_STEP][PASSED] - delay: Delayed 1 second(s)

2018-12-20 16:20:58 - [MESSAGE][PASSED] - Delayed 1 second(s)

2018-12-20 16:20:58 - [TEST_STEP][PASSED] - click: Object: 'Object Repository/Final Object Repo/Page_Form 3 EIS - Cessation as Employer/Calender - Date' is clicked on

2018-12-20 16:20:58 - [MESSAGE][PASSED] - Object: 'Object Repository/Final Object Repo/Page_Form 3 EIS - Cessation as Employer/Calender - Date' is clicked on

2018-12-20 16:20:58 - [TEST_STEP][PASSED] - click: Object: 'Object Repository/Final Object Repo/Page_Form 3 EIS - Cessation as Employer/Save  Continue in Form 3 EIS Page' is clicked on

2018-12-20 16:20:58 - [MESSAGE][PASSED] - Object: 'Object Repository/Final Object Repo/Page_Form 3 EIS - Cessation as Employer/Save  Continue in Form 3 EIS Page' is clicked on

2018-12-20 16:20:58 - [TEST_STEP][PASSED] - delay: Delayed 1 second(s)

2018-12-20 16:20:59 - [MESSAGE][PASSED] - Delayed 1 second(s)

2018-12-20 16:20:59 - [TEST_STEP][PASSED] - click: Object: 'Object Repository/Final Object Repo/Page_Form 3 EIS - Cessation as Employer/Employment Resign Date' is clicked on

2018-12-20 16:21:00 - [MESSAGE][PASSED] - Object: 'Object Repository/Final Object Repo/Page_Form 3 EIS - Cessation as Employer/Employment Resign Date' is clicked on

2018-12-20 16:21:00 - [TEST_STEP][PASSED] - selectOptionByValue: All options with value '2019' are selected in object 'Object Repository/Final Object Repo/Page_Form 3 EIS - Cessation as Employer/Employment Resign Date - Year' 

2018-12-20 16:21:00 - [MESSAGE][PASSED] - All options with value '2019' are selected in object 'Object Repository/Final Object Repo/Page_Form 3 EIS - Cessation as Employer/Employment Resign Date - Year' 

2018-12-20 16:21:00 - [TEST_STEP][PASSED] - delay: Delayed 2 second(s)

2018-12-20 16:21:02 - [MESSAGE][PASSED] - Delayed 2 second(s)

2018-12-20 16:21:02 - [TEST_STEP][PASSED] - click: Object: 'Object Repository/Final Object Repo/Page_Form 3 EIS - Cessation as Employer/Employment Resign Date - Year - Date' is clicked on

2018-12-20 16:21:03 - [MESSAGE][PASSED] - Object: 'Object Repository/Final Object Repo/Page_Form 3 EIS - Cessation as Employer/Employment Resign Date - Year - Date' is clicked on

2018-12-20 16:21:03 - [TEST_STEP][PASSED] - delay: Delayed 2 second(s)

2018-12-20 16:21:05 - [MESSAGE][PASSED] - Delayed 2 second(s)

2018-12-20 16:21:05 - [TEST_STEP][PASSED] - click: Object: 'Object Repository/Final Object Repo/Page_Form 3 EIS - Cessation as Employer/Save  Continue in Employment Resign Page' is clicked on

2018-12-20 16:21:05 - [MESSAGE][PASSED] - Object: 'Object Repository/Final Object Repo/Page_Form 3 EIS - Cessation as Employer/Save  Continue in Employment Resign Page' is clicked on

2018-12-20 16:21:05 - [TEST_STEP][PASSED] - delay: Delayed 2 second(s)

2018-12-20 16:21:07 - [MESSAGE][PASSED] - Delayed 2 second(s)

2018-12-20 16:21:07 - [TEST_STEP][PASSED] - click: Object: 'Object Repository/Final Object Repo/Page_Form 3 EIS - Cessation as Employer/Set Latest - Yes' is clicked on

2018-12-20 16:21:07 - [MESSAGE][PASSED] - Object: 'Object Repository/Final Object Repo/Page_Form 3 EIS - Cessation as Employer/Set Latest - Yes' is clicked on

2018-12-20 16:21:07 - [TEST_STEP][PASSED] - delay: Delayed 2 second(s)

2018-12-20 16:21:09 - [MESSAGE][PASSED] - Delayed 2 second(s)

2018-12-20 16:21:09 - [TEST_STEP][PASSED] - click: Object: 'Object Repository/Final Object Repo/Page_Form 3 EIS - Cessation as Employer/Add Document' is clicked on

2018-12-20 16:21:10 - [MESSAGE][PASSED] - Object: 'Object Repository/Final Object Repo/Page_Form 3 EIS - Cessation as Employer/Add Document' is clicked on

2018-12-20 16:21:10 - [TEST_STEP][PASSED] - delay: Delayed 3 second(s)

2018-12-20 16:21:13 - [MESSAGE][PASSED] - Delayed 3 second(s)

2018-12-20 16:21:13 - [TEST_STEP][PASSED] - click: Object: 'Object Repository/Final Object Repo/Page_Form 3 EIS - Cessation as Employer/Document Type' is clicked on

2018-12-20 16:21:13 - [MESSAGE][PASSED] - Object: 'Object Repository/Final Object Repo/Page_Form 3 EIS - Cessation as Employer/Document Type' is clicked on

2018-12-20 16:21:13 - [TEST_STEP][PASSED] - click: Object: 'Object Repository/Final Object Repo/Page_Form 3 EIS - Cessation as Employer/Document Type - Form 3' is clicked on

2018-12-20 16:21:14 - [MESSAGE][PASSED] - Object: 'Object Repository/Final Object Repo/Page_Form 3 EIS - Cessation as Employer/Document Type - Form 3' is clicked on

2018-12-20 16:21:14 - [TEST_STEP][PASSED] - delay: Delayed 2 second(s)

2018-12-20 16:21:16 - [MESSAGE][PASSED] - Delayed 2 second(s)

2018-12-20 16:21:16 - [TEST_STEP][PASSED] - sendKeys: Keys 'C:\Users\Public\Pictures\Sample Pictures\Koala.jpg' sent to object: 'Object Repository/Final Object Repo/Page_Form 3 EIS - Cessation as Employer/ploading File'

2018-12-20 16:21:16 - [MESSAGE][PASSED] - Keys 'C:\Users\Public\Pictures\Sample Pictures\Koala.jpg' sent to object: 'Object Repository/Final Object Repo/Page_Form 3 EIS - Cessation as Employer/ploading File'

2018-12-20 16:21:16 - [TEST_STEP][PASSED] - delay: Delayed 1 second(s)

2018-12-20 16:21:17 - [MESSAGE][PASSED] - Delayed 1 second(s)

2018-12-20 16:21:17 - [TEST_STEP][PASSED] - click: Object: 'Object Repository/Final Object Repo/Page_Form 3 EIS - Cessation as Employer/Add Document in Uploading Page' is clicked on

2018-12-20 16:21:17 - [MESSAGE][PASSED] - Object: 'Object Repository/Final Object Repo/Page_Form 3 EIS - Cessation as Employer/Add Document in Uploading Page' is clicked on

2018-12-20 16:21:17 - [TEST_STEP][PASSED] - delay: Delayed 2 second(s)

2018-12-20 16:21:19 - [MESSAGE][PASSED] - Delayed 2 second(s)

2018-12-20 16:21:19 - [TEST_STEP][PASSED] - Statement - CaseReferenceNo = com.kms.katalon.core.webui.keyword.WebUiBuiltInKeywords.getText(com.kms.katalon.core.testobject.ObjectRepository.findTestObject(Final Object Repo/Page_Update Employer Information/Reference Number in Update Employee Information Page)): Text of object 'Object Repository/Final Object Repo/Page_Update Employer Information/Reference Number in Update Employee Information Page' is: 'ERN122018C200002554'

2018-12-20 16:21:21 - [MESSAGE][PASSED] - Text of object 'Object Repository/Final Object Repo/Page_Update Employer Information/Reference Number in Update Employee Information Page' is: 'ERN122018C200002554'

2018-12-20 16:21:21 - [TEST_STEP][PASSED] - callTestCase: Call Test Case 'Test Cases/Final Aug 2018 - PKS Automation/Common/Reference Number Setter' successfully

2018-12-20 16:21:21 - [TEST_CASE][PASSED] - Test Cases/Final Aug 2018 - PKS Automation/Common/Reference Number Setter: Test Cases/Final Aug 2018 - PKS Automation/Common/Reference Number Setter

2018-12-20 16:21:21 - [TEST_STEP][PASSED] - Statement - RefNoOldFile = new java.io.File(C://Users//Admin//Desktop//PKS//Automation Reference Point//KatalonReference.txt): null

2018-12-20 16:21:21 - [TEST_STEP][PASSED] - Statement - RefNoOldFile.delete(): null

2018-12-20 16:21:21 - [TEST_STEP][PASSED] - delay: Delayed 5 second(s)

2018-12-20 16:21:26 - [MESSAGE][PASSED] - Delayed 5 second(s)

2018-12-20 16:21:26 - [TEST_STEP][PASSED] - Statement - RefNo = new java.io.File(C://Users//Admin//Desktop//PKS//Automation Reference Point//KatalonReference.txt): null

2018-12-20 16:21:26 - [TEST_STEP][PASSED] - Statement - f2 = new java.io.FileWriter(RefNo, false): null

2018-12-20 16:21:26 - [TEST_STEP][PASSED] - Statement - f2.write(CaseReferenceNo): null

2018-12-20 16:21:26 - [TEST_STEP][PASSED] - Statement - f2.close(): null

2018-12-20 16:21:26 - [TEST_STEP][PASSED] - Statement - out.println("


" + CaseReferenceNo + "


"): null

2018-12-20 16:21:26 - [MESSAGE][PASSED] - Call Test Case 'Test Cases/Final Aug 2018 - PKS Automation/Common/Reference Number Setter' successfully

2018-12-20 16:21:26 - [TEST_STEP][PASSED] - delay: Delayed 2 second(s)

2018-12-20 16:21:28 - [MESSAGE][PASSED] - Delayed 2 second(s)

2018-12-20 16:21:28 - [TEST_STEP][PASSED] - click: Object: 'Object Repository/Final Object Repo/Page_Form 3 EIS - Cessation as Employer/Save  Continue in Uploading Page' is clicked on

2018-12-20 16:21:28 - [MESSAGE][PASSED] - Object: 'Object Repository/Final Object Repo/Page_Form 3 EIS - Cessation as Employer/Save  Continue in Uploading Page' is clicked on

2018-12-20 16:21:28 - [TEST_STEP][PASSED] - delay: Delayed 2 second(s)

2018-12-20 16:21:30 - [MESSAGE][PASSED] - Delayed 2 second(s)

2018-12-20 16:21:30 - [TEST_STEP][PASSED] - click: Object: 'Object Repository/Final Object Repo/Page_Form 3 EIS - Cessation as Employer/Submit' is clicked on

2018-12-20 16:21:33 - [MESSAGE][PASSED] - Object: 'Object Repository/Final Object Repo/Page_Form 3 EIS - Cessation as Employer/Submit' is clicked on

2018-12-20 16:21:33 - [TEST_STEP][PASSED] - delay: Delayed 2 second(s)

2018-12-20 16:21:35 - [MESSAGE][PASSED] - Delayed 2 second(s)

2018-12-20 16:21:35 - [TEST_STEP][PASSED] - click: Object: 'Object Repository/Final Object Repo/Page_Form 3 EIS - Cessation as Employer/Confirm' is clicked on

2018-12-20 16:21:35 - [MESSAGE][PASSED] - Object: 'Object Repository/Final Object Repo/Page_Form 3 EIS - Cessation as Employer/Confirm' is clicked on

2018-12-20 16:21:35 - [TEST_STEP][PASSED] - delay: Delayed 2 second(s)

2018-12-20 16:21:37 - [MESSAGE][PASSED] - Delayed 2 second(s)

2018-12-20 16:21:37 - [TEST_STEP][PASSED] - click: Object: 'Object Repository/Final Object Repo/Page_Form 3 EIS - Cessation as Employer/Message Your Request will be routed to UO' is clicked on

2018-12-20 16:21:41 - [MESSAGE][PASSED] - Object: 'Object Repository/Final Object Repo/Page_Form 3 EIS - Cessation as Employer/Message Your Request will be routed to UO' is clicked on

2018-12-20 16:21:41 - [TEST_STEP][PASSED] - click: Object: 'Object Repository/Final Object Repo/Page_Form 3 EIS - Cessation as Employer/Letter of acknowledgement' is clicked on

2018-12-20 16:21:42 - [MESSAGE][PASSED] - Object: 'Object Repository/Final Object Repo/Page_Form 3 EIS - Cessation as Employer/Letter of acknowledgement' is clicked on

2018-12-20 16:21:42 - [MESSAGE][PASSED] - Call Test Case 'Test Cases/Final Aug 2018 - PKS Automation/Registration Module/Workflow/Form 3 EIS - Cessation As Employer/Template/Form 3 A - Cessation As Employer (Employer)' successfully

2018-12-20 16:21:42 - [TEST_STEP][PASSED] - callTestCase: Call Test Case 'Test Cases/Final Aug 2018 - PKS Automation/Registration Module/Workflow/Form 3 EIS - Cessation As Employer/Template/Form 3 A - Cessation As Employer (Approve)' successfully

2018-12-20 16:21:42 - [TEST_CASE][PASSED] - Test Cases/Final Aug 2018 - PKS Automation/Registration Module/Workflow/Form 3 EIS - Cessation As Employer/Template/Form 3 A - Cessation As Employer (Approve): Test Cases/Final Aug 2018 - PKS Automation/Registration Module/Workflow/Form 3 EIS - Cessation As Employer/Template/Form 3 A - Cessation As Employer (Approve)

2018-12-20 16:21:42 - [TEST_STEP][NOT_RUN] - callTestCase: NOT_RUN: callTestCase

2018-12-20 16:21:42 - [MESSAGE][NOT_RUN] - NOT_RUN: callTestCase

2018-12-20 16:21:42 - [TEST_STEP][PASSED] - delay: Delayed 1 second(s)

2018-12-20 16:21:43 - [MESSAGE][PASSED] - Delayed 1 second(s)

2018-12-20 16:21:43 - [TEST_STEP][PASSED] - navigateToUrl: Navigate to 'https://assist2-uat.perkeso.gov.my/c/portal/logout' successfully

2018-12-20 16:21:44 - [MESSAGE][PASSED] - Navigate to 'https://assist2-uat.perkeso.gov.my/c/portal/logout' successfully

2018-12-20 16:21:44 - [TEST_STEP][PASSED] - delay: Delayed 1 second(s)

2018-12-20 16:21:45 - [MESSAGE][PASSED] - Delayed 1 second(s)

2018-12-20 16:21:45 - [TEST_STEP][PASSED] - callTestCase: Call Test Case 'Test Cases/Final Aug 2018 - PKS Automation/Common/Reference Number Getter' successfully

2018-12-20 16:21:45 - [TEST_CASE][PASSED] - Test Cases/Final Aug 2018 - PKS Automation/Common/Reference Number Getter: Test Cases/Final Aug 2018 - PKS Automation/Common/Reference Number Getter

2018-12-20 16:21:45 - [TEST_STEP][PASSED] - Statement - Try: null

2018-12-20 16:21:45 - [TEST_STEP][PASSED] - Statement - RefNo = new java.io.File(C://Users//Admin//Desktop//PKS//Automation Reference Point//KatalonReference.txt): null

2018-12-20 16:21:45 - [TEST_STEP][PASSED] - Statement - bufferread = new java.io.BufferedReader(new java.io.FileReader(RefNo)): null

2018-12-20 16:21:45 - [TEST_STEP][PASSED] - Statement - readedVal = bufferread.readLine(): null

2018-12-20 16:21:45 - [TEST_STEP][PASSED] - Statement - out.println(CaseReferenceNo): null

2018-12-20 16:21:45 - [TEST_STEP][PASSED] - Statement - out.println(readedVal): null

2018-12-20 16:21:45 - [TEST_STEP][PASSED] - Statement - CaseReferenceNo = "": null

2018-12-20 16:21:45 - [TEST_STEP][PASSED] - Statement - CaseReferenceNo = readedVal: null

2018-12-20 16:21:45 - [MESSAGE][PASSED] - Call Test Case 'Test Cases/Final Aug 2018 - PKS Automation/Common/Reference Number Getter' successfully

2018-12-20 16:21:45 - [TEST_STEP][PASSED] - callTestCase: Call Test Case 'Test Cases/Final Aug 2018 - PKS Automation/Common/Workflow Owner Finder' successfully

2018-12-20 16:21:46 - [TEST_CASE][PASSED] - Test Cases/Final Aug 2018 - PKS Automation/Common/Workflow Owner Finder: Test Cases/Final Aug 2018 - PKS Automation/Common/Workflow Owner Finder

2018-12-20 16:21:46 - [TEST_STEP][PASSED] - openBrowser: Browser is opened with url: ''

2018-12-20 16:21:46 - [MESSAGE][WARNING] - A browser is already opened. Closing browser and opening a new one

2018-12-20 16:21:49 - [MESSAGE][PASSED] - Browser is opened with url: ''

2018-12-20 16:21:49 - [TEST_STEP][PASSED] - navigateToUrl: Navigate to 'https://assist2-uat.perkeso.gov.my/login' successfully

2018-12-20 16:21:50 - [MESSAGE][PASSED] - Navigate to 'https://assist2-uat.perkeso.gov.my/login' successfully

2018-12-20 16:21:50 - [TEST_STEP][PASSED] - delay: Delayed 5 second(s)

2018-12-20 16:21:55 - [MESSAGE][PASSED] - Delayed 5 second(s)

2018-12-20 16:21:55 - [TEST_STEP][PASSED] - setText: Text 'test@liferay.com' is set on object 'Object Repository/Final Object Repo/Login Page/Internal User/Email Address'

2018-12-20 16:21:55 - [MESSAGE][PASSED] - Text 'test@liferay.com' is set on object 'Object Repository/Final Object Repo/Login Page/Internal User/Email Address'

2018-12-20 16:21:55 - [TEST_STEP][PASSED] - click: Object: 'Object Repository/Final Object Repo/Login Page/Internal User/Next Button' is clicked on

2018-12-20 16:21:55 - [MESSAGE][PASSED] - Object: 'Object Repository/Final Object Repo/Login Page/Internal User/Next Button' is clicked on

2018-12-20 16:21:55 - [TEST_STEP][PASSED] - delay: Delayed 2 second(s)

2018-12-20 16:21:57 - [MESSAGE][PASSED] - Delayed 2 second(s)

2018-12-20 16:21:57 - [TEST_STEP][PASSED] - setText: Text 'test' is set on object 'Object Repository/Final Object Repo/Login Page/Internal User/Password'

2018-12-20 16:21:58 - [MESSAGE][PASSED] - Text 'test' is set on object 'Object Repository/Final Object Repo/Login Page/Internal User/Password'

2018-12-20 16:21:58 - [TEST_STEP][PASSED] - delay: Delayed 2 second(s)

2018-12-20 16:22:00 - [MESSAGE][PASSED] - Delayed 2 second(s)

2018-12-20 16:22:00 - [TEST_STEP][PASSED] - click: Object: 'Object Repository/Final Object Repo/Login Page/Internal User/Login Button' is clicked on

2018-12-20 16:22:00 - [MESSAGE][PASSED] - Object: 'Object Repository/Final Object Repo/Login Page/Internal User/Login Button' is clicked on

2018-12-20 16:22:00 - [TEST_STEP][PASSED] - Statement - tester = com.kms.katalon.core.testobject.ObjectRepository.findTestObject(Final Object Repo/Landing Page/Select to English): Finding Test Object with id 'Object Repository/Final Object Repo/Landing Page/Select to English'

2018-12-20 16:22:00 - [TEST_STEP][PASSED] - Statement - Try: Delayed 2 second(s)

2018-12-20 16:22:00 - [TEST_STEP][PASSED] - Statement - Checker = com.kms.katalon.core.webui.keyword.WebUiBuiltInKeywords.verifyElementNotPresent(tester, 3): Web element with id: 'Object Repository/Final Object Repo/Landing Page/Select to English' located by 'By.xpath: //a[@class = 'taglib-language-list-text' and @lang = 'en-US' and (contains(text(), 'EN') or contains(., 'EN'))]' is not present after '3' second(s)

2018-12-20 16:22:02 - [MESSAGE][PASSED] - Web element with id: 'Object Repository/Final Object Repo/Landing Page/Select to English' located by 'By.xpath: //a[@class = 'taglib-language-list-text' and @lang = 'en-US' and (contains(text(), 'EN') or contains(., 'EN'))]' is not present after '3' second(s)

2018-12-20 16:22:02 - [TEST_STEP][PASSED] - Statement - If (Checker == false): null

2018-12-20 16:22:02 - [TEST_STEP][PASSED] - delay: Delayed 2 second(s)

2018-12-20 16:22:04 - [MESSAGE][PASSED] - Delayed 2 second(s)

2018-12-20 16:22:04 - [TEST_STEP][PASSED] - delay: Delayed 5 second(s)

2018-12-20 16:22:09 - [MESSAGE][PASSED] - Delayed 5 second(s)

2018-12-20 16:22:09 - [TEST_STEP][PASSED] - mouseOver: Object: 'Object Repository/Final Object Repo/Landing Page/WorkFlow Menu' is hovered

2018-12-20 16:22:09 - [MESSAGE][PASSED] - Object: 'Object Repository/Final Object Repo/Landing Page/WorkFlow Menu' is hovered

2018-12-20 16:22:09 - [TEST_STEP][PASSED] - delay: Delayed 2 second(s)

2018-12-20 16:22:11 - [MESSAGE][PASSED] - Delayed 2 second(s)

2018-12-20 16:22:11 - [TEST_STEP][PASSED] - click: Object: 'Object Repository/Final Object Repo/Landing Page/Select to Workflow Listing' is clicked on

2018-12-20 16:22:12 - [MESSAGE][PASSED] - Object: 'Object Repository/Final Object Repo/Landing Page/Select to Workflow Listing' is clicked on

2018-12-20 16:22:12 - [TEST_STEP][PASSED] - delay: Delayed 2 second(s)

2018-12-20 16:22:14 - [MESSAGE][PASSED] - Delayed 2 second(s)

2018-12-20 16:22:14 - [TEST_STEP][PASSED] - click: Object: 'Object Repository/Final Object Repo/WorkFlow Listing Page/Search Information - To Put Ref No' is clicked on

2018-12-20 16:22:14 - [MESSAGE][PASSED] - Object: 'Object Repository/Final Object Repo/WorkFlow Listing Page/Search Information - To Put Ref No' is clicked on

2018-12-20 16:22:14 - [TEST_STEP][PASSED] - delay: Delayed 2 second(s)

2018-12-20 16:22:16 - [MESSAGE][PASSED] - Delayed 2 second(s)

2018-12-20 16:22:16 - [TEST_STEP][PASSED] - callTestCase: Call Test Case 'Test Cases/Final Aug 2018 - PKS Automation/Common/Reference Number Getter' successfully

2018-12-20 16:22:16 - [TEST_CASE][PASSED] - Test Cases/Final Aug 2018 - PKS Automation/Common/Reference Number Getter: Test Cases/Final Aug 2018 - PKS Automation/Common/Reference Number Getter

2018-12-20 16:22:16 - [TEST_STEP][PASSED] - Statement - Try: null

2018-12-20 16:22:16 - [TEST_STEP][PASSED] - Statement - RefNo = new java.io.File(C://Users//Admin//Desktop//PKS//Automation Reference Point//KatalonReference.txt): null

2018-12-20 16:22:16 - [TEST_STEP][PASSED] - Statement - bufferread = new java.io.BufferedReader(new java.io.FileReader(RefNo)): null

2018-12-20 16:22:16 - [TEST_STEP][PASSED] - Statement - readedVal = bufferread.readLine(): null

2018-12-20 16:22:16 - [TEST_STEP][PASSED] - Statement - out.println(CaseReferenceNo): null

2018-12-20 16:22:16 - [TEST_STEP][PASSED] - Statement - out.println(readedVal): null

2018-12-20 16:22:16 - [TEST_STEP][PASSED] - Statement - CaseReferenceNo = "": null

2018-12-20 16:22:16 - [TEST_STEP][PASSED] - Statement - CaseReferenceNo = readedVal: null

2018-12-20 16:22:16 - [MESSAGE][PASSED] - Call Test Case 'Test Cases/Final Aug 2018 - PKS Automation/Common/Reference Number Getter' successfully

2018-12-20 16:22:16 - [TEST_STEP][PASSED] - setText: Text 'ERN122018C200002554' is set on object 'Object Repository/Final Object Repo/WorkFlow Listing Page/Ref No Set Text'

2018-12-20 16:22:17 - [MESSAGE][PASSED] - Text 'ERN122018C200002554' is set on object 'Object Repository/Final Object Repo/WorkFlow Listing Page/Ref No Set Text'

2018-12-20 16:22:17 - [TEST_STEP][PASSED] - delay: Delayed 2 second(s)

2018-12-20 16:22:19 - [MESSAGE][PASSED] - Delayed 2 second(s)

2018-12-20 16:22:19 - [TEST_STEP][PASSED] - click: Object: 'Object Repository/Final Object Repo/WorkFlow Listing Page/Search Ref No Search Button' is clicked on

2018-12-20 16:22:19 - [MESSAGE][PASSED] - Object: 'Object Repository/Final Object Repo/WorkFlow Listing Page/Search Ref No Search Button' is clicked on

2018-12-20 16:22:19 - [TEST_STEP][PASSED] - delay: Delayed 6 second(s)

2018-12-20 16:22:25 - [MESSAGE][PASSED] - Delayed 6 second(s)

2018-12-20 16:22:25 - [TEST_STEP][PASSED] - click: Object: 'Object Repository/Final Object Repo/WorkFlow Listing Page/Click Continue Tooltip' is clicked on

2018-12-20 16:22:26 - [MESSAGE][PASSED] - Object: 'Object Repository/Final Object Repo/WorkFlow Listing Page/Click Continue Tooltip' is clicked on

2018-12-20 16:22:26 - [TEST_STEP][PASSED] - delay: Delayed 5 second(s)

2018-12-20 16:22:31 - [MESSAGE][PASSED] - Delayed 5 second(s)

2018-12-20 16:22:31 - [TEST_STEP][PASSED] - doubleClick: Object: 'Object Repository/Final Object Repo/WorkFlow Listing Page/Workflow Found - Listing 1' is double clicked on

2018-12-20 16:22:31 - [MESSAGE][PASSED] - Object: 'Object Repository/Final Object Repo/WorkFlow Listing Page/Workflow Found - Listing 1' is double clicked on

2018-12-20 16:22:31 - [TEST_STEP][PASSED] - Statement - println(OwnerID): null

2018-12-20 16:22:31 - [TEST_STEP][PASSED] - Statement - OwnerID = com.kms.katalon.core.webui.keyword.WebUiBuiltInKeywords.getText(com.kms.katalon.core.testobject.ObjectRepository.findTestObject(Final Object Repo/WorkFlow Listing Page/Workflow Found - Listing 1), STOP_ON_FAILURE): Text of object 'Object Repository/Final Object Repo/WorkFlow Listing Page/Workflow Found - Listing 1' is: 'JOHORuo2'

2018-12-20 16:22:32 - [MESSAGE][PASSED] - Text of object 'Object Repository/Final Object Repo/WorkFlow Listing Page/Workflow Found - Listing 1' is: 'JOHORuo2'

2018-12-20 16:22:32 - [TEST_STEP][PASSED] - Statement - OwnerID = OwnerID.toLowerCase() + "@gmail.com": null

2018-12-20 16:22:32 - [TEST_STEP][PASSED] - Statement - println(OwnerID): null

2018-12-20 16:22:32 - [TEST_STEP][PASSED] - delay: Delayed 2 second(s)

2018-12-20 16:22:34 - [MESSAGE][PASSED] - Delayed 2 second(s)

2018-12-20 16:22:34 - [MESSAGE][PASSED] - Call Test Case 'Test Cases/Final Aug 2018 - PKS Automation/Common/Workflow Owner Finder' successfully

2018-12-20 16:22:34 - [TEST_STEP][PASSED] - delay: Delayed 1 second(s)

2018-12-20 16:22:35 - [MESSAGE][PASSED] - Delayed 1 second(s)

2018-12-20 16:22:35 - [TEST_STEP][PASSED] - navigateToUrl: Navigate to 'https://assist2-uat.perkeso.gov.my/c/portal/logout' successfully

2018-12-20 16:22:35 - [MESSAGE][PASSED] - Navigate to 'https://assist2-uat.perkeso.gov.my/c/portal/logout' successfully

2018-12-20 16:22:35 - [TEST_STEP][PASSED] - delay: Delayed 1 second(s)

2018-12-20 16:22:36 - [MESSAGE][PASSED] - Delayed 1 second(s)

2018-12-20 16:22:36 - [TEST_STEP][PASSED] - callTestCase: Call Test Case 'Test Cases/Final Aug 2018 - PKS Automation/Registration Module/Workflow/Login and Search Case For Workflow' successfully

2018-12-20 16:22:36 - [TEST_CASE][PASSED] - Test Cases/Final Aug 2018 - PKS Automation/Registration Module/Workflow/Login and Search Case For Workflow: Test Cases/Final Aug 2018 - PKS Automation/Registration Module/Workflow/Login and Search Case For Workflow

2018-12-20 16:22:37 - [TEST_STEP][PASSED] - navigateToUrl: Navigate to 'https://assist2-uat.perkeso.gov.my/login' successfully

2018-12-20 16:22:37 - [MESSAGE][PASSED] - Navigate to 'https://assist2-uat.perkeso.gov.my/login' successfully

2018-12-20 16:22:37 - [TEST_STEP][PASSED] - setText: Text 'johoruo2@gmail.com' is set on object 'Object Repository/Final Object Repo/Login Page/Internal User/Email Address'

2018-12-20 16:22:38 - [MESSAGE][PASSED] - Text 'johoruo2@gmail.com' is set on object 'Object Repository/Final Object Repo/Login Page/Internal User/Email Address'

2018-12-20 16:22:38 - [TEST_STEP][PASSED] - click: Object: 'Object Repository/Final Object Repo/Login Page/Internal User/Next Button' is clicked on

2018-12-20 16:22:38 - [MESSAGE][PASSED] - Object: 'Object Repository/Final Object Repo/Login Page/Internal User/Next Button' is clicked on

2018-12-20 16:22:38 - [TEST_STEP][PASSED] - delay: Delayed 1 second(s)

2018-12-20 16:22:39 - [MESSAGE][PASSED] - Delayed 1 second(s)

2018-12-20 16:22:39 - [TEST_STEP][PASSED] - setEncryptedText: Text ****** has been set on object 'Object Repository/Final Object Repo/Login Page/Internal User/Password'

2018-12-20 16:22:39 - [MESSAGE][PASSED] - Text ****** has been set on object 'Object Repository/Final Object Repo/Login Page/Internal User/Password'

2018-12-20 16:22:39 - [TEST_STEP][PASSED] - click: Object: 'Object Repository/Final Object Repo/Login Page/Internal User/Login Button' is clicked on

2018-12-20 16:22:39 - [MESSAGE][PASSED] - Object: 'Object Repository/Final Object Repo/Login Page/Internal User/Login Button' is clicked on

2018-12-20 16:22:39 - [TEST_STEP][PASSED] - delay: Delayed 2 second(s)

2018-12-20 16:22:41 - [MESSAGE][PASSED] - Delayed 2 second(s)

2018-12-20 16:22:41 - [TEST_STEP][PASSED] - Statement - Try: Delayed 2 second(s)

2018-12-20 16:22:41 - [TEST_STEP][PASSED] - Statement - Checker = false: null

2018-12-20 16:22:41 - [TEST_STEP][PASSED] - Statement - Checker = com.kms.katalon.core.webui.keyword.WebUiBuiltInKeywords.verifyElementHasAttribute(com.kms.katalon.core.testobject.ObjectRepository.findTestObject(Final Object Repo/Landing Page/BM Detecting), "href", 20, OPTIONAL): Object 'Object Repository/Final Object Repo/Landing Page/BM Detecting' has attribute 'href'

2018-12-20 16:22:41 - [MESSAGE][PASSED] - Object 'Object Repository/Final Object Repo/Landing Page/BM Detecting' has attribute 'href'

2018-12-20 16:22:41 - [TEST_STEP][PASSED] - Statement - out.println(Checker): null

2018-12-20 16:22:41 - [TEST_STEP][PASSED] - Statement - If (Checker == false): null

2018-12-20 16:22:41 - [TEST_STEP][PASSED] - Statement - Else: null

2018-12-20 16:22:41 - [TEST_STEP][PASSED] - delay: Delayed 2 second(s)

2018-12-20 16:22:43 - [MESSAGE][PASSED] - Delayed 2 second(s)

2018-12-20 16:22:43 - [TEST_STEP][PASSED] - click: Object: 'Object Repository/Final Object Repo/Page_MyASSIST - ASSIST - Search Pending Case For Add Supporting Document/Search Information' is clicked on

2018-12-20 16:22:43 - [MESSAGE][PASSED] - Object: 'Object Repository/Final Object Repo/Page_MyASSIST - ASSIST - Search Pending Case For Add Supporting Document/Search Information' is clicked on

2018-12-20 16:22:43 - [TEST_STEP][PASSED] - delay: Delayed 3 second(s)

2018-12-20 16:22:46 - [MESSAGE][PASSED] - Delayed 3 second(s)

2018-12-20 16:22:46 - [TEST_STEP][PASSED] - sendKeys: Keys 'ERN122018C200002554' sent to object: 'Object Repository/Final Object Repo/Page_MyASSIST - ASSIST - Search Pending Case For Add Supporting Document/Reference No'

2018-12-20 16:22:47 - [MESSAGE][PASSED] - Keys 'ERN122018C200002554' sent to object: 'Object Repository/Final Object Repo/Page_MyASSIST - ASSIST - Search Pending Case For Add Supporting Document/Reference No'

2018-12-20 16:22:47 - [TEST_STEP][PASSED] - click: Object: 'Object Repository/Final Object Repo/Page_MyASSIST - ASSIST - Search Pending Case For Add Supporting Document/Search Reference No' is clicked on

2018-12-20 16:22:47 - [MESSAGE][PASSED] - Object: 'Object Repository/Final Object Repo/Page_MyASSIST - ASSIST - Search Pending Case For Add Supporting Document/Search Reference No' is clicked on

2018-12-20 16:22:47 - [TEST_STEP][PASSED] - delay: Delayed 2 second(s)

2018-12-20 16:22:49 - [MESSAGE][PASSED] - Delayed 2 second(s)

2018-12-20 16:22:49 - [TEST_STEP][PASSED] - click: Object: 'Object Repository/Final Object Repo/Page_MyASSIST - ASSIST - Search Pending Case For Add Supporting Document/Continue' is clicked on

2018-12-20 16:22:52 - [MESSAGE][PASSED] - Object: 'Object Repository/Final Object Repo/Page_MyASSIST - ASSIST - Search Pending Case For Add Supporting Document/Continue' is clicked on

2018-12-20 16:22:52 - [TEST_STEP][PASSED] - delay: Delayed 20 second(s)

2018-12-20 16:23:12 - [MESSAGE][PASSED] - Delayed 20 second(s)

2018-12-20 16:23:12 - [MESSAGE][PASSED] - Call Test Case 'Test Cases/Final Aug 2018 - PKS Automation/Registration Module/Workflow/Login and Search Case For Workflow' successfully

2018-12-20 16:23:12 - [TEST_STEP][PASSED] - click: Object: 'Object Repository/Final Object Repo/Page_Form 3 EIS - Cessation as Employer/Page_Form 3 EIS - Cessation as Employer (Approve)/Save  Continue in Form 3 Page' is clicked on

2018-12-20 16:23:12 - [MESSAGE][PASSED] - Object: 'Object Repository/Final Object Repo/Page_Form 3 EIS - Cessation as Employer/Page_Form 3 EIS - Cessation as Employer (Approve)/Save  Continue in Form 3 Page' is clicked on

2018-12-20 16:23:12 - [TEST_STEP][PASSED] - delay: Delayed 2 second(s)

2018-12-20 16:23:14 - [MESSAGE][PASSED] - Delayed 2 second(s)

2018-12-20 16:23:14 - [TEST_STEP][PASSED] - click: Object: 'Object Repository/Final Object Repo/Page_Form 3 EIS - Cessation as Employer/Page_Form 3 EIS - Cessation as Employer (Approve)/Save  Continue in Resigned Page' is clicked on

2018-12-20 16:23:15 - [MESSAGE][PASSED] - Object: 'Object Repository/Final Object Repo/Page_Form 3 EIS - Cessation as Employer/Page_Form 3 EIS - Cessation as Employer (Approve)/Save  Continue in Resigned Page' is clicked on

2018-12-20 16:23:15 - [TEST_STEP][PASSED] - delay: Delayed 2 second(s)

2018-12-20 16:23:17 - [MESSAGE][PASSED] - Delayed 2 second(s)

2018-12-20 16:23:17 - [TEST_STEP][PASSED] - click: Object: 'Object Repository/Final Object Repo/Page_Form 3 EIS - Cessation as Employer/Page_Form 3 EIS - Cessation as Employer (Approve)/Save  Continue in Uploading Page' is clicked on

2018-12-20 16:23:18 - [MESSAGE][PASSED] - Object: 'Object Repository/Final Object Repo/Page_Form 3 EIS - Cessation as Employer/Page_Form 3 EIS - Cessation as Employer (Approve)/Save  Continue in Uploading Page' is clicked on

2018-12-20 16:23:18 - [TEST_STEP][PASSED] - delay: Delayed 2 second(s)

2018-12-20 16:23:20 - [MESSAGE][PASSED] - Delayed 2 second(s)

2018-12-20 16:23:20 - [TEST_STEP][PASSED] - click: Object: 'Object Repository/Final Object Repo/Page_Form 3 EIS - Cessation as Employer/Page_Form 3 EIS - Cessation as Employer (Approve)/Approve' is clicked on

2018-12-20 16:23:23 - [MESSAGE][PASSED] - Object: 'Object Repository/Final Object Repo/Page_Form 3 EIS - Cessation as Employer/Page_Form 3 EIS - Cessation as Employer (Approve)/Approve' is clicked on

2018-12-20 16:23:23 - [TEST_STEP][PASSED] - delay: Delayed 2 second(s)

2018-12-20 16:23:25 - [MESSAGE][PASSED] - Delayed 2 second(s)

2018-12-20 16:23:25 - [TEST_STEP][PASSED] - click: Object: 'Object Repository/Final Object Repo/Page_Form 3 EIS - Cessation as Employer/Page_Form 3 EIS - Cessation as Employer (Approve)/Confirm' is clicked on

2018-12-20 16:23:25 - [MESSAGE][PASSED] - Object: 'Object Repository/Final Object Repo/Page_Form 3 EIS - Cessation as Employer/Page_Form 3 EIS - Cessation as Employer (Approve)/Confirm' is clicked on

2018-12-20 16:23:25 - [TEST_STEP][PASSED] - delay: Delayed 2 second(s)

2018-12-20 16:23:27 - [MESSAGE][PASSED] - Delayed 2 second(s)

2018-12-20 16:23:27 - [TEST_STEP][PASSED] - click: Object: 'Object Repository/Final Object Repo/Page_Form 3 EIS - Cessation as Employer/Page_Form 3 EIS - Cessation as Employer (Approve)/Message Your Request    Form 3 EIS' is clicked on

2018-12-20 16:23:32 - [MESSAGE][PASSED] - Object: 'Object Repository/Final Object Repo/Page_Form 3 EIS - Cessation as Employer/Page_Form 3 EIS - Cessation as Employer (Approve)/Message Your Request    Form 3 EIS' is clicked on

2018-12-20 16:23:32 - [TEST_STEP][PASSED] - click: Object: 'Object Repository/Final Object Repo/Page_Form 3 EIS - Cessation as Employer/Page_Form 3 EIS - Cessation as Employer (Approve)/Letter of successful update' is clicked on

2018-12-20 16:23:33 - [MESSAGE][PASSED] - Object: 'Object Repository/Final Object Repo/Page_Form 3 EIS - Cessation as Employer/Page_Form 3 EIS - Cessation as Employer (Approve)/Letter of successful update' is clicked on

2018-12-20 16:23:33 - [MESSAGE][PASSED] - Call Test Case 'Test Cases/Final Aug 2018 - PKS Automation/Registration Module/Workflow/Form 3 EIS - Cessation As Employer/Template/Form 3 A - Cessation As Employer (Approve)' successfully]]></system-out>
         <system-err><![CDATA[]]></system-err>
      </testcase>
      <testcase name="Test Cases/Final Aug 2018 - PKS Automation/Registration Module/Workflow/Form 3 EIS - Cessation As Employer/Employer to UO (Query)" classname="Test Cases/Final Aug 2018 - PKS Automation/Registration Module/Workflow/Form 3 EIS - Cessation As Employer/Employer to UO (Query)" status="PASSED">
         <system-out><![CDATA[2018-12-20 16:23:33 - [TEST_CASE][PASSED] - Test Cases/Final Aug 2018 - PKS Automation/Registration Module/Workflow/Form 3 EIS - Cessation As Employer/Employer to UO (Query): Test Cases/Final Aug 2018 - PKS Automation/Registration Module/Workflow/Form 3 EIS - Cessation As Employer/Employer to UO (Query)

2018-12-20 16:23:33 - [TEST_STEP][PASSED] - callTestCase: Call Test Case 'Test Cases/Final Aug 2018 - PKS Automation/Registration Module/Workflow/Form 3 EIS - Cessation As Employer/Template/Form 3 A - Cessation As Employer (OTC)' successfully

2018-12-20 16:23:33 - [TEST_CASE][PASSED] - Test Cases/Final Aug 2018 - PKS Automation/Registration Module/Workflow/Form 3 EIS - Cessation As Employer/Template/Form 3 A - Cessation As Employer (OTC): Test Cases/Final Aug 2018 - PKS Automation/Registration Module/Workflow/Form 3 EIS - Cessation As Employer/Template/Form 3 A - Cessation As Employer (OTC)

2018-12-20 16:23:34 - [TEST_STEP][PASSED] - openBrowser: Browser is opened with url: ''

2018-12-20 16:23:34 - [MESSAGE][WARNING] - A browser is already opened. Closing browser and opening a new one

2018-12-20 16:23:37 - [MESSAGE][PASSED] - Browser is opened with url: ''

2018-12-20 16:23:37 - [TEST_STEP][PASSED] - navigateToUrl: Navigate to 'https://assist2-uat.perkeso.gov.my/login' successfully

2018-12-20 16:23:38 - [MESSAGE][PASSED] - Navigate to 'https://assist2-uat.perkeso.gov.my/login' successfully

2018-12-20 16:23:38 - [TEST_STEP][PASSED] - setText: Text 'johorotc1@gmail.com' is set on object 'Object Repository/Final Object Repo/Login Page/Internal User/Email Address'

2018-12-20 16:23:38 - [MESSAGE][PASSED] - Text 'johorotc1@gmail.com' is set on object 'Object Repository/Final Object Repo/Login Page/Internal User/Email Address'

2018-12-20 16:23:38 - [TEST_STEP][PASSED] - click: Object: 'Object Repository/Final Object Repo/Login Page/Internal User/Next Button' is clicked on

2018-12-20 16:23:38 - [MESSAGE][PASSED] - Object: 'Object Repository/Final Object Repo/Login Page/Internal User/Next Button' is clicked on

2018-12-20 16:23:38 - [TEST_STEP][PASSED] - delay: Delayed 1 second(s)

2018-12-20 16:23:39 - [MESSAGE][PASSED] - Delayed 1 second(s)

2018-12-20 16:23:39 - [TEST_STEP][PASSED] - setEncryptedText: Text ****** has been set on object 'Object Repository/Final Object Repo/Login Page/Internal User/Password'

2018-12-20 16:23:39 - [MESSAGE][PASSED] - Text ****** has been set on object 'Object Repository/Final Object Repo/Login Page/Internal User/Password'

2018-12-20 16:23:39 - [TEST_STEP][PASSED] - click: Object: 'Object Repository/Final Object Repo/Login Page/Internal User/Login Button' is clicked on

2018-12-20 16:23:40 - [MESSAGE][PASSED] - Object: 'Object Repository/Final Object Repo/Login Page/Internal User/Login Button' is clicked on

2018-12-20 16:23:40 - [TEST_STEP][PASSED] - delay: Delayed 1 second(s)

2018-12-20 16:23:41 - [MESSAGE][PASSED] - Delayed 1 second(s)

2018-12-20 16:23:41 - [TEST_STEP][PASSED] - Statement - Try: Delayed 2 second(s)

2018-12-20 16:23:41 - [TEST_STEP][PASSED] - Statement - Checker = false: null

2018-12-20 16:23:41 - [TEST_STEP][PASSED] - Statement - Checker = com.kms.katalon.core.webui.keyword.WebUiBuiltInKeywords.verifyElementHasAttribute(com.kms.katalon.core.testobject.ObjectRepository.findTestObject(Final Object Repo/Landing Page/BM Detecting), "href", 20, OPTIONAL): Object 'Object Repository/Final Object Repo/Landing Page/BM Detecting' has attribute 'href'

2018-12-20 16:23:42 - [MESSAGE][PASSED] - Object 'Object Repository/Final Object Repo/Landing Page/BM Detecting' has attribute 'href'

2018-12-20 16:23:42 - [TEST_STEP][PASSED] - Statement - out.println(Checker): null

2018-12-20 16:23:42 - [TEST_STEP][PASSED] - Statement - If (Checker == false): null

2018-12-20 16:23:42 - [TEST_STEP][PASSED] - Statement - Else: null

2018-12-20 16:23:42 - [TEST_STEP][PASSED] - delay: Delayed 2 second(s)

2018-12-20 16:23:44 - [MESSAGE][PASSED] - Delayed 2 second(s)

2018-12-20 16:23:44 - [TEST_STEP][PASSED] - navigateToUrl: Navigate to 'https://assist2-uat.perkeso.gov.my/web/registration/eis-update/form-3-eis-cessation-as-employer' successfully

2018-12-20 16:23:45 - [MESSAGE][PASSED] - Navigate to 'https://assist2-uat.perkeso.gov.my/web/registration/eis-update/form-3-eis-cessation-as-employer' successfully

2018-12-20 16:23:45 - [TEST_STEP][PASSED] - delay: Delayed 1 second(s)

2018-12-20 16:23:46 - [MESSAGE][PASSED] - Delayed 1 second(s)

2018-12-20 16:23:46 - [TEST_STEP][PASSED] - setText: Text 'E1102069769W' is set on object 'Object Repository/Final Object Repo/Page_Form 3 EIS - Cessation as Employer/Employer Code'

2018-12-20 16:23:46 - [MESSAGE][PASSED] - Text 'E1102069769W' is set on object 'Object Repository/Final Object Repo/Page_Form 3 EIS - Cessation as Employer/Employer Code'

2018-12-20 16:23:46 - [TEST_STEP][PASSED] - click: Object: 'Object Repository/Final Object Repo/Page_Form 3 EIS - Cessation as Employer/Search' is clicked on

2018-12-20 16:23:46 - [MESSAGE][PASSED] - Object: 'Object Repository/Final Object Repo/Page_Form 3 EIS - Cessation as Employer/Search' is clicked on

2018-12-20 16:23:46 - [TEST_STEP][PASSED] - click: Object: 'Object Repository/Final Object Repo/Page_Form 3 EIS - Cessation as Employer/Edit' is clicked on

2018-12-20 16:23:49 - [MESSAGE][PASSED] - Object: 'Object Repository/Final Object Repo/Page_Form 3 EIS - Cessation as Employer/Edit' is clicked on

2018-12-20 16:23:49 - [TEST_STEP][PASSED] - delay: Delayed 1 second(s)

2018-12-20 16:23:50 - [MESSAGE][PASSED] - Delayed 1 second(s)

2018-12-20 16:23:50 - [TEST_STEP][PASSED] - Statement - abc = com.kms.katalon.core.webui.keyword.WebUiBuiltInKeywords.getAttribute(com.kms.katalon.core.testobject.ObjectRepository.findTestObject(Final Object Repo/Page_Form 3 EIS - Cessation as Employer/Employer Status), "value"): Attribute 'value' of object 'Object Repository/Final Object Repo/Page_Form 3 EIS - Cessation as Employer/Employer Status' is: 'Active'

2018-12-20 16:23:50 - [MESSAGE][PASSED] - Attribute 'value' of object 'Object Repository/Final Object Repo/Page_Form 3 EIS - Cessation as Employer/Employer Status' is: 'Active'

2018-12-20 16:23:50 - [TEST_STEP][PASSED] - Statement - out.println(abc): null

2018-12-20 16:23:50 - [TEST_STEP][PASSED] - Statement - If (abc == "Active"): Object: 'Object Repository/Final Object Repo/Page_Form 3 EIS - Cessation as Employer/Dormant EIS' is clicked on

2018-12-20 16:23:50 - [TEST_STEP][PASSED] - click: Object: 'Object Repository/Final Object Repo/Page_Form 3 EIS - Cessation as Employer/Change Employer Status to' is clicked on

2018-12-20 16:23:50 - [MESSAGE][PASSED] - Object: 'Object Repository/Final Object Repo/Page_Form 3 EIS - Cessation as Employer/Change Employer Status to' is clicked on

2018-12-20 16:23:50 - [TEST_STEP][PASSED] - click: Object: 'Object Repository/Final Object Repo/Page_Form 3 EIS - Cessation as Employer/Dormant EIS' is clicked on

2018-12-20 16:23:50 - [MESSAGE][PASSED] - Object: 'Object Repository/Final Object Repo/Page_Form 3 EIS - Cessation as Employer/Dormant EIS' is clicked on

2018-12-20 16:23:50 - [TEST_STEP][PASSED] - click: Object: 'Object Repository/Final Object Repo/Page_Form 3 EIS - Cessation as Employer/Calender' is clicked on

2018-12-20 16:23:51 - [MESSAGE][PASSED] - Object: 'Object Repository/Final Object Repo/Page_Form 3 EIS - Cessation as Employer/Calender' is clicked on

2018-12-20 16:23:51 - [TEST_STEP][PASSED] - delay: Delayed 1 second(s)

2018-12-20 16:23:52 - [MESSAGE][PASSED] - Delayed 1 second(s)

2018-12-20 16:23:52 - [TEST_STEP][PASSED] - click: Object: 'Object Repository/Final Object Repo/Page_Form 3 EIS - Cessation as Employer/Calender - Date' is clicked on

2018-12-20 16:23:52 - [MESSAGE][PASSED] - Object: 'Object Repository/Final Object Repo/Page_Form 3 EIS - Cessation as Employer/Calender - Date' is clicked on

2018-12-20 16:23:52 - [TEST_STEP][PASSED] - click: Object: 'Object Repository/Final Object Repo/Page_Form 3 EIS - Cessation as Employer/Save  Continue in Form 3 EIS Page' is clicked on

2018-12-20 16:23:52 - [MESSAGE][PASSED] - Object: 'Object Repository/Final Object Repo/Page_Form 3 EIS - Cessation as Employer/Save  Continue in Form 3 EIS Page' is clicked on

2018-12-20 16:23:52 - [TEST_STEP][PASSED] - delay: Delayed 1 second(s)

2018-12-20 16:23:53 - [MESSAGE][PASSED] - Delayed 1 second(s)

2018-12-20 16:23:53 - [TEST_STEP][PASSED] - click: Object: 'Object Repository/Final Object Repo/Page_Form 3 EIS - Cessation as Employer/Employment Resign Date' is clicked on

2018-12-20 16:23:54 - [MESSAGE][PASSED] - Object: 'Object Repository/Final Object Repo/Page_Form 3 EIS - Cessation as Employer/Employment Resign Date' is clicked on

2018-12-20 16:23:54 - [TEST_STEP][PASSED] - selectOptionByValue: All options with value '2030' are selected in object 'Object Repository/Final Object Repo/Page_Form 3 EIS - Cessation as Employer/Employment Resign Date - Year' 

2018-12-20 16:23:54 - [MESSAGE][PASSED] - All options with value '2030' are selected in object 'Object Repository/Final Object Repo/Page_Form 3 EIS - Cessation as Employer/Employment Resign Date - Year' 

2018-12-20 16:23:54 - [TEST_STEP][PASSED] - delay: Delayed 2 second(s)

2018-12-20 16:23:56 - [MESSAGE][PASSED] - Delayed 2 second(s)

2018-12-20 16:23:56 - [TEST_STEP][PASSED] - click: Object: 'Object Repository/Final Object Repo/Page_Form 3 EIS - Cessation as Employer/Employment Resign Date - Year - Date' is clicked on

2018-12-20 16:23:56 - [MESSAGE][PASSED] - Object: 'Object Repository/Final Object Repo/Page_Form 3 EIS - Cessation as Employer/Employment Resign Date - Year - Date' is clicked on

2018-12-20 16:23:56 - [TEST_STEP][PASSED] - delay: Delayed 2 second(s)

2018-12-20 16:23:58 - [MESSAGE][PASSED] - Delayed 2 second(s)

2018-12-20 16:23:58 - [TEST_STEP][PASSED] - click: Object: 'Object Repository/Final Object Repo/Page_Form 3 EIS - Cessation as Employer/Save  Continue in Employment Resign Page' is clicked on

2018-12-20 16:23:58 - [MESSAGE][PASSED] - Object: 'Object Repository/Final Object Repo/Page_Form 3 EIS - Cessation as Employer/Save  Continue in Employment Resign Page' is clicked on

2018-12-20 16:23:58 - [TEST_STEP][PASSED] - delay: Delayed 2 second(s)

2018-12-20 16:24:00 - [MESSAGE][PASSED] - Delayed 2 second(s)

2018-12-20 16:24:00 - [TEST_STEP][PASSED] - click: Object: 'Object Repository/Final Object Repo/Page_Form 3 EIS - Cessation as Employer/Set Latest - Yes' is clicked on

2018-12-20 16:24:00 - [MESSAGE][PASSED] - Object: 'Object Repository/Final Object Repo/Page_Form 3 EIS - Cessation as Employer/Set Latest - Yes' is clicked on

2018-12-20 16:24:00 - [TEST_STEP][PASSED] - delay: Delayed 2 second(s)

2018-12-20 16:24:02 - [MESSAGE][PASSED] - Delayed 2 second(s)

2018-12-20 16:24:02 - [TEST_STEP][PASSED] - click: Object: 'Object Repository/Final Object Repo/Page_Form 3 EIS - Cessation as Employer/Add Document' is clicked on

2018-12-20 16:24:04 - [MESSAGE][PASSED] - Object: 'Object Repository/Final Object Repo/Page_Form 3 EIS - Cessation as Employer/Add Document' is clicked on

2018-12-20 16:24:04 - [TEST_STEP][PASSED] - delay: Delayed 3 second(s)

2018-12-20 16:24:07 - [MESSAGE][PASSED] - Delayed 3 second(s)

2018-12-20 16:24:07 - [TEST_STEP][PASSED] - click: Object: 'Object Repository/Final Object Repo/Page_Form 3 EIS - Cessation as Employer/Document Type' is clicked on

2018-12-20 16:24:07 - [MESSAGE][PASSED] - Object: 'Object Repository/Final Object Repo/Page_Form 3 EIS - Cessation as Employer/Document Type' is clicked on

2018-12-20 16:24:07 - [TEST_STEP][PASSED] - click: Object: 'Object Repository/Final Object Repo/Page_Form 3 EIS - Cessation as Employer/Document Type - Form 3' is clicked on

2018-12-20 16:24:07 - [MESSAGE][PASSED] - Object: 'Object Repository/Final Object Repo/Page_Form 3 EIS - Cessation as Employer/Document Type - Form 3' is clicked on

2018-12-20 16:24:07 - [TEST_STEP][PASSED] - delay: Delayed 2 second(s)

2018-12-20 16:24:09 - [MESSAGE][PASSED] - Delayed 2 second(s)

2018-12-20 16:24:09 - [TEST_STEP][PASSED] - sendKeys: Keys 'C:\Users\Public\Pictures\Sample Pictures\Koala.jpg' sent to object: 'Object Repository/Final Object Repo/Page_Form 3 EIS - Cessation as Employer/ploading File'

2018-12-20 16:24:09 - [MESSAGE][PASSED] - Keys 'C:\Users\Public\Pictures\Sample Pictures\Koala.jpg' sent to object: 'Object Repository/Final Object Repo/Page_Form 3 EIS - Cessation as Employer/ploading File'

2018-12-20 16:24:09 - [TEST_STEP][PASSED] - delay: Delayed 1 second(s)

2018-12-20 16:24:10 - [MESSAGE][PASSED] - Delayed 1 second(s)

2018-12-20 16:24:10 - [TEST_STEP][PASSED] - click: Object: 'Object Repository/Final Object Repo/Page_Form 3 EIS - Cessation as Employer/Add Document in Uploading Page' is clicked on

2018-12-20 16:24:10 - [MESSAGE][PASSED] - Object: 'Object Repository/Final Object Repo/Page_Form 3 EIS - Cessation as Employer/Add Document in Uploading Page' is clicked on

2018-12-20 16:24:10 - [TEST_STEP][PASSED] - delay: Delayed 2 second(s)

2018-12-20 16:24:12 - [MESSAGE][PASSED] - Delayed 2 second(s)

2018-12-20 16:24:12 - [TEST_STEP][PASSED] - Statement - CaseReferenceNo = com.kms.katalon.core.webui.keyword.WebUiBuiltInKeywords.getText(com.kms.katalon.core.testobject.ObjectRepository.findTestObject(Final Object Repo/Page_Update Employer Information/Reference Number in Update Employee Information Page)): Text of object 'Object Repository/Final Object Repo/Page_Update Employer Information/Reference Number in Update Employee Information Page' is: 'ERN122018C200002555'

2018-12-20 16:24:14 - [MESSAGE][PASSED] - Text of object 'Object Repository/Final Object Repo/Page_Update Employer Information/Reference Number in Update Employee Information Page' is: 'ERN122018C200002555'

2018-12-20 16:24:14 - [TEST_STEP][PASSED] - callTestCase: Call Test Case 'Test Cases/Final Aug 2018 - PKS Automation/Common/Reference Number Setter' successfully

2018-12-20 16:24:15 - [TEST_CASE][PASSED] - Test Cases/Final Aug 2018 - PKS Automation/Common/Reference Number Setter: Test Cases/Final Aug 2018 - PKS Automation/Common/Reference Number Setter

2018-12-20 16:24:15 - [TEST_STEP][PASSED] - Statement - RefNoOldFile = new java.io.File(C://Users//Admin//Desktop//PKS//Automation Reference Point//KatalonReference.txt): null

2018-12-20 16:24:15 - [TEST_STEP][PASSED] - Statement - RefNoOldFile.delete(): null

2018-12-20 16:24:15 - [TEST_STEP][PASSED] - delay: Delayed 5 second(s)

2018-12-20 16:24:20 - [MESSAGE][PASSED] - Delayed 5 second(s)

2018-12-20 16:24:20 - [TEST_STEP][PASSED] - Statement - RefNo = new java.io.File(C://Users//Admin//Desktop//PKS//Automation Reference Point//KatalonReference.txt): null

2018-12-20 16:24:20 - [TEST_STEP][PASSED] - Statement - f2 = new java.io.FileWriter(RefNo, false): null

2018-12-20 16:24:20 - [TEST_STEP][PASSED] - Statement - f2.write(CaseReferenceNo): null

2018-12-20 16:24:20 - [TEST_STEP][PASSED] - Statement - f2.close(): null

2018-12-20 16:24:20 - [TEST_STEP][PASSED] - Statement - out.println("


" + CaseReferenceNo + "


"): null

2018-12-20 16:24:20 - [MESSAGE][PASSED] - Call Test Case 'Test Cases/Final Aug 2018 - PKS Automation/Common/Reference Number Setter' successfully

2018-12-20 16:24:20 - [TEST_STEP][PASSED] - delay: Delayed 2 second(s)

2018-12-20 16:24:22 - [MESSAGE][PASSED] - Delayed 2 second(s)

2018-12-20 16:24:22 - [TEST_STEP][PASSED] - click: Object: 'Object Repository/Final Object Repo/Page_Form 3 EIS - Cessation as Employer/Save  Continue in Uploading Page' is clicked on

2018-12-20 16:24:22 - [MESSAGE][PASSED] - Object: 'Object Repository/Final Object Repo/Page_Form 3 EIS - Cessation as Employer/Save  Continue in Uploading Page' is clicked on

2018-12-20 16:24:22 - [TEST_STEP][PASSED] - delay: Delayed 2 second(s)

2018-12-20 16:24:24 - [MESSAGE][PASSED] - Delayed 2 second(s)

2018-12-20 16:24:24 - [TEST_STEP][PASSED] - click: Object: 'Object Repository/Final Object Repo/Page_Form 3 EIS - Cessation as Employer/Submit' is clicked on

2018-12-20 16:24:26 - [MESSAGE][PASSED] - Object: 'Object Repository/Final Object Repo/Page_Form 3 EIS - Cessation as Employer/Submit' is clicked on

2018-12-20 16:24:26 - [TEST_STEP][PASSED] - delay: Delayed 2 second(s)

2018-12-20 16:24:28 - [MESSAGE][PASSED] - Delayed 2 second(s)

2018-12-20 16:24:28 - [TEST_STEP][PASSED] - click: Object: 'Object Repository/Final Object Repo/Page_Form 3 EIS - Cessation as Employer/Confirm' is clicked on

2018-12-20 16:24:28 - [MESSAGE][PASSED] - Object: 'Object Repository/Final Object Repo/Page_Form 3 EIS - Cessation as Employer/Confirm' is clicked on

2018-12-20 16:24:28 - [TEST_STEP][PASSED] - delay: Delayed 2 second(s)

2018-12-20 16:24:30 - [MESSAGE][PASSED] - Delayed 2 second(s)

2018-12-20 16:24:30 - [TEST_STEP][PASSED] - click: Object: 'Object Repository/Final Object Repo/Page_Form 3 EIS - Cessation as Employer/Message Your Request will be routed to UO' is clicked on

2018-12-20 16:24:34 - [MESSAGE][PASSED] - Object: 'Object Repository/Final Object Repo/Page_Form 3 EIS - Cessation as Employer/Message Your Request will be routed to UO' is clicked on

2018-12-20 16:24:34 - [TEST_STEP][PASSED] - click: Object: 'Object Repository/Final Object Repo/Page_Form 3 EIS - Cessation as Employer/Letter of acknowledgement' is clicked on

2018-12-20 16:24:34 - [MESSAGE][PASSED] - Object: 'Object Repository/Final Object Repo/Page_Form 3 EIS - Cessation as Employer/Letter of acknowledgement' is clicked on

2018-12-20 16:24:34 - [MESSAGE][PASSED] - Call Test Case 'Test Cases/Final Aug 2018 - PKS Automation/Registration Module/Workflow/Form 3 EIS - Cessation As Employer/Template/Form 3 A - Cessation As Employer (OTC)' successfully

2018-12-20 16:24:34 - [TEST_STEP][PASSED] - callTestCase: Call Test Case 'Test Cases/Final Aug 2018 - PKS Automation/Registration Module/Workflow/Form 3 EIS - Cessation As Employer/Template/Form 3 A - Cessation As Employer (Query)' successfully

2018-12-20 16:24:34 - [TEST_CASE][PASSED] - Test Cases/Final Aug 2018 - PKS Automation/Registration Module/Workflow/Form 3 EIS - Cessation As Employer/Template/Form 3 A - Cessation As Employer (Query): Test Cases/Final Aug 2018 - PKS Automation/Registration Module/Workflow/Form 3 EIS - Cessation As Employer/Template/Form 3 A - Cessation As Employer (Query)

2018-12-20 16:24:35 - [TEST_STEP][NOT_RUN] - callTestCase: NOT_RUN: callTestCase

2018-12-20 16:24:35 - [MESSAGE][NOT_RUN] - NOT_RUN: callTestCase

2018-12-20 16:24:35 - [TEST_STEP][PASSED] - delay: Delayed 1 second(s)

2018-12-20 16:24:36 - [MESSAGE][PASSED] - Delayed 1 second(s)

2018-12-20 16:24:36 - [TEST_STEP][PASSED] - navigateToUrl: Navigate to 'https://assist2-uat.perkeso.gov.my/c/portal/logout' successfully

2018-12-20 16:24:37 - [MESSAGE][PASSED] - Navigate to 'https://assist2-uat.perkeso.gov.my/c/portal/logout' successfully

2018-12-20 16:24:37 - [TEST_STEP][PASSED] - delay: Delayed 1 second(s)

2018-12-20 16:24:38 - [MESSAGE][PASSED] - Delayed 1 second(s)

2018-12-20 16:24:38 - [TEST_STEP][PASSED] - callTestCase: Call Test Case 'Test Cases/Final Aug 2018 - PKS Automation/Common/Reference Number Getter' successfully

2018-12-20 16:24:38 - [TEST_CASE][PASSED] - Test Cases/Final Aug 2018 - PKS Automation/Common/Reference Number Getter: Test Cases/Final Aug 2018 - PKS Automation/Common/Reference Number Getter

2018-12-20 16:24:38 - [TEST_STEP][PASSED] - Statement - Try: null

2018-12-20 16:24:38 - [TEST_STEP][PASSED] - Statement - RefNo = new java.io.File(C://Users//Admin//Desktop//PKS//Automation Reference Point//KatalonReference.txt): null

2018-12-20 16:24:38 - [TEST_STEP][PASSED] - Statement - bufferread = new java.io.BufferedReader(new java.io.FileReader(RefNo)): null

2018-12-20 16:24:38 - [TEST_STEP][PASSED] - Statement - readedVal = bufferread.readLine(): null

2018-12-20 16:24:38 - [TEST_STEP][PASSED] - Statement - out.println(CaseReferenceNo): null

2018-12-20 16:24:38 - [TEST_STEP][PASSED] - Statement - out.println(readedVal): null

2018-12-20 16:24:38 - [TEST_STEP][PASSED] - Statement - CaseReferenceNo = "": null

2018-12-20 16:24:38 - [TEST_STEP][PASSED] - Statement - CaseReferenceNo = readedVal: null

2018-12-20 16:24:38 - [MESSAGE][PASSED] - Call Test Case 'Test Cases/Final Aug 2018 - PKS Automation/Common/Reference Number Getter' successfully

2018-12-20 16:24:38 - [TEST_STEP][PASSED] - callTestCase: Call Test Case 'Test Cases/Final Aug 2018 - PKS Automation/Common/Workflow Owner Finder' successfully

2018-12-20 16:24:38 - [TEST_CASE][PASSED] - Test Cases/Final Aug 2018 - PKS Automation/Common/Workflow Owner Finder: Test Cases/Final Aug 2018 - PKS Automation/Common/Workflow Owner Finder

2018-12-20 16:24:38 - [TEST_STEP][PASSED] - openBrowser: Browser is opened with url: ''

2018-12-20 16:24:38 - [MESSAGE][WARNING] - A browser is already opened. Closing browser and opening a new one

2018-12-20 16:24:41 - [MESSAGE][PASSED] - Browser is opened with url: ''

2018-12-20 16:24:41 - [TEST_STEP][PASSED] - navigateToUrl: Navigate to 'https://assist2-uat.perkeso.gov.my/login' successfully

2018-12-20 16:24:42 - [MESSAGE][PASSED] - Navigate to 'https://assist2-uat.perkeso.gov.my/login' successfully

2018-12-20 16:24:42 - [TEST_STEP][PASSED] - delay: Delayed 5 second(s)

2018-12-20 16:24:47 - [MESSAGE][PASSED] - Delayed 5 second(s)

2018-12-20 16:24:47 - [TEST_STEP][PASSED] - setText: Text 'test@liferay.com' is set on object 'Object Repository/Final Object Repo/Login Page/Internal User/Email Address'

2018-12-20 16:24:47 - [MESSAGE][PASSED] - Text 'test@liferay.com' is set on object 'Object Repository/Final Object Repo/Login Page/Internal User/Email Address'

2018-12-20 16:24:47 - [TEST_STEP][PASSED] - click: Object: 'Object Repository/Final Object Repo/Login Page/Internal User/Next Button' is clicked on

2018-12-20 16:24:47 - [MESSAGE][PASSED] - Object: 'Object Repository/Final Object Repo/Login Page/Internal User/Next Button' is clicked on

2018-12-20 16:24:47 - [TEST_STEP][PASSED] - delay: Delayed 2 second(s)

2018-12-20 16:24:49 - [MESSAGE][PASSED] - Delayed 2 second(s)

2018-12-20 16:24:49 - [TEST_STEP][PASSED] - setText: Text 'test' is set on object 'Object Repository/Final Object Repo/Login Page/Internal User/Password'

2018-12-20 16:24:50 - [MESSAGE][PASSED] - Text 'test' is set on object 'Object Repository/Final Object Repo/Login Page/Internal User/Password'

2018-12-20 16:24:50 - [TEST_STEP][PASSED] - delay: Delayed 2 second(s)

2018-12-20 16:24:52 - [MESSAGE][PASSED] - Delayed 2 second(s)

2018-12-20 16:24:52 - [TEST_STEP][PASSED] - click: Object: 'Object Repository/Final Object Repo/Login Page/Internal User/Login Button' is clicked on

2018-12-20 16:24:52 - [MESSAGE][PASSED] - Object: 'Object Repository/Final Object Repo/Login Page/Internal User/Login Button' is clicked on

2018-12-20 16:24:52 - [TEST_STEP][PASSED] - Statement - tester = com.kms.katalon.core.testobject.ObjectRepository.findTestObject(Final Object Repo/Landing Page/Select to English): Finding Test Object with id 'Object Repository/Final Object Repo/Landing Page/Select to English'

2018-12-20 16:24:52 - [TEST_STEP][PASSED] - Statement - Try: Delayed 2 second(s)

2018-12-20 16:24:52 - [TEST_STEP][PASSED] - Statement - Checker = com.kms.katalon.core.webui.keyword.WebUiBuiltInKeywords.verifyElementNotPresent(tester, 3): Web element with id: 'Object Repository/Final Object Repo/Landing Page/Select to English' located by 'By.xpath: //a[@class = 'taglib-language-list-text' and @lang = 'en-US' and (contains(text(), 'EN') or contains(., 'EN'))]' is not present after '3' second(s)

2018-12-20 16:24:56 - [MESSAGE][PASSED] - Web element with id: 'Object Repository/Final Object Repo/Landing Page/Select to English' located by 'By.xpath: //a[@class = 'taglib-language-list-text' and @lang = 'en-US' and (contains(text(), 'EN') or contains(., 'EN'))]' is not present after '3' second(s)

2018-12-20 16:24:56 - [TEST_STEP][PASSED] - Statement - If (Checker == false): null

2018-12-20 16:24:56 - [TEST_STEP][PASSED] - delay: Delayed 2 second(s)

2018-12-20 16:24:58 - [MESSAGE][PASSED] - Delayed 2 second(s)

2018-12-20 16:24:58 - [TEST_STEP][PASSED] - delay: Delayed 5 second(s)

2018-12-20 16:25:03 - [MESSAGE][PASSED] - Delayed 5 second(s)

2018-12-20 16:25:03 - [TEST_STEP][PASSED] - mouseOver: Object: 'Object Repository/Final Object Repo/Landing Page/WorkFlow Menu' is hovered

2018-12-20 16:25:03 - [MESSAGE][PASSED] - Object: 'Object Repository/Final Object Repo/Landing Page/WorkFlow Menu' is hovered

2018-12-20 16:25:03 - [TEST_STEP][PASSED] - delay: Delayed 2 second(s)

2018-12-20 16:25:05 - [MESSAGE][PASSED] - Delayed 2 second(s)

2018-12-20 16:25:05 - [TEST_STEP][PASSED] - click: Object: 'Object Repository/Final Object Repo/Landing Page/Select to Workflow Listing' is clicked on

2018-12-20 16:25:06 - [MESSAGE][PASSED] - Object: 'Object Repository/Final Object Repo/Landing Page/Select to Workflow Listing' is clicked on

2018-12-20 16:25:06 - [TEST_STEP][PASSED] - delay: Delayed 2 second(s)

2018-12-20 16:25:08 - [MESSAGE][PASSED] - Delayed 2 second(s)

2018-12-20 16:25:08 - [TEST_STEP][PASSED] - click: Object: 'Object Repository/Final Object Repo/WorkFlow Listing Page/Search Information - To Put Ref No' is clicked on

2018-12-20 16:25:08 - [MESSAGE][PASSED] - Object: 'Object Repository/Final Object Repo/WorkFlow Listing Page/Search Information - To Put Ref No' is clicked on

2018-12-20 16:25:08 - [TEST_STEP][PASSED] - delay: Delayed 2 second(s)

2018-12-20 16:25:10 - [MESSAGE][PASSED] - Delayed 2 second(s)

2018-12-20 16:25:10 - [TEST_STEP][PASSED] - callTestCase: Call Test Case 'Test Cases/Final Aug 2018 - PKS Automation/Common/Reference Number Getter' successfully

2018-12-20 16:25:10 - [TEST_CASE][PASSED] - Test Cases/Final Aug 2018 - PKS Automation/Common/Reference Number Getter: Test Cases/Final Aug 2018 - PKS Automation/Common/Reference Number Getter

2018-12-20 16:25:10 - [TEST_STEP][PASSED] - Statement - Try: null

2018-12-20 16:25:10 - [TEST_STEP][PASSED] - Statement - RefNo = new java.io.File(C://Users//Admin//Desktop//PKS//Automation Reference Point//KatalonReference.txt): null

2018-12-20 16:25:10 - [TEST_STEP][PASSED] - Statement - bufferread = new java.io.BufferedReader(new java.io.FileReader(RefNo)): null

2018-12-20 16:25:10 - [TEST_STEP][PASSED] - Statement - readedVal = bufferread.readLine(): null

2018-12-20 16:25:10 - [TEST_STEP][PASSED] - Statement - out.println(CaseReferenceNo): null

2018-12-20 16:25:10 - [TEST_STEP][PASSED] - Statement - out.println(readedVal): null

2018-12-20 16:25:10 - [TEST_STEP][PASSED] - Statement - CaseReferenceNo = "": null

2018-12-20 16:25:10 - [TEST_STEP][PASSED] - Statement - CaseReferenceNo = readedVal: null

2018-12-20 16:25:10 - [MESSAGE][PASSED] - Call Test Case 'Test Cases/Final Aug 2018 - PKS Automation/Common/Reference Number Getter' successfully

2018-12-20 16:25:10 - [TEST_STEP][PASSED] - setText: Text 'ERN122018C200002555' is set on object 'Object Repository/Final Object Repo/WorkFlow Listing Page/Ref No Set Text'

2018-12-20 16:25:11 - [MESSAGE][PASSED] - Text 'ERN122018C200002555' is set on object 'Object Repository/Final Object Repo/WorkFlow Listing Page/Ref No Set Text'

2018-12-20 16:25:11 - [TEST_STEP][PASSED] - delay: Delayed 2 second(s)

2018-12-20 16:25:13 - [MESSAGE][PASSED] - Delayed 2 second(s)

2018-12-20 16:25:13 - [TEST_STEP][PASSED] - click: Object: 'Object Repository/Final Object Repo/WorkFlow Listing Page/Search Ref No Search Button' is clicked on

2018-12-20 16:25:13 - [MESSAGE][PASSED] - Object: 'Object Repository/Final Object Repo/WorkFlow Listing Page/Search Ref No Search Button' is clicked on

2018-12-20 16:25:13 - [TEST_STEP][PASSED] - delay: Delayed 6 second(s)

2018-12-20 16:25:19 - [MESSAGE][PASSED] - Delayed 6 second(s)

2018-12-20 16:25:19 - [TEST_STEP][PASSED] - click: Object: 'Object Repository/Final Object Repo/WorkFlow Listing Page/Click Continue Tooltip' is clicked on

2018-12-20 16:25:20 - [MESSAGE][PASSED] - Object: 'Object Repository/Final Object Repo/WorkFlow Listing Page/Click Continue Tooltip' is clicked on

2018-12-20 16:25:20 - [TEST_STEP][PASSED] - delay: Delayed 5 second(s)

2018-12-20 16:25:25 - [MESSAGE][PASSED] - Delayed 5 second(s)

2018-12-20 16:25:25 - [TEST_STEP][PASSED] - doubleClick: Object: 'Object Repository/Final Object Repo/WorkFlow Listing Page/Workflow Found - Listing 1' is double clicked on

2018-12-20 16:25:25 - [MESSAGE][PASSED] - Object: 'Object Repository/Final Object Repo/WorkFlow Listing Page/Workflow Found - Listing 1' is double clicked on

2018-12-20 16:25:25 - [TEST_STEP][PASSED] - Statement - println(OwnerID): null

2018-12-20 16:25:25 - [TEST_STEP][PASSED] - Statement - OwnerID = com.kms.katalon.core.webui.keyword.WebUiBuiltInKeywords.getText(com.kms.katalon.core.testobject.ObjectRepository.findTestObject(Final Object Repo/WorkFlow Listing Page/Workflow Found - Listing 1), STOP_ON_FAILURE): Text of object 'Object Repository/Final Object Repo/WorkFlow Listing Page/Workflow Found - Listing 1' is: 'JOHORuo3'

2018-12-20 16:25:25 - [MESSAGE][PASSED] - Text of object 'Object Repository/Final Object Repo/WorkFlow Listing Page/Workflow Found - Listing 1' is: 'JOHORuo3'

2018-12-20 16:25:25 - [TEST_STEP][PASSED] - Statement - OwnerID = OwnerID.toLowerCase() + "@gmail.com": null

2018-12-20 16:25:25 - [TEST_STEP][PASSED] - Statement - println(OwnerID): null

2018-12-20 16:25:25 - [TEST_STEP][PASSED] - delay: Delayed 2 second(s)

2018-12-20 16:25:27 - [MESSAGE][PASSED] - Delayed 2 second(s)

2018-12-20 16:25:27 - [MESSAGE][PASSED] - Call Test Case 'Test Cases/Final Aug 2018 - PKS Automation/Common/Workflow Owner Finder' successfully

2018-12-20 16:25:27 - [TEST_STEP][PASSED] - delay: Delayed 1 second(s)

2018-12-20 16:25:28 - [MESSAGE][PASSED] - Delayed 1 second(s)

2018-12-20 16:25:28 - [TEST_STEP][PASSED] - navigateToUrl: Navigate to 'https://assist2-uat.perkeso.gov.my/c/portal/logout' successfully

2018-12-20 16:25:29 - [MESSAGE][PASSED] - Navigate to 'https://assist2-uat.perkeso.gov.my/c/portal/logout' successfully

2018-12-20 16:25:29 - [TEST_STEP][PASSED] - delay: Delayed 1 second(s)

2018-12-20 16:25:30 - [MESSAGE][PASSED] - Delayed 1 second(s)

2018-12-20 16:25:30 - [TEST_STEP][PASSED] - callTestCase: Call Test Case 'Test Cases/Final Aug 2018 - PKS Automation/Registration Module/Workflow/Login and Search Case For Workflow' successfully

2018-12-20 16:25:30 - [TEST_CASE][PASSED] - Test Cases/Final Aug 2018 - PKS Automation/Registration Module/Workflow/Login and Search Case For Workflow: Test Cases/Final Aug 2018 - PKS Automation/Registration Module/Workflow/Login and Search Case For Workflow

2018-12-20 16:25:30 - [TEST_STEP][PASSED] - navigateToUrl: Navigate to 'https://assist2-uat.perkeso.gov.my/login' successfully

2018-12-20 16:25:31 - [MESSAGE][PASSED] - Navigate to 'https://assist2-uat.perkeso.gov.my/login' successfully

2018-12-20 16:25:31 - [TEST_STEP][PASSED] - setText: Text 'johoruo3@gmail.com' is set on object 'Object Repository/Final Object Repo/Login Page/Internal User/Email Address'

2018-12-20 16:25:31 - [MESSAGE][PASSED] - Text 'johoruo3@gmail.com' is set on object 'Object Repository/Final Object Repo/Login Page/Internal User/Email Address'

2018-12-20 16:25:31 - [TEST_STEP][PASSED] - click: Object: 'Object Repository/Final Object Repo/Login Page/Internal User/Next Button' is clicked on

2018-12-20 16:25:31 - [MESSAGE][PASSED] - Object: 'Object Repository/Final Object Repo/Login Page/Internal User/Next Button' is clicked on

2018-12-20 16:25:31 - [TEST_STEP][PASSED] - delay: Delayed 1 second(s)

2018-12-20 16:25:32 - [MESSAGE][PASSED] - Delayed 1 second(s)

2018-12-20 16:25:32 - [TEST_STEP][PASSED] - setEncryptedText: Text ****** has been set on object 'Object Repository/Final Object Repo/Login Page/Internal User/Password'

2018-12-20 16:25:32 - [MESSAGE][PASSED] - Text ****** has been set on object 'Object Repository/Final Object Repo/Login Page/Internal User/Password'

2018-12-20 16:25:32 - [TEST_STEP][PASSED] - click: Object: 'Object Repository/Final Object Repo/Login Page/Internal User/Login Button' is clicked on

2018-12-20 16:25:33 - [MESSAGE][PASSED] - Object: 'Object Repository/Final Object Repo/Login Page/Internal User/Login Button' is clicked on

2018-12-20 16:25:33 - [TEST_STEP][PASSED] - delay: Delayed 2 second(s)

2018-12-20 16:25:35 - [MESSAGE][PASSED] - Delayed 2 second(s)

2018-12-20 16:25:35 - [TEST_STEP][PASSED] - Statement - Try: Delayed 2 second(s)

2018-12-20 16:25:35 - [TEST_STEP][PASSED] - Statement - Checker = false: null

2018-12-20 16:25:35 - [TEST_STEP][PASSED] - Statement - Checker = com.kms.katalon.core.webui.keyword.WebUiBuiltInKeywords.verifyElementHasAttribute(com.kms.katalon.core.testobject.ObjectRepository.findTestObject(Final Object Repo/Landing Page/BM Detecting), "href", 20, OPTIONAL): Object 'Object Repository/Final Object Repo/Landing Page/BM Detecting' has attribute 'href'

2018-12-20 16:25:35 - [MESSAGE][PASSED] - Object 'Object Repository/Final Object Repo/Landing Page/BM Detecting' has attribute 'href'

2018-12-20 16:25:35 - [TEST_STEP][PASSED] - Statement - out.println(Checker): null

2018-12-20 16:25:35 - [TEST_STEP][PASSED] - Statement - If (Checker == false): null

2018-12-20 16:25:35 - [TEST_STEP][PASSED] - Statement - Else: null

2018-12-20 16:25:35 - [TEST_STEP][PASSED] - delay: Delayed 2 second(s)

2018-12-20 16:25:37 - [MESSAGE][PASSED] - Delayed 2 second(s)

2018-12-20 16:25:37 - [TEST_STEP][PASSED] - click: Object: 'Object Repository/Final Object Repo/Page_MyASSIST - ASSIST - Search Pending Case For Add Supporting Document/Search Information' is clicked on

2018-12-20 16:25:37 - [MESSAGE][PASSED] - Object: 'Object Repository/Final Object Repo/Page_MyASSIST - ASSIST - Search Pending Case For Add Supporting Document/Search Information' is clicked on

2018-12-20 16:25:37 - [TEST_STEP][PASSED] - delay: Delayed 3 second(s)

2018-12-20 16:25:40 - [MESSAGE][PASSED] - Delayed 3 second(s)

2018-12-20 16:25:40 - [TEST_STEP][PASSED] - sendKeys: Keys 'ERN122018C200002555' sent to object: 'Object Repository/Final Object Repo/Page_MyASSIST - ASSIST - Search Pending Case For Add Supporting Document/Reference No'

2018-12-20 16:25:40 - [MESSAGE][PASSED] - Keys 'ERN122018C200002555' sent to object: 'Object Repository/Final Object Repo/Page_MyASSIST - ASSIST - Search Pending Case For Add Supporting Document/Reference No'

2018-12-20 16:25:40 - [TEST_STEP][PASSED] - click: Object: 'Object Repository/Final Object Repo/Page_MyASSIST - ASSIST - Search Pending Case For Add Supporting Document/Search Reference No' is clicked on

2018-12-20 16:25:40 - [MESSAGE][PASSED] - Object: 'Object Repository/Final Object Repo/Page_MyASSIST - ASSIST - Search Pending Case For Add Supporting Document/Search Reference No' is clicked on

2018-12-20 16:25:40 - [TEST_STEP][PASSED] - delay: Delayed 2 second(s)

2018-12-20 16:25:42 - [MESSAGE][PASSED] - Delayed 2 second(s)

2018-12-20 16:25:42 - [TEST_STEP][PASSED] - click: Object: 'Object Repository/Final Object Repo/Page_MyASSIST - ASSIST - Search Pending Case For Add Supporting Document/Continue' is clicked on

2018-12-20 16:25:46 - [MESSAGE][PASSED] - Object: 'Object Repository/Final Object Repo/Page_MyASSIST - ASSIST - Search Pending Case For Add Supporting Document/Continue' is clicked on

2018-12-20 16:25:46 - [TEST_STEP][PASSED] - delay: Delayed 20 second(s)

2018-12-20 16:26:06 - [MESSAGE][PASSED] - Delayed 20 second(s)

2018-12-20 16:26:06 - [MESSAGE][PASSED] - Call Test Case 'Test Cases/Final Aug 2018 - PKS Automation/Registration Module/Workflow/Login and Search Case For Workflow' successfully

2018-12-20 16:26:06 - [TEST_STEP][PASSED] - click: Object: 'Object Repository/Final Object Repo/Page_Form 3 EIS - Cessation as Employer/Page_Form 3 EIS - Cessation as Employer (Approve)/Save  Continue in Form 3 Page' is clicked on

2018-12-20 16:26:06 - [MESSAGE][PASSED] - Object: 'Object Repository/Final Object Repo/Page_Form 3 EIS - Cessation as Employer/Page_Form 3 EIS - Cessation as Employer (Approve)/Save  Continue in Form 3 Page' is clicked on

2018-12-20 16:26:06 - [TEST_STEP][PASSED] - delay: Delayed 4 second(s)

2018-12-20 16:26:10 - [MESSAGE][PASSED] - Delayed 4 second(s)

2018-12-20 16:26:10 - [TEST_STEP][PASSED] - click: Object: 'Object Repository/Final Object Repo/Page_Form 3 EIS - Cessation as Employer/Page_Form 3 EIS - Cessation as Employer (Approve)/Save  Continue in Resigned Page' is clicked on

2018-12-20 16:26:10 - [MESSAGE][PASSED] - Object: 'Object Repository/Final Object Repo/Page_Form 3 EIS - Cessation as Employer/Page_Form 3 EIS - Cessation as Employer (Approve)/Save  Continue in Resigned Page' is clicked on

2018-12-20 16:26:10 - [TEST_STEP][PASSED] - delay: Delayed 2 second(s)

2018-12-20 16:26:12 - [MESSAGE][PASSED] - Delayed 2 second(s)

2018-12-20 16:26:12 - [TEST_STEP][PASSED] - setText: Text 'Remark' is set on object 'Object Repository/Final Object Repo/Page_Form 3 EIS - Cessation as Employer/Page_Form 3 EIS - Cessation as Employer (Query)/Query - Remark'

2018-12-20 16:26:14 - [MESSAGE][PASSED] - Text 'Remark' is set on object 'Object Repository/Final Object Repo/Page_Form 3 EIS - Cessation as Employer/Page_Form 3 EIS - Cessation as Employer (Query)/Query - Remark'

2018-12-20 16:26:14 - [TEST_STEP][PASSED] - delay: Delayed 2 second(s)

2018-12-20 16:26:16 - [MESSAGE][PASSED] - Delayed 2 second(s)

2018-12-20 16:26:16 - [TEST_STEP][PASSED] - click: Object: 'Object Repository/Final Object Repo/Page_Form 3 EIS - Cessation as Employer/Page_Form 3 EIS - Cessation as Employer (Query)/Save  Continue' is clicked on

2018-12-20 16:26:16 - [MESSAGE][PASSED] - Object: 'Object Repository/Final Object Repo/Page_Form 3 EIS - Cessation as Employer/Page_Form 3 EIS - Cessation as Employer (Query)/Save  Continue' is clicked on

2018-12-20 16:26:16 - [TEST_STEP][PASSED] - delay: Delayed 2 second(s)

2018-12-20 16:26:18 - [MESSAGE][PASSED] - Delayed 2 second(s)

2018-12-20 16:26:18 - [TEST_STEP][PASSED] - click: Object: 'Object Repository/Final Object Repo/Page_Form 3 EIS - Cessation as Employer/Page_Form 3 EIS - Cessation as Employer (Query)/Query' is clicked on

2018-12-20 16:26:21 - [MESSAGE][PASSED] - Object: 'Object Repository/Final Object Repo/Page_Form 3 EIS - Cessation as Employer/Page_Form 3 EIS - Cessation as Employer (Query)/Query' is clicked on

2018-12-20 16:26:21 - [TEST_STEP][PASSED] - delay: Delayed 2 second(s)

2018-12-20 16:26:23 - [MESSAGE][PASSED] - Delayed 2 second(s)

2018-12-20 16:26:23 - [TEST_STEP][PASSED] - click: Object: 'Object Repository/Final Object Repo/Page_Form 3 EIS - Cessation as Employer/Page_Form 3 EIS - Cessation as Employer (Query)/Confirm' is clicked on

2018-12-20 16:26:30 - [MESSAGE][PASSED] - Object: 'Object Repository/Final Object Repo/Page_Form 3 EIS - Cessation as Employer/Page_Form 3 EIS - Cessation as Employer (Query)/Confirm' is clicked on

2018-12-20 16:26:30 - [TEST_STEP][PASSED] - delay: Delayed 2 second(s)

2018-12-20 16:26:32 - [MESSAGE][PASSED] - Delayed 2 second(s)

2018-12-20 16:26:32 - [TEST_STEP][PASSED] - click: Object: 'Object Repository/Final Object Repo/Page_Form 3 EIS - Cessation as Employer/Page_Form 3 EIS - Cessation as Employer (Query)/Message The Case Is Under Query' is clicked on

2018-12-20 16:26:32 - [MESSAGE][PASSED] - Object: 'Object Repository/Final Object Repo/Page_Form 3 EIS - Cessation as Employer/Page_Form 3 EIS - Cessation as Employer (Query)/Message The Case Is Under Query' is clicked on

2018-12-20 16:26:32 - [TEST_STEP][PASSED] - click: Object: 'Object Repository/Final Object Repo/Page_Form 3 EIS - Cessation as Employer/Page_Form 3 EIS - Cessation as Employer (Query)/Letter of inquiry' is clicked on

2018-12-20 16:26:32 - [MESSAGE][PASSED] - Object: 'Object Repository/Final Object Repo/Page_Form 3 EIS - Cessation as Employer/Page_Form 3 EIS - Cessation as Employer (Query)/Letter of inquiry' is clicked on

2018-12-20 16:26:32 - [TEST_STEP][PASSED] - delay: Delayed 1 second(s)

2018-12-20 16:26:33 - [MESSAGE][PASSED] - Delayed 1 second(s)

2018-12-20 16:26:33 - [TEST_STEP][PASSED] - navigateToUrl: Navigate to 'https://assist2-uat.perkeso.gov.my/c/portal/logout' successfully

2018-12-20 16:26:34 - [MESSAGE][PASSED] - Navigate to 'https://assist2-uat.perkeso.gov.my/c/portal/logout' successfully

2018-12-20 16:26:34 - [TEST_STEP][PASSED] - delay: Delayed 1 second(s)

2018-12-20 16:26:35 - [MESSAGE][PASSED] - Delayed 1 second(s)

2018-12-20 16:26:35 - [TEST_STEP][PASSED] - callTestCase: Call Test Case 'Test Cases/Final Aug 2018 - PKS Automation/Registration Module/Workflow/Search Pending Case For Add Supporting Document (OTC)' successfully

2018-12-20 16:26:35 - [TEST_CASE][PASSED] - Test Cases/Final Aug 2018 - PKS Automation/Registration Module/Workflow/Search Pending Case For Add Supporting Document (OTC): Test Cases/Final Aug 2018 - PKS Automation/Registration Module/Workflow/Search Pending Case For Add Supporting Document (OTC)

2018-12-20 16:26:35 - [TEST_STEP][PASSED] - openBrowser: Browser is opened with url: ''

2018-12-20 16:26:35 - [MESSAGE][WARNING] - A browser is already opened. Closing browser and opening a new one

2018-12-20 16:26:38 - [MESSAGE][PASSED] - Browser is opened with url: ''

2018-12-20 16:26:38 - [TEST_STEP][PASSED] - navigateToUrl: Navigate to 'https://assist2-uat.perkeso.gov.my/login' successfully

2018-12-20 16:26:39 - [MESSAGE][PASSED] - Navigate to 'https://assist2-uat.perkeso.gov.my/login' successfully

2018-12-20 16:26:39 - [TEST_STEP][PASSED] - setText: Text 'johorotc1@gmail.com' is set on object 'Object Repository/Final Object Repo/Login Page/Internal User/Email Address'

2018-12-20 16:26:40 - [MESSAGE][PASSED] - Text 'johorotc1@gmail.com' is set on object 'Object Repository/Final Object Repo/Login Page/Internal User/Email Address'

2018-12-20 16:26:40 - [TEST_STEP][PASSED] - click: Object: 'Object Repository/Final Object Repo/Login Page/Internal User/Next Button' is clicked on

2018-12-20 16:26:40 - [MESSAGE][PASSED] - Object: 'Object Repository/Final Object Repo/Login Page/Internal User/Next Button' is clicked on

2018-12-20 16:26:40 - [TEST_STEP][PASSED] - delay: Delayed 1 second(s)

2018-12-20 16:26:41 - [MESSAGE][PASSED] - Delayed 1 second(s)

2018-12-20 16:26:41 - [TEST_STEP][PASSED] - setEncryptedText: Text ****** has been set on object 'Object Repository/Final Object Repo/Login Page/Internal User/Password'

2018-12-20 16:26:41 - [MESSAGE][PASSED] - Text ****** has been set on object 'Object Repository/Final Object Repo/Login Page/Internal User/Password'

2018-12-20 16:26:41 - [TEST_STEP][PASSED] - click: Object: 'Object Repository/Final Object Repo/Login Page/Internal User/Login Button' is clicked on

2018-12-20 16:26:42 - [MESSAGE][PASSED] - Object: 'Object Repository/Final Object Repo/Login Page/Internal User/Login Button' is clicked on

2018-12-20 16:26:42 - [TEST_STEP][PASSED] - delay: Delayed 1 second(s)

2018-12-20 16:26:43 - [MESSAGE][PASSED] - Delayed 1 second(s)

2018-12-20 16:26:43 - [TEST_STEP][PASSED] - Statement - Try: Delayed 2 second(s)

2018-12-20 16:26:43 - [TEST_STEP][PASSED] - Statement - Checker = false: null

2018-12-20 16:26:43 - [TEST_STEP][PASSED] - Statement - Checker = com.kms.katalon.core.webui.keyword.WebUiBuiltInKeywords.verifyElementHasAttribute(com.kms.katalon.core.testobject.ObjectRepository.findTestObject(Final Object Repo/Landing Page/BM Detecting), "href", 20, OPTIONAL): Object 'Object Repository/Final Object Repo/Landing Page/BM Detecting' has attribute 'href'

2018-12-20 16:26:43 - [MESSAGE][PASSED] - Object 'Object Repository/Final Object Repo/Landing Page/BM Detecting' has attribute 'href'

2018-12-20 16:26:43 - [TEST_STEP][PASSED] - Statement - out.println(Checker): null

2018-12-20 16:26:43 - [TEST_STEP][PASSED] - Statement - If (Checker == false): null

2018-12-20 16:26:43 - [TEST_STEP][PASSED] - Statement - Else: null

2018-12-20 16:26:43 - [TEST_STEP][PASSED] - delay: Delayed 2 second(s)

2018-12-20 16:26:45 - [MESSAGE][PASSED] - Delayed 2 second(s)

2018-12-20 16:26:45 - [TEST_STEP][PASSED] - navigateToUrl: Navigate to 'https://assist2-uat.perkeso.gov.my/web/registration/search/search-pending-case-for-add-supporting-document' successfully

2018-12-20 16:26:46 - [MESSAGE][PASSED] - Navigate to 'https://assist2-uat.perkeso.gov.my/web/registration/search/search-pending-case-for-add-supporting-document' successfully

2018-12-20 16:26:46 - [TEST_STEP][PASSED] - click: Object: 'Object Repository/Final Object Repo/Page_Search Pending Case For Add Suporting Document/Search By' is clicked on

2018-12-20 16:26:47 - [MESSAGE][PASSED] - Object: 'Object Repository/Final Object Repo/Page_Search Pending Case For Add Suporting Document/Search By' is clicked on

2018-12-20 16:26:47 - [TEST_STEP][PASSED] - click: Object: 'Object Repository/Final Object Repo/Page_Search Pending Case For Add Suporting Document/Search By - Reference ID' is clicked on

2018-12-20 16:26:47 - [MESSAGE][PASSED] - Object: 'Object Repository/Final Object Repo/Page_Search Pending Case For Add Suporting Document/Search By - Reference ID' is clicked on

2018-12-20 16:26:47 - [TEST_STEP][PASSED] - delay: Delayed 2 second(s)

2018-12-20 16:26:49 - [MESSAGE][PASSED] - Delayed 2 second(s)

2018-12-20 16:26:49 - [TEST_STEP][PASSED] - setText: Text 'ERN122018C200002555' is set on object 'Object Repository/Final Object Repo/Page_Search Pending Case For Add Suporting Document/Reference ID'

2018-12-20 16:26:49 - [MESSAGE][PASSED] - Text 'ERN122018C200002555' is set on object 'Object Repository/Final Object Repo/Page_Search Pending Case For Add Suporting Document/Reference ID'

2018-12-20 16:26:49 - [TEST_STEP][PASSED] - click: Object: 'Object Repository/Final Object Repo/Page_Search Pending Case For Add Suporting Document/Search' is clicked on

2018-12-20 16:26:49 - [MESSAGE][PASSED] - Object: 'Object Repository/Final Object Repo/Page_Search Pending Case For Add Suporting Document/Search' is clicked on

2018-12-20 16:26:49 - [TEST_STEP][PASSED] - delay: Delayed 2 second(s)

2018-12-20 16:26:51 - [MESSAGE][PASSED] - Delayed 2 second(s)

2018-12-20 16:26:51 - [TEST_STEP][PASSED] - click: Object: 'Object Repository/Final Object Repo/Page_Search Pending Case For Add Suporting Document/Edit' is clicked on

2018-12-20 16:26:54 - [MESSAGE][PASSED] - Object: 'Object Repository/Final Object Repo/Page_Search Pending Case For Add Suporting Document/Edit' is clicked on

2018-12-20 16:26:54 - [MESSAGE][PASSED] - Call Test Case 'Test Cases/Final Aug 2018 - PKS Automation/Registration Module/Workflow/Search Pending Case For Add Supporting Document (OTC)' successfully

2018-12-20 16:26:54 - [TEST_STEP][PASSED] - delay: Delayed 2 second(s)

2018-12-20 16:26:56 - [MESSAGE][PASSED] - Delayed 2 second(s)

2018-12-20 16:26:56 - [TEST_STEP][PASSED] - click: Object: 'Object Repository/Final Object Repo/Page_Form 3 EIS - Cessation as Employer/Page_Form 3 EIS - Cessation as Employer (Query - OTC - UO)/Next' is clicked on

2018-12-20 16:26:58 - [MESSAGE][PASSED] - Object: 'Object Repository/Final Object Repo/Page_Form 3 EIS - Cessation as Employer/Page_Form 3 EIS - Cessation as Employer (Query - OTC - UO)/Next' is clicked on

2018-12-20 16:26:58 - [TEST_STEP][PASSED] - delay: Delayed 2 second(s)

2018-12-20 16:27:00 - [MESSAGE][PASSED] - Delayed 2 second(s)

2018-12-20 16:27:00 - [TEST_STEP][PASSED] - click: Object: 'Object Repository/Final Object Repo/Page_Form 3 EIS - Cessation as Employer/Page_Form 3 EIS - Cessation as Employer (Query - OTC - UO)/Next in Resigned Page' is clicked on

2018-12-20 16:27:03 - [MESSAGE][PASSED] - Object: 'Object Repository/Final Object Repo/Page_Form 3 EIS - Cessation as Employer/Page_Form 3 EIS - Cessation as Employer (Query - OTC - UO)/Next in Resigned Page' is clicked on

2018-12-20 16:27:03 - [TEST_STEP][PASSED] - delay: Delayed 2 second(s)

2018-12-20 16:27:05 - [MESSAGE][PASSED] - Delayed 2 second(s)

2018-12-20 16:27:05 - [TEST_STEP][PASSED] - click: Object: 'Object Repository/Final Object Repo/Page_Form 3 EIS - Cessation as Employer/Page_Form 3 EIS - Cessation as Employer (Query - OTC - UO)/Add Document' is clicked on

2018-12-20 16:27:05 - [MESSAGE][PASSED] - Object: 'Object Repository/Final Object Repo/Page_Form 3 EIS - Cessation as Employer/Page_Form 3 EIS - Cessation as Employer (Query - OTC - UO)/Add Document' is clicked on

2018-12-20 16:27:05 - [TEST_STEP][PASSED] - delay: Delayed 2 second(s)

2018-12-20 16:27:07 - [MESSAGE][PASSED] - Delayed 2 second(s)

2018-12-20 16:27:07 - [TEST_STEP][PASSED] - click: Object: 'Object Repository/Final Object Repo/Page_Form 3 EIS - Cessation as Employer/Page_Form 3 EIS - Cessation as Employer (Query - OTC - UO)/Document Type' is clicked on

2018-12-20 16:27:08 - [MESSAGE][PASSED] - Object: 'Object Repository/Final Object Repo/Page_Form 3 EIS - Cessation as Employer/Page_Form 3 EIS - Cessation as Employer (Query - OTC - UO)/Document Type' is clicked on

2018-12-20 16:27:08 - [TEST_STEP][PASSED] - delay: Delayed 2 second(s)

2018-12-20 16:27:10 - [MESSAGE][PASSED] - Delayed 2 second(s)

2018-12-20 16:27:10 - [TEST_STEP][PASSED] - click: Object: 'Object Repository/Final Object Repo/Page_Form 3 EIS - Cessation as Employer/Page_Form 3 EIS - Cessation as Employer (Query - OTC - UO)/Document Type - Others' is clicked on

2018-12-20 16:27:10 - [MESSAGE][PASSED] - Object: 'Object Repository/Final Object Repo/Page_Form 3 EIS - Cessation as Employer/Page_Form 3 EIS - Cessation as Employer (Query - OTC - UO)/Document Type - Others' is clicked on

2018-12-20 16:27:10 - [TEST_STEP][PASSED] - delay: Delayed 2 second(s)

2018-12-20 16:27:12 - [MESSAGE][PASSED] - Delayed 2 second(s)

2018-12-20 16:27:12 - [TEST_STEP][PASSED] - sendKeys: Keys 'C:\Users\Public\Pictures\Sample Pictures\Koala.jpg' sent to object: 'Object Repository/Final Object Repo/Page_Form 3 EIS - Cessation as Employer/Page_Form 3 EIS - Cessation as Employer (Query - OTC - UO)/ploading File'

2018-12-20 16:27:13 - [MESSAGE][PASSED] - Keys 'C:\Users\Public\Pictures\Sample Pictures\Koala.jpg' sent to object: 'Object Repository/Final Object Repo/Page_Form 3 EIS - Cessation as Employer/Page_Form 3 EIS - Cessation as Employer (Query - OTC - UO)/ploading File'

2018-12-20 16:27:13 - [TEST_STEP][PASSED] - delay: Delayed 2 second(s)

2018-12-20 16:27:15 - [MESSAGE][PASSED] - Delayed 2 second(s)

2018-12-20 16:27:15 - [TEST_STEP][PASSED] - click: Object: 'Object Repository/Final Object Repo/Page_Form 3 EIS - Cessation as Employer/Page_Form 3 EIS - Cessation as Employer (Query - OTC - UO)/Add Document in Uploading Page' is clicked on

2018-12-20 16:27:15 - [MESSAGE][PASSED] - Object: 'Object Repository/Final Object Repo/Page_Form 3 EIS - Cessation as Employer/Page_Form 3 EIS - Cessation as Employer (Query - OTC - UO)/Add Document in Uploading Page' is clicked on

2018-12-20 16:27:15 - [TEST_STEP][PASSED] - delay: Delayed 2 second(s)

2018-12-20 16:27:17 - [MESSAGE][PASSED] - Delayed 2 second(s)

2018-12-20 16:27:17 - [TEST_STEP][PASSED] - click: Object: 'Object Repository/Final Object Repo/Page_Form 3 EIS - Cessation as Employer/Page_Form 3 EIS - Cessation as Employer (Query - OTC - UO)/Exit' is clicked on

2018-12-20 16:27:20 - [MESSAGE][PASSED] - Object: 'Object Repository/Final Object Repo/Page_Form 3 EIS - Cessation as Employer/Page_Form 3 EIS - Cessation as Employer (Query - OTC - UO)/Exit' is clicked on

2018-12-20 16:27:20 - [TEST_STEP][PASSED] - delay: Delayed 1 second(s)

2018-12-20 16:27:21 - [MESSAGE][PASSED] - Delayed 1 second(s)

2018-12-20 16:27:21 - [TEST_STEP][PASSED] - navigateToUrl: Navigate to 'https://assist2-uat.perkeso.gov.my/c/portal/logout' successfully

2018-12-20 16:27:21 - [MESSAGE][PASSED] - Navigate to 'https://assist2-uat.perkeso.gov.my/c/portal/logout' successfully

2018-12-20 16:27:21 - [TEST_STEP][PASSED] - delay: Delayed 1 second(s)

2018-12-20 16:27:22 - [MESSAGE][PASSED] - Delayed 1 second(s)

2018-12-20 16:27:22 - [TEST_STEP][PASSED] - callTestCase: Call Test Case 'Test Cases/Final Aug 2018 - PKS Automation/Registration Module/Workflow/Login and Search Case For Workflow' successfully

2018-12-20 16:27:22 - [TEST_CASE][PASSED] - Test Cases/Final Aug 2018 - PKS Automation/Registration Module/Workflow/Login and Search Case For Workflow: Test Cases/Final Aug 2018 - PKS Automation/Registration Module/Workflow/Login and Search Case For Workflow

2018-12-20 16:27:22 - [TEST_STEP][PASSED] - navigateToUrl: Navigate to 'https://assist2-uat.perkeso.gov.my/login' successfully

2018-12-20 16:27:23 - [MESSAGE][PASSED] - Navigate to 'https://assist2-uat.perkeso.gov.my/login' successfully

2018-12-20 16:27:23 - [TEST_STEP][PASSED] - setText: Text 'johoruo3@gmail.com' is set on object 'Object Repository/Final Object Repo/Login Page/Internal User/Email Address'

2018-12-20 16:27:23 - [MESSAGE][PASSED] - Text 'johoruo3@gmail.com' is set on object 'Object Repository/Final Object Repo/Login Page/Internal User/Email Address'

2018-12-20 16:27:23 - [TEST_STEP][PASSED] - click: Object: 'Object Repository/Final Object Repo/Login Page/Internal User/Next Button' is clicked on

2018-12-20 16:27:24 - [MESSAGE][PASSED] - Object: 'Object Repository/Final Object Repo/Login Page/Internal User/Next Button' is clicked on

2018-12-20 16:27:24 - [TEST_STEP][PASSED] - delay: Delayed 1 second(s)

2018-12-20 16:27:25 - [MESSAGE][PASSED] - Delayed 1 second(s)

2018-12-20 16:27:25 - [TEST_STEP][PASSED] - setEncryptedText: Text ****** has been set on object 'Object Repository/Final Object Repo/Login Page/Internal User/Password'

2018-12-20 16:27:25 - [MESSAGE][PASSED] - Text ****** has been set on object 'Object Repository/Final Object Repo/Login Page/Internal User/Password'

2018-12-20 16:27:25 - [TEST_STEP][PASSED] - click: Object: 'Object Repository/Final Object Repo/Login Page/Internal User/Login Button' is clicked on

2018-12-20 16:27:25 - [MESSAGE][PASSED] - Object: 'Object Repository/Final Object Repo/Login Page/Internal User/Login Button' is clicked on

2018-12-20 16:27:25 - [TEST_STEP][PASSED] - delay: Delayed 2 second(s)

2018-12-20 16:27:27 - [MESSAGE][PASSED] - Delayed 2 second(s)

2018-12-20 16:27:27 - [TEST_STEP][PASSED] - Statement - Try: Delayed 2 second(s)

2018-12-20 16:27:27 - [TEST_STEP][PASSED] - Statement - Checker = false: null

2018-12-20 16:27:27 - [TEST_STEP][PASSED] - Statement - Checker = com.kms.katalon.core.webui.keyword.WebUiBuiltInKeywords.verifyElementHasAttribute(com.kms.katalon.core.testobject.ObjectRepository.findTestObject(Final Object Repo/Landing Page/BM Detecting), "href", 20, OPTIONAL): Object 'Object Repository/Final Object Repo/Landing Page/BM Detecting' has attribute 'href'

2018-12-20 16:27:27 - [MESSAGE][PASSED] - Object 'Object Repository/Final Object Repo/Landing Page/BM Detecting' has attribute 'href'

2018-12-20 16:27:27 - [TEST_STEP][PASSED] - Statement - out.println(Checker): null

2018-12-20 16:27:27 - [TEST_STEP][PASSED] - Statement - If (Checker == false): null

2018-12-20 16:27:27 - [TEST_STEP][PASSED] - Statement - Else: null

2018-12-20 16:27:27 - [TEST_STEP][PASSED] - delay: Delayed 2 second(s)

2018-12-20 16:27:29 - [MESSAGE][PASSED] - Delayed 2 second(s)

2018-12-20 16:27:29 - [TEST_STEP][PASSED] - click: Object: 'Object Repository/Final Object Repo/Page_MyASSIST - ASSIST - Search Pending Case For Add Supporting Document/Search Information' is clicked on

2018-12-20 16:27:29 - [MESSAGE][PASSED] - Object: 'Object Repository/Final Object Repo/Page_MyASSIST - ASSIST - Search Pending Case For Add Supporting Document/Search Information' is clicked on

2018-12-20 16:27:29 - [TEST_STEP][PASSED] - delay: Delayed 3 second(s)

2018-12-20 16:27:32 - [MESSAGE][PASSED] - Delayed 3 second(s)

2018-12-20 16:27:32 - [TEST_STEP][PASSED] - sendKeys: Keys 'ERN122018C200002555' sent to object: 'Object Repository/Final Object Repo/Page_MyASSIST - ASSIST - Search Pending Case For Add Supporting Document/Reference No'

2018-12-20 16:27:32 - [MESSAGE][PASSED] - Keys 'ERN122018C200002555' sent to object: 'Object Repository/Final Object Repo/Page_MyASSIST - ASSIST - Search Pending Case For Add Supporting Document/Reference No'

2018-12-20 16:27:32 - [TEST_STEP][PASSED] - click: Object: 'Object Repository/Final Object Repo/Page_MyASSIST - ASSIST - Search Pending Case For Add Supporting Document/Search Reference No' is clicked on

2018-12-20 16:27:33 - [MESSAGE][PASSED] - Object: 'Object Repository/Final Object Repo/Page_MyASSIST - ASSIST - Search Pending Case For Add Supporting Document/Search Reference No' is clicked on

2018-12-20 16:27:33 - [TEST_STEP][PASSED] - delay: Delayed 2 second(s)

2018-12-20 16:27:35 - [MESSAGE][PASSED] - Delayed 2 second(s)

2018-12-20 16:27:35 - [TEST_STEP][PASSED] - click: Object: 'Object Repository/Final Object Repo/Page_MyASSIST - ASSIST - Search Pending Case For Add Supporting Document/Continue' is clicked on

2018-12-20 16:27:38 - [MESSAGE][PASSED] - Object: 'Object Repository/Final Object Repo/Page_MyASSIST - ASSIST - Search Pending Case For Add Supporting Document/Continue' is clicked on

2018-12-20 16:27:38 - [TEST_STEP][PASSED] - delay: Delayed 20 second(s)

2018-12-20 16:27:58 - [MESSAGE][PASSED] - Delayed 20 second(s)

2018-12-20 16:27:58 - [MESSAGE][PASSED] - Call Test Case 'Test Cases/Final Aug 2018 - PKS Automation/Registration Module/Workflow/Login and Search Case For Workflow' successfully

2018-12-20 16:27:58 - [TEST_STEP][PASSED] - click: Object: 'Object Repository/Final Object Repo/Page_Form 3 EIS - Cessation as Employer/Page_Form 3 EIS - Cessation as Employer (Approve)/Save  Continue in Form 3 Page' is clicked on

2018-12-20 16:27:58 - [MESSAGE][PASSED] - Object: 'Object Repository/Final Object Repo/Page_Form 3 EIS - Cessation as Employer/Page_Form 3 EIS - Cessation as Employer (Approve)/Save  Continue in Form 3 Page' is clicked on

2018-12-20 16:27:58 - [TEST_STEP][PASSED] - delay: Delayed 2 second(s)

2018-12-20 16:28:00 - [MESSAGE][PASSED] - Delayed 2 second(s)

2018-12-20 16:28:00 - [TEST_STEP][PASSED] - click: Object: 'Object Repository/Final Object Repo/Page_Form 3 EIS - Cessation as Employer/Page_Form 3 EIS - Cessation as Employer (Approve)/Save  Continue in Resigned Page' is clicked on

2018-12-20 16:28:00 - [MESSAGE][PASSED] - Object: 'Object Repository/Final Object Repo/Page_Form 3 EIS - Cessation as Employer/Page_Form 3 EIS - Cessation as Employer (Approve)/Save  Continue in Resigned Page' is clicked on

2018-12-20 16:28:00 - [TEST_STEP][PASSED] - delay: Delayed 2 second(s)

2018-12-20 16:28:02 - [MESSAGE][PASSED] - Delayed 2 second(s)

2018-12-20 16:28:02 - [TEST_STEP][PASSED] - click: Object: 'Object Repository/Final Object Repo/Page_Form 3 EIS - Cessation as Employer/Page_Form 3 EIS - Cessation as Employer (Approve)/Save  Continue in Uploading Page' is clicked on

2018-12-20 16:28:03 - [MESSAGE][PASSED] - Object: 'Object Repository/Final Object Repo/Page_Form 3 EIS - Cessation as Employer/Page_Form 3 EIS - Cessation as Employer (Approve)/Save  Continue in Uploading Page' is clicked on

2018-12-20 16:28:03 - [TEST_STEP][PASSED] - delay: Delayed 2 second(s)

2018-12-20 16:28:05 - [MESSAGE][PASSED] - Delayed 2 second(s)

2018-12-20 16:28:05 - [TEST_STEP][PASSED] - click: Object: 'Object Repository/Final Object Repo/Page_Form 3 EIS - Cessation as Employer/Page_Form 3 EIS - Cessation as Employer (Reject)/Reject' is clicked on

2018-12-20 16:28:08 - [MESSAGE][PASSED] - Object: 'Object Repository/Final Object Repo/Page_Form 3 EIS - Cessation as Employer/Page_Form 3 EIS - Cessation as Employer (Reject)/Reject' is clicked on

2018-12-20 16:28:08 - [TEST_STEP][PASSED] - delay: Delayed 2 second(s)

2018-12-20 16:28:10 - [MESSAGE][PASSED] - Delayed 2 second(s)

2018-12-20 16:28:10 - [TEST_STEP][PASSED] - click: Object: 'Object Repository/Final Object Repo/Page_Form 3 EIS - Cessation as Employer/Page_Form 3 EIS - Cessation as Employer (Reject)/Confirm' is clicked on

2018-12-20 16:28:10 - [MESSAGE][PASSED] - Object: 'Object Repository/Final Object Repo/Page_Form 3 EIS - Cessation as Employer/Page_Form 3 EIS - Cessation as Employer (Reject)/Confirm' is clicked on

2018-12-20 16:28:10 - [TEST_STEP][PASSED] - delay: Delayed 2 second(s)

2018-12-20 16:28:12 - [MESSAGE][PASSED] - Delayed 2 second(s)

2018-12-20 16:28:12 - [TEST_STEP][PASSED] - click: Object: 'Object Repository/Final Object Repo/Page_Form 3 EIS - Cessation as Employer/Page_Form 3 EIS - Cessation as Employer (Reject)/Message This Case has been Rejected' is clicked on

2018-12-20 16:28:16 - [MESSAGE][PASSED] - Object: 'Object Repository/Final Object Repo/Page_Form 3 EIS - Cessation as Employer/Page_Form 3 EIS - Cessation as Employer (Reject)/Message This Case has been Rejected' is clicked on

2018-12-20 16:28:16 - [TEST_STEP][PASSED] - click: Object: 'Object Repository/Final Object Repo/Page_Form 3 EIS - Cessation as Employer/Page_Form 3 EIS - Cessation as Employer (Reject)/Letter of update rejection' is clicked on

2018-12-20 16:28:16 - [MESSAGE][PASSED] - Object: 'Object Repository/Final Object Repo/Page_Form 3 EIS - Cessation as Employer/Page_Form 3 EIS - Cessation as Employer (Reject)/Letter of update rejection' is clicked on

2018-12-20 16:28:16 - [MESSAGE][PASSED] - Call Test Case 'Test Cases/Final Aug 2018 - PKS Automation/Registration Module/Workflow/Form 3 EIS - Cessation As Employer/Template/Form 3 A - Cessation As Employer (Query)' successfully]]></system-out>
         <system-err><![CDATA[]]></system-err>
      </testcase>
      <testcase name="Test Cases/Final Aug 2018 - PKS Automation/Registration Module/Workflow/Form 3 EIS - Cessation As Employer/Employer to UO (Reject)" classname="Test Cases/Final Aug 2018 - PKS Automation/Registration Module/Workflow/Form 3 EIS - Cessation As Employer/Employer to UO (Reject)" status="PASSED">
         <system-out><![CDATA[2018-12-20 16:28:16 - [TEST_CASE][PASSED] - Test Cases/Final Aug 2018 - PKS Automation/Registration Module/Workflow/Form 3 EIS - Cessation As Employer/Employer to UO (Reject): Test Cases/Final Aug 2018 - PKS Automation/Registration Module/Workflow/Form 3 EIS - Cessation As Employer/Employer to UO (Reject)

2018-12-20 16:28:17 - [TEST_STEP][PASSED] - callTestCase: Call Test Case 'Test Cases/Final Aug 2018 - PKS Automation/Registration Module/Workflow/Form 3 EIS - Cessation As Employer/Template/Form 3 A - Cessation As Employer (Employer)' successfully

2018-12-20 16:28:17 - [TEST_CASE][PASSED] - Test Cases/Final Aug 2018 - PKS Automation/Registration Module/Workflow/Form 3 EIS - Cessation As Employer/Template/Form 3 A - Cessation As Employer (Employer): Test Cases/Final Aug 2018 - PKS Automation/Registration Module/Workflow/Form 3 EIS - Cessation As Employer/Template/Form 3 A - Cessation As Employer (Employer)

2018-12-20 16:28:17 - [TEST_STEP][PASSED] - callTestCase: Call Test Case 'Test Cases/Final Aug 2018 - PKS Automation/Registration Module/Workflow/Update Add New Employee/Template/New Company for Update Add New - Employer' successfully

2018-12-20 16:28:17 - [TEST_CASE][PASSED] - Test Cases/Final Aug 2018 - PKS Automation/Registration Module/Workflow/Update Add New Employee/Template/New Company for Update Add New - Employer: Test Cases/Final Aug 2018 - PKS Automation/Registration Module/Workflow/Update Add New Employee/Template/New Company for Update Add New - Employer

2018-12-20 16:28:17 - [TEST_STEP][PASSED] - callTestCase: Call Test Case 'Test Cases/Final Aug 2018 - PKS Automation/Create Employer Acc/Create Employer Account' successfully

2018-12-20 16:28:17 - [TEST_CASE][PASSED] - Test Cases/Final Aug 2018 - PKS Automation/Create Employer Acc/Create Employer Account: Test Cases/Final Aug 2018 - PKS Automation/Create Employer Acc/Create Employer Account

2018-12-20 16:28:17 - [TEST_STEP][PASSED] - callTestCase: Call Test Case 'Test Cases/Final Aug 2018 - PKS Automation/Create Employer Acc/Template/Register Employer' successfully

2018-12-20 16:28:17 - [TEST_CASE][PASSED] - Test Cases/Final Aug 2018 - PKS Automation/Create Employer Acc/Template/Register Employer: Test Cases/Final Aug 2018 - PKS Automation/Create Employer Acc/Template/Register Employer

2018-12-20 16:28:17 - [TEST_STEP][PASSED] - openBrowser: Browser is opened with url: ''

2018-12-20 16:28:17 - [MESSAGE][WARNING] - A browser is already opened. Closing browser and opening a new one

2018-12-20 16:28:20 - [MESSAGE][PASSED] - Browser is opened with url: ''

2018-12-20 16:28:20 - [TEST_STEP][PASSED] - navigateToUrl: Navigate to 'https://assist2-uat.perkeso.gov.my/login' successfully

2018-12-20 16:28:21 - [MESSAGE][PASSED] - Navigate to 'https://assist2-uat.perkeso.gov.my/login' successfully

2018-12-20 16:28:21 - [TEST_STEP][PASSED] - setText: Text 'johorotc1@gmail.com' is set on object 'Object Repository/Final Object Repo/Login Page/Internal User/Email Address'

2018-12-20 16:28:21 - [MESSAGE][PASSED] - Text 'johorotc1@gmail.com' is set on object 'Object Repository/Final Object Repo/Login Page/Internal User/Email Address'

2018-12-20 16:28:21 - [TEST_STEP][PASSED] - click: Object: 'Object Repository/Final Object Repo/Login Page/Internal User/Next Button' is clicked on

2018-12-20 16:28:22 - [MESSAGE][PASSED] - Object: 'Object Repository/Final Object Repo/Login Page/Internal User/Next Button' is clicked on

2018-12-20 16:28:22 - [TEST_STEP][PASSED] - delay: Delayed 1 second(s)

2018-12-20 16:28:23 - [MESSAGE][PASSED] - Delayed 1 second(s)

2018-12-20 16:28:23 - [TEST_STEP][PASSED] - setEncryptedText: Text ****** has been set on object 'Object Repository/Final Object Repo/Login Page/Internal User/Password'

2018-12-20 16:28:23 - [MESSAGE][PASSED] - Text ****** has been set on object 'Object Repository/Final Object Repo/Login Page/Internal User/Password'

2018-12-20 16:28:23 - [TEST_STEP][PASSED] - click: Object: 'Object Repository/Final Object Repo/Login Page/Internal User/Login Button' is clicked on

2018-12-20 16:28:23 - [MESSAGE][PASSED] - Object: 'Object Repository/Final Object Repo/Login Page/Internal User/Login Button' is clicked on

2018-12-20 16:28:23 - [TEST_STEP][PASSED] - delay: Delayed 1 second(s)

2018-12-20 16:28:24 - [MESSAGE][PASSED] - Delayed 1 second(s)

2018-12-20 16:28:24 - [TEST_STEP][PASSED] - navigateToUrl: Navigate to 'https://assist2-uat.perkeso.gov.my/web/base/portal-id/registration' successfully

2018-12-20 16:28:26 - [MESSAGE][PASSED] - Navigate to 'https://assist2-uat.perkeso.gov.my/web/base/portal-id/registration' successfully

2018-12-20 16:28:26 - [TEST_STEP][PASSED] - setText: Text 'AUTOMATION EMPLOYER' is set on object 'Object Repository/Final Object Repo/Creating Employer Account/Page_Registration - ASSIST (Base)/Employer Name'

2018-12-20 16:28:27 - [MESSAGE][PASSED] - Text 'AUTOMATION EMPLOYER' is set on object 'Object Repository/Final Object Repo/Creating Employer Account/Page_Registration - ASSIST (Base)/Employer Name'

2018-12-20 16:28:27 - [TEST_STEP][PASSED] - delay: Delayed 2 second(s)

2018-12-20 16:28:29 - [MESSAGE][PASSED] - Delayed 2 second(s)

2018-12-20 16:28:29 - [TEST_STEP][PASSED] - click: Object: 'Object Repository/Final Object Repo/Creating Employer Account/Page_Registration - ASSIST (Base)/Registration Type' is clicked on

2018-12-20 16:28:29 - [MESSAGE][PASSED] - Object: 'Object Repository/Final Object Repo/Creating Employer Account/Page_Registration - ASSIST (Base)/Registration Type' is clicked on

2018-12-20 16:28:29 - [TEST_STEP][PASSED] - delay: Delayed 2 second(s)

2018-12-20 16:28:31 - [MESSAGE][PASSED] - Delayed 2 second(s)

2018-12-20 16:28:31 - [TEST_STEP][PASSED] - click: Object: 'Object Repository/Final Object Repo/Creating Employer Account/Page_Registration - ASSIST (Base)/Registration Type - Registration No' is clicked on

2018-12-20 16:28:31 - [MESSAGE][PASSED] - Object: 'Object Repository/Final Object Repo/Creating Employer Account/Page_Registration - ASSIST (Base)/Registration Type - Registration No' is clicked on

2018-12-20 16:28:31 - [TEST_STEP][PASSED] - delay: Delayed 2 second(s)

2018-12-20 16:28:33 - [MESSAGE][PASSED] - Delayed 2 second(s)

2018-12-20 16:28:33 - [TEST_STEP][PASSED] - setText: Text 'AUTOMATE001' is set on object 'Object Repository/Final Object Repo/Creating Employer Account/Page_Registration - ASSIST (Base)/Registration Number'

2018-12-20 16:28:33 - [MESSAGE][PASSED] - Text 'AUTOMATE001' is set on object 'Object Repository/Final Object Repo/Creating Employer Account/Page_Registration - ASSIST (Base)/Registration Number'

2018-12-20 16:28:33 - [TEST_STEP][PASSED] - delay: Delayed 2 second(s)

2018-12-20 16:28:35 - [MESSAGE][PASSED] - Delayed 2 second(s)

2018-12-20 16:28:35 - [TEST_STEP][PASSED] - setText: Text 'ADDRESS 1' is set on object 'Object Repository/Final Object Repo/Creating Employer Account/Page_Registration - ASSIST (Base)/Postal Address 1'

2018-12-20 16:28:36 - [MESSAGE][PASSED] - Text 'ADDRESS 1' is set on object 'Object Repository/Final Object Repo/Creating Employer Account/Page_Registration - ASSIST (Base)/Postal Address 1'

2018-12-20 16:28:36 - [TEST_STEP][PASSED] - setText: Text 'ADDRESS 2' is set on object 'Object Repository/Final Object Repo/Creating Employer Account/Page_Registration - ASSIST (Base)/Postal Address 2'

2018-12-20 16:28:36 - [MESSAGE][PASSED] - Text 'ADDRESS 2' is set on object 'Object Repository/Final Object Repo/Creating Employer Account/Page_Registration - ASSIST (Base)/Postal Address 2'

2018-12-20 16:28:36 - [TEST_STEP][PASSED] - click: Object: 'Object Repository/Final Object Repo/Creating Employer Account/Page_Registration - ASSIST (Base)/State' is clicked on

2018-12-20 16:28:36 - [MESSAGE][PASSED] - Object: 'Object Repository/Final Object Repo/Creating Employer Account/Page_Registration - ASSIST (Base)/State' is clicked on

2018-12-20 16:28:36 - [TEST_STEP][PASSED] - delay: Delayed 2 second(s)

2018-12-20 16:28:38 - [MESSAGE][PASSED] - Delayed 2 second(s)

2018-12-20 16:28:38 - [TEST_STEP][PASSED] - click: Object: 'Object Repository/Final Object Repo/Creating Employer Account/Page_Registration - ASSIST (Base)/State - Johor' is clicked on

2018-12-20 16:28:39 - [MESSAGE][PASSED] - Object: 'Object Repository/Final Object Repo/Creating Employer Account/Page_Registration - ASSIST (Base)/State - Johor' is clicked on

2018-12-20 16:28:39 - [TEST_STEP][PASSED] - delay: Delayed 2 second(s)

2018-12-20 16:28:41 - [MESSAGE][PASSED] - Delayed 2 second(s)

2018-12-20 16:28:41 - [TEST_STEP][PASSED] - click: Object: 'Object Repository/Final Object Repo/Creating Employer Account/Page_Registration - ASSIST (Base)/City' is clicked on

2018-12-20 16:28:41 - [MESSAGE][PASSED] - Object: 'Object Repository/Final Object Repo/Creating Employer Account/Page_Registration - ASSIST (Base)/City' is clicked on

2018-12-20 16:28:41 - [TEST_STEP][PASSED] - delay: Delayed 2 second(s)

2018-12-20 16:28:43 - [MESSAGE][PASSED] - Delayed 2 second(s)

2018-12-20 16:28:43 - [TEST_STEP][PASSED] - setText: Text 'joh' is set on object 'Object Repository/Final Object Repo/Creating Employer Account/Page_Registration - ASSIST (Base)/City - joh'

2018-12-20 16:28:43 - [MESSAGE][PASSED] - Text 'joh' is set on object 'Object Repository/Final Object Repo/Creating Employer Account/Page_Registration - ASSIST (Base)/City - joh'

2018-12-20 16:28:43 - [TEST_STEP][PASSED] - delay: Delayed 2 second(s)

2018-12-20 16:28:45 - [MESSAGE][PASSED] - Delayed 2 second(s)

2018-12-20 16:28:45 - [TEST_STEP][PASSED] - click: Object: 'Object Repository/Final Object Repo/Creating Employer Account/Page_Registration - ASSIST (Base)/City - Johor Bharu' is clicked on

2018-12-20 16:28:45 - [MESSAGE][PASSED] - Object: 'Object Repository/Final Object Repo/Creating Employer Account/Page_Registration - ASSIST (Base)/City - Johor Bharu' is clicked on

2018-12-20 16:28:45 - [TEST_STEP][PASSED] - delay: Delayed 2 second(s)

2018-12-20 16:28:47 - [MESSAGE][PASSED] - Delayed 2 second(s)

2018-12-20 16:28:47 - [TEST_STEP][PASSED] - click: Object: 'Object Repository/Final Object Repo/Creating Employer Account/Page_Registration - ASSIST (Base)/Post Code' is clicked on

2018-12-20 16:28:47 - [MESSAGE][PASSED] - Object: 'Object Repository/Final Object Repo/Creating Employer Account/Page_Registration - ASSIST (Base)/Post Code' is clicked on

2018-12-20 16:28:47 - [TEST_STEP][PASSED] - delay: Delayed 2 second(s)

2018-12-20 16:28:49 - [MESSAGE][PASSED] - Delayed 2 second(s)

2018-12-20 16:28:49 - [TEST_STEP][PASSED] - setText: Text '810' is set on object 'Object Repository/Final Object Repo/Creating Employer Account/Page_Registration - ASSIST (Base)/Post Code - 810'

2018-12-20 16:28:50 - [MESSAGE][PASSED] - Text '810' is set on object 'Object Repository/Final Object Repo/Creating Employer Account/Page_Registration - ASSIST (Base)/Post Code - 810'

2018-12-20 16:28:50 - [TEST_STEP][PASSED] - delay: Delayed 2 second(s)

2018-12-20 16:28:52 - [MESSAGE][PASSED] - Delayed 2 second(s)

2018-12-20 16:28:52 - [TEST_STEP][PASSED] - click: Object: 'Object Repository/Final Object Repo/Creating Employer Account/Page_Registration - ASSIST (Base)/Post Code - 81000' is clicked on

2018-12-20 16:28:52 - [MESSAGE][PASSED] - Object: 'Object Repository/Final Object Repo/Creating Employer Account/Page_Registration - ASSIST (Base)/Post Code - 81000' is clicked on

2018-12-20 16:28:52 - [TEST_STEP][PASSED] - delay: Delayed 2 second(s)

2018-12-20 16:28:54 - [MESSAGE][PASSED] - Delayed 2 second(s)

2018-12-20 16:28:54 - [TEST_STEP][PASSED] - setText: Text 'PERKESO' is set on object 'Object Repository/Final Object Repo/Creating Employer Account/Page_Registration - ASSIST (Base)/Full Name'

2018-12-20 16:28:54 - [MESSAGE][PASSED] - Text 'PERKESO' is set on object 'Object Repository/Final Object Repo/Creating Employer Account/Page_Registration - ASSIST (Base)/Full Name'

2018-12-20 16:28:54 - [TEST_STEP][PASSED] - Statement - rnd = new java.util.Random(): null

2018-12-20 16:28:54 - [TEST_STEP][PASSED] - Statement - snum = rnd.nextInt(899999 + 1) + 100000: null

2018-12-20 16:28:54 - [TEST_STEP][PASSED] - Statement - tnum = rnd.nextInt(899999 + 1) + 100000: null

2018-12-20 16:28:54 - [TEST_STEP][PASSED] - Statement - IC = java.lang.Integer.toString(snum) + java.lang.Integer.toString(tnum): null

2018-12-20 16:28:54 - [TEST_STEP][PASSED] - Statement - out.println(IC): null

2018-12-20 16:28:54 - [TEST_STEP][PASSED] - setText: Text '208507927551' is set on object 'Object Repository/Final Object Repo/Creating Employer Account/Page_Registration - ASSIST (Base)/Identification Number'

2018-12-20 16:28:55 - [MESSAGE][PASSED] - Text '208507927551' is set on object 'Object Repository/Final Object Repo/Creating Employer Account/Page_Registration - ASSIST (Base)/Identification Number'

2018-12-20 16:28:55 - [TEST_STEP][PASSED] - delay: Delayed 2 second(s)

2018-12-20 16:28:57 - [MESSAGE][PASSED] - Delayed 2 second(s)

2018-12-20 16:28:57 - [TEST_STEP][PASSED] - setText: Text '123456789012' is set on object 'Object Repository/Final Object Repo/Creating Employer Account/Page_Registration - ASSIST (Base)/Contact Number'

2018-12-20 16:28:57 - [MESSAGE][PASSED] - Text '123456789012' is set on object 'Object Repository/Final Object Repo/Creating Employer Account/Page_Registration - ASSIST (Base)/Contact Number'

2018-12-20 16:28:57 - [TEST_STEP][PASSED] - Statement - Email = "perkeso" + IC + "@gmail.com": null

2018-12-20 16:28:57 - [TEST_STEP][PASSED] - delay: Delayed 2 second(s)

2018-12-20 16:28:59 - [MESSAGE][PASSED] - Delayed 2 second(s)

2018-12-20 16:28:59 - [TEST_STEP][PASSED] - callTestCase: Call Test Case 'Test Cases/Final Aug 2018 - PKS Automation/Create Employer Acc/Template/Employer Email Settler' successfully

2018-12-20 16:28:59 - [TEST_CASE][PASSED] - Test Cases/Final Aug 2018 - PKS Automation/Create Employer Acc/Template/Employer Email Settler: Test Cases/Final Aug 2018 - PKS Automation/Create Employer Acc/Template/Employer Email Settler

2018-12-20 16:28:59 - [TEST_STEP][PASSED] - Statement - EmpEmailOld = new java.io.File(C://Users//Admin//Desktop//PKS//Automation Reference Point//EmpEmail.txt): null

2018-12-20 16:28:59 - [TEST_STEP][PASSED] - Statement - EmpEmailOld.delete(): null

2018-12-20 16:28:59 - [TEST_STEP][PASSED] - delay: Delayed 5 second(s)

2018-12-20 16:29:04 - [MESSAGE][PASSED] - Delayed 5 second(s)

2018-12-20 16:29:04 - [TEST_STEP][PASSED] - Statement - EmpEmail = new java.io.File(C://Users//Admin//Desktop//PKS//Automation Reference Point//EmpEmail.txt): null

2018-12-20 16:29:04 - [TEST_STEP][PASSED] - Statement - f2 = new java.io.FileWriter(EmpEmail, false): null

2018-12-20 16:29:04 - [TEST_STEP][PASSED] - Statement - f2.write(Email): null

2018-12-20 16:29:04 - [TEST_STEP][PASSED] - Statement - f2.close(): null

2018-12-20 16:29:04 - [TEST_STEP][PASSED] - Statement - out.println(Email): null

2018-12-20 16:29:04 - [MESSAGE][PASSED] - Call Test Case 'Test Cases/Final Aug 2018 - PKS Automation/Create Employer Acc/Template/Employer Email Settler' successfully

2018-12-20 16:29:04 - [TEST_STEP][PASSED] - delay: Delayed 2 second(s)

2018-12-20 16:29:06 - [MESSAGE][PASSED] - Delayed 2 second(s)

2018-12-20 16:29:06 - [TEST_STEP][PASSED] - setText: Text 'perkeso208507927551@gmail.com' is set on object 'Object Repository/Final Object Repo/Creating Employer Account/Page_Registration - ASSIST (Base)/Email'

2018-12-20 16:29:07 - [MESSAGE][PASSED] - Text 'perkeso208507927551@gmail.com' is set on object 'Object Repository/Final Object Repo/Creating Employer Account/Page_Registration - ASSIST (Base)/Email'

2018-12-20 16:29:07 - [TEST_STEP][PASSED] - setText: Text '123' is set on object 'Object Repository/Final Object Repo/Creating Employer Account/Page_Registration - ASSIST (Base)/Security Phase'

2018-12-20 16:29:07 - [MESSAGE][PASSED] - Text '123' is set on object 'Object Repository/Final Object Repo/Creating Employer Account/Page_Registration - ASSIST (Base)/Security Phase'

2018-12-20 16:29:07 - [TEST_STEP][PASSED] - click: Object: 'Object Repository/Final Object Repo/Creating Employer Account/Page_Registration - ASSIST (Base)/Save  Continue' is clicked on

2018-12-20 16:29:07 - [MESSAGE][PASSED] - Object: 'Object Repository/Final Object Repo/Creating Employer Account/Page_Registration - ASSIST (Base)/Save  Continue' is clicked on

2018-12-20 16:29:07 - [TEST_STEP][PASSED] - delay: Delayed 2 second(s)

2018-12-20 16:29:09 - [MESSAGE][PASSED] - Delayed 2 second(s)

2018-12-20 16:29:09 - [TEST_STEP][PASSED] - click: Object: 'Object Repository/Final Object Repo/Creating Employer Account/Page_Registration - ASSIST (Base)/Add Document' is clicked on

2018-12-20 16:29:09 - [MESSAGE][PASSED] - Object: 'Object Repository/Final Object Repo/Creating Employer Account/Page_Registration - ASSIST (Base)/Add Document' is clicked on

2018-12-20 16:29:09 - [TEST_STEP][PASSED] - delay: Delayed 2 second(s)

2018-12-20 16:29:11 - [MESSAGE][PASSED] - Delayed 2 second(s)

2018-12-20 16:29:11 - [TEST_STEP][PASSED] - click: Object: 'Object Repository/Final Object Repo/Creating Employer Account/Page_Registration - ASSIST (Base)/Document Type' is clicked on

2018-12-20 16:29:11 - [MESSAGE][PASSED] - Object: 'Object Repository/Final Object Repo/Creating Employer Account/Page_Registration - ASSIST (Base)/Document Type' is clicked on

2018-12-20 16:29:11 - [TEST_STEP][PASSED] - delay: Delayed 2 second(s)

2018-12-20 16:29:13 - [MESSAGE][PASSED] - Delayed 2 second(s)

2018-12-20 16:29:13 - [TEST_STEP][PASSED] - click: Object: 'Object Repository/Final Object Repo/Creating Employer Account/Page_Registration - ASSIST (Base)/Document Type - Letter of Authorization' is clicked on

2018-12-20 16:29:14 - [MESSAGE][PASSED] - Object: 'Object Repository/Final Object Repo/Creating Employer Account/Page_Registration - ASSIST (Base)/Document Type - Letter of Authorization' is clicked on

2018-12-20 16:29:14 - [TEST_STEP][PASSED] - delay: Delayed 2 second(s)

2018-12-20 16:29:16 - [MESSAGE][PASSED] - Delayed 2 second(s)

2018-12-20 16:29:16 - [TEST_STEP][PASSED] - sendKeys: Keys 'C:\Users\Public\Pictures\Sample Pictures\Koala.jpg' sent to object: 'Object Repository/Final Object Repo/Creating Employer Account/Page_Registration - ASSIST (Base)/Uploading File'

2018-12-20 16:29:16 - [MESSAGE][PASSED] - Keys 'C:\Users\Public\Pictures\Sample Pictures\Koala.jpg' sent to object: 'Object Repository/Final Object Repo/Creating Employer Account/Page_Registration - ASSIST (Base)/Uploading File'

2018-12-20 16:29:16 - [TEST_STEP][PASSED] - delay: Delayed 2 second(s)

2018-12-20 16:29:18 - [MESSAGE][PASSED] - Delayed 2 second(s)

2018-12-20 16:29:18 - [TEST_STEP][PASSED] - click: Object: 'Object Repository/Final Object Repo/Creating Employer Account/Page_Registration - ASSIST (Base)/Add Document in Uploading File' is clicked on

2018-12-20 16:29:18 - [MESSAGE][PASSED] - Object: 'Object Repository/Final Object Repo/Creating Employer Account/Page_Registration - ASSIST (Base)/Add Document in Uploading File' is clicked on

2018-12-20 16:29:18 - [TEST_STEP][PASSED] - delay: Delayed 2 second(s)

2018-12-20 16:29:20 - [MESSAGE][PASSED] - Delayed 2 second(s)

2018-12-20 16:29:20 - [TEST_STEP][PASSED] - click: Object: 'Object Repository/Final Object Repo/Creating Employer Account/Page_Registration - ASSIST (Base)/Save' is clicked on

2018-12-20 16:29:20 - [MESSAGE][PASSED] - Object: 'Object Repository/Final Object Repo/Creating Employer Account/Page_Registration - ASSIST (Base)/Save' is clicked on

2018-12-20 16:29:20 - [TEST_STEP][PASSED] - delay: Delayed 2 second(s)

2018-12-20 16:29:22 - [MESSAGE][PASSED] - Delayed 2 second(s)

2018-12-20 16:29:22 - [TEST_STEP][PASSED] - click: Object: 'Object Repository/Final Object Repo/Creating Employer Account/Page_Registration - ASSIST (Base)/Submit' is clicked on

2018-12-20 16:29:22 - [MESSAGE][PASSED] - Object: 'Object Repository/Final Object Repo/Creating Employer Account/Page_Registration - ASSIST (Base)/Submit' is clicked on

2018-12-20 16:29:22 - [TEST_STEP][PASSED] - delay: Delayed 2 second(s)

2018-12-20 16:29:24 - [MESSAGE][PASSED] - Delayed 2 second(s)

2018-12-20 16:29:24 - [TEST_STEP][PASSED] - click: Object: 'Object Repository/Final Object Repo/Creating Employer Account/Page_Registration - ASSIST (Base)/Confirm' is clicked on

2018-12-20 16:29:25 - [MESSAGE][PASSED] - Object: 'Object Repository/Final Object Repo/Creating Employer Account/Page_Registration - ASSIST (Base)/Confirm' is clicked on

2018-12-20 16:29:25 - [MESSAGE][PASSED] - Call Test Case 'Test Cases/Final Aug 2018 - PKS Automation/Create Employer Acc/Template/Register Employer' successfully

2018-12-20 16:29:25 - [TEST_STEP][PASSED] - delay: Delayed 1 second(s)

2018-12-20 16:29:26 - [MESSAGE][PASSED] - Delayed 1 second(s)

2018-12-20 16:29:26 - [TEST_STEP][PASSED] - navigateToUrl: Navigate to 'https://assist2-uat.perkeso.gov.my/c/portal/logout' successfully

2018-12-20 16:29:27 - [MESSAGE][PASSED] - Navigate to 'https://assist2-uat.perkeso.gov.my/c/portal/logout' successfully

2018-12-20 16:29:27 - [TEST_STEP][PASSED] - delay: Delayed 1 second(s)

2018-12-20 16:29:28 - [MESSAGE][PASSED] - Delayed 1 second(s)

2018-12-20 16:29:28 - [TEST_STEP][PASSED] - callTestCase: Call Test Case 'Test Cases/Final Aug 2018 - PKS Automation/Create Employer Acc/Template/Change Password of Employer' successfully

2018-12-20 16:29:28 - [TEST_CASE][PASSED] - Test Cases/Final Aug 2018 - PKS Automation/Create Employer Acc/Template/Change Password of Employer: Test Cases/Final Aug 2018 - PKS Automation/Create Employer Acc/Template/Change Password of Employer

2018-12-20 16:29:28 - [TEST_STEP][PASSED] - openBrowser: Browser is opened with url: ''

2018-12-20 16:29:28 - [MESSAGE][WARNING] - A browser is already opened. Closing browser and opening a new one

2018-12-20 16:29:31 - [MESSAGE][PASSED] - Browser is opened with url: ''

2018-12-20 16:29:31 - [TEST_STEP][PASSED] - navigateToUrl: Navigate to 'https://assist2-uat.perkeso.gov.my/login' successfully

2018-12-20 16:29:32 - [MESSAGE][PASSED] - Navigate to 'https://assist2-uat.perkeso.gov.my/login' successfully

2018-12-20 16:29:32 - [TEST_STEP][PASSED] - delay: Delayed 5 second(s)

2018-12-20 16:29:37 - [MESSAGE][PASSED] - Delayed 5 second(s)

2018-12-20 16:29:37 - [TEST_STEP][PASSED] - setText: Text 'test@liferay.com' is set on object 'Object Repository/Final Object Repo/Login Page/Internal User/Email Address'

2018-12-20 16:29:38 - [MESSAGE][PASSED] - Text 'test@liferay.com' is set on object 'Object Repository/Final Object Repo/Login Page/Internal User/Email Address'

2018-12-20 16:29:38 - [TEST_STEP][PASSED] - click: Object: 'Object Repository/Final Object Repo/Login Page/Internal User/Next Button' is clicked on

2018-12-20 16:29:38 - [MESSAGE][PASSED] - Object: 'Object Repository/Final Object Repo/Login Page/Internal User/Next Button' is clicked on

2018-12-20 16:29:38 - [TEST_STEP][PASSED] - delay: Delayed 2 second(s)

2018-12-20 16:29:40 - [MESSAGE][PASSED] - Delayed 2 second(s)

2018-12-20 16:29:40 - [TEST_STEP][PASSED] - setText: Text 'test' is set on object 'Object Repository/Final Object Repo/Login Page/Internal User/Password'

2018-12-20 16:29:40 - [MESSAGE][PASSED] - Text 'test' is set on object 'Object Repository/Final Object Repo/Login Page/Internal User/Password'

2018-12-20 16:29:40 - [TEST_STEP][PASSED] - delay: Delayed 2 second(s)

2018-12-20 16:29:42 - [MESSAGE][PASSED] - Delayed 2 second(s)

2018-12-20 16:29:42 - [TEST_STEP][PASSED] - click: Object: 'Object Repository/Final Object Repo/Login Page/Internal User/Login Button' is clicked on

2018-12-20 16:29:42 - [MESSAGE][PASSED] - Object: 'Object Repository/Final Object Repo/Login Page/Internal User/Login Button' is clicked on

2018-12-20 16:29:42 - [TEST_STEP][PASSED] - delay: Delayed 3 second(s)

2018-12-20 16:29:45 - [MESSAGE][PASSED] - Delayed 3 second(s)

2018-12-20 16:29:45 - [TEST_STEP][PASSED] - navigateToUrl: Navigate to 'https://assist2-uat.perkeso.gov.my/group/control_panel/manage?p_p_id=125&p_p_lifecycle=0&p_p_state=maximized&p_p_mode=view&refererPlid=20455&_125_usersListView=flat-users&_125_toolbarItem=view-all-users&_125_saveUsersListView=true&_125_struts_action=%2Fusers_admin%2Fview' successfully

2018-12-20 16:29:47 - [MESSAGE][PASSED] - Navigate to 'https://assist2-uat.perkeso.gov.my/group/control_panel/manage?p_p_id=125&p_p_lifecycle=0&p_p_state=maximized&p_p_mode=view&refererPlid=20455&_125_usersListView=flat-users&_125_toolbarItem=view-all-users&_125_saveUsersListView=true&_125_struts_action=%2Fusers_admin%2Fview' successfully

2018-12-20 16:29:47 - [TEST_STEP][PASSED] - delay: Delayed 3 second(s)

2018-12-20 16:29:50 - [MESSAGE][PASSED] - Delayed 3 second(s)

2018-12-20 16:29:50 - [TEST_STEP][PASSED] - setText: Text 'perkeso208507927551@gmail.com' is set on object 'Object Repository/Final Object Repo/Creating Employer Account/Page_Users and Organizations - ASSIST/Employer name'

2018-12-20 16:29:50 - [MESSAGE][PASSED] - Text 'perkeso208507927551@gmail.com' is set on object 'Object Repository/Final Object Repo/Creating Employer Account/Page_Users and Organizations - ASSIST/Employer name'

2018-12-20 16:29:50 - [TEST_STEP][PASSED] - delay: Delayed 3 second(s)

2018-12-20 16:29:53 - [MESSAGE][PASSED] - Delayed 3 second(s)

2018-12-20 16:29:53 - [TEST_STEP][PASSED] - click: Object: 'Object Repository/Final Object Repo/Creating Employer Account/Page_Users and Organizations - ASSIST/Search' is clicked on

2018-12-20 16:29:54 - [MESSAGE][PASSED] - Object: 'Object Repository/Final Object Repo/Creating Employer Account/Page_Users and Organizations - ASSIST/Search' is clicked on

2018-12-20 16:29:54 - [TEST_STEP][PASSED] - delay: Delayed 3 second(s)

2018-12-20 16:29:57 - [MESSAGE][PASSED] - Delayed 3 second(s)

2018-12-20 16:29:57 - [TEST_STEP][PASSED] - click: Object: 'Object Repository/Final Object Repo/Creating Employer Account/Page_Users and Organizations - ASSIST/Action' is clicked on

2018-12-20 16:29:57 - [MESSAGE][PASSED] - Object: 'Object Repository/Final Object Repo/Creating Employer Account/Page_Users and Organizations - ASSIST/Action' is clicked on

2018-12-20 16:29:57 - [TEST_STEP][PASSED] - delay: Delayed 3 second(s)

2018-12-20 16:30:00 - [MESSAGE][PASSED] - Delayed 3 second(s)

2018-12-20 16:30:00 - [TEST_STEP][PASSED] - click: Object: 'Object Repository/Final Object Repo/Creating Employer Account/Page_Users and Organizations - ASSIST/Edit' is clicked on

2018-12-20 16:30:01 - [MESSAGE][PASSED] - Object: 'Object Repository/Final Object Repo/Creating Employer Account/Page_Users and Organizations - ASSIST/Edit' is clicked on

2018-12-20 16:30:01 - [TEST_STEP][PASSED] - delay: Delayed 3 second(s)

2018-12-20 16:30:04 - [MESSAGE][PASSED] - Delayed 3 second(s)

2018-12-20 16:30:04 - [TEST_STEP][PASSED] - click: Object: 'Object Repository/Final Object Repo/Creating Employer Account/Page_PERKESO - Users and Organizati/a_Password (Modified)' is clicked on

2018-12-20 16:30:04 - [MESSAGE][PASSED] - Object: 'Object Repository/Final Object Repo/Creating Employer Account/Page_PERKESO - Users and Organizati/a_Password (Modified)' is clicked on

2018-12-20 16:30:04 - [TEST_STEP][PASSED] - delay: Delayed 3 second(s)

2018-12-20 16:30:07 - [MESSAGE][PASSED] - Delayed 3 second(s)

2018-12-20 16:30:07 - [TEST_STEP][PASSED] - setEncryptedText: Text ****** has been set on object 'Object Repository/Final Object Repo/Creating Employer Account/Page_PERKESO - Users and Organizati/input__125_password1'

2018-12-20 16:30:07 - [MESSAGE][PASSED] - Text ****** has been set on object 'Object Repository/Final Object Repo/Creating Employer Account/Page_PERKESO - Users and Organizati/input__125_password1'

2018-12-20 16:30:07 - [TEST_STEP][PASSED] - delay: Delayed 3 second(s)

2018-12-20 16:30:10 - [MESSAGE][PASSED] - Delayed 3 second(s)

2018-12-20 16:30:10 - [TEST_STEP][PASSED] - setEncryptedText: Text ****** has been set on object 'Object Repository/Final Object Repo/Creating Employer Account/Page_PERKESO - Users and Organizati/input__125_password2'

2018-12-20 16:30:11 - [MESSAGE][PASSED] - Text ****** has been set on object 'Object Repository/Final Object Repo/Creating Employer Account/Page_PERKESO - Users and Organizati/input__125_password2'

2018-12-20 16:30:11 - [TEST_STEP][PASSED] - delay: Delayed 3 second(s)

2018-12-20 16:30:14 - [MESSAGE][PASSED] - Delayed 3 second(s)

2018-12-20 16:30:14 - [TEST_STEP][PASSED] - click: Object: 'Object Repository/Final Object Repo/Creating Employer Account/Page_PERKESO - Users and Organizati/Save' is clicked on

2018-12-20 16:30:16 - [MESSAGE][PASSED] - Object: 'Object Repository/Final Object Repo/Creating Employer Account/Page_PERKESO - Users and Organizati/Save' is clicked on

2018-12-20 16:30:16 - [MESSAGE][PASSED] - Call Test Case 'Test Cases/Final Aug 2018 - PKS Automation/Create Employer Acc/Template/Change Password of Employer' successfully

2018-12-20 16:30:16 - [TEST_STEP][PASSED] - delay: Delayed 1 second(s)

2018-12-20 16:30:17 - [MESSAGE][PASSED] - Delayed 1 second(s)

2018-12-20 16:30:17 - [TEST_STEP][PASSED] - navigateToUrl: Navigate to 'https://assist2-uat.perkeso.gov.my/c/portal/logout' successfully

2018-12-20 16:30:17 - [MESSAGE][PASSED] - Navigate to 'https://assist2-uat.perkeso.gov.my/c/portal/logout' successfully

2018-12-20 16:30:17 - [TEST_STEP][PASSED] - delay: Delayed 1 second(s)

2018-12-20 16:30:18 - [MESSAGE][PASSED] - Delayed 1 second(s)

2018-12-20 16:30:18 - [TEST_STEP][PASSED] - callTestCase: Call Test Case 'Test Cases/Final Aug 2018 - PKS Automation/Create Employer Acc/Template/Login to Employer Account (First Time)' successfully

2018-12-20 16:30:18 - [TEST_CASE][PASSED] - Test Cases/Final Aug 2018 - PKS Automation/Create Employer Acc/Template/Login to Employer Account (First Time): Test Cases/Final Aug 2018 - PKS Automation/Create Employer Acc/Template/Login to Employer Account (First Time)

2018-12-20 16:30:18 - [TEST_STEP][PASSED] - openBrowser: Browser is opened with url: ''

2018-12-20 16:30:18 - [MESSAGE][WARNING] - A browser is already opened. Closing browser and opening a new one

2018-12-20 16:30:21 - [MESSAGE][PASSED] - Browser is opened with url: ''

2018-12-20 16:30:21 - [TEST_STEP][PASSED] - navigateToUrl: Navigate to 'https://assist2-uat.perkeso.gov.my/employer/login' successfully

2018-12-20 16:30:23 - [MESSAGE][PASSED] - Navigate to 'https://assist2-uat.perkeso.gov.my/employer/login' successfully

2018-12-20 16:30:23 - [TEST_STEP][PASSED] - delay: Delayed 3 second(s)

2018-12-20 16:30:26 - [MESSAGE][PASSED] - Delayed 3 second(s)

2018-12-20 16:30:26 - [TEST_STEP][PASSED] - callTestCase: Call Test Case 'Test Cases/Final Aug 2018 - PKS Automation/Create Employer Acc/Template/Employer Email Getter' successfully

2018-12-20 16:30:26 - [TEST_CASE][PASSED] - Test Cases/Final Aug 2018 - PKS Automation/Create Employer Acc/Template/Employer Email Getter: Test Cases/Final Aug 2018 - PKS Automation/Create Employer Acc/Template/Employer Email Getter

2018-12-20 16:30:26 - [TEST_STEP][PASSED] - Statement - Try: null

2018-12-20 16:30:26 - [TEST_STEP][PASSED] - Statement - EmpEmail = new java.io.File(C://Users//Admin//Desktop//PKS//Automation Reference Point//EmpEmail.txt): null

2018-12-20 16:30:26 - [TEST_STEP][PASSED] - Statement - bufferread = new java.io.BufferedReader(new java.io.FileReader(EmpEmail)): null

2018-12-20 16:30:26 - [TEST_STEP][PASSED] - Statement - readedVal = bufferread.readLine(): null

2018-12-20 16:30:26 - [TEST_STEP][PASSED] - Statement - out.println(readedVal): null

2018-12-20 16:30:26 - [TEST_STEP][PASSED] - Statement - Email = readedVal: null

2018-12-20 16:30:26 - [MESSAGE][PASSED] - Call Test Case 'Test Cases/Final Aug 2018 - PKS Automation/Create Employer Acc/Template/Employer Email Getter' successfully

2018-12-20 16:30:26 - [TEST_STEP][PASSED] - setText: Text 'perkeso208507927551@gmail.com' is set on object 'Object Repository/Final Object Repo/Login Page/External Login Page/Email'

2018-12-20 16:30:26 - [MESSAGE][PASSED] - Text 'perkeso208507927551@gmail.com' is set on object 'Object Repository/Final Object Repo/Login Page/External Login Page/Email'

2018-12-20 16:30:26 - [TEST_STEP][PASSED] - click: Object: 'Object Repository/Final Object Repo/Login Page/External Login Page/Next' is clicked on

2018-12-20 16:30:26 - [MESSAGE][PASSED] - Object: 'Object Repository/Final Object Repo/Login Page/External Login Page/Next' is clicked on

2018-12-20 16:30:26 - [TEST_STEP][PASSED] - delay: Delayed 3 second(s)

2018-12-20 16:30:29 - [MESSAGE][PASSED] - Delayed 3 second(s)

2018-12-20 16:30:29 - [TEST_STEP][PASSED] - setEncryptedText: Text ****** has been set on object 'Object Repository/Final Object Repo/Login Page/External Login Page/Password'

2018-12-20 16:30:30 - [MESSAGE][PASSED] - Text ****** has been set on object 'Object Repository/Final Object Repo/Login Page/External Login Page/Password'

2018-12-20 16:30:30 - [TEST_STEP][PASSED] - click: Object: 'Object Repository/Final Object Repo/Login Page/External Login Page/Login' is clicked on

2018-12-20 16:30:30 - [MESSAGE][PASSED] - Object: 'Object Repository/Final Object Repo/Login Page/External Login Page/Login' is clicked on

2018-12-20 16:30:30 - [TEST_STEP][PASSED] - delay: Delayed 3 second(s)

2018-12-20 16:30:33 - [MESSAGE][PASSED] - Delayed 3 second(s)

2018-12-20 16:30:33 - [TEST_STEP][PASSED] - click: Object: 'Object Repository/Final Object Repo/Creating Employer Account/Page_Terms of Use - ASSIST/button_I Agree' is clicked on

2018-12-20 16:30:34 - [MESSAGE][PASSED] - Object: 'Object Repository/Final Object Repo/Creating Employer Account/Page_Terms of Use - ASSIST/button_I Agree' is clicked on

2018-12-20 16:30:34 - [TEST_STEP][PASSED] - delay: Delayed 2 second(s)

2018-12-20 16:30:36 - [MESSAGE][PASSED] - Delayed 2 second(s)

2018-12-20 16:30:36 - [TEST_STEP][PASSED] - setEncryptedText: Text ****** has been set on object 'Object Repository/Final Object Repo/Creating Employer Account/Page_New Password - ASSIST/input_password1'

2018-12-20 16:30:36 - [MESSAGE][PASSED] - Text ****** has been set on object 'Object Repository/Final Object Repo/Creating Employer Account/Page_New Password - ASSIST/input_password1'

2018-12-20 16:30:36 - [TEST_STEP][PASSED] - setEncryptedText: Text ****** has been set on object 'Object Repository/Final Object Repo/Creating Employer Account/Page_New Password - ASSIST/input_password2'

2018-12-20 16:30:36 - [MESSAGE][PASSED] - Text ****** has been set on object 'Object Repository/Final Object Repo/Creating Employer Account/Page_New Password - ASSIST/input_password2'

2018-12-20 16:30:36 - [TEST_STEP][PASSED] - delay: Delayed 2 second(s)

2018-12-20 16:30:38 - [MESSAGE][PASSED] - Delayed 2 second(s)

2018-12-20 16:30:38 - [TEST_STEP][PASSED] - click: Object: 'Object Repository/Final Object Repo/Creating Employer Account/Page_New Password - ASSIST/Save' is clicked on

2018-12-20 16:30:38 - [MESSAGE][PASSED] - Object: 'Object Repository/Final Object Repo/Creating Employer Account/Page_New Password - ASSIST/Save' is clicked on

2018-12-20 16:30:38 - [TEST_STEP][PASSED] - delay: Delayed 2 second(s)

2018-12-20 16:30:40 - [MESSAGE][PASSED] - Delayed 2 second(s)

2018-12-20 16:30:40 - [TEST_STEP][PASSED] - setText: Text 'test' is set on object 'Object Repository/Final Object Repo/Creating Employer Account/Page_Password Reminder - ASSIST/Reminder Query Answer'

2018-12-20 16:30:41 - [MESSAGE][PASSED] - Text 'test' is set on object 'Object Repository/Final Object Repo/Creating Employer Account/Page_Password Reminder - ASSIST/Reminder Query Answer'

2018-12-20 16:30:41 - [TEST_STEP][PASSED] - delay: Delayed 2 second(s)

2018-12-20 16:30:43 - [MESSAGE][PASSED] - Delayed 2 second(s)

2018-12-20 16:30:43 - [TEST_STEP][PASSED] - doubleClick: Object: 'Object Repository/Final Object Repo/Creating Employer Account/Page_Password Reminder - ASSIST/Save' is double clicked on

2018-12-20 16:30:43 - [MESSAGE][PASSED] - Object: 'Object Repository/Final Object Repo/Creating Employer Account/Page_Password Reminder - ASSIST/Save' is double clicked on

2018-12-20 16:30:43 - [MESSAGE][PASSED] - Call Test Case 'Test Cases/Final Aug 2018 - PKS Automation/Create Employer Acc/Template/Login to Employer Account (First Time)' successfully

2018-12-20 16:30:43 - [MESSAGE][PASSED] - Call Test Case 'Test Cases/Final Aug 2018 - PKS Automation/Create Employer Acc/Create Employer Account' successfully

2018-12-20 16:30:43 - [TEST_STEP][PASSED] - callTestCase: Call Test Case 'Test Cases/Final Aug 2018 - PKS Automation/Registration Module/Log Out/log out avoiding katalon tagging' successfully

2018-12-20 16:30:43 - [TEST_CASE][PASSED] - Test Cases/Final Aug 2018 - PKS Automation/Registration Module/Log Out/log out avoiding katalon tagging: Test Cases/Final Aug 2018 - PKS Automation/Registration Module/Log Out/log out avoiding katalon tagging

2018-12-20 16:30:43 - [TEST_STEP][PASSED] - navigateToUrl: Navigate to 'https://assist2-uat.perkeso.gov.my/c/portal/logout' successfully

2018-12-20 16:30:46 - [MESSAGE][PASSED] - Navigate to 'https://assist2-uat.perkeso.gov.my/c/portal/logout' successfully

2018-12-20 16:30:46 - [MESSAGE][PASSED] - Call Test Case 'Test Cases/Final Aug 2018 - PKS Automation/Registration Module/Log Out/log out avoiding katalon tagging' successfully

2018-12-20 16:30:46 - [TEST_STEP][PASSED] - callTestCase: Call Test Case 'Test Cases/Final Aug 2018 - PKS Automation/Create Employer Acc/Login to Employer Account (Second time)' successfully

2018-12-20 16:30:46 - [TEST_CASE][PASSED] - Test Cases/Final Aug 2018 - PKS Automation/Create Employer Acc/Login to Employer Account (Second time): Test Cases/Final Aug 2018 - PKS Automation/Create Employer Acc/Login to Employer Account (Second time)

2018-12-20 16:30:46 - [TEST_STEP][PASSED] - openBrowser: Browser is opened with url: ''

2018-12-20 16:30:46 - [MESSAGE][WARNING] - A browser is already opened. Closing browser and opening a new one

2018-12-20 16:30:49 - [MESSAGE][PASSED] - Browser is opened with url: ''

2018-12-20 16:30:49 - [TEST_STEP][PASSED] - navigateToUrl: Navigate to 'https://assist2-uat.perkeso.gov.my/employer/login' successfully

2018-12-20 16:30:50 - [MESSAGE][PASSED] - Navigate to 'https://assist2-uat.perkeso.gov.my/employer/login' successfully

2018-12-20 16:30:50 - [TEST_STEP][PASSED] - delay: Delayed 3 second(s)

2018-12-20 16:30:53 - [MESSAGE][PASSED] - Delayed 3 second(s)

2018-12-20 16:30:53 - [TEST_STEP][PASSED] - callTestCase: Call Test Case 'Test Cases/Final Aug 2018 - PKS Automation/Create Employer Acc/Template/Employer Email Getter' successfully

2018-12-20 16:30:53 - [TEST_CASE][PASSED] - Test Cases/Final Aug 2018 - PKS Automation/Create Employer Acc/Template/Employer Email Getter: Test Cases/Final Aug 2018 - PKS Automation/Create Employer Acc/Template/Employer Email Getter

2018-12-20 16:30:53 - [TEST_STEP][PASSED] - Statement - Try: null

2018-12-20 16:30:53 - [TEST_STEP][PASSED] - Statement - EmpEmail = new java.io.File(C://Users//Admin//Desktop//PKS//Automation Reference Point//EmpEmail.txt): null

2018-12-20 16:30:53 - [TEST_STEP][PASSED] - Statement - bufferread = new java.io.BufferedReader(new java.io.FileReader(EmpEmail)): null

2018-12-20 16:30:53 - [TEST_STEP][PASSED] - Statement - readedVal = bufferread.readLine(): null

2018-12-20 16:30:53 - [TEST_STEP][PASSED] - Statement - out.println(readedVal): null

2018-12-20 16:30:53 - [TEST_STEP][PASSED] - Statement - Email = readedVal: null

2018-12-20 16:30:53 - [MESSAGE][PASSED] - Call Test Case 'Test Cases/Final Aug 2018 - PKS Automation/Create Employer Acc/Template/Employer Email Getter' successfully

2018-12-20 16:30:53 - [TEST_STEP][PASSED] - setText: Text 'perkeso208507927551@gmail.com' is set on object 'Object Repository/Final Object Repo/Login Page/External Login Page/Email'

2018-12-20 16:30:54 - [MESSAGE][PASSED] - Text 'perkeso208507927551@gmail.com' is set on object 'Object Repository/Final Object Repo/Login Page/External Login Page/Email'

2018-12-20 16:30:54 - [TEST_STEP][PASSED] - click: Object: 'Object Repository/Final Object Repo/Login Page/External Login Page/Next' is clicked on

2018-12-20 16:30:54 - [MESSAGE][PASSED] - Object: 'Object Repository/Final Object Repo/Login Page/External Login Page/Next' is clicked on

2018-12-20 16:30:54 - [TEST_STEP][PASSED] - delay: Delayed 3 second(s)

2018-12-20 16:30:57 - [MESSAGE][PASSED] - Delayed 3 second(s)

2018-12-20 16:30:57 - [TEST_STEP][PASSED] - setEncryptedText: Text ****** has been set on object 'Object Repository/Final Object Repo/Login Page/External Login Page/Password'

2018-12-20 16:30:57 - [MESSAGE][PASSED] - Text ****** has been set on object 'Object Repository/Final Object Repo/Login Page/External Login Page/Password'

2018-12-20 16:30:57 - [TEST_STEP][PASSED] - click: Object: 'Object Repository/Final Object Repo/Login Page/External Login Page/Login' is clicked on

2018-12-20 16:30:57 - [MESSAGE][PASSED] - Object: 'Object Repository/Final Object Repo/Login Page/External Login Page/Login' is clicked on

2018-12-20 16:30:57 - [TEST_STEP][PASSED] - delay: Delayed 5 second(s)

2018-12-20 16:31:02 - [MESSAGE][PASSED] - Delayed 5 second(s)

2018-12-20 16:31:02 - [MESSAGE][PASSED] - Call Test Case 'Test Cases/Final Aug 2018 - PKS Automation/Create Employer Acc/Login to Employer Account (Second time)' successfully

2018-12-20 16:31:02 - [TEST_STEP][PASSED] - delay: Delayed 4 second(s)

2018-12-20 16:31:06 - [MESSAGE][PASSED] - Delayed 4 second(s)

2018-12-20 16:31:06 - [TEST_STEP][PASSED] - Statement - Try: Delayed 2 second(s)

2018-12-20 16:31:06 - [TEST_STEP][PASSED] - Statement - Checker = false: null

2018-12-20 16:31:06 - [TEST_STEP][PASSED] - Statement - Checker = com.kms.katalon.core.webui.keyword.WebUiBuiltInKeywords.verifyElementHasAttribute(com.kms.katalon.core.testobject.ObjectRepository.findTestObject(Final Object Repo/Landing Page/BM Detecting), "href", 20, OPTIONAL): Object 'Object Repository/Final Object Repo/Landing Page/BM Detecting' has attribute 'href'

2018-12-20 16:31:06 - [MESSAGE][PASSED] - Object 'Object Repository/Final Object Repo/Landing Page/BM Detecting' has attribute 'href'

2018-12-20 16:31:06 - [TEST_STEP][PASSED] - Statement - out.println(Checker): null

2018-12-20 16:31:06 - [TEST_STEP][PASSED] - Statement - If (Checker == false): null

2018-12-20 16:31:06 - [TEST_STEP][PASSED] - Statement - Else: null

2018-12-20 16:31:06 - [TEST_STEP][PASSED] - delay: Delayed 2 second(s)

2018-12-20 16:31:08 - [MESSAGE][PASSED] - Delayed 2 second(s)

2018-12-20 16:31:08 - [TEST_STEP][PASSED] - delay: Delayed 4 second(s)

2018-12-20 16:31:12 - [MESSAGE][PASSED] - Delayed 4 second(s)

2018-12-20 16:31:12 - [TEST_STEP][PASSED] - click: Object: 'Object Repository/Final Object Repo/Landing Page/My Sites Drop Down' is clicked on

2018-12-20 16:31:13 - [MESSAGE][PASSED] - Object: 'Object Repository/Final Object Repo/Landing Page/My Sites Drop Down' is clicked on

2018-12-20 16:31:13 - [TEST_STEP][PASSED] - click: Object: 'Object Repository/Final Object Repo/Landing Page/Select to Registration Module' is clicked on

2018-12-20 16:31:15 - [MESSAGE][PASSED] - Object: 'Object Repository/Final Object Repo/Landing Page/Select to Registration Module' is clicked on

2018-12-20 16:31:15 - [TEST_STEP][PASSED] - click: Object: 'Object Repository/Final Object Repo/Landing Page/Registration Button' is clicked on

2018-12-20 16:31:17 - [MESSAGE][PASSED] - Object: 'Object Repository/Final Object Repo/Landing Page/Registration Button' is clicked on

2018-12-20 16:31:17 - [TEST_STEP][PASSED] - delay: Delayed 2 second(s)

2018-12-20 16:31:19 - [MESSAGE][PASSED] - Delayed 2 second(s)

2018-12-20 16:31:19 - [TEST_STEP][PASSED] - click: Object: 'Object Repository/Final Object Repo/New Registration - Registration Module Pages/New Reg - OTC to RO/Special Case - OTC - Form 1/AEC NO' is clicked on

2018-12-20 16:31:19 - [MESSAGE][PASSED] - Object: 'Object Repository/Final Object Repo/New Registration - Registration Module Pages/New Reg - OTC to RO/Special Case - OTC - Form 1/AEC NO' is clicked on

2018-12-20 16:31:19 - [TEST_STEP][PASSED] - click: Object: 'Object Repository/Final Object Repo/New Registration - Registration Module Pages/New Reg - OTC to RO/Special Case - OTC - Form 1/Business Entity - Please Select' is clicked on

2018-12-20 16:31:19 - [MESSAGE][PASSED] - Object: 'Object Repository/Final Object Repo/New Registration - Registration Module Pages/New Reg - OTC to RO/Special Case - OTC - Form 1/Business Entity - Please Select' is clicked on

2018-12-20 16:31:19 - [TEST_STEP][PASSED] - click: Object: 'Object Repository/Final Object Repo/New Registration - Registration Module Pages/New Reg - OTC to RO/Special Case - OTC - Form 1/Selected - Corporation' is clicked on

2018-12-20 16:31:19 - [MESSAGE][PASSED] - Object: 'Object Repository/Final Object Repo/New Registration - Registration Module Pages/New Reg - OTC to RO/Special Case - OTC - Form 1/Selected - Corporation' is clicked on

2018-12-20 16:31:19 - [TEST_STEP][PASSED] - delay: Delayed 2 second(s)

2018-12-20 16:31:21 - [MESSAGE][PASSED] - Delayed 2 second(s)

2018-12-20 16:31:21 - [TEST_STEP][PASSED] - click: Object: 'Object Repository/Final Object Repo/New Registration - Registration Module Pages/New Reg - OTC to RO/Special Case - OTC - Form 1/Sub Business Entity - Please Select' is clicked on

2018-12-20 16:31:21 - [MESSAGE][PASSED] - Object: 'Object Repository/Final Object Repo/New Registration - Registration Module Pages/New Reg - OTC to RO/Special Case - OTC - Form 1/Sub Business Entity - Please Select' is clicked on

2018-12-20 16:31:21 - [TEST_STEP][PASSED] - delay: Delayed 2 second(s)

2018-12-20 16:31:23 - [MESSAGE][PASSED] - Delayed 2 second(s)

2018-12-20 16:31:23 - [TEST_STEP][PASSED] - click: Object: 'Object Repository/Final Object Repo/New Registration - Registration Module Pages/New Reg - OTC to RO/Special Case - OTC - Form 1/Selected - Sendirian Berhad' is clicked on

2018-12-20 16:31:24 - [MESSAGE][PASSED] - Object: 'Object Repository/Final Object Repo/New Registration - Registration Module Pages/New Reg - OTC to RO/Special Case - OTC - Form 1/Selected - Sendirian Berhad' is clicked on

2018-12-20 16:31:24 - [TEST_STEP][PASSED] - setText: Text 'AUTOMATE001' is set on object 'Object Repository/Final Object Repo/New Registration - Registration Module Pages/New Reg - OTC to RO/Special Case - OTC - Form 1/Input BRN Number'

2018-12-20 16:31:24 - [MESSAGE][PASSED] - Text 'AUTOMATE001' is set on object 'Object Repository/Final Object Repo/New Registration - Registration Module Pages/New Reg - OTC to RO/Special Case - OTC - Form 1/Input BRN Number'

2018-12-20 16:31:24 - [TEST_STEP][PASSED] - delay: Delayed 2 second(s)

2018-12-20 16:31:26 - [MESSAGE][PASSED] - Delayed 2 second(s)

2018-12-20 16:31:26 - [TEST_STEP][PASSED] - click: Object: 'Object Repository/Final Object Repo/New Registration - Registration Module Pages/New Reg - OTC to RO/Special Case - OTC - Form 1/BRN Search' is clicked on

2018-12-20 16:31:26 - [MESSAGE][PASSED] - Object: 'Object Repository/Final Object Repo/New Registration - Registration Module Pages/New Reg - OTC to RO/Special Case - OTC - Form 1/BRN Search' is clicked on

2018-12-20 16:31:26 - [TEST_STEP][PASSED] - delay: Delayed 4 second(s)

2018-12-20 16:31:30 - [MESSAGE][PASSED] - Delayed 4 second(s)

2018-12-20 16:31:30 - [TEST_STEP][PASSED] - click: Object: 'Object Repository/Final Object Repo/New Registration - Registration Module Pages/New Reg - OTC to RO/Special Case - OTC - Form 1/Registered with SSM - After Feb 2017' is clicked on

2018-12-20 16:31:31 - [MESSAGE][PASSED] - Object: 'Object Repository/Final Object Repo/New Registration - Registration Module Pages/New Reg - OTC to RO/Special Case - OTC - Form 1/Registered with SSM - After Feb 2017' is clicked on

2018-12-20 16:31:31 - [TEST_STEP][PASSED] - delay: Delayed 2 second(s)

2018-12-20 16:31:33 - [MESSAGE][PASSED] - Delayed 2 second(s)

2018-12-20 16:31:33 - [TEST_STEP][PASSED] - click: Object: 'Object Repository/Final Object Repo/New Registration - Registration Module Pages/Form 1/Registered As a Branch - Yes' is clicked on

2018-12-20 16:31:33 - [MESSAGE][PASSED] - Object: 'Object Repository/Final Object Repo/New Registration - Registration Module Pages/Form 1/Registered As a Branch - Yes' is clicked on

2018-12-20 16:31:33 - [TEST_STEP][PASSED] - click: Object: 'Object Repository/Final Object Repo/New Registration - Registration Module Pages/New Reg - OTC to RO/Special Case - OTC - Form 1/Acknowledgement Ticked' is clicked on

2018-12-20 16:31:33 - [MESSAGE][PASSED] - Object: 'Object Repository/Final Object Repo/New Registration - Registration Module Pages/New Reg - OTC to RO/Special Case - OTC - Form 1/Acknowledgement Ticked' is clicked on

2018-12-20 16:31:33 - [TEST_STEP][PASSED] - setText: Text 'perkeso208507927551@gmail.com' is set on object 'Object Repository/Final Object Repo/New Registration - Registration Module Pages/Form 1/Email'

2018-12-20 16:31:34 - [MESSAGE][PASSED] - Text 'perkeso208507927551@gmail.com' is set on object 'Object Repository/Final Object Repo/New Registration - Registration Module Pages/Form 1/Email'

2018-12-20 16:31:34 - [TEST_STEP][PASSED] - click: Object: 'Object Repository/Final Object Repo/New Registration - Registration Module Pages/New Reg - OTC to RO/Special Case - OTC - Form 1/Submit Button' is clicked on

2018-12-20 16:31:34 - [MESSAGE][PASSED] - Object: 'Object Repository/Final Object Repo/New Registration - Registration Module Pages/New Reg - OTC to RO/Special Case - OTC - Form 1/Submit Button' is clicked on

2018-12-20 16:31:34 - [TEST_STEP][PASSED] - callTestCase: Call Test Case 'Test Cases/Final Aug 2018 - PKS Automation/Registration Module/New Registration/Form 2/Add 1 Eligible - Employer Account Use' successfully

2018-12-20 16:31:34 - [TEST_CASE][PASSED] - Test Cases/Final Aug 2018 - PKS Automation/Registration Module/New Registration/Form 2/Add 1 Eligible - Employer Account Use: Test Cases/Final Aug 2018 - PKS Automation/Registration Module/New Registration/Form 2/Add 1 Eligible - Employer Account Use

2018-12-20 16:31:34 - [TEST_STEP][PASSED] - delay: Delayed 2 second(s)

2018-12-20 16:31:36 - [MESSAGE][PASSED] - Delayed 2 second(s)

2018-12-20 16:31:36 - [TEST_STEP][PASSED] - callTestCase: Call Test Case 'Test Cases/Final Aug 2018 - PKS Automation/Registration Module/New Registration/Form 2/Date Updater' successfully

2018-12-20 16:31:36 - [TEST_CASE][PASSED] - Test Cases/Final Aug 2018 - PKS Automation/Registration Module/New Registration/Form 2/Date Updater: Test Cases/Final Aug 2018 - PKS Automation/Registration Module/New Registration/Form 2/Date Updater

2018-12-20 16:31:36 - [TEST_STEP][PASSED] - Statement - TodayDate = new java.util.Date(): null

2018-12-20 16:31:36 - [TEST_STEP][PASSED] - Statement - CurrentDateNoFilter = new java.text.SimpleDateFormat(): null

2018-12-20 16:31:36 - [TEST_STEP][PASSED] - Statement - CurrentDateNoFilter.applyPattern("MM"): null

2018-12-20 16:31:36 - [TEST_STEP][PASSED] - Statement - monthContainerMatcher = java.lang.Integer.parseInt(CurrentDateNoFilter.format(TodayDate)): null

2018-12-20 16:31:36 - [TEST_STEP][PASSED] - Statement - monthContainerMatcher = monthContainerMatcher - 1: null

2018-12-20 16:31:36 - [TEST_STEP][PASSED] - Statement - CurrentMonth = monthContainerMatcher.toString(): null

2018-12-20 16:31:36 - [TEST_STEP][PASSED] - Statement - CurrentMonth = CurrentMonth: null

2018-12-20 16:31:36 - [TEST_STEP][PASSED] - Statement - CurrentDateNoFilter.applyPattern("yyyy"): null

2018-12-20 16:31:36 - [TEST_STEP][PASSED] - Statement - CurrentYear = CurrentDateNoFilter.format(TodayDate): null

2018-12-20 16:31:36 - [TEST_STEP][PASSED] - Statement - CurrentYear = CurrentYear: null

2018-12-20 16:31:36 - [TEST_STEP][PASSED] - Statement - intCurrentYear = java.lang.Integer.parseInt(CurrentDateNoFilter.format(TodayDate)): null

2018-12-20 16:31:36 - [TEST_STEP][PASSED] - Statement - eighteenYrsAgo = intCurrentYear - 18: null

2018-12-20 16:31:36 - [TEST_STEP][PASSED] - Statement - eighteenYrsBeforeThisYr = eighteenYrsAgo.toString(): null

2018-12-20 16:31:36 - [TEST_STEP][PASSED] - Statement - EighteenYrsBefore = eighteenYrsBeforeThisYr: null

2018-12-20 16:31:36 - [TEST_STEP][PASSED] - Statement - fiftysevenYrsAgo = intCurrentYear - 57: null

2018-12-20 16:31:36 - [TEST_STEP][PASSED] - Statement - fiftysevenYrsBeforeThisYr = fiftysevenYrsAgo.toString(): null

2018-12-20 16:31:36 - [TEST_STEP][PASSED] - Statement - FiftysevenYrsBefore = fiftysevenYrsBeforeThisYr: null

2018-12-20 16:31:36 - [TEST_STEP][PASSED] - Statement - leapYear = false: null

2018-12-20 16:31:36 - [TEST_STEP][PASSED] - Statement - leapYear = intCurrentYear % 4 == 0: null

2018-12-20 16:31:36 - [TEST_STEP][PASSED] - Statement - CurrentDateNoFilter.applyPattern("dd"): null

2018-12-20 16:31:36 - [TEST_STEP][PASSED] - Statement - CurrentDate = CurrentDateNoFilter.format(TodayDate): null

2018-12-20 16:31:36 - [TEST_STEP][PASSED] - Statement - CurrentDate = java.lang.Integer.parseInt(CurrentDate): null

2018-12-20 16:31:36 - [TEST_STEP][PASSED] - Statement - CurrentDate = CurrentDate: null

2018-12-20 16:31:36 - [TEST_STEP][PASSED] - Statement - CurrentDay = java.lang.Integer.parseInt(CurrentDate): null

2018-12-20 16:31:36 - [TEST_STEP][PASSED] - Statement - ConfAdder = <not implemented yet for class: org.codehaus.groovy.ast.expr.EmptyExpression>: null

2018-12-20 16:31:36 - [TEST_STEP][PASSED] - Statement - out.println(CurrentMonth): null

2018-12-20 16:31:36 - [TEST_STEP][PASSED] - Statement - out.println(CurrentDate): null

2018-12-20 16:31:36 - [TEST_STEP][PASSED] - Statement - switch (CurrentDate): null

2018-12-20 16:31:36 - [TEST_STEP][PASSED] - Statement - Default: null

2018-12-20 16:31:36 - [TEST_STEP][PASSED] - Statement - ConfAdder = true: null

2018-12-20 16:31:36 - [TEST_STEP][PASSED] - Statement - Break: null

2018-12-20 16:31:36 - [TEST_STEP][PASSED] - Statement - aDayBefore = <not implemented yet for class: org.codehaus.groovy.ast.expr.EmptyExpression>: null

2018-12-20 16:31:36 - [TEST_STEP][PASSED] - Statement - out.println(ConfAdder): null

2018-12-20 16:31:36 - [TEST_STEP][PASSED] - Statement - If (ConfAdder == true): null

2018-12-20 16:31:36 - [TEST_STEP][PASSED] - Statement - aDayBefore = CurrentDay + 1: null

2018-12-20 16:31:36 - [TEST_STEP][PASSED] - Statement - out.println(aDayBefore): null

2018-12-20 16:31:36 - [TEST_STEP][PASSED] - Statement - If (aDayBefore == 1 && CurrentMonth == 11): null

2018-12-20 16:31:36 - [TEST_STEP][PASSED] - Statement - DayBefore = aDayBefore.toString(): null

2018-12-20 16:31:36 - [TEST_STEP][PASSED] - Statement - OneDayBefore = DayBefore: null

2018-12-20 16:31:36 - [MESSAGE][PASSED] - Call Test Case 'Test Cases/Final Aug 2018 - PKS Automation/Registration Module/New Registration/Form 2/Date Updater' successfully

2018-12-20 16:31:37 - [TEST_STEP][PASSED] - delay: Delayed 1 second(s)

2018-12-20 16:31:38 - [MESSAGE][PASSED] - Delayed 1 second(s)

2018-12-20 16:31:38 - [TEST_STEP][PASSED] - Statement - CaseReferenceNo = com.kms.katalon.core.webui.keyword.WebUiBuiltInKeywords.getText(com.kms.katalon.core.testobject.ObjectRepository.findTestObject(Final Object Repo/New Registration - Registration Module Pages/Form 2/RefNo Acquiring)): Text of object 'Object Repository/Final Object Repo/New Registration - Registration Module Pages/Form 2/RefNo Acquiring' is: 'CRN12201800123410'

2018-12-20 16:31:38 - [MESSAGE][PASSED] - Text of object 'Object Repository/Final Object Repo/New Registration - Registration Module Pages/Form 2/RefNo Acquiring' is: 'CRN12201800123410'

2018-12-20 16:31:38 - [TEST_STEP][PASSED] - delay: Delayed 1 second(s)

2018-12-20 16:31:39 - [MESSAGE][PASSED] - Delayed 1 second(s)

2018-12-20 16:31:39 - [TEST_STEP][PASSED] - click: Object: 'Object Repository/Final Object Repo/New Registration - Registration Module Pages/Form 2/Add Employee Button' is clicked on

2018-12-20 16:31:39 - [MESSAGE][PASSED] - Object: 'Object Repository/Final Object Repo/New Registration - Registration Module Pages/Form 2/Add Employee Button' is clicked on

2018-12-20 16:31:39 - [TEST_STEP][PASSED] - delay: Delayed 1 second(s)

2018-12-20 16:31:40 - [MESSAGE][PASSED] - Delayed 1 second(s)

2018-12-20 16:31:40 - [TEST_STEP][PASSED] - setText: Text '010903091948' is set on object 'Object Repository/Final Object Repo/New Registration - Registration Module Pages/Form 2/NRIC Input'

2018-12-20 16:31:40 - [MESSAGE][PASSED] - Text '010903091948' is set on object 'Object Repository/Final Object Repo/New Registration - Registration Module Pages/Form 2/NRIC Input'

2018-12-20 16:31:40 - [TEST_STEP][PASSED] - delay: Delayed 2 second(s)

2018-12-20 16:31:42 - [MESSAGE][PASSED] - Delayed 2 second(s)

2018-12-20 16:31:42 - [TEST_STEP][PASSED] - setText: Text 'Automate001 eligible 1' is set on object 'Object Repository/Final Object Repo/New Registration - Registration Module Pages/Form 2/Employee Name Input'

2018-12-20 16:31:43 - [MESSAGE][PASSED] - Text 'Automate001 eligible 1' is set on object 'Object Repository/Final Object Repo/New Registration - Registration Module Pages/Form 2/Employee Name Input'

2018-12-20 16:31:43 - [TEST_STEP][PASSED] - delay: Delayed 2 second(s)

2018-12-20 16:31:45 - [MESSAGE][PASSED] - Delayed 2 second(s)

2018-12-20 16:31:45 - [TEST_STEP][PASSED] - click: Object: 'Object Repository/Final Object Repo/New Registration - Registration Module Pages/Form 2/DatePicker Pop Up' is clicked on

2018-12-20 16:31:45 - [MESSAGE][PASSED] - Object: 'Object Repository/Final Object Repo/New Registration - Registration Module Pages/Form 2/DatePicker Pop Up' is clicked on

2018-12-20 16:31:45 - [TEST_STEP][PASSED] - click: Object: 'Object Repository/Final Object Repo/New Registration - Registration Module Pages/Form 2/DOB Month' is clicked on

2018-12-20 16:31:45 - [MESSAGE][PASSED] - Object: 'Object Repository/Final Object Repo/New Registration - Registration Module Pages/Form 2/DOB Month' is clicked on

2018-12-20 16:31:45 - [TEST_STEP][PASSED] - Statement - CurrentMonth = CurrentMonth: null

2018-12-20 16:31:45 - [TEST_STEP][PASSED] - Statement - selectMonth = new com.kms.katalon.core.testobject.TestObject(): null

2018-12-20 16:31:45 - [TEST_STEP][PASSED] - Statement - selectMonth.addProperty("xpath", EQUALS, "//body/div/div/div/select/option[@value='" + CurrentMonth + "']", true): null

2018-12-20 16:31:45 - [TEST_STEP][PASSED] - click: Object: '' is clicked on

2018-12-20 16:31:45 - [MESSAGE][PASSED] - Object: '' is clicked on

2018-12-20 16:31:45 - [TEST_STEP][PASSED] - click: Object: 'Object Repository/Final Object Repo/New Registration - Registration Module Pages/Form 2/DOB Year' is clicked on

2018-12-20 16:31:46 - [MESSAGE][PASSED] - Object: 'Object Repository/Final Object Repo/New Registration - Registration Module Pages/Form 2/DOB Year' is clicked on

2018-12-20 16:31:46 - [TEST_STEP][PASSED] - Statement - Eyearsbf = EighteenYrsBefore: null

2018-12-20 16:31:46 - [TEST_STEP][PASSED] - Statement - selectYear = new com.kms.katalon.core.testobject.TestObject(): null

2018-12-20 16:31:46 - [TEST_STEP][PASSED] - Statement - selectYear.addProperty("xpath", EQUALS, "//div/div/div/select/option[@value='" + Eyearsbf + "']", true): null

2018-12-20 16:31:46 - [TEST_STEP][PASSED] - click: Object: '' is clicked on

2018-12-20 16:31:46 - [MESSAGE][PASSED] - Object: '' is clicked on

2018-12-20 16:31:46 - [TEST_STEP][PASSED] - Statement - UpdatedSelectDate = com.kms.katalon.core.webui.keyword.WebUiBuiltInKeywords.modifyObjectProperty(com.kms.katalon.core.testobject.ObjectRepository.findTestObject(Final Object Repo/New Registration - Registration Module Pages/Form 2/DOB Date), "xpath", "equals", "//body/div/table/tbody/tr/td/a[text()="" + CurrentDate + ""]", true): Modify property of object successfully

2018-12-20 16:31:46 - [MESSAGE][PASSED] - Modify property of object successfully

2018-12-20 16:31:46 - [TEST_STEP][PASSED] - delay: Delayed 3 second(s)

2018-12-20 16:31:49 - [MESSAGE][PASSED] - Delayed 3 second(s)

2018-12-20 16:31:49 - [TEST_STEP][PASSED] - click: Object: 'Object Repository/Final Object Repo/New Registration - Registration Module Pages/Form 2/DOB Date' is clicked on

2018-12-20 16:31:49 - [MESSAGE][PASSED] - Object: 'Object Repository/Final Object Repo/New Registration - Registration Module Pages/Form 2/DOB Date' is clicked on

2018-12-20 16:31:49 - [TEST_STEP][PASSED] - delay: Delayed 2 second(s)

2018-12-20 16:31:51 - [MESSAGE][PASSED] - Delayed 2 second(s)

2018-12-20 16:31:51 - [TEST_STEP][PASSED] - click: Object: 'Object Repository/Final Object Repo/New Registration - Registration Module Pages/Form 2/EmploymentStartDate Pop Up' is clicked on

2018-12-20 16:31:51 - [MESSAGE][PASSED] - Object: 'Object Repository/Final Object Repo/New Registration - Registration Module Pages/Form 2/EmploymentStartDate Pop Up' is clicked on

2018-12-20 16:31:51 - [TEST_STEP][PASSED] - delay: Delayed 2 second(s)

2018-12-20 16:31:53 - [MESSAGE][PASSED] - Delayed 2 second(s)

2018-12-20 16:31:53 - [TEST_STEP][PASSED] - click: Object: 'Object Repository/Final Object Repo/New Registration - Registration Module Pages/Form 2/Socso Employment StartDate Month' is clicked on

2018-12-20 16:31:53 - [MESSAGE][PASSED] - Object: 'Object Repository/Final Object Repo/New Registration - Registration Module Pages/Form 2/Socso Employment StartDate Month' is clicked on

2018-12-20 16:31:53 - [TEST_STEP][PASSED] - delay: Delayed 1 second(s)

2018-12-20 16:31:54 - [MESSAGE][PASSED] - Delayed 1 second(s)

2018-12-20 16:31:54 - [TEST_STEP][PASSED] - click: Object: 'Object Repository/Final Object Repo/New Registration - Registration Module Pages/Form 2/Select Socso Employement Startdate Month' is clicked on

2018-12-20 16:31:54 - [MESSAGE][PASSED] - Object: 'Object Repository/Final Object Repo/New Registration - Registration Module Pages/Form 2/Select Socso Employement Startdate Month' is clicked on

2018-12-20 16:31:54 - [TEST_STEP][PASSED] - delay: Delayed 2 second(s)

2018-12-20 16:31:56 - [MESSAGE][PASSED] - Delayed 2 second(s)

2018-12-20 16:31:56 - [TEST_STEP][PASSED] - click: Object: 'Object Repository/Final Object Repo/New Registration - Registration Module Pages/Form 2/Socso Employment StartDate Year' is clicked on

2018-12-20 16:31:57 - [MESSAGE][PASSED] - Object: 'Object Repository/Final Object Repo/New Registration - Registration Module Pages/Form 2/Socso Employment StartDate Year' is clicked on

2018-12-20 16:31:57 - [TEST_STEP][PASSED] - delay: Delayed 1 second(s)

2018-12-20 16:31:58 - [MESSAGE][PASSED] - Delayed 1 second(s)

2018-12-20 16:31:58 - [TEST_STEP][PASSED] - click: Object: 'Object Repository/Final Object Repo/New Registration - Registration Module Pages/Form 2/Select Socso Employment Startdate Year' is clicked on

2018-12-20 16:31:58 - [MESSAGE][PASSED] - Object: 'Object Repository/Final Object Repo/New Registration - Registration Module Pages/Form 2/Select Socso Employment Startdate Year' is clicked on

2018-12-20 16:31:58 - [TEST_STEP][PASSED] - delay: Delayed 2 second(s)

2018-12-20 16:32:00 - [MESSAGE][PASSED] - Delayed 2 second(s)

2018-12-20 16:32:00 - [TEST_STEP][PASSED] - click: Object: 'Object Repository/Final Object Repo/New Registration - Registration Module Pages/Form 2/Socso Employment Start Date Day' is clicked on

2018-12-20 16:32:00 - [MESSAGE][PASSED] - Object: 'Object Repository/Final Object Repo/New Registration - Registration Module Pages/Form 2/Socso Employment Start Date Day' is clicked on

2018-12-20 16:32:00 - [TEST_STEP][PASSED] - delay: Delayed 2 second(s)

2018-12-20 16:32:02 - [MESSAGE][PASSED] - Delayed 2 second(s)

2018-12-20 16:32:02 - [TEST_STEP][PASSED] - click: Object: 'Object Repository/Final Object Repo/New Registration - Registration Module Pages/Form 2/Save Button for Add Employee' is clicked on

2018-12-20 16:32:02 - [MESSAGE][PASSED] - Object: 'Object Repository/Final Object Repo/New Registration - Registration Module Pages/Form 2/Save Button for Add Employee' is clicked on

2018-12-20 16:32:02 - [TEST_STEP][PASSED] - delay: Delayed 6 second(s)

2018-12-20 16:32:08 - [MESSAGE][PASSED] - Delayed 6 second(s)

2018-12-20 16:32:08 - [TEST_STEP][PASSED] - click: Object: 'Object Repository/Final Object Repo/New Registration - Registration Module Pages/Form 2/Save and Continue Form 2' is clicked on

2018-12-20 16:32:08 - [MESSAGE][PASSED] - Object: 'Object Repository/Final Object Repo/New Registration - Registration Module Pages/Form 2/Save and Continue Form 2' is clicked on

2018-12-20 16:32:08 - [MESSAGE][PASSED] - Call Test Case 'Test Cases/Final Aug 2018 - PKS Automation/Registration Module/New Registration/Form 2/Add 1 Eligible - Employer Account Use' successfully

2018-12-20 16:32:08 - [TEST_STEP][PASSED] - callTestCase: Call Test Case 'Test Cases/Final Aug 2018 - PKS Automation/Registration Module/New Registration/Flow of New Registration/Third Screen - Upload Supporting Doc - Preview' successfully

2018-12-20 16:32:08 - [TEST_CASE][PASSED] - Test Cases/Final Aug 2018 - PKS Automation/Registration Module/New Registration/Flow of New Registration/Third Screen - Upload Supporting Doc - Preview: Test Cases/Final Aug 2018 - PKS Automation/Registration Module/New Registration/Flow of New Registration/Third Screen - Upload Supporting Doc - Preview

2018-12-20 16:32:08 - [TEST_STEP][PASSED] - waitForPageLoad: Wait for page load successfully

2018-12-20 16:32:09 - [MESSAGE][PASSED] - Wait for page load successfully

2018-12-20 16:32:09 - [TEST_STEP][PASSED] - Statement - CaseReferenceNo = com.kms.katalon.core.webui.keyword.WebUiBuiltInKeywords.getText(com.kms.katalon.core.testobject.ObjectRepository.findTestObject(Final Object Repo/New Registration - Registration Module Pages/Third Screen - Upload Supporting Doc- Preview/RefNo Acquiring)): Text of object 'Object Repository/Final Object Repo/New Registration - Registration Module Pages/Third Screen - Upload Supporting Doc- Preview/RefNo Acquiring' is: 'CRN12201800123410'

2018-12-20 16:32:09 - [MESSAGE][PASSED] - Text of object 'Object Repository/Final Object Repo/New Registration - Registration Module Pages/Third Screen - Upload Supporting Doc- Preview/RefNo Acquiring' is: 'CRN12201800123410'

2018-12-20 16:32:09 - [TEST_STEP][PASSED] - delay: Delayed 2 second(s)

2018-12-20 16:32:11 - [MESSAGE][PASSED] - Delayed 2 second(s)

2018-12-20 16:32:11 - [TEST_STEP][PASSED] - callTestCase: Call Test Case 'Test Cases/Final Aug 2018 - PKS Automation/Common/Reference Number Setter' successfully

2018-12-20 16:32:11 - [TEST_CASE][PASSED] - Test Cases/Final Aug 2018 - PKS Automation/Common/Reference Number Setter: Test Cases/Final Aug 2018 - PKS Automation/Common/Reference Number Setter

2018-12-20 16:32:11 - [TEST_STEP][PASSED] - Statement - RefNoOldFile = new java.io.File(C://Users//Admin//Desktop//PKS//Automation Reference Point//KatalonReference.txt): null

2018-12-20 16:32:11 - [TEST_STEP][PASSED] - Statement - RefNoOldFile.delete(): null

2018-12-20 16:32:11 - [TEST_STEP][PASSED] - delay: Delayed 5 second(s)

2018-12-20 16:32:16 - [MESSAGE][PASSED] - Delayed 5 second(s)

2018-12-20 16:32:16 - [TEST_STEP][PASSED] - Statement - RefNo = new java.io.File(C://Users//Admin//Desktop//PKS//Automation Reference Point//KatalonReference.txt): null

2018-12-20 16:32:16 - [TEST_STEP][PASSED] - Statement - f2 = new java.io.FileWriter(RefNo, false): null

2018-12-20 16:32:16 - [TEST_STEP][PASSED] - Statement - f2.write(CaseReferenceNo): null

2018-12-20 16:32:16 - [TEST_STEP][PASSED] - Statement - f2.close(): null

2018-12-20 16:32:16 - [TEST_STEP][PASSED] - Statement - out.println("


" + CaseReferenceNo + "


"): null

2018-12-20 16:32:16 - [MESSAGE][PASSED] - Call Test Case 'Test Cases/Final Aug 2018 - PKS Automation/Common/Reference Number Setter' successfully

2018-12-20 16:32:16 - [TEST_STEP][PASSED] - waitForElementClickable: Object 'Object Repository/Final Object Repo/New Registration - Registration Module Pages/Third Screen - Upload Supporting Doc- Preview/Save n Continue in SIP Employee Listing Page' is clickable

2018-12-20 16:32:16 - [MESSAGE][PASSED] - Object 'Object Repository/Final Object Repo/New Registration - Registration Module Pages/Third Screen - Upload Supporting Doc- Preview/Save n Continue in SIP Employee Listing Page' is clickable

2018-12-20 16:32:16 - [TEST_STEP][PASSED] - click: Object: 'Object Repository/Final Object Repo/New Registration - Registration Module Pages/Third Screen - Upload Supporting Doc- Preview/Save n Continue in SIP Employee Listing Page' is clicked on

2018-12-20 16:32:22 - [MESSAGE][PASSED] - Object: 'Object Repository/Final Object Repo/New Registration - Registration Module Pages/Third Screen - Upload Supporting Doc- Preview/Save n Continue in SIP Employee Listing Page' is clicked on

2018-12-20 16:32:22 - [TEST_STEP][PASSED] - delay: Delayed 7 second(s)

2018-12-20 16:32:29 - [MESSAGE][PASSED] - Delayed 7 second(s)

2018-12-20 16:32:29 - [TEST_STEP][PASSED] - click: Object: 'Object Repository/Final Object Repo/New Registration - Registration Module Pages/Third Screen - Upload Supporting Doc- Preview/Add Document Button' is clicked on

2018-12-20 16:32:29 - [MESSAGE][PASSED] - Object: 'Object Repository/Final Object Repo/New Registration - Registration Module Pages/Third Screen - Upload Supporting Doc- Preview/Add Document Button' is clicked on

2018-12-20 16:32:29 - [TEST_STEP][PASSED] - delay: Delayed 30 second(s)

2018-12-20 16:32:59 - [MESSAGE][PASSED] - Delayed 30 second(s)

2018-12-20 16:32:59 - [TEST_STEP][PASSED] - click: Object: 'Object Repository/Final Object Repo/New Registration - Registration Module Pages/Third Screen - Upload Supporting Doc- Preview/Supporting Doc Please Select Drop Down' is clicked on

2018-12-20 16:32:59 - [MESSAGE][PASSED] - Object: 'Object Repository/Final Object Repo/New Registration - Registration Module Pages/Third Screen - Upload Supporting Doc- Preview/Supporting Doc Please Select Drop Down' is clicked on

2018-12-20 16:32:59 - [TEST_STEP][PASSED] - delay: Delayed 2 second(s)

2018-12-20 16:33:01 - [MESSAGE][PASSED] - Delayed 2 second(s)

2018-12-20 16:33:01 - [TEST_STEP][PASSED] - click: Object: 'Object Repository/Final Object Repo/New Registration - Registration Module Pages/Third Screen - Upload Supporting Doc- Preview/Select to Upload Form 1' is clicked on

2018-12-20 16:33:01 - [MESSAGE][PASSED] - Object: 'Object Repository/Final Object Repo/New Registration - Registration Module Pages/Third Screen - Upload Supporting Doc- Preview/Select to Upload Form 1' is clicked on

2018-12-20 16:33:01 - [TEST_STEP][PASSED] - delay: Delayed 2 second(s)

2018-12-20 16:33:03 - [MESSAGE][PASSED] - Delayed 2 second(s)

2018-12-20 16:33:03 - [TEST_STEP][PASSED] - uploadFile: File 'C:\Users\Public\Pictures\Sample Pictures\Koala.jpg' sent to object: 'Object Repository/Final Object Repo/New Registration - Registration Module Pages/Third Screen - Upload Supporting Doc- Preview/Upload File Adding'

2018-12-20 16:33:03 - [MESSAGE][PASSED] - File 'C:\Users\Public\Pictures\Sample Pictures\Koala.jpg' sent to object: 'Object Repository/Final Object Repo/New Registration - Registration Module Pages/Third Screen - Upload Supporting Doc- Preview/Upload File Adding'

2018-12-20 16:33:03 - [TEST_STEP][PASSED] - delay: Delayed 5 second(s)

2018-12-20 16:33:08 - [MESSAGE][PASSED] - Delayed 5 second(s)

2018-12-20 16:33:08 - [TEST_STEP][PASSED] - click: Object: 'Object Repository/Final Object Repo/New Registration - Registration Module Pages/Third Screen - Upload Supporting Doc- Preview/Inner Form Add Document Button' is clicked on

2018-12-20 16:33:09 - [MESSAGE][PASSED] - Object: 'Object Repository/Final Object Repo/New Registration - Registration Module Pages/Third Screen - Upload Supporting Doc- Preview/Inner Form Add Document Button' is clicked on

2018-12-20 16:33:09 - [TEST_STEP][PASSED] - delay: Delayed 3 second(s)

2018-12-20 16:33:12 - [MESSAGE][PASSED] - Delayed 3 second(s)

2018-12-20 16:33:12 - [TEST_STEP][PASSED] - click: Object: 'Object Repository/Final Object Repo/New Registration - Registration Module Pages/Third Screen - Upload Supporting Doc- Preview/Add Document Button' is clicked on

2018-12-20 16:33:13 - [MESSAGE][PASSED] - Object: 'Object Repository/Final Object Repo/New Registration - Registration Module Pages/Third Screen - Upload Supporting Doc- Preview/Add Document Button' is clicked on

2018-12-20 16:33:13 - [TEST_STEP][PASSED] - delay: Delayed 30 second(s)

2018-12-20 16:33:43 - [MESSAGE][PASSED] - Delayed 30 second(s)

2018-12-20 16:33:43 - [TEST_STEP][PASSED] - click: Object: 'Object Repository/Final Object Repo/New Registration - Registration Module Pages/Third Screen - Upload Supporting Doc- Preview/Supporting Doc Please Select Drop Down' is clicked on

2018-12-20 16:33:43 - [MESSAGE][PASSED] - Object: 'Object Repository/Final Object Repo/New Registration - Registration Module Pages/Third Screen - Upload Supporting Doc- Preview/Supporting Doc Please Select Drop Down' is clicked on

2018-12-20 16:33:43 - [TEST_STEP][PASSED] - delay: Delayed 4 second(s)

2018-12-20 16:33:47 - [MESSAGE][PASSED] - Delayed 4 second(s)

2018-12-20 16:33:47 - [TEST_STEP][PASSED] - click: Object: 'Object Repository/Final Object Repo/New Registration - Registration Module Pages/Third Screen - Upload Supporting Doc- Preview/Select to Upload Form 2' is clicked on

2018-12-20 16:33:48 - [MESSAGE][PASSED] - Object: 'Object Repository/Final Object Repo/New Registration - Registration Module Pages/Third Screen - Upload Supporting Doc- Preview/Select to Upload Form 2' is clicked on

2018-12-20 16:33:48 - [TEST_STEP][PASSED] - delay: Delayed 2 second(s)

2018-12-20 16:33:50 - [MESSAGE][PASSED] - Delayed 2 second(s)

2018-12-20 16:33:50 - [TEST_STEP][PASSED] - uploadFile: File 'C:\Users\Public\Pictures\Sample Pictures\Koala.jpg' sent to object: 'Object Repository/Final Object Repo/New Registration - Registration Module Pages/Third Screen - Upload Supporting Doc- Preview/Upload File Adding'

2018-12-20 16:33:50 - [MESSAGE][PASSED] - File 'C:\Users\Public\Pictures\Sample Pictures\Koala.jpg' sent to object: 'Object Repository/Final Object Repo/New Registration - Registration Module Pages/Third Screen - Upload Supporting Doc- Preview/Upload File Adding'

2018-12-20 16:33:50 - [TEST_STEP][PASSED] - click: Object: 'Object Repository/Final Object Repo/New Registration - Registration Module Pages/Third Screen - Upload Supporting Doc- Preview/Inner Form Add Document Button' is clicked on

2018-12-20 16:33:50 - [MESSAGE][PASSED] - Object: 'Object Repository/Final Object Repo/New Registration - Registration Module Pages/Third Screen - Upload Supporting Doc- Preview/Inner Form Add Document Button' is clicked on

2018-12-20 16:33:50 - [TEST_STEP][PASSED] - delay: Delayed 5 second(s)

2018-12-20 16:33:55 - [MESSAGE][PASSED] - Delayed 5 second(s)

2018-12-20 16:33:55 - [TEST_STEP][PASSED] - click: Object: 'Object Repository/Final Object Repo/New Registration - Registration Module Pages/Third Screen - Upload Supporting Doc- Preview/Add Document Button' is clicked on

2018-12-20 16:33:55 - [MESSAGE][PASSED] - Object: 'Object Repository/Final Object Repo/New Registration - Registration Module Pages/Third Screen - Upload Supporting Doc- Preview/Add Document Button' is clicked on

2018-12-20 16:33:55 - [TEST_STEP][PASSED] - delay: Delayed 30 second(s)

2018-12-20 16:34:25 - [MESSAGE][PASSED] - Delayed 30 second(s)

2018-12-20 16:34:25 - [TEST_STEP][PASSED] - click: Object: 'Object Repository/Final Object Repo/New Registration - Registration Module Pages/Third Screen - Upload Supporting Doc- Preview/Supporting Doc Please Select Drop Down' is clicked on

2018-12-20 16:34:25 - [MESSAGE][PASSED] - Object: 'Object Repository/Final Object Repo/New Registration - Registration Module Pages/Third Screen - Upload Supporting Doc- Preview/Supporting Doc Please Select Drop Down' is clicked on

2018-12-20 16:34:25 - [TEST_STEP][PASSED] - click: Object: 'Object Repository/Final Object Repo/New Registration - Registration Module Pages/Third Screen - Upload Supporting Doc- Preview/Select to Upload Borang SIP 1' is clicked on

2018-12-20 16:34:26 - [MESSAGE][PASSED] - Object: 'Object Repository/Final Object Repo/New Registration - Registration Module Pages/Third Screen - Upload Supporting Doc- Preview/Select to Upload Borang SIP 1' is clicked on

2018-12-20 16:34:26 - [TEST_STEP][PASSED] - delay: Delayed 2 second(s)

2018-12-20 16:34:28 - [MESSAGE][PASSED] - Delayed 2 second(s)

2018-12-20 16:34:28 - [TEST_STEP][PASSED] - uploadFile: File 'C:\Users\Public\Pictures\Sample Pictures\Koala.jpg' sent to object: 'Object Repository/Final Object Repo/New Registration - Registration Module Pages/Third Screen - Upload Supporting Doc- Preview/Upload File Adding'

2018-12-20 16:34:28 - [MESSAGE][PASSED] - File 'C:\Users\Public\Pictures\Sample Pictures\Koala.jpg' sent to object: 'Object Repository/Final Object Repo/New Registration - Registration Module Pages/Third Screen - Upload Supporting Doc- Preview/Upload File Adding'

2018-12-20 16:34:28 - [TEST_STEP][PASSED] - click: Object: 'Object Repository/Final Object Repo/New Registration - Registration Module Pages/Third Screen - Upload Supporting Doc- Preview/Inner Form Add Document Button' is clicked on

2018-12-20 16:34:28 - [MESSAGE][PASSED] - Object: 'Object Repository/Final Object Repo/New Registration - Registration Module Pages/Third Screen - Upload Supporting Doc- Preview/Inner Form Add Document Button' is clicked on

2018-12-20 16:34:28 - [TEST_STEP][PASSED] - delay: Delayed 5 second(s)

2018-12-20 16:34:33 - [MESSAGE][PASSED] - Delayed 5 second(s)

2018-12-20 16:34:33 - [TEST_STEP][PASSED] - click: Object: 'Object Repository/Final Object Repo/New Registration - Registration Module Pages/Third Screen - Upload Supporting Doc- Preview/Add Document Button' is clicked on

2018-12-20 16:34:33 - [MESSAGE][PASSED] - Object: 'Object Repository/Final Object Repo/New Registration - Registration Module Pages/Third Screen - Upload Supporting Doc- Preview/Add Document Button' is clicked on

2018-12-20 16:34:33 - [TEST_STEP][PASSED] - delay: Delayed 30 second(s)

2018-12-20 16:35:03 - [MESSAGE][PASSED] - Delayed 30 second(s)

2018-12-20 16:35:03 - [TEST_STEP][PASSED] - click: Object: 'Object Repository/Final Object Repo/New Registration - Registration Module Pages/Third Screen - Upload Supporting Doc- Preview/Supporting Doc Please Select Drop Down' is clicked on

2018-12-20 16:35:03 - [MESSAGE][PASSED] - Object: 'Object Repository/Final Object Repo/New Registration - Registration Module Pages/Third Screen - Upload Supporting Doc- Preview/Supporting Doc Please Select Drop Down' is clicked on

2018-12-20 16:35:03 - [TEST_STEP][PASSED] - delay: Delayed 3 second(s)

2018-12-20 16:35:06 - [MESSAGE][PASSED] - Delayed 3 second(s)

2018-12-20 16:35:06 - [TEST_STEP][PASSED] - click: Object: 'Object Repository/Final Object Repo/New Registration - Registration Module Pages/Third Screen - Upload Supporting Doc- Preview/Select to Upload Borang SIP 2' is clicked on

2018-12-20 16:35:06 - [MESSAGE][PASSED] - Object: 'Object Repository/Final Object Repo/New Registration - Registration Module Pages/Third Screen - Upload Supporting Doc- Preview/Select to Upload Borang SIP 2' is clicked on

2018-12-20 16:35:06 - [TEST_STEP][PASSED] - delay: Delayed 2 second(s)

2018-12-20 16:35:08 - [MESSAGE][PASSED] - Delayed 2 second(s)

2018-12-20 16:35:08 - [TEST_STEP][PASSED] - uploadFile: File 'C:\Users\Public\Pictures\Sample Pictures\Koala.jpg' sent to object: 'Object Repository/Final Object Repo/New Registration - Registration Module Pages/Third Screen - Upload Supporting Doc- Preview/Upload File Adding'

2018-12-20 16:35:09 - [MESSAGE][PASSED] - File 'C:\Users\Public\Pictures\Sample Pictures\Koala.jpg' sent to object: 'Object Repository/Final Object Repo/New Registration - Registration Module Pages/Third Screen - Upload Supporting Doc- Preview/Upload File Adding'

2018-12-20 16:35:09 - [TEST_STEP][PASSED] - delay: Delayed 5 second(s)

2018-12-20 16:35:14 - [MESSAGE][PASSED] - Delayed 5 second(s)

2018-12-20 16:35:14 - [TEST_STEP][PASSED] - click: Object: 'Object Repository/Final Object Repo/New Registration - Registration Module Pages/Third Screen - Upload Supporting Doc- Preview/Inner Form Add Document Button' is clicked on

2018-12-20 16:35:14 - [MESSAGE][PASSED] - Object: 'Object Repository/Final Object Repo/New Registration - Registration Module Pages/Third Screen - Upload Supporting Doc- Preview/Inner Form Add Document Button' is clicked on

2018-12-20 16:35:14 - [TEST_STEP][PASSED] - delay: Delayed 3 second(s)

2018-12-20 16:35:17 - [MESSAGE][PASSED] - Delayed 3 second(s)

2018-12-20 16:35:17 - [TEST_STEP][PASSED] - waitForElementClickable: Object 'Object Repository/Final Object Repo/New Registration - Registration Module Pages/Third Screen - Upload Supporting Doc- Preview/Save n Continue in Uploading Supporting Doc Page' is clickable

2018-12-20 16:35:18 - [MESSAGE][PASSED] - Object 'Object Repository/Final Object Repo/New Registration - Registration Module Pages/Third Screen - Upload Supporting Doc- Preview/Save n Continue in Uploading Supporting Doc Page' is clickable

2018-12-20 16:35:18 - [TEST_STEP][PASSED] - click: Object: 'Object Repository/Final Object Repo/New Registration - Registration Module Pages/Third Screen - Upload Supporting Doc- Preview/Save n Continue in Uploading Supporting Doc Page' is clicked on

2018-12-20 16:35:18 - [MESSAGE][PASSED] - Object: 'Object Repository/Final Object Repo/New Registration - Registration Module Pages/Third Screen - Upload Supporting Doc- Preview/Save n Continue in Uploading Supporting Doc Page' is clicked on

2018-12-20 16:35:18 - [MESSAGE][PASSED] - Call Test Case 'Test Cases/Final Aug 2018 - PKS Automation/Registration Module/New Registration/Flow of New Registration/Third Screen - Upload Supporting Doc - Preview' successfully

2018-12-20 16:35:18 - [TEST_STEP][PASSED] - setText: Text 'Tester' is set on object 'Object Repository/Final Object Repo/New Registration - Registration Module Pages/New Reg - OTC to RO/Special Case - All Related Objects/Employer Preview Name'

2018-12-20 16:35:22 - [MESSAGE][PASSED] - Text 'Tester' is set on object 'Object Repository/Final Object Repo/New Registration - Registration Module Pages/New Reg - OTC to RO/Special Case - All Related Objects/Employer Preview Name'

2018-12-20 16:35:22 - [TEST_STEP][PASSED] - click: Object: 'Object Repository/Final Object Repo/New Registration - Registration Module Pages/New Reg - OTC to RO/Special Case - All Related Objects/IC Type Drop Down' is clicked on

2018-12-20 16:35:23 - [MESSAGE][PASSED] - Object: 'Object Repository/Final Object Repo/New Registration - Registration Module Pages/New Reg - OTC to RO/Special Case - All Related Objects/IC Type Drop Down' is clicked on

2018-12-20 16:35:23 - [TEST_STEP][PASSED] - click: Object: 'Object Repository/Final Object Repo/New Registration - Registration Module Pages/New Reg - OTC to RO/Special Case - All Related Objects/Select to NRIC' is clicked on

2018-12-20 16:35:23 - [MESSAGE][PASSED] - Object: 'Object Repository/Final Object Repo/New Registration - Registration Module Pages/New Reg - OTC to RO/Special Case - All Related Objects/Select to NRIC' is clicked on

2018-12-20 16:35:23 - [TEST_STEP][PASSED] - setText: Text '133245561223' is set on object 'Object Repository/Final Object Repo/New Registration - Registration Module Pages/New Reg - OTC to RO/Special Case - All Related Objects/IC Value'

2018-12-20 16:35:23 - [MESSAGE][PASSED] - Text '133245561223' is set on object 'Object Repository/Final Object Repo/New Registration - Registration Module Pages/New Reg - OTC to RO/Special Case - All Related Objects/IC Value'

2018-12-20 16:35:23 - [TEST_STEP][PASSED] - setText: Text 'Auto' is set on object 'Object Repository/Final Object Repo/New Registration - Registration Module Pages/New Reg - OTC to RO/Special Case - All Related Objects/Designation'

2018-12-20 16:35:23 - [MESSAGE][PASSED] - Text 'Auto' is set on object 'Object Repository/Final Object Repo/New Registration - Registration Module Pages/New Reg - OTC to RO/Special Case - All Related Objects/Designation'

2018-12-20 16:35:23 - [TEST_STEP][PASSED] - callTestCase: Call Test Case 'Test Cases/Final Aug 2018 - PKS Automation/Registration Module/New Registration/Submit and Screenshot/Submit Registration and Screenshot - Copy' successfully

2018-12-20 16:35:23 - [TEST_CASE][PASSED] - Test Cases/Final Aug 2018 - PKS Automation/Registration Module/New Registration/Submit and Screenshot/Submit Registration and Screenshot - Copy: Test Cases/Final Aug 2018 - PKS Automation/Registration Module/New Registration/Submit and Screenshot/Submit Registration and Screenshot - Copy

2018-12-20 16:35:23 - [TEST_STEP][PASSED] - delay: Delayed 6 second(s)

2018-12-20 16:35:29 - [MESSAGE][PASSED] - Delayed 6 second(s)

2018-12-20 16:35:29 - [TEST_STEP][PASSED] - click: Object: 'Object Repository/Final Object Repo/New Registration - Registration Module Pages/Third Screen - Upload Supporting Doc- Preview/Preview Submit Button' is clicked on

2018-12-20 16:35:30 - [MESSAGE][PASSED] - Object: 'Object Repository/Final Object Repo/New Registration - Registration Module Pages/Third Screen - Upload Supporting Doc- Preview/Preview Submit Button' is clicked on

2018-12-20 16:35:30 - [TEST_STEP][PASSED] - delay: Delayed 2 second(s)

2018-12-20 16:35:32 - [MESSAGE][PASSED] - Delayed 2 second(s)

2018-12-20 16:35:32 - [TEST_STEP][PASSED] - click: Object: 'Object Repository/Final Object Repo/New Registration - Registration Module Pages/Third Screen - Upload Supporting Doc- Preview/Preview Submit - Confirm' is clicked on

2018-12-20 16:35:32 - [MESSAGE][PASSED] - Object: 'Object Repository/Final Object Repo/New Registration - Registration Module Pages/Third Screen - Upload Supporting Doc- Preview/Preview Submit - Confirm' is clicked on

2018-12-20 16:35:32 - [TEST_STEP][PASSED] - delay: Delayed 15 second(s)

2018-12-20 16:35:47 - [MESSAGE][PASSED] - Delayed 15 second(s)

2018-12-20 16:35:47 - [TEST_STEP][PASSED] - Statement - driver = com.kms.katalon.core.webui.driver.DriverFactory.getWebDriver(): null

2018-12-20 16:35:47 - [TEST_STEP][PASSED] - Statement - driver.manage().timeouts().implicitlyWait(10, SECONDS): null

2018-12-20 16:35:47 - [TEST_STEP][PASSED] - Statement - PresavePath = KatalonScreenshots: null

2018-12-20 16:35:47 - [TEST_STEP][PASSED] - Statement - pathPrefix = "C:\Users\Public\Pictures\Sample Pictures\Katalon Screenshots\Automate Ending Screen": null

2018-12-20 16:35:47 - [TEST_STEP][PASSED] - Statement - finalPath = <not implemented yet for class: org.codehaus.groovy.ast.expr.EmptyExpression>: null

2018-12-20 16:35:47 - [TEST_STEP][PASSED] - Statement - scrFile = driver.getScreenshotAs(FILE): null

2018-12-20 16:35:47 - [TEST_STEP][PASSED] - Statement - PreSaveFile = new java.io.File(PresavePath): null

2018-12-20 16:35:47 - [TEST_STEP][PASSED] - Statement - counter = 0: null

2018-12-20 16:35:47 - [TEST_STEP][PASSED] - Statement - If (PreSaveFile.exists()): null

2018-12-20 16:35:47 - [TEST_STEP][PASSED] - Statement - While (PreSaveFile.exists()): null

2018-12-20 16:35:47 - [TEST_STEP][PASSED] - Statement - counter = counter + 1: null

2018-12-20 16:35:47 - [TEST_STEP][PASSED] - Statement - PreSaveFile = new java.io.File(((pathPrefix + java.lang.Integer.toString(counter)) + .png)): null

2018-12-20 16:35:47 - [TEST_STEP][PASSED] - Statement - counter = counter + 1: null

2018-12-20 16:35:47 - [TEST_STEP][PASSED] - Statement - PreSaveFile = new java.io.File(((pathPrefix + java.lang.Integer.toString(counter)) + .png)): null

2018-12-20 16:35:47 - [TEST_STEP][PASSED] - Statement - counter = counter + 1: null

2018-12-20 16:35:47 - [TEST_STEP][PASSED] - Statement - PreSaveFile = new java.io.File(((pathPrefix + java.lang.Integer.toString(counter)) + .png)): null

2018-12-20 16:35:47 - [TEST_STEP][PASSED] - Statement - counter = counter + 1: null

2018-12-20 16:35:47 - [TEST_STEP][PASSED] - Statement - PreSaveFile = new java.io.File(((pathPrefix + java.lang.Integer.toString(counter)) + .png)): null

2018-12-20 16:35:47 - [TEST_STEP][PASSED] - Statement - counter = counter + 1: null

2018-12-20 16:35:47 - [TEST_STEP][PASSED] - Statement - PreSaveFile = new java.io.File(((pathPrefix + java.lang.Integer.toString(counter)) + .png)): null

2018-12-20 16:35:47 - [TEST_STEP][PASSED] - Statement - counter = counter + 1: null

2018-12-20 16:35:47 - [TEST_STEP][PASSED] - Statement - PreSaveFile = new java.io.File(((pathPrefix + java.lang.Integer.toString(counter)) + .png)): null

2018-12-20 16:35:47 - [TEST_STEP][PASSED] - Statement - counter = counter + 1: null

2018-12-20 16:35:47 - [TEST_STEP][PASSED] - Statement - PreSaveFile = new java.io.File(((pathPrefix + java.lang.Integer.toString(counter)) + .png)): null

2018-12-20 16:35:47 - [TEST_STEP][PASSED] - Statement - counter = counter + 1: null

2018-12-20 16:35:47 - [TEST_STEP][PASSED] - Statement - PreSaveFile = new java.io.File(((pathPrefix + java.lang.Integer.toString(counter)) + .png)): null

2018-12-20 16:35:47 - [TEST_STEP][PASSED] - Statement - counter = counter + 1: null

2018-12-20 16:35:47 - [TEST_STEP][PASSED] - Statement - PreSaveFile = new java.io.File(((pathPrefix + java.lang.Integer.toString(counter)) + .png)): null

2018-12-20 16:35:47 - [TEST_STEP][PASSED] - Statement - counter = counter + 1: null

2018-12-20 16:35:47 - [TEST_STEP][PASSED] - Statement - PreSaveFile = new java.io.File(((pathPrefix + java.lang.Integer.toString(counter)) + .png)): null

2018-12-20 16:35:47 - [TEST_STEP][PASSED] - Statement - counter = counter + 1: null

2018-12-20 16:35:47 - [TEST_STEP][PASSED] - Statement - PreSaveFile = new java.io.File(((pathPrefix + java.lang.Integer.toString(counter)) + .png)): null

2018-12-20 16:35:47 - [TEST_STEP][PASSED] - Statement - counter = counter + 1: null

2018-12-20 16:35:47 - [TEST_STEP][PASSED] - Statement - PreSaveFile = new java.io.File(((pathPrefix + java.lang.Integer.toString(counter)) + .png)): null

2018-12-20 16:35:47 - [TEST_STEP][PASSED] - Statement - counter = counter + 1: null

2018-12-20 16:35:47 - [TEST_STEP][PASSED] - Statement - PreSaveFile = new java.io.File(((pathPrefix + java.lang.Integer.toString(counter)) + .png)): null

2018-12-20 16:35:47 - [TEST_STEP][PASSED] - Statement - counter = counter + 1: null

2018-12-20 16:35:47 - [TEST_STEP][PASSED] - Statement - PreSaveFile = new java.io.File(((pathPrefix + java.lang.Integer.toString(counter)) + .png)): null

2018-12-20 16:35:47 - [TEST_STEP][PASSED] - Statement - counter = counter + 1: null

2018-12-20 16:35:47 - [TEST_STEP][PASSED] - Statement - PreSaveFile = new java.io.File(((pathPrefix + java.lang.Integer.toString(counter)) + .png)): null

2018-12-20 16:35:47 - [TEST_STEP][PASSED] - Statement - counter = counter + 1: null

2018-12-20 16:35:47 - [TEST_STEP][PASSED] - Statement - PreSaveFile = new java.io.File(((pathPrefix + java.lang.Integer.toString(counter)) + .png)): null

2018-12-20 16:35:47 - [TEST_STEP][PASSED] - Statement - counter = counter + 1: null

2018-12-20 16:35:47 - [TEST_STEP][PASSED] - Statement - PreSaveFile = new java.io.File(((pathPrefix + java.lang.Integer.toString(counter)) + .png)): null

2018-12-20 16:35:47 - [TEST_STEP][PASSED] - Statement - counter = counter + 1: null

2018-12-20 16:35:48 - [TEST_STEP][PASSED] - Statement - PreSaveFile = new java.io.File(((pathPrefix + java.lang.Integer.toString(counter)) + .png)): null

2018-12-20 16:35:48 - [TEST_STEP][PASSED] - Statement - counter = counter + 1: null

2018-12-20 16:35:48 - [TEST_STEP][PASSED] - Statement - PreSaveFile = new java.io.File(((pathPrefix + java.lang.Integer.toString(counter)) + .png)): null

2018-12-20 16:35:48 - [TEST_STEP][PASSED] - Statement - counter = counter + 1: null

2018-12-20 16:35:48 - [TEST_STEP][PASSED] - Statement - PreSaveFile = new java.io.File(((pathPrefix + java.lang.Integer.toString(counter)) + .png)): null

2018-12-20 16:35:48 - [TEST_STEP][PASSED] - Statement - counter = counter + 1: null

2018-12-20 16:35:48 - [TEST_STEP][PASSED] - Statement - PreSaveFile = new java.io.File(((pathPrefix + java.lang.Integer.toString(counter)) + .png)): null

2018-12-20 16:35:48 - [TEST_STEP][PASSED] - Statement - counter = counter + 1: null

2018-12-20 16:35:48 - [TEST_STEP][PASSED] - Statement - PreSaveFile = new java.io.File(((pathPrefix + java.lang.Integer.toString(counter)) + .png)): null

2018-12-20 16:35:48 - [TEST_STEP][PASSED] - Statement - counter = counter + 1: null

2018-12-20 16:35:48 - [TEST_STEP][PASSED] - Statement - PreSaveFile = new java.io.File(((pathPrefix + java.lang.Integer.toString(counter)) + .png)): null

2018-12-20 16:35:48 - [TEST_STEP][PASSED] - Statement - counter = counter + 1: null

2018-12-20 16:35:48 - [TEST_STEP][PASSED] - Statement - PreSaveFile = new java.io.File(((pathPrefix + java.lang.Integer.toString(counter)) + .png)): null

2018-12-20 16:35:48 - [TEST_STEP][PASSED] - Statement - counter = counter + 1: null

2018-12-20 16:35:48 - [TEST_STEP][PASSED] - Statement - PreSaveFile = new java.io.File(((pathPrefix + java.lang.Integer.toString(counter)) + .png)): null

2018-12-20 16:35:48 - [TEST_STEP][PASSED] - Statement - counter = counter + 1: null

2018-12-20 16:35:48 - [TEST_STEP][PASSED] - Statement - PreSaveFile = new java.io.File(((pathPrefix + java.lang.Integer.toString(counter)) + .png)): null

2018-12-20 16:35:48 - [TEST_STEP][PASSED] - Statement - counter = counter + 1: null

2018-12-20 16:35:48 - [TEST_STEP][PASSED] - Statement - PreSaveFile = new java.io.File(((pathPrefix + java.lang.Integer.toString(counter)) + .png)): null

2018-12-20 16:35:48 - [TEST_STEP][PASSED] - Statement - counter = counter + 1: null

2018-12-20 16:35:48 - [TEST_STEP][PASSED] - Statement - PreSaveFile = new java.io.File(((pathPrefix + java.lang.Integer.toString(counter)) + .png)): null

2018-12-20 16:35:48 - [TEST_STEP][PASSED] - Statement - counter = counter + 1: null

2018-12-20 16:35:48 - [TEST_STEP][PASSED] - Statement - PreSaveFile = new java.io.File(((pathPrefix + java.lang.Integer.toString(counter)) + .png)): null

2018-12-20 16:35:48 - [TEST_STEP][PASSED] - Statement - counter = counter + 1: null

2018-12-20 16:35:48 - [TEST_STEP][PASSED] - Statement - PreSaveFile = new java.io.File(((pathPrefix + java.lang.Integer.toString(counter)) + .png)): null

2018-12-20 16:35:48 - [TEST_STEP][PASSED] - Statement - counter = counter + 1: null

2018-12-20 16:35:48 - [TEST_STEP][PASSED] - Statement - PreSaveFile = new java.io.File(((pathPrefix + java.lang.Integer.toString(counter)) + .png)): null

2018-12-20 16:35:48 - [TEST_STEP][PASSED] - Statement - counter = counter + 1: null

2018-12-20 16:35:48 - [TEST_STEP][PASSED] - Statement - PreSaveFile = new java.io.File(((pathPrefix + java.lang.Integer.toString(counter)) + .png)): null

2018-12-20 16:35:48 - [TEST_STEP][PASSED] - Statement - counter = counter + 1: null

2018-12-20 16:35:48 - [TEST_STEP][PASSED] - Statement - PreSaveFile = new java.io.File(((pathPrefix + java.lang.Integer.toString(counter)) + .png)): null

2018-12-20 16:35:48 - [TEST_STEP][PASSED] - Statement - counter = counter + 1: null

2018-12-20 16:35:48 - [TEST_STEP][PASSED] - Statement - PreSaveFile = new java.io.File(((pathPrefix + java.lang.Integer.toString(counter)) + .png)): null

2018-12-20 16:35:49 - [TEST_STEP][PASSED] - Statement - counter = counter + 1: null

2018-12-20 16:35:49 - [TEST_STEP][PASSED] - Statement - PreSaveFile = new java.io.File(((pathPrefix + java.lang.Integer.toString(counter)) + .png)): null

2018-12-20 16:35:49 - [TEST_STEP][PASSED] - Statement - counter = counter + 1: null

2018-12-20 16:35:49 - [TEST_STEP][PASSED] - Statement - PreSaveFile = new java.io.File(((pathPrefix + java.lang.Integer.toString(counter)) + .png)): null

2018-12-20 16:35:49 - [TEST_STEP][PASSED] - Statement - counter = counter + 1: null

2018-12-20 16:35:49 - [TEST_STEP][PASSED] - Statement - PreSaveFile = new java.io.File(((pathPrefix + java.lang.Integer.toString(counter)) + .png)): null

2018-12-20 16:35:49 - [TEST_STEP][PASSED] - Statement - counter = counter + 1: null

2018-12-20 16:35:49 - [TEST_STEP][PASSED] - Statement - PreSaveFile = new java.io.File(((pathPrefix + java.lang.Integer.toString(counter)) + .png)): null

2018-12-20 16:35:49 - [TEST_STEP][PASSED] - Statement - counter = counter + 1: null

2018-12-20 16:35:49 - [TEST_STEP][PASSED] - Statement - PreSaveFile = new java.io.File(((pathPrefix + java.lang.Integer.toString(counter)) + .png)): null

2018-12-20 16:35:49 - [TEST_STEP][PASSED] - Statement - counter = counter + 1: null

2018-12-20 16:35:49 - [TEST_STEP][PASSED] - Statement - PreSaveFile = new java.io.File(((pathPrefix + java.lang.Integer.toString(counter)) + .png)): null

2018-12-20 16:35:49 - [TEST_STEP][PASSED] - Statement - counter = counter + 1: null

2018-12-20 16:35:49 - [TEST_STEP][PASSED] - Statement - PreSaveFile = new java.io.File(((pathPrefix + java.lang.Integer.toString(counter)) + .png)): null

2018-12-20 16:35:49 - [TEST_STEP][PASSED] - Statement - counter = counter + 1: null

2018-12-20 16:35:49 - [TEST_STEP][PASSED] - Statement - PreSaveFile = new java.io.File(((pathPrefix + java.lang.Integer.toString(counter)) + .png)): null

2018-12-20 16:35:49 - [TEST_STEP][PASSED] - Statement - counter = counter + 1: null

2018-12-20 16:35:49 - [TEST_STEP][PASSED] - Statement - PreSaveFile = new java.io.File(((pathPrefix + java.lang.Integer.toString(counter)) + .png)): null

2018-12-20 16:35:49 - [TEST_STEP][PASSED] - Statement - counter = counter + 1: null

2018-12-20 16:35:49 - [TEST_STEP][PASSED] - Statement - PreSaveFile = new java.io.File(((pathPrefix + java.lang.Integer.toString(counter)) + .png)): null

2018-12-20 16:35:49 - [TEST_STEP][PASSED] - Statement - counter = counter + 1: null

2018-12-20 16:35:49 - [TEST_STEP][PASSED] - Statement - PreSaveFile = new java.io.File(((pathPrefix + java.lang.Integer.toString(counter)) + .png)): null

2018-12-20 16:35:49 - [TEST_STEP][PASSED] - Statement - counter = counter + 1: null

2018-12-20 16:35:49 - [TEST_STEP][PASSED] - Statement - PreSaveFile = new java.io.File(((pathPrefix + java.lang.Integer.toString(counter)) + .png)): null

2018-12-20 16:35:49 - [TEST_STEP][PASSED] - Statement - counter = counter + 1: null

2018-12-20 16:35:49 - [TEST_STEP][PASSED] - Statement - PreSaveFile = new java.io.File(((pathPrefix + java.lang.Integer.toString(counter)) + .png)): null

2018-12-20 16:35:49 - [TEST_STEP][PASSED] - Statement - counter = counter + 1: null

2018-12-20 16:35:49 - [TEST_STEP][PASSED] - Statement - PreSaveFile = new java.io.File(((pathPrefix + java.lang.Integer.toString(counter)) + .png)): null

2018-12-20 16:35:49 - [TEST_STEP][PASSED] - Statement - counter = counter + 1: null

2018-12-20 16:35:49 - [TEST_STEP][PASSED] - Statement - PreSaveFile = new java.io.File(((pathPrefix + java.lang.Integer.toString(counter)) + .png)): null

2018-12-20 16:35:49 - [TEST_STEP][PASSED] - Statement - counter = counter + 1: null

2018-12-20 16:35:49 - [TEST_STEP][PASSED] - Statement - PreSaveFile = new java.io.File(((pathPrefix + java.lang.Integer.toString(counter)) + .png)): null

2018-12-20 16:35:49 - [TEST_STEP][PASSED] - Statement - counter = counter + 1: null

2018-12-20 16:35:49 - [TEST_STEP][PASSED] - Statement - PreSaveFile = new java.io.File(((pathPrefix + java.lang.Integer.toString(counter)) + .png)): null

2018-12-20 16:35:49 - [TEST_STEP][PASSED] - Statement - counter = counter + 1: null

2018-12-20 16:35:49 - [TEST_STEP][PASSED] - Statement - PreSaveFile = new java.io.File(((pathPrefix + java.lang.Integer.toString(counter)) + .png)): null

2018-12-20 16:35:49 - [TEST_STEP][PASSED] - Statement - counter = counter + 1: null

2018-12-20 16:35:49 - [TEST_STEP][PASSED] - Statement - PreSaveFile = new java.io.File(((pathPrefix + java.lang.Integer.toString(counter)) + .png)): null

2018-12-20 16:35:50 - [TEST_STEP][PASSED] - Statement - counter = counter + 1: null

2018-12-20 16:35:50 - [TEST_STEP][PASSED] - Statement - PreSaveFile = new java.io.File(((pathPrefix + java.lang.Integer.toString(counter)) + .png)): null

2018-12-20 16:35:50 - [TEST_STEP][PASSED] - Statement - counter = counter + 1: null

2018-12-20 16:35:50 - [TEST_STEP][PASSED] - Statement - PreSaveFile = new java.io.File(((pathPrefix + java.lang.Integer.toString(counter)) + .png)): null

2018-12-20 16:35:50 - [TEST_STEP][PASSED] - Statement - counter = counter + 1: null

2018-12-20 16:35:50 - [TEST_STEP][PASSED] - Statement - PreSaveFile = new java.io.File(((pathPrefix + java.lang.Integer.toString(counter)) + .png)): null

2018-12-20 16:35:50 - [TEST_STEP][PASSED] - Statement - counter = counter + 1: null

2018-12-20 16:35:50 - [TEST_STEP][PASSED] - Statement - PreSaveFile = new java.io.File(((pathPrefix + java.lang.Integer.toString(counter)) + .png)): null

2018-12-20 16:35:50 - [TEST_STEP][PASSED] - Statement - counter = counter + 1: null

2018-12-20 16:35:50 - [TEST_STEP][PASSED] - Statement - PreSaveFile = new java.io.File(((pathPrefix + java.lang.Integer.toString(counter)) + .png)): null

2018-12-20 16:35:50 - [TEST_STEP][PASSED] - Statement - counter = counter + 1: null

2018-12-20 16:35:50 - [TEST_STEP][PASSED] - Statement - PreSaveFile = new java.io.File(((pathPrefix + java.lang.Integer.toString(counter)) + .png)): null

2018-12-20 16:35:50 - [TEST_STEP][PASSED] - Statement - counter = counter + 1: null

2018-12-20 16:35:50 - [TEST_STEP][PASSED] - Statement - PreSaveFile = new java.io.File(((pathPrefix + java.lang.Integer.toString(counter)) + .png)): null

2018-12-20 16:35:50 - [TEST_STEP][PASSED] - Statement - counter = counter + 1: null

2018-12-20 16:35:50 - [TEST_STEP][PASSED] - Statement - PreSaveFile = new java.io.File(((pathPrefix + java.lang.Integer.toString(counter)) + .png)): null

2018-12-20 16:35:50 - [TEST_STEP][PASSED] - Statement - counter = counter + 1: null

2018-12-20 16:35:50 - [TEST_STEP][PASSED] - Statement - PreSaveFile = new java.io.File(((pathPrefix + java.lang.Integer.toString(counter)) + .png)): null

2018-12-20 16:35:50 - [TEST_STEP][PASSED] - Statement - counter = counter + 1: null

2018-12-20 16:35:50 - [TEST_STEP][PASSED] - Statement - PreSaveFile = new java.io.File(((pathPrefix + java.lang.Integer.toString(counter)) + .png)): null

2018-12-20 16:35:50 - [TEST_STEP][PASSED] - Statement - counter = counter + 1: null

2018-12-20 16:35:50 - [TEST_STEP][PASSED] - Statement - PreSaveFile = new java.io.File(((pathPrefix + java.lang.Integer.toString(counter)) + .png)): null

2018-12-20 16:35:50 - [TEST_STEP][PASSED] - Statement - counter = counter + 1: null

2018-12-20 16:35:50 - [TEST_STEP][PASSED] - Statement - PreSaveFile = new java.io.File(((pathPrefix + java.lang.Integer.toString(counter)) + .png)): null

2018-12-20 16:35:50 - [TEST_STEP][PASSED] - Statement - counter = counter + 1: null

2018-12-20 16:35:50 - [TEST_STEP][PASSED] - Statement - PreSaveFile = new java.io.File(((pathPrefix + java.lang.Integer.toString(counter)) + .png)): null

2018-12-20 16:35:50 - [TEST_STEP][PASSED] - Statement - counter = counter + 1: null

2018-12-20 16:35:50 - [TEST_STEP][PASSED] - Statement - PreSaveFile = new java.io.File(((pathPrefix + java.lang.Integer.toString(counter)) + .png)): null

2018-12-20 16:35:50 - [TEST_STEP][PASSED] - Statement - counter = counter + 1: null

2018-12-20 16:35:51 - [TEST_STEP][PASSED] - Statement - PreSaveFile = new java.io.File(((pathPrefix + java.lang.Integer.toString(counter)) + .png)): null

2018-12-20 16:35:51 - [TEST_STEP][PASSED] - Statement - counter = counter + 1: null

2018-12-20 16:35:51 - [TEST_STEP][PASSED] - Statement - PreSaveFile = new java.io.File(((pathPrefix + java.lang.Integer.toString(counter)) + .png)): null

2018-12-20 16:35:51 - [TEST_STEP][PASSED] - Statement - counter = counter + 1: null

2018-12-20 16:35:51 - [TEST_STEP][PASSED] - Statement - PreSaveFile = new java.io.File(((pathPrefix + java.lang.Integer.toString(counter)) + .png)): null

2018-12-20 16:35:51 - [TEST_STEP][PASSED] - Statement - counter = counter + 1: null

2018-12-20 16:35:51 - [TEST_STEP][PASSED] - Statement - PreSaveFile = new java.io.File(((pathPrefix + java.lang.Integer.toString(counter)) + .png)): null

2018-12-20 16:35:51 - [TEST_STEP][PASSED] - Statement - counter = counter + 1: null

2018-12-20 16:35:51 - [TEST_STEP][PASSED] - Statement - PreSaveFile = new java.io.File(((pathPrefix + java.lang.Integer.toString(counter)) + .png)): null

2018-12-20 16:35:51 - [TEST_STEP][PASSED] - Statement - counter = counter + 1: null

2018-12-20 16:35:51 - [TEST_STEP][PASSED] - Statement - PreSaveFile = new java.io.File(((pathPrefix + java.lang.Integer.toString(counter)) + .png)): null

2018-12-20 16:35:51 - [TEST_STEP][PASSED] - Statement - counter = counter + 1: null

2018-12-20 16:35:51 - [TEST_STEP][PASSED] - Statement - PreSaveFile = new java.io.File(((pathPrefix + java.lang.Integer.toString(counter)) + .png)): null

2018-12-20 16:35:51 - [TEST_STEP][PASSED] - Statement - counter = counter + 1: null

2018-12-20 16:35:51 - [TEST_STEP][PASSED] - Statement - PreSaveFile = new java.io.File(((pathPrefix + java.lang.Integer.toString(counter)) + .png)): null

2018-12-20 16:35:51 - [TEST_STEP][PASSED] - Statement - counter = counter + 1: null

2018-12-20 16:35:51 - [TEST_STEP][PASSED] - Statement - PreSaveFile = new java.io.File(((pathPrefix + java.lang.Integer.toString(counter)) + .png)): null

2018-12-20 16:35:51 - [TEST_STEP][PASSED] - Statement - counter = counter + 1: null

2018-12-20 16:35:51 - [TEST_STEP][PASSED] - Statement - PreSaveFile = new java.io.File(((pathPrefix + java.lang.Integer.toString(counter)) + .png)): null

2018-12-20 16:35:51 - [TEST_STEP][PASSED] - Statement - counter = counter + 1: null

2018-12-20 16:35:51 - [TEST_STEP][PASSED] - Statement - PreSaveFile = new java.io.File(((pathPrefix + java.lang.Integer.toString(counter)) + .png)): null

2018-12-20 16:35:51 - [TEST_STEP][PASSED] - Statement - counter = counter + 1: null

2018-12-20 16:35:51 - [TEST_STEP][PASSED] - Statement - PreSaveFile = new java.io.File(((pathPrefix + java.lang.Integer.toString(counter)) + .png)): null

2018-12-20 16:35:51 - [TEST_STEP][PASSED] - Statement - counter = counter + 1: null

2018-12-20 16:35:51 - [TEST_STEP][PASSED] - Statement - PreSaveFile = new java.io.File(((pathPrefix + java.lang.Integer.toString(counter)) + .png)): null

2018-12-20 16:35:51 - [TEST_STEP][PASSED] - Statement - counter = counter + 1: null

2018-12-20 16:35:51 - [TEST_STEP][PASSED] - Statement - PreSaveFile = new java.io.File(((pathPrefix + java.lang.Integer.toString(counter)) + .png)): null

2018-12-20 16:35:51 - [TEST_STEP][PASSED] - Statement - counter = counter + 1: null

2018-12-20 16:35:51 - [TEST_STEP][PASSED] - Statement - PreSaveFile = new java.io.File(((pathPrefix + java.lang.Integer.toString(counter)) + .png)): null

2018-12-20 16:35:52 - [TEST_STEP][PASSED] - Statement - counter = counter + 1: null

2018-12-20 16:35:52 - [TEST_STEP][PASSED] - Statement - PreSaveFile = new java.io.File(((pathPrefix + java.lang.Integer.toString(counter)) + .png)): null

2018-12-20 16:35:52 - [TEST_STEP][PASSED] - Statement - counter = counter + 1: null

2018-12-20 16:35:52 - [TEST_STEP][PASSED] - Statement - PreSaveFile = new java.io.File(((pathPrefix + java.lang.Integer.toString(counter)) + .png)): null

2018-12-20 16:35:52 - [TEST_STEP][PASSED] - Statement - counter = counter + 1: null

2018-12-20 16:35:52 - [TEST_STEP][PASSED] - Statement - PreSaveFile = new java.io.File(((pathPrefix + java.lang.Integer.toString(counter)) + .png)): null

2018-12-20 16:35:52 - [TEST_STEP][PASSED] - Statement - counter = counter + 1: null

2018-12-20 16:35:52 - [TEST_STEP][PASSED] - Statement - PreSaveFile = new java.io.File(((pathPrefix + java.lang.Integer.toString(counter)) + .png)): null

2018-12-20 16:35:52 - [TEST_STEP][PASSED] - Statement - counter = counter + 1: null

2018-12-20 16:35:52 - [TEST_STEP][PASSED] - Statement - PreSaveFile = new java.io.File(((pathPrefix + java.lang.Integer.toString(counter)) + .png)): null

2018-12-20 16:35:52 - [TEST_STEP][PASSED] - Statement - counter = counter + 1: null

2018-12-20 16:35:52 - [TEST_STEP][PASSED] - Statement - PreSaveFile = new java.io.File(((pathPrefix + java.lang.Integer.toString(counter)) + .png)): null

2018-12-20 16:35:52 - [TEST_STEP][PASSED] - Statement - counter = counter + 1: null

2018-12-20 16:35:52 - [TEST_STEP][PASSED] - Statement - PreSaveFile = new java.io.File(((pathPrefix + java.lang.Integer.toString(counter)) + .png)): null

2018-12-20 16:35:52 - [TEST_STEP][PASSED] - Statement - counter = counter + 1: null

2018-12-20 16:35:52 - [TEST_STEP][PASSED] - Statement - PreSaveFile = new java.io.File(((pathPrefix + java.lang.Integer.toString(counter)) + .png)): null

2018-12-20 16:35:52 - [TEST_STEP][PASSED] - Statement - counter = counter + 1: null

2018-12-20 16:35:52 - [TEST_STEP][PASSED] - Statement - PreSaveFile = new java.io.File(((pathPrefix + java.lang.Integer.toString(counter)) + .png)): null

2018-12-20 16:35:52 - [TEST_STEP][PASSED] - Statement - counter = counter + 1: null

2018-12-20 16:35:52 - [TEST_STEP][PASSED] - Statement - PreSaveFile = new java.io.File(((pathPrefix + java.lang.Integer.toString(counter)) + .png)): null

2018-12-20 16:35:52 - [TEST_STEP][PASSED] - Statement - counter = counter + 1: null

2018-12-20 16:35:52 - [TEST_STEP][PASSED] - Statement - PreSaveFile = new java.io.File(((pathPrefix + java.lang.Integer.toString(counter)) + .png)): null

2018-12-20 16:35:52 - [TEST_STEP][PASSED] - Statement - counter = counter + 1: null

2018-12-20 16:35:52 - [TEST_STEP][PASSED] - Statement - PreSaveFile = new java.io.File(((pathPrefix + java.lang.Integer.toString(counter)) + .png)): null

2018-12-20 16:35:52 - [TEST_STEP][PASSED] - Statement - counter = counter + 1: null

2018-12-20 16:35:52 - [TEST_STEP][PASSED] - Statement - PreSaveFile = new java.io.File(((pathPrefix + java.lang.Integer.toString(counter)) + .png)): null

2018-12-20 16:35:52 - [TEST_STEP][PASSED] - Statement - counter = counter + 1: null

2018-12-20 16:35:52 - [TEST_STEP][PASSED] - Statement - PreSaveFile = new java.io.File(((pathPrefix + java.lang.Integer.toString(counter)) + .png)): null

2018-12-20 16:35:52 - [TEST_STEP][PASSED] - Statement - counter = counter + 1: null

2018-12-20 16:35:53 - [TEST_STEP][PASSED] - Statement - PreSaveFile = new java.io.File(((pathPrefix + java.lang.Integer.toString(counter)) + .png)): null

2018-12-20 16:35:53 - [TEST_STEP][PASSED] - Statement - counter = counter + 1: null

2018-12-20 16:35:53 - [TEST_STEP][PASSED] - Statement - PreSaveFile = new java.io.File(((pathPrefix + java.lang.Integer.toString(counter)) + .png)): null

2018-12-20 16:35:53 - [TEST_STEP][PASSED] - Statement - counter = counter + 1: null

2018-12-20 16:35:53 - [TEST_STEP][PASSED] - Statement - PreSaveFile = new java.io.File(((pathPrefix + java.lang.Integer.toString(counter)) + .png)): null

2018-12-20 16:35:53 - [TEST_STEP][PASSED] - Statement - counter = counter + 1: null

2018-12-20 16:35:53 - [TEST_STEP][PASSED] - Statement - PreSaveFile = new java.io.File(((pathPrefix + java.lang.Integer.toString(counter)) + .png)): null

2018-12-20 16:35:53 - [TEST_STEP][PASSED] - Statement - counter = counter + 1: null

2018-12-20 16:35:53 - [TEST_STEP][PASSED] - Statement - PreSaveFile = new java.io.File(((pathPrefix + java.lang.Integer.toString(counter)) + .png)): null

2018-12-20 16:35:53 - [TEST_STEP][PASSED] - Statement - counter = counter + 1: null

2018-12-20 16:35:53 - [TEST_STEP][PASSED] - Statement - PreSaveFile = new java.io.File(((pathPrefix + java.lang.Integer.toString(counter)) + .png)): null

2018-12-20 16:35:53 - [TEST_STEP][PASSED] - Statement - counter = counter + 1: null

2018-12-20 16:35:53 - [TEST_STEP][PASSED] - Statement - PreSaveFile = new java.io.File(((pathPrefix + java.lang.Integer.toString(counter)) + .png)): null

2018-12-20 16:35:53 - [TEST_STEP][PASSED] - Statement - counter = counter + 1: null

2018-12-20 16:35:53 - [TEST_STEP][PASSED] - Statement - PreSaveFile = new java.io.File(((pathPrefix + java.lang.Integer.toString(counter)) + .png)): null

2018-12-20 16:35:53 - [TEST_STEP][PASSED] - Statement - counter = counter + 1: null

2018-12-20 16:35:53 - [TEST_STEP][PASSED] - Statement - PreSaveFile = new java.io.File(((pathPrefix + java.lang.Integer.toString(counter)) + .png)): null

2018-12-20 16:35:53 - [TEST_STEP][PASSED] - Statement - counter = counter + 1: null

2018-12-20 16:35:53 - [TEST_STEP][PASSED] - Statement - PreSaveFile = new java.io.File(((pathPrefix + java.lang.Integer.toString(counter)) + .png)): null

2018-12-20 16:35:53 - [TEST_STEP][PASSED] - Statement - counter = counter + 1: null

2018-12-20 16:35:53 - [TEST_STEP][PASSED] - Statement - PreSaveFile = new java.io.File(((pathPrefix + java.lang.Integer.toString(counter)) + .png)): null

2018-12-20 16:35:53 - [TEST_STEP][PASSED] - Statement - counter = counter + 1: null

2018-12-20 16:35:53 - [TEST_STEP][PASSED] - Statement - PreSaveFile = new java.io.File(((pathPrefix + java.lang.Integer.toString(counter)) + .png)): null

2018-12-20 16:35:53 - [TEST_STEP][PASSED] - Statement - counter = counter + 1: null

2018-12-20 16:35:53 - [TEST_STEP][PASSED] - Statement - PreSaveFile = new java.io.File(((pathPrefix + java.lang.Integer.toString(counter)) + .png)): null

2018-12-20 16:35:53 - [TEST_STEP][PASSED] - Statement - counter = counter + 1: null

2018-12-20 16:35:53 - [TEST_STEP][PASSED] - Statement - PreSaveFile = new java.io.File(((pathPrefix + java.lang.Integer.toString(counter)) + .png)): null

2018-12-20 16:35:53 - [TEST_STEP][PASSED] - Statement - counter = counter + 1: null

2018-12-20 16:35:54 - [TEST_STEP][PASSED] - Statement - PreSaveFile = new java.io.File(((pathPrefix + java.lang.Integer.toString(counter)) + .png)): null

2018-12-20 16:35:54 - [TEST_STEP][PASSED] - Statement - counter = counter + 1: null

2018-12-20 16:35:54 - [TEST_STEP][PASSED] - Statement - PreSaveFile = new java.io.File(((pathPrefix + java.lang.Integer.toString(counter)) + .png)): null

2018-12-20 16:35:54 - [TEST_STEP][PASSED] - Statement - counter = counter + 1: null

2018-12-20 16:35:54 - [TEST_STEP][PASSED] - Statement - PreSaveFile = new java.io.File(((pathPrefix + java.lang.Integer.toString(counter)) + .png)): null

2018-12-20 16:35:54 - [TEST_STEP][PASSED] - Statement - counter = counter + 1: null

2018-12-20 16:35:54 - [TEST_STEP][PASSED] - Statement - PreSaveFile = new java.io.File(((pathPrefix + java.lang.Integer.toString(counter)) + .png)): null

2018-12-20 16:35:54 - [TEST_STEP][PASSED] - Statement - counter = counter + 1: null

2018-12-20 16:35:54 - [TEST_STEP][PASSED] - Statement - PreSaveFile = new java.io.File(((pathPrefix + java.lang.Integer.toString(counter)) + .png)): null

2018-12-20 16:35:54 - [TEST_STEP][PASSED] - Statement - counter = counter + 1: null

2018-12-20 16:35:54 - [TEST_STEP][PASSED] - Statement - PreSaveFile = new java.io.File(((pathPrefix + java.lang.Integer.toString(counter)) + .png)): null

2018-12-20 16:35:54 - [TEST_STEP][PASSED] - Statement - counter = counter + 1: null

2018-12-20 16:35:54 - [TEST_STEP][PASSED] - Statement - PreSaveFile = new java.io.File(((pathPrefix + java.lang.Integer.toString(counter)) + .png)): null

2018-12-20 16:35:54 - [TEST_STEP][PASSED] - Statement - counter = counter + 1: null

2018-12-20 16:35:54 - [TEST_STEP][PASSED] - Statement - PreSaveFile = new java.io.File(((pathPrefix + java.lang.Integer.toString(counter)) + .png)): null

2018-12-20 16:35:54 - [TEST_STEP][PASSED] - Statement - counter = counter + 1: null

2018-12-20 16:35:54 - [TEST_STEP][PASSED] - Statement - PreSaveFile = new java.io.File(((pathPrefix + java.lang.Integer.toString(counter)) + .png)): null

2018-12-20 16:35:54 - [TEST_STEP][PASSED] - Statement - counter = counter + 1: null

2018-12-20 16:35:54 - [TEST_STEP][PASSED] - Statement - PreSaveFile = new java.io.File(((pathPrefix + java.lang.Integer.toString(counter)) + .png)): null

2018-12-20 16:35:54 - [TEST_STEP][PASSED] - Statement - counter = counter + 1: null

2018-12-20 16:35:54 - [TEST_STEP][PASSED] - Statement - PreSaveFile = new java.io.File(((pathPrefix + java.lang.Integer.toString(counter)) + .png)): null

2018-12-20 16:35:54 - [TEST_STEP][PASSED] - Statement - counter = counter + 1: null

2018-12-20 16:35:54 - [TEST_STEP][PASSED] - Statement - PreSaveFile = new java.io.File(((pathPrefix + java.lang.Integer.toString(counter)) + .png)): null

2018-12-20 16:35:54 - [TEST_STEP][PASSED] - Statement - counter = counter + 1: null

2018-12-20 16:35:54 - [TEST_STEP][PASSED] - Statement - PreSaveFile = new java.io.File(((pathPrefix + java.lang.Integer.toString(counter)) + .png)): null

2018-12-20 16:35:54 - [TEST_STEP][PASSED] - Statement - counter = counter + 1: null

2018-12-20 16:35:54 - [TEST_STEP][PASSED] - Statement - PreSaveFile = new java.io.File(((pathPrefix + java.lang.Integer.toString(counter)) + .png)): null

2018-12-20 16:35:54 - [TEST_STEP][PASSED] - Statement - counter = counter + 1: null

2018-12-20 16:35:54 - [TEST_STEP][PASSED] - Statement - PreSaveFile = new java.io.File(((pathPrefix + java.lang.Integer.toString(counter)) + .png)): null

2018-12-20 16:35:54 - [TEST_STEP][PASSED] - Statement - counter = counter + 1: null

2018-12-20 16:35:54 - [TEST_STEP][PASSED] - Statement - PreSaveFile = new java.io.File(((pathPrefix + java.lang.Integer.toString(counter)) + .png)): null

2018-12-20 16:35:54 - [TEST_STEP][PASSED] - Statement - counter = counter + 1: null

2018-12-20 16:35:54 - [TEST_STEP][PASSED] - Statement - PreSaveFile = new java.io.File(((pathPrefix + java.lang.Integer.toString(counter)) + .png)): null

2018-12-20 16:35:54 - [TEST_STEP][PASSED] - Statement - counter = counter + 1: null

2018-12-20 16:35:54 - [TEST_STEP][PASSED] - Statement - PreSaveFile = new java.io.File(((pathPrefix + java.lang.Integer.toString(counter)) + .png)): null

2018-12-20 16:35:54 - [TEST_STEP][PASSED] - Statement - counter = counter + 1: null

2018-12-20 16:35:54 - [TEST_STEP][PASSED] - Statement - PreSaveFile = new java.io.File(((pathPrefix + java.lang.Integer.toString(counter)) + .png)): null

2018-12-20 16:35:54 - [TEST_STEP][PASSED] - Statement - counter = counter + 1: null

2018-12-20 16:35:54 - [TEST_STEP][PASSED] - Statement - PreSaveFile = new java.io.File(((pathPrefix + java.lang.Integer.toString(counter)) + .png)): null

2018-12-20 16:35:55 - [TEST_STEP][PASSED] - Statement - counter = counter + 1: null

2018-12-20 16:35:55 - [TEST_STEP][PASSED] - Statement - PreSaveFile = new java.io.File(((pathPrefix + java.lang.Integer.toString(counter)) + .png)): null

2018-12-20 16:35:55 - [TEST_STEP][PASSED] - Statement - counter = counter + 1: null

2018-12-20 16:35:55 - [TEST_STEP][PASSED] - Statement - PreSaveFile = new java.io.File(((pathPrefix + java.lang.Integer.toString(counter)) + .png)): null

2018-12-20 16:35:55 - [TEST_STEP][PASSED] - Statement - counter = counter + 1: null

2018-12-20 16:35:55 - [TEST_STEP][PASSED] - Statement - PreSaveFile = new java.io.File(((pathPrefix + java.lang.Integer.toString(counter)) + .png)): null

2018-12-20 16:35:55 - [TEST_STEP][PASSED] - Statement - counter = counter + 1: null

2018-12-20 16:35:55 - [TEST_STEP][PASSED] - Statement - PreSaveFile = new java.io.File(((pathPrefix + java.lang.Integer.toString(counter)) + .png)): null

2018-12-20 16:35:55 - [TEST_STEP][PASSED] - Statement - counter = counter + 1: null

2018-12-20 16:35:55 - [TEST_STEP][PASSED] - Statement - PreSaveFile = new java.io.File(((pathPrefix + java.lang.Integer.toString(counter)) + .png)): null

2018-12-20 16:35:55 - [TEST_STEP][PASSED] - Statement - counter = counter + 1: null

2018-12-20 16:35:55 - [TEST_STEP][PASSED] - Statement - PreSaveFile = new java.io.File(((pathPrefix + java.lang.Integer.toString(counter)) + .png)): null

2018-12-20 16:35:55 - [TEST_STEP][PASSED] - Statement - counter = counter + 1: null

2018-12-20 16:35:55 - [TEST_STEP][PASSED] - Statement - PreSaveFile = new java.io.File(((pathPrefix + java.lang.Integer.toString(counter)) + .png)): null

2018-12-20 16:35:55 - [TEST_STEP][PASSED] - Statement - counter = counter + 1: null

2018-12-20 16:35:55 - [TEST_STEP][PASSED] - Statement - PreSaveFile = new java.io.File(((pathPrefix + java.lang.Integer.toString(counter)) + .png)): null

2018-12-20 16:35:55 - [TEST_STEP][PASSED] - Statement - counter = counter + 1: null

2018-12-20 16:35:55 - [TEST_STEP][PASSED] - Statement - PreSaveFile = new java.io.File(((pathPrefix + java.lang.Integer.toString(counter)) + .png)): null

2018-12-20 16:35:55 - [TEST_STEP][PASSED] - Statement - counter = counter + 1: null

2018-12-20 16:35:55 - [TEST_STEP][PASSED] - Statement - PreSaveFile = new java.io.File(((pathPrefix + java.lang.Integer.toString(counter)) + .png)): null

2018-12-20 16:35:55 - [TEST_STEP][PASSED] - Statement - counter = counter + 1: null

2018-12-20 16:35:55 - [TEST_STEP][PASSED] - Statement - PreSaveFile = new java.io.File(((pathPrefix + java.lang.Integer.toString(counter)) + .png)): null

2018-12-20 16:35:55 - [TEST_STEP][PASSED] - Statement - counter = counter + 1: null

2018-12-20 16:35:55 - [TEST_STEP][PASSED] - Statement - PreSaveFile = new java.io.File(((pathPrefix + java.lang.Integer.toString(counter)) + .png)): null

2018-12-20 16:35:55 - [TEST_STEP][PASSED] - Statement - counter = counter + 1: null

2018-12-20 16:35:55 - [TEST_STEP][PASSED] - Statement - PreSaveFile = new java.io.File(((pathPrefix + java.lang.Integer.toString(counter)) + .png)): null

2018-12-20 16:35:55 - [TEST_STEP][PASSED] - Statement - counter = counter + 1: null

2018-12-20 16:35:55 - [TEST_STEP][PASSED] - Statement - PreSaveFile = new java.io.File(((pathPrefix + java.lang.Integer.toString(counter)) + .png)): null

2018-12-20 16:35:55 - [TEST_STEP][PASSED] - Statement - counter = counter + 1: null

2018-12-20 16:35:56 - [TEST_STEP][PASSED] - Statement - PreSaveFile = new java.io.File(((pathPrefix + java.lang.Integer.toString(counter)) + .png)): null

2018-12-20 16:35:56 - [TEST_STEP][PASSED] - Statement - counter = counter + 1: null

2018-12-20 16:35:56 - [TEST_STEP][PASSED] - Statement - PreSaveFile = new java.io.File(((pathPrefix + java.lang.Integer.toString(counter)) + .png)): null

2018-12-20 16:35:56 - [TEST_STEP][PASSED] - Statement - counter = counter + 1: null

2018-12-20 16:35:56 - [TEST_STEP][PASSED] - Statement - PreSaveFile = new java.io.File(((pathPrefix + java.lang.Integer.toString(counter)) + .png)): null

2018-12-20 16:35:56 - [TEST_STEP][PASSED] - Statement - counter = counter + 1: null

2018-12-20 16:35:56 - [TEST_STEP][PASSED] - Statement - PreSaveFile = new java.io.File(((pathPrefix + java.lang.Integer.toString(counter)) + .png)): null

2018-12-20 16:35:56 - [TEST_STEP][PASSED] - Statement - counter = counter + 1: null

2018-12-20 16:35:56 - [TEST_STEP][PASSED] - Statement - PreSaveFile = new java.io.File(((pathPrefix + java.lang.Integer.toString(counter)) + .png)): null

2018-12-20 16:35:56 - [TEST_STEP][PASSED] - Statement - counter = counter + 1: null

2018-12-20 16:35:56 - [TEST_STEP][PASSED] - Statement - PreSaveFile = new java.io.File(((pathPrefix + java.lang.Integer.toString(counter)) + .png)): null

2018-12-20 16:35:56 - [TEST_STEP][PASSED] - Statement - counter = counter + 1: null

2018-12-20 16:35:56 - [TEST_STEP][PASSED] - Statement - PreSaveFile = new java.io.File(((pathPrefix + java.lang.Integer.toString(counter)) + .png)): null

2018-12-20 16:35:56 - [TEST_STEP][PASSED] - Statement - counter = counter + 1: null

2018-12-20 16:35:56 - [TEST_STEP][PASSED] - Statement - PreSaveFile = new java.io.File(((pathPrefix + java.lang.Integer.toString(counter)) + .png)): null

2018-12-20 16:35:56 - [TEST_STEP][PASSED] - Statement - counter = counter + 1: null

2018-12-20 16:35:56 - [TEST_STEP][PASSED] - Statement - PreSaveFile = new java.io.File(((pathPrefix + java.lang.Integer.toString(counter)) + .png)): null

2018-12-20 16:35:56 - [TEST_STEP][PASSED] - Statement - counter = counter + 1: null

2018-12-20 16:35:56 - [TEST_STEP][PASSED] - Statement - PreSaveFile = new java.io.File(((pathPrefix + java.lang.Integer.toString(counter)) + .png)): null

2018-12-20 16:35:56 - [TEST_STEP][PASSED] - Statement - counter = counter + 1: null

2018-12-20 16:35:56 - [TEST_STEP][PASSED] - Statement - PreSaveFile = new java.io.File(((pathPrefix + java.lang.Integer.toString(counter)) + .png)): null

2018-12-20 16:35:56 - [TEST_STEP][PASSED] - Statement - counter = counter + 1: null

2018-12-20 16:35:56 - [TEST_STEP][PASSED] - Statement - PreSaveFile = new java.io.File(((pathPrefix + java.lang.Integer.toString(counter)) + .png)): null

2018-12-20 16:35:56 - [TEST_STEP][PASSED] - Statement - counter = counter + 1: null

2018-12-20 16:35:56 - [TEST_STEP][PASSED] - Statement - PreSaveFile = new java.io.File(((pathPrefix + java.lang.Integer.toString(counter)) + .png)): null

2018-12-20 16:35:56 - [TEST_STEP][PASSED] - Statement - counter = counter + 1: null

2018-12-20 16:35:56 - [TEST_STEP][PASSED] - Statement - PreSaveFile = new java.io.File(((pathPrefix + java.lang.Integer.toString(counter)) + .png)): null

2018-12-20 16:35:56 - [TEST_STEP][PASSED] - Statement - counter = counter + 1: null

2018-12-20 16:35:57 - [TEST_STEP][PASSED] - Statement - PreSaveFile = new java.io.File(((pathPrefix + java.lang.Integer.toString(counter)) + .png)): null

2018-12-20 16:35:57 - [TEST_STEP][PASSED] - Statement - counter = counter + 1: null

2018-12-20 16:35:57 - [TEST_STEP][PASSED] - Statement - PreSaveFile = new java.io.File(((pathPrefix + java.lang.Integer.toString(counter)) + .png)): null

2018-12-20 16:35:57 - [TEST_STEP][PASSED] - Statement - counter = counter + 1: null

2018-12-20 16:35:57 - [TEST_STEP][PASSED] - Statement - PreSaveFile = new java.io.File(((pathPrefix + java.lang.Integer.toString(counter)) + .png)): null

2018-12-20 16:35:57 - [TEST_STEP][PASSED] - Statement - counter = counter + 1: null

2018-12-20 16:35:57 - [TEST_STEP][PASSED] - Statement - PreSaveFile = new java.io.File(((pathPrefix + java.lang.Integer.toString(counter)) + .png)): null

2018-12-20 16:35:57 - [TEST_STEP][PASSED] - Statement - counter = counter + 1: null

2018-12-20 16:35:57 - [TEST_STEP][PASSED] - Statement - PreSaveFile = new java.io.File(((pathPrefix + java.lang.Integer.toString(counter)) + .png)): null

2018-12-20 16:35:57 - [TEST_STEP][PASSED] - Statement - counter = counter + 1: null

2018-12-20 16:35:57 - [TEST_STEP][PASSED] - Statement - PreSaveFile = new java.io.File(((pathPrefix + java.lang.Integer.toString(counter)) + .png)): null

2018-12-20 16:35:57 - [TEST_STEP][PASSED] - Statement - counter = counter + 1: null

2018-12-20 16:35:57 - [TEST_STEP][PASSED] - Statement - PreSaveFile = new java.io.File(((pathPrefix + java.lang.Integer.toString(counter)) + .png)): null

2018-12-20 16:35:57 - [TEST_STEP][PASSED] - Statement - counter = counter + 1: null

2018-12-20 16:35:57 - [TEST_STEP][PASSED] - Statement - PreSaveFile = new java.io.File(((pathPrefix + java.lang.Integer.toString(counter)) + .png)): null

2018-12-20 16:35:57 - [TEST_STEP][PASSED] - Statement - counter = counter + 1: null

2018-12-20 16:35:57 - [TEST_STEP][PASSED] - Statement - PreSaveFile = new java.io.File(((pathPrefix + java.lang.Integer.toString(counter)) + .png)): null

2018-12-20 16:35:57 - [TEST_STEP][PASSED] - Statement - counter = counter + 1: null

2018-12-20 16:35:57 - [TEST_STEP][PASSED] - Statement - PreSaveFile = new java.io.File(((pathPrefix + java.lang.Integer.toString(counter)) + .png)): null

2018-12-20 16:35:57 - [TEST_STEP][PASSED] - Statement - counter = counter + 1: null

2018-12-20 16:35:57 - [TEST_STEP][PASSED] - Statement - PreSaveFile = new java.io.File(((pathPrefix + java.lang.Integer.toString(counter)) + .png)): null

2018-12-20 16:35:57 - [TEST_STEP][PASSED] - Statement - counter = counter + 1: null

2018-12-20 16:35:57 - [TEST_STEP][PASSED] - Statement - PreSaveFile = new java.io.File(((pathPrefix + java.lang.Integer.toString(counter)) + .png)): null

2018-12-20 16:35:57 - [TEST_STEP][PASSED] - Statement - counter = counter + 1: null

2018-12-20 16:35:57 - [TEST_STEP][PASSED] - Statement - PreSaveFile = new java.io.File(((pathPrefix + java.lang.Integer.toString(counter)) + .png)): null

2018-12-20 16:35:57 - [TEST_STEP][PASSED] - Statement - counter = counter + 1: null

2018-12-20 16:35:57 - [TEST_STEP][PASSED] - Statement - PreSaveFile = new java.io.File(((pathPrefix + java.lang.Integer.toString(counter)) + .png)): null

2018-12-20 16:35:57 - [TEST_STEP][PASSED] - Statement - counter = counter + 1: null

2018-12-20 16:35:57 - [TEST_STEP][PASSED] - Statement - PreSaveFile = new java.io.File(((pathPrefix + java.lang.Integer.toString(counter)) + .png)): null

2018-12-20 16:35:58 - [TEST_STEP][PASSED] - Statement - counter = counter + 1: null

2018-12-20 16:35:58 - [TEST_STEP][PASSED] - Statement - PreSaveFile = new java.io.File(((pathPrefix + java.lang.Integer.toString(counter)) + .png)): null

2018-12-20 16:35:58 - [TEST_STEP][PASSED] - Statement - counter = counter + 1: null

2018-12-20 16:35:58 - [TEST_STEP][PASSED] - Statement - PreSaveFile = new java.io.File(((pathPrefix + java.lang.Integer.toString(counter)) + .png)): null

2018-12-20 16:35:58 - [TEST_STEP][PASSED] - Statement - counter = counter + 1: null

2018-12-20 16:35:58 - [TEST_STEP][PASSED] - Statement - PreSaveFile = new java.io.File(((pathPrefix + java.lang.Integer.toString(counter)) + .png)): null

2018-12-20 16:35:58 - [TEST_STEP][PASSED] - Statement - counter = counter + 1: null

2018-12-20 16:35:58 - [TEST_STEP][PASSED] - Statement - PreSaveFile = new java.io.File(((pathPrefix + java.lang.Integer.toString(counter)) + .png)): null

2018-12-20 16:35:58 - [TEST_STEP][PASSED] - Statement - counter = counter + 1: null

2018-12-20 16:35:58 - [TEST_STEP][PASSED] - Statement - PreSaveFile = new java.io.File(((pathPrefix + java.lang.Integer.toString(counter)) + .png)): null

2018-12-20 16:35:58 - [TEST_STEP][PASSED] - Statement - counter = counter + 1: null

2018-12-20 16:35:58 - [TEST_STEP][PASSED] - Statement - PreSaveFile = new java.io.File(((pathPrefix + java.lang.Integer.toString(counter)) + .png)): null

2018-12-20 16:35:58 - [TEST_STEP][PASSED] - Statement - counter = counter + 1: null

2018-12-20 16:35:58 - [TEST_STEP][PASSED] - Statement - PreSaveFile = new java.io.File(((pathPrefix + java.lang.Integer.toString(counter)) + .png)): null

2018-12-20 16:35:58 - [TEST_STEP][PASSED] - Statement - counter = counter + 1: null

2018-12-20 16:35:58 - [TEST_STEP][PASSED] - Statement - PreSaveFile = new java.io.File(((pathPrefix + java.lang.Integer.toString(counter)) + .png)): null

2018-12-20 16:35:58 - [TEST_STEP][PASSED] - Statement - counter = counter + 1: null

2018-12-20 16:35:58 - [TEST_STEP][PASSED] - Statement - PreSaveFile = new java.io.File(((pathPrefix + java.lang.Integer.toString(counter)) + .png)): null

2018-12-20 16:35:58 - [TEST_STEP][PASSED] - Statement - counter = counter + 1: null

2018-12-20 16:35:58 - [TEST_STEP][PASSED] - Statement - PreSaveFile = new java.io.File(((pathPrefix + java.lang.Integer.toString(counter)) + .png)): null

2018-12-20 16:35:58 - [TEST_STEP][PASSED] - Statement - counter = counter + 1: null

2018-12-20 16:35:58 - [TEST_STEP][PASSED] - Statement - PreSaveFile = new java.io.File(((pathPrefix + java.lang.Integer.toString(counter)) + .png)): null

2018-12-20 16:35:58 - [TEST_STEP][PASSED] - Statement - counter = counter + 1: null

2018-12-20 16:35:58 - [TEST_STEP][PASSED] - Statement - PreSaveFile = new java.io.File(((pathPrefix + java.lang.Integer.toString(counter)) + .png)): null

2018-12-20 16:35:58 - [TEST_STEP][PASSED] - Statement - counter = counter + 1: null

2018-12-20 16:35:58 - [TEST_STEP][PASSED] - Statement - PreSaveFile = new java.io.File(((pathPrefix + java.lang.Integer.toString(counter)) + .png)): null

2018-12-20 16:35:58 - [TEST_STEP][PASSED] - Statement - counter = counter + 1: null

2018-12-20 16:35:58 - [TEST_STEP][PASSED] - Statement - PreSaveFile = new java.io.File(((pathPrefix + java.lang.Integer.toString(counter)) + .png)): null

2018-12-20 16:35:58 - [TEST_STEP][PASSED] - Statement - counter = counter + 1: null

2018-12-20 16:35:59 - [TEST_STEP][PASSED] - Statement - PreSaveFile = new java.io.File(((pathPrefix + java.lang.Integer.toString(counter)) + .png)): null

2018-12-20 16:35:59 - [TEST_STEP][PASSED] - Statement - counter = counter + 1: null

2018-12-20 16:35:59 - [TEST_STEP][PASSED] - Statement - PreSaveFile = new java.io.File(((pathPrefix + java.lang.Integer.toString(counter)) + .png)): null

2018-12-20 16:35:59 - [TEST_STEP][PASSED] - Statement - counter = counter + 1: null

2018-12-20 16:35:59 - [TEST_STEP][PASSED] - Statement - PreSaveFile = new java.io.File(((pathPrefix + java.lang.Integer.toString(counter)) + .png)): null

2018-12-20 16:35:59 - [TEST_STEP][PASSED] - Statement - counter = counter + 1: null

2018-12-20 16:35:59 - [TEST_STEP][PASSED] - Statement - PreSaveFile = new java.io.File(((pathPrefix + java.lang.Integer.toString(counter)) + .png)): null

2018-12-20 16:35:59 - [TEST_STEP][PASSED] - Statement - counter = counter + 1: null

2018-12-20 16:35:59 - [TEST_STEP][PASSED] - Statement - PreSaveFile = new java.io.File(((pathPrefix + java.lang.Integer.toString(counter)) + .png)): null

2018-12-20 16:35:59 - [TEST_STEP][PASSED] - Statement - counter = counter + 1: null

2018-12-20 16:35:59 - [TEST_STEP][PASSED] - Statement - PreSaveFile = new java.io.File(((pathPrefix + java.lang.Integer.toString(counter)) + .png)): null

2018-12-20 16:35:59 - [TEST_STEP][PASSED] - Statement - counter = counter + 1: null

2018-12-20 16:35:59 - [TEST_STEP][PASSED] - Statement - PreSaveFile = new java.io.File(((pathPrefix + java.lang.Integer.toString(counter)) + .png)): null

2018-12-20 16:35:59 - [TEST_STEP][PASSED] - Statement - counter = counter + 1: null

2018-12-20 16:35:59 - [TEST_STEP][PASSED] - Statement - PreSaveFile = new java.io.File(((pathPrefix + java.lang.Integer.toString(counter)) + .png)): null

2018-12-20 16:35:59 - [TEST_STEP][PASSED] - Statement - counter = counter + 1: null

2018-12-20 16:35:59 - [TEST_STEP][PASSED] - Statement - PreSaveFile = new java.io.File(((pathPrefix + java.lang.Integer.toString(counter)) + .png)): null

2018-12-20 16:35:59 - [TEST_STEP][PASSED] - Statement - counter = counter + 1: null

2018-12-20 16:35:59 - [TEST_STEP][PASSED] - Statement - PreSaveFile = new java.io.File(((pathPrefix + java.lang.Integer.toString(counter)) + .png)): null

2018-12-20 16:35:59 - [TEST_STEP][PASSED] - Statement - counter = counter + 1: null

2018-12-20 16:35:59 - [TEST_STEP][PASSED] - Statement - PreSaveFile = new java.io.File(((pathPrefix + java.lang.Integer.toString(counter)) + .png)): null

2018-12-20 16:35:59 - [TEST_STEP][PASSED] - Statement - counter = counter + 1: null

2018-12-20 16:35:59 - [TEST_STEP][PASSED] - Statement - PreSaveFile = new java.io.File(((pathPrefix + java.lang.Integer.toString(counter)) + .png)): null

2018-12-20 16:35:59 - [TEST_STEP][PASSED] - Statement - counter = counter + 1: null

2018-12-20 16:35:59 - [TEST_STEP][PASSED] - Statement - PreSaveFile = new java.io.File(((pathPrefix + java.lang.Integer.toString(counter)) + .png)): null

2018-12-20 16:35:59 - [TEST_STEP][PASSED] - Statement - counter = counter + 1: null

2018-12-20 16:35:59 - [TEST_STEP][PASSED] - Statement - PreSaveFile = new java.io.File(((pathPrefix + java.lang.Integer.toString(counter)) + .png)): null

2018-12-20 16:35:59 - [TEST_STEP][PASSED] - Statement - counter = counter + 1: null

2018-12-20 16:35:59 - [TEST_STEP][PASSED] - Statement - PreSaveFile = new java.io.File(((pathPrefix + java.lang.Integer.toString(counter)) + .png)): null

2018-12-20 16:36:00 - [TEST_STEP][PASSED] - Statement - counter = counter + 1: null

2018-12-20 16:36:00 - [TEST_STEP][PASSED] - Statement - PreSaveFile = new java.io.File(((pathPrefix + java.lang.Integer.toString(counter)) + .png)): null

2018-12-20 16:36:00 - [TEST_STEP][PASSED] - Statement - counter = counter + 1: null

2018-12-20 16:36:00 - [TEST_STEP][PASSED] - Statement - PreSaveFile = new java.io.File(((pathPrefix + java.lang.Integer.toString(counter)) + .png)): null

2018-12-20 16:36:00 - [TEST_STEP][PASSED] - Statement - counter = counter + 1: null

2018-12-20 16:36:00 - [TEST_STEP][PASSED] - Statement - PreSaveFile = new java.io.File(((pathPrefix + java.lang.Integer.toString(counter)) + .png)): null

2018-12-20 16:36:00 - [TEST_STEP][PASSED] - Statement - counter = counter + 1: null

2018-12-20 16:36:00 - [TEST_STEP][PASSED] - Statement - PreSaveFile = new java.io.File(((pathPrefix + java.lang.Integer.toString(counter)) + .png)): null

2018-12-20 16:36:00 - [TEST_STEP][PASSED] - Statement - counter = counter + 1: null

2018-12-20 16:36:00 - [TEST_STEP][PASSED] - Statement - PreSaveFile = new java.io.File(((pathPrefix + java.lang.Integer.toString(counter)) + .png)): null

2018-12-20 16:36:00 - [TEST_STEP][PASSED] - Statement - counter = counter + 1: null

2018-12-20 16:36:00 - [TEST_STEP][PASSED] - Statement - PreSaveFile = new java.io.File(((pathPrefix + java.lang.Integer.toString(counter)) + .png)): null

2018-12-20 16:36:00 - [TEST_STEP][PASSED] - Statement - counter = counter + 1: null

2018-12-20 16:36:00 - [TEST_STEP][PASSED] - Statement - PreSaveFile = new java.io.File(((pathPrefix + java.lang.Integer.toString(counter)) + .png)): null

2018-12-20 16:36:00 - [TEST_STEP][PASSED] - Statement - counter = counter + 1: null

2018-12-20 16:36:00 - [TEST_STEP][PASSED] - Statement - PreSaveFile = new java.io.File(((pathPrefix + java.lang.Integer.toString(counter)) + .png)): null

2018-12-20 16:36:00 - [TEST_STEP][PASSED] - Statement - counter = counter + 1: null

2018-12-20 16:36:00 - [TEST_STEP][PASSED] - Statement - PreSaveFile = new java.io.File(((pathPrefix + java.lang.Integer.toString(counter)) + .png)): null

2018-12-20 16:36:00 - [TEST_STEP][PASSED] - Statement - counter = counter + 1: null

2018-12-20 16:36:00 - [TEST_STEP][PASSED] - Statement - PreSaveFile = new java.io.File(((pathPrefix + java.lang.Integer.toString(counter)) + .png)): null

2018-12-20 16:36:00 - [TEST_STEP][PASSED] - Statement - counter = counter + 1: null

2018-12-20 16:36:00 - [TEST_STEP][PASSED] - Statement - PreSaveFile = new java.io.File(((pathPrefix + java.lang.Integer.toString(counter)) + .png)): null

2018-12-20 16:36:00 - [TEST_STEP][PASSED] - Statement - counter = counter + 1: null

2018-12-20 16:36:00 - [TEST_STEP][PASSED] - Statement - PreSaveFile = new java.io.File(((pathPrefix + java.lang.Integer.toString(counter)) + .png)): null

2018-12-20 16:36:00 - [TEST_STEP][PASSED] - Statement - counter = counter + 1: null

2018-12-20 16:36:00 - [TEST_STEP][PASSED] - Statement - PreSaveFile = new java.io.File(((pathPrefix + java.lang.Integer.toString(counter)) + .png)): null

2018-12-20 16:36:00 - [TEST_STEP][PASSED] - Statement - counter = counter + 1: null

2018-12-20 16:36:00 - [TEST_STEP][PASSED] - Statement - PreSaveFile = new java.io.File(((pathPrefix + java.lang.Integer.toString(counter)) + .png)): null

2018-12-20 16:36:00 - [TEST_STEP][PASSED] - Statement - counter = counter + 1: null

2018-12-20 16:36:01 - [TEST_STEP][PASSED] - Statement - PreSaveFile = new java.io.File(((pathPrefix + java.lang.Integer.toString(counter)) + .png)): null

2018-12-20 16:36:01 - [TEST_STEP][PASSED] - Statement - counter = counter + 1: null

2018-12-20 16:36:01 - [TEST_STEP][PASSED] - Statement - PreSaveFile = new java.io.File(((pathPrefix + java.lang.Integer.toString(counter)) + .png)): null

2018-12-20 16:36:01 - [TEST_STEP][PASSED] - Statement - counter = counter + 1: null

2018-12-20 16:36:01 - [TEST_STEP][PASSED] - Statement - PreSaveFile = new java.io.File(((pathPrefix + java.lang.Integer.toString(counter)) + .png)): null

2018-12-20 16:36:01 - [TEST_STEP][PASSED] - Statement - counter = counter + 1: null

2018-12-20 16:36:01 - [TEST_STEP][PASSED] - Statement - PreSaveFile = new java.io.File(((pathPrefix + java.lang.Integer.toString(counter)) + .png)): null

2018-12-20 16:36:01 - [TEST_STEP][PASSED] - Statement - counter = counter + 1: null

2018-12-20 16:36:01 - [TEST_STEP][PASSED] - Statement - PreSaveFile = new java.io.File(((pathPrefix + java.lang.Integer.toString(counter)) + .png)): null

2018-12-20 16:36:01 - [TEST_STEP][PASSED] - Statement - counter = counter + 1: null

2018-12-20 16:36:01 - [TEST_STEP][PASSED] - Statement - PreSaveFile = new java.io.File(((pathPrefix + java.lang.Integer.toString(counter)) + .png)): null

2018-12-20 16:36:01 - [TEST_STEP][PASSED] - Statement - counter = counter + 1: null

2018-12-20 16:36:01 - [TEST_STEP][PASSED] - Statement - PreSaveFile = new java.io.File(((pathPrefix + java.lang.Integer.toString(counter)) + .png)): null

2018-12-20 16:36:01 - [TEST_STEP][PASSED] - Statement - counter = counter + 1: null

2018-12-20 16:36:01 - [TEST_STEP][PASSED] - Statement - PreSaveFile = new java.io.File(((pathPrefix + java.lang.Integer.toString(counter)) + .png)): null

2018-12-20 16:36:01 - [TEST_STEP][PASSED] - Statement - counter = counter + 1: null

2018-12-20 16:36:01 - [TEST_STEP][PASSED] - Statement - PreSaveFile = new java.io.File(((pathPrefix + java.lang.Integer.toString(counter)) + .png)): null

2018-12-20 16:36:01 - [TEST_STEP][PASSED] - Statement - counter = counter + 1: null

2018-12-20 16:36:01 - [TEST_STEP][PASSED] - Statement - PreSaveFile = new java.io.File(((pathPrefix + java.lang.Integer.toString(counter)) + .png)): null

2018-12-20 16:36:01 - [TEST_STEP][PASSED] - Statement - counter = counter + 1: null

2018-12-20 16:36:01 - [TEST_STEP][PASSED] - Statement - PreSaveFile = new java.io.File(((pathPrefix + java.lang.Integer.toString(counter)) + .png)): null

2018-12-20 16:36:01 - [TEST_STEP][PASSED] - Statement - counter = counter + 1: null

2018-12-20 16:36:01 - [TEST_STEP][PASSED] - Statement - PreSaveFile = new java.io.File(((pathPrefix + java.lang.Integer.toString(counter)) + .png)): null

2018-12-20 16:36:01 - [TEST_STEP][PASSED] - Statement - counter = counter + 1: null

2018-12-20 16:36:01 - [TEST_STEP][PASSED] - Statement - PreSaveFile = new java.io.File(((pathPrefix + java.lang.Integer.toString(counter)) + .png)): null

2018-12-20 16:36:01 - [TEST_STEP][PASSED] - Statement - counter = counter + 1: null

2018-12-20 16:36:01 - [TEST_STEP][PASSED] - Statement - PreSaveFile = new java.io.File(((pathPrefix + java.lang.Integer.toString(counter)) + .png)): null

2018-12-20 16:36:01 - [TEST_STEP][PASSED] - Statement - counter = counter + 1: null

2018-12-20 16:36:01 - [TEST_STEP][PASSED] - Statement - PreSaveFile = new java.io.File(((pathPrefix + java.lang.Integer.toString(counter)) + .png)): null

2018-12-20 16:36:02 - [TEST_STEP][PASSED] - Statement - counter = counter + 1: null

2018-12-20 16:36:02 - [TEST_STEP][PASSED] - Statement - PreSaveFile = new java.io.File(((pathPrefix + java.lang.Integer.toString(counter)) + .png)): null

2018-12-20 16:36:02 - [TEST_STEP][PASSED] - Statement - counter = counter + 1: null

2018-12-20 16:36:02 - [TEST_STEP][PASSED] - Statement - PreSaveFile = new java.io.File(((pathPrefix + java.lang.Integer.toString(counter)) + .png)): null

2018-12-20 16:36:02 - [TEST_STEP][PASSED] - Statement - counter = counter + 1: null

2018-12-20 16:36:02 - [TEST_STEP][PASSED] - Statement - PreSaveFile = new java.io.File(((pathPrefix + java.lang.Integer.toString(counter)) + .png)): null

2018-12-20 16:36:02 - [TEST_STEP][PASSED] - Statement - counter = counter + 1: null

2018-12-20 16:36:02 - [TEST_STEP][PASSED] - Statement - PreSaveFile = new java.io.File(((pathPrefix + java.lang.Integer.toString(counter)) + .png)): null

2018-12-20 16:36:02 - [TEST_STEP][PASSED] - Statement - counter = counter + 1: null

2018-12-20 16:36:02 - [TEST_STEP][PASSED] - Statement - PreSaveFile = new java.io.File(((pathPrefix + java.lang.Integer.toString(counter)) + .png)): null

2018-12-20 16:36:02 - [TEST_STEP][PASSED] - Statement - counter = counter + 1: null

2018-12-20 16:36:02 - [TEST_STEP][PASSED] - Statement - PreSaveFile = new java.io.File(((pathPrefix + java.lang.Integer.toString(counter)) + .png)): null

2018-12-20 16:36:02 - [TEST_STEP][PASSED] - Statement - counter = counter + 1: null

2018-12-20 16:36:02 - [TEST_STEP][PASSED] - Statement - PreSaveFile = new java.io.File(((pathPrefix + java.lang.Integer.toString(counter)) + .png)): null

2018-12-20 16:36:02 - [TEST_STEP][PASSED] - Statement - counter = counter + 1: null

2018-12-20 16:36:02 - [TEST_STEP][PASSED] - Statement - PreSaveFile = new java.io.File(((pathPrefix + java.lang.Integer.toString(counter)) + .png)): null

2018-12-20 16:36:02 - [TEST_STEP][PASSED] - Statement - counter = counter + 1: null

2018-12-20 16:36:02 - [TEST_STEP][PASSED] - Statement - PreSaveFile = new java.io.File(((pathPrefix + java.lang.Integer.toString(counter)) + .png)): null

2018-12-20 16:36:02 - [TEST_STEP][PASSED] - Statement - counter = counter + 1: null

2018-12-20 16:36:02 - [TEST_STEP][PASSED] - Statement - PreSaveFile = new java.io.File(((pathPrefix + java.lang.Integer.toString(counter)) + .png)): null

2018-12-20 16:36:02 - [TEST_STEP][PASSED] - Statement - counter = counter + 1: null

2018-12-20 16:36:02 - [TEST_STEP][PASSED] - Statement - PreSaveFile = new java.io.File(((pathPrefix + java.lang.Integer.toString(counter)) + .png)): null

2018-12-20 16:36:02 - [TEST_STEP][PASSED] - Statement - counter = counter + 1: null

2018-12-20 16:36:02 - [TEST_STEP][PASSED] - Statement - PreSaveFile = new java.io.File(((pathPrefix + java.lang.Integer.toString(counter)) + .png)): null

2018-12-20 16:36:02 - [TEST_STEP][PASSED] - Statement - counter = counter + 1: null

2018-12-20 16:36:02 - [TEST_STEP][PASSED] - Statement - PreSaveFile = new java.io.File(((pathPrefix + java.lang.Integer.toString(counter)) + .png)): null

2018-12-20 16:36:02 - [TEST_STEP][PASSED] - Statement - counter = counter + 1: null

2018-12-20 16:36:02 - [TEST_STEP][PASSED] - Statement - PreSaveFile = new java.io.File(((pathPrefix + java.lang.Integer.toString(counter)) + .png)): null

2018-12-20 16:36:02 - [TEST_STEP][PASSED] - Statement - counter = counter + 1: null

2018-12-20 16:36:02 - [TEST_STEP][PASSED] - Statement - PreSaveFile = new java.io.File(((pathPrefix + java.lang.Integer.toString(counter)) + .png)): null

2018-12-20 16:36:02 - [TEST_STEP][PASSED] - Statement - counter = counter + 1: null

2018-12-20 16:36:02 - [TEST_STEP][PASSED] - Statement - PreSaveFile = new java.io.File(((pathPrefix + java.lang.Integer.toString(counter)) + .png)): null

2018-12-20 16:36:02 - [TEST_STEP][PASSED] - Statement - counter = counter + 1: null

2018-12-20 16:36:02 - [TEST_STEP][PASSED] - Statement - PreSaveFile = new java.io.File(((pathPrefix + java.lang.Integer.toString(counter)) + .png)): null

2018-12-20 16:36:02 - [TEST_STEP][PASSED] - Statement - counter = counter + 1: null

2018-12-20 16:36:02 - [TEST_STEP][PASSED] - Statement - PreSaveFile = new java.io.File(((pathPrefix + java.lang.Integer.toString(counter)) + .png)): null

2018-12-20 16:36:02 - [TEST_STEP][PASSED] - Statement - counter = counter + 1: null

2018-12-20 16:36:02 - [TEST_STEP][PASSED] - Statement - PreSaveFile = new java.io.File(((pathPrefix + java.lang.Integer.toString(counter)) + .png)): null

2018-12-20 16:36:03 - [TEST_STEP][PASSED] - Statement - counter = counter + 1: null

2018-12-20 16:36:03 - [TEST_STEP][PASSED] - Statement - PreSaveFile = new java.io.File(((pathPrefix + java.lang.Integer.toString(counter)) + .png)): null

2018-12-20 16:36:03 - [TEST_STEP][PASSED] - Statement - counter = counter + 1: null

2018-12-20 16:36:03 - [TEST_STEP][PASSED] - Statement - PreSaveFile = new java.io.File(((pathPrefix + java.lang.Integer.toString(counter)) + .png)): null

2018-12-20 16:36:03 - [TEST_STEP][PASSED] - Statement - counter = counter + 1: null

2018-12-20 16:36:03 - [TEST_STEP][PASSED] - Statement - PreSaveFile = new java.io.File(((pathPrefix + java.lang.Integer.toString(counter)) + .png)): null

2018-12-20 16:36:03 - [TEST_STEP][PASSED] - Statement - counter = counter + 1: null

2018-12-20 16:36:03 - [TEST_STEP][PASSED] - Statement - PreSaveFile = new java.io.File(((pathPrefix + java.lang.Integer.toString(counter)) + .png)): null

2018-12-20 16:36:03 - [TEST_STEP][PASSED] - Statement - counter = counter + 1: null

2018-12-20 16:36:03 - [TEST_STEP][PASSED] - Statement - PreSaveFile = new java.io.File(((pathPrefix + java.lang.Integer.toString(counter)) + .png)): null

2018-12-20 16:36:03 - [TEST_STEP][PASSED] - Statement - counter = counter + 1: null

2018-12-20 16:36:03 - [TEST_STEP][PASSED] - Statement - PreSaveFile = new java.io.File(((pathPrefix + java.lang.Integer.toString(counter)) + .png)): null

2018-12-20 16:36:03 - [TEST_STEP][PASSED] - Statement - counter = counter + 1: null

2018-12-20 16:36:03 - [TEST_STEP][PASSED] - Statement - PreSaveFile = new java.io.File(((pathPrefix + java.lang.Integer.toString(counter)) + .png)): null

2018-12-20 16:36:03 - [TEST_STEP][PASSED] - Statement - counter = counter + 1: null

2018-12-20 16:36:03 - [TEST_STEP][PASSED] - Statement - PreSaveFile = new java.io.File(((pathPrefix + java.lang.Integer.toString(counter)) + .png)): null

2018-12-20 16:36:03 - [TEST_STEP][PASSED] - Statement - counter = counter + 1: null

2018-12-20 16:36:03 - [TEST_STEP][PASSED] - Statement - PreSaveFile = new java.io.File(((pathPrefix + java.lang.Integer.toString(counter)) + .png)): null

2018-12-20 16:36:03 - [TEST_STEP][PASSED] - Statement - counter = counter + 1: null

2018-12-20 16:36:03 - [TEST_STEP][PASSED] - Statement - PreSaveFile = new java.io.File(((pathPrefix + java.lang.Integer.toString(counter)) + .png)): null

2018-12-20 16:36:03 - [TEST_STEP][PASSED] - Statement - counter = counter + 1: null

2018-12-20 16:36:03 - [TEST_STEP][PASSED] - Statement - PreSaveFile = new java.io.File(((pathPrefix + java.lang.Integer.toString(counter)) + .png)): null

2018-12-20 16:36:03 - [TEST_STEP][PASSED] - Statement - counter = counter + 1: null

2018-12-20 16:36:03 - [TEST_STEP][PASSED] - Statement - PreSaveFile = new java.io.File(((pathPrefix + java.lang.Integer.toString(counter)) + .png)): null

2018-12-20 16:36:03 - [TEST_STEP][PASSED] - Statement - counter = counter + 1: null

2018-12-20 16:36:03 - [TEST_STEP][PASSED] - Statement - PreSaveFile = new java.io.File(((pathPrefix + java.lang.Integer.toString(counter)) + .png)): null

2018-12-20 16:36:03 - [TEST_STEP][PASSED] - Statement - counter = counter + 1: null

2018-12-20 16:36:03 - [TEST_STEP][PASSED] - Statement - PreSaveFile = new java.io.File(((pathPrefix + java.lang.Integer.toString(counter)) + .png)): null

2018-12-20 16:36:03 - [TEST_STEP][PASSED] - Statement - counter = counter + 1: null

2018-12-20 16:36:04 - [TEST_STEP][PASSED] - Statement - PreSaveFile = new java.io.File(((pathPrefix + java.lang.Integer.toString(counter)) + .png)): null

2018-12-20 16:36:04 - [TEST_STEP][PASSED] - Statement - counter = counter + 1: null

2018-12-20 16:36:04 - [TEST_STEP][PASSED] - Statement - PreSaveFile = new java.io.File(((pathPrefix + java.lang.Integer.toString(counter)) + .png)): null

2018-12-20 16:36:04 - [TEST_STEP][PASSED] - Statement - counter = counter + 1: null

2018-12-20 16:36:04 - [TEST_STEP][PASSED] - Statement - PreSaveFile = new java.io.File(((pathPrefix + java.lang.Integer.toString(counter)) + .png)): null

2018-12-20 16:36:04 - [TEST_STEP][PASSED] - Statement - counter = counter + 1: null

2018-12-20 16:36:04 - [TEST_STEP][PASSED] - Statement - PreSaveFile = new java.io.File(((pathPrefix + java.lang.Integer.toString(counter)) + .png)): null

2018-12-20 16:36:04 - [TEST_STEP][PASSED] - Statement - counter = counter + 1: null

2018-12-20 16:36:04 - [TEST_STEP][PASSED] - Statement - PreSaveFile = new java.io.File(((pathPrefix + java.lang.Integer.toString(counter)) + .png)): null

2018-12-20 16:36:04 - [TEST_STEP][PASSED] - Statement - counter = counter + 1: null

2018-12-20 16:36:04 - [TEST_STEP][PASSED] - Statement - PreSaveFile = new java.io.File(((pathPrefix + java.lang.Integer.toString(counter)) + .png)): null

2018-12-20 16:36:04 - [TEST_STEP][PASSED] - Statement - counter = counter + 1: null

2018-12-20 16:36:04 - [TEST_STEP][PASSED] - Statement - PreSaveFile = new java.io.File(((pathPrefix + java.lang.Integer.toString(counter)) + .png)): null

2018-12-20 16:36:04 - [TEST_STEP][PASSED] - Statement - counter = counter + 1: null

2018-12-20 16:36:04 - [TEST_STEP][PASSED] - Statement - PreSaveFile = new java.io.File(((pathPrefix + java.lang.Integer.toString(counter)) + .png)): null

2018-12-20 16:36:04 - [TEST_STEP][PASSED] - Statement - counter = counter + 1: null

2018-12-20 16:36:04 - [TEST_STEP][PASSED] - Statement - PreSaveFile = new java.io.File(((pathPrefix + java.lang.Integer.toString(counter)) + .png)): null

2018-12-20 16:36:04 - [TEST_STEP][PASSED] - Statement - counter = counter + 1: null

2018-12-20 16:36:04 - [TEST_STEP][PASSED] - Statement - PreSaveFile = new java.io.File(((pathPrefix + java.lang.Integer.toString(counter)) + .png)): null

2018-12-20 16:36:04 - [TEST_STEP][PASSED] - Statement - counter = counter + 1: null

2018-12-20 16:36:04 - [TEST_STEP][PASSED] - Statement - PreSaveFile = new java.io.File(((pathPrefix + java.lang.Integer.toString(counter)) + .png)): null

2018-12-20 16:36:04 - [TEST_STEP][PASSED] - Statement - counter = counter + 1: null

2018-12-20 16:36:04 - [TEST_STEP][PASSED] - Statement - PreSaveFile = new java.io.File(((pathPrefix + java.lang.Integer.toString(counter)) + .png)): null

2018-12-20 16:36:04 - [TEST_STEP][PASSED] - Statement - counter = counter + 1: null

2018-12-20 16:36:04 - [TEST_STEP][PASSED] - Statement - PreSaveFile = new java.io.File(((pathPrefix + java.lang.Integer.toString(counter)) + .png)): null

2018-12-20 16:36:04 - [TEST_STEP][PASSED] - Statement - counter = counter + 1: null

2018-12-20 16:36:04 - [TEST_STEP][PASSED] - Statement - PreSaveFile = new java.io.File(((pathPrefix + java.lang.Integer.toString(counter)) + .png)): null

2018-12-20 16:36:04 - [TEST_STEP][PASSED] - Statement - counter = counter + 1: null

2018-12-20 16:36:04 - [TEST_STEP][PASSED] - Statement - PreSaveFile = new java.io.File(((pathPrefix + java.lang.Integer.toString(counter)) + .png)): null

2018-12-20 16:36:05 - [TEST_STEP][PASSED] - Statement - counter = counter + 1: null

2018-12-20 16:36:05 - [TEST_STEP][PASSED] - Statement - PreSaveFile = new java.io.File(((pathPrefix + java.lang.Integer.toString(counter)) + .png)): null

2018-12-20 16:36:05 - [TEST_STEP][PASSED] - Statement - counter = counter + 1: null

2018-12-20 16:36:05 - [TEST_STEP][PASSED] - Statement - PreSaveFile = new java.io.File(((pathPrefix + java.lang.Integer.toString(counter)) + .png)): null

2018-12-20 16:36:05 - [TEST_STEP][PASSED] - Statement - counter = counter + 1: null

2018-12-20 16:36:05 - [TEST_STEP][PASSED] - Statement - PreSaveFile = new java.io.File(((pathPrefix + java.lang.Integer.toString(counter)) + .png)): null

2018-12-20 16:36:05 - [TEST_STEP][PASSED] - Statement - counter = counter + 1: null

2018-12-20 16:36:05 - [TEST_STEP][PASSED] - Statement - PreSaveFile = new java.io.File(((pathPrefix + java.lang.Integer.toString(counter)) + .png)): null

2018-12-20 16:36:05 - [TEST_STEP][PASSED] - Statement - counter = counter + 1: null

2018-12-20 16:36:05 - [TEST_STEP][PASSED] - Statement - PreSaveFile = new java.io.File(((pathPrefix + java.lang.Integer.toString(counter)) + .png)): null

2018-12-20 16:36:05 - [TEST_STEP][PASSED] - Statement - counter = counter + 1: null

2018-12-20 16:36:05 - [TEST_STEP][PASSED] - Statement - PreSaveFile = new java.io.File(((pathPrefix + java.lang.Integer.toString(counter)) + .png)): null

2018-12-20 16:36:05 - [TEST_STEP][PASSED] - Statement - counter = counter + 1: null

2018-12-20 16:36:05 - [TEST_STEP][PASSED] - Statement - PreSaveFile = new java.io.File(((pathPrefix + java.lang.Integer.toString(counter)) + .png)): null

2018-12-20 16:36:05 - [TEST_STEP][PASSED] - Statement - counter = counter + 1: null

2018-12-20 16:36:05 - [TEST_STEP][PASSED] - Statement - PreSaveFile = new java.io.File(((pathPrefix + java.lang.Integer.toString(counter)) + .png)): null

2018-12-20 16:36:05 - [TEST_STEP][PASSED] - Statement - counter = counter + 1: null

2018-12-20 16:36:05 - [TEST_STEP][PASSED] - Statement - PreSaveFile = new java.io.File(((pathPrefix + java.lang.Integer.toString(counter)) + .png)): null

2018-12-20 16:36:05 - [TEST_STEP][PASSED] - Statement - counter = counter + 1: null

2018-12-20 16:36:05 - [TEST_STEP][PASSED] - Statement - PreSaveFile = new java.io.File(((pathPrefix + java.lang.Integer.toString(counter)) + .png)): null

2018-12-20 16:36:05 - [TEST_STEP][PASSED] - Statement - counter = counter + 1: null

2018-12-20 16:36:05 - [TEST_STEP][PASSED] - Statement - PreSaveFile = new java.io.File(((pathPrefix + java.lang.Integer.toString(counter)) + .png)): null

2018-12-20 16:36:05 - [TEST_STEP][PASSED] - Statement - counter = counter + 1: null

2018-12-20 16:36:05 - [TEST_STEP][PASSED] - Statement - PreSaveFile = new java.io.File(((pathPrefix + java.lang.Integer.toString(counter)) + .png)): null

2018-12-20 16:36:05 - [TEST_STEP][PASSED] - Statement - counter = counter + 1: null

2018-12-20 16:36:05 - [TEST_STEP][PASSED] - Statement - PreSaveFile = new java.io.File(((pathPrefix + java.lang.Integer.toString(counter)) + .png)): null

2018-12-20 16:36:05 - [TEST_STEP][PASSED] - Statement - counter = counter + 1: null

2018-12-20 16:36:05 - [TEST_STEP][PASSED] - Statement - PreSaveFile = new java.io.File(((pathPrefix + java.lang.Integer.toString(counter)) + .png)): null

2018-12-20 16:36:06 - [TEST_STEP][PASSED] - Statement - counter = counter + 1: null

2018-12-20 16:36:06 - [TEST_STEP][PASSED] - Statement - PreSaveFile = new java.io.File(((pathPrefix + java.lang.Integer.toString(counter)) + .png)): null

2018-12-20 16:36:06 - [TEST_STEP][PASSED] - Statement - counter = counter + 1: null

2018-12-20 16:36:06 - [TEST_STEP][PASSED] - Statement - PreSaveFile = new java.io.File(((pathPrefix + java.lang.Integer.toString(counter)) + .png)): null

2018-12-20 16:36:06 - [TEST_STEP][PASSED] - Statement - counter = counter + 1: null

2018-12-20 16:36:06 - [TEST_STEP][PASSED] - Statement - PreSaveFile = new java.io.File(((pathPrefix + java.lang.Integer.toString(counter)) + .png)): null

2018-12-20 16:36:06 - [TEST_STEP][PASSED] - Statement - counter = counter + 1: null

2018-12-20 16:36:06 - [TEST_STEP][PASSED] - Statement - PreSaveFile = new java.io.File(((pathPrefix + java.lang.Integer.toString(counter)) + .png)): null

2018-12-20 16:36:06 - [TEST_STEP][PASSED] - Statement - counter = counter + 1: null

2018-12-20 16:36:06 - [TEST_STEP][PASSED] - Statement - PreSaveFile = new java.io.File(((pathPrefix + java.lang.Integer.toString(counter)) + .png)): null

2018-12-20 16:36:06 - [TEST_STEP][PASSED] - Statement - counter = counter + 1: null

2018-12-20 16:36:06 - [TEST_STEP][PASSED] - Statement - PreSaveFile = new java.io.File(((pathPrefix + java.lang.Integer.toString(counter)) + .png)): null

2018-12-20 16:36:06 - [TEST_STEP][PASSED] - Statement - counter = counter + 1: null

2018-12-20 16:36:06 - [TEST_STEP][PASSED] - Statement - PreSaveFile = new java.io.File(((pathPrefix + java.lang.Integer.toString(counter)) + .png)): null

2018-12-20 16:36:06 - [TEST_STEP][PASSED] - Statement - counter = counter + 1: null

2018-12-20 16:36:06 - [TEST_STEP][PASSED] - Statement - PreSaveFile = new java.io.File(((pathPrefix + java.lang.Integer.toString(counter)) + .png)): null

2018-12-20 16:36:06 - [TEST_STEP][PASSED] - Statement - counter = counter + 1: null

2018-12-20 16:36:06 - [TEST_STEP][PASSED] - Statement - PreSaveFile = new java.io.File(((pathPrefix + java.lang.Integer.toString(counter)) + .png)): null

2018-12-20 16:36:06 - [TEST_STEP][PASSED] - Statement - counter = counter + 1: null

2018-12-20 16:36:06 - [TEST_STEP][PASSED] - Statement - PreSaveFile = new java.io.File(((pathPrefix + java.lang.Integer.toString(counter)) + .png)): null

2018-12-20 16:36:06 - [TEST_STEP][PASSED] - Statement - counter = counter + 1: null

2018-12-20 16:36:06 - [TEST_STEP][PASSED] - Statement - PreSaveFile = new java.io.File(((pathPrefix + java.lang.Integer.toString(counter)) + .png)): null

2018-12-20 16:36:06 - [TEST_STEP][PASSED] - Statement - counter = counter + 1: null

2018-12-20 16:36:06 - [TEST_STEP][PASSED] - Statement - PreSaveFile = new java.io.File(((pathPrefix + java.lang.Integer.toString(counter)) + .png)): null

2018-12-20 16:36:06 - [TEST_STEP][PASSED] - Statement - counter = counter + 1: null

2018-12-20 16:36:06 - [TEST_STEP][PASSED] - Statement - PreSaveFile = new java.io.File(((pathPrefix + java.lang.Integer.toString(counter)) + .png)): null

2018-12-20 16:36:06 - [TEST_STEP][PASSED] - Statement - counter = counter + 1: null

2018-12-20 16:36:06 - [TEST_STEP][PASSED] - Statement - PreSaveFile = new java.io.File(((pathPrefix + java.lang.Integer.toString(counter)) + .png)): null

2018-12-20 16:36:06 - [TEST_STEP][PASSED] - Statement - counter = counter + 1: null

2018-12-20 16:36:07 - [TEST_STEP][PASSED] - Statement - PreSaveFile = new java.io.File(((pathPrefix + java.lang.Integer.toString(counter)) + .png)): null

2018-12-20 16:36:07 - [TEST_STEP][PASSED] - Statement - counter = counter + 1: null

2018-12-20 16:36:07 - [TEST_STEP][PASSED] - Statement - PreSaveFile = new java.io.File(((pathPrefix + java.lang.Integer.toString(counter)) + .png)): null

2018-12-20 16:36:07 - [TEST_STEP][PASSED] - Statement - counter = counter + 1: null

2018-12-20 16:36:07 - [TEST_STEP][PASSED] - Statement - PreSaveFile = new java.io.File(((pathPrefix + java.lang.Integer.toString(counter)) + .png)): null

2018-12-20 16:36:07 - [TEST_STEP][PASSED] - Statement - counter = counter + 1: null

2018-12-20 16:36:07 - [TEST_STEP][PASSED] - Statement - PreSaveFile = new java.io.File(((pathPrefix + java.lang.Integer.toString(counter)) + .png)): null

2018-12-20 16:36:07 - [TEST_STEP][PASSED] - Statement - counter = counter + 1: null

2018-12-20 16:36:07 - [TEST_STEP][PASSED] - Statement - PreSaveFile = new java.io.File(((pathPrefix + java.lang.Integer.toString(counter)) + .png)): null

2018-12-20 16:36:07 - [TEST_STEP][PASSED] - Statement - counter = counter + 1: null

2018-12-20 16:36:07 - [TEST_STEP][PASSED] - Statement - PreSaveFile = new java.io.File(((pathPrefix + java.lang.Integer.toString(counter)) + .png)): null

2018-12-20 16:36:07 - [TEST_STEP][PASSED] - Statement - counter = counter + 1: null

2018-12-20 16:36:07 - [TEST_STEP][PASSED] - Statement - PreSaveFile = new java.io.File(((pathPrefix + java.lang.Integer.toString(counter)) + .png)): null

2018-12-20 16:36:07 - [TEST_STEP][PASSED] - Statement - counter = counter + 1: null

2018-12-20 16:36:07 - [TEST_STEP][PASSED] - Statement - PreSaveFile = new java.io.File(((pathPrefix + java.lang.Integer.toString(counter)) + .png)): null

2018-12-20 16:36:07 - [TEST_STEP][PASSED] - Statement - counter = counter + 1: null

2018-12-20 16:36:07 - [TEST_STEP][PASSED] - Statement - PreSaveFile = new java.io.File(((pathPrefix + java.lang.Integer.toString(counter)) + .png)): null

2018-12-20 16:36:07 - [TEST_STEP][PASSED] - Statement - counter = counter + 1: null

2018-12-20 16:36:07 - [TEST_STEP][PASSED] - Statement - PreSaveFile = new java.io.File(((pathPrefix + java.lang.Integer.toString(counter)) + .png)): null

2018-12-20 16:36:07 - [TEST_STEP][PASSED] - Statement - counter = counter + 1: null

2018-12-20 16:36:07 - [TEST_STEP][PASSED] - Statement - PreSaveFile = new java.io.File(((pathPrefix + java.lang.Integer.toString(counter)) + .png)): null

2018-12-20 16:36:07 - [TEST_STEP][PASSED] - Statement - counter = counter + 1: null

2018-12-20 16:36:07 - [TEST_STEP][PASSED] - Statement - PreSaveFile = new java.io.File(((pathPrefix + java.lang.Integer.toString(counter)) + .png)): null

2018-12-20 16:36:07 - [TEST_STEP][PASSED] - Statement - counter = counter + 1: null

2018-12-20 16:36:07 - [TEST_STEP][PASSED] - Statement - PreSaveFile = new java.io.File(((pathPrefix + java.lang.Integer.toString(counter)) + .png)): null

2018-12-20 16:36:07 - [TEST_STEP][PASSED] - Statement - counter = counter + 1: null

2018-12-20 16:36:07 - [TEST_STEP][PASSED] - Statement - PreSaveFile = new java.io.File(((pathPrefix + java.lang.Integer.toString(counter)) + .png)): null

2018-12-20 16:36:07 - [TEST_STEP][PASSED] - Statement - counter = counter + 1: null

2018-12-20 16:36:08 - [TEST_STEP][PASSED] - Statement - PreSaveFile = new java.io.File(((pathPrefix + java.lang.Integer.toString(counter)) + .png)): null

2018-12-20 16:36:08 - [TEST_STEP][PASSED] - Statement - counter = counter + 1: null

2018-12-20 16:36:08 - [TEST_STEP][PASSED] - Statement - PreSaveFile = new java.io.File(((pathPrefix + java.lang.Integer.toString(counter)) + .png)): null

2018-12-20 16:36:08 - [TEST_STEP][PASSED] - Statement - counter = counter + 1: null

2018-12-20 16:36:08 - [TEST_STEP][PASSED] - Statement - PreSaveFile = new java.io.File(((pathPrefix + java.lang.Integer.toString(counter)) + .png)): null

2018-12-20 16:36:08 - [TEST_STEP][PASSED] - Statement - counter = counter + 1: null

2018-12-20 16:36:08 - [TEST_STEP][PASSED] - Statement - PreSaveFile = new java.io.File(((pathPrefix + java.lang.Integer.toString(counter)) + .png)): null

2018-12-20 16:36:08 - [TEST_STEP][PASSED] - Statement - counter = counter + 1: null

2018-12-20 16:36:08 - [TEST_STEP][PASSED] - Statement - PreSaveFile = new java.io.File(((pathPrefix + java.lang.Integer.toString(counter)) + .png)): null

2018-12-20 16:36:08 - [TEST_STEP][PASSED] - Statement - counter = counter + 1: null

2018-12-20 16:36:08 - [TEST_STEP][PASSED] - Statement - PreSaveFile = new java.io.File(((pathPrefix + java.lang.Integer.toString(counter)) + .png)): null

2018-12-20 16:36:08 - [TEST_STEP][PASSED] - Statement - counter = counter + 1: null

2018-12-20 16:36:08 - [TEST_STEP][PASSED] - Statement - PreSaveFile = new java.io.File(((pathPrefix + java.lang.Integer.toString(counter)) + .png)): null

2018-12-20 16:36:08 - [TEST_STEP][PASSED] - Statement - counter = counter + 1: null

2018-12-20 16:36:08 - [TEST_STEP][PASSED] - Statement - PreSaveFile = new java.io.File(((pathPrefix + java.lang.Integer.toString(counter)) + .png)): null

2018-12-20 16:36:08 - [TEST_STEP][PASSED] - Statement - counter = counter + 1: null

2018-12-20 16:36:08 - [TEST_STEP][PASSED] - Statement - PreSaveFile = new java.io.File(((pathPrefix + java.lang.Integer.toString(counter)) + .png)): null

2018-12-20 16:36:08 - [TEST_STEP][PASSED] - Statement - counter = counter + 1: null

2018-12-20 16:36:08 - [TEST_STEP][PASSED] - Statement - PreSaveFile = new java.io.File(((pathPrefix + java.lang.Integer.toString(counter)) + .png)): null

2018-12-20 16:36:08 - [TEST_STEP][PASSED] - Statement - counter = counter + 1: null

2018-12-20 16:36:08 - [TEST_STEP][PASSED] - Statement - PreSaveFile = new java.io.File(((pathPrefix + java.lang.Integer.toString(counter)) + .png)): null

2018-12-20 16:36:08 - [TEST_STEP][PASSED] - Statement - counter = counter + 1: null

2018-12-20 16:36:08 - [TEST_STEP][PASSED] - Statement - PreSaveFile = new java.io.File(((pathPrefix + java.lang.Integer.toString(counter)) + .png)): null

2018-12-20 16:36:08 - [TEST_STEP][PASSED] - Statement - counter = counter + 1: null

2018-12-20 16:36:08 - [TEST_STEP][PASSED] - Statement - PreSaveFile = new java.io.File(((pathPrefix + java.lang.Integer.toString(counter)) + .png)): null

2018-12-20 16:36:08 - [TEST_STEP][PASSED] - Statement - counter = counter + 1: null

2018-12-20 16:36:08 - [TEST_STEP][PASSED] - Statement - PreSaveFile = new java.io.File(((pathPrefix + java.lang.Integer.toString(counter)) + .png)): null

2018-12-20 16:36:08 - [TEST_STEP][PASSED] - Statement - counter = counter + 1: null

2018-12-20 16:36:08 - [TEST_STEP][PASSED] - Statement - PreSaveFile = new java.io.File(((pathPrefix + java.lang.Integer.toString(counter)) + .png)): null

2018-12-20 16:36:09 - [TEST_STEP][PASSED] - Statement - counter = counter + 1: null

2018-12-20 16:36:09 - [TEST_STEP][PASSED] - Statement - PreSaveFile = new java.io.File(((pathPrefix + java.lang.Integer.toString(counter)) + .png)): null

2018-12-20 16:36:09 - [TEST_STEP][PASSED] - Statement - counter = counter + 1: null

2018-12-20 16:36:09 - [TEST_STEP][PASSED] - Statement - PreSaveFile = new java.io.File(((pathPrefix + java.lang.Integer.toString(counter)) + .png)): null

2018-12-20 16:36:09 - [TEST_STEP][PASSED] - Statement - counter = counter + 1: null

2018-12-20 16:36:09 - [TEST_STEP][PASSED] - Statement - PreSaveFile = new java.io.File(((pathPrefix + java.lang.Integer.toString(counter)) + .png)): null

2018-12-20 16:36:09 - [TEST_STEP][PASSED] - Statement - counter = counter + 1: null

2018-12-20 16:36:09 - [TEST_STEP][PASSED] - Statement - PreSaveFile = new java.io.File(((pathPrefix + java.lang.Integer.toString(counter)) + .png)): null

2018-12-20 16:36:09 - [TEST_STEP][PASSED] - Statement - counter = counter + 1: null

2018-12-20 16:36:09 - [TEST_STEP][PASSED] - Statement - PreSaveFile = new java.io.File(((pathPrefix + java.lang.Integer.toString(counter)) + .png)): null

2018-12-20 16:36:09 - [TEST_STEP][PASSED] - Statement - counter = counter + 1: null

2018-12-20 16:36:09 - [TEST_STEP][PASSED] - Statement - PreSaveFile = new java.io.File(((pathPrefix + java.lang.Integer.toString(counter)) + .png)): null

2018-12-20 16:36:09 - [TEST_STEP][PASSED] - Statement - counter = counter + 1: null

2018-12-20 16:36:09 - [TEST_STEP][PASSED] - Statement - PreSaveFile = new java.io.File(((pathPrefix + java.lang.Integer.toString(counter)) + .png)): null

2018-12-20 16:36:09 - [TEST_STEP][PASSED] - Statement - counter = counter + 1: null

2018-12-20 16:36:09 - [TEST_STEP][PASSED] - Statement - PreSaveFile = new java.io.File(((pathPrefix + java.lang.Integer.toString(counter)) + .png)): null

2018-12-20 16:36:09 - [TEST_STEP][PASSED] - Statement - counter = counter + 1: null

2018-12-20 16:36:09 - [TEST_STEP][PASSED] - Statement - PreSaveFile = new java.io.File(((pathPrefix + java.lang.Integer.toString(counter)) + .png)): null

2018-12-20 16:36:09 - [TEST_STEP][PASSED] - Statement - counter = counter + 1: null

2018-12-20 16:36:09 - [TEST_STEP][PASSED] - Statement - PreSaveFile = new java.io.File(((pathPrefix + java.lang.Integer.toString(counter)) + .png)): null

2018-12-20 16:36:09 - [TEST_STEP][PASSED] - Statement - counter = counter + 1: null

2018-12-20 16:36:09 - [TEST_STEP][PASSED] - Statement - PreSaveFile = new java.io.File(((pathPrefix + java.lang.Integer.toString(counter)) + .png)): null

2018-12-20 16:36:09 - [TEST_STEP][PASSED] - Statement - counter = counter + 1: null

2018-12-20 16:36:09 - [TEST_STEP][PASSED] - Statement - PreSaveFile = new java.io.File(((pathPrefix + java.lang.Integer.toString(counter)) + .png)): null

2018-12-20 16:36:09 - [TEST_STEP][PASSED] - Statement - counter = counter + 1: null

2018-12-20 16:36:09 - [TEST_STEP][PASSED] - Statement - PreSaveFile = new java.io.File(((pathPrefix + java.lang.Integer.toString(counter)) + .png)): null

2018-12-20 16:36:09 - [TEST_STEP][PASSED] - Statement - counter = counter + 1: null

2018-12-20 16:36:09 - [TEST_STEP][PASSED] - Statement - PreSaveFile = new java.io.File(((pathPrefix + java.lang.Integer.toString(counter)) + .png)): null

2018-12-20 16:36:09 - [TEST_STEP][PASSED] - Statement - counter = counter + 1: null

2018-12-20 16:36:10 - [TEST_STEP][PASSED] - Statement - PreSaveFile = new java.io.File(((pathPrefix + java.lang.Integer.toString(counter)) + .png)): null

2018-12-20 16:36:10 - [TEST_STEP][PASSED] - Statement - counter = counter + 1: null

2018-12-20 16:36:10 - [TEST_STEP][PASSED] - Statement - PreSaveFile = new java.io.File(((pathPrefix + java.lang.Integer.toString(counter)) + .png)): null

2018-12-20 16:36:10 - [TEST_STEP][PASSED] - Statement - counter = counter + 1: null

2018-12-20 16:36:10 - [TEST_STEP][PASSED] - Statement - PreSaveFile = new java.io.File(((pathPrefix + java.lang.Integer.toString(counter)) + .png)): null

2018-12-20 16:36:10 - [TEST_STEP][PASSED] - Statement - counter = counter + 1: null

2018-12-20 16:36:10 - [TEST_STEP][PASSED] - Statement - PreSaveFile = new java.io.File(((pathPrefix + java.lang.Integer.toString(counter)) + .png)): null

2018-12-20 16:36:10 - [TEST_STEP][PASSED] - Statement - counter = counter + 1: null

2018-12-20 16:36:10 - [TEST_STEP][PASSED] - Statement - PreSaveFile = new java.io.File(((pathPrefix + java.lang.Integer.toString(counter)) + .png)): null

2018-12-20 16:36:10 - [TEST_STEP][PASSED] - Statement - counter = counter + 1: null

2018-12-20 16:36:10 - [TEST_STEP][PASSED] - Statement - PreSaveFile = new java.io.File(((pathPrefix + java.lang.Integer.toString(counter)) + .png)): null

2018-12-20 16:36:10 - [TEST_STEP][PASSED] - Statement - counter = counter + 1: null

2018-12-20 16:36:10 - [TEST_STEP][PASSED] - Statement - PreSaveFile = new java.io.File(((pathPrefix + java.lang.Integer.toString(counter)) + .png)): null

2018-12-20 16:36:10 - [TEST_STEP][PASSED] - Statement - counter = counter + 1: null

2018-12-20 16:36:10 - [TEST_STEP][PASSED] - Statement - PreSaveFile = new java.io.File(((pathPrefix + java.lang.Integer.toString(counter)) + .png)): null

2018-12-20 16:36:10 - [TEST_STEP][PASSED] - Statement - counter = counter + 1: null

2018-12-20 16:36:10 - [TEST_STEP][PASSED] - Statement - PreSaveFile = new java.io.File(((pathPrefix + java.lang.Integer.toString(counter)) + .png)): null

2018-12-20 16:36:10 - [TEST_STEP][PASSED] - Statement - counter = counter + 1: null

2018-12-20 16:36:10 - [TEST_STEP][PASSED] - Statement - PreSaveFile = new java.io.File(((pathPrefix + java.lang.Integer.toString(counter)) + .png)): null

2018-12-20 16:36:10 - [TEST_STEP][PASSED] - Statement - counter = counter + 1: null

2018-12-20 16:36:10 - [TEST_STEP][PASSED] - Statement - PreSaveFile = new java.io.File(((pathPrefix + java.lang.Integer.toString(counter)) + .png)): null

2018-12-20 16:36:10 - [TEST_STEP][PASSED] - Statement - counter = counter + 1: null

2018-12-20 16:36:10 - [TEST_STEP][PASSED] - Statement - PreSaveFile = new java.io.File(((pathPrefix + java.lang.Integer.toString(counter)) + .png)): null

2018-12-20 16:36:10 - [TEST_STEP][PASSED] - Statement - counter = counter + 1: null

2018-12-20 16:36:10 - [TEST_STEP][PASSED] - Statement - PreSaveFile = new java.io.File(((pathPrefix + java.lang.Integer.toString(counter)) + .png)): null

2018-12-20 16:36:10 - [TEST_STEP][PASSED] - Statement - counter = counter + 1: null

2018-12-20 16:36:10 - [TEST_STEP][PASSED] - Statement - PreSaveFile = new java.io.File(((pathPrefix + java.lang.Integer.toString(counter)) + .png)): null

2018-12-20 16:36:10 - [TEST_STEP][PASSED] - Statement - counter = counter + 1: null

2018-12-20 16:36:11 - [TEST_STEP][PASSED] - Statement - PreSaveFile = new java.io.File(((pathPrefix + java.lang.Integer.toString(counter)) + .png)): null

2018-12-20 16:36:11 - [TEST_STEP][PASSED] - Statement - counter = counter + 1: null

2018-12-20 16:36:11 - [TEST_STEP][PASSED] - Statement - PreSaveFile = new java.io.File(((pathPrefix + java.lang.Integer.toString(counter)) + .png)): null

2018-12-20 16:36:11 - [TEST_STEP][PASSED] - Statement - counter = counter + 1: null

2018-12-20 16:36:11 - [TEST_STEP][PASSED] - Statement - PreSaveFile = new java.io.File(((pathPrefix + java.lang.Integer.toString(counter)) + .png)): null

2018-12-20 16:36:11 - [TEST_STEP][PASSED] - Statement - counter = counter + 1: null

2018-12-20 16:36:11 - [TEST_STEP][PASSED] - Statement - PreSaveFile = new java.io.File(((pathPrefix + java.lang.Integer.toString(counter)) + .png)): null

2018-12-20 16:36:11 - [TEST_STEP][PASSED] - Statement - counter = counter + 1: null

2018-12-20 16:36:11 - [TEST_STEP][PASSED] - Statement - PreSaveFile = new java.io.File(((pathPrefix + java.lang.Integer.toString(counter)) + .png)): null

2018-12-20 16:36:11 - [TEST_STEP][PASSED] - Statement - counter = counter + 1: null

2018-12-20 16:36:11 - [TEST_STEP][PASSED] - Statement - PreSaveFile = new java.io.File(((pathPrefix + java.lang.Integer.toString(counter)) + .png)): null

2018-12-20 16:36:11 - [TEST_STEP][PASSED] - Statement - counter = counter + 1: null

2018-12-20 16:36:11 - [TEST_STEP][PASSED] - Statement - PreSaveFile = new java.io.File(((pathPrefix + java.lang.Integer.toString(counter)) + .png)): null

2018-12-20 16:36:11 - [TEST_STEP][PASSED] - Statement - counter = counter + 1: null

2018-12-20 16:36:11 - [TEST_STEP][PASSED] - Statement - PreSaveFile = new java.io.File(((pathPrefix + java.lang.Integer.toString(counter)) + .png)): null

2018-12-20 16:36:11 - [TEST_STEP][PASSED] - Statement - counter = counter + 1: null

2018-12-20 16:36:11 - [TEST_STEP][PASSED] - Statement - PreSaveFile = new java.io.File(((pathPrefix + java.lang.Integer.toString(counter)) + .png)): null

2018-12-20 16:36:11 - [TEST_STEP][PASSED] - Statement - counter = counter + 1: null

2018-12-20 16:36:11 - [TEST_STEP][PASSED] - Statement - PreSaveFile = new java.io.File(((pathPrefix + java.lang.Integer.toString(counter)) + .png)): null

2018-12-20 16:36:11 - [TEST_STEP][PASSED] - Statement - counter = counter + 1: null

2018-12-20 16:36:11 - [TEST_STEP][PASSED] - Statement - PreSaveFile = new java.io.File(((pathPrefix + java.lang.Integer.toString(counter)) + .png)): null

2018-12-20 16:36:11 - [TEST_STEP][PASSED] - Statement - counter = counter + 1: null

2018-12-20 16:36:11 - [TEST_STEP][PASSED] - Statement - PreSaveFile = new java.io.File(((pathPrefix + java.lang.Integer.toString(counter)) + .png)): null

2018-12-20 16:36:11 - [TEST_STEP][PASSED] - Statement - counter = counter + 1: null

2018-12-20 16:36:11 - [TEST_STEP][PASSED] - Statement - PreSaveFile = new java.io.File(((pathPrefix + java.lang.Integer.toString(counter)) + .png)): null

2018-12-20 16:36:11 - [TEST_STEP][PASSED] - Statement - counter = counter + 1: null

2018-12-20 16:36:11 - [TEST_STEP][PASSED] - Statement - PreSaveFile = new java.io.File(((pathPrefix + java.lang.Integer.toString(counter)) + .png)): null

2018-12-20 16:36:11 - [TEST_STEP][PASSED] - Statement - counter = counter + 1: null

2018-12-20 16:36:11 - [TEST_STEP][PASSED] - Statement - PreSaveFile = new java.io.File(((pathPrefix + java.lang.Integer.toString(counter)) + .png)): null

2018-12-20 16:36:11 - [TEST_STEP][PASSED] - Statement - counter = counter + 1: null

2018-12-20 16:36:12 - [TEST_STEP][PASSED] - Statement - PreSaveFile = new java.io.File(((pathPrefix + java.lang.Integer.toString(counter)) + .png)): null

2018-12-20 16:36:12 - [TEST_STEP][PASSED] - Statement - counter = counter + 1: null

2018-12-20 16:36:12 - [TEST_STEP][PASSED] - Statement - PreSaveFile = new java.io.File(((pathPrefix + java.lang.Integer.toString(counter)) + .png)): null

2018-12-20 16:36:12 - [TEST_STEP][PASSED] - Statement - counter = counter + 1: null

2018-12-20 16:36:12 - [TEST_STEP][PASSED] - Statement - PreSaveFile = new java.io.File(((pathPrefix + java.lang.Integer.toString(counter)) + .png)): null

2018-12-20 16:36:12 - [TEST_STEP][PASSED] - Statement - counter = counter + 1: null

2018-12-20 16:36:12 - [TEST_STEP][PASSED] - Statement - PreSaveFile = new java.io.File(((pathPrefix + java.lang.Integer.toString(counter)) + .png)): null

2018-12-20 16:36:12 - [TEST_STEP][PASSED] - Statement - counter = counter + 1: null

2018-12-20 16:36:12 - [TEST_STEP][PASSED] - Statement - PreSaveFile = new java.io.File(((pathPrefix + java.lang.Integer.toString(counter)) + .png)): null

2018-12-20 16:36:12 - [TEST_STEP][PASSED] - Statement - counter = counter + 1: null

2018-12-20 16:36:12 - [TEST_STEP][PASSED] - Statement - PreSaveFile = new java.io.File(((pathPrefix + java.lang.Integer.toString(counter)) + .png)): null

2018-12-20 16:36:12 - [TEST_STEP][PASSED] - Statement - counter = counter + 1: null

2018-12-20 16:36:12 - [TEST_STEP][PASSED] - Statement - PreSaveFile = new java.io.File(((pathPrefix + java.lang.Integer.toString(counter)) + .png)): null

2018-12-20 16:36:12 - [TEST_STEP][PASSED] - Statement - counter = counter + 1: null

2018-12-20 16:36:12 - [TEST_STEP][PASSED] - Statement - PreSaveFile = new java.io.File(((pathPrefix + java.lang.Integer.toString(counter)) + .png)): null

2018-12-20 16:36:12 - [TEST_STEP][PASSED] - Statement - counter = counter + 1: null

2018-12-20 16:36:12 - [TEST_STEP][PASSED] - Statement - PreSaveFile = new java.io.File(((pathPrefix + java.lang.Integer.toString(counter)) + .png)): null

2018-12-20 16:36:12 - [TEST_STEP][PASSED] - Statement - counter = counter + 1: null

2018-12-20 16:36:12 - [TEST_STEP][PASSED] - Statement - PreSaveFile = new java.io.File(((pathPrefix + java.lang.Integer.toString(counter)) + .png)): null

2018-12-20 16:36:12 - [TEST_STEP][PASSED] - Statement - counter = counter + 1: null

2018-12-20 16:36:12 - [TEST_STEP][PASSED] - Statement - PreSaveFile = new java.io.File(((pathPrefix + java.lang.Integer.toString(counter)) + .png)): null

2018-12-20 16:36:12 - [TEST_STEP][PASSED] - Statement - counter = counter + 1: null

2018-12-20 16:36:12 - [TEST_STEP][PASSED] - Statement - PreSaveFile = new java.io.File(((pathPrefix + java.lang.Integer.toString(counter)) + .png)): null

2018-12-20 16:36:12 - [TEST_STEP][PASSED] - Statement - counter = counter + 1: null

2018-12-20 16:36:12 - [TEST_STEP][PASSED] - Statement - PreSaveFile = new java.io.File(((pathPrefix + java.lang.Integer.toString(counter)) + .png)): null

2018-12-20 16:36:12 - [TEST_STEP][PASSED] - Statement - counter = counter + 1: null

2018-12-20 16:36:12 - [TEST_STEP][PASSED] - Statement - PreSaveFile = new java.io.File(((pathPrefix + java.lang.Integer.toString(counter)) + .png)): null

2018-12-20 16:36:12 - [TEST_STEP][PASSED] - Statement - counter = counter + 1: null

2018-12-20 16:36:13 - [TEST_STEP][PASSED] - Statement - PreSaveFile = new java.io.File(((pathPrefix + java.lang.Integer.toString(counter)) + .png)): null

2018-12-20 16:36:13 - [TEST_STEP][PASSED] - Statement - counter = counter + 1: null

2018-12-20 16:36:13 - [TEST_STEP][PASSED] - Statement - PreSaveFile = new java.io.File(((pathPrefix + java.lang.Integer.toString(counter)) + .png)): null

2018-12-20 16:36:13 - [TEST_STEP][PASSED] - Statement - counter = counter + 1: null

2018-12-20 16:36:13 - [TEST_STEP][PASSED] - Statement - PreSaveFile = new java.io.File(((pathPrefix + java.lang.Integer.toString(counter)) + .png)): null

2018-12-20 16:36:13 - [TEST_STEP][PASSED] - Statement - counter = counter + 1: null

2018-12-20 16:36:13 - [TEST_STEP][PASSED] - Statement - PreSaveFile = new java.io.File(((pathPrefix + java.lang.Integer.toString(counter)) + .png)): null

2018-12-20 16:36:13 - [TEST_STEP][PASSED] - Statement - counter = counter + 1: null

2018-12-20 16:36:13 - [TEST_STEP][PASSED] - Statement - PreSaveFile = new java.io.File(((pathPrefix + java.lang.Integer.toString(counter)) + .png)): null

2018-12-20 16:36:13 - [TEST_STEP][PASSED] - Statement - counter = counter + 1: null

2018-12-20 16:36:13 - [TEST_STEP][PASSED] - Statement - PreSaveFile = new java.io.File(((pathPrefix + java.lang.Integer.toString(counter)) + .png)): null

2018-12-20 16:36:13 - [TEST_STEP][PASSED] - Statement - counter = counter + 1: null

2018-12-20 16:36:13 - [TEST_STEP][PASSED] - Statement - PreSaveFile = new java.io.File(((pathPrefix + java.lang.Integer.toString(counter)) + .png)): null

2018-12-20 16:36:13 - [TEST_STEP][PASSED] - Statement - counter = counter + 1: null

2018-12-20 16:36:13 - [TEST_STEP][PASSED] - Statement - PreSaveFile = new java.io.File(((pathPrefix + java.lang.Integer.toString(counter)) + .png)): null

2018-12-20 16:36:13 - [TEST_STEP][PASSED] - Statement - counter = counter + 1: null

2018-12-20 16:36:13 - [TEST_STEP][PASSED] - Statement - PreSaveFile = new java.io.File(((pathPrefix + java.lang.Integer.toString(counter)) + .png)): null

2018-12-20 16:36:13 - [TEST_STEP][PASSED] - Statement - counter = counter + 1: null

2018-12-20 16:36:13 - [TEST_STEP][PASSED] - Statement - PreSaveFile = new java.io.File(((pathPrefix + java.lang.Integer.toString(counter)) + .png)): null

2018-12-20 16:36:13 - [TEST_STEP][PASSED] - Statement - counter = counter + 1: null

2018-12-20 16:36:13 - [TEST_STEP][PASSED] - Statement - PreSaveFile = new java.io.File(((pathPrefix + java.lang.Integer.toString(counter)) + .png)): null

2018-12-20 16:36:13 - [TEST_STEP][PASSED] - Statement - counter = counter + 1: null

2018-12-20 16:36:13 - [TEST_STEP][PASSED] - Statement - PreSaveFile = new java.io.File(((pathPrefix + java.lang.Integer.toString(counter)) + .png)): null

2018-12-20 16:36:13 - [TEST_STEP][PASSED] - Statement - counter = counter + 1: null

2018-12-20 16:36:13 - [TEST_STEP][PASSED] - Statement - PreSaveFile = new java.io.File(((pathPrefix + java.lang.Integer.toString(counter)) + .png)): null

2018-12-20 16:36:13 - [TEST_STEP][PASSED] - Statement - counter = counter + 1: null

2018-12-20 16:36:13 - [TEST_STEP][PASSED] - Statement - PreSaveFile = new java.io.File(((pathPrefix + java.lang.Integer.toString(counter)) + .png)): null

2018-12-20 16:36:13 - [TEST_STEP][PASSED] - Statement - counter = counter + 1: null

2018-12-20 16:36:13 - [TEST_STEP][PASSED] - Statement - PreSaveFile = new java.io.File(((pathPrefix + java.lang.Integer.toString(counter)) + .png)): null

2018-12-20 16:36:14 - [TEST_STEP][PASSED] - Statement - counter = counter + 1: null

2018-12-20 16:36:14 - [TEST_STEP][PASSED] - Statement - PreSaveFile = new java.io.File(((pathPrefix + java.lang.Integer.toString(counter)) + .png)): null

2018-12-20 16:36:14 - [TEST_STEP][PASSED] - Statement - counter = counter + 1: null

2018-12-20 16:36:14 - [TEST_STEP][PASSED] - Statement - PreSaveFile = new java.io.File(((pathPrefix + java.lang.Integer.toString(counter)) + .png)): null

2018-12-20 16:36:14 - [TEST_STEP][PASSED] - Statement - counter = counter + 1: null

2018-12-20 16:36:14 - [TEST_STEP][PASSED] - Statement - PreSaveFile = new java.io.File(((pathPrefix + java.lang.Integer.toString(counter)) + .png)): null

2018-12-20 16:36:14 - [TEST_STEP][PASSED] - Statement - counter = counter + 1: null

2018-12-20 16:36:14 - [TEST_STEP][PASSED] - Statement - PreSaveFile = new java.io.File(((pathPrefix + java.lang.Integer.toString(counter)) + .png)): null

2018-12-20 16:36:14 - [TEST_STEP][PASSED] - Statement - counter = counter + 1: null

2018-12-20 16:36:14 - [TEST_STEP][PASSED] - Statement - PreSaveFile = new java.io.File(((pathPrefix + java.lang.Integer.toString(counter)) + .png)): null

2018-12-20 16:36:14 - [TEST_STEP][PASSED] - Statement - counter = counter + 1: null

2018-12-20 16:36:14 - [TEST_STEP][PASSED] - Statement - PreSaveFile = new java.io.File(((pathPrefix + java.lang.Integer.toString(counter)) + .png)): null

2018-12-20 16:36:14 - [TEST_STEP][PASSED] - Statement - counter = counter + 1: null

2018-12-20 16:36:14 - [TEST_STEP][PASSED] - Statement - PreSaveFile = new java.io.File(((pathPrefix + java.lang.Integer.toString(counter)) + .png)): null

2018-12-20 16:36:14 - [TEST_STEP][PASSED] - Statement - counter = counter + 1: null

2018-12-20 16:36:14 - [TEST_STEP][PASSED] - Statement - PreSaveFile = new java.io.File(((pathPrefix + java.lang.Integer.toString(counter)) + .png)): null

2018-12-20 16:36:14 - [TEST_STEP][PASSED] - Statement - counter = counter + 1: null

2018-12-20 16:36:14 - [TEST_STEP][PASSED] - Statement - PreSaveFile = new java.io.File(((pathPrefix + java.lang.Integer.toString(counter)) + .png)): null

2018-12-20 16:36:14 - [TEST_STEP][PASSED] - Statement - counter = counter + 1: null

2018-12-20 16:36:14 - [TEST_STEP][PASSED] - Statement - PreSaveFile = new java.io.File(((pathPrefix + java.lang.Integer.toString(counter)) + .png)): null

2018-12-20 16:36:14 - [TEST_STEP][PASSED] - Statement - counter = counter + 1: null

2018-12-20 16:36:14 - [TEST_STEP][PASSED] - Statement - PreSaveFile = new java.io.File(((pathPrefix + java.lang.Integer.toString(counter)) + .png)): null

2018-12-20 16:36:14 - [TEST_STEP][PASSED] - Statement - counter = counter + 1: null

2018-12-20 16:36:14 - [TEST_STEP][PASSED] - Statement - PreSaveFile = new java.io.File(((pathPrefix + java.lang.Integer.toString(counter)) + .png)): null

2018-12-20 16:36:14 - [TEST_STEP][PASSED] - Statement - counter = counter + 1: null

2018-12-20 16:36:14 - [TEST_STEP][PASSED] - Statement - PreSaveFile = new java.io.File(((pathPrefix + java.lang.Integer.toString(counter)) + .png)): null

2018-12-20 16:36:14 - [TEST_STEP][PASSED] - Statement - counter = counter + 1: null

2018-12-20 16:36:14 - [TEST_STEP][PASSED] - Statement - PreSaveFile = new java.io.File(((pathPrefix + java.lang.Integer.toString(counter)) + .png)): null

2018-12-20 16:36:14 - [TEST_STEP][PASSED] - Statement - counter = counter + 1: null

2018-12-20 16:36:15 - [TEST_STEP][PASSED] - Statement - PreSaveFile = new java.io.File(((pathPrefix + java.lang.Integer.toString(counter)) + .png)): null

2018-12-20 16:36:15 - [TEST_STEP][PASSED] - Statement - counter = counter + 1: null

2018-12-20 16:36:15 - [TEST_STEP][PASSED] - Statement - PreSaveFile = new java.io.File(((pathPrefix + java.lang.Integer.toString(counter)) + .png)): null

2018-12-20 16:36:15 - [TEST_STEP][PASSED] - Statement - counter = counter + 1: null

2018-12-20 16:36:15 - [TEST_STEP][PASSED] - Statement - PreSaveFile = new java.io.File(((pathPrefix + java.lang.Integer.toString(counter)) + .png)): null

2018-12-20 16:36:15 - [TEST_STEP][PASSED] - Statement - counter = counter + 1: null

2018-12-20 16:36:15 - [TEST_STEP][PASSED] - Statement - PreSaveFile = new java.io.File(((pathPrefix + java.lang.Integer.toString(counter)) + .png)): null

2018-12-20 16:36:15 - [TEST_STEP][PASSED] - Statement - counter = counter + 1: null

2018-12-20 16:36:15 - [TEST_STEP][PASSED] - Statement - PreSaveFile = new java.io.File(((pathPrefix + java.lang.Integer.toString(counter)) + .png)): null

2018-12-20 16:36:15 - [TEST_STEP][PASSED] - Statement - counter = counter + 1: null

2018-12-20 16:36:15 - [TEST_STEP][PASSED] - Statement - PreSaveFile = new java.io.File(((pathPrefix + java.lang.Integer.toString(counter)) + .png)): null

2018-12-20 16:36:15 - [TEST_STEP][PASSED] - Statement - counter = counter + 1: null

2018-12-20 16:36:15 - [TEST_STEP][PASSED] - Statement - PreSaveFile = new java.io.File(((pathPrefix + java.lang.Integer.toString(counter)) + .png)): null

2018-12-20 16:36:15 - [TEST_STEP][PASSED] - Statement - counter = counter + 1: null

2018-12-20 16:36:15 - [TEST_STEP][PASSED] - Statement - PreSaveFile = new java.io.File(((pathPrefix + java.lang.Integer.toString(counter)) + .png)): null

2018-12-20 16:36:15 - [TEST_STEP][PASSED] - Statement - counter = counter + 1: null

2018-12-20 16:36:15 - [TEST_STEP][PASSED] - Statement - PreSaveFile = new java.io.File(((pathPrefix + java.lang.Integer.toString(counter)) + .png)): null

2018-12-20 16:36:15 - [TEST_STEP][PASSED] - Statement - counter = counter + 1: null

2018-12-20 16:36:15 - [TEST_STEP][PASSED] - Statement - PreSaveFile = new java.io.File(((pathPrefix + java.lang.Integer.toString(counter)) + .png)): null

2018-12-20 16:36:15 - [TEST_STEP][PASSED] - Statement - counter = counter + 1: null

2018-12-20 16:36:15 - [TEST_STEP][PASSED] - Statement - PreSaveFile = new java.io.File(((pathPrefix + java.lang.Integer.toString(counter)) + .png)): null

2018-12-20 16:36:15 - [TEST_STEP][PASSED] - Statement - counter = counter + 1: null

2018-12-20 16:36:15 - [TEST_STEP][PASSED] - Statement - PreSaveFile = new java.io.File(((pathPrefix + java.lang.Integer.toString(counter)) + .png)): null

2018-12-20 16:36:15 - [TEST_STEP][PASSED] - Statement - counter = counter + 1: null

2018-12-20 16:36:15 - [TEST_STEP][PASSED] - Statement - PreSaveFile = new java.io.File(((pathPrefix + java.lang.Integer.toString(counter)) + .png)): null

2018-12-20 16:36:15 - [TEST_STEP][PASSED] - Statement - counter = counter + 1: null

2018-12-20 16:36:15 - [TEST_STEP][PASSED] - Statement - PreSaveFile = new java.io.File(((pathPrefix + java.lang.Integer.toString(counter)) + .png)): null

2018-12-20 16:36:15 - [TEST_STEP][PASSED] - Statement - counter = counter + 1: null

2018-12-20 16:36:16 - [TEST_STEP][PASSED] - Statement - PreSaveFile = new java.io.File(((pathPrefix + java.lang.Integer.toString(counter)) + .png)): null

2018-12-20 16:36:16 - [TEST_STEP][PASSED] - Statement - counter = counter + 1: null

2018-12-20 16:36:16 - [TEST_STEP][PASSED] - Statement - PreSaveFile = new java.io.File(((pathPrefix + java.lang.Integer.toString(counter)) + .png)): null

2018-12-20 16:36:16 - [TEST_STEP][PASSED] - Statement - counter = counter + 1: null

2018-12-20 16:36:16 - [TEST_STEP][PASSED] - Statement - PreSaveFile = new java.io.File(((pathPrefix + java.lang.Integer.toString(counter)) + .png)): null

2018-12-20 16:36:16 - [TEST_STEP][PASSED] - Statement - counter = counter + 1: null

2018-12-20 16:36:16 - [TEST_STEP][PASSED] - Statement - PreSaveFile = new java.io.File(((pathPrefix + java.lang.Integer.toString(counter)) + .png)): null

2018-12-20 16:36:16 - [TEST_STEP][PASSED] - Statement - counter = counter + 1: null

2018-12-20 16:36:16 - [TEST_STEP][PASSED] - Statement - PreSaveFile = new java.io.File(((pathPrefix + java.lang.Integer.toString(counter)) + .png)): null

2018-12-20 16:36:16 - [TEST_STEP][PASSED] - Statement - counter = counter + 1: null

2018-12-20 16:36:16 - [TEST_STEP][PASSED] - Statement - PreSaveFile = new java.io.File(((pathPrefix + java.lang.Integer.toString(counter)) + .png)): null

2018-12-20 16:36:16 - [TEST_STEP][PASSED] - Statement - counter = counter + 1: null

2018-12-20 16:36:16 - [TEST_STEP][PASSED] - Statement - PreSaveFile = new java.io.File(((pathPrefix + java.lang.Integer.toString(counter)) + .png)): null

2018-12-20 16:36:16 - [TEST_STEP][PASSED] - Statement - counter = counter + 1: null

2018-12-20 16:36:16 - [TEST_STEP][PASSED] - Statement - PreSaveFile = new java.io.File(((pathPrefix + java.lang.Integer.toString(counter)) + .png)): null

2018-12-20 16:36:16 - [TEST_STEP][PASSED] - Statement - counter = counter + 1: null

2018-12-20 16:36:16 - [TEST_STEP][PASSED] - Statement - PreSaveFile = new java.io.File(((pathPrefix + java.lang.Integer.toString(counter)) + .png)): null

2018-12-20 16:36:16 - [TEST_STEP][PASSED] - Statement - counter = counter + 1: null

2018-12-20 16:36:16 - [TEST_STEP][PASSED] - Statement - PreSaveFile = new java.io.File(((pathPrefix + java.lang.Integer.toString(counter)) + .png)): null

2018-12-20 16:36:16 - [TEST_STEP][PASSED] - Statement - counter = counter + 1: null

2018-12-20 16:36:16 - [TEST_STEP][PASSED] - Statement - PreSaveFile = new java.io.File(((pathPrefix + java.lang.Integer.toString(counter)) + .png)): null

2018-12-20 16:36:16 - [TEST_STEP][PASSED] - Statement - counter = counter + 1: null

2018-12-20 16:36:16 - [TEST_STEP][PASSED] - Statement - PreSaveFile = new java.io.File(((pathPrefix + java.lang.Integer.toString(counter)) + .png)): null

2018-12-20 16:36:16 - [TEST_STEP][PASSED] - Statement - counter = counter + 1: null

2018-12-20 16:36:16 - [TEST_STEP][PASSED] - Statement - PreSaveFile = new java.io.File(((pathPrefix + java.lang.Integer.toString(counter)) + .png)): null

2018-12-20 16:36:16 - [TEST_STEP][PASSED] - Statement - counter = counter + 1: null

2018-12-20 16:36:16 - [TEST_STEP][PASSED] - Statement - PreSaveFile = new java.io.File(((pathPrefix + java.lang.Integer.toString(counter)) + .png)): null

2018-12-20 16:36:16 - [TEST_STEP][PASSED] - Statement - counter = counter + 1: null

2018-12-20 16:36:17 - [TEST_STEP][PASSED] - Statement - PreSaveFile = new java.io.File(((pathPrefix + java.lang.Integer.toString(counter)) + .png)): null

2018-12-20 16:36:17 - [TEST_STEP][PASSED] - Statement - counter = counter + 1: null

2018-12-20 16:36:17 - [TEST_STEP][PASSED] - Statement - PreSaveFile = new java.io.File(((pathPrefix + java.lang.Integer.toString(counter)) + .png)): null

2018-12-20 16:36:17 - [TEST_STEP][PASSED] - Statement - counter = counter + 1: null

2018-12-20 16:36:17 - [TEST_STEP][PASSED] - Statement - PreSaveFile = new java.io.File(((pathPrefix + java.lang.Integer.toString(counter)) + .png)): null

2018-12-20 16:36:17 - [TEST_STEP][PASSED] - Statement - counter = counter + 1: null

2018-12-20 16:36:17 - [TEST_STEP][PASSED] - Statement - PreSaveFile = new java.io.File(((pathPrefix + java.lang.Integer.toString(counter)) + .png)): null

2018-12-20 16:36:17 - [TEST_STEP][PASSED] - Statement - counter = counter + 1: null

2018-12-20 16:36:17 - [TEST_STEP][PASSED] - Statement - PreSaveFile = new java.io.File(((pathPrefix + java.lang.Integer.toString(counter)) + .png)): null

2018-12-20 16:36:17 - [TEST_STEP][PASSED] - Statement - counter = counter + 1: null

2018-12-20 16:36:17 - [TEST_STEP][PASSED] - Statement - PreSaveFile = new java.io.File(((pathPrefix + java.lang.Integer.toString(counter)) + .png)): null

2018-12-20 16:36:17 - [TEST_STEP][PASSED] - Statement - counter = counter + 1: null

2018-12-20 16:36:18 - [TEST_STEP][PASSED] - Statement - PreSaveFile = new java.io.File(((pathPrefix + java.lang.Integer.toString(counter)) + .png)): null

2018-12-20 16:36:18 - [TEST_STEP][PASSED] - Statement - counter = counter + 1: null

2018-12-20 16:36:18 - [TEST_STEP][PASSED] - Statement - PreSaveFile = new java.io.File(((pathPrefix + java.lang.Integer.toString(counter)) + .png)): null

2018-12-20 16:36:18 - [TEST_STEP][PASSED] - Statement - counter = counter + 1: null

2018-12-20 16:36:18 - [TEST_STEP][PASSED] - Statement - PreSaveFile = new java.io.File(((pathPrefix + java.lang.Integer.toString(counter)) + .png)): null

2018-12-20 16:36:18 - [TEST_STEP][PASSED] - Statement - counter = counter + 1: null

2018-12-20 16:36:18 - [TEST_STEP][PASSED] - Statement - PreSaveFile = new java.io.File(((pathPrefix + java.lang.Integer.toString(counter)) + .png)): null

2018-12-20 16:36:18 - [TEST_STEP][PASSED] - Statement - counter = counter + 1: null

2018-12-20 16:36:18 - [TEST_STEP][PASSED] - Statement - PreSaveFile = new java.io.File(((pathPrefix + java.lang.Integer.toString(counter)) + .png)): null

2018-12-20 16:36:18 - [TEST_STEP][PASSED] - Statement - counter = counter + 1: null

2018-12-20 16:36:18 - [TEST_STEP][PASSED] - Statement - PreSaveFile = new java.io.File(((pathPrefix + java.lang.Integer.toString(counter)) + .png)): null

2018-12-20 16:36:18 - [TEST_STEP][PASSED] - Statement - counter = counter + 1: null

2018-12-20 16:36:18 - [TEST_STEP][PASSED] - Statement - PreSaveFile = new java.io.File(((pathPrefix + java.lang.Integer.toString(counter)) + .png)): null

2018-12-20 16:36:18 - [TEST_STEP][PASSED] - Statement - counter = counter + 1: null

2018-12-20 16:36:18 - [TEST_STEP][PASSED] - Statement - PreSaveFile = new java.io.File(((pathPrefix + java.lang.Integer.toString(counter)) + .png)): null

2018-12-20 16:36:18 - [TEST_STEP][PASSED] - Statement - counter = counter + 1: null

2018-12-20 16:36:18 - [TEST_STEP][PASSED] - Statement - PreSaveFile = new java.io.File(((pathPrefix + java.lang.Integer.toString(counter)) + .png)): null

2018-12-20 16:36:18 - [TEST_STEP][PASSED] - Statement - counter = counter + 1: null

2018-12-20 16:36:18 - [TEST_STEP][PASSED] - Statement - PreSaveFile = new java.io.File(((pathPrefix + java.lang.Integer.toString(counter)) + .png)): null

2018-12-20 16:36:18 - [TEST_STEP][PASSED] - Statement - counter = counter + 1: null

2018-12-20 16:36:18 - [TEST_STEP][PASSED] - Statement - PreSaveFile = new java.io.File(((pathPrefix + java.lang.Integer.toString(counter)) + .png)): null

2018-12-20 16:36:18 - [TEST_STEP][PASSED] - Statement - counter = counter + 1: null

2018-12-20 16:36:18 - [TEST_STEP][PASSED] - Statement - PreSaveFile = new java.io.File(((pathPrefix + java.lang.Integer.toString(counter)) + .png)): null

2018-12-20 16:36:18 - [TEST_STEP][PASSED] - Statement - counter = counter + 1: null

2018-12-20 16:36:18 - [TEST_STEP][PASSED] - Statement - PreSaveFile = new java.io.File(((pathPrefix + java.lang.Integer.toString(counter)) + .png)): null

2018-12-20 16:36:18 - [TEST_STEP][PASSED] - Statement - counter = counter + 1: null

2018-12-20 16:36:18 - [TEST_STEP][PASSED] - Statement - PreSaveFile = new java.io.File(((pathPrefix + java.lang.Integer.toString(counter)) + .png)): null

2018-12-20 16:36:18 - [TEST_STEP][PASSED] - Statement - counter = counter + 1: null

2018-12-20 16:36:18 - [TEST_STEP][PASSED] - Statement - PreSaveFile = new java.io.File(((pathPrefix + java.lang.Integer.toString(counter)) + .png)): null

2018-12-20 16:36:18 - [TEST_STEP][PASSED] - Statement - counter = counter + 1: null

2018-12-20 16:36:18 - [TEST_STEP][PASSED] - Statement - PreSaveFile = new java.io.File(((pathPrefix + java.lang.Integer.toString(counter)) + .png)): null

2018-12-20 16:36:18 - [TEST_STEP][PASSED] - Statement - counter = counter + 1: null

2018-12-20 16:36:18 - [TEST_STEP][PASSED] - Statement - PreSaveFile = new java.io.File(((pathPrefix + java.lang.Integer.toString(counter)) + .png)): null

2018-12-20 16:36:18 - [TEST_STEP][PASSED] - Statement - counter = counter + 1: null

2018-12-20 16:36:18 - [TEST_STEP][PASSED] - Statement - PreSaveFile = new java.io.File(((pathPrefix + java.lang.Integer.toString(counter)) + .png)): null

2018-12-20 16:36:18 - [TEST_STEP][PASSED] - Statement - counter = counter + 1: null

2018-12-20 16:36:18 - [TEST_STEP][PASSED] - Statement - PreSaveFile = new java.io.File(((pathPrefix + java.lang.Integer.toString(counter)) + .png)): null

2018-12-20 16:36:18 - [TEST_STEP][PASSED] - Statement - counter = counter + 1: null

2018-12-20 16:36:19 - [TEST_STEP][PASSED] - Statement - PreSaveFile = new java.io.File(((pathPrefix + java.lang.Integer.toString(counter)) + .png)): null

2018-12-20 16:36:19 - [TEST_STEP][PASSED] - Statement - counter = counter + 1: null

2018-12-20 16:36:19 - [TEST_STEP][PASSED] - Statement - PreSaveFile = new java.io.File(((pathPrefix + java.lang.Integer.toString(counter)) + .png)): null

2018-12-20 16:36:19 - [TEST_STEP][PASSED] - Statement - counter = counter + 1: null

2018-12-20 16:36:19 - [TEST_STEP][PASSED] - Statement - PreSaveFile = new java.io.File(((pathPrefix + java.lang.Integer.toString(counter)) + .png)): null

2018-12-20 16:36:19 - [TEST_STEP][PASSED] - Statement - counter = counter + 1: null

2018-12-20 16:36:19 - [TEST_STEP][PASSED] - Statement - PreSaveFile = new java.io.File(((pathPrefix + java.lang.Integer.toString(counter)) + .png)): null

2018-12-20 16:36:19 - [TEST_STEP][PASSED] - Statement - counter = counter + 1: null

2018-12-20 16:36:19 - [TEST_STEP][PASSED] - Statement - PreSaveFile = new java.io.File(((pathPrefix + java.lang.Integer.toString(counter)) + .png)): null

2018-12-20 16:36:19 - [TEST_STEP][PASSED] - Statement - counter = counter + 1: null

2018-12-20 16:36:19 - [TEST_STEP][PASSED] - Statement - PreSaveFile = new java.io.File(((pathPrefix + java.lang.Integer.toString(counter)) + .png)): null

2018-12-20 16:36:19 - [TEST_STEP][PASSED] - Statement - counter = counter + 1: null

2018-12-20 16:36:19 - [TEST_STEP][PASSED] - Statement - PreSaveFile = new java.io.File(((pathPrefix + java.lang.Integer.toString(counter)) + .png)): null

2018-12-20 16:36:19 - [TEST_STEP][PASSED] - Statement - counter = counter + 1: null

2018-12-20 16:36:19 - [TEST_STEP][PASSED] - Statement - PreSaveFile = new java.io.File(((pathPrefix + java.lang.Integer.toString(counter)) + .png)): null

2018-12-20 16:36:19 - [TEST_STEP][PASSED] - Statement - counter = counter + 1: null

2018-12-20 16:36:19 - [TEST_STEP][PASSED] - Statement - PreSaveFile = new java.io.File(((pathPrefix + java.lang.Integer.toString(counter)) + .png)): null

2018-12-20 16:36:19 - [TEST_STEP][PASSED] - Statement - counter = counter + 1: null

2018-12-20 16:36:19 - [TEST_STEP][PASSED] - Statement - PreSaveFile = new java.io.File(((pathPrefix + java.lang.Integer.toString(counter)) + .png)): null

2018-12-20 16:36:19 - [TEST_STEP][PASSED] - Statement - counter = counter + 1: null

2018-12-20 16:36:19 - [TEST_STEP][PASSED] - Statement - PreSaveFile = new java.io.File(((pathPrefix + java.lang.Integer.toString(counter)) + .png)): null

2018-12-20 16:36:19 - [TEST_STEP][PASSED] - Statement - counter = counter + 1: null

2018-12-20 16:36:19 - [TEST_STEP][PASSED] - Statement - PreSaveFile = new java.io.File(((pathPrefix + java.lang.Integer.toString(counter)) + .png)): null

2018-12-20 16:36:19 - [TEST_STEP][PASSED] - Statement - counter = counter + 1: null

2018-12-20 16:36:19 - [TEST_STEP][PASSED] - Statement - PreSaveFile = new java.io.File(((pathPrefix + java.lang.Integer.toString(counter)) + .png)): null

2018-12-20 16:36:19 - [TEST_STEP][PASSED] - Statement - counter = counter + 1: null

2018-12-20 16:36:19 - [TEST_STEP][PASSED] - Statement - PreSaveFile = new java.io.File(((pathPrefix + java.lang.Integer.toString(counter)) + .png)): null

2018-12-20 16:36:19 - [TEST_STEP][PASSED] - Statement - counter = counter + 1: null

2018-12-20 16:36:20 - [TEST_STEP][PASSED] - Statement - PreSaveFile = new java.io.File(((pathPrefix + java.lang.Integer.toString(counter)) + .png)): null

2018-12-20 16:36:20 - [TEST_STEP][PASSED] - Statement - counter = counter + 1: null

2018-12-20 16:36:20 - [TEST_STEP][PASSED] - Statement - PreSaveFile = new java.io.File(((pathPrefix + java.lang.Integer.toString(counter)) + .png)): null

2018-12-20 16:36:20 - [TEST_STEP][PASSED] - Statement - counter = counter + 1: null

2018-12-20 16:36:20 - [TEST_STEP][PASSED] - Statement - PreSaveFile = new java.io.File(((pathPrefix + java.lang.Integer.toString(counter)) + .png)): null

2018-12-20 16:36:20 - [TEST_STEP][PASSED] - Statement - counter = counter + 1: null

2018-12-20 16:36:20 - [TEST_STEP][PASSED] - Statement - PreSaveFile = new java.io.File(((pathPrefix + java.lang.Integer.toString(counter)) + .png)): null

2018-12-20 16:36:20 - [TEST_STEP][PASSED] - Statement - counter = counter + 1: null

2018-12-20 16:36:20 - [TEST_STEP][PASSED] - Statement - PreSaveFile = new java.io.File(((pathPrefix + java.lang.Integer.toString(counter)) + .png)): null

2018-12-20 16:36:20 - [TEST_STEP][PASSED] - Statement - counter = counter + 1: null

2018-12-20 16:36:20 - [TEST_STEP][PASSED] - Statement - PreSaveFile = new java.io.File(((pathPrefix + java.lang.Integer.toString(counter)) + .png)): null

2018-12-20 16:36:20 - [TEST_STEP][PASSED] - Statement - counter = counter + 1: null

2018-12-20 16:36:20 - [TEST_STEP][PASSED] - Statement - PreSaveFile = new java.io.File(((pathPrefix + java.lang.Integer.toString(counter)) + .png)): null

2018-12-20 16:36:20 - [TEST_STEP][PASSED] - Statement - counter = counter + 1: null

2018-12-20 16:36:20 - [TEST_STEP][PASSED] - Statement - PreSaveFile = new java.io.File(((pathPrefix + java.lang.Integer.toString(counter)) + .png)): null

2018-12-20 16:36:20 - [TEST_STEP][PASSED] - Statement - counter = counter + 1: null

2018-12-20 16:36:20 - [TEST_STEP][PASSED] - Statement - PreSaveFile = new java.io.File(((pathPrefix + java.lang.Integer.toString(counter)) + .png)): null

2018-12-20 16:36:20 - [TEST_STEP][PASSED] - Statement - counter = counter + 1: null

2018-12-20 16:36:20 - [TEST_STEP][PASSED] - Statement - PreSaveFile = new java.io.File(((pathPrefix + java.lang.Integer.toString(counter)) + .png)): null

2018-12-20 16:36:20 - [TEST_STEP][PASSED] - Statement - counter = counter + 1: null

2018-12-20 16:36:21 - [TEST_STEP][PASSED] - Statement - PreSaveFile = new java.io.File(((pathPrefix + java.lang.Integer.toString(counter)) + .png)): null

2018-12-20 16:36:21 - [TEST_STEP][PASSED] - Statement - counter = counter + 1: null

2018-12-20 16:36:21 - [TEST_STEP][PASSED] - Statement - PreSaveFile = new java.io.File(((pathPrefix + java.lang.Integer.toString(counter)) + .png)): null

2018-12-20 16:36:21 - [TEST_STEP][PASSED] - Statement - counter = counter + 1: null

2018-12-20 16:36:21 - [TEST_STEP][PASSED] - Statement - PreSaveFile = new java.io.File(((pathPrefix + java.lang.Integer.toString(counter)) + .png)): null

2018-12-20 16:36:21 - [TEST_STEP][PASSED] - Statement - counter = counter + 1: null

2018-12-20 16:36:21 - [TEST_STEP][PASSED] - Statement - PreSaveFile = new java.io.File(((pathPrefix + java.lang.Integer.toString(counter)) + .png)): null

2018-12-20 16:36:21 - [TEST_STEP][PASSED] - Statement - counter = counter + 1: null

2018-12-20 16:36:21 - [TEST_STEP][PASSED] - Statement - PreSaveFile = new java.io.File(((pathPrefix + java.lang.Integer.toString(counter)) + .png)): null

2018-12-20 16:36:21 - [TEST_STEP][PASSED] - Statement - counter = counter + 1: null

2018-12-20 16:36:21 - [TEST_STEP][PASSED] - Statement - PreSaveFile = new java.io.File(((pathPrefix + java.lang.Integer.toString(counter)) + .png)): null

2018-12-20 16:36:21 - [TEST_STEP][PASSED] - Statement - counter = counter + 1: null

2018-12-20 16:36:21 - [TEST_STEP][PASSED] - Statement - PreSaveFile = new java.io.File(((pathPrefix + java.lang.Integer.toString(counter)) + .png)): null

2018-12-20 16:36:21 - [TEST_STEP][PASSED] - Statement - counter = counter + 1: null

2018-12-20 16:36:21 - [TEST_STEP][PASSED] - Statement - PreSaveFile = new java.io.File(((pathPrefix + java.lang.Integer.toString(counter)) + .png)): null

2018-12-20 16:36:21 - [TEST_STEP][PASSED] - Statement - counter = counter + 1: null

2018-12-20 16:36:21 - [TEST_STEP][PASSED] - Statement - PreSaveFile = new java.io.File(((pathPrefix + java.lang.Integer.toString(counter)) + .png)): null

2018-12-20 16:36:21 - [TEST_STEP][PASSED] - Statement - counter = counter + 1: null

2018-12-20 16:36:21 - [TEST_STEP][PASSED] - Statement - PreSaveFile = new java.io.File(((pathPrefix + java.lang.Integer.toString(counter)) + .png)): null

2018-12-20 16:36:21 - [TEST_STEP][PASSED] - Statement - counter = counter + 1: null

2018-12-20 16:36:21 - [TEST_STEP][PASSED] - Statement - PreSaveFile = new java.io.File(((pathPrefix + java.lang.Integer.toString(counter)) + .png)): null

2018-12-20 16:36:21 - [TEST_STEP][PASSED] - Statement - counter = counter + 1: null

2018-12-20 16:36:21 - [TEST_STEP][PASSED] - Statement - PreSaveFile = new java.io.File(((pathPrefix + java.lang.Integer.toString(counter)) + .png)): null

2018-12-20 16:36:21 - [TEST_STEP][PASSED] - Statement - counter = counter + 1: null

2018-12-20 16:36:21 - [TEST_STEP][PASSED] - Statement - PreSaveFile = new java.io.File(((pathPrefix + java.lang.Integer.toString(counter)) + .png)): null

2018-12-20 16:36:21 - [TEST_STEP][PASSED] - Statement - counter = counter + 1: null

2018-12-20 16:36:21 - [TEST_STEP][PASSED] - Statement - PreSaveFile = new java.io.File(((pathPrefix + java.lang.Integer.toString(counter)) + .png)): null

2018-12-20 16:36:21 - [TEST_STEP][PASSED] - Statement - counter = counter + 1: null

2018-12-20 16:36:22 - [TEST_STEP][PASSED] - Statement - PreSaveFile = new java.io.File(((pathPrefix + java.lang.Integer.toString(counter)) + .png)): null

2018-12-20 16:36:22 - [TEST_STEP][PASSED] - Statement - counter = counter + 1: null

2018-12-20 16:36:22 - [TEST_STEP][PASSED] - Statement - PreSaveFile = new java.io.File(((pathPrefix + java.lang.Integer.toString(counter)) + .png)): null

2018-12-20 16:36:22 - [TEST_STEP][PASSED] - Statement - counter = counter + 1: null

2018-12-20 16:36:22 - [TEST_STEP][PASSED] - Statement - PreSaveFile = new java.io.File(((pathPrefix + java.lang.Integer.toString(counter)) + .png)): null

2018-12-20 16:36:22 - [TEST_STEP][PASSED] - Statement - counter = counter + 1: null

2018-12-20 16:36:22 - [TEST_STEP][PASSED] - Statement - PreSaveFile = new java.io.File(((pathPrefix + java.lang.Integer.toString(counter)) + .png)): null

2018-12-20 16:36:22 - [TEST_STEP][PASSED] - Statement - counter = counter + 1: null

2018-12-20 16:36:22 - [TEST_STEP][PASSED] - Statement - PreSaveFile = new java.io.File(((pathPrefix + java.lang.Integer.toString(counter)) + .png)): null

2018-12-20 16:36:22 - [TEST_STEP][PASSED] - Statement - counter = counter + 1: null

2018-12-20 16:36:22 - [TEST_STEP][PASSED] - Statement - PreSaveFile = new java.io.File(((pathPrefix + java.lang.Integer.toString(counter)) + .png)): null

2018-12-20 16:36:22 - [TEST_STEP][PASSED] - Statement - counter = counter + 1: null

2018-12-20 16:36:22 - [TEST_STEP][PASSED] - Statement - PreSaveFile = new java.io.File(((pathPrefix + java.lang.Integer.toString(counter)) + .png)): null

2018-12-20 16:36:22 - [TEST_STEP][PASSED] - Statement - counter = counter + 1: null

2018-12-20 16:36:22 - [TEST_STEP][PASSED] - Statement - PreSaveFile = new java.io.File(((pathPrefix + java.lang.Integer.toString(counter)) + .png)): null

2018-12-20 16:36:22 - [TEST_STEP][PASSED] - Statement - counter = counter + 1: null

2018-12-20 16:36:22 - [TEST_STEP][PASSED] - Statement - PreSaveFile = new java.io.File(((pathPrefix + java.lang.Integer.toString(counter)) + .png)): null

2018-12-20 16:36:22 - [TEST_STEP][PASSED] - Statement - counter = counter + 1: null

2018-12-20 16:36:22 - [TEST_STEP][PASSED] - Statement - PreSaveFile = new java.io.File(((pathPrefix + java.lang.Integer.toString(counter)) + .png)): null

2018-12-20 16:36:23 - [TEST_STEP][PASSED] - Statement - counter = counter + 1: null

2018-12-20 16:36:23 - [TEST_STEP][PASSED] - Statement - PreSaveFile = new java.io.File(((pathPrefix + java.lang.Integer.toString(counter)) + .png)): null

2018-12-20 16:36:23 - [TEST_STEP][PASSED] - Statement - counter = counter + 1: null

2018-12-20 16:36:23 - [TEST_STEP][PASSED] - Statement - PreSaveFile = new java.io.File(((pathPrefix + java.lang.Integer.toString(counter)) + .png)): null

2018-12-20 16:36:23 - [TEST_STEP][PASSED] - Statement - counter = counter + 1: null

2018-12-20 16:36:23 - [TEST_STEP][PASSED] - Statement - PreSaveFile = new java.io.File(((pathPrefix + java.lang.Integer.toString(counter)) + .png)): null

2018-12-20 16:36:23 - [TEST_STEP][PASSED] - Statement - counter = counter + 1: null

2018-12-20 16:36:23 - [TEST_STEP][PASSED] - Statement - PreSaveFile = new java.io.File(((pathPrefix + java.lang.Integer.toString(counter)) + .png)): null

2018-12-20 16:36:23 - [TEST_STEP][PASSED] - Statement - counter = counter + 1: null

2018-12-20 16:36:23 - [TEST_STEP][PASSED] - Statement - PreSaveFile = new java.io.File(((pathPrefix + java.lang.Integer.toString(counter)) + .png)): null

2018-12-20 16:36:23 - [TEST_STEP][PASSED] - Statement - counter = counter + 1: null

2018-12-20 16:36:23 - [TEST_STEP][PASSED] - Statement - PreSaveFile = new java.io.File(((pathPrefix + java.lang.Integer.toString(counter)) + .png)): null

2018-12-20 16:36:23 - [TEST_STEP][PASSED] - Statement - counter = counter + 1: null

2018-12-20 16:36:23 - [TEST_STEP][PASSED] - Statement - PreSaveFile = new java.io.File(((pathPrefix + java.lang.Integer.toString(counter)) + .png)): null

2018-12-20 16:36:23 - [TEST_STEP][PASSED] - Statement - counter = counter + 1: null

2018-12-20 16:36:23 - [TEST_STEP][PASSED] - Statement - PreSaveFile = new java.io.File(((pathPrefix + java.lang.Integer.toString(counter)) + .png)): null

2018-12-20 16:36:23 - [TEST_STEP][PASSED] - Statement - counter = counter + 1: null

2018-12-20 16:36:23 - [TEST_STEP][PASSED] - Statement - PreSaveFile = new java.io.File(((pathPrefix + java.lang.Integer.toString(counter)) + .png)): null

2018-12-20 16:36:23 - [TEST_STEP][PASSED] - Statement - counter = counter + 1: null

2018-12-20 16:36:23 - [TEST_STEP][PASSED] - Statement - PreSaveFile = new java.io.File(((pathPrefix + java.lang.Integer.toString(counter)) + .png)): null

2018-12-20 16:36:23 - [TEST_STEP][PASSED] - Statement - counter = counter + 1: null

2018-12-20 16:36:23 - [TEST_STEP][PASSED] - Statement - PreSaveFile = new java.io.File(((pathPrefix + java.lang.Integer.toString(counter)) + .png)): null

2018-12-20 16:36:23 - [TEST_STEP][PASSED] - Statement - counter = counter + 1: null

2018-12-20 16:36:23 - [TEST_STEP][PASSED] - Statement - PreSaveFile = new java.io.File(((pathPrefix + java.lang.Integer.toString(counter)) + .png)): null

2018-12-20 16:36:23 - [TEST_STEP][PASSED] - Statement - counter = counter + 1: null

2018-12-20 16:36:23 - [TEST_STEP][PASSED] - Statement - PreSaveFile = new java.io.File(((pathPrefix + java.lang.Integer.toString(counter)) + .png)): null

2018-12-20 16:36:23 - [TEST_STEP][PASSED] - Statement - counter = counter + 1: null

2018-12-20 16:36:23 - [TEST_STEP][PASSED] - Statement - PreSaveFile = new java.io.File(((pathPrefix + java.lang.Integer.toString(counter)) + .png)): null

2018-12-20 16:36:23 - [TEST_STEP][PASSED] - Statement - counter = counter + 1: null

2018-12-20 16:36:24 - [TEST_STEP][PASSED] - Statement - PreSaveFile = new java.io.File(((pathPrefix + java.lang.Integer.toString(counter)) + .png)): null

2018-12-20 16:36:24 - [TEST_STEP][PASSED] - Statement - counter = counter + 1: null

2018-12-20 16:36:24 - [TEST_STEP][PASSED] - Statement - PreSaveFile = new java.io.File(((pathPrefix + java.lang.Integer.toString(counter)) + .png)): null

2018-12-20 16:36:24 - [TEST_STEP][PASSED] - Statement - counter = counter + 1: null

2018-12-20 16:36:24 - [TEST_STEP][PASSED] - Statement - PreSaveFile = new java.io.File(((pathPrefix + java.lang.Integer.toString(counter)) + .png)): null

2018-12-20 16:36:24 - [TEST_STEP][PASSED] - Statement - counter = counter + 1: null

2018-12-20 16:36:24 - [TEST_STEP][PASSED] - Statement - PreSaveFile = new java.io.File(((pathPrefix + java.lang.Integer.toString(counter)) + .png)): null

2018-12-20 16:36:24 - [TEST_STEP][PASSED] - Statement - counter = counter + 1: null

2018-12-20 16:36:24 - [TEST_STEP][PASSED] - Statement - PreSaveFile = new java.io.File(((pathPrefix + java.lang.Integer.toString(counter)) + .png)): null

2018-12-20 16:36:24 - [TEST_STEP][PASSED] - Statement - counter = counter + 1: null

2018-12-20 16:36:24 - [TEST_STEP][PASSED] - Statement - PreSaveFile = new java.io.File(((pathPrefix + java.lang.Integer.toString(counter)) + .png)): null

2018-12-20 16:36:24 - [TEST_STEP][PASSED] - Statement - counter = counter + 1: null

2018-12-20 16:36:24 - [TEST_STEP][PASSED] - Statement - PreSaveFile = new java.io.File(((pathPrefix + java.lang.Integer.toString(counter)) + .png)): null

2018-12-20 16:36:24 - [TEST_STEP][PASSED] - Statement - counter = counter + 1: null

2018-12-20 16:36:24 - [TEST_STEP][PASSED] - Statement - PreSaveFile = new java.io.File(((pathPrefix + java.lang.Integer.toString(counter)) + .png)): null

2018-12-20 16:36:24 - [TEST_STEP][PASSED] - Statement - counter = counter + 1: null

2018-12-20 16:36:24 - [TEST_STEP][PASSED] - Statement - PreSaveFile = new java.io.File(((pathPrefix + java.lang.Integer.toString(counter)) + .png)): null

2018-12-20 16:36:24 - [TEST_STEP][PASSED] - Statement - counter = counter + 1: null

2018-12-20 16:36:24 - [TEST_STEP][PASSED] - Statement - PreSaveFile = new java.io.File(((pathPrefix + java.lang.Integer.toString(counter)) + .png)): null

2018-12-20 16:36:25 - [TEST_STEP][PASSED] - Statement - counter = counter + 1: null

2018-12-20 16:36:25 - [TEST_STEP][PASSED] - Statement - PreSaveFile = new java.io.File(((pathPrefix + java.lang.Integer.toString(counter)) + .png)): null

2018-12-20 16:36:25 - [TEST_STEP][PASSED] - Statement - counter = counter + 1: null

2018-12-20 16:36:25 - [TEST_STEP][PASSED] - Statement - PreSaveFile = new java.io.File(((pathPrefix + java.lang.Integer.toString(counter)) + .png)): null

2018-12-20 16:36:25 - [TEST_STEP][PASSED] - Statement - counter = counter + 1: null

2018-12-20 16:36:25 - [TEST_STEP][PASSED] - Statement - PreSaveFile = new java.io.File(((pathPrefix + java.lang.Integer.toString(counter)) + .png)): null

2018-12-20 16:36:25 - [TEST_STEP][PASSED] - Statement - counter = counter + 1: null

2018-12-20 16:36:25 - [TEST_STEP][PASSED] - Statement - PreSaveFile = new java.io.File(((pathPrefix + java.lang.Integer.toString(counter)) + .png)): null

2018-12-20 16:36:25 - [TEST_STEP][PASSED] - Statement - counter = counter + 1: null

2018-12-20 16:36:25 - [TEST_STEP][PASSED] - Statement - PreSaveFile = new java.io.File(((pathPrefix + java.lang.Integer.toString(counter)) + .png)): null

2018-12-20 16:36:25 - [TEST_STEP][PASSED] - Statement - counter = counter + 1: null

2018-12-20 16:36:25 - [TEST_STEP][PASSED] - Statement - PreSaveFile = new java.io.File(((pathPrefix + java.lang.Integer.toString(counter)) + .png)): null

2018-12-20 16:36:25 - [TEST_STEP][PASSED] - Statement - counter = counter + 1: null

2018-12-20 16:36:25 - [TEST_STEP][PASSED] - Statement - PreSaveFile = new java.io.File(((pathPrefix + java.lang.Integer.toString(counter)) + .png)): null

2018-12-20 16:36:25 - [TEST_STEP][PASSED] - Statement - counter = counter + 1: null

2018-12-20 16:36:25 - [TEST_STEP][PASSED] - Statement - PreSaveFile = new java.io.File(((pathPrefix + java.lang.Integer.toString(counter)) + .png)): null

2018-12-20 16:36:25 - [TEST_STEP][PASSED] - Statement - counter = counter + 1: null

2018-12-20 16:36:25 - [TEST_STEP][PASSED] - Statement - PreSaveFile = new java.io.File(((pathPrefix + java.lang.Integer.toString(counter)) + .png)): null

2018-12-20 16:36:25 - [TEST_STEP][PASSED] - Statement - counter = counter + 1: null

2018-12-20 16:36:26 - [TEST_STEP][PASSED] - Statement - PreSaveFile = new java.io.File(((pathPrefix + java.lang.Integer.toString(counter)) + .png)): null

2018-12-20 16:36:26 - [TEST_STEP][PASSED] - Statement - counter = counter + 1: null

2018-12-20 16:36:26 - [TEST_STEP][PASSED] - Statement - PreSaveFile = new java.io.File(((pathPrefix + java.lang.Integer.toString(counter)) + .png)): null

2018-12-20 16:36:26 - [TEST_STEP][PASSED] - Statement - counter = counter + 1: null

2018-12-20 16:36:26 - [TEST_STEP][PASSED] - Statement - PreSaveFile = new java.io.File(((pathPrefix + java.lang.Integer.toString(counter)) + .png)): null

2018-12-20 16:36:26 - [TEST_STEP][PASSED] - Statement - finalPath = pathPrefix + java.lang.Integer.toString(counter) + ".png": null

2018-12-20 16:36:26 - [TEST_STEP][PASSED] - Statement - SaveFile = new java.io.File(finalPath): null

2018-12-20 16:36:26 - [TEST_STEP][PASSED] - Statement - Try: null

2018-12-20 16:36:26 - [TEST_STEP][PASSED] - Statement - org.apache.commons.io.FileUtils.copyFile(scrFile, SaveFile): null

2018-12-20 16:36:26 - [TEST_STEP][PASSED] - Statement - out.println("file kept"): null

2018-12-20 16:36:26 - [TEST_STEP][PASSED] - delay: Delayed 10 second(s)

2018-12-20 16:36:36 - [MESSAGE][PASSED] - Delayed 10 second(s)

2018-12-20 16:36:36 - [MESSAGE][PASSED] - Call Test Case 'Test Cases/Final Aug 2018 - PKS Automation/Registration Module/New Registration/Submit and Screenshot/Submit Registration and Screenshot - Copy' successfully

2018-12-20 16:36:36 - [TEST_STEP][PASSED] - Statement - UpdateAddNewECode = com.kms.katalon.core.webui.keyword.WebUiBuiltInKeywords.getText(com.kms.katalon.core.testobject.ObjectRepository.findTestObject(Object Repository/Final Object Repo/Page_Update Add New Employee - ASSIST/getEmpCode)): Text of object 'Object Repository/Final Object Repo/Page_Update Add New Employee - ASSIST/getEmpCode' is: 'E1102070958Z'

2018-12-20 16:36:36 - [MESSAGE][PASSED] - Text of object 'Object Repository/Final Object Repo/Page_Update Add New Employee - ASSIST/getEmpCode' is: 'E1102070958Z'

2018-12-20 16:36:36 - [TEST_STEP][PASSED] - callTestCase: Call Test Case 'Test Cases/Final Aug 2018 - PKS Automation/Common/Emp Code Setter' successfully

2018-12-20 16:36:36 - [TEST_CASE][PASSED] - Test Cases/Final Aug 2018 - PKS Automation/Common/Emp Code Setter: Test Cases/Final Aug 2018 - PKS Automation/Common/Emp Code Setter

2018-12-20 16:36:36 - [TEST_STEP][PASSED] - Statement - EmpCodeOld = new java.io.File(C://Users//Admin//Desktop//PKS//Automation Reference Point//EmpCode.txt): null

2018-12-20 16:36:36 - [TEST_STEP][PASSED] - Statement - EmpCodeOld.delete(): null

2018-12-20 16:36:36 - [TEST_STEP][PASSED] - Statement - EmpCode = new java.io.File(C://Users//Admin//Desktop//PKS//Automation Reference Point//EmpCode.txt): null

2018-12-20 16:36:36 - [TEST_STEP][PASSED] - Statement - f2 = new java.io.FileWriter(EmpCode, false): null

2018-12-20 16:36:36 - [TEST_STEP][PASSED] - Statement - f2.write(UpdateAddNewECode): null

2018-12-20 16:36:36 - [TEST_STEP][PASSED] - Statement - f2.close(): null

2018-12-20 16:36:36 - [TEST_STEP][PASSED] - Statement - out.println("


" + UpdateAddNewECode + "


"): null

2018-12-20 16:36:36 - [MESSAGE][PASSED] - Call Test Case 'Test Cases/Final Aug 2018 - PKS Automation/Common/Emp Code Setter' successfully

2018-12-20 16:36:36 - [MESSAGE][PASSED] - Call Test Case 'Test Cases/Final Aug 2018 - PKS Automation/Registration Module/Workflow/Update Add New Employee/Template/New Company for Update Add New - Employer' successfully

2018-12-20 16:36:36 - [TEST_STEP][PASSED] - callTestCase: Call Test Case 'Test Cases/Final Aug 2018 - PKS Automation/Create Employer Acc/Login to Employer Account (Second time)' successfully

2018-12-20 16:36:36 - [TEST_CASE][PASSED] - Test Cases/Final Aug 2018 - PKS Automation/Create Employer Acc/Login to Employer Account (Second time): Test Cases/Final Aug 2018 - PKS Automation/Create Employer Acc/Login to Employer Account (Second time)

2018-12-20 16:36:36 - [TEST_STEP][PASSED] - openBrowser: Browser is opened with url: ''

2018-12-20 16:36:36 - [MESSAGE][WARNING] - A browser is already opened. Closing browser and opening a new one

2018-12-20 16:36:39 - [MESSAGE][PASSED] - Browser is opened with url: ''

2018-12-20 16:36:39 - [TEST_STEP][PASSED] - navigateToUrl: Navigate to 'https://assist2-uat.perkeso.gov.my/employer/login' successfully

2018-12-20 16:36:40 - [MESSAGE][PASSED] - Navigate to 'https://assist2-uat.perkeso.gov.my/employer/login' successfully

2018-12-20 16:36:40 - [TEST_STEP][PASSED] - delay: Delayed 3 second(s)

2018-12-20 16:36:43 - [MESSAGE][PASSED] - Delayed 3 second(s)

2018-12-20 16:36:43 - [TEST_STEP][PASSED] - callTestCase: Call Test Case 'Test Cases/Final Aug 2018 - PKS Automation/Create Employer Acc/Template/Employer Email Getter' successfully

2018-12-20 16:36:43 - [TEST_CASE][PASSED] - Test Cases/Final Aug 2018 - PKS Automation/Create Employer Acc/Template/Employer Email Getter: Test Cases/Final Aug 2018 - PKS Automation/Create Employer Acc/Template/Employer Email Getter

2018-12-20 16:36:43 - [TEST_STEP][PASSED] - Statement - Try: null

2018-12-20 16:36:43 - [TEST_STEP][PASSED] - Statement - EmpEmail = new java.io.File(C://Users//Admin//Desktop//PKS//Automation Reference Point//EmpEmail.txt): null

2018-12-20 16:36:43 - [TEST_STEP][PASSED] - Statement - bufferread = new java.io.BufferedReader(new java.io.FileReader(EmpEmail)): null

2018-12-20 16:36:43 - [TEST_STEP][PASSED] - Statement - readedVal = bufferread.readLine(): null

2018-12-20 16:36:43 - [TEST_STEP][PASSED] - Statement - out.println(readedVal): null

2018-12-20 16:36:43 - [TEST_STEP][PASSED] - Statement - Email = readedVal: null

2018-12-20 16:36:43 - [MESSAGE][PASSED] - Call Test Case 'Test Cases/Final Aug 2018 - PKS Automation/Create Employer Acc/Template/Employer Email Getter' successfully

2018-12-20 16:36:43 - [TEST_STEP][PASSED] - setText: Text 'perkeso208507927551@gmail.com' is set on object 'Object Repository/Final Object Repo/Login Page/External Login Page/Email'

2018-12-20 16:36:44 - [MESSAGE][PASSED] - Text 'perkeso208507927551@gmail.com' is set on object 'Object Repository/Final Object Repo/Login Page/External Login Page/Email'

2018-12-20 16:36:44 - [TEST_STEP][PASSED] - click: Object: 'Object Repository/Final Object Repo/Login Page/External Login Page/Next' is clicked on

2018-12-20 16:36:44 - [MESSAGE][PASSED] - Object: 'Object Repository/Final Object Repo/Login Page/External Login Page/Next' is clicked on

2018-12-20 16:36:44 - [TEST_STEP][PASSED] - delay: Delayed 3 second(s)

2018-12-20 16:36:47 - [MESSAGE][PASSED] - Delayed 3 second(s)

2018-12-20 16:36:47 - [TEST_STEP][PASSED] - setEncryptedText: Text ****** has been set on object 'Object Repository/Final Object Repo/Login Page/External Login Page/Password'

2018-12-20 16:36:47 - [MESSAGE][PASSED] - Text ****** has been set on object 'Object Repository/Final Object Repo/Login Page/External Login Page/Password'

2018-12-20 16:36:47 - [TEST_STEP][PASSED] - click: Object: 'Object Repository/Final Object Repo/Login Page/External Login Page/Login' is clicked on

2018-12-20 16:36:47 - [MESSAGE][PASSED] - Object: 'Object Repository/Final Object Repo/Login Page/External Login Page/Login' is clicked on

2018-12-20 16:36:47 - [TEST_STEP][PASSED] - delay: Delayed 5 second(s)

2018-12-20 16:36:52 - [MESSAGE][PASSED] - Delayed 5 second(s)

2018-12-20 16:36:52 - [MESSAGE][PASSED] - Call Test Case 'Test Cases/Final Aug 2018 - PKS Automation/Create Employer Acc/Login to Employer Account (Second time)' successfully

2018-12-20 16:36:52 - [TEST_STEP][PASSED] - navigateToUrl: Navigate to 'https://assist2-uat.perkeso.gov.my/web/registration/eis-update/form-3-eis-cessation-as-employer' successfully

2018-12-20 16:36:54 - [MESSAGE][PASSED] - Navigate to 'https://assist2-uat.perkeso.gov.my/web/registration/eis-update/form-3-eis-cessation-as-employer' successfully

2018-12-20 16:36:54 - [TEST_STEP][PASSED] - delay: Delayed 1 second(s)

2018-12-20 16:36:55 - [MESSAGE][PASSED] - Delayed 1 second(s)

2018-12-20 16:36:55 - [TEST_STEP][PASSED] - click: Object: 'Object Repository/Final Object Repo/Page_Form 3 EIS - Cessation as Employer/Edit' is clicked on

2018-12-20 16:36:56 - [MESSAGE][PASSED] - Object: 'Object Repository/Final Object Repo/Page_Form 3 EIS - Cessation as Employer/Edit' is clicked on

2018-12-20 16:36:56 - [TEST_STEP][PASSED] - delay: Delayed 1 second(s)

2018-12-20 16:36:57 - [MESSAGE][PASSED] - Delayed 1 second(s)

2018-12-20 16:36:57 - [TEST_STEP][PASSED] - Statement - abc = com.kms.katalon.core.webui.keyword.WebUiBuiltInKeywords.getAttribute(com.kms.katalon.core.testobject.ObjectRepository.findTestObject(Final Object Repo/Page_Form 3 EIS - Cessation as Employer/Employer Status), "value"): Attribute 'value' of object 'Object Repository/Final Object Repo/Page_Form 3 EIS - Cessation as Employer/Employer Status' is: 'Active'

2018-12-20 16:36:57 - [MESSAGE][PASSED] - Attribute 'value' of object 'Object Repository/Final Object Repo/Page_Form 3 EIS - Cessation as Employer/Employer Status' is: 'Active'

2018-12-20 16:36:57 - [TEST_STEP][PASSED] - Statement - out.println(abc): null

2018-12-20 16:36:57 - [TEST_STEP][PASSED] - Statement - If (abc == "Active"): Object: 'Object Repository/Final Object Repo/Page_Form 3 EIS - Cessation as Employer/Dormant EIS' is clicked on

2018-12-20 16:36:57 - [TEST_STEP][PASSED] - click: Object: 'Object Repository/Final Object Repo/Page_Form 3 EIS - Cessation as Employer/Change Employer Status to' is clicked on

2018-12-20 16:36:57 - [MESSAGE][PASSED] - Object: 'Object Repository/Final Object Repo/Page_Form 3 EIS - Cessation as Employer/Change Employer Status to' is clicked on

2018-12-20 16:36:57 - [TEST_STEP][PASSED] - click: Object: 'Object Repository/Final Object Repo/Page_Form 3 EIS - Cessation as Employer/Dormant EIS' is clicked on

2018-12-20 16:36:57 - [MESSAGE][PASSED] - Object: 'Object Repository/Final Object Repo/Page_Form 3 EIS - Cessation as Employer/Dormant EIS' is clicked on

2018-12-20 16:36:57 - [TEST_STEP][PASSED] - click: Object: 'Object Repository/Final Object Repo/Page_Form 3 EIS - Cessation as Employer/Calender' is clicked on

2018-12-20 16:36:57 - [MESSAGE][PASSED] - Object: 'Object Repository/Final Object Repo/Page_Form 3 EIS - Cessation as Employer/Calender' is clicked on

2018-12-20 16:36:57 - [TEST_STEP][PASSED] - delay: Delayed 1 second(s)

2018-12-20 16:36:58 - [MESSAGE][PASSED] - Delayed 1 second(s)

2018-12-20 16:36:58 - [TEST_STEP][PASSED] - click: Object: 'Object Repository/Final Object Repo/Page_Form 3 EIS - Cessation as Employer/Calender - Date' is clicked on

2018-12-20 16:36:59 - [MESSAGE][PASSED] - Object: 'Object Repository/Final Object Repo/Page_Form 3 EIS - Cessation as Employer/Calender - Date' is clicked on

2018-12-20 16:36:59 - [TEST_STEP][PASSED] - click: Object: 'Object Repository/Final Object Repo/Page_Form 3 EIS - Cessation as Employer/Save  Continue in Form 3 EIS Page' is clicked on

2018-12-20 16:36:59 - [MESSAGE][PASSED] - Object: 'Object Repository/Final Object Repo/Page_Form 3 EIS - Cessation as Employer/Save  Continue in Form 3 EIS Page' is clicked on

2018-12-20 16:36:59 - [TEST_STEP][PASSED] - delay: Delayed 1 second(s)

2018-12-20 16:37:00 - [MESSAGE][PASSED] - Delayed 1 second(s)

2018-12-20 16:37:00 - [TEST_STEP][PASSED] - click: Object: 'Object Repository/Final Object Repo/Page_Form 3 EIS - Cessation as Employer/Employment Resign Date' is clicked on

2018-12-20 16:37:00 - [MESSAGE][PASSED] - Object: 'Object Repository/Final Object Repo/Page_Form 3 EIS - Cessation as Employer/Employment Resign Date' is clicked on

2018-12-20 16:37:00 - [TEST_STEP][PASSED] - selectOptionByValue: All options with value '2019' are selected in object 'Object Repository/Final Object Repo/Page_Form 3 EIS - Cessation as Employer/Employment Resign Date - Year' 

2018-12-20 16:37:01 - [MESSAGE][PASSED] - All options with value '2019' are selected in object 'Object Repository/Final Object Repo/Page_Form 3 EIS - Cessation as Employer/Employment Resign Date - Year' 

2018-12-20 16:37:01 - [TEST_STEP][PASSED] - delay: Delayed 2 second(s)

2018-12-20 16:37:03 - [MESSAGE][PASSED] - Delayed 2 second(s)

2018-12-20 16:37:03 - [TEST_STEP][PASSED] - click: Object: 'Object Repository/Final Object Repo/Page_Form 3 EIS - Cessation as Employer/Employment Resign Date - Year - Date' is clicked on

2018-12-20 16:37:03 - [MESSAGE][PASSED] - Object: 'Object Repository/Final Object Repo/Page_Form 3 EIS - Cessation as Employer/Employment Resign Date - Year - Date' is clicked on

2018-12-20 16:37:03 - [TEST_STEP][PASSED] - delay: Delayed 2 second(s)

2018-12-20 16:37:05 - [MESSAGE][PASSED] - Delayed 2 second(s)

2018-12-20 16:37:05 - [TEST_STEP][PASSED] - click: Object: 'Object Repository/Final Object Repo/Page_Form 3 EIS - Cessation as Employer/Save  Continue in Employment Resign Page' is clicked on

2018-12-20 16:37:05 - [MESSAGE][PASSED] - Object: 'Object Repository/Final Object Repo/Page_Form 3 EIS - Cessation as Employer/Save  Continue in Employment Resign Page' is clicked on

2018-12-20 16:37:05 - [TEST_STEP][PASSED] - delay: Delayed 2 second(s)

2018-12-20 16:37:07 - [MESSAGE][PASSED] - Delayed 2 second(s)

2018-12-20 16:37:07 - [TEST_STEP][PASSED] - click: Object: 'Object Repository/Final Object Repo/Page_Form 3 EIS - Cessation as Employer/Set Latest - Yes' is clicked on

2018-12-20 16:37:07 - [MESSAGE][PASSED] - Object: 'Object Repository/Final Object Repo/Page_Form 3 EIS - Cessation as Employer/Set Latest - Yes' is clicked on

2018-12-20 16:37:07 - [TEST_STEP][PASSED] - delay: Delayed 2 second(s)

2018-12-20 16:37:09 - [MESSAGE][PASSED] - Delayed 2 second(s)

2018-12-20 16:37:09 - [TEST_STEP][PASSED] - click: Object: 'Object Repository/Final Object Repo/Page_Form 3 EIS - Cessation as Employer/Add Document' is clicked on

2018-12-20 16:37:10 - [MESSAGE][PASSED] - Object: 'Object Repository/Final Object Repo/Page_Form 3 EIS - Cessation as Employer/Add Document' is clicked on

2018-12-20 16:37:10 - [TEST_STEP][PASSED] - delay: Delayed 3 second(s)

2018-12-20 16:37:13 - [MESSAGE][PASSED] - Delayed 3 second(s)

2018-12-20 16:37:13 - [TEST_STEP][PASSED] - click: Object: 'Object Repository/Final Object Repo/Page_Form 3 EIS - Cessation as Employer/Document Type' is clicked on

2018-12-20 16:37:14 - [MESSAGE][PASSED] - Object: 'Object Repository/Final Object Repo/Page_Form 3 EIS - Cessation as Employer/Document Type' is clicked on

2018-12-20 16:37:14 - [TEST_STEP][PASSED] - click: Object: 'Object Repository/Final Object Repo/Page_Form 3 EIS - Cessation as Employer/Document Type - Form 3' is clicked on

2018-12-20 16:37:14 - [MESSAGE][PASSED] - Object: 'Object Repository/Final Object Repo/Page_Form 3 EIS - Cessation as Employer/Document Type - Form 3' is clicked on

2018-12-20 16:37:14 - [TEST_STEP][PASSED] - delay: Delayed 2 second(s)

2018-12-20 16:37:16 - [MESSAGE][PASSED] - Delayed 2 second(s)

2018-12-20 16:37:16 - [TEST_STEP][PASSED] - sendKeys: Keys 'C:\Users\Public\Pictures\Sample Pictures\Koala.jpg' sent to object: 'Object Repository/Final Object Repo/Page_Form 3 EIS - Cessation as Employer/ploading File'

2018-12-20 16:37:16 - [MESSAGE][PASSED] - Keys 'C:\Users\Public\Pictures\Sample Pictures\Koala.jpg' sent to object: 'Object Repository/Final Object Repo/Page_Form 3 EIS - Cessation as Employer/ploading File'

2018-12-20 16:37:16 - [TEST_STEP][PASSED] - delay: Delayed 1 second(s)

2018-12-20 16:37:17 - [MESSAGE][PASSED] - Delayed 1 second(s)

2018-12-20 16:37:17 - [TEST_STEP][PASSED] - click: Object: 'Object Repository/Final Object Repo/Page_Form 3 EIS - Cessation as Employer/Add Document in Uploading Page' is clicked on

2018-12-20 16:37:17 - [MESSAGE][PASSED] - Object: 'Object Repository/Final Object Repo/Page_Form 3 EIS - Cessation as Employer/Add Document in Uploading Page' is clicked on

2018-12-20 16:37:17 - [TEST_STEP][PASSED] - delay: Delayed 2 second(s)

2018-12-20 16:37:19 - [MESSAGE][PASSED] - Delayed 2 second(s)

2018-12-20 16:37:19 - [TEST_STEP][PASSED] - Statement - CaseReferenceNo = com.kms.katalon.core.webui.keyword.WebUiBuiltInKeywords.getText(com.kms.katalon.core.testobject.ObjectRepository.findTestObject(Final Object Repo/Page_Update Employer Information/Reference Number in Update Employee Information Page)): Text of object 'Object Repository/Final Object Repo/Page_Update Employer Information/Reference Number in Update Employee Information Page' is: 'ERN122018C200002556'

2018-12-20 16:37:21 - [MESSAGE][PASSED] - Text of object 'Object Repository/Final Object Repo/Page_Update Employer Information/Reference Number in Update Employee Information Page' is: 'ERN122018C200002556'

2018-12-20 16:37:21 - [TEST_STEP][PASSED] - callTestCase: Call Test Case 'Test Cases/Final Aug 2018 - PKS Automation/Common/Reference Number Setter' successfully

2018-12-20 16:37:21 - [TEST_CASE][PASSED] - Test Cases/Final Aug 2018 - PKS Automation/Common/Reference Number Setter: Test Cases/Final Aug 2018 - PKS Automation/Common/Reference Number Setter

2018-12-20 16:37:21 - [TEST_STEP][PASSED] - Statement - RefNoOldFile = new java.io.File(C://Users//Admin//Desktop//PKS//Automation Reference Point//KatalonReference.txt): null

2018-12-20 16:37:21 - [TEST_STEP][PASSED] - Statement - RefNoOldFile.delete(): null

2018-12-20 16:37:21 - [TEST_STEP][PASSED] - delay: Delayed 5 second(s)

2018-12-20 16:37:26 - [MESSAGE][PASSED] - Delayed 5 second(s)

2018-12-20 16:37:26 - [TEST_STEP][PASSED] - Statement - RefNo = new java.io.File(C://Users//Admin//Desktop//PKS//Automation Reference Point//KatalonReference.txt): null

2018-12-20 16:37:26 - [TEST_STEP][PASSED] - Statement - f2 = new java.io.FileWriter(RefNo, false): null

2018-12-20 16:37:26 - [TEST_STEP][PASSED] - Statement - f2.write(CaseReferenceNo): null

2018-12-20 16:37:26 - [TEST_STEP][PASSED] - Statement - f2.close(): null

2018-12-20 16:37:26 - [TEST_STEP][PASSED] - Statement - out.println("


" + CaseReferenceNo + "


"): null

2018-12-20 16:37:26 - [MESSAGE][PASSED] - Call Test Case 'Test Cases/Final Aug 2018 - PKS Automation/Common/Reference Number Setter' successfully

2018-12-20 16:37:26 - [TEST_STEP][PASSED] - delay: Delayed 2 second(s)

2018-12-20 16:37:28 - [MESSAGE][PASSED] - Delayed 2 second(s)

2018-12-20 16:37:28 - [TEST_STEP][PASSED] - click: Object: 'Object Repository/Final Object Repo/Page_Form 3 EIS - Cessation as Employer/Save  Continue in Uploading Page' is clicked on

2018-12-20 16:37:28 - [MESSAGE][PASSED] - Object: 'Object Repository/Final Object Repo/Page_Form 3 EIS - Cessation as Employer/Save  Continue in Uploading Page' is clicked on

2018-12-20 16:37:28 - [TEST_STEP][PASSED] - delay: Delayed 2 second(s)

2018-12-20 16:37:30 - [MESSAGE][PASSED] - Delayed 2 second(s)

2018-12-20 16:37:30 - [TEST_STEP][PASSED] - click: Object: 'Object Repository/Final Object Repo/Page_Form 3 EIS - Cessation as Employer/Submit' is clicked on

2018-12-20 16:37:33 - [MESSAGE][PASSED] - Object: 'Object Repository/Final Object Repo/Page_Form 3 EIS - Cessation as Employer/Submit' is clicked on

2018-12-20 16:37:33 - [TEST_STEP][PASSED] - delay: Delayed 2 second(s)

2018-12-20 16:37:35 - [MESSAGE][PASSED] - Delayed 2 second(s)

2018-12-20 16:37:35 - [TEST_STEP][PASSED] - click: Object: 'Object Repository/Final Object Repo/Page_Form 3 EIS - Cessation as Employer/Confirm' is clicked on

2018-12-20 16:37:35 - [MESSAGE][PASSED] - Object: 'Object Repository/Final Object Repo/Page_Form 3 EIS - Cessation as Employer/Confirm' is clicked on

2018-12-20 16:37:35 - [TEST_STEP][PASSED] - delay: Delayed 2 second(s)

2018-12-20 16:37:37 - [MESSAGE][PASSED] - Delayed 2 second(s)

2018-12-20 16:37:37 - [TEST_STEP][PASSED] - click: Object: 'Object Repository/Final Object Repo/Page_Form 3 EIS - Cessation as Employer/Message Your Request will be routed to UO' is clicked on

2018-12-20 16:37:42 - [MESSAGE][PASSED] - Object: 'Object Repository/Final Object Repo/Page_Form 3 EIS - Cessation as Employer/Message Your Request will be routed to UO' is clicked on

2018-12-20 16:37:42 - [TEST_STEP][PASSED] - click: Object: 'Object Repository/Final Object Repo/Page_Form 3 EIS - Cessation as Employer/Letter of acknowledgement' is clicked on

2018-12-20 16:37:42 - [MESSAGE][PASSED] - Object: 'Object Repository/Final Object Repo/Page_Form 3 EIS - Cessation as Employer/Letter of acknowledgement' is clicked on

2018-12-20 16:37:42 - [MESSAGE][PASSED] - Call Test Case 'Test Cases/Final Aug 2018 - PKS Automation/Registration Module/Workflow/Form 3 EIS - Cessation As Employer/Template/Form 3 A - Cessation As Employer (Employer)' successfully

2018-12-20 16:37:42 - [TEST_STEP][PASSED] - callTestCase: Call Test Case 'Test Cases/Final Aug 2018 - PKS Automation/Registration Module/Workflow/Form 3 EIS - Cessation As Employer/Template/Form 3 A - Cessation As Employer (Reject)' successfully

2018-12-20 16:37:42 - [TEST_CASE][PASSED] - Test Cases/Final Aug 2018 - PKS Automation/Registration Module/Workflow/Form 3 EIS - Cessation As Employer/Template/Form 3 A - Cessation As Employer (Reject): Test Cases/Final Aug 2018 - PKS Automation/Registration Module/Workflow/Form 3 EIS - Cessation As Employer/Template/Form 3 A - Cessation As Employer (Reject)

2018-12-20 16:37:43 - [TEST_STEP][NOT_RUN] - callTestCase: NOT_RUN: callTestCase

2018-12-20 16:37:43 - [MESSAGE][NOT_RUN] - NOT_RUN: callTestCase

2018-12-20 16:37:43 - [TEST_STEP][PASSED] - delay: Delayed 1 second(s)

2018-12-20 16:37:44 - [MESSAGE][PASSED] - Delayed 1 second(s)

2018-12-20 16:37:44 - [TEST_STEP][PASSED] - navigateToUrl: Navigate to 'https://assist2-uat.perkeso.gov.my/c/portal/logout' successfully

2018-12-20 16:37:45 - [MESSAGE][PASSED] - Navigate to 'https://assist2-uat.perkeso.gov.my/c/portal/logout' successfully

2018-12-20 16:37:45 - [TEST_STEP][PASSED] - delay: Delayed 1 second(s)

2018-12-20 16:37:46 - [MESSAGE][PASSED] - Delayed 1 second(s)

2018-12-20 16:37:46 - [TEST_STEP][PASSED] - callTestCase: Call Test Case 'Test Cases/Final Aug 2018 - PKS Automation/Common/Reference Number Getter' successfully

2018-12-20 16:37:46 - [TEST_CASE][PASSED] - Test Cases/Final Aug 2018 - PKS Automation/Common/Reference Number Getter: Test Cases/Final Aug 2018 - PKS Automation/Common/Reference Number Getter

2018-12-20 16:37:46 - [TEST_STEP][PASSED] - Statement - Try: null

2018-12-20 16:37:46 - [TEST_STEP][PASSED] - Statement - RefNo = new java.io.File(C://Users//Admin//Desktop//PKS//Automation Reference Point//KatalonReference.txt): null

2018-12-20 16:37:46 - [TEST_STEP][PASSED] - Statement - bufferread = new java.io.BufferedReader(new java.io.FileReader(RefNo)): null

2018-12-20 16:37:46 - [TEST_STEP][PASSED] - Statement - readedVal = bufferread.readLine(): null

2018-12-20 16:37:46 - [TEST_STEP][PASSED] - Statement - out.println(CaseReferenceNo): null

2018-12-20 16:37:46 - [TEST_STEP][PASSED] - Statement - out.println(readedVal): null

2018-12-20 16:37:46 - [TEST_STEP][PASSED] - Statement - CaseReferenceNo = "": null

2018-12-20 16:37:46 - [TEST_STEP][PASSED] - Statement - CaseReferenceNo = readedVal: null

2018-12-20 16:37:46 - [MESSAGE][PASSED] - Call Test Case 'Test Cases/Final Aug 2018 - PKS Automation/Common/Reference Number Getter' successfully

2018-12-20 16:37:46 - [TEST_STEP][PASSED] - callTestCase: Call Test Case 'Test Cases/Final Aug 2018 - PKS Automation/Common/Workflow Owner Finder' successfully

2018-12-20 16:37:46 - [TEST_CASE][PASSED] - Test Cases/Final Aug 2018 - PKS Automation/Common/Workflow Owner Finder: Test Cases/Final Aug 2018 - PKS Automation/Common/Workflow Owner Finder

2018-12-20 16:37:46 - [TEST_STEP][PASSED] - openBrowser: Browser is opened with url: ''

2018-12-20 16:37:46 - [MESSAGE][WARNING] - A browser is already opened. Closing browser and opening a new one

2018-12-20 16:37:49 - [MESSAGE][PASSED] - Browser is opened with url: ''

2018-12-20 16:37:49 - [TEST_STEP][PASSED] - navigateToUrl: Navigate to 'https://assist2-uat.perkeso.gov.my/login' successfully

2018-12-20 16:37:50 - [MESSAGE][PASSED] - Navigate to 'https://assist2-uat.perkeso.gov.my/login' successfully

2018-12-20 16:37:50 - [TEST_STEP][PASSED] - delay: Delayed 5 second(s)

2018-12-20 16:37:55 - [MESSAGE][PASSED] - Delayed 5 second(s)

2018-12-20 16:37:55 - [TEST_STEP][PASSED] - setText: Text 'test@liferay.com' is set on object 'Object Repository/Final Object Repo/Login Page/Internal User/Email Address'

2018-12-20 16:37:55 - [MESSAGE][PASSED] - Text 'test@liferay.com' is set on object 'Object Repository/Final Object Repo/Login Page/Internal User/Email Address'

2018-12-20 16:37:55 - [TEST_STEP][PASSED] - click: Object: 'Object Repository/Final Object Repo/Login Page/Internal User/Next Button' is clicked on

2018-12-20 16:37:56 - [MESSAGE][PASSED] - Object: 'Object Repository/Final Object Repo/Login Page/Internal User/Next Button' is clicked on

2018-12-20 16:37:56 - [TEST_STEP][PASSED] - delay: Delayed 2 second(s)

2018-12-20 16:37:58 - [MESSAGE][PASSED] - Delayed 2 second(s)

2018-12-20 16:37:58 - [TEST_STEP][PASSED] - setText: Text 'test' is set on object 'Object Repository/Final Object Repo/Login Page/Internal User/Password'

2018-12-20 16:37:58 - [MESSAGE][PASSED] - Text 'test' is set on object 'Object Repository/Final Object Repo/Login Page/Internal User/Password'

2018-12-20 16:37:58 - [TEST_STEP][PASSED] - delay: Delayed 2 second(s)

2018-12-20 16:38:00 - [MESSAGE][PASSED] - Delayed 2 second(s)

2018-12-20 16:38:00 - [TEST_STEP][PASSED] - click: Object: 'Object Repository/Final Object Repo/Login Page/Internal User/Login Button' is clicked on

2018-12-20 16:38:00 - [MESSAGE][PASSED] - Object: 'Object Repository/Final Object Repo/Login Page/Internal User/Login Button' is clicked on

2018-12-20 16:38:00 - [TEST_STEP][PASSED] - Statement - tester = com.kms.katalon.core.testobject.ObjectRepository.findTestObject(Final Object Repo/Landing Page/Select to English): Finding Test Object with id 'Object Repository/Final Object Repo/Landing Page/Select to English'

2018-12-20 16:38:00 - [TEST_STEP][PASSED] - Statement - Try: Delayed 2 second(s)

2018-12-20 16:38:00 - [TEST_STEP][PASSED] - Statement - Checker = com.kms.katalon.core.webui.keyword.WebUiBuiltInKeywords.verifyElementNotPresent(tester, 3): Web element with id: 'Object Repository/Final Object Repo/Landing Page/Select to English' located by 'By.xpath: //a[@class = 'taglib-language-list-text' and @lang = 'en-US' and (contains(text(), 'EN') or contains(., 'EN'))]' is not present after '3' second(s)

2018-12-20 16:38:02 - [MESSAGE][PASSED] - Web element with id: 'Object Repository/Final Object Repo/Landing Page/Select to English' located by 'By.xpath: //a[@class = 'taglib-language-list-text' and @lang = 'en-US' and (contains(text(), 'EN') or contains(., 'EN'))]' is not present after '3' second(s)

2018-12-20 16:38:02 - [TEST_STEP][PASSED] - Statement - If (Checker == false): null

2018-12-20 16:38:02 - [TEST_STEP][PASSED] - delay: Delayed 2 second(s)

2018-12-20 16:38:04 - [MESSAGE][PASSED] - Delayed 2 second(s)

2018-12-20 16:38:04 - [TEST_STEP][PASSED] - delay: Delayed 5 second(s)

2018-12-20 16:38:09 - [MESSAGE][PASSED] - Delayed 5 second(s)

2018-12-20 16:38:09 - [TEST_STEP][PASSED] - mouseOver: Object: 'Object Repository/Final Object Repo/Landing Page/WorkFlow Menu' is hovered

2018-12-20 16:38:09 - [MESSAGE][PASSED] - Object: 'Object Repository/Final Object Repo/Landing Page/WorkFlow Menu' is hovered

2018-12-20 16:38:09 - [TEST_STEP][PASSED] - delay: Delayed 2 second(s)

2018-12-20 16:38:11 - [MESSAGE][PASSED] - Delayed 2 second(s)

2018-12-20 16:38:11 - [TEST_STEP][PASSED] - click: Object: 'Object Repository/Final Object Repo/Landing Page/Select to Workflow Listing' is clicked on

2018-12-20 16:38:13 - [MESSAGE][PASSED] - Object: 'Object Repository/Final Object Repo/Landing Page/Select to Workflow Listing' is clicked on

2018-12-20 16:38:13 - [TEST_STEP][PASSED] - delay: Delayed 2 second(s)

2018-12-20 16:38:15 - [MESSAGE][PASSED] - Delayed 2 second(s)

2018-12-20 16:38:15 - [TEST_STEP][PASSED] - click: Object: 'Object Repository/Final Object Repo/WorkFlow Listing Page/Search Information - To Put Ref No' is clicked on

2018-12-20 16:38:15 - [MESSAGE][PASSED] - Object: 'Object Repository/Final Object Repo/WorkFlow Listing Page/Search Information - To Put Ref No' is clicked on

2018-12-20 16:38:15 - [TEST_STEP][PASSED] - delay: Delayed 2 second(s)

2018-12-20 16:38:17 - [MESSAGE][PASSED] - Delayed 2 second(s)

2018-12-20 16:38:17 - [TEST_STEP][PASSED] - callTestCase: Call Test Case 'Test Cases/Final Aug 2018 - PKS Automation/Common/Reference Number Getter' successfully

2018-12-20 16:38:17 - [TEST_CASE][PASSED] - Test Cases/Final Aug 2018 - PKS Automation/Common/Reference Number Getter: Test Cases/Final Aug 2018 - PKS Automation/Common/Reference Number Getter

2018-12-20 16:38:17 - [TEST_STEP][PASSED] - Statement - Try: null

2018-12-20 16:38:17 - [TEST_STEP][PASSED] - Statement - RefNo = new java.io.File(C://Users//Admin//Desktop//PKS//Automation Reference Point//KatalonReference.txt): null

2018-12-20 16:38:17 - [TEST_STEP][PASSED] - Statement - bufferread = new java.io.BufferedReader(new java.io.FileReader(RefNo)): null

2018-12-20 16:38:17 - [TEST_STEP][PASSED] - Statement - readedVal = bufferread.readLine(): null

2018-12-20 16:38:17 - [TEST_STEP][PASSED] - Statement - out.println(CaseReferenceNo): null

2018-12-20 16:38:17 - [TEST_STEP][PASSED] - Statement - out.println(readedVal): null

2018-12-20 16:38:17 - [TEST_STEP][PASSED] - Statement - CaseReferenceNo = "": null

2018-12-20 16:38:17 - [TEST_STEP][PASSED] - Statement - CaseReferenceNo = readedVal: null

2018-12-20 16:38:17 - [MESSAGE][PASSED] - Call Test Case 'Test Cases/Final Aug 2018 - PKS Automation/Common/Reference Number Getter' successfully

2018-12-20 16:38:17 - [TEST_STEP][PASSED] - setText: Text 'ERN122018C200002556' is set on object 'Object Repository/Final Object Repo/WorkFlow Listing Page/Ref No Set Text'

2018-12-20 16:38:17 - [MESSAGE][PASSED] - Text 'ERN122018C200002556' is set on object 'Object Repository/Final Object Repo/WorkFlow Listing Page/Ref No Set Text'

2018-12-20 16:38:17 - [TEST_STEP][PASSED] - delay: Delayed 2 second(s)

2018-12-20 16:38:19 - [MESSAGE][PASSED] - Delayed 2 second(s)

2018-12-20 16:38:19 - [TEST_STEP][PASSED] - click: Object: 'Object Repository/Final Object Repo/WorkFlow Listing Page/Search Ref No Search Button' is clicked on

2018-12-20 16:38:20 - [MESSAGE][PASSED] - Object: 'Object Repository/Final Object Repo/WorkFlow Listing Page/Search Ref No Search Button' is clicked on

2018-12-20 16:38:20 - [TEST_STEP][PASSED] - delay: Delayed 6 second(s)

2018-12-20 16:38:26 - [MESSAGE][PASSED] - Delayed 6 second(s)

2018-12-20 16:38:26 - [TEST_STEP][PASSED] - click: Object: 'Object Repository/Final Object Repo/WorkFlow Listing Page/Click Continue Tooltip' is clicked on

2018-12-20 16:38:27 - [MESSAGE][PASSED] - Object: 'Object Repository/Final Object Repo/WorkFlow Listing Page/Click Continue Tooltip' is clicked on

2018-12-20 16:38:27 - [TEST_STEP][PASSED] - delay: Delayed 5 second(s)

2018-12-20 16:38:32 - [MESSAGE][PASSED] - Delayed 5 second(s)

2018-12-20 16:38:32 - [TEST_STEP][PASSED] - doubleClick: Object: 'Object Repository/Final Object Repo/WorkFlow Listing Page/Workflow Found - Listing 1' is double clicked on

2018-12-20 16:38:32 - [MESSAGE][PASSED] - Object: 'Object Repository/Final Object Repo/WorkFlow Listing Page/Workflow Found - Listing 1' is double clicked on

2018-12-20 16:38:32 - [TEST_STEP][PASSED] - Statement - println(OwnerID): null

2018-12-20 16:38:32 - [TEST_STEP][PASSED] - Statement - OwnerID = com.kms.katalon.core.webui.keyword.WebUiBuiltInKeywords.getText(com.kms.katalon.core.testobject.ObjectRepository.findTestObject(Final Object Repo/WorkFlow Listing Page/Workflow Found - Listing 1), STOP_ON_FAILURE): Text of object 'Object Repository/Final Object Repo/WorkFlow Listing Page/Workflow Found - Listing 1' is: 'JOHORuo1'

2018-12-20 16:38:32 - [MESSAGE][PASSED] - Text of object 'Object Repository/Final Object Repo/WorkFlow Listing Page/Workflow Found - Listing 1' is: 'JOHORuo1'

2018-12-20 16:38:32 - [TEST_STEP][PASSED] - Statement - OwnerID = OwnerID.toLowerCase() + "@gmail.com": null

2018-12-20 16:38:32 - [TEST_STEP][PASSED] - Statement - println(OwnerID): null

2018-12-20 16:38:32 - [TEST_STEP][PASSED] - delay: Delayed 2 second(s)

2018-12-20 16:38:34 - [MESSAGE][PASSED] - Delayed 2 second(s)

2018-12-20 16:38:34 - [MESSAGE][PASSED] - Call Test Case 'Test Cases/Final Aug 2018 - PKS Automation/Common/Workflow Owner Finder' successfully

2018-12-20 16:38:34 - [TEST_STEP][PASSED] - delay: Delayed 1 second(s)

2018-12-20 16:38:35 - [MESSAGE][PASSED] - Delayed 1 second(s)

2018-12-20 16:38:35 - [TEST_STEP][PASSED] - navigateToUrl: Navigate to 'https://assist2-uat.perkeso.gov.my/c/portal/logout' successfully

2018-12-20 16:38:36 - [MESSAGE][PASSED] - Navigate to 'https://assist2-uat.perkeso.gov.my/c/portal/logout' successfully

2018-12-20 16:38:36 - [TEST_STEP][PASSED] - delay: Delayed 1 second(s)

2018-12-20 16:38:37 - [MESSAGE][PASSED] - Delayed 1 second(s)

2018-12-20 16:38:37 - [TEST_STEP][PASSED] - callTestCase: Call Test Case 'Test Cases/Final Aug 2018 - PKS Automation/Registration Module/Workflow/Login and Search Case For Workflow' successfully

2018-12-20 16:38:37 - [TEST_CASE][PASSED] - Test Cases/Final Aug 2018 - PKS Automation/Registration Module/Workflow/Login and Search Case For Workflow: Test Cases/Final Aug 2018 - PKS Automation/Registration Module/Workflow/Login and Search Case For Workflow

2018-12-20 16:38:37 - [TEST_STEP][PASSED] - navigateToUrl: Navigate to 'https://assist2-uat.perkeso.gov.my/login' successfully

2018-12-20 16:38:38 - [MESSAGE][PASSED] - Navigate to 'https://assist2-uat.perkeso.gov.my/login' successfully

2018-12-20 16:38:38 - [TEST_STEP][PASSED] - setText: Text 'johoruo1@gmail.com' is set on object 'Object Repository/Final Object Repo/Login Page/Internal User/Email Address'

2018-12-20 16:38:38 - [MESSAGE][PASSED] - Text 'johoruo1@gmail.com' is set on object 'Object Repository/Final Object Repo/Login Page/Internal User/Email Address'

2018-12-20 16:38:38 - [TEST_STEP][PASSED] - click: Object: 'Object Repository/Final Object Repo/Login Page/Internal User/Next Button' is clicked on

2018-12-20 16:38:38 - [MESSAGE][PASSED] - Object: 'Object Repository/Final Object Repo/Login Page/Internal User/Next Button' is clicked on

2018-12-20 16:38:38 - [TEST_STEP][PASSED] - delay: Delayed 1 second(s)

2018-12-20 16:38:39 - [MESSAGE][PASSED] - Delayed 1 second(s)

2018-12-20 16:38:39 - [TEST_STEP][PASSED] - setEncryptedText: Text ****** has been set on object 'Object Repository/Final Object Repo/Login Page/Internal User/Password'

2018-12-20 16:38:39 - [MESSAGE][PASSED] - Text ****** has been set on object 'Object Repository/Final Object Repo/Login Page/Internal User/Password'

2018-12-20 16:38:39 - [TEST_STEP][PASSED] - click: Object: 'Object Repository/Final Object Repo/Login Page/Internal User/Login Button' is clicked on

2018-12-20 16:38:39 - [MESSAGE][PASSED] - Object: 'Object Repository/Final Object Repo/Login Page/Internal User/Login Button' is clicked on

2018-12-20 16:38:39 - [TEST_STEP][PASSED] - delay: Delayed 2 second(s)

2018-12-20 16:38:41 - [MESSAGE][PASSED] - Delayed 2 second(s)

2018-12-20 16:38:41 - [TEST_STEP][PASSED] - Statement - Try: Delayed 2 second(s)

2018-12-20 16:38:41 - [TEST_STEP][PASSED] - Statement - Checker = false: null

2018-12-20 16:38:41 - [TEST_STEP][PASSED] - Statement - Checker = com.kms.katalon.core.webui.keyword.WebUiBuiltInKeywords.verifyElementHasAttribute(com.kms.katalon.core.testobject.ObjectRepository.findTestObject(Final Object Repo/Landing Page/BM Detecting), "href", 20, OPTIONAL): Object 'Object Repository/Final Object Repo/Landing Page/BM Detecting' has attribute 'href'

2018-12-20 16:38:42 - [MESSAGE][PASSED] - Object 'Object Repository/Final Object Repo/Landing Page/BM Detecting' has attribute 'href'

2018-12-20 16:38:42 - [TEST_STEP][PASSED] - Statement - out.println(Checker): null

2018-12-20 16:38:42 - [TEST_STEP][PASSED] - Statement - If (Checker == false): null

2018-12-20 16:38:42 - [TEST_STEP][PASSED] - Statement - Else: null

2018-12-20 16:38:42 - [TEST_STEP][PASSED] - delay: Delayed 2 second(s)

2018-12-20 16:38:44 - [MESSAGE][PASSED] - Delayed 2 second(s)

2018-12-20 16:38:44 - [TEST_STEP][PASSED] - click: Object: 'Object Repository/Final Object Repo/Page_MyASSIST - ASSIST - Search Pending Case For Add Supporting Document/Search Information' is clicked on

2018-12-20 16:38:44 - [MESSAGE][PASSED] - Object: 'Object Repository/Final Object Repo/Page_MyASSIST - ASSIST - Search Pending Case For Add Supporting Document/Search Information' is clicked on

2018-12-20 16:38:44 - [TEST_STEP][PASSED] - delay: Delayed 3 second(s)

2018-12-20 16:38:47 - [MESSAGE][PASSED] - Delayed 3 second(s)

2018-12-20 16:38:47 - [TEST_STEP][PASSED] - sendKeys: Keys 'ERN122018C200002556' sent to object: 'Object Repository/Final Object Repo/Page_MyASSIST - ASSIST - Search Pending Case For Add Supporting Document/Reference No'

2018-12-20 16:38:47 - [MESSAGE][PASSED] - Keys 'ERN122018C200002556' sent to object: 'Object Repository/Final Object Repo/Page_MyASSIST - ASSIST - Search Pending Case For Add Supporting Document/Reference No'

2018-12-20 16:38:47 - [TEST_STEP][PASSED] - click: Object: 'Object Repository/Final Object Repo/Page_MyASSIST - ASSIST - Search Pending Case For Add Supporting Document/Search Reference No' is clicked on

2018-12-20 16:38:47 - [MESSAGE][PASSED] - Object: 'Object Repository/Final Object Repo/Page_MyASSIST - ASSIST - Search Pending Case For Add Supporting Document/Search Reference No' is clicked on

2018-12-20 16:38:47 - [TEST_STEP][PASSED] - delay: Delayed 2 second(s)

2018-12-20 16:38:49 - [MESSAGE][PASSED] - Delayed 2 second(s)

2018-12-20 16:38:49 - [TEST_STEP][PASSED] - click: Object: 'Object Repository/Final Object Repo/Page_MyASSIST - ASSIST - Search Pending Case For Add Supporting Document/Continue' is clicked on

2018-12-20 16:38:52 - [MESSAGE][PASSED] - Object: 'Object Repository/Final Object Repo/Page_MyASSIST - ASSIST - Search Pending Case For Add Supporting Document/Continue' is clicked on

2018-12-20 16:38:52 - [TEST_STEP][PASSED] - delay: Delayed 20 second(s)

2018-12-20 16:39:12 - [MESSAGE][PASSED] - Delayed 20 second(s)

2018-12-20 16:39:12 - [MESSAGE][PASSED] - Call Test Case 'Test Cases/Final Aug 2018 - PKS Automation/Registration Module/Workflow/Login and Search Case For Workflow' successfully

2018-12-20 16:39:12 - [TEST_STEP][PASSED] - click: Object: 'Object Repository/Final Object Repo/Page_Form 3 EIS - Cessation as Employer/Page_Form 3 EIS - Cessation as Employer (Approve)/Save  Continue in Form 3 Page' is clicked on

2018-12-20 16:39:13 - [MESSAGE][PASSED] - Object: 'Object Repository/Final Object Repo/Page_Form 3 EIS - Cessation as Employer/Page_Form 3 EIS - Cessation as Employer (Approve)/Save  Continue in Form 3 Page' is clicked on

2018-12-20 16:39:13 - [TEST_STEP][PASSED] - delay: Delayed 2 second(s)

2018-12-20 16:39:15 - [MESSAGE][PASSED] - Delayed 2 second(s)

2018-12-20 16:39:15 - [TEST_STEP][PASSED] - click: Object: 'Object Repository/Final Object Repo/Page_Form 3 EIS - Cessation as Employer/Page_Form 3 EIS - Cessation as Employer (Approve)/Save  Continue in Resigned Page' is clicked on

2018-12-20 16:39:15 - [MESSAGE][PASSED] - Object: 'Object Repository/Final Object Repo/Page_Form 3 EIS - Cessation as Employer/Page_Form 3 EIS - Cessation as Employer (Approve)/Save  Continue in Resigned Page' is clicked on

2018-12-20 16:39:15 - [TEST_STEP][PASSED] - delay: Delayed 2 second(s)

2018-12-20 16:39:17 - [MESSAGE][PASSED] - Delayed 2 second(s)

2018-12-20 16:39:17 - [TEST_STEP][PASSED] - click: Object: 'Object Repository/Final Object Repo/Page_Form 3 EIS - Cessation as Employer/Page_Form 3 EIS - Cessation as Employer (Approve)/Save  Continue in Uploading Page' is clicked on

2018-12-20 16:39:18 - [MESSAGE][PASSED] - Object: 'Object Repository/Final Object Repo/Page_Form 3 EIS - Cessation as Employer/Page_Form 3 EIS - Cessation as Employer (Approve)/Save  Continue in Uploading Page' is clicked on

2018-12-20 16:39:18 - [TEST_STEP][PASSED] - delay: Delayed 2 second(s)

2018-12-20 16:39:20 - [MESSAGE][PASSED] - Delayed 2 second(s)

2018-12-20 16:39:20 - [TEST_STEP][PASSED] - click: Object: 'Object Repository/Final Object Repo/Page_Form 3 EIS - Cessation as Employer/Page_Form 3 EIS - Cessation as Employer (Reject)/Reject' is clicked on

2018-12-20 16:39:23 - [MESSAGE][PASSED] - Object: 'Object Repository/Final Object Repo/Page_Form 3 EIS - Cessation as Employer/Page_Form 3 EIS - Cessation as Employer (Reject)/Reject' is clicked on

2018-12-20 16:39:23 - [TEST_STEP][PASSED] - delay: Delayed 2 second(s)

2018-12-20 16:39:25 - [MESSAGE][PASSED] - Delayed 2 second(s)

2018-12-20 16:39:25 - [TEST_STEP][PASSED] - click: Object: 'Object Repository/Final Object Repo/Page_Form 3 EIS - Cessation as Employer/Page_Form 3 EIS - Cessation as Employer (Reject)/Confirm' is clicked on

2018-12-20 16:39:25 - [MESSAGE][PASSED] - Object: 'Object Repository/Final Object Repo/Page_Form 3 EIS - Cessation as Employer/Page_Form 3 EIS - Cessation as Employer (Reject)/Confirm' is clicked on

2018-12-20 16:39:25 - [TEST_STEP][PASSED] - delay: Delayed 2 second(s)

2018-12-20 16:39:27 - [MESSAGE][PASSED] - Delayed 2 second(s)

2018-12-20 16:39:27 - [TEST_STEP][PASSED] - click: Object: 'Object Repository/Final Object Repo/Page_Form 3 EIS - Cessation as Employer/Page_Form 3 EIS - Cessation as Employer (Reject)/Message This Case has been Rejected' is clicked on

2018-12-20 16:39:31 - [MESSAGE][PASSED] - Object: 'Object Repository/Final Object Repo/Page_Form 3 EIS - Cessation as Employer/Page_Form 3 EIS - Cessation as Employer (Reject)/Message This Case has been Rejected' is clicked on

2018-12-20 16:39:31 - [TEST_STEP][PASSED] - click: Object: 'Object Repository/Final Object Repo/Page_Form 3 EIS - Cessation as Employer/Page_Form 3 EIS - Cessation as Employer (Reject)/Letter of update rejection' is clicked on

2018-12-20 16:39:32 - [MESSAGE][PASSED] - Object: 'Object Repository/Final Object Repo/Page_Form 3 EIS - Cessation as Employer/Page_Form 3 EIS - Cessation as Employer (Reject)/Letter of update rejection' is clicked on

2018-12-20 16:39:32 - [MESSAGE][PASSED] - Call Test Case 'Test Cases/Final Aug 2018 - PKS Automation/Registration Module/Workflow/Form 3 EIS - Cessation As Employer/Template/Form 3 A - Cessation As Employer (Reject)' successfully]]></system-out>
         <system-err><![CDATA[]]></system-err>
      </testcase>
      <testcase name="Test Cases/Final Aug 2018 - PKS Automation/Registration Module/Workflow/Form 3 EIS - Cessation As Employer/Employer to UO (Under enforcement)" classname="Test Cases/Final Aug 2018 - PKS Automation/Registration Module/Workflow/Form 3 EIS - Cessation As Employer/Employer to UO (Under enforcement)" status="PASSED">
         <system-out><![CDATA[2018-12-20 16:39:32 - [TEST_CASE][PASSED] - Test Cases/Final Aug 2018 - PKS Automation/Registration Module/Workflow/Form 3 EIS - Cessation As Employer/Employer to UO (Under enforcement): Test Cases/Final Aug 2018 - PKS Automation/Registration Module/Workflow/Form 3 EIS - Cessation As Employer/Employer to UO (Under enforcement)

2018-12-20 16:39:32 - [TEST_STEP][PASSED] - callTestCase: Call Test Case 'Test Cases/Final Aug 2018 - PKS Automation/Registration Module/Workflow/Form 3 EIS - Cessation As Employer/Template/Form 3 A - Cessation As Employer (OTC)' successfully

2018-12-20 16:39:32 - [TEST_CASE][PASSED] - Test Cases/Final Aug 2018 - PKS Automation/Registration Module/Workflow/Form 3 EIS - Cessation As Employer/Template/Form 3 A - Cessation As Employer (OTC): Test Cases/Final Aug 2018 - PKS Automation/Registration Module/Workflow/Form 3 EIS - Cessation As Employer/Template/Form 3 A - Cessation As Employer (OTC)

2018-12-20 16:39:32 - [TEST_STEP][PASSED] - openBrowser: Browser is opened with url: ''

2018-12-20 16:39:32 - [MESSAGE][WARNING] - A browser is already opened. Closing browser and opening a new one

2018-12-20 16:39:35 - [MESSAGE][PASSED] - Browser is opened with url: ''

2018-12-20 16:39:35 - [TEST_STEP][PASSED] - navigateToUrl: Navigate to 'https://assist2-uat.perkeso.gov.my/login' successfully

2018-12-20 16:39:37 - [MESSAGE][PASSED] - Navigate to 'https://assist2-uat.perkeso.gov.my/login' successfully

2018-12-20 16:39:37 - [TEST_STEP][PASSED] - setText: Text 'johorotc1@gmail.com' is set on object 'Object Repository/Final Object Repo/Login Page/Internal User/Email Address'

2018-12-20 16:39:37 - [MESSAGE][PASSED] - Text 'johorotc1@gmail.com' is set on object 'Object Repository/Final Object Repo/Login Page/Internal User/Email Address'

2018-12-20 16:39:37 - [TEST_STEP][PASSED] - click: Object: 'Object Repository/Final Object Repo/Login Page/Internal User/Next Button' is clicked on

2018-12-20 16:39:37 - [MESSAGE][PASSED] - Object: 'Object Repository/Final Object Repo/Login Page/Internal User/Next Button' is clicked on

2018-12-20 16:39:37 - [TEST_STEP][PASSED] - delay: Delayed 1 second(s)

2018-12-20 16:39:38 - [MESSAGE][PASSED] - Delayed 1 second(s)

2018-12-20 16:39:38 - [TEST_STEP][PASSED] - setEncryptedText: Text ****** has been set on object 'Object Repository/Final Object Repo/Login Page/Internal User/Password'

2018-12-20 16:39:38 - [MESSAGE][PASSED] - Text ****** has been set on object 'Object Repository/Final Object Repo/Login Page/Internal User/Password'

2018-12-20 16:39:38 - [TEST_STEP][PASSED] - click: Object: 'Object Repository/Final Object Repo/Login Page/Internal User/Login Button' is clicked on

2018-12-20 16:39:39 - [MESSAGE][PASSED] - Object: 'Object Repository/Final Object Repo/Login Page/Internal User/Login Button' is clicked on

2018-12-20 16:39:39 - [TEST_STEP][PASSED] - delay: Delayed 1 second(s)

2018-12-20 16:39:40 - [MESSAGE][PASSED] - Delayed 1 second(s)

2018-12-20 16:39:40 - [TEST_STEP][PASSED] - Statement - Try: Delayed 2 second(s)

2018-12-20 16:39:40 - [TEST_STEP][PASSED] - Statement - Checker = false: null

2018-12-20 16:39:40 - [TEST_STEP][PASSED] - Statement - Checker = com.kms.katalon.core.webui.keyword.WebUiBuiltInKeywords.verifyElementHasAttribute(com.kms.katalon.core.testobject.ObjectRepository.findTestObject(Final Object Repo/Landing Page/BM Detecting), "href", 20, OPTIONAL): Object 'Object Repository/Final Object Repo/Landing Page/BM Detecting' has attribute 'href'

2018-12-20 16:39:40 - [MESSAGE][PASSED] - Object 'Object Repository/Final Object Repo/Landing Page/BM Detecting' has attribute 'href'

2018-12-20 16:39:40 - [TEST_STEP][PASSED] - Statement - out.println(Checker): null

2018-12-20 16:39:40 - [TEST_STEP][PASSED] - Statement - If (Checker == false): null

2018-12-20 16:39:40 - [TEST_STEP][PASSED] - Statement - Else: null

2018-12-20 16:39:40 - [TEST_STEP][PASSED] - delay: Delayed 2 second(s)

2018-12-20 16:39:42 - [MESSAGE][PASSED] - Delayed 2 second(s)

2018-12-20 16:39:42 - [TEST_STEP][PASSED] - navigateToUrl: Navigate to 'https://assist2-uat.perkeso.gov.my/web/registration/eis-update/form-3-eis-cessation-as-employer' successfully

2018-12-20 16:39:43 - [MESSAGE][PASSED] - Navigate to 'https://assist2-uat.perkeso.gov.my/web/registration/eis-update/form-3-eis-cessation-as-employer' successfully

2018-12-20 16:39:43 - [TEST_STEP][PASSED] - delay: Delayed 1 second(s)

2018-12-20 16:39:44 - [MESSAGE][PASSED] - Delayed 1 second(s)

2018-12-20 16:39:44 - [TEST_STEP][PASSED] - setText: Text 'E1102069769W' is set on object 'Object Repository/Final Object Repo/Page_Form 3 EIS - Cessation as Employer/Employer Code'

2018-12-20 16:39:45 - [MESSAGE][PASSED] - Text 'E1102069769W' is set on object 'Object Repository/Final Object Repo/Page_Form 3 EIS - Cessation as Employer/Employer Code'

2018-12-20 16:39:45 - [TEST_STEP][PASSED] - click: Object: 'Object Repository/Final Object Repo/Page_Form 3 EIS - Cessation as Employer/Search' is clicked on

2018-12-20 16:39:45 - [MESSAGE][PASSED] - Object: 'Object Repository/Final Object Repo/Page_Form 3 EIS - Cessation as Employer/Search' is clicked on

2018-12-20 16:39:45 - [TEST_STEP][PASSED] - click: Object: 'Object Repository/Final Object Repo/Page_Form 3 EIS - Cessation as Employer/Edit' is clicked on

2018-12-20 16:39:47 - [MESSAGE][PASSED] - Object: 'Object Repository/Final Object Repo/Page_Form 3 EIS - Cessation as Employer/Edit' is clicked on

2018-12-20 16:39:47 - [TEST_STEP][PASSED] - delay: Delayed 1 second(s)

2018-12-20 16:39:48 - [MESSAGE][PASSED] - Delayed 1 second(s)

2018-12-20 16:39:48 - [TEST_STEP][PASSED] - Statement - abc = com.kms.katalon.core.webui.keyword.WebUiBuiltInKeywords.getAttribute(com.kms.katalon.core.testobject.ObjectRepository.findTestObject(Final Object Repo/Page_Form 3 EIS - Cessation as Employer/Employer Status), "value"): Attribute 'value' of object 'Object Repository/Final Object Repo/Page_Form 3 EIS - Cessation as Employer/Employer Status' is: 'Active'

2018-12-20 16:39:48 - [MESSAGE][PASSED] - Attribute 'value' of object 'Object Repository/Final Object Repo/Page_Form 3 EIS - Cessation as Employer/Employer Status' is: 'Active'

2018-12-20 16:39:48 - [TEST_STEP][PASSED] - Statement - out.println(abc): null

2018-12-20 16:39:48 - [TEST_STEP][PASSED] - Statement - If (abc == "Active"): Object: 'Object Repository/Final Object Repo/Page_Form 3 EIS - Cessation as Employer/Dormant EIS' is clicked on

2018-12-20 16:39:48 - [TEST_STEP][PASSED] - click: Object: 'Object Repository/Final Object Repo/Page_Form 3 EIS - Cessation as Employer/Change Employer Status to' is clicked on

2018-12-20 16:39:49 - [MESSAGE][PASSED] - Object: 'Object Repository/Final Object Repo/Page_Form 3 EIS - Cessation as Employer/Change Employer Status to' is clicked on

2018-12-20 16:39:49 - [TEST_STEP][PASSED] - click: Object: 'Object Repository/Final Object Repo/Page_Form 3 EIS - Cessation as Employer/Dormant EIS' is clicked on

2018-12-20 16:39:49 - [MESSAGE][PASSED] - Object: 'Object Repository/Final Object Repo/Page_Form 3 EIS - Cessation as Employer/Dormant EIS' is clicked on

2018-12-20 16:39:49 - [TEST_STEP][PASSED] - click: Object: 'Object Repository/Final Object Repo/Page_Form 3 EIS - Cessation as Employer/Calender' is clicked on

2018-12-20 16:39:49 - [MESSAGE][PASSED] - Object: 'Object Repository/Final Object Repo/Page_Form 3 EIS - Cessation as Employer/Calender' is clicked on

2018-12-20 16:39:49 - [TEST_STEP][PASSED] - delay: Delayed 1 second(s)

2018-12-20 16:39:50 - [MESSAGE][PASSED] - Delayed 1 second(s)

2018-12-20 16:39:50 - [TEST_STEP][PASSED] - click: Object: 'Object Repository/Final Object Repo/Page_Form 3 EIS - Cessation as Employer/Calender - Date' is clicked on

2018-12-20 16:39:50 - [MESSAGE][PASSED] - Object: 'Object Repository/Final Object Repo/Page_Form 3 EIS - Cessation as Employer/Calender - Date' is clicked on

2018-12-20 16:39:50 - [TEST_STEP][PASSED] - click: Object: 'Object Repository/Final Object Repo/Page_Form 3 EIS - Cessation as Employer/Save  Continue in Form 3 EIS Page' is clicked on

2018-12-20 16:39:51 - [MESSAGE][PASSED] - Object: 'Object Repository/Final Object Repo/Page_Form 3 EIS - Cessation as Employer/Save  Continue in Form 3 EIS Page' is clicked on

2018-12-20 16:39:51 - [TEST_STEP][PASSED] - delay: Delayed 1 second(s)

2018-12-20 16:39:52 - [MESSAGE][PASSED] - Delayed 1 second(s)

2018-12-20 16:39:52 - [TEST_STEP][PASSED] - click: Object: 'Object Repository/Final Object Repo/Page_Form 3 EIS - Cessation as Employer/Employment Resign Date' is clicked on

2018-12-20 16:39:52 - [MESSAGE][PASSED] - Object: 'Object Repository/Final Object Repo/Page_Form 3 EIS - Cessation as Employer/Employment Resign Date' is clicked on

2018-12-20 16:39:52 - [TEST_STEP][PASSED] - selectOptionByValue: All options with value '2030' are selected in object 'Object Repository/Final Object Repo/Page_Form 3 EIS - Cessation as Employer/Employment Resign Date - Year' 

2018-12-20 16:39:52 - [MESSAGE][PASSED] - All options with value '2030' are selected in object 'Object Repository/Final Object Repo/Page_Form 3 EIS - Cessation as Employer/Employment Resign Date - Year' 

2018-12-20 16:39:52 - [TEST_STEP][PASSED] - delay: Delayed 2 second(s)

2018-12-20 16:39:54 - [MESSAGE][PASSED] - Delayed 2 second(s)

2018-12-20 16:39:54 - [TEST_STEP][PASSED] - click: Object: 'Object Repository/Final Object Repo/Page_Form 3 EIS - Cessation as Employer/Employment Resign Date - Year - Date' is clicked on

2018-12-20 16:39:54 - [MESSAGE][PASSED] - Object: 'Object Repository/Final Object Repo/Page_Form 3 EIS - Cessation as Employer/Employment Resign Date - Year - Date' is clicked on

2018-12-20 16:39:54 - [TEST_STEP][PASSED] - delay: Delayed 2 second(s)

2018-12-20 16:39:56 - [MESSAGE][PASSED] - Delayed 2 second(s)

2018-12-20 16:39:56 - [TEST_STEP][PASSED] - click: Object: 'Object Repository/Final Object Repo/Page_Form 3 EIS - Cessation as Employer/Save  Continue in Employment Resign Page' is clicked on

2018-12-20 16:39:56 - [MESSAGE][PASSED] - Object: 'Object Repository/Final Object Repo/Page_Form 3 EIS - Cessation as Employer/Save  Continue in Employment Resign Page' is clicked on

2018-12-20 16:39:56 - [TEST_STEP][PASSED] - delay: Delayed 2 second(s)

2018-12-20 16:39:58 - [MESSAGE][PASSED] - Delayed 2 second(s)

2018-12-20 16:39:58 - [TEST_STEP][PASSED] - click: Object: 'Object Repository/Final Object Repo/Page_Form 3 EIS - Cessation as Employer/Set Latest - Yes' is clicked on

2018-12-20 16:39:59 - [MESSAGE][PASSED] - Object: 'Object Repository/Final Object Repo/Page_Form 3 EIS - Cessation as Employer/Set Latest - Yes' is clicked on

2018-12-20 16:39:59 - [TEST_STEP][PASSED] - delay: Delayed 2 second(s)

2018-12-20 16:40:01 - [MESSAGE][PASSED] - Delayed 2 second(s)

2018-12-20 16:40:01 - [TEST_STEP][PASSED] - click: Object: 'Object Repository/Final Object Repo/Page_Form 3 EIS - Cessation as Employer/Add Document' is clicked on

2018-12-20 16:40:01 - [MESSAGE][PASSED] - Object: 'Object Repository/Final Object Repo/Page_Form 3 EIS - Cessation as Employer/Add Document' is clicked on

2018-12-20 16:40:01 - [TEST_STEP][PASSED] - delay: Delayed 3 second(s)

2018-12-20 16:40:04 - [MESSAGE][PASSED] - Delayed 3 second(s)

2018-12-20 16:40:04 - [TEST_STEP][PASSED] - click: Object: 'Object Repository/Final Object Repo/Page_Form 3 EIS - Cessation as Employer/Document Type' is clicked on

2018-12-20 16:40:05 - [MESSAGE][PASSED] - Object: 'Object Repository/Final Object Repo/Page_Form 3 EIS - Cessation as Employer/Document Type' is clicked on

2018-12-20 16:40:05 - [TEST_STEP][PASSED] - click: Object: 'Object Repository/Final Object Repo/Page_Form 3 EIS - Cessation as Employer/Document Type - Form 3' is clicked on

2018-12-20 16:40:05 - [MESSAGE][PASSED] - Object: 'Object Repository/Final Object Repo/Page_Form 3 EIS - Cessation as Employer/Document Type - Form 3' is clicked on

2018-12-20 16:40:05 - [TEST_STEP][PASSED] - delay: Delayed 2 second(s)

2018-12-20 16:40:07 - [MESSAGE][PASSED] - Delayed 2 second(s)

2018-12-20 16:40:07 - [TEST_STEP][PASSED] - sendKeys: Keys 'C:\Users\Public\Pictures\Sample Pictures\Koala.jpg' sent to object: 'Object Repository/Final Object Repo/Page_Form 3 EIS - Cessation as Employer/ploading File'

2018-12-20 16:40:07 - [MESSAGE][PASSED] - Keys 'C:\Users\Public\Pictures\Sample Pictures\Koala.jpg' sent to object: 'Object Repository/Final Object Repo/Page_Form 3 EIS - Cessation as Employer/ploading File'

2018-12-20 16:40:07 - [TEST_STEP][PASSED] - delay: Delayed 1 second(s)

2018-12-20 16:40:08 - [MESSAGE][PASSED] - Delayed 1 second(s)

2018-12-20 16:40:08 - [TEST_STEP][PASSED] - click: Object: 'Object Repository/Final Object Repo/Page_Form 3 EIS - Cessation as Employer/Add Document in Uploading Page' is clicked on

2018-12-20 16:40:08 - [MESSAGE][PASSED] - Object: 'Object Repository/Final Object Repo/Page_Form 3 EIS - Cessation as Employer/Add Document in Uploading Page' is clicked on

2018-12-20 16:40:08 - [TEST_STEP][PASSED] - delay: Delayed 2 second(s)

2018-12-20 16:40:10 - [MESSAGE][PASSED] - Delayed 2 second(s)

2018-12-20 16:40:10 - [TEST_STEP][PASSED] - Statement - CaseReferenceNo = com.kms.katalon.core.webui.keyword.WebUiBuiltInKeywords.getText(com.kms.katalon.core.testobject.ObjectRepository.findTestObject(Final Object Repo/Page_Update Employer Information/Reference Number in Update Employee Information Page)): Text of object 'Object Repository/Final Object Repo/Page_Update Employer Information/Reference Number in Update Employee Information Page' is: 'ERN122018C200002557'

2018-12-20 16:40:12 - [MESSAGE][PASSED] - Text of object 'Object Repository/Final Object Repo/Page_Update Employer Information/Reference Number in Update Employee Information Page' is: 'ERN122018C200002557'

2018-12-20 16:40:12 - [TEST_STEP][PASSED] - callTestCase: Call Test Case 'Test Cases/Final Aug 2018 - PKS Automation/Common/Reference Number Setter' successfully

2018-12-20 16:40:12 - [TEST_CASE][PASSED] - Test Cases/Final Aug 2018 - PKS Automation/Common/Reference Number Setter: Test Cases/Final Aug 2018 - PKS Automation/Common/Reference Number Setter

2018-12-20 16:40:12 - [TEST_STEP][PASSED] - Statement - RefNoOldFile = new java.io.File(C://Users//Admin//Desktop//PKS//Automation Reference Point//KatalonReference.txt): null

2018-12-20 16:40:12 - [TEST_STEP][PASSED] - Statement - RefNoOldFile.delete(): null

2018-12-20 16:40:12 - [TEST_STEP][PASSED] - delay: Delayed 5 second(s)

2018-12-20 16:40:17 - [MESSAGE][PASSED] - Delayed 5 second(s)

2018-12-20 16:40:17 - [TEST_STEP][PASSED] - Statement - RefNo = new java.io.File(C://Users//Admin//Desktop//PKS//Automation Reference Point//KatalonReference.txt): null

2018-12-20 16:40:17 - [TEST_STEP][PASSED] - Statement - f2 = new java.io.FileWriter(RefNo, false): null

2018-12-20 16:40:17 - [TEST_STEP][PASSED] - Statement - f2.write(CaseReferenceNo): null

2018-12-20 16:40:17 - [TEST_STEP][PASSED] - Statement - f2.close(): null

2018-12-20 16:40:17 - [TEST_STEP][PASSED] - Statement - out.println("


" + CaseReferenceNo + "


"): null

2018-12-20 16:40:17 - [MESSAGE][PASSED] - Call Test Case 'Test Cases/Final Aug 2018 - PKS Automation/Common/Reference Number Setter' successfully

2018-12-20 16:40:17 - [TEST_STEP][PASSED] - delay: Delayed 2 second(s)

2018-12-20 16:40:19 - [MESSAGE][PASSED] - Delayed 2 second(s)

2018-12-20 16:40:19 - [TEST_STEP][PASSED] - click: Object: 'Object Repository/Final Object Repo/Page_Form 3 EIS - Cessation as Employer/Save  Continue in Uploading Page' is clicked on

2018-12-20 16:40:19 - [MESSAGE][PASSED] - Object: 'Object Repository/Final Object Repo/Page_Form 3 EIS - Cessation as Employer/Save  Continue in Uploading Page' is clicked on

2018-12-20 16:40:19 - [TEST_STEP][PASSED] - delay: Delayed 2 second(s)

2018-12-20 16:40:21 - [MESSAGE][PASSED] - Delayed 2 second(s)

2018-12-20 16:40:21 - [TEST_STEP][PASSED] - click: Object: 'Object Repository/Final Object Repo/Page_Form 3 EIS - Cessation as Employer/Submit' is clicked on

2018-12-20 16:40:24 - [MESSAGE][PASSED] - Object: 'Object Repository/Final Object Repo/Page_Form 3 EIS - Cessation as Employer/Submit' is clicked on

2018-12-20 16:40:24 - [TEST_STEP][PASSED] - delay: Delayed 2 second(s)

2018-12-20 16:40:26 - [MESSAGE][PASSED] - Delayed 2 second(s)

2018-12-20 16:40:26 - [TEST_STEP][PASSED] - click: Object: 'Object Repository/Final Object Repo/Page_Form 3 EIS - Cessation as Employer/Confirm' is clicked on

2018-12-20 16:40:26 - [MESSAGE][PASSED] - Object: 'Object Repository/Final Object Repo/Page_Form 3 EIS - Cessation as Employer/Confirm' is clicked on

2018-12-20 16:40:26 - [TEST_STEP][PASSED] - delay: Delayed 2 second(s)

2018-12-20 16:40:28 - [MESSAGE][PASSED] - Delayed 2 second(s)

2018-12-20 16:40:28 - [TEST_STEP][PASSED] - click: Object: 'Object Repository/Final Object Repo/Page_Form 3 EIS - Cessation as Employer/Message Your Request will be routed to UO' is clicked on

2018-12-20 16:40:32 - [MESSAGE][PASSED] - Object: 'Object Repository/Final Object Repo/Page_Form 3 EIS - Cessation as Employer/Message Your Request will be routed to UO' is clicked on

2018-12-20 16:40:32 - [TEST_STEP][PASSED] - click: Object: 'Object Repository/Final Object Repo/Page_Form 3 EIS - Cessation as Employer/Letter of acknowledgement' is clicked on

2018-12-20 16:40:33 - [MESSAGE][PASSED] - Object: 'Object Repository/Final Object Repo/Page_Form 3 EIS - Cessation as Employer/Letter of acknowledgement' is clicked on

2018-12-20 16:40:33 - [MESSAGE][PASSED] - Call Test Case 'Test Cases/Final Aug 2018 - PKS Automation/Registration Module/Workflow/Form 3 EIS - Cessation As Employer/Template/Form 3 A - Cessation As Employer (OTC)' successfully

2018-12-20 16:40:33 - [TEST_STEP][PASSED] - callTestCase: Call Test Case 'Test Cases/Final Aug 2018 - PKS Automation/Registration Module/Workflow/Form 3 EIS - Cessation As Employer/Template/Form 3 A - Cessation As Employer (Under enforcement)' successfully

2018-12-20 16:40:33 - [TEST_CASE][PASSED] - Test Cases/Final Aug 2018 - PKS Automation/Registration Module/Workflow/Form 3 EIS - Cessation As Employer/Template/Form 3 A - Cessation As Employer (Under enforcement): Test Cases/Final Aug 2018 - PKS Automation/Registration Module/Workflow/Form 3 EIS - Cessation As Employer/Template/Form 3 A - Cessation As Employer (Under enforcement)

2018-12-20 16:40:33 - [TEST_STEP][NOT_RUN] - callTestCase: NOT_RUN: callTestCase

2018-12-20 16:40:33 - [MESSAGE][NOT_RUN] - NOT_RUN: callTestCase

2018-12-20 16:40:33 - [TEST_STEP][PASSED] - delay: Delayed 1 second(s)

2018-12-20 16:40:34 - [MESSAGE][PASSED] - Delayed 1 second(s)

2018-12-20 16:40:34 - [TEST_STEP][PASSED] - navigateToUrl: Navigate to 'https://assist2-uat.perkeso.gov.my/c/portal/logout' successfully

2018-12-20 16:40:35 - [MESSAGE][PASSED] - Navigate to 'https://assist2-uat.perkeso.gov.my/c/portal/logout' successfully

2018-12-20 16:40:35 - [TEST_STEP][PASSED] - delay: Delayed 1 second(s)

2018-12-20 16:40:36 - [MESSAGE][PASSED] - Delayed 1 second(s)

2018-12-20 16:40:36 - [TEST_STEP][PASSED] - callTestCase: Call Test Case 'Test Cases/Final Aug 2018 - PKS Automation/Common/Reference Number Getter' successfully

2018-12-20 16:40:36 - [TEST_CASE][PASSED] - Test Cases/Final Aug 2018 - PKS Automation/Common/Reference Number Getter: Test Cases/Final Aug 2018 - PKS Automation/Common/Reference Number Getter

2018-12-20 16:40:36 - [TEST_STEP][PASSED] - Statement - Try: null

2018-12-20 16:40:36 - [TEST_STEP][PASSED] - Statement - RefNo = new java.io.File(C://Users//Admin//Desktop//PKS//Automation Reference Point//KatalonReference.txt): null

2018-12-20 16:40:36 - [TEST_STEP][PASSED] - Statement - bufferread = new java.io.BufferedReader(new java.io.FileReader(RefNo)): null

2018-12-20 16:40:36 - [TEST_STEP][PASSED] - Statement - readedVal = bufferread.readLine(): null

2018-12-20 16:40:36 - [TEST_STEP][PASSED] - Statement - out.println(CaseReferenceNo): null

2018-12-20 16:40:36 - [TEST_STEP][PASSED] - Statement - out.println(readedVal): null

2018-12-20 16:40:36 - [TEST_STEP][PASSED] - Statement - CaseReferenceNo = "": null

2018-12-20 16:40:36 - [TEST_STEP][PASSED] - Statement - CaseReferenceNo = readedVal: null

2018-12-20 16:40:36 - [MESSAGE][PASSED] - Call Test Case 'Test Cases/Final Aug 2018 - PKS Automation/Common/Reference Number Getter' successfully

2018-12-20 16:40:36 - [TEST_STEP][PASSED] - callTestCase: Call Test Case 'Test Cases/Final Aug 2018 - PKS Automation/Common/Workflow Owner Finder' successfully

2018-12-20 16:40:36 - [TEST_CASE][PASSED] - Test Cases/Final Aug 2018 - PKS Automation/Common/Workflow Owner Finder: Test Cases/Final Aug 2018 - PKS Automation/Common/Workflow Owner Finder

2018-12-20 16:40:36 - [TEST_STEP][PASSED] - openBrowser: Browser is opened with url: ''

2018-12-20 16:40:36 - [MESSAGE][WARNING] - A browser is already opened. Closing browser and opening a new one

2018-12-20 16:40:39 - [MESSAGE][PASSED] - Browser is opened with url: ''

2018-12-20 16:40:39 - [TEST_STEP][PASSED] - navigateToUrl: Navigate to 'https://assist2-uat.perkeso.gov.my/login' successfully

2018-12-20 16:40:40 - [MESSAGE][PASSED] - Navigate to 'https://assist2-uat.perkeso.gov.my/login' successfully

2018-12-20 16:40:40 - [TEST_STEP][PASSED] - delay: Delayed 5 second(s)

2018-12-20 16:40:45 - [MESSAGE][PASSED] - Delayed 5 second(s)

2018-12-20 16:40:45 - [TEST_STEP][PASSED] - setText: Text 'test@liferay.com' is set on object 'Object Repository/Final Object Repo/Login Page/Internal User/Email Address'

2018-12-20 16:40:45 - [MESSAGE][PASSED] - Text 'test@liferay.com' is set on object 'Object Repository/Final Object Repo/Login Page/Internal User/Email Address'

2018-12-20 16:40:45 - [TEST_STEP][PASSED] - click: Object: 'Object Repository/Final Object Repo/Login Page/Internal User/Next Button' is clicked on

2018-12-20 16:40:45 - [MESSAGE][PASSED] - Object: 'Object Repository/Final Object Repo/Login Page/Internal User/Next Button' is clicked on

2018-12-20 16:40:45 - [TEST_STEP][PASSED] - delay: Delayed 2 second(s)

2018-12-20 16:40:47 - [MESSAGE][PASSED] - Delayed 2 second(s)

2018-12-20 16:40:47 - [TEST_STEP][PASSED] - setText: Text 'test' is set on object 'Object Repository/Final Object Repo/Login Page/Internal User/Password'

2018-12-20 16:40:48 - [MESSAGE][PASSED] - Text 'test' is set on object 'Object Repository/Final Object Repo/Login Page/Internal User/Password'

2018-12-20 16:40:48 - [TEST_STEP][PASSED] - delay: Delayed 2 second(s)

2018-12-20 16:40:50 - [MESSAGE][PASSED] - Delayed 2 second(s)

2018-12-20 16:40:50 - [TEST_STEP][PASSED] - click: Object: 'Object Repository/Final Object Repo/Login Page/Internal User/Login Button' is clicked on

2018-12-20 16:40:50 - [MESSAGE][PASSED] - Object: 'Object Repository/Final Object Repo/Login Page/Internal User/Login Button' is clicked on

2018-12-20 16:40:50 - [TEST_STEP][PASSED] - Statement - tester = com.kms.katalon.core.testobject.ObjectRepository.findTestObject(Final Object Repo/Landing Page/Select to English): Finding Test Object with id 'Object Repository/Final Object Repo/Landing Page/Select to English'

2018-12-20 16:40:50 - [TEST_STEP][PASSED] - Statement - Try: Delayed 2 second(s)

2018-12-20 16:40:50 - [TEST_STEP][PASSED] - Statement - Checker = com.kms.katalon.core.webui.keyword.WebUiBuiltInKeywords.verifyElementNotPresent(tester, 3): Web element with id: 'Object Repository/Final Object Repo/Landing Page/Select to English' located by 'By.xpath: //a[@class = 'taglib-language-list-text' and @lang = 'en-US' and (contains(text(), 'EN') or contains(., 'EN'))]' is not present after '3' second(s)

2018-12-20 16:40:52 - [MESSAGE][PASSED] - Web element with id: 'Object Repository/Final Object Repo/Landing Page/Select to English' located by 'By.xpath: //a[@class = 'taglib-language-list-text' and @lang = 'en-US' and (contains(text(), 'EN') or contains(., 'EN'))]' is not present after '3' second(s)

2018-12-20 16:40:52 - [TEST_STEP][PASSED] - Statement - If (Checker == false): null

2018-12-20 16:40:52 - [TEST_STEP][PASSED] - delay: Delayed 2 second(s)

2018-12-20 16:40:54 - [MESSAGE][PASSED] - Delayed 2 second(s)

2018-12-20 16:40:54 - [TEST_STEP][PASSED] - delay: Delayed 5 second(s)

2018-12-20 16:40:59 - [MESSAGE][PASSED] - Delayed 5 second(s)

2018-12-20 16:40:59 - [TEST_STEP][PASSED] - mouseOver: Object: 'Object Repository/Final Object Repo/Landing Page/WorkFlow Menu' is hovered

2018-12-20 16:40:59 - [MESSAGE][PASSED] - Object: 'Object Repository/Final Object Repo/Landing Page/WorkFlow Menu' is hovered

2018-12-20 16:40:59 - [TEST_STEP][PASSED] - delay: Delayed 2 second(s)

2018-12-20 16:41:01 - [MESSAGE][PASSED] - Delayed 2 second(s)

2018-12-20 16:41:01 - [TEST_STEP][PASSED] - click: Object: 'Object Repository/Final Object Repo/Landing Page/Select to Workflow Listing' is clicked on

2018-12-20 16:41:02 - [MESSAGE][PASSED] - Object: 'Object Repository/Final Object Repo/Landing Page/Select to Workflow Listing' is clicked on

2018-12-20 16:41:02 - [TEST_STEP][PASSED] - delay: Delayed 2 second(s)

2018-12-20 16:41:04 - [MESSAGE][PASSED] - Delayed 2 second(s)

2018-12-20 16:41:04 - [TEST_STEP][PASSED] - click: Object: 'Object Repository/Final Object Repo/WorkFlow Listing Page/Search Information - To Put Ref No' is clicked on

2018-12-20 16:41:04 - [MESSAGE][PASSED] - Object: 'Object Repository/Final Object Repo/WorkFlow Listing Page/Search Information - To Put Ref No' is clicked on

2018-12-20 16:41:04 - [TEST_STEP][PASSED] - delay: Delayed 2 second(s)

2018-12-20 16:41:06 - [MESSAGE][PASSED] - Delayed 2 second(s)

2018-12-20 16:41:06 - [TEST_STEP][PASSED] - callTestCase: Call Test Case 'Test Cases/Final Aug 2018 - PKS Automation/Common/Reference Number Getter' successfully

2018-12-20 16:41:06 - [TEST_CASE][PASSED] - Test Cases/Final Aug 2018 - PKS Automation/Common/Reference Number Getter: Test Cases/Final Aug 2018 - PKS Automation/Common/Reference Number Getter

2018-12-20 16:41:06 - [TEST_STEP][PASSED] - Statement - Try: null

2018-12-20 16:41:06 - [TEST_STEP][PASSED] - Statement - RefNo = new java.io.File(C://Users//Admin//Desktop//PKS//Automation Reference Point//KatalonReference.txt): null

2018-12-20 16:41:06 - [TEST_STEP][PASSED] - Statement - bufferread = new java.io.BufferedReader(new java.io.FileReader(RefNo)): null

2018-12-20 16:41:06 - [TEST_STEP][PASSED] - Statement - readedVal = bufferread.readLine(): null

2018-12-20 16:41:06 - [TEST_STEP][PASSED] - Statement - out.println(CaseReferenceNo): null

2018-12-20 16:41:06 - [TEST_STEP][PASSED] - Statement - out.println(readedVal): null

2018-12-20 16:41:06 - [TEST_STEP][PASSED] - Statement - CaseReferenceNo = "": null

2018-12-20 16:41:06 - [TEST_STEP][PASSED] - Statement - CaseReferenceNo = readedVal: null

2018-12-20 16:41:06 - [MESSAGE][PASSED] - Call Test Case 'Test Cases/Final Aug 2018 - PKS Automation/Common/Reference Number Getter' successfully

2018-12-20 16:41:06 - [TEST_STEP][PASSED] - setText: Text 'ERN122018C200002557' is set on object 'Object Repository/Final Object Repo/WorkFlow Listing Page/Ref No Set Text'

2018-12-20 16:41:07 - [MESSAGE][PASSED] - Text 'ERN122018C200002557' is set on object 'Object Repository/Final Object Repo/WorkFlow Listing Page/Ref No Set Text'

2018-12-20 16:41:07 - [TEST_STEP][PASSED] - delay: Delayed 2 second(s)

2018-12-20 16:41:09 - [MESSAGE][PASSED] - Delayed 2 second(s)

2018-12-20 16:41:09 - [TEST_STEP][PASSED] - click: Object: 'Object Repository/Final Object Repo/WorkFlow Listing Page/Search Ref No Search Button' is clicked on

2018-12-20 16:41:09 - [MESSAGE][PASSED] - Object: 'Object Repository/Final Object Repo/WorkFlow Listing Page/Search Ref No Search Button' is clicked on

2018-12-20 16:41:09 - [TEST_STEP][PASSED] - delay: Delayed 6 second(s)

2018-12-20 16:41:15 - [MESSAGE][PASSED] - Delayed 6 second(s)

2018-12-20 16:41:15 - [TEST_STEP][PASSED] - click: Object: 'Object Repository/Final Object Repo/WorkFlow Listing Page/Click Continue Tooltip' is clicked on

2018-12-20 16:41:16 - [MESSAGE][PASSED] - Object: 'Object Repository/Final Object Repo/WorkFlow Listing Page/Click Continue Tooltip' is clicked on

2018-12-20 16:41:16 - [TEST_STEP][PASSED] - delay: Delayed 5 second(s)

2018-12-20 16:41:21 - [MESSAGE][PASSED] - Delayed 5 second(s)

2018-12-20 16:41:21 - [TEST_STEP][PASSED] - doubleClick: Object: 'Object Repository/Final Object Repo/WorkFlow Listing Page/Workflow Found - Listing 1' is double clicked on

2018-12-20 16:41:21 - [MESSAGE][PASSED] - Object: 'Object Repository/Final Object Repo/WorkFlow Listing Page/Workflow Found - Listing 1' is double clicked on

2018-12-20 16:41:21 - [TEST_STEP][PASSED] - Statement - println(OwnerID): null

2018-12-20 16:41:21 - [TEST_STEP][PASSED] - Statement - OwnerID = com.kms.katalon.core.webui.keyword.WebUiBuiltInKeywords.getText(com.kms.katalon.core.testobject.ObjectRepository.findTestObject(Final Object Repo/WorkFlow Listing Page/Workflow Found - Listing 1), STOP_ON_FAILURE): Text of object 'Object Repository/Final Object Repo/WorkFlow Listing Page/Workflow Found - Listing 1' is: 'JOHORuo2'

2018-12-20 16:41:21 - [MESSAGE][PASSED] - Text of object 'Object Repository/Final Object Repo/WorkFlow Listing Page/Workflow Found - Listing 1' is: 'JOHORuo2'

2018-12-20 16:41:21 - [TEST_STEP][PASSED] - Statement - OwnerID = OwnerID.toLowerCase() + "@gmail.com": null

2018-12-20 16:41:21 - [TEST_STEP][PASSED] - Statement - println(OwnerID): null

2018-12-20 16:41:21 - [TEST_STEP][PASSED] - delay: Delayed 2 second(s)

2018-12-20 16:41:23 - [MESSAGE][PASSED] - Delayed 2 second(s)

2018-12-20 16:41:23 - [MESSAGE][PASSED] - Call Test Case 'Test Cases/Final Aug 2018 - PKS Automation/Common/Workflow Owner Finder' successfully

2018-12-20 16:41:23 - [TEST_STEP][PASSED] - delay: Delayed 1 second(s)

2018-12-20 16:41:24 - [MESSAGE][PASSED] - Delayed 1 second(s)

2018-12-20 16:41:24 - [TEST_STEP][PASSED] - navigateToUrl: Navigate to 'https://assist2-uat.perkeso.gov.my/c/portal/logout' successfully

2018-12-20 16:41:25 - [MESSAGE][PASSED] - Navigate to 'https://assist2-uat.perkeso.gov.my/c/portal/logout' successfully

2018-12-20 16:41:25 - [TEST_STEP][PASSED] - delay: Delayed 1 second(s)

2018-12-20 16:41:26 - [MESSAGE][PASSED] - Delayed 1 second(s)

2018-12-20 16:41:26 - [TEST_STEP][PASSED] - callTestCase: Call Test Case 'Test Cases/Final Aug 2018 - PKS Automation/Registration Module/Workflow/Login and Search Case For Workflow' successfully

2018-12-20 16:41:26 - [TEST_CASE][PASSED] - Test Cases/Final Aug 2018 - PKS Automation/Registration Module/Workflow/Login and Search Case For Workflow: Test Cases/Final Aug 2018 - PKS Automation/Registration Module/Workflow/Login and Search Case For Workflow

2018-12-20 16:41:26 - [TEST_STEP][PASSED] - navigateToUrl: Navigate to 'https://assist2-uat.perkeso.gov.my/login' successfully

2018-12-20 16:41:27 - [MESSAGE][PASSED] - Navigate to 'https://assist2-uat.perkeso.gov.my/login' successfully

2018-12-20 16:41:27 - [TEST_STEP][PASSED] - setText: Text 'johoruo2@gmail.com' is set on object 'Object Repository/Final Object Repo/Login Page/Internal User/Email Address'

2018-12-20 16:41:27 - [MESSAGE][PASSED] - Text 'johoruo2@gmail.com' is set on object 'Object Repository/Final Object Repo/Login Page/Internal User/Email Address'

2018-12-20 16:41:27 - [TEST_STEP][PASSED] - click: Object: 'Object Repository/Final Object Repo/Login Page/Internal User/Next Button' is clicked on

2018-12-20 16:41:27 - [MESSAGE][PASSED] - Object: 'Object Repository/Final Object Repo/Login Page/Internal User/Next Button' is clicked on

2018-12-20 16:41:27 - [TEST_STEP][PASSED] - delay: Delayed 1 second(s)

2018-12-20 16:41:28 - [MESSAGE][PASSED] - Delayed 1 second(s)

2018-12-20 16:41:28 - [TEST_STEP][PASSED] - setEncryptedText: Text ****** has been set on object 'Object Repository/Final Object Repo/Login Page/Internal User/Password'

2018-12-20 16:41:29 - [MESSAGE][PASSED] - Text ****** has been set on object 'Object Repository/Final Object Repo/Login Page/Internal User/Password'

2018-12-20 16:41:29 - [TEST_STEP][PASSED] - click: Object: 'Object Repository/Final Object Repo/Login Page/Internal User/Login Button' is clicked on

2018-12-20 16:41:29 - [MESSAGE][PASSED] - Object: 'Object Repository/Final Object Repo/Login Page/Internal User/Login Button' is clicked on

2018-12-20 16:41:29 - [TEST_STEP][PASSED] - delay: Delayed 2 second(s)

2018-12-20 16:41:31 - [MESSAGE][PASSED] - Delayed 2 second(s)

2018-12-20 16:41:31 - [TEST_STEP][PASSED] - Statement - Try: Delayed 2 second(s)

2018-12-20 16:41:31 - [TEST_STEP][PASSED] - Statement - Checker = false: null

2018-12-20 16:41:31 - [TEST_STEP][PASSED] - Statement - Checker = com.kms.katalon.core.webui.keyword.WebUiBuiltInKeywords.verifyElementHasAttribute(com.kms.katalon.core.testobject.ObjectRepository.findTestObject(Final Object Repo/Landing Page/BM Detecting), "href", 20, OPTIONAL): Object 'Object Repository/Final Object Repo/Landing Page/BM Detecting' has attribute 'href'

2018-12-20 16:41:31 - [MESSAGE][PASSED] - Object 'Object Repository/Final Object Repo/Landing Page/BM Detecting' has attribute 'href'

2018-12-20 16:41:31 - [TEST_STEP][PASSED] - Statement - out.println(Checker): null

2018-12-20 16:41:31 - [TEST_STEP][PASSED] - Statement - If (Checker == false): null

2018-12-20 16:41:31 - [TEST_STEP][PASSED] - Statement - Else: null

2018-12-20 16:41:31 - [TEST_STEP][PASSED] - delay: Delayed 2 second(s)

2018-12-20 16:41:33 - [MESSAGE][PASSED] - Delayed 2 second(s)

2018-12-20 16:41:33 - [TEST_STEP][PASSED] - click: Object: 'Object Repository/Final Object Repo/Page_MyASSIST - ASSIST - Search Pending Case For Add Supporting Document/Search Information' is clicked on

2018-12-20 16:41:33 - [MESSAGE][PASSED] - Object: 'Object Repository/Final Object Repo/Page_MyASSIST - ASSIST - Search Pending Case For Add Supporting Document/Search Information' is clicked on

2018-12-20 16:41:33 - [TEST_STEP][PASSED] - delay: Delayed 3 second(s)

2018-12-20 16:41:36 - [MESSAGE][PASSED] - Delayed 3 second(s)

2018-12-20 16:41:36 - [TEST_STEP][PASSED] - sendKeys: Keys 'ERN122018C200002557' sent to object: 'Object Repository/Final Object Repo/Page_MyASSIST - ASSIST - Search Pending Case For Add Supporting Document/Reference No'

2018-12-20 16:41:36 - [MESSAGE][PASSED] - Keys 'ERN122018C200002557' sent to object: 'Object Repository/Final Object Repo/Page_MyASSIST - ASSIST - Search Pending Case For Add Supporting Document/Reference No'

2018-12-20 16:41:36 - [TEST_STEP][PASSED] - click: Object: 'Object Repository/Final Object Repo/Page_MyASSIST - ASSIST - Search Pending Case For Add Supporting Document/Search Reference No' is clicked on

2018-12-20 16:41:36 - [MESSAGE][PASSED] - Object: 'Object Repository/Final Object Repo/Page_MyASSIST - ASSIST - Search Pending Case For Add Supporting Document/Search Reference No' is clicked on

2018-12-20 16:41:36 - [TEST_STEP][PASSED] - delay: Delayed 2 second(s)

2018-12-20 16:41:38 - [MESSAGE][PASSED] - Delayed 2 second(s)

2018-12-20 16:41:38 - [TEST_STEP][PASSED] - click: Object: 'Object Repository/Final Object Repo/Page_MyASSIST - ASSIST - Search Pending Case For Add Supporting Document/Continue' is clicked on

2018-12-20 16:41:42 - [MESSAGE][PASSED] - Object: 'Object Repository/Final Object Repo/Page_MyASSIST - ASSIST - Search Pending Case For Add Supporting Document/Continue' is clicked on

2018-12-20 16:41:42 - [TEST_STEP][PASSED] - delay: Delayed 20 second(s)

2018-12-20 16:42:02 - [MESSAGE][PASSED] - Delayed 20 second(s)

2018-12-20 16:42:02 - [MESSAGE][PASSED] - Call Test Case 'Test Cases/Final Aug 2018 - PKS Automation/Registration Module/Workflow/Login and Search Case For Workflow' successfully

2018-12-20 16:42:02 - [TEST_STEP][PASSED] - click: Object: 'Object Repository/Final Object Repo/Page_Form 3 EIS - Cessation as Employer/Page_Form 3 EIS - Cessation as Employer (Approve)/Save  Continue in Form 3 Page' is clicked on

2018-12-20 16:42:02 - [MESSAGE][PASSED] - Object: 'Object Repository/Final Object Repo/Page_Form 3 EIS - Cessation as Employer/Page_Form 3 EIS - Cessation as Employer (Approve)/Save  Continue in Form 3 Page' is clicked on

2018-12-20 16:42:02 - [TEST_STEP][PASSED] - delay: Delayed 2 second(s)

2018-12-20 16:42:04 - [MESSAGE][PASSED] - Delayed 2 second(s)

2018-12-20 16:42:04 - [TEST_STEP][PASSED] - click: Object: 'Object Repository/Final Object Repo/Page_Form 3 EIS - Cessation as Employer/Page_Form 3 EIS - Cessation as Employer (Approve)/Save  Continue in Resigned Page' is clicked on

2018-12-20 16:42:04 - [MESSAGE][PASSED] - Object: 'Object Repository/Final Object Repo/Page_Form 3 EIS - Cessation as Employer/Page_Form 3 EIS - Cessation as Employer (Approve)/Save  Continue in Resigned Page' is clicked on

2018-12-20 16:42:04 - [TEST_STEP][PASSED] - delay: Delayed 2 second(s)

2018-12-20 16:42:06 - [MESSAGE][PASSED] - Delayed 2 second(s)

2018-12-20 16:42:06 - [TEST_STEP][PASSED] - click: Object: 'Object Repository/Final Object Repo/Page_Form 3 EIS - Cessation as Employer/Page_Form 3 EIS - Cessation as Employer (Approve)/Save  Continue in Uploading Page' is clicked on

2018-12-20 16:42:07 - [MESSAGE][PASSED] - Object: 'Object Repository/Final Object Repo/Page_Form 3 EIS - Cessation as Employer/Page_Form 3 EIS - Cessation as Employer (Approve)/Save  Continue in Uploading Page' is clicked on

2018-12-20 16:42:07 - [TEST_STEP][PASSED] - delay: Delayed 2 second(s)

2018-12-20 16:42:09 - [MESSAGE][PASSED] - Delayed 2 second(s)

2018-12-20 16:42:09 - [TEST_STEP][PASSED] - click: Object: 'Object Repository/Final Object Repo/Page_Form 3 EIS - Cessation as Employer/Page_Form 3 EIS - Cessation as Employer (Under enforcement)/Underenforcement' is clicked on

2018-12-20 16:42:12 - [MESSAGE][PASSED] - Object: 'Object Repository/Final Object Repo/Page_Form 3 EIS - Cessation as Employer/Page_Form 3 EIS - Cessation as Employer (Under enforcement)/Underenforcement' is clicked on

2018-12-20 16:42:12 - [TEST_STEP][PASSED] - delay: Delayed 2 second(s)

2018-12-20 16:42:14 - [MESSAGE][PASSED] - Delayed 2 second(s)

2018-12-20 16:42:14 - [TEST_STEP][PASSED] - setText: Text 'Remark' is set on object 'Object Repository/Final Object Repo/Page_Form 3 EIS - Cessation as Employer/Page_Form 3 EIS - Cessation as Employer (Under enforcement)/Under enforcement - Remark'

2018-12-20 16:42:14 - [MESSAGE][PASSED] - Text 'Remark' is set on object 'Object Repository/Final Object Repo/Page_Form 3 EIS - Cessation as Employer/Page_Form 3 EIS - Cessation as Employer (Under enforcement)/Under enforcement - Remark'

2018-12-20 16:42:14 - [TEST_STEP][PASSED] - delay: Delayed 2 second(s)

2018-12-20 16:42:16 - [MESSAGE][PASSED] - Delayed 2 second(s)

2018-12-20 16:42:16 - [TEST_STEP][PASSED] - click: Object: 'Object Repository/Final Object Repo/Page_Form 3 EIS - Cessation as Employer/Page_Form 3 EIS - Cessation as Employer (Under enforcement)/Save  Continue in Under enforcement' is clicked on

2018-12-20 16:42:16 - [MESSAGE][PASSED] - Object: 'Object Repository/Final Object Repo/Page_Form 3 EIS - Cessation as Employer/Page_Form 3 EIS - Cessation as Employer (Under enforcement)/Save  Continue in Under enforcement' is clicked on

2018-12-20 16:42:16 - [TEST_STEP][PASSED] - doubleClick: Object: 'Object Repository/Final Object Repo/Page_Form 3 EIS - Cessation as Employer/Page_Form 3 EIS - Cessation as Employer (Under enforcement)/Message The case is under enforcement' is double clicked on

2018-12-20 16:42:20 - [MESSAGE][PASSED] - Object: 'Object Repository/Final Object Repo/Page_Form 3 EIS - Cessation as Employer/Page_Form 3 EIS - Cessation as Employer (Under enforcement)/Message The case is under enforcement' is double clicked on

2018-12-20 16:42:20 - [MESSAGE][PASSED] - Call Test Case 'Test Cases/Final Aug 2018 - PKS Automation/Registration Module/Workflow/Form 3 EIS - Cessation As Employer/Template/Form 3 A - Cessation As Employer (Under enforcement)' successfully]]></system-out>
         <system-err><![CDATA[]]></system-err>
      </testcase>
      <testcase name="Test Cases/Final Aug 2018 - PKS Automation/Registration Module/Workflow/Form 3 EIS - Cessation As Employer/OTC to UO (Approve)" classname="Test Cases/Final Aug 2018 - PKS Automation/Registration Module/Workflow/Form 3 EIS - Cessation As Employer/OTC to UO (Approve)" status="PASSED">
         <system-out><![CDATA[2018-12-20 16:42:20 - [TEST_CASE][PASSED] - Test Cases/Final Aug 2018 - PKS Automation/Registration Module/Workflow/Form 3 EIS - Cessation As Employer/OTC to UO (Approve): Test Cases/Final Aug 2018 - PKS Automation/Registration Module/Workflow/Form 3 EIS - Cessation As Employer/OTC to UO (Approve)

2018-12-20 16:42:21 - [TEST_STEP][PASSED] - callTestCase: Call Test Case 'Test Cases/Final Aug 2018 - PKS Automation/Registration Module/Workflow/Form 3 EIS - Cessation As Employer/Template/Form 3 A - Cessation As Employer (OTC)' successfully

2018-12-20 16:42:21 - [TEST_CASE][PASSED] - Test Cases/Final Aug 2018 - PKS Automation/Registration Module/Workflow/Form 3 EIS - Cessation As Employer/Template/Form 3 A - Cessation As Employer (OTC): Test Cases/Final Aug 2018 - PKS Automation/Registration Module/Workflow/Form 3 EIS - Cessation As Employer/Template/Form 3 A - Cessation As Employer (OTC)

2018-12-20 16:42:21 - [TEST_STEP][PASSED] - openBrowser: Browser is opened with url: ''

2018-12-20 16:42:21 - [MESSAGE][WARNING] - A browser is already opened. Closing browser and opening a new one

2018-12-20 16:42:24 - [MESSAGE][PASSED] - Browser is opened with url: ''

2018-12-20 16:42:24 - [TEST_STEP][PASSED] - navigateToUrl: Navigate to 'https://assist2-uat.perkeso.gov.my/login' successfully

2018-12-20 16:42:25 - [MESSAGE][PASSED] - Navigate to 'https://assist2-uat.perkeso.gov.my/login' successfully

2018-12-20 16:42:25 - [TEST_STEP][PASSED] - setText: Text 'johorotc1@gmail.com' is set on object 'Object Repository/Final Object Repo/Login Page/Internal User/Email Address'

2018-12-20 16:42:25 - [MESSAGE][PASSED] - Text 'johorotc1@gmail.com' is set on object 'Object Repository/Final Object Repo/Login Page/Internal User/Email Address'

2018-12-20 16:42:25 - [TEST_STEP][PASSED] - click: Object: 'Object Repository/Final Object Repo/Login Page/Internal User/Next Button' is clicked on

2018-12-20 16:42:25 - [MESSAGE][PASSED] - Object: 'Object Repository/Final Object Repo/Login Page/Internal User/Next Button' is clicked on

2018-12-20 16:42:25 - [TEST_STEP][PASSED] - delay: Delayed 1 second(s)

2018-12-20 16:42:26 - [MESSAGE][PASSED] - Delayed 1 second(s)

2018-12-20 16:42:26 - [TEST_STEP][PASSED] - setEncryptedText: Text ****** has been set on object 'Object Repository/Final Object Repo/Login Page/Internal User/Password'

2018-12-20 16:42:27 - [MESSAGE][PASSED] - Text ****** has been set on object 'Object Repository/Final Object Repo/Login Page/Internal User/Password'

2018-12-20 16:42:27 - [TEST_STEP][PASSED] - click: Object: 'Object Repository/Final Object Repo/Login Page/Internal User/Login Button' is clicked on

2018-12-20 16:42:27 - [MESSAGE][PASSED] - Object: 'Object Repository/Final Object Repo/Login Page/Internal User/Login Button' is clicked on

2018-12-20 16:42:27 - [TEST_STEP][PASSED] - delay: Delayed 1 second(s)

2018-12-20 16:42:28 - [MESSAGE][PASSED] - Delayed 1 second(s)

2018-12-20 16:42:28 - [TEST_STEP][PASSED] - Statement - Try: Delayed 2 second(s)

2018-12-20 16:42:28 - [TEST_STEP][PASSED] - Statement - Checker = false: null

2018-12-20 16:42:28 - [TEST_STEP][PASSED] - Statement - Checker = com.kms.katalon.core.webui.keyword.WebUiBuiltInKeywords.verifyElementHasAttribute(com.kms.katalon.core.testobject.ObjectRepository.findTestObject(Final Object Repo/Landing Page/BM Detecting), "href", 20, OPTIONAL): Object 'Object Repository/Final Object Repo/Landing Page/BM Detecting' has attribute 'href'

2018-12-20 16:42:29 - [MESSAGE][PASSED] - Object 'Object Repository/Final Object Repo/Landing Page/BM Detecting' has attribute 'href'

2018-12-20 16:42:29 - [TEST_STEP][PASSED] - Statement - out.println(Checker): null

2018-12-20 16:42:29 - [TEST_STEP][PASSED] - Statement - If (Checker == false): null

2018-12-20 16:42:29 - [TEST_STEP][PASSED] - Statement - Else: null

2018-12-20 16:42:29 - [TEST_STEP][PASSED] - delay: Delayed 2 second(s)

2018-12-20 16:42:31 - [MESSAGE][PASSED] - Delayed 2 second(s)

2018-12-20 16:42:31 - [TEST_STEP][PASSED] - navigateToUrl: Navigate to 'https://assist2-uat.perkeso.gov.my/web/registration/eis-update/form-3-eis-cessation-as-employer' successfully

2018-12-20 16:42:32 - [MESSAGE][PASSED] - Navigate to 'https://assist2-uat.perkeso.gov.my/web/registration/eis-update/form-3-eis-cessation-as-employer' successfully

2018-12-20 16:42:32 - [TEST_STEP][PASSED] - delay: Delayed 1 second(s)

2018-12-20 16:42:33 - [MESSAGE][PASSED] - Delayed 1 second(s)

2018-12-20 16:42:33 - [TEST_STEP][PASSED] - setText: Text 'E1102069769W' is set on object 'Object Repository/Final Object Repo/Page_Form 3 EIS - Cessation as Employer/Employer Code'

2018-12-20 16:42:33 - [MESSAGE][PASSED] - Text 'E1102069769W' is set on object 'Object Repository/Final Object Repo/Page_Form 3 EIS - Cessation as Employer/Employer Code'

2018-12-20 16:42:33 - [TEST_STEP][PASSED] - click: Object: 'Object Repository/Final Object Repo/Page_Form 3 EIS - Cessation as Employer/Search' is clicked on

2018-12-20 16:42:33 - [MESSAGE][PASSED] - Object: 'Object Repository/Final Object Repo/Page_Form 3 EIS - Cessation as Employer/Search' is clicked on

2018-12-20 16:42:33 - [TEST_STEP][PASSED] - click: Object: 'Object Repository/Final Object Repo/Page_Form 3 EIS - Cessation as Employer/Edit' is clicked on

2018-12-20 16:42:36 - [MESSAGE][PASSED] - Object: 'Object Repository/Final Object Repo/Page_Form 3 EIS - Cessation as Employer/Edit' is clicked on

2018-12-20 16:42:36 - [TEST_STEP][PASSED] - delay: Delayed 1 second(s)

2018-12-20 16:42:37 - [MESSAGE][PASSED] - Delayed 1 second(s)

2018-12-20 16:42:37 - [TEST_STEP][PASSED] - Statement - abc = com.kms.katalon.core.webui.keyword.WebUiBuiltInKeywords.getAttribute(com.kms.katalon.core.testobject.ObjectRepository.findTestObject(Final Object Repo/Page_Form 3 EIS - Cessation as Employer/Employer Status), "value"): Attribute 'value' of object 'Object Repository/Final Object Repo/Page_Form 3 EIS - Cessation as Employer/Employer Status' is: 'Active'

2018-12-20 16:42:37 - [MESSAGE][PASSED] - Attribute 'value' of object 'Object Repository/Final Object Repo/Page_Form 3 EIS - Cessation as Employer/Employer Status' is: 'Active'

2018-12-20 16:42:37 - [TEST_STEP][PASSED] - Statement - out.println(abc): null

2018-12-20 16:42:37 - [TEST_STEP][PASSED] - Statement - If (abc == "Active"): Object: 'Object Repository/Final Object Repo/Page_Form 3 EIS - Cessation as Employer/Dormant EIS' is clicked on

2018-12-20 16:42:37 - [TEST_STEP][PASSED] - click: Object: 'Object Repository/Final Object Repo/Page_Form 3 EIS - Cessation as Employer/Change Employer Status to' is clicked on

2018-12-20 16:42:37 - [MESSAGE][PASSED] - Object: 'Object Repository/Final Object Repo/Page_Form 3 EIS - Cessation as Employer/Change Employer Status to' is clicked on

2018-12-20 16:42:37 - [TEST_STEP][PASSED] - click: Object: 'Object Repository/Final Object Repo/Page_Form 3 EIS - Cessation as Employer/Dormant EIS' is clicked on

2018-12-20 16:42:37 - [MESSAGE][PASSED] - Object: 'Object Repository/Final Object Repo/Page_Form 3 EIS - Cessation as Employer/Dormant EIS' is clicked on

2018-12-20 16:42:37 - [TEST_STEP][PASSED] - click: Object: 'Object Repository/Final Object Repo/Page_Form 3 EIS - Cessation as Employer/Calender' is clicked on

2018-12-20 16:42:37 - [MESSAGE][PASSED] - Object: 'Object Repository/Final Object Repo/Page_Form 3 EIS - Cessation as Employer/Calender' is clicked on

2018-12-20 16:42:37 - [TEST_STEP][PASSED] - delay: Delayed 1 second(s)

2018-12-20 16:42:38 - [MESSAGE][PASSED] - Delayed 1 second(s)

2018-12-20 16:42:38 - [TEST_STEP][PASSED] - click: Object: 'Object Repository/Final Object Repo/Page_Form 3 EIS - Cessation as Employer/Calender - Date' is clicked on

2018-12-20 16:42:39 - [MESSAGE][PASSED] - Object: 'Object Repository/Final Object Repo/Page_Form 3 EIS - Cessation as Employer/Calender - Date' is clicked on

2018-12-20 16:42:39 - [TEST_STEP][PASSED] - click: Object: 'Object Repository/Final Object Repo/Page_Form 3 EIS - Cessation as Employer/Save  Continue in Form 3 EIS Page' is clicked on

2018-12-20 16:42:39 - [MESSAGE][PASSED] - Object: 'Object Repository/Final Object Repo/Page_Form 3 EIS - Cessation as Employer/Save  Continue in Form 3 EIS Page' is clicked on

2018-12-20 16:42:39 - [TEST_STEP][PASSED] - delay: Delayed 1 second(s)

2018-12-20 16:42:40 - [MESSAGE][PASSED] - Delayed 1 second(s)

2018-12-20 16:42:40 - [TEST_STEP][PASSED] - click: Object: 'Object Repository/Final Object Repo/Page_Form 3 EIS - Cessation as Employer/Employment Resign Date' is clicked on

2018-12-20 16:42:40 - [MESSAGE][PASSED] - Object: 'Object Repository/Final Object Repo/Page_Form 3 EIS - Cessation as Employer/Employment Resign Date' is clicked on

2018-12-20 16:42:40 - [TEST_STEP][PASSED] - selectOptionByValue: All options with value '2030' are selected in object 'Object Repository/Final Object Repo/Page_Form 3 EIS - Cessation as Employer/Employment Resign Date - Year' 

2018-12-20 16:42:41 - [MESSAGE][PASSED] - All options with value '2030' are selected in object 'Object Repository/Final Object Repo/Page_Form 3 EIS - Cessation as Employer/Employment Resign Date - Year' 

2018-12-20 16:42:41 - [TEST_STEP][PASSED] - delay: Delayed 2 second(s)

2018-12-20 16:42:43 - [MESSAGE][PASSED] - Delayed 2 second(s)

2018-12-20 16:42:43 - [TEST_STEP][PASSED] - click: Object: 'Object Repository/Final Object Repo/Page_Form 3 EIS - Cessation as Employer/Employment Resign Date - Year - Date' is clicked on

2018-12-20 16:42:43 - [MESSAGE][PASSED] - Object: 'Object Repository/Final Object Repo/Page_Form 3 EIS - Cessation as Employer/Employment Resign Date - Year - Date' is clicked on

2018-12-20 16:42:43 - [TEST_STEP][PASSED] - delay: Delayed 2 second(s)

2018-12-20 16:42:45 - [MESSAGE][PASSED] - Delayed 2 second(s)

2018-12-20 16:42:45 - [TEST_STEP][PASSED] - click: Object: 'Object Repository/Final Object Repo/Page_Form 3 EIS - Cessation as Employer/Save  Continue in Employment Resign Page' is clicked on

2018-12-20 16:42:45 - [MESSAGE][PASSED] - Object: 'Object Repository/Final Object Repo/Page_Form 3 EIS - Cessation as Employer/Save  Continue in Employment Resign Page' is clicked on

2018-12-20 16:42:45 - [TEST_STEP][PASSED] - delay: Delayed 2 second(s)

2018-12-20 16:42:47 - [MESSAGE][PASSED] - Delayed 2 second(s)

2018-12-20 16:42:47 - [TEST_STEP][PASSED] - click: Object: 'Object Repository/Final Object Repo/Page_Form 3 EIS - Cessation as Employer/Set Latest - Yes' is clicked on

2018-12-20 16:42:47 - [MESSAGE][PASSED] - Object: 'Object Repository/Final Object Repo/Page_Form 3 EIS - Cessation as Employer/Set Latest - Yes' is clicked on

2018-12-20 16:42:47 - [TEST_STEP][PASSED] - delay: Delayed 2 second(s)

2018-12-20 16:42:49 - [MESSAGE][PASSED] - Delayed 2 second(s)

2018-12-20 16:42:49 - [TEST_STEP][PASSED] - click: Object: 'Object Repository/Final Object Repo/Page_Form 3 EIS - Cessation as Employer/Add Document' is clicked on

2018-12-20 16:42:50 - [MESSAGE][PASSED] - Object: 'Object Repository/Final Object Repo/Page_Form 3 EIS - Cessation as Employer/Add Document' is clicked on

2018-12-20 16:42:50 - [TEST_STEP][PASSED] - delay: Delayed 3 second(s)

2018-12-20 16:42:53 - [MESSAGE][PASSED] - Delayed 3 second(s)

2018-12-20 16:42:53 - [TEST_STEP][PASSED] - click: Object: 'Object Repository/Final Object Repo/Page_Form 3 EIS - Cessation as Employer/Document Type' is clicked on

2018-12-20 16:42:53 - [MESSAGE][PASSED] - Object: 'Object Repository/Final Object Repo/Page_Form 3 EIS - Cessation as Employer/Document Type' is clicked on

2018-12-20 16:42:53 - [TEST_STEP][PASSED] - click: Object: 'Object Repository/Final Object Repo/Page_Form 3 EIS - Cessation as Employer/Document Type - Form 3' is clicked on

2018-12-20 16:42:53 - [MESSAGE][PASSED] - Object: 'Object Repository/Final Object Repo/Page_Form 3 EIS - Cessation as Employer/Document Type - Form 3' is clicked on

2018-12-20 16:42:53 - [TEST_STEP][PASSED] - delay: Delayed 2 second(s)

2018-12-20 16:42:55 - [MESSAGE][PASSED] - Delayed 2 second(s)

2018-12-20 16:42:55 - [TEST_STEP][PASSED] - sendKeys: Keys 'C:\Users\Public\Pictures\Sample Pictures\Koala.jpg' sent to object: 'Object Repository/Final Object Repo/Page_Form 3 EIS - Cessation as Employer/ploading File'

2018-12-20 16:42:56 - [MESSAGE][PASSED] - Keys 'C:\Users\Public\Pictures\Sample Pictures\Koala.jpg' sent to object: 'Object Repository/Final Object Repo/Page_Form 3 EIS - Cessation as Employer/ploading File'

2018-12-20 16:42:56 - [TEST_STEP][PASSED] - delay: Delayed 1 second(s)

2018-12-20 16:42:57 - [MESSAGE][PASSED] - Delayed 1 second(s)

2018-12-20 16:42:57 - [TEST_STEP][PASSED] - click: Object: 'Object Repository/Final Object Repo/Page_Form 3 EIS - Cessation as Employer/Add Document in Uploading Page' is clicked on

2018-12-20 16:42:57 - [MESSAGE][PASSED] - Object: 'Object Repository/Final Object Repo/Page_Form 3 EIS - Cessation as Employer/Add Document in Uploading Page' is clicked on

2018-12-20 16:42:57 - [TEST_STEP][PASSED] - delay: Delayed 2 second(s)

2018-12-20 16:42:59 - [MESSAGE][PASSED] - Delayed 2 second(s)

2018-12-20 16:42:59 - [TEST_STEP][PASSED] - Statement - CaseReferenceNo = com.kms.katalon.core.webui.keyword.WebUiBuiltInKeywords.getText(com.kms.katalon.core.testobject.ObjectRepository.findTestObject(Final Object Repo/Page_Update Employer Information/Reference Number in Update Employee Information Page)): Text of object 'Object Repository/Final Object Repo/Page_Update Employer Information/Reference Number in Update Employee Information Page' is: 'ERN122018C200002558'

2018-12-20 16:43:00 - [MESSAGE][PASSED] - Text of object 'Object Repository/Final Object Repo/Page_Update Employer Information/Reference Number in Update Employee Information Page' is: 'ERN122018C200002558'

2018-12-20 16:43:00 - [TEST_STEP][PASSED] - callTestCase: Call Test Case 'Test Cases/Final Aug 2018 - PKS Automation/Common/Reference Number Setter' successfully

2018-12-20 16:43:00 - [TEST_CASE][PASSED] - Test Cases/Final Aug 2018 - PKS Automation/Common/Reference Number Setter: Test Cases/Final Aug 2018 - PKS Automation/Common/Reference Number Setter

2018-12-20 16:43:00 - [TEST_STEP][PASSED] - Statement - RefNoOldFile = new java.io.File(C://Users//Admin//Desktop//PKS//Automation Reference Point//KatalonReference.txt): null

2018-12-20 16:43:00 - [TEST_STEP][PASSED] - Statement - RefNoOldFile.delete(): null

2018-12-20 16:43:00 - [TEST_STEP][PASSED] - delay: Delayed 5 second(s)

2018-12-20 16:43:05 - [MESSAGE][PASSED] - Delayed 5 second(s)

2018-12-20 16:43:05 - [TEST_STEP][PASSED] - Statement - RefNo = new java.io.File(C://Users//Admin//Desktop//PKS//Automation Reference Point//KatalonReference.txt): null

2018-12-20 16:43:05 - [TEST_STEP][PASSED] - Statement - f2 = new java.io.FileWriter(RefNo, false): null

2018-12-20 16:43:05 - [TEST_STEP][PASSED] - Statement - f2.write(CaseReferenceNo): null

2018-12-20 16:43:05 - [TEST_STEP][PASSED] - Statement - f2.close(): null

2018-12-20 16:43:05 - [TEST_STEP][PASSED] - Statement - out.println("


" + CaseReferenceNo + "


"): null

2018-12-20 16:43:05 - [MESSAGE][PASSED] - Call Test Case 'Test Cases/Final Aug 2018 - PKS Automation/Common/Reference Number Setter' successfully

2018-12-20 16:43:05 - [TEST_STEP][PASSED] - delay: Delayed 2 second(s)

2018-12-20 16:43:07 - [MESSAGE][PASSED] - Delayed 2 second(s)

2018-12-20 16:43:07 - [TEST_STEP][PASSED] - click: Object: 'Object Repository/Final Object Repo/Page_Form 3 EIS - Cessation as Employer/Save  Continue in Uploading Page' is clicked on

2018-12-20 16:43:08 - [MESSAGE][PASSED] - Object: 'Object Repository/Final Object Repo/Page_Form 3 EIS - Cessation as Employer/Save  Continue in Uploading Page' is clicked on

2018-12-20 16:43:08 - [TEST_STEP][PASSED] - delay: Delayed 2 second(s)

2018-12-20 16:43:10 - [MESSAGE][PASSED] - Delayed 2 second(s)

2018-12-20 16:43:10 - [TEST_STEP][PASSED] - click: Object: 'Object Repository/Final Object Repo/Page_Form 3 EIS - Cessation as Employer/Submit' is clicked on

2018-12-20 16:43:12 - [MESSAGE][PASSED] - Object: 'Object Repository/Final Object Repo/Page_Form 3 EIS - Cessation as Employer/Submit' is clicked on

2018-12-20 16:43:12 - [TEST_STEP][PASSED] - delay: Delayed 2 second(s)

2018-12-20 16:43:14 - [MESSAGE][PASSED] - Delayed 2 second(s)

2018-12-20 16:43:14 - [TEST_STEP][PASSED] - click: Object: 'Object Repository/Final Object Repo/Page_Form 3 EIS - Cessation as Employer/Confirm' is clicked on

2018-12-20 16:43:15 - [MESSAGE][PASSED] - Object: 'Object Repository/Final Object Repo/Page_Form 3 EIS - Cessation as Employer/Confirm' is clicked on

2018-12-20 16:43:15 - [TEST_STEP][PASSED] - delay: Delayed 2 second(s)

2018-12-20 16:43:17 - [MESSAGE][PASSED] - Delayed 2 second(s)

2018-12-20 16:43:17 - [TEST_STEP][PASSED] - click: Object: 'Object Repository/Final Object Repo/Page_Form 3 EIS - Cessation as Employer/Message Your Request will be routed to UO' is clicked on

2018-12-20 16:43:21 - [MESSAGE][PASSED] - Object: 'Object Repository/Final Object Repo/Page_Form 3 EIS - Cessation as Employer/Message Your Request will be routed to UO' is clicked on

2018-12-20 16:43:21 - [TEST_STEP][PASSED] - click: Object: 'Object Repository/Final Object Repo/Page_Form 3 EIS - Cessation as Employer/Letter of acknowledgement' is clicked on

2018-12-20 16:43:21 - [MESSAGE][PASSED] - Object: 'Object Repository/Final Object Repo/Page_Form 3 EIS - Cessation as Employer/Letter of acknowledgement' is clicked on

2018-12-20 16:43:21 - [MESSAGE][PASSED] - Call Test Case 'Test Cases/Final Aug 2018 - PKS Automation/Registration Module/Workflow/Form 3 EIS - Cessation As Employer/Template/Form 3 A - Cessation As Employer (OTC)' successfully

2018-12-20 16:43:21 - [TEST_STEP][PASSED] - callTestCase: Call Test Case 'Test Cases/Final Aug 2018 - PKS Automation/Registration Module/Workflow/Form 3 EIS - Cessation As Employer/Template/Form 3 A - Cessation As Employer (Approve)' successfully

2018-12-20 16:43:21 - [TEST_CASE][PASSED] - Test Cases/Final Aug 2018 - PKS Automation/Registration Module/Workflow/Form 3 EIS - Cessation As Employer/Template/Form 3 A - Cessation As Employer (Approve): Test Cases/Final Aug 2018 - PKS Automation/Registration Module/Workflow/Form 3 EIS - Cessation As Employer/Template/Form 3 A - Cessation As Employer (Approve)

2018-12-20 16:43:21 - [TEST_STEP][NOT_RUN] - callTestCase: NOT_RUN: callTestCase

2018-12-20 16:43:21 - [MESSAGE][NOT_RUN] - NOT_RUN: callTestCase

2018-12-20 16:43:21 - [TEST_STEP][PASSED] - delay: Delayed 1 second(s)

2018-12-20 16:43:22 - [MESSAGE][PASSED] - Delayed 1 second(s)

2018-12-20 16:43:22 - [TEST_STEP][PASSED] - navigateToUrl: Navigate to 'https://assist2-uat.perkeso.gov.my/c/portal/logout' successfully

2018-12-20 16:43:23 - [MESSAGE][PASSED] - Navigate to 'https://assist2-uat.perkeso.gov.my/c/portal/logout' successfully

2018-12-20 16:43:23 - [TEST_STEP][PASSED] - delay: Delayed 1 second(s)

2018-12-20 16:43:24 - [MESSAGE][PASSED] - Delayed 1 second(s)

2018-12-20 16:43:24 - [TEST_STEP][PASSED] - callTestCase: Call Test Case 'Test Cases/Final Aug 2018 - PKS Automation/Common/Reference Number Getter' successfully

2018-12-20 16:43:24 - [TEST_CASE][PASSED] - Test Cases/Final Aug 2018 - PKS Automation/Common/Reference Number Getter: Test Cases/Final Aug 2018 - PKS Automation/Common/Reference Number Getter

2018-12-20 16:43:24 - [TEST_STEP][PASSED] - Statement - Try: null

2018-12-20 16:43:24 - [TEST_STEP][PASSED] - Statement - RefNo = new java.io.File(C://Users//Admin//Desktop//PKS//Automation Reference Point//KatalonReference.txt): null

2018-12-20 16:43:24 - [TEST_STEP][PASSED] - Statement - bufferread = new java.io.BufferedReader(new java.io.FileReader(RefNo)): null

2018-12-20 16:43:24 - [TEST_STEP][PASSED] - Statement - readedVal = bufferread.readLine(): null

2018-12-20 16:43:24 - [TEST_STEP][PASSED] - Statement - out.println(CaseReferenceNo): null

2018-12-20 16:43:24 - [TEST_STEP][PASSED] - Statement - out.println(readedVal): null

2018-12-20 16:43:24 - [TEST_STEP][PASSED] - Statement - CaseReferenceNo = "": null

2018-12-20 16:43:24 - [TEST_STEP][PASSED] - Statement - CaseReferenceNo = readedVal: null

2018-12-20 16:43:24 - [MESSAGE][PASSED] - Call Test Case 'Test Cases/Final Aug 2018 - PKS Automation/Common/Reference Number Getter' successfully

2018-12-20 16:43:24 - [TEST_STEP][PASSED] - callTestCase: Call Test Case 'Test Cases/Final Aug 2018 - PKS Automation/Common/Workflow Owner Finder' successfully

2018-12-20 16:43:24 - [TEST_CASE][PASSED] - Test Cases/Final Aug 2018 - PKS Automation/Common/Workflow Owner Finder: Test Cases/Final Aug 2018 - PKS Automation/Common/Workflow Owner Finder

2018-12-20 16:43:24 - [TEST_STEP][PASSED] - openBrowser: Browser is opened with url: ''

2018-12-20 16:43:24 - [MESSAGE][WARNING] - A browser is already opened. Closing browser and opening a new one

2018-12-20 16:43:27 - [MESSAGE][PASSED] - Browser is opened with url: ''

2018-12-20 16:43:27 - [TEST_STEP][PASSED] - navigateToUrl: Navigate to 'https://assist2-uat.perkeso.gov.my/login' successfully

2018-12-20 16:43:28 - [MESSAGE][PASSED] - Navigate to 'https://assist2-uat.perkeso.gov.my/login' successfully

2018-12-20 16:43:28 - [TEST_STEP][PASSED] - delay: Delayed 5 second(s)

2018-12-20 16:43:33 - [MESSAGE][PASSED] - Delayed 5 second(s)

2018-12-20 16:43:33 - [TEST_STEP][PASSED] - setText: Text 'test@liferay.com' is set on object 'Object Repository/Final Object Repo/Login Page/Internal User/Email Address'

2018-12-20 16:43:34 - [MESSAGE][PASSED] - Text 'test@liferay.com' is set on object 'Object Repository/Final Object Repo/Login Page/Internal User/Email Address'

2018-12-20 16:43:34 - [TEST_STEP][PASSED] - click: Object: 'Object Repository/Final Object Repo/Login Page/Internal User/Next Button' is clicked on

2018-12-20 16:43:34 - [MESSAGE][PASSED] - Object: 'Object Repository/Final Object Repo/Login Page/Internal User/Next Button' is clicked on

2018-12-20 16:43:34 - [TEST_STEP][PASSED] - delay: Delayed 2 second(s)

2018-12-20 16:43:36 - [MESSAGE][PASSED] - Delayed 2 second(s)

2018-12-20 16:43:36 - [TEST_STEP][PASSED] - setText: Text 'test' is set on object 'Object Repository/Final Object Repo/Login Page/Internal User/Password'

2018-12-20 16:43:36 - [MESSAGE][PASSED] - Text 'test' is set on object 'Object Repository/Final Object Repo/Login Page/Internal User/Password'

2018-12-20 16:43:36 - [TEST_STEP][PASSED] - delay: Delayed 2 second(s)

2018-12-20 16:43:38 - [MESSAGE][PASSED] - Delayed 2 second(s)

2018-12-20 16:43:38 - [TEST_STEP][PASSED] - click: Object: 'Object Repository/Final Object Repo/Login Page/Internal User/Login Button' is clicked on

2018-12-20 16:43:38 - [MESSAGE][PASSED] - Object: 'Object Repository/Final Object Repo/Login Page/Internal User/Login Button' is clicked on

2018-12-20 16:43:38 - [TEST_STEP][PASSED] - Statement - tester = com.kms.katalon.core.testobject.ObjectRepository.findTestObject(Final Object Repo/Landing Page/Select to English): Finding Test Object with id 'Object Repository/Final Object Repo/Landing Page/Select to English'

2018-12-20 16:43:38 - [TEST_STEP][PASSED] - Statement - Try: Delayed 2 second(s)

2018-12-20 16:43:38 - [TEST_STEP][PASSED] - Statement - Checker = com.kms.katalon.core.webui.keyword.WebUiBuiltInKeywords.verifyElementNotPresent(tester, 3): Web element with id: 'Object Repository/Final Object Repo/Landing Page/Select to English' located by 'By.xpath: //a[@class = 'taglib-language-list-text' and @lang = 'en-US' and (contains(text(), 'EN') or contains(., 'EN'))]' is not present after '3' second(s)

2018-12-20 16:43:40 - [MESSAGE][PASSED] - Web element with id: 'Object Repository/Final Object Repo/Landing Page/Select to English' located by 'By.xpath: //a[@class = 'taglib-language-list-text' and @lang = 'en-US' and (contains(text(), 'EN') or contains(., 'EN'))]' is not present after '3' second(s)

2018-12-20 16:43:40 - [TEST_STEP][PASSED] - Statement - If (Checker == false): null

2018-12-20 16:43:40 - [TEST_STEP][PASSED] - delay: Delayed 2 second(s)

2018-12-20 16:43:42 - [MESSAGE][PASSED] - Delayed 2 second(s)

2018-12-20 16:43:42 - [TEST_STEP][PASSED] - delay: Delayed 5 second(s)

2018-12-20 16:43:47 - [MESSAGE][PASSED] - Delayed 5 second(s)

2018-12-20 16:43:47 - [TEST_STEP][PASSED] - mouseOver: Object: 'Object Repository/Final Object Repo/Landing Page/WorkFlow Menu' is hovered

2018-12-20 16:43:47 - [MESSAGE][PASSED] - Object: 'Object Repository/Final Object Repo/Landing Page/WorkFlow Menu' is hovered

2018-12-20 16:43:47 - [TEST_STEP][PASSED] - delay: Delayed 2 second(s)

2018-12-20 16:43:49 - [MESSAGE][PASSED] - Delayed 2 second(s)

2018-12-20 16:43:49 - [TEST_STEP][PASSED] - click: Object: 'Object Repository/Final Object Repo/Landing Page/Select to Workflow Listing' is clicked on

2018-12-20 16:43:50 - [MESSAGE][PASSED] - Object: 'Object Repository/Final Object Repo/Landing Page/Select to Workflow Listing' is clicked on

2018-12-20 16:43:50 - [TEST_STEP][PASSED] - delay: Delayed 2 second(s)

2018-12-20 16:43:52 - [MESSAGE][PASSED] - Delayed 2 second(s)

2018-12-20 16:43:52 - [TEST_STEP][PASSED] - click: Object: 'Object Repository/Final Object Repo/WorkFlow Listing Page/Search Information - To Put Ref No' is clicked on

2018-12-20 16:43:53 - [MESSAGE][PASSED] - Object: 'Object Repository/Final Object Repo/WorkFlow Listing Page/Search Information - To Put Ref No' is clicked on

2018-12-20 16:43:53 - [TEST_STEP][PASSED] - delay: Delayed 2 second(s)

2018-12-20 16:43:55 - [MESSAGE][PASSED] - Delayed 2 second(s)

2018-12-20 16:43:55 - [TEST_STEP][PASSED] - callTestCase: Call Test Case 'Test Cases/Final Aug 2018 - PKS Automation/Common/Reference Number Getter' successfully

2018-12-20 16:43:55 - [TEST_CASE][PASSED] - Test Cases/Final Aug 2018 - PKS Automation/Common/Reference Number Getter: Test Cases/Final Aug 2018 - PKS Automation/Common/Reference Number Getter

2018-12-20 16:43:55 - [TEST_STEP][PASSED] - Statement - Try: null

2018-12-20 16:43:55 - [TEST_STEP][PASSED] - Statement - RefNo = new java.io.File(C://Users//Admin//Desktop//PKS//Automation Reference Point//KatalonReference.txt): null

2018-12-20 16:43:55 - [TEST_STEP][PASSED] - Statement - bufferread = new java.io.BufferedReader(new java.io.FileReader(RefNo)): null

2018-12-20 16:43:55 - [TEST_STEP][PASSED] - Statement - readedVal = bufferread.readLine(): null

2018-12-20 16:43:55 - [TEST_STEP][PASSED] - Statement - out.println(CaseReferenceNo): null

2018-12-20 16:43:55 - [TEST_STEP][PASSED] - Statement - out.println(readedVal): null

2018-12-20 16:43:55 - [TEST_STEP][PASSED] - Statement - CaseReferenceNo = "": null

2018-12-20 16:43:55 - [TEST_STEP][PASSED] - Statement - CaseReferenceNo = readedVal: null

2018-12-20 16:43:55 - [MESSAGE][PASSED] - Call Test Case 'Test Cases/Final Aug 2018 - PKS Automation/Common/Reference Number Getter' successfully

2018-12-20 16:43:55 - [TEST_STEP][PASSED] - setText: Text 'ERN122018C200002558' is set on object 'Object Repository/Final Object Repo/WorkFlow Listing Page/Ref No Set Text'

2018-12-20 16:43:55 - [MESSAGE][PASSED] - Text 'ERN122018C200002558' is set on object 'Object Repository/Final Object Repo/WorkFlow Listing Page/Ref No Set Text'

2018-12-20 16:43:55 - [TEST_STEP][PASSED] - delay: Delayed 2 second(s)

2018-12-20 16:43:57 - [MESSAGE][PASSED] - Delayed 2 second(s)

2018-12-20 16:43:57 - [TEST_STEP][PASSED] - click: Object: 'Object Repository/Final Object Repo/WorkFlow Listing Page/Search Ref No Search Button' is clicked on

2018-12-20 16:43:57 - [MESSAGE][PASSED] - Object: 'Object Repository/Final Object Repo/WorkFlow Listing Page/Search Ref No Search Button' is clicked on

2018-12-20 16:43:57 - [TEST_STEP][PASSED] - delay: Delayed 6 second(s)

2018-12-20 16:44:03 - [MESSAGE][PASSED] - Delayed 6 second(s)

2018-12-20 16:44:03 - [TEST_STEP][PASSED] - click: Object: 'Object Repository/Final Object Repo/WorkFlow Listing Page/Click Continue Tooltip' is clicked on

2018-12-20 16:44:04 - [MESSAGE][PASSED] - Object: 'Object Repository/Final Object Repo/WorkFlow Listing Page/Click Continue Tooltip' is clicked on

2018-12-20 16:44:04 - [TEST_STEP][PASSED] - delay: Delayed 5 second(s)

2018-12-20 16:44:09 - [MESSAGE][PASSED] - Delayed 5 second(s)

2018-12-20 16:44:09 - [TEST_STEP][PASSED] - doubleClick: Object: 'Object Repository/Final Object Repo/WorkFlow Listing Page/Workflow Found - Listing 1' is double clicked on

2018-12-20 16:44:10 - [MESSAGE][PASSED] - Object: 'Object Repository/Final Object Repo/WorkFlow Listing Page/Workflow Found - Listing 1' is double clicked on

2018-12-20 16:44:10 - [TEST_STEP][PASSED] - Statement - println(OwnerID): null

2018-12-20 16:44:10 - [TEST_STEP][PASSED] - Statement - OwnerID = com.kms.katalon.core.webui.keyword.WebUiBuiltInKeywords.getText(com.kms.katalon.core.testobject.ObjectRepository.findTestObject(Final Object Repo/WorkFlow Listing Page/Workflow Found - Listing 1), STOP_ON_FAILURE): Text of object 'Object Repository/Final Object Repo/WorkFlow Listing Page/Workflow Found - Listing 1' is: 'JOHORuo3'

2018-12-20 16:44:10 - [MESSAGE][PASSED] - Text of object 'Object Repository/Final Object Repo/WorkFlow Listing Page/Workflow Found - Listing 1' is: 'JOHORuo3'

2018-12-20 16:44:10 - [TEST_STEP][PASSED] - Statement - OwnerID = OwnerID.toLowerCase() + "@gmail.com": null

2018-12-20 16:44:10 - [TEST_STEP][PASSED] - Statement - println(OwnerID): null

2018-12-20 16:44:10 - [TEST_STEP][PASSED] - delay: Delayed 2 second(s)

2018-12-20 16:44:12 - [MESSAGE][PASSED] - Delayed 2 second(s)

2018-12-20 16:44:12 - [MESSAGE][PASSED] - Call Test Case 'Test Cases/Final Aug 2018 - PKS Automation/Common/Workflow Owner Finder' successfully

2018-12-20 16:44:12 - [TEST_STEP][PASSED] - delay: Delayed 1 second(s)

2018-12-20 16:44:13 - [MESSAGE][PASSED] - Delayed 1 second(s)

2018-12-20 16:44:13 - [TEST_STEP][PASSED] - navigateToUrl: Navigate to 'https://assist2-uat.perkeso.gov.my/c/portal/logout' successfully

2018-12-20 16:44:14 - [MESSAGE][PASSED] - Navigate to 'https://assist2-uat.perkeso.gov.my/c/portal/logout' successfully

2018-12-20 16:44:14 - [TEST_STEP][PASSED] - delay: Delayed 1 second(s)

2018-12-20 16:44:15 - [MESSAGE][PASSED] - Delayed 1 second(s)

2018-12-20 16:44:15 - [TEST_STEP][PASSED] - callTestCase: Call Test Case 'Test Cases/Final Aug 2018 - PKS Automation/Registration Module/Workflow/Login and Search Case For Workflow' successfully

2018-12-20 16:44:15 - [TEST_CASE][PASSED] - Test Cases/Final Aug 2018 - PKS Automation/Registration Module/Workflow/Login and Search Case For Workflow: Test Cases/Final Aug 2018 - PKS Automation/Registration Module/Workflow/Login and Search Case For Workflow

2018-12-20 16:44:15 - [TEST_STEP][PASSED] - navigateToUrl: Navigate to 'https://assist2-uat.perkeso.gov.my/login' successfully

2018-12-20 16:44:15 - [MESSAGE][PASSED] - Navigate to 'https://assist2-uat.perkeso.gov.my/login' successfully

2018-12-20 16:44:15 - [TEST_STEP][PASSED] - setText: Text 'johoruo3@gmail.com' is set on object 'Object Repository/Final Object Repo/Login Page/Internal User/Email Address'

2018-12-20 16:44:16 - [MESSAGE][PASSED] - Text 'johoruo3@gmail.com' is set on object 'Object Repository/Final Object Repo/Login Page/Internal User/Email Address'

2018-12-20 16:44:16 - [TEST_STEP][PASSED] - click: Object: 'Object Repository/Final Object Repo/Login Page/Internal User/Next Button' is clicked on

2018-12-20 16:44:16 - [MESSAGE][PASSED] - Object: 'Object Repository/Final Object Repo/Login Page/Internal User/Next Button' is clicked on

2018-12-20 16:44:16 - [TEST_STEP][PASSED] - delay: Delayed 1 second(s)

2018-12-20 16:44:17 - [MESSAGE][PASSED] - Delayed 1 second(s)

2018-12-20 16:44:17 - [TEST_STEP][PASSED] - setEncryptedText: Text ****** has been set on object 'Object Repository/Final Object Repo/Login Page/Internal User/Password'

2018-12-20 16:44:17 - [MESSAGE][PASSED] - Text ****** has been set on object 'Object Repository/Final Object Repo/Login Page/Internal User/Password'

2018-12-20 16:44:17 - [TEST_STEP][PASSED] - click: Object: 'Object Repository/Final Object Repo/Login Page/Internal User/Login Button' is clicked on

2018-12-20 16:44:17 - [MESSAGE][PASSED] - Object: 'Object Repository/Final Object Repo/Login Page/Internal User/Login Button' is clicked on

2018-12-20 16:44:17 - [TEST_STEP][PASSED] - delay: Delayed 2 second(s)

2018-12-20 16:44:19 - [MESSAGE][PASSED] - Delayed 2 second(s)

2018-12-20 16:44:19 - [TEST_STEP][PASSED] - Statement - Try: Delayed 2 second(s)

2018-12-20 16:44:19 - [TEST_STEP][PASSED] - Statement - Checker = false: null

2018-12-20 16:44:19 - [TEST_STEP][PASSED] - Statement - Checker = com.kms.katalon.core.webui.keyword.WebUiBuiltInKeywords.verifyElementHasAttribute(com.kms.katalon.core.testobject.ObjectRepository.findTestObject(Final Object Repo/Landing Page/BM Detecting), "href", 20, OPTIONAL): Object 'Object Repository/Final Object Repo/Landing Page/BM Detecting' has attribute 'href'

2018-12-20 16:44:19 - [MESSAGE][PASSED] - Object 'Object Repository/Final Object Repo/Landing Page/BM Detecting' has attribute 'href'

2018-12-20 16:44:19 - [TEST_STEP][PASSED] - Statement - out.println(Checker): null

2018-12-20 16:44:19 - [TEST_STEP][PASSED] - Statement - If (Checker == false): null

2018-12-20 16:44:19 - [TEST_STEP][PASSED] - Statement - Else: null

2018-12-20 16:44:19 - [TEST_STEP][PASSED] - delay: Delayed 2 second(s)

2018-12-20 16:44:21 - [MESSAGE][PASSED] - Delayed 2 second(s)

2018-12-20 16:44:21 - [TEST_STEP][PASSED] - click: Object: 'Object Repository/Final Object Repo/Page_MyASSIST - ASSIST - Search Pending Case For Add Supporting Document/Search Information' is clicked on

2018-12-20 16:44:21 - [MESSAGE][PASSED] - Object: 'Object Repository/Final Object Repo/Page_MyASSIST - ASSIST - Search Pending Case For Add Supporting Document/Search Information' is clicked on

2018-12-20 16:44:21 - [TEST_STEP][PASSED] - delay: Delayed 3 second(s)

2018-12-20 16:44:24 - [MESSAGE][PASSED] - Delayed 3 second(s)

2018-12-20 16:44:24 - [TEST_STEP][PASSED] - sendKeys: Keys 'ERN122018C200002558' sent to object: 'Object Repository/Final Object Repo/Page_MyASSIST - ASSIST - Search Pending Case For Add Supporting Document/Reference No'

2018-12-20 16:44:25 - [MESSAGE][PASSED] - Keys 'ERN122018C200002558' sent to object: 'Object Repository/Final Object Repo/Page_MyASSIST - ASSIST - Search Pending Case For Add Supporting Document/Reference No'

2018-12-20 16:44:25 - [TEST_STEP][PASSED] - click: Object: 'Object Repository/Final Object Repo/Page_MyASSIST - ASSIST - Search Pending Case For Add Supporting Document/Search Reference No' is clicked on

2018-12-20 16:44:25 - [MESSAGE][PASSED] - Object: 'Object Repository/Final Object Repo/Page_MyASSIST - ASSIST - Search Pending Case For Add Supporting Document/Search Reference No' is clicked on

2018-12-20 16:44:25 - [TEST_STEP][PASSED] - delay: Delayed 2 second(s)

2018-12-20 16:44:27 - [MESSAGE][PASSED] - Delayed 2 second(s)

2018-12-20 16:44:27 - [TEST_STEP][PASSED] - click: Object: 'Object Repository/Final Object Repo/Page_MyASSIST - ASSIST - Search Pending Case For Add Supporting Document/Continue' is clicked on

2018-12-20 16:44:30 - [MESSAGE][PASSED] - Object: 'Object Repository/Final Object Repo/Page_MyASSIST - ASSIST - Search Pending Case For Add Supporting Document/Continue' is clicked on

2018-12-20 16:44:30 - [TEST_STEP][PASSED] - delay: Delayed 20 second(s)

2018-12-20 16:44:50 - [MESSAGE][PASSED] - Delayed 20 second(s)

2018-12-20 16:44:50 - [MESSAGE][PASSED] - Call Test Case 'Test Cases/Final Aug 2018 - PKS Automation/Registration Module/Workflow/Login and Search Case For Workflow' successfully

2018-12-20 16:44:50 - [TEST_STEP][PASSED] - click: Object: 'Object Repository/Final Object Repo/Page_Form 3 EIS - Cessation as Employer/Page_Form 3 EIS - Cessation as Employer (Approve)/Save  Continue in Form 3 Page' is clicked on

2018-12-20 16:44:51 - [MESSAGE][PASSED] - Object: 'Object Repository/Final Object Repo/Page_Form 3 EIS - Cessation as Employer/Page_Form 3 EIS - Cessation as Employer (Approve)/Save  Continue in Form 3 Page' is clicked on

2018-12-20 16:44:51 - [TEST_STEP][PASSED] - delay: Delayed 2 second(s)

2018-12-20 16:44:53 - [MESSAGE][PASSED] - Delayed 2 second(s)

2018-12-20 16:44:53 - [TEST_STEP][PASSED] - click: Object: 'Object Repository/Final Object Repo/Page_Form 3 EIS - Cessation as Employer/Page_Form 3 EIS - Cessation as Employer (Approve)/Save  Continue in Resigned Page' is clicked on

2018-12-20 16:44:53 - [MESSAGE][PASSED] - Object: 'Object Repository/Final Object Repo/Page_Form 3 EIS - Cessation as Employer/Page_Form 3 EIS - Cessation as Employer (Approve)/Save  Continue in Resigned Page' is clicked on

2018-12-20 16:44:53 - [TEST_STEP][PASSED] - delay: Delayed 2 second(s)

2018-12-20 16:44:55 - [MESSAGE][PASSED] - Delayed 2 second(s)

2018-12-20 16:44:55 - [TEST_STEP][PASSED] - click: Object: 'Object Repository/Final Object Repo/Page_Form 3 EIS - Cessation as Employer/Page_Form 3 EIS - Cessation as Employer (Approve)/Save  Continue in Uploading Page' is clicked on

2018-12-20 16:44:56 - [MESSAGE][PASSED] - Object: 'Object Repository/Final Object Repo/Page_Form 3 EIS - Cessation as Employer/Page_Form 3 EIS - Cessation as Employer (Approve)/Save  Continue in Uploading Page' is clicked on

2018-12-20 16:44:56 - [TEST_STEP][PASSED] - delay: Delayed 2 second(s)

2018-12-20 16:44:58 - [MESSAGE][PASSED] - Delayed 2 second(s)

2018-12-20 16:44:58 - [TEST_STEP][PASSED] - click: Object: 'Object Repository/Final Object Repo/Page_Form 3 EIS - Cessation as Employer/Page_Form 3 EIS - Cessation as Employer (Approve)/Approve' is clicked on

2018-12-20 16:45:00 - [MESSAGE][PASSED] - Object: 'Object Repository/Final Object Repo/Page_Form 3 EIS - Cessation as Employer/Page_Form 3 EIS - Cessation as Employer (Approve)/Approve' is clicked on

2018-12-20 16:45:00 - [TEST_STEP][PASSED] - delay: Delayed 2 second(s)

2018-12-20 16:45:02 - [MESSAGE][PASSED] - Delayed 2 second(s)

2018-12-20 16:45:02 - [TEST_STEP][PASSED] - click: Object: 'Object Repository/Final Object Repo/Page_Form 3 EIS - Cessation as Employer/Page_Form 3 EIS - Cessation as Employer (Approve)/Confirm' is clicked on

2018-12-20 16:45:02 - [MESSAGE][PASSED] - Object: 'Object Repository/Final Object Repo/Page_Form 3 EIS - Cessation as Employer/Page_Form 3 EIS - Cessation as Employer (Approve)/Confirm' is clicked on

2018-12-20 16:45:02 - [TEST_STEP][PASSED] - delay: Delayed 2 second(s)

2018-12-20 16:45:04 - [MESSAGE][PASSED] - Delayed 2 second(s)

2018-12-20 16:45:04 - [TEST_STEP][PASSED] - click: Object: 'Object Repository/Final Object Repo/Page_Form 3 EIS - Cessation as Employer/Page_Form 3 EIS - Cessation as Employer (Approve)/Message Your Request    Form 3 EIS' is clicked on

2018-12-20 16:45:10 - [MESSAGE][PASSED] - Object: 'Object Repository/Final Object Repo/Page_Form 3 EIS - Cessation as Employer/Page_Form 3 EIS - Cessation as Employer (Approve)/Message Your Request    Form 3 EIS' is clicked on

2018-12-20 16:45:10 - [TEST_STEP][PASSED] - click: Object: 'Object Repository/Final Object Repo/Page_Form 3 EIS - Cessation as Employer/Page_Form 3 EIS - Cessation as Employer (Approve)/Letter of successful update' is clicked on

2018-12-20 16:45:10 - [MESSAGE][PASSED] - Object: 'Object Repository/Final Object Repo/Page_Form 3 EIS - Cessation as Employer/Page_Form 3 EIS - Cessation as Employer (Approve)/Letter of successful update' is clicked on

2018-12-20 16:45:10 - [MESSAGE][PASSED] - Call Test Case 'Test Cases/Final Aug 2018 - PKS Automation/Registration Module/Workflow/Form 3 EIS - Cessation As Employer/Template/Form 3 A - Cessation As Employer (Approve)' successfully]]></system-out>
         <system-err><![CDATA[]]></system-err>
      </testcase>
      <testcase name="Test Cases/Final Aug 2018 - PKS Automation/Registration Module/Workflow/Form 3 EIS - Cessation As Employer/OTC to UO (Query)" classname="Test Cases/Final Aug 2018 - PKS Automation/Registration Module/Workflow/Form 3 EIS - Cessation As Employer/OTC to UO (Query)" status="PASSED">
         <system-out><![CDATA[2018-12-20 16:45:10 - [TEST_CASE][PASSED] - Test Cases/Final Aug 2018 - PKS Automation/Registration Module/Workflow/Form 3 EIS - Cessation As Employer/OTC to UO (Query): Test Cases/Final Aug 2018 - PKS Automation/Registration Module/Workflow/Form 3 EIS - Cessation As Employer/OTC to UO (Query)

2018-12-20 16:45:11 - [TEST_STEP][PASSED] - callTestCase: Call Test Case 'Test Cases/Final Aug 2018 - PKS Automation/Registration Module/Workflow/Form 3 EIS - Cessation As Employer/Template/Form 3 A - Cessation As Employer (OTC)' successfully

2018-12-20 16:45:11 - [TEST_CASE][PASSED] - Test Cases/Final Aug 2018 - PKS Automation/Registration Module/Workflow/Form 3 EIS - Cessation As Employer/Template/Form 3 A - Cessation As Employer (OTC): Test Cases/Final Aug 2018 - PKS Automation/Registration Module/Workflow/Form 3 EIS - Cessation As Employer/Template/Form 3 A - Cessation As Employer (OTC)

2018-12-20 16:45:11 - [TEST_STEP][PASSED] - openBrowser: Browser is opened with url: ''

2018-12-20 16:45:11 - [MESSAGE][WARNING] - A browser is already opened. Closing browser and opening a new one

2018-12-20 16:45:14 - [MESSAGE][PASSED] - Browser is opened with url: ''

2018-12-20 16:45:14 - [TEST_STEP][PASSED] - navigateToUrl: Navigate to 'https://assist2-uat.perkeso.gov.my/login' successfully

2018-12-20 16:45:15 - [MESSAGE][PASSED] - Navigate to 'https://assist2-uat.perkeso.gov.my/login' successfully

2018-12-20 16:45:15 - [TEST_STEP][PASSED] - setText: Text 'johorotc1@gmail.com' is set on object 'Object Repository/Final Object Repo/Login Page/Internal User/Email Address'

2018-12-20 16:45:15 - [MESSAGE][PASSED] - Text 'johorotc1@gmail.com' is set on object 'Object Repository/Final Object Repo/Login Page/Internal User/Email Address'

2018-12-20 16:45:15 - [TEST_STEP][PASSED] - click: Object: 'Object Repository/Final Object Repo/Login Page/Internal User/Next Button' is clicked on

2018-12-20 16:45:15 - [MESSAGE][PASSED] - Object: 'Object Repository/Final Object Repo/Login Page/Internal User/Next Button' is clicked on

2018-12-20 16:45:15 - [TEST_STEP][PASSED] - delay: Delayed 1 second(s)

2018-12-20 16:45:16 - [MESSAGE][PASSED] - Delayed 1 second(s)

2018-12-20 16:45:16 - [TEST_STEP][PASSED] - setEncryptedText: Text ****** has been set on object 'Object Repository/Final Object Repo/Login Page/Internal User/Password'

2018-12-20 16:45:17 - [MESSAGE][PASSED] - Text ****** has been set on object 'Object Repository/Final Object Repo/Login Page/Internal User/Password'

2018-12-20 16:45:17 - [TEST_STEP][PASSED] - click: Object: 'Object Repository/Final Object Repo/Login Page/Internal User/Login Button' is clicked on

2018-12-20 16:45:17 - [MESSAGE][PASSED] - Object: 'Object Repository/Final Object Repo/Login Page/Internal User/Login Button' is clicked on

2018-12-20 16:45:17 - [TEST_STEP][PASSED] - delay: Delayed 1 second(s)

2018-12-20 16:45:18 - [MESSAGE][PASSED] - Delayed 1 second(s)

2018-12-20 16:45:18 - [TEST_STEP][PASSED] - Statement - Try: Delayed 2 second(s)

2018-12-20 16:45:18 - [TEST_STEP][PASSED] - Statement - Checker = false: null

2018-12-20 16:45:18 - [TEST_STEP][PASSED] - Statement - Checker = com.kms.katalon.core.webui.keyword.WebUiBuiltInKeywords.verifyElementHasAttribute(com.kms.katalon.core.testobject.ObjectRepository.findTestObject(Final Object Repo/Landing Page/BM Detecting), "href", 20, OPTIONAL): Object 'Object Repository/Final Object Repo/Landing Page/BM Detecting' has attribute 'href'

2018-12-20 16:45:19 - [MESSAGE][PASSED] - Object 'Object Repository/Final Object Repo/Landing Page/BM Detecting' has attribute 'href'

2018-12-20 16:45:19 - [TEST_STEP][PASSED] - Statement - out.println(Checker): null

2018-12-20 16:45:19 - [TEST_STEP][PASSED] - Statement - If (Checker == false): null

2018-12-20 16:45:19 - [TEST_STEP][PASSED] - Statement - Else: null

2018-12-20 16:45:19 - [TEST_STEP][PASSED] - delay: Delayed 2 second(s)

2018-12-20 16:45:21 - [MESSAGE][PASSED] - Delayed 2 second(s)

2018-12-20 16:45:21 - [TEST_STEP][PASSED] - navigateToUrl: Navigate to 'https://assist2-uat.perkeso.gov.my/web/registration/eis-update/form-3-eis-cessation-as-employer' successfully

2018-12-20 16:45:21 - [MESSAGE][PASSED] - Navigate to 'https://assist2-uat.perkeso.gov.my/web/registration/eis-update/form-3-eis-cessation-as-employer' successfully

2018-12-20 16:45:21 - [TEST_STEP][PASSED] - delay: Delayed 1 second(s)

2018-12-20 16:45:22 - [MESSAGE][PASSED] - Delayed 1 second(s)

2018-12-20 16:45:22 - [TEST_STEP][PASSED] - setText: Text 'E1102069769W' is set on object 'Object Repository/Final Object Repo/Page_Form 3 EIS - Cessation as Employer/Employer Code'

2018-12-20 16:45:23 - [MESSAGE][PASSED] - Text 'E1102069769W' is set on object 'Object Repository/Final Object Repo/Page_Form 3 EIS - Cessation as Employer/Employer Code'

2018-12-20 16:45:23 - [TEST_STEP][PASSED] - click: Object: 'Object Repository/Final Object Repo/Page_Form 3 EIS - Cessation as Employer/Search' is clicked on

2018-12-20 16:45:23 - [MESSAGE][PASSED] - Object: 'Object Repository/Final Object Repo/Page_Form 3 EIS - Cessation as Employer/Search' is clicked on

2018-12-20 16:45:23 - [TEST_STEP][PASSED] - click: Object: 'Object Repository/Final Object Repo/Page_Form 3 EIS - Cessation as Employer/Edit' is clicked on

2018-12-20 16:45:25 - [MESSAGE][PASSED] - Object: 'Object Repository/Final Object Repo/Page_Form 3 EIS - Cessation as Employer/Edit' is clicked on

2018-12-20 16:45:25 - [TEST_STEP][PASSED] - delay: Delayed 1 second(s)

2018-12-20 16:45:26 - [MESSAGE][PASSED] - Delayed 1 second(s)

2018-12-20 16:45:26 - [TEST_STEP][PASSED] - Statement - abc = com.kms.katalon.core.webui.keyword.WebUiBuiltInKeywords.getAttribute(com.kms.katalon.core.testobject.ObjectRepository.findTestObject(Final Object Repo/Page_Form 3 EIS - Cessation as Employer/Employer Status), "value"): Attribute 'value' of object 'Object Repository/Final Object Repo/Page_Form 3 EIS - Cessation as Employer/Employer Status' is: 'Active'

2018-12-20 16:45:26 - [MESSAGE][PASSED] - Attribute 'value' of object 'Object Repository/Final Object Repo/Page_Form 3 EIS - Cessation as Employer/Employer Status' is: 'Active'

2018-12-20 16:45:26 - [TEST_STEP][PASSED] - Statement - out.println(abc): null

2018-12-20 16:45:26 - [TEST_STEP][PASSED] - Statement - If (abc == "Active"): Object: 'Object Repository/Final Object Repo/Page_Form 3 EIS - Cessation as Employer/Dormant EIS' is clicked on

2018-12-20 16:45:26 - [TEST_STEP][PASSED] - click: Object: 'Object Repository/Final Object Repo/Page_Form 3 EIS - Cessation as Employer/Change Employer Status to' is clicked on

2018-12-20 16:45:27 - [MESSAGE][PASSED] - Object: 'Object Repository/Final Object Repo/Page_Form 3 EIS - Cessation as Employer/Change Employer Status to' is clicked on

2018-12-20 16:45:27 - [TEST_STEP][PASSED] - click: Object: 'Object Repository/Final Object Repo/Page_Form 3 EIS - Cessation as Employer/Dormant EIS' is clicked on

2018-12-20 16:45:27 - [MESSAGE][PASSED] - Object: 'Object Repository/Final Object Repo/Page_Form 3 EIS - Cessation as Employer/Dormant EIS' is clicked on

2018-12-20 16:45:27 - [TEST_STEP][PASSED] - click: Object: 'Object Repository/Final Object Repo/Page_Form 3 EIS - Cessation as Employer/Calender' is clicked on

2018-12-20 16:45:27 - [MESSAGE][PASSED] - Object: 'Object Repository/Final Object Repo/Page_Form 3 EIS - Cessation as Employer/Calender' is clicked on

2018-12-20 16:45:27 - [TEST_STEP][PASSED] - delay: Delayed 1 second(s)

2018-12-20 16:45:28 - [MESSAGE][PASSED] - Delayed 1 second(s)

2018-12-20 16:45:28 - [TEST_STEP][PASSED] - click: Object: 'Object Repository/Final Object Repo/Page_Form 3 EIS - Cessation as Employer/Calender - Date' is clicked on

2018-12-20 16:45:28 - [MESSAGE][PASSED] - Object: 'Object Repository/Final Object Repo/Page_Form 3 EIS - Cessation as Employer/Calender - Date' is clicked on

2018-12-20 16:45:28 - [TEST_STEP][PASSED] - click: Object: 'Object Repository/Final Object Repo/Page_Form 3 EIS - Cessation as Employer/Save  Continue in Form 3 EIS Page' is clicked on

2018-12-20 16:45:28 - [MESSAGE][PASSED] - Object: 'Object Repository/Final Object Repo/Page_Form 3 EIS - Cessation as Employer/Save  Continue in Form 3 EIS Page' is clicked on

2018-12-20 16:45:28 - [TEST_STEP][PASSED] - delay: Delayed 1 second(s)

2018-12-20 16:45:29 - [MESSAGE][PASSED] - Delayed 1 second(s)

2018-12-20 16:45:29 - [TEST_STEP][PASSED] - click: Object: 'Object Repository/Final Object Repo/Page_Form 3 EIS - Cessation as Employer/Employment Resign Date' is clicked on

2018-12-20 16:45:30 - [MESSAGE][PASSED] - Object: 'Object Repository/Final Object Repo/Page_Form 3 EIS - Cessation as Employer/Employment Resign Date' is clicked on

2018-12-20 16:45:30 - [TEST_STEP][PASSED] - selectOptionByValue: All options with value '2030' are selected in object 'Object Repository/Final Object Repo/Page_Form 3 EIS - Cessation as Employer/Employment Resign Date - Year' 

2018-12-20 16:45:30 - [MESSAGE][PASSED] - All options with value '2030' are selected in object 'Object Repository/Final Object Repo/Page_Form 3 EIS - Cessation as Employer/Employment Resign Date - Year' 

2018-12-20 16:45:30 - [TEST_STEP][PASSED] - delay: Delayed 2 second(s)

2018-12-20 16:45:32 - [MESSAGE][PASSED] - Delayed 2 second(s)

2018-12-20 16:45:32 - [TEST_STEP][PASSED] - click: Object: 'Object Repository/Final Object Repo/Page_Form 3 EIS - Cessation as Employer/Employment Resign Date - Year - Date' is clicked on

2018-12-20 16:45:32 - [MESSAGE][PASSED] - Object: 'Object Repository/Final Object Repo/Page_Form 3 EIS - Cessation as Employer/Employment Resign Date - Year - Date' is clicked on

2018-12-20 16:45:32 - [TEST_STEP][PASSED] - delay: Delayed 2 second(s)

2018-12-20 16:45:34 - [MESSAGE][PASSED] - Delayed 2 second(s)

2018-12-20 16:45:34 - [TEST_STEP][PASSED] - click: Object: 'Object Repository/Final Object Repo/Page_Form 3 EIS - Cessation as Employer/Save  Continue in Employment Resign Page' is clicked on

2018-12-20 16:45:35 - [MESSAGE][PASSED] - Object: 'Object Repository/Final Object Repo/Page_Form 3 EIS - Cessation as Employer/Save  Continue in Employment Resign Page' is clicked on

2018-12-20 16:45:35 - [TEST_STEP][PASSED] - delay: Delayed 2 second(s)

2018-12-20 16:45:37 - [MESSAGE][PASSED] - Delayed 2 second(s)

2018-12-20 16:45:37 - [TEST_STEP][PASSED] - click: Object: 'Object Repository/Final Object Repo/Page_Form 3 EIS - Cessation as Employer/Set Latest - Yes' is clicked on

2018-12-20 16:45:37 - [MESSAGE][PASSED] - Object: 'Object Repository/Final Object Repo/Page_Form 3 EIS - Cessation as Employer/Set Latest - Yes' is clicked on

2018-12-20 16:45:37 - [TEST_STEP][PASSED] - delay: Delayed 2 second(s)

2018-12-20 16:45:39 - [MESSAGE][PASSED] - Delayed 2 second(s)

2018-12-20 16:45:39 - [TEST_STEP][PASSED] - click: Object: 'Object Repository/Final Object Repo/Page_Form 3 EIS - Cessation as Employer/Add Document' is clicked on

2018-12-20 16:45:40 - [MESSAGE][PASSED] - Object: 'Object Repository/Final Object Repo/Page_Form 3 EIS - Cessation as Employer/Add Document' is clicked on

2018-12-20 16:45:40 - [TEST_STEP][PASSED] - delay: Delayed 3 second(s)

2018-12-20 16:45:43 - [MESSAGE][PASSED] - Delayed 3 second(s)

2018-12-20 16:45:43 - [TEST_STEP][PASSED] - click: Object: 'Object Repository/Final Object Repo/Page_Form 3 EIS - Cessation as Employer/Document Type' is clicked on

2018-12-20 16:45:43 - [MESSAGE][PASSED] - Object: 'Object Repository/Final Object Repo/Page_Form 3 EIS - Cessation as Employer/Document Type' is clicked on

2018-12-20 16:45:43 - [TEST_STEP][PASSED] - click: Object: 'Object Repository/Final Object Repo/Page_Form 3 EIS - Cessation as Employer/Document Type - Form 3' is clicked on

2018-12-20 16:45:43 - [MESSAGE][PASSED] - Object: 'Object Repository/Final Object Repo/Page_Form 3 EIS - Cessation as Employer/Document Type - Form 3' is clicked on

2018-12-20 16:45:43 - [TEST_STEP][PASSED] - delay: Delayed 2 second(s)

2018-12-20 16:45:45 - [MESSAGE][PASSED] - Delayed 2 second(s)

2018-12-20 16:45:45 - [TEST_STEP][PASSED] - sendKeys: Keys 'C:\Users\Public\Pictures\Sample Pictures\Koala.jpg' sent to object: 'Object Repository/Final Object Repo/Page_Form 3 EIS - Cessation as Employer/ploading File'

2018-12-20 16:45:45 - [MESSAGE][PASSED] - Keys 'C:\Users\Public\Pictures\Sample Pictures\Koala.jpg' sent to object: 'Object Repository/Final Object Repo/Page_Form 3 EIS - Cessation as Employer/ploading File'

2018-12-20 16:45:45 - [TEST_STEP][PASSED] - delay: Delayed 1 second(s)

2018-12-20 16:45:46 - [MESSAGE][PASSED] - Delayed 1 second(s)

2018-12-20 16:45:46 - [TEST_STEP][PASSED] - click: Object: 'Object Repository/Final Object Repo/Page_Form 3 EIS - Cessation as Employer/Add Document in Uploading Page' is clicked on

2018-12-20 16:45:46 - [MESSAGE][PASSED] - Object: 'Object Repository/Final Object Repo/Page_Form 3 EIS - Cessation as Employer/Add Document in Uploading Page' is clicked on

2018-12-20 16:45:46 - [TEST_STEP][PASSED] - delay: Delayed 2 second(s)

2018-12-20 16:45:48 - [MESSAGE][PASSED] - Delayed 2 second(s)

2018-12-20 16:45:48 - [TEST_STEP][PASSED] - Statement - CaseReferenceNo = com.kms.katalon.core.webui.keyword.WebUiBuiltInKeywords.getText(com.kms.katalon.core.testobject.ObjectRepository.findTestObject(Final Object Repo/Page_Update Employer Information/Reference Number in Update Employee Information Page)): Text of object 'Object Repository/Final Object Repo/Page_Update Employer Information/Reference Number in Update Employee Information Page' is: 'ERN122018C200002559'

2018-12-20 16:45:50 - [MESSAGE][PASSED] - Text of object 'Object Repository/Final Object Repo/Page_Update Employer Information/Reference Number in Update Employee Information Page' is: 'ERN122018C200002559'

2018-12-20 16:45:50 - [TEST_STEP][PASSED] - callTestCase: Call Test Case 'Test Cases/Final Aug 2018 - PKS Automation/Common/Reference Number Setter' successfully

2018-12-20 16:45:50 - [TEST_CASE][PASSED] - Test Cases/Final Aug 2018 - PKS Automation/Common/Reference Number Setter: Test Cases/Final Aug 2018 - PKS Automation/Common/Reference Number Setter

2018-12-20 16:45:50 - [TEST_STEP][PASSED] - Statement - RefNoOldFile = new java.io.File(C://Users//Admin//Desktop//PKS//Automation Reference Point//KatalonReference.txt): null

2018-12-20 16:45:50 - [TEST_STEP][PASSED] - Statement - RefNoOldFile.delete(): null

2018-12-20 16:45:50 - [TEST_STEP][PASSED] - delay: Delayed 5 second(s)

2018-12-20 16:45:55 - [MESSAGE][PASSED] - Delayed 5 second(s)

2018-12-20 16:45:55 - [TEST_STEP][PASSED] - Statement - RefNo = new java.io.File(C://Users//Admin//Desktop//PKS//Automation Reference Point//KatalonReference.txt): null

2018-12-20 16:45:55 - [TEST_STEP][PASSED] - Statement - f2 = new java.io.FileWriter(RefNo, false): null

2018-12-20 16:45:55 - [TEST_STEP][PASSED] - Statement - f2.write(CaseReferenceNo): null

2018-12-20 16:45:55 - [TEST_STEP][PASSED] - Statement - f2.close(): null

2018-12-20 16:45:55 - [TEST_STEP][PASSED] - Statement - out.println("


" + CaseReferenceNo + "


"): null

2018-12-20 16:45:55 - [MESSAGE][PASSED] - Call Test Case 'Test Cases/Final Aug 2018 - PKS Automation/Common/Reference Number Setter' successfully

2018-12-20 16:45:55 - [TEST_STEP][PASSED] - delay: Delayed 2 second(s)

2018-12-20 16:45:57 - [MESSAGE][PASSED] - Delayed 2 second(s)

2018-12-20 16:45:57 - [TEST_STEP][PASSED] - click: Object: 'Object Repository/Final Object Repo/Page_Form 3 EIS - Cessation as Employer/Save  Continue in Uploading Page' is clicked on

2018-12-20 16:45:58 - [MESSAGE][PASSED] - Object: 'Object Repository/Final Object Repo/Page_Form 3 EIS - Cessation as Employer/Save  Continue in Uploading Page' is clicked on

2018-12-20 16:45:58 - [TEST_STEP][PASSED] - delay: Delayed 2 second(s)

2018-12-20 16:46:00 - [MESSAGE][PASSED] - Delayed 2 second(s)

2018-12-20 16:46:00 - [TEST_STEP][PASSED] - click: Object: 'Object Repository/Final Object Repo/Page_Form 3 EIS - Cessation as Employer/Submit' is clicked on

2018-12-20 16:46:02 - [MESSAGE][PASSED] - Object: 'Object Repository/Final Object Repo/Page_Form 3 EIS - Cessation as Employer/Submit' is clicked on

2018-12-20 16:46:02 - [TEST_STEP][PASSED] - delay: Delayed 2 second(s)

2018-12-20 16:46:04 - [MESSAGE][PASSED] - Delayed 2 second(s)

2018-12-20 16:46:04 - [TEST_STEP][PASSED] - click: Object: 'Object Repository/Final Object Repo/Page_Form 3 EIS - Cessation as Employer/Confirm' is clicked on

2018-12-20 16:46:04 - [MESSAGE][PASSED] - Object: 'Object Repository/Final Object Repo/Page_Form 3 EIS - Cessation as Employer/Confirm' is clicked on

2018-12-20 16:46:04 - [TEST_STEP][PASSED] - delay: Delayed 2 second(s)

2018-12-20 16:46:06 - [MESSAGE][PASSED] - Delayed 2 second(s)

2018-12-20 16:46:06 - [TEST_STEP][PASSED] - click: Object: 'Object Repository/Final Object Repo/Page_Form 3 EIS - Cessation as Employer/Message Your Request will be routed to UO' is clicked on

2018-12-20 16:46:10 - [MESSAGE][PASSED] - Object: 'Object Repository/Final Object Repo/Page_Form 3 EIS - Cessation as Employer/Message Your Request will be routed to UO' is clicked on

2018-12-20 16:46:10 - [TEST_STEP][PASSED] - click: Object: 'Object Repository/Final Object Repo/Page_Form 3 EIS - Cessation as Employer/Letter of acknowledgement' is clicked on

2018-12-20 16:46:10 - [MESSAGE][PASSED] - Object: 'Object Repository/Final Object Repo/Page_Form 3 EIS - Cessation as Employer/Letter of acknowledgement' is clicked on

2018-12-20 16:46:10 - [MESSAGE][PASSED] - Call Test Case 'Test Cases/Final Aug 2018 - PKS Automation/Registration Module/Workflow/Form 3 EIS - Cessation As Employer/Template/Form 3 A - Cessation As Employer (OTC)' successfully

2018-12-20 16:46:10 - [TEST_STEP][PASSED] - callTestCase: Call Test Case 'Test Cases/Final Aug 2018 - PKS Automation/Registration Module/Workflow/Form 3 EIS - Cessation As Employer/Template/Form 3 A - Cessation As Employer (Query)' successfully

2018-12-20 16:46:10 - [TEST_CASE][PASSED] - Test Cases/Final Aug 2018 - PKS Automation/Registration Module/Workflow/Form 3 EIS - Cessation As Employer/Template/Form 3 A - Cessation As Employer (Query): Test Cases/Final Aug 2018 - PKS Automation/Registration Module/Workflow/Form 3 EIS - Cessation As Employer/Template/Form 3 A - Cessation As Employer (Query)

2018-12-20 16:46:10 - [TEST_STEP][NOT_RUN] - callTestCase: NOT_RUN: callTestCase

2018-12-20 16:46:10 - [MESSAGE][NOT_RUN] - NOT_RUN: callTestCase

2018-12-20 16:46:10 - [TEST_STEP][PASSED] - delay: Delayed 1 second(s)

2018-12-20 16:46:11 - [MESSAGE][PASSED] - Delayed 1 second(s)

2018-12-20 16:46:11 - [TEST_STEP][PASSED] - navigateToUrl: Navigate to 'https://assist2-uat.perkeso.gov.my/c/portal/logout' successfully

2018-12-20 16:46:12 - [MESSAGE][PASSED] - Navigate to 'https://assist2-uat.perkeso.gov.my/c/portal/logout' successfully

2018-12-20 16:46:12 - [TEST_STEP][PASSED] - delay: Delayed 1 second(s)

2018-12-20 16:46:13 - [MESSAGE][PASSED] - Delayed 1 second(s)

2018-12-20 16:46:13 - [TEST_STEP][PASSED] - callTestCase: Call Test Case 'Test Cases/Final Aug 2018 - PKS Automation/Common/Reference Number Getter' successfully

2018-12-20 16:46:13 - [TEST_CASE][PASSED] - Test Cases/Final Aug 2018 - PKS Automation/Common/Reference Number Getter: Test Cases/Final Aug 2018 - PKS Automation/Common/Reference Number Getter

2018-12-20 16:46:13 - [TEST_STEP][PASSED] - Statement - Try: null

2018-12-20 16:46:13 - [TEST_STEP][PASSED] - Statement - RefNo = new java.io.File(C://Users//Admin//Desktop//PKS//Automation Reference Point//KatalonReference.txt): null

2018-12-20 16:46:13 - [TEST_STEP][PASSED] - Statement - bufferread = new java.io.BufferedReader(new java.io.FileReader(RefNo)): null

2018-12-20 16:46:13 - [TEST_STEP][PASSED] - Statement - readedVal = bufferread.readLine(): null

2018-12-20 16:46:13 - [TEST_STEP][PASSED] - Statement - out.println(CaseReferenceNo): null

2018-12-20 16:46:13 - [TEST_STEP][PASSED] - Statement - out.println(readedVal): null

2018-12-20 16:46:13 - [TEST_STEP][PASSED] - Statement - CaseReferenceNo = "": null

2018-12-20 16:46:13 - [TEST_STEP][PASSED] - Statement - CaseReferenceNo = readedVal: null

2018-12-20 16:46:13 - [MESSAGE][PASSED] - Call Test Case 'Test Cases/Final Aug 2018 - PKS Automation/Common/Reference Number Getter' successfully

2018-12-20 16:46:13 - [TEST_STEP][PASSED] - callTestCase: Call Test Case 'Test Cases/Final Aug 2018 - PKS Automation/Common/Workflow Owner Finder' successfully

2018-12-20 16:46:13 - [TEST_CASE][PASSED] - Test Cases/Final Aug 2018 - PKS Automation/Common/Workflow Owner Finder: Test Cases/Final Aug 2018 - PKS Automation/Common/Workflow Owner Finder

2018-12-20 16:46:13 - [TEST_STEP][PASSED] - openBrowser: Browser is opened with url: ''

2018-12-20 16:46:13 - [MESSAGE][WARNING] - A browser is already opened. Closing browser and opening a new one

2018-12-20 16:46:16 - [MESSAGE][PASSED] - Browser is opened with url: ''

2018-12-20 16:46:16 - [TEST_STEP][PASSED] - navigateToUrl: Navigate to 'https://assist2-uat.perkeso.gov.my/login' successfully

2018-12-20 16:46:17 - [MESSAGE][PASSED] - Navigate to 'https://assist2-uat.perkeso.gov.my/login' successfully

2018-12-20 16:46:17 - [TEST_STEP][PASSED] - delay: Delayed 5 second(s)

2018-12-20 16:46:22 - [MESSAGE][PASSED] - Delayed 5 second(s)

2018-12-20 16:46:22 - [TEST_STEP][PASSED] - setText: Text 'test@liferay.com' is set on object 'Object Repository/Final Object Repo/Login Page/Internal User/Email Address'

2018-12-20 16:46:23 - [MESSAGE][PASSED] - Text 'test@liferay.com' is set on object 'Object Repository/Final Object Repo/Login Page/Internal User/Email Address'

2018-12-20 16:46:23 - [TEST_STEP][PASSED] - click: Object: 'Object Repository/Final Object Repo/Login Page/Internal User/Next Button' is clicked on

2018-12-20 16:46:23 - [MESSAGE][PASSED] - Object: 'Object Repository/Final Object Repo/Login Page/Internal User/Next Button' is clicked on

2018-12-20 16:46:23 - [TEST_STEP][PASSED] - delay: Delayed 2 second(s)

2018-12-20 16:46:25 - [MESSAGE][PASSED] - Delayed 2 second(s)

2018-12-20 16:46:25 - [TEST_STEP][PASSED] - setText: Text 'test' is set on object 'Object Repository/Final Object Repo/Login Page/Internal User/Password'

2018-12-20 16:46:25 - [MESSAGE][PASSED] - Text 'test' is set on object 'Object Repository/Final Object Repo/Login Page/Internal User/Password'

2018-12-20 16:46:25 - [TEST_STEP][PASSED] - delay: Delayed 2 second(s)

2018-12-20 16:46:27 - [MESSAGE][PASSED] - Delayed 2 second(s)

2018-12-20 16:46:27 - [TEST_STEP][PASSED] - click: Object: 'Object Repository/Final Object Repo/Login Page/Internal User/Login Button' is clicked on

2018-12-20 16:46:27 - [MESSAGE][PASSED] - Object: 'Object Repository/Final Object Repo/Login Page/Internal User/Login Button' is clicked on

2018-12-20 16:46:27 - [TEST_STEP][PASSED] - Statement - tester = com.kms.katalon.core.testobject.ObjectRepository.findTestObject(Final Object Repo/Landing Page/Select to English): Finding Test Object with id 'Object Repository/Final Object Repo/Landing Page/Select to English'

2018-12-20 16:46:27 - [TEST_STEP][PASSED] - Statement - Try: Delayed 2 second(s)

2018-12-20 16:46:27 - [TEST_STEP][PASSED] - Statement - Checker = com.kms.katalon.core.webui.keyword.WebUiBuiltInKeywords.verifyElementNotPresent(tester, 3): Web element with id: 'Object Repository/Final Object Repo/Landing Page/Select to English' located by 'By.xpath: //a[@class = 'taglib-language-list-text' and @lang = 'en-US' and (contains(text(), 'EN') or contains(., 'EN'))]' is not present after '3' second(s)

2018-12-20 16:46:29 - [MESSAGE][PASSED] - Web element with id: 'Object Repository/Final Object Repo/Landing Page/Select to English' located by 'By.xpath: //a[@class = 'taglib-language-list-text' and @lang = 'en-US' and (contains(text(), 'EN') or contains(., 'EN'))]' is not present after '3' second(s)

2018-12-20 16:46:29 - [TEST_STEP][PASSED] - Statement - If (Checker == false): null

2018-12-20 16:46:29 - [TEST_STEP][PASSED] - delay: Delayed 2 second(s)

2018-12-20 16:46:31 - [MESSAGE][PASSED] - Delayed 2 second(s)

2018-12-20 16:46:31 - [TEST_STEP][PASSED] - delay: Delayed 5 second(s)

2018-12-20 16:46:36 - [MESSAGE][PASSED] - Delayed 5 second(s)

2018-12-20 16:46:36 - [TEST_STEP][PASSED] - mouseOver: Object: 'Object Repository/Final Object Repo/Landing Page/WorkFlow Menu' is hovered

2018-12-20 16:46:36 - [MESSAGE][PASSED] - Object: 'Object Repository/Final Object Repo/Landing Page/WorkFlow Menu' is hovered

2018-12-20 16:46:36 - [TEST_STEP][PASSED] - delay: Delayed 2 second(s)

2018-12-20 16:46:38 - [MESSAGE][PASSED] - Delayed 2 second(s)

2018-12-20 16:46:38 - [TEST_STEP][PASSED] - click: Object: 'Object Repository/Final Object Repo/Landing Page/Select to Workflow Listing' is clicked on

2018-12-20 16:46:40 - [MESSAGE][PASSED] - Object: 'Object Repository/Final Object Repo/Landing Page/Select to Workflow Listing' is clicked on

2018-12-20 16:46:40 - [TEST_STEP][PASSED] - delay: Delayed 2 second(s)

2018-12-20 16:46:42 - [MESSAGE][PASSED] - Delayed 2 second(s)

2018-12-20 16:46:42 - [TEST_STEP][PASSED] - click: Object: 'Object Repository/Final Object Repo/WorkFlow Listing Page/Search Information - To Put Ref No' is clicked on

2018-12-20 16:46:42 - [MESSAGE][PASSED] - Object: 'Object Repository/Final Object Repo/WorkFlow Listing Page/Search Information - To Put Ref No' is clicked on

2018-12-20 16:46:42 - [TEST_STEP][PASSED] - delay: Delayed 2 second(s)

2018-12-20 16:46:44 - [MESSAGE][PASSED] - Delayed 2 second(s)

2018-12-20 16:46:44 - [TEST_STEP][PASSED] - callTestCase: Call Test Case 'Test Cases/Final Aug 2018 - PKS Automation/Common/Reference Number Getter' successfully

2018-12-20 16:46:44 - [TEST_CASE][PASSED] - Test Cases/Final Aug 2018 - PKS Automation/Common/Reference Number Getter: Test Cases/Final Aug 2018 - PKS Automation/Common/Reference Number Getter

2018-12-20 16:46:44 - [TEST_STEP][PASSED] - Statement - Try: null

2018-12-20 16:46:44 - [TEST_STEP][PASSED] - Statement - RefNo = new java.io.File(C://Users//Admin//Desktop//PKS//Automation Reference Point//KatalonReference.txt): null

2018-12-20 16:46:44 - [TEST_STEP][PASSED] - Statement - bufferread = new java.io.BufferedReader(new java.io.FileReader(RefNo)): null

2018-12-20 16:46:44 - [TEST_STEP][PASSED] - Statement - readedVal = bufferread.readLine(): null

2018-12-20 16:46:44 - [TEST_STEP][PASSED] - Statement - out.println(CaseReferenceNo): null

2018-12-20 16:46:44 - [TEST_STEP][PASSED] - Statement - out.println(readedVal): null

2018-12-20 16:46:44 - [TEST_STEP][PASSED] - Statement - CaseReferenceNo = "": null

2018-12-20 16:46:44 - [TEST_STEP][PASSED] - Statement - CaseReferenceNo = readedVal: null

2018-12-20 16:46:44 - [MESSAGE][PASSED] - Call Test Case 'Test Cases/Final Aug 2018 - PKS Automation/Common/Reference Number Getter' successfully

2018-12-20 16:46:44 - [TEST_STEP][PASSED] - setText: Text 'ERN122018C200002559' is set on object 'Object Repository/Final Object Repo/WorkFlow Listing Page/Ref No Set Text'

2018-12-20 16:46:44 - [MESSAGE][PASSED] - Text 'ERN122018C200002559' is set on object 'Object Repository/Final Object Repo/WorkFlow Listing Page/Ref No Set Text'

2018-12-20 16:46:44 - [TEST_STEP][PASSED] - delay: Delayed 2 second(s)

2018-12-20 16:46:46 - [MESSAGE][PASSED] - Delayed 2 second(s)

2018-12-20 16:46:46 - [TEST_STEP][PASSED] - click: Object: 'Object Repository/Final Object Repo/WorkFlow Listing Page/Search Ref No Search Button' is clicked on

2018-12-20 16:46:46 - [MESSAGE][PASSED] - Object: 'Object Repository/Final Object Repo/WorkFlow Listing Page/Search Ref No Search Button' is clicked on

2018-12-20 16:46:46 - [TEST_STEP][PASSED] - delay: Delayed 6 second(s)

2018-12-20 16:46:52 - [MESSAGE][PASSED] - Delayed 6 second(s)

2018-12-20 16:46:52 - [TEST_STEP][PASSED] - click: Object: 'Object Repository/Final Object Repo/WorkFlow Listing Page/Click Continue Tooltip' is clicked on

2018-12-20 16:46:53 - [MESSAGE][PASSED] - Object: 'Object Repository/Final Object Repo/WorkFlow Listing Page/Click Continue Tooltip' is clicked on

2018-12-20 16:46:53 - [TEST_STEP][PASSED] - delay: Delayed 5 second(s)

2018-12-20 16:46:58 - [MESSAGE][PASSED] - Delayed 5 second(s)

2018-12-20 16:46:58 - [TEST_STEP][PASSED] - doubleClick: Object: 'Object Repository/Final Object Repo/WorkFlow Listing Page/Workflow Found - Listing 1' is double clicked on

2018-12-20 16:46:59 - [MESSAGE][PASSED] - Object: 'Object Repository/Final Object Repo/WorkFlow Listing Page/Workflow Found - Listing 1' is double clicked on

2018-12-20 16:46:59 - [TEST_STEP][PASSED] - Statement - println(OwnerID): null

2018-12-20 16:46:59 - [TEST_STEP][PASSED] - Statement - OwnerID = com.kms.katalon.core.webui.keyword.WebUiBuiltInKeywords.getText(com.kms.katalon.core.testobject.ObjectRepository.findTestObject(Final Object Repo/WorkFlow Listing Page/Workflow Found - Listing 1), STOP_ON_FAILURE): Text of object 'Object Repository/Final Object Repo/WorkFlow Listing Page/Workflow Found - Listing 1' is: 'JOHORuo1'

2018-12-20 16:46:59 - [MESSAGE][PASSED] - Text of object 'Object Repository/Final Object Repo/WorkFlow Listing Page/Workflow Found - Listing 1' is: 'JOHORuo1'

2018-12-20 16:46:59 - [TEST_STEP][PASSED] - Statement - OwnerID = OwnerID.toLowerCase() + "@gmail.com": null

2018-12-20 16:46:59 - [TEST_STEP][PASSED] - Statement - println(OwnerID): null

2018-12-20 16:46:59 - [TEST_STEP][PASSED] - delay: Delayed 2 second(s)

2018-12-20 16:47:01 - [MESSAGE][PASSED] - Delayed 2 second(s)

2018-12-20 16:47:01 - [MESSAGE][PASSED] - Call Test Case 'Test Cases/Final Aug 2018 - PKS Automation/Common/Workflow Owner Finder' successfully

2018-12-20 16:47:01 - [TEST_STEP][PASSED] - delay: Delayed 1 second(s)

2018-12-20 16:47:02 - [MESSAGE][PASSED] - Delayed 1 second(s)

2018-12-20 16:47:02 - [TEST_STEP][PASSED] - navigateToUrl: Navigate to 'https://assist2-uat.perkeso.gov.my/c/portal/logout' successfully

2018-12-20 16:47:03 - [MESSAGE][PASSED] - Navigate to 'https://assist2-uat.perkeso.gov.my/c/portal/logout' successfully

2018-12-20 16:47:03 - [TEST_STEP][PASSED] - delay: Delayed 1 second(s)

2018-12-20 16:47:04 - [MESSAGE][PASSED] - Delayed 1 second(s)

2018-12-20 16:47:04 - [TEST_STEP][PASSED] - callTestCase: Call Test Case 'Test Cases/Final Aug 2018 - PKS Automation/Registration Module/Workflow/Login and Search Case For Workflow' successfully

2018-12-20 16:47:04 - [TEST_CASE][PASSED] - Test Cases/Final Aug 2018 - PKS Automation/Registration Module/Workflow/Login and Search Case For Workflow: Test Cases/Final Aug 2018 - PKS Automation/Registration Module/Workflow/Login and Search Case For Workflow

2018-12-20 16:47:04 - [TEST_STEP][PASSED] - navigateToUrl: Navigate to 'https://assist2-uat.perkeso.gov.my/login' successfully

2018-12-20 16:47:04 - [MESSAGE][PASSED] - Navigate to 'https://assist2-uat.perkeso.gov.my/login' successfully

2018-12-20 16:47:04 - [TEST_STEP][PASSED] - setText: Text 'johoruo1@gmail.com' is set on object 'Object Repository/Final Object Repo/Login Page/Internal User/Email Address'

2018-12-20 16:47:05 - [MESSAGE][PASSED] - Text 'johoruo1@gmail.com' is set on object 'Object Repository/Final Object Repo/Login Page/Internal User/Email Address'

2018-12-20 16:47:05 - [TEST_STEP][PASSED] - click: Object: 'Object Repository/Final Object Repo/Login Page/Internal User/Next Button' is clicked on

2018-12-20 16:47:05 - [MESSAGE][PASSED] - Object: 'Object Repository/Final Object Repo/Login Page/Internal User/Next Button' is clicked on

2018-12-20 16:47:05 - [TEST_STEP][PASSED] - delay: Delayed 1 second(s)

2018-12-20 16:47:06 - [MESSAGE][PASSED] - Delayed 1 second(s)

2018-12-20 16:47:06 - [TEST_STEP][PASSED] - setEncryptedText: Text ****** has been set on object 'Object Repository/Final Object Repo/Login Page/Internal User/Password'

2018-12-20 16:47:06 - [MESSAGE][PASSED] - Text ****** has been set on object 'Object Repository/Final Object Repo/Login Page/Internal User/Password'

2018-12-20 16:47:06 - [TEST_STEP][PASSED] - click: Object: 'Object Repository/Final Object Repo/Login Page/Internal User/Login Button' is clicked on

2018-12-20 16:47:06 - [MESSAGE][PASSED] - Object: 'Object Repository/Final Object Repo/Login Page/Internal User/Login Button' is clicked on

2018-12-20 16:47:06 - [TEST_STEP][PASSED] - delay: Delayed 2 second(s)

2018-12-20 16:47:08 - [MESSAGE][PASSED] - Delayed 2 second(s)

2018-12-20 16:47:08 - [TEST_STEP][PASSED] - Statement - Try: Delayed 2 second(s)

2018-12-20 16:47:08 - [TEST_STEP][PASSED] - Statement - Checker = false: null

2018-12-20 16:47:08 - [TEST_STEP][PASSED] - Statement - Checker = com.kms.katalon.core.webui.keyword.WebUiBuiltInKeywords.verifyElementHasAttribute(com.kms.katalon.core.testobject.ObjectRepository.findTestObject(Final Object Repo/Landing Page/BM Detecting), "href", 20, OPTIONAL): Object 'Object Repository/Final Object Repo/Landing Page/BM Detecting' has attribute 'href'

2018-12-20 16:47:09 - [MESSAGE][PASSED] - Object 'Object Repository/Final Object Repo/Landing Page/BM Detecting' has attribute 'href'

2018-12-20 16:47:09 - [TEST_STEP][PASSED] - Statement - out.println(Checker): null

2018-12-20 16:47:09 - [TEST_STEP][PASSED] - Statement - If (Checker == false): null

2018-12-20 16:47:09 - [TEST_STEP][PASSED] - Statement - Else: null

2018-12-20 16:47:09 - [TEST_STEP][PASSED] - delay: Delayed 2 second(s)

2018-12-20 16:47:11 - [MESSAGE][PASSED] - Delayed 2 second(s)

2018-12-20 16:47:11 - [TEST_STEP][PASSED] - click: Object: 'Object Repository/Final Object Repo/Page_MyASSIST - ASSIST - Search Pending Case For Add Supporting Document/Search Information' is clicked on

2018-12-20 16:47:11 - [MESSAGE][PASSED] - Object: 'Object Repository/Final Object Repo/Page_MyASSIST - ASSIST - Search Pending Case For Add Supporting Document/Search Information' is clicked on

2018-12-20 16:47:11 - [TEST_STEP][PASSED] - delay: Delayed 3 second(s)

2018-12-20 16:47:14 - [MESSAGE][PASSED] - Delayed 3 second(s)

2018-12-20 16:47:14 - [TEST_STEP][PASSED] - sendKeys: Keys 'ERN122018C200002559' sent to object: 'Object Repository/Final Object Repo/Page_MyASSIST - ASSIST - Search Pending Case For Add Supporting Document/Reference No'

2018-12-20 16:47:14 - [MESSAGE][PASSED] - Keys 'ERN122018C200002559' sent to object: 'Object Repository/Final Object Repo/Page_MyASSIST - ASSIST - Search Pending Case For Add Supporting Document/Reference No'

2018-12-20 16:47:14 - [TEST_STEP][PASSED] - click: Object: 'Object Repository/Final Object Repo/Page_MyASSIST - ASSIST - Search Pending Case For Add Supporting Document/Search Reference No' is clicked on

2018-12-20 16:47:14 - [MESSAGE][PASSED] - Object: 'Object Repository/Final Object Repo/Page_MyASSIST - ASSIST - Search Pending Case For Add Supporting Document/Search Reference No' is clicked on

2018-12-20 16:47:14 - [TEST_STEP][PASSED] - delay: Delayed 2 second(s)

2018-12-20 16:47:16 - [MESSAGE][PASSED] - Delayed 2 second(s)

2018-12-20 16:47:16 - [TEST_STEP][PASSED] - click: Object: 'Object Repository/Final Object Repo/Page_MyASSIST - ASSIST - Search Pending Case For Add Supporting Document/Continue' is clicked on

2018-12-20 16:47:20 - [MESSAGE][PASSED] - Object: 'Object Repository/Final Object Repo/Page_MyASSIST - ASSIST - Search Pending Case For Add Supporting Document/Continue' is clicked on

2018-12-20 16:47:20 - [TEST_STEP][PASSED] - delay: Delayed 20 second(s)

2018-12-20 16:47:40 - [MESSAGE][PASSED] - Delayed 20 second(s)

2018-12-20 16:47:40 - [MESSAGE][PASSED] - Call Test Case 'Test Cases/Final Aug 2018 - PKS Automation/Registration Module/Workflow/Login and Search Case For Workflow' successfully

2018-12-20 16:47:40 - [TEST_STEP][PASSED] - click: Object: 'Object Repository/Final Object Repo/Page_Form 3 EIS - Cessation as Employer/Page_Form 3 EIS - Cessation as Employer (Approve)/Save  Continue in Form 3 Page' is clicked on

2018-12-20 16:47:40 - [MESSAGE][PASSED] - Object: 'Object Repository/Final Object Repo/Page_Form 3 EIS - Cessation as Employer/Page_Form 3 EIS - Cessation as Employer (Approve)/Save  Continue in Form 3 Page' is clicked on

2018-12-20 16:47:40 - [TEST_STEP][PASSED] - delay: Delayed 4 second(s)

2018-12-20 16:47:44 - [MESSAGE][PASSED] - Delayed 4 second(s)

2018-12-20 16:47:44 - [TEST_STEP][PASSED] - click: Object: 'Object Repository/Final Object Repo/Page_Form 3 EIS - Cessation as Employer/Page_Form 3 EIS - Cessation as Employer (Approve)/Save  Continue in Resigned Page' is clicked on

2018-12-20 16:47:44 - [MESSAGE][PASSED] - Object: 'Object Repository/Final Object Repo/Page_Form 3 EIS - Cessation as Employer/Page_Form 3 EIS - Cessation as Employer (Approve)/Save  Continue in Resigned Page' is clicked on

2018-12-20 16:47:44 - [TEST_STEP][PASSED] - delay: Delayed 2 second(s)

2018-12-20 16:47:46 - [MESSAGE][PASSED] - Delayed 2 second(s)

2018-12-20 16:47:46 - [TEST_STEP][PASSED] - setText: Text 'Remark' is set on object 'Object Repository/Final Object Repo/Page_Form 3 EIS - Cessation as Employer/Page_Form 3 EIS - Cessation as Employer (Query)/Query - Remark'

2018-12-20 16:47:48 - [MESSAGE][PASSED] - Text 'Remark' is set on object 'Object Repository/Final Object Repo/Page_Form 3 EIS - Cessation as Employer/Page_Form 3 EIS - Cessation as Employer (Query)/Query - Remark'

2018-12-20 16:47:48 - [TEST_STEP][PASSED] - delay: Delayed 2 second(s)

2018-12-20 16:47:50 - [MESSAGE][PASSED] - Delayed 2 second(s)

2018-12-20 16:47:50 - [TEST_STEP][PASSED] - click: Object: 'Object Repository/Final Object Repo/Page_Form 3 EIS - Cessation as Employer/Page_Form 3 EIS - Cessation as Employer (Query)/Save  Continue' is clicked on

2018-12-20 16:47:50 - [MESSAGE][PASSED] - Object: 'Object Repository/Final Object Repo/Page_Form 3 EIS - Cessation as Employer/Page_Form 3 EIS - Cessation as Employer (Query)/Save  Continue' is clicked on

2018-12-20 16:47:50 - [TEST_STEP][PASSED] - delay: Delayed 2 second(s)

2018-12-20 16:47:52 - [MESSAGE][PASSED] - Delayed 2 second(s)

2018-12-20 16:47:52 - [TEST_STEP][PASSED] - click: Object: 'Object Repository/Final Object Repo/Page_Form 3 EIS - Cessation as Employer/Page_Form 3 EIS - Cessation as Employer (Query)/Query' is clicked on

2018-12-20 16:47:55 - [MESSAGE][PASSED] - Object: 'Object Repository/Final Object Repo/Page_Form 3 EIS - Cessation as Employer/Page_Form 3 EIS - Cessation as Employer (Query)/Query' is clicked on

2018-12-20 16:47:55 - [TEST_STEP][PASSED] - delay: Delayed 2 second(s)

2018-12-20 16:47:57 - [MESSAGE][PASSED] - Delayed 2 second(s)

2018-12-20 16:47:57 - [TEST_STEP][PASSED] - click: Object: 'Object Repository/Final Object Repo/Page_Form 3 EIS - Cessation as Employer/Page_Form 3 EIS - Cessation as Employer (Query)/Confirm' is clicked on

2018-12-20 16:48:04 - [MESSAGE][PASSED] - Object: 'Object Repository/Final Object Repo/Page_Form 3 EIS - Cessation as Employer/Page_Form 3 EIS - Cessation as Employer (Query)/Confirm' is clicked on

2018-12-20 16:48:04 - [TEST_STEP][PASSED] - delay: Delayed 2 second(s)

2018-12-20 16:48:06 - [MESSAGE][PASSED] - Delayed 2 second(s)

2018-12-20 16:48:06 - [TEST_STEP][PASSED] - click: Object: 'Object Repository/Final Object Repo/Page_Form 3 EIS - Cessation as Employer/Page_Form 3 EIS - Cessation as Employer (Query)/Message The Case Is Under Query' is clicked on

2018-12-20 16:48:06 - [MESSAGE][PASSED] - Object: 'Object Repository/Final Object Repo/Page_Form 3 EIS - Cessation as Employer/Page_Form 3 EIS - Cessation as Employer (Query)/Message The Case Is Under Query' is clicked on

2018-12-20 16:48:06 - [TEST_STEP][PASSED] - click: Object: 'Object Repository/Final Object Repo/Page_Form 3 EIS - Cessation as Employer/Page_Form 3 EIS - Cessation as Employer (Query)/Letter of inquiry' is clicked on

2018-12-20 16:48:07 - [MESSAGE][PASSED] - Object: 'Object Repository/Final Object Repo/Page_Form 3 EIS - Cessation as Employer/Page_Form 3 EIS - Cessation as Employer (Query)/Letter of inquiry' is clicked on

2018-12-20 16:48:07 - [TEST_STEP][PASSED] - delay: Delayed 1 second(s)

2018-12-20 16:48:08 - [MESSAGE][PASSED] - Delayed 1 second(s)

2018-12-20 16:48:08 - [TEST_STEP][PASSED] - navigateToUrl: Navigate to 'https://assist2-uat.perkeso.gov.my/c/portal/logout' successfully

2018-12-20 16:48:09 - [MESSAGE][PASSED] - Navigate to 'https://assist2-uat.perkeso.gov.my/c/portal/logout' successfully

2018-12-20 16:48:09 - [TEST_STEP][PASSED] - delay: Delayed 1 second(s)

2018-12-20 16:48:10 - [MESSAGE][PASSED] - Delayed 1 second(s)

2018-12-20 16:48:10 - [TEST_STEP][PASSED] - callTestCase: Call Test Case 'Test Cases/Final Aug 2018 - PKS Automation/Registration Module/Workflow/Search Pending Case For Add Supporting Document (OTC)' successfully

2018-12-20 16:48:10 - [TEST_CASE][PASSED] - Test Cases/Final Aug 2018 - PKS Automation/Registration Module/Workflow/Search Pending Case For Add Supporting Document (OTC): Test Cases/Final Aug 2018 - PKS Automation/Registration Module/Workflow/Search Pending Case For Add Supporting Document (OTC)

2018-12-20 16:48:10 - [TEST_STEP][PASSED] - openBrowser: Browser is opened with url: ''

2018-12-20 16:48:10 - [MESSAGE][WARNING] - A browser is already opened. Closing browser and opening a new one

2018-12-20 16:48:13 - [MESSAGE][PASSED] - Browser is opened with url: ''

2018-12-20 16:48:13 - [TEST_STEP][PASSED] - navigateToUrl: Navigate to 'https://assist2-uat.perkeso.gov.my/login' successfully

2018-12-20 16:48:14 - [MESSAGE][PASSED] - Navigate to 'https://assist2-uat.perkeso.gov.my/login' successfully

2018-12-20 16:48:14 - [TEST_STEP][PASSED] - setText: Text 'johorotc1@gmail.com' is set on object 'Object Repository/Final Object Repo/Login Page/Internal User/Email Address'

2018-12-20 16:48:14 - [MESSAGE][PASSED] - Text 'johorotc1@gmail.com' is set on object 'Object Repository/Final Object Repo/Login Page/Internal User/Email Address'

2018-12-20 16:48:14 - [TEST_STEP][PASSED] - click: Object: 'Object Repository/Final Object Repo/Login Page/Internal User/Next Button' is clicked on

2018-12-20 16:48:14 - [MESSAGE][PASSED] - Object: 'Object Repository/Final Object Repo/Login Page/Internal User/Next Button' is clicked on

2018-12-20 16:48:14 - [TEST_STEP][PASSED] - delay: Delayed 1 second(s)

2018-12-20 16:48:15 - [MESSAGE][PASSED] - Delayed 1 second(s)

2018-12-20 16:48:15 - [TEST_STEP][PASSED] - setEncryptedText: Text ****** has been set on object 'Object Repository/Final Object Repo/Login Page/Internal User/Password'

2018-12-20 16:48:15 - [MESSAGE][PASSED] - Text ****** has been set on object 'Object Repository/Final Object Repo/Login Page/Internal User/Password'

2018-12-20 16:48:15 - [TEST_STEP][PASSED] - click: Object: 'Object Repository/Final Object Repo/Login Page/Internal User/Login Button' is clicked on

2018-12-20 16:48:16 - [MESSAGE][PASSED] - Object: 'Object Repository/Final Object Repo/Login Page/Internal User/Login Button' is clicked on

2018-12-20 16:48:16 - [TEST_STEP][PASSED] - delay: Delayed 1 second(s)

2018-12-20 16:48:17 - [MESSAGE][PASSED] - Delayed 1 second(s)

2018-12-20 16:48:17 - [TEST_STEP][PASSED] - Statement - Try: Delayed 2 second(s)

2018-12-20 16:48:17 - [TEST_STEP][PASSED] - Statement - Checker = false: null

2018-12-20 16:48:17 - [TEST_STEP][PASSED] - Statement - Checker = com.kms.katalon.core.webui.keyword.WebUiBuiltInKeywords.verifyElementHasAttribute(com.kms.katalon.core.testobject.ObjectRepository.findTestObject(Final Object Repo/Landing Page/BM Detecting), "href", 20, OPTIONAL): Object 'Object Repository/Final Object Repo/Landing Page/BM Detecting' has attribute 'href'

2018-12-20 16:48:17 - [MESSAGE][PASSED] - Object 'Object Repository/Final Object Repo/Landing Page/BM Detecting' has attribute 'href'

2018-12-20 16:48:17 - [TEST_STEP][PASSED] - Statement - out.println(Checker): null

2018-12-20 16:48:17 - [TEST_STEP][PASSED] - Statement - If (Checker == false): null

2018-12-20 16:48:17 - [TEST_STEP][PASSED] - Statement - Else: null

2018-12-20 16:48:17 - [TEST_STEP][PASSED] - delay: Delayed 2 second(s)

2018-12-20 16:48:19 - [MESSAGE][PASSED] - Delayed 2 second(s)

2018-12-20 16:48:19 - [TEST_STEP][PASSED] - navigateToUrl: Navigate to 'https://assist2-uat.perkeso.gov.my/web/registration/search/search-pending-case-for-add-supporting-document' successfully

2018-12-20 16:48:20 - [MESSAGE][PASSED] - Navigate to 'https://assist2-uat.perkeso.gov.my/web/registration/search/search-pending-case-for-add-supporting-document' successfully

2018-12-20 16:48:20 - [TEST_STEP][PASSED] - click: Object: 'Object Repository/Final Object Repo/Page_Search Pending Case For Add Suporting Document/Search By' is clicked on

2018-12-20 16:48:20 - [MESSAGE][PASSED] - Object: 'Object Repository/Final Object Repo/Page_Search Pending Case For Add Suporting Document/Search By' is clicked on

2018-12-20 16:48:20 - [TEST_STEP][PASSED] - click: Object: 'Object Repository/Final Object Repo/Page_Search Pending Case For Add Suporting Document/Search By - Reference ID' is clicked on

2018-12-20 16:48:21 - [MESSAGE][PASSED] - Object: 'Object Repository/Final Object Repo/Page_Search Pending Case For Add Suporting Document/Search By - Reference ID' is clicked on

2018-12-20 16:48:21 - [TEST_STEP][PASSED] - delay: Delayed 2 second(s)

2018-12-20 16:48:23 - [MESSAGE][PASSED] - Delayed 2 second(s)

2018-12-20 16:48:23 - [TEST_STEP][PASSED] - setText: Text 'ERN122018C200002559' is set on object 'Object Repository/Final Object Repo/Page_Search Pending Case For Add Suporting Document/Reference ID'

2018-12-20 16:48:23 - [MESSAGE][PASSED] - Text 'ERN122018C200002559' is set on object 'Object Repository/Final Object Repo/Page_Search Pending Case For Add Suporting Document/Reference ID'

2018-12-20 16:48:23 - [TEST_STEP][PASSED] - click: Object: 'Object Repository/Final Object Repo/Page_Search Pending Case For Add Suporting Document/Search' is clicked on

2018-12-20 16:48:23 - [MESSAGE][PASSED] - Object: 'Object Repository/Final Object Repo/Page_Search Pending Case For Add Suporting Document/Search' is clicked on

2018-12-20 16:48:23 - [TEST_STEP][PASSED] - delay: Delayed 2 second(s)

2018-12-20 16:48:25 - [MESSAGE][PASSED] - Delayed 2 second(s)

2018-12-20 16:48:25 - [TEST_STEP][PASSED] - click: Object: 'Object Repository/Final Object Repo/Page_Search Pending Case For Add Suporting Document/Edit' is clicked on

2018-12-20 16:48:28 - [MESSAGE][PASSED] - Object: 'Object Repository/Final Object Repo/Page_Search Pending Case For Add Suporting Document/Edit' is clicked on

2018-12-20 16:48:28 - [MESSAGE][PASSED] - Call Test Case 'Test Cases/Final Aug 2018 - PKS Automation/Registration Module/Workflow/Search Pending Case For Add Supporting Document (OTC)' successfully

2018-12-20 16:48:28 - [TEST_STEP][PASSED] - delay: Delayed 2 second(s)

2018-12-20 16:48:30 - [MESSAGE][PASSED] - Delayed 2 second(s)

2018-12-20 16:48:30 - [TEST_STEP][PASSED] - click: Object: 'Object Repository/Final Object Repo/Page_Form 3 EIS - Cessation as Employer/Page_Form 3 EIS - Cessation as Employer (Query - OTC - UO)/Next' is clicked on

2018-12-20 16:48:31 - [MESSAGE][PASSED] - Object: 'Object Repository/Final Object Repo/Page_Form 3 EIS - Cessation as Employer/Page_Form 3 EIS - Cessation as Employer (Query - OTC - UO)/Next' is clicked on

2018-12-20 16:48:31 - [TEST_STEP][PASSED] - delay: Delayed 2 second(s)

2018-12-20 16:48:33 - [MESSAGE][PASSED] - Delayed 2 second(s)

2018-12-20 16:48:33 - [TEST_STEP][PASSED] - click: Object: 'Object Repository/Final Object Repo/Page_Form 3 EIS - Cessation as Employer/Page_Form 3 EIS - Cessation as Employer (Query - OTC - UO)/Next in Resigned Page' is clicked on

2018-12-20 16:48:36 - [MESSAGE][PASSED] - Object: 'Object Repository/Final Object Repo/Page_Form 3 EIS - Cessation as Employer/Page_Form 3 EIS - Cessation as Employer (Query - OTC - UO)/Next in Resigned Page' is clicked on

2018-12-20 16:48:36 - [TEST_STEP][PASSED] - delay: Delayed 2 second(s)

2018-12-20 16:48:38 - [MESSAGE][PASSED] - Delayed 2 second(s)

2018-12-20 16:48:38 - [TEST_STEP][PASSED] - click: Object: 'Object Repository/Final Object Repo/Page_Form 3 EIS - Cessation as Employer/Page_Form 3 EIS - Cessation as Employer (Query - OTC - UO)/Add Document' is clicked on

2018-12-20 16:48:39 - [MESSAGE][PASSED] - Object: 'Object Repository/Final Object Repo/Page_Form 3 EIS - Cessation as Employer/Page_Form 3 EIS - Cessation as Employer (Query - OTC - UO)/Add Document' is clicked on

2018-12-20 16:48:39 - [TEST_STEP][PASSED] - delay: Delayed 2 second(s)

2018-12-20 16:48:41 - [MESSAGE][PASSED] - Delayed 2 second(s)

2018-12-20 16:48:41 - [TEST_STEP][PASSED] - click: Object: 'Object Repository/Final Object Repo/Page_Form 3 EIS - Cessation as Employer/Page_Form 3 EIS - Cessation as Employer (Query - OTC - UO)/Document Type' is clicked on

2018-12-20 16:48:42 - [MESSAGE][PASSED] - Object: 'Object Repository/Final Object Repo/Page_Form 3 EIS - Cessation as Employer/Page_Form 3 EIS - Cessation as Employer (Query - OTC - UO)/Document Type' is clicked on

2018-12-20 16:48:42 - [TEST_STEP][PASSED] - delay: Delayed 2 second(s)

2018-12-20 16:48:44 - [MESSAGE][PASSED] - Delayed 2 second(s)

2018-12-20 16:48:44 - [TEST_STEP][PASSED] - click: Object: 'Object Repository/Final Object Repo/Page_Form 3 EIS - Cessation as Employer/Page_Form 3 EIS - Cessation as Employer (Query - OTC - UO)/Document Type - Others' is clicked on

2018-12-20 16:48:44 - [MESSAGE][PASSED] - Object: 'Object Repository/Final Object Repo/Page_Form 3 EIS - Cessation as Employer/Page_Form 3 EIS - Cessation as Employer (Query - OTC - UO)/Document Type - Others' is clicked on

2018-12-20 16:48:44 - [TEST_STEP][PASSED] - delay: Delayed 2 second(s)

2018-12-20 16:48:46 - [MESSAGE][PASSED] - Delayed 2 second(s)

2018-12-20 16:48:46 - [TEST_STEP][PASSED] - sendKeys: Keys 'C:\Users\Public\Pictures\Sample Pictures\Koala.jpg' sent to object: 'Object Repository/Final Object Repo/Page_Form 3 EIS - Cessation as Employer/Page_Form 3 EIS - Cessation as Employer (Query - OTC - UO)/ploading File'

2018-12-20 16:48:46 - [MESSAGE][PASSED] - Keys 'C:\Users\Public\Pictures\Sample Pictures\Koala.jpg' sent to object: 'Object Repository/Final Object Repo/Page_Form 3 EIS - Cessation as Employer/Page_Form 3 EIS - Cessation as Employer (Query - OTC - UO)/ploading File'

2018-12-20 16:48:46 - [TEST_STEP][PASSED] - delay: Delayed 2 second(s)

2018-12-20 16:48:48 - [MESSAGE][PASSED] - Delayed 2 second(s)

2018-12-20 16:48:48 - [TEST_STEP][PASSED] - click: Object: 'Object Repository/Final Object Repo/Page_Form 3 EIS - Cessation as Employer/Page_Form 3 EIS - Cessation as Employer (Query - OTC - UO)/Add Document in Uploading Page' is clicked on

2018-12-20 16:48:48 - [MESSAGE][PASSED] - Object: 'Object Repository/Final Object Repo/Page_Form 3 EIS - Cessation as Employer/Page_Form 3 EIS - Cessation as Employer (Query - OTC - UO)/Add Document in Uploading Page' is clicked on

2018-12-20 16:48:48 - [TEST_STEP][PASSED] - delay: Delayed 2 second(s)

2018-12-20 16:48:50 - [MESSAGE][PASSED] - Delayed 2 second(s)

2018-12-20 16:48:50 - [TEST_STEP][PASSED] - click: Object: 'Object Repository/Final Object Repo/Page_Form 3 EIS - Cessation as Employer/Page_Form 3 EIS - Cessation as Employer (Query - OTC - UO)/Exit' is clicked on

2018-12-20 16:48:53 - [MESSAGE][PASSED] - Object: 'Object Repository/Final Object Repo/Page_Form 3 EIS - Cessation as Employer/Page_Form 3 EIS - Cessation as Employer (Query - OTC - UO)/Exit' is clicked on

2018-12-20 16:48:53 - [TEST_STEP][PASSED] - delay: Delayed 1 second(s)

2018-12-20 16:48:54 - [MESSAGE][PASSED] - Delayed 1 second(s)

2018-12-20 16:48:54 - [TEST_STEP][PASSED] - navigateToUrl: Navigate to 'https://assist2-uat.perkeso.gov.my/c/portal/logout' successfully

2018-12-20 16:48:55 - [MESSAGE][PASSED] - Navigate to 'https://assist2-uat.perkeso.gov.my/c/portal/logout' successfully

2018-12-20 16:48:55 - [TEST_STEP][PASSED] - delay: Delayed 1 second(s)

2018-12-20 16:48:56 - [MESSAGE][PASSED] - Delayed 1 second(s)

2018-12-20 16:48:56 - [TEST_STEP][PASSED] - callTestCase: Call Test Case 'Test Cases/Final Aug 2018 - PKS Automation/Registration Module/Workflow/Login and Search Case For Workflow' successfully

2018-12-20 16:48:56 - [TEST_CASE][PASSED] - Test Cases/Final Aug 2018 - PKS Automation/Registration Module/Workflow/Login and Search Case For Workflow: Test Cases/Final Aug 2018 - PKS Automation/Registration Module/Workflow/Login and Search Case For Workflow

2018-12-20 16:48:56 - [TEST_STEP][PASSED] - navigateToUrl: Navigate to 'https://assist2-uat.perkeso.gov.my/login' successfully

2018-12-20 16:48:57 - [MESSAGE][PASSED] - Navigate to 'https://assist2-uat.perkeso.gov.my/login' successfully

2018-12-20 16:48:57 - [TEST_STEP][PASSED] - setText: Text 'johoruo1@gmail.com' is set on object 'Object Repository/Final Object Repo/Login Page/Internal User/Email Address'

2018-12-20 16:48:57 - [MESSAGE][PASSED] - Text 'johoruo1@gmail.com' is set on object 'Object Repository/Final Object Repo/Login Page/Internal User/Email Address'

2018-12-20 16:48:57 - [TEST_STEP][PASSED] - click: Object: 'Object Repository/Final Object Repo/Login Page/Internal User/Next Button' is clicked on

2018-12-20 16:48:57 - [MESSAGE][PASSED] - Object: 'Object Repository/Final Object Repo/Login Page/Internal User/Next Button' is clicked on

2018-12-20 16:48:57 - [TEST_STEP][PASSED] - delay: Delayed 1 second(s)

2018-12-20 16:48:58 - [MESSAGE][PASSED] - Delayed 1 second(s)

2018-12-20 16:48:58 - [TEST_STEP][PASSED] - setEncryptedText: Text ****** has been set on object 'Object Repository/Final Object Repo/Login Page/Internal User/Password'

2018-12-20 16:48:58 - [MESSAGE][PASSED] - Text ****** has been set on object 'Object Repository/Final Object Repo/Login Page/Internal User/Password'

2018-12-20 16:48:58 - [TEST_STEP][PASSED] - click: Object: 'Object Repository/Final Object Repo/Login Page/Internal User/Login Button' is clicked on

2018-12-20 16:48:59 - [MESSAGE][PASSED] - Object: 'Object Repository/Final Object Repo/Login Page/Internal User/Login Button' is clicked on

2018-12-20 16:48:59 - [TEST_STEP][PASSED] - delay: Delayed 2 second(s)

2018-12-20 16:49:01 - [MESSAGE][PASSED] - Delayed 2 second(s)

2018-12-20 16:49:01 - [TEST_STEP][PASSED] - Statement - Try: Delayed 2 second(s)

2018-12-20 16:49:01 - [TEST_STEP][PASSED] - Statement - Checker = false: null

2018-12-20 16:49:01 - [TEST_STEP][PASSED] - Statement - Checker = com.kms.katalon.core.webui.keyword.WebUiBuiltInKeywords.verifyElementHasAttribute(com.kms.katalon.core.testobject.ObjectRepository.findTestObject(Final Object Repo/Landing Page/BM Detecting), "href", 20, OPTIONAL): Object 'Object Repository/Final Object Repo/Landing Page/BM Detecting' has attribute 'href'

2018-12-20 16:49:01 - [MESSAGE][PASSED] - Object 'Object Repository/Final Object Repo/Landing Page/BM Detecting' has attribute 'href'

2018-12-20 16:49:01 - [TEST_STEP][PASSED] - Statement - out.println(Checker): null

2018-12-20 16:49:01 - [TEST_STEP][PASSED] - Statement - If (Checker == false): null

2018-12-20 16:49:01 - [TEST_STEP][PASSED] - Statement - Else: null

2018-12-20 16:49:01 - [TEST_STEP][PASSED] - delay: Delayed 2 second(s)

2018-12-20 16:49:03 - [MESSAGE][PASSED] - Delayed 2 second(s)

2018-12-20 16:49:03 - [TEST_STEP][PASSED] - click: Object: 'Object Repository/Final Object Repo/Page_MyASSIST - ASSIST - Search Pending Case For Add Supporting Document/Search Information' is clicked on

2018-12-20 16:49:03 - [MESSAGE][PASSED] - Object: 'Object Repository/Final Object Repo/Page_MyASSIST - ASSIST - Search Pending Case For Add Supporting Document/Search Information' is clicked on

2018-12-20 16:49:03 - [TEST_STEP][PASSED] - delay: Delayed 3 second(s)

2018-12-20 16:49:06 - [MESSAGE][PASSED] - Delayed 3 second(s)

2018-12-20 16:49:06 - [TEST_STEP][PASSED] - sendKeys: Keys 'ERN122018C200002559' sent to object: 'Object Repository/Final Object Repo/Page_MyASSIST - ASSIST - Search Pending Case For Add Supporting Document/Reference No'

2018-12-20 16:49:06 - [MESSAGE][PASSED] - Keys 'ERN122018C200002559' sent to object: 'Object Repository/Final Object Repo/Page_MyASSIST - ASSIST - Search Pending Case For Add Supporting Document/Reference No'

2018-12-20 16:49:06 - [TEST_STEP][PASSED] - click: Object: 'Object Repository/Final Object Repo/Page_MyASSIST - ASSIST - Search Pending Case For Add Supporting Document/Search Reference No' is clicked on

2018-12-20 16:49:06 - [MESSAGE][PASSED] - Object: 'Object Repository/Final Object Repo/Page_MyASSIST - ASSIST - Search Pending Case For Add Supporting Document/Search Reference No' is clicked on

2018-12-20 16:49:06 - [TEST_STEP][PASSED] - delay: Delayed 2 second(s)

2018-12-20 16:49:08 - [MESSAGE][PASSED] - Delayed 2 second(s)

2018-12-20 16:49:08 - [TEST_STEP][PASSED] - click: Object: 'Object Repository/Final Object Repo/Page_MyASSIST - ASSIST - Search Pending Case For Add Supporting Document/Continue' is clicked on

2018-12-20 16:49:11 - [MESSAGE][PASSED] - Object: 'Object Repository/Final Object Repo/Page_MyASSIST - ASSIST - Search Pending Case For Add Supporting Document/Continue' is clicked on

2018-12-20 16:49:11 - [TEST_STEP][PASSED] - delay: Delayed 20 second(s)

2018-12-20 16:49:31 - [MESSAGE][PASSED] - Delayed 20 second(s)

2018-12-20 16:49:31 - [MESSAGE][PASSED] - Call Test Case 'Test Cases/Final Aug 2018 - PKS Automation/Registration Module/Workflow/Login and Search Case For Workflow' successfully

2018-12-20 16:49:31 - [TEST_STEP][PASSED] - click: Object: 'Object Repository/Final Object Repo/Page_Form 3 EIS - Cessation as Employer/Page_Form 3 EIS - Cessation as Employer (Approve)/Save  Continue in Form 3 Page' is clicked on

2018-12-20 16:49:32 - [MESSAGE][PASSED] - Object: 'Object Repository/Final Object Repo/Page_Form 3 EIS - Cessation as Employer/Page_Form 3 EIS - Cessation as Employer (Approve)/Save  Continue in Form 3 Page' is clicked on

2018-12-20 16:49:32 - [TEST_STEP][PASSED] - delay: Delayed 2 second(s)

2018-12-20 16:49:34 - [MESSAGE][PASSED] - Delayed 2 second(s)

2018-12-20 16:49:34 - [TEST_STEP][PASSED] - click: Object: 'Object Repository/Final Object Repo/Page_Form 3 EIS - Cessation as Employer/Page_Form 3 EIS - Cessation as Employer (Approve)/Save  Continue in Resigned Page' is clicked on

2018-12-20 16:49:34 - [MESSAGE][PASSED] - Object: 'Object Repository/Final Object Repo/Page_Form 3 EIS - Cessation as Employer/Page_Form 3 EIS - Cessation as Employer (Approve)/Save  Continue in Resigned Page' is clicked on

2018-12-20 16:49:34 - [TEST_STEP][PASSED] - delay: Delayed 2 second(s)

2018-12-20 16:49:36 - [MESSAGE][PASSED] - Delayed 2 second(s)

2018-12-20 16:49:36 - [TEST_STEP][PASSED] - click: Object: 'Object Repository/Final Object Repo/Page_Form 3 EIS - Cessation as Employer/Page_Form 3 EIS - Cessation as Employer (Approve)/Save  Continue in Uploading Page' is clicked on

2018-12-20 16:49:37 - [MESSAGE][PASSED] - Object: 'Object Repository/Final Object Repo/Page_Form 3 EIS - Cessation as Employer/Page_Form 3 EIS - Cessation as Employer (Approve)/Save  Continue in Uploading Page' is clicked on

2018-12-20 16:49:37 - [TEST_STEP][PASSED] - delay: Delayed 2 second(s)

2018-12-20 16:49:39 - [MESSAGE][PASSED] - Delayed 2 second(s)

2018-12-20 16:49:39 - [TEST_STEP][PASSED] - click: Object: 'Object Repository/Final Object Repo/Page_Form 3 EIS - Cessation as Employer/Page_Form 3 EIS - Cessation as Employer (Reject)/Reject' is clicked on

2018-12-20 16:49:42 - [MESSAGE][PASSED] - Object: 'Object Repository/Final Object Repo/Page_Form 3 EIS - Cessation as Employer/Page_Form 3 EIS - Cessation as Employer (Reject)/Reject' is clicked on

2018-12-20 16:49:42 - [TEST_STEP][PASSED] - delay: Delayed 2 second(s)

2018-12-20 16:49:44 - [MESSAGE][PASSED] - Delayed 2 second(s)

2018-12-20 16:49:44 - [TEST_STEP][PASSED] - click: Object: 'Object Repository/Final Object Repo/Page_Form 3 EIS - Cessation as Employer/Page_Form 3 EIS - Cessation as Employer (Reject)/Confirm' is clicked on

2018-12-20 16:49:44 - [MESSAGE][PASSED] - Object: 'Object Repository/Final Object Repo/Page_Form 3 EIS - Cessation as Employer/Page_Form 3 EIS - Cessation as Employer (Reject)/Confirm' is clicked on

2018-12-20 16:49:44 - [TEST_STEP][PASSED] - delay: Delayed 2 second(s)

2018-12-20 16:49:46 - [MESSAGE][PASSED] - Delayed 2 second(s)

2018-12-20 16:49:46 - [TEST_STEP][PASSED] - click: Object: 'Object Repository/Final Object Repo/Page_Form 3 EIS - Cessation as Employer/Page_Form 3 EIS - Cessation as Employer (Reject)/Message This Case has been Rejected' is clicked on

2018-12-20 16:49:51 - [MESSAGE][PASSED] - Object: 'Object Repository/Final Object Repo/Page_Form 3 EIS - Cessation as Employer/Page_Form 3 EIS - Cessation as Employer (Reject)/Message This Case has been Rejected' is clicked on

2018-12-20 16:49:51 - [TEST_STEP][PASSED] - click: Object: 'Object Repository/Final Object Repo/Page_Form 3 EIS - Cessation as Employer/Page_Form 3 EIS - Cessation as Employer (Reject)/Letter of update rejection' is clicked on

2018-12-20 16:49:51 - [MESSAGE][PASSED] - Object: 'Object Repository/Final Object Repo/Page_Form 3 EIS - Cessation as Employer/Page_Form 3 EIS - Cessation as Employer (Reject)/Letter of update rejection' is clicked on

2018-12-20 16:49:51 - [MESSAGE][PASSED] - Call Test Case 'Test Cases/Final Aug 2018 - PKS Automation/Registration Module/Workflow/Form 3 EIS - Cessation As Employer/Template/Form 3 A - Cessation As Employer (Query)' successfully]]></system-out>
         <system-err><![CDATA[]]></system-err>
      </testcase>
      <testcase name="Test Cases/Final Aug 2018 - PKS Automation/Registration Module/Workflow/Form 3 EIS - Cessation As Employer/OTC to UO (Reject)" classname="Test Cases/Final Aug 2018 - PKS Automation/Registration Module/Workflow/Form 3 EIS - Cessation As Employer/OTC to UO (Reject)" status="PASSED">
         <system-out><![CDATA[2018-12-20 16:49:51 - [TEST_CASE][PASSED] - Test Cases/Final Aug 2018 - PKS Automation/Registration Module/Workflow/Form 3 EIS - Cessation As Employer/OTC to UO (Reject): Test Cases/Final Aug 2018 - PKS Automation/Registration Module/Workflow/Form 3 EIS - Cessation As Employer/OTC to UO (Reject)

2018-12-20 16:49:51 - [TEST_STEP][PASSED] - callTestCase: Call Test Case 'Test Cases/Final Aug 2018 - PKS Automation/Registration Module/Workflow/Form 3 EIS - Cessation As Employer/Template/Form 3 A - Cessation As Employer (OTC)' successfully

2018-12-20 16:49:51 - [TEST_CASE][PASSED] - Test Cases/Final Aug 2018 - PKS Automation/Registration Module/Workflow/Form 3 EIS - Cessation As Employer/Template/Form 3 A - Cessation As Employer (OTC): Test Cases/Final Aug 2018 - PKS Automation/Registration Module/Workflow/Form 3 EIS - Cessation As Employer/Template/Form 3 A - Cessation As Employer (OTC)

2018-12-20 16:49:51 - [TEST_STEP][PASSED] - openBrowser: Browser is opened with url: ''

2018-12-20 16:49:51 - [MESSAGE][WARNING] - A browser is already opened. Closing browser and opening a new one

2018-12-20 16:49:54 - [MESSAGE][PASSED] - Browser is opened with url: ''

2018-12-20 16:49:54 - [TEST_STEP][PASSED] - navigateToUrl: Navigate to 'https://assist2-uat.perkeso.gov.my/login' successfully

2018-12-20 16:49:55 - [MESSAGE][PASSED] - Navigate to 'https://assist2-uat.perkeso.gov.my/login' successfully

2018-12-20 16:49:55 - [TEST_STEP][PASSED] - setText: Text 'johorotc1@gmail.com' is set on object 'Object Repository/Final Object Repo/Login Page/Internal User/Email Address'

2018-12-20 16:49:56 - [MESSAGE][PASSED] - Text 'johorotc1@gmail.com' is set on object 'Object Repository/Final Object Repo/Login Page/Internal User/Email Address'

2018-12-20 16:49:56 - [TEST_STEP][PASSED] - click: Object: 'Object Repository/Final Object Repo/Login Page/Internal User/Next Button' is clicked on

2018-12-20 16:49:56 - [MESSAGE][PASSED] - Object: 'Object Repository/Final Object Repo/Login Page/Internal User/Next Button' is clicked on

2018-12-20 16:49:56 - [TEST_STEP][PASSED] - delay: Delayed 1 second(s)

2018-12-20 16:49:57 - [MESSAGE][PASSED] - Delayed 1 second(s)

2018-12-20 16:49:57 - [TEST_STEP][PASSED] - setEncryptedText: Text ****** has been set on object 'Object Repository/Final Object Repo/Login Page/Internal User/Password'

2018-12-20 16:49:57 - [MESSAGE][PASSED] - Text ****** has been set on object 'Object Repository/Final Object Repo/Login Page/Internal User/Password'

2018-12-20 16:49:57 - [TEST_STEP][PASSED] - click: Object: 'Object Repository/Final Object Repo/Login Page/Internal User/Login Button' is clicked on

2018-12-20 16:49:57 - [MESSAGE][PASSED] - Object: 'Object Repository/Final Object Repo/Login Page/Internal User/Login Button' is clicked on

2018-12-20 16:49:57 - [TEST_STEP][PASSED] - delay: Delayed 1 second(s)

2018-12-20 16:49:58 - [MESSAGE][PASSED] - Delayed 1 second(s)

2018-12-20 16:49:58 - [TEST_STEP][PASSED] - Statement - Try: Delayed 2 second(s)

2018-12-20 16:49:58 - [TEST_STEP][PASSED] - Statement - Checker = false: null

2018-12-20 16:49:58 - [TEST_STEP][PASSED] - Statement - Checker = com.kms.katalon.core.webui.keyword.WebUiBuiltInKeywords.verifyElementHasAttribute(com.kms.katalon.core.testobject.ObjectRepository.findTestObject(Final Object Repo/Landing Page/BM Detecting), "href", 20, OPTIONAL): Object 'Object Repository/Final Object Repo/Landing Page/BM Detecting' has attribute 'href'

2018-12-20 16:50:00 - [MESSAGE][PASSED] - Object 'Object Repository/Final Object Repo/Landing Page/BM Detecting' has attribute 'href'

2018-12-20 16:50:00 - [TEST_STEP][PASSED] - Statement - out.println(Checker): null

2018-12-20 16:50:00 - [TEST_STEP][PASSED] - Statement - If (Checker == false): null

2018-12-20 16:50:00 - [TEST_STEP][PASSED] - Statement - Else: null

2018-12-20 16:50:00 - [TEST_STEP][PASSED] - delay: Delayed 2 second(s)

2018-12-20 16:50:02 - [MESSAGE][PASSED] - Delayed 2 second(s)

2018-12-20 16:50:02 - [TEST_STEP][PASSED] - navigateToUrl: Navigate to 'https://assist2-uat.perkeso.gov.my/web/registration/eis-update/form-3-eis-cessation-as-employer' successfully

2018-12-20 16:50:03 - [MESSAGE][PASSED] - Navigate to 'https://assist2-uat.perkeso.gov.my/web/registration/eis-update/form-3-eis-cessation-as-employer' successfully

2018-12-20 16:50:03 - [TEST_STEP][PASSED] - delay: Delayed 1 second(s)

2018-12-20 16:50:04 - [MESSAGE][PASSED] - Delayed 1 second(s)

2018-12-20 16:50:04 - [TEST_STEP][PASSED] - setText: Text 'E1102069769W' is set on object 'Object Repository/Final Object Repo/Page_Form 3 EIS - Cessation as Employer/Employer Code'

2018-12-20 16:50:04 - [MESSAGE][PASSED] - Text 'E1102069769W' is set on object 'Object Repository/Final Object Repo/Page_Form 3 EIS - Cessation as Employer/Employer Code'

2018-12-20 16:50:04 - [TEST_STEP][PASSED] - click: Object: 'Object Repository/Final Object Repo/Page_Form 3 EIS - Cessation as Employer/Search' is clicked on

2018-12-20 16:50:04 - [MESSAGE][PASSED] - Object: 'Object Repository/Final Object Repo/Page_Form 3 EIS - Cessation as Employer/Search' is clicked on

2018-12-20 16:50:04 - [TEST_STEP][PASSED] - click: Object: 'Object Repository/Final Object Repo/Page_Form 3 EIS - Cessation as Employer/Edit' is clicked on

2018-12-20 16:50:06 - [MESSAGE][PASSED] - Object: 'Object Repository/Final Object Repo/Page_Form 3 EIS - Cessation as Employer/Edit' is clicked on

2018-12-20 16:50:06 - [TEST_STEP][PASSED] - delay: Delayed 1 second(s)

2018-12-20 16:50:07 - [MESSAGE][PASSED] - Delayed 1 second(s)

2018-12-20 16:50:07 - [TEST_STEP][PASSED] - Statement - abc = com.kms.katalon.core.webui.keyword.WebUiBuiltInKeywords.getAttribute(com.kms.katalon.core.testobject.ObjectRepository.findTestObject(Final Object Repo/Page_Form 3 EIS - Cessation as Employer/Employer Status), "value"): Attribute 'value' of object 'Object Repository/Final Object Repo/Page_Form 3 EIS - Cessation as Employer/Employer Status' is: 'Active'

2018-12-20 16:50:07 - [MESSAGE][PASSED] - Attribute 'value' of object 'Object Repository/Final Object Repo/Page_Form 3 EIS - Cessation as Employer/Employer Status' is: 'Active'

2018-12-20 16:50:07 - [TEST_STEP][PASSED] - Statement - out.println(abc): null

2018-12-20 16:50:07 - [TEST_STEP][PASSED] - Statement - If (abc == "Active"): Object: 'Object Repository/Final Object Repo/Page_Form 3 EIS - Cessation as Employer/Dormant EIS' is clicked on

2018-12-20 16:50:07 - [TEST_STEP][PASSED] - click: Object: 'Object Repository/Final Object Repo/Page_Form 3 EIS - Cessation as Employer/Change Employer Status to' is clicked on

2018-12-20 16:50:08 - [MESSAGE][PASSED] - Object: 'Object Repository/Final Object Repo/Page_Form 3 EIS - Cessation as Employer/Change Employer Status to' is clicked on

2018-12-20 16:50:08 - [TEST_STEP][PASSED] - click: Object: 'Object Repository/Final Object Repo/Page_Form 3 EIS - Cessation as Employer/Dormant EIS' is clicked on

2018-12-20 16:50:08 - [MESSAGE][PASSED] - Object: 'Object Repository/Final Object Repo/Page_Form 3 EIS - Cessation as Employer/Dormant EIS' is clicked on

2018-12-20 16:50:08 - [TEST_STEP][PASSED] - click: Object: 'Object Repository/Final Object Repo/Page_Form 3 EIS - Cessation as Employer/Calender' is clicked on

2018-12-20 16:50:08 - [MESSAGE][PASSED] - Object: 'Object Repository/Final Object Repo/Page_Form 3 EIS - Cessation as Employer/Calender' is clicked on

2018-12-20 16:50:08 - [TEST_STEP][PASSED] - delay: Delayed 1 second(s)

2018-12-20 16:50:09 - [MESSAGE][PASSED] - Delayed 1 second(s)

2018-12-20 16:50:09 - [TEST_STEP][PASSED] - click: Object: 'Object Repository/Final Object Repo/Page_Form 3 EIS - Cessation as Employer/Calender - Date' is clicked on

2018-12-20 16:50:09 - [MESSAGE][PASSED] - Object: 'Object Repository/Final Object Repo/Page_Form 3 EIS - Cessation as Employer/Calender - Date' is clicked on

2018-12-20 16:50:09 - [TEST_STEP][PASSED] - click: Object: 'Object Repository/Final Object Repo/Page_Form 3 EIS - Cessation as Employer/Save  Continue in Form 3 EIS Page' is clicked on

2018-12-20 16:50:09 - [MESSAGE][PASSED] - Object: 'Object Repository/Final Object Repo/Page_Form 3 EIS - Cessation as Employer/Save  Continue in Form 3 EIS Page' is clicked on

2018-12-20 16:50:09 - [TEST_STEP][PASSED] - delay: Delayed 1 second(s)

2018-12-20 16:50:10 - [MESSAGE][PASSED] - Delayed 1 second(s)

2018-12-20 16:50:10 - [TEST_STEP][PASSED] - click: Object: 'Object Repository/Final Object Repo/Page_Form 3 EIS - Cessation as Employer/Employment Resign Date' is clicked on

2018-12-20 16:50:11 - [MESSAGE][PASSED] - Object: 'Object Repository/Final Object Repo/Page_Form 3 EIS - Cessation as Employer/Employment Resign Date' is clicked on

2018-12-20 16:50:11 - [TEST_STEP][PASSED] - selectOptionByValue: All options with value '2030' are selected in object 'Object Repository/Final Object Repo/Page_Form 3 EIS - Cessation as Employer/Employment Resign Date - Year' 

2018-12-20 16:50:11 - [MESSAGE][PASSED] - All options with value '2030' are selected in object 'Object Repository/Final Object Repo/Page_Form 3 EIS - Cessation as Employer/Employment Resign Date - Year' 

2018-12-20 16:50:11 - [TEST_STEP][PASSED] - delay: Delayed 2 second(s)

2018-12-20 16:50:13 - [MESSAGE][PASSED] - Delayed 2 second(s)

2018-12-20 16:50:13 - [TEST_STEP][PASSED] - click: Object: 'Object Repository/Final Object Repo/Page_Form 3 EIS - Cessation as Employer/Employment Resign Date - Year - Date' is clicked on

2018-12-20 16:50:13 - [MESSAGE][PASSED] - Object: 'Object Repository/Final Object Repo/Page_Form 3 EIS - Cessation as Employer/Employment Resign Date - Year - Date' is clicked on

2018-12-20 16:50:13 - [TEST_STEP][PASSED] - delay: Delayed 2 second(s)

2018-12-20 16:50:15 - [MESSAGE][PASSED] - Delayed 2 second(s)

2018-12-20 16:50:15 - [TEST_STEP][PASSED] - click: Object: 'Object Repository/Final Object Repo/Page_Form 3 EIS - Cessation as Employer/Save  Continue in Employment Resign Page' is clicked on

2018-12-20 16:50:16 - [MESSAGE][PASSED] - Object: 'Object Repository/Final Object Repo/Page_Form 3 EIS - Cessation as Employer/Save  Continue in Employment Resign Page' is clicked on

2018-12-20 16:50:16 - [TEST_STEP][PASSED] - delay: Delayed 2 second(s)

2018-12-20 16:50:18 - [MESSAGE][PASSED] - Delayed 2 second(s)

2018-12-20 16:50:18 - [TEST_STEP][PASSED] - click: Object: 'Object Repository/Final Object Repo/Page_Form 3 EIS - Cessation as Employer/Set Latest - Yes' is clicked on

2018-12-20 16:50:18 - [MESSAGE][PASSED] - Object: 'Object Repository/Final Object Repo/Page_Form 3 EIS - Cessation as Employer/Set Latest - Yes' is clicked on

2018-12-20 16:50:18 - [TEST_STEP][PASSED] - delay: Delayed 2 second(s)

2018-12-20 16:50:20 - [MESSAGE][PASSED] - Delayed 2 second(s)

2018-12-20 16:50:20 - [TEST_STEP][PASSED] - click: Object: 'Object Repository/Final Object Repo/Page_Form 3 EIS - Cessation as Employer/Add Document' is clicked on

2018-12-20 16:50:21 - [MESSAGE][PASSED] - Object: 'Object Repository/Final Object Repo/Page_Form 3 EIS - Cessation as Employer/Add Document' is clicked on

2018-12-20 16:50:21 - [TEST_STEP][PASSED] - delay: Delayed 3 second(s)

2018-12-20 16:50:24 - [MESSAGE][PASSED] - Delayed 3 second(s)

2018-12-20 16:50:24 - [TEST_STEP][PASSED] - click: Object: 'Object Repository/Final Object Repo/Page_Form 3 EIS - Cessation as Employer/Document Type' is clicked on

2018-12-20 16:50:24 - [MESSAGE][PASSED] - Object: 'Object Repository/Final Object Repo/Page_Form 3 EIS - Cessation as Employer/Document Type' is clicked on

2018-12-20 16:50:24 - [TEST_STEP][PASSED] - click: Object: 'Object Repository/Final Object Repo/Page_Form 3 EIS - Cessation as Employer/Document Type - Form 3' is clicked on

2018-12-20 16:50:24 - [MESSAGE][PASSED] - Object: 'Object Repository/Final Object Repo/Page_Form 3 EIS - Cessation as Employer/Document Type - Form 3' is clicked on

2018-12-20 16:50:24 - [TEST_STEP][PASSED] - delay: Delayed 2 second(s)

2018-12-20 16:50:26 - [MESSAGE][PASSED] - Delayed 2 second(s)

2018-12-20 16:50:26 - [TEST_STEP][PASSED] - sendKeys: Keys 'C:\Users\Public\Pictures\Sample Pictures\Koala.jpg' sent to object: 'Object Repository/Final Object Repo/Page_Form 3 EIS - Cessation as Employer/ploading File'

2018-12-20 16:50:26 - [MESSAGE][PASSED] - Keys 'C:\Users\Public\Pictures\Sample Pictures\Koala.jpg' sent to object: 'Object Repository/Final Object Repo/Page_Form 3 EIS - Cessation as Employer/ploading File'

2018-12-20 16:50:26 - [TEST_STEP][PASSED] - delay: Delayed 1 second(s)

2018-12-20 16:50:27 - [MESSAGE][PASSED] - Delayed 1 second(s)

2018-12-20 16:50:27 - [TEST_STEP][PASSED] - click: Object: 'Object Repository/Final Object Repo/Page_Form 3 EIS - Cessation as Employer/Add Document in Uploading Page' is clicked on

2018-12-20 16:50:28 - [MESSAGE][PASSED] - Object: 'Object Repository/Final Object Repo/Page_Form 3 EIS - Cessation as Employer/Add Document in Uploading Page' is clicked on

2018-12-20 16:50:28 - [TEST_STEP][PASSED] - delay: Delayed 2 second(s)

2018-12-20 16:50:30 - [MESSAGE][PASSED] - Delayed 2 second(s)

2018-12-20 16:50:30 - [TEST_STEP][PASSED] - Statement - CaseReferenceNo = com.kms.katalon.core.webui.keyword.WebUiBuiltInKeywords.getText(com.kms.katalon.core.testobject.ObjectRepository.findTestObject(Final Object Repo/Page_Update Employer Information/Reference Number in Update Employee Information Page)): Text of object 'Object Repository/Final Object Repo/Page_Update Employer Information/Reference Number in Update Employee Information Page' is: 'ERN122018C200002560'

2018-12-20 16:50:32 - [MESSAGE][PASSED] - Text of object 'Object Repository/Final Object Repo/Page_Update Employer Information/Reference Number in Update Employee Information Page' is: 'ERN122018C200002560'

2018-12-20 16:50:32 - [TEST_STEP][PASSED] - callTestCase: Call Test Case 'Test Cases/Final Aug 2018 - PKS Automation/Common/Reference Number Setter' successfully

2018-12-20 16:50:32 - [TEST_CASE][PASSED] - Test Cases/Final Aug 2018 - PKS Automation/Common/Reference Number Setter: Test Cases/Final Aug 2018 - PKS Automation/Common/Reference Number Setter

2018-12-20 16:50:32 - [TEST_STEP][PASSED] - Statement - RefNoOldFile = new java.io.File(C://Users//Admin//Desktop//PKS//Automation Reference Point//KatalonReference.txt): null

2018-12-20 16:50:32 - [TEST_STEP][PASSED] - Statement - RefNoOldFile.delete(): null

2018-12-20 16:50:32 - [TEST_STEP][PASSED] - delay: Delayed 5 second(s)

2018-12-20 16:50:37 - [MESSAGE][PASSED] - Delayed 5 second(s)

2018-12-20 16:50:37 - [TEST_STEP][PASSED] - Statement - RefNo = new java.io.File(C://Users//Admin//Desktop//PKS//Automation Reference Point//KatalonReference.txt): null

2018-12-20 16:50:37 - [TEST_STEP][PASSED] - Statement - f2 = new java.io.FileWriter(RefNo, false): null

2018-12-20 16:50:37 - [TEST_STEP][PASSED] - Statement - f2.write(CaseReferenceNo): null

2018-12-20 16:50:37 - [TEST_STEP][PASSED] - Statement - f2.close(): null

2018-12-20 16:50:37 - [TEST_STEP][PASSED] - Statement - out.println("


" + CaseReferenceNo + "


"): null

2018-12-20 16:50:37 - [MESSAGE][PASSED] - Call Test Case 'Test Cases/Final Aug 2018 - PKS Automation/Common/Reference Number Setter' successfully

2018-12-20 16:50:37 - [TEST_STEP][PASSED] - delay: Delayed 2 second(s)

2018-12-20 16:50:39 - [MESSAGE][PASSED] - Delayed 2 second(s)

2018-12-20 16:50:39 - [TEST_STEP][PASSED] - click: Object: 'Object Repository/Final Object Repo/Page_Form 3 EIS - Cessation as Employer/Save  Continue in Uploading Page' is clicked on

2018-12-20 16:50:39 - [MESSAGE][PASSED] - Object: 'Object Repository/Final Object Repo/Page_Form 3 EIS - Cessation as Employer/Save  Continue in Uploading Page' is clicked on

2018-12-20 16:50:39 - [TEST_STEP][PASSED] - delay: Delayed 2 second(s)

2018-12-20 16:50:41 - [MESSAGE][PASSED] - Delayed 2 second(s)

2018-12-20 16:50:41 - [TEST_STEP][PASSED] - click: Object: 'Object Repository/Final Object Repo/Page_Form 3 EIS - Cessation as Employer/Submit' is clicked on

2018-12-20 16:50:44 - [MESSAGE][PASSED] - Object: 'Object Repository/Final Object Repo/Page_Form 3 EIS - Cessation as Employer/Submit' is clicked on

2018-12-20 16:50:44 - [TEST_STEP][PASSED] - delay: Delayed 2 second(s)

2018-12-20 16:50:46 - [MESSAGE][PASSED] - Delayed 2 second(s)

2018-12-20 16:50:46 - [TEST_STEP][PASSED] - click: Object: 'Object Repository/Final Object Repo/Page_Form 3 EIS - Cessation as Employer/Confirm' is clicked on

2018-12-20 16:50:46 - [MESSAGE][PASSED] - Object: 'Object Repository/Final Object Repo/Page_Form 3 EIS - Cessation as Employer/Confirm' is clicked on

2018-12-20 16:50:46 - [TEST_STEP][PASSED] - delay: Delayed 2 second(s)

2018-12-20 16:50:48 - [MESSAGE][PASSED] - Delayed 2 second(s)

2018-12-20 16:50:48 - [TEST_STEP][PASSED] - click: Object: 'Object Repository/Final Object Repo/Page_Form 3 EIS - Cessation as Employer/Message Your Request will be routed to UO' is clicked on

2018-12-20 16:50:51 - [MESSAGE][PASSED] - Object: 'Object Repository/Final Object Repo/Page_Form 3 EIS - Cessation as Employer/Message Your Request will be routed to UO' is clicked on

2018-12-20 16:50:51 - [TEST_STEP][PASSED] - click: Object: 'Object Repository/Final Object Repo/Page_Form 3 EIS - Cessation as Employer/Letter of acknowledgement' is clicked on

2018-12-20 16:50:52 - [MESSAGE][PASSED] - Object: 'Object Repository/Final Object Repo/Page_Form 3 EIS - Cessation as Employer/Letter of acknowledgement' is clicked on

2018-12-20 16:50:52 - [MESSAGE][PASSED] - Call Test Case 'Test Cases/Final Aug 2018 - PKS Automation/Registration Module/Workflow/Form 3 EIS - Cessation As Employer/Template/Form 3 A - Cessation As Employer (OTC)' successfully

2018-12-20 16:50:52 - [TEST_STEP][PASSED] - callTestCase: Call Test Case 'Test Cases/Final Aug 2018 - PKS Automation/Registration Module/Workflow/Form 3 EIS - Cessation As Employer/Template/Form 3 A - Cessation As Employer (Reject)' successfully

2018-12-20 16:50:52 - [TEST_CASE][PASSED] - Test Cases/Final Aug 2018 - PKS Automation/Registration Module/Workflow/Form 3 EIS - Cessation As Employer/Template/Form 3 A - Cessation As Employer (Reject): Test Cases/Final Aug 2018 - PKS Automation/Registration Module/Workflow/Form 3 EIS - Cessation As Employer/Template/Form 3 A - Cessation As Employer (Reject)

2018-12-20 16:50:52 - [TEST_STEP][NOT_RUN] - callTestCase: NOT_RUN: callTestCase

2018-12-20 16:50:52 - [MESSAGE][NOT_RUN] - NOT_RUN: callTestCase

2018-12-20 16:50:52 - [TEST_STEP][PASSED] - delay: Delayed 1 second(s)

2018-12-20 16:50:53 - [MESSAGE][PASSED] - Delayed 1 second(s)

2018-12-20 16:50:53 - [TEST_STEP][PASSED] - navigateToUrl: Navigate to 'https://assist2-uat.perkeso.gov.my/c/portal/logout' successfully

2018-12-20 16:50:54 - [MESSAGE][PASSED] - Navigate to 'https://assist2-uat.perkeso.gov.my/c/portal/logout' successfully

2018-12-20 16:50:54 - [TEST_STEP][PASSED] - delay: Delayed 1 second(s)

2018-12-20 16:50:55 - [MESSAGE][PASSED] - Delayed 1 second(s)

2018-12-20 16:50:55 - [TEST_STEP][PASSED] - callTestCase: Call Test Case 'Test Cases/Final Aug 2018 - PKS Automation/Common/Reference Number Getter' successfully

2018-12-20 16:50:55 - [TEST_CASE][PASSED] - Test Cases/Final Aug 2018 - PKS Automation/Common/Reference Number Getter: Test Cases/Final Aug 2018 - PKS Automation/Common/Reference Number Getter

2018-12-20 16:50:55 - [TEST_STEP][PASSED] - Statement - Try: null

2018-12-20 16:50:55 - [TEST_STEP][PASSED] - Statement - RefNo = new java.io.File(C://Users//Admin//Desktop//PKS//Automation Reference Point//KatalonReference.txt): null

2018-12-20 16:50:55 - [TEST_STEP][PASSED] - Statement - bufferread = new java.io.BufferedReader(new java.io.FileReader(RefNo)): null

2018-12-20 16:50:55 - [TEST_STEP][PASSED] - Statement - readedVal = bufferread.readLine(): null

2018-12-20 16:50:55 - [TEST_STEP][PASSED] - Statement - out.println(CaseReferenceNo): null

2018-12-20 16:50:55 - [TEST_STEP][PASSED] - Statement - out.println(readedVal): null

2018-12-20 16:50:55 - [TEST_STEP][PASSED] - Statement - CaseReferenceNo = "": null

2018-12-20 16:50:55 - [TEST_STEP][PASSED] - Statement - CaseReferenceNo = readedVal: null

2018-12-20 16:50:55 - [MESSAGE][PASSED] - Call Test Case 'Test Cases/Final Aug 2018 - PKS Automation/Common/Reference Number Getter' successfully

2018-12-20 16:50:55 - [TEST_STEP][PASSED] - callTestCase: Call Test Case 'Test Cases/Final Aug 2018 - PKS Automation/Common/Workflow Owner Finder' successfully

2018-12-20 16:50:55 - [TEST_CASE][PASSED] - Test Cases/Final Aug 2018 - PKS Automation/Common/Workflow Owner Finder: Test Cases/Final Aug 2018 - PKS Automation/Common/Workflow Owner Finder

2018-12-20 16:50:55 - [TEST_STEP][PASSED] - openBrowser: Browser is opened with url: ''

2018-12-20 16:50:55 - [MESSAGE][WARNING] - A browser is already opened. Closing browser and opening a new one

2018-12-20 16:50:58 - [MESSAGE][PASSED] - Browser is opened with url: ''

2018-12-20 16:50:58 - [TEST_STEP][PASSED] - navigateToUrl: Navigate to 'https://assist2-uat.perkeso.gov.my/login' successfully

2018-12-20 16:50:59 - [MESSAGE][PASSED] - Navigate to 'https://assist2-uat.perkeso.gov.my/login' successfully

2018-12-20 16:50:59 - [TEST_STEP][PASSED] - delay: Delayed 5 second(s)

2018-12-20 16:51:04 - [MESSAGE][PASSED] - Delayed 5 second(s)

2018-12-20 16:51:04 - [TEST_STEP][PASSED] - setText: Text 'test@liferay.com' is set on object 'Object Repository/Final Object Repo/Login Page/Internal User/Email Address'

2018-12-20 16:51:04 - [MESSAGE][PASSED] - Text 'test@liferay.com' is set on object 'Object Repository/Final Object Repo/Login Page/Internal User/Email Address'

2018-12-20 16:51:04 - [TEST_STEP][PASSED] - click: Object: 'Object Repository/Final Object Repo/Login Page/Internal User/Next Button' is clicked on

2018-12-20 16:51:05 - [MESSAGE][PASSED] - Object: 'Object Repository/Final Object Repo/Login Page/Internal User/Next Button' is clicked on

2018-12-20 16:51:05 - [TEST_STEP][PASSED] - delay: Delayed 2 second(s)

2018-12-20 16:51:07 - [MESSAGE][PASSED] - Delayed 2 second(s)

2018-12-20 16:51:07 - [TEST_STEP][PASSED] - setText: Text 'test' is set on object 'Object Repository/Final Object Repo/Login Page/Internal User/Password'

2018-12-20 16:51:07 - [MESSAGE][PASSED] - Text 'test' is set on object 'Object Repository/Final Object Repo/Login Page/Internal User/Password'

2018-12-20 16:51:07 - [TEST_STEP][PASSED] - delay: Delayed 2 second(s)

2018-12-20 16:51:09 - [MESSAGE][PASSED] - Delayed 2 second(s)

2018-12-20 16:51:09 - [TEST_STEP][PASSED] - click: Object: 'Object Repository/Final Object Repo/Login Page/Internal User/Login Button' is clicked on

2018-12-20 16:51:09 - [MESSAGE][PASSED] - Object: 'Object Repository/Final Object Repo/Login Page/Internal User/Login Button' is clicked on

2018-12-20 16:51:09 - [TEST_STEP][PASSED] - Statement - tester = com.kms.katalon.core.testobject.ObjectRepository.findTestObject(Final Object Repo/Landing Page/Select to English): Finding Test Object with id 'Object Repository/Final Object Repo/Landing Page/Select to English'

2018-12-20 16:51:09 - [TEST_STEP][PASSED] - Statement - Try: Delayed 2 second(s)

2018-12-20 16:51:09 - [TEST_STEP][PASSED] - Statement - Checker = com.kms.katalon.core.webui.keyword.WebUiBuiltInKeywords.verifyElementNotPresent(tester, 3): Web element with id: 'Object Repository/Final Object Repo/Landing Page/Select to English' located by 'By.xpath: //a[@class = 'taglib-language-list-text' and @lang = 'en-US' and (contains(text(), 'EN') or contains(., 'EN'))]' is not present after '3' second(s)

2018-12-20 16:51:11 - [MESSAGE][PASSED] - Web element with id: 'Object Repository/Final Object Repo/Landing Page/Select to English' located by 'By.xpath: //a[@class = 'taglib-language-list-text' and @lang = 'en-US' and (contains(text(), 'EN') or contains(., 'EN'))]' is not present after '3' second(s)

2018-12-20 16:51:11 - [TEST_STEP][PASSED] - Statement - If (Checker == false): null

2018-12-20 16:51:11 - [TEST_STEP][PASSED] - delay: Delayed 2 second(s)

2018-12-20 16:51:13 - [MESSAGE][PASSED] - Delayed 2 second(s)

2018-12-20 16:51:13 - [TEST_STEP][PASSED] - delay: Delayed 5 second(s)

2018-12-20 16:51:18 - [MESSAGE][PASSED] - Delayed 5 second(s)

2018-12-20 16:51:18 - [TEST_STEP][PASSED] - mouseOver: Object: 'Object Repository/Final Object Repo/Landing Page/WorkFlow Menu' is hovered

2018-12-20 16:51:18 - [MESSAGE][PASSED] - Object: 'Object Repository/Final Object Repo/Landing Page/WorkFlow Menu' is hovered

2018-12-20 16:51:18 - [TEST_STEP][PASSED] - delay: Delayed 2 second(s)

2018-12-20 16:51:20 - [MESSAGE][PASSED] - Delayed 2 second(s)

2018-12-20 16:51:20 - [TEST_STEP][PASSED] - click: Object: 'Object Repository/Final Object Repo/Landing Page/Select to Workflow Listing' is clicked on

2018-12-20 16:51:21 - [MESSAGE][PASSED] - Object: 'Object Repository/Final Object Repo/Landing Page/Select to Workflow Listing' is clicked on

2018-12-20 16:51:21 - [TEST_STEP][PASSED] - delay: Delayed 2 second(s)

2018-12-20 16:51:23 - [MESSAGE][PASSED] - Delayed 2 second(s)

2018-12-20 16:51:23 - [TEST_STEP][PASSED] - click: Object: 'Object Repository/Final Object Repo/WorkFlow Listing Page/Search Information - To Put Ref No' is clicked on

2018-12-20 16:51:24 - [MESSAGE][PASSED] - Object: 'Object Repository/Final Object Repo/WorkFlow Listing Page/Search Information - To Put Ref No' is clicked on

2018-12-20 16:51:24 - [TEST_STEP][PASSED] - delay: Delayed 2 second(s)

2018-12-20 16:51:26 - [MESSAGE][PASSED] - Delayed 2 second(s)

2018-12-20 16:51:26 - [TEST_STEP][PASSED] - callTestCase: Call Test Case 'Test Cases/Final Aug 2018 - PKS Automation/Common/Reference Number Getter' successfully

2018-12-20 16:51:26 - [TEST_CASE][PASSED] - Test Cases/Final Aug 2018 - PKS Automation/Common/Reference Number Getter: Test Cases/Final Aug 2018 - PKS Automation/Common/Reference Number Getter

2018-12-20 16:51:26 - [TEST_STEP][PASSED] - Statement - Try: null

2018-12-20 16:51:26 - [TEST_STEP][PASSED] - Statement - RefNo = new java.io.File(C://Users//Admin//Desktop//PKS//Automation Reference Point//KatalonReference.txt): null

2018-12-20 16:51:26 - [TEST_STEP][PASSED] - Statement - bufferread = new java.io.BufferedReader(new java.io.FileReader(RefNo)): null

2018-12-20 16:51:26 - [TEST_STEP][PASSED] - Statement - readedVal = bufferread.readLine(): null

2018-12-20 16:51:26 - [TEST_STEP][PASSED] - Statement - out.println(CaseReferenceNo): null

2018-12-20 16:51:26 - [TEST_STEP][PASSED] - Statement - out.println(readedVal): null

2018-12-20 16:51:26 - [TEST_STEP][PASSED] - Statement - CaseReferenceNo = "": null

2018-12-20 16:51:26 - [TEST_STEP][PASSED] - Statement - CaseReferenceNo = readedVal: null

2018-12-20 16:51:26 - [MESSAGE][PASSED] - Call Test Case 'Test Cases/Final Aug 2018 - PKS Automation/Common/Reference Number Getter' successfully

2018-12-20 16:51:26 - [TEST_STEP][PASSED] - setText: Text 'ERN122018C200002560' is set on object 'Object Repository/Final Object Repo/WorkFlow Listing Page/Ref No Set Text'

2018-12-20 16:51:26 - [MESSAGE][PASSED] - Text 'ERN122018C200002560' is set on object 'Object Repository/Final Object Repo/WorkFlow Listing Page/Ref No Set Text'

2018-12-20 16:51:26 - [TEST_STEP][PASSED] - delay: Delayed 2 second(s)

2018-12-20 16:51:28 - [MESSAGE][PASSED] - Delayed 2 second(s)

2018-12-20 16:51:28 - [TEST_STEP][PASSED] - click: Object: 'Object Repository/Final Object Repo/WorkFlow Listing Page/Search Ref No Search Button' is clicked on

2018-12-20 16:51:28 - [MESSAGE][PASSED] - Object: 'Object Repository/Final Object Repo/WorkFlow Listing Page/Search Ref No Search Button' is clicked on

2018-12-20 16:51:28 - [TEST_STEP][PASSED] - delay: Delayed 6 second(s)

2018-12-20 16:51:34 - [MESSAGE][PASSED] - Delayed 6 second(s)

2018-12-20 16:51:34 - [TEST_STEP][PASSED] - click: Object: 'Object Repository/Final Object Repo/WorkFlow Listing Page/Click Continue Tooltip' is clicked on

2018-12-20 16:51:35 - [MESSAGE][PASSED] - Object: 'Object Repository/Final Object Repo/WorkFlow Listing Page/Click Continue Tooltip' is clicked on

2018-12-20 16:51:35 - [TEST_STEP][PASSED] - delay: Delayed 5 second(s)

2018-12-20 16:51:40 - [MESSAGE][PASSED] - Delayed 5 second(s)

2018-12-20 16:51:40 - [TEST_STEP][PASSED] - doubleClick: Object: 'Object Repository/Final Object Repo/WorkFlow Listing Page/Workflow Found - Listing 1' is double clicked on

2018-12-20 16:51:40 - [MESSAGE][PASSED] - Object: 'Object Repository/Final Object Repo/WorkFlow Listing Page/Workflow Found - Listing 1' is double clicked on

2018-12-20 16:51:40 - [TEST_STEP][PASSED] - Statement - println(OwnerID): null

2018-12-20 16:51:40 - [TEST_STEP][PASSED] - Statement - OwnerID = com.kms.katalon.core.webui.keyword.WebUiBuiltInKeywords.getText(com.kms.katalon.core.testobject.ObjectRepository.findTestObject(Final Object Repo/WorkFlow Listing Page/Workflow Found - Listing 1), STOP_ON_FAILURE): Text of object 'Object Repository/Final Object Repo/WorkFlow Listing Page/Workflow Found - Listing 1' is: 'JOHORuo2'

2018-12-20 16:51:40 - [MESSAGE][PASSED] - Text of object 'Object Repository/Final Object Repo/WorkFlow Listing Page/Workflow Found - Listing 1' is: 'JOHORuo2'

2018-12-20 16:51:40 - [TEST_STEP][PASSED] - Statement - OwnerID = OwnerID.toLowerCase() + "@gmail.com": null

2018-12-20 16:51:40 - [TEST_STEP][PASSED] - Statement - println(OwnerID): null

2018-12-20 16:51:40 - [TEST_STEP][PASSED] - delay: Delayed 2 second(s)

2018-12-20 16:51:42 - [MESSAGE][PASSED] - Delayed 2 second(s)

2018-12-20 16:51:42 - [MESSAGE][PASSED] - Call Test Case 'Test Cases/Final Aug 2018 - PKS Automation/Common/Workflow Owner Finder' successfully

2018-12-20 16:51:42 - [TEST_STEP][PASSED] - delay: Delayed 1 second(s)

2018-12-20 16:51:43 - [MESSAGE][PASSED] - Delayed 1 second(s)

2018-12-20 16:51:43 - [TEST_STEP][PASSED] - navigateToUrl: Navigate to 'https://assist2-uat.perkeso.gov.my/c/portal/logout' successfully

2018-12-20 16:51:44 - [MESSAGE][PASSED] - Navigate to 'https://assist2-uat.perkeso.gov.my/c/portal/logout' successfully

2018-12-20 16:51:44 - [TEST_STEP][PASSED] - delay: Delayed 1 second(s)

2018-12-20 16:51:45 - [MESSAGE][PASSED] - Delayed 1 second(s)

2018-12-20 16:51:45 - [TEST_STEP][PASSED] - callTestCase: Call Test Case 'Test Cases/Final Aug 2018 - PKS Automation/Registration Module/Workflow/Login and Search Case For Workflow' successfully

2018-12-20 16:51:45 - [TEST_CASE][PASSED] - Test Cases/Final Aug 2018 - PKS Automation/Registration Module/Workflow/Login and Search Case For Workflow: Test Cases/Final Aug 2018 - PKS Automation/Registration Module/Workflow/Login and Search Case For Workflow

2018-12-20 16:51:45 - [TEST_STEP][PASSED] - navigateToUrl: Navigate to 'https://assist2-uat.perkeso.gov.my/login' successfully

2018-12-20 16:51:46 - [MESSAGE][PASSED] - Navigate to 'https://assist2-uat.perkeso.gov.my/login' successfully

2018-12-20 16:51:46 - [TEST_STEP][PASSED] - setText: Text 'johoruo2@gmail.com' is set on object 'Object Repository/Final Object Repo/Login Page/Internal User/Email Address'

2018-12-20 16:51:46 - [MESSAGE][PASSED] - Text 'johoruo2@gmail.com' is set on object 'Object Repository/Final Object Repo/Login Page/Internal User/Email Address'

2018-12-20 16:51:46 - [TEST_STEP][PASSED] - click: Object: 'Object Repository/Final Object Repo/Login Page/Internal User/Next Button' is clicked on

2018-12-20 16:51:47 - [MESSAGE][PASSED] - Object: 'Object Repository/Final Object Repo/Login Page/Internal User/Next Button' is clicked on

2018-12-20 16:51:47 - [TEST_STEP][PASSED] - delay: Delayed 1 second(s)

2018-12-20 16:51:48 - [MESSAGE][PASSED] - Delayed 1 second(s)

2018-12-20 16:51:48 - [TEST_STEP][PASSED] - setEncryptedText: Text ****** has been set on object 'Object Repository/Final Object Repo/Login Page/Internal User/Password'

2018-12-20 16:51:48 - [MESSAGE][PASSED] - Text ****** has been set on object 'Object Repository/Final Object Repo/Login Page/Internal User/Password'

2018-12-20 16:51:48 - [TEST_STEP][PASSED] - click: Object: 'Object Repository/Final Object Repo/Login Page/Internal User/Login Button' is clicked on

2018-12-20 16:51:48 - [MESSAGE][PASSED] - Object: 'Object Repository/Final Object Repo/Login Page/Internal User/Login Button' is clicked on

2018-12-20 16:51:48 - [TEST_STEP][PASSED] - delay: Delayed 2 second(s)

2018-12-20 16:51:50 - [MESSAGE][PASSED] - Delayed 2 second(s)

2018-12-20 16:51:50 - [TEST_STEP][PASSED] - Statement - Try: Delayed 2 second(s)

2018-12-20 16:51:50 - [TEST_STEP][PASSED] - Statement - Checker = false: null

2018-12-20 16:51:50 - [TEST_STEP][PASSED] - Statement - Checker = com.kms.katalon.core.webui.keyword.WebUiBuiltInKeywords.verifyElementHasAttribute(com.kms.katalon.core.testobject.ObjectRepository.findTestObject(Final Object Repo/Landing Page/BM Detecting), "href", 20, OPTIONAL): Object 'Object Repository/Final Object Repo/Landing Page/BM Detecting' has attribute 'href'

2018-12-20 16:51:50 - [MESSAGE][PASSED] - Object 'Object Repository/Final Object Repo/Landing Page/BM Detecting' has attribute 'href'

2018-12-20 16:51:50 - [TEST_STEP][PASSED] - Statement - out.println(Checker): null

2018-12-20 16:51:50 - [TEST_STEP][PASSED] - Statement - If (Checker == false): null

2018-12-20 16:51:50 - [TEST_STEP][PASSED] - Statement - Else: null

2018-12-20 16:51:50 - [TEST_STEP][PASSED] - delay: Delayed 2 second(s)

2018-12-20 16:51:52 - [MESSAGE][PASSED] - Delayed 2 second(s)

2018-12-20 16:51:52 - [TEST_STEP][PASSED] - click: Object: 'Object Repository/Final Object Repo/Page_MyASSIST - ASSIST - Search Pending Case For Add Supporting Document/Search Information' is clicked on

2018-12-20 16:51:52 - [MESSAGE][PASSED] - Object: 'Object Repository/Final Object Repo/Page_MyASSIST - ASSIST - Search Pending Case For Add Supporting Document/Search Information' is clicked on

2018-12-20 16:51:52 - [TEST_STEP][PASSED] - delay: Delayed 3 second(s)

2018-12-20 16:51:55 - [MESSAGE][PASSED] - Delayed 3 second(s)

2018-12-20 16:51:55 - [TEST_STEP][PASSED] - sendKeys: Keys 'ERN122018C200002560' sent to object: 'Object Repository/Final Object Repo/Page_MyASSIST - ASSIST - Search Pending Case For Add Supporting Document/Reference No'

2018-12-20 16:51:55 - [MESSAGE][PASSED] - Keys 'ERN122018C200002560' sent to object: 'Object Repository/Final Object Repo/Page_MyASSIST - ASSIST - Search Pending Case For Add Supporting Document/Reference No'

2018-12-20 16:51:55 - [TEST_STEP][PASSED] - click: Object: 'Object Repository/Final Object Repo/Page_MyASSIST - ASSIST - Search Pending Case For Add Supporting Document/Search Reference No' is clicked on

2018-12-20 16:51:56 - [MESSAGE][PASSED] - Object: 'Object Repository/Final Object Repo/Page_MyASSIST - ASSIST - Search Pending Case For Add Supporting Document/Search Reference No' is clicked on

2018-12-20 16:51:56 - [TEST_STEP][PASSED] - delay: Delayed 2 second(s)

2018-12-20 16:51:58 - [MESSAGE][PASSED] - Delayed 2 second(s)

2018-12-20 16:51:58 - [TEST_STEP][PASSED] - click: Object: 'Object Repository/Final Object Repo/Page_MyASSIST - ASSIST - Search Pending Case For Add Supporting Document/Continue' is clicked on

2018-12-20 16:52:01 - [MESSAGE][PASSED] - Object: 'Object Repository/Final Object Repo/Page_MyASSIST - ASSIST - Search Pending Case For Add Supporting Document/Continue' is clicked on

2018-12-20 16:52:01 - [TEST_STEP][PASSED] - delay: Delayed 20 second(s)

2018-12-20 16:52:21 - [MESSAGE][PASSED] - Delayed 20 second(s)

2018-12-20 16:52:21 - [MESSAGE][PASSED] - Call Test Case 'Test Cases/Final Aug 2018 - PKS Automation/Registration Module/Workflow/Login and Search Case For Workflow' successfully

2018-12-20 16:52:21 - [TEST_STEP][PASSED] - click: Object: 'Object Repository/Final Object Repo/Page_Form 3 EIS - Cessation as Employer/Page_Form 3 EIS - Cessation as Employer (Approve)/Save  Continue in Form 3 Page' is clicked on

2018-12-20 16:52:21 - [MESSAGE][PASSED] - Object: 'Object Repository/Final Object Repo/Page_Form 3 EIS - Cessation as Employer/Page_Form 3 EIS - Cessation as Employer (Approve)/Save  Continue in Form 3 Page' is clicked on

2018-12-20 16:52:21 - [TEST_STEP][PASSED] - delay: Delayed 2 second(s)

2018-12-20 16:52:23 - [MESSAGE][PASSED] - Delayed 2 second(s)

2018-12-20 16:52:23 - [TEST_STEP][PASSED] - click: Object: 'Object Repository/Final Object Repo/Page_Form 3 EIS - Cessation as Employer/Page_Form 3 EIS - Cessation as Employer (Approve)/Save  Continue in Resigned Page' is clicked on

2018-12-20 16:52:23 - [MESSAGE][PASSED] - Object: 'Object Repository/Final Object Repo/Page_Form 3 EIS - Cessation as Employer/Page_Form 3 EIS - Cessation as Employer (Approve)/Save  Continue in Resigned Page' is clicked on

2018-12-20 16:52:23 - [TEST_STEP][PASSED] - delay: Delayed 2 second(s)

2018-12-20 16:52:25 - [MESSAGE][PASSED] - Delayed 2 second(s)

2018-12-20 16:52:25 - [TEST_STEP][PASSED] - click: Object: 'Object Repository/Final Object Repo/Page_Form 3 EIS - Cessation as Employer/Page_Form 3 EIS - Cessation as Employer (Approve)/Save  Continue in Uploading Page' is clicked on

2018-12-20 16:52:26 - [MESSAGE][PASSED] - Object: 'Object Repository/Final Object Repo/Page_Form 3 EIS - Cessation as Employer/Page_Form 3 EIS - Cessation as Employer (Approve)/Save  Continue in Uploading Page' is clicked on

2018-12-20 16:52:26 - [TEST_STEP][PASSED] - delay: Delayed 2 second(s)

2018-12-20 16:52:28 - [MESSAGE][PASSED] - Delayed 2 second(s)

2018-12-20 16:52:28 - [TEST_STEP][PASSED] - click: Object: 'Object Repository/Final Object Repo/Page_Form 3 EIS - Cessation as Employer/Page_Form 3 EIS - Cessation as Employer (Reject)/Reject' is clicked on

2018-12-20 16:52:31 - [MESSAGE][PASSED] - Object: 'Object Repository/Final Object Repo/Page_Form 3 EIS - Cessation as Employer/Page_Form 3 EIS - Cessation as Employer (Reject)/Reject' is clicked on

2018-12-20 16:52:31 - [TEST_STEP][PASSED] - delay: Delayed 2 second(s)

2018-12-20 16:52:33 - [MESSAGE][PASSED] - Delayed 2 second(s)

2018-12-20 16:52:33 - [TEST_STEP][PASSED] - click: Object: 'Object Repository/Final Object Repo/Page_Form 3 EIS - Cessation as Employer/Page_Form 3 EIS - Cessation as Employer (Reject)/Confirm' is clicked on

2018-12-20 16:52:33 - [MESSAGE][PASSED] - Object: 'Object Repository/Final Object Repo/Page_Form 3 EIS - Cessation as Employer/Page_Form 3 EIS - Cessation as Employer (Reject)/Confirm' is clicked on

2018-12-20 16:52:33 - [TEST_STEP][PASSED] - delay: Delayed 2 second(s)

2018-12-20 16:52:35 - [MESSAGE][PASSED] - Delayed 2 second(s)

2018-12-20 16:52:35 - [TEST_STEP][PASSED] - click: Object: 'Object Repository/Final Object Repo/Page_Form 3 EIS - Cessation as Employer/Page_Form 3 EIS - Cessation as Employer (Reject)/Message This Case has been Rejected' is clicked on

2018-12-20 16:52:39 - [MESSAGE][PASSED] - Object: 'Object Repository/Final Object Repo/Page_Form 3 EIS - Cessation as Employer/Page_Form 3 EIS - Cessation as Employer (Reject)/Message This Case has been Rejected' is clicked on

2018-12-20 16:52:39 - [TEST_STEP][PASSED] - click: Object: 'Object Repository/Final Object Repo/Page_Form 3 EIS - Cessation as Employer/Page_Form 3 EIS - Cessation as Employer (Reject)/Letter of update rejection' is clicked on

2018-12-20 16:52:40 - [MESSAGE][PASSED] - Object: 'Object Repository/Final Object Repo/Page_Form 3 EIS - Cessation as Employer/Page_Form 3 EIS - Cessation as Employer (Reject)/Letter of update rejection' is clicked on

2018-12-20 16:52:40 - [MESSAGE][PASSED] - Call Test Case 'Test Cases/Final Aug 2018 - PKS Automation/Registration Module/Workflow/Form 3 EIS - Cessation As Employer/Template/Form 3 A - Cessation As Employer (Reject)' successfully]]></system-out>
         <system-err><![CDATA[]]></system-err>
      </testcase>
      <testcase name="Test Cases/Final Aug 2018 - PKS Automation/Registration Module/Workflow/Form 3 EIS - Cessation As Employer/OTC to UO (Under enforcement)" classname="Test Cases/Final Aug 2018 - PKS Automation/Registration Module/Workflow/Form 3 EIS - Cessation As Employer/OTC to UO (Under enforcement)" status="PASSED">
         <system-out><![CDATA[2018-12-20 16:52:40 - [TEST_CASE][PASSED] - Test Cases/Final Aug 2018 - PKS Automation/Registration Module/Workflow/Form 3 EIS - Cessation As Employer/OTC to UO (Under enforcement): Test Cases/Final Aug 2018 - PKS Automation/Registration Module/Workflow/Form 3 EIS - Cessation As Employer/OTC to UO (Under enforcement)

2018-12-20 16:52:40 - [TEST_STEP][PASSED] - callTestCase: Call Test Case 'Test Cases/Final Aug 2018 - PKS Automation/Registration Module/Workflow/Form 3 EIS - Cessation As Employer/Template/Form 3 A - Cessation As Employer (OTC)' successfully

2018-12-20 16:52:40 - [TEST_CASE][PASSED] - Test Cases/Final Aug 2018 - PKS Automation/Registration Module/Workflow/Form 3 EIS - Cessation As Employer/Template/Form 3 A - Cessation As Employer (OTC): Test Cases/Final Aug 2018 - PKS Automation/Registration Module/Workflow/Form 3 EIS - Cessation As Employer/Template/Form 3 A - Cessation As Employer (OTC)

2018-12-20 16:52:40 - [TEST_STEP][PASSED] - openBrowser: Browser is opened with url: ''

2018-12-20 16:52:40 - [MESSAGE][WARNING] - A browser is already opened. Closing browser and opening a new one

2018-12-20 16:52:43 - [MESSAGE][PASSED] - Browser is opened with url: ''

2018-12-20 16:52:43 - [TEST_STEP][PASSED] - navigateToUrl: Navigate to 'https://assist2-uat.perkeso.gov.my/login' successfully

2018-12-20 16:52:44 - [MESSAGE][PASSED] - Navigate to 'https://assist2-uat.perkeso.gov.my/login' successfully

2018-12-20 16:52:44 - [TEST_STEP][PASSED] - setText: Text 'johorotc1@gmail.com' is set on object 'Object Repository/Final Object Repo/Login Page/Internal User/Email Address'

2018-12-20 16:52:44 - [MESSAGE][PASSED] - Text 'johorotc1@gmail.com' is set on object 'Object Repository/Final Object Repo/Login Page/Internal User/Email Address'

2018-12-20 16:52:44 - [TEST_STEP][PASSED] - click: Object: 'Object Repository/Final Object Repo/Login Page/Internal User/Next Button' is clicked on

2018-12-20 16:52:45 - [MESSAGE][PASSED] - Object: 'Object Repository/Final Object Repo/Login Page/Internal User/Next Button' is clicked on

2018-12-20 16:52:45 - [TEST_STEP][PASSED] - delay: Delayed 1 second(s)

2018-12-20 16:52:46 - [MESSAGE][PASSED] - Delayed 1 second(s)

2018-12-20 16:52:46 - [TEST_STEP][PASSED] - setEncryptedText: Text ****** has been set on object 'Object Repository/Final Object Repo/Login Page/Internal User/Password'

2018-12-20 16:52:46 - [MESSAGE][PASSED] - Text ****** has been set on object 'Object Repository/Final Object Repo/Login Page/Internal User/Password'

2018-12-20 16:52:46 - [TEST_STEP][PASSED] - click: Object: 'Object Repository/Final Object Repo/Login Page/Internal User/Login Button' is clicked on

2018-12-20 16:52:46 - [MESSAGE][PASSED] - Object: 'Object Repository/Final Object Repo/Login Page/Internal User/Login Button' is clicked on

2018-12-20 16:52:46 - [TEST_STEP][PASSED] - delay: Delayed 1 second(s)

2018-12-20 16:52:47 - [MESSAGE][PASSED] - Delayed 1 second(s)

2018-12-20 16:52:47 - [TEST_STEP][PASSED] - Statement - Try: Delayed 2 second(s)

2018-12-20 16:52:47 - [TEST_STEP][PASSED] - Statement - Checker = false: null

2018-12-20 16:52:47 - [TEST_STEP][PASSED] - Statement - Checker = com.kms.katalon.core.webui.keyword.WebUiBuiltInKeywords.verifyElementHasAttribute(com.kms.katalon.core.testobject.ObjectRepository.findTestObject(Final Object Repo/Landing Page/BM Detecting), "href", 20, OPTIONAL): Object 'Object Repository/Final Object Repo/Landing Page/BM Detecting' has attribute 'href'

2018-12-20 16:52:48 - [MESSAGE][PASSED] - Object 'Object Repository/Final Object Repo/Landing Page/BM Detecting' has attribute 'href'

2018-12-20 16:52:48 - [TEST_STEP][PASSED] - Statement - out.println(Checker): null

2018-12-20 16:52:48 - [TEST_STEP][PASSED] - Statement - If (Checker == false): null

2018-12-20 16:52:48 - [TEST_STEP][PASSED] - Statement - Else: null

2018-12-20 16:52:48 - [TEST_STEP][PASSED] - delay: Delayed 2 second(s)

2018-12-20 16:52:50 - [MESSAGE][PASSED] - Delayed 2 second(s)

2018-12-20 16:52:50 - [TEST_STEP][PASSED] - navigateToUrl: Navigate to 'https://assist2-uat.perkeso.gov.my/web/registration/eis-update/form-3-eis-cessation-as-employer' successfully

2018-12-20 16:52:51 - [MESSAGE][PASSED] - Navigate to 'https://assist2-uat.perkeso.gov.my/web/registration/eis-update/form-3-eis-cessation-as-employer' successfully

2018-12-20 16:52:51 - [TEST_STEP][PASSED] - delay: Delayed 1 second(s)

2018-12-20 16:52:52 - [MESSAGE][PASSED] - Delayed 1 second(s)

2018-12-20 16:52:52 - [TEST_STEP][PASSED] - setText: Text 'E1102069769W' is set on object 'Object Repository/Final Object Repo/Page_Form 3 EIS - Cessation as Employer/Employer Code'

2018-12-20 16:52:52 - [MESSAGE][PASSED] - Text 'E1102069769W' is set on object 'Object Repository/Final Object Repo/Page_Form 3 EIS - Cessation as Employer/Employer Code'

2018-12-20 16:52:52 - [TEST_STEP][PASSED] - click: Object: 'Object Repository/Final Object Repo/Page_Form 3 EIS - Cessation as Employer/Search' is clicked on

2018-12-20 16:52:52 - [MESSAGE][PASSED] - Object: 'Object Repository/Final Object Repo/Page_Form 3 EIS - Cessation as Employer/Search' is clicked on

2018-12-20 16:52:52 - [TEST_STEP][PASSED] - click: Object: 'Object Repository/Final Object Repo/Page_Form 3 EIS - Cessation as Employer/Edit' is clicked on

2018-12-20 16:52:55 - [MESSAGE][PASSED] - Object: 'Object Repository/Final Object Repo/Page_Form 3 EIS - Cessation as Employer/Edit' is clicked on

2018-12-20 16:52:55 - [TEST_STEP][PASSED] - delay: Delayed 1 second(s)

2018-12-20 16:52:56 - [MESSAGE][PASSED] - Delayed 1 second(s)

2018-12-20 16:52:56 - [TEST_STEP][PASSED] - Statement - abc = com.kms.katalon.core.webui.keyword.WebUiBuiltInKeywords.getAttribute(com.kms.katalon.core.testobject.ObjectRepository.findTestObject(Final Object Repo/Page_Form 3 EIS - Cessation as Employer/Employer Status), "value"): Attribute 'value' of object 'Object Repository/Final Object Repo/Page_Form 3 EIS - Cessation as Employer/Employer Status' is: 'Active'

2018-12-20 16:52:56 - [MESSAGE][PASSED] - Attribute 'value' of object 'Object Repository/Final Object Repo/Page_Form 3 EIS - Cessation as Employer/Employer Status' is: 'Active'

2018-12-20 16:52:56 - [TEST_STEP][PASSED] - Statement - out.println(abc): null

2018-12-20 16:52:56 - [TEST_STEP][PASSED] - Statement - If (abc == "Active"): Object: 'Object Repository/Final Object Repo/Page_Form 3 EIS - Cessation as Employer/Dormant EIS' is clicked on

2018-12-20 16:52:56 - [TEST_STEP][PASSED] - click: Object: 'Object Repository/Final Object Repo/Page_Form 3 EIS - Cessation as Employer/Change Employer Status to' is clicked on

2018-12-20 16:52:56 - [MESSAGE][PASSED] - Object: 'Object Repository/Final Object Repo/Page_Form 3 EIS - Cessation as Employer/Change Employer Status to' is clicked on

2018-12-20 16:52:56 - [TEST_STEP][PASSED] - click: Object: 'Object Repository/Final Object Repo/Page_Form 3 EIS - Cessation as Employer/Dormant EIS' is clicked on

2018-12-20 16:52:56 - [MESSAGE][PASSED] - Object: 'Object Repository/Final Object Repo/Page_Form 3 EIS - Cessation as Employer/Dormant EIS' is clicked on

2018-12-20 16:52:56 - [TEST_STEP][PASSED] - click: Object: 'Object Repository/Final Object Repo/Page_Form 3 EIS - Cessation as Employer/Calender' is clicked on

2018-12-20 16:52:57 - [MESSAGE][PASSED] - Object: 'Object Repository/Final Object Repo/Page_Form 3 EIS - Cessation as Employer/Calender' is clicked on

2018-12-20 16:52:57 - [TEST_STEP][PASSED] - delay: Delayed 1 second(s)

2018-12-20 16:52:58 - [MESSAGE][PASSED] - Delayed 1 second(s)

2018-12-20 16:52:58 - [TEST_STEP][PASSED] - click: Object: 'Object Repository/Final Object Repo/Page_Form 3 EIS - Cessation as Employer/Calender - Date' is clicked on

2018-12-20 16:52:58 - [MESSAGE][PASSED] - Object: 'Object Repository/Final Object Repo/Page_Form 3 EIS - Cessation as Employer/Calender - Date' is clicked on

2018-12-20 16:52:58 - [TEST_STEP][PASSED] - click: Object: 'Object Repository/Final Object Repo/Page_Form 3 EIS - Cessation as Employer/Save  Continue in Form 3 EIS Page' is clicked on

2018-12-20 16:52:58 - [MESSAGE][PASSED] - Object: 'Object Repository/Final Object Repo/Page_Form 3 EIS - Cessation as Employer/Save  Continue in Form 3 EIS Page' is clicked on

2018-12-20 16:52:58 - [TEST_STEP][PASSED] - delay: Delayed 1 second(s)

2018-12-20 16:52:59 - [MESSAGE][PASSED] - Delayed 1 second(s)

2018-12-20 16:52:59 - [TEST_STEP][PASSED] - click: Object: 'Object Repository/Final Object Repo/Page_Form 3 EIS - Cessation as Employer/Employment Resign Date' is clicked on

2018-12-20 16:53:00 - [MESSAGE][PASSED] - Object: 'Object Repository/Final Object Repo/Page_Form 3 EIS - Cessation as Employer/Employment Resign Date' is clicked on

2018-12-20 16:53:00 - [TEST_STEP][PASSED] - selectOptionByValue: All options with value '2030' are selected in object 'Object Repository/Final Object Repo/Page_Form 3 EIS - Cessation as Employer/Employment Resign Date - Year' 

2018-12-20 16:53:00 - [MESSAGE][PASSED] - All options with value '2030' are selected in object 'Object Repository/Final Object Repo/Page_Form 3 EIS - Cessation as Employer/Employment Resign Date - Year' 

2018-12-20 16:53:00 - [TEST_STEP][PASSED] - delay: Delayed 2 second(s)

2018-12-20 16:53:02 - [MESSAGE][PASSED] - Delayed 2 second(s)

2018-12-20 16:53:02 - [TEST_STEP][PASSED] - click: Object: 'Object Repository/Final Object Repo/Page_Form 3 EIS - Cessation as Employer/Employment Resign Date - Year - Date' is clicked on

2018-12-20 16:53:02 - [MESSAGE][PASSED] - Object: 'Object Repository/Final Object Repo/Page_Form 3 EIS - Cessation as Employer/Employment Resign Date - Year - Date' is clicked on

2018-12-20 16:53:02 - [TEST_STEP][PASSED] - delay: Delayed 2 second(s)

2018-12-20 16:53:04 - [MESSAGE][PASSED] - Delayed 2 second(s)

2018-12-20 16:53:04 - [TEST_STEP][PASSED] - click: Object: 'Object Repository/Final Object Repo/Page_Form 3 EIS - Cessation as Employer/Save  Continue in Employment Resign Page' is clicked on

2018-12-20 16:53:04 - [MESSAGE][PASSED] - Object: 'Object Repository/Final Object Repo/Page_Form 3 EIS - Cessation as Employer/Save  Continue in Employment Resign Page' is clicked on

2018-12-20 16:53:04 - [TEST_STEP][PASSED] - delay: Delayed 2 second(s)

2018-12-20 16:53:06 - [MESSAGE][PASSED] - Delayed 2 second(s)

2018-12-20 16:53:06 - [TEST_STEP][PASSED] - click: Object: 'Object Repository/Final Object Repo/Page_Form 3 EIS - Cessation as Employer/Set Latest - Yes' is clicked on

2018-12-20 16:53:06 - [MESSAGE][PASSED] - Object: 'Object Repository/Final Object Repo/Page_Form 3 EIS - Cessation as Employer/Set Latest - Yes' is clicked on

2018-12-20 16:53:06 - [TEST_STEP][PASSED] - delay: Delayed 2 second(s)

2018-12-20 16:53:08 - [MESSAGE][PASSED] - Delayed 2 second(s)

2018-12-20 16:53:08 - [TEST_STEP][PASSED] - click: Object: 'Object Repository/Final Object Repo/Page_Form 3 EIS - Cessation as Employer/Add Document' is clicked on

2018-12-20 16:53:10 - [MESSAGE][PASSED] - Object: 'Object Repository/Final Object Repo/Page_Form 3 EIS - Cessation as Employer/Add Document' is clicked on

2018-12-20 16:53:10 - [TEST_STEP][PASSED] - delay: Delayed 3 second(s)

2018-12-20 16:53:13 - [MESSAGE][PASSED] - Delayed 3 second(s)

2018-12-20 16:53:13 - [TEST_STEP][PASSED] - click: Object: 'Object Repository/Final Object Repo/Page_Form 3 EIS - Cessation as Employer/Document Type' is clicked on

2018-12-20 16:53:13 - [MESSAGE][PASSED] - Object: 'Object Repository/Final Object Repo/Page_Form 3 EIS - Cessation as Employer/Document Type' is clicked on

2018-12-20 16:53:13 - [TEST_STEP][PASSED] - click: Object: 'Object Repository/Final Object Repo/Page_Form 3 EIS - Cessation as Employer/Document Type - Form 3' is clicked on

2018-12-20 16:53:13 - [MESSAGE][PASSED] - Object: 'Object Repository/Final Object Repo/Page_Form 3 EIS - Cessation as Employer/Document Type - Form 3' is clicked on

2018-12-20 16:53:13 - [TEST_STEP][PASSED] - delay: Delayed 2 second(s)

2018-12-20 16:53:15 - [MESSAGE][PASSED] - Delayed 2 second(s)

2018-12-20 16:53:15 - [TEST_STEP][PASSED] - sendKeys: Keys 'C:\Users\Public\Pictures\Sample Pictures\Koala.jpg' sent to object: 'Object Repository/Final Object Repo/Page_Form 3 EIS - Cessation as Employer/ploading File'

2018-12-20 16:53:15 - [MESSAGE][PASSED] - Keys 'C:\Users\Public\Pictures\Sample Pictures\Koala.jpg' sent to object: 'Object Repository/Final Object Repo/Page_Form 3 EIS - Cessation as Employer/ploading File'

2018-12-20 16:53:15 - [TEST_STEP][PASSED] - delay: Delayed 1 second(s)

2018-12-20 16:53:16 - [MESSAGE][PASSED] - Delayed 1 second(s)

2018-12-20 16:53:16 - [TEST_STEP][PASSED] - click: Object: 'Object Repository/Final Object Repo/Page_Form 3 EIS - Cessation as Employer/Add Document in Uploading Page' is clicked on

2018-12-20 16:53:16 - [MESSAGE][PASSED] - Object: 'Object Repository/Final Object Repo/Page_Form 3 EIS - Cessation as Employer/Add Document in Uploading Page' is clicked on

2018-12-20 16:53:16 - [TEST_STEP][PASSED] - delay: Delayed 2 second(s)

2018-12-20 16:53:18 - [MESSAGE][PASSED] - Delayed 2 second(s)

2018-12-20 16:53:18 - [TEST_STEP][PASSED] - Statement - CaseReferenceNo = com.kms.katalon.core.webui.keyword.WebUiBuiltInKeywords.getText(com.kms.katalon.core.testobject.ObjectRepository.findTestObject(Final Object Repo/Page_Update Employer Information/Reference Number in Update Employee Information Page)): Text of object 'Object Repository/Final Object Repo/Page_Update Employer Information/Reference Number in Update Employee Information Page' is: 'ERN122018C200002561'

2018-12-20 16:53:20 - [MESSAGE][PASSED] - Text of object 'Object Repository/Final Object Repo/Page_Update Employer Information/Reference Number in Update Employee Information Page' is: 'ERN122018C200002561'

2018-12-20 16:53:20 - [TEST_STEP][PASSED] - callTestCase: Call Test Case 'Test Cases/Final Aug 2018 - PKS Automation/Common/Reference Number Setter' successfully

2018-12-20 16:53:21 - [TEST_CASE][PASSED] - Test Cases/Final Aug 2018 - PKS Automation/Common/Reference Number Setter: Test Cases/Final Aug 2018 - PKS Automation/Common/Reference Number Setter

2018-12-20 16:53:21 - [TEST_STEP][PASSED] - Statement - RefNoOldFile = new java.io.File(C://Users//Admin//Desktop//PKS//Automation Reference Point//KatalonReference.txt): null

2018-12-20 16:53:21 - [TEST_STEP][PASSED] - Statement - RefNoOldFile.delete(): null

2018-12-20 16:53:21 - [TEST_STEP][PASSED] - delay: Delayed 5 second(s)

2018-12-20 16:53:26 - [MESSAGE][PASSED] - Delayed 5 second(s)

2018-12-20 16:53:26 - [TEST_STEP][PASSED] - Statement - RefNo = new java.io.File(C://Users//Admin//Desktop//PKS//Automation Reference Point//KatalonReference.txt): null

2018-12-20 16:53:26 - [TEST_STEP][PASSED] - Statement - f2 = new java.io.FileWriter(RefNo, false): null

2018-12-20 16:53:26 - [TEST_STEP][PASSED] - Statement - f2.write(CaseReferenceNo): null

2018-12-20 16:53:26 - [TEST_STEP][PASSED] - Statement - f2.close(): null

2018-12-20 16:53:26 - [TEST_STEP][PASSED] - Statement - out.println("


" + CaseReferenceNo + "


"): null

2018-12-20 16:53:26 - [MESSAGE][PASSED] - Call Test Case 'Test Cases/Final Aug 2018 - PKS Automation/Common/Reference Number Setter' successfully

2018-12-20 16:53:26 - [TEST_STEP][PASSED] - delay: Delayed 2 second(s)

2018-12-20 16:53:28 - [MESSAGE][PASSED] - Delayed 2 second(s)

2018-12-20 16:53:28 - [TEST_STEP][PASSED] - click: Object: 'Object Repository/Final Object Repo/Page_Form 3 EIS - Cessation as Employer/Save  Continue in Uploading Page' is clicked on

2018-12-20 16:53:28 - [MESSAGE][PASSED] - Object: 'Object Repository/Final Object Repo/Page_Form 3 EIS - Cessation as Employer/Save  Continue in Uploading Page' is clicked on

2018-12-20 16:53:28 - [TEST_STEP][PASSED] - delay: Delayed 2 second(s)

2018-12-20 16:53:30 - [MESSAGE][PASSED] - Delayed 2 second(s)

2018-12-20 16:53:30 - [TEST_STEP][PASSED] - click: Object: 'Object Repository/Final Object Repo/Page_Form 3 EIS - Cessation as Employer/Submit' is clicked on

2018-12-20 16:53:32 - [MESSAGE][PASSED] - Object: 'Object Repository/Final Object Repo/Page_Form 3 EIS - Cessation as Employer/Submit' is clicked on

2018-12-20 16:53:32 - [TEST_STEP][PASSED] - delay: Delayed 2 second(s)

2018-12-20 16:53:34 - [MESSAGE][PASSED] - Delayed 2 second(s)

2018-12-20 16:53:34 - [TEST_STEP][PASSED] - click: Object: 'Object Repository/Final Object Repo/Page_Form 3 EIS - Cessation as Employer/Confirm' is clicked on

2018-12-20 16:53:35 - [MESSAGE][PASSED] - Object: 'Object Repository/Final Object Repo/Page_Form 3 EIS - Cessation as Employer/Confirm' is clicked on

2018-12-20 16:53:35 - [TEST_STEP][PASSED] - delay: Delayed 2 second(s)

2018-12-20 16:53:37 - [MESSAGE][PASSED] - Delayed 2 second(s)

2018-12-20 16:53:37 - [TEST_STEP][PASSED] - click: Object: 'Object Repository/Final Object Repo/Page_Form 3 EIS - Cessation as Employer/Message Your Request will be routed to UO' is clicked on

2018-12-20 16:53:41 - [MESSAGE][PASSED] - Object: 'Object Repository/Final Object Repo/Page_Form 3 EIS - Cessation as Employer/Message Your Request will be routed to UO' is clicked on

2018-12-20 16:53:41 - [TEST_STEP][PASSED] - click: Object: 'Object Repository/Final Object Repo/Page_Form 3 EIS - Cessation as Employer/Letter of acknowledgement' is clicked on

2018-12-20 16:53:41 - [MESSAGE][PASSED] - Object: 'Object Repository/Final Object Repo/Page_Form 3 EIS - Cessation as Employer/Letter of acknowledgement' is clicked on

2018-12-20 16:53:41 - [MESSAGE][PASSED] - Call Test Case 'Test Cases/Final Aug 2018 - PKS Automation/Registration Module/Workflow/Form 3 EIS - Cessation As Employer/Template/Form 3 A - Cessation As Employer (OTC)' successfully

2018-12-20 16:53:41 - [TEST_STEP][PASSED] - callTestCase: Call Test Case 'Test Cases/Final Aug 2018 - PKS Automation/Registration Module/Workflow/Form 3 EIS - Cessation As Employer/Template/Form 3 A - Cessation As Employer (Under enforcement)' successfully

2018-12-20 16:53:41 - [TEST_CASE][PASSED] - Test Cases/Final Aug 2018 - PKS Automation/Registration Module/Workflow/Form 3 EIS - Cessation As Employer/Template/Form 3 A - Cessation As Employer (Under enforcement): Test Cases/Final Aug 2018 - PKS Automation/Registration Module/Workflow/Form 3 EIS - Cessation As Employer/Template/Form 3 A - Cessation As Employer (Under enforcement)

2018-12-20 16:53:41 - [TEST_STEP][NOT_RUN] - callTestCase: NOT_RUN: callTestCase

2018-12-20 16:53:41 - [MESSAGE][NOT_RUN] - NOT_RUN: callTestCase

2018-12-20 16:53:41 - [TEST_STEP][PASSED] - delay: Delayed 1 second(s)

2018-12-20 16:53:42 - [MESSAGE][PASSED] - Delayed 1 second(s)

2018-12-20 16:53:42 - [TEST_STEP][PASSED] - navigateToUrl: Navigate to 'https://assist2-uat.perkeso.gov.my/c/portal/logout' successfully

2018-12-20 16:53:43 - [MESSAGE][PASSED] - Navigate to 'https://assist2-uat.perkeso.gov.my/c/portal/logout' successfully

2018-12-20 16:53:43 - [TEST_STEP][PASSED] - delay: Delayed 1 second(s)

2018-12-20 16:53:44 - [MESSAGE][PASSED] - Delayed 1 second(s)

2018-12-20 16:53:44 - [TEST_STEP][PASSED] - callTestCase: Call Test Case 'Test Cases/Final Aug 2018 - PKS Automation/Common/Reference Number Getter' successfully

2018-12-20 16:53:44 - [TEST_CASE][PASSED] - Test Cases/Final Aug 2018 - PKS Automation/Common/Reference Number Getter: Test Cases/Final Aug 2018 - PKS Automation/Common/Reference Number Getter

2018-12-20 16:53:44 - [TEST_STEP][PASSED] - Statement - Try: null

2018-12-20 16:53:44 - [TEST_STEP][PASSED] - Statement - RefNo = new java.io.File(C://Users//Admin//Desktop//PKS//Automation Reference Point//KatalonReference.txt): null

2018-12-20 16:53:44 - [TEST_STEP][PASSED] - Statement - bufferread = new java.io.BufferedReader(new java.io.FileReader(RefNo)): null

2018-12-20 16:53:44 - [TEST_STEP][PASSED] - Statement - readedVal = bufferread.readLine(): null

2018-12-20 16:53:44 - [TEST_STEP][PASSED] - Statement - out.println(CaseReferenceNo): null

2018-12-20 16:53:44 - [TEST_STEP][PASSED] - Statement - out.println(readedVal): null

2018-12-20 16:53:44 - [TEST_STEP][PASSED] - Statement - CaseReferenceNo = "": null

2018-12-20 16:53:44 - [TEST_STEP][PASSED] - Statement - CaseReferenceNo = readedVal: null

2018-12-20 16:53:44 - [MESSAGE][PASSED] - Call Test Case 'Test Cases/Final Aug 2018 - PKS Automation/Common/Reference Number Getter' successfully

2018-12-20 16:53:44 - [TEST_STEP][PASSED] - callTestCase: Call Test Case 'Test Cases/Final Aug 2018 - PKS Automation/Common/Workflow Owner Finder' successfully

2018-12-20 16:53:44 - [TEST_CASE][PASSED] - Test Cases/Final Aug 2018 - PKS Automation/Common/Workflow Owner Finder: Test Cases/Final Aug 2018 - PKS Automation/Common/Workflow Owner Finder

2018-12-20 16:53:44 - [TEST_STEP][PASSED] - openBrowser: Browser is opened with url: ''

2018-12-20 16:53:44 - [MESSAGE][WARNING] - A browser is already opened. Closing browser and opening a new one

2018-12-20 16:53:47 - [MESSAGE][PASSED] - Browser is opened with url: ''

2018-12-20 16:53:47 - [TEST_STEP][PASSED] - navigateToUrl: Navigate to 'https://assist2-uat.perkeso.gov.my/login' successfully

2018-12-20 16:53:48 - [MESSAGE][PASSED] - Navigate to 'https://assist2-uat.perkeso.gov.my/login' successfully

2018-12-20 16:53:48 - [TEST_STEP][PASSED] - delay: Delayed 5 second(s)

2018-12-20 16:53:53 - [MESSAGE][PASSED] - Delayed 5 second(s)

2018-12-20 16:53:53 - [TEST_STEP][PASSED] - setText: Text 'test@liferay.com' is set on object 'Object Repository/Final Object Repo/Login Page/Internal User/Email Address'

2018-12-20 16:53:54 - [MESSAGE][PASSED] - Text 'test@liferay.com' is set on object 'Object Repository/Final Object Repo/Login Page/Internal User/Email Address'

2018-12-20 16:53:54 - [TEST_STEP][PASSED] - click: Object: 'Object Repository/Final Object Repo/Login Page/Internal User/Next Button' is clicked on

2018-12-20 16:53:54 - [MESSAGE][PASSED] - Object: 'Object Repository/Final Object Repo/Login Page/Internal User/Next Button' is clicked on

2018-12-20 16:53:54 - [TEST_STEP][PASSED] - delay: Delayed 2 second(s)

2018-12-20 16:53:56 - [MESSAGE][PASSED] - Delayed 2 second(s)

2018-12-20 16:53:56 - [TEST_STEP][PASSED] - setText: Text 'test' is set on object 'Object Repository/Final Object Repo/Login Page/Internal User/Password'

2018-12-20 16:53:56 - [MESSAGE][PASSED] - Text 'test' is set on object 'Object Repository/Final Object Repo/Login Page/Internal User/Password'

2018-12-20 16:53:56 - [TEST_STEP][PASSED] - delay: Delayed 2 second(s)

2018-12-20 16:53:58 - [MESSAGE][PASSED] - Delayed 2 second(s)

2018-12-20 16:53:58 - [TEST_STEP][PASSED] - click: Object: 'Object Repository/Final Object Repo/Login Page/Internal User/Login Button' is clicked on

2018-12-20 16:53:58 - [MESSAGE][PASSED] - Object: 'Object Repository/Final Object Repo/Login Page/Internal User/Login Button' is clicked on

2018-12-20 16:53:58 - [TEST_STEP][PASSED] - Statement - tester = com.kms.katalon.core.testobject.ObjectRepository.findTestObject(Final Object Repo/Landing Page/Select to English): Finding Test Object with id 'Object Repository/Final Object Repo/Landing Page/Select to English'

2018-12-20 16:53:58 - [TEST_STEP][PASSED] - Statement - Try: Delayed 2 second(s)

2018-12-20 16:53:58 - [TEST_STEP][PASSED] - Statement - Checker = com.kms.katalon.core.webui.keyword.WebUiBuiltInKeywords.verifyElementNotPresent(tester, 3): Web element with id: 'Object Repository/Final Object Repo/Landing Page/Select to English' located by 'By.xpath: //a[@class = 'taglib-language-list-text' and @lang = 'en-US' and (contains(text(), 'EN') or contains(., 'EN'))]' is not present after '3' second(s)

2018-12-20 16:54:00 - [MESSAGE][PASSED] - Web element with id: 'Object Repository/Final Object Repo/Landing Page/Select to English' located by 'By.xpath: //a[@class = 'taglib-language-list-text' and @lang = 'en-US' and (contains(text(), 'EN') or contains(., 'EN'))]' is not present after '3' second(s)

2018-12-20 16:54:00 - [TEST_STEP][PASSED] - Statement - If (Checker == false): null

2018-12-20 16:54:00 - [TEST_STEP][PASSED] - delay: Delayed 2 second(s)

2018-12-20 16:54:02 - [MESSAGE][PASSED] - Delayed 2 second(s)

2018-12-20 16:54:02 - [TEST_STEP][PASSED] - delay: Delayed 5 second(s)

2018-12-20 16:54:07 - [MESSAGE][PASSED] - Delayed 5 second(s)

2018-12-20 16:54:07 - [TEST_STEP][PASSED] - mouseOver: Object: 'Object Repository/Final Object Repo/Landing Page/WorkFlow Menu' is hovered

2018-12-20 16:54:07 - [MESSAGE][PASSED] - Object: 'Object Repository/Final Object Repo/Landing Page/WorkFlow Menu' is hovered

2018-12-20 16:54:07 - [TEST_STEP][PASSED] - delay: Delayed 2 second(s)

2018-12-20 16:54:09 - [MESSAGE][PASSED] - Delayed 2 second(s)

2018-12-20 16:54:09 - [TEST_STEP][PASSED] - click: Object: 'Object Repository/Final Object Repo/Landing Page/Select to Workflow Listing' is clicked on

2018-12-20 16:54:10 - [MESSAGE][PASSED] - Object: 'Object Repository/Final Object Repo/Landing Page/Select to Workflow Listing' is clicked on

2018-12-20 16:54:10 - [TEST_STEP][PASSED] - delay: Delayed 2 second(s)

2018-12-20 16:54:12 - [MESSAGE][PASSED] - Delayed 2 second(s)

2018-12-20 16:54:12 - [TEST_STEP][PASSED] - click: Object: 'Object Repository/Final Object Repo/WorkFlow Listing Page/Search Information - To Put Ref No' is clicked on

2018-12-20 16:54:13 - [MESSAGE][PASSED] - Object: 'Object Repository/Final Object Repo/WorkFlow Listing Page/Search Information - To Put Ref No' is clicked on

2018-12-20 16:54:13 - [TEST_STEP][PASSED] - delay: Delayed 2 second(s)

2018-12-20 16:54:15 - [MESSAGE][PASSED] - Delayed 2 second(s)

2018-12-20 16:54:15 - [TEST_STEP][PASSED] - callTestCase: Call Test Case 'Test Cases/Final Aug 2018 - PKS Automation/Common/Reference Number Getter' successfully

2018-12-20 16:54:15 - [TEST_CASE][PASSED] - Test Cases/Final Aug 2018 - PKS Automation/Common/Reference Number Getter: Test Cases/Final Aug 2018 - PKS Automation/Common/Reference Number Getter

2018-12-20 16:54:15 - [TEST_STEP][PASSED] - Statement - Try: null

2018-12-20 16:54:15 - [TEST_STEP][PASSED] - Statement - RefNo = new java.io.File(C://Users//Admin//Desktop//PKS//Automation Reference Point//KatalonReference.txt): null

2018-12-20 16:54:15 - [TEST_STEP][PASSED] - Statement - bufferread = new java.io.BufferedReader(new java.io.FileReader(RefNo)): null

2018-12-20 16:54:15 - [TEST_STEP][PASSED] - Statement - readedVal = bufferread.readLine(): null

2018-12-20 16:54:15 - [TEST_STEP][PASSED] - Statement - out.println(CaseReferenceNo): null

2018-12-20 16:54:15 - [TEST_STEP][PASSED] - Statement - out.println(readedVal): null

2018-12-20 16:54:15 - [TEST_STEP][PASSED] - Statement - CaseReferenceNo = "": null

2018-12-20 16:54:15 - [TEST_STEP][PASSED] - Statement - CaseReferenceNo = readedVal: null

2018-12-20 16:54:15 - [MESSAGE][PASSED] - Call Test Case 'Test Cases/Final Aug 2018 - PKS Automation/Common/Reference Number Getter' successfully

2018-12-20 16:54:15 - [TEST_STEP][PASSED] - setText: Text 'ERN122018C200002561' is set on object 'Object Repository/Final Object Repo/WorkFlow Listing Page/Ref No Set Text'

2018-12-20 16:54:15 - [MESSAGE][PASSED] - Text 'ERN122018C200002561' is set on object 'Object Repository/Final Object Repo/WorkFlow Listing Page/Ref No Set Text'

2018-12-20 16:54:15 - [TEST_STEP][PASSED] - delay: Delayed 2 second(s)

2018-12-20 16:54:17 - [MESSAGE][PASSED] - Delayed 2 second(s)

2018-12-20 16:54:17 - [TEST_STEP][PASSED] - click: Object: 'Object Repository/Final Object Repo/WorkFlow Listing Page/Search Ref No Search Button' is clicked on

2018-12-20 16:54:17 - [MESSAGE][PASSED] - Object: 'Object Repository/Final Object Repo/WorkFlow Listing Page/Search Ref No Search Button' is clicked on

2018-12-20 16:54:17 - [TEST_STEP][PASSED] - delay: Delayed 6 second(s)

2018-12-20 16:54:23 - [MESSAGE][PASSED] - Delayed 6 second(s)

2018-12-20 16:54:23 - [TEST_STEP][PASSED] - click: Object: 'Object Repository/Final Object Repo/WorkFlow Listing Page/Click Continue Tooltip' is clicked on

2018-12-20 16:54:24 - [MESSAGE][PASSED] - Object: 'Object Repository/Final Object Repo/WorkFlow Listing Page/Click Continue Tooltip' is clicked on

2018-12-20 16:54:24 - [TEST_STEP][PASSED] - delay: Delayed 5 second(s)

2018-12-20 16:54:29 - [MESSAGE][PASSED] - Delayed 5 second(s)

2018-12-20 16:54:29 - [TEST_STEP][PASSED] - doubleClick: Object: 'Object Repository/Final Object Repo/WorkFlow Listing Page/Workflow Found - Listing 1' is double clicked on

2018-12-20 16:54:29 - [MESSAGE][PASSED] - Object: 'Object Repository/Final Object Repo/WorkFlow Listing Page/Workflow Found - Listing 1' is double clicked on

2018-12-20 16:54:29 - [TEST_STEP][PASSED] - Statement - println(OwnerID): null

2018-12-20 16:54:29 - [TEST_STEP][PASSED] - Statement - OwnerID = com.kms.katalon.core.webui.keyword.WebUiBuiltInKeywords.getText(com.kms.katalon.core.testobject.ObjectRepository.findTestObject(Final Object Repo/WorkFlow Listing Page/Workflow Found - Listing 1), STOP_ON_FAILURE): Text of object 'Object Repository/Final Object Repo/WorkFlow Listing Page/Workflow Found - Listing 1' is: 'JOHORuo3'

2018-12-20 16:54:30 - [MESSAGE][PASSED] - Text of object 'Object Repository/Final Object Repo/WorkFlow Listing Page/Workflow Found - Listing 1' is: 'JOHORuo3'

2018-12-20 16:54:30 - [TEST_STEP][PASSED] - Statement - OwnerID = OwnerID.toLowerCase() + "@gmail.com": null

2018-12-20 16:54:30 - [TEST_STEP][PASSED] - Statement - println(OwnerID): null

2018-12-20 16:54:30 - [TEST_STEP][PASSED] - delay: Delayed 2 second(s)

2018-12-20 16:54:32 - [MESSAGE][PASSED] - Delayed 2 second(s)

2018-12-20 16:54:32 - [MESSAGE][PASSED] - Call Test Case 'Test Cases/Final Aug 2018 - PKS Automation/Common/Workflow Owner Finder' successfully

2018-12-20 16:54:32 - [TEST_STEP][PASSED] - delay: Delayed 1 second(s)

2018-12-20 16:54:33 - [MESSAGE][PASSED] - Delayed 1 second(s)

2018-12-20 16:54:33 - [TEST_STEP][PASSED] - navigateToUrl: Navigate to 'https://assist2-uat.perkeso.gov.my/c/portal/logout' successfully

2018-12-20 16:54:33 - [MESSAGE][PASSED] - Navigate to 'https://assist2-uat.perkeso.gov.my/c/portal/logout' successfully

2018-12-20 16:54:33 - [TEST_STEP][PASSED] - delay: Delayed 1 second(s)

2018-12-20 16:54:34 - [MESSAGE][PASSED] - Delayed 1 second(s)

2018-12-20 16:54:34 - [TEST_STEP][PASSED] - callTestCase: Call Test Case 'Test Cases/Final Aug 2018 - PKS Automation/Registration Module/Workflow/Login and Search Case For Workflow' successfully

2018-12-20 16:54:34 - [TEST_CASE][PASSED] - Test Cases/Final Aug 2018 - PKS Automation/Registration Module/Workflow/Login and Search Case For Workflow: Test Cases/Final Aug 2018 - PKS Automation/Registration Module/Workflow/Login and Search Case For Workflow

2018-12-20 16:54:34 - [TEST_STEP][PASSED] - navigateToUrl: Navigate to 'https://assist2-uat.perkeso.gov.my/login' successfully

2018-12-20 16:54:35 - [MESSAGE][PASSED] - Navigate to 'https://assist2-uat.perkeso.gov.my/login' successfully

2018-12-20 16:54:35 - [TEST_STEP][PASSED] - setText: Text 'johoruo3@gmail.com' is set on object 'Object Repository/Final Object Repo/Login Page/Internal User/Email Address'

2018-12-20 16:54:35 - [MESSAGE][PASSED] - Text 'johoruo3@gmail.com' is set on object 'Object Repository/Final Object Repo/Login Page/Internal User/Email Address'

2018-12-20 16:54:35 - [TEST_STEP][PASSED] - click: Object: 'Object Repository/Final Object Repo/Login Page/Internal User/Next Button' is clicked on

2018-12-20 16:54:35 - [MESSAGE][PASSED] - Object: 'Object Repository/Final Object Repo/Login Page/Internal User/Next Button' is clicked on

2018-12-20 16:54:35 - [TEST_STEP][PASSED] - delay: Delayed 1 second(s)

2018-12-20 16:54:36 - [MESSAGE][PASSED] - Delayed 1 second(s)

2018-12-20 16:54:36 - [TEST_STEP][PASSED] - setEncryptedText: Text ****** has been set on object 'Object Repository/Final Object Repo/Login Page/Internal User/Password'

2018-12-20 16:54:37 - [MESSAGE][PASSED] - Text ****** has been set on object 'Object Repository/Final Object Repo/Login Page/Internal User/Password'

2018-12-20 16:54:37 - [TEST_STEP][PASSED] - click: Object: 'Object Repository/Final Object Repo/Login Page/Internal User/Login Button' is clicked on

2018-12-20 16:54:37 - [MESSAGE][PASSED] - Object: 'Object Repository/Final Object Repo/Login Page/Internal User/Login Button' is clicked on

2018-12-20 16:54:37 - [TEST_STEP][PASSED] - delay: Delayed 2 second(s)

2018-12-20 16:54:39 - [MESSAGE][PASSED] - Delayed 2 second(s)

2018-12-20 16:54:39 - [TEST_STEP][PASSED] - Statement - Try: Delayed 2 second(s)

2018-12-20 16:54:39 - [TEST_STEP][PASSED] - Statement - Checker = false: null

2018-12-20 16:54:39 - [TEST_STEP][PASSED] - Statement - Checker = com.kms.katalon.core.webui.keyword.WebUiBuiltInKeywords.verifyElementHasAttribute(com.kms.katalon.core.testobject.ObjectRepository.findTestObject(Final Object Repo/Landing Page/BM Detecting), "href", 20, OPTIONAL): Object 'Object Repository/Final Object Repo/Landing Page/BM Detecting' has attribute 'href'

2018-12-20 16:54:39 - [MESSAGE][PASSED] - Object 'Object Repository/Final Object Repo/Landing Page/BM Detecting' has attribute 'href'

2018-12-20 16:54:39 - [TEST_STEP][PASSED] - Statement - out.println(Checker): null

2018-12-20 16:54:39 - [TEST_STEP][PASSED] - Statement - If (Checker == false): null

2018-12-20 16:54:39 - [TEST_STEP][PASSED] - Statement - Else: null

2018-12-20 16:54:39 - [TEST_STEP][PASSED] - delay: Delayed 2 second(s)

2018-12-20 16:54:41 - [MESSAGE][PASSED] - Delayed 2 second(s)

2018-12-20 16:54:41 - [TEST_STEP][PASSED] - click: Object: 'Object Repository/Final Object Repo/Page_MyASSIST - ASSIST - Search Pending Case For Add Supporting Document/Search Information' is clicked on

2018-12-20 16:54:41 - [MESSAGE][PASSED] - Object: 'Object Repository/Final Object Repo/Page_MyASSIST - ASSIST - Search Pending Case For Add Supporting Document/Search Information' is clicked on

2018-12-20 16:54:41 - [TEST_STEP][PASSED] - delay: Delayed 3 second(s)

2018-12-20 16:54:44 - [MESSAGE][PASSED] - Delayed 3 second(s)

2018-12-20 16:54:44 - [TEST_STEP][PASSED] - sendKeys: Keys 'ERN122018C200002561' sent to object: 'Object Repository/Final Object Repo/Page_MyASSIST - ASSIST - Search Pending Case For Add Supporting Document/Reference No'

2018-12-20 16:54:44 - [MESSAGE][PASSED] - Keys 'ERN122018C200002561' sent to object: 'Object Repository/Final Object Repo/Page_MyASSIST - ASSIST - Search Pending Case For Add Supporting Document/Reference No'

2018-12-20 16:54:44 - [TEST_STEP][PASSED] - click: Object: 'Object Repository/Final Object Repo/Page_MyASSIST - ASSIST - Search Pending Case For Add Supporting Document/Search Reference No' is clicked on

2018-12-20 16:54:45 - [MESSAGE][PASSED] - Object: 'Object Repository/Final Object Repo/Page_MyASSIST - ASSIST - Search Pending Case For Add Supporting Document/Search Reference No' is clicked on

2018-12-20 16:54:45 - [TEST_STEP][PASSED] - delay: Delayed 2 second(s)

2018-12-20 16:54:47 - [MESSAGE][PASSED] - Delayed 2 second(s)

2018-12-20 16:54:47 - [TEST_STEP][PASSED] - click: Object: 'Object Repository/Final Object Repo/Page_MyASSIST - ASSIST - Search Pending Case For Add Supporting Document/Continue' is clicked on

2018-12-20 16:54:50 - [MESSAGE][PASSED] - Object: 'Object Repository/Final Object Repo/Page_MyASSIST - ASSIST - Search Pending Case For Add Supporting Document/Continue' is clicked on

2018-12-20 16:54:50 - [TEST_STEP][PASSED] - delay: Delayed 20 second(s)

2018-12-20 16:55:10 - [MESSAGE][PASSED] - Delayed 20 second(s)

2018-12-20 16:55:10 - [MESSAGE][PASSED] - Call Test Case 'Test Cases/Final Aug 2018 - PKS Automation/Registration Module/Workflow/Login and Search Case For Workflow' successfully

2018-12-20 16:55:10 - [TEST_STEP][PASSED] - click: Object: 'Object Repository/Final Object Repo/Page_Form 3 EIS - Cessation as Employer/Page_Form 3 EIS - Cessation as Employer (Approve)/Save  Continue in Form 3 Page' is clicked on

2018-12-20 16:55:10 - [MESSAGE][PASSED] - Object: 'Object Repository/Final Object Repo/Page_Form 3 EIS - Cessation as Employer/Page_Form 3 EIS - Cessation as Employer (Approve)/Save  Continue in Form 3 Page' is clicked on

2018-12-20 16:55:10 - [TEST_STEP][PASSED] - delay: Delayed 2 second(s)

2018-12-20 16:55:12 - [MESSAGE][PASSED] - Delayed 2 second(s)

2018-12-20 16:55:12 - [TEST_STEP][PASSED] - click: Object: 'Object Repository/Final Object Repo/Page_Form 3 EIS - Cessation as Employer/Page_Form 3 EIS - Cessation as Employer (Approve)/Save  Continue in Resigned Page' is clicked on

2018-12-20 16:55:12 - [MESSAGE][PASSED] - Object: 'Object Repository/Final Object Repo/Page_Form 3 EIS - Cessation as Employer/Page_Form 3 EIS - Cessation as Employer (Approve)/Save  Continue in Resigned Page' is clicked on

2018-12-20 16:55:12 - [TEST_STEP][PASSED] - delay: Delayed 2 second(s)

2018-12-20 16:55:14 - [MESSAGE][PASSED] - Delayed 2 second(s)

2018-12-20 16:55:14 - [TEST_STEP][PASSED] - click: Object: 'Object Repository/Final Object Repo/Page_Form 3 EIS - Cessation as Employer/Page_Form 3 EIS - Cessation as Employer (Approve)/Save  Continue in Uploading Page' is clicked on

2018-12-20 16:55:16 - [MESSAGE][PASSED] - Object: 'Object Repository/Final Object Repo/Page_Form 3 EIS - Cessation as Employer/Page_Form 3 EIS - Cessation as Employer (Approve)/Save  Continue in Uploading Page' is clicked on

2018-12-20 16:55:16 - [TEST_STEP][PASSED] - delay: Delayed 2 second(s)

2018-12-20 16:55:18 - [MESSAGE][PASSED] - Delayed 2 second(s)

2018-12-20 16:55:18 - [TEST_STEP][PASSED] - click: Object: 'Object Repository/Final Object Repo/Page_Form 3 EIS - Cessation as Employer/Page_Form 3 EIS - Cessation as Employer (Under enforcement)/Underenforcement' is clicked on

2018-12-20 16:55:21 - [MESSAGE][PASSED] - Object: 'Object Repository/Final Object Repo/Page_Form 3 EIS - Cessation as Employer/Page_Form 3 EIS - Cessation as Employer (Under enforcement)/Underenforcement' is clicked on

2018-12-20 16:55:21 - [TEST_STEP][PASSED] - delay: Delayed 2 second(s)

2018-12-20 16:55:23 - [MESSAGE][PASSED] - Delayed 2 second(s)

2018-12-20 16:55:23 - [TEST_STEP][PASSED] - setText: Text 'Remark' is set on object 'Object Repository/Final Object Repo/Page_Form 3 EIS - Cessation as Employer/Page_Form 3 EIS - Cessation as Employer (Under enforcement)/Under enforcement - Remark'

2018-12-20 16:55:23 - [MESSAGE][PASSED] - Text 'Remark' is set on object 'Object Repository/Final Object Repo/Page_Form 3 EIS - Cessation as Employer/Page_Form 3 EIS - Cessation as Employer (Under enforcement)/Under enforcement - Remark'

2018-12-20 16:55:23 - [TEST_STEP][PASSED] - delay: Delayed 2 second(s)

2018-12-20 16:55:25 - [MESSAGE][PASSED] - Delayed 2 second(s)

2018-12-20 16:55:25 - [TEST_STEP][PASSED] - click: Object: 'Object Repository/Final Object Repo/Page_Form 3 EIS - Cessation as Employer/Page_Form 3 EIS - Cessation as Employer (Under enforcement)/Save  Continue in Under enforcement' is clicked on

2018-12-20 16:55:25 - [MESSAGE][PASSED] - Object: 'Object Repository/Final Object Repo/Page_Form 3 EIS - Cessation as Employer/Page_Form 3 EIS - Cessation as Employer (Under enforcement)/Save  Continue in Under enforcement' is clicked on

2018-12-20 16:55:25 - [TEST_STEP][PASSED] - doubleClick: Object: 'Object Repository/Final Object Repo/Page_Form 3 EIS - Cessation as Employer/Page_Form 3 EIS - Cessation as Employer (Under enforcement)/Message The case is under enforcement' is double clicked on

2018-12-20 16:55:29 - [MESSAGE][PASSED] - Object: 'Object Repository/Final Object Repo/Page_Form 3 EIS - Cessation as Employer/Page_Form 3 EIS - Cessation as Employer (Under enforcement)/Message The case is under enforcement' is double clicked on

2018-12-20 16:55:29 - [MESSAGE][PASSED] - Call Test Case 'Test Cases/Final Aug 2018 - PKS Automation/Registration Module/Workflow/Form 3 EIS - Cessation As Employer/Template/Form 3 A - Cessation As Employer (Under enforcement)' successfully]]></system-out>
         <system-err><![CDATA[]]></system-err>
      </testcase>
      <testcase name="Test Cases/Final Aug 2018 - PKS Automation/Registration Module/Workflow/Form 3 EIS - Cessation As Employer/PKRBO to UO (Approve)" classname="Test Cases/Final Aug 2018 - PKS Automation/Registration Module/Workflow/Form 3 EIS - Cessation As Employer/PKRBO to UO (Approve)" status="PASSED">
         <system-out><![CDATA[2018-12-20 16:55:29 - [TEST_CASE][PASSED] - Test Cases/Final Aug 2018 - PKS Automation/Registration Module/Workflow/Form 3 EIS - Cessation As Employer/PKRBO to UO (Approve): Test Cases/Final Aug 2018 - PKS Automation/Registration Module/Workflow/Form 3 EIS - Cessation As Employer/PKRBO to UO (Approve)

2018-12-20 16:55:30 - [TEST_STEP][PASSED] - callTestCase: Call Test Case 'Test Cases/Final Aug 2018 - PKS Automation/Registration Module/Workflow/Form 3 EIS - Cessation As Employer/Template/Form 3 A - Cessation As Employer (PKRBO)' successfully

2018-12-20 16:55:30 - [TEST_CASE][PASSED] - Test Cases/Final Aug 2018 - PKS Automation/Registration Module/Workflow/Form 3 EIS - Cessation As Employer/Template/Form 3 A - Cessation As Employer (PKRBO): Test Cases/Final Aug 2018 - PKS Automation/Registration Module/Workflow/Form 3 EIS - Cessation As Employer/Template/Form 3 A - Cessation As Employer (PKRBO)

2018-12-20 16:55:30 - [TEST_STEP][PASSED] - openBrowser: Browser is opened with url: ''

2018-12-20 16:55:30 - [MESSAGE][WARNING] - A browser is already opened. Closing browser and opening a new one

2018-12-20 16:55:33 - [MESSAGE][PASSED] - Browser is opened with url: ''

2018-12-20 16:55:33 - [TEST_STEP][PASSED] - navigateToUrl: Navigate to 'https://assist2-uat.perkeso.gov.my/login' successfully

2018-12-20 16:55:34 - [MESSAGE][PASSED] - Navigate to 'https://assist2-uat.perkeso.gov.my/login' successfully

2018-12-20 16:55:34 - [TEST_STEP][PASSED] - setText: Text 'johorpkrbo1@gmail.com' is set on object 'Object Repository/Final Object Repo/Login Page/Internal User/Email Address'

2018-12-20 16:55:34 - [MESSAGE][PASSED] - Text 'johorpkrbo1@gmail.com' is set on object 'Object Repository/Final Object Repo/Login Page/Internal User/Email Address'

2018-12-20 16:55:34 - [TEST_STEP][PASSED] - click: Object: 'Object Repository/Final Object Repo/Login Page/Internal User/Next Button' is clicked on

2018-12-20 16:55:35 - [MESSAGE][PASSED] - Object: 'Object Repository/Final Object Repo/Login Page/Internal User/Next Button' is clicked on

2018-12-20 16:55:35 - [TEST_STEP][PASSED] - delay: Delayed 1 second(s)

2018-12-20 16:55:36 - [MESSAGE][PASSED] - Delayed 1 second(s)

2018-12-20 16:55:36 - [TEST_STEP][PASSED] - setEncryptedText: Text ****** has been set on object 'Object Repository/Final Object Repo/Login Page/Internal User/Password'

2018-12-20 16:55:36 - [MESSAGE][PASSED] - Text ****** has been set on object 'Object Repository/Final Object Repo/Login Page/Internal User/Password'

2018-12-20 16:55:36 - [TEST_STEP][PASSED] - click: Object: 'Object Repository/Final Object Repo/Login Page/Internal User/Login Button' is clicked on

2018-12-20 16:55:36 - [MESSAGE][PASSED] - Object: 'Object Repository/Final Object Repo/Login Page/Internal User/Login Button' is clicked on

2018-12-20 16:55:36 - [TEST_STEP][PASSED] - delay: Delayed 1 second(s)

2018-12-20 16:55:37 - [MESSAGE][PASSED] - Delayed 1 second(s)

2018-12-20 16:55:37 - [TEST_STEP][PASSED] - Statement - Try: Delayed 2 second(s)

2018-12-20 16:55:37 - [TEST_STEP][PASSED] - Statement - Checker = false: null

2018-12-20 16:55:37 - [TEST_STEP][PASSED] - Statement - Checker = com.kms.katalon.core.webui.keyword.WebUiBuiltInKeywords.verifyElementHasAttribute(com.kms.katalon.core.testobject.ObjectRepository.findTestObject(Final Object Repo/Landing Page/BM Detecting), "href", 20, OPTIONAL): Object 'Object Repository/Final Object Repo/Landing Page/BM Detecting' has attribute 'href'

2018-12-20 16:55:38 - [MESSAGE][PASSED] - Object 'Object Repository/Final Object Repo/Landing Page/BM Detecting' has attribute 'href'

2018-12-20 16:55:38 - [TEST_STEP][PASSED] - Statement - out.println(Checker): null

2018-12-20 16:55:38 - [TEST_STEP][PASSED] - Statement - If (Checker == false): null

2018-12-20 16:55:38 - [TEST_STEP][PASSED] - Statement - Else: null

2018-12-20 16:55:38 - [TEST_STEP][PASSED] - delay: Delayed 2 second(s)

2018-12-20 16:55:40 - [MESSAGE][PASSED] - Delayed 2 second(s)

2018-12-20 16:55:40 - [TEST_STEP][PASSED] - navigateToUrl: Navigate to 'https://assist2-uat.perkeso.gov.my/web/registration/eis-update/form-3-eis-cessation-as-employer' successfully

2018-12-20 16:55:41 - [MESSAGE][PASSED] - Navigate to 'https://assist2-uat.perkeso.gov.my/web/registration/eis-update/form-3-eis-cessation-as-employer' successfully

2018-12-20 16:55:41 - [TEST_STEP][PASSED] - delay: Delayed 1 second(s)

2018-12-20 16:55:42 - [MESSAGE][PASSED] - Delayed 1 second(s)

2018-12-20 16:55:42 - [TEST_STEP][PASSED] - setText: Text 'E1102069769W' is set on object 'Object Repository/Final Object Repo/Page_Form 3 EIS - Cessation as Employer/Employer Code'

2018-12-20 16:55:42 - [MESSAGE][PASSED] - Text 'E1102069769W' is set on object 'Object Repository/Final Object Repo/Page_Form 3 EIS - Cessation as Employer/Employer Code'

2018-12-20 16:55:42 - [TEST_STEP][PASSED] - click: Object: 'Object Repository/Final Object Repo/Page_Form 3 EIS - Cessation as Employer/Search' is clicked on

2018-12-20 16:55:43 - [MESSAGE][PASSED] - Object: 'Object Repository/Final Object Repo/Page_Form 3 EIS - Cessation as Employer/Search' is clicked on

2018-12-20 16:55:43 - [TEST_STEP][PASSED] - click: Object: 'Object Repository/Final Object Repo/Page_Form 3 EIS - Cessation as Employer/Edit' is clicked on

2018-12-20 16:55:45 - [MESSAGE][PASSED] - Object: 'Object Repository/Final Object Repo/Page_Form 3 EIS - Cessation as Employer/Edit' is clicked on

2018-12-20 16:55:45 - [TEST_STEP][PASSED] - delay: Delayed 1 second(s)

2018-12-20 16:55:46 - [MESSAGE][PASSED] - Delayed 1 second(s)

2018-12-20 16:55:46 - [TEST_STEP][PASSED] - Statement - abc = com.kms.katalon.core.webui.keyword.WebUiBuiltInKeywords.getAttribute(com.kms.katalon.core.testobject.ObjectRepository.findTestObject(Final Object Repo/Page_Form 3 EIS - Cessation as Employer/Employer Status), "value"): Attribute 'value' of object 'Object Repository/Final Object Repo/Page_Form 3 EIS - Cessation as Employer/Employer Status' is: 'Active'

2018-12-20 16:55:46 - [MESSAGE][PASSED] - Attribute 'value' of object 'Object Repository/Final Object Repo/Page_Form 3 EIS - Cessation as Employer/Employer Status' is: 'Active'

2018-12-20 16:55:46 - [TEST_STEP][PASSED] - Statement - out.println(abc): null

2018-12-20 16:55:46 - [TEST_STEP][PASSED] - Statement - If (abc == "Active"): Object: 'Object Repository/Final Object Repo/Page_Form 3 EIS - Cessation as Employer/Dormant EIS' is clicked on

2018-12-20 16:55:46 - [TEST_STEP][PASSED] - click: Object: 'Object Repository/Final Object Repo/Page_Form 3 EIS - Cessation as Employer/Change Employer Status to' is clicked on

2018-12-20 16:55:47 - [MESSAGE][PASSED] - Object: 'Object Repository/Final Object Repo/Page_Form 3 EIS - Cessation as Employer/Change Employer Status to' is clicked on

2018-12-20 16:55:47 - [TEST_STEP][PASSED] - click: Object: 'Object Repository/Final Object Repo/Page_Form 3 EIS - Cessation as Employer/Dormant EIS' is clicked on

2018-12-20 16:55:47 - [MESSAGE][PASSED] - Object: 'Object Repository/Final Object Repo/Page_Form 3 EIS - Cessation as Employer/Dormant EIS' is clicked on

2018-12-20 16:55:47 - [TEST_STEP][PASSED] - click: Object: 'Object Repository/Final Object Repo/Page_Form 3 EIS - Cessation as Employer/Calender' is clicked on

2018-12-20 16:55:47 - [MESSAGE][PASSED] - Object: 'Object Repository/Final Object Repo/Page_Form 3 EIS - Cessation as Employer/Calender' is clicked on

2018-12-20 16:55:47 - [TEST_STEP][PASSED] - delay: Delayed 1 second(s)

2018-12-20 16:55:48 - [MESSAGE][PASSED] - Delayed 1 second(s)

2018-12-20 16:55:48 - [TEST_STEP][PASSED] - click: Object: 'Object Repository/Final Object Repo/Page_Form 3 EIS - Cessation as Employer/Calender - Date' is clicked on

2018-12-20 16:55:48 - [MESSAGE][PASSED] - Object: 'Object Repository/Final Object Repo/Page_Form 3 EIS - Cessation as Employer/Calender - Date' is clicked on

2018-12-20 16:55:48 - [TEST_STEP][PASSED] - click: Object: 'Object Repository/Final Object Repo/Page_Form 3 EIS - Cessation as Employer/Save  Continue in Form 3 EIS Page' is clicked on

2018-12-20 16:55:48 - [MESSAGE][PASSED] - Object: 'Object Repository/Final Object Repo/Page_Form 3 EIS - Cessation as Employer/Save  Continue in Form 3 EIS Page' is clicked on

2018-12-20 16:55:48 - [TEST_STEP][PASSED] - delay: Delayed 1 second(s)

2018-12-20 16:55:49 - [MESSAGE][PASSED] - Delayed 1 second(s)

2018-12-20 16:55:49 - [TEST_STEP][PASSED] - click: Object: 'Object Repository/Final Object Repo/Page_Form 3 EIS - Cessation as Employer/Employment Resign Date' is clicked on

2018-12-20 16:55:50 - [MESSAGE][PASSED] - Object: 'Object Repository/Final Object Repo/Page_Form 3 EIS - Cessation as Employer/Employment Resign Date' is clicked on

2018-12-20 16:55:50 - [TEST_STEP][PASSED] - selectOptionByValue: All options with value '2030' are selected in object 'Object Repository/Final Object Repo/Page_Form 3 EIS - Cessation as Employer/Employment Resign Date - Year' 

2018-12-20 16:55:50 - [MESSAGE][PASSED] - All options with value '2030' are selected in object 'Object Repository/Final Object Repo/Page_Form 3 EIS - Cessation as Employer/Employment Resign Date - Year' 

2018-12-20 16:55:50 - [TEST_STEP][PASSED] - delay: Delayed 2 second(s)

2018-12-20 16:55:52 - [MESSAGE][PASSED] - Delayed 2 second(s)

2018-12-20 16:55:52 - [TEST_STEP][PASSED] - click: Object: 'Object Repository/Final Object Repo/Page_Form 3 EIS - Cessation as Employer/Employment Resign Date - Year - Date' is clicked on

2018-12-20 16:55:52 - [MESSAGE][PASSED] - Object: 'Object Repository/Final Object Repo/Page_Form 3 EIS - Cessation as Employer/Employment Resign Date - Year - Date' is clicked on

2018-12-20 16:55:52 - [TEST_STEP][PASSED] - delay: Delayed 2 second(s)

2018-12-20 16:55:54 - [MESSAGE][PASSED] - Delayed 2 second(s)

2018-12-20 16:55:54 - [TEST_STEP][PASSED] - click: Object: 'Object Repository/Final Object Repo/Page_Form 3 EIS - Cessation as Employer/Save  Continue in Employment Resign Page' is clicked on

2018-12-20 16:55:55 - [MESSAGE][PASSED] - Object: 'Object Repository/Final Object Repo/Page_Form 3 EIS - Cessation as Employer/Save  Continue in Employment Resign Page' is clicked on

2018-12-20 16:55:55 - [TEST_STEP][PASSED] - delay: Delayed 2 second(s)

2018-12-20 16:55:57 - [MESSAGE][PASSED] - Delayed 2 second(s)

2018-12-20 16:55:57 - [TEST_STEP][PASSED] - click: Object: 'Object Repository/Final Object Repo/Page_Form 3 EIS - Cessation as Employer/Set Latest - Yes' is clicked on

2018-12-20 16:55:57 - [MESSAGE][PASSED] - Object: 'Object Repository/Final Object Repo/Page_Form 3 EIS - Cessation as Employer/Set Latest - Yes' is clicked on

2018-12-20 16:55:57 - [TEST_STEP][PASSED] - delay: Delayed 2 second(s)

2018-12-20 16:55:59 - [MESSAGE][PASSED] - Delayed 2 second(s)

2018-12-20 16:55:59 - [TEST_STEP][PASSED] - click: Object: 'Object Repository/Final Object Repo/Page_Form 3 EIS - Cessation as Employer/Add Document' is clicked on

2018-12-20 16:56:00 - [MESSAGE][PASSED] - Object: 'Object Repository/Final Object Repo/Page_Form 3 EIS - Cessation as Employer/Add Document' is clicked on

2018-12-20 16:56:00 - [TEST_STEP][PASSED] - delay: Delayed 3 second(s)

2018-12-20 16:56:03 - [MESSAGE][PASSED] - Delayed 3 second(s)

2018-12-20 16:56:03 - [TEST_STEP][PASSED] - click: Object: 'Object Repository/Final Object Repo/Page_Form 3 EIS - Cessation as Employer/Document Type' is clicked on

2018-12-20 16:56:03 - [MESSAGE][PASSED] - Object: 'Object Repository/Final Object Repo/Page_Form 3 EIS - Cessation as Employer/Document Type' is clicked on

2018-12-20 16:56:03 - [TEST_STEP][PASSED] - click: Object: 'Object Repository/Final Object Repo/Page_Form 3 EIS - Cessation as Employer/Document Type - Form 3' is clicked on

2018-12-20 16:56:03 - [MESSAGE][PASSED] - Object: 'Object Repository/Final Object Repo/Page_Form 3 EIS - Cessation as Employer/Document Type - Form 3' is clicked on

2018-12-20 16:56:03 - [TEST_STEP][PASSED] - delay: Delayed 2 second(s)

2018-12-20 16:56:05 - [MESSAGE][PASSED] - Delayed 2 second(s)

2018-12-20 16:56:05 - [TEST_STEP][PASSED] - sendKeys: Keys 'C:\Users\Public\Pictures\Sample Pictures\Koala.jpg' sent to object: 'Object Repository/Final Object Repo/Page_Form 3 EIS - Cessation as Employer/ploading File'

2018-12-20 16:56:05 - [MESSAGE][PASSED] - Keys 'C:\Users\Public\Pictures\Sample Pictures\Koala.jpg' sent to object: 'Object Repository/Final Object Repo/Page_Form 3 EIS - Cessation as Employer/ploading File'

2018-12-20 16:56:05 - [TEST_STEP][PASSED] - delay: Delayed 1 second(s)

2018-12-20 16:56:06 - [MESSAGE][PASSED] - Delayed 1 second(s)

2018-12-20 16:56:06 - [TEST_STEP][PASSED] - click: Object: 'Object Repository/Final Object Repo/Page_Form 3 EIS - Cessation as Employer/Add Document in Uploading Page' is clicked on

2018-12-20 16:56:07 - [MESSAGE][PASSED] - Object: 'Object Repository/Final Object Repo/Page_Form 3 EIS - Cessation as Employer/Add Document in Uploading Page' is clicked on

2018-12-20 16:56:07 - [TEST_STEP][PASSED] - delay: Delayed 2 second(s)

2018-12-20 16:56:09 - [MESSAGE][PASSED] - Delayed 2 second(s)

2018-12-20 16:56:09 - [TEST_STEP][PASSED] - Statement - CaseReferenceNo = com.kms.katalon.core.webui.keyword.WebUiBuiltInKeywords.getText(com.kms.katalon.core.testobject.ObjectRepository.findTestObject(Final Object Repo/Page_Update Employer Information/Reference Number in Update Employee Information Page)): Text of object 'Object Repository/Final Object Repo/Page_Update Employer Information/Reference Number in Update Employee Information Page' is: 'ERN122018C200002562'

2018-12-20 16:56:11 - [MESSAGE][PASSED] - Text of object 'Object Repository/Final Object Repo/Page_Update Employer Information/Reference Number in Update Employee Information Page' is: 'ERN122018C200002562'

2018-12-20 16:56:11 - [TEST_STEP][PASSED] - callTestCase: Call Test Case 'Test Cases/Final Aug 2018 - PKS Automation/Common/Reference Number Setter' successfully

2018-12-20 16:56:11 - [TEST_CASE][PASSED] - Test Cases/Final Aug 2018 - PKS Automation/Common/Reference Number Setter: Test Cases/Final Aug 2018 - PKS Automation/Common/Reference Number Setter

2018-12-20 16:56:11 - [TEST_STEP][PASSED] - Statement - RefNoOldFile = new java.io.File(C://Users//Admin//Desktop//PKS//Automation Reference Point//KatalonReference.txt): null

2018-12-20 16:56:11 - [TEST_STEP][PASSED] - Statement - RefNoOldFile.delete(): null

2018-12-20 16:56:11 - [TEST_STEP][PASSED] - delay: Delayed 5 second(s)

2018-12-20 16:56:16 - [MESSAGE][PASSED] - Delayed 5 second(s)

2018-12-20 16:56:16 - [TEST_STEP][PASSED] - Statement - RefNo = new java.io.File(C://Users//Admin//Desktop//PKS//Automation Reference Point//KatalonReference.txt): null

2018-12-20 16:56:16 - [TEST_STEP][PASSED] - Statement - f2 = new java.io.FileWriter(RefNo, false): null

2018-12-20 16:56:16 - [TEST_STEP][PASSED] - Statement - f2.write(CaseReferenceNo): null

2018-12-20 16:56:16 - [TEST_STEP][PASSED] - Statement - f2.close(): null

2018-12-20 16:56:16 - [TEST_STEP][PASSED] - Statement - out.println("


" + CaseReferenceNo + "


"): null

2018-12-20 16:56:16 - [MESSAGE][PASSED] - Call Test Case 'Test Cases/Final Aug 2018 - PKS Automation/Common/Reference Number Setter' successfully

2018-12-20 16:56:16 - [TEST_STEP][PASSED] - delay: Delayed 2 second(s)

2018-12-20 16:56:18 - [MESSAGE][PASSED] - Delayed 2 second(s)

2018-12-20 16:56:18 - [TEST_STEP][PASSED] - click: Object: 'Object Repository/Final Object Repo/Page_Form 3 EIS - Cessation as Employer/Save  Continue in Uploading Page' is clicked on

2018-12-20 16:56:18 - [MESSAGE][PASSED] - Object: 'Object Repository/Final Object Repo/Page_Form 3 EIS - Cessation as Employer/Save  Continue in Uploading Page' is clicked on

2018-12-20 16:56:18 - [TEST_STEP][PASSED] - delay: Delayed 2 second(s)

2018-12-20 16:56:20 - [MESSAGE][PASSED] - Delayed 2 second(s)

2018-12-20 16:56:20 - [TEST_STEP][PASSED] - click: Object: 'Object Repository/Final Object Repo/Page_Form 3 EIS - Cessation as Employer/Submit' is clicked on

2018-12-20 16:56:23 - [MESSAGE][PASSED] - Object: 'Object Repository/Final Object Repo/Page_Form 3 EIS - Cessation as Employer/Submit' is clicked on

2018-12-20 16:56:23 - [TEST_STEP][PASSED] - delay: Delayed 2 second(s)

2018-12-20 16:56:25 - [MESSAGE][PASSED] - Delayed 2 second(s)

2018-12-20 16:56:25 - [TEST_STEP][PASSED] - click: Object: 'Object Repository/Final Object Repo/Page_Form 3 EIS - Cessation as Employer/Confirm' is clicked on

2018-12-20 16:56:25 - [MESSAGE][PASSED] - Object: 'Object Repository/Final Object Repo/Page_Form 3 EIS - Cessation as Employer/Confirm' is clicked on

2018-12-20 16:56:25 - [TEST_STEP][PASSED] - delay: Delayed 2 second(s)

2018-12-20 16:56:27 - [MESSAGE][PASSED] - Delayed 2 second(s)

2018-12-20 16:56:27 - [TEST_STEP][PASSED] - click: Object: 'Object Repository/Final Object Repo/Page_Form 3 EIS - Cessation as Employer/Message Your Request will be routed to UO' is clicked on

2018-12-20 16:56:30 - [MESSAGE][PASSED] - Object: 'Object Repository/Final Object Repo/Page_Form 3 EIS - Cessation as Employer/Message Your Request will be routed to UO' is clicked on

2018-12-20 16:56:30 - [TEST_STEP][PASSED] - click: Object: 'Object Repository/Final Object Repo/Page_Form 3 EIS - Cessation as Employer/Letter of acknowledgement' is clicked on

2018-12-20 16:56:31 - [MESSAGE][PASSED] - Object: 'Object Repository/Final Object Repo/Page_Form 3 EIS - Cessation as Employer/Letter of acknowledgement' is clicked on

2018-12-20 16:56:31 - [MESSAGE][PASSED] - Call Test Case 'Test Cases/Final Aug 2018 - PKS Automation/Registration Module/Workflow/Form 3 EIS - Cessation As Employer/Template/Form 3 A - Cessation As Employer (PKRBO)' successfully

2018-12-20 16:56:31 - [TEST_STEP][PASSED] - callTestCase: Call Test Case 'Test Cases/Final Aug 2018 - PKS Automation/Registration Module/Workflow/Form 3 EIS - Cessation As Employer/Template/Form 3 A - Cessation As Employer (Approve)' successfully

2018-12-20 16:56:31 - [TEST_CASE][PASSED] - Test Cases/Final Aug 2018 - PKS Automation/Registration Module/Workflow/Form 3 EIS - Cessation As Employer/Template/Form 3 A - Cessation As Employer (Approve): Test Cases/Final Aug 2018 - PKS Automation/Registration Module/Workflow/Form 3 EIS - Cessation As Employer/Template/Form 3 A - Cessation As Employer (Approve)

2018-12-20 16:56:31 - [TEST_STEP][NOT_RUN] - callTestCase: NOT_RUN: callTestCase

2018-12-20 16:56:31 - [MESSAGE][NOT_RUN] - NOT_RUN: callTestCase

2018-12-20 16:56:31 - [TEST_STEP][PASSED] - delay: Delayed 1 second(s)

2018-12-20 16:56:32 - [MESSAGE][PASSED] - Delayed 1 second(s)

2018-12-20 16:56:32 - [TEST_STEP][PASSED] - navigateToUrl: Navigate to 'https://assist2-uat.perkeso.gov.my/c/portal/logout' successfully

2018-12-20 16:56:33 - [MESSAGE][PASSED] - Navigate to 'https://assist2-uat.perkeso.gov.my/c/portal/logout' successfully

2018-12-20 16:56:33 - [TEST_STEP][PASSED] - delay: Delayed 1 second(s)

2018-12-20 16:56:34 - [MESSAGE][PASSED] - Delayed 1 second(s)

2018-12-20 16:56:34 - [TEST_STEP][PASSED] - callTestCase: Call Test Case 'Test Cases/Final Aug 2018 - PKS Automation/Common/Reference Number Getter' successfully

2018-12-20 16:56:34 - [TEST_CASE][PASSED] - Test Cases/Final Aug 2018 - PKS Automation/Common/Reference Number Getter: Test Cases/Final Aug 2018 - PKS Automation/Common/Reference Number Getter

2018-12-20 16:56:34 - [TEST_STEP][PASSED] - Statement - Try: null

2018-12-20 16:56:34 - [TEST_STEP][PASSED] - Statement - RefNo = new java.io.File(C://Users//Admin//Desktop//PKS//Automation Reference Point//KatalonReference.txt): null

2018-12-20 16:56:34 - [TEST_STEP][PASSED] - Statement - bufferread = new java.io.BufferedReader(new java.io.FileReader(RefNo)): null

2018-12-20 16:56:34 - [TEST_STEP][PASSED] - Statement - readedVal = bufferread.readLine(): null

2018-12-20 16:56:34 - [TEST_STEP][PASSED] - Statement - out.println(CaseReferenceNo): null

2018-12-20 16:56:34 - [TEST_STEP][PASSED] - Statement - out.println(readedVal): null

2018-12-20 16:56:34 - [TEST_STEP][PASSED] - Statement - CaseReferenceNo = "": null

2018-12-20 16:56:34 - [TEST_STEP][PASSED] - Statement - CaseReferenceNo = readedVal: null

2018-12-20 16:56:34 - [MESSAGE][PASSED] - Call Test Case 'Test Cases/Final Aug 2018 - PKS Automation/Common/Reference Number Getter' successfully

2018-12-20 16:56:34 - [TEST_STEP][PASSED] - callTestCase: Call Test Case 'Test Cases/Final Aug 2018 - PKS Automation/Common/Workflow Owner Finder' successfully

2018-12-20 16:56:34 - [TEST_CASE][PASSED] - Test Cases/Final Aug 2018 - PKS Automation/Common/Workflow Owner Finder: Test Cases/Final Aug 2018 - PKS Automation/Common/Workflow Owner Finder

2018-12-20 16:56:34 - [TEST_STEP][PASSED] - openBrowser: Browser is opened with url: ''

2018-12-20 16:56:34 - [MESSAGE][WARNING] - A browser is already opened. Closing browser and opening a new one

2018-12-20 16:56:37 - [MESSAGE][PASSED] - Browser is opened with url: ''

2018-12-20 16:56:37 - [TEST_STEP][PASSED] - navigateToUrl: Navigate to 'https://assist2-uat.perkeso.gov.my/login' successfully

2018-12-20 16:56:38 - [MESSAGE][PASSED] - Navigate to 'https://assist2-uat.perkeso.gov.my/login' successfully

2018-12-20 16:56:38 - [TEST_STEP][PASSED] - delay: Delayed 5 second(s)

2018-12-20 16:56:43 - [MESSAGE][PASSED] - Delayed 5 second(s)

2018-12-20 16:56:43 - [TEST_STEP][PASSED] - setText: Text 'test@liferay.com' is set on object 'Object Repository/Final Object Repo/Login Page/Internal User/Email Address'

2018-12-20 16:56:43 - [MESSAGE][PASSED] - Text 'test@liferay.com' is set on object 'Object Repository/Final Object Repo/Login Page/Internal User/Email Address'

2018-12-20 16:56:43 - [TEST_STEP][PASSED] - click: Object: 'Object Repository/Final Object Repo/Login Page/Internal User/Next Button' is clicked on

2018-12-20 16:56:44 - [MESSAGE][PASSED] - Object: 'Object Repository/Final Object Repo/Login Page/Internal User/Next Button' is clicked on

2018-12-20 16:56:44 - [TEST_STEP][PASSED] - delay: Delayed 2 second(s)

2018-12-20 16:56:46 - [MESSAGE][PASSED] - Delayed 2 second(s)

2018-12-20 16:56:46 - [TEST_STEP][PASSED] - setText: Text 'test' is set on object 'Object Repository/Final Object Repo/Login Page/Internal User/Password'

2018-12-20 16:56:46 - [MESSAGE][PASSED] - Text 'test' is set on object 'Object Repository/Final Object Repo/Login Page/Internal User/Password'

2018-12-20 16:56:46 - [TEST_STEP][PASSED] - delay: Delayed 2 second(s)

2018-12-20 16:56:48 - [MESSAGE][PASSED] - Delayed 2 second(s)

2018-12-20 16:56:48 - [TEST_STEP][PASSED] - click: Object: 'Object Repository/Final Object Repo/Login Page/Internal User/Login Button' is clicked on

2018-12-20 16:56:48 - [MESSAGE][PASSED] - Object: 'Object Repository/Final Object Repo/Login Page/Internal User/Login Button' is clicked on

2018-12-20 16:56:48 - [TEST_STEP][PASSED] - Statement - tester = com.kms.katalon.core.testobject.ObjectRepository.findTestObject(Final Object Repo/Landing Page/Select to English): Finding Test Object with id 'Object Repository/Final Object Repo/Landing Page/Select to English'

2018-12-20 16:56:48 - [TEST_STEP][PASSED] - Statement - Try: Delayed 2 second(s)

2018-12-20 16:56:48 - [TEST_STEP][PASSED] - Statement - Checker = com.kms.katalon.core.webui.keyword.WebUiBuiltInKeywords.verifyElementNotPresent(tester, 3): Web element with id: 'Object Repository/Final Object Repo/Landing Page/Select to English' located by 'By.xpath: //a[@class = 'taglib-language-list-text' and @lang = 'en-US' and (contains(text(), 'EN') or contains(., 'EN'))]' is not present after '3' second(s)

2018-12-20 16:56:50 - [MESSAGE][PASSED] - Web element with id: 'Object Repository/Final Object Repo/Landing Page/Select to English' located by 'By.xpath: //a[@class = 'taglib-language-list-text' and @lang = 'en-US' and (contains(text(), 'EN') or contains(., 'EN'))]' is not present after '3' second(s)

2018-12-20 16:56:50 - [TEST_STEP][PASSED] - Statement - If (Checker == false): null

2018-12-20 16:56:50 - [TEST_STEP][PASSED] - delay: Delayed 2 second(s)

2018-12-20 16:56:52 - [MESSAGE][PASSED] - Delayed 2 second(s)

2018-12-20 16:56:52 - [TEST_STEP][PASSED] - delay: Delayed 5 second(s)

2018-12-20 16:56:57 - [MESSAGE][PASSED] - Delayed 5 second(s)

2018-12-20 16:56:57 - [TEST_STEP][PASSED] - mouseOver: Object: 'Object Repository/Final Object Repo/Landing Page/WorkFlow Menu' is hovered

2018-12-20 16:56:57 - [MESSAGE][PASSED] - Object: 'Object Repository/Final Object Repo/Landing Page/WorkFlow Menu' is hovered

2018-12-20 16:56:57 - [TEST_STEP][PASSED] - delay: Delayed 2 second(s)

2018-12-20 16:56:59 - [MESSAGE][PASSED] - Delayed 2 second(s)

2018-12-20 16:56:59 - [TEST_STEP][PASSED] - click: Object: 'Object Repository/Final Object Repo/Landing Page/Select to Workflow Listing' is clicked on

2018-12-20 16:57:00 - [MESSAGE][PASSED] - Object: 'Object Repository/Final Object Repo/Landing Page/Select to Workflow Listing' is clicked on

2018-12-20 16:57:00 - [TEST_STEP][PASSED] - delay: Delayed 2 second(s)

2018-12-20 16:57:02 - [MESSAGE][PASSED] - Delayed 2 second(s)

2018-12-20 16:57:02 - [TEST_STEP][PASSED] - click: Object: 'Object Repository/Final Object Repo/WorkFlow Listing Page/Search Information - To Put Ref No' is clicked on

2018-12-20 16:57:02 - [MESSAGE][PASSED] - Object: 'Object Repository/Final Object Repo/WorkFlow Listing Page/Search Information - To Put Ref No' is clicked on

2018-12-20 16:57:02 - [TEST_STEP][PASSED] - delay: Delayed 2 second(s)

2018-12-20 16:57:04 - [MESSAGE][PASSED] - Delayed 2 second(s)

2018-12-20 16:57:04 - [TEST_STEP][PASSED] - callTestCase: Call Test Case 'Test Cases/Final Aug 2018 - PKS Automation/Common/Reference Number Getter' successfully

2018-12-20 16:57:04 - [TEST_CASE][PASSED] - Test Cases/Final Aug 2018 - PKS Automation/Common/Reference Number Getter: Test Cases/Final Aug 2018 - PKS Automation/Common/Reference Number Getter

2018-12-20 16:57:04 - [TEST_STEP][PASSED] - Statement - Try: null

2018-12-20 16:57:04 - [TEST_STEP][PASSED] - Statement - RefNo = new java.io.File(C://Users//Admin//Desktop//PKS//Automation Reference Point//KatalonReference.txt): null

2018-12-20 16:57:04 - [TEST_STEP][PASSED] - Statement - bufferread = new java.io.BufferedReader(new java.io.FileReader(RefNo)): null

2018-12-20 16:57:04 - [TEST_STEP][PASSED] - Statement - readedVal = bufferread.readLine(): null

2018-12-20 16:57:04 - [TEST_STEP][PASSED] - Statement - out.println(CaseReferenceNo): null

2018-12-20 16:57:04 - [TEST_STEP][PASSED] - Statement - out.println(readedVal): null

2018-12-20 16:57:04 - [TEST_STEP][PASSED] - Statement - CaseReferenceNo = "": null

2018-12-20 16:57:04 - [TEST_STEP][PASSED] - Statement - CaseReferenceNo = readedVal: null

2018-12-20 16:57:04 - [MESSAGE][PASSED] - Call Test Case 'Test Cases/Final Aug 2018 - PKS Automation/Common/Reference Number Getter' successfully

2018-12-20 16:57:04 - [TEST_STEP][PASSED] - setText: Text 'ERN122018C200002562' is set on object 'Object Repository/Final Object Repo/WorkFlow Listing Page/Ref No Set Text'

2018-12-20 16:57:05 - [MESSAGE][PASSED] - Text 'ERN122018C200002562' is set on object 'Object Repository/Final Object Repo/WorkFlow Listing Page/Ref No Set Text'

2018-12-20 16:57:05 - [TEST_STEP][PASSED] - delay: Delayed 2 second(s)

2018-12-20 16:57:07 - [MESSAGE][PASSED] - Delayed 2 second(s)

2018-12-20 16:57:07 - [TEST_STEP][PASSED] - click: Object: 'Object Repository/Final Object Repo/WorkFlow Listing Page/Search Ref No Search Button' is clicked on

2018-12-20 16:57:07 - [MESSAGE][PASSED] - Object: 'Object Repository/Final Object Repo/WorkFlow Listing Page/Search Ref No Search Button' is clicked on

2018-12-20 16:57:07 - [TEST_STEP][PASSED] - delay: Delayed 6 second(s)

2018-12-20 16:57:13 - [MESSAGE][PASSED] - Delayed 6 second(s)

2018-12-20 16:57:13 - [TEST_STEP][PASSED] - click: Object: 'Object Repository/Final Object Repo/WorkFlow Listing Page/Click Continue Tooltip' is clicked on

2018-12-20 16:57:14 - [MESSAGE][PASSED] - Object: 'Object Repository/Final Object Repo/WorkFlow Listing Page/Click Continue Tooltip' is clicked on

2018-12-20 16:57:14 - [TEST_STEP][PASSED] - delay: Delayed 5 second(s)

2018-12-20 16:57:19 - [MESSAGE][PASSED] - Delayed 5 second(s)

2018-12-20 16:57:19 - [TEST_STEP][PASSED] - doubleClick: Object: 'Object Repository/Final Object Repo/WorkFlow Listing Page/Workflow Found - Listing 1' is double clicked on

2018-12-20 16:57:19 - [MESSAGE][PASSED] - Object: 'Object Repository/Final Object Repo/WorkFlow Listing Page/Workflow Found - Listing 1' is double clicked on

2018-12-20 16:57:19 - [TEST_STEP][PASSED] - Statement - println(OwnerID): null

2018-12-20 16:57:19 - [TEST_STEP][PASSED] - Statement - OwnerID = com.kms.katalon.core.webui.keyword.WebUiBuiltInKeywords.getText(com.kms.katalon.core.testobject.ObjectRepository.findTestObject(Final Object Repo/WorkFlow Listing Page/Workflow Found - Listing 1), STOP_ON_FAILURE): Text of object 'Object Repository/Final Object Repo/WorkFlow Listing Page/Workflow Found - Listing 1' is: 'JOHORuo1'

2018-12-20 16:57:19 - [MESSAGE][PASSED] - Text of object 'Object Repository/Final Object Repo/WorkFlow Listing Page/Workflow Found - Listing 1' is: 'JOHORuo1'

2018-12-20 16:57:19 - [TEST_STEP][PASSED] - Statement - OwnerID = OwnerID.toLowerCase() + "@gmail.com": null

2018-12-20 16:57:19 - [TEST_STEP][PASSED] - Statement - println(OwnerID): null

2018-12-20 16:57:19 - [TEST_STEP][PASSED] - delay: Delayed 2 second(s)

2018-12-20 16:57:21 - [MESSAGE][PASSED] - Delayed 2 second(s)

2018-12-20 16:57:21 - [MESSAGE][PASSED] - Call Test Case 'Test Cases/Final Aug 2018 - PKS Automation/Common/Workflow Owner Finder' successfully

2018-12-20 16:57:21 - [TEST_STEP][PASSED] - delay: Delayed 1 second(s)

2018-12-20 16:57:22 - [MESSAGE][PASSED] - Delayed 1 second(s)

2018-12-20 16:57:22 - [TEST_STEP][PASSED] - navigateToUrl: Navigate to 'https://assist2-uat.perkeso.gov.my/c/portal/logout' successfully

2018-12-20 16:57:23 - [MESSAGE][PASSED] - Navigate to 'https://assist2-uat.perkeso.gov.my/c/portal/logout' successfully

2018-12-20 16:57:23 - [TEST_STEP][PASSED] - delay: Delayed 1 second(s)

2018-12-20 16:57:24 - [MESSAGE][PASSED] - Delayed 1 second(s)

2018-12-20 16:57:24 - [TEST_STEP][PASSED] - callTestCase: Call Test Case 'Test Cases/Final Aug 2018 - PKS Automation/Registration Module/Workflow/Login and Search Case For Workflow' successfully

2018-12-20 16:57:24 - [TEST_CASE][PASSED] - Test Cases/Final Aug 2018 - PKS Automation/Registration Module/Workflow/Login and Search Case For Workflow: Test Cases/Final Aug 2018 - PKS Automation/Registration Module/Workflow/Login and Search Case For Workflow

2018-12-20 16:57:24 - [TEST_STEP][PASSED] - navigateToUrl: Navigate to 'https://assist2-uat.perkeso.gov.my/login' successfully

2018-12-20 16:57:25 - [MESSAGE][PASSED] - Navigate to 'https://assist2-uat.perkeso.gov.my/login' successfully

2018-12-20 16:57:25 - [TEST_STEP][PASSED] - setText: Text 'johoruo1@gmail.com' is set on object 'Object Repository/Final Object Repo/Login Page/Internal User/Email Address'

2018-12-20 16:57:25 - [MESSAGE][PASSED] - Text 'johoruo1@gmail.com' is set on object 'Object Repository/Final Object Repo/Login Page/Internal User/Email Address'

2018-12-20 16:57:25 - [TEST_STEP][PASSED] - click: Object: 'Object Repository/Final Object Repo/Login Page/Internal User/Next Button' is clicked on

2018-12-20 16:57:25 - [MESSAGE][PASSED] - Object: 'Object Repository/Final Object Repo/Login Page/Internal User/Next Button' is clicked on

2018-12-20 16:57:25 - [TEST_STEP][PASSED] - delay: Delayed 1 second(s)

2018-12-20 16:57:26 - [MESSAGE][PASSED] - Delayed 1 second(s)

2018-12-20 16:57:26 - [TEST_STEP][PASSED] - setEncryptedText: Text ****** has been set on object 'Object Repository/Final Object Repo/Login Page/Internal User/Password'

2018-12-20 16:57:26 - [MESSAGE][PASSED] - Text ****** has been set on object 'Object Repository/Final Object Repo/Login Page/Internal User/Password'

2018-12-20 16:57:26 - [TEST_STEP][PASSED] - click: Object: 'Object Repository/Final Object Repo/Login Page/Internal User/Login Button' is clicked on

2018-12-20 16:57:27 - [MESSAGE][PASSED] - Object: 'Object Repository/Final Object Repo/Login Page/Internal User/Login Button' is clicked on

2018-12-20 16:57:27 - [TEST_STEP][PASSED] - delay: Delayed 2 second(s)

2018-12-20 16:57:29 - [MESSAGE][PASSED] - Delayed 2 second(s)

2018-12-20 16:57:29 - [TEST_STEP][PASSED] - Statement - Try: Delayed 2 second(s)

2018-12-20 16:57:29 - [TEST_STEP][PASSED] - Statement - Checker = false: null

2018-12-20 16:57:29 - [TEST_STEP][PASSED] - Statement - Checker = com.kms.katalon.core.webui.keyword.WebUiBuiltInKeywords.verifyElementHasAttribute(com.kms.katalon.core.testobject.ObjectRepository.findTestObject(Final Object Repo/Landing Page/BM Detecting), "href", 20, OPTIONAL): Object 'Object Repository/Final Object Repo/Landing Page/BM Detecting' has attribute 'href'

2018-12-20 16:57:29 - [MESSAGE][PASSED] - Object 'Object Repository/Final Object Repo/Landing Page/BM Detecting' has attribute 'href'

2018-12-20 16:57:29 - [TEST_STEP][PASSED] - Statement - out.println(Checker): null

2018-12-20 16:57:29 - [TEST_STEP][PASSED] - Statement - If (Checker == false): null

2018-12-20 16:57:29 - [TEST_STEP][PASSED] - Statement - Else: null

2018-12-20 16:57:29 - [TEST_STEP][PASSED] - delay: Delayed 2 second(s)

2018-12-20 16:57:31 - [MESSAGE][PASSED] - Delayed 2 second(s)

2018-12-20 16:57:31 - [TEST_STEP][PASSED] - click: Object: 'Object Repository/Final Object Repo/Page_MyASSIST - ASSIST - Search Pending Case For Add Supporting Document/Search Information' is clicked on

2018-12-20 16:57:31 - [MESSAGE][PASSED] - Object: 'Object Repository/Final Object Repo/Page_MyASSIST - ASSIST - Search Pending Case For Add Supporting Document/Search Information' is clicked on

2018-12-20 16:57:31 - [TEST_STEP][PASSED] - delay: Delayed 3 second(s)

2018-12-20 16:57:34 - [MESSAGE][PASSED] - Delayed 3 second(s)

2018-12-20 16:57:34 - [TEST_STEP][PASSED] - sendKeys: Keys 'ERN122018C200002562' sent to object: 'Object Repository/Final Object Repo/Page_MyASSIST - ASSIST - Search Pending Case For Add Supporting Document/Reference No'

2018-12-20 16:57:34 - [MESSAGE][PASSED] - Keys 'ERN122018C200002562' sent to object: 'Object Repository/Final Object Repo/Page_MyASSIST - ASSIST - Search Pending Case For Add Supporting Document/Reference No'

2018-12-20 16:57:34 - [TEST_STEP][PASSED] - click: Object: 'Object Repository/Final Object Repo/Page_MyASSIST - ASSIST - Search Pending Case For Add Supporting Document/Search Reference No' is clicked on

2018-12-20 16:57:34 - [MESSAGE][PASSED] - Object: 'Object Repository/Final Object Repo/Page_MyASSIST - ASSIST - Search Pending Case For Add Supporting Document/Search Reference No' is clicked on

2018-12-20 16:57:34 - [TEST_STEP][PASSED] - delay: Delayed 2 second(s)

2018-12-20 16:57:36 - [MESSAGE][PASSED] - Delayed 2 second(s)

2018-12-20 16:57:36 - [TEST_STEP][PASSED] - click: Object: 'Object Repository/Final Object Repo/Page_MyASSIST - ASSIST - Search Pending Case For Add Supporting Document/Continue' is clicked on

2018-12-20 16:57:39 - [MESSAGE][PASSED] - Object: 'Object Repository/Final Object Repo/Page_MyASSIST - ASSIST - Search Pending Case For Add Supporting Document/Continue' is clicked on

2018-12-20 16:57:39 - [TEST_STEP][PASSED] - delay: Delayed 20 second(s)

2018-12-20 16:57:59 - [MESSAGE][PASSED] - Delayed 20 second(s)

2018-12-20 16:57:59 - [MESSAGE][PASSED] - Call Test Case 'Test Cases/Final Aug 2018 - PKS Automation/Registration Module/Workflow/Login and Search Case For Workflow' successfully

2018-12-20 16:57:59 - [TEST_STEP][PASSED] - click: Object: 'Object Repository/Final Object Repo/Page_Form 3 EIS - Cessation as Employer/Page_Form 3 EIS - Cessation as Employer (Approve)/Save  Continue in Form 3 Page' is clicked on

2018-12-20 16:58:00 - [MESSAGE][PASSED] - Object: 'Object Repository/Final Object Repo/Page_Form 3 EIS - Cessation as Employer/Page_Form 3 EIS - Cessation as Employer (Approve)/Save  Continue in Form 3 Page' is clicked on

2018-12-20 16:58:00 - [TEST_STEP][PASSED] - delay: Delayed 2 second(s)

2018-12-20 16:58:02 - [MESSAGE][PASSED] - Delayed 2 second(s)

2018-12-20 16:58:02 - [TEST_STEP][PASSED] - click: Object: 'Object Repository/Final Object Repo/Page_Form 3 EIS - Cessation as Employer/Page_Form 3 EIS - Cessation as Employer (Approve)/Save  Continue in Resigned Page' is clicked on

2018-12-20 16:58:02 - [MESSAGE][PASSED] - Object: 'Object Repository/Final Object Repo/Page_Form 3 EIS - Cessation as Employer/Page_Form 3 EIS - Cessation as Employer (Approve)/Save  Continue in Resigned Page' is clicked on

2018-12-20 16:58:02 - [TEST_STEP][PASSED] - delay: Delayed 2 second(s)

2018-12-20 16:58:04 - [MESSAGE][PASSED] - Delayed 2 second(s)

2018-12-20 16:58:04 - [TEST_STEP][PASSED] - click: Object: 'Object Repository/Final Object Repo/Page_Form 3 EIS - Cessation as Employer/Page_Form 3 EIS - Cessation as Employer (Approve)/Save  Continue in Uploading Page' is clicked on

2018-12-20 16:58:05 - [MESSAGE][PASSED] - Object: 'Object Repository/Final Object Repo/Page_Form 3 EIS - Cessation as Employer/Page_Form 3 EIS - Cessation as Employer (Approve)/Save  Continue in Uploading Page' is clicked on

2018-12-20 16:58:05 - [TEST_STEP][PASSED] - delay: Delayed 2 second(s)

2018-12-20 16:58:07 - [MESSAGE][PASSED] - Delayed 2 second(s)

2018-12-20 16:58:07 - [TEST_STEP][PASSED] - click: Object: 'Object Repository/Final Object Repo/Page_Form 3 EIS - Cessation as Employer/Page_Form 3 EIS - Cessation as Employer (Approve)/Approve' is clicked on

2018-12-20 16:58:09 - [MESSAGE][PASSED] - Object: 'Object Repository/Final Object Repo/Page_Form 3 EIS - Cessation as Employer/Page_Form 3 EIS - Cessation as Employer (Approve)/Approve' is clicked on

2018-12-20 16:58:09 - [TEST_STEP][PASSED] - delay: Delayed 2 second(s)

2018-12-20 16:58:11 - [MESSAGE][PASSED] - Delayed 2 second(s)

2018-12-20 16:58:11 - [TEST_STEP][PASSED] - click: Object: 'Object Repository/Final Object Repo/Page_Form 3 EIS - Cessation as Employer/Page_Form 3 EIS - Cessation as Employer (Approve)/Confirm' is clicked on

2018-12-20 16:58:12 - [MESSAGE][PASSED] - Object: 'Object Repository/Final Object Repo/Page_Form 3 EIS - Cessation as Employer/Page_Form 3 EIS - Cessation as Employer (Approve)/Confirm' is clicked on

2018-12-20 16:58:12 - [TEST_STEP][PASSED] - delay: Delayed 2 second(s)

2018-12-20 16:58:14 - [MESSAGE][PASSED] - Delayed 2 second(s)

2018-12-20 16:58:14 - [TEST_STEP][PASSED] - click: Object: 'Object Repository/Final Object Repo/Page_Form 3 EIS - Cessation as Employer/Page_Form 3 EIS - Cessation as Employer (Approve)/Message Your Request    Form 3 EIS' is clicked on

2018-12-20 16:58:20 - [MESSAGE][PASSED] - Object: 'Object Repository/Final Object Repo/Page_Form 3 EIS - Cessation as Employer/Page_Form 3 EIS - Cessation as Employer (Approve)/Message Your Request    Form 3 EIS' is clicked on

2018-12-20 16:58:20 - [TEST_STEP][PASSED] - click: Object: 'Object Repository/Final Object Repo/Page_Form 3 EIS - Cessation as Employer/Page_Form 3 EIS - Cessation as Employer (Approve)/Letter of successful update' is clicked on

2018-12-20 16:58:21 - [MESSAGE][PASSED] - Object: 'Object Repository/Final Object Repo/Page_Form 3 EIS - Cessation as Employer/Page_Form 3 EIS - Cessation as Employer (Approve)/Letter of successful update' is clicked on

2018-12-20 16:58:21 - [MESSAGE][PASSED] - Call Test Case 'Test Cases/Final Aug 2018 - PKS Automation/Registration Module/Workflow/Form 3 EIS - Cessation As Employer/Template/Form 3 A - Cessation As Employer (Approve)' successfully]]></system-out>
         <system-err><![CDATA[]]></system-err>
      </testcase>
      <testcase name="Test Cases/Final Aug 2018 - PKS Automation/Registration Module/Workflow/Form 3 EIS - Cessation As Employer/PKRBO to UO (Query)" classname="Test Cases/Final Aug 2018 - PKS Automation/Registration Module/Workflow/Form 3 EIS - Cessation As Employer/PKRBO to UO (Query)" status="PASSED">
         <system-out><![CDATA[2018-12-20 16:58:21 - [TEST_CASE][PASSED] - Test Cases/Final Aug 2018 - PKS Automation/Registration Module/Workflow/Form 3 EIS - Cessation As Employer/PKRBO to UO (Query): Test Cases/Final Aug 2018 - PKS Automation/Registration Module/Workflow/Form 3 EIS - Cessation As Employer/PKRBO to UO (Query)

2018-12-20 16:58:21 - [TEST_STEP][PASSED] - callTestCase: Call Test Case 'Test Cases/Final Aug 2018 - PKS Automation/Registration Module/Workflow/Form 3 EIS - Cessation As Employer/Template/Form 3 A - Cessation As Employer (PKRBO)' successfully

2018-12-20 16:58:21 - [TEST_CASE][PASSED] - Test Cases/Final Aug 2018 - PKS Automation/Registration Module/Workflow/Form 3 EIS - Cessation As Employer/Template/Form 3 A - Cessation As Employer (PKRBO): Test Cases/Final Aug 2018 - PKS Automation/Registration Module/Workflow/Form 3 EIS - Cessation As Employer/Template/Form 3 A - Cessation As Employer (PKRBO)

2018-12-20 16:58:21 - [TEST_STEP][PASSED] - openBrowser: Browser is opened with url: ''

2018-12-20 16:58:21 - [MESSAGE][WARNING] - A browser is already opened. Closing browser and opening a new one

2018-12-20 16:58:24 - [MESSAGE][PASSED] - Browser is opened with url: ''

2018-12-20 16:58:24 - [TEST_STEP][PASSED] - navigateToUrl: Navigate to 'https://assist2-uat.perkeso.gov.my/login' successfully

2018-12-20 16:58:25 - [MESSAGE][PASSED] - Navigate to 'https://assist2-uat.perkeso.gov.my/login' successfully

2018-12-20 16:58:25 - [TEST_STEP][PASSED] - setText: Text 'johorpkrbo1@gmail.com' is set on object 'Object Repository/Final Object Repo/Login Page/Internal User/Email Address'

2018-12-20 16:58:25 - [MESSAGE][PASSED] - Text 'johorpkrbo1@gmail.com' is set on object 'Object Repository/Final Object Repo/Login Page/Internal User/Email Address'

2018-12-20 16:58:25 - [TEST_STEP][PASSED] - click: Object: 'Object Repository/Final Object Repo/Login Page/Internal User/Next Button' is clicked on

2018-12-20 16:58:26 - [MESSAGE][PASSED] - Object: 'Object Repository/Final Object Repo/Login Page/Internal User/Next Button' is clicked on

2018-12-20 16:58:26 - [TEST_STEP][PASSED] - delay: Delayed 1 second(s)

2018-12-20 16:58:27 - [MESSAGE][PASSED] - Delayed 1 second(s)

2018-12-20 16:58:27 - [TEST_STEP][PASSED] - setEncryptedText: Text ****** has been set on object 'Object Repository/Final Object Repo/Login Page/Internal User/Password'

2018-12-20 16:58:27 - [MESSAGE][PASSED] - Text ****** has been set on object 'Object Repository/Final Object Repo/Login Page/Internal User/Password'

2018-12-20 16:58:27 - [TEST_STEP][PASSED] - click: Object: 'Object Repository/Final Object Repo/Login Page/Internal User/Login Button' is clicked on

2018-12-20 16:58:27 - [MESSAGE][PASSED] - Object: 'Object Repository/Final Object Repo/Login Page/Internal User/Login Button' is clicked on

2018-12-20 16:58:27 - [TEST_STEP][PASSED] - delay: Delayed 1 second(s)

2018-12-20 16:58:28 - [MESSAGE][PASSED] - Delayed 1 second(s)

2018-12-20 16:58:28 - [TEST_STEP][PASSED] - Statement - Try: Delayed 2 second(s)

2018-12-20 16:58:28 - [TEST_STEP][PASSED] - Statement - Checker = false: null

2018-12-20 16:58:28 - [TEST_STEP][PASSED] - Statement - Checker = com.kms.katalon.core.webui.keyword.WebUiBuiltInKeywords.verifyElementHasAttribute(com.kms.katalon.core.testobject.ObjectRepository.findTestObject(Final Object Repo/Landing Page/BM Detecting), "href", 20, OPTIONAL): Object 'Object Repository/Final Object Repo/Landing Page/BM Detecting' has attribute 'href'

2018-12-20 16:58:29 - [MESSAGE][PASSED] - Object 'Object Repository/Final Object Repo/Landing Page/BM Detecting' has attribute 'href'

2018-12-20 16:58:29 - [TEST_STEP][PASSED] - Statement - out.println(Checker): null

2018-12-20 16:58:29 - [TEST_STEP][PASSED] - Statement - If (Checker == false): null

2018-12-20 16:58:29 - [TEST_STEP][PASSED] - Statement - Else: null

2018-12-20 16:58:29 - [TEST_STEP][PASSED] - delay: Delayed 2 second(s)

2018-12-20 16:58:31 - [MESSAGE][PASSED] - Delayed 2 second(s)

2018-12-20 16:58:31 - [TEST_STEP][PASSED] - navigateToUrl: Navigate to 'https://assist2-uat.perkeso.gov.my/web/registration/eis-update/form-3-eis-cessation-as-employer' successfully

2018-12-20 16:58:32 - [MESSAGE][PASSED] - Navigate to 'https://assist2-uat.perkeso.gov.my/web/registration/eis-update/form-3-eis-cessation-as-employer' successfully

2018-12-20 16:58:32 - [TEST_STEP][PASSED] - delay: Delayed 1 second(s)

2018-12-20 16:58:33 - [MESSAGE][PASSED] - Delayed 1 second(s)

2018-12-20 16:58:33 - [TEST_STEP][PASSED] - setText: Text 'E1102069769W' is set on object 'Object Repository/Final Object Repo/Page_Form 3 EIS - Cessation as Employer/Employer Code'

2018-12-20 16:58:33 - [MESSAGE][PASSED] - Text 'E1102069769W' is set on object 'Object Repository/Final Object Repo/Page_Form 3 EIS - Cessation as Employer/Employer Code'

2018-12-20 16:58:33 - [TEST_STEP][PASSED] - click: Object: 'Object Repository/Final Object Repo/Page_Form 3 EIS - Cessation as Employer/Search' is clicked on

2018-12-20 16:58:34 - [MESSAGE][PASSED] - Object: 'Object Repository/Final Object Repo/Page_Form 3 EIS - Cessation as Employer/Search' is clicked on

2018-12-20 16:58:34 - [TEST_STEP][PASSED] - click: Object: 'Object Repository/Final Object Repo/Page_Form 3 EIS - Cessation as Employer/Edit' is clicked on

2018-12-20 16:58:36 - [MESSAGE][PASSED] - Object: 'Object Repository/Final Object Repo/Page_Form 3 EIS - Cessation as Employer/Edit' is clicked on

2018-12-20 16:58:36 - [TEST_STEP][PASSED] - delay: Delayed 1 second(s)

2018-12-20 16:58:37 - [MESSAGE][PASSED] - Delayed 1 second(s)

2018-12-20 16:58:37 - [TEST_STEP][PASSED] - Statement - abc = com.kms.katalon.core.webui.keyword.WebUiBuiltInKeywords.getAttribute(com.kms.katalon.core.testobject.ObjectRepository.findTestObject(Final Object Repo/Page_Form 3 EIS - Cessation as Employer/Employer Status), "value"): Attribute 'value' of object 'Object Repository/Final Object Repo/Page_Form 3 EIS - Cessation as Employer/Employer Status' is: 'Active'

2018-12-20 16:58:37 - [MESSAGE][PASSED] - Attribute 'value' of object 'Object Repository/Final Object Repo/Page_Form 3 EIS - Cessation as Employer/Employer Status' is: 'Active'

2018-12-20 16:58:37 - [TEST_STEP][PASSED] - Statement - out.println(abc): null

2018-12-20 16:58:37 - [TEST_STEP][PASSED] - Statement - If (abc == "Active"): Object: 'Object Repository/Final Object Repo/Page_Form 3 EIS - Cessation as Employer/Dormant EIS' is clicked on

2018-12-20 16:58:37 - [TEST_STEP][PASSED] - click: Object: 'Object Repository/Final Object Repo/Page_Form 3 EIS - Cessation as Employer/Change Employer Status to' is clicked on

2018-12-20 16:58:37 - [MESSAGE][PASSED] - Object: 'Object Repository/Final Object Repo/Page_Form 3 EIS - Cessation as Employer/Change Employer Status to' is clicked on

2018-12-20 16:58:37 - [TEST_STEP][PASSED] - click: Object: 'Object Repository/Final Object Repo/Page_Form 3 EIS - Cessation as Employer/Dormant EIS' is clicked on

2018-12-20 16:58:37 - [MESSAGE][PASSED] - Object: 'Object Repository/Final Object Repo/Page_Form 3 EIS - Cessation as Employer/Dormant EIS' is clicked on

2018-12-20 16:58:37 - [TEST_STEP][PASSED] - click: Object: 'Object Repository/Final Object Repo/Page_Form 3 EIS - Cessation as Employer/Calender' is clicked on

2018-12-20 16:58:38 - [MESSAGE][PASSED] - Object: 'Object Repository/Final Object Repo/Page_Form 3 EIS - Cessation as Employer/Calender' is clicked on

2018-12-20 16:58:38 - [TEST_STEP][PASSED] - delay: Delayed 1 second(s)

2018-12-20 16:58:39 - [MESSAGE][PASSED] - Delayed 1 second(s)

2018-12-20 16:58:39 - [TEST_STEP][PASSED] - click: Object: 'Object Repository/Final Object Repo/Page_Form 3 EIS - Cessation as Employer/Calender - Date' is clicked on

2018-12-20 16:58:39 - [MESSAGE][PASSED] - Object: 'Object Repository/Final Object Repo/Page_Form 3 EIS - Cessation as Employer/Calender - Date' is clicked on

2018-12-20 16:58:39 - [TEST_STEP][PASSED] - click: Object: 'Object Repository/Final Object Repo/Page_Form 3 EIS - Cessation as Employer/Save  Continue in Form 3 EIS Page' is clicked on

2018-12-20 16:58:39 - [MESSAGE][PASSED] - Object: 'Object Repository/Final Object Repo/Page_Form 3 EIS - Cessation as Employer/Save  Continue in Form 3 EIS Page' is clicked on

2018-12-20 16:58:39 - [TEST_STEP][PASSED] - delay: Delayed 1 second(s)

2018-12-20 16:58:40 - [MESSAGE][PASSED] - Delayed 1 second(s)

2018-12-20 16:58:40 - [TEST_STEP][PASSED] - click: Object: 'Object Repository/Final Object Repo/Page_Form 3 EIS - Cessation as Employer/Employment Resign Date' is clicked on

2018-12-20 16:58:41 - [MESSAGE][PASSED] - Object: 'Object Repository/Final Object Repo/Page_Form 3 EIS - Cessation as Employer/Employment Resign Date' is clicked on

2018-12-20 16:58:41 - [TEST_STEP][PASSED] - selectOptionByValue: All options with value '2030' are selected in object 'Object Repository/Final Object Repo/Page_Form 3 EIS - Cessation as Employer/Employment Resign Date - Year' 

2018-12-20 16:58:41 - [MESSAGE][PASSED] - All options with value '2030' are selected in object 'Object Repository/Final Object Repo/Page_Form 3 EIS - Cessation as Employer/Employment Resign Date - Year' 

2018-12-20 16:58:41 - [TEST_STEP][PASSED] - delay: Delayed 2 second(s)

2018-12-20 16:58:43 - [MESSAGE][PASSED] - Delayed 2 second(s)

2018-12-20 16:58:43 - [TEST_STEP][PASSED] - click: Object: 'Object Repository/Final Object Repo/Page_Form 3 EIS - Cessation as Employer/Employment Resign Date - Year - Date' is clicked on

2018-12-20 16:58:43 - [MESSAGE][PASSED] - Object: 'Object Repository/Final Object Repo/Page_Form 3 EIS - Cessation as Employer/Employment Resign Date - Year - Date' is clicked on

2018-12-20 16:58:43 - [TEST_STEP][PASSED] - delay: Delayed 2 second(s)

2018-12-20 16:58:45 - [MESSAGE][PASSED] - Delayed 2 second(s)

2018-12-20 16:58:45 - [TEST_STEP][PASSED] - click: Object: 'Object Repository/Final Object Repo/Page_Form 3 EIS - Cessation as Employer/Save  Continue in Employment Resign Page' is clicked on

2018-12-20 16:58:45 - [MESSAGE][PASSED] - Object: 'Object Repository/Final Object Repo/Page_Form 3 EIS - Cessation as Employer/Save  Continue in Employment Resign Page' is clicked on

2018-12-20 16:58:45 - [TEST_STEP][PASSED] - delay: Delayed 2 second(s)

2018-12-20 16:58:47 - [MESSAGE][PASSED] - Delayed 2 second(s)

2018-12-20 16:58:47 - [TEST_STEP][PASSED] - click: Object: 'Object Repository/Final Object Repo/Page_Form 3 EIS - Cessation as Employer/Set Latest - Yes' is clicked on

2018-12-20 16:58:47 - [MESSAGE][PASSED] - Object: 'Object Repository/Final Object Repo/Page_Form 3 EIS - Cessation as Employer/Set Latest - Yes' is clicked on

2018-12-20 16:58:47 - [TEST_STEP][PASSED] - delay: Delayed 2 second(s)

2018-12-20 16:58:49 - [MESSAGE][PASSED] - Delayed 2 second(s)

2018-12-20 16:58:49 - [TEST_STEP][PASSED] - click: Object: 'Object Repository/Final Object Repo/Page_Form 3 EIS - Cessation as Employer/Add Document' is clicked on

2018-12-20 16:58:51 - [MESSAGE][PASSED] - Object: 'Object Repository/Final Object Repo/Page_Form 3 EIS - Cessation as Employer/Add Document' is clicked on

2018-12-20 16:58:51 - [TEST_STEP][PASSED] - delay: Delayed 3 second(s)

2018-12-20 16:58:54 - [MESSAGE][PASSED] - Delayed 3 second(s)

2018-12-20 16:58:54 - [TEST_STEP][PASSED] - click: Object: 'Object Repository/Final Object Repo/Page_Form 3 EIS - Cessation as Employer/Document Type' is clicked on

2018-12-20 16:58:54 - [MESSAGE][PASSED] - Object: 'Object Repository/Final Object Repo/Page_Form 3 EIS - Cessation as Employer/Document Type' is clicked on

2018-12-20 16:58:54 - [TEST_STEP][PASSED] - click: Object: 'Object Repository/Final Object Repo/Page_Form 3 EIS - Cessation as Employer/Document Type - Form 3' is clicked on

2018-12-20 16:58:54 - [MESSAGE][PASSED] - Object: 'Object Repository/Final Object Repo/Page_Form 3 EIS - Cessation as Employer/Document Type - Form 3' is clicked on

2018-12-20 16:58:54 - [TEST_STEP][PASSED] - delay: Delayed 2 second(s)

2018-12-20 16:58:56 - [MESSAGE][PASSED] - Delayed 2 second(s)

2018-12-20 16:58:56 - [TEST_STEP][PASSED] - sendKeys: Keys 'C:\Users\Public\Pictures\Sample Pictures\Koala.jpg' sent to object: 'Object Repository/Final Object Repo/Page_Form 3 EIS - Cessation as Employer/ploading File'

2018-12-20 16:58:56 - [MESSAGE][PASSED] - Keys 'C:\Users\Public\Pictures\Sample Pictures\Koala.jpg' sent to object: 'Object Repository/Final Object Repo/Page_Form 3 EIS - Cessation as Employer/ploading File'

2018-12-20 16:58:56 - [TEST_STEP][PASSED] - delay: Delayed 1 second(s)

2018-12-20 16:58:57 - [MESSAGE][PASSED] - Delayed 1 second(s)

2018-12-20 16:58:57 - [TEST_STEP][PASSED] - click: Object: 'Object Repository/Final Object Repo/Page_Form 3 EIS - Cessation as Employer/Add Document in Uploading Page' is clicked on

2018-12-20 16:58:57 - [MESSAGE][PASSED] - Object: 'Object Repository/Final Object Repo/Page_Form 3 EIS - Cessation as Employer/Add Document in Uploading Page' is clicked on

2018-12-20 16:58:57 - [TEST_STEP][PASSED] - delay: Delayed 2 second(s)

2018-12-20 16:58:59 - [MESSAGE][PASSED] - Delayed 2 second(s)

2018-12-20 16:58:59 - [TEST_STEP][PASSED] - Statement - CaseReferenceNo = com.kms.katalon.core.webui.keyword.WebUiBuiltInKeywords.getText(com.kms.katalon.core.testobject.ObjectRepository.findTestObject(Final Object Repo/Page_Update Employer Information/Reference Number in Update Employee Information Page)): Text of object 'Object Repository/Final Object Repo/Page_Update Employer Information/Reference Number in Update Employee Information Page' is: 'ERN122018C200002563'

2018-12-20 16:59:01 - [MESSAGE][PASSED] - Text of object 'Object Repository/Final Object Repo/Page_Update Employer Information/Reference Number in Update Employee Information Page' is: 'ERN122018C200002563'

2018-12-20 16:59:01 - [TEST_STEP][PASSED] - callTestCase: Call Test Case 'Test Cases/Final Aug 2018 - PKS Automation/Common/Reference Number Setter' successfully

2018-12-20 16:59:01 - [TEST_CASE][PASSED] - Test Cases/Final Aug 2018 - PKS Automation/Common/Reference Number Setter: Test Cases/Final Aug 2018 - PKS Automation/Common/Reference Number Setter

2018-12-20 16:59:01 - [TEST_STEP][PASSED] - Statement - RefNoOldFile = new java.io.File(C://Users//Admin//Desktop//PKS//Automation Reference Point//KatalonReference.txt): null

2018-12-20 16:59:01 - [TEST_STEP][PASSED] - Statement - RefNoOldFile.delete(): null

2018-12-20 16:59:01 - [TEST_STEP][PASSED] - delay: Delayed 5 second(s)

2018-12-20 16:59:06 - [MESSAGE][PASSED] - Delayed 5 second(s)

2018-12-20 16:59:06 - [TEST_STEP][PASSED] - Statement - RefNo = new java.io.File(C://Users//Admin//Desktop//PKS//Automation Reference Point//KatalonReference.txt): null

2018-12-20 16:59:06 - [TEST_STEP][PASSED] - Statement - f2 = new java.io.FileWriter(RefNo, false): null

2018-12-20 16:59:06 - [TEST_STEP][PASSED] - Statement - f2.write(CaseReferenceNo): null

2018-12-20 16:59:06 - [TEST_STEP][PASSED] - Statement - f2.close(): null

2018-12-20 16:59:06 - [TEST_STEP][PASSED] - Statement - out.println("


" + CaseReferenceNo + "


"): null

2018-12-20 16:59:06 - [MESSAGE][PASSED] - Call Test Case 'Test Cases/Final Aug 2018 - PKS Automation/Common/Reference Number Setter' successfully

2018-12-20 16:59:06 - [TEST_STEP][PASSED] - delay: Delayed 2 second(s)

2018-12-20 16:59:08 - [MESSAGE][PASSED] - Delayed 2 second(s)

2018-12-20 16:59:08 - [TEST_STEP][PASSED] - click: Object: 'Object Repository/Final Object Repo/Page_Form 3 EIS - Cessation as Employer/Save  Continue in Uploading Page' is clicked on

2018-12-20 16:59:08 - [MESSAGE][PASSED] - Object: 'Object Repository/Final Object Repo/Page_Form 3 EIS - Cessation as Employer/Save  Continue in Uploading Page' is clicked on

2018-12-20 16:59:08 - [TEST_STEP][PASSED] - delay: Delayed 2 second(s)

2018-12-20 16:59:10 - [MESSAGE][PASSED] - Delayed 2 second(s)

2018-12-20 16:59:10 - [TEST_STEP][PASSED] - click: Object: 'Object Repository/Final Object Repo/Page_Form 3 EIS - Cessation as Employer/Submit' is clicked on

2018-12-20 16:59:13 - [MESSAGE][PASSED] - Object: 'Object Repository/Final Object Repo/Page_Form 3 EIS - Cessation as Employer/Submit' is clicked on

2018-12-20 16:59:13 - [TEST_STEP][PASSED] - delay: Delayed 2 second(s)

2018-12-20 16:59:15 - [MESSAGE][PASSED] - Delayed 2 second(s)

2018-12-20 16:59:15 - [TEST_STEP][PASSED] - click: Object: 'Object Repository/Final Object Repo/Page_Form 3 EIS - Cessation as Employer/Confirm' is clicked on

2018-12-20 16:59:15 - [MESSAGE][PASSED] - Object: 'Object Repository/Final Object Repo/Page_Form 3 EIS - Cessation as Employer/Confirm' is clicked on

2018-12-20 16:59:15 - [TEST_STEP][PASSED] - delay: Delayed 2 second(s)

2018-12-20 16:59:17 - [MESSAGE][PASSED] - Delayed 2 second(s)

2018-12-20 16:59:17 - [TEST_STEP][PASSED] - click: Object: 'Object Repository/Final Object Repo/Page_Form 3 EIS - Cessation as Employer/Message Your Request will be routed to UO' is clicked on

2018-12-20 16:59:21 - [MESSAGE][PASSED] - Object: 'Object Repository/Final Object Repo/Page_Form 3 EIS - Cessation as Employer/Message Your Request will be routed to UO' is clicked on

2018-12-20 16:59:21 - [TEST_STEP][PASSED] - click: Object: 'Object Repository/Final Object Repo/Page_Form 3 EIS - Cessation as Employer/Letter of acknowledgement' is clicked on

2018-12-20 16:59:22 - [MESSAGE][PASSED] - Object: 'Object Repository/Final Object Repo/Page_Form 3 EIS - Cessation as Employer/Letter of acknowledgement' is clicked on

2018-12-20 16:59:22 - [MESSAGE][PASSED] - Call Test Case 'Test Cases/Final Aug 2018 - PKS Automation/Registration Module/Workflow/Form 3 EIS - Cessation As Employer/Template/Form 3 A - Cessation As Employer (PKRBO)' successfully

2018-12-20 16:59:22 - [TEST_STEP][PASSED] - callTestCase: Call Test Case 'Test Cases/Final Aug 2018 - PKS Automation/Registration Module/Workflow/Form 3 EIS - Cessation As Employer/Template/Form 3 A - Cessation As Employer (Query)' successfully

2018-12-20 16:59:22 - [TEST_CASE][PASSED] - Test Cases/Final Aug 2018 - PKS Automation/Registration Module/Workflow/Form 3 EIS - Cessation As Employer/Template/Form 3 A - Cessation As Employer (Query): Test Cases/Final Aug 2018 - PKS Automation/Registration Module/Workflow/Form 3 EIS - Cessation As Employer/Template/Form 3 A - Cessation As Employer (Query)

2018-12-20 16:59:22 - [TEST_STEP][NOT_RUN] - callTestCase: NOT_RUN: callTestCase

2018-12-20 16:59:22 - [MESSAGE][NOT_RUN] - NOT_RUN: callTestCase

2018-12-20 16:59:22 - [TEST_STEP][PASSED] - delay: Delayed 1 second(s)

2018-12-20 16:59:23 - [MESSAGE][PASSED] - Delayed 1 second(s)

2018-12-20 16:59:23 - [TEST_STEP][PASSED] - navigateToUrl: Navigate to 'https://assist2-uat.perkeso.gov.my/c/portal/logout' successfully

2018-12-20 16:59:24 - [MESSAGE][PASSED] - Navigate to 'https://assist2-uat.perkeso.gov.my/c/portal/logout' successfully

2018-12-20 16:59:24 - [TEST_STEP][PASSED] - delay: Delayed 1 second(s)

2018-12-20 16:59:25 - [MESSAGE][PASSED] - Delayed 1 second(s)

2018-12-20 16:59:25 - [TEST_STEP][PASSED] - callTestCase: Call Test Case 'Test Cases/Final Aug 2018 - PKS Automation/Common/Reference Number Getter' successfully

2018-12-20 16:59:25 - [TEST_CASE][PASSED] - Test Cases/Final Aug 2018 - PKS Automation/Common/Reference Number Getter: Test Cases/Final Aug 2018 - PKS Automation/Common/Reference Number Getter

2018-12-20 16:59:25 - [TEST_STEP][PASSED] - Statement - Try: null

2018-12-20 16:59:25 - [TEST_STEP][PASSED] - Statement - RefNo = new java.io.File(C://Users//Admin//Desktop//PKS//Automation Reference Point//KatalonReference.txt): null

2018-12-20 16:59:25 - [TEST_STEP][PASSED] - Statement - bufferread = new java.io.BufferedReader(new java.io.FileReader(RefNo)): null

2018-12-20 16:59:25 - [TEST_STEP][PASSED] - Statement - readedVal = bufferread.readLine(): null

2018-12-20 16:59:25 - [TEST_STEP][PASSED] - Statement - out.println(CaseReferenceNo): null

2018-12-20 16:59:25 - [TEST_STEP][PASSED] - Statement - out.println(readedVal): null

2018-12-20 16:59:25 - [TEST_STEP][PASSED] - Statement - CaseReferenceNo = "": null

2018-12-20 16:59:25 - [TEST_STEP][PASSED] - Statement - CaseReferenceNo = readedVal: null

2018-12-20 16:59:25 - [MESSAGE][PASSED] - Call Test Case 'Test Cases/Final Aug 2018 - PKS Automation/Common/Reference Number Getter' successfully

2018-12-20 16:59:25 - [TEST_STEP][PASSED] - callTestCase: Call Test Case 'Test Cases/Final Aug 2018 - PKS Automation/Common/Workflow Owner Finder' successfully

2018-12-20 16:59:25 - [TEST_CASE][PASSED] - Test Cases/Final Aug 2018 - PKS Automation/Common/Workflow Owner Finder: Test Cases/Final Aug 2018 - PKS Automation/Common/Workflow Owner Finder

2018-12-20 16:59:25 - [TEST_STEP][PASSED] - openBrowser: Browser is opened with url: ''

2018-12-20 16:59:25 - [MESSAGE][WARNING] - A browser is already opened. Closing browser and opening a new one

2018-12-20 16:59:28 - [MESSAGE][PASSED] - Browser is opened with url: ''

2018-12-20 16:59:28 - [TEST_STEP][PASSED] - navigateToUrl: Navigate to 'https://assist2-uat.perkeso.gov.my/login' successfully

2018-12-20 16:59:29 - [MESSAGE][PASSED] - Navigate to 'https://assist2-uat.perkeso.gov.my/login' successfully

2018-12-20 16:59:29 - [TEST_STEP][PASSED] - delay: Delayed 5 second(s)

2018-12-20 16:59:34 - [MESSAGE][PASSED] - Delayed 5 second(s)

2018-12-20 16:59:34 - [TEST_STEP][PASSED] - setText: Text 'test@liferay.com' is set on object 'Object Repository/Final Object Repo/Login Page/Internal User/Email Address'

2018-12-20 16:59:34 - [MESSAGE][PASSED] - Text 'test@liferay.com' is set on object 'Object Repository/Final Object Repo/Login Page/Internal User/Email Address'

2018-12-20 16:59:34 - [TEST_STEP][PASSED] - click: Object: 'Object Repository/Final Object Repo/Login Page/Internal User/Next Button' is clicked on

2018-12-20 16:59:34 - [MESSAGE][PASSED] - Object: 'Object Repository/Final Object Repo/Login Page/Internal User/Next Button' is clicked on

2018-12-20 16:59:34 - [TEST_STEP][PASSED] - delay: Delayed 2 second(s)

2018-12-20 16:59:36 - [MESSAGE][PASSED] - Delayed 2 second(s)

2018-12-20 16:59:36 - [TEST_STEP][PASSED] - setText: Text 'test' is set on object 'Object Repository/Final Object Repo/Login Page/Internal User/Password'

2018-12-20 16:59:36 - [MESSAGE][PASSED] - Text 'test' is set on object 'Object Repository/Final Object Repo/Login Page/Internal User/Password'

2018-12-20 16:59:36 - [TEST_STEP][PASSED] - delay: Delayed 2 second(s)

2018-12-20 16:59:38 - [MESSAGE][PASSED] - Delayed 2 second(s)

2018-12-20 16:59:38 - [TEST_STEP][PASSED] - click: Object: 'Object Repository/Final Object Repo/Login Page/Internal User/Login Button' is clicked on

2018-12-20 16:59:39 - [MESSAGE][PASSED] - Object: 'Object Repository/Final Object Repo/Login Page/Internal User/Login Button' is clicked on

2018-12-20 16:59:39 - [TEST_STEP][PASSED] - Statement - tester = com.kms.katalon.core.testobject.ObjectRepository.findTestObject(Final Object Repo/Landing Page/Select to English): Finding Test Object with id 'Object Repository/Final Object Repo/Landing Page/Select to English'

2018-12-20 16:59:39 - [TEST_STEP][PASSED] - Statement - Try: Delayed 2 second(s)

2018-12-20 16:59:39 - [TEST_STEP][PASSED] - Statement - Checker = com.kms.katalon.core.webui.keyword.WebUiBuiltInKeywords.verifyElementNotPresent(tester, 3): Web element with id: 'Object Repository/Final Object Repo/Landing Page/Select to English' located by 'By.xpath: //a[@class = 'taglib-language-list-text' and @lang = 'en-US' and (contains(text(), 'EN') or contains(., 'EN'))]' is not present after '3' second(s)

2018-12-20 16:59:41 - [MESSAGE][PASSED] - Web element with id: 'Object Repository/Final Object Repo/Landing Page/Select to English' located by 'By.xpath: //a[@class = 'taglib-language-list-text' and @lang = 'en-US' and (contains(text(), 'EN') or contains(., 'EN'))]' is not present after '3' second(s)

2018-12-20 16:59:41 - [TEST_STEP][PASSED] - Statement - If (Checker == false): null

2018-12-20 16:59:41 - [TEST_STEP][PASSED] - delay: Delayed 2 second(s)

2018-12-20 16:59:43 - [MESSAGE][PASSED] - Delayed 2 second(s)

2018-12-20 16:59:43 - [TEST_STEP][PASSED] - delay: Delayed 5 second(s)

2018-12-20 16:59:48 - [MESSAGE][PASSED] - Delayed 5 second(s)

2018-12-20 16:59:48 - [TEST_STEP][PASSED] - mouseOver: Object: 'Object Repository/Final Object Repo/Landing Page/WorkFlow Menu' is hovered

2018-12-20 16:59:48 - [MESSAGE][PASSED] - Object: 'Object Repository/Final Object Repo/Landing Page/WorkFlow Menu' is hovered

2018-12-20 16:59:48 - [TEST_STEP][PASSED] - delay: Delayed 2 second(s)

2018-12-20 16:59:50 - [MESSAGE][PASSED] - Delayed 2 second(s)

2018-12-20 16:59:50 - [TEST_STEP][PASSED] - click: Object: 'Object Repository/Final Object Repo/Landing Page/Select to Workflow Listing' is clicked on

2018-12-20 16:59:52 - [MESSAGE][PASSED] - Object: 'Object Repository/Final Object Repo/Landing Page/Select to Workflow Listing' is clicked on

2018-12-20 16:59:52 - [TEST_STEP][PASSED] - delay: Delayed 2 second(s)

2018-12-20 16:59:54 - [MESSAGE][PASSED] - Delayed 2 second(s)

2018-12-20 16:59:54 - [TEST_STEP][PASSED] - click: Object: 'Object Repository/Final Object Repo/WorkFlow Listing Page/Search Information - To Put Ref No' is clicked on

2018-12-20 16:59:54 - [MESSAGE][PASSED] - Object: 'Object Repository/Final Object Repo/WorkFlow Listing Page/Search Information - To Put Ref No' is clicked on

2018-12-20 16:59:54 - [TEST_STEP][PASSED] - delay: Delayed 2 second(s)

2018-12-20 16:59:56 - [MESSAGE][PASSED] - Delayed 2 second(s)

2018-12-20 16:59:56 - [TEST_STEP][PASSED] - callTestCase: Call Test Case 'Test Cases/Final Aug 2018 - PKS Automation/Common/Reference Number Getter' successfully

2018-12-20 16:59:56 - [TEST_CASE][PASSED] - Test Cases/Final Aug 2018 - PKS Automation/Common/Reference Number Getter: Test Cases/Final Aug 2018 - PKS Automation/Common/Reference Number Getter

2018-12-20 16:59:56 - [TEST_STEP][PASSED] - Statement - Try: null

2018-12-20 16:59:56 - [TEST_STEP][PASSED] - Statement - RefNo = new java.io.File(C://Users//Admin//Desktop//PKS//Automation Reference Point//KatalonReference.txt): null

2018-12-20 16:59:56 - [TEST_STEP][PASSED] - Statement - bufferread = new java.io.BufferedReader(new java.io.FileReader(RefNo)): null

2018-12-20 16:59:56 - [TEST_STEP][PASSED] - Statement - readedVal = bufferread.readLine(): null

2018-12-20 16:59:56 - [TEST_STEP][PASSED] - Statement - out.println(CaseReferenceNo): null

2018-12-20 16:59:56 - [TEST_STEP][PASSED] - Statement - out.println(readedVal): null

2018-12-20 16:59:56 - [TEST_STEP][PASSED] - Statement - CaseReferenceNo = "": null

2018-12-20 16:59:56 - [TEST_STEP][PASSED] - Statement - CaseReferenceNo = readedVal: null

2018-12-20 16:59:56 - [MESSAGE][PASSED] - Call Test Case 'Test Cases/Final Aug 2018 - PKS Automation/Common/Reference Number Getter' successfully

2018-12-20 16:59:56 - [TEST_STEP][PASSED] - setText: Text 'ERN122018C200002563' is set on object 'Object Repository/Final Object Repo/WorkFlow Listing Page/Ref No Set Text'

2018-12-20 16:59:56 - [MESSAGE][PASSED] - Text 'ERN122018C200002563' is set on object 'Object Repository/Final Object Repo/WorkFlow Listing Page/Ref No Set Text'

2018-12-20 16:59:56 - [TEST_STEP][PASSED] - delay: Delayed 2 second(s)

2018-12-20 16:59:58 - [MESSAGE][PASSED] - Delayed 2 second(s)

2018-12-20 16:59:58 - [TEST_STEP][PASSED] - click: Object: 'Object Repository/Final Object Repo/WorkFlow Listing Page/Search Ref No Search Button' is clicked on

2018-12-20 16:59:58 - [MESSAGE][PASSED] - Object: 'Object Repository/Final Object Repo/WorkFlow Listing Page/Search Ref No Search Button' is clicked on

2018-12-20 16:59:58 - [TEST_STEP][PASSED] - delay: Delayed 6 second(s)

2018-12-20 17:00:04 - [MESSAGE][PASSED] - Delayed 6 second(s)

2018-12-20 17:00:04 - [TEST_STEP][PASSED] - click: Object: 'Object Repository/Final Object Repo/WorkFlow Listing Page/Click Continue Tooltip' is clicked on

2018-12-20 17:00:05 - [MESSAGE][PASSED] - Object: 'Object Repository/Final Object Repo/WorkFlow Listing Page/Click Continue Tooltip' is clicked on

2018-12-20 17:00:05 - [TEST_STEP][PASSED] - delay: Delayed 5 second(s)

2018-12-20 17:00:10 - [MESSAGE][PASSED] - Delayed 5 second(s)

2018-12-20 17:00:10 - [TEST_STEP][PASSED] - doubleClick: Object: 'Object Repository/Final Object Repo/WorkFlow Listing Page/Workflow Found - Listing 1' is double clicked on

2018-12-20 17:00:10 - [MESSAGE][PASSED] - Object: 'Object Repository/Final Object Repo/WorkFlow Listing Page/Workflow Found - Listing 1' is double clicked on

2018-12-20 17:00:10 - [TEST_STEP][PASSED] - Statement - println(OwnerID): null

2018-12-20 17:00:10 - [TEST_STEP][PASSED] - Statement - OwnerID = com.kms.katalon.core.webui.keyword.WebUiBuiltInKeywords.getText(com.kms.katalon.core.testobject.ObjectRepository.findTestObject(Final Object Repo/WorkFlow Listing Page/Workflow Found - Listing 1), STOP_ON_FAILURE): Text of object 'Object Repository/Final Object Repo/WorkFlow Listing Page/Workflow Found - Listing 1' is: 'JOHORuo2'

2018-12-20 17:00:10 - [MESSAGE][PASSED] - Text of object 'Object Repository/Final Object Repo/WorkFlow Listing Page/Workflow Found - Listing 1' is: 'JOHORuo2'

2018-12-20 17:00:10 - [TEST_STEP][PASSED] - Statement - OwnerID = OwnerID.toLowerCase() + "@gmail.com": null

2018-12-20 17:00:10 - [TEST_STEP][PASSED] - Statement - println(OwnerID): null

2018-12-20 17:00:10 - [TEST_STEP][PASSED] - delay: Delayed 2 second(s)

2018-12-20 17:00:12 - [MESSAGE][PASSED] - Delayed 2 second(s)

2018-12-20 17:00:12 - [MESSAGE][PASSED] - Call Test Case 'Test Cases/Final Aug 2018 - PKS Automation/Common/Workflow Owner Finder' successfully

2018-12-20 17:00:12 - [TEST_STEP][PASSED] - delay: Delayed 1 second(s)

2018-12-20 17:00:13 - [MESSAGE][PASSED] - Delayed 1 second(s)

2018-12-20 17:00:13 - [TEST_STEP][PASSED] - navigateToUrl: Navigate to 'https://assist2-uat.perkeso.gov.my/c/portal/logout' successfully

2018-12-20 17:00:14 - [MESSAGE][PASSED] - Navigate to 'https://assist2-uat.perkeso.gov.my/c/portal/logout' successfully

2018-12-20 17:00:14 - [TEST_STEP][PASSED] - delay: Delayed 1 second(s)

2018-12-20 17:00:15 - [MESSAGE][PASSED] - Delayed 1 second(s)

2018-12-20 17:00:15 - [TEST_STEP][PASSED] - callTestCase: Call Test Case 'Test Cases/Final Aug 2018 - PKS Automation/Registration Module/Workflow/Login and Search Case For Workflow' successfully

2018-12-20 17:00:15 - [TEST_CASE][PASSED] - Test Cases/Final Aug 2018 - PKS Automation/Registration Module/Workflow/Login and Search Case For Workflow: Test Cases/Final Aug 2018 - PKS Automation/Registration Module/Workflow/Login and Search Case For Workflow

2018-12-20 17:00:15 - [TEST_STEP][PASSED] - navigateToUrl: Navigate to 'https://assist2-uat.perkeso.gov.my/login' successfully

2018-12-20 17:00:16 - [MESSAGE][PASSED] - Navigate to 'https://assist2-uat.perkeso.gov.my/login' successfully

2018-12-20 17:00:16 - [TEST_STEP][PASSED] - setText: Text 'johoruo2@gmail.com' is set on object 'Object Repository/Final Object Repo/Login Page/Internal User/Email Address'

2018-12-20 17:00:16 - [MESSAGE][PASSED] - Text 'johoruo2@gmail.com' is set on object 'Object Repository/Final Object Repo/Login Page/Internal User/Email Address'

2018-12-20 17:00:16 - [TEST_STEP][PASSED] - click: Object: 'Object Repository/Final Object Repo/Login Page/Internal User/Next Button' is clicked on

2018-12-20 17:00:17 - [MESSAGE][PASSED] - Object: 'Object Repository/Final Object Repo/Login Page/Internal User/Next Button' is clicked on

2018-12-20 17:00:17 - [TEST_STEP][PASSED] - delay: Delayed 1 second(s)

2018-12-20 17:00:18 - [MESSAGE][PASSED] - Delayed 1 second(s)

2018-12-20 17:00:18 - [TEST_STEP][PASSED] - setEncryptedText: Text ****** has been set on object 'Object Repository/Final Object Repo/Login Page/Internal User/Password'

2018-12-20 17:00:18 - [MESSAGE][PASSED] - Text ****** has been set on object 'Object Repository/Final Object Repo/Login Page/Internal User/Password'

2018-12-20 17:00:18 - [TEST_STEP][PASSED] - click: Object: 'Object Repository/Final Object Repo/Login Page/Internal User/Login Button' is clicked on

2018-12-20 17:00:18 - [MESSAGE][PASSED] - Object: 'Object Repository/Final Object Repo/Login Page/Internal User/Login Button' is clicked on

2018-12-20 17:00:18 - [TEST_STEP][PASSED] - delay: Delayed 2 second(s)

2018-12-20 17:00:20 - [MESSAGE][PASSED] - Delayed 2 second(s)

2018-12-20 17:00:20 - [TEST_STEP][PASSED] - Statement - Try: Delayed 2 second(s)

2018-12-20 17:00:20 - [TEST_STEP][PASSED] - Statement - Checker = false: null

2018-12-20 17:00:20 - [TEST_STEP][PASSED] - Statement - Checker = com.kms.katalon.core.webui.keyword.WebUiBuiltInKeywords.verifyElementHasAttribute(com.kms.katalon.core.testobject.ObjectRepository.findTestObject(Final Object Repo/Landing Page/BM Detecting), "href", 20, OPTIONAL): Object 'Object Repository/Final Object Repo/Landing Page/BM Detecting' has attribute 'href'

2018-12-20 17:00:20 - [MESSAGE][PASSED] - Object 'Object Repository/Final Object Repo/Landing Page/BM Detecting' has attribute 'href'

2018-12-20 17:00:20 - [TEST_STEP][PASSED] - Statement - out.println(Checker): null

2018-12-20 17:00:20 - [TEST_STEP][PASSED] - Statement - If (Checker == false): null

2018-12-20 17:00:20 - [TEST_STEP][PASSED] - Statement - Else: null

2018-12-20 17:00:20 - [TEST_STEP][PASSED] - delay: Delayed 2 second(s)

2018-12-20 17:00:22 - [MESSAGE][PASSED] - Delayed 2 second(s)

2018-12-20 17:00:22 - [TEST_STEP][PASSED] - click: Object: 'Object Repository/Final Object Repo/Page_MyASSIST - ASSIST - Search Pending Case For Add Supporting Document/Search Information' is clicked on

2018-12-20 17:00:22 - [MESSAGE][PASSED] - Object: 'Object Repository/Final Object Repo/Page_MyASSIST - ASSIST - Search Pending Case For Add Supporting Document/Search Information' is clicked on

2018-12-20 17:00:22 - [TEST_STEP][PASSED] - delay: Delayed 3 second(s)

2018-12-20 17:00:25 - [MESSAGE][PASSED] - Delayed 3 second(s)

2018-12-20 17:00:25 - [TEST_STEP][PASSED] - sendKeys: Keys 'ERN122018C200002563' sent to object: 'Object Repository/Final Object Repo/Page_MyASSIST - ASSIST - Search Pending Case For Add Supporting Document/Reference No'

2018-12-20 17:00:26 - [MESSAGE][PASSED] - Keys 'ERN122018C200002563' sent to object: 'Object Repository/Final Object Repo/Page_MyASSIST - ASSIST - Search Pending Case For Add Supporting Document/Reference No'

2018-12-20 17:00:26 - [TEST_STEP][PASSED] - click: Object: 'Object Repository/Final Object Repo/Page_MyASSIST - ASSIST - Search Pending Case For Add Supporting Document/Search Reference No' is clicked on

2018-12-20 17:00:26 - [MESSAGE][PASSED] - Object: 'Object Repository/Final Object Repo/Page_MyASSIST - ASSIST - Search Pending Case For Add Supporting Document/Search Reference No' is clicked on

2018-12-20 17:00:26 - [TEST_STEP][PASSED] - delay: Delayed 2 second(s)

2018-12-20 17:00:28 - [MESSAGE][PASSED] - Delayed 2 second(s)

2018-12-20 17:00:28 - [TEST_STEP][PASSED] - click: Object: 'Object Repository/Final Object Repo/Page_MyASSIST - ASSIST - Search Pending Case For Add Supporting Document/Continue' is clicked on

2018-12-20 17:00:31 - [MESSAGE][PASSED] - Object: 'Object Repository/Final Object Repo/Page_MyASSIST - ASSIST - Search Pending Case For Add Supporting Document/Continue' is clicked on

2018-12-20 17:00:31 - [TEST_STEP][PASSED] - delay: Delayed 20 second(s)

2018-12-20 17:00:51 - [MESSAGE][PASSED] - Delayed 20 second(s)

2018-12-20 17:00:51 - [MESSAGE][PASSED] - Call Test Case 'Test Cases/Final Aug 2018 - PKS Automation/Registration Module/Workflow/Login and Search Case For Workflow' successfully

2018-12-20 17:00:51 - [TEST_STEP][PASSED] - click: Object: 'Object Repository/Final Object Repo/Page_Form 3 EIS - Cessation as Employer/Page_Form 3 EIS - Cessation as Employer (Approve)/Save  Continue in Form 3 Page' is clicked on

2018-12-20 17:00:51 - [MESSAGE][PASSED] - Object: 'Object Repository/Final Object Repo/Page_Form 3 EIS - Cessation as Employer/Page_Form 3 EIS - Cessation as Employer (Approve)/Save  Continue in Form 3 Page' is clicked on

2018-12-20 17:00:51 - [TEST_STEP][PASSED] - delay: Delayed 4 second(s)

2018-12-20 17:00:55 - [MESSAGE][PASSED] - Delayed 4 second(s)

2018-12-20 17:00:55 - [TEST_STEP][PASSED] - click: Object: 'Object Repository/Final Object Repo/Page_Form 3 EIS - Cessation as Employer/Page_Form 3 EIS - Cessation as Employer (Approve)/Save  Continue in Resigned Page' is clicked on

2018-12-20 17:00:55 - [MESSAGE][PASSED] - Object: 'Object Repository/Final Object Repo/Page_Form 3 EIS - Cessation as Employer/Page_Form 3 EIS - Cessation as Employer (Approve)/Save  Continue in Resigned Page' is clicked on

2018-12-20 17:00:55 - [TEST_STEP][PASSED] - delay: Delayed 2 second(s)

2018-12-20 17:00:57 - [MESSAGE][PASSED] - Delayed 2 second(s)

2018-12-20 17:00:57 - [TEST_STEP][PASSED] - setText: Text 'Remark' is set on object 'Object Repository/Final Object Repo/Page_Form 3 EIS - Cessation as Employer/Page_Form 3 EIS - Cessation as Employer (Query)/Query - Remark'

2018-12-20 17:00:58 - [MESSAGE][PASSED] - Text 'Remark' is set on object 'Object Repository/Final Object Repo/Page_Form 3 EIS - Cessation as Employer/Page_Form 3 EIS - Cessation as Employer (Query)/Query - Remark'

2018-12-20 17:00:58 - [TEST_STEP][PASSED] - delay: Delayed 2 second(s)

2018-12-20 17:01:00 - [MESSAGE][PASSED] - Delayed 2 second(s)

2018-12-20 17:01:00 - [TEST_STEP][PASSED] - click: Object: 'Object Repository/Final Object Repo/Page_Form 3 EIS - Cessation as Employer/Page_Form 3 EIS - Cessation as Employer (Query)/Save  Continue' is clicked on

2018-12-20 17:01:01 - [MESSAGE][PASSED] - Object: 'Object Repository/Final Object Repo/Page_Form 3 EIS - Cessation as Employer/Page_Form 3 EIS - Cessation as Employer (Query)/Save  Continue' is clicked on

2018-12-20 17:01:01 - [TEST_STEP][PASSED] - delay: Delayed 2 second(s)

2018-12-20 17:01:03 - [MESSAGE][PASSED] - Delayed 2 second(s)

2018-12-20 17:01:03 - [TEST_STEP][PASSED] - click: Object: 'Object Repository/Final Object Repo/Page_Form 3 EIS - Cessation as Employer/Page_Form 3 EIS - Cessation as Employer (Query)/Query' is clicked on

2018-12-20 17:01:05 - [MESSAGE][PASSED] - Object: 'Object Repository/Final Object Repo/Page_Form 3 EIS - Cessation as Employer/Page_Form 3 EIS - Cessation as Employer (Query)/Query' is clicked on

2018-12-20 17:01:05 - [TEST_STEP][PASSED] - delay: Delayed 2 second(s)

2018-12-20 17:01:07 - [MESSAGE][PASSED] - Delayed 2 second(s)

2018-12-20 17:01:07 - [TEST_STEP][PASSED] - click: Object: 'Object Repository/Final Object Repo/Page_Form 3 EIS - Cessation as Employer/Page_Form 3 EIS - Cessation as Employer (Query)/Confirm' is clicked on

2018-12-20 17:01:14 - [MESSAGE][PASSED] - Object: 'Object Repository/Final Object Repo/Page_Form 3 EIS - Cessation as Employer/Page_Form 3 EIS - Cessation as Employer (Query)/Confirm' is clicked on

2018-12-20 17:01:14 - [TEST_STEP][PASSED] - delay: Delayed 2 second(s)

2018-12-20 17:01:16 - [MESSAGE][PASSED] - Delayed 2 second(s)

2018-12-20 17:01:16 - [TEST_STEP][PASSED] - click: Object: 'Object Repository/Final Object Repo/Page_Form 3 EIS - Cessation as Employer/Page_Form 3 EIS - Cessation as Employer (Query)/Message The Case Is Under Query' is clicked on

2018-12-20 17:01:16 - [MESSAGE][PASSED] - Object: 'Object Repository/Final Object Repo/Page_Form 3 EIS - Cessation as Employer/Page_Form 3 EIS - Cessation as Employer (Query)/Message The Case Is Under Query' is clicked on

2018-12-20 17:01:16 - [TEST_STEP][PASSED] - click: Object: 'Object Repository/Final Object Repo/Page_Form 3 EIS - Cessation as Employer/Page_Form 3 EIS - Cessation as Employer (Query)/Letter of inquiry' is clicked on

2018-12-20 17:01:17 - [MESSAGE][PASSED] - Object: 'Object Repository/Final Object Repo/Page_Form 3 EIS - Cessation as Employer/Page_Form 3 EIS - Cessation as Employer (Query)/Letter of inquiry' is clicked on

2018-12-20 17:01:17 - [TEST_STEP][PASSED] - delay: Delayed 1 second(s)

2018-12-20 17:01:18 - [MESSAGE][PASSED] - Delayed 1 second(s)

2018-12-20 17:01:18 - [TEST_STEP][PASSED] - navigateToUrl: Navigate to 'https://assist2-uat.perkeso.gov.my/c/portal/logout' successfully

2018-12-20 17:01:19 - [MESSAGE][PASSED] - Navigate to 'https://assist2-uat.perkeso.gov.my/c/portal/logout' successfully

2018-12-20 17:01:19 - [TEST_STEP][PASSED] - delay: Delayed 1 second(s)

2018-12-20 17:01:20 - [MESSAGE][PASSED] - Delayed 1 second(s)

2018-12-20 17:01:20 - [TEST_STEP][PASSED] - callTestCase: Call Test Case 'Test Cases/Final Aug 2018 - PKS Automation/Registration Module/Workflow/Search Pending Case For Add Supporting Document (OTC)' successfully

2018-12-20 17:01:20 - [TEST_CASE][PASSED] - Test Cases/Final Aug 2018 - PKS Automation/Registration Module/Workflow/Search Pending Case For Add Supporting Document (OTC): Test Cases/Final Aug 2018 - PKS Automation/Registration Module/Workflow/Search Pending Case For Add Supporting Document (OTC)

2018-12-20 17:01:20 - [TEST_STEP][PASSED] - openBrowser: Browser is opened with url: ''

2018-12-20 17:01:20 - [MESSAGE][WARNING] - A browser is already opened. Closing browser and opening a new one

2018-12-20 17:01:23 - [MESSAGE][PASSED] - Browser is opened with url: ''

2018-12-20 17:01:23 - [TEST_STEP][PASSED] - navigateToUrl: Navigate to 'https://assist2-uat.perkeso.gov.my/login' successfully

2018-12-20 17:01:24 - [MESSAGE][PASSED] - Navigate to 'https://assist2-uat.perkeso.gov.my/login' successfully

2018-12-20 17:01:24 - [TEST_STEP][PASSED] - setText: Text 'johorotc1@gmail.com' is set on object 'Object Repository/Final Object Repo/Login Page/Internal User/Email Address'

2018-12-20 17:01:24 - [MESSAGE][PASSED] - Text 'johorotc1@gmail.com' is set on object 'Object Repository/Final Object Repo/Login Page/Internal User/Email Address'

2018-12-20 17:01:24 - [TEST_STEP][PASSED] - click: Object: 'Object Repository/Final Object Repo/Login Page/Internal User/Next Button' is clicked on

2018-12-20 17:01:24 - [MESSAGE][PASSED] - Object: 'Object Repository/Final Object Repo/Login Page/Internal User/Next Button' is clicked on

2018-12-20 17:01:24 - [TEST_STEP][PASSED] - delay: Delayed 1 second(s)

2018-12-20 17:01:25 - [MESSAGE][PASSED] - Delayed 1 second(s)

2018-12-20 17:01:25 - [TEST_STEP][PASSED] - setEncryptedText: Text ****** has been set on object 'Object Repository/Final Object Repo/Login Page/Internal User/Password'

2018-12-20 17:01:26 - [MESSAGE][PASSED] - Text ****** has been set on object 'Object Repository/Final Object Repo/Login Page/Internal User/Password'

2018-12-20 17:01:26 - [TEST_STEP][PASSED] - click: Object: 'Object Repository/Final Object Repo/Login Page/Internal User/Login Button' is clicked on

2018-12-20 17:01:26 - [MESSAGE][PASSED] - Object: 'Object Repository/Final Object Repo/Login Page/Internal User/Login Button' is clicked on

2018-12-20 17:01:26 - [TEST_STEP][PASSED] - delay: Delayed 1 second(s)

2018-12-20 17:01:27 - [MESSAGE][PASSED] - Delayed 1 second(s)

2018-12-20 17:01:27 - [TEST_STEP][PASSED] - Statement - Try: Delayed 2 second(s)

2018-12-20 17:01:27 - [TEST_STEP][PASSED] - Statement - Checker = false: null

2018-12-20 17:01:27 - [TEST_STEP][PASSED] - Statement - Checker = com.kms.katalon.core.webui.keyword.WebUiBuiltInKeywords.verifyElementHasAttribute(com.kms.katalon.core.testobject.ObjectRepository.findTestObject(Final Object Repo/Landing Page/BM Detecting), "href", 20, OPTIONAL): Object 'Object Repository/Final Object Repo/Landing Page/BM Detecting' has attribute 'href'

2018-12-20 17:01:28 - [MESSAGE][PASSED] - Object 'Object Repository/Final Object Repo/Landing Page/BM Detecting' has attribute 'href'

2018-12-20 17:01:28 - [TEST_STEP][PASSED] - Statement - out.println(Checker): null

2018-12-20 17:01:28 - [TEST_STEP][PASSED] - Statement - If (Checker == false): null

2018-12-20 17:01:28 - [TEST_STEP][PASSED] - Statement - Else: null

2018-12-20 17:01:28 - [TEST_STEP][PASSED] - delay: Delayed 2 second(s)

2018-12-20 17:01:30 - [MESSAGE][PASSED] - Delayed 2 second(s)

2018-12-20 17:01:30 - [TEST_STEP][PASSED] - navigateToUrl: Navigate to 'https://assist2-uat.perkeso.gov.my/web/registration/search/search-pending-case-for-add-supporting-document' successfully

2018-12-20 17:01:30 - [MESSAGE][PASSED] - Navigate to 'https://assist2-uat.perkeso.gov.my/web/registration/search/search-pending-case-for-add-supporting-document' successfully

2018-12-20 17:01:30 - [TEST_STEP][PASSED] - click: Object: 'Object Repository/Final Object Repo/Page_Search Pending Case For Add Suporting Document/Search By' is clicked on

2018-12-20 17:01:31 - [MESSAGE][PASSED] - Object: 'Object Repository/Final Object Repo/Page_Search Pending Case For Add Suporting Document/Search By' is clicked on

2018-12-20 17:01:31 - [TEST_STEP][PASSED] - click: Object: 'Object Repository/Final Object Repo/Page_Search Pending Case For Add Suporting Document/Search By - Reference ID' is clicked on

2018-12-20 17:01:31 - [MESSAGE][PASSED] - Object: 'Object Repository/Final Object Repo/Page_Search Pending Case For Add Suporting Document/Search By - Reference ID' is clicked on

2018-12-20 17:01:31 - [TEST_STEP][PASSED] - delay: Delayed 2 second(s)

2018-12-20 17:01:33 - [MESSAGE][PASSED] - Delayed 2 second(s)

2018-12-20 17:01:33 - [TEST_STEP][PASSED] - setText: Text 'ERN122018C200002563' is set on object 'Object Repository/Final Object Repo/Page_Search Pending Case For Add Suporting Document/Reference ID'

2018-12-20 17:01:33 - [MESSAGE][PASSED] - Text 'ERN122018C200002563' is set on object 'Object Repository/Final Object Repo/Page_Search Pending Case For Add Suporting Document/Reference ID'

2018-12-20 17:01:33 - [TEST_STEP][PASSED] - click: Object: 'Object Repository/Final Object Repo/Page_Search Pending Case For Add Suporting Document/Search' is clicked on

2018-12-20 17:01:33 - [MESSAGE][PASSED] - Object: 'Object Repository/Final Object Repo/Page_Search Pending Case For Add Suporting Document/Search' is clicked on

2018-12-20 17:01:33 - [TEST_STEP][PASSED] - delay: Delayed 2 second(s)

2018-12-20 17:01:35 - [MESSAGE][PASSED] - Delayed 2 second(s)

2018-12-20 17:01:35 - [TEST_STEP][PASSED] - click: Object: 'Object Repository/Final Object Repo/Page_Search Pending Case For Add Suporting Document/Edit' is clicked on

2018-12-20 17:01:38 - [MESSAGE][PASSED] - Object: 'Object Repository/Final Object Repo/Page_Search Pending Case For Add Suporting Document/Edit' is clicked on

2018-12-20 17:01:38 - [MESSAGE][PASSED] - Call Test Case 'Test Cases/Final Aug 2018 - PKS Automation/Registration Module/Workflow/Search Pending Case For Add Supporting Document (OTC)' successfully

2018-12-20 17:01:38 - [TEST_STEP][PASSED] - delay: Delayed 2 second(s)

2018-12-20 17:01:40 - [MESSAGE][PASSED] - Delayed 2 second(s)

2018-12-20 17:01:40 - [TEST_STEP][PASSED] - click: Object: 'Object Repository/Final Object Repo/Page_Form 3 EIS - Cessation as Employer/Page_Form 3 EIS - Cessation as Employer (Query - OTC - UO)/Next' is clicked on

2018-12-20 17:01:42 - [MESSAGE][PASSED] - Object: 'Object Repository/Final Object Repo/Page_Form 3 EIS - Cessation as Employer/Page_Form 3 EIS - Cessation as Employer (Query - OTC - UO)/Next' is clicked on

2018-12-20 17:01:42 - [TEST_STEP][PASSED] - delay: Delayed 2 second(s)

2018-12-20 17:01:44 - [MESSAGE][PASSED] - Delayed 2 second(s)

2018-12-20 17:01:44 - [TEST_STEP][PASSED] - click: Object: 'Object Repository/Final Object Repo/Page_Form 3 EIS - Cessation as Employer/Page_Form 3 EIS - Cessation as Employer (Query - OTC - UO)/Next in Resigned Page' is clicked on

2018-12-20 17:01:47 - [MESSAGE][PASSED] - Object: 'Object Repository/Final Object Repo/Page_Form 3 EIS - Cessation as Employer/Page_Form 3 EIS - Cessation as Employer (Query - OTC - UO)/Next in Resigned Page' is clicked on

2018-12-20 17:01:47 - [TEST_STEP][PASSED] - delay: Delayed 2 second(s)

2018-12-20 17:01:49 - [MESSAGE][PASSED] - Delayed 2 second(s)

2018-12-20 17:01:49 - [TEST_STEP][PASSED] - click: Object: 'Object Repository/Final Object Repo/Page_Form 3 EIS - Cessation as Employer/Page_Form 3 EIS - Cessation as Employer (Query - OTC - UO)/Add Document' is clicked on

2018-12-20 17:01:49 - [MESSAGE][PASSED] - Object: 'Object Repository/Final Object Repo/Page_Form 3 EIS - Cessation as Employer/Page_Form 3 EIS - Cessation as Employer (Query - OTC - UO)/Add Document' is clicked on

2018-12-20 17:01:49 - [TEST_STEP][PASSED] - delay: Delayed 2 second(s)

2018-12-20 17:01:51 - [MESSAGE][PASSED] - Delayed 2 second(s)

2018-12-20 17:01:51 - [TEST_STEP][PASSED] - click: Object: 'Object Repository/Final Object Repo/Page_Form 3 EIS - Cessation as Employer/Page_Form 3 EIS - Cessation as Employer (Query - OTC - UO)/Document Type' is clicked on

2018-12-20 17:01:52 - [MESSAGE][PASSED] - Object: 'Object Repository/Final Object Repo/Page_Form 3 EIS - Cessation as Employer/Page_Form 3 EIS - Cessation as Employer (Query - OTC - UO)/Document Type' is clicked on

2018-12-20 17:01:52 - [TEST_STEP][PASSED] - delay: Delayed 2 second(s)

2018-12-20 17:01:54 - [MESSAGE][PASSED] - Delayed 2 second(s)

2018-12-20 17:01:54 - [TEST_STEP][PASSED] - click: Object: 'Object Repository/Final Object Repo/Page_Form 3 EIS - Cessation as Employer/Page_Form 3 EIS - Cessation as Employer (Query - OTC - UO)/Document Type - Others' is clicked on

2018-12-20 17:01:54 - [MESSAGE][PASSED] - Object: 'Object Repository/Final Object Repo/Page_Form 3 EIS - Cessation as Employer/Page_Form 3 EIS - Cessation as Employer (Query - OTC - UO)/Document Type - Others' is clicked on

2018-12-20 17:01:54 - [TEST_STEP][PASSED] - delay: Delayed 2 second(s)

2018-12-20 17:01:56 - [MESSAGE][PASSED] - Delayed 2 second(s)

2018-12-20 17:01:56 - [TEST_STEP][PASSED] - sendKeys: Keys 'C:\Users\Public\Pictures\Sample Pictures\Koala.jpg' sent to object: 'Object Repository/Final Object Repo/Page_Form 3 EIS - Cessation as Employer/Page_Form 3 EIS - Cessation as Employer (Query - OTC - UO)/ploading File'

2018-12-20 17:01:56 - [MESSAGE][PASSED] - Keys 'C:\Users\Public\Pictures\Sample Pictures\Koala.jpg' sent to object: 'Object Repository/Final Object Repo/Page_Form 3 EIS - Cessation as Employer/Page_Form 3 EIS - Cessation as Employer (Query - OTC - UO)/ploading File'

2018-12-20 17:01:56 - [TEST_STEP][PASSED] - delay: Delayed 2 second(s)

2018-12-20 17:01:58 - [MESSAGE][PASSED] - Delayed 2 second(s)

2018-12-20 17:01:58 - [TEST_STEP][PASSED] - click: Object: 'Object Repository/Final Object Repo/Page_Form 3 EIS - Cessation as Employer/Page_Form 3 EIS - Cessation as Employer (Query - OTC - UO)/Add Document in Uploading Page' is clicked on

2018-12-20 17:01:59 - [MESSAGE][PASSED] - Object: 'Object Repository/Final Object Repo/Page_Form 3 EIS - Cessation as Employer/Page_Form 3 EIS - Cessation as Employer (Query - OTC - UO)/Add Document in Uploading Page' is clicked on

2018-12-20 17:01:59 - [TEST_STEP][PASSED] - delay: Delayed 2 second(s)

2018-12-20 17:02:01 - [MESSAGE][PASSED] - Delayed 2 second(s)

2018-12-20 17:02:01 - [TEST_STEP][PASSED] - click: Object: 'Object Repository/Final Object Repo/Page_Form 3 EIS - Cessation as Employer/Page_Form 3 EIS - Cessation as Employer (Query - OTC - UO)/Exit' is clicked on

2018-12-20 17:02:03 - [MESSAGE][PASSED] - Object: 'Object Repository/Final Object Repo/Page_Form 3 EIS - Cessation as Employer/Page_Form 3 EIS - Cessation as Employer (Query - OTC - UO)/Exit' is clicked on

2018-12-20 17:02:03 - [TEST_STEP][PASSED] - delay: Delayed 1 second(s)

2018-12-20 17:02:04 - [MESSAGE][PASSED] - Delayed 1 second(s)

2018-12-20 17:02:04 - [TEST_STEP][PASSED] - navigateToUrl: Navigate to 'https://assist2-uat.perkeso.gov.my/c/portal/logout' successfully

2018-12-20 17:02:05 - [MESSAGE][PASSED] - Navigate to 'https://assist2-uat.perkeso.gov.my/c/portal/logout' successfully

2018-12-20 17:02:05 - [TEST_STEP][PASSED] - delay: Delayed 1 second(s)

2018-12-20 17:02:06 - [MESSAGE][PASSED] - Delayed 1 second(s)

2018-12-20 17:02:06 - [TEST_STEP][PASSED] - callTestCase: Call Test Case 'Test Cases/Final Aug 2018 - PKS Automation/Registration Module/Workflow/Login and Search Case For Workflow' successfully

2018-12-20 17:02:06 - [TEST_CASE][PASSED] - Test Cases/Final Aug 2018 - PKS Automation/Registration Module/Workflow/Login and Search Case For Workflow: Test Cases/Final Aug 2018 - PKS Automation/Registration Module/Workflow/Login and Search Case For Workflow

2018-12-20 17:02:06 - [TEST_STEP][PASSED] - navigateToUrl: Navigate to 'https://assist2-uat.perkeso.gov.my/login' successfully

2018-12-20 17:02:07 - [MESSAGE][PASSED] - Navigate to 'https://assist2-uat.perkeso.gov.my/login' successfully

2018-12-20 17:02:07 - [TEST_STEP][PASSED] - setText: Text 'johoruo2@gmail.com' is set on object 'Object Repository/Final Object Repo/Login Page/Internal User/Email Address'

2018-12-20 17:02:07 - [MESSAGE][PASSED] - Text 'johoruo2@gmail.com' is set on object 'Object Repository/Final Object Repo/Login Page/Internal User/Email Address'

2018-12-20 17:02:07 - [TEST_STEP][PASSED] - click: Object: 'Object Repository/Final Object Repo/Login Page/Internal User/Next Button' is clicked on

2018-12-20 17:02:07 - [MESSAGE][PASSED] - Object: 'Object Repository/Final Object Repo/Login Page/Internal User/Next Button' is clicked on

2018-12-20 17:02:07 - [TEST_STEP][PASSED] - delay: Delayed 1 second(s)

2018-12-20 17:02:08 - [MESSAGE][PASSED] - Delayed 1 second(s)

2018-12-20 17:02:08 - [TEST_STEP][PASSED] - setEncryptedText: Text ****** has been set on object 'Object Repository/Final Object Repo/Login Page/Internal User/Password'

2018-12-20 17:02:09 - [MESSAGE][PASSED] - Text ****** has been set on object 'Object Repository/Final Object Repo/Login Page/Internal User/Password'

2018-12-20 17:02:09 - [TEST_STEP][PASSED] - click: Object: 'Object Repository/Final Object Repo/Login Page/Internal User/Login Button' is clicked on

2018-12-20 17:02:09 - [MESSAGE][PASSED] - Object: 'Object Repository/Final Object Repo/Login Page/Internal User/Login Button' is clicked on

2018-12-20 17:02:09 - [TEST_STEP][PASSED] - delay: Delayed 2 second(s)

2018-12-20 17:02:11 - [MESSAGE][PASSED] - Delayed 2 second(s)

2018-12-20 17:02:11 - [TEST_STEP][PASSED] - Statement - Try: Delayed 2 second(s)

2018-12-20 17:02:11 - [TEST_STEP][PASSED] - Statement - Checker = false: null

2018-12-20 17:02:11 - [TEST_STEP][PASSED] - Statement - Checker = com.kms.katalon.core.webui.keyword.WebUiBuiltInKeywords.verifyElementHasAttribute(com.kms.katalon.core.testobject.ObjectRepository.findTestObject(Final Object Repo/Landing Page/BM Detecting), "href", 20, OPTIONAL): Object 'Object Repository/Final Object Repo/Landing Page/BM Detecting' has attribute 'href'

2018-12-20 17:02:11 - [MESSAGE][PASSED] - Object 'Object Repository/Final Object Repo/Landing Page/BM Detecting' has attribute 'href'

2018-12-20 17:02:11 - [TEST_STEP][PASSED] - Statement - out.println(Checker): null

2018-12-20 17:02:11 - [TEST_STEP][PASSED] - Statement - If (Checker == false): null

2018-12-20 17:02:11 - [TEST_STEP][PASSED] - Statement - Else: null

2018-12-20 17:02:11 - [TEST_STEP][PASSED] - delay: Delayed 2 second(s)

2018-12-20 17:02:13 - [MESSAGE][PASSED] - Delayed 2 second(s)

2018-12-20 17:02:13 - [TEST_STEP][PASSED] - click: Object: 'Object Repository/Final Object Repo/Page_MyASSIST - ASSIST - Search Pending Case For Add Supporting Document/Search Information' is clicked on

2018-12-20 17:02:13 - [MESSAGE][PASSED] - Object: 'Object Repository/Final Object Repo/Page_MyASSIST - ASSIST - Search Pending Case For Add Supporting Document/Search Information' is clicked on

2018-12-20 17:02:13 - [TEST_STEP][PASSED] - delay: Delayed 3 second(s)

2018-12-20 17:02:16 - [MESSAGE][PASSED] - Delayed 3 second(s)

2018-12-20 17:02:16 - [TEST_STEP][PASSED] - sendKeys: Keys 'ERN122018C200002563' sent to object: 'Object Repository/Final Object Repo/Page_MyASSIST - ASSIST - Search Pending Case For Add Supporting Document/Reference No'

2018-12-20 17:02:16 - [MESSAGE][PASSED] - Keys 'ERN122018C200002563' sent to object: 'Object Repository/Final Object Repo/Page_MyASSIST - ASSIST - Search Pending Case For Add Supporting Document/Reference No'

2018-12-20 17:02:16 - [TEST_STEP][PASSED] - click: Object: 'Object Repository/Final Object Repo/Page_MyASSIST - ASSIST - Search Pending Case For Add Supporting Document/Search Reference No' is clicked on

2018-12-20 17:02:16 - [MESSAGE][PASSED] - Object: 'Object Repository/Final Object Repo/Page_MyASSIST - ASSIST - Search Pending Case For Add Supporting Document/Search Reference No' is clicked on

2018-12-20 17:02:16 - [TEST_STEP][PASSED] - delay: Delayed 2 second(s)

2018-12-20 17:02:18 - [MESSAGE][PASSED] - Delayed 2 second(s)

2018-12-20 17:02:18 - [TEST_STEP][PASSED] - click: Object: 'Object Repository/Final Object Repo/Page_MyASSIST - ASSIST - Search Pending Case For Add Supporting Document/Continue' is clicked on

2018-12-20 17:02:22 - [MESSAGE][PASSED] - Object: 'Object Repository/Final Object Repo/Page_MyASSIST - ASSIST - Search Pending Case For Add Supporting Document/Continue' is clicked on

2018-12-20 17:02:22 - [TEST_STEP][PASSED] - delay: Delayed 20 second(s)

2018-12-20 17:02:42 - [MESSAGE][PASSED] - Delayed 20 second(s)

2018-12-20 17:02:42 - [MESSAGE][PASSED] - Call Test Case 'Test Cases/Final Aug 2018 - PKS Automation/Registration Module/Workflow/Login and Search Case For Workflow' successfully

2018-12-20 17:02:42 - [TEST_STEP][PASSED] - click: Object: 'Object Repository/Final Object Repo/Page_Form 3 EIS - Cessation as Employer/Page_Form 3 EIS - Cessation as Employer (Approve)/Save  Continue in Form 3 Page' is clicked on

2018-12-20 17:02:42 - [MESSAGE][PASSED] - Object: 'Object Repository/Final Object Repo/Page_Form 3 EIS - Cessation as Employer/Page_Form 3 EIS - Cessation as Employer (Approve)/Save  Continue in Form 3 Page' is clicked on

2018-12-20 17:02:42 - [TEST_STEP][PASSED] - delay: Delayed 2 second(s)

2018-12-20 17:02:44 - [MESSAGE][PASSED] - Delayed 2 second(s)

2018-12-20 17:02:44 - [TEST_STEP][PASSED] - click: Object: 'Object Repository/Final Object Repo/Page_Form 3 EIS - Cessation as Employer/Page_Form 3 EIS - Cessation as Employer (Approve)/Save  Continue in Resigned Page' is clicked on

2018-12-20 17:02:44 - [MESSAGE][PASSED] - Object: 'Object Repository/Final Object Repo/Page_Form 3 EIS - Cessation as Employer/Page_Form 3 EIS - Cessation as Employer (Approve)/Save  Continue in Resigned Page' is clicked on

2018-12-20 17:02:44 - [TEST_STEP][PASSED] - delay: Delayed 2 second(s)

2018-12-20 17:02:46 - [MESSAGE][PASSED] - Delayed 2 second(s)

2018-12-20 17:02:46 - [TEST_STEP][PASSED] - click: Object: 'Object Repository/Final Object Repo/Page_Form 3 EIS - Cessation as Employer/Page_Form 3 EIS - Cessation as Employer (Approve)/Save  Continue in Uploading Page' is clicked on

2018-12-20 17:02:47 - [MESSAGE][PASSED] - Object: 'Object Repository/Final Object Repo/Page_Form 3 EIS - Cessation as Employer/Page_Form 3 EIS - Cessation as Employer (Approve)/Save  Continue in Uploading Page' is clicked on

2018-12-20 17:02:47 - [TEST_STEP][PASSED] - delay: Delayed 2 second(s)

2018-12-20 17:02:49 - [MESSAGE][PASSED] - Delayed 2 second(s)

2018-12-20 17:02:49 - [TEST_STEP][PASSED] - click: Object: 'Object Repository/Final Object Repo/Page_Form 3 EIS - Cessation as Employer/Page_Form 3 EIS - Cessation as Employer (Reject)/Reject' is clicked on

2018-12-20 17:02:52 - [MESSAGE][PASSED] - Object: 'Object Repository/Final Object Repo/Page_Form 3 EIS - Cessation as Employer/Page_Form 3 EIS - Cessation as Employer (Reject)/Reject' is clicked on

2018-12-20 17:02:52 - [TEST_STEP][PASSED] - delay: Delayed 2 second(s)

2018-12-20 17:02:54 - [MESSAGE][PASSED] - Delayed 2 second(s)

2018-12-20 17:02:54 - [TEST_STEP][PASSED] - click: Object: 'Object Repository/Final Object Repo/Page_Form 3 EIS - Cessation as Employer/Page_Form 3 EIS - Cessation as Employer (Reject)/Confirm' is clicked on

2018-12-20 17:02:54 - [MESSAGE][PASSED] - Object: 'Object Repository/Final Object Repo/Page_Form 3 EIS - Cessation as Employer/Page_Form 3 EIS - Cessation as Employer (Reject)/Confirm' is clicked on

2018-12-20 17:02:54 - [TEST_STEP][PASSED] - delay: Delayed 2 second(s)

2018-12-20 17:02:56 - [MESSAGE][PASSED] - Delayed 2 second(s)

2018-12-20 17:02:56 - [TEST_STEP][PASSED] - click: Object: 'Object Repository/Final Object Repo/Page_Form 3 EIS - Cessation as Employer/Page_Form 3 EIS - Cessation as Employer (Reject)/Message This Case has been Rejected' is clicked on

2018-12-20 17:03:00 - [MESSAGE][PASSED] - Object: 'Object Repository/Final Object Repo/Page_Form 3 EIS - Cessation as Employer/Page_Form 3 EIS - Cessation as Employer (Reject)/Message This Case has been Rejected' is clicked on

2018-12-20 17:03:00 - [TEST_STEP][PASSED] - click: Object: 'Object Repository/Final Object Repo/Page_Form 3 EIS - Cessation as Employer/Page_Form 3 EIS - Cessation as Employer (Reject)/Letter of update rejection' is clicked on

2018-12-20 17:03:00 - [MESSAGE][PASSED] - Object: 'Object Repository/Final Object Repo/Page_Form 3 EIS - Cessation as Employer/Page_Form 3 EIS - Cessation as Employer (Reject)/Letter of update rejection' is clicked on

2018-12-20 17:03:00 - [MESSAGE][PASSED] - Call Test Case 'Test Cases/Final Aug 2018 - PKS Automation/Registration Module/Workflow/Form 3 EIS - Cessation As Employer/Template/Form 3 A - Cessation As Employer (Query)' successfully]]></system-out>
         <system-err><![CDATA[]]></system-err>
      </testcase>
      <testcase name="Test Cases/Final Aug 2018 - PKS Automation/Registration Module/Workflow/Form 3 EIS - Cessation As Employer/PKRBO to UO (Reject)" classname="Test Cases/Final Aug 2018 - PKS Automation/Registration Module/Workflow/Form 3 EIS - Cessation As Employer/PKRBO to UO (Reject)" status="PASSED">
         <system-out><![CDATA[2018-12-20 17:03:00 - [TEST_CASE][PASSED] - Test Cases/Final Aug 2018 - PKS Automation/Registration Module/Workflow/Form 3 EIS - Cessation As Employer/PKRBO to UO (Reject): Test Cases/Final Aug 2018 - PKS Automation/Registration Module/Workflow/Form 3 EIS - Cessation As Employer/PKRBO to UO (Reject)

2018-12-20 17:03:01 - [TEST_STEP][PASSED] - callTestCase: Call Test Case 'Test Cases/Final Aug 2018 - PKS Automation/Registration Module/Workflow/Form 3 EIS - Cessation As Employer/Template/Form 3 A - Cessation As Employer (PKRBO)' successfully

2018-12-20 17:03:01 - [TEST_CASE][PASSED] - Test Cases/Final Aug 2018 - PKS Automation/Registration Module/Workflow/Form 3 EIS - Cessation As Employer/Template/Form 3 A - Cessation As Employer (PKRBO): Test Cases/Final Aug 2018 - PKS Automation/Registration Module/Workflow/Form 3 EIS - Cessation As Employer/Template/Form 3 A - Cessation As Employer (PKRBO)

2018-12-20 17:03:01 - [TEST_STEP][PASSED] - openBrowser: Browser is opened with url: ''

2018-12-20 17:03:01 - [MESSAGE][WARNING] - A browser is already opened. Closing browser and opening a new one

2018-12-20 17:03:04 - [MESSAGE][PASSED] - Browser is opened with url: ''

2018-12-20 17:03:04 - [TEST_STEP][PASSED] - navigateToUrl: Navigate to 'https://assist2-uat.perkeso.gov.my/login' successfully

2018-12-20 17:03:05 - [MESSAGE][PASSED] - Navigate to 'https://assist2-uat.perkeso.gov.my/login' successfully

2018-12-20 17:03:05 - [TEST_STEP][PASSED] - setText: Text 'johorpkrbo1@gmail.com' is set on object 'Object Repository/Final Object Repo/Login Page/Internal User/Email Address'

2018-12-20 17:03:05 - [MESSAGE][PASSED] - Text 'johorpkrbo1@gmail.com' is set on object 'Object Repository/Final Object Repo/Login Page/Internal User/Email Address'

2018-12-20 17:03:05 - [TEST_STEP][PASSED] - click: Object: 'Object Repository/Final Object Repo/Login Page/Internal User/Next Button' is clicked on

2018-12-20 17:03:05 - [MESSAGE][PASSED] - Object: 'Object Repository/Final Object Repo/Login Page/Internal User/Next Button' is clicked on

2018-12-20 17:03:05 - [TEST_STEP][PASSED] - delay: Delayed 1 second(s)

2018-12-20 17:03:06 - [MESSAGE][PASSED] - Delayed 1 second(s)

2018-12-20 17:03:06 - [TEST_STEP][PASSED] - setEncryptedText: Text ****** has been set on object 'Object Repository/Final Object Repo/Login Page/Internal User/Password'

2018-12-20 17:03:07 - [MESSAGE][PASSED] - Text ****** has been set on object 'Object Repository/Final Object Repo/Login Page/Internal User/Password'

2018-12-20 17:03:07 - [TEST_STEP][PASSED] - click: Object: 'Object Repository/Final Object Repo/Login Page/Internal User/Login Button' is clicked on

2018-12-20 17:03:07 - [MESSAGE][PASSED] - Object: 'Object Repository/Final Object Repo/Login Page/Internal User/Login Button' is clicked on

2018-12-20 17:03:07 - [TEST_STEP][PASSED] - delay: Delayed 1 second(s)

2018-12-20 17:03:08 - [MESSAGE][PASSED] - Delayed 1 second(s)

2018-12-20 17:03:08 - [TEST_STEP][PASSED] - Statement - Try: Delayed 2 second(s)

2018-12-20 17:03:08 - [TEST_STEP][PASSED] - Statement - Checker = false: null

2018-12-20 17:03:08 - [TEST_STEP][PASSED] - Statement - Checker = com.kms.katalon.core.webui.keyword.WebUiBuiltInKeywords.verifyElementHasAttribute(com.kms.katalon.core.testobject.ObjectRepository.findTestObject(Final Object Repo/Landing Page/BM Detecting), "href", 20, OPTIONAL): Object 'Object Repository/Final Object Repo/Landing Page/BM Detecting' has attribute 'href'

2018-12-20 17:03:09 - [MESSAGE][PASSED] - Object 'Object Repository/Final Object Repo/Landing Page/BM Detecting' has attribute 'href'

2018-12-20 17:03:09 - [TEST_STEP][PASSED] - Statement - out.println(Checker): null

2018-12-20 17:03:09 - [TEST_STEP][PASSED] - Statement - If (Checker == false): null

2018-12-20 17:03:09 - [TEST_STEP][PASSED] - Statement - Else: null

2018-12-20 17:03:09 - [TEST_STEP][PASSED] - delay: Delayed 2 second(s)

2018-12-20 17:03:11 - [MESSAGE][PASSED] - Delayed 2 second(s)

2018-12-20 17:03:11 - [TEST_STEP][PASSED] - navigateToUrl: Navigate to 'https://assist2-uat.perkeso.gov.my/web/registration/eis-update/form-3-eis-cessation-as-employer' successfully

2018-12-20 17:03:12 - [MESSAGE][PASSED] - Navigate to 'https://assist2-uat.perkeso.gov.my/web/registration/eis-update/form-3-eis-cessation-as-employer' successfully

2018-12-20 17:03:12 - [TEST_STEP][PASSED] - delay: Delayed 1 second(s)

2018-12-20 17:03:13 - [MESSAGE][PASSED] - Delayed 1 second(s)

2018-12-20 17:03:13 - [TEST_STEP][PASSED] - setText: Text 'E1102069769W' is set on object 'Object Repository/Final Object Repo/Page_Form 3 EIS - Cessation as Employer/Employer Code'

2018-12-20 17:03:13 - [MESSAGE][PASSED] - Text 'E1102069769W' is set on object 'Object Repository/Final Object Repo/Page_Form 3 EIS - Cessation as Employer/Employer Code'

2018-12-20 17:03:13 - [TEST_STEP][PASSED] - click: Object: 'Object Repository/Final Object Repo/Page_Form 3 EIS - Cessation as Employer/Search' is clicked on

2018-12-20 17:03:13 - [MESSAGE][PASSED] - Object: 'Object Repository/Final Object Repo/Page_Form 3 EIS - Cessation as Employer/Search' is clicked on

2018-12-20 17:03:13 - [TEST_STEP][PASSED] - click: Object: 'Object Repository/Final Object Repo/Page_Form 3 EIS - Cessation as Employer/Edit' is clicked on

2018-12-20 17:03:16 - [MESSAGE][PASSED] - Object: 'Object Repository/Final Object Repo/Page_Form 3 EIS - Cessation as Employer/Edit' is clicked on

2018-12-20 17:03:16 - [TEST_STEP][PASSED] - delay: Delayed 1 second(s)

2018-12-20 17:03:17 - [MESSAGE][PASSED] - Delayed 1 second(s)

2018-12-20 17:03:17 - [TEST_STEP][PASSED] - Statement - abc = com.kms.katalon.core.webui.keyword.WebUiBuiltInKeywords.getAttribute(com.kms.katalon.core.testobject.ObjectRepository.findTestObject(Final Object Repo/Page_Form 3 EIS - Cessation as Employer/Employer Status), "value"): Attribute 'value' of object 'Object Repository/Final Object Repo/Page_Form 3 EIS - Cessation as Employer/Employer Status' is: 'Active'

2018-12-20 17:03:17 - [MESSAGE][PASSED] - Attribute 'value' of object 'Object Repository/Final Object Repo/Page_Form 3 EIS - Cessation as Employer/Employer Status' is: 'Active'

2018-12-20 17:03:17 - [TEST_STEP][PASSED] - Statement - out.println(abc): null

2018-12-20 17:03:17 - [TEST_STEP][PASSED] - Statement - If (abc == "Active"): Object: 'Object Repository/Final Object Repo/Page_Form 3 EIS - Cessation as Employer/Dormant EIS' is clicked on

2018-12-20 17:03:17 - [TEST_STEP][PASSED] - click: Object: 'Object Repository/Final Object Repo/Page_Form 3 EIS - Cessation as Employer/Change Employer Status to' is clicked on

2018-12-20 17:03:17 - [MESSAGE][PASSED] - Object: 'Object Repository/Final Object Repo/Page_Form 3 EIS - Cessation as Employer/Change Employer Status to' is clicked on

2018-12-20 17:03:17 - [TEST_STEP][PASSED] - click: Object: 'Object Repository/Final Object Repo/Page_Form 3 EIS - Cessation as Employer/Dormant EIS' is clicked on

2018-12-20 17:03:17 - [MESSAGE][PASSED] - Object: 'Object Repository/Final Object Repo/Page_Form 3 EIS - Cessation as Employer/Dormant EIS' is clicked on

2018-12-20 17:03:17 - [TEST_STEP][PASSED] - click: Object: 'Object Repository/Final Object Repo/Page_Form 3 EIS - Cessation as Employer/Calender' is clicked on

2018-12-20 17:03:17 - [MESSAGE][PASSED] - Object: 'Object Repository/Final Object Repo/Page_Form 3 EIS - Cessation as Employer/Calender' is clicked on

2018-12-20 17:03:17 - [TEST_STEP][PASSED] - delay: Delayed 1 second(s)

2018-12-20 17:03:18 - [MESSAGE][PASSED] - Delayed 1 second(s)

2018-12-20 17:03:18 - [TEST_STEP][PASSED] - click: Object: 'Object Repository/Final Object Repo/Page_Form 3 EIS - Cessation as Employer/Calender - Date' is clicked on

2018-12-20 17:03:18 - [MESSAGE][PASSED] - Object: 'Object Repository/Final Object Repo/Page_Form 3 EIS - Cessation as Employer/Calender - Date' is clicked on

2018-12-20 17:03:18 - [TEST_STEP][PASSED] - click: Object: 'Object Repository/Final Object Repo/Page_Form 3 EIS - Cessation as Employer/Save  Continue in Form 3 EIS Page' is clicked on

2018-12-20 17:03:19 - [MESSAGE][PASSED] - Object: 'Object Repository/Final Object Repo/Page_Form 3 EIS - Cessation as Employer/Save  Continue in Form 3 EIS Page' is clicked on

2018-12-20 17:03:19 - [TEST_STEP][PASSED] - delay: Delayed 1 second(s)

2018-12-20 17:03:20 - [MESSAGE][PASSED] - Delayed 1 second(s)

2018-12-20 17:03:20 - [TEST_STEP][PASSED] - click: Object: 'Object Repository/Final Object Repo/Page_Form 3 EIS - Cessation as Employer/Employment Resign Date' is clicked on

2018-12-20 17:03:20 - [MESSAGE][PASSED] - Object: 'Object Repository/Final Object Repo/Page_Form 3 EIS - Cessation as Employer/Employment Resign Date' is clicked on

2018-12-20 17:03:20 - [TEST_STEP][PASSED] - selectOptionByValue: All options with value '2030' are selected in object 'Object Repository/Final Object Repo/Page_Form 3 EIS - Cessation as Employer/Employment Resign Date - Year' 

2018-12-20 17:03:20 - [MESSAGE][PASSED] - All options with value '2030' are selected in object 'Object Repository/Final Object Repo/Page_Form 3 EIS - Cessation as Employer/Employment Resign Date - Year' 

2018-12-20 17:03:20 - [TEST_STEP][PASSED] - delay: Delayed 2 second(s)

2018-12-20 17:03:22 - [MESSAGE][PASSED] - Delayed 2 second(s)

2018-12-20 17:03:22 - [TEST_STEP][PASSED] - click: Object: 'Object Repository/Final Object Repo/Page_Form 3 EIS - Cessation as Employer/Employment Resign Date - Year - Date' is clicked on

2018-12-20 17:03:23 - [MESSAGE][PASSED] - Object: 'Object Repository/Final Object Repo/Page_Form 3 EIS - Cessation as Employer/Employment Resign Date - Year - Date' is clicked on

2018-12-20 17:03:23 - [TEST_STEP][PASSED] - delay: Delayed 2 second(s)

2018-12-20 17:03:25 - [MESSAGE][PASSED] - Delayed 2 second(s)

2018-12-20 17:03:25 - [TEST_STEP][PASSED] - click: Object: 'Object Repository/Final Object Repo/Page_Form 3 EIS - Cessation as Employer/Save  Continue in Employment Resign Page' is clicked on

2018-12-20 17:03:25 - [MESSAGE][PASSED] - Object: 'Object Repository/Final Object Repo/Page_Form 3 EIS - Cessation as Employer/Save  Continue in Employment Resign Page' is clicked on

2018-12-20 17:03:25 - [TEST_STEP][PASSED] - delay: Delayed 2 second(s)

2018-12-20 17:03:27 - [MESSAGE][PASSED] - Delayed 2 second(s)

2018-12-20 17:03:27 - [TEST_STEP][PASSED] - click: Object: 'Object Repository/Final Object Repo/Page_Form 3 EIS - Cessation as Employer/Set Latest - Yes' is clicked on

2018-12-20 17:03:27 - [MESSAGE][PASSED] - Object: 'Object Repository/Final Object Repo/Page_Form 3 EIS - Cessation as Employer/Set Latest - Yes' is clicked on

2018-12-20 17:03:27 - [TEST_STEP][PASSED] - delay: Delayed 2 second(s)

2018-12-20 17:03:29 - [MESSAGE][PASSED] - Delayed 2 second(s)

2018-12-20 17:03:29 - [TEST_STEP][PASSED] - click: Object: 'Object Repository/Final Object Repo/Page_Form 3 EIS - Cessation as Employer/Add Document' is clicked on

2018-12-20 17:03:30 - [MESSAGE][PASSED] - Object: 'Object Repository/Final Object Repo/Page_Form 3 EIS - Cessation as Employer/Add Document' is clicked on

2018-12-20 17:03:30 - [TEST_STEP][PASSED] - delay: Delayed 3 second(s)

2018-12-20 17:03:33 - [MESSAGE][PASSED] - Delayed 3 second(s)

2018-12-20 17:03:33 - [TEST_STEP][PASSED] - click: Object: 'Object Repository/Final Object Repo/Page_Form 3 EIS - Cessation as Employer/Document Type' is clicked on

2018-12-20 17:03:33 - [MESSAGE][PASSED] - Object: 'Object Repository/Final Object Repo/Page_Form 3 EIS - Cessation as Employer/Document Type' is clicked on

2018-12-20 17:03:33 - [TEST_STEP][PASSED] - click: Object: 'Object Repository/Final Object Repo/Page_Form 3 EIS - Cessation as Employer/Document Type - Form 3' is clicked on

2018-12-20 17:03:34 - [MESSAGE][PASSED] - Object: 'Object Repository/Final Object Repo/Page_Form 3 EIS - Cessation as Employer/Document Type - Form 3' is clicked on

2018-12-20 17:03:34 - [TEST_STEP][PASSED] - delay: Delayed 2 second(s)

2018-12-20 17:03:36 - [MESSAGE][PASSED] - Delayed 2 second(s)

2018-12-20 17:03:36 - [TEST_STEP][PASSED] - sendKeys: Keys 'C:\Users\Public\Pictures\Sample Pictures\Koala.jpg' sent to object: 'Object Repository/Final Object Repo/Page_Form 3 EIS - Cessation as Employer/ploading File'

2018-12-20 17:03:36 - [MESSAGE][PASSED] - Keys 'C:\Users\Public\Pictures\Sample Pictures\Koala.jpg' sent to object: 'Object Repository/Final Object Repo/Page_Form 3 EIS - Cessation as Employer/ploading File'

2018-12-20 17:03:36 - [TEST_STEP][PASSED] - delay: Delayed 1 second(s)

2018-12-20 17:03:37 - [MESSAGE][PASSED] - Delayed 1 second(s)

2018-12-20 17:03:37 - [TEST_STEP][PASSED] - click: Object: 'Object Repository/Final Object Repo/Page_Form 3 EIS - Cessation as Employer/Add Document in Uploading Page' is clicked on

2018-12-20 17:03:37 - [MESSAGE][PASSED] - Object: 'Object Repository/Final Object Repo/Page_Form 3 EIS - Cessation as Employer/Add Document in Uploading Page' is clicked on

2018-12-20 17:03:37 - [TEST_STEP][PASSED] - delay: Delayed 2 second(s)

2018-12-20 17:03:39 - [MESSAGE][PASSED] - Delayed 2 second(s)

2018-12-20 17:03:39 - [TEST_STEP][PASSED] - Statement - CaseReferenceNo = com.kms.katalon.core.webui.keyword.WebUiBuiltInKeywords.getText(com.kms.katalon.core.testobject.ObjectRepository.findTestObject(Final Object Repo/Page_Update Employer Information/Reference Number in Update Employee Information Page)): Text of object 'Object Repository/Final Object Repo/Page_Update Employer Information/Reference Number in Update Employee Information Page' is: 'ERN122018C200002564'

2018-12-20 17:03:41 - [MESSAGE][PASSED] - Text of object 'Object Repository/Final Object Repo/Page_Update Employer Information/Reference Number in Update Employee Information Page' is: 'ERN122018C200002564'

2018-12-20 17:03:41 - [TEST_STEP][PASSED] - callTestCase: Call Test Case 'Test Cases/Final Aug 2018 - PKS Automation/Common/Reference Number Setter' successfully

2018-12-20 17:03:41 - [TEST_CASE][PASSED] - Test Cases/Final Aug 2018 - PKS Automation/Common/Reference Number Setter: Test Cases/Final Aug 2018 - PKS Automation/Common/Reference Number Setter

2018-12-20 17:03:41 - [TEST_STEP][PASSED] - Statement - RefNoOldFile = new java.io.File(C://Users//Admin//Desktop//PKS//Automation Reference Point//KatalonReference.txt): null

2018-12-20 17:03:41 - [TEST_STEP][PASSED] - Statement - RefNoOldFile.delete(): null

2018-12-20 17:03:41 - [TEST_STEP][PASSED] - delay: Delayed 5 second(s)

2018-12-20 17:03:46 - [MESSAGE][PASSED] - Delayed 5 second(s)

2018-12-20 17:03:46 - [TEST_STEP][PASSED] - Statement - RefNo = new java.io.File(C://Users//Admin//Desktop//PKS//Automation Reference Point//KatalonReference.txt): null

2018-12-20 17:03:46 - [TEST_STEP][PASSED] - Statement - f2 = new java.io.FileWriter(RefNo, false): null

2018-12-20 17:03:46 - [TEST_STEP][PASSED] - Statement - f2.write(CaseReferenceNo): null

2018-12-20 17:03:46 - [TEST_STEP][PASSED] - Statement - f2.close(): null

2018-12-20 17:03:46 - [TEST_STEP][PASSED] - Statement - out.println("


" + CaseReferenceNo + "


"): null

2018-12-20 17:03:46 - [MESSAGE][PASSED] - Call Test Case 'Test Cases/Final Aug 2018 - PKS Automation/Common/Reference Number Setter' successfully

2018-12-20 17:03:46 - [TEST_STEP][PASSED] - delay: Delayed 2 second(s)

2018-12-20 17:03:48 - [MESSAGE][PASSED] - Delayed 2 second(s)

2018-12-20 17:03:48 - [TEST_STEP][PASSED] - click: Object: 'Object Repository/Final Object Repo/Page_Form 3 EIS - Cessation as Employer/Save  Continue in Uploading Page' is clicked on

2018-12-20 17:03:48 - [MESSAGE][PASSED] - Object: 'Object Repository/Final Object Repo/Page_Form 3 EIS - Cessation as Employer/Save  Continue in Uploading Page' is clicked on

2018-12-20 17:03:48 - [TEST_STEP][PASSED] - delay: Delayed 2 second(s)

2018-12-20 17:03:50 - [MESSAGE][PASSED] - Delayed 2 second(s)

2018-12-20 17:03:50 - [TEST_STEP][PASSED] - click: Object: 'Object Repository/Final Object Repo/Page_Form 3 EIS - Cessation as Employer/Submit' is clicked on

2018-12-20 17:03:53 - [MESSAGE][PASSED] - Object: 'Object Repository/Final Object Repo/Page_Form 3 EIS - Cessation as Employer/Submit' is clicked on

2018-12-20 17:03:53 - [TEST_STEP][PASSED] - delay: Delayed 2 second(s)

2018-12-20 17:03:55 - [MESSAGE][PASSED] - Delayed 2 second(s)

2018-12-20 17:03:55 - [TEST_STEP][PASSED] - click: Object: 'Object Repository/Final Object Repo/Page_Form 3 EIS - Cessation as Employer/Confirm' is clicked on

2018-12-20 17:03:55 - [MESSAGE][PASSED] - Object: 'Object Repository/Final Object Repo/Page_Form 3 EIS - Cessation as Employer/Confirm' is clicked on

2018-12-20 17:03:55 - [TEST_STEP][PASSED] - delay: Delayed 2 second(s)

2018-12-20 17:03:57 - [MESSAGE][PASSED] - Delayed 2 second(s)

2018-12-20 17:03:57 - [TEST_STEP][PASSED] - click: Object: 'Object Repository/Final Object Repo/Page_Form 3 EIS - Cessation as Employer/Message Your Request will be routed to UO' is clicked on

2018-12-20 17:04:00 - [MESSAGE][PASSED] - Object: 'Object Repository/Final Object Repo/Page_Form 3 EIS - Cessation as Employer/Message Your Request will be routed to UO' is clicked on

2018-12-20 17:04:00 - [TEST_STEP][PASSED] - click: Object: 'Object Repository/Final Object Repo/Page_Form 3 EIS - Cessation as Employer/Letter of acknowledgement' is clicked on

2018-12-20 17:04:01 - [MESSAGE][PASSED] - Object: 'Object Repository/Final Object Repo/Page_Form 3 EIS - Cessation as Employer/Letter of acknowledgement' is clicked on

2018-12-20 17:04:01 - [MESSAGE][PASSED] - Call Test Case 'Test Cases/Final Aug 2018 - PKS Automation/Registration Module/Workflow/Form 3 EIS - Cessation As Employer/Template/Form 3 A - Cessation As Employer (PKRBO)' successfully

2018-12-20 17:04:01 - [TEST_STEP][PASSED] - callTestCase: Call Test Case 'Test Cases/Final Aug 2018 - PKS Automation/Registration Module/Workflow/Form 3 EIS - Cessation As Employer/Template/Form 3 A - Cessation As Employer (Reject)' successfully

2018-12-20 17:04:01 - [TEST_CASE][PASSED] - Test Cases/Final Aug 2018 - PKS Automation/Registration Module/Workflow/Form 3 EIS - Cessation As Employer/Template/Form 3 A - Cessation As Employer (Reject): Test Cases/Final Aug 2018 - PKS Automation/Registration Module/Workflow/Form 3 EIS - Cessation As Employer/Template/Form 3 A - Cessation As Employer (Reject)

2018-12-20 17:04:01 - [TEST_STEP][NOT_RUN] - callTestCase: NOT_RUN: callTestCase

2018-12-20 17:04:01 - [MESSAGE][NOT_RUN] - NOT_RUN: callTestCase

2018-12-20 17:04:01 - [TEST_STEP][PASSED] - delay: Delayed 1 second(s)

2018-12-20 17:04:02 - [MESSAGE][PASSED] - Delayed 1 second(s)

2018-12-20 17:04:02 - [TEST_STEP][PASSED] - navigateToUrl: Navigate to 'https://assist2-uat.perkeso.gov.my/c/portal/logout' successfully

2018-12-20 17:04:03 - [MESSAGE][PASSED] - Navigate to 'https://assist2-uat.perkeso.gov.my/c/portal/logout' successfully

2018-12-20 17:04:03 - [TEST_STEP][PASSED] - delay: Delayed 1 second(s)

2018-12-20 17:04:04 - [MESSAGE][PASSED] - Delayed 1 second(s)

2018-12-20 17:04:04 - [TEST_STEP][PASSED] - callTestCase: Call Test Case 'Test Cases/Final Aug 2018 - PKS Automation/Common/Reference Number Getter' successfully

2018-12-20 17:04:04 - [TEST_CASE][PASSED] - Test Cases/Final Aug 2018 - PKS Automation/Common/Reference Number Getter: Test Cases/Final Aug 2018 - PKS Automation/Common/Reference Number Getter

2018-12-20 17:04:04 - [TEST_STEP][PASSED] - Statement - Try: null

2018-12-20 17:04:04 - [TEST_STEP][PASSED] - Statement - RefNo = new java.io.File(C://Users//Admin//Desktop//PKS//Automation Reference Point//KatalonReference.txt): null

2018-12-20 17:04:04 - [TEST_STEP][PASSED] - Statement - bufferread = new java.io.BufferedReader(new java.io.FileReader(RefNo)): null

2018-12-20 17:04:04 - [TEST_STEP][PASSED] - Statement - readedVal = bufferread.readLine(): null

2018-12-20 17:04:04 - [TEST_STEP][PASSED] - Statement - out.println(CaseReferenceNo): null

2018-12-20 17:04:04 - [TEST_STEP][PASSED] - Statement - out.println(readedVal): null

2018-12-20 17:04:04 - [TEST_STEP][PASSED] - Statement - CaseReferenceNo = "": null

2018-12-20 17:04:04 - [TEST_STEP][PASSED] - Statement - CaseReferenceNo = readedVal: null

2018-12-20 17:04:04 - [MESSAGE][PASSED] - Call Test Case 'Test Cases/Final Aug 2018 - PKS Automation/Common/Reference Number Getter' successfully

2018-12-20 17:04:04 - [TEST_STEP][PASSED] - callTestCase: Call Test Case 'Test Cases/Final Aug 2018 - PKS Automation/Common/Workflow Owner Finder' successfully

2018-12-20 17:04:04 - [TEST_CASE][PASSED] - Test Cases/Final Aug 2018 - PKS Automation/Common/Workflow Owner Finder: Test Cases/Final Aug 2018 - PKS Automation/Common/Workflow Owner Finder

2018-12-20 17:04:04 - [TEST_STEP][PASSED] - openBrowser: Browser is opened with url: ''

2018-12-20 17:04:04 - [MESSAGE][WARNING] - A browser is already opened. Closing browser and opening a new one

2018-12-20 17:04:07 - [MESSAGE][PASSED] - Browser is opened with url: ''

2018-12-20 17:04:07 - [TEST_STEP][PASSED] - navigateToUrl: Navigate to 'https://assist2-uat.perkeso.gov.my/login' successfully

2018-12-20 17:04:08 - [MESSAGE][PASSED] - Navigate to 'https://assist2-uat.perkeso.gov.my/login' successfully

2018-12-20 17:04:08 - [TEST_STEP][PASSED] - delay: Delayed 5 second(s)

2018-12-20 17:04:13 - [MESSAGE][PASSED] - Delayed 5 second(s)

2018-12-20 17:04:13 - [TEST_STEP][PASSED] - setText: Text 'test@liferay.com' is set on object 'Object Repository/Final Object Repo/Login Page/Internal User/Email Address'

2018-12-20 17:04:13 - [MESSAGE][PASSED] - Text 'test@liferay.com' is set on object 'Object Repository/Final Object Repo/Login Page/Internal User/Email Address'

2018-12-20 17:04:13 - [TEST_STEP][PASSED] - click: Object: 'Object Repository/Final Object Repo/Login Page/Internal User/Next Button' is clicked on

2018-12-20 17:04:14 - [MESSAGE][PASSED] - Object: 'Object Repository/Final Object Repo/Login Page/Internal User/Next Button' is clicked on

2018-12-20 17:04:14 - [TEST_STEP][PASSED] - delay: Delayed 2 second(s)

2018-12-20 17:04:16 - [MESSAGE][PASSED] - Delayed 2 second(s)

2018-12-20 17:04:16 - [TEST_STEP][PASSED] - setText: Text 'test' is set on object 'Object Repository/Final Object Repo/Login Page/Internal User/Password'

2018-12-20 17:04:16 - [MESSAGE][PASSED] - Text 'test' is set on object 'Object Repository/Final Object Repo/Login Page/Internal User/Password'

2018-12-20 17:04:16 - [TEST_STEP][PASSED] - delay: Delayed 2 second(s)

2018-12-20 17:04:18 - [MESSAGE][PASSED] - Delayed 2 second(s)

2018-12-20 17:04:18 - [TEST_STEP][PASSED] - click: Object: 'Object Repository/Final Object Repo/Login Page/Internal User/Login Button' is clicked on

2018-12-20 17:04:18 - [MESSAGE][PASSED] - Object: 'Object Repository/Final Object Repo/Login Page/Internal User/Login Button' is clicked on

2018-12-20 17:04:18 - [TEST_STEP][PASSED] - Statement - tester = com.kms.katalon.core.testobject.ObjectRepository.findTestObject(Final Object Repo/Landing Page/Select to English): Finding Test Object with id 'Object Repository/Final Object Repo/Landing Page/Select to English'

2018-12-20 17:04:18 - [TEST_STEP][PASSED] - Statement - Try: Delayed 2 second(s)

2018-12-20 17:04:18 - [TEST_STEP][PASSED] - Statement - Checker = com.kms.katalon.core.webui.keyword.WebUiBuiltInKeywords.verifyElementNotPresent(tester, 3): Web element with id: 'Object Repository/Final Object Repo/Landing Page/Select to English' located by 'By.xpath: //a[@class = 'taglib-language-list-text' and @lang = 'en-US' and (contains(text(), 'EN') or contains(., 'EN'))]' is not present after '3' second(s)

2018-12-20 17:04:20 - [MESSAGE][PASSED] - Web element with id: 'Object Repository/Final Object Repo/Landing Page/Select to English' located by 'By.xpath: //a[@class = 'taglib-language-list-text' and @lang = 'en-US' and (contains(text(), 'EN') or contains(., 'EN'))]' is not present after '3' second(s)

2018-12-20 17:04:20 - [TEST_STEP][PASSED] - Statement - If (Checker == false): null

2018-12-20 17:04:20 - [TEST_STEP][PASSED] - delay: Delayed 2 second(s)

2018-12-20 17:04:22 - [MESSAGE][PASSED] - Delayed 2 second(s)

2018-12-20 17:04:22 - [TEST_STEP][PASSED] - delay: Delayed 5 second(s)

2018-12-20 17:04:27 - [MESSAGE][PASSED] - Delayed 5 second(s)

2018-12-20 17:04:27 - [TEST_STEP][PASSED] - mouseOver: Object: 'Object Repository/Final Object Repo/Landing Page/WorkFlow Menu' is hovered

2018-12-20 17:04:27 - [MESSAGE][PASSED] - Object: 'Object Repository/Final Object Repo/Landing Page/WorkFlow Menu' is hovered

2018-12-20 17:04:27 - [TEST_STEP][PASSED] - delay: Delayed 2 second(s)

2018-12-20 17:04:29 - [MESSAGE][PASSED] - Delayed 2 second(s)

2018-12-20 17:04:29 - [TEST_STEP][PASSED] - click: Object: 'Object Repository/Final Object Repo/Landing Page/Select to Workflow Listing' is clicked on

2018-12-20 17:04:30 - [MESSAGE][PASSED] - Object: 'Object Repository/Final Object Repo/Landing Page/Select to Workflow Listing' is clicked on

2018-12-20 17:04:30 - [TEST_STEP][PASSED] - delay: Delayed 2 second(s)

2018-12-20 17:04:32 - [MESSAGE][PASSED] - Delayed 2 second(s)

2018-12-20 17:04:32 - [TEST_STEP][PASSED] - click: Object: 'Object Repository/Final Object Repo/WorkFlow Listing Page/Search Information - To Put Ref No' is clicked on

2018-12-20 17:04:32 - [MESSAGE][PASSED] - Object: 'Object Repository/Final Object Repo/WorkFlow Listing Page/Search Information - To Put Ref No' is clicked on

2018-12-20 17:04:32 - [TEST_STEP][PASSED] - delay: Delayed 2 second(s)

2018-12-20 17:04:34 - [MESSAGE][PASSED] - Delayed 2 second(s)

2018-12-20 17:04:34 - [TEST_STEP][PASSED] - callTestCase: Call Test Case 'Test Cases/Final Aug 2018 - PKS Automation/Common/Reference Number Getter' successfully

2018-12-20 17:04:34 - [TEST_CASE][PASSED] - Test Cases/Final Aug 2018 - PKS Automation/Common/Reference Number Getter: Test Cases/Final Aug 2018 - PKS Automation/Common/Reference Number Getter

2018-12-20 17:04:34 - [TEST_STEP][PASSED] - Statement - Try: null

2018-12-20 17:04:34 - [TEST_STEP][PASSED] - Statement - RefNo = new java.io.File(C://Users//Admin//Desktop//PKS//Automation Reference Point//KatalonReference.txt): null

2018-12-20 17:04:34 - [TEST_STEP][PASSED] - Statement - bufferread = new java.io.BufferedReader(new java.io.FileReader(RefNo)): null

2018-12-20 17:04:34 - [TEST_STEP][PASSED] - Statement - readedVal = bufferread.readLine(): null

2018-12-20 17:04:34 - [TEST_STEP][PASSED] - Statement - out.println(CaseReferenceNo): null

2018-12-20 17:04:34 - [TEST_STEP][PASSED] - Statement - out.println(readedVal): null

2018-12-20 17:04:34 - [TEST_STEP][PASSED] - Statement - CaseReferenceNo = "": null

2018-12-20 17:04:34 - [TEST_STEP][PASSED] - Statement - CaseReferenceNo = readedVal: null

2018-12-20 17:04:34 - [MESSAGE][PASSED] - Call Test Case 'Test Cases/Final Aug 2018 - PKS Automation/Common/Reference Number Getter' successfully

2018-12-20 17:04:34 - [TEST_STEP][PASSED] - setText: Text 'ERN122018C200002564' is set on object 'Object Repository/Final Object Repo/WorkFlow Listing Page/Ref No Set Text'

2018-12-20 17:04:35 - [MESSAGE][PASSED] - Text 'ERN122018C200002564' is set on object 'Object Repository/Final Object Repo/WorkFlow Listing Page/Ref No Set Text'

2018-12-20 17:04:35 - [TEST_STEP][PASSED] - delay: Delayed 2 second(s)

2018-12-20 17:04:37 - [MESSAGE][PASSED] - Delayed 2 second(s)

2018-12-20 17:04:37 - [TEST_STEP][PASSED] - click: Object: 'Object Repository/Final Object Repo/WorkFlow Listing Page/Search Ref No Search Button' is clicked on

2018-12-20 17:04:37 - [MESSAGE][PASSED] - Object: 'Object Repository/Final Object Repo/WorkFlow Listing Page/Search Ref No Search Button' is clicked on

2018-12-20 17:04:37 - [TEST_STEP][PASSED] - delay: Delayed 6 second(s)

2018-12-20 17:04:43 - [MESSAGE][PASSED] - Delayed 6 second(s)

2018-12-20 17:04:43 - [TEST_STEP][PASSED] - click: Object: 'Object Repository/Final Object Repo/WorkFlow Listing Page/Click Continue Tooltip' is clicked on

2018-12-20 17:04:44 - [MESSAGE][PASSED] - Object: 'Object Repository/Final Object Repo/WorkFlow Listing Page/Click Continue Tooltip' is clicked on

2018-12-20 17:04:44 - [TEST_STEP][PASSED] - delay: Delayed 5 second(s)

2018-12-20 17:04:49 - [MESSAGE][PASSED] - Delayed 5 second(s)

2018-12-20 17:04:49 - [TEST_STEP][PASSED] - doubleClick: Object: 'Object Repository/Final Object Repo/WorkFlow Listing Page/Workflow Found - Listing 1' is double clicked on

2018-12-20 17:04:49 - [MESSAGE][PASSED] - Object: 'Object Repository/Final Object Repo/WorkFlow Listing Page/Workflow Found - Listing 1' is double clicked on

2018-12-20 17:04:49 - [TEST_STEP][PASSED] - Statement - println(OwnerID): null

2018-12-20 17:04:49 - [TEST_STEP][PASSED] - Statement - OwnerID = com.kms.katalon.core.webui.keyword.WebUiBuiltInKeywords.getText(com.kms.katalon.core.testobject.ObjectRepository.findTestObject(Final Object Repo/WorkFlow Listing Page/Workflow Found - Listing 1), STOP_ON_FAILURE): Text of object 'Object Repository/Final Object Repo/WorkFlow Listing Page/Workflow Found - Listing 1' is: 'JOHORuo3'

2018-12-20 17:04:49 - [MESSAGE][PASSED] - Text of object 'Object Repository/Final Object Repo/WorkFlow Listing Page/Workflow Found - Listing 1' is: 'JOHORuo3'

2018-12-20 17:04:49 - [TEST_STEP][PASSED] - Statement - OwnerID = OwnerID.toLowerCase() + "@gmail.com": null

2018-12-20 17:04:49 - [TEST_STEP][PASSED] - Statement - println(OwnerID): null

2018-12-20 17:04:49 - [TEST_STEP][PASSED] - delay: Delayed 2 second(s)

2018-12-20 17:04:51 - [MESSAGE][PASSED] - Delayed 2 second(s)

2018-12-20 17:04:51 - [MESSAGE][PASSED] - Call Test Case 'Test Cases/Final Aug 2018 - PKS Automation/Common/Workflow Owner Finder' successfully

2018-12-20 17:04:51 - [TEST_STEP][PASSED] - delay: Delayed 1 second(s)

2018-12-20 17:04:52 - [MESSAGE][PASSED] - Delayed 1 second(s)

2018-12-20 17:04:52 - [TEST_STEP][PASSED] - navigateToUrl: Navigate to 'https://assist2-uat.perkeso.gov.my/c/portal/logout' successfully

2018-12-20 17:04:53 - [MESSAGE][PASSED] - Navigate to 'https://assist2-uat.perkeso.gov.my/c/portal/logout' successfully

2018-12-20 17:04:53 - [TEST_STEP][PASSED] - delay: Delayed 1 second(s)

2018-12-20 17:04:54 - [MESSAGE][PASSED] - Delayed 1 second(s)

2018-12-20 17:04:54 - [TEST_STEP][PASSED] - callTestCase: Call Test Case 'Test Cases/Final Aug 2018 - PKS Automation/Registration Module/Workflow/Login and Search Case For Workflow' successfully

2018-12-20 17:04:54 - [TEST_CASE][PASSED] - Test Cases/Final Aug 2018 - PKS Automation/Registration Module/Workflow/Login and Search Case For Workflow: Test Cases/Final Aug 2018 - PKS Automation/Registration Module/Workflow/Login and Search Case For Workflow

2018-12-20 17:04:54 - [TEST_STEP][PASSED] - navigateToUrl: Navigate to 'https://assist2-uat.perkeso.gov.my/login' successfully

2018-12-20 17:04:55 - [MESSAGE][PASSED] - Navigate to 'https://assist2-uat.perkeso.gov.my/login' successfully

2018-12-20 17:04:55 - [TEST_STEP][PASSED] - setText: Text 'johoruo3@gmail.com' is set on object 'Object Repository/Final Object Repo/Login Page/Internal User/Email Address'

2018-12-20 17:04:55 - [MESSAGE][PASSED] - Text 'johoruo3@gmail.com' is set on object 'Object Repository/Final Object Repo/Login Page/Internal User/Email Address'

2018-12-20 17:04:55 - [TEST_STEP][PASSED] - click: Object: 'Object Repository/Final Object Repo/Login Page/Internal User/Next Button' is clicked on

2018-12-20 17:04:55 - [MESSAGE][PASSED] - Object: 'Object Repository/Final Object Repo/Login Page/Internal User/Next Button' is clicked on

2018-12-20 17:04:55 - [TEST_STEP][PASSED] - delay: Delayed 1 second(s)

2018-12-20 17:04:56 - [MESSAGE][PASSED] - Delayed 1 second(s)

2018-12-20 17:04:56 - [TEST_STEP][PASSED] - setEncryptedText: Text ****** has been set on object 'Object Repository/Final Object Repo/Login Page/Internal User/Password'

2018-12-20 17:04:57 - [MESSAGE][PASSED] - Text ****** has been set on object 'Object Repository/Final Object Repo/Login Page/Internal User/Password'

2018-12-20 17:04:57 - [TEST_STEP][PASSED] - click: Object: 'Object Repository/Final Object Repo/Login Page/Internal User/Login Button' is clicked on

2018-12-20 17:04:57 - [MESSAGE][PASSED] - Object: 'Object Repository/Final Object Repo/Login Page/Internal User/Login Button' is clicked on

2018-12-20 17:04:57 - [TEST_STEP][PASSED] - delay: Delayed 2 second(s)

2018-12-20 17:04:59 - [MESSAGE][PASSED] - Delayed 2 second(s)

2018-12-20 17:04:59 - [TEST_STEP][PASSED] - Statement - Try: Delayed 2 second(s)

2018-12-20 17:04:59 - [TEST_STEP][PASSED] - Statement - Checker = false: null

2018-12-20 17:04:59 - [TEST_STEP][PASSED] - Statement - Checker = com.kms.katalon.core.webui.keyword.WebUiBuiltInKeywords.verifyElementHasAttribute(com.kms.katalon.core.testobject.ObjectRepository.findTestObject(Final Object Repo/Landing Page/BM Detecting), "href", 20, OPTIONAL): Object 'Object Repository/Final Object Repo/Landing Page/BM Detecting' has attribute 'href'

2018-12-20 17:04:59 - [MESSAGE][PASSED] - Object 'Object Repository/Final Object Repo/Landing Page/BM Detecting' has attribute 'href'

2018-12-20 17:04:59 - [TEST_STEP][PASSED] - Statement - out.println(Checker): null

2018-12-20 17:04:59 - [TEST_STEP][PASSED] - Statement - If (Checker == false): null

2018-12-20 17:04:59 - [TEST_STEP][PASSED] - Statement - Else: null

2018-12-20 17:04:59 - [TEST_STEP][PASSED] - delay: Delayed 2 second(s)

2018-12-20 17:05:01 - [MESSAGE][PASSED] - Delayed 2 second(s)

2018-12-20 17:05:01 - [TEST_STEP][PASSED] - click: Object: 'Object Repository/Final Object Repo/Page_MyASSIST - ASSIST - Search Pending Case For Add Supporting Document/Search Information' is clicked on

2018-12-20 17:05:01 - [MESSAGE][PASSED] - Object: 'Object Repository/Final Object Repo/Page_MyASSIST - ASSIST - Search Pending Case For Add Supporting Document/Search Information' is clicked on

2018-12-20 17:05:01 - [TEST_STEP][PASSED] - delay: Delayed 3 second(s)

2018-12-20 17:05:04 - [MESSAGE][PASSED] - Delayed 3 second(s)

2018-12-20 17:05:04 - [TEST_STEP][PASSED] - sendKeys: Keys 'ERN122018C200002564' sent to object: 'Object Repository/Final Object Repo/Page_MyASSIST - ASSIST - Search Pending Case For Add Supporting Document/Reference No'

2018-12-20 17:05:04 - [MESSAGE][PASSED] - Keys 'ERN122018C200002564' sent to object: 'Object Repository/Final Object Repo/Page_MyASSIST - ASSIST - Search Pending Case For Add Supporting Document/Reference No'

2018-12-20 17:05:04 - [TEST_STEP][PASSED] - click: Object: 'Object Repository/Final Object Repo/Page_MyASSIST - ASSIST - Search Pending Case For Add Supporting Document/Search Reference No' is clicked on

2018-12-20 17:05:04 - [MESSAGE][PASSED] - Object: 'Object Repository/Final Object Repo/Page_MyASSIST - ASSIST - Search Pending Case For Add Supporting Document/Search Reference No' is clicked on

2018-12-20 17:05:04 - [TEST_STEP][PASSED] - delay: Delayed 2 second(s)

2018-12-20 17:05:06 - [MESSAGE][PASSED] - Delayed 2 second(s)

2018-12-20 17:05:06 - [TEST_STEP][PASSED] - click: Object: 'Object Repository/Final Object Repo/Page_MyASSIST - ASSIST - Search Pending Case For Add Supporting Document/Continue' is clicked on

2018-12-20 17:05:10 - [MESSAGE][PASSED] - Object: 'Object Repository/Final Object Repo/Page_MyASSIST - ASSIST - Search Pending Case For Add Supporting Document/Continue' is clicked on

2018-12-20 17:05:10 - [TEST_STEP][PASSED] - delay: Delayed 20 second(s)

2018-12-20 17:05:30 - [MESSAGE][PASSED] - Delayed 20 second(s)

2018-12-20 17:05:30 - [MESSAGE][PASSED] - Call Test Case 'Test Cases/Final Aug 2018 - PKS Automation/Registration Module/Workflow/Login and Search Case For Workflow' successfully

2018-12-20 17:05:30 - [TEST_STEP][PASSED] - click: Object: 'Object Repository/Final Object Repo/Page_Form 3 EIS - Cessation as Employer/Page_Form 3 EIS - Cessation as Employer (Approve)/Save  Continue in Form 3 Page' is clicked on

2018-12-20 17:05:30 - [MESSAGE][PASSED] - Object: 'Object Repository/Final Object Repo/Page_Form 3 EIS - Cessation as Employer/Page_Form 3 EIS - Cessation as Employer (Approve)/Save  Continue in Form 3 Page' is clicked on

2018-12-20 17:05:30 - [TEST_STEP][PASSED] - delay: Delayed 2 second(s)

2018-12-20 17:05:32 - [MESSAGE][PASSED] - Delayed 2 second(s)

2018-12-20 17:05:32 - [TEST_STEP][PASSED] - click: Object: 'Object Repository/Final Object Repo/Page_Form 3 EIS - Cessation as Employer/Page_Form 3 EIS - Cessation as Employer (Approve)/Save  Continue in Resigned Page' is clicked on

2018-12-20 17:05:32 - [MESSAGE][PASSED] - Object: 'Object Repository/Final Object Repo/Page_Form 3 EIS - Cessation as Employer/Page_Form 3 EIS - Cessation as Employer (Approve)/Save  Continue in Resigned Page' is clicked on

2018-12-20 17:05:32 - [TEST_STEP][PASSED] - delay: Delayed 2 second(s)

2018-12-20 17:05:34 - [MESSAGE][PASSED] - Delayed 2 second(s)

2018-12-20 17:05:34 - [TEST_STEP][PASSED] - click: Object: 'Object Repository/Final Object Repo/Page_Form 3 EIS - Cessation as Employer/Page_Form 3 EIS - Cessation as Employer (Approve)/Save  Continue in Uploading Page' is clicked on

2018-12-20 17:05:35 - [MESSAGE][PASSED] - Object: 'Object Repository/Final Object Repo/Page_Form 3 EIS - Cessation as Employer/Page_Form 3 EIS - Cessation as Employer (Approve)/Save  Continue in Uploading Page' is clicked on

2018-12-20 17:05:35 - [TEST_STEP][PASSED] - delay: Delayed 2 second(s)

2018-12-20 17:05:37 - [MESSAGE][PASSED] - Delayed 2 second(s)

2018-12-20 17:05:37 - [TEST_STEP][PASSED] - click: Object: 'Object Repository/Final Object Repo/Page_Form 3 EIS - Cessation as Employer/Page_Form 3 EIS - Cessation as Employer (Reject)/Reject' is clicked on

2018-12-20 17:05:40 - [MESSAGE][PASSED] - Object: 'Object Repository/Final Object Repo/Page_Form 3 EIS - Cessation as Employer/Page_Form 3 EIS - Cessation as Employer (Reject)/Reject' is clicked on

2018-12-20 17:05:40 - [TEST_STEP][PASSED] - delay: Delayed 2 second(s)

2018-12-20 17:05:42 - [MESSAGE][PASSED] - Delayed 2 second(s)

2018-12-20 17:05:42 - [TEST_STEP][PASSED] - click: Object: 'Object Repository/Final Object Repo/Page_Form 3 EIS - Cessation as Employer/Page_Form 3 EIS - Cessation as Employer (Reject)/Confirm' is clicked on

2018-12-20 17:05:42 - [MESSAGE][PASSED] - Object: 'Object Repository/Final Object Repo/Page_Form 3 EIS - Cessation as Employer/Page_Form 3 EIS - Cessation as Employer (Reject)/Confirm' is clicked on

2018-12-20 17:05:42 - [TEST_STEP][PASSED] - delay: Delayed 2 second(s)

2018-12-20 17:05:44 - [MESSAGE][PASSED] - Delayed 2 second(s)

2018-12-20 17:05:44 - [TEST_STEP][PASSED] - click: Object: 'Object Repository/Final Object Repo/Page_Form 3 EIS - Cessation as Employer/Page_Form 3 EIS - Cessation as Employer (Reject)/Message This Case has been Rejected' is clicked on

2018-12-20 17:05:48 - [MESSAGE][PASSED] - Object: 'Object Repository/Final Object Repo/Page_Form 3 EIS - Cessation as Employer/Page_Form 3 EIS - Cessation as Employer (Reject)/Message This Case has been Rejected' is clicked on

2018-12-20 17:05:48 - [TEST_STEP][PASSED] - click: Object: 'Object Repository/Final Object Repo/Page_Form 3 EIS - Cessation as Employer/Page_Form 3 EIS - Cessation as Employer (Reject)/Letter of update rejection' is clicked on

2018-12-20 17:05:49 - [MESSAGE][PASSED] - Object: 'Object Repository/Final Object Repo/Page_Form 3 EIS - Cessation as Employer/Page_Form 3 EIS - Cessation as Employer (Reject)/Letter of update rejection' is clicked on

2018-12-20 17:05:49 - [MESSAGE][PASSED] - Call Test Case 'Test Cases/Final Aug 2018 - PKS Automation/Registration Module/Workflow/Form 3 EIS - Cessation As Employer/Template/Form 3 A - Cessation As Employer (Reject)' successfully]]></system-out>
         <system-err><![CDATA[]]></system-err>
      </testcase>
      <testcase name="Test Cases/Final Aug 2018 - PKS Automation/Registration Module/Workflow/Form 3 EIS - Cessation As Employer/PKRBO to UO (Under enforcement)" classname="Test Cases/Final Aug 2018 - PKS Automation/Registration Module/Workflow/Form 3 EIS - Cessation As Employer/PKRBO to UO (Under enforcement)" status="PASSED">
         <system-out><![CDATA[2018-12-20 17:05:49 - [TEST_CASE][PASSED] - Test Cases/Final Aug 2018 - PKS Automation/Registration Module/Workflow/Form 3 EIS - Cessation As Employer/PKRBO to UO (Under enforcement): Test Cases/Final Aug 2018 - PKS Automation/Registration Module/Workflow/Form 3 EIS - Cessation As Employer/PKRBO to UO (Under enforcement)

2018-12-20 17:05:49 - [TEST_STEP][PASSED] - callTestCase: Call Test Case 'Test Cases/Final Aug 2018 - PKS Automation/Registration Module/Workflow/Form 3 EIS - Cessation As Employer/Template/Form 3 A - Cessation As Employer (PKRBO)' successfully

2018-12-20 17:05:49 - [TEST_CASE][PASSED] - Test Cases/Final Aug 2018 - PKS Automation/Registration Module/Workflow/Form 3 EIS - Cessation As Employer/Template/Form 3 A - Cessation As Employer (PKRBO): Test Cases/Final Aug 2018 - PKS Automation/Registration Module/Workflow/Form 3 EIS - Cessation As Employer/Template/Form 3 A - Cessation As Employer (PKRBO)

2018-12-20 17:05:49 - [TEST_STEP][PASSED] - openBrowser: Browser is opened with url: ''

2018-12-20 17:05:49 - [MESSAGE][WARNING] - A browser is already opened. Closing browser and opening a new one

2018-12-20 17:05:52 - [MESSAGE][PASSED] - Browser is opened with url: ''

2018-12-20 17:05:52 - [TEST_STEP][PASSED] - navigateToUrl: Navigate to 'https://assist2-uat.perkeso.gov.my/login' successfully

2018-12-20 17:05:53 - [MESSAGE][PASSED] - Navigate to 'https://assist2-uat.perkeso.gov.my/login' successfully

2018-12-20 17:05:53 - [TEST_STEP][PASSED] - setText: Text 'johorpkrbo1@gmail.com' is set on object 'Object Repository/Final Object Repo/Login Page/Internal User/Email Address'

2018-12-20 17:05:53 - [MESSAGE][PASSED] - Text 'johorpkrbo1@gmail.com' is set on object 'Object Repository/Final Object Repo/Login Page/Internal User/Email Address'

2018-12-20 17:05:53 - [TEST_STEP][PASSED] - click: Object: 'Object Repository/Final Object Repo/Login Page/Internal User/Next Button' is clicked on

2018-12-20 17:05:53 - [MESSAGE][PASSED] - Object: 'Object Repository/Final Object Repo/Login Page/Internal User/Next Button' is clicked on

2018-12-20 17:05:53 - [TEST_STEP][PASSED] - delay: Delayed 1 second(s)

2018-12-20 17:05:54 - [MESSAGE][PASSED] - Delayed 1 second(s)

2018-12-20 17:05:54 - [TEST_STEP][PASSED] - setEncryptedText: Text ****** has been set on object 'Object Repository/Final Object Repo/Login Page/Internal User/Password'

2018-12-20 17:05:55 - [MESSAGE][PASSED] - Text ****** has been set on object 'Object Repository/Final Object Repo/Login Page/Internal User/Password'

2018-12-20 17:05:55 - [TEST_STEP][PASSED] - click: Object: 'Object Repository/Final Object Repo/Login Page/Internal User/Login Button' is clicked on

2018-12-20 17:05:55 - [MESSAGE][PASSED] - Object: 'Object Repository/Final Object Repo/Login Page/Internal User/Login Button' is clicked on

2018-12-20 17:05:55 - [TEST_STEP][PASSED] - delay: Delayed 1 second(s)

2018-12-20 17:05:56 - [MESSAGE][PASSED] - Delayed 1 second(s)

2018-12-20 17:05:56 - [TEST_STEP][PASSED] - Statement - Try: Delayed 2 second(s)

2018-12-20 17:05:56 - [TEST_STEP][PASSED] - Statement - Checker = false: null

2018-12-20 17:05:56 - [TEST_STEP][PASSED] - Statement - Checker = com.kms.katalon.core.webui.keyword.WebUiBuiltInKeywords.verifyElementHasAttribute(com.kms.katalon.core.testobject.ObjectRepository.findTestObject(Final Object Repo/Landing Page/BM Detecting), "href", 20, OPTIONAL): Object 'Object Repository/Final Object Repo/Landing Page/BM Detecting' has attribute 'href'

2018-12-20 17:05:57 - [MESSAGE][PASSED] - Object 'Object Repository/Final Object Repo/Landing Page/BM Detecting' has attribute 'href'

2018-12-20 17:05:57 - [TEST_STEP][PASSED] - Statement - out.println(Checker): null

2018-12-20 17:05:57 - [TEST_STEP][PASSED] - Statement - If (Checker == false): null

2018-12-20 17:05:57 - [TEST_STEP][PASSED] - Statement - Else: null

2018-12-20 17:05:57 - [TEST_STEP][PASSED] - delay: Delayed 2 second(s)

2018-12-20 17:05:59 - [MESSAGE][PASSED] - Delayed 2 second(s)

2018-12-20 17:05:59 - [TEST_STEP][PASSED] - navigateToUrl: Navigate to 'https://assist2-uat.perkeso.gov.my/web/registration/eis-update/form-3-eis-cessation-as-employer' successfully

2018-12-20 17:06:00 - [MESSAGE][PASSED] - Navigate to 'https://assist2-uat.perkeso.gov.my/web/registration/eis-update/form-3-eis-cessation-as-employer' successfully

2018-12-20 17:06:00 - [TEST_STEP][PASSED] - delay: Delayed 1 second(s)

2018-12-20 17:06:01 - [MESSAGE][PASSED] - Delayed 1 second(s)

2018-12-20 17:06:01 - [TEST_STEP][PASSED] - setText: Text 'E1102069769W' is set on object 'Object Repository/Final Object Repo/Page_Form 3 EIS - Cessation as Employer/Employer Code'

2018-12-20 17:06:01 - [MESSAGE][PASSED] - Text 'E1102069769W' is set on object 'Object Repository/Final Object Repo/Page_Form 3 EIS - Cessation as Employer/Employer Code'

2018-12-20 17:06:01 - [TEST_STEP][PASSED] - click: Object: 'Object Repository/Final Object Repo/Page_Form 3 EIS - Cessation as Employer/Search' is clicked on

2018-12-20 17:06:01 - [MESSAGE][PASSED] - Object: 'Object Repository/Final Object Repo/Page_Form 3 EIS - Cessation as Employer/Search' is clicked on

2018-12-20 17:06:01 - [TEST_STEP][PASSED] - click: Object: 'Object Repository/Final Object Repo/Page_Form 3 EIS - Cessation as Employer/Edit' is clicked on

2018-12-20 17:06:03 - [MESSAGE][PASSED] - Object: 'Object Repository/Final Object Repo/Page_Form 3 EIS - Cessation as Employer/Edit' is clicked on

2018-12-20 17:06:03 - [TEST_STEP][PASSED] - delay: Delayed 1 second(s)

2018-12-20 17:06:04 - [MESSAGE][PASSED] - Delayed 1 second(s)

2018-12-20 17:06:04 - [TEST_STEP][PASSED] - Statement - abc = com.kms.katalon.core.webui.keyword.WebUiBuiltInKeywords.getAttribute(com.kms.katalon.core.testobject.ObjectRepository.findTestObject(Final Object Repo/Page_Form 3 EIS - Cessation as Employer/Employer Status), "value"): Attribute 'value' of object 'Object Repository/Final Object Repo/Page_Form 3 EIS - Cessation as Employer/Employer Status' is: 'Active'

2018-12-20 17:06:04 - [MESSAGE][PASSED] - Attribute 'value' of object 'Object Repository/Final Object Repo/Page_Form 3 EIS - Cessation as Employer/Employer Status' is: 'Active'

2018-12-20 17:06:04 - [TEST_STEP][PASSED] - Statement - out.println(abc): null

2018-12-20 17:06:04 - [TEST_STEP][PASSED] - Statement - If (abc == "Active"): Object: 'Object Repository/Final Object Repo/Page_Form 3 EIS - Cessation as Employer/Dormant EIS' is clicked on

2018-12-20 17:06:04 - [TEST_STEP][PASSED] - click: Object: 'Object Repository/Final Object Repo/Page_Form 3 EIS - Cessation as Employer/Change Employer Status to' is clicked on

2018-12-20 17:06:05 - [MESSAGE][PASSED] - Object: 'Object Repository/Final Object Repo/Page_Form 3 EIS - Cessation as Employer/Change Employer Status to' is clicked on

2018-12-20 17:06:05 - [TEST_STEP][PASSED] - click: Object: 'Object Repository/Final Object Repo/Page_Form 3 EIS - Cessation as Employer/Dormant EIS' is clicked on

2018-12-20 17:06:05 - [MESSAGE][PASSED] - Object: 'Object Repository/Final Object Repo/Page_Form 3 EIS - Cessation as Employer/Dormant EIS' is clicked on

2018-12-20 17:06:05 - [TEST_STEP][PASSED] - click: Object: 'Object Repository/Final Object Repo/Page_Form 3 EIS - Cessation as Employer/Calender' is clicked on

2018-12-20 17:06:05 - [MESSAGE][PASSED] - Object: 'Object Repository/Final Object Repo/Page_Form 3 EIS - Cessation as Employer/Calender' is clicked on

2018-12-20 17:06:05 - [TEST_STEP][PASSED] - delay: Delayed 1 second(s)

2018-12-20 17:06:06 - [MESSAGE][PASSED] - Delayed 1 second(s)

2018-12-20 17:06:06 - [TEST_STEP][PASSED] - click: Object: 'Object Repository/Final Object Repo/Page_Form 3 EIS - Cessation as Employer/Calender - Date' is clicked on

2018-12-20 17:06:06 - [MESSAGE][PASSED] - Object: 'Object Repository/Final Object Repo/Page_Form 3 EIS - Cessation as Employer/Calender - Date' is clicked on

2018-12-20 17:06:06 - [TEST_STEP][PASSED] - click: Object: 'Object Repository/Final Object Repo/Page_Form 3 EIS - Cessation as Employer/Save  Continue in Form 3 EIS Page' is clicked on

2018-12-20 17:06:06 - [MESSAGE][PASSED] - Object: 'Object Repository/Final Object Repo/Page_Form 3 EIS - Cessation as Employer/Save  Continue in Form 3 EIS Page' is clicked on

2018-12-20 17:06:06 - [TEST_STEP][PASSED] - delay: Delayed 1 second(s)

2018-12-20 17:06:07 - [MESSAGE][PASSED] - Delayed 1 second(s)

2018-12-20 17:06:07 - [TEST_STEP][PASSED] - click: Object: 'Object Repository/Final Object Repo/Page_Form 3 EIS - Cessation as Employer/Employment Resign Date' is clicked on

2018-12-20 17:06:08 - [MESSAGE][PASSED] - Object: 'Object Repository/Final Object Repo/Page_Form 3 EIS - Cessation as Employer/Employment Resign Date' is clicked on

2018-12-20 17:06:08 - [TEST_STEP][PASSED] - selectOptionByValue: All options with value '2030' are selected in object 'Object Repository/Final Object Repo/Page_Form 3 EIS - Cessation as Employer/Employment Resign Date - Year' 

2018-12-20 17:06:08 - [MESSAGE][PASSED] - All options with value '2030' are selected in object 'Object Repository/Final Object Repo/Page_Form 3 EIS - Cessation as Employer/Employment Resign Date - Year' 

2018-12-20 17:06:08 - [TEST_STEP][PASSED] - delay: Delayed 2 second(s)

2018-12-20 17:06:10 - [MESSAGE][PASSED] - Delayed 2 second(s)

2018-12-20 17:06:10 - [TEST_STEP][PASSED] - click: Object: 'Object Repository/Final Object Repo/Page_Form 3 EIS - Cessation as Employer/Employment Resign Date - Year - Date' is clicked on

2018-12-20 17:06:10 - [MESSAGE][PASSED] - Object: 'Object Repository/Final Object Repo/Page_Form 3 EIS - Cessation as Employer/Employment Resign Date - Year - Date' is clicked on

2018-12-20 17:06:10 - [TEST_STEP][PASSED] - delay: Delayed 2 second(s)

2018-12-20 17:06:12 - [MESSAGE][PASSED] - Delayed 2 second(s)

2018-12-20 17:06:12 - [TEST_STEP][PASSED] - click: Object: 'Object Repository/Final Object Repo/Page_Form 3 EIS - Cessation as Employer/Save  Continue in Employment Resign Page' is clicked on

2018-12-20 17:06:12 - [MESSAGE][PASSED] - Object: 'Object Repository/Final Object Repo/Page_Form 3 EIS - Cessation as Employer/Save  Continue in Employment Resign Page' is clicked on

2018-12-20 17:06:12 - [TEST_STEP][PASSED] - delay: Delayed 2 second(s)

2018-12-20 17:06:14 - [MESSAGE][PASSED] - Delayed 2 second(s)

2018-12-20 17:06:14 - [TEST_STEP][PASSED] - click: Object: 'Object Repository/Final Object Repo/Page_Form 3 EIS - Cessation as Employer/Set Latest - Yes' is clicked on

2018-12-20 17:06:15 - [MESSAGE][PASSED] - Object: 'Object Repository/Final Object Repo/Page_Form 3 EIS - Cessation as Employer/Set Latest - Yes' is clicked on

2018-12-20 17:06:15 - [TEST_STEP][PASSED] - delay: Delayed 2 second(s)

2018-12-20 17:06:17 - [MESSAGE][PASSED] - Delayed 2 second(s)

2018-12-20 17:06:17 - [TEST_STEP][PASSED] - click: Object: 'Object Repository/Final Object Repo/Page_Form 3 EIS - Cessation as Employer/Add Document' is clicked on

2018-12-20 17:06:18 - [MESSAGE][PASSED] - Object: 'Object Repository/Final Object Repo/Page_Form 3 EIS - Cessation as Employer/Add Document' is clicked on

2018-12-20 17:06:18 - [TEST_STEP][PASSED] - delay: Delayed 3 second(s)

2018-12-20 17:06:21 - [MESSAGE][PASSED] - Delayed 3 second(s)

2018-12-20 17:06:21 - [TEST_STEP][PASSED] - click: Object: 'Object Repository/Final Object Repo/Page_Form 3 EIS - Cessation as Employer/Document Type' is clicked on

2018-12-20 17:06:21 - [MESSAGE][PASSED] - Object: 'Object Repository/Final Object Repo/Page_Form 3 EIS - Cessation as Employer/Document Type' is clicked on

2018-12-20 17:06:21 - [TEST_STEP][PASSED] - click: Object: 'Object Repository/Final Object Repo/Page_Form 3 EIS - Cessation as Employer/Document Type - Form 3' is clicked on

2018-12-20 17:06:21 - [MESSAGE][PASSED] - Object: 'Object Repository/Final Object Repo/Page_Form 3 EIS - Cessation as Employer/Document Type - Form 3' is clicked on

2018-12-20 17:06:21 - [TEST_STEP][PASSED] - delay: Delayed 2 second(s)

2018-12-20 17:06:23 - [MESSAGE][PASSED] - Delayed 2 second(s)

2018-12-20 17:06:23 - [TEST_STEP][PASSED] - sendKeys: Keys 'C:\Users\Public\Pictures\Sample Pictures\Koala.jpg' sent to object: 'Object Repository/Final Object Repo/Page_Form 3 EIS - Cessation as Employer/ploading File'

2018-12-20 17:06:23 - [MESSAGE][PASSED] - Keys 'C:\Users\Public\Pictures\Sample Pictures\Koala.jpg' sent to object: 'Object Repository/Final Object Repo/Page_Form 3 EIS - Cessation as Employer/ploading File'

2018-12-20 17:06:23 - [TEST_STEP][PASSED] - delay: Delayed 1 second(s)

2018-12-20 17:06:24 - [MESSAGE][PASSED] - Delayed 1 second(s)

2018-12-20 17:06:24 - [TEST_STEP][PASSED] - click: Object: 'Object Repository/Final Object Repo/Page_Form 3 EIS - Cessation as Employer/Add Document in Uploading Page' is clicked on

2018-12-20 17:06:24 - [MESSAGE][PASSED] - Object: 'Object Repository/Final Object Repo/Page_Form 3 EIS - Cessation as Employer/Add Document in Uploading Page' is clicked on

2018-12-20 17:06:24 - [TEST_STEP][PASSED] - delay: Delayed 2 second(s)

2018-12-20 17:06:26 - [MESSAGE][PASSED] - Delayed 2 second(s)

2018-12-20 17:06:26 - [TEST_STEP][PASSED] - Statement - CaseReferenceNo = com.kms.katalon.core.webui.keyword.WebUiBuiltInKeywords.getText(com.kms.katalon.core.testobject.ObjectRepository.findTestObject(Final Object Repo/Page_Update Employer Information/Reference Number in Update Employee Information Page)): Text of object 'Object Repository/Final Object Repo/Page_Update Employer Information/Reference Number in Update Employee Information Page' is: 'ERN122018C200002565'

2018-12-20 17:06:28 - [MESSAGE][PASSED] - Text of object 'Object Repository/Final Object Repo/Page_Update Employer Information/Reference Number in Update Employee Information Page' is: 'ERN122018C200002565'

2018-12-20 17:06:28 - [TEST_STEP][PASSED] - callTestCase: Call Test Case 'Test Cases/Final Aug 2018 - PKS Automation/Common/Reference Number Setter' successfully

2018-12-20 17:06:28 - [TEST_CASE][PASSED] - Test Cases/Final Aug 2018 - PKS Automation/Common/Reference Number Setter: Test Cases/Final Aug 2018 - PKS Automation/Common/Reference Number Setter

2018-12-20 17:06:28 - [TEST_STEP][PASSED] - Statement - RefNoOldFile = new java.io.File(C://Users//Admin//Desktop//PKS//Automation Reference Point//KatalonReference.txt): null

2018-12-20 17:06:28 - [TEST_STEP][PASSED] - Statement - RefNoOldFile.delete(): null

2018-12-20 17:06:28 - [TEST_STEP][PASSED] - delay: Delayed 5 second(s)

2018-12-20 17:06:33 - [MESSAGE][PASSED] - Delayed 5 second(s)

2018-12-20 17:06:33 - [TEST_STEP][PASSED] - Statement - RefNo = new java.io.File(C://Users//Admin//Desktop//PKS//Automation Reference Point//KatalonReference.txt): null

2018-12-20 17:06:33 - [TEST_STEP][PASSED] - Statement - f2 = new java.io.FileWriter(RefNo, false): null

2018-12-20 17:06:33 - [TEST_STEP][PASSED] - Statement - f2.write(CaseReferenceNo): null

2018-12-20 17:06:33 - [TEST_STEP][PASSED] - Statement - f2.close(): null

2018-12-20 17:06:33 - [TEST_STEP][PASSED] - Statement - out.println("


" + CaseReferenceNo + "


"): null

2018-12-20 17:06:33 - [MESSAGE][PASSED] - Call Test Case 'Test Cases/Final Aug 2018 - PKS Automation/Common/Reference Number Setter' successfully

2018-12-20 17:06:33 - [TEST_STEP][PASSED] - delay: Delayed 2 second(s)

2018-12-20 17:06:35 - [MESSAGE][PASSED] - Delayed 2 second(s)

2018-12-20 17:06:35 - [TEST_STEP][PASSED] - click: Object: 'Object Repository/Final Object Repo/Page_Form 3 EIS - Cessation as Employer/Save  Continue in Uploading Page' is clicked on

2018-12-20 17:06:35 - [MESSAGE][PASSED] - Object: 'Object Repository/Final Object Repo/Page_Form 3 EIS - Cessation as Employer/Save  Continue in Uploading Page' is clicked on

2018-12-20 17:06:35 - [TEST_STEP][PASSED] - delay: Delayed 2 second(s)

2018-12-20 17:06:37 - [MESSAGE][PASSED] - Delayed 2 second(s)

2018-12-20 17:06:37 - [TEST_STEP][PASSED] - click: Object: 'Object Repository/Final Object Repo/Page_Form 3 EIS - Cessation as Employer/Submit' is clicked on

2018-12-20 17:06:40 - [MESSAGE][PASSED] - Object: 'Object Repository/Final Object Repo/Page_Form 3 EIS - Cessation as Employer/Submit' is clicked on

2018-12-20 17:06:40 - [TEST_STEP][PASSED] - delay: Delayed 2 second(s)

2018-12-20 17:06:42 - [MESSAGE][PASSED] - Delayed 2 second(s)

2018-12-20 17:06:42 - [TEST_STEP][PASSED] - click: Object: 'Object Repository/Final Object Repo/Page_Form 3 EIS - Cessation as Employer/Confirm' is clicked on

2018-12-20 17:06:43 - [MESSAGE][PASSED] - Object: 'Object Repository/Final Object Repo/Page_Form 3 EIS - Cessation as Employer/Confirm' is clicked on

2018-12-20 17:06:43 - [TEST_STEP][PASSED] - delay: Delayed 2 second(s)

2018-12-20 17:06:45 - [MESSAGE][PASSED] - Delayed 2 second(s)

2018-12-20 17:06:45 - [TEST_STEP][PASSED] - click: Object: 'Object Repository/Final Object Repo/Page_Form 3 EIS - Cessation as Employer/Message Your Request will be routed to UO' is clicked on

2018-12-20 17:06:48 - [MESSAGE][PASSED] - Object: 'Object Repository/Final Object Repo/Page_Form 3 EIS - Cessation as Employer/Message Your Request will be routed to UO' is clicked on

2018-12-20 17:06:48 - [TEST_STEP][PASSED] - click: Object: 'Object Repository/Final Object Repo/Page_Form 3 EIS - Cessation as Employer/Letter of acknowledgement' is clicked on

2018-12-20 17:06:48 - [MESSAGE][PASSED] - Object: 'Object Repository/Final Object Repo/Page_Form 3 EIS - Cessation as Employer/Letter of acknowledgement' is clicked on

2018-12-20 17:06:48 - [MESSAGE][PASSED] - Call Test Case 'Test Cases/Final Aug 2018 - PKS Automation/Registration Module/Workflow/Form 3 EIS - Cessation As Employer/Template/Form 3 A - Cessation As Employer (PKRBO)' successfully

2018-12-20 17:06:48 - [TEST_STEP][PASSED] - callTestCase: Call Test Case 'Test Cases/Final Aug 2018 - PKS Automation/Registration Module/Workflow/Form 3 EIS - Cessation As Employer/Template/Form 3 A - Cessation As Employer (Under enforcement)' successfully

2018-12-20 17:06:48 - [TEST_CASE][PASSED] - Test Cases/Final Aug 2018 - PKS Automation/Registration Module/Workflow/Form 3 EIS - Cessation As Employer/Template/Form 3 A - Cessation As Employer (Under enforcement): Test Cases/Final Aug 2018 - PKS Automation/Registration Module/Workflow/Form 3 EIS - Cessation As Employer/Template/Form 3 A - Cessation As Employer (Under enforcement)

2018-12-20 17:06:48 - [TEST_STEP][NOT_RUN] - callTestCase: NOT_RUN: callTestCase

2018-12-20 17:06:48 - [MESSAGE][NOT_RUN] - NOT_RUN: callTestCase

2018-12-20 17:06:48 - [TEST_STEP][PASSED] - delay: Delayed 1 second(s)

2018-12-20 17:06:49 - [MESSAGE][PASSED] - Delayed 1 second(s)

2018-12-20 17:06:49 - [TEST_STEP][PASSED] - navigateToUrl: Navigate to 'https://assist2-uat.perkeso.gov.my/c/portal/logout' successfully

2018-12-20 17:06:50 - [MESSAGE][PASSED] - Navigate to 'https://assist2-uat.perkeso.gov.my/c/portal/logout' successfully

2018-12-20 17:06:50 - [TEST_STEP][PASSED] - delay: Delayed 1 second(s)

2018-12-20 17:06:51 - [MESSAGE][PASSED] - Delayed 1 second(s)

2018-12-20 17:06:51 - [TEST_STEP][PASSED] - callTestCase: Call Test Case 'Test Cases/Final Aug 2018 - PKS Automation/Common/Reference Number Getter' successfully

2018-12-20 17:06:51 - [TEST_CASE][PASSED] - Test Cases/Final Aug 2018 - PKS Automation/Common/Reference Number Getter: Test Cases/Final Aug 2018 - PKS Automation/Common/Reference Number Getter

2018-12-20 17:06:51 - [TEST_STEP][PASSED] - Statement - Try: null

2018-12-20 17:06:51 - [TEST_STEP][PASSED] - Statement - RefNo = new java.io.File(C://Users//Admin//Desktop//PKS//Automation Reference Point//KatalonReference.txt): null

2018-12-20 17:06:51 - [TEST_STEP][PASSED] - Statement - bufferread = new java.io.BufferedReader(new java.io.FileReader(RefNo)): null

2018-12-20 17:06:51 - [TEST_STEP][PASSED] - Statement - readedVal = bufferread.readLine(): null

2018-12-20 17:06:51 - [TEST_STEP][PASSED] - Statement - out.println(CaseReferenceNo): null

2018-12-20 17:06:51 - [TEST_STEP][PASSED] - Statement - out.println(readedVal): null

2018-12-20 17:06:51 - [TEST_STEP][PASSED] - Statement - CaseReferenceNo = "": null

2018-12-20 17:06:51 - [TEST_STEP][PASSED] - Statement - CaseReferenceNo = readedVal: null

2018-12-20 17:06:51 - [MESSAGE][PASSED] - Call Test Case 'Test Cases/Final Aug 2018 - PKS Automation/Common/Reference Number Getter' successfully

2018-12-20 17:06:51 - [TEST_STEP][PASSED] - callTestCase: Call Test Case 'Test Cases/Final Aug 2018 - PKS Automation/Common/Workflow Owner Finder' successfully

2018-12-20 17:06:51 - [TEST_CASE][PASSED] - Test Cases/Final Aug 2018 - PKS Automation/Common/Workflow Owner Finder: Test Cases/Final Aug 2018 - PKS Automation/Common/Workflow Owner Finder

2018-12-20 17:06:51 - [TEST_STEP][PASSED] - openBrowser: Browser is opened with url: ''

2018-12-20 17:06:51 - [MESSAGE][WARNING] - A browser is already opened. Closing browser and opening a new one

2018-12-20 17:06:54 - [MESSAGE][PASSED] - Browser is opened with url: ''

2018-12-20 17:06:54 - [TEST_STEP][PASSED] - navigateToUrl: Navigate to 'https://assist2-uat.perkeso.gov.my/login' successfully

2018-12-20 17:06:55 - [MESSAGE][PASSED] - Navigate to 'https://assist2-uat.perkeso.gov.my/login' successfully

2018-12-20 17:06:55 - [TEST_STEP][PASSED] - delay: Delayed 5 second(s)

2018-12-20 17:07:00 - [MESSAGE][PASSED] - Delayed 5 second(s)

2018-12-20 17:07:00 - [TEST_STEP][PASSED] - setText: Text 'test@liferay.com' is set on object 'Object Repository/Final Object Repo/Login Page/Internal User/Email Address'

2018-12-20 17:07:01 - [MESSAGE][PASSED] - Text 'test@liferay.com' is set on object 'Object Repository/Final Object Repo/Login Page/Internal User/Email Address'

2018-12-20 17:07:01 - [TEST_STEP][PASSED] - click: Object: 'Object Repository/Final Object Repo/Login Page/Internal User/Next Button' is clicked on

2018-12-20 17:07:01 - [MESSAGE][PASSED] - Object: 'Object Repository/Final Object Repo/Login Page/Internal User/Next Button' is clicked on

2018-12-20 17:07:01 - [TEST_STEP][PASSED] - delay: Delayed 2 second(s)

2018-12-20 17:07:03 - [MESSAGE][PASSED] - Delayed 2 second(s)

2018-12-20 17:07:03 - [TEST_STEP][PASSED] - setText: Text 'test' is set on object 'Object Repository/Final Object Repo/Login Page/Internal User/Password'

2018-12-20 17:07:03 - [MESSAGE][PASSED] - Text 'test' is set on object 'Object Repository/Final Object Repo/Login Page/Internal User/Password'

2018-12-20 17:07:03 - [TEST_STEP][PASSED] - delay: Delayed 2 second(s)

2018-12-20 17:07:05 - [MESSAGE][PASSED] - Delayed 2 second(s)

2018-12-20 17:07:05 - [TEST_STEP][PASSED] - click: Object: 'Object Repository/Final Object Repo/Login Page/Internal User/Login Button' is clicked on

2018-12-20 17:07:05 - [MESSAGE][PASSED] - Object: 'Object Repository/Final Object Repo/Login Page/Internal User/Login Button' is clicked on

2018-12-20 17:07:05 - [TEST_STEP][PASSED] - Statement - tester = com.kms.katalon.core.testobject.ObjectRepository.findTestObject(Final Object Repo/Landing Page/Select to English): Finding Test Object with id 'Object Repository/Final Object Repo/Landing Page/Select to English'

2018-12-20 17:07:05 - [TEST_STEP][PASSED] - Statement - Try: Delayed 2 second(s)

2018-12-20 17:07:05 - [TEST_STEP][PASSED] - Statement - Checker = com.kms.katalon.core.webui.keyword.WebUiBuiltInKeywords.verifyElementNotPresent(tester, 3): Web element with id: 'Object Repository/Final Object Repo/Landing Page/Select to English' located by 'By.xpath: //a[@class = 'taglib-language-list-text' and @lang = 'en-US' and (contains(text(), 'EN') or contains(., 'EN'))]' is not present after '3' second(s)

2018-12-20 17:07:07 - [MESSAGE][PASSED] - Web element with id: 'Object Repository/Final Object Repo/Landing Page/Select to English' located by 'By.xpath: //a[@class = 'taglib-language-list-text' and @lang = 'en-US' and (contains(text(), 'EN') or contains(., 'EN'))]' is not present after '3' second(s)

2018-12-20 17:07:07 - [TEST_STEP][PASSED] - Statement - If (Checker == false): null

2018-12-20 17:07:07 - [TEST_STEP][PASSED] - delay: Delayed 2 second(s)

2018-12-20 17:07:09 - [MESSAGE][PASSED] - Delayed 2 second(s)

2018-12-20 17:07:09 - [TEST_STEP][PASSED] - delay: Delayed 5 second(s)

2018-12-20 17:07:14 - [MESSAGE][PASSED] - Delayed 5 second(s)

2018-12-20 17:07:14 - [TEST_STEP][PASSED] - mouseOver: Object: 'Object Repository/Final Object Repo/Landing Page/WorkFlow Menu' is hovered

2018-12-20 17:07:14 - [MESSAGE][PASSED] - Object: 'Object Repository/Final Object Repo/Landing Page/WorkFlow Menu' is hovered

2018-12-20 17:07:14 - [TEST_STEP][PASSED] - delay: Delayed 2 second(s)

2018-12-20 17:07:16 - [MESSAGE][PASSED] - Delayed 2 second(s)

2018-12-20 17:07:16 - [TEST_STEP][PASSED] - click: Object: 'Object Repository/Final Object Repo/Landing Page/Select to Workflow Listing' is clicked on

2018-12-20 17:07:17 - [MESSAGE][PASSED] - Object: 'Object Repository/Final Object Repo/Landing Page/Select to Workflow Listing' is clicked on

2018-12-20 17:07:17 - [TEST_STEP][PASSED] - delay: Delayed 2 second(s)

2018-12-20 17:07:19 - [MESSAGE][PASSED] - Delayed 2 second(s)

2018-12-20 17:07:19 - [TEST_STEP][PASSED] - click: Object: 'Object Repository/Final Object Repo/WorkFlow Listing Page/Search Information - To Put Ref No' is clicked on

2018-12-20 17:07:20 - [MESSAGE][PASSED] - Object: 'Object Repository/Final Object Repo/WorkFlow Listing Page/Search Information - To Put Ref No' is clicked on

2018-12-20 17:07:20 - [TEST_STEP][PASSED] - delay: Delayed 2 second(s)

2018-12-20 17:07:22 - [MESSAGE][PASSED] - Delayed 2 second(s)

2018-12-20 17:07:22 - [TEST_STEP][PASSED] - callTestCase: Call Test Case 'Test Cases/Final Aug 2018 - PKS Automation/Common/Reference Number Getter' successfully

2018-12-20 17:07:22 - [TEST_CASE][PASSED] - Test Cases/Final Aug 2018 - PKS Automation/Common/Reference Number Getter: Test Cases/Final Aug 2018 - PKS Automation/Common/Reference Number Getter

2018-12-20 17:07:22 - [TEST_STEP][PASSED] - Statement - Try: null

2018-12-20 17:07:22 - [TEST_STEP][PASSED] - Statement - RefNo = new java.io.File(C://Users//Admin//Desktop//PKS//Automation Reference Point//KatalonReference.txt): null

2018-12-20 17:07:22 - [TEST_STEP][PASSED] - Statement - bufferread = new java.io.BufferedReader(new java.io.FileReader(RefNo)): null

2018-12-20 17:07:22 - [TEST_STEP][PASSED] - Statement - readedVal = bufferread.readLine(): null

2018-12-20 17:07:22 - [TEST_STEP][PASSED] - Statement - out.println(CaseReferenceNo): null

2018-12-20 17:07:22 - [TEST_STEP][PASSED] - Statement - out.println(readedVal): null

2018-12-20 17:07:22 - [TEST_STEP][PASSED] - Statement - CaseReferenceNo = "": null

2018-12-20 17:07:22 - [TEST_STEP][PASSED] - Statement - CaseReferenceNo = readedVal: null

2018-12-20 17:07:22 - [MESSAGE][PASSED] - Call Test Case 'Test Cases/Final Aug 2018 - PKS Automation/Common/Reference Number Getter' successfully

2018-12-20 17:07:22 - [TEST_STEP][PASSED] - setText: Text 'ERN122018C200002565' is set on object 'Object Repository/Final Object Repo/WorkFlow Listing Page/Ref No Set Text'

2018-12-20 17:07:22 - [MESSAGE][PASSED] - Text 'ERN122018C200002565' is set on object 'Object Repository/Final Object Repo/WorkFlow Listing Page/Ref No Set Text'

2018-12-20 17:07:22 - [TEST_STEP][PASSED] - delay: Delayed 2 second(s)

2018-12-20 17:07:24 - [MESSAGE][PASSED] - Delayed 2 second(s)

2018-12-20 17:07:24 - [TEST_STEP][PASSED] - click: Object: 'Object Repository/Final Object Repo/WorkFlow Listing Page/Search Ref No Search Button' is clicked on

2018-12-20 17:07:24 - [MESSAGE][PASSED] - Object: 'Object Repository/Final Object Repo/WorkFlow Listing Page/Search Ref No Search Button' is clicked on

2018-12-20 17:07:24 - [TEST_STEP][PASSED] - delay: Delayed 6 second(s)

2018-12-20 17:07:30 - [MESSAGE][PASSED] - Delayed 6 second(s)

2018-12-20 17:07:30 - [TEST_STEP][PASSED] - click: Object: 'Object Repository/Final Object Repo/WorkFlow Listing Page/Click Continue Tooltip' is clicked on

2018-12-20 17:07:31 - [MESSAGE][PASSED] - Object: 'Object Repository/Final Object Repo/WorkFlow Listing Page/Click Continue Tooltip' is clicked on

2018-12-20 17:07:31 - [TEST_STEP][PASSED] - delay: Delayed 5 second(s)

2018-12-20 17:07:36 - [MESSAGE][PASSED] - Delayed 5 second(s)

2018-12-20 17:07:36 - [TEST_STEP][PASSED] - doubleClick: Object: 'Object Repository/Final Object Repo/WorkFlow Listing Page/Workflow Found - Listing 1' is double clicked on

2018-12-20 17:07:36 - [MESSAGE][PASSED] - Object: 'Object Repository/Final Object Repo/WorkFlow Listing Page/Workflow Found - Listing 1' is double clicked on

2018-12-20 17:07:36 - [TEST_STEP][PASSED] - Statement - println(OwnerID): null

2018-12-20 17:07:36 - [TEST_STEP][PASSED] - Statement - OwnerID = com.kms.katalon.core.webui.keyword.WebUiBuiltInKeywords.getText(com.kms.katalon.core.testobject.ObjectRepository.findTestObject(Final Object Repo/WorkFlow Listing Page/Workflow Found - Listing 1), STOP_ON_FAILURE): Text of object 'Object Repository/Final Object Repo/WorkFlow Listing Page/Workflow Found - Listing 1' is: 'JOHORuo1'

2018-12-20 17:07:37 - [MESSAGE][PASSED] - Text of object 'Object Repository/Final Object Repo/WorkFlow Listing Page/Workflow Found - Listing 1' is: 'JOHORuo1'

2018-12-20 17:07:37 - [TEST_STEP][PASSED] - Statement - OwnerID = OwnerID.toLowerCase() + "@gmail.com": null

2018-12-20 17:07:37 - [TEST_STEP][PASSED] - Statement - println(OwnerID): null

2018-12-20 17:07:37 - [TEST_STEP][PASSED] - delay: Delayed 2 second(s)

2018-12-20 17:07:39 - [MESSAGE][PASSED] - Delayed 2 second(s)

2018-12-20 17:07:39 - [MESSAGE][PASSED] - Call Test Case 'Test Cases/Final Aug 2018 - PKS Automation/Common/Workflow Owner Finder' successfully

2018-12-20 17:07:39 - [TEST_STEP][PASSED] - delay: Delayed 1 second(s)

2018-12-20 17:07:40 - [MESSAGE][PASSED] - Delayed 1 second(s)

2018-12-20 17:07:40 - [TEST_STEP][PASSED] - navigateToUrl: Navigate to 'https://assist2-uat.perkeso.gov.my/c/portal/logout' successfully

2018-12-20 17:07:40 - [MESSAGE][PASSED] - Navigate to 'https://assist2-uat.perkeso.gov.my/c/portal/logout' successfully

2018-12-20 17:07:40 - [TEST_STEP][PASSED] - delay: Delayed 1 second(s)

2018-12-20 17:07:41 - [MESSAGE][PASSED] - Delayed 1 second(s)

2018-12-20 17:07:41 - [TEST_STEP][PASSED] - callTestCase: Call Test Case 'Test Cases/Final Aug 2018 - PKS Automation/Registration Module/Workflow/Login and Search Case For Workflow' successfully

2018-12-20 17:07:41 - [TEST_CASE][PASSED] - Test Cases/Final Aug 2018 - PKS Automation/Registration Module/Workflow/Login and Search Case For Workflow: Test Cases/Final Aug 2018 - PKS Automation/Registration Module/Workflow/Login and Search Case For Workflow

2018-12-20 17:07:41 - [TEST_STEP][PASSED] - navigateToUrl: Navigate to 'https://assist2-uat.perkeso.gov.my/login' successfully

2018-12-20 17:07:42 - [MESSAGE][PASSED] - Navigate to 'https://assist2-uat.perkeso.gov.my/login' successfully

2018-12-20 17:07:42 - [TEST_STEP][PASSED] - setText: Text 'johoruo1@gmail.com' is set on object 'Object Repository/Final Object Repo/Login Page/Internal User/Email Address'

2018-12-20 17:07:42 - [MESSAGE][PASSED] - Text 'johoruo1@gmail.com' is set on object 'Object Repository/Final Object Repo/Login Page/Internal User/Email Address'

2018-12-20 17:07:42 - [TEST_STEP][PASSED] - click: Object: 'Object Repository/Final Object Repo/Login Page/Internal User/Next Button' is clicked on

2018-12-20 17:07:42 - [MESSAGE][PASSED] - Object: 'Object Repository/Final Object Repo/Login Page/Internal User/Next Button' is clicked on

2018-12-20 17:07:42 - [TEST_STEP][PASSED] - delay: Delayed 1 second(s)

2018-12-20 17:07:43 - [MESSAGE][PASSED] - Delayed 1 second(s)

2018-12-20 17:07:43 - [TEST_STEP][PASSED] - setEncryptedText: Text ****** has been set on object 'Object Repository/Final Object Repo/Login Page/Internal User/Password'

2018-12-20 17:07:44 - [MESSAGE][PASSED] - Text ****** has been set on object 'Object Repository/Final Object Repo/Login Page/Internal User/Password'

2018-12-20 17:07:44 - [TEST_STEP][PASSED] - click: Object: 'Object Repository/Final Object Repo/Login Page/Internal User/Login Button' is clicked on

2018-12-20 17:07:44 - [MESSAGE][PASSED] - Object: 'Object Repository/Final Object Repo/Login Page/Internal User/Login Button' is clicked on

2018-12-20 17:07:44 - [TEST_STEP][PASSED] - delay: Delayed 2 second(s)

2018-12-20 17:07:46 - [MESSAGE][PASSED] - Delayed 2 second(s)

2018-12-20 17:07:46 - [TEST_STEP][PASSED] - Statement - Try: Delayed 2 second(s)

2018-12-20 17:07:46 - [TEST_STEP][PASSED] - Statement - Checker = false: null

2018-12-20 17:07:46 - [TEST_STEP][PASSED] - Statement - Checker = com.kms.katalon.core.webui.keyword.WebUiBuiltInKeywords.verifyElementHasAttribute(com.kms.katalon.core.testobject.ObjectRepository.findTestObject(Final Object Repo/Landing Page/BM Detecting), "href", 20, OPTIONAL): Object 'Object Repository/Final Object Repo/Landing Page/BM Detecting' has attribute 'href'

2018-12-20 17:07:46 - [MESSAGE][PASSED] - Object 'Object Repository/Final Object Repo/Landing Page/BM Detecting' has attribute 'href'

2018-12-20 17:07:46 - [TEST_STEP][PASSED] - Statement - out.println(Checker): null

2018-12-20 17:07:46 - [TEST_STEP][PASSED] - Statement - If (Checker == false): null

2018-12-20 17:07:46 - [TEST_STEP][PASSED] - Statement - Else: null

2018-12-20 17:07:46 - [TEST_STEP][PASSED] - delay: Delayed 2 second(s)

2018-12-20 17:07:48 - [MESSAGE][PASSED] - Delayed 2 second(s)

2018-12-20 17:07:48 - [TEST_STEP][PASSED] - click: Object: 'Object Repository/Final Object Repo/Page_MyASSIST - ASSIST - Search Pending Case For Add Supporting Document/Search Information' is clicked on

2018-12-20 17:07:48 - [MESSAGE][PASSED] - Object: 'Object Repository/Final Object Repo/Page_MyASSIST - ASSIST - Search Pending Case For Add Supporting Document/Search Information' is clicked on

2018-12-20 17:07:48 - [TEST_STEP][PASSED] - delay: Delayed 3 second(s)

2018-12-20 17:07:51 - [MESSAGE][PASSED] - Delayed 3 second(s)

2018-12-20 17:07:51 - [TEST_STEP][PASSED] - sendKeys: Keys 'ERN122018C200002565' sent to object: 'Object Repository/Final Object Repo/Page_MyASSIST - ASSIST - Search Pending Case For Add Supporting Document/Reference No'

2018-12-20 17:07:51 - [MESSAGE][PASSED] - Keys 'ERN122018C200002565' sent to object: 'Object Repository/Final Object Repo/Page_MyASSIST - ASSIST - Search Pending Case For Add Supporting Document/Reference No'

2018-12-20 17:07:51 - [TEST_STEP][PASSED] - click: Object: 'Object Repository/Final Object Repo/Page_MyASSIST - ASSIST - Search Pending Case For Add Supporting Document/Search Reference No' is clicked on

2018-12-20 17:07:52 - [MESSAGE][PASSED] - Object: 'Object Repository/Final Object Repo/Page_MyASSIST - ASSIST - Search Pending Case For Add Supporting Document/Search Reference No' is clicked on

2018-12-20 17:07:52 - [TEST_STEP][PASSED] - delay: Delayed 2 second(s)

2018-12-20 17:07:54 - [MESSAGE][PASSED] - Delayed 2 second(s)

2018-12-20 17:07:54 - [TEST_STEP][PASSED] - click: Object: 'Object Repository/Final Object Repo/Page_MyASSIST - ASSIST - Search Pending Case For Add Supporting Document/Continue' is clicked on

2018-12-20 17:07:57 - [MESSAGE][PASSED] - Object: 'Object Repository/Final Object Repo/Page_MyASSIST - ASSIST - Search Pending Case For Add Supporting Document/Continue' is clicked on

2018-12-20 17:07:57 - [TEST_STEP][PASSED] - delay: Delayed 20 second(s)

2018-12-20 17:08:17 - [MESSAGE][PASSED] - Delayed 20 second(s)

2018-12-20 17:08:17 - [MESSAGE][PASSED] - Call Test Case 'Test Cases/Final Aug 2018 - PKS Automation/Registration Module/Workflow/Login and Search Case For Workflow' successfully

2018-12-20 17:08:17 - [TEST_STEP][PASSED] - click: Object: 'Object Repository/Final Object Repo/Page_Form 3 EIS - Cessation as Employer/Page_Form 3 EIS - Cessation as Employer (Approve)/Save  Continue in Form 3 Page' is clicked on

2018-12-20 17:08:17 - [MESSAGE][PASSED] - Object: 'Object Repository/Final Object Repo/Page_Form 3 EIS - Cessation as Employer/Page_Form 3 EIS - Cessation as Employer (Approve)/Save  Continue in Form 3 Page' is clicked on

2018-12-20 17:08:17 - [TEST_STEP][PASSED] - delay: Delayed 2 second(s)

2018-12-20 17:08:19 - [MESSAGE][PASSED] - Delayed 2 second(s)

2018-12-20 17:08:19 - [TEST_STEP][PASSED] - click: Object: 'Object Repository/Final Object Repo/Page_Form 3 EIS - Cessation as Employer/Page_Form 3 EIS - Cessation as Employer (Approve)/Save  Continue in Resigned Page' is clicked on

2018-12-20 17:08:19 - [MESSAGE][PASSED] - Object: 'Object Repository/Final Object Repo/Page_Form 3 EIS - Cessation as Employer/Page_Form 3 EIS - Cessation as Employer (Approve)/Save  Continue in Resigned Page' is clicked on

2018-12-20 17:08:19 - [TEST_STEP][PASSED] - delay: Delayed 2 second(s)

2018-12-20 17:08:21 - [MESSAGE][PASSED] - Delayed 2 second(s)

2018-12-20 17:08:21 - [TEST_STEP][PASSED] - click: Object: 'Object Repository/Final Object Repo/Page_Form 3 EIS - Cessation as Employer/Page_Form 3 EIS - Cessation as Employer (Approve)/Save  Continue in Uploading Page' is clicked on

2018-12-20 17:08:23 - [MESSAGE][PASSED] - Object: 'Object Repository/Final Object Repo/Page_Form 3 EIS - Cessation as Employer/Page_Form 3 EIS - Cessation as Employer (Approve)/Save  Continue in Uploading Page' is clicked on

2018-12-20 17:08:23 - [TEST_STEP][PASSED] - delay: Delayed 2 second(s)

2018-12-20 17:08:25 - [MESSAGE][PASSED] - Delayed 2 second(s)

2018-12-20 17:08:25 - [TEST_STEP][PASSED] - click: Object: 'Object Repository/Final Object Repo/Page_Form 3 EIS - Cessation as Employer/Page_Form 3 EIS - Cessation as Employer (Under enforcement)/Underenforcement' is clicked on

2018-12-20 17:08:28 - [MESSAGE][PASSED] - Object: 'Object Repository/Final Object Repo/Page_Form 3 EIS - Cessation as Employer/Page_Form 3 EIS - Cessation as Employer (Under enforcement)/Underenforcement' is clicked on

2018-12-20 17:08:28 - [TEST_STEP][PASSED] - delay: Delayed 2 second(s)

2018-12-20 17:08:30 - [MESSAGE][PASSED] - Delayed 2 second(s)

2018-12-20 17:08:30 - [TEST_STEP][PASSED] - setText: Text 'Remark' is set on object 'Object Repository/Final Object Repo/Page_Form 3 EIS - Cessation as Employer/Page_Form 3 EIS - Cessation as Employer (Under enforcement)/Under enforcement - Remark'

2018-12-20 17:08:30 - [MESSAGE][PASSED] - Text 'Remark' is set on object 'Object Repository/Final Object Repo/Page_Form 3 EIS - Cessation as Employer/Page_Form 3 EIS - Cessation as Employer (Under enforcement)/Under enforcement - Remark'

2018-12-20 17:08:30 - [TEST_STEP][PASSED] - delay: Delayed 2 second(s)

2018-12-20 17:08:32 - [MESSAGE][PASSED] - Delayed 2 second(s)

2018-12-20 17:08:32 - [TEST_STEP][PASSED] - click: Object: 'Object Repository/Final Object Repo/Page_Form 3 EIS - Cessation as Employer/Page_Form 3 EIS - Cessation as Employer (Under enforcement)/Save  Continue in Under enforcement' is clicked on

2018-12-20 17:08:32 - [MESSAGE][PASSED] - Object: 'Object Repository/Final Object Repo/Page_Form 3 EIS - Cessation as Employer/Page_Form 3 EIS - Cessation as Employer (Under enforcement)/Save  Continue in Under enforcement' is clicked on

2018-12-20 17:08:32 - [TEST_STEP][PASSED] - doubleClick: Object: 'Object Repository/Final Object Repo/Page_Form 3 EIS - Cessation as Employer/Page_Form 3 EIS - Cessation as Employer (Under enforcement)/Message The case is under enforcement' is double clicked on

2018-12-20 17:08:37 - [MESSAGE][PASSED] - Object: 'Object Repository/Final Object Repo/Page_Form 3 EIS - Cessation as Employer/Page_Form 3 EIS - Cessation as Employer (Under enforcement)/Message The case is under enforcement' is double clicked on

2018-12-20 17:08:37 - [MESSAGE][PASSED] - Call Test Case 'Test Cases/Final Aug 2018 - PKS Automation/Registration Module/Workflow/Form 3 EIS - Cessation As Employer/Template/Form 3 A - Cessation As Employer (Under enforcement)' successfully]]></system-out>
         <system-err><![CDATA[]]></system-err>
      </testcase>
      <system-out><![CDATA[2018-12-20 16:12:06 - [TEST_SUITE][PASSED] - Form 3 EIS - Cessation as Employer: Test Cases/Final Aug 2018 - PKS Automation/Registration Module/Workflow/Form 3 EIS - Cessation As Employer/PKRBO to UO (Under enforcement)]]></system-out>
      <system-err><![CDATA[]]></system-err>
   </testsuite>
</testsuites>
