<?xml version="1.0" encoding="UTF-8"?>
<testsuites name="Form 1A - Cessation as Employer" time="4301" tests="12" failures="0" errors="0">
   <testsuite name="Form 1A - Cessation as Employer" tests="12" failures="0" errors="0" time="4301" timestamp="2018-12-13 15:05:20" hostname="Admin - Win7Test02" id="Test Suites/Workflow/Form 1A - Cessation as Employer">
      <properties>
         <property name="deviceName" value=""/>
         <property name="devicePlatform" value=""/>
         <property name="logFolder" value="C:\\Users\\Admin\\Desktop\\PKS\\Perkeso Phase A\\Reports\\Workflow\\Form 1A - Cessation as Employer\\20181213_150516"/>
         <property name="logFiles" value="C:\\Users\\Admin\\Desktop\\PKS\\Perkeso Phase A\\Reports\\Workflow\\Form 1A - Cessation as Employer\\20181213_150516\\execution0.log, C:\\Users\\Admin\\Desktop\\PKS\\Perkeso Phase A\\Reports\\Workflow\\Form 1A - Cessation as Employer\\20181213_150516\\execution1.log"/>
         <property name="attachments" value=""/>
         <property name="hostName" value="Admin - Win7Test02"/>
         <property name="os" value="Windows 7 64bit"/>
         <property name="katalonVersion" value="5.8.6.1"/>
         <property name="browser" value="Chrome 70.0.3538.110"/>
         <property name="hostAddress" value="10.20.3.72"/>
         <property name="sessionId" value="a77d3d1fb2ae0b8d48fdad208cb14cb7"/>
         <property name="seleniumVersion" value="3.7.1"/>
         <property name="proxyInformation" value="ProxyInformation{proxyOption=NO_PROXY, proxyServerType=HTTP, password=, proxyServerAddress=, proxyServerPort=0}"/>
         <property name="platform" value="Windows 7"/>
      </properties>
      <testcase name="Test Cases/Final Aug 2018 - PKS Automation/Registration Module/Workflow/Form 1A - Cessation As Employer/Employer to UO (Approve)" classname="Test Cases/Final Aug 2018 - PKS Automation/Registration Module/Workflow/Form 1A - Cessation As Employer/Employer to UO (Approve)" status="PASSED">
         <system-out><![CDATA[2018-12-13 15:05:20 - [TEST_CASE][PASSED] - Test Cases/Final Aug 2018 - PKS Automation/Registration Module/Workflow/Form 1A - Cessation As Employer/Employer to UO (Approve): Test Cases/Final Aug 2018 - PKS Automation/Registration Module/Workflow/Form 1A - Cessation As Employer/Employer to UO (Approve)

2018-12-13 15:05:21 - [TEST_STEP][PASSED] - callTestCase: Call Test Case 'Test Cases/Final Aug 2018 - PKS Automation/Registration Module/Workflow/Form 1A - Cessation As Employer/Template/Form 1 A - Cessation As Employer (Employer)' successfully

2018-12-13 15:05:21 - [TEST_CASE][PASSED] - Test Cases/Final Aug 2018 - PKS Automation/Registration Module/Workflow/Form 1A - Cessation As Employer/Template/Form 1 A - Cessation As Employer (Employer): Test Cases/Final Aug 2018 - PKS Automation/Registration Module/Workflow/Form 1A - Cessation As Employer/Template/Form 1 A - Cessation As Employer (Employer)

2018-12-13 15:05:21 - [TEST_STEP][PASSED] - callTestCase: Call Test Case 'Test Cases/Final Aug 2018 - PKS Automation/Registration Module/Workflow/Update Add New Employee/Template/New Company for Update Add New - Employer' successfully

2018-12-13 15:05:21 - [TEST_CASE][PASSED] - Test Cases/Final Aug 2018 - PKS Automation/Registration Module/Workflow/Update Add New Employee/Template/New Company for Update Add New - Employer: Test Cases/Final Aug 2018 - PKS Automation/Registration Module/Workflow/Update Add New Employee/Template/New Company for Update Add New - Employer

2018-12-13 15:05:22 - [TEST_STEP][PASSED] - callTestCase: Call Test Case 'Test Cases/Final Aug 2018 - PKS Automation/Create Employer Acc/Create Employer Account' successfully

2018-12-13 15:05:22 - [TEST_CASE][PASSED] - Test Cases/Final Aug 2018 - PKS Automation/Create Employer Acc/Create Employer Account: Test Cases/Final Aug 2018 - PKS Automation/Create Employer Acc/Create Employer Account

2018-12-13 15:05:22 - [TEST_STEP][PASSED] - callTestCase: Call Test Case 'Test Cases/Final Aug 2018 - PKS Automation/Create Employer Acc/Template/Register Employer' successfully

2018-12-13 15:05:22 - [TEST_CASE][PASSED] - Test Cases/Final Aug 2018 - PKS Automation/Create Employer Acc/Template/Register Employer: Test Cases/Final Aug 2018 - PKS Automation/Create Employer Acc/Template/Register Employer

2018-12-13 15:05:22 - [TEST_STEP][PASSED] - openBrowser: Browser is opened with url: ''

2018-12-13 15:05:26 - [MESSAGE][PASSED] - Browser is opened with url: ''

2018-12-13 15:05:26 - [TEST_STEP][PASSED] - navigateToUrl: Navigate to 'https://assist2-uat.perkeso.gov.my/login' successfully

2018-12-13 15:05:27 - [MESSAGE][PASSED] - Navigate to 'https://assist2-uat.perkeso.gov.my/login' successfully

2018-12-13 15:05:27 - [TEST_STEP][PASSED] - setText: Text 'johorotc1@gmail.com' is set on object 'Object Repository/Final Object Repo/Login Page/Internal User/Email Address'

2018-12-13 15:05:28 - [MESSAGE][PASSED] - Text 'johorotc1@gmail.com' is set on object 'Object Repository/Final Object Repo/Login Page/Internal User/Email Address'

2018-12-13 15:05:28 - [TEST_STEP][PASSED] - click: Object: 'Object Repository/Final Object Repo/Login Page/Internal User/Next Button' is clicked on

2018-12-13 15:05:28 - [MESSAGE][PASSED] - Object: 'Object Repository/Final Object Repo/Login Page/Internal User/Next Button' is clicked on

2018-12-13 15:05:28 - [TEST_STEP][PASSED] - delay: Delayed 1 second(s)

2018-12-13 15:05:29 - [MESSAGE][PASSED] - Delayed 1 second(s)

2018-12-13 15:05:29 - [TEST_STEP][PASSED] - setEncryptedText: Text ****** has been set on object 'Object Repository/Final Object Repo/Login Page/Internal User/Password'

2018-12-13 15:05:29 - [MESSAGE][PASSED] - Text ****** has been set on object 'Object Repository/Final Object Repo/Login Page/Internal User/Password'

2018-12-13 15:05:29 - [TEST_STEP][PASSED] - click: Object: 'Object Repository/Final Object Repo/Login Page/Internal User/Login Button' is clicked on

2018-12-13 15:05:29 - [MESSAGE][PASSED] - Object: 'Object Repository/Final Object Repo/Login Page/Internal User/Login Button' is clicked on

2018-12-13 15:05:29 - [TEST_STEP][PASSED] - delay: Delayed 1 second(s)

2018-12-13 15:05:30 - [MESSAGE][PASSED] - Delayed 1 second(s)

2018-12-13 15:05:30 - [TEST_STEP][PASSED] - navigateToUrl: Navigate to 'https://assist2-uat.perkeso.gov.my/web/base/portal-id/registration' successfully

2018-12-13 15:05:32 - [MESSAGE][PASSED] - Navigate to 'https://assist2-uat.perkeso.gov.my/web/base/portal-id/registration' successfully

2018-12-13 15:05:32 - [TEST_STEP][PASSED] - setText: Text 'AUTOMATION EMPLOYER' is set on object 'Object Repository/Final Object Repo/Creating Employer Account/Page_Registration - ASSIST (Base)/Employer Name'

2018-12-13 15:05:33 - [MESSAGE][PASSED] - Text 'AUTOMATION EMPLOYER' is set on object 'Object Repository/Final Object Repo/Creating Employer Account/Page_Registration - ASSIST (Base)/Employer Name'

2018-12-13 15:05:33 - [TEST_STEP][PASSED] - delay: Delayed 2 second(s)

2018-12-13 15:05:35 - [MESSAGE][PASSED] - Delayed 2 second(s)

2018-12-13 15:05:35 - [TEST_STEP][PASSED] - click: Object: 'Object Repository/Final Object Repo/Creating Employer Account/Page_Registration - ASSIST (Base)/Registration Type' is clicked on

2018-12-13 15:05:35 - [MESSAGE][PASSED] - Object: 'Object Repository/Final Object Repo/Creating Employer Account/Page_Registration - ASSIST (Base)/Registration Type' is clicked on

2018-12-13 15:05:35 - [TEST_STEP][PASSED] - delay: Delayed 2 second(s)

2018-12-13 15:05:37 - [MESSAGE][PASSED] - Delayed 2 second(s)

2018-12-13 15:05:37 - [TEST_STEP][PASSED] - click: Object: 'Object Repository/Final Object Repo/Creating Employer Account/Page_Registration - ASSIST (Base)/Registration Type - Registration No' is clicked on

2018-12-13 15:05:37 - [MESSAGE][PASSED] - Object: 'Object Repository/Final Object Repo/Creating Employer Account/Page_Registration - ASSIST (Base)/Registration Type - Registration No' is clicked on

2018-12-13 15:05:37 - [TEST_STEP][PASSED] - delay: Delayed 2 second(s)

2018-12-13 15:05:39 - [MESSAGE][PASSED] - Delayed 2 second(s)

2018-12-13 15:05:39 - [TEST_STEP][PASSED] - setText: Text 'AUTOMATE001' is set on object 'Object Repository/Final Object Repo/Creating Employer Account/Page_Registration - ASSIST (Base)/Registration Number'

2018-12-13 15:05:40 - [MESSAGE][PASSED] - Text 'AUTOMATE001' is set on object 'Object Repository/Final Object Repo/Creating Employer Account/Page_Registration - ASSIST (Base)/Registration Number'

2018-12-13 15:05:40 - [TEST_STEP][PASSED] - delay: Delayed 2 second(s)

2018-12-13 15:05:42 - [MESSAGE][PASSED] - Delayed 2 second(s)

2018-12-13 15:05:42 - [TEST_STEP][PASSED] - setText: Text 'ADDRESS 1' is set on object 'Object Repository/Final Object Repo/Creating Employer Account/Page_Registration - ASSIST (Base)/Postal Address 1'

2018-12-13 15:05:42 - [MESSAGE][PASSED] - Text 'ADDRESS 1' is set on object 'Object Repository/Final Object Repo/Creating Employer Account/Page_Registration - ASSIST (Base)/Postal Address 1'

2018-12-13 15:05:42 - [TEST_STEP][PASSED] - setText: Text 'ADDRESS 2' is set on object 'Object Repository/Final Object Repo/Creating Employer Account/Page_Registration - ASSIST (Base)/Postal Address 2'

2018-12-13 15:05:42 - [MESSAGE][PASSED] - Text 'ADDRESS 2' is set on object 'Object Repository/Final Object Repo/Creating Employer Account/Page_Registration - ASSIST (Base)/Postal Address 2'

2018-12-13 15:05:42 - [TEST_STEP][PASSED] - click: Object: 'Object Repository/Final Object Repo/Creating Employer Account/Page_Registration - ASSIST (Base)/State' is clicked on

2018-12-13 15:05:42 - [MESSAGE][PASSED] - Object: 'Object Repository/Final Object Repo/Creating Employer Account/Page_Registration - ASSIST (Base)/State' is clicked on

2018-12-13 15:05:42 - [TEST_STEP][PASSED] - delay: Delayed 2 second(s)

2018-12-13 15:05:44 - [MESSAGE][PASSED] - Delayed 2 second(s)

2018-12-13 15:05:44 - [TEST_STEP][PASSED] - click: Object: 'Object Repository/Final Object Repo/Creating Employer Account/Page_Registration - ASSIST (Base)/State - Johor' is clicked on

2018-12-13 15:05:45 - [MESSAGE][PASSED] - Object: 'Object Repository/Final Object Repo/Creating Employer Account/Page_Registration - ASSIST (Base)/State - Johor' is clicked on

2018-12-13 15:05:45 - [TEST_STEP][PASSED] - delay: Delayed 2 second(s)

2018-12-13 15:05:47 - [MESSAGE][PASSED] - Delayed 2 second(s)

2018-12-13 15:05:47 - [TEST_STEP][PASSED] - click: Object: 'Object Repository/Final Object Repo/Creating Employer Account/Page_Registration - ASSIST (Base)/City' is clicked on

2018-12-13 15:05:47 - [MESSAGE][PASSED] - Object: 'Object Repository/Final Object Repo/Creating Employer Account/Page_Registration - ASSIST (Base)/City' is clicked on

2018-12-13 15:05:47 - [TEST_STEP][PASSED] - delay: Delayed 2 second(s)

2018-12-13 15:05:49 - [MESSAGE][PASSED] - Delayed 2 second(s)

2018-12-13 15:05:49 - [TEST_STEP][PASSED] - setText: Text 'joh' is set on object 'Object Repository/Final Object Repo/Creating Employer Account/Page_Registration - ASSIST (Base)/City - joh'

2018-12-13 15:05:49 - [MESSAGE][PASSED] - Text 'joh' is set on object 'Object Repository/Final Object Repo/Creating Employer Account/Page_Registration - ASSIST (Base)/City - joh'

2018-12-13 15:05:49 - [TEST_STEP][PASSED] - delay: Delayed 2 second(s)

2018-12-13 15:05:51 - [MESSAGE][PASSED] - Delayed 2 second(s)

2018-12-13 15:05:51 - [TEST_STEP][PASSED] - click: Object: 'Object Repository/Final Object Repo/Creating Employer Account/Page_Registration - ASSIST (Base)/City - Johor Bharu' is clicked on

2018-12-13 15:05:51 - [MESSAGE][PASSED] - Object: 'Object Repository/Final Object Repo/Creating Employer Account/Page_Registration - ASSIST (Base)/City - Johor Bharu' is clicked on

2018-12-13 15:05:51 - [TEST_STEP][PASSED] - delay: Delayed 2 second(s)

2018-12-13 15:05:53 - [MESSAGE][PASSED] - Delayed 2 second(s)

2018-12-13 15:05:53 - [TEST_STEP][PASSED] - click: Object: 'Object Repository/Final Object Repo/Creating Employer Account/Page_Registration - ASSIST (Base)/Post Code' is clicked on

2018-12-13 15:05:54 - [MESSAGE][PASSED] - Object: 'Object Repository/Final Object Repo/Creating Employer Account/Page_Registration - ASSIST (Base)/Post Code' is clicked on

2018-12-13 15:05:54 - [TEST_STEP][PASSED] - delay: Delayed 2 second(s)

2018-12-13 15:05:56 - [MESSAGE][PASSED] - Delayed 2 second(s)

2018-12-13 15:05:56 - [TEST_STEP][PASSED] - setText: Text '810' is set on object 'Object Repository/Final Object Repo/Creating Employer Account/Page_Registration - ASSIST (Base)/Post Code - 810'

2018-12-13 15:05:56 - [MESSAGE][PASSED] - Text '810' is set on object 'Object Repository/Final Object Repo/Creating Employer Account/Page_Registration - ASSIST (Base)/Post Code - 810'

2018-12-13 15:05:56 - [TEST_STEP][PASSED] - delay: Delayed 2 second(s)

2018-12-13 15:05:58 - [MESSAGE][PASSED] - Delayed 2 second(s)

2018-12-13 15:05:58 - [TEST_STEP][PASSED] - click: Object: 'Object Repository/Final Object Repo/Creating Employer Account/Page_Registration - ASSIST (Base)/Post Code - 81000' is clicked on

2018-12-13 15:05:58 - [MESSAGE][PASSED] - Object: 'Object Repository/Final Object Repo/Creating Employer Account/Page_Registration - ASSIST (Base)/Post Code - 81000' is clicked on

2018-12-13 15:05:58 - [TEST_STEP][PASSED] - delay: Delayed 2 second(s)

2018-12-13 15:06:00 - [MESSAGE][PASSED] - Delayed 2 second(s)

2018-12-13 15:06:00 - [TEST_STEP][PASSED] - setText: Text 'PERKESO' is set on object 'Object Repository/Final Object Repo/Creating Employer Account/Page_Registration - ASSIST (Base)/Full Name'

2018-12-13 15:06:00 - [MESSAGE][PASSED] - Text 'PERKESO' is set on object 'Object Repository/Final Object Repo/Creating Employer Account/Page_Registration - ASSIST (Base)/Full Name'

2018-12-13 15:06:00 - [TEST_STEP][PASSED] - Statement - rnd = new java.util.Random(): null

2018-12-13 15:06:00 - [TEST_STEP][PASSED] - Statement - snum = rnd.nextInt(899999 + 1) + 100000: null

2018-12-13 15:06:00 - [TEST_STEP][PASSED] - Statement - tnum = rnd.nextInt(899999 + 1) + 100000: null

2018-12-13 15:06:00 - [TEST_STEP][PASSED] - Statement - IC = java.lang.Integer.toString(snum) + java.lang.Integer.toString(tnum): null

2018-12-13 15:06:00 - [TEST_STEP][PASSED] - Statement - out.println(IC): null

2018-12-13 15:06:00 - [TEST_STEP][PASSED] - setText: Text '216846150698' is set on object 'Object Repository/Final Object Repo/Creating Employer Account/Page_Registration - ASSIST (Base)/Identification Number'

2018-12-13 15:06:01 - [MESSAGE][PASSED] - Text '216846150698' is set on object 'Object Repository/Final Object Repo/Creating Employer Account/Page_Registration - ASSIST (Base)/Identification Number'

2018-12-13 15:06:01 - [TEST_STEP][PASSED] - delay: Delayed 2 second(s)

2018-12-13 15:06:03 - [MESSAGE][PASSED] - Delayed 2 second(s)

2018-12-13 15:06:03 - [TEST_STEP][PASSED] - setText: Text '123456789012' is set on object 'Object Repository/Final Object Repo/Creating Employer Account/Page_Registration - ASSIST (Base)/Contact Number'

2018-12-13 15:06:03 - [MESSAGE][PASSED] - Text '123456789012' is set on object 'Object Repository/Final Object Repo/Creating Employer Account/Page_Registration - ASSIST (Base)/Contact Number'

2018-12-13 15:06:03 - [TEST_STEP][PASSED] - Statement - Email = "perkeso" + IC + "@gmail.com": null

2018-12-13 15:06:03 - [TEST_STEP][PASSED] - delay: Delayed 2 second(s)

2018-12-13 15:06:05 - [MESSAGE][PASSED] - Delayed 2 second(s)

2018-12-13 15:06:05 - [TEST_STEP][PASSED] - callTestCase: Call Test Case 'Test Cases/Final Aug 2018 - PKS Automation/Create Employer Acc/Template/Employer Email Settler' successfully

2018-12-13 15:06:05 - [TEST_CASE][PASSED] - Test Cases/Final Aug 2018 - PKS Automation/Create Employer Acc/Template/Employer Email Settler: Test Cases/Final Aug 2018 - PKS Automation/Create Employer Acc/Template/Employer Email Settler

2018-12-13 15:06:05 - [TEST_STEP][PASSED] - Statement - EmpEmailOld = new java.io.File(C://Users//Admin//Desktop//PKS//Automation Reference Point//EmpEmail.txt): null

2018-12-13 15:06:05 - [TEST_STEP][PASSED] - Statement - EmpEmailOld.delete(): null

2018-12-13 15:06:05 - [TEST_STEP][PASSED] - delay: Delayed 5 second(s)

2018-12-13 15:06:10 - [MESSAGE][PASSED] - Delayed 5 second(s)

2018-12-13 15:06:10 - [TEST_STEP][PASSED] - Statement - EmpEmail = new java.io.File(C://Users//Admin//Desktop//PKS//Automation Reference Point//EmpEmail.txt): null

2018-12-13 15:06:10 - [TEST_STEP][PASSED] - Statement - f2 = new java.io.FileWriter(EmpEmail, false): null

2018-12-13 15:06:10 - [TEST_STEP][PASSED] - Statement - f2.write(Email): null

2018-12-13 15:06:10 - [TEST_STEP][PASSED] - Statement - f2.close(): null

2018-12-13 15:06:10 - [TEST_STEP][PASSED] - Statement - out.println(Email): null

2018-12-13 15:06:10 - [MESSAGE][PASSED] - Call Test Case 'Test Cases/Final Aug 2018 - PKS Automation/Create Employer Acc/Template/Employer Email Settler' successfully

2018-12-13 15:06:10 - [TEST_STEP][PASSED] - delay: Delayed 2 second(s)

2018-12-13 15:06:12 - [MESSAGE][PASSED] - Delayed 2 second(s)

2018-12-13 15:06:12 - [TEST_STEP][PASSED] - setText: Text 'perkeso216846150698@gmail.com' is set on object 'Object Repository/Final Object Repo/Creating Employer Account/Page_Registration - ASSIST (Base)/Email'

2018-12-13 15:06:13 - [MESSAGE][PASSED] - Text 'perkeso216846150698@gmail.com' is set on object 'Object Repository/Final Object Repo/Creating Employer Account/Page_Registration - ASSIST (Base)/Email'

2018-12-13 15:06:13 - [TEST_STEP][PASSED] - setText: Text '123' is set on object 'Object Repository/Final Object Repo/Creating Employer Account/Page_Registration - ASSIST (Base)/Security Phase'

2018-12-13 15:06:13 - [MESSAGE][PASSED] - Text '123' is set on object 'Object Repository/Final Object Repo/Creating Employer Account/Page_Registration - ASSIST (Base)/Security Phase'

2018-12-13 15:06:13 - [TEST_STEP][PASSED] - click: Object: 'Object Repository/Final Object Repo/Creating Employer Account/Page_Registration - ASSIST (Base)/Save  Continue' is clicked on

2018-12-13 15:06:13 - [MESSAGE][PASSED] - Object: 'Object Repository/Final Object Repo/Creating Employer Account/Page_Registration - ASSIST (Base)/Save  Continue' is clicked on

2018-12-13 15:06:13 - [TEST_STEP][PASSED] - delay: Delayed 2 second(s)

2018-12-13 15:06:15 - [MESSAGE][PASSED] - Delayed 2 second(s)

2018-12-13 15:06:15 - [TEST_STEP][PASSED] - click: Object: 'Object Repository/Final Object Repo/Creating Employer Account/Page_Registration - ASSIST (Base)/Add Document' is clicked on

2018-12-13 15:06:16 - [MESSAGE][PASSED] - Object: 'Object Repository/Final Object Repo/Creating Employer Account/Page_Registration - ASSIST (Base)/Add Document' is clicked on

2018-12-13 15:06:16 - [TEST_STEP][PASSED] - delay: Delayed 2 second(s)

2018-12-13 15:06:18 - [MESSAGE][PASSED] - Delayed 2 second(s)

2018-12-13 15:06:18 - [TEST_STEP][PASSED] - click: Object: 'Object Repository/Final Object Repo/Creating Employer Account/Page_Registration - ASSIST (Base)/Document Type' is clicked on

2018-12-13 15:06:18 - [MESSAGE][PASSED] - Object: 'Object Repository/Final Object Repo/Creating Employer Account/Page_Registration - ASSIST (Base)/Document Type' is clicked on

2018-12-13 15:06:18 - [TEST_STEP][PASSED] - delay: Delayed 2 second(s)

2018-12-13 15:06:20 - [MESSAGE][PASSED] - Delayed 2 second(s)

2018-12-13 15:06:20 - [TEST_STEP][PASSED] - click: Object: 'Object Repository/Final Object Repo/Creating Employer Account/Page_Registration - ASSIST (Base)/Document Type - Letter of Authorization' is clicked on

2018-12-13 15:06:20 - [MESSAGE][PASSED] - Object: 'Object Repository/Final Object Repo/Creating Employer Account/Page_Registration - ASSIST (Base)/Document Type - Letter of Authorization' is clicked on

2018-12-13 15:06:20 - [TEST_STEP][PASSED] - delay: Delayed 2 second(s)

2018-12-13 15:06:22 - [MESSAGE][PASSED] - Delayed 2 second(s)

2018-12-13 15:06:22 - [TEST_STEP][PASSED] - sendKeys: Keys 'C:\Users\Public\Pictures\Sample Pictures\Koala.jpg' sent to object: 'Object Repository/Final Object Repo/Creating Employer Account/Page_Registration - ASSIST (Base)/Uploading File'

2018-12-13 15:06:22 - [MESSAGE][PASSED] - Keys 'C:\Users\Public\Pictures\Sample Pictures\Koala.jpg' sent to object: 'Object Repository/Final Object Repo/Creating Employer Account/Page_Registration - ASSIST (Base)/Uploading File'

2018-12-13 15:06:22 - [TEST_STEP][PASSED] - delay: Delayed 2 second(s)

2018-12-13 15:06:24 - [MESSAGE][PASSED] - Delayed 2 second(s)

2018-12-13 15:06:24 - [TEST_STEP][PASSED] - click: Object: 'Object Repository/Final Object Repo/Creating Employer Account/Page_Registration - ASSIST (Base)/Add Document in Uploading File' is clicked on

2018-12-13 15:06:24 - [MESSAGE][PASSED] - Object: 'Object Repository/Final Object Repo/Creating Employer Account/Page_Registration - ASSIST (Base)/Add Document in Uploading File' is clicked on

2018-12-13 15:06:24 - [TEST_STEP][PASSED] - delay: Delayed 2 second(s)

2018-12-13 15:06:26 - [MESSAGE][PASSED] - Delayed 2 second(s)

2018-12-13 15:06:26 - [TEST_STEP][PASSED] - click: Object: 'Object Repository/Final Object Repo/Creating Employer Account/Page_Registration - ASSIST (Base)/Save' is clicked on

2018-12-13 15:06:27 - [MESSAGE][PASSED] - Object: 'Object Repository/Final Object Repo/Creating Employer Account/Page_Registration - ASSIST (Base)/Save' is clicked on

2018-12-13 15:06:27 - [TEST_STEP][PASSED] - delay: Delayed 2 second(s)

2018-12-13 15:06:29 - [MESSAGE][PASSED] - Delayed 2 second(s)

2018-12-13 15:06:29 - [TEST_STEP][PASSED] - click: Object: 'Object Repository/Final Object Repo/Creating Employer Account/Page_Registration - ASSIST (Base)/Submit' is clicked on

2018-12-13 15:06:29 - [MESSAGE][PASSED] - Object: 'Object Repository/Final Object Repo/Creating Employer Account/Page_Registration - ASSIST (Base)/Submit' is clicked on

2018-12-13 15:06:29 - [TEST_STEP][PASSED] - delay: Delayed 2 second(s)

2018-12-13 15:06:31 - [MESSAGE][PASSED] - Delayed 2 second(s)

2018-12-13 15:06:31 - [TEST_STEP][PASSED] - click: Object: 'Object Repository/Final Object Repo/Creating Employer Account/Page_Registration - ASSIST (Base)/Confirm' is clicked on

2018-12-13 15:06:31 - [MESSAGE][PASSED] - Object: 'Object Repository/Final Object Repo/Creating Employer Account/Page_Registration - ASSIST (Base)/Confirm' is clicked on

2018-12-13 15:06:31 - [MESSAGE][PASSED] - Call Test Case 'Test Cases/Final Aug 2018 - PKS Automation/Create Employer Acc/Template/Register Employer' successfully

2018-12-13 15:06:31 - [TEST_STEP][PASSED] - delay: Delayed 1 second(s)

2018-12-13 15:06:32 - [MESSAGE][PASSED] - Delayed 1 second(s)

2018-12-13 15:06:32 - [TEST_STEP][PASSED] - navigateToUrl: Navigate to 'https://assist2-uat.perkeso.gov.my/c/portal/logout' successfully

2018-12-13 15:06:34 - [MESSAGE][PASSED] - Navigate to 'https://assist2-uat.perkeso.gov.my/c/portal/logout' successfully

2018-12-13 15:06:34 - [TEST_STEP][PASSED] - delay: Delayed 1 second(s)

2018-12-13 15:06:35 - [MESSAGE][PASSED] - Delayed 1 second(s)

2018-12-13 15:06:35 - [TEST_STEP][PASSED] - callTestCase: Call Test Case 'Test Cases/Final Aug 2018 - PKS Automation/Create Employer Acc/Template/Change Password of Employer' successfully

2018-12-13 15:06:35 - [TEST_CASE][PASSED] - Test Cases/Final Aug 2018 - PKS Automation/Create Employer Acc/Template/Change Password of Employer: Test Cases/Final Aug 2018 - PKS Automation/Create Employer Acc/Template/Change Password of Employer

2018-12-13 15:06:35 - [TEST_STEP][PASSED] - openBrowser: Browser is opened with url: ''

2018-12-13 15:06:35 - [MESSAGE][WARNING] - A browser is already opened. Closing browser and opening a new one

2018-12-13 15:06:38 - [MESSAGE][PASSED] - Browser is opened with url: ''

2018-12-13 15:06:38 - [TEST_STEP][PASSED] - navigateToUrl: Navigate to 'https://assist2-uat.perkeso.gov.my/login' successfully

2018-12-13 15:06:39 - [MESSAGE][PASSED] - Navigate to 'https://assist2-uat.perkeso.gov.my/login' successfully

2018-12-13 15:06:39 - [TEST_STEP][PASSED] - delay: Delayed 5 second(s)

2018-12-13 15:06:44 - [MESSAGE][PASSED] - Delayed 5 second(s)

2018-12-13 15:06:44 - [TEST_STEP][PASSED] - setText: Text 'test@liferay.com' is set on object 'Object Repository/Final Object Repo/Login Page/Internal User/Email Address'

2018-12-13 15:06:44 - [MESSAGE][PASSED] - Text 'test@liferay.com' is set on object 'Object Repository/Final Object Repo/Login Page/Internal User/Email Address'

2018-12-13 15:06:44 - [TEST_STEP][PASSED] - click: Object: 'Object Repository/Final Object Repo/Login Page/Internal User/Next Button' is clicked on

2018-12-13 15:06:45 - [MESSAGE][PASSED] - Object: 'Object Repository/Final Object Repo/Login Page/Internal User/Next Button' is clicked on

2018-12-13 15:06:45 - [TEST_STEP][PASSED] - delay: Delayed 2 second(s)

2018-12-13 15:06:47 - [MESSAGE][PASSED] - Delayed 2 second(s)

2018-12-13 15:06:47 - [TEST_STEP][PASSED] - setText: Text 'test' is set on object 'Object Repository/Final Object Repo/Login Page/Internal User/Password'

2018-12-13 15:06:47 - [MESSAGE][PASSED] - Text 'test' is set on object 'Object Repository/Final Object Repo/Login Page/Internal User/Password'

2018-12-13 15:06:47 - [TEST_STEP][PASSED] - delay: Delayed 2 second(s)

2018-12-13 15:06:49 - [MESSAGE][PASSED] - Delayed 2 second(s)

2018-12-13 15:06:49 - [TEST_STEP][PASSED] - click: Object: 'Object Repository/Final Object Repo/Login Page/Internal User/Login Button' is clicked on

2018-12-13 15:06:49 - [MESSAGE][PASSED] - Object: 'Object Repository/Final Object Repo/Login Page/Internal User/Login Button' is clicked on

2018-12-13 15:06:49 - [TEST_STEP][PASSED] - delay: Delayed 3 second(s)

2018-12-13 15:06:52 - [MESSAGE][PASSED] - Delayed 3 second(s)

2018-12-13 15:06:52 - [TEST_STEP][PASSED] - navigateToUrl: Navigate to 'https://assist2-uat.perkeso.gov.my/group/control_panel/manage?p_p_id=125&p_p_lifecycle=0&p_p_state=maximized&p_p_mode=view&refererPlid=20455&_125_usersListView=flat-users&_125_toolbarItem=view-all-users&_125_saveUsersListView=true&_125_struts_action=%2Fusers_admin%2Fview' successfully

2018-12-13 15:06:54 - [MESSAGE][PASSED] - Navigate to 'https://assist2-uat.perkeso.gov.my/group/control_panel/manage?p_p_id=125&p_p_lifecycle=0&p_p_state=maximized&p_p_mode=view&refererPlid=20455&_125_usersListView=flat-users&_125_toolbarItem=view-all-users&_125_saveUsersListView=true&_125_struts_action=%2Fusers_admin%2Fview' successfully

2018-12-13 15:06:54 - [TEST_STEP][PASSED] - delay: Delayed 3 second(s)

2018-12-13 15:06:57 - [MESSAGE][PASSED] - Delayed 3 second(s)

2018-12-13 15:06:57 - [TEST_STEP][PASSED] - setText: Text 'perkeso216846150698@gmail.com' is set on object 'Object Repository/Final Object Repo/Creating Employer Account/Page_Users and Organizations - ASSIST/Employer name'

2018-12-13 15:06:57 - [MESSAGE][PASSED] - Text 'perkeso216846150698@gmail.com' is set on object 'Object Repository/Final Object Repo/Creating Employer Account/Page_Users and Organizations - ASSIST/Employer name'

2018-12-13 15:06:57 - [TEST_STEP][PASSED] - delay: Delayed 3 second(s)

2018-12-13 15:07:00 - [MESSAGE][PASSED] - Delayed 3 second(s)

2018-12-13 15:07:00 - [TEST_STEP][PASSED] - click: Object: 'Object Repository/Final Object Repo/Creating Employer Account/Page_Users and Organizations - ASSIST/Search' is clicked on

2018-12-13 15:07:01 - [MESSAGE][PASSED] - Object: 'Object Repository/Final Object Repo/Creating Employer Account/Page_Users and Organizations - ASSIST/Search' is clicked on

2018-12-13 15:07:01 - [TEST_STEP][PASSED] - delay: Delayed 3 second(s)

2018-12-13 15:07:04 - [MESSAGE][PASSED] - Delayed 3 second(s)

2018-12-13 15:07:04 - [TEST_STEP][PASSED] - click: Object: 'Object Repository/Final Object Repo/Creating Employer Account/Page_Users and Organizations - ASSIST/Action' is clicked on

2018-12-13 15:07:04 - [MESSAGE][PASSED] - Object: 'Object Repository/Final Object Repo/Creating Employer Account/Page_Users and Organizations - ASSIST/Action' is clicked on

2018-12-13 15:07:04 - [TEST_STEP][PASSED] - delay: Delayed 3 second(s)

2018-12-13 15:07:07 - [MESSAGE][PASSED] - Delayed 3 second(s)

2018-12-13 15:07:07 - [TEST_STEP][PASSED] - click: Object: 'Object Repository/Final Object Repo/Creating Employer Account/Page_Users and Organizations - ASSIST/Edit' is clicked on

2018-12-13 15:07:08 - [MESSAGE][PASSED] - Object: 'Object Repository/Final Object Repo/Creating Employer Account/Page_Users and Organizations - ASSIST/Edit' is clicked on

2018-12-13 15:07:08 - [TEST_STEP][PASSED] - delay: Delayed 3 second(s)

2018-12-13 15:07:11 - [MESSAGE][PASSED] - Delayed 3 second(s)

2018-12-13 15:07:11 - [TEST_STEP][PASSED] - click: Object: 'Object Repository/Final Object Repo/Creating Employer Account/Page_PERKESO - Users and Organizati/a_Password (Modified)' is clicked on

2018-12-13 15:07:11 - [MESSAGE][PASSED] - Object: 'Object Repository/Final Object Repo/Creating Employer Account/Page_PERKESO - Users and Organizati/a_Password (Modified)' is clicked on

2018-12-13 15:07:11 - [TEST_STEP][PASSED] - delay: Delayed 3 second(s)

2018-12-13 15:07:14 - [MESSAGE][PASSED] - Delayed 3 second(s)

2018-12-13 15:07:14 - [TEST_STEP][PASSED] - setEncryptedText: Text ****** has been set on object 'Object Repository/Final Object Repo/Creating Employer Account/Page_PERKESO - Users and Organizati/input__125_password1'

2018-12-13 15:07:14 - [MESSAGE][PASSED] - Text ****** has been set on object 'Object Repository/Final Object Repo/Creating Employer Account/Page_PERKESO - Users and Organizati/input__125_password1'

2018-12-13 15:07:14 - [TEST_STEP][PASSED] - delay: Delayed 3 second(s)

2018-12-13 15:07:17 - [MESSAGE][PASSED] - Delayed 3 second(s)

2018-12-13 15:07:17 - [TEST_STEP][PASSED] - setEncryptedText: Text ****** has been set on object 'Object Repository/Final Object Repo/Creating Employer Account/Page_PERKESO - Users and Organizati/input__125_password2'

2018-12-13 15:07:18 - [MESSAGE][PASSED] - Text ****** has been set on object 'Object Repository/Final Object Repo/Creating Employer Account/Page_PERKESO - Users and Organizati/input__125_password2'

2018-12-13 15:07:18 - [TEST_STEP][PASSED] - delay: Delayed 3 second(s)

2018-12-13 15:07:21 - [MESSAGE][PASSED] - Delayed 3 second(s)

2018-12-13 15:07:21 - [TEST_STEP][PASSED] - click: Object: 'Object Repository/Final Object Repo/Creating Employer Account/Page_PERKESO - Users and Organizati/Save' is clicked on

2018-12-13 15:07:22 - [MESSAGE][PASSED] - Object: 'Object Repository/Final Object Repo/Creating Employer Account/Page_PERKESO - Users and Organizati/Save' is clicked on

2018-12-13 15:07:22 - [MESSAGE][PASSED] - Call Test Case 'Test Cases/Final Aug 2018 - PKS Automation/Create Employer Acc/Template/Change Password of Employer' successfully

2018-12-13 15:07:22 - [TEST_STEP][PASSED] - delay: Delayed 1 second(s)

2018-12-13 15:07:23 - [MESSAGE][PASSED] - Delayed 1 second(s)

2018-12-13 15:07:23 - [TEST_STEP][PASSED] - navigateToUrl: Navigate to 'https://assist2-uat.perkeso.gov.my/c/portal/logout' successfully

2018-12-13 15:07:24 - [MESSAGE][PASSED] - Navigate to 'https://assist2-uat.perkeso.gov.my/c/portal/logout' successfully

2018-12-13 15:07:24 - [TEST_STEP][PASSED] - delay: Delayed 1 second(s)

2018-12-13 15:07:25 - [MESSAGE][PASSED] - Delayed 1 second(s)

2018-12-13 15:07:25 - [TEST_STEP][PASSED] - callTestCase: Call Test Case 'Test Cases/Final Aug 2018 - PKS Automation/Create Employer Acc/Template/Login to Employer Account (First Time)' successfully

2018-12-13 15:07:25 - [TEST_CASE][PASSED] - Test Cases/Final Aug 2018 - PKS Automation/Create Employer Acc/Template/Login to Employer Account (First Time): Test Cases/Final Aug 2018 - PKS Automation/Create Employer Acc/Template/Login to Employer Account (First Time)

2018-12-13 15:07:26 - [TEST_STEP][PASSED] - openBrowser: Browser is opened with url: ''

2018-12-13 15:07:26 - [MESSAGE][WARNING] - A browser is already opened. Closing browser and opening a new one

2018-12-13 15:07:29 - [MESSAGE][PASSED] - Browser is opened with url: ''

2018-12-13 15:07:29 - [TEST_STEP][PASSED] - navigateToUrl: Navigate to 'https://assist2-uat.perkeso.gov.my/employer/login' successfully

2018-12-13 15:07:31 - [MESSAGE][PASSED] - Navigate to 'https://assist2-uat.perkeso.gov.my/employer/login' successfully

2018-12-13 15:07:31 - [TEST_STEP][PASSED] - delay: Delayed 3 second(s)

2018-12-13 15:07:34 - [MESSAGE][PASSED] - Delayed 3 second(s)

2018-12-13 15:07:34 - [TEST_STEP][PASSED] - callTestCase: Call Test Case 'Test Cases/Final Aug 2018 - PKS Automation/Create Employer Acc/Template/Employer Email Getter' successfully

2018-12-13 15:07:34 - [TEST_CASE][PASSED] - Test Cases/Final Aug 2018 - PKS Automation/Create Employer Acc/Template/Employer Email Getter: Test Cases/Final Aug 2018 - PKS Automation/Create Employer Acc/Template/Employer Email Getter

2018-12-13 15:07:34 - [TEST_STEP][PASSED] - Statement - Try: null

2018-12-13 15:07:34 - [TEST_STEP][PASSED] - Statement - EmpEmail = new java.io.File(C://Users//Admin//Desktop//PKS//Automation Reference Point//EmpEmail.txt): null

2018-12-13 15:07:34 - [TEST_STEP][PASSED] - Statement - bufferread = new java.io.BufferedReader(new java.io.FileReader(EmpEmail)): null

2018-12-13 15:07:34 - [TEST_STEP][PASSED] - Statement - readedVal = bufferread.readLine(): null

2018-12-13 15:07:34 - [TEST_STEP][PASSED] - Statement - out.println(readedVal): null

2018-12-13 15:07:34 - [TEST_STEP][PASSED] - Statement - Email = readedVal: null

2018-12-13 15:07:34 - [MESSAGE][PASSED] - Call Test Case 'Test Cases/Final Aug 2018 - PKS Automation/Create Employer Acc/Template/Employer Email Getter' successfully

2018-12-13 15:07:34 - [TEST_STEP][PASSED] - setText: Text 'perkeso216846150698@gmail.com' is set on object 'Object Repository/Final Object Repo/Login Page/External Login Page/Email'

2018-12-13 15:07:34 - [MESSAGE][PASSED] - Text 'perkeso216846150698@gmail.com' is set on object 'Object Repository/Final Object Repo/Login Page/External Login Page/Email'

2018-12-13 15:07:34 - [TEST_STEP][PASSED] - click: Object: 'Object Repository/Final Object Repo/Login Page/External Login Page/Next' is clicked on

2018-12-13 15:07:35 - [MESSAGE][PASSED] - Object: 'Object Repository/Final Object Repo/Login Page/External Login Page/Next' is clicked on

2018-12-13 15:07:35 - [TEST_STEP][PASSED] - delay: Delayed 3 second(s)

2018-12-13 15:07:38 - [MESSAGE][PASSED] - Delayed 3 second(s)

2018-12-13 15:07:38 - [TEST_STEP][PASSED] - setEncryptedText: Text ****** has been set on object 'Object Repository/Final Object Repo/Login Page/External Login Page/Password'

2018-12-13 15:07:38 - [MESSAGE][PASSED] - Text ****** has been set on object 'Object Repository/Final Object Repo/Login Page/External Login Page/Password'

2018-12-13 15:07:38 - [TEST_STEP][PASSED] - click: Object: 'Object Repository/Final Object Repo/Login Page/External Login Page/Login' is clicked on

2018-12-13 15:07:38 - [MESSAGE][PASSED] - Object: 'Object Repository/Final Object Repo/Login Page/External Login Page/Login' is clicked on

2018-12-13 15:07:38 - [TEST_STEP][PASSED] - delay: Delayed 3 second(s)

2018-12-13 15:07:41 - [MESSAGE][PASSED] - Delayed 3 second(s)

2018-12-13 15:07:41 - [TEST_STEP][PASSED] - click: Object: 'Object Repository/Final Object Repo/Creating Employer Account/Page_Terms of Use - ASSIST/button_I Agree' is clicked on

2018-12-13 15:07:55 - [MESSAGE][PASSED] - Object: 'Object Repository/Final Object Repo/Creating Employer Account/Page_Terms of Use - ASSIST/button_I Agree' is clicked on

2018-12-13 15:07:55 - [TEST_STEP][PASSED] - delay: Delayed 2 second(s)

2018-12-13 15:07:57 - [MESSAGE][PASSED] - Delayed 2 second(s)

2018-12-13 15:07:57 - [TEST_STEP][PASSED] - setEncryptedText: Text ****** has been set on object 'Object Repository/Final Object Repo/Creating Employer Account/Page_New Password - ASSIST/input_password1'

2018-12-13 15:07:57 - [MESSAGE][PASSED] - Text ****** has been set on object 'Object Repository/Final Object Repo/Creating Employer Account/Page_New Password - ASSIST/input_password1'

2018-12-13 15:07:57 - [TEST_STEP][PASSED] - setEncryptedText: Text ****** has been set on object 'Object Repository/Final Object Repo/Creating Employer Account/Page_New Password - ASSIST/input_password2'

2018-12-13 15:07:58 - [MESSAGE][PASSED] - Text ****** has been set on object 'Object Repository/Final Object Repo/Creating Employer Account/Page_New Password - ASSIST/input_password2'

2018-12-13 15:07:58 - [TEST_STEP][PASSED] - delay: Delayed 2 second(s)

2018-12-13 15:08:00 - [MESSAGE][PASSED] - Delayed 2 second(s)

2018-12-13 15:08:00 - [TEST_STEP][PASSED] - click: Object: 'Object Repository/Final Object Repo/Creating Employer Account/Page_New Password - ASSIST/Save' is clicked on

2018-12-13 15:08:00 - [MESSAGE][PASSED] - Object: 'Object Repository/Final Object Repo/Creating Employer Account/Page_New Password - ASSIST/Save' is clicked on

2018-12-13 15:08:00 - [TEST_STEP][PASSED] - delay: Delayed 2 second(s)

2018-12-13 15:08:02 - [MESSAGE][PASSED] - Delayed 2 second(s)

2018-12-13 15:08:02 - [TEST_STEP][PASSED] - setText: Text 'test' is set on object 'Object Repository/Final Object Repo/Creating Employer Account/Page_Password Reminder - ASSIST/Reminder Query Answer'

2018-12-13 15:08:02 - [MESSAGE][PASSED] - Text 'test' is set on object 'Object Repository/Final Object Repo/Creating Employer Account/Page_Password Reminder - ASSIST/Reminder Query Answer'

2018-12-13 15:08:02 - [TEST_STEP][PASSED] - delay: Delayed 2 second(s)

2018-12-13 15:08:04 - [MESSAGE][PASSED] - Delayed 2 second(s)

2018-12-13 15:08:04 - [TEST_STEP][PASSED] - doubleClick: Object: 'Object Repository/Final Object Repo/Creating Employer Account/Page_Password Reminder - ASSIST/Save' is double clicked on

2018-12-13 15:08:04 - [MESSAGE][PASSED] - Object: 'Object Repository/Final Object Repo/Creating Employer Account/Page_Password Reminder - ASSIST/Save' is double clicked on

2018-12-13 15:08:04 - [MESSAGE][PASSED] - Call Test Case 'Test Cases/Final Aug 2018 - PKS Automation/Create Employer Acc/Template/Login to Employer Account (First Time)' successfully

2018-12-13 15:08:04 - [MESSAGE][PASSED] - Call Test Case 'Test Cases/Final Aug 2018 - PKS Automation/Create Employer Acc/Create Employer Account' successfully

2018-12-13 15:08:04 - [TEST_STEP][PASSED] - callTestCase: Call Test Case 'Test Cases/Final Aug 2018 - PKS Automation/Registration Module/Log Out/log out avoiding katalon tagging' successfully

2018-12-13 15:08:04 - [TEST_CASE][PASSED] - Test Cases/Final Aug 2018 - PKS Automation/Registration Module/Log Out/log out avoiding katalon tagging: Test Cases/Final Aug 2018 - PKS Automation/Registration Module/Log Out/log out avoiding katalon tagging

2018-12-13 15:08:05 - [TEST_STEP][PASSED] - navigateToUrl: Navigate to 'https://assist2-uat.perkeso.gov.my/c/portal/logout' successfully

2018-12-13 15:08:07 - [MESSAGE][PASSED] - Navigate to 'https://assist2-uat.perkeso.gov.my/c/portal/logout' successfully

2018-12-13 15:08:07 - [MESSAGE][PASSED] - Call Test Case 'Test Cases/Final Aug 2018 - PKS Automation/Registration Module/Log Out/log out avoiding katalon tagging' successfully

2018-12-13 15:08:07 - [TEST_STEP][PASSED] - callTestCase: Call Test Case 'Test Cases/Final Aug 2018 - PKS Automation/Create Employer Acc/Login to Employer Account (Second time)' successfully

2018-12-13 15:08:07 - [TEST_CASE][PASSED] - Test Cases/Final Aug 2018 - PKS Automation/Create Employer Acc/Login to Employer Account (Second time): Test Cases/Final Aug 2018 - PKS Automation/Create Employer Acc/Login to Employer Account (Second time)

2018-12-13 15:08:08 - [TEST_STEP][PASSED] - openBrowser: Browser is opened with url: ''

2018-12-13 15:08:08 - [MESSAGE][WARNING] - A browser is already opened. Closing browser and opening a new one

2018-12-13 15:08:10 - [MESSAGE][PASSED] - Browser is opened with url: ''

2018-12-13 15:08:10 - [TEST_STEP][PASSED] - navigateToUrl: Navigate to 'https://assist2-uat.perkeso.gov.my/employer/login' successfully

2018-12-13 15:08:11 - [MESSAGE][PASSED] - Navigate to 'https://assist2-uat.perkeso.gov.my/employer/login' successfully

2018-12-13 15:08:11 - [TEST_STEP][PASSED] - delay: Delayed 3 second(s)

2018-12-13 15:08:14 - [MESSAGE][PASSED] - Delayed 3 second(s)

2018-12-13 15:08:14 - [TEST_STEP][PASSED] - callTestCase: Call Test Case 'Test Cases/Final Aug 2018 - PKS Automation/Create Employer Acc/Template/Employer Email Getter' successfully

2018-12-13 15:08:15 - [TEST_CASE][PASSED] - Test Cases/Final Aug 2018 - PKS Automation/Create Employer Acc/Template/Employer Email Getter: Test Cases/Final Aug 2018 - PKS Automation/Create Employer Acc/Template/Employer Email Getter

2018-12-13 15:08:15 - [TEST_STEP][PASSED] - Statement - Try: null

2018-12-13 15:08:15 - [TEST_STEP][PASSED] - Statement - EmpEmail = new java.io.File(C://Users//Admin//Desktop//PKS//Automation Reference Point//EmpEmail.txt): null

2018-12-13 15:08:15 - [TEST_STEP][PASSED] - Statement - bufferread = new java.io.BufferedReader(new java.io.FileReader(EmpEmail)): null

2018-12-13 15:08:15 - [TEST_STEP][PASSED] - Statement - readedVal = bufferread.readLine(): null

2018-12-13 15:08:15 - [TEST_STEP][PASSED] - Statement - out.println(readedVal): null

2018-12-13 15:08:15 - [TEST_STEP][PASSED] - Statement - Email = readedVal: null

2018-12-13 15:08:15 - [MESSAGE][PASSED] - Call Test Case 'Test Cases/Final Aug 2018 - PKS Automation/Create Employer Acc/Template/Employer Email Getter' successfully

2018-12-13 15:08:15 - [TEST_STEP][PASSED] - setText: Text 'perkeso216846150698@gmail.com' is set on object 'Object Repository/Final Object Repo/Login Page/External Login Page/Email'

2018-12-13 15:08:15 - [MESSAGE][PASSED] - Text 'perkeso216846150698@gmail.com' is set on object 'Object Repository/Final Object Repo/Login Page/External Login Page/Email'

2018-12-13 15:08:15 - [TEST_STEP][PASSED] - click: Object: 'Object Repository/Final Object Repo/Login Page/External Login Page/Next' is clicked on

2018-12-13 15:08:15 - [MESSAGE][PASSED] - Object: 'Object Repository/Final Object Repo/Login Page/External Login Page/Next' is clicked on

2018-12-13 15:08:15 - [TEST_STEP][PASSED] - delay: Delayed 3 second(s)

2018-12-13 15:08:18 - [MESSAGE][PASSED] - Delayed 3 second(s)

2018-12-13 15:08:18 - [TEST_STEP][PASSED] - setEncryptedText: Text ****** has been set on object 'Object Repository/Final Object Repo/Login Page/External Login Page/Password'

2018-12-13 15:08:18 - [MESSAGE][PASSED] - Text ****** has been set on object 'Object Repository/Final Object Repo/Login Page/External Login Page/Password'

2018-12-13 15:08:18 - [TEST_STEP][PASSED] - click: Object: 'Object Repository/Final Object Repo/Login Page/External Login Page/Login' is clicked on

2018-12-13 15:08:19 - [MESSAGE][PASSED] - Object: 'Object Repository/Final Object Repo/Login Page/External Login Page/Login' is clicked on

2018-12-13 15:08:19 - [TEST_STEP][PASSED] - delay: Delayed 5 second(s)

2018-12-13 15:08:24 - [MESSAGE][PASSED] - Delayed 5 second(s)

2018-12-13 15:08:24 - [MESSAGE][PASSED] - Call Test Case 'Test Cases/Final Aug 2018 - PKS Automation/Create Employer Acc/Login to Employer Account (Second time)' successfully

2018-12-13 15:08:24 - [TEST_STEP][PASSED] - delay: Delayed 4 second(s)

2018-12-13 15:08:28 - [MESSAGE][PASSED] - Delayed 4 second(s)

2018-12-13 15:08:28 - [TEST_STEP][PASSED] - Statement - Try: Delayed 2 second(s)

2018-12-13 15:08:28 - [TEST_STEP][PASSED] - Statement - Checker = false: null

2018-12-13 15:08:28 - [TEST_STEP][PASSED] - Statement - Checker = com.kms.katalon.core.webui.keyword.WebUiBuiltInKeywords.verifyElementHasAttribute(com.kms.katalon.core.testobject.ObjectRepository.findTestObject(Final Object Repo/Landing Page/BM Detecting), "href", 20, OPTIONAL): Object 'Object Repository/Final Object Repo/Landing Page/BM Detecting' has attribute 'href'

2018-12-13 15:08:28 - [MESSAGE][PASSED] - Object 'Object Repository/Final Object Repo/Landing Page/BM Detecting' has attribute 'href'

2018-12-13 15:08:28 - [TEST_STEP][PASSED] - Statement - out.println(Checker): null

2018-12-13 15:08:28 - [TEST_STEP][PASSED] - Statement - If (Checker == false): null

2018-12-13 15:08:28 - [TEST_STEP][PASSED] - Statement - Else: null

2018-12-13 15:08:28 - [TEST_STEP][PASSED] - delay: Delayed 2 second(s)

2018-12-13 15:08:30 - [MESSAGE][PASSED] - Delayed 2 second(s)

2018-12-13 15:08:30 - [TEST_STEP][PASSED] - delay: Delayed 4 second(s)

2018-12-13 15:08:34 - [MESSAGE][PASSED] - Delayed 4 second(s)

2018-12-13 15:08:34 - [TEST_STEP][PASSED] - click: Object: 'Object Repository/Final Object Repo/Landing Page/My Sites Drop Down' is clicked on

2018-12-13 15:08:34 - [MESSAGE][PASSED] - Object: 'Object Repository/Final Object Repo/Landing Page/My Sites Drop Down' is clicked on

2018-12-13 15:08:34 - [TEST_STEP][PASSED] - click: Object: 'Object Repository/Final Object Repo/Landing Page/Select to Registration Module' is clicked on

2018-12-13 15:08:37 - [MESSAGE][PASSED] - Object: 'Object Repository/Final Object Repo/Landing Page/Select to Registration Module' is clicked on

2018-12-13 15:08:37 - [TEST_STEP][PASSED] - click: Object: 'Object Repository/Final Object Repo/Landing Page/Registration Button' is clicked on

2018-12-13 15:08:38 - [MESSAGE][PASSED] - Object: 'Object Repository/Final Object Repo/Landing Page/Registration Button' is clicked on

2018-12-13 15:08:38 - [TEST_STEP][PASSED] - delay: Delayed 2 second(s)

2018-12-13 15:08:40 - [MESSAGE][PASSED] - Delayed 2 second(s)

2018-12-13 15:08:40 - [TEST_STEP][PASSED] - click: Object: 'Object Repository/Final Object Repo/New Registration - Registration Module Pages/New Reg - OTC to RO/Special Case - OTC - Form 1/AEC NO' is clicked on

2018-12-13 15:08:41 - [MESSAGE][PASSED] - Object: 'Object Repository/Final Object Repo/New Registration - Registration Module Pages/New Reg - OTC to RO/Special Case - OTC - Form 1/AEC NO' is clicked on

2018-12-13 15:08:41 - [TEST_STEP][PASSED] - click: Object: 'Object Repository/Final Object Repo/New Registration - Registration Module Pages/New Reg - OTC to RO/Special Case - OTC - Form 1/Business Entity - Please Select' is clicked on

2018-12-13 15:08:41 - [MESSAGE][PASSED] - Object: 'Object Repository/Final Object Repo/New Registration - Registration Module Pages/New Reg - OTC to RO/Special Case - OTC - Form 1/Business Entity - Please Select' is clicked on

2018-12-13 15:08:41 - [TEST_STEP][PASSED] - click: Object: 'Object Repository/Final Object Repo/New Registration - Registration Module Pages/New Reg - OTC to RO/Special Case - OTC - Form 1/Selected - Corporation' is clicked on

2018-12-13 15:08:41 - [MESSAGE][PASSED] - Object: 'Object Repository/Final Object Repo/New Registration - Registration Module Pages/New Reg - OTC to RO/Special Case - OTC - Form 1/Selected - Corporation' is clicked on

2018-12-13 15:08:41 - [TEST_STEP][PASSED] - delay: Delayed 2 second(s)

2018-12-13 15:08:43 - [MESSAGE][PASSED] - Delayed 2 second(s)

2018-12-13 15:08:43 - [TEST_STEP][PASSED] - click: Object: 'Object Repository/Final Object Repo/New Registration - Registration Module Pages/New Reg - OTC to RO/Special Case - OTC - Form 1/Sub Business Entity - Please Select' is clicked on

2018-12-13 15:08:43 - [MESSAGE][PASSED] - Object: 'Object Repository/Final Object Repo/New Registration - Registration Module Pages/New Reg - OTC to RO/Special Case - OTC - Form 1/Sub Business Entity - Please Select' is clicked on

2018-12-13 15:08:43 - [TEST_STEP][PASSED] - delay: Delayed 2 second(s)

2018-12-13 15:08:45 - [MESSAGE][PASSED] - Delayed 2 second(s)

2018-12-13 15:08:45 - [TEST_STEP][PASSED] - click: Object: 'Object Repository/Final Object Repo/New Registration - Registration Module Pages/New Reg - OTC to RO/Special Case - OTC - Form 1/Selected - Sendirian Berhad' is clicked on

2018-12-13 15:08:45 - [MESSAGE][PASSED] - Object: 'Object Repository/Final Object Repo/New Registration - Registration Module Pages/New Reg - OTC to RO/Special Case - OTC - Form 1/Selected - Sendirian Berhad' is clicked on

2018-12-13 15:08:45 - [TEST_STEP][PASSED] - setText: Text 'AUTOMATE001' is set on object 'Object Repository/Final Object Repo/New Registration - Registration Module Pages/New Reg - OTC to RO/Special Case - OTC - Form 1/Input BRN Number'

2018-12-13 15:08:46 - [MESSAGE][PASSED] - Text 'AUTOMATE001' is set on object 'Object Repository/Final Object Repo/New Registration - Registration Module Pages/New Reg - OTC to RO/Special Case - OTC - Form 1/Input BRN Number'

2018-12-13 15:08:46 - [TEST_STEP][PASSED] - delay: Delayed 2 second(s)

2018-12-13 15:08:48 - [MESSAGE][PASSED] - Delayed 2 second(s)

2018-12-13 15:08:48 - [TEST_STEP][PASSED] - click: Object: 'Object Repository/Final Object Repo/New Registration - Registration Module Pages/New Reg - OTC to RO/Special Case - OTC - Form 1/BRN Search' is clicked on

2018-12-13 15:08:48 - [MESSAGE][PASSED] - Object: 'Object Repository/Final Object Repo/New Registration - Registration Module Pages/New Reg - OTC to RO/Special Case - OTC - Form 1/BRN Search' is clicked on

2018-12-13 15:08:48 - [TEST_STEP][PASSED] - delay: Delayed 4 second(s)

2018-12-13 15:08:52 - [MESSAGE][PASSED] - Delayed 4 second(s)

2018-12-13 15:08:52 - [TEST_STEP][PASSED] - click: Object: 'Object Repository/Final Object Repo/New Registration - Registration Module Pages/New Reg - OTC to RO/Special Case - OTC - Form 1/Registered with SSM - After Feb 2017' is clicked on

2018-12-13 15:08:52 - [MESSAGE][PASSED] - Object: 'Object Repository/Final Object Repo/New Registration - Registration Module Pages/New Reg - OTC to RO/Special Case - OTC - Form 1/Registered with SSM - After Feb 2017' is clicked on

2018-12-13 15:08:52 - [TEST_STEP][PASSED] - delay: Delayed 2 second(s)

2018-12-13 15:08:54 - [MESSAGE][PASSED] - Delayed 2 second(s)

2018-12-13 15:08:54 - [TEST_STEP][PASSED] - click: Object: 'Object Repository/Final Object Repo/New Registration - Registration Module Pages/Form 1/Registered As a Branch - Yes' is clicked on

2018-12-13 15:08:55 - [MESSAGE][PASSED] - Object: 'Object Repository/Final Object Repo/New Registration - Registration Module Pages/Form 1/Registered As a Branch - Yes' is clicked on

2018-12-13 15:08:55 - [TEST_STEP][PASSED] - click: Object: 'Object Repository/Final Object Repo/New Registration - Registration Module Pages/New Reg - OTC to RO/Special Case - OTC - Form 1/Acknowledgement Ticked' is clicked on

2018-12-13 15:08:55 - [MESSAGE][PASSED] - Object: 'Object Repository/Final Object Repo/New Registration - Registration Module Pages/New Reg - OTC to RO/Special Case - OTC - Form 1/Acknowledgement Ticked' is clicked on

2018-12-13 15:08:55 - [TEST_STEP][PASSED] - setText: Text 'perkeso216846150698@gmail.com' is set on object 'Object Repository/Final Object Repo/New Registration - Registration Module Pages/Form 1/Email'

2018-12-13 15:08:56 - [MESSAGE][PASSED] - Text 'perkeso216846150698@gmail.com' is set on object 'Object Repository/Final Object Repo/New Registration - Registration Module Pages/Form 1/Email'

2018-12-13 15:08:56 - [TEST_STEP][PASSED] - click: Object: 'Object Repository/Final Object Repo/New Registration - Registration Module Pages/New Reg - OTC to RO/Special Case - OTC - Form 1/Submit Button' is clicked on

2018-12-13 15:08:56 - [MESSAGE][PASSED] - Object: 'Object Repository/Final Object Repo/New Registration - Registration Module Pages/New Reg - OTC to RO/Special Case - OTC - Form 1/Submit Button' is clicked on

2018-12-13 15:08:56 - [TEST_STEP][PASSED] - callTestCase: Call Test Case 'Test Cases/Final Aug 2018 - PKS Automation/Registration Module/New Registration/Form 2/Add 1 Eligible - Employer Account Use' successfully

2018-12-13 15:08:56 - [TEST_CASE][PASSED] - Test Cases/Final Aug 2018 - PKS Automation/Registration Module/New Registration/Form 2/Add 1 Eligible - Employer Account Use: Test Cases/Final Aug 2018 - PKS Automation/Registration Module/New Registration/Form 2/Add 1 Eligible - Employer Account Use

2018-12-13 15:08:56 - [TEST_STEP][PASSED] - delay: Delayed 2 second(s)

2018-12-13 15:08:58 - [MESSAGE][PASSED] - Delayed 2 second(s)

2018-12-13 15:08:58 - [TEST_STEP][PASSED] - callTestCase: Call Test Case 'Test Cases/Final Aug 2018 - PKS Automation/Registration Module/New Registration/Form 2/Date Updater' successfully

2018-12-13 15:08:58 - [TEST_CASE][PASSED] - Test Cases/Final Aug 2018 - PKS Automation/Registration Module/New Registration/Form 2/Date Updater: Test Cases/Final Aug 2018 - PKS Automation/Registration Module/New Registration/Form 2/Date Updater

2018-12-13 15:08:59 - [TEST_STEP][PASSED] - Statement - TodayDate = new java.util.Date(): null

2018-12-13 15:08:59 - [TEST_STEP][PASSED] - Statement - CurrentDateNoFilter = new java.text.SimpleDateFormat(): null

2018-12-13 15:08:59 - [TEST_STEP][PASSED] - Statement - CurrentDateNoFilter.applyPattern("MM"): null

2018-12-13 15:08:59 - [TEST_STEP][PASSED] - Statement - monthContainerMatcher = java.lang.Integer.parseInt(CurrentDateNoFilter.format(TodayDate)): null

2018-12-13 15:08:59 - [TEST_STEP][PASSED] - Statement - monthContainerMatcher = monthContainerMatcher - 1: null

2018-12-13 15:08:59 - [TEST_STEP][PASSED] - Statement - CurrentMonth = monthContainerMatcher.toString(): null

2018-12-13 15:08:59 - [TEST_STEP][PASSED] - Statement - CurrentMonth = CurrentMonth: null

2018-12-13 15:08:59 - [TEST_STEP][PASSED] - Statement - CurrentDateNoFilter.applyPattern("yyyy"): null

2018-12-13 15:08:59 - [TEST_STEP][PASSED] - Statement - CurrentYear = CurrentDateNoFilter.format(TodayDate): null

2018-12-13 15:08:59 - [TEST_STEP][PASSED] - Statement - CurrentYear = CurrentYear: null

2018-12-13 15:08:59 - [TEST_STEP][PASSED] - Statement - intCurrentYear = java.lang.Integer.parseInt(CurrentDateNoFilter.format(TodayDate)): null

2018-12-13 15:08:59 - [TEST_STEP][PASSED] - Statement - eighteenYrsAgo = intCurrentYear - 18: null

2018-12-13 15:08:59 - [TEST_STEP][PASSED] - Statement - eighteenYrsBeforeThisYr = eighteenYrsAgo.toString(): null

2018-12-13 15:08:59 - [TEST_STEP][PASSED] - Statement - EighteenYrsBefore = eighteenYrsBeforeThisYr: null

2018-12-13 15:08:59 - [TEST_STEP][PASSED] - Statement - fiftysevenYrsAgo = intCurrentYear - 57: null

2018-12-13 15:08:59 - [TEST_STEP][PASSED] - Statement - fiftysevenYrsBeforeThisYr = fiftysevenYrsAgo.toString(): null

2018-12-13 15:08:59 - [TEST_STEP][PASSED] - Statement - FiftysevenYrsBefore = fiftysevenYrsBeforeThisYr: null

2018-12-13 15:08:59 - [TEST_STEP][PASSED] - Statement - leapYear = false: null

2018-12-13 15:08:59 - [TEST_STEP][PASSED] - Statement - leapYear = intCurrentYear % 4 == 0: null

2018-12-13 15:08:59 - [TEST_STEP][PASSED] - Statement - CurrentDateNoFilter.applyPattern("dd"): null

2018-12-13 15:08:59 - [TEST_STEP][PASSED] - Statement - CurrentDate = CurrentDateNoFilter.format(TodayDate): null

2018-12-13 15:08:59 - [TEST_STEP][PASSED] - Statement - CurrentDate = java.lang.Integer.parseInt(CurrentDate): null

2018-12-13 15:08:59 - [TEST_STEP][PASSED] - Statement - CurrentDate = CurrentDate: null

2018-12-13 15:08:59 - [TEST_STEP][PASSED] - Statement - CurrentDay = java.lang.Integer.parseInt(CurrentDate): null

2018-12-13 15:08:59 - [TEST_STEP][PASSED] - Statement - ConfAdder = <not implemented yet for class: org.codehaus.groovy.ast.expr.EmptyExpression>: null

2018-12-13 15:08:59 - [TEST_STEP][PASSED] - Statement - out.println(CurrentMonth): null

2018-12-13 15:08:59 - [TEST_STEP][PASSED] - Statement - out.println(CurrentDate): null

2018-12-13 15:08:59 - [TEST_STEP][PASSED] - Statement - switch (CurrentDate): null

2018-12-13 15:08:59 - [TEST_STEP][PASSED] - Statement - Default: null

2018-12-13 15:08:59 - [TEST_STEP][PASSED] - Statement - ConfAdder = true: null

2018-12-13 15:08:59 - [TEST_STEP][PASSED] - Statement - Break: null

2018-12-13 15:08:59 - [TEST_STEP][PASSED] - Statement - aDayBefore = <not implemented yet for class: org.codehaus.groovy.ast.expr.EmptyExpression>: null

2018-12-13 15:08:59 - [TEST_STEP][PASSED] - Statement - out.println(ConfAdder): null

2018-12-13 15:08:59 - [TEST_STEP][PASSED] - Statement - If (ConfAdder == true): null

2018-12-13 15:08:59 - [TEST_STEP][PASSED] - Statement - aDayBefore = CurrentDay + 1: null

2018-12-13 15:08:59 - [TEST_STEP][PASSED] - Statement - out.println(aDayBefore): null

2018-12-13 15:08:59 - [TEST_STEP][PASSED] - Statement - If (aDayBefore == 1 && CurrentMonth == 11): null

2018-12-13 15:08:59 - [TEST_STEP][PASSED] - Statement - DayBefore = aDayBefore.toString(): null

2018-12-13 15:08:59 - [TEST_STEP][PASSED] - Statement - OneDayBefore = DayBefore: null

2018-12-13 15:08:59 - [MESSAGE][PASSED] - Call Test Case 'Test Cases/Final Aug 2018 - PKS Automation/Registration Module/New Registration/Form 2/Date Updater' successfully

2018-12-13 15:08:59 - [TEST_STEP][PASSED] - delay: Delayed 1 second(s)

2018-12-13 15:09:00 - [MESSAGE][PASSED] - Delayed 1 second(s)

2018-12-13 15:09:00 - [TEST_STEP][PASSED] - Statement - CaseReferenceNo = com.kms.katalon.core.webui.keyword.WebUiBuiltInKeywords.getText(com.kms.katalon.core.testobject.ObjectRepository.findTestObject(Final Object Repo/New Registration - Registration Module Pages/Form 2/RefNo Acquiring)): Text of object 'Object Repository/Final Object Repo/New Registration - Registration Module Pages/Form 2/RefNo Acquiring' is: 'CRN12201800123284'

2018-12-13 15:09:00 - [MESSAGE][PASSED] - Text of object 'Object Repository/Final Object Repo/New Registration - Registration Module Pages/Form 2/RefNo Acquiring' is: 'CRN12201800123284'

2018-12-13 15:09:00 - [TEST_STEP][PASSED] - delay: Delayed 1 second(s)

2018-12-13 15:09:01 - [MESSAGE][PASSED] - Delayed 1 second(s)

2018-12-13 15:09:01 - [TEST_STEP][PASSED] - click: Object: 'Object Repository/Final Object Repo/New Registration - Registration Module Pages/Form 2/Add Employee Button' is clicked on

2018-12-13 15:09:01 - [MESSAGE][PASSED] - Object: 'Object Repository/Final Object Repo/New Registration - Registration Module Pages/Form 2/Add Employee Button' is clicked on

2018-12-13 15:09:01 - [TEST_STEP][PASSED] - delay: Delayed 1 second(s)

2018-12-13 15:09:02 - [MESSAGE][PASSED] - Delayed 1 second(s)

2018-12-13 15:09:02 - [TEST_STEP][PASSED] - setText: Text '010903091948' is set on object 'Object Repository/Final Object Repo/New Registration - Registration Module Pages/Form 2/NRIC Input'

2018-12-13 15:09:05 - [MESSAGE][PASSED] - Text '010903091948' is set on object 'Object Repository/Final Object Repo/New Registration - Registration Module Pages/Form 2/NRIC Input'

2018-12-13 15:09:05 - [TEST_STEP][PASSED] - delay: Delayed 2 second(s)

2018-12-13 15:09:07 - [MESSAGE][PASSED] - Delayed 2 second(s)

2018-12-13 15:09:07 - [TEST_STEP][PASSED] - setText: Text 'Automate001 eligible 1' is set on object 'Object Repository/Final Object Repo/New Registration - Registration Module Pages/Form 2/Employee Name Input'

2018-12-13 15:09:07 - [MESSAGE][PASSED] - Text 'Automate001 eligible 1' is set on object 'Object Repository/Final Object Repo/New Registration - Registration Module Pages/Form 2/Employee Name Input'

2018-12-13 15:09:07 - [TEST_STEP][PASSED] - delay: Delayed 2 second(s)

2018-12-13 15:09:09 - [MESSAGE][PASSED] - Delayed 2 second(s)

2018-12-13 15:09:09 - [TEST_STEP][PASSED] - click: Object: 'Object Repository/Final Object Repo/New Registration - Registration Module Pages/Form 2/DatePicker Pop Up' is clicked on

2018-12-13 15:09:09 - [MESSAGE][PASSED] - Object: 'Object Repository/Final Object Repo/New Registration - Registration Module Pages/Form 2/DatePicker Pop Up' is clicked on

2018-12-13 15:09:09 - [TEST_STEP][PASSED] - click: Object: 'Object Repository/Final Object Repo/New Registration - Registration Module Pages/Form 2/DOB Month' is clicked on

2018-12-13 15:09:10 - [MESSAGE][PASSED] - Object: 'Object Repository/Final Object Repo/New Registration - Registration Module Pages/Form 2/DOB Month' is clicked on

2018-12-13 15:09:10 - [TEST_STEP][PASSED] - Statement - CurrentMonth = CurrentMonth: null

2018-12-13 15:09:10 - [TEST_STEP][PASSED] - Statement - selectMonth = new com.kms.katalon.core.testobject.TestObject(): null

2018-12-13 15:09:10 - [TEST_STEP][PASSED] - Statement - selectMonth.addProperty("xpath", EQUALS, "//body/div/div/div/select/option[@value='" + CurrentMonth + "']", true): null

2018-12-13 15:09:10 - [TEST_STEP][PASSED] - click: Object: '' is clicked on

2018-12-13 15:09:10 - [MESSAGE][PASSED] - Object: '' is clicked on

2018-12-13 15:09:10 - [TEST_STEP][PASSED] - click: Object: 'Object Repository/Final Object Repo/New Registration - Registration Module Pages/Form 2/DOB Year' is clicked on

2018-12-13 15:09:10 - [MESSAGE][PASSED] - Object: 'Object Repository/Final Object Repo/New Registration - Registration Module Pages/Form 2/DOB Year' is clicked on

2018-12-13 15:09:10 - [TEST_STEP][PASSED] - Statement - Eyearsbf = EighteenYrsBefore: null

2018-12-13 15:09:10 - [TEST_STEP][PASSED] - Statement - selectYear = new com.kms.katalon.core.testobject.TestObject(): null

2018-12-13 15:09:10 - [TEST_STEP][PASSED] - Statement - selectYear.addProperty("xpath", EQUALS, "//div/div/div/select/option[@value='" + Eyearsbf + "']", true): null

2018-12-13 15:09:10 - [TEST_STEP][PASSED] - click: Object: '' is clicked on

2018-12-13 15:09:10 - [MESSAGE][PASSED] - Object: '' is clicked on

2018-12-13 15:09:10 - [TEST_STEP][PASSED] - Statement - UpdatedSelectDate = com.kms.katalon.core.webui.keyword.WebUiBuiltInKeywords.modifyObjectProperty(com.kms.katalon.core.testobject.ObjectRepository.findTestObject(Final Object Repo/New Registration - Registration Module Pages/Form 2/DOB Date), "xpath", "equals", "//body/div/table/tbody/tr/td/a[text()="" + CurrentDate + ""]", true): Modify property of object successfully

2018-12-13 15:09:10 - [MESSAGE][PASSED] - Modify property of object successfully

2018-12-13 15:09:10 - [TEST_STEP][PASSED] - delay: Delayed 3 second(s)

2018-12-13 15:09:13 - [MESSAGE][PASSED] - Delayed 3 second(s)

2018-12-13 15:09:13 - [TEST_STEP][PASSED] - click: Object: 'Object Repository/Final Object Repo/New Registration - Registration Module Pages/Form 2/DOB Date' is clicked on

2018-12-13 15:09:13 - [MESSAGE][PASSED] - Object: 'Object Repository/Final Object Repo/New Registration - Registration Module Pages/Form 2/DOB Date' is clicked on

2018-12-13 15:09:13 - [TEST_STEP][PASSED] - delay: Delayed 2 second(s)

2018-12-13 15:09:15 - [MESSAGE][PASSED] - Delayed 2 second(s)

2018-12-13 15:09:15 - [TEST_STEP][PASSED] - click: Object: 'Object Repository/Final Object Repo/New Registration - Registration Module Pages/Form 2/EmploymentStartDate Pop Up' is clicked on

2018-12-13 15:09:15 - [MESSAGE][PASSED] - Object: 'Object Repository/Final Object Repo/New Registration - Registration Module Pages/Form 2/EmploymentStartDate Pop Up' is clicked on

2018-12-13 15:09:15 - [TEST_STEP][PASSED] - delay: Delayed 2 second(s)

2018-12-13 15:09:17 - [MESSAGE][PASSED] - Delayed 2 second(s)

2018-12-13 15:09:17 - [TEST_STEP][PASSED] - click: Object: 'Object Repository/Final Object Repo/New Registration - Registration Module Pages/Form 2/Socso Employment StartDate Month' is clicked on

2018-12-13 15:09:18 - [MESSAGE][PASSED] - Object: 'Object Repository/Final Object Repo/New Registration - Registration Module Pages/Form 2/Socso Employment StartDate Month' is clicked on

2018-12-13 15:09:18 - [TEST_STEP][PASSED] - delay: Delayed 1 second(s)

2018-12-13 15:09:19 - [MESSAGE][PASSED] - Delayed 1 second(s)

2018-12-13 15:09:19 - [TEST_STEP][PASSED] - click: Object: 'Object Repository/Final Object Repo/New Registration - Registration Module Pages/Form 2/Select Socso Employement Startdate Month' is clicked on

2018-12-13 15:09:19 - [MESSAGE][PASSED] - Object: 'Object Repository/Final Object Repo/New Registration - Registration Module Pages/Form 2/Select Socso Employement Startdate Month' is clicked on

2018-12-13 15:09:19 - [TEST_STEP][PASSED] - delay: Delayed 2 second(s)

2018-12-13 15:09:21 - [MESSAGE][PASSED] - Delayed 2 second(s)

2018-12-13 15:09:21 - [TEST_STEP][PASSED] - click: Object: 'Object Repository/Final Object Repo/New Registration - Registration Module Pages/Form 2/Socso Employment StartDate Year' is clicked on

2018-12-13 15:09:21 - [MESSAGE][PASSED] - Object: 'Object Repository/Final Object Repo/New Registration - Registration Module Pages/Form 2/Socso Employment StartDate Year' is clicked on

2018-12-13 15:09:21 - [TEST_STEP][PASSED] - delay: Delayed 1 second(s)

2018-12-13 15:09:22 - [MESSAGE][PASSED] - Delayed 1 second(s)

2018-12-13 15:09:22 - [TEST_STEP][PASSED] - click: Object: 'Object Repository/Final Object Repo/New Registration - Registration Module Pages/Form 2/Select Socso Employment Startdate Year' is clicked on

2018-12-13 15:09:22 - [MESSAGE][PASSED] - Object: 'Object Repository/Final Object Repo/New Registration - Registration Module Pages/Form 2/Select Socso Employment Startdate Year' is clicked on

2018-12-13 15:09:22 - [TEST_STEP][PASSED] - delay: Delayed 2 second(s)

2018-12-13 15:09:24 - [MESSAGE][PASSED] - Delayed 2 second(s)

2018-12-13 15:09:24 - [TEST_STEP][PASSED] - click: Object: 'Object Repository/Final Object Repo/New Registration - Registration Module Pages/Form 2/Socso Employment Start Date Day' is clicked on

2018-12-13 15:09:24 - [MESSAGE][PASSED] - Object: 'Object Repository/Final Object Repo/New Registration - Registration Module Pages/Form 2/Socso Employment Start Date Day' is clicked on

2018-12-13 15:09:24 - [TEST_STEP][PASSED] - delay: Delayed 2 second(s)

2018-12-13 15:09:26 - [MESSAGE][PASSED] - Delayed 2 second(s)

2018-12-13 15:09:26 - [TEST_STEP][PASSED] - click: Object: 'Object Repository/Final Object Repo/New Registration - Registration Module Pages/Form 2/Save Button for Add Employee' is clicked on

2018-12-13 15:09:27 - [MESSAGE][PASSED] - Object: 'Object Repository/Final Object Repo/New Registration - Registration Module Pages/Form 2/Save Button for Add Employee' is clicked on

2018-12-13 15:09:27 - [TEST_STEP][PASSED] - delay: Delayed 6 second(s)

2018-12-13 15:09:33 - [MESSAGE][PASSED] - Delayed 6 second(s)

2018-12-13 15:09:33 - [TEST_STEP][PASSED] - click: Object: 'Object Repository/Final Object Repo/New Registration - Registration Module Pages/Form 2/Save and Continue Form 2' is clicked on

2018-12-13 15:09:33 - [MESSAGE][PASSED] - Object: 'Object Repository/Final Object Repo/New Registration - Registration Module Pages/Form 2/Save and Continue Form 2' is clicked on

2018-12-13 15:09:33 - [MESSAGE][PASSED] - Call Test Case 'Test Cases/Final Aug 2018 - PKS Automation/Registration Module/New Registration/Form 2/Add 1 Eligible - Employer Account Use' successfully

2018-12-13 15:09:33 - [TEST_STEP][PASSED] - callTestCase: Call Test Case 'Test Cases/Final Aug 2018 - PKS Automation/Registration Module/New Registration/Flow of New Registration/Third Screen - Upload Supporting Doc - Preview' successfully

2018-12-13 15:09:33 - [TEST_CASE][PASSED] - Test Cases/Final Aug 2018 - PKS Automation/Registration Module/New Registration/Flow of New Registration/Third Screen - Upload Supporting Doc - Preview: Test Cases/Final Aug 2018 - PKS Automation/Registration Module/New Registration/Flow of New Registration/Third Screen - Upload Supporting Doc - Preview

2018-12-13 15:09:33 - [TEST_STEP][PASSED] - waitForPageLoad: Wait for page load successfully

2018-12-13 15:09:33 - [MESSAGE][PASSED] - Wait for page load successfully

2018-12-13 15:09:33 - [TEST_STEP][PASSED] - Statement - CaseReferenceNo = com.kms.katalon.core.webui.keyword.WebUiBuiltInKeywords.getText(com.kms.katalon.core.testobject.ObjectRepository.findTestObject(Final Object Repo/New Registration - Registration Module Pages/Third Screen - Upload Supporting Doc- Preview/RefNo Acquiring)): Text of object 'Object Repository/Final Object Repo/New Registration - Registration Module Pages/Third Screen - Upload Supporting Doc- Preview/RefNo Acquiring' is: 'CRN12201800123284'

2018-12-13 15:09:34 - [MESSAGE][PASSED] - Text of object 'Object Repository/Final Object Repo/New Registration - Registration Module Pages/Third Screen - Upload Supporting Doc- Preview/RefNo Acquiring' is: 'CRN12201800123284'

2018-12-13 15:09:34 - [TEST_STEP][PASSED] - delay: Delayed 2 second(s)

2018-12-13 15:09:36 - [MESSAGE][PASSED] - Delayed 2 second(s)

2018-12-13 15:09:36 - [TEST_STEP][PASSED] - callTestCase: Call Test Case 'Test Cases/Final Aug 2018 - PKS Automation/Common/Reference Number Setter' successfully

2018-12-13 15:09:36 - [TEST_CASE][PASSED] - Test Cases/Final Aug 2018 - PKS Automation/Common/Reference Number Setter: Test Cases/Final Aug 2018 - PKS Automation/Common/Reference Number Setter

2018-12-13 15:09:36 - [TEST_STEP][PASSED] - Statement - RefNoOldFile = new java.io.File(C://Users//Admin//Desktop//PKS//Automation Reference Point//KatalonReference.txt): null

2018-12-13 15:09:36 - [TEST_STEP][PASSED] - Statement - RefNoOldFile.delete(): null

2018-12-13 15:09:36 - [TEST_STEP][PASSED] - delay: Delayed 5 second(s)

2018-12-13 15:09:41 - [MESSAGE][PASSED] - Delayed 5 second(s)

2018-12-13 15:09:41 - [TEST_STEP][PASSED] - Statement - RefNo = new java.io.File(C://Users//Admin//Desktop//PKS//Automation Reference Point//KatalonReference.txt): null

2018-12-13 15:09:41 - [TEST_STEP][PASSED] - Statement - f2 = new java.io.FileWriter(RefNo, false): null

2018-12-13 15:09:41 - [TEST_STEP][PASSED] - Statement - f2.write(CaseReferenceNo): null

2018-12-13 15:09:41 - [TEST_STEP][PASSED] - Statement - f2.close(): null

2018-12-13 15:09:41 - [TEST_STEP][PASSED] - Statement - out.println("


" + CaseReferenceNo + "


"): null

2018-12-13 15:09:41 - [MESSAGE][PASSED] - Call Test Case 'Test Cases/Final Aug 2018 - PKS Automation/Common/Reference Number Setter' successfully

2018-12-13 15:09:41 - [TEST_STEP][PASSED] - waitForElementClickable: Object 'Object Repository/Final Object Repo/New Registration - Registration Module Pages/Third Screen - Upload Supporting Doc- Preview/Save n Continue in SIP Employee Listing Page' is clickable

2018-12-13 15:09:41 - [MESSAGE][PASSED] - Object 'Object Repository/Final Object Repo/New Registration - Registration Module Pages/Third Screen - Upload Supporting Doc- Preview/Save n Continue in SIP Employee Listing Page' is clickable

2018-12-13 15:09:41 - [TEST_STEP][PASSED] - click: Object: 'Object Repository/Final Object Repo/New Registration - Registration Module Pages/Third Screen - Upload Supporting Doc- Preview/Save n Continue in SIP Employee Listing Page' is clicked on

2018-12-13 15:09:47 - [MESSAGE][PASSED] - Object: 'Object Repository/Final Object Repo/New Registration - Registration Module Pages/Third Screen - Upload Supporting Doc- Preview/Save n Continue in SIP Employee Listing Page' is clicked on

2018-12-13 15:09:47 - [TEST_STEP][PASSED] - delay: Delayed 7 second(s)

2018-12-13 15:09:54 - [MESSAGE][PASSED] - Delayed 7 second(s)

2018-12-13 15:09:54 - [TEST_STEP][PASSED] - click: Object: 'Object Repository/Final Object Repo/New Registration - Registration Module Pages/Third Screen - Upload Supporting Doc- Preview/Add Document Button' is clicked on

2018-12-13 15:09:54 - [MESSAGE][PASSED] - Object: 'Object Repository/Final Object Repo/New Registration - Registration Module Pages/Third Screen - Upload Supporting Doc- Preview/Add Document Button' is clicked on

2018-12-13 15:09:54 - [TEST_STEP][PASSED] - delay: Delayed 30 second(s)

2018-12-13 15:10:24 - [MESSAGE][PASSED] - Delayed 30 second(s)

2018-12-13 15:10:24 - [TEST_STEP][PASSED] - click: Object: 'Object Repository/Final Object Repo/New Registration - Registration Module Pages/Third Screen - Upload Supporting Doc- Preview/Supporting Doc Please Select Drop Down' is clicked on

2018-12-13 15:10:24 - [MESSAGE][PASSED] - Object: 'Object Repository/Final Object Repo/New Registration - Registration Module Pages/Third Screen - Upload Supporting Doc- Preview/Supporting Doc Please Select Drop Down' is clicked on

2018-12-13 15:10:24 - [TEST_STEP][PASSED] - delay: Delayed 2 second(s)

2018-12-13 15:10:26 - [MESSAGE][PASSED] - Delayed 2 second(s)

2018-12-13 15:10:26 - [TEST_STEP][PASSED] - click: Object: 'Object Repository/Final Object Repo/New Registration - Registration Module Pages/Third Screen - Upload Supporting Doc- Preview/Select to Upload Form 1' is clicked on

2018-12-13 15:10:27 - [MESSAGE][PASSED] - Object: 'Object Repository/Final Object Repo/New Registration - Registration Module Pages/Third Screen - Upload Supporting Doc- Preview/Select to Upload Form 1' is clicked on

2018-12-13 15:10:27 - [TEST_STEP][PASSED] - delay: Delayed 2 second(s)

2018-12-13 15:10:29 - [MESSAGE][PASSED] - Delayed 2 second(s)

2018-12-13 15:10:29 - [TEST_STEP][PASSED] - uploadFile: File 'C:\Users\Public\Pictures\Sample Pictures\Koala.jpg' sent to object: 'Object Repository/Final Object Repo/New Registration - Registration Module Pages/Third Screen - Upload Supporting Doc- Preview/Upload File Adding'

2018-12-13 15:10:29 - [MESSAGE][PASSED] - File 'C:\Users\Public\Pictures\Sample Pictures\Koala.jpg' sent to object: 'Object Repository/Final Object Repo/New Registration - Registration Module Pages/Third Screen - Upload Supporting Doc- Preview/Upload File Adding'

2018-12-13 15:10:29 - [TEST_STEP][PASSED] - delay: Delayed 5 second(s)

2018-12-13 15:10:34 - [MESSAGE][PASSED] - Delayed 5 second(s)

2018-12-13 15:10:34 - [TEST_STEP][PASSED] - click: Object: 'Object Repository/Final Object Repo/New Registration - Registration Module Pages/Third Screen - Upload Supporting Doc- Preview/Inner Form Add Document Button' is clicked on

2018-12-13 15:10:34 - [MESSAGE][PASSED] - Object: 'Object Repository/Final Object Repo/New Registration - Registration Module Pages/Third Screen - Upload Supporting Doc- Preview/Inner Form Add Document Button' is clicked on

2018-12-13 15:10:34 - [TEST_STEP][PASSED] - delay: Delayed 3 second(s)

2018-12-13 15:10:37 - [MESSAGE][PASSED] - Delayed 3 second(s)

2018-12-13 15:10:37 - [TEST_STEP][PASSED] - click: Object: 'Object Repository/Final Object Repo/New Registration - Registration Module Pages/Third Screen - Upload Supporting Doc- Preview/Add Document Button' is clicked on

2018-12-13 15:10:38 - [MESSAGE][PASSED] - Object: 'Object Repository/Final Object Repo/New Registration - Registration Module Pages/Third Screen - Upload Supporting Doc- Preview/Add Document Button' is clicked on

2018-12-13 15:10:38 - [TEST_STEP][PASSED] - delay: Delayed 30 second(s)

2018-12-13 15:11:08 - [MESSAGE][PASSED] - Delayed 30 second(s)

2018-12-13 15:11:08 - [TEST_STEP][PASSED] - click: Object: 'Object Repository/Final Object Repo/New Registration - Registration Module Pages/Third Screen - Upload Supporting Doc- Preview/Supporting Doc Please Select Drop Down' is clicked on

2018-12-13 15:11:08 - [MESSAGE][PASSED] - Object: 'Object Repository/Final Object Repo/New Registration - Registration Module Pages/Third Screen - Upload Supporting Doc- Preview/Supporting Doc Please Select Drop Down' is clicked on

2018-12-13 15:11:08 - [TEST_STEP][PASSED] - delay: Delayed 4 second(s)

2018-12-13 15:11:12 - [MESSAGE][PASSED] - Delayed 4 second(s)

2018-12-13 15:11:12 - [TEST_STEP][PASSED] - click: Object: 'Object Repository/Final Object Repo/New Registration - Registration Module Pages/Third Screen - Upload Supporting Doc- Preview/Select to Upload Form 2' is clicked on

2018-12-13 15:11:13 - [MESSAGE][PASSED] - Object: 'Object Repository/Final Object Repo/New Registration - Registration Module Pages/Third Screen - Upload Supporting Doc- Preview/Select to Upload Form 2' is clicked on

2018-12-13 15:11:13 - [TEST_STEP][PASSED] - delay: Delayed 2 second(s)

2018-12-13 15:11:15 - [MESSAGE][PASSED] - Delayed 2 second(s)

2018-12-13 15:11:15 - [TEST_STEP][PASSED] - uploadFile: File 'C:\Users\Public\Pictures\Sample Pictures\Koala.jpg' sent to object: 'Object Repository/Final Object Repo/New Registration - Registration Module Pages/Third Screen - Upload Supporting Doc- Preview/Upload File Adding'

2018-12-13 15:11:15 - [MESSAGE][PASSED] - File 'C:\Users\Public\Pictures\Sample Pictures\Koala.jpg' sent to object: 'Object Repository/Final Object Repo/New Registration - Registration Module Pages/Third Screen - Upload Supporting Doc- Preview/Upload File Adding'

2018-12-13 15:11:15 - [TEST_STEP][PASSED] - click: Object: 'Object Repository/Final Object Repo/New Registration - Registration Module Pages/Third Screen - Upload Supporting Doc- Preview/Inner Form Add Document Button' is clicked on

2018-12-13 15:11:15 - [MESSAGE][PASSED] - Object: 'Object Repository/Final Object Repo/New Registration - Registration Module Pages/Third Screen - Upload Supporting Doc- Preview/Inner Form Add Document Button' is clicked on

2018-12-13 15:11:15 - [TEST_STEP][PASSED] - delay: Delayed 5 second(s)

2018-12-13 15:11:20 - [MESSAGE][PASSED] - Delayed 5 second(s)

2018-12-13 15:11:20 - [TEST_STEP][PASSED] - click: Object: 'Object Repository/Final Object Repo/New Registration - Registration Module Pages/Third Screen - Upload Supporting Doc- Preview/Add Document Button' is clicked on

2018-12-13 15:11:20 - [MESSAGE][PASSED] - Object: 'Object Repository/Final Object Repo/New Registration - Registration Module Pages/Third Screen - Upload Supporting Doc- Preview/Add Document Button' is clicked on

2018-12-13 15:11:20 - [TEST_STEP][PASSED] - delay: Delayed 30 second(s)

2018-12-13 15:11:50 - [MESSAGE][PASSED] - Delayed 30 second(s)

2018-12-13 15:11:50 - [TEST_STEP][PASSED] - click: Object: 'Object Repository/Final Object Repo/New Registration - Registration Module Pages/Third Screen - Upload Supporting Doc- Preview/Supporting Doc Please Select Drop Down' is clicked on

2018-12-13 15:11:50 - [MESSAGE][PASSED] - Object: 'Object Repository/Final Object Repo/New Registration - Registration Module Pages/Third Screen - Upload Supporting Doc- Preview/Supporting Doc Please Select Drop Down' is clicked on

2018-12-13 15:11:50 - [TEST_STEP][PASSED] - click: Object: 'Object Repository/Final Object Repo/New Registration - Registration Module Pages/Third Screen - Upload Supporting Doc- Preview/Select to Upload Borang SIP 1' is clicked on

2018-12-13 15:11:50 - [MESSAGE][PASSED] - Object: 'Object Repository/Final Object Repo/New Registration - Registration Module Pages/Third Screen - Upload Supporting Doc- Preview/Select to Upload Borang SIP 1' is clicked on

2018-12-13 15:11:50 - [TEST_STEP][PASSED] - delay: Delayed 2 second(s)

2018-12-13 15:11:52 - [MESSAGE][PASSED] - Delayed 2 second(s)

2018-12-13 15:11:52 - [TEST_STEP][PASSED] - uploadFile: File 'C:\Users\Public\Pictures\Sample Pictures\Koala.jpg' sent to object: 'Object Repository/Final Object Repo/New Registration - Registration Module Pages/Third Screen - Upload Supporting Doc- Preview/Upload File Adding'

2018-12-13 15:11:53 - [MESSAGE][PASSED] - File 'C:\Users\Public\Pictures\Sample Pictures\Koala.jpg' sent to object: 'Object Repository/Final Object Repo/New Registration - Registration Module Pages/Third Screen - Upload Supporting Doc- Preview/Upload File Adding'

2018-12-13 15:11:53 - [TEST_STEP][PASSED] - click: Object: 'Object Repository/Final Object Repo/New Registration - Registration Module Pages/Third Screen - Upload Supporting Doc- Preview/Inner Form Add Document Button' is clicked on

2018-12-13 15:11:53 - [MESSAGE][PASSED] - Object: 'Object Repository/Final Object Repo/New Registration - Registration Module Pages/Third Screen - Upload Supporting Doc- Preview/Inner Form Add Document Button' is clicked on

2018-12-13 15:11:53 - [TEST_STEP][PASSED] - delay: Delayed 5 second(s)

2018-12-13 15:11:58 - [MESSAGE][PASSED] - Delayed 5 second(s)

2018-12-13 15:11:58 - [TEST_STEP][PASSED] - click: Object: 'Object Repository/Final Object Repo/New Registration - Registration Module Pages/Third Screen - Upload Supporting Doc- Preview/Add Document Button' is clicked on

2018-12-13 15:11:58 - [MESSAGE][PASSED] - Object: 'Object Repository/Final Object Repo/New Registration - Registration Module Pages/Third Screen - Upload Supporting Doc- Preview/Add Document Button' is clicked on

2018-12-13 15:11:58 - [TEST_STEP][PASSED] - delay: Delayed 30 second(s)

2018-12-13 15:12:28 - [MESSAGE][PASSED] - Delayed 30 second(s)

2018-12-13 15:12:28 - [TEST_STEP][PASSED] - click: Object: 'Object Repository/Final Object Repo/New Registration - Registration Module Pages/Third Screen - Upload Supporting Doc- Preview/Supporting Doc Please Select Drop Down' is clicked on

2018-12-13 15:12:28 - [MESSAGE][PASSED] - Object: 'Object Repository/Final Object Repo/New Registration - Registration Module Pages/Third Screen - Upload Supporting Doc- Preview/Supporting Doc Please Select Drop Down' is clicked on

2018-12-13 15:12:28 - [TEST_STEP][PASSED] - delay: Delayed 3 second(s)

2018-12-13 15:12:31 - [MESSAGE][PASSED] - Delayed 3 second(s)

2018-12-13 15:12:31 - [TEST_STEP][PASSED] - click: Object: 'Object Repository/Final Object Repo/New Registration - Registration Module Pages/Third Screen - Upload Supporting Doc- Preview/Select to Upload Borang SIP 2' is clicked on

2018-12-13 15:12:31 - [MESSAGE][PASSED] - Object: 'Object Repository/Final Object Repo/New Registration - Registration Module Pages/Third Screen - Upload Supporting Doc- Preview/Select to Upload Borang SIP 2' is clicked on

2018-12-13 15:12:31 - [TEST_STEP][PASSED] - delay: Delayed 2 second(s)

2018-12-13 15:12:33 - [MESSAGE][PASSED] - Delayed 2 second(s)

2018-12-13 15:12:33 - [TEST_STEP][PASSED] - uploadFile: File 'C:\Users\Public\Pictures\Sample Pictures\Koala.jpg' sent to object: 'Object Repository/Final Object Repo/New Registration - Registration Module Pages/Third Screen - Upload Supporting Doc- Preview/Upload File Adding'

2018-12-13 15:12:33 - [MESSAGE][PASSED] - File 'C:\Users\Public\Pictures\Sample Pictures\Koala.jpg' sent to object: 'Object Repository/Final Object Repo/New Registration - Registration Module Pages/Third Screen - Upload Supporting Doc- Preview/Upload File Adding'

2018-12-13 15:12:33 - [TEST_STEP][PASSED] - delay: Delayed 5 second(s)

2018-12-13 15:12:38 - [MESSAGE][PASSED] - Delayed 5 second(s)

2018-12-13 15:12:38 - [TEST_STEP][PASSED] - click: Object: 'Object Repository/Final Object Repo/New Registration - Registration Module Pages/Third Screen - Upload Supporting Doc- Preview/Inner Form Add Document Button' is clicked on

2018-12-13 15:12:39 - [MESSAGE][PASSED] - Object: 'Object Repository/Final Object Repo/New Registration - Registration Module Pages/Third Screen - Upload Supporting Doc- Preview/Inner Form Add Document Button' is clicked on

2018-12-13 15:12:39 - [TEST_STEP][PASSED] - delay: Delayed 3 second(s)

2018-12-13 15:12:42 - [MESSAGE][PASSED] - Delayed 3 second(s)

2018-12-13 15:12:42 - [TEST_STEP][PASSED] - waitForElementClickable: Object 'Object Repository/Final Object Repo/New Registration - Registration Module Pages/Third Screen - Upload Supporting Doc- Preview/Save n Continue in Uploading Supporting Doc Page' is clickable

2018-12-13 15:12:43 - [MESSAGE][PASSED] - Object 'Object Repository/Final Object Repo/New Registration - Registration Module Pages/Third Screen - Upload Supporting Doc- Preview/Save n Continue in Uploading Supporting Doc Page' is clickable

2018-12-13 15:12:43 - [TEST_STEP][PASSED] - click: Object: 'Object Repository/Final Object Repo/New Registration - Registration Module Pages/Third Screen - Upload Supporting Doc- Preview/Save n Continue in Uploading Supporting Doc Page' is clicked on

2018-12-13 15:12:43 - [MESSAGE][PASSED] - Object: 'Object Repository/Final Object Repo/New Registration - Registration Module Pages/Third Screen - Upload Supporting Doc- Preview/Save n Continue in Uploading Supporting Doc Page' is clicked on

2018-12-13 15:12:43 - [MESSAGE][PASSED] - Call Test Case 'Test Cases/Final Aug 2018 - PKS Automation/Registration Module/New Registration/Flow of New Registration/Third Screen - Upload Supporting Doc - Preview' successfully

2018-12-13 15:12:43 - [TEST_STEP][PASSED] - setText: Text 'Tester' is set on object 'Object Repository/Final Object Repo/New Registration - Registration Module Pages/New Reg - OTC to RO/Special Case - All Related Objects/Employer Preview Name'

2018-12-13 15:12:48 - [MESSAGE][PASSED] - Text 'Tester' is set on object 'Object Repository/Final Object Repo/New Registration - Registration Module Pages/New Reg - OTC to RO/Special Case - All Related Objects/Employer Preview Name'

2018-12-13 15:12:48 - [TEST_STEP][PASSED] - click: Object: 'Object Repository/Final Object Repo/New Registration - Registration Module Pages/New Reg - OTC to RO/Special Case - All Related Objects/IC Type Drop Down' is clicked on

2018-12-13 15:12:48 - [MESSAGE][PASSED] - Object: 'Object Repository/Final Object Repo/New Registration - Registration Module Pages/New Reg - OTC to RO/Special Case - All Related Objects/IC Type Drop Down' is clicked on

2018-12-13 15:12:48 - [TEST_STEP][PASSED] - click: Object: 'Object Repository/Final Object Repo/New Registration - Registration Module Pages/New Reg - OTC to RO/Special Case - All Related Objects/Select to NRIC' is clicked on

2018-12-13 15:12:48 - [MESSAGE][PASSED] - Object: 'Object Repository/Final Object Repo/New Registration - Registration Module Pages/New Reg - OTC to RO/Special Case - All Related Objects/Select to NRIC' is clicked on

2018-12-13 15:12:48 - [TEST_STEP][PASSED] - setText: Text '133245561223' is set on object 'Object Repository/Final Object Repo/New Registration - Registration Module Pages/New Reg - OTC to RO/Special Case - All Related Objects/IC Value'

2018-12-13 15:12:49 - [MESSAGE][PASSED] - Text '133245561223' is set on object 'Object Repository/Final Object Repo/New Registration - Registration Module Pages/New Reg - OTC to RO/Special Case - All Related Objects/IC Value'

2018-12-13 15:12:49 - [TEST_STEP][PASSED] - setText: Text 'Auto' is set on object 'Object Repository/Final Object Repo/New Registration - Registration Module Pages/New Reg - OTC to RO/Special Case - All Related Objects/Designation'

2018-12-13 15:12:49 - [MESSAGE][PASSED] - Text 'Auto' is set on object 'Object Repository/Final Object Repo/New Registration - Registration Module Pages/New Reg - OTC to RO/Special Case - All Related Objects/Designation'

2018-12-13 15:12:49 - [TEST_STEP][PASSED] - callTestCase: Call Test Case 'Test Cases/Final Aug 2018 - PKS Automation/Registration Module/New Registration/Submit and Screenshot/Submit Registration and Screenshot - Copy' successfully

2018-12-13 15:12:49 - [TEST_CASE][PASSED] - Test Cases/Final Aug 2018 - PKS Automation/Registration Module/New Registration/Submit and Screenshot/Submit Registration and Screenshot - Copy: Test Cases/Final Aug 2018 - PKS Automation/Registration Module/New Registration/Submit and Screenshot/Submit Registration and Screenshot - Copy

2018-12-13 15:12:49 - [TEST_STEP][PASSED] - delay: Delayed 6 second(s)

2018-12-13 15:12:55 - [MESSAGE][PASSED] - Delayed 6 second(s)

2018-12-13 15:12:55 - [TEST_STEP][PASSED] - click: Object: 'Object Repository/Final Object Repo/New Registration - Registration Module Pages/Third Screen - Upload Supporting Doc- Preview/Preview Submit Button' is clicked on

2018-12-13 15:12:56 - [MESSAGE][PASSED] - Object: 'Object Repository/Final Object Repo/New Registration - Registration Module Pages/Third Screen - Upload Supporting Doc- Preview/Preview Submit Button' is clicked on

2018-12-13 15:12:56 - [TEST_STEP][PASSED] - delay: Delayed 2 second(s)

2018-12-13 15:12:58 - [MESSAGE][PASSED] - Delayed 2 second(s)

2018-12-13 15:12:58 - [TEST_STEP][PASSED] - click: Object: 'Object Repository/Final Object Repo/New Registration - Registration Module Pages/Third Screen - Upload Supporting Doc- Preview/Preview Submit - Confirm' is clicked on

2018-12-13 15:12:58 - [MESSAGE][PASSED] - Object: 'Object Repository/Final Object Repo/New Registration - Registration Module Pages/Third Screen - Upload Supporting Doc- Preview/Preview Submit - Confirm' is clicked on

2018-12-13 15:12:58 - [TEST_STEP][PASSED] - delay: Delayed 15 second(s)

2018-12-13 15:13:13 - [MESSAGE][PASSED] - Delayed 15 second(s)

2018-12-13 15:13:13 - [TEST_STEP][PASSED] - Statement - driver = com.kms.katalon.core.webui.driver.DriverFactory.getWebDriver(): null

2018-12-13 15:13:13 - [TEST_STEP][PASSED] - Statement - driver.manage().timeouts().implicitlyWait(10, SECONDS): null

2018-12-13 15:13:13 - [TEST_STEP][PASSED] - Statement - PresavePath = KatalonScreenshots: null

2018-12-13 15:13:13 - [TEST_STEP][PASSED] - Statement - pathPrefix = "C:\Users\Public\Pictures\Sample Pictures\Katalon Screenshots\Automate Ending Screen": null

2018-12-13 15:13:13 - [TEST_STEP][PASSED] - Statement - finalPath = <not implemented yet for class: org.codehaus.groovy.ast.expr.EmptyExpression>: null

2018-12-13 15:13:13 - [TEST_STEP][PASSED] - Statement - scrFile = driver.getScreenshotAs(FILE): null

2018-12-13 15:13:13 - [TEST_STEP][PASSED] - Statement - PreSaveFile = new java.io.File(PresavePath): null

2018-12-13 15:13:13 - [TEST_STEP][PASSED] - Statement - counter = 0: null

2018-12-13 15:13:13 - [TEST_STEP][PASSED] - Statement - If (PreSaveFile.exists()): null

2018-12-13 15:13:13 - [TEST_STEP][PASSED] - Statement - While (PreSaveFile.exists()): null

2018-12-13 15:13:13 - [TEST_STEP][PASSED] - Statement - counter = counter + 1: null

2018-12-13 15:13:13 - [TEST_STEP][PASSED] - Statement - PreSaveFile = new java.io.File(((pathPrefix + java.lang.Integer.toString(counter)) + .png)): null

2018-12-13 15:13:13 - [TEST_STEP][PASSED] - Statement - counter = counter + 1: null

2018-12-13 15:13:13 - [TEST_STEP][PASSED] - Statement - PreSaveFile = new java.io.File(((pathPrefix + java.lang.Integer.toString(counter)) + .png)): null

2018-12-13 15:13:13 - [TEST_STEP][PASSED] - Statement - counter = counter + 1: null

2018-12-13 15:13:13 - [TEST_STEP][PASSED] - Statement - PreSaveFile = new java.io.File(((pathPrefix + java.lang.Integer.toString(counter)) + .png)): null

2018-12-13 15:13:13 - [TEST_STEP][PASSED] - Statement - counter = counter + 1: null

2018-12-13 15:13:13 - [TEST_STEP][PASSED] - Statement - PreSaveFile = new java.io.File(((pathPrefix + java.lang.Integer.toString(counter)) + .png)): null

2018-12-13 15:13:13 - [TEST_STEP][PASSED] - Statement - counter = counter + 1: null

2018-12-13 15:13:13 - [TEST_STEP][PASSED] - Statement - PreSaveFile = new java.io.File(((pathPrefix + java.lang.Integer.toString(counter)) + .png)): null

2018-12-13 15:13:13 - [TEST_STEP][PASSED] - Statement - counter = counter + 1: null

2018-12-13 15:13:13 - [TEST_STEP][PASSED] - Statement - PreSaveFile = new java.io.File(((pathPrefix + java.lang.Integer.toString(counter)) + .png)): null

2018-12-13 15:13:13 - [TEST_STEP][PASSED] - Statement - counter = counter + 1: null

2018-12-13 15:13:13 - [TEST_STEP][PASSED] - Statement - PreSaveFile = new java.io.File(((pathPrefix + java.lang.Integer.toString(counter)) + .png)): null

2018-12-13 15:13:13 - [TEST_STEP][PASSED] - Statement - counter = counter + 1: null

2018-12-13 15:13:13 - [TEST_STEP][PASSED] - Statement - PreSaveFile = new java.io.File(((pathPrefix + java.lang.Integer.toString(counter)) + .png)): null

2018-12-13 15:13:13 - [TEST_STEP][PASSED] - Statement - counter = counter + 1: null

2018-12-13 15:13:13 - [TEST_STEP][PASSED] - Statement - PreSaveFile = new java.io.File(((pathPrefix + java.lang.Integer.toString(counter)) + .png)): null

2018-12-13 15:13:13 - [TEST_STEP][PASSED] - Statement - counter = counter + 1: null

2018-12-13 15:13:13 - [TEST_STEP][PASSED] - Statement - PreSaveFile = new java.io.File(((pathPrefix + java.lang.Integer.toString(counter)) + .png)): null

2018-12-13 15:13:13 - [TEST_STEP][PASSED] - Statement - counter = counter + 1: null

2018-12-13 15:13:13 - [TEST_STEP][PASSED] - Statement - PreSaveFile = new java.io.File(((pathPrefix + java.lang.Integer.toString(counter)) + .png)): null

2018-12-13 15:13:13 - [TEST_STEP][PASSED] - Statement - counter = counter + 1: null

2018-12-13 15:13:13 - [TEST_STEP][PASSED] - Statement - PreSaveFile = new java.io.File(((pathPrefix + java.lang.Integer.toString(counter)) + .png)): null

2018-12-13 15:13:13 - [TEST_STEP][PASSED] - Statement - counter = counter + 1: null

2018-12-13 15:13:13 - [TEST_STEP][PASSED] - Statement - PreSaveFile = new java.io.File(((pathPrefix + java.lang.Integer.toString(counter)) + .png)): null

2018-12-13 15:13:13 - [TEST_STEP][PASSED] - Statement - counter = counter + 1: null

2018-12-13 15:13:13 - [TEST_STEP][PASSED] - Statement - PreSaveFile = new java.io.File(((pathPrefix + java.lang.Integer.toString(counter)) + .png)): null

2018-12-13 15:13:13 - [TEST_STEP][PASSED] - Statement - counter = counter + 1: null

2018-12-13 15:13:13 - [TEST_STEP][PASSED] - Statement - PreSaveFile = new java.io.File(((pathPrefix + java.lang.Integer.toString(counter)) + .png)): null

2018-12-13 15:13:13 - [TEST_STEP][PASSED] - Statement - counter = counter + 1: null

2018-12-13 15:13:13 - [TEST_STEP][PASSED] - Statement - PreSaveFile = new java.io.File(((pathPrefix + java.lang.Integer.toString(counter)) + .png)): null

2018-12-13 15:13:13 - [TEST_STEP][PASSED] - Statement - counter = counter + 1: null

2018-12-13 15:13:13 - [TEST_STEP][PASSED] - Statement - PreSaveFile = new java.io.File(((pathPrefix + java.lang.Integer.toString(counter)) + .png)): null

2018-12-13 15:13:13 - [TEST_STEP][PASSED] - Statement - counter = counter + 1: null

2018-12-13 15:13:13 - [TEST_STEP][PASSED] - Statement - PreSaveFile = new java.io.File(((pathPrefix + java.lang.Integer.toString(counter)) + .png)): null

2018-12-13 15:13:13 - [TEST_STEP][PASSED] - Statement - counter = counter + 1: null

2018-12-13 15:13:13 - [TEST_STEP][PASSED] - Statement - PreSaveFile = new java.io.File(((pathPrefix + java.lang.Integer.toString(counter)) + .png)): null

2018-12-13 15:13:13 - [TEST_STEP][PASSED] - Statement - counter = counter + 1: null

2018-12-13 15:13:13 - [TEST_STEP][PASSED] - Statement - PreSaveFile = new java.io.File(((pathPrefix + java.lang.Integer.toString(counter)) + .png)): null

2018-12-13 15:13:13 - [TEST_STEP][PASSED] - Statement - counter = counter + 1: null

2018-12-13 15:13:13 - [TEST_STEP][PASSED] - Statement - PreSaveFile = new java.io.File(((pathPrefix + java.lang.Integer.toString(counter)) + .png)): null

2018-12-13 15:13:13 - [TEST_STEP][PASSED] - Statement - counter = counter + 1: null

2018-12-13 15:13:13 - [TEST_STEP][PASSED] - Statement - PreSaveFile = new java.io.File(((pathPrefix + java.lang.Integer.toString(counter)) + .png)): null

2018-12-13 15:13:13 - [TEST_STEP][PASSED] - Statement - counter = counter + 1: null

2018-12-13 15:13:13 - [TEST_STEP][PASSED] - Statement - PreSaveFile = new java.io.File(((pathPrefix + java.lang.Integer.toString(counter)) + .png)): null

2018-12-13 15:13:13 - [TEST_STEP][PASSED] - Statement - counter = counter + 1: null

2018-12-13 15:13:13 - [TEST_STEP][PASSED] - Statement - PreSaveFile = new java.io.File(((pathPrefix + java.lang.Integer.toString(counter)) + .png)): null

2018-12-13 15:13:13 - [TEST_STEP][PASSED] - Statement - counter = counter + 1: null

2018-12-13 15:13:13 - [TEST_STEP][PASSED] - Statement - PreSaveFile = new java.io.File(((pathPrefix + java.lang.Integer.toString(counter)) + .png)): null

2018-12-13 15:13:13 - [TEST_STEP][PASSED] - Statement - counter = counter + 1: null

2018-12-13 15:13:14 - [TEST_STEP][PASSED] - Statement - PreSaveFile = new java.io.File(((pathPrefix + java.lang.Integer.toString(counter)) + .png)): null

2018-12-13 15:13:14 - [TEST_STEP][PASSED] - Statement - counter = counter + 1: null

2018-12-13 15:13:14 - [TEST_STEP][PASSED] - Statement - PreSaveFile = new java.io.File(((pathPrefix + java.lang.Integer.toString(counter)) + .png)): null

2018-12-13 15:13:14 - [TEST_STEP][PASSED] - Statement - counter = counter + 1: null

2018-12-13 15:13:14 - [TEST_STEP][PASSED] - Statement - PreSaveFile = new java.io.File(((pathPrefix + java.lang.Integer.toString(counter)) + .png)): null

2018-12-13 15:13:14 - [TEST_STEP][PASSED] - Statement - counter = counter + 1: null

2018-12-13 15:13:14 - [TEST_STEP][PASSED] - Statement - PreSaveFile = new java.io.File(((pathPrefix + java.lang.Integer.toString(counter)) + .png)): null

2018-12-13 15:13:14 - [TEST_STEP][PASSED] - Statement - counter = counter + 1: null

2018-12-13 15:13:14 - [TEST_STEP][PASSED] - Statement - PreSaveFile = new java.io.File(((pathPrefix + java.lang.Integer.toString(counter)) + .png)): null

2018-12-13 15:13:14 - [TEST_STEP][PASSED] - Statement - counter = counter + 1: null

2018-12-13 15:13:14 - [TEST_STEP][PASSED] - Statement - PreSaveFile = new java.io.File(((pathPrefix + java.lang.Integer.toString(counter)) + .png)): null

2018-12-13 15:13:14 - [TEST_STEP][PASSED] - Statement - counter = counter + 1: null

2018-12-13 15:13:14 - [TEST_STEP][PASSED] - Statement - PreSaveFile = new java.io.File(((pathPrefix + java.lang.Integer.toString(counter)) + .png)): null

2018-12-13 15:13:14 - [TEST_STEP][PASSED] - Statement - counter = counter + 1: null

2018-12-13 15:13:14 - [TEST_STEP][PASSED] - Statement - PreSaveFile = new java.io.File(((pathPrefix + java.lang.Integer.toString(counter)) + .png)): null

2018-12-13 15:13:14 - [TEST_STEP][PASSED] - Statement - counter = counter + 1: null

2018-12-13 15:13:14 - [TEST_STEP][PASSED] - Statement - PreSaveFile = new java.io.File(((pathPrefix + java.lang.Integer.toString(counter)) + .png)): null

2018-12-13 15:13:14 - [TEST_STEP][PASSED] - Statement - counter = counter + 1: null

2018-12-13 15:13:14 - [TEST_STEP][PASSED] - Statement - PreSaveFile = new java.io.File(((pathPrefix + java.lang.Integer.toString(counter)) + .png)): null

2018-12-13 15:13:14 - [TEST_STEP][PASSED] - Statement - counter = counter + 1: null

2018-12-13 15:13:14 - [TEST_STEP][PASSED] - Statement - PreSaveFile = new java.io.File(((pathPrefix + java.lang.Integer.toString(counter)) + .png)): null

2018-12-13 15:13:14 - [TEST_STEP][PASSED] - Statement - counter = counter + 1: null

2018-12-13 15:13:14 - [TEST_STEP][PASSED] - Statement - PreSaveFile = new java.io.File(((pathPrefix + java.lang.Integer.toString(counter)) + .png)): null

2018-12-13 15:13:14 - [TEST_STEP][PASSED] - Statement - counter = counter + 1: null

2018-12-13 15:13:14 - [TEST_STEP][PASSED] - Statement - PreSaveFile = new java.io.File(((pathPrefix + java.lang.Integer.toString(counter)) + .png)): null

2018-12-13 15:13:14 - [TEST_STEP][PASSED] - Statement - counter = counter + 1: null

2018-12-13 15:13:14 - [TEST_STEP][PASSED] - Statement - PreSaveFile = new java.io.File(((pathPrefix + java.lang.Integer.toString(counter)) + .png)): null

2018-12-13 15:13:14 - [TEST_STEP][PASSED] - Statement - counter = counter + 1: null

2018-12-13 15:13:14 - [TEST_STEP][PASSED] - Statement - PreSaveFile = new java.io.File(((pathPrefix + java.lang.Integer.toString(counter)) + .png)): null

2018-12-13 15:13:14 - [TEST_STEP][PASSED] - Statement - counter = counter + 1: null

2018-12-13 15:13:14 - [TEST_STEP][PASSED] - Statement - PreSaveFile = new java.io.File(((pathPrefix + java.lang.Integer.toString(counter)) + .png)): null

2018-12-13 15:13:14 - [TEST_STEP][PASSED] - Statement - counter = counter + 1: null

2018-12-13 15:13:14 - [TEST_STEP][PASSED] - Statement - PreSaveFile = new java.io.File(((pathPrefix + java.lang.Integer.toString(counter)) + .png)): null

2018-12-13 15:13:14 - [TEST_STEP][PASSED] - Statement - counter = counter + 1: null

2018-12-13 15:13:14 - [TEST_STEP][PASSED] - Statement - PreSaveFile = new java.io.File(((pathPrefix + java.lang.Integer.toString(counter)) + .png)): null

2018-12-13 15:13:14 - [TEST_STEP][PASSED] - Statement - counter = counter + 1: null

2018-12-13 15:13:14 - [TEST_STEP][PASSED] - Statement - PreSaveFile = new java.io.File(((pathPrefix + java.lang.Integer.toString(counter)) + .png)): null

2018-12-13 15:13:14 - [TEST_STEP][PASSED] - Statement - counter = counter + 1: null

2018-12-13 15:13:14 - [TEST_STEP][PASSED] - Statement - PreSaveFile = new java.io.File(((pathPrefix + java.lang.Integer.toString(counter)) + .png)): null

2018-12-13 15:13:14 - [TEST_STEP][PASSED] - Statement - counter = counter + 1: null

2018-12-13 15:13:14 - [TEST_STEP][PASSED] - Statement - PreSaveFile = new java.io.File(((pathPrefix + java.lang.Integer.toString(counter)) + .png)): null

2018-12-13 15:13:14 - [TEST_STEP][PASSED] - Statement - counter = counter + 1: null

2018-12-13 15:13:14 - [TEST_STEP][PASSED] - Statement - PreSaveFile = new java.io.File(((pathPrefix + java.lang.Integer.toString(counter)) + .png)): null

2018-12-13 15:13:14 - [TEST_STEP][PASSED] - Statement - counter = counter + 1: null

2018-12-13 15:13:14 - [TEST_STEP][PASSED] - Statement - PreSaveFile = new java.io.File(((pathPrefix + java.lang.Integer.toString(counter)) + .png)): null

2018-12-13 15:13:14 - [TEST_STEP][PASSED] - Statement - counter = counter + 1: null

2018-12-13 15:13:14 - [TEST_STEP][PASSED] - Statement - PreSaveFile = new java.io.File(((pathPrefix + java.lang.Integer.toString(counter)) + .png)): null

2018-12-13 15:13:14 - [TEST_STEP][PASSED] - Statement - counter = counter + 1: null

2018-12-13 15:13:14 - [TEST_STEP][PASSED] - Statement - PreSaveFile = new java.io.File(((pathPrefix + java.lang.Integer.toString(counter)) + .png)): null

2018-12-13 15:13:14 - [TEST_STEP][PASSED] - Statement - counter = counter + 1: null

2018-12-13 15:13:14 - [TEST_STEP][PASSED] - Statement - PreSaveFile = new java.io.File(((pathPrefix + java.lang.Integer.toString(counter)) + .png)): null

2018-12-13 15:13:14 - [TEST_STEP][PASSED] - Statement - counter = counter + 1: null

2018-12-13 15:13:14 - [TEST_STEP][PASSED] - Statement - PreSaveFile = new java.io.File(((pathPrefix + java.lang.Integer.toString(counter)) + .png)): null

2018-12-13 15:13:14 - [TEST_STEP][PASSED] - Statement - counter = counter + 1: null

2018-12-13 15:13:14 - [TEST_STEP][PASSED] - Statement - PreSaveFile = new java.io.File(((pathPrefix + java.lang.Integer.toString(counter)) + .png)): null

2018-12-13 15:13:14 - [TEST_STEP][PASSED] - Statement - counter = counter + 1: null

2018-12-13 15:13:14 - [TEST_STEP][PASSED] - Statement - PreSaveFile = new java.io.File(((pathPrefix + java.lang.Integer.toString(counter)) + .png)): null

2018-12-13 15:13:14 - [TEST_STEP][PASSED] - Statement - counter = counter + 1: null

2018-12-13 15:13:14 - [TEST_STEP][PASSED] - Statement - PreSaveFile = new java.io.File(((pathPrefix + java.lang.Integer.toString(counter)) + .png)): null

2018-12-13 15:13:14 - [TEST_STEP][PASSED] - Statement - counter = counter + 1: null

2018-12-13 15:13:14 - [TEST_STEP][PASSED] - Statement - PreSaveFile = new java.io.File(((pathPrefix + java.lang.Integer.toString(counter)) + .png)): null

2018-12-13 15:13:14 - [TEST_STEP][PASSED] - Statement - counter = counter + 1: null

2018-12-13 15:13:14 - [TEST_STEP][PASSED] - Statement - PreSaveFile = new java.io.File(((pathPrefix + java.lang.Integer.toString(counter)) + .png)): null

2018-12-13 15:13:14 - [TEST_STEP][PASSED] - Statement - counter = counter + 1: null

2018-12-13 15:13:14 - [TEST_STEP][PASSED] - Statement - PreSaveFile = new java.io.File(((pathPrefix + java.lang.Integer.toString(counter)) + .png)): null

2018-12-13 15:13:14 - [TEST_STEP][PASSED] - Statement - counter = counter + 1: null

2018-12-13 15:13:14 - [TEST_STEP][PASSED] - Statement - PreSaveFile = new java.io.File(((pathPrefix + java.lang.Integer.toString(counter)) + .png)): null

2018-12-13 15:13:14 - [TEST_STEP][PASSED] - Statement - counter = counter + 1: null

2018-12-13 15:13:14 - [TEST_STEP][PASSED] - Statement - PreSaveFile = new java.io.File(((pathPrefix + java.lang.Integer.toString(counter)) + .png)): null

2018-12-13 15:13:14 - [TEST_STEP][PASSED] - Statement - counter = counter + 1: null

2018-12-13 15:13:14 - [TEST_STEP][PASSED] - Statement - PreSaveFile = new java.io.File(((pathPrefix + java.lang.Integer.toString(counter)) + .png)): null

2018-12-13 15:13:14 - [TEST_STEP][PASSED] - Statement - counter = counter + 1: null

2018-12-13 15:13:14 - [TEST_STEP][PASSED] - Statement - PreSaveFile = new java.io.File(((pathPrefix + java.lang.Integer.toString(counter)) + .png)): null

2018-12-13 15:13:14 - [TEST_STEP][PASSED] - Statement - counter = counter + 1: null

2018-12-13 15:13:14 - [TEST_STEP][PASSED] - Statement - PreSaveFile = new java.io.File(((pathPrefix + java.lang.Integer.toString(counter)) + .png)): null

2018-12-13 15:13:14 - [TEST_STEP][PASSED] - Statement - counter = counter + 1: null

2018-12-13 15:13:14 - [TEST_STEP][PASSED] - Statement - PreSaveFile = new java.io.File(((pathPrefix + java.lang.Integer.toString(counter)) + .png)): null

2018-12-13 15:13:14 - [TEST_STEP][PASSED] - Statement - counter = counter + 1: null

2018-12-13 15:13:14 - [TEST_STEP][PASSED] - Statement - PreSaveFile = new java.io.File(((pathPrefix + java.lang.Integer.toString(counter)) + .png)): null

2018-12-13 15:13:14 - [TEST_STEP][PASSED] - Statement - counter = counter + 1: null

2018-12-13 15:13:14 - [TEST_STEP][PASSED] - Statement - PreSaveFile = new java.io.File(((pathPrefix + java.lang.Integer.toString(counter)) + .png)): null

2018-12-13 15:13:14 - [TEST_STEP][PASSED] - Statement - counter = counter + 1: null

2018-12-13 15:13:14 - [TEST_STEP][PASSED] - Statement - PreSaveFile = new java.io.File(((pathPrefix + java.lang.Integer.toString(counter)) + .png)): null

2018-12-13 15:13:14 - [TEST_STEP][PASSED] - Statement - counter = counter + 1: null

2018-12-13 15:13:14 - [TEST_STEP][PASSED] - Statement - PreSaveFile = new java.io.File(((pathPrefix + java.lang.Integer.toString(counter)) + .png)): null

2018-12-13 15:13:14 - [TEST_STEP][PASSED] - Statement - counter = counter + 1: null

2018-12-13 15:13:14 - [TEST_STEP][PASSED] - Statement - PreSaveFile = new java.io.File(((pathPrefix + java.lang.Integer.toString(counter)) + .png)): null

2018-12-13 15:13:14 - [TEST_STEP][PASSED] - Statement - counter = counter + 1: null

2018-12-13 15:13:14 - [TEST_STEP][PASSED] - Statement - PreSaveFile = new java.io.File(((pathPrefix + java.lang.Integer.toString(counter)) + .png)): null

2018-12-13 15:13:14 - [TEST_STEP][PASSED] - Statement - counter = counter + 1: null

2018-12-13 15:13:14 - [TEST_STEP][PASSED] - Statement - PreSaveFile = new java.io.File(((pathPrefix + java.lang.Integer.toString(counter)) + .png)): null

2018-12-13 15:13:14 - [TEST_STEP][PASSED] - Statement - counter = counter + 1: null

2018-12-13 15:13:14 - [TEST_STEP][PASSED] - Statement - PreSaveFile = new java.io.File(((pathPrefix + java.lang.Integer.toString(counter)) + .png)): null

2018-12-13 15:13:14 - [TEST_STEP][PASSED] - Statement - counter = counter + 1: null

2018-12-13 15:13:14 - [TEST_STEP][PASSED] - Statement - PreSaveFile = new java.io.File(((pathPrefix + java.lang.Integer.toString(counter)) + .png)): null

2018-12-13 15:13:14 - [TEST_STEP][PASSED] - Statement - counter = counter + 1: null

2018-12-13 15:13:14 - [TEST_STEP][PASSED] - Statement - PreSaveFile = new java.io.File(((pathPrefix + java.lang.Integer.toString(counter)) + .png)): null

2018-12-13 15:13:14 - [TEST_STEP][PASSED] - Statement - counter = counter + 1: null

2018-12-13 15:13:14 - [TEST_STEP][PASSED] - Statement - PreSaveFile = new java.io.File(((pathPrefix + java.lang.Integer.toString(counter)) + .png)): null

2018-12-13 15:13:14 - [TEST_STEP][PASSED] - Statement - counter = counter + 1: null

2018-12-13 15:13:14 - [TEST_STEP][PASSED] - Statement - PreSaveFile = new java.io.File(((pathPrefix + java.lang.Integer.toString(counter)) + .png)): null

2018-12-13 15:13:14 - [TEST_STEP][PASSED] - Statement - counter = counter + 1: null

2018-12-13 15:13:14 - [TEST_STEP][PASSED] - Statement - PreSaveFile = new java.io.File(((pathPrefix + java.lang.Integer.toString(counter)) + .png)): null

2018-12-13 15:13:14 - [TEST_STEP][PASSED] - Statement - counter = counter + 1: null

2018-12-13 15:13:14 - [TEST_STEP][PASSED] - Statement - PreSaveFile = new java.io.File(((pathPrefix + java.lang.Integer.toString(counter)) + .png)): null

2018-12-13 15:13:14 - [TEST_STEP][PASSED] - Statement - counter = counter + 1: null

2018-12-13 15:13:14 - [TEST_STEP][PASSED] - Statement - PreSaveFile = new java.io.File(((pathPrefix + java.lang.Integer.toString(counter)) + .png)): null

2018-12-13 15:13:14 - [TEST_STEP][PASSED] - Statement - counter = counter + 1: null

2018-12-13 15:13:14 - [TEST_STEP][PASSED] - Statement - PreSaveFile = new java.io.File(((pathPrefix + java.lang.Integer.toString(counter)) + .png)): null

2018-12-13 15:13:14 - [TEST_STEP][PASSED] - Statement - counter = counter + 1: null

2018-12-13 15:13:14 - [TEST_STEP][PASSED] - Statement - PreSaveFile = new java.io.File(((pathPrefix + java.lang.Integer.toString(counter)) + .png)): null

2018-12-13 15:13:14 - [TEST_STEP][PASSED] - Statement - counter = counter + 1: null

2018-12-13 15:13:14 - [TEST_STEP][PASSED] - Statement - PreSaveFile = new java.io.File(((pathPrefix + java.lang.Integer.toString(counter)) + .png)): null

2018-12-13 15:13:14 - [TEST_STEP][PASSED] - Statement - counter = counter + 1: null

2018-12-13 15:13:14 - [TEST_STEP][PASSED] - Statement - PreSaveFile = new java.io.File(((pathPrefix + java.lang.Integer.toString(counter)) + .png)): null

2018-12-13 15:13:14 - [TEST_STEP][PASSED] - Statement - counter = counter + 1: null

2018-12-13 15:13:14 - [TEST_STEP][PASSED] - Statement - PreSaveFile = new java.io.File(((pathPrefix + java.lang.Integer.toString(counter)) + .png)): null

2018-12-13 15:13:14 - [TEST_STEP][PASSED] - Statement - counter = counter + 1: null

2018-12-13 15:13:14 - [TEST_STEP][PASSED] - Statement - PreSaveFile = new java.io.File(((pathPrefix + java.lang.Integer.toString(counter)) + .png)): null

2018-12-13 15:13:14 - [TEST_STEP][PASSED] - Statement - counter = counter + 1: null

2018-12-13 15:13:14 - [TEST_STEP][PASSED] - Statement - PreSaveFile = new java.io.File(((pathPrefix + java.lang.Integer.toString(counter)) + .png)): null

2018-12-13 15:13:14 - [TEST_STEP][PASSED] - Statement - counter = counter + 1: null

2018-12-13 15:13:14 - [TEST_STEP][PASSED] - Statement - PreSaveFile = new java.io.File(((pathPrefix + java.lang.Integer.toString(counter)) + .png)): null

2018-12-13 15:13:14 - [TEST_STEP][PASSED] - Statement - counter = counter + 1: null

2018-12-13 15:13:14 - [TEST_STEP][PASSED] - Statement - PreSaveFile = new java.io.File(((pathPrefix + java.lang.Integer.toString(counter)) + .png)): null

2018-12-13 15:13:14 - [TEST_STEP][PASSED] - Statement - counter = counter + 1: null

2018-12-13 15:13:14 - [TEST_STEP][PASSED] - Statement - PreSaveFile = new java.io.File(((pathPrefix + java.lang.Integer.toString(counter)) + .png)): null

2018-12-13 15:13:14 - [TEST_STEP][PASSED] - Statement - counter = counter + 1: null

2018-12-13 15:13:14 - [TEST_STEP][PASSED] - Statement - PreSaveFile = new java.io.File(((pathPrefix + java.lang.Integer.toString(counter)) + .png)): null

2018-12-13 15:13:14 - [TEST_STEP][PASSED] - Statement - counter = counter + 1: null

2018-12-13 15:13:14 - [TEST_STEP][PASSED] - Statement - PreSaveFile = new java.io.File(((pathPrefix + java.lang.Integer.toString(counter)) + .png)): null

2018-12-13 15:13:14 - [TEST_STEP][PASSED] - Statement - counter = counter + 1: null

2018-12-13 15:13:14 - [TEST_STEP][PASSED] - Statement - PreSaveFile = new java.io.File(((pathPrefix + java.lang.Integer.toString(counter)) + .png)): null

2018-12-13 15:13:14 - [TEST_STEP][PASSED] - Statement - counter = counter + 1: null

2018-12-13 15:13:14 - [TEST_STEP][PASSED] - Statement - PreSaveFile = new java.io.File(((pathPrefix + java.lang.Integer.toString(counter)) + .png)): null

2018-12-13 15:13:14 - [TEST_STEP][PASSED] - Statement - counter = counter + 1: null

2018-12-13 15:13:14 - [TEST_STEP][PASSED] - Statement - PreSaveFile = new java.io.File(((pathPrefix + java.lang.Integer.toString(counter)) + .png)): null

2018-12-13 15:13:14 - [TEST_STEP][PASSED] - Statement - counter = counter + 1: null

2018-12-13 15:13:14 - [TEST_STEP][PASSED] - Statement - PreSaveFile = new java.io.File(((pathPrefix + java.lang.Integer.toString(counter)) + .png)): null

2018-12-13 15:13:14 - [TEST_STEP][PASSED] - Statement - counter = counter + 1: null

2018-12-13 15:13:14 - [TEST_STEP][PASSED] - Statement - PreSaveFile = new java.io.File(((pathPrefix + java.lang.Integer.toString(counter)) + .png)): null

2018-12-13 15:13:14 - [TEST_STEP][PASSED] - Statement - counter = counter + 1: null

2018-12-13 15:13:14 - [TEST_STEP][PASSED] - Statement - PreSaveFile = new java.io.File(((pathPrefix + java.lang.Integer.toString(counter)) + .png)): null

2018-12-13 15:13:14 - [TEST_STEP][PASSED] - Statement - counter = counter + 1: null

2018-12-13 15:13:14 - [TEST_STEP][PASSED] - Statement - PreSaveFile = new java.io.File(((pathPrefix + java.lang.Integer.toString(counter)) + .png)): null

2018-12-13 15:13:14 - [TEST_STEP][PASSED] - Statement - counter = counter + 1: null

2018-12-13 15:13:14 - [TEST_STEP][PASSED] - Statement - PreSaveFile = new java.io.File(((pathPrefix + java.lang.Integer.toString(counter)) + .png)): null

2018-12-13 15:13:14 - [TEST_STEP][PASSED] - Statement - counter = counter + 1: null

2018-12-13 15:13:14 - [TEST_STEP][PASSED] - Statement - PreSaveFile = new java.io.File(((pathPrefix + java.lang.Integer.toString(counter)) + .png)): null

2018-12-13 15:13:14 - [TEST_STEP][PASSED] - Statement - counter = counter + 1: null

2018-12-13 15:13:14 - [TEST_STEP][PASSED] - Statement - PreSaveFile = new java.io.File(((pathPrefix + java.lang.Integer.toString(counter)) + .png)): null

2018-12-13 15:13:14 - [TEST_STEP][PASSED] - Statement - counter = counter + 1: null

2018-12-13 15:13:14 - [TEST_STEP][PASSED] - Statement - PreSaveFile = new java.io.File(((pathPrefix + java.lang.Integer.toString(counter)) + .png)): null

2018-12-13 15:13:14 - [TEST_STEP][PASSED] - Statement - counter = counter + 1: null

2018-12-13 15:13:14 - [TEST_STEP][PASSED] - Statement - PreSaveFile = new java.io.File(((pathPrefix + java.lang.Integer.toString(counter)) + .png)): null

2018-12-13 15:13:14 - [TEST_STEP][PASSED] - Statement - counter = counter + 1: null

2018-12-13 15:13:14 - [TEST_STEP][PASSED] - Statement - PreSaveFile = new java.io.File(((pathPrefix + java.lang.Integer.toString(counter)) + .png)): null

2018-12-13 15:13:14 - [TEST_STEP][PASSED] - Statement - counter = counter + 1: null

2018-12-13 15:13:14 - [TEST_STEP][PASSED] - Statement - PreSaveFile = new java.io.File(((pathPrefix + java.lang.Integer.toString(counter)) + .png)): null

2018-12-13 15:13:14 - [TEST_STEP][PASSED] - Statement - counter = counter + 1: null

2018-12-13 15:13:14 - [TEST_STEP][PASSED] - Statement - PreSaveFile = new java.io.File(((pathPrefix + java.lang.Integer.toString(counter)) + .png)): null

2018-12-13 15:13:14 - [TEST_STEP][PASSED] - Statement - counter = counter + 1: null

2018-12-13 15:13:14 - [TEST_STEP][PASSED] - Statement - PreSaveFile = new java.io.File(((pathPrefix + java.lang.Integer.toString(counter)) + .png)): null

2018-12-13 15:13:14 - [TEST_STEP][PASSED] - Statement - counter = counter + 1: null

2018-12-13 15:13:14 - [TEST_STEP][PASSED] - Statement - PreSaveFile = new java.io.File(((pathPrefix + java.lang.Integer.toString(counter)) + .png)): null

2018-12-13 15:13:14 - [TEST_STEP][PASSED] - Statement - counter = counter + 1: null

2018-12-13 15:13:14 - [TEST_STEP][PASSED] - Statement - PreSaveFile = new java.io.File(((pathPrefix + java.lang.Integer.toString(counter)) + .png)): null

2018-12-13 15:13:14 - [TEST_STEP][PASSED] - Statement - counter = counter + 1: null

2018-12-13 15:13:14 - [TEST_STEP][PASSED] - Statement - PreSaveFile = new java.io.File(((pathPrefix + java.lang.Integer.toString(counter)) + .png)): null

2018-12-13 15:13:14 - [TEST_STEP][PASSED] - Statement - counter = counter + 1: null

2018-12-13 15:13:14 - [TEST_STEP][PASSED] - Statement - PreSaveFile = new java.io.File(((pathPrefix + java.lang.Integer.toString(counter)) + .png)): null

2018-12-13 15:13:14 - [TEST_STEP][PASSED] - Statement - counter = counter + 1: null

2018-12-13 15:13:14 - [TEST_STEP][PASSED] - Statement - PreSaveFile = new java.io.File(((pathPrefix + java.lang.Integer.toString(counter)) + .png)): null

2018-12-13 15:13:14 - [TEST_STEP][PASSED] - Statement - counter = counter + 1: null

2018-12-13 15:13:14 - [TEST_STEP][PASSED] - Statement - PreSaveFile = new java.io.File(((pathPrefix + java.lang.Integer.toString(counter)) + .png)): null

2018-12-13 15:13:14 - [TEST_STEP][PASSED] - Statement - counter = counter + 1: null

2018-12-13 15:13:14 - [TEST_STEP][PASSED] - Statement - PreSaveFile = new java.io.File(((pathPrefix + java.lang.Integer.toString(counter)) + .png)): null

2018-12-13 15:13:14 - [TEST_STEP][PASSED] - Statement - counter = counter + 1: null

2018-12-13 15:13:14 - [TEST_STEP][PASSED] - Statement - PreSaveFile = new java.io.File(((pathPrefix + java.lang.Integer.toString(counter)) + .png)): null

2018-12-13 15:13:14 - [TEST_STEP][PASSED] - Statement - counter = counter + 1: null

2018-12-13 15:13:14 - [TEST_STEP][PASSED] - Statement - PreSaveFile = new java.io.File(((pathPrefix + java.lang.Integer.toString(counter)) + .png)): null

2018-12-13 15:13:14 - [TEST_STEP][PASSED] - Statement - counter = counter + 1: null

2018-12-13 15:13:14 - [TEST_STEP][PASSED] - Statement - PreSaveFile = new java.io.File(((pathPrefix + java.lang.Integer.toString(counter)) + .png)): null

2018-12-13 15:13:14 - [TEST_STEP][PASSED] - Statement - counter = counter + 1: null

2018-12-13 15:13:14 - [TEST_STEP][PASSED] - Statement - PreSaveFile = new java.io.File(((pathPrefix + java.lang.Integer.toString(counter)) + .png)): null

2018-12-13 15:13:14 - [TEST_STEP][PASSED] - Statement - counter = counter + 1: null

2018-12-13 15:13:14 - [TEST_STEP][PASSED] - Statement - PreSaveFile = new java.io.File(((pathPrefix + java.lang.Integer.toString(counter)) + .png)): null

2018-12-13 15:13:14 - [TEST_STEP][PASSED] - Statement - counter = counter + 1: null

2018-12-13 15:13:14 - [TEST_STEP][PASSED] - Statement - PreSaveFile = new java.io.File(((pathPrefix + java.lang.Integer.toString(counter)) + .png)): null

2018-12-13 15:13:14 - [TEST_STEP][PASSED] - Statement - counter = counter + 1: null

2018-12-13 15:13:14 - [TEST_STEP][PASSED] - Statement - PreSaveFile = new java.io.File(((pathPrefix + java.lang.Integer.toString(counter)) + .png)): null

2018-12-13 15:13:14 - [TEST_STEP][PASSED] - Statement - counter = counter + 1: null

2018-12-13 15:13:14 - [TEST_STEP][PASSED] - Statement - PreSaveFile = new java.io.File(((pathPrefix + java.lang.Integer.toString(counter)) + .png)): null

2018-12-13 15:13:14 - [TEST_STEP][PASSED] - Statement - counter = counter + 1: null

2018-12-13 15:13:14 - [TEST_STEP][PASSED] - Statement - PreSaveFile = new java.io.File(((pathPrefix + java.lang.Integer.toString(counter)) + .png)): null

2018-12-13 15:13:14 - [TEST_STEP][PASSED] - Statement - counter = counter + 1: null

2018-12-13 15:13:14 - [TEST_STEP][PASSED] - Statement - PreSaveFile = new java.io.File(((pathPrefix + java.lang.Integer.toString(counter)) + .png)): null

2018-12-13 15:13:14 - [TEST_STEP][PASSED] - Statement - counter = counter + 1: null

2018-12-13 15:13:14 - [TEST_STEP][PASSED] - Statement - PreSaveFile = new java.io.File(((pathPrefix + java.lang.Integer.toString(counter)) + .png)): null

2018-12-13 15:13:14 - [TEST_STEP][PASSED] - Statement - counter = counter + 1: null

2018-12-13 15:13:14 - [TEST_STEP][PASSED] - Statement - PreSaveFile = new java.io.File(((pathPrefix + java.lang.Integer.toString(counter)) + .png)): null

2018-12-13 15:13:14 - [TEST_STEP][PASSED] - Statement - counter = counter + 1: null

2018-12-13 15:13:14 - [TEST_STEP][PASSED] - Statement - PreSaveFile = new java.io.File(((pathPrefix + java.lang.Integer.toString(counter)) + .png)): null

2018-12-13 15:13:14 - [TEST_STEP][PASSED] - Statement - counter = counter + 1: null

2018-12-13 15:13:14 - [TEST_STEP][PASSED] - Statement - PreSaveFile = new java.io.File(((pathPrefix + java.lang.Integer.toString(counter)) + .png)): null

2018-12-13 15:13:14 - [TEST_STEP][PASSED] - Statement - counter = counter + 1: null

2018-12-13 15:13:14 - [TEST_STEP][PASSED] - Statement - PreSaveFile = new java.io.File(((pathPrefix + java.lang.Integer.toString(counter)) + .png)): null

2018-12-13 15:13:14 - [TEST_STEP][PASSED] - Statement - counter = counter + 1: null

2018-12-13 15:13:14 - [TEST_STEP][PASSED] - Statement - PreSaveFile = new java.io.File(((pathPrefix + java.lang.Integer.toString(counter)) + .png)): null

2018-12-13 15:13:14 - [TEST_STEP][PASSED] - Statement - counter = counter + 1: null

2018-12-13 15:13:14 - [TEST_STEP][PASSED] - Statement - PreSaveFile = new java.io.File(((pathPrefix + java.lang.Integer.toString(counter)) + .png)): null

2018-12-13 15:13:14 - [TEST_STEP][PASSED] - Statement - counter = counter + 1: null

2018-12-13 15:13:14 - [TEST_STEP][PASSED] - Statement - PreSaveFile = new java.io.File(((pathPrefix + java.lang.Integer.toString(counter)) + .png)): null

2018-12-13 15:13:14 - [TEST_STEP][PASSED] - Statement - counter = counter + 1: null

2018-12-13 15:13:14 - [TEST_STEP][PASSED] - Statement - PreSaveFile = new java.io.File(((pathPrefix + java.lang.Integer.toString(counter)) + .png)): null

2018-12-13 15:13:14 - [TEST_STEP][PASSED] - Statement - counter = counter + 1: null

2018-12-13 15:13:14 - [TEST_STEP][PASSED] - Statement - PreSaveFile = new java.io.File(((pathPrefix + java.lang.Integer.toString(counter)) + .png)): null

2018-12-13 15:13:14 - [TEST_STEP][PASSED] - Statement - counter = counter + 1: null

2018-12-13 15:13:14 - [TEST_STEP][PASSED] - Statement - PreSaveFile = new java.io.File(((pathPrefix + java.lang.Integer.toString(counter)) + .png)): null

2018-12-13 15:13:14 - [TEST_STEP][PASSED] - Statement - counter = counter + 1: null

2018-12-13 15:13:14 - [TEST_STEP][PASSED] - Statement - PreSaveFile = new java.io.File(((pathPrefix + java.lang.Integer.toString(counter)) + .png)): null

2018-12-13 15:13:14 - [TEST_STEP][PASSED] - Statement - counter = counter + 1: null

2018-12-13 15:13:14 - [TEST_STEP][PASSED] - Statement - PreSaveFile = new java.io.File(((pathPrefix + java.lang.Integer.toString(counter)) + .png)): null

2018-12-13 15:13:14 - [TEST_STEP][PASSED] - Statement - counter = counter + 1: null

2018-12-13 15:13:14 - [TEST_STEP][PASSED] - Statement - PreSaveFile = new java.io.File(((pathPrefix + java.lang.Integer.toString(counter)) + .png)): null

2018-12-13 15:13:14 - [TEST_STEP][PASSED] - Statement - counter = counter + 1: null

2018-12-13 15:13:14 - [TEST_STEP][PASSED] - Statement - PreSaveFile = new java.io.File(((pathPrefix + java.lang.Integer.toString(counter)) + .png)): null

2018-12-13 15:13:14 - [TEST_STEP][PASSED] - Statement - counter = counter + 1: null

2018-12-13 15:13:14 - [TEST_STEP][PASSED] - Statement - PreSaveFile = new java.io.File(((pathPrefix + java.lang.Integer.toString(counter)) + .png)): null

2018-12-13 15:13:14 - [TEST_STEP][PASSED] - Statement - counter = counter + 1: null

2018-12-13 15:13:14 - [TEST_STEP][PASSED] - Statement - PreSaveFile = new java.io.File(((pathPrefix + java.lang.Integer.toString(counter)) + .png)): null

2018-12-13 15:13:14 - [TEST_STEP][PASSED] - Statement - counter = counter + 1: null

2018-12-13 15:13:14 - [TEST_STEP][PASSED] - Statement - PreSaveFile = new java.io.File(((pathPrefix + java.lang.Integer.toString(counter)) + .png)): null

2018-12-13 15:13:14 - [TEST_STEP][PASSED] - Statement - counter = counter + 1: null

2018-12-13 15:13:14 - [TEST_STEP][PASSED] - Statement - PreSaveFile = new java.io.File(((pathPrefix + java.lang.Integer.toString(counter)) + .png)): null

2018-12-13 15:13:14 - [TEST_STEP][PASSED] - Statement - counter = counter + 1: null

2018-12-13 15:13:14 - [TEST_STEP][PASSED] - Statement - PreSaveFile = new java.io.File(((pathPrefix + java.lang.Integer.toString(counter)) + .png)): null

2018-12-13 15:13:14 - [TEST_STEP][PASSED] - Statement - counter = counter + 1: null

2018-12-13 15:13:14 - [TEST_STEP][PASSED] - Statement - PreSaveFile = new java.io.File(((pathPrefix + java.lang.Integer.toString(counter)) + .png)): null

2018-12-13 15:13:14 - [TEST_STEP][PASSED] - Statement - counter = counter + 1: null

2018-12-13 15:13:14 - [TEST_STEP][PASSED] - Statement - PreSaveFile = new java.io.File(((pathPrefix + java.lang.Integer.toString(counter)) + .png)): null

2018-12-13 15:13:14 - [TEST_STEP][PASSED] - Statement - counter = counter + 1: null

2018-12-13 15:13:14 - [TEST_STEP][PASSED] - Statement - PreSaveFile = new java.io.File(((pathPrefix + java.lang.Integer.toString(counter)) + .png)): null

2018-12-13 15:13:14 - [TEST_STEP][PASSED] - Statement - counter = counter + 1: null

2018-12-13 15:13:14 - [TEST_STEP][PASSED] - Statement - PreSaveFile = new java.io.File(((pathPrefix + java.lang.Integer.toString(counter)) + .png)): null

2018-12-13 15:13:14 - [TEST_STEP][PASSED] - Statement - counter = counter + 1: null

2018-12-13 15:13:14 - [TEST_STEP][PASSED] - Statement - PreSaveFile = new java.io.File(((pathPrefix + java.lang.Integer.toString(counter)) + .png)): null

2018-12-13 15:13:14 - [TEST_STEP][PASSED] - Statement - counter = counter + 1: null

2018-12-13 15:13:14 - [TEST_STEP][PASSED] - Statement - PreSaveFile = new java.io.File(((pathPrefix + java.lang.Integer.toString(counter)) + .png)): null

2018-12-13 15:13:14 - [TEST_STEP][PASSED] - Statement - counter = counter + 1: null

2018-12-13 15:13:14 - [TEST_STEP][PASSED] - Statement - PreSaveFile = new java.io.File(((pathPrefix + java.lang.Integer.toString(counter)) + .png)): null

2018-12-13 15:13:14 - [TEST_STEP][PASSED] - Statement - counter = counter + 1: null

2018-12-13 15:13:14 - [TEST_STEP][PASSED] - Statement - PreSaveFile = new java.io.File(((pathPrefix + java.lang.Integer.toString(counter)) + .png)): null

2018-12-13 15:13:14 - [TEST_STEP][PASSED] - Statement - counter = counter + 1: null

2018-12-13 15:13:14 - [TEST_STEP][PASSED] - Statement - PreSaveFile = new java.io.File(((pathPrefix + java.lang.Integer.toString(counter)) + .png)): null

2018-12-13 15:13:14 - [TEST_STEP][PASSED] - Statement - counter = counter + 1: null

2018-12-13 15:13:14 - [TEST_STEP][PASSED] - Statement - PreSaveFile = new java.io.File(((pathPrefix + java.lang.Integer.toString(counter)) + .png)): null

2018-12-13 15:13:14 - [TEST_STEP][PASSED] - Statement - counter = counter + 1: null

2018-12-13 15:13:14 - [TEST_STEP][PASSED] - Statement - PreSaveFile = new java.io.File(((pathPrefix + java.lang.Integer.toString(counter)) + .png)): null

2018-12-13 15:13:14 - [TEST_STEP][PASSED] - Statement - counter = counter + 1: null

2018-12-13 15:13:14 - [TEST_STEP][PASSED] - Statement - PreSaveFile = new java.io.File(((pathPrefix + java.lang.Integer.toString(counter)) + .png)): null

2018-12-13 15:13:14 - [TEST_STEP][PASSED] - Statement - counter = counter + 1: null

2018-12-13 15:13:14 - [TEST_STEP][PASSED] - Statement - PreSaveFile = new java.io.File(((pathPrefix + java.lang.Integer.toString(counter)) + .png)): null

2018-12-13 15:13:14 - [TEST_STEP][PASSED] - Statement - counter = counter + 1: null

2018-12-13 15:13:14 - [TEST_STEP][PASSED] - Statement - PreSaveFile = new java.io.File(((pathPrefix + java.lang.Integer.toString(counter)) + .png)): null

2018-12-13 15:13:14 - [TEST_STEP][PASSED] - Statement - counter = counter + 1: null

2018-12-13 15:13:14 - [TEST_STEP][PASSED] - Statement - PreSaveFile = new java.io.File(((pathPrefix + java.lang.Integer.toString(counter)) + .png)): null

2018-12-13 15:13:14 - [TEST_STEP][PASSED] - Statement - counter = counter + 1: null

2018-12-13 15:13:14 - [TEST_STEP][PASSED] - Statement - PreSaveFile = new java.io.File(((pathPrefix + java.lang.Integer.toString(counter)) + .png)): null

2018-12-13 15:13:14 - [TEST_STEP][PASSED] - Statement - counter = counter + 1: null

2018-12-13 15:13:14 - [TEST_STEP][PASSED] - Statement - PreSaveFile = new java.io.File(((pathPrefix + java.lang.Integer.toString(counter)) + .png)): null

2018-12-13 15:13:14 - [TEST_STEP][PASSED] - Statement - counter = counter + 1: null

2018-12-13 15:13:14 - [TEST_STEP][PASSED] - Statement - PreSaveFile = new java.io.File(((pathPrefix + java.lang.Integer.toString(counter)) + .png)): null

2018-12-13 15:13:14 - [TEST_STEP][PASSED] - Statement - counter = counter + 1: null

2018-12-13 15:13:14 - [TEST_STEP][PASSED] - Statement - PreSaveFile = new java.io.File(((pathPrefix + java.lang.Integer.toString(counter)) + .png)): null

2018-12-13 15:13:14 - [TEST_STEP][PASSED] - Statement - counter = counter + 1: null

2018-12-13 15:13:14 - [TEST_STEP][PASSED] - Statement - PreSaveFile = new java.io.File(((pathPrefix + java.lang.Integer.toString(counter)) + .png)): null

2018-12-13 15:13:14 - [TEST_STEP][PASSED] - Statement - counter = counter + 1: null

2018-12-13 15:13:14 - [TEST_STEP][PASSED] - Statement - PreSaveFile = new java.io.File(((pathPrefix + java.lang.Integer.toString(counter)) + .png)): null

2018-12-13 15:13:14 - [TEST_STEP][PASSED] - Statement - counter = counter + 1: null

2018-12-13 15:13:14 - [TEST_STEP][PASSED] - Statement - PreSaveFile = new java.io.File(((pathPrefix + java.lang.Integer.toString(counter)) + .png)): null

2018-12-13 15:13:14 - [TEST_STEP][PASSED] - Statement - counter = counter + 1: null

2018-12-13 15:13:14 - [TEST_STEP][PASSED] - Statement - PreSaveFile = new java.io.File(((pathPrefix + java.lang.Integer.toString(counter)) + .png)): null

2018-12-13 15:13:14 - [TEST_STEP][PASSED] - Statement - counter = counter + 1: null

2018-12-13 15:13:14 - [TEST_STEP][PASSED] - Statement - PreSaveFile = new java.io.File(((pathPrefix + java.lang.Integer.toString(counter)) + .png)): null

2018-12-13 15:13:14 - [TEST_STEP][PASSED] - Statement - counter = counter + 1: null

2018-12-13 15:13:14 - [TEST_STEP][PASSED] - Statement - PreSaveFile = new java.io.File(((pathPrefix + java.lang.Integer.toString(counter)) + .png)): null

2018-12-13 15:13:14 - [TEST_STEP][PASSED] - Statement - counter = counter + 1: null

2018-12-13 15:13:14 - [TEST_STEP][PASSED] - Statement - PreSaveFile = new java.io.File(((pathPrefix + java.lang.Integer.toString(counter)) + .png)): null

2018-12-13 15:13:14 - [TEST_STEP][PASSED] - Statement - counter = counter + 1: null

2018-12-13 15:13:14 - [TEST_STEP][PASSED] - Statement - PreSaveFile = new java.io.File(((pathPrefix + java.lang.Integer.toString(counter)) + .png)): null

2018-12-13 15:13:14 - [TEST_STEP][PASSED] - Statement - counter = counter + 1: null

2018-12-13 15:13:14 - [TEST_STEP][PASSED] - Statement - PreSaveFile = new java.io.File(((pathPrefix + java.lang.Integer.toString(counter)) + .png)): null

2018-12-13 15:13:14 - [TEST_STEP][PASSED] - Statement - counter = counter + 1: null

2018-12-13 15:13:14 - [TEST_STEP][PASSED] - Statement - PreSaveFile = new java.io.File(((pathPrefix + java.lang.Integer.toString(counter)) + .png)): null

2018-12-13 15:13:14 - [TEST_STEP][PASSED] - Statement - counter = counter + 1: null

2018-12-13 15:13:14 - [TEST_STEP][PASSED] - Statement - PreSaveFile = new java.io.File(((pathPrefix + java.lang.Integer.toString(counter)) + .png)): null

2018-12-13 15:13:14 - [TEST_STEP][PASSED] - Statement - counter = counter + 1: null

2018-12-13 15:13:14 - [TEST_STEP][PASSED] - Statement - PreSaveFile = new java.io.File(((pathPrefix + java.lang.Integer.toString(counter)) + .png)): null

2018-12-13 15:13:14 - [TEST_STEP][PASSED] - Statement - counter = counter + 1: null

2018-12-13 15:13:14 - [TEST_STEP][PASSED] - Statement - PreSaveFile = new java.io.File(((pathPrefix + java.lang.Integer.toString(counter)) + .png)): null

2018-12-13 15:13:14 - [TEST_STEP][PASSED] - Statement - counter = counter + 1: null

2018-12-13 15:13:14 - [TEST_STEP][PASSED] - Statement - PreSaveFile = new java.io.File(((pathPrefix + java.lang.Integer.toString(counter)) + .png)): null

2018-12-13 15:13:14 - [TEST_STEP][PASSED] - Statement - counter = counter + 1: null

2018-12-13 15:13:14 - [TEST_STEP][PASSED] - Statement - PreSaveFile = new java.io.File(((pathPrefix + java.lang.Integer.toString(counter)) + .png)): null

2018-12-13 15:13:14 - [TEST_STEP][PASSED] - Statement - counter = counter + 1: null

2018-12-13 15:13:14 - [TEST_STEP][PASSED] - Statement - PreSaveFile = new java.io.File(((pathPrefix + java.lang.Integer.toString(counter)) + .png)): null

2018-12-13 15:13:14 - [TEST_STEP][PASSED] - Statement - counter = counter + 1: null

2018-12-13 15:13:14 - [TEST_STEP][PASSED] - Statement - PreSaveFile = new java.io.File(((pathPrefix + java.lang.Integer.toString(counter)) + .png)): null

2018-12-13 15:13:14 - [TEST_STEP][PASSED] - Statement - counter = counter + 1: null

2018-12-13 15:13:14 - [TEST_STEP][PASSED] - Statement - PreSaveFile = new java.io.File(((pathPrefix + java.lang.Integer.toString(counter)) + .png)): null

2018-12-13 15:13:14 - [TEST_STEP][PASSED] - Statement - counter = counter + 1: null

2018-12-13 15:13:14 - [TEST_STEP][PASSED] - Statement - PreSaveFile = new java.io.File(((pathPrefix + java.lang.Integer.toString(counter)) + .png)): null

2018-12-13 15:13:14 - [TEST_STEP][PASSED] - Statement - counter = counter + 1: null

2018-12-13 15:13:14 - [TEST_STEP][PASSED] - Statement - PreSaveFile = new java.io.File(((pathPrefix + java.lang.Integer.toString(counter)) + .png)): null

2018-12-13 15:13:14 - [TEST_STEP][PASSED] - Statement - counter = counter + 1: null

2018-12-13 15:13:14 - [TEST_STEP][PASSED] - Statement - PreSaveFile = new java.io.File(((pathPrefix + java.lang.Integer.toString(counter)) + .png)): null

2018-12-13 15:13:14 - [TEST_STEP][PASSED] - Statement - counter = counter + 1: null

2018-12-13 15:13:14 - [TEST_STEP][PASSED] - Statement - PreSaveFile = new java.io.File(((pathPrefix + java.lang.Integer.toString(counter)) + .png)): null

2018-12-13 15:13:14 - [TEST_STEP][PASSED] - Statement - counter = counter + 1: null

2018-12-13 15:13:14 - [TEST_STEP][PASSED] - Statement - PreSaveFile = new java.io.File(((pathPrefix + java.lang.Integer.toString(counter)) + .png)): null

2018-12-13 15:13:14 - [TEST_STEP][PASSED] - Statement - counter = counter + 1: null

2018-12-13 15:13:14 - [TEST_STEP][PASSED] - Statement - PreSaveFile = new java.io.File(((pathPrefix + java.lang.Integer.toString(counter)) + .png)): null

2018-12-13 15:13:14 - [TEST_STEP][PASSED] - Statement - counter = counter + 1: null

2018-12-13 15:13:14 - [TEST_STEP][PASSED] - Statement - PreSaveFile = new java.io.File(((pathPrefix + java.lang.Integer.toString(counter)) + .png)): null

2018-12-13 15:13:14 - [TEST_STEP][PASSED] - Statement - counter = counter + 1: null

2018-12-13 15:13:14 - [TEST_STEP][PASSED] - Statement - PreSaveFile = new java.io.File(((pathPrefix + java.lang.Integer.toString(counter)) + .png)): null

2018-12-13 15:13:14 - [TEST_STEP][PASSED] - Statement - counter = counter + 1: null

2018-12-13 15:13:14 - [TEST_STEP][PASSED] - Statement - PreSaveFile = new java.io.File(((pathPrefix + java.lang.Integer.toString(counter)) + .png)): null

2018-12-13 15:13:14 - [TEST_STEP][PASSED] - Statement - counter = counter + 1: null

2018-12-13 15:13:14 - [TEST_STEP][PASSED] - Statement - PreSaveFile = new java.io.File(((pathPrefix + java.lang.Integer.toString(counter)) + .png)): null

2018-12-13 15:13:14 - [TEST_STEP][PASSED] - Statement - counter = counter + 1: null

2018-12-13 15:13:14 - [TEST_STEP][PASSED] - Statement - PreSaveFile = new java.io.File(((pathPrefix + java.lang.Integer.toString(counter)) + .png)): null

2018-12-13 15:13:14 - [TEST_STEP][PASSED] - Statement - counter = counter + 1: null

2018-12-13 15:13:14 - [TEST_STEP][PASSED] - Statement - PreSaveFile = new java.io.File(((pathPrefix + java.lang.Integer.toString(counter)) + .png)): null

2018-12-13 15:13:14 - [TEST_STEP][PASSED] - Statement - counter = counter + 1: null

2018-12-13 15:13:14 - [TEST_STEP][PASSED] - Statement - PreSaveFile = new java.io.File(((pathPrefix + java.lang.Integer.toString(counter)) + .png)): null

2018-12-13 15:13:14 - [TEST_STEP][PASSED] - Statement - counter = counter + 1: null

2018-12-13 15:13:14 - [TEST_STEP][PASSED] - Statement - PreSaveFile = new java.io.File(((pathPrefix + java.lang.Integer.toString(counter)) + .png)): null

2018-12-13 15:13:14 - [TEST_STEP][PASSED] - Statement - counter = counter + 1: null

2018-12-13 15:13:14 - [TEST_STEP][PASSED] - Statement - PreSaveFile = new java.io.File(((pathPrefix + java.lang.Integer.toString(counter)) + .png)): null

2018-12-13 15:13:14 - [TEST_STEP][PASSED] - Statement - counter = counter + 1: null

2018-12-13 15:13:14 - [TEST_STEP][PASSED] - Statement - PreSaveFile = new java.io.File(((pathPrefix + java.lang.Integer.toString(counter)) + .png)): null

2018-12-13 15:13:14 - [TEST_STEP][PASSED] - Statement - counter = counter + 1: null

2018-12-13 15:13:14 - [TEST_STEP][PASSED] - Statement - PreSaveFile = new java.io.File(((pathPrefix + java.lang.Integer.toString(counter)) + .png)): null

2018-12-13 15:13:14 - [TEST_STEP][PASSED] - Statement - counter = counter + 1: null

2018-12-13 15:13:14 - [TEST_STEP][PASSED] - Statement - PreSaveFile = new java.io.File(((pathPrefix + java.lang.Integer.toString(counter)) + .png)): null

2018-12-13 15:13:14 - [TEST_STEP][PASSED] - Statement - counter = counter + 1: null

2018-12-13 15:13:14 - [TEST_STEP][PASSED] - Statement - PreSaveFile = new java.io.File(((pathPrefix + java.lang.Integer.toString(counter)) + .png)): null

2018-12-13 15:13:14 - [TEST_STEP][PASSED] - Statement - counter = counter + 1: null

2018-12-13 15:13:14 - [TEST_STEP][PASSED] - Statement - PreSaveFile = new java.io.File(((pathPrefix + java.lang.Integer.toString(counter)) + .png)): null

2018-12-13 15:13:14 - [TEST_STEP][PASSED] - Statement - counter = counter + 1: null

2018-12-13 15:13:14 - [TEST_STEP][PASSED] - Statement - PreSaveFile = new java.io.File(((pathPrefix + java.lang.Integer.toString(counter)) + .png)): null

2018-12-13 15:13:14 - [TEST_STEP][PASSED] - Statement - counter = counter + 1: null

2018-12-13 15:13:14 - [TEST_STEP][PASSED] - Statement - PreSaveFile = new java.io.File(((pathPrefix + java.lang.Integer.toString(counter)) + .png)): null

2018-12-13 15:13:14 - [TEST_STEP][PASSED] - Statement - counter = counter + 1: null

2018-12-13 15:13:14 - [TEST_STEP][PASSED] - Statement - PreSaveFile = new java.io.File(((pathPrefix + java.lang.Integer.toString(counter)) + .png)): null

2018-12-13 15:13:14 - [TEST_STEP][PASSED] - Statement - counter = counter + 1: null

2018-12-13 15:13:14 - [TEST_STEP][PASSED] - Statement - PreSaveFile = new java.io.File(((pathPrefix + java.lang.Integer.toString(counter)) + .png)): null

2018-12-13 15:13:14 - [TEST_STEP][PASSED] - Statement - counter = counter + 1: null

2018-12-13 15:13:14 - [TEST_STEP][PASSED] - Statement - PreSaveFile = new java.io.File(((pathPrefix + java.lang.Integer.toString(counter)) + .png)): null

2018-12-13 15:13:14 - [TEST_STEP][PASSED] - Statement - counter = counter + 1: null

2018-12-13 15:13:14 - [TEST_STEP][PASSED] - Statement - PreSaveFile = new java.io.File(((pathPrefix + java.lang.Integer.toString(counter)) + .png)): null

2018-12-13 15:13:14 - [TEST_STEP][PASSED] - Statement - counter = counter + 1: null

2018-12-13 15:13:14 - [TEST_STEP][PASSED] - Statement - PreSaveFile = new java.io.File(((pathPrefix + java.lang.Integer.toString(counter)) + .png)): null

2018-12-13 15:13:14 - [TEST_STEP][PASSED] - Statement - counter = counter + 1: null

2018-12-13 15:13:14 - [TEST_STEP][PASSED] - Statement - PreSaveFile = new java.io.File(((pathPrefix + java.lang.Integer.toString(counter)) + .png)): null

2018-12-13 15:13:14 - [TEST_STEP][PASSED] - Statement - counter = counter + 1: null

2018-12-13 15:13:14 - [TEST_STEP][PASSED] - Statement - PreSaveFile = new java.io.File(((pathPrefix + java.lang.Integer.toString(counter)) + .png)): null

2018-12-13 15:13:14 - [TEST_STEP][PASSED] - Statement - counter = counter + 1: null

2018-12-13 15:13:14 - [TEST_STEP][PASSED] - Statement - PreSaveFile = new java.io.File(((pathPrefix + java.lang.Integer.toString(counter)) + .png)): null

2018-12-13 15:13:14 - [TEST_STEP][PASSED] - Statement - counter = counter + 1: null

2018-12-13 15:13:14 - [TEST_STEP][PASSED] - Statement - PreSaveFile = new java.io.File(((pathPrefix + java.lang.Integer.toString(counter)) + .png)): null

2018-12-13 15:13:14 - [TEST_STEP][PASSED] - Statement - counter = counter + 1: null

2018-12-13 15:13:14 - [TEST_STEP][PASSED] - Statement - PreSaveFile = new java.io.File(((pathPrefix + java.lang.Integer.toString(counter)) + .png)): null

2018-12-13 15:13:14 - [TEST_STEP][PASSED] - Statement - counter = counter + 1: null

2018-12-13 15:13:14 - [TEST_STEP][PASSED] - Statement - PreSaveFile = new java.io.File(((pathPrefix + java.lang.Integer.toString(counter)) + .png)): null

2018-12-13 15:13:14 - [TEST_STEP][PASSED] - Statement - counter = counter + 1: null

2018-12-13 15:13:14 - [TEST_STEP][PASSED] - Statement - PreSaveFile = new java.io.File(((pathPrefix + java.lang.Integer.toString(counter)) + .png)): null

2018-12-13 15:13:14 - [TEST_STEP][PASSED] - Statement - counter = counter + 1: null

2018-12-13 15:13:14 - [TEST_STEP][PASSED] - Statement - PreSaveFile = new java.io.File(((pathPrefix + java.lang.Integer.toString(counter)) + .png)): null

2018-12-13 15:13:14 - [TEST_STEP][PASSED] - Statement - counter = counter + 1: null

2018-12-13 15:13:14 - [TEST_STEP][PASSED] - Statement - PreSaveFile = new java.io.File(((pathPrefix + java.lang.Integer.toString(counter)) + .png)): null

2018-12-13 15:13:14 - [TEST_STEP][PASSED] - Statement - counter = counter + 1: null

2018-12-13 15:13:14 - [TEST_STEP][PASSED] - Statement - PreSaveFile = new java.io.File(((pathPrefix + java.lang.Integer.toString(counter)) + .png)): null

2018-12-13 15:13:14 - [TEST_STEP][PASSED] - Statement - counter = counter + 1: null

2018-12-13 15:13:14 - [TEST_STEP][PASSED] - Statement - PreSaveFile = new java.io.File(((pathPrefix + java.lang.Integer.toString(counter)) + .png)): null

2018-12-13 15:13:14 - [TEST_STEP][PASSED] - Statement - counter = counter + 1: null

2018-12-13 15:13:14 - [TEST_STEP][PASSED] - Statement - PreSaveFile = new java.io.File(((pathPrefix + java.lang.Integer.toString(counter)) + .png)): null

2018-12-13 15:13:14 - [TEST_STEP][PASSED] - Statement - counter = counter + 1: null

2018-12-13 15:13:14 - [TEST_STEP][PASSED] - Statement - PreSaveFile = new java.io.File(((pathPrefix + java.lang.Integer.toString(counter)) + .png)): null

2018-12-13 15:13:14 - [TEST_STEP][PASSED] - Statement - counter = counter + 1: null

2018-12-13 15:13:14 - [TEST_STEP][PASSED] - Statement - PreSaveFile = new java.io.File(((pathPrefix + java.lang.Integer.toString(counter)) + .png)): null

2018-12-13 15:13:14 - [TEST_STEP][PASSED] - Statement - counter = counter + 1: null

2018-12-13 15:13:14 - [TEST_STEP][PASSED] - Statement - PreSaveFile = new java.io.File(((pathPrefix + java.lang.Integer.toString(counter)) + .png)): null

2018-12-13 15:13:14 - [TEST_STEP][PASSED] - Statement - counter = counter + 1: null

2018-12-13 15:13:14 - [TEST_STEP][PASSED] - Statement - PreSaveFile = new java.io.File(((pathPrefix + java.lang.Integer.toString(counter)) + .png)): null

2018-12-13 15:13:14 - [TEST_STEP][PASSED] - Statement - counter = counter + 1: null

2018-12-13 15:13:14 - [TEST_STEP][PASSED] - Statement - PreSaveFile = new java.io.File(((pathPrefix + java.lang.Integer.toString(counter)) + .png)): null

2018-12-13 15:13:14 - [TEST_STEP][PASSED] - Statement - counter = counter + 1: null

2018-12-13 15:13:14 - [TEST_STEP][PASSED] - Statement - PreSaveFile = new java.io.File(((pathPrefix + java.lang.Integer.toString(counter)) + .png)): null

2018-12-13 15:13:14 - [TEST_STEP][PASSED] - Statement - counter = counter + 1: null

2018-12-13 15:13:14 - [TEST_STEP][PASSED] - Statement - PreSaveFile = new java.io.File(((pathPrefix + java.lang.Integer.toString(counter)) + .png)): null

2018-12-13 15:13:14 - [TEST_STEP][PASSED] - Statement - counter = counter + 1: null

2018-12-13 15:13:14 - [TEST_STEP][PASSED] - Statement - PreSaveFile = new java.io.File(((pathPrefix + java.lang.Integer.toString(counter)) + .png)): null

2018-12-13 15:13:14 - [TEST_STEP][PASSED] - Statement - counter = counter + 1: null

2018-12-13 15:13:14 - [TEST_STEP][PASSED] - Statement - PreSaveFile = new java.io.File(((pathPrefix + java.lang.Integer.toString(counter)) + .png)): null

2018-12-13 15:13:14 - [TEST_STEP][PASSED] - Statement - counter = counter + 1: null

2018-12-13 15:13:14 - [TEST_STEP][PASSED] - Statement - PreSaveFile = new java.io.File(((pathPrefix + java.lang.Integer.toString(counter)) + .png)): null

2018-12-13 15:13:14 - [TEST_STEP][PASSED] - Statement - counter = counter + 1: null

2018-12-13 15:13:14 - [TEST_STEP][PASSED] - Statement - PreSaveFile = new java.io.File(((pathPrefix + java.lang.Integer.toString(counter)) + .png)): null

2018-12-13 15:13:14 - [TEST_STEP][PASSED] - Statement - counter = counter + 1: null

2018-12-13 15:13:14 - [TEST_STEP][PASSED] - Statement - PreSaveFile = new java.io.File(((pathPrefix + java.lang.Integer.toString(counter)) + .png)): null

2018-12-13 15:13:14 - [TEST_STEP][PASSED] - Statement - counter = counter + 1: null

2018-12-13 15:13:14 - [TEST_STEP][PASSED] - Statement - PreSaveFile = new java.io.File(((pathPrefix + java.lang.Integer.toString(counter)) + .png)): null

2018-12-13 15:13:14 - [TEST_STEP][PASSED] - Statement - counter = counter + 1: null

2018-12-13 15:13:14 - [TEST_STEP][PASSED] - Statement - PreSaveFile = new java.io.File(((pathPrefix + java.lang.Integer.toString(counter)) + .png)): null

2018-12-13 15:13:14 - [TEST_STEP][PASSED] - Statement - counter = counter + 1: null

2018-12-13 15:13:14 - [TEST_STEP][PASSED] - Statement - PreSaveFile = new java.io.File(((pathPrefix + java.lang.Integer.toString(counter)) + .png)): null

2018-12-13 15:13:14 - [TEST_STEP][PASSED] - Statement - counter = counter + 1: null

2018-12-13 15:13:14 - [TEST_STEP][PASSED] - Statement - PreSaveFile = new java.io.File(((pathPrefix + java.lang.Integer.toString(counter)) + .png)): null

2018-12-13 15:13:14 - [TEST_STEP][PASSED] - Statement - counter = counter + 1: null

2018-12-13 15:13:14 - [TEST_STEP][PASSED] - Statement - PreSaveFile = new java.io.File(((pathPrefix + java.lang.Integer.toString(counter)) + .png)): null

2018-12-13 15:13:14 - [TEST_STEP][PASSED] - Statement - counter = counter + 1: null

2018-12-13 15:13:14 - [TEST_STEP][PASSED] - Statement - PreSaveFile = new java.io.File(((pathPrefix + java.lang.Integer.toString(counter)) + .png)): null

2018-12-13 15:13:14 - [TEST_STEP][PASSED] - Statement - counter = counter + 1: null

2018-12-13 15:13:14 - [TEST_STEP][PASSED] - Statement - PreSaveFile = new java.io.File(((pathPrefix + java.lang.Integer.toString(counter)) + .png)): null

2018-12-13 15:13:14 - [TEST_STEP][PASSED] - Statement - counter = counter + 1: null

2018-12-13 15:13:14 - [TEST_STEP][PASSED] - Statement - PreSaveFile = new java.io.File(((pathPrefix + java.lang.Integer.toString(counter)) + .png)): null

2018-12-13 15:13:14 - [TEST_STEP][PASSED] - Statement - counter = counter + 1: null

2018-12-13 15:13:14 - [TEST_STEP][PASSED] - Statement - PreSaveFile = new java.io.File(((pathPrefix + java.lang.Integer.toString(counter)) + .png)): null

2018-12-13 15:13:14 - [TEST_STEP][PASSED] - Statement - counter = counter + 1: null

2018-12-13 15:13:14 - [TEST_STEP][PASSED] - Statement - PreSaveFile = new java.io.File(((pathPrefix + java.lang.Integer.toString(counter)) + .png)): null

2018-12-13 15:13:14 - [TEST_STEP][PASSED] - Statement - counter = counter + 1: null

2018-12-13 15:13:14 - [TEST_STEP][PASSED] - Statement - PreSaveFile = new java.io.File(((pathPrefix + java.lang.Integer.toString(counter)) + .png)): null

2018-12-13 15:13:14 - [TEST_STEP][PASSED] - Statement - counter = counter + 1: null

2018-12-13 15:13:14 - [TEST_STEP][PASSED] - Statement - PreSaveFile = new java.io.File(((pathPrefix + java.lang.Integer.toString(counter)) + .png)): null

2018-12-13 15:13:14 - [TEST_STEP][PASSED] - Statement - counter = counter + 1: null

2018-12-13 15:13:14 - [TEST_STEP][PASSED] - Statement - PreSaveFile = new java.io.File(((pathPrefix + java.lang.Integer.toString(counter)) + .png)): null

2018-12-13 15:13:14 - [TEST_STEP][PASSED] - Statement - counter = counter + 1: null

2018-12-13 15:13:14 - [TEST_STEP][PASSED] - Statement - PreSaveFile = new java.io.File(((pathPrefix + java.lang.Integer.toString(counter)) + .png)): null

2018-12-13 15:13:14 - [TEST_STEP][PASSED] - Statement - counter = counter + 1: null

2018-12-13 15:13:14 - [TEST_STEP][PASSED] - Statement - PreSaveFile = new java.io.File(((pathPrefix + java.lang.Integer.toString(counter)) + .png)): null

2018-12-13 15:13:14 - [TEST_STEP][PASSED] - Statement - counter = counter + 1: null

2018-12-13 15:13:14 - [TEST_STEP][PASSED] - Statement - PreSaveFile = new java.io.File(((pathPrefix + java.lang.Integer.toString(counter)) + .png)): null

2018-12-13 15:13:14 - [TEST_STEP][PASSED] - Statement - counter = counter + 1: null

2018-12-13 15:13:14 - [TEST_STEP][PASSED] - Statement - PreSaveFile = new java.io.File(((pathPrefix + java.lang.Integer.toString(counter)) + .png)): null

2018-12-13 15:13:14 - [TEST_STEP][PASSED] - Statement - counter = counter + 1: null

2018-12-13 15:13:14 - [TEST_STEP][PASSED] - Statement - PreSaveFile = new java.io.File(((pathPrefix + java.lang.Integer.toString(counter)) + .png)): null

2018-12-13 15:13:14 - [TEST_STEP][PASSED] - Statement - counter = counter + 1: null

2018-12-13 15:13:14 - [TEST_STEP][PASSED] - Statement - PreSaveFile = new java.io.File(((pathPrefix + java.lang.Integer.toString(counter)) + .png)): null

2018-12-13 15:13:14 - [TEST_STEP][PASSED] - Statement - counter = counter + 1: null

2018-12-13 15:13:14 - [TEST_STEP][PASSED] - Statement - PreSaveFile = new java.io.File(((pathPrefix + java.lang.Integer.toString(counter)) + .png)): null

2018-12-13 15:13:14 - [TEST_STEP][PASSED] - Statement - counter = counter + 1: null

2018-12-13 15:13:14 - [TEST_STEP][PASSED] - Statement - PreSaveFile = new java.io.File(((pathPrefix + java.lang.Integer.toString(counter)) + .png)): null

2018-12-13 15:13:14 - [TEST_STEP][PASSED] - Statement - counter = counter + 1: null

2018-12-13 15:13:14 - [TEST_STEP][PASSED] - Statement - PreSaveFile = new java.io.File(((pathPrefix + java.lang.Integer.toString(counter)) + .png)): null

2018-12-13 15:13:14 - [TEST_STEP][PASSED] - Statement - counter = counter + 1: null

2018-12-13 15:13:14 - [TEST_STEP][PASSED] - Statement - PreSaveFile = new java.io.File(((pathPrefix + java.lang.Integer.toString(counter)) + .png)): null

2018-12-13 15:13:14 - [TEST_STEP][PASSED] - Statement - counter = counter + 1: null

2018-12-13 15:13:14 - [TEST_STEP][PASSED] - Statement - PreSaveFile = new java.io.File(((pathPrefix + java.lang.Integer.toString(counter)) + .png)): null

2018-12-13 15:13:14 - [TEST_STEP][PASSED] - Statement - counter = counter + 1: null

2018-12-13 15:13:14 - [TEST_STEP][PASSED] - Statement - PreSaveFile = new java.io.File(((pathPrefix + java.lang.Integer.toString(counter)) + .png)): null

2018-12-13 15:13:14 - [TEST_STEP][PASSED] - Statement - counter = counter + 1: null

2018-12-13 15:13:14 - [TEST_STEP][PASSED] - Statement - PreSaveFile = new java.io.File(((pathPrefix + java.lang.Integer.toString(counter)) + .png)): null

2018-12-13 15:13:14 - [TEST_STEP][PASSED] - Statement - counter = counter + 1: null

2018-12-13 15:13:14 - [TEST_STEP][PASSED] - Statement - PreSaveFile = new java.io.File(((pathPrefix + java.lang.Integer.toString(counter)) + .png)): null

2018-12-13 15:13:14 - [TEST_STEP][PASSED] - Statement - counter = counter + 1: null

2018-12-13 15:13:14 - [TEST_STEP][PASSED] - Statement - PreSaveFile = new java.io.File(((pathPrefix + java.lang.Integer.toString(counter)) + .png)): null

2018-12-13 15:13:14 - [TEST_STEP][PASSED] - Statement - counter = counter + 1: null

2018-12-13 15:13:14 - [TEST_STEP][PASSED] - Statement - PreSaveFile = new java.io.File(((pathPrefix + java.lang.Integer.toString(counter)) + .png)): null

2018-12-13 15:13:14 - [TEST_STEP][PASSED] - Statement - counter = counter + 1: null

2018-12-13 15:13:14 - [TEST_STEP][PASSED] - Statement - PreSaveFile = new java.io.File(((pathPrefix + java.lang.Integer.toString(counter)) + .png)): null

2018-12-13 15:13:14 - [TEST_STEP][PASSED] - Statement - counter = counter + 1: null

2018-12-13 15:13:14 - [TEST_STEP][PASSED] - Statement - PreSaveFile = new java.io.File(((pathPrefix + java.lang.Integer.toString(counter)) + .png)): null

2018-12-13 15:13:14 - [TEST_STEP][PASSED] - Statement - counter = counter + 1: null

2018-12-13 15:13:14 - [TEST_STEP][PASSED] - Statement - PreSaveFile = new java.io.File(((pathPrefix + java.lang.Integer.toString(counter)) + .png)): null

2018-12-13 15:13:14 - [TEST_STEP][PASSED] - Statement - counter = counter + 1: null

2018-12-13 15:13:14 - [TEST_STEP][PASSED] - Statement - PreSaveFile = new java.io.File(((pathPrefix + java.lang.Integer.toString(counter)) + .png)): null

2018-12-13 15:13:14 - [TEST_STEP][PASSED] - Statement - counter = counter + 1: null

2018-12-13 15:13:14 - [TEST_STEP][PASSED] - Statement - PreSaveFile = new java.io.File(((pathPrefix + java.lang.Integer.toString(counter)) + .png)): null

2018-12-13 15:13:14 - [TEST_STEP][PASSED] - Statement - counter = counter + 1: null

2018-12-13 15:13:14 - [TEST_STEP][PASSED] - Statement - PreSaveFile = new java.io.File(((pathPrefix + java.lang.Integer.toString(counter)) + .png)): null

2018-12-13 15:13:14 - [TEST_STEP][PASSED] - Statement - counter = counter + 1: null

2018-12-13 15:13:14 - [TEST_STEP][PASSED] - Statement - PreSaveFile = new java.io.File(((pathPrefix + java.lang.Integer.toString(counter)) + .png)): null

2018-12-13 15:13:14 - [TEST_STEP][PASSED] - Statement - counter = counter + 1: null

2018-12-13 15:13:14 - [TEST_STEP][PASSED] - Statement - PreSaveFile = new java.io.File(((pathPrefix + java.lang.Integer.toString(counter)) + .png)): null

2018-12-13 15:13:14 - [TEST_STEP][PASSED] - Statement - counter = counter + 1: null

2018-12-13 15:13:14 - [TEST_STEP][PASSED] - Statement - PreSaveFile = new java.io.File(((pathPrefix + java.lang.Integer.toString(counter)) + .png)): null

2018-12-13 15:13:14 - [TEST_STEP][PASSED] - Statement - counter = counter + 1: null

2018-12-13 15:13:14 - [TEST_STEP][PASSED] - Statement - PreSaveFile = new java.io.File(((pathPrefix + java.lang.Integer.toString(counter)) + .png)): null

2018-12-13 15:13:15 - [TEST_STEP][PASSED] - Statement - counter = counter + 1: null

2018-12-13 15:13:15 - [TEST_STEP][PASSED] - Statement - PreSaveFile = new java.io.File(((pathPrefix + java.lang.Integer.toString(counter)) + .png)): null

2018-12-13 15:13:15 - [TEST_STEP][PASSED] - Statement - counter = counter + 1: null

2018-12-13 15:13:15 - [TEST_STEP][PASSED] - Statement - PreSaveFile = new java.io.File(((pathPrefix + java.lang.Integer.toString(counter)) + .png)): null

2018-12-13 15:13:15 - [TEST_STEP][PASSED] - Statement - counter = counter + 1: null

2018-12-13 15:13:15 - [TEST_STEP][PASSED] - Statement - PreSaveFile = new java.io.File(((pathPrefix + java.lang.Integer.toString(counter)) + .png)): null

2018-12-13 15:13:15 - [TEST_STEP][PASSED] - Statement - counter = counter + 1: null

2018-12-13 15:13:15 - [TEST_STEP][PASSED] - Statement - PreSaveFile = new java.io.File(((pathPrefix + java.lang.Integer.toString(counter)) + .png)): null

2018-12-13 15:13:15 - [TEST_STEP][PASSED] - Statement - counter = counter + 1: null

2018-12-13 15:13:15 - [TEST_STEP][PASSED] - Statement - PreSaveFile = new java.io.File(((pathPrefix + java.lang.Integer.toString(counter)) + .png)): null

2018-12-13 15:13:15 - [TEST_STEP][PASSED] - Statement - counter = counter + 1: null

2018-12-13 15:13:15 - [TEST_STEP][PASSED] - Statement - PreSaveFile = new java.io.File(((pathPrefix + java.lang.Integer.toString(counter)) + .png)): null

2018-12-13 15:13:15 - [TEST_STEP][PASSED] - Statement - counter = counter + 1: null

2018-12-13 15:13:15 - [TEST_STEP][PASSED] - Statement - PreSaveFile = new java.io.File(((pathPrefix + java.lang.Integer.toString(counter)) + .png)): null

2018-12-13 15:13:15 - [TEST_STEP][PASSED] - Statement - counter = counter + 1: null

2018-12-13 15:13:15 - [TEST_STEP][PASSED] - Statement - PreSaveFile = new java.io.File(((pathPrefix + java.lang.Integer.toString(counter)) + .png)): null

2018-12-13 15:13:15 - [TEST_STEP][PASSED] - Statement - counter = counter + 1: null

2018-12-13 15:13:15 - [TEST_STEP][PASSED] - Statement - PreSaveFile = new java.io.File(((pathPrefix + java.lang.Integer.toString(counter)) + .png)): null

2018-12-13 15:13:15 - [TEST_STEP][PASSED] - Statement - counter = counter + 1: null

2018-12-13 15:13:15 - [TEST_STEP][PASSED] - Statement - PreSaveFile = new java.io.File(((pathPrefix + java.lang.Integer.toString(counter)) + .png)): null

2018-12-13 15:13:15 - [TEST_STEP][PASSED] - Statement - counter = counter + 1: null

2018-12-13 15:13:15 - [TEST_STEP][PASSED] - Statement - PreSaveFile = new java.io.File(((pathPrefix + java.lang.Integer.toString(counter)) + .png)): null

2018-12-13 15:13:15 - [TEST_STEP][PASSED] - Statement - counter = counter + 1: null

2018-12-13 15:13:15 - [TEST_STEP][PASSED] - Statement - PreSaveFile = new java.io.File(((pathPrefix + java.lang.Integer.toString(counter)) + .png)): null

2018-12-13 15:13:15 - [TEST_STEP][PASSED] - Statement - counter = counter + 1: null

2018-12-13 15:13:15 - [TEST_STEP][PASSED] - Statement - PreSaveFile = new java.io.File(((pathPrefix + java.lang.Integer.toString(counter)) + .png)): null

2018-12-13 15:13:15 - [TEST_STEP][PASSED] - Statement - counter = counter + 1: null

2018-12-13 15:13:15 - [TEST_STEP][PASSED] - Statement - PreSaveFile = new java.io.File(((pathPrefix + java.lang.Integer.toString(counter)) + .png)): null

2018-12-13 15:13:15 - [TEST_STEP][PASSED] - Statement - counter = counter + 1: null

2018-12-13 15:13:15 - [TEST_STEP][PASSED] - Statement - PreSaveFile = new java.io.File(((pathPrefix + java.lang.Integer.toString(counter)) + .png)): null

2018-12-13 15:13:15 - [TEST_STEP][PASSED] - Statement - counter = counter + 1: null

2018-12-13 15:13:15 - [TEST_STEP][PASSED] - Statement - PreSaveFile = new java.io.File(((pathPrefix + java.lang.Integer.toString(counter)) + .png)): null

2018-12-13 15:13:15 - [TEST_STEP][PASSED] - Statement - counter = counter + 1: null

2018-12-13 15:13:15 - [TEST_STEP][PASSED] - Statement - PreSaveFile = new java.io.File(((pathPrefix + java.lang.Integer.toString(counter)) + .png)): null

2018-12-13 15:13:15 - [TEST_STEP][PASSED] - Statement - counter = counter + 1: null

2018-12-13 15:13:15 - [TEST_STEP][PASSED] - Statement - PreSaveFile = new java.io.File(((pathPrefix + java.lang.Integer.toString(counter)) + .png)): null

2018-12-13 15:13:15 - [TEST_STEP][PASSED] - Statement - counter = counter + 1: null

2018-12-13 15:13:15 - [TEST_STEP][PASSED] - Statement - PreSaveFile = new java.io.File(((pathPrefix + java.lang.Integer.toString(counter)) + .png)): null

2018-12-13 15:13:15 - [TEST_STEP][PASSED] - Statement - counter = counter + 1: null

2018-12-13 15:13:15 - [TEST_STEP][PASSED] - Statement - PreSaveFile = new java.io.File(((pathPrefix + java.lang.Integer.toString(counter)) + .png)): null

2018-12-13 15:13:15 - [TEST_STEP][PASSED] - Statement - counter = counter + 1: null

2018-12-13 15:13:15 - [TEST_STEP][PASSED] - Statement - PreSaveFile = new java.io.File(((pathPrefix + java.lang.Integer.toString(counter)) + .png)): null

2018-12-13 15:13:15 - [TEST_STEP][PASSED] - Statement - counter = counter + 1: null

2018-12-13 15:13:15 - [TEST_STEP][PASSED] - Statement - PreSaveFile = new java.io.File(((pathPrefix + java.lang.Integer.toString(counter)) + .png)): null

2018-12-13 15:13:15 - [TEST_STEP][PASSED] - Statement - counter = counter + 1: null

2018-12-13 15:13:15 - [TEST_STEP][PASSED] - Statement - PreSaveFile = new java.io.File(((pathPrefix + java.lang.Integer.toString(counter)) + .png)): null

2018-12-13 15:13:15 - [TEST_STEP][PASSED] - Statement - counter = counter + 1: null

2018-12-13 15:13:15 - [TEST_STEP][PASSED] - Statement - PreSaveFile = new java.io.File(((pathPrefix + java.lang.Integer.toString(counter)) + .png)): null

2018-12-13 15:13:15 - [TEST_STEP][PASSED] - Statement - counter = counter + 1: null

2018-12-13 15:13:15 - [TEST_STEP][PASSED] - Statement - PreSaveFile = new java.io.File(((pathPrefix + java.lang.Integer.toString(counter)) + .png)): null

2018-12-13 15:13:15 - [TEST_STEP][PASSED] - Statement - counter = counter + 1: null

2018-12-13 15:13:15 - [TEST_STEP][PASSED] - Statement - PreSaveFile = new java.io.File(((pathPrefix + java.lang.Integer.toString(counter)) + .png)): null

2018-12-13 15:13:15 - [TEST_STEP][PASSED] - Statement - counter = counter + 1: null

2018-12-13 15:13:15 - [TEST_STEP][PASSED] - Statement - PreSaveFile = new java.io.File(((pathPrefix + java.lang.Integer.toString(counter)) + .png)): null

2018-12-13 15:13:15 - [TEST_STEP][PASSED] - Statement - counter = counter + 1: null

2018-12-13 15:13:15 - [TEST_STEP][PASSED] - Statement - PreSaveFile = new java.io.File(((pathPrefix + java.lang.Integer.toString(counter)) + .png)): null

2018-12-13 15:13:15 - [TEST_STEP][PASSED] - Statement - counter = counter + 1: null

2018-12-13 15:13:15 - [TEST_STEP][PASSED] - Statement - PreSaveFile = new java.io.File(((pathPrefix + java.lang.Integer.toString(counter)) + .png)): null

2018-12-13 15:13:15 - [TEST_STEP][PASSED] - Statement - counter = counter + 1: null

2018-12-13 15:13:15 - [TEST_STEP][PASSED] - Statement - PreSaveFile = new java.io.File(((pathPrefix + java.lang.Integer.toString(counter)) + .png)): null

2018-12-13 15:13:15 - [TEST_STEP][PASSED] - Statement - counter = counter + 1: null

2018-12-13 15:13:15 - [TEST_STEP][PASSED] - Statement - PreSaveFile = new java.io.File(((pathPrefix + java.lang.Integer.toString(counter)) + .png)): null

2018-12-13 15:13:15 - [TEST_STEP][PASSED] - Statement - counter = counter + 1: null

2018-12-13 15:13:15 - [TEST_STEP][PASSED] - Statement - PreSaveFile = new java.io.File(((pathPrefix + java.lang.Integer.toString(counter)) + .png)): null

2018-12-13 15:13:15 - [TEST_STEP][PASSED] - Statement - counter = counter + 1: null

2018-12-13 15:13:15 - [TEST_STEP][PASSED] - Statement - PreSaveFile = new java.io.File(((pathPrefix + java.lang.Integer.toString(counter)) + .png)): null

2018-12-13 15:13:15 - [TEST_STEP][PASSED] - Statement - counter = counter + 1: null

2018-12-13 15:13:15 - [TEST_STEP][PASSED] - Statement - PreSaveFile = new java.io.File(((pathPrefix + java.lang.Integer.toString(counter)) + .png)): null

2018-12-13 15:13:15 - [TEST_STEP][PASSED] - Statement - counter = counter + 1: null

2018-12-13 15:13:15 - [TEST_STEP][PASSED] - Statement - PreSaveFile = new java.io.File(((pathPrefix + java.lang.Integer.toString(counter)) + .png)): null

2018-12-13 15:13:15 - [TEST_STEP][PASSED] - Statement - counter = counter + 1: null

2018-12-13 15:13:15 - [TEST_STEP][PASSED] - Statement - PreSaveFile = new java.io.File(((pathPrefix + java.lang.Integer.toString(counter)) + .png)): null

2018-12-13 15:13:15 - [TEST_STEP][PASSED] - Statement - counter = counter + 1: null

2018-12-13 15:13:15 - [TEST_STEP][PASSED] - Statement - PreSaveFile = new java.io.File(((pathPrefix + java.lang.Integer.toString(counter)) + .png)): null

2018-12-13 15:13:15 - [TEST_STEP][PASSED] - Statement - counter = counter + 1: null

2018-12-13 15:13:15 - [TEST_STEP][PASSED] - Statement - PreSaveFile = new java.io.File(((pathPrefix + java.lang.Integer.toString(counter)) + .png)): null

2018-12-13 15:13:15 - [TEST_STEP][PASSED] - Statement - counter = counter + 1: null

2018-12-13 15:13:15 - [TEST_STEP][PASSED] - Statement - PreSaveFile = new java.io.File(((pathPrefix + java.lang.Integer.toString(counter)) + .png)): null

2018-12-13 15:13:15 - [TEST_STEP][PASSED] - Statement - counter = counter + 1: null

2018-12-13 15:13:15 - [TEST_STEP][PASSED] - Statement - PreSaveFile = new java.io.File(((pathPrefix + java.lang.Integer.toString(counter)) + .png)): null

2018-12-13 15:13:15 - [TEST_STEP][PASSED] - Statement - counter = counter + 1: null

2018-12-13 15:13:15 - [TEST_STEP][PASSED] - Statement - PreSaveFile = new java.io.File(((pathPrefix + java.lang.Integer.toString(counter)) + .png)): null

2018-12-13 15:13:15 - [TEST_STEP][PASSED] - Statement - counter = counter + 1: null

2018-12-13 15:13:15 - [TEST_STEP][PASSED] - Statement - PreSaveFile = new java.io.File(((pathPrefix + java.lang.Integer.toString(counter)) + .png)): null

2018-12-13 15:13:15 - [TEST_STEP][PASSED] - Statement - counter = counter + 1: null

2018-12-13 15:13:15 - [TEST_STEP][PASSED] - Statement - PreSaveFile = new java.io.File(((pathPrefix + java.lang.Integer.toString(counter)) + .png)): null

2018-12-13 15:13:15 - [TEST_STEP][PASSED] - Statement - counter = counter + 1: null

2018-12-13 15:13:15 - [TEST_STEP][PASSED] - Statement - PreSaveFile = new java.io.File(((pathPrefix + java.lang.Integer.toString(counter)) + .png)): null

2018-12-13 15:13:15 - [TEST_STEP][PASSED] - Statement - counter = counter + 1: null

2018-12-13 15:13:15 - [TEST_STEP][PASSED] - Statement - PreSaveFile = new java.io.File(((pathPrefix + java.lang.Integer.toString(counter)) + .png)): null

2018-12-13 15:13:15 - [TEST_STEP][PASSED] - Statement - counter = counter + 1: null

2018-12-13 15:13:15 - [TEST_STEP][PASSED] - Statement - PreSaveFile = new java.io.File(((pathPrefix + java.lang.Integer.toString(counter)) + .png)): null

2018-12-13 15:13:15 - [TEST_STEP][PASSED] - Statement - counter = counter + 1: null

2018-12-13 15:13:15 - [TEST_STEP][PASSED] - Statement - PreSaveFile = new java.io.File(((pathPrefix + java.lang.Integer.toString(counter)) + .png)): null

2018-12-13 15:13:15 - [TEST_STEP][PASSED] - Statement - counter = counter + 1: null

2018-12-13 15:13:15 - [TEST_STEP][PASSED] - Statement - PreSaveFile = new java.io.File(((pathPrefix + java.lang.Integer.toString(counter)) + .png)): null

2018-12-13 15:13:15 - [TEST_STEP][PASSED] - Statement - finalPath = pathPrefix + java.lang.Integer.toString(counter) + ".png": null

2018-12-13 15:13:15 - [TEST_STEP][PASSED] - Statement - SaveFile = new java.io.File(finalPath): null

2018-12-13 15:13:15 - [TEST_STEP][PASSED] - Statement - Try: null

2018-12-13 15:13:15 - [TEST_STEP][PASSED] - Statement - org.apache.commons.io.FileUtils.copyFile(scrFile, SaveFile): null

2018-12-13 15:13:15 - [TEST_STEP][PASSED] - Statement - out.println("file kept"): null

2018-12-13 15:13:15 - [TEST_STEP][PASSED] - delay: Delayed 10 second(s)

2018-12-13 15:13:25 - [MESSAGE][PASSED] - Delayed 10 second(s)

2018-12-13 15:13:25 - [MESSAGE][PASSED] - Call Test Case 'Test Cases/Final Aug 2018 - PKS Automation/Registration Module/New Registration/Submit and Screenshot/Submit Registration and Screenshot - Copy' successfully

2018-12-13 15:13:25 - [TEST_STEP][PASSED] - Statement - UpdateAddNewECode = com.kms.katalon.core.webui.keyword.WebUiBuiltInKeywords.getText(com.kms.katalon.core.testobject.ObjectRepository.findTestObject(Object Repository/Final Object Repo/Page_Update Add New Employee - ASSIST/getEmpCode)): Text of object 'Object Repository/Final Object Repo/Page_Update Add New Employee - ASSIST/getEmpCode' is: 'E1102070846M'

2018-12-13 15:13:25 - [MESSAGE][PASSED] - Text of object 'Object Repository/Final Object Repo/Page_Update Add New Employee - ASSIST/getEmpCode' is: 'E1102070846M'

2018-12-13 15:13:25 - [TEST_STEP][PASSED] - callTestCase: Call Test Case 'Test Cases/Final Aug 2018 - PKS Automation/Common/Emp Code Setter' successfully

2018-12-13 15:13:25 - [TEST_CASE][PASSED] - Test Cases/Final Aug 2018 - PKS Automation/Common/Emp Code Setter: Test Cases/Final Aug 2018 - PKS Automation/Common/Emp Code Setter

2018-12-13 15:13:25 - [TEST_STEP][PASSED] - Statement - EmpCodeOld = new java.io.File(C://Users//Admin//Desktop//PKS//Automation Reference Point//EmpCode.txt): null

2018-12-13 15:13:25 - [TEST_STEP][PASSED] - Statement - EmpCodeOld.delete(): null

2018-12-13 15:13:25 - [TEST_STEP][PASSED] - Statement - EmpCode = new java.io.File(C://Users//Admin//Desktop//PKS//Automation Reference Point//EmpCode.txt): null

2018-12-13 15:13:25 - [TEST_STEP][PASSED] - Statement - f2 = new java.io.FileWriter(EmpCode, false): null

2018-12-13 15:13:25 - [TEST_STEP][PASSED] - Statement - f2.write(UpdateAddNewECode): null

2018-12-13 15:13:25 - [TEST_STEP][PASSED] - Statement - f2.close(): null

2018-12-13 15:13:25 - [TEST_STEP][PASSED] - Statement - out.println("


" + UpdateAddNewECode + "


"): null

2018-12-13 15:13:25 - [MESSAGE][PASSED] - Call Test Case 'Test Cases/Final Aug 2018 - PKS Automation/Common/Emp Code Setter' successfully

2018-12-13 15:13:25 - [MESSAGE][PASSED] - Call Test Case 'Test Cases/Final Aug 2018 - PKS Automation/Registration Module/Workflow/Update Add New Employee/Template/New Company for Update Add New - Employer' successfully

2018-12-13 15:13:25 - [TEST_STEP][PASSED] - callTestCase: Call Test Case 'Test Cases/Final Aug 2018 - PKS Automation/Create Employer Acc/Login to Employer Account (Second time)' successfully

2018-12-13 15:13:25 - [TEST_CASE][PASSED] - Test Cases/Final Aug 2018 - PKS Automation/Create Employer Acc/Login to Employer Account (Second time): Test Cases/Final Aug 2018 - PKS Automation/Create Employer Acc/Login to Employer Account (Second time)

2018-12-13 15:13:25 - [TEST_STEP][PASSED] - openBrowser: Browser is opened with url: ''

2018-12-13 15:13:25 - [MESSAGE][WARNING] - A browser is already opened. Closing browser and opening a new one

2018-12-13 15:13:28 - [MESSAGE][PASSED] - Browser is opened with url: ''

2018-12-13 15:13:28 - [TEST_STEP][PASSED] - navigateToUrl: Navigate to 'https://assist2-uat.perkeso.gov.my/employer/login' successfully

2018-12-13 15:13:29 - [MESSAGE][PASSED] - Navigate to 'https://assist2-uat.perkeso.gov.my/employer/login' successfully

2018-12-13 15:13:29 - [TEST_STEP][PASSED] - delay: Delayed 3 second(s)

2018-12-13 15:13:32 - [MESSAGE][PASSED] - Delayed 3 second(s)

2018-12-13 15:13:32 - [TEST_STEP][PASSED] - callTestCase: Call Test Case 'Test Cases/Final Aug 2018 - PKS Automation/Create Employer Acc/Template/Employer Email Getter' successfully

2018-12-13 15:13:32 - [TEST_CASE][PASSED] - Test Cases/Final Aug 2018 - PKS Automation/Create Employer Acc/Template/Employer Email Getter: Test Cases/Final Aug 2018 - PKS Automation/Create Employer Acc/Template/Employer Email Getter

2018-12-13 15:13:32 - [TEST_STEP][PASSED] - Statement - Try: null

2018-12-13 15:13:32 - [TEST_STEP][PASSED] - Statement - EmpEmail = new java.io.File(C://Users//Admin//Desktop//PKS//Automation Reference Point//EmpEmail.txt): null

2018-12-13 15:13:32 - [TEST_STEP][PASSED] - Statement - bufferread = new java.io.BufferedReader(new java.io.FileReader(EmpEmail)): null

2018-12-13 15:13:32 - [TEST_STEP][PASSED] - Statement - readedVal = bufferread.readLine(): null

2018-12-13 15:13:32 - [TEST_STEP][PASSED] - Statement - out.println(readedVal): null

2018-12-13 15:13:32 - [TEST_STEP][PASSED] - Statement - Email = readedVal: null

2018-12-13 15:13:32 - [MESSAGE][PASSED] - Call Test Case 'Test Cases/Final Aug 2018 - PKS Automation/Create Employer Acc/Template/Employer Email Getter' successfully

2018-12-13 15:13:32 - [TEST_STEP][PASSED] - setText: Text 'perkeso216846150698@gmail.com' is set on object 'Object Repository/Final Object Repo/Login Page/External Login Page/Email'

2018-12-13 15:13:33 - [MESSAGE][PASSED] - Text 'perkeso216846150698@gmail.com' is set on object 'Object Repository/Final Object Repo/Login Page/External Login Page/Email'

2018-12-13 15:13:33 - [TEST_STEP][PASSED] - click: Object: 'Object Repository/Final Object Repo/Login Page/External Login Page/Next' is clicked on

2018-12-13 15:13:33 - [MESSAGE][PASSED] - Object: 'Object Repository/Final Object Repo/Login Page/External Login Page/Next' is clicked on

2018-12-13 15:13:33 - [TEST_STEP][PASSED] - delay: Delayed 3 second(s)

2018-12-13 15:13:36 - [MESSAGE][PASSED] - Delayed 3 second(s)

2018-12-13 15:13:36 - [TEST_STEP][PASSED] - setEncryptedText: Text ****** has been set on object 'Object Repository/Final Object Repo/Login Page/External Login Page/Password'

2018-12-13 15:13:36 - [MESSAGE][PASSED] - Text ****** has been set on object 'Object Repository/Final Object Repo/Login Page/External Login Page/Password'

2018-12-13 15:13:36 - [TEST_STEP][PASSED] - click: Object: 'Object Repository/Final Object Repo/Login Page/External Login Page/Login' is clicked on

2018-12-13 15:13:36 - [MESSAGE][PASSED] - Object: 'Object Repository/Final Object Repo/Login Page/External Login Page/Login' is clicked on

2018-12-13 15:13:36 - [TEST_STEP][PASSED] - delay: Delayed 5 second(s)

2018-12-13 15:13:41 - [MESSAGE][PASSED] - Delayed 5 second(s)

2018-12-13 15:13:41 - [MESSAGE][PASSED] - Call Test Case 'Test Cases/Final Aug 2018 - PKS Automation/Create Employer Acc/Login to Employer Account (Second time)' successfully

2018-12-13 15:13:41 - [TEST_STEP][PASSED] - navigateToUrl: Navigate to 'https://assist2-uat.perkeso.gov.my/web/registration/update/form-1a-cessation-as-employer-discontinue-business-' successfully

2018-12-13 15:13:42 - [MESSAGE][PASSED] - Navigate to 'https://assist2-uat.perkeso.gov.my/web/registration/update/form-1a-cessation-as-employer-discontinue-business-' successfully

2018-12-13 15:13:42 - [TEST_STEP][PASSED] - callTestCase: Call Test Case 'Test Cases/Final Aug 2018 - PKS Automation/Common/Emp Code Getter' successfully

2018-12-13 15:13:42 - [TEST_CASE][PASSED] - Test Cases/Final Aug 2018 - PKS Automation/Common/Emp Code Getter: Test Cases/Final Aug 2018 - PKS Automation/Common/Emp Code Getter

2018-12-13 15:13:43 - [TEST_STEP][PASSED] - Statement - Try: null

2018-12-13 15:13:43 - [TEST_STEP][PASSED] - Statement - EmpCode = new java.io.File(C://Users//Admin//Desktop//PKS//Automation Reference Point//EmpCode.txt): null

2018-12-13 15:13:43 - [TEST_STEP][PASSED] - Statement - bufferread = new java.io.BufferedReader(new java.io.FileReader(EmpCode)): null

2018-12-13 15:13:43 - [TEST_STEP][PASSED] - Statement - readedVal = bufferread.readLine(): null

2018-12-13 15:13:43 - [TEST_STEP][PASSED] - Statement - out.println(readedVal): null

2018-12-13 15:13:43 - [TEST_STEP][PASSED] - Statement - UpdateAddNewECode = readedVal: null

2018-12-13 15:13:43 - [MESSAGE][PASSED] - Call Test Case 'Test Cases/Final Aug 2018 - PKS Automation/Common/Emp Code Getter' successfully

2018-12-13 15:13:43 - [TEST_STEP][PASSED] - setText: Text 'E1102070846M' is set on object 'Object Repository/Final Object Repo/Page_Update Employer Information/Employer Code'

2018-12-13 15:13:43 - [MESSAGE][PASSED] - Text 'E1102070846M' is set on object 'Object Repository/Final Object Repo/Page_Update Employer Information/Employer Code'

2018-12-13 15:13:43 - [TEST_STEP][PASSED] - click: Object: 'Object Repository/Final Object Repo/Page_Update Employer Information/Search Button' is clicked on

2018-12-13 15:13:43 - [MESSAGE][PASSED] - Object: 'Object Repository/Final Object Repo/Page_Update Employer Information/Search Button' is clicked on

2018-12-13 15:13:43 - [TEST_STEP][PASSED] - delay: Delayed 2 second(s)

2018-12-13 15:13:45 - [MESSAGE][PASSED] - Delayed 2 second(s)

2018-12-13 15:13:45 - [TEST_STEP][PASSED] - click: Object: 'Object Repository/Final Object Repo/Page_Update Employer Information/Edit Button' is clicked on

2018-12-13 15:13:46 - [MESSAGE][PASSED] - Object: 'Object Repository/Final Object Repo/Page_Update Employer Information/Edit Button' is clicked on

2018-12-13 15:13:46 - [TEST_STEP][PASSED] - Statement - abc = com.kms.katalon.core.webui.keyword.WebUiBuiltInKeywords.getAttribute(com.kms.katalon.core.testobject.ObjectRepository.findTestObject(Final Object Repo/Page_Form 1A - Cessation As Employer/Employer Status), "value"): Attribute 'value' of object 'Object Repository/Final Object Repo/Page_Form 1A - Cessation As Employer/Employer Status' is: 'Active'

2018-12-13 15:13:46 - [MESSAGE][PASSED] - Attribute 'value' of object 'Object Repository/Final Object Repo/Page_Form 1A - Cessation As Employer/Employer Status' is: 'Active'

2018-12-13 15:13:46 - [TEST_STEP][PASSED] - Statement - out.println(abc): null

2018-12-13 15:13:46 - [TEST_STEP][PASSED] - Statement - If (abc == "Active"): Object: 'Object Repository/Final Object Repo/Page_Form 1A - Cessation As Employer/Change Employer Status to - Dormant' is clicked on

2018-12-13 15:13:46 - [TEST_STEP][PASSED] - click: Object: 'Object Repository/Final Object Repo/Page_Form 1A - Cessation As Employer/Change Employer Status to' is clicked on

2018-12-13 15:13:47 - [MESSAGE][PASSED] - Object: 'Object Repository/Final Object Repo/Page_Form 1A - Cessation As Employer/Change Employer Status to' is clicked on

2018-12-13 15:13:47 - [TEST_STEP][PASSED] - click: Object: 'Object Repository/Final Object Repo/Page_Form 1A - Cessation As Employer/Change Employer Status to - Dormant' is clicked on

2018-12-13 15:13:47 - [MESSAGE][PASSED] - Object: 'Object Repository/Final Object Repo/Page_Form 1A - Cessation As Employer/Change Employer Status to - Dormant' is clicked on

2018-12-13 15:13:47 - [TEST_STEP][PASSED] - click: Object: 'Object Repository/Final Object Repo/Page_Form 1A - Cessation As Employer/Calender' is clicked on

2018-12-13 15:13:47 - [MESSAGE][PASSED] - Object: 'Object Repository/Final Object Repo/Page_Form 1A - Cessation As Employer/Calender' is clicked on

2018-12-13 15:13:47 - [TEST_STEP][PASSED] - click: Object: 'Object Repository/Final Object Repo/Page_Form 1A - Cessation As Employer/Calender - Date' is clicked on

2018-12-13 15:13:47 - [MESSAGE][PASSED] - Object: 'Object Repository/Final Object Repo/Page_Form 1A - Cessation As Employer/Calender - Date' is clicked on

2018-12-13 15:13:47 - [TEST_STEP][PASSED] - delay: Delayed 2 second(s)

2018-12-13 15:13:49 - [MESSAGE][PASSED] - Delayed 2 second(s)

2018-12-13 15:13:49 - [TEST_STEP][PASSED] - click: Object: 'Object Repository/Final Object Repo/Page_Form 1A - Cessation As Employer/Save  Continue in Form 1A Page' is clicked on

2018-12-13 15:13:49 - [MESSAGE][PASSED] - Object: 'Object Repository/Final Object Repo/Page_Form 1A - Cessation As Employer/Save  Continue in Form 1A Page' is clicked on

2018-12-13 15:13:49 - [TEST_STEP][PASSED] - delay: Delayed 2 second(s)

2018-12-13 15:13:51 - [MESSAGE][PASSED] - Delayed 2 second(s)

2018-12-13 15:13:51 - [TEST_STEP][PASSED] - click: Object: 'Object Repository/Final Object Repo/Page_Form 1A - Cessation As Employer/Employment Resign Date' is clicked on

2018-12-13 15:13:52 - [MESSAGE][PASSED] - Object: 'Object Repository/Final Object Repo/Page_Form 1A - Cessation As Employer/Employment Resign Date' is clicked on

2018-12-13 15:13:52 - [TEST_STEP][PASSED] - delay: Delayed 1 second(s)

2018-12-13 15:13:53 - [MESSAGE][PASSED] - Delayed 1 second(s)

2018-12-13 15:13:53 - [TEST_STEP][PASSED] - Statement - CaseReferenceNo = com.kms.katalon.core.webui.keyword.WebUiBuiltInKeywords.getText(com.kms.katalon.core.testobject.ObjectRepository.findTestObject(Final Object Repo/Page_Update Employer Information/Reference Number in Update Employee Information Page)): Text of object 'Object Repository/Final Object Repo/Page_Update Employer Information/Reference Number in Update Employee Information Page' is: 'CUN122018C200001735'

2018-12-13 15:13:53 - [MESSAGE][PASSED] - Text of object 'Object Repository/Final Object Repo/Page_Update Employer Information/Reference Number in Update Employee Information Page' is: 'CUN122018C200001735'

2018-12-13 15:13:53 - [TEST_STEP][PASSED] - callTestCase: Call Test Case 'Test Cases/Final Aug 2018 - PKS Automation/Common/Reference Number Setter' successfully

2018-12-13 15:13:53 - [TEST_CASE][PASSED] - Test Cases/Final Aug 2018 - PKS Automation/Common/Reference Number Setter: Test Cases/Final Aug 2018 - PKS Automation/Common/Reference Number Setter

2018-12-13 15:13:53 - [TEST_STEP][PASSED] - Statement - RefNoOldFile = new java.io.File(C://Users//Admin//Desktop//PKS//Automation Reference Point//KatalonReference.txt): null

2018-12-13 15:13:53 - [TEST_STEP][PASSED] - Statement - RefNoOldFile.delete(): null

2018-12-13 15:13:53 - [TEST_STEP][PASSED] - delay: Delayed 5 second(s)

2018-12-13 15:13:58 - [MESSAGE][PASSED] - Delayed 5 second(s)

2018-12-13 15:13:58 - [TEST_STEP][PASSED] - Statement - RefNo = new java.io.File(C://Users//Admin//Desktop//PKS//Automation Reference Point//KatalonReference.txt): null

2018-12-13 15:13:58 - [TEST_STEP][PASSED] - Statement - f2 = new java.io.FileWriter(RefNo, false): null

2018-12-13 15:13:58 - [TEST_STEP][PASSED] - Statement - f2.write(CaseReferenceNo): null

2018-12-13 15:13:58 - [TEST_STEP][PASSED] - Statement - f2.close(): null

2018-12-13 15:13:58 - [TEST_STEP][PASSED] - Statement - out.println("


" + CaseReferenceNo + "


"): null

2018-12-13 15:13:58 - [MESSAGE][PASSED] - Call Test Case 'Test Cases/Final Aug 2018 - PKS Automation/Common/Reference Number Setter' successfully

2018-12-13 15:13:58 - [TEST_STEP][PASSED] - selectOptionByValue: All options with value '2030' are selected in object 'Object Repository/Final Object Repo/Page_Form 1A - Cessation As Employer/Employment Resign Date - Year' 

2018-12-13 15:13:58 - [MESSAGE][PASSED] - All options with value '2030' are selected in object 'Object Repository/Final Object Repo/Page_Form 1A - Cessation As Employer/Employment Resign Date - Year' 

2018-12-13 15:13:58 - [TEST_STEP][PASSED] - delay: Delayed 1 second(s)

2018-12-13 15:13:59 - [MESSAGE][PASSED] - Delayed 1 second(s)

2018-12-13 15:13:59 - [TEST_STEP][PASSED] - click: Object: 'Object Repository/Final Object Repo/Page_Form 1A - Cessation As Employer/Employment Resign Date - Year - Date' is clicked on

2018-12-13 15:13:59 - [MESSAGE][PASSED] - Object: 'Object Repository/Final Object Repo/Page_Form 1A - Cessation As Employer/Employment Resign Date - Year - Date' is clicked on

2018-12-13 15:13:59 - [TEST_STEP][PASSED] - delay: Delayed 2 second(s)

2018-12-13 15:14:01 - [MESSAGE][PASSED] - Delayed 2 second(s)

2018-12-13 15:14:01 - [TEST_STEP][PASSED] - click: Object: 'Object Repository/Final Object Repo/Page_Form 1A - Cessation As Employer/Save  Continue in Update Add Employee Resigned Date Page' is clicked on

2018-12-13 15:14:01 - [MESSAGE][PASSED] - Object: 'Object Repository/Final Object Repo/Page_Form 1A - Cessation As Employer/Save  Continue in Update Add Employee Resigned Date Page' is clicked on

2018-12-13 15:14:01 - [TEST_STEP][PASSED] - delay: Delayed 2 second(s)

2018-12-13 15:14:03 - [MESSAGE][PASSED] - Delayed 2 second(s)

2018-12-13 15:14:03 - [TEST_STEP][PASSED] - click: Object: 'Object Repository/Final Object Repo/Page_Form 1A - Cessation As Employer/Set Latest - Yes' is clicked on

2018-12-13 15:14:04 - [MESSAGE][PASSED] - Object: 'Object Repository/Final Object Repo/Page_Form 1A - Cessation As Employer/Set Latest - Yes' is clicked on

2018-12-13 15:14:04 - [TEST_STEP][PASSED] - delay: Delayed 2 second(s)

2018-12-13 15:14:06 - [MESSAGE][PASSED] - Delayed 2 second(s)

2018-12-13 15:14:06 - [TEST_STEP][PASSED] - click: Object: 'Object Repository/Final Object Repo/Page_Form 1A - Cessation As Employer/Add Document' is clicked on

2018-12-13 15:14:07 - [MESSAGE][PASSED] - Object: 'Object Repository/Final Object Repo/Page_Form 1A - Cessation As Employer/Add Document' is clicked on

2018-12-13 15:14:07 - [TEST_STEP][PASSED] - delay: Delayed 3 second(s)

2018-12-13 15:14:10 - [MESSAGE][PASSED] - Delayed 3 second(s)

2018-12-13 15:14:10 - [TEST_STEP][PASSED] - click: Object: 'Object Repository/Final Object Repo/Page_Form 1A - Cessation As Employer/Document Type' is clicked on

2018-12-13 15:14:10 - [MESSAGE][PASSED] - Object: 'Object Repository/Final Object Repo/Page_Form 1A - Cessation As Employer/Document Type' is clicked on

2018-12-13 15:14:10 - [TEST_STEP][PASSED] - delay: Delayed 2 second(s)

2018-12-13 15:14:12 - [MESSAGE][PASSED] - Delayed 2 second(s)

2018-12-13 15:14:12 - [TEST_STEP][PASSED] - click: Object: 'Object Repository/Final Object Repo/Page_Form 1A - Cessation As Employer/Document Type - Supporting Document For Cessation' is clicked on

2018-12-13 15:14:12 - [MESSAGE][PASSED] - Object: 'Object Repository/Final Object Repo/Page_Form 1A - Cessation As Employer/Document Type - Supporting Document For Cessation' is clicked on

2018-12-13 15:14:12 - [TEST_STEP][PASSED] - delay: Delayed 2 second(s)

2018-12-13 15:14:14 - [MESSAGE][PASSED] - Delayed 2 second(s)

2018-12-13 15:14:14 - [TEST_STEP][PASSED] - sendKeys: Keys 'C:\Users\Public\Pictures\Sample Pictures\Koala.jpg' sent to object: 'Object Repository/Final Object Repo/Page_Form 1A - Cessation As Employer/Uploading File'

2018-12-13 15:14:14 - [MESSAGE][PASSED] - Keys 'C:\Users\Public\Pictures\Sample Pictures\Koala.jpg' sent to object: 'Object Repository/Final Object Repo/Page_Form 1A - Cessation As Employer/Uploading File'

2018-12-13 15:14:14 - [TEST_STEP][PASSED] - delay: Delayed 2 second(s)

2018-12-13 15:14:16 - [MESSAGE][PASSED] - Delayed 2 second(s)

2018-12-13 15:14:16 - [TEST_STEP][PASSED] - click: Object: 'Object Repository/Final Object Repo/Page_Form 1A - Cessation As Employer/Add Document in Uploading Page' is clicked on

2018-12-13 15:14:16 - [MESSAGE][PASSED] - Object: 'Object Repository/Final Object Repo/Page_Form 1A - Cessation As Employer/Add Document in Uploading Page' is clicked on

2018-12-13 15:14:16 - [TEST_STEP][PASSED] - delay: Delayed 2 second(s)

2018-12-13 15:14:18 - [MESSAGE][PASSED] - Delayed 2 second(s)

2018-12-13 15:14:18 - [TEST_STEP][PASSED] - click: Object: 'Object Repository/Final Object Repo/Page_Form 1A - Cessation As Employer/Save  Continue in Uploading Page' is clicked on

2018-12-13 15:14:21 - [MESSAGE][PASSED] - Object: 'Object Repository/Final Object Repo/Page_Form 1A - Cessation As Employer/Save  Continue in Uploading Page' is clicked on

2018-12-13 15:14:21 - [TEST_STEP][PASSED] - delay: Delayed 2 second(s)

2018-12-13 15:14:23 - [MESSAGE][PASSED] - Delayed 2 second(s)

2018-12-13 15:14:23 - [TEST_STEP][PASSED] - click: Object: 'Object Repository/Final Object Repo/Page_Form 1A - Cessation As Employer/Submit2' is clicked on

2018-12-13 15:14:26 - [MESSAGE][PASSED] - Object: 'Object Repository/Final Object Repo/Page_Form 1A - Cessation As Employer/Submit2' is clicked on

2018-12-13 15:14:26 - [TEST_STEP][PASSED] - delay: Delayed 2 second(s)

2018-12-13 15:14:28 - [MESSAGE][PASSED] - Delayed 2 second(s)

2018-12-13 15:14:28 - [TEST_STEP][PASSED] - click: Object: 'Object Repository/Final Object Repo/Page_Form 1A - Cessation As Employer/Confirm' is clicked on

2018-12-13 15:14:28 - [MESSAGE][PASSED] - Object: 'Object Repository/Final Object Repo/Page_Form 1A - Cessation As Employer/Confirm' is clicked on

2018-12-13 15:14:28 - [TEST_STEP][PASSED] - delay: Delayed 2 second(s)

2018-12-13 15:14:30 - [MESSAGE][PASSED] - Delayed 2 second(s)

2018-12-13 15:14:30 - [TEST_STEP][PASSED] - verifyElementVisible: Object 'Object Repository/Final Object Repo/Page_Form 1A - Cessation As Employer/Message Your Request will be routed to UO' is visible

2018-12-13 15:14:34 - [MESSAGE][PASSED] - Object 'Object Repository/Final Object Repo/Page_Form 1A - Cessation As Employer/Message Your Request will be routed to UO' is visible

2018-12-13 15:14:34 - [TEST_STEP][PASSED] - delay: Delayed 1 second(s)

2018-12-13 15:14:35 - [MESSAGE][PASSED] - Delayed 1 second(s)

2018-12-13 15:14:35 - [TEST_STEP][PASSED] - verifyElementVisible: Object 'Object Repository/Final Object Repo/Page_Form 1A - Cessation As Employer/Letter of acknowledgement' is visible

2018-12-13 15:14:35 - [MESSAGE][PASSED] - Object 'Object Repository/Final Object Repo/Page_Form 1A - Cessation As Employer/Letter of acknowledgement' is visible

2018-12-13 15:14:35 - [MESSAGE][PASSED] - Call Test Case 'Test Cases/Final Aug 2018 - PKS Automation/Registration Module/Workflow/Form 1A - Cessation As Employer/Template/Form 1 A - Cessation As Employer (Employer)' successfully

2018-12-13 15:14:35 - [TEST_STEP][PASSED] - callTestCase: Call Test Case 'Test Cases/Final Aug 2018 - PKS Automation/Registration Module/Workflow/Form 1A - Cessation As Employer/Template/Form 1 A - Cessation As Employer (Approve)' successfully

2018-12-13 15:14:35 - [TEST_CASE][PASSED] - Test Cases/Final Aug 2018 - PKS Automation/Registration Module/Workflow/Form 1A - Cessation As Employer/Template/Form 1 A - Cessation As Employer (Approve): Test Cases/Final Aug 2018 - PKS Automation/Registration Module/Workflow/Form 1A - Cessation As Employer/Template/Form 1 A - Cessation As Employer (Approve)

2018-12-13 15:14:35 - [TEST_STEP][NOT_RUN] - callTestCase: NOT_RUN: callTestCase

2018-12-13 15:14:35 - [MESSAGE][NOT_RUN] - NOT_RUN: callTestCase

2018-12-13 15:14:35 - [TEST_STEP][PASSED] - delay: Delayed 1 second(s)

2018-12-13 15:14:36 - [MESSAGE][PASSED] - Delayed 1 second(s)

2018-12-13 15:14:36 - [TEST_STEP][PASSED] - navigateToUrl: Navigate to 'https://assist2-uat.perkeso.gov.my/c/portal/logout' successfully

2018-12-13 15:14:37 - [MESSAGE][PASSED] - Navigate to 'https://assist2-uat.perkeso.gov.my/c/portal/logout' successfully

2018-12-13 15:14:37 - [TEST_STEP][PASSED] - delay: Delayed 1 second(s)

2018-12-13 15:14:38 - [MESSAGE][PASSED] - Delayed 1 second(s)

2018-12-13 15:14:38 - [TEST_STEP][PASSED] - callTestCase: Call Test Case 'Test Cases/Final Aug 2018 - PKS Automation/Common/Reference Number Getter' successfully

2018-12-13 15:14:38 - [TEST_CASE][PASSED] - Test Cases/Final Aug 2018 - PKS Automation/Common/Reference Number Getter: Test Cases/Final Aug 2018 - PKS Automation/Common/Reference Number Getter

2018-12-13 15:14:39 - [TEST_STEP][PASSED] - Statement - Try: null

2018-12-13 15:14:39 - [TEST_STEP][PASSED] - Statement - RefNo = new java.io.File(C://Users//Admin//Desktop//PKS//Automation Reference Point//KatalonReference.txt): null

2018-12-13 15:14:39 - [TEST_STEP][PASSED] - Statement - bufferread = new java.io.BufferedReader(new java.io.FileReader(RefNo)): null

2018-12-13 15:14:39 - [TEST_STEP][PASSED] - Statement - readedVal = bufferread.readLine(): null

2018-12-13 15:14:39 - [TEST_STEP][PASSED] - Statement - out.println(CaseReferenceNo): null

2018-12-13 15:14:39 - [TEST_STEP][PASSED] - Statement - out.println(readedVal): null

2018-12-13 15:14:39 - [TEST_STEP][PASSED] - Statement - CaseReferenceNo = "": null

2018-12-13 15:14:39 - [TEST_STEP][PASSED] - Statement - CaseReferenceNo = readedVal: null

2018-12-13 15:14:39 - [MESSAGE][PASSED] - Call Test Case 'Test Cases/Final Aug 2018 - PKS Automation/Common/Reference Number Getter' successfully

2018-12-13 15:14:39 - [TEST_STEP][PASSED] - callTestCase: Call Test Case 'Test Cases/Final Aug 2018 - PKS Automation/Common/Workflow Owner Finder' successfully

2018-12-13 15:14:39 - [TEST_CASE][PASSED] - Test Cases/Final Aug 2018 - PKS Automation/Common/Workflow Owner Finder: Test Cases/Final Aug 2018 - PKS Automation/Common/Workflow Owner Finder

2018-12-13 15:14:39 - [TEST_STEP][PASSED] - openBrowser: Browser is opened with url: ''

2018-12-13 15:14:39 - [MESSAGE][WARNING] - A browser is already opened. Closing browser and opening a new one

2018-12-13 15:14:42 - [MESSAGE][PASSED] - Browser is opened with url: ''

2018-12-13 15:14:42 - [TEST_STEP][PASSED] - navigateToUrl: Navigate to 'https://assist2-uat.perkeso.gov.my/login' successfully

2018-12-13 15:14:43 - [MESSAGE][PASSED] - Navigate to 'https://assist2-uat.perkeso.gov.my/login' successfully

2018-12-13 15:14:43 - [TEST_STEP][PASSED] - delay: Delayed 5 second(s)

2018-12-13 15:14:48 - [MESSAGE][PASSED] - Delayed 5 second(s)

2018-12-13 15:14:48 - [TEST_STEP][PASSED] - setText: Text 'test@liferay.com' is set on object 'Object Repository/Final Object Repo/Login Page/Internal User/Email Address'

2018-12-13 15:14:48 - [MESSAGE][PASSED] - Text 'test@liferay.com' is set on object 'Object Repository/Final Object Repo/Login Page/Internal User/Email Address'

2018-12-13 15:14:48 - [TEST_STEP][PASSED] - click: Object: 'Object Repository/Final Object Repo/Login Page/Internal User/Next Button' is clicked on

2018-12-13 15:14:48 - [MESSAGE][PASSED] - Object: 'Object Repository/Final Object Repo/Login Page/Internal User/Next Button' is clicked on

2018-12-13 15:14:48 - [TEST_STEP][PASSED] - delay: Delayed 2 second(s)

2018-12-13 15:14:50 - [MESSAGE][PASSED] - Delayed 2 second(s)

2018-12-13 15:14:50 - [TEST_STEP][PASSED] - setText: Text 'test' is set on object 'Object Repository/Final Object Repo/Login Page/Internal User/Password'

2018-12-13 15:14:51 - [MESSAGE][PASSED] - Text 'test' is set on object 'Object Repository/Final Object Repo/Login Page/Internal User/Password'

2018-12-13 15:14:51 - [TEST_STEP][PASSED] - delay: Delayed 2 second(s)

2018-12-13 15:14:53 - [MESSAGE][PASSED] - Delayed 2 second(s)

2018-12-13 15:14:53 - [TEST_STEP][PASSED] - click: Object: 'Object Repository/Final Object Repo/Login Page/Internal User/Login Button' is clicked on

2018-12-13 15:14:53 - [MESSAGE][PASSED] - Object: 'Object Repository/Final Object Repo/Login Page/Internal User/Login Button' is clicked on

2018-12-13 15:14:53 - [TEST_STEP][PASSED] - Statement - tester = com.kms.katalon.core.testobject.ObjectRepository.findTestObject(Final Object Repo/Landing Page/Select to English): Finding Test Object with id 'Object Repository/Final Object Repo/Landing Page/Select to English'

2018-12-13 15:14:53 - [TEST_STEP][PASSED] - Statement - Try: Delayed 2 second(s)

2018-12-13 15:14:53 - [TEST_STEP][PASSED] - Statement - Checker = com.kms.katalon.core.webui.keyword.WebUiBuiltInKeywords.verifyElementNotPresent(tester, 3): Web element with id: 'Object Repository/Final Object Repo/Landing Page/Select to English' located by 'By.xpath: //a[@class = 'taglib-language-list-text' and @lang = 'en-US' and (contains(text(), 'EN') or contains(., 'EN'))]' is not present after '3' second(s)

2018-12-13 15:14:55 - [MESSAGE][PASSED] - Web element with id: 'Object Repository/Final Object Repo/Landing Page/Select to English' located by 'By.xpath: //a[@class = 'taglib-language-list-text' and @lang = 'en-US' and (contains(text(), 'EN') or contains(., 'EN'))]' is not present after '3' second(s)

2018-12-13 15:14:55 - [TEST_STEP][PASSED] - Statement - If (Checker == false): null

2018-12-13 15:14:55 - [TEST_STEP][PASSED] - delay: Delayed 2 second(s)

2018-12-13 15:14:57 - [MESSAGE][PASSED] - Delayed 2 second(s)

2018-12-13 15:14:57 - [TEST_STEP][PASSED] - delay: Delayed 5 second(s)

2018-12-13 15:15:02 - [MESSAGE][PASSED] - Delayed 5 second(s)

2018-12-13 15:15:02 - [TEST_STEP][PASSED] - mouseOver: Object: 'Object Repository/Final Object Repo/Landing Page/WorkFlow Menu' is hovered

2018-12-13 15:15:03 - [MESSAGE][PASSED] - Object: 'Object Repository/Final Object Repo/Landing Page/WorkFlow Menu' is hovered

2018-12-13 15:15:03 - [TEST_STEP][PASSED] - delay: Delayed 2 second(s)

2018-12-13 15:15:05 - [MESSAGE][PASSED] - Delayed 2 second(s)

2018-12-13 15:15:05 - [TEST_STEP][PASSED] - click: Object: 'Object Repository/Final Object Repo/Landing Page/Select to Workflow Listing' is clicked on

2018-12-13 15:15:06 - [MESSAGE][PASSED] - Object: 'Object Repository/Final Object Repo/Landing Page/Select to Workflow Listing' is clicked on

2018-12-13 15:15:06 - [TEST_STEP][PASSED] - delay: Delayed 2 second(s)

2018-12-13 15:15:08 - [MESSAGE][PASSED] - Delayed 2 second(s)

2018-12-13 15:15:08 - [TEST_STEP][PASSED] - click: Object: 'Object Repository/Final Object Repo/WorkFlow Listing Page/Search Information - To Put Ref No' is clicked on

2018-12-13 15:15:08 - [MESSAGE][PASSED] - Object: 'Object Repository/Final Object Repo/WorkFlow Listing Page/Search Information - To Put Ref No' is clicked on

2018-12-13 15:15:08 - [TEST_STEP][PASSED] - delay: Delayed 2 second(s)

2018-12-13 15:15:10 - [MESSAGE][PASSED] - Delayed 2 second(s)

2018-12-13 15:15:10 - [TEST_STEP][PASSED] - callTestCase: Call Test Case 'Test Cases/Final Aug 2018 - PKS Automation/Common/Reference Number Getter' successfully

2018-12-13 15:15:10 - [TEST_CASE][PASSED] - Test Cases/Final Aug 2018 - PKS Automation/Common/Reference Number Getter: Test Cases/Final Aug 2018 - PKS Automation/Common/Reference Number Getter

2018-12-13 15:15:10 - [TEST_STEP][PASSED] - Statement - Try: null

2018-12-13 15:15:10 - [TEST_STEP][PASSED] - Statement - RefNo = new java.io.File(C://Users//Admin//Desktop//PKS//Automation Reference Point//KatalonReference.txt): null

2018-12-13 15:15:10 - [TEST_STEP][PASSED] - Statement - bufferread = new java.io.BufferedReader(new java.io.FileReader(RefNo)): null

2018-12-13 15:15:10 - [TEST_STEP][PASSED] - Statement - readedVal = bufferread.readLine(): null

2018-12-13 15:15:10 - [TEST_STEP][PASSED] - Statement - out.println(CaseReferenceNo): null

2018-12-13 15:15:10 - [TEST_STEP][PASSED] - Statement - out.println(readedVal): null

2018-12-13 15:15:10 - [TEST_STEP][PASSED] - Statement - CaseReferenceNo = "": null

2018-12-13 15:15:10 - [TEST_STEP][PASSED] - Statement - CaseReferenceNo = readedVal: null

2018-12-13 15:15:10 - [MESSAGE][PASSED] - Call Test Case 'Test Cases/Final Aug 2018 - PKS Automation/Common/Reference Number Getter' successfully

2018-12-13 15:15:10 - [TEST_STEP][PASSED] - setText: Text 'CUN122018C200001735' is set on object 'Object Repository/Final Object Repo/WorkFlow Listing Page/Ref No Set Text'

2018-12-13 15:15:10 - [MESSAGE][PASSED] - Text 'CUN122018C200001735' is set on object 'Object Repository/Final Object Repo/WorkFlow Listing Page/Ref No Set Text'

2018-12-13 15:15:10 - [TEST_STEP][PASSED] - delay: Delayed 2 second(s)

2018-12-13 15:15:12 - [MESSAGE][PASSED] - Delayed 2 second(s)

2018-12-13 15:15:12 - [TEST_STEP][PASSED] - click: Object: 'Object Repository/Final Object Repo/WorkFlow Listing Page/Search Ref No Search Button' is clicked on

2018-12-13 15:15:13 - [MESSAGE][PASSED] - Object: 'Object Repository/Final Object Repo/WorkFlow Listing Page/Search Ref No Search Button' is clicked on

2018-12-13 15:15:13 - [TEST_STEP][PASSED] - delay: Delayed 6 second(s)

2018-12-13 15:15:19 - [MESSAGE][PASSED] - Delayed 6 second(s)

2018-12-13 15:15:19 - [TEST_STEP][PASSED] - click: Object: 'Object Repository/Final Object Repo/WorkFlow Listing Page/Click Continue Tooltip' is clicked on

2018-12-13 15:15:20 - [MESSAGE][PASSED] - Object: 'Object Repository/Final Object Repo/WorkFlow Listing Page/Click Continue Tooltip' is clicked on

2018-12-13 15:15:20 - [TEST_STEP][PASSED] - delay: Delayed 5 second(s)

2018-12-13 15:15:25 - [MESSAGE][PASSED] - Delayed 5 second(s)

2018-12-13 15:15:25 - [TEST_STEP][PASSED] - doubleClick: Object: 'Object Repository/Final Object Repo/WorkFlow Listing Page/Workflow Found - Listing 1' is double clicked on

2018-12-13 15:15:25 - [MESSAGE][PASSED] - Object: 'Object Repository/Final Object Repo/WorkFlow Listing Page/Workflow Found - Listing 1' is double clicked on

2018-12-13 15:15:25 - [TEST_STEP][PASSED] - Statement - println(OwnerID): null

2018-12-13 15:15:25 - [TEST_STEP][PASSED] - Statement - OwnerID = com.kms.katalon.core.webui.keyword.WebUiBuiltInKeywords.getText(com.kms.katalon.core.testobject.ObjectRepository.findTestObject(Final Object Repo/WorkFlow Listing Page/Workflow Found - Listing 1), STOP_ON_FAILURE): Text of object 'Object Repository/Final Object Repo/WorkFlow Listing Page/Workflow Found - Listing 1' is: 'JOHORuo2'

2018-12-13 15:15:25 - [MESSAGE][PASSED] - Text of object 'Object Repository/Final Object Repo/WorkFlow Listing Page/Workflow Found - Listing 1' is: 'JOHORuo2'

2018-12-13 15:15:25 - [TEST_STEP][PASSED] - Statement - OwnerID = OwnerID.toLowerCase() + "@gmail.com": null

2018-12-13 15:15:25 - [TEST_STEP][PASSED] - Statement - println(OwnerID): null

2018-12-13 15:15:25 - [TEST_STEP][PASSED] - delay: Delayed 2 second(s)

2018-12-13 15:15:27 - [MESSAGE][PASSED] - Delayed 2 second(s)

2018-12-13 15:15:27 - [MESSAGE][PASSED] - Call Test Case 'Test Cases/Final Aug 2018 - PKS Automation/Common/Workflow Owner Finder' successfully

2018-12-13 15:15:27 - [TEST_STEP][PASSED] - delay: Delayed 1 second(s)

2018-12-13 15:15:28 - [MESSAGE][PASSED] - Delayed 1 second(s)

2018-12-13 15:15:28 - [TEST_STEP][PASSED] - navigateToUrl: Navigate to 'https://assist2-uat.perkeso.gov.my/c/portal/logout' successfully

2018-12-13 15:15:29 - [MESSAGE][PASSED] - Navigate to 'https://assist2-uat.perkeso.gov.my/c/portal/logout' successfully

2018-12-13 15:15:29 - [TEST_STEP][PASSED] - delay: Delayed 1 second(s)

2018-12-13 15:15:30 - [MESSAGE][PASSED] - Delayed 1 second(s)

2018-12-13 15:15:30 - [TEST_STEP][PASSED] - callTestCase: Call Test Case 'Test Cases/Final Aug 2018 - PKS Automation/Registration Module/Workflow/Login and Search Case For Workflow' successfully

2018-12-13 15:15:30 - [TEST_CASE][PASSED] - Test Cases/Final Aug 2018 - PKS Automation/Registration Module/Workflow/Login and Search Case For Workflow: Test Cases/Final Aug 2018 - PKS Automation/Registration Module/Workflow/Login and Search Case For Workflow

2018-12-13 15:15:30 - [TEST_STEP][PASSED] - navigateToUrl: Navigate to 'https://assist2-uat.perkeso.gov.my/login' successfully

2018-12-13 15:15:31 - [MESSAGE][PASSED] - Navigate to 'https://assist2-uat.perkeso.gov.my/login' successfully

2018-12-13 15:15:31 - [TEST_STEP][PASSED] - setText: Text 'johoruo2@gmail.com' is set on object 'Object Repository/Final Object Repo/Login Page/Internal User/Email Address'

2018-12-13 15:15:31 - [MESSAGE][PASSED] - Text 'johoruo2@gmail.com' is set on object 'Object Repository/Final Object Repo/Login Page/Internal User/Email Address'

2018-12-13 15:15:31 - [TEST_STEP][PASSED] - click: Object: 'Object Repository/Final Object Repo/Login Page/Internal User/Next Button' is clicked on

2018-12-13 15:15:31 - [MESSAGE][PASSED] - Object: 'Object Repository/Final Object Repo/Login Page/Internal User/Next Button' is clicked on

2018-12-13 15:15:31 - [TEST_STEP][PASSED] - delay: Delayed 1 second(s)

2018-12-13 15:15:32 - [MESSAGE][PASSED] - Delayed 1 second(s)

2018-12-13 15:15:32 - [TEST_STEP][PASSED] - setEncryptedText: Text ****** has been set on object 'Object Repository/Final Object Repo/Login Page/Internal User/Password'

2018-12-13 15:15:33 - [MESSAGE][PASSED] - Text ****** has been set on object 'Object Repository/Final Object Repo/Login Page/Internal User/Password'

2018-12-13 15:15:33 - [TEST_STEP][PASSED] - click: Object: 'Object Repository/Final Object Repo/Login Page/Internal User/Login Button' is clicked on

2018-12-13 15:15:33 - [MESSAGE][PASSED] - Object: 'Object Repository/Final Object Repo/Login Page/Internal User/Login Button' is clicked on

2018-12-13 15:15:33 - [TEST_STEP][PASSED] - delay: Delayed 2 second(s)

2018-12-13 15:15:35 - [MESSAGE][PASSED] - Delayed 2 second(s)

2018-12-13 15:15:35 - [TEST_STEP][PASSED] - Statement - Try: Delayed 2 second(s)

2018-12-13 15:15:35 - [TEST_STEP][PASSED] - Statement - Checker = false: null

2018-12-13 15:15:35 - [TEST_STEP][PASSED] - Statement - Checker = com.kms.katalon.core.webui.keyword.WebUiBuiltInKeywords.verifyElementHasAttribute(com.kms.katalon.core.testobject.ObjectRepository.findTestObject(Final Object Repo/Landing Page/BM Detecting), "href", 20, OPTIONAL): Object 'Object Repository/Final Object Repo/Landing Page/BM Detecting' has attribute 'href'

2018-12-13 15:15:35 - [MESSAGE][PASSED] - Object 'Object Repository/Final Object Repo/Landing Page/BM Detecting' has attribute 'href'

2018-12-13 15:15:35 - [TEST_STEP][PASSED] - Statement - out.println(Checker): null

2018-12-13 15:15:35 - [TEST_STEP][PASSED] - Statement - If (Checker == false): null

2018-12-13 15:15:35 - [TEST_STEP][PASSED] - Statement - Else: null

2018-12-13 15:15:35 - [TEST_STEP][PASSED] - delay: Delayed 2 second(s)

2018-12-13 15:15:37 - [MESSAGE][PASSED] - Delayed 2 second(s)

2018-12-13 15:15:37 - [TEST_STEP][PASSED] - click: Object: 'Object Repository/Final Object Repo/Page_MyASSIST - ASSIST - Search Pending Case For Add Supporting Document/Search Information' is clicked on

2018-12-13 15:15:37 - [MESSAGE][PASSED] - Object: 'Object Repository/Final Object Repo/Page_MyASSIST - ASSIST - Search Pending Case For Add Supporting Document/Search Information' is clicked on

2018-12-13 15:15:37 - [TEST_STEP][PASSED] - delay: Delayed 3 second(s)

2018-12-13 15:15:40 - [MESSAGE][PASSED] - Delayed 3 second(s)

2018-12-13 15:15:40 - [TEST_STEP][PASSED] - sendKeys: Keys 'CUN122018C200001735' sent to object: 'Object Repository/Final Object Repo/Page_MyASSIST - ASSIST - Search Pending Case For Add Supporting Document/Reference No'

2018-12-13 15:15:40 - [MESSAGE][PASSED] - Keys 'CUN122018C200001735' sent to object: 'Object Repository/Final Object Repo/Page_MyASSIST - ASSIST - Search Pending Case For Add Supporting Document/Reference No'

2018-12-13 15:15:40 - [TEST_STEP][PASSED] - click: Object: 'Object Repository/Final Object Repo/Page_MyASSIST - ASSIST - Search Pending Case For Add Supporting Document/Search Reference No' is clicked on

2018-12-13 15:15:40 - [MESSAGE][PASSED] - Object: 'Object Repository/Final Object Repo/Page_MyASSIST - ASSIST - Search Pending Case For Add Supporting Document/Search Reference No' is clicked on

2018-12-13 15:15:40 - [TEST_STEP][PASSED] - delay: Delayed 2 second(s)

2018-12-13 15:15:42 - [MESSAGE][PASSED] - Delayed 2 second(s)

2018-12-13 15:15:42 - [TEST_STEP][PASSED] - click: Object: 'Object Repository/Final Object Repo/Page_MyASSIST - ASSIST - Search Pending Case For Add Supporting Document/Continue' is clicked on

2018-12-13 15:15:46 - [MESSAGE][PASSED] - Object: 'Object Repository/Final Object Repo/Page_MyASSIST - ASSIST - Search Pending Case For Add Supporting Document/Continue' is clicked on

2018-12-13 15:15:46 - [TEST_STEP][PASSED] - delay: Delayed 20 second(s)

2018-12-13 15:16:06 - [MESSAGE][PASSED] - Delayed 20 second(s)

2018-12-13 15:16:06 - [MESSAGE][PASSED] - Call Test Case 'Test Cases/Final Aug 2018 - PKS Automation/Registration Module/Workflow/Login and Search Case For Workflow' successfully

2018-12-13 15:16:06 - [TEST_STEP][PASSED] - click: Object: 'Object Repository/Final Object Repo/Page_Form 1A - Cessation As Employer/Page_Form 1A - Cessation As Employer (Approve)/Save  Continue in Form 1A Page' is clicked on

2018-12-13 15:16:06 - [MESSAGE][PASSED] - Object: 'Object Repository/Final Object Repo/Page_Form 1A - Cessation As Employer/Page_Form 1A - Cessation As Employer (Approve)/Save  Continue in Form 1A Page' is clicked on

2018-12-13 15:16:06 - [TEST_STEP][PASSED] - delay: Delayed 2 second(s)

2018-12-13 15:16:08 - [MESSAGE][PASSED] - Delayed 2 second(s)

2018-12-13 15:16:08 - [TEST_STEP][PASSED] - click: Object: 'Object Repository/Final Object Repo/Page_Form 1A - Cessation As Employer/Employment Resign Date' is clicked on

2018-12-13 15:16:08 - [MESSAGE][PASSED] - Object: 'Object Repository/Final Object Repo/Page_Form 1A - Cessation As Employer/Employment Resign Date' is clicked on

2018-12-13 15:16:08 - [TEST_STEP][PASSED] - delay: Delayed 1 second(s)

2018-12-13 15:16:09 - [MESSAGE][PASSED] - Delayed 1 second(s)

2018-12-13 15:16:09 - [TEST_STEP][PASSED] - selectOptionByValue: All options with value '2030' are selected in object 'Object Repository/Final Object Repo/Page_Form 1A - Cessation As Employer/Employment Resign Date - Year' 

2018-12-13 15:16:09 - [MESSAGE][PASSED] - All options with value '2030' are selected in object 'Object Repository/Final Object Repo/Page_Form 1A - Cessation As Employer/Employment Resign Date - Year' 

2018-12-13 15:16:09 - [TEST_STEP][PASSED] - delay: Delayed 1 second(s)

2018-12-13 15:16:10 - [MESSAGE][PASSED] - Delayed 1 second(s)

2018-12-13 15:16:10 - [TEST_STEP][PASSED] - click: Object: 'Object Repository/Final Object Repo/Page_Form 1A - Cessation As Employer/Employment Resign Date - Year - Date' is clicked on

2018-12-13 15:16:11 - [MESSAGE][PASSED] - Object: 'Object Repository/Final Object Repo/Page_Form 1A - Cessation As Employer/Employment Resign Date - Year - Date' is clicked on

2018-12-13 15:16:11 - [TEST_STEP][PASSED] - delay: Delayed 2 second(s)

2018-12-13 15:16:13 - [MESSAGE][PASSED] - Delayed 2 second(s)

2018-12-13 15:16:13 - [TEST_STEP][PASSED] - click: Object: 'Object Repository/Final Object Repo/Page_Form 1A - Cessation As Employer/Page_Form 1A - Cessation As Employer (Approve)/Save  Continue in Update Add Employee Resigned Date Page' is clicked on

2018-12-13 15:16:13 - [MESSAGE][PASSED] - Object: 'Object Repository/Final Object Repo/Page_Form 1A - Cessation As Employer/Page_Form 1A - Cessation As Employer (Approve)/Save  Continue in Update Add Employee Resigned Date Page' is clicked on

2018-12-13 15:16:13 - [TEST_STEP][PASSED] - delay: Delayed 2 second(s)

2018-12-13 15:16:15 - [MESSAGE][PASSED] - Delayed 2 second(s)

2018-12-13 15:16:15 - [TEST_STEP][PASSED] - click: Object: 'Object Repository/Final Object Repo/Page_Form 1A - Cessation As Employer/Set Latest - Yes' is clicked on

2018-12-13 15:16:15 - [MESSAGE][PASSED] - Object: 'Object Repository/Final Object Repo/Page_Form 1A - Cessation As Employer/Set Latest - Yes' is clicked on

2018-12-13 15:16:15 - [TEST_STEP][PASSED] - delay: Delayed 2 second(s)

2018-12-13 15:16:17 - [MESSAGE][PASSED] - Delayed 2 second(s)

2018-12-13 15:16:17 - [TEST_STEP][PASSED] - click: Object: 'Object Repository/Final Object Repo/Page_Form 1A - Cessation As Employer/Page_Form 1A - Cessation As Employer (Approve)/Save  Contine in Uploading Document Page' is clicked on

2018-12-13 15:16:18 - [MESSAGE][PASSED] - Object: 'Object Repository/Final Object Repo/Page_Form 1A - Cessation As Employer/Page_Form 1A - Cessation As Employer (Approve)/Save  Contine in Uploading Document Page' is clicked on

2018-12-13 15:16:18 - [TEST_STEP][PASSED] - delay: Delayed 2 second(s)

2018-12-13 15:16:20 - [MESSAGE][PASSED] - Delayed 2 second(s)

2018-12-13 15:16:20 - [TEST_STEP][PASSED] - click: Object: 'Object Repository/Final Object Repo/Page_Form 1A - Cessation As Employer/Page_Form 1A - Cessation As Employer (Approve)/Approve' is clicked on

2018-12-13 15:16:23 - [MESSAGE][PASSED] - Object: 'Object Repository/Final Object Repo/Page_Form 1A - Cessation As Employer/Page_Form 1A - Cessation As Employer (Approve)/Approve' is clicked on

2018-12-13 15:16:23 - [TEST_STEP][PASSED] - delay: Delayed 2 second(s)

2018-12-13 15:16:25 - [MESSAGE][PASSED] - Delayed 2 second(s)

2018-12-13 15:16:25 - [TEST_STEP][PASSED] - click: Object: 'Object Repository/Final Object Repo/Page_Form 1A - Cessation As Employer/Confirm' is clicked on

2018-12-13 15:16:25 - [MESSAGE][PASSED] - Object: 'Object Repository/Final Object Repo/Page_Form 1A - Cessation As Employer/Confirm' is clicked on

2018-12-13 15:16:25 - [TEST_STEP][PASSED] - delay: Delayed 2 second(s)

2018-12-13 15:16:27 - [MESSAGE][PASSED] - Delayed 2 second(s)

2018-12-13 15:16:27 - [TEST_STEP][PASSED] - click: Object: 'Object Repository/Final Object Repo/Page_Form 1A - Cessation As Employer/Page_Form 1A - Cessation As Employer (Approve)/Message Your Request    Form 1A ' is clicked on

2018-12-13 15:16:36 - [MESSAGE][PASSED] - Object: 'Object Repository/Final Object Repo/Page_Form 1A - Cessation As Employer/Page_Form 1A - Cessation As Employer (Approve)/Message Your Request    Form 1A ' is clicked on

2018-12-13 15:16:36 - [TEST_STEP][PASSED] - delay: Delayed 2 second(s)

2018-12-13 15:16:38 - [MESSAGE][PASSED] - Delayed 2 second(s)

2018-12-13 15:16:38 - [TEST_STEP][PASSED] - click: Object: 'Object Repository/Final Object Repo/Page_Form 1A - Cessation As Employer/Page_Form 1A - Cessation As Employer (Approve)/Letter of successful update' is clicked on

2018-12-13 15:16:39 - [MESSAGE][PASSED] - Object: 'Object Repository/Final Object Repo/Page_Form 1A - Cessation As Employer/Page_Form 1A - Cessation As Employer (Approve)/Letter of successful update' is clicked on

2018-12-13 15:16:39 - [MESSAGE][PASSED] - Call Test Case 'Test Cases/Final Aug 2018 - PKS Automation/Registration Module/Workflow/Form 1A - Cessation As Employer/Template/Form 1 A - Cessation As Employer (Approve)' successfully]]></system-out>
         <system-err><![CDATA[]]></system-err>
      </testcase>
      <testcase name="Test Cases/Final Aug 2018 - PKS Automation/Registration Module/Workflow/Form 1A - Cessation As Employer/Employer to UO (Query)" classname="Test Cases/Final Aug 2018 - PKS Automation/Registration Module/Workflow/Form 1A - Cessation As Employer/Employer to UO (Query)" status="PASSED">
         <system-out><![CDATA[2018-12-13 15:16:39 - [TEST_CASE][PASSED] - Test Cases/Final Aug 2018 - PKS Automation/Registration Module/Workflow/Form 1A - Cessation As Employer/Employer to UO (Query): Test Cases/Final Aug 2018 - PKS Automation/Registration Module/Workflow/Form 1A - Cessation As Employer/Employer to UO (Query)

2018-12-13 15:16:39 - [TEST_STEP][PASSED] - callTestCase: Call Test Case 'Test Cases/Final Aug 2018 - PKS Automation/Registration Module/Workflow/Form 1A - Cessation As Employer/Template/Form 1 A - Cessation As Employer (Employer)' successfully

2018-12-13 15:16:39 - [TEST_CASE][PASSED] - Test Cases/Final Aug 2018 - PKS Automation/Registration Module/Workflow/Form 1A - Cessation As Employer/Template/Form 1 A - Cessation As Employer (Employer): Test Cases/Final Aug 2018 - PKS Automation/Registration Module/Workflow/Form 1A - Cessation As Employer/Template/Form 1 A - Cessation As Employer (Employer)

2018-12-13 15:16:39 - [TEST_STEP][PASSED] - callTestCase: Call Test Case 'Test Cases/Final Aug 2018 - PKS Automation/Registration Module/Workflow/Update Add New Employee/Template/New Company for Update Add New - Employer' successfully

2018-12-13 15:16:40 - [TEST_CASE][PASSED] - Test Cases/Final Aug 2018 - PKS Automation/Registration Module/Workflow/Update Add New Employee/Template/New Company for Update Add New - Employer: Test Cases/Final Aug 2018 - PKS Automation/Registration Module/Workflow/Update Add New Employee/Template/New Company for Update Add New - Employer

2018-12-13 15:16:40 - [TEST_STEP][PASSED] - callTestCase: Call Test Case 'Test Cases/Final Aug 2018 - PKS Automation/Create Employer Acc/Create Employer Account' successfully

2018-12-13 15:16:40 - [TEST_CASE][PASSED] - Test Cases/Final Aug 2018 - PKS Automation/Create Employer Acc/Create Employer Account: Test Cases/Final Aug 2018 - PKS Automation/Create Employer Acc/Create Employer Account

2018-12-13 15:16:40 - [TEST_STEP][PASSED] - callTestCase: Call Test Case 'Test Cases/Final Aug 2018 - PKS Automation/Create Employer Acc/Template/Register Employer' successfully

2018-12-13 15:16:40 - [TEST_CASE][PASSED] - Test Cases/Final Aug 2018 - PKS Automation/Create Employer Acc/Template/Register Employer: Test Cases/Final Aug 2018 - PKS Automation/Create Employer Acc/Template/Register Employer

2018-12-13 15:16:40 - [TEST_STEP][PASSED] - openBrowser: Browser is opened with url: ''

2018-12-13 15:16:40 - [MESSAGE][WARNING] - A browser is already opened. Closing browser and opening a new one

2018-12-13 15:16:43 - [MESSAGE][PASSED] - Browser is opened with url: ''

2018-12-13 15:16:43 - [TEST_STEP][PASSED] - navigateToUrl: Navigate to 'https://assist2-uat.perkeso.gov.my/login' successfully

2018-12-13 15:16:44 - [MESSAGE][PASSED] - Navigate to 'https://assist2-uat.perkeso.gov.my/login' successfully

2018-12-13 15:16:44 - [TEST_STEP][PASSED] - setText: Text 'johorotc1@gmail.com' is set on object 'Object Repository/Final Object Repo/Login Page/Internal User/Email Address'

2018-12-13 15:16:44 - [MESSAGE][PASSED] - Text 'johorotc1@gmail.com' is set on object 'Object Repository/Final Object Repo/Login Page/Internal User/Email Address'

2018-12-13 15:16:44 - [TEST_STEP][PASSED] - click: Object: 'Object Repository/Final Object Repo/Login Page/Internal User/Next Button' is clicked on

2018-12-13 15:16:44 - [MESSAGE][PASSED] - Object: 'Object Repository/Final Object Repo/Login Page/Internal User/Next Button' is clicked on

2018-12-13 15:16:44 - [TEST_STEP][PASSED] - delay: Delayed 1 second(s)

2018-12-13 15:16:45 - [MESSAGE][PASSED] - Delayed 1 second(s)

2018-12-13 15:16:45 - [TEST_STEP][PASSED] - setEncryptedText: Text ****** has been set on object 'Object Repository/Final Object Repo/Login Page/Internal User/Password'

2018-12-13 15:16:46 - [MESSAGE][PASSED] - Text ****** has been set on object 'Object Repository/Final Object Repo/Login Page/Internal User/Password'

2018-12-13 15:16:46 - [TEST_STEP][PASSED] - click: Object: 'Object Repository/Final Object Repo/Login Page/Internal User/Login Button' is clicked on

2018-12-13 15:16:46 - [MESSAGE][PASSED] - Object: 'Object Repository/Final Object Repo/Login Page/Internal User/Login Button' is clicked on

2018-12-13 15:16:46 - [TEST_STEP][PASSED] - delay: Delayed 1 second(s)

2018-12-13 15:16:47 - [MESSAGE][PASSED] - Delayed 1 second(s)

2018-12-13 15:16:47 - [TEST_STEP][PASSED] - navigateToUrl: Navigate to 'https://assist2-uat.perkeso.gov.my/web/base/portal-id/registration' successfully

2018-12-13 15:16:49 - [MESSAGE][PASSED] - Navigate to 'https://assist2-uat.perkeso.gov.my/web/base/portal-id/registration' successfully

2018-12-13 15:16:49 - [TEST_STEP][PASSED] - setText: Text 'AUTOMATION EMPLOYER' is set on object 'Object Repository/Final Object Repo/Creating Employer Account/Page_Registration - ASSIST (Base)/Employer Name'

2018-12-13 15:16:49 - [MESSAGE][PASSED] - Text 'AUTOMATION EMPLOYER' is set on object 'Object Repository/Final Object Repo/Creating Employer Account/Page_Registration - ASSIST (Base)/Employer Name'

2018-12-13 15:16:49 - [TEST_STEP][PASSED] - delay: Delayed 2 second(s)

2018-12-13 15:16:51 - [MESSAGE][PASSED] - Delayed 2 second(s)

2018-12-13 15:16:51 - [TEST_STEP][PASSED] - click: Object: 'Object Repository/Final Object Repo/Creating Employer Account/Page_Registration - ASSIST (Base)/Registration Type' is clicked on

2018-12-13 15:16:51 - [MESSAGE][PASSED] - Object: 'Object Repository/Final Object Repo/Creating Employer Account/Page_Registration - ASSIST (Base)/Registration Type' is clicked on

2018-12-13 15:16:51 - [TEST_STEP][PASSED] - delay: Delayed 2 second(s)

2018-12-13 15:16:53 - [MESSAGE][PASSED] - Delayed 2 second(s)

2018-12-13 15:16:53 - [TEST_STEP][PASSED] - click: Object: 'Object Repository/Final Object Repo/Creating Employer Account/Page_Registration - ASSIST (Base)/Registration Type - Registration No' is clicked on

2018-12-13 15:16:54 - [MESSAGE][PASSED] - Object: 'Object Repository/Final Object Repo/Creating Employer Account/Page_Registration - ASSIST (Base)/Registration Type - Registration No' is clicked on

2018-12-13 15:16:54 - [TEST_STEP][PASSED] - delay: Delayed 2 second(s)

2018-12-13 15:16:56 - [MESSAGE][PASSED] - Delayed 2 second(s)

2018-12-13 15:16:56 - [TEST_STEP][PASSED] - setText: Text 'AUTOMATE001' is set on object 'Object Repository/Final Object Repo/Creating Employer Account/Page_Registration - ASSIST (Base)/Registration Number'

2018-12-13 15:16:56 - [MESSAGE][PASSED] - Text 'AUTOMATE001' is set on object 'Object Repository/Final Object Repo/Creating Employer Account/Page_Registration - ASSIST (Base)/Registration Number'

2018-12-13 15:16:56 - [TEST_STEP][PASSED] - delay: Delayed 2 second(s)

2018-12-13 15:16:58 - [MESSAGE][PASSED] - Delayed 2 second(s)

2018-12-13 15:16:58 - [TEST_STEP][PASSED] - setText: Text 'ADDRESS 1' is set on object 'Object Repository/Final Object Repo/Creating Employer Account/Page_Registration - ASSIST (Base)/Postal Address 1'

2018-12-13 15:16:58 - [MESSAGE][PASSED] - Text 'ADDRESS 1' is set on object 'Object Repository/Final Object Repo/Creating Employer Account/Page_Registration - ASSIST (Base)/Postal Address 1'

2018-12-13 15:16:58 - [TEST_STEP][PASSED] - setText: Text 'ADDRESS 2' is set on object 'Object Repository/Final Object Repo/Creating Employer Account/Page_Registration - ASSIST (Base)/Postal Address 2'

2018-12-13 15:16:59 - [MESSAGE][PASSED] - Text 'ADDRESS 2' is set on object 'Object Repository/Final Object Repo/Creating Employer Account/Page_Registration - ASSIST (Base)/Postal Address 2'

2018-12-13 15:16:59 - [TEST_STEP][PASSED] - click: Object: 'Object Repository/Final Object Repo/Creating Employer Account/Page_Registration - ASSIST (Base)/State' is clicked on

2018-12-13 15:16:59 - [MESSAGE][PASSED] - Object: 'Object Repository/Final Object Repo/Creating Employer Account/Page_Registration - ASSIST (Base)/State' is clicked on

2018-12-13 15:16:59 - [TEST_STEP][PASSED] - delay: Delayed 2 second(s)

2018-12-13 15:17:01 - [MESSAGE][PASSED] - Delayed 2 second(s)

2018-12-13 15:17:01 - [TEST_STEP][PASSED] - click: Object: 'Object Repository/Final Object Repo/Creating Employer Account/Page_Registration - ASSIST (Base)/State - Johor' is clicked on

2018-12-13 15:17:01 - [MESSAGE][PASSED] - Object: 'Object Repository/Final Object Repo/Creating Employer Account/Page_Registration - ASSIST (Base)/State - Johor' is clicked on

2018-12-13 15:17:01 - [TEST_STEP][PASSED] - delay: Delayed 2 second(s)

2018-12-13 15:17:03 - [MESSAGE][PASSED] - Delayed 2 second(s)

2018-12-13 15:17:03 - [TEST_STEP][PASSED] - click: Object: 'Object Repository/Final Object Repo/Creating Employer Account/Page_Registration - ASSIST (Base)/City' is clicked on

2018-12-13 15:17:03 - [MESSAGE][PASSED] - Object: 'Object Repository/Final Object Repo/Creating Employer Account/Page_Registration - ASSIST (Base)/City' is clicked on

2018-12-13 15:17:03 - [TEST_STEP][PASSED] - delay: Delayed 2 second(s)

2018-12-13 15:17:05 - [MESSAGE][PASSED] - Delayed 2 second(s)

2018-12-13 15:17:05 - [TEST_STEP][PASSED] - setText: Text 'joh' is set on object 'Object Repository/Final Object Repo/Creating Employer Account/Page_Registration - ASSIST (Base)/City - joh'

2018-12-13 15:17:05 - [MESSAGE][PASSED] - Text 'joh' is set on object 'Object Repository/Final Object Repo/Creating Employer Account/Page_Registration - ASSIST (Base)/City - joh'

2018-12-13 15:17:05 - [TEST_STEP][PASSED] - delay: Delayed 2 second(s)

2018-12-13 15:17:07 - [MESSAGE][PASSED] - Delayed 2 second(s)

2018-12-13 15:17:07 - [TEST_STEP][PASSED] - click: Object: 'Object Repository/Final Object Repo/Creating Employer Account/Page_Registration - ASSIST (Base)/City - Johor Bharu' is clicked on

2018-12-13 15:17:08 - [MESSAGE][PASSED] - Object: 'Object Repository/Final Object Repo/Creating Employer Account/Page_Registration - ASSIST (Base)/City - Johor Bharu' is clicked on

2018-12-13 15:17:08 - [TEST_STEP][PASSED] - delay: Delayed 2 second(s)

2018-12-13 15:17:10 - [MESSAGE][PASSED] - Delayed 2 second(s)

2018-12-13 15:17:10 - [TEST_STEP][PASSED] - click: Object: 'Object Repository/Final Object Repo/Creating Employer Account/Page_Registration - ASSIST (Base)/Post Code' is clicked on

2018-12-13 15:17:10 - [MESSAGE][PASSED] - Object: 'Object Repository/Final Object Repo/Creating Employer Account/Page_Registration - ASSIST (Base)/Post Code' is clicked on

2018-12-13 15:17:10 - [TEST_STEP][PASSED] - delay: Delayed 2 second(s)

2018-12-13 15:17:12 - [MESSAGE][PASSED] - Delayed 2 second(s)

2018-12-13 15:17:12 - [TEST_STEP][PASSED] - setText: Text '810' is set on object 'Object Repository/Final Object Repo/Creating Employer Account/Page_Registration - ASSIST (Base)/Post Code - 810'

2018-12-13 15:17:12 - [MESSAGE][PASSED] - Text '810' is set on object 'Object Repository/Final Object Repo/Creating Employer Account/Page_Registration - ASSIST (Base)/Post Code - 810'

2018-12-13 15:17:12 - [TEST_STEP][PASSED] - delay: Delayed 2 second(s)

2018-12-13 15:17:14 - [MESSAGE][PASSED] - Delayed 2 second(s)

2018-12-13 15:17:14 - [TEST_STEP][PASSED] - click: Object: 'Object Repository/Final Object Repo/Creating Employer Account/Page_Registration - ASSIST (Base)/Post Code - 81000' is clicked on

2018-12-13 15:17:14 - [MESSAGE][PASSED] - Object: 'Object Repository/Final Object Repo/Creating Employer Account/Page_Registration - ASSIST (Base)/Post Code - 81000' is clicked on

2018-12-13 15:17:14 - [TEST_STEP][PASSED] - delay: Delayed 2 second(s)

2018-12-13 15:17:16 - [MESSAGE][PASSED] - Delayed 2 second(s)

2018-12-13 15:17:16 - [TEST_STEP][PASSED] - setText: Text 'PERKESO' is set on object 'Object Repository/Final Object Repo/Creating Employer Account/Page_Registration - ASSIST (Base)/Full Name'

2018-12-13 15:17:17 - [MESSAGE][PASSED] - Text 'PERKESO' is set on object 'Object Repository/Final Object Repo/Creating Employer Account/Page_Registration - ASSIST (Base)/Full Name'

2018-12-13 15:17:17 - [TEST_STEP][PASSED] - Statement - rnd = new java.util.Random(): null

2018-12-13 15:17:17 - [TEST_STEP][PASSED] - Statement - snum = rnd.nextInt(899999 + 1) + 100000: null

2018-12-13 15:17:17 - [TEST_STEP][PASSED] - Statement - tnum = rnd.nextInt(899999 + 1) + 100000: null

2018-12-13 15:17:17 - [TEST_STEP][PASSED] - Statement - IC = java.lang.Integer.toString(snum) + java.lang.Integer.toString(tnum): null

2018-12-13 15:17:17 - [TEST_STEP][PASSED] - Statement - out.println(IC): null

2018-12-13 15:17:17 - [TEST_STEP][PASSED] - setText: Text '741080546791' is set on object 'Object Repository/Final Object Repo/Creating Employer Account/Page_Registration - ASSIST (Base)/Identification Number'

2018-12-13 15:17:17 - [MESSAGE][PASSED] - Text '741080546791' is set on object 'Object Repository/Final Object Repo/Creating Employer Account/Page_Registration - ASSIST (Base)/Identification Number'

2018-12-13 15:17:17 - [TEST_STEP][PASSED] - delay: Delayed 2 second(s)

2018-12-13 15:17:19 - [MESSAGE][PASSED] - Delayed 2 second(s)

2018-12-13 15:17:19 - [TEST_STEP][PASSED] - setText: Text '123456789012' is set on object 'Object Repository/Final Object Repo/Creating Employer Account/Page_Registration - ASSIST (Base)/Contact Number'

2018-12-13 15:17:19 - [MESSAGE][PASSED] - Text '123456789012' is set on object 'Object Repository/Final Object Repo/Creating Employer Account/Page_Registration - ASSIST (Base)/Contact Number'

2018-12-13 15:17:19 - [TEST_STEP][PASSED] - Statement - Email = "perkeso" + IC + "@gmail.com": null

2018-12-13 15:17:19 - [TEST_STEP][PASSED] - delay: Delayed 2 second(s)

2018-12-13 15:17:21 - [MESSAGE][PASSED] - Delayed 2 second(s)

2018-12-13 15:17:21 - [TEST_STEP][PASSED] - callTestCase: Call Test Case 'Test Cases/Final Aug 2018 - PKS Automation/Create Employer Acc/Template/Employer Email Settler' successfully

2018-12-13 15:17:21 - [TEST_CASE][PASSED] - Test Cases/Final Aug 2018 - PKS Automation/Create Employer Acc/Template/Employer Email Settler: Test Cases/Final Aug 2018 - PKS Automation/Create Employer Acc/Template/Employer Email Settler

2018-12-13 15:17:21 - [TEST_STEP][PASSED] - Statement - EmpEmailOld = new java.io.File(C://Users//Admin//Desktop//PKS//Automation Reference Point//EmpEmail.txt): null

2018-12-13 15:17:21 - [TEST_STEP][PASSED] - Statement - EmpEmailOld.delete(): null

2018-12-13 15:17:21 - [TEST_STEP][PASSED] - delay: Delayed 5 second(s)

2018-12-13 15:17:26 - [MESSAGE][PASSED] - Delayed 5 second(s)

2018-12-13 15:17:26 - [TEST_STEP][PASSED] - Statement - EmpEmail = new java.io.File(C://Users//Admin//Desktop//PKS//Automation Reference Point//EmpEmail.txt): null

2018-12-13 15:17:26 - [TEST_STEP][PASSED] - Statement - f2 = new java.io.FileWriter(EmpEmail, false): null

2018-12-13 15:17:26 - [TEST_STEP][PASSED] - Statement - f2.write(Email): null

2018-12-13 15:17:26 - [TEST_STEP][PASSED] - Statement - f2.close(): null

2018-12-13 15:17:26 - [TEST_STEP][PASSED] - Statement - out.println(Email): null

2018-12-13 15:17:26 - [MESSAGE][PASSED] - Call Test Case 'Test Cases/Final Aug 2018 - PKS Automation/Create Employer Acc/Template/Employer Email Settler' successfully

2018-12-13 15:17:26 - [TEST_STEP][PASSED] - delay: Delayed 2 second(s)

2018-12-13 15:17:28 - [MESSAGE][PASSED] - Delayed 2 second(s)

2018-12-13 15:17:28 - [TEST_STEP][PASSED] - setText: Text 'perkeso741080546791@gmail.com' is set on object 'Object Repository/Final Object Repo/Creating Employer Account/Page_Registration - ASSIST (Base)/Email'

2018-12-13 15:17:29 - [MESSAGE][PASSED] - Text 'perkeso741080546791@gmail.com' is set on object 'Object Repository/Final Object Repo/Creating Employer Account/Page_Registration - ASSIST (Base)/Email'

2018-12-13 15:17:29 - [TEST_STEP][PASSED] - setText: Text '123' is set on object 'Object Repository/Final Object Repo/Creating Employer Account/Page_Registration - ASSIST (Base)/Security Phase'

2018-12-13 15:17:29 - [MESSAGE][PASSED] - Text '123' is set on object 'Object Repository/Final Object Repo/Creating Employer Account/Page_Registration - ASSIST (Base)/Security Phase'

2018-12-13 15:17:29 - [TEST_STEP][PASSED] - click: Object: 'Object Repository/Final Object Repo/Creating Employer Account/Page_Registration - ASSIST (Base)/Save  Continue' is clicked on

2018-12-13 15:17:29 - [MESSAGE][PASSED] - Object: 'Object Repository/Final Object Repo/Creating Employer Account/Page_Registration - ASSIST (Base)/Save  Continue' is clicked on

2018-12-13 15:17:29 - [TEST_STEP][PASSED] - delay: Delayed 2 second(s)

2018-12-13 15:17:31 - [MESSAGE][PASSED] - Delayed 2 second(s)

2018-12-13 15:17:31 - [TEST_STEP][PASSED] - click: Object: 'Object Repository/Final Object Repo/Creating Employer Account/Page_Registration - ASSIST (Base)/Add Document' is clicked on

2018-12-13 15:17:31 - [MESSAGE][PASSED] - Object: 'Object Repository/Final Object Repo/Creating Employer Account/Page_Registration - ASSIST (Base)/Add Document' is clicked on

2018-12-13 15:17:31 - [TEST_STEP][PASSED] - delay: Delayed 2 second(s)

2018-12-13 15:17:33 - [MESSAGE][PASSED] - Delayed 2 second(s)

2018-12-13 15:17:33 - [TEST_STEP][PASSED] - click: Object: 'Object Repository/Final Object Repo/Creating Employer Account/Page_Registration - ASSIST (Base)/Document Type' is clicked on

2018-12-13 15:17:34 - [MESSAGE][PASSED] - Object: 'Object Repository/Final Object Repo/Creating Employer Account/Page_Registration - ASSIST (Base)/Document Type' is clicked on

2018-12-13 15:17:34 - [TEST_STEP][PASSED] - delay: Delayed 2 second(s)

2018-12-13 15:17:36 - [MESSAGE][PASSED] - Delayed 2 second(s)

2018-12-13 15:17:36 - [TEST_STEP][PASSED] - click: Object: 'Object Repository/Final Object Repo/Creating Employer Account/Page_Registration - ASSIST (Base)/Document Type - Letter of Authorization' is clicked on

2018-12-13 15:17:36 - [MESSAGE][PASSED] - Object: 'Object Repository/Final Object Repo/Creating Employer Account/Page_Registration - ASSIST (Base)/Document Type - Letter of Authorization' is clicked on

2018-12-13 15:17:36 - [TEST_STEP][PASSED] - delay: Delayed 2 second(s)

2018-12-13 15:17:38 - [MESSAGE][PASSED] - Delayed 2 second(s)

2018-12-13 15:17:38 - [TEST_STEP][PASSED] - sendKeys: Keys 'C:\Users\Public\Pictures\Sample Pictures\Koala.jpg' sent to object: 'Object Repository/Final Object Repo/Creating Employer Account/Page_Registration - ASSIST (Base)/Uploading File'

2018-12-13 15:17:38 - [MESSAGE][PASSED] - Keys 'C:\Users\Public\Pictures\Sample Pictures\Koala.jpg' sent to object: 'Object Repository/Final Object Repo/Creating Employer Account/Page_Registration - ASSIST (Base)/Uploading File'

2018-12-13 15:17:38 - [TEST_STEP][PASSED] - delay: Delayed 2 second(s)

2018-12-13 15:17:40 - [MESSAGE][PASSED] - Delayed 2 second(s)

2018-12-13 15:17:40 - [TEST_STEP][PASSED] - click: Object: 'Object Repository/Final Object Repo/Creating Employer Account/Page_Registration - ASSIST (Base)/Add Document in Uploading File' is clicked on

2018-12-13 15:17:40 - [MESSAGE][PASSED] - Object: 'Object Repository/Final Object Repo/Creating Employer Account/Page_Registration - ASSIST (Base)/Add Document in Uploading File' is clicked on

2018-12-13 15:17:40 - [TEST_STEP][PASSED] - delay: Delayed 2 second(s)

2018-12-13 15:17:42 - [MESSAGE][PASSED] - Delayed 2 second(s)

2018-12-13 15:17:42 - [TEST_STEP][PASSED] - click: Object: 'Object Repository/Final Object Repo/Creating Employer Account/Page_Registration - ASSIST (Base)/Save' is clicked on

2018-12-13 15:17:42 - [MESSAGE][PASSED] - Object: 'Object Repository/Final Object Repo/Creating Employer Account/Page_Registration - ASSIST (Base)/Save' is clicked on

2018-12-13 15:17:42 - [TEST_STEP][PASSED] - delay: Delayed 2 second(s)

2018-12-13 15:17:44 - [MESSAGE][PASSED] - Delayed 2 second(s)

2018-12-13 15:17:44 - [TEST_STEP][PASSED] - click: Object: 'Object Repository/Final Object Repo/Creating Employer Account/Page_Registration - ASSIST (Base)/Submit' is clicked on

2018-12-13 15:17:44 - [MESSAGE][PASSED] - Object: 'Object Repository/Final Object Repo/Creating Employer Account/Page_Registration - ASSIST (Base)/Submit' is clicked on

2018-12-13 15:17:44 - [TEST_STEP][PASSED] - delay: Delayed 2 second(s)

2018-12-13 15:17:46 - [MESSAGE][PASSED] - Delayed 2 second(s)

2018-12-13 15:17:46 - [TEST_STEP][PASSED] - click: Object: 'Object Repository/Final Object Repo/Creating Employer Account/Page_Registration - ASSIST (Base)/Confirm' is clicked on

2018-12-13 15:17:47 - [MESSAGE][PASSED] - Object: 'Object Repository/Final Object Repo/Creating Employer Account/Page_Registration - ASSIST (Base)/Confirm' is clicked on

2018-12-13 15:17:47 - [MESSAGE][PASSED] - Call Test Case 'Test Cases/Final Aug 2018 - PKS Automation/Create Employer Acc/Template/Register Employer' successfully

2018-12-13 15:17:47 - [TEST_STEP][PASSED] - delay: Delayed 1 second(s)

2018-12-13 15:17:48 - [MESSAGE][PASSED] - Delayed 1 second(s)

2018-12-13 15:17:48 - [TEST_STEP][PASSED] - navigateToUrl: Navigate to 'https://assist2-uat.perkeso.gov.my/c/portal/logout' successfully

2018-12-13 15:17:50 - [MESSAGE][PASSED] - Navigate to 'https://assist2-uat.perkeso.gov.my/c/portal/logout' successfully

2018-12-13 15:17:50 - [TEST_STEP][PASSED] - delay: Delayed 1 second(s)

2018-12-13 15:17:51 - [MESSAGE][PASSED] - Delayed 1 second(s)

2018-12-13 15:17:51 - [TEST_STEP][PASSED] - callTestCase: Call Test Case 'Test Cases/Final Aug 2018 - PKS Automation/Create Employer Acc/Template/Change Password of Employer' successfully

2018-12-13 15:17:51 - [TEST_CASE][PASSED] - Test Cases/Final Aug 2018 - PKS Automation/Create Employer Acc/Template/Change Password of Employer: Test Cases/Final Aug 2018 - PKS Automation/Create Employer Acc/Template/Change Password of Employer

2018-12-13 15:17:51 - [TEST_STEP][PASSED] - openBrowser: Browser is opened with url: ''

2018-12-13 15:17:51 - [MESSAGE][WARNING] - A browser is already opened. Closing browser and opening a new one

2018-12-13 15:17:54 - [MESSAGE][PASSED] - Browser is opened with url: ''

2018-12-13 15:17:54 - [TEST_STEP][PASSED] - navigateToUrl: Navigate to 'https://assist2-uat.perkeso.gov.my/login' successfully

2018-12-13 15:17:55 - [MESSAGE][PASSED] - Navigate to 'https://assist2-uat.perkeso.gov.my/login' successfully

2018-12-13 15:17:55 - [TEST_STEP][PASSED] - delay: Delayed 5 second(s)

2018-12-13 15:18:00 - [MESSAGE][PASSED] - Delayed 5 second(s)

2018-12-13 15:18:00 - [TEST_STEP][PASSED] - setText: Text 'test@liferay.com' is set on object 'Object Repository/Final Object Repo/Login Page/Internal User/Email Address'

2018-12-13 15:18:00 - [MESSAGE][PASSED] - Text 'test@liferay.com' is set on object 'Object Repository/Final Object Repo/Login Page/Internal User/Email Address'

2018-12-13 15:18:00 - [TEST_STEP][PASSED] - click: Object: 'Object Repository/Final Object Repo/Login Page/Internal User/Next Button' is clicked on

2018-12-13 15:18:00 - [MESSAGE][PASSED] - Object: 'Object Repository/Final Object Repo/Login Page/Internal User/Next Button' is clicked on

2018-12-13 15:18:00 - [TEST_STEP][PASSED] - delay: Delayed 2 second(s)

2018-12-13 15:18:02 - [MESSAGE][PASSED] - Delayed 2 second(s)

2018-12-13 15:18:02 - [TEST_STEP][PASSED] - setText: Text 'test' is set on object 'Object Repository/Final Object Repo/Login Page/Internal User/Password'

2018-12-13 15:18:02 - [MESSAGE][PASSED] - Text 'test' is set on object 'Object Repository/Final Object Repo/Login Page/Internal User/Password'

2018-12-13 15:18:02 - [TEST_STEP][PASSED] - delay: Delayed 2 second(s)

2018-12-13 15:18:04 - [MESSAGE][PASSED] - Delayed 2 second(s)

2018-12-13 15:18:04 - [TEST_STEP][PASSED] - click: Object: 'Object Repository/Final Object Repo/Login Page/Internal User/Login Button' is clicked on

2018-12-13 15:18:05 - [MESSAGE][PASSED] - Object: 'Object Repository/Final Object Repo/Login Page/Internal User/Login Button' is clicked on

2018-12-13 15:18:05 - [TEST_STEP][PASSED] - delay: Delayed 3 second(s)

2018-12-13 15:18:08 - [MESSAGE][PASSED] - Delayed 3 second(s)

2018-12-13 15:18:08 - [TEST_STEP][PASSED] - navigateToUrl: Navigate to 'https://assist2-uat.perkeso.gov.my/group/control_panel/manage?p_p_id=125&p_p_lifecycle=0&p_p_state=maximized&p_p_mode=view&refererPlid=20455&_125_usersListView=flat-users&_125_toolbarItem=view-all-users&_125_saveUsersListView=true&_125_struts_action=%2Fusers_admin%2Fview' successfully

2018-12-13 15:18:09 - [MESSAGE][PASSED] - Navigate to 'https://assist2-uat.perkeso.gov.my/group/control_panel/manage?p_p_id=125&p_p_lifecycle=0&p_p_state=maximized&p_p_mode=view&refererPlid=20455&_125_usersListView=flat-users&_125_toolbarItem=view-all-users&_125_saveUsersListView=true&_125_struts_action=%2Fusers_admin%2Fview' successfully

2018-12-13 15:18:09 - [TEST_STEP][PASSED] - delay: Delayed 3 second(s)

2018-12-13 15:18:12 - [MESSAGE][PASSED] - Delayed 3 second(s)

2018-12-13 15:18:12 - [TEST_STEP][PASSED] - setText: Text 'perkeso741080546791@gmail.com' is set on object 'Object Repository/Final Object Repo/Creating Employer Account/Page_Users and Organizations - ASSIST/Employer name'

2018-12-13 15:18:13 - [MESSAGE][PASSED] - Text 'perkeso741080546791@gmail.com' is set on object 'Object Repository/Final Object Repo/Creating Employer Account/Page_Users and Organizations - ASSIST/Employer name'

2018-12-13 15:18:13 - [TEST_STEP][PASSED] - delay: Delayed 3 second(s)

2018-12-13 15:18:16 - [MESSAGE][PASSED] - Delayed 3 second(s)

2018-12-13 15:18:16 - [TEST_STEP][PASSED] - click: Object: 'Object Repository/Final Object Repo/Creating Employer Account/Page_Users and Organizations - ASSIST/Search' is clicked on

2018-12-13 15:18:16 - [MESSAGE][PASSED] - Object: 'Object Repository/Final Object Repo/Creating Employer Account/Page_Users and Organizations - ASSIST/Search' is clicked on

2018-12-13 15:18:16 - [TEST_STEP][PASSED] - delay: Delayed 3 second(s)

2018-12-13 15:18:19 - [MESSAGE][PASSED] - Delayed 3 second(s)

2018-12-13 15:18:19 - [TEST_STEP][PASSED] - click: Object: 'Object Repository/Final Object Repo/Creating Employer Account/Page_Users and Organizations - ASSIST/Action' is clicked on

2018-12-13 15:18:19 - [MESSAGE][PASSED] - Object: 'Object Repository/Final Object Repo/Creating Employer Account/Page_Users and Organizations - ASSIST/Action' is clicked on

2018-12-13 15:18:19 - [TEST_STEP][PASSED] - delay: Delayed 3 second(s)

2018-12-13 15:18:22 - [MESSAGE][PASSED] - Delayed 3 second(s)

2018-12-13 15:18:22 - [TEST_STEP][PASSED] - click: Object: 'Object Repository/Final Object Repo/Creating Employer Account/Page_Users and Organizations - ASSIST/Edit' is clicked on

2018-12-13 15:18:23 - [MESSAGE][PASSED] - Object: 'Object Repository/Final Object Repo/Creating Employer Account/Page_Users and Organizations - ASSIST/Edit' is clicked on

2018-12-13 15:18:23 - [TEST_STEP][PASSED] - delay: Delayed 3 second(s)

2018-12-13 15:18:26 - [MESSAGE][PASSED] - Delayed 3 second(s)

2018-12-13 15:18:26 - [TEST_STEP][PASSED] - click: Object: 'Object Repository/Final Object Repo/Creating Employer Account/Page_PERKESO - Users and Organizati/a_Password (Modified)' is clicked on

2018-12-13 15:18:27 - [MESSAGE][PASSED] - Object: 'Object Repository/Final Object Repo/Creating Employer Account/Page_PERKESO - Users and Organizati/a_Password (Modified)' is clicked on

2018-12-13 15:18:27 - [TEST_STEP][PASSED] - delay: Delayed 3 second(s)

2018-12-13 15:18:30 - [MESSAGE][PASSED] - Delayed 3 second(s)

2018-12-13 15:18:30 - [TEST_STEP][PASSED] - setEncryptedText: Text ****** has been set on object 'Object Repository/Final Object Repo/Creating Employer Account/Page_PERKESO - Users and Organizati/input__125_password1'

2018-12-13 15:18:30 - [MESSAGE][PASSED] - Text ****** has been set on object 'Object Repository/Final Object Repo/Creating Employer Account/Page_PERKESO - Users and Organizati/input__125_password1'

2018-12-13 15:18:30 - [TEST_STEP][PASSED] - delay: Delayed 3 second(s)

2018-12-13 15:18:33 - [MESSAGE][PASSED] - Delayed 3 second(s)

2018-12-13 15:18:33 - [TEST_STEP][PASSED] - setEncryptedText: Text ****** has been set on object 'Object Repository/Final Object Repo/Creating Employer Account/Page_PERKESO - Users and Organizati/input__125_password2'

2018-12-13 15:18:33 - [MESSAGE][PASSED] - Text ****** has been set on object 'Object Repository/Final Object Repo/Creating Employer Account/Page_PERKESO - Users and Organizati/input__125_password2'

2018-12-13 15:18:33 - [TEST_STEP][PASSED] - delay: Delayed 3 second(s)

2018-12-13 15:18:36 - [MESSAGE][PASSED] - Delayed 3 second(s)

2018-12-13 15:18:36 - [TEST_STEP][PASSED] - click: Object: 'Object Repository/Final Object Repo/Creating Employer Account/Page_PERKESO - Users and Organizati/Save' is clicked on

2018-12-13 15:18:38 - [MESSAGE][PASSED] - Object: 'Object Repository/Final Object Repo/Creating Employer Account/Page_PERKESO - Users and Organizati/Save' is clicked on

2018-12-13 15:18:38 - [MESSAGE][PASSED] - Call Test Case 'Test Cases/Final Aug 2018 - PKS Automation/Create Employer Acc/Template/Change Password of Employer' successfully

2018-12-13 15:18:38 - [TEST_STEP][PASSED] - delay: Delayed 1 second(s)

2018-12-13 15:18:39 - [MESSAGE][PASSED] - Delayed 1 second(s)

2018-12-13 15:18:39 - [TEST_STEP][PASSED] - navigateToUrl: Navigate to 'https://assist2-uat.perkeso.gov.my/c/portal/logout' successfully

2018-12-13 15:18:40 - [MESSAGE][PASSED] - Navigate to 'https://assist2-uat.perkeso.gov.my/c/portal/logout' successfully

2018-12-13 15:18:40 - [TEST_STEP][PASSED] - delay: Delayed 1 second(s)

2018-12-13 15:18:41 - [MESSAGE][PASSED] - Delayed 1 second(s)

2018-12-13 15:18:41 - [TEST_STEP][PASSED] - callTestCase: Call Test Case 'Test Cases/Final Aug 2018 - PKS Automation/Create Employer Acc/Template/Login to Employer Account (First Time)' successfully

2018-12-13 15:18:41 - [TEST_CASE][PASSED] - Test Cases/Final Aug 2018 - PKS Automation/Create Employer Acc/Template/Login to Employer Account (First Time): Test Cases/Final Aug 2018 - PKS Automation/Create Employer Acc/Template/Login to Employer Account (First Time)

2018-12-13 15:18:41 - [TEST_STEP][PASSED] - openBrowser: Browser is opened with url: ''

2018-12-13 15:18:41 - [MESSAGE][WARNING] - A browser is already opened. Closing browser and opening a new one

2018-12-13 15:18:44 - [MESSAGE][PASSED] - Browser is opened with url: ''

2018-12-13 15:18:44 - [TEST_STEP][PASSED] - navigateToUrl: Navigate to 'https://assist2-uat.perkeso.gov.my/employer/login' successfully

2018-12-13 15:18:45 - [MESSAGE][PASSED] - Navigate to 'https://assist2-uat.perkeso.gov.my/employer/login' successfully

2018-12-13 15:18:45 - [TEST_STEP][PASSED] - delay: Delayed 3 second(s)

2018-12-13 15:18:48 - [MESSAGE][PASSED] - Delayed 3 second(s)

2018-12-13 15:18:48 - [TEST_STEP][PASSED] - callTestCase: Call Test Case 'Test Cases/Final Aug 2018 - PKS Automation/Create Employer Acc/Template/Employer Email Getter' successfully

2018-12-13 15:18:48 - [TEST_CASE][PASSED] - Test Cases/Final Aug 2018 - PKS Automation/Create Employer Acc/Template/Employer Email Getter: Test Cases/Final Aug 2018 - PKS Automation/Create Employer Acc/Template/Employer Email Getter

2018-12-13 15:18:48 - [TEST_STEP][PASSED] - Statement - Try: null

2018-12-13 15:18:48 - [TEST_STEP][PASSED] - Statement - EmpEmail = new java.io.File(C://Users//Admin//Desktop//PKS//Automation Reference Point//EmpEmail.txt): null

2018-12-13 15:18:48 - [TEST_STEP][PASSED] - Statement - bufferread = new java.io.BufferedReader(new java.io.FileReader(EmpEmail)): null

2018-12-13 15:18:48 - [TEST_STEP][PASSED] - Statement - readedVal = bufferread.readLine(): null

2018-12-13 15:18:48 - [TEST_STEP][PASSED] - Statement - out.println(readedVal): null

2018-12-13 15:18:48 - [TEST_STEP][PASSED] - Statement - Email = readedVal: null

2018-12-13 15:18:48 - [MESSAGE][PASSED] - Call Test Case 'Test Cases/Final Aug 2018 - PKS Automation/Create Employer Acc/Template/Employer Email Getter' successfully

2018-12-13 15:18:48 - [TEST_STEP][PASSED] - setText: Text 'perkeso741080546791@gmail.com' is set on object 'Object Repository/Final Object Repo/Login Page/External Login Page/Email'

2018-12-13 15:18:48 - [MESSAGE][PASSED] - Text 'perkeso741080546791@gmail.com' is set on object 'Object Repository/Final Object Repo/Login Page/External Login Page/Email'

2018-12-13 15:18:48 - [TEST_STEP][PASSED] - click: Object: 'Object Repository/Final Object Repo/Login Page/External Login Page/Next' is clicked on

2018-12-13 15:18:48 - [MESSAGE][PASSED] - Object: 'Object Repository/Final Object Repo/Login Page/External Login Page/Next' is clicked on

2018-12-13 15:18:48 - [TEST_STEP][PASSED] - delay: Delayed 3 second(s)

2018-12-13 15:18:51 - [MESSAGE][PASSED] - Delayed 3 second(s)

2018-12-13 15:18:51 - [TEST_STEP][PASSED] - setEncryptedText: Text ****** has been set on object 'Object Repository/Final Object Repo/Login Page/External Login Page/Password'

2018-12-13 15:18:52 - [MESSAGE][PASSED] - Text ****** has been set on object 'Object Repository/Final Object Repo/Login Page/External Login Page/Password'

2018-12-13 15:18:52 - [TEST_STEP][PASSED] - click: Object: 'Object Repository/Final Object Repo/Login Page/External Login Page/Login' is clicked on

2018-12-13 15:18:52 - [MESSAGE][PASSED] - Object: 'Object Repository/Final Object Repo/Login Page/External Login Page/Login' is clicked on

2018-12-13 15:18:52 - [TEST_STEP][PASSED] - delay: Delayed 3 second(s)

2018-12-13 15:18:55 - [MESSAGE][PASSED] - Delayed 3 second(s)

2018-12-13 15:18:55 - [TEST_STEP][PASSED] - click: Object: 'Object Repository/Final Object Repo/Creating Employer Account/Page_Terms of Use - ASSIST/button_I Agree' is clicked on

2018-12-13 15:18:56 - [MESSAGE][PASSED] - Object: 'Object Repository/Final Object Repo/Creating Employer Account/Page_Terms of Use - ASSIST/button_I Agree' is clicked on

2018-12-13 15:18:56 - [TEST_STEP][PASSED] - delay: Delayed 2 second(s)

2018-12-13 15:18:58 - [MESSAGE][PASSED] - Delayed 2 second(s)

2018-12-13 15:18:58 - [TEST_STEP][PASSED] - setEncryptedText: Text ****** has been set on object 'Object Repository/Final Object Repo/Creating Employer Account/Page_New Password - ASSIST/input_password1'

2018-12-13 15:18:58 - [MESSAGE][PASSED] - Text ****** has been set on object 'Object Repository/Final Object Repo/Creating Employer Account/Page_New Password - ASSIST/input_password1'

2018-12-13 15:18:58 - [TEST_STEP][PASSED] - setEncryptedText: Text ****** has been set on object 'Object Repository/Final Object Repo/Creating Employer Account/Page_New Password - ASSIST/input_password2'

2018-12-13 15:18:58 - [MESSAGE][PASSED] - Text ****** has been set on object 'Object Repository/Final Object Repo/Creating Employer Account/Page_New Password - ASSIST/input_password2'

2018-12-13 15:18:58 - [TEST_STEP][PASSED] - delay: Delayed 2 second(s)

2018-12-13 15:19:00 - [MESSAGE][PASSED] - Delayed 2 second(s)

2018-12-13 15:19:00 - [TEST_STEP][PASSED] - click: Object: 'Object Repository/Final Object Repo/Creating Employer Account/Page_New Password - ASSIST/Save' is clicked on

2018-12-13 15:19:01 - [MESSAGE][PASSED] - Object: 'Object Repository/Final Object Repo/Creating Employer Account/Page_New Password - ASSIST/Save' is clicked on

2018-12-13 15:19:01 - [TEST_STEP][PASSED] - delay: Delayed 2 second(s)

2018-12-13 15:19:03 - [MESSAGE][PASSED] - Delayed 2 second(s)

2018-12-13 15:19:03 - [TEST_STEP][PASSED] - setText: Text 'test' is set on object 'Object Repository/Final Object Repo/Creating Employer Account/Page_Password Reminder - ASSIST/Reminder Query Answer'

2018-12-13 15:19:03 - [MESSAGE][PASSED] - Text 'test' is set on object 'Object Repository/Final Object Repo/Creating Employer Account/Page_Password Reminder - ASSIST/Reminder Query Answer'

2018-12-13 15:19:03 - [TEST_STEP][PASSED] - delay: Delayed 2 second(s)

2018-12-13 15:19:05 - [MESSAGE][PASSED] - Delayed 2 second(s)

2018-12-13 15:19:05 - [TEST_STEP][PASSED] - doubleClick: Object: 'Object Repository/Final Object Repo/Creating Employer Account/Page_Password Reminder - ASSIST/Save' is double clicked on

2018-12-13 15:19:05 - [MESSAGE][PASSED] - Object: 'Object Repository/Final Object Repo/Creating Employer Account/Page_Password Reminder - ASSIST/Save' is double clicked on

2018-12-13 15:19:05 - [MESSAGE][PASSED] - Call Test Case 'Test Cases/Final Aug 2018 - PKS Automation/Create Employer Acc/Template/Login to Employer Account (First Time)' successfully

2018-12-13 15:19:05 - [MESSAGE][PASSED] - Call Test Case 'Test Cases/Final Aug 2018 - PKS Automation/Create Employer Acc/Create Employer Account' successfully

2018-12-13 15:19:05 - [TEST_STEP][PASSED] - callTestCase: Call Test Case 'Test Cases/Final Aug 2018 - PKS Automation/Registration Module/Log Out/log out avoiding katalon tagging' successfully

2018-12-13 15:19:05 - [TEST_CASE][PASSED] - Test Cases/Final Aug 2018 - PKS Automation/Registration Module/Log Out/log out avoiding katalon tagging: Test Cases/Final Aug 2018 - PKS Automation/Registration Module/Log Out/log out avoiding katalon tagging

2018-12-13 15:19:05 - [TEST_STEP][PASSED] - navigateToUrl: Navigate to 'https://assist2-uat.perkeso.gov.my/c/portal/logout' successfully

2018-12-13 15:19:08 - [MESSAGE][PASSED] - Navigate to 'https://assist2-uat.perkeso.gov.my/c/portal/logout' successfully

2018-12-13 15:19:08 - [MESSAGE][PASSED] - Call Test Case 'Test Cases/Final Aug 2018 - PKS Automation/Registration Module/Log Out/log out avoiding katalon tagging' successfully

2018-12-13 15:19:08 - [TEST_STEP][PASSED] - callTestCase: Call Test Case 'Test Cases/Final Aug 2018 - PKS Automation/Create Employer Acc/Login to Employer Account (Second time)' successfully

2018-12-13 15:19:08 - [TEST_CASE][PASSED] - Test Cases/Final Aug 2018 - PKS Automation/Create Employer Acc/Login to Employer Account (Second time): Test Cases/Final Aug 2018 - PKS Automation/Create Employer Acc/Login to Employer Account (Second time)

2018-12-13 15:19:08 - [TEST_STEP][PASSED] - openBrowser: Browser is opened with url: ''

2018-12-13 15:19:08 - [MESSAGE][WARNING] - A browser is already opened. Closing browser and opening a new one

2018-12-13 15:19:11 - [MESSAGE][PASSED] - Browser is opened with url: ''

2018-12-13 15:19:11 - [TEST_STEP][PASSED] - navigateToUrl: Navigate to 'https://assist2-uat.perkeso.gov.my/employer/login' successfully

2018-12-13 15:19:12 - [MESSAGE][PASSED] - Navigate to 'https://assist2-uat.perkeso.gov.my/employer/login' successfully

2018-12-13 15:19:12 - [TEST_STEP][PASSED] - delay: Delayed 3 second(s)

2018-12-13 15:19:15 - [MESSAGE][PASSED] - Delayed 3 second(s)

2018-12-13 15:19:15 - [TEST_STEP][PASSED] - callTestCase: Call Test Case 'Test Cases/Final Aug 2018 - PKS Automation/Create Employer Acc/Template/Employer Email Getter' successfully

2018-12-13 15:19:15 - [TEST_CASE][PASSED] - Test Cases/Final Aug 2018 - PKS Automation/Create Employer Acc/Template/Employer Email Getter: Test Cases/Final Aug 2018 - PKS Automation/Create Employer Acc/Template/Employer Email Getter

2018-12-13 15:19:15 - [TEST_STEP][PASSED] - Statement - Try: null

2018-12-13 15:19:15 - [TEST_STEP][PASSED] - Statement - EmpEmail = new java.io.File(C://Users//Admin//Desktop//PKS//Automation Reference Point//EmpEmail.txt): null

2018-12-13 15:19:15 - [TEST_STEP][PASSED] - Statement - bufferread = new java.io.BufferedReader(new java.io.FileReader(EmpEmail)): null

2018-12-13 15:19:15 - [TEST_STEP][PASSED] - Statement - readedVal = bufferread.readLine(): null

2018-12-13 15:19:15 - [TEST_STEP][PASSED] - Statement - out.println(readedVal): null

2018-12-13 15:19:15 - [TEST_STEP][PASSED] - Statement - Email = readedVal: null

2018-12-13 15:19:15 - [MESSAGE][PASSED] - Call Test Case 'Test Cases/Final Aug 2018 - PKS Automation/Create Employer Acc/Template/Employer Email Getter' successfully

2018-12-13 15:19:15 - [TEST_STEP][PASSED] - setText: Text 'perkeso741080546791@gmail.com' is set on object 'Object Repository/Final Object Repo/Login Page/External Login Page/Email'

2018-12-13 15:19:16 - [MESSAGE][PASSED] - Text 'perkeso741080546791@gmail.com' is set on object 'Object Repository/Final Object Repo/Login Page/External Login Page/Email'

2018-12-13 15:19:16 - [TEST_STEP][PASSED] - click: Object: 'Object Repository/Final Object Repo/Login Page/External Login Page/Next' is clicked on

2018-12-13 15:19:16 - [MESSAGE][PASSED] - Object: 'Object Repository/Final Object Repo/Login Page/External Login Page/Next' is clicked on

2018-12-13 15:19:16 - [TEST_STEP][PASSED] - delay: Delayed 3 second(s)

2018-12-13 15:19:19 - [MESSAGE][PASSED] - Delayed 3 second(s)

2018-12-13 15:19:19 - [TEST_STEP][PASSED] - setEncryptedText: Text ****** has been set on object 'Object Repository/Final Object Repo/Login Page/External Login Page/Password'

2018-12-13 15:19:19 - [MESSAGE][PASSED] - Text ****** has been set on object 'Object Repository/Final Object Repo/Login Page/External Login Page/Password'

2018-12-13 15:19:19 - [TEST_STEP][PASSED] - click: Object: 'Object Repository/Final Object Repo/Login Page/External Login Page/Login' is clicked on

2018-12-13 15:19:19 - [MESSAGE][PASSED] - Object: 'Object Repository/Final Object Repo/Login Page/External Login Page/Login' is clicked on

2018-12-13 15:19:19 - [TEST_STEP][PASSED] - delay: Delayed 5 second(s)

2018-12-13 15:19:24 - [MESSAGE][PASSED] - Delayed 5 second(s)

2018-12-13 15:19:24 - [MESSAGE][PASSED] - Call Test Case 'Test Cases/Final Aug 2018 - PKS Automation/Create Employer Acc/Login to Employer Account (Second time)' successfully

2018-12-13 15:19:24 - [TEST_STEP][PASSED] - delay: Delayed 4 second(s)

2018-12-13 15:19:28 - [MESSAGE][PASSED] - Delayed 4 second(s)

2018-12-13 15:19:28 - [TEST_STEP][PASSED] - Statement - Try: Delayed 2 second(s)

2018-12-13 15:19:28 - [TEST_STEP][PASSED] - Statement - Checker = false: null

2018-12-13 15:19:28 - [TEST_STEP][PASSED] - Statement - Checker = com.kms.katalon.core.webui.keyword.WebUiBuiltInKeywords.verifyElementHasAttribute(com.kms.katalon.core.testobject.ObjectRepository.findTestObject(Final Object Repo/Landing Page/BM Detecting), "href", 20, OPTIONAL): Object 'Object Repository/Final Object Repo/Landing Page/BM Detecting' has attribute 'href'

2018-12-13 15:19:28 - [MESSAGE][PASSED] - Object 'Object Repository/Final Object Repo/Landing Page/BM Detecting' has attribute 'href'

2018-12-13 15:19:28 - [TEST_STEP][PASSED] - Statement - out.println(Checker): null

2018-12-13 15:19:28 - [TEST_STEP][PASSED] - Statement - If (Checker == false): null

2018-12-13 15:19:28 - [TEST_STEP][PASSED] - Statement - Else: null

2018-12-13 15:19:28 - [TEST_STEP][PASSED] - delay: Delayed 2 second(s)

2018-12-13 15:19:30 - [MESSAGE][PASSED] - Delayed 2 second(s)

2018-12-13 15:19:30 - [TEST_STEP][PASSED] - delay: Delayed 4 second(s)

2018-12-13 15:19:34 - [MESSAGE][PASSED] - Delayed 4 second(s)

2018-12-13 15:19:34 - [TEST_STEP][PASSED] - click: Object: 'Object Repository/Final Object Repo/Landing Page/My Sites Drop Down' is clicked on

2018-12-13 15:19:34 - [MESSAGE][PASSED] - Object: 'Object Repository/Final Object Repo/Landing Page/My Sites Drop Down' is clicked on

2018-12-13 15:19:34 - [TEST_STEP][PASSED] - click: Object: 'Object Repository/Final Object Repo/Landing Page/Select to Registration Module' is clicked on

2018-12-13 15:19:37 - [MESSAGE][PASSED] - Object: 'Object Repository/Final Object Repo/Landing Page/Select to Registration Module' is clicked on

2018-12-13 15:19:37 - [TEST_STEP][PASSED] - click: Object: 'Object Repository/Final Object Repo/Landing Page/Registration Button' is clicked on

2018-12-13 15:19:38 - [MESSAGE][PASSED] - Object: 'Object Repository/Final Object Repo/Landing Page/Registration Button' is clicked on

2018-12-13 15:19:38 - [TEST_STEP][PASSED] - delay: Delayed 2 second(s)

2018-12-13 15:19:40 - [MESSAGE][PASSED] - Delayed 2 second(s)

2018-12-13 15:19:40 - [TEST_STEP][PASSED] - click: Object: 'Object Repository/Final Object Repo/New Registration - Registration Module Pages/New Reg - OTC to RO/Special Case - OTC - Form 1/AEC NO' is clicked on

2018-12-13 15:19:41 - [MESSAGE][PASSED] - Object: 'Object Repository/Final Object Repo/New Registration - Registration Module Pages/New Reg - OTC to RO/Special Case - OTC - Form 1/AEC NO' is clicked on

2018-12-13 15:19:41 - [TEST_STEP][PASSED] - click: Object: 'Object Repository/Final Object Repo/New Registration - Registration Module Pages/New Reg - OTC to RO/Special Case - OTC - Form 1/Business Entity - Please Select' is clicked on

2018-12-13 15:19:41 - [MESSAGE][PASSED] - Object: 'Object Repository/Final Object Repo/New Registration - Registration Module Pages/New Reg - OTC to RO/Special Case - OTC - Form 1/Business Entity - Please Select' is clicked on

2018-12-13 15:19:41 - [TEST_STEP][PASSED] - click: Object: 'Object Repository/Final Object Repo/New Registration - Registration Module Pages/New Reg - OTC to RO/Special Case - OTC - Form 1/Selected - Corporation' is clicked on

2018-12-13 15:19:41 - [MESSAGE][PASSED] - Object: 'Object Repository/Final Object Repo/New Registration - Registration Module Pages/New Reg - OTC to RO/Special Case - OTC - Form 1/Selected - Corporation' is clicked on

2018-12-13 15:19:41 - [TEST_STEP][PASSED] - delay: Delayed 2 second(s)

2018-12-13 15:19:43 - [MESSAGE][PASSED] - Delayed 2 second(s)

2018-12-13 15:19:43 - [TEST_STEP][PASSED] - click: Object: 'Object Repository/Final Object Repo/New Registration - Registration Module Pages/New Reg - OTC to RO/Special Case - OTC - Form 1/Sub Business Entity - Please Select' is clicked on

2018-12-13 15:19:43 - [MESSAGE][PASSED] - Object: 'Object Repository/Final Object Repo/New Registration - Registration Module Pages/New Reg - OTC to RO/Special Case - OTC - Form 1/Sub Business Entity - Please Select' is clicked on

2018-12-13 15:19:43 - [TEST_STEP][PASSED] - delay: Delayed 2 second(s)

2018-12-13 15:19:45 - [MESSAGE][PASSED] - Delayed 2 second(s)

2018-12-13 15:19:45 - [TEST_STEP][PASSED] - click: Object: 'Object Repository/Final Object Repo/New Registration - Registration Module Pages/New Reg - OTC to RO/Special Case - OTC - Form 1/Selected - Sendirian Berhad' is clicked on

2018-12-13 15:19:46 - [MESSAGE][PASSED] - Object: 'Object Repository/Final Object Repo/New Registration - Registration Module Pages/New Reg - OTC to RO/Special Case - OTC - Form 1/Selected - Sendirian Berhad' is clicked on

2018-12-13 15:19:46 - [TEST_STEP][PASSED] - setText: Text 'AUTOMATE001' is set on object 'Object Repository/Final Object Repo/New Registration - Registration Module Pages/New Reg - OTC to RO/Special Case - OTC - Form 1/Input BRN Number'

2018-12-13 15:19:46 - [MESSAGE][PASSED] - Text 'AUTOMATE001' is set on object 'Object Repository/Final Object Repo/New Registration - Registration Module Pages/New Reg - OTC to RO/Special Case - OTC - Form 1/Input BRN Number'

2018-12-13 15:19:46 - [TEST_STEP][PASSED] - delay: Delayed 2 second(s)

2018-12-13 15:19:48 - [MESSAGE][PASSED] - Delayed 2 second(s)

2018-12-13 15:19:48 - [TEST_STEP][PASSED] - click: Object: 'Object Repository/Final Object Repo/New Registration - Registration Module Pages/New Reg - OTC to RO/Special Case - OTC - Form 1/BRN Search' is clicked on

2018-12-13 15:19:48 - [MESSAGE][PASSED] - Object: 'Object Repository/Final Object Repo/New Registration - Registration Module Pages/New Reg - OTC to RO/Special Case - OTC - Form 1/BRN Search' is clicked on

2018-12-13 15:19:48 - [TEST_STEP][PASSED] - delay: Delayed 4 second(s)

2018-12-13 15:19:52 - [MESSAGE][PASSED] - Delayed 4 second(s)

2018-12-13 15:19:52 - [TEST_STEP][PASSED] - click: Object: 'Object Repository/Final Object Repo/New Registration - Registration Module Pages/New Reg - OTC to RO/Special Case - OTC - Form 1/Registered with SSM - After Feb 2017' is clicked on

2018-12-13 15:19:52 - [MESSAGE][PASSED] - Object: 'Object Repository/Final Object Repo/New Registration - Registration Module Pages/New Reg - OTC to RO/Special Case - OTC - Form 1/Registered with SSM - After Feb 2017' is clicked on

2018-12-13 15:19:52 - [TEST_STEP][PASSED] - delay: Delayed 2 second(s)

2018-12-13 15:19:54 - [MESSAGE][PASSED] - Delayed 2 second(s)

2018-12-13 15:19:54 - [TEST_STEP][PASSED] - click: Object: 'Object Repository/Final Object Repo/New Registration - Registration Module Pages/Form 1/Registered As a Branch - Yes' is clicked on

2018-12-13 15:19:54 - [MESSAGE][PASSED] - Object: 'Object Repository/Final Object Repo/New Registration - Registration Module Pages/Form 1/Registered As a Branch - Yes' is clicked on

2018-12-13 15:19:54 - [TEST_STEP][PASSED] - click: Object: 'Object Repository/Final Object Repo/New Registration - Registration Module Pages/New Reg - OTC to RO/Special Case - OTC - Form 1/Acknowledgement Ticked' is clicked on

2018-12-13 15:19:55 - [MESSAGE][PASSED] - Object: 'Object Repository/Final Object Repo/New Registration - Registration Module Pages/New Reg - OTC to RO/Special Case - OTC - Form 1/Acknowledgement Ticked' is clicked on

2018-12-13 15:19:55 - [TEST_STEP][PASSED] - setText: Text 'perkeso741080546791@gmail.com' is set on object 'Object Repository/Final Object Repo/New Registration - Registration Module Pages/Form 1/Email'

2018-12-13 15:19:55 - [MESSAGE][PASSED] - Text 'perkeso741080546791@gmail.com' is set on object 'Object Repository/Final Object Repo/New Registration - Registration Module Pages/Form 1/Email'

2018-12-13 15:19:55 - [TEST_STEP][PASSED] - click: Object: 'Object Repository/Final Object Repo/New Registration - Registration Module Pages/New Reg - OTC to RO/Special Case - OTC - Form 1/Submit Button' is clicked on

2018-12-13 15:19:56 - [MESSAGE][PASSED] - Object: 'Object Repository/Final Object Repo/New Registration - Registration Module Pages/New Reg - OTC to RO/Special Case - OTC - Form 1/Submit Button' is clicked on

2018-12-13 15:19:56 - [TEST_STEP][PASSED] - callTestCase: Call Test Case 'Test Cases/Final Aug 2018 - PKS Automation/Registration Module/New Registration/Form 2/Add 1 Eligible - Employer Account Use' successfully

2018-12-13 15:19:56 - [TEST_CASE][PASSED] - Test Cases/Final Aug 2018 - PKS Automation/Registration Module/New Registration/Form 2/Add 1 Eligible - Employer Account Use: Test Cases/Final Aug 2018 - PKS Automation/Registration Module/New Registration/Form 2/Add 1 Eligible - Employer Account Use

2018-12-13 15:19:56 - [TEST_STEP][PASSED] - delay: Delayed 2 second(s)

2018-12-13 15:19:58 - [MESSAGE][PASSED] - Delayed 2 second(s)

2018-12-13 15:19:58 - [TEST_STEP][PASSED] - callTestCase: Call Test Case 'Test Cases/Final Aug 2018 - PKS Automation/Registration Module/New Registration/Form 2/Date Updater' successfully

2018-12-13 15:19:58 - [TEST_CASE][PASSED] - Test Cases/Final Aug 2018 - PKS Automation/Registration Module/New Registration/Form 2/Date Updater: Test Cases/Final Aug 2018 - PKS Automation/Registration Module/New Registration/Form 2/Date Updater

2018-12-13 15:19:58 - [TEST_STEP][PASSED] - Statement - TodayDate = new java.util.Date(): null

2018-12-13 15:19:58 - [TEST_STEP][PASSED] - Statement - CurrentDateNoFilter = new java.text.SimpleDateFormat(): null

2018-12-13 15:19:58 - [TEST_STEP][PASSED] - Statement - CurrentDateNoFilter.applyPattern("MM"): null

2018-12-13 15:19:58 - [TEST_STEP][PASSED] - Statement - monthContainerMatcher = java.lang.Integer.parseInt(CurrentDateNoFilter.format(TodayDate)): null

2018-12-13 15:19:58 - [TEST_STEP][PASSED] - Statement - monthContainerMatcher = monthContainerMatcher - 1: null

2018-12-13 15:19:58 - [TEST_STEP][PASSED] - Statement - CurrentMonth = monthContainerMatcher.toString(): null

2018-12-13 15:19:58 - [TEST_STEP][PASSED] - Statement - CurrentMonth = CurrentMonth: null

2018-12-13 15:19:58 - [TEST_STEP][PASSED] - Statement - CurrentDateNoFilter.applyPattern("yyyy"): null

2018-12-13 15:19:58 - [TEST_STEP][PASSED] - Statement - CurrentYear = CurrentDateNoFilter.format(TodayDate): null

2018-12-13 15:19:58 - [TEST_STEP][PASSED] - Statement - CurrentYear = CurrentYear: null

2018-12-13 15:19:58 - [TEST_STEP][PASSED] - Statement - intCurrentYear = java.lang.Integer.parseInt(CurrentDateNoFilter.format(TodayDate)): null

2018-12-13 15:19:58 - [TEST_STEP][PASSED] - Statement - eighteenYrsAgo = intCurrentYear - 18: null

2018-12-13 15:19:58 - [TEST_STEP][PASSED] - Statement - eighteenYrsBeforeThisYr = eighteenYrsAgo.toString(): null

2018-12-13 15:19:58 - [TEST_STEP][PASSED] - Statement - EighteenYrsBefore = eighteenYrsBeforeThisYr: null

2018-12-13 15:19:58 - [TEST_STEP][PASSED] - Statement - fiftysevenYrsAgo = intCurrentYear - 57: null

2018-12-13 15:19:58 - [TEST_STEP][PASSED] - Statement - fiftysevenYrsBeforeThisYr = fiftysevenYrsAgo.toString(): null

2018-12-13 15:19:58 - [TEST_STEP][PASSED] - Statement - FiftysevenYrsBefore = fiftysevenYrsBeforeThisYr: null

2018-12-13 15:19:58 - [TEST_STEP][PASSED] - Statement - leapYear = false: null

2018-12-13 15:19:58 - [TEST_STEP][PASSED] - Statement - leapYear = intCurrentYear % 4 == 0: null

2018-12-13 15:19:58 - [TEST_STEP][PASSED] - Statement - CurrentDateNoFilter.applyPattern("dd"): null

2018-12-13 15:19:58 - [TEST_STEP][PASSED] - Statement - CurrentDate = CurrentDateNoFilter.format(TodayDate): null

2018-12-13 15:19:58 - [TEST_STEP][PASSED] - Statement - CurrentDate = java.lang.Integer.parseInt(CurrentDate): null

2018-12-13 15:19:58 - [TEST_STEP][PASSED] - Statement - CurrentDate = CurrentDate: null

2018-12-13 15:19:58 - [TEST_STEP][PASSED] - Statement - CurrentDay = java.lang.Integer.parseInt(CurrentDate): null

2018-12-13 15:19:58 - [TEST_STEP][PASSED] - Statement - ConfAdder = <not implemented yet for class: org.codehaus.groovy.ast.expr.EmptyExpression>: null

2018-12-13 15:19:58 - [TEST_STEP][PASSED] - Statement - out.println(CurrentMonth): null

2018-12-13 15:19:58 - [TEST_STEP][PASSED] - Statement - out.println(CurrentDate): null

2018-12-13 15:19:58 - [TEST_STEP][PASSED] - Statement - switch (CurrentDate): null

2018-12-13 15:19:58 - [TEST_STEP][PASSED] - Statement - Default: null

2018-12-13 15:19:58 - [TEST_STEP][PASSED] - Statement - ConfAdder = true: null

2018-12-13 15:19:58 - [TEST_STEP][PASSED] - Statement - Break: null

2018-12-13 15:19:58 - [TEST_STEP][PASSED] - Statement - aDayBefore = <not implemented yet for class: org.codehaus.groovy.ast.expr.EmptyExpression>: null

2018-12-13 15:19:58 - [TEST_STEP][PASSED] - Statement - out.println(ConfAdder): null

2018-12-13 15:19:58 - [TEST_STEP][PASSED] - Statement - If (ConfAdder == true): null

2018-12-13 15:19:58 - [TEST_STEP][PASSED] - Statement - aDayBefore = CurrentDay + 1: null

2018-12-13 15:19:58 - [TEST_STEP][PASSED] - Statement - out.println(aDayBefore): null

2018-12-13 15:19:58 - [TEST_STEP][PASSED] - Statement - If (aDayBefore == 1 && CurrentMonth == 11): null

2018-12-13 15:19:58 - [TEST_STEP][PASSED] - Statement - DayBefore = aDayBefore.toString(): null

2018-12-13 15:19:58 - [TEST_STEP][PASSED] - Statement - OneDayBefore = DayBefore: null

2018-12-13 15:19:58 - [MESSAGE][PASSED] - Call Test Case 'Test Cases/Final Aug 2018 - PKS Automation/Registration Module/New Registration/Form 2/Date Updater' successfully

2018-12-13 15:19:58 - [TEST_STEP][PASSED] - delay: Delayed 1 second(s)

2018-12-13 15:19:59 - [MESSAGE][PASSED] - Delayed 1 second(s)

2018-12-13 15:19:59 - [TEST_STEP][PASSED] - Statement - CaseReferenceNo = com.kms.katalon.core.webui.keyword.WebUiBuiltInKeywords.getText(com.kms.katalon.core.testobject.ObjectRepository.findTestObject(Final Object Repo/New Registration - Registration Module Pages/Form 2/RefNo Acquiring)): Text of object 'Object Repository/Final Object Repo/New Registration - Registration Module Pages/Form 2/RefNo Acquiring' is: 'CRN12201800123285'

2018-12-13 15:19:59 - [MESSAGE][PASSED] - Text of object 'Object Repository/Final Object Repo/New Registration - Registration Module Pages/Form 2/RefNo Acquiring' is: 'CRN12201800123285'

2018-12-13 15:19:59 - [TEST_STEP][PASSED] - delay: Delayed 1 second(s)

2018-12-13 15:20:00 - [MESSAGE][PASSED] - Delayed 1 second(s)

2018-12-13 15:20:00 - [TEST_STEP][PASSED] - click: Object: 'Object Repository/Final Object Repo/New Registration - Registration Module Pages/Form 2/Add Employee Button' is clicked on

2018-12-13 15:20:00 - [MESSAGE][PASSED] - Object: 'Object Repository/Final Object Repo/New Registration - Registration Module Pages/Form 2/Add Employee Button' is clicked on

2018-12-13 15:20:00 - [TEST_STEP][PASSED] - delay: Delayed 1 second(s)

2018-12-13 15:20:01 - [MESSAGE][PASSED] - Delayed 1 second(s)

2018-12-13 15:20:01 - [TEST_STEP][PASSED] - setText: Text '010903091948' is set on object 'Object Repository/Final Object Repo/New Registration - Registration Module Pages/Form 2/NRIC Input'

2018-12-13 15:20:01 - [MESSAGE][PASSED] - Text '010903091948' is set on object 'Object Repository/Final Object Repo/New Registration - Registration Module Pages/Form 2/NRIC Input'

2018-12-13 15:20:01 - [TEST_STEP][PASSED] - delay: Delayed 2 second(s)

2018-12-13 15:20:03 - [MESSAGE][PASSED] - Delayed 2 second(s)

2018-12-13 15:20:03 - [TEST_STEP][PASSED] - setText: Text 'Automate001 eligible 1' is set on object 'Object Repository/Final Object Repo/New Registration - Registration Module Pages/Form 2/Employee Name Input'

2018-12-13 15:20:04 - [MESSAGE][PASSED] - Text 'Automate001 eligible 1' is set on object 'Object Repository/Final Object Repo/New Registration - Registration Module Pages/Form 2/Employee Name Input'

2018-12-13 15:20:04 - [TEST_STEP][PASSED] - delay: Delayed 2 second(s)

2018-12-13 15:20:06 - [MESSAGE][PASSED] - Delayed 2 second(s)

2018-12-13 15:20:06 - [TEST_STEP][PASSED] - click: Object: 'Object Repository/Final Object Repo/New Registration - Registration Module Pages/Form 2/DatePicker Pop Up' is clicked on

2018-12-13 15:20:06 - [MESSAGE][PASSED] - Object: 'Object Repository/Final Object Repo/New Registration - Registration Module Pages/Form 2/DatePicker Pop Up' is clicked on

2018-12-13 15:20:06 - [TEST_STEP][PASSED] - click: Object: 'Object Repository/Final Object Repo/New Registration - Registration Module Pages/Form 2/DOB Month' is clicked on

2018-12-13 15:20:07 - [MESSAGE][PASSED] - Object: 'Object Repository/Final Object Repo/New Registration - Registration Module Pages/Form 2/DOB Month' is clicked on

2018-12-13 15:20:07 - [TEST_STEP][PASSED] - Statement - CurrentMonth = CurrentMonth: null

2018-12-13 15:20:07 - [TEST_STEP][PASSED] - Statement - selectMonth = new com.kms.katalon.core.testobject.TestObject(): null

2018-12-13 15:20:07 - [TEST_STEP][PASSED] - Statement - selectMonth.addProperty("xpath", EQUALS, "//body/div/div/div/select/option[@value='" + CurrentMonth + "']", true): null

2018-12-13 15:20:07 - [TEST_STEP][PASSED] - click: Object: '' is clicked on

2018-12-13 15:20:07 - [MESSAGE][PASSED] - Object: '' is clicked on

2018-12-13 15:20:07 - [TEST_STEP][PASSED] - click: Object: 'Object Repository/Final Object Repo/New Registration - Registration Module Pages/Form 2/DOB Year' is clicked on

2018-12-13 15:20:07 - [MESSAGE][PASSED] - Object: 'Object Repository/Final Object Repo/New Registration - Registration Module Pages/Form 2/DOB Year' is clicked on

2018-12-13 15:20:07 - [TEST_STEP][PASSED] - Statement - Eyearsbf = EighteenYrsBefore: null

2018-12-13 15:20:07 - [TEST_STEP][PASSED] - Statement - selectYear = new com.kms.katalon.core.testobject.TestObject(): null

2018-12-13 15:20:07 - [TEST_STEP][PASSED] - Statement - selectYear.addProperty("xpath", EQUALS, "//div/div/div/select/option[@value='" + Eyearsbf + "']", true): null

2018-12-13 15:20:07 - [TEST_STEP][PASSED] - click: Object: '' is clicked on

2018-12-13 15:20:07 - [MESSAGE][PASSED] - Object: '' is clicked on

2018-12-13 15:20:07 - [TEST_STEP][PASSED] - Statement - UpdatedSelectDate = com.kms.katalon.core.webui.keyword.WebUiBuiltInKeywords.modifyObjectProperty(com.kms.katalon.core.testobject.ObjectRepository.findTestObject(Final Object Repo/New Registration - Registration Module Pages/Form 2/DOB Date), "xpath", "equals", "//body/div/table/tbody/tr/td/a[text()="" + CurrentDate + ""]", true): Modify property of object successfully

2018-12-13 15:20:07 - [MESSAGE][PASSED] - Modify property of object successfully

2018-12-13 15:20:07 - [TEST_STEP][PASSED] - delay: Delayed 3 second(s)

2018-12-13 15:20:10 - [MESSAGE][PASSED] - Delayed 3 second(s)

2018-12-13 15:20:10 - [TEST_STEP][PASSED] - click: Object: 'Object Repository/Final Object Repo/New Registration - Registration Module Pages/Form 2/DOB Date' is clicked on

2018-12-13 15:20:10 - [MESSAGE][PASSED] - Object: 'Object Repository/Final Object Repo/New Registration - Registration Module Pages/Form 2/DOB Date' is clicked on

2018-12-13 15:20:10 - [TEST_STEP][PASSED] - delay: Delayed 2 second(s)

2018-12-13 15:20:12 - [MESSAGE][PASSED] - Delayed 2 second(s)

2018-12-13 15:20:12 - [TEST_STEP][PASSED] - click: Object: 'Object Repository/Final Object Repo/New Registration - Registration Module Pages/Form 2/EmploymentStartDate Pop Up' is clicked on

2018-12-13 15:20:13 - [MESSAGE][PASSED] - Object: 'Object Repository/Final Object Repo/New Registration - Registration Module Pages/Form 2/EmploymentStartDate Pop Up' is clicked on

2018-12-13 15:20:13 - [TEST_STEP][PASSED] - delay: Delayed 2 second(s)

2018-12-13 15:20:15 - [MESSAGE][PASSED] - Delayed 2 second(s)

2018-12-13 15:20:15 - [TEST_STEP][PASSED] - click: Object: 'Object Repository/Final Object Repo/New Registration - Registration Module Pages/Form 2/Socso Employment StartDate Month' is clicked on

2018-12-13 15:20:15 - [MESSAGE][PASSED] - Object: 'Object Repository/Final Object Repo/New Registration - Registration Module Pages/Form 2/Socso Employment StartDate Month' is clicked on

2018-12-13 15:20:15 - [TEST_STEP][PASSED] - delay: Delayed 1 second(s)

2018-12-13 15:20:16 - [MESSAGE][PASSED] - Delayed 1 second(s)

2018-12-13 15:20:16 - [TEST_STEP][PASSED] - click: Object: 'Object Repository/Final Object Repo/New Registration - Registration Module Pages/Form 2/Select Socso Employement Startdate Month' is clicked on

2018-12-13 15:20:16 - [MESSAGE][PASSED] - Object: 'Object Repository/Final Object Repo/New Registration - Registration Module Pages/Form 2/Select Socso Employement Startdate Month' is clicked on

2018-12-13 15:20:16 - [TEST_STEP][PASSED] - delay: Delayed 2 second(s)

2018-12-13 15:20:18 - [MESSAGE][PASSED] - Delayed 2 second(s)

2018-12-13 15:20:18 - [TEST_STEP][PASSED] - click: Object: 'Object Repository/Final Object Repo/New Registration - Registration Module Pages/Form 2/Socso Employment StartDate Year' is clicked on

2018-12-13 15:20:18 - [MESSAGE][PASSED] - Object: 'Object Repository/Final Object Repo/New Registration - Registration Module Pages/Form 2/Socso Employment StartDate Year' is clicked on

2018-12-13 15:20:18 - [TEST_STEP][PASSED] - delay: Delayed 1 second(s)

2018-12-13 15:20:19 - [MESSAGE][PASSED] - Delayed 1 second(s)

2018-12-13 15:20:19 - [TEST_STEP][PASSED] - click: Object: 'Object Repository/Final Object Repo/New Registration - Registration Module Pages/Form 2/Select Socso Employment Startdate Year' is clicked on

2018-12-13 15:20:19 - [MESSAGE][PASSED] - Object: 'Object Repository/Final Object Repo/New Registration - Registration Module Pages/Form 2/Select Socso Employment Startdate Year' is clicked on

2018-12-13 15:20:19 - [TEST_STEP][PASSED] - delay: Delayed 2 second(s)

2018-12-13 15:20:21 - [MESSAGE][PASSED] - Delayed 2 second(s)

2018-12-13 15:20:21 - [TEST_STEP][PASSED] - click: Object: 'Object Repository/Final Object Repo/New Registration - Registration Module Pages/Form 2/Socso Employment Start Date Day' is clicked on

2018-12-13 15:20:21 - [MESSAGE][PASSED] - Object: 'Object Repository/Final Object Repo/New Registration - Registration Module Pages/Form 2/Socso Employment Start Date Day' is clicked on

2018-12-13 15:20:21 - [TEST_STEP][PASSED] - delay: Delayed 2 second(s)

2018-12-13 15:20:23 - [MESSAGE][PASSED] - Delayed 2 second(s)

2018-12-13 15:20:23 - [TEST_STEP][PASSED] - click: Object: 'Object Repository/Final Object Repo/New Registration - Registration Module Pages/Form 2/Save Button for Add Employee' is clicked on

2018-12-13 15:20:24 - [MESSAGE][PASSED] - Object: 'Object Repository/Final Object Repo/New Registration - Registration Module Pages/Form 2/Save Button for Add Employee' is clicked on

2018-12-13 15:20:24 - [TEST_STEP][PASSED] - delay: Delayed 6 second(s)

2018-12-13 15:20:30 - [MESSAGE][PASSED] - Delayed 6 second(s)

2018-12-13 15:20:30 - [TEST_STEP][PASSED] - click: Object: 'Object Repository/Final Object Repo/New Registration - Registration Module Pages/Form 2/Save and Continue Form 2' is clicked on

2018-12-13 15:20:30 - [MESSAGE][PASSED] - Object: 'Object Repository/Final Object Repo/New Registration - Registration Module Pages/Form 2/Save and Continue Form 2' is clicked on

2018-12-13 15:20:30 - [MESSAGE][PASSED] - Call Test Case 'Test Cases/Final Aug 2018 - PKS Automation/Registration Module/New Registration/Form 2/Add 1 Eligible - Employer Account Use' successfully

2018-12-13 15:20:30 - [TEST_STEP][PASSED] - callTestCase: Call Test Case 'Test Cases/Final Aug 2018 - PKS Automation/Registration Module/New Registration/Flow of New Registration/Third Screen - Upload Supporting Doc - Preview' successfully

2018-12-13 15:20:30 - [TEST_CASE][PASSED] - Test Cases/Final Aug 2018 - PKS Automation/Registration Module/New Registration/Flow of New Registration/Third Screen - Upload Supporting Doc - Preview: Test Cases/Final Aug 2018 - PKS Automation/Registration Module/New Registration/Flow of New Registration/Third Screen - Upload Supporting Doc - Preview

2018-12-13 15:20:30 - [TEST_STEP][PASSED] - waitForPageLoad: Wait for page load successfully

2018-12-13 15:20:31 - [MESSAGE][PASSED] - Wait for page load successfully

2018-12-13 15:20:31 - [TEST_STEP][PASSED] - Statement - CaseReferenceNo = com.kms.katalon.core.webui.keyword.WebUiBuiltInKeywords.getText(com.kms.katalon.core.testobject.ObjectRepository.findTestObject(Final Object Repo/New Registration - Registration Module Pages/Third Screen - Upload Supporting Doc- Preview/RefNo Acquiring)): Text of object 'Object Repository/Final Object Repo/New Registration - Registration Module Pages/Third Screen - Upload Supporting Doc- Preview/RefNo Acquiring' is: 'CRN12201800123285'

2018-12-13 15:20:31 - [MESSAGE][PASSED] - Text of object 'Object Repository/Final Object Repo/New Registration - Registration Module Pages/Third Screen - Upload Supporting Doc- Preview/RefNo Acquiring' is: 'CRN12201800123285'

2018-12-13 15:20:31 - [TEST_STEP][PASSED] - delay: Delayed 2 second(s)

2018-12-13 15:20:33 - [MESSAGE][PASSED] - Delayed 2 second(s)

2018-12-13 15:20:33 - [TEST_STEP][PASSED] - callTestCase: Call Test Case 'Test Cases/Final Aug 2018 - PKS Automation/Common/Reference Number Setter' successfully

2018-12-13 15:20:33 - [TEST_CASE][PASSED] - Test Cases/Final Aug 2018 - PKS Automation/Common/Reference Number Setter: Test Cases/Final Aug 2018 - PKS Automation/Common/Reference Number Setter

2018-12-13 15:20:33 - [TEST_STEP][PASSED] - Statement - RefNoOldFile = new java.io.File(C://Users//Admin//Desktop//PKS//Automation Reference Point//KatalonReference.txt): null

2018-12-13 15:20:33 - [TEST_STEP][PASSED] - Statement - RefNoOldFile.delete(): null

2018-12-13 15:20:33 - [TEST_STEP][PASSED] - delay: Delayed 5 second(s)

2018-12-13 15:20:38 - [MESSAGE][PASSED] - Delayed 5 second(s)

2018-12-13 15:20:38 - [TEST_STEP][PASSED] - Statement - RefNo = new java.io.File(C://Users//Admin//Desktop//PKS//Automation Reference Point//KatalonReference.txt): null

2018-12-13 15:20:38 - [TEST_STEP][PASSED] - Statement - f2 = new java.io.FileWriter(RefNo, false): null

2018-12-13 15:20:38 - [TEST_STEP][PASSED] - Statement - f2.write(CaseReferenceNo): null

2018-12-13 15:20:38 - [TEST_STEP][PASSED] - Statement - f2.close(): null

2018-12-13 15:20:38 - [TEST_STEP][PASSED] - Statement - out.println("


" + CaseReferenceNo + "


"): null

2018-12-13 15:20:38 - [MESSAGE][PASSED] - Call Test Case 'Test Cases/Final Aug 2018 - PKS Automation/Common/Reference Number Setter' successfully

2018-12-13 15:20:38 - [TEST_STEP][PASSED] - waitForElementClickable: Object 'Object Repository/Final Object Repo/New Registration - Registration Module Pages/Third Screen - Upload Supporting Doc- Preview/Save n Continue in SIP Employee Listing Page' is clickable

2018-12-13 15:20:38 - [MESSAGE][PASSED] - Object 'Object Repository/Final Object Repo/New Registration - Registration Module Pages/Third Screen - Upload Supporting Doc- Preview/Save n Continue in SIP Employee Listing Page' is clickable

2018-12-13 15:20:38 - [TEST_STEP][PASSED] - click: Object: 'Object Repository/Final Object Repo/New Registration - Registration Module Pages/Third Screen - Upload Supporting Doc- Preview/Save n Continue in SIP Employee Listing Page' is clicked on

2018-12-13 15:20:43 - [MESSAGE][PASSED] - Object: 'Object Repository/Final Object Repo/New Registration - Registration Module Pages/Third Screen - Upload Supporting Doc- Preview/Save n Continue in SIP Employee Listing Page' is clicked on

2018-12-13 15:20:43 - [TEST_STEP][PASSED] - delay: Delayed 7 second(s)

2018-12-13 15:20:50 - [MESSAGE][PASSED] - Delayed 7 second(s)

2018-12-13 15:20:50 - [TEST_STEP][PASSED] - click: Object: 'Object Repository/Final Object Repo/New Registration - Registration Module Pages/Third Screen - Upload Supporting Doc- Preview/Add Document Button' is clicked on

2018-12-13 15:20:51 - [MESSAGE][PASSED] - Object: 'Object Repository/Final Object Repo/New Registration - Registration Module Pages/Third Screen - Upload Supporting Doc- Preview/Add Document Button' is clicked on

2018-12-13 15:20:51 - [TEST_STEP][PASSED] - delay: Delayed 30 second(s)

2018-12-13 15:21:21 - [MESSAGE][PASSED] - Delayed 30 second(s)

2018-12-13 15:21:21 - [TEST_STEP][PASSED] - click: Object: 'Object Repository/Final Object Repo/New Registration - Registration Module Pages/Third Screen - Upload Supporting Doc- Preview/Supporting Doc Please Select Drop Down' is clicked on

2018-12-13 15:21:21 - [MESSAGE][PASSED] - Object: 'Object Repository/Final Object Repo/New Registration - Registration Module Pages/Third Screen - Upload Supporting Doc- Preview/Supporting Doc Please Select Drop Down' is clicked on

2018-12-13 15:21:21 - [TEST_STEP][PASSED] - delay: Delayed 2 second(s)

2018-12-13 15:21:23 - [MESSAGE][PASSED] - Delayed 2 second(s)

2018-12-13 15:21:23 - [TEST_STEP][PASSED] - click: Object: 'Object Repository/Final Object Repo/New Registration - Registration Module Pages/Third Screen - Upload Supporting Doc- Preview/Select to Upload Form 1' is clicked on

2018-12-13 15:21:23 - [MESSAGE][PASSED] - Object: 'Object Repository/Final Object Repo/New Registration - Registration Module Pages/Third Screen - Upload Supporting Doc- Preview/Select to Upload Form 1' is clicked on

2018-12-13 15:21:23 - [TEST_STEP][PASSED] - delay: Delayed 2 second(s)

2018-12-13 15:21:25 - [MESSAGE][PASSED] - Delayed 2 second(s)

2018-12-13 15:21:25 - [TEST_STEP][PASSED] - uploadFile: File 'C:\Users\Public\Pictures\Sample Pictures\Koala.jpg' sent to object: 'Object Repository/Final Object Repo/New Registration - Registration Module Pages/Third Screen - Upload Supporting Doc- Preview/Upload File Adding'

2018-12-13 15:21:25 - [MESSAGE][PASSED] - File 'C:\Users\Public\Pictures\Sample Pictures\Koala.jpg' sent to object: 'Object Repository/Final Object Repo/New Registration - Registration Module Pages/Third Screen - Upload Supporting Doc- Preview/Upload File Adding'

2018-12-13 15:21:25 - [TEST_STEP][PASSED] - delay: Delayed 5 second(s)

2018-12-13 15:21:30 - [MESSAGE][PASSED] - Delayed 5 second(s)

2018-12-13 15:21:30 - [TEST_STEP][PASSED] - click: Object: 'Object Repository/Final Object Repo/New Registration - Registration Module Pages/Third Screen - Upload Supporting Doc- Preview/Inner Form Add Document Button' is clicked on

2018-12-13 15:21:30 - [MESSAGE][PASSED] - Object: 'Object Repository/Final Object Repo/New Registration - Registration Module Pages/Third Screen - Upload Supporting Doc- Preview/Inner Form Add Document Button' is clicked on

2018-12-13 15:21:30 - [TEST_STEP][PASSED] - delay: Delayed 3 second(s)

2018-12-13 15:21:33 - [MESSAGE][PASSED] - Delayed 3 second(s)

2018-12-13 15:21:33 - [TEST_STEP][PASSED] - click: Object: 'Object Repository/Final Object Repo/New Registration - Registration Module Pages/Third Screen - Upload Supporting Doc- Preview/Add Document Button' is clicked on

2018-12-13 15:21:35 - [MESSAGE][PASSED] - Object: 'Object Repository/Final Object Repo/New Registration - Registration Module Pages/Third Screen - Upload Supporting Doc- Preview/Add Document Button' is clicked on

2018-12-13 15:21:35 - [TEST_STEP][PASSED] - delay: Delayed 30 second(s)

2018-12-13 15:22:05 - [MESSAGE][PASSED] - Delayed 30 second(s)

2018-12-13 15:22:05 - [TEST_STEP][PASSED] - click: Object: 'Object Repository/Final Object Repo/New Registration - Registration Module Pages/Third Screen - Upload Supporting Doc- Preview/Supporting Doc Please Select Drop Down' is clicked on

2018-12-13 15:22:05 - [MESSAGE][PASSED] - Object: 'Object Repository/Final Object Repo/New Registration - Registration Module Pages/Third Screen - Upload Supporting Doc- Preview/Supporting Doc Please Select Drop Down' is clicked on

2018-12-13 15:22:05 - [TEST_STEP][PASSED] - delay: Delayed 4 second(s)

2018-12-13 15:22:09 - [MESSAGE][PASSED] - Delayed 4 second(s)

2018-12-13 15:22:09 - [TEST_STEP][PASSED] - click: Object: 'Object Repository/Final Object Repo/New Registration - Registration Module Pages/Third Screen - Upload Supporting Doc- Preview/Select to Upload Form 2' is clicked on

2018-12-13 15:22:09 - [MESSAGE][PASSED] - Object: 'Object Repository/Final Object Repo/New Registration - Registration Module Pages/Third Screen - Upload Supporting Doc- Preview/Select to Upload Form 2' is clicked on

2018-12-13 15:22:09 - [TEST_STEP][PASSED] - delay: Delayed 2 second(s)

2018-12-13 15:22:11 - [MESSAGE][PASSED] - Delayed 2 second(s)

2018-12-13 15:22:11 - [TEST_STEP][PASSED] - uploadFile: File 'C:\Users\Public\Pictures\Sample Pictures\Koala.jpg' sent to object: 'Object Repository/Final Object Repo/New Registration - Registration Module Pages/Third Screen - Upload Supporting Doc- Preview/Upload File Adding'

2018-12-13 15:22:11 - [MESSAGE][PASSED] - File 'C:\Users\Public\Pictures\Sample Pictures\Koala.jpg' sent to object: 'Object Repository/Final Object Repo/New Registration - Registration Module Pages/Third Screen - Upload Supporting Doc- Preview/Upload File Adding'

2018-12-13 15:22:11 - [TEST_STEP][PASSED] - click: Object: 'Object Repository/Final Object Repo/New Registration - Registration Module Pages/Third Screen - Upload Supporting Doc- Preview/Inner Form Add Document Button' is clicked on

2018-12-13 15:22:11 - [MESSAGE][PASSED] - Object: 'Object Repository/Final Object Repo/New Registration - Registration Module Pages/Third Screen - Upload Supporting Doc- Preview/Inner Form Add Document Button' is clicked on

2018-12-13 15:22:11 - [TEST_STEP][PASSED] - delay: Delayed 5 second(s)

2018-12-13 15:22:16 - [MESSAGE][PASSED] - Delayed 5 second(s)

2018-12-13 15:22:16 - [TEST_STEP][PASSED] - click: Object: 'Object Repository/Final Object Repo/New Registration - Registration Module Pages/Third Screen - Upload Supporting Doc- Preview/Add Document Button' is clicked on

2018-12-13 15:22:17 - [MESSAGE][PASSED] - Object: 'Object Repository/Final Object Repo/New Registration - Registration Module Pages/Third Screen - Upload Supporting Doc- Preview/Add Document Button' is clicked on

2018-12-13 15:22:17 - [TEST_STEP][PASSED] - delay: Delayed 30 second(s)

2018-12-13 15:22:47 - [MESSAGE][PASSED] - Delayed 30 second(s)

2018-12-13 15:22:47 - [TEST_STEP][PASSED] - click: Object: 'Object Repository/Final Object Repo/New Registration - Registration Module Pages/Third Screen - Upload Supporting Doc- Preview/Supporting Doc Please Select Drop Down' is clicked on

2018-12-13 15:22:47 - [MESSAGE][PASSED] - Object: 'Object Repository/Final Object Repo/New Registration - Registration Module Pages/Third Screen - Upload Supporting Doc- Preview/Supporting Doc Please Select Drop Down' is clicked on

2018-12-13 15:22:47 - [TEST_STEP][PASSED] - click: Object: 'Object Repository/Final Object Repo/New Registration - Registration Module Pages/Third Screen - Upload Supporting Doc- Preview/Select to Upload Borang SIP 1' is clicked on

2018-12-13 15:22:47 - [MESSAGE][PASSED] - Object: 'Object Repository/Final Object Repo/New Registration - Registration Module Pages/Third Screen - Upload Supporting Doc- Preview/Select to Upload Borang SIP 1' is clicked on

2018-12-13 15:22:47 - [TEST_STEP][PASSED] - delay: Delayed 2 second(s)

2018-12-13 15:22:49 - [MESSAGE][PASSED] - Delayed 2 second(s)

2018-12-13 15:22:49 - [TEST_STEP][PASSED] - uploadFile: File 'C:\Users\Public\Pictures\Sample Pictures\Koala.jpg' sent to object: 'Object Repository/Final Object Repo/New Registration - Registration Module Pages/Third Screen - Upload Supporting Doc- Preview/Upload File Adding'

2018-12-13 15:22:49 - [MESSAGE][PASSED] - File 'C:\Users\Public\Pictures\Sample Pictures\Koala.jpg' sent to object: 'Object Repository/Final Object Repo/New Registration - Registration Module Pages/Third Screen - Upload Supporting Doc- Preview/Upload File Adding'

2018-12-13 15:22:49 - [TEST_STEP][PASSED] - click: Object: 'Object Repository/Final Object Repo/New Registration - Registration Module Pages/Third Screen - Upload Supporting Doc- Preview/Inner Form Add Document Button' is clicked on

2018-12-13 15:22:49 - [MESSAGE][PASSED] - Object: 'Object Repository/Final Object Repo/New Registration - Registration Module Pages/Third Screen - Upload Supporting Doc- Preview/Inner Form Add Document Button' is clicked on

2018-12-13 15:22:49 - [TEST_STEP][PASSED] - delay: Delayed 5 second(s)

2018-12-13 15:22:54 - [MESSAGE][PASSED] - Delayed 5 second(s)

2018-12-13 15:22:54 - [TEST_STEP][PASSED] - click: Object: 'Object Repository/Final Object Repo/New Registration - Registration Module Pages/Third Screen - Upload Supporting Doc- Preview/Add Document Button' is clicked on

2018-12-13 15:22:54 - [MESSAGE][PASSED] - Object: 'Object Repository/Final Object Repo/New Registration - Registration Module Pages/Third Screen - Upload Supporting Doc- Preview/Add Document Button' is clicked on

2018-12-13 15:22:54 - [TEST_STEP][PASSED] - delay: Delayed 30 second(s)

2018-12-13 15:23:24 - [MESSAGE][PASSED] - Delayed 30 second(s)

2018-12-13 15:23:24 - [TEST_STEP][PASSED] - click: Object: 'Object Repository/Final Object Repo/New Registration - Registration Module Pages/Third Screen - Upload Supporting Doc- Preview/Supporting Doc Please Select Drop Down' is clicked on

2018-12-13 15:23:25 - [MESSAGE][PASSED] - Object: 'Object Repository/Final Object Repo/New Registration - Registration Module Pages/Third Screen - Upload Supporting Doc- Preview/Supporting Doc Please Select Drop Down' is clicked on

2018-12-13 15:23:25 - [TEST_STEP][PASSED] - delay: Delayed 3 second(s)

2018-12-13 15:23:28 - [MESSAGE][PASSED] - Delayed 3 second(s)

2018-12-13 15:23:28 - [TEST_STEP][PASSED] - click: Object: 'Object Repository/Final Object Repo/New Registration - Registration Module Pages/Third Screen - Upload Supporting Doc- Preview/Select to Upload Borang SIP 2' is clicked on

2018-12-13 15:23:28 - [MESSAGE][PASSED] - Object: 'Object Repository/Final Object Repo/New Registration - Registration Module Pages/Third Screen - Upload Supporting Doc- Preview/Select to Upload Borang SIP 2' is clicked on

2018-12-13 15:23:28 - [TEST_STEP][PASSED] - delay: Delayed 2 second(s)

2018-12-13 15:23:30 - [MESSAGE][PASSED] - Delayed 2 second(s)

2018-12-13 15:23:30 - [TEST_STEP][PASSED] - uploadFile: File 'C:\Users\Public\Pictures\Sample Pictures\Koala.jpg' sent to object: 'Object Repository/Final Object Repo/New Registration - Registration Module Pages/Third Screen - Upload Supporting Doc- Preview/Upload File Adding'

2018-12-13 15:23:30 - [MESSAGE][PASSED] - File 'C:\Users\Public\Pictures\Sample Pictures\Koala.jpg' sent to object: 'Object Repository/Final Object Repo/New Registration - Registration Module Pages/Third Screen - Upload Supporting Doc- Preview/Upload File Adding'

2018-12-13 15:23:30 - [TEST_STEP][PASSED] - delay: Delayed 5 second(s)

2018-12-13 15:23:35 - [MESSAGE][PASSED] - Delayed 5 second(s)

2018-12-13 15:23:35 - [TEST_STEP][PASSED] - click: Object: 'Object Repository/Final Object Repo/New Registration - Registration Module Pages/Third Screen - Upload Supporting Doc- Preview/Inner Form Add Document Button' is clicked on

2018-12-13 15:23:35 - [MESSAGE][PASSED] - Object: 'Object Repository/Final Object Repo/New Registration - Registration Module Pages/Third Screen - Upload Supporting Doc- Preview/Inner Form Add Document Button' is clicked on

2018-12-13 15:23:35 - [TEST_STEP][PASSED] - delay: Delayed 3 second(s)

2018-12-13 15:23:38 - [MESSAGE][PASSED] - Delayed 3 second(s)

2018-12-13 15:23:38 - [TEST_STEP][PASSED] - waitForElementClickable: Object 'Object Repository/Final Object Repo/New Registration - Registration Module Pages/Third Screen - Upload Supporting Doc- Preview/Save n Continue in Uploading Supporting Doc Page' is clickable

2018-12-13 15:23:39 - [MESSAGE][PASSED] - Object 'Object Repository/Final Object Repo/New Registration - Registration Module Pages/Third Screen - Upload Supporting Doc- Preview/Save n Continue in Uploading Supporting Doc Page' is clickable

2018-12-13 15:23:39 - [TEST_STEP][PASSED] - click: Object: 'Object Repository/Final Object Repo/New Registration - Registration Module Pages/Third Screen - Upload Supporting Doc- Preview/Save n Continue in Uploading Supporting Doc Page' is clicked on

2018-12-13 15:23:40 - [MESSAGE][PASSED] - Object: 'Object Repository/Final Object Repo/New Registration - Registration Module Pages/Third Screen - Upload Supporting Doc- Preview/Save n Continue in Uploading Supporting Doc Page' is clicked on

2018-12-13 15:23:40 - [MESSAGE][PASSED] - Call Test Case 'Test Cases/Final Aug 2018 - PKS Automation/Registration Module/New Registration/Flow of New Registration/Third Screen - Upload Supporting Doc - Preview' successfully

2018-12-13 15:23:40 - [TEST_STEP][PASSED] - setText: Text 'Tester' is set on object 'Object Repository/Final Object Repo/New Registration - Registration Module Pages/New Reg - OTC to RO/Special Case - All Related Objects/Employer Preview Name'

2018-12-13 15:23:45 - [MESSAGE][PASSED] - Text 'Tester' is set on object 'Object Repository/Final Object Repo/New Registration - Registration Module Pages/New Reg - OTC to RO/Special Case - All Related Objects/Employer Preview Name'

2018-12-13 15:23:45 - [TEST_STEP][PASSED] - click: Object: 'Object Repository/Final Object Repo/New Registration - Registration Module Pages/New Reg - OTC to RO/Special Case - All Related Objects/IC Type Drop Down' is clicked on

2018-12-13 15:23:45 - [MESSAGE][PASSED] - Object: 'Object Repository/Final Object Repo/New Registration - Registration Module Pages/New Reg - OTC to RO/Special Case - All Related Objects/IC Type Drop Down' is clicked on

2018-12-13 15:23:45 - [TEST_STEP][PASSED] - click: Object: 'Object Repository/Final Object Repo/New Registration - Registration Module Pages/New Reg - OTC to RO/Special Case - All Related Objects/Select to NRIC' is clicked on

2018-12-13 15:23:45 - [MESSAGE][PASSED] - Object: 'Object Repository/Final Object Repo/New Registration - Registration Module Pages/New Reg - OTC to RO/Special Case - All Related Objects/Select to NRIC' is clicked on

2018-12-13 15:23:45 - [TEST_STEP][PASSED] - setText: Text '133245561223' is set on object 'Object Repository/Final Object Repo/New Registration - Registration Module Pages/New Reg - OTC to RO/Special Case - All Related Objects/IC Value'

2018-12-13 15:23:45 - [MESSAGE][PASSED] - Text '133245561223' is set on object 'Object Repository/Final Object Repo/New Registration - Registration Module Pages/New Reg - OTC to RO/Special Case - All Related Objects/IC Value'

2018-12-13 15:23:45 - [TEST_STEP][PASSED] - setText: Text 'Auto' is set on object 'Object Repository/Final Object Repo/New Registration - Registration Module Pages/New Reg - OTC to RO/Special Case - All Related Objects/Designation'

2018-12-13 15:23:46 - [MESSAGE][PASSED] - Text 'Auto' is set on object 'Object Repository/Final Object Repo/New Registration - Registration Module Pages/New Reg - OTC to RO/Special Case - All Related Objects/Designation'

2018-12-13 15:23:46 - [TEST_STEP][PASSED] - callTestCase: Call Test Case 'Test Cases/Final Aug 2018 - PKS Automation/Registration Module/New Registration/Submit and Screenshot/Submit Registration and Screenshot - Copy' successfully

2018-12-13 15:23:46 - [TEST_CASE][PASSED] - Test Cases/Final Aug 2018 - PKS Automation/Registration Module/New Registration/Submit and Screenshot/Submit Registration and Screenshot - Copy: Test Cases/Final Aug 2018 - PKS Automation/Registration Module/New Registration/Submit and Screenshot/Submit Registration and Screenshot - Copy

2018-12-13 15:23:46 - [TEST_STEP][PASSED] - delay: Delayed 6 second(s)

2018-12-13 15:23:52 - [MESSAGE][PASSED] - Delayed 6 second(s)

2018-12-13 15:23:52 - [TEST_STEP][PASSED] - click: Object: 'Object Repository/Final Object Repo/New Registration - Registration Module Pages/Third Screen - Upload Supporting Doc- Preview/Preview Submit Button' is clicked on

2018-12-13 15:23:52 - [MESSAGE][PASSED] - Object: 'Object Repository/Final Object Repo/New Registration - Registration Module Pages/Third Screen - Upload Supporting Doc- Preview/Preview Submit Button' is clicked on

2018-12-13 15:23:52 - [TEST_STEP][PASSED] - delay: Delayed 2 second(s)

2018-12-13 15:23:54 - [MESSAGE][PASSED] - Delayed 2 second(s)

2018-12-13 15:23:54 - [TEST_STEP][PASSED] - click: Object: 'Object Repository/Final Object Repo/New Registration - Registration Module Pages/Third Screen - Upload Supporting Doc- Preview/Preview Submit - Confirm' is clicked on

2018-12-13 15:23:54 - [MESSAGE][PASSED] - Object: 'Object Repository/Final Object Repo/New Registration - Registration Module Pages/Third Screen - Upload Supporting Doc- Preview/Preview Submit - Confirm' is clicked on

2018-12-13 15:23:54 - [TEST_STEP][PASSED] - delay: Delayed 15 second(s)

2018-12-13 15:24:09 - [MESSAGE][PASSED] - Delayed 15 second(s)

2018-12-13 15:24:09 - [TEST_STEP][PASSED] - Statement - driver = com.kms.katalon.core.webui.driver.DriverFactory.getWebDriver(): null

2018-12-13 15:24:09 - [TEST_STEP][PASSED] - Statement - driver.manage().timeouts().implicitlyWait(10, SECONDS): null

2018-12-13 15:24:09 - [TEST_STEP][PASSED] - Statement - PresavePath = KatalonScreenshots: null

2018-12-13 15:24:09 - [TEST_STEP][PASSED] - Statement - pathPrefix = "C:\Users\Public\Pictures\Sample Pictures\Katalon Screenshots\Automate Ending Screen": null

2018-12-13 15:24:09 - [TEST_STEP][PASSED] - Statement - finalPath = <not implemented yet for class: org.codehaus.groovy.ast.expr.EmptyExpression>: null

2018-12-13 15:24:09 - [TEST_STEP][PASSED] - Statement - scrFile = driver.getScreenshotAs(FILE): null

2018-12-13 15:24:09 - [TEST_STEP][PASSED] - Statement - PreSaveFile = new java.io.File(PresavePath): null

2018-12-13 15:24:09 - [TEST_STEP][PASSED] - Statement - counter = 0: null

2018-12-13 15:24:09 - [TEST_STEP][PASSED] - Statement - If (PreSaveFile.exists()): null

2018-12-13 15:24:09 - [TEST_STEP][PASSED] - Statement - While (PreSaveFile.exists()): null

2018-12-13 15:24:09 - [TEST_STEP][PASSED] - Statement - counter = counter + 1: null

2018-12-13 15:24:09 - [TEST_STEP][PASSED] - Statement - PreSaveFile = new java.io.File(((pathPrefix + java.lang.Integer.toString(counter)) + .png)): null

2018-12-13 15:24:09 - [TEST_STEP][PASSED] - Statement - counter = counter + 1: null

2018-12-13 15:24:09 - [TEST_STEP][PASSED] - Statement - PreSaveFile = new java.io.File(((pathPrefix + java.lang.Integer.toString(counter)) + .png)): null

2018-12-13 15:24:09 - [TEST_STEP][PASSED] - Statement - counter = counter + 1: null

2018-12-13 15:24:09 - [TEST_STEP][PASSED] - Statement - PreSaveFile = new java.io.File(((pathPrefix + java.lang.Integer.toString(counter)) + .png)): null

2018-12-13 15:24:09 - [TEST_STEP][PASSED] - Statement - counter = counter + 1: null

2018-12-13 15:24:09 - [TEST_STEP][PASSED] - Statement - PreSaveFile = new java.io.File(((pathPrefix + java.lang.Integer.toString(counter)) + .png)): null

2018-12-13 15:24:09 - [TEST_STEP][PASSED] - Statement - counter = counter + 1: null

2018-12-13 15:24:09 - [TEST_STEP][PASSED] - Statement - PreSaveFile = new java.io.File(((pathPrefix + java.lang.Integer.toString(counter)) + .png)): null

2018-12-13 15:24:09 - [TEST_STEP][PASSED] - Statement - counter = counter + 1: null

2018-12-13 15:24:09 - [TEST_STEP][PASSED] - Statement - PreSaveFile = new java.io.File(((pathPrefix + java.lang.Integer.toString(counter)) + .png)): null

2018-12-13 15:24:09 - [TEST_STEP][PASSED] - Statement - counter = counter + 1: null

2018-12-13 15:24:09 - [TEST_STEP][PASSED] - Statement - PreSaveFile = new java.io.File(((pathPrefix + java.lang.Integer.toString(counter)) + .png)): null

2018-12-13 15:24:09 - [TEST_STEP][PASSED] - Statement - counter = counter + 1: null

2018-12-13 15:24:09 - [TEST_STEP][PASSED] - Statement - PreSaveFile = new java.io.File(((pathPrefix + java.lang.Integer.toString(counter)) + .png)): null

2018-12-13 15:24:09 - [TEST_STEP][PASSED] - Statement - counter = counter + 1: null

2018-12-13 15:24:09 - [TEST_STEP][PASSED] - Statement - PreSaveFile = new java.io.File(((pathPrefix + java.lang.Integer.toString(counter)) + .png)): null

2018-12-13 15:24:09 - [TEST_STEP][PASSED] - Statement - counter = counter + 1: null

2018-12-13 15:24:09 - [TEST_STEP][PASSED] - Statement - PreSaveFile = new java.io.File(((pathPrefix + java.lang.Integer.toString(counter)) + .png)): null

2018-12-13 15:24:09 - [TEST_STEP][PASSED] - Statement - counter = counter + 1: null

2018-12-13 15:24:09 - [TEST_STEP][PASSED] - Statement - PreSaveFile = new java.io.File(((pathPrefix + java.lang.Integer.toString(counter)) + .png)): null

2018-12-13 15:24:09 - [TEST_STEP][PASSED] - Statement - counter = counter + 1: null

2018-12-13 15:24:09 - [TEST_STEP][PASSED] - Statement - PreSaveFile = new java.io.File(((pathPrefix + java.lang.Integer.toString(counter)) + .png)): null

2018-12-13 15:24:09 - [TEST_STEP][PASSED] - Statement - counter = counter + 1: null

2018-12-13 15:24:09 - [TEST_STEP][PASSED] - Statement - PreSaveFile = new java.io.File(((pathPrefix + java.lang.Integer.toString(counter)) + .png)): null

2018-12-13 15:24:09 - [TEST_STEP][PASSED] - Statement - counter = counter + 1: null

2018-12-13 15:24:09 - [TEST_STEP][PASSED] - Statement - PreSaveFile = new java.io.File(((pathPrefix + java.lang.Integer.toString(counter)) + .png)): null

2018-12-13 15:24:09 - [TEST_STEP][PASSED] - Statement - counter = counter + 1: null

2018-12-13 15:24:09 - [TEST_STEP][PASSED] - Statement - PreSaveFile = new java.io.File(((pathPrefix + java.lang.Integer.toString(counter)) + .png)): null

2018-12-13 15:24:09 - [TEST_STEP][PASSED] - Statement - counter = counter + 1: null

2018-12-13 15:24:09 - [TEST_STEP][PASSED] - Statement - PreSaveFile = new java.io.File(((pathPrefix + java.lang.Integer.toString(counter)) + .png)): null

2018-12-13 15:24:09 - [TEST_STEP][PASSED] - Statement - counter = counter + 1: null

2018-12-13 15:24:09 - [TEST_STEP][PASSED] - Statement - PreSaveFile = new java.io.File(((pathPrefix + java.lang.Integer.toString(counter)) + .png)): null

2018-12-13 15:24:09 - [TEST_STEP][PASSED] - Statement - counter = counter + 1: null

2018-12-13 15:24:09 - [TEST_STEP][PASSED] - Statement - PreSaveFile = new java.io.File(((pathPrefix + java.lang.Integer.toString(counter)) + .png)): null

2018-12-13 15:24:09 - [TEST_STEP][PASSED] - Statement - counter = counter + 1: null

2018-12-13 15:24:09 - [TEST_STEP][PASSED] - Statement - PreSaveFile = new java.io.File(((pathPrefix + java.lang.Integer.toString(counter)) + .png)): null

2018-12-13 15:24:09 - [TEST_STEP][PASSED] - Statement - counter = counter + 1: null

2018-12-13 15:24:09 - [TEST_STEP][PASSED] - Statement - PreSaveFile = new java.io.File(((pathPrefix + java.lang.Integer.toString(counter)) + .png)): null

2018-12-13 15:24:09 - [TEST_STEP][PASSED] - Statement - counter = counter + 1: null

2018-12-13 15:24:09 - [TEST_STEP][PASSED] - Statement - PreSaveFile = new java.io.File(((pathPrefix + java.lang.Integer.toString(counter)) + .png)): null

2018-12-13 15:24:09 - [TEST_STEP][PASSED] - Statement - counter = counter + 1: null

2018-12-13 15:24:09 - [TEST_STEP][PASSED] - Statement - PreSaveFile = new java.io.File(((pathPrefix + java.lang.Integer.toString(counter)) + .png)): null

2018-12-13 15:24:09 - [TEST_STEP][PASSED] - Statement - counter = counter + 1: null

2018-12-13 15:24:09 - [TEST_STEP][PASSED] - Statement - PreSaveFile = new java.io.File(((pathPrefix + java.lang.Integer.toString(counter)) + .png)): null

2018-12-13 15:24:09 - [TEST_STEP][PASSED] - Statement - counter = counter + 1: null

2018-12-13 15:24:09 - [TEST_STEP][PASSED] - Statement - PreSaveFile = new java.io.File(((pathPrefix + java.lang.Integer.toString(counter)) + .png)): null

2018-12-13 15:24:09 - [TEST_STEP][PASSED] - Statement - counter = counter + 1: null

2018-12-13 15:24:09 - [TEST_STEP][PASSED] - Statement - PreSaveFile = new java.io.File(((pathPrefix + java.lang.Integer.toString(counter)) + .png)): null

2018-12-13 15:24:09 - [TEST_STEP][PASSED] - Statement - counter = counter + 1: null

2018-12-13 15:24:09 - [TEST_STEP][PASSED] - Statement - PreSaveFile = new java.io.File(((pathPrefix + java.lang.Integer.toString(counter)) + .png)): null

2018-12-13 15:24:09 - [TEST_STEP][PASSED] - Statement - counter = counter + 1: null

2018-12-13 15:24:09 - [TEST_STEP][PASSED] - Statement - PreSaveFile = new java.io.File(((pathPrefix + java.lang.Integer.toString(counter)) + .png)): null

2018-12-13 15:24:09 - [TEST_STEP][PASSED] - Statement - counter = counter + 1: null

2018-12-13 15:24:09 - [TEST_STEP][PASSED] - Statement - PreSaveFile = new java.io.File(((pathPrefix + java.lang.Integer.toString(counter)) + .png)): null

2018-12-13 15:24:09 - [TEST_STEP][PASSED] - Statement - counter = counter + 1: null

2018-12-13 15:24:09 - [TEST_STEP][PASSED] - Statement - PreSaveFile = new java.io.File(((pathPrefix + java.lang.Integer.toString(counter)) + .png)): null

2018-12-13 15:24:09 - [TEST_STEP][PASSED] - Statement - counter = counter + 1: null

2018-12-13 15:24:09 - [TEST_STEP][PASSED] - Statement - PreSaveFile = new java.io.File(((pathPrefix + java.lang.Integer.toString(counter)) + .png)): null

2018-12-13 15:24:09 - [TEST_STEP][PASSED] - Statement - counter = counter + 1: null

2018-12-13 15:24:09 - [TEST_STEP][PASSED] - Statement - PreSaveFile = new java.io.File(((pathPrefix + java.lang.Integer.toString(counter)) + .png)): null

2018-12-13 15:24:09 - [TEST_STEP][PASSED] - Statement - counter = counter + 1: null

2018-12-13 15:24:09 - [TEST_STEP][PASSED] - Statement - PreSaveFile = new java.io.File(((pathPrefix + java.lang.Integer.toString(counter)) + .png)): null

2018-12-13 15:24:09 - [TEST_STEP][PASSED] - Statement - counter = counter + 1: null

2018-12-13 15:24:09 - [TEST_STEP][PASSED] - Statement - PreSaveFile = new java.io.File(((pathPrefix + java.lang.Integer.toString(counter)) + .png)): null

2018-12-13 15:24:09 - [TEST_STEP][PASSED] - Statement - counter = counter + 1: null

2018-12-13 15:24:09 - [TEST_STEP][PASSED] - Statement - PreSaveFile = new java.io.File(((pathPrefix + java.lang.Integer.toString(counter)) + .png)): null

2018-12-13 15:24:09 - [TEST_STEP][PASSED] - Statement - counter = counter + 1: null

2018-12-13 15:24:09 - [TEST_STEP][PASSED] - Statement - PreSaveFile = new java.io.File(((pathPrefix + java.lang.Integer.toString(counter)) + .png)): null

2018-12-13 15:24:09 - [TEST_STEP][PASSED] - Statement - counter = counter + 1: null

2018-12-13 15:24:09 - [TEST_STEP][PASSED] - Statement - PreSaveFile = new java.io.File(((pathPrefix + java.lang.Integer.toString(counter)) + .png)): null

2018-12-13 15:24:09 - [TEST_STEP][PASSED] - Statement - counter = counter + 1: null

2018-12-13 15:24:09 - [TEST_STEP][PASSED] - Statement - PreSaveFile = new java.io.File(((pathPrefix + java.lang.Integer.toString(counter)) + .png)): null

2018-12-13 15:24:09 - [TEST_STEP][PASSED] - Statement - counter = counter + 1: null

2018-12-13 15:24:09 - [TEST_STEP][PASSED] - Statement - PreSaveFile = new java.io.File(((pathPrefix + java.lang.Integer.toString(counter)) + .png)): null

2018-12-13 15:24:09 - [TEST_STEP][PASSED] - Statement - counter = counter + 1: null

2018-12-13 15:24:09 - [TEST_STEP][PASSED] - Statement - PreSaveFile = new java.io.File(((pathPrefix + java.lang.Integer.toString(counter)) + .png)): null

2018-12-13 15:24:09 - [TEST_STEP][PASSED] - Statement - counter = counter + 1: null

2018-12-13 15:24:09 - [TEST_STEP][PASSED] - Statement - PreSaveFile = new java.io.File(((pathPrefix + java.lang.Integer.toString(counter)) + .png)): null

2018-12-13 15:24:09 - [TEST_STEP][PASSED] - Statement - counter = counter + 1: null

2018-12-13 15:24:09 - [TEST_STEP][PASSED] - Statement - PreSaveFile = new java.io.File(((pathPrefix + java.lang.Integer.toString(counter)) + .png)): null

2018-12-13 15:24:09 - [TEST_STEP][PASSED] - Statement - counter = counter + 1: null

2018-12-13 15:24:09 - [TEST_STEP][PASSED] - Statement - PreSaveFile = new java.io.File(((pathPrefix + java.lang.Integer.toString(counter)) + .png)): null

2018-12-13 15:24:09 - [TEST_STEP][PASSED] - Statement - counter = counter + 1: null

2018-12-13 15:24:09 - [TEST_STEP][PASSED] - Statement - PreSaveFile = new java.io.File(((pathPrefix + java.lang.Integer.toString(counter)) + .png)): null

2018-12-13 15:24:09 - [TEST_STEP][PASSED] - Statement - counter = counter + 1: null

2018-12-13 15:24:09 - [TEST_STEP][PASSED] - Statement - PreSaveFile = new java.io.File(((pathPrefix + java.lang.Integer.toString(counter)) + .png)): null

2018-12-13 15:24:09 - [TEST_STEP][PASSED] - Statement - counter = counter + 1: null

2018-12-13 15:24:09 - [TEST_STEP][PASSED] - Statement - PreSaveFile = new java.io.File(((pathPrefix + java.lang.Integer.toString(counter)) + .png)): null

2018-12-13 15:24:09 - [TEST_STEP][PASSED] - Statement - counter = counter + 1: null

2018-12-13 15:24:09 - [TEST_STEP][PASSED] - Statement - PreSaveFile = new java.io.File(((pathPrefix + java.lang.Integer.toString(counter)) + .png)): null

2018-12-13 15:24:09 - [TEST_STEP][PASSED] - Statement - counter = counter + 1: null

2018-12-13 15:24:09 - [TEST_STEP][PASSED] - Statement - PreSaveFile = new java.io.File(((pathPrefix + java.lang.Integer.toString(counter)) + .png)): null

2018-12-13 15:24:09 - [TEST_STEP][PASSED] - Statement - counter = counter + 1: null

2018-12-13 15:24:09 - [TEST_STEP][PASSED] - Statement - PreSaveFile = new java.io.File(((pathPrefix + java.lang.Integer.toString(counter)) + .png)): null

2018-12-13 15:24:09 - [TEST_STEP][PASSED] - Statement - counter = counter + 1: null

2018-12-13 15:24:09 - [TEST_STEP][PASSED] - Statement - PreSaveFile = new java.io.File(((pathPrefix + java.lang.Integer.toString(counter)) + .png)): null

2018-12-13 15:24:09 - [TEST_STEP][PASSED] - Statement - counter = counter + 1: null

2018-12-13 15:24:09 - [TEST_STEP][PASSED] - Statement - PreSaveFile = new java.io.File(((pathPrefix + java.lang.Integer.toString(counter)) + .png)): null

2018-12-13 15:24:09 - [TEST_STEP][PASSED] - Statement - counter = counter + 1: null

2018-12-13 15:24:09 - [TEST_STEP][PASSED] - Statement - PreSaveFile = new java.io.File(((pathPrefix + java.lang.Integer.toString(counter)) + .png)): null

2018-12-13 15:24:09 - [TEST_STEP][PASSED] - Statement - counter = counter + 1: null

2018-12-13 15:24:09 - [TEST_STEP][PASSED] - Statement - PreSaveFile = new java.io.File(((pathPrefix + java.lang.Integer.toString(counter)) + .png)): null

2018-12-13 15:24:09 - [TEST_STEP][PASSED] - Statement - counter = counter + 1: null

2018-12-13 15:24:09 - [TEST_STEP][PASSED] - Statement - PreSaveFile = new java.io.File(((pathPrefix + java.lang.Integer.toString(counter)) + .png)): null

2018-12-13 15:24:09 - [TEST_STEP][PASSED] - Statement - counter = counter + 1: null

2018-12-13 15:24:09 - [TEST_STEP][PASSED] - Statement - PreSaveFile = new java.io.File(((pathPrefix + java.lang.Integer.toString(counter)) + .png)): null

2018-12-13 15:24:09 - [TEST_STEP][PASSED] - Statement - counter = counter + 1: null

2018-12-13 15:24:09 - [TEST_STEP][PASSED] - Statement - PreSaveFile = new java.io.File(((pathPrefix + java.lang.Integer.toString(counter)) + .png)): null

2018-12-13 15:24:09 - [TEST_STEP][PASSED] - Statement - counter = counter + 1: null

2018-12-13 15:24:09 - [TEST_STEP][PASSED] - Statement - PreSaveFile = new java.io.File(((pathPrefix + java.lang.Integer.toString(counter)) + .png)): null

2018-12-13 15:24:09 - [TEST_STEP][PASSED] - Statement - counter = counter + 1: null

2018-12-13 15:24:09 - [TEST_STEP][PASSED] - Statement - PreSaveFile = new java.io.File(((pathPrefix + java.lang.Integer.toString(counter)) + .png)): null

2018-12-13 15:24:09 - [TEST_STEP][PASSED] - Statement - counter = counter + 1: null

2018-12-13 15:24:09 - [TEST_STEP][PASSED] - Statement - PreSaveFile = new java.io.File(((pathPrefix + java.lang.Integer.toString(counter)) + .png)): null

2018-12-13 15:24:09 - [TEST_STEP][PASSED] - Statement - counter = counter + 1: null

2018-12-13 15:24:09 - [TEST_STEP][PASSED] - Statement - PreSaveFile = new java.io.File(((pathPrefix + java.lang.Integer.toString(counter)) + .png)): null

2018-12-13 15:24:09 - [TEST_STEP][PASSED] - Statement - counter = counter + 1: null

2018-12-13 15:24:09 - [TEST_STEP][PASSED] - Statement - PreSaveFile = new java.io.File(((pathPrefix + java.lang.Integer.toString(counter)) + .png)): null

2018-12-13 15:24:09 - [TEST_STEP][PASSED] - Statement - counter = counter + 1: null

2018-12-13 15:24:09 - [TEST_STEP][PASSED] - Statement - PreSaveFile = new java.io.File(((pathPrefix + java.lang.Integer.toString(counter)) + .png)): null

2018-12-13 15:24:09 - [TEST_STEP][PASSED] - Statement - counter = counter + 1: null

2018-12-13 15:24:09 - [TEST_STEP][PASSED] - Statement - PreSaveFile = new java.io.File(((pathPrefix + java.lang.Integer.toString(counter)) + .png)): null

2018-12-13 15:24:10 - [TEST_STEP][PASSED] - Statement - counter = counter + 1: null

2018-12-13 15:24:10 - [TEST_STEP][PASSED] - Statement - PreSaveFile = new java.io.File(((pathPrefix + java.lang.Integer.toString(counter)) + .png)): null

2018-12-13 15:24:10 - [TEST_STEP][PASSED] - Statement - counter = counter + 1: null

2018-12-13 15:24:10 - [TEST_STEP][PASSED] - Statement - PreSaveFile = new java.io.File(((pathPrefix + java.lang.Integer.toString(counter)) + .png)): null

2018-12-13 15:24:10 - [TEST_STEP][PASSED] - Statement - counter = counter + 1: null

2018-12-13 15:24:10 - [TEST_STEP][PASSED] - Statement - PreSaveFile = new java.io.File(((pathPrefix + java.lang.Integer.toString(counter)) + .png)): null

2018-12-13 15:24:10 - [TEST_STEP][PASSED] - Statement - counter = counter + 1: null

2018-12-13 15:24:10 - [TEST_STEP][PASSED] - Statement - PreSaveFile = new java.io.File(((pathPrefix + java.lang.Integer.toString(counter)) + .png)): null

2018-12-13 15:24:10 - [TEST_STEP][PASSED] - Statement - counter = counter + 1: null

2018-12-13 15:24:10 - [TEST_STEP][PASSED] - Statement - PreSaveFile = new java.io.File(((pathPrefix + java.lang.Integer.toString(counter)) + .png)): null

2018-12-13 15:24:10 - [TEST_STEP][PASSED] - Statement - counter = counter + 1: null

2018-12-13 15:24:10 - [TEST_STEP][PASSED] - Statement - PreSaveFile = new java.io.File(((pathPrefix + java.lang.Integer.toString(counter)) + .png)): null

2018-12-13 15:24:10 - [TEST_STEP][PASSED] - Statement - counter = counter + 1: null

2018-12-13 15:24:10 - [TEST_STEP][PASSED] - Statement - PreSaveFile = new java.io.File(((pathPrefix + java.lang.Integer.toString(counter)) + .png)): null

2018-12-13 15:24:10 - [TEST_STEP][PASSED] - Statement - counter = counter + 1: null

2018-12-13 15:24:10 - [TEST_STEP][PASSED] - Statement - PreSaveFile = new java.io.File(((pathPrefix + java.lang.Integer.toString(counter)) + .png)): null

2018-12-13 15:24:10 - [TEST_STEP][PASSED] - Statement - counter = counter + 1: null

2018-12-13 15:24:10 - [TEST_STEP][PASSED] - Statement - PreSaveFile = new java.io.File(((pathPrefix + java.lang.Integer.toString(counter)) + .png)): null

2018-12-13 15:24:10 - [TEST_STEP][PASSED] - Statement - counter = counter + 1: null

2018-12-13 15:24:10 - [TEST_STEP][PASSED] - Statement - PreSaveFile = new java.io.File(((pathPrefix + java.lang.Integer.toString(counter)) + .png)): null

2018-12-13 15:24:10 - [TEST_STEP][PASSED] - Statement - counter = counter + 1: null

2018-12-13 15:24:10 - [TEST_STEP][PASSED] - Statement - PreSaveFile = new java.io.File(((pathPrefix + java.lang.Integer.toString(counter)) + .png)): null

2018-12-13 15:24:10 - [TEST_STEP][PASSED] - Statement - counter = counter + 1: null

2018-12-13 15:24:10 - [TEST_STEP][PASSED] - Statement - PreSaveFile = new java.io.File(((pathPrefix + java.lang.Integer.toString(counter)) + .png)): null

2018-12-13 15:24:10 - [TEST_STEP][PASSED] - Statement - counter = counter + 1: null

2018-12-13 15:24:10 - [TEST_STEP][PASSED] - Statement - PreSaveFile = new java.io.File(((pathPrefix + java.lang.Integer.toString(counter)) + .png)): null

2018-12-13 15:24:10 - [TEST_STEP][PASSED] - Statement - counter = counter + 1: null

2018-12-13 15:24:10 - [TEST_STEP][PASSED] - Statement - PreSaveFile = new java.io.File(((pathPrefix + java.lang.Integer.toString(counter)) + .png)): null

2018-12-13 15:24:10 - [TEST_STEP][PASSED] - Statement - counter = counter + 1: null

2018-12-13 15:24:10 - [TEST_STEP][PASSED] - Statement - PreSaveFile = new java.io.File(((pathPrefix + java.lang.Integer.toString(counter)) + .png)): null

2018-12-13 15:24:10 - [TEST_STEP][PASSED] - Statement - counter = counter + 1: null

2018-12-13 15:24:10 - [TEST_STEP][PASSED] - Statement - PreSaveFile = new java.io.File(((pathPrefix + java.lang.Integer.toString(counter)) + .png)): null

2018-12-13 15:24:10 - [TEST_STEP][PASSED] - Statement - counter = counter + 1: null

2018-12-13 15:24:10 - [TEST_STEP][PASSED] - Statement - PreSaveFile = new java.io.File(((pathPrefix + java.lang.Integer.toString(counter)) + .png)): null

2018-12-13 15:24:10 - [TEST_STEP][PASSED] - Statement - counter = counter + 1: null

2018-12-13 15:24:10 - [TEST_STEP][PASSED] - Statement - PreSaveFile = new java.io.File(((pathPrefix + java.lang.Integer.toString(counter)) + .png)): null

2018-12-13 15:24:10 - [TEST_STEP][PASSED] - Statement - counter = counter + 1: null

2018-12-13 15:24:10 - [TEST_STEP][PASSED] - Statement - PreSaveFile = new java.io.File(((pathPrefix + java.lang.Integer.toString(counter)) + .png)): null

2018-12-13 15:24:10 - [TEST_STEP][PASSED] - Statement - counter = counter + 1: null

2018-12-13 15:24:10 - [TEST_STEP][PASSED] - Statement - PreSaveFile = new java.io.File(((pathPrefix + java.lang.Integer.toString(counter)) + .png)): null

2018-12-13 15:24:10 - [TEST_STEP][PASSED] - Statement - counter = counter + 1: null

2018-12-13 15:24:10 - [TEST_STEP][PASSED] - Statement - PreSaveFile = new java.io.File(((pathPrefix + java.lang.Integer.toString(counter)) + .png)): null

2018-12-13 15:24:10 - [TEST_STEP][PASSED] - Statement - counter = counter + 1: null

2018-12-13 15:24:10 - [TEST_STEP][PASSED] - Statement - PreSaveFile = new java.io.File(((pathPrefix + java.lang.Integer.toString(counter)) + .png)): null

2018-12-13 15:24:10 - [TEST_STEP][PASSED] - Statement - counter = counter + 1: null

2018-12-13 15:24:10 - [TEST_STEP][PASSED] - Statement - PreSaveFile = new java.io.File(((pathPrefix + java.lang.Integer.toString(counter)) + .png)): null

2018-12-13 15:24:10 - [TEST_STEP][PASSED] - Statement - counter = counter + 1: null

2018-12-13 15:24:10 - [TEST_STEP][PASSED] - Statement - PreSaveFile = new java.io.File(((pathPrefix + java.lang.Integer.toString(counter)) + .png)): null

2018-12-13 15:24:10 - [TEST_STEP][PASSED] - Statement - counter = counter + 1: null

2018-12-13 15:24:10 - [TEST_STEP][PASSED] - Statement - PreSaveFile = new java.io.File(((pathPrefix + java.lang.Integer.toString(counter)) + .png)): null

2018-12-13 15:24:10 - [TEST_STEP][PASSED] - Statement - counter = counter + 1: null

2018-12-13 15:24:10 - [TEST_STEP][PASSED] - Statement - PreSaveFile = new java.io.File(((pathPrefix + java.lang.Integer.toString(counter)) + .png)): null

2018-12-13 15:24:10 - [TEST_STEP][PASSED] - Statement - counter = counter + 1: null

2018-12-13 15:24:10 - [TEST_STEP][PASSED] - Statement - PreSaveFile = new java.io.File(((pathPrefix + java.lang.Integer.toString(counter)) + .png)): null

2018-12-13 15:24:10 - [TEST_STEP][PASSED] - Statement - counter = counter + 1: null

2018-12-13 15:24:10 - [TEST_STEP][PASSED] - Statement - PreSaveFile = new java.io.File(((pathPrefix + java.lang.Integer.toString(counter)) + .png)): null

2018-12-13 15:24:10 - [TEST_STEP][PASSED] - Statement - counter = counter + 1: null

2018-12-13 15:24:10 - [TEST_STEP][PASSED] - Statement - PreSaveFile = new java.io.File(((pathPrefix + java.lang.Integer.toString(counter)) + .png)): null

2018-12-13 15:24:10 - [TEST_STEP][PASSED] - Statement - counter = counter + 1: null

2018-12-13 15:24:10 - [TEST_STEP][PASSED] - Statement - PreSaveFile = new java.io.File(((pathPrefix + java.lang.Integer.toString(counter)) + .png)): null

2018-12-13 15:24:10 - [TEST_STEP][PASSED] - Statement - counter = counter + 1: null

2018-12-13 15:24:10 - [TEST_STEP][PASSED] - Statement - PreSaveFile = new java.io.File(((pathPrefix + java.lang.Integer.toString(counter)) + .png)): null

2018-12-13 15:24:10 - [TEST_STEP][PASSED] - Statement - counter = counter + 1: null

2018-12-13 15:24:10 - [TEST_STEP][PASSED] - Statement - PreSaveFile = new java.io.File(((pathPrefix + java.lang.Integer.toString(counter)) + .png)): null

2018-12-13 15:24:10 - [TEST_STEP][PASSED] - Statement - counter = counter + 1: null

2018-12-13 15:24:10 - [TEST_STEP][PASSED] - Statement - PreSaveFile = new java.io.File(((pathPrefix + java.lang.Integer.toString(counter)) + .png)): null

2018-12-13 15:24:10 - [TEST_STEP][PASSED] - Statement - counter = counter + 1: null

2018-12-13 15:24:10 - [TEST_STEP][PASSED] - Statement - PreSaveFile = new java.io.File(((pathPrefix + java.lang.Integer.toString(counter)) + .png)): null

2018-12-13 15:24:10 - [TEST_STEP][PASSED] - Statement - counter = counter + 1: null

2018-12-13 15:24:10 - [TEST_STEP][PASSED] - Statement - PreSaveFile = new java.io.File(((pathPrefix + java.lang.Integer.toString(counter)) + .png)): null

2018-12-13 15:24:10 - [TEST_STEP][PASSED] - Statement - counter = counter + 1: null

2018-12-13 15:24:10 - [TEST_STEP][PASSED] - Statement - PreSaveFile = new java.io.File(((pathPrefix + java.lang.Integer.toString(counter)) + .png)): null

2018-12-13 15:24:10 - [TEST_STEP][PASSED] - Statement - counter = counter + 1: null

2018-12-13 15:24:10 - [TEST_STEP][PASSED] - Statement - PreSaveFile = new java.io.File(((pathPrefix + java.lang.Integer.toString(counter)) + .png)): null

2018-12-13 15:24:10 - [TEST_STEP][PASSED] - Statement - counter = counter + 1: null

2018-12-13 15:24:10 - [TEST_STEP][PASSED] - Statement - PreSaveFile = new java.io.File(((pathPrefix + java.lang.Integer.toString(counter)) + .png)): null

2018-12-13 15:24:10 - [TEST_STEP][PASSED] - Statement - counter = counter + 1: null

2018-12-13 15:24:10 - [TEST_STEP][PASSED] - Statement - PreSaveFile = new java.io.File(((pathPrefix + java.lang.Integer.toString(counter)) + .png)): null

2018-12-13 15:24:10 - [TEST_STEP][PASSED] - Statement - counter = counter + 1: null

2018-12-13 15:24:10 - [TEST_STEP][PASSED] - Statement - PreSaveFile = new java.io.File(((pathPrefix + java.lang.Integer.toString(counter)) + .png)): null

2018-12-13 15:24:10 - [TEST_STEP][PASSED] - Statement - counter = counter + 1: null

2018-12-13 15:24:10 - [TEST_STEP][PASSED] - Statement - PreSaveFile = new java.io.File(((pathPrefix + java.lang.Integer.toString(counter)) + .png)): null

2018-12-13 15:24:10 - [TEST_STEP][PASSED] - Statement - counter = counter + 1: null

2018-12-13 15:24:10 - [TEST_STEP][PASSED] - Statement - PreSaveFile = new java.io.File(((pathPrefix + java.lang.Integer.toString(counter)) + .png)): null

2018-12-13 15:24:10 - [TEST_STEP][PASSED] - Statement - counter = counter + 1: null

2018-12-13 15:24:10 - [TEST_STEP][PASSED] - Statement - PreSaveFile = new java.io.File(((pathPrefix + java.lang.Integer.toString(counter)) + .png)): null

2018-12-13 15:24:10 - [TEST_STEP][PASSED] - Statement - counter = counter + 1: null

2018-12-13 15:24:10 - [TEST_STEP][PASSED] - Statement - PreSaveFile = new java.io.File(((pathPrefix + java.lang.Integer.toString(counter)) + .png)): null

2018-12-13 15:24:10 - [TEST_STEP][PASSED] - Statement - counter = counter + 1: null

2018-12-13 15:24:10 - [TEST_STEP][PASSED] - Statement - PreSaveFile = new java.io.File(((pathPrefix + java.lang.Integer.toString(counter)) + .png)): null

2018-12-13 15:24:10 - [TEST_STEP][PASSED] - Statement - counter = counter + 1: null

2018-12-13 15:24:10 - [TEST_STEP][PASSED] - Statement - PreSaveFile = new java.io.File(((pathPrefix + java.lang.Integer.toString(counter)) + .png)): null

2018-12-13 15:24:10 - [TEST_STEP][PASSED] - Statement - counter = counter + 1: null

2018-12-13 15:24:10 - [TEST_STEP][PASSED] - Statement - PreSaveFile = new java.io.File(((pathPrefix + java.lang.Integer.toString(counter)) + .png)): null

2018-12-13 15:24:10 - [TEST_STEP][PASSED] - Statement - counter = counter + 1: null

2018-12-13 15:24:10 - [TEST_STEP][PASSED] - Statement - PreSaveFile = new java.io.File(((pathPrefix + java.lang.Integer.toString(counter)) + .png)): null

2018-12-13 15:24:10 - [TEST_STEP][PASSED] - Statement - counter = counter + 1: null

2018-12-13 15:24:10 - [TEST_STEP][PASSED] - Statement - PreSaveFile = new java.io.File(((pathPrefix + java.lang.Integer.toString(counter)) + .png)): null

2018-12-13 15:24:10 - [TEST_STEP][PASSED] - Statement - counter = counter + 1: null

2018-12-13 15:24:10 - [TEST_STEP][PASSED] - Statement - PreSaveFile = new java.io.File(((pathPrefix + java.lang.Integer.toString(counter)) + .png)): null

2018-12-13 15:24:10 - [TEST_STEP][PASSED] - Statement - counter = counter + 1: null

2018-12-13 15:24:10 - [TEST_STEP][PASSED] - Statement - PreSaveFile = new java.io.File(((pathPrefix + java.lang.Integer.toString(counter)) + .png)): null

2018-12-13 15:24:10 - [TEST_STEP][PASSED] - Statement - counter = counter + 1: null

2018-12-13 15:24:10 - [TEST_STEP][PASSED] - Statement - PreSaveFile = new java.io.File(((pathPrefix + java.lang.Integer.toString(counter)) + .png)): null

2018-12-13 15:24:10 - [TEST_STEP][PASSED] - Statement - counter = counter + 1: null

2018-12-13 15:24:10 - [TEST_STEP][PASSED] - Statement - PreSaveFile = new java.io.File(((pathPrefix + java.lang.Integer.toString(counter)) + .png)): null

2018-12-13 15:24:10 - [TEST_STEP][PASSED] - Statement - counter = counter + 1: null

2018-12-13 15:24:10 - [TEST_STEP][PASSED] - Statement - PreSaveFile = new java.io.File(((pathPrefix + java.lang.Integer.toString(counter)) + .png)): null

2018-12-13 15:24:10 - [TEST_STEP][PASSED] - Statement - counter = counter + 1: null

2018-12-13 15:24:10 - [TEST_STEP][PASSED] - Statement - PreSaveFile = new java.io.File(((pathPrefix + java.lang.Integer.toString(counter)) + .png)): null

2018-12-13 15:24:10 - [TEST_STEP][PASSED] - Statement - counter = counter + 1: null

2018-12-13 15:24:10 - [TEST_STEP][PASSED] - Statement - PreSaveFile = new java.io.File(((pathPrefix + java.lang.Integer.toString(counter)) + .png)): null

2018-12-13 15:24:10 - [TEST_STEP][PASSED] - Statement - counter = counter + 1: null

2018-12-13 15:24:10 - [TEST_STEP][PASSED] - Statement - PreSaveFile = new java.io.File(((pathPrefix + java.lang.Integer.toString(counter)) + .png)): null

2018-12-13 15:24:10 - [TEST_STEP][PASSED] - Statement - counter = counter + 1: null

2018-12-13 15:24:10 - [TEST_STEP][PASSED] - Statement - PreSaveFile = new java.io.File(((pathPrefix + java.lang.Integer.toString(counter)) + .png)): null

2018-12-13 15:24:10 - [TEST_STEP][PASSED] - Statement - counter = counter + 1: null

2018-12-13 15:24:10 - [TEST_STEP][PASSED] - Statement - PreSaveFile = new java.io.File(((pathPrefix + java.lang.Integer.toString(counter)) + .png)): null

2018-12-13 15:24:10 - [TEST_STEP][PASSED] - Statement - counter = counter + 1: null

2018-12-13 15:24:10 - [TEST_STEP][PASSED] - Statement - PreSaveFile = new java.io.File(((pathPrefix + java.lang.Integer.toString(counter)) + .png)): null

2018-12-13 15:24:10 - [TEST_STEP][PASSED] - Statement - counter = counter + 1: null

2018-12-13 15:24:10 - [TEST_STEP][PASSED] - Statement - PreSaveFile = new java.io.File(((pathPrefix + java.lang.Integer.toString(counter)) + .png)): null

2018-12-13 15:24:10 - [TEST_STEP][PASSED] - Statement - counter = counter + 1: null

2018-12-13 15:24:10 - [TEST_STEP][PASSED] - Statement - PreSaveFile = new java.io.File(((pathPrefix + java.lang.Integer.toString(counter)) + .png)): null

2018-12-13 15:24:10 - [TEST_STEP][PASSED] - Statement - counter = counter + 1: null

2018-12-13 15:24:10 - [TEST_STEP][PASSED] - Statement - PreSaveFile = new java.io.File(((pathPrefix + java.lang.Integer.toString(counter)) + .png)): null

2018-12-13 15:24:10 - [TEST_STEP][PASSED] - Statement - counter = counter + 1: null

2018-12-13 15:24:10 - [TEST_STEP][PASSED] - Statement - PreSaveFile = new java.io.File(((pathPrefix + java.lang.Integer.toString(counter)) + .png)): null

2018-12-13 15:24:10 - [TEST_STEP][PASSED] - Statement - counter = counter + 1: null

2018-12-13 15:24:10 - [TEST_STEP][PASSED] - Statement - PreSaveFile = new java.io.File(((pathPrefix + java.lang.Integer.toString(counter)) + .png)): null

2018-12-13 15:24:10 - [TEST_STEP][PASSED] - Statement - counter = counter + 1: null

2018-12-13 15:24:10 - [TEST_STEP][PASSED] - Statement - PreSaveFile = new java.io.File(((pathPrefix + java.lang.Integer.toString(counter)) + .png)): null

2018-12-13 15:24:10 - [TEST_STEP][PASSED] - Statement - counter = counter + 1: null

2018-12-13 15:24:10 - [TEST_STEP][PASSED] - Statement - PreSaveFile = new java.io.File(((pathPrefix + java.lang.Integer.toString(counter)) + .png)): null

2018-12-13 15:24:10 - [TEST_STEP][PASSED] - Statement - counter = counter + 1: null

2018-12-13 15:24:10 - [TEST_STEP][PASSED] - Statement - PreSaveFile = new java.io.File(((pathPrefix + java.lang.Integer.toString(counter)) + .png)): null

2018-12-13 15:24:10 - [TEST_STEP][PASSED] - Statement - counter = counter + 1: null

2018-12-13 15:24:10 - [TEST_STEP][PASSED] - Statement - PreSaveFile = new java.io.File(((pathPrefix + java.lang.Integer.toString(counter)) + .png)): null

2018-12-13 15:24:10 - [TEST_STEP][PASSED] - Statement - counter = counter + 1: null

2018-12-13 15:24:10 - [TEST_STEP][PASSED] - Statement - PreSaveFile = new java.io.File(((pathPrefix + java.lang.Integer.toString(counter)) + .png)): null

2018-12-13 15:24:10 - [TEST_STEP][PASSED] - Statement - counter = counter + 1: null

2018-12-13 15:24:10 - [TEST_STEP][PASSED] - Statement - PreSaveFile = new java.io.File(((pathPrefix + java.lang.Integer.toString(counter)) + .png)): null

2018-12-13 15:24:10 - [TEST_STEP][PASSED] - Statement - counter = counter + 1: null

2018-12-13 15:24:10 - [TEST_STEP][PASSED] - Statement - PreSaveFile = new java.io.File(((pathPrefix + java.lang.Integer.toString(counter)) + .png)): null

2018-12-13 15:24:10 - [TEST_STEP][PASSED] - Statement - counter = counter + 1: null

2018-12-13 15:24:10 - [TEST_STEP][PASSED] - Statement - PreSaveFile = new java.io.File(((pathPrefix + java.lang.Integer.toString(counter)) + .png)): null

2018-12-13 15:24:10 - [TEST_STEP][PASSED] - Statement - counter = counter + 1: null

2018-12-13 15:24:10 - [TEST_STEP][PASSED] - Statement - PreSaveFile = new java.io.File(((pathPrefix + java.lang.Integer.toString(counter)) + .png)): null

2018-12-13 15:24:10 - [TEST_STEP][PASSED] - Statement - counter = counter + 1: null

2018-12-13 15:24:10 - [TEST_STEP][PASSED] - Statement - PreSaveFile = new java.io.File(((pathPrefix + java.lang.Integer.toString(counter)) + .png)): null

2018-12-13 15:24:10 - [TEST_STEP][PASSED] - Statement - counter = counter + 1: null

2018-12-13 15:24:10 - [TEST_STEP][PASSED] - Statement - PreSaveFile = new java.io.File(((pathPrefix + java.lang.Integer.toString(counter)) + .png)): null

2018-12-13 15:24:10 - [TEST_STEP][PASSED] - Statement - counter = counter + 1: null

2018-12-13 15:24:10 - [TEST_STEP][PASSED] - Statement - PreSaveFile = new java.io.File(((pathPrefix + java.lang.Integer.toString(counter)) + .png)): null

2018-12-13 15:24:10 - [TEST_STEP][PASSED] - Statement - counter = counter + 1: null

2018-12-13 15:24:10 - [TEST_STEP][PASSED] - Statement - PreSaveFile = new java.io.File(((pathPrefix + java.lang.Integer.toString(counter)) + .png)): null

2018-12-13 15:24:10 - [TEST_STEP][PASSED] - Statement - counter = counter + 1: null

2018-12-13 15:24:10 - [TEST_STEP][PASSED] - Statement - PreSaveFile = new java.io.File(((pathPrefix + java.lang.Integer.toString(counter)) + .png)): null

2018-12-13 15:24:10 - [TEST_STEP][PASSED] - Statement - counter = counter + 1: null

2018-12-13 15:24:10 - [TEST_STEP][PASSED] - Statement - PreSaveFile = new java.io.File(((pathPrefix + java.lang.Integer.toString(counter)) + .png)): null

2018-12-13 15:24:10 - [TEST_STEP][PASSED] - Statement - counter = counter + 1: null

2018-12-13 15:24:10 - [TEST_STEP][PASSED] - Statement - PreSaveFile = new java.io.File(((pathPrefix + java.lang.Integer.toString(counter)) + .png)): null

2018-12-13 15:24:10 - [TEST_STEP][PASSED] - Statement - counter = counter + 1: null

2018-12-13 15:24:10 - [TEST_STEP][PASSED] - Statement - PreSaveFile = new java.io.File(((pathPrefix + java.lang.Integer.toString(counter)) + .png)): null

2018-12-13 15:24:10 - [TEST_STEP][PASSED] - Statement - counter = counter + 1: null

2018-12-13 15:24:10 - [TEST_STEP][PASSED] - Statement - PreSaveFile = new java.io.File(((pathPrefix + java.lang.Integer.toString(counter)) + .png)): null

2018-12-13 15:24:10 - [TEST_STEP][PASSED] - Statement - counter = counter + 1: null

2018-12-13 15:24:10 - [TEST_STEP][PASSED] - Statement - PreSaveFile = new java.io.File(((pathPrefix + java.lang.Integer.toString(counter)) + .png)): null

2018-12-13 15:24:10 - [TEST_STEP][PASSED] - Statement - counter = counter + 1: null

2018-12-13 15:24:10 - [TEST_STEP][PASSED] - Statement - PreSaveFile = new java.io.File(((pathPrefix + java.lang.Integer.toString(counter)) + .png)): null

2018-12-13 15:24:10 - [TEST_STEP][PASSED] - Statement - counter = counter + 1: null

2018-12-13 15:24:10 - [TEST_STEP][PASSED] - Statement - PreSaveFile = new java.io.File(((pathPrefix + java.lang.Integer.toString(counter)) + .png)): null

2018-12-13 15:24:10 - [TEST_STEP][PASSED] - Statement - counter = counter + 1: null

2018-12-13 15:24:10 - [TEST_STEP][PASSED] - Statement - PreSaveFile = new java.io.File(((pathPrefix + java.lang.Integer.toString(counter)) + .png)): null

2018-12-13 15:24:10 - [TEST_STEP][PASSED] - Statement - counter = counter + 1: null

2018-12-13 15:24:10 - [TEST_STEP][PASSED] - Statement - PreSaveFile = new java.io.File(((pathPrefix + java.lang.Integer.toString(counter)) + .png)): null

2018-12-13 15:24:10 - [TEST_STEP][PASSED] - Statement - counter = counter + 1: null

2018-12-13 15:24:10 - [TEST_STEP][PASSED] - Statement - PreSaveFile = new java.io.File(((pathPrefix + java.lang.Integer.toString(counter)) + .png)): null

2018-12-13 15:24:10 - [TEST_STEP][PASSED] - Statement - counter = counter + 1: null

2018-12-13 15:24:10 - [TEST_STEP][PASSED] - Statement - PreSaveFile = new java.io.File(((pathPrefix + java.lang.Integer.toString(counter)) + .png)): null

2018-12-13 15:24:10 - [TEST_STEP][PASSED] - Statement - counter = counter + 1: null

2018-12-13 15:24:10 - [TEST_STEP][PASSED] - Statement - PreSaveFile = new java.io.File(((pathPrefix + java.lang.Integer.toString(counter)) + .png)): null

2018-12-13 15:24:10 - [TEST_STEP][PASSED] - Statement - counter = counter + 1: null

2018-12-13 15:24:10 - [TEST_STEP][PASSED] - Statement - PreSaveFile = new java.io.File(((pathPrefix + java.lang.Integer.toString(counter)) + .png)): null

2018-12-13 15:24:10 - [TEST_STEP][PASSED] - Statement - counter = counter + 1: null

2018-12-13 15:24:10 - [TEST_STEP][PASSED] - Statement - PreSaveFile = new java.io.File(((pathPrefix + java.lang.Integer.toString(counter)) + .png)): null

2018-12-13 15:24:10 - [TEST_STEP][PASSED] - Statement - counter = counter + 1: null

2018-12-13 15:24:10 - [TEST_STEP][PASSED] - Statement - PreSaveFile = new java.io.File(((pathPrefix + java.lang.Integer.toString(counter)) + .png)): null

2018-12-13 15:24:10 - [TEST_STEP][PASSED] - Statement - counter = counter + 1: null

2018-12-13 15:24:10 - [TEST_STEP][PASSED] - Statement - PreSaveFile = new java.io.File(((pathPrefix + java.lang.Integer.toString(counter)) + .png)): null

2018-12-13 15:24:10 - [TEST_STEP][PASSED] - Statement - counter = counter + 1: null

2018-12-13 15:24:10 - [TEST_STEP][PASSED] - Statement - PreSaveFile = new java.io.File(((pathPrefix + java.lang.Integer.toString(counter)) + .png)): null

2018-12-13 15:24:10 - [TEST_STEP][PASSED] - Statement - counter = counter + 1: null

2018-12-13 15:24:10 - [TEST_STEP][PASSED] - Statement - PreSaveFile = new java.io.File(((pathPrefix + java.lang.Integer.toString(counter)) + .png)): null

2018-12-13 15:24:10 - [TEST_STEP][PASSED] - Statement - counter = counter + 1: null

2018-12-13 15:24:10 - [TEST_STEP][PASSED] - Statement - PreSaveFile = new java.io.File(((pathPrefix + java.lang.Integer.toString(counter)) + .png)): null

2018-12-13 15:24:10 - [TEST_STEP][PASSED] - Statement - counter = counter + 1: null

2018-12-13 15:24:10 - [TEST_STEP][PASSED] - Statement - PreSaveFile = new java.io.File(((pathPrefix + java.lang.Integer.toString(counter)) + .png)): null

2018-12-13 15:24:10 - [TEST_STEP][PASSED] - Statement - counter = counter + 1: null

2018-12-13 15:24:10 - [TEST_STEP][PASSED] - Statement - PreSaveFile = new java.io.File(((pathPrefix + java.lang.Integer.toString(counter)) + .png)): null

2018-12-13 15:24:10 - [TEST_STEP][PASSED] - Statement - counter = counter + 1: null

2018-12-13 15:24:10 - [TEST_STEP][PASSED] - Statement - PreSaveFile = new java.io.File(((pathPrefix + java.lang.Integer.toString(counter)) + .png)): null

2018-12-13 15:24:10 - [TEST_STEP][PASSED] - Statement - counter = counter + 1: null

2018-12-13 15:24:10 - [TEST_STEP][PASSED] - Statement - PreSaveFile = new java.io.File(((pathPrefix + java.lang.Integer.toString(counter)) + .png)): null

2018-12-13 15:24:10 - [TEST_STEP][PASSED] - Statement - counter = counter + 1: null

2018-12-13 15:24:10 - [TEST_STEP][PASSED] - Statement - PreSaveFile = new java.io.File(((pathPrefix + java.lang.Integer.toString(counter)) + .png)): null

2018-12-13 15:24:10 - [TEST_STEP][PASSED] - Statement - counter = counter + 1: null

2018-12-13 15:24:10 - [TEST_STEP][PASSED] - Statement - PreSaveFile = new java.io.File(((pathPrefix + java.lang.Integer.toString(counter)) + .png)): null

2018-12-13 15:24:10 - [TEST_STEP][PASSED] - Statement - counter = counter + 1: null

2018-12-13 15:24:10 - [TEST_STEP][PASSED] - Statement - PreSaveFile = new java.io.File(((pathPrefix + java.lang.Integer.toString(counter)) + .png)): null

2018-12-13 15:24:10 - [TEST_STEP][PASSED] - Statement - counter = counter + 1: null

2018-12-13 15:24:10 - [TEST_STEP][PASSED] - Statement - PreSaveFile = new java.io.File(((pathPrefix + java.lang.Integer.toString(counter)) + .png)): null

2018-12-13 15:24:10 - [TEST_STEP][PASSED] - Statement - counter = counter + 1: null

2018-12-13 15:24:10 - [TEST_STEP][PASSED] - Statement - PreSaveFile = new java.io.File(((pathPrefix + java.lang.Integer.toString(counter)) + .png)): null

2018-12-13 15:24:10 - [TEST_STEP][PASSED] - Statement - counter = counter + 1: null

2018-12-13 15:24:10 - [TEST_STEP][PASSED] - Statement - PreSaveFile = new java.io.File(((pathPrefix + java.lang.Integer.toString(counter)) + .png)): null

2018-12-13 15:24:10 - [TEST_STEP][PASSED] - Statement - counter = counter + 1: null

2018-12-13 15:24:10 - [TEST_STEP][PASSED] - Statement - PreSaveFile = new java.io.File(((pathPrefix + java.lang.Integer.toString(counter)) + .png)): null

2018-12-13 15:24:10 - [TEST_STEP][PASSED] - Statement - counter = counter + 1: null

2018-12-13 15:24:10 - [TEST_STEP][PASSED] - Statement - PreSaveFile = new java.io.File(((pathPrefix + java.lang.Integer.toString(counter)) + .png)): null

2018-12-13 15:24:10 - [TEST_STEP][PASSED] - Statement - counter = counter + 1: null

2018-12-13 15:24:10 - [TEST_STEP][PASSED] - Statement - PreSaveFile = new java.io.File(((pathPrefix + java.lang.Integer.toString(counter)) + .png)): null

2018-12-13 15:24:10 - [TEST_STEP][PASSED] - Statement - counter = counter + 1: null

2018-12-13 15:24:10 - [TEST_STEP][PASSED] - Statement - PreSaveFile = new java.io.File(((pathPrefix + java.lang.Integer.toString(counter)) + .png)): null

2018-12-13 15:24:10 - [TEST_STEP][PASSED] - Statement - counter = counter + 1: null

2018-12-13 15:24:10 - [TEST_STEP][PASSED] - Statement - PreSaveFile = new java.io.File(((pathPrefix + java.lang.Integer.toString(counter)) + .png)): null

2018-12-13 15:24:10 - [TEST_STEP][PASSED] - Statement - counter = counter + 1: null

2018-12-13 15:24:10 - [TEST_STEP][PASSED] - Statement - PreSaveFile = new java.io.File(((pathPrefix + java.lang.Integer.toString(counter)) + .png)): null

2018-12-13 15:24:10 - [TEST_STEP][PASSED] - Statement - counter = counter + 1: null

2018-12-13 15:24:10 - [TEST_STEP][PASSED] - Statement - PreSaveFile = new java.io.File(((pathPrefix + java.lang.Integer.toString(counter)) + .png)): null

2018-12-13 15:24:10 - [TEST_STEP][PASSED] - Statement - counter = counter + 1: null

2018-12-13 15:24:10 - [TEST_STEP][PASSED] - Statement - PreSaveFile = new java.io.File(((pathPrefix + java.lang.Integer.toString(counter)) + .png)): null

2018-12-13 15:24:10 - [TEST_STEP][PASSED] - Statement - counter = counter + 1: null

2018-12-13 15:24:10 - [TEST_STEP][PASSED] - Statement - PreSaveFile = new java.io.File(((pathPrefix + java.lang.Integer.toString(counter)) + .png)): null

2018-12-13 15:24:10 - [TEST_STEP][PASSED] - Statement - counter = counter + 1: null

2018-12-13 15:24:10 - [TEST_STEP][PASSED] - Statement - PreSaveFile = new java.io.File(((pathPrefix + java.lang.Integer.toString(counter)) + .png)): null

2018-12-13 15:24:10 - [TEST_STEP][PASSED] - Statement - counter = counter + 1: null

2018-12-13 15:24:10 - [TEST_STEP][PASSED] - Statement - PreSaveFile = new java.io.File(((pathPrefix + java.lang.Integer.toString(counter)) + .png)): null

2018-12-13 15:24:10 - [TEST_STEP][PASSED] - Statement - counter = counter + 1: null

2018-12-13 15:24:10 - [TEST_STEP][PASSED] - Statement - PreSaveFile = new java.io.File(((pathPrefix + java.lang.Integer.toString(counter)) + .png)): null

2018-12-13 15:24:10 - [TEST_STEP][PASSED] - Statement - counter = counter + 1: null

2018-12-13 15:24:10 - [TEST_STEP][PASSED] - Statement - PreSaveFile = new java.io.File(((pathPrefix + java.lang.Integer.toString(counter)) + .png)): null

2018-12-13 15:24:10 - [TEST_STEP][PASSED] - Statement - counter = counter + 1: null

2018-12-13 15:24:10 - [TEST_STEP][PASSED] - Statement - PreSaveFile = new java.io.File(((pathPrefix + java.lang.Integer.toString(counter)) + .png)): null

2018-12-13 15:24:10 - [TEST_STEP][PASSED] - Statement - counter = counter + 1: null

2018-12-13 15:24:10 - [TEST_STEP][PASSED] - Statement - PreSaveFile = new java.io.File(((pathPrefix + java.lang.Integer.toString(counter)) + .png)): null

2018-12-13 15:24:10 - [TEST_STEP][PASSED] - Statement - counter = counter + 1: null

2018-12-13 15:24:10 - [TEST_STEP][PASSED] - Statement - PreSaveFile = new java.io.File(((pathPrefix + java.lang.Integer.toString(counter)) + .png)): null

2018-12-13 15:24:10 - [TEST_STEP][PASSED] - Statement - counter = counter + 1: null

2018-12-13 15:24:10 - [TEST_STEP][PASSED] - Statement - PreSaveFile = new java.io.File(((pathPrefix + java.lang.Integer.toString(counter)) + .png)): null

2018-12-13 15:24:10 - [TEST_STEP][PASSED] - Statement - counter = counter + 1: null

2018-12-13 15:24:10 - [TEST_STEP][PASSED] - Statement - PreSaveFile = new java.io.File(((pathPrefix + java.lang.Integer.toString(counter)) + .png)): null

2018-12-13 15:24:10 - [TEST_STEP][PASSED] - Statement - counter = counter + 1: null

2018-12-13 15:24:10 - [TEST_STEP][PASSED] - Statement - PreSaveFile = new java.io.File(((pathPrefix + java.lang.Integer.toString(counter)) + .png)): null

2018-12-13 15:24:10 - [TEST_STEP][PASSED] - Statement - counter = counter + 1: null

2018-12-13 15:24:10 - [TEST_STEP][PASSED] - Statement - PreSaveFile = new java.io.File(((pathPrefix + java.lang.Integer.toString(counter)) + .png)): null

2018-12-13 15:24:10 - [TEST_STEP][PASSED] - Statement - counter = counter + 1: null

2018-12-13 15:24:10 - [TEST_STEP][PASSED] - Statement - PreSaveFile = new java.io.File(((pathPrefix + java.lang.Integer.toString(counter)) + .png)): null

2018-12-13 15:24:10 - [TEST_STEP][PASSED] - Statement - counter = counter + 1: null

2018-12-13 15:24:10 - [TEST_STEP][PASSED] - Statement - PreSaveFile = new java.io.File(((pathPrefix + java.lang.Integer.toString(counter)) + .png)): null

2018-12-13 15:24:10 - [TEST_STEP][PASSED] - Statement - counter = counter + 1: null

2018-12-13 15:24:10 - [TEST_STEP][PASSED] - Statement - PreSaveFile = new java.io.File(((pathPrefix + java.lang.Integer.toString(counter)) + .png)): null

2018-12-13 15:24:10 - [TEST_STEP][PASSED] - Statement - counter = counter + 1: null

2018-12-13 15:24:10 - [TEST_STEP][PASSED] - Statement - PreSaveFile = new java.io.File(((pathPrefix + java.lang.Integer.toString(counter)) + .png)): null

2018-12-13 15:24:10 - [TEST_STEP][PASSED] - Statement - counter = counter + 1: null

2018-12-13 15:24:10 - [TEST_STEP][PASSED] - Statement - PreSaveFile = new java.io.File(((pathPrefix + java.lang.Integer.toString(counter)) + .png)): null

2018-12-13 15:24:10 - [TEST_STEP][PASSED] - Statement - counter = counter + 1: null

2018-12-13 15:24:10 - [TEST_STEP][PASSED] - Statement - PreSaveFile = new java.io.File(((pathPrefix + java.lang.Integer.toString(counter)) + .png)): null

2018-12-13 15:24:10 - [TEST_STEP][PASSED] - Statement - counter = counter + 1: null

2018-12-13 15:24:10 - [TEST_STEP][PASSED] - Statement - PreSaveFile = new java.io.File(((pathPrefix + java.lang.Integer.toString(counter)) + .png)): null

2018-12-13 15:24:10 - [TEST_STEP][PASSED] - Statement - counter = counter + 1: null

2018-12-13 15:24:10 - [TEST_STEP][PASSED] - Statement - PreSaveFile = new java.io.File(((pathPrefix + java.lang.Integer.toString(counter)) + .png)): null

2018-12-13 15:24:10 - [TEST_STEP][PASSED] - Statement - counter = counter + 1: null

2018-12-13 15:24:10 - [TEST_STEP][PASSED] - Statement - PreSaveFile = new java.io.File(((pathPrefix + java.lang.Integer.toString(counter)) + .png)): null

2018-12-13 15:24:10 - [TEST_STEP][PASSED] - Statement - counter = counter + 1: null

2018-12-13 15:24:10 - [TEST_STEP][PASSED] - Statement - PreSaveFile = new java.io.File(((pathPrefix + java.lang.Integer.toString(counter)) + .png)): null

2018-12-13 15:24:10 - [TEST_STEP][PASSED] - Statement - counter = counter + 1: null

2018-12-13 15:24:10 - [TEST_STEP][PASSED] - Statement - PreSaveFile = new java.io.File(((pathPrefix + java.lang.Integer.toString(counter)) + .png)): null

2018-12-13 15:24:10 - [TEST_STEP][PASSED] - Statement - counter = counter + 1: null

2018-12-13 15:24:10 - [TEST_STEP][PASSED] - Statement - PreSaveFile = new java.io.File(((pathPrefix + java.lang.Integer.toString(counter)) + .png)): null

2018-12-13 15:24:10 - [TEST_STEP][PASSED] - Statement - counter = counter + 1: null

2018-12-13 15:24:10 - [TEST_STEP][PASSED] - Statement - PreSaveFile = new java.io.File(((pathPrefix + java.lang.Integer.toString(counter)) + .png)): null

2018-12-13 15:24:10 - [TEST_STEP][PASSED] - Statement - counter = counter + 1: null

2018-12-13 15:24:10 - [TEST_STEP][PASSED] - Statement - PreSaveFile = new java.io.File(((pathPrefix + java.lang.Integer.toString(counter)) + .png)): null

2018-12-13 15:24:10 - [TEST_STEP][PASSED] - Statement - counter = counter + 1: null

2018-12-13 15:24:10 - [TEST_STEP][PASSED] - Statement - PreSaveFile = new java.io.File(((pathPrefix + java.lang.Integer.toString(counter)) + .png)): null

2018-12-13 15:24:10 - [TEST_STEP][PASSED] - Statement - counter = counter + 1: null

2018-12-13 15:24:10 - [TEST_STEP][PASSED] - Statement - PreSaveFile = new java.io.File(((pathPrefix + java.lang.Integer.toString(counter)) + .png)): null

2018-12-13 15:24:10 - [TEST_STEP][PASSED] - Statement - counter = counter + 1: null

2018-12-13 15:24:10 - [TEST_STEP][PASSED] - Statement - PreSaveFile = new java.io.File(((pathPrefix + java.lang.Integer.toString(counter)) + .png)): null

2018-12-13 15:24:10 - [TEST_STEP][PASSED] - Statement - counter = counter + 1: null

2018-12-13 15:24:10 - [TEST_STEP][PASSED] - Statement - PreSaveFile = new java.io.File(((pathPrefix + java.lang.Integer.toString(counter)) + .png)): null

2018-12-13 15:24:10 - [TEST_STEP][PASSED] - Statement - counter = counter + 1: null

2018-12-13 15:24:10 - [TEST_STEP][PASSED] - Statement - PreSaveFile = new java.io.File(((pathPrefix + java.lang.Integer.toString(counter)) + .png)): null

2018-12-13 15:24:10 - [TEST_STEP][PASSED] - Statement - counter = counter + 1: null

2018-12-13 15:24:10 - [TEST_STEP][PASSED] - Statement - PreSaveFile = new java.io.File(((pathPrefix + java.lang.Integer.toString(counter)) + .png)): null

2018-12-13 15:24:10 - [TEST_STEP][PASSED] - Statement - counter = counter + 1: null

2018-12-13 15:24:10 - [TEST_STEP][PASSED] - Statement - PreSaveFile = new java.io.File(((pathPrefix + java.lang.Integer.toString(counter)) + .png)): null

2018-12-13 15:24:10 - [TEST_STEP][PASSED] - Statement - counter = counter + 1: null

2018-12-13 15:24:10 - [TEST_STEP][PASSED] - Statement - PreSaveFile = new java.io.File(((pathPrefix + java.lang.Integer.toString(counter)) + .png)): null

2018-12-13 15:24:10 - [TEST_STEP][PASSED] - Statement - counter = counter + 1: null

2018-12-13 15:24:10 - [TEST_STEP][PASSED] - Statement - PreSaveFile = new java.io.File(((pathPrefix + java.lang.Integer.toString(counter)) + .png)): null

2018-12-13 15:24:10 - [TEST_STEP][PASSED] - Statement - counter = counter + 1: null

2018-12-13 15:24:10 - [TEST_STEP][PASSED] - Statement - PreSaveFile = new java.io.File(((pathPrefix + java.lang.Integer.toString(counter)) + .png)): null

2018-12-13 15:24:10 - [TEST_STEP][PASSED] - Statement - counter = counter + 1: null

2018-12-13 15:24:10 - [TEST_STEP][PASSED] - Statement - PreSaveFile = new java.io.File(((pathPrefix + java.lang.Integer.toString(counter)) + .png)): null

2018-12-13 15:24:10 - [TEST_STEP][PASSED] - Statement - counter = counter + 1: null

2018-12-13 15:24:10 - [TEST_STEP][PASSED] - Statement - PreSaveFile = new java.io.File(((pathPrefix + java.lang.Integer.toString(counter)) + .png)): null

2018-12-13 15:24:10 - [TEST_STEP][PASSED] - Statement - counter = counter + 1: null

2018-12-13 15:24:10 - [TEST_STEP][PASSED] - Statement - PreSaveFile = new java.io.File(((pathPrefix + java.lang.Integer.toString(counter)) + .png)): null

2018-12-13 15:24:10 - [TEST_STEP][PASSED] - Statement - counter = counter + 1: null

2018-12-13 15:24:10 - [TEST_STEP][PASSED] - Statement - PreSaveFile = new java.io.File(((pathPrefix + java.lang.Integer.toString(counter)) + .png)): null

2018-12-13 15:24:10 - [TEST_STEP][PASSED] - Statement - counter = counter + 1: null

2018-12-13 15:24:10 - [TEST_STEP][PASSED] - Statement - PreSaveFile = new java.io.File(((pathPrefix + java.lang.Integer.toString(counter)) + .png)): null

2018-12-13 15:24:10 - [TEST_STEP][PASSED] - Statement - counter = counter + 1: null

2018-12-13 15:24:10 - [TEST_STEP][PASSED] - Statement - PreSaveFile = new java.io.File(((pathPrefix + java.lang.Integer.toString(counter)) + .png)): null

2018-12-13 15:24:10 - [TEST_STEP][PASSED] - Statement - counter = counter + 1: null

2018-12-13 15:24:10 - [TEST_STEP][PASSED] - Statement - PreSaveFile = new java.io.File(((pathPrefix + java.lang.Integer.toString(counter)) + .png)): null

2018-12-13 15:24:10 - [TEST_STEP][PASSED] - Statement - counter = counter + 1: null

2018-12-13 15:24:10 - [TEST_STEP][PASSED] - Statement - PreSaveFile = new java.io.File(((pathPrefix + java.lang.Integer.toString(counter)) + .png)): null

2018-12-13 15:24:10 - [TEST_STEP][PASSED] - Statement - counter = counter + 1: null

2018-12-13 15:24:10 - [TEST_STEP][PASSED] - Statement - PreSaveFile = new java.io.File(((pathPrefix + java.lang.Integer.toString(counter)) + .png)): null

2018-12-13 15:24:10 - [TEST_STEP][PASSED] - Statement - counter = counter + 1: null

2018-12-13 15:24:10 - [TEST_STEP][PASSED] - Statement - PreSaveFile = new java.io.File(((pathPrefix + java.lang.Integer.toString(counter)) + .png)): null

2018-12-13 15:24:10 - [TEST_STEP][PASSED] - Statement - counter = counter + 1: null

2018-12-13 15:24:10 - [TEST_STEP][PASSED] - Statement - PreSaveFile = new java.io.File(((pathPrefix + java.lang.Integer.toString(counter)) + .png)): null

2018-12-13 15:24:10 - [TEST_STEP][PASSED] - Statement - counter = counter + 1: null

2018-12-13 15:24:10 - [TEST_STEP][PASSED] - Statement - PreSaveFile = new java.io.File(((pathPrefix + java.lang.Integer.toString(counter)) + .png)): null

2018-12-13 15:24:10 - [TEST_STEP][PASSED] - Statement - counter = counter + 1: null

2018-12-13 15:24:10 - [TEST_STEP][PASSED] - Statement - PreSaveFile = new java.io.File(((pathPrefix + java.lang.Integer.toString(counter)) + .png)): null

2018-12-13 15:24:10 - [TEST_STEP][PASSED] - Statement - counter = counter + 1: null

2018-12-13 15:24:10 - [TEST_STEP][PASSED] - Statement - PreSaveFile = new java.io.File(((pathPrefix + java.lang.Integer.toString(counter)) + .png)): null

2018-12-13 15:24:10 - [TEST_STEP][PASSED] - Statement - counter = counter + 1: null

2018-12-13 15:24:10 - [TEST_STEP][PASSED] - Statement - PreSaveFile = new java.io.File(((pathPrefix + java.lang.Integer.toString(counter)) + .png)): null

2018-12-13 15:24:10 - [TEST_STEP][PASSED] - Statement - counter = counter + 1: null

2018-12-13 15:24:10 - [TEST_STEP][PASSED] - Statement - PreSaveFile = new java.io.File(((pathPrefix + java.lang.Integer.toString(counter)) + .png)): null

2018-12-13 15:24:10 - [TEST_STEP][PASSED] - Statement - counter = counter + 1: null

2018-12-13 15:24:10 - [TEST_STEP][PASSED] - Statement - PreSaveFile = new java.io.File(((pathPrefix + java.lang.Integer.toString(counter)) + .png)): null

2018-12-13 15:24:10 - [TEST_STEP][PASSED] - Statement - counter = counter + 1: null

2018-12-13 15:24:10 - [TEST_STEP][PASSED] - Statement - PreSaveFile = new java.io.File(((pathPrefix + java.lang.Integer.toString(counter)) + .png)): null

2018-12-13 15:24:10 - [TEST_STEP][PASSED] - Statement - counter = counter + 1: null

2018-12-13 15:24:10 - [TEST_STEP][PASSED] - Statement - PreSaveFile = new java.io.File(((pathPrefix + java.lang.Integer.toString(counter)) + .png)): null

2018-12-13 15:24:10 - [TEST_STEP][PASSED] - Statement - counter = counter + 1: null

2018-12-13 15:24:10 - [TEST_STEP][PASSED] - Statement - PreSaveFile = new java.io.File(((pathPrefix + java.lang.Integer.toString(counter)) + .png)): null

2018-12-13 15:24:10 - [TEST_STEP][PASSED] - Statement - counter = counter + 1: null

2018-12-13 15:24:10 - [TEST_STEP][PASSED] - Statement - PreSaveFile = new java.io.File(((pathPrefix + java.lang.Integer.toString(counter)) + .png)): null

2018-12-13 15:24:10 - [TEST_STEP][PASSED] - Statement - counter = counter + 1: null

2018-12-13 15:24:10 - [TEST_STEP][PASSED] - Statement - PreSaveFile = new java.io.File(((pathPrefix + java.lang.Integer.toString(counter)) + .png)): null

2018-12-13 15:24:10 - [TEST_STEP][PASSED] - Statement - counter = counter + 1: null

2018-12-13 15:24:10 - [TEST_STEP][PASSED] - Statement - PreSaveFile = new java.io.File(((pathPrefix + java.lang.Integer.toString(counter)) + .png)): null

2018-12-13 15:24:10 - [TEST_STEP][PASSED] - Statement - counter = counter + 1: null

2018-12-13 15:24:10 - [TEST_STEP][PASSED] - Statement - PreSaveFile = new java.io.File(((pathPrefix + java.lang.Integer.toString(counter)) + .png)): null

2018-12-13 15:24:10 - [TEST_STEP][PASSED] - Statement - counter = counter + 1: null

2018-12-13 15:24:10 - [TEST_STEP][PASSED] - Statement - PreSaveFile = new java.io.File(((pathPrefix + java.lang.Integer.toString(counter)) + .png)): null

2018-12-13 15:24:10 - [TEST_STEP][PASSED] - Statement - counter = counter + 1: null

2018-12-13 15:24:10 - [TEST_STEP][PASSED] - Statement - PreSaveFile = new java.io.File(((pathPrefix + java.lang.Integer.toString(counter)) + .png)): null

2018-12-13 15:24:10 - [TEST_STEP][PASSED] - Statement - counter = counter + 1: null

2018-12-13 15:24:10 - [TEST_STEP][PASSED] - Statement - PreSaveFile = new java.io.File(((pathPrefix + java.lang.Integer.toString(counter)) + .png)): null

2018-12-13 15:24:10 - [TEST_STEP][PASSED] - Statement - counter = counter + 1: null

2018-12-13 15:24:10 - [TEST_STEP][PASSED] - Statement - PreSaveFile = new java.io.File(((pathPrefix + java.lang.Integer.toString(counter)) + .png)): null

2018-12-13 15:24:10 - [TEST_STEP][PASSED] - Statement - counter = counter + 1: null

2018-12-13 15:24:10 - [TEST_STEP][PASSED] - Statement - PreSaveFile = new java.io.File(((pathPrefix + java.lang.Integer.toString(counter)) + .png)): null

2018-12-13 15:24:10 - [TEST_STEP][PASSED] - Statement - counter = counter + 1: null

2018-12-13 15:24:10 - [TEST_STEP][PASSED] - Statement - PreSaveFile = new java.io.File(((pathPrefix + java.lang.Integer.toString(counter)) + .png)): null

2018-12-13 15:24:10 - [TEST_STEP][PASSED] - Statement - counter = counter + 1: null

2018-12-13 15:24:10 - [TEST_STEP][PASSED] - Statement - PreSaveFile = new java.io.File(((pathPrefix + java.lang.Integer.toString(counter)) + .png)): null

2018-12-13 15:24:10 - [TEST_STEP][PASSED] - Statement - counter = counter + 1: null

2018-12-13 15:24:10 - [TEST_STEP][PASSED] - Statement - PreSaveFile = new java.io.File(((pathPrefix + java.lang.Integer.toString(counter)) + .png)): null

2018-12-13 15:24:10 - [TEST_STEP][PASSED] - Statement - counter = counter + 1: null

2018-12-13 15:24:10 - [TEST_STEP][PASSED] - Statement - PreSaveFile = new java.io.File(((pathPrefix + java.lang.Integer.toString(counter)) + .png)): null

2018-12-13 15:24:10 - [TEST_STEP][PASSED] - Statement - counter = counter + 1: null

2018-12-13 15:24:10 - [TEST_STEP][PASSED] - Statement - PreSaveFile = new java.io.File(((pathPrefix + java.lang.Integer.toString(counter)) + .png)): null

2018-12-13 15:24:10 - [TEST_STEP][PASSED] - Statement - counter = counter + 1: null

2018-12-13 15:24:10 - [TEST_STEP][PASSED] - Statement - PreSaveFile = new java.io.File(((pathPrefix + java.lang.Integer.toString(counter)) + .png)): null

2018-12-13 15:24:10 - [TEST_STEP][PASSED] - Statement - counter = counter + 1: null

2018-12-13 15:24:10 - [TEST_STEP][PASSED] - Statement - PreSaveFile = new java.io.File(((pathPrefix + java.lang.Integer.toString(counter)) + .png)): null

2018-12-13 15:24:10 - [TEST_STEP][PASSED] - Statement - counter = counter + 1: null

2018-12-13 15:24:10 - [TEST_STEP][PASSED] - Statement - PreSaveFile = new java.io.File(((pathPrefix + java.lang.Integer.toString(counter)) + .png)): null

2018-12-13 15:24:10 - [TEST_STEP][PASSED] - Statement - counter = counter + 1: null

2018-12-13 15:24:10 - [TEST_STEP][PASSED] - Statement - PreSaveFile = new java.io.File(((pathPrefix + java.lang.Integer.toString(counter)) + .png)): null

2018-12-13 15:24:10 - [TEST_STEP][PASSED] - Statement - counter = counter + 1: null

2018-12-13 15:24:10 - [TEST_STEP][PASSED] - Statement - PreSaveFile = new java.io.File(((pathPrefix + java.lang.Integer.toString(counter)) + .png)): null

2018-12-13 15:24:10 - [TEST_STEP][PASSED] - Statement - counter = counter + 1: null

2018-12-13 15:24:10 - [TEST_STEP][PASSED] - Statement - PreSaveFile = new java.io.File(((pathPrefix + java.lang.Integer.toString(counter)) + .png)): null

2018-12-13 15:24:10 - [TEST_STEP][PASSED] - Statement - counter = counter + 1: null

2018-12-13 15:24:10 - [TEST_STEP][PASSED] - Statement - PreSaveFile = new java.io.File(((pathPrefix + java.lang.Integer.toString(counter)) + .png)): null

2018-12-13 15:24:10 - [TEST_STEP][PASSED] - Statement - counter = counter + 1: null

2018-12-13 15:24:10 - [TEST_STEP][PASSED] - Statement - PreSaveFile = new java.io.File(((pathPrefix + java.lang.Integer.toString(counter)) + .png)): null

2018-12-13 15:24:10 - [TEST_STEP][PASSED] - Statement - counter = counter + 1: null

2018-12-13 15:24:10 - [TEST_STEP][PASSED] - Statement - PreSaveFile = new java.io.File(((pathPrefix + java.lang.Integer.toString(counter)) + .png)): null

2018-12-13 15:24:10 - [TEST_STEP][PASSED] - Statement - counter = counter + 1: null

2018-12-13 15:24:10 - [TEST_STEP][PASSED] - Statement - PreSaveFile = new java.io.File(((pathPrefix + java.lang.Integer.toString(counter)) + .png)): null

2018-12-13 15:24:10 - [TEST_STEP][PASSED] - Statement - counter = counter + 1: null

2018-12-13 15:24:10 - [TEST_STEP][PASSED] - Statement - PreSaveFile = new java.io.File(((pathPrefix + java.lang.Integer.toString(counter)) + .png)): null

2018-12-13 15:24:10 - [TEST_STEP][PASSED] - Statement - counter = counter + 1: null

2018-12-13 15:24:10 - [TEST_STEP][PASSED] - Statement - PreSaveFile = new java.io.File(((pathPrefix + java.lang.Integer.toString(counter)) + .png)): null

2018-12-13 15:24:10 - [TEST_STEP][PASSED] - Statement - counter = counter + 1: null

2018-12-13 15:24:10 - [TEST_STEP][PASSED] - Statement - PreSaveFile = new java.io.File(((pathPrefix + java.lang.Integer.toString(counter)) + .png)): null

2018-12-13 15:24:10 - [TEST_STEP][PASSED] - Statement - counter = counter + 1: null

2018-12-13 15:24:10 - [TEST_STEP][PASSED] - Statement - PreSaveFile = new java.io.File(((pathPrefix + java.lang.Integer.toString(counter)) + .png)): null

2018-12-13 15:24:10 - [TEST_STEP][PASSED] - Statement - counter = counter + 1: null

2018-12-13 15:24:10 - [TEST_STEP][PASSED] - Statement - PreSaveFile = new java.io.File(((pathPrefix + java.lang.Integer.toString(counter)) + .png)): null

2018-12-13 15:24:10 - [TEST_STEP][PASSED] - Statement - counter = counter + 1: null

2018-12-13 15:24:10 - [TEST_STEP][PASSED] - Statement - PreSaveFile = new java.io.File(((pathPrefix + java.lang.Integer.toString(counter)) + .png)): null

2018-12-13 15:24:10 - [TEST_STEP][PASSED] - Statement - counter = counter + 1: null

2018-12-13 15:24:10 - [TEST_STEP][PASSED] - Statement - PreSaveFile = new java.io.File(((pathPrefix + java.lang.Integer.toString(counter)) + .png)): null

2018-12-13 15:24:10 - [TEST_STEP][PASSED] - Statement - counter = counter + 1: null

2018-12-13 15:24:10 - [TEST_STEP][PASSED] - Statement - PreSaveFile = new java.io.File(((pathPrefix + java.lang.Integer.toString(counter)) + .png)): null

2018-12-13 15:24:10 - [TEST_STEP][PASSED] - Statement - counter = counter + 1: null

2018-12-13 15:24:10 - [TEST_STEP][PASSED] - Statement - PreSaveFile = new java.io.File(((pathPrefix + java.lang.Integer.toString(counter)) + .png)): null

2018-12-13 15:24:10 - [TEST_STEP][PASSED] - Statement - counter = counter + 1: null

2018-12-13 15:24:10 - [TEST_STEP][PASSED] - Statement - PreSaveFile = new java.io.File(((pathPrefix + java.lang.Integer.toString(counter)) + .png)): null

2018-12-13 15:24:10 - [TEST_STEP][PASSED] - Statement - counter = counter + 1: null

2018-12-13 15:24:10 - [TEST_STEP][PASSED] - Statement - PreSaveFile = new java.io.File(((pathPrefix + java.lang.Integer.toString(counter)) + .png)): null

2018-12-13 15:24:10 - [TEST_STEP][PASSED] - Statement - counter = counter + 1: null

2018-12-13 15:24:10 - [TEST_STEP][PASSED] - Statement - PreSaveFile = new java.io.File(((pathPrefix + java.lang.Integer.toString(counter)) + .png)): null

2018-12-13 15:24:10 - [TEST_STEP][PASSED] - Statement - counter = counter + 1: null

2018-12-13 15:24:10 - [TEST_STEP][PASSED] - Statement - PreSaveFile = new java.io.File(((pathPrefix + java.lang.Integer.toString(counter)) + .png)): null

2018-12-13 15:24:10 - [TEST_STEP][PASSED] - Statement - counter = counter + 1: null

2018-12-13 15:24:10 - [TEST_STEP][PASSED] - Statement - PreSaveFile = new java.io.File(((pathPrefix + java.lang.Integer.toString(counter)) + .png)): null

2018-12-13 15:24:10 - [TEST_STEP][PASSED] - Statement - counter = counter + 1: null

2018-12-13 15:24:10 - [TEST_STEP][PASSED] - Statement - PreSaveFile = new java.io.File(((pathPrefix + java.lang.Integer.toString(counter)) + .png)): null

2018-12-13 15:24:10 - [TEST_STEP][PASSED] - Statement - counter = counter + 1: null

2018-12-13 15:24:10 - [TEST_STEP][PASSED] - Statement - PreSaveFile = new java.io.File(((pathPrefix + java.lang.Integer.toString(counter)) + .png)): null

2018-12-13 15:24:10 - [TEST_STEP][PASSED] - Statement - counter = counter + 1: null

2018-12-13 15:24:10 - [TEST_STEP][PASSED] - Statement - PreSaveFile = new java.io.File(((pathPrefix + java.lang.Integer.toString(counter)) + .png)): null

2018-12-13 15:24:10 - [TEST_STEP][PASSED] - Statement - counter = counter + 1: null

2018-12-13 15:24:10 - [TEST_STEP][PASSED] - Statement - PreSaveFile = new java.io.File(((pathPrefix + java.lang.Integer.toString(counter)) + .png)): null

2018-12-13 15:24:10 - [TEST_STEP][PASSED] - Statement - counter = counter + 1: null

2018-12-13 15:24:10 - [TEST_STEP][PASSED] - Statement - PreSaveFile = new java.io.File(((pathPrefix + java.lang.Integer.toString(counter)) + .png)): null

2018-12-13 15:24:10 - [TEST_STEP][PASSED] - Statement - counter = counter + 1: null

2018-12-13 15:24:10 - [TEST_STEP][PASSED] - Statement - PreSaveFile = new java.io.File(((pathPrefix + java.lang.Integer.toString(counter)) + .png)): null

2018-12-13 15:24:10 - [TEST_STEP][PASSED] - Statement - counter = counter + 1: null

2018-12-13 15:24:10 - [TEST_STEP][PASSED] - Statement - PreSaveFile = new java.io.File(((pathPrefix + java.lang.Integer.toString(counter)) + .png)): null

2018-12-13 15:24:10 - [TEST_STEP][PASSED] - Statement - counter = counter + 1: null

2018-12-13 15:24:10 - [TEST_STEP][PASSED] - Statement - PreSaveFile = new java.io.File(((pathPrefix + java.lang.Integer.toString(counter)) + .png)): null

2018-12-13 15:24:10 - [TEST_STEP][PASSED] - Statement - counter = counter + 1: null

2018-12-13 15:24:10 - [TEST_STEP][PASSED] - Statement - PreSaveFile = new java.io.File(((pathPrefix + java.lang.Integer.toString(counter)) + .png)): null

2018-12-13 15:24:10 - [TEST_STEP][PASSED] - Statement - counter = counter + 1: null

2018-12-13 15:24:10 - [TEST_STEP][PASSED] - Statement - PreSaveFile = new java.io.File(((pathPrefix + java.lang.Integer.toString(counter)) + .png)): null

2018-12-13 15:24:10 - [TEST_STEP][PASSED] - Statement - counter = counter + 1: null

2018-12-13 15:24:10 - [TEST_STEP][PASSED] - Statement - PreSaveFile = new java.io.File(((pathPrefix + java.lang.Integer.toString(counter)) + .png)): null

2018-12-13 15:24:10 - [TEST_STEP][PASSED] - Statement - counter = counter + 1: null

2018-12-13 15:24:10 - [TEST_STEP][PASSED] - Statement - PreSaveFile = new java.io.File(((pathPrefix + java.lang.Integer.toString(counter)) + .png)): null

2018-12-13 15:24:10 - [TEST_STEP][PASSED] - Statement - counter = counter + 1: null

2018-12-13 15:24:10 - [TEST_STEP][PASSED] - Statement - PreSaveFile = new java.io.File(((pathPrefix + java.lang.Integer.toString(counter)) + .png)): null

2018-12-13 15:24:10 - [TEST_STEP][PASSED] - Statement - counter = counter + 1: null

2018-12-13 15:24:10 - [TEST_STEP][PASSED] - Statement - PreSaveFile = new java.io.File(((pathPrefix + java.lang.Integer.toString(counter)) + .png)): null

2018-12-13 15:24:10 - [TEST_STEP][PASSED] - Statement - counter = counter + 1: null

2018-12-13 15:24:10 - [TEST_STEP][PASSED] - Statement - PreSaveFile = new java.io.File(((pathPrefix + java.lang.Integer.toString(counter)) + .png)): null

2018-12-13 15:24:10 - [TEST_STEP][PASSED] - Statement - counter = counter + 1: null

2018-12-13 15:24:10 - [TEST_STEP][PASSED] - Statement - PreSaveFile = new java.io.File(((pathPrefix + java.lang.Integer.toString(counter)) + .png)): null

2018-12-13 15:24:10 - [TEST_STEP][PASSED] - Statement - counter = counter + 1: null

2018-12-13 15:24:10 - [TEST_STEP][PASSED] - Statement - PreSaveFile = new java.io.File(((pathPrefix + java.lang.Integer.toString(counter)) + .png)): null

2018-12-13 15:24:10 - [TEST_STEP][PASSED] - Statement - counter = counter + 1: null

2018-12-13 15:24:10 - [TEST_STEP][PASSED] - Statement - PreSaveFile = new java.io.File(((pathPrefix + java.lang.Integer.toString(counter)) + .png)): null

2018-12-13 15:24:10 - [TEST_STEP][PASSED] - Statement - counter = counter + 1: null

2018-12-13 15:24:10 - [TEST_STEP][PASSED] - Statement - PreSaveFile = new java.io.File(((pathPrefix + java.lang.Integer.toString(counter)) + .png)): null

2018-12-13 15:24:10 - [TEST_STEP][PASSED] - Statement - counter = counter + 1: null

2018-12-13 15:24:10 - [TEST_STEP][PASSED] - Statement - PreSaveFile = new java.io.File(((pathPrefix + java.lang.Integer.toString(counter)) + .png)): null

2018-12-13 15:24:10 - [TEST_STEP][PASSED] - Statement - counter = counter + 1: null

2018-12-13 15:24:10 - [TEST_STEP][PASSED] - Statement - PreSaveFile = new java.io.File(((pathPrefix + java.lang.Integer.toString(counter)) + .png)): null

2018-12-13 15:24:10 - [TEST_STEP][PASSED] - Statement - counter = counter + 1: null

2018-12-13 15:24:10 - [TEST_STEP][PASSED] - Statement - PreSaveFile = new java.io.File(((pathPrefix + java.lang.Integer.toString(counter)) + .png)): null

2018-12-13 15:24:10 - [TEST_STEP][PASSED] - Statement - counter = counter + 1: null

2018-12-13 15:24:10 - [TEST_STEP][PASSED] - Statement - PreSaveFile = new java.io.File(((pathPrefix + java.lang.Integer.toString(counter)) + .png)): null

2018-12-13 15:24:10 - [TEST_STEP][PASSED] - Statement - counter = counter + 1: null

2018-12-13 15:24:10 - [TEST_STEP][PASSED] - Statement - PreSaveFile = new java.io.File(((pathPrefix + java.lang.Integer.toString(counter)) + .png)): null

2018-12-13 15:24:10 - [TEST_STEP][PASSED] - Statement - counter = counter + 1: null

2018-12-13 15:24:10 - [TEST_STEP][PASSED] - Statement - PreSaveFile = new java.io.File(((pathPrefix + java.lang.Integer.toString(counter)) + .png)): null

2018-12-13 15:24:10 - [TEST_STEP][PASSED] - Statement - counter = counter + 1: null

2018-12-13 15:24:10 - [TEST_STEP][PASSED] - Statement - PreSaveFile = new java.io.File(((pathPrefix + java.lang.Integer.toString(counter)) + .png)): null

2018-12-13 15:24:10 - [TEST_STEP][PASSED] - Statement - counter = counter + 1: null

2018-12-13 15:24:10 - [TEST_STEP][PASSED] - Statement - PreSaveFile = new java.io.File(((pathPrefix + java.lang.Integer.toString(counter)) + .png)): null

2018-12-13 15:24:10 - [TEST_STEP][PASSED] - Statement - counter = counter + 1: null

2018-12-13 15:24:10 - [TEST_STEP][PASSED] - Statement - PreSaveFile = new java.io.File(((pathPrefix + java.lang.Integer.toString(counter)) + .png)): null

2018-12-13 15:24:10 - [TEST_STEP][PASSED] - Statement - counter = counter + 1: null

2018-12-13 15:24:10 - [TEST_STEP][PASSED] - Statement - PreSaveFile = new java.io.File(((pathPrefix + java.lang.Integer.toString(counter)) + .png)): null

2018-12-13 15:24:10 - [TEST_STEP][PASSED] - Statement - counter = counter + 1: null

2018-12-13 15:24:10 - [TEST_STEP][PASSED] - Statement - PreSaveFile = new java.io.File(((pathPrefix + java.lang.Integer.toString(counter)) + .png)): null

2018-12-13 15:24:11 - [TEST_STEP][PASSED] - Statement - counter = counter + 1: null

2018-12-13 15:24:11 - [TEST_STEP][PASSED] - Statement - PreSaveFile = new java.io.File(((pathPrefix + java.lang.Integer.toString(counter)) + .png)): null

2018-12-13 15:24:11 - [TEST_STEP][PASSED] - Statement - counter = counter + 1: null

2018-12-13 15:24:11 - [TEST_STEP][PASSED] - Statement - PreSaveFile = new java.io.File(((pathPrefix + java.lang.Integer.toString(counter)) + .png)): null

2018-12-13 15:24:11 - [TEST_STEP][PASSED] - Statement - counter = counter + 1: null

2018-12-13 15:24:11 - [TEST_STEP][PASSED] - Statement - PreSaveFile = new java.io.File(((pathPrefix + java.lang.Integer.toString(counter)) + .png)): null

2018-12-13 15:24:11 - [TEST_STEP][PASSED] - Statement - counter = counter + 1: null

2018-12-13 15:24:11 - [TEST_STEP][PASSED] - Statement - PreSaveFile = new java.io.File(((pathPrefix + java.lang.Integer.toString(counter)) + .png)): null

2018-12-13 15:24:11 - [TEST_STEP][PASSED] - Statement - counter = counter + 1: null

2018-12-13 15:24:11 - [TEST_STEP][PASSED] - Statement - PreSaveFile = new java.io.File(((pathPrefix + java.lang.Integer.toString(counter)) + .png)): null

2018-12-13 15:24:11 - [TEST_STEP][PASSED] - Statement - counter = counter + 1: null

2018-12-13 15:24:11 - [TEST_STEP][PASSED] - Statement - PreSaveFile = new java.io.File(((pathPrefix + java.lang.Integer.toString(counter)) + .png)): null

2018-12-13 15:24:11 - [TEST_STEP][PASSED] - Statement - counter = counter + 1: null

2018-12-13 15:24:11 - [TEST_STEP][PASSED] - Statement - PreSaveFile = new java.io.File(((pathPrefix + java.lang.Integer.toString(counter)) + .png)): null

2018-12-13 15:24:11 - [TEST_STEP][PASSED] - Statement - counter = counter + 1: null

2018-12-13 15:24:11 - [TEST_STEP][PASSED] - Statement - PreSaveFile = new java.io.File(((pathPrefix + java.lang.Integer.toString(counter)) + .png)): null

2018-12-13 15:24:11 - [TEST_STEP][PASSED] - Statement - counter = counter + 1: null

2018-12-13 15:24:11 - [TEST_STEP][PASSED] - Statement - PreSaveFile = new java.io.File(((pathPrefix + java.lang.Integer.toString(counter)) + .png)): null

2018-12-13 15:24:11 - [TEST_STEP][PASSED] - Statement - counter = counter + 1: null

2018-12-13 15:24:11 - [TEST_STEP][PASSED] - Statement - PreSaveFile = new java.io.File(((pathPrefix + java.lang.Integer.toString(counter)) + .png)): null

2018-12-13 15:24:11 - [TEST_STEP][PASSED] - Statement - counter = counter + 1: null

2018-12-13 15:24:11 - [TEST_STEP][PASSED] - Statement - PreSaveFile = new java.io.File(((pathPrefix + java.lang.Integer.toString(counter)) + .png)): null

2018-12-13 15:24:11 - [TEST_STEP][PASSED] - Statement - counter = counter + 1: null

2018-12-13 15:24:11 - [TEST_STEP][PASSED] - Statement - PreSaveFile = new java.io.File(((pathPrefix + java.lang.Integer.toString(counter)) + .png)): null

2018-12-13 15:24:11 - [TEST_STEP][PASSED] - Statement - counter = counter + 1: null

2018-12-13 15:24:11 - [TEST_STEP][PASSED] - Statement - PreSaveFile = new java.io.File(((pathPrefix + java.lang.Integer.toString(counter)) + .png)): null

2018-12-13 15:24:11 - [TEST_STEP][PASSED] - Statement - counter = counter + 1: null

2018-12-13 15:24:11 - [TEST_STEP][PASSED] - Statement - PreSaveFile = new java.io.File(((pathPrefix + java.lang.Integer.toString(counter)) + .png)): null

2018-12-13 15:24:11 - [TEST_STEP][PASSED] - Statement - counter = counter + 1: null

2018-12-13 15:24:11 - [TEST_STEP][PASSED] - Statement - PreSaveFile = new java.io.File(((pathPrefix + java.lang.Integer.toString(counter)) + .png)): null

2018-12-13 15:24:11 - [TEST_STEP][PASSED] - Statement - counter = counter + 1: null

2018-12-13 15:24:11 - [TEST_STEP][PASSED] - Statement - PreSaveFile = new java.io.File(((pathPrefix + java.lang.Integer.toString(counter)) + .png)): null

2018-12-13 15:24:11 - [TEST_STEP][PASSED] - Statement - counter = counter + 1: null

2018-12-13 15:24:11 - [TEST_STEP][PASSED] - Statement - PreSaveFile = new java.io.File(((pathPrefix + java.lang.Integer.toString(counter)) + .png)): null

2018-12-13 15:24:11 - [TEST_STEP][PASSED] - Statement - counter = counter + 1: null

2018-12-13 15:24:11 - [TEST_STEP][PASSED] - Statement - PreSaveFile = new java.io.File(((pathPrefix + java.lang.Integer.toString(counter)) + .png)): null

2018-12-13 15:24:11 - [TEST_STEP][PASSED] - Statement - finalPath = pathPrefix + java.lang.Integer.toString(counter) + ".png": null

2018-12-13 15:24:11 - [TEST_STEP][PASSED] - Statement - SaveFile = new java.io.File(finalPath): null

2018-12-13 15:24:11 - [TEST_STEP][PASSED] - Statement - Try: null

2018-12-13 15:24:11 - [TEST_STEP][PASSED] - Statement - org.apache.commons.io.FileUtils.copyFile(scrFile, SaveFile): null

2018-12-13 15:24:11 - [TEST_STEP][PASSED] - Statement - out.println("file kept"): null

2018-12-13 15:24:11 - [TEST_STEP][PASSED] - delay: Delayed 10 second(s)

2018-12-13 15:24:21 - [MESSAGE][PASSED] - Delayed 10 second(s)

2018-12-13 15:24:21 - [MESSAGE][PASSED] - Call Test Case 'Test Cases/Final Aug 2018 - PKS Automation/Registration Module/New Registration/Submit and Screenshot/Submit Registration and Screenshot - Copy' successfully

2018-12-13 15:24:21 - [TEST_STEP][PASSED] - Statement - UpdateAddNewECode = com.kms.katalon.core.webui.keyword.WebUiBuiltInKeywords.getText(com.kms.katalon.core.testobject.ObjectRepository.findTestObject(Object Repository/Final Object Repo/Page_Update Add New Employee - ASSIST/getEmpCode)): Text of object 'Object Repository/Final Object Repo/Page_Update Add New Employee - ASSIST/getEmpCode' is: 'E1102070847F'

2018-12-13 15:24:21 - [MESSAGE][PASSED] - Text of object 'Object Repository/Final Object Repo/Page_Update Add New Employee - ASSIST/getEmpCode' is: 'E1102070847F'

2018-12-13 15:24:21 - [TEST_STEP][PASSED] - callTestCase: Call Test Case 'Test Cases/Final Aug 2018 - PKS Automation/Common/Emp Code Setter' successfully

2018-12-13 15:24:21 - [TEST_CASE][PASSED] - Test Cases/Final Aug 2018 - PKS Automation/Common/Emp Code Setter: Test Cases/Final Aug 2018 - PKS Automation/Common/Emp Code Setter

2018-12-13 15:24:21 - [TEST_STEP][PASSED] - Statement - EmpCodeOld = new java.io.File(C://Users//Admin//Desktop//PKS//Automation Reference Point//EmpCode.txt): null

2018-12-13 15:24:21 - [TEST_STEP][PASSED] - Statement - EmpCodeOld.delete(): null

2018-12-13 15:24:21 - [TEST_STEP][PASSED] - Statement - EmpCode = new java.io.File(C://Users//Admin//Desktop//PKS//Automation Reference Point//EmpCode.txt): null

2018-12-13 15:24:21 - [TEST_STEP][PASSED] - Statement - f2 = new java.io.FileWriter(EmpCode, false): null

2018-12-13 15:24:21 - [TEST_STEP][PASSED] - Statement - f2.write(UpdateAddNewECode): null

2018-12-13 15:24:21 - [TEST_STEP][PASSED] - Statement - f2.close(): null

2018-12-13 15:24:21 - [TEST_STEP][PASSED] - Statement - out.println("


" + UpdateAddNewECode + "


"): null

2018-12-13 15:24:21 - [MESSAGE][PASSED] - Call Test Case 'Test Cases/Final Aug 2018 - PKS Automation/Common/Emp Code Setter' successfully

2018-12-13 15:24:21 - [MESSAGE][PASSED] - Call Test Case 'Test Cases/Final Aug 2018 - PKS Automation/Registration Module/Workflow/Update Add New Employee/Template/New Company for Update Add New - Employer' successfully

2018-12-13 15:24:21 - [TEST_STEP][PASSED] - callTestCase: Call Test Case 'Test Cases/Final Aug 2018 - PKS Automation/Create Employer Acc/Login to Employer Account (Second time)' successfully

2018-12-13 15:24:21 - [TEST_CASE][PASSED] - Test Cases/Final Aug 2018 - PKS Automation/Create Employer Acc/Login to Employer Account (Second time): Test Cases/Final Aug 2018 - PKS Automation/Create Employer Acc/Login to Employer Account (Second time)

2018-12-13 15:24:21 - [TEST_STEP][PASSED] - openBrowser: Browser is opened with url: ''

2018-12-13 15:24:21 - [MESSAGE][WARNING] - A browser is already opened. Closing browser and opening a new one

2018-12-13 15:24:24 - [MESSAGE][PASSED] - Browser is opened with url: ''

2018-12-13 15:24:24 - [TEST_STEP][PASSED] - navigateToUrl: Navigate to 'https://assist2-uat.perkeso.gov.my/employer/login' successfully

2018-12-13 15:24:25 - [MESSAGE][PASSED] - Navigate to 'https://assist2-uat.perkeso.gov.my/employer/login' successfully

2018-12-13 15:24:25 - [TEST_STEP][PASSED] - delay: Delayed 3 second(s)

2018-12-13 15:24:28 - [MESSAGE][PASSED] - Delayed 3 second(s)

2018-12-13 15:24:28 - [TEST_STEP][PASSED] - callTestCase: Call Test Case 'Test Cases/Final Aug 2018 - PKS Automation/Create Employer Acc/Template/Employer Email Getter' successfully

2018-12-13 15:24:28 - [TEST_CASE][PASSED] - Test Cases/Final Aug 2018 - PKS Automation/Create Employer Acc/Template/Employer Email Getter: Test Cases/Final Aug 2018 - PKS Automation/Create Employer Acc/Template/Employer Email Getter

2018-12-13 15:24:28 - [TEST_STEP][PASSED] - Statement - Try: null

2018-12-13 15:24:28 - [TEST_STEP][PASSED] - Statement - EmpEmail = new java.io.File(C://Users//Admin//Desktop//PKS//Automation Reference Point//EmpEmail.txt): null

2018-12-13 15:24:28 - [TEST_STEP][PASSED] - Statement - bufferread = new java.io.BufferedReader(new java.io.FileReader(EmpEmail)): null

2018-12-13 15:24:28 - [TEST_STEP][PASSED] - Statement - readedVal = bufferread.readLine(): null

2018-12-13 15:24:28 - [TEST_STEP][PASSED] - Statement - out.println(readedVal): null

2018-12-13 15:24:28 - [TEST_STEP][PASSED] - Statement - Email = readedVal: null

2018-12-13 15:24:28 - [MESSAGE][PASSED] - Call Test Case 'Test Cases/Final Aug 2018 - PKS Automation/Create Employer Acc/Template/Employer Email Getter' successfully

2018-12-13 15:24:28 - [TEST_STEP][PASSED] - setText: Text 'perkeso741080546791@gmail.com' is set on object 'Object Repository/Final Object Repo/Login Page/External Login Page/Email'

2018-12-13 15:24:28 - [MESSAGE][PASSED] - Text 'perkeso741080546791@gmail.com' is set on object 'Object Repository/Final Object Repo/Login Page/External Login Page/Email'

2018-12-13 15:24:28 - [TEST_STEP][PASSED] - click: Object: 'Object Repository/Final Object Repo/Login Page/External Login Page/Next' is clicked on

2018-12-13 15:24:29 - [MESSAGE][PASSED] - Object: 'Object Repository/Final Object Repo/Login Page/External Login Page/Next' is clicked on

2018-12-13 15:24:29 - [TEST_STEP][PASSED] - delay: Delayed 3 second(s)

2018-12-13 15:24:32 - [MESSAGE][PASSED] - Delayed 3 second(s)

2018-12-13 15:24:32 - [TEST_STEP][PASSED] - setEncryptedText: Text ****** has been set on object 'Object Repository/Final Object Repo/Login Page/External Login Page/Password'

2018-12-13 15:24:32 - [MESSAGE][PASSED] - Text ****** has been set on object 'Object Repository/Final Object Repo/Login Page/External Login Page/Password'

2018-12-13 15:24:32 - [TEST_STEP][PASSED] - click: Object: 'Object Repository/Final Object Repo/Login Page/External Login Page/Login' is clicked on

2018-12-13 15:24:32 - [MESSAGE][PASSED] - Object: 'Object Repository/Final Object Repo/Login Page/External Login Page/Login' is clicked on

2018-12-13 15:24:32 - [TEST_STEP][PASSED] - delay: Delayed 5 second(s)

2018-12-13 15:24:37 - [MESSAGE][PASSED] - Delayed 5 second(s)

2018-12-13 15:24:37 - [MESSAGE][PASSED] - Call Test Case 'Test Cases/Final Aug 2018 - PKS Automation/Create Employer Acc/Login to Employer Account (Second time)' successfully

2018-12-13 15:24:37 - [TEST_STEP][PASSED] - navigateToUrl: Navigate to 'https://assist2-uat.perkeso.gov.my/web/registration/update/form-1a-cessation-as-employer-discontinue-business-' successfully

2018-12-13 15:24:38 - [MESSAGE][PASSED] - Navigate to 'https://assist2-uat.perkeso.gov.my/web/registration/update/form-1a-cessation-as-employer-discontinue-business-' successfully

2018-12-13 15:24:38 - [TEST_STEP][PASSED] - callTestCase: Call Test Case 'Test Cases/Final Aug 2018 - PKS Automation/Common/Emp Code Getter' successfully

2018-12-13 15:24:38 - [TEST_CASE][PASSED] - Test Cases/Final Aug 2018 - PKS Automation/Common/Emp Code Getter: Test Cases/Final Aug 2018 - PKS Automation/Common/Emp Code Getter

2018-12-13 15:24:38 - [TEST_STEP][PASSED] - Statement - Try: null

2018-12-13 15:24:38 - [TEST_STEP][PASSED] - Statement - EmpCode = new java.io.File(C://Users//Admin//Desktop//PKS//Automation Reference Point//EmpCode.txt): null

2018-12-13 15:24:38 - [TEST_STEP][PASSED] - Statement - bufferread = new java.io.BufferedReader(new java.io.FileReader(EmpCode)): null

2018-12-13 15:24:38 - [TEST_STEP][PASSED] - Statement - readedVal = bufferread.readLine(): null

2018-12-13 15:24:38 - [TEST_STEP][PASSED] - Statement - out.println(readedVal): null

2018-12-13 15:24:38 - [TEST_STEP][PASSED] - Statement - UpdateAddNewECode = readedVal: null

2018-12-13 15:24:38 - [MESSAGE][PASSED] - Call Test Case 'Test Cases/Final Aug 2018 - PKS Automation/Common/Emp Code Getter' successfully

2018-12-13 15:24:38 - [TEST_STEP][PASSED] - setText: Text 'E1102070847F' is set on object 'Object Repository/Final Object Repo/Page_Update Employer Information/Employer Code'

2018-12-13 15:24:39 - [MESSAGE][PASSED] - Text 'E1102070847F' is set on object 'Object Repository/Final Object Repo/Page_Update Employer Information/Employer Code'

2018-12-13 15:24:39 - [TEST_STEP][PASSED] - click: Object: 'Object Repository/Final Object Repo/Page_Update Employer Information/Search Button' is clicked on

2018-12-13 15:24:39 - [MESSAGE][PASSED] - Object: 'Object Repository/Final Object Repo/Page_Update Employer Information/Search Button' is clicked on

2018-12-13 15:24:39 - [TEST_STEP][PASSED] - delay: Delayed 2 second(s)

2018-12-13 15:24:41 - [MESSAGE][PASSED] - Delayed 2 second(s)

2018-12-13 15:24:41 - [TEST_STEP][PASSED] - click: Object: 'Object Repository/Final Object Repo/Page_Update Employer Information/Edit Button' is clicked on

2018-12-13 15:24:42 - [MESSAGE][PASSED] - Object: 'Object Repository/Final Object Repo/Page_Update Employer Information/Edit Button' is clicked on

2018-12-13 15:24:42 - [TEST_STEP][PASSED] - Statement - abc = com.kms.katalon.core.webui.keyword.WebUiBuiltInKeywords.getAttribute(com.kms.katalon.core.testobject.ObjectRepository.findTestObject(Final Object Repo/Page_Form 1A - Cessation As Employer/Employer Status), "value"): Attribute 'value' of object 'Object Repository/Final Object Repo/Page_Form 1A - Cessation As Employer/Employer Status' is: 'Active'

2018-12-13 15:24:42 - [MESSAGE][PASSED] - Attribute 'value' of object 'Object Repository/Final Object Repo/Page_Form 1A - Cessation As Employer/Employer Status' is: 'Active'

2018-12-13 15:24:42 - [TEST_STEP][PASSED] - Statement - out.println(abc): null

2018-12-13 15:24:42 - [TEST_STEP][PASSED] - Statement - If (abc == "Active"): Object: 'Object Repository/Final Object Repo/Page_Form 1A - Cessation As Employer/Change Employer Status to - Dormant' is clicked on

2018-12-13 15:24:42 - [TEST_STEP][PASSED] - click: Object: 'Object Repository/Final Object Repo/Page_Form 1A - Cessation As Employer/Change Employer Status to' is clicked on

2018-12-13 15:24:42 - [MESSAGE][PASSED] - Object: 'Object Repository/Final Object Repo/Page_Form 1A - Cessation As Employer/Change Employer Status to' is clicked on

2018-12-13 15:24:42 - [TEST_STEP][PASSED] - click: Object: 'Object Repository/Final Object Repo/Page_Form 1A - Cessation As Employer/Change Employer Status to - Dormant' is clicked on

2018-12-13 15:24:43 - [MESSAGE][PASSED] - Object: 'Object Repository/Final Object Repo/Page_Form 1A - Cessation As Employer/Change Employer Status to - Dormant' is clicked on

2018-12-13 15:24:43 - [TEST_STEP][PASSED] - click: Object: 'Object Repository/Final Object Repo/Page_Form 1A - Cessation As Employer/Calender' is clicked on

2018-12-13 15:24:43 - [MESSAGE][PASSED] - Object: 'Object Repository/Final Object Repo/Page_Form 1A - Cessation As Employer/Calender' is clicked on

2018-12-13 15:24:43 - [TEST_STEP][PASSED] - click: Object: 'Object Repository/Final Object Repo/Page_Form 1A - Cessation As Employer/Calender - Date' is clicked on

2018-12-13 15:24:43 - [MESSAGE][PASSED] - Object: 'Object Repository/Final Object Repo/Page_Form 1A - Cessation As Employer/Calender - Date' is clicked on

2018-12-13 15:24:43 - [TEST_STEP][PASSED] - delay: Delayed 2 second(s)

2018-12-13 15:24:45 - [MESSAGE][PASSED] - Delayed 2 second(s)

2018-12-13 15:24:45 - [TEST_STEP][PASSED] - click: Object: 'Object Repository/Final Object Repo/Page_Form 1A - Cessation As Employer/Save  Continue in Form 1A Page' is clicked on

2018-12-13 15:24:45 - [MESSAGE][PASSED] - Object: 'Object Repository/Final Object Repo/Page_Form 1A - Cessation As Employer/Save  Continue in Form 1A Page' is clicked on

2018-12-13 15:24:45 - [TEST_STEP][PASSED] - delay: Delayed 2 second(s)

2018-12-13 15:24:47 - [MESSAGE][PASSED] - Delayed 2 second(s)

2018-12-13 15:24:47 - [TEST_STEP][PASSED] - click: Object: 'Object Repository/Final Object Repo/Page_Form 1A - Cessation As Employer/Employment Resign Date' is clicked on

2018-12-13 15:24:48 - [MESSAGE][PASSED] - Object: 'Object Repository/Final Object Repo/Page_Form 1A - Cessation As Employer/Employment Resign Date' is clicked on

2018-12-13 15:24:48 - [TEST_STEP][PASSED] - delay: Delayed 1 second(s)

2018-12-13 15:24:49 - [MESSAGE][PASSED] - Delayed 1 second(s)

2018-12-13 15:24:49 - [TEST_STEP][PASSED] - Statement - CaseReferenceNo = com.kms.katalon.core.webui.keyword.WebUiBuiltInKeywords.getText(com.kms.katalon.core.testobject.ObjectRepository.findTestObject(Final Object Repo/Page_Update Employer Information/Reference Number in Update Employee Information Page)): Text of object 'Object Repository/Final Object Repo/Page_Update Employer Information/Reference Number in Update Employee Information Page' is: 'CUN122018C200001736'

2018-12-13 15:24:49 - [MESSAGE][PASSED] - Text of object 'Object Repository/Final Object Repo/Page_Update Employer Information/Reference Number in Update Employee Information Page' is: 'CUN122018C200001736'

2018-12-13 15:24:49 - [TEST_STEP][PASSED] - callTestCase: Call Test Case 'Test Cases/Final Aug 2018 - PKS Automation/Common/Reference Number Setter' successfully

2018-12-13 15:24:49 - [TEST_CASE][PASSED] - Test Cases/Final Aug 2018 - PKS Automation/Common/Reference Number Setter: Test Cases/Final Aug 2018 - PKS Automation/Common/Reference Number Setter

2018-12-13 15:24:49 - [TEST_STEP][PASSED] - Statement - RefNoOldFile = new java.io.File(C://Users//Admin//Desktop//PKS//Automation Reference Point//KatalonReference.txt): null

2018-12-13 15:24:49 - [TEST_STEP][PASSED] - Statement - RefNoOldFile.delete(): null

2018-12-13 15:24:49 - [TEST_STEP][PASSED] - delay: Delayed 5 second(s)

2018-12-13 15:24:54 - [MESSAGE][PASSED] - Delayed 5 second(s)

2018-12-13 15:24:54 - [TEST_STEP][PASSED] - Statement - RefNo = new java.io.File(C://Users//Admin//Desktop//PKS//Automation Reference Point//KatalonReference.txt): null

2018-12-13 15:24:54 - [TEST_STEP][PASSED] - Statement - f2 = new java.io.FileWriter(RefNo, false): null

2018-12-13 15:24:54 - [TEST_STEP][PASSED] - Statement - f2.write(CaseReferenceNo): null

2018-12-13 15:24:54 - [TEST_STEP][PASSED] - Statement - f2.close(): null

2018-12-13 15:24:54 - [TEST_STEP][PASSED] - Statement - out.println("


" + CaseReferenceNo + "


"): null

2018-12-13 15:24:54 - [MESSAGE][PASSED] - Call Test Case 'Test Cases/Final Aug 2018 - PKS Automation/Common/Reference Number Setter' successfully

2018-12-13 15:24:54 - [TEST_STEP][PASSED] - selectOptionByValue: All options with value '2030' are selected in object 'Object Repository/Final Object Repo/Page_Form 1A - Cessation As Employer/Employment Resign Date - Year' 

2018-12-13 15:24:54 - [MESSAGE][PASSED] - All options with value '2030' are selected in object 'Object Repository/Final Object Repo/Page_Form 1A - Cessation As Employer/Employment Resign Date - Year' 

2018-12-13 15:24:54 - [TEST_STEP][PASSED] - delay: Delayed 1 second(s)

2018-12-13 15:24:55 - [MESSAGE][PASSED] - Delayed 1 second(s)

2018-12-13 15:24:55 - [TEST_STEP][PASSED] - click: Object: 'Object Repository/Final Object Repo/Page_Form 1A - Cessation As Employer/Employment Resign Date - Year - Date' is clicked on

2018-12-13 15:24:55 - [MESSAGE][PASSED] - Object: 'Object Repository/Final Object Repo/Page_Form 1A - Cessation As Employer/Employment Resign Date - Year - Date' is clicked on

2018-12-13 15:24:55 - [TEST_STEP][PASSED] - delay: Delayed 2 second(s)

2018-12-13 15:24:57 - [MESSAGE][PASSED] - Delayed 2 second(s)

2018-12-13 15:24:57 - [TEST_STEP][PASSED] - click: Object: 'Object Repository/Final Object Repo/Page_Form 1A - Cessation As Employer/Save  Continue in Update Add Employee Resigned Date Page' is clicked on

2018-12-13 15:24:57 - [MESSAGE][PASSED] - Object: 'Object Repository/Final Object Repo/Page_Form 1A - Cessation As Employer/Save  Continue in Update Add Employee Resigned Date Page' is clicked on

2018-12-13 15:24:57 - [TEST_STEP][PASSED] - delay: Delayed 2 second(s)

2018-12-13 15:24:59 - [MESSAGE][PASSED] - Delayed 2 second(s)

2018-12-13 15:24:59 - [TEST_STEP][PASSED] - click: Object: 'Object Repository/Final Object Repo/Page_Form 1A - Cessation As Employer/Set Latest - Yes' is clicked on

2018-12-13 15:24:59 - [MESSAGE][PASSED] - Object: 'Object Repository/Final Object Repo/Page_Form 1A - Cessation As Employer/Set Latest - Yes' is clicked on

2018-12-13 15:24:59 - [TEST_STEP][PASSED] - delay: Delayed 2 second(s)

2018-12-13 15:25:01 - [MESSAGE][PASSED] - Delayed 2 second(s)

2018-12-13 15:25:01 - [TEST_STEP][PASSED] - click: Object: 'Object Repository/Final Object Repo/Page_Form 1A - Cessation As Employer/Add Document' is clicked on

2018-12-13 15:25:08 - [MESSAGE][PASSED] - Object: 'Object Repository/Final Object Repo/Page_Form 1A - Cessation As Employer/Add Document' is clicked on

2018-12-13 15:25:08 - [TEST_STEP][PASSED] - delay: Delayed 3 second(s)

2018-12-13 15:25:11 - [MESSAGE][PASSED] - Delayed 3 second(s)

2018-12-13 15:25:11 - [TEST_STEP][PASSED] - click: Object: 'Object Repository/Final Object Repo/Page_Form 1A - Cessation As Employer/Document Type' is clicked on

2018-12-13 15:25:11 - [MESSAGE][PASSED] - Object: 'Object Repository/Final Object Repo/Page_Form 1A - Cessation As Employer/Document Type' is clicked on

2018-12-13 15:25:11 - [TEST_STEP][PASSED] - delay: Delayed 2 second(s)

2018-12-13 15:25:13 - [MESSAGE][PASSED] - Delayed 2 second(s)

2018-12-13 15:25:13 - [TEST_STEP][PASSED] - click: Object: 'Object Repository/Final Object Repo/Page_Form 1A - Cessation As Employer/Document Type - Supporting Document For Cessation' is clicked on

2018-12-13 15:25:13 - [MESSAGE][PASSED] - Object: 'Object Repository/Final Object Repo/Page_Form 1A - Cessation As Employer/Document Type - Supporting Document For Cessation' is clicked on

2018-12-13 15:25:13 - [TEST_STEP][PASSED] - delay: Delayed 2 second(s)

2018-12-13 15:25:15 - [MESSAGE][PASSED] - Delayed 2 second(s)

2018-12-13 15:25:15 - [TEST_STEP][PASSED] - sendKeys: Keys 'C:\Users\Public\Pictures\Sample Pictures\Koala.jpg' sent to object: 'Object Repository/Final Object Repo/Page_Form 1A - Cessation As Employer/Uploading File'

2018-12-13 15:25:15 - [MESSAGE][PASSED] - Keys 'C:\Users\Public\Pictures\Sample Pictures\Koala.jpg' sent to object: 'Object Repository/Final Object Repo/Page_Form 1A - Cessation As Employer/Uploading File'

2018-12-13 15:25:15 - [TEST_STEP][PASSED] - delay: Delayed 2 second(s)

2018-12-13 15:25:17 - [MESSAGE][PASSED] - Delayed 2 second(s)

2018-12-13 15:25:17 - [TEST_STEP][PASSED] - click: Object: 'Object Repository/Final Object Repo/Page_Form 1A - Cessation As Employer/Add Document in Uploading Page' is clicked on

2018-12-13 15:25:17 - [MESSAGE][PASSED] - Object: 'Object Repository/Final Object Repo/Page_Form 1A - Cessation As Employer/Add Document in Uploading Page' is clicked on

2018-12-13 15:25:17 - [TEST_STEP][PASSED] - delay: Delayed 2 second(s)

2018-12-13 15:25:19 - [MESSAGE][PASSED] - Delayed 2 second(s)

2018-12-13 15:25:19 - [TEST_STEP][PASSED] - click: Object: 'Object Repository/Final Object Repo/Page_Form 1A - Cessation As Employer/Save  Continue in Uploading Page' is clicked on

2018-12-13 15:25:22 - [MESSAGE][PASSED] - Object: 'Object Repository/Final Object Repo/Page_Form 1A - Cessation As Employer/Save  Continue in Uploading Page' is clicked on

2018-12-13 15:25:22 - [TEST_STEP][PASSED] - delay: Delayed 2 second(s)

2018-12-13 15:25:24 - [MESSAGE][PASSED] - Delayed 2 second(s)

2018-12-13 15:25:24 - [TEST_STEP][PASSED] - click: Object: 'Object Repository/Final Object Repo/Page_Form 1A - Cessation As Employer/Submit2' is clicked on

2018-12-13 15:25:30 - [MESSAGE][PASSED] - Object: 'Object Repository/Final Object Repo/Page_Form 1A - Cessation As Employer/Submit2' is clicked on

2018-12-13 15:25:30 - [TEST_STEP][PASSED] - delay: Delayed 2 second(s)

2018-12-13 15:25:32 - [MESSAGE][PASSED] - Delayed 2 second(s)

2018-12-13 15:25:32 - [TEST_STEP][PASSED] - click: Object: 'Object Repository/Final Object Repo/Page_Form 1A - Cessation As Employer/Confirm' is clicked on

2018-12-13 15:25:33 - [MESSAGE][PASSED] - Object: 'Object Repository/Final Object Repo/Page_Form 1A - Cessation As Employer/Confirm' is clicked on

2018-12-13 15:25:33 - [TEST_STEP][PASSED] - delay: Delayed 2 second(s)

2018-12-13 15:25:35 - [MESSAGE][PASSED] - Delayed 2 second(s)

2018-12-13 15:25:35 - [TEST_STEP][PASSED] - verifyElementVisible: Object 'Object Repository/Final Object Repo/Page_Form 1A - Cessation As Employer/Message Your Request will be routed to UO' is visible

2018-12-13 15:25:39 - [MESSAGE][PASSED] - Object 'Object Repository/Final Object Repo/Page_Form 1A - Cessation As Employer/Message Your Request will be routed to UO' is visible

2018-12-13 15:25:39 - [TEST_STEP][PASSED] - delay: Delayed 1 second(s)

2018-12-13 15:25:40 - [MESSAGE][PASSED] - Delayed 1 second(s)

2018-12-13 15:25:40 - [TEST_STEP][PASSED] - verifyElementVisible: Object 'Object Repository/Final Object Repo/Page_Form 1A - Cessation As Employer/Letter of acknowledgement' is visible

2018-12-13 15:25:40 - [MESSAGE][PASSED] - Object 'Object Repository/Final Object Repo/Page_Form 1A - Cessation As Employer/Letter of acknowledgement' is visible

2018-12-13 15:25:40 - [MESSAGE][PASSED] - Call Test Case 'Test Cases/Final Aug 2018 - PKS Automation/Registration Module/Workflow/Form 1A - Cessation As Employer/Template/Form 1 A - Cessation As Employer (Employer)' successfully

2018-12-13 15:25:40 - [TEST_STEP][PASSED] - callTestCase: Call Test Case 'Test Cases/Final Aug 2018 - PKS Automation/Registration Module/Workflow/Form 1A - Cessation As Employer/Template/Form 1 A - Cessation As Employer (Query)' successfully

2018-12-13 15:25:40 - [TEST_CASE][PASSED] - Test Cases/Final Aug 2018 - PKS Automation/Registration Module/Workflow/Form 1A - Cessation As Employer/Template/Form 1 A - Cessation As Employer (Query): Test Cases/Final Aug 2018 - PKS Automation/Registration Module/Workflow/Form 1A - Cessation As Employer/Template/Form 1 A - Cessation As Employer (Query)

2018-12-13 15:25:41 - [TEST_STEP][NOT_RUN] - callTestCase: NOT_RUN: callTestCase

2018-12-13 15:25:41 - [MESSAGE][NOT_RUN] - NOT_RUN: callTestCase

2018-12-13 15:25:41 - [TEST_STEP][PASSED] - delay: Delayed 1 second(s)

2018-12-13 15:25:42 - [MESSAGE][PASSED] - Delayed 1 second(s)

2018-12-13 15:25:42 - [TEST_STEP][PASSED] - navigateToUrl: Navigate to 'https://assist2-uat.perkeso.gov.my/c/portal/logout' successfully

2018-12-13 15:25:43 - [MESSAGE][PASSED] - Navigate to 'https://assist2-uat.perkeso.gov.my/c/portal/logout' successfully

2018-12-13 15:25:43 - [TEST_STEP][PASSED] - delay: Delayed 1 second(s)

2018-12-13 15:25:44 - [MESSAGE][PASSED] - Delayed 1 second(s)

2018-12-13 15:25:44 - [TEST_STEP][PASSED] - callTestCase: Call Test Case 'Test Cases/Final Aug 2018 - PKS Automation/Common/Reference Number Getter' successfully

2018-12-13 15:25:44 - [TEST_CASE][PASSED] - Test Cases/Final Aug 2018 - PKS Automation/Common/Reference Number Getter: Test Cases/Final Aug 2018 - PKS Automation/Common/Reference Number Getter

2018-12-13 15:25:44 - [TEST_STEP][PASSED] - Statement - Try: null

2018-12-13 15:25:44 - [TEST_STEP][PASSED] - Statement - RefNo = new java.io.File(C://Users//Admin//Desktop//PKS//Automation Reference Point//KatalonReference.txt): null

2018-12-13 15:25:44 - [TEST_STEP][PASSED] - Statement - bufferread = new java.io.BufferedReader(new java.io.FileReader(RefNo)): null

2018-12-13 15:25:44 - [TEST_STEP][PASSED] - Statement - readedVal = bufferread.readLine(): null

2018-12-13 15:25:44 - [TEST_STEP][PASSED] - Statement - out.println(CaseReferenceNo): null

2018-12-13 15:25:44 - [TEST_STEP][PASSED] - Statement - out.println(readedVal): null

2018-12-13 15:25:44 - [TEST_STEP][PASSED] - Statement - CaseReferenceNo = "": null

2018-12-13 15:25:44 - [TEST_STEP][PASSED] - Statement - CaseReferenceNo = readedVal: null

2018-12-13 15:25:44 - [MESSAGE][PASSED] - Call Test Case 'Test Cases/Final Aug 2018 - PKS Automation/Common/Reference Number Getter' successfully

2018-12-13 15:25:44 - [TEST_STEP][PASSED] - callTestCase: Call Test Case 'Test Cases/Final Aug 2018 - PKS Automation/Common/Workflow Owner Finder' successfully

2018-12-13 15:25:44 - [TEST_CASE][PASSED] - Test Cases/Final Aug 2018 - PKS Automation/Common/Workflow Owner Finder: Test Cases/Final Aug 2018 - PKS Automation/Common/Workflow Owner Finder

2018-12-13 15:25:44 - [TEST_STEP][PASSED] - openBrowser: Browser is opened with url: ''

2018-12-13 15:25:44 - [MESSAGE][WARNING] - A browser is already opened. Closing browser and opening a new one

2018-12-13 15:25:47 - [MESSAGE][PASSED] - Browser is opened with url: ''

2018-12-13 15:25:47 - [TEST_STEP][PASSED] - navigateToUrl: Navigate to 'https://assist2-uat.perkeso.gov.my/login' successfully

2018-12-13 15:25:48 - [MESSAGE][PASSED] - Navigate to 'https://assist2-uat.perkeso.gov.my/login' successfully

2018-12-13 15:25:48 - [TEST_STEP][PASSED] - delay: Delayed 5 second(s)

2018-12-13 15:25:53 - [MESSAGE][PASSED] - Delayed 5 second(s)

2018-12-13 15:25:53 - [TEST_STEP][PASSED] - setText: Text 'test@liferay.com' is set on object 'Object Repository/Final Object Repo/Login Page/Internal User/Email Address'

2018-12-13 15:25:53 - [MESSAGE][PASSED] - Text 'test@liferay.com' is set on object 'Object Repository/Final Object Repo/Login Page/Internal User/Email Address'

2018-12-13 15:25:53 - [TEST_STEP][PASSED] - click: Object: 'Object Repository/Final Object Repo/Login Page/Internal User/Next Button' is clicked on

2018-12-13 15:25:53 - [MESSAGE][PASSED] - Object: 'Object Repository/Final Object Repo/Login Page/Internal User/Next Button' is clicked on

2018-12-13 15:25:53 - [TEST_STEP][PASSED] - delay: Delayed 2 second(s)

2018-12-13 15:25:55 - [MESSAGE][PASSED] - Delayed 2 second(s)

2018-12-13 15:25:55 - [TEST_STEP][PASSED] - setText: Text 'test' is set on object 'Object Repository/Final Object Repo/Login Page/Internal User/Password'

2018-12-13 15:25:55 - [MESSAGE][PASSED] - Text 'test' is set on object 'Object Repository/Final Object Repo/Login Page/Internal User/Password'

2018-12-13 15:25:55 - [TEST_STEP][PASSED] - delay: Delayed 2 second(s)

2018-12-13 15:25:57 - [MESSAGE][PASSED] - Delayed 2 second(s)

2018-12-13 15:25:57 - [TEST_STEP][PASSED] - click: Object: 'Object Repository/Final Object Repo/Login Page/Internal User/Login Button' is clicked on

2018-12-13 15:25:58 - [MESSAGE][PASSED] - Object: 'Object Repository/Final Object Repo/Login Page/Internal User/Login Button' is clicked on

2018-12-13 15:25:58 - [TEST_STEP][PASSED] - Statement - tester = com.kms.katalon.core.testobject.ObjectRepository.findTestObject(Final Object Repo/Landing Page/Select to English): Finding Test Object with id 'Object Repository/Final Object Repo/Landing Page/Select to English'

2018-12-13 15:25:58 - [TEST_STEP][PASSED] - Statement - Try: Delayed 2 second(s)

2018-12-13 15:25:58 - [TEST_STEP][PASSED] - Statement - Checker = com.kms.katalon.core.webui.keyword.WebUiBuiltInKeywords.verifyElementNotPresent(tester, 3): Web element with id: 'Object Repository/Final Object Repo/Landing Page/Select to English' located by 'By.xpath: //a[@class = 'taglib-language-list-text' and @lang = 'en-US' and (contains(text(), 'EN') or contains(., 'EN'))]' is not present after '3' second(s)

2018-12-13 15:26:00 - [MESSAGE][PASSED] - Web element with id: 'Object Repository/Final Object Repo/Landing Page/Select to English' located by 'By.xpath: //a[@class = 'taglib-language-list-text' and @lang = 'en-US' and (contains(text(), 'EN') or contains(., 'EN'))]' is not present after '3' second(s)

2018-12-13 15:26:00 - [TEST_STEP][PASSED] - Statement - If (Checker == false): null

2018-12-13 15:26:00 - [TEST_STEP][PASSED] - delay: Delayed 2 second(s)

2018-12-13 15:26:02 - [MESSAGE][PASSED] - Delayed 2 second(s)

2018-12-13 15:26:02 - [TEST_STEP][PASSED] - delay: Delayed 5 second(s)

2018-12-13 15:26:07 - [MESSAGE][PASSED] - Delayed 5 second(s)

2018-12-13 15:26:07 - [TEST_STEP][PASSED] - mouseOver: Object: 'Object Repository/Final Object Repo/Landing Page/WorkFlow Menu' is hovered

2018-12-13 15:26:07 - [MESSAGE][PASSED] - Object: 'Object Repository/Final Object Repo/Landing Page/WorkFlow Menu' is hovered

2018-12-13 15:26:07 - [TEST_STEP][PASSED] - delay: Delayed 2 second(s)

2018-12-13 15:26:09 - [MESSAGE][PASSED] - Delayed 2 second(s)

2018-12-13 15:26:09 - [TEST_STEP][PASSED] - click: Object: 'Object Repository/Final Object Repo/Landing Page/Select to Workflow Listing' is clicked on

2018-12-13 15:26:10 - [MESSAGE][PASSED] - Object: 'Object Repository/Final Object Repo/Landing Page/Select to Workflow Listing' is clicked on

2018-12-13 15:26:10 - [TEST_STEP][PASSED] - delay: Delayed 2 second(s)

2018-12-13 15:26:12 - [MESSAGE][PASSED] - Delayed 2 second(s)

2018-12-13 15:26:12 - [TEST_STEP][PASSED] - click: Object: 'Object Repository/Final Object Repo/WorkFlow Listing Page/Search Information - To Put Ref No' is clicked on

2018-12-13 15:26:12 - [MESSAGE][PASSED] - Object: 'Object Repository/Final Object Repo/WorkFlow Listing Page/Search Information - To Put Ref No' is clicked on

2018-12-13 15:26:12 - [TEST_STEP][PASSED] - delay: Delayed 2 second(s)

2018-12-13 15:26:14 - [MESSAGE][PASSED] - Delayed 2 second(s)

2018-12-13 15:26:14 - [TEST_STEP][PASSED] - callTestCase: Call Test Case 'Test Cases/Final Aug 2018 - PKS Automation/Common/Reference Number Getter' successfully

2018-12-13 15:26:14 - [TEST_CASE][PASSED] - Test Cases/Final Aug 2018 - PKS Automation/Common/Reference Number Getter: Test Cases/Final Aug 2018 - PKS Automation/Common/Reference Number Getter

2018-12-13 15:26:14 - [TEST_STEP][PASSED] - Statement - Try: null

2018-12-13 15:26:14 - [TEST_STEP][PASSED] - Statement - RefNo = new java.io.File(C://Users//Admin//Desktop//PKS//Automation Reference Point//KatalonReference.txt): null

2018-12-13 15:26:14 - [TEST_STEP][PASSED] - Statement - bufferread = new java.io.BufferedReader(new java.io.FileReader(RefNo)): null

2018-12-13 15:26:14 - [TEST_STEP][PASSED] - Statement - readedVal = bufferread.readLine(): null

2018-12-13 15:26:14 - [TEST_STEP][PASSED] - Statement - out.println(CaseReferenceNo): null

2018-12-13 15:26:14 - [TEST_STEP][PASSED] - Statement - out.println(readedVal): null

2018-12-13 15:26:14 - [TEST_STEP][PASSED] - Statement - CaseReferenceNo = "": null

2018-12-13 15:26:14 - [TEST_STEP][PASSED] - Statement - CaseReferenceNo = readedVal: null

2018-12-13 15:26:14 - [MESSAGE][PASSED] - Call Test Case 'Test Cases/Final Aug 2018 - PKS Automation/Common/Reference Number Getter' successfully

2018-12-13 15:26:14 - [TEST_STEP][PASSED] - setText: Text 'CUN122018C200001736' is set on object 'Object Repository/Final Object Repo/WorkFlow Listing Page/Ref No Set Text'

2018-12-13 15:26:14 - [MESSAGE][PASSED] - Text 'CUN122018C200001736' is set on object 'Object Repository/Final Object Repo/WorkFlow Listing Page/Ref No Set Text'

2018-12-13 15:26:14 - [TEST_STEP][PASSED] - delay: Delayed 2 second(s)

2018-12-13 15:26:16 - [MESSAGE][PASSED] - Delayed 2 second(s)

2018-12-13 15:26:16 - [TEST_STEP][PASSED] - click: Object: 'Object Repository/Final Object Repo/WorkFlow Listing Page/Search Ref No Search Button' is clicked on

2018-12-13 15:26:17 - [MESSAGE][PASSED] - Object: 'Object Repository/Final Object Repo/WorkFlow Listing Page/Search Ref No Search Button' is clicked on

2018-12-13 15:26:17 - [TEST_STEP][PASSED] - delay: Delayed 6 second(s)

2018-12-13 15:26:23 - [MESSAGE][PASSED] - Delayed 6 second(s)

2018-12-13 15:26:23 - [TEST_STEP][PASSED] - click: Object: 'Object Repository/Final Object Repo/WorkFlow Listing Page/Click Continue Tooltip' is clicked on

2018-12-13 15:26:24 - [MESSAGE][PASSED] - Object: 'Object Repository/Final Object Repo/WorkFlow Listing Page/Click Continue Tooltip' is clicked on

2018-12-13 15:26:24 - [TEST_STEP][PASSED] - delay: Delayed 5 second(s)

2018-12-13 15:26:29 - [MESSAGE][PASSED] - Delayed 5 second(s)

2018-12-13 15:26:29 - [TEST_STEP][PASSED] - doubleClick: Object: 'Object Repository/Final Object Repo/WorkFlow Listing Page/Workflow Found - Listing 1' is double clicked on

2018-12-13 15:26:29 - [MESSAGE][PASSED] - Object: 'Object Repository/Final Object Repo/WorkFlow Listing Page/Workflow Found - Listing 1' is double clicked on

2018-12-13 15:26:29 - [TEST_STEP][PASSED] - Statement - println(OwnerID): null

2018-12-13 15:26:29 - [TEST_STEP][PASSED] - Statement - OwnerID = com.kms.katalon.core.webui.keyword.WebUiBuiltInKeywords.getText(com.kms.katalon.core.testobject.ObjectRepository.findTestObject(Final Object Repo/WorkFlow Listing Page/Workflow Found - Listing 1), STOP_ON_FAILURE): Text of object 'Object Repository/Final Object Repo/WorkFlow Listing Page/Workflow Found - Listing 1' is: 'JOHORuo3'

2018-12-13 15:26:29 - [MESSAGE][PASSED] - Text of object 'Object Repository/Final Object Repo/WorkFlow Listing Page/Workflow Found - Listing 1' is: 'JOHORuo3'

2018-12-13 15:26:29 - [TEST_STEP][PASSED] - Statement - OwnerID = OwnerID.toLowerCase() + "@gmail.com": null

2018-12-13 15:26:29 - [TEST_STEP][PASSED] - Statement - println(OwnerID): null

2018-12-13 15:26:29 - [TEST_STEP][PASSED] - delay: Delayed 2 second(s)

2018-12-13 15:26:31 - [MESSAGE][PASSED] - Delayed 2 second(s)

2018-12-13 15:26:31 - [MESSAGE][PASSED] - Call Test Case 'Test Cases/Final Aug 2018 - PKS Automation/Common/Workflow Owner Finder' successfully

2018-12-13 15:26:31 - [TEST_STEP][PASSED] - delay: Delayed 1 second(s)

2018-12-13 15:26:32 - [MESSAGE][PASSED] - Delayed 1 second(s)

2018-12-13 15:26:32 - [TEST_STEP][PASSED] - navigateToUrl: Navigate to 'https://assist2-uat.perkeso.gov.my/c/portal/logout' successfully

2018-12-13 15:26:33 - [MESSAGE][PASSED] - Navigate to 'https://assist2-uat.perkeso.gov.my/c/portal/logout' successfully

2018-12-13 15:26:33 - [TEST_STEP][PASSED] - delay: Delayed 1 second(s)

2018-12-13 15:26:34 - [MESSAGE][PASSED] - Delayed 1 second(s)

2018-12-13 15:26:34 - [TEST_STEP][PASSED] - callTestCase: Call Test Case 'Test Cases/Final Aug 2018 - PKS Automation/Registration Module/Workflow/Login and Search Case For Workflow' successfully

2018-12-13 15:26:34 - [TEST_CASE][PASSED] - Test Cases/Final Aug 2018 - PKS Automation/Registration Module/Workflow/Login and Search Case For Workflow: Test Cases/Final Aug 2018 - PKS Automation/Registration Module/Workflow/Login and Search Case For Workflow

2018-12-13 15:26:34 - [TEST_STEP][PASSED] - navigateToUrl: Navigate to 'https://assist2-uat.perkeso.gov.my/login' successfully

2018-12-13 15:26:34 - [MESSAGE][PASSED] - Navigate to 'https://assist2-uat.perkeso.gov.my/login' successfully

2018-12-13 15:26:34 - [TEST_STEP][PASSED] - setText: Text 'johoruo3@gmail.com' is set on object 'Object Repository/Final Object Repo/Login Page/Internal User/Email Address'

2018-12-13 15:26:35 - [MESSAGE][PASSED] - Text 'johoruo3@gmail.com' is set on object 'Object Repository/Final Object Repo/Login Page/Internal User/Email Address'

2018-12-13 15:26:35 - [TEST_STEP][PASSED] - click: Object: 'Object Repository/Final Object Repo/Login Page/Internal User/Next Button' is clicked on

2018-12-13 15:26:35 - [MESSAGE][PASSED] - Object: 'Object Repository/Final Object Repo/Login Page/Internal User/Next Button' is clicked on

2018-12-13 15:26:35 - [TEST_STEP][PASSED] - delay: Delayed 1 second(s)

2018-12-13 15:26:36 - [MESSAGE][PASSED] - Delayed 1 second(s)

2018-12-13 15:26:36 - [TEST_STEP][PASSED] - setEncryptedText: Text ****** has been set on object 'Object Repository/Final Object Repo/Login Page/Internal User/Password'

2018-12-13 15:26:36 - [MESSAGE][PASSED] - Text ****** has been set on object 'Object Repository/Final Object Repo/Login Page/Internal User/Password'

2018-12-13 15:26:36 - [TEST_STEP][PASSED] - click: Object: 'Object Repository/Final Object Repo/Login Page/Internal User/Login Button' is clicked on

2018-12-13 15:26:36 - [MESSAGE][PASSED] - Object: 'Object Repository/Final Object Repo/Login Page/Internal User/Login Button' is clicked on

2018-12-13 15:26:36 - [TEST_STEP][PASSED] - delay: Delayed 2 second(s)

2018-12-13 15:26:38 - [MESSAGE][PASSED] - Delayed 2 second(s)

2018-12-13 15:26:38 - [TEST_STEP][PASSED] - Statement - Try: Delayed 2 second(s)

2018-12-13 15:26:38 - [TEST_STEP][PASSED] - Statement - Checker = false: null

2018-12-13 15:26:38 - [TEST_STEP][PASSED] - Statement - Checker = com.kms.katalon.core.webui.keyword.WebUiBuiltInKeywords.verifyElementHasAttribute(com.kms.katalon.core.testobject.ObjectRepository.findTestObject(Final Object Repo/Landing Page/BM Detecting), "href", 20, OPTIONAL): Object 'Object Repository/Final Object Repo/Landing Page/BM Detecting' has attribute 'href'

2018-12-13 15:26:38 - [MESSAGE][PASSED] - Object 'Object Repository/Final Object Repo/Landing Page/BM Detecting' has attribute 'href'

2018-12-13 15:26:38 - [TEST_STEP][PASSED] - Statement - out.println(Checker): null

2018-12-13 15:26:38 - [TEST_STEP][PASSED] - Statement - If (Checker == false): null

2018-12-13 15:26:38 - [TEST_STEP][PASSED] - Statement - Else: null

2018-12-13 15:26:38 - [TEST_STEP][PASSED] - delay: Delayed 2 second(s)

2018-12-13 15:26:40 - [MESSAGE][PASSED] - Delayed 2 second(s)

2018-12-13 15:26:40 - [TEST_STEP][PASSED] - click: Object: 'Object Repository/Final Object Repo/Page_MyASSIST - ASSIST - Search Pending Case For Add Supporting Document/Search Information' is clicked on

2018-12-13 15:26:41 - [MESSAGE][PASSED] - Object: 'Object Repository/Final Object Repo/Page_MyASSIST - ASSIST - Search Pending Case For Add Supporting Document/Search Information' is clicked on

2018-12-13 15:26:41 - [TEST_STEP][PASSED] - delay: Delayed 3 second(s)

2018-12-13 15:26:44 - [MESSAGE][PASSED] - Delayed 3 second(s)

2018-12-13 15:26:44 - [TEST_STEP][PASSED] - sendKeys: Keys 'CUN122018C200001736' sent to object: 'Object Repository/Final Object Repo/Page_MyASSIST - ASSIST - Search Pending Case For Add Supporting Document/Reference No'

2018-12-13 15:26:44 - [MESSAGE][PASSED] - Keys 'CUN122018C200001736' sent to object: 'Object Repository/Final Object Repo/Page_MyASSIST - ASSIST - Search Pending Case For Add Supporting Document/Reference No'

2018-12-13 15:26:44 - [TEST_STEP][PASSED] - click: Object: 'Object Repository/Final Object Repo/Page_MyASSIST - ASSIST - Search Pending Case For Add Supporting Document/Search Reference No' is clicked on

2018-12-13 15:26:44 - [MESSAGE][PASSED] - Object: 'Object Repository/Final Object Repo/Page_MyASSIST - ASSIST - Search Pending Case For Add Supporting Document/Search Reference No' is clicked on

2018-12-13 15:26:44 - [TEST_STEP][PASSED] - delay: Delayed 2 second(s)

2018-12-13 15:26:46 - [MESSAGE][PASSED] - Delayed 2 second(s)

2018-12-13 15:26:46 - [TEST_STEP][PASSED] - click: Object: 'Object Repository/Final Object Repo/Page_MyASSIST - ASSIST - Search Pending Case For Add Supporting Document/Continue' is clicked on

2018-12-13 15:26:50 - [MESSAGE][PASSED] - Object: 'Object Repository/Final Object Repo/Page_MyASSIST - ASSIST - Search Pending Case For Add Supporting Document/Continue' is clicked on

2018-12-13 15:26:50 - [TEST_STEP][PASSED] - delay: Delayed 20 second(s)

2018-12-13 15:27:10 - [MESSAGE][PASSED] - Delayed 20 second(s)

2018-12-13 15:27:10 - [MESSAGE][PASSED] - Call Test Case 'Test Cases/Final Aug 2018 - PKS Automation/Registration Module/Workflow/Login and Search Case For Workflow' successfully

2018-12-13 15:27:10 - [TEST_STEP][PASSED] - click: Object: 'Object Repository/Final Object Repo/Page_Form 1A - Cessation As Employer/Page_Form 1A - Cessation As Employer (Approve)/Save  Continue in Form 1A Page' is clicked on

2018-12-13 15:27:10 - [MESSAGE][PASSED] - Object: 'Object Repository/Final Object Repo/Page_Form 1A - Cessation As Employer/Page_Form 1A - Cessation As Employer (Approve)/Save  Continue in Form 1A Page' is clicked on

2018-12-13 15:27:10 - [TEST_STEP][PASSED] - delay: Delayed 2 second(s)

2018-12-13 15:27:12 - [MESSAGE][PASSED] - Delayed 2 second(s)

2018-12-13 15:27:12 - [TEST_STEP][PASSED] - click: Object: 'Object Repository/Final Object Repo/Page_Form 1A - Cessation As Employer/Employment Resign Date' is clicked on

2018-12-13 15:27:13 - [MESSAGE][PASSED] - Object: 'Object Repository/Final Object Repo/Page_Form 1A - Cessation As Employer/Employment Resign Date' is clicked on

2018-12-13 15:27:13 - [TEST_STEP][PASSED] - delay: Delayed 1 second(s)

2018-12-13 15:27:14 - [MESSAGE][PASSED] - Delayed 1 second(s)

2018-12-13 15:27:14 - [TEST_STEP][PASSED] - selectOptionByValue: All options with value '2030' are selected in object 'Object Repository/Final Object Repo/Page_Form 1A - Cessation As Employer/Employment Resign Date - Year' 

2018-12-13 15:27:14 - [MESSAGE][PASSED] - All options with value '2030' are selected in object 'Object Repository/Final Object Repo/Page_Form 1A - Cessation As Employer/Employment Resign Date - Year' 

2018-12-13 15:27:14 - [TEST_STEP][PASSED] - delay: Delayed 1 second(s)

2018-12-13 15:27:15 - [MESSAGE][PASSED] - Delayed 1 second(s)

2018-12-13 15:27:15 - [TEST_STEP][PASSED] - click: Object: 'Object Repository/Final Object Repo/Page_Form 1A - Cessation As Employer/Employment Resign Date - Year - Date' is clicked on

2018-12-13 15:27:15 - [MESSAGE][PASSED] - Object: 'Object Repository/Final Object Repo/Page_Form 1A - Cessation As Employer/Employment Resign Date - Year - Date' is clicked on

2018-12-13 15:27:15 - [TEST_STEP][PASSED] - delay: Delayed 2 second(s)

2018-12-13 15:27:17 - [MESSAGE][PASSED] - Delayed 2 second(s)

2018-12-13 15:27:17 - [TEST_STEP][PASSED] - click: Object: 'Object Repository/Final Object Repo/Page_Form 1A - Cessation As Employer/Page_Form 1A - Cessation As Employer (Approve)/Save  Continue in Update Add Employee Resigned Date Page' is clicked on

2018-12-13 15:27:17 - [MESSAGE][PASSED] - Object: 'Object Repository/Final Object Repo/Page_Form 1A - Cessation As Employer/Page_Form 1A - Cessation As Employer (Approve)/Save  Continue in Update Add Employee Resigned Date Page' is clicked on

2018-12-13 15:27:17 - [TEST_STEP][PASSED] - delay: Delayed 2 second(s)

2018-12-13 15:27:19 - [MESSAGE][PASSED] - Delayed 2 second(s)

2018-12-13 15:27:19 - [TEST_STEP][PASSED] - click: Object: 'Object Repository/Final Object Repo/Page_Form 1A - Cessation As Employer/Set Latest - Yes' is clicked on

2018-12-13 15:27:19 - [MESSAGE][PASSED] - Object: 'Object Repository/Final Object Repo/Page_Form 1A - Cessation As Employer/Set Latest - Yes' is clicked on

2018-12-13 15:27:19 - [TEST_STEP][PASSED] - delay: Delayed 2 second(s)

2018-12-13 15:27:21 - [MESSAGE][PASSED] - Delayed 2 second(s)

2018-12-13 15:27:21 - [TEST_STEP][PASSED] - setText: Text 'remark' is set on object 'Object Repository/Final Object Repo/Page_Form 1A - Cessation As Employer/Page_Form 1A - Cessation As Employer (Query)/Query - remark'

2018-12-13 15:27:23 - [MESSAGE][PASSED] - Text 'remark' is set on object 'Object Repository/Final Object Repo/Page_Form 1A - Cessation As Employer/Page_Form 1A - Cessation As Employer (Query)/Query - remark'

2018-12-13 15:27:23 - [TEST_STEP][PASSED] - delay: Delayed 2 second(s)

2018-12-13 15:27:25 - [MESSAGE][PASSED] - Delayed 2 second(s)

2018-12-13 15:27:25 - [TEST_STEP][PASSED] - click: Object: 'Object Repository/Final Object Repo/Page_Form 1A - Cessation As Employer/Page_Form 1A - Cessation As Employer (Approve)/Save  Contine in Uploading Document Page' is clicked on

2018-12-13 15:27:25 - [MESSAGE][PASSED] - Object: 'Object Repository/Final Object Repo/Page_Form 1A - Cessation As Employer/Page_Form 1A - Cessation As Employer (Approve)/Save  Contine in Uploading Document Page' is clicked on

2018-12-13 15:27:25 - [TEST_STEP][PASSED] - delay: Delayed 2 second(s)

2018-12-13 15:27:27 - [MESSAGE][PASSED] - Delayed 2 second(s)

2018-12-13 15:27:27 - [TEST_STEP][PASSED] - click: Object: 'Object Repository/Final Object Repo/Page_Form 1A - Cessation As Employer/Page_Form 1A - Cessation As Employer (Query)/Query' is clicked on

2018-12-13 15:27:30 - [MESSAGE][PASSED] - Object: 'Object Repository/Final Object Repo/Page_Form 1A - Cessation As Employer/Page_Form 1A - Cessation As Employer (Query)/Query' is clicked on

2018-12-13 15:27:30 - [TEST_STEP][PASSED] - delay: Delayed 2 second(s)

2018-12-13 15:27:32 - [MESSAGE][PASSED] - Delayed 2 second(s)

2018-12-13 15:27:32 - [TEST_STEP][PASSED] - click: Object: 'Object Repository/Final Object Repo/Page_Form 1A - Cessation As Employer/Page_Form 1A - Cessation As Employer (Query)/Confirm' is clicked on

2018-12-13 15:27:38 - [MESSAGE][PASSED] - Object: 'Object Repository/Final Object Repo/Page_Form 1A - Cessation As Employer/Page_Form 1A - Cessation As Employer (Query)/Confirm' is clicked on

2018-12-13 15:27:38 - [TEST_STEP][PASSED] - delay: Delayed 2 second(s)

2018-12-13 15:27:40 - [MESSAGE][PASSED] - Delayed 2 second(s)

2018-12-13 15:27:40 - [TEST_STEP][PASSED] - verifyElementVisible: Object 'Object Repository/Final Object Repo/Page_Form 1A - Cessation As Employer/Page_Form 1A - Cessation As Employer (Query)/MessageThe Case Is Under Query' is visible

2018-12-13 15:27:40 - [MESSAGE][PASSED] - Object 'Object Repository/Final Object Repo/Page_Form 1A - Cessation As Employer/Page_Form 1A - Cessation As Employer (Query)/MessageThe Case Is Under Query' is visible

2018-12-13 15:27:40 - [TEST_STEP][PASSED] - delay: Delayed 1 second(s)

2018-12-13 15:27:41 - [MESSAGE][PASSED] - Delayed 1 second(s)

2018-12-13 15:27:41 - [TEST_STEP][PASSED] - verifyElementVisible: Object 'Object Repository/Final Object Repo/Page_Form 1A - Cessation As Employer/Page_Form 1A - Cessation As Employer (Query)/Letter of inquiry' is visible

2018-12-13 15:27:41 - [MESSAGE][PASSED] - Object 'Object Repository/Final Object Repo/Page_Form 1A - Cessation As Employer/Page_Form 1A - Cessation As Employer (Query)/Letter of inquiry' is visible

2018-12-13 15:27:41 - [TEST_STEP][PASSED] - delay: Delayed 1 second(s)

2018-12-13 15:27:42 - [MESSAGE][PASSED] - Delayed 1 second(s)

2018-12-13 15:27:42 - [TEST_STEP][PASSED] - navigateToUrl: Navigate to 'https://assist2-uat.perkeso.gov.my/c/portal/logout' successfully

2018-12-13 15:27:43 - [MESSAGE][PASSED] - Navigate to 'https://assist2-uat.perkeso.gov.my/c/portal/logout' successfully

2018-12-13 15:27:43 - [TEST_STEP][PASSED] - delay: Delayed 1 second(s)

2018-12-13 15:27:44 - [MESSAGE][PASSED] - Delayed 1 second(s)

2018-12-13 15:27:44 - [TEST_STEP][PASSED] - callTestCase: Call Test Case 'Test Cases/Final Aug 2018 - PKS Automation/Registration Module/Workflow/Search Pending Case For Add Supporting Document (OTC)' successfully

2018-12-13 15:27:44 - [TEST_CASE][PASSED] - Test Cases/Final Aug 2018 - PKS Automation/Registration Module/Workflow/Search Pending Case For Add Supporting Document (OTC): Test Cases/Final Aug 2018 - PKS Automation/Registration Module/Workflow/Search Pending Case For Add Supporting Document (OTC)

2018-12-13 15:27:44 - [TEST_STEP][PASSED] - openBrowser: Browser is opened with url: ''

2018-12-13 15:27:44 - [MESSAGE][WARNING] - A browser is already opened. Closing browser and opening a new one

2018-12-13 15:27:47 - [MESSAGE][PASSED] - Browser is opened with url: ''

2018-12-13 15:27:47 - [TEST_STEP][PASSED] - navigateToUrl: Navigate to 'https://assist2-uat.perkeso.gov.my/login' successfully

2018-12-13 15:27:48 - [MESSAGE][PASSED] - Navigate to 'https://assist2-uat.perkeso.gov.my/login' successfully

2018-12-13 15:27:48 - [TEST_STEP][PASSED] - setText: Text 'johorotc1@gmail.com' is set on object 'Object Repository/Final Object Repo/Login Page/Internal User/Email Address'

2018-12-13 15:27:49 - [MESSAGE][PASSED] - Text 'johorotc1@gmail.com' is set on object 'Object Repository/Final Object Repo/Login Page/Internal User/Email Address'

2018-12-13 15:27:49 - [TEST_STEP][PASSED] - click: Object: 'Object Repository/Final Object Repo/Login Page/Internal User/Next Button' is clicked on

2018-12-13 15:27:49 - [MESSAGE][PASSED] - Object: 'Object Repository/Final Object Repo/Login Page/Internal User/Next Button' is clicked on

2018-12-13 15:27:49 - [TEST_STEP][PASSED] - delay: Delayed 1 second(s)

2018-12-13 15:27:50 - [MESSAGE][PASSED] - Delayed 1 second(s)

2018-12-13 15:27:50 - [TEST_STEP][PASSED] - setEncryptedText: Text ****** has been set on object 'Object Repository/Final Object Repo/Login Page/Internal User/Password'

2018-12-13 15:27:50 - [MESSAGE][PASSED] - Text ****** has been set on object 'Object Repository/Final Object Repo/Login Page/Internal User/Password'

2018-12-13 15:27:50 - [TEST_STEP][PASSED] - click: Object: 'Object Repository/Final Object Repo/Login Page/Internal User/Login Button' is clicked on

2018-12-13 15:27:50 - [MESSAGE][PASSED] - Object: 'Object Repository/Final Object Repo/Login Page/Internal User/Login Button' is clicked on

2018-12-13 15:27:50 - [TEST_STEP][PASSED] - delay: Delayed 1 second(s)

2018-12-13 15:27:51 - [MESSAGE][PASSED] - Delayed 1 second(s)

2018-12-13 15:27:51 - [TEST_STEP][PASSED] - Statement - Try: Delayed 2 second(s)

2018-12-13 15:27:51 - [TEST_STEP][PASSED] - Statement - Checker = false: null

2018-12-13 15:27:51 - [TEST_STEP][PASSED] - Statement - Checker = com.kms.katalon.core.webui.keyword.WebUiBuiltInKeywords.verifyElementHasAttribute(com.kms.katalon.core.testobject.ObjectRepository.findTestObject(Final Object Repo/Landing Page/BM Detecting), "href", 20, OPTIONAL): Object 'Object Repository/Final Object Repo/Landing Page/BM Detecting' has attribute 'href'

2018-12-13 15:27:52 - [MESSAGE][PASSED] - Object 'Object Repository/Final Object Repo/Landing Page/BM Detecting' has attribute 'href'

2018-12-13 15:27:52 - [TEST_STEP][PASSED] - Statement - out.println(Checker): null

2018-12-13 15:27:52 - [TEST_STEP][PASSED] - Statement - If (Checker == false): null

2018-12-13 15:27:52 - [TEST_STEP][PASSED] - Statement - Else: null

2018-12-13 15:27:52 - [TEST_STEP][PASSED] - delay: Delayed 2 second(s)

2018-12-13 15:27:54 - [MESSAGE][PASSED] - Delayed 2 second(s)

2018-12-13 15:27:54 - [TEST_STEP][PASSED] - navigateToUrl: Navigate to 'https://assist2-uat.perkeso.gov.my/web/registration/search/search-pending-case-for-add-supporting-document' successfully

2018-12-13 15:27:55 - [MESSAGE][PASSED] - Navigate to 'https://assist2-uat.perkeso.gov.my/web/registration/search/search-pending-case-for-add-supporting-document' successfully

2018-12-13 15:27:55 - [TEST_STEP][PASSED] - click: Object: 'Object Repository/Final Object Repo/Page_Search Pending Case For Add Suporting Document/Search By' is clicked on

2018-12-13 15:27:56 - [MESSAGE][PASSED] - Object: 'Object Repository/Final Object Repo/Page_Search Pending Case For Add Suporting Document/Search By' is clicked on

2018-12-13 15:27:56 - [TEST_STEP][PASSED] - click: Object: 'Object Repository/Final Object Repo/Page_Search Pending Case For Add Suporting Document/Search By - Reference ID' is clicked on

2018-12-13 15:27:56 - [MESSAGE][PASSED] - Object: 'Object Repository/Final Object Repo/Page_Search Pending Case For Add Suporting Document/Search By - Reference ID' is clicked on

2018-12-13 15:27:56 - [TEST_STEP][PASSED] - delay: Delayed 2 second(s)

2018-12-13 15:27:58 - [MESSAGE][PASSED] - Delayed 2 second(s)

2018-12-13 15:27:58 - [TEST_STEP][PASSED] - setText: Text 'CUN122018C200001736' is set on object 'Object Repository/Final Object Repo/Page_Search Pending Case For Add Suporting Document/Reference ID'

2018-12-13 15:27:58 - [MESSAGE][PASSED] - Text 'CUN122018C200001736' is set on object 'Object Repository/Final Object Repo/Page_Search Pending Case For Add Suporting Document/Reference ID'

2018-12-13 15:27:58 - [TEST_STEP][PASSED] - click: Object: 'Object Repository/Final Object Repo/Page_Search Pending Case For Add Suporting Document/Search' is clicked on

2018-12-13 15:27:58 - [MESSAGE][PASSED] - Object: 'Object Repository/Final Object Repo/Page_Search Pending Case For Add Suporting Document/Search' is clicked on

2018-12-13 15:27:58 - [TEST_STEP][PASSED] - delay: Delayed 2 second(s)

2018-12-13 15:28:00 - [MESSAGE][PASSED] - Delayed 2 second(s)

2018-12-13 15:28:00 - [TEST_STEP][PASSED] - click: Object: 'Object Repository/Final Object Repo/Page_Search Pending Case For Add Suporting Document/Edit' is clicked on

2018-12-13 15:28:03 - [MESSAGE][PASSED] - Object: 'Object Repository/Final Object Repo/Page_Search Pending Case For Add Suporting Document/Edit' is clicked on

2018-12-13 15:28:03 - [MESSAGE][PASSED] - Call Test Case 'Test Cases/Final Aug 2018 - PKS Automation/Registration Module/Workflow/Search Pending Case For Add Supporting Document (OTC)' successfully

2018-12-13 15:28:03 - [TEST_STEP][PASSED] - click: Object: 'Object Repository/Final Object Repo/Page_Form 1A - Cessation As Employer/Page_Form 1A - Cessation As Employer (Query -OTC -UO)/Next in Form 1A Page' is clicked on

2018-12-13 15:28:05 - [MESSAGE][PASSED] - Object: 'Object Repository/Final Object Repo/Page_Form 1A - Cessation As Employer/Page_Form 1A - Cessation As Employer (Query -OTC -UO)/Next in Form 1A Page' is clicked on

2018-12-13 15:28:05 - [TEST_STEP][PASSED] - delay: Delayed 2 second(s)

2018-12-13 15:28:07 - [MESSAGE][PASSED] - Delayed 2 second(s)

2018-12-13 15:28:07 - [TEST_STEP][PASSED] - click: Object: 'Object Repository/Final Object Repo/Page_Form 1A - Cessation As Employer/Page_Form 1A - Cessation As Employer (Query -OTC -UO)/Next in Resigned Date Page' is clicked on

2018-12-13 15:28:10 - [MESSAGE][PASSED] - Object: 'Object Repository/Final Object Repo/Page_Form 1A - Cessation As Employer/Page_Form 1A - Cessation As Employer (Query -OTC -UO)/Next in Resigned Date Page' is clicked on

2018-12-13 15:28:10 - [TEST_STEP][PASSED] - delay: Delayed 2 second(s)

2018-12-13 15:28:12 - [MESSAGE][PASSED] - Delayed 2 second(s)

2018-12-13 15:28:12 - [TEST_STEP][PASSED] - click: Object: 'Object Repository/Final Object Repo/Page_Form 1A - Cessation As Employer/Page_Form 1A - Cessation As Employer (Query -OTC -UO)/Add Document' is clicked on

2018-12-13 15:28:12 - [MESSAGE][PASSED] - Object: 'Object Repository/Final Object Repo/Page_Form 1A - Cessation As Employer/Page_Form 1A - Cessation As Employer (Query -OTC -UO)/Add Document' is clicked on

2018-12-13 15:28:12 - [TEST_STEP][PASSED] - delay: Delayed 2 second(s)

2018-12-13 15:28:14 - [MESSAGE][PASSED] - Delayed 2 second(s)

2018-12-13 15:28:14 - [TEST_STEP][PASSED] - click: Object: 'Object Repository/Final Object Repo/Page_Form 1A - Cessation As Employer/Page_Form 1A - Cessation As Employer (Query -OTC -UO)/Document Type' is clicked on

2018-12-13 15:28:15 - [MESSAGE][PASSED] - Object: 'Object Repository/Final Object Repo/Page_Form 1A - Cessation As Employer/Page_Form 1A - Cessation As Employer (Query -OTC -UO)/Document Type' is clicked on

2018-12-13 15:28:15 - [TEST_STEP][PASSED] - click: Object: 'Object Repository/Final Object Repo/Page_Form 1A - Cessation As Employer/Page_Form 1A - Cessation As Employer (Query -OTC -UO)/Document Type - Others' is clicked on

2018-12-13 15:28:15 - [MESSAGE][PASSED] - Object: 'Object Repository/Final Object Repo/Page_Form 1A - Cessation As Employer/Page_Form 1A - Cessation As Employer (Query -OTC -UO)/Document Type - Others' is clicked on

2018-12-13 15:28:15 - [TEST_STEP][PASSED] - delay: Delayed 2 second(s)

2018-12-13 15:28:17 - [MESSAGE][PASSED] - Delayed 2 second(s)

2018-12-13 15:28:17 - [TEST_STEP][PASSED] - sendKeys: Keys 'C:\Users\Public\Pictures\Sample Pictures\Koala.jpg' sent to object: 'Object Repository/Final Object Repo/Page_Form 1A - Cessation As Employer/Uploading File'

2018-12-13 15:28:17 - [MESSAGE][PASSED] - Keys 'C:\Users\Public\Pictures\Sample Pictures\Koala.jpg' sent to object: 'Object Repository/Final Object Repo/Page_Form 1A - Cessation As Employer/Uploading File'

2018-12-13 15:28:17 - [TEST_STEP][PASSED] - delay: Delayed 2 second(s)

2018-12-13 15:28:19 - [MESSAGE][PASSED] - Delayed 2 second(s)

2018-12-13 15:28:19 - [TEST_STEP][PASSED] - click: Object: 'Object Repository/Final Object Repo/Page_Form 1A - Cessation As Employer/Page_Form 1A - Cessation As Employer (Query -OTC -UO)/Add Document in Uploading Page' is clicked on

2018-12-13 15:28:19 - [MESSAGE][PASSED] - Object: 'Object Repository/Final Object Repo/Page_Form 1A - Cessation As Employer/Page_Form 1A - Cessation As Employer (Query -OTC -UO)/Add Document in Uploading Page' is clicked on

2018-12-13 15:28:19 - [TEST_STEP][PASSED] - delay: Delayed 4 second(s)

2018-12-13 15:28:23 - [MESSAGE][PASSED] - Delayed 4 second(s)

2018-12-13 15:28:23 - [TEST_STEP][PASSED] - click: Object: 'Object Repository/Final Object Repo/Page_Form 1A - Cessation As Employer/Page_Form 1A - Cessation As Employer (Query -OTC -UO)/Exit' is clicked on

2018-12-13 15:28:26 - [MESSAGE][PASSED] - Object: 'Object Repository/Final Object Repo/Page_Form 1A - Cessation As Employer/Page_Form 1A - Cessation As Employer (Query -OTC -UO)/Exit' is clicked on

2018-12-13 15:28:26 - [TEST_STEP][PASSED] - delay: Delayed 1 second(s)

2018-12-13 15:28:27 - [MESSAGE][PASSED] - Delayed 1 second(s)

2018-12-13 15:28:27 - [TEST_STEP][PASSED] - navigateToUrl: Navigate to 'https://assist2-uat.perkeso.gov.my/c/portal/logout' successfully

2018-12-13 15:28:28 - [MESSAGE][PASSED] - Navigate to 'https://assist2-uat.perkeso.gov.my/c/portal/logout' successfully

2018-12-13 15:28:28 - [TEST_STEP][PASSED] - delay: Delayed 1 second(s)

2018-12-13 15:28:29 - [MESSAGE][PASSED] - Delayed 1 second(s)

2018-12-13 15:28:29 - [TEST_STEP][PASSED] - callTestCase: Call Test Case 'Test Cases/Final Aug 2018 - PKS Automation/Registration Module/Workflow/Login and Search Case For Workflow' successfully

2018-12-13 15:28:29 - [TEST_CASE][PASSED] - Test Cases/Final Aug 2018 - PKS Automation/Registration Module/Workflow/Login and Search Case For Workflow: Test Cases/Final Aug 2018 - PKS Automation/Registration Module/Workflow/Login and Search Case For Workflow

2018-12-13 15:28:29 - [TEST_STEP][PASSED] - navigateToUrl: Navigate to 'https://assist2-uat.perkeso.gov.my/login' successfully

2018-12-13 15:28:29 - [MESSAGE][PASSED] - Navigate to 'https://assist2-uat.perkeso.gov.my/login' successfully

2018-12-13 15:28:29 - [TEST_STEP][PASSED] - setText: Text 'johoruo3@gmail.com' is set on object 'Object Repository/Final Object Repo/Login Page/Internal User/Email Address'

2018-12-13 15:28:30 - [MESSAGE][PASSED] - Text 'johoruo3@gmail.com' is set on object 'Object Repository/Final Object Repo/Login Page/Internal User/Email Address'

2018-12-13 15:28:30 - [TEST_STEP][PASSED] - click: Object: 'Object Repository/Final Object Repo/Login Page/Internal User/Next Button' is clicked on

2018-12-13 15:28:30 - [MESSAGE][PASSED] - Object: 'Object Repository/Final Object Repo/Login Page/Internal User/Next Button' is clicked on

2018-12-13 15:28:30 - [TEST_STEP][PASSED] - delay: Delayed 1 second(s)

2018-12-13 15:28:31 - [MESSAGE][PASSED] - Delayed 1 second(s)

2018-12-13 15:28:31 - [TEST_STEP][PASSED] - setEncryptedText: Text ****** has been set on object 'Object Repository/Final Object Repo/Login Page/Internal User/Password'

2018-12-13 15:28:31 - [MESSAGE][PASSED] - Text ****** has been set on object 'Object Repository/Final Object Repo/Login Page/Internal User/Password'

2018-12-13 15:28:31 - [TEST_STEP][PASSED] - click: Object: 'Object Repository/Final Object Repo/Login Page/Internal User/Login Button' is clicked on

2018-12-13 15:28:31 - [MESSAGE][PASSED] - Object: 'Object Repository/Final Object Repo/Login Page/Internal User/Login Button' is clicked on

2018-12-13 15:28:31 - [TEST_STEP][PASSED] - delay: Delayed 2 second(s)

2018-12-13 15:28:33 - [MESSAGE][PASSED] - Delayed 2 second(s)

2018-12-13 15:28:33 - [TEST_STEP][PASSED] - Statement - Try: Delayed 2 second(s)

2018-12-13 15:28:33 - [TEST_STEP][PASSED] - Statement - Checker = false: null

2018-12-13 15:28:33 - [TEST_STEP][PASSED] - Statement - Checker = com.kms.katalon.core.webui.keyword.WebUiBuiltInKeywords.verifyElementHasAttribute(com.kms.katalon.core.testobject.ObjectRepository.findTestObject(Final Object Repo/Landing Page/BM Detecting), "href", 20, OPTIONAL): Object 'Object Repository/Final Object Repo/Landing Page/BM Detecting' has attribute 'href'

2018-12-13 15:28:33 - [MESSAGE][PASSED] - Object 'Object Repository/Final Object Repo/Landing Page/BM Detecting' has attribute 'href'

2018-12-13 15:28:33 - [TEST_STEP][PASSED] - Statement - out.println(Checker): null

2018-12-13 15:28:33 - [TEST_STEP][PASSED] - Statement - If (Checker == false): null

2018-12-13 15:28:33 - [TEST_STEP][PASSED] - Statement - Else: null

2018-12-13 15:28:33 - [TEST_STEP][PASSED] - delay: Delayed 2 second(s)

2018-12-13 15:28:35 - [MESSAGE][PASSED] - Delayed 2 second(s)

2018-12-13 15:28:35 - [TEST_STEP][PASSED] - click: Object: 'Object Repository/Final Object Repo/Page_MyASSIST - ASSIST - Search Pending Case For Add Supporting Document/Search Information' is clicked on

2018-12-13 15:28:35 - [MESSAGE][PASSED] - Object: 'Object Repository/Final Object Repo/Page_MyASSIST - ASSIST - Search Pending Case For Add Supporting Document/Search Information' is clicked on

2018-12-13 15:28:35 - [TEST_STEP][PASSED] - delay: Delayed 3 second(s)

2018-12-13 15:28:38 - [MESSAGE][PASSED] - Delayed 3 second(s)

2018-12-13 15:28:38 - [TEST_STEP][PASSED] - sendKeys: Keys 'CUN122018C200001736' sent to object: 'Object Repository/Final Object Repo/Page_MyASSIST - ASSIST - Search Pending Case For Add Supporting Document/Reference No'

2018-12-13 15:28:39 - [MESSAGE][PASSED] - Keys 'CUN122018C200001736' sent to object: 'Object Repository/Final Object Repo/Page_MyASSIST - ASSIST - Search Pending Case For Add Supporting Document/Reference No'

2018-12-13 15:28:39 - [TEST_STEP][PASSED] - click: Object: 'Object Repository/Final Object Repo/Page_MyASSIST - ASSIST - Search Pending Case For Add Supporting Document/Search Reference No' is clicked on

2018-12-13 15:28:39 - [MESSAGE][PASSED] - Object: 'Object Repository/Final Object Repo/Page_MyASSIST - ASSIST - Search Pending Case For Add Supporting Document/Search Reference No' is clicked on

2018-12-13 15:28:39 - [TEST_STEP][PASSED] - delay: Delayed 2 second(s)

2018-12-13 15:28:41 - [MESSAGE][PASSED] - Delayed 2 second(s)

2018-12-13 15:28:41 - [TEST_STEP][PASSED] - click: Object: 'Object Repository/Final Object Repo/Page_MyASSIST - ASSIST - Search Pending Case For Add Supporting Document/Continue' is clicked on

2018-12-13 15:28:45 - [MESSAGE][PASSED] - Object: 'Object Repository/Final Object Repo/Page_MyASSIST - ASSIST - Search Pending Case For Add Supporting Document/Continue' is clicked on

2018-12-13 15:28:45 - [TEST_STEP][PASSED] - delay: Delayed 20 second(s)

2018-12-13 15:29:05 - [MESSAGE][PASSED] - Delayed 20 second(s)

2018-12-13 15:29:05 - [MESSAGE][PASSED] - Call Test Case 'Test Cases/Final Aug 2018 - PKS Automation/Registration Module/Workflow/Login and Search Case For Workflow' successfully

2018-12-13 15:29:05 - [TEST_STEP][PASSED] - click: Object: 'Object Repository/Final Object Repo/Page_Form 1A - Cessation As Employer/Page_Form 1A - Cessation As Employer (Approve)/Save  Continue in Form 1A Page' is clicked on

2018-12-13 15:29:05 - [MESSAGE][PASSED] - Object: 'Object Repository/Final Object Repo/Page_Form 1A - Cessation As Employer/Page_Form 1A - Cessation As Employer (Approve)/Save  Continue in Form 1A Page' is clicked on

2018-12-13 15:29:05 - [TEST_STEP][PASSED] - delay: Delayed 3 second(s)

2018-12-13 15:29:08 - [MESSAGE][PASSED] - Delayed 3 second(s)

2018-12-13 15:29:08 - [TEST_STEP][PASSED] - click: Object: 'Object Repository/Final Object Repo/Page_Form 1A - Cessation As Employer/Page_Form 1A - Cessation As Employer (Approve)/Save  Continue in Update Add Employee Resigned Date Page' is clicked on

2018-12-13 15:29:08 - [MESSAGE][PASSED] - Object: 'Object Repository/Final Object Repo/Page_Form 1A - Cessation As Employer/Page_Form 1A - Cessation As Employer (Approve)/Save  Continue in Update Add Employee Resigned Date Page' is clicked on

2018-12-13 15:29:08 - [TEST_STEP][PASSED] - delay: Delayed 3 second(s)

2018-12-13 15:29:11 - [MESSAGE][PASSED] - Delayed 3 second(s)

2018-12-13 15:29:11 - [TEST_STEP][PASSED] - click: Object: 'Object Repository/Final Object Repo/Page_Form 1A - Cessation As Employer/Page_Form 1A - Cessation As Employer (Approve)/Save  Contine in Uploading Document Page' is clicked on

2018-12-13 15:29:11 - [MESSAGE][PASSED] - Object: 'Object Repository/Final Object Repo/Page_Form 1A - Cessation As Employer/Page_Form 1A - Cessation As Employer (Approve)/Save  Contine in Uploading Document Page' is clicked on

2018-12-13 15:29:11 - [TEST_STEP][PASSED] - delay: Delayed 3 second(s)

2018-12-13 15:29:14 - [MESSAGE][PASSED] - Delayed 3 second(s)

2018-12-13 15:29:14 - [TEST_STEP][PASSED] - click: Object: 'Object Repository/Final Object Repo/Page_Form 1A - Cessation As Employer/Page_Form 1A - Cessation As Employer (Approve)/Approve' is clicked on

2018-12-13 15:29:16 - [MESSAGE][PASSED] - Object: 'Object Repository/Final Object Repo/Page_Form 1A - Cessation As Employer/Page_Form 1A - Cessation As Employer (Approve)/Approve' is clicked on

2018-12-13 15:29:16 - [TEST_STEP][PASSED] - delay: Delayed 2 second(s)

2018-12-13 15:29:18 - [MESSAGE][PASSED] - Delayed 2 second(s)

2018-12-13 15:29:18 - [TEST_STEP][PASSED] - click: Object: 'Object Repository/Final Object Repo/Page_Form 1A - Cessation As Employer/Confirm' is clicked on

2018-12-13 15:29:18 - [MESSAGE][PASSED] - Object: 'Object Repository/Final Object Repo/Page_Form 1A - Cessation As Employer/Confirm' is clicked on

2018-12-13 15:29:18 - [TEST_STEP][PASSED] - delay: Delayed 2 second(s)

2018-12-13 15:29:20 - [MESSAGE][PASSED] - Delayed 2 second(s)

2018-12-13 15:29:20 - [TEST_STEP][PASSED] - click: Object: 'Object Repository/Final Object Repo/Page_Form 1A - Cessation As Employer/Page_Form 1A - Cessation As Employer (Approve)/Message Your Request    Form 1A ' is clicked on

2018-12-13 15:29:28 - [MESSAGE][PASSED] - Object: 'Object Repository/Final Object Repo/Page_Form 1A - Cessation As Employer/Page_Form 1A - Cessation As Employer (Approve)/Message Your Request    Form 1A ' is clicked on

2018-12-13 15:29:28 - [TEST_STEP][PASSED] - delay: Delayed 2 second(s)

2018-12-13 15:29:30 - [MESSAGE][PASSED] - Delayed 2 second(s)

2018-12-13 15:29:30 - [TEST_STEP][PASSED] - click: Object: 'Object Repository/Final Object Repo/Page_Form 1A - Cessation As Employer/Page_Form 1A - Cessation As Employer (Approve)/Letter of successful update' is clicked on

2018-12-13 15:29:31 - [MESSAGE][PASSED] - Object: 'Object Repository/Final Object Repo/Page_Form 1A - Cessation As Employer/Page_Form 1A - Cessation As Employer (Approve)/Letter of successful update' is clicked on

2018-12-13 15:29:31 - [MESSAGE][PASSED] - Call Test Case 'Test Cases/Final Aug 2018 - PKS Automation/Registration Module/Workflow/Form 1A - Cessation As Employer/Template/Form 1 A - Cessation As Employer (Query)' successfully]]></system-out>
         <system-err><![CDATA[]]></system-err>
      </testcase>
      <testcase name="Test Cases/Final Aug 2018 - PKS Automation/Registration Module/Workflow/Form 1A - Cessation As Employer/Employer to UO (Reject)" classname="Test Cases/Final Aug 2018 - PKS Automation/Registration Module/Workflow/Form 1A - Cessation As Employer/Employer to UO (Reject)" status="PASSED">
         <system-out><![CDATA[2018-12-13 15:29:31 - [TEST_CASE][PASSED] - Test Cases/Final Aug 2018 - PKS Automation/Registration Module/Workflow/Form 1A - Cessation As Employer/Employer to UO (Reject): Test Cases/Final Aug 2018 - PKS Automation/Registration Module/Workflow/Form 1A - Cessation As Employer/Employer to UO (Reject)

2018-12-13 15:29:31 - [TEST_STEP][PASSED] - callTestCase: Call Test Case 'Test Cases/Final Aug 2018 - PKS Automation/Registration Module/Workflow/Form 1A - Cessation As Employer/Template/Form 1 A - Cessation As Employer (Employer)' successfully

2018-12-13 15:29:31 - [TEST_CASE][PASSED] - Test Cases/Final Aug 2018 - PKS Automation/Registration Module/Workflow/Form 1A - Cessation As Employer/Template/Form 1 A - Cessation As Employer (Employer): Test Cases/Final Aug 2018 - PKS Automation/Registration Module/Workflow/Form 1A - Cessation As Employer/Template/Form 1 A - Cessation As Employer (Employer)

2018-12-13 15:29:31 - [TEST_STEP][PASSED] - callTestCase: Call Test Case 'Test Cases/Final Aug 2018 - PKS Automation/Registration Module/Workflow/Update Add New Employee/Template/New Company for Update Add New - Employer' successfully

2018-12-13 15:29:32 - [TEST_CASE][PASSED] - Test Cases/Final Aug 2018 - PKS Automation/Registration Module/Workflow/Update Add New Employee/Template/New Company for Update Add New - Employer: Test Cases/Final Aug 2018 - PKS Automation/Registration Module/Workflow/Update Add New Employee/Template/New Company for Update Add New - Employer

2018-12-13 15:29:32 - [TEST_STEP][PASSED] - callTestCase: Call Test Case 'Test Cases/Final Aug 2018 - PKS Automation/Create Employer Acc/Create Employer Account' successfully

2018-12-13 15:29:32 - [TEST_CASE][PASSED] - Test Cases/Final Aug 2018 - PKS Automation/Create Employer Acc/Create Employer Account: Test Cases/Final Aug 2018 - PKS Automation/Create Employer Acc/Create Employer Account

2018-12-13 15:29:32 - [TEST_STEP][PASSED] - callTestCase: Call Test Case 'Test Cases/Final Aug 2018 - PKS Automation/Create Employer Acc/Template/Register Employer' successfully

2018-12-13 15:29:32 - [TEST_CASE][PASSED] - Test Cases/Final Aug 2018 - PKS Automation/Create Employer Acc/Template/Register Employer: Test Cases/Final Aug 2018 - PKS Automation/Create Employer Acc/Template/Register Employer

2018-12-13 15:29:32 - [TEST_STEP][PASSED] - openBrowser: Browser is opened with url: ''

2018-12-13 15:29:32 - [MESSAGE][WARNING] - A browser is already opened. Closing browser and opening a new one

2018-12-13 15:29:35 - [MESSAGE][PASSED] - Browser is opened with url: ''

2018-12-13 15:29:35 - [TEST_STEP][PASSED] - navigateToUrl: Navigate to 'https://assist2-uat.perkeso.gov.my/login' successfully

2018-12-13 15:29:36 - [MESSAGE][PASSED] - Navigate to 'https://assist2-uat.perkeso.gov.my/login' successfully

2018-12-13 15:29:36 - [TEST_STEP][PASSED] - setText: Text 'johorotc1@gmail.com' is set on object 'Object Repository/Final Object Repo/Login Page/Internal User/Email Address'

2018-12-13 15:29:36 - [MESSAGE][PASSED] - Text 'johorotc1@gmail.com' is set on object 'Object Repository/Final Object Repo/Login Page/Internal User/Email Address'

2018-12-13 15:29:36 - [TEST_STEP][PASSED] - click: Object: 'Object Repository/Final Object Repo/Login Page/Internal User/Next Button' is clicked on

2018-12-13 15:29:37 - [MESSAGE][PASSED] - Object: 'Object Repository/Final Object Repo/Login Page/Internal User/Next Button' is clicked on

2018-12-13 15:29:37 - [TEST_STEP][PASSED] - delay: Delayed 1 second(s)

2018-12-13 15:29:38 - [MESSAGE][PASSED] - Delayed 1 second(s)

2018-12-13 15:29:38 - [TEST_STEP][PASSED] - setEncryptedText: Text ****** has been set on object 'Object Repository/Final Object Repo/Login Page/Internal User/Password'

2018-12-13 15:29:38 - [MESSAGE][PASSED] - Text ****** has been set on object 'Object Repository/Final Object Repo/Login Page/Internal User/Password'

2018-12-13 15:29:38 - [TEST_STEP][PASSED] - click: Object: 'Object Repository/Final Object Repo/Login Page/Internal User/Login Button' is clicked on

2018-12-13 15:29:38 - [MESSAGE][PASSED] - Object: 'Object Repository/Final Object Repo/Login Page/Internal User/Login Button' is clicked on

2018-12-13 15:29:38 - [TEST_STEP][PASSED] - delay: Delayed 1 second(s)

2018-12-13 15:29:39 - [MESSAGE][PASSED] - Delayed 1 second(s)

2018-12-13 15:29:39 - [TEST_STEP][PASSED] - navigateToUrl: Navigate to 'https://assist2-uat.perkeso.gov.my/web/base/portal-id/registration' successfully

2018-12-13 15:29:41 - [MESSAGE][PASSED] - Navigate to 'https://assist2-uat.perkeso.gov.my/web/base/portal-id/registration' successfully

2018-12-13 15:29:41 - [TEST_STEP][PASSED] - setText: Text 'AUTOMATION EMPLOYER' is set on object 'Object Repository/Final Object Repo/Creating Employer Account/Page_Registration - ASSIST (Base)/Employer Name'

2018-12-13 15:29:42 - [MESSAGE][PASSED] - Text 'AUTOMATION EMPLOYER' is set on object 'Object Repository/Final Object Repo/Creating Employer Account/Page_Registration - ASSIST (Base)/Employer Name'

2018-12-13 15:29:42 - [TEST_STEP][PASSED] - delay: Delayed 2 second(s)

2018-12-13 15:29:44 - [MESSAGE][PASSED] - Delayed 2 second(s)

2018-12-13 15:29:44 - [TEST_STEP][PASSED] - click: Object: 'Object Repository/Final Object Repo/Creating Employer Account/Page_Registration - ASSIST (Base)/Registration Type' is clicked on

2018-12-13 15:29:44 - [MESSAGE][PASSED] - Object: 'Object Repository/Final Object Repo/Creating Employer Account/Page_Registration - ASSIST (Base)/Registration Type' is clicked on

2018-12-13 15:29:44 - [TEST_STEP][PASSED] - delay: Delayed 2 second(s)

2018-12-13 15:29:46 - [MESSAGE][PASSED] - Delayed 2 second(s)

2018-12-13 15:29:46 - [TEST_STEP][PASSED] - click: Object: 'Object Repository/Final Object Repo/Creating Employer Account/Page_Registration - ASSIST (Base)/Registration Type - Registration No' is clicked on

2018-12-13 15:29:46 - [MESSAGE][PASSED] - Object: 'Object Repository/Final Object Repo/Creating Employer Account/Page_Registration - ASSIST (Base)/Registration Type - Registration No' is clicked on

2018-12-13 15:29:46 - [TEST_STEP][PASSED] - delay: Delayed 2 second(s)

2018-12-13 15:29:48 - [MESSAGE][PASSED] - Delayed 2 second(s)

2018-12-13 15:29:48 - [TEST_STEP][PASSED] - setText: Text 'AUTOMATE001' is set on object 'Object Repository/Final Object Repo/Creating Employer Account/Page_Registration - ASSIST (Base)/Registration Number'

2018-12-13 15:29:48 - [MESSAGE][PASSED] - Text 'AUTOMATE001' is set on object 'Object Repository/Final Object Repo/Creating Employer Account/Page_Registration - ASSIST (Base)/Registration Number'

2018-12-13 15:29:48 - [TEST_STEP][PASSED] - delay: Delayed 2 second(s)

2018-12-13 15:29:50 - [MESSAGE][PASSED] - Delayed 2 second(s)

2018-12-13 15:29:50 - [TEST_STEP][PASSED] - setText: Text 'ADDRESS 1' is set on object 'Object Repository/Final Object Repo/Creating Employer Account/Page_Registration - ASSIST (Base)/Postal Address 1'

2018-12-13 15:29:51 - [MESSAGE][PASSED] - Text 'ADDRESS 1' is set on object 'Object Repository/Final Object Repo/Creating Employer Account/Page_Registration - ASSIST (Base)/Postal Address 1'

2018-12-13 15:29:51 - [TEST_STEP][PASSED] - setText: Text 'ADDRESS 2' is set on object 'Object Repository/Final Object Repo/Creating Employer Account/Page_Registration - ASSIST (Base)/Postal Address 2'

2018-12-13 15:29:51 - [MESSAGE][PASSED] - Text 'ADDRESS 2' is set on object 'Object Repository/Final Object Repo/Creating Employer Account/Page_Registration - ASSIST (Base)/Postal Address 2'

2018-12-13 15:29:51 - [TEST_STEP][PASSED] - click: Object: 'Object Repository/Final Object Repo/Creating Employer Account/Page_Registration - ASSIST (Base)/State' is clicked on

2018-12-13 15:29:51 - [MESSAGE][PASSED] - Object: 'Object Repository/Final Object Repo/Creating Employer Account/Page_Registration - ASSIST (Base)/State' is clicked on

2018-12-13 15:29:51 - [TEST_STEP][PASSED] - delay: Delayed 2 second(s)

2018-12-13 15:29:53 - [MESSAGE][PASSED] - Delayed 2 second(s)

2018-12-13 15:29:53 - [TEST_STEP][PASSED] - click: Object: 'Object Repository/Final Object Repo/Creating Employer Account/Page_Registration - ASSIST (Base)/State - Johor' is clicked on

2018-12-13 15:29:53 - [MESSAGE][PASSED] - Object: 'Object Repository/Final Object Repo/Creating Employer Account/Page_Registration - ASSIST (Base)/State - Johor' is clicked on

2018-12-13 15:29:53 - [TEST_STEP][PASSED] - delay: Delayed 2 second(s)

2018-12-13 15:29:55 - [MESSAGE][PASSED] - Delayed 2 second(s)

2018-12-13 15:29:55 - [TEST_STEP][PASSED] - click: Object: 'Object Repository/Final Object Repo/Creating Employer Account/Page_Registration - ASSIST (Base)/City' is clicked on

2018-12-13 15:29:56 - [MESSAGE][PASSED] - Object: 'Object Repository/Final Object Repo/Creating Employer Account/Page_Registration - ASSIST (Base)/City' is clicked on

2018-12-13 15:29:56 - [TEST_STEP][PASSED] - delay: Delayed 2 second(s)

2018-12-13 15:29:58 - [MESSAGE][PASSED] - Delayed 2 second(s)

2018-12-13 15:29:58 - [TEST_STEP][PASSED] - setText: Text 'joh' is set on object 'Object Repository/Final Object Repo/Creating Employer Account/Page_Registration - ASSIST (Base)/City - joh'

2018-12-13 15:29:58 - [MESSAGE][PASSED] - Text 'joh' is set on object 'Object Repository/Final Object Repo/Creating Employer Account/Page_Registration - ASSIST (Base)/City - joh'

2018-12-13 15:29:58 - [TEST_STEP][PASSED] - delay: Delayed 2 second(s)

2018-12-13 15:30:00 - [MESSAGE][PASSED] - Delayed 2 second(s)

2018-12-13 15:30:00 - [TEST_STEP][PASSED] - click: Object: 'Object Repository/Final Object Repo/Creating Employer Account/Page_Registration - ASSIST (Base)/City - Johor Bharu' is clicked on

2018-12-13 15:30:00 - [MESSAGE][PASSED] - Object: 'Object Repository/Final Object Repo/Creating Employer Account/Page_Registration - ASSIST (Base)/City - Johor Bharu' is clicked on

2018-12-13 15:30:00 - [TEST_STEP][PASSED] - delay: Delayed 2 second(s)

2018-12-13 15:30:02 - [MESSAGE][PASSED] - Delayed 2 second(s)

2018-12-13 15:30:02 - [TEST_STEP][PASSED] - click: Object: 'Object Repository/Final Object Repo/Creating Employer Account/Page_Registration - ASSIST (Base)/Post Code' is clicked on

2018-12-13 15:30:02 - [MESSAGE][PASSED] - Object: 'Object Repository/Final Object Repo/Creating Employer Account/Page_Registration - ASSIST (Base)/Post Code' is clicked on

2018-12-13 15:30:02 - [TEST_STEP][PASSED] - delay: Delayed 2 second(s)

2018-12-13 15:30:04 - [MESSAGE][PASSED] - Delayed 2 second(s)

2018-12-13 15:30:04 - [TEST_STEP][PASSED] - setText: Text '810' is set on object 'Object Repository/Final Object Repo/Creating Employer Account/Page_Registration - ASSIST (Base)/Post Code - 810'

2018-12-13 15:30:04 - [MESSAGE][PASSED] - Text '810' is set on object 'Object Repository/Final Object Repo/Creating Employer Account/Page_Registration - ASSIST (Base)/Post Code - 810'

2018-12-13 15:30:04 - [TEST_STEP][PASSED] - delay: Delayed 2 second(s)

2018-12-13 15:30:06 - [MESSAGE][PASSED] - Delayed 2 second(s)

2018-12-13 15:30:06 - [TEST_STEP][PASSED] - click: Object: 'Object Repository/Final Object Repo/Creating Employer Account/Page_Registration - ASSIST (Base)/Post Code - 81000' is clicked on

2018-12-13 15:30:07 - [MESSAGE][PASSED] - Object: 'Object Repository/Final Object Repo/Creating Employer Account/Page_Registration - ASSIST (Base)/Post Code - 81000' is clicked on

2018-12-13 15:30:07 - [TEST_STEP][PASSED] - delay: Delayed 2 second(s)

2018-12-13 15:30:09 - [MESSAGE][PASSED] - Delayed 2 second(s)

2018-12-13 15:30:09 - [TEST_STEP][PASSED] - setText: Text 'PERKESO' is set on object 'Object Repository/Final Object Repo/Creating Employer Account/Page_Registration - ASSIST (Base)/Full Name'

2018-12-13 15:30:09 - [MESSAGE][PASSED] - Text 'PERKESO' is set on object 'Object Repository/Final Object Repo/Creating Employer Account/Page_Registration - ASSIST (Base)/Full Name'

2018-12-13 15:30:09 - [TEST_STEP][PASSED] - Statement - rnd = new java.util.Random(): null

2018-12-13 15:30:09 - [TEST_STEP][PASSED] - Statement - snum = rnd.nextInt(899999 + 1) + 100000: null

2018-12-13 15:30:09 - [TEST_STEP][PASSED] - Statement - tnum = rnd.nextInt(899999 + 1) + 100000: null

2018-12-13 15:30:09 - [TEST_STEP][PASSED] - Statement - IC = java.lang.Integer.toString(snum) + java.lang.Integer.toString(tnum): null

2018-12-13 15:30:09 - [TEST_STEP][PASSED] - Statement - out.println(IC): null

2018-12-13 15:30:09 - [TEST_STEP][PASSED] - setText: Text '479219517796' is set on object 'Object Repository/Final Object Repo/Creating Employer Account/Page_Registration - ASSIST (Base)/Identification Number'

2018-12-13 15:30:09 - [MESSAGE][PASSED] - Text '479219517796' is set on object 'Object Repository/Final Object Repo/Creating Employer Account/Page_Registration - ASSIST (Base)/Identification Number'

2018-12-13 15:30:09 - [TEST_STEP][PASSED] - delay: Delayed 2 second(s)

2018-12-13 15:30:11 - [MESSAGE][PASSED] - Delayed 2 second(s)

2018-12-13 15:30:11 - [TEST_STEP][PASSED] - setText: Text '123456789012' is set on object 'Object Repository/Final Object Repo/Creating Employer Account/Page_Registration - ASSIST (Base)/Contact Number'

2018-12-13 15:30:12 - [MESSAGE][PASSED] - Text '123456789012' is set on object 'Object Repository/Final Object Repo/Creating Employer Account/Page_Registration - ASSIST (Base)/Contact Number'

2018-12-13 15:30:12 - [TEST_STEP][PASSED] - Statement - Email = "perkeso" + IC + "@gmail.com": null

2018-12-13 15:30:12 - [TEST_STEP][PASSED] - delay: Delayed 2 second(s)

2018-12-13 15:30:14 - [MESSAGE][PASSED] - Delayed 2 second(s)

2018-12-13 15:30:14 - [TEST_STEP][PASSED] - callTestCase: Call Test Case 'Test Cases/Final Aug 2018 - PKS Automation/Create Employer Acc/Template/Employer Email Settler' successfully

2018-12-13 15:30:14 - [TEST_CASE][PASSED] - Test Cases/Final Aug 2018 - PKS Automation/Create Employer Acc/Template/Employer Email Settler: Test Cases/Final Aug 2018 - PKS Automation/Create Employer Acc/Template/Employer Email Settler

2018-12-13 15:30:14 - [TEST_STEP][PASSED] - Statement - EmpEmailOld = new java.io.File(C://Users//Admin//Desktop//PKS//Automation Reference Point//EmpEmail.txt): null

2018-12-13 15:30:14 - [TEST_STEP][PASSED] - Statement - EmpEmailOld.delete(): null

2018-12-13 15:30:14 - [TEST_STEP][PASSED] - delay: Delayed 5 second(s)

2018-12-13 15:30:19 - [MESSAGE][PASSED] - Delayed 5 second(s)

2018-12-13 15:30:19 - [TEST_STEP][PASSED] - Statement - EmpEmail = new java.io.File(C://Users//Admin//Desktop//PKS//Automation Reference Point//EmpEmail.txt): null

2018-12-13 15:30:19 - [TEST_STEP][PASSED] - Statement - f2 = new java.io.FileWriter(EmpEmail, false): null

2018-12-13 15:30:19 - [TEST_STEP][PASSED] - Statement - f2.write(Email): null

2018-12-13 15:30:19 - [TEST_STEP][PASSED] - Statement - f2.close(): null

2018-12-13 15:30:19 - [TEST_STEP][PASSED] - Statement - out.println(Email): null

2018-12-13 15:30:19 - [MESSAGE][PASSED] - Call Test Case 'Test Cases/Final Aug 2018 - PKS Automation/Create Employer Acc/Template/Employer Email Settler' successfully

2018-12-13 15:30:19 - [TEST_STEP][PASSED] - delay: Delayed 2 second(s)

2018-12-13 15:30:21 - [MESSAGE][PASSED] - Delayed 2 second(s)

2018-12-13 15:30:21 - [TEST_STEP][PASSED] - setText: Text 'perkeso479219517796@gmail.com' is set on object 'Object Repository/Final Object Repo/Creating Employer Account/Page_Registration - ASSIST (Base)/Email'

2018-12-13 15:30:21 - [MESSAGE][PASSED] - Text 'perkeso479219517796@gmail.com' is set on object 'Object Repository/Final Object Repo/Creating Employer Account/Page_Registration - ASSIST (Base)/Email'

2018-12-13 15:30:21 - [TEST_STEP][PASSED] - setText: Text '123' is set on object 'Object Repository/Final Object Repo/Creating Employer Account/Page_Registration - ASSIST (Base)/Security Phase'

2018-12-13 15:30:21 - [MESSAGE][PASSED] - Text '123' is set on object 'Object Repository/Final Object Repo/Creating Employer Account/Page_Registration - ASSIST (Base)/Security Phase'

2018-12-13 15:30:21 - [TEST_STEP][PASSED] - click: Object: 'Object Repository/Final Object Repo/Creating Employer Account/Page_Registration - ASSIST (Base)/Save  Continue' is clicked on

2018-12-13 15:30:22 - [MESSAGE][PASSED] - Object: 'Object Repository/Final Object Repo/Creating Employer Account/Page_Registration - ASSIST (Base)/Save  Continue' is clicked on

2018-12-13 15:30:22 - [TEST_STEP][PASSED] - delay: Delayed 2 second(s)

2018-12-13 15:30:24 - [MESSAGE][PASSED] - Delayed 2 second(s)

2018-12-13 15:30:24 - [TEST_STEP][PASSED] - click: Object: 'Object Repository/Final Object Repo/Creating Employer Account/Page_Registration - ASSIST (Base)/Add Document' is clicked on

2018-12-13 15:30:24 - [MESSAGE][PASSED] - Object: 'Object Repository/Final Object Repo/Creating Employer Account/Page_Registration - ASSIST (Base)/Add Document' is clicked on

2018-12-13 15:30:24 - [TEST_STEP][PASSED] - delay: Delayed 2 second(s)

2018-12-13 15:30:26 - [MESSAGE][PASSED] - Delayed 2 second(s)

2018-12-13 15:30:26 - [TEST_STEP][PASSED] - click: Object: 'Object Repository/Final Object Repo/Creating Employer Account/Page_Registration - ASSIST (Base)/Document Type' is clicked on

2018-12-13 15:30:26 - [MESSAGE][PASSED] - Object: 'Object Repository/Final Object Repo/Creating Employer Account/Page_Registration - ASSIST (Base)/Document Type' is clicked on

2018-12-13 15:30:26 - [TEST_STEP][PASSED] - delay: Delayed 2 second(s)

2018-12-13 15:30:28 - [MESSAGE][PASSED] - Delayed 2 second(s)

2018-12-13 15:30:28 - [TEST_STEP][PASSED] - click: Object: 'Object Repository/Final Object Repo/Creating Employer Account/Page_Registration - ASSIST (Base)/Document Type - Letter of Authorization' is clicked on

2018-12-13 15:30:28 - [MESSAGE][PASSED] - Object: 'Object Repository/Final Object Repo/Creating Employer Account/Page_Registration - ASSIST (Base)/Document Type - Letter of Authorization' is clicked on

2018-12-13 15:30:28 - [TEST_STEP][PASSED] - delay: Delayed 2 second(s)

2018-12-13 15:30:30 - [MESSAGE][PASSED] - Delayed 2 second(s)

2018-12-13 15:30:30 - [TEST_STEP][PASSED] - sendKeys: Keys 'C:\Users\Public\Pictures\Sample Pictures\Koala.jpg' sent to object: 'Object Repository/Final Object Repo/Creating Employer Account/Page_Registration - ASSIST (Base)/Uploading File'

2018-12-13 15:30:30 - [MESSAGE][PASSED] - Keys 'C:\Users\Public\Pictures\Sample Pictures\Koala.jpg' sent to object: 'Object Repository/Final Object Repo/Creating Employer Account/Page_Registration - ASSIST (Base)/Uploading File'

2018-12-13 15:30:30 - [TEST_STEP][PASSED] - delay: Delayed 2 second(s)

2018-12-13 15:30:32 - [MESSAGE][PASSED] - Delayed 2 second(s)

2018-12-13 15:30:32 - [TEST_STEP][PASSED] - click: Object: 'Object Repository/Final Object Repo/Creating Employer Account/Page_Registration - ASSIST (Base)/Add Document in Uploading File' is clicked on

2018-12-13 15:30:32 - [MESSAGE][PASSED] - Object: 'Object Repository/Final Object Repo/Creating Employer Account/Page_Registration - ASSIST (Base)/Add Document in Uploading File' is clicked on

2018-12-13 15:30:32 - [TEST_STEP][PASSED] - delay: Delayed 2 second(s)

2018-12-13 15:30:34 - [MESSAGE][PASSED] - Delayed 2 second(s)

2018-12-13 15:30:34 - [TEST_STEP][PASSED] - click: Object: 'Object Repository/Final Object Repo/Creating Employer Account/Page_Registration - ASSIST (Base)/Save' is clicked on

2018-12-13 15:30:35 - [MESSAGE][PASSED] - Object: 'Object Repository/Final Object Repo/Creating Employer Account/Page_Registration - ASSIST (Base)/Save' is clicked on

2018-12-13 15:30:35 - [TEST_STEP][PASSED] - delay: Delayed 2 second(s)

2018-12-13 15:30:37 - [MESSAGE][PASSED] - Delayed 2 second(s)

2018-12-13 15:30:37 - [TEST_STEP][PASSED] - click: Object: 'Object Repository/Final Object Repo/Creating Employer Account/Page_Registration - ASSIST (Base)/Submit' is clicked on

2018-12-13 15:30:37 - [MESSAGE][PASSED] - Object: 'Object Repository/Final Object Repo/Creating Employer Account/Page_Registration - ASSIST (Base)/Submit' is clicked on

2018-12-13 15:30:37 - [TEST_STEP][PASSED] - delay: Delayed 2 second(s)

2018-12-13 15:30:39 - [MESSAGE][PASSED] - Delayed 2 second(s)

2018-12-13 15:30:39 - [TEST_STEP][PASSED] - click: Object: 'Object Repository/Final Object Repo/Creating Employer Account/Page_Registration - ASSIST (Base)/Confirm' is clicked on

2018-12-13 15:30:39 - [MESSAGE][PASSED] - Object: 'Object Repository/Final Object Repo/Creating Employer Account/Page_Registration - ASSIST (Base)/Confirm' is clicked on

2018-12-13 15:30:39 - [MESSAGE][PASSED] - Call Test Case 'Test Cases/Final Aug 2018 - PKS Automation/Create Employer Acc/Template/Register Employer' successfully

2018-12-13 15:30:39 - [TEST_STEP][PASSED] - delay: Delayed 1 second(s)

2018-12-13 15:30:40 - [MESSAGE][PASSED] - Delayed 1 second(s)

2018-12-13 15:30:40 - [TEST_STEP][PASSED] - navigateToUrl: Navigate to 'https://assist2-uat.perkeso.gov.my/c/portal/logout' successfully

2018-12-13 15:30:42 - [MESSAGE][PASSED] - Navigate to 'https://assist2-uat.perkeso.gov.my/c/portal/logout' successfully

2018-12-13 15:30:42 - [TEST_STEP][PASSED] - delay: Delayed 1 second(s)

2018-12-13 15:30:43 - [MESSAGE][PASSED] - Delayed 1 second(s)

2018-12-13 15:30:43 - [TEST_STEP][PASSED] - callTestCase: Call Test Case 'Test Cases/Final Aug 2018 - PKS Automation/Create Employer Acc/Template/Change Password of Employer' successfully

2018-12-13 15:30:44 - [TEST_CASE][PASSED] - Test Cases/Final Aug 2018 - PKS Automation/Create Employer Acc/Template/Change Password of Employer: Test Cases/Final Aug 2018 - PKS Automation/Create Employer Acc/Template/Change Password of Employer

2018-12-13 15:30:44 - [TEST_STEP][PASSED] - openBrowser: Browser is opened with url: ''

2018-12-13 15:30:44 - [MESSAGE][WARNING] - A browser is already opened. Closing browser and opening a new one

2018-12-13 15:30:46 - [MESSAGE][PASSED] - Browser is opened with url: ''

2018-12-13 15:30:46 - [TEST_STEP][PASSED] - navigateToUrl: Navigate to 'https://assist2-uat.perkeso.gov.my/login' successfully

2018-12-13 15:30:47 - [MESSAGE][PASSED] - Navigate to 'https://assist2-uat.perkeso.gov.my/login' successfully

2018-12-13 15:30:47 - [TEST_STEP][PASSED] - delay: Delayed 5 second(s)

2018-12-13 15:30:52 - [MESSAGE][PASSED] - Delayed 5 second(s)

2018-12-13 15:30:52 - [TEST_STEP][PASSED] - setText: Text 'test@liferay.com' is set on object 'Object Repository/Final Object Repo/Login Page/Internal User/Email Address'

2018-12-13 15:30:53 - [MESSAGE][PASSED] - Text 'test@liferay.com' is set on object 'Object Repository/Final Object Repo/Login Page/Internal User/Email Address'

2018-12-13 15:30:53 - [TEST_STEP][PASSED] - click: Object: 'Object Repository/Final Object Repo/Login Page/Internal User/Next Button' is clicked on

2018-12-13 15:30:53 - [MESSAGE][PASSED] - Object: 'Object Repository/Final Object Repo/Login Page/Internal User/Next Button' is clicked on

2018-12-13 15:30:53 - [TEST_STEP][PASSED] - delay: Delayed 2 second(s)

2018-12-13 15:30:55 - [MESSAGE][PASSED] - Delayed 2 second(s)

2018-12-13 15:30:55 - [TEST_STEP][PASSED] - setText: Text 'test' is set on object 'Object Repository/Final Object Repo/Login Page/Internal User/Password'

2018-12-13 15:30:55 - [MESSAGE][PASSED] - Text 'test' is set on object 'Object Repository/Final Object Repo/Login Page/Internal User/Password'

2018-12-13 15:30:55 - [TEST_STEP][PASSED] - delay: Delayed 2 second(s)

2018-12-13 15:30:57 - [MESSAGE][PASSED] - Delayed 2 second(s)

2018-12-13 15:30:57 - [TEST_STEP][PASSED] - click: Object: 'Object Repository/Final Object Repo/Login Page/Internal User/Login Button' is clicked on

2018-12-13 15:30:57 - [MESSAGE][PASSED] - Object: 'Object Repository/Final Object Repo/Login Page/Internal User/Login Button' is clicked on

2018-12-13 15:30:57 - [TEST_STEP][PASSED] - delay: Delayed 3 second(s)

2018-12-13 15:31:00 - [MESSAGE][PASSED] - Delayed 3 second(s)

2018-12-13 15:31:00 - [TEST_STEP][PASSED] - navigateToUrl: Navigate to 'https://assist2-uat.perkeso.gov.my/group/control_panel/manage?p_p_id=125&p_p_lifecycle=0&p_p_state=maximized&p_p_mode=view&refererPlid=20455&_125_usersListView=flat-users&_125_toolbarItem=view-all-users&_125_saveUsersListView=true&_125_struts_action=%2Fusers_admin%2Fview' successfully

2018-12-13 15:31:02 - [MESSAGE][PASSED] - Navigate to 'https://assist2-uat.perkeso.gov.my/group/control_panel/manage?p_p_id=125&p_p_lifecycle=0&p_p_state=maximized&p_p_mode=view&refererPlid=20455&_125_usersListView=flat-users&_125_toolbarItem=view-all-users&_125_saveUsersListView=true&_125_struts_action=%2Fusers_admin%2Fview' successfully

2018-12-13 15:31:02 - [TEST_STEP][PASSED] - delay: Delayed 3 second(s)

2018-12-13 15:31:05 - [MESSAGE][PASSED] - Delayed 3 second(s)

2018-12-13 15:31:05 - [TEST_STEP][PASSED] - setText: Text 'perkeso479219517796@gmail.com' is set on object 'Object Repository/Final Object Repo/Creating Employer Account/Page_Users and Organizations - ASSIST/Employer name'

2018-12-13 15:31:06 - [MESSAGE][PASSED] - Text 'perkeso479219517796@gmail.com' is set on object 'Object Repository/Final Object Repo/Creating Employer Account/Page_Users and Organizations - ASSIST/Employer name'

2018-12-13 15:31:06 - [TEST_STEP][PASSED] - delay: Delayed 3 second(s)

2018-12-13 15:31:09 - [MESSAGE][PASSED] - Delayed 3 second(s)

2018-12-13 15:31:09 - [TEST_STEP][PASSED] - click: Object: 'Object Repository/Final Object Repo/Creating Employer Account/Page_Users and Organizations - ASSIST/Search' is clicked on

2018-12-13 15:31:10 - [MESSAGE][PASSED] - Object: 'Object Repository/Final Object Repo/Creating Employer Account/Page_Users and Organizations - ASSIST/Search' is clicked on

2018-12-13 15:31:10 - [TEST_STEP][PASSED] - delay: Delayed 3 second(s)

2018-12-13 15:31:13 - [MESSAGE][PASSED] - Delayed 3 second(s)

2018-12-13 15:31:13 - [TEST_STEP][PASSED] - click: Object: 'Object Repository/Final Object Repo/Creating Employer Account/Page_Users and Organizations - ASSIST/Action' is clicked on

2018-12-13 15:31:13 - [MESSAGE][PASSED] - Object: 'Object Repository/Final Object Repo/Creating Employer Account/Page_Users and Organizations - ASSIST/Action' is clicked on

2018-12-13 15:31:13 - [TEST_STEP][PASSED] - delay: Delayed 3 second(s)

2018-12-13 15:31:16 - [MESSAGE][PASSED] - Delayed 3 second(s)

2018-12-13 15:31:16 - [TEST_STEP][PASSED] - click: Object: 'Object Repository/Final Object Repo/Creating Employer Account/Page_Users and Organizations - ASSIST/Edit' is clicked on

2018-12-13 15:31:17 - [MESSAGE][PASSED] - Object: 'Object Repository/Final Object Repo/Creating Employer Account/Page_Users and Organizations - ASSIST/Edit' is clicked on

2018-12-13 15:31:17 - [TEST_STEP][PASSED] - delay: Delayed 3 second(s)

2018-12-13 15:31:20 - [MESSAGE][PASSED] - Delayed 3 second(s)

2018-12-13 15:31:20 - [TEST_STEP][PASSED] - click: Object: 'Object Repository/Final Object Repo/Creating Employer Account/Page_PERKESO - Users and Organizati/a_Password (Modified)' is clicked on

2018-12-13 15:31:20 - [MESSAGE][PASSED] - Object: 'Object Repository/Final Object Repo/Creating Employer Account/Page_PERKESO - Users and Organizati/a_Password (Modified)' is clicked on

2018-12-13 15:31:20 - [TEST_STEP][PASSED] - delay: Delayed 3 second(s)

2018-12-13 15:31:23 - [MESSAGE][PASSED] - Delayed 3 second(s)

2018-12-13 15:31:23 - [TEST_STEP][PASSED] - setEncryptedText: Text ****** has been set on object 'Object Repository/Final Object Repo/Creating Employer Account/Page_PERKESO - Users and Organizati/input__125_password1'

2018-12-13 15:31:23 - [MESSAGE][PASSED] - Text ****** has been set on object 'Object Repository/Final Object Repo/Creating Employer Account/Page_PERKESO - Users and Organizati/input__125_password1'

2018-12-13 15:31:23 - [TEST_STEP][PASSED] - delay: Delayed 3 second(s)

2018-12-13 15:31:26 - [MESSAGE][PASSED] - Delayed 3 second(s)

2018-12-13 15:31:26 - [TEST_STEP][PASSED] - setEncryptedText: Text ****** has been set on object 'Object Repository/Final Object Repo/Creating Employer Account/Page_PERKESO - Users and Organizati/input__125_password2'

2018-12-13 15:31:27 - [MESSAGE][PASSED] - Text ****** has been set on object 'Object Repository/Final Object Repo/Creating Employer Account/Page_PERKESO - Users and Organizati/input__125_password2'

2018-12-13 15:31:27 - [TEST_STEP][PASSED] - delay: Delayed 3 second(s)

2018-12-13 15:31:30 - [MESSAGE][PASSED] - Delayed 3 second(s)

2018-12-13 15:31:30 - [TEST_STEP][PASSED] - click: Object: 'Object Repository/Final Object Repo/Creating Employer Account/Page_PERKESO - Users and Organizati/Save' is clicked on

2018-12-13 15:31:31 - [MESSAGE][PASSED] - Object: 'Object Repository/Final Object Repo/Creating Employer Account/Page_PERKESO - Users and Organizati/Save' is clicked on

2018-12-13 15:31:31 - [MESSAGE][PASSED] - Call Test Case 'Test Cases/Final Aug 2018 - PKS Automation/Create Employer Acc/Template/Change Password of Employer' successfully

2018-12-13 15:31:31 - [TEST_STEP][PASSED] - delay: Delayed 1 second(s)

2018-12-13 15:31:32 - [MESSAGE][PASSED] - Delayed 1 second(s)

2018-12-13 15:31:32 - [TEST_STEP][PASSED] - navigateToUrl: Navigate to 'https://assist2-uat.perkeso.gov.my/c/portal/logout' successfully

2018-12-13 15:31:33 - [MESSAGE][PASSED] - Navigate to 'https://assist2-uat.perkeso.gov.my/c/portal/logout' successfully

2018-12-13 15:31:33 - [TEST_STEP][PASSED] - delay: Delayed 1 second(s)

2018-12-13 15:31:34 - [MESSAGE][PASSED] - Delayed 1 second(s)

2018-12-13 15:31:34 - [TEST_STEP][PASSED] - callTestCase: Call Test Case 'Test Cases/Final Aug 2018 - PKS Automation/Create Employer Acc/Template/Login to Employer Account (First Time)' successfully

2018-12-13 15:31:34 - [TEST_CASE][PASSED] - Test Cases/Final Aug 2018 - PKS Automation/Create Employer Acc/Template/Login to Employer Account (First Time): Test Cases/Final Aug 2018 - PKS Automation/Create Employer Acc/Template/Login to Employer Account (First Time)

2018-12-13 15:31:34 - [TEST_STEP][PASSED] - openBrowser: Browser is opened with url: ''

2018-12-13 15:31:34 - [MESSAGE][WARNING] - A browser is already opened. Closing browser and opening a new one

2018-12-13 15:31:37 - [MESSAGE][PASSED] - Browser is opened with url: ''

2018-12-13 15:31:37 - [TEST_STEP][PASSED] - navigateToUrl: Navigate to 'https://assist2-uat.perkeso.gov.my/employer/login' successfully

2018-12-13 15:31:38 - [MESSAGE][PASSED] - Navigate to 'https://assist2-uat.perkeso.gov.my/employer/login' successfully

2018-12-13 15:31:38 - [TEST_STEP][PASSED] - delay: Delayed 3 second(s)

2018-12-13 15:31:41 - [MESSAGE][PASSED] - Delayed 3 second(s)

2018-12-13 15:31:41 - [TEST_STEP][PASSED] - callTestCase: Call Test Case 'Test Cases/Final Aug 2018 - PKS Automation/Create Employer Acc/Template/Employer Email Getter' successfully

2018-12-13 15:31:41 - [TEST_CASE][PASSED] - Test Cases/Final Aug 2018 - PKS Automation/Create Employer Acc/Template/Employer Email Getter: Test Cases/Final Aug 2018 - PKS Automation/Create Employer Acc/Template/Employer Email Getter

2018-12-13 15:31:41 - [TEST_STEP][PASSED] - Statement - Try: null

2018-12-13 15:31:41 - [TEST_STEP][PASSED] - Statement - EmpEmail = new java.io.File(C://Users//Admin//Desktop//PKS//Automation Reference Point//EmpEmail.txt): null

2018-12-13 15:31:41 - [TEST_STEP][PASSED] - Statement - bufferread = new java.io.BufferedReader(new java.io.FileReader(EmpEmail)): null

2018-12-13 15:31:41 - [TEST_STEP][PASSED] - Statement - readedVal = bufferread.readLine(): null

2018-12-13 15:31:41 - [TEST_STEP][PASSED] - Statement - out.println(readedVal): null

2018-12-13 15:31:41 - [TEST_STEP][PASSED] - Statement - Email = readedVal: null

2018-12-13 15:31:41 - [MESSAGE][PASSED] - Call Test Case 'Test Cases/Final Aug 2018 - PKS Automation/Create Employer Acc/Template/Employer Email Getter' successfully

2018-12-13 15:31:41 - [TEST_STEP][PASSED] - setText: Text 'perkeso479219517796@gmail.com' is set on object 'Object Repository/Final Object Repo/Login Page/External Login Page/Email'

2018-12-13 15:31:42 - [MESSAGE][PASSED] - Text 'perkeso479219517796@gmail.com' is set on object 'Object Repository/Final Object Repo/Login Page/External Login Page/Email'

2018-12-13 15:31:42 - [TEST_STEP][PASSED] - click: Object: 'Object Repository/Final Object Repo/Login Page/External Login Page/Next' is clicked on

2018-12-13 15:31:42 - [MESSAGE][PASSED] - Object: 'Object Repository/Final Object Repo/Login Page/External Login Page/Next' is clicked on

2018-12-13 15:31:42 - [TEST_STEP][PASSED] - delay: Delayed 3 second(s)

2018-12-13 15:31:45 - [MESSAGE][PASSED] - Delayed 3 second(s)

2018-12-13 15:31:45 - [TEST_STEP][PASSED] - setEncryptedText: Text ****** has been set on object 'Object Repository/Final Object Repo/Login Page/External Login Page/Password'

2018-12-13 15:31:45 - [MESSAGE][PASSED] - Text ****** has been set on object 'Object Repository/Final Object Repo/Login Page/External Login Page/Password'

2018-12-13 15:31:45 - [TEST_STEP][PASSED] - click: Object: 'Object Repository/Final Object Repo/Login Page/External Login Page/Login' is clicked on

2018-12-13 15:31:45 - [MESSAGE][PASSED] - Object: 'Object Repository/Final Object Repo/Login Page/External Login Page/Login' is clicked on

2018-12-13 15:31:45 - [TEST_STEP][PASSED] - delay: Delayed 3 second(s)

2018-12-13 15:31:48 - [MESSAGE][PASSED] - Delayed 3 second(s)

2018-12-13 15:31:48 - [TEST_STEP][PASSED] - click: Object: 'Object Repository/Final Object Repo/Creating Employer Account/Page_Terms of Use - ASSIST/button_I Agree' is clicked on

2018-12-13 15:31:49 - [MESSAGE][PASSED] - Object: 'Object Repository/Final Object Repo/Creating Employer Account/Page_Terms of Use - ASSIST/button_I Agree' is clicked on

2018-12-13 15:31:49 - [TEST_STEP][PASSED] - delay: Delayed 2 second(s)

2018-12-13 15:31:51 - [MESSAGE][PASSED] - Delayed 2 second(s)

2018-12-13 15:31:51 - [TEST_STEP][PASSED] - setEncryptedText: Text ****** has been set on object 'Object Repository/Final Object Repo/Creating Employer Account/Page_New Password - ASSIST/input_password1'

2018-12-13 15:31:51 - [MESSAGE][PASSED] - Text ****** has been set on object 'Object Repository/Final Object Repo/Creating Employer Account/Page_New Password - ASSIST/input_password1'

2018-12-13 15:31:51 - [TEST_STEP][PASSED] - setEncryptedText: Text ****** has been set on object 'Object Repository/Final Object Repo/Creating Employer Account/Page_New Password - ASSIST/input_password2'

2018-12-13 15:31:52 - [MESSAGE][PASSED] - Text ****** has been set on object 'Object Repository/Final Object Repo/Creating Employer Account/Page_New Password - ASSIST/input_password2'

2018-12-13 15:31:52 - [TEST_STEP][PASSED] - delay: Delayed 2 second(s)

2018-12-13 15:31:54 - [MESSAGE][PASSED] - Delayed 2 second(s)

2018-12-13 15:31:54 - [TEST_STEP][PASSED] - click: Object: 'Object Repository/Final Object Repo/Creating Employer Account/Page_New Password - ASSIST/Save' is clicked on

2018-12-13 15:31:54 - [MESSAGE][PASSED] - Object: 'Object Repository/Final Object Repo/Creating Employer Account/Page_New Password - ASSIST/Save' is clicked on

2018-12-13 15:31:54 - [TEST_STEP][PASSED] - delay: Delayed 2 second(s)

2018-12-13 15:31:56 - [MESSAGE][PASSED] - Delayed 2 second(s)

2018-12-13 15:31:56 - [TEST_STEP][PASSED] - setText: Text 'test' is set on object 'Object Repository/Final Object Repo/Creating Employer Account/Page_Password Reminder - ASSIST/Reminder Query Answer'

2018-12-13 15:31:56 - [MESSAGE][PASSED] - Text 'test' is set on object 'Object Repository/Final Object Repo/Creating Employer Account/Page_Password Reminder - ASSIST/Reminder Query Answer'

2018-12-13 15:31:56 - [TEST_STEP][PASSED] - delay: Delayed 2 second(s)

2018-12-13 15:31:58 - [MESSAGE][PASSED] - Delayed 2 second(s)

2018-12-13 15:31:58 - [TEST_STEP][PASSED] - doubleClick: Object: 'Object Repository/Final Object Repo/Creating Employer Account/Page_Password Reminder - ASSIST/Save' is double clicked on

2018-12-13 15:32:01 - [MESSAGE][PASSED] - Object: 'Object Repository/Final Object Repo/Creating Employer Account/Page_Password Reminder - ASSIST/Save' is double clicked on

2018-12-13 15:32:01 - [MESSAGE][PASSED] - Call Test Case 'Test Cases/Final Aug 2018 - PKS Automation/Create Employer Acc/Template/Login to Employer Account (First Time)' successfully

2018-12-13 15:32:01 - [MESSAGE][PASSED] - Call Test Case 'Test Cases/Final Aug 2018 - PKS Automation/Create Employer Acc/Create Employer Account' successfully

2018-12-13 15:32:01 - [TEST_STEP][PASSED] - callTestCase: Call Test Case 'Test Cases/Final Aug 2018 - PKS Automation/Registration Module/Log Out/log out avoiding katalon tagging' successfully

2018-12-13 15:32:01 - [TEST_CASE][PASSED] - Test Cases/Final Aug 2018 - PKS Automation/Registration Module/Log Out/log out avoiding katalon tagging: Test Cases/Final Aug 2018 - PKS Automation/Registration Module/Log Out/log out avoiding katalon tagging

2018-12-13 15:32:01 - [TEST_STEP][PASSED] - navigateToUrl: Navigate to 'https://assist2-uat.perkeso.gov.my/c/portal/logout' successfully

2018-12-13 15:32:02 - [MESSAGE][PASSED] - Navigate to 'https://assist2-uat.perkeso.gov.my/c/portal/logout' successfully

2018-12-13 15:32:02 - [MESSAGE][PASSED] - Call Test Case 'Test Cases/Final Aug 2018 - PKS Automation/Registration Module/Log Out/log out avoiding katalon tagging' successfully

2018-12-13 15:32:02 - [TEST_STEP][PASSED] - callTestCase: Call Test Case 'Test Cases/Final Aug 2018 - PKS Automation/Create Employer Acc/Login to Employer Account (Second time)' successfully

2018-12-13 15:32:02 - [TEST_CASE][PASSED] - Test Cases/Final Aug 2018 - PKS Automation/Create Employer Acc/Login to Employer Account (Second time): Test Cases/Final Aug 2018 - PKS Automation/Create Employer Acc/Login to Employer Account (Second time)

2018-12-13 15:32:02 - [TEST_STEP][PASSED] - openBrowser: Browser is opened with url: ''

2018-12-13 15:32:02 - [MESSAGE][WARNING] - A browser is already opened. Closing browser and opening a new one

2018-12-13 15:32:04 - [MESSAGE][PASSED] - Browser is opened with url: ''

2018-12-13 15:32:04 - [TEST_STEP][PASSED] - navigateToUrl: Navigate to 'https://assist2-uat.perkeso.gov.my/employer/login' successfully

2018-12-13 15:32:06 - [MESSAGE][PASSED] - Navigate to 'https://assist2-uat.perkeso.gov.my/employer/login' successfully

2018-12-13 15:32:06 - [TEST_STEP][PASSED] - delay: Delayed 3 second(s)

2018-12-13 15:32:09 - [MESSAGE][PASSED] - Delayed 3 second(s)

2018-12-13 15:32:09 - [TEST_STEP][PASSED] - callTestCase: Call Test Case 'Test Cases/Final Aug 2018 - PKS Automation/Create Employer Acc/Template/Employer Email Getter' successfully

2018-12-13 15:32:09 - [TEST_CASE][PASSED] - Test Cases/Final Aug 2018 - PKS Automation/Create Employer Acc/Template/Employer Email Getter: Test Cases/Final Aug 2018 - PKS Automation/Create Employer Acc/Template/Employer Email Getter

2018-12-13 15:32:09 - [TEST_STEP][PASSED] - Statement - Try: null

2018-12-13 15:32:09 - [TEST_STEP][PASSED] - Statement - EmpEmail = new java.io.File(C://Users//Admin//Desktop//PKS//Automation Reference Point//EmpEmail.txt): null

2018-12-13 15:32:09 - [TEST_STEP][PASSED] - Statement - bufferread = new java.io.BufferedReader(new java.io.FileReader(EmpEmail)): null

2018-12-13 15:32:09 - [TEST_STEP][PASSED] - Statement - readedVal = bufferread.readLine(): null

2018-12-13 15:32:09 - [TEST_STEP][PASSED] - Statement - out.println(readedVal): null

2018-12-13 15:32:09 - [TEST_STEP][PASSED] - Statement - Email = readedVal: null

2018-12-13 15:32:09 - [MESSAGE][PASSED] - Call Test Case 'Test Cases/Final Aug 2018 - PKS Automation/Create Employer Acc/Template/Employer Email Getter' successfully

2018-12-13 15:32:09 - [TEST_STEP][PASSED] - setText: Text 'perkeso479219517796@gmail.com' is set on object 'Object Repository/Final Object Repo/Login Page/External Login Page/Email'

2018-12-13 15:32:09 - [MESSAGE][PASSED] - Text 'perkeso479219517796@gmail.com' is set on object 'Object Repository/Final Object Repo/Login Page/External Login Page/Email'

2018-12-13 15:32:09 - [TEST_STEP][PASSED] - click: Object: 'Object Repository/Final Object Repo/Login Page/External Login Page/Next' is clicked on

2018-12-13 15:32:09 - [MESSAGE][PASSED] - Object: 'Object Repository/Final Object Repo/Login Page/External Login Page/Next' is clicked on

2018-12-13 15:32:09 - [TEST_STEP][PASSED] - delay: Delayed 3 second(s)

2018-12-13 15:32:12 - [MESSAGE][PASSED] - Delayed 3 second(s)

2018-12-13 15:32:12 - [TEST_STEP][PASSED] - setEncryptedText: Text ****** has been set on object 'Object Repository/Final Object Repo/Login Page/External Login Page/Password'

2018-12-13 15:32:13 - [MESSAGE][PASSED] - Text ****** has been set on object 'Object Repository/Final Object Repo/Login Page/External Login Page/Password'

2018-12-13 15:32:13 - [TEST_STEP][PASSED] - click: Object: 'Object Repository/Final Object Repo/Login Page/External Login Page/Login' is clicked on

2018-12-13 15:32:13 - [MESSAGE][PASSED] - Object: 'Object Repository/Final Object Repo/Login Page/External Login Page/Login' is clicked on

2018-12-13 15:32:13 - [TEST_STEP][PASSED] - delay: Delayed 5 second(s)

2018-12-13 15:32:18 - [MESSAGE][PASSED] - Delayed 5 second(s)

2018-12-13 15:32:18 - [MESSAGE][PASSED] - Call Test Case 'Test Cases/Final Aug 2018 - PKS Automation/Create Employer Acc/Login to Employer Account (Second time)' successfully

2018-12-13 15:32:18 - [TEST_STEP][PASSED] - delay: Delayed 4 second(s)

2018-12-13 15:32:22 - [MESSAGE][PASSED] - Delayed 4 second(s)

2018-12-13 15:32:22 - [TEST_STEP][PASSED] - Statement - Try: Delayed 2 second(s)

2018-12-13 15:32:22 - [TEST_STEP][PASSED] - Statement - Checker = false: null

2018-12-13 15:32:22 - [TEST_STEP][PASSED] - Statement - Checker = com.kms.katalon.core.webui.keyword.WebUiBuiltInKeywords.verifyElementHasAttribute(com.kms.katalon.core.testobject.ObjectRepository.findTestObject(Final Object Repo/Landing Page/BM Detecting), "href", 20, OPTIONAL): Object 'Object Repository/Final Object Repo/Landing Page/BM Detecting' has attribute 'href'

2018-12-13 15:32:22 - [MESSAGE][PASSED] - Object 'Object Repository/Final Object Repo/Landing Page/BM Detecting' has attribute 'href'

2018-12-13 15:32:22 - [TEST_STEP][PASSED] - Statement - out.println(Checker): null

2018-12-13 15:32:22 - [TEST_STEP][PASSED] - Statement - If (Checker == false): null

2018-12-13 15:32:22 - [TEST_STEP][PASSED] - Statement - Else: null

2018-12-13 15:32:22 - [TEST_STEP][PASSED] - delay: Delayed 2 second(s)

2018-12-13 15:32:24 - [MESSAGE][PASSED] - Delayed 2 second(s)

2018-12-13 15:32:24 - [TEST_STEP][PASSED] - delay: Delayed 4 second(s)

2018-12-13 15:32:28 - [MESSAGE][PASSED] - Delayed 4 second(s)

2018-12-13 15:32:28 - [TEST_STEP][PASSED] - click: Object: 'Object Repository/Final Object Repo/Landing Page/My Sites Drop Down' is clicked on

2018-12-13 15:32:28 - [MESSAGE][PASSED] - Object: 'Object Repository/Final Object Repo/Landing Page/My Sites Drop Down' is clicked on

2018-12-13 15:32:28 - [TEST_STEP][PASSED] - click: Object: 'Object Repository/Final Object Repo/Landing Page/Select to Registration Module' is clicked on

2018-12-13 15:32:31 - [MESSAGE][PASSED] - Object: 'Object Repository/Final Object Repo/Landing Page/Select to Registration Module' is clicked on

2018-12-13 15:32:31 - [TEST_STEP][PASSED] - click: Object: 'Object Repository/Final Object Repo/Landing Page/Registration Button' is clicked on

2018-12-13 15:32:32 - [MESSAGE][PASSED] - Object: 'Object Repository/Final Object Repo/Landing Page/Registration Button' is clicked on

2018-12-13 15:32:32 - [TEST_STEP][PASSED] - delay: Delayed 2 second(s)

2018-12-13 15:32:34 - [MESSAGE][PASSED] - Delayed 2 second(s)

2018-12-13 15:32:34 - [TEST_STEP][PASSED] - click: Object: 'Object Repository/Final Object Repo/New Registration - Registration Module Pages/New Reg - OTC to RO/Special Case - OTC - Form 1/AEC NO' is clicked on

2018-12-13 15:32:34 - [MESSAGE][PASSED] - Object: 'Object Repository/Final Object Repo/New Registration - Registration Module Pages/New Reg - OTC to RO/Special Case - OTC - Form 1/AEC NO' is clicked on

2018-12-13 15:32:34 - [TEST_STEP][PASSED] - click: Object: 'Object Repository/Final Object Repo/New Registration - Registration Module Pages/New Reg - OTC to RO/Special Case - OTC - Form 1/Business Entity - Please Select' is clicked on

2018-12-13 15:32:34 - [MESSAGE][PASSED] - Object: 'Object Repository/Final Object Repo/New Registration - Registration Module Pages/New Reg - OTC to RO/Special Case - OTC - Form 1/Business Entity - Please Select' is clicked on

2018-12-13 15:32:34 - [TEST_STEP][PASSED] - click: Object: 'Object Repository/Final Object Repo/New Registration - Registration Module Pages/New Reg - OTC to RO/Special Case - OTC - Form 1/Selected - Corporation' is clicked on

2018-12-13 15:32:34 - [MESSAGE][PASSED] - Object: 'Object Repository/Final Object Repo/New Registration - Registration Module Pages/New Reg - OTC to RO/Special Case - OTC - Form 1/Selected - Corporation' is clicked on

2018-12-13 15:32:34 - [TEST_STEP][PASSED] - delay: Delayed 2 second(s)

2018-12-13 15:32:36 - [MESSAGE][PASSED] - Delayed 2 second(s)

2018-12-13 15:32:36 - [TEST_STEP][PASSED] - click: Object: 'Object Repository/Final Object Repo/New Registration - Registration Module Pages/New Reg - OTC to RO/Special Case - OTC - Form 1/Sub Business Entity - Please Select' is clicked on

2018-12-13 15:32:37 - [MESSAGE][PASSED] - Object: 'Object Repository/Final Object Repo/New Registration - Registration Module Pages/New Reg - OTC to RO/Special Case - OTC - Form 1/Sub Business Entity - Please Select' is clicked on

2018-12-13 15:32:37 - [TEST_STEP][PASSED] - delay: Delayed 2 second(s)

2018-12-13 15:32:39 - [MESSAGE][PASSED] - Delayed 2 second(s)

2018-12-13 15:32:39 - [TEST_STEP][PASSED] - click: Object: 'Object Repository/Final Object Repo/New Registration - Registration Module Pages/New Reg - OTC to RO/Special Case - OTC - Form 1/Selected - Sendirian Berhad' is clicked on

2018-12-13 15:32:39 - [MESSAGE][PASSED] - Object: 'Object Repository/Final Object Repo/New Registration - Registration Module Pages/New Reg - OTC to RO/Special Case - OTC - Form 1/Selected - Sendirian Berhad' is clicked on

2018-12-13 15:32:39 - [TEST_STEP][PASSED] - setText: Text 'AUTOMATE001' is set on object 'Object Repository/Final Object Repo/New Registration - Registration Module Pages/New Reg - OTC to RO/Special Case - OTC - Form 1/Input BRN Number'

2018-12-13 15:32:39 - [MESSAGE][PASSED] - Text 'AUTOMATE001' is set on object 'Object Repository/Final Object Repo/New Registration - Registration Module Pages/New Reg - OTC to RO/Special Case - OTC - Form 1/Input BRN Number'

2018-12-13 15:32:39 - [TEST_STEP][PASSED] - delay: Delayed 2 second(s)

2018-12-13 15:32:41 - [MESSAGE][PASSED] - Delayed 2 second(s)

2018-12-13 15:32:41 - [TEST_STEP][PASSED] - click: Object: 'Object Repository/Final Object Repo/New Registration - Registration Module Pages/New Reg - OTC to RO/Special Case - OTC - Form 1/BRN Search' is clicked on

2018-12-13 15:32:42 - [MESSAGE][PASSED] - Object: 'Object Repository/Final Object Repo/New Registration - Registration Module Pages/New Reg - OTC to RO/Special Case - OTC - Form 1/BRN Search' is clicked on

2018-12-13 15:32:42 - [TEST_STEP][PASSED] - delay: Delayed 4 second(s)

2018-12-13 15:32:46 - [MESSAGE][PASSED] - Delayed 4 second(s)

2018-12-13 15:32:46 - [TEST_STEP][PASSED] - click: Object: 'Object Repository/Final Object Repo/New Registration - Registration Module Pages/New Reg - OTC to RO/Special Case - OTC - Form 1/Registered with SSM - After Feb 2017' is clicked on

2018-12-13 15:32:46 - [MESSAGE][PASSED] - Object: 'Object Repository/Final Object Repo/New Registration - Registration Module Pages/New Reg - OTC to RO/Special Case - OTC - Form 1/Registered with SSM - After Feb 2017' is clicked on

2018-12-13 15:32:46 - [TEST_STEP][PASSED] - delay: Delayed 2 second(s)

2018-12-13 15:32:48 - [MESSAGE][PASSED] - Delayed 2 second(s)

2018-12-13 15:32:48 - [TEST_STEP][PASSED] - click: Object: 'Object Repository/Final Object Repo/New Registration - Registration Module Pages/Form 1/Registered As a Branch - Yes' is clicked on

2018-12-13 15:32:48 - [MESSAGE][PASSED] - Object: 'Object Repository/Final Object Repo/New Registration - Registration Module Pages/Form 1/Registered As a Branch - Yes' is clicked on

2018-12-13 15:32:48 - [TEST_STEP][PASSED] - click: Object: 'Object Repository/Final Object Repo/New Registration - Registration Module Pages/New Reg - OTC to RO/Special Case - OTC - Form 1/Acknowledgement Ticked' is clicked on

2018-12-13 15:32:51 - [MESSAGE][PASSED] - Object: 'Object Repository/Final Object Repo/New Registration - Registration Module Pages/New Reg - OTC to RO/Special Case - OTC - Form 1/Acknowledgement Ticked' is clicked on

2018-12-13 15:32:51 - [TEST_STEP][PASSED] - setText: Text 'perkeso479219517796@gmail.com' is set on object 'Object Repository/Final Object Repo/New Registration - Registration Module Pages/Form 1/Email'

2018-12-13 15:32:52 - [MESSAGE][PASSED] - Text 'perkeso479219517796@gmail.com' is set on object 'Object Repository/Final Object Repo/New Registration - Registration Module Pages/Form 1/Email'

2018-12-13 15:32:52 - [TEST_STEP][PASSED] - click: Object: 'Object Repository/Final Object Repo/New Registration - Registration Module Pages/New Reg - OTC to RO/Special Case - OTC - Form 1/Submit Button' is clicked on

2018-12-13 15:32:52 - [MESSAGE][PASSED] - Object: 'Object Repository/Final Object Repo/New Registration - Registration Module Pages/New Reg - OTC to RO/Special Case - OTC - Form 1/Submit Button' is clicked on

2018-12-13 15:32:52 - [TEST_STEP][PASSED] - callTestCase: Call Test Case 'Test Cases/Final Aug 2018 - PKS Automation/Registration Module/New Registration/Form 2/Add 1 Eligible - Employer Account Use' successfully

2018-12-13 15:32:52 - [TEST_CASE][PASSED] - Test Cases/Final Aug 2018 - PKS Automation/Registration Module/New Registration/Form 2/Add 1 Eligible - Employer Account Use: Test Cases/Final Aug 2018 - PKS Automation/Registration Module/New Registration/Form 2/Add 1 Eligible - Employer Account Use

2018-12-13 15:32:52 - [TEST_STEP][PASSED] - delay: Delayed 2 second(s)

2018-12-13 15:32:54 - [MESSAGE][PASSED] - Delayed 2 second(s)

2018-12-13 15:32:54 - [TEST_STEP][PASSED] - callTestCase: Call Test Case 'Test Cases/Final Aug 2018 - PKS Automation/Registration Module/New Registration/Form 2/Date Updater' successfully

2018-12-13 15:32:54 - [TEST_CASE][PASSED] - Test Cases/Final Aug 2018 - PKS Automation/Registration Module/New Registration/Form 2/Date Updater: Test Cases/Final Aug 2018 - PKS Automation/Registration Module/New Registration/Form 2/Date Updater

2018-12-13 15:32:54 - [TEST_STEP][PASSED] - Statement - TodayDate = new java.util.Date(): null

2018-12-13 15:32:54 - [TEST_STEP][PASSED] - Statement - CurrentDateNoFilter = new java.text.SimpleDateFormat(): null

2018-12-13 15:32:54 - [TEST_STEP][PASSED] - Statement - CurrentDateNoFilter.applyPattern("MM"): null

2018-12-13 15:32:54 - [TEST_STEP][PASSED] - Statement - monthContainerMatcher = java.lang.Integer.parseInt(CurrentDateNoFilter.format(TodayDate)): null

2018-12-13 15:32:54 - [TEST_STEP][PASSED] - Statement - monthContainerMatcher = monthContainerMatcher - 1: null

2018-12-13 15:32:54 - [TEST_STEP][PASSED] - Statement - CurrentMonth = monthContainerMatcher.toString(): null

2018-12-13 15:32:54 - [TEST_STEP][PASSED] - Statement - CurrentMonth = CurrentMonth: null

2018-12-13 15:32:54 - [TEST_STEP][PASSED] - Statement - CurrentDateNoFilter.applyPattern("yyyy"): null

2018-12-13 15:32:54 - [TEST_STEP][PASSED] - Statement - CurrentYear = CurrentDateNoFilter.format(TodayDate): null

2018-12-13 15:32:54 - [TEST_STEP][PASSED] - Statement - CurrentYear = CurrentYear: null

2018-12-13 15:32:54 - [TEST_STEP][PASSED] - Statement - intCurrentYear = java.lang.Integer.parseInt(CurrentDateNoFilter.format(TodayDate)): null

2018-12-13 15:32:54 - [TEST_STEP][PASSED] - Statement - eighteenYrsAgo = intCurrentYear - 18: null

2018-12-13 15:32:54 - [TEST_STEP][PASSED] - Statement - eighteenYrsBeforeThisYr = eighteenYrsAgo.toString(): null

2018-12-13 15:32:54 - [TEST_STEP][PASSED] - Statement - EighteenYrsBefore = eighteenYrsBeforeThisYr: null

2018-12-13 15:32:54 - [TEST_STEP][PASSED] - Statement - fiftysevenYrsAgo = intCurrentYear - 57: null

2018-12-13 15:32:54 - [TEST_STEP][PASSED] - Statement - fiftysevenYrsBeforeThisYr = fiftysevenYrsAgo.toString(): null

2018-12-13 15:32:54 - [TEST_STEP][PASSED] - Statement - FiftysevenYrsBefore = fiftysevenYrsBeforeThisYr: null

2018-12-13 15:32:54 - [TEST_STEP][PASSED] - Statement - leapYear = false: null

2018-12-13 15:32:54 - [TEST_STEP][PASSED] - Statement - leapYear = intCurrentYear % 4 == 0: null

2018-12-13 15:32:54 - [TEST_STEP][PASSED] - Statement - CurrentDateNoFilter.applyPattern("dd"): null

2018-12-13 15:32:54 - [TEST_STEP][PASSED] - Statement - CurrentDate = CurrentDateNoFilter.format(TodayDate): null

2018-12-13 15:32:54 - [TEST_STEP][PASSED] - Statement - CurrentDate = java.lang.Integer.parseInt(CurrentDate): null

2018-12-13 15:32:54 - [TEST_STEP][PASSED] - Statement - CurrentDate = CurrentDate: null

2018-12-13 15:32:54 - [TEST_STEP][PASSED] - Statement - CurrentDay = java.lang.Integer.parseInt(CurrentDate): null

2018-12-13 15:32:54 - [TEST_STEP][PASSED] - Statement - ConfAdder = <not implemented yet for class: org.codehaus.groovy.ast.expr.EmptyExpression>: null

2018-12-13 15:32:54 - [TEST_STEP][PASSED] - Statement - out.println(CurrentMonth): null

2018-12-13 15:32:54 - [TEST_STEP][PASSED] - Statement - out.println(CurrentDate): null

2018-12-13 15:32:54 - [TEST_STEP][PASSED] - Statement - switch (CurrentDate): null

2018-12-13 15:32:54 - [TEST_STEP][PASSED] - Statement - Default: null

2018-12-13 15:32:54 - [TEST_STEP][PASSED] - Statement - ConfAdder = true: null

2018-12-13 15:32:54 - [TEST_STEP][PASSED] - Statement - Break: null

2018-12-13 15:32:54 - [TEST_STEP][PASSED] - Statement - aDayBefore = <not implemented yet for class: org.codehaus.groovy.ast.expr.EmptyExpression>: null

2018-12-13 15:32:54 - [TEST_STEP][PASSED] - Statement - out.println(ConfAdder): null

2018-12-13 15:32:54 - [TEST_STEP][PASSED] - Statement - If (ConfAdder == true): null

2018-12-13 15:32:54 - [TEST_STEP][PASSED] - Statement - aDayBefore = CurrentDay + 1: null

2018-12-13 15:32:54 - [TEST_STEP][PASSED] - Statement - out.println(aDayBefore): null

2018-12-13 15:32:54 - [TEST_STEP][PASSED] - Statement - If (aDayBefore == 1 && CurrentMonth == 11): null

2018-12-13 15:32:54 - [TEST_STEP][PASSED] - Statement - DayBefore = aDayBefore.toString(): null

2018-12-13 15:32:54 - [TEST_STEP][PASSED] - Statement - OneDayBefore = DayBefore: null

2018-12-13 15:32:54 - [MESSAGE][PASSED] - Call Test Case 'Test Cases/Final Aug 2018 - PKS Automation/Registration Module/New Registration/Form 2/Date Updater' successfully

2018-12-13 15:32:54 - [TEST_STEP][PASSED] - delay: Delayed 1 second(s)

2018-12-13 15:32:55 - [MESSAGE][PASSED] - Delayed 1 second(s)

2018-12-13 15:32:55 - [TEST_STEP][PASSED] - Statement - CaseReferenceNo = com.kms.katalon.core.webui.keyword.WebUiBuiltInKeywords.getText(com.kms.katalon.core.testobject.ObjectRepository.findTestObject(Final Object Repo/New Registration - Registration Module Pages/Form 2/RefNo Acquiring)): Text of object 'Object Repository/Final Object Repo/New Registration - Registration Module Pages/Form 2/RefNo Acquiring' is: 'CRN12201800123286'

2018-12-13 15:32:55 - [MESSAGE][PASSED] - Text of object 'Object Repository/Final Object Repo/New Registration - Registration Module Pages/Form 2/RefNo Acquiring' is: 'CRN12201800123286'

2018-12-13 15:32:56 - [TEST_STEP][PASSED] - delay: Delayed 1 second(s)

2018-12-13 15:32:57 - [MESSAGE][PASSED] - Delayed 1 second(s)

2018-12-13 15:32:57 - [TEST_STEP][PASSED] - click: Object: 'Object Repository/Final Object Repo/New Registration - Registration Module Pages/Form 2/Add Employee Button' is clicked on

2018-12-13 15:32:57 - [MESSAGE][PASSED] - Object: 'Object Repository/Final Object Repo/New Registration - Registration Module Pages/Form 2/Add Employee Button' is clicked on

2018-12-13 15:32:57 - [TEST_STEP][PASSED] - delay: Delayed 1 second(s)

2018-12-13 15:32:58 - [MESSAGE][PASSED] - Delayed 1 second(s)

2018-12-13 15:32:58 - [TEST_STEP][PASSED] - setText: Text '010903091948' is set on object 'Object Repository/Final Object Repo/New Registration - Registration Module Pages/Form 2/NRIC Input'

2018-12-13 15:32:58 - [MESSAGE][PASSED] - Text '010903091948' is set on object 'Object Repository/Final Object Repo/New Registration - Registration Module Pages/Form 2/NRIC Input'

2018-12-13 15:32:58 - [TEST_STEP][PASSED] - delay: Delayed 2 second(s)

2018-12-13 15:33:00 - [MESSAGE][PASSED] - Delayed 2 second(s)

2018-12-13 15:33:00 - [TEST_STEP][PASSED] - setText: Text 'Automate001 eligible 1' is set on object 'Object Repository/Final Object Repo/New Registration - Registration Module Pages/Form 2/Employee Name Input'

2018-12-13 15:33:01 - [MESSAGE][PASSED] - Text 'Automate001 eligible 1' is set on object 'Object Repository/Final Object Repo/New Registration - Registration Module Pages/Form 2/Employee Name Input'

2018-12-13 15:33:01 - [TEST_STEP][PASSED] - delay: Delayed 2 second(s)

2018-12-13 15:33:03 - [MESSAGE][PASSED] - Delayed 2 second(s)

2018-12-13 15:33:03 - [TEST_STEP][PASSED] - click: Object: 'Object Repository/Final Object Repo/New Registration - Registration Module Pages/Form 2/DatePicker Pop Up' is clicked on

2018-12-13 15:33:03 - [MESSAGE][PASSED] - Object: 'Object Repository/Final Object Repo/New Registration - Registration Module Pages/Form 2/DatePicker Pop Up' is clicked on

2018-12-13 15:33:03 - [TEST_STEP][PASSED] - click: Object: 'Object Repository/Final Object Repo/New Registration - Registration Module Pages/Form 2/DOB Month' is clicked on

2018-12-13 15:33:03 - [MESSAGE][PASSED] - Object: 'Object Repository/Final Object Repo/New Registration - Registration Module Pages/Form 2/DOB Month' is clicked on

2018-12-13 15:33:03 - [TEST_STEP][PASSED] - Statement - CurrentMonth = CurrentMonth: null

2018-12-13 15:33:03 - [TEST_STEP][PASSED] - Statement - selectMonth = new com.kms.katalon.core.testobject.TestObject(): null

2018-12-13 15:33:03 - [TEST_STEP][PASSED] - Statement - selectMonth.addProperty("xpath", EQUALS, "//body/div/div/div/select/option[@value='" + CurrentMonth + "']", true): null

2018-12-13 15:33:03 - [TEST_STEP][PASSED] - click: Object: '' is clicked on

2018-12-13 15:33:03 - [MESSAGE][PASSED] - Object: '' is clicked on

2018-12-13 15:33:03 - [TEST_STEP][PASSED] - click: Object: 'Object Repository/Final Object Repo/New Registration - Registration Module Pages/Form 2/DOB Year' is clicked on

2018-12-13 15:33:03 - [MESSAGE][PASSED] - Object: 'Object Repository/Final Object Repo/New Registration - Registration Module Pages/Form 2/DOB Year' is clicked on

2018-12-13 15:33:03 - [TEST_STEP][PASSED] - Statement - Eyearsbf = EighteenYrsBefore: null

2018-12-13 15:33:03 - [TEST_STEP][PASSED] - Statement - selectYear = new com.kms.katalon.core.testobject.TestObject(): null

2018-12-13 15:33:03 - [TEST_STEP][PASSED] - Statement - selectYear.addProperty("xpath", EQUALS, "//div/div/div/select/option[@value='" + Eyearsbf + "']", true): null

2018-12-13 15:33:03 - [TEST_STEP][PASSED] - click: Object: '' is clicked on

2018-12-13 15:33:04 - [MESSAGE][PASSED] - Object: '' is clicked on

2018-12-13 15:33:04 - [TEST_STEP][PASSED] - Statement - UpdatedSelectDate = com.kms.katalon.core.webui.keyword.WebUiBuiltInKeywords.modifyObjectProperty(com.kms.katalon.core.testobject.ObjectRepository.findTestObject(Final Object Repo/New Registration - Registration Module Pages/Form 2/DOB Date), "xpath", "equals", "//body/div/table/tbody/tr/td/a[text()="" + CurrentDate + ""]", true): Modify property of object successfully

2018-12-13 15:33:04 - [MESSAGE][PASSED] - Modify property of object successfully

2018-12-13 15:33:04 - [TEST_STEP][PASSED] - delay: Delayed 3 second(s)

2018-12-13 15:33:07 - [MESSAGE][PASSED] - Delayed 3 second(s)

2018-12-13 15:33:07 - [TEST_STEP][PASSED] - click: Object: 'Object Repository/Final Object Repo/New Registration - Registration Module Pages/Form 2/DOB Date' is clicked on

2018-12-13 15:33:07 - [MESSAGE][PASSED] - Object: 'Object Repository/Final Object Repo/New Registration - Registration Module Pages/Form 2/DOB Date' is clicked on

2018-12-13 15:33:07 - [TEST_STEP][PASSED] - delay: Delayed 2 second(s)

2018-12-13 15:33:09 - [MESSAGE][PASSED] - Delayed 2 second(s)

2018-12-13 15:33:09 - [TEST_STEP][PASSED] - click: Object: 'Object Repository/Final Object Repo/New Registration - Registration Module Pages/Form 2/EmploymentStartDate Pop Up' is clicked on

2018-12-13 15:33:09 - [MESSAGE][PASSED] - Object: 'Object Repository/Final Object Repo/New Registration - Registration Module Pages/Form 2/EmploymentStartDate Pop Up' is clicked on

2018-12-13 15:33:09 - [TEST_STEP][PASSED] - delay: Delayed 2 second(s)

2018-12-13 15:33:11 - [MESSAGE][PASSED] - Delayed 2 second(s)

2018-12-13 15:33:11 - [TEST_STEP][PASSED] - click: Object: 'Object Repository/Final Object Repo/New Registration - Registration Module Pages/Form 2/Socso Employment StartDate Month' is clicked on

2018-12-13 15:33:11 - [MESSAGE][PASSED] - Object: 'Object Repository/Final Object Repo/New Registration - Registration Module Pages/Form 2/Socso Employment StartDate Month' is clicked on

2018-12-13 15:33:11 - [TEST_STEP][PASSED] - delay: Delayed 1 second(s)

2018-12-13 15:33:12 - [MESSAGE][PASSED] - Delayed 1 second(s)

2018-12-13 15:33:12 - [TEST_STEP][PASSED] - click: Object: 'Object Repository/Final Object Repo/New Registration - Registration Module Pages/Form 2/Select Socso Employement Startdate Month' is clicked on

2018-12-13 15:33:12 - [MESSAGE][PASSED] - Object: 'Object Repository/Final Object Repo/New Registration - Registration Module Pages/Form 2/Select Socso Employement Startdate Month' is clicked on

2018-12-13 15:33:12 - [TEST_STEP][PASSED] - delay: Delayed 2 second(s)

2018-12-13 15:33:14 - [MESSAGE][PASSED] - Delayed 2 second(s)

2018-12-13 15:33:14 - [TEST_STEP][PASSED] - click: Object: 'Object Repository/Final Object Repo/New Registration - Registration Module Pages/Form 2/Socso Employment StartDate Year' is clicked on

2018-12-13 15:33:14 - [MESSAGE][PASSED] - Object: 'Object Repository/Final Object Repo/New Registration - Registration Module Pages/Form 2/Socso Employment StartDate Year' is clicked on

2018-12-13 15:33:14 - [TEST_STEP][PASSED] - delay: Delayed 1 second(s)

2018-12-13 15:33:15 - [MESSAGE][PASSED] - Delayed 1 second(s)

2018-12-13 15:33:15 - [TEST_STEP][PASSED] - click: Object: 'Object Repository/Final Object Repo/New Registration - Registration Module Pages/Form 2/Select Socso Employment Startdate Year' is clicked on

2018-12-13 15:33:16 - [MESSAGE][PASSED] - Object: 'Object Repository/Final Object Repo/New Registration - Registration Module Pages/Form 2/Select Socso Employment Startdate Year' is clicked on

2018-12-13 15:33:16 - [TEST_STEP][PASSED] - delay: Delayed 2 second(s)

2018-12-13 15:33:18 - [MESSAGE][PASSED] - Delayed 2 second(s)

2018-12-13 15:33:18 - [TEST_STEP][PASSED] - click: Object: 'Object Repository/Final Object Repo/New Registration - Registration Module Pages/Form 2/Socso Employment Start Date Day' is clicked on

2018-12-13 15:33:18 - [MESSAGE][PASSED] - Object: 'Object Repository/Final Object Repo/New Registration - Registration Module Pages/Form 2/Socso Employment Start Date Day' is clicked on

2018-12-13 15:33:18 - [TEST_STEP][PASSED] - delay: Delayed 2 second(s)

2018-12-13 15:33:20 - [MESSAGE][PASSED] - Delayed 2 second(s)

2018-12-13 15:33:20 - [TEST_STEP][PASSED] - click: Object: 'Object Repository/Final Object Repo/New Registration - Registration Module Pages/Form 2/Save Button for Add Employee' is clicked on

2018-12-13 15:33:20 - [MESSAGE][PASSED] - Object: 'Object Repository/Final Object Repo/New Registration - Registration Module Pages/Form 2/Save Button for Add Employee' is clicked on

2018-12-13 15:33:20 - [TEST_STEP][PASSED] - delay: Delayed 6 second(s)

2018-12-13 15:33:26 - [MESSAGE][PASSED] - Delayed 6 second(s)

2018-12-13 15:33:26 - [TEST_STEP][PASSED] - click: Object: 'Object Repository/Final Object Repo/New Registration - Registration Module Pages/Form 2/Save and Continue Form 2' is clicked on

2018-12-13 15:33:26 - [MESSAGE][PASSED] - Object: 'Object Repository/Final Object Repo/New Registration - Registration Module Pages/Form 2/Save and Continue Form 2' is clicked on

2018-12-13 15:33:26 - [MESSAGE][PASSED] - Call Test Case 'Test Cases/Final Aug 2018 - PKS Automation/Registration Module/New Registration/Form 2/Add 1 Eligible - Employer Account Use' successfully

2018-12-13 15:33:26 - [TEST_STEP][PASSED] - callTestCase: Call Test Case 'Test Cases/Final Aug 2018 - PKS Automation/Registration Module/New Registration/Flow of New Registration/Third Screen - Upload Supporting Doc - Preview' successfully

2018-12-13 15:33:26 - [TEST_CASE][PASSED] - Test Cases/Final Aug 2018 - PKS Automation/Registration Module/New Registration/Flow of New Registration/Third Screen - Upload Supporting Doc - Preview: Test Cases/Final Aug 2018 - PKS Automation/Registration Module/New Registration/Flow of New Registration/Third Screen - Upload Supporting Doc - Preview

2018-12-13 15:33:26 - [TEST_STEP][PASSED] - waitForPageLoad: Wait for page load successfully

2018-12-13 15:33:27 - [MESSAGE][PASSED] - Wait for page load successfully

2018-12-13 15:33:27 - [TEST_STEP][PASSED] - Statement - CaseReferenceNo = com.kms.katalon.core.webui.keyword.WebUiBuiltInKeywords.getText(com.kms.katalon.core.testobject.ObjectRepository.findTestObject(Final Object Repo/New Registration - Registration Module Pages/Third Screen - Upload Supporting Doc- Preview/RefNo Acquiring)): Text of object 'Object Repository/Final Object Repo/New Registration - Registration Module Pages/Third Screen - Upload Supporting Doc- Preview/RefNo Acquiring' is: 'CRN12201800123286'

2018-12-13 15:33:27 - [MESSAGE][PASSED] - Text of object 'Object Repository/Final Object Repo/New Registration - Registration Module Pages/Third Screen - Upload Supporting Doc- Preview/RefNo Acquiring' is: 'CRN12201800123286'

2018-12-13 15:33:27 - [TEST_STEP][PASSED] - delay: Delayed 2 second(s)

2018-12-13 15:33:29 - [MESSAGE][PASSED] - Delayed 2 second(s)

2018-12-13 15:33:29 - [TEST_STEP][PASSED] - callTestCase: Call Test Case 'Test Cases/Final Aug 2018 - PKS Automation/Common/Reference Number Setter' successfully

2018-12-13 15:33:29 - [TEST_CASE][PASSED] - Test Cases/Final Aug 2018 - PKS Automation/Common/Reference Number Setter: Test Cases/Final Aug 2018 - PKS Automation/Common/Reference Number Setter

2018-12-13 15:33:29 - [TEST_STEP][PASSED] - Statement - RefNoOldFile = new java.io.File(C://Users//Admin//Desktop//PKS//Automation Reference Point//KatalonReference.txt): null

2018-12-13 15:33:29 - [TEST_STEP][PASSED] - Statement - RefNoOldFile.delete(): null

2018-12-13 15:33:29 - [TEST_STEP][PASSED] - delay: Delayed 5 second(s)

2018-12-13 15:33:34 - [MESSAGE][PASSED] - Delayed 5 second(s)

2018-12-13 15:33:34 - [TEST_STEP][PASSED] - Statement - RefNo = new java.io.File(C://Users//Admin//Desktop//PKS//Automation Reference Point//KatalonReference.txt): null

2018-12-13 15:33:34 - [TEST_STEP][PASSED] - Statement - f2 = new java.io.FileWriter(RefNo, false): null

2018-12-13 15:33:34 - [TEST_STEP][PASSED] - Statement - f2.write(CaseReferenceNo): null

2018-12-13 15:33:34 - [TEST_STEP][PASSED] - Statement - f2.close(): null

2018-12-13 15:33:34 - [TEST_STEP][PASSED] - Statement - out.println("


" + CaseReferenceNo + "


"): null

2018-12-13 15:33:34 - [MESSAGE][PASSED] - Call Test Case 'Test Cases/Final Aug 2018 - PKS Automation/Common/Reference Number Setter' successfully

2018-12-13 15:33:34 - [TEST_STEP][PASSED] - waitForElementClickable: Object 'Object Repository/Final Object Repo/New Registration - Registration Module Pages/Third Screen - Upload Supporting Doc- Preview/Save n Continue in SIP Employee Listing Page' is clickable

2018-12-13 15:33:34 - [MESSAGE][PASSED] - Object 'Object Repository/Final Object Repo/New Registration - Registration Module Pages/Third Screen - Upload Supporting Doc- Preview/Save n Continue in SIP Employee Listing Page' is clickable

2018-12-13 15:33:34 - [TEST_STEP][PASSED] - click: Object: 'Object Repository/Final Object Repo/New Registration - Registration Module Pages/Third Screen - Upload Supporting Doc- Preview/Save n Continue in SIP Employee Listing Page' is clicked on

2018-12-13 15:33:40 - [MESSAGE][PASSED] - Object: 'Object Repository/Final Object Repo/New Registration - Registration Module Pages/Third Screen - Upload Supporting Doc- Preview/Save n Continue in SIP Employee Listing Page' is clicked on

2018-12-13 15:33:40 - [TEST_STEP][PASSED] - delay: Delayed 7 second(s)

2018-12-13 15:33:47 - [MESSAGE][PASSED] - Delayed 7 second(s)

2018-12-13 15:33:47 - [TEST_STEP][PASSED] - click: Object: 'Object Repository/Final Object Repo/New Registration - Registration Module Pages/Third Screen - Upload Supporting Doc- Preview/Add Document Button' is clicked on

2018-12-13 15:33:47 - [MESSAGE][PASSED] - Object: 'Object Repository/Final Object Repo/New Registration - Registration Module Pages/Third Screen - Upload Supporting Doc- Preview/Add Document Button' is clicked on

2018-12-13 15:33:47 - [TEST_STEP][PASSED] - delay: Delayed 30 second(s)

2018-12-13 15:34:17 - [MESSAGE][PASSED] - Delayed 30 second(s)

2018-12-13 15:34:17 - [TEST_STEP][PASSED] - click: Object: 'Object Repository/Final Object Repo/New Registration - Registration Module Pages/Third Screen - Upload Supporting Doc- Preview/Supporting Doc Please Select Drop Down' is clicked on

2018-12-13 15:34:17 - [MESSAGE][PASSED] - Object: 'Object Repository/Final Object Repo/New Registration - Registration Module Pages/Third Screen - Upload Supporting Doc- Preview/Supporting Doc Please Select Drop Down' is clicked on

2018-12-13 15:34:17 - [TEST_STEP][PASSED] - delay: Delayed 2 second(s)

2018-12-13 15:34:19 - [MESSAGE][PASSED] - Delayed 2 second(s)

2018-12-13 15:34:19 - [TEST_STEP][PASSED] - click: Object: 'Object Repository/Final Object Repo/New Registration - Registration Module Pages/Third Screen - Upload Supporting Doc- Preview/Select to Upload Form 1' is clicked on

2018-12-13 15:34:19 - [MESSAGE][PASSED] - Object: 'Object Repository/Final Object Repo/New Registration - Registration Module Pages/Third Screen - Upload Supporting Doc- Preview/Select to Upload Form 1' is clicked on

2018-12-13 15:34:19 - [TEST_STEP][PASSED] - delay: Delayed 2 second(s)

2018-12-13 15:34:21 - [MESSAGE][PASSED] - Delayed 2 second(s)

2018-12-13 15:34:21 - [TEST_STEP][PASSED] - uploadFile: File 'C:\Users\Public\Pictures\Sample Pictures\Koala.jpg' sent to object: 'Object Repository/Final Object Repo/New Registration - Registration Module Pages/Third Screen - Upload Supporting Doc- Preview/Upload File Adding'

2018-12-13 15:34:21 - [MESSAGE][PASSED] - File 'C:\Users\Public\Pictures\Sample Pictures\Koala.jpg' sent to object: 'Object Repository/Final Object Repo/New Registration - Registration Module Pages/Third Screen - Upload Supporting Doc- Preview/Upload File Adding'

2018-12-13 15:34:21 - [TEST_STEP][PASSED] - delay: Delayed 5 second(s)

2018-12-13 15:34:26 - [MESSAGE][PASSED] - Delayed 5 second(s)

2018-12-13 15:34:26 - [TEST_STEP][PASSED] - click: Object: 'Object Repository/Final Object Repo/New Registration - Registration Module Pages/Third Screen - Upload Supporting Doc- Preview/Inner Form Add Document Button' is clicked on

2018-12-13 15:34:26 - [MESSAGE][PASSED] - Object: 'Object Repository/Final Object Repo/New Registration - Registration Module Pages/Third Screen - Upload Supporting Doc- Preview/Inner Form Add Document Button' is clicked on

2018-12-13 15:34:26 - [TEST_STEP][PASSED] - delay: Delayed 3 second(s)

2018-12-13 15:34:29 - [MESSAGE][PASSED] - Delayed 3 second(s)

2018-12-13 15:34:29 - [TEST_STEP][PASSED] - click: Object: 'Object Repository/Final Object Repo/New Registration - Registration Module Pages/Third Screen - Upload Supporting Doc- Preview/Add Document Button' is clicked on

2018-12-13 15:34:31 - [MESSAGE][PASSED] - Object: 'Object Repository/Final Object Repo/New Registration - Registration Module Pages/Third Screen - Upload Supporting Doc- Preview/Add Document Button' is clicked on

2018-12-13 15:34:31 - [TEST_STEP][PASSED] - delay: Delayed 30 second(s)

2018-12-13 15:35:01 - [MESSAGE][PASSED] - Delayed 30 second(s)

2018-12-13 15:35:01 - [TEST_STEP][PASSED] - click: Object: 'Object Repository/Final Object Repo/New Registration - Registration Module Pages/Third Screen - Upload Supporting Doc- Preview/Supporting Doc Please Select Drop Down' is clicked on

2018-12-13 15:35:01 - [MESSAGE][PASSED] - Object: 'Object Repository/Final Object Repo/New Registration - Registration Module Pages/Third Screen - Upload Supporting Doc- Preview/Supporting Doc Please Select Drop Down' is clicked on

2018-12-13 15:35:01 - [TEST_STEP][PASSED] - delay: Delayed 4 second(s)

2018-12-13 15:35:05 - [MESSAGE][PASSED] - Delayed 4 second(s)

2018-12-13 15:35:05 - [TEST_STEP][PASSED] - click: Object: 'Object Repository/Final Object Repo/New Registration - Registration Module Pages/Third Screen - Upload Supporting Doc- Preview/Select to Upload Form 2' is clicked on

2018-12-13 15:35:05 - [MESSAGE][PASSED] - Object: 'Object Repository/Final Object Repo/New Registration - Registration Module Pages/Third Screen - Upload Supporting Doc- Preview/Select to Upload Form 2' is clicked on

2018-12-13 15:35:05 - [TEST_STEP][PASSED] - delay: Delayed 2 second(s)

2018-12-13 15:35:07 - [MESSAGE][PASSED] - Delayed 2 second(s)

2018-12-13 15:35:07 - [TEST_STEP][PASSED] - uploadFile: File 'C:\Users\Public\Pictures\Sample Pictures\Koala.jpg' sent to object: 'Object Repository/Final Object Repo/New Registration - Registration Module Pages/Third Screen - Upload Supporting Doc- Preview/Upload File Adding'

2018-12-13 15:35:07 - [MESSAGE][PASSED] - File 'C:\Users\Public\Pictures\Sample Pictures\Koala.jpg' sent to object: 'Object Repository/Final Object Repo/New Registration - Registration Module Pages/Third Screen - Upload Supporting Doc- Preview/Upload File Adding'

2018-12-13 15:35:07 - [TEST_STEP][PASSED] - click: Object: 'Object Repository/Final Object Repo/New Registration - Registration Module Pages/Third Screen - Upload Supporting Doc- Preview/Inner Form Add Document Button' is clicked on

2018-12-13 15:35:07 - [MESSAGE][PASSED] - Object: 'Object Repository/Final Object Repo/New Registration - Registration Module Pages/Third Screen - Upload Supporting Doc- Preview/Inner Form Add Document Button' is clicked on

2018-12-13 15:35:07 - [TEST_STEP][PASSED] - delay: Delayed 5 second(s)

2018-12-13 15:35:12 - [MESSAGE][PASSED] - Delayed 5 second(s)

2018-12-13 15:35:12 - [TEST_STEP][PASSED] - click: Object: 'Object Repository/Final Object Repo/New Registration - Registration Module Pages/Third Screen - Upload Supporting Doc- Preview/Add Document Button' is clicked on

2018-12-13 15:35:12 - [MESSAGE][PASSED] - Object: 'Object Repository/Final Object Repo/New Registration - Registration Module Pages/Third Screen - Upload Supporting Doc- Preview/Add Document Button' is clicked on

2018-12-13 15:35:12 - [TEST_STEP][PASSED] - delay: Delayed 30 second(s)

2018-12-13 15:35:42 - [MESSAGE][PASSED] - Delayed 30 second(s)

2018-12-13 15:35:43 - [TEST_STEP][PASSED] - click: Object: 'Object Repository/Final Object Repo/New Registration - Registration Module Pages/Third Screen - Upload Supporting Doc- Preview/Supporting Doc Please Select Drop Down' is clicked on

2018-12-13 15:35:43 - [MESSAGE][PASSED] - Object: 'Object Repository/Final Object Repo/New Registration - Registration Module Pages/Third Screen - Upload Supporting Doc- Preview/Supporting Doc Please Select Drop Down' is clicked on

2018-12-13 15:35:43 - [TEST_STEP][PASSED] - click: Object: 'Object Repository/Final Object Repo/New Registration - Registration Module Pages/Third Screen - Upload Supporting Doc- Preview/Select to Upload Borang SIP 1' is clicked on

2018-12-13 15:35:43 - [MESSAGE][PASSED] - Object: 'Object Repository/Final Object Repo/New Registration - Registration Module Pages/Third Screen - Upload Supporting Doc- Preview/Select to Upload Borang SIP 1' is clicked on

2018-12-13 15:35:43 - [TEST_STEP][PASSED] - delay: Delayed 2 second(s)

2018-12-13 15:35:45 - [MESSAGE][PASSED] - Delayed 2 second(s)

2018-12-13 15:35:45 - [TEST_STEP][PASSED] - uploadFile: File 'C:\Users\Public\Pictures\Sample Pictures\Koala.jpg' sent to object: 'Object Repository/Final Object Repo/New Registration - Registration Module Pages/Third Screen - Upload Supporting Doc- Preview/Upload File Adding'

2018-12-13 15:35:45 - [MESSAGE][PASSED] - File 'C:\Users\Public\Pictures\Sample Pictures\Koala.jpg' sent to object: 'Object Repository/Final Object Repo/New Registration - Registration Module Pages/Third Screen - Upload Supporting Doc- Preview/Upload File Adding'

2018-12-13 15:35:45 - [TEST_STEP][PASSED] - click: Object: 'Object Repository/Final Object Repo/New Registration - Registration Module Pages/Third Screen - Upload Supporting Doc- Preview/Inner Form Add Document Button' is clicked on

2018-12-13 15:35:45 - [MESSAGE][PASSED] - Object: 'Object Repository/Final Object Repo/New Registration - Registration Module Pages/Third Screen - Upload Supporting Doc- Preview/Inner Form Add Document Button' is clicked on

2018-12-13 15:35:45 - [TEST_STEP][PASSED] - delay: Delayed 5 second(s)

2018-12-13 15:35:50 - [MESSAGE][PASSED] - Delayed 5 second(s)

2018-12-13 15:35:50 - [TEST_STEP][PASSED] - click: Object: 'Object Repository/Final Object Repo/New Registration - Registration Module Pages/Third Screen - Upload Supporting Doc- Preview/Add Document Button' is clicked on

2018-12-13 15:35:50 - [MESSAGE][PASSED] - Object: 'Object Repository/Final Object Repo/New Registration - Registration Module Pages/Third Screen - Upload Supporting Doc- Preview/Add Document Button' is clicked on

2018-12-13 15:35:50 - [TEST_STEP][PASSED] - delay: Delayed 30 second(s)

2018-12-13 15:36:20 - [MESSAGE][PASSED] - Delayed 30 second(s)

2018-12-13 15:36:20 - [TEST_STEP][PASSED] - click: Object: 'Object Repository/Final Object Repo/New Registration - Registration Module Pages/Third Screen - Upload Supporting Doc- Preview/Supporting Doc Please Select Drop Down' is clicked on

2018-12-13 15:36:21 - [MESSAGE][PASSED] - Object: 'Object Repository/Final Object Repo/New Registration - Registration Module Pages/Third Screen - Upload Supporting Doc- Preview/Supporting Doc Please Select Drop Down' is clicked on

2018-12-13 15:36:21 - [TEST_STEP][PASSED] - delay: Delayed 3 second(s)

2018-12-13 15:36:24 - [MESSAGE][PASSED] - Delayed 3 second(s)

2018-12-13 15:36:24 - [TEST_STEP][PASSED] - click: Object: 'Object Repository/Final Object Repo/New Registration - Registration Module Pages/Third Screen - Upload Supporting Doc- Preview/Select to Upload Borang SIP 2' is clicked on

2018-12-13 15:36:24 - [MESSAGE][PASSED] - Object: 'Object Repository/Final Object Repo/New Registration - Registration Module Pages/Third Screen - Upload Supporting Doc- Preview/Select to Upload Borang SIP 2' is clicked on

2018-12-13 15:36:24 - [TEST_STEP][PASSED] - delay: Delayed 2 second(s)

2018-12-13 15:36:26 - [MESSAGE][PASSED] - Delayed 2 second(s)

2018-12-13 15:36:26 - [TEST_STEP][PASSED] - uploadFile: File 'C:\Users\Public\Pictures\Sample Pictures\Koala.jpg' sent to object: 'Object Repository/Final Object Repo/New Registration - Registration Module Pages/Third Screen - Upload Supporting Doc- Preview/Upload File Adding'

2018-12-13 15:36:26 - [MESSAGE][PASSED] - File 'C:\Users\Public\Pictures\Sample Pictures\Koala.jpg' sent to object: 'Object Repository/Final Object Repo/New Registration - Registration Module Pages/Third Screen - Upload Supporting Doc- Preview/Upload File Adding'

2018-12-13 15:36:26 - [TEST_STEP][PASSED] - delay: Delayed 5 second(s)

2018-12-13 15:36:31 - [MESSAGE][PASSED] - Delayed 5 second(s)

2018-12-13 15:36:31 - [TEST_STEP][PASSED] - click: Object: 'Object Repository/Final Object Repo/New Registration - Registration Module Pages/Third Screen - Upload Supporting Doc- Preview/Inner Form Add Document Button' is clicked on

2018-12-13 15:36:31 - [MESSAGE][PASSED] - Object: 'Object Repository/Final Object Repo/New Registration - Registration Module Pages/Third Screen - Upload Supporting Doc- Preview/Inner Form Add Document Button' is clicked on

2018-12-13 15:36:31 - [TEST_STEP][PASSED] - delay: Delayed 3 second(s)

2018-12-13 15:36:34 - [MESSAGE][PASSED] - Delayed 3 second(s)

2018-12-13 15:36:34 - [TEST_STEP][PASSED] - waitForElementClickable: Object 'Object Repository/Final Object Repo/New Registration - Registration Module Pages/Third Screen - Upload Supporting Doc- Preview/Save n Continue in Uploading Supporting Doc Page' is clickable

2018-12-13 15:36:36 - [MESSAGE][PASSED] - Object 'Object Repository/Final Object Repo/New Registration - Registration Module Pages/Third Screen - Upload Supporting Doc- Preview/Save n Continue in Uploading Supporting Doc Page' is clickable

2018-12-13 15:36:36 - [TEST_STEP][PASSED] - click: Object: 'Object Repository/Final Object Repo/New Registration - Registration Module Pages/Third Screen - Upload Supporting Doc- Preview/Save n Continue in Uploading Supporting Doc Page' is clicked on

2018-12-13 15:36:36 - [MESSAGE][PASSED] - Object: 'Object Repository/Final Object Repo/New Registration - Registration Module Pages/Third Screen - Upload Supporting Doc- Preview/Save n Continue in Uploading Supporting Doc Page' is clicked on

2018-12-13 15:36:36 - [MESSAGE][PASSED] - Call Test Case 'Test Cases/Final Aug 2018 - PKS Automation/Registration Module/New Registration/Flow of New Registration/Third Screen - Upload Supporting Doc - Preview' successfully

2018-12-13 15:36:36 - [TEST_STEP][PASSED] - setText: Text 'Tester' is set on object 'Object Repository/Final Object Repo/New Registration - Registration Module Pages/New Reg - OTC to RO/Special Case - All Related Objects/Employer Preview Name'

2018-12-13 15:36:41 - [MESSAGE][PASSED] - Text 'Tester' is set on object 'Object Repository/Final Object Repo/New Registration - Registration Module Pages/New Reg - OTC to RO/Special Case - All Related Objects/Employer Preview Name'

2018-12-13 15:36:41 - [TEST_STEP][PASSED] - click: Object: 'Object Repository/Final Object Repo/New Registration - Registration Module Pages/New Reg - OTC to RO/Special Case - All Related Objects/IC Type Drop Down' is clicked on

2018-12-13 15:36:41 - [MESSAGE][PASSED] - Object: 'Object Repository/Final Object Repo/New Registration - Registration Module Pages/New Reg - OTC to RO/Special Case - All Related Objects/IC Type Drop Down' is clicked on

2018-12-13 15:36:41 - [TEST_STEP][PASSED] - click: Object: 'Object Repository/Final Object Repo/New Registration - Registration Module Pages/New Reg - OTC to RO/Special Case - All Related Objects/Select to NRIC' is clicked on

2018-12-13 15:36:41 - [MESSAGE][PASSED] - Object: 'Object Repository/Final Object Repo/New Registration - Registration Module Pages/New Reg - OTC to RO/Special Case - All Related Objects/Select to NRIC' is clicked on

2018-12-13 15:36:41 - [TEST_STEP][PASSED] - setText: Text '133245561223' is set on object 'Object Repository/Final Object Repo/New Registration - Registration Module Pages/New Reg - OTC to RO/Special Case - All Related Objects/IC Value'

2018-12-13 15:36:42 - [MESSAGE][PASSED] - Text '133245561223' is set on object 'Object Repository/Final Object Repo/New Registration - Registration Module Pages/New Reg - OTC to RO/Special Case - All Related Objects/IC Value'

2018-12-13 15:36:42 - [TEST_STEP][PASSED] - setText: Text 'Auto' is set on object 'Object Repository/Final Object Repo/New Registration - Registration Module Pages/New Reg - OTC to RO/Special Case - All Related Objects/Designation'

2018-12-13 15:36:42 - [MESSAGE][PASSED] - Text 'Auto' is set on object 'Object Repository/Final Object Repo/New Registration - Registration Module Pages/New Reg - OTC to RO/Special Case - All Related Objects/Designation'

2018-12-13 15:36:42 - [TEST_STEP][PASSED] - callTestCase: Call Test Case 'Test Cases/Final Aug 2018 - PKS Automation/Registration Module/New Registration/Submit and Screenshot/Submit Registration and Screenshot - Copy' successfully

2018-12-13 15:36:42 - [TEST_CASE][PASSED] - Test Cases/Final Aug 2018 - PKS Automation/Registration Module/New Registration/Submit and Screenshot/Submit Registration and Screenshot - Copy: Test Cases/Final Aug 2018 - PKS Automation/Registration Module/New Registration/Submit and Screenshot/Submit Registration and Screenshot - Copy

2018-12-13 15:36:42 - [TEST_STEP][PASSED] - delay: Delayed 6 second(s)

2018-12-13 15:36:48 - [MESSAGE][PASSED] - Delayed 6 second(s)

2018-12-13 15:36:48 - [TEST_STEP][PASSED] - click: Object: 'Object Repository/Final Object Repo/New Registration - Registration Module Pages/Third Screen - Upload Supporting Doc- Preview/Preview Submit Button' is clicked on

2018-12-13 15:36:48 - [MESSAGE][PASSED] - Object: 'Object Repository/Final Object Repo/New Registration - Registration Module Pages/Third Screen - Upload Supporting Doc- Preview/Preview Submit Button' is clicked on

2018-12-13 15:36:48 - [TEST_STEP][PASSED] - delay: Delayed 2 second(s)

2018-12-13 15:36:50 - [MESSAGE][PASSED] - Delayed 2 second(s)

2018-12-13 15:36:50 - [TEST_STEP][PASSED] - click: Object: 'Object Repository/Final Object Repo/New Registration - Registration Module Pages/Third Screen - Upload Supporting Doc- Preview/Preview Submit - Confirm' is clicked on

2018-12-13 15:36:50 - [MESSAGE][PASSED] - Object: 'Object Repository/Final Object Repo/New Registration - Registration Module Pages/Third Screen - Upload Supporting Doc- Preview/Preview Submit - Confirm' is clicked on

2018-12-13 15:36:50 - [TEST_STEP][PASSED] - delay: Delayed 15 second(s)

2018-12-13 15:37:05 - [MESSAGE][PASSED] - Delayed 15 second(s)

2018-12-13 15:37:05 - [TEST_STEP][PASSED] - Statement - driver = com.kms.katalon.core.webui.driver.DriverFactory.getWebDriver(): null

2018-12-13 15:37:05 - [TEST_STEP][PASSED] - Statement - driver.manage().timeouts().implicitlyWait(10, SECONDS): null

2018-12-13 15:37:05 - [TEST_STEP][PASSED] - Statement - PresavePath = KatalonScreenshots: null

2018-12-13 15:37:05 - [TEST_STEP][PASSED] - Statement - pathPrefix = "C:\Users\Public\Pictures\Sample Pictures\Katalon Screenshots\Automate Ending Screen": null

2018-12-13 15:37:05 - [TEST_STEP][PASSED] - Statement - finalPath = <not implemented yet for class: org.codehaus.groovy.ast.expr.EmptyExpression>: null

2018-12-13 15:37:05 - [TEST_STEP][PASSED] - Statement - scrFile = driver.getScreenshotAs(FILE): null

2018-12-13 15:37:06 - [TEST_STEP][PASSED] - Statement - PreSaveFile = new java.io.File(PresavePath): null

2018-12-13 15:37:06 - [TEST_STEP][PASSED] - Statement - counter = 0: null

2018-12-13 15:37:06 - [TEST_STEP][PASSED] - Statement - If (PreSaveFile.exists()): null

2018-12-13 15:37:06 - [TEST_STEP][PASSED] - Statement - While (PreSaveFile.exists()): null

2018-12-13 15:37:06 - [TEST_STEP][PASSED] - Statement - counter = counter + 1: null

2018-12-13 15:37:06 - [TEST_STEP][PASSED] - Statement - PreSaveFile = new java.io.File(((pathPrefix + java.lang.Integer.toString(counter)) + .png)): null

2018-12-13 15:37:06 - [TEST_STEP][PASSED] - Statement - counter = counter + 1: null

2018-12-13 15:37:06 - [TEST_STEP][PASSED] - Statement - PreSaveFile = new java.io.File(((pathPrefix + java.lang.Integer.toString(counter)) + .png)): null

2018-12-13 15:37:06 - [TEST_STEP][PASSED] - Statement - counter = counter + 1: null

2018-12-13 15:37:06 - [TEST_STEP][PASSED] - Statement - PreSaveFile = new java.io.File(((pathPrefix + java.lang.Integer.toString(counter)) + .png)): null

2018-12-13 15:37:06 - [TEST_STEP][PASSED] - Statement - counter = counter + 1: null

2018-12-13 15:37:06 - [TEST_STEP][PASSED] - Statement - PreSaveFile = new java.io.File(((pathPrefix + java.lang.Integer.toString(counter)) + .png)): null

2018-12-13 15:37:06 - [TEST_STEP][PASSED] - Statement - counter = counter + 1: null

2018-12-13 15:37:06 - [TEST_STEP][PASSED] - Statement - PreSaveFile = new java.io.File(((pathPrefix + java.lang.Integer.toString(counter)) + .png)): null

2018-12-13 15:37:06 - [TEST_STEP][PASSED] - Statement - counter = counter + 1: null

2018-12-13 15:37:06 - [TEST_STEP][PASSED] - Statement - PreSaveFile = new java.io.File(((pathPrefix + java.lang.Integer.toString(counter)) + .png)): null

2018-12-13 15:37:06 - [TEST_STEP][PASSED] - Statement - counter = counter + 1: null

2018-12-13 15:37:06 - [TEST_STEP][PASSED] - Statement - PreSaveFile = new java.io.File(((pathPrefix + java.lang.Integer.toString(counter)) + .png)): null

2018-12-13 15:37:06 - [TEST_STEP][PASSED] - Statement - counter = counter + 1: null

2018-12-13 15:37:06 - [TEST_STEP][PASSED] - Statement - PreSaveFile = new java.io.File(((pathPrefix + java.lang.Integer.toString(counter)) + .png)): null

2018-12-13 15:37:06 - [TEST_STEP][PASSED] - Statement - counter = counter + 1: null

2018-12-13 15:37:06 - [TEST_STEP][PASSED] - Statement - PreSaveFile = new java.io.File(((pathPrefix + java.lang.Integer.toString(counter)) + .png)): null

2018-12-13 15:37:06 - [TEST_STEP][PASSED] - Statement - counter = counter + 1: null

2018-12-13 15:37:06 - [TEST_STEP][PASSED] - Statement - PreSaveFile = new java.io.File(((pathPrefix + java.lang.Integer.toString(counter)) + .png)): null

2018-12-13 15:37:06 - [TEST_STEP][PASSED] - Statement - counter = counter + 1: null

2018-12-13 15:37:06 - [TEST_STEP][PASSED] - Statement - PreSaveFile = new java.io.File(((pathPrefix + java.lang.Integer.toString(counter)) + .png)): null

2018-12-13 15:37:06 - [TEST_STEP][PASSED] - Statement - counter = counter + 1: null

2018-12-13 15:37:06 - [TEST_STEP][PASSED] - Statement - PreSaveFile = new java.io.File(((pathPrefix + java.lang.Integer.toString(counter)) + .png)): null

2018-12-13 15:37:06 - [TEST_STEP][PASSED] - Statement - counter = counter + 1: null

2018-12-13 15:37:06 - [TEST_STEP][PASSED] - Statement - PreSaveFile = new java.io.File(((pathPrefix + java.lang.Integer.toString(counter)) + .png)): null

2018-12-13 15:37:06 - [TEST_STEP][PASSED] - Statement - counter = counter + 1: null

2018-12-13 15:37:06 - [TEST_STEP][PASSED] - Statement - PreSaveFile = new java.io.File(((pathPrefix + java.lang.Integer.toString(counter)) + .png)): null

2018-12-13 15:37:06 - [TEST_STEP][PASSED] - Statement - counter = counter + 1: null

2018-12-13 15:37:06 - [TEST_STEP][PASSED] - Statement - PreSaveFile = new java.io.File(((pathPrefix + java.lang.Integer.toString(counter)) + .png)): null

2018-12-13 15:37:06 - [TEST_STEP][PASSED] - Statement - counter = counter + 1: null

2018-12-13 15:37:06 - [TEST_STEP][PASSED] - Statement - PreSaveFile = new java.io.File(((pathPrefix + java.lang.Integer.toString(counter)) + .png)): null

2018-12-13 15:37:06 - [TEST_STEP][PASSED] - Statement - counter = counter + 1: null

2018-12-13 15:37:06 - [TEST_STEP][PASSED] - Statement - PreSaveFile = new java.io.File(((pathPrefix + java.lang.Integer.toString(counter)) + .png)): null

2018-12-13 15:37:06 - [TEST_STEP][PASSED] - Statement - counter = counter + 1: null

2018-12-13 15:37:06 - [TEST_STEP][PASSED] - Statement - PreSaveFile = new java.io.File(((pathPrefix + java.lang.Integer.toString(counter)) + .png)): null

2018-12-13 15:37:06 - [TEST_STEP][PASSED] - Statement - counter = counter + 1: null

2018-12-13 15:37:06 - [TEST_STEP][PASSED] - Statement - PreSaveFile = new java.io.File(((pathPrefix + java.lang.Integer.toString(counter)) + .png)): null

2018-12-13 15:37:06 - [TEST_STEP][PASSED] - Statement - counter = counter + 1: null

2018-12-13 15:37:06 - [TEST_STEP][PASSED] - Statement - PreSaveFile = new java.io.File(((pathPrefix + java.lang.Integer.toString(counter)) + .png)): null

2018-12-13 15:37:06 - [TEST_STEP][PASSED] - Statement - counter = counter + 1: null

2018-12-13 15:37:06 - [TEST_STEP][PASSED] - Statement - PreSaveFile = new java.io.File(((pathPrefix + java.lang.Integer.toString(counter)) + .png)): null

2018-12-13 15:37:06 - [TEST_STEP][PASSED] - Statement - counter = counter + 1: null

2018-12-13 15:37:06 - [TEST_STEP][PASSED] - Statement - PreSaveFile = new java.io.File(((pathPrefix + java.lang.Integer.toString(counter)) + .png)): null

2018-12-13 15:37:06 - [TEST_STEP][PASSED] - Statement - counter = counter + 1: null

2018-12-13 15:37:06 - [TEST_STEP][PASSED] - Statement - PreSaveFile = new java.io.File(((pathPrefix + java.lang.Integer.toString(counter)) + .png)): null

2018-12-13 15:37:06 - [TEST_STEP][PASSED] - Statement - counter = counter + 1: null

2018-12-13 15:37:06 - [TEST_STEP][PASSED] - Statement - PreSaveFile = new java.io.File(((pathPrefix + java.lang.Integer.toString(counter)) + .png)): null

2018-12-13 15:37:06 - [TEST_STEP][PASSED] - Statement - counter = counter + 1: null

2018-12-13 15:37:06 - [TEST_STEP][PASSED] - Statement - PreSaveFile = new java.io.File(((pathPrefix + java.lang.Integer.toString(counter)) + .png)): null

2018-12-13 15:37:06 - [TEST_STEP][PASSED] - Statement - counter = counter + 1: null

2018-12-13 15:37:06 - [TEST_STEP][PASSED] - Statement - PreSaveFile = new java.io.File(((pathPrefix + java.lang.Integer.toString(counter)) + .png)): null

2018-12-13 15:37:06 - [TEST_STEP][PASSED] - Statement - counter = counter + 1: null

2018-12-13 15:37:06 - [TEST_STEP][PASSED] - Statement - PreSaveFile = new java.io.File(((pathPrefix + java.lang.Integer.toString(counter)) + .png)): null

2018-12-13 15:37:06 - [TEST_STEP][PASSED] - Statement - counter = counter + 1: null

2018-12-13 15:37:06 - [TEST_STEP][PASSED] - Statement - PreSaveFile = new java.io.File(((pathPrefix + java.lang.Integer.toString(counter)) + .png)): null

2018-12-13 15:37:06 - [TEST_STEP][PASSED] - Statement - counter = counter + 1: null

2018-12-13 15:37:06 - [TEST_STEP][PASSED] - Statement - PreSaveFile = new java.io.File(((pathPrefix + java.lang.Integer.toString(counter)) + .png)): null

2018-12-13 15:37:06 - [TEST_STEP][PASSED] - Statement - counter = counter + 1: null

2018-12-13 15:37:06 - [TEST_STEP][PASSED] - Statement - PreSaveFile = new java.io.File(((pathPrefix + java.lang.Integer.toString(counter)) + .png)): null

2018-12-13 15:37:06 - [TEST_STEP][PASSED] - Statement - counter = counter + 1: null

2018-12-13 15:37:06 - [TEST_STEP][PASSED] - Statement - PreSaveFile = new java.io.File(((pathPrefix + java.lang.Integer.toString(counter)) + .png)): null

2018-12-13 15:37:06 - [TEST_STEP][PASSED] - Statement - counter = counter + 1: null

2018-12-13 15:37:06 - [TEST_STEP][PASSED] - Statement - PreSaveFile = new java.io.File(((pathPrefix + java.lang.Integer.toString(counter)) + .png)): null

2018-12-13 15:37:06 - [TEST_STEP][PASSED] - Statement - counter = counter + 1: null

2018-12-13 15:37:06 - [TEST_STEP][PASSED] - Statement - PreSaveFile = new java.io.File(((pathPrefix + java.lang.Integer.toString(counter)) + .png)): null

2018-12-13 15:37:06 - [TEST_STEP][PASSED] - Statement - counter = counter + 1: null

2018-12-13 15:37:06 - [TEST_STEP][PASSED] - Statement - PreSaveFile = new java.io.File(((pathPrefix + java.lang.Integer.toString(counter)) + .png)): null

2018-12-13 15:37:06 - [TEST_STEP][PASSED] - Statement - counter = counter + 1: null

2018-12-13 15:37:06 - [TEST_STEP][PASSED] - Statement - PreSaveFile = new java.io.File(((pathPrefix + java.lang.Integer.toString(counter)) + .png)): null

2018-12-13 15:37:06 - [TEST_STEP][PASSED] - Statement - counter = counter + 1: null

2018-12-13 15:37:06 - [TEST_STEP][PASSED] - Statement - PreSaveFile = new java.io.File(((pathPrefix + java.lang.Integer.toString(counter)) + .png)): null

2018-12-13 15:37:06 - [TEST_STEP][PASSED] - Statement - counter = counter + 1: null

2018-12-13 15:37:06 - [TEST_STEP][PASSED] - Statement - PreSaveFile = new java.io.File(((pathPrefix + java.lang.Integer.toString(counter)) + .png)): null

2018-12-13 15:37:06 - [TEST_STEP][PASSED] - Statement - counter = counter + 1: null

2018-12-13 15:37:06 - [TEST_STEP][PASSED] - Statement - PreSaveFile = new java.io.File(((pathPrefix + java.lang.Integer.toString(counter)) + .png)): null

2018-12-13 15:37:06 - [TEST_STEP][PASSED] - Statement - counter = counter + 1: null

2018-12-13 15:37:06 - [TEST_STEP][PASSED] - Statement - PreSaveFile = new java.io.File(((pathPrefix + java.lang.Integer.toString(counter)) + .png)): null

2018-12-13 15:37:06 - [TEST_STEP][PASSED] - Statement - counter = counter + 1: null

2018-12-13 15:37:06 - [TEST_STEP][PASSED] - Statement - PreSaveFile = new java.io.File(((pathPrefix + java.lang.Integer.toString(counter)) + .png)): null

2018-12-13 15:37:06 - [TEST_STEP][PASSED] - Statement - counter = counter + 1: null

2018-12-13 15:37:06 - [TEST_STEP][PASSED] - Statement - PreSaveFile = new java.io.File(((pathPrefix + java.lang.Integer.toString(counter)) + .png)): null

2018-12-13 15:37:06 - [TEST_STEP][PASSED] - Statement - counter = counter + 1: null

2018-12-13 15:37:06 - [TEST_STEP][PASSED] - Statement - PreSaveFile = new java.io.File(((pathPrefix + java.lang.Integer.toString(counter)) + .png)): null

2018-12-13 15:37:06 - [TEST_STEP][PASSED] - Statement - counter = counter + 1: null

2018-12-13 15:37:06 - [TEST_STEP][PASSED] - Statement - PreSaveFile = new java.io.File(((pathPrefix + java.lang.Integer.toString(counter)) + .png)): null

2018-12-13 15:37:06 - [TEST_STEP][PASSED] - Statement - counter = counter + 1: null

2018-12-13 15:37:06 - [TEST_STEP][PASSED] - Statement - PreSaveFile = new java.io.File(((pathPrefix + java.lang.Integer.toString(counter)) + .png)): null

2018-12-13 15:37:06 - [TEST_STEP][PASSED] - Statement - counter = counter + 1: null

2018-12-13 15:37:06 - [TEST_STEP][PASSED] - Statement - PreSaveFile = new java.io.File(((pathPrefix + java.lang.Integer.toString(counter)) + .png)): null

2018-12-13 15:37:06 - [TEST_STEP][PASSED] - Statement - counter = counter + 1: null

2018-12-13 15:37:06 - [TEST_STEP][PASSED] - Statement - PreSaveFile = new java.io.File(((pathPrefix + java.lang.Integer.toString(counter)) + .png)): null

2018-12-13 15:37:06 - [TEST_STEP][PASSED] - Statement - counter = counter + 1: null

2018-12-13 15:37:06 - [TEST_STEP][PASSED] - Statement - PreSaveFile = new java.io.File(((pathPrefix + java.lang.Integer.toString(counter)) + .png)): null

2018-12-13 15:37:06 - [TEST_STEP][PASSED] - Statement - counter = counter + 1: null

2018-12-13 15:37:06 - [TEST_STEP][PASSED] - Statement - PreSaveFile = new java.io.File(((pathPrefix + java.lang.Integer.toString(counter)) + .png)): null

2018-12-13 15:37:06 - [TEST_STEP][PASSED] - Statement - counter = counter + 1: null

2018-12-13 15:37:06 - [TEST_STEP][PASSED] - Statement - PreSaveFile = new java.io.File(((pathPrefix + java.lang.Integer.toString(counter)) + .png)): null

2018-12-13 15:37:06 - [TEST_STEP][PASSED] - Statement - counter = counter + 1: null

2018-12-13 15:37:06 - [TEST_STEP][PASSED] - Statement - PreSaveFile = new java.io.File(((pathPrefix + java.lang.Integer.toString(counter)) + .png)): null

2018-12-13 15:37:06 - [TEST_STEP][PASSED] - Statement - counter = counter + 1: null

2018-12-13 15:37:06 - [TEST_STEP][PASSED] - Statement - PreSaveFile = new java.io.File(((pathPrefix + java.lang.Integer.toString(counter)) + .png)): null

2018-12-13 15:37:06 - [TEST_STEP][PASSED] - Statement - counter = counter + 1: null

2018-12-13 15:37:06 - [TEST_STEP][PASSED] - Statement - PreSaveFile = new java.io.File(((pathPrefix + java.lang.Integer.toString(counter)) + .png)): null

2018-12-13 15:37:06 - [TEST_STEP][PASSED] - Statement - counter = counter + 1: null

2018-12-13 15:37:06 - [TEST_STEP][PASSED] - Statement - PreSaveFile = new java.io.File(((pathPrefix + java.lang.Integer.toString(counter)) + .png)): null

2018-12-13 15:37:06 - [TEST_STEP][PASSED] - Statement - counter = counter + 1: null

2018-12-13 15:37:06 - [TEST_STEP][PASSED] - Statement - PreSaveFile = new java.io.File(((pathPrefix + java.lang.Integer.toString(counter)) + .png)): null

2018-12-13 15:37:06 - [TEST_STEP][PASSED] - Statement - counter = counter + 1: null

2018-12-13 15:37:06 - [TEST_STEP][PASSED] - Statement - PreSaveFile = new java.io.File(((pathPrefix + java.lang.Integer.toString(counter)) + .png)): null

2018-12-13 15:37:06 - [TEST_STEP][PASSED] - Statement - counter = counter + 1: null

2018-12-13 15:37:06 - [TEST_STEP][PASSED] - Statement - PreSaveFile = new java.io.File(((pathPrefix + java.lang.Integer.toString(counter)) + .png)): null

2018-12-13 15:37:06 - [TEST_STEP][PASSED] - Statement - counter = counter + 1: null

2018-12-13 15:37:06 - [TEST_STEP][PASSED] - Statement - PreSaveFile = new java.io.File(((pathPrefix + java.lang.Integer.toString(counter)) + .png)): null

2018-12-13 15:37:06 - [TEST_STEP][PASSED] - Statement - counter = counter + 1: null

2018-12-13 15:37:06 - [TEST_STEP][PASSED] - Statement - PreSaveFile = new java.io.File(((pathPrefix + java.lang.Integer.toString(counter)) + .png)): null

2018-12-13 15:37:06 - [TEST_STEP][PASSED] - Statement - counter = counter + 1: null

2018-12-13 15:37:06 - [TEST_STEP][PASSED] - Statement - PreSaveFile = new java.io.File(((pathPrefix + java.lang.Integer.toString(counter)) + .png)): null

2018-12-13 15:37:06 - [TEST_STEP][PASSED] - Statement - counter = counter + 1: null

2018-12-13 15:37:06 - [TEST_STEP][PASSED] - Statement - PreSaveFile = new java.io.File(((pathPrefix + java.lang.Integer.toString(counter)) + .png)): null

2018-12-13 15:37:06 - [TEST_STEP][PASSED] - Statement - counter = counter + 1: null

2018-12-13 15:37:06 - [TEST_STEP][PASSED] - Statement - PreSaveFile = new java.io.File(((pathPrefix + java.lang.Integer.toString(counter)) + .png)): null

2018-12-13 15:37:06 - [TEST_STEP][PASSED] - Statement - counter = counter + 1: null

2018-12-13 15:37:06 - [TEST_STEP][PASSED] - Statement - PreSaveFile = new java.io.File(((pathPrefix + java.lang.Integer.toString(counter)) + .png)): null

2018-12-13 15:37:06 - [TEST_STEP][PASSED] - Statement - counter = counter + 1: null

2018-12-13 15:37:06 - [TEST_STEP][PASSED] - Statement - PreSaveFile = new java.io.File(((pathPrefix + java.lang.Integer.toString(counter)) + .png)): null

2018-12-13 15:37:06 - [TEST_STEP][PASSED] - Statement - counter = counter + 1: null

2018-12-13 15:37:06 - [TEST_STEP][PASSED] - Statement - PreSaveFile = new java.io.File(((pathPrefix + java.lang.Integer.toString(counter)) + .png)): null

2018-12-13 15:37:06 - [TEST_STEP][PASSED] - Statement - counter = counter + 1: null

2018-12-13 15:37:06 - [TEST_STEP][PASSED] - Statement - PreSaveFile = new java.io.File(((pathPrefix + java.lang.Integer.toString(counter)) + .png)): null

2018-12-13 15:37:06 - [TEST_STEP][PASSED] - Statement - counter = counter + 1: null

2018-12-13 15:37:06 - [TEST_STEP][PASSED] - Statement - PreSaveFile = new java.io.File(((pathPrefix + java.lang.Integer.toString(counter)) + .png)): null

2018-12-13 15:37:06 - [TEST_STEP][PASSED] - Statement - counter = counter + 1: null

2018-12-13 15:37:06 - [TEST_STEP][PASSED] - Statement - PreSaveFile = new java.io.File(((pathPrefix + java.lang.Integer.toString(counter)) + .png)): null

2018-12-13 15:37:06 - [TEST_STEP][PASSED] - Statement - counter = counter + 1: null

2018-12-13 15:37:06 - [TEST_STEP][PASSED] - Statement - PreSaveFile = new java.io.File(((pathPrefix + java.lang.Integer.toString(counter)) + .png)): null

2018-12-13 15:37:06 - [TEST_STEP][PASSED] - Statement - counter = counter + 1: null

2018-12-13 15:37:06 - [TEST_STEP][PASSED] - Statement - PreSaveFile = new java.io.File(((pathPrefix + java.lang.Integer.toString(counter)) + .png)): null

2018-12-13 15:37:06 - [TEST_STEP][PASSED] - Statement - counter = counter + 1: null

2018-12-13 15:37:06 - [TEST_STEP][PASSED] - Statement - PreSaveFile = new java.io.File(((pathPrefix + java.lang.Integer.toString(counter)) + .png)): null

2018-12-13 15:37:06 - [TEST_STEP][PASSED] - Statement - counter = counter + 1: null

2018-12-13 15:37:06 - [TEST_STEP][PASSED] - Statement - PreSaveFile = new java.io.File(((pathPrefix + java.lang.Integer.toString(counter)) + .png)): null

2018-12-13 15:37:06 - [TEST_STEP][PASSED] - Statement - counter = counter + 1: null

2018-12-13 15:37:06 - [TEST_STEP][PASSED] - Statement - PreSaveFile = new java.io.File(((pathPrefix + java.lang.Integer.toString(counter)) + .png)): null

2018-12-13 15:37:06 - [TEST_STEP][PASSED] - Statement - counter = counter + 1: null

2018-12-13 15:37:06 - [TEST_STEP][PASSED] - Statement - PreSaveFile = new java.io.File(((pathPrefix + java.lang.Integer.toString(counter)) + .png)): null

2018-12-13 15:37:06 - [TEST_STEP][PASSED] - Statement - counter = counter + 1: null

2018-12-13 15:37:06 - [TEST_STEP][PASSED] - Statement - PreSaveFile = new java.io.File(((pathPrefix + java.lang.Integer.toString(counter)) + .png)): null

2018-12-13 15:37:06 - [TEST_STEP][PASSED] - Statement - counter = counter + 1: null

2018-12-13 15:37:06 - [TEST_STEP][PASSED] - Statement - PreSaveFile = new java.io.File(((pathPrefix + java.lang.Integer.toString(counter)) + .png)): null

2018-12-13 15:37:06 - [TEST_STEP][PASSED] - Statement - counter = counter + 1: null

2018-12-13 15:37:06 - [TEST_STEP][PASSED] - Statement - PreSaveFile = new java.io.File(((pathPrefix + java.lang.Integer.toString(counter)) + .png)): null

2018-12-13 15:37:06 - [TEST_STEP][PASSED] - Statement - counter = counter + 1: null

2018-12-13 15:37:06 - [TEST_STEP][PASSED] - Statement - PreSaveFile = new java.io.File(((pathPrefix + java.lang.Integer.toString(counter)) + .png)): null

2018-12-13 15:37:06 - [TEST_STEP][PASSED] - Statement - counter = counter + 1: null

2018-12-13 15:37:06 - [TEST_STEP][PASSED] - Statement - PreSaveFile = new java.io.File(((pathPrefix + java.lang.Integer.toString(counter)) + .png)): null

2018-12-13 15:37:06 - [TEST_STEP][PASSED] - Statement - counter = counter + 1: null

2018-12-13 15:37:06 - [TEST_STEP][PASSED] - Statement - PreSaveFile = new java.io.File(((pathPrefix + java.lang.Integer.toString(counter)) + .png)): null

2018-12-13 15:37:06 - [TEST_STEP][PASSED] - Statement - counter = counter + 1: null

2018-12-13 15:37:06 - [TEST_STEP][PASSED] - Statement - PreSaveFile = new java.io.File(((pathPrefix + java.lang.Integer.toString(counter)) + .png)): null

2018-12-13 15:37:06 - [TEST_STEP][PASSED] - Statement - counter = counter + 1: null

2018-12-13 15:37:06 - [TEST_STEP][PASSED] - Statement - PreSaveFile = new java.io.File(((pathPrefix + java.lang.Integer.toString(counter)) + .png)): null

2018-12-13 15:37:06 - [TEST_STEP][PASSED] - Statement - counter = counter + 1: null

2018-12-13 15:37:06 - [TEST_STEP][PASSED] - Statement - PreSaveFile = new java.io.File(((pathPrefix + java.lang.Integer.toString(counter)) + .png)): null

2018-12-13 15:37:06 - [TEST_STEP][PASSED] - Statement - counter = counter + 1: null

2018-12-13 15:37:06 - [TEST_STEP][PASSED] - Statement - PreSaveFile = new java.io.File(((pathPrefix + java.lang.Integer.toString(counter)) + .png)): null

2018-12-13 15:37:06 - [TEST_STEP][PASSED] - Statement - counter = counter + 1: null

2018-12-13 15:37:06 - [TEST_STEP][PASSED] - Statement - PreSaveFile = new java.io.File(((pathPrefix + java.lang.Integer.toString(counter)) + .png)): null

2018-12-13 15:37:06 - [TEST_STEP][PASSED] - Statement - counter = counter + 1: null

2018-12-13 15:37:06 - [TEST_STEP][PASSED] - Statement - PreSaveFile = new java.io.File(((pathPrefix + java.lang.Integer.toString(counter)) + .png)): null

2018-12-13 15:37:06 - [TEST_STEP][PASSED] - Statement - counter = counter + 1: null

2018-12-13 15:37:06 - [TEST_STEP][PASSED] - Statement - PreSaveFile = new java.io.File(((pathPrefix + java.lang.Integer.toString(counter)) + .png)): null

2018-12-13 15:37:06 - [TEST_STEP][PASSED] - Statement - counter = counter + 1: null

2018-12-13 15:37:06 - [TEST_STEP][PASSED] - Statement - PreSaveFile = new java.io.File(((pathPrefix + java.lang.Integer.toString(counter)) + .png)): null

2018-12-13 15:37:06 - [TEST_STEP][PASSED] - Statement - counter = counter + 1: null

2018-12-13 15:37:06 - [TEST_STEP][PASSED] - Statement - PreSaveFile = new java.io.File(((pathPrefix + java.lang.Integer.toString(counter)) + .png)): null

2018-12-13 15:37:06 - [TEST_STEP][PASSED] - Statement - counter = counter + 1: null

2018-12-13 15:37:06 - [TEST_STEP][PASSED] - Statement - PreSaveFile = new java.io.File(((pathPrefix + java.lang.Integer.toString(counter)) + .png)): null

2018-12-13 15:37:06 - [TEST_STEP][PASSED] - Statement - counter = counter + 1: null

2018-12-13 15:37:06 - [TEST_STEP][PASSED] - Statement - PreSaveFile = new java.io.File(((pathPrefix + java.lang.Integer.toString(counter)) + .png)): null

2018-12-13 15:37:06 - [TEST_STEP][PASSED] - Statement - counter = counter + 1: null

2018-12-13 15:37:06 - [TEST_STEP][PASSED] - Statement - PreSaveFile = new java.io.File(((pathPrefix + java.lang.Integer.toString(counter)) + .png)): null

2018-12-13 15:37:06 - [TEST_STEP][PASSED] - Statement - counter = counter + 1: null

2018-12-13 15:37:06 - [TEST_STEP][PASSED] - Statement - PreSaveFile = new java.io.File(((pathPrefix + java.lang.Integer.toString(counter)) + .png)): null

2018-12-13 15:37:06 - [TEST_STEP][PASSED] - Statement - counter = counter + 1: null

2018-12-13 15:37:06 - [TEST_STEP][PASSED] - Statement - PreSaveFile = new java.io.File(((pathPrefix + java.lang.Integer.toString(counter)) + .png)): null

2018-12-13 15:37:06 - [TEST_STEP][PASSED] - Statement - counter = counter + 1: null

2018-12-13 15:37:06 - [TEST_STEP][PASSED] - Statement - PreSaveFile = new java.io.File(((pathPrefix + java.lang.Integer.toString(counter)) + .png)): null

2018-12-13 15:37:06 - [TEST_STEP][PASSED] - Statement - counter = counter + 1: null

2018-12-13 15:37:06 - [TEST_STEP][PASSED] - Statement - PreSaveFile = new java.io.File(((pathPrefix + java.lang.Integer.toString(counter)) + .png)): null

2018-12-13 15:37:06 - [TEST_STEP][PASSED] - Statement - counter = counter + 1: null

2018-12-13 15:37:06 - [TEST_STEP][PASSED] - Statement - PreSaveFile = new java.io.File(((pathPrefix + java.lang.Integer.toString(counter)) + .png)): null

2018-12-13 15:37:06 - [TEST_STEP][PASSED] - Statement - counter = counter + 1: null

2018-12-13 15:37:06 - [TEST_STEP][PASSED] - Statement - PreSaveFile = new java.io.File(((pathPrefix + java.lang.Integer.toString(counter)) + .png)): null

2018-12-13 15:37:06 - [TEST_STEP][PASSED] - Statement - counter = counter + 1: null

2018-12-13 15:37:06 - [TEST_STEP][PASSED] - Statement - PreSaveFile = new java.io.File(((pathPrefix + java.lang.Integer.toString(counter)) + .png)): null

2018-12-13 15:37:06 - [TEST_STEP][PASSED] - Statement - counter = counter + 1: null

2018-12-13 15:37:06 - [TEST_STEP][PASSED] - Statement - PreSaveFile = new java.io.File(((pathPrefix + java.lang.Integer.toString(counter)) + .png)): null

2018-12-13 15:37:06 - [TEST_STEP][PASSED] - Statement - counter = counter + 1: null

2018-12-13 15:37:06 - [TEST_STEP][PASSED] - Statement - PreSaveFile = new java.io.File(((pathPrefix + java.lang.Integer.toString(counter)) + .png)): null

2018-12-13 15:37:06 - [TEST_STEP][PASSED] - Statement - counter = counter + 1: null

2018-12-13 15:37:06 - [TEST_STEP][PASSED] - Statement - PreSaveFile = new java.io.File(((pathPrefix + java.lang.Integer.toString(counter)) + .png)): null

2018-12-13 15:37:06 - [TEST_STEP][PASSED] - Statement - counter = counter + 1: null

2018-12-13 15:37:06 - [TEST_STEP][PASSED] - Statement - PreSaveFile = new java.io.File(((pathPrefix + java.lang.Integer.toString(counter)) + .png)): null

2018-12-13 15:37:06 - [TEST_STEP][PASSED] - Statement - counter = counter + 1: null

2018-12-13 15:37:06 - [TEST_STEP][PASSED] - Statement - PreSaveFile = new java.io.File(((pathPrefix + java.lang.Integer.toString(counter)) + .png)): null

2018-12-13 15:37:06 - [TEST_STEP][PASSED] - Statement - counter = counter + 1: null

2018-12-13 15:37:06 - [TEST_STEP][PASSED] - Statement - PreSaveFile = new java.io.File(((pathPrefix + java.lang.Integer.toString(counter)) + .png)): null

2018-12-13 15:37:06 - [TEST_STEP][PASSED] - Statement - counter = counter + 1: null

2018-12-13 15:37:06 - [TEST_STEP][PASSED] - Statement - PreSaveFile = new java.io.File(((pathPrefix + java.lang.Integer.toString(counter)) + .png)): null

2018-12-13 15:37:06 - [TEST_STEP][PASSED] - Statement - counter = counter + 1: null

2018-12-13 15:37:06 - [TEST_STEP][PASSED] - Statement - PreSaveFile = new java.io.File(((pathPrefix + java.lang.Integer.toString(counter)) + .png)): null

2018-12-13 15:37:06 - [TEST_STEP][PASSED] - Statement - counter = counter + 1: null

2018-12-13 15:37:06 - [TEST_STEP][PASSED] - Statement - PreSaveFile = new java.io.File(((pathPrefix + java.lang.Integer.toString(counter)) + .png)): null

2018-12-13 15:37:06 - [TEST_STEP][PASSED] - Statement - counter = counter + 1: null

2018-12-13 15:37:06 - [TEST_STEP][PASSED] - Statement - PreSaveFile = new java.io.File(((pathPrefix + java.lang.Integer.toString(counter)) + .png)): null

2018-12-13 15:37:06 - [TEST_STEP][PASSED] - Statement - counter = counter + 1: null

2018-12-13 15:37:06 - [TEST_STEP][PASSED] - Statement - PreSaveFile = new java.io.File(((pathPrefix + java.lang.Integer.toString(counter)) + .png)): null

2018-12-13 15:37:06 - [TEST_STEP][PASSED] - Statement - counter = counter + 1: null

2018-12-13 15:37:06 - [TEST_STEP][PASSED] - Statement - PreSaveFile = new java.io.File(((pathPrefix + java.lang.Integer.toString(counter)) + .png)): null

2018-12-13 15:37:06 - [TEST_STEP][PASSED] - Statement - counter = counter + 1: null

2018-12-13 15:37:06 - [TEST_STEP][PASSED] - Statement - PreSaveFile = new java.io.File(((pathPrefix + java.lang.Integer.toString(counter)) + .png)): null

2018-12-13 15:37:06 - [TEST_STEP][PASSED] - Statement - counter = counter + 1: null

2018-12-13 15:37:06 - [TEST_STEP][PASSED] - Statement - PreSaveFile = new java.io.File(((pathPrefix + java.lang.Integer.toString(counter)) + .png)): null

2018-12-13 15:37:06 - [TEST_STEP][PASSED] - Statement - counter = counter + 1: null

2018-12-13 15:37:06 - [TEST_STEP][PASSED] - Statement - PreSaveFile = new java.io.File(((pathPrefix + java.lang.Integer.toString(counter)) + .png)): null

2018-12-13 15:37:06 - [TEST_STEP][PASSED] - Statement - counter = counter + 1: null

2018-12-13 15:37:06 - [TEST_STEP][PASSED] - Statement - PreSaveFile = new java.io.File(((pathPrefix + java.lang.Integer.toString(counter)) + .png)): null

2018-12-13 15:37:06 - [TEST_STEP][PASSED] - Statement - counter = counter + 1: null

2018-12-13 15:37:06 - [TEST_STEP][PASSED] - Statement - PreSaveFile = new java.io.File(((pathPrefix + java.lang.Integer.toString(counter)) + .png)): null

2018-12-13 15:37:06 - [TEST_STEP][PASSED] - Statement - counter = counter + 1: null

2018-12-13 15:37:06 - [TEST_STEP][PASSED] - Statement - PreSaveFile = new java.io.File(((pathPrefix + java.lang.Integer.toString(counter)) + .png)): null

2018-12-13 15:37:06 - [TEST_STEP][PASSED] - Statement - counter = counter + 1: null

2018-12-13 15:37:06 - [TEST_STEP][PASSED] - Statement - PreSaveFile = new java.io.File(((pathPrefix + java.lang.Integer.toString(counter)) + .png)): null

2018-12-13 15:37:06 - [TEST_STEP][PASSED] - Statement - counter = counter + 1: null

2018-12-13 15:37:06 - [TEST_STEP][PASSED] - Statement - PreSaveFile = new java.io.File(((pathPrefix + java.lang.Integer.toString(counter)) + .png)): null

2018-12-13 15:37:06 - [TEST_STEP][PASSED] - Statement - counter = counter + 1: null

2018-12-13 15:37:06 - [TEST_STEP][PASSED] - Statement - PreSaveFile = new java.io.File(((pathPrefix + java.lang.Integer.toString(counter)) + .png)): null

2018-12-13 15:37:06 - [TEST_STEP][PASSED] - Statement - counter = counter + 1: null

2018-12-13 15:37:06 - [TEST_STEP][PASSED] - Statement - PreSaveFile = new java.io.File(((pathPrefix + java.lang.Integer.toString(counter)) + .png)): null

2018-12-13 15:37:06 - [TEST_STEP][PASSED] - Statement - counter = counter + 1: null

2018-12-13 15:37:06 - [TEST_STEP][PASSED] - Statement - PreSaveFile = new java.io.File(((pathPrefix + java.lang.Integer.toString(counter)) + .png)): null

2018-12-13 15:37:06 - [TEST_STEP][PASSED] - Statement - counter = counter + 1: null

2018-12-13 15:37:06 - [TEST_STEP][PASSED] - Statement - PreSaveFile = new java.io.File(((pathPrefix + java.lang.Integer.toString(counter)) + .png)): null

2018-12-13 15:37:06 - [TEST_STEP][PASSED] - Statement - counter = counter + 1: null

2018-12-13 15:37:06 - [TEST_STEP][PASSED] - Statement - PreSaveFile = new java.io.File(((pathPrefix + java.lang.Integer.toString(counter)) + .png)): null

2018-12-13 15:37:06 - [TEST_STEP][PASSED] - Statement - counter = counter + 1: null

2018-12-13 15:37:06 - [TEST_STEP][PASSED] - Statement - PreSaveFile = new java.io.File(((pathPrefix + java.lang.Integer.toString(counter)) + .png)): null

2018-12-13 15:37:06 - [TEST_STEP][PASSED] - Statement - counter = counter + 1: null

2018-12-13 15:37:06 - [TEST_STEP][PASSED] - Statement - PreSaveFile = new java.io.File(((pathPrefix + java.lang.Integer.toString(counter)) + .png)): null

2018-12-13 15:37:06 - [TEST_STEP][PASSED] - Statement - counter = counter + 1: null

2018-12-13 15:37:06 - [TEST_STEP][PASSED] - Statement - PreSaveFile = new java.io.File(((pathPrefix + java.lang.Integer.toString(counter)) + .png)): null

2018-12-13 15:37:06 - [TEST_STEP][PASSED] - Statement - counter = counter + 1: null

2018-12-13 15:37:06 - [TEST_STEP][PASSED] - Statement - PreSaveFile = new java.io.File(((pathPrefix + java.lang.Integer.toString(counter)) + .png)): null

2018-12-13 15:37:06 - [TEST_STEP][PASSED] - Statement - counter = counter + 1: null

2018-12-13 15:37:06 - [TEST_STEP][PASSED] - Statement - PreSaveFile = new java.io.File(((pathPrefix + java.lang.Integer.toString(counter)) + .png)): null

2018-12-13 15:37:06 - [TEST_STEP][PASSED] - Statement - counter = counter + 1: null

2018-12-13 15:37:06 - [TEST_STEP][PASSED] - Statement - PreSaveFile = new java.io.File(((pathPrefix + java.lang.Integer.toString(counter)) + .png)): null

2018-12-13 15:37:06 - [TEST_STEP][PASSED] - Statement - counter = counter + 1: null

2018-12-13 15:37:06 - [TEST_STEP][PASSED] - Statement - PreSaveFile = new java.io.File(((pathPrefix + java.lang.Integer.toString(counter)) + .png)): null

2018-12-13 15:37:06 - [TEST_STEP][PASSED] - Statement - counter = counter + 1: null

2018-12-13 15:37:06 - [TEST_STEP][PASSED] - Statement - PreSaveFile = new java.io.File(((pathPrefix + java.lang.Integer.toString(counter)) + .png)): null

2018-12-13 15:37:06 - [TEST_STEP][PASSED] - Statement - counter = counter + 1: null

2018-12-13 15:37:06 - [TEST_STEP][PASSED] - Statement - PreSaveFile = new java.io.File(((pathPrefix + java.lang.Integer.toString(counter)) + .png)): null

2018-12-13 15:37:06 - [TEST_STEP][PASSED] - Statement - counter = counter + 1: null

2018-12-13 15:37:06 - [TEST_STEP][PASSED] - Statement - PreSaveFile = new java.io.File(((pathPrefix + java.lang.Integer.toString(counter)) + .png)): null

2018-12-13 15:37:06 - [TEST_STEP][PASSED] - Statement - counter = counter + 1: null

2018-12-13 15:37:06 - [TEST_STEP][PASSED] - Statement - PreSaveFile = new java.io.File(((pathPrefix + java.lang.Integer.toString(counter)) + .png)): null

2018-12-13 15:37:06 - [TEST_STEP][PASSED] - Statement - counter = counter + 1: null

2018-12-13 15:37:06 - [TEST_STEP][PASSED] - Statement - PreSaveFile = new java.io.File(((pathPrefix + java.lang.Integer.toString(counter)) + .png)): null

2018-12-13 15:37:06 - [TEST_STEP][PASSED] - Statement - counter = counter + 1: null

2018-12-13 15:37:06 - [TEST_STEP][PASSED] - Statement - PreSaveFile = new java.io.File(((pathPrefix + java.lang.Integer.toString(counter)) + .png)): null

2018-12-13 15:37:06 - [TEST_STEP][PASSED] - Statement - counter = counter + 1: null

2018-12-13 15:37:06 - [TEST_STEP][PASSED] - Statement - PreSaveFile = new java.io.File(((pathPrefix + java.lang.Integer.toString(counter)) + .png)): null

2018-12-13 15:37:06 - [TEST_STEP][PASSED] - Statement - counter = counter + 1: null

2018-12-13 15:37:06 - [TEST_STEP][PASSED] - Statement - PreSaveFile = new java.io.File(((pathPrefix + java.lang.Integer.toString(counter)) + .png)): null

2018-12-13 15:37:06 - [TEST_STEP][PASSED] - Statement - counter = counter + 1: null

2018-12-13 15:37:06 - [TEST_STEP][PASSED] - Statement - PreSaveFile = new java.io.File(((pathPrefix + java.lang.Integer.toString(counter)) + .png)): null

2018-12-13 15:37:06 - [TEST_STEP][PASSED] - Statement - counter = counter + 1: null

2018-12-13 15:37:06 - [TEST_STEP][PASSED] - Statement - PreSaveFile = new java.io.File(((pathPrefix + java.lang.Integer.toString(counter)) + .png)): null

2018-12-13 15:37:06 - [TEST_STEP][PASSED] - Statement - counter = counter + 1: null

2018-12-13 15:37:06 - [TEST_STEP][PASSED] - Statement - PreSaveFile = new java.io.File(((pathPrefix + java.lang.Integer.toString(counter)) + .png)): null

2018-12-13 15:37:06 - [TEST_STEP][PASSED] - Statement - counter = counter + 1: null

2018-12-13 15:37:06 - [TEST_STEP][PASSED] - Statement - PreSaveFile = new java.io.File(((pathPrefix + java.lang.Integer.toString(counter)) + .png)): null

2018-12-13 15:37:06 - [TEST_STEP][PASSED] - Statement - counter = counter + 1: null

2018-12-13 15:37:06 - [TEST_STEP][PASSED] - Statement - PreSaveFile = new java.io.File(((pathPrefix + java.lang.Integer.toString(counter)) + .png)): null

2018-12-13 15:37:06 - [TEST_STEP][PASSED] - Statement - counter = counter + 1: null

2018-12-13 15:37:06 - [TEST_STEP][PASSED] - Statement - PreSaveFile = new java.io.File(((pathPrefix + java.lang.Integer.toString(counter)) + .png)): null

2018-12-13 15:37:06 - [TEST_STEP][PASSED] - Statement - counter = counter + 1: null

2018-12-13 15:37:06 - [TEST_STEP][PASSED] - Statement - PreSaveFile = new java.io.File(((pathPrefix + java.lang.Integer.toString(counter)) + .png)): null

2018-12-13 15:37:06 - [TEST_STEP][PASSED] - Statement - counter = counter + 1: null

2018-12-13 15:37:06 - [TEST_STEP][PASSED] - Statement - PreSaveFile = new java.io.File(((pathPrefix + java.lang.Integer.toString(counter)) + .png)): null

2018-12-13 15:37:06 - [TEST_STEP][PASSED] - Statement - counter = counter + 1: null

2018-12-13 15:37:06 - [TEST_STEP][PASSED] - Statement - PreSaveFile = new java.io.File(((pathPrefix + java.lang.Integer.toString(counter)) + .png)): null

2018-12-13 15:37:06 - [TEST_STEP][PASSED] - Statement - counter = counter + 1: null

2018-12-13 15:37:06 - [TEST_STEP][PASSED] - Statement - PreSaveFile = new java.io.File(((pathPrefix + java.lang.Integer.toString(counter)) + .png)): null

2018-12-13 15:37:06 - [TEST_STEP][PASSED] - Statement - counter = counter + 1: null

2018-12-13 15:37:06 - [TEST_STEP][PASSED] - Statement - PreSaveFile = new java.io.File(((pathPrefix + java.lang.Integer.toString(counter)) + .png)): null

2018-12-13 15:37:06 - [TEST_STEP][PASSED] - Statement - counter = counter + 1: null

2018-12-13 15:37:06 - [TEST_STEP][PASSED] - Statement - PreSaveFile = new java.io.File(((pathPrefix + java.lang.Integer.toString(counter)) + .png)): null

2018-12-13 15:37:06 - [TEST_STEP][PASSED] - Statement - counter = counter + 1: null

2018-12-13 15:37:06 - [TEST_STEP][PASSED] - Statement - PreSaveFile = new java.io.File(((pathPrefix + java.lang.Integer.toString(counter)) + .png)): null

2018-12-13 15:37:06 - [TEST_STEP][PASSED] - Statement - counter = counter + 1: null

2018-12-13 15:37:06 - [TEST_STEP][PASSED] - Statement - PreSaveFile = new java.io.File(((pathPrefix + java.lang.Integer.toString(counter)) + .png)): null

2018-12-13 15:37:06 - [TEST_STEP][PASSED] - Statement - counter = counter + 1: null

2018-12-13 15:37:06 - [TEST_STEP][PASSED] - Statement - PreSaveFile = new java.io.File(((pathPrefix + java.lang.Integer.toString(counter)) + .png)): null

2018-12-13 15:37:06 - [TEST_STEP][PASSED] - Statement - counter = counter + 1: null

2018-12-13 15:37:06 - [TEST_STEP][PASSED] - Statement - PreSaveFile = new java.io.File(((pathPrefix + java.lang.Integer.toString(counter)) + .png)): null

2018-12-13 15:37:06 - [TEST_STEP][PASSED] - Statement - counter = counter + 1: null

2018-12-13 15:37:06 - [TEST_STEP][PASSED] - Statement - PreSaveFile = new java.io.File(((pathPrefix + java.lang.Integer.toString(counter)) + .png)): null

2018-12-13 15:37:06 - [TEST_STEP][PASSED] - Statement - counter = counter + 1: null

2018-12-13 15:37:06 - [TEST_STEP][PASSED] - Statement - PreSaveFile = new java.io.File(((pathPrefix + java.lang.Integer.toString(counter)) + .png)): null

2018-12-13 15:37:06 - [TEST_STEP][PASSED] - Statement - counter = counter + 1: null

2018-12-13 15:37:06 - [TEST_STEP][PASSED] - Statement - PreSaveFile = new java.io.File(((pathPrefix + java.lang.Integer.toString(counter)) + .png)): null

2018-12-13 15:37:06 - [TEST_STEP][PASSED] - Statement - counter = counter + 1: null

2018-12-13 15:37:06 - [TEST_STEP][PASSED] - Statement - PreSaveFile = new java.io.File(((pathPrefix + java.lang.Integer.toString(counter)) + .png)): null

2018-12-13 15:37:06 - [TEST_STEP][PASSED] - Statement - counter = counter + 1: null

2018-12-13 15:37:06 - [TEST_STEP][PASSED] - Statement - PreSaveFile = new java.io.File(((pathPrefix + java.lang.Integer.toString(counter)) + .png)): null

2018-12-13 15:37:06 - [TEST_STEP][PASSED] - Statement - counter = counter + 1: null

2018-12-13 15:37:06 - [TEST_STEP][PASSED] - Statement - PreSaveFile = new java.io.File(((pathPrefix + java.lang.Integer.toString(counter)) + .png)): null

2018-12-13 15:37:06 - [TEST_STEP][PASSED] - Statement - counter = counter + 1: null

2018-12-13 15:37:07 - [TEST_STEP][PASSED] - Statement - PreSaveFile = new java.io.File(((pathPrefix + java.lang.Integer.toString(counter)) + .png)): null

2018-12-13 15:37:07 - [TEST_STEP][PASSED] - Statement - counter = counter + 1: null

2018-12-13 15:37:07 - [TEST_STEP][PASSED] - Statement - PreSaveFile = new java.io.File(((pathPrefix + java.lang.Integer.toString(counter)) + .png)): null

2018-12-13 15:37:07 - [TEST_STEP][PASSED] - Statement - counter = counter + 1: null

2018-12-13 15:37:07 - [TEST_STEP][PASSED] - Statement - PreSaveFile = new java.io.File(((pathPrefix + java.lang.Integer.toString(counter)) + .png)): null

2018-12-13 15:37:07 - [TEST_STEP][PASSED] - Statement - counter = counter + 1: null

2018-12-13 15:37:07 - [TEST_STEP][PASSED] - Statement - PreSaveFile = new java.io.File(((pathPrefix + java.lang.Integer.toString(counter)) + .png)): null

2018-12-13 15:37:07 - [TEST_STEP][PASSED] - Statement - counter = counter + 1: null

2018-12-13 15:37:07 - [TEST_STEP][PASSED] - Statement - PreSaveFile = new java.io.File(((pathPrefix + java.lang.Integer.toString(counter)) + .png)): null

2018-12-13 15:37:07 - [TEST_STEP][PASSED] - Statement - counter = counter + 1: null

2018-12-13 15:37:07 - [TEST_STEP][PASSED] - Statement - PreSaveFile = new java.io.File(((pathPrefix + java.lang.Integer.toString(counter)) + .png)): null

2018-12-13 15:37:07 - [TEST_STEP][PASSED] - Statement - counter = counter + 1: null

2018-12-13 15:37:07 - [TEST_STEP][PASSED] - Statement - PreSaveFile = new java.io.File(((pathPrefix + java.lang.Integer.toString(counter)) + .png)): null

2018-12-13 15:37:07 - [TEST_STEP][PASSED] - Statement - counter = counter + 1: null

2018-12-13 15:37:07 - [TEST_STEP][PASSED] - Statement - PreSaveFile = new java.io.File(((pathPrefix + java.lang.Integer.toString(counter)) + .png)): null

2018-12-13 15:37:07 - [TEST_STEP][PASSED] - Statement - counter = counter + 1: null

2018-12-13 15:37:07 - [TEST_STEP][PASSED] - Statement - PreSaveFile = new java.io.File(((pathPrefix + java.lang.Integer.toString(counter)) + .png)): null

2018-12-13 15:37:07 - [TEST_STEP][PASSED] - Statement - counter = counter + 1: null

2018-12-13 15:37:07 - [TEST_STEP][PASSED] - Statement - PreSaveFile = new java.io.File(((pathPrefix + java.lang.Integer.toString(counter)) + .png)): null

2018-12-13 15:37:07 - [TEST_STEP][PASSED] - Statement - counter = counter + 1: null

2018-12-13 15:37:07 - [TEST_STEP][PASSED] - Statement - PreSaveFile = new java.io.File(((pathPrefix + java.lang.Integer.toString(counter)) + .png)): null

2018-12-13 15:37:07 - [TEST_STEP][PASSED] - Statement - counter = counter + 1: null

2018-12-13 15:37:07 - [TEST_STEP][PASSED] - Statement - PreSaveFile = new java.io.File(((pathPrefix + java.lang.Integer.toString(counter)) + .png)): null

2018-12-13 15:37:07 - [TEST_STEP][PASSED] - Statement - counter = counter + 1: null

2018-12-13 15:37:07 - [TEST_STEP][PASSED] - Statement - PreSaveFile = new java.io.File(((pathPrefix + java.lang.Integer.toString(counter)) + .png)): null

2018-12-13 15:37:07 - [TEST_STEP][PASSED] - Statement - counter = counter + 1: null

2018-12-13 15:37:07 - [TEST_STEP][PASSED] - Statement - PreSaveFile = new java.io.File(((pathPrefix + java.lang.Integer.toString(counter)) + .png)): null

2018-12-13 15:37:07 - [TEST_STEP][PASSED] - Statement - counter = counter + 1: null

2018-12-13 15:37:07 - [TEST_STEP][PASSED] - Statement - PreSaveFile = new java.io.File(((pathPrefix + java.lang.Integer.toString(counter)) + .png)): null

2018-12-13 15:37:07 - [TEST_STEP][PASSED] - Statement - counter = counter + 1: null

2018-12-13 15:37:07 - [TEST_STEP][PASSED] - Statement - PreSaveFile = new java.io.File(((pathPrefix + java.lang.Integer.toString(counter)) + .png)): null

2018-12-13 15:37:07 - [TEST_STEP][PASSED] - Statement - counter = counter + 1: null

2018-12-13 15:37:07 - [TEST_STEP][PASSED] - Statement - PreSaveFile = new java.io.File(((pathPrefix + java.lang.Integer.toString(counter)) + .png)): null

2018-12-13 15:37:07 - [TEST_STEP][PASSED] - Statement - counter = counter + 1: null

2018-12-13 15:37:07 - [TEST_STEP][PASSED] - Statement - PreSaveFile = new java.io.File(((pathPrefix + java.lang.Integer.toString(counter)) + .png)): null

2018-12-13 15:37:07 - [TEST_STEP][PASSED] - Statement - counter = counter + 1: null

2018-12-13 15:37:07 - [TEST_STEP][PASSED] - Statement - PreSaveFile = new java.io.File(((pathPrefix + java.lang.Integer.toString(counter)) + .png)): null

2018-12-13 15:37:07 - [TEST_STEP][PASSED] - Statement - counter = counter + 1: null

2018-12-13 15:37:07 - [TEST_STEP][PASSED] - Statement - PreSaveFile = new java.io.File(((pathPrefix + java.lang.Integer.toString(counter)) + .png)): null

2018-12-13 15:37:07 - [TEST_STEP][PASSED] - Statement - counter = counter + 1: null

2018-12-13 15:37:07 - [TEST_STEP][PASSED] - Statement - PreSaveFile = new java.io.File(((pathPrefix + java.lang.Integer.toString(counter)) + .png)): null

2018-12-13 15:37:07 - [TEST_STEP][PASSED] - Statement - counter = counter + 1: null

2018-12-13 15:37:07 - [TEST_STEP][PASSED] - Statement - PreSaveFile = new java.io.File(((pathPrefix + java.lang.Integer.toString(counter)) + .png)): null

2018-12-13 15:37:07 - [TEST_STEP][PASSED] - Statement - counter = counter + 1: null

2018-12-13 15:37:07 - [TEST_STEP][PASSED] - Statement - PreSaveFile = new java.io.File(((pathPrefix + java.lang.Integer.toString(counter)) + .png)): null

2018-12-13 15:37:07 - [TEST_STEP][PASSED] - Statement - counter = counter + 1: null

2018-12-13 15:37:07 - [TEST_STEP][PASSED] - Statement - PreSaveFile = new java.io.File(((pathPrefix + java.lang.Integer.toString(counter)) + .png)): null

2018-12-13 15:37:07 - [TEST_STEP][PASSED] - Statement - counter = counter + 1: null

2018-12-13 15:37:07 - [TEST_STEP][PASSED] - Statement - PreSaveFile = new java.io.File(((pathPrefix + java.lang.Integer.toString(counter)) + .png)): null

2018-12-13 15:37:07 - [TEST_STEP][PASSED] - Statement - counter = counter + 1: null

2018-12-13 15:37:07 - [TEST_STEP][PASSED] - Statement - PreSaveFile = new java.io.File(((pathPrefix + java.lang.Integer.toString(counter)) + .png)): null

2018-12-13 15:37:07 - [TEST_STEP][PASSED] - Statement - counter = counter + 1: null

2018-12-13 15:37:07 - [TEST_STEP][PASSED] - Statement - PreSaveFile = new java.io.File(((pathPrefix + java.lang.Integer.toString(counter)) + .png)): null

2018-12-13 15:37:07 - [TEST_STEP][PASSED] - Statement - counter = counter + 1: null

2018-12-13 15:37:07 - [TEST_STEP][PASSED] - Statement - PreSaveFile = new java.io.File(((pathPrefix + java.lang.Integer.toString(counter)) + .png)): null

2018-12-13 15:37:07 - [TEST_STEP][PASSED] - Statement - counter = counter + 1: null

2018-12-13 15:37:07 - [TEST_STEP][PASSED] - Statement - PreSaveFile = new java.io.File(((pathPrefix + java.lang.Integer.toString(counter)) + .png)): null

2018-12-13 15:37:07 - [TEST_STEP][PASSED] - Statement - counter = counter + 1: null

2018-12-13 15:37:07 - [TEST_STEP][PASSED] - Statement - PreSaveFile = new java.io.File(((pathPrefix + java.lang.Integer.toString(counter)) + .png)): null

2018-12-13 15:37:07 - [TEST_STEP][PASSED] - Statement - counter = counter + 1: null

2018-12-13 15:37:07 - [TEST_STEP][PASSED] - Statement - PreSaveFile = new java.io.File(((pathPrefix + java.lang.Integer.toString(counter)) + .png)): null

2018-12-13 15:37:07 - [TEST_STEP][PASSED] - Statement - counter = counter + 1: null

2018-12-13 15:37:07 - [TEST_STEP][PASSED] - Statement - PreSaveFile = new java.io.File(((pathPrefix + java.lang.Integer.toString(counter)) + .png)): null

2018-12-13 15:37:07 - [TEST_STEP][PASSED] - Statement - counter = counter + 1: null

2018-12-13 15:37:07 - [TEST_STEP][PASSED] - Statement - PreSaveFile = new java.io.File(((pathPrefix + java.lang.Integer.toString(counter)) + .png)): null

2018-12-13 15:37:07 - [TEST_STEP][PASSED] - Statement - counter = counter + 1: null

2018-12-13 15:37:07 - [TEST_STEP][PASSED] - Statement - PreSaveFile = new java.io.File(((pathPrefix + java.lang.Integer.toString(counter)) + .png)): null

2018-12-13 15:37:07 - [TEST_STEP][PASSED] - Statement - counter = counter + 1: null

2018-12-13 15:37:07 - [TEST_STEP][PASSED] - Statement - PreSaveFile = new java.io.File(((pathPrefix + java.lang.Integer.toString(counter)) + .png)): null

2018-12-13 15:37:07 - [TEST_STEP][PASSED] - Statement - counter = counter + 1: null

2018-12-13 15:37:07 - [TEST_STEP][PASSED] - Statement - PreSaveFile = new java.io.File(((pathPrefix + java.lang.Integer.toString(counter)) + .png)): null

2018-12-13 15:37:07 - [TEST_STEP][PASSED] - Statement - counter = counter + 1: null

2018-12-13 15:37:07 - [TEST_STEP][PASSED] - Statement - PreSaveFile = new java.io.File(((pathPrefix + java.lang.Integer.toString(counter)) + .png)): null

2018-12-13 15:37:07 - [TEST_STEP][PASSED] - Statement - counter = counter + 1: null

2018-12-13 15:37:07 - [TEST_STEP][PASSED] - Statement - PreSaveFile = new java.io.File(((pathPrefix + java.lang.Integer.toString(counter)) + .png)): null

2018-12-13 15:37:07 - [TEST_STEP][PASSED] - Statement - counter = counter + 1: null

2018-12-13 15:37:07 - [TEST_STEP][PASSED] - Statement - PreSaveFile = new java.io.File(((pathPrefix + java.lang.Integer.toString(counter)) + .png)): null

2018-12-13 15:37:07 - [TEST_STEP][PASSED] - Statement - counter = counter + 1: null

2018-12-13 15:37:07 - [TEST_STEP][PASSED] - Statement - PreSaveFile = new java.io.File(((pathPrefix + java.lang.Integer.toString(counter)) + .png)): null

2018-12-13 15:37:07 - [TEST_STEP][PASSED] - Statement - counter = counter + 1: null

2018-12-13 15:37:07 - [TEST_STEP][PASSED] - Statement - PreSaveFile = new java.io.File(((pathPrefix + java.lang.Integer.toString(counter)) + .png)): null

2018-12-13 15:37:07 - [TEST_STEP][PASSED] - Statement - counter = counter + 1: null

2018-12-13 15:37:07 - [TEST_STEP][PASSED] - Statement - PreSaveFile = new java.io.File(((pathPrefix + java.lang.Integer.toString(counter)) + .png)): null

2018-12-13 15:37:07 - [TEST_STEP][PASSED] - Statement - counter = counter + 1: null

2018-12-13 15:37:07 - [TEST_STEP][PASSED] - Statement - PreSaveFile = new java.io.File(((pathPrefix + java.lang.Integer.toString(counter)) + .png)): null

2018-12-13 15:37:07 - [TEST_STEP][PASSED] - Statement - counter = counter + 1: null

2018-12-13 15:37:07 - [TEST_STEP][PASSED] - Statement - PreSaveFile = new java.io.File(((pathPrefix + java.lang.Integer.toString(counter)) + .png)): null

2018-12-13 15:37:07 - [TEST_STEP][PASSED] - Statement - counter = counter + 1: null

2018-12-13 15:37:07 - [TEST_STEP][PASSED] - Statement - PreSaveFile = new java.io.File(((pathPrefix + java.lang.Integer.toString(counter)) + .png)): null

2018-12-13 15:37:07 - [TEST_STEP][PASSED] - Statement - counter = counter + 1: null

2018-12-13 15:37:07 - [TEST_STEP][PASSED] - Statement - PreSaveFile = new java.io.File(((pathPrefix + java.lang.Integer.toString(counter)) + .png)): null

2018-12-13 15:37:07 - [TEST_STEP][PASSED] - Statement - counter = counter + 1: null

2018-12-13 15:37:07 - [TEST_STEP][PASSED] - Statement - PreSaveFile = new java.io.File(((pathPrefix + java.lang.Integer.toString(counter)) + .png)): null

2018-12-13 15:37:07 - [TEST_STEP][PASSED] - Statement - counter = counter + 1: null

2018-12-13 15:37:07 - [TEST_STEP][PASSED] - Statement - PreSaveFile = new java.io.File(((pathPrefix + java.lang.Integer.toString(counter)) + .png)): null

2018-12-13 15:37:07 - [TEST_STEP][PASSED] - Statement - counter = counter + 1: null

2018-12-13 15:37:07 - [TEST_STEP][PASSED] - Statement - PreSaveFile = new java.io.File(((pathPrefix + java.lang.Integer.toString(counter)) + .png)): null

2018-12-13 15:37:07 - [TEST_STEP][PASSED] - Statement - counter = counter + 1: null

2018-12-13 15:37:07 - [TEST_STEP][PASSED] - Statement - PreSaveFile = new java.io.File(((pathPrefix + java.lang.Integer.toString(counter)) + .png)): null

2018-12-13 15:37:07 - [TEST_STEP][PASSED] - Statement - counter = counter + 1: null

2018-12-13 15:37:07 - [TEST_STEP][PASSED] - Statement - PreSaveFile = new java.io.File(((pathPrefix + java.lang.Integer.toString(counter)) + .png)): null

2018-12-13 15:37:07 - [TEST_STEP][PASSED] - Statement - counter = counter + 1: null

2018-12-13 15:37:07 - [TEST_STEP][PASSED] - Statement - PreSaveFile = new java.io.File(((pathPrefix + java.lang.Integer.toString(counter)) + .png)): null

2018-12-13 15:37:07 - [TEST_STEP][PASSED] - Statement - counter = counter + 1: null

2018-12-13 15:37:07 - [TEST_STEP][PASSED] - Statement - PreSaveFile = new java.io.File(((pathPrefix + java.lang.Integer.toString(counter)) + .png)): null

2018-12-13 15:37:07 - [TEST_STEP][PASSED] - Statement - counter = counter + 1: null

2018-12-13 15:37:07 - [TEST_STEP][PASSED] - Statement - PreSaveFile = new java.io.File(((pathPrefix + java.lang.Integer.toString(counter)) + .png)): null

2018-12-13 15:37:07 - [TEST_STEP][PASSED] - Statement - counter = counter + 1: null

2018-12-13 15:37:07 - [TEST_STEP][PASSED] - Statement - PreSaveFile = new java.io.File(((pathPrefix + java.lang.Integer.toString(counter)) + .png)): null

2018-12-13 15:37:07 - [TEST_STEP][PASSED] - Statement - counter = counter + 1: null

2018-12-13 15:37:07 - [TEST_STEP][PASSED] - Statement - PreSaveFile = new java.io.File(((pathPrefix + java.lang.Integer.toString(counter)) + .png)): null

2018-12-13 15:37:07 - [TEST_STEP][PASSED] - Statement - counter = counter + 1: null

2018-12-13 15:37:07 - [TEST_STEP][PASSED] - Statement - PreSaveFile = new java.io.File(((pathPrefix + java.lang.Integer.toString(counter)) + .png)): null

2018-12-13 15:37:07 - [TEST_STEP][PASSED] - Statement - counter = counter + 1: null

2018-12-13 15:37:07 - [TEST_STEP][PASSED] - Statement - PreSaveFile = new java.io.File(((pathPrefix + java.lang.Integer.toString(counter)) + .png)): null

2018-12-13 15:37:07 - [TEST_STEP][PASSED] - Statement - counter = counter + 1: null

2018-12-13 15:37:07 - [TEST_STEP][PASSED] - Statement - PreSaveFile = new java.io.File(((pathPrefix + java.lang.Integer.toString(counter)) + .png)): null

2018-12-13 15:37:07 - [TEST_STEP][PASSED] - Statement - counter = counter + 1: null

2018-12-13 15:37:07 - [TEST_STEP][PASSED] - Statement - PreSaveFile = new java.io.File(((pathPrefix + java.lang.Integer.toString(counter)) + .png)): null

2018-12-13 15:37:07 - [TEST_STEP][PASSED] - Statement - counter = counter + 1: null

2018-12-13 15:37:07 - [TEST_STEP][PASSED] - Statement - PreSaveFile = new java.io.File(((pathPrefix + java.lang.Integer.toString(counter)) + .png)): null

2018-12-13 15:37:07 - [TEST_STEP][PASSED] - Statement - counter = counter + 1: null

2018-12-13 15:37:07 - [TEST_STEP][PASSED] - Statement - PreSaveFile = new java.io.File(((pathPrefix + java.lang.Integer.toString(counter)) + .png)): null

2018-12-13 15:37:07 - [TEST_STEP][PASSED] - Statement - counter = counter + 1: null

2018-12-13 15:37:07 - [TEST_STEP][PASSED] - Statement - PreSaveFile = new java.io.File(((pathPrefix + java.lang.Integer.toString(counter)) + .png)): null

2018-12-13 15:37:07 - [TEST_STEP][PASSED] - Statement - counter = counter + 1: null

2018-12-13 15:37:07 - [TEST_STEP][PASSED] - Statement - PreSaveFile = new java.io.File(((pathPrefix + java.lang.Integer.toString(counter)) + .png)): null

2018-12-13 15:37:07 - [TEST_STEP][PASSED] - Statement - counter = counter + 1: null

2018-12-13 15:37:07 - [TEST_STEP][PASSED] - Statement - PreSaveFile = new java.io.File(((pathPrefix + java.lang.Integer.toString(counter)) + .png)): null

2018-12-13 15:37:07 - [TEST_STEP][PASSED] - Statement - counter = counter + 1: null

2018-12-13 15:37:07 - [TEST_STEP][PASSED] - Statement - PreSaveFile = new java.io.File(((pathPrefix + java.lang.Integer.toString(counter)) + .png)): null

2018-12-13 15:37:07 - [TEST_STEP][PASSED] - Statement - counter = counter + 1: null

2018-12-13 15:37:07 - [TEST_STEP][PASSED] - Statement - PreSaveFile = new java.io.File(((pathPrefix + java.lang.Integer.toString(counter)) + .png)): null

2018-12-13 15:37:07 - [TEST_STEP][PASSED] - Statement - counter = counter + 1: null

2018-12-13 15:37:07 - [TEST_STEP][PASSED] - Statement - PreSaveFile = new java.io.File(((pathPrefix + java.lang.Integer.toString(counter)) + .png)): null

2018-12-13 15:37:07 - [TEST_STEP][PASSED] - Statement - counter = counter + 1: null

2018-12-13 15:37:07 - [TEST_STEP][PASSED] - Statement - PreSaveFile = new java.io.File(((pathPrefix + java.lang.Integer.toString(counter)) + .png)): null

2018-12-13 15:37:07 - [TEST_STEP][PASSED] - Statement - counter = counter + 1: null

2018-12-13 15:37:07 - [TEST_STEP][PASSED] - Statement - PreSaveFile = new java.io.File(((pathPrefix + java.lang.Integer.toString(counter)) + .png)): null

2018-12-13 15:37:07 - [TEST_STEP][PASSED] - Statement - counter = counter + 1: null

2018-12-13 15:37:07 - [TEST_STEP][PASSED] - Statement - PreSaveFile = new java.io.File(((pathPrefix + java.lang.Integer.toString(counter)) + .png)): null

2018-12-13 15:37:07 - [TEST_STEP][PASSED] - Statement - counter = counter + 1: null

2018-12-13 15:37:07 - [TEST_STEP][PASSED] - Statement - PreSaveFile = new java.io.File(((pathPrefix + java.lang.Integer.toString(counter)) + .png)): null

2018-12-13 15:37:07 - [TEST_STEP][PASSED] - Statement - counter = counter + 1: null

2018-12-13 15:37:07 - [TEST_STEP][PASSED] - Statement - PreSaveFile = new java.io.File(((pathPrefix + java.lang.Integer.toString(counter)) + .png)): null

2018-12-13 15:37:07 - [TEST_STEP][PASSED] - Statement - counter = counter + 1: null

2018-12-13 15:37:07 - [TEST_STEP][PASSED] - Statement - PreSaveFile = new java.io.File(((pathPrefix + java.lang.Integer.toString(counter)) + .png)): null

2018-12-13 15:37:07 - [TEST_STEP][PASSED] - Statement - counter = counter + 1: null

2018-12-13 15:37:07 - [TEST_STEP][PASSED] - Statement - PreSaveFile = new java.io.File(((pathPrefix + java.lang.Integer.toString(counter)) + .png)): null

2018-12-13 15:37:07 - [TEST_STEP][PASSED] - Statement - counter = counter + 1: null

2018-12-13 15:37:07 - [TEST_STEP][PASSED] - Statement - PreSaveFile = new java.io.File(((pathPrefix + java.lang.Integer.toString(counter)) + .png)): null

2018-12-13 15:37:07 - [TEST_STEP][PASSED] - Statement - counter = counter + 1: null

2018-12-13 15:37:07 - [TEST_STEP][PASSED] - Statement - PreSaveFile = new java.io.File(((pathPrefix + java.lang.Integer.toString(counter)) + .png)): null

2018-12-13 15:37:07 - [TEST_STEP][PASSED] - Statement - counter = counter + 1: null

2018-12-13 15:37:07 - [TEST_STEP][PASSED] - Statement - PreSaveFile = new java.io.File(((pathPrefix + java.lang.Integer.toString(counter)) + .png)): null

2018-12-13 15:37:07 - [TEST_STEP][PASSED] - Statement - counter = counter + 1: null

2018-12-13 15:37:07 - [TEST_STEP][PASSED] - Statement - PreSaveFile = new java.io.File(((pathPrefix + java.lang.Integer.toString(counter)) + .png)): null

2018-12-13 15:37:07 - [TEST_STEP][PASSED] - Statement - counter = counter + 1: null

2018-12-13 15:37:07 - [TEST_STEP][PASSED] - Statement - PreSaveFile = new java.io.File(((pathPrefix + java.lang.Integer.toString(counter)) + .png)): null

2018-12-13 15:37:07 - [TEST_STEP][PASSED] - Statement - counter = counter + 1: null

2018-12-13 15:37:07 - [TEST_STEP][PASSED] - Statement - PreSaveFile = new java.io.File(((pathPrefix + java.lang.Integer.toString(counter)) + .png)): null

2018-12-13 15:37:07 - [TEST_STEP][PASSED] - Statement - counter = counter + 1: null

2018-12-13 15:37:07 - [TEST_STEP][PASSED] - Statement - PreSaveFile = new java.io.File(((pathPrefix + java.lang.Integer.toString(counter)) + .png)): null

2018-12-13 15:37:07 - [TEST_STEP][PASSED] - Statement - counter = counter + 1: null

2018-12-13 15:37:07 - [TEST_STEP][PASSED] - Statement - PreSaveFile = new java.io.File(((pathPrefix + java.lang.Integer.toString(counter)) + .png)): null

2018-12-13 15:37:07 - [TEST_STEP][PASSED] - Statement - counter = counter + 1: null

2018-12-13 15:37:07 - [TEST_STEP][PASSED] - Statement - PreSaveFile = new java.io.File(((pathPrefix + java.lang.Integer.toString(counter)) + .png)): null

2018-12-13 15:37:07 - [TEST_STEP][PASSED] - Statement - counter = counter + 1: null

2018-12-13 15:37:07 - [TEST_STEP][PASSED] - Statement - PreSaveFile = new java.io.File(((pathPrefix + java.lang.Integer.toString(counter)) + .png)): null

2018-12-13 15:37:07 - [TEST_STEP][PASSED] - Statement - counter = counter + 1: null

2018-12-13 15:37:07 - [TEST_STEP][PASSED] - Statement - PreSaveFile = new java.io.File(((pathPrefix + java.lang.Integer.toString(counter)) + .png)): null

2018-12-13 15:37:07 - [TEST_STEP][PASSED] - Statement - counter = counter + 1: null

2018-12-13 15:37:07 - [TEST_STEP][PASSED] - Statement - PreSaveFile = new java.io.File(((pathPrefix + java.lang.Integer.toString(counter)) + .png)): null

2018-12-13 15:37:07 - [TEST_STEP][PASSED] - Statement - counter = counter + 1: null

2018-12-13 15:37:07 - [TEST_STEP][PASSED] - Statement - PreSaveFile = new java.io.File(((pathPrefix + java.lang.Integer.toString(counter)) + .png)): null

2018-12-13 15:37:07 - [TEST_STEP][PASSED] - Statement - counter = counter + 1: null

2018-12-13 15:37:07 - [TEST_STEP][PASSED] - Statement - PreSaveFile = new java.io.File(((pathPrefix + java.lang.Integer.toString(counter)) + .png)): null

2018-12-13 15:37:07 - [TEST_STEP][PASSED] - Statement - counter = counter + 1: null

2018-12-13 15:37:07 - [TEST_STEP][PASSED] - Statement - PreSaveFile = new java.io.File(((pathPrefix + java.lang.Integer.toString(counter)) + .png)): null

2018-12-13 15:37:07 - [TEST_STEP][PASSED] - Statement - counter = counter + 1: null

2018-12-13 15:37:07 - [TEST_STEP][PASSED] - Statement - PreSaveFile = new java.io.File(((pathPrefix + java.lang.Integer.toString(counter)) + .png)): null

2018-12-13 15:37:07 - [TEST_STEP][PASSED] - Statement - counter = counter + 1: null

2018-12-13 15:37:07 - [TEST_STEP][PASSED] - Statement - PreSaveFile = new java.io.File(((pathPrefix + java.lang.Integer.toString(counter)) + .png)): null

2018-12-13 15:37:07 - [TEST_STEP][PASSED] - Statement - counter = counter + 1: null

2018-12-13 15:37:07 - [TEST_STEP][PASSED] - Statement - PreSaveFile = new java.io.File(((pathPrefix + java.lang.Integer.toString(counter)) + .png)): null

2018-12-13 15:37:07 - [TEST_STEP][PASSED] - Statement - counter = counter + 1: null

2018-12-13 15:37:07 - [TEST_STEP][PASSED] - Statement - PreSaveFile = new java.io.File(((pathPrefix + java.lang.Integer.toString(counter)) + .png)): null

2018-12-13 15:37:07 - [TEST_STEP][PASSED] - Statement - counter = counter + 1: null

2018-12-13 15:37:07 - [TEST_STEP][PASSED] - Statement - PreSaveFile = new java.io.File(((pathPrefix + java.lang.Integer.toString(counter)) + .png)): null

2018-12-13 15:37:07 - [TEST_STEP][PASSED] - Statement - counter = counter + 1: null

2018-12-13 15:37:07 - [TEST_STEP][PASSED] - Statement - PreSaveFile = new java.io.File(((pathPrefix + java.lang.Integer.toString(counter)) + .png)): null

2018-12-13 15:37:07 - [TEST_STEP][PASSED] - Statement - counter = counter + 1: null

2018-12-13 15:37:07 - [TEST_STEP][PASSED] - Statement - PreSaveFile = new java.io.File(((pathPrefix + java.lang.Integer.toString(counter)) + .png)): null

2018-12-13 15:37:07 - [TEST_STEP][PASSED] - Statement - counter = counter + 1: null

2018-12-13 15:37:07 - [TEST_STEP][PASSED] - Statement - PreSaveFile = new java.io.File(((pathPrefix + java.lang.Integer.toString(counter)) + .png)): null

2018-12-13 15:37:07 - [TEST_STEP][PASSED] - Statement - counter = counter + 1: null

2018-12-13 15:37:07 - [TEST_STEP][PASSED] - Statement - PreSaveFile = new java.io.File(((pathPrefix + java.lang.Integer.toString(counter)) + .png)): null

2018-12-13 15:37:07 - [TEST_STEP][PASSED] - Statement - counter = counter + 1: null

2018-12-13 15:37:07 - [TEST_STEP][PASSED] - Statement - PreSaveFile = new java.io.File(((pathPrefix + java.lang.Integer.toString(counter)) + .png)): null

2018-12-13 15:37:07 - [TEST_STEP][PASSED] - Statement - counter = counter + 1: null

2018-12-13 15:37:07 - [TEST_STEP][PASSED] - Statement - PreSaveFile = new java.io.File(((pathPrefix + java.lang.Integer.toString(counter)) + .png)): null

2018-12-13 15:37:07 - [TEST_STEP][PASSED] - Statement - counter = counter + 1: null

2018-12-13 15:37:07 - [TEST_STEP][PASSED] - Statement - PreSaveFile = new java.io.File(((pathPrefix + java.lang.Integer.toString(counter)) + .png)): null

2018-12-13 15:37:07 - [TEST_STEP][PASSED] - Statement - counter = counter + 1: null

2018-12-13 15:37:07 - [TEST_STEP][PASSED] - Statement - PreSaveFile = new java.io.File(((pathPrefix + java.lang.Integer.toString(counter)) + .png)): null

2018-12-13 15:37:07 - [TEST_STEP][PASSED] - Statement - counter = counter + 1: null

2018-12-13 15:37:07 - [TEST_STEP][PASSED] - Statement - PreSaveFile = new java.io.File(((pathPrefix + java.lang.Integer.toString(counter)) + .png)): null

2018-12-13 15:37:07 - [TEST_STEP][PASSED] - Statement - counter = counter + 1: null

2018-12-13 15:37:07 - [TEST_STEP][PASSED] - Statement - PreSaveFile = new java.io.File(((pathPrefix + java.lang.Integer.toString(counter)) + .png)): null

2018-12-13 15:37:07 - [TEST_STEP][PASSED] - Statement - counter = counter + 1: null

2018-12-13 15:37:07 - [TEST_STEP][PASSED] - Statement - PreSaveFile = new java.io.File(((pathPrefix + java.lang.Integer.toString(counter)) + .png)): null

2018-12-13 15:37:07 - [TEST_STEP][PASSED] - Statement - counter = counter + 1: null

2018-12-13 15:37:07 - [TEST_STEP][PASSED] - Statement - PreSaveFile = new java.io.File(((pathPrefix + java.lang.Integer.toString(counter)) + .png)): null

2018-12-13 15:37:07 - [TEST_STEP][PASSED] - Statement - counter = counter + 1: null

2018-12-13 15:37:07 - [TEST_STEP][PASSED] - Statement - PreSaveFile = new java.io.File(((pathPrefix + java.lang.Integer.toString(counter)) + .png)): null

2018-12-13 15:37:07 - [TEST_STEP][PASSED] - Statement - counter = counter + 1: null

2018-12-13 15:37:07 - [TEST_STEP][PASSED] - Statement - PreSaveFile = new java.io.File(((pathPrefix + java.lang.Integer.toString(counter)) + .png)): null

2018-12-13 15:37:07 - [TEST_STEP][PASSED] - Statement - counter = counter + 1: null

2018-12-13 15:37:07 - [TEST_STEP][PASSED] - Statement - PreSaveFile = new java.io.File(((pathPrefix + java.lang.Integer.toString(counter)) + .png)): null

2018-12-13 15:37:07 - [TEST_STEP][PASSED] - Statement - counter = counter + 1: null

2018-12-13 15:37:07 - [TEST_STEP][PASSED] - Statement - PreSaveFile = new java.io.File(((pathPrefix + java.lang.Integer.toString(counter)) + .png)): null

2018-12-13 15:37:07 - [TEST_STEP][PASSED] - Statement - counter = counter + 1: null

2018-12-13 15:37:07 - [TEST_STEP][PASSED] - Statement - PreSaveFile = new java.io.File(((pathPrefix + java.lang.Integer.toString(counter)) + .png)): null

2018-12-13 15:37:07 - [TEST_STEP][PASSED] - Statement - counter = counter + 1: null

2018-12-13 15:37:07 - [TEST_STEP][PASSED] - Statement - PreSaveFile = new java.io.File(((pathPrefix + java.lang.Integer.toString(counter)) + .png)): null

2018-12-13 15:37:07 - [TEST_STEP][PASSED] - Statement - counter = counter + 1: null

2018-12-13 15:37:07 - [TEST_STEP][PASSED] - Statement - PreSaveFile = new java.io.File(((pathPrefix + java.lang.Integer.toString(counter)) + .png)): null

2018-12-13 15:37:07 - [TEST_STEP][PASSED] - Statement - counter = counter + 1: null

2018-12-13 15:37:07 - [TEST_STEP][PASSED] - Statement - PreSaveFile = new java.io.File(((pathPrefix + java.lang.Integer.toString(counter)) + .png)): null

2018-12-13 15:37:07 - [TEST_STEP][PASSED] - Statement - counter = counter + 1: null

2018-12-13 15:37:07 - [TEST_STEP][PASSED] - Statement - PreSaveFile = new java.io.File(((pathPrefix + java.lang.Integer.toString(counter)) + .png)): null

2018-12-13 15:37:07 - [TEST_STEP][PASSED] - Statement - counter = counter + 1: null

2018-12-13 15:37:07 - [TEST_STEP][PASSED] - Statement - PreSaveFile = new java.io.File(((pathPrefix + java.lang.Integer.toString(counter)) + .png)): null

2018-12-13 15:37:07 - [TEST_STEP][PASSED] - Statement - counter = counter + 1: null

2018-12-13 15:37:07 - [TEST_STEP][PASSED] - Statement - PreSaveFile = new java.io.File(((pathPrefix + java.lang.Integer.toString(counter)) + .png)): null

2018-12-13 15:37:07 - [TEST_STEP][PASSED] - Statement - counter = counter + 1: null

2018-12-13 15:37:07 - [TEST_STEP][PASSED] - Statement - PreSaveFile = new java.io.File(((pathPrefix + java.lang.Integer.toString(counter)) + .png)): null

2018-12-13 15:37:07 - [TEST_STEP][PASSED] - Statement - counter = counter + 1: null

2018-12-13 15:37:07 - [TEST_STEP][PASSED] - Statement - PreSaveFile = new java.io.File(((pathPrefix + java.lang.Integer.toString(counter)) + .png)): null

2018-12-13 15:37:07 - [TEST_STEP][PASSED] - Statement - counter = counter + 1: null

2018-12-13 15:37:07 - [TEST_STEP][PASSED] - Statement - PreSaveFile = new java.io.File(((pathPrefix + java.lang.Integer.toString(counter)) + .png)): null

2018-12-13 15:37:07 - [TEST_STEP][PASSED] - Statement - counter = counter + 1: null

2018-12-13 15:37:07 - [TEST_STEP][PASSED] - Statement - PreSaveFile = new java.io.File(((pathPrefix + java.lang.Integer.toString(counter)) + .png)): null

2018-12-13 15:37:07 - [TEST_STEP][PASSED] - Statement - counter = counter + 1: null

2018-12-13 15:37:07 - [TEST_STEP][PASSED] - Statement - PreSaveFile = new java.io.File(((pathPrefix + java.lang.Integer.toString(counter)) + .png)): null

2018-12-13 15:37:07 - [TEST_STEP][PASSED] - Statement - counter = counter + 1: null

2018-12-13 15:37:07 - [TEST_STEP][PASSED] - Statement - PreSaveFile = new java.io.File(((pathPrefix + java.lang.Integer.toString(counter)) + .png)): null

2018-12-13 15:37:07 - [TEST_STEP][PASSED] - Statement - counter = counter + 1: null

2018-12-13 15:37:07 - [TEST_STEP][PASSED] - Statement - PreSaveFile = new java.io.File(((pathPrefix + java.lang.Integer.toString(counter)) + .png)): null

2018-12-13 15:37:07 - [TEST_STEP][PASSED] - Statement - counter = counter + 1: null

2018-12-13 15:37:07 - [TEST_STEP][PASSED] - Statement - PreSaveFile = new java.io.File(((pathPrefix + java.lang.Integer.toString(counter)) + .png)): null

2018-12-13 15:37:07 - [TEST_STEP][PASSED] - Statement - counter = counter + 1: null

2018-12-13 15:37:07 - [TEST_STEP][PASSED] - Statement - PreSaveFile = new java.io.File(((pathPrefix + java.lang.Integer.toString(counter)) + .png)): null

2018-12-13 15:37:07 - [TEST_STEP][PASSED] - Statement - counter = counter + 1: null

2018-12-13 15:37:07 - [TEST_STEP][PASSED] - Statement - PreSaveFile = new java.io.File(((pathPrefix + java.lang.Integer.toString(counter)) + .png)): null

2018-12-13 15:37:07 - [TEST_STEP][PASSED] - Statement - counter = counter + 1: null

2018-12-13 15:37:07 - [TEST_STEP][PASSED] - Statement - PreSaveFile = new java.io.File(((pathPrefix + java.lang.Integer.toString(counter)) + .png)): null

2018-12-13 15:37:07 - [TEST_STEP][PASSED] - Statement - counter = counter + 1: null

2018-12-13 15:37:07 - [TEST_STEP][PASSED] - Statement - PreSaveFile = new java.io.File(((pathPrefix + java.lang.Integer.toString(counter)) + .png)): null

2018-12-13 15:37:07 - [TEST_STEP][PASSED] - Statement - counter = counter + 1: null

2018-12-13 15:37:07 - [TEST_STEP][PASSED] - Statement - PreSaveFile = new java.io.File(((pathPrefix + java.lang.Integer.toString(counter)) + .png)): null

2018-12-13 15:37:07 - [TEST_STEP][PASSED] - Statement - counter = counter + 1: null

2018-12-13 15:37:07 - [TEST_STEP][PASSED] - Statement - PreSaveFile = new java.io.File(((pathPrefix + java.lang.Integer.toString(counter)) + .png)): null

2018-12-13 15:37:07 - [TEST_STEP][PASSED] - Statement - counter = counter + 1: null

2018-12-13 15:37:07 - [TEST_STEP][PASSED] - Statement - PreSaveFile = new java.io.File(((pathPrefix + java.lang.Integer.toString(counter)) + .png)): null

2018-12-13 15:37:07 - [TEST_STEP][PASSED] - Statement - counter = counter + 1: null

2018-12-13 15:37:07 - [TEST_STEP][PASSED] - Statement - PreSaveFile = new java.io.File(((pathPrefix + java.lang.Integer.toString(counter)) + .png)): null

2018-12-13 15:37:07 - [TEST_STEP][PASSED] - Statement - counter = counter + 1: null

2018-12-13 15:37:07 - [TEST_STEP][PASSED] - Statement - PreSaveFile = new java.io.File(((pathPrefix + java.lang.Integer.toString(counter)) + .png)): null

2018-12-13 15:37:07 - [TEST_STEP][PASSED] - Statement - counter = counter + 1: null

2018-12-13 15:37:07 - [TEST_STEP][PASSED] - Statement - PreSaveFile = new java.io.File(((pathPrefix + java.lang.Integer.toString(counter)) + .png)): null

2018-12-13 15:37:07 - [TEST_STEP][PASSED] - Statement - counter = counter + 1: null

2018-12-13 15:37:07 - [TEST_STEP][PASSED] - Statement - PreSaveFile = new java.io.File(((pathPrefix + java.lang.Integer.toString(counter)) + .png)): null

2018-12-13 15:37:07 - [TEST_STEP][PASSED] - Statement - counter = counter + 1: null

2018-12-13 15:37:07 - [TEST_STEP][PASSED] - Statement - PreSaveFile = new java.io.File(((pathPrefix + java.lang.Integer.toString(counter)) + .png)): null

2018-12-13 15:37:07 - [TEST_STEP][PASSED] - Statement - counter = counter + 1: null

2018-12-13 15:37:07 - [TEST_STEP][PASSED] - Statement - PreSaveFile = new java.io.File(((pathPrefix + java.lang.Integer.toString(counter)) + .png)): null

2018-12-13 15:37:07 - [TEST_STEP][PASSED] - Statement - counter = counter + 1: null

2018-12-13 15:37:07 - [TEST_STEP][PASSED] - Statement - PreSaveFile = new java.io.File(((pathPrefix + java.lang.Integer.toString(counter)) + .png)): null

2018-12-13 15:37:07 - [TEST_STEP][PASSED] - Statement - counter = counter + 1: null

2018-12-13 15:37:07 - [TEST_STEP][PASSED] - Statement - PreSaveFile = new java.io.File(((pathPrefix + java.lang.Integer.toString(counter)) + .png)): null

2018-12-13 15:37:07 - [TEST_STEP][PASSED] - Statement - counter = counter + 1: null

2018-12-13 15:37:07 - [TEST_STEP][PASSED] - Statement - PreSaveFile = new java.io.File(((pathPrefix + java.lang.Integer.toString(counter)) + .png)): null

2018-12-13 15:37:07 - [TEST_STEP][PASSED] - Statement - counter = counter + 1: null

2018-12-13 15:37:07 - [TEST_STEP][PASSED] - Statement - PreSaveFile = new java.io.File(((pathPrefix + java.lang.Integer.toString(counter)) + .png)): null

2018-12-13 15:37:07 - [TEST_STEP][PASSED] - Statement - counter = counter + 1: null

2018-12-13 15:37:07 - [TEST_STEP][PASSED] - Statement - PreSaveFile = new java.io.File(((pathPrefix + java.lang.Integer.toString(counter)) + .png)): null

2018-12-13 15:37:07 - [TEST_STEP][PASSED] - Statement - counter = counter + 1: null

2018-12-13 15:37:07 - [TEST_STEP][PASSED] - Statement - PreSaveFile = new java.io.File(((pathPrefix + java.lang.Integer.toString(counter)) + .png)): null

2018-12-13 15:37:07 - [TEST_STEP][PASSED] - Statement - counter = counter + 1: null

2018-12-13 15:37:07 - [TEST_STEP][PASSED] - Statement - PreSaveFile = new java.io.File(((pathPrefix + java.lang.Integer.toString(counter)) + .png)): null

2018-12-13 15:37:07 - [TEST_STEP][PASSED] - Statement - counter = counter + 1: null

2018-12-13 15:37:07 - [TEST_STEP][PASSED] - Statement - PreSaveFile = new java.io.File(((pathPrefix + java.lang.Integer.toString(counter)) + .png)): null

2018-12-13 15:37:07 - [TEST_STEP][PASSED] - Statement - counter = counter + 1: null

2018-12-13 15:37:07 - [TEST_STEP][PASSED] - Statement - PreSaveFile = new java.io.File(((pathPrefix + java.lang.Integer.toString(counter)) + .png)): null

2018-12-13 15:37:07 - [TEST_STEP][PASSED] - Statement - counter = counter + 1: null

2018-12-13 15:37:07 - [TEST_STEP][PASSED] - Statement - PreSaveFile = new java.io.File(((pathPrefix + java.lang.Integer.toString(counter)) + .png)): null

2018-12-13 15:37:07 - [TEST_STEP][PASSED] - Statement - counter = counter + 1: null

2018-12-13 15:37:07 - [TEST_STEP][PASSED] - Statement - PreSaveFile = new java.io.File(((pathPrefix + java.lang.Integer.toString(counter)) + .png)): null

2018-12-13 15:37:07 - [TEST_STEP][PASSED] - Statement - counter = counter + 1: null

2018-12-13 15:37:07 - [TEST_STEP][PASSED] - Statement - PreSaveFile = new java.io.File(((pathPrefix + java.lang.Integer.toString(counter)) + .png)): null

2018-12-13 15:37:07 - [TEST_STEP][PASSED] - Statement - counter = counter + 1: null

2018-12-13 15:37:07 - [TEST_STEP][PASSED] - Statement - PreSaveFile = new java.io.File(((pathPrefix + java.lang.Integer.toString(counter)) + .png)): null

2018-12-13 15:37:07 - [TEST_STEP][PASSED] - Statement - counter = counter + 1: null

2018-12-13 15:37:07 - [TEST_STEP][PASSED] - Statement - PreSaveFile = new java.io.File(((pathPrefix + java.lang.Integer.toString(counter)) + .png)): null

2018-12-13 15:37:07 - [TEST_STEP][PASSED] - Statement - counter = counter + 1: null

2018-12-13 15:37:07 - [TEST_STEP][PASSED] - Statement - PreSaveFile = new java.io.File(((pathPrefix + java.lang.Integer.toString(counter)) + .png)): null

2018-12-13 15:37:07 - [TEST_STEP][PASSED] - Statement - counter = counter + 1: null

2018-12-13 15:37:07 - [TEST_STEP][PASSED] - Statement - PreSaveFile = new java.io.File(((pathPrefix + java.lang.Integer.toString(counter)) + .png)): null

2018-12-13 15:37:07 - [TEST_STEP][PASSED] - Statement - counter = counter + 1: null

2018-12-13 15:37:07 - [TEST_STEP][PASSED] - Statement - PreSaveFile = new java.io.File(((pathPrefix + java.lang.Integer.toString(counter)) + .png)): null

2018-12-13 15:37:07 - [TEST_STEP][PASSED] - Statement - counter = counter + 1: null

2018-12-13 15:37:07 - [TEST_STEP][PASSED] - Statement - PreSaveFile = new java.io.File(((pathPrefix + java.lang.Integer.toString(counter)) + .png)): null

2018-12-13 15:37:07 - [TEST_STEP][PASSED] - Statement - counter = counter + 1: null

2018-12-13 15:37:07 - [TEST_STEP][PASSED] - Statement - PreSaveFile = new java.io.File(((pathPrefix + java.lang.Integer.toString(counter)) + .png)): null

2018-12-13 15:37:07 - [TEST_STEP][PASSED] - Statement - counter = counter + 1: null

2018-12-13 15:37:07 - [TEST_STEP][PASSED] - Statement - PreSaveFile = new java.io.File(((pathPrefix + java.lang.Integer.toString(counter)) + .png)): null

2018-12-13 15:37:07 - [TEST_STEP][PASSED] - Statement - counter = counter + 1: null

2018-12-13 15:37:07 - [TEST_STEP][PASSED] - Statement - PreSaveFile = new java.io.File(((pathPrefix + java.lang.Integer.toString(counter)) + .png)): null

2018-12-13 15:37:07 - [TEST_STEP][PASSED] - Statement - counter = counter + 1: null

2018-12-13 15:37:07 - [TEST_STEP][PASSED] - Statement - PreSaveFile = new java.io.File(((pathPrefix + java.lang.Integer.toString(counter)) + .png)): null

2018-12-13 15:37:07 - [TEST_STEP][PASSED] - Statement - finalPath = pathPrefix + java.lang.Integer.toString(counter) + ".png": null

2018-12-13 15:37:07 - [TEST_STEP][PASSED] - Statement - SaveFile = new java.io.File(finalPath): null

2018-12-13 15:37:07 - [TEST_STEP][PASSED] - Statement - Try: null

2018-12-13 15:37:07 - [TEST_STEP][PASSED] - Statement - org.apache.commons.io.FileUtils.copyFile(scrFile, SaveFile): null

2018-12-13 15:37:07 - [TEST_STEP][PASSED] - Statement - out.println("file kept"): null

2018-12-13 15:37:07 - [TEST_STEP][PASSED] - delay: Delayed 10 second(s)

2018-12-13 15:37:17 - [MESSAGE][PASSED] - Delayed 10 second(s)

2018-12-13 15:37:17 - [MESSAGE][PASSED] - Call Test Case 'Test Cases/Final Aug 2018 - PKS Automation/Registration Module/New Registration/Submit and Screenshot/Submit Registration and Screenshot - Copy' successfully

2018-12-13 15:37:17 - [TEST_STEP][PASSED] - Statement - UpdateAddNewECode = com.kms.katalon.core.webui.keyword.WebUiBuiltInKeywords.getText(com.kms.katalon.core.testobject.ObjectRepository.findTestObject(Object Repository/Final Object Repo/Page_Update Add New Employee - ASSIST/getEmpCode)): Text of object 'Object Repository/Final Object Repo/Page_Update Add New Employee - ASSIST/getEmpCode' is: 'E1102070848A'

2018-12-13 15:37:17 - [MESSAGE][PASSED] - Text of object 'Object Repository/Final Object Repo/Page_Update Add New Employee - ASSIST/getEmpCode' is: 'E1102070848A'

2018-12-13 15:37:17 - [TEST_STEP][PASSED] - callTestCase: Call Test Case 'Test Cases/Final Aug 2018 - PKS Automation/Common/Emp Code Setter' successfully

2018-12-13 15:37:17 - [TEST_CASE][PASSED] - Test Cases/Final Aug 2018 - PKS Automation/Common/Emp Code Setter: Test Cases/Final Aug 2018 - PKS Automation/Common/Emp Code Setter

2018-12-13 15:37:17 - [TEST_STEP][PASSED] - Statement - EmpCodeOld = new java.io.File(C://Users//Admin//Desktop//PKS//Automation Reference Point//EmpCode.txt): null

2018-12-13 15:37:17 - [TEST_STEP][PASSED] - Statement - EmpCodeOld.delete(): null

2018-12-13 15:37:17 - [TEST_STEP][PASSED] - Statement - EmpCode = new java.io.File(C://Users//Admin//Desktop//PKS//Automation Reference Point//EmpCode.txt): null

2018-12-13 15:37:17 - [TEST_STEP][PASSED] - Statement - f2 = new java.io.FileWriter(EmpCode, false): null

2018-12-13 15:37:17 - [TEST_STEP][PASSED] - Statement - f2.write(UpdateAddNewECode): null

2018-12-13 15:37:17 - [TEST_STEP][PASSED] - Statement - f2.close(): null

2018-12-13 15:37:17 - [TEST_STEP][PASSED] - Statement - out.println("


" + UpdateAddNewECode + "


"): null

2018-12-13 15:37:17 - [MESSAGE][PASSED] - Call Test Case 'Test Cases/Final Aug 2018 - PKS Automation/Common/Emp Code Setter' successfully

2018-12-13 15:37:17 - [MESSAGE][PASSED] - Call Test Case 'Test Cases/Final Aug 2018 - PKS Automation/Registration Module/Workflow/Update Add New Employee/Template/New Company for Update Add New - Employer' successfully

2018-12-13 15:37:17 - [TEST_STEP][PASSED] - callTestCase: Call Test Case 'Test Cases/Final Aug 2018 - PKS Automation/Create Employer Acc/Login to Employer Account (Second time)' successfully

2018-12-13 15:37:17 - [TEST_CASE][PASSED] - Test Cases/Final Aug 2018 - PKS Automation/Create Employer Acc/Login to Employer Account (Second time): Test Cases/Final Aug 2018 - PKS Automation/Create Employer Acc/Login to Employer Account (Second time)

2018-12-13 15:37:17 - [TEST_STEP][PASSED] - openBrowser: Browser is opened with url: ''

2018-12-13 15:37:17 - [MESSAGE][WARNING] - A browser is already opened. Closing browser and opening a new one

2018-12-13 15:37:20 - [MESSAGE][PASSED] - Browser is opened with url: ''

2018-12-13 15:37:20 - [TEST_STEP][PASSED] - navigateToUrl: Navigate to 'https://assist2-uat.perkeso.gov.my/employer/login' successfully

2018-12-13 15:37:21 - [MESSAGE][PASSED] - Navigate to 'https://assist2-uat.perkeso.gov.my/employer/login' successfully

2018-12-13 15:37:21 - [TEST_STEP][PASSED] - delay: Delayed 3 second(s)

2018-12-13 15:37:24 - [MESSAGE][PASSED] - Delayed 3 second(s)

2018-12-13 15:37:24 - [TEST_STEP][PASSED] - callTestCase: Call Test Case 'Test Cases/Final Aug 2018 - PKS Automation/Create Employer Acc/Template/Employer Email Getter' successfully

2018-12-13 15:37:24 - [TEST_CASE][PASSED] - Test Cases/Final Aug 2018 - PKS Automation/Create Employer Acc/Template/Employer Email Getter: Test Cases/Final Aug 2018 - PKS Automation/Create Employer Acc/Template/Employer Email Getter

2018-12-13 15:37:24 - [TEST_STEP][PASSED] - Statement - Try: null

2018-12-13 15:37:24 - [TEST_STEP][PASSED] - Statement - EmpEmail = new java.io.File(C://Users//Admin//Desktop//PKS//Automation Reference Point//EmpEmail.txt): null

2018-12-13 15:37:24 - [TEST_STEP][PASSED] - Statement - bufferread = new java.io.BufferedReader(new java.io.FileReader(EmpEmail)): null

2018-12-13 15:37:24 - [TEST_STEP][PASSED] - Statement - readedVal = bufferread.readLine(): null

2018-12-13 15:37:24 - [TEST_STEP][PASSED] - Statement - out.println(readedVal): null

2018-12-13 15:37:24 - [TEST_STEP][PASSED] - Statement - Email = readedVal: null

2018-12-13 15:37:24 - [MESSAGE][PASSED] - Call Test Case 'Test Cases/Final Aug 2018 - PKS Automation/Create Employer Acc/Template/Employer Email Getter' successfully

2018-12-13 15:37:24 - [TEST_STEP][PASSED] - setText: Text 'perkeso479219517796@gmail.com' is set on object 'Object Repository/Final Object Repo/Login Page/External Login Page/Email'

2018-12-13 15:37:25 - [MESSAGE][PASSED] - Text 'perkeso479219517796@gmail.com' is set on object 'Object Repository/Final Object Repo/Login Page/External Login Page/Email'

2018-12-13 15:37:25 - [TEST_STEP][PASSED] - click: Object: 'Object Repository/Final Object Repo/Login Page/External Login Page/Next' is clicked on

2018-12-13 15:37:25 - [MESSAGE][PASSED] - Object: 'Object Repository/Final Object Repo/Login Page/External Login Page/Next' is clicked on

2018-12-13 15:37:25 - [TEST_STEP][PASSED] - delay: Delayed 3 second(s)

2018-12-13 15:37:28 - [MESSAGE][PASSED] - Delayed 3 second(s)

2018-12-13 15:37:28 - [TEST_STEP][PASSED] - setEncryptedText: Text ****** has been set on object 'Object Repository/Final Object Repo/Login Page/External Login Page/Password'

2018-12-13 15:37:28 - [MESSAGE][PASSED] - Text ****** has been set on object 'Object Repository/Final Object Repo/Login Page/External Login Page/Password'

2018-12-13 15:37:28 - [TEST_STEP][PASSED] - click: Object: 'Object Repository/Final Object Repo/Login Page/External Login Page/Login' is clicked on

2018-12-13 15:37:28 - [MESSAGE][PASSED] - Object: 'Object Repository/Final Object Repo/Login Page/External Login Page/Login' is clicked on

2018-12-13 15:37:28 - [TEST_STEP][PASSED] - delay: Delayed 5 second(s)

2018-12-13 15:37:33 - [MESSAGE][PASSED] - Delayed 5 second(s)

2018-12-13 15:37:33 - [MESSAGE][PASSED] - Call Test Case 'Test Cases/Final Aug 2018 - PKS Automation/Create Employer Acc/Login to Employer Account (Second time)' successfully

2018-12-13 15:37:33 - [TEST_STEP][PASSED] - navigateToUrl: Navigate to 'https://assist2-uat.perkeso.gov.my/web/registration/update/form-1a-cessation-as-employer-discontinue-business-' successfully

2018-12-13 15:37:35 - [MESSAGE][PASSED] - Navigate to 'https://assist2-uat.perkeso.gov.my/web/registration/update/form-1a-cessation-as-employer-discontinue-business-' successfully

2018-12-13 15:37:35 - [TEST_STEP][PASSED] - callTestCase: Call Test Case 'Test Cases/Final Aug 2018 - PKS Automation/Common/Emp Code Getter' successfully

2018-12-13 15:37:35 - [TEST_CASE][PASSED] - Test Cases/Final Aug 2018 - PKS Automation/Common/Emp Code Getter: Test Cases/Final Aug 2018 - PKS Automation/Common/Emp Code Getter

2018-12-13 15:37:35 - [TEST_STEP][PASSED] - Statement - Try: null

2018-12-13 15:37:35 - [TEST_STEP][PASSED] - Statement - EmpCode = new java.io.File(C://Users//Admin//Desktop//PKS//Automation Reference Point//EmpCode.txt): null

2018-12-13 15:37:35 - [TEST_STEP][PASSED] - Statement - bufferread = new java.io.BufferedReader(new java.io.FileReader(EmpCode)): null

2018-12-13 15:37:35 - [TEST_STEP][PASSED] - Statement - readedVal = bufferread.readLine(): null

2018-12-13 15:37:35 - [TEST_STEP][PASSED] - Statement - out.println(readedVal): null

2018-12-13 15:37:35 - [TEST_STEP][PASSED] - Statement - UpdateAddNewECode = readedVal: null

2018-12-13 15:37:35 - [MESSAGE][PASSED] - Call Test Case 'Test Cases/Final Aug 2018 - PKS Automation/Common/Emp Code Getter' successfully

2018-12-13 15:37:35 - [TEST_STEP][PASSED] - setText: Text 'E1102070848A' is set on object 'Object Repository/Final Object Repo/Page_Update Employer Information/Employer Code'

2018-12-13 15:37:35 - [MESSAGE][PASSED] - Text 'E1102070848A' is set on object 'Object Repository/Final Object Repo/Page_Update Employer Information/Employer Code'

2018-12-13 15:37:35 - [TEST_STEP][PASSED] - click: Object: 'Object Repository/Final Object Repo/Page_Update Employer Information/Search Button' is clicked on

2018-12-13 15:37:35 - [MESSAGE][PASSED] - Object: 'Object Repository/Final Object Repo/Page_Update Employer Information/Search Button' is clicked on

2018-12-13 15:37:35 - [TEST_STEP][PASSED] - delay: Delayed 2 second(s)

2018-12-13 15:37:37 - [MESSAGE][PASSED] - Delayed 2 second(s)

2018-12-13 15:37:37 - [TEST_STEP][PASSED] - click: Object: 'Object Repository/Final Object Repo/Page_Update Employer Information/Edit Button' is clicked on

2018-12-13 15:37:39 - [MESSAGE][PASSED] - Object: 'Object Repository/Final Object Repo/Page_Update Employer Information/Edit Button' is clicked on

2018-12-13 15:37:39 - [TEST_STEP][PASSED] - Statement - abc = com.kms.katalon.core.webui.keyword.WebUiBuiltInKeywords.getAttribute(com.kms.katalon.core.testobject.ObjectRepository.findTestObject(Final Object Repo/Page_Form 1A - Cessation As Employer/Employer Status), "value"): Attribute 'value' of object 'Object Repository/Final Object Repo/Page_Form 1A - Cessation As Employer/Employer Status' is: 'Active'

2018-12-13 15:37:39 - [MESSAGE][PASSED] - Attribute 'value' of object 'Object Repository/Final Object Repo/Page_Form 1A - Cessation As Employer/Employer Status' is: 'Active'

2018-12-13 15:37:39 - [TEST_STEP][PASSED] - Statement - out.println(abc): null

2018-12-13 15:37:39 - [TEST_STEP][PASSED] - Statement - If (abc == "Active"): Object: 'Object Repository/Final Object Repo/Page_Form 1A - Cessation As Employer/Change Employer Status to - Dormant' is clicked on

2018-12-13 15:37:39 - [TEST_STEP][PASSED] - click: Object: 'Object Repository/Final Object Repo/Page_Form 1A - Cessation As Employer/Change Employer Status to' is clicked on

2018-12-13 15:37:40 - [MESSAGE][PASSED] - Object: 'Object Repository/Final Object Repo/Page_Form 1A - Cessation As Employer/Change Employer Status to' is clicked on

2018-12-13 15:37:40 - [TEST_STEP][PASSED] - click: Object: 'Object Repository/Final Object Repo/Page_Form 1A - Cessation As Employer/Change Employer Status to - Dormant' is clicked on

2018-12-13 15:37:40 - [MESSAGE][PASSED] - Object: 'Object Repository/Final Object Repo/Page_Form 1A - Cessation As Employer/Change Employer Status to - Dormant' is clicked on

2018-12-13 15:37:40 - [TEST_STEP][PASSED] - click: Object: 'Object Repository/Final Object Repo/Page_Form 1A - Cessation As Employer/Calender' is clicked on

2018-12-13 15:37:40 - [MESSAGE][PASSED] - Object: 'Object Repository/Final Object Repo/Page_Form 1A - Cessation As Employer/Calender' is clicked on

2018-12-13 15:37:40 - [TEST_STEP][PASSED] - click: Object: 'Object Repository/Final Object Repo/Page_Form 1A - Cessation As Employer/Calender - Date' is clicked on

2018-12-13 15:37:40 - [MESSAGE][PASSED] - Object: 'Object Repository/Final Object Repo/Page_Form 1A - Cessation As Employer/Calender - Date' is clicked on

2018-12-13 15:37:40 - [TEST_STEP][PASSED] - delay: Delayed 2 second(s)

2018-12-13 15:37:42 - [MESSAGE][PASSED] - Delayed 2 second(s)

2018-12-13 15:37:42 - [TEST_STEP][PASSED] - click: Object: 'Object Repository/Final Object Repo/Page_Form 1A - Cessation As Employer/Save  Continue in Form 1A Page' is clicked on

2018-12-13 15:37:43 - [MESSAGE][PASSED] - Object: 'Object Repository/Final Object Repo/Page_Form 1A - Cessation As Employer/Save  Continue in Form 1A Page' is clicked on

2018-12-13 15:37:43 - [TEST_STEP][PASSED] - delay: Delayed 2 second(s)

2018-12-13 15:37:45 - [MESSAGE][PASSED] - Delayed 2 second(s)

2018-12-13 15:37:45 - [TEST_STEP][PASSED] - click: Object: 'Object Repository/Final Object Repo/Page_Form 1A - Cessation As Employer/Employment Resign Date' is clicked on

2018-12-13 15:37:45 - [MESSAGE][PASSED] - Object: 'Object Repository/Final Object Repo/Page_Form 1A - Cessation As Employer/Employment Resign Date' is clicked on

2018-12-13 15:37:45 - [TEST_STEP][PASSED] - delay: Delayed 1 second(s)

2018-12-13 15:37:46 - [MESSAGE][PASSED] - Delayed 1 second(s)

2018-12-13 15:37:46 - [TEST_STEP][PASSED] - Statement - CaseReferenceNo = com.kms.katalon.core.webui.keyword.WebUiBuiltInKeywords.getText(com.kms.katalon.core.testobject.ObjectRepository.findTestObject(Final Object Repo/Page_Update Employer Information/Reference Number in Update Employee Information Page)): Text of object 'Object Repository/Final Object Repo/Page_Update Employer Information/Reference Number in Update Employee Information Page' is: 'CUN122018C200001737'

2018-12-13 15:37:46 - [MESSAGE][PASSED] - Text of object 'Object Repository/Final Object Repo/Page_Update Employer Information/Reference Number in Update Employee Information Page' is: 'CUN122018C200001737'

2018-12-13 15:37:46 - [TEST_STEP][PASSED] - callTestCase: Call Test Case 'Test Cases/Final Aug 2018 - PKS Automation/Common/Reference Number Setter' successfully

2018-12-13 15:37:46 - [TEST_CASE][PASSED] - Test Cases/Final Aug 2018 - PKS Automation/Common/Reference Number Setter: Test Cases/Final Aug 2018 - PKS Automation/Common/Reference Number Setter

2018-12-13 15:37:46 - [TEST_STEP][PASSED] - Statement - RefNoOldFile = new java.io.File(C://Users//Admin//Desktop//PKS//Automation Reference Point//KatalonReference.txt): null

2018-12-13 15:37:46 - [TEST_STEP][PASSED] - Statement - RefNoOldFile.delete(): null

2018-12-13 15:37:46 - [TEST_STEP][PASSED] - delay: Delayed 5 second(s)

2018-12-13 15:37:51 - [MESSAGE][PASSED] - Delayed 5 second(s)

2018-12-13 15:37:51 - [TEST_STEP][PASSED] - Statement - RefNo = new java.io.File(C://Users//Admin//Desktop//PKS//Automation Reference Point//KatalonReference.txt): null

2018-12-13 15:37:51 - [TEST_STEP][PASSED] - Statement - f2 = new java.io.FileWriter(RefNo, false): null

2018-12-13 15:37:51 - [TEST_STEP][PASSED] - Statement - f2.write(CaseReferenceNo): null

2018-12-13 15:37:51 - [TEST_STEP][PASSED] - Statement - f2.close(): null

2018-12-13 15:37:51 - [TEST_STEP][PASSED] - Statement - out.println("


" + CaseReferenceNo + "


"): null

2018-12-13 15:37:51 - [MESSAGE][PASSED] - Call Test Case 'Test Cases/Final Aug 2018 - PKS Automation/Common/Reference Number Setter' successfully

2018-12-13 15:37:51 - [TEST_STEP][PASSED] - selectOptionByValue: All options with value '2030' are selected in object 'Object Repository/Final Object Repo/Page_Form 1A - Cessation As Employer/Employment Resign Date - Year' 

2018-12-13 15:37:51 - [MESSAGE][PASSED] - All options with value '2030' are selected in object 'Object Repository/Final Object Repo/Page_Form 1A - Cessation As Employer/Employment Resign Date - Year' 

2018-12-13 15:37:51 - [TEST_STEP][PASSED] - delay: Delayed 1 second(s)

2018-12-13 15:37:52 - [MESSAGE][PASSED] - Delayed 1 second(s)

2018-12-13 15:37:52 - [TEST_STEP][PASSED] - click: Object: 'Object Repository/Final Object Repo/Page_Form 1A - Cessation As Employer/Employment Resign Date - Year - Date' is clicked on

2018-12-13 15:37:52 - [MESSAGE][PASSED] - Object: 'Object Repository/Final Object Repo/Page_Form 1A - Cessation As Employer/Employment Resign Date - Year - Date' is clicked on

2018-12-13 15:37:52 - [TEST_STEP][PASSED] - delay: Delayed 2 second(s)

2018-12-13 15:37:54 - [MESSAGE][PASSED] - Delayed 2 second(s)

2018-12-13 15:37:54 - [TEST_STEP][PASSED] - click: Object: 'Object Repository/Final Object Repo/Page_Form 1A - Cessation As Employer/Save  Continue in Update Add Employee Resigned Date Page' is clicked on

2018-12-13 15:37:54 - [MESSAGE][PASSED] - Object: 'Object Repository/Final Object Repo/Page_Form 1A - Cessation As Employer/Save  Continue in Update Add Employee Resigned Date Page' is clicked on

2018-12-13 15:37:54 - [TEST_STEP][PASSED] - delay: Delayed 2 second(s)

2018-12-13 15:37:56 - [MESSAGE][PASSED] - Delayed 2 second(s)

2018-12-13 15:37:56 - [TEST_STEP][PASSED] - click: Object: 'Object Repository/Final Object Repo/Page_Form 1A - Cessation As Employer/Set Latest - Yes' is clicked on

2018-12-13 15:37:57 - [MESSAGE][PASSED] - Object: 'Object Repository/Final Object Repo/Page_Form 1A - Cessation As Employer/Set Latest - Yes' is clicked on

2018-12-13 15:37:57 - [TEST_STEP][PASSED] - delay: Delayed 2 second(s)

2018-12-13 15:37:59 - [MESSAGE][PASSED] - Delayed 2 second(s)

2018-12-13 15:37:59 - [TEST_STEP][PASSED] - click: Object: 'Object Repository/Final Object Repo/Page_Form 1A - Cessation As Employer/Add Document' is clicked on

2018-12-13 15:38:00 - [MESSAGE][PASSED] - Object: 'Object Repository/Final Object Repo/Page_Form 1A - Cessation As Employer/Add Document' is clicked on

2018-12-13 15:38:00 - [TEST_STEP][PASSED] - delay: Delayed 3 second(s)

2018-12-13 15:38:03 - [MESSAGE][PASSED] - Delayed 3 second(s)

2018-12-13 15:38:03 - [TEST_STEP][PASSED] - click: Object: 'Object Repository/Final Object Repo/Page_Form 1A - Cessation As Employer/Document Type' is clicked on

2018-12-13 15:38:03 - [MESSAGE][PASSED] - Object: 'Object Repository/Final Object Repo/Page_Form 1A - Cessation As Employer/Document Type' is clicked on

2018-12-13 15:38:03 - [TEST_STEP][PASSED] - delay: Delayed 2 second(s)

2018-12-13 15:38:05 - [MESSAGE][PASSED] - Delayed 2 second(s)

2018-12-13 15:38:05 - [TEST_STEP][PASSED] - click: Object: 'Object Repository/Final Object Repo/Page_Form 1A - Cessation As Employer/Document Type - Supporting Document For Cessation' is clicked on

2018-12-13 15:38:05 - [MESSAGE][PASSED] - Object: 'Object Repository/Final Object Repo/Page_Form 1A - Cessation As Employer/Document Type - Supporting Document For Cessation' is clicked on

2018-12-13 15:38:05 - [TEST_STEP][PASSED] - delay: Delayed 2 second(s)

2018-12-13 15:38:07 - [MESSAGE][PASSED] - Delayed 2 second(s)

2018-12-13 15:38:07 - [TEST_STEP][PASSED] - sendKeys: Keys 'C:\Users\Public\Pictures\Sample Pictures\Koala.jpg' sent to object: 'Object Repository/Final Object Repo/Page_Form 1A - Cessation As Employer/Uploading File'

2018-12-13 15:38:07 - [MESSAGE][PASSED] - Keys 'C:\Users\Public\Pictures\Sample Pictures\Koala.jpg' sent to object: 'Object Repository/Final Object Repo/Page_Form 1A - Cessation As Employer/Uploading File'

2018-12-13 15:38:07 - [TEST_STEP][PASSED] - delay: Delayed 2 second(s)

2018-12-13 15:38:09 - [MESSAGE][PASSED] - Delayed 2 second(s)

2018-12-13 15:38:09 - [TEST_STEP][PASSED] - click: Object: 'Object Repository/Final Object Repo/Page_Form 1A - Cessation As Employer/Add Document in Uploading Page' is clicked on

2018-12-13 15:38:09 - [MESSAGE][PASSED] - Object: 'Object Repository/Final Object Repo/Page_Form 1A - Cessation As Employer/Add Document in Uploading Page' is clicked on

2018-12-13 15:38:09 - [TEST_STEP][PASSED] - delay: Delayed 2 second(s)

2018-12-13 15:38:11 - [MESSAGE][PASSED] - Delayed 2 second(s)

2018-12-13 15:38:11 - [TEST_STEP][PASSED] - click: Object: 'Object Repository/Final Object Repo/Page_Form 1A - Cessation As Employer/Save  Continue in Uploading Page' is clicked on

2018-12-13 15:38:14 - [MESSAGE][PASSED] - Object: 'Object Repository/Final Object Repo/Page_Form 1A - Cessation As Employer/Save  Continue in Uploading Page' is clicked on

2018-12-13 15:38:14 - [TEST_STEP][PASSED] - delay: Delayed 2 second(s)

2018-12-13 15:38:16 - [MESSAGE][PASSED] - Delayed 2 second(s)

2018-12-13 15:38:16 - [TEST_STEP][PASSED] - click: Object: 'Object Repository/Final Object Repo/Page_Form 1A - Cessation As Employer/Submit2' is clicked on

2018-12-13 15:38:18 - [MESSAGE][PASSED] - Object: 'Object Repository/Final Object Repo/Page_Form 1A - Cessation As Employer/Submit2' is clicked on

2018-12-13 15:38:18 - [TEST_STEP][PASSED] - delay: Delayed 2 second(s)

2018-12-13 15:38:20 - [MESSAGE][PASSED] - Delayed 2 second(s)

2018-12-13 15:38:20 - [TEST_STEP][PASSED] - click: Object: 'Object Repository/Final Object Repo/Page_Form 1A - Cessation As Employer/Confirm' is clicked on

2018-12-13 15:38:20 - [MESSAGE][PASSED] - Object: 'Object Repository/Final Object Repo/Page_Form 1A - Cessation As Employer/Confirm' is clicked on

2018-12-13 15:38:20 - [TEST_STEP][PASSED] - delay: Delayed 2 second(s)

2018-12-13 15:38:22 - [MESSAGE][PASSED] - Delayed 2 second(s)

2018-12-13 15:38:22 - [TEST_STEP][PASSED] - verifyElementVisible: Object 'Object Repository/Final Object Repo/Page_Form 1A - Cessation As Employer/Message Your Request will be routed to UO' is visible

2018-12-13 15:38:26 - [MESSAGE][PASSED] - Object 'Object Repository/Final Object Repo/Page_Form 1A - Cessation As Employer/Message Your Request will be routed to UO' is visible

2018-12-13 15:38:26 - [TEST_STEP][PASSED] - delay: Delayed 1 second(s)

2018-12-13 15:38:27 - [MESSAGE][PASSED] - Delayed 1 second(s)

2018-12-13 15:38:27 - [TEST_STEP][PASSED] - verifyElementVisible: Object 'Object Repository/Final Object Repo/Page_Form 1A - Cessation As Employer/Letter of acknowledgement' is visible

2018-12-13 15:38:28 - [MESSAGE][PASSED] - Object 'Object Repository/Final Object Repo/Page_Form 1A - Cessation As Employer/Letter of acknowledgement' is visible

2018-12-13 15:38:28 - [MESSAGE][PASSED] - Call Test Case 'Test Cases/Final Aug 2018 - PKS Automation/Registration Module/Workflow/Form 1A - Cessation As Employer/Template/Form 1 A - Cessation As Employer (Employer)' successfully

2018-12-13 15:38:28 - [TEST_STEP][PASSED] - callTestCase: Call Test Case 'Test Cases/Final Aug 2018 - PKS Automation/Registration Module/Workflow/Form 1A - Cessation As Employer/Template/Form 1 A - Cessation As Employer (Reject)' successfully

2018-12-13 15:38:28 - [TEST_CASE][PASSED] - Test Cases/Final Aug 2018 - PKS Automation/Registration Module/Workflow/Form 1A - Cessation As Employer/Template/Form 1 A - Cessation As Employer (Reject): Test Cases/Final Aug 2018 - PKS Automation/Registration Module/Workflow/Form 1A - Cessation As Employer/Template/Form 1 A - Cessation As Employer (Reject)

2018-12-13 15:38:28 - [TEST_STEP][PASSED] - callTestCase: Call Test Case 'Test Cases/Final Aug 2018 - PKS Automation/Registration Module/Workflow/Form 1A - Cessation As Employer/Template/Form 1 A - Cessation As Employer (OTC)' successfully

2018-12-13 15:38:28 - [TEST_CASE][PASSED] - Test Cases/Final Aug 2018 - PKS Automation/Registration Module/Workflow/Form 1A - Cessation As Employer/Template/Form 1 A - Cessation As Employer (OTC): Test Cases/Final Aug 2018 - PKS Automation/Registration Module/Workflow/Form 1A - Cessation As Employer/Template/Form 1 A - Cessation As Employer (OTC)

2018-12-13 15:38:28 - [TEST_STEP][PASSED] - openBrowser: Browser is opened with url: ''

2018-12-13 15:38:28 - [MESSAGE][WARNING] - A browser is already opened. Closing browser and opening a new one

2018-12-13 15:38:31 - [MESSAGE][PASSED] - Browser is opened with url: ''

2018-12-13 15:38:31 - [TEST_STEP][PASSED] - navigateToUrl: Navigate to 'https://assist2-uat.perkeso.gov.my/login' successfully

2018-12-13 15:38:32 - [MESSAGE][PASSED] - Navigate to 'https://assist2-uat.perkeso.gov.my/login' successfully

2018-12-13 15:38:32 - [TEST_STEP][PASSED] - setText: Text 'johorotc1@gmail.com' is set on object 'Object Repository/Final Object Repo/Login Page/Internal User/Email Address'

2018-12-13 15:38:33 - [MESSAGE][PASSED] - Text 'johorotc1@gmail.com' is set on object 'Object Repository/Final Object Repo/Login Page/Internal User/Email Address'

2018-12-13 15:38:33 - [TEST_STEP][PASSED] - click: Object: 'Object Repository/Final Object Repo/Login Page/Internal User/Next Button' is clicked on

2018-12-13 15:38:33 - [MESSAGE][PASSED] - Object: 'Object Repository/Final Object Repo/Login Page/Internal User/Next Button' is clicked on

2018-12-13 15:38:33 - [TEST_STEP][PASSED] - delay: Delayed 1 second(s)

2018-12-13 15:38:34 - [MESSAGE][PASSED] - Delayed 1 second(s)

2018-12-13 15:38:34 - [TEST_STEP][PASSED] - setEncryptedText: Text ****** has been set on object 'Object Repository/Final Object Repo/Login Page/Internal User/Password'

2018-12-13 15:38:34 - [MESSAGE][PASSED] - Text ****** has been set on object 'Object Repository/Final Object Repo/Login Page/Internal User/Password'

2018-12-13 15:38:34 - [TEST_STEP][PASSED] - click: Object: 'Object Repository/Final Object Repo/Login Page/Internal User/Login Button' is clicked on

2018-12-13 15:38:34 - [MESSAGE][PASSED] - Object: 'Object Repository/Final Object Repo/Login Page/Internal User/Login Button' is clicked on

2018-12-13 15:38:34 - [TEST_STEP][PASSED] - delay: Delayed 1 second(s)

2018-12-13 15:38:35 - [MESSAGE][PASSED] - Delayed 1 second(s)

2018-12-13 15:38:35 - [TEST_STEP][PASSED] - Statement - Try: Delayed 2 second(s)

2018-12-13 15:38:35 - [TEST_STEP][PASSED] - Statement - Checker = false: null

2018-12-13 15:38:35 - [TEST_STEP][PASSED] - Statement - Checker = com.kms.katalon.core.webui.keyword.WebUiBuiltInKeywords.verifyElementHasAttribute(com.kms.katalon.core.testobject.ObjectRepository.findTestObject(Final Object Repo/Landing Page/BM Detecting), "href", 20, OPTIONAL): Object 'Object Repository/Final Object Repo/Landing Page/BM Detecting' has attribute 'href'

2018-12-13 15:38:36 - [MESSAGE][PASSED] - Object 'Object Repository/Final Object Repo/Landing Page/BM Detecting' has attribute 'href'

2018-12-13 15:38:36 - [TEST_STEP][PASSED] - Statement - out.println(Checker): null

2018-12-13 15:38:36 - [TEST_STEP][PASSED] - Statement - If (Checker == false): null

2018-12-13 15:38:36 - [TEST_STEP][PASSED] - Statement - Else: null

2018-12-13 15:38:36 - [TEST_STEP][PASSED] - delay: Delayed 2 second(s)

2018-12-13 15:38:38 - [MESSAGE][PASSED] - Delayed 2 second(s)

2018-12-13 15:38:38 - [TEST_STEP][PASSED] - navigateToUrl: Navigate to 'https://assist2-uat.perkeso.gov.my/web/registration/update/form-1a-cessation-as-employer-discontinue-business-' successfully

2018-12-13 15:38:39 - [MESSAGE][PASSED] - Navigate to 'https://assist2-uat.perkeso.gov.my/web/registration/update/form-1a-cessation-as-employer-discontinue-business-' successfully

2018-12-13 15:38:39 - [TEST_STEP][PASSED] - setText: Text 'E1102069770Z' is set on object 'Object Repository/Final Object Repo/Page_Update Employer Information/Employer Code'

2018-12-13 15:38:40 - [MESSAGE][PASSED] - Text 'E1102069770Z' is set on object 'Object Repository/Final Object Repo/Page_Update Employer Information/Employer Code'

2018-12-13 15:38:40 - [TEST_STEP][PASSED] - click: Object: 'Object Repository/Final Object Repo/Page_Update Employer Information/Search Button' is clicked on

2018-12-13 15:38:40 - [MESSAGE][PASSED] - Object: 'Object Repository/Final Object Repo/Page_Update Employer Information/Search Button' is clicked on

2018-12-13 15:38:40 - [TEST_STEP][PASSED] - click: Object: 'Object Repository/Final Object Repo/Page_Update Employer Information/Edit Button' is clicked on

2018-12-13 15:38:43 - [MESSAGE][PASSED] - Object: 'Object Repository/Final Object Repo/Page_Update Employer Information/Edit Button' is clicked on

2018-12-13 15:38:43 - [TEST_STEP][PASSED] - Statement - abc = com.kms.katalon.core.webui.keyword.WebUiBuiltInKeywords.getAttribute(com.kms.katalon.core.testobject.ObjectRepository.findTestObject(Final Object Repo/Page_Form 1A - Cessation As Employer/Employer Status), "value"): Attribute 'value' of object 'Object Repository/Final Object Repo/Page_Form 1A - Cessation As Employer/Employer Status' is: 'Dormant'

2018-12-13 15:38:43 - [MESSAGE][PASSED] - Attribute 'value' of object 'Object Repository/Final Object Repo/Page_Form 1A - Cessation As Employer/Employer Status' is: 'Dormant'

2018-12-13 15:38:43 - [TEST_STEP][PASSED] - Statement - out.println(abc): null

2018-12-13 15:38:43 - [TEST_STEP][PASSED] - Statement - If (abc == "Active"): null

2018-12-13 15:38:43 - [TEST_STEP][PASSED] - Statement - Else If (abc == "Cancel"): null

2018-12-13 15:38:43 - [TEST_STEP][PASSED] - Statement - Else If (abc == "Dormant"): Object: 'Object Repository/Final Object Repo/Page_Form 1A - Cessation As Employer/Change Employer Status to - Dormant' is clicked on

2018-12-13 15:38:43 - [TEST_STEP][PASSED] - click: Object: 'Object Repository/Final Object Repo/Page_Form 1A - Cessation As Employer/Change Employer Status to' is clicked on

2018-12-13 15:38:43 - [MESSAGE][PASSED] - Object: 'Object Repository/Final Object Repo/Page_Form 1A - Cessation As Employer/Change Employer Status to' is clicked on

2018-12-13 15:38:43 - [TEST_STEP][PASSED] - click: Object: 'Object Repository/Final Object Repo/Page_Form 1A - Cessation As Employer/Change Employer Status to - Dormant' is clicked on

2018-12-13 15:38:44 - [MESSAGE][PASSED] - Object: 'Object Repository/Final Object Repo/Page_Form 1A - Cessation As Employer/Change Employer Status to - Dormant' is clicked on

2018-12-13 15:38:44 - [TEST_STEP][PASSED] - click: Object: 'Object Repository/Final Object Repo/Page_Form 1A - Cessation As Employer/Calender' is clicked on

2018-12-13 15:38:44 - [MESSAGE][PASSED] - Object: 'Object Repository/Final Object Repo/Page_Form 1A - Cessation As Employer/Calender' is clicked on

2018-12-13 15:38:44 - [TEST_STEP][PASSED] - click: Object: 'Object Repository/Final Object Repo/Page_Form 1A - Cessation As Employer/Calender - Date' is clicked on

2018-12-13 15:38:44 - [MESSAGE][PASSED] - Object: 'Object Repository/Final Object Repo/Page_Form 1A - Cessation As Employer/Calender - Date' is clicked on

2018-12-13 15:38:44 - [TEST_STEP][PASSED] - delay: Delayed 2 second(s)

2018-12-13 15:38:46 - [MESSAGE][PASSED] - Delayed 2 second(s)

2018-12-13 15:38:46 - [TEST_STEP][PASSED] - click: Object: 'Object Repository/Final Object Repo/Page_Form 1A - Cessation As Employer/Save  Continue in Form 1A Page' is clicked on

2018-12-13 15:38:46 - [MESSAGE][PASSED] - Object: 'Object Repository/Final Object Repo/Page_Form 1A - Cessation As Employer/Save  Continue in Form 1A Page' is clicked on

2018-12-13 15:38:46 - [TEST_STEP][PASSED] - delay: Delayed 2 second(s)

2018-12-13 15:38:48 - [MESSAGE][PASSED] - Delayed 2 second(s)

2018-12-13 15:38:48 - [TEST_STEP][PASSED] - click: Object: 'Object Repository/Final Object Repo/Page_Form 1A - Cessation As Employer/Employment Resign Date' is clicked on

2018-12-13 15:38:48 - [MESSAGE][PASSED] - Object: 'Object Repository/Final Object Repo/Page_Form 1A - Cessation As Employer/Employment Resign Date' is clicked on

2018-12-13 15:38:48 - [TEST_STEP][PASSED] - delay: Delayed 1 second(s)

2018-12-13 15:38:49 - [MESSAGE][PASSED] - Delayed 1 second(s)

2018-12-13 15:38:49 - [TEST_STEP][PASSED] - Statement - CaseReferenceNo = com.kms.katalon.core.webui.keyword.WebUiBuiltInKeywords.getText(com.kms.katalon.core.testobject.ObjectRepository.findTestObject(Final Object Repo/Page_Update Employer Information/Reference Number in Update Employee Information Page)): Text of object 'Object Repository/Final Object Repo/Page_Update Employer Information/Reference Number in Update Employee Information Page' is: 'CUN122018C200001738'

2018-12-13 15:38:50 - [MESSAGE][PASSED] - Text of object 'Object Repository/Final Object Repo/Page_Update Employer Information/Reference Number in Update Employee Information Page' is: 'CUN122018C200001738'

2018-12-13 15:38:50 - [TEST_STEP][PASSED] - callTestCase: Call Test Case 'Test Cases/Final Aug 2018 - PKS Automation/Common/Reference Number Setter' successfully

2018-12-13 15:38:50 - [TEST_CASE][PASSED] - Test Cases/Final Aug 2018 - PKS Automation/Common/Reference Number Setter: Test Cases/Final Aug 2018 - PKS Automation/Common/Reference Number Setter

2018-12-13 15:38:50 - [TEST_STEP][PASSED] - Statement - RefNoOldFile = new java.io.File(C://Users//Admin//Desktop//PKS//Automation Reference Point//KatalonReference.txt): null

2018-12-13 15:38:50 - [TEST_STEP][PASSED] - Statement - RefNoOldFile.delete(): null

2018-12-13 15:38:50 - [TEST_STEP][PASSED] - delay: Delayed 5 second(s)

2018-12-13 15:38:55 - [MESSAGE][PASSED] - Delayed 5 second(s)

2018-12-13 15:38:55 - [TEST_STEP][PASSED] - Statement - RefNo = new java.io.File(C://Users//Admin//Desktop//PKS//Automation Reference Point//KatalonReference.txt): null

2018-12-13 15:38:55 - [TEST_STEP][PASSED] - Statement - f2 = new java.io.FileWriter(RefNo, false): null

2018-12-13 15:38:55 - [TEST_STEP][PASSED] - Statement - f2.write(CaseReferenceNo): null

2018-12-13 15:38:55 - [TEST_STEP][PASSED] - Statement - f2.close(): null

2018-12-13 15:38:55 - [TEST_STEP][PASSED] - Statement - out.println("


" + CaseReferenceNo + "


"): null

2018-12-13 15:38:55 - [MESSAGE][PASSED] - Call Test Case 'Test Cases/Final Aug 2018 - PKS Automation/Common/Reference Number Setter' successfully

2018-12-13 15:38:55 - [TEST_STEP][PASSED] - selectOptionByValue: All options with value '2030' are selected in object 'Object Repository/Final Object Repo/Page_Form 1A - Cessation As Employer/Employment Resign Date - Year' 

2018-12-13 15:38:55 - [MESSAGE][PASSED] - All options with value '2030' are selected in object 'Object Repository/Final Object Repo/Page_Form 1A - Cessation As Employer/Employment Resign Date - Year' 

2018-12-13 15:38:55 - [TEST_STEP][PASSED] - delay: Delayed 1 second(s)

2018-12-13 15:38:56 - [MESSAGE][PASSED] - Delayed 1 second(s)

2018-12-13 15:38:56 - [TEST_STEP][PASSED] - click: Object: 'Object Repository/Final Object Repo/Page_Form 1A - Cessation As Employer/Employment Resign Date - Year - Date' is clicked on

2018-12-13 15:38:56 - [MESSAGE][PASSED] - Object: 'Object Repository/Final Object Repo/Page_Form 1A - Cessation As Employer/Employment Resign Date - Year - Date' is clicked on

2018-12-13 15:38:56 - [TEST_STEP][PASSED] - delay: Delayed 2 second(s)

2018-12-13 15:38:58 - [MESSAGE][PASSED] - Delayed 2 second(s)

2018-12-13 15:38:58 - [TEST_STEP][PASSED] - click: Object: 'Object Repository/Final Object Repo/Page_Form 1A - Cessation As Employer/Save  Continue in Update Add Employee Resigned Date Page' is clicked on

2018-12-13 15:38:58 - [MESSAGE][PASSED] - Object: 'Object Repository/Final Object Repo/Page_Form 1A - Cessation As Employer/Save  Continue in Update Add Employee Resigned Date Page' is clicked on

2018-12-13 15:38:58 - [TEST_STEP][PASSED] - delay: Delayed 2 second(s)

2018-12-13 15:39:00 - [MESSAGE][PASSED] - Delayed 2 second(s)

2018-12-13 15:39:00 - [TEST_STEP][PASSED] - click: Object: 'Object Repository/Final Object Repo/Page_Form 1A - Cessation As Employer/Set Latest - Yes' is clicked on

2018-12-13 15:39:00 - [MESSAGE][PASSED] - Object: 'Object Repository/Final Object Repo/Page_Form 1A - Cessation As Employer/Set Latest - Yes' is clicked on

2018-12-13 15:39:00 - [TEST_STEP][PASSED] - delay: Delayed 2 second(s)

2018-12-13 15:39:02 - [MESSAGE][PASSED] - Delayed 2 second(s)

2018-12-13 15:39:02 - [TEST_STEP][PASSED] - click: Object: 'Object Repository/Final Object Repo/Page_Form 1A - Cessation As Employer/Add Document' is clicked on

2018-12-13 15:39:04 - [MESSAGE][PASSED] - Object: 'Object Repository/Final Object Repo/Page_Form 1A - Cessation As Employer/Add Document' is clicked on

2018-12-13 15:39:04 - [TEST_STEP][PASSED] - delay: Delayed 2 second(s)

2018-12-13 15:39:06 - [MESSAGE][PASSED] - Delayed 2 second(s)

2018-12-13 15:39:06 - [TEST_STEP][PASSED] - click: Object: 'Object Repository/Final Object Repo/Page_Form 1A - Cessation As Employer/Document Type' is clicked on

2018-12-13 15:39:07 - [MESSAGE][PASSED] - Object: 'Object Repository/Final Object Repo/Page_Form 1A - Cessation As Employer/Document Type' is clicked on

2018-12-13 15:39:07 - [TEST_STEP][PASSED] - delay: Delayed 2 second(s)

2018-12-13 15:39:09 - [MESSAGE][PASSED] - Delayed 2 second(s)

2018-12-13 15:39:09 - [TEST_STEP][PASSED] - click: Object: 'Object Repository/Final Object Repo/Page_Form 1A - Cessation As Employer/Document Type - Supporting Document For Cessation' is clicked on

2018-12-13 15:39:09 - [MESSAGE][PASSED] - Object: 'Object Repository/Final Object Repo/Page_Form 1A - Cessation As Employer/Document Type - Supporting Document For Cessation' is clicked on

2018-12-13 15:39:09 - [TEST_STEP][PASSED] - delay: Delayed 2 second(s)

2018-12-13 15:39:11 - [MESSAGE][PASSED] - Delayed 2 second(s)

2018-12-13 15:39:11 - [TEST_STEP][PASSED] - sendKeys: Keys 'C:\Users\Public\Pictures\Sample Pictures\Koala.jpg' sent to object: 'Object Repository/Final Object Repo/Page_Form 1A - Cessation As Employer/Uploading File'

2018-12-13 15:39:12 - [MESSAGE][PASSED] - Keys 'C:\Users\Public\Pictures\Sample Pictures\Koala.jpg' sent to object: 'Object Repository/Final Object Repo/Page_Form 1A - Cessation As Employer/Uploading File'

2018-12-13 15:39:12 - [TEST_STEP][PASSED] - delay: Delayed 2 second(s)

2018-12-13 15:39:14 - [MESSAGE][PASSED] - Delayed 2 second(s)

2018-12-13 15:39:14 - [TEST_STEP][PASSED] - click: Object: 'Object Repository/Final Object Repo/Page_Form 1A - Cessation As Employer/Add Document in Uploading Page' is clicked on

2018-12-13 15:39:14 - [MESSAGE][PASSED] - Object: 'Object Repository/Final Object Repo/Page_Form 1A - Cessation As Employer/Add Document in Uploading Page' is clicked on

2018-12-13 15:39:14 - [TEST_STEP][PASSED] - delay: Delayed 20 second(s)

2018-12-13 15:39:34 - [MESSAGE][PASSED] - Delayed 20 second(s)

2018-12-13 15:39:34 - [TEST_STEP][PASSED] - click: Object: 'Object Repository/Final Object Repo/Page_Form 1A - Cessation As Employer/Save  Continue in Uploading Page' is clicked on

2018-12-13 15:39:34 - [MESSAGE][PASSED] - Object: 'Object Repository/Final Object Repo/Page_Form 1A - Cessation As Employer/Save  Continue in Uploading Page' is clicked on

2018-12-13 15:39:34 - [TEST_STEP][PASSED] - delay: Delayed 2 second(s)

2018-12-13 15:39:36 - [MESSAGE][PASSED] - Delayed 2 second(s)

2018-12-13 15:39:36 - [TEST_STEP][PASSED] - click: Object: 'Object Repository/Final Object Repo/Page_Form 1A - Cessation As Employer/Submit2' is clicked on

2018-12-13 15:39:40 - [MESSAGE][PASSED] - Object: 'Object Repository/Final Object Repo/Page_Form 1A - Cessation As Employer/Submit2' is clicked on

2018-12-13 15:39:40 - [TEST_STEP][PASSED] - delay: Delayed 2 second(s)

2018-12-13 15:39:42 - [MESSAGE][PASSED] - Delayed 2 second(s)

2018-12-13 15:39:42 - [TEST_STEP][PASSED] - click: Object: 'Object Repository/Final Object Repo/Page_Form 1A - Cessation As Employer/Confirm' is clicked on

2018-12-13 15:39:42 - [MESSAGE][PASSED] - Object: 'Object Repository/Final Object Repo/Page_Form 1A - Cessation As Employer/Confirm' is clicked on

2018-12-13 15:39:42 - [TEST_STEP][PASSED] - delay: Delayed 2 second(s)

2018-12-13 15:39:44 - [MESSAGE][PASSED] - Delayed 2 second(s)

2018-12-13 15:39:44 - [TEST_STEP][PASSED] - verifyElementVisible: Object 'Object Repository/Final Object Repo/Page_Form 1A - Cessation As Employer/Message Your Request will be routed to UO' is visible

2018-12-13 15:39:48 - [MESSAGE][PASSED] - Object 'Object Repository/Final Object Repo/Page_Form 1A - Cessation As Employer/Message Your Request will be routed to UO' is visible

2018-12-13 15:39:48 - [TEST_STEP][PASSED] - delay: Delayed 1 second(s)

2018-12-13 15:39:49 - [MESSAGE][PASSED] - Delayed 1 second(s)

2018-12-13 15:39:49 - [TEST_STEP][PASSED] - verifyElementVisible: Object 'Object Repository/Final Object Repo/Page_Form 1A - Cessation As Employer/Letter of acknowledgement' is visible

2018-12-13 15:39:49 - [MESSAGE][PASSED] - Object 'Object Repository/Final Object Repo/Page_Form 1A - Cessation As Employer/Letter of acknowledgement' is visible

2018-12-13 15:39:49 - [MESSAGE][PASSED] - Call Test Case 'Test Cases/Final Aug 2018 - PKS Automation/Registration Module/Workflow/Form 1A - Cessation As Employer/Template/Form 1 A - Cessation As Employer (OTC)' successfully

2018-12-13 15:39:49 - [TEST_STEP][PASSED] - delay: Delayed 1 second(s)

2018-12-13 15:39:50 - [MESSAGE][PASSED] - Delayed 1 second(s)

2018-12-13 15:39:50 - [TEST_STEP][PASSED] - navigateToUrl: Navigate to 'https://assist2-uat.perkeso.gov.my/c/portal/logout' successfully

2018-12-13 15:39:51 - [MESSAGE][PASSED] - Navigate to 'https://assist2-uat.perkeso.gov.my/c/portal/logout' successfully

2018-12-13 15:39:51 - [TEST_STEP][PASSED] - delay: Delayed 1 second(s)

2018-12-13 15:39:52 - [MESSAGE][PASSED] - Delayed 1 second(s)

2018-12-13 15:39:52 - [TEST_STEP][PASSED] - callTestCase: Call Test Case 'Test Cases/Final Aug 2018 - PKS Automation/Common/Reference Number Getter' successfully

2018-12-13 15:39:52 - [TEST_CASE][PASSED] - Test Cases/Final Aug 2018 - PKS Automation/Common/Reference Number Getter: Test Cases/Final Aug 2018 - PKS Automation/Common/Reference Number Getter

2018-12-13 15:39:52 - [TEST_STEP][PASSED] - Statement - Try: null

2018-12-13 15:39:52 - [TEST_STEP][PASSED] - Statement - RefNo = new java.io.File(C://Users//Admin//Desktop//PKS//Automation Reference Point//KatalonReference.txt): null

2018-12-13 15:39:52 - [TEST_STEP][PASSED] - Statement - bufferread = new java.io.BufferedReader(new java.io.FileReader(RefNo)): null

2018-12-13 15:39:52 - [TEST_STEP][PASSED] - Statement - readedVal = bufferread.readLine(): null

2018-12-13 15:39:52 - [TEST_STEP][PASSED] - Statement - out.println(CaseReferenceNo): null

2018-12-13 15:39:52 - [TEST_STEP][PASSED] - Statement - out.println(readedVal): null

2018-12-13 15:39:52 - [TEST_STEP][PASSED] - Statement - CaseReferenceNo = "": null

2018-12-13 15:39:52 - [TEST_STEP][PASSED] - Statement - CaseReferenceNo = readedVal: null

2018-12-13 15:39:52 - [MESSAGE][PASSED] - Call Test Case 'Test Cases/Final Aug 2018 - PKS Automation/Common/Reference Number Getter' successfully

2018-12-13 15:39:52 - [TEST_STEP][PASSED] - callTestCase: Call Test Case 'Test Cases/Final Aug 2018 - PKS Automation/Common/Workflow Owner Finder' successfully

2018-12-13 15:39:52 - [TEST_CASE][PASSED] - Test Cases/Final Aug 2018 - PKS Automation/Common/Workflow Owner Finder: Test Cases/Final Aug 2018 - PKS Automation/Common/Workflow Owner Finder

2018-12-13 15:39:52 - [TEST_STEP][PASSED] - openBrowser: Browser is opened with url: ''

2018-12-13 15:39:52 - [MESSAGE][WARNING] - A browser is already opened. Closing browser and opening a new one

2018-12-13 15:39:55 - [MESSAGE][PASSED] - Browser is opened with url: ''

2018-12-13 15:39:55 - [TEST_STEP][PASSED] - navigateToUrl: Navigate to 'https://assist2-uat.perkeso.gov.my/login' successfully

2018-12-13 15:39:56 - [MESSAGE][PASSED] - Navigate to 'https://assist2-uat.perkeso.gov.my/login' successfully

2018-12-13 15:39:56 - [TEST_STEP][PASSED] - delay: Delayed 5 second(s)

2018-12-13 15:40:01 - [MESSAGE][PASSED] - Delayed 5 second(s)

2018-12-13 15:40:01 - [TEST_STEP][PASSED] - setText: Text 'test@liferay.com' is set on object 'Object Repository/Final Object Repo/Login Page/Internal User/Email Address'

2018-12-13 15:40:01 - [MESSAGE][PASSED] - Text 'test@liferay.com' is set on object 'Object Repository/Final Object Repo/Login Page/Internal User/Email Address'

2018-12-13 15:40:01 - [TEST_STEP][PASSED] - click: Object: 'Object Repository/Final Object Repo/Login Page/Internal User/Next Button' is clicked on

2018-12-13 15:40:01 - [MESSAGE][PASSED] - Object: 'Object Repository/Final Object Repo/Login Page/Internal User/Next Button' is clicked on

2018-12-13 15:40:01 - [TEST_STEP][PASSED] - delay: Delayed 2 second(s)

2018-12-13 15:40:03 - [MESSAGE][PASSED] - Delayed 2 second(s)

2018-12-13 15:40:03 - [TEST_STEP][PASSED] - setText: Text 'test' is set on object 'Object Repository/Final Object Repo/Login Page/Internal User/Password'

2018-12-13 15:40:03 - [MESSAGE][PASSED] - Text 'test' is set on object 'Object Repository/Final Object Repo/Login Page/Internal User/Password'

2018-12-13 15:40:03 - [TEST_STEP][PASSED] - delay: Delayed 2 second(s)

2018-12-13 15:40:05 - [MESSAGE][PASSED] - Delayed 2 second(s)

2018-12-13 15:40:05 - [TEST_STEP][PASSED] - click: Object: 'Object Repository/Final Object Repo/Login Page/Internal User/Login Button' is clicked on

2018-12-13 15:40:06 - [MESSAGE][PASSED] - Object: 'Object Repository/Final Object Repo/Login Page/Internal User/Login Button' is clicked on

2018-12-13 15:40:06 - [TEST_STEP][PASSED] - Statement - tester = com.kms.katalon.core.testobject.ObjectRepository.findTestObject(Final Object Repo/Landing Page/Select to English): Finding Test Object with id 'Object Repository/Final Object Repo/Landing Page/Select to English'

2018-12-13 15:40:06 - [TEST_STEP][PASSED] - Statement - Try: Delayed 2 second(s)

2018-12-13 15:40:06 - [TEST_STEP][PASSED] - Statement - Checker = com.kms.katalon.core.webui.keyword.WebUiBuiltInKeywords.verifyElementNotPresent(tester, 3): Web element with id: 'Object Repository/Final Object Repo/Landing Page/Select to English' located by 'By.xpath: //a[@class = 'taglib-language-list-text' and @lang = 'en-US' and (contains(text(), 'EN') or contains(., 'EN'))]' is not present after '3' second(s)

2018-12-13 15:40:08 - [MESSAGE][PASSED] - Web element with id: 'Object Repository/Final Object Repo/Landing Page/Select to English' located by 'By.xpath: //a[@class = 'taglib-language-list-text' and @lang = 'en-US' and (contains(text(), 'EN') or contains(., 'EN'))]' is not present after '3' second(s)

2018-12-13 15:40:08 - [TEST_STEP][PASSED] - Statement - If (Checker == false): null

2018-12-13 15:40:08 - [TEST_STEP][PASSED] - delay: Delayed 2 second(s)

2018-12-13 15:40:10 - [MESSAGE][PASSED] - Delayed 2 second(s)

2018-12-13 15:40:10 - [TEST_STEP][PASSED] - delay: Delayed 5 second(s)

2018-12-13 15:40:15 - [MESSAGE][PASSED] - Delayed 5 second(s)

2018-12-13 15:40:15 - [TEST_STEP][PASSED] - mouseOver: Object: 'Object Repository/Final Object Repo/Landing Page/WorkFlow Menu' is hovered

2018-12-13 15:40:15 - [MESSAGE][PASSED] - Object: 'Object Repository/Final Object Repo/Landing Page/WorkFlow Menu' is hovered

2018-12-13 15:40:15 - [TEST_STEP][PASSED] - delay: Delayed 2 second(s)

2018-12-13 15:40:17 - [MESSAGE][PASSED] - Delayed 2 second(s)

2018-12-13 15:40:17 - [TEST_STEP][PASSED] - click: Object: 'Object Repository/Final Object Repo/Landing Page/Select to Workflow Listing' is clicked on

2018-12-13 15:40:18 - [MESSAGE][PASSED] - Object: 'Object Repository/Final Object Repo/Landing Page/Select to Workflow Listing' is clicked on

2018-12-13 15:40:18 - [TEST_STEP][PASSED] - delay: Delayed 2 second(s)

2018-12-13 15:40:20 - [MESSAGE][PASSED] - Delayed 2 second(s)

2018-12-13 15:40:20 - [TEST_STEP][PASSED] - click: Object: 'Object Repository/Final Object Repo/WorkFlow Listing Page/Search Information - To Put Ref No' is clicked on

2018-12-13 15:40:20 - [MESSAGE][PASSED] - Object: 'Object Repository/Final Object Repo/WorkFlow Listing Page/Search Information - To Put Ref No' is clicked on

2018-12-13 15:40:20 - [TEST_STEP][PASSED] - delay: Delayed 2 second(s)

2018-12-13 15:40:22 - [MESSAGE][PASSED] - Delayed 2 second(s)

2018-12-13 15:40:22 - [TEST_STEP][PASSED] - callTestCase: Call Test Case 'Test Cases/Final Aug 2018 - PKS Automation/Common/Reference Number Getter' successfully

2018-12-13 15:40:22 - [TEST_CASE][PASSED] - Test Cases/Final Aug 2018 - PKS Automation/Common/Reference Number Getter: Test Cases/Final Aug 2018 - PKS Automation/Common/Reference Number Getter

2018-12-13 15:40:22 - [TEST_STEP][PASSED] - Statement - Try: null

2018-12-13 15:40:22 - [TEST_STEP][PASSED] - Statement - RefNo = new java.io.File(C://Users//Admin//Desktop//PKS//Automation Reference Point//KatalonReference.txt): null

2018-12-13 15:40:22 - [TEST_STEP][PASSED] - Statement - bufferread = new java.io.BufferedReader(new java.io.FileReader(RefNo)): null

2018-12-13 15:40:22 - [TEST_STEP][PASSED] - Statement - readedVal = bufferread.readLine(): null

2018-12-13 15:40:22 - [TEST_STEP][PASSED] - Statement - out.println(CaseReferenceNo): null

2018-12-13 15:40:22 - [TEST_STEP][PASSED] - Statement - out.println(readedVal): null

2018-12-13 15:40:22 - [TEST_STEP][PASSED] - Statement - CaseReferenceNo = "": null

2018-12-13 15:40:22 - [TEST_STEP][PASSED] - Statement - CaseReferenceNo = readedVal: null

2018-12-13 15:40:22 - [MESSAGE][PASSED] - Call Test Case 'Test Cases/Final Aug 2018 - PKS Automation/Common/Reference Number Getter' successfully

2018-12-13 15:40:22 - [TEST_STEP][PASSED] - setText: Text 'CUN122018C200001738' is set on object 'Object Repository/Final Object Repo/WorkFlow Listing Page/Ref No Set Text'

2018-12-13 15:40:23 - [MESSAGE][PASSED] - Text 'CUN122018C200001738' is set on object 'Object Repository/Final Object Repo/WorkFlow Listing Page/Ref No Set Text'

2018-12-13 15:40:23 - [TEST_STEP][PASSED] - delay: Delayed 2 second(s)

2018-12-13 15:40:25 - [MESSAGE][PASSED] - Delayed 2 second(s)

2018-12-13 15:40:25 - [TEST_STEP][PASSED] - click: Object: 'Object Repository/Final Object Repo/WorkFlow Listing Page/Search Ref No Search Button' is clicked on

2018-12-13 15:40:25 - [MESSAGE][PASSED] - Object: 'Object Repository/Final Object Repo/WorkFlow Listing Page/Search Ref No Search Button' is clicked on

2018-12-13 15:40:25 - [TEST_STEP][PASSED] - delay: Delayed 6 second(s)

2018-12-13 15:40:31 - [MESSAGE][PASSED] - Delayed 6 second(s)

2018-12-13 15:40:31 - [TEST_STEP][PASSED] - click: Object: 'Object Repository/Final Object Repo/WorkFlow Listing Page/Click Continue Tooltip' is clicked on

2018-12-13 15:40:32 - [MESSAGE][PASSED] - Object: 'Object Repository/Final Object Repo/WorkFlow Listing Page/Click Continue Tooltip' is clicked on

2018-12-13 15:40:32 - [TEST_STEP][PASSED] - delay: Delayed 5 second(s)

2018-12-13 15:40:37 - [MESSAGE][PASSED] - Delayed 5 second(s)

2018-12-13 15:40:37 - [TEST_STEP][PASSED] - doubleClick: Object: 'Object Repository/Final Object Repo/WorkFlow Listing Page/Workflow Found - Listing 1' is double clicked on

2018-12-13 15:40:37 - [MESSAGE][PASSED] - Object: 'Object Repository/Final Object Repo/WorkFlow Listing Page/Workflow Found - Listing 1' is double clicked on

2018-12-13 15:40:37 - [TEST_STEP][PASSED] - Statement - println(OwnerID): null

2018-12-13 15:40:37 - [TEST_STEP][PASSED] - Statement - OwnerID = com.kms.katalon.core.webui.keyword.WebUiBuiltInKeywords.getText(com.kms.katalon.core.testobject.ObjectRepository.findTestObject(Final Object Repo/WorkFlow Listing Page/Workflow Found - Listing 1), STOP_ON_FAILURE): Text of object 'Object Repository/Final Object Repo/WorkFlow Listing Page/Workflow Found - Listing 1' is: 'JOHORuo2'

2018-12-13 15:40:37 - [MESSAGE][PASSED] - Text of object 'Object Repository/Final Object Repo/WorkFlow Listing Page/Workflow Found - Listing 1' is: 'JOHORuo2'

2018-12-13 15:40:37 - [TEST_STEP][PASSED] - Statement - OwnerID = OwnerID.toLowerCase() + "@gmail.com": null

2018-12-13 15:40:37 - [TEST_STEP][PASSED] - Statement - println(OwnerID): null

2018-12-13 15:40:37 - [TEST_STEP][PASSED] - delay: Delayed 2 second(s)

2018-12-13 15:40:39 - [MESSAGE][PASSED] - Delayed 2 second(s)

2018-12-13 15:40:39 - [MESSAGE][PASSED] - Call Test Case 'Test Cases/Final Aug 2018 - PKS Automation/Common/Workflow Owner Finder' successfully

2018-12-13 15:40:39 - [TEST_STEP][PASSED] - delay: Delayed 1 second(s)

2018-12-13 15:40:40 - [MESSAGE][PASSED] - Delayed 1 second(s)

2018-12-13 15:40:40 - [TEST_STEP][PASSED] - navigateToUrl: Navigate to 'https://assist2-uat.perkeso.gov.my/c/portal/logout' successfully

2018-12-13 15:40:41 - [MESSAGE][PASSED] - Navigate to 'https://assist2-uat.perkeso.gov.my/c/portal/logout' successfully

2018-12-13 15:40:41 - [TEST_STEP][PASSED] - delay: Delayed 1 second(s)

2018-12-13 15:40:42 - [MESSAGE][PASSED] - Delayed 1 second(s)

2018-12-13 15:40:42 - [TEST_STEP][PASSED] - callTestCase: Call Test Case 'Test Cases/Final Aug 2018 - PKS Automation/Registration Module/Workflow/Login and Search Case For Workflow' successfully

2018-12-13 15:40:42 - [TEST_CASE][PASSED] - Test Cases/Final Aug 2018 - PKS Automation/Registration Module/Workflow/Login and Search Case For Workflow: Test Cases/Final Aug 2018 - PKS Automation/Registration Module/Workflow/Login and Search Case For Workflow

2018-12-13 15:40:42 - [TEST_STEP][PASSED] - navigateToUrl: Navigate to 'https://assist2-uat.perkeso.gov.my/login' successfully

2018-12-13 15:40:42 - [MESSAGE][PASSED] - Navigate to 'https://assist2-uat.perkeso.gov.my/login' successfully

2018-12-13 15:40:42 - [TEST_STEP][PASSED] - setText: Text 'johoruo2@gmail.com' is set on object 'Object Repository/Final Object Repo/Login Page/Internal User/Email Address'

2018-12-13 15:40:43 - [MESSAGE][PASSED] - Text 'johoruo2@gmail.com' is set on object 'Object Repository/Final Object Repo/Login Page/Internal User/Email Address'

2018-12-13 15:40:43 - [TEST_STEP][PASSED] - click: Object: 'Object Repository/Final Object Repo/Login Page/Internal User/Next Button' is clicked on

2018-12-13 15:40:43 - [MESSAGE][PASSED] - Object: 'Object Repository/Final Object Repo/Login Page/Internal User/Next Button' is clicked on

2018-12-13 15:40:43 - [TEST_STEP][PASSED] - delay: Delayed 1 second(s)

2018-12-13 15:40:44 - [MESSAGE][PASSED] - Delayed 1 second(s)

2018-12-13 15:40:44 - [TEST_STEP][PASSED] - setEncryptedText: Text ****** has been set on object 'Object Repository/Final Object Repo/Login Page/Internal User/Password'

2018-12-13 15:40:44 - [MESSAGE][PASSED] - Text ****** has been set on object 'Object Repository/Final Object Repo/Login Page/Internal User/Password'

2018-12-13 15:40:44 - [TEST_STEP][PASSED] - click: Object: 'Object Repository/Final Object Repo/Login Page/Internal User/Login Button' is clicked on

2018-12-13 15:40:44 - [MESSAGE][PASSED] - Object: 'Object Repository/Final Object Repo/Login Page/Internal User/Login Button' is clicked on

2018-12-13 15:40:44 - [TEST_STEP][PASSED] - delay: Delayed 2 second(s)

2018-12-13 15:40:46 - [MESSAGE][PASSED] - Delayed 2 second(s)

2018-12-13 15:40:46 - [TEST_STEP][PASSED] - Statement - Try: Delayed 2 second(s)

2018-12-13 15:40:46 - [TEST_STEP][PASSED] - Statement - Checker = false: null

2018-12-13 15:40:46 - [TEST_STEP][PASSED] - Statement - Checker = com.kms.katalon.core.webui.keyword.WebUiBuiltInKeywords.verifyElementHasAttribute(com.kms.katalon.core.testobject.ObjectRepository.findTestObject(Final Object Repo/Landing Page/BM Detecting), "href", 20, OPTIONAL): Object 'Object Repository/Final Object Repo/Landing Page/BM Detecting' has attribute 'href'

2018-12-13 15:40:46 - [MESSAGE][PASSED] - Object 'Object Repository/Final Object Repo/Landing Page/BM Detecting' has attribute 'href'

2018-12-13 15:40:46 - [TEST_STEP][PASSED] - Statement - out.println(Checker): null

2018-12-13 15:40:46 - [TEST_STEP][PASSED] - Statement - If (Checker == false): null

2018-12-13 15:40:46 - [TEST_STEP][PASSED] - Statement - Else: null

2018-12-13 15:40:46 - [TEST_STEP][PASSED] - delay: Delayed 2 second(s)

2018-12-13 15:40:48 - [MESSAGE][PASSED] - Delayed 2 second(s)

2018-12-13 15:40:48 - [TEST_STEP][PASSED] - click: Object: 'Object Repository/Final Object Repo/Page_MyASSIST - ASSIST - Search Pending Case For Add Supporting Document/Search Information' is clicked on

2018-12-13 15:40:48 - [MESSAGE][PASSED] - Object: 'Object Repository/Final Object Repo/Page_MyASSIST - ASSIST - Search Pending Case For Add Supporting Document/Search Information' is clicked on

2018-12-13 15:40:48 - [TEST_STEP][PASSED] - delay: Delayed 3 second(s)

2018-12-13 15:40:51 - [MESSAGE][PASSED] - Delayed 3 second(s)

2018-12-13 15:40:51 - [TEST_STEP][PASSED] - sendKeys: Keys 'CUN122018C200001738' sent to object: 'Object Repository/Final Object Repo/Page_MyASSIST - ASSIST - Search Pending Case For Add Supporting Document/Reference No'

2018-12-13 15:40:52 - [MESSAGE][PASSED] - Keys 'CUN122018C200001738' sent to object: 'Object Repository/Final Object Repo/Page_MyASSIST - ASSIST - Search Pending Case For Add Supporting Document/Reference No'

2018-12-13 15:40:52 - [TEST_STEP][PASSED] - click: Object: 'Object Repository/Final Object Repo/Page_MyASSIST - ASSIST - Search Pending Case For Add Supporting Document/Search Reference No' is clicked on

2018-12-13 15:40:52 - [MESSAGE][PASSED] - Object: 'Object Repository/Final Object Repo/Page_MyASSIST - ASSIST - Search Pending Case For Add Supporting Document/Search Reference No' is clicked on

2018-12-13 15:40:52 - [TEST_STEP][PASSED] - delay: Delayed 2 second(s)

2018-12-13 15:40:54 - [MESSAGE][PASSED] - Delayed 2 second(s)

2018-12-13 15:40:54 - [TEST_STEP][PASSED] - click: Object: 'Object Repository/Final Object Repo/Page_MyASSIST - ASSIST - Search Pending Case For Add Supporting Document/Continue' is clicked on

2018-12-13 15:40:57 - [MESSAGE][PASSED] - Object: 'Object Repository/Final Object Repo/Page_MyASSIST - ASSIST - Search Pending Case For Add Supporting Document/Continue' is clicked on

2018-12-13 15:40:57 - [TEST_STEP][PASSED] - delay: Delayed 20 second(s)

2018-12-13 15:41:17 - [MESSAGE][PASSED] - Delayed 20 second(s)

2018-12-13 15:41:17 - [MESSAGE][PASSED] - Call Test Case 'Test Cases/Final Aug 2018 - PKS Automation/Registration Module/Workflow/Login and Search Case For Workflow' successfully

2018-12-13 15:41:17 - [TEST_STEP][PASSED] - click: Object: 'Object Repository/Final Object Repo/Page_Form 1A - Cessation As Employer/Page_Form 1A - Cessation As Employer (Approve)/Save  Continue in Form 1A Page' is clicked on

2018-12-13 15:41:17 - [MESSAGE][PASSED] - Object: 'Object Repository/Final Object Repo/Page_Form 1A - Cessation As Employer/Page_Form 1A - Cessation As Employer (Approve)/Save  Continue in Form 1A Page' is clicked on

2018-12-13 15:41:17 - [TEST_STEP][PASSED] - delay: Delayed 2 second(s)

2018-12-13 15:41:19 - [MESSAGE][PASSED] - Delayed 2 second(s)

2018-12-13 15:41:19 - [TEST_STEP][PASSED] - click: Object: 'Object Repository/Final Object Repo/Page_Form 1A - Cessation As Employer/Employment Resign Date' is clicked on

2018-12-13 15:41:20 - [MESSAGE][PASSED] - Object: 'Object Repository/Final Object Repo/Page_Form 1A - Cessation As Employer/Employment Resign Date' is clicked on

2018-12-13 15:41:20 - [TEST_STEP][PASSED] - delay: Delayed 1 second(s)

2018-12-13 15:41:21 - [MESSAGE][PASSED] - Delayed 1 second(s)

2018-12-13 15:41:21 - [TEST_STEP][PASSED] - selectOptionByValue: All options with value '2030' are selected in object 'Object Repository/Final Object Repo/Page_Form 1A - Cessation As Employer/Employment Resign Date - Year' 

2018-12-13 15:41:21 - [MESSAGE][PASSED] - All options with value '2030' are selected in object 'Object Repository/Final Object Repo/Page_Form 1A - Cessation As Employer/Employment Resign Date - Year' 

2018-12-13 15:41:21 - [TEST_STEP][PASSED] - delay: Delayed 1 second(s)

2018-12-13 15:41:22 - [MESSAGE][PASSED] - Delayed 1 second(s)

2018-12-13 15:41:22 - [TEST_STEP][PASSED] - click: Object: 'Object Repository/Final Object Repo/Page_Form 1A - Cessation As Employer/Employment Resign Date - Year - Date' is clicked on

2018-12-13 15:41:22 - [MESSAGE][PASSED] - Object: 'Object Repository/Final Object Repo/Page_Form 1A - Cessation As Employer/Employment Resign Date - Year - Date' is clicked on

2018-12-13 15:41:22 - [TEST_STEP][PASSED] - delay: Delayed 2 second(s)

2018-12-13 15:41:24 - [MESSAGE][PASSED] - Delayed 2 second(s)

2018-12-13 15:41:24 - [TEST_STEP][PASSED] - click: Object: 'Object Repository/Final Object Repo/Page_Form 1A - Cessation As Employer/Page_Form 1A - Cessation As Employer (Approve)/Save  Continue in Update Add Employee Resigned Date Page' is clicked on

2018-12-13 15:41:24 - [MESSAGE][PASSED] - Object: 'Object Repository/Final Object Repo/Page_Form 1A - Cessation As Employer/Page_Form 1A - Cessation As Employer (Approve)/Save  Continue in Update Add Employee Resigned Date Page' is clicked on

2018-12-13 15:41:24 - [TEST_STEP][PASSED] - delay: Delayed 2 second(s)

2018-12-13 15:41:26 - [MESSAGE][PASSED] - Delayed 2 second(s)

2018-12-13 15:41:26 - [TEST_STEP][PASSED] - click: Object: 'Object Repository/Final Object Repo/Page_Form 1A - Cessation As Employer/Set Latest - Yes' is clicked on

2018-12-13 15:41:26 - [MESSAGE][PASSED] - Object: 'Object Repository/Final Object Repo/Page_Form 1A - Cessation As Employer/Set Latest - Yes' is clicked on

2018-12-13 15:41:26 - [TEST_STEP][PASSED] - delay: Delayed 2 second(s)

2018-12-13 15:41:28 - [MESSAGE][PASSED] - Delayed 2 second(s)

2018-12-13 15:41:28 - [TEST_STEP][PASSED] - click: Object: 'Object Repository/Final Object Repo/Page_Form 1A - Cessation As Employer/Page_Form 1A - Cessation As Employer (Approve)/Save  Contine in Uploading Document Page' is clicked on

2018-12-13 15:41:30 - [MESSAGE][PASSED] - Object: 'Object Repository/Final Object Repo/Page_Form 1A - Cessation As Employer/Page_Form 1A - Cessation As Employer (Approve)/Save  Contine in Uploading Document Page' is clicked on

2018-12-13 15:41:30 - [TEST_STEP][PASSED] - delay: Delayed 2 second(s)

2018-12-13 15:41:32 - [MESSAGE][PASSED] - Delayed 2 second(s)

2018-12-13 15:41:32 - [TEST_STEP][PASSED] - click: Object: 'Object Repository/Final Object Repo/Page_Form 1A - Cessation As Employer/Page_Form 1A - Cessation As Employer (Reject)/Reject' is clicked on

2018-12-13 15:41:34 - [MESSAGE][PASSED] - Object: 'Object Repository/Final Object Repo/Page_Form 1A - Cessation As Employer/Page_Form 1A - Cessation As Employer (Reject)/Reject' is clicked on

2018-12-13 15:41:34 - [TEST_STEP][PASSED] - delay: Delayed 2 second(s)

2018-12-13 15:41:36 - [MESSAGE][PASSED] - Delayed 2 second(s)

2018-12-13 15:41:36 - [TEST_STEP][PASSED] - click: Object: 'Object Repository/Final Object Repo/Page_Form 1A - Cessation As Employer/Page_Form 1A - Cessation As Employer (Reject)/Confirm' is clicked on

2018-12-13 15:41:37 - [MESSAGE][PASSED] - Object: 'Object Repository/Final Object Repo/Page_Form 1A - Cessation As Employer/Page_Form 1A - Cessation As Employer (Reject)/Confirm' is clicked on

2018-12-13 15:41:37 - [TEST_STEP][PASSED] - delay: Delayed 2 second(s)

2018-12-13 15:41:39 - [MESSAGE][PASSED] - Delayed 2 second(s)

2018-12-13 15:41:39 - [TEST_STEP][PASSED] - verifyElementVisible: Object 'Object Repository/Final Object Repo/Page_Form 1A - Cessation As Employer/Page_Form 1A - Cessation As Employer (Reject)/Message This Case has been Rejected' is visible

2018-12-13 15:41:42 - [MESSAGE][PASSED] - Object 'Object Repository/Final Object Repo/Page_Form 1A - Cessation As Employer/Page_Form 1A - Cessation As Employer (Reject)/Message This Case has been Rejected' is visible

2018-12-13 15:41:42 - [TEST_STEP][PASSED] - delay: Delayed 1 second(s)

2018-12-13 15:41:43 - [MESSAGE][PASSED] - Delayed 1 second(s)

2018-12-13 15:41:43 - [TEST_STEP][PASSED] - verifyElementVisible: Object 'Object Repository/Final Object Repo/Page_Form 1A - Cessation As Employer/Page_Form 1A - Cessation As Employer (Reject)/Letter of update rejection' is visible

2018-12-13 15:41:43 - [MESSAGE][PASSED] - Object 'Object Repository/Final Object Repo/Page_Form 1A - Cessation As Employer/Page_Form 1A - Cessation As Employer (Reject)/Letter of update rejection' is visible

2018-12-13 15:41:43 - [MESSAGE][PASSED] - Call Test Case 'Test Cases/Final Aug 2018 - PKS Automation/Registration Module/Workflow/Form 1A - Cessation As Employer/Template/Form 1 A - Cessation As Employer (Reject)' successfully]]></system-out>
         <system-err><![CDATA[]]></system-err>
      </testcase>
      <testcase name="Test Cases/Final Aug 2018 - PKS Automation/Registration Module/Workflow/Form 1A - Cessation As Employer/Employer to UO (Under enforcement)" classname="Test Cases/Final Aug 2018 - PKS Automation/Registration Module/Workflow/Form 1A - Cessation As Employer/Employer to UO (Under enforcement)" status="PASSED">
         <system-out><![CDATA[2018-12-13 15:41:43 - [TEST_CASE][PASSED] - Test Cases/Final Aug 2018 - PKS Automation/Registration Module/Workflow/Form 1A - Cessation As Employer/Employer to UO (Under enforcement): Test Cases/Final Aug 2018 - PKS Automation/Registration Module/Workflow/Form 1A - Cessation As Employer/Employer to UO (Under enforcement)

2018-12-13 15:41:44 - [TEST_STEP][PASSED] - callTestCase: Call Test Case 'Test Cases/Final Aug 2018 - PKS Automation/Registration Module/Workflow/Form 1A - Cessation As Employer/Template/Form 1 A - Cessation As Employer (OTC)' successfully

2018-12-13 15:41:44 - [TEST_CASE][PASSED] - Test Cases/Final Aug 2018 - PKS Automation/Registration Module/Workflow/Form 1A - Cessation As Employer/Template/Form 1 A - Cessation As Employer (OTC): Test Cases/Final Aug 2018 - PKS Automation/Registration Module/Workflow/Form 1A - Cessation As Employer/Template/Form 1 A - Cessation As Employer (OTC)

2018-12-13 15:41:44 - [TEST_STEP][PASSED] - openBrowser: Browser is opened with url: ''

2018-12-13 15:41:44 - [MESSAGE][WARNING] - A browser is already opened. Closing browser and opening a new one

2018-12-13 15:41:47 - [MESSAGE][PASSED] - Browser is opened with url: ''

2018-12-13 15:41:47 - [TEST_STEP][PASSED] - navigateToUrl: Navigate to 'https://assist2-uat.perkeso.gov.my/login' successfully

2018-12-13 15:41:48 - [MESSAGE][PASSED] - Navigate to 'https://assist2-uat.perkeso.gov.my/login' successfully

2018-12-13 15:41:48 - [TEST_STEP][PASSED] - setText: Text 'johorotc1@gmail.com' is set on object 'Object Repository/Final Object Repo/Login Page/Internal User/Email Address'

2018-12-13 15:41:48 - [MESSAGE][PASSED] - Text 'johorotc1@gmail.com' is set on object 'Object Repository/Final Object Repo/Login Page/Internal User/Email Address'

2018-12-13 15:41:48 - [TEST_STEP][PASSED] - click: Object: 'Object Repository/Final Object Repo/Login Page/Internal User/Next Button' is clicked on

2018-12-13 15:41:48 - [MESSAGE][PASSED] - Object: 'Object Repository/Final Object Repo/Login Page/Internal User/Next Button' is clicked on

2018-12-13 15:41:48 - [TEST_STEP][PASSED] - delay: Delayed 1 second(s)

2018-12-13 15:41:49 - [MESSAGE][PASSED] - Delayed 1 second(s)

2018-12-13 15:41:49 - [TEST_STEP][PASSED] - setEncryptedText: Text ****** has been set on object 'Object Repository/Final Object Repo/Login Page/Internal User/Password'

2018-12-13 15:41:49 - [MESSAGE][PASSED] - Text ****** has been set on object 'Object Repository/Final Object Repo/Login Page/Internal User/Password'

2018-12-13 15:41:49 - [TEST_STEP][PASSED] - click: Object: 'Object Repository/Final Object Repo/Login Page/Internal User/Login Button' is clicked on

2018-12-13 15:41:50 - [MESSAGE][PASSED] - Object: 'Object Repository/Final Object Repo/Login Page/Internal User/Login Button' is clicked on

2018-12-13 15:41:50 - [TEST_STEP][PASSED] - delay: Delayed 1 second(s)

2018-12-13 15:41:51 - [MESSAGE][PASSED] - Delayed 1 second(s)

2018-12-13 15:41:51 - [TEST_STEP][PASSED] - Statement - Try: Delayed 2 second(s)

2018-12-13 15:41:51 - [TEST_STEP][PASSED] - Statement - Checker = false: null

2018-12-13 15:41:51 - [TEST_STEP][PASSED] - Statement - Checker = com.kms.katalon.core.webui.keyword.WebUiBuiltInKeywords.verifyElementHasAttribute(com.kms.katalon.core.testobject.ObjectRepository.findTestObject(Final Object Repo/Landing Page/BM Detecting), "href", 20, OPTIONAL): Object 'Object Repository/Final Object Repo/Landing Page/BM Detecting' has attribute 'href'

2018-12-13 15:41:51 - [MESSAGE][PASSED] - Object 'Object Repository/Final Object Repo/Landing Page/BM Detecting' has attribute 'href'

2018-12-13 15:41:51 - [TEST_STEP][PASSED] - Statement - out.println(Checker): null

2018-12-13 15:41:51 - [TEST_STEP][PASSED] - Statement - If (Checker == false): null

2018-12-13 15:41:51 - [TEST_STEP][PASSED] - Statement - Else: null

2018-12-13 15:41:51 - [TEST_STEP][PASSED] - delay: Delayed 2 second(s)

2018-12-13 15:41:53 - [MESSAGE][PASSED] - Delayed 2 second(s)

2018-12-13 15:41:53 - [TEST_STEP][PASSED] - navigateToUrl: Navigate to 'https://assist2-uat.perkeso.gov.my/web/registration/update/form-1a-cessation-as-employer-discontinue-business-' successfully

2018-12-13 15:41:54 - [MESSAGE][PASSED] - Navigate to 'https://assist2-uat.perkeso.gov.my/web/registration/update/form-1a-cessation-as-employer-discontinue-business-' successfully

2018-12-13 15:41:54 - [TEST_STEP][PASSED] - setText: Text 'E1102069770Z' is set on object 'Object Repository/Final Object Repo/Page_Update Employer Information/Employer Code'

2018-12-13 15:41:55 - [MESSAGE][PASSED] - Text 'E1102069770Z' is set on object 'Object Repository/Final Object Repo/Page_Update Employer Information/Employer Code'

2018-12-13 15:41:55 - [TEST_STEP][PASSED] - click: Object: 'Object Repository/Final Object Repo/Page_Update Employer Information/Search Button' is clicked on

2018-12-13 15:41:55 - [MESSAGE][PASSED] - Object: 'Object Repository/Final Object Repo/Page_Update Employer Information/Search Button' is clicked on

2018-12-13 15:41:55 - [TEST_STEP][PASSED] - click: Object: 'Object Repository/Final Object Repo/Page_Update Employer Information/Edit Button' is clicked on

2018-12-13 15:41:57 - [MESSAGE][PASSED] - Object: 'Object Repository/Final Object Repo/Page_Update Employer Information/Edit Button' is clicked on

2018-12-13 15:41:57 - [TEST_STEP][PASSED] - Statement - abc = com.kms.katalon.core.webui.keyword.WebUiBuiltInKeywords.getAttribute(com.kms.katalon.core.testobject.ObjectRepository.findTestObject(Final Object Repo/Page_Form 1A - Cessation As Employer/Employer Status), "value"): Attribute 'value' of object 'Object Repository/Final Object Repo/Page_Form 1A - Cessation As Employer/Employer Status' is: 'Dormant'

2018-12-13 15:41:57 - [MESSAGE][PASSED] - Attribute 'value' of object 'Object Repository/Final Object Repo/Page_Form 1A - Cessation As Employer/Employer Status' is: 'Dormant'

2018-12-13 15:41:57 - [TEST_STEP][PASSED] - Statement - out.println(abc): null

2018-12-13 15:41:57 - [TEST_STEP][PASSED] - Statement - If (abc == "Active"): null

2018-12-13 15:41:57 - [TEST_STEP][PASSED] - Statement - Else If (abc == "Cancel"): null

2018-12-13 15:41:57 - [TEST_STEP][PASSED] - Statement - Else If (abc == "Dormant"): Object: 'Object Repository/Final Object Repo/Page_Form 1A - Cessation As Employer/Change Employer Status to - Dormant' is clicked on

2018-12-13 15:41:57 - [TEST_STEP][PASSED] - click: Object: 'Object Repository/Final Object Repo/Page_Form 1A - Cessation As Employer/Change Employer Status to' is clicked on

2018-12-13 15:41:58 - [MESSAGE][PASSED] - Object: 'Object Repository/Final Object Repo/Page_Form 1A - Cessation As Employer/Change Employer Status to' is clicked on

2018-12-13 15:41:58 - [TEST_STEP][PASSED] - click: Object: 'Object Repository/Final Object Repo/Page_Form 1A - Cessation As Employer/Change Employer Status to - Dormant' is clicked on

2018-12-13 15:41:58 - [MESSAGE][PASSED] - Object: 'Object Repository/Final Object Repo/Page_Form 1A - Cessation As Employer/Change Employer Status to - Dormant' is clicked on

2018-12-13 15:41:58 - [TEST_STEP][PASSED] - click: Object: 'Object Repository/Final Object Repo/Page_Form 1A - Cessation As Employer/Calender' is clicked on

2018-12-13 15:41:58 - [MESSAGE][PASSED] - Object: 'Object Repository/Final Object Repo/Page_Form 1A - Cessation As Employer/Calender' is clicked on

2018-12-13 15:41:58 - [TEST_STEP][PASSED] - click: Object: 'Object Repository/Final Object Repo/Page_Form 1A - Cessation As Employer/Calender - Date' is clicked on

2018-12-13 15:41:58 - [MESSAGE][PASSED] - Object: 'Object Repository/Final Object Repo/Page_Form 1A - Cessation As Employer/Calender - Date' is clicked on

2018-12-13 15:41:58 - [TEST_STEP][PASSED] - delay: Delayed 2 second(s)

2018-12-13 15:42:00 - [MESSAGE][PASSED] - Delayed 2 second(s)

2018-12-13 15:42:00 - [TEST_STEP][PASSED] - click: Object: 'Object Repository/Final Object Repo/Page_Form 1A - Cessation As Employer/Save  Continue in Form 1A Page' is clicked on

2018-12-13 15:42:00 - [MESSAGE][PASSED] - Object: 'Object Repository/Final Object Repo/Page_Form 1A - Cessation As Employer/Save  Continue in Form 1A Page' is clicked on

2018-12-13 15:42:00 - [TEST_STEP][PASSED] - delay: Delayed 2 second(s)

2018-12-13 15:42:02 - [MESSAGE][PASSED] - Delayed 2 second(s)

2018-12-13 15:42:02 - [TEST_STEP][PASSED] - click: Object: 'Object Repository/Final Object Repo/Page_Form 1A - Cessation As Employer/Employment Resign Date' is clicked on

2018-12-13 15:42:03 - [MESSAGE][PASSED] - Object: 'Object Repository/Final Object Repo/Page_Form 1A - Cessation As Employer/Employment Resign Date' is clicked on

2018-12-13 15:42:03 - [TEST_STEP][PASSED] - delay: Delayed 1 second(s)

2018-12-13 15:42:04 - [MESSAGE][PASSED] - Delayed 1 second(s)

2018-12-13 15:42:04 - [TEST_STEP][PASSED] - Statement - CaseReferenceNo = com.kms.katalon.core.webui.keyword.WebUiBuiltInKeywords.getText(com.kms.katalon.core.testobject.ObjectRepository.findTestObject(Final Object Repo/Page_Update Employer Information/Reference Number in Update Employee Information Page)): Text of object 'Object Repository/Final Object Repo/Page_Update Employer Information/Reference Number in Update Employee Information Page' is: 'CUN122018C200001739'

2018-12-13 15:42:04 - [MESSAGE][PASSED] - Text of object 'Object Repository/Final Object Repo/Page_Update Employer Information/Reference Number in Update Employee Information Page' is: 'CUN122018C200001739'

2018-12-13 15:42:04 - [TEST_STEP][PASSED] - callTestCase: Call Test Case 'Test Cases/Final Aug 2018 - PKS Automation/Common/Reference Number Setter' successfully

2018-12-13 15:42:04 - [TEST_CASE][PASSED] - Test Cases/Final Aug 2018 - PKS Automation/Common/Reference Number Setter: Test Cases/Final Aug 2018 - PKS Automation/Common/Reference Number Setter

2018-12-13 15:42:04 - [TEST_STEP][PASSED] - Statement - RefNoOldFile = new java.io.File(C://Users//Admin//Desktop//PKS//Automation Reference Point//KatalonReference.txt): null

2018-12-13 15:42:04 - [TEST_STEP][PASSED] - Statement - RefNoOldFile.delete(): null

2018-12-13 15:42:04 - [TEST_STEP][PASSED] - delay: Delayed 5 second(s)

2018-12-13 15:42:09 - [MESSAGE][PASSED] - Delayed 5 second(s)

2018-12-13 15:42:09 - [TEST_STEP][PASSED] - Statement - RefNo = new java.io.File(C://Users//Admin//Desktop//PKS//Automation Reference Point//KatalonReference.txt): null

2018-12-13 15:42:09 - [TEST_STEP][PASSED] - Statement - f2 = new java.io.FileWriter(RefNo, false): null

2018-12-13 15:42:09 - [TEST_STEP][PASSED] - Statement - f2.write(CaseReferenceNo): null

2018-12-13 15:42:09 - [TEST_STEP][PASSED] - Statement - f2.close(): null

2018-12-13 15:42:09 - [TEST_STEP][PASSED] - Statement - out.println("


" + CaseReferenceNo + "


"): null

2018-12-13 15:42:09 - [MESSAGE][PASSED] - Call Test Case 'Test Cases/Final Aug 2018 - PKS Automation/Common/Reference Number Setter' successfully

2018-12-13 15:42:09 - [TEST_STEP][PASSED] - selectOptionByValue: All options with value '2030' are selected in object 'Object Repository/Final Object Repo/Page_Form 1A - Cessation As Employer/Employment Resign Date - Year' 

2018-12-13 15:42:09 - [MESSAGE][PASSED] - All options with value '2030' are selected in object 'Object Repository/Final Object Repo/Page_Form 1A - Cessation As Employer/Employment Resign Date - Year' 

2018-12-13 15:42:09 - [TEST_STEP][PASSED] - delay: Delayed 1 second(s)

2018-12-13 15:42:10 - [MESSAGE][PASSED] - Delayed 1 second(s)

2018-12-13 15:42:10 - [TEST_STEP][PASSED] - click: Object: 'Object Repository/Final Object Repo/Page_Form 1A - Cessation As Employer/Employment Resign Date - Year - Date' is clicked on

2018-12-13 15:42:10 - [MESSAGE][PASSED] - Object: 'Object Repository/Final Object Repo/Page_Form 1A - Cessation As Employer/Employment Resign Date - Year - Date' is clicked on

2018-12-13 15:42:10 - [TEST_STEP][PASSED] - delay: Delayed 2 second(s)

2018-12-13 15:42:12 - [MESSAGE][PASSED] - Delayed 2 second(s)

2018-12-13 15:42:12 - [TEST_STEP][PASSED] - click: Object: 'Object Repository/Final Object Repo/Page_Form 1A - Cessation As Employer/Save  Continue in Update Add Employee Resigned Date Page' is clicked on

2018-12-13 15:42:12 - [MESSAGE][PASSED] - Object: 'Object Repository/Final Object Repo/Page_Form 1A - Cessation As Employer/Save  Continue in Update Add Employee Resigned Date Page' is clicked on

2018-12-13 15:42:12 - [TEST_STEP][PASSED] - delay: Delayed 2 second(s)

2018-12-13 15:42:14 - [MESSAGE][PASSED] - Delayed 2 second(s)

2018-12-13 15:42:14 - [TEST_STEP][PASSED] - click: Object: 'Object Repository/Final Object Repo/Page_Form 1A - Cessation As Employer/Set Latest - Yes' is clicked on

2018-12-13 15:42:15 - [MESSAGE][PASSED] - Object: 'Object Repository/Final Object Repo/Page_Form 1A - Cessation As Employer/Set Latest - Yes' is clicked on

2018-12-13 15:42:15 - [TEST_STEP][PASSED] - delay: Delayed 2 second(s)

2018-12-13 15:42:17 - [MESSAGE][PASSED] - Delayed 2 second(s)

2018-12-13 15:42:17 - [TEST_STEP][PASSED] - click: Object: 'Object Repository/Final Object Repo/Page_Form 1A - Cessation As Employer/Add Document' is clicked on

2018-12-13 15:42:18 - [MESSAGE][PASSED] - Object: 'Object Repository/Final Object Repo/Page_Form 1A - Cessation As Employer/Add Document' is clicked on

2018-12-13 15:42:18 - [TEST_STEP][PASSED] - delay: Delayed 2 second(s)

2018-12-13 15:42:20 - [MESSAGE][PASSED] - Delayed 2 second(s)

2018-12-13 15:42:20 - [TEST_STEP][PASSED] - click: Object: 'Object Repository/Final Object Repo/Page_Form 1A - Cessation As Employer/Document Type' is clicked on

2018-12-13 15:42:21 - [MESSAGE][PASSED] - Object: 'Object Repository/Final Object Repo/Page_Form 1A - Cessation As Employer/Document Type' is clicked on

2018-12-13 15:42:21 - [TEST_STEP][PASSED] - delay: Delayed 2 second(s)

2018-12-13 15:42:23 - [MESSAGE][PASSED] - Delayed 2 second(s)

2018-12-13 15:42:23 - [TEST_STEP][PASSED] - click: Object: 'Object Repository/Final Object Repo/Page_Form 1A - Cessation As Employer/Document Type - Supporting Document For Cessation' is clicked on

2018-12-13 15:42:23 - [MESSAGE][PASSED] - Object: 'Object Repository/Final Object Repo/Page_Form 1A - Cessation As Employer/Document Type - Supporting Document For Cessation' is clicked on

2018-12-13 15:42:23 - [TEST_STEP][PASSED] - delay: Delayed 2 second(s)

2018-12-13 15:42:25 - [MESSAGE][PASSED] - Delayed 2 second(s)

2018-12-13 15:42:25 - [TEST_STEP][PASSED] - sendKeys: Keys 'C:\Users\Public\Pictures\Sample Pictures\Koala.jpg' sent to object: 'Object Repository/Final Object Repo/Page_Form 1A - Cessation As Employer/Uploading File'

2018-12-13 15:42:25 - [MESSAGE][PASSED] - Keys 'C:\Users\Public\Pictures\Sample Pictures\Koala.jpg' sent to object: 'Object Repository/Final Object Repo/Page_Form 1A - Cessation As Employer/Uploading File'

2018-12-13 15:42:25 - [TEST_STEP][PASSED] - delay: Delayed 2 second(s)

2018-12-13 15:42:27 - [MESSAGE][PASSED] - Delayed 2 second(s)

2018-12-13 15:42:27 - [TEST_STEP][PASSED] - click: Object: 'Object Repository/Final Object Repo/Page_Form 1A - Cessation As Employer/Add Document in Uploading Page' is clicked on

2018-12-13 15:42:27 - [MESSAGE][PASSED] - Object: 'Object Repository/Final Object Repo/Page_Form 1A - Cessation As Employer/Add Document in Uploading Page' is clicked on

2018-12-13 15:42:27 - [TEST_STEP][PASSED] - delay: Delayed 20 second(s)

2018-12-13 15:42:47 - [MESSAGE][PASSED] - Delayed 20 second(s)

2018-12-13 15:42:47 - [TEST_STEP][PASSED] - click: Object: 'Object Repository/Final Object Repo/Page_Form 1A - Cessation As Employer/Save  Continue in Uploading Page' is clicked on

2018-12-13 15:42:47 - [MESSAGE][PASSED] - Object: 'Object Repository/Final Object Repo/Page_Form 1A - Cessation As Employer/Save  Continue in Uploading Page' is clicked on

2018-12-13 15:42:47 - [TEST_STEP][PASSED] - delay: Delayed 2 second(s)

2018-12-13 15:42:49 - [MESSAGE][PASSED] - Delayed 2 second(s)

2018-12-13 15:42:49 - [TEST_STEP][PASSED] - click: Object: 'Object Repository/Final Object Repo/Page_Form 1A - Cessation As Employer/Submit2' is clicked on

2018-12-13 15:42:52 - [MESSAGE][PASSED] - Object: 'Object Repository/Final Object Repo/Page_Form 1A - Cessation As Employer/Submit2' is clicked on

2018-12-13 15:42:52 - [TEST_STEP][PASSED] - delay: Delayed 2 second(s)

2018-12-13 15:42:54 - [MESSAGE][PASSED] - Delayed 2 second(s)

2018-12-13 15:42:54 - [TEST_STEP][PASSED] - click: Object: 'Object Repository/Final Object Repo/Page_Form 1A - Cessation As Employer/Confirm' is clicked on

2018-12-13 15:42:55 - [MESSAGE][PASSED] - Object: 'Object Repository/Final Object Repo/Page_Form 1A - Cessation As Employer/Confirm' is clicked on

2018-12-13 15:42:55 - [TEST_STEP][PASSED] - delay: Delayed 2 second(s)

2018-12-13 15:42:57 - [MESSAGE][PASSED] - Delayed 2 second(s)

2018-12-13 15:42:57 - [TEST_STEP][PASSED] - verifyElementVisible: Object 'Object Repository/Final Object Repo/Page_Form 1A - Cessation As Employer/Message Your Request will be routed to UO' is visible

2018-12-13 15:43:00 - [MESSAGE][PASSED] - Object 'Object Repository/Final Object Repo/Page_Form 1A - Cessation As Employer/Message Your Request will be routed to UO' is visible

2018-12-13 15:43:00 - [TEST_STEP][PASSED] - delay: Delayed 1 second(s)

2018-12-13 15:43:01 - [MESSAGE][PASSED] - Delayed 1 second(s)

2018-12-13 15:43:01 - [TEST_STEP][PASSED] - verifyElementVisible: Object 'Object Repository/Final Object Repo/Page_Form 1A - Cessation As Employer/Letter of acknowledgement' is visible

2018-12-13 15:43:01 - [MESSAGE][PASSED] - Object 'Object Repository/Final Object Repo/Page_Form 1A - Cessation As Employer/Letter of acknowledgement' is visible

2018-12-13 15:43:01 - [MESSAGE][PASSED] - Call Test Case 'Test Cases/Final Aug 2018 - PKS Automation/Registration Module/Workflow/Form 1A - Cessation As Employer/Template/Form 1 A - Cessation As Employer (OTC)' successfully

2018-12-13 15:43:01 - [TEST_STEP][PASSED] - callTestCase: Call Test Case 'Test Cases/Final Aug 2018 - PKS Automation/Registration Module/Workflow/Form 1A - Cessation As Employer/Template/Form 1 A - Cessation As Employer (Under enforcement)' successfully

2018-12-13 15:43:01 - [TEST_CASE][PASSED] - Test Cases/Final Aug 2018 - PKS Automation/Registration Module/Workflow/Form 1A - Cessation As Employer/Template/Form 1 A - Cessation As Employer (Under enforcement): Test Cases/Final Aug 2018 - PKS Automation/Registration Module/Workflow/Form 1A - Cessation As Employer/Template/Form 1 A - Cessation As Employer (Under enforcement)

2018-12-13 15:43:02 - [TEST_STEP][NOT_RUN] - callTestCase: NOT_RUN: callTestCase

2018-12-13 15:43:02 - [MESSAGE][NOT_RUN] - NOT_RUN: callTestCase

2018-12-13 15:43:02 - [TEST_STEP][PASSED] - delay: Delayed 1 second(s)

2018-12-13 15:43:03 - [MESSAGE][PASSED] - Delayed 1 second(s)

2018-12-13 15:43:03 - [TEST_STEP][PASSED] - navigateToUrl: Navigate to 'https://assist2-uat.perkeso.gov.my/c/portal/logout' successfully

2018-12-13 15:43:04 - [MESSAGE][PASSED] - Navigate to 'https://assist2-uat.perkeso.gov.my/c/portal/logout' successfully

2018-12-13 15:43:04 - [TEST_STEP][PASSED] - delay: Delayed 1 second(s)

2018-12-13 15:43:05 - [MESSAGE][PASSED] - Delayed 1 second(s)

2018-12-13 15:43:05 - [TEST_STEP][PASSED] - callTestCase: Call Test Case 'Test Cases/Final Aug 2018 - PKS Automation/Common/Reference Number Getter' successfully

2018-12-13 15:43:05 - [TEST_CASE][PASSED] - Test Cases/Final Aug 2018 - PKS Automation/Common/Reference Number Getter: Test Cases/Final Aug 2018 - PKS Automation/Common/Reference Number Getter

2018-12-13 15:43:05 - [TEST_STEP][PASSED] - Statement - Try: null

2018-12-13 15:43:05 - [TEST_STEP][PASSED] - Statement - RefNo = new java.io.File(C://Users//Admin//Desktop//PKS//Automation Reference Point//KatalonReference.txt): null

2018-12-13 15:43:05 - [TEST_STEP][PASSED] - Statement - bufferread = new java.io.BufferedReader(new java.io.FileReader(RefNo)): null

2018-12-13 15:43:05 - [TEST_STEP][PASSED] - Statement - readedVal = bufferread.readLine(): null

2018-12-13 15:43:05 - [TEST_STEP][PASSED] - Statement - out.println(CaseReferenceNo): null

2018-12-13 15:43:05 - [TEST_STEP][PASSED] - Statement - out.println(readedVal): null

2018-12-13 15:43:05 - [TEST_STEP][PASSED] - Statement - CaseReferenceNo = "": null

2018-12-13 15:43:05 - [TEST_STEP][PASSED] - Statement - CaseReferenceNo = readedVal: null

2018-12-13 15:43:05 - [MESSAGE][PASSED] - Call Test Case 'Test Cases/Final Aug 2018 - PKS Automation/Common/Reference Number Getter' successfully

2018-12-13 15:43:05 - [TEST_STEP][PASSED] - callTestCase: Call Test Case 'Test Cases/Final Aug 2018 - PKS Automation/Common/Workflow Owner Finder' successfully

2018-12-13 15:43:05 - [TEST_CASE][PASSED] - Test Cases/Final Aug 2018 - PKS Automation/Common/Workflow Owner Finder: Test Cases/Final Aug 2018 - PKS Automation/Common/Workflow Owner Finder

2018-12-13 15:43:05 - [TEST_STEP][PASSED] - openBrowser: Browser is opened with url: ''

2018-12-13 15:43:05 - [MESSAGE][WARNING] - A browser is already opened. Closing browser and opening a new one

2018-12-13 15:43:08 - [MESSAGE][PASSED] - Browser is opened with url: ''

2018-12-13 15:43:08 - [TEST_STEP][PASSED] - navigateToUrl: Navigate to 'https://assist2-uat.perkeso.gov.my/login' successfully

2018-12-13 15:43:09 - [MESSAGE][PASSED] - Navigate to 'https://assist2-uat.perkeso.gov.my/login' successfully

2018-12-13 15:43:09 - [TEST_STEP][PASSED] - delay: Delayed 5 second(s)

2018-12-13 15:43:14 - [MESSAGE][PASSED] - Delayed 5 second(s)

2018-12-13 15:43:14 - [TEST_STEP][PASSED] - setText: Text 'test@liferay.com' is set on object 'Object Repository/Final Object Repo/Login Page/Internal User/Email Address'

2018-12-13 15:43:15 - [MESSAGE][PASSED] - Text 'test@liferay.com' is set on object 'Object Repository/Final Object Repo/Login Page/Internal User/Email Address'

2018-12-13 15:43:15 - [TEST_STEP][PASSED] - click: Object: 'Object Repository/Final Object Repo/Login Page/Internal User/Next Button' is clicked on

2018-12-13 15:43:15 - [MESSAGE][PASSED] - Object: 'Object Repository/Final Object Repo/Login Page/Internal User/Next Button' is clicked on

2018-12-13 15:43:15 - [TEST_STEP][PASSED] - delay: Delayed 2 second(s)

2018-12-13 15:43:17 - [MESSAGE][PASSED] - Delayed 2 second(s)

2018-12-13 15:43:17 - [TEST_STEP][PASSED] - setText: Text 'test' is set on object 'Object Repository/Final Object Repo/Login Page/Internal User/Password'

2018-12-13 15:43:17 - [MESSAGE][PASSED] - Text 'test' is set on object 'Object Repository/Final Object Repo/Login Page/Internal User/Password'

2018-12-13 15:43:17 - [TEST_STEP][PASSED] - delay: Delayed 2 second(s)

2018-12-13 15:43:19 - [MESSAGE][PASSED] - Delayed 2 second(s)

2018-12-13 15:43:19 - [TEST_STEP][PASSED] - click: Object: 'Object Repository/Final Object Repo/Login Page/Internal User/Login Button' is clicked on

2018-12-13 15:43:19 - [MESSAGE][PASSED] - Object: 'Object Repository/Final Object Repo/Login Page/Internal User/Login Button' is clicked on

2018-12-13 15:43:19 - [TEST_STEP][PASSED] - Statement - tester = com.kms.katalon.core.testobject.ObjectRepository.findTestObject(Final Object Repo/Landing Page/Select to English): Finding Test Object with id 'Object Repository/Final Object Repo/Landing Page/Select to English'

2018-12-13 15:43:19 - [TEST_STEP][PASSED] - Statement - Try: Delayed 2 second(s)

2018-12-13 15:43:19 - [TEST_STEP][PASSED] - Statement - Checker = com.kms.katalon.core.webui.keyword.WebUiBuiltInKeywords.verifyElementNotPresent(tester, 3): Web element with id: 'Object Repository/Final Object Repo/Landing Page/Select to English' located by 'By.xpath: //a[@class = 'taglib-language-list-text' and @lang = 'en-US' and (contains(text(), 'EN') or contains(., 'EN'))]' is not present after '3' second(s)

2018-12-13 15:43:21 - [MESSAGE][PASSED] - Web element with id: 'Object Repository/Final Object Repo/Landing Page/Select to English' located by 'By.xpath: //a[@class = 'taglib-language-list-text' and @lang = 'en-US' and (contains(text(), 'EN') or contains(., 'EN'))]' is not present after '3' second(s)

2018-12-13 15:43:21 - [TEST_STEP][PASSED] - Statement - If (Checker == false): null

2018-12-13 15:43:21 - [TEST_STEP][PASSED] - delay: Delayed 2 second(s)

2018-12-13 15:43:23 - [MESSAGE][PASSED] - Delayed 2 second(s)

2018-12-13 15:43:23 - [TEST_STEP][PASSED] - delay: Delayed 5 second(s)

2018-12-13 15:43:28 - [MESSAGE][PASSED] - Delayed 5 second(s)

2018-12-13 15:43:28 - [TEST_STEP][PASSED] - mouseOver: Object: 'Object Repository/Final Object Repo/Landing Page/WorkFlow Menu' is hovered

2018-12-13 15:43:28 - [MESSAGE][PASSED] - Object: 'Object Repository/Final Object Repo/Landing Page/WorkFlow Menu' is hovered

2018-12-13 15:43:28 - [TEST_STEP][PASSED] - delay: Delayed 2 second(s)

2018-12-13 15:43:30 - [MESSAGE][PASSED] - Delayed 2 second(s)

2018-12-13 15:43:30 - [TEST_STEP][PASSED] - click: Object: 'Object Repository/Final Object Repo/Landing Page/Select to Workflow Listing' is clicked on

2018-12-13 15:43:32 - [MESSAGE][PASSED] - Object: 'Object Repository/Final Object Repo/Landing Page/Select to Workflow Listing' is clicked on

2018-12-13 15:43:32 - [TEST_STEP][PASSED] - delay: Delayed 2 second(s)

2018-12-13 15:43:34 - [MESSAGE][PASSED] - Delayed 2 second(s)

2018-12-13 15:43:34 - [TEST_STEP][PASSED] - click: Object: 'Object Repository/Final Object Repo/WorkFlow Listing Page/Search Information - To Put Ref No' is clicked on

2018-12-13 15:43:34 - [MESSAGE][PASSED] - Object: 'Object Repository/Final Object Repo/WorkFlow Listing Page/Search Information - To Put Ref No' is clicked on

2018-12-13 15:43:34 - [TEST_STEP][PASSED] - delay: Delayed 2 second(s)

2018-12-13 15:43:36 - [MESSAGE][PASSED] - Delayed 2 second(s)

2018-12-13 15:43:36 - [TEST_STEP][PASSED] - callTestCase: Call Test Case 'Test Cases/Final Aug 2018 - PKS Automation/Common/Reference Number Getter' successfully

2018-12-13 15:43:36 - [TEST_CASE][PASSED] - Test Cases/Final Aug 2018 - PKS Automation/Common/Reference Number Getter: Test Cases/Final Aug 2018 - PKS Automation/Common/Reference Number Getter

2018-12-13 15:43:36 - [TEST_STEP][PASSED] - Statement - Try: null

2018-12-13 15:43:36 - [TEST_STEP][PASSED] - Statement - RefNo = new java.io.File(C://Users//Admin//Desktop//PKS//Automation Reference Point//KatalonReference.txt): null

2018-12-13 15:43:36 - [TEST_STEP][PASSED] - Statement - bufferread = new java.io.BufferedReader(new java.io.FileReader(RefNo)): null

2018-12-13 15:43:36 - [TEST_STEP][PASSED] - Statement - readedVal = bufferread.readLine(): null

2018-12-13 15:43:36 - [TEST_STEP][PASSED] - Statement - out.println(CaseReferenceNo): null

2018-12-13 15:43:36 - [TEST_STEP][PASSED] - Statement - out.println(readedVal): null

2018-12-13 15:43:36 - [TEST_STEP][PASSED] - Statement - CaseReferenceNo = "": null

2018-12-13 15:43:36 - [TEST_STEP][PASSED] - Statement - CaseReferenceNo = readedVal: null

2018-12-13 15:43:36 - [MESSAGE][PASSED] - Call Test Case 'Test Cases/Final Aug 2018 - PKS Automation/Common/Reference Number Getter' successfully

2018-12-13 15:43:36 - [TEST_STEP][PASSED] - setText: Text 'CUN122018C200001739' is set on object 'Object Repository/Final Object Repo/WorkFlow Listing Page/Ref No Set Text'

2018-12-13 15:43:36 - [MESSAGE][PASSED] - Text 'CUN122018C200001739' is set on object 'Object Repository/Final Object Repo/WorkFlow Listing Page/Ref No Set Text'

2018-12-13 15:43:36 - [TEST_STEP][PASSED] - delay: Delayed 2 second(s)

2018-12-13 15:43:38 - [MESSAGE][PASSED] - Delayed 2 second(s)

2018-12-13 15:43:38 - [TEST_STEP][PASSED] - click: Object: 'Object Repository/Final Object Repo/WorkFlow Listing Page/Search Ref No Search Button' is clicked on

2018-12-13 15:43:39 - [MESSAGE][PASSED] - Object: 'Object Repository/Final Object Repo/WorkFlow Listing Page/Search Ref No Search Button' is clicked on

2018-12-13 15:43:39 - [TEST_STEP][PASSED] - delay: Delayed 6 second(s)

2018-12-13 15:43:45 - [MESSAGE][PASSED] - Delayed 6 second(s)

2018-12-13 15:43:45 - [TEST_STEP][PASSED] - click: Object: 'Object Repository/Final Object Repo/WorkFlow Listing Page/Click Continue Tooltip' is clicked on

2018-12-13 15:43:46 - [MESSAGE][PASSED] - Object: 'Object Repository/Final Object Repo/WorkFlow Listing Page/Click Continue Tooltip' is clicked on

2018-12-13 15:43:46 - [TEST_STEP][PASSED] - delay: Delayed 5 second(s)

2018-12-13 15:43:51 - [MESSAGE][PASSED] - Delayed 5 second(s)

2018-12-13 15:43:51 - [TEST_STEP][PASSED] - doubleClick: Object: 'Object Repository/Final Object Repo/WorkFlow Listing Page/Workflow Found - Listing 1' is double clicked on

2018-12-13 15:43:51 - [MESSAGE][PASSED] - Object: 'Object Repository/Final Object Repo/WorkFlow Listing Page/Workflow Found - Listing 1' is double clicked on

2018-12-13 15:43:51 - [TEST_STEP][PASSED] - Statement - println(OwnerID): null

2018-12-13 15:43:51 - [TEST_STEP][PASSED] - Statement - OwnerID = com.kms.katalon.core.webui.keyword.WebUiBuiltInKeywords.getText(com.kms.katalon.core.testobject.ObjectRepository.findTestObject(Final Object Repo/WorkFlow Listing Page/Workflow Found - Listing 1), STOP_ON_FAILURE): Text of object 'Object Repository/Final Object Repo/WorkFlow Listing Page/Workflow Found - Listing 1' is: 'JOHORuo3'

2018-12-13 15:43:51 - [MESSAGE][PASSED] - Text of object 'Object Repository/Final Object Repo/WorkFlow Listing Page/Workflow Found - Listing 1' is: 'JOHORuo3'

2018-12-13 15:43:51 - [TEST_STEP][PASSED] - Statement - OwnerID = OwnerID.toLowerCase() + "@gmail.com": null

2018-12-13 15:43:51 - [TEST_STEP][PASSED] - Statement - println(OwnerID): null

2018-12-13 15:43:51 - [TEST_STEP][PASSED] - delay: Delayed 2 second(s)

2018-12-13 15:43:53 - [MESSAGE][PASSED] - Delayed 2 second(s)

2018-12-13 15:43:53 - [MESSAGE][PASSED] - Call Test Case 'Test Cases/Final Aug 2018 - PKS Automation/Common/Workflow Owner Finder' successfully

2018-12-13 15:43:53 - [TEST_STEP][PASSED] - delay: Delayed 1 second(s)

2018-12-13 15:43:54 - [MESSAGE][PASSED] - Delayed 1 second(s)

2018-12-13 15:43:54 - [TEST_STEP][PASSED] - navigateToUrl: Navigate to 'https://assist2-uat.perkeso.gov.my/c/portal/logout' successfully

2018-12-13 15:43:55 - [MESSAGE][PASSED] - Navigate to 'https://assist2-uat.perkeso.gov.my/c/portal/logout' successfully

2018-12-13 15:43:55 - [TEST_STEP][PASSED] - delay: Delayed 1 second(s)

2018-12-13 15:43:56 - [MESSAGE][PASSED] - Delayed 1 second(s)

2018-12-13 15:43:56 - [TEST_STEP][PASSED] - callTestCase: Call Test Case 'Test Cases/Final Aug 2018 - PKS Automation/Registration Module/Workflow/Login and Search Case For Workflow' successfully

2018-12-13 15:43:56 - [TEST_CASE][PASSED] - Test Cases/Final Aug 2018 - PKS Automation/Registration Module/Workflow/Login and Search Case For Workflow: Test Cases/Final Aug 2018 - PKS Automation/Registration Module/Workflow/Login and Search Case For Workflow

2018-12-13 15:43:56 - [TEST_STEP][PASSED] - navigateToUrl: Navigate to 'https://assist2-uat.perkeso.gov.my/login' successfully

2018-12-13 15:43:56 - [MESSAGE][PASSED] - Navigate to 'https://assist2-uat.perkeso.gov.my/login' successfully

2018-12-13 15:43:56 - [TEST_STEP][PASSED] - setText: Text 'johoruo3@gmail.com' is set on object 'Object Repository/Final Object Repo/Login Page/Internal User/Email Address'

2018-12-13 15:43:57 - [MESSAGE][PASSED] - Text 'johoruo3@gmail.com' is set on object 'Object Repository/Final Object Repo/Login Page/Internal User/Email Address'

2018-12-13 15:43:57 - [TEST_STEP][PASSED] - click: Object: 'Object Repository/Final Object Repo/Login Page/Internal User/Next Button' is clicked on

2018-12-13 15:43:57 - [MESSAGE][PASSED] - Object: 'Object Repository/Final Object Repo/Login Page/Internal User/Next Button' is clicked on

2018-12-13 15:43:57 - [TEST_STEP][PASSED] - delay: Delayed 1 second(s)

2018-12-13 15:43:58 - [MESSAGE][PASSED] - Delayed 1 second(s)

2018-12-13 15:43:58 - [TEST_STEP][PASSED] - setEncryptedText: Text ****** has been set on object 'Object Repository/Final Object Repo/Login Page/Internal User/Password'

2018-12-13 15:43:58 - [MESSAGE][PASSED] - Text ****** has been set on object 'Object Repository/Final Object Repo/Login Page/Internal User/Password'

2018-12-13 15:43:58 - [TEST_STEP][PASSED] - click: Object: 'Object Repository/Final Object Repo/Login Page/Internal User/Login Button' is clicked on

2018-12-13 15:43:58 - [MESSAGE][PASSED] - Object: 'Object Repository/Final Object Repo/Login Page/Internal User/Login Button' is clicked on

2018-12-13 15:43:58 - [TEST_STEP][PASSED] - delay: Delayed 2 second(s)

2018-12-13 15:44:00 - [MESSAGE][PASSED] - Delayed 2 second(s)

2018-12-13 15:44:00 - [TEST_STEP][PASSED] - Statement - Try: Delayed 2 second(s)

2018-12-13 15:44:00 - [TEST_STEP][PASSED] - Statement - Checker = false: null

2018-12-13 15:44:00 - [TEST_STEP][PASSED] - Statement - Checker = com.kms.katalon.core.webui.keyword.WebUiBuiltInKeywords.verifyElementHasAttribute(com.kms.katalon.core.testobject.ObjectRepository.findTestObject(Final Object Repo/Landing Page/BM Detecting), "href", 20, OPTIONAL): Object 'Object Repository/Final Object Repo/Landing Page/BM Detecting' has attribute 'href'

2018-12-13 15:44:01 - [MESSAGE][PASSED] - Object 'Object Repository/Final Object Repo/Landing Page/BM Detecting' has attribute 'href'

2018-12-13 15:44:01 - [TEST_STEP][PASSED] - Statement - out.println(Checker): null

2018-12-13 15:44:01 - [TEST_STEP][PASSED] - Statement - If (Checker == false): null

2018-12-13 15:44:01 - [TEST_STEP][PASSED] - Statement - Else: null

2018-12-13 15:44:01 - [TEST_STEP][PASSED] - delay: Delayed 2 second(s)

2018-12-13 15:44:03 - [MESSAGE][PASSED] - Delayed 2 second(s)

2018-12-13 15:44:03 - [TEST_STEP][PASSED] - click: Object: 'Object Repository/Final Object Repo/Page_MyASSIST - ASSIST - Search Pending Case For Add Supporting Document/Search Information' is clicked on

2018-12-13 15:44:03 - [MESSAGE][PASSED] - Object: 'Object Repository/Final Object Repo/Page_MyASSIST - ASSIST - Search Pending Case For Add Supporting Document/Search Information' is clicked on

2018-12-13 15:44:03 - [TEST_STEP][PASSED] - delay: Delayed 3 second(s)

2018-12-13 15:44:06 - [MESSAGE][PASSED] - Delayed 3 second(s)

2018-12-13 15:44:06 - [TEST_STEP][PASSED] - sendKeys: Keys 'CUN122018C200001739' sent to object: 'Object Repository/Final Object Repo/Page_MyASSIST - ASSIST - Search Pending Case For Add Supporting Document/Reference No'

2018-12-13 15:44:06 - [MESSAGE][PASSED] - Keys 'CUN122018C200001739' sent to object: 'Object Repository/Final Object Repo/Page_MyASSIST - ASSIST - Search Pending Case For Add Supporting Document/Reference No'

2018-12-13 15:44:06 - [TEST_STEP][PASSED] - click: Object: 'Object Repository/Final Object Repo/Page_MyASSIST - ASSIST - Search Pending Case For Add Supporting Document/Search Reference No' is clicked on

2018-12-13 15:44:06 - [MESSAGE][PASSED] - Object: 'Object Repository/Final Object Repo/Page_MyASSIST - ASSIST - Search Pending Case For Add Supporting Document/Search Reference No' is clicked on

2018-12-13 15:44:06 - [TEST_STEP][PASSED] - delay: Delayed 2 second(s)

2018-12-13 15:44:08 - [MESSAGE][PASSED] - Delayed 2 second(s)

2018-12-13 15:44:08 - [TEST_STEP][PASSED] - click: Object: 'Object Repository/Final Object Repo/Page_MyASSIST - ASSIST - Search Pending Case For Add Supporting Document/Continue' is clicked on

2018-12-13 15:44:12 - [MESSAGE][PASSED] - Object: 'Object Repository/Final Object Repo/Page_MyASSIST - ASSIST - Search Pending Case For Add Supporting Document/Continue' is clicked on

2018-12-13 15:44:12 - [TEST_STEP][PASSED] - delay: Delayed 20 second(s)

2018-12-13 15:44:32 - [MESSAGE][PASSED] - Delayed 20 second(s)

2018-12-13 15:44:32 - [MESSAGE][PASSED] - Call Test Case 'Test Cases/Final Aug 2018 - PKS Automation/Registration Module/Workflow/Login and Search Case For Workflow' successfully

2018-12-13 15:44:32 - [TEST_STEP][PASSED] - click: Object: 'Object Repository/Final Object Repo/Page_Form 1A - Cessation As Employer/Page_Form 1A - Cessation As Employer (Approve)/Save  Continue in Form 1A Page' is clicked on

2018-12-13 15:44:32 - [MESSAGE][PASSED] - Object: 'Object Repository/Final Object Repo/Page_Form 1A - Cessation As Employer/Page_Form 1A - Cessation As Employer (Approve)/Save  Continue in Form 1A Page' is clicked on

2018-12-13 15:44:32 - [TEST_STEP][PASSED] - delay: Delayed 2 second(s)

2018-12-13 15:44:34 - [MESSAGE][PASSED] - Delayed 2 second(s)

2018-12-13 15:44:34 - [TEST_STEP][PASSED] - click: Object: 'Object Repository/Final Object Repo/Page_Form 1A - Cessation As Employer/Employment Resign Date' is clicked on

2018-12-13 15:44:34 - [MESSAGE][PASSED] - Object: 'Object Repository/Final Object Repo/Page_Form 1A - Cessation As Employer/Employment Resign Date' is clicked on

2018-12-13 15:44:34 - [TEST_STEP][PASSED] - delay: Delayed 1 second(s)

2018-12-13 15:44:35 - [MESSAGE][PASSED] - Delayed 1 second(s)

2018-12-13 15:44:35 - [TEST_STEP][PASSED] - selectOptionByValue: All options with value '2030' are selected in object 'Object Repository/Final Object Repo/Page_Form 1A - Cessation As Employer/Employment Resign Date - Year' 

2018-12-13 15:44:35 - [MESSAGE][PASSED] - All options with value '2030' are selected in object 'Object Repository/Final Object Repo/Page_Form 1A - Cessation As Employer/Employment Resign Date - Year' 

2018-12-13 15:44:35 - [TEST_STEP][PASSED] - delay: Delayed 1 second(s)

2018-12-13 15:44:36 - [MESSAGE][PASSED] - Delayed 1 second(s)

2018-12-13 15:44:36 - [TEST_STEP][PASSED] - click: Object: 'Object Repository/Final Object Repo/Page_Form 1A - Cessation As Employer/Employment Resign Date - Year - Date' is clicked on

2018-12-13 15:44:36 - [MESSAGE][PASSED] - Object: 'Object Repository/Final Object Repo/Page_Form 1A - Cessation As Employer/Employment Resign Date - Year - Date' is clicked on

2018-12-13 15:44:36 - [TEST_STEP][PASSED] - delay: Delayed 2 second(s)

2018-12-13 15:44:38 - [MESSAGE][PASSED] - Delayed 2 second(s)

2018-12-13 15:44:38 - [TEST_STEP][PASSED] - click: Object: 'Object Repository/Final Object Repo/Page_Form 1A - Cessation As Employer/Page_Form 1A - Cessation As Employer (Approve)/Save  Continue in Update Add Employee Resigned Date Page' is clicked on

2018-12-13 15:44:39 - [MESSAGE][PASSED] - Object: 'Object Repository/Final Object Repo/Page_Form 1A - Cessation As Employer/Page_Form 1A - Cessation As Employer (Approve)/Save  Continue in Update Add Employee Resigned Date Page' is clicked on

2018-12-13 15:44:39 - [TEST_STEP][PASSED] - delay: Delayed 2 second(s)

2018-12-13 15:44:41 - [MESSAGE][PASSED] - Delayed 2 second(s)

2018-12-13 15:44:41 - [TEST_STEP][PASSED] - click: Object: 'Object Repository/Final Object Repo/Page_Form 1A - Cessation As Employer/Set Latest - Yes' is clicked on

2018-12-13 15:44:41 - [MESSAGE][PASSED] - Object: 'Object Repository/Final Object Repo/Page_Form 1A - Cessation As Employer/Set Latest - Yes' is clicked on

2018-12-13 15:44:41 - [TEST_STEP][PASSED] - delay: Delayed 2 second(s)

2018-12-13 15:44:43 - [MESSAGE][PASSED] - Delayed 2 second(s)

2018-12-13 15:44:43 - [TEST_STEP][PASSED] - click: Object: 'Object Repository/Final Object Repo/Page_Form 1A - Cessation As Employer/Page_Form 1A - Cessation As Employer (Approve)/Save  Contine in Uploading Document Page' is clicked on

2018-12-13 15:44:44 - [MESSAGE][PASSED] - Object: 'Object Repository/Final Object Repo/Page_Form 1A - Cessation As Employer/Page_Form 1A - Cessation As Employer (Approve)/Save  Contine in Uploading Document Page' is clicked on

2018-12-13 15:44:44 - [TEST_STEP][PASSED] - delay: Delayed 2 second(s)

2018-12-13 15:44:46 - [MESSAGE][PASSED] - Delayed 2 second(s)

2018-12-13 15:44:46 - [TEST_STEP][PASSED] - click: Object: 'Object Repository/Final Object Repo/Page_Form 1A - Cessation As Employer/Page_Form 1A - Cessation As Employer (Under enforcement)/Under enforcement' is clicked on

2018-12-13 15:44:49 - [MESSAGE][PASSED] - Object: 'Object Repository/Final Object Repo/Page_Form 1A - Cessation As Employer/Page_Form 1A - Cessation As Employer (Under enforcement)/Under enforcement' is clicked on

2018-12-13 15:44:49 - [TEST_STEP][PASSED] - delay: Delayed 2 second(s)

2018-12-13 15:44:51 - [MESSAGE][PASSED] - Delayed 2 second(s)

2018-12-13 15:44:51 - [TEST_STEP][PASSED] - setText: Text 'remark' is set on object 'Object Repository/Final Object Repo/Page_Form 1A - Cessation As Employer/Page_Form 1A - Cessation As Employer (Under enforcement)/Under enforcement - remark'

2018-12-13 15:44:51 - [MESSAGE][PASSED] - Text 'remark' is set on object 'Object Repository/Final Object Repo/Page_Form 1A - Cessation As Employer/Page_Form 1A - Cessation As Employer (Under enforcement)/Under enforcement - remark'

2018-12-13 15:44:51 - [TEST_STEP][PASSED] - delay: Delayed 2 second(s)

2018-12-13 15:44:53 - [MESSAGE][PASSED] - Delayed 2 second(s)

2018-12-13 15:44:53 - [TEST_STEP][PASSED] - click: Object: 'Object Repository/Final Object Repo/Page_Form 1A - Cessation As Employer/Page_Form 1A - Cessation As Employer (Under enforcement)/Save  Continue in Under enforcement Page' is clicked on

2018-12-13 15:44:53 - [MESSAGE][PASSED] - Object: 'Object Repository/Final Object Repo/Page_Form 1A - Cessation As Employer/Page_Form 1A - Cessation As Employer (Under enforcement)/Save  Continue in Under enforcement Page' is clicked on

2018-12-13 15:44:53 - [TEST_STEP][PASSED] - delay: Delayed 2 second(s)

2018-12-13 15:44:55 - [MESSAGE][PASSED] - Delayed 2 second(s)

2018-12-13 15:44:55 - [TEST_STEP][PASSED] - click: Object: 'Object Repository/Final Object Repo/Page_Form 1A - Cessation As Employer/Page_Form 1A - Cessation As Employer (Under enforcement)/Message The case is under enforcement' is clicked on

2018-12-13 15:44:57 - [MESSAGE][PASSED] - Object: 'Object Repository/Final Object Repo/Page_Form 1A - Cessation As Employer/Page_Form 1A - Cessation As Employer (Under enforcement)/Message The case is under enforcement' is clicked on

2018-12-13 15:44:57 - [MESSAGE][PASSED] - Call Test Case 'Test Cases/Final Aug 2018 - PKS Automation/Registration Module/Workflow/Form 1A - Cessation As Employer/Template/Form 1 A - Cessation As Employer (Under enforcement)' successfully]]></system-out>
         <system-err><![CDATA[]]></system-err>
      </testcase>
      <testcase name="Test Cases/Final Aug 2018 - PKS Automation/Registration Module/Workflow/Form 1A - Cessation As Employer/OTC to UO (Approve)" classname="Test Cases/Final Aug 2018 - PKS Automation/Registration Module/Workflow/Form 1A - Cessation As Employer/OTC to UO (Approve)" status="PASSED">
         <system-out><![CDATA[2018-12-13 15:44:57 - [TEST_CASE][PASSED] - Test Cases/Final Aug 2018 - PKS Automation/Registration Module/Workflow/Form 1A - Cessation As Employer/OTC to UO (Approve): Test Cases/Final Aug 2018 - PKS Automation/Registration Module/Workflow/Form 1A - Cessation As Employer/OTC to UO (Approve)

2018-12-13 15:44:57 - [TEST_STEP][PASSED] - callTestCase: Call Test Case 'Test Cases/Final Aug 2018 - PKS Automation/Registration Module/Workflow/Form 1A - Cessation As Employer/Template/Form 1 A - Cessation As Employer (OTC)' successfully

2018-12-13 15:44:57 - [TEST_CASE][PASSED] - Test Cases/Final Aug 2018 - PKS Automation/Registration Module/Workflow/Form 1A - Cessation As Employer/Template/Form 1 A - Cessation As Employer (OTC): Test Cases/Final Aug 2018 - PKS Automation/Registration Module/Workflow/Form 1A - Cessation As Employer/Template/Form 1 A - Cessation As Employer (OTC)

2018-12-13 15:44:57 - [TEST_STEP][PASSED] - openBrowser: Browser is opened with url: ''

2018-12-13 15:44:57 - [MESSAGE][WARNING] - A browser is already opened. Closing browser and opening a new one

2018-12-13 15:45:00 - [MESSAGE][PASSED] - Browser is opened with url: ''

2018-12-13 15:45:00 - [TEST_STEP][PASSED] - navigateToUrl: Navigate to 'https://assist2-uat.perkeso.gov.my/login' successfully

2018-12-13 15:45:01 - [MESSAGE][PASSED] - Navigate to 'https://assist2-uat.perkeso.gov.my/login' successfully

2018-12-13 15:45:01 - [TEST_STEP][PASSED] - setText: Text 'johorotc1@gmail.com' is set on object 'Object Repository/Final Object Repo/Login Page/Internal User/Email Address'

2018-12-13 15:45:01 - [MESSAGE][PASSED] - Text 'johorotc1@gmail.com' is set on object 'Object Repository/Final Object Repo/Login Page/Internal User/Email Address'

2018-12-13 15:45:01 - [TEST_STEP][PASSED] - click: Object: 'Object Repository/Final Object Repo/Login Page/Internal User/Next Button' is clicked on

2018-12-13 15:45:02 - [MESSAGE][PASSED] - Object: 'Object Repository/Final Object Repo/Login Page/Internal User/Next Button' is clicked on

2018-12-13 15:45:02 - [TEST_STEP][PASSED] - delay: Delayed 1 second(s)

2018-12-13 15:45:03 - [MESSAGE][PASSED] - Delayed 1 second(s)

2018-12-13 15:45:03 - [TEST_STEP][PASSED] - setEncryptedText: Text ****** has been set on object 'Object Repository/Final Object Repo/Login Page/Internal User/Password'

2018-12-13 15:45:03 - [MESSAGE][PASSED] - Text ****** has been set on object 'Object Repository/Final Object Repo/Login Page/Internal User/Password'

2018-12-13 15:45:03 - [TEST_STEP][PASSED] - click: Object: 'Object Repository/Final Object Repo/Login Page/Internal User/Login Button' is clicked on

2018-12-13 15:45:03 - [MESSAGE][PASSED] - Object: 'Object Repository/Final Object Repo/Login Page/Internal User/Login Button' is clicked on

2018-12-13 15:45:03 - [TEST_STEP][PASSED] - delay: Delayed 1 second(s)

2018-12-13 15:45:04 - [MESSAGE][PASSED] - Delayed 1 second(s)

2018-12-13 15:45:04 - [TEST_STEP][PASSED] - Statement - Try: Delayed 2 second(s)

2018-12-13 15:45:04 - [TEST_STEP][PASSED] - Statement - Checker = false: null

2018-12-13 15:45:04 - [TEST_STEP][PASSED] - Statement - Checker = com.kms.katalon.core.webui.keyword.WebUiBuiltInKeywords.verifyElementHasAttribute(com.kms.katalon.core.testobject.ObjectRepository.findTestObject(Final Object Repo/Landing Page/BM Detecting), "href", 20, OPTIONAL): Object 'Object Repository/Final Object Repo/Landing Page/BM Detecting' has attribute 'href'

2018-12-13 15:45:05 - [MESSAGE][PASSED] - Object 'Object Repository/Final Object Repo/Landing Page/BM Detecting' has attribute 'href'

2018-12-13 15:45:05 - [TEST_STEP][PASSED] - Statement - out.println(Checker): null

2018-12-13 15:45:05 - [TEST_STEP][PASSED] - Statement - If (Checker == false): null

2018-12-13 15:45:05 - [TEST_STEP][PASSED] - Statement - Else: null

2018-12-13 15:45:05 - [TEST_STEP][PASSED] - delay: Delayed 2 second(s)

2018-12-13 15:45:07 - [MESSAGE][PASSED] - Delayed 2 second(s)

2018-12-13 15:45:07 - [TEST_STEP][PASSED] - navigateToUrl: Navigate to 'https://assist2-uat.perkeso.gov.my/web/registration/update/form-1a-cessation-as-employer-discontinue-business-' successfully

2018-12-13 15:45:08 - [MESSAGE][PASSED] - Navigate to 'https://assist2-uat.perkeso.gov.my/web/registration/update/form-1a-cessation-as-employer-discontinue-business-' successfully

2018-12-13 15:45:08 - [TEST_STEP][PASSED] - setText: Text 'E1102069770Z' is set on object 'Object Repository/Final Object Repo/Page_Update Employer Information/Employer Code'

2018-12-13 15:45:08 - [MESSAGE][PASSED] - Text 'E1102069770Z' is set on object 'Object Repository/Final Object Repo/Page_Update Employer Information/Employer Code'

2018-12-13 15:45:08 - [TEST_STEP][PASSED] - click: Object: 'Object Repository/Final Object Repo/Page_Update Employer Information/Search Button' is clicked on

2018-12-13 15:45:09 - [MESSAGE][PASSED] - Object: 'Object Repository/Final Object Repo/Page_Update Employer Information/Search Button' is clicked on

2018-12-13 15:45:09 - [TEST_STEP][PASSED] - click: Object: 'Object Repository/Final Object Repo/Page_Update Employer Information/Edit Button' is clicked on

2018-12-13 15:45:11 - [MESSAGE][PASSED] - Object: 'Object Repository/Final Object Repo/Page_Update Employer Information/Edit Button' is clicked on

2018-12-13 15:45:11 - [TEST_STEP][PASSED] - Statement - abc = com.kms.katalon.core.webui.keyword.WebUiBuiltInKeywords.getAttribute(com.kms.katalon.core.testobject.ObjectRepository.findTestObject(Final Object Repo/Page_Form 1A - Cessation As Employer/Employer Status), "value"): Attribute 'value' of object 'Object Repository/Final Object Repo/Page_Form 1A - Cessation As Employer/Employer Status' is: 'Dormant'

2018-12-13 15:45:11 - [MESSAGE][PASSED] - Attribute 'value' of object 'Object Repository/Final Object Repo/Page_Form 1A - Cessation As Employer/Employer Status' is: 'Dormant'

2018-12-13 15:45:11 - [TEST_STEP][PASSED] - Statement - out.println(abc): null

2018-12-13 15:45:11 - [TEST_STEP][PASSED] - Statement - If (abc == "Active"): null

2018-12-13 15:45:11 - [TEST_STEP][PASSED] - Statement - Else If (abc == "Cancel"): null

2018-12-13 15:45:11 - [TEST_STEP][PASSED] - Statement - Else If (abc == "Dormant"): Object: 'Object Repository/Final Object Repo/Page_Form 1A - Cessation As Employer/Change Employer Status to - Dormant' is clicked on

2018-12-13 15:45:11 - [TEST_STEP][PASSED] - click: Object: 'Object Repository/Final Object Repo/Page_Form 1A - Cessation As Employer/Change Employer Status to' is clicked on

2018-12-13 15:45:11 - [MESSAGE][PASSED] - Object: 'Object Repository/Final Object Repo/Page_Form 1A - Cessation As Employer/Change Employer Status to' is clicked on

2018-12-13 15:45:11 - [TEST_STEP][PASSED] - click: Object: 'Object Repository/Final Object Repo/Page_Form 1A - Cessation As Employer/Change Employer Status to - Dormant' is clicked on

2018-12-13 15:45:12 - [MESSAGE][PASSED] - Object: 'Object Repository/Final Object Repo/Page_Form 1A - Cessation As Employer/Change Employer Status to - Dormant' is clicked on

2018-12-13 15:45:12 - [TEST_STEP][PASSED] - click: Object: 'Object Repository/Final Object Repo/Page_Form 1A - Cessation As Employer/Calender' is clicked on

2018-12-13 15:45:12 - [MESSAGE][PASSED] - Object: 'Object Repository/Final Object Repo/Page_Form 1A - Cessation As Employer/Calender' is clicked on

2018-12-13 15:45:12 - [TEST_STEP][PASSED] - click: Object: 'Object Repository/Final Object Repo/Page_Form 1A - Cessation As Employer/Calender - Date' is clicked on

2018-12-13 15:45:12 - [MESSAGE][PASSED] - Object: 'Object Repository/Final Object Repo/Page_Form 1A - Cessation As Employer/Calender - Date' is clicked on

2018-12-13 15:45:12 - [TEST_STEP][PASSED] - delay: Delayed 2 second(s)

2018-12-13 15:45:14 - [MESSAGE][PASSED] - Delayed 2 second(s)

2018-12-13 15:45:14 - [TEST_STEP][PASSED] - click: Object: 'Object Repository/Final Object Repo/Page_Form 1A - Cessation As Employer/Save  Continue in Form 1A Page' is clicked on

2018-12-13 15:45:14 - [MESSAGE][PASSED] - Object: 'Object Repository/Final Object Repo/Page_Form 1A - Cessation As Employer/Save  Continue in Form 1A Page' is clicked on

2018-12-13 15:45:14 - [TEST_STEP][PASSED] - delay: Delayed 2 second(s)

2018-12-13 15:45:16 - [MESSAGE][PASSED] - Delayed 2 second(s)

2018-12-13 15:45:16 - [TEST_STEP][PASSED] - click: Object: 'Object Repository/Final Object Repo/Page_Form 1A - Cessation As Employer/Employment Resign Date' is clicked on

2018-12-13 15:45:18 - [MESSAGE][PASSED] - Object: 'Object Repository/Final Object Repo/Page_Form 1A - Cessation As Employer/Employment Resign Date' is clicked on

2018-12-13 15:45:18 - [TEST_STEP][PASSED] - delay: Delayed 1 second(s)

2018-12-13 15:45:19 - [MESSAGE][PASSED] - Delayed 1 second(s)

2018-12-13 15:45:19 - [TEST_STEP][PASSED] - Statement - CaseReferenceNo = com.kms.katalon.core.webui.keyword.WebUiBuiltInKeywords.getText(com.kms.katalon.core.testobject.ObjectRepository.findTestObject(Final Object Repo/Page_Update Employer Information/Reference Number in Update Employee Information Page)): Text of object 'Object Repository/Final Object Repo/Page_Update Employer Information/Reference Number in Update Employee Information Page' is: 'CUN122018C200001740'

2018-12-13 15:45:19 - [MESSAGE][PASSED] - Text of object 'Object Repository/Final Object Repo/Page_Update Employer Information/Reference Number in Update Employee Information Page' is: 'CUN122018C200001740'

2018-12-13 15:45:19 - [TEST_STEP][PASSED] - callTestCase: Call Test Case 'Test Cases/Final Aug 2018 - PKS Automation/Common/Reference Number Setter' successfully

2018-12-13 15:45:19 - [TEST_CASE][PASSED] - Test Cases/Final Aug 2018 - PKS Automation/Common/Reference Number Setter: Test Cases/Final Aug 2018 - PKS Automation/Common/Reference Number Setter

2018-12-13 15:45:19 - [TEST_STEP][PASSED] - Statement - RefNoOldFile = new java.io.File(C://Users//Admin//Desktop//PKS//Automation Reference Point//KatalonReference.txt): null

2018-12-13 15:45:19 - [TEST_STEP][PASSED] - Statement - RefNoOldFile.delete(): null

2018-12-13 15:45:19 - [TEST_STEP][PASSED] - delay: Delayed 5 second(s)

2018-12-13 15:45:24 - [MESSAGE][PASSED] - Delayed 5 second(s)

2018-12-13 15:45:24 - [TEST_STEP][PASSED] - Statement - RefNo = new java.io.File(C://Users//Admin//Desktop//PKS//Automation Reference Point//KatalonReference.txt): null

2018-12-13 15:45:24 - [TEST_STEP][PASSED] - Statement - f2 = new java.io.FileWriter(RefNo, false): null

2018-12-13 15:45:24 - [TEST_STEP][PASSED] - Statement - f2.write(CaseReferenceNo): null

2018-12-13 15:45:24 - [TEST_STEP][PASSED] - Statement - f2.close(): null

2018-12-13 15:45:24 - [TEST_STEP][PASSED] - Statement - out.println("


" + CaseReferenceNo + "


"): null

2018-12-13 15:45:24 - [MESSAGE][PASSED] - Call Test Case 'Test Cases/Final Aug 2018 - PKS Automation/Common/Reference Number Setter' successfully

2018-12-13 15:45:24 - [TEST_STEP][PASSED] - selectOptionByValue: All options with value '2030' are selected in object 'Object Repository/Final Object Repo/Page_Form 1A - Cessation As Employer/Employment Resign Date - Year' 

2018-12-13 15:45:24 - [MESSAGE][PASSED] - All options with value '2030' are selected in object 'Object Repository/Final Object Repo/Page_Form 1A - Cessation As Employer/Employment Resign Date - Year' 

2018-12-13 15:45:24 - [TEST_STEP][PASSED] - delay: Delayed 1 second(s)

2018-12-13 15:45:25 - [MESSAGE][PASSED] - Delayed 1 second(s)

2018-12-13 15:45:25 - [TEST_STEP][PASSED] - click: Object: 'Object Repository/Final Object Repo/Page_Form 1A - Cessation As Employer/Employment Resign Date - Year - Date' is clicked on

2018-12-13 15:45:25 - [MESSAGE][PASSED] - Object: 'Object Repository/Final Object Repo/Page_Form 1A - Cessation As Employer/Employment Resign Date - Year - Date' is clicked on

2018-12-13 15:45:25 - [TEST_STEP][PASSED] - delay: Delayed 2 second(s)

2018-12-13 15:45:27 - [MESSAGE][PASSED] - Delayed 2 second(s)

2018-12-13 15:45:27 - [TEST_STEP][PASSED] - click: Object: 'Object Repository/Final Object Repo/Page_Form 1A - Cessation As Employer/Save  Continue in Update Add Employee Resigned Date Page' is clicked on

2018-12-13 15:45:27 - [MESSAGE][PASSED] - Object: 'Object Repository/Final Object Repo/Page_Form 1A - Cessation As Employer/Save  Continue in Update Add Employee Resigned Date Page' is clicked on

2018-12-13 15:45:27 - [TEST_STEP][PASSED] - delay: Delayed 2 second(s)

2018-12-13 15:45:29 - [MESSAGE][PASSED] - Delayed 2 second(s)

2018-12-13 15:45:29 - [TEST_STEP][PASSED] - click: Object: 'Object Repository/Final Object Repo/Page_Form 1A - Cessation As Employer/Set Latest - Yes' is clicked on

2018-12-13 15:45:30 - [MESSAGE][PASSED] - Object: 'Object Repository/Final Object Repo/Page_Form 1A - Cessation As Employer/Set Latest - Yes' is clicked on

2018-12-13 15:45:30 - [TEST_STEP][PASSED] - delay: Delayed 2 second(s)

2018-12-13 15:45:32 - [MESSAGE][PASSED] - Delayed 2 second(s)

2018-12-13 15:45:32 - [TEST_STEP][PASSED] - click: Object: 'Object Repository/Final Object Repo/Page_Form 1A - Cessation As Employer/Add Document' is clicked on

2018-12-13 15:45:34 - [MESSAGE][PASSED] - Object: 'Object Repository/Final Object Repo/Page_Form 1A - Cessation As Employer/Add Document' is clicked on

2018-12-13 15:45:34 - [TEST_STEP][PASSED] - delay: Delayed 2 second(s)

2018-12-13 15:45:36 - [MESSAGE][PASSED] - Delayed 2 second(s)

2018-12-13 15:45:36 - [TEST_STEP][PASSED] - click: Object: 'Object Repository/Final Object Repo/Page_Form 1A - Cessation As Employer/Document Type' is clicked on

2018-12-13 15:45:37 - [MESSAGE][PASSED] - Object: 'Object Repository/Final Object Repo/Page_Form 1A - Cessation As Employer/Document Type' is clicked on

2018-12-13 15:45:37 - [TEST_STEP][PASSED] - delay: Delayed 2 second(s)

2018-12-13 15:45:39 - [MESSAGE][PASSED] - Delayed 2 second(s)

2018-12-13 15:45:39 - [TEST_STEP][PASSED] - click: Object: 'Object Repository/Final Object Repo/Page_Form 1A - Cessation As Employer/Document Type - Supporting Document For Cessation' is clicked on

2018-12-13 15:45:39 - [MESSAGE][PASSED] - Object: 'Object Repository/Final Object Repo/Page_Form 1A - Cessation As Employer/Document Type - Supporting Document For Cessation' is clicked on

2018-12-13 15:45:39 - [TEST_STEP][PASSED] - delay: Delayed 2 second(s)

2018-12-13 15:45:41 - [MESSAGE][PASSED] - Delayed 2 second(s)

2018-12-13 15:45:41 - [TEST_STEP][PASSED] - sendKeys: Keys 'C:\Users\Public\Pictures\Sample Pictures\Koala.jpg' sent to object: 'Object Repository/Final Object Repo/Page_Form 1A - Cessation As Employer/Uploading File'

2018-12-13 15:45:41 - [MESSAGE][PASSED] - Keys 'C:\Users\Public\Pictures\Sample Pictures\Koala.jpg' sent to object: 'Object Repository/Final Object Repo/Page_Form 1A - Cessation As Employer/Uploading File'

2018-12-13 15:45:41 - [TEST_STEP][PASSED] - delay: Delayed 2 second(s)

2018-12-13 15:45:43 - [MESSAGE][PASSED] - Delayed 2 second(s)

2018-12-13 15:45:43 - [TEST_STEP][PASSED] - click: Object: 'Object Repository/Final Object Repo/Page_Form 1A - Cessation As Employer/Add Document in Uploading Page' is clicked on

2018-12-13 15:45:43 - [MESSAGE][PASSED] - Object: 'Object Repository/Final Object Repo/Page_Form 1A - Cessation As Employer/Add Document in Uploading Page' is clicked on

2018-12-13 15:45:43 - [TEST_STEP][PASSED] - delay: Delayed 20 second(s)

2018-12-13 15:46:03 - [MESSAGE][PASSED] - Delayed 20 second(s)

2018-12-13 15:46:03 - [TEST_STEP][PASSED] - click: Object: 'Object Repository/Final Object Repo/Page_Form 1A - Cessation As Employer/Save  Continue in Uploading Page' is clicked on

2018-12-13 15:46:04 - [MESSAGE][PASSED] - Object: 'Object Repository/Final Object Repo/Page_Form 1A - Cessation As Employer/Save  Continue in Uploading Page' is clicked on

2018-12-13 15:46:04 - [TEST_STEP][PASSED] - delay: Delayed 2 second(s)

2018-12-13 15:46:06 - [MESSAGE][PASSED] - Delayed 2 second(s)

2018-12-13 15:46:06 - [TEST_STEP][PASSED] - click: Object: 'Object Repository/Final Object Repo/Page_Form 1A - Cessation As Employer/Submit2' is clicked on

2018-12-13 15:46:09 - [MESSAGE][PASSED] - Object: 'Object Repository/Final Object Repo/Page_Form 1A - Cessation As Employer/Submit2' is clicked on

2018-12-13 15:46:09 - [TEST_STEP][PASSED] - delay: Delayed 2 second(s)

2018-12-13 15:46:11 - [MESSAGE][PASSED] - Delayed 2 second(s)

2018-12-13 15:46:11 - [TEST_STEP][PASSED] - click: Object: 'Object Repository/Final Object Repo/Page_Form 1A - Cessation As Employer/Confirm' is clicked on

2018-12-13 15:46:11 - [MESSAGE][PASSED] - Object: 'Object Repository/Final Object Repo/Page_Form 1A - Cessation As Employer/Confirm' is clicked on

2018-12-13 15:46:11 - [TEST_STEP][PASSED] - delay: Delayed 2 second(s)

2018-12-13 15:46:13 - [MESSAGE][PASSED] - Delayed 2 second(s)

2018-12-13 15:46:13 - [TEST_STEP][PASSED] - verifyElementVisible: Object 'Object Repository/Final Object Repo/Page_Form 1A - Cessation As Employer/Message Your Request will be routed to UO' is visible

2018-12-13 15:46:17 - [MESSAGE][PASSED] - Object 'Object Repository/Final Object Repo/Page_Form 1A - Cessation As Employer/Message Your Request will be routed to UO' is visible

2018-12-13 15:46:17 - [TEST_STEP][PASSED] - delay: Delayed 1 second(s)

2018-12-13 15:46:18 - [MESSAGE][PASSED] - Delayed 1 second(s)

2018-12-13 15:46:18 - [TEST_STEP][PASSED] - verifyElementVisible: Object 'Object Repository/Final Object Repo/Page_Form 1A - Cessation As Employer/Letter of acknowledgement' is visible

2018-12-13 15:46:18 - [MESSAGE][PASSED] - Object 'Object Repository/Final Object Repo/Page_Form 1A - Cessation As Employer/Letter of acknowledgement' is visible

2018-12-13 15:46:18 - [MESSAGE][PASSED] - Call Test Case 'Test Cases/Final Aug 2018 - PKS Automation/Registration Module/Workflow/Form 1A - Cessation As Employer/Template/Form 1 A - Cessation As Employer (OTC)' successfully

2018-12-13 15:46:18 - [TEST_STEP][PASSED] - callTestCase: Call Test Case 'Test Cases/Final Aug 2018 - PKS Automation/Registration Module/Workflow/Form 1A - Cessation As Employer/Template/Form 1 A - Cessation As Employer (Approve)' successfully

2018-12-13 15:46:18 - [TEST_CASE][PASSED] - Test Cases/Final Aug 2018 - PKS Automation/Registration Module/Workflow/Form 1A - Cessation As Employer/Template/Form 1 A - Cessation As Employer (Approve): Test Cases/Final Aug 2018 - PKS Automation/Registration Module/Workflow/Form 1A - Cessation As Employer/Template/Form 1 A - Cessation As Employer (Approve)

2018-12-13 15:46:18 - [TEST_STEP][NOT_RUN] - callTestCase: NOT_RUN: callTestCase

2018-12-13 15:46:18 - [MESSAGE][NOT_RUN] - NOT_RUN: callTestCase

2018-12-13 15:46:18 - [TEST_STEP][PASSED] - delay: Delayed 1 second(s)

2018-12-13 15:46:19 - [MESSAGE][PASSED] - Delayed 1 second(s)

2018-12-13 15:46:19 - [TEST_STEP][PASSED] - navigateToUrl: Navigate to 'https://assist2-uat.perkeso.gov.my/c/portal/logout' successfully

2018-12-13 15:46:19 - [MESSAGE][PASSED] - Navigate to 'https://assist2-uat.perkeso.gov.my/c/portal/logout' successfully

2018-12-13 15:46:19 - [TEST_STEP][PASSED] - delay: Delayed 1 second(s)

2018-12-13 15:46:20 - [MESSAGE][PASSED] - Delayed 1 second(s)

2018-12-13 15:46:20 - [TEST_STEP][PASSED] - callTestCase: Call Test Case 'Test Cases/Final Aug 2018 - PKS Automation/Common/Reference Number Getter' successfully

2018-12-13 15:46:21 - [TEST_CASE][PASSED] - Test Cases/Final Aug 2018 - PKS Automation/Common/Reference Number Getter: Test Cases/Final Aug 2018 - PKS Automation/Common/Reference Number Getter

2018-12-13 15:46:21 - [TEST_STEP][PASSED] - Statement - Try: null

2018-12-13 15:46:21 - [TEST_STEP][PASSED] - Statement - RefNo = new java.io.File(C://Users//Admin//Desktop//PKS//Automation Reference Point//KatalonReference.txt): null

2018-12-13 15:46:21 - [TEST_STEP][PASSED] - Statement - bufferread = new java.io.BufferedReader(new java.io.FileReader(RefNo)): null

2018-12-13 15:46:21 - [TEST_STEP][PASSED] - Statement - readedVal = bufferread.readLine(): null

2018-12-13 15:46:21 - [TEST_STEP][PASSED] - Statement - out.println(CaseReferenceNo): null

2018-12-13 15:46:21 - [TEST_STEP][PASSED] - Statement - out.println(readedVal): null

2018-12-13 15:46:21 - [TEST_STEP][PASSED] - Statement - CaseReferenceNo = "": null

2018-12-13 15:46:21 - [TEST_STEP][PASSED] - Statement - CaseReferenceNo = readedVal: null

2018-12-13 15:46:21 - [MESSAGE][PASSED] - Call Test Case 'Test Cases/Final Aug 2018 - PKS Automation/Common/Reference Number Getter' successfully

2018-12-13 15:46:21 - [TEST_STEP][PASSED] - callTestCase: Call Test Case 'Test Cases/Final Aug 2018 - PKS Automation/Common/Workflow Owner Finder' successfully

2018-12-13 15:46:21 - [TEST_CASE][PASSED] - Test Cases/Final Aug 2018 - PKS Automation/Common/Workflow Owner Finder: Test Cases/Final Aug 2018 - PKS Automation/Common/Workflow Owner Finder

2018-12-13 15:46:21 - [TEST_STEP][PASSED] - openBrowser: Browser is opened with url: ''

2018-12-13 15:46:21 - [MESSAGE][WARNING] - A browser is already opened. Closing browser and opening a new one

2018-12-13 15:46:23 - [MESSAGE][PASSED] - Browser is opened with url: ''

2018-12-13 15:46:23 - [TEST_STEP][PASSED] - navigateToUrl: Navigate to 'https://assist2-uat.perkeso.gov.my/login' successfully

2018-12-13 15:46:25 - [MESSAGE][PASSED] - Navigate to 'https://assist2-uat.perkeso.gov.my/login' successfully

2018-12-13 15:46:25 - [TEST_STEP][PASSED] - delay: Delayed 5 second(s)

2018-12-13 15:46:30 - [MESSAGE][PASSED] - Delayed 5 second(s)

2018-12-13 15:46:30 - [TEST_STEP][PASSED] - setText: Text 'test@liferay.com' is set on object 'Object Repository/Final Object Repo/Login Page/Internal User/Email Address'

2018-12-13 15:46:30 - [MESSAGE][PASSED] - Text 'test@liferay.com' is set on object 'Object Repository/Final Object Repo/Login Page/Internal User/Email Address'

2018-12-13 15:46:30 - [TEST_STEP][PASSED] - click: Object: 'Object Repository/Final Object Repo/Login Page/Internal User/Next Button' is clicked on

2018-12-13 15:46:30 - [MESSAGE][PASSED] - Object: 'Object Repository/Final Object Repo/Login Page/Internal User/Next Button' is clicked on

2018-12-13 15:46:30 - [TEST_STEP][PASSED] - delay: Delayed 2 second(s)

2018-12-13 15:46:32 - [MESSAGE][PASSED] - Delayed 2 second(s)

2018-12-13 15:46:32 - [TEST_STEP][PASSED] - setText: Text 'test' is set on object 'Object Repository/Final Object Repo/Login Page/Internal User/Password'

2018-12-13 15:46:32 - [MESSAGE][PASSED] - Text 'test' is set on object 'Object Repository/Final Object Repo/Login Page/Internal User/Password'

2018-12-13 15:46:32 - [TEST_STEP][PASSED] - delay: Delayed 2 second(s)

2018-12-13 15:46:34 - [MESSAGE][PASSED] - Delayed 2 second(s)

2018-12-13 15:46:34 - [TEST_STEP][PASSED] - click: Object: 'Object Repository/Final Object Repo/Login Page/Internal User/Login Button' is clicked on

2018-12-13 15:46:34 - [MESSAGE][PASSED] - Object: 'Object Repository/Final Object Repo/Login Page/Internal User/Login Button' is clicked on

2018-12-13 15:46:34 - [TEST_STEP][PASSED] - Statement - tester = com.kms.katalon.core.testobject.ObjectRepository.findTestObject(Final Object Repo/Landing Page/Select to English): Finding Test Object with id 'Object Repository/Final Object Repo/Landing Page/Select to English'

2018-12-13 15:46:34 - [TEST_STEP][PASSED] - Statement - Try: Delayed 2 second(s)

2018-12-13 15:46:34 - [TEST_STEP][PASSED] - Statement - Checker = com.kms.katalon.core.webui.keyword.WebUiBuiltInKeywords.verifyElementNotPresent(tester, 3): Web element with id: 'Object Repository/Final Object Repo/Landing Page/Select to English' located by 'By.xpath: //a[@class = 'taglib-language-list-text' and @lang = 'en-US' and (contains(text(), 'EN') or contains(., 'EN'))]' is not present after '3' second(s)

2018-12-13 15:46:39 - [MESSAGE][PASSED] - Web element with id: 'Object Repository/Final Object Repo/Landing Page/Select to English' located by 'By.xpath: //a[@class = 'taglib-language-list-text' and @lang = 'en-US' and (contains(text(), 'EN') or contains(., 'EN'))]' is not present after '3' second(s)

2018-12-13 15:46:39 - [TEST_STEP][PASSED] - Statement - If (Checker == false): null

2018-12-13 15:46:39 - [TEST_STEP][PASSED] - delay: Delayed 2 second(s)

2018-12-13 15:46:41 - [MESSAGE][PASSED] - Delayed 2 second(s)

2018-12-13 15:46:41 - [TEST_STEP][PASSED] - delay: Delayed 5 second(s)

2018-12-13 15:46:46 - [MESSAGE][PASSED] - Delayed 5 second(s)

2018-12-13 15:46:46 - [TEST_STEP][PASSED] - mouseOver: Object: 'Object Repository/Final Object Repo/Landing Page/WorkFlow Menu' is hovered

2018-12-13 15:46:46 - [MESSAGE][PASSED] - Object: 'Object Repository/Final Object Repo/Landing Page/WorkFlow Menu' is hovered

2018-12-13 15:46:46 - [TEST_STEP][PASSED] - delay: Delayed 2 second(s)

2018-12-13 15:46:48 - [MESSAGE][PASSED] - Delayed 2 second(s)

2018-12-13 15:46:48 - [TEST_STEP][PASSED] - click: Object: 'Object Repository/Final Object Repo/Landing Page/Select to Workflow Listing' is clicked on

2018-12-13 15:46:49 - [MESSAGE][PASSED] - Object: 'Object Repository/Final Object Repo/Landing Page/Select to Workflow Listing' is clicked on

2018-12-13 15:46:49 - [TEST_STEP][PASSED] - delay: Delayed 2 second(s)

2018-12-13 15:46:51 - [MESSAGE][PASSED] - Delayed 2 second(s)

2018-12-13 15:46:51 - [TEST_STEP][PASSED] - click: Object: 'Object Repository/Final Object Repo/WorkFlow Listing Page/Search Information - To Put Ref No' is clicked on

2018-12-13 15:46:51 - [MESSAGE][PASSED] - Object: 'Object Repository/Final Object Repo/WorkFlow Listing Page/Search Information - To Put Ref No' is clicked on

2018-12-13 15:46:51 - [TEST_STEP][PASSED] - delay: Delayed 2 second(s)

2018-12-13 15:46:53 - [MESSAGE][PASSED] - Delayed 2 second(s)

2018-12-13 15:46:53 - [TEST_STEP][PASSED] - callTestCase: Call Test Case 'Test Cases/Final Aug 2018 - PKS Automation/Common/Reference Number Getter' successfully

2018-12-13 15:46:53 - [TEST_CASE][PASSED] - Test Cases/Final Aug 2018 - PKS Automation/Common/Reference Number Getter: Test Cases/Final Aug 2018 - PKS Automation/Common/Reference Number Getter

2018-12-13 15:46:53 - [TEST_STEP][PASSED] - Statement - Try: null

2018-12-13 15:46:53 - [TEST_STEP][PASSED] - Statement - RefNo = new java.io.File(C://Users//Admin//Desktop//PKS//Automation Reference Point//KatalonReference.txt): null

2018-12-13 15:46:53 - [TEST_STEP][PASSED] - Statement - bufferread = new java.io.BufferedReader(new java.io.FileReader(RefNo)): null

2018-12-13 15:46:53 - [TEST_STEP][PASSED] - Statement - readedVal = bufferread.readLine(): null

2018-12-13 15:46:53 - [TEST_STEP][PASSED] - Statement - out.println(CaseReferenceNo): null

2018-12-13 15:46:53 - [TEST_STEP][PASSED] - Statement - out.println(readedVal): null

2018-12-13 15:46:53 - [TEST_STEP][PASSED] - Statement - CaseReferenceNo = "": null

2018-12-13 15:46:53 - [TEST_STEP][PASSED] - Statement - CaseReferenceNo = readedVal: null

2018-12-13 15:46:53 - [MESSAGE][PASSED] - Call Test Case 'Test Cases/Final Aug 2018 - PKS Automation/Common/Reference Number Getter' successfully

2018-12-13 15:46:53 - [TEST_STEP][PASSED] - setText: Text 'CUN122018C200001740' is set on object 'Object Repository/Final Object Repo/WorkFlow Listing Page/Ref No Set Text'

2018-12-13 15:46:54 - [MESSAGE][PASSED] - Text 'CUN122018C200001740' is set on object 'Object Repository/Final Object Repo/WorkFlow Listing Page/Ref No Set Text'

2018-12-13 15:46:54 - [TEST_STEP][PASSED] - delay: Delayed 2 second(s)

2018-12-13 15:46:56 - [MESSAGE][PASSED] - Delayed 2 second(s)

2018-12-13 15:46:56 - [TEST_STEP][PASSED] - click: Object: 'Object Repository/Final Object Repo/WorkFlow Listing Page/Search Ref No Search Button' is clicked on

2018-12-13 15:46:56 - [MESSAGE][PASSED] - Object: 'Object Repository/Final Object Repo/WorkFlow Listing Page/Search Ref No Search Button' is clicked on

2018-12-13 15:46:56 - [TEST_STEP][PASSED] - delay: Delayed 6 second(s)

2018-12-13 15:47:02 - [MESSAGE][PASSED] - Delayed 6 second(s)

2018-12-13 15:47:02 - [TEST_STEP][PASSED] - click: Object: 'Object Repository/Final Object Repo/WorkFlow Listing Page/Click Continue Tooltip' is clicked on

2018-12-13 15:47:03 - [MESSAGE][PASSED] - Object: 'Object Repository/Final Object Repo/WorkFlow Listing Page/Click Continue Tooltip' is clicked on

2018-12-13 15:47:03 - [TEST_STEP][PASSED] - delay: Delayed 5 second(s)

2018-12-13 15:47:08 - [MESSAGE][PASSED] - Delayed 5 second(s)

2018-12-13 15:47:08 - [TEST_STEP][PASSED] - doubleClick: Object: 'Object Repository/Final Object Repo/WorkFlow Listing Page/Workflow Found - Listing 1' is double clicked on

2018-12-13 15:47:08 - [MESSAGE][PASSED] - Object: 'Object Repository/Final Object Repo/WorkFlow Listing Page/Workflow Found - Listing 1' is double clicked on

2018-12-13 15:47:08 - [TEST_STEP][PASSED] - Statement - println(OwnerID): null

2018-12-13 15:47:08 - [TEST_STEP][PASSED] - Statement - OwnerID = com.kms.katalon.core.webui.keyword.WebUiBuiltInKeywords.getText(com.kms.katalon.core.testobject.ObjectRepository.findTestObject(Final Object Repo/WorkFlow Listing Page/Workflow Found - Listing 1), STOP_ON_FAILURE): Text of object 'Object Repository/Final Object Repo/WorkFlow Listing Page/Workflow Found - Listing 1' is: 'JOHORuo1'

2018-12-13 15:47:08 - [MESSAGE][PASSED] - Text of object 'Object Repository/Final Object Repo/WorkFlow Listing Page/Workflow Found - Listing 1' is: 'JOHORuo1'

2018-12-13 15:47:08 - [TEST_STEP][PASSED] - Statement - OwnerID = OwnerID.toLowerCase() + "@gmail.com": null

2018-12-13 15:47:08 - [TEST_STEP][PASSED] - Statement - println(OwnerID): null

2018-12-13 15:47:08 - [TEST_STEP][PASSED] - delay: Delayed 2 second(s)

2018-12-13 15:47:10 - [MESSAGE][PASSED] - Delayed 2 second(s)

2018-12-13 15:47:10 - [MESSAGE][PASSED] - Call Test Case 'Test Cases/Final Aug 2018 - PKS Automation/Common/Workflow Owner Finder' successfully

2018-12-13 15:47:10 - [TEST_STEP][PASSED] - delay: Delayed 1 second(s)

2018-12-13 15:47:11 - [MESSAGE][PASSED] - Delayed 1 second(s)

2018-12-13 15:47:11 - [TEST_STEP][PASSED] - navigateToUrl: Navigate to 'https://assist2-uat.perkeso.gov.my/c/portal/logout' successfully

2018-12-13 15:47:12 - [MESSAGE][PASSED] - Navigate to 'https://assist2-uat.perkeso.gov.my/c/portal/logout' successfully

2018-12-13 15:47:12 - [TEST_STEP][PASSED] - delay: Delayed 1 second(s)

2018-12-13 15:47:13 - [MESSAGE][PASSED] - Delayed 1 second(s)

2018-12-13 15:47:13 - [TEST_STEP][PASSED] - callTestCase: Call Test Case 'Test Cases/Final Aug 2018 - PKS Automation/Registration Module/Workflow/Login and Search Case For Workflow' successfully

2018-12-13 15:47:13 - [TEST_CASE][PASSED] - Test Cases/Final Aug 2018 - PKS Automation/Registration Module/Workflow/Login and Search Case For Workflow: Test Cases/Final Aug 2018 - PKS Automation/Registration Module/Workflow/Login and Search Case For Workflow

2018-12-13 15:47:13 - [TEST_STEP][PASSED] - navigateToUrl: Navigate to 'https://assist2-uat.perkeso.gov.my/login' successfully

2018-12-13 15:47:13 - [MESSAGE][PASSED] - Navigate to 'https://assist2-uat.perkeso.gov.my/login' successfully

2018-12-13 15:47:13 - [TEST_STEP][PASSED] - setText: Text 'johoruo1@gmail.com' is set on object 'Object Repository/Final Object Repo/Login Page/Internal User/Email Address'

2018-12-13 15:47:14 - [MESSAGE][PASSED] - Text 'johoruo1@gmail.com' is set on object 'Object Repository/Final Object Repo/Login Page/Internal User/Email Address'

2018-12-13 15:47:14 - [TEST_STEP][PASSED] - click: Object: 'Object Repository/Final Object Repo/Login Page/Internal User/Next Button' is clicked on

2018-12-13 15:47:14 - [MESSAGE][PASSED] - Object: 'Object Repository/Final Object Repo/Login Page/Internal User/Next Button' is clicked on

2018-12-13 15:47:14 - [TEST_STEP][PASSED] - delay: Delayed 1 second(s)

2018-12-13 15:47:15 - [MESSAGE][PASSED] - Delayed 1 second(s)

2018-12-13 15:47:15 - [TEST_STEP][PASSED] - setEncryptedText: Text ****** has been set on object 'Object Repository/Final Object Repo/Login Page/Internal User/Password'

2018-12-13 15:47:15 - [MESSAGE][PASSED] - Text ****** has been set on object 'Object Repository/Final Object Repo/Login Page/Internal User/Password'

2018-12-13 15:47:15 - [TEST_STEP][PASSED] - click: Object: 'Object Repository/Final Object Repo/Login Page/Internal User/Login Button' is clicked on

2018-12-13 15:47:16 - [MESSAGE][PASSED] - Object: 'Object Repository/Final Object Repo/Login Page/Internal User/Login Button' is clicked on

2018-12-13 15:47:16 - [TEST_STEP][PASSED] - delay: Delayed 2 second(s)

2018-12-13 15:47:18 - [MESSAGE][PASSED] - Delayed 2 second(s)

2018-12-13 15:47:18 - [TEST_STEP][PASSED] - Statement - Try: Delayed 2 second(s)

2018-12-13 15:47:18 - [TEST_STEP][PASSED] - Statement - Checker = false: null

2018-12-13 15:47:18 - [TEST_STEP][PASSED] - Statement - Checker = com.kms.katalon.core.webui.keyword.WebUiBuiltInKeywords.verifyElementHasAttribute(com.kms.katalon.core.testobject.ObjectRepository.findTestObject(Final Object Repo/Landing Page/BM Detecting), "href", 20, OPTIONAL): Object 'Object Repository/Final Object Repo/Landing Page/BM Detecting' has attribute 'href'

2018-12-13 15:47:19 - [MESSAGE][PASSED] - Object 'Object Repository/Final Object Repo/Landing Page/BM Detecting' has attribute 'href'

2018-12-13 15:47:19 - [TEST_STEP][PASSED] - Statement - out.println(Checker): null

2018-12-13 15:47:19 - [TEST_STEP][PASSED] - Statement - If (Checker == false): null

2018-12-13 15:47:19 - [TEST_STEP][PASSED] - Statement - Else: null

2018-12-13 15:47:19 - [TEST_STEP][PASSED] - delay: Delayed 2 second(s)

2018-12-13 15:47:21 - [MESSAGE][PASSED] - Delayed 2 second(s)

2018-12-13 15:47:21 - [TEST_STEP][PASSED] - click: Object: 'Object Repository/Final Object Repo/Page_MyASSIST - ASSIST - Search Pending Case For Add Supporting Document/Search Information' is clicked on

2018-12-13 15:47:22 - [MESSAGE][PASSED] - Object: 'Object Repository/Final Object Repo/Page_MyASSIST - ASSIST - Search Pending Case For Add Supporting Document/Search Information' is clicked on

2018-12-13 15:47:22 - [TEST_STEP][PASSED] - delay: Delayed 3 second(s)

2018-12-13 15:47:25 - [MESSAGE][PASSED] - Delayed 3 second(s)

2018-12-13 15:47:25 - [TEST_STEP][PASSED] - sendKeys: Keys 'CUN122018C200001740' sent to object: 'Object Repository/Final Object Repo/Page_MyASSIST - ASSIST - Search Pending Case For Add Supporting Document/Reference No'

2018-12-13 15:47:25 - [MESSAGE][PASSED] - Keys 'CUN122018C200001740' sent to object: 'Object Repository/Final Object Repo/Page_MyASSIST - ASSIST - Search Pending Case For Add Supporting Document/Reference No'

2018-12-13 15:47:25 - [TEST_STEP][PASSED] - click: Object: 'Object Repository/Final Object Repo/Page_MyASSIST - ASSIST - Search Pending Case For Add Supporting Document/Search Reference No' is clicked on

2018-12-13 15:47:25 - [MESSAGE][PASSED] - Object: 'Object Repository/Final Object Repo/Page_MyASSIST - ASSIST - Search Pending Case For Add Supporting Document/Search Reference No' is clicked on

2018-12-13 15:47:25 - [TEST_STEP][PASSED] - delay: Delayed 2 second(s)

2018-12-13 15:47:27 - [MESSAGE][PASSED] - Delayed 2 second(s)

2018-12-13 15:47:27 - [TEST_STEP][PASSED] - click: Object: 'Object Repository/Final Object Repo/Page_MyASSIST - ASSIST - Search Pending Case For Add Supporting Document/Continue' is clicked on

2018-12-13 15:47:30 - [MESSAGE][PASSED] - Object: 'Object Repository/Final Object Repo/Page_MyASSIST - ASSIST - Search Pending Case For Add Supporting Document/Continue' is clicked on

2018-12-13 15:47:30 - [TEST_STEP][PASSED] - delay: Delayed 20 second(s)

2018-12-13 15:47:50 - [MESSAGE][PASSED] - Delayed 20 second(s)

2018-12-13 15:47:50 - [MESSAGE][PASSED] - Call Test Case 'Test Cases/Final Aug 2018 - PKS Automation/Registration Module/Workflow/Login and Search Case For Workflow' successfully

2018-12-13 15:47:50 - [TEST_STEP][PASSED] - click: Object: 'Object Repository/Final Object Repo/Page_Form 1A - Cessation As Employer/Page_Form 1A - Cessation As Employer (Approve)/Save  Continue in Form 1A Page' is clicked on

2018-12-13 15:47:51 - [MESSAGE][PASSED] - Object: 'Object Repository/Final Object Repo/Page_Form 1A - Cessation As Employer/Page_Form 1A - Cessation As Employer (Approve)/Save  Continue in Form 1A Page' is clicked on

2018-12-13 15:47:51 - [TEST_STEP][PASSED] - delay: Delayed 2 second(s)

2018-12-13 15:47:53 - [MESSAGE][PASSED] - Delayed 2 second(s)

2018-12-13 15:47:53 - [TEST_STEP][PASSED] - click: Object: 'Object Repository/Final Object Repo/Page_Form 1A - Cessation As Employer/Employment Resign Date' is clicked on

2018-12-13 15:47:53 - [MESSAGE][PASSED] - Object: 'Object Repository/Final Object Repo/Page_Form 1A - Cessation As Employer/Employment Resign Date' is clicked on

2018-12-13 15:47:53 - [TEST_STEP][PASSED] - delay: Delayed 1 second(s)

2018-12-13 15:47:54 - [MESSAGE][PASSED] - Delayed 1 second(s)

2018-12-13 15:47:54 - [TEST_STEP][PASSED] - selectOptionByValue: All options with value '2030' are selected in object 'Object Repository/Final Object Repo/Page_Form 1A - Cessation As Employer/Employment Resign Date - Year' 

2018-12-13 15:47:54 - [MESSAGE][PASSED] - All options with value '2030' are selected in object 'Object Repository/Final Object Repo/Page_Form 1A - Cessation As Employer/Employment Resign Date - Year' 

2018-12-13 15:47:54 - [TEST_STEP][PASSED] - delay: Delayed 1 second(s)

2018-12-13 15:47:55 - [MESSAGE][PASSED] - Delayed 1 second(s)

2018-12-13 15:47:55 - [TEST_STEP][PASSED] - click: Object: 'Object Repository/Final Object Repo/Page_Form 1A - Cessation As Employer/Employment Resign Date - Year - Date' is clicked on

2018-12-13 15:47:55 - [MESSAGE][PASSED] - Object: 'Object Repository/Final Object Repo/Page_Form 1A - Cessation As Employer/Employment Resign Date - Year - Date' is clicked on

2018-12-13 15:47:55 - [TEST_STEP][PASSED] - delay: Delayed 2 second(s)

2018-12-13 15:47:57 - [MESSAGE][PASSED] - Delayed 2 second(s)

2018-12-13 15:47:57 - [TEST_STEP][PASSED] - click: Object: 'Object Repository/Final Object Repo/Page_Form 1A - Cessation As Employer/Page_Form 1A - Cessation As Employer (Approve)/Save  Continue in Update Add Employee Resigned Date Page' is clicked on

2018-12-13 15:47:58 - [MESSAGE][PASSED] - Object: 'Object Repository/Final Object Repo/Page_Form 1A - Cessation As Employer/Page_Form 1A - Cessation As Employer (Approve)/Save  Continue in Update Add Employee Resigned Date Page' is clicked on

2018-12-13 15:47:58 - [TEST_STEP][PASSED] - delay: Delayed 2 second(s)

2018-12-13 15:48:00 - [MESSAGE][PASSED] - Delayed 2 second(s)

2018-12-13 15:48:00 - [TEST_STEP][PASSED] - click: Object: 'Object Repository/Final Object Repo/Page_Form 1A - Cessation As Employer/Set Latest - Yes' is clicked on

2018-12-13 15:48:00 - [MESSAGE][PASSED] - Object: 'Object Repository/Final Object Repo/Page_Form 1A - Cessation As Employer/Set Latest - Yes' is clicked on

2018-12-13 15:48:00 - [TEST_STEP][PASSED] - delay: Delayed 2 second(s)

2018-12-13 15:48:02 - [MESSAGE][PASSED] - Delayed 2 second(s)

2018-12-13 15:48:02 - [TEST_STEP][PASSED] - click: Object: 'Object Repository/Final Object Repo/Page_Form 1A - Cessation As Employer/Page_Form 1A - Cessation As Employer (Approve)/Save  Contine in Uploading Document Page' is clicked on

2018-12-13 15:48:03 - [MESSAGE][PASSED] - Object: 'Object Repository/Final Object Repo/Page_Form 1A - Cessation As Employer/Page_Form 1A - Cessation As Employer (Approve)/Save  Contine in Uploading Document Page' is clicked on

2018-12-13 15:48:03 - [TEST_STEP][PASSED] - delay: Delayed 2 second(s)

2018-12-13 15:48:05 - [MESSAGE][PASSED] - Delayed 2 second(s)

2018-12-13 15:48:05 - [TEST_STEP][PASSED] - click: Object: 'Object Repository/Final Object Repo/Page_Form 1A - Cessation As Employer/Page_Form 1A - Cessation As Employer (Approve)/Approve' is clicked on

2018-12-13 15:48:08 - [MESSAGE][PASSED] - Object: 'Object Repository/Final Object Repo/Page_Form 1A - Cessation As Employer/Page_Form 1A - Cessation As Employer (Approve)/Approve' is clicked on

2018-12-13 15:48:08 - [TEST_STEP][PASSED] - delay: Delayed 2 second(s)

2018-12-13 15:48:10 - [MESSAGE][PASSED] - Delayed 2 second(s)

2018-12-13 15:48:10 - [TEST_STEP][PASSED] - click: Object: 'Object Repository/Final Object Repo/Page_Form 1A - Cessation As Employer/Confirm' is clicked on

2018-12-13 15:48:10 - [MESSAGE][PASSED] - Object: 'Object Repository/Final Object Repo/Page_Form 1A - Cessation As Employer/Confirm' is clicked on

2018-12-13 15:48:10 - [TEST_STEP][PASSED] - delay: Delayed 2 second(s)

2018-12-13 15:48:12 - [MESSAGE][PASSED] - Delayed 2 second(s)

2018-12-13 15:48:12 - [TEST_STEP][PASSED] - click: Object: 'Object Repository/Final Object Repo/Page_Form 1A - Cessation As Employer/Page_Form 1A - Cessation As Employer (Approve)/Message Your Request    Form 1A ' is clicked on

2018-12-13 15:48:21 - [MESSAGE][PASSED] - Object: 'Object Repository/Final Object Repo/Page_Form 1A - Cessation As Employer/Page_Form 1A - Cessation As Employer (Approve)/Message Your Request    Form 1A ' is clicked on

2018-12-13 15:48:21 - [TEST_STEP][PASSED] - delay: Delayed 2 second(s)

2018-12-13 15:48:23 - [MESSAGE][PASSED] - Delayed 2 second(s)

2018-12-13 15:48:23 - [TEST_STEP][PASSED] - click: Object: 'Object Repository/Final Object Repo/Page_Form 1A - Cessation As Employer/Page_Form 1A - Cessation As Employer (Approve)/Letter of successful update' is clicked on

2018-12-13 15:48:24 - [MESSAGE][PASSED] - Object: 'Object Repository/Final Object Repo/Page_Form 1A - Cessation As Employer/Page_Form 1A - Cessation As Employer (Approve)/Letter of successful update' is clicked on

2018-12-13 15:48:24 - [MESSAGE][PASSED] - Call Test Case 'Test Cases/Final Aug 2018 - PKS Automation/Registration Module/Workflow/Form 1A - Cessation As Employer/Template/Form 1 A - Cessation As Employer (Approve)' successfully]]></system-out>
         <system-err><![CDATA[]]></system-err>
      </testcase>
      <testcase name="Test Cases/Final Aug 2018 - PKS Automation/Registration Module/Workflow/Form 1A - Cessation As Employer/OTC to UO (Query)" classname="Test Cases/Final Aug 2018 - PKS Automation/Registration Module/Workflow/Form 1A - Cessation As Employer/OTC to UO (Query)" status="PASSED">
         <system-out><![CDATA[2018-12-13 15:48:24 - [TEST_CASE][PASSED] - Test Cases/Final Aug 2018 - PKS Automation/Registration Module/Workflow/Form 1A - Cessation As Employer/OTC to UO (Query): Test Cases/Final Aug 2018 - PKS Automation/Registration Module/Workflow/Form 1A - Cessation As Employer/OTC to UO (Query)

2018-12-13 15:48:25 - [TEST_STEP][PASSED] - callTestCase: Call Test Case 'Test Cases/Final Aug 2018 - PKS Automation/Registration Module/Workflow/Form 1A - Cessation As Employer/Template/Form 1 A - Cessation As Employer (OTC)' successfully

2018-12-13 15:48:25 - [TEST_CASE][PASSED] - Test Cases/Final Aug 2018 - PKS Automation/Registration Module/Workflow/Form 1A - Cessation As Employer/Template/Form 1 A - Cessation As Employer (OTC): Test Cases/Final Aug 2018 - PKS Automation/Registration Module/Workflow/Form 1A - Cessation As Employer/Template/Form 1 A - Cessation As Employer (OTC)

2018-12-13 15:48:25 - [TEST_STEP][PASSED] - openBrowser: Browser is opened with url: ''

2018-12-13 15:48:25 - [MESSAGE][WARNING] - A browser is already opened. Closing browser and opening a new one

2018-12-13 15:48:28 - [MESSAGE][PASSED] - Browser is opened with url: ''

2018-12-13 15:48:28 - [TEST_STEP][PASSED] - navigateToUrl: Navigate to 'https://assist2-uat.perkeso.gov.my/login' successfully

2018-12-13 15:48:29 - [MESSAGE][PASSED] - Navigate to 'https://assist2-uat.perkeso.gov.my/login' successfully

2018-12-13 15:48:29 - [TEST_STEP][PASSED] - setText: Text 'johorotc1@gmail.com' is set on object 'Object Repository/Final Object Repo/Login Page/Internal User/Email Address'

2018-12-13 15:48:29 - [MESSAGE][PASSED] - Text 'johorotc1@gmail.com' is set on object 'Object Repository/Final Object Repo/Login Page/Internal User/Email Address'

2018-12-13 15:48:29 - [TEST_STEP][PASSED] - click: Object: 'Object Repository/Final Object Repo/Login Page/Internal User/Next Button' is clicked on

2018-12-13 15:48:29 - [MESSAGE][PASSED] - Object: 'Object Repository/Final Object Repo/Login Page/Internal User/Next Button' is clicked on

2018-12-13 15:48:30 - [TEST_STEP][PASSED] - delay: Delayed 1 second(s)

2018-12-13 15:48:31 - [MESSAGE][PASSED] - Delayed 1 second(s)

2018-12-13 15:48:31 - [TEST_STEP][PASSED] - setEncryptedText: Text ****** has been set on object 'Object Repository/Final Object Repo/Login Page/Internal User/Password'

2018-12-13 15:48:31 - [MESSAGE][PASSED] - Text ****** has been set on object 'Object Repository/Final Object Repo/Login Page/Internal User/Password'

2018-12-13 15:48:31 - [TEST_STEP][PASSED] - click: Object: 'Object Repository/Final Object Repo/Login Page/Internal User/Login Button' is clicked on

2018-12-13 15:48:31 - [MESSAGE][PASSED] - Object: 'Object Repository/Final Object Repo/Login Page/Internal User/Login Button' is clicked on

2018-12-13 15:48:31 - [TEST_STEP][PASSED] - delay: Delayed 1 second(s)

2018-12-13 15:48:32 - [MESSAGE][PASSED] - Delayed 1 second(s)

2018-12-13 15:48:32 - [TEST_STEP][PASSED] - Statement - Try: Delayed 2 second(s)

2018-12-13 15:48:32 - [TEST_STEP][PASSED] - Statement - Checker = false: null

2018-12-13 15:48:32 - [TEST_STEP][PASSED] - Statement - Checker = com.kms.katalon.core.webui.keyword.WebUiBuiltInKeywords.verifyElementHasAttribute(com.kms.katalon.core.testobject.ObjectRepository.findTestObject(Final Object Repo/Landing Page/BM Detecting), "href", 20, OPTIONAL): Object 'Object Repository/Final Object Repo/Landing Page/BM Detecting' has attribute 'href'

2018-12-13 15:48:33 - [MESSAGE][PASSED] - Object 'Object Repository/Final Object Repo/Landing Page/BM Detecting' has attribute 'href'

2018-12-13 15:48:33 - [TEST_STEP][PASSED] - Statement - out.println(Checker): null

2018-12-13 15:48:33 - [TEST_STEP][PASSED] - Statement - If (Checker == false): null

2018-12-13 15:48:33 - [TEST_STEP][PASSED] - Statement - Else: null

2018-12-13 15:48:33 - [TEST_STEP][PASSED] - delay: Delayed 2 second(s)

2018-12-13 15:48:35 - [MESSAGE][PASSED] - Delayed 2 second(s)

2018-12-13 15:48:35 - [TEST_STEP][PASSED] - navigateToUrl: Navigate to 'https://assist2-uat.perkeso.gov.my/web/registration/update/form-1a-cessation-as-employer-discontinue-business-' successfully

2018-12-13 15:48:36 - [MESSAGE][PASSED] - Navigate to 'https://assist2-uat.perkeso.gov.my/web/registration/update/form-1a-cessation-as-employer-discontinue-business-' successfully

2018-12-13 15:48:36 - [TEST_STEP][PASSED] - setText: Text 'E1102069770Z' is set on object 'Object Repository/Final Object Repo/Page_Update Employer Information/Employer Code'

2018-12-13 15:48:36 - [MESSAGE][PASSED] - Text 'E1102069770Z' is set on object 'Object Repository/Final Object Repo/Page_Update Employer Information/Employer Code'

2018-12-13 15:48:36 - [TEST_STEP][PASSED] - click: Object: 'Object Repository/Final Object Repo/Page_Update Employer Information/Search Button' is clicked on

2018-12-13 15:48:36 - [MESSAGE][PASSED] - Object: 'Object Repository/Final Object Repo/Page_Update Employer Information/Search Button' is clicked on

2018-12-13 15:48:36 - [TEST_STEP][PASSED] - click: Object: 'Object Repository/Final Object Repo/Page_Update Employer Information/Edit Button' is clicked on

2018-12-13 15:48:40 - [MESSAGE][PASSED] - Object: 'Object Repository/Final Object Repo/Page_Update Employer Information/Edit Button' is clicked on

2018-12-13 15:48:40 - [TEST_STEP][PASSED] - Statement - abc = com.kms.katalon.core.webui.keyword.WebUiBuiltInKeywords.getAttribute(com.kms.katalon.core.testobject.ObjectRepository.findTestObject(Final Object Repo/Page_Form 1A - Cessation As Employer/Employer Status), "value"): Attribute 'value' of object 'Object Repository/Final Object Repo/Page_Form 1A - Cessation As Employer/Employer Status' is: 'Dormant'

2018-12-13 15:48:40 - [MESSAGE][PASSED] - Attribute 'value' of object 'Object Repository/Final Object Repo/Page_Form 1A - Cessation As Employer/Employer Status' is: 'Dormant'

2018-12-13 15:48:40 - [TEST_STEP][PASSED] - Statement - out.println(abc): null

2018-12-13 15:48:40 - [TEST_STEP][PASSED] - Statement - If (abc == "Active"): null

2018-12-13 15:48:40 - [TEST_STEP][PASSED] - Statement - Else If (abc == "Cancel"): null

2018-12-13 15:48:40 - [TEST_STEP][PASSED] - Statement - Else If (abc == "Dormant"): Object: 'Object Repository/Final Object Repo/Page_Form 1A - Cessation As Employer/Change Employer Status to - Dormant' is clicked on

2018-12-13 15:48:40 - [TEST_STEP][PASSED] - click: Object: 'Object Repository/Final Object Repo/Page_Form 1A - Cessation As Employer/Change Employer Status to' is clicked on

2018-12-13 15:48:40 - [MESSAGE][PASSED] - Object: 'Object Repository/Final Object Repo/Page_Form 1A - Cessation As Employer/Change Employer Status to' is clicked on

2018-12-13 15:48:40 - [TEST_STEP][PASSED] - click: Object: 'Object Repository/Final Object Repo/Page_Form 1A - Cessation As Employer/Change Employer Status to - Dormant' is clicked on

2018-12-13 15:48:40 - [MESSAGE][PASSED] - Object: 'Object Repository/Final Object Repo/Page_Form 1A - Cessation As Employer/Change Employer Status to - Dormant' is clicked on

2018-12-13 15:48:40 - [TEST_STEP][PASSED] - click: Object: 'Object Repository/Final Object Repo/Page_Form 1A - Cessation As Employer/Calender' is clicked on

2018-12-13 15:48:40 - [MESSAGE][PASSED] - Object: 'Object Repository/Final Object Repo/Page_Form 1A - Cessation As Employer/Calender' is clicked on

2018-12-13 15:48:40 - [TEST_STEP][PASSED] - click: Object: 'Object Repository/Final Object Repo/Page_Form 1A - Cessation As Employer/Calender - Date' is clicked on

2018-12-13 15:48:41 - [MESSAGE][PASSED] - Object: 'Object Repository/Final Object Repo/Page_Form 1A - Cessation As Employer/Calender - Date' is clicked on

2018-12-13 15:48:41 - [TEST_STEP][PASSED] - delay: Delayed 2 second(s)

2018-12-13 15:48:43 - [MESSAGE][PASSED] - Delayed 2 second(s)

2018-12-13 15:48:43 - [TEST_STEP][PASSED] - click: Object: 'Object Repository/Final Object Repo/Page_Form 1A - Cessation As Employer/Save  Continue in Form 1A Page' is clicked on

2018-12-13 15:48:43 - [MESSAGE][PASSED] - Object: 'Object Repository/Final Object Repo/Page_Form 1A - Cessation As Employer/Save  Continue in Form 1A Page' is clicked on

2018-12-13 15:48:43 - [TEST_STEP][PASSED] - delay: Delayed 2 second(s)

2018-12-13 15:48:45 - [MESSAGE][PASSED] - Delayed 2 second(s)

2018-12-13 15:48:45 - [TEST_STEP][PASSED] - click: Object: 'Object Repository/Final Object Repo/Page_Form 1A - Cessation As Employer/Employment Resign Date' is clicked on

2018-12-13 15:48:46 - [MESSAGE][PASSED] - Object: 'Object Repository/Final Object Repo/Page_Form 1A - Cessation As Employer/Employment Resign Date' is clicked on

2018-12-13 15:48:46 - [TEST_STEP][PASSED] - delay: Delayed 1 second(s)

2018-12-13 15:48:47 - [MESSAGE][PASSED] - Delayed 1 second(s)

2018-12-13 15:48:47 - [TEST_STEP][PASSED] - Statement - CaseReferenceNo = com.kms.katalon.core.webui.keyword.WebUiBuiltInKeywords.getText(com.kms.katalon.core.testobject.ObjectRepository.findTestObject(Final Object Repo/Page_Update Employer Information/Reference Number in Update Employee Information Page)): Text of object 'Object Repository/Final Object Repo/Page_Update Employer Information/Reference Number in Update Employee Information Page' is: 'CUN122018C200001741'

2018-12-13 15:48:47 - [MESSAGE][PASSED] - Text of object 'Object Repository/Final Object Repo/Page_Update Employer Information/Reference Number in Update Employee Information Page' is: 'CUN122018C200001741'

2018-12-13 15:48:47 - [TEST_STEP][PASSED] - callTestCase: Call Test Case 'Test Cases/Final Aug 2018 - PKS Automation/Common/Reference Number Setter' successfully

2018-12-13 15:48:47 - [TEST_CASE][PASSED] - Test Cases/Final Aug 2018 - PKS Automation/Common/Reference Number Setter: Test Cases/Final Aug 2018 - PKS Automation/Common/Reference Number Setter

2018-12-13 15:48:47 - [TEST_STEP][PASSED] - Statement - RefNoOldFile = new java.io.File(C://Users//Admin//Desktop//PKS//Automation Reference Point//KatalonReference.txt): null

2018-12-13 15:48:47 - [TEST_STEP][PASSED] - Statement - RefNoOldFile.delete(): null

2018-12-13 15:48:47 - [TEST_STEP][PASSED] - delay: Delayed 5 second(s)

2018-12-13 15:48:52 - [MESSAGE][PASSED] - Delayed 5 second(s)

2018-12-13 15:48:52 - [TEST_STEP][PASSED] - Statement - RefNo = new java.io.File(C://Users//Admin//Desktop//PKS//Automation Reference Point//KatalonReference.txt): null

2018-12-13 15:48:52 - [TEST_STEP][PASSED] - Statement - f2 = new java.io.FileWriter(RefNo, false): null

2018-12-13 15:48:52 - [TEST_STEP][PASSED] - Statement - f2.write(CaseReferenceNo): null

2018-12-13 15:48:52 - [TEST_STEP][PASSED] - Statement - f2.close(): null

2018-12-13 15:48:52 - [TEST_STEP][PASSED] - Statement - out.println("


" + CaseReferenceNo + "


"): null

2018-12-13 15:48:52 - [MESSAGE][PASSED] - Call Test Case 'Test Cases/Final Aug 2018 - PKS Automation/Common/Reference Number Setter' successfully

2018-12-13 15:48:52 - [TEST_STEP][PASSED] - selectOptionByValue: All options with value '2030' are selected in object 'Object Repository/Final Object Repo/Page_Form 1A - Cessation As Employer/Employment Resign Date - Year' 

2018-12-13 15:48:53 - [MESSAGE][PASSED] - All options with value '2030' are selected in object 'Object Repository/Final Object Repo/Page_Form 1A - Cessation As Employer/Employment Resign Date - Year' 

2018-12-13 15:48:53 - [TEST_STEP][PASSED] - delay: Delayed 1 second(s)

2018-12-13 15:48:54 - [MESSAGE][PASSED] - Delayed 1 second(s)

2018-12-13 15:48:54 - [TEST_STEP][PASSED] - click: Object: 'Object Repository/Final Object Repo/Page_Form 1A - Cessation As Employer/Employment Resign Date - Year - Date' is clicked on

2018-12-13 15:48:54 - [MESSAGE][PASSED] - Object: 'Object Repository/Final Object Repo/Page_Form 1A - Cessation As Employer/Employment Resign Date - Year - Date' is clicked on

2018-12-13 15:48:54 - [TEST_STEP][PASSED] - delay: Delayed 2 second(s)

2018-12-13 15:48:56 - [MESSAGE][PASSED] - Delayed 2 second(s)

2018-12-13 15:48:56 - [TEST_STEP][PASSED] - click: Object: 'Object Repository/Final Object Repo/Page_Form 1A - Cessation As Employer/Save  Continue in Update Add Employee Resigned Date Page' is clicked on

2018-12-13 15:48:56 - [MESSAGE][PASSED] - Object: 'Object Repository/Final Object Repo/Page_Form 1A - Cessation As Employer/Save  Continue in Update Add Employee Resigned Date Page' is clicked on

2018-12-13 15:48:56 - [TEST_STEP][PASSED] - delay: Delayed 2 second(s)

2018-12-13 15:48:58 - [MESSAGE][PASSED] - Delayed 2 second(s)

2018-12-13 15:48:58 - [TEST_STEP][PASSED] - click: Object: 'Object Repository/Final Object Repo/Page_Form 1A - Cessation As Employer/Set Latest - Yes' is clicked on

2018-12-13 15:48:58 - [MESSAGE][PASSED] - Object: 'Object Repository/Final Object Repo/Page_Form 1A - Cessation As Employer/Set Latest - Yes' is clicked on

2018-12-13 15:48:58 - [TEST_STEP][PASSED] - delay: Delayed 2 second(s)

2018-12-13 15:49:00 - [MESSAGE][PASSED] - Delayed 2 second(s)

2018-12-13 15:49:00 - [TEST_STEP][PASSED] - click: Object: 'Object Repository/Final Object Repo/Page_Form 1A - Cessation As Employer/Add Document' is clicked on

2018-12-13 15:49:01 - [MESSAGE][PASSED] - Object: 'Object Repository/Final Object Repo/Page_Form 1A - Cessation As Employer/Add Document' is clicked on

2018-12-13 15:49:01 - [TEST_STEP][PASSED] - delay: Delayed 2 second(s)

2018-12-13 15:49:03 - [MESSAGE][PASSED] - Delayed 2 second(s)

2018-12-13 15:49:03 - [TEST_STEP][PASSED] - click: Object: 'Object Repository/Final Object Repo/Page_Form 1A - Cessation As Employer/Document Type' is clicked on

2018-12-13 15:49:05 - [MESSAGE][PASSED] - Object: 'Object Repository/Final Object Repo/Page_Form 1A - Cessation As Employer/Document Type' is clicked on

2018-12-13 15:49:05 - [TEST_STEP][PASSED] - delay: Delayed 2 second(s)

2018-12-13 15:49:07 - [MESSAGE][PASSED] - Delayed 2 second(s)

2018-12-13 15:49:07 - [TEST_STEP][PASSED] - click: Object: 'Object Repository/Final Object Repo/Page_Form 1A - Cessation As Employer/Document Type - Supporting Document For Cessation' is clicked on

2018-12-13 15:49:07 - [MESSAGE][PASSED] - Object: 'Object Repository/Final Object Repo/Page_Form 1A - Cessation As Employer/Document Type - Supporting Document For Cessation' is clicked on

2018-12-13 15:49:07 - [TEST_STEP][PASSED] - delay: Delayed 2 second(s)

2018-12-13 15:49:09 - [MESSAGE][PASSED] - Delayed 2 second(s)

2018-12-13 15:49:09 - [TEST_STEP][PASSED] - sendKeys: Keys 'C:\Users\Public\Pictures\Sample Pictures\Koala.jpg' sent to object: 'Object Repository/Final Object Repo/Page_Form 1A - Cessation As Employer/Uploading File'

2018-12-13 15:49:09 - [MESSAGE][PASSED] - Keys 'C:\Users\Public\Pictures\Sample Pictures\Koala.jpg' sent to object: 'Object Repository/Final Object Repo/Page_Form 1A - Cessation As Employer/Uploading File'

2018-12-13 15:49:09 - [TEST_STEP][PASSED] - delay: Delayed 2 second(s)

2018-12-13 15:49:11 - [MESSAGE][PASSED] - Delayed 2 second(s)

2018-12-13 15:49:11 - [TEST_STEP][PASSED] - click: Object: 'Object Repository/Final Object Repo/Page_Form 1A - Cessation As Employer/Add Document in Uploading Page' is clicked on

2018-12-13 15:49:11 - [MESSAGE][PASSED] - Object: 'Object Repository/Final Object Repo/Page_Form 1A - Cessation As Employer/Add Document in Uploading Page' is clicked on

2018-12-13 15:49:11 - [TEST_STEP][PASSED] - delay: Delayed 20 second(s)

2018-12-13 15:49:31 - [MESSAGE][PASSED] - Delayed 20 second(s)

2018-12-13 15:49:31 - [TEST_STEP][PASSED] - click: Object: 'Object Repository/Final Object Repo/Page_Form 1A - Cessation As Employer/Save  Continue in Uploading Page' is clicked on

2018-12-13 15:49:31 - [MESSAGE][PASSED] - Object: 'Object Repository/Final Object Repo/Page_Form 1A - Cessation As Employer/Save  Continue in Uploading Page' is clicked on

2018-12-13 15:49:31 - [TEST_STEP][PASSED] - delay: Delayed 2 second(s)

2018-12-13 15:49:33 - [MESSAGE][PASSED] - Delayed 2 second(s)

2018-12-13 15:49:33 - [TEST_STEP][PASSED] - click: Object: 'Object Repository/Final Object Repo/Page_Form 1A - Cessation As Employer/Submit2' is clicked on

2018-12-13 15:49:37 - [MESSAGE][PASSED] - Object: 'Object Repository/Final Object Repo/Page_Form 1A - Cessation As Employer/Submit2' is clicked on

2018-12-13 15:49:37 - [TEST_STEP][PASSED] - delay: Delayed 2 second(s)

2018-12-13 15:49:39 - [MESSAGE][PASSED] - Delayed 2 second(s)

2018-12-13 15:49:39 - [TEST_STEP][PASSED] - click: Object: 'Object Repository/Final Object Repo/Page_Form 1A - Cessation As Employer/Confirm' is clicked on

2018-12-13 15:49:39 - [MESSAGE][PASSED] - Object: 'Object Repository/Final Object Repo/Page_Form 1A - Cessation As Employer/Confirm' is clicked on

2018-12-13 15:49:39 - [TEST_STEP][PASSED] - delay: Delayed 2 second(s)

2018-12-13 15:49:41 - [MESSAGE][PASSED] - Delayed 2 second(s)

2018-12-13 15:49:41 - [TEST_STEP][PASSED] - verifyElementVisible: Object 'Object Repository/Final Object Repo/Page_Form 1A - Cessation As Employer/Message Your Request will be routed to UO' is visible

2018-12-13 15:49:45 - [MESSAGE][PASSED] - Object 'Object Repository/Final Object Repo/Page_Form 1A - Cessation As Employer/Message Your Request will be routed to UO' is visible

2018-12-13 15:49:45 - [TEST_STEP][PASSED] - delay: Delayed 1 second(s)

2018-12-13 15:49:46 - [MESSAGE][PASSED] - Delayed 1 second(s)

2018-12-13 15:49:46 - [TEST_STEP][PASSED] - verifyElementVisible: Object 'Object Repository/Final Object Repo/Page_Form 1A - Cessation As Employer/Letter of acknowledgement' is visible

2018-12-13 15:49:46 - [MESSAGE][PASSED] - Object 'Object Repository/Final Object Repo/Page_Form 1A - Cessation As Employer/Letter of acknowledgement' is visible

2018-12-13 15:49:46 - [MESSAGE][PASSED] - Call Test Case 'Test Cases/Final Aug 2018 - PKS Automation/Registration Module/Workflow/Form 1A - Cessation As Employer/Template/Form 1 A - Cessation As Employer (OTC)' successfully

2018-12-13 15:49:46 - [TEST_STEP][PASSED] - callTestCase: Call Test Case 'Test Cases/Final Aug 2018 - PKS Automation/Registration Module/Workflow/Form 1A - Cessation As Employer/Template/Form 1 A - Cessation As Employer (Query)' successfully

2018-12-13 15:49:46 - [TEST_CASE][PASSED] - Test Cases/Final Aug 2018 - PKS Automation/Registration Module/Workflow/Form 1A - Cessation As Employer/Template/Form 1 A - Cessation As Employer (Query): Test Cases/Final Aug 2018 - PKS Automation/Registration Module/Workflow/Form 1A - Cessation As Employer/Template/Form 1 A - Cessation As Employer (Query)

2018-12-13 15:49:46 - [TEST_STEP][NOT_RUN] - callTestCase: NOT_RUN: callTestCase

2018-12-13 15:49:46 - [MESSAGE][NOT_RUN] - NOT_RUN: callTestCase

2018-12-13 15:49:46 - [TEST_STEP][PASSED] - delay: Delayed 1 second(s)

2018-12-13 15:49:47 - [MESSAGE][PASSED] - Delayed 1 second(s)

2018-12-13 15:49:47 - [TEST_STEP][PASSED] - navigateToUrl: Navigate to 'https://assist2-uat.perkeso.gov.my/c/portal/logout' successfully

2018-12-13 15:49:48 - [MESSAGE][PASSED] - Navigate to 'https://assist2-uat.perkeso.gov.my/c/portal/logout' successfully

2018-12-13 15:49:48 - [TEST_STEP][PASSED] - delay: Delayed 1 second(s)

2018-12-13 15:49:49 - [MESSAGE][PASSED] - Delayed 1 second(s)

2018-12-13 15:49:49 - [TEST_STEP][PASSED] - callTestCase: Call Test Case 'Test Cases/Final Aug 2018 - PKS Automation/Common/Reference Number Getter' successfully

2018-12-13 15:49:49 - [TEST_CASE][PASSED] - Test Cases/Final Aug 2018 - PKS Automation/Common/Reference Number Getter: Test Cases/Final Aug 2018 - PKS Automation/Common/Reference Number Getter

2018-12-13 15:49:49 - [TEST_STEP][PASSED] - Statement - Try: null

2018-12-13 15:49:49 - [TEST_STEP][PASSED] - Statement - RefNo = new java.io.File(C://Users//Admin//Desktop//PKS//Automation Reference Point//KatalonReference.txt): null

2018-12-13 15:49:49 - [TEST_STEP][PASSED] - Statement - bufferread = new java.io.BufferedReader(new java.io.FileReader(RefNo)): null

2018-12-13 15:49:49 - [TEST_STEP][PASSED] - Statement - readedVal = bufferread.readLine(): null

2018-12-13 15:49:49 - [TEST_STEP][PASSED] - Statement - out.println(CaseReferenceNo): null

2018-12-13 15:49:49 - [TEST_STEP][PASSED] - Statement - out.println(readedVal): null

2018-12-13 15:49:49 - [TEST_STEP][PASSED] - Statement - CaseReferenceNo = "": null

2018-12-13 15:49:49 - [TEST_STEP][PASSED] - Statement - CaseReferenceNo = readedVal: null

2018-12-13 15:49:49 - [MESSAGE][PASSED] - Call Test Case 'Test Cases/Final Aug 2018 - PKS Automation/Common/Reference Number Getter' successfully

2018-12-13 15:49:49 - [TEST_STEP][PASSED] - callTestCase: Call Test Case 'Test Cases/Final Aug 2018 - PKS Automation/Common/Workflow Owner Finder' successfully

2018-12-13 15:49:49 - [TEST_CASE][PASSED] - Test Cases/Final Aug 2018 - PKS Automation/Common/Workflow Owner Finder: Test Cases/Final Aug 2018 - PKS Automation/Common/Workflow Owner Finder

2018-12-13 15:49:49 - [TEST_STEP][PASSED] - openBrowser: Browser is opened with url: ''

2018-12-13 15:49:49 - [MESSAGE][WARNING] - A browser is already opened. Closing browser and opening a new one

2018-12-13 15:49:52 - [MESSAGE][PASSED] - Browser is opened with url: ''

2018-12-13 15:49:52 - [TEST_STEP][PASSED] - navigateToUrl: Navigate to 'https://assist2-uat.perkeso.gov.my/login' successfully

2018-12-13 15:49:53 - [MESSAGE][PASSED] - Navigate to 'https://assist2-uat.perkeso.gov.my/login' successfully

2018-12-13 15:49:53 - [TEST_STEP][PASSED] - delay: Delayed 5 second(s)

2018-12-13 15:49:58 - [MESSAGE][PASSED] - Delayed 5 second(s)

2018-12-13 15:49:58 - [TEST_STEP][PASSED] - setText: Text 'test@liferay.com' is set on object 'Object Repository/Final Object Repo/Login Page/Internal User/Email Address'

2018-12-13 15:49:58 - [MESSAGE][PASSED] - Text 'test@liferay.com' is set on object 'Object Repository/Final Object Repo/Login Page/Internal User/Email Address'

2018-12-13 15:49:58 - [TEST_STEP][PASSED] - click: Object: 'Object Repository/Final Object Repo/Login Page/Internal User/Next Button' is clicked on

2018-12-13 15:49:59 - [MESSAGE][PASSED] - Object: 'Object Repository/Final Object Repo/Login Page/Internal User/Next Button' is clicked on

2018-12-13 15:49:59 - [TEST_STEP][PASSED] - delay: Delayed 2 second(s)

2018-12-13 15:50:01 - [MESSAGE][PASSED] - Delayed 2 second(s)

2018-12-13 15:50:01 - [TEST_STEP][PASSED] - setText: Text 'test' is set on object 'Object Repository/Final Object Repo/Login Page/Internal User/Password'

2018-12-13 15:50:01 - [MESSAGE][PASSED] - Text 'test' is set on object 'Object Repository/Final Object Repo/Login Page/Internal User/Password'

2018-12-13 15:50:01 - [TEST_STEP][PASSED] - delay: Delayed 2 second(s)

2018-12-13 15:50:03 - [MESSAGE][PASSED] - Delayed 2 second(s)

2018-12-13 15:50:03 - [TEST_STEP][PASSED] - click: Object: 'Object Repository/Final Object Repo/Login Page/Internal User/Login Button' is clicked on

2018-12-13 15:50:03 - [MESSAGE][PASSED] - Object: 'Object Repository/Final Object Repo/Login Page/Internal User/Login Button' is clicked on

2018-12-13 15:50:03 - [TEST_STEP][PASSED] - Statement - tester = com.kms.katalon.core.testobject.ObjectRepository.findTestObject(Final Object Repo/Landing Page/Select to English): Finding Test Object with id 'Object Repository/Final Object Repo/Landing Page/Select to English'

2018-12-13 15:50:03 - [TEST_STEP][PASSED] - Statement - Try: Delayed 2 second(s)

2018-12-13 15:50:03 - [TEST_STEP][PASSED] - Statement - Checker = com.kms.katalon.core.webui.keyword.WebUiBuiltInKeywords.verifyElementNotPresent(tester, 3): Web element with id: 'Object Repository/Final Object Repo/Landing Page/Select to English' located by 'By.xpath: //a[@class = 'taglib-language-list-text' and @lang = 'en-US' and (contains(text(), 'EN') or contains(., 'EN'))]' is not present after '3' second(s)

2018-12-13 15:50:06 - [MESSAGE][PASSED] - Web element with id: 'Object Repository/Final Object Repo/Landing Page/Select to English' located by 'By.xpath: //a[@class = 'taglib-language-list-text' and @lang = 'en-US' and (contains(text(), 'EN') or contains(., 'EN'))]' is not present after '3' second(s)

2018-12-13 15:50:06 - [TEST_STEP][PASSED] - Statement - If (Checker == false): null

2018-12-13 15:50:06 - [TEST_STEP][PASSED] - delay: Delayed 2 second(s)

2018-12-13 15:50:08 - [MESSAGE][PASSED] - Delayed 2 second(s)

2018-12-13 15:50:08 - [TEST_STEP][PASSED] - delay: Delayed 5 second(s)

2018-12-13 15:50:13 - [MESSAGE][PASSED] - Delayed 5 second(s)

2018-12-13 15:50:13 - [TEST_STEP][PASSED] - mouseOver: Object: 'Object Repository/Final Object Repo/Landing Page/WorkFlow Menu' is hovered

2018-12-13 15:50:14 - [MESSAGE][PASSED] - Object: 'Object Repository/Final Object Repo/Landing Page/WorkFlow Menu' is hovered

2018-12-13 15:50:14 - [TEST_STEP][PASSED] - delay: Delayed 2 second(s)

2018-12-13 15:50:16 - [MESSAGE][PASSED] - Delayed 2 second(s)

2018-12-13 15:50:16 - [TEST_STEP][PASSED] - click: Object: 'Object Repository/Final Object Repo/Landing Page/Select to Workflow Listing' is clicked on

2018-12-13 15:50:17 - [MESSAGE][PASSED] - Object: 'Object Repository/Final Object Repo/Landing Page/Select to Workflow Listing' is clicked on

2018-12-13 15:50:17 - [TEST_STEP][PASSED] - delay: Delayed 2 second(s)

2018-12-13 15:50:19 - [MESSAGE][PASSED] - Delayed 2 second(s)

2018-12-13 15:50:19 - [TEST_STEP][PASSED] - click: Object: 'Object Repository/Final Object Repo/WorkFlow Listing Page/Search Information - To Put Ref No' is clicked on

2018-12-13 15:50:19 - [MESSAGE][PASSED] - Object: 'Object Repository/Final Object Repo/WorkFlow Listing Page/Search Information - To Put Ref No' is clicked on

2018-12-13 15:50:19 - [TEST_STEP][PASSED] - delay: Delayed 2 second(s)

2018-12-13 15:50:21 - [MESSAGE][PASSED] - Delayed 2 second(s)

2018-12-13 15:50:21 - [TEST_STEP][PASSED] - callTestCase: Call Test Case 'Test Cases/Final Aug 2018 - PKS Automation/Common/Reference Number Getter' successfully

2018-12-13 15:50:21 - [TEST_CASE][PASSED] - Test Cases/Final Aug 2018 - PKS Automation/Common/Reference Number Getter: Test Cases/Final Aug 2018 - PKS Automation/Common/Reference Number Getter

2018-12-13 15:50:21 - [TEST_STEP][PASSED] - Statement - Try: null

2018-12-13 15:50:21 - [TEST_STEP][PASSED] - Statement - RefNo = new java.io.File(C://Users//Admin//Desktop//PKS//Automation Reference Point//KatalonReference.txt): null

2018-12-13 15:50:21 - [TEST_STEP][PASSED] - Statement - bufferread = new java.io.BufferedReader(new java.io.FileReader(RefNo)): null

2018-12-13 15:50:21 - [TEST_STEP][PASSED] - Statement - readedVal = bufferread.readLine(): null

2018-12-13 15:50:21 - [TEST_STEP][PASSED] - Statement - out.println(CaseReferenceNo): null

2018-12-13 15:50:21 - [TEST_STEP][PASSED] - Statement - out.println(readedVal): null

2018-12-13 15:50:21 - [TEST_STEP][PASSED] - Statement - CaseReferenceNo = "": null

2018-12-13 15:50:21 - [TEST_STEP][PASSED] - Statement - CaseReferenceNo = readedVal: null

2018-12-13 15:50:21 - [MESSAGE][PASSED] - Call Test Case 'Test Cases/Final Aug 2018 - PKS Automation/Common/Reference Number Getter' successfully

2018-12-13 15:50:21 - [TEST_STEP][PASSED] - setText: Text 'CUN122018C200001741' is set on object 'Object Repository/Final Object Repo/WorkFlow Listing Page/Ref No Set Text'

2018-12-13 15:50:21 - [MESSAGE][PASSED] - Text 'CUN122018C200001741' is set on object 'Object Repository/Final Object Repo/WorkFlow Listing Page/Ref No Set Text'

2018-12-13 15:50:21 - [TEST_STEP][PASSED] - delay: Delayed 2 second(s)

2018-12-13 15:50:23 - [MESSAGE][PASSED] - Delayed 2 second(s)

2018-12-13 15:50:23 - [TEST_STEP][PASSED] - click: Object: 'Object Repository/Final Object Repo/WorkFlow Listing Page/Search Ref No Search Button' is clicked on

2018-12-13 15:50:23 - [MESSAGE][PASSED] - Object: 'Object Repository/Final Object Repo/WorkFlow Listing Page/Search Ref No Search Button' is clicked on

2018-12-13 15:50:23 - [TEST_STEP][PASSED] - delay: Delayed 6 second(s)

2018-12-13 15:50:29 - [MESSAGE][PASSED] - Delayed 6 second(s)

2018-12-13 15:50:29 - [TEST_STEP][PASSED] - click: Object: 'Object Repository/Final Object Repo/WorkFlow Listing Page/Click Continue Tooltip' is clicked on

2018-12-13 15:50:30 - [MESSAGE][PASSED] - Object: 'Object Repository/Final Object Repo/WorkFlow Listing Page/Click Continue Tooltip' is clicked on

2018-12-13 15:50:30 - [TEST_STEP][PASSED] - delay: Delayed 5 second(s)

2018-12-13 15:50:35 - [MESSAGE][PASSED] - Delayed 5 second(s)

2018-12-13 15:50:35 - [TEST_STEP][PASSED] - doubleClick: Object: 'Object Repository/Final Object Repo/WorkFlow Listing Page/Workflow Found - Listing 1' is double clicked on

2018-12-13 15:50:36 - [MESSAGE][PASSED] - Object: 'Object Repository/Final Object Repo/WorkFlow Listing Page/Workflow Found - Listing 1' is double clicked on

2018-12-13 15:50:36 - [TEST_STEP][PASSED] - Statement - println(OwnerID): null

2018-12-13 15:50:36 - [TEST_STEP][PASSED] - Statement - OwnerID = com.kms.katalon.core.webui.keyword.WebUiBuiltInKeywords.getText(com.kms.katalon.core.testobject.ObjectRepository.findTestObject(Final Object Repo/WorkFlow Listing Page/Workflow Found - Listing 1), STOP_ON_FAILURE): Text of object 'Object Repository/Final Object Repo/WorkFlow Listing Page/Workflow Found - Listing 1' is: 'JOHORuo2'

2018-12-13 15:50:36 - [MESSAGE][PASSED] - Text of object 'Object Repository/Final Object Repo/WorkFlow Listing Page/Workflow Found - Listing 1' is: 'JOHORuo2'

2018-12-13 15:50:36 - [TEST_STEP][PASSED] - Statement - OwnerID = OwnerID.toLowerCase() + "@gmail.com": null

2018-12-13 15:50:36 - [TEST_STEP][PASSED] - Statement - println(OwnerID): null

2018-12-13 15:50:36 - [TEST_STEP][PASSED] - delay: Delayed 2 second(s)

2018-12-13 15:50:38 - [MESSAGE][PASSED] - Delayed 2 second(s)

2018-12-13 15:50:38 - [MESSAGE][PASSED] - Call Test Case 'Test Cases/Final Aug 2018 - PKS Automation/Common/Workflow Owner Finder' successfully

2018-12-13 15:50:38 - [TEST_STEP][PASSED] - delay: Delayed 1 second(s)

2018-12-13 15:50:39 - [MESSAGE][PASSED] - Delayed 1 second(s)

2018-12-13 15:50:39 - [TEST_STEP][PASSED] - navigateToUrl: Navigate to 'https://assist2-uat.perkeso.gov.my/c/portal/logout' successfully

2018-12-13 15:50:40 - [MESSAGE][PASSED] - Navigate to 'https://assist2-uat.perkeso.gov.my/c/portal/logout' successfully

2018-12-13 15:50:40 - [TEST_STEP][PASSED] - delay: Delayed 1 second(s)

2018-12-13 15:50:41 - [MESSAGE][PASSED] - Delayed 1 second(s)

2018-12-13 15:50:41 - [TEST_STEP][PASSED] - callTestCase: Call Test Case 'Test Cases/Final Aug 2018 - PKS Automation/Registration Module/Workflow/Login and Search Case For Workflow' successfully

2018-12-13 15:50:41 - [TEST_CASE][PASSED] - Test Cases/Final Aug 2018 - PKS Automation/Registration Module/Workflow/Login and Search Case For Workflow: Test Cases/Final Aug 2018 - PKS Automation/Registration Module/Workflow/Login and Search Case For Workflow

2018-12-13 15:50:41 - [TEST_STEP][PASSED] - navigateToUrl: Navigate to 'https://assist2-uat.perkeso.gov.my/login' successfully

2018-12-13 15:50:41 - [MESSAGE][PASSED] - Navigate to 'https://assist2-uat.perkeso.gov.my/login' successfully

2018-12-13 15:50:41 - [TEST_STEP][PASSED] - setText: Text 'johoruo2@gmail.com' is set on object 'Object Repository/Final Object Repo/Login Page/Internal User/Email Address'

2018-12-13 15:50:42 - [MESSAGE][PASSED] - Text 'johoruo2@gmail.com' is set on object 'Object Repository/Final Object Repo/Login Page/Internal User/Email Address'

2018-12-13 15:50:42 - [TEST_STEP][PASSED] - click: Object: 'Object Repository/Final Object Repo/Login Page/Internal User/Next Button' is clicked on

2018-12-13 15:50:42 - [MESSAGE][PASSED] - Object: 'Object Repository/Final Object Repo/Login Page/Internal User/Next Button' is clicked on

2018-12-13 15:50:42 - [TEST_STEP][PASSED] - delay: Delayed 1 second(s)

2018-12-13 15:50:43 - [MESSAGE][PASSED] - Delayed 1 second(s)

2018-12-13 15:50:43 - [TEST_STEP][PASSED] - setEncryptedText: Text ****** has been set on object 'Object Repository/Final Object Repo/Login Page/Internal User/Password'

2018-12-13 15:50:44 - [MESSAGE][PASSED] - Text ****** has been set on object 'Object Repository/Final Object Repo/Login Page/Internal User/Password'

2018-12-13 15:50:44 - [TEST_STEP][PASSED] - click: Object: 'Object Repository/Final Object Repo/Login Page/Internal User/Login Button' is clicked on

2018-12-13 15:50:44 - [MESSAGE][PASSED] - Object: 'Object Repository/Final Object Repo/Login Page/Internal User/Login Button' is clicked on

2018-12-13 15:50:44 - [TEST_STEP][PASSED] - delay: Delayed 2 second(s)

2018-12-13 15:50:46 - [MESSAGE][PASSED] - Delayed 2 second(s)

2018-12-13 15:50:46 - [TEST_STEP][PASSED] - Statement - Try: Delayed 2 second(s)

2018-12-13 15:50:46 - [TEST_STEP][PASSED] - Statement - Checker = false: null

2018-12-13 15:50:46 - [TEST_STEP][PASSED] - Statement - Checker = com.kms.katalon.core.webui.keyword.WebUiBuiltInKeywords.verifyElementHasAttribute(com.kms.katalon.core.testobject.ObjectRepository.findTestObject(Final Object Repo/Landing Page/BM Detecting), "href", 20, OPTIONAL): Object 'Object Repository/Final Object Repo/Landing Page/BM Detecting' has attribute 'href'

2018-12-13 15:50:46 - [MESSAGE][PASSED] - Object 'Object Repository/Final Object Repo/Landing Page/BM Detecting' has attribute 'href'

2018-12-13 15:50:46 - [TEST_STEP][PASSED] - Statement - out.println(Checker): null

2018-12-13 15:50:46 - [TEST_STEP][PASSED] - Statement - If (Checker == false): null

2018-12-13 15:50:46 - [TEST_STEP][PASSED] - Statement - Else: null

2018-12-13 15:50:46 - [TEST_STEP][PASSED] - delay: Delayed 2 second(s)

2018-12-13 15:50:48 - [MESSAGE][PASSED] - Delayed 2 second(s)

2018-12-13 15:50:48 - [TEST_STEP][PASSED] - click: Object: 'Object Repository/Final Object Repo/Page_MyASSIST - ASSIST - Search Pending Case For Add Supporting Document/Search Information' is clicked on

2018-12-13 15:50:48 - [MESSAGE][PASSED] - Object: 'Object Repository/Final Object Repo/Page_MyASSIST - ASSIST - Search Pending Case For Add Supporting Document/Search Information' is clicked on

2018-12-13 15:50:48 - [TEST_STEP][PASSED] - delay: Delayed 3 second(s)

2018-12-13 15:50:51 - [MESSAGE][PASSED] - Delayed 3 second(s)

2018-12-13 15:50:51 - [TEST_STEP][PASSED] - sendKeys: Keys 'CUN122018C200001741' sent to object: 'Object Repository/Final Object Repo/Page_MyASSIST - ASSIST - Search Pending Case For Add Supporting Document/Reference No'

2018-12-13 15:50:52 - [MESSAGE][PASSED] - Keys 'CUN122018C200001741' sent to object: 'Object Repository/Final Object Repo/Page_MyASSIST - ASSIST - Search Pending Case For Add Supporting Document/Reference No'

2018-12-13 15:50:52 - [TEST_STEP][PASSED] - click: Object: 'Object Repository/Final Object Repo/Page_MyASSIST - ASSIST - Search Pending Case For Add Supporting Document/Search Reference No' is clicked on

2018-12-13 15:50:52 - [MESSAGE][PASSED] - Object: 'Object Repository/Final Object Repo/Page_MyASSIST - ASSIST - Search Pending Case For Add Supporting Document/Search Reference No' is clicked on

2018-12-13 15:50:52 - [TEST_STEP][PASSED] - delay: Delayed 2 second(s)

2018-12-13 15:50:54 - [MESSAGE][PASSED] - Delayed 2 second(s)

2018-12-13 15:50:54 - [TEST_STEP][PASSED] - click: Object: 'Object Repository/Final Object Repo/Page_MyASSIST - ASSIST - Search Pending Case For Add Supporting Document/Continue' is clicked on

2018-12-13 15:50:58 - [MESSAGE][PASSED] - Object: 'Object Repository/Final Object Repo/Page_MyASSIST - ASSIST - Search Pending Case For Add Supporting Document/Continue' is clicked on

2018-12-13 15:50:58 - [TEST_STEP][PASSED] - delay: Delayed 20 second(s)

2018-12-13 15:51:18 - [MESSAGE][PASSED] - Delayed 20 second(s)

2018-12-13 15:51:18 - [MESSAGE][PASSED] - Call Test Case 'Test Cases/Final Aug 2018 - PKS Automation/Registration Module/Workflow/Login and Search Case For Workflow' successfully

2018-12-13 15:51:18 - [TEST_STEP][PASSED] - click: Object: 'Object Repository/Final Object Repo/Page_Form 1A - Cessation As Employer/Page_Form 1A - Cessation As Employer (Approve)/Save  Continue in Form 1A Page' is clicked on

2018-12-13 15:51:18 - [MESSAGE][PASSED] - Object: 'Object Repository/Final Object Repo/Page_Form 1A - Cessation As Employer/Page_Form 1A - Cessation As Employer (Approve)/Save  Continue in Form 1A Page' is clicked on

2018-12-13 15:51:18 - [TEST_STEP][PASSED] - delay: Delayed 2 second(s)

2018-12-13 15:51:20 - [MESSAGE][PASSED] - Delayed 2 second(s)

2018-12-13 15:51:20 - [TEST_STEP][PASSED] - click: Object: 'Object Repository/Final Object Repo/Page_Form 1A - Cessation As Employer/Employment Resign Date' is clicked on

2018-12-13 15:51:20 - [MESSAGE][PASSED] - Object: 'Object Repository/Final Object Repo/Page_Form 1A - Cessation As Employer/Employment Resign Date' is clicked on

2018-12-13 15:51:20 - [TEST_STEP][PASSED] - delay: Delayed 1 second(s)

2018-12-13 15:51:21 - [MESSAGE][PASSED] - Delayed 1 second(s)

2018-12-13 15:51:21 - [TEST_STEP][PASSED] - selectOptionByValue: All options with value '2030' are selected in object 'Object Repository/Final Object Repo/Page_Form 1A - Cessation As Employer/Employment Resign Date - Year' 

2018-12-13 15:51:22 - [MESSAGE][PASSED] - All options with value '2030' are selected in object 'Object Repository/Final Object Repo/Page_Form 1A - Cessation As Employer/Employment Resign Date - Year' 

2018-12-13 15:51:22 - [TEST_STEP][PASSED] - delay: Delayed 1 second(s)

2018-12-13 15:51:23 - [MESSAGE][PASSED] - Delayed 1 second(s)

2018-12-13 15:51:23 - [TEST_STEP][PASSED] - click: Object: 'Object Repository/Final Object Repo/Page_Form 1A - Cessation As Employer/Employment Resign Date - Year - Date' is clicked on

2018-12-13 15:51:23 - [MESSAGE][PASSED] - Object: 'Object Repository/Final Object Repo/Page_Form 1A - Cessation As Employer/Employment Resign Date - Year - Date' is clicked on

2018-12-13 15:51:23 - [TEST_STEP][PASSED] - delay: Delayed 2 second(s)

2018-12-13 15:51:25 - [MESSAGE][PASSED] - Delayed 2 second(s)

2018-12-13 15:51:25 - [TEST_STEP][PASSED] - click: Object: 'Object Repository/Final Object Repo/Page_Form 1A - Cessation As Employer/Page_Form 1A - Cessation As Employer (Approve)/Save  Continue in Update Add Employee Resigned Date Page' is clicked on

2018-12-13 15:51:25 - [MESSAGE][PASSED] - Object: 'Object Repository/Final Object Repo/Page_Form 1A - Cessation As Employer/Page_Form 1A - Cessation As Employer (Approve)/Save  Continue in Update Add Employee Resigned Date Page' is clicked on

2018-12-13 15:51:25 - [TEST_STEP][PASSED] - delay: Delayed 2 second(s)

2018-12-13 15:51:27 - [MESSAGE][PASSED] - Delayed 2 second(s)

2018-12-13 15:51:27 - [TEST_STEP][PASSED] - click: Object: 'Object Repository/Final Object Repo/Page_Form 1A - Cessation As Employer/Set Latest - Yes' is clicked on

2018-12-13 15:51:28 - [MESSAGE][PASSED] - Object: 'Object Repository/Final Object Repo/Page_Form 1A - Cessation As Employer/Set Latest - Yes' is clicked on

2018-12-13 15:51:28 - [TEST_STEP][PASSED] - delay: Delayed 2 second(s)

2018-12-13 15:51:30 - [MESSAGE][PASSED] - Delayed 2 second(s)

2018-12-13 15:51:30 - [TEST_STEP][PASSED] - setText: Text 'remark' is set on object 'Object Repository/Final Object Repo/Page_Form 1A - Cessation As Employer/Page_Form 1A - Cessation As Employer (Query)/Query - remark'

2018-12-13 15:51:31 - [MESSAGE][PASSED] - Text 'remark' is set on object 'Object Repository/Final Object Repo/Page_Form 1A - Cessation As Employer/Page_Form 1A - Cessation As Employer (Query)/Query - remark'

2018-12-13 15:51:31 - [TEST_STEP][PASSED] - delay: Delayed 2 second(s)

2018-12-13 15:51:33 - [MESSAGE][PASSED] - Delayed 2 second(s)

2018-12-13 15:51:33 - [TEST_STEP][PASSED] - click: Object: 'Object Repository/Final Object Repo/Page_Form 1A - Cessation As Employer/Page_Form 1A - Cessation As Employer (Approve)/Save  Contine in Uploading Document Page' is clicked on

2018-12-13 15:51:33 - [MESSAGE][PASSED] - Object: 'Object Repository/Final Object Repo/Page_Form 1A - Cessation As Employer/Page_Form 1A - Cessation As Employer (Approve)/Save  Contine in Uploading Document Page' is clicked on

2018-12-13 15:51:33 - [TEST_STEP][PASSED] - delay: Delayed 2 second(s)

2018-12-13 15:51:35 - [MESSAGE][PASSED] - Delayed 2 second(s)

2018-12-13 15:51:35 - [TEST_STEP][PASSED] - click: Object: 'Object Repository/Final Object Repo/Page_Form 1A - Cessation As Employer/Page_Form 1A - Cessation As Employer (Query)/Query' is clicked on

2018-12-13 15:51:38 - [MESSAGE][PASSED] - Object: 'Object Repository/Final Object Repo/Page_Form 1A - Cessation As Employer/Page_Form 1A - Cessation As Employer (Query)/Query' is clicked on

2018-12-13 15:51:38 - [TEST_STEP][PASSED] - delay: Delayed 2 second(s)

2018-12-13 15:51:40 - [MESSAGE][PASSED] - Delayed 2 second(s)

2018-12-13 15:51:40 - [TEST_STEP][PASSED] - click: Object: 'Object Repository/Final Object Repo/Page_Form 1A - Cessation As Employer/Page_Form 1A - Cessation As Employer (Query)/Confirm' is clicked on

2018-12-13 15:51:47 - [MESSAGE][PASSED] - Object: 'Object Repository/Final Object Repo/Page_Form 1A - Cessation As Employer/Page_Form 1A - Cessation As Employer (Query)/Confirm' is clicked on

2018-12-13 15:51:47 - [TEST_STEP][PASSED] - delay: Delayed 2 second(s)

2018-12-13 15:51:49 - [MESSAGE][PASSED] - Delayed 2 second(s)

2018-12-13 15:51:49 - [TEST_STEP][PASSED] - verifyElementVisible: Object 'Object Repository/Final Object Repo/Page_Form 1A - Cessation As Employer/Page_Form 1A - Cessation As Employer (Query)/MessageThe Case Is Under Query' is visible

2018-12-13 15:51:49 - [MESSAGE][PASSED] - Object 'Object Repository/Final Object Repo/Page_Form 1A - Cessation As Employer/Page_Form 1A - Cessation As Employer (Query)/MessageThe Case Is Under Query' is visible

2018-12-13 15:51:49 - [TEST_STEP][PASSED] - delay: Delayed 1 second(s)

2018-12-13 15:51:50 - [MESSAGE][PASSED] - Delayed 1 second(s)

2018-12-13 15:51:50 - [TEST_STEP][PASSED] - verifyElementVisible: Object 'Object Repository/Final Object Repo/Page_Form 1A - Cessation As Employer/Page_Form 1A - Cessation As Employer (Query)/Letter of inquiry' is visible

2018-12-13 15:51:50 - [MESSAGE][PASSED] - Object 'Object Repository/Final Object Repo/Page_Form 1A - Cessation As Employer/Page_Form 1A - Cessation As Employer (Query)/Letter of inquiry' is visible

2018-12-13 15:51:50 - [TEST_STEP][PASSED] - delay: Delayed 1 second(s)

2018-12-13 15:51:51 - [MESSAGE][PASSED] - Delayed 1 second(s)

2018-12-13 15:51:51 - [TEST_STEP][PASSED] - navigateToUrl: Navigate to 'https://assist2-uat.perkeso.gov.my/c/portal/logout' successfully

2018-12-13 15:51:53 - [MESSAGE][PASSED] - Navigate to 'https://assist2-uat.perkeso.gov.my/c/portal/logout' successfully

2018-12-13 15:51:53 - [TEST_STEP][PASSED] - delay: Delayed 1 second(s)

2018-12-13 15:51:54 - [MESSAGE][PASSED] - Delayed 1 second(s)

2018-12-13 15:51:54 - [TEST_STEP][PASSED] - callTestCase: Call Test Case 'Test Cases/Final Aug 2018 - PKS Automation/Registration Module/Workflow/Search Pending Case For Add Supporting Document (OTC)' successfully

2018-12-13 15:51:54 - [TEST_CASE][PASSED] - Test Cases/Final Aug 2018 - PKS Automation/Registration Module/Workflow/Search Pending Case For Add Supporting Document (OTC): Test Cases/Final Aug 2018 - PKS Automation/Registration Module/Workflow/Search Pending Case For Add Supporting Document (OTC)

2018-12-13 15:51:54 - [TEST_STEP][PASSED] - openBrowser: Browser is opened with url: ''

2018-12-13 15:51:54 - [MESSAGE][WARNING] - A browser is already opened. Closing browser and opening a new one

2018-12-13 15:51:57 - [MESSAGE][PASSED] - Browser is opened with url: ''

2018-12-13 15:51:57 - [TEST_STEP][PASSED] - navigateToUrl: Navigate to 'https://assist2-uat.perkeso.gov.my/login' successfully

2018-12-13 15:51:58 - [MESSAGE][PASSED] - Navigate to 'https://assist2-uat.perkeso.gov.my/login' successfully

2018-12-13 15:51:58 - [TEST_STEP][PASSED] - setText: Text 'johorotc1@gmail.com' is set on object 'Object Repository/Final Object Repo/Login Page/Internal User/Email Address'

2018-12-13 15:51:58 - [MESSAGE][PASSED] - Text 'johorotc1@gmail.com' is set on object 'Object Repository/Final Object Repo/Login Page/Internal User/Email Address'

2018-12-13 15:51:58 - [TEST_STEP][PASSED] - click: Object: 'Object Repository/Final Object Repo/Login Page/Internal User/Next Button' is clicked on

2018-12-13 15:51:58 - [MESSAGE][PASSED] - Object: 'Object Repository/Final Object Repo/Login Page/Internal User/Next Button' is clicked on

2018-12-13 15:51:58 - [TEST_STEP][PASSED] - delay: Delayed 1 second(s)

2018-12-13 15:51:59 - [MESSAGE][PASSED] - Delayed 1 second(s)

2018-12-13 15:51:59 - [TEST_STEP][PASSED] - setEncryptedText: Text ****** has been set on object 'Object Repository/Final Object Repo/Login Page/Internal User/Password'

2018-12-13 15:51:59 - [MESSAGE][PASSED] - Text ****** has been set on object 'Object Repository/Final Object Repo/Login Page/Internal User/Password'

2018-12-13 15:51:59 - [TEST_STEP][PASSED] - click: Object: 'Object Repository/Final Object Repo/Login Page/Internal User/Login Button' is clicked on

2018-12-13 15:52:00 - [MESSAGE][PASSED] - Object: 'Object Repository/Final Object Repo/Login Page/Internal User/Login Button' is clicked on

2018-12-13 15:52:00 - [TEST_STEP][PASSED] - delay: Delayed 1 second(s)

2018-12-13 15:52:01 - [MESSAGE][PASSED] - Delayed 1 second(s)

2018-12-13 15:52:01 - [TEST_STEP][PASSED] - Statement - Try: Delayed 2 second(s)

2018-12-13 15:52:01 - [TEST_STEP][PASSED] - Statement - Checker = false: null

2018-12-13 15:52:01 - [TEST_STEP][PASSED] - Statement - Checker = com.kms.katalon.core.webui.keyword.WebUiBuiltInKeywords.verifyElementHasAttribute(com.kms.katalon.core.testobject.ObjectRepository.findTestObject(Final Object Repo/Landing Page/BM Detecting), "href", 20, OPTIONAL): Object 'Object Repository/Final Object Repo/Landing Page/BM Detecting' has attribute 'href'

2018-12-13 15:52:02 - [MESSAGE][PASSED] - Object 'Object Repository/Final Object Repo/Landing Page/BM Detecting' has attribute 'href'

2018-12-13 15:52:02 - [TEST_STEP][PASSED] - Statement - out.println(Checker): null

2018-12-13 15:52:02 - [TEST_STEP][PASSED] - Statement - If (Checker == false): null

2018-12-13 15:52:02 - [TEST_STEP][PASSED] - Statement - Else: null

2018-12-13 15:52:02 - [TEST_STEP][PASSED] - delay: Delayed 2 second(s)

2018-12-13 15:52:04 - [MESSAGE][PASSED] - Delayed 2 second(s)

2018-12-13 15:52:04 - [TEST_STEP][PASSED] - navigateToUrl: Navigate to 'https://assist2-uat.perkeso.gov.my/web/registration/search/search-pending-case-for-add-supporting-document' successfully

2018-12-13 15:52:04 - [MESSAGE][PASSED] - Navigate to 'https://assist2-uat.perkeso.gov.my/web/registration/search/search-pending-case-for-add-supporting-document' successfully

2018-12-13 15:52:04 - [TEST_STEP][PASSED] - click: Object: 'Object Repository/Final Object Repo/Page_Search Pending Case For Add Suporting Document/Search By' is clicked on

2018-12-13 15:52:05 - [MESSAGE][PASSED] - Object: 'Object Repository/Final Object Repo/Page_Search Pending Case For Add Suporting Document/Search By' is clicked on

2018-12-13 15:52:05 - [TEST_STEP][PASSED] - click: Object: 'Object Repository/Final Object Repo/Page_Search Pending Case For Add Suporting Document/Search By - Reference ID' is clicked on

2018-12-13 15:52:05 - [MESSAGE][PASSED] - Object: 'Object Repository/Final Object Repo/Page_Search Pending Case For Add Suporting Document/Search By - Reference ID' is clicked on

2018-12-13 15:52:05 - [TEST_STEP][PASSED] - delay: Delayed 2 second(s)

2018-12-13 15:52:07 - [MESSAGE][PASSED] - Delayed 2 second(s)

2018-12-13 15:52:07 - [TEST_STEP][PASSED] - setText: Text 'CUN122018C200001741' is set on object 'Object Repository/Final Object Repo/Page_Search Pending Case For Add Suporting Document/Reference ID'

2018-12-13 15:52:07 - [MESSAGE][PASSED] - Text 'CUN122018C200001741' is set on object 'Object Repository/Final Object Repo/Page_Search Pending Case For Add Suporting Document/Reference ID'

2018-12-13 15:52:07 - [TEST_STEP][PASSED] - click: Object: 'Object Repository/Final Object Repo/Page_Search Pending Case For Add Suporting Document/Search' is clicked on

2018-12-13 15:52:07 - [MESSAGE][PASSED] - Object: 'Object Repository/Final Object Repo/Page_Search Pending Case For Add Suporting Document/Search' is clicked on

2018-12-13 15:52:07 - [TEST_STEP][PASSED] - delay: Delayed 2 second(s)

2018-12-13 15:52:09 - [MESSAGE][PASSED] - Delayed 2 second(s)

2018-12-13 15:52:09 - [TEST_STEP][PASSED] - click: Object: 'Object Repository/Final Object Repo/Page_Search Pending Case For Add Suporting Document/Edit' is clicked on

2018-12-13 15:52:12 - [MESSAGE][PASSED] - Object: 'Object Repository/Final Object Repo/Page_Search Pending Case For Add Suporting Document/Edit' is clicked on

2018-12-13 15:52:12 - [MESSAGE][PASSED] - Call Test Case 'Test Cases/Final Aug 2018 - PKS Automation/Registration Module/Workflow/Search Pending Case For Add Supporting Document (OTC)' successfully

2018-12-13 15:52:12 - [TEST_STEP][PASSED] - click: Object: 'Object Repository/Final Object Repo/Page_Form 1A - Cessation As Employer/Page_Form 1A - Cessation As Employer (Query -OTC -UO)/Next in Form 1A Page' is clicked on

2018-12-13 15:52:14 - [MESSAGE][PASSED] - Object: 'Object Repository/Final Object Repo/Page_Form 1A - Cessation As Employer/Page_Form 1A - Cessation As Employer (Query -OTC -UO)/Next in Form 1A Page' is clicked on

2018-12-13 15:52:14 - [TEST_STEP][PASSED] - delay: Delayed 2 second(s)

2018-12-13 15:52:16 - [MESSAGE][PASSED] - Delayed 2 second(s)

2018-12-13 15:52:16 - [TEST_STEP][PASSED] - click: Object: 'Object Repository/Final Object Repo/Page_Form 1A - Cessation As Employer/Page_Form 1A - Cessation As Employer (Query -OTC -UO)/Next in Resigned Date Page' is clicked on

2018-12-13 15:52:19 - [MESSAGE][PASSED] - Object: 'Object Repository/Final Object Repo/Page_Form 1A - Cessation As Employer/Page_Form 1A - Cessation As Employer (Query -OTC -UO)/Next in Resigned Date Page' is clicked on

2018-12-13 15:52:19 - [TEST_STEP][PASSED] - delay: Delayed 2 second(s)

2018-12-13 15:52:21 - [MESSAGE][PASSED] - Delayed 2 second(s)

2018-12-13 15:52:21 - [TEST_STEP][PASSED] - click: Object: 'Object Repository/Final Object Repo/Page_Form 1A - Cessation As Employer/Page_Form 1A - Cessation As Employer (Query -OTC -UO)/Add Document' is clicked on

2018-12-13 15:52:21 - [MESSAGE][PASSED] - Object: 'Object Repository/Final Object Repo/Page_Form 1A - Cessation As Employer/Page_Form 1A - Cessation As Employer (Query -OTC -UO)/Add Document' is clicked on

2018-12-13 15:52:21 - [TEST_STEP][PASSED] - delay: Delayed 2 second(s)

2018-12-13 15:52:23 - [MESSAGE][PASSED] - Delayed 2 second(s)

2018-12-13 15:52:23 - [TEST_STEP][PASSED] - click: Object: 'Object Repository/Final Object Repo/Page_Form 1A - Cessation As Employer/Page_Form 1A - Cessation As Employer (Query -OTC -UO)/Document Type' is clicked on

2018-12-13 15:52:24 - [MESSAGE][PASSED] - Object: 'Object Repository/Final Object Repo/Page_Form 1A - Cessation As Employer/Page_Form 1A - Cessation As Employer (Query -OTC -UO)/Document Type' is clicked on

2018-12-13 15:52:24 - [TEST_STEP][PASSED] - click: Object: 'Object Repository/Final Object Repo/Page_Form 1A - Cessation As Employer/Page_Form 1A - Cessation As Employer (Query -OTC -UO)/Document Type - Others' is clicked on

2018-12-13 15:52:24 - [MESSAGE][PASSED] - Object: 'Object Repository/Final Object Repo/Page_Form 1A - Cessation As Employer/Page_Form 1A - Cessation As Employer (Query -OTC -UO)/Document Type - Others' is clicked on

2018-12-13 15:52:24 - [TEST_STEP][PASSED] - delay: Delayed 2 second(s)

2018-12-13 15:52:26 - [MESSAGE][PASSED] - Delayed 2 second(s)

2018-12-13 15:52:26 - [TEST_STEP][PASSED] - sendKeys: Keys 'C:\Users\Public\Pictures\Sample Pictures\Koala.jpg' sent to object: 'Object Repository/Final Object Repo/Page_Form 1A - Cessation As Employer/Uploading File'

2018-12-13 15:52:26 - [MESSAGE][PASSED] - Keys 'C:\Users\Public\Pictures\Sample Pictures\Koala.jpg' sent to object: 'Object Repository/Final Object Repo/Page_Form 1A - Cessation As Employer/Uploading File'

2018-12-13 15:52:26 - [TEST_STEP][PASSED] - delay: Delayed 2 second(s)

2018-12-13 15:52:28 - [MESSAGE][PASSED] - Delayed 2 second(s)

2018-12-13 15:52:28 - [TEST_STEP][PASSED] - click: Object: 'Object Repository/Final Object Repo/Page_Form 1A - Cessation As Employer/Page_Form 1A - Cessation As Employer (Query -OTC -UO)/Add Document in Uploading Page' is clicked on

2018-12-13 15:52:28 - [MESSAGE][PASSED] - Object: 'Object Repository/Final Object Repo/Page_Form 1A - Cessation As Employer/Page_Form 1A - Cessation As Employer (Query -OTC -UO)/Add Document in Uploading Page' is clicked on

2018-12-13 15:52:28 - [TEST_STEP][PASSED] - delay: Delayed 4 second(s)

2018-12-13 15:52:32 - [MESSAGE][PASSED] - Delayed 4 second(s)

2018-12-13 15:52:32 - [TEST_STEP][PASSED] - click: Object: 'Object Repository/Final Object Repo/Page_Form 1A - Cessation As Employer/Page_Form 1A - Cessation As Employer (Query -OTC -UO)/Exit' is clicked on

2018-12-13 15:52:33 - [MESSAGE][PASSED] - Object: 'Object Repository/Final Object Repo/Page_Form 1A - Cessation As Employer/Page_Form 1A - Cessation As Employer (Query -OTC -UO)/Exit' is clicked on

2018-12-13 15:52:33 - [TEST_STEP][PASSED] - delay: Delayed 1 second(s)

2018-12-13 15:52:34 - [MESSAGE][PASSED] - Delayed 1 second(s)

2018-12-13 15:52:34 - [TEST_STEP][PASSED] - navigateToUrl: Navigate to 'https://assist2-uat.perkeso.gov.my/c/portal/logout' successfully

2018-12-13 15:52:35 - [MESSAGE][PASSED] - Navigate to 'https://assist2-uat.perkeso.gov.my/c/portal/logout' successfully

2018-12-13 15:52:35 - [TEST_STEP][PASSED] - delay: Delayed 1 second(s)

2018-12-13 15:52:36 - [MESSAGE][PASSED] - Delayed 1 second(s)

2018-12-13 15:52:36 - [TEST_STEP][PASSED] - callTestCase: Call Test Case 'Test Cases/Final Aug 2018 - PKS Automation/Registration Module/Workflow/Login and Search Case For Workflow' successfully

2018-12-13 15:52:36 - [TEST_CASE][PASSED] - Test Cases/Final Aug 2018 - PKS Automation/Registration Module/Workflow/Login and Search Case For Workflow: Test Cases/Final Aug 2018 - PKS Automation/Registration Module/Workflow/Login and Search Case For Workflow

2018-12-13 15:52:36 - [TEST_STEP][PASSED] - navigateToUrl: Navigate to 'https://assist2-uat.perkeso.gov.my/login' successfully

2018-12-13 15:52:37 - [MESSAGE][PASSED] - Navigate to 'https://assist2-uat.perkeso.gov.my/login' successfully

2018-12-13 15:52:37 - [TEST_STEP][PASSED] - setText: Text 'johoruo2@gmail.com' is set on object 'Object Repository/Final Object Repo/Login Page/Internal User/Email Address'

2018-12-13 15:52:37 - [MESSAGE][PASSED] - Text 'johoruo2@gmail.com' is set on object 'Object Repository/Final Object Repo/Login Page/Internal User/Email Address'

2018-12-13 15:52:37 - [TEST_STEP][PASSED] - click: Object: 'Object Repository/Final Object Repo/Login Page/Internal User/Next Button' is clicked on

2018-12-13 15:52:37 - [MESSAGE][PASSED] - Object: 'Object Repository/Final Object Repo/Login Page/Internal User/Next Button' is clicked on

2018-12-13 15:52:37 - [TEST_STEP][PASSED] - delay: Delayed 1 second(s)

2018-12-13 15:52:38 - [MESSAGE][PASSED] - Delayed 1 second(s)

2018-12-13 15:52:38 - [TEST_STEP][PASSED] - setEncryptedText: Text ****** has been set on object 'Object Repository/Final Object Repo/Login Page/Internal User/Password'

2018-12-13 15:52:39 - [MESSAGE][PASSED] - Text ****** has been set on object 'Object Repository/Final Object Repo/Login Page/Internal User/Password'

2018-12-13 15:52:39 - [TEST_STEP][PASSED] - click: Object: 'Object Repository/Final Object Repo/Login Page/Internal User/Login Button' is clicked on

2018-12-13 15:52:39 - [MESSAGE][PASSED] - Object: 'Object Repository/Final Object Repo/Login Page/Internal User/Login Button' is clicked on

2018-12-13 15:52:39 - [TEST_STEP][PASSED] - delay: Delayed 2 second(s)

2018-12-13 15:52:41 - [MESSAGE][PASSED] - Delayed 2 second(s)

2018-12-13 15:52:41 - [TEST_STEP][PASSED] - Statement - Try: Delayed 2 second(s)

2018-12-13 15:52:41 - [TEST_STEP][PASSED] - Statement - Checker = false: null

2018-12-13 15:52:41 - [TEST_STEP][PASSED] - Statement - Checker = com.kms.katalon.core.webui.keyword.WebUiBuiltInKeywords.verifyElementHasAttribute(com.kms.katalon.core.testobject.ObjectRepository.findTestObject(Final Object Repo/Landing Page/BM Detecting), "href", 20, OPTIONAL): Object 'Object Repository/Final Object Repo/Landing Page/BM Detecting' has attribute 'href'

2018-12-13 15:52:41 - [MESSAGE][PASSED] - Object 'Object Repository/Final Object Repo/Landing Page/BM Detecting' has attribute 'href'

2018-12-13 15:52:41 - [TEST_STEP][PASSED] - Statement - out.println(Checker): null

2018-12-13 15:52:41 - [TEST_STEP][PASSED] - Statement - If (Checker == false): null

2018-12-13 15:52:41 - [TEST_STEP][PASSED] - Statement - Else: null

2018-12-13 15:52:41 - [TEST_STEP][PASSED] - delay: Delayed 2 second(s)

2018-12-13 15:52:43 - [MESSAGE][PASSED] - Delayed 2 second(s)

2018-12-13 15:52:43 - [TEST_STEP][PASSED] - click: Object: 'Object Repository/Final Object Repo/Page_MyASSIST - ASSIST - Search Pending Case For Add Supporting Document/Search Information' is clicked on

2018-12-13 15:52:43 - [MESSAGE][PASSED] - Object: 'Object Repository/Final Object Repo/Page_MyASSIST - ASSIST - Search Pending Case For Add Supporting Document/Search Information' is clicked on

2018-12-13 15:52:43 - [TEST_STEP][PASSED] - delay: Delayed 3 second(s)

2018-12-13 15:52:46 - [MESSAGE][PASSED] - Delayed 3 second(s)

2018-12-13 15:52:46 - [TEST_STEP][PASSED] - sendKeys: Keys 'CUN122018C200001741' sent to object: 'Object Repository/Final Object Repo/Page_MyASSIST - ASSIST - Search Pending Case For Add Supporting Document/Reference No'

2018-12-13 15:52:46 - [MESSAGE][PASSED] - Keys 'CUN122018C200001741' sent to object: 'Object Repository/Final Object Repo/Page_MyASSIST - ASSIST - Search Pending Case For Add Supporting Document/Reference No'

2018-12-13 15:52:46 - [TEST_STEP][PASSED] - click: Object: 'Object Repository/Final Object Repo/Page_MyASSIST - ASSIST - Search Pending Case For Add Supporting Document/Search Reference No' is clicked on

2018-12-13 15:52:46 - [MESSAGE][PASSED] - Object: 'Object Repository/Final Object Repo/Page_MyASSIST - ASSIST - Search Pending Case For Add Supporting Document/Search Reference No' is clicked on

2018-12-13 15:52:46 - [TEST_STEP][PASSED] - delay: Delayed 2 second(s)

2018-12-13 15:52:48 - [MESSAGE][PASSED] - Delayed 2 second(s)

2018-12-13 15:52:48 - [TEST_STEP][PASSED] - click: Object: 'Object Repository/Final Object Repo/Page_MyASSIST - ASSIST - Search Pending Case For Add Supporting Document/Continue' is clicked on

2018-12-13 15:52:52 - [MESSAGE][PASSED] - Object: 'Object Repository/Final Object Repo/Page_MyASSIST - ASSIST - Search Pending Case For Add Supporting Document/Continue' is clicked on

2018-12-13 15:52:52 - [TEST_STEP][PASSED] - delay: Delayed 20 second(s)

2018-12-13 15:53:12 - [MESSAGE][PASSED] - Delayed 20 second(s)

2018-12-13 15:53:12 - [MESSAGE][PASSED] - Call Test Case 'Test Cases/Final Aug 2018 - PKS Automation/Registration Module/Workflow/Login and Search Case For Workflow' successfully

2018-12-13 15:53:12 - [TEST_STEP][PASSED] - click: Object: 'Object Repository/Final Object Repo/Page_Form 1A - Cessation As Employer/Page_Form 1A - Cessation As Employer (Approve)/Save  Continue in Form 1A Page' is clicked on

2018-12-13 15:53:12 - [MESSAGE][PASSED] - Object: 'Object Repository/Final Object Repo/Page_Form 1A - Cessation As Employer/Page_Form 1A - Cessation As Employer (Approve)/Save  Continue in Form 1A Page' is clicked on

2018-12-13 15:53:12 - [TEST_STEP][PASSED] - delay: Delayed 3 second(s)

2018-12-13 15:53:15 - [MESSAGE][PASSED] - Delayed 3 second(s)

2018-12-13 15:53:15 - [TEST_STEP][PASSED] - click: Object: 'Object Repository/Final Object Repo/Page_Form 1A - Cessation As Employer/Page_Form 1A - Cessation As Employer (Approve)/Save  Continue in Update Add Employee Resigned Date Page' is clicked on

2018-12-13 15:53:15 - [MESSAGE][PASSED] - Object: 'Object Repository/Final Object Repo/Page_Form 1A - Cessation As Employer/Page_Form 1A - Cessation As Employer (Approve)/Save  Continue in Update Add Employee Resigned Date Page' is clicked on

2018-12-13 15:53:15 - [TEST_STEP][PASSED] - delay: Delayed 3 second(s)

2018-12-13 15:53:19 - [MESSAGE][PASSED] - Delayed 3 second(s)

2018-12-13 15:53:19 - [TEST_STEP][PASSED] - click: Object: 'Object Repository/Final Object Repo/Page_Form 1A - Cessation As Employer/Page_Form 1A - Cessation As Employer (Approve)/Save  Contine in Uploading Document Page' is clicked on

2018-12-13 15:53:19 - [MESSAGE][PASSED] - Object: 'Object Repository/Final Object Repo/Page_Form 1A - Cessation As Employer/Page_Form 1A - Cessation As Employer (Approve)/Save  Contine in Uploading Document Page' is clicked on

2018-12-13 15:53:19 - [TEST_STEP][PASSED] - delay: Delayed 3 second(s)

2018-12-13 15:53:22 - [MESSAGE][PASSED] - Delayed 3 second(s)

2018-12-13 15:53:22 - [TEST_STEP][PASSED] - click: Object: 'Object Repository/Final Object Repo/Page_Form 1A - Cessation As Employer/Page_Form 1A - Cessation As Employer (Approve)/Approve' is clicked on

2018-12-13 15:53:24 - [MESSAGE][PASSED] - Object: 'Object Repository/Final Object Repo/Page_Form 1A - Cessation As Employer/Page_Form 1A - Cessation As Employer (Approve)/Approve' is clicked on

2018-12-13 15:53:24 - [TEST_STEP][PASSED] - delay: Delayed 2 second(s)

2018-12-13 15:53:26 - [MESSAGE][PASSED] - Delayed 2 second(s)

2018-12-13 15:53:26 - [TEST_STEP][PASSED] - click: Object: 'Object Repository/Final Object Repo/Page_Form 1A - Cessation As Employer/Confirm' is clicked on

2018-12-13 15:53:26 - [MESSAGE][PASSED] - Object: 'Object Repository/Final Object Repo/Page_Form 1A - Cessation As Employer/Confirm' is clicked on

2018-12-13 15:53:26 - [TEST_STEP][PASSED] - delay: Delayed 2 second(s)

2018-12-13 15:53:28 - [MESSAGE][PASSED] - Delayed 2 second(s)

2018-12-13 15:53:28 - [TEST_STEP][PASSED] - click: Object: 'Object Repository/Final Object Repo/Page_Form 1A - Cessation As Employer/Page_Form 1A - Cessation As Employer (Approve)/Message Your Request    Form 1A ' is clicked on

2018-12-13 15:53:36 - [MESSAGE][PASSED] - Object: 'Object Repository/Final Object Repo/Page_Form 1A - Cessation As Employer/Page_Form 1A - Cessation As Employer (Approve)/Message Your Request    Form 1A ' is clicked on

2018-12-13 15:53:36 - [TEST_STEP][PASSED] - delay: Delayed 2 second(s)

2018-12-13 15:53:38 - [MESSAGE][PASSED] - Delayed 2 second(s)

2018-12-13 15:53:38 - [TEST_STEP][PASSED] - click: Object: 'Object Repository/Final Object Repo/Page_Form 1A - Cessation As Employer/Page_Form 1A - Cessation As Employer (Approve)/Letter of successful update' is clicked on

2018-12-13 15:53:39 - [MESSAGE][PASSED] - Object: 'Object Repository/Final Object Repo/Page_Form 1A - Cessation As Employer/Page_Form 1A - Cessation As Employer (Approve)/Letter of successful update' is clicked on

2018-12-13 15:53:39 - [MESSAGE][PASSED] - Call Test Case 'Test Cases/Final Aug 2018 - PKS Automation/Registration Module/Workflow/Form 1A - Cessation As Employer/Template/Form 1 A - Cessation As Employer (Query)' successfully]]></system-out>
         <system-err><![CDATA[]]></system-err>
      </testcase>
      <testcase name="Test Cases/Final Aug 2018 - PKS Automation/Registration Module/Workflow/Form 1A - Cessation As Employer/OTC to UO (Reject)" classname="Test Cases/Final Aug 2018 - PKS Automation/Registration Module/Workflow/Form 1A - Cessation As Employer/OTC to UO (Reject)" status="PASSED">
         <system-out><![CDATA[2018-12-13 15:53:39 - [TEST_CASE][PASSED] - Test Cases/Final Aug 2018 - PKS Automation/Registration Module/Workflow/Form 1A - Cessation As Employer/OTC to UO (Reject): Test Cases/Final Aug 2018 - PKS Automation/Registration Module/Workflow/Form 1A - Cessation As Employer/OTC to UO (Reject)

2018-12-13 15:53:39 - [TEST_STEP][PASSED] - callTestCase: Call Test Case 'Test Cases/Final Aug 2018 - PKS Automation/Registration Module/Workflow/Form 1A - Cessation As Employer/Template/Form 1 A - Cessation As Employer (OTC)' successfully

2018-12-13 15:53:39 - [TEST_CASE][PASSED] - Test Cases/Final Aug 2018 - PKS Automation/Registration Module/Workflow/Form 1A - Cessation As Employer/Template/Form 1 A - Cessation As Employer (OTC): Test Cases/Final Aug 2018 - PKS Automation/Registration Module/Workflow/Form 1A - Cessation As Employer/Template/Form 1 A - Cessation As Employer (OTC)

2018-12-13 15:53:39 - [TEST_STEP][PASSED] - openBrowser: Browser is opened with url: ''

2018-12-13 15:53:39 - [MESSAGE][WARNING] - A browser is already opened. Closing browser and opening a new one

2018-12-13 15:53:42 - [MESSAGE][PASSED] - Browser is opened with url: ''

2018-12-13 15:53:42 - [TEST_STEP][PASSED] - navigateToUrl: Navigate to 'https://assist2-uat.perkeso.gov.my/login' successfully

2018-12-13 15:53:46 - [MESSAGE][PASSED] - Navigate to 'https://assist2-uat.perkeso.gov.my/login' successfully

2018-12-13 15:53:46 - [TEST_STEP][PASSED] - setText: Text 'johorotc1@gmail.com' is set on object 'Object Repository/Final Object Repo/Login Page/Internal User/Email Address'

2018-12-13 15:53:47 - [MESSAGE][PASSED] - Text 'johorotc1@gmail.com' is set on object 'Object Repository/Final Object Repo/Login Page/Internal User/Email Address'

2018-12-13 15:53:47 - [TEST_STEP][PASSED] - click: Object: 'Object Repository/Final Object Repo/Login Page/Internal User/Next Button' is clicked on

2018-12-13 15:53:47 - [MESSAGE][PASSED] - Object: 'Object Repository/Final Object Repo/Login Page/Internal User/Next Button' is clicked on

2018-12-13 15:53:47 - [TEST_STEP][PASSED] - delay: Delayed 1 second(s)

2018-12-13 15:53:48 - [MESSAGE][PASSED] - Delayed 1 second(s)

2018-12-13 15:53:48 - [TEST_STEP][PASSED] - setEncryptedText: Text ****** has been set on object 'Object Repository/Final Object Repo/Login Page/Internal User/Password'

2018-12-13 15:53:48 - [MESSAGE][PASSED] - Text ****** has been set on object 'Object Repository/Final Object Repo/Login Page/Internal User/Password'

2018-12-13 15:53:48 - [TEST_STEP][PASSED] - click: Object: 'Object Repository/Final Object Repo/Login Page/Internal User/Login Button' is clicked on

2018-12-13 15:53:48 - [MESSAGE][PASSED] - Object: 'Object Repository/Final Object Repo/Login Page/Internal User/Login Button' is clicked on

2018-12-13 15:53:48 - [TEST_STEP][PASSED] - delay: Delayed 1 second(s)

2018-12-13 15:53:49 - [MESSAGE][PASSED] - Delayed 1 second(s)

2018-12-13 15:53:49 - [TEST_STEP][PASSED] - Statement - Try: Delayed 2 second(s)

2018-12-13 15:53:49 - [TEST_STEP][PASSED] - Statement - Checker = false: null

2018-12-13 15:53:49 - [TEST_STEP][PASSED] - Statement - Checker = com.kms.katalon.core.webui.keyword.WebUiBuiltInKeywords.verifyElementHasAttribute(com.kms.katalon.core.testobject.ObjectRepository.findTestObject(Final Object Repo/Landing Page/BM Detecting), "href", 20, OPTIONAL): Object 'Object Repository/Final Object Repo/Landing Page/BM Detecting' has attribute 'href'

2018-12-13 15:53:51 - [MESSAGE][PASSED] - Object 'Object Repository/Final Object Repo/Landing Page/BM Detecting' has attribute 'href'

2018-12-13 15:53:51 - [TEST_STEP][PASSED] - Statement - out.println(Checker): null

2018-12-13 15:53:51 - [TEST_STEP][PASSED] - Statement - If (Checker == false): null

2018-12-13 15:53:51 - [TEST_STEP][PASSED] - Statement - Else: null

2018-12-13 15:53:51 - [TEST_STEP][PASSED] - delay: Delayed 2 second(s)

2018-12-13 15:53:53 - [MESSAGE][PASSED] - Delayed 2 second(s)

2018-12-13 15:53:53 - [TEST_STEP][PASSED] - navigateToUrl: Navigate to 'https://assist2-uat.perkeso.gov.my/web/registration/update/form-1a-cessation-as-employer-discontinue-business-' successfully

2018-12-13 15:53:54 - [MESSAGE][PASSED] - Navigate to 'https://assist2-uat.perkeso.gov.my/web/registration/update/form-1a-cessation-as-employer-discontinue-business-' successfully

2018-12-13 15:53:54 - [TEST_STEP][PASSED] - setText: Text 'E1102069770Z' is set on object 'Object Repository/Final Object Repo/Page_Update Employer Information/Employer Code'

2018-12-13 15:53:54 - [MESSAGE][PASSED] - Text 'E1102069770Z' is set on object 'Object Repository/Final Object Repo/Page_Update Employer Information/Employer Code'

2018-12-13 15:53:54 - [TEST_STEP][PASSED] - click: Object: 'Object Repository/Final Object Repo/Page_Update Employer Information/Search Button' is clicked on

2018-12-13 15:53:54 - [MESSAGE][PASSED] - Object: 'Object Repository/Final Object Repo/Page_Update Employer Information/Search Button' is clicked on

2018-12-13 15:53:54 - [TEST_STEP][PASSED] - click: Object: 'Object Repository/Final Object Repo/Page_Update Employer Information/Edit Button' is clicked on

2018-12-13 15:53:57 - [MESSAGE][PASSED] - Object: 'Object Repository/Final Object Repo/Page_Update Employer Information/Edit Button' is clicked on

2018-12-13 15:53:57 - [TEST_STEP][PASSED] - Statement - abc = com.kms.katalon.core.webui.keyword.WebUiBuiltInKeywords.getAttribute(com.kms.katalon.core.testobject.ObjectRepository.findTestObject(Final Object Repo/Page_Form 1A - Cessation As Employer/Employer Status), "value"): Attribute 'value' of object 'Object Repository/Final Object Repo/Page_Form 1A - Cessation As Employer/Employer Status' is: 'Dormant'

2018-12-13 15:53:57 - [MESSAGE][PASSED] - Attribute 'value' of object 'Object Repository/Final Object Repo/Page_Form 1A - Cessation As Employer/Employer Status' is: 'Dormant'

2018-12-13 15:53:57 - [TEST_STEP][PASSED] - Statement - out.println(abc): null

2018-12-13 15:53:57 - [TEST_STEP][PASSED] - Statement - If (abc == "Active"): null

2018-12-13 15:53:57 - [TEST_STEP][PASSED] - Statement - Else If (abc == "Cancel"): null

2018-12-13 15:53:57 - [TEST_STEP][PASSED] - Statement - Else If (abc == "Dormant"): Object: 'Object Repository/Final Object Repo/Page_Form 1A - Cessation As Employer/Change Employer Status to - Dormant' is clicked on

2018-12-13 15:53:57 - [TEST_STEP][PASSED] - click: Object: 'Object Repository/Final Object Repo/Page_Form 1A - Cessation As Employer/Change Employer Status to' is clicked on

2018-12-13 15:53:58 - [MESSAGE][PASSED] - Object: 'Object Repository/Final Object Repo/Page_Form 1A - Cessation As Employer/Change Employer Status to' is clicked on

2018-12-13 15:53:58 - [TEST_STEP][PASSED] - click: Object: 'Object Repository/Final Object Repo/Page_Form 1A - Cessation As Employer/Change Employer Status to - Dormant' is clicked on

2018-12-13 15:53:58 - [MESSAGE][PASSED] - Object: 'Object Repository/Final Object Repo/Page_Form 1A - Cessation As Employer/Change Employer Status to - Dormant' is clicked on

2018-12-13 15:53:58 - [TEST_STEP][PASSED] - click: Object: 'Object Repository/Final Object Repo/Page_Form 1A - Cessation As Employer/Calender' is clicked on

2018-12-13 15:53:58 - [MESSAGE][PASSED] - Object: 'Object Repository/Final Object Repo/Page_Form 1A - Cessation As Employer/Calender' is clicked on

2018-12-13 15:53:58 - [TEST_STEP][PASSED] - click: Object: 'Object Repository/Final Object Repo/Page_Form 1A - Cessation As Employer/Calender - Date' is clicked on

2018-12-13 15:53:58 - [MESSAGE][PASSED] - Object: 'Object Repository/Final Object Repo/Page_Form 1A - Cessation As Employer/Calender - Date' is clicked on

2018-12-13 15:53:58 - [TEST_STEP][PASSED] - delay: Delayed 2 second(s)

2018-12-13 15:54:00 - [MESSAGE][PASSED] - Delayed 2 second(s)

2018-12-13 15:54:00 - [TEST_STEP][PASSED] - click: Object: 'Object Repository/Final Object Repo/Page_Form 1A - Cessation As Employer/Save  Continue in Form 1A Page' is clicked on

2018-12-13 15:54:01 - [MESSAGE][PASSED] - Object: 'Object Repository/Final Object Repo/Page_Form 1A - Cessation As Employer/Save  Continue in Form 1A Page' is clicked on

2018-12-13 15:54:01 - [TEST_STEP][PASSED] - delay: Delayed 2 second(s)

2018-12-13 15:54:03 - [MESSAGE][PASSED] - Delayed 2 second(s)

2018-12-13 15:54:03 - [TEST_STEP][PASSED] - click: Object: 'Object Repository/Final Object Repo/Page_Form 1A - Cessation As Employer/Employment Resign Date' is clicked on

2018-12-13 15:54:03 - [MESSAGE][PASSED] - Object: 'Object Repository/Final Object Repo/Page_Form 1A - Cessation As Employer/Employment Resign Date' is clicked on

2018-12-13 15:54:03 - [TEST_STEP][PASSED] - delay: Delayed 1 second(s)

2018-12-13 15:54:04 - [MESSAGE][PASSED] - Delayed 1 second(s)

2018-12-13 15:54:04 - [TEST_STEP][PASSED] - Statement - CaseReferenceNo = com.kms.katalon.core.webui.keyword.WebUiBuiltInKeywords.getText(com.kms.katalon.core.testobject.ObjectRepository.findTestObject(Final Object Repo/Page_Update Employer Information/Reference Number in Update Employee Information Page)): Text of object 'Object Repository/Final Object Repo/Page_Update Employer Information/Reference Number in Update Employee Information Page' is: 'CUN122018C200001742'

2018-12-13 15:54:04 - [MESSAGE][PASSED] - Text of object 'Object Repository/Final Object Repo/Page_Update Employer Information/Reference Number in Update Employee Information Page' is: 'CUN122018C200001742'

2018-12-13 15:54:04 - [TEST_STEP][PASSED] - callTestCase: Call Test Case 'Test Cases/Final Aug 2018 - PKS Automation/Common/Reference Number Setter' successfully

2018-12-13 15:54:04 - [TEST_CASE][PASSED] - Test Cases/Final Aug 2018 - PKS Automation/Common/Reference Number Setter: Test Cases/Final Aug 2018 - PKS Automation/Common/Reference Number Setter

2018-12-13 15:54:04 - [TEST_STEP][PASSED] - Statement - RefNoOldFile = new java.io.File(C://Users//Admin//Desktop//PKS//Automation Reference Point//KatalonReference.txt): null

2018-12-13 15:54:04 - [TEST_STEP][PASSED] - Statement - RefNoOldFile.delete(): null

2018-12-13 15:54:04 - [TEST_STEP][PASSED] - delay: Delayed 5 second(s)

2018-12-13 15:54:09 - [MESSAGE][PASSED] - Delayed 5 second(s)

2018-12-13 15:54:09 - [TEST_STEP][PASSED] - Statement - RefNo = new java.io.File(C://Users//Admin//Desktop//PKS//Automation Reference Point//KatalonReference.txt): null

2018-12-13 15:54:09 - [TEST_STEP][PASSED] - Statement - f2 = new java.io.FileWriter(RefNo, false): null

2018-12-13 15:54:09 - [TEST_STEP][PASSED] - Statement - f2.write(CaseReferenceNo): null

2018-12-13 15:54:09 - [TEST_STEP][PASSED] - Statement - f2.close(): null

2018-12-13 15:54:09 - [TEST_STEP][PASSED] - Statement - out.println("


" + CaseReferenceNo + "


"): null

2018-12-13 15:54:09 - [MESSAGE][PASSED] - Call Test Case 'Test Cases/Final Aug 2018 - PKS Automation/Common/Reference Number Setter' successfully

2018-12-13 15:54:09 - [TEST_STEP][PASSED] - selectOptionByValue: All options with value '2030' are selected in object 'Object Repository/Final Object Repo/Page_Form 1A - Cessation As Employer/Employment Resign Date - Year' 

2018-12-13 15:54:10 - [MESSAGE][PASSED] - All options with value '2030' are selected in object 'Object Repository/Final Object Repo/Page_Form 1A - Cessation As Employer/Employment Resign Date - Year' 

2018-12-13 15:54:10 - [TEST_STEP][PASSED] - delay: Delayed 1 second(s)

2018-12-13 15:54:11 - [MESSAGE][PASSED] - Delayed 1 second(s)

2018-12-13 15:54:11 - [TEST_STEP][PASSED] - click: Object: 'Object Repository/Final Object Repo/Page_Form 1A - Cessation As Employer/Employment Resign Date - Year - Date' is clicked on

2018-12-13 15:54:11 - [MESSAGE][PASSED] - Object: 'Object Repository/Final Object Repo/Page_Form 1A - Cessation As Employer/Employment Resign Date - Year - Date' is clicked on

2018-12-13 15:54:11 - [TEST_STEP][PASSED] - delay: Delayed 2 second(s)

2018-12-13 15:54:13 - [MESSAGE][PASSED] - Delayed 2 second(s)

2018-12-13 15:54:13 - [TEST_STEP][PASSED] - click: Object: 'Object Repository/Final Object Repo/Page_Form 1A - Cessation As Employer/Save  Continue in Update Add Employee Resigned Date Page' is clicked on

2018-12-13 15:54:13 - [MESSAGE][PASSED] - Object: 'Object Repository/Final Object Repo/Page_Form 1A - Cessation As Employer/Save  Continue in Update Add Employee Resigned Date Page' is clicked on

2018-12-13 15:54:13 - [TEST_STEP][PASSED] - delay: Delayed 2 second(s)

2018-12-13 15:54:15 - [MESSAGE][PASSED] - Delayed 2 second(s)

2018-12-13 15:54:15 - [TEST_STEP][PASSED] - click: Object: 'Object Repository/Final Object Repo/Page_Form 1A - Cessation As Employer/Set Latest - Yes' is clicked on

2018-12-13 15:54:15 - [MESSAGE][PASSED] - Object: 'Object Repository/Final Object Repo/Page_Form 1A - Cessation As Employer/Set Latest - Yes' is clicked on

2018-12-13 15:54:15 - [TEST_STEP][PASSED] - delay: Delayed 2 second(s)

2018-12-13 15:54:17 - [MESSAGE][PASSED] - Delayed 2 second(s)

2018-12-13 15:54:17 - [TEST_STEP][PASSED] - click: Object: 'Object Repository/Final Object Repo/Page_Form 1A - Cessation As Employer/Add Document' is clicked on

2018-12-13 15:54:18 - [MESSAGE][PASSED] - Object: 'Object Repository/Final Object Repo/Page_Form 1A - Cessation As Employer/Add Document' is clicked on

2018-12-13 15:54:18 - [TEST_STEP][PASSED] - delay: Delayed 2 second(s)

2018-12-13 15:54:20 - [MESSAGE][PASSED] - Delayed 2 second(s)

2018-12-13 15:54:20 - [TEST_STEP][PASSED] - click: Object: 'Object Repository/Final Object Repo/Page_Form 1A - Cessation As Employer/Document Type' is clicked on

2018-12-13 15:54:21 - [MESSAGE][PASSED] - Object: 'Object Repository/Final Object Repo/Page_Form 1A - Cessation As Employer/Document Type' is clicked on

2018-12-13 15:54:21 - [TEST_STEP][PASSED] - delay: Delayed 2 second(s)

2018-12-13 15:54:23 - [MESSAGE][PASSED] - Delayed 2 second(s)

2018-12-13 15:54:23 - [TEST_STEP][PASSED] - click: Object: 'Object Repository/Final Object Repo/Page_Form 1A - Cessation As Employer/Document Type - Supporting Document For Cessation' is clicked on

2018-12-13 15:54:24 - [MESSAGE][PASSED] - Object: 'Object Repository/Final Object Repo/Page_Form 1A - Cessation As Employer/Document Type - Supporting Document For Cessation' is clicked on

2018-12-13 15:54:24 - [TEST_STEP][PASSED] - delay: Delayed 2 second(s)

2018-12-13 15:54:26 - [MESSAGE][PASSED] - Delayed 2 second(s)

2018-12-13 15:54:26 - [TEST_STEP][PASSED] - sendKeys: Keys 'C:\Users\Public\Pictures\Sample Pictures\Koala.jpg' sent to object: 'Object Repository/Final Object Repo/Page_Form 1A - Cessation As Employer/Uploading File'

2018-12-13 15:54:26 - [MESSAGE][PASSED] - Keys 'C:\Users\Public\Pictures\Sample Pictures\Koala.jpg' sent to object: 'Object Repository/Final Object Repo/Page_Form 1A - Cessation As Employer/Uploading File'

2018-12-13 15:54:26 - [TEST_STEP][PASSED] - delay: Delayed 2 second(s)

2018-12-13 15:54:28 - [MESSAGE][PASSED] - Delayed 2 second(s)

2018-12-13 15:54:28 - [TEST_STEP][PASSED] - click: Object: 'Object Repository/Final Object Repo/Page_Form 1A - Cessation As Employer/Add Document in Uploading Page' is clicked on

2018-12-13 15:54:28 - [MESSAGE][PASSED] - Object: 'Object Repository/Final Object Repo/Page_Form 1A - Cessation As Employer/Add Document in Uploading Page' is clicked on

2018-12-13 15:54:28 - [TEST_STEP][PASSED] - delay: Delayed 20 second(s)

2018-12-13 15:54:48 - [MESSAGE][PASSED] - Delayed 20 second(s)

2018-12-13 15:54:48 - [TEST_STEP][PASSED] - click: Object: 'Object Repository/Final Object Repo/Page_Form 1A - Cessation As Employer/Save  Continue in Uploading Page' is clicked on

2018-12-13 15:54:48 - [MESSAGE][PASSED] - Object: 'Object Repository/Final Object Repo/Page_Form 1A - Cessation As Employer/Save  Continue in Uploading Page' is clicked on

2018-12-13 15:54:48 - [TEST_STEP][PASSED] - delay: Delayed 2 second(s)

2018-12-13 15:54:50 - [MESSAGE][PASSED] - Delayed 2 second(s)

2018-12-13 15:54:50 - [TEST_STEP][PASSED] - click: Object: 'Object Repository/Final Object Repo/Page_Form 1A - Cessation As Employer/Submit2' is clicked on

2018-12-13 15:54:54 - [MESSAGE][PASSED] - Object: 'Object Repository/Final Object Repo/Page_Form 1A - Cessation As Employer/Submit2' is clicked on

2018-12-13 15:54:54 - [TEST_STEP][PASSED] - delay: Delayed 2 second(s)

2018-12-13 15:54:56 - [MESSAGE][PASSED] - Delayed 2 second(s)

2018-12-13 15:54:56 - [TEST_STEP][PASSED] - click: Object: 'Object Repository/Final Object Repo/Page_Form 1A - Cessation As Employer/Confirm' is clicked on

2018-12-13 15:54:56 - [MESSAGE][PASSED] - Object: 'Object Repository/Final Object Repo/Page_Form 1A - Cessation As Employer/Confirm' is clicked on

2018-12-13 15:54:56 - [TEST_STEP][PASSED] - delay: Delayed 2 second(s)

2018-12-13 15:54:58 - [MESSAGE][PASSED] - Delayed 2 second(s)

2018-12-13 15:54:58 - [TEST_STEP][PASSED] - verifyElementVisible: Object 'Object Repository/Final Object Repo/Page_Form 1A - Cessation As Employer/Message Your Request will be routed to UO' is visible

2018-12-13 15:55:02 - [MESSAGE][PASSED] - Object 'Object Repository/Final Object Repo/Page_Form 1A - Cessation As Employer/Message Your Request will be routed to UO' is visible

2018-12-13 15:55:02 - [TEST_STEP][PASSED] - delay: Delayed 1 second(s)

2018-12-13 15:55:03 - [MESSAGE][PASSED] - Delayed 1 second(s)

2018-12-13 15:55:03 - [TEST_STEP][PASSED] - verifyElementVisible: Object 'Object Repository/Final Object Repo/Page_Form 1A - Cessation As Employer/Letter of acknowledgement' is visible

2018-12-13 15:55:03 - [MESSAGE][PASSED] - Object 'Object Repository/Final Object Repo/Page_Form 1A - Cessation As Employer/Letter of acknowledgement' is visible

2018-12-13 15:55:03 - [MESSAGE][PASSED] - Call Test Case 'Test Cases/Final Aug 2018 - PKS Automation/Registration Module/Workflow/Form 1A - Cessation As Employer/Template/Form 1 A - Cessation As Employer (OTC)' successfully

2018-12-13 15:55:03 - [TEST_STEP][PASSED] - callTestCase: Call Test Case 'Test Cases/Final Aug 2018 - PKS Automation/Registration Module/Workflow/Form 1A - Cessation As Employer/Template/Form 1 A - Cessation As Employer (Reject)' successfully

2018-12-13 15:55:03 - [TEST_CASE][PASSED] - Test Cases/Final Aug 2018 - PKS Automation/Registration Module/Workflow/Form 1A - Cessation As Employer/Template/Form 1 A - Cessation As Employer (Reject): Test Cases/Final Aug 2018 - PKS Automation/Registration Module/Workflow/Form 1A - Cessation As Employer/Template/Form 1 A - Cessation As Employer (Reject)

2018-12-13 15:55:03 - [TEST_STEP][PASSED] - callTestCase: Call Test Case 'Test Cases/Final Aug 2018 - PKS Automation/Registration Module/Workflow/Form 1A - Cessation As Employer/Template/Form 1 A - Cessation As Employer (OTC)' successfully

2018-12-13 15:55:03 - [TEST_CASE][PASSED] - Test Cases/Final Aug 2018 - PKS Automation/Registration Module/Workflow/Form 1A - Cessation As Employer/Template/Form 1 A - Cessation As Employer (OTC): Test Cases/Final Aug 2018 - PKS Automation/Registration Module/Workflow/Form 1A - Cessation As Employer/Template/Form 1 A - Cessation As Employer (OTC)

2018-12-13 15:55:03 - [TEST_STEP][PASSED] - openBrowser: Browser is opened with url: ''

2018-12-13 15:55:03 - [MESSAGE][WARNING] - A browser is already opened. Closing browser and opening a new one

2018-12-13 15:55:06 - [MESSAGE][PASSED] - Browser is opened with url: ''

2018-12-13 15:55:06 - [TEST_STEP][PASSED] - navigateToUrl: Navigate to 'https://assist2-uat.perkeso.gov.my/login' successfully

2018-12-13 15:55:07 - [MESSAGE][PASSED] - Navigate to 'https://assist2-uat.perkeso.gov.my/login' successfully

2018-12-13 15:55:07 - [TEST_STEP][PASSED] - setText: Text 'johorotc1@gmail.com' is set on object 'Object Repository/Final Object Repo/Login Page/Internal User/Email Address'

2018-12-13 15:55:08 - [MESSAGE][PASSED] - Text 'johorotc1@gmail.com' is set on object 'Object Repository/Final Object Repo/Login Page/Internal User/Email Address'

2018-12-13 15:55:08 - [TEST_STEP][PASSED] - click: Object: 'Object Repository/Final Object Repo/Login Page/Internal User/Next Button' is clicked on

2018-12-13 15:55:08 - [MESSAGE][PASSED] - Object: 'Object Repository/Final Object Repo/Login Page/Internal User/Next Button' is clicked on

2018-12-13 15:55:08 - [TEST_STEP][PASSED] - delay: Delayed 1 second(s)

2018-12-13 15:55:09 - [MESSAGE][PASSED] - Delayed 1 second(s)

2018-12-13 15:55:09 - [TEST_STEP][PASSED] - setEncryptedText: Text ****** has been set on object 'Object Repository/Final Object Repo/Login Page/Internal User/Password'

2018-12-13 15:55:10 - [MESSAGE][PASSED] - Text ****** has been set on object 'Object Repository/Final Object Repo/Login Page/Internal User/Password'

2018-12-13 15:55:10 - [TEST_STEP][PASSED] - click: Object: 'Object Repository/Final Object Repo/Login Page/Internal User/Login Button' is clicked on

2018-12-13 15:55:10 - [MESSAGE][PASSED] - Object: 'Object Repository/Final Object Repo/Login Page/Internal User/Login Button' is clicked on

2018-12-13 15:55:10 - [TEST_STEP][PASSED] - delay: Delayed 1 second(s)

2018-12-13 15:55:11 - [MESSAGE][PASSED] - Delayed 1 second(s)

2018-12-13 15:55:11 - [TEST_STEP][PASSED] - Statement - Try: Delayed 2 second(s)

2018-12-13 15:55:11 - [TEST_STEP][PASSED] - Statement - Checker = false: null

2018-12-13 15:55:11 - [TEST_STEP][PASSED] - Statement - Checker = com.kms.katalon.core.webui.keyword.WebUiBuiltInKeywords.verifyElementHasAttribute(com.kms.katalon.core.testobject.ObjectRepository.findTestObject(Final Object Repo/Landing Page/BM Detecting), "href", 20, OPTIONAL): Object 'Object Repository/Final Object Repo/Landing Page/BM Detecting' has attribute 'href'

2018-12-13 15:55:12 - [MESSAGE][PASSED] - Object 'Object Repository/Final Object Repo/Landing Page/BM Detecting' has attribute 'href'

2018-12-13 15:55:12 - [TEST_STEP][PASSED] - Statement - out.println(Checker): null

2018-12-13 15:55:12 - [TEST_STEP][PASSED] - Statement - If (Checker == false): null

2018-12-13 15:55:12 - [TEST_STEP][PASSED] - Statement - Else: null

2018-12-13 15:55:12 - [TEST_STEP][PASSED] - delay: Delayed 2 second(s)

2018-12-13 15:55:14 - [MESSAGE][PASSED] - Delayed 2 second(s)

2018-12-13 15:55:14 - [TEST_STEP][PASSED] - navigateToUrl: Navigate to 'https://assist2-uat.perkeso.gov.my/web/registration/update/form-1a-cessation-as-employer-discontinue-business-' successfully

2018-12-13 15:55:15 - [MESSAGE][PASSED] - Navigate to 'https://assist2-uat.perkeso.gov.my/web/registration/update/form-1a-cessation-as-employer-discontinue-business-' successfully

2018-12-13 15:55:15 - [TEST_STEP][PASSED] - setText: Text 'E1102069770Z' is set on object 'Object Repository/Final Object Repo/Page_Update Employer Information/Employer Code'

2018-12-13 15:55:15 - [MESSAGE][PASSED] - Text 'E1102069770Z' is set on object 'Object Repository/Final Object Repo/Page_Update Employer Information/Employer Code'

2018-12-13 15:55:15 - [TEST_STEP][PASSED] - click: Object: 'Object Repository/Final Object Repo/Page_Update Employer Information/Search Button' is clicked on

2018-12-13 15:55:16 - [MESSAGE][PASSED] - Object: 'Object Repository/Final Object Repo/Page_Update Employer Information/Search Button' is clicked on

2018-12-13 15:55:16 - [TEST_STEP][PASSED] - click: Object: 'Object Repository/Final Object Repo/Page_Update Employer Information/Edit Button' is clicked on

2018-12-13 15:55:20 - [MESSAGE][PASSED] - Object: 'Object Repository/Final Object Repo/Page_Update Employer Information/Edit Button' is clicked on

2018-12-13 15:55:20 - [TEST_STEP][PASSED] - Statement - abc = com.kms.katalon.core.webui.keyword.WebUiBuiltInKeywords.getAttribute(com.kms.katalon.core.testobject.ObjectRepository.findTestObject(Final Object Repo/Page_Form 1A - Cessation As Employer/Employer Status), "value"): Attribute 'value' of object 'Object Repository/Final Object Repo/Page_Form 1A - Cessation As Employer/Employer Status' is: 'Dormant'

2018-12-13 15:55:20 - [MESSAGE][PASSED] - Attribute 'value' of object 'Object Repository/Final Object Repo/Page_Form 1A - Cessation As Employer/Employer Status' is: 'Dormant'

2018-12-13 15:55:20 - [TEST_STEP][PASSED] - Statement - out.println(abc): null

2018-12-13 15:55:20 - [TEST_STEP][PASSED] - Statement - If (abc == "Active"): null

2018-12-13 15:55:20 - [TEST_STEP][PASSED] - Statement - Else If (abc == "Cancel"): null

2018-12-13 15:55:20 - [TEST_STEP][PASSED] - Statement - Else If (abc == "Dormant"): Object: 'Object Repository/Final Object Repo/Page_Form 1A - Cessation As Employer/Change Employer Status to - Dormant' is clicked on

2018-12-13 15:55:20 - [TEST_STEP][PASSED] - click: Object: 'Object Repository/Final Object Repo/Page_Form 1A - Cessation As Employer/Change Employer Status to' is clicked on

2018-12-13 15:55:20 - [MESSAGE][PASSED] - Object: 'Object Repository/Final Object Repo/Page_Form 1A - Cessation As Employer/Change Employer Status to' is clicked on

2018-12-13 15:55:20 - [TEST_STEP][PASSED] - click: Object: 'Object Repository/Final Object Repo/Page_Form 1A - Cessation As Employer/Change Employer Status to - Dormant' is clicked on

2018-12-13 15:55:20 - [MESSAGE][PASSED] - Object: 'Object Repository/Final Object Repo/Page_Form 1A - Cessation As Employer/Change Employer Status to - Dormant' is clicked on

2018-12-13 15:55:20 - [TEST_STEP][PASSED] - click: Object: 'Object Repository/Final Object Repo/Page_Form 1A - Cessation As Employer/Calender' is clicked on

2018-12-13 15:55:21 - [MESSAGE][PASSED] - Object: 'Object Repository/Final Object Repo/Page_Form 1A - Cessation As Employer/Calender' is clicked on

2018-12-13 15:55:21 - [TEST_STEP][PASSED] - click: Object: 'Object Repository/Final Object Repo/Page_Form 1A - Cessation As Employer/Calender - Date' is clicked on

2018-12-13 15:55:21 - [MESSAGE][PASSED] - Object: 'Object Repository/Final Object Repo/Page_Form 1A - Cessation As Employer/Calender - Date' is clicked on

2018-12-13 15:55:21 - [TEST_STEP][PASSED] - delay: Delayed 2 second(s)

2018-12-13 15:55:23 - [MESSAGE][PASSED] - Delayed 2 second(s)

2018-12-13 15:55:23 - [TEST_STEP][PASSED] - click: Object: 'Object Repository/Final Object Repo/Page_Form 1A - Cessation As Employer/Save  Continue in Form 1A Page' is clicked on

2018-12-13 15:55:23 - [MESSAGE][PASSED] - Object: 'Object Repository/Final Object Repo/Page_Form 1A - Cessation As Employer/Save  Continue in Form 1A Page' is clicked on

2018-12-13 15:55:23 - [TEST_STEP][PASSED] - delay: Delayed 2 second(s)

2018-12-13 15:55:25 - [MESSAGE][PASSED] - Delayed 2 second(s)

2018-12-13 15:55:25 - [TEST_STEP][PASSED] - click: Object: 'Object Repository/Final Object Repo/Page_Form 1A - Cessation As Employer/Employment Resign Date' is clicked on

2018-12-13 15:55:25 - [MESSAGE][PASSED] - Object: 'Object Repository/Final Object Repo/Page_Form 1A - Cessation As Employer/Employment Resign Date' is clicked on

2018-12-13 15:55:25 - [TEST_STEP][PASSED] - delay: Delayed 1 second(s)

2018-12-13 15:55:26 - [MESSAGE][PASSED] - Delayed 1 second(s)

2018-12-13 15:55:26 - [TEST_STEP][PASSED] - Statement - CaseReferenceNo = com.kms.katalon.core.webui.keyword.WebUiBuiltInKeywords.getText(com.kms.katalon.core.testobject.ObjectRepository.findTestObject(Final Object Repo/Page_Update Employer Information/Reference Number in Update Employee Information Page)): Text of object 'Object Repository/Final Object Repo/Page_Update Employer Information/Reference Number in Update Employee Information Page' is: 'CUN122018C200001743'

2018-12-13 15:55:26 - [MESSAGE][PASSED] - Text of object 'Object Repository/Final Object Repo/Page_Update Employer Information/Reference Number in Update Employee Information Page' is: 'CUN122018C200001743'

2018-12-13 15:55:26 - [TEST_STEP][PASSED] - callTestCase: Call Test Case 'Test Cases/Final Aug 2018 - PKS Automation/Common/Reference Number Setter' successfully

2018-12-13 15:55:26 - [TEST_CASE][PASSED] - Test Cases/Final Aug 2018 - PKS Automation/Common/Reference Number Setter: Test Cases/Final Aug 2018 - PKS Automation/Common/Reference Number Setter

2018-12-13 15:55:26 - [TEST_STEP][PASSED] - Statement - RefNoOldFile = new java.io.File(C://Users//Admin//Desktop//PKS//Automation Reference Point//KatalonReference.txt): null

2018-12-13 15:55:26 - [TEST_STEP][PASSED] - Statement - RefNoOldFile.delete(): null

2018-12-13 15:55:26 - [TEST_STEP][PASSED] - delay: Delayed 5 second(s)

2018-12-13 15:55:31 - [MESSAGE][PASSED] - Delayed 5 second(s)

2018-12-13 15:55:31 - [TEST_STEP][PASSED] - Statement - RefNo = new java.io.File(C://Users//Admin//Desktop//PKS//Automation Reference Point//KatalonReference.txt): null

2018-12-13 15:55:31 - [TEST_STEP][PASSED] - Statement - f2 = new java.io.FileWriter(RefNo, false): null

2018-12-13 15:55:31 - [TEST_STEP][PASSED] - Statement - f2.write(CaseReferenceNo): null

2018-12-13 15:55:31 - [TEST_STEP][PASSED] - Statement - f2.close(): null

2018-12-13 15:55:31 - [TEST_STEP][PASSED] - Statement - out.println("


" + CaseReferenceNo + "


"): null

2018-12-13 15:55:31 - [MESSAGE][PASSED] - Call Test Case 'Test Cases/Final Aug 2018 - PKS Automation/Common/Reference Number Setter' successfully

2018-12-13 15:55:31 - [TEST_STEP][PASSED] - selectOptionByValue: All options with value '2030' are selected in object 'Object Repository/Final Object Repo/Page_Form 1A - Cessation As Employer/Employment Resign Date - Year' 

2018-12-13 15:55:32 - [MESSAGE][PASSED] - All options with value '2030' are selected in object 'Object Repository/Final Object Repo/Page_Form 1A - Cessation As Employer/Employment Resign Date - Year' 

2018-12-13 15:55:32 - [TEST_STEP][PASSED] - delay: Delayed 1 second(s)

2018-12-13 15:55:33 - [MESSAGE][PASSED] - Delayed 1 second(s)

2018-12-13 15:55:33 - [TEST_STEP][PASSED] - click: Object: 'Object Repository/Final Object Repo/Page_Form 1A - Cessation As Employer/Employment Resign Date - Year - Date' is clicked on

2018-12-13 15:55:33 - [MESSAGE][PASSED] - Object: 'Object Repository/Final Object Repo/Page_Form 1A - Cessation As Employer/Employment Resign Date - Year - Date' is clicked on

2018-12-13 15:55:33 - [TEST_STEP][PASSED] - delay: Delayed 2 second(s)

2018-12-13 15:55:35 - [MESSAGE][PASSED] - Delayed 2 second(s)

2018-12-13 15:55:35 - [TEST_STEP][PASSED] - click: Object: 'Object Repository/Final Object Repo/Page_Form 1A - Cessation As Employer/Save  Continue in Update Add Employee Resigned Date Page' is clicked on

2018-12-13 15:55:35 - [MESSAGE][PASSED] - Object: 'Object Repository/Final Object Repo/Page_Form 1A - Cessation As Employer/Save  Continue in Update Add Employee Resigned Date Page' is clicked on

2018-12-13 15:55:35 - [TEST_STEP][PASSED] - delay: Delayed 2 second(s)

2018-12-13 15:55:37 - [MESSAGE][PASSED] - Delayed 2 second(s)

2018-12-13 15:55:37 - [TEST_STEP][PASSED] - click: Object: 'Object Repository/Final Object Repo/Page_Form 1A - Cessation As Employer/Set Latest - Yes' is clicked on

2018-12-13 15:55:37 - [MESSAGE][PASSED] - Object: 'Object Repository/Final Object Repo/Page_Form 1A - Cessation As Employer/Set Latest - Yes' is clicked on

2018-12-13 15:55:37 - [TEST_STEP][PASSED] - delay: Delayed 2 second(s)

2018-12-13 15:55:39 - [MESSAGE][PASSED] - Delayed 2 second(s)

2018-12-13 15:55:39 - [TEST_STEP][PASSED] - click: Object: 'Object Repository/Final Object Repo/Page_Form 1A - Cessation As Employer/Add Document' is clicked on

2018-12-13 15:55:40 - [MESSAGE][PASSED] - Object: 'Object Repository/Final Object Repo/Page_Form 1A - Cessation As Employer/Add Document' is clicked on

2018-12-13 15:55:40 - [TEST_STEP][PASSED] - delay: Delayed 2 second(s)

2018-12-13 15:55:42 - [MESSAGE][PASSED] - Delayed 2 second(s)

2018-12-13 15:55:42 - [TEST_STEP][PASSED] - click: Object: 'Object Repository/Final Object Repo/Page_Form 1A - Cessation As Employer/Document Type' is clicked on

2018-12-13 15:55:44 - [MESSAGE][PASSED] - Object: 'Object Repository/Final Object Repo/Page_Form 1A - Cessation As Employer/Document Type' is clicked on

2018-12-13 15:55:44 - [TEST_STEP][PASSED] - delay: Delayed 2 second(s)

2018-12-13 15:55:46 - [MESSAGE][PASSED] - Delayed 2 second(s)

2018-12-13 15:55:46 - [TEST_STEP][PASSED] - click: Object: 'Object Repository/Final Object Repo/Page_Form 1A - Cessation As Employer/Document Type - Supporting Document For Cessation' is clicked on

2018-12-13 15:55:46 - [MESSAGE][PASSED] - Object: 'Object Repository/Final Object Repo/Page_Form 1A - Cessation As Employer/Document Type - Supporting Document For Cessation' is clicked on

2018-12-13 15:55:46 - [TEST_STEP][PASSED] - delay: Delayed 2 second(s)

2018-12-13 15:55:48 - [MESSAGE][PASSED] - Delayed 2 second(s)

2018-12-13 15:55:48 - [TEST_STEP][PASSED] - sendKeys: Keys 'C:\Users\Public\Pictures\Sample Pictures\Koala.jpg' sent to object: 'Object Repository/Final Object Repo/Page_Form 1A - Cessation As Employer/Uploading File'

2018-12-13 15:55:48 - [MESSAGE][PASSED] - Keys 'C:\Users\Public\Pictures\Sample Pictures\Koala.jpg' sent to object: 'Object Repository/Final Object Repo/Page_Form 1A - Cessation As Employer/Uploading File'

2018-12-13 15:55:48 - [TEST_STEP][PASSED] - delay: Delayed 2 second(s)

2018-12-13 15:55:50 - [MESSAGE][PASSED] - Delayed 2 second(s)

2018-12-13 15:55:50 - [TEST_STEP][PASSED] - click: Object: 'Object Repository/Final Object Repo/Page_Form 1A - Cessation As Employer/Add Document in Uploading Page' is clicked on

2018-12-13 15:55:50 - [MESSAGE][PASSED] - Object: 'Object Repository/Final Object Repo/Page_Form 1A - Cessation As Employer/Add Document in Uploading Page' is clicked on

2018-12-13 15:55:50 - [TEST_STEP][PASSED] - delay: Delayed 20 second(s)

2018-12-13 15:56:10 - [MESSAGE][PASSED] - Delayed 20 second(s)

2018-12-13 15:56:10 - [TEST_STEP][PASSED] - click: Object: 'Object Repository/Final Object Repo/Page_Form 1A - Cessation As Employer/Save  Continue in Uploading Page' is clicked on

2018-12-13 15:56:11 - [MESSAGE][PASSED] - Object: 'Object Repository/Final Object Repo/Page_Form 1A - Cessation As Employer/Save  Continue in Uploading Page' is clicked on

2018-12-13 15:56:11 - [TEST_STEP][PASSED] - delay: Delayed 2 second(s)

2018-12-13 15:56:13 - [MESSAGE][PASSED] - Delayed 2 second(s)

2018-12-13 15:56:13 - [TEST_STEP][PASSED] - click: Object: 'Object Repository/Final Object Repo/Page_Form 1A - Cessation As Employer/Submit2' is clicked on

2018-12-13 15:56:16 - [MESSAGE][PASSED] - Object: 'Object Repository/Final Object Repo/Page_Form 1A - Cessation As Employer/Submit2' is clicked on

2018-12-13 15:56:16 - [TEST_STEP][PASSED] - delay: Delayed 2 second(s)

2018-12-13 15:56:18 - [MESSAGE][PASSED] - Delayed 2 second(s)

2018-12-13 15:56:18 - [TEST_STEP][PASSED] - click: Object: 'Object Repository/Final Object Repo/Page_Form 1A - Cessation As Employer/Confirm' is clicked on

2018-12-13 15:56:18 - [MESSAGE][PASSED] - Object: 'Object Repository/Final Object Repo/Page_Form 1A - Cessation As Employer/Confirm' is clicked on

2018-12-13 15:56:18 - [TEST_STEP][PASSED] - delay: Delayed 2 second(s)

2018-12-13 15:56:20 - [MESSAGE][PASSED] - Delayed 2 second(s)

2018-12-13 15:56:20 - [TEST_STEP][PASSED] - verifyElementVisible: Object 'Object Repository/Final Object Repo/Page_Form 1A - Cessation As Employer/Message Your Request will be routed to UO' is visible

2018-12-13 15:56:24 - [MESSAGE][PASSED] - Object 'Object Repository/Final Object Repo/Page_Form 1A - Cessation As Employer/Message Your Request will be routed to UO' is visible

2018-12-13 15:56:24 - [TEST_STEP][PASSED] - delay: Delayed 1 second(s)

2018-12-13 15:56:25 - [MESSAGE][PASSED] - Delayed 1 second(s)

2018-12-13 15:56:25 - [TEST_STEP][PASSED] - verifyElementVisible: Object 'Object Repository/Final Object Repo/Page_Form 1A - Cessation As Employer/Letter of acknowledgement' is visible

2018-12-13 15:56:25 - [MESSAGE][PASSED] - Object 'Object Repository/Final Object Repo/Page_Form 1A - Cessation As Employer/Letter of acknowledgement' is visible

2018-12-13 15:56:25 - [MESSAGE][PASSED] - Call Test Case 'Test Cases/Final Aug 2018 - PKS Automation/Registration Module/Workflow/Form 1A - Cessation As Employer/Template/Form 1 A - Cessation As Employer (OTC)' successfully

2018-12-13 15:56:25 - [TEST_STEP][PASSED] - delay: Delayed 1 second(s)

2018-12-13 15:56:26 - [MESSAGE][PASSED] - Delayed 1 second(s)

2018-12-13 15:56:26 - [TEST_STEP][PASSED] - navigateToUrl: Navigate to 'https://assist2-uat.perkeso.gov.my/c/portal/logout' successfully

2018-12-13 15:56:26 - [MESSAGE][PASSED] - Navigate to 'https://assist2-uat.perkeso.gov.my/c/portal/logout' successfully

2018-12-13 15:56:26 - [TEST_STEP][PASSED] - delay: Delayed 1 second(s)

2018-12-13 15:56:27 - [MESSAGE][PASSED] - Delayed 1 second(s)

2018-12-13 15:56:27 - [TEST_STEP][PASSED] - callTestCase: Call Test Case 'Test Cases/Final Aug 2018 - PKS Automation/Common/Reference Number Getter' successfully

2018-12-13 15:56:27 - [TEST_CASE][PASSED] - Test Cases/Final Aug 2018 - PKS Automation/Common/Reference Number Getter: Test Cases/Final Aug 2018 - PKS Automation/Common/Reference Number Getter

2018-12-13 15:56:27 - [TEST_STEP][PASSED] - Statement - Try: null

2018-12-13 15:56:27 - [TEST_STEP][PASSED] - Statement - RefNo = new java.io.File(C://Users//Admin//Desktop//PKS//Automation Reference Point//KatalonReference.txt): null

2018-12-13 15:56:27 - [TEST_STEP][PASSED] - Statement - bufferread = new java.io.BufferedReader(new java.io.FileReader(RefNo)): null

2018-12-13 15:56:27 - [TEST_STEP][PASSED] - Statement - readedVal = bufferread.readLine(): null

2018-12-13 15:56:27 - [TEST_STEP][PASSED] - Statement - out.println(CaseReferenceNo): null

2018-12-13 15:56:27 - [TEST_STEP][PASSED] - Statement - out.println(readedVal): null

2018-12-13 15:56:27 - [TEST_STEP][PASSED] - Statement - CaseReferenceNo = "": null

2018-12-13 15:56:27 - [TEST_STEP][PASSED] - Statement - CaseReferenceNo = readedVal: null

2018-12-13 15:56:27 - [MESSAGE][PASSED] - Call Test Case 'Test Cases/Final Aug 2018 - PKS Automation/Common/Reference Number Getter' successfully

2018-12-13 15:56:27 - [TEST_STEP][PASSED] - callTestCase: Call Test Case 'Test Cases/Final Aug 2018 - PKS Automation/Common/Workflow Owner Finder' successfully

2018-12-13 15:56:28 - [TEST_CASE][PASSED] - Test Cases/Final Aug 2018 - PKS Automation/Common/Workflow Owner Finder: Test Cases/Final Aug 2018 - PKS Automation/Common/Workflow Owner Finder

2018-12-13 15:56:28 - [TEST_STEP][PASSED] - openBrowser: Browser is opened with url: ''

2018-12-13 15:56:28 - [MESSAGE][WARNING] - A browser is already opened. Closing browser and opening a new one

2018-12-13 15:56:30 - [MESSAGE][PASSED] - Browser is opened with url: ''

2018-12-13 15:56:30 - [TEST_STEP][PASSED] - navigateToUrl: Navigate to 'https://assist2-uat.perkeso.gov.my/login' successfully

2018-12-13 15:56:31 - [MESSAGE][PASSED] - Navigate to 'https://assist2-uat.perkeso.gov.my/login' successfully

2018-12-13 15:56:31 - [TEST_STEP][PASSED] - delay: Delayed 5 second(s)

2018-12-13 15:56:36 - [MESSAGE][PASSED] - Delayed 5 second(s)

2018-12-13 15:56:36 - [TEST_STEP][PASSED] - setText: Text 'test@liferay.com' is set on object 'Object Repository/Final Object Repo/Login Page/Internal User/Email Address'

2018-12-13 15:56:37 - [MESSAGE][PASSED] - Text 'test@liferay.com' is set on object 'Object Repository/Final Object Repo/Login Page/Internal User/Email Address'

2018-12-13 15:56:37 - [TEST_STEP][PASSED] - click: Object: 'Object Repository/Final Object Repo/Login Page/Internal User/Next Button' is clicked on

2018-12-13 15:56:37 - [MESSAGE][PASSED] - Object: 'Object Repository/Final Object Repo/Login Page/Internal User/Next Button' is clicked on

2018-12-13 15:56:37 - [TEST_STEP][PASSED] - delay: Delayed 2 second(s)

2018-12-13 15:56:39 - [MESSAGE][PASSED] - Delayed 2 second(s)

2018-12-13 15:56:39 - [TEST_STEP][PASSED] - setText: Text 'test' is set on object 'Object Repository/Final Object Repo/Login Page/Internal User/Password'

2018-12-13 15:56:39 - [MESSAGE][PASSED] - Text 'test' is set on object 'Object Repository/Final Object Repo/Login Page/Internal User/Password'

2018-12-13 15:56:39 - [TEST_STEP][PASSED] - delay: Delayed 2 second(s)

2018-12-13 15:56:41 - [MESSAGE][PASSED] - Delayed 2 second(s)

2018-12-13 15:56:41 - [TEST_STEP][PASSED] - click: Object: 'Object Repository/Final Object Repo/Login Page/Internal User/Login Button' is clicked on

2018-12-13 15:56:41 - [MESSAGE][PASSED] - Object: 'Object Repository/Final Object Repo/Login Page/Internal User/Login Button' is clicked on

2018-12-13 15:56:41 - [TEST_STEP][PASSED] - Statement - tester = com.kms.katalon.core.testobject.ObjectRepository.findTestObject(Final Object Repo/Landing Page/Select to English): Finding Test Object with id 'Object Repository/Final Object Repo/Landing Page/Select to English'

2018-12-13 15:56:41 - [TEST_STEP][PASSED] - Statement - Try: Delayed 2 second(s)

2018-12-13 15:56:41 - [TEST_STEP][PASSED] - Statement - Checker = com.kms.katalon.core.webui.keyword.WebUiBuiltInKeywords.verifyElementNotPresent(tester, 3): Web element with id: 'Object Repository/Final Object Repo/Landing Page/Select to English' located by 'By.xpath: //a[@class = 'taglib-language-list-text' and @lang = 'en-US' and (contains(text(), 'EN') or contains(., 'EN'))]' is not present after '3' second(s)

2018-12-13 15:56:43 - [MESSAGE][PASSED] - Web element with id: 'Object Repository/Final Object Repo/Landing Page/Select to English' located by 'By.xpath: //a[@class = 'taglib-language-list-text' and @lang = 'en-US' and (contains(text(), 'EN') or contains(., 'EN'))]' is not present after '3' second(s)

2018-12-13 15:56:43 - [TEST_STEP][PASSED] - Statement - If (Checker == false): null

2018-12-13 15:56:43 - [TEST_STEP][PASSED] - delay: Delayed 2 second(s)

2018-12-13 15:56:45 - [MESSAGE][PASSED] - Delayed 2 second(s)

2018-12-13 15:56:45 - [TEST_STEP][PASSED] - delay: Delayed 5 second(s)

2018-12-13 15:56:50 - [MESSAGE][PASSED] - Delayed 5 second(s)

2018-12-13 15:56:50 - [TEST_STEP][PASSED] - mouseOver: Object: 'Object Repository/Final Object Repo/Landing Page/WorkFlow Menu' is hovered

2018-12-13 15:56:50 - [MESSAGE][PASSED] - Object: 'Object Repository/Final Object Repo/Landing Page/WorkFlow Menu' is hovered

2018-12-13 15:56:50 - [TEST_STEP][PASSED] - delay: Delayed 2 second(s)

2018-12-13 15:56:52 - [MESSAGE][PASSED] - Delayed 2 second(s)

2018-12-13 15:56:52 - [TEST_STEP][PASSED] - click: Object: 'Object Repository/Final Object Repo/Landing Page/Select to Workflow Listing' is clicked on

2018-12-13 15:56:54 - [MESSAGE][PASSED] - Object: 'Object Repository/Final Object Repo/Landing Page/Select to Workflow Listing' is clicked on

2018-12-13 15:56:54 - [TEST_STEP][PASSED] - delay: Delayed 2 second(s)

2018-12-13 15:56:56 - [MESSAGE][PASSED] - Delayed 2 second(s)

2018-12-13 15:56:56 - [TEST_STEP][PASSED] - click: Object: 'Object Repository/Final Object Repo/WorkFlow Listing Page/Search Information - To Put Ref No' is clicked on

2018-12-13 15:56:56 - [MESSAGE][PASSED] - Object: 'Object Repository/Final Object Repo/WorkFlow Listing Page/Search Information - To Put Ref No' is clicked on

2018-12-13 15:56:56 - [TEST_STEP][PASSED] - delay: Delayed 2 second(s)

2018-12-13 15:56:58 - [MESSAGE][PASSED] - Delayed 2 second(s)

2018-12-13 15:56:58 - [TEST_STEP][PASSED] - callTestCase: Call Test Case 'Test Cases/Final Aug 2018 - PKS Automation/Common/Reference Number Getter' successfully

2018-12-13 15:56:58 - [TEST_CASE][PASSED] - Test Cases/Final Aug 2018 - PKS Automation/Common/Reference Number Getter: Test Cases/Final Aug 2018 - PKS Automation/Common/Reference Number Getter

2018-12-13 15:56:58 - [TEST_STEP][PASSED] - Statement - Try: null

2018-12-13 15:56:58 - [TEST_STEP][PASSED] - Statement - RefNo = new java.io.File(C://Users//Admin//Desktop//PKS//Automation Reference Point//KatalonReference.txt): null

2018-12-13 15:56:58 - [TEST_STEP][PASSED] - Statement - bufferread = new java.io.BufferedReader(new java.io.FileReader(RefNo)): null

2018-12-13 15:56:58 - [TEST_STEP][PASSED] - Statement - readedVal = bufferread.readLine(): null

2018-12-13 15:56:58 - [TEST_STEP][PASSED] - Statement - out.println(CaseReferenceNo): null

2018-12-13 15:56:58 - [TEST_STEP][PASSED] - Statement - out.println(readedVal): null

2018-12-13 15:56:58 - [TEST_STEP][PASSED] - Statement - CaseReferenceNo = "": null

2018-12-13 15:56:58 - [TEST_STEP][PASSED] - Statement - CaseReferenceNo = readedVal: null

2018-12-13 15:56:58 - [MESSAGE][PASSED] - Call Test Case 'Test Cases/Final Aug 2018 - PKS Automation/Common/Reference Number Getter' successfully

2018-12-13 15:56:58 - [TEST_STEP][PASSED] - setText: Text 'CUN122018C200001743' is set on object 'Object Repository/Final Object Repo/WorkFlow Listing Page/Ref No Set Text'

2018-12-13 15:56:58 - [MESSAGE][PASSED] - Text 'CUN122018C200001743' is set on object 'Object Repository/Final Object Repo/WorkFlow Listing Page/Ref No Set Text'

2018-12-13 15:56:58 - [TEST_STEP][PASSED] - delay: Delayed 2 second(s)

2018-12-13 15:57:00 - [MESSAGE][PASSED] - Delayed 2 second(s)

2018-12-13 15:57:00 - [TEST_STEP][PASSED] - click: Object: 'Object Repository/Final Object Repo/WorkFlow Listing Page/Search Ref No Search Button' is clicked on

2018-12-13 15:57:01 - [MESSAGE][PASSED] - Object: 'Object Repository/Final Object Repo/WorkFlow Listing Page/Search Ref No Search Button' is clicked on

2018-12-13 15:57:01 - [TEST_STEP][PASSED] - delay: Delayed 6 second(s)

2018-12-13 15:57:07 - [MESSAGE][PASSED] - Delayed 6 second(s)

2018-12-13 15:57:07 - [TEST_STEP][PASSED] - click: Object: 'Object Repository/Final Object Repo/WorkFlow Listing Page/Click Continue Tooltip' is clicked on

2018-12-13 15:57:08 - [MESSAGE][PASSED] - Object: 'Object Repository/Final Object Repo/WorkFlow Listing Page/Click Continue Tooltip' is clicked on

2018-12-13 15:57:08 - [TEST_STEP][PASSED] - delay: Delayed 5 second(s)

2018-12-13 15:57:13 - [MESSAGE][PASSED] - Delayed 5 second(s)

2018-12-13 15:57:13 - [TEST_STEP][PASSED] - doubleClick: Object: 'Object Repository/Final Object Repo/WorkFlow Listing Page/Workflow Found - Listing 1' is double clicked on

2018-12-13 15:57:13 - [MESSAGE][PASSED] - Object: 'Object Repository/Final Object Repo/WorkFlow Listing Page/Workflow Found - Listing 1' is double clicked on

2018-12-13 15:57:13 - [TEST_STEP][PASSED] - Statement - println(OwnerID): null

2018-12-13 15:57:13 - [TEST_STEP][PASSED] - Statement - OwnerID = com.kms.katalon.core.webui.keyword.WebUiBuiltInKeywords.getText(com.kms.katalon.core.testobject.ObjectRepository.findTestObject(Final Object Repo/WorkFlow Listing Page/Workflow Found - Listing 1), STOP_ON_FAILURE): Text of object 'Object Repository/Final Object Repo/WorkFlow Listing Page/Workflow Found - Listing 1' is: 'JOHORuo1'

2018-12-13 15:57:13 - [MESSAGE][PASSED] - Text of object 'Object Repository/Final Object Repo/WorkFlow Listing Page/Workflow Found - Listing 1' is: 'JOHORuo1'

2018-12-13 15:57:13 - [TEST_STEP][PASSED] - Statement - OwnerID = OwnerID.toLowerCase() + "@gmail.com": null

2018-12-13 15:57:13 - [TEST_STEP][PASSED] - Statement - println(OwnerID): null

2018-12-13 15:57:13 - [TEST_STEP][PASSED] - delay: Delayed 2 second(s)

2018-12-13 15:57:15 - [MESSAGE][PASSED] - Delayed 2 second(s)

2018-12-13 15:57:15 - [MESSAGE][PASSED] - Call Test Case 'Test Cases/Final Aug 2018 - PKS Automation/Common/Workflow Owner Finder' successfully

2018-12-13 15:57:15 - [TEST_STEP][PASSED] - delay: Delayed 1 second(s)

2018-12-13 15:57:16 - [MESSAGE][PASSED] - Delayed 1 second(s)

2018-12-13 15:57:16 - [TEST_STEP][PASSED] - navigateToUrl: Navigate to 'https://assist2-uat.perkeso.gov.my/c/portal/logout' successfully

2018-12-13 15:57:17 - [MESSAGE][PASSED] - Navigate to 'https://assist2-uat.perkeso.gov.my/c/portal/logout' successfully

2018-12-13 15:57:17 - [TEST_STEP][PASSED] - delay: Delayed 1 second(s)

2018-12-13 15:57:18 - [MESSAGE][PASSED] - Delayed 1 second(s)

2018-12-13 15:57:18 - [TEST_STEP][PASSED] - callTestCase: Call Test Case 'Test Cases/Final Aug 2018 - PKS Automation/Registration Module/Workflow/Login and Search Case For Workflow' successfully

2018-12-13 15:57:18 - [TEST_CASE][PASSED] - Test Cases/Final Aug 2018 - PKS Automation/Registration Module/Workflow/Login and Search Case For Workflow: Test Cases/Final Aug 2018 - PKS Automation/Registration Module/Workflow/Login and Search Case For Workflow

2018-12-13 15:57:18 - [TEST_STEP][PASSED] - navigateToUrl: Navigate to 'https://assist2-uat.perkeso.gov.my/login' successfully

2018-12-13 15:57:18 - [MESSAGE][PASSED] - Navigate to 'https://assist2-uat.perkeso.gov.my/login' successfully

2018-12-13 15:57:18 - [TEST_STEP][PASSED] - setText: Text 'johoruo1@gmail.com' is set on object 'Object Repository/Final Object Repo/Login Page/Internal User/Email Address'

2018-12-13 15:57:19 - [MESSAGE][PASSED] - Text 'johoruo1@gmail.com' is set on object 'Object Repository/Final Object Repo/Login Page/Internal User/Email Address'

2018-12-13 15:57:19 - [TEST_STEP][PASSED] - click: Object: 'Object Repository/Final Object Repo/Login Page/Internal User/Next Button' is clicked on

2018-12-13 15:57:19 - [MESSAGE][PASSED] - Object: 'Object Repository/Final Object Repo/Login Page/Internal User/Next Button' is clicked on

2018-12-13 15:57:19 - [TEST_STEP][PASSED] - delay: Delayed 1 second(s)

2018-12-13 15:57:20 - [MESSAGE][PASSED] - Delayed 1 second(s)

2018-12-13 15:57:20 - [TEST_STEP][PASSED] - setEncryptedText: Text ****** has been set on object 'Object Repository/Final Object Repo/Login Page/Internal User/Password'

2018-12-13 15:57:20 - [MESSAGE][PASSED] - Text ****** has been set on object 'Object Repository/Final Object Repo/Login Page/Internal User/Password'

2018-12-13 15:57:20 - [TEST_STEP][PASSED] - click: Object: 'Object Repository/Final Object Repo/Login Page/Internal User/Login Button' is clicked on

2018-12-13 15:57:20 - [MESSAGE][PASSED] - Object: 'Object Repository/Final Object Repo/Login Page/Internal User/Login Button' is clicked on

2018-12-13 15:57:20 - [TEST_STEP][PASSED] - delay: Delayed 2 second(s)

2018-12-13 15:57:22 - [MESSAGE][PASSED] - Delayed 2 second(s)

2018-12-13 15:57:22 - [TEST_STEP][PASSED] - Statement - Try: Delayed 2 second(s)

2018-12-13 15:57:22 - [TEST_STEP][PASSED] - Statement - Checker = false: null

2018-12-13 15:57:22 - [TEST_STEP][PASSED] - Statement - Checker = com.kms.katalon.core.webui.keyword.WebUiBuiltInKeywords.verifyElementHasAttribute(com.kms.katalon.core.testobject.ObjectRepository.findTestObject(Final Object Repo/Landing Page/BM Detecting), "href", 20, OPTIONAL): Object 'Object Repository/Final Object Repo/Landing Page/BM Detecting' has attribute 'href'

2018-12-13 15:57:22 - [MESSAGE][PASSED] - Object 'Object Repository/Final Object Repo/Landing Page/BM Detecting' has attribute 'href'

2018-12-13 15:57:22 - [TEST_STEP][PASSED] - Statement - out.println(Checker): null

2018-12-13 15:57:22 - [TEST_STEP][PASSED] - Statement - If (Checker == false): null

2018-12-13 15:57:22 - [TEST_STEP][PASSED] - Statement - Else: null

2018-12-13 15:57:22 - [TEST_STEP][PASSED] - delay: Delayed 2 second(s)

2018-12-13 15:57:24 - [MESSAGE][PASSED] - Delayed 2 second(s)

2018-12-13 15:57:24 - [TEST_STEP][PASSED] - click: Object: 'Object Repository/Final Object Repo/Page_MyASSIST - ASSIST - Search Pending Case For Add Supporting Document/Search Information' is clicked on

2018-12-13 15:57:24 - [MESSAGE][PASSED] - Object: 'Object Repository/Final Object Repo/Page_MyASSIST - ASSIST - Search Pending Case For Add Supporting Document/Search Information' is clicked on

2018-12-13 15:57:24 - [TEST_STEP][PASSED] - delay: Delayed 3 second(s)

2018-12-13 15:57:27 - [MESSAGE][PASSED] - Delayed 3 second(s)

2018-12-13 15:57:27 - [TEST_STEP][PASSED] - sendKeys: Keys 'CUN122018C200001743' sent to object: 'Object Repository/Final Object Repo/Page_MyASSIST - ASSIST - Search Pending Case For Add Supporting Document/Reference No'

2018-12-13 15:57:28 - [MESSAGE][PASSED] - Keys 'CUN122018C200001743' sent to object: 'Object Repository/Final Object Repo/Page_MyASSIST - ASSIST - Search Pending Case For Add Supporting Document/Reference No'

2018-12-13 15:57:28 - [TEST_STEP][PASSED] - click: Object: 'Object Repository/Final Object Repo/Page_MyASSIST - ASSIST - Search Pending Case For Add Supporting Document/Search Reference No' is clicked on

2018-12-13 15:57:28 - [MESSAGE][PASSED] - Object: 'Object Repository/Final Object Repo/Page_MyASSIST - ASSIST - Search Pending Case For Add Supporting Document/Search Reference No' is clicked on

2018-12-13 15:57:28 - [TEST_STEP][PASSED] - delay: Delayed 2 second(s)

2018-12-13 15:57:30 - [MESSAGE][PASSED] - Delayed 2 second(s)

2018-12-13 15:57:30 - [TEST_STEP][PASSED] - click: Object: 'Object Repository/Final Object Repo/Page_MyASSIST - ASSIST - Search Pending Case For Add Supporting Document/Continue' is clicked on

2018-12-13 15:57:33 - [MESSAGE][PASSED] - Object: 'Object Repository/Final Object Repo/Page_MyASSIST - ASSIST - Search Pending Case For Add Supporting Document/Continue' is clicked on

2018-12-13 15:57:33 - [TEST_STEP][PASSED] - delay: Delayed 20 second(s)

2018-12-13 15:57:53 - [MESSAGE][PASSED] - Delayed 20 second(s)

2018-12-13 15:57:53 - [MESSAGE][PASSED] - Call Test Case 'Test Cases/Final Aug 2018 - PKS Automation/Registration Module/Workflow/Login and Search Case For Workflow' successfully

2018-12-13 15:57:53 - [TEST_STEP][PASSED] - click: Object: 'Object Repository/Final Object Repo/Page_Form 1A - Cessation As Employer/Page_Form 1A - Cessation As Employer (Approve)/Save  Continue in Form 1A Page' is clicked on

2018-12-13 15:57:53 - [MESSAGE][PASSED] - Object: 'Object Repository/Final Object Repo/Page_Form 1A - Cessation As Employer/Page_Form 1A - Cessation As Employer (Approve)/Save  Continue in Form 1A Page' is clicked on

2018-12-13 15:57:53 - [TEST_STEP][PASSED] - delay: Delayed 2 second(s)

2018-12-13 15:57:55 - [MESSAGE][PASSED] - Delayed 2 second(s)

2018-12-13 15:57:55 - [TEST_STEP][PASSED] - click: Object: 'Object Repository/Final Object Repo/Page_Form 1A - Cessation As Employer/Employment Resign Date' is clicked on

2018-12-13 15:57:56 - [MESSAGE][PASSED] - Object: 'Object Repository/Final Object Repo/Page_Form 1A - Cessation As Employer/Employment Resign Date' is clicked on

2018-12-13 15:57:56 - [TEST_STEP][PASSED] - delay: Delayed 1 second(s)

2018-12-13 15:57:57 - [MESSAGE][PASSED] - Delayed 1 second(s)

2018-12-13 15:57:57 - [TEST_STEP][PASSED] - selectOptionByValue: All options with value '2030' are selected in object 'Object Repository/Final Object Repo/Page_Form 1A - Cessation As Employer/Employment Resign Date - Year' 

2018-12-13 15:57:57 - [MESSAGE][PASSED] - All options with value '2030' are selected in object 'Object Repository/Final Object Repo/Page_Form 1A - Cessation As Employer/Employment Resign Date - Year' 

2018-12-13 15:57:57 - [TEST_STEP][PASSED] - delay: Delayed 1 second(s)

2018-12-13 15:57:58 - [MESSAGE][PASSED] - Delayed 1 second(s)

2018-12-13 15:57:58 - [TEST_STEP][PASSED] - click: Object: 'Object Repository/Final Object Repo/Page_Form 1A - Cessation As Employer/Employment Resign Date - Year - Date' is clicked on

2018-12-13 15:57:58 - [MESSAGE][PASSED] - Object: 'Object Repository/Final Object Repo/Page_Form 1A - Cessation As Employer/Employment Resign Date - Year - Date' is clicked on

2018-12-13 15:57:58 - [TEST_STEP][PASSED] - delay: Delayed 2 second(s)

2018-12-13 15:58:00 - [MESSAGE][PASSED] - Delayed 2 second(s)

2018-12-13 15:58:00 - [TEST_STEP][PASSED] - click: Object: 'Object Repository/Final Object Repo/Page_Form 1A - Cessation As Employer/Page_Form 1A - Cessation As Employer (Approve)/Save  Continue in Update Add Employee Resigned Date Page' is clicked on

2018-12-13 15:58:00 - [MESSAGE][PASSED] - Object: 'Object Repository/Final Object Repo/Page_Form 1A - Cessation As Employer/Page_Form 1A - Cessation As Employer (Approve)/Save  Continue in Update Add Employee Resigned Date Page' is clicked on

2018-12-13 15:58:00 - [TEST_STEP][PASSED] - delay: Delayed 2 second(s)

2018-12-13 15:58:02 - [MESSAGE][PASSED] - Delayed 2 second(s)

2018-12-13 15:58:02 - [TEST_STEP][PASSED] - click: Object: 'Object Repository/Final Object Repo/Page_Form 1A - Cessation As Employer/Set Latest - Yes' is clicked on

2018-12-13 15:58:02 - [MESSAGE][PASSED] - Object: 'Object Repository/Final Object Repo/Page_Form 1A - Cessation As Employer/Set Latest - Yes' is clicked on

2018-12-13 15:58:02 - [TEST_STEP][PASSED] - delay: Delayed 2 second(s)

2018-12-13 15:58:04 - [MESSAGE][PASSED] - Delayed 2 second(s)

2018-12-13 15:58:04 - [TEST_STEP][PASSED] - click: Object: 'Object Repository/Final Object Repo/Page_Form 1A - Cessation As Employer/Page_Form 1A - Cessation As Employer (Approve)/Save  Contine in Uploading Document Page' is clicked on

2018-12-13 15:58:06 - [MESSAGE][PASSED] - Object: 'Object Repository/Final Object Repo/Page_Form 1A - Cessation As Employer/Page_Form 1A - Cessation As Employer (Approve)/Save  Contine in Uploading Document Page' is clicked on

2018-12-13 15:58:06 - [TEST_STEP][PASSED] - delay: Delayed 2 second(s)

2018-12-13 15:58:08 - [MESSAGE][PASSED] - Delayed 2 second(s)

2018-12-13 15:58:08 - [TEST_STEP][PASSED] - click: Object: 'Object Repository/Final Object Repo/Page_Form 1A - Cessation As Employer/Page_Form 1A - Cessation As Employer (Reject)/Reject' is clicked on

2018-12-13 15:58:11 - [MESSAGE][PASSED] - Object: 'Object Repository/Final Object Repo/Page_Form 1A - Cessation As Employer/Page_Form 1A - Cessation As Employer (Reject)/Reject' is clicked on

2018-12-13 15:58:11 - [TEST_STEP][PASSED] - delay: Delayed 2 second(s)

2018-12-13 15:58:13 - [MESSAGE][PASSED] - Delayed 2 second(s)

2018-12-13 15:58:13 - [TEST_STEP][PASSED] - click: Object: 'Object Repository/Final Object Repo/Page_Form 1A - Cessation As Employer/Page_Form 1A - Cessation As Employer (Reject)/Confirm' is clicked on

2018-12-13 15:58:13 - [MESSAGE][PASSED] - Object: 'Object Repository/Final Object Repo/Page_Form 1A - Cessation As Employer/Page_Form 1A - Cessation As Employer (Reject)/Confirm' is clicked on

2018-12-13 15:58:13 - [TEST_STEP][PASSED] - delay: Delayed 2 second(s)

2018-12-13 15:58:15 - [MESSAGE][PASSED] - Delayed 2 second(s)

2018-12-13 15:58:15 - [TEST_STEP][PASSED] - verifyElementVisible: Object 'Object Repository/Final Object Repo/Page_Form 1A - Cessation As Employer/Page_Form 1A - Cessation As Employer (Reject)/Message This Case has been Rejected' is visible

2018-12-13 15:58:19 - [MESSAGE][PASSED] - Object 'Object Repository/Final Object Repo/Page_Form 1A - Cessation As Employer/Page_Form 1A - Cessation As Employer (Reject)/Message This Case has been Rejected' is visible

2018-12-13 15:58:19 - [TEST_STEP][PASSED] - delay: Delayed 1 second(s)

2018-12-13 15:58:20 - [MESSAGE][PASSED] - Delayed 1 second(s)

2018-12-13 15:58:20 - [TEST_STEP][PASSED] - verifyElementVisible: Object 'Object Repository/Final Object Repo/Page_Form 1A - Cessation As Employer/Page_Form 1A - Cessation As Employer (Reject)/Letter of update rejection' is visible

2018-12-13 15:58:20 - [MESSAGE][PASSED] - Object 'Object Repository/Final Object Repo/Page_Form 1A - Cessation As Employer/Page_Form 1A - Cessation As Employer (Reject)/Letter of update rejection' is visible

2018-12-13 15:58:20 - [MESSAGE][PASSED] - Call Test Case 'Test Cases/Final Aug 2018 - PKS Automation/Registration Module/Workflow/Form 1A - Cessation As Employer/Template/Form 1 A - Cessation As Employer (Reject)' successfully]]></system-out>
         <system-err><![CDATA[]]></system-err>
      </testcase>
      <testcase name="Test Cases/Final Aug 2018 - PKS Automation/Registration Module/Workflow/Form 1A - Cessation As Employer/OTC to UO (Under enforcement)" classname="Test Cases/Final Aug 2018 - PKS Automation/Registration Module/Workflow/Form 1A - Cessation As Employer/OTC to UO (Under enforcement)" status="PASSED">
         <system-out><![CDATA[2018-12-13 15:58:20 - [TEST_CASE][PASSED] - Test Cases/Final Aug 2018 - PKS Automation/Registration Module/Workflow/Form 1A - Cessation As Employer/OTC to UO (Under enforcement): Test Cases/Final Aug 2018 - PKS Automation/Registration Module/Workflow/Form 1A - Cessation As Employer/OTC to UO (Under enforcement)

2018-12-13 15:58:20 - [TEST_STEP][PASSED] - callTestCase: Call Test Case 'Test Cases/Final Aug 2018 - PKS Automation/Registration Module/Workflow/Form 1A - Cessation As Employer/Template/Form 1 A - Cessation As Employer (OTC)' successfully

2018-12-13 15:58:20 - [TEST_CASE][PASSED] - Test Cases/Final Aug 2018 - PKS Automation/Registration Module/Workflow/Form 1A - Cessation As Employer/Template/Form 1 A - Cessation As Employer (OTC): Test Cases/Final Aug 2018 - PKS Automation/Registration Module/Workflow/Form 1A - Cessation As Employer/Template/Form 1 A - Cessation As Employer (OTC)

2018-12-13 15:58:20 - [TEST_STEP][PASSED] - openBrowser: Browser is opened with url: ''

2018-12-13 15:58:20 - [MESSAGE][WARNING] - A browser is already opened. Closing browser and opening a new one

2018-12-13 15:58:23 - [MESSAGE][PASSED] - Browser is opened with url: ''

2018-12-13 15:58:23 - [TEST_STEP][PASSED] - navigateToUrl: Navigate to 'https://assist2-uat.perkeso.gov.my/login' successfully

2018-12-13 15:58:25 - [MESSAGE][PASSED] - Navigate to 'https://assist2-uat.perkeso.gov.my/login' successfully

2018-12-13 15:58:25 - [TEST_STEP][PASSED] - setText: Text 'johorotc1@gmail.com' is set on object 'Object Repository/Final Object Repo/Login Page/Internal User/Email Address'

2018-12-13 15:58:25 - [MESSAGE][PASSED] - Text 'johorotc1@gmail.com' is set on object 'Object Repository/Final Object Repo/Login Page/Internal User/Email Address'

2018-12-13 15:58:25 - [TEST_STEP][PASSED] - click: Object: 'Object Repository/Final Object Repo/Login Page/Internal User/Next Button' is clicked on

2018-12-13 15:58:25 - [MESSAGE][PASSED] - Object: 'Object Repository/Final Object Repo/Login Page/Internal User/Next Button' is clicked on

2018-12-13 15:58:25 - [TEST_STEP][PASSED] - delay: Delayed 1 second(s)

2018-12-13 15:58:26 - [MESSAGE][PASSED] - Delayed 1 second(s)

2018-12-13 15:58:26 - [TEST_STEP][PASSED] - setEncryptedText: Text ****** has been set on object 'Object Repository/Final Object Repo/Login Page/Internal User/Password'

2018-12-13 15:58:27 - [MESSAGE][PASSED] - Text ****** has been set on object 'Object Repository/Final Object Repo/Login Page/Internal User/Password'

2018-12-13 15:58:27 - [TEST_STEP][PASSED] - click: Object: 'Object Repository/Final Object Repo/Login Page/Internal User/Login Button' is clicked on

2018-12-13 15:58:27 - [MESSAGE][PASSED] - Object: 'Object Repository/Final Object Repo/Login Page/Internal User/Login Button' is clicked on

2018-12-13 15:58:27 - [TEST_STEP][PASSED] - delay: Delayed 1 second(s)

2018-12-13 15:58:28 - [MESSAGE][PASSED] - Delayed 1 second(s)

2018-12-13 15:58:28 - [TEST_STEP][PASSED] - Statement - Try: Delayed 2 second(s)

2018-12-13 15:58:28 - [TEST_STEP][PASSED] - Statement - Checker = false: null

2018-12-13 15:58:28 - [TEST_STEP][PASSED] - Statement - Checker = com.kms.katalon.core.webui.keyword.WebUiBuiltInKeywords.verifyElementHasAttribute(com.kms.katalon.core.testobject.ObjectRepository.findTestObject(Final Object Repo/Landing Page/BM Detecting), "href", 20, OPTIONAL): Object 'Object Repository/Final Object Repo/Landing Page/BM Detecting' has attribute 'href'

2018-12-13 15:58:30 - [MESSAGE][PASSED] - Object 'Object Repository/Final Object Repo/Landing Page/BM Detecting' has attribute 'href'

2018-12-13 15:58:30 - [TEST_STEP][PASSED] - Statement - out.println(Checker): null

2018-12-13 15:58:30 - [TEST_STEP][PASSED] - Statement - If (Checker == false): null

2018-12-13 15:58:30 - [TEST_STEP][PASSED] - Statement - Else: null

2018-12-13 15:58:30 - [TEST_STEP][PASSED] - delay: Delayed 2 second(s)

2018-12-13 15:58:32 - [MESSAGE][PASSED] - Delayed 2 second(s)

2018-12-13 15:58:32 - [TEST_STEP][PASSED] - navigateToUrl: Navigate to 'https://assist2-uat.perkeso.gov.my/web/registration/update/form-1a-cessation-as-employer-discontinue-business-' successfully

2018-12-13 15:58:33 - [MESSAGE][PASSED] - Navigate to 'https://assist2-uat.perkeso.gov.my/web/registration/update/form-1a-cessation-as-employer-discontinue-business-' successfully

2018-12-13 15:58:33 - [TEST_STEP][PASSED] - setText: Text 'E1102069770Z' is set on object 'Object Repository/Final Object Repo/Page_Update Employer Information/Employer Code'

2018-12-13 15:58:33 - [MESSAGE][PASSED] - Text 'E1102069770Z' is set on object 'Object Repository/Final Object Repo/Page_Update Employer Information/Employer Code'

2018-12-13 15:58:33 - [TEST_STEP][PASSED] - click: Object: 'Object Repository/Final Object Repo/Page_Update Employer Information/Search Button' is clicked on

2018-12-13 15:58:33 - [MESSAGE][PASSED] - Object: 'Object Repository/Final Object Repo/Page_Update Employer Information/Search Button' is clicked on

2018-12-13 15:58:33 - [TEST_STEP][PASSED] - click: Object: 'Object Repository/Final Object Repo/Page_Update Employer Information/Edit Button' is clicked on

2018-12-13 15:58:36 - [MESSAGE][PASSED] - Object: 'Object Repository/Final Object Repo/Page_Update Employer Information/Edit Button' is clicked on

2018-12-13 15:58:36 - [TEST_STEP][PASSED] - Statement - abc = com.kms.katalon.core.webui.keyword.WebUiBuiltInKeywords.getAttribute(com.kms.katalon.core.testobject.ObjectRepository.findTestObject(Final Object Repo/Page_Form 1A - Cessation As Employer/Employer Status), "value"): Attribute 'value' of object 'Object Repository/Final Object Repo/Page_Form 1A - Cessation As Employer/Employer Status' is: 'Dormant'

2018-12-13 15:58:36 - [MESSAGE][PASSED] - Attribute 'value' of object 'Object Repository/Final Object Repo/Page_Form 1A - Cessation As Employer/Employer Status' is: 'Dormant'

2018-12-13 15:58:36 - [TEST_STEP][PASSED] - Statement - out.println(abc): null

2018-12-13 15:58:36 - [TEST_STEP][PASSED] - Statement - If (abc == "Active"): null

2018-12-13 15:58:36 - [TEST_STEP][PASSED] - Statement - Else If (abc == "Cancel"): null

2018-12-13 15:58:36 - [TEST_STEP][PASSED] - Statement - Else If (abc == "Dormant"): Object: 'Object Repository/Final Object Repo/Page_Form 1A - Cessation As Employer/Change Employer Status to - Dormant' is clicked on

2018-12-13 15:58:36 - [TEST_STEP][PASSED] - click: Object: 'Object Repository/Final Object Repo/Page_Form 1A - Cessation As Employer/Change Employer Status to' is clicked on

2018-12-13 15:58:37 - [MESSAGE][PASSED] - Object: 'Object Repository/Final Object Repo/Page_Form 1A - Cessation As Employer/Change Employer Status to' is clicked on

2018-12-13 15:58:37 - [TEST_STEP][PASSED] - click: Object: 'Object Repository/Final Object Repo/Page_Form 1A - Cessation As Employer/Change Employer Status to - Dormant' is clicked on

2018-12-13 15:58:37 - [MESSAGE][PASSED] - Object: 'Object Repository/Final Object Repo/Page_Form 1A - Cessation As Employer/Change Employer Status to - Dormant' is clicked on

2018-12-13 15:58:37 - [TEST_STEP][PASSED] - click: Object: 'Object Repository/Final Object Repo/Page_Form 1A - Cessation As Employer/Calender' is clicked on

2018-12-13 15:58:37 - [MESSAGE][PASSED] - Object: 'Object Repository/Final Object Repo/Page_Form 1A - Cessation As Employer/Calender' is clicked on

2018-12-13 15:58:37 - [TEST_STEP][PASSED] - click: Object: 'Object Repository/Final Object Repo/Page_Form 1A - Cessation As Employer/Calender - Date' is clicked on

2018-12-13 15:58:37 - [MESSAGE][PASSED] - Object: 'Object Repository/Final Object Repo/Page_Form 1A - Cessation As Employer/Calender - Date' is clicked on

2018-12-13 15:58:37 - [TEST_STEP][PASSED] - delay: Delayed 2 second(s)

2018-12-13 15:58:39 - [MESSAGE][PASSED] - Delayed 2 second(s)

2018-12-13 15:58:39 - [TEST_STEP][PASSED] - click: Object: 'Object Repository/Final Object Repo/Page_Form 1A - Cessation As Employer/Save  Continue in Form 1A Page' is clicked on

2018-12-13 15:58:40 - [MESSAGE][PASSED] - Object: 'Object Repository/Final Object Repo/Page_Form 1A - Cessation As Employer/Save  Continue in Form 1A Page' is clicked on

2018-12-13 15:58:40 - [TEST_STEP][PASSED] - delay: Delayed 2 second(s)

2018-12-13 15:58:42 - [MESSAGE][PASSED] - Delayed 2 second(s)

2018-12-13 15:58:42 - [TEST_STEP][PASSED] - click: Object: 'Object Repository/Final Object Repo/Page_Form 1A - Cessation As Employer/Employment Resign Date' is clicked on

2018-12-13 15:58:42 - [MESSAGE][PASSED] - Object: 'Object Repository/Final Object Repo/Page_Form 1A - Cessation As Employer/Employment Resign Date' is clicked on

2018-12-13 15:58:42 - [TEST_STEP][PASSED] - delay: Delayed 1 second(s)

2018-12-13 15:58:43 - [MESSAGE][PASSED] - Delayed 1 second(s)

2018-12-13 15:58:43 - [TEST_STEP][PASSED] - Statement - CaseReferenceNo = com.kms.katalon.core.webui.keyword.WebUiBuiltInKeywords.getText(com.kms.katalon.core.testobject.ObjectRepository.findTestObject(Final Object Repo/Page_Update Employer Information/Reference Number in Update Employee Information Page)): Text of object 'Object Repository/Final Object Repo/Page_Update Employer Information/Reference Number in Update Employee Information Page' is: 'CUN122018C200001744'

2018-12-13 15:58:43 - [MESSAGE][PASSED] - Text of object 'Object Repository/Final Object Repo/Page_Update Employer Information/Reference Number in Update Employee Information Page' is: 'CUN122018C200001744'

2018-12-13 15:58:43 - [TEST_STEP][PASSED] - callTestCase: Call Test Case 'Test Cases/Final Aug 2018 - PKS Automation/Common/Reference Number Setter' successfully

2018-12-13 15:58:43 - [TEST_CASE][PASSED] - Test Cases/Final Aug 2018 - PKS Automation/Common/Reference Number Setter: Test Cases/Final Aug 2018 - PKS Automation/Common/Reference Number Setter

2018-12-13 15:58:43 - [TEST_STEP][PASSED] - Statement - RefNoOldFile = new java.io.File(C://Users//Admin//Desktop//PKS//Automation Reference Point//KatalonReference.txt): null

2018-12-13 15:58:43 - [TEST_STEP][PASSED] - Statement - RefNoOldFile.delete(): null

2018-12-13 15:58:43 - [TEST_STEP][PASSED] - delay: Delayed 5 second(s)

2018-12-13 15:58:48 - [MESSAGE][PASSED] - Delayed 5 second(s)

2018-12-13 15:58:48 - [TEST_STEP][PASSED] - Statement - RefNo = new java.io.File(C://Users//Admin//Desktop//PKS//Automation Reference Point//KatalonReference.txt): null

2018-12-13 15:58:48 - [TEST_STEP][PASSED] - Statement - f2 = new java.io.FileWriter(RefNo, false): null

2018-12-13 15:58:48 - [TEST_STEP][PASSED] - Statement - f2.write(CaseReferenceNo): null

2018-12-13 15:58:48 - [TEST_STEP][PASSED] - Statement - f2.close(): null

2018-12-13 15:58:48 - [TEST_STEP][PASSED] - Statement - out.println("


" + CaseReferenceNo + "


"): null

2018-12-13 15:58:48 - [MESSAGE][PASSED] - Call Test Case 'Test Cases/Final Aug 2018 - PKS Automation/Common/Reference Number Setter' successfully

2018-12-13 15:58:48 - [TEST_STEP][PASSED] - selectOptionByValue: All options with value '2030' are selected in object 'Object Repository/Final Object Repo/Page_Form 1A - Cessation As Employer/Employment Resign Date - Year' 

2018-12-13 15:58:48 - [MESSAGE][PASSED] - All options with value '2030' are selected in object 'Object Repository/Final Object Repo/Page_Form 1A - Cessation As Employer/Employment Resign Date - Year' 

2018-12-13 15:58:48 - [TEST_STEP][PASSED] - delay: Delayed 1 second(s)

2018-12-13 15:58:49 - [MESSAGE][PASSED] - Delayed 1 second(s)

2018-12-13 15:58:49 - [TEST_STEP][PASSED] - click: Object: 'Object Repository/Final Object Repo/Page_Form 1A - Cessation As Employer/Employment Resign Date - Year - Date' is clicked on

2018-12-13 15:58:49 - [MESSAGE][PASSED] - Object: 'Object Repository/Final Object Repo/Page_Form 1A - Cessation As Employer/Employment Resign Date - Year - Date' is clicked on

2018-12-13 15:58:49 - [TEST_STEP][PASSED] - delay: Delayed 2 second(s)

2018-12-13 15:58:51 - [MESSAGE][PASSED] - Delayed 2 second(s)

2018-12-13 15:58:51 - [TEST_STEP][PASSED] - click: Object: 'Object Repository/Final Object Repo/Page_Form 1A - Cessation As Employer/Save  Continue in Update Add Employee Resigned Date Page' is clicked on

2018-12-13 15:58:52 - [MESSAGE][PASSED] - Object: 'Object Repository/Final Object Repo/Page_Form 1A - Cessation As Employer/Save  Continue in Update Add Employee Resigned Date Page' is clicked on

2018-12-13 15:58:52 - [TEST_STEP][PASSED] - delay: Delayed 2 second(s)

2018-12-13 15:58:54 - [MESSAGE][PASSED] - Delayed 2 second(s)

2018-12-13 15:58:54 - [TEST_STEP][PASSED] - click: Object: 'Object Repository/Final Object Repo/Page_Form 1A - Cessation As Employer/Set Latest - Yes' is clicked on

2018-12-13 15:58:54 - [MESSAGE][PASSED] - Object: 'Object Repository/Final Object Repo/Page_Form 1A - Cessation As Employer/Set Latest - Yes' is clicked on

2018-12-13 15:58:54 - [TEST_STEP][PASSED] - delay: Delayed 2 second(s)

2018-12-13 15:58:56 - [MESSAGE][PASSED] - Delayed 2 second(s)

2018-12-13 15:58:56 - [TEST_STEP][PASSED] - click: Object: 'Object Repository/Final Object Repo/Page_Form 1A - Cessation As Employer/Add Document' is clicked on

2018-12-13 15:58:57 - [MESSAGE][PASSED] - Object: 'Object Repository/Final Object Repo/Page_Form 1A - Cessation As Employer/Add Document' is clicked on

2018-12-13 15:58:57 - [TEST_STEP][PASSED] - delay: Delayed 2 second(s)

2018-12-13 15:58:59 - [MESSAGE][PASSED] - Delayed 2 second(s)

2018-12-13 15:58:59 - [TEST_STEP][PASSED] - click: Object: 'Object Repository/Final Object Repo/Page_Form 1A - Cessation As Employer/Document Type' is clicked on

2018-12-13 15:59:00 - [MESSAGE][PASSED] - Object: 'Object Repository/Final Object Repo/Page_Form 1A - Cessation As Employer/Document Type' is clicked on

2018-12-13 15:59:00 - [TEST_STEP][PASSED] - delay: Delayed 2 second(s)

2018-12-13 15:59:02 - [MESSAGE][PASSED] - Delayed 2 second(s)

2018-12-13 15:59:02 - [TEST_STEP][PASSED] - click: Object: 'Object Repository/Final Object Repo/Page_Form 1A - Cessation As Employer/Document Type - Supporting Document For Cessation' is clicked on

2018-12-13 15:59:02 - [MESSAGE][PASSED] - Object: 'Object Repository/Final Object Repo/Page_Form 1A - Cessation As Employer/Document Type - Supporting Document For Cessation' is clicked on

2018-12-13 15:59:02 - [TEST_STEP][PASSED] - delay: Delayed 2 second(s)

2018-12-13 15:59:04 - [MESSAGE][PASSED] - Delayed 2 second(s)

2018-12-13 15:59:04 - [TEST_STEP][PASSED] - sendKeys: Keys 'C:\Users\Public\Pictures\Sample Pictures\Koala.jpg' sent to object: 'Object Repository/Final Object Repo/Page_Form 1A - Cessation As Employer/Uploading File'

2018-12-13 15:59:04 - [MESSAGE][PASSED] - Keys 'C:\Users\Public\Pictures\Sample Pictures\Koala.jpg' sent to object: 'Object Repository/Final Object Repo/Page_Form 1A - Cessation As Employer/Uploading File'

2018-12-13 15:59:04 - [TEST_STEP][PASSED] - delay: Delayed 2 second(s)

2018-12-13 15:59:06 - [MESSAGE][PASSED] - Delayed 2 second(s)

2018-12-13 15:59:06 - [TEST_STEP][PASSED] - click: Object: 'Object Repository/Final Object Repo/Page_Form 1A - Cessation As Employer/Add Document in Uploading Page' is clicked on

2018-12-13 15:59:07 - [MESSAGE][PASSED] - Object: 'Object Repository/Final Object Repo/Page_Form 1A - Cessation As Employer/Add Document in Uploading Page' is clicked on

2018-12-13 15:59:07 - [TEST_STEP][PASSED] - delay: Delayed 20 second(s)

2018-12-13 15:59:27 - [MESSAGE][PASSED] - Delayed 20 second(s)

2018-12-13 15:59:27 - [TEST_STEP][PASSED] - click: Object: 'Object Repository/Final Object Repo/Page_Form 1A - Cessation As Employer/Save  Continue in Uploading Page' is clicked on

2018-12-13 15:59:27 - [MESSAGE][PASSED] - Object: 'Object Repository/Final Object Repo/Page_Form 1A - Cessation As Employer/Save  Continue in Uploading Page' is clicked on

2018-12-13 15:59:27 - [TEST_STEP][PASSED] - delay: Delayed 2 second(s)

2018-12-13 15:59:29 - [MESSAGE][PASSED] - Delayed 2 second(s)

2018-12-13 15:59:29 - [TEST_STEP][PASSED] - click: Object: 'Object Repository/Final Object Repo/Page_Form 1A - Cessation As Employer/Submit2' is clicked on

2018-12-13 15:59:32 - [MESSAGE][PASSED] - Object: 'Object Repository/Final Object Repo/Page_Form 1A - Cessation As Employer/Submit2' is clicked on

2018-12-13 15:59:32 - [TEST_STEP][PASSED] - delay: Delayed 2 second(s)

2018-12-13 15:59:34 - [MESSAGE][PASSED] - Delayed 2 second(s)

2018-12-13 15:59:34 - [TEST_STEP][PASSED] - click: Object: 'Object Repository/Final Object Repo/Page_Form 1A - Cessation As Employer/Confirm' is clicked on

2018-12-13 15:59:34 - [MESSAGE][PASSED] - Object: 'Object Repository/Final Object Repo/Page_Form 1A - Cessation As Employer/Confirm' is clicked on

2018-12-13 15:59:34 - [TEST_STEP][PASSED] - delay: Delayed 2 second(s)

2018-12-13 15:59:36 - [MESSAGE][PASSED] - Delayed 2 second(s)

2018-12-13 15:59:36 - [TEST_STEP][PASSED] - verifyElementVisible: Object 'Object Repository/Final Object Repo/Page_Form 1A - Cessation As Employer/Message Your Request will be routed to UO' is visible

2018-12-13 15:59:39 - [MESSAGE][PASSED] - Object 'Object Repository/Final Object Repo/Page_Form 1A - Cessation As Employer/Message Your Request will be routed to UO' is visible

2018-12-13 15:59:39 - [TEST_STEP][PASSED] - delay: Delayed 1 second(s)

2018-12-13 15:59:40 - [MESSAGE][PASSED] - Delayed 1 second(s)

2018-12-13 15:59:40 - [TEST_STEP][PASSED] - verifyElementVisible: Object 'Object Repository/Final Object Repo/Page_Form 1A - Cessation As Employer/Letter of acknowledgement' is visible

2018-12-13 15:59:41 - [MESSAGE][PASSED] - Object 'Object Repository/Final Object Repo/Page_Form 1A - Cessation As Employer/Letter of acknowledgement' is visible

2018-12-13 15:59:41 - [MESSAGE][PASSED] - Call Test Case 'Test Cases/Final Aug 2018 - PKS Automation/Registration Module/Workflow/Form 1A - Cessation As Employer/Template/Form 1 A - Cessation As Employer (OTC)' successfully

2018-12-13 15:59:41 - [TEST_STEP][PASSED] - callTestCase: Call Test Case 'Test Cases/Final Aug 2018 - PKS Automation/Registration Module/Workflow/Form 1A - Cessation As Employer/Template/Form 1 A - Cessation As Employer (Under enforcement)' successfully

2018-12-13 15:59:41 - [TEST_CASE][PASSED] - Test Cases/Final Aug 2018 - PKS Automation/Registration Module/Workflow/Form 1A - Cessation As Employer/Template/Form 1 A - Cessation As Employer (Under enforcement): Test Cases/Final Aug 2018 - PKS Automation/Registration Module/Workflow/Form 1A - Cessation As Employer/Template/Form 1 A - Cessation As Employer (Under enforcement)

2018-12-13 15:59:41 - [TEST_STEP][NOT_RUN] - callTestCase: NOT_RUN: callTestCase

2018-12-13 15:59:41 - [MESSAGE][NOT_RUN] - NOT_RUN: callTestCase

2018-12-13 15:59:41 - [TEST_STEP][PASSED] - delay: Delayed 1 second(s)

2018-12-13 15:59:42 - [MESSAGE][PASSED] - Delayed 1 second(s)

2018-12-13 15:59:42 - [TEST_STEP][PASSED] - navigateToUrl: Navigate to 'https://assist2-uat.perkeso.gov.my/c/portal/logout' successfully

2018-12-13 15:59:42 - [MESSAGE][PASSED] - Navigate to 'https://assist2-uat.perkeso.gov.my/c/portal/logout' successfully

2018-12-13 15:59:42 - [TEST_STEP][PASSED] - delay: Delayed 1 second(s)

2018-12-13 15:59:43 - [MESSAGE][PASSED] - Delayed 1 second(s)

2018-12-13 15:59:43 - [TEST_STEP][PASSED] - callTestCase: Call Test Case 'Test Cases/Final Aug 2018 - PKS Automation/Common/Reference Number Getter' successfully

2018-12-13 15:59:43 - [TEST_CASE][PASSED] - Test Cases/Final Aug 2018 - PKS Automation/Common/Reference Number Getter: Test Cases/Final Aug 2018 - PKS Automation/Common/Reference Number Getter

2018-12-13 15:59:43 - [TEST_STEP][PASSED] - Statement - Try: null

2018-12-13 15:59:43 - [TEST_STEP][PASSED] - Statement - RefNo = new java.io.File(C://Users//Admin//Desktop//PKS//Automation Reference Point//KatalonReference.txt): null

2018-12-13 15:59:43 - [TEST_STEP][PASSED] - Statement - bufferread = new java.io.BufferedReader(new java.io.FileReader(RefNo)): null

2018-12-13 15:59:43 - [TEST_STEP][PASSED] - Statement - readedVal = bufferread.readLine(): null

2018-12-13 15:59:43 - [TEST_STEP][PASSED] - Statement - out.println(CaseReferenceNo): null

2018-12-13 15:59:43 - [TEST_STEP][PASSED] - Statement - out.println(readedVal): null

2018-12-13 15:59:43 - [TEST_STEP][PASSED] - Statement - CaseReferenceNo = "": null

2018-12-13 15:59:43 - [TEST_STEP][PASSED] - Statement - CaseReferenceNo = readedVal: null

2018-12-13 15:59:43 - [MESSAGE][PASSED] - Call Test Case 'Test Cases/Final Aug 2018 - PKS Automation/Common/Reference Number Getter' successfully

2018-12-13 15:59:43 - [TEST_STEP][PASSED] - callTestCase: Call Test Case 'Test Cases/Final Aug 2018 - PKS Automation/Common/Workflow Owner Finder' successfully

2018-12-13 15:59:43 - [TEST_CASE][PASSED] - Test Cases/Final Aug 2018 - PKS Automation/Common/Workflow Owner Finder: Test Cases/Final Aug 2018 - PKS Automation/Common/Workflow Owner Finder

2018-12-13 15:59:44 - [TEST_STEP][PASSED] - openBrowser: Browser is opened with url: ''

2018-12-13 15:59:44 - [MESSAGE][WARNING] - A browser is already opened. Closing browser and opening a new one

2018-12-13 15:59:46 - [MESSAGE][PASSED] - Browser is opened with url: ''

2018-12-13 15:59:46 - [TEST_STEP][PASSED] - navigateToUrl: Navigate to 'https://assist2-uat.perkeso.gov.my/login' successfully

2018-12-13 15:59:47 - [MESSAGE][PASSED] - Navigate to 'https://assist2-uat.perkeso.gov.my/login' successfully

2018-12-13 15:59:47 - [TEST_STEP][PASSED] - delay: Delayed 5 second(s)

2018-12-13 15:59:52 - [MESSAGE][PASSED] - Delayed 5 second(s)

2018-12-13 15:59:52 - [TEST_STEP][PASSED] - setText: Text 'test@liferay.com' is set on object 'Object Repository/Final Object Repo/Login Page/Internal User/Email Address'

2018-12-13 15:59:53 - [MESSAGE][PASSED] - Text 'test@liferay.com' is set on object 'Object Repository/Final Object Repo/Login Page/Internal User/Email Address'

2018-12-13 15:59:53 - [TEST_STEP][PASSED] - click: Object: 'Object Repository/Final Object Repo/Login Page/Internal User/Next Button' is clicked on

2018-12-13 15:59:53 - [MESSAGE][PASSED] - Object: 'Object Repository/Final Object Repo/Login Page/Internal User/Next Button' is clicked on

2018-12-13 15:59:53 - [TEST_STEP][PASSED] - delay: Delayed 2 second(s)

2018-12-13 15:59:55 - [MESSAGE][PASSED] - Delayed 2 second(s)

2018-12-13 15:59:55 - [TEST_STEP][PASSED] - setText: Text 'test' is set on object 'Object Repository/Final Object Repo/Login Page/Internal User/Password'

2018-12-13 15:59:55 - [MESSAGE][PASSED] - Text 'test' is set on object 'Object Repository/Final Object Repo/Login Page/Internal User/Password'

2018-12-13 15:59:55 - [TEST_STEP][PASSED] - delay: Delayed 2 second(s)

2018-12-13 15:59:57 - [MESSAGE][PASSED] - Delayed 2 second(s)

2018-12-13 15:59:57 - [TEST_STEP][PASSED] - click: Object: 'Object Repository/Final Object Repo/Login Page/Internal User/Login Button' is clicked on

2018-12-13 15:59:57 - [MESSAGE][PASSED] - Object: 'Object Repository/Final Object Repo/Login Page/Internal User/Login Button' is clicked on

2018-12-13 15:59:57 - [TEST_STEP][PASSED] - Statement - tester = com.kms.katalon.core.testobject.ObjectRepository.findTestObject(Final Object Repo/Landing Page/Select to English): Finding Test Object with id 'Object Repository/Final Object Repo/Landing Page/Select to English'

2018-12-13 15:59:57 - [TEST_STEP][PASSED] - Statement - Try: Delayed 2 second(s)

2018-12-13 15:59:57 - [TEST_STEP][PASSED] - Statement - Checker = com.kms.katalon.core.webui.keyword.WebUiBuiltInKeywords.verifyElementNotPresent(tester, 3): Web element with id: 'Object Repository/Final Object Repo/Landing Page/Select to English' located by 'By.xpath: //a[@class = 'taglib-language-list-text' and @lang = 'en-US' and (contains(text(), 'EN') or contains(., 'EN'))]' is not present after '3' second(s)

2018-12-13 16:00:02 - [MESSAGE][PASSED] - Web element with id: 'Object Repository/Final Object Repo/Landing Page/Select to English' located by 'By.xpath: //a[@class = 'taglib-language-list-text' and @lang = 'en-US' and (contains(text(), 'EN') or contains(., 'EN'))]' is not present after '3' second(s)

2018-12-13 16:00:02 - [TEST_STEP][PASSED] - Statement - If (Checker == false): null

2018-12-13 16:00:02 - [TEST_STEP][PASSED] - delay: Delayed 2 second(s)

2018-12-13 16:00:04 - [MESSAGE][PASSED] - Delayed 2 second(s)

2018-12-13 16:00:04 - [TEST_STEP][PASSED] - delay: Delayed 5 second(s)

2018-12-13 16:00:09 - [MESSAGE][PASSED] - Delayed 5 second(s)

2018-12-13 16:00:09 - [TEST_STEP][PASSED] - mouseOver: Object: 'Object Repository/Final Object Repo/Landing Page/WorkFlow Menu' is hovered

2018-12-13 16:00:09 - [MESSAGE][PASSED] - Object: 'Object Repository/Final Object Repo/Landing Page/WorkFlow Menu' is hovered

2018-12-13 16:00:09 - [TEST_STEP][PASSED] - delay: Delayed 2 second(s)

2018-12-13 16:00:11 - [MESSAGE][PASSED] - Delayed 2 second(s)

2018-12-13 16:00:11 - [TEST_STEP][PASSED] - click: Object: 'Object Repository/Final Object Repo/Landing Page/Select to Workflow Listing' is clicked on

2018-12-13 16:00:12 - [MESSAGE][PASSED] - Object: 'Object Repository/Final Object Repo/Landing Page/Select to Workflow Listing' is clicked on

2018-12-13 16:00:12 - [TEST_STEP][PASSED] - delay: Delayed 2 second(s)

2018-12-13 16:00:14 - [MESSAGE][PASSED] - Delayed 2 second(s)

2018-12-13 16:00:14 - [TEST_STEP][PASSED] - click: Object: 'Object Repository/Final Object Repo/WorkFlow Listing Page/Search Information - To Put Ref No' is clicked on

2018-12-13 16:00:14 - [MESSAGE][PASSED] - Object: 'Object Repository/Final Object Repo/WorkFlow Listing Page/Search Information - To Put Ref No' is clicked on

2018-12-13 16:00:14 - [TEST_STEP][PASSED] - delay: Delayed 2 second(s)

2018-12-13 16:00:16 - [MESSAGE][PASSED] - Delayed 2 second(s)

2018-12-13 16:00:16 - [TEST_STEP][PASSED] - callTestCase: Call Test Case 'Test Cases/Final Aug 2018 - PKS Automation/Common/Reference Number Getter' successfully

2018-12-13 16:00:16 - [TEST_CASE][PASSED] - Test Cases/Final Aug 2018 - PKS Automation/Common/Reference Number Getter: Test Cases/Final Aug 2018 - PKS Automation/Common/Reference Number Getter

2018-12-13 16:00:16 - [TEST_STEP][PASSED] - Statement - Try: null

2018-12-13 16:00:16 - [TEST_STEP][PASSED] - Statement - RefNo = new java.io.File(C://Users//Admin//Desktop//PKS//Automation Reference Point//KatalonReference.txt): null

2018-12-13 16:00:16 - [TEST_STEP][PASSED] - Statement - bufferread = new java.io.BufferedReader(new java.io.FileReader(RefNo)): null

2018-12-13 16:00:16 - [TEST_STEP][PASSED] - Statement - readedVal = bufferread.readLine(): null

2018-12-13 16:00:16 - [TEST_STEP][PASSED] - Statement - out.println(CaseReferenceNo): null

2018-12-13 16:00:16 - [TEST_STEP][PASSED] - Statement - out.println(readedVal): null

2018-12-13 16:00:16 - [TEST_STEP][PASSED] - Statement - CaseReferenceNo = "": null

2018-12-13 16:00:16 - [TEST_STEP][PASSED] - Statement - CaseReferenceNo = readedVal: null

2018-12-13 16:00:16 - [MESSAGE][PASSED] - Call Test Case 'Test Cases/Final Aug 2018 - PKS Automation/Common/Reference Number Getter' successfully

2018-12-13 16:00:16 - [TEST_STEP][PASSED] - setText: Text 'CUN122018C200001744' is set on object 'Object Repository/Final Object Repo/WorkFlow Listing Page/Ref No Set Text'

2018-12-13 16:00:17 - [MESSAGE][PASSED] - Text 'CUN122018C200001744' is set on object 'Object Repository/Final Object Repo/WorkFlow Listing Page/Ref No Set Text'

2018-12-13 16:00:17 - [TEST_STEP][PASSED] - delay: Delayed 2 second(s)

2018-12-13 16:00:19 - [MESSAGE][PASSED] - Delayed 2 second(s)

2018-12-13 16:00:19 - [TEST_STEP][PASSED] - click: Object: 'Object Repository/Final Object Repo/WorkFlow Listing Page/Search Ref No Search Button' is clicked on

2018-12-13 16:00:19 - [MESSAGE][PASSED] - Object: 'Object Repository/Final Object Repo/WorkFlow Listing Page/Search Ref No Search Button' is clicked on

2018-12-13 16:00:19 - [TEST_STEP][PASSED] - delay: Delayed 6 second(s)

2018-12-13 16:00:25 - [MESSAGE][PASSED] - Delayed 6 second(s)

2018-12-13 16:00:25 - [TEST_STEP][PASSED] - click: Object: 'Object Repository/Final Object Repo/WorkFlow Listing Page/Click Continue Tooltip' is clicked on

2018-12-13 16:00:27 - [MESSAGE][PASSED] - Object: 'Object Repository/Final Object Repo/WorkFlow Listing Page/Click Continue Tooltip' is clicked on

2018-12-13 16:00:27 - [TEST_STEP][PASSED] - delay: Delayed 5 second(s)

2018-12-13 16:00:32 - [MESSAGE][PASSED] - Delayed 5 second(s)

2018-12-13 16:00:32 - [TEST_STEP][PASSED] - doubleClick: Object: 'Object Repository/Final Object Repo/WorkFlow Listing Page/Workflow Found - Listing 1' is double clicked on

2018-12-13 16:00:32 - [MESSAGE][PASSED] - Object: 'Object Repository/Final Object Repo/WorkFlow Listing Page/Workflow Found - Listing 1' is double clicked on

2018-12-13 16:00:32 - [TEST_STEP][PASSED] - Statement - println(OwnerID): null

2018-12-13 16:00:32 - [TEST_STEP][PASSED] - Statement - OwnerID = com.kms.katalon.core.webui.keyword.WebUiBuiltInKeywords.getText(com.kms.katalon.core.testobject.ObjectRepository.findTestObject(Final Object Repo/WorkFlow Listing Page/Workflow Found - Listing 1), STOP_ON_FAILURE): Text of object 'Object Repository/Final Object Repo/WorkFlow Listing Page/Workflow Found - Listing 1' is: 'JOHORuo2'

2018-12-13 16:00:32 - [MESSAGE][PASSED] - Text of object 'Object Repository/Final Object Repo/WorkFlow Listing Page/Workflow Found - Listing 1' is: 'JOHORuo2'

2018-12-13 16:00:32 - [TEST_STEP][PASSED] - Statement - OwnerID = OwnerID.toLowerCase() + "@gmail.com": null

2018-12-13 16:00:32 - [TEST_STEP][PASSED] - Statement - println(OwnerID): null

2018-12-13 16:00:32 - [TEST_STEP][PASSED] - delay: Delayed 2 second(s)

2018-12-13 16:00:34 - [MESSAGE][PASSED] - Delayed 2 second(s)

2018-12-13 16:00:34 - [MESSAGE][PASSED] - Call Test Case 'Test Cases/Final Aug 2018 - PKS Automation/Common/Workflow Owner Finder' successfully

2018-12-13 16:00:34 - [TEST_STEP][PASSED] - delay: Delayed 1 second(s)

2018-12-13 16:00:35 - [MESSAGE][PASSED] - Delayed 1 second(s)

2018-12-13 16:00:35 - [TEST_STEP][PASSED] - navigateToUrl: Navigate to 'https://assist2-uat.perkeso.gov.my/c/portal/logout' successfully

2018-12-13 16:00:36 - [MESSAGE][PASSED] - Navigate to 'https://assist2-uat.perkeso.gov.my/c/portal/logout' successfully

2018-12-13 16:00:36 - [TEST_STEP][PASSED] - delay: Delayed 1 second(s)

2018-12-13 16:00:37 - [MESSAGE][PASSED] - Delayed 1 second(s)

2018-12-13 16:00:37 - [TEST_STEP][PASSED] - callTestCase: Call Test Case 'Test Cases/Final Aug 2018 - PKS Automation/Registration Module/Workflow/Login and Search Case For Workflow' successfully

2018-12-13 16:00:37 - [TEST_CASE][PASSED] - Test Cases/Final Aug 2018 - PKS Automation/Registration Module/Workflow/Login and Search Case For Workflow: Test Cases/Final Aug 2018 - PKS Automation/Registration Module/Workflow/Login and Search Case For Workflow

2018-12-13 16:00:37 - [TEST_STEP][PASSED] - navigateToUrl: Navigate to 'https://assist2-uat.perkeso.gov.my/login' successfully

2018-12-13 16:00:37 - [MESSAGE][PASSED] - Navigate to 'https://assist2-uat.perkeso.gov.my/login' successfully

2018-12-13 16:00:37 - [TEST_STEP][PASSED] - setText: Text 'johoruo2@gmail.com' is set on object 'Object Repository/Final Object Repo/Login Page/Internal User/Email Address'

2018-12-13 16:00:38 - [MESSAGE][PASSED] - Text 'johoruo2@gmail.com' is set on object 'Object Repository/Final Object Repo/Login Page/Internal User/Email Address'

2018-12-13 16:00:38 - [TEST_STEP][PASSED] - click: Object: 'Object Repository/Final Object Repo/Login Page/Internal User/Next Button' is clicked on

2018-12-13 16:00:38 - [MESSAGE][PASSED] - Object: 'Object Repository/Final Object Repo/Login Page/Internal User/Next Button' is clicked on

2018-12-13 16:00:38 - [TEST_STEP][PASSED] - delay: Delayed 1 second(s)

2018-12-13 16:00:39 - [MESSAGE][PASSED] - Delayed 1 second(s)

2018-12-13 16:00:39 - [TEST_STEP][PASSED] - setEncryptedText: Text ****** has been set on object 'Object Repository/Final Object Repo/Login Page/Internal User/Password'

2018-12-13 16:00:39 - [MESSAGE][PASSED] - Text ****** has been set on object 'Object Repository/Final Object Repo/Login Page/Internal User/Password'

2018-12-13 16:00:39 - [TEST_STEP][PASSED] - click: Object: 'Object Repository/Final Object Repo/Login Page/Internal User/Login Button' is clicked on

2018-12-13 16:00:40 - [MESSAGE][PASSED] - Object: 'Object Repository/Final Object Repo/Login Page/Internal User/Login Button' is clicked on

2018-12-13 16:00:40 - [TEST_STEP][PASSED] - delay: Delayed 2 second(s)

2018-12-13 16:00:42 - [MESSAGE][PASSED] - Delayed 2 second(s)

2018-12-13 16:00:42 - [TEST_STEP][PASSED] - Statement - Try: Delayed 2 second(s)

2018-12-13 16:00:42 - [TEST_STEP][PASSED] - Statement - Checker = false: null

2018-12-13 16:00:42 - [TEST_STEP][PASSED] - Statement - Checker = com.kms.katalon.core.webui.keyword.WebUiBuiltInKeywords.verifyElementHasAttribute(com.kms.katalon.core.testobject.ObjectRepository.findTestObject(Final Object Repo/Landing Page/BM Detecting), "href", 20, OPTIONAL): Object 'Object Repository/Final Object Repo/Landing Page/BM Detecting' has attribute 'href'

2018-12-13 16:00:42 - [MESSAGE][PASSED] - Object 'Object Repository/Final Object Repo/Landing Page/BM Detecting' has attribute 'href'

2018-12-13 16:00:42 - [TEST_STEP][PASSED] - Statement - out.println(Checker): null

2018-12-13 16:00:42 - [TEST_STEP][PASSED] - Statement - If (Checker == false): null

2018-12-13 16:00:42 - [TEST_STEP][PASSED] - Statement - Else: null

2018-12-13 16:00:42 - [TEST_STEP][PASSED] - delay: Delayed 2 second(s)

2018-12-13 16:00:44 - [MESSAGE][PASSED] - Delayed 2 second(s)

2018-12-13 16:00:44 - [TEST_STEP][PASSED] - click: Object: 'Object Repository/Final Object Repo/Page_MyASSIST - ASSIST - Search Pending Case For Add Supporting Document/Search Information' is clicked on

2018-12-13 16:00:44 - [MESSAGE][PASSED] - Object: 'Object Repository/Final Object Repo/Page_MyASSIST - ASSIST - Search Pending Case For Add Supporting Document/Search Information' is clicked on

2018-12-13 16:00:44 - [TEST_STEP][PASSED] - delay: Delayed 3 second(s)

2018-12-13 16:00:47 - [MESSAGE][PASSED] - Delayed 3 second(s)

2018-12-13 16:00:47 - [TEST_STEP][PASSED] - sendKeys: Keys 'CUN122018C200001744' sent to object: 'Object Repository/Final Object Repo/Page_MyASSIST - ASSIST - Search Pending Case For Add Supporting Document/Reference No'

2018-12-13 16:00:47 - [MESSAGE][PASSED] - Keys 'CUN122018C200001744' sent to object: 'Object Repository/Final Object Repo/Page_MyASSIST - ASSIST - Search Pending Case For Add Supporting Document/Reference No'

2018-12-13 16:00:47 - [TEST_STEP][PASSED] - click: Object: 'Object Repository/Final Object Repo/Page_MyASSIST - ASSIST - Search Pending Case For Add Supporting Document/Search Reference No' is clicked on

2018-12-13 16:00:47 - [MESSAGE][PASSED] - Object: 'Object Repository/Final Object Repo/Page_MyASSIST - ASSIST - Search Pending Case For Add Supporting Document/Search Reference No' is clicked on

2018-12-13 16:00:47 - [TEST_STEP][PASSED] - delay: Delayed 2 second(s)

2018-12-13 16:00:49 - [MESSAGE][PASSED] - Delayed 2 second(s)

2018-12-13 16:00:49 - [TEST_STEP][PASSED] - click: Object: 'Object Repository/Final Object Repo/Page_MyASSIST - ASSIST - Search Pending Case For Add Supporting Document/Continue' is clicked on

2018-12-13 16:00:54 - [MESSAGE][PASSED] - Object: 'Object Repository/Final Object Repo/Page_MyASSIST - ASSIST - Search Pending Case For Add Supporting Document/Continue' is clicked on

2018-12-13 16:00:54 - [TEST_STEP][PASSED] - delay: Delayed 20 second(s)

2018-12-13 16:01:14 - [MESSAGE][PASSED] - Delayed 20 second(s)

2018-12-13 16:01:14 - [MESSAGE][PASSED] - Call Test Case 'Test Cases/Final Aug 2018 - PKS Automation/Registration Module/Workflow/Login and Search Case For Workflow' successfully

2018-12-13 16:01:14 - [TEST_STEP][PASSED] - click: Object: 'Object Repository/Final Object Repo/Page_Form 1A - Cessation As Employer/Page_Form 1A - Cessation As Employer (Approve)/Save  Continue in Form 1A Page' is clicked on

2018-12-13 16:01:14 - [MESSAGE][PASSED] - Object: 'Object Repository/Final Object Repo/Page_Form 1A - Cessation As Employer/Page_Form 1A - Cessation As Employer (Approve)/Save  Continue in Form 1A Page' is clicked on

2018-12-13 16:01:14 - [TEST_STEP][PASSED] - delay: Delayed 2 second(s)

2018-12-13 16:01:16 - [MESSAGE][PASSED] - Delayed 2 second(s)

2018-12-13 16:01:16 - [TEST_STEP][PASSED] - click: Object: 'Object Repository/Final Object Repo/Page_Form 1A - Cessation As Employer/Employment Resign Date' is clicked on

2018-12-13 16:01:16 - [MESSAGE][PASSED] - Object: 'Object Repository/Final Object Repo/Page_Form 1A - Cessation As Employer/Employment Resign Date' is clicked on

2018-12-13 16:01:16 - [TEST_STEP][PASSED] - delay: Delayed 1 second(s)

2018-12-13 16:01:17 - [MESSAGE][PASSED] - Delayed 1 second(s)

2018-12-13 16:01:17 - [TEST_STEP][PASSED] - selectOptionByValue: All options with value '2030' are selected in object 'Object Repository/Final Object Repo/Page_Form 1A - Cessation As Employer/Employment Resign Date - Year' 

2018-12-13 16:01:18 - [MESSAGE][PASSED] - All options with value '2030' are selected in object 'Object Repository/Final Object Repo/Page_Form 1A - Cessation As Employer/Employment Resign Date - Year' 

2018-12-13 16:01:18 - [TEST_STEP][PASSED] - delay: Delayed 1 second(s)

2018-12-13 16:01:19 - [MESSAGE][PASSED] - Delayed 1 second(s)

2018-12-13 16:01:19 - [TEST_STEP][PASSED] - click: Object: 'Object Repository/Final Object Repo/Page_Form 1A - Cessation As Employer/Employment Resign Date - Year - Date' is clicked on

2018-12-13 16:01:19 - [MESSAGE][PASSED] - Object: 'Object Repository/Final Object Repo/Page_Form 1A - Cessation As Employer/Employment Resign Date - Year - Date' is clicked on

2018-12-13 16:01:19 - [TEST_STEP][PASSED] - delay: Delayed 2 second(s)

2018-12-13 16:01:21 - [MESSAGE][PASSED] - Delayed 2 second(s)

2018-12-13 16:01:21 - [TEST_STEP][PASSED] - click: Object: 'Object Repository/Final Object Repo/Page_Form 1A - Cessation As Employer/Page_Form 1A - Cessation As Employer (Approve)/Save  Continue in Update Add Employee Resigned Date Page' is clicked on

2018-12-13 16:01:21 - [MESSAGE][PASSED] - Object: 'Object Repository/Final Object Repo/Page_Form 1A - Cessation As Employer/Page_Form 1A - Cessation As Employer (Approve)/Save  Continue in Update Add Employee Resigned Date Page' is clicked on

2018-12-13 16:01:21 - [TEST_STEP][PASSED] - delay: Delayed 2 second(s)

2018-12-13 16:01:23 - [MESSAGE][PASSED] - Delayed 2 second(s)

2018-12-13 16:01:23 - [TEST_STEP][PASSED] - click: Object: 'Object Repository/Final Object Repo/Page_Form 1A - Cessation As Employer/Set Latest - Yes' is clicked on

2018-12-13 16:01:23 - [MESSAGE][PASSED] - Object: 'Object Repository/Final Object Repo/Page_Form 1A - Cessation As Employer/Set Latest - Yes' is clicked on

2018-12-13 16:01:23 - [TEST_STEP][PASSED] - delay: Delayed 2 second(s)

2018-12-13 16:01:25 - [MESSAGE][PASSED] - Delayed 2 second(s)

2018-12-13 16:01:25 - [TEST_STEP][PASSED] - click: Object: 'Object Repository/Final Object Repo/Page_Form 1A - Cessation As Employer/Page_Form 1A - Cessation As Employer (Approve)/Save  Contine in Uploading Document Page' is clicked on

2018-12-13 16:01:26 - [MESSAGE][PASSED] - Object: 'Object Repository/Final Object Repo/Page_Form 1A - Cessation As Employer/Page_Form 1A - Cessation As Employer (Approve)/Save  Contine in Uploading Document Page' is clicked on

2018-12-13 16:01:26 - [TEST_STEP][PASSED] - delay: Delayed 2 second(s)

2018-12-13 16:01:28 - [MESSAGE][PASSED] - Delayed 2 second(s)

2018-12-13 16:01:28 - [TEST_STEP][PASSED] - click: Object: 'Object Repository/Final Object Repo/Page_Form 1A - Cessation As Employer/Page_Form 1A - Cessation As Employer (Under enforcement)/Under enforcement' is clicked on

2018-12-13 16:01:31 - [MESSAGE][PASSED] - Object: 'Object Repository/Final Object Repo/Page_Form 1A - Cessation As Employer/Page_Form 1A - Cessation As Employer (Under enforcement)/Under enforcement' is clicked on

2018-12-13 16:01:31 - [TEST_STEP][PASSED] - delay: Delayed 2 second(s)

2018-12-13 16:01:33 - [MESSAGE][PASSED] - Delayed 2 second(s)

2018-12-13 16:01:33 - [TEST_STEP][PASSED] - setText: Text 'remark' is set on object 'Object Repository/Final Object Repo/Page_Form 1A - Cessation As Employer/Page_Form 1A - Cessation As Employer (Under enforcement)/Under enforcement - remark'

2018-12-13 16:01:34 - [MESSAGE][PASSED] - Text 'remark' is set on object 'Object Repository/Final Object Repo/Page_Form 1A - Cessation As Employer/Page_Form 1A - Cessation As Employer (Under enforcement)/Under enforcement - remark'

2018-12-13 16:01:34 - [TEST_STEP][PASSED] - delay: Delayed 2 second(s)

2018-12-13 16:01:36 - [MESSAGE][PASSED] - Delayed 2 second(s)

2018-12-13 16:01:36 - [TEST_STEP][PASSED] - click: Object: 'Object Repository/Final Object Repo/Page_Form 1A - Cessation As Employer/Page_Form 1A - Cessation As Employer (Under enforcement)/Save  Continue in Under enforcement Page' is clicked on

2018-12-13 16:01:36 - [MESSAGE][PASSED] - Object: 'Object Repository/Final Object Repo/Page_Form 1A - Cessation As Employer/Page_Form 1A - Cessation As Employer (Under enforcement)/Save  Continue in Under enforcement Page' is clicked on

2018-12-13 16:01:36 - [TEST_STEP][PASSED] - delay: Delayed 2 second(s)

2018-12-13 16:01:38 - [MESSAGE][PASSED] - Delayed 2 second(s)

2018-12-13 16:01:38 - [TEST_STEP][PASSED] - click: Object: 'Object Repository/Final Object Repo/Page_Form 1A - Cessation As Employer/Page_Form 1A - Cessation As Employer (Under enforcement)/Message The case is under enforcement' is clicked on

2018-12-13 16:01:40 - [MESSAGE][PASSED] - Object: 'Object Repository/Final Object Repo/Page_Form 1A - Cessation As Employer/Page_Form 1A - Cessation As Employer (Under enforcement)/Message The case is under enforcement' is clicked on

2018-12-13 16:01:40 - [MESSAGE][PASSED] - Call Test Case 'Test Cases/Final Aug 2018 - PKS Automation/Registration Module/Workflow/Form 1A - Cessation As Employer/Template/Form 1 A - Cessation As Employer (Under enforcement)' successfully]]></system-out>
         <system-err><![CDATA[]]></system-err>
      </testcase>
      <testcase name="Test Cases/Final Aug 2018 - PKS Automation/Registration Module/Workflow/Form 1A - Cessation As Employer/PKRBO to UO (Approve)" classname="Test Cases/Final Aug 2018 - PKS Automation/Registration Module/Workflow/Form 1A - Cessation As Employer/PKRBO to UO (Approve)" status="PASSED">
         <system-out><![CDATA[2018-12-13 16:01:40 - [TEST_CASE][PASSED] - Test Cases/Final Aug 2018 - PKS Automation/Registration Module/Workflow/Form 1A - Cessation As Employer/PKRBO to UO (Approve): Test Cases/Final Aug 2018 - PKS Automation/Registration Module/Workflow/Form 1A - Cessation As Employer/PKRBO to UO (Approve)

2018-12-13 16:01:40 - [TEST_STEP][PASSED] - callTestCase: Call Test Case 'Test Cases/Final Aug 2018 - PKS Automation/Registration Module/Workflow/Form 1A - Cessation As Employer/Template/Form 1 A - Cessation As Employer (PKRBO)' successfully

2018-12-13 16:01:40 - [TEST_CASE][PASSED] - Test Cases/Final Aug 2018 - PKS Automation/Registration Module/Workflow/Form 1A - Cessation As Employer/Template/Form 1 A - Cessation As Employer (PKRBO): Test Cases/Final Aug 2018 - PKS Automation/Registration Module/Workflow/Form 1A - Cessation As Employer/Template/Form 1 A - Cessation As Employer (PKRBO)

2018-12-13 16:01:40 - [TEST_STEP][PASSED] - openBrowser: Browser is opened with url: ''

2018-12-13 16:01:40 - [MESSAGE][WARNING] - A browser is already opened. Closing browser and opening a new one

2018-12-13 16:01:43 - [MESSAGE][PASSED] - Browser is opened with url: ''

2018-12-13 16:01:43 - [TEST_STEP][PASSED] - navigateToUrl: Navigate to 'https://assist2-uat.perkeso.gov.my/login' successfully

2018-12-13 16:01:44 - [MESSAGE][PASSED] - Navigate to 'https://assist2-uat.perkeso.gov.my/login' successfully

2018-12-13 16:01:44 - [TEST_STEP][PASSED] - setText: Text 'johorpkrbo1@gmail.com' is set on object 'Object Repository/Final Object Repo/Login Page/Internal User/Email Address'

2018-12-13 16:01:45 - [MESSAGE][PASSED] - Text 'johorpkrbo1@gmail.com' is set on object 'Object Repository/Final Object Repo/Login Page/Internal User/Email Address'

2018-12-13 16:01:45 - [TEST_STEP][PASSED] - click: Object: 'Object Repository/Final Object Repo/Login Page/Internal User/Next Button' is clicked on

2018-12-13 16:01:45 - [MESSAGE][PASSED] - Object: 'Object Repository/Final Object Repo/Login Page/Internal User/Next Button' is clicked on

2018-12-13 16:01:45 - [TEST_STEP][PASSED] - delay: Delayed 1 second(s)

2018-12-13 16:01:46 - [MESSAGE][PASSED] - Delayed 1 second(s)

2018-12-13 16:01:46 - [TEST_STEP][PASSED] - setEncryptedText: Text ****** has been set on object 'Object Repository/Final Object Repo/Login Page/Internal User/Password'

2018-12-13 16:01:47 - [MESSAGE][PASSED] - Text ****** has been set on object 'Object Repository/Final Object Repo/Login Page/Internal User/Password'

2018-12-13 16:01:47 - [TEST_STEP][PASSED] - click: Object: 'Object Repository/Final Object Repo/Login Page/Internal User/Login Button' is clicked on

2018-12-13 16:01:47 - [MESSAGE][PASSED] - Object: 'Object Repository/Final Object Repo/Login Page/Internal User/Login Button' is clicked on

2018-12-13 16:01:47 - [TEST_STEP][PASSED] - delay: Delayed 1 second(s)

2018-12-13 16:01:48 - [MESSAGE][PASSED] - Delayed 1 second(s)

2018-12-13 16:01:48 - [TEST_STEP][PASSED] - Statement - Try: Delayed 2 second(s)

2018-12-13 16:01:48 - [TEST_STEP][PASSED] - Statement - Checker = false: null

2018-12-13 16:01:48 - [TEST_STEP][PASSED] - Statement - Checker = com.kms.katalon.core.webui.keyword.WebUiBuiltInKeywords.verifyElementHasAttribute(com.kms.katalon.core.testobject.ObjectRepository.findTestObject(Final Object Repo/Landing Page/BM Detecting), "href", 20, OPTIONAL): Object 'Object Repository/Final Object Repo/Landing Page/BM Detecting' has attribute 'href'

2018-12-13 16:01:49 - [MESSAGE][PASSED] - Object 'Object Repository/Final Object Repo/Landing Page/BM Detecting' has attribute 'href'

2018-12-13 16:01:49 - [TEST_STEP][PASSED] - Statement - out.println(Checker): null

2018-12-13 16:01:49 - [TEST_STEP][PASSED] - Statement - If (Checker == false): null

2018-12-13 16:01:49 - [TEST_STEP][PASSED] - Statement - Else: null

2018-12-13 16:01:49 - [TEST_STEP][PASSED] - delay: Delayed 2 second(s)

2018-12-13 16:01:51 - [MESSAGE][PASSED] - Delayed 2 second(s)

2018-12-13 16:01:51 - [TEST_STEP][PASSED] - navigateToUrl: Navigate to 'https://assist2-uat.perkeso.gov.my/web/registration/update/form-1a-cessation-as-employer-discontinue-business-' successfully

2018-12-13 16:01:52 - [MESSAGE][PASSED] - Navigate to 'https://assist2-uat.perkeso.gov.my/web/registration/update/form-1a-cessation-as-employer-discontinue-business-' successfully

2018-12-13 16:01:52 - [TEST_STEP][PASSED] - setText: Text 'E1102069770Z' is set on object 'Object Repository/Final Object Repo/Page_Update Employer Information/Employer Code'

2018-12-13 16:01:52 - [MESSAGE][PASSED] - Text 'E1102069770Z' is set on object 'Object Repository/Final Object Repo/Page_Update Employer Information/Employer Code'

2018-12-13 16:01:52 - [TEST_STEP][PASSED] - click: Object: 'Object Repository/Final Object Repo/Page_Update Employer Information/Search Button' is clicked on

2018-12-13 16:01:52 - [MESSAGE][PASSED] - Object: 'Object Repository/Final Object Repo/Page_Update Employer Information/Search Button' is clicked on

2018-12-13 16:01:52 - [TEST_STEP][PASSED] - click: Object: 'Object Repository/Final Object Repo/Page_Update Employer Information/Edit Button' is clicked on

2018-12-13 16:01:57 - [MESSAGE][PASSED] - Object: 'Object Repository/Final Object Repo/Page_Update Employer Information/Edit Button' is clicked on

2018-12-13 16:01:57 - [TEST_STEP][PASSED] - Statement - abc = com.kms.katalon.core.webui.keyword.WebUiBuiltInKeywords.getAttribute(com.kms.katalon.core.testobject.ObjectRepository.findTestObject(Final Object Repo/Page_Form 1A - Cessation As Employer/Employer Status), "value"): Attribute 'value' of object 'Object Repository/Final Object Repo/Page_Form 1A - Cessation As Employer/Employer Status' is: 'Dormant'

2018-12-13 16:01:57 - [MESSAGE][PASSED] - Attribute 'value' of object 'Object Repository/Final Object Repo/Page_Form 1A - Cessation As Employer/Employer Status' is: 'Dormant'

2018-12-13 16:01:57 - [TEST_STEP][PASSED] - Statement - out.println(abc): null

2018-12-13 16:01:57 - [TEST_STEP][PASSED] - Statement - If (abc == "Active"): null

2018-12-13 16:01:57 - [TEST_STEP][PASSED] - Statement - Else If (abc == "Cancel"): null

2018-12-13 16:01:57 - [TEST_STEP][PASSED] - Statement - Else If (abc == "Dormant"): Object: 'Object Repository/Final Object Repo/Page_Form 1A - Cessation As Employer/Change Employer Status to - Dormant' is clicked on

2018-12-13 16:01:57 - [TEST_STEP][PASSED] - click: Object: 'Object Repository/Final Object Repo/Page_Form 1A - Cessation As Employer/Change Employer Status to' is clicked on

2018-12-13 16:01:57 - [MESSAGE][PASSED] - Object: 'Object Repository/Final Object Repo/Page_Form 1A - Cessation As Employer/Change Employer Status to' is clicked on

2018-12-13 16:01:57 - [TEST_STEP][PASSED] - click: Object: 'Object Repository/Final Object Repo/Page_Form 1A - Cessation As Employer/Change Employer Status to - Dormant' is clicked on

2018-12-13 16:01:57 - [MESSAGE][PASSED] - Object: 'Object Repository/Final Object Repo/Page_Form 1A - Cessation As Employer/Change Employer Status to - Dormant' is clicked on

2018-12-13 16:01:57 - [TEST_STEP][PASSED] - click: Object: 'Object Repository/Final Object Repo/Page_Form 1A - Cessation As Employer/Calender' is clicked on

2018-12-13 16:01:58 - [MESSAGE][PASSED] - Object: 'Object Repository/Final Object Repo/Page_Form 1A - Cessation As Employer/Calender' is clicked on

2018-12-13 16:01:58 - [TEST_STEP][PASSED] - click: Object: 'Object Repository/Final Object Repo/Page_Form 1A - Cessation As Employer/Calender - Date' is clicked on

2018-12-13 16:01:58 - [MESSAGE][PASSED] - Object: 'Object Repository/Final Object Repo/Page_Form 1A - Cessation As Employer/Calender - Date' is clicked on

2018-12-13 16:01:58 - [TEST_STEP][PASSED] - delay: Delayed 2 second(s)

2018-12-13 16:02:00 - [MESSAGE][PASSED] - Delayed 2 second(s)

2018-12-13 16:02:00 - [TEST_STEP][PASSED] - click: Object: 'Object Repository/Final Object Repo/Page_Form 1A - Cessation As Employer/Save  Continue in Form 1A Page' is clicked on

2018-12-13 16:02:00 - [MESSAGE][PASSED] - Object: 'Object Repository/Final Object Repo/Page_Form 1A - Cessation As Employer/Save  Continue in Form 1A Page' is clicked on

2018-12-13 16:02:00 - [TEST_STEP][PASSED] - delay: Delayed 2 second(s)

2018-12-13 16:02:02 - [MESSAGE][PASSED] - Delayed 2 second(s)

2018-12-13 16:02:02 - [TEST_STEP][PASSED] - click: Object: 'Object Repository/Final Object Repo/Page_Form 1A - Cessation As Employer/Employment Resign Date' is clicked on

2018-12-13 16:02:02 - [MESSAGE][PASSED] - Object: 'Object Repository/Final Object Repo/Page_Form 1A - Cessation As Employer/Employment Resign Date' is clicked on

2018-12-13 16:02:02 - [TEST_STEP][PASSED] - delay: Delayed 1 second(s)

2018-12-13 16:02:03 - [MESSAGE][PASSED] - Delayed 1 second(s)

2018-12-13 16:02:03 - [TEST_STEP][PASSED] - Statement - CaseReferenceNo = com.kms.katalon.core.webui.keyword.WebUiBuiltInKeywords.getText(com.kms.katalon.core.testobject.ObjectRepository.findTestObject(Final Object Repo/Page_Update Employer Information/Reference Number in Update Employee Information Page)): Text of object 'Object Repository/Final Object Repo/Page_Update Employer Information/Reference Number in Update Employee Information Page' is: 'CUN122018C200001745'

2018-12-13 16:02:03 - [MESSAGE][PASSED] - Text of object 'Object Repository/Final Object Repo/Page_Update Employer Information/Reference Number in Update Employee Information Page' is: 'CUN122018C200001745'

2018-12-13 16:02:03 - [TEST_STEP][PASSED] - Statement - out.println(CaseReferenceNo): null

2018-12-13 16:02:03 - [TEST_STEP][PASSED] - callTestCase: Call Test Case 'Test Cases/Final Aug 2018 - PKS Automation/Common/Reference Number Setter' successfully

2018-12-13 16:02:03 - [TEST_CASE][PASSED] - Test Cases/Final Aug 2018 - PKS Automation/Common/Reference Number Setter: Test Cases/Final Aug 2018 - PKS Automation/Common/Reference Number Setter

2018-12-13 16:02:03 - [TEST_STEP][PASSED] - Statement - RefNoOldFile = new java.io.File(C://Users//Admin//Desktop//PKS//Automation Reference Point//KatalonReference.txt): null

2018-12-13 16:02:03 - [TEST_STEP][PASSED] - Statement - RefNoOldFile.delete(): null

2018-12-13 16:02:03 - [TEST_STEP][PASSED] - delay: Delayed 5 second(s)

2018-12-13 16:02:08 - [MESSAGE][PASSED] - Delayed 5 second(s)

2018-12-13 16:02:08 - [TEST_STEP][PASSED] - Statement - RefNo = new java.io.File(C://Users//Admin//Desktop//PKS//Automation Reference Point//KatalonReference.txt): null

2018-12-13 16:02:08 - [TEST_STEP][PASSED] - Statement - f2 = new java.io.FileWriter(RefNo, false): null

2018-12-13 16:02:08 - [TEST_STEP][PASSED] - Statement - f2.write(CaseReferenceNo): null

2018-12-13 16:02:08 - [TEST_STEP][PASSED] - Statement - f2.close(): null

2018-12-13 16:02:08 - [TEST_STEP][PASSED] - Statement - out.println("


" + CaseReferenceNo + "


"): null

2018-12-13 16:02:08 - [MESSAGE][PASSED] - Call Test Case 'Test Cases/Final Aug 2018 - PKS Automation/Common/Reference Number Setter' successfully

2018-12-13 16:02:08 - [TEST_STEP][PASSED] - selectOptionByValue: All options with value '2030' are selected in object 'Object Repository/Final Object Repo/Page_Form 1A - Cessation As Employer/Employment Resign Date - Year' 

2018-12-13 16:02:09 - [MESSAGE][PASSED] - All options with value '2030' are selected in object 'Object Repository/Final Object Repo/Page_Form 1A - Cessation As Employer/Employment Resign Date - Year' 

2018-12-13 16:02:09 - [TEST_STEP][PASSED] - delay: Delayed 1 second(s)

2018-12-13 16:02:10 - [MESSAGE][PASSED] - Delayed 1 second(s)

2018-12-13 16:02:10 - [TEST_STEP][PASSED] - click: Object: 'Object Repository/Final Object Repo/Page_Form 1A - Cessation As Employer/Employment Resign Date - Year - Date' is clicked on

2018-12-13 16:02:10 - [MESSAGE][PASSED] - Object: 'Object Repository/Final Object Repo/Page_Form 1A - Cessation As Employer/Employment Resign Date - Year - Date' is clicked on

2018-12-13 16:02:10 - [TEST_STEP][PASSED] - delay: Delayed 2 second(s)

2018-12-13 16:02:12 - [MESSAGE][PASSED] - Delayed 2 second(s)

2018-12-13 16:02:12 - [TEST_STEP][PASSED] - click: Object: 'Object Repository/Final Object Repo/Page_Form 1A - Cessation As Employer/Save  Continue in Update Add Employee Resigned Date Page' is clicked on

2018-12-13 16:02:12 - [MESSAGE][PASSED] - Object: 'Object Repository/Final Object Repo/Page_Form 1A - Cessation As Employer/Save  Continue in Update Add Employee Resigned Date Page' is clicked on

2018-12-13 16:02:12 - [TEST_STEP][PASSED] - delay: Delayed 2 second(s)

2018-12-13 16:02:14 - [MESSAGE][PASSED] - Delayed 2 second(s)

2018-12-13 16:02:14 - [TEST_STEP][PASSED] - click: Object: 'Object Repository/Final Object Repo/Page_Form 1A - Cessation As Employer/Set Latest - Yes' is clicked on

2018-12-13 16:02:14 - [MESSAGE][PASSED] - Object: 'Object Repository/Final Object Repo/Page_Form 1A - Cessation As Employer/Set Latest - Yes' is clicked on

2018-12-13 16:02:14 - [TEST_STEP][PASSED] - delay: Delayed 2 second(s)

2018-12-13 16:02:16 - [MESSAGE][PASSED] - Delayed 2 second(s)

2018-12-13 16:02:16 - [TEST_STEP][PASSED] - click: Object: 'Object Repository/Final Object Repo/Page_Form 1A - Cessation As Employer/Add Document' is clicked on

2018-12-13 16:02:17 - [MESSAGE][PASSED] - Object: 'Object Repository/Final Object Repo/Page_Form 1A - Cessation As Employer/Add Document' is clicked on

2018-12-13 16:02:17 - [TEST_STEP][PASSED] - delay: Delayed 2 second(s)

2018-12-13 16:02:19 - [MESSAGE][PASSED] - Delayed 2 second(s)

2018-12-13 16:02:19 - [TEST_STEP][PASSED] - click: Object: 'Object Repository/Final Object Repo/Page_Form 1A - Cessation As Employer/Document Type' is clicked on

2018-12-13 16:02:20 - [MESSAGE][PASSED] - Object: 'Object Repository/Final Object Repo/Page_Form 1A - Cessation As Employer/Document Type' is clicked on

2018-12-13 16:02:20 - [TEST_STEP][PASSED] - delay: Delayed 2 second(s)

2018-12-13 16:02:22 - [MESSAGE][PASSED] - Delayed 2 second(s)

2018-12-13 16:02:22 - [TEST_STEP][PASSED] - click: Object: 'Object Repository/Final Object Repo/Page_Form 1A - Cessation As Employer/Document Type - Supporting Document For Cessation' is clicked on

2018-12-13 16:02:22 - [MESSAGE][PASSED] - Object: 'Object Repository/Final Object Repo/Page_Form 1A - Cessation As Employer/Document Type - Supporting Document For Cessation' is clicked on

2018-12-13 16:02:22 - [TEST_STEP][PASSED] - delay: Delayed 2 second(s)

2018-12-13 16:02:24 - [MESSAGE][PASSED] - Delayed 2 second(s)

2018-12-13 16:02:24 - [TEST_STEP][PASSED] - sendKeys: Keys 'C:\Users\Public\Pictures\Sample Pictures\Koala.jpg' sent to object: 'Object Repository/Final Object Repo/Page_Form 1A - Cessation As Employer/Uploading File'

2018-12-13 16:02:24 - [MESSAGE][PASSED] - Keys 'C:\Users\Public\Pictures\Sample Pictures\Koala.jpg' sent to object: 'Object Repository/Final Object Repo/Page_Form 1A - Cessation As Employer/Uploading File'

2018-12-13 16:02:24 - [TEST_STEP][PASSED] - delay: Delayed 2 second(s)

2018-12-13 16:02:26 - [MESSAGE][PASSED] - Delayed 2 second(s)

2018-12-13 16:02:26 - [TEST_STEP][PASSED] - click: Object: 'Object Repository/Final Object Repo/Page_Form 1A - Cessation As Employer/Add Document in Uploading Page' is clicked on

2018-12-13 16:02:27 - [MESSAGE][PASSED] - Object: 'Object Repository/Final Object Repo/Page_Form 1A - Cessation As Employer/Add Document in Uploading Page' is clicked on

2018-12-13 16:02:27 - [TEST_STEP][PASSED] - delay: Delayed 15 second(s)

2018-12-13 16:02:42 - [MESSAGE][PASSED] - Delayed 15 second(s)

2018-12-13 16:02:42 - [TEST_STEP][PASSED] - click: Object: 'Object Repository/Final Object Repo/Page_Form 1A - Cessation As Employer/Save  Continue in Uploading Page' is clicked on

2018-12-13 16:02:42 - [MESSAGE][PASSED] - Object: 'Object Repository/Final Object Repo/Page_Form 1A - Cessation As Employer/Save  Continue in Uploading Page' is clicked on

2018-12-13 16:02:42 - [TEST_STEP][PASSED] - delay: Delayed 2 second(s)

2018-12-13 16:02:44 - [MESSAGE][PASSED] - Delayed 2 second(s)

2018-12-13 16:02:44 - [TEST_STEP][PASSED] - click: Object: 'Object Repository/Final Object Repo/Page_Form 1A - Cessation As Employer/Submit2' is clicked on

2018-12-13 16:02:48 - [MESSAGE][PASSED] - Object: 'Object Repository/Final Object Repo/Page_Form 1A - Cessation As Employer/Submit2' is clicked on

2018-12-13 16:02:48 - [TEST_STEP][PASSED] - delay: Delayed 2 second(s)

2018-12-13 16:02:50 - [MESSAGE][PASSED] - Delayed 2 second(s)

2018-12-13 16:02:50 - [TEST_STEP][PASSED] - click: Object: 'Object Repository/Final Object Repo/Page_Form 1A - Cessation As Employer/Confirm' is clicked on

2018-12-13 16:02:50 - [MESSAGE][PASSED] - Object: 'Object Repository/Final Object Repo/Page_Form 1A - Cessation As Employer/Confirm' is clicked on

2018-12-13 16:02:50 - [TEST_STEP][PASSED] - delay: Delayed 2 second(s)

2018-12-13 16:02:52 - [MESSAGE][PASSED] - Delayed 2 second(s)

2018-12-13 16:02:52 - [TEST_STEP][PASSED] - verifyElementVisible: Object 'Object Repository/Final Object Repo/Page_Form 1A - Cessation As Employer/Message Your Request will be routed to UO' is visible

2018-12-13 16:02:55 - [MESSAGE][PASSED] - Object 'Object Repository/Final Object Repo/Page_Form 1A - Cessation As Employer/Message Your Request will be routed to UO' is visible

2018-12-13 16:02:55 - [TEST_STEP][PASSED] - delay: Delayed 1 second(s)

2018-12-13 16:02:56 - [MESSAGE][PASSED] - Delayed 1 second(s)

2018-12-13 16:02:56 - [TEST_STEP][PASSED] - verifyElementVisible: Object 'Object Repository/Final Object Repo/Page_Form 1A - Cessation As Employer/Letter of acknowledgement' is visible

2018-12-13 16:02:56 - [MESSAGE][PASSED] - Object 'Object Repository/Final Object Repo/Page_Form 1A - Cessation As Employer/Letter of acknowledgement' is visible

2018-12-13 16:02:56 - [MESSAGE][PASSED] - Call Test Case 'Test Cases/Final Aug 2018 - PKS Automation/Registration Module/Workflow/Form 1A - Cessation As Employer/Template/Form 1 A - Cessation As Employer (PKRBO)' successfully

2018-12-13 16:02:56 - [TEST_STEP][PASSED] - callTestCase: Call Test Case 'Test Cases/Final Aug 2018 - PKS Automation/Registration Module/Workflow/Form 1A - Cessation As Employer/Template/Form 1 A - Cessation As Employer (Approve)' successfully

2018-12-13 16:02:56 - [TEST_CASE][PASSED] - Test Cases/Final Aug 2018 - PKS Automation/Registration Module/Workflow/Form 1A - Cessation As Employer/Template/Form 1 A - Cessation As Employer (Approve): Test Cases/Final Aug 2018 - PKS Automation/Registration Module/Workflow/Form 1A - Cessation As Employer/Template/Form 1 A - Cessation As Employer (Approve)

2018-12-13 16:02:56 - [TEST_STEP][NOT_RUN] - callTestCase: NOT_RUN: callTestCase

2018-12-13 16:02:56 - [MESSAGE][NOT_RUN] - NOT_RUN: callTestCase

2018-12-13 16:02:56 - [TEST_STEP][PASSED] - delay: Delayed 1 second(s)

2018-12-13 16:02:57 - [MESSAGE][PASSED] - Delayed 1 second(s)

2018-12-13 16:02:57 - [TEST_STEP][PASSED] - navigateToUrl: Navigate to 'https://assist2-uat.perkeso.gov.my/c/portal/logout' successfully

2018-12-13 16:02:59 - [MESSAGE][PASSED] - Navigate to 'https://assist2-uat.perkeso.gov.my/c/portal/logout' successfully

2018-12-13 16:02:59 - [TEST_STEP][PASSED] - delay: Delayed 1 second(s)

2018-12-13 16:03:00 - [MESSAGE][PASSED] - Delayed 1 second(s)

2018-12-13 16:03:00 - [TEST_STEP][PASSED] - callTestCase: Call Test Case 'Test Cases/Final Aug 2018 - PKS Automation/Common/Reference Number Getter' successfully

2018-12-13 16:03:00 - [TEST_CASE][PASSED] - Test Cases/Final Aug 2018 - PKS Automation/Common/Reference Number Getter: Test Cases/Final Aug 2018 - PKS Automation/Common/Reference Number Getter

2018-12-13 16:03:00 - [TEST_STEP][PASSED] - Statement - Try: null

2018-12-13 16:03:00 - [TEST_STEP][PASSED] - Statement - RefNo = new java.io.File(C://Users//Admin//Desktop//PKS//Automation Reference Point//KatalonReference.txt): null

2018-12-13 16:03:00 - [TEST_STEP][PASSED] - Statement - bufferread = new java.io.BufferedReader(new java.io.FileReader(RefNo)): null

2018-12-13 16:03:00 - [TEST_STEP][PASSED] - Statement - readedVal = bufferread.readLine(): null

2018-12-13 16:03:00 - [TEST_STEP][PASSED] - Statement - out.println(CaseReferenceNo): null

2018-12-13 16:03:00 - [TEST_STEP][PASSED] - Statement - out.println(readedVal): null

2018-12-13 16:03:00 - [TEST_STEP][PASSED] - Statement - CaseReferenceNo = "": null

2018-12-13 16:03:00 - [TEST_STEP][PASSED] - Statement - CaseReferenceNo = readedVal: null

2018-12-13 16:03:00 - [MESSAGE][PASSED] - Call Test Case 'Test Cases/Final Aug 2018 - PKS Automation/Common/Reference Number Getter' successfully

2018-12-13 16:03:00 - [TEST_STEP][PASSED] - callTestCase: Call Test Case 'Test Cases/Final Aug 2018 - PKS Automation/Common/Workflow Owner Finder' successfully

2018-12-13 16:03:00 - [TEST_CASE][PASSED] - Test Cases/Final Aug 2018 - PKS Automation/Common/Workflow Owner Finder: Test Cases/Final Aug 2018 - PKS Automation/Common/Workflow Owner Finder

2018-12-13 16:03:00 - [TEST_STEP][PASSED] - openBrowser: Browser is opened with url: ''

2018-12-13 16:03:00 - [MESSAGE][WARNING] - A browser is already opened. Closing browser and opening a new one

2018-12-13 16:03:03 - [MESSAGE][PASSED] - Browser is opened with url: ''

2018-12-13 16:03:03 - [TEST_STEP][PASSED] - navigateToUrl: Navigate to 'https://assist2-uat.perkeso.gov.my/login' successfully

2018-12-13 16:03:04 - [MESSAGE][PASSED] - Navigate to 'https://assist2-uat.perkeso.gov.my/login' successfully

2018-12-13 16:03:04 - [TEST_STEP][PASSED] - delay: Delayed 5 second(s)

2018-12-13 16:03:09 - [MESSAGE][PASSED] - Delayed 5 second(s)

2018-12-13 16:03:09 - [TEST_STEP][PASSED] - setText: Text 'test@liferay.com' is set on object 'Object Repository/Final Object Repo/Login Page/Internal User/Email Address'

2018-12-13 16:03:10 - [MESSAGE][PASSED] - Text 'test@liferay.com' is set on object 'Object Repository/Final Object Repo/Login Page/Internal User/Email Address'

2018-12-13 16:03:10 - [TEST_STEP][PASSED] - click: Object: 'Object Repository/Final Object Repo/Login Page/Internal User/Next Button' is clicked on

2018-12-13 16:03:10 - [MESSAGE][PASSED] - Object: 'Object Repository/Final Object Repo/Login Page/Internal User/Next Button' is clicked on

2018-12-13 16:03:10 - [TEST_STEP][PASSED] - delay: Delayed 2 second(s)

2018-12-13 16:03:12 - [MESSAGE][PASSED] - Delayed 2 second(s)

2018-12-13 16:03:12 - [TEST_STEP][PASSED] - setText: Text 'test' is set on object 'Object Repository/Final Object Repo/Login Page/Internal User/Password'

2018-12-13 16:03:12 - [MESSAGE][PASSED] - Text 'test' is set on object 'Object Repository/Final Object Repo/Login Page/Internal User/Password'

2018-12-13 16:03:12 - [TEST_STEP][PASSED] - delay: Delayed 2 second(s)

2018-12-13 16:03:14 - [MESSAGE][PASSED] - Delayed 2 second(s)

2018-12-13 16:03:14 - [TEST_STEP][PASSED] - click: Object: 'Object Repository/Final Object Repo/Login Page/Internal User/Login Button' is clicked on

2018-12-13 16:03:14 - [MESSAGE][PASSED] - Object: 'Object Repository/Final Object Repo/Login Page/Internal User/Login Button' is clicked on

2018-12-13 16:03:14 - [TEST_STEP][PASSED] - Statement - tester = com.kms.katalon.core.testobject.ObjectRepository.findTestObject(Final Object Repo/Landing Page/Select to English): Finding Test Object with id 'Object Repository/Final Object Repo/Landing Page/Select to English'

2018-12-13 16:03:14 - [TEST_STEP][PASSED] - Statement - Try: Delayed 2 second(s)

2018-12-13 16:03:14 - [TEST_STEP][PASSED] - Statement - Checker = com.kms.katalon.core.webui.keyword.WebUiBuiltInKeywords.verifyElementNotPresent(tester, 3): Web element with id: 'Object Repository/Final Object Repo/Landing Page/Select to English' located by 'By.xpath: //a[@class = 'taglib-language-list-text' and @lang = 'en-US' and (contains(text(), 'EN') or contains(., 'EN'))]' is not present after '3' second(s)

2018-12-13 16:03:20 - [MESSAGE][PASSED] - Web element with id: 'Object Repository/Final Object Repo/Landing Page/Select to English' located by 'By.xpath: //a[@class = 'taglib-language-list-text' and @lang = 'en-US' and (contains(text(), 'EN') or contains(., 'EN'))]' is not present after '3' second(s)

2018-12-13 16:03:20 - [TEST_STEP][PASSED] - Statement - If (Checker == false): null

2018-12-13 16:03:20 - [TEST_STEP][PASSED] - delay: Delayed 2 second(s)

2018-12-13 16:03:22 - [MESSAGE][PASSED] - Delayed 2 second(s)

2018-12-13 16:03:22 - [TEST_STEP][PASSED] - delay: Delayed 5 second(s)

2018-12-13 16:03:27 - [MESSAGE][PASSED] - Delayed 5 second(s)

2018-12-13 16:03:27 - [TEST_STEP][PASSED] - mouseOver: Object: 'Object Repository/Final Object Repo/Landing Page/WorkFlow Menu' is hovered

2018-12-13 16:03:28 - [MESSAGE][PASSED] - Object: 'Object Repository/Final Object Repo/Landing Page/WorkFlow Menu' is hovered

2018-12-13 16:03:28 - [TEST_STEP][PASSED] - delay: Delayed 2 second(s)

2018-12-13 16:03:30 - [MESSAGE][PASSED] - Delayed 2 second(s)

2018-12-13 16:03:30 - [TEST_STEP][PASSED] - click: Object: 'Object Repository/Final Object Repo/Landing Page/Select to Workflow Listing' is clicked on

2018-12-13 16:03:31 - [MESSAGE][PASSED] - Object: 'Object Repository/Final Object Repo/Landing Page/Select to Workflow Listing' is clicked on

2018-12-13 16:03:31 - [TEST_STEP][PASSED] - delay: Delayed 2 second(s)

2018-12-13 16:03:33 - [MESSAGE][PASSED] - Delayed 2 second(s)

2018-12-13 16:03:33 - [TEST_STEP][PASSED] - click: Object: 'Object Repository/Final Object Repo/WorkFlow Listing Page/Search Information - To Put Ref No' is clicked on

2018-12-13 16:03:33 - [MESSAGE][PASSED] - Object: 'Object Repository/Final Object Repo/WorkFlow Listing Page/Search Information - To Put Ref No' is clicked on

2018-12-13 16:03:33 - [TEST_STEP][PASSED] - delay: Delayed 2 second(s)

2018-12-13 16:03:35 - [MESSAGE][PASSED] - Delayed 2 second(s)

2018-12-13 16:03:35 - [TEST_STEP][PASSED] - callTestCase: Call Test Case 'Test Cases/Final Aug 2018 - PKS Automation/Common/Reference Number Getter' successfully

2018-12-13 16:03:35 - [TEST_CASE][PASSED] - Test Cases/Final Aug 2018 - PKS Automation/Common/Reference Number Getter: Test Cases/Final Aug 2018 - PKS Automation/Common/Reference Number Getter

2018-12-13 16:03:35 - [TEST_STEP][PASSED] - Statement - Try: null

2018-12-13 16:03:35 - [TEST_STEP][PASSED] - Statement - RefNo = new java.io.File(C://Users//Admin//Desktop//PKS//Automation Reference Point//KatalonReference.txt): null

2018-12-13 16:03:35 - [TEST_STEP][PASSED] - Statement - bufferread = new java.io.BufferedReader(new java.io.FileReader(RefNo)): null

2018-12-13 16:03:35 - [TEST_STEP][PASSED] - Statement - readedVal = bufferread.readLine(): null

2018-12-13 16:03:35 - [TEST_STEP][PASSED] - Statement - out.println(CaseReferenceNo): null

2018-12-13 16:03:35 - [TEST_STEP][PASSED] - Statement - out.println(readedVal): null

2018-12-13 16:03:35 - [TEST_STEP][PASSED] - Statement - CaseReferenceNo = "": null

2018-12-13 16:03:35 - [TEST_STEP][PASSED] - Statement - CaseReferenceNo = readedVal: null

2018-12-13 16:03:35 - [MESSAGE][PASSED] - Call Test Case 'Test Cases/Final Aug 2018 - PKS Automation/Common/Reference Number Getter' successfully

2018-12-13 16:03:35 - [TEST_STEP][PASSED] - setText: Text 'CUN122018C200001745' is set on object 'Object Repository/Final Object Repo/WorkFlow Listing Page/Ref No Set Text'

2018-12-13 16:03:35 - [MESSAGE][PASSED] - Text 'CUN122018C200001745' is set on object 'Object Repository/Final Object Repo/WorkFlow Listing Page/Ref No Set Text'

2018-12-13 16:03:35 - [TEST_STEP][PASSED] - delay: Delayed 2 second(s)

2018-12-13 16:03:37 - [MESSAGE][PASSED] - Delayed 2 second(s)

2018-12-13 16:03:37 - [TEST_STEP][PASSED] - click: Object: 'Object Repository/Final Object Repo/WorkFlow Listing Page/Search Ref No Search Button' is clicked on

2018-12-13 16:03:38 - [MESSAGE][PASSED] - Object: 'Object Repository/Final Object Repo/WorkFlow Listing Page/Search Ref No Search Button' is clicked on

2018-12-13 16:03:38 - [TEST_STEP][PASSED] - delay: Delayed 6 second(s)

2018-12-13 16:03:44 - [MESSAGE][PASSED] - Delayed 6 second(s)

2018-12-13 16:03:44 - [TEST_STEP][PASSED] - click: Object: 'Object Repository/Final Object Repo/WorkFlow Listing Page/Click Continue Tooltip' is clicked on

2018-12-13 16:03:45 - [MESSAGE][PASSED] - Object: 'Object Repository/Final Object Repo/WorkFlow Listing Page/Click Continue Tooltip' is clicked on

2018-12-13 16:03:45 - [TEST_STEP][PASSED] - delay: Delayed 5 second(s)

2018-12-13 16:03:50 - [MESSAGE][PASSED] - Delayed 5 second(s)

2018-12-13 16:03:50 - [TEST_STEP][PASSED] - doubleClick: Object: 'Object Repository/Final Object Repo/WorkFlow Listing Page/Workflow Found - Listing 1' is double clicked on

2018-12-13 16:03:50 - [MESSAGE][PASSED] - Object: 'Object Repository/Final Object Repo/WorkFlow Listing Page/Workflow Found - Listing 1' is double clicked on

2018-12-13 16:03:50 - [TEST_STEP][PASSED] - Statement - println(OwnerID): null

2018-12-13 16:03:50 - [TEST_STEP][PASSED] - Statement - OwnerID = com.kms.katalon.core.webui.keyword.WebUiBuiltInKeywords.getText(com.kms.katalon.core.testobject.ObjectRepository.findTestObject(Final Object Repo/WorkFlow Listing Page/Workflow Found - Listing 1), STOP_ON_FAILURE): Text of object 'Object Repository/Final Object Repo/WorkFlow Listing Page/Workflow Found - Listing 1' is: 'JOHORuo3'

2018-12-13 16:03:50 - [MESSAGE][PASSED] - Text of object 'Object Repository/Final Object Repo/WorkFlow Listing Page/Workflow Found - Listing 1' is: 'JOHORuo3'

2018-12-13 16:03:50 - [TEST_STEP][PASSED] - Statement - OwnerID = OwnerID.toLowerCase() + "@gmail.com": null

2018-12-13 16:03:50 - [TEST_STEP][PASSED] - Statement - println(OwnerID): null

2018-12-13 16:03:50 - [TEST_STEP][PASSED] - delay: Delayed 2 second(s)

2018-12-13 16:03:52 - [MESSAGE][PASSED] - Delayed 2 second(s)

2018-12-13 16:03:52 - [MESSAGE][PASSED] - Call Test Case 'Test Cases/Final Aug 2018 - PKS Automation/Common/Workflow Owner Finder' successfully

2018-12-13 16:03:52 - [TEST_STEP][PASSED] - delay: Delayed 1 second(s)

2018-12-13 16:03:53 - [MESSAGE][PASSED] - Delayed 1 second(s)

2018-12-13 16:03:53 - [TEST_STEP][PASSED] - navigateToUrl: Navigate to 'https://assist2-uat.perkeso.gov.my/c/portal/logout' successfully

2018-12-13 16:03:54 - [MESSAGE][PASSED] - Navigate to 'https://assist2-uat.perkeso.gov.my/c/portal/logout' successfully

2018-12-13 16:03:54 - [TEST_STEP][PASSED] - delay: Delayed 1 second(s)

2018-12-13 16:03:55 - [MESSAGE][PASSED] - Delayed 1 second(s)

2018-12-13 16:03:55 - [TEST_STEP][PASSED] - callTestCase: Call Test Case 'Test Cases/Final Aug 2018 - PKS Automation/Registration Module/Workflow/Login and Search Case For Workflow' successfully

2018-12-13 16:03:55 - [TEST_CASE][PASSED] - Test Cases/Final Aug 2018 - PKS Automation/Registration Module/Workflow/Login and Search Case For Workflow: Test Cases/Final Aug 2018 - PKS Automation/Registration Module/Workflow/Login and Search Case For Workflow

2018-12-13 16:03:55 - [TEST_STEP][PASSED] - navigateToUrl: Navigate to 'https://assist2-uat.perkeso.gov.my/login' successfully

2018-12-13 16:03:55 - [MESSAGE][PASSED] - Navigate to 'https://assist2-uat.perkeso.gov.my/login' successfully

2018-12-13 16:03:55 - [TEST_STEP][PASSED] - setText: Text 'johoruo3@gmail.com' is set on object 'Object Repository/Final Object Repo/Login Page/Internal User/Email Address'

2018-12-13 16:03:56 - [MESSAGE][PASSED] - Text 'johoruo3@gmail.com' is set on object 'Object Repository/Final Object Repo/Login Page/Internal User/Email Address'

2018-12-13 16:03:56 - [TEST_STEP][PASSED] - click: Object: 'Object Repository/Final Object Repo/Login Page/Internal User/Next Button' is clicked on

2018-12-13 16:03:56 - [MESSAGE][PASSED] - Object: 'Object Repository/Final Object Repo/Login Page/Internal User/Next Button' is clicked on

2018-12-13 16:03:56 - [TEST_STEP][PASSED] - delay: Delayed 1 second(s)

2018-12-13 16:03:57 - [MESSAGE][PASSED] - Delayed 1 second(s)

2018-12-13 16:03:57 - [TEST_STEP][PASSED] - setEncryptedText: Text ****** has been set on object 'Object Repository/Final Object Repo/Login Page/Internal User/Password'

2018-12-13 16:03:57 - [MESSAGE][PASSED] - Text ****** has been set on object 'Object Repository/Final Object Repo/Login Page/Internal User/Password'

2018-12-13 16:03:57 - [TEST_STEP][PASSED] - click: Object: 'Object Repository/Final Object Repo/Login Page/Internal User/Login Button' is clicked on

2018-12-13 16:03:57 - [MESSAGE][PASSED] - Object: 'Object Repository/Final Object Repo/Login Page/Internal User/Login Button' is clicked on

2018-12-13 16:03:57 - [TEST_STEP][PASSED] - delay: Delayed 2 second(s)

2018-12-13 16:03:59 - [MESSAGE][PASSED] - Delayed 2 second(s)

2018-12-13 16:03:59 - [TEST_STEP][PASSED] - Statement - Try: Delayed 2 second(s)

2018-12-13 16:03:59 - [TEST_STEP][PASSED] - Statement - Checker = false: null

2018-12-13 16:03:59 - [TEST_STEP][PASSED] - Statement - Checker = com.kms.katalon.core.webui.keyword.WebUiBuiltInKeywords.verifyElementHasAttribute(com.kms.katalon.core.testobject.ObjectRepository.findTestObject(Final Object Repo/Landing Page/BM Detecting), "href", 20, OPTIONAL): Object 'Object Repository/Final Object Repo/Landing Page/BM Detecting' has attribute 'href'

2018-12-13 16:03:59 - [MESSAGE][PASSED] - Object 'Object Repository/Final Object Repo/Landing Page/BM Detecting' has attribute 'href'

2018-12-13 16:03:59 - [TEST_STEP][PASSED] - Statement - out.println(Checker): null

2018-12-13 16:03:59 - [TEST_STEP][PASSED] - Statement - If (Checker == false): null

2018-12-13 16:03:59 - [TEST_STEP][PASSED] - Statement - Else: null

2018-12-13 16:03:59 - [TEST_STEP][PASSED] - delay: Delayed 2 second(s)

2018-12-13 16:04:01 - [MESSAGE][PASSED] - Delayed 2 second(s)

2018-12-13 16:04:01 - [TEST_STEP][PASSED] - click: Object: 'Object Repository/Final Object Repo/Page_MyASSIST - ASSIST - Search Pending Case For Add Supporting Document/Search Information' is clicked on

2018-12-13 16:04:01 - [MESSAGE][PASSED] - Object: 'Object Repository/Final Object Repo/Page_MyASSIST - ASSIST - Search Pending Case For Add Supporting Document/Search Information' is clicked on

2018-12-13 16:04:01 - [TEST_STEP][PASSED] - delay: Delayed 3 second(s)

2018-12-13 16:04:04 - [MESSAGE][PASSED] - Delayed 3 second(s)

2018-12-13 16:04:04 - [TEST_STEP][PASSED] - sendKeys: Keys 'CUN122018C200001745' sent to object: 'Object Repository/Final Object Repo/Page_MyASSIST - ASSIST - Search Pending Case For Add Supporting Document/Reference No'

2018-12-13 16:04:05 - [MESSAGE][PASSED] - Keys 'CUN122018C200001745' sent to object: 'Object Repository/Final Object Repo/Page_MyASSIST - ASSIST - Search Pending Case For Add Supporting Document/Reference No'

2018-12-13 16:04:05 - [TEST_STEP][PASSED] - click: Object: 'Object Repository/Final Object Repo/Page_MyASSIST - ASSIST - Search Pending Case For Add Supporting Document/Search Reference No' is clicked on

2018-12-13 16:04:05 - [MESSAGE][PASSED] - Object: 'Object Repository/Final Object Repo/Page_MyASSIST - ASSIST - Search Pending Case For Add Supporting Document/Search Reference No' is clicked on

2018-12-13 16:04:05 - [TEST_STEP][PASSED] - delay: Delayed 2 second(s)

2018-12-13 16:04:07 - [MESSAGE][PASSED] - Delayed 2 second(s)

2018-12-13 16:04:07 - [TEST_STEP][PASSED] - click: Object: 'Object Repository/Final Object Repo/Page_MyASSIST - ASSIST - Search Pending Case For Add Supporting Document/Continue' is clicked on

2018-12-13 16:04:10 - [MESSAGE][PASSED] - Object: 'Object Repository/Final Object Repo/Page_MyASSIST - ASSIST - Search Pending Case For Add Supporting Document/Continue' is clicked on

2018-12-13 16:04:10 - [TEST_STEP][PASSED] - delay: Delayed 20 second(s)

2018-12-13 16:04:30 - [MESSAGE][PASSED] - Delayed 20 second(s)

2018-12-13 16:04:30 - [MESSAGE][PASSED] - Call Test Case 'Test Cases/Final Aug 2018 - PKS Automation/Registration Module/Workflow/Login and Search Case For Workflow' successfully

2018-12-13 16:04:30 - [TEST_STEP][PASSED] - click: Object: 'Object Repository/Final Object Repo/Page_Form 1A - Cessation As Employer/Page_Form 1A - Cessation As Employer (Approve)/Save  Continue in Form 1A Page' is clicked on

2018-12-13 16:04:30 - [MESSAGE][PASSED] - Object: 'Object Repository/Final Object Repo/Page_Form 1A - Cessation As Employer/Page_Form 1A - Cessation As Employer (Approve)/Save  Continue in Form 1A Page' is clicked on

2018-12-13 16:04:30 - [TEST_STEP][PASSED] - delay: Delayed 2 second(s)

2018-12-13 16:04:32 - [MESSAGE][PASSED] - Delayed 2 second(s)

2018-12-13 16:04:32 - [TEST_STEP][PASSED] - click: Object: 'Object Repository/Final Object Repo/Page_Form 1A - Cessation As Employer/Employment Resign Date' is clicked on

2018-12-13 16:04:33 - [MESSAGE][PASSED] - Object: 'Object Repository/Final Object Repo/Page_Form 1A - Cessation As Employer/Employment Resign Date' is clicked on

2018-12-13 16:04:33 - [TEST_STEP][PASSED] - delay: Delayed 1 second(s)

2018-12-13 16:04:34 - [MESSAGE][PASSED] - Delayed 1 second(s)

2018-12-13 16:04:34 - [TEST_STEP][PASSED] - selectOptionByValue: All options with value '2030' are selected in object 'Object Repository/Final Object Repo/Page_Form 1A - Cessation As Employer/Employment Resign Date - Year' 

2018-12-13 16:04:34 - [MESSAGE][PASSED] - All options with value '2030' are selected in object 'Object Repository/Final Object Repo/Page_Form 1A - Cessation As Employer/Employment Resign Date - Year' 

2018-12-13 16:04:34 - [TEST_STEP][PASSED] - delay: Delayed 1 second(s)

2018-12-13 16:04:35 - [MESSAGE][PASSED] - Delayed 1 second(s)

2018-12-13 16:04:35 - [TEST_STEP][PASSED] - click: Object: 'Object Repository/Final Object Repo/Page_Form 1A - Cessation As Employer/Employment Resign Date - Year - Date' is clicked on

2018-12-13 16:04:35 - [MESSAGE][PASSED] - Object: 'Object Repository/Final Object Repo/Page_Form 1A - Cessation As Employer/Employment Resign Date - Year - Date' is clicked on

2018-12-13 16:04:35 - [TEST_STEP][PASSED] - delay: Delayed 2 second(s)

2018-12-13 16:04:37 - [MESSAGE][PASSED] - Delayed 2 second(s)

2018-12-13 16:04:37 - [TEST_STEP][PASSED] - click: Object: 'Object Repository/Final Object Repo/Page_Form 1A - Cessation As Employer/Page_Form 1A - Cessation As Employer (Approve)/Save  Continue in Update Add Employee Resigned Date Page' is clicked on

2018-12-13 16:04:37 - [MESSAGE][PASSED] - Object: 'Object Repository/Final Object Repo/Page_Form 1A - Cessation As Employer/Page_Form 1A - Cessation As Employer (Approve)/Save  Continue in Update Add Employee Resigned Date Page' is clicked on

2018-12-13 16:04:37 - [TEST_STEP][PASSED] - delay: Delayed 2 second(s)

2018-12-13 16:04:39 - [MESSAGE][PASSED] - Delayed 2 second(s)

2018-12-13 16:04:39 - [TEST_STEP][PASSED] - click: Object: 'Object Repository/Final Object Repo/Page_Form 1A - Cessation As Employer/Set Latest - Yes' is clicked on

2018-12-13 16:04:39 - [MESSAGE][PASSED] - Object: 'Object Repository/Final Object Repo/Page_Form 1A - Cessation As Employer/Set Latest - Yes' is clicked on

2018-12-13 16:04:39 - [TEST_STEP][PASSED] - delay: Delayed 2 second(s)

2018-12-13 16:04:41 - [MESSAGE][PASSED] - Delayed 2 second(s)

2018-12-13 16:04:41 - [TEST_STEP][PASSED] - click: Object: 'Object Repository/Final Object Repo/Page_Form 1A - Cessation As Employer/Page_Form 1A - Cessation As Employer (Approve)/Save  Contine in Uploading Document Page' is clicked on

2018-12-13 16:04:43 - [MESSAGE][PASSED] - Object: 'Object Repository/Final Object Repo/Page_Form 1A - Cessation As Employer/Page_Form 1A - Cessation As Employer (Approve)/Save  Contine in Uploading Document Page' is clicked on

2018-12-13 16:04:43 - [TEST_STEP][PASSED] - delay: Delayed 2 second(s)

2018-12-13 16:04:45 - [MESSAGE][PASSED] - Delayed 2 second(s)

2018-12-13 16:04:45 - [TEST_STEP][PASSED] - click: Object: 'Object Repository/Final Object Repo/Page_Form 1A - Cessation As Employer/Page_Form 1A - Cessation As Employer (Approve)/Approve' is clicked on

2018-12-13 16:04:48 - [MESSAGE][PASSED] - Object: 'Object Repository/Final Object Repo/Page_Form 1A - Cessation As Employer/Page_Form 1A - Cessation As Employer (Approve)/Approve' is clicked on

2018-12-13 16:04:48 - [TEST_STEP][PASSED] - delay: Delayed 2 second(s)

2018-12-13 16:04:50 - [MESSAGE][PASSED] - Delayed 2 second(s)

2018-12-13 16:04:50 - [TEST_STEP][PASSED] - click: Object: 'Object Repository/Final Object Repo/Page_Form 1A - Cessation As Employer/Confirm' is clicked on

2018-12-13 16:04:50 - [MESSAGE][PASSED] - Object: 'Object Repository/Final Object Repo/Page_Form 1A - Cessation As Employer/Confirm' is clicked on

2018-12-13 16:04:50 - [TEST_STEP][PASSED] - delay: Delayed 2 second(s)

2018-12-13 16:04:52 - [MESSAGE][PASSED] - Delayed 2 second(s)

2018-12-13 16:04:52 - [TEST_STEP][PASSED] - click: Object: 'Object Repository/Final Object Repo/Page_Form 1A - Cessation As Employer/Page_Form 1A - Cessation As Employer (Approve)/Message Your Request    Form 1A ' is clicked on

2018-12-13 16:05:00 - [MESSAGE][PASSED] - Object: 'Object Repository/Final Object Repo/Page_Form 1A - Cessation As Employer/Page_Form 1A - Cessation As Employer (Approve)/Message Your Request    Form 1A ' is clicked on

2018-12-13 16:05:00 - [TEST_STEP][PASSED] - delay: Delayed 2 second(s)

2018-12-13 16:05:02 - [MESSAGE][PASSED] - Delayed 2 second(s)

2018-12-13 16:05:02 - [TEST_STEP][PASSED] - click: Object: 'Object Repository/Final Object Repo/Page_Form 1A - Cessation As Employer/Page_Form 1A - Cessation As Employer (Approve)/Letter of successful update' is clicked on

2018-12-13 16:05:03 - [MESSAGE][PASSED] - Object: 'Object Repository/Final Object Repo/Page_Form 1A - Cessation As Employer/Page_Form 1A - Cessation As Employer (Approve)/Letter of successful update' is clicked on

2018-12-13 16:05:03 - [MESSAGE][PASSED] - Call Test Case 'Test Cases/Final Aug 2018 - PKS Automation/Registration Module/Workflow/Form 1A - Cessation As Employer/Template/Form 1 A - Cessation As Employer (Approve)' successfully]]></system-out>
         <system-err><![CDATA[]]></system-err>
      </testcase>
      <testcase name="Test Cases/Final Aug 2018 - PKS Automation/Registration Module/Workflow/Form 1A - Cessation As Employer/PKRBO to UO (Query)" classname="Test Cases/Final Aug 2018 - PKS Automation/Registration Module/Workflow/Form 1A - Cessation As Employer/PKRBO to UO (Query)" status="PASSED">
         <system-out><![CDATA[2018-12-13 16:05:03 - [TEST_CASE][PASSED] - Test Cases/Final Aug 2018 - PKS Automation/Registration Module/Workflow/Form 1A - Cessation As Employer/PKRBO to UO (Query): Test Cases/Final Aug 2018 - PKS Automation/Registration Module/Workflow/Form 1A - Cessation As Employer/PKRBO to UO (Query)

2018-12-13 16:05:03 - [TEST_STEP][PASSED] - callTestCase: Call Test Case 'Test Cases/Final Aug 2018 - PKS Automation/Registration Module/Workflow/Form 1A - Cessation As Employer/Template/Form 1 A - Cessation As Employer (PKRBO)' successfully

2018-12-13 16:05:03 - [TEST_CASE][PASSED] - Test Cases/Final Aug 2018 - PKS Automation/Registration Module/Workflow/Form 1A - Cessation As Employer/Template/Form 1 A - Cessation As Employer (PKRBO): Test Cases/Final Aug 2018 - PKS Automation/Registration Module/Workflow/Form 1A - Cessation As Employer/Template/Form 1 A - Cessation As Employer (PKRBO)

2018-12-13 16:05:03 - [TEST_STEP][PASSED] - openBrowser: Browser is opened with url: ''

2018-12-13 16:05:03 - [MESSAGE][WARNING] - A browser is already opened. Closing browser and opening a new one

2018-12-13 16:05:06 - [MESSAGE][PASSED] - Browser is opened with url: ''

2018-12-13 16:05:06 - [TEST_STEP][PASSED] - navigateToUrl: Navigate to 'https://assist2-uat.perkeso.gov.my/login' successfully

2018-12-13 16:05:07 - [MESSAGE][PASSED] - Navigate to 'https://assist2-uat.perkeso.gov.my/login' successfully

2018-12-13 16:05:07 - [TEST_STEP][PASSED] - setText: Text 'johorpkrbo1@gmail.com' is set on object 'Object Repository/Final Object Repo/Login Page/Internal User/Email Address'

2018-12-13 16:05:07 - [MESSAGE][PASSED] - Text 'johorpkrbo1@gmail.com' is set on object 'Object Repository/Final Object Repo/Login Page/Internal User/Email Address'

2018-12-13 16:05:07 - [TEST_STEP][PASSED] - click: Object: 'Object Repository/Final Object Repo/Login Page/Internal User/Next Button' is clicked on

2018-12-13 16:05:08 - [MESSAGE][PASSED] - Object: 'Object Repository/Final Object Repo/Login Page/Internal User/Next Button' is clicked on

2018-12-13 16:05:08 - [TEST_STEP][PASSED] - delay: Delayed 1 second(s)

2018-12-13 16:05:09 - [MESSAGE][PASSED] - Delayed 1 second(s)

2018-12-13 16:05:09 - [TEST_STEP][PASSED] - setEncryptedText: Text ****** has been set on object 'Object Repository/Final Object Repo/Login Page/Internal User/Password'

2018-12-13 16:05:09 - [MESSAGE][PASSED] - Text ****** has been set on object 'Object Repository/Final Object Repo/Login Page/Internal User/Password'

2018-12-13 16:05:09 - [TEST_STEP][PASSED] - click: Object: 'Object Repository/Final Object Repo/Login Page/Internal User/Login Button' is clicked on

2018-12-13 16:05:09 - [MESSAGE][PASSED] - Object: 'Object Repository/Final Object Repo/Login Page/Internal User/Login Button' is clicked on

2018-12-13 16:05:09 - [TEST_STEP][PASSED] - delay: Delayed 1 second(s)

2018-12-13 16:05:10 - [MESSAGE][PASSED] - Delayed 1 second(s)

2018-12-13 16:05:10 - [TEST_STEP][PASSED] - Statement - Try: Delayed 2 second(s)

2018-12-13 16:05:10 - [TEST_STEP][PASSED] - Statement - Checker = false: null

2018-12-13 16:05:10 - [TEST_STEP][PASSED] - Statement - Checker = com.kms.katalon.core.webui.keyword.WebUiBuiltInKeywords.verifyElementHasAttribute(com.kms.katalon.core.testobject.ObjectRepository.findTestObject(Final Object Repo/Landing Page/BM Detecting), "href", 20, OPTIONAL): Object 'Object Repository/Final Object Repo/Landing Page/BM Detecting' has attribute 'href'

2018-12-13 16:05:11 - [MESSAGE][PASSED] - Object 'Object Repository/Final Object Repo/Landing Page/BM Detecting' has attribute 'href'

2018-12-13 16:05:11 - [TEST_STEP][PASSED] - Statement - out.println(Checker): null

2018-12-13 16:05:11 - [TEST_STEP][PASSED] - Statement - If (Checker == false): null

2018-12-13 16:05:11 - [TEST_STEP][PASSED] - Statement - Else: null

2018-12-13 16:05:11 - [TEST_STEP][PASSED] - delay: Delayed 2 second(s)

2018-12-13 16:05:13 - [MESSAGE][PASSED] - Delayed 2 second(s)

2018-12-13 16:05:13 - [TEST_STEP][PASSED] - navigateToUrl: Navigate to 'https://assist2-uat.perkeso.gov.my/web/registration/update/form-1a-cessation-as-employer-discontinue-business-' successfully

2018-12-13 16:05:14 - [MESSAGE][PASSED] - Navigate to 'https://assist2-uat.perkeso.gov.my/web/registration/update/form-1a-cessation-as-employer-discontinue-business-' successfully

2018-12-13 16:05:14 - [TEST_STEP][PASSED] - setText: Text 'E1102069770Z' is set on object 'Object Repository/Final Object Repo/Page_Update Employer Information/Employer Code'

2018-12-13 16:05:14 - [MESSAGE][PASSED] - Text 'E1102069770Z' is set on object 'Object Repository/Final Object Repo/Page_Update Employer Information/Employer Code'

2018-12-13 16:05:14 - [TEST_STEP][PASSED] - click: Object: 'Object Repository/Final Object Repo/Page_Update Employer Information/Search Button' is clicked on

2018-12-13 16:05:14 - [MESSAGE][PASSED] - Object: 'Object Repository/Final Object Repo/Page_Update Employer Information/Search Button' is clicked on

2018-12-13 16:05:14 - [TEST_STEP][PASSED] - click: Object: 'Object Repository/Final Object Repo/Page_Update Employer Information/Edit Button' is clicked on

2018-12-13 16:05:17 - [MESSAGE][PASSED] - Object: 'Object Repository/Final Object Repo/Page_Update Employer Information/Edit Button' is clicked on

2018-12-13 16:05:17 - [TEST_STEP][PASSED] - Statement - abc = com.kms.katalon.core.webui.keyword.WebUiBuiltInKeywords.getAttribute(com.kms.katalon.core.testobject.ObjectRepository.findTestObject(Final Object Repo/Page_Form 1A - Cessation As Employer/Employer Status), "value"): Attribute 'value' of object 'Object Repository/Final Object Repo/Page_Form 1A - Cessation As Employer/Employer Status' is: 'Dormant'

2018-12-13 16:05:17 - [MESSAGE][PASSED] - Attribute 'value' of object 'Object Repository/Final Object Repo/Page_Form 1A - Cessation As Employer/Employer Status' is: 'Dormant'

2018-12-13 16:05:17 - [TEST_STEP][PASSED] - Statement - out.println(abc): null

2018-12-13 16:05:17 - [TEST_STEP][PASSED] - Statement - If (abc == "Active"): null

2018-12-13 16:05:17 - [TEST_STEP][PASSED] - Statement - Else If (abc == "Cancel"): null

2018-12-13 16:05:17 - [TEST_STEP][PASSED] - Statement - Else If (abc == "Dormant"): Object: 'Object Repository/Final Object Repo/Page_Form 1A - Cessation As Employer/Change Employer Status to - Dormant' is clicked on

2018-12-13 16:05:17 - [TEST_STEP][PASSED] - click: Object: 'Object Repository/Final Object Repo/Page_Form 1A - Cessation As Employer/Change Employer Status to' is clicked on

2018-12-13 16:05:17 - [MESSAGE][PASSED] - Object: 'Object Repository/Final Object Repo/Page_Form 1A - Cessation As Employer/Change Employer Status to' is clicked on

2018-12-13 16:05:17 - [TEST_STEP][PASSED] - click: Object: 'Object Repository/Final Object Repo/Page_Form 1A - Cessation As Employer/Change Employer Status to - Dormant' is clicked on

2018-12-13 16:05:18 - [MESSAGE][PASSED] - Object: 'Object Repository/Final Object Repo/Page_Form 1A - Cessation As Employer/Change Employer Status to - Dormant' is clicked on

2018-12-13 16:05:18 - [TEST_STEP][PASSED] - click: Object: 'Object Repository/Final Object Repo/Page_Form 1A - Cessation As Employer/Calender' is clicked on

2018-12-13 16:05:19 - [MESSAGE][PASSED] - Object: 'Object Repository/Final Object Repo/Page_Form 1A - Cessation As Employer/Calender' is clicked on

2018-12-13 16:05:19 - [TEST_STEP][PASSED] - click: Object: 'Object Repository/Final Object Repo/Page_Form 1A - Cessation As Employer/Calender - Date' is clicked on

2018-12-13 16:05:19 - [MESSAGE][PASSED] - Object: 'Object Repository/Final Object Repo/Page_Form 1A - Cessation As Employer/Calender - Date' is clicked on

2018-12-13 16:05:19 - [TEST_STEP][PASSED] - delay: Delayed 2 second(s)

2018-12-13 16:05:21 - [MESSAGE][PASSED] - Delayed 2 second(s)

2018-12-13 16:05:21 - [TEST_STEP][PASSED] - click: Object: 'Object Repository/Final Object Repo/Page_Form 1A - Cessation As Employer/Save  Continue in Form 1A Page' is clicked on

2018-12-13 16:05:21 - [MESSAGE][PASSED] - Object: 'Object Repository/Final Object Repo/Page_Form 1A - Cessation As Employer/Save  Continue in Form 1A Page' is clicked on

2018-12-13 16:05:21 - [TEST_STEP][PASSED] - delay: Delayed 2 second(s)

2018-12-13 16:05:23 - [MESSAGE][PASSED] - Delayed 2 second(s)

2018-12-13 16:05:23 - [TEST_STEP][PASSED] - click: Object: 'Object Repository/Final Object Repo/Page_Form 1A - Cessation As Employer/Employment Resign Date' is clicked on

2018-12-13 16:05:24 - [MESSAGE][PASSED] - Object: 'Object Repository/Final Object Repo/Page_Form 1A - Cessation As Employer/Employment Resign Date' is clicked on

2018-12-13 16:05:24 - [TEST_STEP][PASSED] - delay: Delayed 1 second(s)

2018-12-13 16:05:25 - [MESSAGE][PASSED] - Delayed 1 second(s)

2018-12-13 16:05:25 - [TEST_STEP][PASSED] - Statement - CaseReferenceNo = com.kms.katalon.core.webui.keyword.WebUiBuiltInKeywords.getText(com.kms.katalon.core.testobject.ObjectRepository.findTestObject(Final Object Repo/Page_Update Employer Information/Reference Number in Update Employee Information Page)): Text of object 'Object Repository/Final Object Repo/Page_Update Employer Information/Reference Number in Update Employee Information Page' is: 'CUN122018C200001746'

2018-12-13 16:05:25 - [MESSAGE][PASSED] - Text of object 'Object Repository/Final Object Repo/Page_Update Employer Information/Reference Number in Update Employee Information Page' is: 'CUN122018C200001746'

2018-12-13 16:05:25 - [TEST_STEP][PASSED] - Statement - out.println(CaseReferenceNo): null

2018-12-13 16:05:25 - [TEST_STEP][PASSED] - callTestCase: Call Test Case 'Test Cases/Final Aug 2018 - PKS Automation/Common/Reference Number Setter' successfully

2018-12-13 16:05:25 - [TEST_CASE][PASSED] - Test Cases/Final Aug 2018 - PKS Automation/Common/Reference Number Setter: Test Cases/Final Aug 2018 - PKS Automation/Common/Reference Number Setter

2018-12-13 16:05:25 - [TEST_STEP][PASSED] - Statement - RefNoOldFile = new java.io.File(C://Users//Admin//Desktop//PKS//Automation Reference Point//KatalonReference.txt): null

2018-12-13 16:05:25 - [TEST_STEP][PASSED] - Statement - RefNoOldFile.delete(): null

2018-12-13 16:05:25 - [TEST_STEP][PASSED] - delay: Delayed 5 second(s)

2018-12-13 16:05:30 - [MESSAGE][PASSED] - Delayed 5 second(s)

2018-12-13 16:05:30 - [TEST_STEP][PASSED] - Statement - RefNo = new java.io.File(C://Users//Admin//Desktop//PKS//Automation Reference Point//KatalonReference.txt): null

2018-12-13 16:05:30 - [TEST_STEP][PASSED] - Statement - f2 = new java.io.FileWriter(RefNo, false): null

2018-12-13 16:05:30 - [TEST_STEP][PASSED] - Statement - f2.write(CaseReferenceNo): null

2018-12-13 16:05:30 - [TEST_STEP][PASSED] - Statement - f2.close(): null

2018-12-13 16:05:30 - [TEST_STEP][PASSED] - Statement - out.println("


" + CaseReferenceNo + "


"): null

2018-12-13 16:05:30 - [MESSAGE][PASSED] - Call Test Case 'Test Cases/Final Aug 2018 - PKS Automation/Common/Reference Number Setter' successfully

2018-12-13 16:05:30 - [TEST_STEP][PASSED] - selectOptionByValue: All options with value '2030' are selected in object 'Object Repository/Final Object Repo/Page_Form 1A - Cessation As Employer/Employment Resign Date - Year' 

2018-12-13 16:05:30 - [MESSAGE][PASSED] - All options with value '2030' are selected in object 'Object Repository/Final Object Repo/Page_Form 1A - Cessation As Employer/Employment Resign Date - Year' 

2018-12-13 16:05:30 - [TEST_STEP][PASSED] - delay: Delayed 1 second(s)

2018-12-13 16:05:31 - [MESSAGE][PASSED] - Delayed 1 second(s)

2018-12-13 16:05:31 - [TEST_STEP][PASSED] - click: Object: 'Object Repository/Final Object Repo/Page_Form 1A - Cessation As Employer/Employment Resign Date - Year - Date' is clicked on

2018-12-13 16:05:31 - [MESSAGE][PASSED] - Object: 'Object Repository/Final Object Repo/Page_Form 1A - Cessation As Employer/Employment Resign Date - Year - Date' is clicked on

2018-12-13 16:05:31 - [TEST_STEP][PASSED] - delay: Delayed 2 second(s)

2018-12-13 16:05:33 - [MESSAGE][PASSED] - Delayed 2 second(s)

2018-12-13 16:05:33 - [TEST_STEP][PASSED] - click: Object: 'Object Repository/Final Object Repo/Page_Form 1A - Cessation As Employer/Save  Continue in Update Add Employee Resigned Date Page' is clicked on

2018-12-13 16:05:33 - [MESSAGE][PASSED] - Object: 'Object Repository/Final Object Repo/Page_Form 1A - Cessation As Employer/Save  Continue in Update Add Employee Resigned Date Page' is clicked on

2018-12-13 16:05:33 - [TEST_STEP][PASSED] - delay: Delayed 2 second(s)

2018-12-13 16:05:35 - [MESSAGE][PASSED] - Delayed 2 second(s)

2018-12-13 16:05:35 - [TEST_STEP][PASSED] - click: Object: 'Object Repository/Final Object Repo/Page_Form 1A - Cessation As Employer/Set Latest - Yes' is clicked on

2018-12-13 16:05:35 - [MESSAGE][PASSED] - Object: 'Object Repository/Final Object Repo/Page_Form 1A - Cessation As Employer/Set Latest - Yes' is clicked on

2018-12-13 16:05:35 - [TEST_STEP][PASSED] - delay: Delayed 2 second(s)

2018-12-13 16:05:37 - [MESSAGE][PASSED] - Delayed 2 second(s)

2018-12-13 16:05:37 - [TEST_STEP][PASSED] - click: Object: 'Object Repository/Final Object Repo/Page_Form 1A - Cessation As Employer/Add Document' is clicked on

2018-12-13 16:05:39 - [MESSAGE][PASSED] - Object: 'Object Repository/Final Object Repo/Page_Form 1A - Cessation As Employer/Add Document' is clicked on

2018-12-13 16:05:39 - [TEST_STEP][PASSED] - delay: Delayed 2 second(s)

2018-12-13 16:05:41 - [MESSAGE][PASSED] - Delayed 2 second(s)

2018-12-13 16:05:41 - [TEST_STEP][PASSED] - click: Object: 'Object Repository/Final Object Repo/Page_Form 1A - Cessation As Employer/Document Type' is clicked on

2018-12-13 16:05:42 - [MESSAGE][PASSED] - Object: 'Object Repository/Final Object Repo/Page_Form 1A - Cessation As Employer/Document Type' is clicked on

2018-12-13 16:05:42 - [TEST_STEP][PASSED] - delay: Delayed 2 second(s)

2018-12-13 16:05:44 - [MESSAGE][PASSED] - Delayed 2 second(s)

2018-12-13 16:05:44 - [TEST_STEP][PASSED] - click: Object: 'Object Repository/Final Object Repo/Page_Form 1A - Cessation As Employer/Document Type - Supporting Document For Cessation' is clicked on

2018-12-13 16:05:44 - [MESSAGE][PASSED] - Object: 'Object Repository/Final Object Repo/Page_Form 1A - Cessation As Employer/Document Type - Supporting Document For Cessation' is clicked on

2018-12-13 16:05:44 - [TEST_STEP][PASSED] - delay: Delayed 2 second(s)

2018-12-13 16:05:46 - [MESSAGE][PASSED] - Delayed 2 second(s)

2018-12-13 16:05:46 - [TEST_STEP][PASSED] - sendKeys: Keys 'C:\Users\Public\Pictures\Sample Pictures\Koala.jpg' sent to object: 'Object Repository/Final Object Repo/Page_Form 1A - Cessation As Employer/Uploading File'

2018-12-13 16:05:46 - [MESSAGE][PASSED] - Keys 'C:\Users\Public\Pictures\Sample Pictures\Koala.jpg' sent to object: 'Object Repository/Final Object Repo/Page_Form 1A - Cessation As Employer/Uploading File'

2018-12-13 16:05:46 - [TEST_STEP][PASSED] - delay: Delayed 2 second(s)

2018-12-13 16:05:48 - [MESSAGE][PASSED] - Delayed 2 second(s)

2018-12-13 16:05:48 - [TEST_STEP][PASSED] - click: Object: 'Object Repository/Final Object Repo/Page_Form 1A - Cessation As Employer/Add Document in Uploading Page' is clicked on

2018-12-13 16:05:48 - [MESSAGE][PASSED] - Object: 'Object Repository/Final Object Repo/Page_Form 1A - Cessation As Employer/Add Document in Uploading Page' is clicked on

2018-12-13 16:05:48 - [TEST_STEP][PASSED] - delay: Delayed 15 second(s)

2018-12-13 16:06:03 - [MESSAGE][PASSED] - Delayed 15 second(s)

2018-12-13 16:06:03 - [TEST_STEP][PASSED] - click: Object: 'Object Repository/Final Object Repo/Page_Form 1A - Cessation As Employer/Save  Continue in Uploading Page' is clicked on

2018-12-13 16:06:03 - [MESSAGE][PASSED] - Object: 'Object Repository/Final Object Repo/Page_Form 1A - Cessation As Employer/Save  Continue in Uploading Page' is clicked on

2018-12-13 16:06:03 - [TEST_STEP][PASSED] - delay: Delayed 2 second(s)

2018-12-13 16:06:05 - [MESSAGE][PASSED] - Delayed 2 second(s)

2018-12-13 16:06:05 - [TEST_STEP][PASSED] - click: Object: 'Object Repository/Final Object Repo/Page_Form 1A - Cessation As Employer/Submit2' is clicked on

2018-12-13 16:06:08 - [MESSAGE][PASSED] - Object: 'Object Repository/Final Object Repo/Page_Form 1A - Cessation As Employer/Submit2' is clicked on

2018-12-13 16:06:08 - [TEST_STEP][PASSED] - delay: Delayed 2 second(s)

2018-12-13 16:06:10 - [MESSAGE][PASSED] - Delayed 2 second(s)

2018-12-13 16:06:10 - [TEST_STEP][PASSED] - click: Object: 'Object Repository/Final Object Repo/Page_Form 1A - Cessation As Employer/Confirm' is clicked on

2018-12-13 16:06:10 - [MESSAGE][PASSED] - Object: 'Object Repository/Final Object Repo/Page_Form 1A - Cessation As Employer/Confirm' is clicked on

2018-12-13 16:06:10 - [TEST_STEP][PASSED] - delay: Delayed 2 second(s)

2018-12-13 16:06:12 - [MESSAGE][PASSED] - Delayed 2 second(s)

2018-12-13 16:06:12 - [TEST_STEP][PASSED] - verifyElementVisible: Object 'Object Repository/Final Object Repo/Page_Form 1A - Cessation As Employer/Message Your Request will be routed to UO' is visible

2018-12-13 16:06:16 - [MESSAGE][PASSED] - Object 'Object Repository/Final Object Repo/Page_Form 1A - Cessation As Employer/Message Your Request will be routed to UO' is visible

2018-12-13 16:06:16 - [TEST_STEP][PASSED] - delay: Delayed 1 second(s)

2018-12-13 16:06:17 - [MESSAGE][PASSED] - Delayed 1 second(s)

2018-12-13 16:06:17 - [TEST_STEP][PASSED] - verifyElementVisible: Object 'Object Repository/Final Object Repo/Page_Form 1A - Cessation As Employer/Letter of acknowledgement' is visible

2018-12-13 16:06:17 - [MESSAGE][PASSED] - Object 'Object Repository/Final Object Repo/Page_Form 1A - Cessation As Employer/Letter of acknowledgement' is visible

2018-12-13 16:06:17 - [MESSAGE][PASSED] - Call Test Case 'Test Cases/Final Aug 2018 - PKS Automation/Registration Module/Workflow/Form 1A - Cessation As Employer/Template/Form 1 A - Cessation As Employer (PKRBO)' successfully

2018-12-13 16:06:17 - [TEST_STEP][PASSED] - callTestCase: Call Test Case 'Test Cases/Final Aug 2018 - PKS Automation/Registration Module/Workflow/Form 1A - Cessation As Employer/Template/Form 1 A - Cessation As Employer (Query)' successfully

2018-12-13 16:06:17 - [TEST_CASE][PASSED] - Test Cases/Final Aug 2018 - PKS Automation/Registration Module/Workflow/Form 1A - Cessation As Employer/Template/Form 1 A - Cessation As Employer (Query): Test Cases/Final Aug 2018 - PKS Automation/Registration Module/Workflow/Form 1A - Cessation As Employer/Template/Form 1 A - Cessation As Employer (Query)

2018-12-13 16:06:17 - [TEST_STEP][NOT_RUN] - callTestCase: NOT_RUN: callTestCase

2018-12-13 16:06:17 - [MESSAGE][NOT_RUN] - NOT_RUN: callTestCase

2018-12-13 16:06:17 - [TEST_STEP][PASSED] - delay: Delayed 1 second(s)

2018-12-13 16:06:18 - [MESSAGE][PASSED] - Delayed 1 second(s)

2018-12-13 16:06:18 - [TEST_STEP][PASSED] - navigateToUrl: Navigate to 'https://assist2-uat.perkeso.gov.my/c/portal/logout' successfully

2018-12-13 16:06:20 - [MESSAGE][PASSED] - Navigate to 'https://assist2-uat.perkeso.gov.my/c/portal/logout' successfully

2018-12-13 16:06:20 - [TEST_STEP][PASSED] - delay: Delayed 1 second(s)

2018-12-13 16:06:21 - [MESSAGE][PASSED] - Delayed 1 second(s)

2018-12-13 16:06:21 - [TEST_STEP][PASSED] - callTestCase: Call Test Case 'Test Cases/Final Aug 2018 - PKS Automation/Common/Reference Number Getter' successfully

2018-12-13 16:06:21 - [TEST_CASE][PASSED] - Test Cases/Final Aug 2018 - PKS Automation/Common/Reference Number Getter: Test Cases/Final Aug 2018 - PKS Automation/Common/Reference Number Getter

2018-12-13 16:06:21 - [TEST_STEP][PASSED] - Statement - Try: null

2018-12-13 16:06:21 - [TEST_STEP][PASSED] - Statement - RefNo = new java.io.File(C://Users//Admin//Desktop//PKS//Automation Reference Point//KatalonReference.txt): null

2018-12-13 16:06:21 - [TEST_STEP][PASSED] - Statement - bufferread = new java.io.BufferedReader(new java.io.FileReader(RefNo)): null

2018-12-13 16:06:21 - [TEST_STEP][PASSED] - Statement - readedVal = bufferread.readLine(): null

2018-12-13 16:06:21 - [TEST_STEP][PASSED] - Statement - out.println(CaseReferenceNo): null

2018-12-13 16:06:21 - [TEST_STEP][PASSED] - Statement - out.println(readedVal): null

2018-12-13 16:06:21 - [TEST_STEP][PASSED] - Statement - CaseReferenceNo = "": null

2018-12-13 16:06:21 - [TEST_STEP][PASSED] - Statement - CaseReferenceNo = readedVal: null

2018-12-13 16:06:21 - [MESSAGE][PASSED] - Call Test Case 'Test Cases/Final Aug 2018 - PKS Automation/Common/Reference Number Getter' successfully

2018-12-13 16:06:21 - [TEST_STEP][PASSED] - callTestCase: Call Test Case 'Test Cases/Final Aug 2018 - PKS Automation/Common/Workflow Owner Finder' successfully

2018-12-13 16:06:21 - [TEST_CASE][PASSED] - Test Cases/Final Aug 2018 - PKS Automation/Common/Workflow Owner Finder: Test Cases/Final Aug 2018 - PKS Automation/Common/Workflow Owner Finder

2018-12-13 16:06:21 - [TEST_STEP][PASSED] - openBrowser: Browser is opened with url: ''

2018-12-13 16:06:21 - [MESSAGE][WARNING] - A browser is already opened. Closing browser and opening a new one

2018-12-13 16:06:24 - [MESSAGE][PASSED] - Browser is opened with url: ''

2018-12-13 16:06:24 - [TEST_STEP][PASSED] - navigateToUrl: Navigate to 'https://assist2-uat.perkeso.gov.my/login' successfully

2018-12-13 16:06:25 - [MESSAGE][PASSED] - Navigate to 'https://assist2-uat.perkeso.gov.my/login' successfully

2018-12-13 16:06:25 - [TEST_STEP][PASSED] - delay: Delayed 5 second(s)

2018-12-13 16:06:30 - [MESSAGE][PASSED] - Delayed 5 second(s)

2018-12-13 16:06:30 - [TEST_STEP][PASSED] - setText: Text 'test@liferay.com' is set on object 'Object Repository/Final Object Repo/Login Page/Internal User/Email Address'

2018-12-13 16:06:30 - [MESSAGE][PASSED] - Text 'test@liferay.com' is set on object 'Object Repository/Final Object Repo/Login Page/Internal User/Email Address'

2018-12-13 16:06:30 - [TEST_STEP][PASSED] - click: Object: 'Object Repository/Final Object Repo/Login Page/Internal User/Next Button' is clicked on

2018-12-13 16:06:30 - [MESSAGE][PASSED] - Object: 'Object Repository/Final Object Repo/Login Page/Internal User/Next Button' is clicked on

2018-12-13 16:06:30 - [TEST_STEP][PASSED] - delay: Delayed 2 second(s)

2018-12-13 16:06:32 - [MESSAGE][PASSED] - Delayed 2 second(s)

2018-12-13 16:06:32 - [TEST_STEP][PASSED] - setText: Text 'test' is set on object 'Object Repository/Final Object Repo/Login Page/Internal User/Password'

2018-12-13 16:06:33 - [MESSAGE][PASSED] - Text 'test' is set on object 'Object Repository/Final Object Repo/Login Page/Internal User/Password'

2018-12-13 16:06:33 - [TEST_STEP][PASSED] - delay: Delayed 2 second(s)

2018-12-13 16:06:35 - [MESSAGE][PASSED] - Delayed 2 second(s)

2018-12-13 16:06:35 - [TEST_STEP][PASSED] - click: Object: 'Object Repository/Final Object Repo/Login Page/Internal User/Login Button' is clicked on

2018-12-13 16:06:35 - [MESSAGE][PASSED] - Object: 'Object Repository/Final Object Repo/Login Page/Internal User/Login Button' is clicked on

2018-12-13 16:06:35 - [TEST_STEP][PASSED] - Statement - tester = com.kms.katalon.core.testobject.ObjectRepository.findTestObject(Final Object Repo/Landing Page/Select to English): Finding Test Object with id 'Object Repository/Final Object Repo/Landing Page/Select to English'

2018-12-13 16:06:35 - [TEST_STEP][PASSED] - Statement - Try: Delayed 2 second(s)

2018-12-13 16:06:35 - [TEST_STEP][PASSED] - Statement - Checker = com.kms.katalon.core.webui.keyword.WebUiBuiltInKeywords.verifyElementNotPresent(tester, 3): Web element with id: 'Object Repository/Final Object Repo/Landing Page/Select to English' located by 'By.xpath: //a[@class = 'taglib-language-list-text' and @lang = 'en-US' and (contains(text(), 'EN') or contains(., 'EN'))]' is not present after '3' second(s)

2018-12-13 16:06:38 - [MESSAGE][PASSED] - Web element with id: 'Object Repository/Final Object Repo/Landing Page/Select to English' located by 'By.xpath: //a[@class = 'taglib-language-list-text' and @lang = 'en-US' and (contains(text(), 'EN') or contains(., 'EN'))]' is not present after '3' second(s)

2018-12-13 16:06:38 - [TEST_STEP][PASSED] - Statement - If (Checker == false): null

2018-12-13 16:06:38 - [TEST_STEP][PASSED] - delay: Delayed 2 second(s)

2018-12-13 16:06:40 - [MESSAGE][PASSED] - Delayed 2 second(s)

2018-12-13 16:06:40 - [TEST_STEP][PASSED] - delay: Delayed 5 second(s)

2018-12-13 16:06:45 - [MESSAGE][PASSED] - Delayed 5 second(s)

2018-12-13 16:06:45 - [TEST_STEP][PASSED] - mouseOver: Object: 'Object Repository/Final Object Repo/Landing Page/WorkFlow Menu' is hovered

2018-12-13 16:06:45 - [MESSAGE][PASSED] - Object: 'Object Repository/Final Object Repo/Landing Page/WorkFlow Menu' is hovered

2018-12-13 16:06:45 - [TEST_STEP][PASSED] - delay: Delayed 2 second(s)

2018-12-13 16:06:47 - [MESSAGE][PASSED] - Delayed 2 second(s)

2018-12-13 16:06:47 - [TEST_STEP][PASSED] - click: Object: 'Object Repository/Final Object Repo/Landing Page/Select to Workflow Listing' is clicked on

2018-12-13 16:06:48 - [MESSAGE][PASSED] - Object: 'Object Repository/Final Object Repo/Landing Page/Select to Workflow Listing' is clicked on

2018-12-13 16:06:48 - [TEST_STEP][PASSED] - delay: Delayed 2 second(s)

2018-12-13 16:06:50 - [MESSAGE][PASSED] - Delayed 2 second(s)

2018-12-13 16:06:50 - [TEST_STEP][PASSED] - click: Object: 'Object Repository/Final Object Repo/WorkFlow Listing Page/Search Information - To Put Ref No' is clicked on

2018-12-13 16:06:50 - [MESSAGE][PASSED] - Object: 'Object Repository/Final Object Repo/WorkFlow Listing Page/Search Information - To Put Ref No' is clicked on

2018-12-13 16:06:50 - [TEST_STEP][PASSED] - delay: Delayed 2 second(s)

2018-12-13 16:06:52 - [MESSAGE][PASSED] - Delayed 2 second(s)

2018-12-13 16:06:52 - [TEST_STEP][PASSED] - callTestCase: Call Test Case 'Test Cases/Final Aug 2018 - PKS Automation/Common/Reference Number Getter' successfully

2018-12-13 16:06:52 - [TEST_CASE][PASSED] - Test Cases/Final Aug 2018 - PKS Automation/Common/Reference Number Getter: Test Cases/Final Aug 2018 - PKS Automation/Common/Reference Number Getter

2018-12-13 16:06:52 - [TEST_STEP][PASSED] - Statement - Try: null

2018-12-13 16:06:52 - [TEST_STEP][PASSED] - Statement - RefNo = new java.io.File(C://Users//Admin//Desktop//PKS//Automation Reference Point//KatalonReference.txt): null

2018-12-13 16:06:52 - [TEST_STEP][PASSED] - Statement - bufferread = new java.io.BufferedReader(new java.io.FileReader(RefNo)): null

2018-12-13 16:06:52 - [TEST_STEP][PASSED] - Statement - readedVal = bufferread.readLine(): null

2018-12-13 16:06:52 - [TEST_STEP][PASSED] - Statement - out.println(CaseReferenceNo): null

2018-12-13 16:06:52 - [TEST_STEP][PASSED] - Statement - out.println(readedVal): null

2018-12-13 16:06:52 - [TEST_STEP][PASSED] - Statement - CaseReferenceNo = "": null

2018-12-13 16:06:52 - [TEST_STEP][PASSED] - Statement - CaseReferenceNo = readedVal: null

2018-12-13 16:06:52 - [MESSAGE][PASSED] - Call Test Case 'Test Cases/Final Aug 2018 - PKS Automation/Common/Reference Number Getter' successfully

2018-12-13 16:06:52 - [TEST_STEP][PASSED] - setText: Text 'CUN122018C200001746' is set on object 'Object Repository/Final Object Repo/WorkFlow Listing Page/Ref No Set Text'

2018-12-13 16:06:53 - [MESSAGE][PASSED] - Text 'CUN122018C200001746' is set on object 'Object Repository/Final Object Repo/WorkFlow Listing Page/Ref No Set Text'

2018-12-13 16:06:53 - [TEST_STEP][PASSED] - delay: Delayed 2 second(s)

2018-12-13 16:06:55 - [MESSAGE][PASSED] - Delayed 2 second(s)

2018-12-13 16:06:55 - [TEST_STEP][PASSED] - click: Object: 'Object Repository/Final Object Repo/WorkFlow Listing Page/Search Ref No Search Button' is clicked on

2018-12-13 16:06:55 - [MESSAGE][PASSED] - Object: 'Object Repository/Final Object Repo/WorkFlow Listing Page/Search Ref No Search Button' is clicked on

2018-12-13 16:06:55 - [TEST_STEP][PASSED] - delay: Delayed 6 second(s)

2018-12-13 16:07:01 - [MESSAGE][PASSED] - Delayed 6 second(s)

2018-12-13 16:07:01 - [TEST_STEP][PASSED] - click: Object: 'Object Repository/Final Object Repo/WorkFlow Listing Page/Click Continue Tooltip' is clicked on

2018-12-13 16:07:02 - [MESSAGE][PASSED] - Object: 'Object Repository/Final Object Repo/WorkFlow Listing Page/Click Continue Tooltip' is clicked on

2018-12-13 16:07:02 - [TEST_STEP][PASSED] - delay: Delayed 5 second(s)

2018-12-13 16:07:07 - [MESSAGE][PASSED] - Delayed 5 second(s)

2018-12-13 16:07:07 - [TEST_STEP][PASSED] - doubleClick: Object: 'Object Repository/Final Object Repo/WorkFlow Listing Page/Workflow Found - Listing 1' is double clicked on

2018-12-13 16:07:07 - [MESSAGE][PASSED] - Object: 'Object Repository/Final Object Repo/WorkFlow Listing Page/Workflow Found - Listing 1' is double clicked on

2018-12-13 16:07:07 - [TEST_STEP][PASSED] - Statement - println(OwnerID): null

2018-12-13 16:07:07 - [TEST_STEP][PASSED] - Statement - OwnerID = com.kms.katalon.core.webui.keyword.WebUiBuiltInKeywords.getText(com.kms.katalon.core.testobject.ObjectRepository.findTestObject(Final Object Repo/WorkFlow Listing Page/Workflow Found - Listing 1), STOP_ON_FAILURE): Text of object 'Object Repository/Final Object Repo/WorkFlow Listing Page/Workflow Found - Listing 1' is: 'JOHORuo1'

2018-12-13 16:07:07 - [MESSAGE][PASSED] - Text of object 'Object Repository/Final Object Repo/WorkFlow Listing Page/Workflow Found - Listing 1' is: 'JOHORuo1'

2018-12-13 16:07:07 - [TEST_STEP][PASSED] - Statement - OwnerID = OwnerID.toLowerCase() + "@gmail.com": null

2018-12-13 16:07:07 - [TEST_STEP][PASSED] - Statement - println(OwnerID): null

2018-12-13 16:07:07 - [TEST_STEP][PASSED] - delay: Delayed 2 second(s)

2018-12-13 16:07:09 - [MESSAGE][PASSED] - Delayed 2 second(s)

2018-12-13 16:07:09 - [MESSAGE][PASSED] - Call Test Case 'Test Cases/Final Aug 2018 - PKS Automation/Common/Workflow Owner Finder' successfully

2018-12-13 16:07:09 - [TEST_STEP][PASSED] - delay: Delayed 1 second(s)

2018-12-13 16:07:10 - [MESSAGE][PASSED] - Delayed 1 second(s)

2018-12-13 16:07:10 - [TEST_STEP][PASSED] - navigateToUrl: Navigate to 'https://assist2-uat.perkeso.gov.my/c/portal/logout' successfully

2018-12-13 16:07:11 - [MESSAGE][PASSED] - Navigate to 'https://assist2-uat.perkeso.gov.my/c/portal/logout' successfully

2018-12-13 16:07:11 - [TEST_STEP][PASSED] - delay: Delayed 1 second(s)

2018-12-13 16:07:12 - [MESSAGE][PASSED] - Delayed 1 second(s)

2018-12-13 16:07:12 - [TEST_STEP][PASSED] - callTestCase: Call Test Case 'Test Cases/Final Aug 2018 - PKS Automation/Registration Module/Workflow/Login and Search Case For Workflow' successfully

2018-12-13 16:07:12 - [TEST_CASE][PASSED] - Test Cases/Final Aug 2018 - PKS Automation/Registration Module/Workflow/Login and Search Case For Workflow: Test Cases/Final Aug 2018 - PKS Automation/Registration Module/Workflow/Login and Search Case For Workflow

2018-12-13 16:07:12 - [TEST_STEP][PASSED] - navigateToUrl: Navigate to 'https://assist2-uat.perkeso.gov.my/login' successfully

2018-12-13 16:07:12 - [MESSAGE][PASSED] - Navigate to 'https://assist2-uat.perkeso.gov.my/login' successfully

2018-12-13 16:07:12 - [TEST_STEP][PASSED] - setText: Text 'johoruo1@gmail.com' is set on object 'Object Repository/Final Object Repo/Login Page/Internal User/Email Address'

2018-12-13 16:07:13 - [MESSAGE][PASSED] - Text 'johoruo1@gmail.com' is set on object 'Object Repository/Final Object Repo/Login Page/Internal User/Email Address'

2018-12-13 16:07:13 - [TEST_STEP][PASSED] - click: Object: 'Object Repository/Final Object Repo/Login Page/Internal User/Next Button' is clicked on

2018-12-13 16:07:13 - [MESSAGE][PASSED] - Object: 'Object Repository/Final Object Repo/Login Page/Internal User/Next Button' is clicked on

2018-12-13 16:07:13 - [TEST_STEP][PASSED] - delay: Delayed 1 second(s)

2018-12-13 16:07:14 - [MESSAGE][PASSED] - Delayed 1 second(s)

2018-12-13 16:07:14 - [TEST_STEP][PASSED] - setEncryptedText: Text ****** has been set on object 'Object Repository/Final Object Repo/Login Page/Internal User/Password'

2018-12-13 16:07:14 - [MESSAGE][PASSED] - Text ****** has been set on object 'Object Repository/Final Object Repo/Login Page/Internal User/Password'

2018-12-13 16:07:14 - [TEST_STEP][PASSED] - click: Object: 'Object Repository/Final Object Repo/Login Page/Internal User/Login Button' is clicked on

2018-12-13 16:07:14 - [MESSAGE][PASSED] - Object: 'Object Repository/Final Object Repo/Login Page/Internal User/Login Button' is clicked on

2018-12-13 16:07:14 - [TEST_STEP][PASSED] - delay: Delayed 2 second(s)

2018-12-13 16:07:16 - [MESSAGE][PASSED] - Delayed 2 second(s)

2018-12-13 16:07:16 - [TEST_STEP][PASSED] - Statement - Try: Delayed 2 second(s)

2018-12-13 16:07:16 - [TEST_STEP][PASSED] - Statement - Checker = false: null

2018-12-13 16:07:16 - [TEST_STEP][PASSED] - Statement - Checker = com.kms.katalon.core.webui.keyword.WebUiBuiltInKeywords.verifyElementHasAttribute(com.kms.katalon.core.testobject.ObjectRepository.findTestObject(Final Object Repo/Landing Page/BM Detecting), "href", 20, OPTIONAL): Object 'Object Repository/Final Object Repo/Landing Page/BM Detecting' has attribute 'href'

2018-12-13 16:07:16 - [MESSAGE][PASSED] - Object 'Object Repository/Final Object Repo/Landing Page/BM Detecting' has attribute 'href'

2018-12-13 16:07:16 - [TEST_STEP][PASSED] - Statement - out.println(Checker): null

2018-12-13 16:07:16 - [TEST_STEP][PASSED] - Statement - If (Checker == false): null

2018-12-13 16:07:16 - [TEST_STEP][PASSED] - Statement - Else: null

2018-12-13 16:07:16 - [TEST_STEP][PASSED] - delay: Delayed 2 second(s)

2018-12-13 16:07:18 - [MESSAGE][PASSED] - Delayed 2 second(s)

2018-12-13 16:07:18 - [TEST_STEP][PASSED] - click: Object: 'Object Repository/Final Object Repo/Page_MyASSIST - ASSIST - Search Pending Case For Add Supporting Document/Search Information' is clicked on

2018-12-13 16:07:19 - [MESSAGE][PASSED] - Object: 'Object Repository/Final Object Repo/Page_MyASSIST - ASSIST - Search Pending Case For Add Supporting Document/Search Information' is clicked on

2018-12-13 16:07:19 - [TEST_STEP][PASSED] - delay: Delayed 3 second(s)

2018-12-13 16:07:22 - [MESSAGE][PASSED] - Delayed 3 second(s)

2018-12-13 16:07:22 - [TEST_STEP][PASSED] - sendKeys: Keys 'CUN122018C200001746' sent to object: 'Object Repository/Final Object Repo/Page_MyASSIST - ASSIST - Search Pending Case For Add Supporting Document/Reference No'

2018-12-13 16:07:22 - [MESSAGE][PASSED] - Keys 'CUN122018C200001746' sent to object: 'Object Repository/Final Object Repo/Page_MyASSIST - ASSIST - Search Pending Case For Add Supporting Document/Reference No'

2018-12-13 16:07:22 - [TEST_STEP][PASSED] - click: Object: 'Object Repository/Final Object Repo/Page_MyASSIST - ASSIST - Search Pending Case For Add Supporting Document/Search Reference No' is clicked on

2018-12-13 16:07:22 - [MESSAGE][PASSED] - Object: 'Object Repository/Final Object Repo/Page_MyASSIST - ASSIST - Search Pending Case For Add Supporting Document/Search Reference No' is clicked on

2018-12-13 16:07:22 - [TEST_STEP][PASSED] - delay: Delayed 2 second(s)

2018-12-13 16:07:24 - [MESSAGE][PASSED] - Delayed 2 second(s)

2018-12-13 16:07:24 - [TEST_STEP][PASSED] - click: Object: 'Object Repository/Final Object Repo/Page_MyASSIST - ASSIST - Search Pending Case For Add Supporting Document/Continue' is clicked on

2018-12-13 16:07:28 - [MESSAGE][PASSED] - Object: 'Object Repository/Final Object Repo/Page_MyASSIST - ASSIST - Search Pending Case For Add Supporting Document/Continue' is clicked on

2018-12-13 16:07:28 - [TEST_STEP][PASSED] - delay: Delayed 20 second(s)

2018-12-13 16:07:48 - [MESSAGE][PASSED] - Delayed 20 second(s)

2018-12-13 16:07:48 - [MESSAGE][PASSED] - Call Test Case 'Test Cases/Final Aug 2018 - PKS Automation/Registration Module/Workflow/Login and Search Case For Workflow' successfully

2018-12-13 16:07:48 - [TEST_STEP][PASSED] - click: Object: 'Object Repository/Final Object Repo/Page_Form 1A - Cessation As Employer/Page_Form 1A - Cessation As Employer (Approve)/Save  Continue in Form 1A Page' is clicked on

2018-12-13 16:07:48 - [MESSAGE][PASSED] - Object: 'Object Repository/Final Object Repo/Page_Form 1A - Cessation As Employer/Page_Form 1A - Cessation As Employer (Approve)/Save  Continue in Form 1A Page' is clicked on

2018-12-13 16:07:48 - [TEST_STEP][PASSED] - delay: Delayed 2 second(s)

2018-12-13 16:07:50 - [MESSAGE][PASSED] - Delayed 2 second(s)

2018-12-13 16:07:50 - [TEST_STEP][PASSED] - click: Object: 'Object Repository/Final Object Repo/Page_Form 1A - Cessation As Employer/Employment Resign Date' is clicked on

2018-12-13 16:07:50 - [MESSAGE][PASSED] - Object: 'Object Repository/Final Object Repo/Page_Form 1A - Cessation As Employer/Employment Resign Date' is clicked on

2018-12-13 16:07:50 - [TEST_STEP][PASSED] - delay: Delayed 1 second(s)

2018-12-13 16:07:51 - [MESSAGE][PASSED] - Delayed 1 second(s)

2018-12-13 16:07:51 - [TEST_STEP][PASSED] - selectOptionByValue: All options with value '2030' are selected in object 'Object Repository/Final Object Repo/Page_Form 1A - Cessation As Employer/Employment Resign Date - Year' 

2018-12-13 16:07:52 - [MESSAGE][PASSED] - All options with value '2030' are selected in object 'Object Repository/Final Object Repo/Page_Form 1A - Cessation As Employer/Employment Resign Date - Year' 

2018-12-13 16:07:52 - [TEST_STEP][PASSED] - delay: Delayed 1 second(s)

2018-12-13 16:07:53 - [MESSAGE][PASSED] - Delayed 1 second(s)

2018-12-13 16:07:53 - [TEST_STEP][PASSED] - click: Object: 'Object Repository/Final Object Repo/Page_Form 1A - Cessation As Employer/Employment Resign Date - Year - Date' is clicked on

2018-12-13 16:07:53 - [MESSAGE][PASSED] - Object: 'Object Repository/Final Object Repo/Page_Form 1A - Cessation As Employer/Employment Resign Date - Year - Date' is clicked on

2018-12-13 16:07:53 - [TEST_STEP][PASSED] - delay: Delayed 2 second(s)

2018-12-13 16:07:55 - [MESSAGE][PASSED] - Delayed 2 second(s)

2018-12-13 16:07:55 - [TEST_STEP][PASSED] - click: Object: 'Object Repository/Final Object Repo/Page_Form 1A - Cessation As Employer/Page_Form 1A - Cessation As Employer (Approve)/Save  Continue in Update Add Employee Resigned Date Page' is clicked on

2018-12-13 16:07:55 - [MESSAGE][PASSED] - Object: 'Object Repository/Final Object Repo/Page_Form 1A - Cessation As Employer/Page_Form 1A - Cessation As Employer (Approve)/Save  Continue in Update Add Employee Resigned Date Page' is clicked on

2018-12-13 16:07:55 - [TEST_STEP][PASSED] - delay: Delayed 2 second(s)

2018-12-13 16:07:57 - [MESSAGE][PASSED] - Delayed 2 second(s)

2018-12-13 16:07:57 - [TEST_STEP][PASSED] - click: Object: 'Object Repository/Final Object Repo/Page_Form 1A - Cessation As Employer/Set Latest - Yes' is clicked on

2018-12-13 16:07:57 - [MESSAGE][PASSED] - Object: 'Object Repository/Final Object Repo/Page_Form 1A - Cessation As Employer/Set Latest - Yes' is clicked on

2018-12-13 16:07:57 - [TEST_STEP][PASSED] - delay: Delayed 2 second(s)

2018-12-13 16:07:59 - [MESSAGE][PASSED] - Delayed 2 second(s)

2018-12-13 16:07:59 - [TEST_STEP][PASSED] - setText: Text 'remark' is set on object 'Object Repository/Final Object Repo/Page_Form 1A - Cessation As Employer/Page_Form 1A - Cessation As Employer (Query)/Query - remark'

2018-12-13 16:08:01 - [MESSAGE][PASSED] - Text 'remark' is set on object 'Object Repository/Final Object Repo/Page_Form 1A - Cessation As Employer/Page_Form 1A - Cessation As Employer (Query)/Query - remark'

2018-12-13 16:08:01 - [TEST_STEP][PASSED] - delay: Delayed 2 second(s)

2018-12-13 16:08:03 - [MESSAGE][PASSED] - Delayed 2 second(s)

2018-12-13 16:08:03 - [TEST_STEP][PASSED] - click: Object: 'Object Repository/Final Object Repo/Page_Form 1A - Cessation As Employer/Page_Form 1A - Cessation As Employer (Approve)/Save  Contine in Uploading Document Page' is clicked on

2018-12-13 16:08:03 - [MESSAGE][PASSED] - Object: 'Object Repository/Final Object Repo/Page_Form 1A - Cessation As Employer/Page_Form 1A - Cessation As Employer (Approve)/Save  Contine in Uploading Document Page' is clicked on

2018-12-13 16:08:03 - [TEST_STEP][PASSED] - delay: Delayed 2 second(s)

2018-12-13 16:08:05 - [MESSAGE][PASSED] - Delayed 2 second(s)

2018-12-13 16:08:05 - [TEST_STEP][PASSED] - click: Object: 'Object Repository/Final Object Repo/Page_Form 1A - Cessation As Employer/Page_Form 1A - Cessation As Employer (Query)/Query' is clicked on

2018-12-13 16:08:08 - [MESSAGE][PASSED] - Object: 'Object Repository/Final Object Repo/Page_Form 1A - Cessation As Employer/Page_Form 1A - Cessation As Employer (Query)/Query' is clicked on

2018-12-13 16:08:08 - [TEST_STEP][PASSED] - delay: Delayed 2 second(s)

2018-12-13 16:08:10 - [MESSAGE][PASSED] - Delayed 2 second(s)

2018-12-13 16:08:10 - [TEST_STEP][PASSED] - click: Object: 'Object Repository/Final Object Repo/Page_Form 1A - Cessation As Employer/Page_Form 1A - Cessation As Employer (Query)/Confirm' is clicked on

2018-12-13 16:08:18 - [MESSAGE][PASSED] - Object: 'Object Repository/Final Object Repo/Page_Form 1A - Cessation As Employer/Page_Form 1A - Cessation As Employer (Query)/Confirm' is clicked on

2018-12-13 16:08:18 - [TEST_STEP][PASSED] - delay: Delayed 2 second(s)

2018-12-13 16:08:20 - [MESSAGE][PASSED] - Delayed 2 second(s)

2018-12-13 16:08:20 - [TEST_STEP][PASSED] - verifyElementVisible: Object 'Object Repository/Final Object Repo/Page_Form 1A - Cessation As Employer/Page_Form 1A - Cessation As Employer (Query)/MessageThe Case Is Under Query' is visible

2018-12-13 16:08:20 - [MESSAGE][PASSED] - Object 'Object Repository/Final Object Repo/Page_Form 1A - Cessation As Employer/Page_Form 1A - Cessation As Employer (Query)/MessageThe Case Is Under Query' is visible

2018-12-13 16:08:20 - [TEST_STEP][PASSED] - delay: Delayed 1 second(s)

2018-12-13 16:08:21 - [MESSAGE][PASSED] - Delayed 1 second(s)

2018-12-13 16:08:21 - [TEST_STEP][PASSED] - verifyElementVisible: Object 'Object Repository/Final Object Repo/Page_Form 1A - Cessation As Employer/Page_Form 1A - Cessation As Employer (Query)/Letter of inquiry' is visible

2018-12-13 16:08:21 - [MESSAGE][PASSED] - Object 'Object Repository/Final Object Repo/Page_Form 1A - Cessation As Employer/Page_Form 1A - Cessation As Employer (Query)/Letter of inquiry' is visible

2018-12-13 16:08:21 - [TEST_STEP][PASSED] - delay: Delayed 1 second(s)

2018-12-13 16:08:22 - [MESSAGE][PASSED] - Delayed 1 second(s)

2018-12-13 16:08:22 - [TEST_STEP][PASSED] - navigateToUrl: Navigate to 'https://assist2-uat.perkeso.gov.my/c/portal/logout' successfully

2018-12-13 16:08:23 - [MESSAGE][PASSED] - Navigate to 'https://assist2-uat.perkeso.gov.my/c/portal/logout' successfully

2018-12-13 16:08:23 - [TEST_STEP][PASSED] - delay: Delayed 1 second(s)

2018-12-13 16:08:24 - [MESSAGE][PASSED] - Delayed 1 second(s)

2018-12-13 16:08:24 - [TEST_STEP][PASSED] - callTestCase: Call Test Case 'Test Cases/Final Aug 2018 - PKS Automation/Registration Module/Workflow/Search Pending Case For Add Supporting Document (OTC)' successfully

2018-12-13 16:08:24 - [TEST_CASE][PASSED] - Test Cases/Final Aug 2018 - PKS Automation/Registration Module/Workflow/Search Pending Case For Add Supporting Document (OTC): Test Cases/Final Aug 2018 - PKS Automation/Registration Module/Workflow/Search Pending Case For Add Supporting Document (OTC)

2018-12-13 16:08:24 - [TEST_STEP][PASSED] - openBrowser: Browser is opened with url: ''

2018-12-13 16:08:24 - [MESSAGE][WARNING] - A browser is already opened. Closing browser and opening a new one

2018-12-13 16:08:27 - [MESSAGE][PASSED] - Browser is opened with url: ''

2018-12-13 16:08:27 - [TEST_STEP][PASSED] - navigateToUrl: Navigate to 'https://assist2-uat.perkeso.gov.my/login' successfully

2018-12-13 16:08:28 - [MESSAGE][PASSED] - Navigate to 'https://assist2-uat.perkeso.gov.my/login' successfully

2018-12-13 16:08:28 - [TEST_STEP][PASSED] - setText: Text 'johorotc1@gmail.com' is set on object 'Object Repository/Final Object Repo/Login Page/Internal User/Email Address'

2018-12-13 16:08:28 - [MESSAGE][PASSED] - Text 'johorotc1@gmail.com' is set on object 'Object Repository/Final Object Repo/Login Page/Internal User/Email Address'

2018-12-13 16:08:28 - [TEST_STEP][PASSED] - click: Object: 'Object Repository/Final Object Repo/Login Page/Internal User/Next Button' is clicked on

2018-12-13 16:08:28 - [MESSAGE][PASSED] - Object: 'Object Repository/Final Object Repo/Login Page/Internal User/Next Button' is clicked on

2018-12-13 16:08:28 - [TEST_STEP][PASSED] - delay: Delayed 1 second(s)

2018-12-13 16:08:29 - [MESSAGE][PASSED] - Delayed 1 second(s)

2018-12-13 16:08:29 - [TEST_STEP][PASSED] - setEncryptedText: Text ****** has been set on object 'Object Repository/Final Object Repo/Login Page/Internal User/Password'

2018-12-13 16:08:30 - [MESSAGE][PASSED] - Text ****** has been set on object 'Object Repository/Final Object Repo/Login Page/Internal User/Password'

2018-12-13 16:08:30 - [TEST_STEP][PASSED] - click: Object: 'Object Repository/Final Object Repo/Login Page/Internal User/Login Button' is clicked on

2018-12-13 16:08:30 - [MESSAGE][PASSED] - Object: 'Object Repository/Final Object Repo/Login Page/Internal User/Login Button' is clicked on

2018-12-13 16:08:30 - [TEST_STEP][PASSED] - delay: Delayed 1 second(s)

2018-12-13 16:08:31 - [MESSAGE][PASSED] - Delayed 1 second(s)

2018-12-13 16:08:31 - [TEST_STEP][PASSED] - Statement - Try: Delayed 2 second(s)

2018-12-13 16:08:31 - [TEST_STEP][PASSED] - Statement - Checker = false: null

2018-12-13 16:08:31 - [TEST_STEP][PASSED] - Statement - Checker = com.kms.katalon.core.webui.keyword.WebUiBuiltInKeywords.verifyElementHasAttribute(com.kms.katalon.core.testobject.ObjectRepository.findTestObject(Final Object Repo/Landing Page/BM Detecting), "href", 20, OPTIONAL): Object 'Object Repository/Final Object Repo/Landing Page/BM Detecting' has attribute 'href'

2018-12-13 16:08:33 - [MESSAGE][PASSED] - Object 'Object Repository/Final Object Repo/Landing Page/BM Detecting' has attribute 'href'

2018-12-13 16:08:33 - [TEST_STEP][PASSED] - Statement - out.println(Checker): null

2018-12-13 16:08:33 - [TEST_STEP][PASSED] - Statement - If (Checker == false): null

2018-12-13 16:08:33 - [TEST_STEP][PASSED] - Statement - Else: null

2018-12-13 16:08:33 - [TEST_STEP][PASSED] - delay: Delayed 2 second(s)

2018-12-13 16:08:35 - [MESSAGE][PASSED] - Delayed 2 second(s)

2018-12-13 16:08:35 - [TEST_STEP][PASSED] - navigateToUrl: Navigate to 'https://assist2-uat.perkeso.gov.my/web/registration/search/search-pending-case-for-add-supporting-document' successfully

2018-12-13 16:08:36 - [MESSAGE][PASSED] - Navigate to 'https://assist2-uat.perkeso.gov.my/web/registration/search/search-pending-case-for-add-supporting-document' successfully

2018-12-13 16:08:36 - [TEST_STEP][PASSED] - click: Object: 'Object Repository/Final Object Repo/Page_Search Pending Case For Add Suporting Document/Search By' is clicked on

2018-12-13 16:08:36 - [MESSAGE][PASSED] - Object: 'Object Repository/Final Object Repo/Page_Search Pending Case For Add Suporting Document/Search By' is clicked on

2018-12-13 16:08:36 - [TEST_STEP][PASSED] - click: Object: 'Object Repository/Final Object Repo/Page_Search Pending Case For Add Suporting Document/Search By - Reference ID' is clicked on

2018-12-13 16:08:36 - [MESSAGE][PASSED] - Object: 'Object Repository/Final Object Repo/Page_Search Pending Case For Add Suporting Document/Search By - Reference ID' is clicked on

2018-12-13 16:08:36 - [TEST_STEP][PASSED] - delay: Delayed 2 second(s)

2018-12-13 16:08:38 - [MESSAGE][PASSED] - Delayed 2 second(s)

2018-12-13 16:08:38 - [TEST_STEP][PASSED] - setText: Text 'CUN122018C200001746' is set on object 'Object Repository/Final Object Repo/Page_Search Pending Case For Add Suporting Document/Reference ID'

2018-12-13 16:08:39 - [MESSAGE][PASSED] - Text 'CUN122018C200001746' is set on object 'Object Repository/Final Object Repo/Page_Search Pending Case For Add Suporting Document/Reference ID'

2018-12-13 16:08:39 - [TEST_STEP][PASSED] - click: Object: 'Object Repository/Final Object Repo/Page_Search Pending Case For Add Suporting Document/Search' is clicked on

2018-12-13 16:08:39 - [MESSAGE][PASSED] - Object: 'Object Repository/Final Object Repo/Page_Search Pending Case For Add Suporting Document/Search' is clicked on

2018-12-13 16:08:39 - [TEST_STEP][PASSED] - delay: Delayed 2 second(s)

2018-12-13 16:08:41 - [MESSAGE][PASSED] - Delayed 2 second(s)

2018-12-13 16:08:41 - [TEST_STEP][PASSED] - click: Object: 'Object Repository/Final Object Repo/Page_Search Pending Case For Add Suporting Document/Edit' is clicked on

2018-12-13 16:08:44 - [MESSAGE][PASSED] - Object: 'Object Repository/Final Object Repo/Page_Search Pending Case For Add Suporting Document/Edit' is clicked on

2018-12-13 16:08:44 - [MESSAGE][PASSED] - Call Test Case 'Test Cases/Final Aug 2018 - PKS Automation/Registration Module/Workflow/Search Pending Case For Add Supporting Document (OTC)' successfully

2018-12-13 16:08:44 - [TEST_STEP][PASSED] - click: Object: 'Object Repository/Final Object Repo/Page_Form 1A - Cessation As Employer/Page_Form 1A - Cessation As Employer (Query -OTC -UO)/Next in Form 1A Page' is clicked on

2018-12-13 16:08:47 - [MESSAGE][PASSED] - Object: 'Object Repository/Final Object Repo/Page_Form 1A - Cessation As Employer/Page_Form 1A - Cessation As Employer (Query -OTC -UO)/Next in Form 1A Page' is clicked on

2018-12-13 16:08:47 - [TEST_STEP][PASSED] - delay: Delayed 2 second(s)

2018-12-13 16:08:49 - [MESSAGE][PASSED] - Delayed 2 second(s)

2018-12-13 16:08:49 - [TEST_STEP][PASSED] - click: Object: 'Object Repository/Final Object Repo/Page_Form 1A - Cessation As Employer/Page_Form 1A - Cessation As Employer (Query -OTC -UO)/Next in Resigned Date Page' is clicked on

2018-12-13 16:08:54 - [MESSAGE][PASSED] - Object: 'Object Repository/Final Object Repo/Page_Form 1A - Cessation As Employer/Page_Form 1A - Cessation As Employer (Query -OTC -UO)/Next in Resigned Date Page' is clicked on

2018-12-13 16:08:54 - [TEST_STEP][PASSED] - delay: Delayed 2 second(s)

2018-12-13 16:08:56 - [MESSAGE][PASSED] - Delayed 2 second(s)

2018-12-13 16:08:56 - [TEST_STEP][PASSED] - click: Object: 'Object Repository/Final Object Repo/Page_Form 1A - Cessation As Employer/Page_Form 1A - Cessation As Employer (Query -OTC -UO)/Add Document' is clicked on

2018-12-13 16:08:56 - [MESSAGE][PASSED] - Object: 'Object Repository/Final Object Repo/Page_Form 1A - Cessation As Employer/Page_Form 1A - Cessation As Employer (Query -OTC -UO)/Add Document' is clicked on

2018-12-13 16:08:56 - [TEST_STEP][PASSED] - delay: Delayed 2 second(s)

2018-12-13 16:08:58 - [MESSAGE][PASSED] - Delayed 2 second(s)

2018-12-13 16:08:58 - [TEST_STEP][PASSED] - click: Object: 'Object Repository/Final Object Repo/Page_Form 1A - Cessation As Employer/Page_Form 1A - Cessation As Employer (Query -OTC -UO)/Document Type' is clicked on

2018-12-13 16:08:59 - [MESSAGE][PASSED] - Object: 'Object Repository/Final Object Repo/Page_Form 1A - Cessation As Employer/Page_Form 1A - Cessation As Employer (Query -OTC -UO)/Document Type' is clicked on

2018-12-13 16:08:59 - [TEST_STEP][PASSED] - click: Object: 'Object Repository/Final Object Repo/Page_Form 1A - Cessation As Employer/Page_Form 1A - Cessation As Employer (Query -OTC -UO)/Document Type - Others' is clicked on

2018-12-13 16:08:59 - [MESSAGE][PASSED] - Object: 'Object Repository/Final Object Repo/Page_Form 1A - Cessation As Employer/Page_Form 1A - Cessation As Employer (Query -OTC -UO)/Document Type - Others' is clicked on

2018-12-13 16:08:59 - [TEST_STEP][PASSED] - delay: Delayed 2 second(s)

2018-12-13 16:09:01 - [MESSAGE][PASSED] - Delayed 2 second(s)

2018-12-13 16:09:01 - [TEST_STEP][PASSED] - sendKeys: Keys 'C:\Users\Public\Pictures\Sample Pictures\Koala.jpg' sent to object: 'Object Repository/Final Object Repo/Page_Form 1A - Cessation As Employer/Uploading File'

2018-12-13 16:09:02 - [MESSAGE][PASSED] - Keys 'C:\Users\Public\Pictures\Sample Pictures\Koala.jpg' sent to object: 'Object Repository/Final Object Repo/Page_Form 1A - Cessation As Employer/Uploading File'

2018-12-13 16:09:02 - [TEST_STEP][PASSED] - delay: Delayed 2 second(s)

2018-12-13 16:09:04 - [MESSAGE][PASSED] - Delayed 2 second(s)

2018-12-13 16:09:04 - [TEST_STEP][PASSED] - click: Object: 'Object Repository/Final Object Repo/Page_Form 1A - Cessation As Employer/Page_Form 1A - Cessation As Employer (Query -OTC -UO)/Add Document in Uploading Page' is clicked on

2018-12-13 16:09:04 - [MESSAGE][PASSED] - Object: 'Object Repository/Final Object Repo/Page_Form 1A - Cessation As Employer/Page_Form 1A - Cessation As Employer (Query -OTC -UO)/Add Document in Uploading Page' is clicked on

2018-12-13 16:09:04 - [TEST_STEP][PASSED] - delay: Delayed 4 second(s)

2018-12-13 16:09:08 - [MESSAGE][PASSED] - Delayed 4 second(s)

2018-12-13 16:09:08 - [TEST_STEP][PASSED] - click: Object: 'Object Repository/Final Object Repo/Page_Form 1A - Cessation As Employer/Page_Form 1A - Cessation As Employer (Query -OTC -UO)/Exit' is clicked on

2018-12-13 16:09:09 - [MESSAGE][PASSED] - Object: 'Object Repository/Final Object Repo/Page_Form 1A - Cessation As Employer/Page_Form 1A - Cessation As Employer (Query -OTC -UO)/Exit' is clicked on

2018-12-13 16:09:09 - [TEST_STEP][PASSED] - delay: Delayed 1 second(s)

2018-12-13 16:09:10 - [MESSAGE][PASSED] - Delayed 1 second(s)

2018-12-13 16:09:10 - [TEST_STEP][PASSED] - navigateToUrl: Navigate to 'https://assist2-uat.perkeso.gov.my/c/portal/logout' successfully

2018-12-13 16:09:13 - [MESSAGE][PASSED] - Navigate to 'https://assist2-uat.perkeso.gov.my/c/portal/logout' successfully

2018-12-13 16:09:13 - [TEST_STEP][PASSED] - delay: Delayed 1 second(s)

2018-12-13 16:09:14 - [MESSAGE][PASSED] - Delayed 1 second(s)

2018-12-13 16:09:14 - [TEST_STEP][PASSED] - callTestCase: Call Test Case 'Test Cases/Final Aug 2018 - PKS Automation/Registration Module/Workflow/Login and Search Case For Workflow' successfully

2018-12-13 16:09:14 - [TEST_CASE][PASSED] - Test Cases/Final Aug 2018 - PKS Automation/Registration Module/Workflow/Login and Search Case For Workflow: Test Cases/Final Aug 2018 - PKS Automation/Registration Module/Workflow/Login and Search Case For Workflow

2018-12-13 16:09:14 - [TEST_STEP][PASSED] - navigateToUrl: Navigate to 'https://assist2-uat.perkeso.gov.my/login' successfully

2018-12-13 16:09:14 - [MESSAGE][PASSED] - Navigate to 'https://assist2-uat.perkeso.gov.my/login' successfully

2018-12-13 16:09:14 - [TEST_STEP][PASSED] - setText: Text 'johoruo1@gmail.com' is set on object 'Object Repository/Final Object Repo/Login Page/Internal User/Email Address'

2018-12-13 16:09:15 - [MESSAGE][PASSED] - Text 'johoruo1@gmail.com' is set on object 'Object Repository/Final Object Repo/Login Page/Internal User/Email Address'

2018-12-13 16:09:15 - [TEST_STEP][PASSED] - click: Object: 'Object Repository/Final Object Repo/Login Page/Internal User/Next Button' is clicked on

2018-12-13 16:09:15 - [MESSAGE][PASSED] - Object: 'Object Repository/Final Object Repo/Login Page/Internal User/Next Button' is clicked on

2018-12-13 16:09:15 - [TEST_STEP][PASSED] - delay: Delayed 1 second(s)

2018-12-13 16:09:16 - [MESSAGE][PASSED] - Delayed 1 second(s)

2018-12-13 16:09:16 - [TEST_STEP][PASSED] - setEncryptedText: Text ****** has been set on object 'Object Repository/Final Object Repo/Login Page/Internal User/Password'

2018-12-13 16:09:16 - [MESSAGE][PASSED] - Text ****** has been set on object 'Object Repository/Final Object Repo/Login Page/Internal User/Password'

2018-12-13 16:09:16 - [TEST_STEP][PASSED] - click: Object: 'Object Repository/Final Object Repo/Login Page/Internal User/Login Button' is clicked on

2018-12-13 16:09:16 - [MESSAGE][PASSED] - Object: 'Object Repository/Final Object Repo/Login Page/Internal User/Login Button' is clicked on

2018-12-13 16:09:16 - [TEST_STEP][PASSED] - delay: Delayed 2 second(s)

2018-12-13 16:09:18 - [MESSAGE][PASSED] - Delayed 2 second(s)

2018-12-13 16:09:18 - [TEST_STEP][PASSED] - Statement - Try: Delayed 2 second(s)

2018-12-13 16:09:18 - [TEST_STEP][PASSED] - Statement - Checker = false: null

2018-12-13 16:09:18 - [TEST_STEP][PASSED] - Statement - Checker = com.kms.katalon.core.webui.keyword.WebUiBuiltInKeywords.verifyElementHasAttribute(com.kms.katalon.core.testobject.ObjectRepository.findTestObject(Final Object Repo/Landing Page/BM Detecting), "href", 20, OPTIONAL): Object 'Object Repository/Final Object Repo/Landing Page/BM Detecting' has attribute 'href'

2018-12-13 16:09:19 - [MESSAGE][PASSED] - Object 'Object Repository/Final Object Repo/Landing Page/BM Detecting' has attribute 'href'

2018-12-13 16:09:19 - [TEST_STEP][PASSED] - Statement - out.println(Checker): null

2018-12-13 16:09:19 - [TEST_STEP][PASSED] - Statement - If (Checker == false): null

2018-12-13 16:09:19 - [TEST_STEP][PASSED] - Statement - Else: null

2018-12-13 16:09:19 - [TEST_STEP][PASSED] - delay: Delayed 2 second(s)

2018-12-13 16:09:21 - [MESSAGE][PASSED] - Delayed 2 second(s)

2018-12-13 16:09:21 - [TEST_STEP][PASSED] - click: Object: 'Object Repository/Final Object Repo/Page_MyASSIST - ASSIST - Search Pending Case For Add Supporting Document/Search Information' is clicked on

2018-12-13 16:09:21 - [MESSAGE][PASSED] - Object: 'Object Repository/Final Object Repo/Page_MyASSIST - ASSIST - Search Pending Case For Add Supporting Document/Search Information' is clicked on

2018-12-13 16:09:21 - [TEST_STEP][PASSED] - delay: Delayed 3 second(s)

2018-12-13 16:09:24 - [MESSAGE][PASSED] - Delayed 3 second(s)

2018-12-13 16:09:24 - [TEST_STEP][PASSED] - sendKeys: Keys 'CUN122018C200001746' sent to object: 'Object Repository/Final Object Repo/Page_MyASSIST - ASSIST - Search Pending Case For Add Supporting Document/Reference No'

2018-12-13 16:09:24 - [MESSAGE][PASSED] - Keys 'CUN122018C200001746' sent to object: 'Object Repository/Final Object Repo/Page_MyASSIST - ASSIST - Search Pending Case For Add Supporting Document/Reference No'

2018-12-13 16:09:24 - [TEST_STEP][PASSED] - click: Object: 'Object Repository/Final Object Repo/Page_MyASSIST - ASSIST - Search Pending Case For Add Supporting Document/Search Reference No' is clicked on

2018-12-13 16:09:25 - [MESSAGE][PASSED] - Object: 'Object Repository/Final Object Repo/Page_MyASSIST - ASSIST - Search Pending Case For Add Supporting Document/Search Reference No' is clicked on

2018-12-13 16:09:25 - [TEST_STEP][PASSED] - delay: Delayed 2 second(s)

2018-12-13 16:09:27 - [MESSAGE][PASSED] - Delayed 2 second(s)

2018-12-13 16:09:27 - [TEST_STEP][PASSED] - click: Object: 'Object Repository/Final Object Repo/Page_MyASSIST - ASSIST - Search Pending Case For Add Supporting Document/Continue' is clicked on

2018-12-13 16:09:30 - [MESSAGE][PASSED] - Object: 'Object Repository/Final Object Repo/Page_MyASSIST - ASSIST - Search Pending Case For Add Supporting Document/Continue' is clicked on

2018-12-13 16:09:30 - [TEST_STEP][PASSED] - delay: Delayed 20 second(s)

2018-12-13 16:09:50 - [MESSAGE][PASSED] - Delayed 20 second(s)

2018-12-13 16:09:50 - [MESSAGE][PASSED] - Call Test Case 'Test Cases/Final Aug 2018 - PKS Automation/Registration Module/Workflow/Login and Search Case For Workflow' successfully

2018-12-13 16:09:50 - [TEST_STEP][PASSED] - click: Object: 'Object Repository/Final Object Repo/Page_Form 1A - Cessation As Employer/Page_Form 1A - Cessation As Employer (Approve)/Save  Continue in Form 1A Page' is clicked on

2018-12-13 16:09:50 - [MESSAGE][PASSED] - Object: 'Object Repository/Final Object Repo/Page_Form 1A - Cessation As Employer/Page_Form 1A - Cessation As Employer (Approve)/Save  Continue in Form 1A Page' is clicked on

2018-12-13 16:09:50 - [TEST_STEP][PASSED] - delay: Delayed 3 second(s)

2018-12-13 16:09:53 - [MESSAGE][PASSED] - Delayed 3 second(s)

2018-12-13 16:09:53 - [TEST_STEP][PASSED] - click: Object: 'Object Repository/Final Object Repo/Page_Form 1A - Cessation As Employer/Page_Form 1A - Cessation As Employer (Approve)/Save  Continue in Update Add Employee Resigned Date Page' is clicked on

2018-12-13 16:09:53 - [MESSAGE][PASSED] - Object: 'Object Repository/Final Object Repo/Page_Form 1A - Cessation As Employer/Page_Form 1A - Cessation As Employer (Approve)/Save  Continue in Update Add Employee Resigned Date Page' is clicked on

2018-12-13 16:09:53 - [TEST_STEP][PASSED] - delay: Delayed 3 second(s)

2018-12-13 16:09:56 - [MESSAGE][PASSED] - Delayed 3 second(s)

2018-12-13 16:09:56 - [TEST_STEP][PASSED] - click: Object: 'Object Repository/Final Object Repo/Page_Form 1A - Cessation As Employer/Page_Form 1A - Cessation As Employer (Approve)/Save  Contine in Uploading Document Page' is clicked on

2018-12-13 16:09:56 - [MESSAGE][PASSED] - Object: 'Object Repository/Final Object Repo/Page_Form 1A - Cessation As Employer/Page_Form 1A - Cessation As Employer (Approve)/Save  Contine in Uploading Document Page' is clicked on

2018-12-13 16:09:56 - [TEST_STEP][PASSED] - delay: Delayed 3 second(s)

2018-12-13 16:09:59 - [MESSAGE][PASSED] - Delayed 3 second(s)

2018-12-13 16:09:59 - [TEST_STEP][PASSED] - click: Object: 'Object Repository/Final Object Repo/Page_Form 1A - Cessation As Employer/Page_Form 1A - Cessation As Employer (Approve)/Approve' is clicked on

2018-12-13 16:10:02 - [MESSAGE][PASSED] - Object: 'Object Repository/Final Object Repo/Page_Form 1A - Cessation As Employer/Page_Form 1A - Cessation As Employer (Approve)/Approve' is clicked on

2018-12-13 16:10:02 - [TEST_STEP][PASSED] - delay: Delayed 2 second(s)

2018-12-13 16:10:04 - [MESSAGE][PASSED] - Delayed 2 second(s)

2018-12-13 16:10:04 - [TEST_STEP][PASSED] - click: Object: 'Object Repository/Final Object Repo/Page_Form 1A - Cessation As Employer/Confirm' is clicked on

2018-12-13 16:10:04 - [MESSAGE][PASSED] - Object: 'Object Repository/Final Object Repo/Page_Form 1A - Cessation As Employer/Confirm' is clicked on

2018-12-13 16:10:04 - [TEST_STEP][PASSED] - delay: Delayed 2 second(s)

2018-12-13 16:10:06 - [MESSAGE][PASSED] - Delayed 2 second(s)

2018-12-13 16:10:06 - [TEST_STEP][PASSED] - click: Object: 'Object Repository/Final Object Repo/Page_Form 1A - Cessation As Employer/Page_Form 1A - Cessation As Employer (Approve)/Message Your Request    Form 1A ' is clicked on

2018-12-13 16:10:15 - [MESSAGE][PASSED] - Object: 'Object Repository/Final Object Repo/Page_Form 1A - Cessation As Employer/Page_Form 1A - Cessation As Employer (Approve)/Message Your Request    Form 1A ' is clicked on

2018-12-13 16:10:15 - [TEST_STEP][PASSED] - delay: Delayed 2 second(s)

2018-12-13 16:10:17 - [MESSAGE][PASSED] - Delayed 2 second(s)

2018-12-13 16:10:17 - [TEST_STEP][PASSED] - click: Object: 'Object Repository/Final Object Repo/Page_Form 1A - Cessation As Employer/Page_Form 1A - Cessation As Employer (Approve)/Letter of successful update' is clicked on

2018-12-13 16:10:18 - [MESSAGE][PASSED] - Object: 'Object Repository/Final Object Repo/Page_Form 1A - Cessation As Employer/Page_Form 1A - Cessation As Employer (Approve)/Letter of successful update' is clicked on

2018-12-13 16:10:18 - [MESSAGE][PASSED] - Call Test Case 'Test Cases/Final Aug 2018 - PKS Automation/Registration Module/Workflow/Form 1A - Cessation As Employer/Template/Form 1 A - Cessation As Employer (Query)' successfully]]></system-out>
         <system-err><![CDATA[]]></system-err>
      </testcase>
      <testcase name="Test Cases/Final Aug 2018 - PKS Automation/Registration Module/Workflow/Form 1A - Cessation As Employer/PKRBO to UO (Reject)" classname="Test Cases/Final Aug 2018 - PKS Automation/Registration Module/Workflow/Form 1A - Cessation As Employer/PKRBO to UO (Reject)" status="PASSED">
         <system-out><![CDATA[2018-12-13 16:10:18 - [TEST_CASE][PASSED] - Test Cases/Final Aug 2018 - PKS Automation/Registration Module/Workflow/Form 1A - Cessation As Employer/PKRBO to UO (Reject): Test Cases/Final Aug 2018 - PKS Automation/Registration Module/Workflow/Form 1A - Cessation As Employer/PKRBO to UO (Reject)

2018-12-13 16:10:18 - [TEST_STEP][PASSED] - callTestCase: Call Test Case 'Test Cases/Final Aug 2018 - PKS Automation/Registration Module/Workflow/Form 1A - Cessation As Employer/Template/Form 1 A - Cessation As Employer (PKRBO)' successfully

2018-12-13 16:10:18 - [TEST_CASE][PASSED] - Test Cases/Final Aug 2018 - PKS Automation/Registration Module/Workflow/Form 1A - Cessation As Employer/Template/Form 1 A - Cessation As Employer (PKRBO): Test Cases/Final Aug 2018 - PKS Automation/Registration Module/Workflow/Form 1A - Cessation As Employer/Template/Form 1 A - Cessation As Employer (PKRBO)

2018-12-13 16:10:18 - [TEST_STEP][PASSED] - openBrowser: Browser is opened with url: ''

2018-12-13 16:10:18 - [MESSAGE][WARNING] - A browser is already opened. Closing browser and opening a new one

2018-12-13 16:10:21 - [MESSAGE][PASSED] - Browser is opened with url: ''

2018-12-13 16:10:21 - [TEST_STEP][PASSED] - navigateToUrl: Navigate to 'https://assist2-uat.perkeso.gov.my/login' successfully

2018-12-13 16:10:22 - [MESSAGE][PASSED] - Navigate to 'https://assist2-uat.perkeso.gov.my/login' successfully

2018-12-13 16:10:22 - [TEST_STEP][PASSED] - setText: Text 'johorpkrbo1@gmail.com' is set on object 'Object Repository/Final Object Repo/Login Page/Internal User/Email Address'

2018-12-13 16:10:22 - [MESSAGE][PASSED] - Text 'johorpkrbo1@gmail.com' is set on object 'Object Repository/Final Object Repo/Login Page/Internal User/Email Address'

2018-12-13 16:10:22 - [TEST_STEP][PASSED] - click: Object: 'Object Repository/Final Object Repo/Login Page/Internal User/Next Button' is clicked on

2018-12-13 16:10:23 - [MESSAGE][PASSED] - Object: 'Object Repository/Final Object Repo/Login Page/Internal User/Next Button' is clicked on

2018-12-13 16:10:23 - [TEST_STEP][PASSED] - delay: Delayed 1 second(s)

2018-12-13 16:10:24 - [MESSAGE][PASSED] - Delayed 1 second(s)

2018-12-13 16:10:24 - [TEST_STEP][PASSED] - setEncryptedText: Text ****** has been set on object 'Object Repository/Final Object Repo/Login Page/Internal User/Password'

2018-12-13 16:10:24 - [MESSAGE][PASSED] - Text ****** has been set on object 'Object Repository/Final Object Repo/Login Page/Internal User/Password'

2018-12-13 16:10:24 - [TEST_STEP][PASSED] - click: Object: 'Object Repository/Final Object Repo/Login Page/Internal User/Login Button' is clicked on

2018-12-13 16:10:24 - [MESSAGE][PASSED] - Object: 'Object Repository/Final Object Repo/Login Page/Internal User/Login Button' is clicked on

2018-12-13 16:10:24 - [TEST_STEP][PASSED] - delay: Delayed 1 second(s)

2018-12-13 16:10:25 - [MESSAGE][PASSED] - Delayed 1 second(s)

2018-12-13 16:10:25 - [TEST_STEP][PASSED] - Statement - Try: Delayed 2 second(s)

2018-12-13 16:10:25 - [TEST_STEP][PASSED] - Statement - Checker = false: null

2018-12-13 16:10:25 - [TEST_STEP][PASSED] - Statement - Checker = com.kms.katalon.core.webui.keyword.WebUiBuiltInKeywords.verifyElementHasAttribute(com.kms.katalon.core.testobject.ObjectRepository.findTestObject(Final Object Repo/Landing Page/BM Detecting), "href", 20, OPTIONAL): Object 'Object Repository/Final Object Repo/Landing Page/BM Detecting' has attribute 'href'

2018-12-13 16:10:26 - [MESSAGE][PASSED] - Object 'Object Repository/Final Object Repo/Landing Page/BM Detecting' has attribute 'href'

2018-12-13 16:10:26 - [TEST_STEP][PASSED] - Statement - out.println(Checker): null

2018-12-13 16:10:26 - [TEST_STEP][PASSED] - Statement - If (Checker == false): null

2018-12-13 16:10:26 - [TEST_STEP][PASSED] - Statement - Else: null

2018-12-13 16:10:26 - [TEST_STEP][PASSED] - delay: Delayed 2 second(s)

2018-12-13 16:10:28 - [MESSAGE][PASSED] - Delayed 2 second(s)

2018-12-13 16:10:28 - [TEST_STEP][PASSED] - navigateToUrl: Navigate to 'https://assist2-uat.perkeso.gov.my/web/registration/update/form-1a-cessation-as-employer-discontinue-business-' successfully

2018-12-13 16:10:29 - [MESSAGE][PASSED] - Navigate to 'https://assist2-uat.perkeso.gov.my/web/registration/update/form-1a-cessation-as-employer-discontinue-business-' successfully

2018-12-13 16:10:29 - [TEST_STEP][PASSED] - setText: Text 'E1102069770Z' is set on object 'Object Repository/Final Object Repo/Page_Update Employer Information/Employer Code'

2018-12-13 16:10:29 - [MESSAGE][PASSED] - Text 'E1102069770Z' is set on object 'Object Repository/Final Object Repo/Page_Update Employer Information/Employer Code'

2018-12-13 16:10:29 - [TEST_STEP][PASSED] - click: Object: 'Object Repository/Final Object Repo/Page_Update Employer Information/Search Button' is clicked on

2018-12-13 16:10:29 - [MESSAGE][PASSED] - Object: 'Object Repository/Final Object Repo/Page_Update Employer Information/Search Button' is clicked on

2018-12-13 16:10:29 - [TEST_STEP][PASSED] - click: Object: 'Object Repository/Final Object Repo/Page_Update Employer Information/Edit Button' is clicked on

2018-12-13 16:10:34 - [MESSAGE][PASSED] - Object: 'Object Repository/Final Object Repo/Page_Update Employer Information/Edit Button' is clicked on

2018-12-13 16:10:34 - [TEST_STEP][PASSED] - Statement - abc = com.kms.katalon.core.webui.keyword.WebUiBuiltInKeywords.getAttribute(com.kms.katalon.core.testobject.ObjectRepository.findTestObject(Final Object Repo/Page_Form 1A - Cessation As Employer/Employer Status), "value"): Attribute 'value' of object 'Object Repository/Final Object Repo/Page_Form 1A - Cessation As Employer/Employer Status' is: 'Dormant'

2018-12-13 16:10:34 - [MESSAGE][PASSED] - Attribute 'value' of object 'Object Repository/Final Object Repo/Page_Form 1A - Cessation As Employer/Employer Status' is: 'Dormant'

2018-12-13 16:10:34 - [TEST_STEP][PASSED] - Statement - out.println(abc): null

2018-12-13 16:10:34 - [TEST_STEP][PASSED] - Statement - If (abc == "Active"): null

2018-12-13 16:10:34 - [TEST_STEP][PASSED] - Statement - Else If (abc == "Cancel"): null

2018-12-13 16:10:34 - [TEST_STEP][PASSED] - Statement - Else If (abc == "Dormant"): Object: 'Object Repository/Final Object Repo/Page_Form 1A - Cessation As Employer/Change Employer Status to - Dormant' is clicked on

2018-12-13 16:10:34 - [TEST_STEP][PASSED] - click: Object: 'Object Repository/Final Object Repo/Page_Form 1A - Cessation As Employer/Change Employer Status to' is clicked on

2018-12-13 16:10:34 - [MESSAGE][PASSED] - Object: 'Object Repository/Final Object Repo/Page_Form 1A - Cessation As Employer/Change Employer Status to' is clicked on

2018-12-13 16:10:34 - [TEST_STEP][PASSED] - click: Object: 'Object Repository/Final Object Repo/Page_Form 1A - Cessation As Employer/Change Employer Status to - Dormant' is clicked on

2018-12-13 16:10:34 - [MESSAGE][PASSED] - Object: 'Object Repository/Final Object Repo/Page_Form 1A - Cessation As Employer/Change Employer Status to - Dormant' is clicked on

2018-12-13 16:10:34 - [TEST_STEP][PASSED] - click: Object: 'Object Repository/Final Object Repo/Page_Form 1A - Cessation As Employer/Calender' is clicked on

2018-12-13 16:10:34 - [MESSAGE][PASSED] - Object: 'Object Repository/Final Object Repo/Page_Form 1A - Cessation As Employer/Calender' is clicked on

2018-12-13 16:10:34 - [TEST_STEP][PASSED] - click: Object: 'Object Repository/Final Object Repo/Page_Form 1A - Cessation As Employer/Calender - Date' is clicked on

2018-12-13 16:10:35 - [MESSAGE][PASSED] - Object: 'Object Repository/Final Object Repo/Page_Form 1A - Cessation As Employer/Calender - Date' is clicked on

2018-12-13 16:10:35 - [TEST_STEP][PASSED] - delay: Delayed 2 second(s)

2018-12-13 16:10:37 - [MESSAGE][PASSED] - Delayed 2 second(s)

2018-12-13 16:10:37 - [TEST_STEP][PASSED] - click: Object: 'Object Repository/Final Object Repo/Page_Form 1A - Cessation As Employer/Save  Continue in Form 1A Page' is clicked on

2018-12-13 16:10:37 - [MESSAGE][PASSED] - Object: 'Object Repository/Final Object Repo/Page_Form 1A - Cessation As Employer/Save  Continue in Form 1A Page' is clicked on

2018-12-13 16:10:37 - [TEST_STEP][PASSED] - delay: Delayed 2 second(s)

2018-12-13 16:10:39 - [MESSAGE][PASSED] - Delayed 2 second(s)

2018-12-13 16:10:39 - [TEST_STEP][PASSED] - click: Object: 'Object Repository/Final Object Repo/Page_Form 1A - Cessation As Employer/Employment Resign Date' is clicked on

2018-12-13 16:10:39 - [MESSAGE][PASSED] - Object: 'Object Repository/Final Object Repo/Page_Form 1A - Cessation As Employer/Employment Resign Date' is clicked on

2018-12-13 16:10:39 - [TEST_STEP][PASSED] - delay: Delayed 1 second(s)

2018-12-13 16:10:40 - [MESSAGE][PASSED] - Delayed 1 second(s)

2018-12-13 16:10:40 - [TEST_STEP][PASSED] - Statement - CaseReferenceNo = com.kms.katalon.core.webui.keyword.WebUiBuiltInKeywords.getText(com.kms.katalon.core.testobject.ObjectRepository.findTestObject(Final Object Repo/Page_Update Employer Information/Reference Number in Update Employee Information Page)): Text of object 'Object Repository/Final Object Repo/Page_Update Employer Information/Reference Number in Update Employee Information Page' is: 'CUN122018C200001747'

2018-12-13 16:10:40 - [MESSAGE][PASSED] - Text of object 'Object Repository/Final Object Repo/Page_Update Employer Information/Reference Number in Update Employee Information Page' is: 'CUN122018C200001747'

2018-12-13 16:10:40 - [TEST_STEP][PASSED] - Statement - out.println(CaseReferenceNo): null

2018-12-13 16:10:40 - [TEST_STEP][PASSED] - callTestCase: Call Test Case 'Test Cases/Final Aug 2018 - PKS Automation/Common/Reference Number Setter' successfully

2018-12-13 16:10:41 - [TEST_CASE][PASSED] - Test Cases/Final Aug 2018 - PKS Automation/Common/Reference Number Setter: Test Cases/Final Aug 2018 - PKS Automation/Common/Reference Number Setter

2018-12-13 16:10:41 - [TEST_STEP][PASSED] - Statement - RefNoOldFile = new java.io.File(C://Users//Admin//Desktop//PKS//Automation Reference Point//KatalonReference.txt): null

2018-12-13 16:10:41 - [TEST_STEP][PASSED] - Statement - RefNoOldFile.delete(): null

2018-12-13 16:10:41 - [TEST_STEP][PASSED] - delay: Delayed 5 second(s)

2018-12-13 16:10:46 - [MESSAGE][PASSED] - Delayed 5 second(s)

2018-12-13 16:10:46 - [TEST_STEP][PASSED] - Statement - RefNo = new java.io.File(C://Users//Admin//Desktop//PKS//Automation Reference Point//KatalonReference.txt): null

2018-12-13 16:10:46 - [TEST_STEP][PASSED] - Statement - f2 = new java.io.FileWriter(RefNo, false): null

2018-12-13 16:10:46 - [TEST_STEP][PASSED] - Statement - f2.write(CaseReferenceNo): null

2018-12-13 16:10:46 - [TEST_STEP][PASSED] - Statement - f2.close(): null

2018-12-13 16:10:46 - [TEST_STEP][PASSED] - Statement - out.println("


" + CaseReferenceNo + "


"): null

2018-12-13 16:10:46 - [MESSAGE][PASSED] - Call Test Case 'Test Cases/Final Aug 2018 - PKS Automation/Common/Reference Number Setter' successfully

2018-12-13 16:10:46 - [TEST_STEP][PASSED] - selectOptionByValue: All options with value '2030' are selected in object 'Object Repository/Final Object Repo/Page_Form 1A - Cessation As Employer/Employment Resign Date - Year' 

2018-12-13 16:10:46 - [MESSAGE][PASSED] - All options with value '2030' are selected in object 'Object Repository/Final Object Repo/Page_Form 1A - Cessation As Employer/Employment Resign Date - Year' 

2018-12-13 16:10:46 - [TEST_STEP][PASSED] - delay: Delayed 1 second(s)

2018-12-13 16:10:47 - [MESSAGE][PASSED] - Delayed 1 second(s)

2018-12-13 16:10:47 - [TEST_STEP][PASSED] - click: Object: 'Object Repository/Final Object Repo/Page_Form 1A - Cessation As Employer/Employment Resign Date - Year - Date' is clicked on

2018-12-13 16:10:47 - [MESSAGE][PASSED] - Object: 'Object Repository/Final Object Repo/Page_Form 1A - Cessation As Employer/Employment Resign Date - Year - Date' is clicked on

2018-12-13 16:10:47 - [TEST_STEP][PASSED] - delay: Delayed 2 second(s)

2018-12-13 16:10:49 - [MESSAGE][PASSED] - Delayed 2 second(s)

2018-12-13 16:10:49 - [TEST_STEP][PASSED] - click: Object: 'Object Repository/Final Object Repo/Page_Form 1A - Cessation As Employer/Save  Continue in Update Add Employee Resigned Date Page' is clicked on

2018-12-13 16:10:49 - [MESSAGE][PASSED] - Object: 'Object Repository/Final Object Repo/Page_Form 1A - Cessation As Employer/Save  Continue in Update Add Employee Resigned Date Page' is clicked on

2018-12-13 16:10:49 - [TEST_STEP][PASSED] - delay: Delayed 2 second(s)

2018-12-13 16:10:51 - [MESSAGE][PASSED] - Delayed 2 second(s)

2018-12-13 16:10:51 - [TEST_STEP][PASSED] - click: Object: 'Object Repository/Final Object Repo/Page_Form 1A - Cessation As Employer/Set Latest - Yes' is clicked on

2018-12-13 16:10:51 - [MESSAGE][PASSED] - Object: 'Object Repository/Final Object Repo/Page_Form 1A - Cessation As Employer/Set Latest - Yes' is clicked on

2018-12-13 16:10:51 - [TEST_STEP][PASSED] - delay: Delayed 2 second(s)

2018-12-13 16:10:53 - [MESSAGE][PASSED] - Delayed 2 second(s)

2018-12-13 16:10:53 - [TEST_STEP][PASSED] - click: Object: 'Object Repository/Final Object Repo/Page_Form 1A - Cessation As Employer/Add Document' is clicked on

2018-12-13 16:10:55 - [MESSAGE][PASSED] - Object: 'Object Repository/Final Object Repo/Page_Form 1A - Cessation As Employer/Add Document' is clicked on

2018-12-13 16:10:55 - [TEST_STEP][PASSED] - delay: Delayed 2 second(s)

2018-12-13 16:10:57 - [MESSAGE][PASSED] - Delayed 2 second(s)

2018-12-13 16:10:57 - [TEST_STEP][PASSED] - click: Object: 'Object Repository/Final Object Repo/Page_Form 1A - Cessation As Employer/Document Type' is clicked on

2018-12-13 16:10:58 - [MESSAGE][PASSED] - Object: 'Object Repository/Final Object Repo/Page_Form 1A - Cessation As Employer/Document Type' is clicked on

2018-12-13 16:10:58 - [TEST_STEP][PASSED] - delay: Delayed 2 second(s)

2018-12-13 16:11:00 - [MESSAGE][PASSED] - Delayed 2 second(s)

2018-12-13 16:11:00 - [TEST_STEP][PASSED] - click: Object: 'Object Repository/Final Object Repo/Page_Form 1A - Cessation As Employer/Document Type - Supporting Document For Cessation' is clicked on

2018-12-13 16:11:00 - [MESSAGE][PASSED] - Object: 'Object Repository/Final Object Repo/Page_Form 1A - Cessation As Employer/Document Type - Supporting Document For Cessation' is clicked on

2018-12-13 16:11:00 - [TEST_STEP][PASSED] - delay: Delayed 2 second(s)

2018-12-13 16:11:02 - [MESSAGE][PASSED] - Delayed 2 second(s)

2018-12-13 16:11:02 - [TEST_STEP][PASSED] - sendKeys: Keys 'C:\Users\Public\Pictures\Sample Pictures\Koala.jpg' sent to object: 'Object Repository/Final Object Repo/Page_Form 1A - Cessation As Employer/Uploading File'

2018-12-13 16:11:02 - [MESSAGE][PASSED] - Keys 'C:\Users\Public\Pictures\Sample Pictures\Koala.jpg' sent to object: 'Object Repository/Final Object Repo/Page_Form 1A - Cessation As Employer/Uploading File'

2018-12-13 16:11:02 - [TEST_STEP][PASSED] - delay: Delayed 2 second(s)

2018-12-13 16:11:04 - [MESSAGE][PASSED] - Delayed 2 second(s)

2018-12-13 16:11:04 - [TEST_STEP][PASSED] - click: Object: 'Object Repository/Final Object Repo/Page_Form 1A - Cessation As Employer/Add Document in Uploading Page' is clicked on

2018-12-13 16:11:04 - [MESSAGE][PASSED] - Object: 'Object Repository/Final Object Repo/Page_Form 1A - Cessation As Employer/Add Document in Uploading Page' is clicked on

2018-12-13 16:11:04 - [TEST_STEP][PASSED] - delay: Delayed 15 second(s)

2018-12-13 16:11:19 - [MESSAGE][PASSED] - Delayed 15 second(s)

2018-12-13 16:11:19 - [TEST_STEP][PASSED] - click: Object: 'Object Repository/Final Object Repo/Page_Form 1A - Cessation As Employer/Save  Continue in Uploading Page' is clicked on

2018-12-13 16:11:19 - [MESSAGE][PASSED] - Object: 'Object Repository/Final Object Repo/Page_Form 1A - Cessation As Employer/Save  Continue in Uploading Page' is clicked on

2018-12-13 16:11:19 - [TEST_STEP][PASSED] - delay: Delayed 2 second(s)

2018-12-13 16:11:21 - [MESSAGE][PASSED] - Delayed 2 second(s)

2018-12-13 16:11:21 - [TEST_STEP][PASSED] - click: Object: 'Object Repository/Final Object Repo/Page_Form 1A - Cessation As Employer/Submit2' is clicked on

2018-12-13 16:11:25 - [MESSAGE][PASSED] - Object: 'Object Repository/Final Object Repo/Page_Form 1A - Cessation As Employer/Submit2' is clicked on

2018-12-13 16:11:25 - [TEST_STEP][PASSED] - delay: Delayed 2 second(s)

2018-12-13 16:11:27 - [MESSAGE][PASSED] - Delayed 2 second(s)

2018-12-13 16:11:27 - [TEST_STEP][PASSED] - click: Object: 'Object Repository/Final Object Repo/Page_Form 1A - Cessation As Employer/Confirm' is clicked on

2018-12-13 16:11:28 - [MESSAGE][PASSED] - Object: 'Object Repository/Final Object Repo/Page_Form 1A - Cessation As Employer/Confirm' is clicked on

2018-12-13 16:11:28 - [TEST_STEP][PASSED] - delay: Delayed 2 second(s)

2018-12-13 16:11:30 - [MESSAGE][PASSED] - Delayed 2 second(s)

2018-12-13 16:11:30 - [TEST_STEP][PASSED] - verifyElementVisible: Object 'Object Repository/Final Object Repo/Page_Form 1A - Cessation As Employer/Message Your Request will be routed to UO' is visible

2018-12-13 16:11:33 - [MESSAGE][PASSED] - Object 'Object Repository/Final Object Repo/Page_Form 1A - Cessation As Employer/Message Your Request will be routed to UO' is visible

2018-12-13 16:11:33 - [TEST_STEP][PASSED] - delay: Delayed 1 second(s)

2018-12-13 16:11:34 - [MESSAGE][PASSED] - Delayed 1 second(s)

2018-12-13 16:11:34 - [TEST_STEP][PASSED] - verifyElementVisible: Object 'Object Repository/Final Object Repo/Page_Form 1A - Cessation As Employer/Letter of acknowledgement' is visible

2018-12-13 16:11:34 - [MESSAGE][PASSED] - Object 'Object Repository/Final Object Repo/Page_Form 1A - Cessation As Employer/Letter of acknowledgement' is visible

2018-12-13 16:11:34 - [MESSAGE][PASSED] - Call Test Case 'Test Cases/Final Aug 2018 - PKS Automation/Registration Module/Workflow/Form 1A - Cessation As Employer/Template/Form 1 A - Cessation As Employer (PKRBO)' successfully

2018-12-13 16:11:34 - [TEST_STEP][PASSED] - callTestCase: Call Test Case 'Test Cases/Final Aug 2018 - PKS Automation/Registration Module/Workflow/Form 1A - Cessation As Employer/Template/Form 1 A - Cessation As Employer (Approve)' successfully

2018-12-13 16:11:34 - [TEST_CASE][PASSED] - Test Cases/Final Aug 2018 - PKS Automation/Registration Module/Workflow/Form 1A - Cessation As Employer/Template/Form 1 A - Cessation As Employer (Approve): Test Cases/Final Aug 2018 - PKS Automation/Registration Module/Workflow/Form 1A - Cessation As Employer/Template/Form 1 A - Cessation As Employer (Approve)

2018-12-13 16:11:34 - [TEST_STEP][NOT_RUN] - callTestCase: NOT_RUN: callTestCase

2018-12-13 16:11:34 - [MESSAGE][NOT_RUN] - NOT_RUN: callTestCase

2018-12-13 16:11:34 - [TEST_STEP][PASSED] - delay: Delayed 1 second(s)

2018-12-13 16:11:35 - [MESSAGE][PASSED] - Delayed 1 second(s)

2018-12-13 16:11:35 - [TEST_STEP][PASSED] - navigateToUrl: Navigate to 'https://assist2-uat.perkeso.gov.my/c/portal/logout' successfully

2018-12-13 16:11:36 - [MESSAGE][PASSED] - Navigate to 'https://assist2-uat.perkeso.gov.my/c/portal/logout' successfully

2018-12-13 16:11:36 - [TEST_STEP][PASSED] - delay: Delayed 1 second(s)

2018-12-13 16:11:37 - [MESSAGE][PASSED] - Delayed 1 second(s)

2018-12-13 16:11:37 - [TEST_STEP][PASSED] - callTestCase: Call Test Case 'Test Cases/Final Aug 2018 - PKS Automation/Common/Reference Number Getter' successfully

2018-12-13 16:11:37 - [TEST_CASE][PASSED] - Test Cases/Final Aug 2018 - PKS Automation/Common/Reference Number Getter: Test Cases/Final Aug 2018 - PKS Automation/Common/Reference Number Getter

2018-12-13 16:11:37 - [TEST_STEP][PASSED] - Statement - Try: null

2018-12-13 16:11:37 - [TEST_STEP][PASSED] - Statement - RefNo = new java.io.File(C://Users//Admin//Desktop//PKS//Automation Reference Point//KatalonReference.txt): null

2018-12-13 16:11:37 - [TEST_STEP][PASSED] - Statement - bufferread = new java.io.BufferedReader(new java.io.FileReader(RefNo)): null

2018-12-13 16:11:37 - [TEST_STEP][PASSED] - Statement - readedVal = bufferread.readLine(): null

2018-12-13 16:11:37 - [TEST_STEP][PASSED] - Statement - out.println(CaseReferenceNo): null

2018-12-13 16:11:37 - [TEST_STEP][PASSED] - Statement - out.println(readedVal): null

2018-12-13 16:11:37 - [TEST_STEP][PASSED] - Statement - CaseReferenceNo = "": null

2018-12-13 16:11:37 - [TEST_STEP][PASSED] - Statement - CaseReferenceNo = readedVal: null

2018-12-13 16:11:37 - [MESSAGE][PASSED] - Call Test Case 'Test Cases/Final Aug 2018 - PKS Automation/Common/Reference Number Getter' successfully

2018-12-13 16:11:37 - [TEST_STEP][PASSED] - callTestCase: Call Test Case 'Test Cases/Final Aug 2018 - PKS Automation/Common/Workflow Owner Finder' successfully

2018-12-13 16:11:37 - [TEST_CASE][PASSED] - Test Cases/Final Aug 2018 - PKS Automation/Common/Workflow Owner Finder: Test Cases/Final Aug 2018 - PKS Automation/Common/Workflow Owner Finder

2018-12-13 16:11:37 - [TEST_STEP][PASSED] - openBrowser: Browser is opened with url: ''

2018-12-13 16:11:37 - [MESSAGE][WARNING] - A browser is already opened. Closing browser and opening a new one

2018-12-13 16:11:40 - [MESSAGE][PASSED] - Browser is opened with url: ''

2018-12-13 16:11:40 - [TEST_STEP][PASSED] - navigateToUrl: Navigate to 'https://assist2-uat.perkeso.gov.my/login' successfully

2018-12-13 16:11:41 - [MESSAGE][PASSED] - Navigate to 'https://assist2-uat.perkeso.gov.my/login' successfully

2018-12-13 16:11:41 - [TEST_STEP][PASSED] - delay: Delayed 5 second(s)

2018-12-13 16:11:46 - [MESSAGE][PASSED] - Delayed 5 second(s)

2018-12-13 16:11:46 - [TEST_STEP][PASSED] - setText: Text 'test@liferay.com' is set on object 'Object Repository/Final Object Repo/Login Page/Internal User/Email Address'

2018-12-13 16:11:47 - [MESSAGE][PASSED] - Text 'test@liferay.com' is set on object 'Object Repository/Final Object Repo/Login Page/Internal User/Email Address'

2018-12-13 16:11:47 - [TEST_STEP][PASSED] - click: Object: 'Object Repository/Final Object Repo/Login Page/Internal User/Next Button' is clicked on

2018-12-13 16:11:47 - [MESSAGE][PASSED] - Object: 'Object Repository/Final Object Repo/Login Page/Internal User/Next Button' is clicked on

2018-12-13 16:11:47 - [TEST_STEP][PASSED] - delay: Delayed 2 second(s)

2018-12-13 16:11:49 - [MESSAGE][PASSED] - Delayed 2 second(s)

2018-12-13 16:11:49 - [TEST_STEP][PASSED] - setText: Text 'test' is set on object 'Object Repository/Final Object Repo/Login Page/Internal User/Password'

2018-12-13 16:11:49 - [MESSAGE][PASSED] - Text 'test' is set on object 'Object Repository/Final Object Repo/Login Page/Internal User/Password'

2018-12-13 16:11:49 - [TEST_STEP][PASSED] - delay: Delayed 2 second(s)

2018-12-13 16:11:51 - [MESSAGE][PASSED] - Delayed 2 second(s)

2018-12-13 16:11:51 - [TEST_STEP][PASSED] - click: Object: 'Object Repository/Final Object Repo/Login Page/Internal User/Login Button' is clicked on

2018-12-13 16:11:51 - [MESSAGE][PASSED] - Object: 'Object Repository/Final Object Repo/Login Page/Internal User/Login Button' is clicked on

2018-12-13 16:11:51 - [TEST_STEP][PASSED] - Statement - tester = com.kms.katalon.core.testobject.ObjectRepository.findTestObject(Final Object Repo/Landing Page/Select to English): Finding Test Object with id 'Object Repository/Final Object Repo/Landing Page/Select to English'

2018-12-13 16:11:51 - [TEST_STEP][PASSED] - Statement - Try: Delayed 2 second(s)

2018-12-13 16:11:51 - [TEST_STEP][PASSED] - Statement - Checker = com.kms.katalon.core.webui.keyword.WebUiBuiltInKeywords.verifyElementNotPresent(tester, 3): Web element with id: 'Object Repository/Final Object Repo/Landing Page/Select to English' located by 'By.xpath: //a[@class = 'taglib-language-list-text' and @lang = 'en-US' and (contains(text(), 'EN') or contains(., 'EN'))]' is not present after '3' second(s)

2018-12-13 16:11:53 - [MESSAGE][PASSED] - Web element with id: 'Object Repository/Final Object Repo/Landing Page/Select to English' located by 'By.xpath: //a[@class = 'taglib-language-list-text' and @lang = 'en-US' and (contains(text(), 'EN') or contains(., 'EN'))]' is not present after '3' second(s)

2018-12-13 16:11:53 - [TEST_STEP][PASSED] - Statement - If (Checker == false): null

2018-12-13 16:11:53 - [TEST_STEP][PASSED] - delay: Delayed 2 second(s)

2018-12-13 16:11:55 - [MESSAGE][PASSED] - Delayed 2 second(s)

2018-12-13 16:11:55 - [TEST_STEP][PASSED] - delay: Delayed 5 second(s)

2018-12-13 16:12:00 - [MESSAGE][PASSED] - Delayed 5 second(s)

2018-12-13 16:12:00 - [TEST_STEP][PASSED] - mouseOver: Object: 'Object Repository/Final Object Repo/Landing Page/WorkFlow Menu' is hovered

2018-12-13 16:12:00 - [MESSAGE][PASSED] - Object: 'Object Repository/Final Object Repo/Landing Page/WorkFlow Menu' is hovered

2018-12-13 16:12:00 - [TEST_STEP][PASSED] - delay: Delayed 2 second(s)

2018-12-13 16:12:02 - [MESSAGE][PASSED] - Delayed 2 second(s)

2018-12-13 16:12:02 - [TEST_STEP][PASSED] - click: Object: 'Object Repository/Final Object Repo/Landing Page/Select to Workflow Listing' is clicked on

2018-12-13 16:12:12 - [MESSAGE][PASSED] - Object: 'Object Repository/Final Object Repo/Landing Page/Select to Workflow Listing' is clicked on

2018-12-13 16:12:12 - [TEST_STEP][PASSED] - delay: Delayed 2 second(s)

2018-12-13 16:12:14 - [MESSAGE][PASSED] - Delayed 2 second(s)

2018-12-13 16:12:14 - [TEST_STEP][PASSED] - click: Object: 'Object Repository/Final Object Repo/WorkFlow Listing Page/Search Information - To Put Ref No' is clicked on

2018-12-13 16:12:18 - [MESSAGE][PASSED] - Object: 'Object Repository/Final Object Repo/WorkFlow Listing Page/Search Information - To Put Ref No' is clicked on

2018-12-13 16:12:18 - [TEST_STEP][PASSED] - delay: Delayed 2 second(s)

2018-12-13 16:12:20 - [MESSAGE][PASSED] - Delayed 2 second(s)

2018-12-13 16:12:20 - [TEST_STEP][PASSED] - callTestCase: Call Test Case 'Test Cases/Final Aug 2018 - PKS Automation/Common/Reference Number Getter' successfully

2018-12-13 16:12:20 - [TEST_CASE][PASSED] - Test Cases/Final Aug 2018 - PKS Automation/Common/Reference Number Getter: Test Cases/Final Aug 2018 - PKS Automation/Common/Reference Number Getter

2018-12-13 16:12:20 - [TEST_STEP][PASSED] - Statement - Try: null

2018-12-13 16:12:20 - [TEST_STEP][PASSED] - Statement - RefNo = new java.io.File(C://Users//Admin//Desktop//PKS//Automation Reference Point//KatalonReference.txt): null

2018-12-13 16:12:20 - [TEST_STEP][PASSED] - Statement - bufferread = new java.io.BufferedReader(new java.io.FileReader(RefNo)): null

2018-12-13 16:12:20 - [TEST_STEP][PASSED] - Statement - readedVal = bufferread.readLine(): null

2018-12-13 16:12:20 - [TEST_STEP][PASSED] - Statement - out.println(CaseReferenceNo): null

2018-12-13 16:12:20 - [TEST_STEP][PASSED] - Statement - out.println(readedVal): null

2018-12-13 16:12:20 - [TEST_STEP][PASSED] - Statement - CaseReferenceNo = "": null

2018-12-13 16:12:20 - [TEST_STEP][PASSED] - Statement - CaseReferenceNo = readedVal: null

2018-12-13 16:12:20 - [MESSAGE][PASSED] - Call Test Case 'Test Cases/Final Aug 2018 - PKS Automation/Common/Reference Number Getter' successfully

2018-12-13 16:12:20 - [TEST_STEP][PASSED] - setText: Text 'CUN122018C200001747' is set on object 'Object Repository/Final Object Repo/WorkFlow Listing Page/Ref No Set Text'

2018-12-13 16:12:20 - [MESSAGE][PASSED] - Text 'CUN122018C200001747' is set on object 'Object Repository/Final Object Repo/WorkFlow Listing Page/Ref No Set Text'

2018-12-13 16:12:20 - [TEST_STEP][PASSED] - delay: Delayed 2 second(s)

2018-12-13 16:12:22 - [MESSAGE][PASSED] - Delayed 2 second(s)

2018-12-13 16:12:22 - [TEST_STEP][PASSED] - click: Object: 'Object Repository/Final Object Repo/WorkFlow Listing Page/Search Ref No Search Button' is clicked on

2018-12-13 16:12:22 - [MESSAGE][PASSED] - Object: 'Object Repository/Final Object Repo/WorkFlow Listing Page/Search Ref No Search Button' is clicked on

2018-12-13 16:12:22 - [TEST_STEP][PASSED] - delay: Delayed 6 second(s)

2018-12-13 16:12:28 - [MESSAGE][PASSED] - Delayed 6 second(s)

2018-12-13 16:12:28 - [TEST_STEP][PASSED] - click: Object: 'Object Repository/Final Object Repo/WorkFlow Listing Page/Click Continue Tooltip' is clicked on

2018-12-13 16:12:29 - [MESSAGE][PASSED] - Object: 'Object Repository/Final Object Repo/WorkFlow Listing Page/Click Continue Tooltip' is clicked on

2018-12-13 16:12:29 - [TEST_STEP][PASSED] - delay: Delayed 5 second(s)

2018-12-13 16:12:34 - [MESSAGE][PASSED] - Delayed 5 second(s)

2018-12-13 16:12:34 - [TEST_STEP][PASSED] - doubleClick: Object: 'Object Repository/Final Object Repo/WorkFlow Listing Page/Workflow Found - Listing 1' is double clicked on

2018-12-13 16:12:35 - [MESSAGE][PASSED] - Object: 'Object Repository/Final Object Repo/WorkFlow Listing Page/Workflow Found - Listing 1' is double clicked on

2018-12-13 16:12:35 - [TEST_STEP][PASSED] - Statement - println(OwnerID): null

2018-12-13 16:12:35 - [TEST_STEP][PASSED] - Statement - OwnerID = com.kms.katalon.core.webui.keyword.WebUiBuiltInKeywords.getText(com.kms.katalon.core.testobject.ObjectRepository.findTestObject(Final Object Repo/WorkFlow Listing Page/Workflow Found - Listing 1), STOP_ON_FAILURE): Text of object 'Object Repository/Final Object Repo/WorkFlow Listing Page/Workflow Found - Listing 1' is: 'JOHORuo2'

2018-12-13 16:12:35 - [MESSAGE][PASSED] - Text of object 'Object Repository/Final Object Repo/WorkFlow Listing Page/Workflow Found - Listing 1' is: 'JOHORuo2'

2018-12-13 16:12:35 - [TEST_STEP][PASSED] - Statement - OwnerID = OwnerID.toLowerCase() + "@gmail.com": null

2018-12-13 16:12:35 - [TEST_STEP][PASSED] - Statement - println(OwnerID): null

2018-12-13 16:12:35 - [TEST_STEP][PASSED] - delay: Delayed 2 second(s)

2018-12-13 16:12:37 - [MESSAGE][PASSED] - Delayed 2 second(s)

2018-12-13 16:12:37 - [MESSAGE][PASSED] - Call Test Case 'Test Cases/Final Aug 2018 - PKS Automation/Common/Workflow Owner Finder' successfully

2018-12-13 16:12:37 - [TEST_STEP][PASSED] - delay: Delayed 1 second(s)

2018-12-13 16:12:38 - [MESSAGE][PASSED] - Delayed 1 second(s)

2018-12-13 16:12:38 - [TEST_STEP][PASSED] - navigateToUrl: Navigate to 'https://assist2-uat.perkeso.gov.my/c/portal/logout' successfully

2018-12-13 16:12:38 - [MESSAGE][PASSED] - Navigate to 'https://assist2-uat.perkeso.gov.my/c/portal/logout' successfully

2018-12-13 16:12:38 - [TEST_STEP][PASSED] - delay: Delayed 1 second(s)

2018-12-13 16:12:39 - [MESSAGE][PASSED] - Delayed 1 second(s)

2018-12-13 16:12:39 - [TEST_STEP][PASSED] - callTestCase: Call Test Case 'Test Cases/Final Aug 2018 - PKS Automation/Registration Module/Workflow/Login and Search Case For Workflow' successfully

2018-12-13 16:12:39 - [TEST_CASE][PASSED] - Test Cases/Final Aug 2018 - PKS Automation/Registration Module/Workflow/Login and Search Case For Workflow: Test Cases/Final Aug 2018 - PKS Automation/Registration Module/Workflow/Login and Search Case For Workflow

2018-12-13 16:12:40 - [TEST_STEP][PASSED] - navigateToUrl: Navigate to 'https://assist2-uat.perkeso.gov.my/login' successfully

2018-12-13 16:12:40 - [MESSAGE][PASSED] - Navigate to 'https://assist2-uat.perkeso.gov.my/login' successfully

2018-12-13 16:12:40 - [TEST_STEP][PASSED] - setText: Text 'johoruo2@gmail.com' is set on object 'Object Repository/Final Object Repo/Login Page/Internal User/Email Address'

2018-12-13 16:12:40 - [MESSAGE][PASSED] - Text 'johoruo2@gmail.com' is set on object 'Object Repository/Final Object Repo/Login Page/Internal User/Email Address'

2018-12-13 16:12:40 - [TEST_STEP][PASSED] - click: Object: 'Object Repository/Final Object Repo/Login Page/Internal User/Next Button' is clicked on

2018-12-13 16:12:40 - [MESSAGE][PASSED] - Object: 'Object Repository/Final Object Repo/Login Page/Internal User/Next Button' is clicked on

2018-12-13 16:12:40 - [TEST_STEP][PASSED] - delay: Delayed 1 second(s)

2018-12-13 16:12:41 - [MESSAGE][PASSED] - Delayed 1 second(s)

2018-12-13 16:12:41 - [TEST_STEP][PASSED] - setEncryptedText: Text ****** has been set on object 'Object Repository/Final Object Repo/Login Page/Internal User/Password'

2018-12-13 16:12:42 - [MESSAGE][PASSED] - Text ****** has been set on object 'Object Repository/Final Object Repo/Login Page/Internal User/Password'

2018-12-13 16:12:42 - [TEST_STEP][PASSED] - click: Object: 'Object Repository/Final Object Repo/Login Page/Internal User/Login Button' is clicked on

2018-12-13 16:12:42 - [MESSAGE][PASSED] - Object: 'Object Repository/Final Object Repo/Login Page/Internal User/Login Button' is clicked on

2018-12-13 16:12:42 - [TEST_STEP][PASSED] - delay: Delayed 2 second(s)

2018-12-13 16:12:44 - [MESSAGE][PASSED] - Delayed 2 second(s)

2018-12-13 16:12:44 - [TEST_STEP][PASSED] - Statement - Try: Delayed 2 second(s)

2018-12-13 16:12:44 - [TEST_STEP][PASSED] - Statement - Checker = false: null

2018-12-13 16:12:44 - [TEST_STEP][PASSED] - Statement - Checker = com.kms.katalon.core.webui.keyword.WebUiBuiltInKeywords.verifyElementHasAttribute(com.kms.katalon.core.testobject.ObjectRepository.findTestObject(Final Object Repo/Landing Page/BM Detecting), "href", 20, OPTIONAL): Object 'Object Repository/Final Object Repo/Landing Page/BM Detecting' has attribute 'href'

2018-12-13 16:12:44 - [MESSAGE][PASSED] - Object 'Object Repository/Final Object Repo/Landing Page/BM Detecting' has attribute 'href'

2018-12-13 16:12:44 - [TEST_STEP][PASSED] - Statement - out.println(Checker): null

2018-12-13 16:12:44 - [TEST_STEP][PASSED] - Statement - If (Checker == false): null

2018-12-13 16:12:44 - [TEST_STEP][PASSED] - Statement - Else: null

2018-12-13 16:12:44 - [TEST_STEP][PASSED] - delay: Delayed 2 second(s)

2018-12-13 16:12:46 - [MESSAGE][PASSED] - Delayed 2 second(s)

2018-12-13 16:12:46 - [TEST_STEP][PASSED] - click: Object: 'Object Repository/Final Object Repo/Page_MyASSIST - ASSIST - Search Pending Case For Add Supporting Document/Search Information' is clicked on

2018-12-13 16:12:46 - [MESSAGE][PASSED] - Object: 'Object Repository/Final Object Repo/Page_MyASSIST - ASSIST - Search Pending Case For Add Supporting Document/Search Information' is clicked on

2018-12-13 16:12:46 - [TEST_STEP][PASSED] - delay: Delayed 3 second(s)

2018-12-13 16:12:49 - [MESSAGE][PASSED] - Delayed 3 second(s)

2018-12-13 16:12:49 - [TEST_STEP][PASSED] - sendKeys: Keys 'CUN122018C200001747' sent to object: 'Object Repository/Final Object Repo/Page_MyASSIST - ASSIST - Search Pending Case For Add Supporting Document/Reference No'

2018-12-13 16:12:49 - [MESSAGE][PASSED] - Keys 'CUN122018C200001747' sent to object: 'Object Repository/Final Object Repo/Page_MyASSIST - ASSIST - Search Pending Case For Add Supporting Document/Reference No'

2018-12-13 16:12:49 - [TEST_STEP][PASSED] - click: Object: 'Object Repository/Final Object Repo/Page_MyASSIST - ASSIST - Search Pending Case For Add Supporting Document/Search Reference No' is clicked on

2018-12-13 16:12:50 - [MESSAGE][PASSED] - Object: 'Object Repository/Final Object Repo/Page_MyASSIST - ASSIST - Search Pending Case For Add Supporting Document/Search Reference No' is clicked on

2018-12-13 16:12:50 - [TEST_STEP][PASSED] - delay: Delayed 2 second(s)

2018-12-13 16:12:52 - [MESSAGE][PASSED] - Delayed 2 second(s)

2018-12-13 16:12:52 - [TEST_STEP][PASSED] - click: Object: 'Object Repository/Final Object Repo/Page_MyASSIST - ASSIST - Search Pending Case For Add Supporting Document/Continue' is clicked on

2018-12-13 16:12:56 - [MESSAGE][PASSED] - Object: 'Object Repository/Final Object Repo/Page_MyASSIST - ASSIST - Search Pending Case For Add Supporting Document/Continue' is clicked on

2018-12-13 16:12:56 - [TEST_STEP][PASSED] - delay: Delayed 20 second(s)

2018-12-13 16:13:16 - [MESSAGE][PASSED] - Delayed 20 second(s)

2018-12-13 16:13:16 - [MESSAGE][PASSED] - Call Test Case 'Test Cases/Final Aug 2018 - PKS Automation/Registration Module/Workflow/Login and Search Case For Workflow' successfully

2018-12-13 16:13:16 - [TEST_STEP][PASSED] - click: Object: 'Object Repository/Final Object Repo/Page_Form 1A - Cessation As Employer/Page_Form 1A - Cessation As Employer (Approve)/Save  Continue in Form 1A Page' is clicked on

2018-12-13 16:13:16 - [MESSAGE][PASSED] - Object: 'Object Repository/Final Object Repo/Page_Form 1A - Cessation As Employer/Page_Form 1A - Cessation As Employer (Approve)/Save  Continue in Form 1A Page' is clicked on

2018-12-13 16:13:16 - [TEST_STEP][PASSED] - delay: Delayed 2 second(s)

2018-12-13 16:13:18 - [MESSAGE][PASSED] - Delayed 2 second(s)

2018-12-13 16:13:18 - [TEST_STEP][PASSED] - click: Object: 'Object Repository/Final Object Repo/Page_Form 1A - Cessation As Employer/Employment Resign Date' is clicked on

2018-12-13 16:13:19 - [MESSAGE][PASSED] - Object: 'Object Repository/Final Object Repo/Page_Form 1A - Cessation As Employer/Employment Resign Date' is clicked on

2018-12-13 16:13:19 - [TEST_STEP][PASSED] - delay: Delayed 1 second(s)

2018-12-13 16:13:20 - [MESSAGE][PASSED] - Delayed 1 second(s)

2018-12-13 16:13:20 - [TEST_STEP][PASSED] - selectOptionByValue: All options with value '2030' are selected in object 'Object Repository/Final Object Repo/Page_Form 1A - Cessation As Employer/Employment Resign Date - Year' 

2018-12-13 16:13:20 - [MESSAGE][PASSED] - All options with value '2030' are selected in object 'Object Repository/Final Object Repo/Page_Form 1A - Cessation As Employer/Employment Resign Date - Year' 

2018-12-13 16:13:20 - [TEST_STEP][PASSED] - delay: Delayed 1 second(s)

2018-12-13 16:13:21 - [MESSAGE][PASSED] - Delayed 1 second(s)

2018-12-13 16:13:21 - [TEST_STEP][PASSED] - click: Object: 'Object Repository/Final Object Repo/Page_Form 1A - Cessation As Employer/Employment Resign Date - Year - Date' is clicked on

2018-12-13 16:13:21 - [MESSAGE][PASSED] - Object: 'Object Repository/Final Object Repo/Page_Form 1A - Cessation As Employer/Employment Resign Date - Year - Date' is clicked on

2018-12-13 16:13:21 - [TEST_STEP][PASSED] - delay: Delayed 2 second(s)

2018-12-13 16:13:23 - [MESSAGE][PASSED] - Delayed 2 second(s)

2018-12-13 16:13:23 - [TEST_STEP][PASSED] - click: Object: 'Object Repository/Final Object Repo/Page_Form 1A - Cessation As Employer/Page_Form 1A - Cessation As Employer (Approve)/Save  Continue in Update Add Employee Resigned Date Page' is clicked on

2018-12-13 16:13:23 - [MESSAGE][PASSED] - Object: 'Object Repository/Final Object Repo/Page_Form 1A - Cessation As Employer/Page_Form 1A - Cessation As Employer (Approve)/Save  Continue in Update Add Employee Resigned Date Page' is clicked on

2018-12-13 16:13:23 - [TEST_STEP][PASSED] - delay: Delayed 2 second(s)

2018-12-13 16:13:25 - [MESSAGE][PASSED] - Delayed 2 second(s)

2018-12-13 16:13:25 - [TEST_STEP][PASSED] - click: Object: 'Object Repository/Final Object Repo/Page_Form 1A - Cessation As Employer/Set Latest - Yes' is clicked on

2018-12-13 16:13:25 - [MESSAGE][PASSED] - Object: 'Object Repository/Final Object Repo/Page_Form 1A - Cessation As Employer/Set Latest - Yes' is clicked on

2018-12-13 16:13:25 - [TEST_STEP][PASSED] - delay: Delayed 2 second(s)

2018-12-13 16:13:27 - [MESSAGE][PASSED] - Delayed 2 second(s)

2018-12-13 16:13:27 - [TEST_STEP][PASSED] - click: Object: 'Object Repository/Final Object Repo/Page_Form 1A - Cessation As Employer/Page_Form 1A - Cessation As Employer (Approve)/Save  Contine in Uploading Document Page' is clicked on

2018-12-13 16:13:29 - [MESSAGE][PASSED] - Object: 'Object Repository/Final Object Repo/Page_Form 1A - Cessation As Employer/Page_Form 1A - Cessation As Employer (Approve)/Save  Contine in Uploading Document Page' is clicked on

2018-12-13 16:13:29 - [TEST_STEP][PASSED] - delay: Delayed 2 second(s)

2018-12-13 16:13:31 - [MESSAGE][PASSED] - Delayed 2 second(s)

2018-12-13 16:13:31 - [TEST_STEP][PASSED] - click: Object: 'Object Repository/Final Object Repo/Page_Form 1A - Cessation As Employer/Page_Form 1A - Cessation As Employer (Approve)/Approve' is clicked on

2018-12-13 16:13:33 - [MESSAGE][PASSED] - Object: 'Object Repository/Final Object Repo/Page_Form 1A - Cessation As Employer/Page_Form 1A - Cessation As Employer (Approve)/Approve' is clicked on

2018-12-13 16:13:33 - [TEST_STEP][PASSED] - delay: Delayed 2 second(s)

2018-12-13 16:13:35 - [MESSAGE][PASSED] - Delayed 2 second(s)

2018-12-13 16:13:35 - [TEST_STEP][PASSED] - click: Object: 'Object Repository/Final Object Repo/Page_Form 1A - Cessation As Employer/Confirm' is clicked on

2018-12-13 16:13:36 - [MESSAGE][PASSED] - Object: 'Object Repository/Final Object Repo/Page_Form 1A - Cessation As Employer/Confirm' is clicked on

2018-12-13 16:13:36 - [TEST_STEP][PASSED] - delay: Delayed 2 second(s)

2018-12-13 16:13:38 - [MESSAGE][PASSED] - Delayed 2 second(s)

2018-12-13 16:13:38 - [TEST_STEP][PASSED] - click: Object: 'Object Repository/Final Object Repo/Page_Form 1A - Cessation As Employer/Page_Form 1A - Cessation As Employer (Approve)/Message Your Request    Form 1A ' is clicked on

2018-12-13 16:13:46 - [MESSAGE][PASSED] - Object: 'Object Repository/Final Object Repo/Page_Form 1A - Cessation As Employer/Page_Form 1A - Cessation As Employer (Approve)/Message Your Request    Form 1A ' is clicked on

2018-12-13 16:13:46 - [TEST_STEP][PASSED] - delay: Delayed 2 second(s)

2018-12-13 16:13:48 - [MESSAGE][PASSED] - Delayed 2 second(s)

2018-12-13 16:13:48 - [TEST_STEP][PASSED] - click: Object: 'Object Repository/Final Object Repo/Page_Form 1A - Cessation As Employer/Page_Form 1A - Cessation As Employer (Approve)/Letter of successful update' is clicked on

2018-12-13 16:13:48 - [MESSAGE][PASSED] - Object: 'Object Repository/Final Object Repo/Page_Form 1A - Cessation As Employer/Page_Form 1A - Cessation As Employer (Approve)/Letter of successful update' is clicked on

2018-12-13 16:13:48 - [MESSAGE][PASSED] - Call Test Case 'Test Cases/Final Aug 2018 - PKS Automation/Registration Module/Workflow/Form 1A - Cessation As Employer/Template/Form 1 A - Cessation As Employer (Approve)' successfully]]></system-out>
         <system-err><![CDATA[]]></system-err>
      </testcase>
      <testcase name="Test Cases/Final Aug 2018 - PKS Automation/Registration Module/Workflow/Form 1A - Cessation As Employer/PKRBO to UO (Under enforcement)" classname="Test Cases/Final Aug 2018 - PKS Automation/Registration Module/Workflow/Form 1A - Cessation As Employer/PKRBO to UO (Under enforcement)" status="PASSED">
         <system-out><![CDATA[2018-12-13 16:13:48 - [TEST_CASE][PASSED] - Test Cases/Final Aug 2018 - PKS Automation/Registration Module/Workflow/Form 1A - Cessation As Employer/PKRBO to UO (Under enforcement): Test Cases/Final Aug 2018 - PKS Automation/Registration Module/Workflow/Form 1A - Cessation As Employer/PKRBO to UO (Under enforcement)

2018-12-13 16:13:49 - [TEST_STEP][PASSED] - callTestCase: Call Test Case 'Test Cases/Final Aug 2018 - PKS Automation/Registration Module/Workflow/Form 1A - Cessation As Employer/Template/Form 1 A - Cessation As Employer (PKRBO)' successfully

2018-12-13 16:13:49 - [TEST_CASE][PASSED] - Test Cases/Final Aug 2018 - PKS Automation/Registration Module/Workflow/Form 1A - Cessation As Employer/Template/Form 1 A - Cessation As Employer (PKRBO): Test Cases/Final Aug 2018 - PKS Automation/Registration Module/Workflow/Form 1A - Cessation As Employer/Template/Form 1 A - Cessation As Employer (PKRBO)

2018-12-13 16:13:49 - [TEST_STEP][PASSED] - openBrowser: Browser is opened with url: ''

2018-12-13 16:13:49 - [MESSAGE][WARNING] - A browser is already opened. Closing browser and opening a new one

2018-12-13 16:13:52 - [MESSAGE][PASSED] - Browser is opened with url: ''

2018-12-13 16:13:52 - [TEST_STEP][PASSED] - navigateToUrl: Navigate to 'https://assist2-uat.perkeso.gov.my/login' successfully

2018-12-13 16:13:53 - [MESSAGE][PASSED] - Navigate to 'https://assist2-uat.perkeso.gov.my/login' successfully

2018-12-13 16:13:53 - [TEST_STEP][PASSED] - setText: Text 'johorpkrbo1@gmail.com' is set on object 'Object Repository/Final Object Repo/Login Page/Internal User/Email Address'

2018-12-13 16:13:54 - [MESSAGE][PASSED] - Text 'johorpkrbo1@gmail.com' is set on object 'Object Repository/Final Object Repo/Login Page/Internal User/Email Address'

2018-12-13 16:13:54 - [TEST_STEP][PASSED] - click: Object: 'Object Repository/Final Object Repo/Login Page/Internal User/Next Button' is clicked on

2018-12-13 16:13:54 - [MESSAGE][PASSED] - Object: 'Object Repository/Final Object Repo/Login Page/Internal User/Next Button' is clicked on

2018-12-13 16:13:54 - [TEST_STEP][PASSED] - delay: Delayed 1 second(s)

2018-12-13 16:13:55 - [MESSAGE][PASSED] - Delayed 1 second(s)

2018-12-13 16:13:55 - [TEST_STEP][PASSED] - setEncryptedText: Text ****** has been set on object 'Object Repository/Final Object Repo/Login Page/Internal User/Password'

2018-12-13 16:13:55 - [MESSAGE][PASSED] - Text ****** has been set on object 'Object Repository/Final Object Repo/Login Page/Internal User/Password'

2018-12-13 16:13:55 - [TEST_STEP][PASSED] - click: Object: 'Object Repository/Final Object Repo/Login Page/Internal User/Login Button' is clicked on

2018-12-13 16:13:55 - [MESSAGE][PASSED] - Object: 'Object Repository/Final Object Repo/Login Page/Internal User/Login Button' is clicked on

2018-12-13 16:13:55 - [TEST_STEP][PASSED] - delay: Delayed 1 second(s)

2018-12-13 16:13:56 - [MESSAGE][PASSED] - Delayed 1 second(s)

2018-12-13 16:13:56 - [TEST_STEP][PASSED] - Statement - Try: Delayed 2 second(s)

2018-12-13 16:13:56 - [TEST_STEP][PASSED] - Statement - Checker = false: null

2018-12-13 16:13:56 - [TEST_STEP][PASSED] - Statement - Checker = com.kms.katalon.core.webui.keyword.WebUiBuiltInKeywords.verifyElementHasAttribute(com.kms.katalon.core.testobject.ObjectRepository.findTestObject(Final Object Repo/Landing Page/BM Detecting), "href", 20, OPTIONAL): Object 'Object Repository/Final Object Repo/Landing Page/BM Detecting' has attribute 'href'

2018-12-13 16:13:57 - [MESSAGE][PASSED] - Object 'Object Repository/Final Object Repo/Landing Page/BM Detecting' has attribute 'href'

2018-12-13 16:13:57 - [TEST_STEP][PASSED] - Statement - out.println(Checker): null

2018-12-13 16:13:57 - [TEST_STEP][PASSED] - Statement - If (Checker == false): null

2018-12-13 16:13:57 - [TEST_STEP][PASSED] - Statement - Else: null

2018-12-13 16:13:57 - [TEST_STEP][PASSED] - delay: Delayed 2 second(s)

2018-12-13 16:13:59 - [MESSAGE][PASSED] - Delayed 2 second(s)

2018-12-13 16:13:59 - [TEST_STEP][PASSED] - navigateToUrl: Navigate to 'https://assist2-uat.perkeso.gov.my/web/registration/update/form-1a-cessation-as-employer-discontinue-business-' successfully

2018-12-13 16:14:00 - [MESSAGE][PASSED] - Navigate to 'https://assist2-uat.perkeso.gov.my/web/registration/update/form-1a-cessation-as-employer-discontinue-business-' successfully

2018-12-13 16:14:00 - [TEST_STEP][PASSED] - setText: Text 'E1102069770Z' is set on object 'Object Repository/Final Object Repo/Page_Update Employer Information/Employer Code'

2018-12-13 16:14:01 - [MESSAGE][PASSED] - Text 'E1102069770Z' is set on object 'Object Repository/Final Object Repo/Page_Update Employer Information/Employer Code'

2018-12-13 16:14:01 - [TEST_STEP][PASSED] - click: Object: 'Object Repository/Final Object Repo/Page_Update Employer Information/Search Button' is clicked on

2018-12-13 16:14:01 - [MESSAGE][PASSED] - Object: 'Object Repository/Final Object Repo/Page_Update Employer Information/Search Button' is clicked on

2018-12-13 16:14:01 - [TEST_STEP][PASSED] - click: Object: 'Object Repository/Final Object Repo/Page_Update Employer Information/Edit Button' is clicked on

2018-12-13 16:14:04 - [MESSAGE][PASSED] - Object: 'Object Repository/Final Object Repo/Page_Update Employer Information/Edit Button' is clicked on

2018-12-13 16:14:04 - [TEST_STEP][PASSED] - Statement - abc = com.kms.katalon.core.webui.keyword.WebUiBuiltInKeywords.getAttribute(com.kms.katalon.core.testobject.ObjectRepository.findTestObject(Final Object Repo/Page_Form 1A - Cessation As Employer/Employer Status), "value"): Attribute 'value' of object 'Object Repository/Final Object Repo/Page_Form 1A - Cessation As Employer/Employer Status' is: 'Dormant'

2018-12-13 16:14:04 - [MESSAGE][PASSED] - Attribute 'value' of object 'Object Repository/Final Object Repo/Page_Form 1A - Cessation As Employer/Employer Status' is: 'Dormant'

2018-12-13 16:14:04 - [TEST_STEP][PASSED] - Statement - out.println(abc): null

2018-12-13 16:14:04 - [TEST_STEP][PASSED] - Statement - If (abc == "Active"): null

2018-12-13 16:14:04 - [TEST_STEP][PASSED] - Statement - Else If (abc == "Cancel"): null

2018-12-13 16:14:04 - [TEST_STEP][PASSED] - Statement - Else If (abc == "Dormant"): Object: 'Object Repository/Final Object Repo/Page_Form 1A - Cessation As Employer/Change Employer Status to - Dormant' is clicked on

2018-12-13 16:14:04 - [TEST_STEP][PASSED] - click: Object: 'Object Repository/Final Object Repo/Page_Form 1A - Cessation As Employer/Change Employer Status to' is clicked on

2018-12-13 16:14:04 - [MESSAGE][PASSED] - Object: 'Object Repository/Final Object Repo/Page_Form 1A - Cessation As Employer/Change Employer Status to' is clicked on

2018-12-13 16:14:04 - [TEST_STEP][PASSED] - click: Object: 'Object Repository/Final Object Repo/Page_Form 1A - Cessation As Employer/Change Employer Status to - Dormant' is clicked on

2018-12-13 16:14:04 - [MESSAGE][PASSED] - Object: 'Object Repository/Final Object Repo/Page_Form 1A - Cessation As Employer/Change Employer Status to - Dormant' is clicked on

2018-12-13 16:14:04 - [TEST_STEP][PASSED] - click: Object: 'Object Repository/Final Object Repo/Page_Form 1A - Cessation As Employer/Calender' is clicked on

2018-12-13 16:14:05 - [MESSAGE][PASSED] - Object: 'Object Repository/Final Object Repo/Page_Form 1A - Cessation As Employer/Calender' is clicked on

2018-12-13 16:14:05 - [TEST_STEP][PASSED] - click: Object: 'Object Repository/Final Object Repo/Page_Form 1A - Cessation As Employer/Calender - Date' is clicked on

2018-12-13 16:14:05 - [MESSAGE][PASSED] - Object: 'Object Repository/Final Object Repo/Page_Form 1A - Cessation As Employer/Calender - Date' is clicked on

2018-12-13 16:14:05 - [TEST_STEP][PASSED] - delay: Delayed 2 second(s)

2018-12-13 16:14:07 - [MESSAGE][PASSED] - Delayed 2 second(s)

2018-12-13 16:14:07 - [TEST_STEP][PASSED] - click: Object: 'Object Repository/Final Object Repo/Page_Form 1A - Cessation As Employer/Save  Continue in Form 1A Page' is clicked on

2018-12-13 16:14:07 - [MESSAGE][PASSED] - Object: 'Object Repository/Final Object Repo/Page_Form 1A - Cessation As Employer/Save  Continue in Form 1A Page' is clicked on

2018-12-13 16:14:07 - [TEST_STEP][PASSED] - delay: Delayed 2 second(s)

2018-12-13 16:14:09 - [MESSAGE][PASSED] - Delayed 2 second(s)

2018-12-13 16:14:09 - [TEST_STEP][PASSED] - click: Object: 'Object Repository/Final Object Repo/Page_Form 1A - Cessation As Employer/Employment Resign Date' is clicked on

2018-12-13 16:14:10 - [MESSAGE][PASSED] - Object: 'Object Repository/Final Object Repo/Page_Form 1A - Cessation As Employer/Employment Resign Date' is clicked on

2018-12-13 16:14:10 - [TEST_STEP][PASSED] - delay: Delayed 1 second(s)

2018-12-13 16:14:11 - [MESSAGE][PASSED] - Delayed 1 second(s)

2018-12-13 16:14:11 - [TEST_STEP][PASSED] - Statement - CaseReferenceNo = com.kms.katalon.core.webui.keyword.WebUiBuiltInKeywords.getText(com.kms.katalon.core.testobject.ObjectRepository.findTestObject(Final Object Repo/Page_Update Employer Information/Reference Number in Update Employee Information Page)): Text of object 'Object Repository/Final Object Repo/Page_Update Employer Information/Reference Number in Update Employee Information Page' is: 'CUN122018C200001748'

2018-12-13 16:14:11 - [MESSAGE][PASSED] - Text of object 'Object Repository/Final Object Repo/Page_Update Employer Information/Reference Number in Update Employee Information Page' is: 'CUN122018C200001748'

2018-12-13 16:14:11 - [TEST_STEP][PASSED] - Statement - out.println(CaseReferenceNo): null

2018-12-13 16:14:11 - [TEST_STEP][PASSED] - callTestCase: Call Test Case 'Test Cases/Final Aug 2018 - PKS Automation/Common/Reference Number Setter' successfully

2018-12-13 16:14:11 - [TEST_CASE][PASSED] - Test Cases/Final Aug 2018 - PKS Automation/Common/Reference Number Setter: Test Cases/Final Aug 2018 - PKS Automation/Common/Reference Number Setter

2018-12-13 16:14:11 - [TEST_STEP][PASSED] - Statement - RefNoOldFile = new java.io.File(C://Users//Admin//Desktop//PKS//Automation Reference Point//KatalonReference.txt): null

2018-12-13 16:14:11 - [TEST_STEP][PASSED] - Statement - RefNoOldFile.delete(): null

2018-12-13 16:14:11 - [TEST_STEP][PASSED] - delay: Delayed 5 second(s)

2018-12-13 16:14:16 - [MESSAGE][PASSED] - Delayed 5 second(s)

2018-12-13 16:14:16 - [TEST_STEP][PASSED] - Statement - RefNo = new java.io.File(C://Users//Admin//Desktop//PKS//Automation Reference Point//KatalonReference.txt): null

2018-12-13 16:14:16 - [TEST_STEP][PASSED] - Statement - f2 = new java.io.FileWriter(RefNo, false): null

2018-12-13 16:14:16 - [TEST_STEP][PASSED] - Statement - f2.write(CaseReferenceNo): null

2018-12-13 16:14:16 - [TEST_STEP][PASSED] - Statement - f2.close(): null

2018-12-13 16:14:16 - [TEST_STEP][PASSED] - Statement - out.println("


" + CaseReferenceNo + "


"): null

2018-12-13 16:14:16 - [MESSAGE][PASSED] - Call Test Case 'Test Cases/Final Aug 2018 - PKS Automation/Common/Reference Number Setter' successfully

2018-12-13 16:14:16 - [TEST_STEP][PASSED] - selectOptionByValue: All options with value '2030' are selected in object 'Object Repository/Final Object Repo/Page_Form 1A - Cessation As Employer/Employment Resign Date - Year' 

2018-12-13 16:14:16 - [MESSAGE][PASSED] - All options with value '2030' are selected in object 'Object Repository/Final Object Repo/Page_Form 1A - Cessation As Employer/Employment Resign Date - Year' 

2018-12-13 16:14:16 - [TEST_STEP][PASSED] - delay: Delayed 1 second(s)

2018-12-13 16:14:17 - [MESSAGE][PASSED] - Delayed 1 second(s)

2018-12-13 16:14:17 - [TEST_STEP][PASSED] - click: Object: 'Object Repository/Final Object Repo/Page_Form 1A - Cessation As Employer/Employment Resign Date - Year - Date' is clicked on

2018-12-13 16:14:17 - [MESSAGE][PASSED] - Object: 'Object Repository/Final Object Repo/Page_Form 1A - Cessation As Employer/Employment Resign Date - Year - Date' is clicked on

2018-12-13 16:14:17 - [TEST_STEP][PASSED] - delay: Delayed 2 second(s)

2018-12-13 16:14:19 - [MESSAGE][PASSED] - Delayed 2 second(s)

2018-12-13 16:14:19 - [TEST_STEP][PASSED] - click: Object: 'Object Repository/Final Object Repo/Page_Form 1A - Cessation As Employer/Save  Continue in Update Add Employee Resigned Date Page' is clicked on

2018-12-13 16:14:19 - [MESSAGE][PASSED] - Object: 'Object Repository/Final Object Repo/Page_Form 1A - Cessation As Employer/Save  Continue in Update Add Employee Resigned Date Page' is clicked on

2018-12-13 16:14:19 - [TEST_STEP][PASSED] - delay: Delayed 2 second(s)

2018-12-13 16:14:21 - [MESSAGE][PASSED] - Delayed 2 second(s)

2018-12-13 16:14:21 - [TEST_STEP][PASSED] - click: Object: 'Object Repository/Final Object Repo/Page_Form 1A - Cessation As Employer/Set Latest - Yes' is clicked on

2018-12-13 16:14:21 - [MESSAGE][PASSED] - Object: 'Object Repository/Final Object Repo/Page_Form 1A - Cessation As Employer/Set Latest - Yes' is clicked on

2018-12-13 16:14:21 - [TEST_STEP][PASSED] - delay: Delayed 2 second(s)

2018-12-13 16:14:23 - [MESSAGE][PASSED] - Delayed 2 second(s)

2018-12-13 16:14:23 - [TEST_STEP][PASSED] - click: Object: 'Object Repository/Final Object Repo/Page_Form 1A - Cessation As Employer/Add Document' is clicked on

2018-12-13 16:14:25 - [MESSAGE][PASSED] - Object: 'Object Repository/Final Object Repo/Page_Form 1A - Cessation As Employer/Add Document' is clicked on

2018-12-13 16:14:25 - [TEST_STEP][PASSED] - delay: Delayed 2 second(s)

2018-12-13 16:14:27 - [MESSAGE][PASSED] - Delayed 2 second(s)

2018-12-13 16:14:27 - [TEST_STEP][PASSED] - click: Object: 'Object Repository/Final Object Repo/Page_Form 1A - Cessation As Employer/Document Type' is clicked on

2018-12-13 16:14:30 - [MESSAGE][PASSED] - Object: 'Object Repository/Final Object Repo/Page_Form 1A - Cessation As Employer/Document Type' is clicked on

2018-12-13 16:14:30 - [TEST_STEP][PASSED] - delay: Delayed 2 second(s)

2018-12-13 16:14:32 - [MESSAGE][PASSED] - Delayed 2 second(s)

2018-12-13 16:14:32 - [TEST_STEP][PASSED] - click: Object: 'Object Repository/Final Object Repo/Page_Form 1A - Cessation As Employer/Document Type - Supporting Document For Cessation' is clicked on

2018-12-13 16:14:32 - [MESSAGE][PASSED] - Object: 'Object Repository/Final Object Repo/Page_Form 1A - Cessation As Employer/Document Type - Supporting Document For Cessation' is clicked on

2018-12-13 16:14:32 - [TEST_STEP][PASSED] - delay: Delayed 2 second(s)

2018-12-13 16:14:34 - [MESSAGE][PASSED] - Delayed 2 second(s)

2018-12-13 16:14:34 - [TEST_STEP][PASSED] - sendKeys: Keys 'C:\Users\Public\Pictures\Sample Pictures\Koala.jpg' sent to object: 'Object Repository/Final Object Repo/Page_Form 1A - Cessation As Employer/Uploading File'

2018-12-13 16:14:34 - [MESSAGE][PASSED] - Keys 'C:\Users\Public\Pictures\Sample Pictures\Koala.jpg' sent to object: 'Object Repository/Final Object Repo/Page_Form 1A - Cessation As Employer/Uploading File'

2018-12-13 16:14:34 - [TEST_STEP][PASSED] - delay: Delayed 2 second(s)

2018-12-13 16:14:36 - [MESSAGE][PASSED] - Delayed 2 second(s)

2018-12-13 16:14:36 - [TEST_STEP][PASSED] - click: Object: 'Object Repository/Final Object Repo/Page_Form 1A - Cessation As Employer/Add Document in Uploading Page' is clicked on

2018-12-13 16:14:36 - [MESSAGE][PASSED] - Object: 'Object Repository/Final Object Repo/Page_Form 1A - Cessation As Employer/Add Document in Uploading Page' is clicked on

2018-12-13 16:14:36 - [TEST_STEP][PASSED] - delay: Delayed 15 second(s)

2018-12-13 16:14:51 - [MESSAGE][PASSED] - Delayed 15 second(s)

2018-12-13 16:14:51 - [TEST_STEP][PASSED] - click: Object: 'Object Repository/Final Object Repo/Page_Form 1A - Cessation As Employer/Save  Continue in Uploading Page' is clicked on

2018-12-13 16:14:51 - [MESSAGE][PASSED] - Object: 'Object Repository/Final Object Repo/Page_Form 1A - Cessation As Employer/Save  Continue in Uploading Page' is clicked on

2018-12-13 16:14:51 - [TEST_STEP][PASSED] - delay: Delayed 2 second(s)

2018-12-13 16:14:53 - [MESSAGE][PASSED] - Delayed 2 second(s)

2018-12-13 16:14:53 - [TEST_STEP][PASSED] - click: Object: 'Object Repository/Final Object Repo/Page_Form 1A - Cessation As Employer/Submit2' is clicked on

2018-12-13 16:14:56 - [MESSAGE][PASSED] - Object: 'Object Repository/Final Object Repo/Page_Form 1A - Cessation As Employer/Submit2' is clicked on

2018-12-13 16:14:56 - [TEST_STEP][PASSED] - delay: Delayed 2 second(s)

2018-12-13 16:14:58 - [MESSAGE][PASSED] - Delayed 2 second(s)

2018-12-13 16:14:58 - [TEST_STEP][PASSED] - click: Object: 'Object Repository/Final Object Repo/Page_Form 1A - Cessation As Employer/Confirm' is clicked on

2018-12-13 16:14:58 - [MESSAGE][PASSED] - Object: 'Object Repository/Final Object Repo/Page_Form 1A - Cessation As Employer/Confirm' is clicked on

2018-12-13 16:14:58 - [TEST_STEP][PASSED] - delay: Delayed 2 second(s)

2018-12-13 16:15:00 - [MESSAGE][PASSED] - Delayed 2 second(s)

2018-12-13 16:15:00 - [TEST_STEP][PASSED] - verifyElementVisible: Object 'Object Repository/Final Object Repo/Page_Form 1A - Cessation As Employer/Message Your Request will be routed to UO' is visible

2018-12-13 16:15:04 - [MESSAGE][PASSED] - Object 'Object Repository/Final Object Repo/Page_Form 1A - Cessation As Employer/Message Your Request will be routed to UO' is visible

2018-12-13 16:15:04 - [TEST_STEP][PASSED] - delay: Delayed 1 second(s)

2018-12-13 16:15:05 - [MESSAGE][PASSED] - Delayed 1 second(s)

2018-12-13 16:15:05 - [TEST_STEP][PASSED] - verifyElementVisible: Object 'Object Repository/Final Object Repo/Page_Form 1A - Cessation As Employer/Letter of acknowledgement' is visible

2018-12-13 16:15:05 - [MESSAGE][PASSED] - Object 'Object Repository/Final Object Repo/Page_Form 1A - Cessation As Employer/Letter of acknowledgement' is visible

2018-12-13 16:15:05 - [MESSAGE][PASSED] - Call Test Case 'Test Cases/Final Aug 2018 - PKS Automation/Registration Module/Workflow/Form 1A - Cessation As Employer/Template/Form 1 A - Cessation As Employer (PKRBO)' successfully

2018-12-13 16:15:05 - [TEST_STEP][PASSED] - callTestCase: Call Test Case 'Test Cases/Final Aug 2018 - PKS Automation/Registration Module/Workflow/Form 1A - Cessation As Employer/Template/Form 1 A - Cessation As Employer (Under enforcement)' successfully

2018-12-13 16:15:05 - [TEST_CASE][PASSED] - Test Cases/Final Aug 2018 - PKS Automation/Registration Module/Workflow/Form 1A - Cessation As Employer/Template/Form 1 A - Cessation As Employer (Under enforcement): Test Cases/Final Aug 2018 - PKS Automation/Registration Module/Workflow/Form 1A - Cessation As Employer/Template/Form 1 A - Cessation As Employer (Under enforcement)

2018-12-13 16:15:05 - [TEST_STEP][NOT_RUN] - callTestCase: NOT_RUN: callTestCase

2018-12-13 16:15:05 - [MESSAGE][NOT_RUN] - NOT_RUN: callTestCase

2018-12-13 16:15:05 - [TEST_STEP][PASSED] - delay: Delayed 1 second(s)

2018-12-13 16:15:06 - [MESSAGE][PASSED] - Delayed 1 second(s)

2018-12-13 16:15:06 - [TEST_STEP][PASSED] - navigateToUrl: Navigate to 'https://assist2-uat.perkeso.gov.my/c/portal/logout' successfully

2018-12-13 16:15:07 - [MESSAGE][PASSED] - Navigate to 'https://assist2-uat.perkeso.gov.my/c/portal/logout' successfully

2018-12-13 16:15:07 - [TEST_STEP][PASSED] - delay: Delayed 1 second(s)

2018-12-13 16:15:08 - [MESSAGE][PASSED] - Delayed 1 second(s)

2018-12-13 16:15:08 - [TEST_STEP][PASSED] - callTestCase: Call Test Case 'Test Cases/Final Aug 2018 - PKS Automation/Common/Reference Number Getter' successfully

2018-12-13 16:15:08 - [TEST_CASE][PASSED] - Test Cases/Final Aug 2018 - PKS Automation/Common/Reference Number Getter: Test Cases/Final Aug 2018 - PKS Automation/Common/Reference Number Getter

2018-12-13 16:15:08 - [TEST_STEP][PASSED] - Statement - Try: null

2018-12-13 16:15:08 - [TEST_STEP][PASSED] - Statement - RefNo = new java.io.File(C://Users//Admin//Desktop//PKS//Automation Reference Point//KatalonReference.txt): null

2018-12-13 16:15:08 - [TEST_STEP][PASSED] - Statement - bufferread = new java.io.BufferedReader(new java.io.FileReader(RefNo)): null

2018-12-13 16:15:08 - [TEST_STEP][PASSED] - Statement - readedVal = bufferread.readLine(): null

2018-12-13 16:15:08 - [TEST_STEP][PASSED] - Statement - out.println(CaseReferenceNo): null

2018-12-13 16:15:08 - [TEST_STEP][PASSED] - Statement - out.println(readedVal): null

2018-12-13 16:15:08 - [TEST_STEP][PASSED] - Statement - CaseReferenceNo = "": null

2018-12-13 16:15:08 - [TEST_STEP][PASSED] - Statement - CaseReferenceNo = readedVal: null

2018-12-13 16:15:08 - [MESSAGE][PASSED] - Call Test Case 'Test Cases/Final Aug 2018 - PKS Automation/Common/Reference Number Getter' successfully

2018-12-13 16:15:08 - [TEST_STEP][PASSED] - callTestCase: Call Test Case 'Test Cases/Final Aug 2018 - PKS Automation/Common/Workflow Owner Finder' successfully

2018-12-13 16:15:08 - [TEST_CASE][PASSED] - Test Cases/Final Aug 2018 - PKS Automation/Common/Workflow Owner Finder: Test Cases/Final Aug 2018 - PKS Automation/Common/Workflow Owner Finder

2018-12-13 16:15:08 - [TEST_STEP][PASSED] - openBrowser: Browser is opened with url: ''

2018-12-13 16:15:08 - [MESSAGE][WARNING] - A browser is already opened. Closing browser and opening a new one

2018-12-13 16:15:11 - [MESSAGE][PASSED] - Browser is opened with url: ''

2018-12-13 16:15:11 - [TEST_STEP][PASSED] - navigateToUrl: Navigate to 'https://assist2-uat.perkeso.gov.my/login' successfully

2018-12-13 16:15:12 - [MESSAGE][PASSED] - Navigate to 'https://assist2-uat.perkeso.gov.my/login' successfully

2018-12-13 16:15:12 - [TEST_STEP][PASSED] - delay: Delayed 5 second(s)

2018-12-13 16:15:17 - [MESSAGE][PASSED] - Delayed 5 second(s)

2018-12-13 16:15:17 - [TEST_STEP][PASSED] - setText: Text 'test@liferay.com' is set on object 'Object Repository/Final Object Repo/Login Page/Internal User/Email Address'

2018-12-13 16:15:17 - [MESSAGE][PASSED] - Text 'test@liferay.com' is set on object 'Object Repository/Final Object Repo/Login Page/Internal User/Email Address'

2018-12-13 16:15:17 - [TEST_STEP][PASSED] - click: Object: 'Object Repository/Final Object Repo/Login Page/Internal User/Next Button' is clicked on

2018-12-13 16:15:18 - [MESSAGE][PASSED] - Object: 'Object Repository/Final Object Repo/Login Page/Internal User/Next Button' is clicked on

2018-12-13 16:15:18 - [TEST_STEP][PASSED] - delay: Delayed 2 second(s)

2018-12-13 16:15:20 - [MESSAGE][PASSED] - Delayed 2 second(s)

2018-12-13 16:15:20 - [TEST_STEP][PASSED] - setText: Text 'test' is set on object 'Object Repository/Final Object Repo/Login Page/Internal User/Password'

2018-12-13 16:15:20 - [MESSAGE][PASSED] - Text 'test' is set on object 'Object Repository/Final Object Repo/Login Page/Internal User/Password'

2018-12-13 16:15:20 - [TEST_STEP][PASSED] - delay: Delayed 2 second(s)

2018-12-13 16:15:22 - [MESSAGE][PASSED] - Delayed 2 second(s)

2018-12-13 16:15:22 - [TEST_STEP][PASSED] - click: Object: 'Object Repository/Final Object Repo/Login Page/Internal User/Login Button' is clicked on

2018-12-13 16:15:22 - [MESSAGE][PASSED] - Object: 'Object Repository/Final Object Repo/Login Page/Internal User/Login Button' is clicked on

2018-12-13 16:15:22 - [TEST_STEP][PASSED] - Statement - tester = com.kms.katalon.core.testobject.ObjectRepository.findTestObject(Final Object Repo/Landing Page/Select to English): Finding Test Object with id 'Object Repository/Final Object Repo/Landing Page/Select to English'

2018-12-13 16:15:22 - [TEST_STEP][PASSED] - Statement - Try: Delayed 2 second(s)

2018-12-13 16:15:22 - [TEST_STEP][PASSED] - Statement - Checker = com.kms.katalon.core.webui.keyword.WebUiBuiltInKeywords.verifyElementNotPresent(tester, 3): Web element with id: 'Object Repository/Final Object Repo/Landing Page/Select to English' located by 'By.xpath: //a[@class = 'taglib-language-list-text' and @lang = 'en-US' and (contains(text(), 'EN') or contains(., 'EN'))]' is not present after '3' second(s)

2018-12-13 16:15:24 - [MESSAGE][PASSED] - Web element with id: 'Object Repository/Final Object Repo/Landing Page/Select to English' located by 'By.xpath: //a[@class = 'taglib-language-list-text' and @lang = 'en-US' and (contains(text(), 'EN') or contains(., 'EN'))]' is not present after '3' second(s)

2018-12-13 16:15:24 - [TEST_STEP][PASSED] - Statement - If (Checker == false): null

2018-12-13 16:15:24 - [TEST_STEP][PASSED] - delay: Delayed 2 second(s)

2018-12-13 16:15:26 - [MESSAGE][PASSED] - Delayed 2 second(s)

2018-12-13 16:15:26 - [TEST_STEP][PASSED] - delay: Delayed 5 second(s)

2018-12-13 16:15:31 - [MESSAGE][PASSED] - Delayed 5 second(s)

2018-12-13 16:15:31 - [TEST_STEP][PASSED] - mouseOver: Object: 'Object Repository/Final Object Repo/Landing Page/WorkFlow Menu' is hovered

2018-12-13 16:15:31 - [MESSAGE][PASSED] - Object: 'Object Repository/Final Object Repo/Landing Page/WorkFlow Menu' is hovered

2018-12-13 16:15:31 - [TEST_STEP][PASSED] - delay: Delayed 2 second(s)

2018-12-13 16:15:33 - [MESSAGE][PASSED] - Delayed 2 second(s)

2018-12-13 16:15:33 - [TEST_STEP][PASSED] - click: Object: 'Object Repository/Final Object Repo/Landing Page/Select to Workflow Listing' is clicked on

2018-12-13 16:15:34 - [MESSAGE][PASSED] - Object: 'Object Repository/Final Object Repo/Landing Page/Select to Workflow Listing' is clicked on

2018-12-13 16:15:34 - [TEST_STEP][PASSED] - delay: Delayed 2 second(s)

2018-12-13 16:15:36 - [MESSAGE][PASSED] - Delayed 2 second(s)

2018-12-13 16:15:36 - [TEST_STEP][PASSED] - click: Object: 'Object Repository/Final Object Repo/WorkFlow Listing Page/Search Information - To Put Ref No' is clicked on

2018-12-13 16:15:36 - [MESSAGE][PASSED] - Object: 'Object Repository/Final Object Repo/WorkFlow Listing Page/Search Information - To Put Ref No' is clicked on

2018-12-13 16:15:36 - [TEST_STEP][PASSED] - delay: Delayed 2 second(s)

2018-12-13 16:15:38 - [MESSAGE][PASSED] - Delayed 2 second(s)

2018-12-13 16:15:38 - [TEST_STEP][PASSED] - callTestCase: Call Test Case 'Test Cases/Final Aug 2018 - PKS Automation/Common/Reference Number Getter' successfully

2018-12-13 16:15:38 - [TEST_CASE][PASSED] - Test Cases/Final Aug 2018 - PKS Automation/Common/Reference Number Getter: Test Cases/Final Aug 2018 - PKS Automation/Common/Reference Number Getter

2018-12-13 16:15:38 - [TEST_STEP][PASSED] - Statement - Try: null

2018-12-13 16:15:38 - [TEST_STEP][PASSED] - Statement - RefNo = new java.io.File(C://Users//Admin//Desktop//PKS//Automation Reference Point//KatalonReference.txt): null

2018-12-13 16:15:38 - [TEST_STEP][PASSED] - Statement - bufferread = new java.io.BufferedReader(new java.io.FileReader(RefNo)): null

2018-12-13 16:15:38 - [TEST_STEP][PASSED] - Statement - readedVal = bufferread.readLine(): null

2018-12-13 16:15:38 - [TEST_STEP][PASSED] - Statement - out.println(CaseReferenceNo): null

2018-12-13 16:15:38 - [TEST_STEP][PASSED] - Statement - out.println(readedVal): null

2018-12-13 16:15:38 - [TEST_STEP][PASSED] - Statement - CaseReferenceNo = "": null

2018-12-13 16:15:38 - [TEST_STEP][PASSED] - Statement - CaseReferenceNo = readedVal: null

2018-12-13 16:15:38 - [MESSAGE][PASSED] - Call Test Case 'Test Cases/Final Aug 2018 - PKS Automation/Common/Reference Number Getter' successfully

2018-12-13 16:15:38 - [TEST_STEP][PASSED] - setText: Text 'CUN122018C200001748' is set on object 'Object Repository/Final Object Repo/WorkFlow Listing Page/Ref No Set Text'

2018-12-13 16:15:39 - [MESSAGE][PASSED] - Text 'CUN122018C200001748' is set on object 'Object Repository/Final Object Repo/WorkFlow Listing Page/Ref No Set Text'

2018-12-13 16:15:39 - [TEST_STEP][PASSED] - delay: Delayed 2 second(s)

2018-12-13 16:15:41 - [MESSAGE][PASSED] - Delayed 2 second(s)

2018-12-13 16:15:41 - [TEST_STEP][PASSED] - click: Object: 'Object Repository/Final Object Repo/WorkFlow Listing Page/Search Ref No Search Button' is clicked on

2018-12-13 16:15:41 - [MESSAGE][PASSED] - Object: 'Object Repository/Final Object Repo/WorkFlow Listing Page/Search Ref No Search Button' is clicked on

2018-12-13 16:15:41 - [TEST_STEP][PASSED] - delay: Delayed 6 second(s)

2018-12-13 16:15:47 - [MESSAGE][PASSED] - Delayed 6 second(s)

2018-12-13 16:15:47 - [TEST_STEP][PASSED] - click: Object: 'Object Repository/Final Object Repo/WorkFlow Listing Page/Click Continue Tooltip' is clicked on

2018-12-13 16:15:49 - [MESSAGE][PASSED] - Object: 'Object Repository/Final Object Repo/WorkFlow Listing Page/Click Continue Tooltip' is clicked on

2018-12-13 16:15:49 - [TEST_STEP][PASSED] - delay: Delayed 5 second(s)

2018-12-13 16:15:54 - [MESSAGE][PASSED] - Delayed 5 second(s)

2018-12-13 16:15:54 - [TEST_STEP][PASSED] - doubleClick: Object: 'Object Repository/Final Object Repo/WorkFlow Listing Page/Workflow Found - Listing 1' is double clicked on

2018-12-13 16:15:54 - [MESSAGE][PASSED] - Object: 'Object Repository/Final Object Repo/WorkFlow Listing Page/Workflow Found - Listing 1' is double clicked on

2018-12-13 16:15:54 - [TEST_STEP][PASSED] - Statement - println(OwnerID): null

2018-12-13 16:15:54 - [TEST_STEP][PASSED] - Statement - OwnerID = com.kms.katalon.core.webui.keyword.WebUiBuiltInKeywords.getText(com.kms.katalon.core.testobject.ObjectRepository.findTestObject(Final Object Repo/WorkFlow Listing Page/Workflow Found - Listing 1), STOP_ON_FAILURE): Text of object 'Object Repository/Final Object Repo/WorkFlow Listing Page/Workflow Found - Listing 1' is: 'JOHORuo3'

2018-12-13 16:15:54 - [MESSAGE][PASSED] - Text of object 'Object Repository/Final Object Repo/WorkFlow Listing Page/Workflow Found - Listing 1' is: 'JOHORuo3'

2018-12-13 16:15:54 - [TEST_STEP][PASSED] - Statement - OwnerID = OwnerID.toLowerCase() + "@gmail.com": null

2018-12-13 16:15:54 - [TEST_STEP][PASSED] - Statement - println(OwnerID): null

2018-12-13 16:15:54 - [TEST_STEP][PASSED] - delay: Delayed 2 second(s)

2018-12-13 16:15:56 - [MESSAGE][PASSED] - Delayed 2 second(s)

2018-12-13 16:15:56 - [MESSAGE][PASSED] - Call Test Case 'Test Cases/Final Aug 2018 - PKS Automation/Common/Workflow Owner Finder' successfully

2018-12-13 16:15:56 - [TEST_STEP][PASSED] - delay: Delayed 1 second(s)

2018-12-13 16:15:57 - [MESSAGE][PASSED] - Delayed 1 second(s)

2018-12-13 16:15:57 - [TEST_STEP][PASSED] - navigateToUrl: Navigate to 'https://assist2-uat.perkeso.gov.my/c/portal/logout' successfully

2018-12-13 16:15:58 - [MESSAGE][PASSED] - Navigate to 'https://assist2-uat.perkeso.gov.my/c/portal/logout' successfully

2018-12-13 16:15:58 - [TEST_STEP][PASSED] - delay: Delayed 1 second(s)

2018-12-13 16:15:59 - [MESSAGE][PASSED] - Delayed 1 second(s)

2018-12-13 16:15:59 - [TEST_STEP][PASSED] - callTestCase: Call Test Case 'Test Cases/Final Aug 2018 - PKS Automation/Registration Module/Workflow/Login and Search Case For Workflow' successfully

2018-12-13 16:15:59 - [TEST_CASE][PASSED] - Test Cases/Final Aug 2018 - PKS Automation/Registration Module/Workflow/Login and Search Case For Workflow: Test Cases/Final Aug 2018 - PKS Automation/Registration Module/Workflow/Login and Search Case For Workflow

2018-12-13 16:15:59 - [TEST_STEP][PASSED] - navigateToUrl: Navigate to 'https://assist2-uat.perkeso.gov.my/login' successfully

2018-12-13 16:16:00 - [MESSAGE][PASSED] - Navigate to 'https://assist2-uat.perkeso.gov.my/login' successfully

2018-12-13 16:16:00 - [TEST_STEP][PASSED] - setText: Text 'johoruo3@gmail.com' is set on object 'Object Repository/Final Object Repo/Login Page/Internal User/Email Address'

2018-12-13 16:16:00 - [MESSAGE][PASSED] - Text 'johoruo3@gmail.com' is set on object 'Object Repository/Final Object Repo/Login Page/Internal User/Email Address'

2018-12-13 16:16:00 - [TEST_STEP][PASSED] - click: Object: 'Object Repository/Final Object Repo/Login Page/Internal User/Next Button' is clicked on

2018-12-13 16:16:00 - [MESSAGE][PASSED] - Object: 'Object Repository/Final Object Repo/Login Page/Internal User/Next Button' is clicked on

2018-12-13 16:16:00 - [TEST_STEP][PASSED] - delay: Delayed 1 second(s)

2018-12-13 16:16:01 - [MESSAGE][PASSED] - Delayed 1 second(s)

2018-12-13 16:16:01 - [TEST_STEP][PASSED] - setEncryptedText: Text ****** has been set on object 'Object Repository/Final Object Repo/Login Page/Internal User/Password'

2018-12-13 16:16:02 - [MESSAGE][PASSED] - Text ****** has been set on object 'Object Repository/Final Object Repo/Login Page/Internal User/Password'

2018-12-13 16:16:02 - [TEST_STEP][PASSED] - click: Object: 'Object Repository/Final Object Repo/Login Page/Internal User/Login Button' is clicked on

2018-12-13 16:16:02 - [MESSAGE][PASSED] - Object: 'Object Repository/Final Object Repo/Login Page/Internal User/Login Button' is clicked on

2018-12-13 16:16:02 - [TEST_STEP][PASSED] - delay: Delayed 2 second(s)

2018-12-13 16:16:04 - [MESSAGE][PASSED] - Delayed 2 second(s)

2018-12-13 16:16:04 - [TEST_STEP][PASSED] - Statement - Try: Delayed 2 second(s)

2018-12-13 16:16:04 - [TEST_STEP][PASSED] - Statement - Checker = false: null

2018-12-13 16:16:04 - [TEST_STEP][PASSED] - Statement - Checker = com.kms.katalon.core.webui.keyword.WebUiBuiltInKeywords.verifyElementHasAttribute(com.kms.katalon.core.testobject.ObjectRepository.findTestObject(Final Object Repo/Landing Page/BM Detecting), "href", 20, OPTIONAL): Object 'Object Repository/Final Object Repo/Landing Page/BM Detecting' has attribute 'href'

2018-12-13 16:16:04 - [MESSAGE][PASSED] - Object 'Object Repository/Final Object Repo/Landing Page/BM Detecting' has attribute 'href'

2018-12-13 16:16:04 - [TEST_STEP][PASSED] - Statement - out.println(Checker): null

2018-12-13 16:16:04 - [TEST_STEP][PASSED] - Statement - If (Checker == false): null

2018-12-13 16:16:04 - [TEST_STEP][PASSED] - Statement - Else: null

2018-12-13 16:16:04 - [TEST_STEP][PASSED] - delay: Delayed 2 second(s)

2018-12-13 16:16:06 - [MESSAGE][PASSED] - Delayed 2 second(s)

2018-12-13 16:16:06 - [TEST_STEP][PASSED] - click: Object: 'Object Repository/Final Object Repo/Page_MyASSIST - ASSIST - Search Pending Case For Add Supporting Document/Search Information' is clicked on

2018-12-13 16:16:06 - [MESSAGE][PASSED] - Object: 'Object Repository/Final Object Repo/Page_MyASSIST - ASSIST - Search Pending Case For Add Supporting Document/Search Information' is clicked on

2018-12-13 16:16:06 - [TEST_STEP][PASSED] - delay: Delayed 3 second(s)

2018-12-13 16:16:09 - [MESSAGE][PASSED] - Delayed 3 second(s)

2018-12-13 16:16:09 - [TEST_STEP][PASSED] - sendKeys: Keys 'CUN122018C200001748' sent to object: 'Object Repository/Final Object Repo/Page_MyASSIST - ASSIST - Search Pending Case For Add Supporting Document/Reference No'

2018-12-13 16:16:09 - [MESSAGE][PASSED] - Keys 'CUN122018C200001748' sent to object: 'Object Repository/Final Object Repo/Page_MyASSIST - ASSIST - Search Pending Case For Add Supporting Document/Reference No'

2018-12-13 16:16:09 - [TEST_STEP][PASSED] - click: Object: 'Object Repository/Final Object Repo/Page_MyASSIST - ASSIST - Search Pending Case For Add Supporting Document/Search Reference No' is clicked on

2018-12-13 16:16:09 - [MESSAGE][PASSED] - Object: 'Object Repository/Final Object Repo/Page_MyASSIST - ASSIST - Search Pending Case For Add Supporting Document/Search Reference No' is clicked on

2018-12-13 16:16:09 - [TEST_STEP][PASSED] - delay: Delayed 2 second(s)

2018-12-13 16:16:11 - [MESSAGE][PASSED] - Delayed 2 second(s)

2018-12-13 16:16:11 - [TEST_STEP][PASSED] - click: Object: 'Object Repository/Final Object Repo/Page_MyASSIST - ASSIST - Search Pending Case For Add Supporting Document/Continue' is clicked on

2018-12-13 16:16:16 - [MESSAGE][PASSED] - Object: 'Object Repository/Final Object Repo/Page_MyASSIST - ASSIST - Search Pending Case For Add Supporting Document/Continue' is clicked on

2018-12-13 16:16:16 - [TEST_STEP][PASSED] - delay: Delayed 20 second(s)

2018-12-13 16:16:36 - [MESSAGE][PASSED] - Delayed 20 second(s)

2018-12-13 16:16:36 - [MESSAGE][PASSED] - Call Test Case 'Test Cases/Final Aug 2018 - PKS Automation/Registration Module/Workflow/Login and Search Case For Workflow' successfully

2018-12-13 16:16:36 - [TEST_STEP][PASSED] - click: Object: 'Object Repository/Final Object Repo/Page_Form 1A - Cessation As Employer/Page_Form 1A - Cessation As Employer (Approve)/Save  Continue in Form 1A Page' is clicked on

2018-12-13 16:16:36 - [MESSAGE][PASSED] - Object: 'Object Repository/Final Object Repo/Page_Form 1A - Cessation As Employer/Page_Form 1A - Cessation As Employer (Approve)/Save  Continue in Form 1A Page' is clicked on

2018-12-13 16:16:36 - [TEST_STEP][PASSED] - delay: Delayed 2 second(s)

2018-12-13 16:16:38 - [MESSAGE][PASSED] - Delayed 2 second(s)

2018-12-13 16:16:38 - [TEST_STEP][PASSED] - click: Object: 'Object Repository/Final Object Repo/Page_Form 1A - Cessation As Employer/Employment Resign Date' is clicked on

2018-12-13 16:16:38 - [MESSAGE][PASSED] - Object: 'Object Repository/Final Object Repo/Page_Form 1A - Cessation As Employer/Employment Resign Date' is clicked on

2018-12-13 16:16:38 - [TEST_STEP][PASSED] - delay: Delayed 1 second(s)

2018-12-13 16:16:39 - [MESSAGE][PASSED] - Delayed 1 second(s)

2018-12-13 16:16:39 - [TEST_STEP][PASSED] - selectOptionByValue: All options with value '2030' are selected in object 'Object Repository/Final Object Repo/Page_Form 1A - Cessation As Employer/Employment Resign Date - Year' 

2018-12-13 16:16:39 - [MESSAGE][PASSED] - All options with value '2030' are selected in object 'Object Repository/Final Object Repo/Page_Form 1A - Cessation As Employer/Employment Resign Date - Year' 

2018-12-13 16:16:39 - [TEST_STEP][PASSED] - delay: Delayed 1 second(s)

2018-12-13 16:16:40 - [MESSAGE][PASSED] - Delayed 1 second(s)

2018-12-13 16:16:40 - [TEST_STEP][PASSED] - click: Object: 'Object Repository/Final Object Repo/Page_Form 1A - Cessation As Employer/Employment Resign Date - Year - Date' is clicked on

2018-12-13 16:16:41 - [MESSAGE][PASSED] - Object: 'Object Repository/Final Object Repo/Page_Form 1A - Cessation As Employer/Employment Resign Date - Year - Date' is clicked on

2018-12-13 16:16:41 - [TEST_STEP][PASSED] - delay: Delayed 2 second(s)

2018-12-13 16:16:43 - [MESSAGE][PASSED] - Delayed 2 second(s)

2018-12-13 16:16:43 - [TEST_STEP][PASSED] - click: Object: 'Object Repository/Final Object Repo/Page_Form 1A - Cessation As Employer/Page_Form 1A - Cessation As Employer (Approve)/Save  Continue in Update Add Employee Resigned Date Page' is clicked on

2018-12-13 16:16:43 - [MESSAGE][PASSED] - Object: 'Object Repository/Final Object Repo/Page_Form 1A - Cessation As Employer/Page_Form 1A - Cessation As Employer (Approve)/Save  Continue in Update Add Employee Resigned Date Page' is clicked on

2018-12-13 16:16:43 - [TEST_STEP][PASSED] - delay: Delayed 2 second(s)

2018-12-13 16:16:45 - [MESSAGE][PASSED] - Delayed 2 second(s)

2018-12-13 16:16:45 - [TEST_STEP][PASSED] - click: Object: 'Object Repository/Final Object Repo/Page_Form 1A - Cessation As Employer/Set Latest - Yes' is clicked on

2018-12-13 16:16:45 - [MESSAGE][PASSED] - Object: 'Object Repository/Final Object Repo/Page_Form 1A - Cessation As Employer/Set Latest - Yes' is clicked on

2018-12-13 16:16:45 - [TEST_STEP][PASSED] - delay: Delayed 2 second(s)

2018-12-13 16:16:47 - [MESSAGE][PASSED] - Delayed 2 second(s)

2018-12-13 16:16:47 - [TEST_STEP][PASSED] - click: Object: 'Object Repository/Final Object Repo/Page_Form 1A - Cessation As Employer/Page_Form 1A - Cessation As Employer (Approve)/Save  Contine in Uploading Document Page' is clicked on

2018-12-13 16:16:48 - [MESSAGE][PASSED] - Object: 'Object Repository/Final Object Repo/Page_Form 1A - Cessation As Employer/Page_Form 1A - Cessation As Employer (Approve)/Save  Contine in Uploading Document Page' is clicked on

2018-12-13 16:16:48 - [TEST_STEP][PASSED] - delay: Delayed 2 second(s)

2018-12-13 16:16:50 - [MESSAGE][PASSED] - Delayed 2 second(s)

2018-12-13 16:16:50 - [TEST_STEP][PASSED] - click: Object: 'Object Repository/Final Object Repo/Page_Form 1A - Cessation As Employer/Page_Form 1A - Cessation As Employer (Under enforcement)/Under enforcement' is clicked on

2018-12-13 16:16:53 - [MESSAGE][PASSED] - Object: 'Object Repository/Final Object Repo/Page_Form 1A - Cessation As Employer/Page_Form 1A - Cessation As Employer (Under enforcement)/Under enforcement' is clicked on

2018-12-13 16:16:53 - [TEST_STEP][PASSED] - delay: Delayed 2 second(s)

2018-12-13 16:16:55 - [MESSAGE][PASSED] - Delayed 2 second(s)

2018-12-13 16:16:55 - [TEST_STEP][PASSED] - setText: Text 'remark' is set on object 'Object Repository/Final Object Repo/Page_Form 1A - Cessation As Employer/Page_Form 1A - Cessation As Employer (Under enforcement)/Under enforcement - remark'

2018-12-13 16:16:55 - [MESSAGE][PASSED] - Text 'remark' is set on object 'Object Repository/Final Object Repo/Page_Form 1A - Cessation As Employer/Page_Form 1A - Cessation As Employer (Under enforcement)/Under enforcement - remark'

2018-12-13 16:16:55 - [TEST_STEP][PASSED] - delay: Delayed 2 second(s)

2018-12-13 16:16:57 - [MESSAGE][PASSED] - Delayed 2 second(s)

2018-12-13 16:16:57 - [TEST_STEP][PASSED] - click: Object: 'Object Repository/Final Object Repo/Page_Form 1A - Cessation As Employer/Page_Form 1A - Cessation As Employer (Under enforcement)/Save  Continue in Under enforcement Page' is clicked on

2018-12-13 16:16:57 - [MESSAGE][PASSED] - Object: 'Object Repository/Final Object Repo/Page_Form 1A - Cessation As Employer/Page_Form 1A - Cessation As Employer (Under enforcement)/Save  Continue in Under enforcement Page' is clicked on

2018-12-13 16:16:57 - [TEST_STEP][PASSED] - delay: Delayed 2 second(s)

2018-12-13 16:16:59 - [MESSAGE][PASSED] - Delayed 2 second(s)

2018-12-13 16:16:59 - [TEST_STEP][PASSED] - click: Object: 'Object Repository/Final Object Repo/Page_Form 1A - Cessation As Employer/Page_Form 1A - Cessation As Employer (Under enforcement)/Message The case is under enforcement' is clicked on

2018-12-13 16:17:01 - [MESSAGE][PASSED] - Object: 'Object Repository/Final Object Repo/Page_Form 1A - Cessation As Employer/Page_Form 1A - Cessation As Employer (Under enforcement)/Message The case is under enforcement' is clicked on

2018-12-13 16:17:01 - [MESSAGE][PASSED] - Call Test Case 'Test Cases/Final Aug 2018 - PKS Automation/Registration Module/Workflow/Form 1A - Cessation As Employer/Template/Form 1 A - Cessation As Employer (Under enforcement)' successfully]]></system-out>
         <system-err><![CDATA[]]></system-err>
      </testcase>
      <system-out><![CDATA[2018-12-13 15:05:20 - [TEST_SUITE][PASSED] - Form 1A - Cessation as Employer: Test Cases/Final Aug 2018 - PKS Automation/Registration Module/Workflow/Form 1A - Cessation As Employer/PKRBO to UO (Under enforcement)]]></system-out>
      <system-err><![CDATA[]]></system-err>
   </testsuite>
</testsuites>
